[0]:0 [1]:0 [2]:0 [3]:0
[0]:113650 [1]:0 [2]:0 [3]:321
[0]:337694 [1]:0 [2]:0 [3]:325
[0]:573986 [1]:0 [2]:0 [3]:323
[0]:806738 [1]:0 [2]:0 [3]:64
[0]:1032073 [1]:0 [2]:0 [3]:56
[0]:1228741 [1]:20352 [2]:121 [3]:354
[0]:1436315 [1]:43763 [2]:121 [3]:371
[0]:1624595 [1]:64956 [2]:121 [3]:364
[0]:1822422 [1]:87262 [2]:121 [3]:73
[0]:2012281 [1]:108672 [2]:121 [3]:77
[0]:2208552 [1]:130771 [2]:121 [3]:363
[0]:2444760 [1]:157389 [2]:121 [3]:345
[0]:2646786 [1]:180245 [2]:84 [3]:364
[0]:2847832 [1]:202817 [2]:84 [3]:65
[0]:3040206 [1]:224438 [2]:84 [3]:363
[0]:3246212 [1]:247643 [2]:84 [3]:49
[0]:3444905 [1]:269952 [2]:84 [3]:365
[0]:3643393 [1]:292297 [2]:84 [3]:366
[0]:3841800 [1]:314689 [2]:84 [3]:362
[0]:4045027 [1]:337711 [2]:84 [3]:360
[0]:4242193 [1]:359960 [2]:76 [3]:83
[0]:4436972 [1]:381831 [2]:76 [3]:366
[0]:4635378 [1]:404157 [2]:76 [3]:51
[0]:4826906 [1]:425693 [2]:76 [3]:362
[0]:5025120 [1]:448026 [2]:76 [3]:367
[0]:5257742 [1]:474226 [2]:76 [3]:364
[0]:5478636 [1]:499223 [2]:76 [3]:361
[0]:5676840 [1]:521692 [2]:75 [3]:365
[0]:5875451 [1]:543967 [2]:75 [3]:64
[0]:6099735 [1]:569290 [2]:75 [3]:366
[0]:6319142 [1]:593998 [2]:75 [3]:365
[0]:6519453 [1]:616582 [2]:75 [3]:368
[0]:6712769 [1]:638311 [2]:75 [3]:55
[0]:6912666 [1]:660830 [2]:75 [3]:362
[0]:7119022 [1]:683969 [2]:75 [3]:361
[0]:7321262 [1]:706665 [2]:74 [3]:76
[0]:7523184 [1]:729546 [2]:74 [3]:70
[0]:7718101 [1]:751513 [2]:74 [3]:60
[0]:7935518 [1]:775997 [2]:74 [3]:66
[0]:8132400 [1]:798129 [2]:74 [3]:65
[0]:8328682 [1]:820219 [2]:74 [3]:344
[0]:8519687 [1]:841777 [2]:74 [3]:64
[0]:8743989 [1]:867167 [2]:74 [3]:367
[0]:8956818 [1]:894957 [2]:74 [3]:83
[0]:9165221 [1]:930783 [2]:74 [3]:65
[0]:9357372 [1]:963694 [2]:74 [3]:359
[0]:9603110 [1]:1005783 [2]:74 [3]:355
[0]:9794636 [1]:1038760 [2]:74 [3]:362
[0]:10043284 [1]:1081385 [2]:74 [3]:57
[0]:10234921 [1]:1114289 [2]:74 [3]:57
[0]:10437531 [1]:1149037 [2]:74 [3]:360
[0]:10631852 [1]:1182490 [2]:97 [3]:63
[0]:10829832 [1]:1216461 [2]:97 [3]:364
[0]:11020751 [1]:1249236 [2]:97 [3]:358
[0]:11262340 [1]:1290667 [2]:97 [3]:67
[0]:11455614 [1]:1323693 [2]:97 [3]:367
[0]:11651850 [1]:1357405 [2]:97 [3]:369
[0]:11869064 [1]:1394584 [2]:97 [3]:59
[0]:12066886 [1]:1428741 [2]:97 [3]:361
[0]:12266005 [1]:1462811 [2]:97 [3]:54
[0]:12456188 [1]:1495462 [2]:97 [3]:356
[0]:12657131 [1]:1529970 [2]:105 [3]:366
[0]:12853874 [1]:1563711 [2]:105 [3]:75
[0]:13043697 [1]:1596261 [2]:105 [3]:56
[0]:13244342 [1]:1630543 [2]:105 [3]:361
[0]:13462370 [1]:1668024 [2]:105 [3]:59
[0]:13700504 [1]:1708824 [2]:105 [3]:359
[0]:13889160 [1]:1741202 [2]:105 [3]:61
[0]:14096349 [1]:1776791 [2]:105 [3]:61
[0]:14322894 [1]:1815728 [2]:105 [3]:365
[0]:14522573 [1]:1849940 [2]:105 [3]:60
[0]:14716740 [1]:1883314 [2]:106 [3]:367
[0]:14906182 [1]:1915771 [2]:106 [3]:363
[0]:15108879 [1]:1950476 [2]:106 [3]:364
[0]:15307311 [1]:1984437 [2]:106 [3]:363
[0]:15505572 [1]:2018372 [2]:106 [3]:363
[0]:15714907 [1]:2054229 [2]:106 [3]:62
[0]:15916771 [1]:2088870 [2]:106 [3]:60
[0]:16139872 [1]:2127088 [2]:106 [3]:51
[0]:16332920 [1]:2160231 [2]:106 [3]:357
[0]:16533166 [1]:2194555 [2]:107 [3]:73
[0]:16735465 [1]:2229254 [2]:107 [3]:361
[0]:16933051 [1]:2263108 [2]:107 [3]:64
[0]:17127215 [1]:2296472 [2]:107 [3]:63
[0]:17329144 [1]:2331192 [2]:107 [3]:364
[0]:17531078 [1]:2365844 [2]:107 [3]:65
[0]:17751842 [1]:2403811 [2]:107 [3]:62
[0]:17957858 [1]:2439083 [2]:107 [3]:364
[0]:18166664 [1]:2474893 [2]:107 [3]:67
[0]:18360952 [1]:2508156 [2]:107 [3]:361
[0]:18559209 [1]:2542159 [2]:107 [3]:355
[0]:18750277 [1]:2574991 [2]:107 [3]:64
[0]:18950228 [1]:2609186 [2]:107 [3]:358
[0]:19149357 [1]:2643371 [2]:107 [3]:363
[0]:19345273 [1]:2676990 [2]:107 [3]:62
[0]:19542103 [1]:2710867 [2]:107 [3]:356
[0]:19739955 [1]:2744785 [2]:107 [3]:83
[0]:19938529 [1]:2778845 [2]:107 [3]:80
[0]:20136323 [1]:2812820 [2]:107 [3]:362
[0]:20330359 [1]:2846050 [2]:107 [3]:54
[0]:20536197 [1]:2881415 [2]:107 [3]:358
[0]:20748997 [1]:2917893 [2]:107 [3]:56
[0]:20947282 [1]:2951927 [2]:107 [3]:62
[0]:21145474 [1]:2985873 [2]:107 [3]:362
[0]:21339796 [1]:3019269 [2]:107 [3]:74
[0]:21537796 [1]:3053247 [2]:107 [3]:68
[0]:21739841 [1]:3087786 [2]:107 [3]:61
[0]:21947410 [1]:3123395 [2]:107 [3]:362
[0]:22150804 [1]:3158411 [2]:107 [3]:360
[0]:22345100 [1]:3191831 [2]:107 [3]:361
[0]:22539420 [1]:3225250 [2]:107 [3]:58
[0]:22800916 [1]:3270115 [2]:107 [3]:66
[0]:23040110 [1]:3311267 [2]:107 [3]:363
[0]:23234470 [1]:3344615 [2]:107 [3]:52
[0]:23430869 [1]:3378340 [2]:107 [3]:359
[0]:23653153 [1]:3416442 [2]:107 [3]:358
[0]:23854889 [1]:3451085 [2]:107 [3]:61
[0]:24047355 [1]:3484108 [2]:107 [3]:362
[0]:24284755 [1]:3524779 [2]:107 [3]:365
[0]:24479118 [1]:3558028 [2]:107 [3]:61
[0]:24687223 [1]:3593772 [2]:107 [3]:59
[0]:24882610 [1]:3627239 [2]:107 [3]:358
[0]:25088285 [1]:3662534 [2]:107 [3]:360
[0]:25290239 [1]:3697107 [2]:107 [3]:362
[0]:25488118 [1]:3731025 [2]:107 [3]:361
[0]:25697561 [1]:3766993 [2]:107 [3]:362
[0]:25888224 [1]:3799764 [2]:107 [3]:364
[0]:26089848 [1]:3834476 [2]:107 [3]:63
[0]:26287889 [1]:3868413 [2]:107 [3]:368
[0]:26493577 [1]:3903699 [2]:107 [3]:364
[0]:26696563 [1]:3938545 [2]:107 [3]:360
[0]:26904598 [1]:3974294 [2]:107 [3]:63
[0]:27170678 [1]:4019943 [2]:107 [3]:62
[0]:27360643 [1]:4052469 [2]:107 [3]:357
[0]:27555117 [1]:4085855 [2]:107 [3]:60
[0]:27764212 [1]:4121689 [2]:107 [3]:366
[0]:27970011 [1]:4156987 [2]:107 [3]:365
[0]:28181637 [1]:4193192 [2]:107 [3]:368
[0]:28396016 [1]:4229964 [2]:107 [3]:355
[0]:28590291 [1]:4263209 [2]:107 [3]:56
[0]:28807122 [1]:4300426 [2]:107 [3]:349
[0]:29025971 [1]:4337908 [2]:107 [3]:365
[0]:29237047 [1]:4374169 [2]:107 [3]:367
[0]:29438320 [1]:4408645 [2]:107 [3]:365
[0]:29623681 [1]:4440483 [2]:107 [3]:367
[0]:29834929 [1]:4476701 [2]:107 [3]:364
[0]:30050602 [1]:4513556 [2]:107 [3]:62
[0]:30258941 [1]:4549344 [2]:107 [3]:62
[0]:30462984 [1]:4584322 [2]:107 [3]:364
[0]:30660673 [1]:4618326 [2]:107 [3]:70
[0]:30852138 [1]:4651314 [2]:107 [3]:356
[0]:31060750 [1]:4687106 [2]:107 [3]:57
[0]:31255148 [1]:4720387 [2]:107 [3]:67
[0]:31467743 [1]:4756822 [2]:107 [3]:369
[0]:31673838 [1]:4792134 [2]:107 [3]:69
[0]:31879471 [1]:4827409 [2]:107 [3]:365
[0]:32083728 [1]:4862493 [2]:107 [3]:67
[0]:32280963 [1]:4896327 [2]:107 [3]:64
[0]:32481018 [1]:4930557 [2]:107 [3]:368
[0]:32675369 [1]:4963929 [2]:107 [3]:372
[0]:32877451 [1]:4998606 [2]:107 [3]:78
[0]:33109335 [1]:5038386 [2]:107 [3]:359
[0]:33310217 [1]:5072885 [2]:107 [3]:365
[0]:33509273 [1]:5107006 [2]:107 [3]:361
[0]:33707000 [1]:5140974 [2]:107 [3]:355
[0]:33908447 [1]:5175423 [2]:107 [3]:56
[0]:34101968 [1]:5208552 [2]:107 [3]:366
[0]:34294533 [1]:5241530 [2]:107 [3]:71
[0]:34494357 [1]:5275942 [2]:107 [3]:63
[0]:34712463 [1]:5313298 [2]:107 [3]:367
[0]:34941161 [1]:5352548 [2]:107 [3]:59
[0]:35135517 [1]:5385953 [2]:107 [3]:363
[0]:35334092 [1]:5419988 [2]:107 [3]:80
[0]:35535016 [1]:5454497 [2]:107 [3]:67
[0]:35729007 [1]:5487691 [2]:107 [3]:61
[0]:35934809 [1]:5522987 [2]:107 [3]:360
[0]:36136156 [1]:5557533 [2]:107 [3]:366
[0]:36357167 [1]:5595504 [2]:107 [3]:360
[0]:36558931 [1]:5630093 [2]:107 [3]:359
[0]:36761260 [1]:5664873 [2]:107 [3]:61
[0]:36996143 [1]:5705192 [2]:107 [3]:358
[0]:37190490 [1]:5738512 [2]:107 [3]:360
[0]:37414674 [1]:5777046 [2]:107 [3]:370
[0]:37612892 [1]:5811047 [2]:107 [3]:359
[0]:37818244 [1]:5846294 [2]:107 [3]:74
[0]:38013650 [1]:5879889 [2]:107 [3]:355
[0]:38221587 [1]:5915561 [2]:107 [3]:69
[0]:38483739 [1]:5960508 [2]:107 [3]:360
[0]:38715376 [1]:6000235 [2]:107 [3]:361
