[0]:0 [1]:0 [2]:0 [3]:0
[0]:11596 [1]:0 [2]:0 [3]:314
[0]:300692 [1]:0 [2]:0 [3]:65
[0]:529494 [1]:0 [2]:0 [3]:71
[0]:760010 [1]:0 [2]:0 [3]:69
[0]:989129 [1]:0 [2]:0 [3]:311
[0]:1199171 [1]:16924 [2]:119 [3]:49
[0]:1401287 [1]:39724 [2]:119 [3]:73
[0]:1611073 [1]:63493 [2]:119 [3]:364
[0]:1809153 [1]:85811 [2]:119 [3]:80
[0]:2004139 [1]:107739 [2]:119 [3]:62
[0]:2204564 [1]:130317 [2]:119 [3]:64
[0]:2403276 [1]:152713 [2]:119 [3]:75
[0]:2604912 [1]:175409 [2]:114 [3]:65
[0]:2809407 [1]:198375 [2]:114 [3]:59
[0]:3011423 [1]:221258 [2]:114 [3]:358
[0]:3221202 [1]:244975 [2]:114 [3]:350
[0]:3422889 [1]:267803 [2]:114 [3]:368
[0]:3614832 [1]:289569 [2]:114 [3]:353
[0]:3818266 [1]:312624 [2]:114 [3]:71
[0]:4009833 [1]:334199 [2]:114 [3]:362
[0]:4196917 [1]:355286 [2]:109 [3]:53
[0]:4392852 [1]:377270 [2]:109 [3]:367
[0]:4591456 [1]:399660 [2]:109 [3]:67
[0]:4793590 [1]:422471 [2]:109 [3]:73
[0]:4992203 [1]:444840 [2]:109 [3]:56
[0]:5186342 [1]:466649 [2]:109 [3]:363
[0]:5385266 [1]:489464 [2]:109 [3]:54
[0]:5587229 [1]:512310 [2]:109 [3]:357
[0]:5814117 [1]:537986 [2]:105 [3]:59
[0]:6006462 [1]:559876 [2]:105 [3]:369
[0]:6196680 [1]:581419 [2]:105 [3]:359
[0]:6410784 [1]:605543 [2]:105 [3]:371
[0]:6602296 [1]:627141 [2]:105 [3]:364
[0]:6803664 [1]:649950 [2]:105 [3]:86
[0]:7005045 [1]:672707 [2]:105 [3]:59
[0]:7198681 [1]:694557 [2]:101 [3]:62
[0]:7399219 [1]:717109 [2]:101 [3]:371
[0]:7597910 [1]:739434 [2]:101 [3]:59
[0]:7795324 [1]:761781 [2]:101 [3]:354
[0]:7998522 [1]:784713 [2]:101 [3]:361
[0]:8196714 [1]:807178 [2]:101 [3]:74
[0]:8397025 [1]:829947 [2]:101 [3]:364
[0]:8589497 [1]:851721 [2]:101 [3]:369
[0]:8784682 [1]:873799 [2]:97 [3]:360
[0]:8982352 [1]:896094 [2]:97 [3]:349
[0]:9179510 [1]:918352 [2]:97 [3]:365
[0]:9394424 [1]:942624 [2]:97 [3]:75
[0]:9583985 [1]:963978 [2]:97 [3]:351
[0]:9784092 [1]:986479 [2]:97 [3]:74
[0]:9990151 [1]:1009672 [2]:97 [3]:60
[0]:10187397 [1]:1031995 [2]:97 [3]:365
[0]:10392260 [1]:1055221 [2]:94 [3]:370
[0]:10604798 [1]:1079109 [2]:94 [3]:365
[0]:10798794 [1]:1101024 [2]:94 [3]:60
[0]:10995797 [1]:1123203 [2]:94 [3]:366
[0]:11190592 [1]:1145101 [2]:94 [3]:60
[0]:11387978 [1]:1167320 [2]:94 [3]:356
[0]:11600430 [1]:1191395 [2]:94 [3]:61
[0]:11813564 [1]:1215477 [2]:91 [3]:367
[0]:12004518 [1]:1236982 [2]:91 [3]:72
[0]:12221876 [1]:1261509 [2]:91 [3]:63
[0]:12417808 [1]:1283612 [2]:91 [3]:63
[0]:12613647 [1]:1305650 [2]:91 [3]:63
[0]:12881654 [1]:1335939 [2]:91 [3]:68
[0]:13083187 [1]:1358607 [2]:91 [3]:365
[0]:13285718 [1]:1381387 [2]:88 [3]:71
[0]:13475065 [1]:1402719 [2]:88 [3]:357
[0]:13763197 [1]:1435175 [2]:88 [3]:74
[0]:13957953 [1]:1457315 [2]:88 [3]:58
[0]:14157847 [1]:1479802 [2]:88 [3]:362
[0]:14356625 [1]:1502183 [2]:88 [3]:368
[0]:14658748 [1]:1536159 [2]:88 [3]:58
[0]:14858487 [1]:1558691 [2]:86 [3]:59
[0]:15064124 [1]:1581926 [2]:86 [3]:62
[0]:15257736 [1]:1603716 [2]:86 [3]:371
[0]:15458567 [1]:1626258 [2]:86 [3]:52
[0]:15656274 [1]:1648532 [2]:86 [3]:56
[0]:15842621 [1]:1669765 [2]:86 [3]:68
[0]:16036122 [1]:1691670 [2]:86 [3]:366
[0]:16338054 [1]:1725600 [2]:84 [3]:359
[0]:16537787 [1]:1748215 [2]:84 [3]:56
[0]:16735774 [1]:1770443 [2]:84 [3]:352
[0]:16928626 [1]:1792293 [2]:84 [3]:369
[0]:17137344 [1]:1815830 [2]:84 [3]:61
[0]:17340064 [1]:1838685 [2]:84 [3]:72
[0]:17539639 [1]:1861209 [2]:84 [3]:369
[0]:17796552 [1]:1890137 [2]:84 [3]:62
[0]:17996629 [1]:1912713 [2]:82 [3]:64
[0]:18223230 [1]:1938087 [2]:82 [3]:79
[0]:18438557 [1]:1962401 [2]:82 [3]:68
[0]:18628384 [1]:1983724 [2]:82 [3]:76
[0]:18820760 [1]:2005267 [2]:82 [3]:366
[0]:19016692 [1]:2027471 [2]:82 [3]:370
[0]:19266200 [1]:2055593 [2]:82 [3]:78
[0]:19459567 [1]:2077441 [2]:80 [3]:59
[0]:19655817 [1]:2099392 [2]:80 [3]:357
[0]:19861912 [1]:2122727 [2]:80 [3]:75
[0]:20060280 [1]:2145167 [2]:80 [3]:75
[0]:20254559 [1]:2167054 [2]:80 [3]:66
[0]:20448073 [1]:2188872 [2]:80 [3]:62
[0]:20648051 [1]:2211411 [2]:80 [3]:49
[0]:20853974 [1]:2234665 [2]:80 [3]:69
[0]:21048907 [1]:2256496 [2]:78 [3]:60
[0]:21251057 [1]:2279253 [2]:78 [3]:65
[0]:21449775 [1]:2301592 [2]:78 [3]:66
[0]:21644451 [1]:2323573 [2]:78 [3]:62
[0]:21839086 [1]:2345510 [2]:78 [3]:63
[0]:22037588 [1]:2367834 [2]:78 [3]:81
[0]:22234673 [1]:2389993 [2]:78 [3]:52
[0]:22429664 [1]:2411815 [2]:77 [3]:362
[0]:22633581 [1]:2434763 [2]:77 [3]:68
[0]:22832012 [1]:2457106 [2]:77 [3]:364
[0]:23025429 [1]:2478839 [2]:77 [3]:63
[0]:23231376 [1]:2501959 [2]:77 [3]:71
[0]:23430304 [1]:2524321 [2]:77 [3]:48
[0]:23624467 [1]:2546082 [2]:77 [3]:63
[0]:23820784 [1]:2568222 [2]:77 [3]:59
[0]:24019818 [1]:2590675 [2]:76 [3]:374
[0]:24208948 [1]:2611876 [2]:76 [3]:61
[0]:24408551 [1]:2634420 [2]:76 [3]:366
[0]:24607625 [1]:2656846 [2]:76 [3]:70
[0]:24805783 [1]:2679426 [2]:76 [3]:359
[0]:25008185 [1]:2702176 [2]:76 [3]:365
[0]:25204972 [1]:2724375 [2]:76 [3]:69
[0]:25401170 [1]:2746528 [2]:76 [3]:64
[0]:25601838 [1]:2769244 [2]:75 [3]:72
[0]:25815188 [1]:2793374 [2]:75 [3]:358
[0]:26016381 [1]:2816077 [2]:75 [3]:362
[0]:26216400 [1]:2838673 [2]:75 [3]:355
[0]:26441778 [1]:2864234 [2]:75 [3]:65
[0]:26643572 [1]:2887115 [2]:75 [3]:58
[0]:26849933 [1]:2910420 [2]:75 [3]:68
[0]:27048075 [1]:2932731 [2]:74 [3]:354
[0]:27242858 [1]:2954766 [2]:74 [3]:362
[0]:27445199 [1]:2977590 [2]:74 [3]:76
[0]:27653104 [1]:3001059 [2]:74 [3]:359
[0]:27850893 [1]:3023456 [2]:74 [3]:69
[0]:28074007 [1]:3048672 [2]:74 [3]:361
[0]:28268502 [1]:3070620 [2]:74 [3]:383
[0]:28462004 [1]:3092415 [2]:74 [3]:56
[0]:28649191 [1]:3113611 [2]:73 [3]:363
[0]:28855016 [1]:3136912 [2]:73 [3]:62
[0]:29075503 [1]:3161728 [2]:73 [3]:367
[0]:29282109 [1]:3185108 [2]:73 [3]:75
[0]:29488278 [1]:3208498 [2]:73 [3]:52
[0]:29697576 [1]:3232045 [2]:73 [3]:355
[0]:29911608 [1]:3256081 [2]:73 [3]:360
[0]:30135803 [1]:3281393 [2]:72 [3]:55
[0]:30341669 [1]:3304728 [2]:72 [3]:358
[0]:30540141 [1]:3327206 [2]:72 [3]:370
[0]:30753637 [1]:3351213 [2]:72 [3]:71
[0]:30958497 [1]:3374331 [2]:72 [3]:70
[0]:31175841 [1]:3398790 [2]:72 [3]:359
[0]:31378888 [1]:3421676 [2]:72 [3]:365
[0]:31577719 [1]:3443948 [2]:72 [3]:80
[0]:31772500 [1]:3465912 [2]:71 [3]:59
[0]:31993146 [1]:3490997 [2]:71 [3]:65
[0]:32187826 [1]:3512926 [2]:71 [3]:368
[0]:32382412 [1]:3535064 [2]:71 [3]:73
[0]:32578466 [1]:3557388 [2]:71 [3]:72
[0]:32778652 [1]:3579898 [2]:71 [3]:368
[0]:32978233 [1]:3602310 [2]:71 [3]:66
[0]:33191093 [1]:3626452 [2]:70 [3]:355
[0]:33386225 [1]:3648414 [2]:70 [3]:63
[0]:33580458 [1]:3670269 [2]:70 [3]:65
[0]:33779084 [1]:3692691 [2]:70 [3]:78
[0]:33981220 [1]:3715551 [2]:70 [3]:67
[0]:34224893 [1]:3743187 [2]:70 [3]:71
[0]:34432403 [1]:3766583 [2]:70 [3]:352
[0]:34623537 [1]:3788197 [2]:70 [3]:53
[0]:34812869 [1]:3809434 [2]:69 [3]:65
[0]:35033459 [1]:3834339 [2]:69 [3]:366
[0]:35223101 [1]:3855715 [2]:69 [3]:369
[0]:35415364 [1]:3877366 [2]:69 [3]:63
[0]:35613338 [1]:3899681 [2]:69 [3]:53
[0]:35804614 [1]:3921211 [2]:69 [3]:361
[0]:36060372 [1]:3950039 [2]:69 [3]:369
[0]:36246810 [1]:3971037 [2]:69 [3]:361
[0]:36445035 [1]:3993457 [2]:69 [3]:358
[0]:36643805 [1]:4015878 [2]:69 [3]:370
[0]:36898422 [1]:4044556 [2]:69 [3]:88
[0]:37129238 [1]:4070757 [2]:69 [3]:367
[0]:37331112 [1]:4093460 [2]:69 [3]:68
[0]:37536577 [1]:4116657 [2]:69 [3]:56
[0]:37735612 [1]:4139161 [2]:69 [3]:366
[0]:37924924 [1]:4160773 [2]:69 [3]:58
[0]:38122246 [1]:4182993 [2]:69 [3]:360
[0]:38328335 [1]:4206166 [2]:69 [3]:69
[0]:38527077 [1]:4228500 [2]:69 [3]:367
[0]:38733173 [1]:4251738 [2]:69 [3]:73
