[0]:0 [1]:0 [2]:0 [3]:0
[0]:11596 [1]:0 [2]:0 [3]:314
[0]:300692 [1]:0 [2]:0 [3]:65
[0]:529494 [1]:0 [2]:0 [3]:71
[0]:760010 [1]:0 [2]:0 [3]:69
[0]:989129 [1]:0 [2]:0 [3]:311
[0]:1199171 [1]:16924 [2]:119 [3]:49
[0]:1401287 [1]:39724 [2]:119 [3]:73
[0]:1611073 [1]:63493 [2]:119 [3]:364
[0]:1809153 [1]:85811 [2]:119 [3]:80
[0]:2004139 [1]:107739 [2]:119 [3]:62
[0]:2204564 [1]:130317 [2]:119 [3]:64
[0]:2403276 [1]:152713 [2]:119 [3]:75
[0]:2604912 [1]:175409 [2]:114 [3]:65
[0]:2809407 [1]:198375 [2]:114 [3]:59
[0]:3011423 [1]:221258 [2]:114 [3]:358
[0]:3221202 [1]:244975 [2]:114 [3]:350
[0]:3422889 [1]:267803 [2]:114 [3]:368
[0]:3614832 [1]:289569 [2]:114 [3]:353
[0]:3818266 [1]:312624 [2]:114 [3]:71
[0]:4009833 [1]:334199 [2]:114 [3]:362
[0]:4196917 [1]:355286 [2]:109 [3]:53
[0]:4392852 [1]:377270 [2]:109 [3]:367
[0]:4591456 [1]:399660 [2]:109 [3]:67
[0]:4793590 [1]:422471 [2]:109 [3]:73
[0]:4992203 [1]:444840 [2]:109 [3]:56
[0]:5186342 [1]:466649 [2]:109 [3]:363
[0]:5385266 [1]:489464 [2]:109 [3]:54
[0]:5587229 [1]:512310 [2]:109 [3]:357
[0]:5814117 [1]:537986 [2]:105 [3]:59
[0]:6006462 [1]:559876 [2]:105 [3]:369
[0]:6196680 [1]:581419 [2]:105 [3]:359
[0]:6410784 [1]:605543 [2]:105 [3]:371
[0]:6602296 [1]:627141 [2]:105 [3]:364
[0]:6803664 [1]:649950 [2]:105 [3]:86
[0]:7005045 [1]:672707 [2]:105 [3]:59
[0]:7198681 [1]:694557 [2]:101 [3]:62
[0]:7399219 [1]:717109 [2]:101 [3]:371
[0]:7597910 [1]:739434 [2]:101 [3]:59
[0]:7795324 [1]:761781 [2]:101 [3]:354
[0]:7998522 [1]:784713 [2]:101 [3]:361
[0]:8196714 [1]:807178 [2]:101 [3]:74
[0]:8397025 [1]:829947 [2]:101 [3]:364
[0]:8589497 [1]:851721 [2]:101 [3]:369
[0]:8784682 [1]:873799 [2]:97 [3]:360
[0]:8982352 [1]:896094 [2]:97 [3]:349
[0]:9179510 [1]:918352 [2]:97 [3]:365
[0]:9394424 [1]:942624 [2]:97 [3]:75
[0]:9583985 [1]:963978 [2]:97 [3]:351
[0]:9784092 [1]:986479 [2]:97 [3]:74
[0]:9990151 [1]:1009672 [2]:97 [3]:60
[0]:10187397 [1]:1031995 [2]:97 [3]:365
[0]:10392260 [1]:1055221 [2]:94 [3]:370
[0]:10604798 [1]:1079109 [2]:94 [3]:365
[0]:10798794 [1]:1101024 [2]:94 [3]:60
[0]:10995797 [1]:1123203 [2]:94 [3]:366
[0]:11190592 [1]:1145101 [2]:94 [3]:60
[0]:11387978 [1]:1167320 [2]:94 [3]:356
[0]:11600430 [1]:1191395 [2]:94 [3]:61
[0]:11813564 [1]:1215477 [2]:91 [3]:367
[0]:12004518 [1]:1236982 [2]:91 [3]:72
[0]:12221876 [1]:1261509 [2]:91 [3]:63
[0]:12417808 [1]:1283612 [2]:91 [3]:63
[0]:12613647 [1]:1305650 [2]:91 [3]:63
[0]:12881654 [1]:1335939 [2]:91 [3]:68
[0]:13083187 [1]:1358607 [2]:91 [3]:365
[0]:13285718 [1]:1381387 [2]:88 [3]:71
[0]:13475065 [1]:1402719 [2]:88 [3]:357
[0]:13763197 [1]:1435175 [2]:88 [3]:74
[0]:13957953 [1]:1457315 [2]:88 [3]:58
[0]:14157847 [1]:1479802 [2]:88 [3]:362
[0]:14356625 [1]:1502183 [2]:88 [3]:368
[0]:14658748 [1]:1536159 [2]:88 [3]:58
[0]:14858487 [1]:1558691 [2]:86 [3]:59
[0]:15064124 [1]:1581926 [2]:86 [3]:62
[0]:15257736 [1]:1603716 [2]:86 [3]:371
[0]:15458567 [1]:1626258 [2]:86 [3]:52
[0]:15656274 [1]:1648532 [2]:86 [3]:56
[0]:15842621 [1]:1669765 [2]:86 [3]:68
[0]:16036122 [1]:1691670 [2]:86 [3]:366
[0]:16338054 [1]:1725600 [2]:84 [3]:359
[0]:16537787 [1]:1748215 [2]:84 [3]:56
[0]:16735774 [1]:1770443 [2]:84 [3]:352
[0]:16928626 [1]:1792293 [2]:84 [3]:369
[0]:17137344 [1]:1815830 [2]:84 [3]:61
[0]:17340064 [1]:1838685 [2]:84 [3]:72
[0]:17539639 [1]:1861209 [2]:84 [3]:369
[0]:17796552 [1]:1890137 [2]:84 [3]:62
[0]:17996629 [1]:1912713 [2]:82 [3]:64
[0]:18223230 [1]:1938087 [2]:82 [3]:79
[0]:18438557 [1]:1962401 [2]:82 [3]:68
[0]:18628384 [1]:1983724 [2]:82 [3]:76
[0]:18820760 [1]:2005267 [2]:82 [3]:366
[0]:19016692 [1]:2027471 [2]:82 [3]:370
[0]:19266200 [1]:2055593 [2]:82 [3]:78
[0]:19459567 [1]:2077441 [2]:80 [3]:59
[0]:19655817 [1]:2099392 [2]:80 [3]:357
[0]:19861912 [1]:2122727 [2]:80 [3]:75
[0]:20060280 [1]:2145167 [2]:80 [3]:75
[0]:20254559 [1]:2167054 [2]:80 [3]:66
[0]:20448073 [1]:2188872 [2]:80 [3]:62
[0]:20648051 [1]:2211411 [2]:80 [3]:49
[0]:20853974 [1]:2234665 [2]:80 [3]:69
[0]:21048907 [1]:2256496 [2]:78 [3]:60
[0]:21251057 [1]:2279253 [2]:78 [3]:65
[0]:21449775 [1]:2301592 [2]:78 [3]:66
[0]:21644451 [1]:2323573 [2]:78 [3]:62
[0]:21839086 [1]:2345510 [2]:78 [3]:63
[0]:22037588 [1]:2367834 [2]:78 [3]:81
[0]:22234673 [1]:2389993 [2]:78 [3]:52
[0]:22429664 [1]:2411815 [2]:77 [3]:362
[0]:22633581 [1]:2434763 [2]:77 [3]:68
[0]:22832012 [1]:2457106 [2]:77 [3]:364
[0]:23025429 [1]:2478839 [2]:77 [3]:63
[0]:23231376 [1]:2501959 [2]:77 [3]:71
[0]:23430304 [1]:2524321 [2]:77 [3]:48
[0]:23624467 [1]:2546082 [2]:77 [3]:63
[0]:23820784 [1]:2568222 [2]:77 [3]:59
[0]:24019818 [1]:2590675 [2]:76 [3]:374
[0]:24208948 [1]:2611876 [2]:76 [3]:61
[0]:24408551 [1]:2634420 [2]:76 [3]:366
[0]:24607625 [1]:2656846 [2]:76 [3]:70
[0]:24805783 [1]:2679426 [2]:76 [3]:359
[0]:25008185 [1]:2702176 [2]:76 [3]:365
[0]:25204972 [1]:2724375 [2]:76 [3]:69
[0]:25401170 [1]:2746528 [2]:76 [3]:64
[0]:25601838 [1]:2769244 [2]:75 [3]:72
[0]:25815188 [1]:2793374 [2]:75 [3]:358
[0]:26016381 [1]:2816077 [2]:75 [3]:362
[0]:26216400 [1]:2838673 [2]:75 [3]:355
[0]:26441778 [1]:2864234 [2]:75 [3]:65
[0]:26643572 [1]:2887115 [2]:75 [3]:58
[0]:26849933 [1]:2910420 [2]:75 [3]:68
[0]:27048075 [1]:2932731 [2]:74 [3]:354
[0]:27242858 [1]:2954766 [2]:74 [3]:362
[0]:27445199 [1]:2977590 [2]:74 [3]:76
[0]:27653104 [1]:3001059 [2]:74 [3]:359
[0]:27850893 [1]:3023456 [2]:74 [3]:69
[0]:28074007 [1]:3048672 [2]:74 [3]:361
[0]:28268502 [1]:3070620 [2]:74 [3]:383
[0]:28462004 [1]:3092415 [2]:74 [3]:56
[0]:28649191 [1]:3113611 [2]:73 [3]:363
[0]:28855016 [1]:3136912 [2]:73 [3]:62
[0]:29075503 [1]:3161728 [2]:73 [3]:367
[0]:29282109 [1]:3185108 [2]:73 [3]:75
[0]:29488278 [1]:3208498 [2]:73 [3]:52
[0]:29697576 [1]:3232045 [2]:73 [3]:355
[0]:29911608 [1]:3256081 [2]:73 [3]:360
[0]:30135803 [1]:3281393 [2]:72 [3]:55
[0]:30341669 [1]:3304728 [2]:72 [3]:358
[0]:30540141 [1]:3327206 [2]:72 [3]:370
[0]:30753637 [1]:3351213 [2]:72 [3]:71
[0]:30958497 [1]:3374331 [2]:72 [3]:70
[0]:31175841 [1]:3398790 [2]:72 [3]:359
[0]:31378888 [1]:3421676 [2]:72 [3]:365
[0]:31577719 [1]:3443948 [2]:72 [3]:80
[0]:31772500 [1]:3465912 [2]:71 [3]:59
[0]:31993146 [1]:3490997 [2]:71 [3]:65
[0]:32187826 [1]:3512926 [2]:71 [3]:368
[0]:32382412 [1]:3535064 [2]:71 [3]:73
[0]:32578466 [1]:3557388 [2]:71 [3]:72
[0]:32778652 [1]:3579898 [2]:71 [3]:368
[0]:32978233 [1]:3602310 [2]:71 [3]:66
[0]:33191093 [1]:3626452 [2]:70 [3]:355
[0]:33386225 [1]:3648414 [2]:70 [3]:63
[0]:33580458 [1]:3670269 [2]:70 [3]:65
[0]:33779084 [1]:3692691 [2]:70 [3]:78
[0]:33981220 [1]:3715551 [2]:70 [3]:67
[0]:34224893 [1]:3743187 [2]:70 [3]:71
[0]:34432403 [1]:3766583 [2]:70 [3]:352
[0]:34623537 [1]:3788197 [2]:70 [3]:53
[0]:34812869 [1]:3809434 [2]:69 [3]:65
[0]:35033459 [1]:3834339 [2]:69 [3]:366
[0]:35223101 [1]:3855715 [2]:69 [3]:369
[0]:35415364 [1]:3877366 [2]:69 [3]:63
[0]:35613338 [1]:3899681 [2]:69 [3]:53
[0]:35804614 [1]:3921211 [2]:69 [3]:361
[0]:36060372 [1]:3950039 [2]:69 [3]:369
[0]:36246810 [1]:3971037 [2]:69 [3]:361
[0]:36445035 [1]:3993457 [2]:69 [3]:358
[0]:36643805 [1]:4015878 [2]:69 [3]:370
[0]:36898422 [1]:4044556 [2]:69 [3]:88
[0]:37129238 [1]:4070757 [2]:69 [3]:367
[0]:37331112 [1]:4093460 [2]:69 [3]:68
[0]:37536577 [1]:4116657 [2]:69 [3]:56
[0]:37735612 [1]:4139161 [2]:69 [3]:366
[0]:37924924 [1]:4160773 [2]:69 [3]:58
[0]:38122246 [1]:4182993 [2]:69 [3]:360
[0]:38328335 [1]:4206166 [2]:69 [3]:69
[0]:38527077 [1]:4228500 [2]:69 [3]:367
[0]:38733173 [1]:4251738 [2]:69 [3]:73
[0]:38949152 [1]:4278767 [2]:69 [3]:359
[0]:39161952 [1]:4310292 [2]:69 [3]:372
[0]:39370390 [1]:4341191 [2]:69 [3]:368
[0]:39580493 [1]:4372491 [2]:69 [3]:361
[0]:39777395 [1]:4401718 [2]:71 [3]:365
[0]:39990376 [1]:4433287 [2]:71 [3]:365
[0]:40202276 [1]:4464804 [2]:71 [3]:361
[0]:40407285 [1]:4495268 [2]:71 [3]:372
[0]:40612024 [1]:4525746 [2]:71 [3]:80
[0]:40820924 [1]:4556819 [2]:71 [3]:361
[0]:41040502 [1]:4589371 [2]:71 [3]:359
[0]:41250603 [1]:4620543 [2]:71 [3]:354
[0]:41462588 [1]:4652124 [2]:71 [3]:368
[0]:41695861 [1]:4686826 [2]:71 [3]:367
[0]:41896717 [1]:4716607 [2]:71 [3]:363
[0]:42108802 [1]:4748103 [2]:71 [3]:372
[0]:42319753 [1]:4779398 [2]:71 [3]:364
[0]:42519289 [1]:4808929 [2]:71 [3]:365
[0]:42810736 [1]:4852181 [2]:71 [3]:358
[0]:43047584 [1]:4887355 [2]:71 [3]:87
[0]:43248121 [1]:4917004 [2]:78 [3]:365
[0]:43449893 [1]:4946993 [2]:78 [3]:370
[0]:43658260 [1]:4977866 [2]:78 [3]:370
[0]:43862120 [1]:5008054 [2]:78 [3]:366
[0]:44068271 [1]:5038587 [2]:78 [3]:355
[0]:44265368 [1]:5067884 [2]:78 [3]:364
[0]:44478122 [1]:5099509 [2]:78 [3]:362
[0]:44682634 [1]:5129894 [2]:78 [3]:360
[0]:44887917 [1]:5160354 [2]:78 [3]:354
[0]:45088880 [1]:5190148 [2]:78 [3]:88
[0]:45289632 [1]:5219922 [2]:78 [3]:78
[0]:45542119 [1]:5257404 [2]:78 [3]:357
[0]:45742846 [1]:5287181 [2]:78 [3]:369
[0]:45960089 [1]:5319333 [2]:78 [3]:366
[0]:46164723 [1]:5349764 [2]:78 [3]:74
[0]:46386104 [1]:5382723 [2]:78 [3]:369
[0]:46609986 [1]:5415994 [2]:78 [3]:364
[0]:46817508 [1]:5446813 [2]:78 [3]:371
[0]:47039330 [1]:5480008 [2]:85 [3]:365
[0]:47263896 [1]:5513425 [2]:85 [3]:74
[0]:47484538 [1]:5546337 [2]:85 [3]:370
[0]:47695599 [1]:5577665 [2]:85 [3]:369
[0]:47893507 [1]:5607039 [2]:85 [3]:364
[0]:48098532 [1]:5637472 [2]:85 [3]:371
[0]:48323311 [1]:5670788 [2]:85 [3]:369
[0]:48532742 [1]:5701897 [2]:85 [3]:80
[0]:48745427 [1]:5733652 [2]:85 [3]:365
[0]:48953905 [1]:5764549 [2]:85 [3]:72
[0]:49163189 [1]:5795503 [2]:85 [3]:366
[0]:49402053 [1]:5831034 [2]:85 [3]:85
[0]:49647747 [1]:5867558 [2]:85 [3]:371
[0]:49860665 [1]:5899289 [2]:85 [3]:72
[0]:50069589 [1]:5930227 [2]:85 [3]:366
[0]:50309560 [1]:5965752 [2]:85 [3]:354
[0]:50523289 [1]:5997580 [2]:91 [3]:369
[0]:50727686 [1]:6027814 [2]:91 [3]:72
[0]:50932521 [1]:6058149 [2]:91 [3]:363
[0]:51141553 [1]:6089103 [2]:91 [3]:353
[0]:51349963 [1]:6120146 [2]:91 [3]:368
[0]:51612309 [1]:6159081 [2]:91 [3]:355
[0]:51819022 [1]:6189723 [2]:91 [3]:363
[0]:52020338 [1]:6219500 [2]:91 [3]:371
[0]:52232053 [1]:6250882 [2]:91 [3]:359
[0]:52470350 [1]:6286386 [2]:91 [3]:369
[0]:52678383 [1]:6317260 [2]:91 [3]:361
[0]:52898980 [1]:6349957 [2]:91 [3]:367
[0]:53103653 [1]:6380329 [2]:91 [3]:358
[0]:53319268 [1]:6412306 [2]:91 [3]:358
[0]:53519772 [1]:6442045 [2]:91 [3]:79
[0]:53730517 [1]:6473414 [2]:91 [3]:76
[0]:53943266 [1]:6504866 [2]:91 [3]:361
[0]:54151988 [1]:6535801 [2]:96 [3]:358
[0]:54357078 [1]:6566231 [2]:96 [3]:357
[0]:54558184 [1]:6596096 [2]:96 [3]:367
[0]:54770967 [1]:6627768 [2]:96 [3]:70
[0]:54975952 [1]:6658137 [2]:96 [3]:359
[0]:55184702 [1]:6689063 [2]:96 [3]:365
[0]:55389247 [1]:6719501 [2]:96 [3]:365
[0]:55591491 [1]:6749557 [2]:96 [3]:364
[0]:55803039 [1]:6780931 [2]:96 [3]:360
[0]:56005622 [1]:6810972 [2]:96 [3]:76
[0]:56213238 [1]:6841789 [2]:96 [3]:358
[0]:56428734 [1]:6873723 [2]:96 [3]:371
[0]:56635081 [1]:6904281 [2]:96 [3]:366
[0]:56866477 [1]:6938642 [2]:96 [3]:362
[0]:57071332 [1]:6968949 [2]:96 [3]:363
[0]:57279117 [1]:6999671 [2]:96 [3]:370
[0]:57480222 [1]:7029520 [2]:96 [3]:370
[0]:57683804 [1]:7059893 [2]:101 [3]:87
[0]:57925883 [1]:7095777 [2]:101 [3]:371
[0]:58147931 [1]:7128706 [2]:101 [3]:362
[0]:58356790 [1]:7159748 [2]:101 [3]:363
[0]:58565792 [1]:7190838 [2]:101 [3]:366
[0]:58782671 [1]:7222955 [2]:101 [3]:365
[0]:58979782 [1]:7252083 [2]:101 [3]:367
[0]:59176544 [1]:7281344 [2]:101 [3]:364
[0]:59381727 [1]:7311857 [2]:101 [3]:367
[0]:59601463 [1]:7344424 [2]:101 [3]:363
[0]:59820076 [1]:7376925 [2]:101 [3]:357
[0]:60039525 [1]:7409454 [2]:101 [3]:362
[0]:60240464 [1]:7439243 [2]:101 [3]:370
[0]:60445169 [1]:7469539 [2]:101 [3]:367
[0]:60658601 [1]:7501263 [2]:101 [3]:365
[0]:60906599 [1]:7538052 [2]:101 [3]:358
[0]:61123304 [1]:7570206 [2]:101 [3]:356
[0]:61336110 [1]:7601746 [2]:105 [3]:373
[0]:61549142 [1]:7633416 [2]:105 [3]:372
[0]:61758419 [1]:7664473 [2]:105 [3]:371
[0]:61970875 [1]:7696054 [2]:105 [3]:358
[0]:62181224 [1]:7727260 [2]:105 [3]:359
[0]:62392641 [1]:7758688 [2]:105 [3]:365
[0]:62636694 [1]:7794972 [2]:105 [3]:360
[0]:62843068 [1]:7825468 [2]:105 [3]:362
[0]:63048863 [1]:7855952 [2]:105 [3]:80
[0]:63268134 [1]:7888570 [2]:105 [3]:368
[0]:63484129 [1]:7920534 [2]:105 [3]:81
[0]:63696928 [1]:7952090 [2]:105 [3]:367
[0]:63905082 [1]:7982964 [2]:105 [3]:369
[0]:64110369 [1]:8013494 [2]:105 [3]:369
[0]:64354758 [1]:8049760 [2]:105 [3]:362
[0]:64562994 [1]:8080783 [2]:105 [3]:368
[0]:64768754 [1]:8111278 [2]:105 [3]:365
[0]:64981636 [1]:8142919 [2]:109 [3]:357
[0]:65235929 [1]:8180586 [2]:109 [3]:81
[0]:65438770 [1]:8210716 [2]:109 [3]:365
[0]:65647675 [1]:8241778 [2]:109 [3]:363
[0]:65855506 [1]:8272560 [2]:109 [3]:89
[0]:66057392 [1]:8302520 [2]:109 [3]:361
[0]:66258534 [1]:8332351 [2]:109 [3]:371
[0]:66463342 [1]:8362791 [2]:109 [3]:361
[0]:66690617 [1]:8396517 [2]:109 [3]:360
[0]:66896834 [1]:8427070 [2]:109 [3]:357
[0]:67113312 [1]:8459284 [2]:109 [3]:368
[0]:67328904 [1]:8491433 [2]:109 [3]:372
[0]:67539584 [1]:8522745 [2]:109 [3]:365
[0]:67751529 [1]:8554170 [2]:109 [3]:367
[0]:67968518 [1]:8586430 [2]:109 [3]:362
[0]:68176320 [1]:8617351 [2]:109 [3]:359
[0]:68389805 [1]:8649151 [2]:109 [3]:367
[0]:68596300 [1]:8679817 [2]:113 [3]:369
[0]:68821291 [1]:8713163 [2]:113 [3]:367
[0]:69032140 [1]:8744417 [2]:113 [3]:361
[0]:69249389 [1]:8776663 [2]:113 [3]:360
[0]:69458252 [1]:8807812 [2]:113 [3]:363
[0]:69666679 [1]:8838833 [2]:113 [3]:364
[0]:69875262 [1]:8869763 [2]:113 [3]:356
[0]:70090937 [1]:8901760 [2]:113 [3]:368
[0]:70288559 [1]:8931191 [2]:113 [3]:367
[0]:70494383 [1]:8961734 [2]:113 [3]:75
[0]:70699314 [1]:8992180 [2]:113 [3]:365
[0]:70906578 [1]:9023061 [2]:113 [3]:360
[0]:71116698 [1]:9054366 [2]:113 [3]:364
[0]:71321639 [1]:9084819 [2]:113 [3]:361
[0]:71536473 [1]:9116734 [2]:113 [3]:360
[0]:71740289 [1]:9146908 [2]:113 [3]:358
[0]:71952242 [1]:9178337 [2]:113 [3]:369
[0]:72162316 [1]:9209482 [2]:116 [3]:374
[0]:72400134 [1]:9244774 [2]:116 [3]:359
[0]:72625921 [1]:9278279 [2]:116 [3]:364
[0]:72845936 [1]:9310892 [2]:116 [3]:372
[0]:73075215 [1]:9344965 [2]:116 [3]:366
[0]:73291822 [1]:9377062 [2]:116 [3]:360
[0]:73522338 [1]:9411397 [2]:116 [3]:364
[0]:73753812 [1]:9445849 [2]:116 [3]:358
[0]:73989109 [1]:9480922 [2]:116 [3]:360
[0]:74217619 [1]:9514926 [2]:116 [3]:359
[0]:74426546 [1]:9545978 [2]:116 [3]:360
[0]:74631593 [1]:9576582 [2]:116 [3]:366
[0]:74856412 [1]:9609901 [2]:116 [3]:370
[0]:75088782 [1]:9644407 [2]:116 [3]:375
[0]:75297598 [1]:9675351 [2]:116 [3]:363
[0]:75529953 [1]:9709838 [2]:116 [3]:77
[0]:75737707 [1]:9740681 [2]:119 [3]:366
[0]:75946373 [1]:9771652 [2]:119 [3]:367
[0]:76182759 [1]:9806790 [2]:119 [3]:364
[0]:76388048 [1]:9837262 [2]:119 [3]:369
[0]:76594034 [1]:9867861 [2]:119 [3]:359
[0]:76835102 [1]:9903646 [2]:119 [3]:356
[0]:77046904 [1]:9935176 [2]:119 [3]:79
[0]:77263891 [1]:9967387 [2]:119 [3]:358
[0]:77467684 [1]:9997567 [2]:119 [3]:365
[0]:77666061 [1]:10026941 [2]:119 [3]:76
[0]:77874969 [1]:10057871 [2]:119 [3]:363
[0]:78079816 [1]:10088280 [2]:119 [3]:364
[0]:78293615 [1]:10120046 [2]:119 [3]:359
[0]:78493576 [1]:10149801 [2]:119 [3]:360
[0]:78694373 [1]:10179532 [2]:119 [3]:362
[0]:78907296 [1]:10211022 [2]:119 [3]:361
[0]:79116271 [1]:10242032 [2]:119 [3]:360
[0]:79344692 [1]:10275887 [2]:122 [3]:360
[0]:79553894 [1]:10306939 [2]:122 [3]:364
[0]:79786228 [1]:10341275 [2]:122 [3]:361
[0]:79990977 [1]:10371686 [2]:122 [3]:367
[0]:80196213 [1]:10402115 [2]:122 [3]:78
[0]:80413328 [1]:10452144 [2]:122 [3]:66
[0]:80608390 [1]:10497136 [2]:122 [3]:362
[0]:80811923 [1]:10544258 [2]:122 [3]:360
[0]:81024918 [1]:10593502 [2]:122 [3]:58
[0]:81218860 [1]:10638331 [2]:122 [3]:59
[0]:81412899 [1]:10683147 [2]:122 [3]:67
[0]:81614535 [1]:10729637 [2]:122 [3]:53
[0]:81811623 [1]:10775168 [2]:122 [3]:357
[0]:82006086 [1]:10820091 [2]:122 [3]:57
[0]:82204320 [1]:10865846 [2]:122 [3]:60
[0]:82398348 [1]:10910585 [2]:125 [3]:357
[0]:82610861 [1]:10959641 [2]:125 [3]:363
[0]:82804955 [1]:11004443 [2]:125 [3]:365
[0]:82998118 [1]:11049114 [2]:125 [3]:364
[0]:83193266 [1]:11094222 [2]:125 [3]:371
[0]:83391242 [1]:11139880 [2]:125 [3]:358
[0]:83585084 [1]:11184659 [2]:125 [3]:367
[0]:83781842 [1]:11230056 [2]:125 [3]:365
[0]:83980932 [1]:11276059 [2]:125 [3]:360
[0]:84187001 [1]:11323641 [2]:125 [3]:364
[0]:84377246 [1]:11367500 [2]:125 [3]:356
[0]:84584660 [1]:11415515 [2]:125 [3]:356
[0]:84790300 [1]:11463006 [2]:125 [3]:371
[0]:84994815 [1]:11510272 [2]:125 [3]:362
[0]:85193187 [1]:11555971 [2]:128 [3]:368
[0]:85389448 [1]:11601360 [2]:128 [3]:372
[0]:85582253 [1]:11645896 [2]:128 [3]:60
[0]:85776037 [1]:11690695 [2]:128 [3]:362
[0]:85970438 [1]:11735619 [2]:128 [3]:364
[0]:86159973 [1]:11779307 [2]:128 [3]:365
[0]:86354940 [1]:11824346 [2]:128 [3]:366
[0]:86556751 [1]:11870974 [2]:128 [3]:70
[0]:86754062 [1]:11916623 [2]:128 [3]:59
[0]:86948380 [1]:11961497 [2]:128 [3]:357
[0]:87149881 [1]:12008027 [2]:128 [3]:360
[0]:87347716 [1]:12053701 [2]:128 [3]:357
[0]:87541515 [1]:12098488 [2]:128 [3]:363
[0]:87739806 [1]:12144269 [2]:128 [3]:357
[0]:87944864 [1]:12191709 [2]:131 [3]:362
[0]:88138991 [1]:12236496 [2]:131 [3]:363
[0]:88334383 [1]:12281656 [2]:131 [3]:360
[0]:88556257 [1]:12332927 [2]:131 [3]:365
[0]:88783517 [1]:12385425 [2]:131 [3]:360
[0]:88987945 [1]:12432617 [2]:131 [3]:60
[0]:89198505 [1]:12481225 [2]:131 [3]:358
[0]:89399754 [1]:12527777 [2]:131 [3]:362
[0]:89601697 [1]:12574408 [2]:131 [3]:360
[0]:89795680 [1]:12619222 [2]:131 [3]:360
[0]:89993985 [1]:12665029 [2]:131 [3]:358
[0]:90188063 [1]:12709862 [2]:131 [3]:357
[0]:90380004 [1]:12754200 [2]:131 [3]:363
[0]:90579236 [1]:12800201 [2]:131 [3]:357
[0]:90781349 [1]:12846908 [2]:133 [3]:368
[0]:90968110 [1]:12890070 [2]:133 [3]:362
[0]:91169513 [1]:12936557 [2]:133 [3]:361
[0]:91367554 [1]:12982293 [2]:133 [3]:358
[0]:91572306 [1]:13029619 [2]:133 [3]:366
[0]:91822741 [1]:13087416 [2]:133 [3]:358
[0]:92020797 [1]:13133160 [2]:133 [3]:59
[0]:92221673 [1]:13179568 [2]:133 [3]:362
[0]:92456926 [1]:13233941 [2]:133 [3]:368
[0]:92647693 [1]:13277936 [2]:133 [3]:54
[0]:92845161 [1]:13323568 [2]:133 [3]:368
[0]:93073308 [1]:13376285 [2]:133 [3]:362
[0]:93271101 [1]:13421959 [2]:133 [3]:360
[0]:93465165 [1]:13466762 [2]:135 [3]:358
[0]:93703803 [1]:13521776 [2]:135 [3]:357
[0]:93901728 [1]:13567468 [2]:135 [3]:360
[0]:94105868 [1]:13614632 [2]:135 [3]:55
[0]:94301410 [1]:13659803 [2]:135 [3]:359
[0]:94498918 [1]:13705446 [2]:135 [3]:359
[0]:94703067 [1]:13752534 [2]:135 [3]:59
[0]:94899652 [1]:13798006 [2]:135 [3]:363
[0]:95100031 [1]:13844403 [2]:135 [3]:364
[0]:95302448 [1]:13891178 [2]:135 [3]:64
[0]:95495572 [1]:13935765 [2]:135 [3]:365
[0]:95696726 [1]:13982234 [2]:135 [3]:363
[0]:95895159 [1]:14028082 [2]:135 [3]:365
[0]:96092958 [1]:14073781 [2]:135 [3]:356
[0]:96290053 [1]:14119285 [2]:137 [3]:360
[0]:96481215 [1]:14163372 [2]:137 [3]:360
[0]:96675191 [1]:14208166 [2]:137 [3]:365
[0]:96876800 [1]:14254722 [2]:137 [3]:364
[0]:97115730 [1]:14309896 [2]:137 [3]:363
[0]:97317209 [1]:14356308 [2]:137 [3]:370
[0]:97514926 [1]:14401977 [2]:137 [3]:364
[0]:97711571 [1]:14447430 [2]:137 [3]:355
[0]:97910694 [1]:14493480 [2]:137 [3]:61
[0]:98104787 [1]:14538335 [2]:137 [3]:355
[0]:98291418 [1]:14581373 [2]:137 [3]:358
[0]:98496868 [1]:14628800 [2]:137 [3]:361
[0]:98698132 [1]:14675290 [2]:137 [3]:359
[0]:98895994 [1]:14720991 [2]:137 [3]:365
[0]:99097374 [1]:14767475 [2]:139 [3]:364
[0]:99291715 [1]:14812372 [2]:139 [3]:362
[0]:99493133 [1]:14858945 [2]:139 [3]:60
[0]:99688669 [1]:14904108 [2]:139 [3]:361
[0]:99889267 [1]:14950476 [2]:139 [3]:359
[0]:100089090 [1]:14996608 [2]:139 [3]:60
[0]:100331402 [1]:15052505 [2]:139 [3]:66
[0]:100531082 [1]:15098661 [2]:139 [3]:365
[0]:100728739 [1]:15144305 [2]:139 [3]:362
[0]:100926564 [1]:15189988 [2]:139 [3]:365
[0]:101124059 [1]:15235546 [2]:139 [3]:361
[0]:101333568 [1]:15283904 [2]:139 [3]:367
[0]:101527625 [1]:15328787 [2]:139 [3]:353
[0]:101720566 [1]:15373352 [2]:139 [3]:53
[0]:101986219 [1]:15434634 [2]:141 [3]:356
[0]:102176607 [1]:15478677 [2]:141 [3]:365
[0]:102378439 [1]:15525414 [2]:141 [3]:62
[0]:102568538 [1]:15569341 [2]:141 [3]:360
[0]:102765824 [1]:15614900 [2]:141 [3]:355
[0]:102975438 [1]:15663263 [2]:141 [3]:352
[0]:103171720 [1]:15708598 [2]:141 [3]:58
[0]:103374864 [1]:15755533 [2]:141 [3]:363
[0]:103569177 [1]:15800440 [2]:141 [3]:360
[0]:103770613 [1]:15846986 [2]:141 [3]:368
[0]:103968523 [1]:15892638 [2]:141 [3]:358
[0]:104169961 [1]:15939159 [2]:141 [3]:73
[0]:104376186 [1]:15986751 [2]:141 [3]:370
[0]:104587385 [1]:16035526 [2]:141 [3]:63
[0]:104778506 [1]:16079643 [2]:142 [3]:64
[0]:104973315 [1]:16124684 [2]:142 [3]:356
[0]:105170003 [1]:16170106 [2]:142 [3]:366
[0]:105360502 [1]:16214133 [2]:142 [3]:362
[0]:105554987 [1]:16259031 [2]:142 [3]:356
[0]:105752655 [1]:16304619 [2]:142 [3]:366
[0]:105950541 [1]:16350330 [2]:142 [3]:355
[0]:106151870 [1]:16396858 [2]:142 [3]:362
[0]:106341152 [1]:16440588 [2]:142 [3]:358
[0]:106554967 [1]:16489978 [2]:142 [3]:363
[0]:106749231 [1]:16534767 [2]:142 [3]:61
[0]:106935880 [1]:16577923 [2]:142 [3]:359
[0]:107129668 [1]:16622722 [2]:142 [3]:364
[0]:107333547 [1]:16669840 [2]:142 [3]:362
[0]:107555491 [1]:16721145 [2]:143 [3]:361
[0]:107753789 [1]:16766881 [2]:143 [3]:363
[0]:107981755 [1]:16819484 [2]:143 [3]:362
[0]:108183366 [1]:16866006 [2]:143 [3]:365
[0]:108391810 [1]:16914125 [2]:143 [3]:359
[0]:108585732 [1]:16958823 [2]:143 [3]:359
[0]:108782531 [1]:17004304 [2]:143 [3]:356
[0]:108976001 [1]:17048954 [2]:143 [3]:56
[0]:109174787 [1]:17095008 [2]:143 [3]:354
[0]:109373156 [1]:17140871 [2]:143 [3]:361
[0]:109571041 [1]:17186577 [2]:143 [3]:359
[0]:109794957 [1]:17238294 [2]:143 [3]:361
[0]:109992963 [1]:17284045 [2]:143 [3]:360
[0]:110183107 [1]:17327979 [2]:143 [3]:359
[0]:110380767 [1]:17373524 [2]:144 [3]:353
[0]:110582750 [1]:17420153 [2]:144 [3]:363
[0]:110784217 [1]:17466721 [2]:144 [3]:361
[0]:110976072 [1]:17511078 [2]:144 [3]:56
[0]:111175898 [1]:17557261 [2]:144 [3]:360
[0]:111371971 [1]:17602496 [2]:144 [3]:358
[0]:111571740 [1]:17648673 [2]:144 [3]:361
[0]:111773265 [1]:17695250 [2]:144 [3]:57
[0]:111963623 [1]:17739288 [2]:144 [3]:362
[0]:112157700 [1]:17784121 [2]:144 [3]:365
[0]:112383545 [1]:17836252 [2]:144 [3]:59
[0]:112582020 [1]:17882173 [2]:144 [3]:369
[0]:112773569 [1]:17926471 [2]:144 [3]:369
[0]:112968184 [1]:17971423 [2]:144 [3]:365
[0]:113169625 [1]:18017976 [2]:145 [3]:355
[0]:113358488 [1]:18061556 [2]:145 [3]:360
[0]:113558041 [1]:18107643 [2]:145 [3]:60
[0]:113755301 [1]:18153218 [2]:145 [3]:359
[0]:113956838 [1]:18199763 [2]:145 [3]:358
[0]:114154288 [1]:18245291 [2]:145 [3]:363
[0]:114359880 [1]:18292830 [2]:145 [3]:363
[0]:114560648 [1]:18339236 [2]:145 [3]:361
[0]:114758279 [1]:18384936 [2]:145 [3]:362
[0]:114994883 [1]:18439551 [2]:145 [3]:367
[0]:115207012 [1]:18488410 [2]:145 [3]:361
[0]:115416044 [1]:18536707 [2]:145 [3]:364
[0]:115613811 [1]:18582470 [2]:145 [3]:360
[0]:115812301 [1]:18628311 [2]:145 [3]:357
[0]:116050457 [1]:18683358 [2]:146 [3]:361
[0]:116253602 [1]:18730248 [2]:146 [3]:54
[0]:116445523 [1]:18774558 [2]:146 [3]:354
[0]:116635326 [1]:18818384 [2]:146 [3]:61
[0]:116834376 [1]:18864389 [2]:146 [3]:360
[0]:117043417 [1]:18912594 [2]:146 [3]:58
[0]:117271502 [1]:18965322 [2]:146 [3]:65
[0]:117468967 [1]:19010950 [2]:146 [3]:63
[0]:117704014 [1]:19065268 [2]:146 [3]:60
[0]:117897632 [1]:19109946 [2]:146 [3]:366
[0]:118094972 [1]:19155543 [2]:146 [3]:359
[0]:118293964 [1]:19201531 [2]:146 [3]:58
[0]:118506060 [1]:19250589 [2]:146 [3]:358
[0]:118734219 [1]:19303288 [2]:147 [3]:361
[0]:118924491 [1]:19347181 [2]:147 [3]:54
[0]:119122395 [1]:19392935 [2]:147 [3]:358
[0]:119318496 [1]:19438244 [2]:147 [3]:63
[0]:119543817 [1]:19484687 [2]:147 [3]:356
[0]:119750541 [1]:19515484 [2]:147 [3]:365
[0]:119956836 [1]:19546239 [2]:147 [3]:372
[0]:120158532 [1]:19576256 [2]:147 [3]:363
[0]:120394512 [1]:19611515 [2]:147 [3]:373
[0]:120595810 [1]:19641438 [2]:147 [3]:364
[0]:120800746 [1]:19671827 [2]:147 [3]:361
[0]:121009746 [1]:19702843 [2]:147 [3]:360
[0]:121214441 [1]:19733262 [2]:147 [3]:367
[0]:121421646 [1]:19763987 [2]:147 [3]:363
[0]:121639897 [1]:19796325 [2]:147 [3]:359
[0]:121849032 [1]:19827283 [2]:147 [3]:77
[0]:122077838 [1]:19861254 [2]:147 [3]:359
[0]:122278616 [1]:19891061 [2]:147 [3]:80
[0]:122491290 [1]:19922683 [2]:147 [3]:357
[0]:122688463 [1]:19951864 [2]:147 [3]:355
[0]:122901254 [1]:19983525 [2]:147 [3]:354
[0]:123100254 [1]:20013024 [2]:147 [3]:373
[0]:123306923 [1]:20043663 [2]:147 [3]:360
[0]:123519885 [1]:20075359 [2]:147 [3]:358
[0]:123728811 [1]:20106306 [2]:147 [3]:364
[0]:123941417 [1]:20137820 [2]:147 [3]:368
[0]:124154479 [1]:20169388 [2]:147 [3]:73
[0]:124373432 [1]:20201948 [2]:147 [3]:369
[0]:124665365 [1]:20245259 [2]:147 [3]:364
[0]:124871584 [1]:20275966 [2]:147 [3]:368
[0]:125080391 [1]:20307139 [2]:147 [3]:369
[0]:125284697 [1]:20337499 [2]:147 [3]:356
[0]:125485918 [1]:20367379 [2]:147 [3]:371
[0]:125693727 [1]:20398146 [2]:147 [3]:369
[0]:125939715 [1]:20434558 [2]:147 [3]:359
[0]:126166977 [1]:20468374 [2]:147 [3]:362
[0]:126383281 [1]:20500478 [2]:147 [3]:369
[0]:126611383 [1]:20534224 [2]:147 [3]:316
[0]:126853682 [1]:20570316 [2]:147 [3]:356
[0]:127050041 [1]:20599521 [2]:147 [3]:357
[0]:127259713 [1]:20630680 [2]:147 [3]:76
[0]:127463787 [1]:20660981 [2]:147 [3]:358
[0]:127688821 [1]:20694372 [2]:147 [3]:73
[0]:127897926 [1]:20725462 [2]:147 [3]:350
[0]:128103839 [1]:20755957 [2]:147 [3]:356
[0]:128311463 [1]:20786679 [2]:147 [3]:368
[0]:128524766 [1]:20818379 [2]:147 [3]:362
[0]:128735311 [1]:20849461 [2]:147 [3]:362
[0]:128942133 [1]:20880135 [2]:147 [3]:367
[0]:129155212 [1]:20911760 [2]:147 [3]:361
[0]:129359860 [1]:20942060 [2]:147 [3]:369
[0]:129577105 [1]:20974203 [2]:147 [3]:361
[0]:129785935 [1]:21005333 [2]:147 [3]:373
[0]:129994664 [1]:21036366 [2]:147 [3]:362
[0]:130207378 [1]:21067983 [2]:147 [3]:356
[0]:130408248 [1]:21097719 [2]:147 [3]:354
[0]:130621395 [1]:21129274 [2]:147 [3]:362
[0]:130845581 [1]:21162515 [2]:147 [3]:82
[0]:131050918 [1]:21192955 [2]:147 [3]:360
[0]:131251954 [1]:21222724 [2]:147 [3]:79
[0]:131460692 [1]:21253694 [2]:147 [3]:364
[0]:131665847 [1]:21284158 [2]:147 [3]:367
[0]:131882507 [1]:21316283 [2]:147 [3]:363
[0]:132091559 [1]:21347247 [2]:147 [3]:359
[0]:132304035 [1]:21378792 [2]:147 [3]:364
[0]:132524868 [1]:21411526 [2]:147 [3]:358
[0]:132788542 [1]:21450677 [2]:147 [3]:75
[0]:132985682 [1]:21479933 [2]:147 [3]:367
[0]:133198885 [1]:21511557 [2]:147 [3]:83
[0]:133402700 [1]:21541865 [2]:147 [3]:82
[0]:133608425 [1]:21572363 [2]:147 [3]:363
[0]:133813676 [1]:21602795 [2]:147 [3]:368
[0]:134026484 [1]:21634303 [2]:147 [3]:74
[0]:134234900 [1]:21665351 [2]:147 [3]:370
[0]:134437220 [1]:21695301 [2]:147 [3]:362
[0]:134634368 [1]:21724516 [2]:147 [3]:77
[0]:134847010 [1]:21756037 [2]:147 [3]:85
[0]:135055070 [1]:21786952 [2]:147 [3]:358
[0]:135294040 [1]:21822441 [2]:147 [3]:371
[0]:135516254 [1]:21855290 [2]:147 [3]:366
[0]:135721050 [1]:21885726 [2]:147 [3]:369
[0]:135933924 [1]:21917290 [2]:147 [3]:360
[0]:136142765 [1]:21948300 [2]:147 [3]:81
[0]:136339712 [1]:21977547 [2]:147 [3]:362
[0]:136550396 [1]:22008800 [2]:147 [3]:359
[0]:136761479 [1]:22040162 [2]:147 [3]:365
[0]:136962495 [1]:22069965 [2]:147 [3]:373
[0]:137175321 [1]:22101479 [2]:147 [3]:370
[0]:137380136 [1]:22131925 [2]:147 [3]:364
[0]:137584963 [1]:22162305 [2]:147 [3]:361
[0]:137805715 [1]:22195092 [2]:147 [3]:365
[0]:138022384 [1]:22227290 [2]:147 [3]:365
[0]:138227532 [1]:22257694 [2]:147 [3]:359
[0]:138428501 [1]:22287513 [2]:147 [3]:360
[0]:138641345 [1]:22319136 [2]:147 [3]:365
[0]:138846029 [1]:22349625 [2]:147 [3]:374
[0]:139060047 [1]:22381506 [2]:147 [3]:363
[0]:139271141 [1]:22412868 [2]:147 [3]:363
[0]:139478770 [1]:22443570 [2]:147 [3]:363
[0]:139677962 [1]:22473211 [2]:147 [3]:362
[0]:139892197 [1]:22505100 [2]:147 [3]:359
[0]:140106855 [1]:22537040 [2]:147 [3]:367
[0]:140319903 [1]:22568638 [2]:147 [3]:366
[0]:140535912 [1]:22600640 [2]:147 [3]:74
[0]:140747825 [1]:22632126 [2]:147 [3]:364
[0]:140947999 [1]:22661880 [2]:147 [3]:360
[0]:141166963 [1]:22694334 [2]:147 [3]:368
[0]:141375587 [1]:22725357 [2]:147 [3]:74
[0]:141584745 [1]:22756470 [2]:147 [3]:365
[0]:141823148 [1]:22791919 [2]:147 [3]:372
[0]:142029776 [1]:22822752 [2]:147 [3]:83
[0]:142230761 [1]:22852593 [2]:147 [3]:367
[0]:142443317 [1]:22884137 [2]:147 [3]:368
[0]:142656431 [1]:22915681 [2]:147 [3]:73
[0]:142857155 [1]:22945442 [2]:147 [3]:360
[0]:143117578 [1]:22983983 [2]:147 [3]:367
[0]:143318783 [1]:23013984 [2]:147 [3]:370
[0]:143523278 [1]:23044253 [2]:147 [3]:370
[0]:143724921 [1]:23074146 [2]:147 [3]:366
[0]:143957180 [1]:23108605 [2]:147 [3]:358
[0]:144172409 [1]:23140555 [2]:147 [3]:360
[0]:144382526 [1]:23171638 [2]:147 [3]:85
[0]:144579708 [1]:23200894 [2]:147 [3]:362
[0]:144780394 [1]:23230753 [2]:147 [3]:360
[0]:144993380 [1]:23262395 [2]:147 [3]:358
[0]:145206165 [1]:23293994 [2]:147 [3]:372
[0]:145401370 [1]:23323007 [2]:147 [3]:358
[0]:145599675 [1]:23352470 [2]:147 [3]:360
[0]:145816764 [1]:23384655 [2]:147 [3]:359
[0]:146045587 [1]:23418642 [2]:147 [3]:81
[0]:146258197 [1]:23450176 [2]:147 [3]:362
[0]:146460799 [1]:23480149 [2]:147 [3]:361
[0]:146660419 [1]:23509730 [2]:147 [3]:370
[0]:146869321 [1]:23540794 [2]:147 [3]:360
[0]:147108962 [1]:23576382 [2]:147 [3]:368
[0]:147351633 [1]:23612462 [2]:147 [3]:86
[0]:147556346 [1]:23642873 [2]:147 [3]:367
[0]:147763829 [1]:23673649 [2]:147 [3]:83
[0]:147967620 [1]:23704037 [2]:147 [3]:374
[0]:148180108 [1]:23735518 [2]:147 [3]:360
[0]:148389781 [1]:23766607 [2]:147 [3]:363
[0]:148602288 [1]:23798241 [2]:147 [3]:360
[0]:148823708 [1]:23831276 [2]:147 [3]:373
[0]:149028586 [1]:23861658 [2]:147 [3]:76
[0]:149233431 [1]:23892064 [2]:147 [3]:363
[0]:149446266 [1]:23923533 [2]:147 [3]:362
[0]:149647262 [1]:23953367 [2]:147 [3]:365
[0]:149855848 [1]:23984423 [2]:147 [3]:372
[0]:150068242 [1]:24016280 [2]:147 [3]:75
[0]:150265388 [1]:24045464 [2]:147 [3]:364
[0]:150482351 [1]:24077767 [2]:147 [3]:372
[0]:150687057 [1]:24108126 [2]:147 [3]:373
[0]:150904045 [1]:24140517 [2]:147 [3]:369
[0]:151112969 [1]:24171547 [2]:147 [3]:374
[0]:151324744 [1]:24202915 [2]:147 [3]:361
[0]:151541878 [1]:24235284 [2]:147 [3]:356
[0]:151758229 [1]:24267365 [2]:147 [3]:364
[0]:151969230 [1]:24298646 [2]:147 [3]:353
[0]:152180734 [1]:24330029 [2]:147 [3]:366
[0]:152393851 [1]:24361531 [2]:147 [3]:357
[0]:152591567 [1]:24390799 [2]:147 [3]:79
[0]:152797548 [1]:24421393 [2]:147 [3]:92
[0]:153006903 [1]:24452542 [2]:147 [3]:364
[0]:153208949 [1]:24482524 [2]:147 [3]:363
[0]:153438161 [1]:24516490 [2]:147 [3]:361
[0]:153650979 [1]:24548051 [2]:147 [3]:364
[0]:153860200 [1]:24579208 [2]:147 [3]:363
[0]:154072692 [1]:24610748 [2]:147 [3]:69
[0]:154324558 [1]:24648112 [2]:147 [3]:361
[0]:154525695 [1]:24677970 [2]:147 [3]:354
[0]:154726726 [1]:24707892 [2]:147 [3]:375
[0]:154945593 [1]:24740437 [2]:147 [3]:366
[0]:155147697 [1]:24770463 [2]:147 [3]:87
[0]:155363606 [1]:24802369 [2]:147 [3]:80
[0]:155577942 [1]:24834133 [2]:147 [3]:363
[0]:155798416 [1]:24866812 [2]:147 [3]:361
[0]:156019183 [1]:24899554 [2]:147 [3]:359
[0]:156229698 [1]:24930781 [2]:147 [3]:372
[0]:156444675 [1]:24962641 [2]:147 [3]:360
[0]:156681352 [1]:24997808 [2]:147 [3]:354
[0]:156893906 [1]:25029358 [2]:147 [3]:369
[0]:157123185 [1]:25063392 [2]:147 [3]:367
[0]:157335249 [1]:25094725 [2]:147 [3]:365
[0]:157564296 [1]:25128660 [2]:147 [3]:360
[0]:157773097 [1]:25159690 [2]:147 [3]:370
[0]:157981945 [1]:25190692 [2]:147 [3]:369
[0]:158182830 [1]:25220391 [2]:147 [3]:360
[0]:158386329 [1]:25250648 [2]:147 [3]:376
[0]:158592848 [1]:25281233 [2]:147 [3]:369
[0]:158813386 [1]:25313973 [2]:147 [3]:364
[0]:159030101 [1]:25346098 [2]:147 [3]:78
[0]:159250870 [1]:25378895 [2]:147 [3]:84
[0]:159463687 [1]:25410511 [2]:147 [3]:368
[0]:159667530 [1]:25440744 [2]:147 [3]:361
[0]:159916843 [1]:25477738 [2]:147 [3]:371
[0]:160125665 [1]:25508653 [2]:147 [3]:78
[0]:160330722 [1]:25539106 [2]:147 [3]:362
[0]:160530498 [1]:25568681 [2]:147 [3]:364
[0]:160740233 [1]:25599906 [2]:147 [3]:369
[0]:160957526 [1]:25646626 [2]:147 [3]:62
[0]:161158524 [1]:25693029 [2]:147 [3]:364
[0]:161354870 [1]:25738384 [2]:147 [3]:63
[0]:161559173 [1]:25785593 [2]:147 [3]:362
[0]:161751037 [1]:25829965 [2]:147 [3]:365
[0]:161955603 [1]:25877282 [2]:147 [3]:65
[0]:162152790 [1]:25922746 [2]:147 [3]:365
[0]:162355207 [1]:25969540 [2]:147 [3]:364
[0]:162548058 [1]:26014052 [2]:147 [3]:359
[0]:162758297 [1]:26062696 [2]:147 [3]:363
[0]:162959788 [1]:26109161 [2]:147 [3]:60
[0]:163164092 [1]:26156411 [2]:147 [3]:360
[0]:163366344 [1]:26203144 [2]:147 [3]:369
[0]:163579362 [1]:26252398 [2]:147 [3]:61
[0]:163777046 [1]:26298061 [2]:147 [3]:366
[0]:163982567 [1]:26345466 [2]:147 [3]:357
[0]:164216957 [1]:26399641 [2]:147 [3]:54
[0]:164422924 [1]:26447303 [2]:148 [3]:355
[0]:164616938 [1]:26492115 [2]:148 [3]:361
[0]:164854478 [1]:26546958 [2]:148 [3]:359
[0]:165049841 [1]:26592119 [2]:148 [3]:54
[0]:165247806 [1]:26637854 [2]:148 [3]:352
[0]:165443510 [1]:26683117 [2]:148 [3]:364
[0]:165635264 [1]:26727416 [2]:148 [3]:361
[0]:165835750 [1]:26773648 [2]:148 [3]:363
[0]:166077544 [1]:26829459 [2]:148 [3]:364
[0]:166268627 [1]:26873623 [2]:148 [3]:361
[0]:166486610 [1]:26924001 [2]:148 [3]:68
[0]:166687196 [1]:26970210 [2]:148 [3]:360
[0]:166901370 [1]:27019677 [2]:148 [3]:363
[0]:167098445 [1]:27065184 [2]:149 [3]:363
[0]:167293456 [1]:27110247 [2]:149 [3]:361
[0]:167502339 [1]:27158508 [2]:149 [3]:352
[0]:167712394 [1]:27206954 [2]:149 [3]:360
[0]:167901437 [1]:27250627 [2]:149 [3]:367
[0]:168147909 [1]:27307516 [2]:149 [3]:361
[0]:168345990 [1]:27353303 [2]:149 [3]:365
[0]:168560033 [1]:27402700 [2]:149 [3]:362
[0]:168748953 [1]:27446406 [2]:149 [3]:352
[0]:168954246 [1]:27493880 [2]:149 [3]:364
[0]:169148307 [1]:27538754 [2]:149 [3]:366
[0]:169342474 [1]:27583605 [2]:149 [3]:364
[0]:169558902 [1]:27633619 [2]:149 [3]:362
[0]:169826158 [1]:27695462 [2]:149 [3]:367
[0]:170029095 [1]:27742387 [2]:150 [3]:362
[0]:170223206 [1]:27787233 [2]:150 [3]:60
[0]:170416362 [1]:27831761 [2]:150 [3]:356
[0]:170608571 [1]:27876238 [2]:150 [3]:363
[0]:170808731 [1]:27922504 [2]:150 [3]:365
[0]:171010917 [1]:27969173 [2]:150 [3]:360
[0]:171213433 [1]:28015951 [2]:150 [3]:362
[0]:171410176 [1]:28061341 [2]:150 [3]:360
[0]:171623042 [1]:28110560 [2]:150 [3]:362
[0]:171840940 [1]:28160947 [2]:150 [3]:358
[0]:172033350 [1]:28205451 [2]:150 [3]:63
[0]:172230593 [1]:28251000 [2]:150 [3]:364
[0]:172470150 [1]:28306300 [2]:150 [3]:53
[0]:172668893 [1]:28352222 [2]:150 [3]:360
[0]:172887970 [1]:28402847 [2]:150 [3]:356
[0]:173086575 [1]:28448716 [2]:150 [3]:364
[0]:173280164 [1]:28493374 [2]:150 [3]:360
[0]:173479399 [1]:28539428 [2]:150 [3]:365
[0]:173675714 [1]:28584784 [2]:150 [3]:361
[0]:173873471 [1]:28630540 [2]:150 [3]:361
[0]:174067479 [1]:28675373 [2]:150 [3]:55
[0]:174288342 [1]:28726291 [2]:150 [3]:361
[0]:174489147 [1]:28772669 [2]:150 [3]:360
[0]:174721002 [1]:28826281 [2]:150 [3]:355
[0]:174925587 [1]:28873533 [2]:150 [3]:362
[0]:175120297 [1]:28918439 [2]:150 [3]:358
[0]:175325519 [1]:28965848 [2]:150 [3]:367
[0]:175522838 [1]:29011447 [2]:150 [3]:361
[0]:175750956 [1]:29064105 [2]:150 [3]:364
[0]:175944406 [1]:29108796 [2]:150 [3]:360
[0]:176213648 [1]:29170918 [2]:150 [3]:362
[0]:176409800 [1]:29216314 [2]:150 [3]:363
[0]:176599338 [1]:29260118 [2]:150 [3]:362
[0]:176846795 [1]:29317349 [2]:150 [3]:364
[0]:177038748 [1]:29361628 [2]:150 [3]:361
[0]:177243999 [1]:29409047 [2]:150 [3]:363
[0]:177435422 [1]:29453256 [2]:150 [3]:358
[0]:177624164 [1]:29496833 [2]:150 [3]:355
[0]:177822419 [1]:29542597 [2]:150 [3]:365
[0]:178021230 [1]:29588423 [2]:150 [3]:364
[0]:178218318 [1]:29633936 [2]:150 [3]:360
[0]:178434745 [1]:29683966 [2]:150 [3]:360
[0]:178628778 [1]:29728804 [2]:150 [3]:364
[0]:178822980 [1]:29773568 [2]:150 [3]:358
[0]:179024479 [1]:29820111 [2]:150 [3]:361
[0]:179220620 [1]:29865415 [2]:150 [3]:362
[0]:179414771 [1]:29910306 [2]:150 [3]:359
[0]:179614127 [1]:29956387 [2]:150 [3]:55
[0]:179818022 [1]:30003442 [2]:150 [3]:355
[0]:180012788 [1]:30048499 [2]:150 [3]:358
[0]:180199879 [1]:30091755 [2]:150 [3]:363
[0]:180390576 [1]:30135805 [2]:150 [3]:358
[0]:180595871 [1]:30183199 [2]:150 [3]:361
[0]:180793593 [1]:30228841 [2]:150 [3]:361
[0]:180994717 [1]:30275389 [2]:150 [3]:358
[0]:181200479 [1]:30322998 [2]:150 [3]:362
[0]:181394355 [1]:30367775 [2]:150 [3]:360
[0]:181599858 [1]:30415307 [2]:150 [3]:363
[0]:181800595 [1]:30461686 [2]:150 [3]:351
[0]:182006847 [1]:30509384 [2]:150 [3]:354
[0]:182195614 [1]:30552943 [2]:150 [3]:366
[0]:182417203 [1]:30604172 [2]:150 [3]:356
[0]:182618748 [1]:30650644 [2]:150 [3]:357
[0]:182816289 [1]:30696266 [2]:150 [3]:359
[0]:183014349 [1]:30742007 [2]:150 [3]:364
[0]:183211883 [1]:30787665 [2]:150 [3]:356
[0]:183413457 [1]:30834242 [2]:150 [3]:361
[0]:183607849 [1]:30879067 [2]:150 [3]:360
[0]:183798307 [1]:30923091 [2]:150 [3]:355
[0]:183992343 [1]:30967933 [2]:150 [3]:366
[0]:184180297 [1]:31011366 [2]:150 [3]:358
[0]:184376655 [1]:31056782 [2]:150 [3]:362
[0]:184577934 [1]:31103200 [2]:150 [3]:366
[0]:184772338 [1]:31148121 [2]:150 [3]:360
[0]:184966485 [1]:31192947 [2]:150 [3]:366
[0]:185168639 [1]:31239592 [2]:150 [3]:358
[0]:185361737 [1]:31284143 [2]:150 [3]:355
[0]:185563437 [1]:31330704 [2]:150 [3]:363
[0]:185761661 [1]:31376553 [2]:150 [3]:356
[0]:185994743 [1]:31430398 [2]:150 [3]:364
[0]:186186410 [1]:31474673 [2]:150 [3]:55
[0]:186384174 [1]:31520282 [2]:150 [3]:366
[0]:186582044 [1]:31566026 [2]:150 [3]:355
[0]:186787897 [1]:31613591 [2]:150 [3]:353
[0]:186996615 [1]:31661869 [2]:150 [3]:56
[0]:187190963 [1]:31706825 [2]:150 [3]:359
[0]:187399934 [1]:31755141 [2]:150 [3]:359
[0]:187597862 [1]:31800934 [2]:150 [3]:65
[0]:187795563 [1]:31846623 [2]:150 [3]:359
[0]:187991970 [1]:31891986 [2]:150 [3]:356
[0]:188187552 [1]:31937186 [2]:150 [3]:357
[0]:188411419 [1]:31988967 [2]:150 [3]:61
[0]:188622118 [1]:32037680 [2]:150 [3]:365
[0]:188810503 [1]:32081199 [2]:150 [3]:357
[0]:189029489 [1]:32131775 [2]:150 [3]:363
[0]:189220717 [1]:32175943 [2]:150 [3]:359
[0]:189415251 [1]:32220880 [2]:150 [3]:366
[0]:189658640 [1]:32277163 [2]:150 [3]:361
[0]:189855907 [1]:32322745 [2]:150 [3]:352
[0]:190049893 [1]:32367442 [2]:150 [3]:358
[0]:190240232 [1]:32411452 [2]:150 [3]:360
[0]:190434064 [1]:32456200 [2]:150 [3]:58
[0]:190635682 [1]:32502808 [2]:150 [3]:364
[0]:190846866 [1]:32551640 [2]:150 [3]:358
[0]:191046434 [1]:32597632 [2]:150 [3]:369
[0]:191240327 [1]:32642441 [2]:150 [3]:355
[0]:191430865 [1]:32686470 [2]:150 [3]:359
[0]:191624197 [1]:32731133 [2]:150 [3]:356
[0]:191874296 [1]:32788854 [2]:150 [3]:362
[0]:192076745 [1]:32835642 [2]:150 [3]:60
[0]:192267313 [1]:32879687 [2]:150 [3]:362
[0]:192468605 [1]:32926176 [2]:150 [3]:59
[0]:192662674 [1]:32971057 [2]:150 [3]:348
[0]:192886722 [1]:33022747 [2]:150 [3]:362
[0]:193086451 [1]:33068915 [2]:150 [3]:355
[0]:193282971 [1]:33114276 [2]:150 [3]:367
[0]:193468867 [1]:33157217 [2]:150 [3]:365
[0]:193662951 [1]:33202081 [2]:150 [3]:365
[0]:193860521 [1]:33247629 [2]:150 [3]:356
[0]:194066112 [1]:33295192 [2]:150 [3]:361
[0]:194267668 [1]:33341766 [2]:150 [3]:367
[0]:194469110 [1]:33388325 [2]:150 [3]:363
[0]:194662553 [1]:33433011 [2]:150 [3]:365
[0]:194875701 [1]:33482167 [2]:150 [3]:359
[0]:195073877 [1]:33527913 [2]:150 [3]:53
[0]:195266373 [1]:33572311 [2]:150 [3]:359
[0]:195465747 [1]:33618378 [2]:150 [3]:367
[0]:195669742 [1]:33665446 [2]:150 [3]:360
[0]:195868898 [1]:33711438 [2]:150 [3]:360
[0]:196059348 [1]:33755484 [2]:150 [3]:58
[0]:196253263 [1]:33800341 [2]:150 [3]:365
[0]:196446692 [1]:33845052 [2]:150 [3]:363
[0]:196672781 [1]:33897193 [2]:150 [3]:365
[0]:196884295 [1]:33946049 [2]:150 [3]:363
[0]:197108233 [1]:33997763 [2]:150 [3]:365
[0]:197309392 [1]:34044194 [2]:150 [3]:361
[0]:197514831 [1]:34091597 [2]:150 [3]:61
[0]:197723658 [1]:34139823 [2]:150 [3]:360
[0]:197929289 [1]:34187391 [2]:150 [3]:361
[0]:198126976 [1]:34233080 [2]:150 [3]:65
[0]:198331960 [1]:34280536 [2]:150 [3]:366
[0]:198529413 [1]:34326100 [2]:150 [3]:358
[0]:198776426 [1]:34383199 [2]:150 [3]:66
[0]:198962831 [1]:34426232 [2]:150 [3]:362
[0]:199160844 [1]:34471942 [2]:150 [3]:360
[0]:199362501 [1]:34518511 [2]:150 [3]:367
[0]:199556488 [1]:34563340 [2]:150 [3]:365
[0]:199761738 [1]:34610760 [2]:150 [3]:56
[0]:199949314 [1]:34654041 [2]:150 [3]:357
[0]:200157391 [1]:34702210 [2]:150 [3]:356
[0]:200354929 [1]:34747841 [2]:150 [3]:55
[0]:200450428 [1]:34769923 [2]:150 [3]:361
[0]:200450428 [1]:34769923 [2]:150 [3]:361
[0]:200450428 [1]:34769923 [2]:150 [3]:361
[0]:200450428 [1]:34769923 [2]:150 [3]:361
[0]:200450428 [1]:34769923 [2]:150 [3]:361
[0]:200450428 [1]:34769923 [2]:150 [3]:361
[0]:200450428 [1]:34769923 [2]:150 [3]:361
[0]:200450428 [1]:34769923 [2]:150 [3]:361
[0]:200450428 [1]:34769923 [2]:150 [3]:361
[0]:200450428 [1]:34769923 [2]:150 [3]:361
[0]:200450428 [1]:34769923 [2]:150 [3]:361
[0]:200450428 [1]:34769923 [2]:150 [3]:361
                                                                                          [0]:200450428 [1]:34769923 [2]:150 [3]:361
[0]:200450428 [1]:34769923 [2]:150 [3]:361
[0]:200450428 [1]:34769923 [2]:150 [3]:361
[0]:200450428 [1]:34769923 [2]:150 [3]:361
[0]:200450428 [1]:34769923 [2]:150 [3]:361
[0]:200450428 [1]:34769923 [2]:150 [3]:361
