[0]:0 [1]:0 [2]:0 [3]:0
[0]:1219 [1]:0 [2]:0 [3]:312
[0]:232886 [1]:0 [2]:0 [3]:66
[0]:538800 [1]:0 [2]:0 [3]:311
[0]:768425 [1]:0 [2]:0 [3]:63
[0]:1006730 [1]:0 [2]:0 [3]:56
[0]:1210002 [1]:18221 [2]:120 [3]:72
[0]:1408928 [1]:40917 [2]:120 [3]:368
[0]:1614571 [1]:64196 [2]:120 [3]:59
[0]:1813072 [1]:86575 [2]:120 [3]:88
[0]:2026268 [1]:110853 [2]:120 [3]:65
[0]:2227502 [1]:133538 [2]:120 [3]:360
[0]:2426990 [1]:156003 [2]:120 [3]:56
[0]:2633224 [1]:179241 [2]:106 [3]:72
[0]:2827527 [1]:201419 [2]:106 [3]:366
[0]:3042518 [1]:225678 [2]:106 [3]:62
[0]:3228067 [1]:246565 [2]:106 [3]:68
[0]:3486415 [1]:275813 [2]:106 [3]:62
[0]:3680557 [1]:297669 [2]:106 [3]:369
[0]:3879269 [1]:320158 [2]:106 [3]:73
[0]:4077983 [1]:342581 [2]:106 [3]:62
[0]:4297292 [1]:367260 [2]:97 [3]:361
[0]:4501083 [1]:390263 [2]:97 [3]:74
[0]:4695714 [1]:412308 [2]:97 [3]:56
[0]:4894248 [1]:434630 [2]:97 [3]:76
[0]:5100716 [1]:457763 [2]:97 [3]:73
[0]:5298913 [1]:480053 [2]:97 [3]:360
[0]:5501391 [1]:502888 [2]:97 [3]:85
[0]:5699133 [1]:525188 [2]:89 [3]:55
[0]:5898430 [1]:547547 [2]:89 [3]:360
[0]:6089508 [1]:569047 [2]:89 [3]:366
[0]:6302417 [1]:593082 [2]:89 [3]:55
[0]:6501281 [1]:615579 [2]:89 [3]:55
[0]:6699723 [1]:637932 [2]:89 [3]:77
[0]:6901971 [1]:660677 [2]:89 [3]:55
[0]:7097931 [1]:682842 [2]:89 [3]:375
[0]:7288611 [1]:704437 [2]:84 [3]:360
[0]:7486148 [1]:726745 [2]:84 [3]:373
[0]:7680605 [1]:748719 [2]:84 [3]:372
[0]:7875076 [1]:770946 [2]:84 [3]:64
[0]:8073510 [1]:793390 [2]:84 [3]:92
[0]:8283095 [1]:816917 [2]:84 [3]:354
[0]:8485750 [1]:839700 [2]:84 [3]:354
[0]:8683213 [1]:861979 [2]:80 [3]:75
[0]:8948641 [1]:891826 [2]:80 [3]:67
[0]:9148728 [1]:914330 [2]:80 [3]:74
[0]:9343380 [1]:936344 [2]:80 [3]:57
[0]:9560732 [1]:960770 [2]:80 [3]:357
[0]:9762961 [1]:983490 [2]:80 [3]:372
[0]:9965439 [1]:1006341 [2]:80 [3]:67
[0]:10159460 [1]:1028185 [2]:80 [3]:357
[0]:10348333 [1]:1049453 [2]:77 [3]:364
[0]:10545587 [1]:1071594 [2]:77 [3]:359
[0]:10759388 [1]:1095666 [2]:77 [3]:63
[0]:10969006 [1]:1119461 [2]:77 [3]:87
[0]:11160304 [1]:1141042 [2]:77 [3]:376
[0]:11359149 [1]:1163632 [2]:77 [3]:60
[0]:11560202 [1]:1186352 [2]:77 [3]:363
[0]:11758464 [1]:1208817 [2]:75 [3]:64
[0]:11957091 [1]:1231203 [2]:75 [3]:58
[0]:12150278 [1]:1253007 [2]:75 [3]:52
[0]:12346512 [1]:1275178 [2]:75 [3]:75
[0]:12544917 [1]:1297508 [2]:75 [3]:63
[0]:12743288 [1]:1319939 [2]:75 [3]:364
[0]:12946478 [1]:1342797 [2]:75 [3]:62
[0]:13158126 [1]:1366683 [2]:75 [3]:354
[0]:13357813 [1]:1389281 [2]:74 [3]:374
[0]:13559914 [1]:1411944 [2]:74 [3]:359
[0]:13762379 [1]:1434731 [2]:74 [3]:60
[0]:13964373 [1]:1457701 [2]:74 [3]:371
[0]:14161428 [1]:1479793 [2]:74 [3]:71
[0]:14354569 [1]:1501734 [2]:74 [3]:68
[0]:14541547 [1]:1522809 [2]:74 [3]:366
[0]:14739467 [1]:1545199 [2]:74 [3]:61
[0]:14964187 [1]:1570438 [2]:73 [3]:361
[0]:15166440 [1]:1593269 [2]:73 [3]:72
[0]:15364919 [1]:1615586 [2]:73 [3]:71
[0]:15567085 [1]:1638466 [2]:73 [3]:67
[0]:15764222 [1]:1660579 [2]:73 [3]:60
[0]:15968093 [1]:1683517 [2]:73 [3]:358
[0]:16166521 [1]:1705896 [2]:73 [3]:355
[0]:16363742 [1]:1728213 [2]:73 [3]:66
[0]:16552121 [1]:1749465 [2]:73 [3]:361
[0]:16754423 [1]:1772208 [2]:73 [3]:368
[0]:16949254 [1]:1794136 [2]:73 [3]:61
[0]:17143902 [1]:1816095 [2]:73 [3]:66
[0]:17338621 [1]:1838095 [2]:73 [3]:63
[0]:17540710 [1]:1860957 [2]:73 [3]:355
[0]:17757850 [1]:1885490 [2]:73 [3]:368
[0]:17986097 [1]:1911280 [2]:73 [3]:363
[0]:18188543 [1]:1934072 [2]:73 [3]:70
[0]:18390811 [1]:1956882 [2]:73 [3]:359
[0]:18587664 [1]:1979088 [2]:73 [3]:56
[0]:18793886 [1]:2002345 [2]:73 [3]:80
[0]:18993830 [1]:2024946 [2]:73 [3]:57
[0]:19184699 [1]:2046453 [2]:73 [3]:366
[0]:19382675 [1]:2068932 [2]:73 [3]:65
[0]:19577548 [1]:2090950 [2]:73 [3]:58
[0]:19779856 [1]:2113766 [2]:73 [3]:349
[0]:19971190 [1]:2135257 [2]:73 [3]:59
[0]:20176765 [1]:2158432 [2]:73 [3]:362
[0]:20381784 [1]:2181553 [2]:73 [3]:365
[0]:20581500 [1]:2203992 [2]:73 [3]:65
[0]:20783534 [1]:2226880 [2]:73 [3]:68
[0]:20974375 [1]:2248434 [2]:73 [3]:366
[0]:21165332 [1]:2270090 [2]:73 [3]:357
[0]:21370938 [1]:2293386 [2]:73 [3]:363
[0]:21592087 [1]:2318433 [2]:73 [3]:367
[0]:21784784 [1]:2340191 [2]:73 [3]:68
[0]:22015008 [1]:2366194 [2]:73 [3]:57
[0]:22228189 [1]:2390283 [2]:73 [3]:362
[0]:22427721 [1]:2412757 [2]:74 [3]:61
[0]:22657857 [1]:2438753 [2]:74 [3]:358
[0]:22865001 [1]:2462202 [2]:74 [3]:56
[0]:23063398 [1]:2484630 [2]:74 [3]:65
[0]:23257998 [1]:2506570 [2]:74 [3]:358
[0]:23452905 [1]:2528507 [2]:74 [3]:66
[0]:23677631 [1]:2553861 [2]:74 [3]:64
[0]:23868472 [1]:2575303 [2]:74 [3]:356
[0]:24089530 [1]:2600126 [2]:73 [3]:348
[0]:24280780 [1]:2621673 [2]:73 [3]:353
[0]:24483327 [1]:2644465 [2]:73 [3]:51
[0]:24686728 [1]:2667320 [2]:73 [3]:71
[0]:24899138 [1]:2691282 [2]:73 [3]:359
[0]:25101247 [1]:2713974 [2]:73 [3]:369
[0]:25297435 [1]:2736099 [2]:73 [3]:69
[0]:25498010 [1]:2758814 [2]:73 [3]:64
[0]:25692844 [1]:2780679 [2]:73 [3]:359
[0]:25892298 [1]:2803214 [2]:73 [3]:67
[0]:26153930 [1]:2832726 [2]:73 [3]:367
[0]:26348250 [1]:2854583 [2]:73 [3]:77
[0]:26542934 [1]:2876533 [2]:73 [3]:54
[0]:26740010 [1]:2898860 [2]:73 [3]:56
[0]:26936020 [1]:2920923 [2]:73 [3]:372
[0]:27127909 [1]:2942448 [2]:73 [3]:356
[0]:27351543 [1]:2967719 [2]:73 [3]:77
[0]:27550494 [1]:2990047 [2]:73 [3]:67
