[0]:0 [1]:0 [2]:0 [3]:0
[0]:8448 [1]:2041 [2]:0 [3]:348
[0]:195571 [1]:47788 [2]:0 [3]:366
[0]:397410 [1]:97107 [2]:0 [3]:359
[0]:602411 [1]:147231 [2]:0 [3]:366
[0]:820890 [1]:200635 [2]:0 [3]:364
[0]:1019023 [1]:248953 [2]:0 [3]:362
[0]:1219992 [1]:298084 [2]:0 [3]:64
[0]:1433619 [1]:350262 [2]:0 [3]:366
[0]:1661457 [1]:405959 [2]:0 [3]:366
[0]:1866429 [1]:455969 [2]:0 [3]:365
[0]:2057646 [1]:502717 [2]:0 [3]:363
[0]:2255400 [1]:551056 [2]:0 [3]:366
[0]:2446248 [1]:597669 [2]:0 [3]:356
[0]:2648021 [1]:646943 [2]:0 [3]:360
[0]:2876014 [1]:702571 [2]:0 [3]:363
[0]:3115261 [1]:761095 [2]:0 [3]:359
[0]:3313168 [1]:809442 [2]:0 [3]:361
[0]:3504494 [1]:856155 [2]:0 [3]:357
[0]:3700411 [1]:903963 [2]:0 [3]:52
[0]:3895877 [1]:951715 [2]:0 [3]:364
[0]:4131264 [1]:1009278 [2]:0 [3]:365
[0]:4359436 [1]:1064982 [2]:0 [3]:358
[0]:4594188 [1]:1122283 [2]:0 [3]:363
[0]:4800397 [1]:1172674 [2]:0 [3]:356
[0]:4995783 [1]:1220405 [2]:0 [3]:360
[0]:5207679 [1]:1272183 [2]:0 [3]:55
[0]:5409804 [1]:1321530 [2]:0 [3]:368
[0]:5607390 [1]:1369789 [2]:0 [3]:358
[0]:5812783 [1]:1419971 [2]:0 [3]:363
[0]:6018346 [1]:1470208 [2]:0 [3]:357
[0]:6216585 [1]:1518641 [2]:0 [3]:354
[0]:6407091 [1]:1565176 [2]:0 [3]:359
[0]:6604729 [1]:1613431 [2]:0 [3]:362
[0]:6835859 [1]:1669948 [2]:0 [3]:359
[0]:7030872 [1]:1717596 [2]:0 [3]:59
[0]:7232573 [1]:1766840 [2]:0 [3]:362
[0]:7427286 [1]:1814346 [2]:0 [3]:362
[0]:7628736 [1]:1863559 [2]:0 [3]:359
[0]:7877625 [1]:1924370 [2]:0 [3]:357
[0]:8073837 [1]:1972294 [2]:0 [3]:357
[0]:8265551 [1]:2019144 [2]:0 [3]:352
[0]:8454838 [1]:2065329 [2]:0 [3]:356
[0]:8659326 [1]:2115320 [2]:0 [3]:361
[0]:8909927 [1]:2176569 [2]:0 [3]:353
[0]:9101323 [1]:2223319 [2]:0 [3]:57
[0]:9295577 [1]:2270698 [2]:0 [3]:357
[0]:9489363 [1]:2318073 [2]:0 [3]:357
[0]:9688672 [1]:2366774 [2]:0 [3]:356
[0]:9882419 [1]:2414086 [2]:0 [3]:359
[0]:10078764 [1]:2462133 [2]:0 [3]:364
[0]:10278164 [1]:2510817 [2]:0 [3]:357
[0]:10476133 [1]:2559203 [2]:0 [3]:53
[0]:10670578 [1]:2606734 [2]:0 [3]:359
[0]:10865011 [1]:2654222 [2]:0 [3]:356
[0]:11066404 [1]:2703467 [2]:0 [3]:358
[0]:11289542 [1]:2757889 [2]:0 [3]:355
[0]:11479492 [1]:2804318 [2]:0 [3]:356
[0]:11679120 [1]:2853155 [2]:0 [3]:362
[0]:11883048 [1]:2902995 [2]:0 [3]:362
[0]:12071843 [1]:2949054 [2]:0 [3]:358
[0]:12281080 [1]:3000225 [2]:0 [3]:62
[0]:12501476 [1]:3054059 [2]:0 [3]:363
[0]:12699281 [1]:3102383 [2]:0 [3]:361
[0]:12905069 [1]:3152698 [2]:0 [3]:59
[0]:13099880 [1]:3200197 [2]:0 [3]:362
[0]:13297453 [1]:3248486 [2]:0 [3]:55
[0]:13497243 [1]:3297259 [2]:0 [3]:358
[0]:13708465 [1]:3348940 [2]:0 [3]:358
[0]:13900922 [1]:3395996 [2]:0 [3]:359
[0]:14104379 [1]:3445609 [2]:0 [3]:361
[0]:14313857 [1]:3496738 [2]:0 [3]:363
[0]:14562402 [1]:3557638 [2]:0 [3]:353
[0]:14761856 [1]:3606404 [2]:0 [3]:59
[0]:14956373 [1]:3653879 [2]:0 [3]:362
[0]:15150513 [1]:3701338 [2]:0 [3]:351
[0]:15348834 [1]:3749821 [2]:0 [3]:365
[0]:15538327 [1]:3796182 [2]:0 [3]:368
[0]:15733642 [1]:3843950 [2]:0 [3]:365
[0]:15947095 [1]:3896082 [2]:0 [3]:69
[0]:16193165 [1]:3956228 [2]:0 [3]:354
[0]:16393967 [1]:4005335 [2]:0 [3]:62
[0]:16592950 [1]:4053948 [2]:0 [3]:365
[0]:16813253 [1]:4107719 [2]:0 [3]:358
[0]:17006665 [1]:4155007 [2]:0 [3]:355
[0]:17198305 [1]:4201839 [2]:0 [3]:363
[0]:17403833 [1]:4252060 [2]:0 [3]:358
[0]:17598128 [1]:4299571 [2]:0 [3]:360
[0]:17910734 [1]:4375900 [2]:0 [3]:353
[0]:18113815 [1]:4425483 [2]:0 [3]:361
[0]:18311772 [1]:4473971 [2]:0 [3]:364
[0]:18538992 [1]:4529451 [2]:0 [3]:358
[0]:18737802 [1]:4577984 [2]:0 [3]:361
[0]:18937811 [1]:4626843 [2]:0 [3]:363
[0]:19142855 [1]:4676980 [2]:0 [3]:361
[0]:19346956 [1]:4726863 [2]:0 [3]:367
[0]:19542535 [1]:4774573 [2]:0 [3]:362
[0]:19735457 [1]:4821710 [2]:0 [3]:360
[0]:19931306 [1]:4869530 [2]:0 [3]:359
[0]:20131263 [1]:4918354 [2]:0 [3]:56
[0]:20325731 [1]:4965893 [2]:0 [3]:360
[0]:20523704 [1]:5014223 [2]:0 [3]:362
[0]:20722086 [1]:5062739 [2]:0 [3]:356
[0]:20923086 [1]:5111872 [2]:0 [3]:363
[0]:21119919 [1]:5159964 [2]:0 [3]:355
[0]:21338342 [1]:5213395 [2]:0 [3]:358
[0]:21532002 [1]:5260645 [2]:0 [3]:365
[0]:21741981 [1]:5311980 [2]:0 [3]:362
[0]:21972623 [1]:5368342 [2]:0 [3]:358
[0]:22176146 [1]:5418067 [2]:0 [3]:358
[0]:22376580 [1]:5466954 [2]:0 [3]:355
[0]:22594029 [1]:5520117 [2]:0 [3]:356
[0]:22788131 [1]:5567521 [2]:0 [3]:364
[0]:23023532 [1]:5625023 [2]:0 [3]:361
[0]:23236287 [1]:5677009 [2]:0 [3]:354
[0]:23442152 [1]:5727233 [2]:0 [3]:358
[0]:23655203 [1]:5779301 [2]:0 [3]:362
[0]:23871799 [1]:5832253 [2]:0 [3]:358
[0]:24073612 [1]:5881571 [2]:0 [3]:355
[0]:24275077 [1]:5930750 [2]:0 [3]:358
[0]:24469315 [1]:5978222 [2]:0 [3]:365
[0]:24671475 [1]:6027578 [2]:0 [3]:366
[0]:24875821 [1]:6077550 [2]:0 [3]:367
[0]:25076497 [1]:6126601 [2]:0 [3]:355
[0]:25273136 [1]:6174561 [2]:0 [3]:363
[0]:25467390 [1]:6222094 [2]:0 [3]:353
[0]:25728822 [1]:6285980 [2]:0 [3]:61
[0]:25937879 [1]:6337054 [2]:0 [3]:356
[0]:26143699 [1]:6387270 [2]:0 [3]:364
[0]:26349316 [1]:6437509 [2]:0 [3]:361
[0]:26567565 [1]:6490905 [2]:0 [3]:363
[0]:26770932 [1]:6540585 [2]:0 [3]:361
[0]:26965674 [1]:6588195 [2]:0 [3]:358
[0]:27197463 [1]:6644720 [2]:0 [3]:360
[0]:27402321 [1]:6694788 [2]:0 [3]:361
[0]:27613476 [1]:6746429 [2]:0 [3]:362
[0]:27810229 [1]:6794523 [2]:0 [3]:357
[0]:28008306 [1]:6842877 [2]:0 [3]:350
[0]:28202664 [1]:6890450 [2]:0 [3]:363
[0]:28396963 [1]:6937869 [2]:0 [3]:357
[0]:28596534 [1]:6986589 [2]:0 [3]:361
[0]:28841354 [1]:7046404 [2]:0 [3]:361
[0]:29032037 [1]:7092969 [2]:0 [3]:364
[0]:29238588 [1]:7143457 [2]:0 [3]:360
[0]:29444482 [1]:7193749 [2]:0 [3]:361
[0]:29652147 [1]:7244518 [2]:0 [3]:368
[0]:29905906 [1]:7306466 [2]:0 [3]:360
[0]:30124797 [1]:7359979 [2]:0 [3]:367
[0]:30324477 [1]:7408796 [2]:0 [3]:59
[0]:30515379 [1]:7455438 [2]:0 [3]:354
[0]:30717768 [1]:7504897 [2]:0 [3]:62
[0]:30919011 [1]:7554010 [2]:0 [3]:362
[0]:31119702 [1]:7603016 [2]:0 [3]:363
[0]:31310727 [1]:7649691 [2]:0 [3]:60
[0]:31515499 [1]:7699740 [2]:0 [3]:365
[0]:31813311 [1]:7772417 [2]:0 [3]:367
[0]:32005996 [1]:7819483 [2]:0 [3]:361
[0]:32200235 [1]:7866903 [2]:0 [3]:362
[0]:32452851 [1]:7928604 [2]:0 [3]:363
[0]:32656351 [1]:7978261 [2]:0 [3]:364
[0]:32854396 [1]:8026651 [2]:0 [3]:357
[0]:33050200 [1]:8074537 [2]:0 [3]:362
[0]:33239431 [1]:8120739 [2]:0 [3]:64
[0]:33452896 [1]:8172944 [2]:0 [3]:360
[0]:33657960 [1]:8223018 [2]:0 [3]:366
[0]:33855760 [1]:8271362 [2]:0 [3]:353
[0]:34053851 [1]:8319819 [2]:0 [3]:352
[0]:34259368 [1]:8370054 [2]:0 [3]:354
[0]:34463774 [1]:8419992 [2]:0 [3]:366
[0]:34665969 [1]:8469470 [2]:0 [3]:355
[0]:34864805 [1]:8518029 [2]:0 [3]:356
[0]:35058749 [1]:8565407 [2]:0 [3]:363
[0]:35253443 [1]:8613007 [2]:0 [3]:365
[0]:35446421 [1]:8660180 [2]:0 [3]:365
[0]:35641879 [1]:8707889 [2]:0 [3]:363
[0]:35843806 [1]:8757207 [2]:0 [3]:364
[0]:36041605 [1]:8805569 [2]:0 [3]:359
[0]:36235319 [1]:8852869 [2]:0 [3]:358
[0]:36434131 [1]:8901407 [2]:0 [3]:361
[0]:36630918 [1]:8949443 [2]:0 [3]:358
[0]:36826500 [1]:8997187 [2]:0 [3]:361
[0]:37020732 [1]:9044652 [2]:0 [3]:371
[0]:37217915 [1]:9092875 [2]:0 [3]:359
[0]:37416882 [1]:9141402 [2]:0 [3]:363
[0]:37618651 [1]:9190712 [2]:0 [3]:359
[0]:37824144 [1]:9240934 [2]:0 [3]:365
[0]:38025918 [1]:9290243 [2]:0 [3]:361
[0]:38231489 [1]:9340457 [2]:0 [3]:351
[0]:38433248 [1]:9389782 [2]:0 [3]:352
