[0]:59322977 [1]:59322977 [2]:0 [3]:541
[0]:59504371 [1]:59504371 [2]:0 [3]:534
[0]:59646592 [1]:59646593 [2]:0 [3]:252
[0]:59781980 [1]:59781980 [2]:0 [3]:554
[0]:59929003 [1]:59929003 [2]:0 [3]:172
[0]:60066305 [1]:60066306 [2]:0 [3]:260
[0]:60218516 [1]:60218519 [2]:0 [3]:536
[0]:60355611 [1]:60355611 [2]:0 [3]:192
[0]:60506379 [1]:60506379 [2]:0 [3]:142
[0]:60655471 [1]:60655472 [2]:0 [3]:346
[0]:60793583 [1]:60793585 [2]:0 [3]:564
[0]:60939464 [1]:60939464 [2]:0 [3]:251
[0]:61080971 [1]:61080973 [2]:0 [3]:155
[0]:61232571 [1]:61232572 [2]:0 [3]:173
[0]:61380058 [1]:61380058 [2]:0 [3]:573
[0]:61576157 [1]:61576157 [2]:0 [3]:184
[0]:61725178 [1]:61725178 [2]:0 [3]:528
[0]:61865751 [1]:61865751 [2]:0 [3]:181
[0]:62011780 [1]:62011781 [2]:0 [3]:133
[0]:62151133 [1]:62151134 [2]:0 [3]:143
[0]:62308449 [1]:62308449 [2]:0 [3]:542
[0]:62447766 [1]:62447766 [2]:0 [3]:115
[0]:62584872 [1]:62584872 [2]:0 [3]:150
[0]:62733636 [1]:62733636 [2]:0 [3]:100
[0]:62877971 [1]:62877973 [2]:0 [3]:150
[0]:63022724 [1]:63022724 [2]:0 [3]:187
[0]:63160767 [1]:63160769 [2]:0 [3]:155
[0]:63295910 [1]:63295910 [2]:0 [3]:117
[0]:63432016 [1]:63432017 [2]:0 [3]:91
[0]:63617554 [1]:63617555 [2]:0 [3]:148
[0]:63764058 [1]:63764059 [2]:0 [3]:562
[0]:63901727 [1]:63901727 [2]:0 [3]:132
[0]:64095966 [1]:64095966 [2]:0 [3]:559
[0]:64232846 [1]:64232846 [2]:0 [3]:130
[0]:64373009 [1]:64373009 [2]:0 [3]:548
[0]:64526710 [1]:64526710 [2]:0 [3]:136
[0]:64711545 [1]:64711547 [2]:0 [3]:531
[0]:64848435 [1]:64848438 [2]:0 [3]:556
[0]:64983695 [1]:64983694 [2]:0 [3]:224
[0]:65119081 [1]:65119083 [2]:0 [3]:547
[0]:65257117 [1]:65257117 [2]:0 [3]:268
[0]:65402977 [1]:65402977 [2]:0 [3]:102
[0]:65543711 [1]:65543712 [2]:0 [3]:560
[0]:65691999 [1]:65691999 [2]:0 [3]:150
[0]:65835746 [1]:65835746 [2]:0 [3]:161
[0]:65994940 [1]:65994940 [2]:0 [3]:149
[0]:66133402 [1]:66133402 [2]:0 [3]:555
[0]:66290736 [1]:66290737 [2]:0 [3]:114
[0]:66430009 [1]:66430009 [2]:0 [3]:122
[0]:66568784 [1]:66568784 [2]:0 [3]:536
[0]:66706368 [1]:66706370 [2]:0 [3]:210
[0]:66842856 [1]:66842857 [2]:0 [3]:139
[0]:66983851 [1]:66983851 [2]:0 [3]:159
[0]:67122669 [1]:67122669 [2]:0 [3]:530
[0]:67263251 [1]:67263251 [2]:0 [3]:121
[0]:67402592 [1]:67402594 [2]:0 [3]:143
[0]:67536634 [1]:67536635 [2]:0 [3]:118
[0]:67686495 [1]:67686495 [2]:0 [3]:127
[0]:67833931 [1]:67833932 [2]:0 [3]:550
[0]:67977282 [1]:67977282 [2]:0 [3]:524
[0]:68124010 [1]:68124009 [2]:0 [3]:533
[0]:68285072 [1]:68285072 [2]:0 [3]:529
[0]:68419948 [1]:68419949 [2]:0 [3]:127
[0]:68555803 [1]:68555804 [2]:0 [3]:166
[0]:68691103 [1]:68691103 [2]:0 [3]:130
[0]:68834429 [1]:68834430 [2]:0 [3]:540
[0]:68968687 [1]:68968687 [2]:0 [3]:117
[0]:69123455 [1]:69123455 [2]:0 [3]:198
[0]:69269341 [1]:69269342 [2]:0 [3]:217
[0]:69470533 [1]:69470533 [2]:0 [3]:569
[0]:69608610 [1]:69608610 [2]:0 [3]:148
[0]:69747233 [1]:69747235 [2]:0 [3]:203
[0]:69882711 [1]:69882712 [2]:0 [3]:126
[0]:70020503 [1]:70020503 [2]:0 [3]:128
[0]:70200899 [1]:70200899 [2]:0 [3]:557
[0]:70340682 [1]:70340682 [2]:0 [3]:203
[0]:70527590 [1]:70527590 [2]:0 [3]:538
[0]:70673312 [1]:70673312 [2]:0 [3]:143
[0]:70848510 [1]:70848513 [2]:0 [3]:536
[0]:70985205 [1]:70985206 [2]:0 [3]:572
[0]:71121672 [1]:71121672 [2]:0 [3]:165
[0]:71257183 [1]:71257184 [2]:0 [3]:545
[0]:71397513 [1]:71397513 [2]:0 [3]:132
[0]:71538367 [1]:71538367 [2]:0 [3]:136
[0]:71679084 [1]:71679084 [2]:0 [3]:167
[0]:71875992 [1]:71875992 [2]:0 [3]:100
[0]:72010862 [1]:72010862 [2]:0 [3]:559
[0]:72156368 [1]:72156369 [2]:0 [3]:159
[0]:72300250 [1]:72300250 [2]:0 [3]:193
[0]:72455446 [1]:72455448 [2]:0 [3]:548
[0]:72592082 [1]:72592082 [2]:0 [3]:136
[0]:72732666 [1]:72732667 [2]:0 [3]:278
[0]:72877365 [1]:72877365 [2]:0 [3]:310
[0]:73013376 [1]:73013377 [2]:0 [3]:254
[0]:73186790 [1]:73186790 [2]:0 [3]:113
[0]:73329242 [1]:73329242 [2]:0 [3]:115
[0]:73481124 [1]:73481124 [2]:0 [3]:135
[0]:73623318 [1]:73623319 [2]:0 [3]:556
[0]:73762307 [1]:73762307 [2]:0 [3]:295
[0]:73900119 [1]:73900120 [2]:0 [3]:530
[0]:74032994 [1]:74032994 [2]:0 [3]:534
[0]:74173710 [1]:74173710 [2]:0 [3]:541
[0]:74314377 [1]:74314377 [2]:0 [3]:538
[0]:74481821 [1]:74481821 [2]:0 [3]:133
[0]:74622257 [1]:74622257 [2]:0 [3]:548
[0]:74768209 [1]:74768210 [2]:0 [3]:552
[0]:74906180 [1]:74906180 [2]:0 [3]:168
[0]:75099456 [1]:75099456 [2]:0 [3]:540
[0]:75239247 [1]:75239247 [2]:0 [3]:102
[0]:75381053 [1]:75381053 [2]:0 [3]:554
[0]:75516533 [1]:75516534 [2]:0 [3]:549
[0]:75657246 [1]:75657246 [2]:0 [3]:541
[0]:75797852 [1]:75797852 [2]:0 [3]:214
[0]:75962355 [1]:75962355 [2]:0 [3]:112
[0]:76097921 [1]:76097921 [2]:0 [3]:573
[0]:76240150 [1]:76240151 [2]:0 [3]:554
[0]:76381649 [1]:76381649 [2]:0 [3]:165
[0]:76522294 [1]:76522294 [2]:0 [3]:547
[0]:76660160 [1]:76660160 [2]:0 [3]:524
[0]:76805604 [1]:76805604 [2]:0 [3]:532
[0]:76954726 [1]:76954726 [2]:0 [3]:536
[0]:77087872 [1]:77087871 [2]:0 [3]:146
[0]:77248282 [1]:77248284 [2]:0 [3]:529
[0]:77387323 [1]:77387323 [2]:0 [3]:548
[0]:77538842 [1]:77538860 [2]:0 [3]:163
[0]:77683966 [1]:77683967 [2]:0 [3]:547
[0]:77835846 [1]:77835846 [2]:0 [3]:562
[0]:77976548 [1]:77976548 [2]:0 [3]:569
[0]:78118380 [1]:78118380 [2]:0 [3]:163
[0]:78254882 [1]:78254882 [2]:0 [3]:547
[0]:78408690 [1]:78408690 [2]:0 [3]:564
[0]:78560422 [1]:78560423 [2]:0 [3]:571
[0]:78722272 [1]:78722272 [2]:0 [3]:531
[0]:78868323 [1]:78868323 [2]:0 [3]:135
[0]:79022253 [1]:79022253 [2]:0 [3]:127
