[0]:118988311 [1]:118988311 [2]:0 [3]:106
[0]:119132213 [1]:119132216 [2]:0 [3]:112
[0]:119271021 [1]:119271021 [2]:0 [3]:84
[0]:119406297 [1]:119406297 [2]:0 [3]:519
[0]:119544440 [1]:119544440 [2]:0 [3]:134
[0]:119682306 [1]:119682307 [2]:0 [3]:520
[0]:119820149 [1]:119820149 [2]:0 [3]:509
[0]:119960835 [1]:119960835 [2]:0 [3]:514
[0]:120104028 [1]:120104028 [2]:0 [3]:521
[0]:120240832 [1]:120240833 [2]:0 [3]:81
[0]:120385239 [1]:120385239 [2]:0 [3]:62
[0]:120528634 [1]:120528634 [2]:0 [3]:122
[0]:120669213 [1]:120669213 [2]:0 [3]:521
[0]:120808198 [1]:120808198 [2]:0 [3]:508
[0]:120947876 [1]:120947877 [2]:0 [3]:519
[0]:121085869 [1]:121085870 [2]:0 [3]:83
[0]:121221244 [1]:121221245 [2]:0 [3]:170
[0]:121363570 [1]:121363570 [2]:0 [3]:158
[0]:121571515 [1]:121571515 [2]:0 [3]:144
[0]:121714600 [1]:121714600 [2]:0 [3]:513
[0]:121855138 [1]:121855138 [2]:0 [3]:184
[0]:121998460 [1]:121998460 [2]:0 [3]:506
[0]:122133735 [1]:122133736 [2]:0 [3]:543
[0]:122269691 [1]:122269691 [2]:0 [3]:526
[0]:122411760 [1]:122411760 [2]:0 [3]:173
[0]:122555617 [1]:122555617 [2]:0 [3]:515
[0]:122696440 [1]:122696441 [2]:0 [3]:522
[0]:122839415 [1]:122839415 [2]:0 [3]:111
[0]:122977092 [1]:122977094 [2]:0 [3]:511
[0]:123115589 [1]:123115589 [2]:0 [3]:82
[0]:123248092 [1]:123248092 [2]:0 [3]:503
[0]:123391375 [1]:123391375 [2]:0 [3]:103
[0]:123524775 [1]:123524778 [2]:0 [3]:104
[0]:123664680 [1]:123664680 [2]:0 [3]:134
[0]:123805215 [1]:123805214 [2]:0 [3]:516
[0]:124004586 [1]:124004586 [2]:0 [3]:108
[0]:124150148 [1]:124150148 [2]:0 [3]:120
[0]:124296906 [1]:124296907 [2]:0 [3]:114
[0]:124434200 [1]:124434200 [2]:0 [3]:522
[0]:124574464 [1]:124574464 [2]:0 [3]:80
[0]:124720014 [1]:124720014 [2]:0 [3]:182
[0]:124863933 [1]:124863933 [2]:0 [3]:509
[0]:125031144 [1]:125031144 [2]:0 [3]:515
[0]:125166436 [1]:125166436 [2]:0 [3]:110
[0]:125328676 [1]:125328676 [2]:0 [3]:109
[0]:125474363 [1]:125474363 [2]:0 [3]:82
[0]:125635990 [1]:125635990 [2]:0 [3]:498
[0]:125768692 [1]:125768695 [2]:0 [3]:515
[0]:125933163 [1]:125933164 [2]:0 [3]:511
[0]:126068531 [1]:126068531 [2]:0 [3]:105
[0]:126203879 [1]:126203880 [2]:0 [3]:102
[0]:126365666 [1]:126365666 [2]:0 [3]:126
[0]:126535500 [1]:126535501 [2]:0 [3]:79
[0]:126699927 [1]:126699927 [2]:0 [3]:101
[0]:126858981 [1]:126858981 [2]:0 [3]:541
[0]:127034374 [1]:127034375 [2]:0 [3]:127
[0]:127174985 [1]:127174985 [2]:0 [3]:101
[0]:127313304 [1]:127313304 [2]:0 [3]:517
[0]:127452759 [1]:127452759 [2]:0 [3]:99
[0]:127588591 [1]:127588593 [2]:0 [3]:114
[0]:127729432 [1]:127729432 [2]:0 [3]:68
[0]:127867780 [1]:127867780 [2]:0 [3]:96
[0]:128000118 [1]:128000120 [2]:0 [3]:529
[0]:128138019 [1]:128138019 [2]:0 [3]:77
[0]:128281243 [1]:128281243 [2]:0 [3]:507
[0]:128413213 [1]:128413214 [2]:0 [3]:110
[0]:128556862 [1]:128556862 [2]:0 [3]:144
[0]:128700484 [1]:128700486 [2]:0 [3]:496
[0]:128842316 [1]:128842317 [2]:0 [3]:511
[0]:128977287 [1]:128977287 [2]:0 [3]:111
[0]:129114262 [1]:129114262 [2]:0 [3]:510
[0]:129252256 [1]:129252257 [2]:0 [3]:520
[0]:129390174 [1]:129390175 [2]:0 [3]:92
[0]:129546741 [1]:129546741 [2]:0 [3]:106
[0]:129721465 [1]:129721466 [2]:0 [3]:507
[0]:129851814 [1]:129851814 [2]:0 [3]:514
[0]:130001576 [1]:130001579 [2]:0 [3]:512
[0]:130135810 [1]:130135810 [2]:0 [3]:514
[0]:130276666 [1]:130276666 [2]:0 [3]:508
[0]:130417742 [1]:130417742 [2]:0 [3]:81
[0]:130562792 [1]:130562791 [2]:0 [3]:94
[0]:130700832 [1]:130700832 [2]:0 [3]:98
[0]:130851995 [1]:130851995 [2]:0 [3]:149
[0]:131030723 [1]:131030723 [2]:0 [3]:141
[0]:131170558 [1]:131170558 [2]:0 [3]:107
[0]:131311024 [1]:131311024 [2]:0 [3]:140
[0]:131451696 [1]:131451697 [2]:0 [3]:128
[0]:131592485 [1]:131592486 [2]:0 [3]:509
[0]:131742881 [1]:131742881 [2]:0 [3]:88
[0]:131886774 [1]:131886775 [2]:0 [3]:159
[0]:132024721 [1]:132024721 [2]:0 [3]:80
[0]:132162603 [1]:132162604 [2]:0 [3]:108
[0]:132308656 [1]:132308658 [2]:0 [3]:98
[0]:132449259 [1]:132449259 [2]:0 [3]:514
[0]:132597454 [1]:132597454 [2]:0 [3]:155
[0]:132733084 [1]:132733085 [2]:0 [3]:75
[0]:132863117 [1]:132863117 [2]:0 [3]:511
[0]:132999116 [1]:132999117 [2]:0 [3]:497
[0]:133138804 [1]:133138804 [2]:0 [3]:513
[0]:133280894 [1]:133280894 [2]:0 [3]:79
[0]:133422780 [1]:133422780 [2]:0 [3]:106
[0]:133571533 [1]:133571533 [2]:0 [3]:508
[0]:133714816 [1]:133714817 [2]:0 [3]:80
[0]:133851132 [1]:133851132 [2]:0 [3]:514
[0]:133990697 [1]:133990697 [2]:0 [3]:97
[0]:134128498 [1]:134128498 [2]:0 [3]:107
[0]:134271874 [1]:134271875 [2]:0 [3]:86
[0]:134430221 [1]:134430222 [2]:0 [3]:535
[0]:134611642 [1]:134611642 [2]:0 [3]:117
[0]:134752350 [1]:134752350 [2]:0 [3]:116
[0]:134893916 [1]:134893916 [2]:0 [3]:513
[0]:135038351 [1]:135038351 [2]:0 [3]:85
[0]:135187350 [1]:135187351 [2]:0 [3]:512
[0]:135328054 [1]:135328054 [2]:0 [3]:104
[0]:135468671 [1]:135468673 [2]:0 [3]:520
[0]:135617107 [1]:135617108 [2]:0 [3]:511
[0]:135755837 [1]:135755837 [2]:0 [3]:211
[0]:135901205 [1]:135901205 [2]:0 [3]:529
[0]:136041248 [1]:136041248 [2]:0 [3]:115
[0]:136175211 [1]:136175211 [2]:0 [3]:61
[0]:136314649 [1]:136314649 [2]:0 [3]:121
[0]:136463712 [1]:136463713 [2]:0 [3]:508
[0]:136601610 [1]:136601610 [2]:0 [3]:527
[0]:136758210 [1]:136758210 [2]:0 [3]:91
[0]:136893507 [1]:136893506 [2]:0 [3]:110
[0]:137034174 [1]:137034174 [2]:0 [3]:89
[0]:137172109 [1]:137172111 [2]:0 [3]:79
[0]:137312804 [1]:137312804 [2]:0 [3]:500
[0]:137450766 [1]:137450766 [2]:0 [3]:527
[0]:137620617 [1]:137620617 [2]:0 [3]:494
[0]:137761204 [1]:137761204 [2]:0 [3]:115
[0]:137904375 [1]:137904401 [2]:0 [3]:515
[0]:138052998 [1]:138052998 [2]:0 [3]:514
[0]:138190859 [1]:138190859 [2]:0 [3]:94
[0]:138363006 [1]:138363006 [2]:0 [3]:510
[0]:138501973 [1]:138501974 [2]:0 [3]:87
[0]:138639112 [1]:138639113 [2]:0 [3]:145
[0]:138777231 [1]:138777232 [2]:0 [3]:107
[0]:138917962 [1]:138917962 [2]:0 [3]:513
[0]:139077063 [1]:139077063 [2]:0 [3]:522
[0]:139210329 [1]:139210329 [2]:0 [3]:501
[0]:139210329 [1]:139210329 [2]:0 [3]:501
[0]:139210329 [1]:139210329 [2]:0 [3]:501
[0]:139210329 [1]:139210329 [2]:0 [3]:501
[0]:139210329 [1]:139210329 [2]:0 [3]:501
[0]:139210329 [1]:139210329 [2]:0 [3]:501
[0]:139210329 [1]:139210329 [2]:0 [3]:501
[0]:139210329 [1]:139210329 [2]:0 [3]:501
[0]:139210329 [1]:139210329 [2]:0 [3]:501
[0]:139210329 [1]:139210329 [2]:0 [3]:501
[0]:139210329 [1]:139210329 [2]:0 [3]:501
[0]:139210329 [1]:139210329 [2]:0 [3]:501
