[0]:153136827 [1]:27017112 [2]:152 [3]:356
[0]:153339969 [1]:27063965 [2]:152 [3]:361
[0]:153533979 [1]:27108908 [2]:152 [3]:355
[0]:153735222 [1]:27155278 [2]:152 [3]:366
[0]:153936325 [1]:27201815 [2]:152 [3]:365
[0]:154123824 [1]:27245125 [2]:152 [3]:361
[0]:154321558 [1]:27290799 [2]:152 [3]:357
[0]:154544783 [1]:27342300 [2]:152 [3]:363
[0]:154742832 [1]:27387971 [2]:152 [3]:360
[0]:154945110 [1]:27434679 [2]:152 [3]:359
[0]:155131369 [1]:27477713 [2]:152 [3]:356
[0]:155336786 [1]:27525091 [2]:152 [3]:364
[0]:155538383 [1]:27571615 [2]:152 [3]:358
[0]:155732541 [1]:27616433 [2]:152 [3]:358
[0]:155944058 [1]:27665314 [2]:160 [3]:361
[0]:156168423 [1]:27717118 [2]:160 [3]:361
[0]:156363287 [1]:27762036 [2]:160 [3]:369
[0]:156565706 [1]:27808762 [2]:160 [3]:360
[0]:156755117 [1]:27852480 [2]:160 [3]:359
[0]:156944178 [1]:27896197 [2]:160 [3]:362
[0]:157146879 [1]:27943027 [2]:160 [3]:355
[0]:157344579 [1]:27988633 [2]:160 [3]:359
[0]:157596946 [1]:28046936 [2]:160 [3]:359
[0]:157826430 [1]:28099915 [2]:160 [3]:358
[0]:158035342 [1]:28148143 [2]:160 [3]:366
[0]:158240738 [1]:28195421 [2]:160 [3]:364
[0]:158440364 [1]:28241542 [2]:160 [3]:363
[0]:158639953 [1]:28287603 [2]:160 [3]:360
[0]:158841597 [1]:28334170 [2]:164 [3]:357
[0]:159029720 [1]:28377620 [2]:164 [3]:362
[0]:159229612 [1]:28423859 [2]:164 [3]:361
[0]:159414389 [1]:28466554 [2]:164 [3]:363
[0]:159606656 [1]:28511020 [2]:164 [3]:352
[0]:159872375 [1]:28572345 [2]:164 [3]:56
[0]:160073046 [1]:28618714 [2]:164 [3]:56
[0]:160271009 [1]:28664367 [2]:164 [3]:363
[0]:160468831 [1]:28710090 [2]:164 [3]:365
[0]:160666681 [1]:28755806 [2]:164 [3]:358
[0]:160864482 [1]:28801541 [2]:164 [3]:58
[0]:161077223 [1]:28850628 [2]:164 [3]:361
[0]:161259792 [1]:28892790 [2]:164 [3]:362
[0]:161469067 [1]:28941142 [2]:164 [3]:361
[0]:161665248 [1]:28986441 [2]:166 [3]:364
[0]:161863833 [1]:29032290 [2]:166 [3]:369
[0]:162057244 [1]:29076885 [2]:166 [3]:359
[0]:162252894 [1]:29122069 [2]:166 [3]:362
[0]:162454413 [1]:29168614 [2]:166 [3]:362
[0]:162650336 [1]:29213865 [2]:166 [3]:68
[0]:162846593 [1]:29259238 [2]:166 [3]:353
[0]:163036528 [1]:29303006 [2]:166 [3]:363
[0]:163227015 [1]:29347012 [2]:166 [3]:361
[0]:163423785 [1]:29392387 [2]:166 [3]:358
[0]:163622705 [1]:29438307 [2]:166 [3]:359
[0]:163828060 [1]:29485633 [2]:166 [3]:362
[0]:164032849 [1]:29532926 [2]:166 [3]:366
[0]:164244760 [1]:29581889 [2]:166 [3]:360
[0]:164439022 [1]:29626800 [2]:167 [3]:360
[0]:164644045 [1]:29674169 [2]:167 [3]:362
[0]:164835685 [1]:29718362 [2]:167 [3]:363
[0]:165028991 [1]:29762999 [2]:167 [3]:361
[0]:165220213 [1]:29807157 [2]:167 [3]:364
[0]:165414279 [1]:29852008 [2]:167 [3]:365
[0]:165620440 [1]:29899555 [2]:167 [3]:62
[0]:165809932 [1]:29943245 [2]:167 [3]:364
[0]:166000015 [1]:29987080 [2]:167 [3]:366
[0]:166201844 [1]:30033720 [2]:167 [3]:60
[0]:166410870 [1]:30081986 [2]:167 [3]:359
[0]:166601181 [1]:30125953 [2]:167 [3]:361
[0]:166799032 [1]:30171554 [2]:167 [3]:362
[0]:167011740 [1]:30220677 [2]:167 [3]:61
[0]:167205977 [1]:30265485 [2]:167 [3]:61
[0]:167403805 [1]:30311165 [2]:167 [3]:359
[0]:167650125 [1]:30367956 [2]:167 [3]:359
[0]:167836632 [1]:30411078 [2]:167 [3]:357
