[0]:86348990 [1]:7616848 [2]:95 [3]:381
[0]:86629288 [1]:7637206 [2]:95 [3]:96
[0]:86825729 [1]:7651469 [2]:95 [3]:86
[0]:87040381 [1]:7667075 [2]:95 [3]:376
[0]:87245681 [1]:7681903 [2]:95 [3]:370
[0]:87447283 [1]:7696655 [2]:95 [3]:105
[0]:87659110 [1]:7712172 [2]:95 [3]:102
[0]:87874154 [1]:7727769 [2]:95 [3]:360
[0]:88088306 [1]:7743313 [2]:95 [3]:368
[0]:88296372 [1]:7758349 [2]:95 [3]:78
[0]:88500558 [1]:7773120 [2]:95 [3]:78
[0]:88762816 [1]:7792305 [2]:95 [3]:76
[0]:88954089 [1]:7806109 [2]:95 [3]:79
[0]:89156623 [1]:7820954 [2]:95 [3]:361
[0]:89367338 [1]:7836165 [2]:95 [3]:370
[0]:89580402 [1]:7851966 [2]:95 [3]:108
[0]:89802056 [1]:7868147 [2]:95 [3]:82
[0]:90002761 [1]:7882810 [2]:95 [3]:376
[0]:90215849 [1]:7898212 [2]:95 [3]:368
[0]:90422908 [1]:7913411 [2]:95 [3]:80
[0]:90631000 [1]:7928531 [2]:95 [3]:70
[0]:90840712 [1]:7943624 [2]:95 [3]:68
[0]:91104173 [1]:7962690 [2]:95 [3]:80
[0]:91307025 [1]:7977345 [2]:95 [3]:91
[0]:91504558 [1]:7991795 [2]:95 [3]:104
[0]:91756774 [1]:8010674 [2]:95 [3]:77
[0]:91965848 [1]:8025948 [2]:95 [3]:70
[0]:92175049 [1]:8041229 [2]:95 [3]:372
[0]:92432108 [1]:8059734 [2]:95 [3]:373
[0]:92644905 [1]:8075405 [2]:95 [3]:360
[0]:92858413 [1]:8091042 [2]:95 [3]:363
[0]:93071909 [1]:8106589 [2]:95 [3]:86
[0]:93277051 [1]:8121489 [2]:95 [3]:62
[0]:93482208 [1]:8136614 [2]:95 [3]:85
[0]:93684777 [1]:8151597 [2]:95 [3]:84
[0]:93890633 [1]:8166450 [2]:95 [3]:72
[0]:94086168 [1]:8180958 [2]:95 [3]:103
[0]:94291378 [1]:8195858 [2]:95 [3]:356
[0]:94502897 [1]:8211060 [2]:95 [3]:82
[0]:94715859 [1]:8226526 [2]:95 [3]:72
[0]:94915971 [1]:8241152 [2]:95 [3]:365
[0]:95144742 [1]:8257935 [2]:95 [3]:358
[0]:95349756 [1]:8272914 [2]:95 [3]:86
[0]:95571410 [1]:8289023 [2]:95 [3]:79
[0]:95784110 [1]:8304939 [2]:95 [3]:106
[0]:95987657 [1]:8319895 [2]:95 [3]:85
[0]:96206536 [1]:8335873 [2]:92 [3]:358
[0]:96411941 [1]:8350821 [2]:92 [3]:367
[0]:96613618 [1]:8365373 [2]:92 [3]:360
[0]:96823209 [1]:8380506 [2]:92 [3]:82
[0]:97036421 [1]:8395938 [2]:92 [3]:363
[0]:97241919 [1]:8410937 [2]:92 [3]:75
[0]:97447636 [1]:8425714 [2]:92 [3]:368
[0]:97652636 [1]:8440827 [2]:92 [3]:80
[0]:97859660 [1]:8455906 [2]:92 [3]:89
[0]:98059325 [1]:8470620 [2]:92 [3]:367
[0]:98256154 [1]:8485478 [2]:92 [3]:99
[0]:98468892 [1]:8501538 [2]:92 [3]:104
[0]:98681184 [1]:8525437 [2]:92 [3]:360
[0]:98890435 [1]:8548657 [2]:92 [3]:371
[0]:99099628 [1]:8571644 [2]:92 [3]:358
[0]:99300605 [1]:8594055 [2]:92 [3]:361
[0]:99504806 [1]:8616529 [2]:92 [3]:370
[0]:99694926 [1]:8637587 [2]:92 [3]:367
[0]:99902145 [1]:8660559 [2]:92 [3]:359
[0]:100104801 [1]:8682937 [2]:92 [3]:82
[0]:100305819 [1]:8705282 [2]:92 [3]:79
[0]:100507162 [1]:8727577 [2]:92 [3]:89
[0]:100712491 [1]:8750201 [2]:92 [3]:87
[0]:100921208 [1]:8773235 [2]:92 [3]:83
[0]:101122572 [1]:8795420 [2]:92 [3]:370
[0]:101344764 [1]:8819861 [2]:92 [3]:362
[0]:101548231 [1]:8842350 [2]:92 [3]:76
[0]:101749539 [1]:8864723 [2]:92 [3]:89
[0]:101950605 [1]:8887085 [2]:92 [3]:375
[0]:102151846 [1]:8909465 [2]:92 [3]:361
[0]:102381782 [1]:8934734 [2]:92 [3]:360
[0]:102601508 [1]:8958803 [2]:92 [3]:360
[0]:102809893 [1]:8981773 [2]:92 [3]:80
[0]:103035165 [1]:9006682 [2]:92 [3]:354
[0]:103236585 [1]:9028979 [2]:92 [3]:361
[0]:103440810 [1]:9051571 [2]:92 [3]:73
[0]:103693389 [1]:9079648 [2]:92 [3]:369
[0]:103898986 [1]:9102378 [2]:92 [3]:110
[0]:104103878 [1]:9124937 [2]:92 [3]:362
[0]:104316793 [1]:9148577 [2]:92 [3]:361
[0]:104522009 [1]:9171166 [2]:92 [3]:89
[0]:104731141 [1]:9194217 [2]:92 [3]:91
[0]:104948135 [1]:9217956 [2]:92 [3]:74
[0]:105157309 [1]:9240926 [2]:92 [3]:356
[0]:105366212 [1]:9264001 [2]:92 [3]:85
[0]:105572941 [1]:9286997 [2]:92 [3]:356
[0]:105778625 [1]:9310254 [2]:92 [3]:358
[0]:105976748 [1]:9332355 [2]:92 [3]:363
[0]:106186429 [1]:9355577 [2]:92 [3]:371
[0]:106390891 [1]:9378344 [2]:92 [3]:369
[0]:106610451 [1]:9402602 [2]:92 [3]:94
[0]:106820673 [1]:9425730 [2]:92 [3]:363
[0]:107021738 [1]:9448198 [2]:92 [3]:357
[0]:107221807 [1]:9470211 [2]:92 [3]:98
[0]:107427271 [1]:9493092 [2]:92 [3]:368
[0]:107645337 [1]:9517136 [2]:92 [3]:356
[0]:107841683 [1]:9538794 [2]:92 [3]:108
[0]:108046330 [1]:9561242 [2]:92 [3]:79
[0]:108250798 [1]:9584409 [2]:92 [3]:362
[0]:108456519 [1]:9606968 [2]:92 [3]:365
[0]:108717136 [1]:9635888 [2]:92 [3]:354
[0]:108922119 [1]:9658422 [2]:92 [3]:70
[0]:109130435 [1]:9681583 [2]:92 [3]:370
[0]:109340893 [1]:9705047 [2]:92 [3]:371
[0]:109552197 [1]:9728672 [2]:92 [3]:363
[0]:109754160 [1]:9750998 [2]:92 [3]:362
[0]:109963171 [1]:9774016 [2]:92 [3]:367
[0]:110179954 [1]:9797992 [2]:92 [3]:365
[0]:110380402 [1]:9820174 [2]:92 [3]:74
[0]:110584730 [1]:9842727 [2]:92 [3]:81
[0]:110787350 [1]:9865303 [2]:92 [3]:374
[0]:110980465 [1]:9886680 [2]:92 [3]:361
[0]:111185443 [1]:9909462 [2]:92 [3]:370
[0]:111394059 [1]:9932758 [2]:92 [3]:88
[0]:111599204 [1]:9955523 [2]:92 [3]:367
[0]:111805432 [1]:9978314 [2]:92 [3]:362
[0]:112032902 [1]:10003566 [2]:92 [3]:84
[0]:112241755 [1]:10026901 [2]:92 [3]:367
[0]:112470102 [1]:10052326 [2]:92 [3]:366
[0]:112678378 [1]:10075809 [2]:92 [3]:76
[0]:112887641 [1]:10099034 [2]:92 [3]:92
[0]:113096630 [1]:10122398 [2]:92 [3]:373
[0]:113304217 [1]:10145339 [2]:91 [3]:364
[0]:113502494 [1]:10167326 [2]:91 [3]:361
[0]:113719606 [1]:10191471 [2]:91 [3]:352
[0]:113919869 [1]:10213697 [2]:91 [3]:92
[0]:114125428 [1]:10236620 [2]:91 [3]:88
[0]:114326669 [1]:10258836 [2]:91 [3]:365
[0]:114555178 [1]:10284101 [2]:91 [3]:360
[0]:114756194 [1]:10306279 [2]:91 [3]:83
[0]:114953702 [1]:10328043 [2]:91 [3]:354
[0]:115155324 [1]:10350579 [2]:91 [3]:366
[0]:115358166 [1]:10372901 [2]:91 [3]:86
[0]:115564821 [1]:10395849 [2]:91 [3]:366
[0]:115773593 [1]:10419008 [2]:91 [3]:361
