[0]:57180258 [1]:7407670 [2]:113 [3]:367
[0]:57394450 [1]:7457155 [2]:113 [3]:367
[0]:57590947 [1]:7502559 [2]:113 [3]:362
[0]:57781295 [1]:7546541 [2]:113 [3]:363
[0]:57966932 [1]:7589315 [2]:113 [3]:363
[0]:58165655 [1]:7635256 [2]:113 [3]:359
[0]:58352479 [1]:7678389 [2]:117 [3]:368
[0]:58542539 [1]:7722328 [2]:117 [3]:367
[0]:58742546 [1]:7768498 [2]:117 [3]:61
[0]:58936935 [1]:7813323 [2]:117 [3]:355
[0]:59158335 [1]:7864482 [2]:117 [3]:364
[0]:59382438 [1]:7916304 [2]:117 [3]:360
[0]:59584140 [1]:7962948 [2]:117 [3]:364
[0]:59791472 [1]:8010885 [2]:117 [3]:353
[0]:59990554 [1]:8056808 [2]:117 [3]:56
[0]:60180465 [1]:8100813 [2]:117 [3]:363
[0]:60371455 [1]:8144962 [2]:117 [3]:366
[0]:60561670 [1]:8188992 [2]:117 [3]:367
[0]:60759514 [1]:8234642 [2]:117 [3]:56
[0]:60953414 [1]:8279472 [2]:117 [3]:357
[0]:61151250 [1]:8325206 [2]:121 [3]:355
[0]:61379159 [1]:8377791 [2]:121 [3]:358
[0]:61618331 [1]:8432976 [2]:121 [3]:63
[0]:61819672 [1]:8479415 [2]:121 [3]:365
[0]:62024851 [1]:8526785 [2]:121 [3]:363
[0]:62217817 [1]:8571403 [2]:121 [3]:364
[0]:62413156 [1]:8616559 [2]:121 [3]:369
[0]:62607315 [1]:8661288 [2]:121 [3]:360
[0]:62805144 [1]:8707005 [2]:121 [3]:357
[0]:62996199 [1]:8751128 [2]:121 [3]:359
[0]:63185740 [1]:8794981 [2]:121 [3]:358
[0]:63379043 [1]:8839662 [2]:121 [3]:362
[0]:63577537 [1]:8885484 [2]:121 [3]:357
[0]:63775455 [1]:8931217 [2]:121 [3]:359
[0]:63974828 [1]:8977370 [2]:124 [3]:69
[0]:64169916 [1]:9022388 [2]:124 [3]:361
[0]:64387671 [1]:9072749 [2]:124 [3]:361
[0]:64585434 [1]:9118347 [2]:124 [3]:359
[0]:64783351 [1]:9164065 [2]:124 [3]:357
[0]:64988626 [1]:9211456 [2]:124 [3]:357
[0]:65186276 [1]:9257136 [2]:124 [3]:61
[0]:65380416 [1]:9302039 [2]:124 [3]:357
[0]:65582011 [1]:9348491 [2]:124 [3]:62
[0]:65790827 [1]:9396709 [2]:124 [3]:53
[0]:66003710 [1]:9445908 [2]:124 [3]:57
[0]:66212722 [1]:9494213 [2]:124 [3]:369
[0]:66410669 [1]:9539878 [2]:124 [3]:360
[0]:66614522 [1]:9586955 [2]:124 [3]:356
[0]:66839818 [1]:9639012 [2]:127 [3]:358
[0]:67037709 [1]:9684700 [2]:127 [3]:58
[0]:67260727 [1]:9736092 [2]:127 [3]:323
[0]:67455701 [1]:9781169 [2]:127 [3]:362
[0]:67649954 [1]:9826102 [2]:127 [3]:357
[0]:67854469 [1]:9873324 [2]:127 [3]:364
[0]:68052844 [1]:9919190 [2]:127 [3]:60
[0]:68244092 [1]:9963324 [2]:127 [3]:363
[0]:68441052 [1]:10008820 [2]:127 [3]:363
[0]:68634978 [1]:10053601 [2]:127 [3]:356
[0]:68832952 [1]:10099315 [2]:127 [3]:363
[0]:69038254 [1]:10146781 [2]:127 [3]:355
[0]:69232494 [1]:10191589 [2]:127 [3]:364
[0]:69425651 [1]:10236217 [2]:127 [3]:359
[0]:69620559 [1]:10281253 [2]:130 [3]:52
[0]:69814750 [1]:10326156 [2]:130 [3]:365
[0]:70012455 [1]:10371838 [2]:130 [3]:61
[0]:70206227 [1]:10416550 [2]:130 [3]:357
[0]:70398242 [1]:10460959 [2]:130 [3]:367
[0]:70594595 [1]:10506366 [2]:130 [3]:355
[0]:70788359 [1]:10551126 [2]:130 [3]:357
[0]:70979206 [1]:10595218 [2]:130 [3]:358
[0]:71224031 [1]:10651669 [2]:130 [3]:357
[0]:71415403 [1]:10695951 [2]:130 [3]:357
[0]:71613604 [1]:10741791 [2]:130 [3]:368
[0]:71807439 [1]:10786625 [2]:130 [3]:353
[0]:72001567 [1]:10831426 [2]:130 [3]:357
[0]:72192050 [1]:10875429 [2]:130 [3]:364
[0]:72380708 [1]:10919014 [2]:132 [3]:365
[0]:72580297 [1]:10965222 [2]:132 [3]:364
[0]:72777964 [1]:11010917 [2]:132 [3]:56
[0]:72971378 [1]:11055525 [2]:132 [3]:365
[0]:73181176 [1]:11104003 [2]:132 [3]:357
[0]:73390807 [1]:11152443 [2]:132 [3]:359
[0]:73576174 [1]:11195443 [2]:132 [3]:357
[0]:73804467 [1]:11248166 [2]:132 [3]:355
[0]:74054446 [1]:11305916 [2]:132 [3]:355
[0]:74311983 [1]:11365444 [2]:132 [3]:362
[0]:74505749 [1]:11410332 [2]:132 [3]:362
[0]:74707505 [1]:11456986 [2]:132 [3]:369
[0]:74903447 [1]:11502243 [2]:132 [3]:58
[0]:75095682 [1]:11546649 [2]:132 [3]:358
[0]:75288484 [1]:11591270 [2]:134 [3]:365
[0]:75492734 [1]:11638392 [2]:134 [3]:64
[0]:75687620 [1]:11683341 [2]:134 [3]:358
[0]:75875801 [1]:11726826 [2]:134 [3]:359
[0]:76066946 [1]:11771019 [2]:134 [3]:361
[0]:76256497 [1]:11814824 [2]:134 [3]:370
[0]:76450382 [1]:11859620 [2]:134 [3]:57
[0]:76648401 [1]:11905300 [2]:134 [3]:359
[0]:76846179 [1]:11950996 [2]:134 [3]:365
[0]:77043929 [1]:11996672 [2]:134 [3]:358
[0]:77256397 [1]:12045803 [2]:134 [3]:362
[0]:77451155 [1]:12090811 [2]:134 [3]:361
[0]:77648664 [1]:12136424 [2]:134 [3]:360
[0]:77850092 [1]:12182941 [2]:134 [3]:369
[0]:78040583 [1]:12226978 [2]:136 [3]:362
[0]:78234493 [1]:12271775 [2]:136 [3]:360
[0]:78466196 [1]:12325231 [2]:136 [3]:368
[0]:78656300 [1]:12369191 [2]:136 [3]:358
[0]:78854140 [1]:12414887 [2]:136 [3]:359
[0]:79055871 [1]:12461494 [2]:136 [3]:56
[0]:79249924 [1]:12506344 [2]:136 [3]:355
[0]:79447875 [1]:12551974 [2]:136 [3]:363
[0]:79641821 [1]:12596793 [2]:136 [3]:356
[0]:79824527 [1]:12638953 [2]:136 [3]:358
[0]:80016960 [1]:12683404 [2]:136 [3]:58
[0]:80205430 [1]:12726981 [2]:136 [3]:356
[0]:80403290 [1]:12772627 [2]:136 [3]:356
[0]:80597427 [1]:12817502 [2]:136 [3]:356
[0]:80798772 [1]:12864045 [2]:138 [3]:357
[0]:80993057 [1]:12908969 [2]:138 [3]:360
[0]:81175632 [1]:12951177 [2]:138 [3]:56
[0]:81377388 [1]:12997704 [2]:138 [3]:361
[0]:81569764 [1]:13042167 [2]:138 [3]:363
[0]:81775199 [1]:13089650 [2]:138 [3]:358
[0]:81981951 [1]:13137441 [2]:138 [3]:362
[0]:82173899 [1]:13181763 [2]:138 [3]:356
[0]:82381498 [1]:13229731 [2]:138 [3]:361
[0]:82575507 [1]:13274566 [2]:138 [3]:362
[0]:82762142 [1]:13317692 [2]:138 [3]:365
[0]:82956073 [1]:13362527 [2]:138 [3]:353
[0]:83148718 [1]:13406986 [2]:138 [3]:364
[0]:83347805 [1]:13452940 [2]:138 [3]:362
[0]:83534260 [1]:13496006 [2]:138 [3]:364
[0]:83735050 [1]:13542370 [2]:140 [3]:59
[0]:83943338 [1]:13590482 [2]:140 [3]:359
[0]:84135273 [1]:13634803 [2]:140 [3]:61
[0]:84336561 [1]:13681356 [2]:140 [3]:361
[0]:84531296 [1]:13726348 [2]:140 [3]:364
[0]:84728984 [1]:13772042 [2]:140 [3]:365
[0]:84933438 [1]:13819258 [2]:140 [3]:62
[0]:85128735 [1]:13864326 [2]:140 [3]:64
