[0]:142805546 [1]:24752221 [2]:150 [3]:57
[0]:143009978 [1]:24782770 [2]:150 [3]:358
[0]:143223284 [1]:24814401 [2]:150 [3]:86
[0]:143427409 [1]:24844751 [2]:150 [3]:78
[0]:143632891 [1]:24875252 [2]:150 [3]:361
[0]:143869465 [1]:24910368 [2]:150 [3]:76
[0]:144073419 [1]:24940567 [2]:150 [3]:367
[0]:144287260 [1]:24972262 [2]:150 [3]:81
[0]:144488790 [1]:25002055 [2]:150 [3]:363
[0]:144687088 [1]:25031364 [2]:150 [3]:367
[0]:144913997 [1]:25064997 [2]:150 [3]:367
[0]:145122811 [1]:25095947 [2]:150 [3]:366
[0]:145392838 [1]:25136089 [2]:150 [3]:363
[0]:145607540 [1]:25167862 [2]:150 [3]:356
[0]:145807278 [1]:25197556 [2]:150 [3]:359
[0]:146013190 [1]:25228047 [2]:150 [3]:357
[0]:146222240 [1]:25259054 [2]:150 [3]:368
[0]:146430888 [1]:25290040 [2]:150 [3]:368
[0]:146638531 [1]:25320746 [2]:150 [3]:359
[0]:146845071 [1]:25351421 [2]:150 [3]:365
[0]:147044493 [1]:25381075 [2]:150 [3]:358
[0]:147329465 [1]:25423482 [2]:149 [3]:359
[0]:147537805 [1]:25454417 [2]:149 [3]:371
[0]:147743119 [1]:25484921 [2]:149 [3]:366
[0]:147952334 [1]:25515990 [2]:149 [3]:358
[0]:148157395 [1]:25546402 [2]:149 [3]:372
[0]:148357964 [1]:25576166 [2]:149 [3]:368
[0]:148558664 [1]:25605830 [2]:149 [3]:363
[0]:148756138 [1]:25635131 [2]:149 [3]:363
[0]:148958523 [1]:25665178 [2]:149 [3]:358
[0]:149181911 [1]:25698257 [2]:149 [3]:362
[0]:149393922 [1]:25729644 [2]:149 [3]:358
[0]:149607671 [1]:25761384 [2]:149 [3]:370
[0]:149824293 [1]:25793449 [2]:149 [3]:368
[0]:150022545 [1]:25822933 [2]:149 [3]:364
[0]:150225939 [1]:25853208 [2]:149 [3]:357
[0]:150422457 [1]:25882406 [2]:149 [3]:368
[0]:150647958 [1]:25915810 [2]:149 [3]:74
[0]:150864851 [1]:25947907 [2]:149 [3]:366
[0]:151065212 [1]:25977741 [2]:149 [3]:362
[0]:151294742 [1]:26011730 [2]:149 [3]:364
[0]:151500390 [1]:26042213 [2]:149 [3]:365
[0]:151774293 [1]:26082816 [2]:149 [3]:366
[0]:151969739 [1]:26111825 [2]:149 [3]:363
[0]:152176993 [1]:26142529 [2]:149 [3]:363
[0]:152377644 [1]:26172144 [2]:149 [3]:364
[0]:152583134 [1]:26202557 [2]:149 [3]:362
[0]:152791845 [1]:26233488 [2]:149 [3]:358
[0]:153028539 [1]:26268594 [2]:149 [3]:362
[0]:153237070 [1]:26299497 [2]:149 [3]:76
[0]:153446140 [1]:26330506 [2]:149 [3]:366
[0]:153654645 [1]:26361573 [2]:149 [3]:91
[0]:153870530 [1]:26393648 [2]:149 [3]:363
[0]:154123748 [1]:26431259 [2]:149 [3]:368
[0]:154320602 [1]:26460546 [2]:149 [3]:364
[0]:154528454 [1]:26491444 [2]:149 [3]:368
[0]:154738425 [1]:26522570 [2]:149 [3]:365
[0]:154943420 [1]:26552957 [2]:149 [3]:360
[0]:155148287 [1]:26583315 [2]:149 [3]:362
[0]:155354667 [1]:26613906 [2]:149 [3]:372
[0]:155554979 [1]:26643632 [2]:149 [3]:366
[0]:155770904 [1]:26675552 [2]:149 [3]:359
[0]:155976025 [1]:26705947 [2]:149 [3]:370
[0]:156204719 [1]:26739770 [2]:149 [3]:360
[0]:156399747 [1]:26768618 [2]:149 [3]:73
[0]:156602668 [1]:26798635 [2]:149 [3]:369
[0]:156811626 [1]:26829611 [2]:149 [3]:89
[0]:157020642 [1]:26860657 [2]:149 [3]:73
[0]:157229387 [1]:26891656 [2]:149 [3]:370
[0]:157442287 [1]:26923150 [2]:149 [3]:369
[0]:157647057 [1]:26953677 [2]:149 [3]:87
[0]:157863724 [1]:26986010 [2]:149 [3]:369
[0]:158068959 [1]:27016519 [2]:149 [3]:70
[0]:158269717 [1]:27046231 [2]:149 [3]:366
[0]:158492514 [1]:27079277 [2]:149 [3]:365
[0]:158694030 [1]:27109187 [2]:149 [3]:81
[0]:158903922 [1]:27140332 [2]:149 [3]:370
[0]:159105097 [1]:27170194 [2]:149 [3]:363
[0]:159320982 [1]:27202104 [2]:149 [3]:365
[0]:159514782 [1]:27230899 [2]:149 [3]:368
[0]:159743080 [1]:27264722 [2]:149 [3]:73
[0]:159948681 [1]:27295181 [2]:149 [3]:363
[0]:160145874 [1]:27324316 [2]:149 [3]:360
[0]:160366358 [1]:27356907 [2]:149 [3]:369
[0]:160571288 [1]:27387308 [2]:149 [3]:364
[0]:160780220 [1]:27418279 [2]:149 [3]:375
[0]:160983688 [1]:27448631 [2]:149 [3]:374
[0]:161195491 [1]:27479981 [2]:149 [3]:372
[0]:161393540 [1]:27509320 [2]:149 [3]:368
[0]:161591716 [1]:27538735 [2]:149 [3]:364
[0]:161800851 [1]:27569679 [2]:149 [3]:370
[0]:162005561 [1]:27600024 [2]:149 [3]:79
[0]:162265649 [1]:27638519 [2]:149 [3]:355
[0]:162497527 [1]:27673065 [2]:149 [3]:364
[0]:162695384 [1]:27702468 [2]:149 [3]:359
[0]:162899589 [1]:27732811 [2]:149 [3]:363
[0]:163109226 [1]:27764028 [2]:149 [3]:365
[0]:163311805 [1]:27794065 [2]:149 [3]:365
[0]:163518790 [1]:27824808 [2]:149 [3]:81
[0]:163720694 [1]:27854734 [2]:149 [3]:370
[0]:163923081 [1]:27884816 [2]:149 [3]:359
[0]:164125672 [1]:27914828 [2]:149 [3]:86
[0]:164330637 [1]:27945191 [2]:149 [3]:79
[0]:164541460 [1]:27976441 [2]:149 [3]:367
[0]:164745928 [1]:28006689 [2]:149 [3]:358
[0]:164955564 [1]:28037710 [2]:149 [3]:359
[0]:165184780 [1]:28071778 [2]:149 [3]:369
[0]:165416696 [1]:28106192 [2]:149 [3]:76
[0]:165623592 [1]:28136965 [2]:149 [3]:95
[0]:165828469 [1]:28167408 [2]:149 [3]:364
[0]:166029509 [1]:28197214 [2]:149 [3]:359
[0]:166238154 [1]:28228091 [2]:149 [3]:354
[0]:166451240 [1]:28259692 [2]:149 [3]:363
[0]:166660208 [1]:28290583 [2]:149 [3]:366
[0]:166892871 [1]:28324987 [2]:149 [3]:366
[0]:167101542 [1]:28355891 [2]:149 [3]:80
[0]:167319522 [1]:28388194 [2]:149 [3]:357
[0]:167527141 [1]:28418984 [2]:149 [3]:360
[0]:167731880 [1]:28449450 [2]:149 [3]:369
[0]:167944215 [1]:28481014 [2]:149 [3]:360
[0]:168152145 [1]:28511813 [2]:149 [3]:367
[0]:168433115 [1]:28553551 [2]:149 [3]:361
[0]:168635649 [1]:28583699 [2]:149 [3]:370
[0]:168839345 [1]:28613976 [2]:149 [3]:75
[0]:169067862 [1]:28647928 [2]:149 [3]:368
[0]:169268869 [1]:28677664 [2]:149 [3]:370
[0]:169485588 [1]:28709842 [2]:149 [3]:76
[0]:169686542 [1]:28739626 [2]:149 [3]:372
[0]:169899468 [1]:28771193 [2]:149 [3]:362
[0]:170105229 [1]:28801724 [2]:149 [3]:361
[0]:170313301 [1]:28832511 [2]:149 [3]:370
[0]:170522141 [1]:28863461 [2]:149 [3]:70
[0]:170723254 [1]:28893368 [2]:149 [3]:356
[0]:170928053 [1]:28923745 [2]:149 [3]:361
[0]:171139800 [1]:28955310 [2]:149 [3]:357
[0]:171353662 [1]:28986991 [2]:149 [3]:365
[0]:171561169 [1]:29017684 [2]:149 [3]:368
[0]:171778405 [1]:29049861 [2]:149 [3]:367
[0]:171988171 [1]:29080938 [2]:149 [3]:78
[0]:172188686 [1]:29110559 [2]:149 [3]:79
