[0]:95222555 [1]:95222556 [2]:0 [3]:550
[0]:95366547 [1]:95366547 [2]:0 [3]:144
[0]:95507656 [1]:95507657 [2]:0 [3]:170
[0]:95648905 [1]:95648905 [2]:0 [3]:150
[0]:95791867 [1]:95791869 [2]:0 [3]:107
[0]:95932546 [1]:95932546 [2]:0 [3]:189
[0]:96070686 [1]:96070686 [2]:0 [3]:146
[0]:96212983 [1]:96212983 [2]:0 [3]:159
[0]:96389011 [1]:96389012 [2]:0 [3]:547
[0]:96532270 [1]:96532270 [2]:0 [3]:148
[0]:96675382 [1]:96675382 [2]:0 [3]:545
[0]:96816352 [1]:96816352 [2]:0 [3]:549
[0]:96953772 [1]:96953774 [2]:0 [3]:126
[0]:97100163 [1]:97100163 [2]:0 [3]:163
[0]:97231290 [1]:97231290 [2]:0 [3]:545
[0]:97373471 [1]:97373471 [2]:0 [3]:537
[0]:97542516 [1]:97542516 [2]:0 [3]:126
[0]:97681253 [1]:97681253 [2]:0 [3]:163
[0]:97821800 [1]:97821799 [2]:0 [3]:541
[0]:97972507 [1]:97972508 [2]:0 [3]:530
[0]:98126833 [1]:98126833 [2]:0 [3]:556
[0]:98259614 [1]:98259614 [2]:0 [3]:128
[0]:98402813 [1]:98402814 [2]:0 [3]:219
[0]:98543476 [1]:98543476 [2]:0 [3]:526
[0]:98691843 [1]:98691844 [2]:0 [3]:549
[0]:98832296 [1]:98832296 [2]:0 [3]:167
[0]:98996155 [1]:98996156 [2]:0 [3]:122
[0]:99131952 [1]:99131952 [2]:0 [3]:169
[0]:99368770 [1]:99368770 [2]:0 [3]:195
[0]:99520271 [1]:99520271 [2]:0 [3]:129
[0]:99662806 [1]:99662806 [2]:0 [3]:535
[0]:99822564 [1]:99822564 [2]:0 [3]:170
[0]:99966069 [1]:99966069 [2]:0 [3]:544
[0]:100112704 [1]:100112704 [2]:0 [3]:88
[0]:100259438 [1]:100259438 [2]:0 [3]:131
[0]:100398688 [1]:100398688 [2]:0 [3]:183
[0]:100542835 [1]:100542835 [2]:0 [3]:117
[0]:100706548 [1]:100706548 [2]:0 [3]:141
[0]:100849880 [1]:100849880 [2]:0 [3]:174
[0]:100991669 [1]:100991669 [2]:0 [3]:151
[0]:101144317 [1]:101144317 [2]:0 [3]:146
[0]:101287732 [1]:101287732 [2]:0 [3]:551
[0]:101433634 [1]:101433636 [2]:0 [3]:172
[0]:101571616 [1]:101571616 [2]:0 [3]:144
[0]:101737268 [1]:101737268 [2]:0 [3]:128
[0]:101892657 [1]:101892657 [2]:0 [3]:127
[0]:102036854 [1]:102036854 [2]:0 [3]:351
[0]:102178726 [1]:102178726 [2]:0 [3]:412
[0]:102324872 [1]:102324874 [2]:0 [3]:404
[0]:102468580 [1]:102468580 [2]:0 [3]:421
[0]:102607887 [1]:102607887 [2]:0 [3]:349
[0]:102744560 [1]:102744560 [2]:0 [3]:555
[0]:102890550 [1]:102890550 [2]:0 [3]:150
[0]:103026853 [1]:103026853 [2]:0 [3]:558
[0]:103171311 [1]:103171311 [2]:0 [3]:254
[0]:103308283 [1]:103308283 [2]:0 [3]:260
[0]:103453066 [1]:103453066 [2]:0 [3]:542
[0]:103593531 [1]:103593533 [2]:0 [3]:526
[0]:103738870 [1]:103738870 [2]:0 [3]:109
[0]:103924624 [1]:103924631 [2]:0 [3]:150
[0]:104068595 [1]:104068597 [2]:0 [3]:169
[0]:104206486 [1]:104206488 [2]:0 [3]:547
[0]:104373680 [1]:104373681 [2]:0 [3]:562
[0]:104519165 [1]:104519165 [2]:0 [3]:545
[0]:104655034 [1]:104655034 [2]:0 [3]:121
[0]:104799331 [1]:104799331 [2]:0 [3]:544
[0]:104934461 [1]:104934462 [2]:0 [3]:124
[0]:105100744 [1]:105100745 [2]:0 [3]:533
[0]:105252076 [1]:105252077 [2]:0 [3]:542
[0]:105392622 [1]:105392623 [2]:0 [3]:228
[0]:105531662 [1]:105531662 [2]:0 [3]:134
[0]:105665949 [1]:105665950 [2]:0 [3]:180
