[0]:73900958 [1]:73900959 [2]:0 [3]:545
[0]:74107880 [1]:74107880 [2]:0 [3]:541
[0]:74248705 [1]:74248706 [2]:0 [3]:574
[0]:74397364 [1]:74397364 [2]:0 [3]:162
[0]:74548722 [1]:74548724 [2]:0 [3]:127
[0]:74686390 [1]:74686390 [2]:0 [3]:122
[0]:74823146 [1]:74823146 [2]:0 [3]:159
[0]:74981537 [1]:74981538 [2]:0 [3]:556
[0]:75128866 [1]:75128866 [2]:0 [3]:148
[0]:75272716 [1]:75272716 [2]:0 [3]:135
[0]:75411065 [1]:75411065 [2]:0 [3]:549
[0]:75551670 [1]:75551671 [2]:0 [3]:568
[0]:75699429 [1]:75699429 [2]:0 [3]:543
[0]:75835622 [1]:75835622 [2]:0 [3]:524
[0]:75978308 [1]:75978308 [2]:0 [3]:176
[0]:76156654 [1]:76156655 [2]:0 [3]:92
[0]:76292125 [1]:76292125 [2]:0 [3]:198
[0]:76427191 [1]:76427191 [2]:0 [3]:176
[0]:76568942 [1]:76568942 [2]:0 [3]:544
[0]:76711225 [1]:76711226 [2]:0 [3]:107
[0]:76851857 [1]:76851859 [2]:0 [3]:554
[0]:77016360 [1]:77016360 [2]:0 [3]:556
[0]:77154278 [1]:77154278 [2]:0 [3]:147
[0]:77303826 [1]:77303826 [2]:0 [3]:128
[0]:77452563 [1]:77452563 [2]:0 [3]:569
[0]:77605503 [1]:77605504 [2]:0 [3]:183
[0]:77769742 [1]:77769742 [2]:0 [3]:218
[0]:77907884 [1]:77907884 [2]:0 [3]:541
[0]:78058823 [1]:78058823 [2]:0 [3]:124
[0]:78201439 [1]:78201440 [2]:0 [3]:124
[0]:78348336 [1]:78348336 [2]:0 [3]:551
[0]:78489141 [1]:78489142 [2]:0 [3]:396
[0]:78632504 [1]:78632506 [2]:0 [3]:440
[0]:78775678 [1]:78775678 [2]:0 [3]:541
[0]:78913723 [1]:78913723 [2]:0 [3]:138
[0]:79054511 [1]:79054511 [2]:0 [3]:542
[0]:79197651 [1]:79197651 [2]:0 [3]:524
[0]:79339117 [1]:79339117 [2]:0 [3]:506
[0]:79481639 [1]:79481639 [2]:0 [3]:555
[0]:79685429 [1]:79685429 [2]:0 [3]:544
[0]:79833355 [1]:79833355 [2]:0 [3]:119
[0]:79977626 [1]:79977626 [2]:0 [3]:566
[0]:80122475 [1]:80122475 [2]:0 [3]:152
[0]:80264382 [1]:80264383 [2]:0 [3]:291
[0]:80406538 [1]:80406538 [2]:0 [3]:172
[0]:80543822 [1]:80543823 [2]:0 [3]:133
[0]:80685921 [1]:80685921 [2]:0 [3]:554
[0]:80826249 [1]:80826251 [2]:0 [3]:548
[0]:80998325 [1]:80998325 [2]:0 [3]:536
[0]:81132168 [1]:81132168 [2]:0 [3]:172
[0]:81269445 [1]:81269445 [2]:0 [3]:540
[0]:81421587 [1]:81421587 [2]:0 [3]:168
[0]:81563403 [1]:81563403 [2]:0 [3]:124
[0]:81716117 [1]:81716117 [2]:0 [3]:160
[0]:81856737 [1]:81856737 [2]:0 [3]:552
[0]:81994677 [1]:81994678 [2]:0 [3]:108
[0]:82135108 [1]:82135108 [2]:0 [3]:130
[0]:82275985 [1]:82275985 [2]:0 [3]:541
[0]:82416667 [1]:82416668 [2]:0 [3]:165
[0]:82554554 [1]:82554554 [2]:0 [3]:550
[0]:82689984 [1]:82689985 [2]:0 [3]:553
[0]:82827880 [1]:82827881 [2]:0 [3]:288
[0]:82979136 [1]:82979136 [2]:0 [3]:377
[0]:83119754 [1]:83119755 [2]:0 [3]:177
[0]:83265014 [1]:83265014 [2]:0 [3]:337
[0]:83409017 [1]:83409017 [2]:0 [3]:154
[0]:83549583 [1]:83549583 [2]:0 [3]:534
[0]:83685883 [1]:83685882 [2]:0 [3]:544
[0]:83840669 [1]:83840669 [2]:0 [3]:292
[0]:83989031 [1]:83989031 [2]:0 [3]:553
[0]:84128497 [1]:84128497 [2]:0 [3]:247
[0]:84274030 [1]:84274031 [2]:0 [3]:113
[0]:84412059 [1]:84412059 [2]:0 [3]:259
