[0]:119407645 [1]:19364489 [2]:167 [3]:73
[0]:119641325 [1]:19401078 [2]:167 [3]:81
[0]:119855573 [1]:19432788 [2]:167 [3]:360
[0]:120079203 [1]:19465885 [2]:167 [3]:84
[0]:120292548 [1]:19497417 [2]:167 [3]:74
[0]:120497225 [1]:19527622 [2]:167 [3]:86
[0]:120702536 [1]:19558136 [2]:167 [3]:362
[0]:120911893 [1]:19589099 [2]:167 [3]:371
[0]:121122663 [1]:19620282 [2]:163 [3]:360
[0]:121356799 [1]:19654849 [2]:163 [3]:355
[0]:121573304 [1]:19686861 [2]:163 [3]:371
[0]:121789520 [1]:19718882 [2]:163 [3]:360
[0]:121998986 [1]:19749985 [2]:163 [3]:367
[0]:122215937 [1]:19782080 [2]:163 [3]:358
[0]:122424300 [1]:19812990 [2]:163 [3]:374
[0]:122637463 [1]:19844503 [2]:163 [3]:367
[0]:122846334 [1]:19875491 [2]:163 [3]:361
[0]:123051565 [1]:19905952 [2]:163 [3]:82
[0]:123263960 [1]:19937402 [2]:163 [3]:356
[0]:123473887 [1]:19968616 [2]:163 [3]:362
[0]:123685466 [1]:19999961 [2]:163 [3]:372
[0]:123893259 [1]:20030765 [2]:163 [3]:356
[0]:124104512 [1]:20062076 [2]:163 [3]:366
[0]:124313856 [1]:20092998 [2]:163 [3]:359
[0]:124516923 [1]:20123028 [2]:163 [3]:363
[0]:124729272 [1]:20154434 [2]:157 [3]:368
[0]:124945808 [1]:20186446 [2]:157 [3]:362
[0]:125163381 [1]:20218610 [2]:157 [3]:360
[0]:125380187 [1]:20250725 [2]:157 [3]:367
[0]:125583127 [1]:20280863 [2]:157 [3]:367
[0]:125785755 [1]:20310911 [2]:157 [3]:372
[0]:126041208 [1]:20348636 [2]:157 [3]:355
[0]:126246804 [1]:20379194 [2]:157 [3]:360
[0]:126456494 [1]:20410365 [2]:157 [3]:365
[0]:126664514 [1]:20441361 [2]:157 [3]:367
[0]:126869727 [1]:20471732 [2]:157 [3]:369
[0]:127082077 [1]:20503197 [2]:157 [3]:80
[0]:127334382 [1]:20540616 [2]:157 [3]:366
[0]:127566113 [1]:20574955 [2]:157 [3]:367
[0]:127771477 [1]:20605474 [2]:157 [3]:368
[0]:127980634 [1]:20636621 [2]:157 [3]:360
[0]:128255527 [1]:20677288 [2]:154 [3]:364
[0]:128453479 [1]:20706639 [2]:154 [3]:368
[0]:128660170 [1]:20737239 [2]:154 [3]:358
[0]:128886680 [1]:20770763 [2]:154 [3]:368
[0]:129106198 [1]:20803447 [2]:154 [3]:70
[0]:129378823 [1]:20843761 [2]:154 [3]:364
[0]:129584383 [1]:20874128 [2]:154 [3]:366
[0]:129793157 [1]:20905059 [2]:154 [3]:358
[0]:130029541 [1]:20940004 [2]:154 [3]:356
[0]:130266128 [1]:20974960 [2]:154 [3]:365
[0]:130474875 [1]:21005786 [2]:154 [3]:359
[0]:130693808 [1]:21038179 [2]:154 [3]:360
[0]:130904564 [1]:21069452 [2]:154 [3]:81
[0]:131116865 [1]:21100933 [2]:154 [3]:361
[0]:131321916 [1]:21131275 [2]:154 [3]:362
[0]:131542928 [1]:21164002 [2]:154 [3]:72
[0]:131755701 [1]:21195566 [2]:154 [3]:369
[0]:131960520 [1]:21225934 [2]:153 [3]:359
[0]:132178740 [1]:21258266 [2]:153 [3]:366
[0]:132392565 [1]:21289991 [2]:153 [3]:365
[0]:132606146 [1]:21321608 [2]:153 [3]:366
[0]:132867523 [1]:21360235 [2]:153 [3]:365
[0]:133074493 [1]:21390901 [2]:153 [3]:356
[0]:133355731 [1]:21432454 [2]:153 [3]:76
[0]:133560457 [1]:21462802 [2]:153 [3]:371
[0]:133777293 [1]:21494943 [2]:153 [3]:361
[0]:133990259 [1]:21526467 [2]:153 [3]:362
[0]:134198634 [1]:21557352 [2]:153 [3]:371
[0]:134411222 [1]:21588811 [2]:153 [3]:72
[0]:134612548 [1]:21618643 [2]:153 [3]:362
[0]:134857057 [1]:21654865 [2]:153 [3]:366
[0]:135075413 [1]:21687309 [2]:153 [3]:77
[0]:135286409 [1]:21718550 [2]:153 [3]:81
[0]:135499324 [1]:21750080 [2]:152 [3]:364
[0]:135802079 [1]:21794897 [2]:152 [3]:359
[0]:136009545 [1]:21825399 [2]:152 [3]:366
[0]:136284859 [1]:21866111 [2]:152 [3]:365
[0]:136492527 [1]:21896827 [2]:152 [3]:368
[0]:136740615 [1]:21933606 [2]:152 [3]:365
[0]:136953586 [1]:21965149 [2]:152 [3]:83
[0]:137162605 [1]:21996084 [2]:152 [3]:78
[0]:137366041 [1]:22026148 [2]:152 [3]:88
[0]:137580185 [1]:22057887 [2]:152 [3]:366
[0]:137812329 [1]:22092119 [2]:152 [3]:367
[0]:138025326 [1]:22123563 [2]:152 [3]:81
[0]:138230238 [1]:22153899 [2]:152 [3]:365
[0]:138439500 [1]:22184871 [2]:152 [3]:76
[0]:138644457 [1]:22215187 [2]:152 [3]:357
[0]:138856303 [1]:22246550 [2]:152 [3]:363
[0]:139085132 [1]:22280352 [2]:152 [3]:362
[0]:139293359 [1]:22311127 [2]:152 [3]:367
[0]:139511142 [1]:22343334 [2]:152 [3]:368
[0]:139775350 [1]:22382457 [2]:152 [3]:369
[0]:139984089 [1]:22413326 [2]:152 [3]:73
[0]:140208944 [1]:22446685 [2]:152 [3]:365
[0]:140417823 [1]:22477685 [2]:152 [3]:368
[0]:140627291 [1]:22508749 [2]:152 [3]:362
[0]:140834592 [1]:22539527 [2]:152 [3]:364
[0]:141031584 [1]:22568626 [2]:152 [3]:358
[0]:141263917 [1]:22603150 [2]:152 [3]:362
[0]:141469818 [1]:22633728 [2]:152 [3]:363
[0]:141706116 [1]:22668771 [2]:152 [3]:82
[0]:141911076 [1]:22699097 [2]:152 [3]:355
[0]:142127892 [1]:22731197 [2]:152 [3]:371
[0]:142332551 [1]:22761471 [2]:152 [3]:360
[0]:142525890 [1]:22790028 [2]:152 [3]:371
[0]:142726576 [1]:22819743 [2]:152 [3]:362
[0]:142966649 [1]:22855204 [2]:152 [3]:367
[0]:143180000 [1]:22886730 [2]:152 [3]:370
[0]:143410867 [1]:22920876 [2]:152 [3]:369
[0]:143626471 [1]:22952719 [2]:152 [3]:370
[0]:143834064 [1]:22983382 [2]:152 [3]:362
[0]:144042192 [1]:23014105 [2]:152 [3]:82
[0]:144256105 [1]:23045758 [2]:152 [3]:357
[0]:144468939 [1]:23077310 [2]:152 [3]:364
[0]:144677723 [1]:23108257 [2]:152 [3]:362
[0]:144929869 [1]:23145589 [2]:152 [3]:370
[0]:145142651 [1]:23177191 [2]:152 [3]:366
[0]:145371068 [1]:23210991 [2]:152 [3]:364
[0]:145591569 [1]:23243650 [2]:152 [3]:354
[0]:145800790 [1]:23274655 [2]:152 [3]:81
[0]:146013309 [1]:23305983 [2]:152 [3]:77
[0]:146222316 [1]:23336912 [2]:152 [3]:369
[0]:146431811 [1]:23367928 [2]:152 [3]:366
[0]:146651909 [1]:23400496 [2]:152 [3]:83
[0]:146860972 [1]:23431344 [2]:152 [3]:369
[0]:147072157 [1]:23462599 [2]:152 [3]:363
[0]:147285389 [1]:23494137 [2]:152 [3]:358
[0]:147495538 [1]:23525237 [2]:152 [3]:372
[0]:147704486 [1]:23556181 [2]:152 [3]:371
[0]:147944777 [1]:23591654 [2]:152 [3]:359
[0]:148156429 [1]:23623085 [2]:152 [3]:353
[0]:148365444 [1]:23654063 [2]:152 [3]:80
[0]:148571414 [1]:23684434 [2]:152 [3]:358
[0]:148781485 [1]:23715569 [2]:152 [3]:359
[0]:148993007 [1]:23746944 [2]:152 [3]:364
[0]:149199647 [1]:23777643 [2]:152 [3]:358
[0]:149406301 [1]:23808148 [2]:152 [3]:363
[0]:149615456 [1]:23839044 [2]:152 [3]:358
[0]:149828440 [1]:23870573 [2]:152 [3]:368
[0]:150033350 [1]:23900878 [2]:152 [3]:362
[0]:150244901 [1]:23932194 [2]:152 [3]:368
[0]:150458014 [1]:23963897 [2]:152 [3]:370
[0]:150665761 [1]:23994591 [2]:152 [3]:360
[0]:150872614 [1]:24025280 [2]:152 [3]:356
[0]:151073660 [1]:24055034 [2]:152 [3]:373
[0]:151286406 [1]:24086548 [2]:152 [3]:363
[0]:151498393 [1]:24117856 [2]:152 [3]:367
[0]:151708109 [1]:24148835 [2]:152 [3]:369
[0]:151912730 [1]:24179226 [2]:152 [3]:86
[0]:152125784 [1]:24210789 [2]:152 [3]:367
[0]:152331366 [1]:24241230 [2]:152 [3]:360
[0]:152550930 [1]:24273766 [2]:152 [3]:368
[0]:152771562 [1]:24306438 [2]:152 [3]:359
[0]:152980888 [1]:24337395 [2]:152 [3]:362
[0]:153189825 [1]:24368312 [2]:152 [3]:369
[0]:153402652 [1]:24399781 [2]:152 [3]:357
[0]:153614696 [1]:24431090 [2]:152 [3]:363
[0]:153836180 [1]:24463869 [2]:152 [3]:360
[0]:154045056 [1]:24494757 [2]:152 [3]:360
[0]:154246372 [1]:24524505 [2]:152 [3]:362
[0]:154461973 [1]:24556376 [2]:152 [3]:368
[0]:154671718 [1]:24587325 [2]:152 [3]:83
[0]:154880770 [1]:24618241 [2]:152 [3]:73
[0]:155086286 [1]:24648743 [2]:152 [3]:358
[0]:155293653 [1]:24679487 [2]:152 [3]:367
[0]:155504398 [1]:24710712 [2]:152 [3]:69
[0]:155723912 [1]:24743093 [2]:152 [3]:83
[0]:155932867 [1]:24773997 [2]:152 [3]:355
[0]:156133642 [1]:24803716 [2]:152 [3]:355
[0]:156338651 [1]:24834087 [2]:152 [3]:370
[0]:156546925 [1]:24865024 [2]:152 [3]:369
[0]:156806001 [1]:24903279 [2]:152 [3]:82
[0]:157008674 [1]:24933271 [2]:152 [3]:364
[0]:157217241 [1]:24964105 [2]:152 [3]:365
[0]:157441747 [1]:24997353 [2]:152 [3]:364
[0]:157662887 [1]:25030125 [2]:152 [3]:75
[0]:157926273 [1]:25069007 [2]:152 [3]:362
[0]:158127758 [1]:25098877 [2]:152 [3]:358
[0]:158340422 [1]:25130401 [2]:152 [3]:368
[0]:158551816 [1]:25161651 [2]:152 [3]:362
[0]:158760598 [1]:25192496 [2]:152 [3]:377
[0]:158963271 [1]:25222455 [2]:152 [3]:360
[0]:159180022 [1]:25254639 [2]:152 [3]:359
[0]:159390120 [1]:25285769 [2]:152 [3]:371
[0]:159597802 [1]:25316571 [2]:152 [3]:362
[0]:159818154 [1]:25349234 [2]:152 [3]:368
[0]:160023307 [1]:25379558 [2]:152 [3]:359
[0]:160231722 [1]:25410431 [2]:152 [3]:357
[0]:160444943 [1]:25441874 [2]:152 [3]:366
[0]:160649972 [1]:25472090 [2]:152 [3]:367
