[0]:1019248570 [1]:685739464 [2]:7 [3]:16
[0]:1020410202 [1]:686764913 [2]:7 [3]:18
[0]:1021546644 [1]:687772385 [2]:7 [3]:15
[0]:1022659365 [1]:688757453 [2]:7 [3]:18
[0]:1023759331 [1]:689733008 [2]:7 [3]:17
[0]:1024879645 [1]:690722749 [2]:7 [3]:17
[0]:1025991320 [1]:691709637 [2]:7 [3]:60
[0]:1027124545 [1]:692710986 [2]:7 [3]:54
[0]:1028167961 [1]:693636538 [2]:7 [3]:52
[0]:1029450358 [1]:694778387 [2]:7 [3]:56
[0]:1030588921 [1]:695789286 [2]:7 [3]:56
[0]:1031698416 [1]:696772562 [2]:7 [3]:17
[0]:1032816063 [1]:697761151 [2]:7 [3]:57
[0]:1034023694 [1]:698827282 [2]:7 [3]:58
[0]:1035429223 [1]:700074725 [2]:7 [3]:19
[0]:1036885435 [1]:701363357 [2]:7 [3]:12
[0]:1038041756 [1]:702394657 [2]:7 [3]:17
[0]:1039173062 [1]:703398977 [2]:7 [3]:22
[0]:1040308501 [1]:704404528 [2]:7 [3]:50
[0]:1041410639 [1]:705380825 [2]:7 [3]:16
[0]:1042543822 [1]:706382575 [2]:7 [3]:18
[0]:1043644829 [1]:707360939 [2]:7 [3]:17
[0]:1044877854 [1]:708452154 [2]:7 [3]:18
[0]:1045965167 [1]:709413017 [2]:7 [3]:11
[0]:1047053078 [1]:710380132 [2]:7 [3]:16
[0]:1048188765 [1]:711388467 [2]:7 [3]:9
[0]:1049366926 [1]:712431429 [2]:7 [3]:14
[0]:1050485256 [1]:713426879 [2]:7 [3]:57
[0]:1051669891 [1]:714473704 [2]:7 [3]:19
[0]:1052969194 [1]:715627207 [2]:7 [3]:15
[0]:1054369937 [1]:716865551 [2]:7 [3]:18
[0]:1055702896 [1]:718047525 [2]:7 [3]:61
[0]:1057184254 [1]:719359123 [2]:7 [3]:10
[0]:1058507428 [1]:720527753 [2]:7 [3]:57
[0]:1059868472 [1]:721739792 [2]:7 [3]:17
[0]:1061074737 [1]:722809719 [2]:7 [3]:54
[0]:1062287013 [1]:723886661 [2]:7 [3]:16
[0]:1063472871 [1]:724935512 [2]:7 [3]:17
[0]:1064702171 [1]:726021646 [2]:7 [3]:18
[0]:1065874869 [1]:727059639 [2]:7 [3]:17
[0]:1067150172 [1]:728190326 [2]:7 [3]:20
[0]:1068407644 [1]:729300400 [2]:7 [3]:18
[0]:1069664644 [1]:730413334 [2]:7 [3]:22
[0]:1070921496 [1]:731523498 [2]:7 [3]:16
[0]:1072177404 [1]:732638239 [2]:7 [3]:20
[0]:1073558571 [1]:733858197 [2]:7 [3]:17
[0]:1074815193 [1]:734978240 [2]:7 [3]:10
[0]:1076070863 [1]:736084739 [2]:7 [3]:13
[0]:1077400964 [1]:737269109 [2]:7 [3]:17
[0]:1078657381 [1]:738382744 [2]:7 [3]:12
[0]:1079865533 [1]:739453510 [2]:7 [3]:57
[0]:1081048878 [1]:740501602 [2]:7 [3]:12
[0]:1082162062 [1]:741491673 [2]:7 [3]:19
[0]:1083299417 [1]:742499746 [2]:7 [3]:58
[0]:1084441957 [1]:743513050 [2]:7 [3]:12
[0]:1085547112 [1]:744496635 [2]:7 [3]:21
[0]:1086634231 [1]:745459221 [2]:7 [3]:15
[0]:1087749524 [1]:746444491 [2]:7 [3]:15
[0]:1088904530 [1]:747468811 [2]:7 [3]:46
[0]:1090022988 [1]:748463736 [2]:7 [3]:21
[0]:1091135301 [1]:749449208 [2]:7 [3]:20
[0]:1092246241 [1]:750432127 [2]:7 [3]:54
[0]:1093319453 [1]:751384541 [2]:7 [3]:13
[0]:1094486755 [1]:752422872 [2]:7 [3]:57
[0]:1095626815 [1]:753435420 [2]:7 [3]:57
[0]:1097007683 [1]:754654399 [2]:7 [3]:55
[0]:1098381708 [1]:755871524 [2]:7 [3]:21
[0]:1099646873 [1]:756989290 [2]:7 [3]:12
[0]:1100808380 [1]:758012609 [2]:7 [3]:13
[0]:1101940477 [1]:759019154 [2]:7 [3]:8
[0]:1103140297 [1]:760084210 [2]:7 [3]:19
[0]:1104289741 [1]:761108653 [2]:7 [3]:50
[0]:1105764471 [1]:762414459 [2]:7 [3]:14
[0]:1106916925 [1]:763433799 [2]:7 [3]:16
[0]:1108038258 [1]:764428460 [2]:7 [3]:61
[0]:1109198626 [1]:765454760 [2]:7 [3]:22
[0]:1110359646 [1]:766482782 [2]:7 [3]:14
[0]:1111544086 [1]:767529770 [2]:7 [3]:14
[0]:1112678120 [1]:768535516 [2]:7 [3]:16
[0]:1113806892 [1]:769533038 [2]:7 [3]:15
