[0]:61374276 [1]:7537484 [2]:92 [3]:60
[0]:61570419 [1]:7582804 [2]:97 [3]:361
[0]:61762887 [1]:7627228 [2]:97 [3]:365
[0]:61962622 [1]:7673364 [2]:97 [3]:361
[0]:62160244 [1]:7718943 [2]:97 [3]:364
[0]:62357474 [1]:7764470 [2]:97 [3]:356
[0]:62549604 [1]:7808851 [2]:97 [3]:363
[0]:62742623 [1]:7853398 [2]:97 [3]:57
[0]:62932308 [1]:7897268 [2]:97 [3]:358
[0]:63126790 [1]:7942148 [2]:97 [3]:58
[0]:63402066 [1]:8005755 [2]:97 [3]:358
[0]:63589667 [1]:8049180 [2]:97 [3]:363
[0]:63790579 [1]:8095596 [2]:97 [3]:363
[0]:63995156 [1]:8142847 [2]:97 [3]:365
[0]:64198145 [1]:8189831 [2]:97 [3]:365
[0]:64393618 [1]:8234989 [2]:97 [3]:361
[0]:64587615 [1]:8279825 [2]:97 [3]:364
[0]:64783627 [1]:8325184 [2]:97 [3]:362
[0]:64981856 [1]:8370884 [2]:97 [3]:361
[0]:65218397 [1]:8425544 [2]:97 [3]:354
[0]:65417896 [1]:8471702 [2]:97 [3]:366
[0]:65619985 [1]:8518387 [2]:97 [3]:363
[0]:65817810 [1]:8564023 [2]:97 [3]:364
[0]:66005669 [1]:8607442 [2]:97 [3]:368
[0]:66200407 [1]:8652427 [2]:97 [3]:58
[0]:66407757 [1]:8700330 [2]:97 [3]:357
[0]:66601766 [1]:8745157 [2]:97 [3]:358
[0]:66793591 [1]:8789406 [2]:97 [3]:57
[0]:66982405 [1]:8833086 [2]:97 [3]:363
[0]:67198824 [1]:8883051 [2]:103 [3]:361
[0]:67399954 [1]:8929517 [2]:103 [3]:361
[0]:67634896 [1]:8983769 [2]:103 [3]:361
[0]:67840934 [1]:9031363 [2]:103 [3]:55
[0]:68038692 [1]:9077105 [2]:103 [3]:364
[0]:68262522 [1]:9128835 [2]:103 [3]:358
[0]:68490379 [1]:9181491 [2]:103 [3]:365
[0]:68684459 [1]:9226257 [2]:103 [3]:58
[0]:68878528 [1]:9271073 [2]:103 [3]:360
[0]:69140492 [1]:9331569 [2]:103 [3]:56
[0]:69337528 [1]:9377130 [2]:103 [3]:359
[0]:69539246 [1]:9423695 [2]:103 [3]:362
[0]:69744392 [1]:9471101 [2]:103 [3]:56
[0]:69947133 [1]:9518039 [2]:103 [3]:363
[0]:70143634 [1]:9563414 [2]:103 [3]:365
[0]:70339610 [1]:9608771 [2]:103 [3]:366
[0]:70535621 [1]:9653985 [2]:103 [3]:365
[0]:70728199 [1]:9698502 [2]:103 [3]:361
[0]:70969655 [1]:9754394 [2]:103 [3]:58
[0]:71170016 [1]:9800709 [2]:103 [3]:363
[0]:71363049 [1]:9845228 [2]:103 [3]:366
[0]:71556241 [1]:9889882 [2]:103 [3]:366
[0]:71770994 [1]:9939549 [2]:103 [3]:361
[0]:71963806 [1]:9984078 [2]:103 [3]:364
[0]:72155292 [1]:10028301 [2]:103 [3]:363
[0]:72353212 [1]:10073943 [2]:103 [3]:363
[0]:72551056 [1]:10119743 [2]:103 [3]:362
[0]:72754908 [1]:10166852 [2]:108 [3]:365
[0]:72946642 [1]:10211154 [2]:108 [3]:361
[0]:73144145 [1]:10256777 [2]:108 [3]:358
[0]:73402923 [1]:10316437 [2]:108 [3]:360
[0]:73596062 [1]:10361053 [2]:108 [3]:363
[0]:73809949 [1]:10410511 [2]:108 [3]:363
[0]:74012230 [1]:10457381 [2]:108 [3]:361
[0]:74245502 [1]:10511248 [2]:108 [3]:362
[0]:74448880 [1]:10558195 [2]:108 [3]:361
[0]:74633675 [1]:10600898 [2]:108 [3]:357
[0]:74835149 [1]:10647551 [2]:108 [3]:58
[0]:75032995 [1]:10693315 [2]:108 [3]:355
[0]:75223034 [1]:10737112 [2]:108 [3]:353
[0]:75417410 [1]:10782003 [2]:108 [3]:362
[0]:75615251 [1]:10827641 [2]:108 [3]:60
[0]:75809349 [1]:10872504 [2]:108 [3]:366
[0]:76010907 [1]:10919000 [2]:108 [3]:368
