[0]:950337710 [1]:950337719 [2]:0 [3]:16
[0]:951541617 [1]:951541617 [2]:0 [3]:54
[0]:952703421 [1]:952703439 [2]:0 [3]:15
[0]:953870422 [1]:953870425 [2]:0 [3]:14
[0]:955074641 [1]:955074641 [2]:0 [3]:55
[0]:956276449 [1]:956276449 [2]:0 [3]:58
[0]:957477799 [1]:957477851 [2]:0 [3]:8
[0]:958635305 [1]:958635305 [2]:0 [3]:47
[0]:959790551 [1]:959790556 [2]:0 [3]:15
[0]:960915372 [1]:960915381 [2]:0 [3]:9
[0]:962217111 [1]:962217111 [2]:0 [3]:54
[0]:963261806 [1]:963261813 [2]:0 [3]:9
[0]:964337952 [1]:964337966 [2]:0 [3]:12
[0]:965396034 [1]:965396035 [2]:0 [3]:41
[0]:966424918 [1]:966424917 [2]:0 [3]:15
[0]:967486409 [1]:967486411 [2]:0 [3]:13
[0]:968559269 [1]:968559272 [2]:0 [3]:11
[0]:969588877 [1]:969588887 [2]:0 [3]:50
[0]:970665270 [1]:970665273 [2]:0 [3]:14
[0]:971701993 [1]:971702002 [2]:0 [3]:13
[0]:972762989 [1]:972762989 [2]:0 [3]:49
[0]:973816991 [1]:973816990 [2]:0 [3]:48
[0]:974940289 [1]:974940291 [2]:0 [3]:44
[0]:976064397 [1]:976064416 [2]:0 [3]:15
[0]:977166197 [1]:977166213 [2]:0 [3]:17
[0]:978370528 [1]:978370528 [2]:0 [3]:51
[0]:979776220 [1]:979776216 [2]:0 [3]:10
[0]:980878216 [1]:980878234 [2]:0 [3]:12
[0]:981945905 [1]:981945910 [2]:0 [3]:10
[0]:982981922 [1]:982981928 [2]:0 [3]:51
[0]:984075607 [1]:984075619 [2]:0 [3]:50
[0]:985115149 [1]:985115153 [2]:0 [3]:15
[0]:986165996 [1]:986166017 [2]:0 [3]:47
[0]:987270518 [1]:987270526 [2]:0 [3]:46
[0]:988336554 [1]:988336554 [2]:0 [3]:15
[0]:989422986 [1]:989423009 [2]:0 [3]:11
[0]:990562699 [1]:990562699 [2]:0 [3]:13
[0]:991638303 [1]:991638307 [2]:0 [3]:14
[0]:992687309 [1]:992687342 [2]:0 [3]:10
[0]:993757241 [1]:993757241 [2]:0 [3]:49
[0]:994744180 [1]:994744184 [2]:0 [3]:51
[0]:995866431 [1]:995866430 [2]:0 [3]:17
[0]:997132481 [1]:997132481 [2]:0 [3]:52
[0]:998478993 [1]:998479022 [2]:0 [3]:52
[0]:999749911 [1]:999749917 [2]:0 [3]:17
[0]:1001011190 [1]:1001011191 [2]:0 [3]:49
[0]:1002165649 [1]:1002165649 [2]:0 [3]:45
[0]:1003346880 [1]:1003346914 [2]:0 [3]:16
[0]:1004837401 [1]:1004837401 [2]:0 [3]:52
[0]:1005973553 [1]:1005973553 [2]:0 [3]:57
[0]:1007133166 [1]:1007133167 [2]:0 [3]:48
[0]:1008353682 [1]:1008353681 [2]:0 [3]:54
[0]:1009453505 [1]:1009453507 [2]:0 [3]:14
[0]:1010628477 [1]:1010628477 [2]:0 [3]:8
[0]:1011822510 [1]:1011822522 [2]:0 [3]:19
[0]:1013010362 [1]:1013010377 [2]:0 [3]:10
[0]:1014204203 [1]:1014204229 [2]:0 [3]:10
[0]:1015382267 [1]:1015382275 [2]:0 [3]:9
[0]:1016527559 [1]:1016527559 [2]:0 [3]:12
[0]:1017656537 [1]:1017656537 [2]:0 [3]:52
[0]:1018816041 [1]:1018816056 [2]:0 [3]:13
[0]:1019987480 [1]:1019987497 [2]:0 [3]:12
[0]:1021073354 [1]:1021073368 [2]:0 [3]:13
[0]:1022118713 [1]:1022118713 [2]:0 [3]:53
[0]:1023098690 [1]:1023098699 [2]:0 [3]:54
[0]:1024117130 [1]:1024117132 [2]:0 [3]:11
[0]:1025178393 [1]:1025178397 [2]:0 [3]:51
[0]:1026203557 [1]:1026203561 [2]:0 [3]:11
[0]:1027188367 [1]:1027188371 [2]:0 [3]:12
[0]:1028223871 [1]:1028223871 [2]:0 [3]:10
[0]:1029361561 [1]:1029361588 [2]:0 [3]:12
[0]:1030483399 [1]:1030483412 [2]:0 [3]:46
[0]:1031511929 [1]:1031511966 [2]:0 [3]:7
[0]:1032573243 [1]:1032573243 [2]:0 [3]:12
[0]:1033865329 [1]:1033865329 [2]:0 [3]:47
[0]:1034909989 [1]:1034910000 [2]:0 [3]:10
[0]:1036280355 [1]:1036280355 [2]:0 [3]:12
[0]:1037585617 [1]:1037585617 [2]:0 [3]:47
[0]:1038730548 [1]:1038730548 [2]:0 [3]:13
[0]:1039857279 [1]:1039857283 [2]:0 [3]:9
