[0]:1041013748 [1]:1041013747 [2]:0 [3]:27
[0]:1042164676 [1]:1042164682 [2]:0 [3]:11
[0]:1043329326 [1]:1043329326 [2]:0 [3]:22
[0]:1044507939 [1]:1044507942 [2]:0 [3]:13
[0]:1045653730 [1]:1045653734 [2]:0 [3]:23
[0]:1046764381 [1]:1046764381 [2]:0 [3]:11
[0]:1047921399 [1]:1047921410 [2]:0 [3]:47
[0]:1049075614 [1]:1049075617 [2]:0 [3]:14
[0]:1050620901 [1]:1050620901 [2]:0 [3]:21
[0]:1051785152 [1]:1051785153 [2]:0 [3]:20
[0]:1053118337 [1]:1053118334 [2]:0 [3]:13
[0]:1054243783 [1]:1054243790 [2]:0 [3]:17
[0]:1055498132 [1]:1055498132 [2]:0 [3]:17
[0]:1057077211 [1]:1057077216 [2]:0 [3]:13
[0]:1058677041 [1]:1058677051 [2]:0 [3]:17
[0]:1060086653 [1]:1060086661 [2]:0 [3]:15
[0]:1061437881 [1]:1061437897 [2]:0 [3]:10
[0]:1062720569 [1]:1062720569 [2]:0 [3]:54
[0]:1064030006 [1]:1064030009 [2]:0 [3]:19
[0]:1065357327 [1]:1065357329 [2]:0 [3]:48
[0]:1066587677 [1]:1066587680 [2]:0 [3]:51
[0]:1067893576 [1]:1067893581 [2]:0 [3]:20
[0]:1069197829 [1]:1069197830 [2]:0 [3]:14
[0]:1070453581 [1]:1070453580 [2]:0 [3]:54
[0]:1071666624 [1]:1071666618 [2]:0 [3]:14
[0]:1072904308 [1]:1072904312 [2]:0 [3]:24
[0]:1074140716 [1]:1074140718 [2]:0 [3]:17
[0]:1075418927 [1]:1075418930 [2]:0 [3]:17
[0]:1076724070 [1]:1076724074 [2]:0 [3]:56
[0]:1078175473 [1]:1078175480 [2]:0 [3]:15
[0]:1079466511 [1]:1079466513 [2]:0 [3]:14
[0]:1080708378 [1]:1080708383 [2]:0 [3]:19
[0]:1081942321 [1]:1081942335 [2]:0 [3]:14
[0]:1083361931 [1]:1083361933 [2]:0 [3]:10
[0]:1084476684 [1]:1084476684 [2]:0 [3]:16
[0]:1085608782 [1]:1085608782 [2]:0 [3]:59
[0]:1086738315 [1]:1086738318 [2]:0 [3]:19
[0]:1087892033 [1]:1087892044 [2]:0 [3]:48
[0]:1088994441 [1]:1088994441 [2]:0 [3]:9
[0]:1090131147 [1]:1090131157 [2]:0 [3]:15
[0]:1091277322 [1]:1091277319 [2]:0 [3]:15
[0]:1092731599 [1]:1092731600 [2]:0 [3]:14
[0]:1093878815 [1]:1093878815 [2]:0 [3]:10
[0]:1094990982 [1]:1094990983 [2]:0 [3]:54
[0]:1096145085 [1]:1096145105 [2]:0 [3]:52
[0]:1097324826 [1]:1097324826 [2]:0 [3]:23
[0]:1098478412 [1]:1098478412 [2]:0 [3]:19
[0]:1100255044 [1]:1100255057 [2]:0 [3]:12
[0]:1101722618 [1]:1101722654 [2]:0 [3]:12
[0]:1103006115 [1]:1103006126 [2]:0 [3]:16
[0]:1104224124 [1]:1104224129 [2]:0 [3]:49
[0]:1105500307 [1]:1105500312 [2]:0 [3]:20
[0]:1106663845 [1]:1106663854 [2]:0 [3]:17
[0]:1107905413 [1]:1107905413 [2]:0 [3]:16
[0]:1109178274 [1]:1109178277 [2]:0 [3]:22
[0]:1110341563 [1]:1110341588 [2]:0 [3]:49
[0]:1111454805 [1]:1111454815 [2]:0 [3]:18
[0]:1112587011 [1]:1112587011 [2]:0 [3]:60
[0]:1113704496 [1]:1113704505 [2]:0 [3]:15
[0]:1114833979 [1]:1114833980 [2]:0 [3]:55
[0]:1115984073 [1]:1115984097 [2]:0 [3]:53
[0]:1117114246 [1]:1117114259 [2]:0 [3]:55
[0]:1118269700 [1]:1118269704 [2]:0 [3]:61
[0]:1119472947 [1]:1119472956 [2]:0 [3]:16
[0]:1120843566 [1]:1120843567 [2]:0 [3]:14
[0]:1122237171 [1]:1122237183 [2]:0 [3]:11
[0]:1123542535 [1]:1123542536 [2]:0 [3]:56
[0]:1124847184 [1]:1124847189 [2]:0 [3]:20
[0]:1126100634 [1]:1126100645 [2]:0 [3]:17
[0]:1127404742 [1]:1127404760 [2]:0 [3]:13
[0]:1128728825 [1]:1128728832 [2]:0 [3]:52
[0]:1130014005 [1]:1130014006 [2]:0 [3]:13
[0]:1131300488 [1]:1131300488 [2]:0 [3]:49
[0]:1132649797 [1]:1132649798 [2]:0 [3]:50
[0]:1134002345 [1]:1134002358 [2]:0 [3]:15
[0]:1135236891 [1]:1135236892 [2]:0 [3]:53
[0]:1136513916 [1]:1136513919 [2]:0 [3]:15
[0]:1137768167 [1]:1137768191 [2]:0 [3]:20
[0]:1139085766 [1]:1139085771 [2]:0 [3]:15
[0]:1140352973 [1]:1140352985 [2]:0 [3]:13
