[0]:85275454 [1]:85275455 [2]:0 [3]:15
[0]:86578615 [1]:86578629 [2]:0 [3]:18
[0]:88138753 [1]:88138757 [2]:0 [3]:16
[0]:89440737 [1]:89440749 [2]:0 [3]:13
[0]:90672853 [1]:90672854 [2]:0 [3]:17
[0]:92003009 [1]:92003013 [2]:0 [3]:58
[0]:93247546 [1]:93247548 [2]:0 [3]:8
[0]:94639410 [1]:94639421 [2]:0 [3]:59
[0]:95943521 [1]:95943523 [2]:0 [3]:51
[0]:97224286 [1]:97224288 [2]:0 [3]:15
[0]:98527961 [1]:98527961 [2]:0 [3]:15
[0]:99903179 [1]:99903181 [2]:0 [3]:14
[0]:101236999 [1]:101236999 [2]:0 [3]:60
[0]:102381707 [1]:102381711 [2]:0 [3]:16
[0]:103768547 [1]:103768547 [2]:0 [3]:14
[0]:104926168 [1]:104926182 [2]:0 [3]:19
[0]:106080350 [1]:106080370 [2]:0 [3]:57
[0]:107259052 [1]:107259063 [2]:0 [3]:16
[0]:108437205 [1]:108437215 [2]:0 [3]:16
[0]:109656871 [1]:109656874 [2]:0 [3]:18
[0]:110862416 [1]:110862414 [2]:0 [3]:15
[0]:112175355 [1]:112175355 [2]:0 [3]:16
[0]:113311136 [1]:113311133 [2]:0 [3]:16
[0]:114485005 [1]:114485013 [2]:0 [3]:20
[0]:115615721 [1]:115615722 [2]:0 [3]:52
[0]:116763425 [1]:116763428 [2]:0 [3]:16
[0]:117948781 [1]:117948782 [2]:0 [3]:52
[0]:119228692 [1]:119228718 [2]:0 [3]:53
[0]:120649861 [1]:120649861 [2]:0 [3]:25
[0]:122027608 [1]:122027625 [2]:0 [3]:15
[0]:123320657 [1]:123320672 [2]:0 [3]:11
[0]:124523381 [1]:124523391 [2]:0 [3]:17
[0]:125702614 [1]:125702615 [2]:0 [3]:15
[0]:126855291 [1]:126855291 [2]:0 [3]:16
[0]:128081670 [1]:128081673 [2]:0 [3]:50
[0]:129187706 [1]:129187707 [2]:0 [3]:16
[0]:130378286 [1]:130378321 [2]:0 [3]:53
[0]:131900496 [1]:131900497 [2]:0 [3]:55
[0]:133079926 [1]:133079938 [2]:0 [3]:18
[0]:134259530 [1]:134259544 [2]:0 [3]:48
[0]:135405655 [1]:135405662 [2]:0 [3]:11
[0]:136561986 [1]:136561986 [2]:0 [3]:17
[0]:137714097 [1]:137714096 [2]:0 [3]:15
[0]:138853536 [1]:138853557 [2]:0 [3]:12
[0]:140279462 [1]:140279465 [2]:0 [3]:17
[0]:141726623 [1]:141726623 [2]:0 [3]:54
[0]:143116361 [1]:143116385 [2]:0 [3]:12
[0]:144679068 [1]:144679067 [2]:0 [3]:19
[0]:146255762 [1]:146255764 [2]:0 [3]:57
[0]:147495899 [1]:147495927 [2]:0 [3]:18
[0]:148752271 [1]:148752271 [2]:0 [3]:17
[0]:149967167 [1]:149967167 [2]:0 [3]:15
[0]:151275716 [1]:151275717 [2]:0 [3]:53
[0]:152739489 [1]:152739493 [2]:0 [3]:51
[0]:154008783 [1]:154008783 [2]:0 [3]:17
[0]:155238881 [1]:155238881 [2]:0 [3]:50
[0]:156532727 [1]:156532731 [2]:0 [3]:15
[0]:157818983 [1]:157818989 [2]:0 [3]:16
[0]:159063482 [1]:159063542 [2]:0 [3]:8
[0]:160475299 [1]:160475298 [2]:0 [3]:18
[0]:161677689 [1]:161677696 [2]:0 [3]:13
[0]:163115463 [1]:163115471 [2]:0 [3]:16
[0]:164417894 [1]:164417898 [2]:0 [3]:16
[0]:165664896 [1]:165664899 [2]:0 [3]:21
[0]:166966592 [1]:166966595 [2]:0 [3]:13
[0]:168133654 [1]:168133655 [2]:0 [3]:12
[0]:169304280 [1]:169304282 [2]:0 [3]:15
[0]:170490024 [1]:170490031 [2]:0 [3]:17
[0]:171745057 [1]:171745081 [2]:0 [3]:13
[0]:172875774 [1]:172875773 [2]:0 [3]:14
[0]:174055850 [1]:174055855 [2]:0 [3]:57
[0]:175285654 [1]:175285667 [2]:0 [3]:16
[0]:176429877 [1]:176429877 [2]:0 [3]:49
[0]:177564925 [1]:177564934 [2]:0 [3]:20
[0]:178698279 [1]:178698279 [2]:0 [3]:10
[0]:180109142 [1]:180109142 [2]:0 [3]:51
[0]:181366813 [1]:181366821 [2]:0 [3]:17
[0]:182526792 [1]:182526792 [2]:0 [3]:18
[0]:183884702 [1]:183884721 [2]:0 [3]:20
