[0]:137509112 [1]:24364557 [2]:150 [3]:361
[0]:137720190 [1]:24395861 [2]:150 [3]:78
[0]:137924212 [1]:24426185 [2]:150 [3]:366
[0]:138149769 [1]:24459652 [2]:150 [3]:371
[0]:138362553 [1]:24491325 [2]:150 [3]:365
[0]:138575332 [1]:24522745 [2]:150 [3]:371
[0]:138842314 [1]:24562340 [2]:150 [3]:358
[0]:139074998 [1]:24596918 [2]:150 [3]:78
[0]:139361272 [1]:24639334 [2]:150 [3]:74
[0]:139564613 [1]:24669458 [2]:150 [3]:362
[0]:139840530 [1]:24710385 [2]:150 [3]:366
[0]:140037479 [1]:24739641 [2]:149 [3]:353
[0]:140246435 [1]:24770692 [2]:149 [3]:375
[0]:140461898 [1]:24802588 [2]:149 [3]:361
[0]:140730348 [1]:24842279 [2]:149 [3]:363
[0]:140940053 [1]:24873264 [2]:149 [3]:79
[0]:141145618 [1]:24903704 [2]:149 [3]:360
[0]:141350016 [1]:24934045 [2]:149 [3]:358
[0]:141562617 [1]:24965623 [2]:149 [3]:361
[0]:141771637 [1]:24996692 [2]:149 [3]:367
[0]:141980473 [1]:25027622 [2]:149 [3]:362
[0]:142195136 [1]:25059449 [2]:149 [3]:357
[0]:142402136 [1]:25090160 [2]:149 [3]:369
[0]:142658065 [1]:25128338 [2]:149 [3]:364
[0]:142874933 [1]:25160457 [2]:149 [3]:363
[0]:143079771 [1]:25190986 [2]:149 [3]:369
[0]:143316173 [1]:25226045 [2]:149 [3]:367
[0]:143540986 [1]:25259400 [2]:149 [3]:362
[0]:143783345 [1]:25295363 [2]:149 [3]:361
[0]:144012788 [1]:25329523 [2]:149 [3]:361
[0]:144217255 [1]:25359907 [2]:149 [3]:365
[0]:144435716 [1]:25392269 [2]:149 [3]:364
[0]:144632648 [1]:25421518 [2]:149 [3]:360
[0]:144864571 [1]:25456030 [2]:149 [3]:359
[0]:145061795 [1]:25485388 [2]:149 [3]:361
[0]:145266806 [1]:25515786 [2]:149 [3]:363
[0]:145492976 [1]:25549239 [2]:149 [3]:363
[0]:145696502 [1]:25579394 [2]:149 [3]:359
[0]:145896036 [1]:25609034 [2]:149 [3]:368
[0]:146153168 [1]:25647236 [2]:149 [3]:77
[0]:146362057 [1]:25678333 [2]:149 [3]:374
[0]:146576099 [1]:25710071 [2]:149 [3]:356
[0]:146787721 [1]:25741468 [2]:149 [3]:76
[0]:147015129 [1]:25775204 [2]:149 [3]:360
[0]:147218735 [1]:25805353 [2]:149 [3]:364
[0]:147421123 [1]:25835369 [2]:149 [3]:368
[0]:147627343 [1]:25865968 [2]:149 [3]:86
[0]:147847141 [1]:25898476 [2]:149 [3]:359
[0]:148060820 [1]:25930376 [2]:149 [3]:373
[0]:148277640 [1]:25962652 [2]:149 [3]:75
[0]:148502255 [1]:25995926 [2]:149 [3]:368
[0]:148713798 [1]:26027325 [2]:149 [3]:370
[0]:148912234 [1]:26056803 [2]:149 [3]:77
[0]:149132828 [1]:26089509 [2]:149 [3]:369
[0]:149337458 [1]:26119978 [2]:149 [3]:370
[0]:149546368 [1]:26150921 [2]:149 [3]:375
[0]:149755418 [1]:26181823 [2]:149 [3]:369
[0]:149967369 [1]:26213339 [2]:149 [3]:364
[0]:150176907 [1]:26244372 [2]:149 [3]:368
[0]:150392695 [1]:26276305 [2]:149 [3]:358
[0]:150602666 [1]:26307404 [2]:149 [3]:370
[0]:150810261 [1]:26338135 [2]:149 [3]:372
[0]:151016416 [1]:26368826 [2]:149 [3]:363
[0]:151222653 [1]:26399322 [2]:149 [3]:373
[0]:151426278 [1]:26429534 [2]:149 [3]:369
[0]:151644217 [1]:26462008 [2]:149 [3]:369
[0]:151853214 [1]:26493026 [2]:149 [3]:368
[0]:152052073 [1]:26522528 [2]:149 [3]:357
[0]:152249780 [1]:26551926 [2]:149 [3]:80
[0]:152458840 [1]:26582871 [2]:149 [3]:83
[0]:152668122 [1]:26613948 [2]:149 [3]:360
[0]:152876185 [1]:26644822 [2]:149 [3]:355
