[0]:45217166 [1]:6959451 [2]:122 [3]:360
[0]:45422762 [1]:6995194 [2]:122 [3]:360
[0]:45627036 [1]:7025418 [2]:122 [3]:366
[0]:45840521 [1]:7057028 [2]:122 [3]:363
[0]:46049491 [1]:7088006 [2]:122 [3]:78
[0]:46266316 [1]:7120107 [2]:122 [3]:362
[0]:46517163 [1]:7157275 [2]:122 [3]:81
[0]:46715566 [1]:7186716 [2]:122 [3]:70
[0]:46936301 [1]:7219525 [2]:122 [3]:362
[0]:47149055 [1]:7251068 [2]:122 [3]:370
[0]:47356951 [1]:7281976 [2]:122 [3]:367
[0]:47562712 [1]:7312568 [2]:122 [3]:370
[0]:47772522 [1]:7343622 [2]:122 [3]:371
[0]:47981699 [1]:7374557 [2]:122 [3]:361
[0]:48196530 [1]:7406407 [2]:122 [3]:366
[0]:48406184 [1]:7437475 [2]:124 [3]:362
[0]:48630624 [1]:7470946 [2]:124 [3]:371
[0]:48832455 [1]:7500890 [2]:124 [3]:76
[0]:49064176 [1]:7535272 [2]:124 [3]:364
[0]:49267801 [1]:7565539 [2]:124 [3]:367
[0]:49485718 [1]:7597920 [2]:124 [3]:360
[0]:49694740 [1]:7629021 [2]:124 [3]:364
[0]:49903361 [1]:7660088 [2]:124 [3]:367
[0]:50115926 [1]:7691647 [2]:124 [3]:365
[0]:50321129 [1]:7722101 [2]:124 [3]:365
[0]:50537836 [1]:7754249 [2]:124 [3]:369
[0]:50738974 [1]:7784070 [2]:124 [3]:361
[0]:50967523 [1]:7818003 [2]:124 [3]:370
[0]:51176385 [1]:7848899 [2]:124 [3]:359
[0]:51381361 [1]:7879253 [2]:124 [3]:376
[0]:51588446 [1]:7909938 [2]:124 [3]:78
[0]:51829982 [1]:7945802 [2]:124 [3]:360
[0]:52059207 [1]:7979854 [2]:126 [3]:361
[0]:52269544 [1]:8011204 [2]:126 [3]:367
[0]:52476839 [1]:8041979 [2]:126 [3]:364
[0]:52681636 [1]:8072336 [2]:126 [3]:66
[0]:52882762 [1]:8102197 [2]:126 [3]:359
[0]:53095695 [1]:8133768 [2]:126 [3]:364
[0]:53304331 [1]:8164656 [2]:126 [3]:77
[0]:53504507 [1]:8194212 [2]:126 [3]:364
[0]:53714486 [1]:8225357 [2]:126 [3]:83
[0]:53923055 [1]:8256232 [2]:126 [3]:363
[0]:54136118 [1]:8287840 [2]:126 [3]:367
[0]:54337072 [1]:8317572 [2]:126 [3]:367
[0]:54545985 [1]:8348523 [2]:126 [3]:361
[0]:54750766 [1]:8378891 [2]:126 [3]:359
[0]:54967806 [1]:8411019 [2]:126 [3]:366
[0]:55188286 [1]:8443802 [2]:126 [3]:354
[0]:55393299 [1]:8474178 [2]:126 [3]:372
[0]:55598310 [1]:8504613 [2]:128 [3]:363
[0]:55819049 [1]:8537306 [2]:128 [3]:369
[0]:56027358 [1]:8568162 [2]:128 [3]:371
[0]:56236612 [1]:8599198 [2]:128 [3]:81
[0]:56437810 [1]:8628950 [2]:128 [3]:366
[0]:56645953 [1]:8659768 [2]:128 [3]:366
[0]:56855724 [1]:8690857 [2]:128 [3]:354
[0]:57079251 [1]:8724027 [2]:128 [3]:361
[0]:57292739 [1]:8755626 [2]:128 [3]:356
[0]:57501907 [1]:8786690 [2]:128 [3]:368
[0]:57730826 [1]:8820762 [2]:128 [3]:370
[0]:57931391 [1]:8850575 [2]:128 [3]:360
[0]:58151987 [1]:8883463 [2]:128 [3]:369
[0]:58352865 [1]:8913256 [2]:128 [3]:363
[0]:58565511 [1]:8944741 [2]:128 [3]:372
[0]:58777122 [1]:8976264 [2]:128 [3]:357
[0]:58972845 [1]:9005270 [2]:128 [3]:369
[0]:59196308 [1]:9038302 [2]:130 [3]:372
[0]:59400316 [1]:9068572 [2]:130 [3]:77
[0]:59598039 [1]:9098074 [2]:130 [3]:76
[0]:59850463 [1]:9135490 [2]:130 [3]:364
[0]:60047458 [1]:9164797 [2]:130 [3]:364
[0]:60256246 [1]:9195669 [2]:130 [3]:365
[0]:60465391 [1]:9226664 [2]:130 [3]:364
[0]:60674834 [1]:9257604 [2]:130 [3]:356
[0]:60878839 [1]:9287877 [2]:130 [3]:365
