[0]:3969642085 [1]:1 [2]:2 [3]:3
[0]:3781689116 [1]:1 [2]:2 [3]:3
[0]:3592700447 [1]:1 [2]:2 [3]:3
[0]:3406255282 [1]:1 [2]:2 [3]:3
[0]:4222443505 [1]:1 [2]:2 [3]:3
[0]:3994084003 [1]:1 [2]:2 [3]:3
[0]:3756850741 [1]:1 [2]:2 [3]:3
[0]:3529609145 [1]:1 [2]:2 [3]:2
[0]:3305781853 [1]:1 [2]:2 [3]:2
[0]:4066061082 [1]:1 [2]:2 [3]:2
[0]:3779839797 [1]:1 [2]:2 [3]:3
[0]:3570995596 [1]:1 [2]:2 [3]:3
[0]:3357433025 [1]:1 [2]:2 [3]:3
[0]:4149570308 [1]:1 [2]:2 [3]:3
[0]:3897789883 [1]:1 [2]:2 [3]:3
[0]:3690363362 [1]:1 [2]:2 [3]:3
[0]:3469636130 [1]:1 [2]:2 [3]:3
[0]:4244546421 [1]:1 [2]:2 [3]:3
[0]:4028436908 [1]:1 [2]:2 [3]:2
[0]:3818356835 [1]:1 [2]:2 [3]:3
[0]:3609520967 [1]:1 [2]:2 [3]:3
[0]:3411116120 [1]:1 [2]:2 [3]:3
[0]:4230605936 [1]:1 [2]:2 [3]:3
[0]:4041609901 [1]:1 [2]:2 [3]:3
[0]:3851080175 [1]:1 [2]:2 [3]:3
[0]:3666249540 [1]:1 [2]:2 [3]:3
[0]:3486490090 [1]:1 [2]:2 [3]:3
[0]:3299323243 [1]:1 [2]:2 [3]:3
[0]:4105882146 [1]:1 [2]:2 [3]:3
[0]:3903567736 [1]:1 [2]:2 [3]:3
[0]:3713924361 [1]:1 [2]:2 [3]:2
[0]:3528940162 [1]:1 [2]:2 [3]:3
[0]:3333774773 [1]:1 [2]:2 [3]:3
[0]:4144311611 [1]:1 [2]:2 [3]:2
[0]:3949662845 [1]:1 [2]:2 [3]:3
[0]:3757653833 [1]:1 [2]:2 [3]:3
[0]:3558196110 [1]:1 [2]:2 [3]:3
[0]:3352966038 [1]:1 [2]:2 [3]:3
[0]:4123517851 [1]:1 [2]:2 [3]:3
[0]:3891325120 [1]:1 [2]:2 [3]:3
[0]:3704978955 [1]:1 [2]:2 [3]:2
[0]:3516652325 [1]:1 [2]:2 [3]:3
[0]:3321675637 [1]:1 [2]:2 [3]:3
[0]:4129436561 [1]:1 [2]:2 [3]:3
[0]:3935028197 [1]:1 [2]:2 [3]:3
[0]:3741759500 [1]:1 [2]:2 [3]:3
[0]:3556082162 [1]:1 [2]:2 [3]:2
[0]:3354201163 [1]:1 [2]:2 [3]:3
[0]:4160096873 [1]:1 [2]:2 [3]:3
[0]:3949627790 [1]:1 [2]:2 [3]:3
[0]:3762434676 [1]:1 [2]:2 [3]:3
[0]:3578433877 [1]:1 [2]:2 [3]:3
[0]:3388862747 [1]:1 [2]:2 [3]:3
[0]:4194197342 [1]:1 [2]:2 [3]:2
[0]:4008733786 [1]:1 [2]:2 [3]:3
[0]:3790863780 [1]:1 [2]:2 [3]:3
[0]:3557524026 [1]:1 [2]:2 [3]:3
[0]:3318258610 [1]:1 [2]:2 [3]:3
[0]:4064894605 [1]:1 [2]:2 [3]:3
[0]:3781980198 [1]:1 [2]:2 [3]:3
[0]:3550688510 [1]:1 [2]:2 [3]:3
[0]:3313726920 [1]:1 [2]:2 [3]:2
[0]:4098473717 [1]:1 [2]:2 [3]:3
[0]:3884967341 [1]:1 [2]:2 [3]:3
[0]:3681625888 [1]:1 [2]:2 [3]:2
[0]:3393670812 [1]:1 [2]:2 [3]:2
[0]:4183237181 [1]:1 [2]:2 [3]:3
[0]:3957668932 [1]:1 [2]:2 [3]:3
[0]:3749730266 [1]:1 [2]:2 [3]:3
[0]:3537682987 [1]:1 [2]:2 [3]:3
[0]:4286011642 [1]:1 [2]:2 [3]:2
[0]:4093748943 [1]:1 [2]:2 [3]:3
[0]:3903336167 [1]:1 [2]:2 [3]:2
[0]:3716704702 [1]:1 [2]:2 [3]:3
[0]:3484520123 [1]:1 [2]:2 [3]:3
[0]:3297693566 [1]:1 [2]:2 [3]:3
