[0]:3967288852 [1]:1 [2]:2 [3]:2
[0]:3742859071 [1]:1 [2]:2 [3]:8
[0]:3531640991 [1]:1 [2]:2 [3]:16
[0]:3339477082 [1]:1 [2]:2 [3]:5
[0]:4151503197 [1]:1 [2]:2 [3]:17
[0]:3964129513 [1]:1 [2]:2 [3]:3
[0]:3768100170 [1]:1 [2]:2 [3]:4
[0]:3570861506 [1]:1 [2]:2 [3]:8
[0]:3382224081 [1]:1 [2]:2 [3]:5
[0]:4187515950 [1]:1 [2]:2 [3]:7
[0]:3997349771 [1]:1 [2]:2 [3]:6
[0]:3799604337 [1]:1 [2]:2 [3]:18
[0]:3607358385 [1]:1 [2]:2 [3]:19
[0]:3419537481 [1]:1 [2]:2 [3]:20
[0]:4231372885 [1]:1 [2]:2 [3]:8
[0]:4035536761 [1]:1 [2]:2 [3]:20
[0]:3795667193 [1]:1 [2]:2 [3]:18
[0]:3609258175 [1]:1 [2]:2 [3]:9
[0]:3403789103 [1]:1 [2]:2 [3]:5
[0]:4163982473 [1]:1 [2]:2 [3]:4
[0]:3951768263 [1]:1 [2]:2 [3]:16
[0]:3755488725 [1]:1 [2]:2 [3]:20
[0]:3569698022 [1]:1 [2]:2 [3]:5
[0]:3383125245 [1]:1 [2]:2 [3]:18
[0]:4191649062 [1]:1 [2]:2 [3]:2
[0]:3995865750 [1]:1 [2]:2 [3]:2
[0]:3809987430 [1]:1 [2]:2 [3]:6
[0]:3619558738 [1]:1 [2]:2 [3]:6
[0]:3427485128 [1]:1 [2]:2 [3]:2
[0]:4235681427 [1]:1 [2]:2 [3]:19
[0]:4047784367 [1]:1 [2]:2 [3]:7
[0]:3834164391 [1]:1 [2]:2 [3]:8
[0]:3643606100 [1]:1 [2]:2 [3]:8
[0]:3451558113 [1]:1 [2]:2 [3]:8
[0]:4236438321 [1]:1 [2]:2 [3]:5
[0]:4050822867 [1]:1 [2]:2 [3]:17
[0]:3841353033 [1]:1 [2]:2 [3]:19
[0]:3611806297 [1]:1 [2]:2 [3]:3
[0]:3380312540 [1]:1 [2]:2 [3]:8
[0]:4140785171 [1]:1 [2]:2 [3]:6
[0]:3886949637 [1]:1 [2]:2 [3]:3
[0]:3627721765 [1]:1 [2]:2 [3]:7
[0]:3403500526 [1]:1 [2]:2 [3]:7
[0]:4165587753 [1]:1 [2]:2 [3]:6
[0]:3940278023 [1]:1 [2]:2 [3]:15
[0]:3726375886 [1]:1 [2]:2 [3]:18
[0]:3515632536 [1]:1 [2]:2 [3]:8
[0]:3295495008 [1]:1 [2]:2 [3]:7
[0]:4079465360 [1]:1 [2]:2 [3]:16
[0]:3855413048 [1]:1 [2]:2 [3]:19
[0]:3617368450 [1]:1 [2]:2 [3]:18
[0]:3411502265 [1]:1 [2]:2 [3]:4
[0]:4177826680 [1]:1 [2]:2 [3]:3
[0]:3983487650 [1]:1 [2]:2 [3]:10
[0]:3791545917 [1]:1 [2]:2 [3]:8
[0]:3600069771 [1]:1 [2]:2 [3]:5
[0]:3407506752 [1]:1 [2]:2 [3]:2
[0]:4217376567 [1]:1 [2]:2 [3]:6
[0]:4023541802 [1]:1 [2]:2 [3]:9
[0]:3836515777 [1]:1 [2]:2 [3]:5
[0]:3651560893 [1]:1 [2]:2 [3]:17
[0]:3463497925 [1]:1 [2]:2 [3]:3
[0]:4268927402 [1]:1 [2]:2 [3]:5
[0]:4079598231 [1]:1 [2]:2 [3]:18
[0]:3839682003 [1]:1 [2]:2 [3]:19
[0]:3655570343 [1]:1 [2]:2 [3]:10
[0]:3444801088 [1]:1 [2]:2 [3]:5
[0]:4255432157 [1]:1 [2]:2 [3]:7
[0]:4025179273 [1]:1 [2]:2 [3]:20
[0]:3793090830 [1]:1 [2]:2 [3]:5
[0]:3580933718 [1]:1 [2]:2 [3]:8
[0]:3333489533 [1]:1 [2]:2 [3]:7
[0]:4139603013 [1]:1 [2]:2 [3]:8
[0]:3950137842 [1]:1 [2]:2 [3]:9
[0]:3763641880 [1]:1 [2]:2 [3]:8
[0]:3567840487 [1]:1 [2]:2 [3]:9
[0]:3372700413 [1]:1 [2]:2 [3]:6
[0]:4151609132 [1]:1 [2]:2 [3]:17
[0]:3963602768 [1]:1 [2]:2 [3]:8
[0]:3780141848 [1]:1 [2]:2 [3]:18
[0]:3591790582 [1]:1 [2]:2 [3]:6
[0]:3402195948 [1]:1 [2]:2 [3]:8
[0]:4207955177 [1]:1 [2]:2 [3]:3
[0]:4015619741 [1]:1 [2]:2 [3]:8
[0]:3830962637 [1]:1 [2]:2 [3]:7
[0]:3632002738 [1]:1 [2]:2 [3]:6
[0]:3406167050 [1]:1 [2]:2 [3]:8
[0]:4173696757 [1]:1 [2]:2 [3]:19
[0]:3938101467 [1]:1 [2]:2 [3]:6
[0]:3705101898 [1]:1 [2]:2 [3]:9
[0]:3492607163 [1]:1 [2]:2 [3]:8
[0]:4283556555 [1]:1 [2]:2 [3]:7
[0]:4074209667 [1]:1 [2]:2 [3]:3
[0]:3867520442 [1]:1 [2]:2 [3]:7
[0]:3659325036 [1]:1 [2]:2 [3]:3
[0]:3455678055 [1]:1 [2]:2 [3]:5
[0]:4199674393 [1]:1 [2]:2 [3]:18
[0]:3993637185 [1]:1 [2]:2 [3]:6
[0]:3783553110 [1]:1 [2]:2 [3]:8
[0]:3555651687 [1]:1 [2]:2 [3]:16
[0]:3331778245 [1]:1 [2]:2 [3]:19
[0]:4059613907 [1]:1 [2]:2 [3]:8
[0]:3869695172 [1]:1 [2]:2 [3]:5
[0]:3684623542 [1]:1 [2]:2 [3]:16
[0]:3459631017 [1]:1 [2]:2 [3]:8
[0]:4267680466 [1]:1 [2]:2 [3]:7
[0]:4078597250 [1]:1 [2]:2 [3]:3
[0]:3882761037 [1]:1 [2]:2 [3]:4
[0]:3691645761 [1]:1 [2]:2 [3]:6
[0]:3499863796 [1]:1 [2]:2 [3]:8
[0]:3309255148 [1]:1 [2]:2 [3]:6
[0]:4115662336 [1]:1 [2]:2 [3]:15
[0]:3924136481 [1]:1 [2]:2 [3]:4
[0]:3733609338 [1]:1 [2]:2 [3]:11
[0]:3551766025 [1]:1 [2]:2 [3]:20
[0]:3359846143 [1]:1 [2]:2 [3]:5
[0]:4167511016 [1]:1 [2]:2 [3]:16
[0]:3967574738 [1]:1 [2]:2 [3]:2
[0]:3731566513 [1]:1 [2]:2 [3]:5
[0]:3506442502 [1]:1 [2]:2 [3]:18
[0]:3309818431 [1]:1 [2]:2 [3]:10
[0]:4055639473 [1]:1 [2]:2 [3]:18
[0]:3867701702 [1]:1 [2]:2 [3]:8
[0]:3679000947 [1]:1 [2]:2 [3]:14
[0]:3488555906 [1]:1 [2]:2 [3]:7
[0]:3295938231 [1]:1 [2]:2 [3]:3
[0]:4099741850 [1]:1 [2]:2 [3]:9
[0]:3908040866 [1]:1 [2]:2 [3]:20
[0]:3719726396 [1]:1 [2]:2 [3]:3
[0]:3523674196 [1]:1 [2]:2 [3]:3
[0]:3335748606 [1]:1 [2]:2 [3]:6
[0]:4150227301 [1]:1 [2]:2 [3]:5
[0]:3961372253 [1]:1 [2]:2 [3]:6
[0]:3769494458 [1]:1 [2]:2 [3]:17
[0]:3571786723 [1]:1 [2]:2 [3]:8
[0]:3368869651 [1]:1 [2]:2 [3]:6
[0]:4125648936 [1]:1 [2]:2 [3]:9
[0]:3899723775 [1]:1 [2]:2 [3]:9
[0]:3660108627 [1]:1 [2]:2 [3]:4
[0]:3439733880 [1]:1 [2]:2 [3]:2
[0]:4195749002 [1]:1 [2]:2 [3]:20
[0]:3988149052 [1]:1 [2]:2 [3]:9
[0]:3776469356 [1]:1 [2]:2 [3]:8
[0]:3560069166 [1]:1 [2]:2 [3]:20
[0]:4275642410 [1]:1 [2]:2 [3]:7
