[0]:65345744 [1]:6194330 [2]:86 [3]:90
[0]:65566174 [1]:6208742 [2]:86 [3]:76
[0]:65777880 [1]:6226595 [2]:86 [3]:76
[0]:65995360 [1]:6247786 [2]:86 [3]:371
[0]:66203762 [1]:6268301 [2]:86 [3]:367
[0]:66408580 [1]:6288318 [2]:86 [3]:97
[0]:66616841 [1]:6308771 [2]:86 [3]:89
[0]:66837431 [1]:6330736 [2]:84 [3]:84
[0]:67054105 [1]:6351904 [2]:84 [3]:76
[0]:67266572 [1]:6372889 [2]:84 [3]:372
[0]:67474648 [1]:6397146 [2]:84 [3]:356
[0]:67726587 [1]:6430192 [2]:84 [3]:70
[0]:67939082 [1]:6458029 [2]:84 [3]:365
[0]:68177146 [1]:6489270 [2]:84 [3]:75
[0]:68395681 [1]:6517929 [2]:84 [3]:361
[0]:68671000 [1]:6554131 [2]:84 [3]:363
[0]:68874776 [1]:6581039 [2]:84 [3]:370
[0]:69076393 [1]:6607467 [2]:84 [3]:369
[0]:69292723 [1]:6635792 [2]:84 [3]:376
[0]:69497375 [1]:6662656 [2]:84 [3]:367
[0]:69704960 [1]:6690072 [2]:84 [3]:360
[0]:69926338 [1]:6719304 [2]:84 [3]:351
[0]:70134564 [1]:6746842 [2]:84 [3]:366
[0]:70347096 [1]:6774832 [2]:84 [3]:362
[0]:70562785 [1]:6803234 [2]:84 [3]:360
[0]:70790796 [1]:6833253 [2]:84 [3]:363
[0]:70998192 [1]:6860488 [2]:84 [3]:374
[0]:71239935 [1]:6892237 [2]:84 [3]:370
[0]:71446561 [1]:6919337 [2]:84 [3]:350
[0]:71649634 [1]:6946157 [2]:84 [3]:367
[0]:71890248 [1]:6977700 [2]:84 [3]:370
[0]:72097117 [1]:7004997 [2]:84 [3]:363
[0]:72302812 [1]:7031916 [2]:84 [3]:360
[0]:72515194 [1]:7059837 [2]:84 [3]:88
[0]:72724315 [1]:7087462 [2]:84 [3]:365
[0]:72968742 [1]:7119703 [2]:84 [3]:87
[0]:73207662 [1]:7151103 [2]:84 [3]:369
[0]:73485099 [1]:7187481 [2]:84 [3]:368
[0]:73693767 [1]:7214830 [2]:84 [3]:81
[0]:73892766 [1]:7240941 [2]:84 [3]:85
[0]:74096939 [1]:7267897 [2]:84 [3]:74
[0]:74340872 [1]:7299955 [2]:84 [3]:371
[0]:74571750 [1]:7330301 [2]:84 [3]:374
[0]:74789305 [1]:7358942 [2]:84 [3]:359
[0]:75037362 [1]:7391480 [2]:84 [3]:363
[0]:75246513 [1]:7418883 [2]:84 [3]:361
[0]:75490123 [1]:7450884 [2]:84 [3]:359
[0]:75706407 [1]:7479364 [2]:84 [3]:76
[0]:75909502 [1]:7506148 [2]:84 [3]:361
[0]:76120815 [1]:7533855 [2]:84 [3]:360
[0]:76337721 [1]:7562423 [2]:84 [3]:81
[0]:76538549 [1]:7588830 [2]:84 [3]:363
[0]:76744199 [1]:7615824 [2]:84 [3]:365
[0]:76974920 [1]:7646121 [2]:84 [3]:364
[0]:77189875 [1]:7674300 [2]:84 [3]:367
[0]:77394520 [1]:7701149 [2]:84 [3]:370
[0]:77658387 [1]:7735676 [2]:84 [3]:354
[0]:77878641 [1]:7764638 [2]:84 [3]:365
[0]:78087112 [1]:7792105 [2]:84 [3]:374
[0]:78295704 [1]:7819575 [2]:84 [3]:364
[0]:78545446 [1]:7852436 [2]:84 [3]:77
[0]:78748116 [1]:7879165 [2]:84 [3]:363
[0]:78960745 [1]:7907069 [2]:84 [3]:361
[0]:79173216 [1]:7935035 [2]:84 [3]:370
[0]:79382479 [1]:7962536 [2]:84 [3]:355
[0]:79581922 [1]:7988713 [2]:84 [3]:364
[0]:79788618 [1]:8015765 [2]:84 [3]:366
[0]:80015309 [1]:8045566 [2]:84 [3]:367
[0]:80227784 [1]:8073556 [2]:84 [3]:361
[0]:80432236 [1]:8100390 [2]:84 [3]:367
[0]:80642498 [1]:8127970 [2]:84 [3]:365
[0]:80845435 [1]:8154559 [2]:84 [3]:365
[0]:81053763 [1]:8181938 [2]:84 [3]:363
[0]:81266575 [1]:8210055 [2]:84 [3]:373
[0]:81475035 [1]:8237464 [2]:89 [3]:370
[0]:81685854 [1]:8265180 [2]:89 [3]:375
[0]:81892080 [1]:8292263 [2]:89 [3]:356
[0]:82092983 [1]:8318549 [2]:89 [3]:366
[0]:82293521 [1]:8345031 [2]:89 [3]:367
[0]:82518432 [1]:8374532 [2]:89 [3]:360
[0]:82792725 [1]:8410609 [2]:89 [3]:359
[0]:83013634 [1]:8439708 [2]:89 [3]:87
[0]:83218343 [1]:8466611 [2]:89 [3]:357
[0]:83423941 [1]:8493593 [2]:89 [3]:361
[0]:83653419 [1]:8523698 [2]:89 [3]:363
[0]:83883110 [1]:8553826 [2]:89 [3]:79
[0]:84109951 [1]:8583554 [2]:89 [3]:360
[0]:84315013 [1]:8610519 [2]:89 [3]:85
[0]:84532673 [1]:8639028 [2]:89 [3]:375
[0]:84784711 [1]:8672076 [2]:89 [3]:370
[0]:84992945 [1]:8699422 [2]:89 [3]:365
[0]:85193947 [1]:8725773 [2]:89 [3]:357
[0]:85406409 [1]:8753713 [2]:89 [3]:368
[0]:85616326 [1]:8781315 [2]:89 [3]:81
[0]:85809188 [1]:8806703 [2]:89 [3]:76
[0]:86012286 [1]:8833496 [2]:89 [3]:372
[0]:86220643 [1]:8861050 [2]:89 [3]:365
[0]:86437304 [1]:8889556 [2]:89 [3]:367
[0]:86636021 [1]:8915727 [2]:89 [3]:365
[0]:86842439 [1]:8942868 [2]:89 [3]:367
[0]:87055118 [1]:8970739 [2]:89 [3]:367
[0]:87271011 [1]:8999083 [2]:89 [3]:364
[0]:87486084 [1]:9027257 [2]:89 [3]:372
[0]:87691989 [1]:9054270 [2]:89 [3]:365
[0]:87920870 [1]:9084325 [2]:89 [3]:364
[0]:88126520 [1]:9111336 [2]:89 [3]:360
[0]:88345733 [1]:9140342 [2]:89 [3]:76
[0]:88558030 [1]:9168202 [2]:89 [3]:88
[0]:88759122 [1]:9194624 [2]:89 [3]:363
[0]:88975104 [1]:9222851 [2]:89 [3]:83
[0]:89195898 [1]:9251760 [2]:89 [3]:358
[0]:89408414 [1]:9279654 [2]:89 [3]:369
[0]:89621026 [1]:9307493 [2]:89 [3]:365
[0]:89829589 [1]:9334850 [2]:89 [3]:359
[0]:90042272 [1]:9362667 [2]:89 [3]:360
[0]:90253443 [1]:9390533 [2]:89 [3]:360
[0]:90463205 [1]:9418028 [2]:89 [3]:360
[0]:90663939 [1]:9444395 [2]:89 [3]:364
[0]:90868098 [1]:9471167 [2]:89 [3]:87
[0]:91088920 [1]:9500110 [2]:89 [3]:363
[0]:91293657 [1]:9526946 [2]:89 [3]:370
[0]:91495780 [1]:9553483 [2]:89 [3]:360
[0]:91714386 [1]:9582206 [2]:89 [3]:363
[0]:91926832 [1]:9610120 [2]:89 [3]:365
[0]:92136839 [1]:9637782 [2]:89 [3]:370
[0]:92343725 [1]:9665059 [2]:89 [3]:368
[0]:92543383 [1]:9691262 [2]:89 [3]:362
[0]:92753149 [1]:9718874 [2]:89 [3]:355
[0]:93048528 [1]:9757560 [2]:89 [3]:362
[0]:93272595 [1]:9787015 [2]:89 [3]:84
[0]:93470928 [1]:9813092 [2]:89 [3]:367
[0]:93678164 [1]:9840329 [2]:89 [3]:360
[0]:93882105 [1]:9867104 [2]:89 [3]:71
[0]:94114494 [1]:9897649 [2]:89 [3]:357
[0]:94315498 [1]:9924052 [2]:89 [3]:367
[0]:94532086 [1]:9952555 [2]:89 [3]:363
[0]:94728692 [1]:9978355 [2]:89 [3]:360
[0]:95002341 [1]:10014170 [2]:89 [3]:366
[0]:95202808 [1]:10040616 [2]:89 [3]:366
[0]:95410768 [1]:10067943 [2]:89 [3]:359
[0]:95610449 [1]:10094095 [2]:89 [3]:361
[0]:95826823 [1]:10122540 [2]:89 [3]:363
[0]:96115427 [1]:10160446 [2]:89 [3]:72
[0]:96324992 [1]:10188012 [2]:89 [3]:361
[0]:96526020 [1]:10214534 [2]:89 [3]:87
[0]:96743685 [1]:10243111 [2]:94 [3]:369
[0]:96960105 [1]:10271567 [2]:94 [3]:359
[0]:97160804 [1]:10297883 [2]:94 [3]:372
[0]:97365182 [1]:10324750 [2]:94 [3]:83
[0]:97601642 [1]:10355818 [2]:94 [3]:364
[0]:97809921 [1]:10383077 [2]:94 [3]:372
[0]:98030494 [1]:10412072 [2]:94 [3]:91
[0]:98266728 [1]:10443078 [2]:94 [3]:363
[0]:98494963 [1]:10473029 [2]:94 [3]:368
[0]:98703140 [1]:10500309 [2]:94 [3]:372
[0]:98908199 [1]:10527162 [2]:94 [3]:361
[0]:99116778 [1]:10554499 [2]:94 [3]:365
[0]:99342822 [1]:10584215 [2]:94 [3]:370
[0]:99561557 [1]:10612900 [2]:94 [3]:370
[0]:99781833 [1]:10641699 [2]:94 [3]:366
[0]:99990422 [1]:10669043 [2]:94 [3]:83
[0]:100195027 [1]:10695954 [2]:94 [3]:359
[0]:100411441 [1]:10724413 [2]:94 [3]:367
[0]:100619254 [1]:10751656 [2]:94 [3]:92
[0]:100909184 [1]:10789703 [2]:94 [3]:362
[0]:101123981 [1]:10817906 [2]:94 [3]:78
[0]:101340280 [1]:10846321 [2]:94 [3]:368
[0]:101610839 [1]:10881852 [2]:94 [3]:358
[0]:101820178 [1]:10909241 [2]:94 [3]:82
[0]:102031333 [1]:10937013 [2]:94 [3]:367
[0]:102237666 [1]:10964112 [2]:94 [3]:371
[0]:102450116 [1]:10991970 [2]:94 [3]:357
[0]:102662553 [1]:11019912 [2]:94 [3]:368
[0]:102871999 [1]:11047379 [2]:94 [3]:368
[0]:103075816 [1]:11074401 [2]:94 [3]:359
[0]:103277926 [1]:11100988 [2]:94 [3]:358
[0]:103485826 [1]:11128299 [2]:94 [3]:369
[0]:103688566 [1]:11155059 [2]:94 [3]:359
[0]:103893987 [1]:11182068 [2]:94 [3]:370
[0]:104111008 [1]:11210507 [2]:94 [3]:359
[0]:104311244 [1]:11236776 [2]:94 [3]:361
[0]:104515741 [1]:11263575 [2]:94 [3]:357
[0]:104720488 [1]:11290415 [2]:94 [3]:369
[0]:104939905 [1]:11319249 [2]:94 [3]:90
[0]:105150526 [1]:11346973 [2]:94 [3]:365
[0]:105348615 [1]:11373003 [2]:94 [3]:73
[0]:105555177 [1]:11400200 [2]:94 [3]:376
[0]:105773311 [1]:11428798 [2]:94 [3]:365
[0]:105992595 [1]:11457634 [2]:94 [3]:360
[0]:106207954 [1]:11485983 [2]:94 [3]:87
[0]:106420548 [1]:11513935 [2]:94 [3]:364
[0]:106632861 [1]:11541845 [2]:94 [3]:368
[0]:106837337 [1]:11568618 [2]:94 [3]:360
[0]:107047154 [1]:11596157 [2]:94 [3]:354
[0]:107258893 [1]:11623990 [2]:94 [3]:371
[0]:107471016 [1]:11651802 [2]:94 [3]:357
[0]:107694600 [1]:11681193 [2]:94 [3]:368
[0]:107923764 [1]:11711268 [2]:94 [3]:361
[0]:108128422 [1]:11738144 [2]:94 [3]:371
[0]:108355109 [1]:11767865 [2]:94 [3]:365
[0]:108561279 [1]:11794967 [2]:94 [3]:84
[0]:108765832 [1]:11821854 [2]:94 [3]:370
[0]:108971723 [1]:11848892 [2]:94 [3]:362
[0]:109175194 [1]:11875748 [2]:94 [3]:373
[0]:109383671 [1]:11903125 [2]:94 [3]:369
[0]:109594385 [1]:11930735 [2]:94 [3]:71
[0]:109824195 [1]:11960861 [2]:94 [3]:367
[0]:110029127 [1]:11987784 [2]:94 [3]:94
[0]:110241482 [1]:12015667 [2]:94 [3]:371
[0]:110473416 [1]:12046225 [2]:94 [3]:368
[0]:110685992 [1]:12074148 [2]:94 [3]:366
[0]:110904558 [1]:12102881 [2]:94 [3]:78
[0]:111115154 [1]:12130457 [2]:94 [3]:366
[0]:111321862 [1]:12157562 [2]:94 [3]:357
[0]:111528490 [1]:12184666 [2]:94 [3]:367
[0]:111747817 [1]:12213440 [2]:94 [3]:370
[0]:111961339 [1]:12241494 [2]:94 [3]:364
[0]:112162656 [1]:12267971 [2]:98 [3]:372
[0]:112370685 [1]:12295325 [2]:98 [3]:364
[0]:112578839 [1]:12322589 [2]:98 [3]:364
[0]:112787923 [1]:12349973 [2]:98 [3]:78
[0]:113011919 [1]:12379454 [2]:98 [3]:363
[0]:113224647 [1]:12407398 [2]:98 [3]:359
[0]:113447314 [1]:12436615 [2]:98 [3]:80
[0]:113649592 [1]:12463406 [2]:98 [3]:364
[0]:113862061 [1]:12491303 [2]:98 [3]:358
[0]:114066640 [1]:12518132 [2]:98 [3]:81
[0]:114279100 [1]:12546074 [2]:98 [3]:363
[0]:114503368 [1]:12575519 [2]:98 [3]:368
[0]:114707482 [1]:12602261 [2]:98 [3]:368
[0]:114936082 [1]:12632215 [2]:98 [3]:82
[0]:115144966 [1]:12659663 [2]:98 [3]:363
[0]:115357380 [1]:12687605 [2]:98 [3]:362
[0]:115593608 [1]:12718588 [2]:98 [3]:365
[0]:115798338 [1]:12745375 [2]:98 [3]:374
[0]:116014936 [1]:12773805 [2]:98 [3]:360
[0]:116223265 [1]:12801202 [2]:98 [3]:361
[0]:116423853 [1]:12827691 [2]:98 [3]:75
[0]:116639104 [1]:12856169 [2]:98 [3]:363
[0]:116860418 [1]:12885521 [2]:98 [3]:369
[0]:117091200 [1]:12915923 [2]:98 [3]:84
[0]:117323875 [1]:12946532 [2]:98 [3]:366
[0]:117527207 [1]:12973258 [2]:98 [3]:360
[0]:117737905 [1]:13000907 [2]:98 [3]:80
[0]:117946369 [1]:13028343 [2]:98 [3]:359
[0]:118153963 [1]:13055713 [2]:98 [3]:361
[0]:118379055 [1]:13085354 [2]:98 [3]:81
[0]:118595325 [1]:13113937 [2]:98 [3]:363
[0]:118827570 [1]:13144386 [2]:98 [3]:370
[0]:119041719 [1]:13172524 [2]:98 [3]:89
[0]:119252490 [1]:13200305 [2]:98 [3]:365
[0]:119460911 [1]:13227582 [2]:98 [3]:78
[0]:119676763 [1]:13255878 [2]:98 [3]:361
[0]:119882301 [1]:13282821 [2]:98 [3]:357
[0]:120093639 [1]:13310564 [2]:98 [3]:367
[0]:120314824 [1]:13339672 [2]:98 [3]:369
[0]:120519057 [1]:13366387 [2]:98 [3]:82
[0]:120755930 [1]:13397510 [2]:98 [3]:368
[0]:120968203 [1]:13425508 [2]:98 [3]:360
[0]:121176752 [1]:13452909 [2]:98 [3]:361
[0]:121389454 [1]:13480777 [2]:98 [3]:358
[0]:121605878 [1]:13509170 [2]:98 [3]:365
[0]:121818722 [1]:13537201 [2]:98 [3]:370
[0]:122026628 [1]:13564537 [2]:98 [3]:365
[0]:122235518 [1]:13591874 [2]:98 [3]:362
[0]:122445628 [1]:13619351 [2]:98 [3]:359
[0]:122711904 [1]:13654252 [2]:98 [3]:363
[0]:122908537 [1]:13680173 [2]:98 [3]:371
[0]:123130759 [1]:13709375 [2]:98 [3]:362
[0]:123335398 [1]:13736163 [2]:98 [3]:364
[0]:123545873 [1]:13763723 [2]:98 [3]:368
[0]:123748842 [1]:13790336 [2]:98 [3]:363
[0]:123958032 [1]:13817822 [2]:98 [3]:357
[0]:124160008 [1]:13844377 [2]:98 [3]:367
[0]:124364987 [1]:13871385 [2]:98 [3]:369
[0]:124565203 [1]:13897913 [2]:98 [3]:360
[0]:124774555 [1]:13925365 [2]:98 [3]:371
[0]:124984909 [1]:13953007 [2]:98 [3]:369
[0]:125188566 [1]:13979736 [2]:98 [3]:366
[0]:125412924 [1]:14009125 [2]:98 [3]:362
[0]:125623672 [1]:14036807 [2]:98 [3]:80
[0]:125832390 [1]:14064168 [2]:98 [3]:365
[0]:126044316 [1]:14091979 [2]:98 [3]:365
[0]:126294931 [1]:14124869 [2]:98 [3]:94
[0]:126501517 [1]:14151974 [2]:98 [3]:365
[0]:126764815 [1]:14186506 [2]:98 [3]:363
[0]:126989552 [1]:14215967 [2]:98 [3]:86
[0]:127203792 [1]:14244098 [2]:98 [3]:370
[0]:127417058 [1]:14272040 [2]:102 [3]:86
[0]:127630947 [1]:14300165 [2]:102 [3]:355
[0]:127845389 [1]:14328393 [2]:102 [3]:80
[0]:128062534 [1]:14356987 [2]:102 [3]:369
[0]:128268486 [1]:14383919 [2]:102 [3]:361
[0]:128500800 [1]:14414397 [2]:102 [3]:367
[0]:128711924 [1]:14442205 [2]:102 [3]:364
[0]:128925591 [1]:14470323 [2]:102 [3]:359
[0]:129134295 [1]:14497718 [2]:102 [3]:371
[0]:129346738 [1]:14525553 [2]:102 [3]:362
[0]:129551256 [1]:14552499 [2]:102 [3]:372
[0]:129755655 [1]:14579318 [2]:102 [3]:367
[0]:130000142 [1]:14611546 [2]:102 [3]:370
[0]:130212464 [1]:14639343 [2]:102 [3]:369
[0]:130417156 [1]:14666251 [2]:102 [3]:79
[0]:130626136 [1]:14693707 [2]:102 [3]:369
[0]:130845964 [1]:14722564 [2]:102 [3]:370
[0]:131054454 [1]:14749984 [2]:102 [3]:364
[0]:131270627 [1]:14778286 [2]:102 [3]:368
[0]:131475617 [1]:14805154 [2]:102 [3]:81
[0]:131687866 [1]:14833089 [2]:102 [3]:366
[0]:131899089 [1]:14860835 [2]:102 [3]:366
[0]:132102531 [1]:14887678 [2]:102 [3]:369
[0]:132305985 [1]:14914324 [2]:102 [3]:360
[0]:132514038 [1]:14941724 [2]:102 [3]:362
[0]:132722949 [1]:14969218 [2]:102 [3]:84
[0]:132927441 [1]:14996125 [2]:102 [3]:72
[0]:133134439 [1]:15023397 [2]:102 [3]:365
[0]:133348789 [1]:15051467 [2]:102 [3]:371
[0]:133597217 [1]:15083974 [2]:102 [3]:373
[0]:133813046 [1]:15112320 [2]:102 [3]:360
[0]:134048008 [1]:15143116 [2]:102 [3]:363
