[0]:928420519 [1]:638623162 [2]:7 [3]:53
[0]:929631614 [1]:639246924 [2]:7 [3]:14
[0]:930712208 [1]:639803213 [2]:7 [3]:51
[0]:931865014 [1]:640396964 [2]:7 [3]:8
[0]:933036485 [1]:641001466 [2]:7 [3]:19
[0]:934168726 [1]:641582213 [2]:7 [3]:16
[0]:935416803 [1]:642220941 [2]:7 [3]:13
[0]:936465133 [1]:642754750 [2]:7 [3]:49
[0]:937477737 [1]:643274198 [2]:7 [3]:15
[0]:938496940 [1]:643804096 [2]:7 [3]:18
[0]:939544118 [1]:644342952 [2]:7 [3]:11
[0]:940621866 [1]:644897327 [2]:7 [3]:17
[0]:941639778 [1]:645424675 [2]:7 [3]:13
[0]:942877816 [1]:646060053 [2]:7 [3]:42
[0]:943894582 [1]:646580610 [2]:7 [3]:13
[0]:944913907 [1]:647105335 [2]:7 [3]:11
[0]:946021709 [1]:647671728 [2]:7 [3]:54
[0]:947045275 [1]:648193334 [2]:7 [3]:16
[0]:948063169 [1]:648715983 [2]:7 [3]:14
[0]:949194946 [1]:649298414 [2]:7 [3]:50
[0]:950346608 [1]:649893507 [2]:7 [3]:53
[0]:951576136 [1]:650524778 [2]:7 [3]:52
[0]:952965848 [1]:651242112 [2]:7 [3]:18
[0]:954025750 [1]:651787525 [2]:7 [3]:8
[0]:954968342 [1]:652275414 [2]:7 [3]:10
[0]:956014788 [1]:652809065 [2]:7 [3]:10
[0]:957035514 [1]:653332569 [2]:7 [3]:48
[0]:958032146 [1]:653843990 [2]:7 [3]:13
[0]:959057879 [1]:654373668 [2]:7 [3]:57
[0]:960053212 [1]:654882669 [2]:7 [3]:56
[0]:961070889 [1]:655407049 [2]:7 [3]:15
[0]:962066489 [1]:655918844 [2]:7 [3]:10
[0]:963086517 [1]:656444758 [2]:7 [3]:50
[0]:964111208 [1]:656971068 [2]:7 [3]:56
[0]:965311033 [1]:657589352 [2]:7 [3]:17
[0]:966368230 [1]:658131424 [2]:7 [3]:52
[0]:968063995 [1]:659005949 [2]:7 [3]:11
[0]:969292446 [1]:659642115 [2]:7 [3]:15
[0]:970482685 [1]:660251915 [2]:7 [3]:48
[0]:971731229 [1]:660888887 [2]:7 [3]:16
[0]:972876040 [1]:661476618 [2]:7 [3]:50
[0]:974052009 [1]:662077458 [2]:7 [3]:54
[0]:975223778 [1]:662682736 [2]:7 [3]:15
[0]:976315606 [1]:663242075 [2]:7 [3]:15
[0]:977428567 [1]:663813486 [2]:7 [3]:13
[0]:978610433 [1]:664418742 [2]:7 [3]:11
[0]:979725109 [1]:664994123 [2]:7 [3]:20
[0]:980898357 [1]:665595202 [2]:7 [3]:29
[0]:982043466 [1]:666182646 [2]:7 [3]:12
[0]:983224510 [1]:666792248 [2]:7 [3]:13
[0]:984369413 [1]:667380194 [2]:7 [3]:13
[0]:985501505 [1]:667972382 [2]:7 [3]:51
[0]:986586381 [1]:668524178 [2]:7 [3]:11
[0]:987720585 [1]:669106331 [2]:7 [3]:9
[0]:988927015 [1]:669727150 [2]:7 [3]:9
[0]:990007512 [1]:670285320 [2]:7 [3]:56
[0]:991334879 [1]:670971673 [2]:7 [3]:10
[0]:992487539 [1]:671569353 [2]:7 [3]:51
[0]:993511804 [1]:672101230 [2]:7 [3]:34
[0]:994553484 [1]:672642945 [2]:7 [3]:9
[0]:995732476 [1]:673251710 [2]:7 [3]:15
[0]:996729060 [1]:673763042 [2]:7 [3]:52
[0]:997733928 [1]:674282649 [2]:7 [3]:52
[0]:998729424 [1]:674798877 [2]:7 [3]:15
[0]:999739052 [1]:675317693 [2]:7 [3]:47
[0]:1000801029 [1]:675861579 [2]:7 [3]:57
[0]:1001795973 [1]:676373797 [2]:7 [3]:17
[0]:1002781513 [1]:676886669 [2]:7 [3]:14
[0]:1004137027 [1]:677579068 [2]:7 [3]:10
[0]:1005145107 [1]:678095867 [2]:7 [3]:12
[0]:1006358730 [1]:678720344 [2]:7 [3]:15
[0]:1007590510 [1]:679352416 [2]:7 [3]:4
[0]:1008728070 [1]:679943138 [2]:7 [3]:53
[0]:1009891180 [1]:680544925 [2]:7 [3]:10
[0]:1010912960 [1]:681070946 [2]:7 [3]:11
[0]:1011885227 [1]:681573797 [2]:7 [3]:16
[0]:1012924881 [1]:682105014 [2]:7 [3]:12
[0]:1013924693 [1]:682618054 [2]:7 [3]:39
[0]:1014968381 [1]:683155130 [2]:7 [3]:12
[0]:1015951956 [1]:683663648 [2]:7 [3]:52
