[0]:0 [1]:0 [2]:0 [3]:0
[0]:0 [1]:0 [2]:0 [3]:0
[0]:0 [1]:0 [2]:0 [3]:0
[0]:0 [1]:0 [2]:0 [3]:0
[0]:287217 [1]:0 [2]:0 [3]:13
[0]:2033496 [1]:0 [2]:0 [3]:35
[0]:3728312 [1]:0 [2]:0 [3]:9
[0]:5463224 [1]:0 [2]:0 [3]:10
[0]:7122842 [1]:0 [2]:0 [3]:9
[0]:9122504 [1]:0 [2]:0 [3]:31
[0]:10942432 [1]:0 [2]:0 [3]:10
[0]:13126622 [1]:0 [2]:0 [3]:29
[0]:15254454 [1]:0 [2]:0 [3]:11
[0]:17318787 [1]:275828 [2]:7 [3]:13
[0]:18526089 [1]:891318 [2]:7 [3]:13
[0]:19638594 [1]:1465366 [2]:7 [3]:55
[0]:20751568 [1]:2037358 [2]:7 [3]:15
[0]:21866360 [1]:2607586 [2]:7 [3]:12
[0]:23021868 [1]:3193058 [2]:7 [3]:11
[0]:24361900 [1]:3882356 [2]:7 [3]:9
[0]:25521972 [1]:4478961 [2]:7 [3]:59
[0]:26727985 [1]:5097973 [2]:7 [3]:11
[0]:27828451 [1]:5660092 [2]:7 [3]:51
[0]:28915876 [1]:6223288 [2]:7 [3]:17
[0]:30093930 [1]:6827102 [2]:7 [3]:16
[0]:31227764 [1]:7410607 [2]:7 [3]:18
[0]:32366551 [1]:7990236 [2]:7 [3]:12
[0]:33474956 [1]:8561103 [2]:7 [3]:13
[0]:34688151 [1]:9184675 [2]:7 [3]:13
[0]:35759555 [1]:9738668 [2]:7 [3]:12
[0]:36886924 [1]:10317280 [2]:7 [3]:10
[0]:37876594 [1]:10826618 [2]:7 [3]:48
[0]:38913914 [1]:11354969 [2]:7 [3]:47
[0]:39881908 [1]:11847244 [2]:7 [3]:10
[0]:40932931 [1]:12386654 [2]:7 [3]:16
[0]:41947252 [1]:12911107 [2]:7 [3]:14
[0]:42957427 [1]:13426407 [2]:7 [3]:9
[0]:44009441 [1]:13965428 [2]:7 [3]:12
[0]:45024869 [1]:14484444 [2]:7 [3]:12
[0]:46064831 [1]:15015229 [2]:7 [3]:12
[0]:47083770 [1]:15535529 [2]:7 [3]:11
[0]:48066636 [1]:16041052 [2]:7 [3]:53
[0]:49118803 [1]:16580169 [2]:7 [3]:13
[0]:50141301 [1]:17101070 [2]:7 [3]:49
[0]:51166587 [1]:17624372 [2]:7 [3]:11
[0]:52280133 [1]:18201174 [2]:7 [3]:10
[0]:53499216 [1]:18822892 [2]:7 [3]:54
[0]:54644064 [1]:19406551 [2]:7 [3]:11
[0]:55671309 [1]:19931911 [2]:7 [3]:15
[0]:56696935 [1]:20460780 [2]:7 [3]:39
[0]:57741143 [1]:20998738 [2]:7 [3]:53
[0]:58810508 [1]:21544927 [2]:7 [3]:15
[0]:59824568 [1]:22064313 [2]:7 [3]:52
[0]:60846508 [1]:22589771 [2]:7 [3]:10
[0]:61889583 [1]:23125365 [2]:7 [3]:8
[0]:63032226 [1]:23714909 [2]:7 [3]:10
[0]:64099673 [1]:24261219 [2]:7 [3]:20
[0]:65089376 [1]:24763143 [2]:7 [3]:59
[0]:66106572 [1]:25279884 [2]:7 [3]:14
[0]:67128314 [1]:25805432 [2]:7 [3]:11
[0]:68145555 [1]:26324025 [2]:7 [3]:15
[0]:69233142 [1]:26882838 [2]:7 [3]:54
[0]:70468370 [1]:27511607 [2]:7 [3]:14
[0]:71728640 [1]:28162695 [2]:7 [3]:58
[0]:72936615 [1]:28781758 [2]:7 [3]:14
[0]:74069229 [1]:29362017 [2]:7 [3]:12
[0]:75201243 [1]:29939664 [2]:7 [3]:14
[0]:76336207 [1]:30522769 [2]:7 [3]:12
[0]:77486175 [1]:31110403 [2]:7 [3]:13
[0]:78593707 [1]:31680161 [2]:7 [3]:12
[0]:79762365 [1]:32277959 [2]:7 [3]:16
[0]:80850945 [1]:32836872 [2]:7 [3]:52
[0]:81925277 [1]:33384744 [2]:7 [3]:12
[0]:83056970 [1]:33965306 [2]:7 [3]:14
[0]:84144477 [1]:34521510 [2]:7 [3]:11
[0]:85265433 [1]:35094943 [2]:7 [3]:56
[0]:86363507 [1]:35659599 [2]:7 [3]:52
[0]:87474702 [1]:36230686 [2]:7 [3]:14
[0]:88847716 [1]:36931483 [2]:7 [3]:13
[0]:89972324 [1]:37511912 [2]:7 [3]:56
[0]:91099742 [1]:38087740 [2]:7 [3]:17
[0]:92358010 [1]:38730064 [2]:7 [3]:17
[0]:93442825 [1]:39286468 [2]:7 [3]:13
[0]:94676520 [1]:39919603 [2]:7 [3]:12
[0]:95726713 [1]:40456836 [2]:7 [3]:12
[0]:96744651 [1]:40978903 [2]:7 [3]:54
[0]:97772417 [1]:41506714 [2]:7 [3]:13
[0]:98846394 [1]:42056755 [2]:7 [3]:11
[0]:99919432 [1]:42609336 [2]:7 [3]:8
[0]:100967705 [1]:43146824 [2]:7 [3]:16
[0]:102061830 [1]:43707534 [2]:7 [3]:51
[0]:103094178 [1]:44235108 [2]:7 [3]:9
[0]:104092888 [1]:44744312 [2]:7 [3]:59
[0]:105224846 [1]:45321912 [2]:7 [3]:11
[0]:106225584 [1]:45834879 [2]:7 [3]:17
[0]:107247296 [1]:46357716 [2]:7 [3]:50
[0]:108459243 [1]:46978632 [2]:7 [3]:12
[0]:109725064 [1]:47627210 [2]:7 [3]:55
[0]:110882511 [1]:48217948 [2]:7 [3]:15
[0]:111948358 [1]:48763565 [2]:7 [3]:51
[0]:112957564 [1]:49281337 [2]:7 [3]:50
[0]:113996253 [1]:49814576 [2]:7 [3]:54
[0]:115013607 [1]:50333783 [2]:7 [3]:49
[0]:116099603 [1]:50891913 [2]:7 [3]:52
[0]:117116332 [1]:51414322 [2]:7 [3]:52
[0]:118095569 [1]:51912601 [2]:7 [3]:13
[0]:119409907 [1]:52586561 [2]:7 [3]:60
[0]:120400341 [1]:53090341 [2]:7 [3]:10
[0]:121497635 [1]:53651220 [2]:7 [3]:16
[0]:122530858 [1]:54175861 [2]:7 [3]:50
[0]:123550959 [1]:54694123 [2]:7 [3]:17
[0]:124542189 [1]:55202495 [2]:7 [3]:16
[0]:125624864 [1]:55757256 [2]:7 [3]:52
[0]:127107195 [1]:56515898 [2]:7 [3]:14
[0]:128410003 [1]:57181425 [2]:7 [3]:9
[0]:129779998 [1]:57881063 [2]:7 [3]:53
[0]:130962055 [1]:58483276 [2]:7 [3]:17
[0]:132163515 [1]:59098077 [2]:7 [3]:10
[0]:133324383 [1]:59689987 [2]:7 [3]:15
[0]:134427323 [1]:60247218 [2]:7 [3]:10
[0]:135483733 [1]:60788495 [2]:7 [3]:15
[0]:136578325 [1]:61350300 [2]:7 [3]:51
[0]:137687429 [1]:61917027 [2]:7 [3]:12
[0]:138811803 [1]:62488475 [2]:7 [3]:15
[0]:140119055 [1]:63159477 [2]:7 [3]:9
[0]:141202970 [1]:63712513 [2]:7 [3]:48
[0]:142295009 [1]:64271546 [2]:7 [3]:48
[0]:143432917 [1]:64855459 [2]:7 [3]:16
[0]:144667377 [1]:65488289 [2]:7 [3]:54
[0]:145817970 [1]:66076134 [2]:7 [3]:53
[0]:146952841 [1]:66657836 [2]:7 [3]:10
[0]:148102426 [1]:67253354 [2]:7 [3]:16
[0]:149184095 [1]:67811157 [2]:7 [3]:52
[0]:150225133 [1]:68346358 [2]:7 [3]:11
[0]:151231864 [1]:68863612 [2]:7 [3]:58
[0]:152213414 [1]:69363389 [2]:7 [3]:13
[0]:153269877 [1]:69902109 [2]:7 [3]:52
[0]:154278379 [1]:70416316 [2]:7 [3]:13
[0]:155237759 [1]:70908581 [2]:7 [3]:46
[0]:156281639 [1]:71447499 [2]:7 [3]:16
[0]:157347364 [1]:71993275 [2]:7 [3]:14
[0]:158314752 [1]:72487873 [2]:7 [3]:50
[0]:159356870 [1]:73025723 [2]:7 [3]:13
[0]:160360759 [1]:73543291 [2]:7 [3]:55
[0]:161405821 [1]:74080951 [2]:7 [3]:11
[0]:162450351 [1]:74620706 [2]:7 [3]:10
[0]:163459249 [1]:75139701 [2]:7 [3]:19
[0]:164616972 [1]:75738993 [2]:7 [3]:11
[0]:165893410 [1]:76392422 [2]:7 [3]:15
[0]:167051336 [1]:76988462 [2]:7 [3]:16
[0]:168136281 [1]:77547159 [2]:7 [3]:13
[0]:169221206 [1]:78104896 [2]:7 [3]:49
[0]:170265141 [1]:78638260 [2]:7 [3]:9
[0]:171318552 [1]:79179140 [2]:7 [3]:12
[0]:172690413 [1]:79882631 [2]:7 [3]:12
[0]:173741364 [1]:80424837 [2]:7 [3]:50
[0]:174790268 [1]:80962020 [2]:7 [3]:14
[0]:175811128 [1]:81483100 [2]:7 [3]:55
[0]:176885960 [1]:82036157 [2]:7 [3]:52
[0]:177907645 [1]:82556891 [2]:7 [3]:10
[0]:178965807 [1]:83098010 [2]:7 [3]:60
[0]:180010861 [1]:83634527 [2]:7 [3]:47
[0]:181012072 [1]:84151746 [2]:7 [3]:23
[0]:182159047 [1]:84737571 [2]:7 [3]:14
[0]:183407838 [1]:85378289 [2]:7 [3]:56
[0]:184655592 [1]:86012183 [2]:7 [3]:9
[0]:185879885 [1]:86640650 [2]:7 [3]:15
[0]:187005437 [1]:87220963 [2]:7 [3]:49
[0]:188110744 [1]:87783893 [2]:7 [3]:54
[0]:189264441 [1]:88371629 [2]:7 [3]:16
[0]:190369688 [1]:88936663 [2]:7 [3]:48
[0]:191630216 [1]:89580636 [2]:7 [3]:11
[0]:192720140 [1]:90139195 [2]:7 [3]:11
[0]:193863995 [1]:90723600 [2]:7 [3]:11
[0]:194951977 [1]:91281672 [2]:7 [3]:18
[0]:196069756 [1]:91855173 [2]:7 [3]:15
[0]:197213807 [1]:92440933 [2]:7 [3]:11
[0]:198315017 [1]:93007122 [2]:7 [3]:14
[0]:199444952 [1]:93585328 [2]:7 [3]:48
[0]:200520177 [1]:94134247 [2]:7 [3]:19
[0]:201626631 [1]:94704695 [2]:7 [3]:9
[0]:202753226 [1]:95285429 [2]:7 [3]:8
[0]:203885231 [1]:95868424 [2]:7 [3]:10
[0]:205228428 [1]:96558749 [2]:7 [3]:14
[0]:206253059 [1]:97083557 [2]:7 [3]:16
[0]:207284497 [1]:97611133 [2]:7 [3]:9
[0]:208301794 [1]:98131303 [2]:7 [3]:10
[0]:209387483 [1]:98681903 [2]:7 [3]:11
[0]:210430859 [1]:99214122 [2]:7 [3]:8
[0]:211450235 [1]:99729580 [2]:7 [3]:50
[0]:212522258 [1]:100279555 [2]:7 [3]:11
[0]:213526916 [1]:100792411 [2]:7 [3]:11
[0]:214873407 [1]:101481076 [2]:7 [3]:52
[0]:215969251 [1]:102042756 [2]:7 [3]:18
[0]:217038665 [1]:102591081 [2]:7 [3]:10
[0]:218071325 [1]:103113410 [2]:7 [3]:9
[0]:219096946 [1]:103636111 [2]:7 [3]:13
[0]:220139903 [1]:104172222 [2]:7 [3]:10
[0]:221454088 [1]:104846932 [2]:7 [3]:8
[0]:223266247 [1]:105773162 [2]:7 [3]:49
[0]:224335436 [1]:106322138 [2]:7 [3]:10
[0]:225377641 [1]:106860701 [2]:7 [3]:16
[0]:226377351 [1]:107376303 [2]:7 [3]:13
[0]:227388447 [1]:107891901 [2]:7 [3]:8
[0]:228361035 [1]:108388778 [2]:7 [3]:16
[0]:229451055 [1]:108949052 [2]:7 [3]:18
[0]:230460507 [1]:109465744 [2]:7 [3]:53
[0]:231525724 [1]:110009395 [2]:7 [3]:11
[0]:232566999 [1]:110543220 [2]:7 [3]:10
[0]:233722914 [1]:111136397 [2]:7 [3]:12
[0]:234801583 [1]:111687745 [2]:7 [3]:9
[0]:235950987 [1]:112283013 [2]:7 [3]:12
[0]:236954537 [1]:112790204 [2]:7 [3]:53
[0]:238357062 [1]:113503694 [2]:7 [3]:51
[0]:239943906 [1]:114316649 [2]:7 [3]:51
[0]:241193040 [1]:114956762 [2]:7 [3]:36
[0]:242741125 [1]:115749996 [2]:7 [3]:14
[0]:243963250 [1]:116369540 [2]:7 [3]:13
[0]:245107736 [1]:116955597 [2]:7 [3]:53
[0]:246231278 [1]:117527796 [2]:7 [3]:9
[0]:247350897 [1]:118099892 [2]:7 [3]:56
[0]:248554814 [1]:118713644 [2]:7 [3]:10
[0]:249660426 [1]:119282781 [2]:7 [3]:10
[0]:250795236 [1]:119860603 [2]:7 [3]:13
[0]:251924767 [1]:120440678 [2]:7 [3]:10
[0]:253098533 [1]:121033937 [2]:7 [3]:10
[0]:254231839 [1]:121611823 [2]:7 [3]:51
[0]:255368191 [1]:122193901 [2]:7 [3]:52
[0]:256516503 [1]:122780434 [2]:7 [3]:15
[0]:257661072 [1]:123368836 [2]:7 [3]:11
[0]:258800474 [1]:123956939 [2]:7 [3]:9
[0]:259907617 [1]:124521065 [2]:7 [3]:15
[0]:260958461 [1]:125060402 [2]:7 [3]:16
[0]:262062626 [1]:125628524 [2]:7 [3]:50
[0]:263094517 [1]:126156089 [2]:7 [3]:52
[0]:264123562 [1]:126681427 [2]:7 [3]:11
[0]:265084812 [1]:127172473 [2]:7 [3]:11
[0]:266102433 [1]:127693115 [2]:7 [3]:12
[0]:267129538 [1]:128217790 [2]:7 [3]:16
[0]:268162569 [1]:128747043 [2]:7 [3]:47
[0]:269380136 [1]:129372836 [2]:7 [3]:17
[0]:270385976 [1]:129887246 [2]:7 [3]:63
[0]:271409790 [1]:130413909 [2]:7 [3]:13
[0]:272437546 [1]:130942290 [2]:7 [3]:12
[0]:273406962 [1]:131437758 [2]:7 [3]:9
[0]:274433508 [1]:131960788 [2]:7 [3]:11
[0]:275410584 [1]:132462558 [2]:7 [3]:14
[0]:276456721 [1]:132995211 [2]:7 [3]:49
[0]:277717215 [1]:133645994 [2]:7 [3]:11
[0]:279159411 [1]:134388588 [2]:7 [3]:16
[0]:280214188 [1]:134931566 [2]:7 [3]:12
[0]:281209361 [1]:135443180 [2]:7 [3]:8
[0]:282341513 [1]:136021039 [2]:7 [3]:13
[0]:283320031 [1]:136525237 [2]:7 [3]:11
[0]:284362445 [1]:137057777 [2]:7 [3]:53
[0]:285414820 [1]:137593500 [2]:7 [3]:20
[0]:286393549 [1]:138093945 [2]:7 [3]:13
[0]:287397777 [1]:138607448 [2]:7 [3]:17
[0]:288413842 [1]:139127901 [2]:7 [3]:50
[0]:289578058 [1]:139719428 [2]:7 [3]:11
[0]:290577075 [1]:140233847 [2]:7 [3]:10
[0]:291577764 [1]:140747302 [2]:7 [3]:53
[0]:292592337 [1]:141263932 [2]:7 [3]:16
[0]:293552805 [1]:141752637 [2]:7 [3]:15
[0]:294672999 [1]:142323905 [2]:7 [3]:14
[0]:295880224 [1]:142937911 [2]:7 [3]:15
[0]:297078008 [1]:143549807 [2]:7 [3]:12
[0]:298284537 [1]:144171686 [2]:7 [3]:15
[0]:299542385 [1]:144811020 [2]:7 [3]:49
[0]:300619009 [1]:145358380 [2]:7 [3]:12
[0]:301703458 [1]:145917827 [2]:7 [3]:23
[0]:302830674 [1]:146495926 [2]:7 [3]:49
[0]:303907347 [1]:147045066 [2]:7 [3]:9
[0]:305042986 [1]:147625978 [2]:7 [3]:13
[0]:306176926 [1]:148207798 [2]:7 [3]:50
[0]:307310304 [1]:148786800 [2]:7 [3]:11
[0]:308421225 [1]:149355029 [2]:7 [3]:13
[0]:309556016 [1]:149929082 [2]:7 [3]:15
[0]:310684536 [1]:150505922 [2]:7 [3]:59
[0]:311840553 [1]:151098231 [2]:7 [3]:18
[0]:313021640 [1]:151703572 [2]:7 [3]:15
[0]:314145007 [1]:152277303 [2]:7 [3]:14
[0]:315315698 [1]:152874847 [2]:7 [3]:12
[0]:316469432 [1]:153465113 [2]:7 [3]:52
[0]:317575419 [1]:154029976 [2]:7 [3]:12
[0]:318550798 [1]:154529886 [2]:7 [3]:48
[0]:319553467 [1]:155047460 [2]:7 [3]:49
[0]:320552323 [1]:155559760 [2]:7 [3]:8
[0]:321532959 [1]:156064730 [2]:7 [3]:10
[0]:322518488 [1]:156568885 [2]:7 [3]:52
[0]:323555346 [1]:157093332 [2]:7 [3]:57
[0]:324557972 [1]:157610174 [2]:7 [3]:12
[0]:325572266 [1]:158126717 [2]:7 [3]:22
[0]:326613419 [1]:158657327 [2]:7 [3]:14
[0]:327611070 [1]:159172924 [2]:7 [3]:6
[0]:328635590 [1]:159698339 [2]:7 [3]:14
[0]:329659403 [1]:160225785 [2]:7 [3]:14
[0]:330651649 [1]:160728583 [2]:7 [3]:12
[0]:331672086 [1]:161253776 [2]:7 [3]:9
[0]:332741775 [1]:161799929 [2]:7 [3]:53
[0]:334119324 [1]:162503268 [2]:7 [3]:16
[0]:335287215 [1]:163100689 [2]:7 [3]:11
[0]:336412688 [1]:163677532 [2]:7 [3]:13
[0]:337440589 [1]:164200688 [2]:7 [3]:18
[0]:338435938 [1]:164710564 [2]:7 [3]:14
[0]:339414054 [1]:165212516 [2]:7 [3]:11
[0]:340443368 [1]:165738039 [2]:7 [3]:52
[0]:341437241 [1]:166243616 [2]:7 [3]:9
[0]:342439808 [1]:166755793 [2]:7 [3]:14
[0]:343439626 [1]:167268881 [2]:7 [3]:13
[0]:344506378 [1]:167817330 [2]:7 [3]:10
[0]:345466345 [1]:168312508 [2]:7 [3]:10
[0]:346629447 [1]:168907456 [2]:7 [3]:10
[0]:347638659 [1]:169422092 [2]:7 [3]:9
[0]:348619725 [1]:169920707 [2]:7 [3]:10
[0]:349599768 [1]:170419711 [2]:7 [3]:49
[0]:350678451 [1]:170976573 [2]:7 [3]:48
[0]:351926486 [1]:171615800 [2]:7 [3]:50
[0]:353015961 [1]:172164849 [2]:7 [3]:47
[0]:354149149 [1]:172747225 [2]:7 [3]:13
[0]:355246834 [1]:173309151 [2]:7 [3]:12
[0]:356512008 [1]:173953295 [2]:7 [3]:50
[0]:357700551 [1]:174564696 [2]:7 [3]:10
[0]:358856771 [1]:175155337 [2]:7 [3]:20
[0]:360009682 [1]:175742468 [2]:7 [3]:14
[0]:361126378 [1]:176307403 [2]:7 [3]:11
[0]:362292786 [1]:176907577 [2]:7 [3]:49
[0]:363454010 [1]:177499049 [2]:7 [3]:56
[0]:364588592 [1]:178078352 [2]:7 [3]:11
[0]:365701986 [1]:178649795 [2]:7 [3]:50
[0]:366837559 [1]:179228011 [2]:7 [3]:10
[0]:367945542 [1]:179794681 [2]:7 [3]:12
[0]:369074808 [1]:180371936 [2]:7 [3]:17
[0]:370225455 [1]:180957514 [2]:7 [3]:15
[0]:371599304 [1]:181657734 [2]:7 [3]:12
[0]:372711150 [1]:182228336 [2]:7 [3]:48
[0]:374106695 [1]:182940486 [2]:7 [3]:17
[0]:375099544 [1]:183447760 [2]:7 [3]:11
[0]:376108759 [1]:183968680 [2]:7 [3]:13
[0]:377433435 [1]:184650926 [2]:7 [3]:52
[0]:378605464 [1]:185251074 [2]:7 [3]:11
[0]:379717177 [1]:185822977 [2]:7 [3]:10
[0]:380744946 [1]:186352907 [2]:7 [3]:52
[0]:381735396 [1]:186856111 [2]:7 [3]:8
[0]:382733180 [1]:187365402 [2]:7 [3]:11
