[0]:0 [1]:0 [2]:0 [3]:0
[0]:0 [1]:0 [2]:0 [3]:0
[0]:0 [1]:0 [2]:0 [3]:0
[0]:0 [1]:0 [2]:0 [3]:0
[0]:287217 [1]:0 [2]:0 [3]:13
[0]:2033496 [1]:0 [2]:0 [3]:35
[0]:3728312 [1]:0 [2]:0 [3]:9
[0]:5463224 [1]:0 [2]:0 [3]:10
[0]:7122842 [1]:0 [2]:0 [3]:9
[0]:9122504 [1]:0 [2]:0 [3]:31
[0]:10942432 [1]:0 [2]:0 [3]:10
[0]:13126622 [1]:0 [2]:0 [3]:29
[0]:15254454 [1]:0 [2]:0 [3]:11
[0]:17318787 [1]:275828 [2]:7 [3]:13
[0]:18526089 [1]:891318 [2]:7 [3]:13
[0]:19638594 [1]:1465366 [2]:7 [3]:55
[0]:20751568 [1]:2037358 [2]:7 [3]:15
[0]:21866360 [1]:2607586 [2]:7 [3]:12
[0]:23021868 [1]:3193058 [2]:7 [3]:11
[0]:24361900 [1]:3882356 [2]:7 [3]:9
[0]:25521972 [1]:4478961 [2]:7 [3]:59
[0]:26727985 [1]:5097973 [2]:7 [3]:11
[0]:27828451 [1]:5660092 [2]:7 [3]:51
[0]:28915876 [1]:6223288 [2]:7 [3]:17
[0]:30093930 [1]:6827102 [2]:7 [3]:16
[0]:31227764 [1]:7410607 [2]:7 [3]:18
[0]:32366551 [1]:7990236 [2]:7 [3]:12
[0]:33474956 [1]:8561103 [2]:7 [3]:13
[0]:34688151 [1]:9184675 [2]:7 [3]:13
[0]:35759555 [1]:9738668 [2]:7 [3]:12
[0]:36886924 [1]:10317280 [2]:7 [3]:10
[0]:37876594 [1]:10826618 [2]:7 [3]:48
[0]:38913914 [1]:11354969 [2]:7 [3]:47
[0]:39881908 [1]:11847244 [2]:7 [3]:10
[0]:40932931 [1]:12386654 [2]:7 [3]:16
[0]:41947252 [1]:12911107 [2]:7 [3]:14
[0]:42957427 [1]:13426407 [2]:7 [3]:9
[0]:44009441 [1]:13965428 [2]:7 [3]:12
[0]:45024869 [1]:14484444 [2]:7 [3]:12
[0]:46064831 [1]:15015229 [2]:7 [3]:12
[0]:47083770 [1]:15535529 [2]:7 [3]:11
[0]:48066636 [1]:16041052 [2]:7 [3]:53
[0]:49118803 [1]:16580169 [2]:7 [3]:13
[0]:50141301 [1]:17101070 [2]:7 [3]:49
[0]:51166587 [1]:17624372 [2]:7 [3]:11
[0]:52280133 [1]:18201174 [2]:7 [3]:10
[0]:53499216 [1]:18822892 [2]:7 [3]:54
[0]:54644064 [1]:19406551 [2]:7 [3]:11
[0]:55671309 [1]:19931911 [2]:7 [3]:15
[0]:56696935 [1]:20460780 [2]:7 [3]:39
[0]:57741143 [1]:20998738 [2]:7 [3]:53
[0]:58810508 [1]:21544927 [2]:7 [3]:15
[0]:59824568 [1]:22064313 [2]:7 [3]:52
[0]:60846508 [1]:22589771 [2]:7 [3]:10
[0]:61889583 [1]:23125365 [2]:7 [3]:8
[0]:63032226 [1]:23714909 [2]:7 [3]:10
[0]:64099673 [1]:24261219 [2]:7 [3]:20
[0]:65089376 [1]:24763143 [2]:7 [3]:59
[0]:66106572 [1]:25279884 [2]:7 [3]:14
[0]:67128314 [1]:25805432 [2]:7 [3]:11
[0]:68145555 [1]:26324025 [2]:7 [3]:15
[0]:69233142 [1]:26882838 [2]:7 [3]:54
[0]:70468370 [1]:27511607 [2]:7 [3]:14
[0]:71728640 [1]:28162695 [2]:7 [3]:58
[0]:72936615 [1]:28781758 [2]:7 [3]:14
[0]:74069229 [1]:29362017 [2]:7 [3]:12
[0]:75201243 [1]:29939664 [2]:7 [3]:14
[0]:76336207 [1]:30522769 [2]:7 [3]:12
[0]:77486175 [1]:31110403 [2]:7 [3]:13
[0]:78593707 [1]:31680161 [2]:7 [3]:12
[0]:79762365 [1]:32277959 [2]:7 [3]:16
[0]:80850945 [1]:32836872 [2]:7 [3]:52
[0]:81925277 [1]:33384744 [2]:7 [3]:12
[0]:83056970 [1]:33965306 [2]:7 [3]:14
[0]:84144477 [1]:34521510 [2]:7 [3]:11
[0]:85265433 [1]:35094943 [2]:7 [3]:56
[0]:86363507 [1]:35659599 [2]:7 [3]:52
[0]:87474702 [1]:36230686 [2]:7 [3]:14
[0]:88847716 [1]:36931483 [2]:7 [3]:13
[0]:89972324 [1]:37511912 [2]:7 [3]:56
[0]:91099742 [1]:38087740 [2]:7 [3]:17
[0]:92358010 [1]:38730064 [2]:7 [3]:17
[0]:93442825 [1]:39286468 [2]:7 [3]:13
[0]:94676520 [1]:39919603 [2]:7 [3]:12
[0]:95726713 [1]:40456836 [2]:7 [3]:12
[0]:96744651 [1]:40978903 [2]:7 [3]:54
[0]:97772417 [1]:41506714 [2]:7 [3]:13
[0]:98846394 [1]:42056755 [2]:7 [3]:11
[0]:99919432 [1]:42609336 [2]:7 [3]:8
[0]:100967705 [1]:43146824 [2]:7 [3]:16
[0]:102061830 [1]:43707534 [2]:7 [3]:51
[0]:103094178 [1]:44235108 [2]:7 [3]:9
[0]:104092888 [1]:44744312 [2]:7 [3]:59
[0]:105224846 [1]:45321912 [2]:7 [3]:11
[0]:106225584 [1]:45834879 [2]:7 [3]:17
[0]:107247296 [1]:46357716 [2]:7 [3]:50
[0]:108459243 [1]:46978632 [2]:7 [3]:12
[0]:109725064 [1]:47627210 [2]:7 [3]:55
[0]:110882511 [1]:48217948 [2]:7 [3]:15
[0]:111948358 [1]:48763565 [2]:7 [3]:51
[0]:112957564 [1]:49281337 [2]:7 [3]:50
[0]:113996253 [1]:49814576 [2]:7 [3]:54
[0]:115013607 [1]:50333783 [2]:7 [3]:49
[0]:116099603 [1]:50891913 [2]:7 [3]:52
[0]:117116332 [1]:51414322 [2]:7 [3]:52
[0]:118095569 [1]:51912601 [2]:7 [3]:13
[0]:119409907 [1]:52586561 [2]:7 [3]:60
[0]:120400341 [1]:53090341 [2]:7 [3]:10
[0]:121497635 [1]:53651220 [2]:7 [3]:16
[0]:122530858 [1]:54175861 [2]:7 [3]:50
[0]:123550959 [1]:54694123 [2]:7 [3]:17
[0]:124542189 [1]:55202495 [2]:7 [3]:16
[0]:125624864 [1]:55757256 [2]:7 [3]:52
[0]:127107195 [1]:56515898 [2]:7 [3]:14
[0]:128410003 [1]:57181425 [2]:7 [3]:9
[0]:129779998 [1]:57881063 [2]:7 [3]:53
[0]:130962055 [1]:58483276 [2]:7 [3]:17
[0]:132163515 [1]:59098077 [2]:7 [3]:10
[0]:133324383 [1]:59689987 [2]:7 [3]:15
[0]:134427323 [1]:60247218 [2]:7 [3]:10
[0]:135483733 [1]:60788495 [2]:7 [3]:15
[0]:136578325 [1]:61350300 [2]:7 [3]:51
[0]:137687429 [1]:61917027 [2]:7 [3]:12
[0]:138811803 [1]:62488475 [2]:7 [3]:15
[0]:140119055 [1]:63159477 [2]:7 [3]:9
[0]:141202970 [1]:63712513 [2]:7 [3]:48
[0]:142295009 [1]:64271546 [2]:7 [3]:48
[0]:143432917 [1]:64855459 [2]:7 [3]:16
[0]:144667377 [1]:65488289 [2]:7 [3]:54
[0]:145817970 [1]:66076134 [2]:7 [3]:53
[0]:146952841 [1]:66657836 [2]:7 [3]:10
[0]:148102426 [1]:67253354 [2]:7 [3]:16
[0]:149184095 [1]:67811157 [2]:7 [3]:52
[0]:150225133 [1]:68346358 [2]:7 [3]:11
[0]:151231864 [1]:68863612 [2]:7 [3]:58
[0]:152213414 [1]:69363389 [2]:7 [3]:13
[0]:153269877 [1]:69902109 [2]:7 [3]:52
[0]:154278379 [1]:70416316 [2]:7 [3]:13
[0]:155237759 [1]:70908581 [2]:7 [3]:46
[0]:156281639 [1]:71447499 [2]:7 [3]:16
[0]:157347364 [1]:71993275 [2]:7 [3]:14
[0]:158314752 [1]:72487873 [2]:7 [3]:50
[0]:159356870 [1]:73025723 [2]:7 [3]:13
[0]:160360759 [1]:73543291 [2]:7 [3]:55
[0]:161405821 [1]:74080951 [2]:7 [3]:11
[0]:162450351 [1]:74620706 [2]:7 [3]:10
[0]:163459249 [1]:75139701 [2]:7 [3]:19
[0]:164616972 [1]:75738993 [2]:7 [3]:11
[0]:165893410 [1]:76392422 [2]:7 [3]:15
[0]:167051336 [1]:76988462 [2]:7 [3]:16
[0]:168136281 [1]:77547159 [2]:7 [3]:13
[0]:169221206 [1]:78104896 [2]:7 [3]:49
[0]:170265141 [1]:78638260 [2]:7 [3]:9
[0]:171318552 [1]:79179140 [2]:7 [3]:12
[0]:172690413 [1]:79882631 [2]:7 [3]:12
[0]:173741364 [1]:80424837 [2]:7 [3]:50
[0]:174790268 [1]:80962020 [2]:7 [3]:14
[0]:175811128 [1]:81483100 [2]:7 [3]:55
[0]:176885960 [1]:82036157 [2]:7 [3]:52
[0]:177907645 [1]:82556891 [2]:7 [3]:10
[0]:178965807 [1]:83098010 [2]:7 [3]:60
[0]:180010861 [1]:83634527 [2]:7 [3]:47
[0]:181012072 [1]:84151746 [2]:7 [3]:23
[0]:182159047 [1]:84737571 [2]:7 [3]:14
[0]:183407838 [1]:85378289 [2]:7 [3]:56
[0]:184655592 [1]:86012183 [2]:7 [3]:9
[0]:185879885 [1]:86640650 [2]:7 [3]:15
[0]:187005437 [1]:87220963 [2]:7 [3]:49
[0]:188110744 [1]:87783893 [2]:7 [3]:54
[0]:189264441 [1]:88371629 [2]:7 [3]:16
[0]:190369688 [1]:88936663 [2]:7 [3]:48
[0]:191630216 [1]:89580636 [2]:7 [3]:11
[0]:192720140 [1]:90139195 [2]:7 [3]:11
[0]:193863995 [1]:90723600 [2]:7 [3]:11
[0]:194951977 [1]:91281672 [2]:7 [3]:18
[0]:196069756 [1]:91855173 [2]:7 [3]:15
[0]:197213807 [1]:92440933 [2]:7 [3]:11
[0]:198315017 [1]:93007122 [2]:7 [3]:14
[0]:199444952 [1]:93585328 [2]:7 [3]:48
[0]:200520177 [1]:94134247 [2]:7 [3]:19
[0]:201626631 [1]:94704695 [2]:7 [3]:9
[0]:202753226 [1]:95285429 [2]:7 [3]:8
[0]:203885231 [1]:95868424 [2]:7 [3]:10
[0]:205228428 [1]:96558749 [2]:7 [3]:14
[0]:206253059 [1]:97083557 [2]:7 [3]:16
[0]:207284497 [1]:97611133 [2]:7 [3]:9
[0]:208301794 [1]:98131303 [2]:7 [3]:10
[0]:209387483 [1]:98681903 [2]:7 [3]:11
[0]:210430859 [1]:99214122 [2]:7 [3]:8
[0]:211450235 [1]:99729580 [2]:7 [3]:50
[0]:212522258 [1]:100279555 [2]:7 [3]:11
[0]:213526916 [1]:100792411 [2]:7 [3]:11
[0]:214873407 [1]:101481076 [2]:7 [3]:52
[0]:215969251 [1]:102042756 [2]:7 [3]:18
[0]:217038665 [1]:102591081 [2]:7 [3]:10
[0]:218071325 [1]:103113410 [2]:7 [3]:9
[0]:219096946 [1]:103636111 [2]:7 [3]:13
[0]:220139903 [1]:104172222 [2]:7 [3]:10
[0]:221454088 [1]:104846932 [2]:7 [3]:8
[0]:223266247 [1]:105773162 [2]:7 [3]:49
[0]:224335436 [1]:106322138 [2]:7 [3]:10
[0]:225377641 [1]:106860701 [2]:7 [3]:16
[0]:226377351 [1]:107376303 [2]:7 [3]:13
[0]:227388447 [1]:107891901 [2]:7 [3]:8
[0]:228361035 [1]:108388778 [2]:7 [3]:16
[0]:229451055 [1]:108949052 [2]:7 [3]:18
[0]:230460507 [1]:109465744 [2]:7 [3]:53
[0]:231525724 [1]:110009395 [2]:7 [3]:11
[0]:232566999 [1]:110543220 [2]:7 [3]:10
[0]:233722914 [1]:111136397 [2]:7 [3]:12
[0]:234801583 [1]:111687745 [2]:7 [3]:9
[0]:235950987 [1]:112283013 [2]:7 [3]:12
[0]:236954537 [1]:112790204 [2]:7 [3]:53
[0]:238357062 [1]:113503694 [2]:7 [3]:51
[0]:239943906 [1]:114316649 [2]:7 [3]:51
[0]:241193040 [1]:114956762 [2]:7 [3]:36
[0]:242741125 [1]:115749996 [2]:7 [3]:14
[0]:243963250 [1]:116369540 [2]:7 [3]:13
[0]:245107736 [1]:116955597 [2]:7 [3]:53
[0]:246231278 [1]:117527796 [2]:7 [3]:9
[0]:247350897 [1]:118099892 [2]:7 [3]:56
[0]:248554814 [1]:118713644 [2]:7 [3]:10
[0]:249660426 [1]:119282781 [2]:7 [3]:10
[0]:250795236 [1]:119860603 [2]:7 [3]:13
[0]:251924767 [1]:120440678 [2]:7 [3]:10
[0]:253098533 [1]:121033937 [2]:7 [3]:10
[0]:254231839 [1]:121611823 [2]:7 [3]:51
[0]:255368191 [1]:122193901 [2]:7 [3]:52
[0]:256516503 [1]:122780434 [2]:7 [3]:15
[0]:257661072 [1]:123368836 [2]:7 [3]:11
[0]:258800474 [1]:123956939 [2]:7 [3]:9
[0]:259907617 [1]:124521065 [2]:7 [3]:15
[0]:260958461 [1]:125060402 [2]:7 [3]:16
[0]:262062626 [1]:125628524 [2]:7 [3]:50
[0]:263094517 [1]:126156089 [2]:7 [3]:52
[0]:264123562 [1]:126681427 [2]:7 [3]:11
[0]:265084812 [1]:127172473 [2]:7 [3]:11
[0]:266102433 [1]:127693115 [2]:7 [3]:12
[0]:267129538 [1]:128217790 [2]:7 [3]:16
[0]:268162569 [1]:128747043 [2]:7 [3]:47
[0]:269380136 [1]:129372836 [2]:7 [3]:17
[0]:270385976 [1]:129887246 [2]:7 [3]:63
[0]:271409790 [1]:130413909 [2]:7 [3]:13
[0]:272437546 [1]:130942290 [2]:7 [3]:12
[0]:273406962 [1]:131437758 [2]:7 [3]:9
[0]:274433508 [1]:131960788 [2]:7 [3]:11
[0]:275410584 [1]:132462558 [2]:7 [3]:14
[0]:276456721 [1]:132995211 [2]:7 [3]:49
[0]:277717215 [1]:133645994 [2]:7 [3]:11
[0]:279159411 [1]:134388588 [2]:7 [3]:16
[0]:280214188 [1]:134931566 [2]:7 [3]:12
[0]:281209361 [1]:135443180 [2]:7 [3]:8
[0]:282341513 [1]:136021039 [2]:7 [3]:13
[0]:283320031 [1]:136525237 [2]:7 [3]:11
[0]:284362445 [1]:137057777 [2]:7 [3]:53
[0]:285414820 [1]:137593500 [2]:7 [3]:20
[0]:286393549 [1]:138093945 [2]:7 [3]:13
[0]:287397777 [1]:138607448 [2]:7 [3]:17
[0]:288413842 [1]:139127901 [2]:7 [3]:50
[0]:289578058 [1]:139719428 [2]:7 [3]:11
[0]:290577075 [1]:140233847 [2]:7 [3]:10
[0]:291577764 [1]:140747302 [2]:7 [3]:53
[0]:292592337 [1]:141263932 [2]:7 [3]:16
[0]:293552805 [1]:141752637 [2]:7 [3]:15
[0]:294672999 [1]:142323905 [2]:7 [3]:14
[0]:295880224 [1]:142937911 [2]:7 [3]:15
[0]:297078008 [1]:143549807 [2]:7 [3]:12
[0]:298284537 [1]:144171686 [2]:7 [3]:15
[0]:299542385 [1]:144811020 [2]:7 [3]:49
[0]:300619009 [1]:145358380 [2]:7 [3]:12
[0]:301703458 [1]:145917827 [2]:7 [3]:23
[0]:302830674 [1]:146495926 [2]:7 [3]:49
[0]:303907347 [1]:147045066 [2]:7 [3]:9
[0]:305042986 [1]:147625978 [2]:7 [3]:13
[0]:306176926 [1]:148207798 [2]:7 [3]:50
[0]:307310304 [1]:148786800 [2]:7 [3]:11
[0]:308421225 [1]:149355029 [2]:7 [3]:13
[0]:309556016 [1]:149929082 [2]:7 [3]:15
[0]:310684536 [1]:150505922 [2]:7 [3]:59
[0]:311840553 [1]:151098231 [2]:7 [3]:18
[0]:313021640 [1]:151703572 [2]:7 [3]:15
[0]:314145007 [1]:152277303 [2]:7 [3]:14
[0]:315315698 [1]:152874847 [2]:7 [3]:12
[0]:316469432 [1]:153465113 [2]:7 [3]:52
[0]:317575419 [1]:154029976 [2]:7 [3]:12
[0]:318550798 [1]:154529886 [2]:7 [3]:48
[0]:319553467 [1]:155047460 [2]:7 [3]:49
[0]:320552323 [1]:155559760 [2]:7 [3]:8
[0]:321532959 [1]:156064730 [2]:7 [3]:10
[0]:322518488 [1]:156568885 [2]:7 [3]:52
[0]:323555346 [1]:157093332 [2]:7 [3]:57
[0]:324557972 [1]:157610174 [2]:7 [3]:12
[0]:325572266 [1]:158126717 [2]:7 [3]:22
[0]:326613419 [1]:158657327 [2]:7 [3]:14
[0]:327611070 [1]:159172924 [2]:7 [3]:6
[0]:328635590 [1]:159698339 [2]:7 [3]:14
[0]:329659403 [1]:160225785 [2]:7 [3]:14
[0]:330651649 [1]:160728583 [2]:7 [3]:12
[0]:331672086 [1]:161253776 [2]:7 [3]:9
[0]:332741775 [1]:161799929 [2]:7 [3]:53
[0]:334119324 [1]:162503268 [2]:7 [3]:16
[0]:335287215 [1]:163100689 [2]:7 [3]:11
[0]:336412688 [1]:163677532 [2]:7 [3]:13
[0]:337440589 [1]:164200688 [2]:7 [3]:18
[0]:338435938 [1]:164710564 [2]:7 [3]:14
[0]:339414054 [1]:165212516 [2]:7 [3]:11
[0]:340443368 [1]:165738039 [2]:7 [3]:52
[0]:341437241 [1]:166243616 [2]:7 [3]:9
[0]:342439808 [1]:166755793 [2]:7 [3]:14
[0]:343439626 [1]:167268881 [2]:7 [3]:13
[0]:344506378 [1]:167817330 [2]:7 [3]:10
[0]:345466345 [1]:168312508 [2]:7 [3]:10
[0]:346629447 [1]:168907456 [2]:7 [3]:10
[0]:347638659 [1]:169422092 [2]:7 [3]:9
[0]:348619725 [1]:169920707 [2]:7 [3]:10
[0]:349599768 [1]:170419711 [2]:7 [3]:49
[0]:350678451 [1]:170976573 [2]:7 [3]:48
[0]:351926486 [1]:171615800 [2]:7 [3]:50
[0]:353015961 [1]:172164849 [2]:7 [3]:47
[0]:354149149 [1]:172747225 [2]:7 [3]:13
[0]:355246834 [1]:173309151 [2]:7 [3]:12
[0]:356512008 [1]:173953295 [2]:7 [3]:50
[0]:357700551 [1]:174564696 [2]:7 [3]:10
[0]:358856771 [1]:175155337 [2]:7 [3]:20
[0]:360009682 [1]:175742468 [2]:7 [3]:14
[0]:361126378 [1]:176307403 [2]:7 [3]:11
[0]:362292786 [1]:176907577 [2]:7 [3]:49
[0]:363454010 [1]:177499049 [2]:7 [3]:56
[0]:364588592 [1]:178078352 [2]:7 [3]:11
[0]:365701986 [1]:178649795 [2]:7 [3]:50
[0]:366837559 [1]:179228011 [2]:7 [3]:10
[0]:367945542 [1]:179794681 [2]:7 [3]:12
[0]:369074808 [1]:180371936 [2]:7 [3]:17
[0]:370225455 [1]:180957514 [2]:7 [3]:15
[0]:371599304 [1]:181657734 [2]:7 [3]:12
[0]:372711150 [1]:182228336 [2]:7 [3]:48
[0]:374106695 [1]:182940486 [2]:7 [3]:17
[0]:375099544 [1]:183447760 [2]:7 [3]:11
[0]:376108759 [1]:183968680 [2]:7 [3]:13
[0]:377433435 [1]:184650926 [2]:7 [3]:52
[0]:378605464 [1]:185251074 [2]:7 [3]:11
[0]:379717177 [1]:185822977 [2]:7 [3]:10
[0]:380744946 [1]:186352907 [2]:7 [3]:52
[0]:381735396 [1]:186856111 [2]:7 [3]:8
[0]:382733180 [1]:187365402 [2]:7 [3]:11
[0]:383983359 [1]:188002614 [2]:7 [3]:14
[0]:385096235 [1]:188896152 [2]:7 [3]:11
[0]:386205732 [1]:189880677 [2]:7 [3]:19
[0]:387525157 [1]:191047040 [2]:7 [3]:19
[0]:388586878 [1]:191979824 [2]:7 [3]:17
[0]:389769428 [1]:193026579 [2]:7 [3]:16
[0]:391348274 [1]:194421364 [2]:7 [3]:20
[0]:392651922 [1]:195576793 [2]:7 [3]:20
[0]:393846845 [1]:196638029 [2]:7 [3]:56
[0]:395065351 [1]:197722163 [2]:7 [3]:17
[0]:396183626 [1]:198709832 [2]:7 [3]:19
[0]:397320511 [1]:199715711 [2]:7 [3]:61
[0]:398408317 [1]:200683423 [2]:7 [3]:18
[0]:399510361 [1]:201656388 [2]:7 [3]:14
[0]:400827822 [1]:202824929 [2]:7 [3]:55
[0]:402220242 [1]:204063266 [2]:7 [3]:12
[0]:403307547 [1]:205022891 [2]:7 [3]:15
[0]:404430476 [1]:206017756 [2]:7 [3]:57
[0]:405515053 [1]:206979438 [2]:7 [3]:17
[0]:406612565 [1]:207954843 [2]:7 [3]:12
[0]:407989918 [1]:209175610 [2]:7 [3]:11
[0]:409287406 [1]:210322729 [2]:7 [3]:56
[0]:410647448 [1]:211520910 [2]:7 [3]:19
[0]:412026167 [1]:212745610 [2]:7 [3]:16
[0]:413380778 [1]:213936659 [2]:7 [3]:22
[0]:414614417 [1]:215029102 [2]:7 [3]:19
[0]:415866780 [1]:216135966 [2]:7 [3]:17
[0]:417054992 [1]:217188640 [2]:7 [3]:59
[0]:418344589 [1]:218326417 [2]:7 [3]:49
[0]:419598067 [1]:219436763 [2]:7 [3]:19
[0]:420803487 [1]:220507566 [2]:7 [3]:17
[0]:422100446 [1]:221654032 [2]:7 [3]:45
[0]:423348459 [1]:222758836 [2]:7 [3]:60
[0]:424607751 [1]:223875788 [2]:7 [3]:17
[0]:425865385 [1]:224988676 [2]:7 [3]:20
[0]:427142024 [1]:226118360 [2]:7 [3]:14
[0]:428483221 [1]:227311034 [2]:7 [3]:19
[0]:429711858 [1]:228390807 [2]:7 [3]:55
[0]:431023307 [1]:229557925 [2]:7 [3]:15
[0]:432350595 [1]:230733163 [2]:7 [3]:16
[0]:433609316 [1]:231840378 [2]:7 [3]:13
[0]:434865196 [1]:232955032 [2]:7 [3]:57
[0]:435996536 [1]:233953747 [2]:7 [3]:14
[0]:437099775 [1]:234931298 [2]:7 [3]:59
[0]:438158653 [1]:235865060 [2]:7 [3]:53
[0]:439285345 [1]:236866920 [2]:7 [3]:61
[0]:440576869 [1]:238008251 [2]:7 [3]:15
[0]:441687148 [1]:238992394 [2]:7 [3]:19
[0]:442845842 [1]:240019308 [2]:7 [3]:13
[0]:443916735 [1]:240965931 [2]:7 [3]:22
[0]:444999332 [1]:241918890 [2]:7 [3]:20
[0]:446114497 [1]:242909479 [2]:7 [3]:56
[0]:447206361 [1]:243871183 [2]:7 [3]:17
[0]:448343304 [1]:244882253 [2]:7 [3]:58
[0]:449456408 [1]:245865411 [2]:7 [3]:13
[0]:450544746 [1]:246832435 [2]:7 [3]:56
[0]:452115080 [1]:248217441 [2]:7 [3]:15
[0]:453936353 [1]:249835237 [2]:7 [3]:56
[0]:455147241 [1]:250903206 [2]:7 [3]:16
[0]:456254922 [1]:251887441 [2]:7 [3]:58
[0]:457351238 [1]:252856657 [2]:7 [3]:9
[0]:458456698 [1]:253832638 [2]:7 [3]:16
[0]:459830206 [1]:255053344 [2]:7 [3]:18
[0]:460899985 [1]:255999925 [2]:7 [3]:15
[0]:461963958 [1]:256940491 [2]:7 [3]:16
[0]:463049576 [1]:257904731 [2]:7 [3]:23
[0]:464123732 [1]:258849938 [2]:7 [3]:14
[0]:465203480 [1]:259810644 [2]:7 [3]:15
[0]:466282099 [1]:260765745 [2]:7 [3]:50
[0]:467401406 [1]:261757066 [2]:7 [3]:17
[0]:468606920 [1]:262824670 [2]:7 [3]:19
[0]:469692967 [1]:263778152 [2]:7 [3]:17
[0]:470928920 [1]:264872785 [2]:7 [3]:16
[0]:472422255 [1]:266199894 [2]:7 [3]:60
[0]:473828882 [1]:267439671 [2]:7 [3]:13
[0]:475144411 [1]:268603003 [2]:7 [3]:52
[0]:476378355 [1]:269697661 [2]:7 [3]:15
[0]:477771772 [1]:270925687 [2]:7 [3]:16
[0]:479014572 [1]:272025258 [2]:7 [3]:60
[0]:480224443 [1]:273090522 [2]:7 [3]:16
[0]:481456232 [1]:274186544 [2]:7 [3]:18
[0]:482692249 [1]:275278718 [2]:7 [3]:57
[0]:483950941 [1]:276392591 [2]:7 [3]:14
[0]:485209227 [1]:277511804 [2]:7 [3]:14
[0]:486487720 [1]:278642926 [2]:7 [3]:16
[0]:487723838 [1]:279738614 [2]:7 [3]:16
[0]:488958329 [1]:280828060 [2]:7 [3]:53
[0]:490165576 [1]:281896778 [2]:7 [3]:55
[0]:491377374 [1]:282964307 [2]:7 [3]:14
[0]:492632943 [1]:284076558 [2]:7 [3]:57
[0]:493915451 [1]:285206677 [2]:7 [3]:19
[0]:495175119 [1]:286314739 [2]:7 [3]:55
[0]:496530128 [1]:287516747 [2]:7 [3]:15
[0]:497633492 [1]:288492635 [2]:7 [3]:53
[0]:498920260 [1]:289625388 [2]:7 [3]:52
[0]:500060197 [1]:290637636 [2]:7 [3]:55
[0]:501218336 [1]:291665578 [2]:7 [3]:13
[0]:502308813 [1]:292624971 [2]:7 [3]:18
[0]:503594056 [1]:293762850 [2]:7 [3]:56
[0]:504678858 [1]:294731165 [2]:7 [3]:15
[0]:506057689 [1]:295946495 [2]:7 [3]:17
[0]:507164245 [1]:296925912 [2]:7 [3]:61
[0]:508306654 [1]:297939218 [2]:7 [3]:51
[0]:509419331 [1]:298924035 [2]:7 [3]:21
[0]:510532296 [1]:299908640 [2]:7 [3]:22
[0]:511644232 [1]:300889876 [2]:7 [3]:17
[0]:513069118 [1]:302158148 [2]:7 [3]:18
[0]:514577613 [1]:303493629 [2]:7 [3]:20
[0]:516020722 [1]:304772258 [2]:7 [3]:55
[0]:517150735 [1]:305770372 [2]:7 [3]:12
[0]:518271758 [1]:306761787 [2]:7 [3]:17
[0]:519384065 [1]:307747328 [2]:7 [3]:19
[0]:520542802 [1]:308774680 [2]:7 [3]:21
[0]:521671827 [1]:309772580 [2]:7 [3]:19
[0]:522798623 [1]:310770857 [2]:7 [3]:62
[0]:523883317 [1]:311729102 [2]:7 [3]:15
[0]:524993299 [1]:312711021 [2]:7 [3]:13
[0]:526030927 [1]:313632376 [2]:7 [3]:12
[0]:527216466 [1]:314682031 [2]:7 [3]:18
[0]:528287666 [1]:315635123 [2]:7 [3]:17
[0]:529442811 [1]:316661375 [2]:7 [3]:19
[0]:530522502 [1]:317616841 [2]:7 [3]:24
[0]:531670469 [1]:318629002 [2]:7 [3]:51
[0]:533147841 [1]:319945885 [2]:7 [3]:15
[0]:534461943 [1]:321104700 [2]:7 [3]:50
[0]:535877220 [1]:322359661 [2]:7 [3]:56
[0]:537257551 [1]:323574301 [2]:7 [3]:19
[0]:538468091 [1]:324651070 [2]:7 [3]:54
[0]:539823837 [1]:325841079 [2]:7 [3]:62
[0]:541012620 [1]:326894985 [2]:7 [3]:53
[0]:542241487 [1]:327984177 [2]:7 [3]:12
[0]:543496480 [1]:329094112 [2]:7 [3]:60
[0]:544732207 [1]:330193902 [2]:7 [3]:22
[0]:545966787 [1]:331281220 [2]:7 [3]:55
[0]:547274913 [1]:332438287 [2]:7 [3]:15
[0]:548580625 [1]:333593970 [2]:7 [3]:17
[0]:550082291 [1]:334919848 [2]:7 [3]:14
[0]:551317274 [1]:336011415 [2]:7 [3]:16
[0]:552598568 [1]:337151596 [2]:7 [3]:17
[0]:553853767 [1]:338260705 [2]:7 [3]:18
[0]:555090069 [1]:339346576 [2]:7 [3]:52
[0]:556322860 [1]:340442056 [2]:7 [3]:18
[0]:557581269 [1]:341557300 [2]:7 [3]:18
[0]:558863655 [1]:342688455 [2]:7 [3]:56
[0]:559951755 [1]:343658592 [2]:7 [3]:20
[0]:561089273 [1]:344663078 [2]:7 [3]:18
[0]:562175309 [1]:345629087 [2]:7 [3]:61
[0]:563292879 [1]:346617523 [2]:7 [3]:22
[0]:564376430 [1]:347577283 [2]:7 [3]:25
[0]:565485010 [1]:348562979 [2]:7 [3]:16
[0]:566565737 [1]:349517215 [2]:7 [3]:17
[0]:567657471 [1]:350489092 [2]:7 [3]:18
[0]:568944829 [1]:351625367 [2]:7 [3]:18
[0]:570022249 [1]:352572994 [2]:7 [3]:55
[0]:571252637 [1]:353668745 [2]:7 [3]:15
[0]:572341630 [1]:354628255 [2]:7 [3]:16
[0]:573428356 [1]:355591659 [2]:7 [3]:14
[0]:574524530 [1]:356561365 [2]:7 [3]:14
[0]:576006747 [1]:357872450 [2]:7 [3]:60
[0]:577369128 [1]:359072958 [2]:7 [3]:51
[0]:578630803 [1]:360191989 [2]:7 [3]:62
[0]:580058136 [1]:361457122 [2]:7 [3]:18
[0]:581147191 [1]:362417397 [2]:7 [3]:58
[0]:582307241 [1]:363442843 [2]:7 [3]:14
[0]:583565007 [1]:364561066 [2]:7 [3]:63
[0]:584790908 [1]:365643034 [2]:7 [3]:58
[0]:586005560 [1]:366720748 [2]:7 [3]:62
[0]:587118833 [1]:367707710 [2]:7 [3]:18
[0]:588206166 [1]:368674437 [2]:7 [3]:20
[0]:589415489 [1]:369740921 [2]:7 [3]:16
[0]:590549280 [1]:370753689 [2]:7 [3]:12
[0]:591687018 [1]:371761713 [2]:7 [3]:18
[0]:592825396 [1]:372766357 [2]:7 [3]:17
[0]:593961408 [1]:373772100 [2]:7 [3]:21
[0]:595217871 [1]:374883952 [2]:7 [3]:54
[0]:596612907 [1]:376118349 [2]:7 [3]:15
[0]:597993525 [1]:377342824 [2]:7 [3]:50
[0]:599390202 [1]:378578881 [2]:7 [3]:59
[0]:600857587 [1]:379878029 [2]:7 [3]:23
[0]:602150309 [1]:381020154 [2]:7 [3]:25
[0]:603400230 [1]:382129878 [2]:7 [3]:17
[0]:604677860 [1]:383264544 [2]:7 [3]:16
[0]:605961300 [1]:384396903 [2]:7 [3]:59
[0]:607243418 [1]:385527919 [2]:7 [3]:17
[0]:608454687 [1]:386604107 [2]:7 [3]:19
[0]:609687619 [1]:387688224 [2]:7 [3]:17
[0]:610968799 [1]:388820956 [2]:7 [3]:24
[0]:612221288 [1]:389933575 [2]:7 [3]:22
[0]:613412516 [1]:390989490 [2]:7 [3]:52
[0]:614620102 [1]:392050926 [2]:7 [3]:17
[0]:615821211 [1]:393116105 [2]:7 [3]:19
[0]:617087530 [1]:394237408 [2]:7 [3]:18
[0]:618323576 [1]:395332149 [2]:7 [3]:58
[0]:619684477 [1]:396530314 [2]:7 [3]:56
[0]:620912432 [1]:397618956 [2]:7 [3]:15
[0]:622000750 [1]:398580532 [2]:7 [3]:18
[0]:623089709 [1]:399545609 [2]:7 [3]:56
[0]:624202314 [1]:400526684 [2]:7 [3]:20
[0]:625555224 [1]:401728608 [2]:7 [3]:13
[0]:626651846 [1]:402701962 [2]:7 [3]:18
[0]:627763587 [1]:403688129 [2]:7 [3]:17
[0]:628870015 [1]:404672701 [2]:7 [3]:20
[0]:629965255 [1]:405639231 [2]:7 [3]:17
[0]:631068772 [1]:406613881 [2]:7 [3]:18
[0]:632201101 [1]:407624786 [2]:7 [3]:56
[0]:633644395 [1]:408900161 [2]:7 [3]:20
[0]:634796233 [1]:409919919 [2]:7 [3]:18
[0]:635884721 [1]:410875140 [2]:7 [3]:57
[0]:636950643 [1]:411823085 [2]:7 [3]:54
[0]:638206429 [1]:412930076 [2]:7 [3]:53
[0]:639577814 [1]:414147493 [2]:7 [3]:10
[0]:640819885 [1]:415244047 [2]:7 [3]:15
[0]:642029532 [1]:416312846 [2]:7 [3]:16
[0]:643164508 [1]:417312809 [2]:7 [3]:21
[0]:644204846 [1]:418233594 [2]:7 [3]:24
[0]:645263030 [1]:419169085 [2]:7 [3]:12
[0]:646336562 [1]:420123182 [2]:7 [3]:60
[0]:647448433 [1]:421104384 [2]:7 [3]:17
[0]:648522927 [1]:422056318 [2]:7 [3]:17
[0]:649601559 [1]:423009556 [2]:7 [3]:60
[0]:650690175 [1]:423969156 [2]:7 [3]:16
[0]:651778940 [1]:424934220 [2]:7 [3]:15
[0]:652938341 [1]:425960749 [2]:7 [3]:12
[0]:654041356 [1]:426932939 [2]:7 [3]:14
[0]:655403114 [1]:428147342 [2]:7 [3]:18
[0]:656559870 [1]:429174985 [2]:7 [3]:54
[0]:657996677 [1]:430448427 [2]:7 [3]:17
[0]:659349978 [1]:431649729 [2]:7 [3]:59
[0]:660753030 [1]:432894105 [2]:7 [3]:20
[0]:661985435 [1]:433981696 [2]:7 [3]:15
[0]:663190008 [1]:435046191 [2]:7 [3]:15
[0]:664477039 [1]:436191663 [2]:7 [3]:20
[0]:665734267 [1]:437306473 [2]:7 [3]:16
[0]:666990408 [1]:438415710 [2]:7 [3]:20
[0]:668248646 [1]:439526130 [2]:7 [3]:15
[0]:669530039 [1]:440661915 [2]:7 [3]:18
[0]:670908971 [1]:441887332 [2]:7 [3]:14
[0]:672166691 [1]:442996041 [2]:7 [3]:12
[0]:673324656 [1]:444018460 [2]:7 [3]:15
[0]:674586156 [1]:445137361 [2]:7 [3]:16
[0]:675885611 [1]:446289349 [2]:7 [3]:23
[0]:677103825 [1]:447363683 [2]:7 [3]:14
[0]:678336968 [1]:448461962 [2]:7 [3]:18
[0]:679836369 [1]:449788280 [2]:7 [3]:55
[0]:681066515 [1]:450881597 [2]:7 [3]:19
[0]:682256447 [1]:451931598 [2]:7 [3]:56
[0]:683385257 [1]:452931672 [2]:7 [3]:15
[0]:684457278 [1]:453878557 [2]:7 [3]:18
[0]:685570146 [1]:454863495 [2]:7 [3]:11
[0]:686658935 [1]:455824728 [2]:7 [3]:21
[0]:688130421 [1]:457126270 [2]:7 [3]:13
[0]:689209556 [1]:458086781 [2]:7 [3]:62
[0]:690283808 [1]:459042439 [2]:7 [3]:17
[0]:691412658 [1]:460038421 [2]:7 [3]:17
[0]:692511326 [1]:461017790 [2]:7 [3]:24
[0]:693621697 [1]:461998929 [2]:7 [3]:18
[0]:694737813 [1]:462985412 [2]:7 [3]:21
[0]:695774629 [1]:463904860 [2]:7 [3]:18
[0]:696865789 [1]:464868647 [2]:7 [3]:16
[0]:697948893 [1]:465830016 [2]:7 [3]:19
[0]:699137977 [1]:466879608 [2]:7 [3]:17
[0]:700522815 [1]:468102233 [2]:7 [3]:23
[0]:702016929 [1]:469424793 [2]:7 [3]:16
[0]:703216326 [1]:470478551 [2]:7 [3]:57
[0]:704388568 [1]:471515351 [2]:7 [3]:13
[0]:705509861 [1]:472506752 [2]:7 [3]:18
[0]:706611627 [1]:473484214 [2]:7 [3]:16
[0]:707782114 [1]:474522980 [2]:7 [3]:54
[0]:708993927 [1]:475589527 [2]:7 [3]:17
[0]:710098682 [1]:476571143 [2]:7 [3]:58
[0]:711161818 [1]:477507902 [2]:7 [3]:24
[0]:712244221 [1]:478469504 [2]:7 [3]:56
[0]:713331334 [1]:479439036 [2]:7 [3]:21
[0]:714450436 [1]:480427873 [2]:7 [3]:20
[0]:715489282 [1]:481348986 [2]:7 [3]:61
[0]:716565273 [1]:482305465 [2]:7 [3]:15
[0]:717688893 [1]:483301613 [2]:7 [3]:18
[0]:718936476 [1]:484403852 [2]:7 [3]:52
[0]:720350093 [1]:485654351 [2]:7 [3]:56
[0]:721631636 [1]:486792386 [2]:7 [3]:19
[0]:723236457 [1]:488209389 [2]:7 [3]:17
[0]:724623535 [1]:489442711 [2]:7 [3]:11
[0]:725893631 [1]:490563904 [2]:7 [3]:59
[0]:727172775 [1]:491694121 [2]:7 [3]:17
[0]:728402984 [1]:492789581 [2]:7 [3]:59
[0]:729646838 [1]:493887781 [2]:7 [3]:59
[0]:730911807 [1]:495011361 [2]:7 [3]:11
[0]:732123682 [1]:496084571 [2]:7 [3]:16
[0]:733409291 [1]:497224292 [2]:7 [3]:18
[0]:734623350 [1]:498296605 [2]:7 [3]:54
[0]:735877070 [1]:499406266 [2]:7 [3]:13
[0]:737121323 [1]:500507020 [2]:7 [3]:16
[0]:738516614 [1]:501738370 [2]:7 [3]:55
[0]:739799788 [1]:502877235 [2]:7 [3]:16
[0]:741008219 [1]:503945799 [2]:7 [3]:16
[0]:742482906 [1]:505253810 [2]:7 [3]:18
[0]:743716996 [1]:506345709 [2]:7 [3]:18
[0]:744862706 [1]:507362976 [2]:7 [3]:12
[0]:745955860 [1]:508326404 [2]:7 [3]:18
[0]:747054885 [1]:509300988 [2]:7 [3]:16
[0]:748168370 [1]:510283449 [2]:7 [3]:20
[0]:749303051 [1]:511295722 [2]:7 [3]:13
[0]:750386046 [1]:512252432 [2]:7 [3]:12
[0]:751600165 [1]:513325867 [2]:7 [3]:15
[0]:752684890 [1]:514291432 [2]:7 [3]:22
[0]:754138771 [1]:515577880 [2]:7 [3]:18
[0]:755300158 [1]:516608279 [2]:7 [3]:20
[0]:756678083 [1]:517824892 [2]:7 [3]:52
[0]:758107286 [1]:519078814 [2]:7 [3]:52
[0]:759189076 [1]:520039262 [2]:7 [3]:21
[0]:760309151 [1]:521030503 [2]:7 [3]:17
[0]:761467213 [1]:522061861 [2]:7 [3]:20
[0]:763016029 [1]:523434410 [2]:7 [3]:18
[0]:764386316 [1]:524643145 [2]:7 [3]:9
[0]:765620257 [1]:525744115 [2]:7 [3]:16
[0]:766838458 [1]:526826184 [2]:7 [3]:13
[0]:767948826 [1]:527805390 [2]:7 [3]:20
[0]:769121104 [1]:528842088 [2]:7 [3]:19
[0]:770229716 [1]:529824269 [2]:7 [3]:16
[0]:771470914 [1]:530926854 [2]:7 [3]:10
[0]:772572093 [1]:531897370 [2]:7 [3]:20
[0]:773708119 [1]:532903372 [2]:7 [3]:61
[0]:775110326 [1]:534143494 [2]:7 [3]:19
[0]:776369769 [1]:535259580 [2]:7 [3]:19
[0]:777455812 [1]:536212855 [2]:7 [3]:17
[0]:778737965 [1]:537354120 [2]:7 [3]:54
[0]:779823748 [1]:538311387 [2]:7 [3]:59
[0]:780989545 [1]:539341172 [2]:7 [3]:20
[0]:782346940 [1]:540549914 [2]:7 [3]:54
[0]:783908486 [1]:541929356 [2]:7 [3]:50
[0]:785268927 [1]:543129299 [2]:7 [3]:19
[0]:786469138 [1]:544192719 [2]:7 [3]:20
[0]:787696914 [1]:545279283 [2]:7 [3]:11
[0]:788919290 [1]:546360215 [2]:7 [3]:21
[0]:790175668 [1]:547470056 [2]:7 [3]:15
[0]:791371152 [1]:548528462 [2]:7 [3]:18
[0]:792650925 [1]:549665396 [2]:7 [3]:59
[0]:793915018 [1]:550782085 [2]:7 [3]:13
[0]:795256329 [1]:551968987 [2]:7 [3]:53
[0]:796538525 [1]:553107678 [2]:7 [3]:54
[0]:797770273 [1]:554197142 [2]:7 [3]:17
[0]:798973080 [1]:555262533 [2]:7 [3]:19
[0]:800383845 [1]:556508285 [2]:7 [3]:22
[0]:801666934 [1]:557641381 [2]:7 [3]:15
[0]:802875162 [1]:558708822 [2]:7 [3]:15
[0]:804056814 [1]:559758622 [2]:7 [3]:56
[0]:805310314 [1]:560866921 [2]:7 [3]:17
[0]:806535472 [1]:561954040 [2]:7 [3]:18
[0]:807633151 [1]:562599087 [2]:7 [3]:14
[0]:808660831 [1]:563125880 [2]:7 [3]:14
[0]:809757379 [1]:563689113 [2]:7 [3]:12
[0]:810778097 [1]:564218830 [2]:7 [3]:19
[0]:812135183 [1]:564910218 [2]:7 [3]:20
[0]:813148264 [1]:565431492 [2]:7 [3]:8
[0]:814178006 [1]:565963261 [2]:7 [3]:8
[0]:815243105 [1]:566506309 [2]:7 [3]:15
[0]:816257577 [1]:567024644 [2]:7 [3]:47
[0]:817299302 [1]:567558639 [2]:7 [3]:10
[0]:818506868 [1]:568180923 [2]:7 [3]:49
[0]:819709859 [1]:568795458 [2]:7 [3]:14
[0]:820765254 [1]:569342187 [2]:7 [3]:13
[0]:821874991 [1]:569913251 [2]:7 [3]:9
[0]:823047385 [1]:570510090 [2]:7 [3]:51
[0]:824294769 [1]:571153677 [2]:7 [3]:8
[0]:825442103 [1]:571741557 [2]:7 [3]:35
[0]:826455609 [1]:572257311 [2]:7 [3]:12
[0]:827464636 [1]:572774438 [2]:7 [3]:52
[0]:828508052 [1]:573308961 [2]:7 [3]:11
[0]:829644005 [1]:573900153 [2]:7 [3]:12
[0]:830732375 [1]:574455424 [2]:7 [3]:14
[0]:831702676 [1]:574948144 [2]:7 [3]:18
[0]:832611710 [1]:575408984 [2]:7 [3]:16
[0]:833593304 [1]:575906584 [2]:7 [3]:13
[0]:834686101 [1]:576465121 [2]:7 [3]:18
[0]:835685246 [1]:576976064 [2]:7 [3]:13
[0]:836929332 [1]:577613885 [2]:7 [3]:49
[0]:837937504 [1]:578136138 [2]:7 [3]:13
[0]:838954982 [1]:578655233 [2]:7 [3]:11
[0]:840089617 [1]:579237917 [2]:7 [3]:16
[0]:841299416 [1]:579862923 [2]:7 [3]:51
[0]:842500813 [1]:580484384 [2]:7 [3]:10
[0]:843751955 [1]:581131901 [2]:7 [3]:9
[0]:844928739 [1]:581731236 [2]:7 [3]:18
[0]:846038875 [1]:582301794 [2]:7 [3]:13
[0]:847176416 [1]:582890850 [2]:7 [3]:15
[0]:848300719 [1]:583468869 [2]:7 [3]:13
[0]:849430761 [1]:584045154 [2]:7 [3]:52
[0]:850562614 [1]:584626141 [2]:7 [3]:13
[0]:851715687 [1]:585218815 [2]:7 [3]:50
[0]:852898615 [1]:585828984 [2]:7 [3]:47
[0]:854160122 [1]:586481776 [2]:7 [3]:12
[0]:855287648 [1]:587061913 [2]:7 [3]:29
[0]:856452193 [1]:587654458 [2]:7 [3]:12
[0]:857596741 [1]:588245442 [2]:7 [3]:13
[0]:858720196 [1]:588815924 [2]:7 [3]:54
[0]:859883639 [1]:589413774 [2]:7 [3]:8
[0]:860978746 [1]:589978239 [2]:7 [3]:51
[0]:862070517 [1]:590544581 [2]:7 [3]:61
[0]:863113774 [1]:591083869 [2]:7 [3]:10
[0]:864129997 [1]:591605896 [2]:7 [3]:52
[0]:865138157 [1]:592124250 [2]:7 [3]:51
[0]:866165794 [1]:592656775 [2]:7 [3]:54
[0]:867193116 [1]:593182102 [2]:7 [3]:13
[0]:868219954 [1]:593709273 [2]:7 [3]:22
[0]:869217246 [1]:594219345 [2]:7 [3]:15
[0]:870240791 [1]:594740194 [2]:7 [3]:10
[0]:871239505 [1]:595256710 [2]:7 [3]:13
[0]:872282392 [1]:595792297 [2]:7 [3]:14
[0]:873334123 [1]:596333234 [2]:7 [3]:14
[0]:874342378 [1]:596854125 [2]:7 [3]:13
[0]:875511627 [1]:597448795 [2]:7 [3]:47
[0]:876491643 [1]:597953214 [2]:7 [3]:10
[0]:877537001 [1]:598495334 [2]:7 [3]:14
[0]:878760736 [1]:599126687 [2]:7 [3]:50
[0]:880292238 [1]:599913704 [2]:7 [3]:48
[0]:881332818 [1]:600450262 [2]:7 [3]:14
[0]:882333380 [1]:600966008 [2]:7 [3]:50
[0]:883357224 [1]:601492670 [2]:7 [3]:51
[0]:884398132 [1]:602025583 [2]:7 [3]:51
[0]:885470320 [1]:602579502 [2]:7 [3]:13
[0]:886507766 [1]:603110534 [2]:7 [3]:54
[0]:887834429 [1]:603793922 [2]:7 [3]:13
[0]:888854639 [1]:604317822 [2]:7 [3]:11
[0]:889878876 [1]:604845117 [2]:7 [3]:18
[0]:890912685 [1]:605379768 [2]:7 [3]:11
[0]:891900520 [1]:605883744 [2]:7 [3]:15
[0]:892907463 [1]:606398999 [2]:7 [3]:50
[0]:893954970 [1]:606943915 [2]:7 [3]:51
[0]:895144172 [1]:607552298 [2]:7 [3]:10
[0]:896345700 [1]:608169609 [2]:7 [3]:51
[0]:897647225 [1]:608838686 [2]:7 [3]:12
[0]:899070681 [1]:609566875 [2]:7 [3]:56
[0]:900216442 [1]:610150715 [2]:7 [3]:13
[0]:901376223 [1]:610742245 [2]:7 [3]:14
[0]:902479152 [1]:611313319 [2]:7 [3]:8
[0]:903617087 [1]:611895934 [2]:7 [3]:12
[0]:904726075 [1]:612466656 [2]:7 [3]:13
[0]:905881458 [1]:613061675 [2]:7 [3]:18
[0]:907017660 [1]:613640751 [2]:7 [3]:8
[0]:908252878 [1]:614276242 [2]:7 [3]:14
[0]:909351301 [1]:614837544 [2]:7 [3]:52
[0]:910511868 [1]:615436354 [2]:7 [3]:13
[0]:911693189 [1]:616046547 [2]:7 [3]:13
[0]:912867701 [1]:616651622 [2]:7 [3]:50
[0]:913955540 [1]:617209622 [2]:7 [3]:16
[0]:915267748 [1]:617882213 [2]:7 [3]:14
[0]:916642305 [1]:618590857 [2]:7 [3]:9
[0]:917774136 [1]:619176399 [2]:7 [3]:14
[0]:918973113 [1]:619795443 [2]:7 [3]:8
[0]:919996071 [1]:620321671 [2]:7 [3]:44
[0]:921029086 [1]:620846916 [2]:7 [3]:47
[0]:922108402 [1]:621397657 [2]:7 [3]:12
[0]:923124025 [1]:621920658 [2]:7 [3]:50
[0]:924160218 [1]:622448162 [2]:7 [3]:20
[0]:925266968 [1]:623017046 [2]:7 [3]:14
[0]:926299256 [1]:623543262 [2]:7 [3]:48
[0]:927328431 [1]:624073743 [2]:7 [3]:46
[0]:928379520 [1]:624622300 [2]:7 [3]:11
[0]:929392804 [1]:625137987 [2]:7 [3]:15
[0]:930424776 [1]:625663479 [2]:7 [3]:19
[0]:931451032 [1]:626189912 [2]:7 [3]:15
[0]:932646196 [1]:626803674 [2]:7 [3]:14
[0]:933618477 [1]:627303040 [2]:7 [3]:10
[0]:934977541 [1]:627999554 [2]:7 [3]:9
[0]:936199682 [1]:628624641 [2]:7 [3]:15
[0]:937270935 [1]:629175917 [2]:7 [3]:17
[0]:938339425 [1]:629726790 [2]:7 [3]:11
[0]:939309294 [1]:630227251 [2]:7 [3]:48
[0]:940313039 [1]:630738266 [2]:7 [3]:12
[0]:941339301 [1]:631264747 [2]:7 [3]:16
[0]:942343729 [1]:631784892 [2]:7 [3]:18
[0]:943370220 [1]:632311976 [2]:7 [3]:23
[0]:944390268 [1]:632831084 [2]:7 [3]:10
[0]:945445257 [1]:633378171 [2]:7 [3]:8
[0]:946442743 [1]:633893627 [2]:7 [3]:36
[0]:947490745 [1]:634427835 [2]:7 [3]:53
[0]:948536870 [1]:634967002 [2]:7 [3]:9
[0]:949719743 [1]:635578383 [2]:7 [3]:59
[0]:950740312 [1]:636103394 [2]:7 [3]:11
[0]:951827245 [1]:636658700 [2]:7 [3]:50
[0]:953063815 [1]:637295477 [2]:7 [3]:61
[0]:954319679 [1]:637940017 [2]:7 [3]:55
[0]:955499451 [1]:638542848 [2]:7 [3]:9
[0]:956635761 [1]:639130861 [2]:7 [3]:16
[0]:957737535 [1]:639702148 [2]:7 [3]:8
[0]:958845046 [1]:640271077 [2]:7 [3]:53
[0]:960281352 [1]:641004760 [2]:7 [3]:50
[0]:961415774 [1]:641588877 [2]:7 [3]:10
[0]:962538854 [1]:642165452 [2]:7 [3]:14
[0]:963635560 [1]:642733257 [2]:7 [3]:14
[0]:964771481 [1]:643314438 [2]:7 [3]:52
[0]:965877033 [1]:643885508 [2]:7 [3]:55
[0]:967030229 [1]:644475310 [2]:7 [3]:12
[0]:968391106 [1]:645175334 [2]:7 [3]:12
[0]:969552601 [1]:645777360 [2]:7 [3]:17
[0]:970686357 [1]:646366140 [2]:7 [3]:12
[0]:971847121 [1]:646963920 [2]:7 [3]:9
[0]:973003066 [1]:647554739 [2]:7 [3]:16
[0]:974337201 [1]:648243468 [2]:7 [3]:52
[0]:975497127 [1]:648841567 [2]:7 [3]:16
[0]:976539435 [1]:649379604 [2]:7 [3]:12
[0]:977553532 [1]:649901171 [2]:7 [3]:9
[0]:978631515 [1]:650456894 [2]:7 [3]:56
[0]:979681135 [1]:650997128 [2]:7 [3]:13
[0]:980679248 [1]:651512904 [2]:7 [3]:8
[0]:981707046 [1]:652036251 [2]:7 [3]:15
[0]:982725101 [1]:652560630 [2]:7 [3]:13
[0]:983742464 [1]:653083884 [2]:7 [3]:60
[0]:984802234 [1]:653627165 [2]:7 [3]:12
[0]:985829832 [1]:654156256 [2]:7 [3]:13
[0]:986882591 [1]:654693189 [2]:7 [3]:10
[0]:987910016 [1]:655221949 [2]:7 [3]:6
[0]:988937847 [1]:655753906 [2]:7 [3]:52
[0]:989945648 [1]:656276313 [2]:7 [3]:52
[0]:991110970 [1]:656873275 [2]:7 [3]:14
[0]:992502621 [1]:657590242 [2]:7 [3]:11
[0]:993660497 [1]:658184338 [2]:7 [3]:11
[0]:994664778 [1]:658699360 [2]:7 [3]:29
[0]:995670215 [1]:659217614 [2]:7 [3]:54
[0]:996627094 [1]:659709876 [2]:7 [3]:13
[0]:997836635 [1]:660329833 [2]:7 [3]:9
[0]:998888859 [1]:660874691 [2]:7 [3]:9
[0]:999917127 [1]:661405000 [2]:7 [3]:17
[0]:1001017600 [1]:661977062 [2]:7 [3]:13
[0]:1002079268 [1]:662528541 [2]:7 [3]:23
[0]:1003098136 [1]:663045112 [2]:7 [3]:9
[0]:1004102903 [1]:663557847 [2]:7 [3]:12
[0]:1005116321 [1]:664075181 [2]:7 [3]:18
[0]:1006178053 [1]:664619765 [2]:7 [3]:10
[0]:1007182603 [1]:665141149 [2]:7 [3]:10
[0]:1008268435 [1]:665698795 [2]:7 [3]:51
[0]:1009583010 [1]:666376580 [2]:7 [3]:53
[0]:1010816440 [1]:667015133 [2]:7 [3]:53
[0]:1012001177 [1]:667625550 [2]:7 [3]:48
[0]:1013473163 [1]:668389468 [2]:7 [3]:13
[0]:1014618415 [1]:668978878 [2]:7 [3]:50
[0]:1015772564 [1]:669574534 [2]:7 [3]:11
[0]:1016883613 [1]:670141701 [2]:7 [3]:14
[0]:1018018793 [1]:670724006 [2]:7 [3]:12
[0]:1019111544 [1]:671287562 [2]:7 [3]:9
[0]:1020278977 [1]:671891251 [2]:7 [3]:50
[0]:1021416461 [1]:672479989 [2]:7 [3]:15
[0]:1022662853 [1]:673124582 [2]:7 [3]:12
[0]:1023735403 [1]:673681374 [2]:7 [3]:14
[0]:1024861219 [1]:674263468 [2]:7 [3]:13
[0]:1025994609 [1]:674850319 [2]:7 [3]:51
[0]:1027117712 [1]:675425090 [2]:7 [3]:13
[0]:1028227488 [1]:675999369 [2]:7 [3]:50
[0]:1029329727 [1]:676564341 [2]:7 [3]:17
[0]:1030456393 [1]:677143567 [2]:7 [3]:12
[0]:1031543417 [1]:677706496 [2]:7 [3]:50
[0]:1032776555 [1]:678341561 [2]:7 [3]:15
[0]:1033823497 [1]:678878477 [2]:7 [3]:18
[0]:1034816889 [1]:679384988 [2]:7 [3]:13
[0]:1035829460 [1]:679905852 [2]:7 [3]:13
[0]:1036850596 [1]:680430805 [2]:7 [3]:15
[0]:1037847101 [1]:680946431 [2]:7 [3]:12
[0]:1038856192 [1]:681470561 [2]:7 [3]:56
[0]:1039899966 [1]:682008932 [2]:7 [3]:11
[0]:1040921179 [1]:682533264 [2]:7 [3]:15
[0]:1042163410 [1]:683173439 [2]:7 [3]:54
[0]:1043209993 [1]:683709996 [2]:7 [3]:14
[0]:1044206504 [1]:684224984 [2]:7 [3]:10
[0]:1045195127 [1]:684729368 [2]:7 [3]:14
[0]:1046289095 [1]:685290641 [2]:7 [3]:50
[0]:1047559453 [1]:685944674 [2]:7 [3]:51
[0]:1048761798 [1]:686559691 [2]:7 [3]:30
[0]:1049801947 [1]:687094341 [2]:7 [3]:11
[0]:1050832307 [1]:687625643 [2]:7 [3]:14
[0]:1051865024 [1]:688151120 [2]:7 [3]:12
[0]:1052912727 [1]:688687946 [2]:7 [3]:52
[0]:1053924379 [1]:689209448 [2]:7 [3]:11
[0]:1054943994 [1]:689736035 [2]:7 [3]:20
[0]:1055957421 [1]:690259146 [2]:7 [3]:14
[0]:1057171014 [1]:690884728 [2]:7 [3]:10
[0]:1058167056 [1]:691398900 [2]:7 [3]:18
[0]:1059219611 [1]:691936934 [2]:7 [3]:17
[0]:1060247048 [1]:692467749 [2]:7 [3]:11
[0]:1061314062 [1]:693015695 [2]:7 [3]:52
[0]:1062311805 [1]:693528639 [2]:7 [3]:17
[0]:1063345333 [1]:694060524 [2]:7 [3]:13
[0]:1064723427 [1]:694769658 [2]:7 [3]:7
[0]:1065901440 [1]:695376611 [2]:7 [3]:35
[0]:1067188971 [1]:696043188 [2]:7 [3]:9
[0]:1068289377 [1]:696607166 [2]:7 [3]:52
[0]:1069461025 [1]:697206371 [2]:7 [3]:11
[0]:1070570131 [1]:697774223 [2]:7 [3]:7
[0]:1071644968 [1]:698326227 [2]:7 [3]:53
[0]:1072793211 [1]:698918486 [2]:7 [3]:12
[0]:1073926160 [1]:699499735 [2]:7 [3]:12
[0]:1075202082 [1]:700155327 [2]:7 [3]:12
[0]:1076606893 [1]:700880343 [2]:7 [3]:54
[0]:1077683610 [1]:701434317 [2]:7 [3]:14
[0]:1078843401 [1]:702030932 [2]:7 [3]:49
[0]:1079999119 [1]:702623702 [2]:7 [3]:50
[0]:1081104392 [1]:703187408 [2]:7 [3]:11
[0]:1082281235 [1]:703794549 [2]:7 [3]:55
[0]:1083394931 [1]:704369355 [2]:7 [3]:12
[0]:1084520290 [1]:704946086 [2]:7 [3]:11
[0]:1085643876 [1]:705529719 [2]:7 [3]:50
[0]:1086673513 [1]:706060646 [2]:7 [3]:53
[0]:1087727960 [1]:706609839 [2]:7 [3]:13
[0]:1088704807 [1]:707116252 [2]:7 [3]:30
[0]:1089723460 [1]:707641693 [2]:7 [3]:15
[0]:1090719791 [1]:708153520 [2]:7 [3]:14
[0]:1091709009 [1]:708669072 [2]:7 [3]:7
[0]:1092707351 [1]:709184706 [2]:7 [3]:17
[0]:1093797724 [1]:709745312 [2]:7 [3]:11
[0]:1094796525 [1]:710255586 [2]:7 [3]:14
[0]:1095872476 [1]:710806584 [2]:7 [3]:12
[0]:1096879553 [1]:711321191 [2]:7 [3]:49
[0]:1097863348 [1]:711828511 [2]:7 [3]:10
[0]:1098885076 [1]:712354885 [2]:7 [3]:53
[0]:1099955310 [1]:712906322 [2]:7 [3]:12
[0]:1101034180 [1]:713465341 [2]:7 [3]:52
[0]:1102069387 [1]:713998373 [2]:7 [3]:13
[0]:1103321307 [1]:714647232 [2]:7 [3]:16
[0]:1104532793 [1]:715271154 [2]:7 [3]:52
[0]:1105850048 [1]:715954106 [2]:7 [3]:52
[0]:1106906958 [1]:716503478 [2]:7 [3]:9
[0]:1108126910 [1]:717132532 [2]:7 [3]:13
[0]:1109170261 [1]:717670224 [2]:7 [3]:11
[0]:1110151289 [1]:718170864 [2]:7 [3]:57
[0]:1111192227 [1]:718707564 [2]:7 [3]:15
[0]:1112221293 [1]:719239128 [2]:7 [3]:16
[0]:1113227124 [1]:719757742 [2]:7 [3]:11
[0]:1114219246 [1]:720270985 [2]:7 [3]:15
[0]:1115266724 [1]:720810846 [2]:7 [3]:56
[0]:1116453439 [1]:721423800 [2]:7 [3]:20
[0]:1117586400 [1]:722012404 [2]:7 [3]:9
[0]:1118590104 [1]:722530329 [2]:7 [3]:51
[0]:1119621497 [1]:723056491 [2]:7 [3]:15
[0]:1120719562 [1]:723621158 [2]:7 [3]:11
[0]:1122270265 [1]:724419409 [2]:7 [3]:56
[0]:1123862542 [1]:725235578 [2]:7 [3]:11
[0]:1124998744 [1]:725820978 [2]:7 [3]:10
[0]:1126076895 [1]:726374801 [2]:7 [3]:18
[0]:1127188572 [1]:726946042 [2]:7 [3]:11
[0]:1128321086 [1]:727526158 [2]:7 [3]:8
[0]:1129471324 [1]:728115694 [2]:7 [3]:17
[0]:1130623993 [1]:728702147 [2]:7 [3]:48
[0]:1131729268 [1]:729276877 [2]:7 [3]:58
[0]:1132865811 [1]:729864338 [2]:7 [3]:16
[0]:1134252670 [1]:730578221 [2]:7 [3]:12
[0]:1135327275 [1]:731128372 [2]:7 [3]:15
[0]:1136487217 [1]:731727659 [2]:7 [3]:51
[0]:1137624151 [1]:732310581 [2]:7 [3]:12
[0]:1138778401 [1]:732903544 [2]:7 [3]:54
[0]:1139906750 [1]:733485837 [2]:7 [3]:10
[0]:1141031868 [1]:734060162 [2]:7 [3]:13
[0]:1142166915 [1]:734643727 [2]:7 [3]:17
[0]:1143211223 [1]:735181904 [2]:7 [3]:17
[0]:1144342864 [1]:735767822 [2]:7 [3]:51
[0]:1145322582 [1]:736270239 [2]:7 [3]:14
[0]:1146318272 [1]:736782227 [2]:7 [3]:10
[0]:1147311029 [1]:737292003 [2]:7 [3]:10
[0]:1148324262 [1]:737816486 [2]:7 [3]:16
[0]:1149403892 [1]:738365351 [2]:7 [3]:13
[0]:1150412191 [1]:738887401 [2]:7 [3]:15
[0]:1151396146 [1]:739397313 [2]:7 [3]:58
[0]:1152427620 [1]:739932831 [2]:7 [3]:10
[0]:1153458452 [1]:740463318 [2]:7 [3]:34
[0]:1154478620 [1]:740987750 [2]:7 [3]:12
[0]:1155449441 [1]:741491227 [2]:7 [3]:15
[0]:1156449853 [1]:742003424 [2]:7 [3]:9
[0]:1157424411 [1]:742503770 [2]:7 [3]:48
[0]:1158430318 [1]:743025544 [2]:7 [3]:13
[0]:1160005065 [1]:743838178 [2]:7 [3]:51
[0]:1161276998 [1]:744490516 [2]:7 [3]:13
[0]:1162394648 [1]:745063620 [2]:7 [3]:15
[0]:1163412456 [1]:745588182 [2]:7 [3]:9
[0]:1164369744 [1]:746081558 [2]:7 [3]:15
[0]:1165338389 [1]:746576415 [2]:7 [3]:56
[0]:1166281151 [1]:747061121 [2]:7 [3]:14
[0]:1167271540 [1]:747572414 [2]:7 [3]:17
[0]:1168249281 [1]:748077286 [2]:7 [3]:55
[0]:1169220533 [1]:748569482 [2]:7 [3]:55
[0]:1170212193 [1]:749078979 [2]:7 [3]:12
[0]:1171288603 [1]:749635911 [2]:7 [3]:17
[0]:1172286752 [1]:750152881 [2]:7 [3]:14
[0]:1173313851 [1]:750681852 [2]:7 [3]:13
[0]:1174273768 [1]:751174307 [2]:7 [3]:48
[0]:1175398027 [1]:751753981 [2]:7 [3]:49
[0]:1176686727 [1]:752416032 [2]:7 [3]:27
[0]:1178602183 [1]:753401234 [2]:7 [3]:48
[0]:1179805808 [1]:754020856 [2]:7 [3]:11
[0]:1181307343 [1]:754785971 [2]:7 [3]:12
[0]:1182465826 [1]:755384084 [2]:7 [3]:12
[0]:1183629019 [1]:755984027 [2]:7 [3]:9
[0]:1184807956 [1]:756592237 [2]:7 [3]:17
[0]:1185937472 [1]:757170886 [2]:7 [3]:57
[0]:1187068968 [1]:757751243 [2]:7 [3]:13
[0]:1188202458 [1]:758342461 [2]:7 [3]:12
[0]:1189356903 [1]:758938643 [2]:7 [3]:10
[0]:1190474634 [1]:759513061 [2]:7 [3]:58
[0]:1191586499 [1]:760082365 [2]:7 [3]:14
[0]:1192698506 [1]:760652850 [2]:7 [3]:49
[0]:1193822635 [1]:761229077 [2]:7 [3]:13
[0]:1194983544 [1]:761830390 [2]:7 [3]:13
[0]:1196084316 [1]:762391341 [2]:7 [3]:10
[0]:1196236095 [1]:762468618 [2]:7 [3]:52
[0]:1196236095 [1]:762468618 [2]:7 [3]:52
[0]:1196236095 [1]:762468618 [2]:7 [3]:52
[0]:1196236095 [1]:762468618 [2]:7 [3]:52
[0]:1196236095 [1]:762468618 [2]:7 [3]:52
[0]:1196236095 [1]:762468618 [2]:7 [3]:52
[0]:1196236095 [1]:762468618 [2]:7 [3]:52
[0]:1196236095 [1]:762468618 [2]:7 [3]:52
[0]:1196236095 [1]:762468618 [2]:7 [3]:52
                                                                                                                              [0]:1196236095 [1]:762468618 [2]:7 [3]:52
[0]:1196236095 [1]:762468618 [2]:7 [3]:52
[0]:1196236095 [1]:762468618 [2]:7 [3]:52
[0]:1196236095 [1]:762468618 [2]:7 [3]:52
[0]:1196236095 [1]:762468618 [2]:7 [3]:52
[0]:1196236095 [1]:762468618 [2]:7 [3]:52
[0]:1196236095 [1]:762468618 [2]:7 [3]:52
