[0]:0 [1]:0 [2]:0 [3]:0
[0]:0 [1]:0 [2]:0 [3]:0
[0]:0 [1]:0 [2]:0 [3]:0
[0]:0 [1]:0 [2]:0 [3]:0
[0]:637849 [1]:0 [2]:0 [3]:11
[0]:2297912 [1]:0 [2]:0 [3]:11
[0]:4170974 [1]:0 [2]:0 [3]:11
[0]:5900736 [1]:0 [2]:0 [3]:33
[0]:7575256 [1]:0 [2]:0 [3]:32
[0]:9247576 [1]:0 [2]:0 [3]:10
[0]:10937909 [1]:0 [2]:0 [3]:33
[0]:12965189 [1]:0 [2]:0 [3]:10
[0]:14590140 [1]:0 [2]:0 [3]:8
[0]:16286706 [1]:0 [2]:0 [3]:6
[0]:17886878 [1]:558624 [2]:7 [3]:16
[0]:19009768 [1]:1143708 [2]:7 [3]:10
[0]:20260279 [1]:1783991 [2]:7 [3]:16
[0]:21422049 [1]:2379790 [2]:7 [3]:9
[0]:22623305 [1]:2993802 [2]:7 [3]:17
[0]:23722278 [1]:3555757 [2]:7 [3]:15
[0]:24899671 [1]:4157540 [2]:7 [3]:11
[0]:25905265 [1]:4675157 [2]:7 [3]:9
[0]:26899402 [1]:5180137 [2]:7 [3]:11
[0]:27878635 [1]:5684436 [2]:7 [3]:12
[0]:28941894 [1]:6225184 [2]:7 [3]:11
[0]:29921495 [1]:6725890 [2]:7 [3]:11
[0]:31007530 [1]:7280891 [2]:7 [3]:13
[0]:32020811 [1]:7803985 [2]:7 [3]:50
[0]:33146272 [1]:8383177 [2]:7 [3]:11
[0]:34096445 [1]:8869787 [2]:7 [3]:13
[0]:35093284 [1]:9380442 [2]:7 [3]:53
[0]:36388621 [1]:10043877 [2]:7 [3]:9
[0]:37373505 [1]:10545497 [2]:7 [3]:8
[0]:38376124 [1]:11056264 [2]:7 [3]:58
[0]:39423196 [1]:11591586 [2]:7 [3]:55
[0]:40674077 [1]:12231965 [2]:7 [3]:12
[0]:41892016 [1]:12852793 [2]:7 [3]:10
[0]:43083694 [1]:13456721 [2]:7 [3]:11
[0]:44439460 [1]:14148188 [2]:7 [3]:52
[0]:45545900 [1]:14713504 [2]:7 [3]:14
[0]:46651987 [1]:15281878 [2]:7 [3]:13
[0]:47774703 [1]:15856277 [2]:7 [3]:12
[0]:48931114 [1]:16446848 [2]:7 [3]:17
[0]:50009378 [1]:16997676 [2]:7 [3]:12
[0]:51111223 [1]:17560460 [2]:7 [3]:14
[0]:52146062 [1]:18089825 [2]:7 [3]:56
[0]:53293798 [1]:18677510 [2]:7 [3]:16
[0]:54479645 [1]:19281339 [2]:7 [3]:13
[0]:55645293 [1]:19873008 [2]:7 [3]:14
[0]:56844894 [1]:20484276 [2]:7 [3]:13
[0]:57948428 [1]:21048023 [2]:7 [3]:50
[0]:59037695 [1]:21607852 [2]:7 [3]:15
[0]:60084156 [1]:22143605 [2]:7 [3]:18
[0]:61079440 [1]:22660015 [2]:7 [3]:14
[0]:62057088 [1]:23160093 [2]:7 [3]:53
[0]:63061682 [1]:23676301 [2]:7 [3]:52
[0]:64055203 [1]:24187758 [2]:7 [3]:13
[0]:65104666 [1]:24723871 [2]:7 [3]:11
[0]:66091857 [1]:25228544 [2]:7 [3]:12
[0]:67444564 [1]:25916552 [2]:7 [3]:11
[0]:68512403 [1]:26457188 [2]:7 [3]:12
[0]:69525691 [1]:26977423 [2]:7 [3]:12
[0]:70824237 [1]:27642570 [2]:7 [3]:53
[0]:71855134 [1]:28174348 [2]:7 [3]:18
[0]:72883439 [1]:28699498 [2]:7 [3]:12
[0]:74044803 [1]:29294394 [2]:7 [3]:22
[0]:75256732 [1]:29909942 [2]:7 [3]:47
[0]:76613560 [1]:30605503 [2]:7 [3]:59
[0]:77638389 [1]:31128264 [2]:7 [3]:9
[0]:78620135 [1]:31631002 [2]:7 [3]:49
[0]:79613290 [1]:32137013 [2]:7 [3]:14
[0]:80582644 [1]:32633971 [2]:7 [3]:14
[0]:81571178 [1]:33141620 [2]:7 [3]:16
[0]:82561259 [1]:33649637 [2]:7 [3]:57
[0]:83597745 [1]:34179602 [2]:7 [3]:11
[0]:84599055 [1]:34694750 [2]:7 [3]:14
[0]:85600637 [1]:35204367 [2]:7 [3]:10
[0]:86642715 [1]:35738198 [2]:7 [3]:12
[0]:87656221 [1]:36260549 [2]:7 [3]:12
[0]:88696186 [1]:36788056 [2]:7 [3]:16
[0]:90007849 [1]:37457186 [2]:7 [3]:12
[0]:91029602 [1]:37976011 [2]:7 [3]:9
[0]:92255396 [1]:38603321 [2]:7 [3]:12
[0]:93735249 [1]:39359388 [2]:7 [3]:17
[0]:94814493 [1]:39909088 [2]:7 [3]:11
[0]:95803191 [1]:40408673 [2]:7 [3]:10
[0]:96775045 [1]:40907877 [2]:7 [3]:12
[0]:97775392 [1]:41419318 [2]:7 [3]:50
[0]:98769790 [1]:41927316 [2]:7 [3]:12
[0]:99773805 [1]:42438397 [2]:7 [3]:45
[0]:100777397 [1]:42950677 [2]:7 [3]:12
[0]:101798440 [1]:43470618 [2]:7 [3]:49
[0]:102848975 [1]:44009750 [2]:7 [3]:9
[0]:103877249 [1]:44533679 [2]:7 [3]:8
[0]:105038775 [1]:45125869 [2]:7 [3]:15
[0]:106037533 [1]:45633928 [2]:7 [3]:14
[0]:107041664 [1]:46145368 [2]:7 [3]:15
[0]:108062923 [1]:46670293 [2]:7 [3]:11
[0]:109275074 [1]:47288835 [2]:7 [3]:12
[0]:110596703 [1]:47962127 [2]:7 [3]:53
[0]:111858315 [1]:48604788 [2]:7 [3]:56
[0]:113091706 [1]:49233005 [2]:7 [3]:17
[0]:114312148 [1]:49854902 [2]:7 [3]:10
[0]:115419009 [1]:50420141 [2]:7 [3]:12
[0]:116523256 [1]:50982209 [2]:7 [3]:56
[0]:117559637 [1]:51516410 [2]:7 [3]:10
[0]:118600640 [1]:52048358 [2]:7 [3]:14
[0]:119605466 [1]:52570962 [2]:7 [3]:18
[0]:120603766 [1]:53084669 [2]:7 [3]:12
[0]:121605600 [1]:53598024 [2]:7 [3]:53
[0]:122649615 [1]:54131786 [2]:7 [3]:17
[0]:123894940 [1]:54766198 [2]:7 [3]:21
[0]:124861849 [1]:55256662 [2]:7 [3]:47
[0]:125869469 [1]:55770261 [2]:7 [3]:9
[0]:126834566 [1]:56264291 [2]:7 [3]:10
[0]:127826271 [1]:56772506 [2]:7 [3]:10
[0]:128812043 [1]:57279135 [2]:7 [3]:10
[0]:130043384 [1]:57905702 [2]:7 [3]:57
[0]:131263030 [1]:58531364 [2]:7 [3]:54
[0]:132525913 [1]:59174394 [2]:7 [3]:15
[0]:133674684 [1]:59756193 [2]:7 [3]:15
[0]:134678005 [1]:60269146 [2]:7 [3]:13
[0]:135721783 [1]:60804655 [2]:7 [3]:11
[0]:136751288 [1]:61330645 [2]:7 [3]:57
[0]:137779943 [1]:61857353 [2]:7 [3]:10
[0]:138758079 [1]:62355856 [2]:7 [3]:12
[0]:139785968 [1]:62882480 [2]:7 [3]:53
[0]:140824286 [1]:63415066 [2]:7 [3]:11
[0]:141817150 [1]:63918284 [2]:7 [3]:9
[0]:142822072 [1]:64431782 [2]:7 [3]:51
[0]:144013650 [1]:65040441 [2]:7 [3]:11
[0]:145002762 [1]:65550791 [2]:7 [3]:10
[0]:145984177 [1]:66053736 [2]:7 [3]:50
[0]:147026679 [1]:66584298 [2]:7 [3]:10
[0]:148240156 [1]:67202098 [2]:7 [3]:51
[0]:149513389 [1]:67856299 [2]:7 [3]:52
[0]:150547704 [1]:68387719 [2]:7 [3]:48
[0]:151574759 [1]:68913163 [2]:7 [3]:17
[0]:152571918 [1]:69424364 [2]:7 [3]:11
[0]:153559345 [1]:69935871 [2]:7 [3]:15
[0]:154574006 [1]:70452698 [2]:7 [3]:56
[0]:155557338 [1]:70956380 [2]:7 [3]:51
[0]:156542636 [1]:71466424 [2]:7 [3]:49
[0]:157565171 [1]:71990892 [2]:7 [3]:11
[0]:158565642 [1]:72503585 [2]:7 [3]:16
[0]:159592600 [1]:73028171 [2]:7 [3]:9
[0]:160836247 [1]:73663902 [2]:7 [3]:9
[0]:161813227 [1]:74160792 [2]:7 [3]:14
[0]:162839900 [1]:74687993 [2]:7 [3]:50
[0]:163975539 [1]:75268380 [2]:7 [3]:53
[0]:165209217 [1]:75895414 [2]:7 [3]:13
[0]:166422896 [1]:76513794 [2]:7 [3]:12
[0]:167628458 [1]:77130710 [2]:7 [3]:9
[0]:168803208 [1]:77734545 [2]:7 [3]:11
[0]:169911595 [1]:78303983 [2]:7 [3]:51
[0]:171097512 [1]:78909534 [2]:7 [3]:14
[0]:172111786 [1]:79425143 [2]:7 [3]:15
[0]:173184928 [1]:79973072 [2]:7 [3]:14
[0]:174248337 [1]:80516540 [2]:7 [3]:14
[0]:175400225 [1]:81111670 [2]:7 [3]:51
[0]:176432490 [1]:81642349 [2]:7 [3]:49
[0]:177401884 [1]:82136787 [2]:7 [3]:55
[0]:178394606 [1]:82644072 [2]:7 [3]:12
[0]:179685496 [1]:83306194 [2]:7 [3]:19
[0]:180669777 [1]:83813185 [2]:7 [3]:12
[0]:181707319 [1]:84345359 [2]:7 [3]:9
[0]:182731140 [1]:84865667 [2]:7 [3]:49
[0]:183757372 [1]:85392762 [2]:7 [3]:14
[0]:184774352 [1]:85910591 [2]:7 [3]:11
[0]:185825877 [1]:86446847 [2]:7 [3]:14
[0]:187077608 [1]:87086664 [2]:7 [3]:14
[0]:188323364 [1]:87722597 [2]:7 [3]:13
[0]:189384610 [1]:88267849 [2]:7 [3]:51
[0]:190536214 [1]:88850397 [2]:7 [3]:12
[0]:191563576 [1]:89377373 [2]:7 [3]:9
[0]:192614072 [1]:89916778 [2]:7 [3]:13
[0]:193586392 [1]:90414123 [2]:7 [3]:54
[0]:194716209 [1]:90993489 [2]:7 [3]:51
[0]:195727657 [1]:91511930 [2]:7 [3]:51
[0]:196729646 [1]:92020445 [2]:7 [3]:9
[0]:197726641 [1]:92525644 [2]:7 [3]:50
[0]:198728459 [1]:93042954 [2]:7 [3]:17
[0]:199804205 [1]:93594633 [2]:7 [3]:56
[0]:200782327 [1]:94096228 [2]:7 [3]:17
[0]:201804583 [1]:94618541 [2]:7 [3]:14
[0]:202862598 [1]:95164199 [2]:7 [3]:18
[0]:204011265 [1]:95752934 [2]:7 [3]:16
[0]:205258346 [1]:96387408 [2]:7 [3]:9
[0]:206460225 [1]:96998678 [2]:7 [3]:10
[0]:207575071 [1]:97572247 [2]:7 [3]:13
[0]:208591824 [1]:98094073 [2]:7 [3]:14
[0]:209616811 [1]:98617621 [2]:7 [3]:56
[0]:210665228 [1]:99155261 [2]:7 [3]:48
[0]:211717274 [1]:99692216 [2]:7 [3]:9
[0]:212761950 [1]:100224207 [2]:7 [3]:11
[0]:213760859 [1]:100734818 [2]:7 [3]:14
[0]:214765899 [1]:101245437 [2]:7 [3]:50
[0]:215793165 [1]:101771442 [2]:7 [3]:16
[0]:216834355 [1]:102301950 [2]:7 [3]:13
[0]:217856117 [1]:102825012 [2]:7 [3]:50
[0]:218906673 [1]:103364123 [2]:7 [3]:14
[0]:219912842 [1]:103879564 [2]:7 [3]:49
[0]:221087063 [1]:104481743 [2]:7 [3]:48
[0]:222393848 [1]:105149766 [2]:7 [3]:51
[0]:223821084 [1]:105873838 [2]:7 [3]:16
[0]:224996832 [1]:106474617 [2]:7 [3]:13
[0]:226102449 [1]:107040547 [2]:7 [3]:10
[0]:227280096 [1]:107640461 [2]:7 [3]:49
[0]:228277559 [1]:108153088 [2]:7 [3]:16
[0]:229299080 [1]:108678691 [2]:7 [3]:50
