[0]:0 [1]:0 [2]:0 [3]:0
[0]:115445 [1]:0 [2]:0 [3]:79
[0]:420951 [1]:0 [2]:0 [3]:52
[0]:640235 [1]:0 [2]:0 [3]:319
[0]:868524 [1]:0 [2]:0 [3]:74
[0]:1103641 [1]:6183 [2]:120 [3]:361
[0]:1300200 [1]:28353 [2]:120 [3]:74
[0]:1498733 [1]:50635 [2]:120 [3]:74
[0]:1711823 [1]:74723 [2]:120 [3]:81
[0]:1974069 [1]:104426 [2]:120 [3]:55
[0]:2235769 [1]:133926 [2]:120 [3]:369
[0]:2434075 [1]:156429 [2]:120 [3]:381
[0]:2636674 [1]:179348 [2]:83 [3]:73
[0]:2838122 [1]:202164 [2]:83 [3]:363
[0]:3031547 [1]:223920 [2]:83 [3]:67
[0]:3261926 [1]:249981 [2]:83 [3]:362
[0]:3459548 [1]:272255 [2]:83 [3]:357
[0]:3658448 [1]:294732 [2]:83 [3]:64
[0]:3879572 [1]:319625 [2]:83 [3]:56
[0]:4074562 [1]:341587 [2]:83 [3]:57
[0]:4282083 [1]:365113 [2]:76 [3]:74
[0]:4482777 [1]:387671 [2]:76 [3]:367
[0]:4688706 [1]:410889 [2]:76 [3]:364
[0]:4887129 [1]:433255 [2]:76 [3]:61
[0]:5085403 [1]:455646 [2]:76 [3]:367
[0]:5284257 [1]:477977 [2]:76 [3]:367
[0]:5519975 [1]:504508 [2]:76 [3]:77
[0]:5724167 [1]:527409 [2]:76 [3]:68
[0]:5926432 [1]:550262 [2]:76 [3]:356
[0]:6134364 [1]:573760 [2]:76 [3]:370
[0]:6332948 [1]:596036 [2]:76 [3]:60
[0]:6599013 [1]:625945 [2]:76 [3]:69
[0]:6786087 [1]:647017 [2]:76 [3]:377
[0]:6980931 [1]:668995 [2]:76 [3]:373
[0]:7186692 [1]:692277 [2]:75 [3]:70
[0]:7381400 [1]:714194 [2]:75 [3]:352
[0]:7591280 [1]:737909 [2]:75 [3]:59
[0]:7789634 [1]:760347 [2]:75 [3]:355
[0]:8017351 [1]:786558 [2]:75 [3]:365
[0]:8219134 [1]:809292 [2]:75 [3]:62
[0]:8432938 [1]:833307 [2]:75 [3]:66
[0]:8639206 [1]:856632 [2]:75 [3]:72
[0]:8843732 [1]:879760 [2]:75 [3]:64
[0]:9081132 [1]:906475 [2]:75 [3]:65
[0]:9283016 [1]:929203 [2]:75 [3]:69
[0]:9568061 [1]:961208 [2]:75 [3]:63
[0]:9773803 [1]:984617 [2]:75 [3]:63
[0]:9979685 [1]:1007867 [2]:75 [3]:75
[0]:10174610 [1]:1029741 [2]:75 [3]:74
[0]:10380449 [1]:1052994 [2]:75 [3]:373
[0]:10575765 [1]:1074909 [2]:75 [3]:55
[0]:10773480 [1]:1097194 [2]:75 [3]:369
[0]:11047519 [1]:1128147 [2]:75 [3]:67
[0]:11275708 [1]:1153808 [2]:75 [3]:359
[0]:11474191 [1]:1176083 [2]:75 [3]:62
[0]:11684032 [1]:1199669 [2]:75 [3]:69
[0]:11880178 [1]:1221846 [2]:74 [3]:66
[0]:12095793 [1]:1246222 [2]:74 [3]:73
[0]:12294297 [1]:1268612 [2]:74 [3]:62
[0]:12496504 [1]:1291462 [2]:74 [3]:361
[0]:12702611 [1]:1314569 [2]:74 [3]:66
[0]:12902975 [1]:1337197 [2]:74 [3]:361
[0]:13097802 [1]:1359104 [2]:74 [3]:56
[0]:13307704 [1]:1382911 [2]:74 [3]:71
[0]:13496372 [1]:1404169 [2]:74 [3]:67
[0]:13702222 [1]:1427452 [2]:74 [3]:67
[0]:13900843 [1]:1449775 [2]:74 [3]:67
[0]:14106693 [1]:1472927 [2]:74 [3]:55
[0]:14297780 [1]:1494398 [2]:74 [3]:67
[0]:14515178 [1]:1518892 [2]:74 [3]:55
[0]:14715895 [1]:1541611 [2]:74 [3]:364
[0]:14915791 [1]:1564127 [2]:74 [3]:51
[0]:15185490 [1]:1594462 [2]:74 [3]:361
[0]:15384067 [1]:1616841 [2]:74 [3]:66
[0]:15582388 [1]:1639286 [2]:74 [3]:361
[0]:15784704 [1]:1662022 [2]:74 [3]:65
[0]:15974404 [1]:1683380 [2]:74 [3]:359
[0]:16181517 [1]:1706842 [2]:74 [3]:69
[0]:16386383 [1]:1729974 [2]:74 [3]:365
[0]:16656637 [1]:1760491 [2]:74 [3]:366
[0]:16851867 [1]:1782537 [2]:74 [3]:362
[0]:17054260 [1]:1805194 [2]:74 [3]:360
[0]:17314608 [1]:1834993 [2]:74 [3]:374
[0]:17514103 [1]:1857523 [2]:74 [3]:59
[0]:17716501 [1]:1880263 [2]:74 [3]:64
[0]:17905703 [1]:1901702 [2]:74 [3]:54
[0]:18109572 [1]:1924805 [2]:74 [3]:70
[0]:18306306 [1]:1946989 [2]:74 [3]:48
[0]:18499099 [1]:1968714 [2]:74 [3]:368
[0]:18700175 [1]:1991299 [2]:74 [3]:363
[0]:18899750 [1]:2013891 [2]:74 [3]:71
[0]:19099451 [1]:2036437 [2]:74 [3]:62
[0]:19291343 [1]:2058063 [2]:74 [3]:366
[0]:19487212 [1]:2080124 [2]:74 [3]:360
[0]:19688837 [1]:2102990 [2]:74 [3]:68
[0]:19895341 [1]:2126266 [2]:74 [3]:74
[0]:20112244 [1]:2150831 [2]:74 [3]:361
[0]:20311239 [1]:2173329 [2]:74 [3]:365
[0]:20505848 [1]:2195357 [2]:74 [3]:64
[0]:20699973 [1]:2217261 [2]:74 [3]:359
[0]:20905409 [1]:2240605 [2]:74 [3]:66
[0]:21108452 [1]:2263465 [2]:74 [3]:71
[0]:21333221 [1]:2288798 [2]:74 [3]:70
[0]:21535523 [1]:2311626 [2]:74 [3]:362
[0]:21734141 [1]:2333902 [2]:74 [3]:59
[0]:21928935 [1]:2355921 [2]:74 [3]:366
[0]:22123287 [1]:2378093 [2]:74 [3]:365
[0]:22321740 [1]:2400357 [2]:74 [3]:357
[0]:22523889 [1]:2423308 [2]:74 [3]:354
[0]:22728902 [1]:2446360 [2]:74 [3]:355
[0]:22932390 [1]:2469328 [2]:74 [3]:366
[0]:23149432 [1]:2493757 [2]:74 [3]:57
[0]:23354603 [1]:2517154 [2]:74 [3]:363
[0]:23560368 [1]:2540348 [2]:74 [3]:57
[0]:23751963 [1]:2561983 [2]:74 [3]:383
[0]:23953621 [1]:2585217 [2]:74 [3]:368
[0]:24154588 [1]:2607915 [2]:74 [3]:368
[0]:24385315 [1]:2633824 [2]:74 [3]:51
[0]:24575256 [1]:2655245 [2]:74 [3]:73
[0]:24784878 [1]:2678974 [2]:74 [3]:53
[0]:24979636 [1]:2700868 [2]:74 [3]:76
[0]:25249484 [1]:2731270 [2]:74 [3]:62
[0]:25447108 [1]:2753612 [2]:74 [3]:74
[0]:25650060 [1]:2776538 [2]:74 [3]:370
[0]:25856018 [1]:2799690 [2]:74 [3]:352
[0]:26054470 [1]:2822079 [2]:74 [3]:55
[0]:26260375 [1]:2845256 [2]:74 [3]:365
[0]:26455152 [1]:2867181 [2]:74 [3]:59
[0]:26649835 [1]:2889183 [2]:74 [3]:362
[0]:26888616 [1]:2916232 [2]:74 [3]:369
[0]:27097877 [1]:2939779 [2]:74 [3]:354
[0]:27297448 [1]:2962528 [2]:74 [3]:65
[0]:27508318 [1]:2986347 [2]:74 [3]:62
[0]:27705193 [1]:3008638 [2]:74 [3]:59
[0]:27967165 [1]:3038204 [2]:74 [3]:76
[0]:28162154 [1]:3060199 [2]:74 [3]:367
[0]:28396634 [1]:3086592 [2]:74 [3]:48
[0]:28590821 [1]:3108581 [2]:74 [3]:60
[0]:28791382 [1]:3131111 [2]:74 [3]:60
[0]:29019767 [1]:3156908 [2]:74 [3]:63
[0]:29225162 [1]:3180047 [2]:74 [3]:65
[0]:29415581 [1]:3201527 [2]:74 [3]:363
[0]:29635242 [1]:3226255 [2]:74 [3]:69
[0]:29832485 [1]:3248400 [2]:74 [3]:44
[0]:30030277 [1]:3270717 [2]:74 [3]:366
[0]:30233259 [1]:3293594 [2]:74 [3]:354
[0]:30427885 [1]:3315524 [2]:74 [3]:355
[0]:30629736 [1]:3339698 [2]:74 [3]:62
[0]:30835155 [1]:3375150 [2]:74 [3]:358
[0]:31033229 [1]:3409165 [2]:74 [3]:60
[0]:31227472 [1]:3442625 [2]:74 [3]:353
[0]:31433102 [1]:3477888 [2]:74 [3]:68
[0]:31643771 [1]:3514108 [2]:74 [3]:365
[0]:31847625 [1]:3549206 [2]:74 [3]:361
[0]:32042070 [1]:3582535 [2]:91 [3]:368
[0]:32236977 [1]:3616089 [2]:91 [3]:365
[0]:32436043 [1]:3650402 [2]:91 [3]:55
[0]:32654405 [1]:3688049 [2]:91 [3]:366
[0]:32860184 [1]:3723295 [2]:91 [3]:355
[0]:33060405 [1]:3757686 [2]:91 [3]:77
[0]:33249183 [1]:3790005 [2]:91 [3]:366
[0]:33445873 [1]:3823721 [2]:91 [3]:363
[0]:33644779 [1]:3858008 [2]:91 [3]:64
[0]:33835439 [1]:3890699 [2]:91 [3]:68
[0]:34102256 [1]:3936590 [2]:105 [3]:361
[0]:34294917 [1]:3969850 [2]:105 [3]:357
[0]:34507941 [1]:4006514 [2]:105 [3]:54
[0]:34709605 [1]:4041056 [2]:105 [3]:363
[0]:34915200 [1]:4076517 [2]:105 [3]:364
[0]:35120568 [1]:4111870 [2]:105 [3]:363
[0]:35322304 [1]:4146658 [2]:105 [3]:367
[0]:35520249 [1]:4180685 [2]:105 [3]:362
[0]:35715689 [1]:4214175 [2]:105 [3]:361
[0]:35929159 [1]:4250907 [2]:107 [3]:62
[0]:36128972 [1]:4285278 [2]:107 [3]:363
[0]:36330770 [1]:4319973 [2]:107 [3]:368
[0]:36529000 [1]:4354122 [2]:107 [3]:68
[0]:36727156 [1]:4388115 [2]:107 [3]:362
[0]:36936255 [1]:4424107 [2]:107 [3]:66
[0]:37160478 [1]:4462740 [2]:107 [3]:359
[0]:37358155 [1]:4496860 [2]:107 [3]:362
[0]:37560084 [1]:4531560 [2]:107 [3]:67
[0]:37757942 [1]:4565746 [2]:107 [3]:354
[0]:38000362 [1]:4607424 [2]:108 [3]:358
[0]:38206241 [1]:4642807 [2]:108 [3]:365
[0]:38437878 [1]:4682719 [2]:108 [3]:68
[0]:38635706 [1]:4717022 [2]:108 [3]:362
