[0]:137592871 [1]:22673596 [2]:146 [3]:362
[0]:137795784 [1]:22703707 [2]:146 [3]:369
[0]:137997765 [1]:22733783 [2]:146 [3]:359
[0]:138209589 [1]:22765243 [2]:146 [3]:363
[0]:138415388 [1]:22795762 [2]:146 [3]:362
[0]:138620378 [1]:22826173 [2]:146 [3]:367
[0]:138860846 [1]:22861893 [2]:146 [3]:365
[0]:139081376 [1]:22894562 [2]:146 [3]:366
[0]:139307224 [1]:22928183 [2]:146 [3]:361
[0]:139518949 [1]:22959529 [2]:146 [3]:366
[0]:139727511 [1]:22990659 [2]:146 [3]:76
[0]:139954969 [1]:23024372 [2]:146 [3]:363
[0]:140161124 [1]:23055025 [2]:146 [3]:87
[0]:140366026 [1]:23085486 [2]:146 [3]:361
[0]:140575431 [1]:23116574 [2]:146 [3]:364
[0]:140793961 [1]:23149049 [2]:146 [3]:360
[0]:141011358 [1]:23181293 [2]:146 [3]:365
[0]:141217033 [1]:23211880 [2]:146 [3]:360
[0]:141468634 [1]:23249353 [2]:146 [3]:364
[0]:141689056 [1]:23281977 [2]:146 [3]:366
[0]:141898828 [1]:23313138 [2]:146 [3]:363
[0]:142104034 [1]:23343578 [2]:146 [3]:84
[0]:142308772 [1]:23373927 [2]:146 [3]:368
[0]:142513723 [1]:23404344 [2]:146 [3]:371
[0]:142714684 [1]:23434156 [2]:146 [3]:359
[0]:142940500 [1]:23467696 [2]:146 [3]:370
[0]:143148079 [1]:23498550 [2]:146 [3]:360
[0]:143356983 [1]:23529573 [2]:146 [3]:367
[0]:143585544 [1]:23563444 [2]:146 [3]:360
[0]:143778940 [1]:23592095 [2]:146 [3]:367
[0]:143987627 [1]:23622953 [2]:146 [3]:369
[0]:144249343 [1]:23661743 [2]:146 [3]:363
[0]:144444869 [1]:23690708 [2]:146 [3]:364
[0]:144653785 [1]:23721752 [2]:146 [3]:364
[0]:144852762 [1]:23751186 [2]:146 [3]:364
[0]:145079309 [1]:23784709 [2]:146 [3]:373
[0]:145288347 [1]:23815712 [2]:146 [3]:368
[0]:145497249 [1]:23846652 [2]:146 [3]:367
[0]:145705978 [1]:23877595 [2]:146 [3]:371
[0]:145906345 [1]:23907322 [2]:146 [3]:365
[0]:146105814 [1]:23936889 [2]:146 [3]:367
[0]:146315594 [1]:23967903 [2]:146 [3]:369
[0]:146522002 [1]:23998477 [2]:146 [3]:362
[0]:146731089 [1]:24029478 [2]:146 [3]:368
[0]:146944417 [1]:24061186 [2]:146 [3]:364
[0]:147174459 [1]:24095387 [2]:146 [3]:367
[0]:147376913 [1]:24125474 [2]:146 [3]:361
[0]:147582034 [1]:24155935 [2]:146 [3]:364
[0]:147786821 [1]:24186442 [2]:146 [3]:362
[0]:147995825 [1]:24217413 [2]:146 [3]:372
[0]:148192724 [1]:24246611 [2]:146 [3]:357
[0]:148401586 [1]:24277554 [2]:146 [3]:363
[0]:148618385 [1]:24309708 [2]:146 [3]:368
[0]:148819403 [1]:24339522 [2]:146 [3]:361
[0]:149021623 [1]:24369573 [2]:146 [3]:90
[0]:149233099 [1]:24400865 [2]:146 [3]:73
[0]:149442680 [1]:24431977 [2]:146 [3]:366
[0]:149647062 [1]:24462238 [2]:146 [3]:368
[0]:149848037 [1]:24492091 [2]:146 [3]:355
[0]:150060361 [1]:24523537 [2]:146 [3]:364
[0]:150257281 [1]:24552767 [2]:146 [3]:365
[0]:150486580 [1]:24586791 [2]:146 [3]:362
[0]:150687567 [1]:24616599 [2]:146 [3]:367
[0]:150888647 [1]:24646380 [2]:146 [3]:361
[0]:151081678 [1]:24675023 [2]:146 [3]:372
[0]:151290073 [1]:24705893 [2]:146 [3]:358
[0]:151514840 [1]:24739283 [2]:146 [3]:368
[0]:151749192 [1]:24774189 [2]:146 [3]:358
[0]:151952565 [1]:24804319 [2]:146 [3]:371
[0]:152165351 [1]:24835892 [2]:146 [3]:363
[0]:152378216 [1]:24867428 [2]:146 [3]:368
[0]:152590973 [1]:24898984 [2]:146 [3]:369
[0]:152787307 [1]:24928148 [2]:146 [3]:363
[0]:152997238 [1]:24959191 [2]:146 [3]:360
