[0]:76068395 [1]:11059233 [2]:116 [3]:363
[0]:76279491 [1]:11090584 [2]:116 [3]:361
[0]:76484454 [1]:11121021 [2]:116 [3]:358
[0]:76709086 [1]:11154388 [2]:116 [3]:362
[0]:76938417 [1]:11188449 [2]:120 [3]:367
[0]:77154838 [1]:11220621 [2]:120 [3]:368
[0]:77368391 [1]:11252412 [2]:120 [3]:360
[0]:77571171 [1]:11282625 [2]:120 [3]:360
[0]:77800378 [1]:11316680 [2]:120 [3]:361
[0]:78043360 [1]:11352718 [2]:120 [3]:358
[0]:78249769 [1]:11383499 [2]:120 [3]:371
[0]:78462589 [1]:11415059 [2]:120 [3]:367
[0]:78667628 [1]:11445452 [2]:120 [3]:367
[0]:78908049 [1]:11481094 [2]:120 [3]:366
[0]:79113651 [1]:11511522 [2]:120 [3]:363
[0]:79329469 [1]:11543565 [2]:120 [3]:363
[0]:79538447 [1]:11574557 [2]:120 [3]:366
[0]:79774256 [1]:11609639 [2]:120 [3]:368
[0]:79987492 [1]:11641250 [2]:120 [3]:374
[0]:80218659 [1]:11675519 [2]:120 [3]:360
[0]:80426764 [1]:11706419 [2]:120 [3]:365
[0]:80636932 [1]:11737734 [2]:122 [3]:352
[0]:80844386 [1]:11768532 [2]:122 [3]:367
[0]:81048120 [1]:11798840 [2]:122 [3]:370
[0]:81252535 [1]:11829202 [2]:122 [3]:369
[0]:81515230 [1]:11868279 [2]:122 [3]:364
[0]:81717427 [1]:11898391 [2]:122 [3]:360
[0]:81933652 [1]:11930527 [2]:122 [3]:84
[0]:82131394 [1]:11959862 [2]:122 [3]:367
[0]:82336451 [1]:11990287 [2]:122 [3]:357
[0]:82563212 [1]:12023934 [2]:122 [3]:367
[0]:82773981 [1]:12055220 [2]:122 [3]:368
[0]:82981349 [1]:12086006 [2]:122 [3]:353
[0]:83182671 [1]:12115930 [2]:122 [3]:82
[0]:83380744 [1]:12145416 [2]:122 [3]:370
[0]:83585524 [1]:12176004 [2]:122 [3]:373
[0]:83794873 [1]:12207098 [2]:122 [3]:84
[0]:83999438 [1]:12237484 [2]:122 [3]:367
[0]:84212233 [1]:12269050 [2]:124 [3]:364
[0]:84414939 [1]:12299276 [2]:124 [3]:360
[0]:84617959 [1]:12329411 [2]:124 [3]:364
[0]:84832580 [1]:12361286 [2]:124 [3]:371
[0]:85039721 [1]:12391994 [2]:124 [3]:364
[0]:85248645 [1]:12422950 [2]:124 [3]:366
[0]:85453453 [1]:12453383 [2]:124 [3]:78
[0]:85664650 [1]:12484765 [2]:124 [3]:375
[0]:85863397 [1]:12514312 [2]:124 [3]:363
[0]:86072181 [1]:12545320 [2]:124 [3]:366
[0]:86273078 [1]:12575223 [2]:124 [3]:371
[0]:86481827 [1]:12606248 [2]:124 [3]:367
[0]:86685965 [1]:12636667 [2]:124 [3]:367
[0]:86891998 [1]:12667224 [2]:124 [3]:79
[0]:87108911 [1]:12699493 [2]:124 [3]:373
[0]:87315646 [1]:12730309 [2]:124 [3]:361
[0]:87525862 [1]:12761699 [2]:124 [3]:74
[0]:87734779 [1]:12792830 [2]:126 [3]:368
[0]:87947699 [1]:12824392 [2]:126 [3]:368
[0]:88191435 [1]:12860899 [2]:126 [3]:373
[0]:88435948 [1]:12897238 [2]:126 [3]:358
[0]:88649587 [1]:12929036 [2]:126 [3]:359
[0]:88849720 [1]:12958758 [2]:126 [3]:76
[0]:89062518 [1]:12990351 [2]:126 [3]:364
[0]:89262344 [1]:13020015 [2]:126 [3]:368
[0]:89496154 [1]:13054710 [2]:126 [3]:362
[0]:89693144 [1]:13083876 [2]:126 [3]:349
[0]:89894146 [1]:13113718 [2]:126 [3]:358
[0]:90099070 [1]:13144164 [2]:126 [3]:89
[0]:90307821 [1]:13175322 [2]:126 [3]:81
[0]:90510679 [1]:13205421 [2]:126 [3]:363
[0]:90730601 [1]:13238142 [2]:126 [3]:359
[0]:90940754 [1]:13269322 [2]:126 [3]:365
[0]:91143119 [1]:13299352 [2]:126 [3]:364
[0]:91371937 [1]:13333355 [2]:128 [3]:371
[0]:91580836 [1]:13364352 [2]:128 [3]:71
