[0]:91787883 [1]:13394946 [2]:128 [3]:286
[0]:92035959 [1]:13452277 [2]:128 [3]:360
[0]:92256070 [1]:13503147 [2]:128 [3]:363
[0]:92472488 [1]:13553160 [2]:128 [3]:65
[0]:92663046 [1]:13597229 [2]:128 [3]:358
[0]:92853573 [1]:13641216 [2]:128 [3]:362
[0]:93077302 [1]:13692846 [2]:128 [3]:369
[0]:93272035 [1]:13737816 [2]:128 [3]:361
[0]:93469224 [1]:13783353 [2]:128 [3]:359
[0]:93663042 [1]:13828077 [2]:128 [3]:360
[0]:93861931 [1]:13874033 [2]:128 [3]:53
[0]:94099945 [1]:13929048 [2]:128 [3]:355
[0]:94286587 [1]:13972176 [2]:131 [3]:361
[0]:94480381 [1]:14016935 [2]:131 [3]:356
[0]:94689323 [1]:14065125 [2]:131 [3]:60
[0]:94898842 [1]:14113465 [2]:131 [3]:360
[0]:95092788 [1]:14158339 [2]:131 [3]:361
[0]:95290529 [1]:14204062 [2]:131 [3]:360
[0]:95495777 [1]:14251462 [2]:131 [3]:358
[0]:95697492 [1]:14297981 [2]:131 [3]:361
[0]:95895352 [1]:14343666 [2]:131 [3]:352
[0]:96093091 [1]:14389425 [2]:131 [3]:365
[0]:96302353 [1]:14437753 [2]:131 [3]:55
[0]:96492476 [1]:14481644 [2]:131 [3]:58
[0]:96694099 [1]:14528233 [2]:131 [3]:363
[0]:96917287 [1]:14579770 [2]:131 [3]:358
[0]:97108323 [1]:14623884 [2]:133 [3]:59
[0]:97307760 [1]:14669907 [2]:133 [3]:63
[0]:97504144 [1]:14715172 [2]:133 [3]:70
[0]:97701980 [1]:14760846 [2]:133 [3]:364
[0]:97896070 [1]:14805648 [2]:133 [3]:52
[0]:98091610 [1]:14850838 [2]:133 [3]:366
[0]:98287928 [1]:14896171 [2]:133 [3]:364
[0]:98485804 [1]:14941822 [2]:133 [3]:359
[0]:98681756 [1]:14987085 [2]:133 [3]:356
[0]:98868642 [1]:15030330 [2]:133 [3]:358
[0]:99097828 [1]:15083277 [2]:133 [3]:53
[0]:99321096 [1]:15134827 [2]:133 [3]:359
[0]:99508442 [1]:15178142 [2]:133 [3]:363
[0]:99701317 [1]:15222695 [2]:133 [3]:358
[0]:99902697 [1]:15269190 [2]:135 [3]:364
[0]:100097527 [1]:15314271 [2]:135 [3]:362
[0]:100347378 [1]:15371959 [2]:135 [3]:365
[0]:100534883 [1]:15415288 [2]:135 [3]:361
[0]:100732192 [1]:15460909 [2]:135 [3]:349
[0]:100934119 [1]:15507588 [2]:135 [3]:363
[0]:101132042 [1]:15553251 [2]:135 [3]:353
[0]:101318606 [1]:15596399 [2]:135 [3]:361
[0]:101512580 [1]:15641262 [2]:135 [3]:368
[0]:101710532 [1]:15687017 [2]:135 [3]:360
[0]:101952789 [1]:15743021 [2]:135 [3]:366
[0]:102169554 [1]:15793066 [2]:135 [3]:364
[0]:102359986 [1]:15837058 [2]:135 [3]:360
[0]:102594946 [1]:15891379 [2]:135 [3]:362
[0]:102796552 [1]:15937965 [2]:137 [3]:60
[0]:102996044 [1]:15983949 [2]:137 [3]:362
[0]:103199396 [1]:16030975 [2]:137 [3]:59
[0]:103390033 [1]:16075077 [2]:137 [3]:363
[0]:103591593 [1]:16121662 [2]:137 [3]:366
[0]:103802636 [1]:16170457 [2]:137 [3]:364
[0]:103998029 [1]:16215641 [2]:137 [3]:56
[0]:104196122 [1]:16261417 [2]:137 [3]:66
[0]:104412334 [1]:16311379 [2]:137 [3]:355
[0]:104621359 [1]:16359688 [2]:137 [3]:355
[0]:104814624 [1]:16404421 [2]:137 [3]:60
[0]:105004898 [1]:16448324 [2]:137 [3]:64
[0]:105211546 [1]:16496009 [2]:137 [3]:363
[0]:105395699 [1]:16538598 [2]:137 [3]:65
[0]:105624982 [1]:16591629 [2]:139 [3]:61
[0]:105819753 [1]:16636574 [2]:139 [3]:361
[0]:106017646 [1]:16682269 [2]:139 [3]:359
[0]:106221233 [1]:16729302 [2]:139 [3]:364
[0]:106410465 [1]:16773055 [2]:139 [3]:358
[0]:106610174 [1]:16819296 [2]:139 [3]:367
