[0]:808823769 [1]:573585398 [2]:7 [3]:48
[0]:809869220 [1]:574140973 [2]:6 [3]:13
[0]:810880684 [1]:574684514 [2]:7 [3]:14
[0]:811884585 [1]:575220897 [2]:7 [3]:13
[0]:812895698 [1]:575758640 [2]:6 [3]:11
[0]:813904296 [1]:576298434 [2]:7 [3]:15
[0]:814915184 [1]:576841091 [2]:6 [3]:11
[0]:815889433 [1]:577361376 [2]:7 [3]:14
[0]:816895364 [1]:577900749 [2]:7 [3]:52
[0]:817870749 [1]:578420728 [2]:7 [3]:9
[0]:818873451 [1]:578954841 [2]:7 [3]:14
[0]:819888196 [1]:579494821 [2]:7 [3]:9
[0]:820946069 [1]:580058201 [2]:7 [3]:17
[0]:822124905 [1]:580682433 [2]:7 [3]:14
[0]:823365313 [1]:581346831 [2]:7 [3]:10
[0]:824896912 [1]:582164556 [2]:7 [3]:13
[0]:825997193 [1]:582748328 [2]:7 [3]:57
[0]:827148035 [1]:583362491 [2]:6 [3]:58
[0]:828282222 [1]:583965785 [2]:7 [3]:10
[0]:829411012 [1]:584567196 [2]:7 [3]:3
[0]:830519214 [1]:585159297 [2]:7 [3]:15
[0]:831728804 [1]:585803223 [2]:7 [3]:17
[0]:832847762 [1]:586398570 [2]:7 [3]:13
[0]:833990005 [1]:587006856 [2]:7 [3]:9
[0]:835098857 [1]:587596011 [2]:6 [3]:14
[0]:836225225 [1]:588195520 [2]:7 [3]:17
[0]:837402559 [1]:588821905 [2]:7 [3]:15
[0]:838566673 [1]:589445923 [2]:7 [3]:52
[0]:839714592 [1]:590062335 [2]:7 [3]:12
[0]:840825059 [1]:590658358 [2]:7 [3]:11
[0]:842033525 [1]:591301502 [2]:7 [3]:10
[0]:843169524 [1]:591905017 [2]:7 [3]:8
[0]:844314371 [1]:592513260 [2]:7 [3]:48
[0]:845300799 [1]:593038488 [2]:7 [3]:51
[0]:846300060 [1]:593569652 [2]:7 [3]:59
[0]:847348627 [1]:594127248 [2]:7 [3]:11
[0]:848375941 [1]:594670600 [2]:7 [3]:13
[0]:849352941 [1]:595189906 [2]:6 [3]:28
[0]:850371357 [1]:595733792 [2]:7 [3]:57
[0]:851375033 [1]:596270185 [2]:7 [3]:11
[0]:852367047 [1]:596799626 [2]:6 [3]:51
[0]:853337718 [1]:597316856 [2]:7 [3]:16
[0]:854493945 [1]:597934228 [2]:7 [3]:54
[0]:855514197 [1]:598480814 [2]:7 [3]:50
[0]:856499004 [1]:599003595 [2]:7 [3]:53
[0]:857508234 [1]:599538893 [2]:7 [3]:11
[0]:858581146 [1]:600110902 [2]:7 [3]:38
[0]:859660679 [1]:600686141 [2]:7 [3]:56
[0]:860940072 [1]:601364124 [2]:7 [3]:11
[0]:862193177 [1]:602030020 [2]:7 [3]:13
[0]:863257425 [1]:602600548 [2]:6 [3]:37
[0]:864329004 [1]:603166188 [2]:7 [3]:52
[0]:865511916 [1]:603797182 [2]:7 [3]:13
[0]:866586017 [1]:604373197 [2]:7 [3]:10
[0]:867671000 [1]:604948739 [2]:7 [3]:14
[0]:868771098 [1]:605539640 [2]:7 [3]:10
[0]:869865826 [1]:606125935 [2]:7 [3]:51
[0]:870969785 [1]:606713517 [2]:7 [3]:16
[0]:872021282 [1]:607272553 [2]:7 [3]:17
[0]:872995212 [1]:607789746 [2]:7 [3]:54
[0]:873991907 [1]:608322258 [2]:7 [3]:13
[0]:874986648 [1]:608852127 [2]:7 [3]:10
[0]:875942274 [1]:609361714 [2]:7 [3]:14
[0]:877010884 [1]:609928365 [2]:7 [3]:11
[0]:878361583 [1]:610647884 [2]:6 [3]:55
[0]:879592754 [1]:611299474 [2]:6 [3]:10
[0]:880968490 [1]:612035146 [2]:7 [3]:11
[0]:882085035 [1]:612633181 [2]:7 [3]:12
[0]:883241146 [1]:613254599 [2]:7 [3]:12
[0]:884365503 [1]:613855863 [2]:7 [3]:54
[0]:885496831 [1]:614459456 [2]:7 [3]:55
[0]:886651094 [1]:615075734 [2]:7 [3]:12
[0]:887812050 [1]:615694025 [2]:7 [3]:22
[0]:888935263 [1]:616295842 [2]:7 [3]:12
[0]:890375012 [1]:617067842 [2]:7 [3]:9
[0]:891566485 [1]:617701227 [2]:7 [3]:20
[0]:892749880 [1]:618330518 [2]:7 [3]:51
[0]:893992924 [1]:618992596 [2]:7 [3]:11
[0]:895142787 [1]:619603471 [2]:7 [3]:13
[0]:896337022 [1]:620243401 [2]:7 [3]:16
[0]:897410062 [1]:620818664 [2]:7 [3]:52
[0]:898557084 [1]:621425272 [2]:7 [3]:48
[0]:899630810 [1]:622002323 [2]:7 [3]:19
[0]:900614514 [1]:622525576 [2]:7 [3]:15
[0]:901574725 [1]:623037902 [2]:6 [3]:13
[0]:902682147 [1]:623627426 [2]:7 [3]:13
[0]:903697249 [1]:624170902 [2]:6 [3]:9
[0]:904691735 [1]:624703186 [2]:7 [3]:48
[0]:905691829 [1]:625236939 [2]:6 [3]:53
[0]:906663564 [1]:625749751 [2]:6 [3]:15
[0]:907693741 [1]:626296825 [2]:7 [3]:53
[0]:908685887 [1]:626827656 [2]:7 [3]:55
[0]:909666279 [1]:627349780 [2]:7 [3]:15
[0]:910681824 [1]:627892168 [2]:6 [3]:52
[0]:911686074 [1]:628429270 [2]:7 [3]:9
[0]:912712716 [1]:628975389 [2]:7 [3]:14
[0]:913740459 [1]:629523176 [2]:7 [3]:11
[0]:914759332 [1]:630060161 [2]:7 [3]:19
[0]:916098844 [1]:630775743 [2]:7 [3]:55
[0]:917493813 [1]:631516536 [2]:7 [3]:9
[0]:918602248 [1]:632107418 [2]:7 [3]:16
[0]:919649412 [1]:632664546 [2]:7 [3]:56
[0]:920662858 [1]:633205000 [2]:7 [3]:9
[0]:921679828 [1]:633747726 [2]:7 [3]:57
[0]:922676868 [1]:634280065 [2]:7 [3]:49
[0]:923753404 [1]:634856214 [2]:6 [3]:37
[0]:924964641 [1]:635501649 [2]:7 [3]:17
[0]:925979038 [1]:636038697 [2]:7 [3]:49
[0]:926933317 [1]:636547443 [2]:7 [3]:11
[0]:927910676 [1]:637073609 [2]:7 [3]:12
[0]:928902780 [1]:637598933 [2]:7 [3]:12
[0]:930114696 [1]:638246348 [2]:7 [3]:48
[0]:931199171 [1]:638826973 [2]:7 [3]:8
[0]:932237535 [1]:639377159 [2]:7 [3]:11
[0]:933516994 [1]:640053772 [2]:7 [3]:17
[0]:934810040 [1]:640742749 [2]:7 [3]:10
[0]:936025293 [1]:641391913 [2]:7 [3]:47
[0]:937298747 [1]:642068280 [2]:7 [3]:10
[0]:938481813 [1]:642699440 [2]:7 [3]:14
[0]:939643298 [1]:643318481 [2]:7 [3]:51
[0]:940751787 [1]:643909309 [2]:7 [3]:54
[0]:941893653 [1]:644518839 [2]:7 [3]:11
[0]:942990706 [1]:645103322 [2]:7 [3]:53
[0]:944156233 [1]:645726258 [2]:6 [3]:48
[0]:945332653 [1]:646351120 [2]:7 [3]:17
[0]:946459306 [1]:646949491 [2]:6 [3]:9
[0]:947565815 [1]:647539212 [2]:7 [3]:59
[0]:948688680 [1]:648134187 [2]:7 [3]:54
[0]:949901314 [1]:648781651 [2]:7 [3]:12
[0]:951173925 [1]:649458907 [2]:7 [3]:11
[0]:952284486 [1]:650055526 [2]:7 [3]:14
[0]:953442690 [1]:650670930 [2]:7 [3]:12
[0]:954593752 [1]:651285075 [2]:7 [3]:13
[0]:955693575 [1]:651874566 [2]:7 [3]:54
[0]:956794374 [1]:652464004 [2]:7 [3]:16
[0]:957809652 [1]:653008810 [2]:7 [3]:9
[0]:958864932 [1]:653572082 [2]:7 [3]:10
[0]:959869978 [1]:654109889 [2]:7 [3]:10
[0]:960908785 [1]:654661664 [2]:7 [3]:17
[0]:962049468 [1]:655270268 [2]:7 [3]:11
[0]:963031401 [1]:655792041 [2]:7 [3]:11
[0]:964025747 [1]:656321989 [2]:7 [3]:14
[0]:965051744 [1]:656866926 [2]:7 [3]:14
[0]:966013165 [1]:657383287 [2]:7 [3]:43
[0]:967056990 [1]:657936699 [2]:7 [3]:17
[0]:968096037 [1]:658488072 [2]:7 [3]:13
[0]:969043703 [1]:658999319 [2]:7 [3]:14
[0]:970028160 [1]:659523956 [2]:7 [3]:14
[0]:971042681 [1]:660068538 [2]:6 [3]:14
[0]:972208725 [1]:660689637 [2]:7 [3]:16
[0]:973596319 [1]:661432026 [2]:7 [3]:14
[0]:975093581 [1]:662232938 [2]:7 [3]:14
[0]:976148725 [1]:662799821 [2]:7 [3]:12
[0]:977162446 [1]:663342999 [2]:7 [3]:13
[0]:978674404 [1]:664148841 [2]:7 [3]:56
[0]:979693389 [1]:664694450 [2]:7 [3]:15
[0]:980675310 [1]:665221319 [2]:7 [3]:61
[0]:981703875 [1]:665774405 [2]:7 [3]:9
[0]:982770309 [1]:666346355 [2]:7 [3]:10
[0]:983793002 [1]:666893776 [2]:7 [3]:20
[0]:984801713 [1]:667434950 [2]:6 [3]:10
[0]:985796166 [1]:667962905 [2]:7 [3]:11
[0]:986822813 [1]:668515265 [2]:6 [3]:16
[0]:987912479 [1]:669101303 [2]:7 [3]:16
[0]:989095725 [1]:669727982 [2]:7 [3]:12
[0]:990482609 [1]:670469301 [2]:7 [3]:56
[0]:991732167 [1]:671133236 [2]:7 [3]:52
[0]:992912230 [1]:671761523 [2]:7 [3]:16
[0]:994163892 [1]:672433769 [2]:7 [3]:18
[0]:995289629 [1]:673036093 [2]:7 [3]:47
[0]:996450311 [1]:673655304 [2]:7 [3]:52
[0]:997585330 [1]:674262117 [2]:7 [3]:53
[0]:998837461 [1]:674937888 [2]:6 [3]:10
[0]:999973194 [1]:675546084 [2]:7 [3]:15
[0]:1001159834 [1]:676181844 [2]:7 [3]:8
[0]:1002293881 [1]:676784385 [2]:6 [3]:52
[0]:1003419880 [1]:677385808 [2]:7 [3]:52
[0]:1004552770 [1]:677990200 [2]:7 [3]:49
[0]:1005836604 [1]:678669905 [2]:7 [3]:53
[0]:1006961279 [1]:679274562 [2]:7 [3]:15
[0]:1008102103 [1]:679888891 [2]:7 [3]:50
[0]:1009250469 [1]:680503078 [2]:7 [3]:15
[0]:1010408753 [1]:681121097 [2]:7 [3]:12
[0]:1011514991 [1]:681714224 [2]:6 [3]:11
[0]:1012709212 [1]:682351165 [2]:7 [3]:12
[0]:1013739578 [1]:682898021 [2]:7 [3]:50
[0]:1014737351 [1]:683431786 [2]:7 [3]:56
[0]:1015868686 [1]:684034724 [2]:7 [3]:14
[0]:1016856111 [1]:684564464 [2]:7 [3]:9
[0]:1017887521 [1]:685110108 [2]:7 [3]:12
[0]:1018916538 [1]:685664840 [2]:7 [3]:18
[0]:1019953796 [1]:686222582 [2]:7 [3]:57
[0]:1020945657 [1]:686750925 [2]:7 [3]:52
[0]:1021949508 [1]:687289305 [2]:7 [3]:12
[0]:1022996438 [1]:687844981 [2]:7 [3]:49
[0]:1024012730 [1]:688388322 [2]:7 [3]:8
[0]:1025016196 [1]:688924139 [2]:7 [3]:47
[0]:1026055391 [1]:689476460 [2]:7 [3]:16
[0]:1027114706 [1]:690040422 [2]:6 [3]:10
[0]:1028198375 [1]:690622386 [2]:7 [3]:14
[0]:1029350192 [1]:691233936 [2]:7 [3]:51
[0]:1030505711 [1]:691855081 [2]:7 [3]:12
[0]:1031509584 [1]:692395371 [2]:6 [3]:12
[0]:1032526928 [1]:692936846 [2]:7 [3]:14
[0]:1033566041 [1]:693491491 [2]:6 [3]:14
[0]:1034583827 [1]:694035479 [2]:7 [3]:55
[0]:1035597825 [1]:694578161 [2]:7 [3]:16
[0]:1036608638 [1]:695123087 [2]:7 [3]:13
[0]:1037686994 [1]:695695964 [2]:7 [3]:16
[0]:1038714669 [1]:696245045 [2]:7 [3]:9
[0]:1039745065 [1]:696798755 [2]:7 [3]:14
[0]:1040795550 [1]:697359755 [2]:7 [3]:11
[0]:1041823758 [1]:697911362 [2]:6 [3]:11
[0]:1042857222 [1]:698460260 [2]:7 [3]:51
[0]:1043893920 [1]:699015948 [2]:7 [3]:11
[0]:1044884301 [1]:699544389 [2]:7 [3]:9
[0]:1045996147 [1]:700140073 [2]:6 [3]:13
[0]:1047291559 [1]:700834582 [2]:7 [3]:16
[0]:1048505450 [1]:701481206 [2]:7 [3]:9
[0]:1049702278 [1]:702120598 [2]:6 [3]:12
[0]:1051100115 [1]:702866328 [2]:7 [3]:48
[0]:1052247625 [1]:703480216 [2]:6 [3]:51
[0]:1053348965 [1]:704072929 [2]:7 [3]:11
[0]:1054501632 [1]:704688536 [2]:7 [3]:12
[0]:1055602153 [1]:705275331 [2]:7 [3]:16
[0]:1056693294 [1]:705857552 [2]:7 [3]:14
[0]:1057779796 [1]:706438700 [2]:7 [3]:13
[0]:1058916698 [1]:707047026 [2]:7 [3]:53
[0]:1060039634 [1]:707646008 [2]:7 [3]:10
[0]:1061153362 [1]:708240682 [2]:7 [3]:59
[0]:1062240154 [1]:708821274 [2]:7 [3]:12
[0]:1063323605 [1]:709400032 [2]:7 [3]:12
[0]:1064399596 [1]:709974997 [2]:6 [3]:13
[0]:1065608211 [1]:710623296 [2]:7 [3]:11
[0]:1066781236 [1]:711248931 [2]:7 [3]:14
[0]:1067836324 [1]:711818353 [2]:7 [3]:54
[0]:1068943350 [1]:712405733 [2]:7 [3]:12
[0]:1069945662 [1]:712936347 [2]:7 [3]:13
[0]:1070939585 [1]:713466885 [2]:7 [3]:15
[0]:1071968299 [1]:714018857 [2]:7 [3]:12
[0]:1073019811 [1]:714581462 [2]:7 [3]:16
[0]:1074012185 [1]:715110532 [2]:7 [3]:13
[0]:1075102986 [1]:715697548 [2]:7 [3]:11
[0]:1076111060 [1]:716236298 [2]:6 [3]:13
[0]:1077331380 [1]:716888572 [2]:7 [3]:48
[0]:1078357260 [1]:717438076 [2]:7 [3]:45
[0]:1079384805 [1]:717986037 [2]:7 [3]:20
[0]:1080442171 [1]:718552546 [2]:7 [3]:14
[0]:1081455502 [1]:719095452 [2]:7 [3]:12
[0]:1082421389 [1]:719609289 [2]:7 [3]:12
[0]:1083682509 [1]:720284028 [2]:6 [3]:13
[0]:1084827451 [1]:720896847 [2]:7 [3]:12
[0]:1086387126 [1]:721732140 [2]:6 [3]:13
[0]:1087498413 [1]:722321636 [2]:7 [3]:9
[0]:1088587917 [1]:722900160 [2]:7 [3]:54
[0]:1089594888 [1]:723435134 [2]:7 [3]:14
[0]:1090567023 [1]:723950532 [2]:7 [3]:10
[0]:1091623521 [1]:724515578 [2]:7 [3]:11
[0]:1092700164 [1]:725090509 [2]:7 [3]:12
[0]:1093730723 [1]:725640971 [2]:7 [3]:15
[0]:1094754449 [1]:726189439 [2]:7 [3]:15
[0]:1095800561 [1]:726752139 [2]:7 [3]:10
[0]:1096826732 [1]:727298472 [2]:7 [3]:54
[0]:1097861026 [1]:727854116 [2]:6 [3]:13
[0]:1098911049 [1]:728412372 [2]:7 [3]:49
[0]:1099990655 [1]:728992412 [2]:6 [3]:13
[0]:1101225437 [1]:729653168 [2]:7 [3]:13
[0]:1102325997 [1]:730240904 [2]:7 [3]:12
[0]:1103588219 [1]:730910057 [2]:7 [3]:10
[0]:1104835979 [1]:731574719 [2]:7 [3]:14
[0]:1106393633 [1]:732402683 [2]:7 [3]:10
[0]:1107533677 [1]:733012253 [2]:7 [3]:55
[0]:1108679386 [1]:733627081 [2]:7 [3]:14
[0]:1109755484 [1]:734203850 [2]:7 [3]:9
[0]:1110905498 [1]:734822112 [2]:7 [3]:15
[0]:1112046638 [1]:735437662 [2]:7 [3]:11
[0]:1113223356 [1]:736068320 [2]:7 [3]:55
[0]:1114462391 [1]:736730416 [2]:7 [3]:10
[0]:1115643592 [1]:737359915 [2]:7 [3]:8
[0]:1116767342 [1]:737964562 [2]:7 [3]:10
[0]:1117902448 [1]:738574548 [2]:7 [3]:12
[0]:1119049663 [1]:739187410 [2]:7 [3]:14
[0]:1120221646 [1]:739814789 [2]:7 [3]:55
[0]:1121406587 [1]:740448887 [2]:7 [3]:10
[0]:1122564907 [1]:741067976 [2]:6 [3]:11
[0]:1123711645 [1]:741683314 [2]:7 [3]:10
[0]:1124818352 [1]:742273891 [2]:7 [3]:9
[0]:1125914987 [1]:742864066 [2]:7 [3]:52
[0]:1126932084 [1]:743408426 [2]:7 [3]:15
[0]:1127953295 [1]:743957292 [2]:7 [3]:48
[0]:1128969745 [1]:744501603 [2]:7 [3]:16
[0]:1129910365 [1]:745004328 [2]:7 [3]:12
[0]:1130972997 [1]:745574278 [2]:7 [3]:11
[0]:1132000770 [1]:746122297 [2]:6 [3]:10
[0]:1133025607 [1]:746670022 [2]:7 [3]:51
[0]:1134053151 [1]:747219069 [2]:7 [3]:9
[0]:1135023085 [1]:747740548 [2]:7 [3]:53
[0]:1136066203 [1]:748298443 [2]:7 [3]:19
[0]:1137102185 [1]:748851869 [2]:7 [3]:54
[0]:1138125691 [1]:749400943 [2]:7 [3]:49
[0]:1139196236 [1]:749970604 [2]:6 [3]:12
[0]:1140304672 [1]:750562303 [2]:7 [3]:14
[0]:1141710779 [1]:751314025 [2]:6 [3]:49
[0]:1142942711 [1]:751974428 [2]:7 [3]:13
[0]:1144136073 [1]:752609754 [2]:7 [3]:13
[0]:1145211696 [1]:753186463 [2]:7 [3]:55
[0]:1146236232 [1]:753735780 [2]:6 [3]:9
[0]:1147307016 [1]:754306425 [2]:7 [3]:10
[0]:1148312708 [1]:754842507 [2]:7 [3]:51
[0]:1149348297 [1]:755393574 [2]:6 [3]:16
[0]:1150340547 [1]:755925627 [2]:7 [3]:12
[0]:1151369054 [1]:756477979 [2]:7 [3]:14
[0]:1152389504 [1]:757020132 [2]:6 [3]:15
[0]:1153427304 [1]:757574497 [2]:6 [3]:12
[0]:1154459620 [1]:758126402 [2]:6 [3]:14
[0]:1155531570 [1]:758696829 [2]:7 [3]:12
[0]:1156598303 [1]:759262329 [2]:7 [3]:10
[0]:1157600439 [1]:759794755 [2]:7 [3]:10
[0]:1158784803 [1]:760427133 [2]:6 [3]:51
[0]:1160054714 [1]:761104299 [2]:7 [3]:60
[0]:1161288185 [1]:761766585 [2]:7 [3]:10
[0]:1162466406 [1]:762393733 [2]:6 [3]:10
[0]:1163586077 [1]:762990208 [2]:7 [3]:57
[0]:1164717155 [1]:763592121 [2]:6 [3]:10
[0]:1165828055 [1]:764190293 [2]:6 [3]:9
[0]:1166887608 [1]:764753600 [2]:7 [3]:14
[0]:1168011179 [1]:765357147 [2]:7 [3]:50
[0]:1169079991 [1]:765929328 [2]:7 [3]:15
[0]:1170187385 [1]:766520981 [2]:7 [3]:12
[0]:1171336488 [1]:767138836 [2]:7 [3]:51
[0]:1172468436 [1]:767746709 [2]:7 [3]:17
[0]:1173539697 [1]:768320633 [2]:7 [3]:13
[0]:1174658839 [1]:768917235 [2]:7 [3]:8
[0]:1176045174 [1]:769657422 [2]:7 [3]:10
[0]:1177182524 [1]:770267452 [2]:7 [3]:53
[0]:1178309520 [1]:770874806 [2]:7 [3]:11
[0]:1179419445 [1]:771466902 [2]:7 [3]:58
[0]:1180510229 [1]:772046565 [2]:7 [3]:12
[0]:1181578005 [1]:772618341 [2]:7 [3]:44
[0]:1182590244 [1]:773156991 [2]:6 [3]:55
[0]:1183673076 [1]:773739626 [2]:7 [3]:10
[0]:1184735758 [1]:774308603 [2]:6 [3]:9
[0]:1185744407 [1]:774842813 [2]:6 [3]:9
[0]:1186747525 [1]:775379319 [2]:7 [3]:9
[0]:1187795971 [1]:775942747 [2]:7 [3]:14
[0]:1188846347 [1]:776506225 [2]:7 [3]:53
[0]:1189915413 [1]:777077699 [2]:7 [3]:12
[0]:1190940745 [1]:777623612 [2]:7 [3]:18
[0]:1192065333 [1]:778226520 [2]:7 [3]:10
[0]:1193085686 [1]:778765933 [2]:7 [3]:20
[0]:1194103142 [1]:779311568 [2]:7 [3]:11
[0]:1195140146 [1]:779867349 [2]:7 [3]:10
[0]:1196186628 [1]:780426763 [2]:7 [3]:10
[0]:1196442842 [1]:780564895 [2]:7 [3]:53
[0]:1196442842 [1]:780564895 [2]:7 [3]:53
[0]:1196442842 [1]:780564895 [2]:7 [3]:53
[0]:1196442842 [1]:780564895 [2]:7 [3]:53
[0]:1196442842 [1]:780564895 [2]:7 [3]:53
[0]:1196442842 [1]:780564895 [2]:7 [3]:53
[0]:1196442842 [1]:780564895 [2]:7 [3]:53
[0]:1196442842 [1]:780564895 [2]:7 [3]:53
[0]:1196442842 [1]:780564895 [2]:7 [3]:53
[0]:1196442842 [1]:780564895 [2]:7 [3]:53
