[0]:160724448 [1]:25867988 [2]:147 [3]:55
[0]:160953791 [1]:25920991 [2]:147 [3]:356
[0]:161152822 [1]:25966917 [2]:147 [3]:356
[0]:161346727 [1]:26011674 [2]:147 [3]:356
[0]:161534725 [1]:26055137 [2]:147 [3]:371
[0]:161724760 [1]:26099050 [2]:147 [3]:358
[0]:161918811 [1]:26143862 [2]:147 [3]:354
[0]:162116863 [1]:26189692 [2]:147 [3]:59
[0]:162318358 [1]:26236274 [2]:147 [3]:359
[0]:162516157 [1]:26281975 [2]:147 [3]:364
[0]:162706299 [1]:26325924 [2]:147 [3]:59
[0]:162903754 [1]:26371520 [2]:147 [3]:359
[0]:163206649 [1]:26441523 [2]:147 [3]:357
[0]:163407722 [1]:26488025 [2]:148 [3]:365
[0]:163598648 [1]:26532144 [2]:148 [3]:363
[0]:163796465 [1]:26577763 [2]:148 [3]:366
[0]:163994210 [1]:26623444 [2]:148 [3]:356
[0]:164191821 [1]:26669103 [2]:148 [3]:363
[0]:164389153 [1]:26714676 [2]:148 [3]:356
[0]:164587582 [1]:26760572 [2]:148 [3]:354
[0]:164785552 [1]:26806211 [2]:148 [3]:61
[0]:164983194 [1]:26851884 [2]:148 [3]:55
[0]:165175668 [1]:26896343 [2]:148 [3]:358
[0]:165379153 [1]:26943303 [2]:148 [3]:363
[0]:165578930 [1]:26989499 [2]:148 [3]:369
[0]:165774426 [1]:27034641 [2]:148 [3]:360
[0]:165972472 [1]:27080381 [2]:148 [3]:364
[0]:166166735 [1]:27125237 [2]:149 [3]:359
[0]:166364311 [1]:27170879 [2]:149 [3]:362
[0]:166558358 [1]:27215728 [2]:149 [3]:357
[0]:166763893 [1]:27263081 [2]:149 [3]:364
[0]:166955879 [1]:27307462 [2]:149 [3]:362
[0]:167151885 [1]:27352729 [2]:149 [3]:354
[0]:167346020 [1]:27397597 [2]:149 [3]:355
[0]:167579303 [1]:27451497 [2]:149 [3]:355
[0]:167797696 [1]:27501918 [2]:149 [3]:359
[0]:168016869 [1]:27552525 [2]:149 [3]:53
[0]:168215616 [1]:27598459 [2]:149 [3]:359
[0]:168408813 [1]:27643099 [2]:149 [3]:60
[0]:168600070 [1]:27687184 [2]:149 [3]:362
[0]:168794254 [1]:27732098 [2]:149 [3]:359
[0]:168988112 [1]:27776877 [2]:150 [3]:363
[0]:169223154 [1]:27831302 [2]:150 [3]:368
[0]:169415978 [1]:27875803 [2]:150 [3]:355
[0]:169608495 [1]:27920297 [2]:150 [3]:363
[0]:169805654 [1]:27965889 [2]:150 [3]:360
[0]:170003190 [1]:28011617 [2]:150 [3]:369
[0]:170227163 [1]:28063401 [2]:150 [3]:354
[0]:170424867 [1]:28109015 [2]:150 [3]:358
[0]:170622942 [1]:28154785 [2]:150 [3]:366
[0]:170813211 [1]:28198735 [2]:150 [3]:59
[0]:171007423 [1]:28243618 [2]:150 [3]:358
[0]:171200747 [1]:28288247 [2]:150 [3]:369
[0]:171392047 [1]:28332344 [2]:150 [3]:361
[0]:171578560 [1]:28375467 [2]:150 [3]:359
[0]:171776039 [1]:28421046 [2]:150 [3]:361
[0]:171988964 [1]:28470237 [2]:150 [3]:60
[0]:172183079 [1]:28515036 [2]:150 [3]:63
[0]:172388024 [1]:28562360 [2]:150 [3]:360
[0]:172582621 [1]:28607369 [2]:150 [3]:58
[0]:172773851 [1]:28651556 [2]:150 [3]:370
[0]:172963145 [1]:28695335 [2]:150 [3]:357
[0]:173164789 [1]:28741845 [2]:150 [3]:61
[0]:173362747 [1]:28787590 [2]:150 [3]:361
[0]:173564173 [1]:28834118 [2]:150 [3]:365
[0]:173761702 [1]:28879727 [2]:150 [3]:354
[0]:173973894 [1]:28928823 [2]:150 [3]:70
[0]:174157661 [1]:28971184 [2]:150 [3]:357
[0]:174353181 [1]:29016354 [2]:150 [3]:353
[0]:174542156 [1]:29060047 [2]:150 [3]:356
[0]:174734164 [1]:29104458 [2]:150 [3]:357
[0]:174926291 [1]:29148836 [2]:150 [3]:62
[0]:175119043 [1]:29193307 [2]:150 [3]:357
[0]:175314819 [1]:29238569 [2]:150 [3]:361
[0]:175508803 [1]:29283444 [2]:150 [3]:362
[0]:175707437 [1]:29329410 [2]:150 [3]:357
[0]:175896905 [1]:29373194 [2]:150 [3]:362
[0]:176094874 [1]:29418844 [2]:150 [3]:66
[0]:176295977 [1]:29465322 [2]:150 [3]:365
[0]:176482830 [1]:29508499 [2]:150 [3]:361
[0]:176676794 [1]:29553332 [2]:150 [3]:366
[0]:176867283 [1]:29597237 [2]:150 [3]:365
[0]:177068997 [1]:29643882 [2]:150 [3]:366
[0]:177259216 [1]:29687850 [2]:150 [3]:359
[0]:177455803 [1]:29733251 [2]:150 [3]:362
[0]:177658610 [1]:29780084 [2]:150 [3]:355
[0]:177860247 [1]:29826627 [2]:150 [3]:365
[0]:178056296 [1]:29871924 [2]:150 [3]:365
[0]:178325325 [1]:29934098 [2]:150 [3]:358
[0]:178517092 [1]:29978414 [2]:150 [3]:361
[0]:178714967 [1]:30024100 [2]:150 [3]:363
[0]:178906638 [1]:30068350 [2]:150 [3]:360
[0]:179129249 [1]:30119779 [2]:150 [3]:362
[0]:179330596 [1]:30166245 [2]:150 [3]:364
[0]:179522614 [1]:30210584 [2]:150 [3]:361
[0]:179713698 [1]:30254661 [2]:150 [3]:360
[0]:179909431 [1]:30299869 [2]:150 [3]:366
[0]:180116092 [1]:30347584 [2]:150 [3]:365
[0]:180298662 [1]:30389749 [2]:150 [3]:355
[0]:180487962 [1]:30433484 [2]:150 [3]:62
[0]:180678236 [1]:30477324 [2]:150 [3]:361
[0]:180872196 [1]:30522123 [2]:150 [3]:359
[0]:181081546 [1]:30570463 [2]:150 [3]:364
[0]:181275532 [1]:30615257 [2]:150 [3]:363
[0]:181503224 [1]:30667925 [2]:150 [3]:363
[0]:181727236 [1]:30719671 [2]:150 [3]:359
[0]:181924982 [1]:30765342 [2]:150 [3]:364
[0]:182119072 [1]:30810206 [2]:150 [3]:363
[0]:182315388 [1]:30855525 [2]:150 [3]:360
[0]:182525916 [1]:30904069 [2]:150 [3]:60
[0]:182718902 [1]:30948640 [2]:150 [3]:361
[0]:182921354 [1]:30995391 [2]:150 [3]:360
[0]:183113005 [1]:31039682 [2]:150 [3]:361
[0]:183305464 [1]:31084175 [2]:150 [3]:359
[0]:183496396 [1]:31128218 [2]:150 [3]:362
[0]:183689280 [1]:31172855 [2]:150 [3]:364
[0]:183881509 [1]:31217326 [2]:150 [3]:364
[0]:184077933 [1]:31262761 [2]:150 [3]:363
[0]:184280136 [1]:31309494 [2]:150 [3]:359
[0]:184481431 [1]:31355967 [2]:150 [3]:363
[0]:184674649 [1]:31400669 [2]:150 [3]:359
[0]:184872953 [1]:31446462 [2]:150 [3]:59
[0]:185067757 [1]:31491446 [2]:150 [3]:362
[0]:185265283 [1]:31537043 [2]:150 [3]:366
[0]:185455986 [1]:31581067 [2]:150 [3]:359
[0]:185661083 [1]:31628509 [2]:150 [3]:359
[0]:185859031 [1]:31674290 [2]:150 [3]:366
[0]:186056506 [1]:31719889 [2]:150 [3]:62
[0]:186303148 [1]:31776826 [2]:150 [3]:367
[0]:186493660 [1]:31820908 [2]:150 [3]:360
[0]:186709609 [1]:31870783 [2]:150 [3]:363
[0]:186903868 [1]:31915786 [2]:150 [3]:58
[0]:187133482 [1]:31968859 [2]:150 [3]:359
[0]:187348101 [1]:32018493 [2]:150 [3]:355
[0]:187549603 [1]:32065019 [2]:150 [3]:363
[0]:187750950 [1]:32111503 [2]:150 [3]:359
[0]:187937938 [1]:32154727 [2]:150 [3]:362
[0]:188142886 [1]:32202064 [2]:150 [3]:359
[0]:188344384 [1]:32248686 [2]:150 [3]:357
[0]:188527279 [1]:32290932 [2]:150 [3]:62
[0]:188725179 [1]:32336670 [2]:150 [3]:367
[0]:188944946 [1]:32387428 [2]:150 [3]:365
[0]:189139664 [1]:32432305 [2]:150 [3]:363
[0]:189337219 [1]:32477932 [2]:150 [3]:362
[0]:189566609 [1]:32531033 [2]:150 [3]:362
[0]:189766655 [1]:32577296 [2]:150 [3]:362
[0]:189977254 [1]:32625905 [2]:150 [3]:61
[0]:190168887 [1]:32670199 [2]:150 [3]:361
[0]:190367594 [1]:32716142 [2]:150 [3]:360
[0]:190572973 [1]:32763664 [2]:150 [3]:364
[0]:190770352 [1]:32809258 [2]:150 [3]:353
[0]:190965783 [1]:32854341 [2]:150 [3]:366
[0]:191160771 [1]:32899433 [2]:150 [3]:364
[0]:191352841 [1]:32943824 [2]:150 [3]:355
[0]:191558386 [1]:32991336 [2]:150 [3]:355
[0]:191755314 [1]:33036853 [2]:150 [3]:363
[0]:191956741 [1]:33083379 [2]:150 [3]:52
[0]:192147780 [1]:33127481 [2]:150 [3]:364
[0]:192340060 [1]:33171855 [2]:150 [3]:368
[0]:192539824 [1]:33218047 [2]:150 [3]:360
[0]:192730119 [1]:33261931 [2]:150 [3]:357
[0]:192961397 [1]:33315364 [2]:150 [3]:361
[0]:193163104 [1]:33362047 [2]:150 [3]:365
[0]:193379724 [1]:33412105 [2]:150 [3]:359
[0]:193573490 [1]:33456869 [2]:150 [3]:357
[0]:193766842 [1]:33501536 [2]:150 [3]:57
[0]:193980170 [1]:33550873 [2]:150 [3]:360
[0]:194170859 [1]:33594940 [2]:150 [3]:364
[0]:194393227 [1]:33646355 [2]:150 [3]:362
[0]:194588883 [1]:33691538 [2]:150 [3]:361
[0]:194791335 [1]:33738288 [2]:150 [3]:58
[0]:194999089 [1]:33786330 [2]:150 [3]:365
[0]:195193433 [1]:33831230 [2]:150 [3]:355
[0]:195397795 [1]:33878446 [2]:150 [3]:353
[0]:195588998 [1]:33922582 [2]:150 [3]:360
[0]:195775248 [1]:33965606 [2]:150 [3]:353
[0]:195969742 [1]:34010514 [2]:150 [3]:359
[0]:196167704 [1]:34056259 [2]:150 [3]:59
[0]:196363604 [1]:34101545 [2]:150 [3]:359
[0]:196558386 [1]:34146489 [2]:150 [3]:361
[0]:196753375 [1]:34191557 [2]:150 [3]:357
[0]:196985746 [1]:34245206 [2]:150 [3]:361
[0]:197183004 [1]:34290781 [2]:150 [3]:366
[0]:197394097 [1]:34339492 [2]:150 [3]:356
[0]:197608425 [1]:34389013 [2]:150 [3]:364
[0]:197806189 [1]:34434746 [2]:150 [3]:50
[0]:198005381 [1]:34480818 [2]:150 [3]:362
[0]:198232830 [1]:34533333 [2]:150 [3]:360
[0]:198421805 [1]:34576928 [2]:150 [3]:362
[0]:198666229 [1]:34633353 [2]:150 [3]:353
[0]:198855099 [1]:34677049 [2]:150 [3]:365
[0]:199071994 [1]:34727193 [2]:150 [3]:366
[0]:199270073 [1]:34772873 [2]:150 [3]:72
[0]:199466770 [1]:34818338 [2]:150 [3]:360
[0]:199672416 [1]:34865896 [2]:150 [3]:57
[0]:199876926 [1]:34913150 [2]:150 [3]:354
[0]:200071466 [1]:34958105 [2]:150 [3]:63
[0]:200265235 [1]:35002802 [2]:150 [3]:356
[0]:200442240 [1]:35043740 [2]:150 [3]:366
[0]:200442240 [1]:35043740 [2]:150 [3]:366
[0]:200442240 [1]:35043740 [2]:150 [3]:366
[0]:200442240 [1]:35043740 [2]:150 [3]:366
[0]:200442240 [1]:35043740 [2]:150 [3]:366
[0]:200442240 [1]:35043740 [2]:150 [3]:366
[0]:200442240 [1]:35043740 [2]:150 [3]:366
[0]:200442240 [1]:35043740 [2]:150 [3]:366
[0]:200442240 [1]:35043740 [2]:150 [3]:366
[0]:200442240 [1]:35043740 [2]:150 [3]:366
[0]:200442240 [1]:35043740 [2]:150 [3]:366
[0]:200442240 [1]:35043740 [2]:150 [3]:366
