[0]:137709409 [1]:20656214 [2]:121 [3]:364
[0]:137921006 [1]:20687631 [2]:121 [3]:366
[0]:138123603 [1]:20717712 [2]:121 [3]:370
[0]:138334729 [1]:20749073 [2]:121 [3]:352
[0]:138547262 [1]:20780546 [2]:121 [3]:84
[0]:138746443 [1]:20810016 [2]:121 [3]:362
[0]:138953542 [1]:20840663 [2]:121 [3]:358
[0]:139158491 [1]:20871085 [2]:121 [3]:358
[0]:139367441 [1]:20902090 [2]:121 [3]:360
[0]:139576330 [1]:20933035 [2]:124 [3]:363
[0]:139796252 [1]:20965632 [2]:124 [3]:368
[0]:140009674 [1]:20997361 [2]:124 [3]:361
[0]:140218339 [1]:21028364 [2]:124 [3]:366
[0]:140451063 [1]:21062894 [2]:124 [3]:360
[0]:140671531 [1]:21095602 [2]:124 [3]:365
[0]:140880497 [1]:21126848 [2]:124 [3]:361
[0]:141101136 [1]:21159564 [2]:124 [3]:360
[0]:141310192 [1]:21190486 [2]:124 [3]:365
[0]:141519035 [1]:21221392 [2]:124 [3]:75
[0]:141726431 [1]:21252138 [2]:124 [3]:353
[0]:141940672 [1]:21284037 [2]:124 [3]:365
[0]:142145497 [1]:21314439 [2]:124 [3]:360
[0]:142358242 [1]:21345982 [2]:124 [3]:370
[0]:142571272 [1]:21377482 [2]:124 [3]:357
[0]:142776062 [1]:21407973 [2]:124 [3]:362
[0]:143043495 [1]:21447835 [2]:124 [3]:358
[0]:143245869 [1]:21477873 [2]:124 [3]:369
[0]:143477408 [1]:21512238 [2]:124 [3]:367
[0]:143693911 [1]:21544314 [2]:124 [3]:365
[0]:143931233 [1]:21579583 [2]:124 [3]:366
[0]:144151231 [1]:21612200 [2]:124 [3]:359
[0]:144376051 [1]:21645467 [2]:124 [3]:365
[0]:144581090 [1]:21675843 [2]:124 [3]:367
[0]:144781883 [1]:21705581 [2]:124 [3]:359
[0]:145006515 [1]:21739017 [2]:124 [3]:372
[0]:145215358 [1]:21770050 [2]:124 [3]:362
[0]:145424181 [1]:21800986 [2]:124 [3]:367
[0]:145629220 [1]:21831373 [2]:124 [3]:71
[0]:145842061 [1]:21862955 [2]:124 [3]:355
[0]:146038959 [1]:21892216 [2]:124 [3]:359
[0]:146247894 [1]:21923239 [2]:124 [3]:356
[0]:146464182 [1]:21955305 [2]:124 [3]:361
[0]:146677489 [1]:21986848 [2]:126 [3]:83
[0]:146883240 [1]:22017367 [2]:126 [3]:364
[0]:147115007 [1]:22051801 [2]:126 [3]:79
[0]:147315904 [1]:22081548 [2]:126 [3]:371
[0]:147509007 [1]:22110176 [2]:126 [3]:367
[0]:147717531 [1]:22141205 [2]:126 [3]:80
[0]:147934640 [1]:22173363 [2]:126 [3]:79
[0]:148139236 [1]:22203770 [2]:126 [3]:365
[0]:148368600 [1]:22237847 [2]:126 [3]:370
[0]:148583651 [1]:22269828 [2]:126 [3]:355
[0]:148789680 [1]:22300416 [2]:126 [3]:363
[0]:148994552 [1]:22330784 [2]:126 [3]:364
[0]:149199510 [1]:22361270 [2]:126 [3]:366
[0]:149404529 [1]:22391598 [2]:126 [3]:366
[0]:149609503 [1]:22422039 [2]:126 [3]:357
[0]:149815719 [1]:22452645 [2]:126 [3]:85
[0]:150031053 [1]:22484695 [2]:126 [3]:367
[0]:150235801 [1]:22515041 [2]:126 [3]:356
[0]:150440876 [1]:22545428 [2]:126 [3]:369
[0]:150654719 [1]:22577139 [2]:126 [3]:374
[0]:150863557 [1]:22608112 [2]:126 [3]:372
[0]:151083504 [1]:22640640 [2]:126 [3]:359
[0]:151297916 [1]:22672425 [2]:126 [3]:370
[0]:151501089 [1]:22702592 [2]:126 [3]:73
[0]:151708364 [1]:22733314 [2]:126 [3]:79
[0]:151911054 [1]:22763369 [2]:126 [3]:79
[0]:152127790 [1]:22795462 [2]:126 [3]:371
[0]:152328801 [1]:22825194 [2]:126 [3]:369
[0]:152533821 [1]:22855539 [2]:126 [3]:365
[0]:152753034 [1]:22888071 [2]:126 [3]:363
[0]:152950452 [1]:22917479 [2]:126 [3]:361
[0]:153152255 [1]:22947347 [2]:126 [3]:369
[0]:153342586 [1]:22985250 [2]:126 [3]:369
