[0]:184116458 [1]:28794899 [2]:136 [3]:356
[0]:184325806 [1]:28843285 [2]:136 [3]:364
[0]:184522559 [1]:28888798 [2]:136 [3]:354
[0]:184722255 [1]:28934921 [2]:136 [3]:61
[0]:184922649 [1]:28981194 [2]:136 [3]:58
[0]:185114666 [1]:29025545 [2]:136 [3]:355
[0]:185309709 [1]:29070585 [2]:137 [3]:366
[0]:185497772 [1]:29114032 [2]:137 [3]:60
[0]:185698929 [1]:29160435 [2]:137 [3]:363
[0]:185889264 [1]:29204338 [2]:137 [3]:355
[0]:186090717 [1]:29250902 [2]:137 [3]:354
[0]:186292419 [1]:29297532 [2]:137 [3]:356
[0]:186486186 [1]:29342333 [2]:137 [3]:58
[0]:186680606 [1]:29387177 [2]:137 [3]:364
[0]:186882138 [1]:29433734 [2]:137 [3]:56
[0]:187087097 [1]:29481090 [2]:137 [3]:363
[0]:187289012 [1]:29527772 [2]:137 [3]:65
[0]:187512319 [1]:29579276 [2]:137 [3]:356
[0]:187706838 [1]:29624282 [2]:137 [3]:361
[0]:187897397 [1]:29668334 [2]:137 [3]:359
[0]:188135313 [1]:29723318 [2]:137 [3]:359
[0]:188325336 [1]:29767231 [2]:137 [3]:360
[0]:188524394 [1]:29813191 [2]:137 [3]:56
[0]:188745537 [1]:29864325 [2]:137 [3]:361
[0]:188934906 [1]:29908081 [2]:137 [3]:365
[0]:189146435 [1]:29957026 [2]:137 [3]:357
[0]:189346486 [1]:30003188 [2]:137 [3]:362
[0]:189547104 [1]:30049590 [2]:137 [3]:364
[0]:189743475 [1]:30094933 [2]:137 [3]:359
[0]:189934594 [1]:30139117 [2]:137 [3]:58
[0]:190128929 [1]:30183993 [2]:137 [3]:361
[0]:190351260 [1]:30235265 [2]:137 [3]:366
[0]:190547289 [1]:30280565 [2]:137 [3]:365
[0]:190756355 [1]:30328839 [2]:137 [3]:56
[0]:190969065 [1]:30377992 [2]:139 [3]:360
[0]:191175625 [1]:30425737 [2]:139 [3]:363
[0]:191394892 [1]:30476317 [2]:139 [3]:354
[0]:191594634 [1]:30522546 [2]:139 [3]:357
[0]:191797744 [1]:30569492 [2]:139 [3]:357
[0]:191994075 [1]:30614793 [2]:139 [3]:355
[0]:192193170 [1]:30660747 [2]:139 [3]:61
[0]:192383730 [1]:30704718 [2]:139 [3]:367
[0]:192574035 [1]:30748685 [2]:139 [3]:63
[0]:192790589 [1]:30798747 [2]:139 [3]:363
[0]:192998993 [1]:30846873 [2]:139 [3]:55
[0]:193193765 [1]:30891815 [2]:139 [3]:366
[0]:193391435 [1]:30937579 [2]:139 [3]:362
[0]:193586629 [1]:30982700 [2]:139 [3]:362
[0]:193787183 [1]:31029116 [2]:139 [3]:359
[0]:193977357 [1]:31073067 [2]:139 [3]:367
[0]:194178646 [1]:31119518 [2]:139 [3]:361
[0]:194368991 [1]:31163495 [2]:139 [3]:366
[0]:194563232 [1]:31208404 [2]:139 [3]:361
[0]:194751843 [1]:31251979 [2]:139 [3]:361
[0]:194944503 [1]:31296422 [2]:139 [3]:366
[0]:195134553 [1]:31340406 [2]:139 [3]:360
[0]:195328542 [1]:31385310 [2]:139 [3]:66
[0]:195526321 [1]:31430995 [2]:139 [3]:357
[0]:195720190 [1]:31475813 [2]:139 [3]:357
[0]:195912119 [1]:31520079 [2]:139 [3]:361
[0]:196105949 [1]:31565029 [2]:139 [3]:61
[0]:196302674 [1]:31610538 [2]:139 [3]:358
[0]:196489711 [1]:31653710 [2]:141 [3]:361
[0]:196705657 [1]:31703674 [2]:141 [3]:354
[0]:196902530 [1]:31749120 [2]:141 [3]:356
[0]:197090016 [1]:31792401 [2]:141 [3]:365
[0]:197302945 [1]:31841604 [2]:141 [3]:360
[0]:197520023 [1]:31891762 [2]:141 [3]:60
[0]:197717215 [1]:31937267 [2]:141 [3]:359
[0]:197925448 [1]:31985293 [2]:141 [3]:362
[0]:198146660 [1]:32036399 [2]:141 [3]:361
[0]:198344277 [1]:32082041 [2]:141 [3]:364
[0]:198538279 [1]:32126826 [2]:141 [3]:358
[0]:198732544 [1]:32171599 [2]:141 [3]:358
[0]:198949580 [1]:32221710 [2]:141 [3]:363
[0]:199146859 [1]:32267266 [2]:141 [3]:357
[0]:199337256 [1]:32311206 [2]:141 [3]:361
[0]:199535053 [1]:32356943 [2]:141 [3]:359
[0]:199731587 [1]:32402308 [2]:141 [3]:362
[0]:199930542 [1]:32448289 [2]:141 [3]:58
[0]:200128698 [1]:32494113 [2]:141 [3]:363
[0]:200322620 [1]:32538939 [2]:141 [3]:359
[0]:200535532 [1]:32588029 [2]:141 [3]:59
[0]:200773837 [1]:32643124 [2]:141 [3]:358
[0]:200968326 [1]:32688021 [2]:141 [3]:354
[0]:201180359 [1]:32737052 [2]:141 [3]:352
[0]:201201677 [1]:32741985 [2]:141 [3]:365
[0]:201201677 [1]:32741985 [2]:141 [3]:365
[0]:201201677 [1]:32741985 [2]:141 [3]:365
