[0]:76311865 [1]:9637781 [2]:90 [3]:73
[0]:76522294 [1]:9661371 [2]:90 [3]:102
[0]:76723402 [1]:9683514 [2]:90 [3]:371
[0]:76932331 [1]:9706505 [2]:90 [3]:373
[0]:77141006 [1]:9729479 [2]:90 [3]:95
[0]:77372711 [1]:9755144 [2]:90 [3]:362
[0]:77614895 [1]:9782090 [2]:90 [3]:74
[0]:77831889 [1]:9806085 [2]:90 [3]:88
[0]:78044691 [1]:9829821 [2]:90 [3]:364
[0]:78267504 [1]:9854897 [2]:90 [3]:369
[0]:78474031 [1]:9877839 [2]:90 [3]:362
[0]:78682023 [1]:9900817 [2]:90 [3]:78
[0]:78903759 [1]:9925313 [2]:90 [3]:364
[0]:79150455 [1]:9952788 [2]:90 [3]:370
[0]:79347943 [1]:9974633 [2]:90 [3]:369
[0]:79562156 [1]:9998357 [2]:90 [3]:363
[0]:79776395 [1]:10022001 [2]:90 [3]:351
[0]:79982389 [1]:10044761 [2]:90 [3]:360
[0]:80189361 [1]:10067651 [2]:90 [3]:371
[0]:80398176 [1]:10090618 [2]:90 [3]:350
[0]:80599474 [1]:10112941 [2]:90 [3]:92
[0]:80831953 [1]:10138508 [2]:90 [3]:372
[0]:81061136 [1]:10163636 [2]:90 [3]:76
[0]:81257325 [1]:10185423 [2]:90 [3]:363
[0]:81463327 [1]:10208221 [2]:90 [3]:74
[0]:81675991 [1]:10231805 [2]:90 [3]:363
[0]:81889066 [1]:10255465 [2]:90 [3]:365
[0]:82096127 [1]:10278242 [2]:90 [3]:358
[0]:82303263 [1]:10301060 [2]:90 [3]:76
[0]:82507416 [1]:10323784 [2]:90 [3]:376
[0]:82725710 [1]:10347968 [2]:90 [3]:87
[0]:82940861 [1]:10371692 [2]:90 [3]:368
[0]:83143467 [1]:10394074 [2]:90 [3]:84
[0]:83363745 [1]:10418205 [2]:90 [3]:360
[0]:83578091 [1]:10441814 [2]:90 [3]:371
[0]:83805298 [1]:10467226 [2]:90 [3]:367
[0]:84038428 [1]:10493167 [2]:90 [3]:373
[0]:84243277 [1]:10515771 [2]:90 [3]:365
[0]:84481173 [1]:10541877 [2]:90 [3]:371
[0]:84688989 [1]:10564911 [2]:90 [3]:377
[0]:84904680 [1]:10588611 [2]:90 [3]:93
[0]:85111212 [1]:10611470 [2]:90 [3]:101
[0]:85323957 [1]:10635064 [2]:90 [3]:365
[0]:85540953 [1]:10659049 [2]:90 [3]:85
[0]:85749960 [1]:10682201 [2]:90 [3]:372
[0]:86077126 [1]:10718529 [2]:90 [3]:363
[0]:86283520 [1]:10741431 [2]:90 [3]:80
[0]:86487139 [1]:10763970 [2]:90 [3]:366
[0]:86704013 [1]:10788036 [2]:90 [3]:81
[0]:86920879 [1]:10811958 [2]:90 [3]:366
[0]:87129940 [1]:10835113 [2]:90 [3]:91
[0]:87338857 [1]:10858270 [2]:90 [3]:377
[0]:87555725 [1]:10882280 [2]:90 [3]:77
[0]:87760634 [1]:10904827 [2]:90 [3]:367
[0]:87965465 [1]:10927957 [2]:90 [3]:374
[0]:88170445 [1]:10950773 [2]:90 [3]:365
[0]:88383312 [1]:10974483 [2]:90 [3]:367
[0]:88592234 [1]:10997529 [2]:90 [3]:368
[0]:88809253 [1]:11021519 [2]:90 [3]:72
[0]:89022143 [1]:11045240 [2]:90 [3]:360
[0]:89234571 [1]:11068824 [2]:90 [3]:97
[0]:89459463 [1]:11094020 [2]:90 [3]:96
[0]:89695394 [1]:11120236 [2]:90 [3]:363
[0]:89901060 [1]:11143150 [2]:90 [3]:88
[0]:90121640 [1]:11167603 [2]:90 [3]:364
[0]:90405509 [1]:11199077 [2]:90 [3]:358
[0]:90622007 [1]:11223173 [2]:90 [3]:366
[0]:90839083 [1]:11247108 [2]:90 [3]:374
[0]:91051768 [1]:11270771 [2]:90 [3]:360
[0]:91251472 [1]:11296500 [2]:90 [3]:72
[0]:91469694 [1]:11328924 [2]:90 [3]:365
[0]:91686499 [1]:11361057 [2]:90 [3]:76
[0]:91899249 [1]:11392678 [2]:90 [3]:78
