[0]:61097277 [1]:9631615 [2]:150 [3]:356
[0]:61350848 [1]:9690154 [2]:150 [3]:359
[0]:61552486 [1]:9736738 [2]:150 [3]:367
[0]:61749042 [1]:9782146 [2]:150 [3]:358
[0]:61973728 [1]:9834155 [2]:150 [3]:60
[0]:62168268 [1]:9879074 [2]:150 [3]:356
[0]:62366062 [1]:9924788 [2]:150 [3]:356
[0]:62597332 [1]:9978237 [2]:150 [3]:364
[0]:62797755 [1]:10024511 [2]:150 [3]:59
[0]:63000577 [1]:10071266 [2]:150 [3]:362
[0]:63213321 [1]:10120464 [2]:150 [3]:360
[0]:63418548 [1]:10167929 [2]:150 [3]:362
[0]:63613688 [1]:10212964 [2]:153 [3]:360
[0]:63842722 [1]:10265924 [2]:153 [3]:356
[0]:64059465 [1]:10315901 [2]:153 [3]:363
[0]:64250751 [1]:10360118 [2]:153 [3]:66
[0]:64447368 [1]:10405537 [2]:153 [3]:352
[0]:64645204 [1]:10451251 [2]:153 [3]:359
[0]:64836872 [1]:10495582 [2]:153 [3]:360
[0]:65036679 [1]:10541697 [2]:153 [3]:359
[0]:65236283 [1]:10587830 [2]:153 [3]:359
[0]:65436329 [1]:10634033 [2]:153 [3]:369
[0]:65636477 [1]:10680310 [2]:153 [3]:360
[0]:65868074 [1]:10733792 [2]:153 [3]:354
[0]:66060078 [1]:10778140 [2]:153 [3]:367
[0]:66258893 [1]:10824164 [2]:155 [3]:360
[0]:66456508 [1]:10869811 [2]:155 [3]:360
[0]:66654469 [1]:10915573 [2]:155 [3]:355
[0]:66845759 [1]:10959679 [2]:155 [3]:360
[0]:67053987 [1]:11007757 [2]:155 [3]:360
[0]:67255021 [1]:11054170 [2]:155 [3]:359
[0]:67448739 [1]:11099010 [2]:155 [3]:361
[0]:67658679 [1]:11147432 [2]:155 [3]:54
[0]:67873175 [1]:11197050 [2]:155 [3]:58
[0]:68072961 [1]:11243247 [2]:155 [3]:358
[0]:68278218 [1]:11290663 [2]:155 [3]:364
[0]:68475948 [1]:11336397 [2]:155 [3]:360
[0]:68692100 [1]:11386256 [2]:155 [3]:357
[0]:68888318 [1]:11431586 [2]:155 [3]:353
[0]:69095466 [1]:11479534 [2]:157 [3]:359
[0]:69293386 [1]:11525263 [2]:157 [3]:355
[0]:69494732 [1]:11571763 [2]:157 [3]:356
[0]:69721635 [1]:11624110 [2]:157 [3]:369
[0]:69915084 [1]:11668801 [2]:157 [3]:361
[0]:70114471 [1]:11714847 [2]:157 [3]:364
[0]:70308418 [1]:11759688 [2]:157 [3]:364
[0]:70502854 [1]:11804551 [2]:157 [3]:365
[0]:70760274 [1]:11864041 [2]:157 [3]:64
[0]:70949194 [1]:11907692 [2]:157 [3]:357
[0]:71141661 [1]:11952114 [2]:157 [3]:361
[0]:71335093 [1]:11996841 [2]:157 [3]:359
[0]:71532736 [1]:12042428 [2]:157 [3]:361
[0]:71723437 [1]:12086491 [2]:157 [3]:367
[0]:71932182 [1]:12134736 [2]:158 [3]:354
[0]:72127042 [1]:12179761 [2]:158 [3]:357
[0]:72342040 [1]:12229326 [2]:158 [3]:362
[0]:72575838 [1]:12283316 [2]:158 [3]:58
[0]:72768482 [1]:12327830 [2]:158 [3]:364
[0]:72971411 [1]:12374685 [2]:158 [3]:362
[0]:73173569 [1]:12421460 [2]:158 [3]:363
[0]:73376625 [1]:12468309 [2]:158 [3]:360
[0]:73574547 [1]:12514034 [2]:158 [3]:364
[0]:73784596 [1]:12562745 [2]:158 [3]:359
[0]:74014566 [1]:12615977 [2]:158 [3]:364
[0]:74220124 [1]:12663430 [2]:158 [3]:361
[0]:74414266 [1]:12708307 [2]:158 [3]:61
[0]:74667520 [1]:12766874 [2]:159 [3]:362
[0]:74862400 [1]:12811874 [2]:159 [3]:365
[0]:75059838 [1]:12857467 [2]:159 [3]:359
[0]:75257773 [1]:12903099 [2]:159 [3]:361
[0]:75455747 [1]:12948867 [2]:159 [3]:366
[0]:75694547 [1]:13004083 [2]:159 [3]:354
[0]:75884604 [1]:13048049 [2]:159 [3]:365
