[0]:0 [1]:0 [2]:0 [3]:0
[0]:51157 [1]:0 [2]:0 [3]:121
[0]:270925 [1]:0 [2]:0 [3]:307
[0]:490391 [1]:0 [2]:0 [3]:50
[0]:731424 [1]:0 [2]:0 [3]:317
[0]:959193 [1]:0 [2]:0 [3]:310
[0]:1168821 [1]:13466 [2]:119 [3]:361
[0]:1363547 [1]:35433 [2]:119 [3]:72
[0]:1570146 [1]:58746 [2]:119 [3]:376
[0]:1761191 [1]:80446 [2]:119 [3]:78
[0]:1963497 [1]:103176 [2]:119 [3]:69
[0]:2154323 [1]:124719 [2]:119 [3]:62
[0]:2345285 [1]:146298 [2]:119 [3]:58
[0]:2539491 [1]:168156 [2]:119 [3]:66
[0]:2735177 [1]:190153 [2]:110 [3]:362
[0]:2932884 [1]:212337 [2]:110 [3]:60
[0]:3132056 [1]:234726 [2]:110 [3]:364
[0]:3326679 [1]:256570 [2]:110 [3]:65
[0]:3520204 [1]:278328 [2]:110 [3]:54
[0]:3720129 [1]:300912 [2]:110 [3]:369
[0]:3914646 [1]:322868 [2]:110 [3]:63
[0]:4124719 [1]:346545 [2]:103 [3]:79
[0]:4326796 [1]:369375 [2]:103 [3]:369
[0]:4525390 [1]:391691 [2]:103 [3]:59
[0]:4718595 [1]:413463 [2]:103 [3]:67
[0]:4910076 [1]:435082 [2]:103 [3]:367
[0]:5103874 [1]:456874 [2]:103 [3]:54
[0]:5296354 [1]:478504 [2]:103 [3]:373
[0]:5491764 [1]:500444 [2]:103 [3]:59
[0]:5686288 [1]:522390 [2]:97 [3]:63
[0]:5885003 [1]:544732 [2]:97 [3]:359
[0]:6082516 [1]:567108 [2]:97 [3]:355
[0]:6281640 [1]:589624 [2]:97 [3]:359
[0]:6483990 [1]:612472 [2]:97 [3]:65
[0]:6693823 [1]:636095 [2]:97 [3]:66
[0]:6899583 [1]:659418 [2]:97 [3]:61
[0]:7093186 [1]:681359 [2]:97 [3]:373
[0]:7299663 [1]:705068 [2]:92 [3]:82
[0]:7490329 [1]:726530 [2]:92 [3]:67
[0]:7707736 [1]:750999 [2]:92 [3]:60
[0]:7898558 [1]:772446 [2]:92 [3]:367
[0]:8097260 [1]:794885 [2]:92 [3]:60
[0]:8306562 [1]:818802 [2]:92 [3]:80
[0]:8497939 [1]:840277 [2]:92 [3]:361
[0]:8690952 [1]:862060 [2]:88 [3]:326
[0]:8909804 [1]:886872 [2]:88 [3]:66
[0]:9115675 [1]:910065 [2]:88 [3]:368
[0]:9340069 [1]:935581 [2]:88 [3]:63
[0]:9542220 [1]:958418 [2]:88 [3]:64
[0]:9751938 [1]:981922 [2]:88 [3]:351
[0]:9946799 [1]:1004004 [2]:88 [3]:64
[0]:10152569 [1]:1027244 [2]:88 [3]:52
[0]:10351104 [1]:1049578 [2]:85 [3]:44
[0]:10537459 [1]:1070579 [2]:85 [3]:60
[0]:10753325 [1]:1094815 [2]:85 [3]:366
[0]:10972883 [1]:1119507 [2]:85 [3]:358
[0]:11167779 [1]:1141449 [2]:85 [3]:54
[0]:11391363 [1]:1166641 [2]:85 [3]:56
[0]:11602058 [1]:1190414 [2]:85 [3]:66
[0]:11792935 [1]:1212056 [2]:83 [3]:64
[0]:11987863 [1]:1234028 [2]:83 [3]:63
[0]:12182758 [1]:1255867 [2]:83 [3]:60
[0]:12380705 [1]:1278113 [2]:83 [3]:364
[0]:12583303 [1]:1300895 [2]:83 [3]:366
[0]:12785547 [1]:1323732 [2]:83 [3]:362
[0]:12976571 [1]:1345366 [2]:83 [3]:58
[0]:13197159 [1]:1370193 [2]:83 [3]:61
[0]:13392569 [1]:1392154 [2]:81 [3]:63
[0]:13586470 [1]:1413947 [2]:81 [3]:57
[0]:13785675 [1]:1436413 [2]:81 [3]:52
[0]:14003729 [1]:1460972 [2]:81 [3]:66
[0]:14216285 [1]:1484990 [2]:81 [3]:61
[0]:14420636 [1]:1507974 [2]:81 [3]:65
[0]:14615962 [1]:1530040 [2]:81 [3]:360
[0]:14823176 [1]:1553310 [2]:79 [3]:354
[0]:15028770 [1]:1576542 [2]:79 [3]:66
[0]:15231869 [1]:1599499 [2]:79 [3]:368
[0]:15425604 [1]:1621349 [2]:79 [3]:363
[0]:15633896 [1]:1644957 [2]:79 [3]:368
[0]:15829033 [1]:1666970 [2]:79 [3]:59
[0]:16026908 [1]:1689390 [2]:79 [3]:348
[0]:16245802 [1]:1713977 [2]:79 [3]:364
[0]:16444423 [1]:1736241 [2]:78 [3]:372
[0]:16650294 [1]:1759533 [2]:78 [3]:60
[0]:16859881 [1]:1783181 [2]:78 [3]:53
[0]:17058403 [1]:1805529 [2]:78 [3]:364
[0]:17261318 [1]:1828443 [2]:78 [3]:60
[0]:17462702 [1]:1851066 [2]:78 [3]:363
[0]:17672654 [1]:1874870 [2]:78 [3]:60
[0]:17861415 [1]:1896245 [2]:77 [3]:59
[0]:18054769 [1]:1917801 [2]:77 [3]:73
[0]:18245897 [1]:1939397 [2]:77 [3]:66
[0]:18442365 [1]:1961516 [2]:77 [3]:357
[0]:18638041 [1]:1983594 [2]:77 [3]:75
[0]:18843527 [1]:2006900 [2]:77 [3]:60
[0]:19058066 [1]:2031165 [2]:77 [3]:372
[0]:19264010 [1]:2054416 [2]:77 [3]:369
[0]:19459105 [1]:2076257 [2]:76 [3]:69
[0]:19657328 [1]:2098720 [2]:76 [3]:79
[0]:19855181 [1]:2120964 [2]:76 [3]:71
[0]:20054871 [1]:2151383 [2]:76 [3]:363
[0]:20246198 [1]:2184282 [2]:76 [3]:376
[0]:20444933 [1]:2218550 [2]:76 [3]:357
[0]:20686057 [1]:2260059 [2]:76 [3]:373
[0]:20892091 [1]:2295772 [2]:76 [3]:63
[0]:21095723 [1]:2330727 [2]:76 [3]:59
[0]:21293922 [1]:2364900 [2]:79 [3]:364
[0]:21491924 [1]:2398895 [2]:79 [3]:367
[0]:21686176 [1]:2432328 [2]:79 [3]:51
[0]:21879896 [1]:2465665 [2]:79 [3]:61
[0]:22081772 [1]:2500377 [2]:79 [3]:363
[0]:22282431 [1]:2534724 [2]:79 [3]:362
[0]:22485774 [1]:2569716 [2]:79 [3]:81
[0]:22736034 [1]:2612718 [2]:79 [3]:94
[0]:22926690 [1]:2645457 [2]:79 [3]:55
[0]:23119014 [1]:2678753 [2]:79 [3]:366
[0]:23407531 [1]:2728432 [2]:84 [3]:374
[0]:23610132 [1]:2763437 [2]:84 [3]:58
[0]:23811776 [1]:2798030 [2]:84 [3]:355
[0]:24017186 [1]:2833346 [2]:84 [3]:370
[0]:24243738 [1]:2872376 [2]:84 [3]:366
[0]:24446917 [1]:2907343 [2]:84 [3]:358
[0]:24697311 [1]:2950225 [2]:84 [3]:360
[0]:24887943 [1]:2982924 [2]:84 [3]:369
[0]:25087751 [1]:3017290 [2]:84 [3]:359
[0]:25280216 [1]:3050482 [2]:88 [3]:370
[0]:25478031 [1]:3084396 [2]:88 [3]:361
[0]:25668839 [1]:3117205 [2]:88 [3]:364
[0]:25865496 [1]:3151118 [2]:88 [3]:359
[0]:26060966 [1]:3184714 [2]:88 [3]:60
[0]:26258855 [1]:3218666 [2]:88 [3]:353
[0]:26457081 [1]:3252832 [2]:88 [3]:58
[0]:26649966 [1]:3286194 [2]:88 [3]:66
[0]:26848872 [1]:3320583 [2]:88 [3]:365
[0]:27043293 [1]:3354014 [2]:88 [3]:65
[0]:27237562 [1]:3387400 [2]:91 [3]:353
[0]:27429426 [1]:3420379 [2]:91 [3]:364
