[0]:137543305 [1]:24801060 [2]:166 [3]:76
[0]:137751626 [1]:24831932 [2]:166 [3]:360
[0]:137996649 [1]:24868308 [2]:166 [3]:370
[0]:138205424 [1]:24899263 [2]:166 [3]:361
[0]:138410952 [1]:24929793 [2]:166 [3]:360
[0]:138621210 [1]:24960924 [2]:166 [3]:365
[0]:138828085 [1]:24991639 [2]:166 [3]:357
[0]:139032745 [1]:25022042 [2]:166 [3]:359
[0]:139257680 [1]:25055460 [2]:162 [3]:76
[0]:139462634 [1]:25085846 [2]:162 [3]:359
[0]:139676711 [1]:25117551 [2]:162 [3]:358
[0]:139897971 [1]:25150322 [2]:162 [3]:360
[0]:140099487 [1]:25180256 [2]:162 [3]:362
[0]:140309998 [1]:25211431 [2]:162 [3]:87
[0]:140514921 [1]:25241810 [2]:162 [3]:368
[0]:140731642 [1]:25274023 [2]:162 [3]:360
[0]:140958590 [1]:25307749 [2]:162 [3]:375
[0]:141169071 [1]:25339053 [2]:162 [3]:366
[0]:141389588 [1]:25371765 [2]:162 [3]:367
[0]:141602473 [1]:25403386 [2]:162 [3]:357
[0]:141815310 [1]:25434916 [2]:162 [3]:365
[0]:142026224 [1]:25466202 [2]:162 [3]:84
[0]:142233030 [1]:25496865 [2]:162 [3]:371
[0]:142441840 [1]:25527788 [2]:162 [3]:372
[0]:142646792 [1]:25558157 [2]:162 [3]:369
[0]:142859764 [1]:25589882 [2]:155 [3]:367
[0]:143058339 [1]:25619502 [2]:155 [3]:356
[0]:143263599 [1]:25650020 [2]:155 [3]:367
[0]:143470286 [1]:25680779 [2]:155 [3]:367
[0]:143669544 [1]:25710299 [2]:155 [3]:361
[0]:143884213 [1]:25742183 [2]:155 [3]:363
[0]:144088757 [1]:25772602 [2]:155 [3]:353
[0]:144341833 [1]:25810219 [2]:155 [3]:357
[0]:144545699 [1]:25840508 [2]:155 [3]:361
[0]:144751127 [1]:25871017 [2]:155 [3]:75
[0]:144955849 [1]:25901438 [2]:155 [3]:369
[0]:145168785 [1]:25933133 [2]:155 [3]:360
[0]:145383620 [1]:25965248 [2]:155 [3]:83
[0]:145597962 [1]:25997396 [2]:155 [3]:371
[0]:145806669 [1]:26028348 [2]:155 [3]:363
[0]:146025975 [1]:26060879 [2]:155 [3]:365
[0]:146224311 [1]:26090374 [2]:155 [3]:365
[0]:146433337 [1]:26121455 [2]:153 [3]:362
[0]:146638177 [1]:26151865 [2]:153 [3]:369
[0]:146838968 [1]:26181687 [2]:153 [3]:369
[0]:147079515 [1]:26217475 [2]:153 [3]:367
[0]:147284480 [1]:26247972 [2]:153 [3]:366
[0]:147496950 [1]:26279594 [2]:153 [3]:361
[0]:147737416 [1]:26315438 [2]:153 [3]:359
[0]:147937855 [1]:26345339 [2]:153 [3]:364
[0]:148151078 [1]:26377099 [2]:153 [3]:86
[0]:148348213 [1]:26406318 [2]:153 [3]:370
[0]:148556897 [1]:26437443 [2]:153 [3]:365
[0]:148769819 [1]:26468981 [2]:153 [3]:364
[0]:148984537 [1]:26500871 [2]:153 [3]:360
[0]:149199322 [1]:26532797 [2]:153 [3]:371
[0]:149400200 [1]:26562571 [2]:153 [3]:86
[0]:149642895 [1]:26598556 [2]:153 [3]:369
[0]:149865091 [1]:26631462 [2]:153 [3]:364
[0]:150070213 [1]:26662037 [2]:152 [3]:366
[0]:150276931 [1]:26692757 [2]:152 [3]:365
[0]:150483552 [1]:26723378 [2]:152 [3]:364
[0]:150688945 [1]:26753794 [2]:152 [3]:362
[0]:150901826 [1]:26785396 [2]:152 [3]:363
[0]:151109015 [1]:26816159 [2]:152 [3]:368
[0]:151307036 [1]:26845600 [2]:152 [3]:366
[0]:151512675 [1]:26876207 [2]:152 [3]:361
[0]:151725490 [1]:26907775 [2]:152 [3]:374
[0]:151935720 [1]:26938956 [2]:152 [3]:367
[0]:152143007 [1]:26969844 [2]:152 [3]:362
[0]:152344834 [1]:26999867 [2]:152 [3]:369
[0]:152552113 [1]:27030661 [2]:152 [3]:366
[0]:152757782 [1]:27061199 [2]:152 [3]:370
[0]:152959317 [1]:27091104 [2]:152 [3]:370
