[0]:61019189 [1]:9733207 [2]:152 [3]:360
[0]:61235196 [1]:9783122 [2]:152 [3]:360
[0]:61459088 [1]:9834830 [2]:152 [3]:60
[0]:61653992 [1]:9879874 [2]:152 [3]:356
[0]:61847692 [1]:9924687 [2]:153 [3]:364
[0]:62045272 [1]:9970295 [2]:153 [3]:354
[0]:62245077 [1]:10016452 [2]:153 [3]:362
[0]:62462404 [1]:10066557 [2]:153 [3]:361
[0]:62661328 [1]:10112527 [2]:153 [3]:362
[0]:62855524 [1]:10157384 [2]:153 [3]:364
[0]:63086773 [1]:10210712 [2]:153 [3]:366
[0]:63284897 [1]:10256427 [2]:153 [3]:363
[0]:63471423 [1]:10299560 [2]:153 [3]:363
[0]:63663626 [1]:10344047 [2]:153 [3]:356
[0]:63868205 [1]:10391342 [2]:153 [3]:357
[0]:64079757 [1]:10440177 [2]:153 [3]:363
[0]:64277592 [1]:10485891 [2]:153 [3]:358
[0]:64478404 [1]:10532212 [2]:153 [3]:362
[0]:64673208 [1]:10577225 [2]:161 [3]:357
[0]:64871012 [1]:10622940 [2]:161 [3]:364
[0]:65065016 [1]:10667759 [2]:161 [3]:61
[0]:65266066 [1]:10714141 [2]:161 [3]:361
[0]:65460801 [1]:10759193 [2]:161 [3]:360
[0]:65651210 [1]:10803233 [2]:161 [3]:365
[0]:65847847 [1]:10848640 [2]:161 [3]:365
[0]:66050501 [1]:10895411 [2]:161 [3]:361
[0]:66270724 [1]:10946217 [2]:161 [3]:363
[0]:66466731 [1]:10991492 [2]:161 [3]:360
[0]:66688363 [1]:11042677 [2]:161 [3]:361
[0]:66885819 [1]:11088338 [2]:161 [3]:357
[0]:67080605 [1]:11133366 [2]:161 [3]:69
[0]:67274643 [1]:11178197 [2]:161 [3]:367
[0]:67491223 [1]:11228151 [2]:164 [3]:362
[0]:67685163 [1]:11273005 [2]:164 [3]:360
[0]:67881770 [1]:11318437 [2]:164 [3]:363
[0]:68179562 [1]:11387204 [2]:164 [3]:355
[0]:68379587 [1]:11433398 [2]:164 [3]:363
[0]:68577309 [1]:11479159 [2]:164 [3]:365
[0]:68778091 [1]:11525513 [2]:164 [3]:359
[0]:68992770 [1]:11575024 [2]:164 [3]:356
[0]:69193251 [1]:11621394 [2]:164 [3]:364
[0]:69412571 [1]:11672116 [2]:164 [3]:361
[0]:69617299 [1]:11719395 [2]:164 [3]:358
[0]:69816535 [1]:11765470 [2]:164 [3]:363
[0]:70014351 [1]:11811083 [2]:164 [3]:358
[0]:70207986 [1]:11855849 [2]:165 [3]:64
[0]:70400298 [1]:11900367 [2]:165 [3]:367
[0]:70604100 [1]:11947441 [2]:165 [3]:363
[0]:70801705 [1]:11993118 [2]:165 [3]:355
[0]:71003342 [1]:12039643 [2]:165 [3]:56
[0]:71223588 [1]:12090501 [2]:165 [3]:355
[0]:71447530 [1]:12142260 [2]:165 [3]:360
[0]:71641638 [1]:12187180 [2]:165 [3]:359
[0]:71832012 [1]:12231104 [2]:165 [3]:360
[0]:72025904 [1]:12275890 [2]:165 [3]:361
[0]:72223428 [1]:12321489 [2]:165 [3]:359
[0]:72420354 [1]:12366961 [2]:165 [3]:57
[0]:72615748 [1]:12412043 [2]:165 [3]:355
[0]:72808706 [1]:12456573 [2]:165 [3]:371
[0]:72997894 [1]:12500325 [2]:166 [3]:360
[0]:73190568 [1]:12544830 [2]:166 [3]:362
[0]:73399732 [1]:12593135 [2]:166 [3]:53
[0]:73619168 [1]:12643835 [2]:166 [3]:367
[0]:73811304 [1]:12688177 [2]:166 [3]:365
[0]:74022978 [1]:12737298 [2]:166 [3]:357
[0]:74285392 [1]:12797926 [2]:166 [3]:351
[0]:74489843 [1]:12845154 [2]:166 [3]:363
[0]:74694638 [1]:12892432 [2]:166 [3]:362
[0]:74892520 [1]:12938134 [2]:166 [3]:363
[0]:75082862 [1]:12982076 [2]:166 [3]:66
[0]:75306836 [1]:13033838 [2]:166 [3]:357
[0]:75497136 [1]:13077820 [2]:166 [3]:361
[0]:75695022 [1]:13123470 [2]:166 [3]:54
[0]:75896042 [1]:13169992 [2]:166 [3]:361
