[0]:76106379 [1]:13205631 [2]:166 [3]:77
[0]:76319070 [1]:13237194 [2]:166 [3]:365
[0]:76532003 [1]:13268751 [2]:166 [3]:366
[0]:76740505 [1]:13299593 [2]:166 [3]:83
[0]:76969469 [1]:13333589 [2]:166 [3]:363
[0]:77178161 [1]:13364692 [2]:166 [3]:77
[0]:77392433 [1]:13396629 [2]:166 [3]:365
[0]:77611559 [1]:13429153 [2]:166 [3]:374
[0]:77832351 [1]:13461955 [2]:166 [3]:363
[0]:78033280 [1]:13491778 [2]:166 [3]:360
[0]:78238144 [1]:13522260 [2]:166 [3]:89
[0]:78443156 [1]:13552592 [2]:166 [3]:368
[0]:78650347 [1]:13583238 [2]:166 [3]:366
[0]:78856985 [1]:13613893 [2]:166 [3]:369
[0]:79063677 [1]:13644597 [2]:166 [3]:94
[0]:79278683 [1]:13676465 [2]:158 [3]:368
[0]:79487600 [1]:13707361 [2]:158 [3]:355
[0]:79687387 [1]:13736966 [2]:158 [3]:81
[0]:79911572 [1]:13770227 [2]:158 [3]:371
[0]:80142091 [1]:13804428 [2]:158 [3]:359
[0]:80354034 [1]:13835848 [2]:158 [3]:85
[0]:80571461 [1]:13868092 [2]:158 [3]:354
[0]:80822996 [1]:13905411 [2]:158 [3]:366
[0]:81024536 [1]:13935354 [2]:158 [3]:368
[0]:81229434 [1]:13965877 [2]:158 [3]:367
[0]:81437565 [1]:13996667 [2]:158 [3]:362
[0]:81727434 [1]:14039684 [2]:158 [3]:369
[0]:81941205 [1]:14071358 [2]:158 [3]:370
[0]:82150307 [1]:14102421 [2]:158 [3]:361
[0]:82378363 [1]:14136331 [2]:158 [3]:369
[0]:82580575 [1]:14166352 [2]:158 [3]:79
[0]:82821617 [1]:14202033 [2]:158 [3]:366
[0]:83026445 [1]:14232486 [2]:154 [3]:370
[0]:83235231 [1]:14263489 [2]:154 [3]:362
[0]:83447671 [1]:14295078 [2]:154 [3]:371
[0]:83647531 [1]:14324736 [2]:154 [3]:78
[0]:83845326 [1]:14354026 [2]:154 [3]:367
[0]:84047173 [1]:14383997 [2]:154 [3]:85
[0]:84248099 [1]:14413892 [2]:154 [3]:369
[0]:84455688 [1]:14444691 [2]:154 [3]:366
[0]:84665695 [1]:14475886 [2]:154 [3]:370
[0]:84872287 [1]:14506659 [2]:154 [3]:367
[0]:85075594 [1]:14536788 [2]:154 [3]:371
[0]:85281022 [1]:14567243 [2]:154 [3]:367
[0]:85481696 [1]:14597106 [2]:154 [3]:362
[0]:85686364 [1]:14627439 [2]:154 [3]:364
[0]:85894333 [1]:14658297 [2]:154 [3]:358
[0]:86104097 [1]:14689433 [2]:154 [3]:365
[0]:86320828 [1]:14721555 [2]:154 [3]:79
[0]:86533708 [1]:14753187 [2]:152 [3]:360
[0]:86735810 [1]:14783121 [2]:152 [3]:76
[0]:86934869 [1]:14812619 [2]:152 [3]:374
[0]:87144540 [1]:14843789 [2]:152 [3]:370
[0]:87357109 [1]:14875439 [2]:152 [3]:367
[0]:87558181 [1]:14905307 [2]:152 [3]:355
[0]:87759162 [1]:14935105 [2]:152 [3]:369
[0]:87967677 [1]:14966070 [2]:152 [3]:368
[0]:88179409 [1]:14997558 [2]:152 [3]:361
[0]:88387925 [1]:15028425 [2]:152 [3]:366
[0]:88598249 [1]:15059659 [2]:152 [3]:359
[0]:88807013 [1]:15090609 [2]:152 [3]:368
[0]:89020365 [1]:15122164 [2]:152 [3]:82
[0]:89229073 [1]:15153085 [2]:152 [3]:365
[0]:89434117 [1]:15183475 [2]:152 [3]:82
[0]:89631183 [1]:15212709 [2]:152 [3]:355
[0]:89843923 [1]:15244370 [2]:152 [3]:356
[0]:90056813 [1]:15275943 [2]:151 [3]:361
[0]:90275629 [1]:15308296 [2]:151 [3]:360
[0]:90482704 [1]:15339014 [2]:151 [3]:355
[0]:90695112 [1]:15370533 [2]:151 [3]:365
[0]:90912361 [1]:15402760 [2]:151 [3]:360
[0]:91116924 [1]:15433085 [2]:151 [3]:373
[0]:91363613 [1]:15469695 [2]:151 [3]:370
[0]:91621342 [1]:15507930 [2]:151 [3]:80
