[0]:85345005 [1]:13865500 [2]:140 [3]:370
[0]:85543839 [1]:13895067 [2]:140 [3]:354
[0]:85751557 [1]:13925901 [2]:140 [3]:368
[0]:85963916 [1]:13957347 [2]:140 [3]:363
[0]:86172269 [1]:13988168 [2]:140 [3]:371
[0]:86389243 [1]:14020342 [2]:141 [3]:365
[0]:86594193 [1]:14050856 [2]:141 [3]:369
[0]:86814546 [1]:14083569 [2]:141 [3]:367
[0]:87019831 [1]:14113965 [2]:141 [3]:372
[0]:87223734 [1]:14144114 [2]:141 [3]:366
[0]:87433619 [1]:14175233 [2]:141 [3]:372
[0]:87642643 [1]:14206254 [2]:141 [3]:74
[0]:87841711 [1]:14235754 [2]:141 [3]:365
[0]:88040653 [1]:14265302 [2]:141 [3]:84
[0]:88254686 [1]:14297025 [2]:141 [3]:366
[0]:88462340 [1]:14327867 [2]:141 [3]:72
[0]:88667312 [1]:14358267 [2]:141 [3]:359
[0]:88887374 [1]:14390900 [2]:141 [3]:365
[0]:89086652 [1]:14420395 [2]:141 [3]:364
[0]:89301741 [1]:14452399 [2]:141 [3]:371
[0]:89498597 [1]:14481573 [2]:141 [3]:361
[0]:89703678 [1]:14512023 [2]:141 [3]:362
[0]:89955928 [1]:14549469 [2]:141 [3]:371
[0]:90171931 [1]:14581488 [2]:141 [3]:81
[0]:90371575 [1]:14611078 [2]:141 [3]:360
[0]:90574500 [1]:14641187 [2]:141 [3]:74
[0]:90779166 [1]:14671504 [2]:141 [3]:82
[0]:91012059 [1]:14706102 [2]:141 [3]:362
[0]:91218795 [1]:14736774 [2]:141 [3]:365
[0]:91423159 [1]:14767082 [2]:141 [3]:77
[0]:91628387 [1]:14797472 [2]:141 [3]:361
[0]:91831905 [1]:14827695 [2]:141 [3]:365
[0]:92024801 [1]:14856258 [2]:141 [3]:372
[0]:92233664 [1]:14887347 [2]:141 [3]:357
[0]:92438992 [1]:14917906 [2]:141 [3]:368
[0]:92643730 [1]:14948235 [2]:141 [3]:364
[0]:92862212 [1]:14980665 [2]:141 [3]:355
[0]:93069462 [1]:15011314 [2]:141 [3]:87
[0]:93282303 [1]:15042971 [2]:141 [3]:82
[0]:93498743 [1]:15075019 [2]:141 [3]:75
[0]:93705747 [1]:15105699 [2]:141 [3]:371
[0]:93908115 [1]:15135720 [2]:141 [3]:83
[0]:94115921 [1]:15166596 [2]:141 [3]:74
[0]:94318705 [1]:15196644 [2]:141 [3]:370
[0]:94527635 [1]:15227638 [2]:141 [3]:355
[0]:94736206 [1]:15258729 [2]:141 [3]:362
[0]:94945371 [1]:15289639 [2]:141 [3]:364
[0]:95162444 [1]:15321851 [2]:141 [3]:369
[0]:95370747 [1]:15352835 [2]:141 [3]:361
[0]:95571563 [1]:15382566 [2]:141 [3]:361
[0]:95792248 [1]:15415375 [2]:141 [3]:79
[0]:95994891 [1]:15445399 [2]:141 [3]:91
[0]:96210187 [1]:15477295 [2]:141 [3]:361
[0]:96446138 [1]:15512269 [2]:141 [3]:83
[0]:96655667 [1]:15543326 [2]:141 [3]:364
[0]:96884178 [1]:15577215 [2]:141 [3]:77
[0]:97096339 [1]:15608680 [2]:141 [3]:358
[0]:97309294 [1]:15640246 [2]:141 [3]:72
[0]:97522572 [1]:15671899 [2]:141 [3]:360
[0]:97719650 [1]:15701213 [2]:141 [3]:370
[0]:97928602 [1]:15732151 [2]:141 [3]:364
[0]:98140292 [1]:15763529 [2]:141 [3]:370
[0]:98366151 [1]:15797022 [2]:141 [3]:366
[0]:98575038 [1]:15827990 [2]:141 [3]:364
[0]:98787511 [1]:15859608 [2]:141 [3]:357
[0]:98988651 [1]:15889417 [2]:141 [3]:360
[0]:99191727 [1]:15919604 [2]:141 [3]:360
[0]:99409717 [1]:15952029 [2]:141 [3]:377
[0]:99622099 [1]:15983725 [2]:141 [3]:367
[0]:99837618 [1]:16015783 [2]:141 [3]:78
[0]:100043692 [1]:16046325 [2]:141 [3]:367
[0]:100245643 [1]:16076259 [2]:141 [3]:361
[0]:100490038 [1]:16112450 [2]:141 [3]:364
[0]:100694863 [1]:16142900 [2]:141 [3]:371
[0]:100899647 [1]:16173273 [2]:141 [3]:372
[0]:101111821 [1]:16204804 [2]:141 [3]:369
[0]:101316938 [1]:16235303 [2]:141 [3]:364
[0]:101526461 [1]:16266304 [2]:141 [3]:368
[0]:101739960 [1]:16298044 [2]:141 [3]:360
[0]:101944142 [1]:16328265 [2]:141 [3]:365
[0]:102180425 [1]:16363411 [2]:141 [3]:360
[0]:102395444 [1]:16395370 [2]:141 [3]:372
[0]:102614057 [1]:16427851 [2]:141 [3]:357
[0]:102814928 [1]:16457691 [2]:141 [3]:363
[0]:103035146 [1]:16490436 [2]:141 [3]:368
[0]:103236453 [1]:16520248 [2]:141 [3]:370
[0]:103449446 [1]:16551737 [2]:141 [3]:360
[0]:103658370 [1]:16582684 [2]:141 [3]:370
[0]:103879135 [1]:16615389 [2]:141 [3]:365
[0]:104139107 [1]:16654008 [2]:141 [3]:368
[0]:104340693 [1]:16683963 [2]:141 [3]:75
[0]:104607314 [1]:16723515 [2]:141 [3]:371
[0]:104842275 [1]:16758347 [2]:141 [3]:362
[0]:105050622 [1]:16789282 [2]:141 [3]:359
[0]:105254362 [1]:16819565 [2]:141 [3]:357
[0]:105451235 [1]:16848897 [2]:141 [3]:361
[0]:105656321 [1]:16879360 [2]:141 [3]:364
[0]:105857231 [1]:16909148 [2]:141 [3]:78
[0]:106059231 [1]:16939164 [2]:141 [3]:357
[0]:106267070 [1]:16970033 [2]:141 [3]:362
[0]:106491780 [1]:17003348 [2]:141 [3]:73
[0]:106694959 [1]:17033612 [2]:141 [3]:368
[0]:106905443 [1]:17064870 [2]:141 [3]:369
[0]:107109752 [1]:17095150 [2]:141 [3]:360
[0]:107321539 [1]:17126549 [2]:141 [3]:364
[0]:107527824 [1]:17157273 [2]:141 [3]:371
[0]:107740887 [1]:17188836 [2]:141 [3]:86
[0]:107953350 [1]:17220309 [2]:141 [3]:361
[0]:108177092 [1]:17253563 [2]:141 [3]:366
[0]:108383377 [1]:17284186 [2]:141 [3]:366
[0]:108588121 [1]:17314618 [2]:141 [3]:81
[0]:108819146 [1]:17348850 [2]:141 [3]:366
[0]:109029428 [1]:17379990 [2]:141 [3]:364
[0]:109230719 [1]:17409886 [2]:141 [3]:360
[0]:109435503 [1]:17440397 [2]:141 [3]:373
[0]:109640326 [1]:17470837 [2]:141 [3]:361
[0]:109864728 [1]:17504059 [2]:141 [3]:365
[0]:110069701 [1]:17534453 [2]:141 [3]:360
[0]:110272332 [1]:17564575 [2]:141 [3]:356
[0]:110476273 [1]:17594702 [2]:141 [3]:358
[0]:110700644 [1]:17627839 [2]:141 [3]:74
[0]:110916422 [1]:17659839 [2]:141 [3]:368
[0]:111181641 [1]:17699131 [2]:141 [3]:358
[0]:111384803 [1]:17729309 [2]:141 [3]:359
[0]:111591198 [1]:17759997 [2]:141 [3]:364
[0]:111819951 [1]:17793841 [2]:141 [3]:84
[0]:112037707 [1]:17826152 [2]:141 [3]:372
[0]:112249327 [1]:17857656 [2]:141 [3]:73
[0]:112450271 [1]:17887539 [2]:141 [3]:373
[0]:112655254 [1]:17917963 [2]:141 [3]:369
[0]:112864255 [1]:17948875 [2]:141 [3]:376
[0]:113072951 [1]:17979841 [2]:141 [3]:365
[0]:113277915 [1]:18010298 [2]:141 [3]:368
[0]:113488650 [1]:18041488 [2]:141 [3]:352
[0]:113688809 [1]:18071198 [2]:141 [3]:372
[0]:113888687 [1]:18100911 [2]:141 [3]:371
[0]:114093941 [1]:18131378 [2]:141 [3]:358
[0]:114298687 [1]:18161712 [2]:141 [3]:81
[0]:114507373 [1]:18192586 [2]:141 [3]:366
[0]:114716443 [1]:18223611 [2]:141 [3]:364
