[0]:160882241 [1]:25650272 [2]:150 [3]:357
[0]:161090292 [1]:25698243 [2]:150 [3]:351
[0]:161310411 [1]:25749024 [2]:150 [3]:361
[0]:161519202 [1]:25797206 [2]:150 [3]:364
[0]:161712916 [1]:25841940 [2]:151 [3]:61
[0]:161915277 [1]:25888584 [2]:151 [3]:367
[0]:162111637 [1]:25933997 [2]:151 [3]:357
[0]:162321447 [1]:25982588 [2]:151 [3]:360
[0]:162526844 [1]:26030046 [2]:151 [3]:356
[0]:162719983 [1]:26074657 [2]:151 [3]:364
[0]:162915694 [1]:26119778 [2]:151 [3]:355
[0]:163109109 [1]:26164434 [2]:151 [3]:358
[0]:163296346 [1]:26207619 [2]:151 [3]:362
[0]:163482661 [1]:26250688 [2]:151 [3]:365
[0]:163688833 [1]:26298412 [2]:151 [3]:363
[0]:163885874 [1]:26343857 [2]:151 [3]:360
[0]:164136467 [1]:26401824 [2]:151 [3]:363
[0]:164326260 [1]:26445712 [2]:151 [3]:365
[0]:164520470 [1]:26490557 [2]:153 [3]:56
[0]:164739169 [1]:26541019 [2]:153 [3]:362
[0]:164941953 [1]:26587914 [2]:153 [3]:366
[0]:165136375 [1]:26632881 [2]:153 [3]:60
[0]:165360164 [1]:26684590 [2]:153 [3]:360
[0]:165554299 [1]:26729541 [2]:153 [3]:363
[0]:165778218 [1]:26781278 [2]:153 [3]:355
[0]:165979951 [1]:26827902 [2]:153 [3]:362
[0]:166199766 [1]:26878684 [2]:153 [3]:61
[0]:166397978 [1]:26924415 [2]:153 [3]:363
[0]:166604777 [1]:26972154 [2]:153 [3]:60
[0]:166796893 [1]:27016624 [2]:153 [3]:358
[0]:166997461 [1]:27062989 [2]:153 [3]:64
[0]:167192673 [1]:27108125 [2]:155 [3]:360
[0]:167390508 [1]:27153833 [2]:155 [3]:362
[0]:167584680 [1]:27198602 [2]:155 [3]:367
[0]:167782294 [1]:27244307 [2]:155 [3]:355
[0]:167973404 [1]:27288484 [2]:155 [3]:365
[0]:168173026 [1]:27334628 [2]:155 [3]:354
[0]:168368540 [1]:27379766 [2]:155 [3]:362
[0]:168558587 [1]:27423593 [2]:155 [3]:367
[0]:168760203 [1]:27470136 [2]:155 [3]:361
[0]:168962122 [1]:27516813 [2]:155 [3]:359
[0]:169174806 [1]:27565913 [2]:155 [3]:368
[0]:169372353 [1]:27611442 [2]:155 [3]:364
[0]:169566315 [1]:27656271 [2]:155 [3]:361
[0]:169759739 [1]:27700949 [2]:155 [3]:365
[0]:169951126 [1]:27745175 [2]:155 [3]:363
[0]:170152694 [1]:27791726 [2]:157 [3]:64
[0]:170372869 [1]:27842520 [2]:157 [3]:364
[0]:170574363 [1]:27889131 [2]:157 [3]:360
[0]:170768528 [1]:27933978 [2]:157 [3]:364
[0]:170966390 [1]:27979674 [2]:157 [3]:353
[0]:171172122 [1]:28027193 [2]:157 [3]:349
[0]:171369403 [1]:28072733 [2]:157 [3]:364
[0]:171574396 [1]:28120042 [2]:157 [3]:362
[0]:171780102 [1]:28167561 [2]:157 [3]:354
[0]:171977533 [1]:28213202 [2]:157 [3]:366
[0]:172175649 [1]:28258899 [2]:157 [3]:362
[0]:172407776 [1]:28312550 [2]:157 [3]:366
[0]:172634619 [1]:28364994 [2]:157 [3]:363
[0]:172828539 [1]:28409834 [2]:158 [3]:363
[0]:173022924 [1]:28454762 [2]:158 [3]:361
[0]:173208540 [1]:28497574 [2]:158 [3]:363
[0]:173395279 [1]:28540714 [2]:158 [3]:360
[0]:173581498 [1]:28583768 [2]:158 [3]:363
[0]:173761751 [1]:28625420 [2]:158 [3]:66
[0]:173955980 [1]:28670373 [2]:158 [3]:365
[0]:174154252 [1]:28716117 [2]:158 [3]:58
[0]:174354532 [1]:28762392 [2]:158 [3]:367
[0]:174565824 [1]:28811235 [2]:158 [3]:365
[0]:174769660 [1]:28858326 [2]:158 [3]:368
[0]:174963829 [1]:28903154 [2]:158 [3]:367
[0]:175172925 [1]:28951473 [2]:158 [3]:366
[0]:175374302 [1]:28998028 [2]:158 [3]:364
[0]:175568288 [1]:29042837 [2]:158 [3]:356
[0]:175773166 [1]:29090131 [2]:159 [3]:371
[0]:175967850 [1]:29135038 [2]:159 [3]:56
[0]:176165459 [1]:29180679 [2]:159 [3]:356
[0]:176359692 [1]:29225605 [2]:159 [3]:356
[0]:176561005 [1]:29272121 [2]:159 [3]:359
[0]:176755336 [1]:29317015 [2]:159 [3]:358
[0]:176953271 [1]:29362656 [2]:159 [3]:355
[0]:177154858 [1]:29409241 [2]:159 [3]:60
[0]:177351986 [1]:29454788 [2]:159 [3]:359
[0]:177553882 [1]:29501470 [2]:159 [3]:357
[0]:177751801 [1]:29547103 [2]:159 [3]:364
[0]:177945734 [1]:29591950 [2]:159 [3]:364
[0]:178143808 [1]:29637708 [2]:159 [3]:364
[0]:178337735 [1]:29682521 [2]:159 [3]:359
[0]:178534982 [1]:29728115 [2]:160 [3]:365
[0]:178724214 [1]:29771809 [2]:160 [3]:349
[0]:178919781 [1]:29817039 [2]:160 [3]:363
[0]:179132960 [1]:29866252 [2]:160 [3]:363
[0]:179397935 [1]:29927528 [2]:160 [3]:62
[0]:179588266 [1]:29971406 [2]:160 [3]:362
[0]:179813732 [1]:30023504 [2]:160 [3]:359
[0]:180010031 [1]:30068817 [2]:160 [3]:362
[0]:180211709 [1]:30115480 [2]:160 [3]:361
[0]:180419858 [1]:30163612 [2]:160 [3]:361
[0]:180618418 [1]:30209447 [2]:160 [3]:363
[0]:180815996 [1]:30255122 [2]:160 [3]:367
[0]:181003049 [1]:30298294 [2]:160 [3]:358
[0]:181200626 [1]:30343965 [2]:161 [3]:358
[0]:181394738 [1]:30388844 [2]:161 [3]:358
[0]:181632951 [1]:30443829 [2]:161 [3]:365
[0]:181827782 [1]:30488852 [2]:161 [3]:358
[0]:182036776 [1]:30537236 [2]:161 [3]:360
[0]:182234493 [1]:30582900 [2]:161 [3]:357
[0]:182439947 [1]:30630300 [2]:161 [3]:55
[0]:182633920 [1]:30675101 [2]:161 [3]:360
[0]:182902530 [1]:30737253 [2]:161 [3]:362
[0]:183088315 [1]:30780219 [2]:161 [3]:364
[0]:183344948 [1]:30839414 [2]:161 [3]:358
[0]:183538948 [1]:30884240 [2]:161 [3]:61
[0]:183753630 [1]:30933907 [2]:161 [3]:59
[0]:183954951 [1]:30980455 [2]:161 [3]:56
[0]:184160061 [1]:31027835 [2]:161 [3]:360
[0]:184384333 [1]:31079633 [2]:161 [3]:357
[0]:184574752 [1]:31123656 [2]:161 [3]:60
[0]:184765036 [1]:31167638 [2]:161 [3]:361
[0]:185011252 [1]:31224497 [2]:161 [3]:364
[0]:185205223 [1]:31269245 [2]:161 [3]:364
[0]:185418191 [1]:31318451 [2]:161 [3]:360
[0]:185665592 [1]:31375651 [2]:161 [3]:361
[0]:185868292 [1]:31422497 [2]:161 [3]:364
[0]:186061229 [1]:31467070 [2]:161 [3]:359
[0]:186258102 [1]:31512497 [2]:161 [3]:365
[0]:186452220 [1]:31557363 [2]:161 [3]:357
[0]:186646337 [1]:31602204 [2]:161 [3]:362
[0]:186854665 [1]:31650304 [2]:161 [3]:364
[0]:187052905 [1]:31696040 [2]:161 [3]:73
[0]:187247308 [1]:31740953 [2]:161 [3]:57
[0]:187441336 [1]:31785775 [2]:161 [3]:362
[0]:187631685 [1]:31829763 [2]:161 [3]:364
[0]:187825492 [1]:31874548 [2]:161 [3]:364
[0]:188038424 [1]:31923707 [2]:161 [3]:354
[0]:188243178 [1]:31971012 [2]:161 [3]:359
[0]:188429702 [1]:32014165 [2]:161 [3]:359
[0]:188618094 [1]:32057663 [2]:161 [3]:358
[0]:188813227 [1]:32102804 [2]:161 [3]:360
[0]:189011339 [1]:32148528 [2]:161 [3]:365
[0]:189209816 [1]:32194360 [2]:161 [3]:364
[0]:189408898 [1]:32240359 [2]:161 [3]:364
[0]:189602400 [1]:32285099 [2]:161 [3]:61
[0]:189791641 [1]:32328865 [2]:161 [3]:360
[0]:189989742 [1]:32374599 [2]:161 [3]:362
[0]:190188247 [1]:32420472 [2]:161 [3]:56
[0]:190382906 [1]:32465428 [2]:161 [3]:364
[0]:190583959 [1]:32511892 [2]:161 [3]:359
[0]:190830245 [1]:32568760 [2]:161 [3]:364
[0]:191024373 [1]:32613632 [2]:161 [3]:56
[0]:191221778 [1]:32659268 [2]:161 [3]:359
[0]:191419940 [1]:32705030 [2]:161 [3]:362
[0]:191615651 [1]:32750305 [2]:161 [3]:358
[0]:191840069 [1]:32802068 [2]:161 [3]:55
[0]:192050624 [1]:32850725 [2]:161 [3]:361
[0]:192248258 [1]:32896346 [2]:161 [3]:359
[0]:192450087 [1]:32942990 [2]:161 [3]:356
[0]:192647932 [1]:32988695 [2]:161 [3]:318
[0]:192853272 [1]:33036160 [2]:161 [3]:352
[0]:193050994 [1]:33081839 [2]:161 [3]:361
[0]:193244865 [1]:33126683 [2]:161 [3]:366
[0]:193439157 [1]:33171561 [2]:161 [3]:65
[0]:193649654 [1]:33220142 [2]:161 [3]:360
[0]:193839213 [1]:33263955 [2]:161 [3]:356
[0]:194030725 [1]:33308198 [2]:161 [3]:57
[0]:194233923 [1]:33355176 [2]:161 [3]:362
[0]:194421993 [1]:33398656 [2]:161 [3]:67
[0]:194614925 [1]:33443117 [2]:161 [3]:363
[0]:194812746 [1]:33488846 [2]:161 [3]:355
[0]:195005694 [1]:33533422 [2]:161 [3]:352
[0]:195223304 [1]:33583751 [2]:161 [3]:356
[0]:195421115 [1]:33629484 [2]:161 [3]:361
[0]:195612144 [1]:33673508 [2]:161 [3]:365
[0]:195801805 [1]:33717341 [2]:161 [3]:361
[0]:196007141 [1]:33764726 [2]:161 [3]:63
[0]:196212285 [1]:33812139 [2]:161 [3]:360
[0]:196414044 [1]:33858695 [2]:161 [3]:360
[0]:196611669 [1]:33904394 [2]:161 [3]:359
[0]:196808311 [1]:33949816 [2]:161 [3]:359
[0]:197054651 [1]:34006759 [2]:161 [3]:360
[0]:197262520 [1]:34054836 [2]:161 [3]:367
[0]:197456096 [1]:34099490 [2]:161 [3]:352
[0]:197651069 [1]:34144622 [2]:161 [3]:360
[0]:197843377 [1]:34189090 [2]:161 [3]:69
[0]:198044854 [1]:34235654 [2]:161 [3]:357
[0]:198236238 [1]:34279928 [2]:161 [3]:59
[0]:198433115 [1]:34325366 [2]:161 [3]:360
[0]:198627131 [1]:34370263 [2]:161 [3]:365
[0]:198824627 [1]:34415924 [2]:161 [3]:356
[0]:199029408 [1]:34463238 [2]:161 [3]:357
[0]:199238482 [1]:34511494 [2]:161 [3]:356
[0]:199440578 [1]:34558165 [2]:161 [3]:361
[0]:199631174 [1]:34602206 [2]:161 [3]:366
[0]:199830525 [1]:34648313 [2]:161 [3]:364
[0]:200023123 [1]:34692797 [2]:161 [3]:362
[0]:200214347 [1]:34736905 [2]:161 [3]:362
[0]:200415009 [1]:34783281 [2]:161 [3]:371
[0]:200452475 [1]:34791966 [2]:161 [3]:359
[0]:200452475 [1]:34791966 [2]:161 [3]:359
[0]:200452475 [1]:34791966 [2]:161 [3]:359
[0]:200452475 [1]:34791966 [2]:161 [3]:359
[0]:200452475 [1]:34791966 [2]:161 [3]:359
[0]:200452475 [1]:34791966 [2]:161 [3]:359
[0]:200452475 [1]:34791966 [2]:161 [3]:359
[0]:200452475 [1]:34791966 [2]:161 [3]:359
[0]:200452475 [1]:34791966 [2]:161 [3]:359
[0]:200452475 [1]:34791966 [2]:161 [3]:359
[0]:200452475 [1]:34791966 [2]:161 [3]:359
