[0]:137734082 [1]:21657943 [2]:134 [3]:361
[0]:137954911 [1]:21690728 [2]:134 [3]:369
[0]:138162842 [1]:21721489 [2]:134 [3]:360
[0]:138372795 [1]:21752580 [2]:134 [3]:364
[0]:138577654 [1]:21782972 [2]:134 [3]:368
[0]:138786662 [1]:21813922 [2]:134 [3]:366
[0]:138999583 [1]:21845435 [2]:134 [3]:369
[0]:139218694 [1]:21877910 [2]:134 [3]:360
[0]:139421812 [1]:21908130 [2]:134 [3]:363
[0]:139629886 [1]:21939049 [2]:134 [3]:361
[0]:139830875 [1]:21968829 [2]:134 [3]:378
[0]:140039695 [1]:21999902 [2]:134 [3]:366
[0]:140256336 [1]:22032057 [2]:134 [3]:81
[0]:140469303 [1]:22063629 [2]:134 [3]:369
[0]:140678204 [1]:22094536 [2]:134 [3]:359
[0]:140894788 [1]:22126760 [2]:134 [3]:365
[0]:141106835 [1]:22158254 [2]:136 [3]:367
[0]:141308712 [1]:22188106 [2]:136 [3]:370
[0]:141525398 [1]:22220196 [2]:136 [3]:371
[0]:141753664 [1]:22253982 [2]:136 [3]:372
[0]:141958905 [1]:22284391 [2]:136 [3]:365
[0]:142236510 [1]:22325574 [2]:136 [3]:77
[0]:142435903 [1]:22355233 [2]:136 [3]:362
[0]:142675955 [1]:22390886 [2]:136 [3]:360
[0]:142881102 [1]:22421331 [2]:136 [3]:358
[0]:143085895 [1]:22451658 [2]:136 [3]:366
[0]:143310425 [1]:22485173 [2]:136 [3]:360
[0]:143523169 [1]:22516753 [2]:136 [3]:86
[0]:143739501 [1]:22548930 [2]:136 [3]:369
[0]:143946871 [1]:22579719 [2]:136 [3]:83
[0]:144164577 [1]:22611986 [2]:136 [3]:82
[0]:144378394 [1]:22643731 [2]:136 [3]:367
[0]:144585965 [1]:22674499 [2]:136 [3]:360
[0]:144799808 [1]:22706148 [2]:136 [3]:366
[0]:145039886 [1]:22741723 [2]:136 [3]:359
[0]:145255764 [1]:22773814 [2]:136 [3]:360
[0]:145462216 [1]:22804473 [2]:136 [3]:83
[0]:145678890 [1]:22836564 [2]:136 [3]:83
[0]:145887269 [1]:22867588 [2]:136 [3]:355
[0]:146085654 [1]:22896993 [2]:136 [3]:81
[0]:146297688 [1]:22928392 [2]:136 [3]:359
[0]:146498574 [1]:22958275 [2]:136 [3]:363
[0]:146703966 [1]:22988764 [2]:136 [3]:360
[0]:146914461 [1]:23020058 [2]:136 [3]:367
[0]:147126284 [1]:23051531 [2]:136 [3]:368
[0]:147333567 [1]:23082250 [2]:136 [3]:358
[0]:147542903 [1]:23113212 [2]:136 [3]:365
[0]:147790039 [1]:23149758 [2]:136 [3]:370
[0]:148004122 [1]:23181574 [2]:136 [3]:363
[0]:148212873 [1]:23212521 [2]:137 [3]:363
[0]:148417854 [1]:23242859 [2]:137 [3]:72
[0]:148647451 [1]:23276879 [2]:137 [3]:70
[0]:148855240 [1]:23307705 [2]:137 [3]:362
[0]:149060222 [1]:23338140 [2]:137 [3]:358
[0]:149272400 [1]:23369675 [2]:137 [3]:73
[0]:149481751 [1]:23400822 [2]:137 [3]:359
[0]:149686683 [1]:23431134 [2]:137 [3]:360
[0]:149906454 [1]:23463715 [2]:137 [3]:364
[0]:150120536 [1]:23495398 [2]:137 [3]:84
[0]:150341036 [1]:23528036 [2]:137 [3]:371
[0]:150557533 [1]:23560007 [2]:137 [3]:366
[0]:150809990 [1]:23597557 [2]:137 [3]:361
[0]:151014920 [1]:23627946 [2]:137 [3]:361
[0]:151219908 [1]:23658374 [2]:137 [3]:354
[0]:151423446 [1]:23688588 [2]:137 [3]:366
[0]:151632719 [1]:23719529 [2]:137 [3]:365
[0]:151842535 [1]:23750751 [2]:137 [3]:357
[0]:152052134 [1]:23781889 [2]:137 [3]:367
[0]:152284142 [1]:23816303 [2]:137 [3]:91
[0]:152496530 [1]:23847737 [2]:137 [3]:366
[0]:152720259 [1]:23880913 [2]:137 [3]:361
[0]:152925778 [1]:23911363 [2]:137 [3]:367
[0]:153205909 [1]:23952969 [2]:137 [3]:365
