[0]:76250404 [1]:10053872 [2]:104 [3]:78
[0]:76467557 [1]:10086126 [2]:104 [3]:363
[0]:76707640 [1]:10121805 [2]:104 [3]:372
[0]:76928556 [1]:10154559 [2]:104 [3]:361
[0]:77141386 [1]:10186080 [2]:104 [3]:372
[0]:77352998 [1]:10217409 [2]:104 [3]:74
[0]:77590403 [1]:10252660 [2]:109 [3]:367
[0]:77791665 [1]:10282498 [2]:109 [3]:359
[0]:77999741 [1]:10313329 [2]:109 [3]:362
[0]:78223833 [1]:10346567 [2]:109 [3]:78
[0]:78469765 [1]:10382960 [2]:109 [3]:70
[0]:78682448 [1]:10414608 [2]:109 [3]:362
[0]:78895147 [1]:10446173 [2]:109 [3]:360
[0]:79111927 [1]:10478420 [2]:109 [3]:75
[0]:79316953 [1]:10508893 [2]:109 [3]:368
[0]:79529544 [1]:10540545 [2]:109 [3]:368
[0]:79750092 [1]:10573307 [2]:109 [3]:373
[0]:79969633 [1]:10605890 [2]:109 [3]:360
[0]:80178234 [1]:10636905 [2]:109 [3]:364
[0]:80384416 [1]:10667528 [2]:109 [3]:370
[0]:80601496 [1]:10699677 [2]:109 [3]:363
[0]:80838032 [1]:10734815 [2]:109 [3]:368
[0]:81046556 [1]:10765724 [2]:109 [3]:360
[0]:81263660 [1]:10797823 [2]:109 [3]:363
[0]:81479262 [1]:10829902 [2]:109 [3]:363
[0]:81681912 [1]:10860083 [2]:109 [3]:82
[0]:81889902 [1]:10891031 [2]:109 [3]:81
[0]:82102754 [1]:10922748 [2]:109 [3]:365
[0]:82321408 [1]:10955199 [2]:109 [3]:370
[0]:82536173 [1]:10987018 [2]:109 [3]:364
[0]:82768713 [1]:11021569 [2]:109 [3]:75
[0]:82985500 [1]:11053678 [2]:109 [3]:363
[0]:83201650 [1]:11085657 [2]:109 [3]:361
[0]:83413272 [1]:11117032 [2]:109 [3]:355
[0]:83619953 [1]:11147794 [2]:109 [3]:360
[0]:83828861 [1]:11178841 [2]:109 [3]:361
[0]:84089056 [1]:11217522 [2]:109 [3]:363
[0]:84297241 [1]:11248305 [2]:109 [3]:85
[0]:84498728 [1]:11278167 [2]:109 [3]:80
[0]:84735187 [1]:11313200 [2]:109 [3]:80
[0]:84940202 [1]:11343609 [2]:113 [3]:363
[0]:85160541 [1]:11376289 [2]:113 [3]:72
[0]:85365792 [1]:11406766 [2]:113 [3]:362
[0]:85572832 [1]:11437451 [2]:113 [3]:361
[0]:85770491 [1]:11466738 [2]:113 [3]:370
[0]:85976623 [1]:11497384 [2]:113 [3]:369
[0]:86193367 [1]:11529555 [2]:113 [3]:362
[0]:86406306 [1]:11561099 [2]:113 [3]:365
[0]:86666451 [1]:11599733 [2]:113 [3]:361
[0]:86875247 [1]:11630675 [2]:113 [3]:369
[0]:87080081 [1]:11661218 [2]:113 [3]:363
[0]:87289293 [1]:11692204 [2]:113 [3]:360
[0]:87493887 [1]:11722689 [2]:113 [3]:359
[0]:87702675 [1]:11753541 [2]:113 [3]:361
[0]:88019563 [1]:11800460 [2]:113 [3]:357
[0]:88229838 [1]:11831655 [2]:113 [3]:366
[0]:88439755 [1]:11862846 [2]:113 [3]:370
[0]:88688064 [1]:11899756 [2]:113 [3]:360
[0]:88888813 [1]:11929674 [2]:113 [3]:97
[0]:89100409 [1]:11961098 [2]:113 [3]:370
[0]:89310302 [1]:11992203 [2]:113 [3]:366
[0]:89537713 [1]:12026044 [2]:113 [3]:366
[0]:89741542 [1]:12056359 [2]:113 [3]:75
[0]:89948416 [1]:12087023 [2]:113 [3]:364
[0]:90157571 [1]:12118056 [2]:113 [3]:365
[0]:90420231 [1]:12157020 [2]:113 [3]:362
[0]:90613917 [1]:12185706 [2]:113 [3]:373
[0]:90815849 [1]:12215683 [2]:113 [3]:359
[0]:91028660 [1]:12247254 [2]:113 [3]:371
[0]:91232529 [1]:12277434 [2]:113 [3]:363
[0]:91435400 [1]:12307588 [2]:113 [3]:70
[0]:91640749 [1]:12338061 [2]:113 [3]:366
[0]:91854344 [1]:12369812 [2]:113 [3]:368
