[0]:495490008 [1]:495490013 [2]:0 [3]:26
[0]:496554290 [1]:496554290 [2]:0 [3]:11
[0]:497583839 [1]:497583840 [2]:0 [3]:55
[0]:498632348 [1]:498632348 [2]:0 [3]:12
[0]:499671768 [1]:499671768 [2]:0 [3]:51
[0]:500733402 [1]:500733402 [2]:0 [3]:13
[0]:501791233 [1]:501791280 [2]:0 [3]:49
[0]:502815384 [1]:502815385 [2]:0 [3]:11
[0]:503965761 [1]:503965772 [2]:0 [3]:14
[0]:505030206 [1]:505030213 [2]:0 [3]:48
[0]:506180158 [1]:506180221 [2]:0 [3]:11
[0]:507278042 [1]:507278041 [2]:0 [3]:11
[0]:508331025 [1]:508331023 [2]:0 [3]:49
[0]:509444854 [1]:509444854 [2]:0 [3]:10
[0]:511322692 [1]:511322699 [2]:0 [3]:50
[0]:512497770 [1]:512497790 [2]:0 [3]:55
[0]:513593461 [1]:513593466 [2]:0 [3]:51
[0]:514622820 [1]:514622823 [2]:0 [3]:16
[0]:515705652 [1]:515705653 [2]:0 [3]:54
[0]:516722743 [1]:516722745 [2]:0 [3]:11
[0]:517796646 [1]:517796652 [2]:0 [3]:12
[0]:518881487 [1]:518881484 [2]:0 [3]:13
[0]:519925945 [1]:519925959 [2]:0 [3]:49
[0]:520971866 [1]:520971874 [2]:0 [3]:16
[0]:522025571 [1]:522025577 [2]:0 [3]:17
[0]:523071584 [1]:523071593 [2]:0 [3]:15
[0]:524108474 [1]:524108490 [2]:0 [3]:54
[0]:525157982 [1]:525157985 [2]:0 [3]:12
[0]:526192953 [1]:526192953 [2]:0 [3]:48
[0]:527257107 [1]:527257116 [2]:0 [3]:11
[0]:528374987 [1]:528374989 [2]:0 [3]:51
[0]:529721702 [1]:529721753 [2]:0 [3]:9
[0]:531036328 [1]:531036389 [2]:0 [3]:48
[0]:532622809 [1]:532622808 [2]:0 [3]:14
[0]:533808820 [1]:533808889 [2]:0 [3]:52
[0]:534999147 [1]:534999147 [2]:0 [3]:49
[0]:536120091 [1]:536120095 [2]:0 [3]:13
[0]:537286854 [1]:537286856 [2]:0 [3]:16
[0]:538535823 [1]:538535850 [2]:0 [3]:46
[0]:539682236 [1]:539682250 [2]:0 [3]:43
[0]:540823350 [1]:540823355 [2]:0 [3]:8
[0]:542009253 [1]:542009264 [2]:0 [3]:50
[0]:543158591 [1]:543158617 [2]:0 [3]:17
[0]:544360098 [1]:544360097 [2]:0 [3]:14
[0]:545545913 [1]:545545916 [2]:0 [3]:13
[0]:546693512 [1]:546693512 [2]:0 [3]:13
[0]:547879196 [1]:547879202 [2]:0 [3]:9
[0]:549027791 [1]:549027798 [2]:0 [3]:13
[0]:550210919 [1]:550210922 [2]:0 [3]:9
[0]:551491839 [1]:551491846 [2]:0 [3]:7
[0]:552576962 [1]:552576965 [2]:0 [3]:9
[0]:553624292 [1]:553624304 [2]:0 [3]:8
[0]:554664305 [1]:554664306 [2]:0 [3]:11
[0]:555695915 [1]:555695916 [2]:0 [3]:12
[0]:556761345 [1]:556761345 [2]:0 [3]:50
[0]:557843077 [1]:557843079 [2]:0 [3]:15
[0]:559000964 [1]:559000964 [2]:0 [3]:15
[0]:560212252 [1]:560212252 [2]:0 [3]:52
[0]:561230895 [1]:561230895 [2]:0 [3]:11
[0]:562268602 [1]:562268603 [2]:0 [3]:51
[0]:563350131 [1]:563350134 [2]:0 [3]:14
[0]:564354697 [1]:564354697 [2]:0 [3]:54
[0]:565410448 [1]:565410449 [2]:0 [3]:15
[0]:566442596 [1]:566442600 [2]:0 [3]:30
[0]:567496211 [1]:567496210 [2]:0 [3]:13
[0]:568711491 [1]:568711499 [2]:0 [3]:10
[0]:570091970 [1]:570091970 [2]:0 [3]:16
[0]:571240102 [1]:571240110 [2]:0 [3]:18
[0]:572357179 [1]:572357183 [2]:0 [3]:9
[0]:573447027 [1]:573447038 [2]:0 [3]:51
[0]:574527337 [1]:574527337 [2]:0 [3]:47
[0]:575535529 [1]:575535535 [2]:0 [3]:9
[0]:576582349 [1]:576582363 [2]:0 [3]:8
[0]:577637631 [1]:577637640 [2]:0 [3]:13
[0]:578649388 [1]:578649392 [2]:0 [3]:11
[0]:579659316 [1]:579659316 [2]:0 [3]:14
[0]:580632963 [1]:580632994 [2]:0 [3]:8
[0]:581672238 [1]:581672240 [2]:0 [3]:8
[0]:582700586 [1]:582700594 [2]:0 [3]:12
[0]:583922858 [1]:583922861 [2]:0 [3]:12
[0]:584981906 [1]:584981905 [2]:0 [3]:48
[0]:586041859 [1]:586041859 [2]:0 [3]:13
[0]:587277145 [1]:587277149 [2]:0 [3]:15
[0]:588583871 [1]:588583881 [2]:0 [3]:55
[0]:589866483 [1]:589866522 [2]:0 [3]:7
[0]:591098742 [1]:591098738 [2]:0 [3]:18
[0]:592287679 [1]:592287679 [2]:0 [3]:13
[0]:593454398 [1]:593454398 [2]:0 [3]:51
[0]:594624842 [1]:594624842 [2]:0 [3]:48
[0]:595737929 [1]:595737929 [2]:0 [3]:52
[0]:596929862 [1]:596929865 [2]:0 [3]:13
[0]:598066505 [1]:598066502 [2]:0 [3]:11
[0]:599229160 [1]:599229177 [2]:0 [3]:11
[0]:600356538 [1]:600356540 [2]:0 [3]:51
[0]:601491862 [1]:601491860 [2]:0 [3]:16
[0]:602630113 [1]:602630113 [2]:0 [3]:53
[0]:603828139 [1]:603828236 [2]:0 [3]:49
[0]:605027431 [1]:605027492 [2]:0 [3]:11
[0]:606174153 [1]:606174153 [2]:0 [3]:12
[0]:607335627 [1]:607335632 [2]:0 [3]:55
[0]:608500562 [1]:608500562 [2]:0 [3]:10
[0]:609834647 [1]:609834654 [2]:0 [3]:45
[0]:610921587 [1]:610921587 [2]:0 [3]:11
[0]:611956847 [1]:611956846 [2]:0 [3]:52
[0]:612983597 [1]:612983602 [2]:0 [3]:48
[0]:614036485 [1]:614036497 [2]:0 [3]:11
[0]:615103117 [1]:615103121 [2]:0 [3]:15
[0]:616398634 [1]:616398632 [2]:0 [3]:11
[0]:617405521 [1]:617405527 [2]:0 [3]:21
[0]:618444703 [1]:618444754 [2]:0 [3]:14
[0]:619500989 [1]:619500995 [2]:0 [3]:11
[0]:620496036 [1]:620496036 [2]:0 [3]:47
[0]:621633257 [1]:621633257 [2]:0 [3]:14
[0]:622662467 [1]:622662481 [2]:0 [3]:10
[0]:623667747 [1]:623667748 [2]:0 [3]:15
[0]:624726593 [1]:624726604 [2]:0 [3]:13
[0]:625720247 [1]:625720265 [2]:0 [3]:13
[0]:626996972 [1]:626996978 [2]:0 [3]:13
[0]:628231074 [1]:628231074 [2]:0 [3]:11
[0]:629360790 [1]:629360796 [2]:0 [3]:16
[0]:630515225 [1]:630515225 [2]:0 [3]:12
[0]:631542481 [1]:631542482 [2]:0 [3]:13
[0]:632578628 [1]:632578629 [2]:0 [3]:14
[0]:633607713 [1]:633607714 [2]:0 [3]:14
[0]:634620227 [1]:634620225 [2]:0 [3]:55
[0]:635662984 [1]:635662986 [2]:0 [3]:17
[0]:636698725 [1]:636698725 [2]:0 [3]:10
[0]:638022858 [1]:638022866 [2]:0 [3]:14
[0]:639197155 [1]:639197161 [2]:0 [3]:12
[0]:640226203 [1]:640226232 [2]:0 [3]:52
[0]:641288881 [1]:641288881 [2]:0 [3]:44
[0]:642303714 [1]:642303715 [2]:0 [3]:9
[0]:643415804 [1]:643415805 [2]:0 [3]:54
[0]:644496017 [1]:644496019 [2]:0 [3]:13
[0]:645934585 [1]:645934585 [2]:0 [3]:9
[0]:647540151 [1]:647540151 [2]:0 [3]:19
[0]:648686105 [1]:648686109 [2]:0 [3]:11
[0]:649875532 [1]:649875539 [2]:0 [3]:9
[0]:651046706 [1]:651046706 [2]:0 [3]:48
[0]:652236479 [1]:652236482 [2]:0 [3]:9
[0]:653459453 [1]:653459453 [2]:0 [3]:12
[0]:654592493 [1]:654592511 [2]:0 [3]:15
[0]:655751062 [1]:655751065 [2]:0 [3]:14
[0]:656902899 [1]:656902899 [2]:0 [3]:49
[0]:658047852 [1]:658047853 [2]:0 [3]:14
[0]:659190654 [1]:659190654 [2]:0 [3]:9
[0]:660404329 [1]:660404327 [2]:0 [3]:52
[0]:661733900 [1]:661733910 [2]:0 [3]:18
[0]:662929006 [1]:662929006 [2]:0 [3]:8
[0]:664114390 [1]:664114393 [2]:0 [3]:16
[0]:665340033 [1]:665340035 [2]:0 [3]:12
[0]:666542019 [1]:666542022 [2]:0 [3]:47
[0]:667896914 [1]:667896914 [2]:0 [3]:11
[0]:668955914 [1]:668955918 [2]:0 [3]:24
[0]:669971830 [1]:669971836 [2]:0 [3]:49
[0]:671171152 [1]:671171167 [2]:0 [3]:51
[0]:672259633 [1]:672259632 [2]:0 [3]:47
[0]:673290862 [1]:673290865 [2]:0 [3]:51
[0]:674345267 [1]:674345274 [2]:0 [3]:13
[0]:675331106 [1]:675331110 [2]:0 [3]:14
[0]:676662959 [1]:676662964 [2]:0 [3]:14
[0]:677708041 [1]:677708041 [2]:0 [3]:47
[0]:678721017 [1]:678721028 [2]:0 [3]:47
[0]:679781477 [1]:679781475 [2]:0 [3]:10
[0]:680906016 [1]:680906017 [2]:0 [3]:9
[0]:681935836 [1]:681935838 [2]:0 [3]:14
[0]:682981830 [1]:682981833 [2]:0 [3]:49
[0]:684136455 [1]:684136461 [2]:0 [3]:10
[0]:685639397 [1]:685639404 [2]:0 [3]:47
[0]:686934276 [1]:686934275 [2]:0 [3]:47
[0]:688009601 [1]:688009601 [2]:0 [3]:15
[0]:689038335 [1]:689038340 [2]:0 [3]:12
[0]:690044819 [1]:690044824 [2]:0 [3]:12
[0]:691070619 [1]:691070619 [2]:0 [3]:50
[0]:692117654 [1]:692117656 [2]:0 [3]:10
[0]:693143248 [1]:693143268 [2]:0 [3]:10
[0]:694154114 [1]:694154127 [2]:0 [3]:13
[0]:695269583 [1]:695269583 [2]:0 [3]:14
[0]:696310781 [1]:696310786 [2]:0 [3]:8
[0]:697381281 [1]:697381314 [2]:0 [3]:7
[0]:698463274 [1]:698463276 [2]:0 [3]:14
[0]:699511743 [1]:699511742 [2]:0 [3]:12
[0]:700564463 [1]:700564475 [2]:0 [3]:11
[0]:701598996 [1]:701599005 [2]:0 [3]:49
[0]:702682547 [1]:702682552 [2]:0 [3]:12
[0]:704191056 [1]:704191059 [2]:0 [3]:16
[0]:705436386 [1]:705436389 [2]:0 [3]:11
[0]:706707599 [1]:706707602 [2]:0 [3]:14
[0]:707912222 [1]:707912230 [2]:0 [3]:15
[0]:709006610 [1]:709006610 [2]:0 [3]:11
[0]:710166831 [1]:710166843 [2]:0 [3]:13
[0]:711439353 [1]:711439358 [2]:0 [3]:16
[0]:712602198 [1]:712602207 [2]:0 [3]:13
[0]:713720588 [1]:713720588 [2]:0 [3]:49
[0]:714940433 [1]:714940433 [2]:0 [3]:47
[0]:716083494 [1]:716083501 [2]:0 [3]:45
[0]:717230893 [1]:717230900 [2]:0 [3]:9
[0]:718383924 [1]:718383937 [2]:0 [3]:16
[0]:719830372 [1]:719830372 [2]:0 [3]:14
[0]:721220843 [1]:721220843 [2]:0 [3]:14
[0]:722423916 [1]:722423916 [2]:0 [3]:14
[0]:723583242 [1]:723583243 [2]:0 [3]:54
[0]:724725772 [1]:724725773 [2]:0 [3]:15
[0]:725883957 [1]:725884004 [2]:0 [3]:10
[0]:727250657 [1]:727250662 [2]:0 [3]:48
[0]:728315351 [1]:728315360 [2]:0 [3]:49
[0]:729341727 [1]:729341727 [2]:0 [3]:50
[0]:730421960 [1]:730421962 [2]:0 [3]:10
[0]:731464928 [1]:731464928 [2]:0 [3]:3
[0]:732503934 [1]:732503935 [2]:0 [3]:18
