[0]:30744110 [1]:2368284 [2]:102 [3]:366
[0]:30944366 [1]:2390817 [2]:102 [3]:68
[0]:31150251 [1]:2414114 [2]:102 [3]:63
[0]:31352475 [1]:2436904 [2]:102 [3]:362
[0]:31554726 [1]:2459648 [2]:102 [3]:359
[0]:31756899 [1]:2482556 [2]:102 [3]:78
[0]:31951385 [1]:2504402 [2]:102 [3]:85
[0]:32141696 [1]:2525919 [2]:102 [3]:60
[0]:32329720 [1]:2547215 [2]:102 [3]:366
[0]:32534978 [1]:2570456 [2]:102 [3]:354
[0]:32777210 [1]:2598145 [2]:102 [3]:364
[0]:32977110 [1]:2620700 [2]:102 [3]:368
[0]:33171807 [1]:2642524 [2]:102 [3]:51
[0]:33377882 [1]:2665777 [2]:102 [3]:73
[0]:33587100 [1]:2689373 [2]:102 [3]:60
[0]:33801231 [1]:2713415 [2]:102 [3]:370
[0]:33992172 [1]:2734920 [2]:102 [3]:65
[0]:34179039 [1]:2755959 [2]:102 [3]:360
[0]:34377873 [1]:2778491 [2]:102 [3]:56
[0]:34576173 [1]:2800995 [2]:102 [3]:55
[0]:34770637 [1]:2822962 [2]:102 [3]:68
[0]:34964831 [1]:2845008 [2]:102 [3]:69
[0]:35159070 [1]:2867022 [2]:102 [3]:64
[0]:35377238 [1]:2891677 [2]:102 [3]:361
[0]:35579066 [1]:2914640 [2]:102 [3]:357
[0]:35777543 [1]:2937055 [2]:98 [3]:69
[0]:35979821 [1]:2959881 [2]:98 [3]:68
[0]:36182040 [1]:2982664 [2]:98 [3]:371
[0]:36373451 [1]:3004411 [2]:98 [3]:70
[0]:36563508 [1]:3025738 [2]:98 [3]:56
[0]:36796271 [1]:3051987 [2]:98 [3]:367
[0]:37002622 [1]:3075266 [2]:98 [3]:51
[0]:37200678 [1]:3097551 [2]:98 [3]:83
[0]:37399200 [1]:3120009 [2]:98 [3]:59
[0]:37593681 [1]:3141935 [2]:98 [3]:62
[0]:37788576 [1]:3163843 [2]:98 [3]:65
[0]:37994687 [1]:3186986 [2]:98 [3]:62
[0]:38196315 [1]:3209813 [2]:98 [3]:68
[0]:38391515 [1]:3231857 [2]:98 [3]:57
[0]:38582514 [1]:3253316 [2]:98 [3]:55
[0]:38782214 [1]:3276104 [2]:98 [3]:81
[0]:38980847 [1]:3298493 [2]:98 [3]:78
[0]:39187099 [1]:3321650 [2]:98 [3]:369
[0]:39387424 [1]:3344262 [2]:98 [3]:59
[0]:39685266 [1]:3377818 [2]:98 [3]:372
[0]:39885644 [1]:3400511 [2]:98 [3]:370
[0]:40087527 [1]:3423277 [2]:98 [3]:56
[0]:40282137 [1]:3445574 [2]:98 [3]:361
[0]:40498965 [1]:3469942 [2]:98 [3]:369
[0]:40689201 [1]:3491468 [2]:98 [3]:354
[0]:40888668 [1]:3513957 [2]:98 [3]:63
[0]:41084607 [1]:3536034 [2]:98 [3]:365
[0]:41285626 [1]:3558727 [2]:98 [3]:371
[0]:41498047 [1]:3582913 [2]:98 [3]:67
[0]:41692863 [1]:3604881 [2]:98 [3]:81
[0]:41914251 [1]:3630110 [2]:95 [3]:60
[0]:42112725 [1]:3652432 [2]:95 [3]:368
[0]:42322890 [1]:3676142 [2]:95 [3]:63
[0]:42607096 [1]:3708180 [2]:95 [3]:61
[0]:42801654 [1]:3730319 [2]:95 [3]:68
[0]:43001841 [1]:3752972 [2]:95 [3]:65
[0]:43201931 [1]:3775628 [2]:95 [3]:372
[0]:43415454 [1]:3799603 [2]:95 [3]:362
[0]:43614230 [1]:3821974 [2]:95 [3]:68
[0]:43827632 [1]:3846098 [2]:95 [3]:355
[0]:44029677 [1]:3868998 [2]:95 [3]:64
[0]:44224572 [1]:3890993 [2]:95 [3]:74
[0]:44422972 [1]:3913368 [2]:95 [3]:365
[0]:44689324 [1]:3943379 [2]:95 [3]:61
[0]:44882212 [1]:3965222 [2]:95 [3]:70
[0]:45081957 [1]:3987672 [2]:95 [3]:361
[0]:45279756 [1]:4009924 [2]:95 [3]:56
[0]:45479072 [1]:4032400 [2]:95 [3]:66
