[0]:0 [1]:0 [2]:0 [3]:0
[0]:0 [1]:0 [2]:0 [3]:0
[0]:0 [1]:0 [2]:0 [3]:0
[0]:0 [1]:0 [2]:0 [3]:0
[0]:1156985 [1]:0 [2]:0 [3]:9
[0]:3103936 [1]:0 [2]:0 [3]:9
[0]:4787392 [1]:0 [2]:0 [3]:8
[0]:6640674 [1]:0 [2]:0 [3]:10
[0]:8310698 [1]:0 [2]:0 [3]:9
[0]:9942882 [1]:0 [2]:0 [3]:11
[0]:11620671 [1]:0 [2]:0 [3]:10
[0]:13241346 [1]:0 [2]:0 [3]:13
[0]:15168197 [1]:0 [2]:0 [3]:10
[0]:16955863 [1]:0 [2]:0 [3]:9
[0]:18677710 [1]:0 [2]:0 [3]:28
[0]:20426958 [1]:0 [2]:0 [3]:7
[0]:22194702 [1]:0 [2]:0 [3]:30
[0]:23885119 [1]:0 [2]:0 [3]:11
[0]:25753492 [1]:0 [2]:0 [3]:10
[0]:27866107 [1]:0 [2]:0 [3]:8
[0]:29776700 [1]:0 [2]:0 [3]:10
[0]:31654499 [1]:0 [2]:0 [3]:9
[0]:33345603 [1]:0 [2]:0 [3]:32
[0]:35071303 [1]:0 [2]:0 [3]:9
[0]:36981193 [1]:0 [2]:0 [3]:30
[0]:39211267 [1]:0 [2]:0 [3]:30
[0]:40904199 [1]:0 [2]:0 [3]:10
[0]:42567851 [1]:0 [2]:0 [3]:10
[0]:44702380 [1]:0 [2]:0 [3]:25
[0]:46405960 [1]:0 [2]:0 [3]:9
[0]:48075319 [1]:0 [2]:0 [3]:30
[0]:50209685 [1]:0 [2]:0 [3]:12
[0]:52040760 [1]:0 [2]:0 [3]:30
[0]:54121948 [1]:0 [2]:0 [3]:9
[0]:56334820 [1]:0 [2]:0 [3]:30
[0]:58648583 [1]:0 [2]:0 [3]:11
[0]:60765195 [1]:0 [2]:0 [3]:34
[0]:62709191 [1]:0 [2]:0 [3]:10
[0]:64656001 [1]:0 [2]:0 [3]:10
[0]:66564937 [1]:0 [2]:0 [3]:10
[0]:67966345 [1]:422410 [2]:7 [3]:14
[0]:69150154 [1]:1030273 [2]:7 [3]:14
[0]:70289453 [1]:1614161 [2]:7 [3]:9
[0]:71493970 [1]:2229938 [2]:7 [3]:11
[0]:72679549 [1]:2839686 [2]:7 [3]:14
[0]:73938703 [1]:3483322 [2]:7 [3]:52
[0]:75079352 [1]:4067287 [2]:7 [3]:18
[0]:76234725 [1]:4657556 [2]:7 [3]:18
[0]:77518176 [1]:5307834 [2]:7 [3]:56
[0]:78717694 [1]:5919242 [2]:7 [3]:14
[0]:79864023 [1]:6500867 [2]:7 [3]:51
[0]:81020527 [1]:7088345 [2]:7 [3]:9
[0]:82113054 [1]:7645111 [2]:7 [3]:10
[0]:83237865 [1]:8222450 [2]:7 [3]:7
[0]:84283284 [1]:8758468 [2]:7 [3]:53
[0]:85357162 [1]:9305655 [2]:7 [3]:10
[0]:86388238 [1]:9835347 [2]:7 [3]:11
[0]:87404152 [1]:10357254 [2]:7 [3]:56
[0]:88454164 [1]:10893733 [2]:7 [3]:11
[0]:89573832 [1]:11464964 [2]:7 [3]:51
[0]:90652471 [1]:12019058 [2]:7 [3]:51
[0]:91668730 [1]:12537849 [2]:7 [3]:53
[0]:93039891 [1]:13240435 [2]:7 [3]:12
[0]:94032399 [1]:13745826 [2]:7 [3]:14
[0]:95056289 [1]:14273812 [2]:7 [3]:54
[0]:96068758 [1]:14793985 [2]:7 [3]:13
[0]:97191560 [1]:15369516 [2]:7 [3]:59
[0]:98506284 [1]:16038658 [2]:7 [3]:20
[0]:99934283 [1]:16770944 [2]:7 [3]:13
[0]:100969204 [1]:17301638 [2]:7 [3]:54
[0]:101993118 [1]:17822942 [2]:7 [3]:49
[0]:103016827 [1]:18349798 [2]:7 [3]:48
[0]:103983217 [1]:18852028 [2]:7 [3]:17
[0]:105003205 [1]:19372412 [2]:7 [3]:14
[0]:106029022 [1]:19899615 [2]:7 [3]:15
