[0]:1126924598 [1]:759571636 [2]:7 [3]:52
[0]:1128112736 [1]:760182576 [2]:7 [3]:11
[0]:1129229208 [1]:760757311 [2]:7 [3]:23
[0]:1130448438 [1]:761385489 [2]:7 [3]:52
[0]:1131559781 [1]:761957859 [2]:7 [3]:51
[0]:1132708468 [1]:762551291 [2]:7 [3]:48
[0]:1133887744 [1]:763164357 [2]:7 [3]:49
[0]:1135045209 [1]:763760402 [2]:7 [3]:21
[0]:1136196142 [1]:764357145 [2]:7 [3]:13
[0]:1137338642 [1]:764944920 [2]:7 [3]:10
[0]:1138522687 [1]:765552689 [2]:7 [3]:12
[0]:1139620787 [1]:766119824 [2]:7 [3]:10
[0]:1140751315 [1]:766702361 [2]:7 [3]:9
[0]:1141880888 [1]:767280872 [2]:7 [3]:17
[0]:1142971947 [1]:767838767 [2]:7 [3]:17
[0]:1144117976 [1]:768427556 [2]:7 [3]:14
[0]:1145275083 [1]:769024322 [2]:7 [3]:12
[0]:1146426007 [1]:769615915 [2]:7 [3]:47
[0]:1147608133 [1]:770221912 [2]:7 [3]:14
[0]:1148704104 [1]:770784535 [2]:7 [3]:53
[0]:1149827616 [1]:771359654 [2]:7 [3]:18
[0]:1150876763 [1]:771902216 [2]:7 [3]:10
[0]:1151899911 [1]:772433911 [2]:7 [3]:22
[0]:1152891292 [1]:772943504 [2]:7 [3]:11
[0]:1153915558 [1]:773469231 [2]:7 [3]:57
[0]:1154958180 [1]:774008675 [2]:7 [3]:8
[0]:1156004350 [1]:774548440 [2]:7 [3]:55
[0]:1157030447 [1]:775078918 [2]:7 [3]:50
[0]:1158073754 [1]:775612707 [2]:7 [3]:12
[0]:1159101806 [1]:776138522 [2]:7 [3]:9
[0]:1160108787 [1]:776658707 [2]:7 [3]:9
[0]:1161156419 [1]:777196469 [2]:7 [3]:16
[0]:1162189865 [1]:777728546 [2]:7 [3]:15
[0]:1163360996 [1]:778331603 [2]:7 [3]:52
[0]:1164610935 [1]:778977595 [2]:7 [3]:48
[0]:1165728855 [1]:779554554 [2]:7 [3]:15
[0]:1166736574 [1]:780071908 [2]:7 [3]:11
[0]:1167751011 [1]:780588220 [2]:7 [3]:11
[0]:1168727806 [1]:781093562 [2]:7 [3]:53
[0]:1169772514 [1]:781629359 [2]:7 [3]:54
[0]:1170789328 [1]:782152150 [2]:7 [3]:10
[0]:1171783731 [1]:782660563 [2]:7 [3]:15
[0]:1172791038 [1]:783180833 [2]:7 [3]:4
[0]:1173856949 [1]:783731494 [2]:7 [3]:19
[0]:1174846705 [1]:784247513 [2]:7 [3]:11
[0]:1175865799 [1]:784773056 [2]:7 [3]:13
[0]:1176894704 [1]:785302345 [2]:7 [3]:11
[0]:1177927727 [1]:785831991 [2]:7 [3]:6
[0]:1178987682 [1]:786383059 [2]:7 [3]:12
[0]:1180120389 [1]:786965558 [2]:7 [3]:58
[0]:1181380690 [1]:787610781 [2]:7 [3]:54
[0]:1182609369 [1]:788245281 [2]:7 [3]:13
[0]:1183732664 [1]:788826761 [2]:7 [3]:11
[0]:1184877255 [1]:789420404 [2]:7 [3]:13
[0]:1186006917 [1]:789999712 [2]:7 [3]:51
[0]:1187151959 [1]:790585057 [2]:7 [3]:11
[0]:1188244747 [1]:791151249 [2]:7 [3]:9
[0]:1189393344 [1]:791741782 [2]:7 [3]:9
[0]:1190500789 [1]:792320383 [2]:7 [3]:37
[0]:1191667110 [1]:792928859 [2]:7 [3]:13
[0]:1192717495 [1]:793471309 [2]:7 [3]:15
[0]:1193815808 [1]:794039809 [2]:7 [3]:53
[0]:1194933859 [1]:794612845 [2]:7 [3]:14
[0]:1196071652 [1]:795202808 [2]:7 [3]:14
[0]:1197201257 [1]:795778204 [2]:7 [3]:6
[0]:1198330973 [1]:796353675 [2]:7 [3]:14
[0]:1199455959 [1]:796935259 [2]:7 [3]:14
[0]:1200612861 [1]:797538765 [2]:7 [3]:54
[0]:1201746462 [1]:798127531 [2]:7 [3]:15
[0]:1202894465 [1]:798719626 [2]:7 [3]:13
[0]:1204050245 [1]:799310782 [2]:7 [3]:13
[0]:1205132357 [1]:799868844 [2]:7 [3]:45
[0]:1206123616 [1]:800374193 [2]:7 [3]:14
[0]:1207162957 [1]:800910859 [2]:7 [3]:13
[0]:1208207121 [1]:801446665 [2]:7 [3]:9
[0]:1209201325 [1]:801959343 [2]:7 [3]:14
[0]:1210252550 [1]:802499090 [2]:7 [3]:13
[0]:1211252286 [1]:803014746 [2]:7 [3]:50
[0]:1212244918 [1]:803523885 [2]:7 [3]:54
[0]:1213236444 [1]:804037184 [2]:7 [3]:14
[0]:1214250768 [1]:804562876 [2]:7 [3]:53
[0]:1215253471 [1]:805082246 [2]:7 [3]:50
[0]:1216261463 [1]:805601489 [2]:7 [3]:18
[0]:1217244382 [1]:806104539 [2]:7 [3]:48
[0]:1218308658 [1]:806654504 [2]:7 [3]:51
[0]:1219417895 [1]:807227663 [2]:7 [3]:14
[0]:1220705233 [1]:807895814 [2]:7 [3]:17
[0]:1221874371 [1]:808496029 [2]:7 [3]:12
[0]:1222940332 [1]:809046259 [2]:7 [3]:13
[0]:1223956208 [1]:809569181 [2]:7 [3]:9
[0]:1224898827 [1]:810053940 [2]:7 [3]:7
[0]:1225937619 [1]:810590737 [2]:7 [3]:16
[0]:1227060804 [1]:811166312 [2]:7 [3]:13
[0]:1228120127 [1]:811710289 [2]:7 [3]:8
[0]:1229269897 [1]:812301229 [2]:7 [3]:12
[0]:1230294314 [1]:812827997 [2]:7 [3]:12
