[0]:38694212 [1]:4247678 [2]:75 [3]:362
[0]:38932533 [1]:4283072 [2]:75 [3]:374
[0]:39141913 [1]:4314065 [2]:75 [3]:372
[0]:39361590 [1]:4346706 [2]:75 [3]:365
[0]:39576123 [1]:4378561 [2]:75 [3]:75
[0]:39777894 [1]:4408532 [2]:75 [3]:364
[0]:39981973 [1]:4438853 [2]:80 [3]:370
[0]:40194750 [1]:4470489 [2]:80 [3]:360
[0]:40420278 [1]:4503944 [2]:80 [3]:363
[0]:40644475 [1]:4537160 [2]:80 [3]:364
[0]:40852457 [1]:4567977 [2]:80 [3]:366
[0]:41062702 [1]:4599161 [2]:80 [3]:358
[0]:41267345 [1]:4629443 [2]:80 [3]:365
[0]:41475556 [1]:4660275 [2]:80 [3]:367
[0]:41688490 [1]:4691812 [2]:80 [3]:360
[0]:41898053 [1]:4722992 [2]:80 [3]:366
[0]:42103086 [1]:4753435 [2]:80 [3]:368
[0]:42311924 [1]:4784449 [2]:80 [3]:82
[0]:42520301 [1]:4815483 [2]:80 [3]:368
[0]:42776967 [1]:4853508 [2]:80 [3]:366
[0]:42973930 [1]:4882797 [2]:80 [3]:366
[0]:43182740 [1]:4913866 [2]:80 [3]:372
[0]:43388221 [1]:4944382 [2]:80 [3]:362
[0]:43592339 [1]:4974716 [2]:94 [3]:358
[0]:43862162 [1]:5014897 [2]:94 [3]:363
[0]:44066529 [1]:5045220 [2]:94 [3]:81
[0]:44272385 [1]:5075701 [2]:94 [3]:362
[0]:44481103 [1]:5106613 [2]:94 [3]:373
[0]:44723381 [1]:5142610 [2]:94 [3]:365
[0]:44932276 [1]:5173667 [2]:94 [3]:363
[0]:45140861 [1]:5204798 [2]:94 [3]:355
[0]:45349061 [1]:5235693 [2]:94 [3]:358
[0]:45550119 [1]:5265558 [2]:94 [3]:361
[0]:45805819 [1]:5303395 [2]:94 [3]:94
[0]:46012117 [1]:5333998 [2]:94 [3]:364
[0]:46219522 [1]:5364762 [2]:94 [3]:363
[0]:46423417 [1]:5395018 [2]:94 [3]:78
[0]:46626978 [1]:5425225 [2]:94 [3]:367
[0]:46840267 [1]:5456819 [2]:94 [3]:80
[0]:47044570 [1]:5487097 [2]:94 [3]:362
[0]:47252681 [1]:5517909 [2]:105 [3]:355
[0]:47466417 [1]:5549711 [2]:105 [3]:369
[0]:47678877 [1]:5581201 [2]:105 [3]:369
[0]:47879488 [1]:5611008 [2]:105 [3]:374
[0]:48081165 [1]:5640933 [2]:105 [3]:360
[0]:48289623 [1]:5671831 [2]:105 [3]:359
[0]:48496886 [1]:5702543 [2]:105 [3]:368
[0]:48702897 [1]:5732982 [2]:105 [3]:364
[0]:48920873 [1]:5765324 [2]:105 [3]:363
[0]:49140881 [1]:5797990 [2]:105 [3]:370
[0]:49353955 [1]:5829556 [2]:105 [3]:370
[0]:49590575 [1]:5864645 [2]:105 [3]:363
[0]:49800639 [1]:5895731 [2]:105 [3]:77
[0]:50000440 [1]:5925377 [2]:105 [3]:360
[0]:50205425 [1]:5955845 [2]:105 [3]:361
[0]:50417778 [1]:5987347 [2]:105 [3]:367
[0]:50626942 [1]:6018251 [2]:105 [3]:83
[0]:50839993 [1]:6049845 [2]:114 [3]:81
[0]:51044947 [1]:6080268 [2]:114 [3]:76
[0]:51249480 [1]:6110694 [2]:114 [3]:364
[0]:51458677 [1]:6141692 [2]:114 [3]:359
[0]:51663675 [1]:6172066 [2]:114 [3]:82
[0]:51864422 [1]:6201858 [2]:114 [3]:364
[0]:52081141 [1]:6234186 [2]:114 [3]:365
[0]:52297828 [1]:6266376 [2]:114 [3]:363
[0]:52510722 [1]:6298008 [2]:114 [3]:369
[0]:52719284 [1]:6328976 [2]:114 [3]:361
[0]:52920482 [1]:6358834 [2]:114 [3]:361
[0]:53125477 [1]:6389327 [2]:114 [3]:360
[0]:53368112 [1]:6425307 [2]:114 [3]:85
[0]:53574552 [1]:6455819 [2]:114 [3]:354
[0]:53783421 [1]:6486963 [2]:114 [3]:355
[0]:53994747 [1]:6518277 [2]:114 [3]:363
[0]:54209088 [1]:6550081 [2]:114 [3]:76
[0]:54414149 [1]:6580500 [2]:121 [3]:354
[0]:54628679 [1]:6612208 [2]:121 [3]:362
[0]:54842997 [1]:6644046 [2]:121 [3]:363
[0]:55040454 [1]:6673292 [2]:121 [3]:366
[0]:55248568 [1]:6704136 [2]:121 [3]:369
[0]:55501328 [1]:6741595 [2]:121 [3]:362
[0]:55706413 [1]:6772140 [2]:121 [3]:86
[0]:55919441 [1]:6803871 [2]:121 [3]:76
[0]:56128361 [1]:6834821 [2]:121 [3]:363
[0]:56337299 [1]:6865786 [2]:121 [3]:362
[0]:56534250 [1]:6894813 [2]:121 [3]:362
[0]:56758818 [1]:6928067 [2]:121 [3]:371
[0]:56971969 [1]:6959725 [2]:121 [3]:363
[0]:57180886 [1]:6990663 [2]:121 [3]:358
[0]:57381799 [1]:7020477 [2]:121 [3]:365
[0]:57593417 [1]:7051833 [2]:121 [3]:367
[0]:57795614 [1]:7081790 [2]:121 [3]:363
[0]:58006530 [1]:7113100 [2]:126 [3]:359
[0]:58208639 [1]:7143130 [2]:126 [3]:360
[0]:58418405 [1]:7174369 [2]:126 [3]:372
[0]:58624147 [1]:7204825 [2]:126 [3]:368
[0]:58831985 [1]:7235712 [2]:126 [3]:361
[0]:59034563 [1]:7265886 [2]:126 [3]:369
[0]:59241997 [1]:7296731 [2]:126 [3]:350
[0]:59462159 [1]:7329362 [2]:126 [3]:364
[0]:59667519 [1]:7359798 [2]:126 [3]:362
[0]:59870124 [1]:7389810 [2]:126 [3]:363
[0]:60101094 [1]:7423998 [2]:126 [3]:86
[0]:60301423 [1]:7453748 [2]:126 [3]:367
[0]:60514258 [1]:7485247 [2]:126 [3]:354
[0]:60717875 [1]:7515612 [2]:126 [3]:359
[0]:60932591 [1]:7547388 [2]:126 [3]:360
[0]:61137166 [1]:7577861 [2]:126 [3]:367
[0]:61342017 [1]:7608212 [2]:126 [3]:362
[0]:61546298 [1]:7638500 [2]:126 [3]:370
[0]:61752174 [1]:7669109 [2]:130 [3]:358
[0]:61968915 [1]:7701318 [2]:130 [3]:356
[0]:62169761 [1]:7731239 [2]:130 [3]:364
[0]:62374910 [1]:7761559 [2]:130 [3]:358
[0]:62583783 [1]:7792635 [2]:130 [3]:370
[0]:62784729 [1]:7822579 [2]:130 [3]:361
[0]:62985577 [1]:7852332 [2]:130 [3]:361
[0]:63283547 [1]:7896472 [2]:130 [3]:366
[0]:63493733 [1]:7927638 [2]:130 [3]:80
[0]:63695526 [1]:7957533 [2]:130 [3]:369
[0]:63899865 [1]:7987808 [2]:130 [3]:360
[0]:64096847 [1]:8017143 [2]:130 [3]:360
[0]:64313723 [1]:8049305 [2]:130 [3]:372
[0]:64514131 [1]:8078985 [2]:130 [3]:370
[0]:64715704 [1]:8108928 [2]:130 [3]:363
[0]:64920653 [1]:8139297 [2]:130 [3]:369
[0]:65129737 [1]:8170307 [2]:130 [3]:84
[0]:65354395 [1]:8203597 [2]:134 [3]:365
[0]:65568786 [1]:8235464 [2]:134 [3]:367
[0]:65775811 [1]:8266135 [2]:134 [3]:368
[0]:65980958 [1]:8296576 [2]:134 [3]:78
[0]:66189541 [1]:8327615 [2]:134 [3]:364
[0]:66401242 [1]:8359000 [2]:134 [3]:367
[0]:66620658 [1]:8391596 [2]:134 [3]:368
[0]:66839992 [1]:8424095 [2]:134 [3]:361
[0]:67048742 [1]:8455174 [2]:134 [3]:363
[0]:67261449 [1]:8486681 [2]:134 [3]:365
[0]:67527322 [1]:8526137 [2]:134 [3]:364
[0]:67730973 [1]:8556298 [2]:134 [3]:367
[0]:67943099 [1]:8587725 [2]:134 [3]:372
[0]:68148207 [1]:8618183 [2]:134 [3]:85
[0]:68353013 [1]:8648710 [2]:134 [3]:372
[0]:68557692 [1]:8679020 [2]:134 [3]:370
[0]:68762901 [1]:8709512 [2]:137 [3]:358
[0]:68965428 [1]:8739494 [2]:137 [3]:78
[0]:69168929 [1]:8769663 [2]:137 [3]:78
[0]:69373332 [1]:8799945 [2]:137 [3]:80
[0]:69582377 [1]:8830983 [2]:137 [3]:372
[0]:69791176 [1]:8861981 [2]:137 [3]:360
[0]:69996048 [1]:8892368 [2]:137 [3]:361
[0]:70208943 [1]:8923993 [2]:137 [3]:73
[0]:70422291 [1]:8955503 [2]:137 [3]:83
[0]:70628292 [1]:8986059 [2]:137 [3]:364
[0]:70833909 [1]:9016644 [2]:137 [3]:85
[0]:71047597 [1]:9048533 [2]:137 [3]:86
[0]:71292664 [1]:9084835 [2]:137 [3]:361
[0]:71517060 [1]:9118151 [2]:137 [3]:366
[0]:71734272 [1]:9150350 [2]:137 [3]:368
[0]:71943354 [1]:9181433 [2]:137 [3]:69
[0]:72174559 [1]:9215675 [2]:137 [3]:367
[0]:72380607 [1]:9246181 [2]:139 [3]:363
[0]:72589419 [1]:9277289 [2]:139 [3]:371
[0]:72798078 [1]:9308192 [2]:139 [3]:356
[0]:73007246 [1]:9339195 [2]:139 [3]:362
[0]:73216086 [1]:9370121 [2]:139 [3]:361
[0]:73424984 [1]:9401207 [2]:139 [3]:362
[0]:73629689 [1]:9431578 [2]:139 [3]:374
[0]:73862208 [1]:9466199 [2]:139 [3]:371
[0]:74075839 [1]:9497922 [2]:139 [3]:361
[0]:74291728 [1]:9530019 [2]:139 [3]:363
[0]:74515961 [1]:9563348 [2]:139 [3]:370
[0]:74772400 [1]:9601275 [2]:139 [3]:372
[0]:75099558 [1]:9650035 [2]:139 [3]:361
[0]:75300589 [1]:9679893 [2]:139 [3]:370
[0]:75513294 [1]:9711446 [2]:139 [3]:363
[0]:75711870 [1]:9740954 [2]:139 [3]:367
[0]:75938724 [1]:9774577 [2]:139 [3]:363
[0]:76152147 [1]:9806099 [2]:141 [3]:362
[0]:76356721 [1]:9836508 [2]:141 [3]:75
[0]:76569619 [1]:9868092 [2]:141 [3]:366
[0]:76774687 [1]:9898471 [2]:141 [3]:360
[0]:76979212 [1]:9928751 [2]:141 [3]:81
[0]:77199801 [1]:9961397 [2]:141 [3]:360
[0]:77405313 [1]:9991807 [2]:141 [3]:363
[0]:77610182 [1]:10022127 [2]:141 [3]:362
[0]:77814084 [1]:10052394 [2]:141 [3]:358
[0]:78020041 [1]:10082904 [2]:141 [3]:366
[0]:78225019 [1]:10113259 [2]:141 [3]:373
[0]:78454481 [1]:10147382 [2]:141 [3]:373
[0]:78658479 [1]:10177667 [2]:141 [3]:76
[0]:78863487 [1]:10208148 [2]:141 [3]:369
[0]:79064226 [1]:10238020 [2]:141 [3]:365
[0]:79299811 [1]:10272923 [2]:141 [3]:71
[0]:79521370 [1]:10305799 [2]:141 [3]:361
[0]:79761886 [1]:10341397 [2]:142 [3]:367
[0]:79970150 [1]:10378589 [2]:142 [3]:58
