[0]:160973545 [1]:26053747 [2]:147 [3]:360
[0]:161182939 [1]:26102094 [2]:147 [3]:59
[0]:161380951 [1]:26147743 [2]:147 [3]:360
[0]:161572753 [1]:26192096 [2]:147 [3]:363
[0]:161769239 [1]:26237437 [2]:147 [3]:364
[0]:161964011 [1]:26282421 [2]:147 [3]:58
[0]:162169199 [1]:26329823 [2]:147 [3]:364
[0]:162377288 [1]:26377892 [2]:147 [3]:360
[0]:162576357 [1]:26423890 [2]:147 [3]:361
[0]:162787779 [1]:26472794 [2]:147 [3]:359
[0]:162986812 [1]:26518716 [2]:147 [3]:360
[0]:163178621 [1]:26563019 [2]:147 [3]:362
[0]:163366263 [1]:26606290 [2]:147 [3]:365
[0]:163571630 [1]:26653769 [2]:147 [3]:357
[0]:163768881 [1]:26699333 [2]:147 [3]:358
[0]:163967415 [1]:26745274 [2]:147 [3]:361
[0]:164161513 [1]:26790036 [2]:147 [3]:58
[0]:164366912 [1]:26837507 [2]:148 [3]:55
[0]:164565546 [1]:26883386 [2]:148 [3]:61
[0]:164769879 [1]:26930681 [2]:148 [3]:358
[0]:164964040 [1]:26975519 [2]:148 [3]:64
[0]:165154472 [1]:27019396 [2]:148 [3]:356
[0]:165352252 [1]:27065125 [2]:148 [3]:359
[0]:165553340 [1]:27111567 [2]:148 [3]:363
[0]:165758773 [1]:27159044 [2]:148 [3]:359
[0]:165990375 [1]:27212624 [2]:148 [3]:360
[0]:166210708 [1]:27263444 [2]:148 [3]:360
[0]:166407351 [1]:27308826 [2]:148 [3]:365
[0]:166598037 [1]:27352899 [2]:148 [3]:364
[0]:166785222 [1]:27396118 [2]:148 [3]:354
[0]:166982567 [1]:27441586 [2]:148 [3]:362
[0]:167169662 [1]:27484822 [2]:149 [3]:365
[0]:167363496 [1]:27529669 [2]:149 [3]:360
[0]:167556212 [1]:27574240 [2]:149 [3]:359
[0]:167806495 [1]:27632155 [2]:149 [3]:59
[0]:167988937 [1]:27674189 [2]:149 [3]:351
[0]:168210134 [1]:27725288 [2]:149 [3]:371
[0]:168412929 [1]:27772134 [2]:149 [3]:361
[0]:168632729 [1]:27822928 [2]:149 [3]:362
[0]:168832365 [1]:27869014 [2]:149 [3]:353
[0]:169032324 [1]:27915208 [2]:149 [3]:355
[0]:169229233 [1]:27960710 [2]:149 [3]:354
[0]:169420322 [1]:28004880 [2]:149 [3]:352
[0]:169622126 [1]:28051487 [2]:149 [3]:364
[0]:169823718 [1]:28098045 [2]:149 [3]:365
[0]:170079868 [1]:28157212 [2]:150 [3]:363
[0]:170271378 [1]:28201418 [2]:150 [3]:356
[0]:170475650 [1]:28248614 [2]:150 [3]:363
[0]:170673775 [1]:28294332 [2]:150 [3]:354
[0]:170872414 [1]:28340238 [2]:150 [3]:359
[0]:171066636 [1]:28385126 [2]:150 [3]:60
[0]:171268006 [1]:28431709 [2]:150 [3]:354
[0]:171469550 [1]:28478279 [2]:150 [3]:57
[0]:171663350 [1]:28522978 [2]:150 [3]:360
[0]:171850409 [1]:28566168 [2]:150 [3]:362
[0]:172044457 [1]:28610958 [2]:150 [3]:359
[0]:172245751 [1]:28657476 [2]:150 [3]:361
[0]:172440029 [1]:28702348 [2]:150 [3]:360
[0]:172634127 [1]:28747207 [2]:150 [3]:358
[0]:172843135 [1]:28795514 [2]:150 [3]:360
[0]:173037263 [1]:28840351 [2]:150 [3]:361
[0]:173233687 [1]:28885766 [2]:150 [3]:358
[0]:173432811 [1]:28931785 [2]:150 [3]:360
[0]:173630531 [1]:28977412 [2]:150 [3]:367
[0]:173821225 [1]:29021535 [2]:150 [3]:356
[0]:174018855 [1]:29067190 [2]:150 [3]:361
[0]:174220438 [1]:29113695 [2]:150 [3]:57
[0]:174410846 [1]:29157689 [2]:150 [3]:352
[0]:174620339 [1]:29206088 [2]:150 [3]:357
[0]:174821121 [1]:29252514 [2]:150 [3]:362
[0]:175015261 [1]:29297350 [2]:150 [3]:367
[0]:175232029 [1]:29347489 [2]:150 [3]:59
[0]:175432150 [1]:29393622 [2]:150 [3]:360
[0]:175645027 [1]:29442810 [2]:150 [3]:364
[0]:175881390 [1]:29497425 [2]:150 [3]:360
[0]:176137615 [1]:29556635 [2]:150 [3]:364
[0]:176363084 [1]:29608638 [2]:150 [3]:359
[0]:176559892 [1]:29654174 [2]:150 [3]:364
[0]:176749904 [1]:29698124 [2]:150 [3]:362
[0]:176941374 [1]:29742407 [2]:150 [3]:54
[0]:177139011 [1]:29788130 [2]:150 [3]:357
[0]:177347287 [1]:29836210 [2]:150 [3]:369
[0]:177576013 [1]:29889066 [2]:150 [3]:362
[0]:177773703 [1]:29934710 [2]:150 [3]:359
[0]:177967572 [1]:29979519 [2]:150 [3]:362
[0]:178173107 [1]:30026922 [2]:150 [3]:54
[0]:178374631 [1]:30073509 [2]:150 [3]:360
[0]:178568718 [1]:30118414 [2]:150 [3]:363
[0]:178796505 [1]:30171081 [2]:150 [3]:360
[0]:178991077 [1]:30216106 [2]:150 [3]:55
[0]:179191746 [1]:30262422 [2]:150 [3]:363
[0]:179411536 [1]:30313209 [2]:150 [3]:360
[0]:179609879 [1]:30359037 [2]:150 [3]:368
[0]:179803966 [1]:30403908 [2]:150 [3]:359
[0]:180026894 [1]:30455297 [2]:150 [3]:57
[0]:180244474 [1]:30505633 [2]:150 [3]:362
[0]:180444000 [1]:30551729 [2]:150 [3]:361
[0]:180636414 [1]:30596237 [2]:150 [3]:364
[0]:180830350 [1]:30641003 [2]:150 [3]:60
[0]:181028251 [1]:30686667 [2]:150 [3]:361
[0]:181230189 [1]:30733310 [2]:150 [3]:361
[0]:181431155 [1]:30779806 [2]:150 [3]:348
[0]:181626768 [1]:30825005 [2]:150 [3]:360
[0]:181825085 [1]:30870861 [2]:150 [3]:356
[0]:182013654 [1]:30914330 [2]:150 [3]:58
[0]:182226320 [1]:30963483 [2]:150 [3]:361
[0]:182424618 [1]:31009362 [2]:150 [3]:362
[0]:182618120 [1]:31054107 [2]:150 [3]:64
[0]:182816147 [1]:31099901 [2]:150 [3]:360
[0]:183040263 [1]:31151683 [2]:150 [3]:361
[0]:183233199 [1]:31196276 [2]:150 [3]:356
[0]:183431812 [1]:31242175 [2]:150 [3]:358
[0]:183637299 [1]:31289626 [2]:150 [3]:360
[0]:183865176 [1]:31342175 [2]:150 [3]:364
[0]:184096221 [1]:31395587 [2]:150 [3]:366
[0]:184290522 [1]:31440479 [2]:150 [3]:359
[0]:184484528 [1]:31485250 [2]:150 [3]:359
[0]:184686163 [1]:31531767 [2]:150 [3]:365
[0]:184887043 [1]:31578253 [2]:150 [3]:365
[0]:185122083 [1]:31632631 [2]:150 [3]:360
[0]:185318644 [1]:31678087 [2]:150 [3]:61
[0]:185510954 [1]:31722613 [2]:150 [3]:356
[0]:185760846 [1]:31780389 [2]:150 [3]:362
[0]:185968415 [1]:31828360 [2]:150 [3]:57
[0]:186167526 [1]:31874359 [2]:150 [3]:356
[0]:186357852 [1]:31918405 [2]:150 [3]:366
[0]:186559545 [1]:31964986 [2]:150 [3]:358
[0]:186755787 [1]:32010318 [2]:150 [3]:57
[0]:186951230 [1]:32055523 [2]:150 [3]:360
[0]:187145462 [1]:32100428 [2]:150 [3]:363
[0]:187335846 [1]:32144456 [2]:150 [3]:51
[0]:187530159 [1]:32189358 [2]:150 [3]:352
[0]:187738926 [1]:32237690 [2]:150 [3]:367
[0]:187926063 [1]:32280960 [2]:150 [3]:363
[0]:188126037 [1]:32327160 [2]:150 [3]:360
[0]:188313633 [1]:32370488 [2]:150 [3]:365
[0]:188533783 [1]:32421332 [2]:150 [3]:367
[0]:188723974 [1]:32465260 [2]:150 [3]:357
[0]:188918236 [1]:32510189 [2]:150 [3]:363
[0]:189123732 [1]:32557674 [2]:150 [3]:60
[0]:189351428 [1]:32610242 [2]:150 [3]:362
[0]:189548881 [1]:32655820 [2]:150 [3]:360
[0]:189754295 [1]:32703279 [2]:150 [3]:58
[0]:189952306 [1]:32749030 [2]:150 [3]:363
[0]:190153798 [1]:32795602 [2]:150 [3]:352
[0]:190351611 [1]:32841251 [2]:150 [3]:360
[0]:190573125 [1]:32892396 [2]:150 [3]:60
[0]:190766592 [1]:32937077 [2]:150 [3]:359
[0]:190967248 [1]:32983472 [2]:150 [3]:355
[0]:191168991 [1]:33030145 [2]:150 [3]:357
[0]:191374415 [1]:33077540 [2]:150 [3]:359
[0]:191568811 [1]:33122424 [2]:150 [3]:355
[0]:191768204 [1]:33168466 [2]:150 [3]:54
[0]:191961081 [1]:33213080 [2]:150 [3]:56
[0]:192154424 [1]:33257742 [2]:150 [3]:54
[0]:192344526 [1]:33301710 [2]:150 [3]:358
[0]:192542585 [1]:33347458 [2]:150 [3]:369
[0]:192744110 [1]:33394093 [2]:150 [3]:368
[0]:192945429 [1]:33440623 [2]:150 [3]:364
[0]:193147350 [1]:33487193 [2]:150 [3]:357
[0]:193341037 [1]:33531952 [2]:150 [3]:359
[0]:193529039 [1]:33575372 [2]:150 [3]:355
[0]:193749022 [1]:33626198 [2]:150 [3]:357
[0]:193949602 [1]:33672539 [2]:150 [3]:356
[0]:194143711 [1]:33717306 [2]:150 [3]:359
[0]:194344983 [1]:33763775 [2]:150 [3]:364
[0]:194535652 [1]:33807831 [2]:150 [3]:367
[0]:194737293 [1]:33854436 [2]:150 [3]:364
[0]:194938704 [1]:33900840 [2]:150 [3]:362
[0]:195140376 [1]:33947451 [2]:150 [3]:362
[0]:195345403 [1]:33994817 [2]:150 [3]:360
[0]:195543464 [1]:34040572 [2]:150 [3]:364
[0]:195737517 [1]:34085441 [2]:150 [3]:363
[0]:195936218 [1]:34131274 [2]:150 [3]:355
[0]:196133186 [1]:34176816 [2]:150 [3]:357
[0]:196334738 [1]:34223340 [2]:150 [3]:363
[0]:196573650 [1]:34278553 [2]:150 [3]:67
[0]:196763355 [1]:34322416 [2]:150 [3]:366
[0]:196960663 [1]:34367934 [2]:150 [3]:56
[0]:197214006 [1]:34426480 [2]:150 [3]:361
[0]:197413187 [1]:34472530 [2]:150 [3]:61
[0]:197610941 [1]:34518229 [2]:150 [3]:59
[0]:197853870 [1]:34574255 [2]:150 [3]:357
[0]:198044196 [1]:34618247 [2]:150 [3]:60
[0]:198238040 [1]:34663047 [2]:150 [3]:363
[0]:198439778 [1]:34709732 [2]:150 [3]:354
[0]:198663861 [1]:34761518 [2]:150 [3]:364
[0]:198868835 [1]:34808802 [2]:150 [3]:358
[0]:199079993 [1]:34857575 [2]:150 [3]:363
[0]:199267878 [1]:34900948 [2]:150 [3]:360
[0]:199469783 [1]:34947590 [2]:150 [3]:358
[0]:199672811 [1]:34994426 [2]:150 [3]:356
[0]:199876890 [1]:35041647 [2]:150 [3]:358
[0]:200079159 [1]:35088356 [2]:150 [3]:60
[0]:200282821 [1]:35135374 [2]:150 [3]:367
[0]:200438146 [1]:35171335 [2]:150 [3]:361
[0]:200438146 [1]:35171335 [2]:150 [3]:361
[0]:200438146 [1]:35171335 [2]:150 [3]:361
[0]:200438146 [1]:35171335 [2]:150 [3]:361
[0]:200438146 [1]:35171335 [2]:150 [3]:361
[0]:200438146 [1]:35171335 [2]:150 [3]:361
[0]:200438146 [1]:35171335 [2]:150 [3]:361
[0]:200438146 [1]:35171335 [2]:150 [3]:361
[0]:200438146 [1]:35171335 [2]:150 [3]:361
[0]:200438146 [1]:35171335 [2]:150 [3]:361
[0]:200438146 [1]:35171335 [2]:150 [3]:361
[0]:200438146 [1]:35171335 [2]:150 [3]:361
