[0]:517381940 [1]:315817696 [2]:7 [3]:15
[0]:518550881 [1]:316848519 [2]:7 [3]:15
[0]:519734685 [1]:317894719 [2]:7 [3]:51
[0]:521185484 [1]:319170580 [2]:7 [3]:58
[0]:522670176 [1]:320480324 [2]:7 [3]:16
[0]:523774008 [1]:321464132 [2]:7 [3]:15
[0]:524907036 [1]:322466530 [2]:7 [3]:17
[0]:526257553 [1]:323663453 [2]:7 [3]:22
[0]:527729203 [1]:324966712 [2]:7 [3]:11
[0]:528972627 [1]:326073868 [2]:7 [3]:15
[0]:530107530 [1]:327073652 [2]:7 [3]:18
[0]:531186146 [1]:328033262 [2]:7 [3]:15
[0]:532334843 [1]:329050550 [2]:7 [3]:18
[0]:533484122 [1]:330072798 [2]:7 [3]:57
[0]:534633828 [1]:331088701 [2]:7 [3]:20
[0]:535770445 [1]:332092373 [2]:7 [3]:55
[0]:536930106 [1]:333119971 [2]:7 [3]:26
[0]:538042234 [1]:334110015 [2]:7 [3]:11
[0]:539204090 [1]:335134882 [2]:7 [3]:20
[0]:540290842 [1]:336095021 [2]:7 [3]:55
[0]:541413135 [1]:337087611 [2]:7 [3]:18
[0]:542638187 [1]:338167638 [2]:7 [3]:59
[0]:543985654 [1]:339365786 [2]:7 [3]:12
[0]:545419133 [1]:340639090 [2]:7 [3]:14
[0]:547013991 [1]:342050564 [2]:7 [3]:15
[0]:548273184 [1]:343170004 [2]:7 [3]:16
[0]:549507004 [1]:344259222 [2]:7 [3]:16
[0]:550715466 [1]:345333367 [2]:7 [3]:19
[0]:551925351 [1]:346405551 [2]:7 [3]:18
[0]:553132121 [1]:347472277 [2]:7 [3]:18
[0]:554391188 [1]:348592278 [2]:7 [3]:21
[0]:555649591 [1]:349700873 [2]:7 [3]:18
[0]:556855104 [1]:350772419 [2]:7 [3]:20
[0]:558066632 [1]:351842951 [2]:7 [3]:17
[0]:559325799 [1]:352959989 [2]:7 [3]:57
[0]:560608008 [1]:354094812 [2]:7 [3]:53
[0]:561793852 [1]:355141310 [2]:7 [3]:21
[0]:563014360 [1]:356220177 [2]:7 [3]:17
[0]:564305443 [1]:357360795 [2]:7 [3]:53
[0]:565569330 [1]:358482999 [2]:7 [3]:15
[0]:566817021 [1]:359587696 [2]:7 [3]:23
[0]:568108673 [1]:360728679 [2]:7 [3]:55
[0]:569414960 [1]:361887871 [2]:7 [3]:17
[0]:570580392 [1]:362926285 [2]:7 [3]:19
[0]:571740982 [1]:363955731 [2]:7 [3]:18
[0]:572821462 [1]:364912059 [2]:7 [3]:16
[0]:573934155 [1]:365893585 [2]:7 [3]:56
[0]:575050098 [1]:366883145 [2]:7 [3]:57
[0]:576184674 [1]:367885617 [2]:7 [3]:15
[0]:577323942 [1]:368900191 [2]:7 [3]:50
[0]:578475195 [1]:369921812 [2]:7 [3]:58
[0]:579646287 [1]:370957318 [2]:7 [3]:15
[0]:580845495 [1]:372020779 [2]:7 [3]:19
[0]:581969017 [1]:373016280 [2]:7 [3]:19
[0]:583371598 [1]:374258615 [2]:7 [3]:14
[0]:584480100 [1]:375243169 [2]:7 [3]:18
[0]:585568138 [1]:376212924 [2]:7 [3]:60
[0]:586760719 [1]:377268597 [2]:7 [3]:52
[0]:588185756 [1]:378528298 [2]:7 [3]:58
[0]:589542463 [1]:379726608 [2]:7 [3]:16
[0]:590870608 [1]:380904805 [2]:7 [3]:59
[0]:591938956 [1]:381848302 [2]:7 [3]:16
[0]:593147838 [1]:382922090 [2]:7 [3]:14
[0]:594224916 [1]:383877592 [2]:7 [3]:17
[0]:595318490 [1]:384843572 [2]:7 [3]:54
[0]:596414378 [1]:385814459 [2]:7 [3]:16
[0]:597497542 [1]:386777587 [2]:7 [3]:55
[0]:598608743 [1]:387757675 [2]:7 [3]:22
[0]:599746470 [1]:388770192 [2]:7 [3]:54
[0]:600838991 [1]:389731927 [2]:7 [3]:51
[0]:601935901 [1]:390707093 [2]:7 [3]:14
[0]:603066378 [1]:391706452 [2]:7 [3]:17
[0]:604201483 [1]:392709565 [2]:7 [3]:21
[0]:605800102 [1]:394126429 [2]:7 [3]:14
[0]:607152408 [1]:395328152 [2]:7 [3]:17
[0]:608545410 [1]:396565280 [2]:7 [3]:17
[0]:609992116 [1]:397845358 [2]:7 [3]:19
[0]:611318269 [1]:399017707 [2]:7 [3]:17
[0]:612597793 [1]:400154031 [2]:7 [3]:52
[0]:613855939 [1]:401267706 [2]:7 [3]:13
[0]:615032921 [1]:402313323 [2]:7 [3]:21
[0]:616248004 [1]:403390674 [2]:7 [3]:16
[0]:617508757 [1]:404501509 [2]:7 [3]:17
[0]:618765880 [1]:405613761 [2]:7 [3]:19
[0]:619974620 [1]:406683244 [2]:7 [3]:17
[0]:621158459 [1]:407732977 [2]:7 [3]:16
[0]:622392191 [1]:408816523 [2]:7 [3]:16
[0]:623675342 [1]:409952673 [2]:7 [3]:19
[0]:624897990 [1]:411036468 [2]:7 [3]:17
[0]:626113652 [1]:412111538 [2]:7 [3]:20
[0]:627349498 [1]:413208947 [2]:7 [3]:14
[0]:628632148 [1]:414343248 [2]:7 [3]:59
[0]:629842257 [1]:415415498 [2]:7 [3]:19
[0]:631069193 [1]:416502935 [2]:7 [3]:13
[0]:632283296 [1]:417578396 [2]:7 [3]:15
[0]:633453234 [1]:418614294 [2]:7 [3]:14
[0]:634517980 [1]:419555428 [2]:7 [3]:16
[0]:635667587 [1]:420573807 [2]:7 [3]:19
[0]:636948371 [1]:421716322 [2]:7 [3]:17
[0]:638012427 [1]:422662630 [2]:7 [3]:14
[0]:639119801 [1]:423637632 [2]:7 [3]:16
[0]:640189841 [1]:424588464 [2]:7 [3]:15
[0]:641281647 [1]:425554050 [2]:7 [3]:16
[0]:642442046 [1]:426577854 [2]:7 [3]:20
[0]:643580926 [1]:427587599 [2]:7 [3]:16
[0]:644669137 [1]:428548176 [2]:7 [3]:17
[0]:645794779 [1]:429550191 [2]:7 [3]:16
[0]:646900766 [1]:430532944 [2]:7 [3]:18
[0]:647942789 [1]:431455398 [2]:7 [3]:52
[0]:649156905 [1]:432533782 [2]:7 [3]:12
[0]:650540497 [1]:433761653 [2]:7 [3]:14
[0]:651886348 [1]:434951025 [2]:7 [3]:19
[0]:653059528 [1]:435986546 [2]:7 [3]:17
[0]:654160538 [1]:436965401 [2]:7 [3]:17
[0]:655378058 [1]:438043565 [2]:7 [3]:17
[0]:656447219 [1]:438985352 [2]:7 [3]:15
[0]:657535202 [1]:439953973 [2]:7 [3]:16
[0]:658597017 [1]:440899541 [2]:7 [3]:14
[0]:659706629 [1]:441886769 [2]:7 [3]:21
[0]:660787644 [1]:442840852 [2]:7 [3]:9
[0]:661911332 [1]:443831527 [2]:7 [3]:16
[0]:663024319 [1]:444815544 [2]:7 [3]:20
[0]:664152808 [1]:445819409 [2]:7 [3]:13
[0]:665354260 [1]:446888372 [2]:7 [3]:18
[0]:666443620 [1]:447857268 [2]:7 [3]:15
[0]:667688114 [1]:448956979 [2]:7 [3]:18
[0]:669050819 [1]:450165782 [2]:7 [3]:17
[0]:670457639 [1]:451414091 [2]:7 [3]:11
[0]:671875995 [1]:452669583 [2]:7 [3]:18
[0]:673159163 [1]:453803949 [2]:7 [3]:14
[0]:674545387 [1]:455030759 [2]:7 [3]:18
[0]:675762181 [1]:456106342 [2]:7 [3]:16
[0]:677280084 [1]:457455972 [2]:7 [3]:59
[0]:678501583 [1]:458539336 [2]:7 [3]:17
[0]:679821425 [1]:459706521 [2]:7 [3]:21
[0]:681088985 [1]:460832837 [2]:7 [3]:17
[0]:682417012 [1]:462008619 [2]:7 [3]:10
[0]:683702304 [1]:463148895 [2]:7 [3]:56
[0]:685046630 [1]:464332912 [2]:7 [3]:17
[0]:686283321 [1]:465430860 [2]:7 [3]:19
[0]:687478054 [1]:466488799 [2]:7 [3]:10
[0]:688712196 [1]:467583681 [2]:7 [3]:20
[0]:689966868 [1]:468693466 [2]:7 [3]:17
[0]:691226094 [1]:469802419 [2]:7 [3]:13
[0]:692435736 [1]:470870074 [2]:7 [3]:17
[0]:693651838 [1]:471948013 [2]:7 [3]:18
[0]:694879580 [1]:473037368 [2]:7 [3]:51
[0]:696038854 [1]:474065456 [2]:7 [3]:56
[0]:697142296 [1]:475042151 [2]:7 [3]:19
[0]:698163422 [1]:475718767 [2]:7 [3]:16
