[0]:0 [1]:0 [2]:0 [3]:0
[0]:116565 [1]:0 [2]:0 [3]:72
[0]:360621 [1]:0 [2]:0 [3]:313
[0]:592994 [1]:0 [2]:0 [3]:318
[0]:814421 [1]:0 [2]:0 [3]:312
[0]:1036972 [1]:0 [2]:0 [3]:318
[0]:1285885 [1]:0 [2]:0 [3]:313
[0]:1504244 [1]:0 [2]:0 [3]:67
[0]:1741848 [1]:0 [2]:0 [3]:314
[0]:1961773 [1]:0 [2]:0 [3]:51
[0]:2189710 [1]:0 [2]:0 [3]:311
[0]:2415167 [1]:0 [2]:0 [3]:71
[0]:2663169 [1]:0 [2]:0 [3]:307
[0]:2895136 [1]:0 [2]:0 [3]:53
[0]:3127665 [1]:0 [2]:0 [3]:66
[0]:3364508 [1]:0 [2]:0 [3]:56
[0]:3588198 [1]:0 [2]:0 [3]:313
[0]:3820512 [1]:0 [2]:0 [3]:332
[0]:4048565 [1]:0 [2]:0 [3]:86
[0]:4278676 [1]:9400 [2]:119 [3]:363
[0]:4476170 [1]:31552 [2]:119 [3]:60
[0]:4693532 [1]:55995 [2]:119 [3]:84
[0]:4892026 [1]:78408 [2]:119 [3]:64
[0]:5084883 [1]:100093 [2]:119 [3]:60
[0]:5285096 [1]:122645 [2]:119 [3]:64
[0]:5487466 [1]:145501 [2]:119 [3]:365
[0]:5719300 [1]:171667 [2]:119 [3]:56
[0]:5914137 [1]:193587 [2]:119 [3]:65
[0]:6108772 [1]:215525 [2]:119 [3]:59
[0]:6311192 [1]:238467 [2]:119 [3]:58
[0]:6524754 [1]:262347 [2]:119 [3]:67
[0]:6730906 [1]:285574 [2]:119 [3]:367
[0]:6929046 [1]:307891 [2]:119 [3]:353
[0]:7120314 [1]:329369 [2]:119 [3]:62
[0]:7322341 [1]:352279 [2]:119 [3]:364
[0]:7528465 [1]:375638 [2]:119 [3]:358
[0]:7726893 [1]:398001 [2]:119 [3]:59
[0]:7920281 [1]:419723 [2]:119 [3]:68
[0]:8110193 [1]:441087 [2]:119 [3]:60
[0]:8303812 [1]:462929 [2]:119 [3]:360
[0]:8502246 [1]:485226 [2]:119 [3]:356
[0]:8704586 [1]:508113 [2]:119 [3]:346
[0]:8899197 [1]:530103 [2]:119 [3]:62
[0]:9100340 [1]:552830 [2]:119 [3]:61
[0]:9299253 [1]:575200 [2]:119 [3]:66
[0]:9498334 [1]:597623 [2]:119 [3]:68
[0]:9698335 [1]:620223 [2]:119 [3]:366
[0]:9918864 [1]:645217 [2]:119 [3]:54
[0]:10119597 [1]:668027 [2]:119 [3]:72
[0]:10329433 [1]:691725 [2]:114 [3]:365
[0]:10527819 [1]:714078 [2]:114 [3]:60
[0]:10763547 [1]:740703 [2]:114 [3]:363
[0]:10954594 [1]:762300 [2]:114 [3]:54
[0]:11193770 [1]:789453 [2]:114 [3]:54
[0]:11408640 [1]:813862 [2]:114 [3]:69
[0]:11617191 [1]:837403 [2]:114 [3]:359
[0]:11822955 [1]:860613 [2]:114 [3]:82
[0]:12019406 [1]:882718 [2]:114 [3]:61
[0]:12208085 [1]:903990 [2]:114 [3]:365
[0]:12424053 [1]:928486 [2]:114 [3]:358
[0]:12616378 [1]:950332 [2]:114 [3]:370
[0]:12827444 [1]:974066 [2]:114 [3]:69
[0]:13028580 [1]:996736 [2]:114 [3]:357
[0]:13249354 [1]:1021611 [2]:114 [3]:377
[0]:13443933 [1]:1043626 [2]:114 [3]:57
[0]:13643460 [1]:1066167 [2]:114 [3]:59
[0]:13840847 [1]:1088445 [2]:114 [3]:53
[0]:14039395 [1]:1110882 [2]:114 [3]:91
[0]:14233807 [1]:1133005 [2]:114 [3]:73
[0]:14432354 [1]:1155336 [2]:114 [3]:364
[0]:14634677 [1]:1178181 [2]:114 [3]:367
[0]:14840777 [1]:1201429 [2]:114 [3]:60
[0]:15031577 [1]:1222923 [2]:114 [3]:64
[0]:15234328 [1]:1245730 [2]:114 [3]:371
[0]:15421141 [1]:1266815 [2]:114 [3]:65
[0]:15623349 [1]:1289692 [2]:114 [3]:372
[0]:15829479 [1]:1312803 [2]:114 [3]:74
[0]:16036551 [1]:1336243 [2]:114 [3]:64
[0]:16241242 [1]:1359312 [2]:114 [3]:373
[0]:16437139 [1]:1381431 [2]:109 [3]:354
[0]:16635557 [1]:1404110 [2]:109 [3]:376
[0]:16828720 [1]:1425877 [2]:109 [3]:61
[0]:17045926 [1]:1450407 [2]:109 [3]:56
[0]:17240732 [1]:1472349 [2]:109 [3]:371
[0]:17431723 [1]:1493880 [2]:109 [3]:358
[0]:17631733 [1]:1516337 [2]:109 [3]:68
[0]:17819971 [1]:1537570 [2]:109 [3]:47
[0]:18027575 [1]:1561004 [2]:109 [3]:59
[0]:18215226 [1]:1582198 [2]:109 [3]:64
[0]:18409067 [1]:1604142 [2]:109 [3]:72
[0]:18602486 [1]:1625967 [2]:109 [3]:358
[0]:18796599 [1]:1647734 [2]:109 [3]:366
[0]:19019635 [1]:1672876 [2]:109 [3]:72
[0]:19214450 [1]:1695094 [2]:109 [3]:57
[0]:19416461 [1]:1717786 [2]:109 [3]:359
[0]:19610961 [1]:1739587 [2]:109 [3]:71
[0]:19869540 [1]:1768728 [2]:109 [3]:362
[0]:20068056 [1]:1791177 [2]:109 [3]:55
[0]:20265106 [1]:1813341 [2]:109 [3]:365
[0]:20465227 [1]:1835807 [2]:109 [3]:372
[0]:20666555 [1]:1858497 [2]:109 [3]:58
[0]:20877012 [1]:1882277 [2]:109 [3]:62
[0]:21071589 [1]:1904175 [2]:109 [3]:82
[0]:21259292 [1]:1925223 [2]:109 [3]:53
[0]:21450106 [1]:1946634 [2]:109 [3]:360
[0]:21645266 [1]:1968561 [2]:109 [3]:79
[0]:21839834 [1]:1990603 [2]:109 [3]:354
[0]:22034319 [1]:2012740 [2]:109 [3]:57
[0]:22243799 [1]:2036549 [2]:109 [3]:369
[0]:22442108 [1]:2059063 [2]:109 [3]:350
[0]:22640615 [1]:2081473 [2]:105 [3]:80
[0]:22835038 [1]:2103592 [2]:105 [3]:360
[0]:23025930 [1]:2125092 [2]:105 [3]:69
[0]:23250623 [1]:2150498 [2]:105 [3]:362
[0]:23450380 [1]:2173014 [2]:105 [3]:62
[0]:23643999 [1]:2194806 [2]:105 [3]:355
[0]:23839929 [1]:2217032 [2]:105 [3]:80
[0]:24036900 [1]:2239217 [2]:105 [3]:59
[0]:24231799 [1]:2261100 [2]:105 [3]:62
[0]:24426565 [1]:2283066 [2]:105 [3]:67
[0]:24625800 [1]:2305481 [2]:105 [3]:75
[0]:24827453 [1]:2328215 [2]:105 [3]:62
[0]:25022157 [1]:2350050 [2]:105 [3]:82
[0]:25224168 [1]:2372923 [2]:105 [3]:63
[0]:25415180 [1]:2394518 [2]:105 [3]:70
[0]:25617366 [1]:2417441 [2]:105 [3]:59
[0]:25811869 [1]:2439572 [2]:105 [3]:376
[0]:26017769 [1]:2462945 [2]:105 [3]:360
[0]:26216107 [1]:2485361 [2]:105 [3]:55
[0]:26403213 [1]:2506448 [2]:105 [3]:360
[0]:26605060 [1]:2529204 [2]:105 [3]:53
[0]:26800247 [1]:2551294 [2]:105 [3]:73
[0]:27039762 [1]:2578414 [2]:105 [3]:357
[0]:27234589 [1]:2600354 [2]:105 [3]:364
[0]:27432240 [1]:2622672 [2]:105 [3]:356
[0]:27634899 [1]:2645396 [2]:105 [3]:74
[0]:27826049 [1]:2667011 [2]:105 [3]:362
[0]:28020908 [1]:2688994 [2]:105 [3]:64
