[0]:3630245806 [1]:1 [2]:2 [3]:3
[0]:3391597920 [1]:1 [2]:2 [3]:3
[0]:4153778791 [1]:1 [2]:2 [3]:3
[0]:3922807962 [1]:1 [2]:2 [3]:3
[0]:3706586193 [1]:1 [2]:2 [3]:2
[0]:3481304526 [1]:1 [2]:2 [3]:3
[0]:4262980483 [1]:1 [2]:2 [3]:3
[0]:4003966860 [1]:1 [2]:2 [3]:3
[0]:3788649290 [1]:1 [2]:2 [3]:2
[0]:3574753440 [1]:1 [2]:2 [3]:3
[0]:3366628766 [1]:1 [2]:2 [3]:3
[0]:4146663121 [1]:1 [2]:2 [3]:3
[0]:3934698895 [1]:1 [2]:2 [3]:3
[0]:3714741516 [1]:1 [2]:2 [3]:3
[0]:3507731446 [1]:1 [2]:2 [3]:3
[0]:4251573542 [1]:1 [2]:2 [3]:3
[0]:4062616795 [1]:1 [2]:2 [3]:3
[0]:3832097990 [1]:1 [2]:2 [3]:2
[0]:3638940360 [1]:1 [2]:2 [3]:3
[0]:3450848272 [1]:1 [2]:2 [3]:3
[0]:4262873583 [1]:1 [2]:2 [3]:2
[0]:4036318017 [1]:1 [2]:2 [3]:3
[0]:3843709101 [1]:1 [2]:2 [3]:3
[0]:3653731918 [1]:1 [2]:2 [3]:3
[0]:3458910698 [1]:1 [2]:2 [3]:3
[0]:4266763206 [1]:1 [2]:2 [3]:3
[0]:4072985586 [1]:1 [2]:2 [3]:3
[0]:3892856385 [1]:1 [2]:2 [3]:3
[0]:3705445017 [1]:1 [2]:2 [3]:3
[0]:3502840276 [1]:1 [2]:2 [3]:3
[0]:3310779012 [1]:1 [2]:2 [3]:3
[0]:4088425951 [1]:1 [2]:2 [3]:3
[0]:3844517688 [1]:1 [2]:2 [3]:3
[0]:3611548071 [1]:1 [2]:2 [3]:3
[0]:3414727617 [1]:1 [2]:2 [3]:3
[0]:4219536875 [1]:1 [2]:2 [3]:3
[0]:4034840581 [1]:1 [2]:2 [3]:2
[0]:3822780546 [1]:1 [2]:2 [3]:3
[0]:3629385008 [1]:1 [2]:2 [3]:3
[0]:3438811387 [1]:1 [2]:2 [3]:3
[0]:4222748801 [1]:1 [2]:2 [3]:3
[0]:4034937930 [1]:1 [2]:2 [3]:3
[0]:3806189673 [1]:1 [2]:2 [3]:3
[0]:3613773076 [1]:1 [2]:2 [3]:3
[0]:3420652161 [1]:1 [2]:2 [3]:3
[0]:4226413217 [1]:1 [2]:2 [3]:3
[0]:4038998358 [1]:1 [2]:2 [3]:3
[0]:3843236601 [1]:1 [2]:2 [3]:3
[0]:3642975128 [1]:1 [2]:2 [3]:3
[0]:3407252010 [1]:1 [2]:2 [3]:3
[0]:4172747262 [1]:1 [2]:2 [3]:2
[0]:3933789225 [1]:1 [2]:2 [3]:3
[0]:3710755655 [1]:1 [2]:2 [3]:3
[0]:3500758550 [1]:1 [2]:2 [3]:2
[0]:4290714995 [1]:1 [2]:2 [3]:2
[0]:4075146382 [1]:1 [2]:2 [3]:3
[0]:3854656150 [1]:1 [2]:2 [3]:3
[0]:3610755282 [1]:1 [2]:2 [3]:3
[0]:3398850773 [1]:1 [2]:2 [3]:3
[0]:4182900836 [1]:1 [2]:2 [3]:3
[0]:3966604425 [1]:1 [2]:2 [3]:3
[0]:3754723937 [1]:1 [2]:2 [3]:3
[0]:3535349712 [1]:1 [2]:2 [3]:3
[0]:3330776772 [1]:1 [2]:2 [3]:3
[0]:4118635122 [1]:1 [2]:2 [3]:3
[0]:3922829296 [1]:1 [2]:2 [3]:2
[0]:3726784198 [1]:1 [2]:2 [3]:3
[0]:3534823273 [1]:1 [2]:2 [3]:3
[0]:3338768898 [1]:1 [2]:2 [3]:2
[0]:4146861900 [1]:1 [2]:2 [3]:3
[0]:3954852855 [1]:1 [2]:2 [3]:2
[0]:3707238380 [1]:1 [2]:2 [3]:3
[0]:3518768796 [1]:1 [2]:2 [3]:2
[0]:4286658222 [1]:1 [2]:2 [3]:3
[0]:4082869870 [1]:1 [2]:2 [3]:2
[0]:3894854308 [1]:1 [2]:2 [3]:2
[0]:3698764608 [1]:1 [2]:2 [3]:3
[0]:3506802348 [1]:1 [2]:2 [3]:2
[0]:3314807427 [1]:1 [2]:2 [3]:3
[0]:4126723522 [1]:1 [2]:2 [3]:3
[0]:3919161082 [1]:1 [2]:2 [3]:2
[0]:3681847528 [1]:1 [2]:2 [3]:3
[0]:3454131075 [1]:1 [2]:2 [3]:3
[0]:4259134406 [1]:1 [2]:2 [3]:3
[0]:4067227468 [1]:1 [2]:2 [3]:3
[0]:3882822841 [1]:1 [2]:2 [3]:3
[0]:3694879193 [1]:1 [2]:2 [3]:3
[0]:3505082708 [1]:1 [2]:2 [3]:3
[0]:3314804036 [1]:1 [2]:2 [3]:3
[0]:4069567715 [1]:1 [2]:2 [3]:2
[0]:3882941086 [1]:1 [2]:2 [3]:3
[0]:3687605135 [1]:1 [2]:2 [3]:3
[0]:3506100786 [1]:1 [2]:2 [3]:2
[0]:3314206023 [1]:1 [2]:2 [3]:3
[0]:4126835171 [1]:1 [2]:2 [3]:3
[0]:3930886133 [1]:1 [2]:2 [3]:2
[0]:3740390646 [1]:1 [2]:2 [3]:3
[0]:3550845973 [1]:1 [2]:2 [3]:3
[0]:3327616816 [1]:1 [2]:2 [3]:2
[0]:4087148368 [1]:1 [2]:2 [3]:3
[0]:3850072095 [1]:1 [2]:2 [3]:2
[0]:3614824587 [1]:1 [2]:2 [3]:3
[0]:3397891801 [1]:1 [2]:2 [3]:3
[0]:4190815798 [1]:1 [2]:2 [3]:3
[0]:3973894866 [1]:1 [2]:2 [3]:3
[0]:3758356231 [1]:1 [2]:2 [3]:3
[0]:3542854726 [1]:1 [2]:2 [3]:3
[0]:3322676125 [1]:1 [2]:2 [3]:2
[0]:4114984931 [1]:1 [2]:2 [3]:2
[0]:3890840865 [1]:1 [2]:2 [3]:2
[0]:3671753108 [1]:1 [2]:2 [3]:3
[0]:3466981917 [1]:1 [2]:2 [3]:3
[0]:4249626681 [1]:1 [2]:2 [3]:3
[0]:4038018043 [1]:1 [2]:2 [3]:3
[0]:3830731615 [1]:1 [2]:2 [3]:4
[0]:3630937433 [1]:1 [2]:2 [3]:3
[0]:3447111707 [1]:1 [2]:2 [3]:3
[0]:4251837312 [1]:1 [2]:2 [3]:3
[0]:4061225120 [1]:1 [2]:2 [3]:3
[0]:3870899688 [1]:1 [2]:2 [3]:4
[0]:3670865940 [1]:1 [2]:2 [3]:3
[0]:3434925900 [1]:1 [2]:2 [3]:3
[0]:4231075398 [1]:1 [2]:2 [3]:2
[0]:4047126341 [1]:1 [2]:2 [3]:3
[0]:3854921743 [1]:1 [2]:2 [3]:3
[0]:3662882985 [1]:1 [2]:2 [3]:3
[0]:3474880392 [1]:1 [2]:2 [3]:3
[0]:4289074403 [1]:1 [2]:2 [3]:3
[0]:4094900855 [1]:1 [2]:2 [3]:3
[0]:3899629227 [1]:1 [2]:2 [3]:3
[0]:3701024305 [1]:1 [2]:2 [3]:3
[0]:3469949025 [1]:1 [2]:2 [3]:3
[0]:4198469931 [1]:1 [2]:2 [3]:3
[0]:3994158378 [1]:1 [2]:2 [3]:3
[0]:3795320451 [1]:1 [2]:2 [3]:2
[0]:3598954950 [1]:1 [2]:2 [3]:3
[0]:3404105715 [1]:1 [2]:2 [3]:3
[0]:4218891078 [1]:1 [2]:2 [3]:3
[0]:4025840781 [1]:1 [2]:2 [3]:3
[0]:3827063163 [1]:1 [2]:2 [3]:2
[0]:3634953370 [1]:1 [2]:2 [3]:3
[0]:3438815663 [1]:1 [2]:2 [3]:3
[0]:4206776857 [1]:1 [2]:2 [3]:2
[0]:4015256486 [1]:1 [2]:2 [3]:3
[0]:3811069250 [1]:1 [2]:2 [3]:3
[0]:3623121601 [1]:1 [2]:2 [3]:3
[0]:3434960003 [1]:1 [2]:2 [3]:3
[0]:4243052331 [1]:1 [2]:2 [3]:3
[0]:4028227815 [1]:1 [2]:2 [3]:2
[0]:3790774520 [1]:1 [2]:2 [3]:3
[0]:3561815683 [1]:1 [2]:2 [3]:3
[0]:3306805113 [1]:1 [2]:2 [3]:2
[0]:4099117565 [1]:1 [2]:2 [3]:2
[0]:3883016156 [1]:1 [2]:2 [3]:2
[0]:3662763511 [1]:1 [2]:2 [3]:3
[0]:3454938000 [1]:1 [2]:2 [3]:3
[0]:4245106942 [1]:1 [2]:2 [3]:3
[0]:4040874216 [1]:1 [2]:2 [3]:2
[0]:3830892151 [1]:1 [2]:2 [3]:2
[0]:3606910872 [1]:1 [2]:2 [3]:3
[0]:3358009426 [1]:1 [2]:2 [3]:3
[0]:4142910490 [1]:1 [2]:2 [3]:3
[0]:3930900323 [1]:1 [2]:2 [3]:3
[0]:3642912478 [1]:1 [2]:2 [3]:2
[0]:3442912947 [1]:1 [2]:2 [3]:2
[0]:4228824930 [1]:1 [2]:2 [3]:3
[0]:3998029350 [1]:1 [2]:2 [3]:5
[0]:3802912583 [1]:1 [2]:2 [3]:3
[0]:3615235441 [1]:1 [2]:2 [3]:3
[0]:3434028406 [1]:1 [2]:2 [3]:3
[0]:4246312220 [1]:1 [2]:2 [3]:3
[0]:4059666646 [1]:1 [2]:2 [3]:5
[0]:3854879572 [1]:1 [2]:2 [3]:3
[0]:3667094741 [1]:1 [2]:2 [3]:3
[0]:3482038017 [1]:1 [2]:2 [3]:3
[0]:4290300246 [1]:1 [2]:2 [3]:3
[0]:4098977667 [1]:1 [2]:2 [3]:3
[0]:3907958536 [1]:1 [2]:2 [3]:2
[0]:3721846365 [1]:1 [2]:2 [3]:2
[0]:3531203627 [1]:1 [2]:2 [3]:3
[0]:3306899320 [1]:1 [2]:2 [3]:3
[0]:4071444202 [1]:1 [2]:2 [3]:2
[0]:3857083716 [1]:1 [2]:2 [3]:3
[0]:3663332020 [1]:1 [2]:2 [3]:2
[0]:3441936075 [1]:1 [2]:2 [3]:2
[0]:4255016461 [1]:1 [2]:2 [3]:3
[0]:4052935862 [1]:1 [2]:2 [3]:2
[0]:3865032743 [1]:1 [2]:2 [3]:3
[0]:3672318952 [1]:1 [2]:2 [3]:3
[0]:3479428303 [1]:1 [2]:2 [3]:2
[0]:4282360711 [1]:1 [2]:2 [3]:3
[0]:4071928692 [1]:1 [2]:2 [3]:3
[0]:3838447807 [1]:1 [2]:2 [3]:3
[0]:3646085091 [1]:1 [2]:2 [3]:3
[0]:3451080923 [1]:1 [2]:2 [3]:3
[0]:4253896507 [1]:1 [2]:2 [3]:3
[0]:4062081413 [1]:1 [2]:2 [3]:3
[0]:3844138431 [1]:1 [2]:2 [3]:3
[0]:3570086891 [1]:1 [2]:2 [3]:3
[0]:3332085928 [1]:1 [2]:2 [3]:3
[0]:4110893953 [1]:1 [2]:2 [3]:3
[0]:3878994696 [1]:1 [2]:2 [3]:3
