[0]:3750510357 [1]:1 [2]:2 [3]:3
[0]:3527348135 [1]:1 [2]:2 [3]:3
[0]:4279451546 [1]:1 [2]:2 [3]:3
[0]:4066515768 [1]:1 [2]:2 [3]:4
[0]:3795422323 [1]:1 [2]:2 [3]:3
[0]:3526549920 [1]:1 [2]:2 [3]:3
[0]:3303395555 [1]:1 [2]:2 [3]:2
[0]:4051471932 [1]:1 [2]:2 [3]:2
[0]:3858935985 [1]:1 [2]:2 [3]:3
[0]:3665514673 [1]:1 [2]:2 [3]:3
[0]:3475853133 [1]:1 [2]:2 [3]:3
[0]:4275599232 [1]:1 [2]:2 [3]:2
[0]:4077204711 [1]:1 [2]:2 [3]:3
[0]:3887130995 [1]:1 [2]:2 [3]:2
[0]:3700360631 [1]:1 [2]:2 [3]:3
[0]:3512160726 [1]:1 [2]:2 [3]:3
[0]:3327618686 [1]:1 [2]:2 [3]:3
[0]:4140094771 [1]:1 [2]:2 [3]:3
[0]:3955660483 [1]:1 [2]:2 [3]:3
[0]:3767493450 [1]:1 [2]:2 [3]:3
[0]:3575610915 [1]:1 [2]:2 [3]:3
[0]:3371499861 [1]:1 [2]:2 [3]:3
[0]:4178482316 [1]:1 [2]:2 [3]:2
[0]:3929940101 [1]:1 [2]:2 [3]:3
[0]:3701411252 [1]:1 [2]:2 [3]:3
[0]:3443500177 [1]:1 [2]:2 [3]:3
[0]:4243601705 [1]:1 [2]:2 [3]:3
[0]:4051502425 [1]:1 [2]:2 [3]:2
[0]:3863371853 [1]:1 [2]:2 [3]:3
[0]:3669072467 [1]:1 [2]:2 [3]:3
[0]:3475030605 [1]:1 [2]:2 [3]:3
[0]:4279480076 [1]:1 [2]:2 [3]:3
[0]:4085453446 [1]:1 [2]:2 [3]:3
[0]:3898577312 [1]:1 [2]:2 [3]:3
[0]:3654037370 [1]:1 [2]:2 [3]:3
[0]:3467612776 [1]:1 [2]:2 [3]:2
[0]:4263439948 [1]:1 [2]:2 [3]:3
[0]:4075746593 [1]:1 [2]:2 [3]:3
[0]:3888449891 [1]:1 [2]:2 [3]:3
[0]:3655206213 [1]:1 [2]:2 [3]:2
[0]:3407134492 [1]:1 [2]:2 [3]:3
[0]:4171657190 [1]:1 [2]:2 [3]:3
[0]:3938603292 [1]:1 [2]:2 [3]:3
[0]:3723455203 [1]:1 [2]:2 [3]:2
[0]:3511544837 [1]:1 [2]:2 [3]:3
[0]:4291482267 [1]:1 [2]:2 [3]:3
[0]:4076161721 [1]:1 [2]:2 [3]:3
[0]:3863602666 [1]:1 [2]:2 [3]:3
[0]:3650611405 [1]:1 [2]:2 [3]:3
[0]:3435606937 [1]:1 [2]:2 [3]:3
[0]:4235438808 [1]:1 [2]:2 [3]:3
[0]:3947402141 [1]:1 [2]:2 [3]:3
[0]:3727581627 [1]:1 [2]:2 [3]:2
[0]:3516324585 [1]:1 [2]:2 [3]:2
[0]:3307535460 [1]:1 [2]:2 [3]:2
[0]:4088772856 [1]:1 [2]:2 [3]:3
[0]:3890872512 [1]:1 [2]:2 [3]:2
[0]:3703760327 [1]:1 [2]:2 [3]:3
[0]:3511568386 [1]:1 [2]:2 [3]:3
[0]:3326908593 [1]:1 [2]:2 [3]:4
[0]:4134483970 [1]:1 [2]:2 [3]:3
[0]:3943339476 [1]:1 [2]:2 [3]:3
[0]:3747517653 [1]:1 [2]:2 [3]:3
[0]:3551682800 [1]:1 [2]:2 [3]:3
[0]:3319509462 [1]:1 [2]:2 [3]:3
[0]:4130279232 [1]:1 [2]:2 [3]:3
[0]:3935787728 [1]:1 [2]:2 [3]:3
[0]:3743570448 [1]:1 [2]:2 [3]:3
[0]:3558965206 [1]:1 [2]:2 [3]:3
[0]:3364526698 [1]:1 [2]:2 [3]:3
[0]:4175979876 [1]:1 [2]:2 [3]:3
[0]:3979466891 [1]:1 [2]:2 [3]:3
[0]:3739875365 [1]:1 [2]:2 [3]:3
[0]:3494635540 [1]:1 [2]:2 [3]:3
[0]:4287397060 [1]:1 [2]:2 [3]:2
[0]:4100007002 [1]:1 [2]:2 [3]:3
[0]:3907758032 [1]:1 [2]:2 [3]:3
[0]:3722667151 [1]:1 [2]:2 [3]:3
[0]:3528256367 [1]:1 [2]:2 [3]:3
[0]:3338273657 [1]:1 [2]:2 [3]:2
[0]:4143585015 [1]:1 [2]:2 [3]:3
[0]:3954672686 [1]:1 [2]:2 [3]:3
[0]:3762476776 [1]:1 [2]:2 [3]:4
[0]:3575563401 [1]:1 [2]:2 [3]:3
[0]:3383683380 [1]:1 [2]:2 [3]:2
[0]:4200542471 [1]:1 [2]:2 [3]:3
[0]:4018758503 [1]:1 [2]:2 [3]:3
[0]:3823829068 [1]:1 [2]:2 [3]:3
[0]:3632889736 [1]:1 [2]:2 [3]:2
[0]:3438689871 [1]:1 [2]:2 [3]:3
[0]:4198959642 [1]:1 [2]:2 [3]:3
[0]:3967523253 [1]:1 [2]:2 [3]:2
[0]:3739657298 [1]:1 [2]:2 [3]:3
[0]:3511543007 [1]:1 [2]:2 [3]:3
[0]:3307660156 [1]:1 [2]:2 [3]:3
[0]:4095592998 [1]:1 [2]:2 [3]:3
[0]:3884458083 [1]:1 [2]:2 [3]:3
[0]:3636835411 [1]:1 [2]:2 [3]:3
[0]:3423562467 [1]:1 [2]:2 [3]:3
[0]:4207555291 [1]:1 [2]:2 [3]:3
[0]:3987560386 [1]:1 [2]:2 [3]:3
[0]:3771574157 [1]:1 [2]:2 [3]:3
[0]:3555467615 [1]:1 [2]:2 [3]:2
[0]:3343619642 [1]:1 [2]:2 [3]:2
[0]:4129013542 [1]:1 [2]:2 [3]:3
[0]:3915500855 [1]:1 [2]:2 [3]:3
[0]:3707812201 [1]:1 [2]:2 [3]:2
[0]:3526727415 [1]:1 [2]:2 [3]:3
[0]:3335639548 [1]:1 [2]:2 [3]:3
[0]:4143819031 [1]:1 [2]:2 [3]:3
[0]:3955651460 [1]:1 [2]:2 [3]:3
[0]:3763563842 [1]:1 [2]:2 [3]:3
[0]:3571586056 [1]:1 [2]:2 [3]:3
[0]:3379596841 [1]:1 [2]:2 [3]:3
[0]:4183789963 [1]:1 [2]:2 [3]:3
[0]:3999589642 [1]:1 [2]:2 [3]:3
[0]:3808248871 [1]:1 [2]:2 [3]:4
[0]:3618746750 [1]:1 [2]:2 [3]:3
[0]:3419669772 [1]:1 [2]:2 [3]:3
[0]:4223659000 [1]:1 [2]:2 [3]:3
[0]:4035893241 [1]:1 [2]:2 [3]:2
[0]:3839640335 [1]:1 [2]:2 [3]:3
[0]:3618233270 [1]:1 [2]:2 [3]:3
[0]:3384320546 [1]:1 [2]:2 [3]:2
[0]:4170760718 [1]:1 [2]:2 [3]:3
[0]:3979655297 [1]:1 [2]:2 [3]:3
[0]:3792865555 [1]:1 [2]:2 [3]:3
[0]:3599637786 [1]:1 [2]:2 [3]:3
[0]:3407719341 [1]:1 [2]:2 [3]:2
[0]:4216043017 [1]:1 [2]:2 [3]:3
[0]:3987016280 [1]:1 [2]:2 [3]:3
[0]:3799242906 [1]:1 [2]:2 [3]:3
[0]:3607548321 [1]:1 [2]:2 [3]:3
[0]:3419448031 [1]:1 [2]:2 [3]:3
[0]:4232269192 [1]:1 [2]:2 [3]:3
[0]:4049904328 [1]:1 [2]:2 [3]:3
[0]:3860073657 [1]:1 [2]:2 [3]:3
[0]:3621583841 [1]:1 [2]:2 [3]:3
[0]:3435798301 [1]:1 [2]:2 [3]:3
[0]:4248658631 [1]:1 [2]:2 [3]:2
[0]:4035975216 [1]:1 [2]:2 [3]:2
[0]:3798075873 [1]:1 [2]:2 [3]:3
[0]:3566801136 [1]:1 [2]:2 [3]:3
[0]:3316787102 [1]:1 [2]:2 [3]:3
[0]:4035718027 [1]:1 [2]:2 [3]:3
[0]:3823657912 [1]:1 [2]:2 [3]:2
[0]:3621280393 [1]:1 [2]:2 [3]:3
[0]:3407614545 [1]:1 [2]:2 [3]:3
[0]:4191815421 [1]:1 [2]:2 [3]:3
[0]:3967731913 [1]:1 [2]:2 [3]:2
[0]:3751425771 [1]:1 [2]:2 [3]:3
[0]:3536906857 [1]:1 [2]:2 [3]:3
[0]:3324583428 [1]:1 [2]:2 [3]:3
[0]:4082820175 [1]:1 [2]:2 [3]:3
[0]:3870475321 [1]:1 [2]:2 [3]:3
[0]:3670848196 [1]:1 [2]:2 [3]:3
[0]:3468443815 [1]:1 [2]:2 [3]:3
[0]:4277737577 [1]:1 [2]:2 [3]:3
[0]:4051162713 [1]:1 [2]:2 [3]:2
[0]:3851691598 [1]:1 [2]:2 [3]:3
[0]:3664595357 [1]:1 [2]:2 [3]:3
[0]:3459638701 [1]:1 [2]:2 [3]:3
[0]:4268381382 [1]:1 [2]:2 [3]:3
[0]:4075769748 [1]:1 [2]:2 [3]:3
[0]:3887757555 [1]:1 [2]:2 [3]:2
[0]:3699645145 [1]:1 [2]:2 [3]:3
[0]:3503690105 [1]:1 [2]:2 [3]:3
[0]:3311648437 [1]:1 [2]:2 [3]:3
[0]:4120234397 [1]:1 [2]:2 [3]:3
[0]:3919860506 [1]:1 [2]:2 [3]:3
[0]:3727699730 [1]:1 [2]:2 [3]:3
[0]:3531708725 [1]:1 [2]:2 [3]:3
[0]:3318264593 [1]:1 [2]:2 [3]:3
[0]:4082862732 [1]:1 [2]:2 [3]:3
[0]:3870377778 [1]:1 [2]:2 [3]:3
[0]:3673731500 [1]:1 [2]:2 [3]:3
[0]:3471721215 [1]:1 [2]:2 [3]:3
[0]:4277466238 [1]:1 [2]:2 [3]:3
[0]:4087930863 [1]:1 [2]:2 [3]:2
[0]:3895753286 [1]:1 [2]:2 [3]:3
[0]:3703717736 [1]:1 [2]:2 [3]:3
[0]:3511831076 [1]:1 [2]:2 [3]:3
[0]:3321965343 [1]:1 [2]:2 [3]:3
[0]:4132027390 [1]:1 [2]:2 [3]:2
[0]:3907748092 [1]:1 [2]:2 [3]:3
[0]:3715378215 [1]:1 [2]:2 [3]:3
[0]:3507608847 [1]:1 [2]:2 [3]:3
[0]:3315855876 [1]:1 [2]:2 [3]:3
[0]:4124995538 [1]:1 [2]:2 [3]:3
[0]:3909194098 [1]:1 [2]:2 [3]:3
[0]:3670327301 [1]:1 [2]:2 [3]:3
[0]:3410897795 [1]:1 [2]:2 [3]:3
[0]:4181854841 [1]:1 [2]:2 [3]:3
[0]:3963664665 [1]:1 [2]:2 [3]:3
[0]:3699574396 [1]:1 [2]:2 [3]:2
[0]:3487711103 [1]:1 [2]:2 [3]:3
[0]:4263627906 [1]:1 [2]:2 [3]:2
[0]:4054127426 [1]:1 [2]:2 [3]:3
[0]:3839499082 [1]:1 [2]:2 [3]:3
[0]:3631708476 [1]:1 [2]:2 [3]:2
[0]:3399698007 [1]:1 [2]:2 [3]:2
[0]:4181112577 [1]:1 [2]:2 [3]:3
[0]:3927044905 [1]:1 [2]:2 [3]:3
[0]:3659685822 [1]:1 [2]:2 [3]:3
[0]:3455537625 [1]:1 [2]:2 [3]:3
[0]:4247978262 [1]:1 [2]:2 [3]:2
[0]:4051717151 [1]:1 [2]:2 [3]:3
[0]:3866179242 [1]:1 [2]:2 [3]:3
[0]:3771641138 [1]:1 [2]:2 [3]:5
[0]:3771641138 [1]:1 [2]:2 [3]:5
[0]:3771641138 [1]:1 [2]:2 [3]:5
[0]:3771641138 [1]:1 [2]:2 [3]:5
[0]:3771641138 [1]:1 [2]:2 [3]:5
[0]:3771641138 [1]:1 [2]:2 [3]:5
[0]:3771641138 [1]:1 [2]:2 [3]:5
[0]:3771641138 [1]:1 [2]:2 [3]:5
[0]:3771641138 [1]:1 [2]:2 [3]:5
[0]:3771641138 [1]:1 [2]:2 [3]:5
