[0]:153271679 [1]:27124390 [2]:151 [3]:365
[0]:153470773 [1]:27170289 [2]:152 [3]:58
[0]:153682100 [1]:27219115 [2]:152 [3]:56
[0]:153872461 [1]:27263078 [2]:152 [3]:360
[0]:154066631 [1]:27307950 [2]:152 [3]:366
[0]:154264539 [1]:27353693 [2]:152 [3]:363
[0]:154454858 [1]:27397564 [2]:152 [3]:361
[0]:154682279 [1]:27450133 [2]:152 [3]:361
[0]:154887848 [1]:27497640 [2]:152 [3]:364
[0]:155078115 [1]:27541607 [2]:152 [3]:365
[0]:155279903 [1]:27588222 [2]:152 [3]:359
[0]:155469154 [1]:27631904 [2]:152 [3]:361
[0]:155666081 [1]:27677433 [2]:152 [3]:362
[0]:155894268 [1]:27730199 [2]:152 [3]:362
[0]:156110730 [1]:27780217 [2]:164 [3]:359
[0]:156305966 [1]:27825261 [2]:164 [3]:367
[0]:156503842 [1]:27870946 [2]:164 [3]:361
[0]:156727654 [1]:27922648 [2]:164 [3]:356
[0]:156925674 [1]:27968387 [2]:164 [3]:362
[0]:157119835 [1]:28013237 [2]:164 [3]:364
[0]:157317631 [1]:28058886 [2]:164 [3]:365
[0]:157512728 [1]:28104042 [2]:164 [3]:363
[0]:157701311 [1]:28147677 [2]:164 [3]:359
[0]:157958729 [1]:28207174 [2]:164 [3]:358
[0]:158153697 [1]:28252180 [2]:164 [3]:358
[0]:158358990 [1]:28299606 [2]:164 [3]:361
[0]:158557679 [1]:28345554 [2]:164 [3]:365
[0]:158750508 [1]:28390164 [2]:164 [3]:362
[0]:158975025 [1]:28442026 [2]:166 [3]:364
[0]:159172385 [1]:28487537 [2]:166 [3]:355
[0]:159369895 [1]:28533153 [2]:166 [3]:362
[0]:159572089 [1]:28579827 [2]:166 [3]:364
[0]:159773508 [1]:28626410 [2]:166 [3]:362
[0]:159972119 [1]:28672255 [2]:166 [3]:361
[0]:160165319 [1]:28716992 [2]:166 [3]:357
[0]:160366867 [1]:28763492 [2]:166 [3]:354
[0]:160564873 [1]:28809271 [2]:166 [3]:355
[0]:160772843 [1]:28857294 [2]:166 [3]:60
[0]:160971735 [1]:28903168 [2]:166 [3]:356
[0]:161173026 [1]:28949673 [2]:166 [3]:361
[0]:161366247 [1]:28994318 [2]:166 [3]:363
[0]:161595872 [1]:29047384 [2]:166 [3]:367
[0]:161803848 [1]:29095402 [2]:167 [3]:56
[0]:162005815 [1]:29142006 [2]:167 [3]:59
[0]:162214101 [1]:29190177 [2]:167 [3]:357
[0]:162424486 [1]:29238759 [2]:167 [3]:354
[0]:162733317 [1]:29310134 [2]:167 [3]:355
[0]:162931120 [1]:29355806 [2]:167 [3]:358
[0]:163125097 [1]:29400605 [2]:167 [3]:354
[0]:163323029 [1]:29446373 [2]:167 [3]:59
[0]:163513311 [1]:29490404 [2]:167 [3]:357
[0]:163729824 [1]:29540319 [2]:167 [3]:367
[0]:163931348 [1]:29586959 [2]:167 [3]:357
[0]:164121255 [1]:29630829 [2]:167 [3]:364
[0]:164323008 [1]:29677490 [2]:167 [3]:358
[0]:164517209 [1]:29722326 [2]:167 [3]:361
[0]:164718876 [1]:29768901 [2]:167 [3]:359
[0]:164923264 [1]:29816101 [2]:167 [3]:353
[0]:165121077 [1]:29861822 [2]:167 [3]:57
[0]:165319757 [1]:29907748 [2]:167 [3]:365
[0]:165521985 [1]:29954511 [2]:167 [3]:366
[0]:165725889 [1]:30001541 [2]:167 [3]:357
[0]:165934454 [1]:30049737 [2]:167 [3]:56
[0]:166126015 [1]:30093991 [2]:167 [3]:359
[0]:166349884 [1]:30145832 [2]:167 [3]:357
[0]:166551469 [1]:30192342 [2]:167 [3]:359
[0]:166752647 [1]:30238770 [2]:167 [3]:360
[0]:166984423 [1]:30292373 [2]:167 [3]:360
[0]:167197244 [1]:30341539 [2]:167 [3]:354
[0]:167391225 [1]:30386323 [2]:167 [3]:365
[0]:167592888 [1]:30432852 [2]:167 [3]:57
[0]:167784789 [1]:30477206 [2]:167 [3]:56
