[0]:30360751 [1]:3930694 [2]:150 [3]:65
[0]:30565058 [1]:3977807 [2]:150 [3]:364
[0]:30800396 [1]:4032129 [2]:150 [3]:57
[0]:31009538 [1]:4080518 [2]:150 [3]:360
[0]:31210792 [1]:4126952 [2]:150 [3]:363
[0]:31398361 [1]:4170252 [2]:150 [3]:363
[0]:31602822 [1]:4217387 [2]:150 [3]:363
[0]:31804268 [1]:4263971 [2]:150 [3]:361
[0]:31997469 [1]:4308584 [2]:150 [3]:361
[0]:32184952 [1]:4351932 [2]:150 [3]:362
[0]:32402843 [1]:4402286 [2]:150 [3]:60
[0]:32596196 [1]:4446870 [2]:150 [3]:359
[0]:32820326 [1]:4498695 [2]:150 [3]:60
[0]:33012872 [1]:4543201 [2]:162 [3]:351
[0]:33221983 [1]:4591553 [2]:162 [3]:359
[0]:33427552 [1]:4639054 [2]:162 [3]:360
[0]:33654726 [1]:4691465 [2]:162 [3]:365
[0]:33853469 [1]:4737455 [2]:162 [3]:366
[0]:34044273 [1]:4781577 [2]:162 [3]:369
[0]:34241510 [1]:4827144 [2]:162 [3]:358
[0]:34476631 [1]:4881403 [2]:162 [3]:360
[0]:34678222 [1]:4927976 [2]:162 [3]:362
[0]:34876112 [1]:4973722 [2]:162 [3]:362
[0]:35088766 [1]:5022855 [2]:162 [3]:354
[0]:35286629 [1]:5068573 [2]:162 [3]:358
[0]:35473268 [1]:5111572 [2]:162 [3]:57
[0]:35667287 [1]:5156438 [2]:166 [3]:356
[0]:35865089 [1]:5202168 [2]:166 [3]:359
[0]:36060485 [1]:5247340 [2]:166 [3]:366
[0]:36260478 [1]:5293393 [2]:166 [3]:350
[0]:36479267 [1]:5343990 [2]:166 [3]:363
[0]:36683518 [1]:5391176 [2]:166 [3]:359
[0]:36876541 [1]:5435763 [2]:166 [3]:361
[0]:37068768 [1]:5480192 [2]:166 [3]:362
[0]:37264881 [1]:5525388 [2]:166 [3]:364
[0]:37462106 [1]:5570943 [2]:166 [3]:353
[0]:37649100 [1]:5614200 [2]:166 [3]:359
[0]:37843382 [1]:5659086 [2]:166 [3]:360
[0]:38041096 [1]:5704789 [2]:166 [3]:365
[0]:38240463 [1]:5750765 [2]:166 [3]:361
[0]:38474207 [1]:5804820 [2]:167 [3]:360
[0]:38679313 [1]:5852355 [2]:167 [3]:360
[0]:38875513 [1]:5897681 [2]:167 [3]:360
[0]:39131046 [1]:5956632 [2]:167 [3]:356
[0]:39340558 [1]:6005064 [2]:167 [3]:355
[0]:39548144 [1]:6053034 [2]:167 [3]:65
[0]:39746849 [1]:6098917 [2]:167 [3]:358
[0]:39948427 [1]:6145485 [2]:167 [3]:359
[0]:40146189 [1]:6191136 [2]:167 [3]:357
[0]:40355263 [1]:6239474 [2]:167 [3]:362
[0]:40545608 [1]:6283455 [2]:167 [3]:357
[0]:40774897 [1]:6336497 [2]:167 [3]:58
[0]:40978468 [1]:6383470 [2]:167 [3]:54
[0]:41179594 [1]:6429973 [2]:167 [3]:361
[0]:41375554 [1]:6475216 [2]:167 [3]:55
[0]:41575548 [1]:6521463 [2]:167 [3]:362
[0]:41769437 [1]:6566300 [2]:167 [3]:362
[0]:41961146 [1]:6610589 [2]:167 [3]:64
[0]:42150432 [1]:6654403 [2]:167 [3]:364
[0]:42359489 [1]:6702710 [2]:167 [3]:358
[0]:42549208 [1]:6746548 [2]:167 [3]:365
[0]:42740132 [1]:6790668 [2]:167 [3]:61
[0]:42937908 [1]:6836295 [2]:167 [3]:354
[0]:43150836 [1]:6885469 [2]:167 [3]:363
[0]:43362265 [1]:6934307 [2]:167 [3]:356
[0]:43552535 [1]:6978353 [2]:167 [3]:356
[0]:43755435 [1]:7025184 [2]:167 [3]:360
[0]:43945820 [1]:7069189 [2]:167 [3]:358
[0]:44137933 [1]:7113531 [2]:167 [3]:60
[0]:44333961 [1]:7158923 [2]:167 [3]:367
[0]:44555279 [1]:7210060 [2]:167 [3]:357
[0]:44766854 [1]:7258873 [2]:167 [3]:363
[0]:44956418 [1]:7302667 [2]:167 [3]:362
