[0]:91715773 [1]:15505687 [2]:151 [3]:366
[0]:91922829 [1]:15553500 [2]:151 [3]:61
[0]:92119478 [1]:15598895 [2]:151 [3]:55
[0]:92335094 [1]:15648735 [2]:151 [3]:355
[0]:92525185 [1]:15692651 [2]:151 [3]:357
[0]:92718827 [1]:15737407 [2]:151 [3]:357
[0]:92924512 [1]:15784922 [2]:151 [3]:56
[0]:93119632 [1]:15829933 [2]:158 [3]:361
[0]:93350321 [1]:15883213 [2]:158 [3]:361
[0]:93615979 [1]:15944588 [2]:158 [3]:367
[0]:93814050 [1]:15990345 [2]:158 [3]:362
[0]:94023073 [1]:16038602 [2]:158 [3]:364
[0]:94216648 [1]:16083360 [2]:158 [3]:362
[0]:94411250 [1]:16128335 [2]:158 [3]:360
[0]:94623996 [1]:16177428 [2]:158 [3]:53
[0]:94813298 [1]:16221181 [2]:158 [3]:59
[0]:95008420 [1]:16266214 [2]:158 [3]:362
[0]:95198787 [1]:16310147 [2]:158 [3]:355
[0]:95415374 [1]:16360197 [2]:158 [3]:362
[0]:95612975 [1]:16405878 [2]:158 [3]:359
[0]:95799647 [1]:16448955 [2]:158 [3]:355
[0]:95988419 [1]:16492564 [2]:165 [3]:57
[0]:96183108 [1]:16537561 [2]:165 [3]:359
[0]:96411790 [1]:16590386 [2]:165 [3]:59
[0]:96605899 [1]:16635295 [2]:165 [3]:358
[0]:96803647 [1]:16680929 [2]:165 [3]:369
[0]:96997877 [1]:16725792 [2]:165 [3]:367
[0]:97188248 [1]:16769802 [2]:165 [3]:352
[0]:97381488 [1]:16814472 [2]:165 [3]:361
[0]:97572626 [1]:16858662 [2]:165 [3]:363
[0]:97792908 [1]:16909518 [2]:165 [3]:357
[0]:97990392 [1]:16955114 [2]:165 [3]:358
[0]:98182105 [1]:16999465 [2]:165 [3]:358
[0]:98364817 [1]:17041748 [2]:165 [3]:358
[0]:98554139 [1]:17085525 [2]:165 [3]:366
[0]:98782023 [1]:17138132 [2]:166 [3]:360
[0]:98976000 [1]:17182893 [2]:166 [3]:60
[0]:99169097 [1]:17227525 [2]:166 [3]:361
[0]:99360453 [1]:17271747 [2]:166 [3]:356
[0]:99580766 [1]:17322565 [2]:166 [3]:365
[0]:99772550 [1]:17366820 [2]:166 [3]:366
[0]:99968413 [1]:17412088 [2]:166 [3]:361
[0]:100156540 [1]:17455537 [2]:166 [3]:59
[0]:100363802 [1]:17503458 [2]:166 [3]:366
[0]:100562345 [1]:17549347 [2]:166 [3]:365
[0]:100757637 [1]:17594463 [2]:166 [3]:358
[0]:100956978 [1]:17640513 [2]:166 [3]:360
[0]:101144555 [1]:17683848 [2]:166 [3]:358
[0]:101346088 [1]:17730458 [2]:166 [3]:362
[0]:101539447 [1]:17775041 [2]:167 [3]:357
[0]:101749290 [1]:17823510 [2]:167 [3]:367
[0]:101947021 [1]:17869162 [2]:167 [3]:361
[0]:102151946 [1]:17916606 [2]:167 [3]:367
[0]:102356340 [1]:17963814 [2]:167 [3]:364
[0]:102559123 [1]:18010669 [2]:167 [3]:367
[0]:102804407 [1]:18067365 [2]:167 [3]:365
[0]:103001744 [1]:18112973 [2]:167 [3]:358
[0]:103216022 [1]:18162453 [2]:167 [3]:359
[0]:103421389 [1]:18209797 [2]:167 [3]:363
[0]:103615417 [1]:18254616 [2]:167 [3]:360
[0]:103810470 [1]:18299708 [2]:167 [3]:360
[0]:104003692 [1]:18344345 [2]:167 [3]:368
[0]:104203845 [1]:18390546 [2]:167 [3]:356
[0]:104406763 [1]:18437428 [2]:167 [3]:358
[0]:104615804 [1]:18485726 [2]:167 [3]:359
[0]:104813558 [1]:18531415 [2]:167 [3]:354
[0]:105041433 [1]:18584020 [2]:167 [3]:359
[0]:105235522 [1]:18628802 [2]:167 [3]:369
[0]:105433146 [1]:18674515 [2]:167 [3]:362
[0]:105619803 [1]:18717696 [2]:167 [3]:356
[0]:105817626 [1]:18763443 [2]:167 [3]:367
[0]:106011607 [1]:18808262 [2]:167 [3]:56
[0]:106236537 [1]:18860143 [2]:167 [3]:363
[0]:106452281 [1]:18910039 [2]:167 [3]:61
