[0]:0 [1]:0 [2]:0 [3]:0
[0]:0 [1]:0 [2]:0 [3]:0
[0]:134061 [1]:0 [2]:0 [3]:312
[0]:355422 [1]:0 [2]:0 [3]:65
[0]:586275 [1]:0 [2]:0 [3]:54
[0]:810601 [1]:0 [2]:0 [3]:310
[0]:1047610 [1]:0 [2]:0 [3]:319
[0]:1305085 [1]:0 [2]:0 [3]:316
[0]:1536093 [1]:0 [2]:0 [3]:324
[0]:1762833 [1]:0 [2]:0 [3]:53
[0]:1983737 [1]:0 [2]:0 [3]:70
[0]:2203395 [1]:0 [2]:0 [3]:328
[0]:2435923 [1]:0 [2]:0 [3]:85
[0]:2656866 [1]:0 [2]:0 [3]:68
[0]:2880536 [1]:0 [2]:0 [3]:328
[0]:3106005 [1]:0 [2]:0 [3]:312
[0]:3416870 [1]:0 [2]:0 [3]:314
[0]:3640850 [1]:0 [2]:0 [3]:82
[0]:3938755 [1]:0 [2]:0 [3]:68
[0]:4175363 [1]:0 [2]:0 [3]:319
[0]:4400593 [1]:20667 [2]:119 [3]:54
[0]:4593080 [1]:40123 [2]:119 [3]:356
[0]:4828659 [1]:64010 [2]:119 [3]:68
[0]:5034178 [1]:84845 [2]:119 [3]:61
[0]:5236219 [1]:105222 [2]:119 [3]:361
[0]:5434151 [1]:125383 [2]:119 [3]:353
[0]:5636030 [1]:145875 [2]:119 [3]:59
[0]:5832506 [1]:165764 [2]:119 [3]:58
[0]:6035962 [1]:186376 [2]:119 [3]:366
[0]:6241693 [1]:207143 [2]:119 [3]:46
[0]:6454621 [1]:228797 [2]:119 [3]:68
[0]:6652763 [1]:248835 [2]:119 [3]:62
[0]:6845758 [1]:268366 [2]:119 [3]:59
[0]:7049009 [1]:289001 [2]:119 [3]:70
[0]:7247001 [1]:309040 [2]:119 [3]:362
[0]:7443403 [1]:328934 [2]:119 [3]:70
[0]:7650708 [1]:349992 [2]:119 [3]:354
[0]:7854536 [1]:370575 [2]:119 [3]:70
[0]:8065477 [1]:392117 [2]:119 [3]:360
[0]:8258269 [1]:411824 [2]:119 [3]:52
[0]:8455405 [1]:431697 [2]:119 [3]:371
[0]:8658572 [1]:452283 [2]:119 [3]:74
[0]:8876458 [1]:474301 [2]:119 [3]:74
[0]:9094790 [1]:496426 [2]:119 [3]:74
[0]:9297029 [1]:516853 [2]:119 [3]:363
[0]:9499199 [1]:537356 [2]:119 [3]:374
[0]:9717678 [1]:559486 [2]:119 [3]:67
[0]:9922823 [1]:580368 [2]:119 [3]:64
[0]:10121037 [1]:600585 [2]:119 [3]:61
[0]:10322238 [1]:620930 [2]:119 [3]:367
[0]:10528548 [1]:641778 [2]:114 [3]:67
[0]:10725003 [1]:661692 [2]:114 [3]:366
[0]:10969525 [1]:686462 [2]:114 [3]:362
[0]:11169994 [1]:706718 [2]:114 [3]:67
[0]:11376020 [1]:727518 [2]:114 [3]:359
[0]:11573947 [1]:747455 [2]:114 [3]:73
[0]:11762179 [1]:766626 [2]:114 [3]:365
[0]:11961703 [1]:786777 [2]:114 [3]:363
[0]:12158351 [1]:806780 [2]:114 [3]:62
[0]:12354321 [1]:826595 [2]:114 [3]:357
[0]:12565796 [1]:847945 [2]:114 [3]:356
[0]:12775113 [1]:869208 [2]:114 [3]:69
[0]:12973359 [1]:889231 [2]:114 [3]:74
[0]:13183882 [1]:910469 [2]:114 [3]:363
[0]:13376629 [1]:930011 [2]:114 [3]:366
[0]:13571832 [1]:949644 [2]:114 [3]:362
[0]:13775898 [1]:970232 [2]:114 [3]:73
[0]:13978840 [1]:990735 [2]:114 [3]:65
[0]:14212652 [1]:1014545 [2]:114 [3]:66
[0]:14406354 [1]:1033981 [2]:114 [3]:57
[0]:14607038 [1]:1054481 [2]:114 [3]:363
[0]:14805822 [1]:1074576 [2]:114 [3]:68
[0]:15022095 [1]:1096542 [2]:114 [3]:62
[0]:15216292 [1]:1116195 [2]:114 [3]:357
[0]:15410013 [1]:1135674 [2]:114 [3]:59
[0]:15607613 [1]:1155782 [2]:114 [3]:90
[0]:15807127 [1]:1176094 [2]:114 [3]:68
[0]:16016302 [1]:1197421 [2]:114 [3]:367
[0]:16221742 [1]:1218144 [2]:114 [3]:70
[0]:16412763 [1]:1237415 [2]:114 [3]:361
[0]:16613252 [1]:1257704 [2]:114 [3]:53
[0]:16897557 [1]:1286382 [2]:109 [3]:365
[0]:17089427 [1]:1305814 [2]:109 [3]:55
[0]:17304920 [1]:1327681 [2]:109 [3]:58
[0]:17507886 [1]:1348182 [2]:109 [3]:365
[0]:17720825 [1]:1369686 [2]:109 [3]:56
[0]:17926509 [1]:1390719 [2]:109 [3]:56
[0]:18124632 [1]:1410875 [2]:109 [3]:69
[0]:18333688 [1]:1432252 [2]:109 [3]:377
[0]:18552829 [1]:1454504 [2]:109 [3]:72
[0]:18752173 [1]:1474724 [2]:109 [3]:86
[0]:18958029 [1]:1495372 [2]:109 [3]:367
[0]:19169908 [1]:1516742 [2]:109 [3]:55
[0]:19371369 [1]:1537074 [2]:109 [3]:56
[0]:19573069 [1]:1557472 [2]:109 [3]:61
[0]:19769504 [1]:1577322 [2]:109 [3]:67
[0]:19959907 [1]:1596677 [2]:109 [3]:76
[0]:20161783 [1]:1617163 [2]:109 [3]:367
[0]:20360157 [1]:1637216 [2]:109 [3]:366
[0]:20564735 [1]:1657865 [2]:109 [3]:70
[0]:20763706 [1]:1678136 [2]:109 [3]:59
[0]:20952943 [1]:1697286 [2]:109 [3]:74
[0]:21160137 [1]:1718127 [2]:109 [3]:58
[0]:21361798 [1]:1738591 [2]:109 [3]:71
[0]:21564111 [1]:1758990 [2]:109 [3]:358
[0]:21820555 [1]:1784890 [2]:109 [3]:48
[0]:22036812 [1]:1806838 [2]:109 [3]:67
[0]:22236153 [1]:1827060 [2]:109 [3]:61
[0]:22442839 [1]:1847970 [2]:109 [3]:67
[0]:22639112 [1]:1867901 [2]:109 [3]:361
[0]:22842280 [1]:1888250 [2]:105 [3]:70
[0]:23033376 [1]:1907538 [2]:105 [3]:58
[0]:23246192 [1]:1929028 [2]:105 [3]:367
[0]:23459753 [1]:1950585 [2]:105 [3]:355
[0]:23656835 [1]:1970605 [2]:105 [3]:364
[0]:23859629 [1]:1991091 [2]:105 [3]:347
[0]:24044216 [1]:2009877 [2]:105 [3]:386
[0]:24247878 [1]:2030730 [2]:105 [3]:77
[0]:24457100 [1]:2052043 [2]:105 [3]:70
[0]:24692799 [1]:2075800 [2]:105 [3]:71
[0]:24882050 [1]:2094931 [2]:105 [3]:58
[0]:25072689 [1]:2114299 [2]:105 [3]:47
[0]:25264778 [1]:2133684 [2]:105 [3]:73
[0]:25462835 [1]:2153754 [2]:105 [3]:78
[0]:25657471 [1]:2173365 [2]:105 [3]:356
[0]:25865287 [1]:2194369 [2]:105 [3]:365
[0]:26065049 [1]:2214573 [2]:105 [3]:55
[0]:26295956 [1]:2237931 [2]:105 [3]:63
[0]:26487375 [1]:2257208 [2]:105 [3]:53
[0]:26714866 [1]:2280301 [2]:105 [3]:361
[0]:26919694 [1]:2301078 [2]:105 [3]:361
[0]:27126430 [1]:2322108 [2]:105 [3]:70
[0]:27321034 [1]:2341748 [2]:105 [3]:370
[0]:27516255 [1]:2361457 [2]:105 [3]:58
[0]:27703780 [1]:2380620 [2]:105 [3]:360
[0]:27897729 [1]:2400185 [2]:105 [3]:64
[0]:28109318 [1]:2421553 [2]:105 [3]:371
[0]:28308012 [1]:2441561 [2]:105 [3]:62
[0]:28514726 [1]:2462376 [2]:105 [3]:362
[0]:28705900 [1]:2481662 [2]:105 [3]:57
[0]:28899255 [1]:2501242 [2]:105 [3]:361
[0]:29112596 [1]:2522848 [2]:101 [3]:64
[0]:29327673 [1]:2544509 [2]:101 [3]:67
[0]:29522112 [1]:2564133 [2]:101 [3]:366
[0]:29720297 [1]:2584115 [2]:101 [3]:361
[0]:29959014 [1]:2608394 [2]:101 [3]:71
[0]:30177362 [1]:2630481 [2]:101 [3]:363
[0]:30385807 [1]:2651434 [2]:101 [3]:365
[0]:30580318 [1]:2671060 [2]:101 [3]:359
[0]:30770776 [1]:2690468 [2]:101 [3]:360
[0]:30978216 [1]:2711515 [2]:101 [3]:63
[0]:31170499 [1]:2731083 [2]:101 [3]:72
[0]:31378851 [1]:2752276 [2]:101 [3]:362
[0]:31592919 [1]:2773888 [2]:101 [3]:63
[0]:31793407 [1]:2794260 [2]:101 [3]:363
[0]:31989023 [1]:2814063 [2]:101 [3]:54
[0]:32197977 [1]:2835188 [2]:101 [3]:57
[0]:32407981 [1]:2856383 [2]:101 [3]:59
[0]:32609739 [1]:2876822 [2]:101 [3]:53
[0]:32830282 [1]:2899185 [2]:101 [3]:65
[0]:33037381 [1]:2920089 [2]:101 [3]:76
[0]:33247052 [1]:2941249 [2]:101 [3]:60
[0]:33443236 [1]:2961071 [2]:101 [3]:71
[0]:33638044 [1]:2980759 [2]:101 [3]:373
[0]:33884232 [1]:3005615 [2]:101 [3]:66
[0]:34083056 [1]:3025681 [2]:101 [3]:368
[0]:34280884 [1]:3045855 [2]:101 [3]:59
[0]:34475673 [1]:3065618 [2]:101 [3]:357
[0]:34669769 [1]:3085194 [2]:101 [3]:367
[0]:34868210 [1]:3105205 [2]:101 [3]:371
[0]:35060626 [1]:3124717 [2]:101 [3]:71
[0]:35269644 [1]:3145717 [2]:97 [3]:370
[0]:35462531 [1]:3165290 [2]:97 [3]:57
[0]:35656956 [1]:3184924 [2]:97 [3]:62
[0]:35855515 [1]:3205089 [2]:97 [3]:61
[0]:36051763 [1]:3225002 [2]:97 [3]:360
[0]:36252706 [1]:3245220 [2]:97 [3]:374
[0]:36445666 [1]:3264821 [2]:97 [3]:71
[0]:36655839 [1]:3285992 [2]:97 [3]:67
[0]:36864032 [1]:3306944 [2]:97 [3]:370
[0]:37107674 [1]:3331570 [2]:97 [3]:60
[0]:37305687 [1]:3351602 [2]:97 [3]:64
[0]:37522877 [1]:3373468 [2]:97 [3]:370
[0]:37725016 [1]:3393708 [2]:97 [3]:357
[0]:37917849 [1]:3413172 [2]:97 [3]:54
[0]:38110122 [1]:3432607 [2]:97 [3]:60
[0]:38308185 [1]:3452671 [2]:97 [3]:64
[0]:38510994 [1]:3473348 [2]:97 [3]:354
[0]:38726113 [1]:3495041 [2]:97 [3]:374
[0]:38943567 [1]:3517263 [2]:97 [3]:60
[0]:39141610 [1]:3537308 [2]:97 [3]:74
[0]:39339878 [1]:3557357 [2]:97 [3]:372
[0]:39541252 [1]:3577748 [2]:97 [3]:88
[0]:39743566 [1]:3598246 [2]:97 [3]:360
[0]:39950091 [1]:3619332 [2]:97 [3]:72
[0]:40139679 [1]:3638417 [2]:97 [3]:368
[0]:40341412 [1]:3658892 [2]:97 [3]:364
[0]:40542400 [1]:3679208 [2]:97 [3]:354
[0]:40741479 [1]:3699461 [2]:97 [3]:359
[0]:40950078 [1]:3720550 [2]:97 [3]:97
[0]:41158221 [1]:3741598 [2]:97 [3]:61
[0]:41369549 [1]:3763045 [2]:97 [3]:66
[0]:41571093 [1]:3783347 [2]:94 [3]:363
[0]:41758527 [1]:3802186 [2]:94 [3]:57
[0]:42020216 [1]:3828701 [2]:94 [3]:65
[0]:42225086 [1]:3849413 [2]:94 [3]:60
[0]:42425378 [1]:3869708 [2]:94 [3]:63
[0]:42633415 [1]:3890741 [2]:94 [3]:72
[0]:42915592 [1]:3919226 [2]:94 [3]:56
[0]:43111859 [1]:3939160 [2]:94 [3]:64
[0]:43313305 [1]:3959749 [2]:94 [3]:69
[0]:43511646 [1]:3979759 [2]:94 [3]:365
[0]:43709686 [1]:3999891 [2]:94 [3]:72
[0]:43915260 [1]:4020703 [2]:94 [3]:67
[0]:44109758 [1]:4040374 [2]:94 [3]:63
[0]:44297738 [1]:4059363 [2]:94 [3]:59
[0]:44494233 [1]:4079202 [2]:94 [3]:368
[0]:44681713 [1]:4098197 [2]:94 [3]:71
[0]:44876181 [1]:4117866 [2]:94 [3]:49
[0]:45070591 [1]:4137572 [2]:94 [3]:363
[0]:45256687 [1]:4156389 [2]:94 [3]:71
[0]:45501838 [1]:4181239 [2]:94 [3]:56
[0]:45694917 [1]:4200696 [2]:94 [3]:372
[0]:45896010 [1]:4221012 [2]:94 [3]:70
[0]:46092029 [1]:4240981 [2]:94 [3]:80
[0]:46283600 [1]:4260451 [2]:94 [3]:58
[0]:46480603 [1]:4280488 [2]:94 [3]:74
[0]:46677966 [1]:4300462 [2]:94 [3]:48
[0]:46965632 [1]:4329623 [2]:94 [3]:65
[0]:47171774 [1]:4350559 [2]:94 [3]:65
[0]:47378726 [1]:4371429 [2]:94 [3]:369
[0]:47578334 [1]:4391671 [2]:94 [3]:363
[0]:47769558 [1]:4410917 [2]:91 [3]:67
[0]:47960200 [1]:4430208 [2]:91 [3]:61
[0]:48150790 [1]:4449472 [2]:91 [3]:370
[0]:48352590 [1]:4470041 [2]:91 [3]:71
[0]:48561265 [1]:4491285 [2]:91 [3]:55
[0]:48766809 [1]:4512071 [2]:91 [3]:365
[0]:48980476 [1]:4533679 [2]:91 [3]:70
[0]:49182175 [1]:4554144 [2]:91 [3]:63
[0]:49384090 [1]:4574687 [2]:91 [3]:59
[0]:49578897 [1]:4594365 [2]:91 [3]:60
[0]:49776852 [1]:4614327 [2]:91 [3]:356
[0]:49971647 [1]:4634024 [2]:91 [3]:353
[0]:50184919 [1]:4655848 [2]:91 [3]:373
[0]:50378432 [1]:4675469 [2]:91 [3]:62
[0]:50572947 [1]:4695181 [2]:91 [3]:64
[0]:50767182 [1]:4714822 [2]:91 [3]:58
[0]:50961699 [1]:4734492 [2]:91 [3]:367
[0]:51158759 [1]:4754408 [2]:91 [3]:72
[0]:51354280 [1]:4774253 [2]:91 [3]:371
[0]:51556100 [1]:4794669 [2]:91 [3]:56
[0]:51757963 [1]:4815053 [2]:91 [3]:68
[0]:51959640 [1]:4835631 [2]:91 [3]:76
[0]:52161052 [1]:4856172 [2]:91 [3]:362
[0]:52364640 [1]:4876894 [2]:91 [3]:379
[0]:52558812 [1]:4896547 [2]:91 [3]:68
[0]:52770591 [1]:4917936 [2]:91 [3]:66
[0]:52972080 [1]:4938367 [2]:91 [3]:356
[0]:53207462 [1]:4962060 [2]:91 [3]:68
[0]:53402000 [1]:4981889 [2]:91 [3]:368
[0]:53596829 [1]:5001628 [2]:91 [3]:88
[0]:53840445 [1]:5026464 [2]:91 [3]:364
[0]:54040335 [1]:5046813 [2]:88 [3]:352
[0]:54231440 [1]:5066209 [2]:88 [3]:374
[0]:54422115 [1]:5085834 [2]:88 [3]:360
[0]:54620270 [1]:5105845 [2]:88 [3]:365
[0]:54814645 [1]:5125542 [2]:88 [3]:53
[0]:55016645 [1]:5145916 [2]:88 [3]:63
[0]:55212390 [1]:5165660 [2]:88 [3]:50
[0]:55409501 [1]:5185531 [2]:88 [3]:358
[0]:55611074 [1]:5206087 [2]:88 [3]:67
[0]:55816684 [1]:5226976 [2]:88 [3]:62
[0]:56014889 [1]:5247001 [2]:88 [3]:59
[0]:56224360 [1]:5268087 [2]:88 [3]:57
[0]:56418664 [1]:5287772 [2]:88 [3]:56
[0]:56618993 [1]:5307967 [2]:88 [3]:62
[0]:56822651 [1]:5328563 [2]:88 [3]:71
[0]:57069334 [1]:5353602 [2]:88 [3]:65
[0]:57266554 [1]:5373542 [2]:88 [3]:356
[0]:57461741 [1]:5393324 [2]:88 [3]:66
[0]:57687825 [1]:5416263 [2]:88 [3]:58
[0]:57882771 [1]:5436135 [2]:88 [3]:363
[0]:58067910 [1]:5454957 [2]:88 [3]:363
[0]:58260458 [1]:5474568 [2]:88 [3]:58
[0]:58473342 [1]:5495964 [2]:88 [3]:79
[0]:58665314 [1]:5515382 [2]:88 [3]:58
[0]:58867178 [1]:5535727 [2]:88 [3]:64
[0]:59061481 [1]:5555492 [2]:88 [3]:76
[0]:59275043 [1]:5577057 [2]:88 [3]:61
[0]:59474139 [1]:5597209 [2]:88 [3]:365
[0]:59669961 [1]:5616927 [2]:88 [3]:359
[0]:59861397 [1]:5636459 [2]:88 [3]:358
[0]:60115656 [1]:5662223 [2]:86 [3]:69
[0]:60306459 [1]:5681526 [2]:86 [3]:362
[0]:60507914 [1]:5701917 [2]:86 [3]:57
[0]:60728919 [1]:5724193 [2]:86 [3]:359
[0]:60933358 [1]:5744858 [2]:86 [3]:361
[0]:61133010 [1]:5764941 [2]:86 [3]:62
[0]:61323597 [1]:5784191 [2]:86 [3]:72
[0]:61528915 [1]:5804956 [2]:86 [3]:359
[0]:61723765 [1]:5824601 [2]:86 [3]:360
[0]:61914264 [1]:5843884 [2]:86 [3]:73
[0]:62101085 [1]:5862904 [2]:86 [3]:367
[0]:62302010 [1]:5883231 [2]:86 [3]:374
[0]:62497387 [1]:5903076 [2]:86 [3]:57
[0]:62691711 [1]:5922805 [2]:86 [3]:70
[0]:62889838 [1]:5942822 [2]:86 [3]:370
[0]:63083979 [1]:5962406 [2]:86 [3]:69
[0]:63289808 [1]:5983275 [2]:86 [3]:59
[0]:63484547 [1]:6002884 [2]:86 [3]:56
[0]:63749742 [1]:6029699 [2]:86 [3]:344
[0]:63944235 [1]:6049375 [2]:86 [3]:361
[0]:64149927 [1]:6070106 [2]:86 [3]:59
[0]:64342511 [1]:6089546 [2]:86 [3]:65
[0]:64542640 [1]:6109802 [2]:86 [3]:61
[0]:64736779 [1]:6129596 [2]:86 [3]:67
[0]:64934373 [1]:6149703 [2]:86 [3]:66
[0]:65137573 [1]:6170496 [2]:86 [3]:65
[0]:65346757 [1]:6187789 [2]:86 [3]:359
[0]:65576032 [1]:6202807 [2]:86 [3]:98
[0]:65776743 [1]:6217888 [2]:86 [3]:85
[0]:65982084 [1]:6238129 [2]:86 [3]:378
[0]:66191309 [1]:6258538 [2]:86 [3]:370
[0]:66402659 [1]:6279605 [2]:86 [3]:79
[0]:66607096 [1]:6299838 [2]:86 [3]:354
[0]:66811633 [1]:6320021 [2]:84 [3]:356
[0]:67020078 [1]:6340709 [2]:84 [3]:81
[0]:67220839 [1]:6360445 [2]:84 [3]:363
[0]:67433545 [1]:6381229 [2]:84 [3]:358
[0]:67642075 [1]:6401780 [2]:84 [3]:363
[0]:67850084 [1]:6422187 [2]:84 [3]:84
[0]:68061109 [1]:6442795 [2]:84 [3]:365
[0]:68267847 [1]:6467503 [2]:84 [3]:81
[0]:68472379 [1]:6494413 [2]:84 [3]:369
[0]:68708473 [1]:6525538 [2]:84 [3]:71
[0]:68912996 [1]:6552350 [2]:84 [3]:370
[0]:69117787 [1]:6579219 [2]:84 [3]:367
[0]:69334256 [1]:6607693 [2]:84 [3]:360
[0]:69538934 [1]:6634558 [2]:84 [3]:366
[0]:69742030 [1]:6661166 [2]:84 [3]:364
[0]:69963826 [1]:6690260 [2]:84 [3]:366
[0]:70172449 [1]:6717775 [2]:84 [3]:370
[0]:70375443 [1]:6744452 [2]:84 [3]:375
[0]:70573803 [1]:6770602 [2]:84 [3]:365
[0]:70786268 [1]:6798447 [2]:84 [3]:361
[0]:70986982 [1]:6824838 [2]:84 [3]:80
[0]:71194038 [1]:6851986 [2]:84 [3]:363
[0]:71435488 [1]:6883678 [2]:84 [3]:371
[0]:71661482 [1]:6913366 [2]:84 [3]:356
[0]:71879443 [1]:6942067 [2]:84 [3]:366
[0]:72091113 [1]:6969918 [2]:84 [3]:83
[0]:72308632 [1]:6998666 [2]:84 [3]:363
[0]:72524962 [1]:7027064 [2]:84 [3]:377
[0]:72737742 [1]:7055003 [2]:84 [3]:367
[0]:72946656 [1]:7082380 [2]:84 [3]:365
[0]:73147203 [1]:7108824 [2]:84 [3]:374
[0]:73391893 [1]:7141118 [2]:84 [3]:357
[0]:73595310 [1]:7167776 [2]:84 [3]:362
[0]:73804350 [1]:7195274 [2]:84 [3]:368
[0]:74012401 [1]:7222553 [2]:84 [3]:367
[0]:74234375 [1]:7251817 [2]:84 [3]:370
[0]:74443153 [1]:7279533 [2]:84 [3]:84
[0]:74685493 [1]:7311291 [2]:84 [3]:360
[0]:74885982 [1]:7337522 [2]:84 [3]:370
[0]:75086676 [1]:7363926 [2]:84 [3]:370
[0]:75287711 [1]:7390288 [2]:84 [3]:356
[0]:75492517 [1]:7417255 [2]:84 [3]:365
[0]:75694956 [1]:7443812 [2]:84 [3]:368
[0]:75901619 [1]:7471081 [2]:84 [3]:361
[0]:76105709 [1]:7497868 [2]:84 [3]:360
[0]:76318502 [1]:7525765 [2]:84 [3]:369
[0]:76540214 [1]:7554861 [2]:84 [3]:369
[0]:76752191 [1]:7582573 [2]:84 [3]:76
[0]:76968105 [1]:7610940 [2]:84 [3]:367
[0]:77187151 [1]:7639719 [2]:84 [3]:368
[0]:77383861 [1]:7665558 [2]:84 [3]:361
[0]:77590981 [1]:7692714 [2]:84 [3]:359
[0]:77810281 [1]:7721586 [2]:84 [3]:359
[0]:78017112 [1]:7748715 [2]:84 [3]:357
[0]:78220180 [1]:7775397 [2]:84 [3]:367
[0]:78427959 [1]:7802803 [2]:84 [3]:75
[0]:78660177 [1]:7833252 [2]:84 [3]:355
[0]:78860755 [1]:7859509 [2]:84 [3]:371
[0]:79077417 [1]:7887975 [2]:84 [3]:366
[0]:79281866 [1]:7914830 [2]:84 [3]:369
[0]:79482994 [1]:7941311 [2]:84 [3]:357
[0]:79685732 [1]:7967912 [2]:84 [3]:361
[0]:79891933 [1]:7995034 [2]:84 [3]:79
[0]:80084747 [1]:8020378 [2]:84 [3]:366
[0]:80298583 [1]:8048466 [2]:84 [3]:359
[0]:80497999 [1]:8074635 [2]:84 [3]:370
[0]:80703181 [1]:8101503 [2]:84 [3]:88
[0]:80904153 [1]:8127826 [2]:88 [3]:361
[0]:81107391 [1]:8154557 [2]:88 [3]:367
[0]:81308575 [1]:8181118 [2]:88 [3]:372
[0]:81508047 [1]:8207389 [2]:88 [3]:364
[0]:81713902 [1]:8234490 [2]:88 [3]:359
[0]:81922450 [1]:8261832 [2]:88 [3]:371
[0]:82127070 [1]:8288875 [2]:88 [3]:365
[0]:82334470 [1]:8316047 [2]:88 [3]:366
[0]:82555404 [1]:8344971 [2]:88 [3]:369
[0]:82756825 [1]:8371348 [2]:88 [3]:373
[0]:82957920 [1]:8397757 [2]:88 [3]:82
[0]:83166075 [1]:8425148 [2]:88 [3]:371
[0]:83374518 [1]:8452603 [2]:88 [3]:357
[0]:83569433 [1]:8478215 [2]:88 [3]:364
[0]:83779876 [1]:8505782 [2]:88 [3]:373
[0]:83980756 [1]:8532069 [2]:88 [3]:80
[0]:84189161 [1]:8559406 [2]:88 [3]:356
[0]:84393837 [1]:8586270 [2]:88 [3]:365
[0]:84633286 [1]:8617821 [2]:88 [3]:367
[0]:84841956 [1]:8645288 [2]:88 [3]:362
[0]:85054488 [1]:8673201 [2]:88 [3]:72
[0]:85264780 [1]:8701089 [2]:88 [3]:373
[0]:85468199 [1]:8727798 [2]:88 [3]:358
[0]:85672534 [1]:8754660 [2]:88 [3]:360
[0]:85877226 [1]:8781508 [2]:88 [3]:75
[0]:86103359 [1]:8811335 [2]:88 [3]:364
[0]:86364868 [1]:8845640 [2]:88 [3]:373
[0]:86569791 [1]:8872568 [2]:88 [3]:362
[0]:86817621 [1]:8905211 [2]:88 [3]:366
[0]:87034232 [1]:8933602 [2]:88 [3]:355
[0]:87242783 [1]:8961012 [2]:88 [3]:358
[0]:87453286 [1]:8988605 [2]:88 [3]:366
[0]:87657903 [1]:9015562 [2]:88 [3]:81
[0]:87860576 [1]:9042144 [2]:88 [3]:367
[0]:88073071 [1]:9070008 [2]:88 [3]:368
[0]:88284199 [1]:9097744 [2]:88 [3]:369
[0]:88490106 [1]:9124821 [2]:88 [3]:354
[0]:88689689 [1]:9151069 [2]:88 [3]:364
[0]:88895482 [1]:9178090 [2]:88 [3]:368
[0]:89110417 [1]:9206370 [2]:88 [3]:360
[0]:89322040 [1]:9234069 [2]:88 [3]:364
[0]:89524102 [1]:9260505 [2]:88 [3]:360
[0]:89745325 [1]:9289676 [2]:88 [3]:360
[0]:89946264 [1]:9316013 [2]:88 [3]:366
[0]:90146899 [1]:9342354 [2]:88 [3]:373
[0]:90371240 [1]:9371791 [2]:88 [3]:87
[0]:90575841 [1]:9398720 [2]:88 [3]:370
[0]:90776356 [1]:9425015 [2]:88 [3]:371
[0]:90981181 [1]:9451946 [2]:88 [3]:371
[0]:91189675 [1]:9479328 [2]:88 [3]:370
[0]:91433795 [1]:9511394 [2]:88 [3]:354
[0]:91644797 [1]:9539174 [2]:88 [3]:359
[0]:91854837 [1]:9566736 [2]:88 [3]:364
[0]:92066872 [1]:9594738 [2]:88 [3]:359
[0]:92307258 [1]:9626330 [2]:88 [3]:374
[0]:92540829 [1]:9656892 [2]:88 [3]:85
[0]:92749608 [1]:9684248 [2]:88 [3]:82
[0]:92944831 [1]:9709908 [2]:88 [3]:74
[0]:93153391 [1]:9737414 [2]:88 [3]:359
[0]:93361895 [1]:9764844 [2]:88 [3]:358
[0]:93581720 [1]:9793798 [2]:88 [3]:360
[0]:93786142 [1]:9820667 [2]:88 [3]:371
[0]:93983901 [1]:9846673 [2]:88 [3]:368
[0]:94199922 [1]:9874996 [2]:88 [3]:361
[0]:94440182 [1]:9906503 [2]:88 [3]:74
[0]:94648187 [1]:9933785 [2]:88 [3]:83
[0]:94869050 [1]:9962888 [2]:88 [3]:363
[0]:95093517 [1]:9992325 [2]:88 [3]:355
[0]:95301654 [1]:10019774 [2]:88 [3]:352
[0]:95510512 [1]:10047201 [2]:88 [3]:364
[0]:95711024 [1]:10073646 [2]:88 [3]:372
[0]:95911304 [1]:10099995 [2]:88 [3]:373
[0]:96114469 [1]:10126694 [2]:88 [3]:363
[0]:96321070 [1]:10153808 [2]:93 [3]:372
[0]:96541399 [1]:10182741 [2]:93 [3]:363
[0]:96746725 [1]:10209712 [2]:93 [3]:359
[0]:96950672 [1]:10236484 [2]:93 [3]:78
[0]:97168243 [1]:10264992 [2]:93 [3]:358
[0]:97371769 [1]:10291715 [2]:93 [3]:84
[0]:97576534 [1]:10318565 [2]:93 [3]:365
[0]:97793749 [1]:10347219 [2]:93 [3]:82
[0]:97989277 [1]:10372919 [2]:93 [3]:372
[0]:98198154 [1]:10400382 [2]:93 [3]:356
[0]:98402282 [1]:10427181 [2]:93 [3]:82
[0]:98636548 [1]:10457861 [2]:93 [3]:369
[0]:98855275 [1]:10486548 [2]:93 [3]:361
[0]:99062599 [1]:10513793 [2]:93 [3]:364
[0]:99276607 [1]:10541871 [2]:93 [3]:364
[0]:99549255 [1]:10577709 [2]:93 [3]:361
[0]:99760363 [1]:10605442 [2]:93 [3]:78
[0]:99964871 [1]:10632281 [2]:93 [3]:365
[0]:100169633 [1]:10659106 [2]:93 [3]:353
[0]:100380905 [1]:10686760 [2]:93 [3]:368
[0]:100594798 [1]:10714766 [2]:93 [3]:373
[0]:100808782 [1]:10742891 [2]:93 [3]:369
[0]:101019799 [1]:10770704 [2]:93 [3]:376
[0]:101236216 [1]:10799138 [2]:93 [3]:370
[0]:101438686 [1]:10825691 [2]:93 [3]:360
[0]:101651792 [1]:10853606 [2]:93 [3]:363
[0]:101857979 [1]:10880792 [2]:93 [3]:377
[0]:102074493 [1]:10909219 [2]:93 [3]:359
[0]:102286891 [1]:10937148 [2]:93 [3]:367
[0]:102491619 [1]:10964002 [2]:93 [3]:364
[0]:102693753 [1]:10990481 [2]:93 [3]:361
[0]:102907827 [1]:11018534 [2]:93 [3]:361
[0]:103109381 [1]:11045022 [2]:93 [3]:78
[0]:103314037 [1]:11071922 [2]:93 [3]:367
[0]:103518653 [1]:11098850 [2]:93 [3]:91
[0]:103719326 [1]:11125208 [2]:93 [3]:359
[0]:103920145 [1]:11151534 [2]:93 [3]:367
[0]:104117462 [1]:11177586 [2]:93 [3]:83
[0]:104321535 [1]:11204353 [2]:93 [3]:366
[0]:104552878 [1]:11234769 [2]:93 [3]:365
[0]:104765392 [1]:11262675 [2]:93 [3]:91
[0]:104974733 [1]:11290068 [2]:93 [3]:360
[0]:105214866 [1]:11321513 [2]:93 [3]:70
[0]:105423327 [1]:11348854 [2]:93 [3]:372
[0]:105627963 [1]:11375739 [2]:93 [3]:355
[0]:105836580 [1]:11403107 [2]:93 [3]:365
[0]:106072727 [1]:11434171 [2]:93 [3]:83
[0]:106277602 [1]:11461082 [2]:93 [3]:361
[0]:106487535 [1]:11488676 [2]:93 [3]:358
[0]:106694279 [1]:11515895 [2]:93 [3]:366
[0]:106910024 [1]:11544230 [2]:93 [3]:372
[0]:107119505 [1]:11571604 [2]:93 [3]:363
[0]:107335940 [1]:11600026 [2]:93 [3]:364
[0]:107540508 [1]:11626883 [2]:93 [3]:360
[0]:107752490 [1]:11654757 [2]:93 [3]:362
[0]:107957285 [1]:11681694 [2]:93 [3]:369
[0]:108165996 [1]:11709102 [2]:93 [3]:365
[0]:108378574 [1]:11737033 [2]:93 [3]:370
[0]:108583302 [1]:11763902 [2]:93 [3]:363
[0]:108784277 [1]:11790267 [2]:93 [3]:376
[0]:108992636 [1]:11817589 [2]:93 [3]:369
[0]:109209102 [1]:11845955 [2]:93 [3]:366
[0]:109421783 [1]:11873884 [2]:93 [3]:358
[0]:109638125 [1]:11902241 [2]:93 [3]:359
[0]:109846720 [1]:11929656 [2]:93 [3]:368
[0]:110066613 [1]:11958518 [2]:93 [3]:361
[0]:110288685 [1]:11987689 [2]:93 [3]:358
[0]:110495344 [1]:12014825 [2]:93 [3]:72
[0]:110698915 [1]:12041553 [2]:93 [3]:77
[0]:110905383 [1]:12068713 [2]:93 [3]:362
[0]:111113941 [1]:12096044 [2]:93 [3]:366
[0]:111356850 [1]:12127969 [2]:93 [3]:367
[0]:111562420 [1]:12154948 [2]:97 [3]:370
[0]:111767328 [1]:12181738 [2]:97 [3]:360
[0]:111975747 [1]:12209009 [2]:97 [3]:368
[0]:112201941 [1]:12238764 [2]:97 [3]:364
[0]:112417477 [1]:12267078 [2]:97 [3]:367
[0]:112625171 [1]:12294365 [2]:97 [3]:363
[0]:112833979 [1]:12321747 [2]:97 [3]:370
[0]:113037519 [1]:12348417 [2]:97 [3]:366
[0]:113250924 [1]:12376397 [2]:97 [3]:362
[0]:113463465 [1]:12404438 [2]:97 [3]:358
[0]:113671972 [1]:12431750 [2]:97 [3]:357
[0]:113885474 [1]:12459906 [2]:97 [3]:84
[0]:114092798 [1]:12487214 [2]:97 [3]:79
[0]:114304465 [1]:12514986 [2]:97 [3]:368
[0]:114529786 [1]:12544656 [2]:97 [3]:364
[0]:114741947 [1]:12572601 [2]:97 [3]:367
[0]:114951147 [1]:12600103 [2]:97 [3]:375
[0]:115166945 [1]:12628506 [2]:97 [3]:367
[0]:115371757 [1]:12655329 [2]:97 [3]:365
[0]:115570725 [1]:12681459 [2]:97 [3]:359
[0]:115816427 [1]:12713873 [2]:97 [3]:371
[0]:116022713 [1]:12740941 [2]:97 [3]:363
[0]:116269353 [1]:12773274 [2]:97 [3]:357
[0]:116473606 [1]:12800092 [2]:97 [3]:359
[0]:116695967 [1]:12829208 [2]:97 [3]:368
[0]:116968966 [1]:12865041 [2]:97 [3]:367
[0]:117179621 [1]:12892683 [2]:97 [3]:364
[0]:117386140 [1]:12919812 [2]:97 [3]:364
[0]:117587296 [1]:12946288 [2]:97 [3]:366
[0]:117791892 [1]:12973186 [2]:97 [3]:372
[0]:118005554 [1]:13001258 [2]:97 [3]:361
[0]:118211153 [1]:13028228 [2]:97 [3]:368
[0]:118413596 [1]:13054903 [2]:97 [3]:370
[0]:118629942 [1]:13083496 [2]:97 [3]:361
[0]:118826596 [1]:13109311 [2]:97 [3]:360
[0]:119035282 [1]:13136625 [2]:97 [3]:72
[0]:119243944 [1]:13163998 [2]:97 [3]:87
[0]:119444761 [1]:13190397 [2]:97 [3]:372
[0]:119651425 [1]:13217422 [2]:97 [3]:362
[0]:119854013 [1]:13243958 [2]:97 [3]:362
[0]:120062561 [1]:13271351 [2]:97 [3]:75
[0]:120269520 [1]:13298522 [2]:97 [3]:369
[0]:120473183 [1]:13325232 [2]:97 [3]:367
[0]:120696022 [1]:13354553 [2]:97 [3]:365
[0]:120904291 [1]:13381821 [2]:97 [3]:365
[0]:121113330 [1]:13409239 [2]:97 [3]:79
[0]:121318061 [1]:13436125 [2]:97 [3]:369
[0]:121534423 [1]:13464559 [2]:97 [3]:363
[0]:121740986 [1]:13491676 [2]:97 [3]:369
[0]:121955590 [1]:13519838 [2]:97 [3]:82
[0]:122160092 [1]:13546741 [2]:97 [3]:361
[0]:122368733 [1]:13574115 [2]:97 [3]:79
[0]:122581186 [1]:13601963 [2]:97 [3]:81
[0]:122817365 [1]:13632936 [2]:97 [3]:79
[0]:123057253 [1]:13664474 [2]:97 [3]:365
[0]:123284215 [1]:13694410 [2]:97 [3]:361
[0]:123498037 [1]:13722432 [2]:97 [3]:365
[0]:123737670 [1]:13753986 [2]:97 [3]:368
[0]:123954479 [1]:13782582 [2]:97 [3]:355
[0]:124171007 [1]:13810969 [2]:97 [3]:375
[0]:124390426 [1]:13839721 [2]:97 [3]:372
[0]:124607642 [1]:13868250 [2]:97 [3]:364
[0]:124813137 [1]:13895096 [2]:97 [3]:364
[0]:125107724 [1]:13933875 [2]:97 [3]:359
[0]:125311967 [1]:13960612 [2]:97 [3]:362
[0]:125539465 [1]:13990408 [2]:97 [3]:364
[0]:125757059 [1]:14018972 [2]:97 [3]:362
[0]:126024136 [1]:14053992 [2]:97 [3]:71
[0]:126225344 [1]:14080485 [2]:97 [3]:368
[0]:126442521 [1]:14109044 [2]:97 [3]:77
[0]:126642320 [1]:14135404 [2]:97 [3]:366
[0]:126851030 [1]:14162732 [2]:101 [3]:369
[0]:127079221 [1]:14192703 [2]:101 [3]:354
[0]:127287891 [1]:14220134 [2]:101 [3]:364
[0]:127496461 [1]:14247581 [2]:101 [3]:364
[0]:127692428 [1]:14273421 [2]:101 [3]:85
[0]:127894222 [1]:14299874 [2]:101 [3]:364
[0]:128093560 [1]:14326026 [2]:101 [3]:372
[0]:128302996 [1]:14353569 [2]:101 [3]:362
[0]:128546976 [1]:14385674 [2]:101 [3]:365
[0]:128751487 [1]:14412538 [2]:101 [3]:362
[0]:128971427 [1]:14441369 [2]:101 [3]:364
[0]:129184630 [1]:14469302 [2]:101 [3]:360
[0]:129436067 [1]:14502265 [2]:101 [3]:72
[0]:129637144 [1]:14528701 [2]:101 [3]:365
[0]:129850868 [1]:14556830 [2]:101 [3]:86
[0]:130054292 [1]:14583464 [2]:101 [3]:365
[0]:130258458 [1]:14610195 [2]:101 [3]:358
[0]:130485008 [1]:14639957 [2]:101 [3]:358
[0]:130739042 [1]:14673222 [2]:101 [3]:373
[0]:130939921 [1]:14699496 [2]:101 [3]:365
[0]:131148290 [1]:14726781 [2]:101 [3]:362
[0]:131369881 [1]:14755828 [2]:101 [3]:366
[0]:131604537 [1]:14786658 [2]:101 [3]:71
[0]:131809662 [1]:14813620 [2]:101 [3]:81
[0]:132014375 [1]:14840463 [2]:101 [3]:371
[0]:132230790 [1]:14868899 [2]:101 [3]:366
[0]:132433869 [1]:14895699 [2]:101 [3]:81
[0]:132658718 [1]:14925262 [2]:101 [3]:368
[0]:132872133 [1]:14953260 [2]:101 [3]:368
[0]:133076215 [1]:14980256 [2]:101 [3]:361
[0]:133285697 [1]:15007718 [2]:101 [3]:377
[0]:133495466 [1]:15035307 [2]:101 [3]:87
[0]:133698352 [1]:15062015 [2]:101 [3]:360
[0]:133915237 [1]:15090459 [2]:101 [3]:369
[0]:134112184 [1]:15126154 [2]:101 [3]:360
[0]:134320959 [1]:15169469 [2]:101 [3]:359
[0]:134543122 [1]:15215635 [2]:101 [3]:364
[0]:134740317 [1]:15256514 [2]:101 [3]:366
[0]:134935682 [1]:15297037 [2]:101 [3]:358
[0]:135133264 [1]:15337996 [2]:101 [3]:359
[0]:135323660 [1]:15377512 [2]:101 [3]:359
[0]:135520919 [1]:15418466 [2]:101 [3]:357
[0]:135737756 [1]:15463335 [2]:101 [3]:358
[0]:135927120 [1]:15502650 [2]:101 [3]:362
[0]:136124531 [1]:15543663 [2]:101 [3]:358
[0]:136333302 [1]:15586950 [2]:101 [3]:354
[0]:136530891 [1]:15627883 [2]:101 [3]:360
[0]:136724625 [1]:15668116 [2]:101 [3]:360
[0]:136918329 [1]:15708306 [2]:101 [3]:358
[0]:137115981 [1]:15749319 [2]:101 [3]:362
[0]:137312917 [1]:15790173 [2]:101 [3]:362
[0]:137508664 [1]:15830705 [2]:101 [3]:363
[0]:137704752 [1]:15871467 [2]:101 [3]:58
[0]:137898463 [1]:15911630 [2]:101 [3]:352
[0]:138106937 [1]:15954892 [2]:101 [3]:358
[0]:138301007 [1]:15995153 [2]:101 [3]:363
[0]:138501770 [1]:16036813 [2]:101 [3]:366
[0]:138707123 [1]:16079483 [2]:101 [3]:359
[0]:138900964 [1]:16119714 [2]:101 [3]:366
[0]:139105892 [1]:16162244 [2]:101 [3]:368
[0]:139312159 [1]:16204986 [2]:101 [3]:360
[0]:139508416 [1]:16245735 [2]:101 [3]:355
[0]:139750040 [1]:16295876 [2]:101 [3]:362
[0]:139936896 [1]:16334662 [2]:101 [3]:59
[0]:140138226 [1]:16376458 [2]:101 [3]:353
[0]:140332088 [1]:16416558 [2]:105 [3]:358
[0]:140537065 [1]:16459032 [2]:105 [3]:354
[0]:140738346 [1]:16500771 [2]:105 [3]:364
[0]:140925036 [1]:16539466 [2]:105 [3]:363
[0]:141133549 [1]:16582609 [2]:105 [3]:361
[0]:141330455 [1]:16623467 [2]:105 [3]:361
[0]:141532005 [1]:16665326 [2]:105 [3]:63
[0]:141744140 [1]:16709376 [2]:105 [3]:363
[0]:141942031 [1]:16750456 [2]:105 [3]:359
[0]:142135877 [1]:16790566 [2]:105 [3]:59
[0]:142326064 [1]:16830024 [2]:105 [3]:354
[0]:142527018 [1]:16871705 [2]:105 [3]:361
[0]:142728025 [1]:16913381 [2]:105 [3]:371
[0]:142925987 [1]:16954434 [2]:105 [3]:359
[0]:143123523 [1]:16995392 [2]:105 [3]:360
[0]:143317339 [1]:17035684 [2]:105 [3]:362
[0]:143514818 [1]:17076611 [2]:105 [3]:362
[0]:143719693 [1]:17119147 [2]:105 [3]:360
[0]:143928439 [1]:17162448 [2]:105 [3]:360
[0]:144133557 [1]:17205056 [2]:105 [3]:361
[0]:144334691 [1]:17246779 [2]:105 [3]:354
[0]:144535819 [1]:17288522 [2]:105 [3]:356
[0]:144725938 [1]:17327987 [2]:105 [3]:360
[0]:144942146 [1]:17372784 [2]:105 [3]:60
[0]:145143571 [1]:17414552 [2]:105 [3]:55
[0]:145377363 [1]:17463020 [2]:105 [3]:62
[0]:145572035 [1]:17503394 [2]:105 [3]:365
[0]:145769577 [1]:17544396 [2]:105 [3]:357
[0]:145963300 [1]:17584486 [2]:105 [3]:358
[0]:146190559 [1]:17631608 [2]:105 [3]:65
[0]:146391896 [1]:17673326 [2]:105 [3]:361
[0]:146618892 [1]:17720427 [2]:105 [3]:365
[0]:146812864 [1]:17760619 [2]:105 [3]:366
[0]:146998072 [1]:17799040 [2]:105 [3]:368
[0]:147189115 [1]:17838695 [2]:105 [3]:364
[0]:147383162 [1]:17878924 [2]:105 [3]:352
[0]:147625309 [1]:17929174 [2]:105 [3]:364
[0]:147835951 [1]:17972795 [2]:105 [3]:360
[0]:148020403 [1]:18011075 [2]:105 [3]:366
[0]:148217894 [1]:18052100 [2]:105 [3]:358
[0]:148419170 [1]:18093873 [2]:105 [3]:363
[0]:148613625 [1]:18134158 [2]:105 [3]:362
[0]:148814148 [1]:18175728 [2]:105 [3]:364
[0]:149007943 [1]:18215920 [2]:105 [3]:362
[0]:149201502 [1]:18256060 [2]:105 [3]:60
[0]:149392917 [1]:18295787 [2]:105 [3]:365
[0]:149582088 [1]:18334968 [2]:105 [3]:356
[0]:149780724 [1]:18376197 [2]:105 [3]:361
[0]:149974278 [1]:18416341 [2]:105 [3]:356
[0]:150163318 [1]:18455561 [2]:105 [3]:362
[0]:150356369 [1]:18495640 [2]:105 [3]:61
[0]:150550882 [1]:18535929 [2]:105 [3]:354
[0]:150762189 [1]:18579784 [2]:105 [3]:353
[0]:150964475 [1]:18621798 [2]:105 [3]:354
[0]:151160310 [1]:18662385 [2]:105 [3]:360
[0]:151354749 [1]:18702731 [2]:105 [3]:360
[0]:151552042 [1]:18743626 [2]:105 [3]:360
[0]:151750811 [1]:18784913 [2]:105 [3]:367
[0]:151944274 [1]:18825024 [2]:105 [3]:361
[0]:152145809 [1]:18866850 [2]:105 [3]:360
[0]:152335728 [1]:18906262 [2]:110 [3]:66
[0]:152555774 [1]:18951904 [2]:110 [3]:363
[0]:152748524 [1]:18991915 [2]:110 [3]:361
[0]:152938466 [1]:19031366 [2]:110 [3]:58
[0]:153146653 [1]:19074517 [2]:110 [3]:356
[0]:153349660 [1]:19116567 [2]:110 [3]:364
[0]:153550668 [1]:19158246 [2]:110 [3]:363
[0]:153763123 [1]:19202291 [2]:110 [3]:364
[0]:153968099 [1]:19244783 [2]:110 [3]:363
[0]:154154181 [1]:19283410 [2]:110 [3]:360
[0]:154348277 [1]:19323609 [2]:110 [3]:361
[0]:154543561 [1]:19364081 [2]:110 [3]:356
[0]:154739080 [1]:19404634 [2]:110 [3]:363
[0]:154934222 [1]:19445089 [2]:110 [3]:359
[0]:155134749 [1]:19486613 [2]:110 [3]:360
[0]:155343461 [1]:19529958 [2]:110 [3]:358
[0]:155582517 [1]:19579528 [2]:110 [3]:361
[0]:155794595 [1]:19623476 [2]:110 [3]:363
[0]:155997713 [1]:19665639 [2]:110 [3]:55
[0]:156189521 [1]:19705408 [2]:110 [3]:53
[0]:156385071 [1]:19745990 [2]:110 [3]:359
[0]:156580687 [1]:19786548 [2]:110 [3]:369
[0]:156777528 [1]:19827327 [2]:110 [3]:68
[0]:156975641 [1]:19868383 [2]:110 [3]:357
[0]:157174909 [1]:19909698 [2]:110 [3]:66
[0]:157397034 [1]:19955817 [2]:110 [3]:362
[0]:157594371 [1]:19996735 [2]:110 [3]:361
[0]:157787904 [1]:20036951 [2]:110 [3]:362
[0]:157985761 [1]:20077896 [2]:110 [3]:367
[0]:158183257 [1]:20118960 [2]:110 [3]:61
[0]:158384317 [1]:20160649 [2]:110 [3]:366
[0]:158582067 [1]:20201623 [2]:110 [3]:359
[0]:158776092 [1]:20241920 [2]:110 [3]:369
[0]:158980947 [1]:20284362 [2]:110 [3]:365
[0]:159168674 [1]:20323340 [2]:110 [3]:358
[0]:159372559 [1]:20365644 [2]:110 [3]:359
[0]:159565780 [1]:20405733 [2]:110 [3]:360
[0]:159780342 [1]:20450247 [2]:110 [3]:62
[0]:159979359 [1]:20491514 [2]:110 [3]:68
[0]:160213153 [1]:20539942 [2]:110 [3]:364
[0]:160411807 [1]:20581178 [2]:110 [3]:364
[0]:160624250 [1]:20625222 [2]:110 [3]:358
[0]:160851566 [1]:20672362 [2]:110 [3]:362
[0]:161045319 [1]:20712522 [2]:110 [3]:370
[0]:161246717 [1]:20754282 [2]:110 [3]:359
[0]:161436756 [1]:20793654 [2]:110 [3]:360
[0]:161660354 [1]:20839972 [2]:110 [3]:360
[0]:161857882 [1]:20880911 [2]:110 [3]:364
[0]:162051373 [1]:20921086 [2]:110 [3]:367
[0]:162252834 [1]:20962895 [2]:110 [3]:358
[0]:162454024 [1]:21004588 [2]:110 [3]:360
[0]:162651703 [1]:21045554 [2]:110 [3]:362
[0]:162852963 [1]:21087278 [2]:110 [3]:364
[0]:163049384 [1]:21128060 [2]:110 [3]:363
[0]:163255486 [1]:21170842 [2]:110 [3]:360
[0]:163448661 [1]:21210972 [2]:110 [3]:364
[0]:163646316 [1]:21251936 [2]:110 [3]:357
[0]:163840133 [1]:21292136 [2]:110 [3]:360
[0]:164030600 [1]:21331703 [2]:110 [3]:360
[0]:164230671 [1]:21373241 [2]:114 [3]:366
[0]:164421791 [1]:21412853 [2]:114 [3]:349
[0]:164619265 [1]:21453842 [2]:114 [3]:369
[0]:164809017 [1]:21493243 [2]:114 [3]:360
[0]:165001318 [1]:21533166 [2]:114 [3]:372
[0]:165196197 [1]:21573642 [2]:114 [3]:363
[0]:165409884 [1]:21617973 [2]:114 [3]:359
[0]:165610498 [1]:21659583 [2]:114 [3]:360
[0]:165803673 [1]:21699668 [2]:114 [3]:61
[0]:166054059 [1]:21751644 [2]:114 [3]:360
[0]:166246567 [1]:21791569 [2]:114 [3]:360
[0]:166471366 [1]:21838155 [2]:114 [3]:355
[0]:166672467 [1]:21879852 [2]:114 [3]:356
[0]:166866196 [1]:21920017 [2]:114 [3]:368
[0]:167063850 [1]:21961062 [2]:114 [3]:359
[0]:167253991 [1]:22000488 [2]:114 [3]:58
[0]:167455146 [1]:22042321 [2]:114 [3]:368
[0]:167641509 [1]:22080959 [2]:114 [3]:362
[0]:167833791 [1]:22120867 [2]:114 [3]:359
[0]:168044129 [1]:22164523 [2]:114 [3]:354
[0]:168234141 [1]:22203936 [2]:114 [3]:55
[0]:168427966 [1]:22244175 [2]:114 [3]:362
[0]:168651467 [1]:22290553 [2]:114 [3]:366
[0]:168844480 [1]:22330562 [2]:114 [3]:364
[0]:169039051 [1]:22370968 [2]:114 [3]:366
[0]:169247471 [1]:22414165 [2]:114 [3]:362
[0]:169441676 [1]:22454510 [2]:114 [3]:363
[0]:169638849 [1]:22495413 [2]:114 [3]:364
[0]:169832828 [1]:22535660 [2]:114 [3]:361
[0]:170065207 [1]:22583817 [2]:114 [3]:354
[0]:170261380 [1]:22624605 [2]:114 [3]:367
[0]:170469934 [1]:22667921 [2]:114 [3]:365
[0]:170680102 [1]:22711569 [2]:114 [3]:356
[0]:170883718 [1]:22753823 [2]:114 [3]:363
[0]:171122300 [1]:22803295 [2]:114 [3]:361
[0]:171311288 [1]:22842563 [2]:114 [3]:365
[0]:171502302 [1]:22882187 [2]:114 [3]:366
[0]:171703559 [1]:22923956 [2]:114 [3]:361
[0]:171897343 [1]:22964097 [2]:114 [3]:367
[0]:172107135 [1]:23007659 [2]:114 [3]:357
[0]:172303585 [1]:23048444 [2]:114 [3]:361
[0]:172501087 [1]:23089381 [2]:114 [3]:362
[0]:172709791 [1]:23132717 [2]:114 [3]:65
[0]:172903584 [1]:23172844 [2]:114 [3]:355
[0]:173093709 [1]:23212284 [2]:114 [3]:359
[0]:173333740 [1]:23262163 [2]:114 [3]:360
[0]:173533456 [1]:23303607 [2]:114 [3]:370
[0]:173727017 [1]:23343771 [2]:114 [3]:359
[0]:173913495 [1]:23382365 [2]:114 [3]:360
[0]:174103632 [1]:23421785 [2]:114 [3]:360
[0]:174293621 [1]:23461258 [2]:114 [3]:53
[0]:174487398 [1]:23501510 [2]:114 [3]:58
[0]:174687563 [1]:23543014 [2]:114 [3]:359
[0]:174913837 [1]:23589939 [2]:114 [3]:367
[0]:175126512 [1]:23634129 [2]:114 [3]:368
[0]:175321594 [1]:23674629 [2]:114 [3]:356
[0]:175519562 [1]:23715725 [2]:114 [3]:361
[0]:175793737 [1]:23772538 [2]:114 [3]:358
[0]:175980648 [1]:23811322 [2]:114 [3]:361
[0]:176171787 [1]:23850921 [2]:114 [3]:362
[0]:176373508 [1]:23892821 [2]:118 [3]:363
[0]:176570571 [1]:23933713 [2]:118 [3]:356
[0]:176794143 [1]:23980065 [2]:118 [3]:361
[0]:176991638 [1]:24021050 [2]:118 [3]:62
[0]:177186344 [1]:24061377 [2]:118 [3]:359
[0]:177397853 [1]:24105265 [2]:118 [3]:358
[0]:177588050 [1]:24144740 [2]:118 [3]:359
[0]:177796440 [1]:24187952 [2]:118 [3]:362
[0]:178006640 [1]:24231566 [2]:118 [3]:356
[0]:178199155 [1]:24271528 [2]:118 [3]:364
[0]:178400475 [1]:24313193 [2]:118 [3]:354
[0]:178671259 [1]:24369434 [2]:118 [3]:357
[0]:178868419 [1]:24410307 [2]:118 [3]:354
[0]:179052560 [1]:24448493 [2]:118 [3]:359
[0]:179272085 [1]:24493987 [2]:118 [3]:55
[0]:179470045 [1]:24535013 [2]:118 [3]:367
[0]:179671296 [1]:24576794 [2]:118 [3]:367
[0]:179865172 [1]:24617001 [2]:118 [3]:358
[0]:180063667 [1]:24658123 [2]:118 [3]:357
[0]:180263829 [1]:24699634 [2]:118 [3]:355
[0]:180461340 [1]:24740632 [2]:118 [3]:368
[0]:180705699 [1]:24791263 [2]:118 [3]:59
[0]:180901082 [1]:24831826 [2]:118 [3]:358
[0]:181115092 [1]:24876214 [2]:118 [3]:356
[0]:181318572 [1]:24918295 [2]:118 [3]:54
[0]:181571868 [1]:24970892 [2]:118 [3]:364
[0]:181767071 [1]:25011375 [2]:118 [3]:365
[0]:181963324 [1]:25052038 [2]:118 [3]:363
[0]:182191790 [1]:25099404 [2]:118 [3]:365
[0]:182384377 [1]:25139314 [2]:118 [3]:360
[0]:182577367 [1]:25179326 [2]:118 [3]:364
[0]:182772030 [1]:25219675 [2]:118 [3]:362
[0]:182976284 [1]:25262089 [2]:118 [3]:366
[0]:183180558 [1]:25304436 [2]:118 [3]:360
[0]:183372064 [1]:25344188 [2]:118 [3]:362
[0]:183565526 [1]:25384416 [2]:118 [3]:366
[0]:183785665 [1]:25430103 [2]:118 [3]:62
[0]:183983333 [1]:25470913 [2]:118 [3]:311
[0]:184221820 [1]:25520418 [2]:118 [3]:61
[0]:184417136 [1]:25560952 [2]:118 [3]:363
[0]:184616774 [1]:25602374 [2]:118 [3]:356
[0]:184806703 [1]:25641832 [2]:118 [3]:54
[0]:185007023 [1]:25683374 [2]:118 [3]:65
[0]:185201265 [1]:25723689 [2]:118 [3]:361
[0]:185398514 [1]:25764550 [2]:118 [3]:352
[0]:185596946 [1]:25805777 [2]:118 [3]:363
[0]:185794301 [1]:25846743 [2]:118 [3]:365
[0]:185995637 [1]:25888494 [2]:118 [3]:366
[0]:186226578 [1]:25936463 [2]:118 [3]:364
[0]:186428405 [1]:25978308 [2]:118 [3]:358
[0]:186636951 [1]:26021551 [2]:118 [3]:363
[0]:186834118 [1]:26062436 [2]:118 [3]:366
[0]:187053830 [1]:26108036 [2]:118 [3]:365
[0]:187251460 [1]:26148993 [2]:118 [3]:353
[0]:187467491 [1]:26193776 [2]:118 [3]:359
[0]:187668799 [1]:26235601 [2]:118 [3]:356
[0]:187881323 [1]:26279713 [2]:118 [3]:61
[0]:188074961 [1]:26319905 [2]:118 [3]:358
[0]:188272656 [1]:26361011 [2]:122 [3]:363
[0]:188475638 [1]:26403095 [2]:122 [3]:361
[0]:188682499 [1]:26445919 [2]:122 [3]:54
[0]:188879958 [1]:26486909 [2]:122 [3]:357
[0]:189073764 [1]:26527124 [2]:122 [3]:366
[0]:189271684 [1]:26568253 [2]:122 [3]:363
[0]:189474880 [1]:26610427 [2]:122 [3]:363
[0]:189665873 [1]:26650036 [2]:122 [3]:359
[0]:189872663 [1]:26692959 [2]:122 [3]:359
[0]:190109463 [1]:26742080 [2]:122 [3]:366
[0]:190299870 [1]:26781564 [2]:122 [3]:362
[0]:190588284 [1]:26841325 [2]:122 [3]:364
[0]:190809827 [1]:26887342 [2]:122 [3]:360
[0]:191019091 [1]:26930741 [2]:122 [3]:366
[0]:191220302 [1]:26972484 [2]:122 [3]:360
[0]:191435085 [1]:27017030 [2]:122 [3]:362
[0]:191626482 [1]:27056681 [2]:122 [3]:361
[0]:191820822 [1]:27097059 [2]:122 [3]:365
[0]:192012656 [1]:27136896 [2]:122 [3]:58
[0]:192200355 [1]:27175847 [2]:122 [3]:362
[0]:192397968 [1]:27216758 [2]:122 [3]:357
[0]:192597961 [1]:27258297 [2]:122 [3]:359
[0]:192793245 [1]:27298805 [2]:122 [3]:359
[0]:192982103 [1]:27338003 [2]:122 [3]:58
[0]:193221363 [1]:27387631 [2]:122 [3]:364
[0]:193419028 [1]:27428578 [2]:122 [3]:359
[0]:193631247 [1]:27472570 [2]:122 [3]:363
[0]:193832688 [1]:27514325 [2]:122 [3]:364
[0]:194037640 [1]:27556848 [2]:122 [3]:359
[0]:194238958 [1]:27598529 [2]:122 [3]:366
[0]:194503506 [1]:27653421 [2]:122 [3]:367
[0]:194696931 [1]:27693554 [2]:122 [3]:366
[0]:194888601 [1]:27733284 [2]:122 [3]:371
[0]:195114741 [1]:27780195 [2]:122 [3]:362
[0]:195338384 [1]:27826520 [2]:122 [3]:362
[0]:195535893 [1]:27867513 [2]:122 [3]:366
[0]:195729041 [1]:27907638 [2]:122 [3]:359
[0]:195919729 [1]:27947193 [2]:122 [3]:366
[0]:196113572 [1]:27987332 [2]:122 [3]:64
[0]:196310820 [1]:28028268 [2]:122 [3]:355
[0]:196504838 [1]:28068464 [2]:122 [3]:351
[0]:196706131 [1]:28110212 [2]:122 [3]:359
[0]:196903629 [1]:28151156 [2]:122 [3]:57
[0]:197092847 [1]:28190377 [2]:122 [3]:361
[0]:197287383 [1]:28230764 [2]:122 [3]:363
[0]:197511548 [1]:28277268 [2]:122 [3]:357
[0]:197708711 [1]:28318190 [2]:122 [3]:359
[0]:197905040 [1]:28358854 [2]:122 [3]:357
[0]:198155687 [1]:28410741 [2]:122 [3]:357
[0]:198349777 [1]:28450979 [2]:122 [3]:368
[0]:198547259 [1]:28491898 [2]:122 [3]:357
[0]:198747366 [1]:28533406 [2]:122 [3]:60
[0]:198953457 [1]:28576094 [2]:122 [3]:360
[0]:199165673 [1]:28620101 [2]:122 [3]:365
[0]:199363418 [1]:28661086 [2]:122 [3]:54
[0]:199550511 [1]:28699944 [2]:122 [3]:358
[0]:199745434 [1]:28740507 [2]:122 [3]:363
[0]:199895691 [1]:28771667 [2]:122 [3]:365
[0]:199895691 [1]:28771667 [2]:122 [3]:365
[0]:199895691 [1]:28771667 [2]:122 [3]:365
[0]:199895691 [1]:28771667 [2]:122 [3]:365
[0]:199895691 [1]:28771667 [2]:122 [3]:365
[0]:199895691 [1]:28771667 [2]:122 [3]:365
[0]:199895691 [1]:28771667 [2]:122 [3]:365
[0]:199895691 [1]:28771667 [2]:122 [3]:365
[0]:199895691 [1]:28771667 [2]:122 [3]:365
[0]:199895691 [1]:28771667 [2]:122 [3]:365
[0]:199895691 [1]:28771667 [2]:122 [3]:365
[0]:199895691 [1]:28771667 [2]:122 [3]:365
                                                                                      [0]:199895691 [1]:28771667 [2]:122 [3]:365
[0]:199895691 [1]:28771667 [2]:122 [3]:365
[0]:199895691 [1]:28771667 [2]:122 [3]:365
[0]:199895691 [1]:28771667 [2]:122 [3]:365
[0]:199895691 [1]:28771667 [2]:122 [3]:365
[0]:199895691 [1]:28771667 [2]:122 [3]:365
