[0]:85175916 [1]:13822560 [2]:165 [3]:74
[0]:85387467 [1]:13853909 [2]:165 [3]:356
[0]:85605727 [1]:13886246 [2]:165 [3]:83
[0]:85818595 [1]:13917795 [2]:165 [3]:362
[0]:86023351 [1]:13948143 [2]:165 [3]:363
[0]:86238607 [1]:13980035 [2]:162 [3]:377
[0]:86508624 [1]:14020070 [2]:162 [3]:357
[0]:86717059 [1]:14051052 [2]:162 [3]:360
[0]:86924346 [1]:14081816 [2]:162 [3]:362
[0]:87130909 [1]:14112350 [2]:162 [3]:362
[0]:87355467 [1]:14145746 [2]:162 [3]:357
[0]:87560276 [1]:14176310 [2]:162 [3]:363
[0]:87761328 [1]:14206140 [2]:162 [3]:370
[0]:87977896 [1]:14238400 [2]:162 [3]:80
[0]:88181113 [1]:14268516 [2]:162 [3]:361
[0]:88407383 [1]:14302107 [2]:162 [3]:361
[0]:88620027 [1]:14333605 [2]:162 [3]:376
[0]:88821252 [1]:14363587 [2]:162 [3]:365
[0]:89022232 [1]:14393302 [2]:162 [3]:71
[0]:89233895 [1]:14424738 [2]:162 [3]:82
[0]:89471547 [1]:14460082 [2]:162 [3]:365
[0]:89680569 [1]:14491084 [2]:162 [3]:90
[0]:89903231 [1]:14524027 [2]:157 [3]:362
[0]:90116145 [1]:14555691 [2]:157 [3]:371
[0]:90322716 [1]:14586303 [2]:157 [3]:365
[0]:90531648 [1]:14617336 [2]:157 [3]:357
[0]:90736553 [1]:14647771 [2]:157 [3]:368
[0]:90945393 [1]:14678833 [2]:157 [3]:357
[0]:91146079 [1]:14708622 [2]:157 [3]:361
[0]:91351159 [1]:14739112 [2]:157 [3]:366
[0]:91555992 [1]:14769570 [2]:157 [3]:364
[0]:91765021 [1]:14800622 [2]:157 [3]:358
[0]:91969954 [1]:14830988 [2]:157 [3]:357
[0]:92178604 [1]:14861926 [2]:157 [3]:362
[0]:92379642 [1]:14891850 [2]:157 [3]:361
[0]:92588648 [1]:14922915 [2]:157 [3]:362
[0]:92805129 [1]:14955053 [2]:157 [3]:363
[0]:93006235 [1]:14984930 [2]:157 [3]:361
[0]:93238988 [1]:15019359 [2]:157 [3]:377
[0]:93437721 [1]:15048944 [2]:154 [3]:364
[0]:93640836 [1]:15079239 [2]:154 [3]:364
[0]:93897790 [1]:15117334 [2]:154 [3]:366
[0]:94101588 [1]:15147548 [2]:154 [3]:356
[0]:94302887 [1]:15177340 [2]:154 [3]:76
[0]:94506970 [1]:15207730 [2]:154 [3]:360
[0]:94712468 [1]:15238234 [2]:154 [3]:358
[0]:94920488 [1]:15269071 [2]:154 [3]:362
[0]:95126088 [1]:15299599 [2]:154 [3]:363
[0]:95331012 [1]:15330013 [2]:154 [3]:377
[0]:95540234 [1]:15361099 [2]:154 [3]:372
[0]:95748296 [1]:15391955 [2]:154 [3]:358
[0]:95953252 [1]:15422346 [2]:154 [3]:365
[0]:96157113 [1]:15452560 [2]:154 [3]:362
[0]:96371762 [1]:15484513 [2]:154 [3]:369
[0]:96576682 [1]:15514857 [2]:154 [3]:364
[0]:96785615 [1]:15545829 [2]:154 [3]:362
[0]:97009198 [1]:15578966 [2]:154 [3]:359
[0]:97217217 [1]:15609847 [2]:152 [3]:352
[0]:97420269 [1]:15640006 [2]:152 [3]:365
[0]:97624851 [1]:15670409 [2]:152 [3]:371
[0]:97833922 [1]:15701352 [2]:152 [3]:367
[0]:98046783 [1]:15732986 [2]:152 [3]:368
[0]:98253880 [1]:15763735 [2]:152 [3]:78
[0]:98453537 [1]:15793336 [2]:152 [3]:371
[0]:98665413 [1]:15824801 [2]:152 [3]:366
[0]:98874397 [1]:15855783 [2]:152 [3]:365
[0]:99081071 [1]:15886483 [2]:152 [3]:369
[0]:99285941 [1]:15916952 [2]:152 [3]:366
[0]:99525668 [1]:15952447 [2]:152 [3]:367
[0]:99741047 [1]:15984380 [2]:152 [3]:368
[0]:99952431 [1]:16015654 [2]:152 [3]:361
[0]:100163100 [1]:16046922 [2]:152 [3]:370
[0]:100375740 [1]:16078502 [2]:152 [3]:368
[0]:100572859 [1]:16107698 [2]:152 [3]:363
[0]:100783996 [1]:16138983 [2]:151 [3]:73
[0]:100994448 [1]:16170195 [2]:151 [3]:367
[0]:101213787 [1]:16202791 [2]:151 [3]:358
[0]:101421365 [1]:16233535 [2]:151 [3]:367
[0]:101624560 [1]:16263825 [2]:151 [3]:76
[0]:101837498 [1]:16295302 [2]:151 [3]:357
[0]:102050537 [1]:16327021 [2]:151 [3]:360
[0]:102247734 [1]:16356260 [2]:151 [3]:81
[0]:102459955 [1]:16388001 [2]:151 [3]:374
[0]:102707831 [1]:16424995 [2]:151 [3]:368
[0]:102941183 [1]:16459613 [2]:151 [3]:363
[0]:103147813 [1]:16490292 [2]:151 [3]:357
[0]:103350831 [1]:16520442 [2]:151 [3]:361
[0]:103562774 [1]:16551815 [2]:151 [3]:77
[0]:103764029 [1]:16581604 [2]:151 [3]:355
[0]:103977162 [1]:16613222 [2]:151 [3]:369
[0]:104189912 [1]:16644727 [2]:151 [3]:359
[0]:104407069 [1]:16676891 [2]:150 [3]:368
[0]:104616193 [1]:16707844 [2]:150 [3]:361
[0]:104825015 [1]:16738790 [2]:150 [3]:367
[0]:105030012 [1]:16769171 [2]:150 [3]:362
[0]:105236249 [1]:16799810 [2]:150 [3]:361
[0]:105438635 [1]:16829873 [2]:150 [3]:367
[0]:105652586 [1]:16861564 [2]:150 [3]:365
[0]:105854522 [1]:16891422 [2]:150 [3]:371
[0]:106090106 [1]:16926435 [2]:150 [3]:365
[0]:106290815 [1]:16956270 [2]:150 [3]:361
[0]:106495701 [1]:16986752 [2]:150 [3]:365
[0]:106716693 [1]:17019450 [2]:150 [3]:361
[0]:106952666 [1]:17054419 [2]:150 [3]:364
[0]:107161035 [1]:17085346 [2]:150 [3]:367
[0]:107367235 [1]:17115844 [2]:150 [3]:85
[0]:107571854 [1]:17146224 [2]:150 [3]:360
[0]:107776739 [1]:17176613 [2]:150 [3]:367
[0]:108011548 [1]:17211422 [2]:149 [3]:362
[0]:108223456 [1]:17242974 [2]:149 [3]:361
[0]:108430627 [1]:17273791 [2]:149 [3]:74
[0]:108639741 [1]:17304931 [2]:149 [3]:376
[0]:108840034 [1]:17334752 [2]:149 [3]:361
[0]:109053245 [1]:17366416 [2]:149 [3]:366
[0]:109254409 [1]:17396235 [2]:149 [3]:359
[0]:109455446 [1]:17426123 [2]:149 [3]:80
[0]:109693296 [1]:17461406 [2]:149 [3]:74
[0]:109916122 [1]:17494489 [2]:149 [3]:355
[0]:110129157 [1]:17526102 [2]:149 [3]:83
[0]:110335498 [1]:17556750 [2]:149 [3]:359
[0]:110545974 [1]:17588024 [2]:149 [3]:359
[0]:110753552 [1]:17618735 [2]:149 [3]:362
[0]:110965041 [1]:17650126 [2]:149 [3]:364
[0]:111196768 [1]:17684846 [2]:149 [3]:356
[0]:111413789 [1]:17717033 [2]:149 [3]:365
[0]:111630585 [1]:17749125 [2]:149 [3]:81
[0]:111834143 [1]:17779340 [2]:149 [3]:367
[0]:112044296 [1]:17810611 [2]:149 [3]:367
[0]:112248097 [1]:17840865 [2]:149 [3]:357
[0]:112449847 [1]:17870830 [2]:149 [3]:357
[0]:112658587 [1]:17901790 [2]:149 [3]:367
[0]:112871693 [1]:17933349 [2]:149 [3]:363
[0]:113068231 [1]:17962474 [2]:149 [3]:371
[0]:113282387 [1]:17994292 [2]:149 [3]:365
[0]:113488077 [1]:18024846 [2]:149 [3]:367
[0]:113695743 [1]:18055683 [2]:149 [3]:356
[0]:113904160 [1]:18086622 [2]:149 [3]:72
[0]:114113155 [1]:18117573 [2]:149 [3]:372
[0]:114320234 [1]:18148259 [2]:149 [3]:355
[0]:114522705 [1]:18178343 [2]:149 [3]:361
