[0]:0 [1]:0 [2]:0 [3]:0
[0]:0 [1]:0 [2]:0 [3]:0
[0]:224362 [1]:0 [2]:0 [3]:66
[0]:445596 [1]:0 [2]:0 [3]:54
[0]:669331 [1]:0 [2]:0 [3]:325
[0]:889543 [1]:0 [2]:0 [3]:317
[0]:1100048 [1]:5778 [2]:122 [3]:352
[0]:1294823 [1]:27701 [2]:122 [3]:376
[0]:1490334 [1]:49741 [2]:122 [3]:50
[0]:1720656 [1]:75798 [2]:122 [3]:66
[0]:1916930 [1]:98041 [2]:122 [3]:358
[0]:2115335 [1]:120445 [2]:122 [3]:58
[0]:2320235 [1]:143571 [2]:122 [3]:66
[0]:2601499 [1]:175363 [2]:103 [3]:368
[0]:2808182 [1]:198778 [2]:103 [3]:67
[0]:3046867 [1]:225732 [2]:103 [3]:61
[0]:3238090 [1]:247195 [2]:103 [3]:62
[0]:3441864 [1]:270254 [2]:103 [3]:360
[0]:3638654 [1]:292435 [2]:103 [3]:67
[0]:3841341 [1]:315378 [2]:103 [3]:79
[0]:4042738 [1]:338211 [2]:103 [3]:63
[0]:4263966 [1]:363146 [2]:91 [3]:79
[0]:4474087 [1]:386864 [2]:91 [3]:64
[0]:4679539 [1]:409985 [2]:91 [3]:70
[0]:4926860 [1]:437974 [2]:91 [3]:365
[0]:5118140 [1]:459442 [2]:91 [3]:358
[0]:5312953 [1]:481357 [2]:91 [3]:64
[0]:5533880 [1]:506250 [2]:91 [3]:362
[0]:5754996 [1]:531205 [2]:84 [3]:367
[0]:5949786 [1]:553072 [2]:84 [3]:370
[0]:6140797 [1]:574561 [2]:84 [3]:359
[0]:6353305 [1]:598618 [2]:84 [3]:70
[0]:6578700 [1]:624122 [2]:84 [3]:361
[0]:6769696 [1]:645599 [2]:84 [3]:67
[0]:6964490 [1]:667539 [2]:84 [3]:373
[0]:7163851 [1]:690108 [2]:80 [3]:372
[0]:7361186 [1]:712488 [2]:80 [3]:361
[0]:7577882 [1]:736959 [2]:80 [3]:364
[0]:7799294 [1]:761984 [2]:80 [3]:63
[0]:7993976 [1]:783903 [2]:80 [3]:62
[0]:8207602 [1]:807940 [2]:80 [3]:63
[0]:8421074 [1]:832104 [2]:80 [3]:73
[0]:8626308 [1]:855275 [2]:80 [3]:68
[0]:8825229 [1]:877729 [2]:77 [3]:363
[0]:9023621 [1]:900160 [2]:77 [3]:55
[0]:9240187 [1]:924661 [2]:77 [3]:362
[0]:9442390 [1]:947535 [2]:77 [3]:359
[0]:9644568 [1]:970338 [2]:77 [3]:362
[0]:9847328 [1]:993266 [2]:77 [3]:360
[0]:10042159 [1]:1015133 [2]:77 [3]:66
[0]:10244516 [1]:1037891 [2]:76 [3]:70
[0]:10442105 [1]:1060171 [2]:76 [3]:71
[0]:10667459 [1]:1085539 [2]:76 [3]:372
[0]:10855924 [1]:1106746 [2]:76 [3]:354
[0]:11086965 [1]:1132911 [2]:76 [3]:358
[0]:11281813 [1]:1154924 [2]:76 [3]:357
[0]:11487336 [1]:1178139 [2]:76 [3]:73
[0]:11682272 [1]:1200129 [2]:76 [3]:77
[0]:11873486 [1]:1221673 [2]:75 [3]:66
[0]:12067678 [1]:1243537 [2]:75 [3]:61
[0]:12256771 [1]:1264924 [2]:75 [3]:359
[0]:12465045 [1]:1288458 [2]:75 [3]:65
[0]:12656552 [1]:1310093 [2]:75 [3]:365
[0]:12853809 [1]:1332364 [2]:75 [3]:65
[0]:13070802 [1]:1357041 [2]:75 [3]:74
[0]:13254733 [1]:1377874 [2]:75 [3]:60
[0]:13454499 [1]:1400614 [2]:74 [3]:351
[0]:13647474 [1]:1422456 [2]:74 [3]:57
[0]:13845697 [1]:1444896 [2]:74 [3]:62
[0]:14046965 [1]:1467604 [2]:74 [3]:358
[0]:14270597 [1]:1492826 [2]:74 [3]:56
[0]:14472570 [1]:1515504 [2]:74 [3]:74
[0]:14681209 [1]:1538981 [2]:74 [3]:360
[0]:14879762 [1]:1561353 [2]:74 [3]:359
[0]:15078368 [1]:1583716 [2]:74 [3]:55
[0]:15272988 [1]:1605701 [2]:74 [3]:68
[0]:15478403 [1]:1628879 [2]:74 [3]:59
[0]:15677223 [1]:1651387 [2]:74 [3]:361
[0]:15876372 [1]:1673840 [2]:74 [3]:59
[0]:16066760 [1]:1695319 [2]:74 [3]:60
[0]:16268551 [1]:1718029 [2]:74 [3]:360
[0]:16466870 [1]:1740630 [2]:74 [3]:368
[0]:16687657 [1]:1765605 [2]:74 [3]:81
[0]:16886410 [1]:1788045 [2]:74 [3]:64
[0]:17077490 [1]:1809654 [2]:74 [3]:363
[0]:17271757 [1]:1831524 [2]:74 [3]:60
[0]:17474039 [1]:1854307 [2]:74 [3]:368
[0]:17680398 [1]:1877628 [2]:74 [3]:65
[0]:17879455 [1]:1900178 [2]:74 [3]:353
[0]:18079976 [1]:1922720 [2]:74 [3]:76
[0]:18283339 [1]:1945791 [2]:74 [3]:87
[0]:18519084 [1]:1972373 [2]:74 [3]:57
[0]:18717454 [1]:1994876 [2]:74 [3]:362
[0]:18937614 [1]:2019799 [2]:74 [3]:363
[0]:19132844 [1]:2041877 [2]:74 [3]:61
[0]:19334377 [1]:2064634 [2]:74 [3]:380
[0]:19537398 [1]:2087672 [2]:74 [3]:363
[0]:19736440 [1]:2110037 [2]:74 [3]:373
[0]:19930366 [1]:2131908 [2]:74 [3]:359
[0]:20129071 [1]:2154265 [2]:74 [3]:361
[0]:20331907 [1]:2177417 [2]:74 [3]:77
[0]:20529234 [1]:2199718 [2]:74 [3]:358
[0]:20742325 [1]:2224085 [2]:74 [3]:69
[0]:20936916 [1]:2246097 [2]:74 [3]:65
[0]:21133976 [1]:2268298 [2]:74 [3]:52
[0]:21349697 [1]:2292519 [2]:74 [3]:57
[0]:21551271 [1]:2315157 [2]:74 [3]:353
[0]:21753412 [1]:2338119 [2]:74 [3]:70
[0]:21951755 [1]:2360521 [2]:74 [3]:70
[0]:22149971 [1]:2383087 [2]:74 [3]:361
[0]:22351517 [1]:2405895 [2]:74 [3]:60
[0]:22546695 [1]:2427899 [2]:74 [3]:67
[0]:22826848 [1]:2459366 [2]:74 [3]:60
[0]:23030034 [1]:2482282 [2]:74 [3]:59
[0]:23300473 [1]:2512633 [2]:74 [3]:67
[0]:23517029 [1]:2537111 [2]:74 [3]:360
[0]:23715021 [1]:2559336 [2]:74 [3]:67
[0]:23911590 [1]:2581500 [2]:74 [3]:67
[0]:24104371 [1]:2603364 [2]:74 [3]:361
[0]:24323306 [1]:2628061 [2]:74 [3]:60
[0]:24516333 [1]:2649902 [2]:74 [3]:59
[0]:24715277 [1]:2672382 [2]:74 [3]:60
[0]:24913754 [1]:2694734 [2]:74 [3]:64
[0]:25174133 [1]:2724115 [2]:74 [3]:360
[0]:25379564 [1]:2747182 [2]:74 [3]:70
[0]:25591092 [1]:2771093 [2]:74 [3]:384
[0]:25783183 [1]:2792737 [2]:74 [3]:66
[0]:25987985 [1]:2815788 [2]:74 [3]:63
[0]:26200052 [1]:2839793 [2]:74 [3]:57
[0]:26396605 [1]:2861975 [2]:74 [3]:64
[0]:26595096 [1]:2884236 [2]:74 [3]:56
[0]:26790145 [1]:2906173 [2]:74 [3]:54
[0]:27002883 [1]:2930187 [2]:74 [3]:54
[0]:27197587 [1]:2952117 [2]:74 [3]:359
[0]:27433821 [1]:2978624 [2]:74 [3]:61
[0]:27638005 [1]:3001714 [2]:74 [3]:363
[0]:27850985 [1]:3025304 [2]:74 [3]:71
[0]:28055436 [1]:3047792 [2]:74 [3]:376
[0]:28264973 [1]:3072055 [2]:74 [3]:369
[0]:28468923 [1]:3102189 [2]:74 [3]:88
[0]:28671043 [1]:3132097 [2]:74 [3]:76
[0]:28890258 [1]:3164632 [2]:74 [3]:366
[0]:29073983 [1]:3191836 [2]:74 [3]:361
[0]:29288602 [1]:3223676 [2]:74 [3]:364
[0]:29511332 [1]:3256694 [2]:86 [3]:365
[0]:29761945 [1]:3293833 [2]:86 [3]:360
[0]:29986867 [1]:3327231 [2]:86 [3]:71
[0]:30194868 [1]:3358177 [2]:86 [3]:364
[0]:30416197 [1]:3390997 [2]:86 [3]:366
[0]:30635338 [1]:3423519 [2]:86 [3]:372
[0]:30835721 [1]:3453222 [2]:86 [3]:358
[0]:31090149 [1]:3490964 [2]:86 [3]:366
[0]:31285998 [1]:3520015 [2]:86 [3]:80
[0]:31523966 [1]:3555229 [2]:86 [3]:369
[0]:31731088 [1]:3585933 [2]:86 [3]:371
[0]:31945594 [1]:3617724 [2]:86 [3]:372
[0]:32170248 [1]:3651047 [2]:86 [3]:78
[0]:32375465 [1]:3681440 [2]:86 [3]:359
[0]:32587802 [1]:3713017 [2]:86 [3]:366
[0]:32796818 [1]:3744062 [2]:86 [3]:365
[0]:33005521 [1]:3775158 [2]:111 [3]:369
[0]:33200190 [1]:3804162 [2]:111 [3]:363
[0]:33403625 [1]:3834412 [2]:111 [3]:86
[0]:33608365 [1]:3864747 [2]:111 [3]:367
[0]:33814485 [1]:3895412 [2]:111 [3]:87
[0]:34014049 [1]:3924989 [2]:111 [3]:364
[0]:34223138 [1]:3956011 [2]:111 [3]:358
[0]:34428013 [1]:3986330 [2]:111 [3]:358
[0]:34637512 [1]:4017341 [2]:111 [3]:77
[0]:34853683 [1]:4049500 [2]:111 [3]:359
[0]:35058559 [1]:4079898 [2]:111 [3]:363
[0]:35267597 [1]:4110882 [2]:111 [3]:372
[0]:35476387 [1]:4141899 [2]:111 [3]:80
[0]:35687775 [1]:4173422 [2]:111 [3]:363
[0]:35917896 [1]:4207565 [2]:111 [3]:368
[0]:36133982 [1]:4239866 [2]:111 [3]:359
[0]:36347055 [1]:4271385 [2]:111 [3]:358
[0]:36554554 [1]:4302075 [2]:111 [3]:368
[0]:36828029 [1]:4342600 [2]:126 [3]:360
[0]:37032562 [1]:4372972 [2]:126 [3]:370
[0]:37249383 [1]:4405265 [2]:126 [3]:363
[0]:37454450 [1]:4435577 [2]:126 [3]:367
[0]:37659268 [1]:4466047 [2]:126 [3]:365
[0]:37868246 [1]:4497059 [2]:126 [3]:83
[0]:38065161 [1]:4526308 [2]:126 [3]:369
[0]:38278596 [1]:4557964 [2]:126 [3]:359
[0]:38478788 [1]:4587615 [2]:126 [3]:365
[0]:38699348 [1]:4620331 [2]:126 [3]:360
[0]:38912621 [1]:4651880 [2]:126 [3]:366
[0]:39119736 [1]:4682589 [2]:126 [3]:369
[0]:39320870 [1]:4712265 [2]:126 [3]:361
[0]:39536615 [1]:4744255 [2]:126 [3]:361
[0]:39748079 [1]:4775526 [2]:126 [3]:367
[0]:39961005 [1]:4807107 [2]:126 [3]:364
[0]:40173661 [1]:4838663 [2]:126 [3]:77
[0]:40378731 [1]:4868957 [2]:135 [3]:370
[0]:40725656 [1]:4920370 [2]:135 [3]:75
[0]:40934542 [1]:4951396 [2]:135 [3]:368
[0]:41137954 [1]:4981515 [2]:135 [3]:365
[0]:41344397 [1]:5012063 [2]:135 [3]:78
[0]:41553292 [1]:5043088 [2]:135 [3]:368
[0]:41759959 [1]:5073698 [2]:135 [3]:370
[0]:41961795 [1]:5103544 [2]:135 [3]:366
[0]:42167993 [1]:5134228 [2]:135 [3]:370
[0]:42376829 [1]:5165219 [2]:135 [3]:367
[0]:42593710 [1]:5197420 [2]:135 [3]:363
[0]:42837989 [1]:5233659 [2]:135 [3]:363
[0]:43048211 [1]:5264836 [2]:135 [3]:360
[0]:43255468 [1]:5295526 [2]:135 [3]:363
[0]:43468606 [1]:5327087 [2]:135 [3]:362
[0]:43679135 [1]:5358313 [2]:135 [3]:365
[0]:43886234 [1]:5389060 [2]:140 [3]:360
[0]:44098942 [1]:5420546 [2]:140 [3]:359
[0]:44312015 [1]:5452125 [2]:140 [3]:360
[0]:44521718 [1]:5483181 [2]:140 [3]:362
[0]:44725970 [1]:5513488 [2]:140 [3]:359
[0]:44938347 [1]:5545141 [2]:140 [3]:364
[0]:45151071 [1]:5576762 [2]:140 [3]:364
[0]:45363451 [1]:5608299 [2]:140 [3]:364
[0]:45574672 [1]:5639702 [2]:140 [3]:366
[0]:45789809 [1]:5671572 [2]:140 [3]:364
[0]:45994638 [1]:5701932 [2]:140 [3]:365
[0]:46201174 [1]:5732551 [2]:140 [3]:359
[0]:46420114 [1]:5765020 [2]:140 [3]:376
[0]:46632286 [1]:5796404 [2]:140 [3]:366
[0]:46835224 [1]:5826445 [2]:140 [3]:366
[0]:47042886 [1]:5857244 [2]:140 [3]:372
[0]:47275410 [1]:5891711 [2]:140 [3]:357
[0]:47488354 [1]:5923363 [2]:143 [3]:356
[0]:47704915 [1]:5955439 [2]:143 [3]:361
[0]:47925879 [1]:5988319 [2]:143 [3]:371
[0]:48126856 [1]:6018067 [2]:143 [3]:362
[0]:48330895 [1]:6048293 [2]:143 [3]:365
[0]:48528177 [1]:6077672 [2]:143 [3]:369
[0]:48737567 [1]:6108864 [2]:143 [3]:368
[0]:48950337 [1]:6140426 [2]:143 [3]:368
[0]:49159210 [1]:6171332 [2]:143 [3]:358
[0]:49369025 [1]:6202486 [2]:143 [3]:371
[0]:49576200 [1]:6233187 [2]:143 [3]:358
[0]:49801550 [1]:6266577 [2]:143 [3]:364
[0]:50006453 [1]:6297117 [2]:143 [3]:364
[0]:50213197 [1]:6327747 [2]:143 [3]:370
[0]:50428235 [1]:6359664 [2]:143 [3]:369
[0]:50636713 [1]:6390616 [2]:143 [3]:362
[0]:50845815 [1]:6421719 [2]:143 [3]:366
[0]:51054483 [1]:6452614 [2]:145 [3]:368
[0]:51263571 [1]:6483716 [2]:145 [3]:357
[0]:51476284 [1]:6515352 [2]:145 [3]:364
[0]:51692824 [1]:6547509 [2]:145 [3]:356
[0]:51937335 [1]:6583797 [2]:145 [3]:364
[0]:52150132 [1]:6615306 [2]:145 [3]:365
[0]:52349799 [1]:6644949 [2]:145 [3]:359
[0]:52555936 [1]:6675669 [2]:145 [3]:364
[0]:52779615 [1]:6709041 [2]:145 [3]:369
[0]:52985296 [1]:6739658 [2]:145 [3]:369
[0]:53190203 [1]:6770078 [2]:145 [3]:362
[0]:53399113 [1]:6801107 [2]:145 [3]:363
[0]:53611807 [1]:6832680 [2]:145 [3]:369
[0]:53818543 [1]:6863402 [2]:145 [3]:368
[0]:54032652 [1]:6895185 [2]:145 [3]:371
[0]:54253690 [1]:6927900 [2]:145 [3]:366
[0]:54474745 [1]:6960652 [2]:145 [3]:359
[0]:54687760 [1]:6992203 [2]:146 [3]:365
[0]:54892307 [1]:7022518 [2]:146 [3]:81
[0]:55132210 [1]:7057999 [2]:146 [3]:78
[0]:55339354 [1]:7088706 [2]:146 [3]:368
[0]:55596992 [1]:7126830 [2]:146 [3]:362
[0]:55793743 [1]:7156077 [2]:146 [3]:362
[0]:56015970 [1]:7188995 [2]:146 [3]:372
[0]:56220736 [1]:7219262 [2]:146 [3]:363
[0]:56424138 [1]:7249484 [2]:146 [3]:86
[0]:56658537 [1]:7284285 [2]:146 [3]:361
[0]:56878185 [1]:7317027 [2]:146 [3]:365
[0]:57087868 [1]:7348101 [2]:146 [3]:367
[0]:57335770 [1]:7403022 [2]:146 [3]:365
[0]:57537283 [1]:7449559 [2]:146 [3]:53
[0]:57736866 [1]:7495714 [2]:146 [3]:354
[0]:57934033 [1]:7541201 [2]:146 [3]:366
[0]:58123411 [1]:7584934 [2]:149 [3]:357
[0]:58358085 [1]:7639158 [2]:149 [3]:58
[0]:58574870 [1]:7689244 [2]:149 [3]:360
[0]:58768947 [1]:7734133 [2]:149 [3]:64
[0]:58966791 [1]:7779771 [2]:149 [3]:57
[0]:59171112 [1]:7826953 [2]:149 [3]:357
[0]:59377398 [1]:7874650 [2]:149 [3]:356
[0]:59598468 [1]:7925760 [2]:149 [3]:360
[0]:59796388 [1]:7971394 [2]:149 [3]:361
[0]:59996644 [1]:8017723 [2]:149 [3]:363
[0]:60202117 [1]:8065234 [2]:149 [3]:58
[0]:60391016 [1]:8108898 [2]:149 [3]:366
[0]:60596282 [1]:8156325 [2]:149 [3]:367
[0]:60793572 [1]:8201846 [2]:156 [3]:362
[0]:61020956 [1]:8254401 [2]:156 [3]:362
[0]:61224516 [1]:8301427 [2]:156 [3]:354
[0]:61475077 [1]:8359331 [2]:156 [3]:360
[0]:61665272 [1]:8403237 [2]:156 [3]:365
[0]:61869713 [1]:8450437 [2]:156 [3]:357
[0]:62052870 [1]:8492778 [2]:156 [3]:361
[0]:62254993 [1]:8539465 [2]:156 [3]:357
[0]:62456670 [1]:8586040 [2]:156 [3]:368
[0]:62654270 [1]:8631601 [2]:156 [3]:364
[0]:62855744 [1]:8678236 [2]:156 [3]:353
[0]:63065595 [1]:8726750 [2]:156 [3]:56
[0]:63254029 [1]:8770318 [2]:156 [3]:357
[0]:63453115 [1]:8816304 [2]:156 [3]:354
[0]:63688608 [1]:8870627 [2]:160 [3]:360
[0]:63897196 [1]:8918885 [2]:160 [3]:359
[0]:64105393 [1]:8966960 [2]:160 [3]:362
[0]:64312263 [1]:9014796 [2]:160 [3]:363
[0]:64505761 [1]:9059442 [2]:160 [3]:360
[0]:64703336 [1]:9105062 [2]:160 [3]:358
[0]:64935027 [1]:9158639 [2]:160 [3]:364
[0]:65170043 [1]:9212976 [2]:160 [3]:364
[0]:65368641 [1]:9258769 [2]:160 [3]:357
[0]:65605301 [1]:9313587 [2]:160 [3]:363
[0]:65800852 [1]:9358796 [2]:160 [3]:361
[0]:65996602 [1]:9403973 [2]:160 [3]:355
[0]:66202622 [1]:9451580 [2]:160 [3]:366
[0]:66405262 [1]:9498319 [2]:162 [3]:357
[0]:66595622 [1]:9542286 [2]:162 [3]:363
[0]:66853412 [1]:9601861 [2]:162 [3]:360
[0]:67044869 [1]:9646084 [2]:162 [3]:360
[0]:67233915 [1]:9689630 [2]:162 [3]:364
[0]:67438245 [1]:9736857 [2]:162 [3]:364
[0]:67622538 [1]:9779473 [2]:162 [3]:362
[0]:67819663 [1]:9824970 [2]:162 [3]:360
[0]:68010859 [1]:9869205 [2]:162 [3]:369
[0]:68222729 [1]:9918099 [2]:162 [3]:73
[0]:68424706 [1]:9964674 [2]:162 [3]:361
[0]:68618811 [1]:10009574 [2]:162 [3]:361
[0]:68827735 [1]:10057841 [2]:162 [3]:361
[0]:69018087 [1]:10101789 [2]:162 [3]:365
[0]:69272065 [1]:10160395 [2]:164 [3]:360
[0]:69454815 [1]:10202657 [2]:164 [3]:367
[0]:69717054 [1]:10263232 [2]:164 [3]:355
[0]:69913963 [1]:10308746 [2]:164 [3]:359
[0]:70115903 [1]:10355334 [2]:164 [3]:360
[0]:70315477 [1]:10401519 [2]:164 [3]:364
[0]:70514900 [1]:10447624 [2]:164 [3]:365
[0]:70738814 [1]:10499360 [2]:164 [3]:355
[0]:70940277 [1]:10545982 [2]:164 [3]:69
[0]:71159501 [1]:10596569 [2]:164 [3]:369
[0]:71403065 [1]:10652920 [2]:164 [3]:358
[0]:71601289 [1]:10698818 [2]:164 [3]:60
[0]:71806171 [1]:10746172 [2]:164 [3]:361
[0]:72000345 [1]:10790925 [2]:165 [3]:365
[0]:72198173 [1]:10836662 [2]:165 [3]:361
[0]:72384690 [1]:10879770 [2]:165 [3]:375
[0]:72649510 [1]:10940958 [2]:165 [3]:363
[0]:72843487 [1]:10985702 [2]:165 [3]:56
[0]:73046914 [1]:11032737 [2]:165 [3]:358
[0]:73281523 [1]:11086997 [2]:165 [3]:364
[0]:73493100 [1]:11135993 [2]:165 [3]:358
[0]:73693709 [1]:11182363 [2]:165 [3]:360
[0]:73910350 [1]:11232375 [2]:165 [3]:60
[0]:74123998 [1]:11281853 [2]:165 [3]:368
[0]:74317884 [1]:11326700 [2]:165 [3]:361
[0]:74509189 [1]:11370917 [2]:165 [3]:359
[0]:74706105 [1]:11416326 [2]:165 [3]:363
[0]:74907545 [1]:11462881 [2]:165 [3]:59
[0]:75105740 [1]:11508722 [2]:165 [3]:361
[0]:75302485 [1]:11554178 [2]:165 [3]:358
[0]:75522992 [1]:11605125 [2]:165 [3]:365
[0]:75747410 [1]:11656907 [2]:165 [3]:358
[0]:75941330 [1]:11701726 [2]:165 [3]:371
[0]:76138397 [1]:11747232 [2]:165 [3]:367
[0]:76344707 [1]:11794969 [2]:165 [3]:57
[0]:76538422 [1]:11839742 [2]:165 [3]:363
[0]:76735814 [1]:11885355 [2]:165 [3]:364
[0]:76934307 [1]:11931191 [2]:165 [3]:360
[0]:77130940 [1]:11976596 [2]:165 [3]:365
[0]:77326134 [1]:12021709 [2]:165 [3]:357
[0]:77513017 [1]:12064848 [2]:165 [3]:363
[0]:77733933 [1]:12115868 [2]:165 [3]:363
[0]:77936633 [1]:12162691 [2]:165 [3]:362
[0]:78128667 [1]:12207061 [2]:165 [3]:360
[0]:78326602 [1]:12252834 [2]:165 [3]:362
[0]:78524456 [1]:12298469 [2]:165 [3]:56
[0]:78725654 [1]:12344969 [2]:165 [3]:55
[0]:78919998 [1]:12389840 [2]:165 [3]:360
[0]:79115623 [1]:12435038 [2]:165 [3]:62
[0]:79330019 [1]:12484585 [2]:165 [3]:358
[0]:79525828 [1]:12529789 [2]:165 [3]:358
[0]:79714882 [1]:12573470 [2]:165 [3]:364
[0]:79916563 [1]:12620074 [2]:165 [3]:357
[0]:80106944 [1]:12664109 [2]:165 [3]:69
[0]:80300975 [1]:12708902 [2]:165 [3]:362
[0]:80524488 [1]:12760649 [2]:165 [3]:66
[0]:80715325 [1]:12804733 [2]:165 [3]:359
[0]:80935459 [1]:12855684 [2]:165 [3]:361
[0]:81133171 [1]:12901380 [2]:165 [3]:357
[0]:81327421 [1]:12946228 [2]:165 [3]:355
[0]:81528910 [1]:12992766 [2]:165 [3]:359
[0]:81739733 [1]:13041572 [2]:165 [3]:353
[0]:81943208 [1]:13088610 [2]:165 [3]:370
[0]:82161005 [1]:13138838 [2]:165 [3]:362
[0]:82353472 [1]:13183335 [2]:165 [3]:357
[0]:82556952 [1]:13230306 [2]:165 [3]:365
[0]:82760539 [1]:13277361 [2]:165 [3]:367
[0]:82950765 [1]:13321327 [2]:165 [3]:363
[0]:83141163 [1]:13365215 [2]:165 [3]:356
[0]:83338531 [1]:13410834 [2]:165 [3]:353
[0]:83540678 [1]:13457560 [2]:165 [3]:368
[0]:83753268 [1]:13506687 [2]:165 [3]:60
[0]:83947438 [1]:13551543 [2]:165 [3]:361
[0]:84141698 [1]:13596433 [2]:165 [3]:355
[0]:84339393 [1]:13642082 [2]:165 [3]:358
[0]:84555735 [1]:13692067 [2]:165 [3]:359
[0]:84749814 [1]:13736887 [2]:165 [3]:364
[0]:84938443 [1]:13780480 [2]:165 [3]:354
[0]:85175916 [1]:13822560 [2]:165 [3]:74
[0]:85387467 [1]:13853909 [2]:165 [3]:356
[0]:85605727 [1]:13886246 [2]:165 [3]:83
[0]:85818595 [1]:13917795 [2]:165 [3]:362
[0]:86023351 [1]:13948143 [2]:165 [3]:363
[0]:86238607 [1]:13980035 [2]:162 [3]:377
[0]:86508624 [1]:14020070 [2]:162 [3]:357
[0]:86717059 [1]:14051052 [2]:162 [3]:360
[0]:86924346 [1]:14081816 [2]:162 [3]:362
[0]:87130909 [1]:14112350 [2]:162 [3]:362
[0]:87355467 [1]:14145746 [2]:162 [3]:357
[0]:87560276 [1]:14176310 [2]:162 [3]:363
[0]:87761328 [1]:14206140 [2]:162 [3]:370
[0]:87977896 [1]:14238400 [2]:162 [3]:80
[0]:88181113 [1]:14268516 [2]:162 [3]:361
[0]:88407383 [1]:14302107 [2]:162 [3]:361
[0]:88620027 [1]:14333605 [2]:162 [3]:376
[0]:88821252 [1]:14363587 [2]:162 [3]:365
[0]:89022232 [1]:14393302 [2]:162 [3]:71
[0]:89233895 [1]:14424738 [2]:162 [3]:82
[0]:89471547 [1]:14460082 [2]:162 [3]:365
[0]:89680569 [1]:14491084 [2]:162 [3]:90
[0]:89903231 [1]:14524027 [2]:157 [3]:362
[0]:90116145 [1]:14555691 [2]:157 [3]:371
[0]:90322716 [1]:14586303 [2]:157 [3]:365
[0]:90531648 [1]:14617336 [2]:157 [3]:357
[0]:90736553 [1]:14647771 [2]:157 [3]:368
[0]:90945393 [1]:14678833 [2]:157 [3]:357
[0]:91146079 [1]:14708622 [2]:157 [3]:361
[0]:91351159 [1]:14739112 [2]:157 [3]:366
[0]:91555992 [1]:14769570 [2]:157 [3]:364
[0]:91765021 [1]:14800622 [2]:157 [3]:358
[0]:91969954 [1]:14830988 [2]:157 [3]:357
[0]:92178604 [1]:14861926 [2]:157 [3]:362
[0]:92379642 [1]:14891850 [2]:157 [3]:361
[0]:92588648 [1]:14922915 [2]:157 [3]:362
[0]:92805129 [1]:14955053 [2]:157 [3]:363
[0]:93006235 [1]:14984930 [2]:157 [3]:361
[0]:93238988 [1]:15019359 [2]:157 [3]:377
[0]:93437721 [1]:15048944 [2]:154 [3]:364
[0]:93640836 [1]:15079239 [2]:154 [3]:364
[0]:93897790 [1]:15117334 [2]:154 [3]:366
[0]:94101588 [1]:15147548 [2]:154 [3]:356
[0]:94302887 [1]:15177340 [2]:154 [3]:76
[0]:94506970 [1]:15207730 [2]:154 [3]:360
[0]:94712468 [1]:15238234 [2]:154 [3]:358
[0]:94920488 [1]:15269071 [2]:154 [3]:362
[0]:95126088 [1]:15299599 [2]:154 [3]:363
[0]:95331012 [1]:15330013 [2]:154 [3]:377
[0]:95540234 [1]:15361099 [2]:154 [3]:372
[0]:95748296 [1]:15391955 [2]:154 [3]:358
[0]:95953252 [1]:15422346 [2]:154 [3]:365
[0]:96157113 [1]:15452560 [2]:154 [3]:362
[0]:96371762 [1]:15484513 [2]:154 [3]:369
[0]:96576682 [1]:15514857 [2]:154 [3]:364
[0]:96785615 [1]:15545829 [2]:154 [3]:362
[0]:97009198 [1]:15578966 [2]:154 [3]:359
[0]:97217217 [1]:15609847 [2]:152 [3]:352
[0]:97420269 [1]:15640006 [2]:152 [3]:365
[0]:97624851 [1]:15670409 [2]:152 [3]:371
[0]:97833922 [1]:15701352 [2]:152 [3]:367
[0]:98046783 [1]:15732986 [2]:152 [3]:368
[0]:98253880 [1]:15763735 [2]:152 [3]:78
[0]:98453537 [1]:15793336 [2]:152 [3]:371
[0]:98665413 [1]:15824801 [2]:152 [3]:366
[0]:98874397 [1]:15855783 [2]:152 [3]:365
[0]:99081071 [1]:15886483 [2]:152 [3]:369
[0]:99285941 [1]:15916952 [2]:152 [3]:366
[0]:99525668 [1]:15952447 [2]:152 [3]:367
[0]:99741047 [1]:15984380 [2]:152 [3]:368
[0]:99952431 [1]:16015654 [2]:152 [3]:361
[0]:100163100 [1]:16046922 [2]:152 [3]:370
[0]:100375740 [1]:16078502 [2]:152 [3]:368
[0]:100572859 [1]:16107698 [2]:152 [3]:363
[0]:100783996 [1]:16138983 [2]:151 [3]:73
[0]:100994448 [1]:16170195 [2]:151 [3]:367
[0]:101213787 [1]:16202791 [2]:151 [3]:358
[0]:101421365 [1]:16233535 [2]:151 [3]:367
[0]:101624560 [1]:16263825 [2]:151 [3]:76
[0]:101837498 [1]:16295302 [2]:151 [3]:357
[0]:102050537 [1]:16327021 [2]:151 [3]:360
[0]:102247734 [1]:16356260 [2]:151 [3]:81
[0]:102459955 [1]:16388001 [2]:151 [3]:374
[0]:102707831 [1]:16424995 [2]:151 [3]:368
[0]:102941183 [1]:16459613 [2]:151 [3]:363
[0]:103147813 [1]:16490292 [2]:151 [3]:357
[0]:103350831 [1]:16520442 [2]:151 [3]:361
[0]:103562774 [1]:16551815 [2]:151 [3]:77
[0]:103764029 [1]:16581604 [2]:151 [3]:355
[0]:103977162 [1]:16613222 [2]:151 [3]:369
[0]:104189912 [1]:16644727 [2]:151 [3]:359
[0]:104407069 [1]:16676891 [2]:150 [3]:368
[0]:104616193 [1]:16707844 [2]:150 [3]:361
[0]:104825015 [1]:16738790 [2]:150 [3]:367
[0]:105030012 [1]:16769171 [2]:150 [3]:362
[0]:105236249 [1]:16799810 [2]:150 [3]:361
[0]:105438635 [1]:16829873 [2]:150 [3]:367
[0]:105652586 [1]:16861564 [2]:150 [3]:365
[0]:105854522 [1]:16891422 [2]:150 [3]:371
[0]:106090106 [1]:16926435 [2]:150 [3]:365
[0]:106290815 [1]:16956270 [2]:150 [3]:361
[0]:106495701 [1]:16986752 [2]:150 [3]:365
[0]:106716693 [1]:17019450 [2]:150 [3]:361
[0]:106952666 [1]:17054419 [2]:150 [3]:364
[0]:107161035 [1]:17085346 [2]:150 [3]:367
[0]:107367235 [1]:17115844 [2]:150 [3]:85
[0]:107571854 [1]:17146224 [2]:150 [3]:360
[0]:107776739 [1]:17176613 [2]:150 [3]:367
[0]:108011548 [1]:17211422 [2]:149 [3]:362
[0]:108223456 [1]:17242974 [2]:149 [3]:361
[0]:108430627 [1]:17273791 [2]:149 [3]:74
[0]:108639741 [1]:17304931 [2]:149 [3]:376
[0]:108840034 [1]:17334752 [2]:149 [3]:361
[0]:109053245 [1]:17366416 [2]:149 [3]:366
[0]:109254409 [1]:17396235 [2]:149 [3]:359
[0]:109455446 [1]:17426123 [2]:149 [3]:80
[0]:109693296 [1]:17461406 [2]:149 [3]:74
[0]:109916122 [1]:17494489 [2]:149 [3]:355
[0]:110129157 [1]:17526102 [2]:149 [3]:83
[0]:110335498 [1]:17556750 [2]:149 [3]:359
[0]:110545974 [1]:17588024 [2]:149 [3]:359
[0]:110753552 [1]:17618735 [2]:149 [3]:362
[0]:110965041 [1]:17650126 [2]:149 [3]:364
[0]:111196768 [1]:17684846 [2]:149 [3]:356
[0]:111413789 [1]:17717033 [2]:149 [3]:365
[0]:111630585 [1]:17749125 [2]:149 [3]:81
[0]:111834143 [1]:17779340 [2]:149 [3]:367
[0]:112044296 [1]:17810611 [2]:149 [3]:367
[0]:112248097 [1]:17840865 [2]:149 [3]:357
[0]:112449847 [1]:17870830 [2]:149 [3]:357
[0]:112658587 [1]:17901790 [2]:149 [3]:367
[0]:112871693 [1]:17933349 [2]:149 [3]:363
[0]:113068231 [1]:17962474 [2]:149 [3]:371
[0]:113282387 [1]:17994292 [2]:149 [3]:365
[0]:113488077 [1]:18024846 [2]:149 [3]:367
[0]:113695743 [1]:18055683 [2]:149 [3]:356
[0]:113904160 [1]:18086622 [2]:149 [3]:72
[0]:114113155 [1]:18117573 [2]:149 [3]:372
[0]:114320234 [1]:18148259 [2]:149 [3]:355
[0]:114522705 [1]:18178343 [2]:149 [3]:361
[0]:114725899 [1]:18224960 [2]:149 [3]:357
[0]:114937500 [1]:18273898 [2]:150 [3]:365
[0]:115127884 [1]:18317870 [2]:150 [3]:365
[0]:115326616 [1]:18363832 [2]:150 [3]:359
[0]:115523513 [1]:18409312 [2]:150 [3]:357
[0]:115721221 [1]:18455003 [2]:150 [3]:362
[0]:115907868 [1]:18498101 [2]:150 [3]:56
[0]:116095923 [1]:18541600 [2]:150 [3]:360
[0]:116288545 [1]:18586152 [2]:150 [3]:355
[0]:116491642 [1]:18633040 [2]:150 [3]:366
[0]:116687980 [1]:18678361 [2]:150 [3]:359
[0]:116885928 [1]:18724049 [2]:150 [3]:363
[0]:117087320 [1]:18770575 [2]:150 [3]:69
[0]:117281351 [1]:18815415 [2]:150 [3]:369
[0]:117477952 [1]:18860824 [2]:150 [3]:62
[0]:117691910 [1]:18910231 [2]:150 [3]:364
[0]:117874899 [1]:18952503 [2]:156 [3]:352
[0]:118141596 [1]:19014087 [2]:156 [3]:353
[0]:118374046 [1]:19067689 [2]:156 [3]:364
[0]:118595277 [1]:19118797 [2]:156 [3]:364
[0]:118793689 [1]:19164723 [2]:156 [3]:355
[0]:118989410 [1]:19210018 [2]:156 [3]:363
[0]:119188519 [1]:19255919 [2]:156 [3]:360
[0]:119387444 [1]:19301916 [2]:156 [3]:364
[0]:119583065 [1]:19347161 [2]:156 [3]:358
[0]:119771134 [1]:19390688 [2]:156 [3]:62
[0]:119977084 [1]:19438301 [2]:156 [3]:362
[0]:120173900 [1]:19483691 [2]:156 [3]:362
[0]:120367772 [1]:19528534 [2]:156 [3]:360
[0]:120562243 [1]:19573495 [2]:160 [3]:60
[0]:120760052 [1]:19619139 [2]:160 [3]:354
[0]:120957745 [1]:19664830 [2]:160 [3]:365
[0]:121151863 [1]:19709623 [2]:160 [3]:362
[0]:121348281 [1]:19754986 [2]:160 [3]:58
[0]:121537317 [1]:19798660 [2]:160 [3]:361
[0]:121733925 [1]:19844109 [2]:160 [3]:358
[0]:121935666 [1]:19890687 [2]:160 [3]:367
[0]:122159659 [1]:19942395 [2]:160 [3]:361
[0]:122353672 [1]:19987314 [2]:160 [3]:369
[0]:122576254 [1]:20038734 [2]:160 [3]:355
[0]:122821910 [1]:20095511 [2]:160 [3]:356
[0]:123029242 [1]:20143396 [2]:160 [3]:359
[0]:123234580 [1]:20190808 [2]:160 [3]:363
[0]:123432188 [1]:20236471 [2]:162 [3]:361
[0]:123626206 [1]:20281277 [2]:162 [3]:51
[0]:123820502 [1]:20326191 [2]:162 [3]:361
[0]:124027428 [1]:20374010 [2]:162 [3]:57
[0]:124227310 [1]:20420194 [2]:162 [3]:63
[0]:124421404 [1]:20465020 [2]:162 [3]:358
[0]:124615302 [1]:20509814 [2]:162 [3]:360
[0]:124819187 [1]:20556850 [2]:162 [3]:354
[0]:125022286 [1]:20603770 [2]:162 [3]:362
[0]:125205096 [1]:20646040 [2]:162 [3]:364
[0]:125406593 [1]:20692620 [2]:162 [3]:361
[0]:125604035 [1]:20738275 [2]:162 [3]:358
[0]:125794498 [1]:20782219 [2]:162 [3]:57
[0]:126000238 [1]:20829766 [2]:162 [3]:57
[0]:126201634 [1]:20876313 [2]:164 [3]:351
[0]:126426961 [1]:20928313 [2]:164 [3]:359
[0]:126637191 [1]:20976918 [2]:164 [3]:357
[0]:126888608 [1]:21034978 [2]:164 [3]:360
[0]:127078521 [1]:21078834 [2]:164 [3]:359
[0]:127268927 [1]:21122906 [2]:164 [3]:362
[0]:127469715 [1]:21169325 [2]:164 [3]:358
[0]:127669434 [1]:21215400 [2]:164 [3]:363
[0]:127859023 [1]:21259303 [2]:164 [3]:368
[0]:128049254 [1]:21303225 [2]:164 [3]:365
[0]:128243364 [1]:21348104 [2]:164 [3]:355
[0]:128437244 [1]:21392897 [2]:164 [3]:369
[0]:128635369 [1]:21438587 [2]:164 [3]:359
[0]:128829335 [1]:21483429 [2]:164 [3]:364
[0]:129038463 [1]:21531772 [2]:165 [3]:354
[0]:129236154 [1]:21577432 [2]:165 [3]:362
[0]:129460055 [1]:21629111 [2]:165 [3]:359
[0]:129676399 [1]:21679112 [2]:165 [3]:354
[0]:129870658 [1]:21724020 [2]:165 [3]:358
[0]:130067886 [1]:21769584 [2]:165 [3]:363
[0]:130273447 [1]:21817110 [2]:165 [3]:362
[0]:130471347 [1]:21862808 [2]:165 [3]:366
[0]:130680703 [1]:21911178 [2]:165 [3]:55
[0]:130878433 [1]:21956885 [2]:165 [3]:364
[0]:131118073 [1]:22012271 [2]:165 [3]:355
[0]:131318134 [1]:22058438 [2]:165 [3]:362
[0]:131516790 [1]:22104287 [2]:165 [3]:362
[0]:131703072 [1]:22147362 [2]:165 [3]:360
[0]:131901686 [1]:22193252 [2]:165 [3]:359
[0]:132102654 [1]:22239728 [2]:165 [3]:369
[0]:132296425 [1]:22284434 [2]:165 [3]:356
[0]:132490598 [1]:22329326 [2]:165 [3]:352
[0]:132684156 [1]:22374054 [2]:165 [3]:363
[0]:132881945 [1]:22419764 [2]:165 [3]:359
[0]:133076685 [1]:22464778 [2]:165 [3]:365
[0]:133328256 [1]:22522871 [2]:165 [3]:356
[0]:133520503 [1]:22567303 [2]:165 [3]:360
[0]:133715029 [1]:22612279 [2]:165 [3]:364
[0]:133917034 [1]:22658986 [2]:165 [3]:363
[0]:134122029 [1]:22706282 [2]:165 [3]:367
[0]:134319632 [1]:22751965 [2]:165 [3]:61
[0]:134513100 [1]:22796700 [2]:165 [3]:360
[0]:134713603 [1]:22843006 [2]:165 [3]:356
[0]:134905203 [1]:22887288 [2]:165 [3]:363
[0]:135106990 [1]:22933883 [2]:165 [3]:354
[0]:135312529 [1]:22981389 [2]:165 [3]:358
[0]:135517650 [1]:23028781 [2]:165 [3]:363
[0]:135723001 [1]:23076273 [2]:165 [3]:363
[0]:135920837 [1]:23121962 [2]:165 [3]:63
[0]:136125225 [1]:23169188 [2]:165 [3]:365
[0]:136327584 [1]:23215963 [2]:165 [3]:359
[0]:136521691 [1]:23260775 [2]:165 [3]:354
[0]:136719489 [1]:23306518 [2]:165 [3]:365
[0]:136943671 [1]:23358297 [2]:165 [3]:362
[0]:137145053 [1]:23404895 [2]:165 [3]:356
[0]:137338905 [1]:23449688 [2]:165 [3]:360
[0]:137532952 [1]:23494552 [2]:165 [3]:58
[0]:137732299 [1]:23540645 [2]:165 [3]:356
[0]:137932296 [1]:23586798 [2]:165 [3]:363
[0]:138162861 [1]:23640095 [2]:165 [3]:364
[0]:138387672 [1]:23692114 [2]:165 [3]:360
[0]:138589358 [1]:23738700 [2]:165 [3]:65
[0]:138796988 [1]:23786668 [2]:165 [3]:361
[0]:139000027 [1]:23833514 [2]:165 [3]:362
[0]:139241380 [1]:23889236 [2]:165 [3]:57
[0]:139440154 [1]:23935152 [2]:165 [3]:357
[0]:139634465 [1]:23980032 [2]:165 [3]:365
[0]:139828565 [1]:24024833 [2]:165 [3]:358
[0]:140063626 [1]:24079099 [2]:165 [3]:364
[0]:140261265 [1]:24124823 [2]:165 [3]:361
[0]:140496704 [1]:24179198 [2]:165 [3]:354
[0]:140756937 [1]:24239250 [2]:165 [3]:366
[0]:140952161 [1]:24284392 [2]:165 [3]:359
[0]:141149648 [1]:24330019 [2]:165 [3]:358
[0]:141351141 [1]:24376602 [2]:165 [3]:360
[0]:141545511 [1]:24421537 [2]:165 [3]:361
[0]:141746963 [1]:24468077 [2]:165 [3]:361
[0]:141948037 [1]:24514521 [2]:165 [3]:358
[0]:142148264 [1]:24560778 [2]:165 [3]:364
[0]:142343967 [1]:24606053 [2]:165 [3]:358
[0]:142564433 [1]:24656872 [2]:165 [3]:361
[0]:142774526 [1]:24703738 [2]:165 [3]:360
[0]:142991310 [1]:24735971 [2]:164 [3]:359
[0]:143223958 [1]:24770489 [2]:164 [3]:359
[0]:143430169 [1]:24801058 [2]:164 [3]:365
[0]:143633547 [1]:24831127 [2]:164 [3]:358
[0]:143850408 [1]:24863316 [2]:164 [3]:369
[0]:144063157 [1]:24894876 [2]:164 [3]:369
[0]:144292957 [1]:24929041 [2]:164 [3]:371
[0]:144495826 [1]:24959074 [2]:164 [3]:364
[0]:144701051 [1]:24989472 [2]:164 [3]:355
[0]:144906380 [1]:25019959 [2]:164 [3]:366
[0]:145127231 [1]:25052710 [2]:164 [3]:353
[0]:145336060 [1]:25083761 [2]:164 [3]:361
[0]:145543365 [1]:25114462 [2]:164 [3]:85
[0]:145749936 [1]:25145090 [2]:164 [3]:359
[0]:145954842 [1]:25175442 [2]:164 [3]:366
[0]:146159803 [1]:25205766 [2]:164 [3]:367
[0]:146368306 [1]:25236668 [2]:164 [3]:371
[0]:146581603 [1]:25268225 [2]:164 [3]:365
[0]:146786333 [1]:25298567 [2]:158 [3]:363
[0]:146987523 [1]:25328472 [2]:158 [3]:362
[0]:147232649 [1]:25364898 [2]:158 [3]:366
[0]:147472167 [1]:25400381 [2]:158 [3]:371
[0]:147677002 [1]:25430806 [2]:158 [3]:365
[0]:147885739 [1]:25461772 [2]:158 [3]:369
[0]:148085022 [1]:25491330 [2]:158 [3]:367
[0]:148308010 [1]:25524389 [2]:158 [3]:358
[0]:148512511 [1]:25554758 [2]:158 [3]:362
[0]:148717287 [1]:25585100 [2]:158 [3]:364
[0]:148983059 [1]:25624501 [2]:158 [3]:361
[0]:149194326 [1]:25655783 [2]:158 [3]:362
[0]:149414778 [1]:25688429 [2]:158 [3]:360
[0]:149623772 [1]:25719426 [2]:158 [3]:357
[0]:149899832 [1]:25760340 [2]:158 [3]:354
[0]:150100960 [1]:25790267 [2]:158 [3]:82
[0]:150301926 [1]:25820022 [2]:154 [3]:367
[0]:150527451 [1]:25853419 [2]:154 [3]:357
[0]:150731397 [1]:25883667 [2]:154 [3]:364
[0]:150952161 [1]:25916375 [2]:154 [3]:77
[0]:151161248 [1]:25947357 [2]:154 [3]:369
[0]:151405150 [1]:25983386 [2]:154 [3]:371
[0]:151606656 [1]:26013220 [2]:154 [3]:361
[0]:151815391 [1]:26044147 [2]:154 [3]:367
[0]:152016002 [1]:26074058 [2]:154 [3]:367
[0]:152233048 [1]:26106242 [2]:154 [3]:369
[0]:152434061 [1]:26136023 [2]:154 [3]:82
[0]:152642828 [1]:26167200 [2]:154 [3]:371
[0]:152851839 [1]:26198227 [2]:154 [3]:362
[0]:153052694 [1]:26228083 [2]:154 [3]:375
[0]:153326839 [1]:26268855 [2]:154 [3]:355
[0]:153525333 [1]:26298265 [2]:154 [3]:359
[0]:153734407 [1]:26329244 [2]:154 [3]:371
[0]:153942910 [1]:26360245 [2]:152 [3]:363
[0]:154144115 [1]:26390044 [2]:152 [3]:369
[0]:154348278 [1]:26420315 [2]:152 [3]:369
[0]:154542140 [1]:26449023 [2]:152 [3]:367
[0]:154743274 [1]:26478894 [2]:152 [3]:366
[0]:154947330 [1]:26509315 [2]:152 [3]:363
[0]:155158929 [1]:26540723 [2]:152 [3]:369
[0]:155361793 [1]:26570959 [2]:152 [3]:368
[0]:155566786 [1]:26601218 [2]:152 [3]:359
[0]:155774895 [1]:26632053 [2]:152 [3]:368
[0]:155977057 [1]:26661972 [2]:152 [3]:360
[0]:156185336 [1]:26692893 [2]:152 [3]:359
[0]:156390523 [1]:26723323 [2]:152 [3]:367
[0]:156619031 [1]:26757182 [2]:152 [3]:79
[0]:156814424 [1]:26786182 [2]:152 [3]:370
[0]:157036548 [1]:26819045 [2]:152 [3]:359
[0]:157249328 [1]:26850579 [2]:152 [3]:363
[0]:157458440 [1]:26881570 [2]:151 [3]:81
[0]:157663648 [1]:26911939 [2]:151 [3]:371
[0]:157868495 [1]:26942299 [2]:151 [3]:364
[0]:158069422 [1]:26972223 [2]:151 [3]:367
[0]:158270360 [1]:27002060 [2]:151 [3]:369
[0]:158483008 [1]:27033605 [2]:151 [3]:361
[0]:158695825 [1]:27065263 [2]:151 [3]:350
[0]:158896876 [1]:27095065 [2]:151 [3]:357
[0]:159097774 [1]:27124874 [2]:151 [3]:77
[0]:159310144 [1]:27156310 [2]:151 [3]:366
[0]:159517935 [1]:27187198 [2]:151 [3]:360
[0]:159731946 [1]:27218872 [2]:151 [3]:361
[0]:159937004 [1]:27249317 [2]:151 [3]:369
[0]:160149956 [1]:27280922 [2]:151 [3]:368
[0]:160359061 [1]:27311896 [2]:151 [3]:78
[0]:160560396 [1]:27341703 [2]:151 [3]:370
[0]:160804081 [1]:27377948 [2]:151 [3]:369
[0]:161013034 [1]:27408910 [2]:150 [3]:368
[0]:161218228 [1]:27439214 [2]:150 [3]:357
[0]:161446800 [1]:27473026 [2]:150 [3]:367
[0]:161663332 [1]:27505133 [2]:150 [3]:369
[0]:161871873 [1]:27536010 [2]:150 [3]:359
[0]:162088415 [1]:27568104 [2]:150 [3]:355
[0]:162345300 [1]:27606130 [2]:150 [3]:363
[0]:162558205 [1]:27637687 [2]:150 [3]:368
[0]:162782832 [1]:27670996 [2]:150 [3]:365
[0]:162987835 [1]:27701419 [2]:150 [3]:364
[0]:163200617 [1]:27732983 [2]:150 [3]:362
[0]:163411376 [1]:27764217 [2]:150 [3]:361
[0]:163614507 [1]:27794326 [2]:150 [3]:359
[0]:163823378 [1]:27825294 [2]:150 [3]:363
[0]:164028199 [1]:27855723 [2]:150 [3]:369
[0]:164229232 [1]:27885524 [2]:150 [3]:368
[0]:164438100 [1]:27916495 [2]:150 [3]:360
[0]:164658412 [1]:27949194 [2]:149 [3]:361
[0]:164863689 [1]:27979643 [2]:149 [3]:365
[0]:165072414 [1]:28010642 [2]:149 [3]:85
[0]:165285207 [1]:28042113 [2]:149 [3]:74
[0]:165494263 [1]:28073146 [2]:149 [3]:358
[0]:165702936 [1]:28104184 [2]:149 [3]:359
[0]:165923761 [1]:28136973 [2]:149 [3]:361
[0]:166128277 [1]:28167324 [2]:149 [3]:369
[0]:166344287 [1]:28199297 [2]:149 [3]:373
[0]:166556317 [1]:28230767 [2]:149 [3]:372
[0]:166765095 [1]:28261715 [2]:149 [3]:363
[0]:167029226 [1]:28300900 [2]:149 [3]:361
[0]:167263235 [1]:28335511 [2]:149 [3]:363
[0]:167468642 [1]:28365960 [2]:149 [3]:359
[0]:167674627 [1]:28396474 [2]:149 [3]:361
[0]:167889068 [1]:28428298 [2]:149 [3]:363
[0]:168099292 [1]:28459514 [2]:149 [3]:365
[0]:168319859 [1]:28492245 [2]:149 [3]:372
[0]:168518474 [1]:28521721 [2]:149 [3]:362
[0]:168725215 [1]:28552361 [2]:149 [3]:361
[0]:168930379 [1]:28582753 [2]:149 [3]:81
[0]:169143648 [1]:28614291 [2]:149 [3]:354
[0]:169353791 [1]:28645445 [2]:149 [3]:357
[0]:169557410 [1]:28675754 [2]:149 [3]:370
[0]:169766130 [1]:28706850 [2]:149 [3]:361
[0]:169970987 [1]:28737220 [2]:149 [3]:356
[0]:170191942 [1]:28769896 [2]:149 [3]:367
[0]:170391338 [1]:28799484 [2]:149 [3]:371
[0]:170592121 [1]:28829324 [2]:149 [3]:362
[0]:170794828 [1]:28859343 [2]:149 [3]:370
[0]:170999776 [1]:28889675 [2]:149 [3]:362
[0]:171265722 [1]:28929078 [2]:149 [3]:360
[0]:171466351 [1]:28958792 [2]:149 [3]:357
[0]:171665833 [1]:28988371 [2]:149 [3]:359
[0]:171909657 [1]:29024610 [2]:149 [3]:359
[0]:172110531 [1]:29054311 [2]:149 [3]:365
[0]:172324111 [1]:29091117 [2]:149 [3]:54
[0]:172538760 [1]:29140769 [2]:149 [3]:358
[0]:172727467 [1]:29184337 [2]:149 [3]:364
[0]:172925436 [1]:29230085 [2]:149 [3]:355
[0]:173172083 [1]:29287001 [2]:149 [3]:363
[0]:173366303 [1]:29331911 [2]:149 [3]:366
[0]:173596501 [1]:29385127 [2]:149 [3]:60
[0]:173791051 [1]:29430127 [2]:149 [3]:361
[0]:173988931 [1]:29475777 [2]:149 [3]:368
[0]:174197461 [1]:29523962 [2]:149 [3]:56
[0]:174395497 [1]:29569764 [2]:149 [3]:355
[0]:174591957 [1]:29615152 [2]:149 [3]:362
[0]:174792202 [1]:29661433 [2]:155 [3]:360
[0]:175004527 [1]:29710450 [2]:155 [3]:65
[0]:175209585 [1]:29757832 [2]:155 [3]:364
[0]:175411149 [1]:29804376 [2]:155 [3]:356
[0]:175646330 [1]:29858722 [2]:155 [3]:360
[0]:175835768 [1]:29902429 [2]:155 [3]:364
[0]:176086454 [1]:29960432 [2]:155 [3]:364
[0]:176292022 [1]:30007904 [2]:155 [3]:66
[0]:176489685 [1]:30053585 [2]:155 [3]:57
[0]:176691282 [1]:30100142 [2]:155 [3]:57
[0]:176890877 [1]:30146195 [2]:155 [3]:359
[0]:177097321 [1]:30193896 [2]:155 [3]:360
[0]:177297075 [1]:30240039 [2]:155 [3]:364
[0]:177493924 [1]:30285533 [2]:159 [3]:363
[0]:177698961 [1]:30332775 [2]:159 [3]:365
[0]:177903748 [1]:30380053 [2]:159 [3]:363
[0]:178152274 [1]:30437453 [2]:159 [3]:357
[0]:178355549 [1]:30484436 [2]:159 [3]:60
[0]:178551412 [1]:30529679 [2]:159 [3]:365
[0]:178751752 [1]:30575897 [2]:159 [3]:360
[0]:178957047 [1]:30623373 [2]:159 [3]:356
[0]:179151063 [1]:30668216 [2]:159 [3]:362
[0]:179345190 [1]:30713086 [2]:159 [3]:363
[0]:179546603 [1]:30759573 [2]:159 [3]:355
[0]:179744491 [1]:30805350 [2]:159 [3]:358
[0]:180029475 [1]:30871149 [2]:159 [3]:59
[0]:180222266 [1]:30915701 [2]:159 [3]:362
[0]:180427522 [1]:30963166 [2]:162 [3]:362
[0]:180625456 [1]:31008787 [2]:162 [3]:58
[0]:180830649 [1]:31056154 [2]:162 [3]:356
[0]:181044110 [1]:31105492 [2]:162 [3]:360
[0]:181241473 [1]:31151113 [2]:162 [3]:355
[0]:181442828 [1]:31197570 [2]:162 [3]:358
[0]:181640331 [1]:31243242 [2]:162 [3]:362
[0]:181834513 [1]:31288165 [2]:162 [3]:63
[0]:182036242 [1]:31334745 [2]:162 [3]:362
[0]:182237452 [1]:31381235 [2]:162 [3]:354
[0]:182443244 [1]:31428711 [2]:162 [3]:361
[0]:182640972 [1]:31474441 [2]:162 [3]:362
[0]:182843134 [1]:31521152 [2]:162 [3]:365
[0]:183046401 [1]:31568089 [2]:162 [3]:356
[0]:183242599 [1]:31613406 [2]:164 [3]:359
[0]:183442266 [1]:31659474 [2]:164 [3]:59
[0]:183656121 [1]:31708904 [2]:164 [3]:365
[0]:183846435 [1]:31752865 [2]:164 [3]:362
[0]:184040501 [1]:31797685 [2]:164 [3]:355
[0]:184233056 [1]:31842170 [2]:164 [3]:364
[0]:184427632 [1]:31887150 [2]:164 [3]:362
[0]:184633936 [1]:31934841 [2]:164 [3]:361
[0]:184831650 [1]:31980527 [2]:164 [3]:60
[0]:185029641 [1]:32026272 [2]:164 [3]:360
[0]:185227668 [1]:32071963 [2]:164 [3]:360
[0]:185440046 [1]:32121022 [2]:164 [3]:368
[0]:185641934 [1]:32167703 [2]:164 [3]:359
[0]:185856362 [1]:32217235 [2]:164 [3]:56
[0]:186069048 [1]:32266294 [2]:165 [3]:53
[0]:186272555 [1]:32313348 [2]:165 [3]:62
[0]:186474351 [1]:32359999 [2]:165 [3]:355
[0]:186668021 [1]:32404754 [2]:165 [3]:366
[0]:186932890 [1]:32465975 [2]:165 [3]:363
[0]:187130782 [1]:32511663 [2]:165 [3]:360
[0]:187331854 [1]:32558104 [2]:165 [3]:367
[0]:187529302 [1]:32603728 [2]:165 [3]:62
[0]:187728289 [1]:32649695 [2]:165 [3]:364
[0]:187922347 [1]:32694501 [2]:165 [3]:364
[0]:188118788 [1]:32739865 [2]:165 [3]:56
[0]:188322147 [1]:32786866 [2]:165 [3]:359
[0]:188515635 [1]:32831544 [2]:165 [3]:360
[0]:188707859 [1]:32875996 [2]:165 [3]:366
[0]:188898406 [1]:32919947 [2]:165 [3]:355
[0]:189098944 [1]:32966264 [2]:165 [3]:354
[0]:189296156 [1]:33011834 [2]:165 [3]:355
[0]:189486265 [1]:33055832 [2]:165 [3]:61
[0]:189683809 [1]:33101509 [2]:165 [3]:368
[0]:189887068 [1]:33148376 [2]:165 [3]:362
[0]:190083570 [1]:33193749 [2]:165 [3]:367
[0]:190288690 [1]:33241127 [2]:165 [3]:362
[0]:190497763 [1]:33289447 [2]:165 [3]:358
[0]:190718028 [1]:33340298 [2]:165 [3]:57
[0]:190941936 [1]:33391944 [2]:165 [3]:58
[0]:191139824 [1]:33437663 [2]:165 [3]:369
[0]:191348823 [1]:33485951 [2]:165 [3]:362
[0]:191542799 [1]:33530731 [2]:165 [3]:365
[0]:191759295 [1]:33580704 [2]:165 [3]:60
[0]:191953490 [1]:33625544 [2]:165 [3]:359
[0]:192151272 [1]:33671240 [2]:165 [3]:360
[0]:192341806 [1]:33715267 [2]:165 [3]:360
[0]:192535529 [1]:33759986 [2]:165 [3]:361
[0]:192733555 [1]:33805663 [2]:165 [3]:363
[0]:192934841 [1]:33852223 [2]:165 [3]:354
[0]:193143486 [1]:33900441 [2]:165 [3]:360
[0]:193348974 [1]:33947920 [2]:165 [3]:366
[0]:193539852 [1]:33992032 [2]:165 [3]:368
[0]:193752540 [1]:34041191 [2]:165 [3]:55
[0]:193946539 [1]:34086138 [2]:165 [3]:360
[0]:194144811 [1]:34132005 [2]:165 [3]:359
[0]:194334459 [1]:34175943 [2]:165 [3]:363
[0]:194523065 [1]:34219491 [2]:165 [3]:364
[0]:194726581 [1]:34266523 [2]:165 [3]:66
[0]:194946733 [1]:34317407 [2]:165 [3]:353
[0]:195144531 [1]:34363113 [2]:165 [3]:359
[0]:195339363 [1]:34408122 [2]:165 [3]:356
[0]:195535860 [1]:34453494 [2]:165 [3]:58
[0]:195737492 [1]:34500101 [2]:165 [3]:64
[0]:195928924 [1]:34544360 [2]:165 [3]:358
[0]:196121182 [1]:34588762 [2]:165 [3]:357
[0]:196312699 [1]:34632982 [2]:165 [3]:353
[0]:196506742 [1]:34677717 [2]:165 [3]:354
[0]:196708159 [1]:34724243 [2]:165 [3]:357
[0]:196905185 [1]:34769749 [2]:165 [3]:362
[0]:197111591 [1]:34817468 [2]:165 [3]:359
[0]:197309386 [1]:34863105 [2]:165 [3]:359
[0]:197506354 [1]:34908641 [2]:165 [3]:360
[0]:197697176 [1]:34952758 [2]:165 [3]:365
[0]:197910339 [1]:35002036 [2]:165 [3]:359
[0]:198178033 [1]:35063929 [2]:165 [3]:364
[0]:198402629 [1]:35115769 [2]:165 [3]:62
[0]:198598233 [1]:35161004 [2]:165 [3]:355
[0]:198820969 [1]:35212549 [2]:165 [3]:61
[0]:199022392 [1]:35259104 [2]:165 [3]:357
[0]:199248054 [1]:35311269 [2]:165 [3]:363
[0]:199444120 [1]:35356589 [2]:165 [3]:362
[0]:199634036 [1]:35400478 [2]:165 [3]:360
[0]:199831323 [1]:35446067 [2]:165 [3]:358
[0]:200026147 [1]:35491097 [2]:165 [3]:365
[0]:200227939 [1]:35537694 [2]:165 [3]:365
[0]:200418308 [1]:35581630 [2]:165 [3]:62
[0]:200610708 [1]:35626098 [2]:165 [3]:359
[0]:200726773 [1]:35652934 [2]:165 [3]:365
[0]:200726773 [1]:35652934 [2]:165 [3]:365
[0]:200726773 [1]:35652934 [2]:165 [3]:365
[0]:200726773 [1]:35652934 [2]:165 [3]:365
[0]:200726773 [1]:35652934 [2]:165 [3]:365
[0]:200726773 [1]:35652934 [2]:165 [3]:365
[0]:200726773 [1]:35652934 [2]:165 [3]:365
[0]:200726773 [1]:35652934 [2]:165 [3]:365
[0]:200726773 [1]:35652934 [2]:165 [3]:365
[0]:200726773 [1]:35652934 [2]:165 [3]:365
[0]:200726773 [1]:35652934 [2]:165 [3]:365
[0]:200726773 [1]:35652934 [2]:165 [3]:365
                                                                                      [0]:200726773 [1]:35652934 [2]:165 [3]:365
[0]:200726773 [1]:35652934 [2]:165 [3]:365
[0]:200726773 [1]:35652934 [2]:165 [3]:365
[0]:200726773 [1]:35652934 [2]:165 [3]:365
[0]:200726773 [1]:35652934 [2]:165 [3]:365
[0]:200726773 [1]:35652934 [2]:165 [3]:365
