[0]:114865357 [1]:14949614 [2]:99 [3]:361
[0]:115082962 [1]:14987091 [2]:99 [3]:362
[0]:115280932 [1]:15021126 [2]:99 [3]:59
[0]:115483398 [1]:15055989 [2]:102 [3]:366
[0]:115680506 [1]:15089905 [2]:102 [3]:357
[0]:115878630 [1]:15124066 [2]:102 [3]:362
[0]:116072817 [1]:15157368 [2]:102 [3]:60
[0]:116317127 [1]:15199407 [2]:102 [3]:62
[0]:116506436 [1]:15231896 [2]:102 [3]:359
[0]:116696945 [1]:15264701 [2]:102 [3]:59
[0]:116891185 [1]:15298218 [2]:102 [3]:363
[0]:117085365 [1]:15331601 [2]:102 [3]:59
[0]:117278989 [1]:15364804 [2]:102 [3]:66
[0]:117477699 [1]:15399012 [2]:106 [3]:364
[0]:117698254 [1]:15436892 [2]:106 [3]:67
[0]:117907472 [1]:15472844 [2]:106 [3]:357
[0]:118117353 [1]:15508911 [2]:106 [3]:374
[0]:118321252 [1]:15544042 [2]:106 [3]:357
[0]:118554237 [1]:15584093 [2]:106 [3]:62
[0]:118818903 [1]:15629596 [2]:106 [3]:358
[0]:119013216 [1]:15662898 [2]:106 [3]:60
[0]:119203882 [1]:15695728 [2]:106 [3]:65
[0]:119394686 [1]:15728422 [2]:107 [3]:363
[0]:119630009 [1]:15768954 [2]:107 [3]:363
[0]:119842798 [1]:15805585 [2]:107 [3]:77
[0]:120040853 [1]:15839559 [2]:107 [3]:353
[0]:120251443 [1]:15875821 [2]:107 [3]:371
[0]:120447772 [1]:15909662 [2]:107 [3]:364
[0]:120645644 [1]:15943835 [2]:107 [3]:69
[0]:120851352 [1]:15979312 [2]:107 [3]:365
[0]:121070203 [1]:16016993 [2]:107 [3]:353
[0]:121274294 [1]:16052216 [2]:107 [3]:52
[0]:121467550 [1]:16085611 [2]:107 [3]:370
[0]:121671704 [1]:16120930 [2]:107 [3]:350
[0]:121870101 [1]:16155108 [2]:107 [3]:63
[0]:122076187 [1]:16190532 [2]:107 [3]:355
[0]:122262925 [1]:16222597 [2]:107 [3]:358
[0]:122465066 [1]:16257331 [2]:107 [3]:56
[0]:122655550 [1]:16290061 [2]:107 [3]:356
[0]:122849742 [1]:16323507 [2]:107 [3]:61
[0]:123047582 [1]:16357665 [2]:107 [3]:366
[0]:123236641 [1]:16390237 [2]:107 [3]:370
[0]:123436014 [1]:16424447 [2]:107 [3]:60
[0]:123656411 [1]:16462407 [2]:107 [3]:367
[0]:123858756 [1]:16497111 [2]:107 [3]:367
[0]:124045511 [1]:16529165 [2]:107 [3]:58
[0]:124243403 [1]:16563166 [2]:107 [3]:374
[0]:124444835 [1]:16597911 [2]:107 [3]:367
[0]:124645804 [1]:16632482 [2]:107 [3]:63
[0]:124881913 [1]:16673205 [2]:107 [3]:61
[0]:125076364 [1]:16706473 [2]:107 [3]:364
[0]:125270552 [1]:16740008 [2]:107 [3]:68
[0]:125468531 [1]:16773979 [2]:107 [3]:74
[0]:125666783 [1]:16807884 [2]:107 [3]:368
[0]:125872277 [1]:16843207 [2]:107 [3]:75
[0]:126077660 [1]:16878453 [2]:107 [3]:364
[0]:126296415 [1]:16916218 [2]:107 [3]:59
[0]:126521374 [1]:16955048 [2]:107 [3]:366
[0]:126704952 [1]:16986588 [2]:107 [3]:62
[0]:126908496 [1]:17021581 [2]:107 [3]:357
[0]:127098905 [1]:17054203 [2]:107 [3]:62
[0]:127293670 [1]:17087712 [2]:108 [3]:360
[0]:127497248 [1]:17122738 [2]:108 [3]:71
[0]:127694912 [1]:17156722 [2]:108 [3]:363
[0]:127893004 [1]:17190678 [2]:108 [3]:77
[0]:128087877 [1]:17224171 [2]:108 [3]:366
[0]:128282002 [1]:17257647 [2]:108 [3]:368
[0]:128483559 [1]:17292377 [2]:108 [3]:64
[0]:128678968 [1]:17325977 [2]:108 [3]:354
[0]:128875148 [1]:17359660 [2]:108 [3]:57
[0]:129077740 [1]:17394503 [2]:108 [3]:366
[0]:129275710 [1]:17428515 [2]:108 [3]:359
[0]:129496249 [1]:17466545 [2]:108 [3]:57
[0]:129686094 [1]:17499170 [2]:108 [3]:351
[0]:129888570 [1]:17533888 [2]:108 [3]:361
[0]:130086531 [1]:17567992 [2]:108 [3]:68
[0]:130277378 [1]:17600803 [2]:108 [3]:359
[0]:130471494 [1]:17634201 [2]:108 [3]:369
[0]:130676599 [1]:17669321 [2]:108 [3]:369
[0]:130889658 [1]:17705940 [2]:108 [3]:75
[0]:131084184 [1]:17739353 [2]:108 [3]:368
[0]:131282907 [1]:17773572 [2]:108 [3]:55
[0]:131475143 [1]:17806835 [2]:108 [3]:59
[0]:131670737 [1]:17840349 [2]:108 [3]:58
[0]:131882048 [1]:17876684 [2]:108 [3]:56
[0]:132085270 [1]:17911503 [2]:108 [3]:364
[0]:132287257 [1]:17946333 [2]:108 [3]:363
[0]:132479263 [1]:17979417 [2]:108 [3]:358
[0]:132687892 [1]:18015321 [2]:108 [3]:362
[0]:132882478 [1]:18048945 [2]:108 [3]:361
[0]:133134663 [1]:18092327 [2]:108 [3]:57
[0]:133336757 [1]:18127135 [2]:108 [3]:353
[0]:133530900 [1]:18160676 [2]:108 [3]:66
[0]:133732756 [1]:18195289 [2]:108 [3]:354
[0]:133928694 [1]:18229048 [2]:108 [3]:362
[0]:134121092 [1]:18262174 [2]:108 [3]:359
[0]:134330414 [1]:18298183 [2]:108 [3]:361
[0]:134516681 [1]:18330266 [2]:108 [3]:365
[0]:134741414 [1]:18368924 [2]:108 [3]:359
[0]:134935636 [1]:18402266 [2]:108 [3]:359
[0]:135129915 [1]:18435635 [2]:108 [3]:366
[0]:135327743 [1]:18469750 [2]:107 [3]:54
[0]:135525978 [1]:18503763 [2]:107 [3]:58
[0]:135726907 [1]:18538228 [2]:107 [3]:359
[0]:135935297 [1]:18574074 [2]:107 [3]:62
[0]:136127483 [1]:18607258 [2]:107 [3]:64
[0]:136321766 [1]:18640579 [2]:107 [3]:61
[0]:136512156 [1]:18673274 [2]:107 [3]:65
[0]:136714259 [1]:18708053 [2]:107 [3]:360
[0]:136912076 [1]:18742123 [2]:107 [3]:64
[0]:137113950 [1]:18776865 [2]:107 [3]:61
[0]:137341507 [1]:18816040 [2]:107 [3]:363
[0]:137531956 [1]:18848882 [2]:107 [3]:66
[0]:137733590 [1]:18883564 [2]:107 [3]:364
[0]:137950315 [1]:18920795 [2]:107 [3]:352
[0]:138163518 [1]:18957399 [2]:107 [3]:67
[0]:138358115 [1]:18990773 [2]:107 [3]:59
[0]:138559683 [1]:19025570 [2]:107 [3]:58
[0]:138798511 [1]:19066689 [2]:107 [3]:64
[0]:139011549 [1]:19103364 [2]:107 [3]:364
[0]:139203858 [1]:19136529 [2]:107 [3]:59
[0]:139418650 [1]:19173503 [2]:107 [3]:56
[0]:139620372 [1]:19208168 [2]:107 [3]:360
[0]:139807663 [1]:19240378 [2]:107 [3]:362
[0]:140012600 [1]:19275616 [2]:107 [3]:62
[0]:140206859 [1]:19309004 [2]:107 [3]:363
[0]:140403726 [1]:19342816 [2]:107 [3]:56
[0]:140599311 [1]:19376548 [2]:107 [3]:59
[0]:140814974 [1]:19413746 [2]:107 [3]:373
[0]:141006571 [1]:19446564 [2]:107 [3]:62
[0]:141200891 [1]:19479926 [2]:107 [3]:59
[0]:141397373 [1]:19513573 [2]:107 [3]:359
[0]:141580976 [1]:19545060 [2]:107 [3]:364
[0]:141772532 [1]:19577958 [2]:107 [3]:356
[0]:141996416 [1]:19616380 [2]:107 [3]:61
[0]:142208102 [1]:19652801 [2]:107 [3]:362
[0]:142400507 [1]:19685903 [2]:107 [3]:361
[0]:142590999 [1]:19718597 [2]:107 [3]:360
[0]:142832398 [1]:19760149 [2]:107 [3]:60
