[0]:172502475 [1]:23061197 [2]:101 [3]:57
[0]:172726798 [1]:23099863 [2]:101 [3]:363
[0]:172932236 [1]:23135351 [2]:101 [3]:353
[0]:173134718 [1]:23170105 [2]:101 [3]:66
[0]:173369355 [1]:23210420 [2]:101 [3]:59
[0]:173559574 [1]:23243314 [2]:101 [3]:364
[0]:173772604 [1]:23280114 [2]:101 [3]:62
[0]:173972367 [1]:23314445 [2]:101 [3]:368
[0]:174168605 [1]:23348174 [2]:106 [3]:76
[0]:174370118 [1]:23383083 [2]:106 [3]:354
[0]:174594340 [1]:23421687 [2]:106 [3]:359
[0]:174780922 [1]:23453701 [2]:106 [3]:72
[0]:174997729 [1]:23490923 [2]:106 [3]:65
[0]:175195904 [1]:23525114 [2]:106 [3]:369
[0]:175395165 [1]:23559377 [2]:106 [3]:368
[0]:175599152 [1]:23594601 [2]:106 [3]:366
[0]:175797109 [1]:23628679 [2]:106 [3]:60
[0]:176009040 [1]:23665077 [2]:106 [3]:68
[0]:176200592 [1]:23698034 [2]:107 [3]:68
[0]:176394710 [1]:23731399 [2]:107 [3]:350
[0]:176607935 [1]:23768322 [2]:107 [3]:63
[0]:176802050 [1]:23801698 [2]:107 [3]:64
[0]:177021880 [1]:23839568 [2]:107 [3]:364
[0]:177238840 [1]:23877021 [2]:107 [3]:55
[0]:177427590 [1]:23909680 [2]:107 [3]:68
[0]:177623603 [1]:23943412 [2]:107 [3]:54
[0]:177817698 [1]:23976896 [2]:107 [3]:371
[0]:178007897 [1]:24009370 [2]:107 [3]:64
[0]:178202636 [1]:24042950 [2]:108 [3]:52
[0]:178408107 [1]:24078251 [2]:108 [3]:57
[0]:178609898 [1]:24112892 [2]:108 [3]:67
[0]:178804147 [1]:24146189 [2]:108 [3]:66
[0]:178998554 [1]:24179545 [2]:108 [3]:70
[0]:179203880 [1]:24214860 [2]:108 [3]:355
[0]:179401961 [1]:24248842 [2]:108 [3]:364
[0]:179596433 [1]:24282312 [2]:108 [3]:59
[0]:179789685 [1]:24315427 [2]:108 [3]:369
[0]:179988845 [1]:24349690 [2]:108 [3]:362
[0]:180186669 [1]:24383751 [2]:107 [3]:366
[0]:180388444 [1]:24418525 [2]:107 [3]:360
[0]:180589540 [1]:24453062 [2]:107 [3]:371
[0]:180787821 [1]:24487140 [2]:107 [3]:360
[0]:180986215 [1]:24521295 [2]:107 [3]:67
[0]:181180215 [1]:24554654 [2]:107 [3]:363
[0]:181374714 [1]:24588082 [2]:107 [3]:356
[0]:181572615 [1]:24622153 [2]:107 [3]:345
[0]:181775271 [1]:24657041 [2]:107 [3]:362
[0]:181968634 [1]:24690251 [2]:107 [3]:364
[0]:182174097 [1]:24725705 [2]:108 [3]:361
[0]:182375952 [1]:24760360 [2]:108 [3]:367
[0]:182568108 [1]:24793393 [2]:108 [3]:373
[0]:182759999 [1]:24826467 [2]:108 [3]:57
[0]:182958452 [1]:24860661 [2]:108 [3]:356
[0]:183151592 [1]:24893989 [2]:108 [3]:354
[0]:183350488 [1]:24928290 [2]:108 [3]:364
[0]:183548785 [1]:24962421 [2]:108 [3]:81
[0]:183742721 [1]:24995846 [2]:108 [3]:364
[0]:183933108 [1]:25028771 [2]:108 [3]:76
[0]:184127288 [1]:25062197 [2]:108 [3]:367
[0]:184328336 [1]:25096746 [2]:108 [3]:54
[0]:184518471 [1]:25129360 [2]:108 [3]:351
[0]:184706383 [1]:25161689 [2]:108 [3]:360
[0]:184907400 [1]:25196121 [2]:108 [3]:77
[0]:185102902 [1]:25229803 [2]:108 [3]:62
[0]:185308125 [1]:25265075 [2]:108 [3]:362
[0]:185510119 [1]:25299751 [2]:108 [3]:363
[0]:185702533 [1]:25332789 [2]:108 [3]:360
[0]:185958385 [1]:25376881 [2]:108 [3]:370
[0]:186175150 [1]:25414237 [2]:108 [3]:357
[0]:186369378 [1]:25447490 [2]:108 [3]:364
[0]:186567535 [1]:25481494 [2]:108 [3]:356
[0]:186768914 [1]:25516022 [2]:108 [3]:363
[0]:186956103 [1]:25548170 [2]:108 [3]:359
[0]:187169031 [1]:25584882 [2]:108 [3]:58
[0]:187369839 [1]:25619290 [2]:108 [3]:357
[0]:187595043 [1]:25658032 [2]:108 [3]:59
[0]:187798590 [1]:25693086 [2]:108 [3]:367
[0]:188001142 [1]:25728051 [2]:107 [3]:61
[0]:188194568 [1]:25761201 [2]:107 [3]:364
[0]:188383215 [1]:25793593 [2]:107 [3]:62
[0]:188574729 [1]:25826620 [2]:107 [3]:76
[0]:188777053 [1]:25861287 [2]:107 [3]:68
[0]:188977421 [1]:25895662 [2]:107 [3]:361
[0]:189170219 [1]:25928756 [2]:107 [3]:357
[0]:189365035 [1]:25962233 [2]:107 [3]:360
[0]:189559724 [1]:25995747 [2]:107 [3]:56
[0]:189747865 [1]:26028120 [2]:107 [3]:67
[0]:189939237 [1]:26061093 [2]:107 [3]:58
[0]:190134020 [1]:26094623 [2]:107 [3]:359
[0]:190333417 [1]:26128924 [2]:107 [3]:79
[0]:190523804 [1]:26161604 [2]:107 [3]:356
[0]:190722052 [1]:26195669 [2]:107 [3]:355
[0]:190913453 [1]:26228483 [2]:107 [3]:65
[0]:191102999 [1]:26261059 [2]:107 [3]:361
[0]:191308808 [1]:26296224 [2]:107 [3]:57
[0]:191503061 [1]:26329618 [2]:107 [3]:363
[0]:191690081 [1]:26361764 [2]:107 [3]:366
[0]:191932212 [1]:26403347 [2]:107 [3]:364
[0]:192156234 [1]:26441810 [2]:108 [3]:365
[0]:192356303 [1]:26476104 [2]:108 [3]:353
[0]:192552067 [1]:26509894 [2]:108 [3]:65
[0]:192749087 [1]:26543841 [2]:108 [3]:72
[0]:192938902 [1]:26576557 [2]:108 [3]:358
[0]:193147027 [1]:26612302 [2]:108 [3]:61
[0]:193348465 [1]:26647008 [2]:108 [3]:68
[0]:193538380 [1]:26679890 [2]:108 [3]:362
[0]:193744393 [1]:26715611 [2]:108 [3]:65
[0]:193946070 [1]:26750329 [2]:108 [3]:354
[0]:194144001 [1]:26784275 [2]:108 [3]:362
[0]:194334494 [1]:26817151 [2]:108 [3]:354
[0]:194536580 [1]:26851924 [2]:108 [3]:63
[0]:194732660 [1]:26885611 [2]:108 [3]:358
[0]:194921048 [1]:26917945 [2]:108 [3]:57
[0]:195117969 [1]:26951772 [2]:108 [3]:368
[0]:195312991 [1]:26985345 [2]:108 [3]:68
[0]:195511329 [1]:27019378 [2]:108 [3]:365
[0]:195713039 [1]:27054043 [2]:108 [3]:367
[0]:195906738 [1]:27087308 [2]:107 [3]:53
[0]:196103799 [1]:27121425 [2]:107 [3]:359
[0]:196295949 [1]:27154455 [2]:107 [3]:75
[0]:196493973 [1]:27188616 [2]:107 [3]:366
[0]:196704864 [1]:27224798 [2]:107 [3]:70
[0]:196903043 [1]:27259010 [2]:107 [3]:353
[0]:197145849 [1]:27300743 [2]:107 [3]:361
[0]:197338001 [1]:27333822 [2]:107 [3]:63
[0]:197535654 [1]:27367705 [2]:107 [3]:59
[0]:197734481 [1]:27401991 [2]:107 [3]:70
[0]:197929165 [1]:27435514 [2]:108 [3]:66
[0]:198126662 [1]:27469477 [2]:108 [3]:70
[0]:198328023 [1]:27504211 [2]:108 [3]:363
[0]:198525882 [1]:27538407 [2]:108 [3]:357
[0]:198716423 [1]:27571222 [2]:108 [3]:358
[0]:198910922 [1]:27604672 [2]:108 [3]:67
[0]:199112714 [1]:27639389 [2]:108 [3]:361
[0]:199314143 [1]:27673937 [2]:108 [3]:362
[0]:199504475 [1]:27706675 [2]:108 [3]:372
[0]:199702229 [1]:27740658 [2]:108 [3]:362
[0]:199892431 [1]:27773421 [2]:107 [3]:359
[0]:200087839 [1]:27807032 [2]:107 [3]:53
[0]:200282005 [1]:27840443 [2]:107 [3]:59
[0]:200479989 [1]:27874623 [2]:107 [3]:59
[0]:200685219 [1]:27910104 [2]:107 [3]:368
[0]:200825029 [1]:27934284 [2]:107 [3]:359
[0]:200825029 [1]:27934284 [2]:107 [3]:359
[0]:200825029 [1]:27934284 [2]:107 [3]:359
[0]:200825029 [1]:27934284 [2]:107 [3]:359
[0]:200825029 [1]:27934284 [2]:107 [3]:359
[0]:200825029 [1]:27934284 [2]:107 [3]:359
[0]:200825029 [1]:27934284 [2]:107 [3]:359
[0]:200825029 [1]:27934284 [2]:107 [3]:359
[0]:200825029 [1]:27934284 [2]:107 [3]:359
[0]:200825029 [1]:27934284 [2]:107 [3]:359
[0]:200825029 [1]:27934284 [2]:107 [3]:359
[0]:200825029 [1]:27934284 [2]:107 [3]:359
