[0]:85088570 [1]:13813789 [2]:75 [3]:355
[0]:85331699 [1]:13856980 [2]:75 [3]:371
[0]:85536552 [1]:13887380 [2]:75 [3]:365
[0]:85741894 [1]:13917826 [2]:75 [3]:368
[0]:85946691 [1]:13948292 [2]:75 [3]:361
[0]:86151790 [1]:13978754 [2]:75 [3]:81
[0]:86368387 [1]:14010904 [2]:75 [3]:359
[0]:86569336 [1]:14040734 [2]:75 [3]:362
[0]:86770416 [1]:14070546 [2]:75 [3]:363
[0]:86979024 [1]:14101556 [2]:75 [3]:359
[0]:87199554 [1]:14134241 [2]:75 [3]:71
[0]:87404823 [1]:14164771 [2]:75 [3]:356
[0]:87613641 [1]:14195763 [2]:75 [3]:360
[0]:87829847 [1]:14227846 [2]:75 [3]:360
[0]:88055016 [1]:14261323 [2]:75 [3]:81
[0]:88258531 [1]:14291461 [2]:75 [3]:368
[0]:88497893 [1]:14327120 [2]:75 [3]:363
[0]:88707004 [1]:14358144 [2]:75 [3]:91
[0]:88910032 [1]:14388232 [2]:75 [3]:365
[0]:89126722 [1]:14420461 [2]:75 [3]:359
[0]:89331643 [1]:14450903 [2]:75 [3]:369
[0]:89540499 [1]:14481909 [2]:75 [3]:373
[0]:89744732 [1]:14512361 [2]:75 [3]:370
[0]:89947320 [1]:14542466 [2]:75 [3]:370
[0]:90147066 [1]:14572131 [2]:75 [3]:361
[0]:90352151 [1]:14602673 [2]:75 [3]:357
[0]:90576604 [1]:14635957 [2]:75 [3]:360
[0]:90788962 [1]:14667482 [2]:75 [3]:360
[0]:90994361 [1]:14697974 [2]:75 [3]:356
[0]:91198686 [1]:14728350 [2]:75 [3]:364
[0]:91426474 [1]:14762170 [2]:75 [3]:362
[0]:91638199 [1]:14793542 [2]:75 [3]:361
[0]:91840356 [1]:14823497 [2]:75 [3]:367
[0]:92046834 [1]:14854079 [2]:75 [3]:372
[0]:92322239 [1]:14894927 [2]:75 [3]:366
[0]:92527616 [1]:14925371 [2]:75 [3]:86
[0]:92736446 [1]:14956335 [2]:75 [3]:355
[0]:92949332 [1]:14987946 [2]:75 [3]:373
[0]:93181869 [1]:15022401 [2]:75 [3]:360
[0]:93397825 [1]:15054417 [2]:75 [3]:366
[0]:93634763 [1]:15089533 [2]:75 [3]:77
[0]:93839822 [1]:15120076 [2]:75 [3]:357
[0]:94048410 [1]:15151372 [2]:75 [3]:82
[0]:94265305 [1]:15183563 [2]:75 [3]:365
[0]:94481972 [1]:15215719 [2]:75 [3]:366
[0]:94710240 [1]:15249642 [2]:75 [3]:86
[0]:94911415 [1]:15279523 [2]:75 [3]:72
[0]:95112483 [1]:15309342 [2]:75 [3]:76
[0]:95375545 [1]:15348358 [2]:75 [3]:358
[0]:95581265 [1]:15378880 [2]:75 [3]:362
[0]:95781753 [1]:15408725 [2]:75 [3]:362
[0]:95986895 [1]:15439324 [2]:75 [3]:76
[0]:96192065 [1]:15469739 [2]:75 [3]:361
[0]:96397044 [1]:15500147 [2]:75 [3]:357
[0]:96605849 [1]:15531083 [2]:75 [3]:369
[0]:96818191 [1]:15562604 [2]:75 [3]:365
[0]:97040854 [1]:15595572 [2]:75 [3]:360
[0]:97248361 [1]:15626368 [2]:75 [3]:363
[0]:97445502 [1]:15655523 [2]:75 [3]:368
[0]:97658295 [1]:15687244 [2]:75 [3]:360
[0]:97866974 [1]:15718248 [2]:75 [3]:373
[0]:98079820 [1]:15749814 [2]:75 [3]:89
[0]:98288256 [1]:15780748 [2]:75 [3]:366
[0]:98503922 [1]:15812611 [2]:75 [3]:369
[0]:98705277 [1]:15842408 [2]:75 [3]:359
[0]:98935019 [1]:15876592 [2]:75 [3]:359
[0]:99139922 [1]:15907057 [2]:75 [3]:366
[0]:99368578 [1]:15941027 [2]:75 [3]:362
[0]:99577249 [1]:15971977 [2]:75 [3]:372
[0]:99788130 [1]:16003336 [2]:75 [3]:361
[0]:99995106 [1]:16033988 [2]:75 [3]:370
[0]:100204030 [1]:16064950 [2]:75 [3]:373
[0]:100410184 [1]:16095565 [2]:75 [3]:360
[0]:100621524 [1]:16126891 [2]:75 [3]:363
[0]:100824451 [1]:16157161 [2]:75 [3]:355
[0]:101035351 [1]:16188451 [2]:75 [3]:363
[0]:101247518 [1]:16219934 [2]:75 [3]:355
[0]:101453059 [1]:16250461 [2]:75 [3]:364
[0]:101658385 [1]:16280879 [2]:75 [3]:366
[0]:101870926 [1]:16312441 [2]:75 [3]:367
[0]:102071685 [1]:16342212 [2]:75 [3]:359
[0]:102270892 [1]:16371710 [2]:75 [3]:361
[0]:102485596 [1]:16403518 [2]:75 [3]:368
[0]:102736180 [1]:16440735 [2]:75 [3]:365
[0]:102938846 [1]:16470856 [2]:75 [3]:368
[0]:103147777 [1]:16501812 [2]:75 [3]:362
[0]:103360178 [1]:16533336 [2]:75 [3]:371
[0]:103566624 [1]:16563971 [2]:75 [3]:364
[0]:103769427 [1]:16594097 [2]:75 [3]:368
[0]:103976236 [1]:16624937 [2]:75 [3]:357
[0]:104186412 [1]:16656335 [2]:75 [3]:366
[0]:104454377 [1]:16696090 [2]:75 [3]:82
[0]:104675568 [1]:16728842 [2]:75 [3]:368
[0]:104881301 [1]:16759578 [2]:75 [3]:80
[0]:105101782 [1]:16792195 [2]:75 [3]:359
[0]:105302962 [1]:16822008 [2]:75 [3]:360
[0]:105507003 [1]:16852299 [2]:75 [3]:372
[0]:105715092 [1]:16883339 [2]:75 [3]:367
[0]:105917862 [1]:16913456 [2]:75 [3]:72
[0]:106132173 [1]:16945232 [2]:75 [3]:362
[0]:106344025 [1]:16976663 [2]:75 [3]:367
[0]:106560154 [1]:17008791 [2]:75 [3]:365
[0]:106780811 [1]:17041590 [2]:75 [3]:357
[0]:106985171 [1]:17071833 [2]:75 [3]:363
[0]:107230162 [1]:17108148 [2]:75 [3]:361
[0]:107438919 [1]:17139237 [2]:75 [3]:358
[0]:107642735 [1]:17169398 [2]:75 [3]:363
[0]:107852475 [1]:17200631 [2]:75 [3]:352
[0]:108057661 [1]:17231052 [2]:75 [3]:362
[0]:108263551 [1]:17261591 [2]:75 [3]:356
[0]:108467541 [1]:17291834 [2]:75 [3]:362
[0]:108680278 [1]:17323482 [2]:75 [3]:364
[0]:108885149 [1]:17353867 [2]:75 [3]:370
[0]:109086179 [1]:17383671 [2]:75 [3]:371
[0]:109359817 [1]:17424291 [2]:75 [3]:356
[0]:109561123 [1]:17454113 [2]:75 [3]:92
[0]:109766075 [1]:17484447 [2]:75 [3]:371
[0]:109984511 [1]:17516815 [2]:75 [3]:359
[0]:110189546 [1]:17547230 [2]:75 [3]:370
[0]:110392976 [1]:17577461 [2]:75 [3]:84
[0]:110626734 [1]:17612302 [2]:75 [3]:366
[0]:110836056 [1]:17643345 [2]:75 [3]:370
[0]:111052451 [1]:17675448 [2]:75 [3]:359
[0]:111319670 [1]:17715011 [2]:75 [3]:78
[0]:111545072 [1]:17748448 [2]:75 [3]:364
[0]:111754486 [1]:17779453 [2]:75 [3]:363
[0]:111950660 [1]:17808487 [2]:75 [3]:368
[0]:112154462 [1]:17838598 [2]:75 [3]:371
[0]:112365202 [1]:17869842 [2]:75 [3]:359
[0]:112570072 [1]:17900270 [2]:75 [3]:83
[0]:112777996 [1]:17931163 [2]:75 [3]:369
[0]:112985500 [1]:17962041 [2]:75 [3]:369
[0]:113188447 [1]:17992346 [2]:75 [3]:373
[0]:113393589 [1]:18022722 [2]:75 [3]:358
[0]:113594400 [1]:18052433 [2]:75 [3]:87
[0]:113826344 [1]:18086921 [2]:75 [3]:367
[0]:114032092 [1]:18117503 [2]:75 [3]:365
[0]:114244737 [1]:18148983 [2]:75 [3]:361
[0]:114449471 [1]:18179317 [2]:75 [3]:366
