[0]:14540761 [1]:1521560 [2]:88 [3]:356
[0]:14771305 [1]:1538301 [2]:88 [3]:370
[0]:14985887 [1]:1553897 [2]:86 [3]:89
[0]:15220400 [1]:1571161 [2]:86 [3]:78
[0]:15446494 [1]:1587803 [2]:86 [3]:373
[0]:15672957 [1]:1604295 [2]:86 [3]:362
[0]:15893583 [1]:1627375 [2]:86 [3]:373
[0]:16110089 [1]:1651134 [2]:86 [3]:356
[0]:16342628 [1]:1676779 [2]:86 [3]:90
[0]:16554212 [1]:1700201 [2]:86 [3]:355
[0]:16768703 [1]:1723947 [2]:85 [3]:361
[0]:16969434 [1]:1746285 [2]:85 [3]:363
[0]:17195014 [1]:1771199 [2]:85 [3]:375
[0]:17401697 [1]:1794262 [2]:85 [3]:366
[0]:17614443 [1]:1818054 [2]:85 [3]:75
[0]:17817766 [1]:1840526 [2]:85 [3]:363
[0]:18049041 [1]:1866186 [2]:85 [3]:369
[0]:18303049 [1]:1894249 [2]:85 [3]:95
[0]:18522210 [1]:1918370 [2]:85 [3]:359
[0]:18733115 [1]:1942743 [2]:85 [3]:365
[0]:18945003 [1]:1974200 [2]:85 [3]:368
[0]:19145986 [1]:2004089 [2]:86 [3]:365
[0]:19347015 [1]:2033851 [2]:86 [3]:78
[0]:19548010 [1]:2063744 [2]:86 [3]:366
[0]:19826032 [1]:2105120 [2]:86 [3]:72
[0]:20032651 [1]:2135777 [2]:86 [3]:361
[0]:20253166 [1]:2168449 [2]:86 [3]:372
[0]:20462038 [1]:2199537 [2]:86 [3]:360
[0]:20679929 [1]:2231854 [2]:86 [3]:369
[0]:20901227 [1]:2264679 [2]:86 [3]:373
[0]:21111197 [1]:2295829 [2]:86 [3]:372
[0]:21325073 [1]:2327556 [2]:86 [3]:356
[0]:21529289 [1]:2357961 [2]:86 [3]:368
[0]:21738882 [1]:2389197 [2]:86 [3]:371
[0]:21951751 [1]:2420789 [2]:86 [3]:367
[0]:22160193 [1]:2451666 [2]:86 [3]:359
[0]:22374201 [1]:2483474 [2]:86 [3]:371
[0]:22574307 [1]:2513163 [2]:86 [3]:368
[0]:22788746 [1]:2545005 [2]:92 [3]:85
[0]:22995821 [1]:2575751 [2]:92 [3]:367
[0]:23208762 [1]:2607281 [2]:92 [3]:362
[0]:23479862 [1]:2647489 [2]:92 [3]:367
[0]:23685423 [1]:2677968 [2]:92 [3]:80
[0]:23894592 [1]:2708943 [2]:92 [3]:364
[0]:24104744 [1]:2740065 [2]:92 [3]:370
[0]:24311137 [1]:2770598 [2]:92 [3]:367
[0]:24521076 [1]:2801813 [2]:92 [3]:363
[0]:24747388 [1]:2835419 [2]:92 [3]:79
[0]:24974348 [1]:2869029 [2]:92 [3]:361
[0]:25185623 [1]:2900515 [2]:92 [3]:366
[0]:25392194 [1]:2931079 [2]:92 [3]:358
[0]:25616784 [1]:2964360 [2]:92 [3]:363
[0]:25833585 [1]:2996523 [2]:92 [3]:371
[0]:26053783 [1]:3029230 [2]:92 [3]:363
[0]:26262445 [1]:3060141 [2]:97 [3]:362
[0]:26491487 [1]:3094101 [2]:97 [3]:372
[0]:26692122 [1]:3123799 [2]:97 [3]:361
[0]:26971222 [1]:3165135 [2]:97 [3]:368
[0]:27173478 [1]:3195167 [2]:97 [3]:369
[0]:27386204 [1]:3226762 [2]:97 [3]:362
[0]:27607179 [1]:3259468 [2]:97 [3]:370
[0]:27827609 [1]:3292112 [2]:97 [3]:357
[0]:28036575 [1]:3323079 [2]:97 [3]:359
[0]:28257102 [1]:3355803 [2]:97 [3]:366
[0]:28470095 [1]:3387448 [2]:97 [3]:359
[0]:28678943 [1]:3418404 [2]:97 [3]:83
[0]:28899624 [1]:3451158 [2]:97 [3]:365
[0]:29112300 [1]:3482797 [2]:97 [3]:81
[0]:29348951 [1]:3517931 [2]:97 [3]:375
[0]:29559947 [1]:3549301 [2]:97 [3]:365
[0]:29776751 [1]:3581516 [2]:97 [3]:368
[0]:30022815 [1]:3618072 [2]:102 [3]:365
[0]:30277542 [1]:3655872 [2]:102 [3]:362
