[0]:161291259 [1]:19790445 [2]:92 [3]:364
[0]:161496936 [1]:19837960 [2]:92 [3]:60
[0]:161698472 [1]:19884490 [2]:92 [3]:54
[0]:161895865 [1]:19930015 [2]:92 [3]:364
[0]:162079685 [1]:19972483 [2]:92 [3]:60
[0]:162288342 [1]:20020639 [2]:92 [3]:357
[0]:162500729 [1]:20069731 [2]:92 [3]:356
[0]:162698318 [1]:20115383 [2]:92 [3]:358
[0]:162896589 [1]:20161111 [2]:92 [3]:362
[0]:163094384 [1]:20206842 [2]:92 [3]:359
[0]:163292178 [1]:20252531 [2]:92 [3]:360
[0]:163486518 [1]:20297435 [2]:92 [3]:358
[0]:163685071 [1]:20343198 [2]:92 [3]:360
[0]:163881891 [1]:20388676 [2]:92 [3]:359
[0]:164083250 [1]:20435218 [2]:92 [3]:361
[0]:164303594 [1]:20486175 [2]:92 [3]:57
[0]:164501278 [1]:20531850 [2]:92 [3]:361
[0]:164691913 [1]:20575814 [2]:92 [3]:353
[0]:164905538 [1]:20625183 [2]:92 [3]:354
[0]:165102389 [1]:20670697 [2]:92 [3]:358
[0]:165292731 [1]:20714706 [2]:92 [3]:358
[0]:165488805 [1]:20759966 [2]:92 [3]:363
[0]:165677054 [1]:20803400 [2]:92 [3]:370
[0]:165870808 [1]:20848148 [2]:92 [3]:362
[0]:166058825 [1]:20891574 [2]:92 [3]:364
[0]:166252027 [1]:20936176 [2]:92 [3]:363
[0]:166443996 [1]:20980534 [2]:92 [3]:359
[0]:166640277 [1]:21025829 [2]:92 [3]:364
[0]:166838020 [1]:21071591 [2]:92 [3]:56
[0]:167035145 [1]:21117167 [2]:92 [3]:368
[0]:167241817 [1]:21164912 [2]:92 [3]:365
[0]:167438756 [1]:21210288 [2]:92 [3]:359
[0]:167640386 [1]:21256931 [2]:92 [3]:364
[0]:167840946 [1]:21303312 [2]:92 [3]:362
[0]:168032302 [1]:21347563 [2]:92 [3]:364
[0]:168237481 [1]:21394994 [2]:92 [3]:365
[0]:168431739 [1]:21439828 [2]:92 [3]:361
[0]:168632956 [1]:21486374 [2]:92 [3]:363
[0]:168830989 [1]:21532148 [2]:92 [3]:358
[0]:169036314 [1]:21579704 [2]:92 [3]:57
[0]:169234138 [1]:21625363 [2]:92 [3]:362
[0]:169439635 [1]:21672777 [2]:92 [3]:351
[0]:169636703 [1]:21718306 [2]:92 [3]:366
[0]:169835113 [1]:21764096 [2]:92 [3]:70
[0]:170029008 [1]:21808898 [2]:92 [3]:370
[0]:170226837 [1]:21854629 [2]:92 [3]:358
[0]:170428411 [1]:21901209 [2]:92 [3]:364
[0]:170628489 [1]:21947366 [2]:92 [3]:362
[0]:170827921 [1]:21993512 [2]:92 [3]:365
[0]:171025792 [1]:22039237 [2]:92 [3]:361
[0]:171227223 [1]:22085698 [2]:92 [3]:370
[0]:171428974 [1]:22132332 [2]:92 [3]:354
[0]:171618168 [1]:22176048 [2]:98 [3]:359
[0]:171816955 [1]:22222018 [2]:98 [3]:369
[0]:172044727 [1]:22274623 [2]:98 [3]:363
[0]:172238794 [1]:22319363 [2]:98 [3]:363
[0]:172438765 [1]:22365557 [2]:98 [3]:361
[0]:172633556 [1]:22410529 [2]:98 [3]:356
[0]:172832054 [1]:22456374 [2]:98 [3]:359
[0]:173099278 [1]:22518025 [2]:98 [3]:365
[0]:173289634 [1]:22562007 [2]:98 [3]:365
[0]:173482831 [1]:22606638 [2]:98 [3]:361
[0]:173683164 [1]:22652912 [2]:98 [3]:354
[0]:173877146 [1]:22697748 [2]:98 [3]:359
[0]:174065952 [1]:22741319 [2]:98 [3]:357
[0]:174261768 [1]:22786569 [2]:98 [3]:362
[0]:174467094 [1]:22834031 [2]:98 [3]:362
[0]:174668828 [1]:22880661 [2]:98 [3]:357
[0]:174907552 [1]:22935758 [2]:98 [3]:369
[0]:175097221 [1]:22979559 [2]:98 [3]:361
[0]:175295715 [1]:23025412 [2]:98 [3]:362
[0]:175486284 [1]:23069469 [2]:98 [3]:60
[0]:175686942 [1]:23115810 [2]:98 [3]:363
[0]:175881419 [1]:23160669 [2]:98 [3]:364
[0]:176105715 [1]:23212496 [2]:98 [3]:57
[0]:176355824 [1]:23270231 [2]:98 [3]:362
[0]:176553439 [1]:23315861 [2]:98 [3]:357
[0]:176747221 [1]:23360536 [2]:98 [3]:365
[0]:176944325 [1]:23406088 [2]:98 [3]:360
[0]:177143313 [1]:23452064 [2]:98 [3]:366
[0]:177356162 [1]:23501161 [2]:98 [3]:364
[0]:177552001 [1]:23546421 [2]:98 [3]:61
[0]:177744319 [1]:23590781 [2]:98 [3]:357
[0]:177945929 [1]:23637353 [2]:98 [3]:360
[0]:178143629 [1]:23682986 [2]:98 [3]:363
[0]:178402294 [1]:23742749 [2]:98 [3]:365
[0]:178594494 [1]:23787059 [2]:98 [3]:366
[0]:178842347 [1]:23844297 [2]:98 [3]:359
[0]:179028368 [1]:23887307 [2]:98 [3]:363
[0]:179222499 [1]:23932179 [2]:98 [3]:361
[0]:179405308 [1]:23974434 [2]:98 [3]:366
[0]:179607010 [1]:24021027 [2]:98 [3]:361
[0]:179804678 [1]:24066762 [2]:98 [3]:361
[0]:179998654 [1]:24111517 [2]:98 [3]:52
[0]:180247273 [1]:24168958 [2]:98 [3]:360
[0]:180438968 [1]:24213267 [2]:98 [3]:54
[0]:180627392 [1]:24256741 [2]:98 [3]:357
[0]:180819797 [1]:24301257 [2]:98 [3]:57
[0]:181020549 [1]:24347662 [2]:98 [3]:366
[0]:181211783 [1]:24391838 [2]:98 [3]:366
[0]:181482961 [1]:24454441 [2]:98 [3]:364
[0]:181689424 [1]:24502135 [2]:98 [3]:367
[0]:181887121 [1]:24547905 [2]:98 [3]:361
[0]:182073993 [1]:24591111 [2]:98 [3]:360
[0]:182290176 [1]:24641063 [2]:98 [3]:356
[0]:182478939 [1]:24684617 [2]:98 [3]:368
[0]:182682112 [1]:24731558 [2]:98 [3]:60
[0]:182883733 [1]:24778121 [2]:104 [3]:60
[0]:183081721 [1]:24823845 [2]:104 [3]:360
[0]:183279561 [1]:24869498 [2]:104 [3]:354
[0]:183469953 [1]:24913496 [2]:104 [3]:360
[0]:183660024 [1]:24957382 [2]:104 [3]:368
[0]:183876239 [1]:25007319 [2]:104 [3]:362
[0]:184074302 [1]:25053168 [2]:104 [3]:358
[0]:184272429 [1]:25098881 [2]:104 [3]:363
[0]:184470262 [1]:25144544 [2]:104 [3]:358
[0]:184671801 [1]:25191089 [2]:104 [3]:55
[0]:184868598 [1]:25236573 [2]:104 [3]:362
[0]:185058085 [1]:25280453 [2]:104 [3]:364
[0]:185257117 [1]:25326297 [2]:104 [3]:373
[0]:185460175 [1]:25373200 [2]:104 [3]:357
[0]:185653359 [1]:25417853 [2]:104 [3]:364
[0]:185843706 [1]:25461916 [2]:104 [3]:363
[0]:186037499 [1]:25506675 [2]:104 [3]:363
[0]:186237832 [1]:25552936 [2]:104 [3]:363
[0]:186437171 [1]:25599000 [2]:104 [3]:358
[0]:186634960 [1]:25644732 [2]:104 [3]:57
[0]:186825028 [1]:25688643 [2]:104 [3]:362
[0]:187034643 [1]:25737019 [2]:104 [3]:369
[0]:187253594 [1]:25787616 [2]:104 [3]:364
[0]:187452330 [1]:25833535 [2]:104 [3]:357
[0]:187650144 [1]:25879222 [2]:104 [3]:360
[0]:187851722 [1]:25925818 [2]:104 [3]:361
[0]:188064564 [1]:25974939 [2]:104 [3]:361
[0]:188260804 [1]:26020318 [2]:104 [3]:54
[0]:188456474 [1]:26065529 [2]:104 [3]:357
[0]:188639176 [1]:26107715 [2]:104 [3]:363
[0]:188836901 [1]:26153404 [2]:104 [3]:63
[0]:189031255 [1]:26198244 [2]:104 [3]:56
[0]:189217812 [1]:26241411 [2]:104 [3]:365
[0]:189415573 [1]:26287165 [2]:104 [3]:362
[0]:189613438 [1]:26332910 [2]:104 [3]:368
[0]:189807608 [1]:26377716 [2]:104 [3]:362
[0]:190018590 [1]:26426466 [2]:104 [3]:64
[0]:190223881 [1]:26473905 [2]:104 [3]:367
[0]:190419578 [1]:26519104 [2]:104 [3]:359
[0]:190628595 [1]:26567415 [2]:104 [3]:59
[0]:190826450 [1]:26613081 [2]:104 [3]:60
[0]:191016890 [1]:26657069 [2]:104 [3]:360
[0]:191240193 [1]:26708739 [2]:104 [3]:357
[0]:191442247 [1]:26755430 [2]:104 [3]:365
[0]:191640025 [1]:26801110 [2]:104 [3]:361
[0]:191835979 [1]:26846275 [2]:104 [3]:369
[0]:192035534 [1]:26892414 [2]:104 [3]:359
[0]:192224090 [1]:26935962 [2]:104 [3]:364
[0]:192427681 [1]:26982997 [2]:104 [3]:362
[0]:192621730 [1]:27027771 [2]:104 [3]:362
[0]:192836152 [1]:27077339 [2]:104 [3]:362
[0]:193026907 [1]:27121477 [2]:104 [3]:364
[0]:193222615 [1]:27166679 [2]:104 [3]:362
[0]:193438830 [1]:27216666 [2]:104 [3]:365
[0]:193641008 [1]:27263331 [2]:104 [3]:359
[0]:193886660 [1]:27320166 [2]:104 [3]:354
[0]:194088208 [1]:27366790 [2]:109 [3]:363
[0]:194287560 [1]:27412830 [2]:109 [3]:352
[0]:194482369 [1]:27457847 [2]:109 [3]:359
[0]:194678226 [1]:27503043 [2]:109 [3]:58
[0]:194872285 [1]:27547925 [2]:109 [3]:364
[0]:195114864 [1]:27604010 [2]:109 [3]:366
[0]:195319860 [1]:27651441 [2]:109 [3]:361
[0]:195532974 [1]:27700604 [2]:109 [3]:363
[0]:195730933 [1]:27746283 [2]:109 [3]:62
[0]:195932388 [1]:27792777 [2]:109 [3]:364
[0]:196128258 [1]:27838010 [2]:109 [3]:363
[0]:196337595 [1]:27886291 [2]:109 [3]:368
[0]:196536765 [1]:27932273 [2]:109 [3]:353
[0]:196733202 [1]:27977719 [2]:109 [3]:363
[0]:196930502 [1]:28023306 [2]:109 [3]:361
[0]:197134097 [1]:28070405 [2]:109 [3]:366
[0]:197328297 [1]:28115247 [2]:109 [3]:365
[0]:197514958 [1]:28158353 [2]:109 [3]:356
[0]:197712569 [1]:28204008 [2]:109 [3]:354
[0]:197928746 [1]:28253965 [2]:109 [3]:361
[0]:198130755 [1]:28300625 [2]:109 [3]:60
[0]:198327619 [1]:28346097 [2]:109 [3]:367
[0]:198528116 [1]:28392414 [2]:109 [3]:66
[0]:198716748 [1]:28436011 [2]:109 [3]:362
[0]:198915024 [1]:28481885 [2]:109 [3]:367
[0]:199121454 [1]:28529579 [2]:109 [3]:366
[0]:199332496 [1]:28578375 [2]:109 [3]:355
[0]:199524978 [1]:28622903 [2]:109 [3]:362
[0]:199720748 [1]:28668084 [2]:109 [3]:360
[0]:199907019 [1]:28711077 [2]:109 [3]:363
[0]:200097774 [1]:28755046 [2]:109 [3]:59
[0]:200297275 [1]:28801091 [2]:109 [3]:364
[0]:200489474 [1]:28845555 [2]:109 [3]:354
[0]:200724668 [1]:28899925 [2]:109 [3]:361
[0]:200918536 [1]:28944754 [2]:109 [3]:358
[0]:200951943 [1]:28952503 [2]:109 [3]:361
[0]:200951943 [1]:28952503 [2]:109 [3]:361
[0]:200951943 [1]:28952503 [2]:109 [3]:361
[0]:200951943 [1]:28952503 [2]:109 [3]:361
[0]:200951943 [1]:28952503 [2]:109 [3]:361
[0]:200951943 [1]:28952503 [2]:109 [3]:361
[0]:200951943 [1]:28952503 [2]:109 [3]:361
[0]:200951943 [1]:28952503 [2]:109 [3]:361
[0]:200951943 [1]:28952503 [2]:109 [3]:361
[0]:200951943 [1]:28952503 [2]:109 [3]:361
[0]:200951943 [1]:28952503 [2]:109 [3]:361
