[0]:80335146 [1]:10775635 [2]:124 [3]:361
[0]:80532912 [1]:10821276 [2]:124 [3]:358
[0]:80735683 [1]:10868143 [2]:124 [3]:369
[0]:80932389 [1]:10913505 [2]:124 [3]:366
[0]:81128600 [1]:10958836 [2]:124 [3]:361
[0]:81319019 [1]:11002803 [2]:124 [3]:359
[0]:81518209 [1]:11048863 [2]:124 [3]:365
[0]:81715108 [1]:11094303 [2]:124 [3]:365
[0]:81947838 [1]:11148073 [2]:127 [3]:357
[0]:82141883 [1]:11192921 [2]:127 [3]:361
[0]:82335840 [1]:11237690 [2]:127 [3]:360
[0]:82533679 [1]:11283370 [2]:127 [3]:57
[0]:82723913 [1]:11327233 [2]:127 [3]:361
[0]:82911081 [1]:11370639 [2]:127 [3]:361
[0]:83103584 [1]:11415162 [2]:127 [3]:359
[0]:83306301 [1]:11461991 [2]:127 [3]:369
[0]:83500872 [1]:11506968 [2]:127 [3]:359
[0]:83693162 [1]:11551281 [2]:127 [3]:360
[0]:83891966 [1]:11597221 [2]:127 [3]:358
[0]:84082570 [1]:11641289 [2]:127 [3]:363
[0]:84271610 [1]:11684914 [2]:127 [3]:360
[0]:84466885 [1]:11730047 [2]:127 [3]:356
[0]:84706617 [1]:11785343 [2]:130 [3]:361
[0]:84929909 [1]:11836942 [2]:130 [3]:359
[0]:85126558 [1]:11882374 [2]:130 [3]:56
[0]:85321778 [1]:11927454 [2]:130 [3]:57
[0]:85512366 [1]:11971399 [2]:130 [3]:364
[0]:85713825 [1]:12017975 [2]:130 [3]:366
[0]:85905555 [1]:12062298 [2]:130 [3]:56
[0]:86101675 [1]:12107584 [2]:130 [3]:353
[0]:86297564 [1]:12152837 [2]:130 [3]:370
[0]:86530516 [1]:12206634 [2]:130 [3]:56
[0]:86736318 [1]:12254167 [2]:130 [3]:360
[0]:86952777 [1]:12304174 [2]:130 [3]:357
[0]:87152148 [1]:12350191 [2]:130 [3]:367
[0]:87356051 [1]:12397221 [2]:130 [3]:356
[0]:87548939 [1]:12441801 [2]:132 [3]:364
[0]:87754468 [1]:12489270 [2]:132 [3]:367
[0]:87971817 [1]:12539524 [2]:132 [3]:361
[0]:88161902 [1]:12583527 [2]:132 [3]:359
[0]:88349748 [1]:12626874 [2]:132 [3]:62
[0]:88574457 [1]:12678692 [2]:132 [3]:364
[0]:88781845 [1]:12726621 [2]:132 [3]:361
[0]:88979707 [1]:12772357 [2]:132 [3]:357
[0]:89173544 [1]:12817078 [2]:132 [3]:371
[0]:89366997 [1]:12861871 [2]:132 [3]:361
[0]:89558197 [1]:12906049 [2]:132 [3]:361
[0]:89751758 [1]:12950816 [2]:132 [3]:361
[0]:89950091 [1]:12996691 [2]:132 [3]:363
[0]:90151386 [1]:13043184 [2]:132 [3]:361
[0]:90360523 [1]:13091631 [2]:134 [3]:356
[0]:90550753 [1]:13135630 [2]:134 [3]:60
[0]:90740998 [1]:13179593 [2]:134 [3]:367
[0]:90941340 [1]:13225861 [2]:134 [3]:55
[0]:91136710 [1]:13270940 [2]:134 [3]:359
[0]:91330993 [1]:13315845 [2]:134 [3]:358
[0]:91528868 [1]:13361564 [2]:134 [3]:55
[0]:91722817 [1]:13406341 [2]:134 [3]:353
[0]:91916900 [1]:13451198 [2]:134 [3]:358
[0]:92140930 [1]:13502902 [2]:134 [3]:362
[0]:92367306 [1]:13555225 [2]:134 [3]:357
[0]:92558698 [1]:13599480 [2]:134 [3]:50
[0]:92778994 [1]:13650427 [2]:134 [3]:359
[0]:92980526 [1]:13696936 [2]:134 [3]:367
[0]:93193384 [1]:13746107 [2]:136 [3]:363
[0]:93380016 [1]:13789172 [2]:136 [3]:361
[0]:93574091 [1]:13834001 [2]:136 [3]:360
[0]:93768301 [1]:13878884 [2]:136 [3]:361
[0]:93957364 [1]:13922525 [2]:136 [3]:363
[0]:94153288 [1]:13967797 [2]:136 [3]:363
[0]:94339306 [1]:14010777 [2]:136 [3]:364
[0]:94530030 [1]:14054788 [2]:136 [3]:362
[0]:94727122 [1]:14100348 [2]:136 [3]:364
[0]:94921795 [1]:14145211 [2]:136 [3]:363
[0]:95119330 [1]:14190830 [2]:136 [3]:366
[0]:95309856 [1]:14234841 [2]:136 [3]:364
[0]:95509635 [1]:14280974 [2]:136 [3]:367
[0]:95697933 [1]:14324477 [2]:136 [3]:358
[0]:95886311 [1]:14367892 [2]:136 [3]:361
[0]:96108611 [1]:14419307 [2]:138 [3]:366
[0]:96295143 [1]:14462409 [2]:138 [3]:360
[0]:96489282 [1]:14507264 [2]:138 [3]:362
[0]:96710577 [1]:14558272 [2]:138 [3]:365
[0]:96903508 [1]:14602879 [2]:138 [3]:365
[0]:97099144 [1]:14648188 [2]:138 [3]:356
[0]:97297874 [1]:14694111 [2]:138 [3]:60
[0]:97487437 [1]:14737917 [2]:138 [3]:364
[0]:97679560 [1]:14782213 [2]:138 [3]:364
[0]:97870320 [1]:14826351 [2]:138 [3]:363
[0]:98085720 [1]:14876154 [2]:138 [3]:361
[0]:98280895 [1]:14921204 [2]:138 [3]:355
[0]:98478350 [1]:14966847 [2]:138 [3]:65
[0]:98676205 [1]:15012501 [2]:138 [3]:368
[0]:98870508 [1]:15057418 [2]:140 [3]:357
[0]:99075828 [1]:15104862 [2]:140 [3]:356
[0]:99322149 [1]:15161790 [2]:140 [3]:354
[0]:99531164 [1]:15210020 [2]:140 [3]:356
[0]:99764457 [1]:15263892 [2]:140 [3]:362
[0]:99969483 [1]:15311258 [2]:140 [3]:361
[0]:100161763 [1]:15355694 [2]:140 [3]:357
[0]:100356392 [1]:15400616 [2]:140 [3]:358
[0]:100557680 [1]:15447040 [2]:140 [3]:358
[0]:100751579 [1]:15491812 [2]:140 [3]:365
[0]:100941554 [1]:15535708 [2]:140 [3]:55
[0]:101155804 [1]:15585194 [2]:140 [3]:60
[0]:101356457 [1]:15631566 [2]:140 [3]:365
[0]:101570445 [1]:15681033 [2]:141 [3]:364
[0]:101767012 [1]:15726500 [2]:141 [3]:57
[0]:101968505 [1]:15773027 [2]:141 [3]:365
[0]:102170128 [1]:15819620 [2]:141 [3]:363
[0]:102394665 [1]:15871480 [2]:141 [3]:364
[0]:102587803 [1]:15916108 [2]:141 [3]:59
[0]:102785918 [1]:15961906 [2]:141 [3]:359
[0]:102979572 [1]:16006648 [2]:141 [3]:359
[0]:103173808 [1]:16051487 [2]:141 [3]:365
[0]:103355771 [1]:16093523 [2]:141 [3]:359
[0]:103546579 [1]:16137605 [2]:141 [3]:360
[0]:103737726 [1]:16181802 [2]:141 [3]:364
[0]:103961420 [1]:16233474 [2]:141 [3]:364
[0]:104168611 [1]:16281332 [2]:141 [3]:364
[0]:104364665 [1]:16326702 [2]:142 [3]:360
[0]:104562164 [1]:16372341 [2]:142 [3]:361
[0]:104760241 [1]:16418104 [2]:142 [3]:357
[0]:104973236 [1]:16467330 [2]:142 [3]:359
[0]:105161031 [1]:16510681 [2]:142 [3]:358
[0]:105364450 [1]:16557758 [2]:142 [3]:65
[0]:105566455 [1]:16604494 [2]:142 [3]:366
[0]:105756699 [1]:16648455 [2]:142 [3]:63
[0]:105965542 [1]:16696670 [2]:142 [3]:364
[0]:106168488 [1]:16743523 [2]:142 [3]:365
[0]:106357617 [1]:16787283 [2]:142 [3]:357
[0]:106570379 [1]:16836423 [2]:142 [3]:365
[0]:106773266 [1]:16883315 [2]:142 [3]:354
[0]:107006511 [1]:16937089 [2]:142 [3]:367
[0]:107197345 [1]:16981142 [2]:143 [3]:362
[0]:107433301 [1]:17035643 [2]:143 [3]:361
[0]:107630449 [1]:17081204 [2]:143 [3]:359
[0]:107822520 [1]:17125625 [2]:143 [3]:361
[0]:108014996 [1]:17169999 [2]:143 [3]:359
[0]:108248807 [1]:17223997 [2]:143 [3]:363
[0]:108440165 [1]:17268250 [2]:143 [3]:359
[0]:108638144 [1]:17314059 [2]:143 [3]:58
[0]:108897017 [1]:17373846 [2]:143 [3]:363
[0]:109105005 [1]:17421916 [2]:143 [3]:63
[0]:109298836 [1]:17466690 [2]:143 [3]:60
[0]:109504212 [1]:17514115 [2]:143 [3]:356
[0]:109705868 [1]:17560632 [2]:143 [3]:360
[0]:109906063 [1]:17606924 [2]:143 [3]:362
[0]:110115113 [1]:17655283 [2]:144 [3]:359
[0]:110305558 [1]:17699276 [2]:144 [3]:363
[0]:110534300 [1]:17752133 [2]:144 [3]:357
[0]:110727433 [1]:17796707 [2]:144 [3]:360
[0]:110948635 [1]:17847816 [2]:144 [3]:363
[0]:111146033 [1]:17893438 [2]:144 [3]:366
[0]:111332943 [1]:17936605 [2]:144 [3]:356
[0]:111535406 [1]:17983401 [2]:144 [3]:60
[0]:111777252 [1]:18039215 [2]:144 [3]:364
[0]:111971332 [1]:18084075 [2]:144 [3]:357
[0]:112176570 [1]:18131479 [2]:144 [3]:362
[0]:112395373 [1]:18182000 [2]:144 [3]:360
[0]:112590660 [1]:18227046 [2]:144 [3]:365
[0]:112783342 [1]:18271582 [2]:145 [3]:361
[0]:112975370 [1]:18315955 [2]:145 [3]:363
[0]:113176654 [1]:18362467 [2]:145 [3]:364
[0]:113374602 [1]:18408276 [2]:145 [3]:362
[0]:113576246 [1]:18454803 [2]:145 [3]:362
[0]:113787067 [1]:18503542 [2]:145 [3]:353
[0]:114011157 [1]:18555319 [2]:145 [3]:363
[0]:114213679 [1]:18602105 [2]:145 [3]:354
[0]:114411996 [1]:18647896 [2]:145 [3]:358
[0]:114605278 [1]:18692547 [2]:145 [3]:356
[0]:114801875 [1]:18737997 [2]:145 [3]:362
[0]:115013139 [1]:18786759 [2]:145 [3]:55
[0]:115203555 [1]:18830752 [2]:145 [3]:358
[0]:115404562 [1]:18877162 [2]:145 [3]:359
[0]:115606363 [1]:18923825 [2]:146 [3]:61
[0]:115809624 [1]:18970837 [2]:146 [3]:361
[0]:116009286 [1]:19016989 [2]:146 [3]:367
[0]:116211254 [1]:19063628 [2]:146 [3]:362
[0]:116412860 [1]:19110088 [2]:146 [3]:360
[0]:116607020 [1]:19154920 [2]:146 [3]:366
[0]:116849619 [1]:19210997 [2]:146 [3]:358
[0]:117047488 [1]:19256746 [2]:146 [3]:358
[0]:117245031 [1]:19302261 [2]:146 [3]:368
[0]:117429680 [1]:19344875 [2]:146 [3]:365
[0]:117648251 [1]:19395366 [2]:146 [3]:352
[0]:117853496 [1]:19442824 [2]:146 [3]:360
[0]:118047378 [1]:19487662 [2]:146 [3]:358
[0]:118286502 [1]:19542829 [2]:146 [3]:356
[0]:118480643 [1]:19587633 [2]:147 [3]:367
[0]:118674125 [1]:19632377 [2]:147 [3]:361
[0]:118861384 [1]:19675603 [2]:147 [3]:359
[0]:119059089 [1]:19721259 [2]:147 [3]:369
[0]:119258244 [1]:19767311 [2]:147 [3]:353
