[0]:65071990 [1]:9782557 [2]:104 [3]:367
[0]:65284501 [1]:9804349 [2]:104 [3]:372
[0]:65489258 [1]:9825138 [2]:104 [3]:369
[0]:65733770 [1]:9850013 [2]:104 [3]:363
[0]:65946334 [1]:9871635 [2]:103 [3]:88
[0]:66178769 [1]:9895391 [2]:103 [3]:75
[0]:66389535 [1]:9916944 [2]:103 [3]:81
[0]:66593833 [1]:9937923 [2]:103 [3]:368
[0]:66808641 [1]:9959827 [2]:103 [3]:72
[0]:67017422 [1]:9981001 [2]:103 [3]:366
[0]:67222016 [1]:10001973 [2]:103 [3]:363
[0]:67427398 [1]:10022961 [2]:103 [3]:375
[0]:67639544 [1]:10044505 [2]:103 [3]:362
[0]:67860130 [1]:10067122 [2]:103 [3]:367
[0]:68064920 [1]:10087882 [2]:103 [3]:117
[0]:68273646 [1]:10109106 [2]:100 [3]:372
[0]:68478513 [1]:10129971 [2]:100 [3]:368
[0]:68675379 [1]:10150131 [2]:100 [3]:366
[0]:68879883 [1]:10170905 [2]:100 [3]:96
[0]:69088371 [1]:10192216 [2]:100 [3]:371
[0]:69293679 [1]:10213077 [2]:100 [3]:89
[0]:69498700 [1]:10233956 [2]:100 [3]:368
[0]:69703289 [1]:10254956 [2]:100 [3]:83
[0]:69903613 [1]:10275162 [2]:100 [3]:364
[0]:70117079 [1]:10296912 [2]:100 [3]:359
[0]:70328850 [1]:10318518 [2]:100 [3]:79
[0]:70549881 [1]:10341091 [2]:99 [3]:371
[0]:70754634 [1]:10361916 [2]:99 [3]:364
[0]:70959066 [1]:10382621 [2]:99 [3]:76
[0]:71172176 [1]:10404547 [2]:99 [3]:90
[0]:71453947 [1]:10433124 [2]:99 [3]:369
[0]:71664793 [1]:10454735 [2]:99 [3]:103
[0]:71861376 [1]:10475136 [2]:99 [3]:362
[0]:72062113 [1]:10495811 [2]:99 [3]:378
[0]:72318883 [1]:10522250 [2]:99 [3]:360
[0]:72530194 [1]:10543688 [2]:99 [3]:365
[0]:72746941 [1]:10565985 [2]:98 [3]:370
[0]:72951946 [1]:10586712 [2]:98 [3]:87
[0]:73168413 [1]:10608784 [2]:98 [3]:70
[0]:73408953 [1]:10633243 [2]:98 [3]:374
[0]:73621365 [1]:10655087 [2]:98 [3]:357
[0]:73833769 [1]:10677016 [2]:98 [3]:91
[0]:74038507 [1]:10697991 [2]:98 [3]:89
[0]:74258768 [1]:10720291 [2]:98 [3]:96
[0]:74471898 [1]:10741941 [2]:98 [3]:97
[0]:74699745 [1]:10765148 [2]:98 [3]:360
[0]:74904881 [1]:10786414 [2]:98 [3]:76
[0]:75113530 [1]:10807739 [2]:98 [3]:372
[0]:75326137 [1]:10829323 [2]:98 [3]:77
[0]:75542895 [1]:10851440 [2]:98 [3]:371
[0]:75759066 [1]:10873831 [2]:98 [3]:78
[0]:75965575 [1]:10895256 [2]:98 [3]:372
[0]:76214561 [1]:10920705 [2]:98 [3]:372
[0]:76416306 [1]:10941249 [2]:98 [3]:370
[0]:76632822 [1]:10963341 [2]:98 [3]:81
[0]:76853525 [1]:10985889 [2]:98 [3]:115
[0]:77060667 [1]:11007144 [2]:98 [3]:96
[0]:77265224 [1]:11027905 [2]:99 [3]:367
[0]:77474294 [1]:11049024 [2]:99 [3]:368
[0]:77684674 [1]:11070444 [2]:99 [3]:372
[0]:77888968 [1]:11091149 [2]:99 [3]:100
[0]:78097818 [1]:11112489 [2]:99 [3]:87
[0]:78307116 [1]:11133756 [2]:99 [3]:90
[0]:78524579 [1]:11155760 [2]:99 [3]:77
[0]:78724930 [1]:11176226 [2]:99 [3]:365
[0]:78933238 [1]:11197408 [2]:99 [3]:353
[0]:79144757 [1]:11218965 [2]:99 [3]:82
[0]:79358661 [1]:11240728 [2]:99 [3]:370
[0]:79567598 [1]:11261787 [2]:98 [3]:371
[0]:79780489 [1]:11283285 [2]:98 [3]:370
[0]:79989333 [1]:11304405 [2]:98 [3]:372
[0]:80192759 [1]:11325154 [2]:98 [3]:89
[0]:80398885 [1]:11346001 [2]:98 [3]:81
[0]:80611900 [1]:11367631 [2]:98 [3]:371
[0]:80840349 [1]:11390900 [2]:98 [3]:360
[0]:81044920 [1]:11411864 [2]:98 [3]:107
[0]:81246945 [1]:11432281 [2]:98 [3]:364
[0]:81450809 [1]:11453001 [2]:98 [3]:83
[0]:81655587 [1]:11473753 [2]:98 [3]:367
[0]:81860362 [1]:11494903 [2]:98 [3]:366
[0]:82064355 [1]:11515743 [2]:98 [3]:364
[0]:82277043 [1]:11537315 [2]:98 [3]:350
[0]:82547961 [1]:11565000 [2]:98 [3]:368
[0]:82749340 [1]:11585310 [2]:98 [3]:370
[0]:82955291 [1]:11606317 [2]:98 [3]:361
[0]:83164618 [1]:11627646 [2]:98 [3]:98
[0]:83368721 [1]:11648317 [2]:98 [3]:375
[0]:83581697 [1]:11669982 [2]:98 [3]:357
[0]:83810235 [1]:11693225 [2]:98 [3]:86
[0]:84015374 [1]:11714188 [2]:98 [3]:85
[0]:84223607 [1]:11735512 [2]:98 [3]:381
[0]:84424327 [1]:11755997 [2]:98 [3]:90
[0]:84652812 [1]:11779250 [2]:98 [3]:373
[0]:84853725 [1]:11799761 [2]:98 [3]:93
[0]:85062120 [1]:11821047 [2]:98 [3]:354
[0]:85263447 [1]:11841657 [2]:98 [3]:368
[0]:85473654 [1]:11863139 [2]:98 [3]:368
[0]:85688416 [1]:11885197 [2]:98 [3]:362
[0]:85897112 [1]:11906348 [2]:98 [3]:95
[0]:86103879 [1]:11927385 [2]:98 [3]:353
[0]:86348106 [1]:11952265 [2]:98 [3]:371
[0]:86553072 [1]:11973364 [2]:98 [3]:359
[0]:86777085 [1]:11996109 [2]:98 [3]:368
[0]:86984013 [1]:12017305 [2]:98 [3]:363
[0]:87192929 [1]:12038556 [2]:98 [3]:368
[0]:87403131 [1]:12059920 [2]:98 [3]:97
[0]:87614262 [1]:12081508 [2]:98 [3]:87
[0]:87832888 [1]:12103887 [2]:98 [3]:362
[0]:88039508 [1]:12124875 [2]:98 [3]:378
[0]:88248042 [1]:12146359 [2]:98 [3]:111
[0]:88456652 [1]:12167869 [2]:98 [3]:367
[0]:88669122 [1]:12189446 [2]:99 [3]:84
[0]:88904440 [1]:12213444 [2]:99 [3]:371
[0]:89114104 [1]:12235229 [2]:99 [3]:362
[0]:89322840 [1]:12256483 [2]:99 [3]:367
[0]:89531193 [1]:12277463 [2]:99 [3]:360
[0]:89735673 [1]:12298017 [2]:99 [3]:75
[0]:89941655 [1]:12318940 [2]:99 [3]:371
[0]:90164910 [1]:12341694 [2]:99 [3]:79
[0]:90394643 [1]:12364987 [2]:99 [3]:363
[0]:90608032 [1]:12386699 [2]:99 [3]:359
[0]:90871696 [1]:12413628 [2]:99 [3]:370
[0]:91087584 [1]:12435732 [2]:98 [3]:81
[0]:91299819 [1]:12457393 [2]:98 [3]:370
[0]:91504958 [1]:12478327 [2]:98 [3]:373
[0]:91706206 [1]:12498574 [2]:98 [3]:85
[0]:91915040 [1]:12519826 [2]:98 [3]:375
[0]:92119601 [1]:12540548 [2]:98 [3]:362
[0]:92328689 [1]:12561788 [2]:98 [3]:370
[0]:92540119 [1]:12583417 [2]:98 [3]:366
[0]:92742177 [1]:12604011 [2]:98 [3]:360
[0]:92950924 [1]:12625293 [2]:98 [3]:88
[0]:93162795 [1]:12647050 [2]:98 [3]:366
[0]:93360408 [1]:12667306 [2]:98 [3]:369
[0]:93558753 [1]:12687517 [2]:98 [3]:360
[0]:93761655 [1]:12708456 [2]:98 [3]:75
[0]:93978274 [1]:12730612 [2]:98 [3]:371
[0]:94187278 [1]:12751757 [2]:98 [3]:81
[0]:94392222 [1]:12772454 [2]:98 [3]:360
[0]:94604983 [1]:12794029 [2]:98 [3]:82
[0]:94817736 [1]:12815697 [2]:98 [3]:90
[0]:95026063 [1]:12837226 [2]:98 [3]:94
[0]:95224948 [1]:12857478 [2]:98 [3]:85
[0]:95431326 [1]:12878510 [2]:98 [3]:366
[0]:95644230 [1]:12900187 [2]:98 [3]:96
[0]:95853061 [1]:12921413 [2]:98 [3]:363
[0]:96058219 [1]:12942306 [2]:98 [3]:365
[0]:96301471 [1]:12966959 [2]:98 [3]:364
[0]:96503046 [1]:12987804 [2]:98 [3]:73
[0]:96707736 [1]:13008836 [2]:98 [3]:357
[0]:96920500 [1]:13030428 [2]:98 [3]:372
[0]:97125129 [1]:13051489 [2]:98 [3]:91
[0]:97353520 [1]:13074741 [2]:98 [3]:80
[0]:97613323 [1]:13101057 [2]:98 [3]:369
[0]:97827658 [1]:13122823 [2]:98 [3]:87
[0]:98062160 [1]:13146556 [2]:98 [3]:77
[0]:98275414 [1]:13168355 [2]:98 [3]:365
[0]:98476300 [1]:13188784 [2]:98 [3]:365
[0]:98732268 [1]:13214966 [2]:98 [3]:99
[0]:98936868 [1]:13236239 [2]:98 [3]:366
[0]:99145458 [1]:13264836 [2]:98 [3]:360
[0]:99378495 [1]:13296725 [2]:98 [3]:371
[0]:99598188 [1]:13326626 [2]:98 [3]:373
[0]:99808184 [1]:13355414 [2]:98 [3]:366
[0]:100006680 [1]:13382505 [2]:98 [3]:368
[0]:100227633 [1]:13412638 [2]:98 [3]:366
[0]:100440200 [1]:13441586 [2]:98 [3]:365
[0]:100656665 [1]:13471183 [2]:98 [3]:366
[0]:100873615 [1]:13500855 [2]:110 [3]:371
[0]:101078193 [1]:13528864 [2]:110 [3]:362
[0]:101286847 [1]:13557279 [2]:110 [3]:364
[0]:101495534 [1]:13585810 [2]:110 [3]:76
[0]:101711506 [1]:13615282 [2]:110 [3]:85
[0]:101924548 [1]:13644346 [2]:110 [3]:366
[0]:102141078 [1]:13673883 [2]:110 [3]:82
[0]:102353651 [1]:13703022 [2]:110 [3]:360
[0]:102566273 [1]:13732099 [2]:110 [3]:362
[0]:102777161 [1]:13760899 [2]:110 [3]:361
[0]:102991445 [1]:13790157 [2]:110 [3]:374
[0]:103200031 [1]:13818592 [2]:110 [3]:369
[0]:103408789 [1]:13847062 [2]:110 [3]:363
[0]:103628795 [1]:13877188 [2]:110 [3]:369
[0]:103846881 [1]:13906879 [2]:110 [3]:371
[0]:104056885 [1]:13935476 [2]:110 [3]:78
[0]:104273958 [1]:13965042 [2]:110 [3]:83
[0]:104495460 [1]:13995203 [2]:129 [3]:370
[0]:104713932 [1]:14025026 [2]:129 [3]:367
[0]:104926662 [1]:14054066 [2]:129 [3]:369
[0]:105133036 [1]:14082497 [2]:129 [3]:369
[0]:105341421 [1]:14110952 [2]:129 [3]:364
[0]:105591656 [1]:14145058 [2]:129 [3]:363
[0]:105814137 [1]:14175407 [2]:129 [3]:361
[0]:106022403 [1]:14203817 [2]:129 [3]:373
[0]:106231415 [1]:14232234 [2]:129 [3]:90
[0]:106445449 [1]:14261477 [2]:129 [3]:84
[0]:106655223 [1]:14290086 [2]:129 [3]:364
[0]:106868293 [1]:14319145 [2]:129 [3]:360
[0]:107074042 [1]:14347295 [2]:129 [3]:358
[0]:107272926 [1]:14374404 [2]:129 [3]:74
[0]:107510906 [1]:14406893 [2]:129 [3]:366
[0]:107719290 [1]:14435688 [2]:129 [3]:73
[0]:107936558 [1]:14465486 [2]:129 [3]:368
[0]:108147270 [1]:14494236 [2]:129 [3]:365
[0]:108350512 [1]:14522036 [2]:138 [3]:83
[0]:108574671 [1]:14552637 [2]:138 [3]:73
[0]:108793956 [1]:14582624 [2]:138 [3]:362
[0]:109006503 [1]:14611590 [2]:138 [3]:359
[0]:109215267 [1]:14640070 [2]:138 [3]:363
[0]:109420080 [1]:14667904 [2]:138 [3]:360
[0]:109626746 [1]:14696202 [2]:138 [3]:370
[0]:109873092 [1]:14729823 [2]:138 [3]:365
[0]:110070228 [1]:14756696 [2]:138 [3]:365
[0]:110278299 [1]:14785088 [2]:138 [3]:361
[0]:110480525 [1]:14812840 [2]:138 [3]:366
[0]:110687557 [1]:14841130 [2]:138 [3]:359
[0]:110888173 [1]:14868563 [2]:138 [3]:365
[0]:111101631 [1]:14897728 [2]:138 [3]:76
[0]:111313490 [1]:14926565 [2]:138 [3]:353
[0]:111514054 [1]:14954033 [2]:138 [3]:363
[0]:111746457 [1]:14985777 [2]:138 [3]:366
[0]:111955955 [1]:15014262 [2]:143 [3]:362
[0]:112160897 [1]:15042326 [2]:143 [3]:364
[0]:112360668 [1]:15069535 [2]:143 [3]:363
[0]:112562923 [1]:15097173 [2]:143 [3]:366
[0]:112773836 [1]:15126032 [2]:143 [3]:367
[0]:112986581 [1]:15155034 [2]:143 [3]:374
[0]:113202947 [1]:15184678 [2]:143 [3]:371
[0]:113403668 [1]:15212182 [2]:143 [3]:69
[0]:113604754 [1]:15239700 [2]:143 [3]:78
[0]:113844454 [1]:15272388 [2]:143 [3]:364
[0]:114044760 [1]:15299848 [2]:143 [3]:360
[0]:114253823 [1]:15328278 [2]:143 [3]:367
[0]:114472202 [1]:15358090 [2]:143 [3]:365
[0]:114675174 [1]:15385753 [2]:143 [3]:363
[0]:114884867 [1]:15414388 [2]:143 [3]:361
[0]:115092244 [1]:15442681 [2]:143 [3]:369
[0]:115339075 [1]:15476307 [2]:143 [3]:363
[0]:115584836 [1]:15509845 [2]:143 [3]:368
[0]:115812937 [1]:15540931 [2]:145 [3]:359
[0]:116009861 [1]:15567772 [2]:145 [3]:369
[0]:116210650 [1]:15595145 [2]:145 [3]:374
[0]:116419256 [1]:15623794 [2]:145 [3]:361
[0]:116657298 [1]:15656278 [2]:145 [3]:368
[0]:116860177 [1]:15683906 [2]:145 [3]:356
[0]:117068954 [1]:15712362 [2]:145 [3]:375
[0]:117281415 [1]:15741351 [2]:145 [3]:362
[0]:117489068 [1]:15769726 [2]:145 [3]:359
[0]:117705091 [1]:15799267 [2]:145 [3]:363
[0]:117927847 [1]:15829576 [2]:145 [3]:363
[0]:118139254 [1]:15858386 [2]:145 [3]:362
[0]:118360091 [1]:15888476 [2]:145 [3]:371
[0]:118576267 [1]:15917923 [2]:145 [3]:361
[0]:118789127 [1]:15947127 [2]:145 [3]:356
[0]:118997808 [1]:15975665 [2]:145 [3]:362
[0]:119206518 [1]:16003993 [2]:145 [3]:366
[0]:119434759 [1]:16035167 [2]:146 [3]:369
[0]:119646173 [1]:16064058 [2]:146 [3]:365
[0]:119851919 [1]:16092209 [2]:146 [3]:78
[0]:120074984 [1]:16122635 [2]:146 [3]:364
[0]:120274929 [1]:16149862 [2]:146 [3]:364
[0]:120485770 [1]:16178693 [2]:146 [3]:366
[0]:120692860 [1]:16207023 [2]:146 [3]:369
[0]:120907085 [1]:16236309 [2]:146 [3]:356
[0]:121109972 [1]:16263874 [2]:146 [3]:369
[0]:121309424 [1]:16291019 [2]:146 [3]:369
[0]:121521866 [1]:16320049 [2]:146 [3]:358
[0]:121726235 [1]:16347913 [2]:146 [3]:358
[0]:121946756 [1]:16377958 [2]:146 [3]:367
[0]:122159617 [1]:16406952 [2]:146 [3]:372
[0]:122387611 [1]:16438094 [2]:146 [3]:366
[0]:122606326 [1]:16468088 [2]:146 [3]:368
[0]:122808407 [1]:16495984 [2]:146 [3]:360
[0]:123009136 [1]:16523390 [2]:146 [3]:355
[0]:123233702 [1]:16554119 [2]:147 [3]:88
[0]:123435678 [1]:16581696 [2]:147 [3]:365
[0]:123646754 [1]:16610540 [2]:147 [3]:361
[0]:123854810 [1]:16638897 [2]:147 [3]:359
[0]:124064188 [1]:16667472 [2]:147 [3]:363
[0]:124275707 [1]:16696269 [2]:147 [3]:367
[0]:124547280 [1]:16733302 [2]:147 [3]:358
[0]:124769014 [1]:16763709 [2]:147 [3]:75
[0]:124967968 [1]:16790910 [2]:147 [3]:356
[0]:125178290 [1]:16819537 [2]:147 [3]:365
[0]:125389911 [1]:16848439 [2]:147 [3]:377
[0]:125595660 [1]:16876526 [2]:147 [3]:369
[0]:125819510 [1]:16907086 [2]:147 [3]:369
[0]:126017043 [1]:16933972 [2]:147 [3]:361
[0]:126222895 [1]:16962072 [2]:147 [3]:370
[0]:126426251 [1]:16989902 [2]:147 [3]:369
[0]:126631204 [1]:17017876 [2]:147 [3]:359
[0]:126835303 [1]:17045724 [2]:147 [3]:355
[0]:127040238 [1]:17073612 [2]:147 [3]:365
[0]:127245227 [1]:17101669 [2]:147 [3]:370
[0]:127461784 [1]:17131242 [2]:147 [3]:370
[0]:127662430 [1]:17158786 [2]:147 [3]:362
[0]:127878962 [1]:17188329 [2]:147 [3]:67
[0]:128091074 [1]:17217338 [2]:147 [3]:75
[0]:128363093 [1]:17254437 [2]:147 [3]:361
[0]:128575705 [1]:17283394 [2]:147 [3]:360
[0]:128783771 [1]:17311801 [2]:147 [3]:360
[0]:129016747 [1]:17343629 [2]:147 [3]:368
[0]:129217514 [1]:17371080 [2]:147 [3]:369
[0]:129481382 [1]:17407082 [2]:147 [3]:366
[0]:129678009 [1]:17433894 [2]:147 [3]:366
[0]:129877581 [1]:17461075 [2]:147 [3]:366
[0]:130075579 [1]:17488007 [2]:147 [3]:361
[0]:130298739 [1]:17518433 [2]:147 [3]:365
[0]:130504859 [1]:17546558 [2]:147 [3]:374
[0]:130713463 [1]:17575082 [2]:147 [3]:365
[0]:130941969 [1]:17606131 [2]:147 [3]:368
[0]:131150621 [1]:17634548 [2]:147 [3]:78
[0]:131356664 [1]:17662702 [2]:147 [3]:368
[0]:131566988 [1]:17691434 [2]:147 [3]:357
[0]:131764743 [1]:17718382 [2]:147 [3]:362
[0]:131977389 [1]:17747317 [2]:147 [3]:365
[0]:132190101 [1]:17776282 [2]:147 [3]:361
[0]:132397561 [1]:17804584 [2]:147 [3]:367
[0]:132662575 [1]:17840807 [2]:147 [3]:369
[0]:132862029 [1]:17868092 [2]:147 [3]:357
[0]:133079717 [1]:17897815 [2]:147 [3]:373
[0]:133288287 [1]:17926344 [2]:147 [3]:366
[0]:133492920 [1]:17954212 [2]:147 [3]:78
[0]:133691480 [1]:17981320 [2]:147 [3]:353
