[0]:522969150 [1]:522969166 [2]:0 [3]:52
[0]:524101486 [1]:524101490 [2]:0 [3]:17
[0]:525336495 [1]:525336496 [2]:0 [3]:15
[0]:526795901 [1]:526795901 [2]:0 [3]:11
[0]:528179782 [1]:528179788 [2]:0 [3]:17
[0]:529359175 [1]:529359175 [2]:0 [3]:18
[0]:530538872 [1]:530538872 [2]:0 [3]:14
[0]:531694610 [1]:531694613 [2]:0 [3]:52
[0]:532816869 [1]:532816886 [2]:0 [3]:12
[0]:533967237 [1]:533967251 [2]:0 [3]:17
[0]:535118216 [1]:535118216 [2]:0 [3]:16
[0]:536311183 [1]:536311187 [2]:0 [3]:14
[0]:537507360 [1]:537507373 [2]:0 [3]:18
[0]:538991382 [1]:538991390 [2]:0 [3]:49
[0]:540149910 [1]:540149910 [2]:0 [3]:56
[0]:541329010 [1]:541329010 [2]:0 [3]:50
[0]:542483629 [1]:542483643 [2]:0 [3]:15
[0]:543948044 [1]:543948046 [2]:0 [3]:15
[0]:545117080 [1]:545117083 [2]:0 [3]:54
[0]:546416709 [1]:546416712 [2]:0 [3]:55
[0]:547918042 [1]:547918053 [2]:0 [3]:15
[0]:549635002 [1]:549635005 [2]:0 [3]:14
[0]:551038171 [1]:551038192 [2]:0 [3]:12
[0]:552343533 [1]:552343536 [2]:0 [3]:18
[0]:553563170 [1]:553563175 [2]:0 [3]:17
[0]:554827938 [1]:554827938 [2]:0 [3]:13
[0]:556156656 [1]:556156663 [2]:0 [3]:16
[0]:557438569 [1]:557438581 [2]:0 [3]:56
[0]:558741737 [1]:558741736 [2]:0 [3]:54
[0]:560025153 [1]:560025156 [2]:0 [3]:22
[0]:561292934 [1]:561292936 [2]:0 [3]:17
[0]:562609166 [1]:562609167 [2]:0 [3]:17
[0]:563904033 [1]:563904033 [2]:0 [3]:21
[0]:565169852 [1]:565169852 [2]:0 [3]:49
[0]:566498241 [1]:566498248 [2]:0 [3]:53
[0]:567693471 [1]:567693483 [2]:0 [3]:11
[0]:568982104 [1]:568982111 [2]:0 [3]:18
[0]:570276990 [1]:570276995 [2]:0 [3]:55
[0]:571561805 [1]:571561805 [2]:0 [3]:18
[0]:572746716 [1]:572746713 [2]:0 [3]:14
[0]:573924954 [1]:573925062 [2]:0 [3]:19
[0]:575129180 [1]:575129184 [2]:0 [3]:50
[0]:576321608 [1]:576321613 [2]:0 [3]:52
[0]:577512558 [1]:577512558 [2]:0 [3]:18
[0]:578717043 [1]:578717046 [2]:0 [3]:11
[0]:579997888 [1]:579997892 [2]:0 [3]:22
[0]:581203344 [1]:581203349 [2]:0 [3]:19
[0]:582378650 [1]:582378659 [2]:0 [3]:14
[0]:583633061 [1]:583633073 [2]:0 [3]:17
[0]:584778455 [1]:584778456 [2]:0 [3]:16
[0]:585979846 [1]:585979848 [2]:0 [3]:52
[0]:587320438 [1]:587320443 [2]:0 [3]:17
[0]:588650158 [1]:588650158 [2]:0 [3]:14
[0]:589957748 [1]:589957751 [2]:0 [3]:16
[0]:591331056 [1]:591331056 [2]:0 [3]:53
[0]:593041044 [1]:593041047 [2]:0 [3]:49
[0]:594292253 [1]:594292258 [2]:0 [3]:16
[0]:595471815 [1]:595471818 [2]:0 [3]:17
[0]:596591653 [1]:596591653 [2]:0 [3]:13
[0]:597759666 [1]:597759668 [2]:0 [3]:20
[0]:598912223 [1]:598912223 [2]:0 [3]:18
[0]:600068882 [1]:600068882 [2]:0 [3]:51
[0]:601248940 [1]:601248949 [2]:0 [3]:56
[0]:602421900 [1]:602421913 [2]:0 [3]:14
[0]:603577224 [1]:603577268 [2]:0 [3]:18
[0]:604727302 [1]:604727304 [2]:0 [3]:50
[0]:605910261 [1]:605910262 [2]:0 [3]:57
[0]:607045215 [1]:607045215 [2]:0 [3]:19
[0]:608187678 [1]:608187696 [2]:0 [3]:52
[0]:609327118 [1]:609327118 [2]:0 [3]:15
[0]:610645071 [1]:610645072 [2]:0 [3]:13
[0]:612110757 [1]:612110757 [2]:0 [3]:13
[0]:613669638 [1]:613669643 [2]:0 [3]:15
[0]:615103746 [1]:615103736 [2]:0 [3]:14
[0]:616379952 [1]:616379958 [2]:0 [3]:17
[0]:617659438 [1]:617659442 [2]:0 [3]:17
[0]:618989973 [1]:618989986 [2]:0 [3]:9
[0]:620321200 [1]:620321206 [2]:0 [3]:16
[0]:621539676 [1]:621539687 [2]:0 [3]:15
[0]:622754426 [1]:622754432 [2]:0 [3]:52
[0]:624082246 [1]:624082249 [2]:0 [3]:18
[0]:625390637 [1]:625390650 [2]:0 [3]:19
[0]:626672443 [1]:626672458 [2]:0 [3]:45
[0]:627901280 [1]:627901283 [2]:0 [3]:14
[0]:629146251 [1]:629146252 [2]:0 [3]:54
[0]:630439417 [1]:630439417 [2]:0 [3]:13
[0]:631715050 [1]:631715052 [2]:0 [3]:11
[0]:632974252 [1]:632974253 [2]:0 [3]:14
[0]:634228914 [1]:634228922 [2]:0 [3]:18
[0]:635483206 [1]:635483206 [2]:0 [3]:17
[0]:636732975 [1]:636732980 [2]:0 [3]:18
[0]:637893927 [1]:637893934 [2]:0 [3]:59
[0]:639047186 [1]:639047195 [2]:0 [3]:58
[0]:640202353 [1]:640202353 [2]:0 [3]:17
[0]:641457539 [1]:641457533 [2]:0 [3]:57
[0]:642606991 [1]:642607008 [2]:0 [3]:18
[0]:643768958 [1]:643768961 [2]:0 [3]:10
[0]:644931928 [1]:644931936 [2]:0 [3]:18
[0]:646122775 [1]:646122781 [2]:0 [3]:11
[0]:647234979 [1]:647234987 [2]:0 [3]:18
[0]:648513266 [1]:648513266 [2]:0 [3]:15
[0]:649684324 [1]:649684334 [2]:0 [3]:15
[0]:650870513 [1]:650870513 [2]:0 [3]:48
[0]:652048266 [1]:652048290 [2]:0 [3]:56
[0]:653226750 [1]:653226750 [2]:0 [3]:51
[0]:655049523 [1]:655049525 [2]:0 [3]:11
[0]:656557061 [1]:656557068 [2]:0 [3]:15
[0]:657841952 [1]:657841959 [2]:0 [3]:9
[0]:659054792 [1]:659054789 [2]:0 [3]:52
[0]:660229012 [1]:660229034 [2]:0 [3]:57
[0]:661387797 [1]:661387797 [2]:0 [3]:16
[0]:662585069 [1]:662585070 [2]:0 [3]:50
[0]:663740683 [1]:663740693 [2]:0 [3]:52
[0]:665046005 [1]:665046010 [2]:0 [3]:14
[0]:666212045 [1]:666212084 [2]:0 [3]:17
[0]:667386848 [1]:667386852 [2]:0 [3]:52
[0]:668587679 [1]:668587695 [2]:0 [3]:19
[0]:669776205 [1]:669776214 [2]:0 [3]:15
[0]:670946871 [1]:670946874 [2]:0 [3]:52
[0]:672144194 [1]:672144194 [2]:0 [3]:49
[0]:673303012 [1]:673303016 [2]:0 [3]:17
[0]:674567060 [1]:674567061 [2]:0 [3]:21
[0]:676000499 [1]:676000499 [2]:0 [3]:20
[0]:677483809 [1]:677483817 [2]:0 [3]:11
[0]:678900008 [1]:678900011 [2]:0 [3]:12
[0]:680180694 [1]:680180695 [2]:0 [3]:15
[0]:681405591 [1]:681405595 [2]:0 [3]:21
[0]:682632289 [1]:682632297 [2]:0 [3]:16
[0]:683921141 [1]:683921129 [2]:0 [3]:13
[0]:685200499 [1]:685200500 [2]:0 [3]:52
[0]:686468675 [1]:686468681 [2]:0 [3]:17
[0]:687785050 [1]:687785048 [2]:0 [3]:55
[0]:689025032 [1]:689025038 [2]:0 [3]:18
[0]:690292795 [1]:690292795 [2]:0 [3]:50
[0]:691621677 [1]:691621693 [2]:0 [3]:53
[0]:692984544 [1]:692984544 [2]:0 [3]:18
[0]:694330332 [1]:694330339 [2]:0 [3]:17
[0]:695671137 [1]:695671145 [2]:0 [3]:15
[0]:696943777 [1]:696943779 [2]:0 [3]:14
[0]:698322664 [1]:698322668 [2]:0 [3]:51
[0]:699617330 [1]:699617330 [2]:0 [3]:18
[0]:700858441 [1]:700858460 [2]:0 [3]:17
[0]:702011155 [1]:702011164 [2]:0 [3]:54
[0]:703163648 [1]:703163662 [2]:0 [3]:16
[0]:704269702 [1]:704269704 [2]:0 [3]:52
[0]:705424630 [1]:705424633 [2]:0 [3]:14
[0]:706546800 [1]:706546804 [2]:0 [3]:15
[0]:707707037 [1]:707707046 [2]:0 [3]:12
[0]:708863352 [1]:708863356 [2]:0 [3]:16
[0]:710004595 [1]:710004596 [2]:0 [3]:17
