[0]:91791226 [1]:15475584 [2]:151 [3]:367
[0]:91982085 [1]:15519682 [2]:151 [3]:360
[0]:92242027 [1]:15579746 [2]:151 [3]:359
[0]:92436971 [1]:15624800 [2]:151 [3]:361
[0]:92631415 [1]:15669687 [2]:151 [3]:356
[0]:92821912 [1]:15713616 [2]:154 [3]:359
[0]:93020639 [1]:15759550 [2]:154 [3]:57
[0]:93214889 [1]:15804497 [2]:154 [3]:359
[0]:93404015 [1]:15848203 [2]:154 [3]:358
[0]:93598147 [1]:15892995 [2]:154 [3]:353
[0]:93799596 [1]:15939576 [2]:154 [3]:54
[0]:94001009 [1]:15986174 [2]:154 [3]:65
[0]:94202131 [1]:16032624 [2]:154 [3]:362
[0]:94419209 [1]:16082809 [2]:154 [3]:359
[0]:94624507 [1]:16130186 [2]:154 [3]:359
[0]:94818398 [1]:16175001 [2]:154 [3]:59
[0]:95016420 [1]:16220762 [2]:154 [3]:369
[0]:95217849 [1]:16267360 [2]:154 [3]:365
[0]:95419473 [1]:16313973 [2]:154 [3]:366
[0]:95617227 [1]:16359610 [2]:161 [3]:360
[0]:95811591 [1]:16404541 [2]:161 [3]:61
[0]:96006732 [1]:16449650 [2]:161 [3]:364
[0]:96233124 [1]:16501938 [2]:161 [3]:364
[0]:96427857 [1]:16546889 [2]:161 [3]:55
[0]:96625089 [1]:16592448 [2]:161 [3]:360
[0]:96866252 [1]:16648181 [2]:161 [3]:364
[0]:97061702 [1]:16693320 [2]:161 [3]:367
[0]:97255854 [1]:16738182 [2]:161 [3]:355
[0]:97452758 [1]:16783597 [2]:161 [3]:362
[0]:97651479 [1]:16829500 [2]:161 [3]:365
[0]:97852995 [1]:16876054 [2]:161 [3]:362
[0]:98050889 [1]:16921737 [2]:161 [3]:65
[0]:98248754 [1]:16967339 [2]:161 [3]:374
[0]:98442928 [1]:17012221 [2]:164 [3]:354
[0]:98629493 [1]:17055291 [2]:164 [3]:359
[0]:98827432 [1]:17101050 [2]:164 [3]:367
[0]:99025047 [1]:17146742 [2]:164 [3]:364
[0]:99215556 [1]:17190663 [2]:164 [3]:362
[0]:99409473 [1]:17235481 [2]:164 [3]:362
[0]:99682806 [1]:17298696 [2]:164 [3]:362
[0]:99887246 [1]:17345980 [2]:164 [3]:364
[0]:100084869 [1]:17391669 [2]:164 [3]:362
[0]:100287384 [1]:17438402 [2]:164 [3]:365
[0]:100488212 [1]:17484836 [2]:164 [3]:60
[0]:100682139 [1]:17529671 [2]:164 [3]:355
[0]:100883671 [1]:17576318 [2]:164 [3]:368
[0]:101065882 [1]:17618318 [2]:164 [3]:360
[0]:101301962 [1]:17672865 [2]:165 [3]:363
[0]:101495601 [1]:17717605 [2]:165 [3]:363
[0]:101689933 [1]:17762506 [2]:165 [3]:55
[0]:101887602 [1]:17808292 [2]:165 [3]:363
[0]:102085543 [1]:17853974 [2]:165 [3]:354
[0]:102288443 [1]:17900859 [2]:165 [3]:366
[0]:102488693 [1]:17947135 [2]:165 [3]:57
[0]:102723821 [1]:18001414 [2]:165 [3]:359
[0]:102925654 [1]:18047998 [2]:165 [3]:358
[0]:103115010 [1]:18091775 [2]:165 [3]:57
[0]:103315846 [1]:18138123 [2]:165 [3]:361
[0]:103522139 [1]:18185741 [2]:165 [3]:358
[0]:103724168 [1]:18232404 [2]:165 [3]:366
[0]:103925799 [1]:18278934 [2]:165 [3]:362
[0]:104119895 [1]:18323813 [2]:166 [3]:361
[0]:104308368 [1]:18367396 [2]:166 [3]:363
[0]:104558623 [1]:18425219 [2]:166 [3]:363
[0]:104757906 [1]:18471254 [2]:166 [3]:359
[0]:104951862 [1]:18516068 [2]:166 [3]:362
[0]:105149837 [1]:18561785 [2]:166 [3]:357
[0]:105347905 [1]:18607506 [2]:166 [3]:54
[0]:105545627 [1]:18653169 [2]:166 [3]:355
[0]:105736050 [1]:18697091 [2]:166 [3]:360
[0]:105939917 [1]:18744168 [2]:166 [3]:354
[0]:106146603 [1]:18791940 [2]:166 [3]:358
[0]:106371478 [1]:18843943 [2]:166 [3]:362
[0]:106564461 [1]:18888549 [2]:166 [3]:361
