[0]:153256597 [1]:20917696 [2]:100 [3]:80
[0]:153476363 [1]:20954344 [2]:100 [3]:366
[0]:153687337 [1]:20990493 [2]:100 [3]:359
[0]:153903441 [1]:21027589 [2]:100 [3]:59
[0]:154120883 [1]:21064936 [2]:100 [3]:358
[0]:154317036 [1]:21098519 [2]:100 [3]:362
[0]:154518282 [1]:21133062 [2]:100 [3]:365
[0]:154718763 [1]:21167550 [2]:104 [3]:352
[0]:154931924 [1]:21204128 [2]:104 [3]:58
[0]:155130567 [1]:21238242 [2]:104 [3]:360
[0]:155328207 [1]:21271999 [2]:104 [3]:367
[0]:155522443 [1]:21305392 [2]:104 [3]:361
[0]:155716638 [1]:21338728 [2]:104 [3]:356
[0]:155914631 [1]:21372753 [2]:104 [3]:355
[0]:156120356 [1]:21408058 [2]:104 [3]:66
[0]:156325751 [1]:21443354 [2]:104 [3]:359
[0]:156535038 [1]:21479269 [2]:104 [3]:368
[0]:156733188 [1]:21513288 [2]:106 [3]:361
[0]:156935006 [1]:21548103 [2]:106 [3]:357
[0]:157151804 [1]:21585231 [2]:106 [3]:366
[0]:157345903 [1]:21618708 [2]:106 [3]:58
[0]:157575455 [1]:21658210 [2]:106 [3]:71
[0]:157787273 [1]:21694719 [2]:106 [3]:360
[0]:157990168 [1]:21729576 [2]:106 [3]:55
[0]:158186216 [1]:21763150 [2]:106 [3]:355
[0]:158385351 [1]:21797416 [2]:106 [3]:60
[0]:158582766 [1]:21831297 [2]:106 [3]:357
[0]:158777067 [1]:21864638 [2]:106 [3]:366
[0]:159006804 [1]:21903923 [2]:106 [3]:365
[0]:159206984 [1]:21938272 [2]:106 [3]:364
[0]:159412768 [1]:21973521 [2]:106 [3]:365
[0]:159606860 [1]:22006849 [2]:106 [3]:56
[0]:159812546 [1]:22042121 [2]:106 [3]:361
[0]:160007624 [1]:22075535 [2]:106 [3]:66
[0]:160208891 [1]:22110028 [2]:106 [3]:361
[0]:160416018 [1]:22145657 [2]:106 [3]:355
[0]:160609467 [1]:22178886 [2]:106 [3]:69
[0]:160802913 [1]:22212016 [2]:106 [3]:363
[0]:161002340 [1]:22246120 [2]:106 [3]:347
[0]:161195131 [1]:22279141 [2]:106 [3]:356
[0]:161421554 [1]:22318040 [2]:106 [3]:62
[0]:161643942 [1]:22356175 [2]:106 [3]:367
[0]:161845877 [1]:22390819 [2]:106 [3]:69
[0]:162051277 [1]:22426064 [2]:106 [3]:356
[0]:162249406 [1]:22460054 [2]:106 [3]:363
[0]:162458809 [1]:22495939 [2]:106 [3]:58
[0]:162663624 [1]:22531156 [2]:106 [3]:67
[0]:162854754 [1]:22563894 [2]:106 [3]:62
[0]:163060296 [1]:22599236 [2]:106 [3]:66
[0]:163257703 [1]:22632996 [2]:106 [3]:70
[0]:163456620 [1]:22667061 [2]:106 [3]:358
[0]:163654849 [1]:22700987 [2]:106 [3]:364
[0]:163860465 [1]:22736291 [2]:106 [3]:71
[0]:164058022 [1]:22770160 [2]:106 [3]:72
[0]:164262213 [1]:22805249 [2]:106 [3]:366
[0]:164461921 [1]:22839602 [2]:106 [3]:58
[0]:164660071 [1]:22873584 [2]:106 [3]:366
[0]:164846806 [1]:22905764 [2]:106 [3]:362
[0]:165042198 [1]:22939273 [2]:106 [3]:364
[0]:165239488 [1]:22973087 [2]:106 [3]:361
[0]:165440960 [1]:23007662 [2]:106 [3]:364
[0]:165687733 [1]:23050056 [2]:106 [3]:61
[0]:165889645 [1]:23084801 [2]:106 [3]:366
[0]:166158597 [1]:23130902 [2]:106 [3]:60
[0]:166367169 [1]:23166832 [2]:106 [3]:68
[0]:166557287 [1]:23199418 [2]:106 [3]:363
[0]:166756516 [1]:23233694 [2]:106 [3]:361
[0]:166965835 [1]:23269662 [2]:106 [3]:62
[0]:167160508 [1]:23302953 [2]:106 [3]:365
[0]:167358192 [1]:23336894 [2]:106 [3]:59
[0]:167556918 [1]:23370918 [2]:106 [3]:360
[0]:167754343 [1]:23404862 [2]:106 [3]:56
[0]:167945088 [1]:23437568 [2]:106 [3]:68
