[0]:61162895 [1]:8021048 [2]:100 [3]:348
[0]:61366493 [1]:8055947 [2]:100 [3]:368
[0]:61568278 [1]:8090587 [2]:100 [3]:364
[0]:61758845 [1]:8123288 [2]:100 [3]:64
[0]:61960685 [1]:8157916 [2]:100 [3]:358
[0]:62166201 [1]:8193205 [2]:100 [3]:53
[0]:62363114 [1]:8227058 [2]:104 [3]:363
[0]:62560675 [1]:8260996 [2]:104 [3]:60
[0]:62753442 [1]:8294057 [2]:104 [3]:61
[0]:62947273 [1]:8327340 [2]:104 [3]:365
[0]:63149194 [1]:8361983 [2]:104 [3]:358
[0]:63358299 [1]:8397941 [2]:104 [3]:64
[0]:63554631 [1]:8431518 [2]:104 [3]:65
[0]:63756405 [1]:8466104 [2]:104 [3]:363
[0]:63960119 [1]:8501050 [2]:104 [3]:365
[0]:64210460 [1]:8543999 [2]:106 [3]:365
[0]:64398869 [1]:8576292 [2]:106 [3]:361
[0]:64621786 [1]:8614570 [2]:106 [3]:371
[0]:64819356 [1]:8648699 [2]:106 [3]:353
[0]:65021732 [1]:8683343 [2]:106 [3]:368
[0]:65221963 [1]:8717685 [2]:106 [3]:55
[0]:65409441 [1]:8749926 [2]:106 [3]:366
[0]:65608184 [1]:8784043 [2]:106 [3]:60
[0]:65798911 [1]:8816673 [2]:106 [3]:370
[0]:66000719 [1]:8851245 [2]:106 [3]:357
[0]:66202718 [1]:8885835 [2]:106 [3]:60
[0]:66408007 [1]:8921156 [2]:106 [3]:363
[0]:66609917 [1]:8955843 [2]:106 [3]:363
[0]:66807998 [1]:8989797 [2]:106 [3]:363
[0]:67006156 [1]:9023788 [2]:106 [3]:360
[0]:67196613 [1]:9056486 [2]:106 [3]:365
[0]:67394691 [1]:9090474 [2]:106 [3]:62
[0]:67592810 [1]:9124482 [2]:106 [3]:360
[0]:67786603 [1]:9157689 [2]:106 [3]:76
[0]:67977952 [1]:9190594 [2]:106 [3]:72
[0]:68176014 [1]:9224553 [2]:106 [3]:52
[0]:68364072 [1]:9256846 [2]:106 [3]:50
[0]:68557109 [1]:9289992 [2]:106 [3]:369
[0]:68757139 [1]:9324274 [2]:106 [3]:361
[0]:68960723 [1]:9359280 [2]:106 [3]:363
[0]:69152813 [1]:9392246 [2]:106 [3]:358
[0]:69349492 [1]:9425937 [2]:106 [3]:357
[0]:69577402 [1]:9465094 [2]:106 [3]:368
[0]:69775485 [1]:9498990 [2]:106 [3]:363
[0]:70014269 [1]:9539995 [2]:106 [3]:356
[0]:70239126 [1]:9578529 [2]:106 [3]:366
[0]:70444552 [1]:9613814 [2]:106 [3]:58
[0]:70642606 [1]:9647831 [2]:106 [3]:59
[0]:70855556 [1]:9684441 [2]:106 [3]:62
[0]:71053573 [1]:9718478 [2]:106 [3]:366
[0]:71244036 [1]:9751205 [2]:106 [3]:366
[0]:71442229 [1]:9785274 [2]:106 [3]:58
[0]:71632166 [1]:9817854 [2]:106 [3]:84
[0]:71834744 [1]:9852588 [2]:106 [3]:72
[0]:72032809 [1]:9886525 [2]:106 [3]:363
[0]:72230894 [1]:9920461 [2]:106 [3]:366
[0]:72481158 [1]:9963483 [2]:106 [3]:364
[0]:72662460 [1]:9994548 [2]:106 [3]:356
[0]:72858723 [1]:10028155 [2]:106 [3]:62
[0]:73056895 [1]:10062188 [2]:106 [3]:68
[0]:73247470 [1]:10094905 [2]:106 [3]:356
[0]:73444731 [1]:10128690 [2]:106 [3]:364
[0]:73651258 [1]:10164202 [2]:106 [3]:363
[0]:73856316 [1]:10199428 [2]:106 [3]:61
[0]:74072004 [1]:10236472 [2]:106 [3]:357
[0]:74279236 [1]:10271895 [2]:106 [3]:359
[0]:74476552 [1]:10305774 [2]:106 [3]:367
[0]:74734507 [1]:10350038 [2]:106 [3]:359
[0]:74941403 [1]:10385630 [2]:106 [3]:358
[0]:75142345 [1]:10420222 [2]:106 [3]:361
[0]:75336606 [1]:10453534 [2]:106 [3]:64
[0]:75546953 [1]:10489575 [2]:106 [3]:88
[0]:75745259 [1]:10523699 [2]:106 [3]:360
