[0]:0 [1]:0 [2]:0 [3]:0
[0]:57627 [1]:57628 [2]:0 [3]:519
[0]:200225 [1]:200225 [2]:0 [3]:495
[0]:337687 [1]:337687 [2]:0 [3]:132
[0]:477425 [1]:477425 [2]:0 [3]:504
[0]:615496 [1]:615497 [2]:0 [3]:509
[0]:758928 [1]:758928 [2]:0 [3]:295
[0]:902617 [1]:902618 [2]:0 [3]:512
[0]:1056094 [1]:1056095 [2]:0 [3]:77
[0]:1202063 [1]:1202063 [2]:0 [3]:75
[0]:1339974 [1]:1339974 [2]:0 [3]:100
[0]:1477851 [1]:1477851 [2]:0 [3]:518
[0]:1623898 [1]:1623899 [2]:0 [3]:506
[0]:1764459 [1]:1764459 [2]:0 [3]:86
[0]:1929739 [1]:1929739 [2]:0 [3]:76
[0]:2135386 [1]:2135386 [2]:0 [3]:85
[0]:2315983 [1]:2315984 [2]:0 [3]:122
[0]:2475745 [1]:2475745 [2]:0 [3]:512
[0]:2621369 [1]:2621369 [2]:0 [3]:101
[0]:2793902 [1]:2793902 [2]:0 [3]:155
[0]:2933006 [1]:2933007 [2]:0 [3]:272
[0]:3123524 [1]:3123527 [2]:0 [3]:174
[0]:3266229 [1]:3266228 [2]:0 [3]:507
[0]:3409201 [1]:3409203 [2]:0 [3]:507
[0]:3549111 [1]:3549111 [2]:0 [3]:509
[0]:3693442 [1]:3693442 [2]:0 [3]:487
[0]:3828340 [1]:3828340 [2]:0 [3]:501
[0]:4008112 [1]:4008113 [2]:0 [3]:501
[0]:4152924 [1]:4152924 [2]:0 [3]:502
[0]:4352073 [1]:4352073 [2]:0 [3]:503
[0]:4510355 [1]:4510356 [2]:0 [3]:516
[0]:4667052 [1]:4667052 [2]:0 [3]:162
[0]:4800105 [1]:4800105 [2]:0 [3]:132
[0]:4970220 [1]:4970220 [2]:0 [3]:122
[0]:5105041 [1]:5105042 [2]:0 [3]:106
[0]:5249224 [1]:5249225 [2]:0 [3]:533
[0]:5412816 [1]:5412818 [2]:0 [3]:505
[0]:5558761 [1]:5558761 [2]:0 [3]:107
[0]:5691515 [1]:5691515 [2]:0 [3]:125
[0]:5840031 [1]:5840032 [2]:0 [3]:97
[0]:5978059 [1]:5978059 [2]:0 [3]:130
[0]:6111857 [1]:6111857 [2]:0 [3]:502
[0]:6275874 [1]:6275874 [2]:0 [3]:502
[0]:6408548 [1]:6408548 [2]:0 [3]:534
[0]:6553849 [1]:6553849 [2]:0 [3]:93
[0]:6710327 [1]:6710327 [2]:0 [3]:79
[0]:6864188 [1]:6864188 [2]:0 [3]:116
[0]:7004563 [1]:7004563 [2]:0 [3]:105
[0]:7139956 [1]:7139956 [2]:0 [3]:497
[0]:7283452 [1]:7283452 [2]:0 [3]:98
[0]:7429352 [1]:7429353 [2]:0 [3]:511
[0]:7570828 [1]:7570828 [2]:0 [3]:519
[0]:7715156 [1]:7715156 [2]:0 [3]:78
[0]:7875124 [1]:7875124 [2]:0 [3]:104
[0]:8015518 [1]:8015518 [2]:0 [3]:93
[0]:8153424 [1]:8153427 [2]:0 [3]:89
[0]:8297097 [1]:8297097 [2]:0 [3]:507
[0]:8450334 [1]:8450334 [2]:0 [3]:141
[0]:8599786 [1]:8599786 [2]:0 [3]:107
[0]:8742954 [1]:8742954 [2]:0 [3]:123
[0]:8908968 [1]:8908968 [2]:0 [3]:514
[0]:9090762 [1]:9090765 [2]:0 [3]:523
[0]:9233551 [1]:9233551 [2]:0 [3]:107
[0]:9374299 [1]:9374299 [2]:0 [3]:100
[0]:9520286 [1]:9520286 [2]:0 [3]:528
[0]:9669007 [1]:9669007 [2]:0 [3]:93
[0]:9814822 [1]:9814822 [2]:0 [3]:82
[0]:9955520 [1]:9955518 [2]:0 [3]:521
[0]:10095807 [1]:10095807 [2]:0 [3]:500
