[0]:31456620 [1]:31456622 [2]:0 [3]:118
[0]:31601505 [1]:31601505 [2]:0 [3]:125
[0]:31783632 [1]:31783632 [2]:0 [3]:555
[0]:31919597 [1]:31919597 [2]:0 [3]:160
[0]:32067167 [1]:32067167 [2]:0 [3]:559
[0]:32206687 [1]:32206687 [2]:0 [3]:151
[0]:32351455 [1]:32351456 [2]:0 [3]:558
[0]:32520959 [1]:32520959 [2]:0 [3]:144
[0]:32705844 [1]:32705844 [2]:0 [3]:200
[0]:32893600 [1]:32893601 [2]:0 [3]:181
[0]:33043992 [1]:33043992 [2]:0 [3]:571
[0]:33189835 [1]:33189835 [2]:0 [3]:553
[0]:33370438 [1]:33370438 [2]:0 [3]:182
[0]:33508188 [1]:33508190 [2]:0 [3]:139
[0]:33683092 [1]:33683094 [2]:0 [3]:549
[0]:33821298 [1]:33821298 [2]:0 [3]:554
[0]:33964496 [1]:33964496 [2]:0 [3]:533
[0]:34160840 [1]:34160842 [2]:0 [3]:564
[0]:34298830 [1]:34298831 [2]:0 [3]:123
[0]:34490351 [1]:34490351 [2]:0 [3]:180
[0]:34627828 [1]:34627828 [2]:0 [3]:147
[0]:34786708 [1]:34786708 [2]:0 [3]:150
[0]:34940799 [1]:34940799 [2]:0 [3]:533
[0]:35079666 [1]:35079666 [2]:0 [3]:144
[0]:35224212 [1]:35224213 [2]:0 [3]:559
[0]:35367944 [1]:35367945 [2]:0 [3]:531
[0]:35505905 [1]:35505906 [2]:0 [3]:109
[0]:35651827 [1]:35651827 [2]:0 [3]:563
[0]:35808321 [1]:35808322 [2]:0 [3]:545
[0]:35957085 [1]:35957085 [2]:0 [3]:114
[0]:36094870 [1]:36094870 [2]:0 [3]:172
[0]:36240746 [1]:36240746 [2]:0 [3]:552
[0]:36436588 [1]:36436588 [2]:0 [3]:556
[0]:36575161 [1]:36575161 [2]:0 [3]:557
[0]:36718490 [1]:36718490 [2]:0 [3]:111
[0]:36858969 [1]:36858970 [2]:0 [3]:525
[0]:37002308 [1]:37002308 [2]:0 [3]:130
[0]:37142965 [1]:37142964 [2]:0 [3]:162
[0]:37279970 [1]:37279970 [2]:0 [3]:542
[0]:37449796 [1]:37449796 [2]:0 [3]:140
[0]:37588680 [1]:37588680 [2]:0 [3]:523
[0]:37729281 [1]:37729281 [2]:0 [3]:137
[0]:37871357 [1]:37871359 [2]:0 [3]:126
[0]:38018437 [1]:38018437 [2]:0 [3]:543
[0]:38158923 [1]:38158923 [2]:0 [3]:553
[0]:38320495 [1]:38320496 [2]:0 [3]:516
[0]:38460937 [1]:38460937 [2]:0 [3]:146
[0]:38604992 [1]:38604992 [2]:0 [3]:530
[0]:38740161 [1]:38740161 [2]:0 [3]:162
[0]:38938386 [1]:38938387 [2]:0 [3]:271
[0]:39079749 [1]:39079751 [2]:0 [3]:566
[0]:39254785 [1]:39254785 [2]:0 [3]:186
[0]:39392639 [1]:39392639 [2]:0 [3]:148
[0]:39533256 [1]:39533257 [2]:0 [3]:543
[0]:39671154 [1]:39671154 [2]:0 [3]:525
[0]:39819857 [1]:39819857 [2]:0 [3]:556
[0]:39965655 [1]:39965656 [2]:0 [3]:530
[0]:40125538 [1]:40125538 [2]:0 [3]:172
[0]:40265604 [1]:40265605 [2]:0 [3]:559
[0]:40408805 [1]:40408805 [2]:0 [3]:123
[0]:40556083 [1]:40556083 [2]:0 [3]:189
[0]:40705604 [1]:40705604 [2]:0 [3]:155
[0]:40848844 [1]:40848844 [2]:0 [3]:163
[0]:40999084 [1]:40999084 [2]:0 [3]:563
[0]:41135490 [1]:41135493 [2]:0 [3]:546
[0]:41318947 [1]:41318947 [2]:0 [3]:137
[0]:41455772 [1]:41455772 [2]:0 [3]:110
[0]:41608046 [1]:41608046 [2]:0 [3]:546
[0]:41745754 [1]:41745756 [2]:0 [3]:158
[0]:41897132 [1]:41897132 [2]:0 [3]:543
[0]:42034737 [1]:42034739 [2]:0 [3]:160
