[0]:134863956 [1]:12511494 [2]:94 [3]:362
[0]:135073236 [1]:12543777 [2]:94 [3]:72
[0]:135270896 [1]:12574398 [2]:94 [3]:66
[0]:135491105 [1]:12608334 [2]:94 [3]:77
[0]:135681265 [1]:12637648 [2]:94 [3]:367
[0]:135875431 [1]:12667510 [2]:94 [3]:362
[0]:136072758 [1]:12697888 [2]:94 [3]:65
[0]:136269088 [1]:12728127 [2]:94 [3]:361
[0]:136502206 [1]:12764183 [2]:94 [3]:365
[0]:136699775 [1]:12794692 [2]:94 [3]:366
[0]:136897568 [1]:12825110 [2]:94 [3]:363
[0]:137109972 [1]:12857855 [2]:94 [3]:364
[0]:137346611 [1]:12894315 [2]:94 [3]:363
[0]:137556812 [1]:12926781 [2]:94 [3]:367
[0]:137755533 [1]:12957487 [2]:94 [3]:62
[0]:137957118 [1]:12988546 [2]:94 [3]:360
[0]:138147259 [1]:13017971 [2]:94 [3]:367
[0]:138393441 [1]:13055905 [2]:94 [3]:51
[0]:138591143 [1]:13086500 [2]:94 [3]:84
[0]:138789000 [1]:13116969 [2]:94 [3]:361
[0]:138985854 [1]:13147273 [2]:94 [3]:367
[0]:139184271 [1]:13177980 [2]:94 [3]:58
[0]:139393169 [1]:13210281 [2]:94 [3]:63
[0]:139598577 [1]:13241798 [2]:94 [3]:62
[0]:139829820 [1]:13277457 [2]:94 [3]:67
[0]:140037391 [1]:13309439 [2]:94 [3]:368
[0]:140250255 [1]:13342305 [2]:94 [3]:366
[0]:140456566 [1]:13374037 [2]:94 [3]:53
[0]:140655232 [1]:13404703 [2]:94 [3]:365
[0]:140859617 [1]:13436273 [2]:94 [3]:359
[0]:141060690 [1]:13467318 [2]:94 [3]:366
[0]:141262417 [1]:13498505 [2]:94 [3]:57
[0]:141461280 [1]:13529398 [2]:94 [3]:62
[0]:141657456 [1]:13559706 [2]:94 [3]:58
[0]:141859026 [1]:13590821 [2]:94 [3]:63
[0]:142082887 [1]:13625402 [2]:94 [3]:368
[0]:142287859 [1]:13657057 [2]:94 [3]:368
[0]:142492989 [1]:13688751 [2]:94 [3]:355
[0]:142705727 [1]:13721523 [2]:94 [3]:57
[0]:142903218 [1]:13752117 [2]:94 [3]:59
[0]:143104823 [1]:13783139 [2]:94 [3]:57
[0]:143310019 [1]:13814793 [2]:94 [3]:364
[0]:143524398 [1]:13847960 [2]:94 [3]:370
[0]:143737077 [1]:13880858 [2]:94 [3]:373
[0]:143936590 [1]:13911588 [2]:94 [3]:358
[0]:144133159 [1]:13942058 [2]:94 [3]:360
[0]:144346827 [1]:13975118 [2]:94 [3]:353
[0]:144566174 [1]:14008889 [2]:94 [3]:369
[0]:144771974 [1]:14040716 [2]:94 [3]:361
[0]:144965946 [1]:14070646 [2]:94 [3]:361
[0]:145177418 [1]:14103312 [2]:94 [3]:368
[0]:145378036 [1]:14134282 [2]:94 [3]:363
[0]:145594231 [1]:14167726 [2]:94 [3]:66
[0]:145797057 [1]:14199005 [2]:94 [3]:69
[0]:146009027 [1]:14231862 [2]:94 [3]:58
[0]:146193120 [1]:14260303 [2]:94 [3]:369
[0]:146448899 [1]:14299848 [2]:94 [3]:73
[0]:146647220 [1]:14330376 [2]:94 [3]:361
[0]:146847752 [1]:14361307 [2]:94 [3]:61
[0]:147042877 [1]:14391336 [2]:94 [3]:346
[0]:147262233 [1]:14425323 [2]:94 [3]:79
[0]:147464534 [1]:14456548 [2]:94 [3]:351
[0]:147663146 [1]:14487233 [2]:94 [3]:68
[0]:147856683 [1]:14517143 [2]:94 [3]:364
[0]:148058072 [1]:14548256 [2]:94 [3]:362
[0]:148254656 [1]:14578655 [2]:94 [3]:63
[0]:148443671 [1]:14607750 [2]:94 [3]:359
[0]:148639046 [1]:14638090 [2]:94 [3]:359
[0]:148830240 [1]:14667553 [2]:94 [3]:360
[0]:149027986 [1]:14698019 [2]:94 [3]:363
[0]:149221247 [1]:14727797 [2]:94 [3]:61
[0]:149417096 [1]:14757833 [2]:94 [3]:65
[0]:149621183 [1]:14789340 [2]:94 [3]:357
[0]:149814688 [1]:14819317 [2]:94 [3]:96
[0]:150031170 [1]:14852835 [2]:94 [3]:362
[0]:150224944 [1]:14882791 [2]:94 [3]:361
[0]:150413712 [1]:14911900 [2]:94 [3]:358
[0]:150605617 [1]:14941458 [2]:94 [3]:58
[0]:150822256 [1]:14974865 [2]:94 [3]:359
[0]:151019941 [1]:15005405 [2]:94 [3]:357
[0]:151210207 [1]:15034715 [2]:94 [3]:359
[0]:151403311 [1]:15064441 [2]:94 [3]:364
[0]:151594374 [1]:15094000 [2]:94 [3]:58
[0]:151788499 [1]:15123838 [2]:94 [3]:363
[0]:152023051 [1]:15160180 [2]:94 [3]:63
[0]:152232174 [1]:15192490 [2]:94 [3]:364
[0]:152430103 [1]:15223020 [2]:94 [3]:58
[0]:152627756 [1]:15253448 [2]:94 [3]:370
[0]:152829401 [1]:15284527 [2]:94 [3]:354
[0]:153026910 [1]:15314958 [2]:94 [3]:360
[0]:153215482 [1]:15344176 [2]:94 [3]:63
[0]:153440837 [1]:15378897 [2]:94 [3]:361
[0]:153640982 [1]:15409758 [2]:94 [3]:59
[0]:153842120 [1]:15440747 [2]:94 [3]:371
[0]:154041441 [1]:15471655 [2]:94 [3]:360
[0]:154242521 [1]:15502806 [2]:94 [3]:360
[0]:154440427 [1]:15533333 [2]:94 [3]:67
[0]:154638330 [1]:15563814 [2]:94 [3]:81
[0]:154854573 [1]:15597266 [2]:94 [3]:357
[0]:155052497 [1]:15627777 [2]:94 [3]:371
[0]:155246065 [1]:15657728 [2]:94 [3]:62
[0]:155470125 [1]:15692255 [2]:94 [3]:358
[0]:155667816 [1]:15722897 [2]:94 [3]:75
[0]:155889354 [1]:15757108 [2]:94 [3]:352
[0]:156081895 [1]:15786766 [2]:94 [3]:359
[0]:156283299 [1]:15818009 [2]:94 [3]:370
[0]:156473752 [1]:15847301 [2]:94 [3]:355
[0]:156674464 [1]:15878329 [2]:94 [3]:362
[0]:156866676 [1]:15908073 [2]:94 [3]:372
[0]:157062464 [1]:15938294 [2]:94 [3]:353
[0]:157290493 [1]:15973411 [2]:94 [3]:75
[0]:157491416 [1]:16004416 [2]:94 [3]:369
[0]:157707111 [1]:16037820 [2]:94 [3]:360
[0]:157898285 [1]:16067349 [2]:94 [3]:61
[0]:158114704 [1]:16100768 [2]:94 [3]:352
[0]:158311368 [1]:16131261 [2]:94 [3]:359
[0]:158532340 [1]:16165338 [2]:94 [3]:369
[0]:158726322 [1]:16195343 [2]:94 [3]:354
[0]:158925177 [1]:16225956 [2]:94 [3]:372
[0]:159118211 [1]:16255831 [2]:94 [3]:64
[0]:159308156 [1]:16285117 [2]:94 [3]:61
[0]:159512235 [1]:16316660 [2]:94 [3]:368
[0]:159722384 [1]:16349068 [2]:94 [3]:76
[0]:159920046 [1]:16379531 [2]:94 [3]:56
[0]:160117762 [1]:16409996 [2]:94 [3]:67
[0]:160318210 [1]:16441032 [2]:94 [3]:53
[0]:160543172 [1]:16475756 [2]:94 [3]:67
[0]:160732933 [1]:16505120 [2]:94 [3]:360
[0]:160926940 [1]:16535092 [2]:94 [3]:360
[0]:161135535 [1]:16567294 [2]:94 [3]:54
[0]:161336250 [1]:16598233 [2]:94 [3]:356
[0]:161533744 [1]:16628637 [2]:94 [3]:362
[0]:161729227 [1]:16658992 [2]:94 [3]:73
[0]:161923011 [1]:16688934 [2]:94 [3]:368
[0]:162119135 [1]:16719110 [2]:94 [3]:56
[0]:162313441 [1]:16749109 [2]:94 [3]:62
[0]:162519375 [1]:16780947 [2]:94 [3]:66
[0]:162724750 [1]:16812854 [2]:94 [3]:353
[0]:162933775 [1]:16845075 [2]:94 [3]:361
[0]:163131553 [1]:16875497 [2]:94 [3]:70
[0]:163340887 [1]:16907785 [2]:94 [3]:356
[0]:163534237 [1]:16937753 [2]:94 [3]:362
[0]:163739751 [1]:16969460 [2]:94 [3]:65
[0]:163937172 [1]:16999945 [2]:94 [3]:361
[0]:164127384 [1]:17029362 [2]:94 [3]:66
[0]:164330231 [1]:17060707 [2]:94 [3]:356
[0]:164534112 [1]:17092098 [2]:94 [3]:363
[0]:164729526 [1]:17122213 [2]:94 [3]:368
[0]:164925771 [1]:17152455 [2]:94 [3]:367
[0]:165127207 [1]:17183515 [2]:94 [3]:361
[0]:165325085 [1]:17214004 [2]:94 [3]:370
[0]:165530149 [1]:17245592 [2]:94 [3]:76
[0]:165731639 [1]:17276580 [2]:94 [3]:58
[0]:165932587 [1]:17307594 [2]:94 [3]:365
[0]:166134964 [1]:17338879 [2]:94 [3]:61
[0]:166364013 [1]:17374265 [2]:94 [3]:68
[0]:166572104 [1]:17406412 [2]:94 [3]:368
[0]:166765156 [1]:17436212 [2]:94 [3]:362
[0]:166962479 [1]:17466736 [2]:94 [3]:364
[0]:167160251 [1]:17497275 [2]:94 [3]:361
[0]:167350504 [1]:17526742 [2]:94 [3]:352
[0]:167566262 [1]:17559918 [2]:94 [3]:62
[0]:167779357 [1]:17592798 [2]:94 [3]:359
[0]:167984562 [1]:17624435 [2]:94 [3]:341
[0]:168178696 [1]:17654313 [2]:94 [3]:359
[0]:168379406 [1]:17685500 [2]:94 [3]:68
[0]:168585018 [1]:17717261 [2]:94 [3]:353
[0]:168782768 [1]:17747806 [2]:94 [3]:359
[0]:169006538 [1]:17782328 [2]:94 [3]:360
[0]:169221759 [1]:17815524 [2]:94 [3]:363
[0]:169428037 [1]:17847388 [2]:94 [3]:62
[0]:169621854 [1]:17877362 [2]:94 [3]:60
[0]:169817904 [1]:17907556 [2]:94 [3]:70
[0]:170011242 [1]:17937486 [2]:94 [3]:362
[0]:170207511 [1]:17967839 [2]:94 [3]:57
[0]:170431034 [1]:18002257 [2]:94 [3]:60
[0]:170655194 [1]:18036761 [2]:94 [3]:61
[0]:170852309 [1]:18067173 [2]:94 [3]:56
[0]:171043393 [1]:18096615 [2]:94 [3]:361
[0]:171234331 [1]:18125979 [2]:94 [3]:74
[0]:171450041 [1]:18159345 [2]:94 [3]:358
[0]:171647566 [1]:18189912 [2]:94 [3]:60
[0]:171845236 [1]:18220359 [2]:94 [3]:353
[0]:172054005 [1]:18252696 [2]:94 [3]:370
[0]:172265449 [1]:18285293 [2]:94 [3]:57
[0]:172464396 [1]:18316046 [2]:94 [3]:361
[0]:172676310 [1]:18348708 [2]:94 [3]:63
[0]:172874850 [1]:18379339 [2]:94 [3]:361
[0]:173095063 [1]:18413338 [2]:94 [3]:369
[0]:173289007 [1]:18443209 [2]:94 [3]:59
[0]:173496792 [1]:18475267 [2]:94 [3]:58
[0]:173691811 [1]:18505423 [2]:94 [3]:364
[0]:173884774 [1]:18535339 [2]:94 [3]:364
[0]:174076056 [1]:18564957 [2]:94 [3]:368
[0]:174273436 [1]:18595556 [2]:94 [3]:362
[0]:174474840 [1]:18626642 [2]:94 [3]:357
[0]:174687568 [1]:18659396 [2]:94 [3]:361
[0]:174884018 [1]:18689756 [2]:94 [3]:363
[0]:175097970 [1]:18722735 [2]:94 [3]:357
[0]:175291817 [1]:18752691 [2]:94 [3]:75
[0]:175489559 [1]:18783239 [2]:94 [3]:368
[0]:175690650 [1]:18814466 [2]:94 [3]:364
[0]:175888340 [1]:18845037 [2]:94 [3]:54
[0]:176089134 [1]:18875845 [2]:94 [3]:356
[0]:176287182 [1]:18906318 [2]:94 [3]:80
[0]:176531732 [1]:18943961 [2]:94 [3]:364
[0]:176727431 [1]:18974466 [2]:94 [3]:364
[0]:176925620 [1]:19004896 [2]:94 [3]:357
[0]:177127038 [1]:19035934 [2]:94 [3]:353
[0]:177367464 [1]:19073144 [2]:94 [3]:359
[0]:177559753 [1]:19102813 [2]:94 [3]:374
[0]:177750846 [1]:19132384 [2]:94 [3]:360
[0]:177943908 [1]:19162105 [2]:94 [3]:365
[0]:178164071 [1]:19195999 [2]:94 [3]:65
[0]:178369152 [1]:19227706 [2]:94 [3]:64
[0]:178559298 [1]:19257028 [2]:94 [3]:58
[0]:178764491 [1]:19288737 [2]:94 [3]:59
[0]:178958358 [1]:19318769 [2]:94 [3]:355
[0]:179155938 [1]:19349397 [2]:94 [3]:363
[0]:179346034 [1]:19378838 [2]:94 [3]:362
[0]:179539670 [1]:19408699 [2]:94 [3]:359
[0]:179737998 [1]:19439215 [2]:94 [3]:362
[0]:179939315 [1]:19470314 [2]:94 [3]:61
[0]:180133106 [1]:19500164 [2]:94 [3]:57
[0]:180330776 [1]:19530672 [2]:94 [3]:356
[0]:180521253 [1]:19560109 [2]:94 [3]:361
[0]:180730414 [1]:19592337 [2]:94 [3]:355
[0]:180953807 [1]:19626722 [2]:94 [3]:372
[0]:181144460 [1]:19656035 [2]:94 [3]:359
[0]:181341411 [1]:19686519 [2]:94 [3]:72
[0]:181539765 [1]:19717211 [2]:94 [3]:364
[0]:181750752 [1]:19749748 [2]:94 [3]:361
[0]:181953651 [1]:19781278 [2]:94 [3]:75
[0]:182155031 [1]:19812446 [2]:94 [3]:361
[0]:182404811 [1]:19851114 [2]:94 [3]:357
[0]:182598840 [1]:19881030 [2]:94 [3]:63
[0]:182797788 [1]:19911753 [2]:94 [3]:365
[0]:182994142 [1]:19942218 [2]:94 [3]:368
[0]:183192046 [1]:19972653 [2]:94 [3]:79
[0]:183397206 [1]:20004254 [2]:94 [3]:364
[0]:183606065 [1]:20036551 [2]:94 [3]:366
[0]:183811217 [1]:20068077 [2]:94 [3]:366
[0]:184013457 [1]:20099245 [2]:94 [3]:63
[0]:184217967 [1]:20130807 [2]:94 [3]:362
[0]:184423162 [1]:20162438 [2]:94 [3]:60
[0]:184649209 [1]:20197371 [2]:94 [3]:357
[0]:184848238 [1]:20228256 [2]:94 [3]:355
[0]:185045639 [1]:20258835 [2]:94 [3]:57
[0]:185247527 [1]:20289763 [2]:94 [3]:363
[0]:185446816 [1]:20320506 [2]:94 [3]:85
[0]:185695060 [1]:20358869 [2]:94 [3]:64
[0]:185888942 [1]:20388726 [2]:94 [3]:77
[0]:186086673 [1]:20419298 [2]:94 [3]:54
[0]:186294473 [1]:20451314 [2]:94 [3]:62
[0]:186494660 [1]:20482226 [2]:94 [3]:63
[0]:186682401 [1]:20511212 [2]:94 [3]:63
[0]:186877488 [1]:20541371 [2]:94 [3]:358
[0]:187075291 [1]:20571875 [2]:94 [3]:359
[0]:187269305 [1]:20601748 [2]:94 [3]:358
[0]:187489422 [1]:20635708 [2]:94 [3]:364
[0]:187685980 [1]:20666177 [2]:94 [3]:369
[0]:187889372 [1]:20697678 [2]:94 [3]:360
[0]:188097285 [1]:20729678 [2]:94 [3]:359
[0]:188295007 [1]:20760209 [2]:94 [3]:62
[0]:188491554 [1]:20790504 [2]:94 [3]:65
[0]:188693728 [1]:20821775 [2]:94 [3]:366
[0]:188892691 [1]:20852575 [2]:94 [3]:374
[0]:189085868 [1]:20882423 [2]:94 [3]:365
[0]:189294199 [1]:20914612 [2]:94 [3]:366
[0]:189492161 [1]:20945231 [2]:94 [3]:60
[0]:189689989 [1]:20975760 [2]:94 [3]:62
[0]:189893150 [1]:21007018 [2]:94 [3]:64
[0]:190089264 [1]:21037198 [2]:94 [3]:357
[0]:190301383 [1]:21069881 [2]:94 [3]:356
[0]:190507164 [1]:21101665 [2]:94 [3]:366
[0]:190701173 [1]:21131505 [2]:94 [3]:56
[0]:190891463 [1]:21160854 [2]:94 [3]:370
[0]:191103692 [1]:21193673 [2]:94 [3]:370
[0]:191298023 [1]:21223654 [2]:94 [3]:369
[0]:191495831 [1]:21254082 [2]:94 [3]:60
[0]:191693579 [1]:21284590 [2]:94 [3]:366
[0]:191943386 [1]:21323170 [2]:94 [3]:364
[0]:192155925 [1]:21355998 [2]:94 [3]:65
[0]:192350068 [1]:21385902 [2]:94 [3]:366
[0]:192543951 [1]:21415915 [2]:94 [3]:366
[0]:192741750 [1]:21446338 [2]:94 [3]:60
[0]:192960613 [1]:21480089 [2]:94 [3]:362
[0]:193174432 [1]:21513196 [2]:94 [3]:364
[0]:193405252 [1]:21548848 [2]:94 [3]:369
[0]:193601524 [1]:21579236 [2]:94 [3]:68
[0]:193791592 [1]:21608677 [2]:94 [3]:363
[0]:193987541 [1]:21638859 [2]:94 [3]:85
[0]:194184853 [1]:21669670 [2]:94 [3]:361
[0]:194378815 [1]:21699523 [2]:94 [3]:62
[0]:194569771 [1]:21728936 [2]:94 [3]:367
[0]:194766289 [1]:21759303 [2]:94 [3]:71
[0]:194968283 [1]:21790527 [2]:94 [3]:64
[0]:195165959 [1]:21821059 [2]:94 [3]:360
[0]:195366070 [1]:21851950 [2]:94 [3]:361
[0]:195557660 [1]:21881384 [2]:94 [3]:369
[0]:195829932 [1]:21923561 [2]:94 [3]:61
[0]:196027658 [1]:21953978 [2]:94 [3]:369
[0]:196250418 [1]:21988300 [2]:94 [3]:61
[0]:196451097 [1]:22019186 [2]:94 [3]:60
[0]:196643216 [1]:22048864 [2]:94 [3]:358
[0]:196852240 [1]:22081062 [2]:94 [3]:361
[0]:197038788 [1]:22109835 [2]:94 [3]:357
[0]:197232556 [1]:22140005 [2]:94 [3]:67
[0]:197434072 [1]:22171080 [2]:94 [3]:363
[0]:197627980 [1]:22200931 [2]:94 [3]:63
[0]:197823831 [1]:22231218 [2]:94 [3]:63
[0]:198025410 [1]:22262242 [2]:94 [3]:73
[0]:198243482 [1]:22296001 [2]:94 [3]:362
[0]:198439694 [1]:22326259 [2]:94 [3]:364
[0]:198635268 [1]:22356417 [2]:94 [3]:353
[0]:198828959 [1]:22386339 [2]:94 [3]:368
[0]:199034326 [1]:22418050 [2]:94 [3]:366
[0]:199231365 [1]:22448496 [2]:94 [3]:359
[0]:199437139 [1]:22480246 [2]:94 [3]:61
[0]:199634395 [1]:22510778 [2]:94 [3]:363
[0]:199841956 [1]:22542856 [2]:94 [3]:63
[0]:200041441 [1]:22573591 [2]:94 [3]:362
[0]:200242614 [1]:22604754 [2]:94 [3]:368
[0]:200496296 [1]:22644000 [2]:94 [3]:352
[0]:200507744 [1]:22645815 [2]:94 [3]:360
[0]:200507744 [1]:22645815 [2]:94 [3]:360
[0]:200507744 [1]:22645815 [2]:94 [3]:360
[0]:200507744 [1]:22645815 [2]:94 [3]:360
[0]:200507744 [1]:22645815 [2]:94 [3]:360
[0]:200507744 [1]:22645815 [2]:94 [3]:360
[0]:200507744 [1]:22645815 [2]:94 [3]:360
[0]:200507744 [1]:22645815 [2]:94 [3]:360
[0]:200507744 [1]:22645815 [2]:94 [3]:360
[0]:200507744 [1]:22645815 [2]:94 [3]:360
[0]:200507744 [1]:22645815 [2]:94 [3]:360
