[0]:0 [1]:0 [2]:0 [3]:0
[0]:0 [1]:0 [2]:0 [3]:0
[0]:0 [1]:0 [2]:0 [3]:0
[0]:0 [1]:0 [2]:0 [3]:0
[0]:992000 [1]:992000 [2]:0 [3]:50
[0]:2046279 [1]:2046280 [2]:0 [3]:14
[0]:3075010 [1]:3075016 [2]:0 [3]:13
[0]:4145174 [1]:4145174 [2]:0 [3]:48
[0]:5193673 [1]:5193673 [2]:0 [3]:51
[0]:6309053 [1]:6309053 [2]:0 [3]:50
[0]:7317516 [1]:7317517 [2]:0 [3]:16
[0]:8340114 [1]:8340113 [2]:0 [3]:15
[0]:9359383 [1]:9359385 [2]:0 [3]:12
[0]:10364497 [1]:10364525 [2]:0 [3]:11
[0]:11402528 [1]:11402528 [2]:0 [3]:47
[0]:12558437 [1]:12558442 [2]:0 [3]:11
[0]:14059622 [1]:14059641 [2]:0 [3]:9
[0]:15281712 [1]:15281712 [2]:0 [3]:52
[0]:16494641 [1]:16494644 [2]:0 [3]:48
[0]:17654663 [1]:17654665 [2]:0 [3]:11
[0]:18865783 [1]:18865788 [2]:0 [3]:51
[0]:20078553 [1]:20078553 [2]:0 [3]:47
[0]:21202538 [1]:21202538 [2]:0 [3]:50
[0]:22674049 [1]:22674051 [2]:0 [3]:12
[0]:23872135 [1]:23872153 [2]:0 [3]:7
[0]:25010365 [1]:25010369 [2]:0 [3]:49
[0]:26148105 [1]:26148105 [2]:0 [3]:7
[0]:27502668 [1]:27502674 [2]:0 [3]:18
[0]:28672201 [1]:28672210 [2]:0 [3]:11
[0]:29935096 [1]:29935101 [2]:0 [3]:14
[0]:31095712 [1]:31095707 [2]:0 [3]:12
[0]:32231746 [1]:32231752 [2]:0 [3]:11
[0]:33541685 [1]:33541687 [2]:0 [3]:48
[0]:34680458 [1]:34680492 [2]:0 [3]:9
[0]:36011061 [1]:36011063 [2]:0 [3]:12
[0]:37026008 [1]:37026008 [2]:0 [3]:50
[0]:38073655 [1]:38073651 [2]:0 [3]:13
[0]:39165965 [1]:39165967 [2]:0 [3]:49
[0]:40182992 [1]:40182992 [2]:0 [3]:13
[0]:41203987 [1]:41203987 [2]:0 [3]:11
[0]:42250098 [1]:42250104 [2]:0 [3]:12
[0]:43269039 [1]:43269039 [2]:0 [3]:49
[0]:44317769 [1]:44317769 [2]:0 [3]:14
[0]:45347075 [1]:45347080 [2]:0 [3]:10
[0]:46446257 [1]:46446281 [2]:0 [3]:49
[0]:47485136 [1]:47485136 [2]:0 [3]:51
[0]:48572416 [1]:48572416 [2]:0 [3]:50
[0]:49865419 [1]:49865425 [2]:0 [3]:16
[0]:50957154 [1]:50957167 [2]:0 [3]:13
[0]:52510829 [1]:52510830 [2]:0 [3]:52
[0]:53832925 [1]:53832932 [2]:0 [3]:12
[0]:54869283 [1]:54869285 [2]:0 [3]:13
[0]:56076960 [1]:56076960 [2]:0 [3]:48
[0]:57067137 [1]:57067147 [2]:0 [3]:12
[0]:58093922 [1]:58093927 [2]:0 [3]:9
[0]:59144347 [1]:59144351 [2]:0 [3]:13
[0]:60155635 [1]:60155634 [2]:0 [3]:14
[0]:61208267 [1]:61208258 [2]:0 [3]:11
[0]:62244263 [1]:62244270 [2]:0 [3]:11
[0]:63381827 [1]:63381847 [2]:0 [3]:16
[0]:64484512 [1]:64484521 [2]:0 [3]:10
[0]:65662840 [1]:65662842 [2]:0 [3]:53
[0]:66986293 [1]:66986301 [2]:0 [3]:11
[0]:68054207 [1]:68054210 [2]:0 [3]:8
[0]:69114999 [1]:69115002 [2]:0 [3]:46
[0]:70214203 [1]:70214204 [2]:0 [3]:11
[0]:71762161 [1]:71762161 [2]:0 [3]:42
[0]:72936469 [1]:72936473 [2]:0 [3]:15
[0]:74115413 [1]:74115414 [2]:0 [3]:11
[0]:75318226 [1]:75318235 [2]:0 [3]:15
[0]:76545462 [1]:76545472 [2]:0 [3]:51
[0]:77633673 [1]:77633683 [2]:0 [3]:7
[0]:78793833 [1]:78793833 [2]:0 [3]:9
[0]:79914650 [1]:79914659 [2]:0 [3]:15
[0]:81087087 [1]:81087096 [2]:0 [3]:11
[0]:82479772 [1]:82479819 [2]:0 [3]:11
[0]:83798227 [1]:83798276 [2]:0 [3]:50
[0]:84981056 [1]:84981056 [2]:0 [3]:54
[0]:86144845 [1]:86144858 [2]:0 [3]:11
[0]:87341284 [1]:87341292 [2]:0 [3]:14
[0]:88450569 [1]:88450591 [2]:0 [3]:10
[0]:89641518 [1]:89641518 [2]:0 [3]:12
[0]:91247318 [1]:91247318 [2]:0 [3]:12
[0]:92548240 [1]:92548244 [2]:0 [3]:12
[0]:93693205 [1]:93693207 [2]:0 [3]:9
[0]:94748035 [1]:94748046 [2]:0 [3]:16
[0]:95799697 [1]:95799698 [2]:0 [3]:48
[0]:96927204 [1]:96927212 [2]:0 [3]:16
[0]:97989703 [1]:97989709 [2]:0 [3]:16
[0]:98999309 [1]:98999338 [2]:0 [3]:48
[0]:100012272 [1]:100012274 [2]:0 [3]:11
[0]:101039096 [1]:101039096 [2]:0 [3]:53
[0]:102115511 [1]:102115518 [2]:0 [3]:14
[0]:103135355 [1]:103135358 [2]:0 [3]:14
[0]:104163001 [1]:104163002 [2]:0 [3]:10
[0]:105233930 [1]:105233931 [2]:0 [3]:15
[0]:106270538 [1]:106270552 [2]:0 [3]:12
[0]:107304779 [1]:107304782 [2]:0 [3]:13
[0]:108314264 [1]:108314264 [2]:0 [3]:48
[0]:109472568 [1]:109472569 [2]:0 [3]:40
[0]:110718239 [1]:110718242 [2]:0 [3]:48
[0]:111996195 [1]:111996203 [2]:0 [3]:14
[0]:113081532 [1]:113081534 [2]:0 [3]:50
[0]:114119921 [1]:114119912 [2]:0 [3]:15
[0]:115208440 [1]:115208440 [2]:0 [3]:55
[0]:116273176 [1]:116273176 [2]:0 [3]:57
[0]:117350219 [1]:117350229 [2]:0 [3]:10
[0]:118413903 [1]:118413903 [2]:0 [3]:11
[0]:119585715 [1]:119585716 [2]:0 [3]:13
[0]:120633996 [1]:120634000 [2]:0 [3]:16
[0]:121650320 [1]:121650320 [2]:0 [3]:50
[0]:122723591 [1]:122723596 [2]:0 [3]:47
[0]:123848000 [1]:123848000 [2]:0 [3]:52
[0]:124983734 [1]:124983732 [2]:0 [3]:55
[0]:126023775 [1]:126023775 [2]:0 [3]:48
[0]:127102046 [1]:127102046 [2]:0 [3]:8
[0]:128216092 [1]:128216127 [2]:0 [3]:53
[0]:129464165 [1]:129464192 [2]:0 [3]:50
[0]:130764252 [1]:130764269 [2]:0 [3]:15
[0]:132023496 [1]:132023498 [2]:0 [3]:11
[0]:133184539 [1]:133184543 [2]:0 [3]:18
[0]:134490627 [1]:134490631 [2]:0 [3]:12
[0]:135692512 [1]:135692512 [2]:0 [3]:51
[0]:136881006 [1]:136881046 [2]:0 [3]:15
[0]:138079127 [1]:138079133 [2]:0 [3]:16
[0]:139242902 [1]:139242903 [2]:0 [3]:54
[0]:140413291 [1]:140413297 [2]:0 [3]:52
[0]:141601340 [1]:141601347 [2]:0 [3]:49
[0]:142825472 [1]:142825481 [2]:0 [3]:47
[0]:143971907 [1]:143971913 [2]:0 [3]:12
[0]:145152414 [1]:145152421 [2]:0 [3]:15
[0]:146332601 [1]:146332604 [2]:0 [3]:11
[0]:147549118 [1]:147549193 [2]:0 [3]:51
[0]:148738507 [1]:148738515 [2]:0 [3]:10
[0]:149966014 [1]:149966014 [2]:0 [3]:16
[0]:151339776 [1]:151339776 [2]:0 [3]:3
[0]:152408751 [1]:152408751 [2]:0 [3]:12
[0]:153812617 [1]:153812620 [2]:0 [3]:7
[0]:154848597 [1]:154848611 [2]:0 [3]:9
[0]:155891162 [1]:155891162 [2]:0 [3]:14
[0]:156926211 [1]:156926215 [2]:0 [3]:49
[0]:157907913 [1]:157907917 [2]:0 [3]:48
[0]:158944024 [1]:158944024 [2]:0 [3]:47
[0]:159998286 [1]:159998287 [2]:0 [3]:17
[0]:161018952 [1]:161018950 [2]:0 [3]:9
[0]:162105818 [1]:162105828 [2]:0 [3]:10
[0]:163164507 [1]:163164507 [2]:0 [3]:13
