[0]:3829720798 [1]:1 [2]:2 [3]:3
[0]:3633139096 [1]:1 [2]:2 [3]:3
[0]:3444999598 [1]:1 [2]:2 [3]:3
[0]:4257921310 [1]:1 [2]:2 [3]:3
[0]:4064953286 [1]:1 [2]:2 [3]:3
[0]:3873638698 [1]:1 [2]:2 [3]:3
[0]:3653926790 [1]:1 [2]:2 [3]:3
[0]:3402756146 [1]:1 [2]:2 [3]:3
[0]:4089334852 [1]:1 [2]:2 [3]:2
[0]:3864993781 [1]:1 [2]:2 [3]:3
[0]:3656726480 [1]:1 [2]:2 [3]:3
[0]:3449948671 [1]:1 [2]:2 [3]:3
[0]:4235172258 [1]:1 [2]:2 [3]:3
[0]:4024797890 [1]:1 [2]:2 [3]:3
[0]:3819218332 [1]:1 [2]:2 [3]:3
[0]:3605104610 [1]:1 [2]:2 [3]:2
[0]:3386354311 [1]:1 [2]:2 [3]:3
[0]:4150656848 [1]:1 [2]:2 [3]:4
[0]:3945974015 [1]:1 [2]:2 [3]:3
[0]:3729207650 [1]:1 [2]:2 [3]:2
[0]:3522011703 [1]:1 [2]:2 [3]:2
[0]:3312097018 [1]:1 [2]:2 [3]:2
[0]:4105213296 [1]:1 [2]:2 [3]:3
[0]:3905082300 [1]:1 [2]:2 [3]:3
[0]:3713048863 [1]:1 [2]:2 [3]:3
[0]:3520016455 [1]:1 [2]:2 [3]:3
[0]:3325025882 [1]:1 [2]:2 [3]:2
[0]:4102429940 [1]:1 [2]:2 [3]:3
[0]:3916266582 [1]:1 [2]:2 [3]:3
[0]:3725083522 [1]:1 [2]:2 [3]:3
[0]:3533365402 [1]:1 [2]:2 [3]:3
[0]:3329110926 [1]:1 [2]:2 [3]:3
[0]:4141972255 [1]:1 [2]:2 [3]:3
[0]:3941978922 [1]:1 [2]:2 [3]:3
[0]:3761043990 [1]:1 [2]:2 [3]:2
[0]:3579785668 [1]:1 [2]:2 [3]:3
[0]:3393981685 [1]:1 [2]:2 [3]:4
[0]:4201100765 [1]:1 [2]:2 [3]:3
[0]:4001314561 [1]:1 [2]:2 [3]:3
[0]:3769020282 [1]:1 [2]:2 [3]:3
[0]:3550332555 [1]:1 [2]:2 [3]:3
[0]:3339077771 [1]:1 [2]:2 [3]:3
[0]:4137989911 [1]:1 [2]:2 [3]:3
[0]:3945789851 [1]:1 [2]:2 [3]:3
[0]:3732594547 [1]:1 [2]:2 [3]:3
[0]:3545012137 [1]:1 [2]:2 [3]:2
[0]:3347356778 [1]:1 [2]:2 [3]:3
[0]:4157998728 [1]:1 [2]:2 [3]:3
[0]:3962000916 [1]:1 [2]:2 [3]:3
[0]:3773086712 [1]:1 [2]:2 [3]:2
[0]:3581288108 [1]:1 [2]:2 [3]:2
[0]:3394022372 [1]:1 [2]:2 [3]:3
[0]:4205103317 [1]:1 [2]:2 [3]:3
[0]:4009666146 [1]:1 [2]:2 [3]:3
[0]:3821024855 [1]:1 [2]:2 [3]:3
[0]:3630012208 [1]:1 [2]:2 [3]:3
[0]:3424316153 [1]:1 [2]:2 [3]:3
[0]:4170192202 [1]:1 [2]:2 [3]:3
[0]:3938709582 [1]:1 [2]:2 [3]:3
[0]:3710017625 [1]:1 [2]:2 [3]:3
[0]:3482427277 [1]:1 [2]:2 [3]:3
[0]:4272025618 [1]:1 [2]:2 [3]:3
[0]:4065234416 [1]:1 [2]:2 [3]:3
[0]:3854025382 [1]:1 [2]:2 [3]:3
[0]:3636919846 [1]:1 [2]:2 [3]:4
[0]:3430027956 [1]:1 [2]:2 [3]:3
[0]:4218357962 [1]:1 [2]:2 [3]:3
[0]:4005227923 [1]:1 [2]:2 [3]:3
[0]:3789090900 [1]:1 [2]:2 [3]:3
[0]:3573010377 [1]:1 [2]:2 [3]:2
[0]:3359835575 [1]:1 [2]:2 [3]:3
[0]:4149041830 [1]:1 [2]:2 [3]:3
[0]:3938077063 [1]:1 [2]:2 [3]:3
[0]:3733308133 [1]:1 [2]:2 [3]:3
[0]:3525324133 [1]:1 [2]:2 [3]:3
[0]:3333253425 [1]:1 [2]:2 [3]:3
[0]:4141513927 [1]:1 [2]:2 [3]:3
[0]:3947716933 [1]:1 [2]:2 [3]:3
[0]:3757093372 [1]:1 [2]:2 [3]:3
[0]:3566024077 [1]:1 [2]:2 [3]:3
[0]:3383275487 [1]:1 [2]:2 [3]:3
[0]:4197127705 [1]:1 [2]:2 [3]:3
[0]:4016112092 [1]:1 [2]:2 [3]:3
[0]:3813566975 [1]:1 [2]:2 [3]:3
[0]:3605136441 [1]:1 [2]:2 [3]:3
[0]:3405831465 [1]:1 [2]:2 [3]:3
[0]:4205864635 [1]:1 [2]:2 [3]:3
[0]:4013193273 [1]:1 [2]:2 [3]:3
[0]:3774790935 [1]:1 [2]:2 [3]:2
[0]:3546657030 [1]:1 [2]:2 [3]:2
[0]:4243107102 [1]:1 [2]:2 [3]:3
[0]:4009261240 [1]:1 [2]:2 [3]:3
[0]:3819090951 [1]:1 [2]:2 [3]:3
[0]:3619554610 [1]:1 [2]:2 [3]:2
[0]:3430101541 [1]:1 [2]:2 [3]:3
[0]:4218251193 [1]:1 [2]:2 [3]:3
[0]:4027369661 [1]:1 [2]:2 [3]:2
[0]:3795497558 [1]:1 [2]:2 [3]:3
[0]:3605262383 [1]:1 [2]:2 [3]:3
[0]:3418085193 [1]:1 [2]:2 [3]:3
[0]:4221428586 [1]:1 [2]:2 [3]:2
[0]:4029073686 [1]:1 [2]:2 [3]:3
[0]:3833492237 [1]:1 [2]:2 [3]:2
[0]:3642092833 [1]:1 [2]:2 [3]:4
[0]:3454153127 [1]:1 [2]:2 [3]:3
[0]:4269174641 [1]:1 [2]:2 [3]:2
[0]:4054096958 [1]:1 [2]:2 [3]:3
[0]:3816355980 [1]:1 [2]:2 [3]:3
[0]:3547253335 [1]:1 [2]:2 [3]:3
[0]:3342102666 [1]:1 [2]:2 [3]:3
[0]:4129170268 [1]:1 [2]:2 [3]:3
[0]:3921414660 [1]:1 [2]:2 [3]:3
[0]:3703057207 [1]:1 [2]:2 [3]:2
[0]:3489208535 [1]:1 [2]:2 [3]:3
[0]:4277373353 [1]:1 [2]:2 [3]:3
[0]:4063858757 [1]:1 [2]:2 [3]:3
[0]:3845973820 [1]:1 [2]:2 [3]:3
[0]:3625130615 [1]:1 [2]:2 [3]:4
[0]:3401208620 [1]:1 [2]:2 [3]:3
[0]:4192563811 [1]:1 [2]:2 [3]:3
[0]:3978122875 [1]:1 [2]:2 [3]:4
[0]:3757135745 [1]:1 [2]:2 [3]:3
[0]:3547814305 [1]:1 [2]:2 [3]:3
[0]:3353280181 [1]:1 [2]:2 [3]:3
[0]:4140234220 [1]:1 [2]:2 [3]:3
[0]:3954129795 [1]:1 [2]:2 [3]:3
[0]:3766778572 [1]:1 [2]:2 [3]:3
[0]:3578139987 [1]:1 [2]:2 [3]:4
[0]:3381204570 [1]:1 [2]:2 [3]:3
[0]:4181345985 [1]:1 [2]:2 [3]:3
[0]:3986137323 [1]:1 [2]:2 [3]:3
[0]:3797319891 [1]:1 [2]:2 [3]:3
[0]:3606083113 [1]:1 [2]:2 [3]:3
[0]:3401216763 [1]:1 [2]:2 [3]:3
[0]:4216344683 [1]:1 [2]:2 [3]:3
[0]:3993315625 [1]:1 [2]:2 [3]:3
[0]:3796604906 [1]:1 [2]:2 [3]:3
[0]:3569011295 [1]:1 [2]:2 [3]:3
[0]:3346151293 [1]:1 [2]:2 [3]:3
[0]:4098638507 [1]:1 [2]:2 [3]:3
[0]:3881602825 [1]:1 [2]:2 [3]:2
[0]:3677259643 [1]:1 [2]:2 [3]:3
[0]:3478730645 [1]:1 [2]:2 [3]:3
[0]:4294160063 [1]:1 [2]:2 [3]:3
[0]:4105405795 [1]:1 [2]:2 [3]:3
