[0]:3818162551 [1]:1 [2]:2 [3]:3
[0]:3625901266 [1]:1 [2]:2 [3]:3
[0]:3438152936 [1]:1 [2]:2 [3]:3
[0]:4241556010 [1]:1 [2]:2 [3]:2
[0]:4002248511 [1]:1 [2]:2 [3]:3
[0]:3709071248 [1]:1 [2]:2 [3]:2
[0]:3514902800 [1]:1 [2]:2 [3]:3
[0]:3322139886 [1]:1 [2]:2 [3]:3
[0]:4134110636 [1]:1 [2]:2 [3]:3
[0]:3927855890 [1]:1 [2]:2 [3]:3
[0]:3745924440 [1]:1 [2]:2 [3]:3
[0]:3558911016 [1]:1 [2]:2 [3]:3
[0]:3373644327 [1]:1 [2]:2 [3]:3
[0]:4178079051 [1]:1 [2]:2 [3]:3
[0]:3999090243 [1]:1 [2]:2 [3]:3
[0]:3782166062 [1]:1 [2]:2 [3]:3
[0]:3592272653 [1]:1 [2]:2 [3]:2
[0]:3407834235 [1]:1 [2]:2 [3]:3
[0]:4218253170 [1]:1 [2]:2 [3]:3
[0]:4034055307 [1]:1 [2]:2 [3]:3
[0]:3846215731 [1]:1 [2]:2 [3]:4
[0]:3570424812 [1]:1 [2]:2 [3]:3
[0]:4284763185 [1]:1 [2]:2 [3]:3
[0]:4062062692 [1]:1 [2]:2 [3]:3
[0]:3846022611 [1]:1 [2]:2 [3]:3
[0]:3637953112 [1]:1 [2]:2 [3]:3
[0]:3418135475 [1]:1 [2]:2 [3]:3
[0]:4206106290 [1]:1 [2]:2 [3]:2
[0]:3982792870 [1]:1 [2]:2 [3]:2
[0]:3770943200 [1]:1 [2]:2 [3]:3
[0]:3554358472 [1]:1 [2]:2 [3]:3
[0]:3341714336 [1]:1 [2]:2 [3]:3
[0]:4119232070 [1]:1 [2]:2 [3]:3
[0]:3818951470 [1]:1 [2]:2 [3]:3
[0]:3601967702 [1]:1 [2]:2 [3]:3
[0]:3366014736 [1]:1 [2]:2 [3]:3
[0]:4160354958 [1]:1 [2]:2 [3]:3
[0]:3966318456 [1]:1 [2]:2 [3]:3
[0]:3774171560 [1]:1 [2]:2 [3]:3
[0]:3584030516 [1]:1 [2]:2 [3]:3
[0]:3394326955 [1]:1 [2]:2 [3]:3
[0]:4202964063 [1]:1 [2]:2 [3]:4
[0]:4012134020 [1]:1 [2]:2 [3]:3
[0]:3826161155 [1]:1 [2]:2 [3]:3
[0]:3641338901 [1]:1 [2]:2 [3]:3
[0]:3454135253 [1]:1 [2]:2 [3]:2
[0]:4262640417 [1]:1 [2]:2 [3]:3
[0]:4063927076 [1]:1 [2]:2 [3]:3
[0]:3862069957 [1]:1 [2]:2 [3]:3
[0]:3676203563 [1]:1 [2]:2 [3]:3
[0]:3462170380 [1]:1 [2]:2 [3]:3
[0]:4268585295 [1]:1 [2]:2 [3]:3
[0]:4042760111 [1]:1 [2]:2 [3]:3
[0]:3814469463 [1]:1 [2]:2 [3]:3
[0]:3582386850 [1]:1 [2]:2 [3]:3
[0]:3369927573 [1]:1 [2]:2 [3]:3
[0]:4166232471 [1]:1 [2]:2 [3]:3
[0]:3970135673 [1]:1 [2]:2 [3]:3
[0]:3782990452 [1]:1 [2]:2 [3]:3
[0]:3594138055 [1]:1 [2]:2 [3]:3
[0]:3412576935 [1]:1 [2]:2 [3]:3
[0]:4222995491 [1]:1 [2]:2 [3]:3
[0]:4036435978 [1]:1 [2]:2 [3]:3
[0]:3834135388 [1]:1 [2]:2 [3]:3
[0]:3632286235 [1]:1 [2]:2 [3]:3
[0]:3438124625 [1]:1 [2]:2 [3]:3
[0]:4249966163 [1]:1 [2]:2 [3]:3
[0]:4062134248 [1]:1 [2]:2 [3]:3
[0]:3867526725 [1]:1 [2]:2 [3]:2
[0]:3682043663 [1]:1 [2]:2 [3]:3
[0]:3486231753 [1]:1 [2]:2 [3]:3
[0]:4264284648 [1]:1 [2]:2 [3]:3
[0]:4029854923 [1]:1 [2]:2 [3]:3
[0]:3778016483 [1]:1 [2]:2 [3]:3
[0]:3562065250 [1]:1 [2]:2 [3]:3
[0]:3346080043 [1]:1 [2]:2 [3]:2
[0]:4130301618 [1]:1 [2]:2 [3]:3
[0]:3917115946 [1]:1 [2]:2 [3]:3
[0]:3706064027 [1]:1 [2]:2 [3]:3
[0]:3494161051 [1]:1 [2]:2 [3]:3
[0]:4258084206 [1]:1 [2]:2 [3]:3
[0]:4054397071 [1]:1 [2]:2 [3]:3
[0]:3841279912 [1]:1 [2]:2 [3]:3
[0]:3640563833 [1]:1 [2]:2 [3]:3
[0]:3435184572 [1]:1 [2]:2 [3]:3
[0]:4218111973 [1]:1 [2]:2 [3]:3
[0]:4006026275 [1]:1 [2]:2 [3]:3
[0]:3764789857 [1]:1 [2]:2 [3]:3
[0]:3578262882 [1]:1 [2]:2 [3]:3
[0]:3391043690 [1]:1 [2]:2 [3]:3
[0]:4206024092 [1]:1 [2]:2 [3]:2
[0]:4010354882 [1]:1 [2]:2 [3]:3
[0]:3815048262 [1]:1 [2]:2 [3]:3
[0]:3610299655 [1]:1 [2]:2 [3]:3
[0]:3426404151 [1]:1 [2]:2 [3]:2
[0]:4222306887 [1]:1 [2]:2 [3]:3
[0]:4038208248 [1]:1 [2]:2 [3]:3
[0]:3850235951 [1]:1 [2]:2 [3]:3
[0]:3658285893 [1]:1 [2]:2 [3]:3
[0]:3463858298 [1]:1 [2]:2 [3]:3
[0]:4262250931 [1]:1 [2]:2 [3]:3
[0]:4067062921 [1]:1 [2]:2 [3]:3
[0]:3874298476 [1]:1 [2]:2 [3]:3
[0]:3672014616 [1]:1 [2]:2 [3]:2
[0]:3430785518 [1]:1 [2]:2 [3]:3
[0]:4209370005 [1]:1 [2]:2 [3]:3
[0]:4007220566 [1]:1 [2]:2 [3]:3
[0]:3798229993 [1]:1 [2]:2 [3]:3
[0]:3610242037 [1]:1 [2]:2 [3]:2
[0]:3418256588 [1]:1 [2]:2 [3]:3
[0]:4230434636 [1]:1 [2]:2 [3]:3
[0]:4034245375 [1]:1 [2]:2 [3]:3
[0]:3784663742 [1]:1 [2]:2 [3]:3
[0]:3587731032 [1]:1 [2]:2 [3]:3
[0]:3394270162 [1]:1 [2]:2 [3]:3
[0]:4210192990 [1]:1 [2]:2 [3]:3
[0]:4023088178 [1]:1 [2]:2 [3]:3
[0]:3830272971 [1]:1 [2]:2 [3]:2
[0]:3638851072 [1]:1 [2]:2 [3]:2
[0]:3446199745 [1]:1 [2]:2 [3]:3
[0]:4258606071 [1]:1 [2]:2 [3]:3
[0]:4038189807 [1]:1 [2]:2 [3]:2
[0]:3804195033 [1]:1 [2]:2 [3]:3
[0]:3576993442 [1]:1 [2]:2 [3]:2
[0]:3338888882 [1]:1 [2]:2 [3]:3
[0]:4102090015 [1]:1 [2]:2 [3]:3
[0]:3890206530 [1]:1 [2]:2 [3]:3
[0]:3678181685 [1]:1 [2]:2 [3]:3
[0]:3471108568 [1]:1 [2]:2 [3]:4
[0]:4262540610 [1]:1 [2]:2 [3]:3
[0]:4055111292 [1]:1 [2]:2 [3]:3
[0]:3835134983 [1]:1 [2]:2 [3]:3
[0]:3615989538 [1]:1 [2]:2 [3]:3
[0]:3410105100 [1]:1 [2]:2 [3]:3
[0]:4195355816 [1]:1 [2]:2 [3]:3
[0]:3986375041 [1]:1 [2]:2 [3]:3
[0]:3779121542 [1]:1 [2]:2 [3]:3
[0]:3546326255 [1]:1 [2]:2 [3]:2
[0]:3313461022 [1]:1 [2]:2 [3]:2
[0]:4126260957 [1]:1 [2]:2 [3]:3
[0]:3939129105 [1]:1 [2]:2 [3]:3
[0]:3749252906 [1]:1 [2]:2 [3]:2
[0]:3562490812 [1]:1 [2]:2 [3]:3
[0]:3375133338 [1]:1 [2]:2 [3]:3
[0]:4171256292 [1]:1 [2]:2 [3]:3
[0]:3975733241 [1]:1 [2]:2 [3]:3
[0]:3743621250 [1]:1 [2]:2 [3]:3
[0]:3560890738 [1]:1 [2]:2 [3]:3
[0]:3371141015 [1]:1 [2]:2 [3]:3
[0]:4186174190 [1]:1 [2]:2 [3]:3
[0]:4045035323 [1]:1 [2]:2 [3]:3
[0]:4045035323 [1]:1 [2]:2 [3]:3
[0]:4045035323 [1]:1 [2]:2 [3]:3
[0]:4045035323 [1]:1 [2]:2 [3]:3
[0]:4045035323 [1]:1 [2]:2 [3]:3
[0]:4045035323 [1]:1 [2]:2 [3]:3
[0]:4045035323 [1]:1 [2]:2 [3]:3
[0]:4045035323 [1]:1 [2]:2 [3]:3
[0]:4045035323 [1]:1 [2]:2 [3]:3
[0]:4045035323 [1]:1 [2]:2 [3]:3
