[0]:414470775 [1]:215103826 [2]:7 [3]:54
[0]:415694016 [1]:215918847 [2]:7 [3]:51
[0]:416834326 [1]:216503086 [2]:7 [3]:9
[0]:417941311 [1]:217068106 [2]:7 [3]:12
[0]:419117228 [1]:217664974 [2]:7 [3]:51
[0]:420227478 [1]:218236905 [2]:7 [3]:9
[0]:421357313 [1]:218813180 [2]:7 [3]:50
[0]:422477800 [1]:219391590 [2]:7 [3]:12
[0]:423605452 [1]:219971391 [2]:7 [3]:15
[0]:424857895 [1]:220613194 [2]:7 [3]:51
[0]:425939860 [1]:221168600 [2]:7 [3]:12
[0]:427004529 [1]:221713809 [2]:7 [3]:15
[0]:428005057 [1]:222229486 [2]:7 [3]:15
[0]:429203412 [1]:222841697 [2]:7 [3]:13
[0]:430196792 [1]:223350251 [2]:7 [3]:9
[0]:431213443 [1]:223872812 [2]:7 [3]:17
[0]:432400684 [1]:224481696 [2]:7 [3]:15
[0]:433424381 [1]:225005120 [2]:7 [3]:53
[0]:434685580 [1]:225645179 [2]:7 [3]:14
[0]:435730152 [1]:226182912 [2]:7 [3]:11
[0]:436804383 [1]:226735221 [2]:7 [3]:11
[0]:438048825 [1]:227366890 [2]:7 [3]:15
[0]:439112737 [1]:227911925 [2]:7 [3]:56
[0]:440317537 [1]:228530967 [2]:7 [3]:54
[0]:441561783 [1]:229166871 [2]:7 [3]:14
[0]:442795826 [1]:229804580 [2]:7 [3]:10
[0]:443816823 [1]:230326414 [2]:7 [3]:52
[0]:444806123 [1]:230834793 [2]:7 [3]:9
[0]:446040738 [1]:231465044 [2]:7 [3]:10
[0]:447037938 [1]:231971701 [2]:7 [3]:12
[0]:448044198 [1]:232489848 [2]:7 [3]:51
[0]:449353164 [1]:233160232 [2]:7 [3]:50
[0]:450461133 [1]:233726466 [2]:7 [3]:56
[0]:451431422 [1]:234221103 [2]:7 [3]:12
[0]:452469938 [1]:234748432 [2]:7 [3]:14
[0]:453390771 [1]:235218807 [2]:7 [3]:16
[0]:454432779 [1]:235751276 [2]:7 [3]:50
[0]:455443113 [1]:236267528 [2]:7 [3]:45
[0]:456890766 [1]:237007905 [2]:7 [3]:54
[0]:458117244 [1]:237634336 [2]:7 [3]:52
[0]:459380608 [1]:238281142 [2]:7 [3]:53
[0]:460551910 [1]:238882168 [2]:7 [3]:15
[0]:461705977 [1]:239470285 [2]:7 [3]:46
[0]:462890731 [1]:240076519 [2]:7 [3]:60
[0]:464031122 [1]:240659177 [2]:7 [3]:13
[0]:465180072 [1]:241248029 [2]:7 [3]:11
[0]:466277308 [1]:241809822 [2]:7 [3]:54
[0]:467439266 [1]:242408689 [2]:7 [3]:16
[0]:468554974 [1]:242977836 [2]:7 [3]:49
[0]:469718553 [1]:243568708 [2]:7 [3]:50
[0]:470816505 [1]:244131254 [2]:7 [3]:58
[0]:472263098 [1]:244876979 [2]:7 [3]:14
[0]:473396212 [1]:245457721 [2]:7 [3]:51
[0]:474526770 [1]:246039996 [2]:7 [3]:10
[0]:475625643 [1]:246598710 [2]:7 [3]:13
[0]:476774269 [1]:247183561 [2]:7 [3]:49
[0]:477906442 [1]:247764536 [2]:7 [3]:14
[0]:479379129 [1]:248514686 [2]:7 [3]:57
[0]:480493520 [1]:249090619 [2]:7 [3]:11
[0]:481588757 [1]:249655586 [2]:7 [3]:12
[0]:482604481 [1]:250172451 [2]:7 [3]:51
[0]:483592159 [1]:250681371 [2]:7 [3]:53
[0]:484583362 [1]:251187276 [2]:7 [3]:51
[0]:485553954 [1]:251680710 [2]:7 [3]:50
[0]:486602992 [1]:252218616 [2]:7 [3]:14
[0]:487621085 [1]:252736323 [2]:7 [3]:9
[0]:488695942 [1]:253288669 [2]:7 [3]:11
[0]:489735247 [1]:253826511 [2]:7 [3]:17
[0]:490868026 [1]:254408604 [2]:7 [3]:10
[0]:492049869 [1]:255012053 [2]:7 [3]:14
[0]:493063066 [1]:255535356 [2]:7 [3]:50
[0]:494042364 [1]:256037198 [2]:7 [3]:14
[0]:495146068 [1]:256602315 [2]:7 [3]:13
[0]:496245103 [1]:257162998 [2]:7 [3]:11
[0]:497378209 [1]:257739286 [2]:7 [3]:59
[0]:498653574 [1]:258395056 [2]:7 [3]:52
[0]:499684865 [1]:258924854 [2]:7 [3]:50
[0]:500777450 [1]:259483522 [2]:7 [3]:12
[0]:501847218 [1]:260030603 [2]:7 [3]:8
