[0]:0 [1]:0 [2]:0 [3]:0
[0]:0 [1]:0 [2]:0 [3]:0
[0]:225531 [1]:0 [2]:0 [3]:14
[0]:2406525 [1]:0 [2]:0 [3]:29
[0]:4230849 [1]:0 [2]:0 [3]:29
[0]:6196483 [1]:0 [2]:0 [3]:10
[0]:8071651 [1]:0 [2]:0 [3]:32
[0]:9959121 [1]:0 [2]:0 [3]:10
[0]:12373881 [1]:0 [2]:0 [3]:10
[0]:14253637 [1]:0 [2]:0 [3]:9
[0]:16125849 [1]:0 [2]:0 [3]:31
[0]:18025892 [1]:0 [2]:0 [3]:26
[0]:19863503 [1]:0 [2]:0 [3]:31
[0]:21750686 [1]:0 [2]:0 [3]:11
[0]:23484641 [1]:0 [2]:0 [3]:10
[0]:25132124 [1]:0 [2]:0 [3]:10
[0]:26882043 [1]:0 [2]:0 [3]:11
[0]:28578640 [1]:0 [2]:0 [3]:17
[0]:30299787 [1]:0 [2]:0 [3]:28
[0]:32105140 [1]:0 [2]:0 [3]:14
[0]:33694084 [1]:68564 [2]:7 [3]:9
[0]:34700006 [1]:576278 [2]:7 [3]:19
[0]:35720170 [1]:1101479 [2]:7 [3]:12
[0]:36769705 [1]:1639389 [2]:7 [3]:14
[0]:38179049 [1]:2359367 [2]:7 [3]:10
[0]:39185494 [1]:2875517 [2]:7 [3]:12
[0]:40231765 [1]:3413003 [2]:7 [3]:11
[0]:41312454 [1]:3962377 [2]:7 [3]:12
[0]:42469608 [1]:4553152 [2]:7 [3]:12
[0]:43807687 [1]:5229958 [2]:7 [3]:12
[0]:44905568 [1]:5792329 [2]:7 [3]:51
[0]:45938658 [1]:6322049 [2]:7 [3]:11
[0]:46948935 [1]:6841718 [2]:7 [3]:57
[0]:47919224 [1]:7336048 [2]:7 [3]:11
[0]:48922207 [1]:7847834 [2]:7 [3]:11
[0]:49925604 [1]:8360567 [2]:7 [3]:17
[0]:50911162 [1]:8863475 [2]:7 [3]:11
[0]:52109511 [1]:9474986 [2]:7 [3]:17
[0]:53365173 [1]:10118915 [2]:7 [3]:16
[0]:54677502 [1]:10786529 [2]:7 [3]:15
[0]:55720696 [1]:11323788 [2]:7 [3]:10
[0]:56951166 [1]:11948900 [2]:7 [3]:51
[0]:57989617 [1]:12473536 [2]:7 [3]:14
[0]:59400102 [1]:13196755 [2]:7 [3]:7
[0]:60620560 [1]:13824172 [2]:7 [3]:50
[0]:61794410 [1]:14424267 [2]:7 [3]:9
[0]:62936660 [1]:15010296 [2]:7 [3]:54
[0]:64130767 [1]:15618920 [2]:7 [3]:11
[0]:65176447 [1]:16155193 [2]:7 [3]:11
[0]:66356386 [1]:16758678 [2]:7 [3]:11
[0]:67530619 [1]:17363165 [2]:7 [3]:55
[0]:68656871 [1]:17941066 [2]:7 [3]:8
[0]:69784834 [1]:18516895 [2]:7 [3]:50
[0]:70908790 [1]:19095831 [2]:7 [3]:12
[0]:72079391 [1]:19689907 [2]:7 [3]:54
[0]:73212808 [1]:20266805 [2]:7 [3]:13
[0]:74368373 [1]:20854159 [2]:7 [3]:15
[0]:75526528 [1]:21447109 [2]:7 [3]:51
[0]:76664806 [1]:22027047 [2]:7 [3]:13
[0]:78130616 [1]:22773273 [2]:7 [3]:9
[0]:79334235 [1]:23385451 [2]:7 [3]:20
[0]:80482219 [1]:23972710 [2]:7 [3]:52
[0]:81692829 [1]:24594873 [2]:7 [3]:12
[0]:82844170 [1]:25189300 [2]:7 [3]:6
[0]:83941363 [1]:25750843 [2]:7 [3]:17
[0]:85024221 [1]:26310776 [2]:7 [3]:56
[0]:86243667 [1]:26930724 [2]:7 [3]:6
[0]:87309555 [1]:27478598 [2]:7 [3]:12
[0]:88333770 [1]:28003321 [2]:7 [3]:51
[0]:89320646 [1]:28504398 [2]:7 [3]:14
[0]:90365304 [1]:29041050 [2]:7 [3]:12
[0]:91371774 [1]:29559317 [2]:7 [3]:52
[0]:92492008 [1]:30132945 [2]:7 [3]:25
[0]:93544265 [1]:30666557 [2]:7 [3]:35
[0]:94586440 [1]:31204942 [2]:7 [3]:12
[0]:95588432 [1]:31718032 [2]:7 [3]:15
[0]:96587712 [1]:32232275 [2]:7 [3]:50
[0]:97825422 [1]:32861726 [2]:7 [3]:12
[0]:99066921 [1]:33502041 [2]:7 [3]:11
[0]:100232699 [1]:34099980 [2]:7 [3]:12
[0]:101285893 [1]:34641647 [2]:7 [3]:14
[0]:102420050 [1]:35220001 [2]:7 [3]:13
[0]:103474241 [1]:35759366 [2]:7 [3]:12
[0]:104514778 [1]:36289039 [2]:7 [3]:14
[0]:105558007 [1]:36829416 [2]:7 [3]:51
[0]:106548833 [1]:37336876 [2]:7 [3]:13
[0]:107565962 [1]:37856613 [2]:7 [3]:15
[0]:108579901 [1]:38378449 [2]:7 [3]:12
[0]:109585981 [1]:38892815 [2]:7 [3]:17
[0]:110583758 [1]:39403120 [2]:7 [3]:12
[0]:111588971 [1]:39916014 [2]:7 [3]:14
[0]:112639740 [1]:40451415 [2]:7 [3]:11
[0]:113705767 [1]:40991933 [2]:7 [3]:14
[0]:114763824 [1]:41535078 [2]:7 [3]:10
[0]:116081967 [1]:42213751 [2]:7 [3]:17
[0]:117351303 [1]:42857639 [2]:7 [3]:13
[0]:118607801 [1]:43498692 [2]:7 [3]:14
[0]:119803517 [1]:44110201 [2]:7 [3]:15
[0]:120906377 [1]:44680423 [2]:7 [3]:12
[0]:122059144 [1]:45270618 [2]:7 [3]:8
[0]:123250414 [1]:45881539 [2]:7 [3]:15
[0]:124405763 [1]:46470936 [2]:7 [3]:49
[0]:125561768 [1]:47064422 [2]:7 [3]:15
[0]:126709422 [1]:47655362 [2]:7 [3]:54
[0]:127890266 [1]:48263161 [2]:7 [3]:9
[0]:129010030 [1]:48831957 [2]:7 [3]:14
[0]:130134356 [1]:49408602 [2]:7 [3]:49
[0]:131294513 [1]:50005529 [2]:7 [3]:12
[0]:132574771 [1]:50665311 [2]:7 [3]:55
[0]:133708298 [1]:51239760 [2]:7 [3]:23
[0]:134807811 [1]:51802907 [2]:7 [3]:17
[0]:136159284 [1]:52492348 [2]:7 [3]:10
[0]:137292771 [1]:53072303 [2]:7 [3]:50
[0]:138432876 [1]:53654017 [2]:7 [3]:11
[0]:139598888 [1]:54247927 [2]:7 [3]:54
[0]:140608249 [1]:54764377 [2]:7 [3]:52
[0]:141566835 [1]:55257590 [2]:7 [3]:19
[0]:142585312 [1]:55779838 [2]:7 [3]:11
[0]:143577121 [1]:56289535 [2]:7 [3]:16
[0]:144568541 [1]:56801932 [2]:7 [3]:49
[0]:145529763 [1]:57293385 [2]:7 [3]:48
[0]:146514631 [1]:57800378 [2]:7 [3]:55
[0]:147554120 [1]:58328356 [2]:7 [3]:13
[0]:148606935 [1]:58867356 [2]:7 [3]:17
[0]:149736239 [1]:59443348 [2]:7 [3]:20
[0]:151009755 [1]:60093283 [2]:7 [3]:14
[0]:151968361 [1]:60590069 [2]:7 [3]:14
[0]:152962716 [1]:61102432 [2]:7 [3]:5
[0]:154071968 [1]:61672682 [2]:7 [3]:11
[0]:155270986 [1]:62282987 [2]:7 [3]:9
[0]:156445245 [1]:62884637 [2]:7 [3]:11
[0]:157518246 [1]:63437473 [2]:7 [3]:14
[0]:158525099 [1]:63952440 [2]:7 [3]:14
[0]:159507686 [1]:64454224 [2]:7 [3]:8
[0]:160498775 [1]:64961308 [2]:7 [3]:15
[0]:161534880 [1]:65490196 [2]:7 [3]:13
[0]:162505260 [1]:65984454 [2]:7 [3]:16
[0]:163527554 [1]:66511413 [2]:7 [3]:17
[0]:164558252 [1]:67037166 [2]:7 [3]:14
[0]:165517751 [1]:67531386 [2]:7 [3]:15
[0]:166540181 [1]:68055574 [2]:7 [3]:12
[0]:167586584 [1]:68588370 [2]:7 [3]:48
[0]:168706199 [1]:69164313 [2]:7 [3]:11
[0]:169717115 [1]:69683582 [2]:7 [3]:13
[0]:170842944 [1]:70258710 [2]:7 [3]:49
[0]:172073952 [1]:70891230 [2]:7 [3]:14
[0]:173685479 [1]:71930389 [2]:7 [3]:14
[0]:175294597 [1]:73355474 [2]:7 [3]:13
[0]:176562298 [1]:74483151 [2]:7 [3]:19
[0]:177856857 [1]:75629780 [2]:7 [3]:17
[0]:179017444 [1]:76657201 [2]:7 [3]:18
[0]:180238324 [1]:77739157 [2]:7 [3]:14
[0]:181499492 [1]:78859415 [2]:7 [3]:16
[0]:183258035 [1]:80416163 [2]:7 [3]:18
[0]:184498725 [1]:81520938 [2]:7 [3]:17
[0]:185704647 [1]:82585842 [2]:7 [3]:12
[0]:186892512 [1]:83643337 [2]:7 [3]:16
[0]:188198307 [1]:84798764 [2]:7 [3]:54
[0]:189431883 [1]:85889665 [2]:7 [3]:10
[0]:190691041 [1]:87002441 [2]:7 [3]:19
[0]:191924334 [1]:88099304 [2]:7 [3]:19
[0]:193241093 [1]:89264932 [2]:7 [3]:17
[0]:194463910 [1]:90351649 [2]:7 [3]:19
[0]:195766162 [1]:91505498 [2]:7 [3]:55
[0]:197027423 [1]:92623258 [2]:7 [3]:48
[0]:198298297 [1]:93751271 [2]:7 [3]:55
[0]:199648096 [1]:94951485 [2]:7 [3]:14
[0]:200776816 [1]:95947716 [2]:7 [3]:15
[0]:201839748 [1]:96894394 [2]:7 [3]:16
[0]:202927831 [1]:97855928 [2]:7 [3]:53
[0]:204056115 [1]:98851277 [2]:7 [3]:19
[0]:205251631 [1]:99908833 [2]:7 [3]:14
[0]:206340540 [1]:100873010 [2]:7 [3]:16
[0]:207465081 [1]:101866347 [2]:7 [3]:57
[0]:208566166 [1]:102845559 [2]:7 [3]:54
[0]:209651786 [1]:103808909 [2]:7 [3]:16
[0]:210744114 [1]:104774937 [2]:7 [3]:13
[0]:211855861 [1]:105762268 [2]:7 [3]:21
[0]:213185452 [1]:106938418 [2]:7 [3]:53
[0]:214498600 [1]:108101550 [2]:7 [3]:54
[0]:215862056 [1]:109310171 [2]:7 [3]:19
[0]:217203762 [1]:110495670 [2]:7 [3]:13
[0]:218287512 [1]:111457727 [2]:7 [3]:14
[0]:219366879 [1]:112416321 [2]:7 [3]:12
[0]:220707193 [1]:113605240 [2]:7 [3]:20
[0]:222124029 [1]:114859987 [2]:7 [3]:18
[0]:223276532 [1]:115880893 [2]:7 [3]:12
[0]:224389342 [1]:116874756 [2]:7 [3]:17
[0]:225526205 [1]:117883570 [2]:7 [3]:10
[0]:226638608 [1]:118869411 [2]:7 [3]:24
[0]:227722836 [1]:119830389 [2]:7 [3]:18
[0]:228829947 [1]:120807051 [2]:7 [3]:18
[0]:229967925 [1]:121816449 [2]:7 [3]:17
[0]:231332169 [1]:123022680 [2]:7 [3]:18
[0]:232629117 [1]:124169352 [2]:7 [3]:55
[0]:234106730 [1]:125481818 [2]:7 [3]:24
[0]:235500732 [1]:126718819 [2]:7 [3]:21
[0]:236967728 [1]:128024047 [2]:7 [3]:18
[0]:238312027 [1]:129217016 [2]:7 [3]:14
[0]:239552985 [1]:130322994 [2]:7 [3]:21
[0]:240878739 [1]:131499464 [2]:7 [3]:18
[0]:242166342 [1]:132637224 [2]:7 [3]:17
[0]:243397362 [1]:133733120 [2]:7 [3]:16
[0]:244626399 [1]:134822550 [2]:7 [3]:57
[0]:245865356 [1]:135920356 [2]:7 [3]:49
[0]:247126464 [1]:137034833 [2]:7 [3]:21
[0]:248341192 [1]:138113082 [2]:7 [3]:15
[0]:249518559 [1]:139154552 [2]:7 [3]:60
[0]:250697885 [1]:140200332 [2]:7 [3]:58
[0]:251987861 [1]:141344236 [2]:7 [3]:15
[0]:253262110 [1]:142475682 [2]:7 [3]:21
[0]:254526846 [1]:143596426 [2]:7 [3]:9
[0]:255783770 [1]:144708966 [2]:7 [3]:58
[0]:257066936 [1]:145850327 [2]:7 [3]:14
[0]:258324787 [1]:146961517 [2]:7 [3]:15
[0]:259484723 [1]:147988015 [2]:7 [3]:20
[0]:260563491 [1]:148948027 [2]:7 [3]:13
[0]:261687073 [1]:149942245 [2]:7 [3]:14
[0]:262823400 [1]:150948269 [2]:7 [3]:19
[0]:263909915 [1]:151910612 [2]:7 [3]:16
[0]:265024327 [1]:152891507 [2]:7 [3]:60
[0]:266196383 [1]:153928724 [2]:7 [3]:12
[0]:267265667 [1]:154877258 [2]:7 [3]:19
[0]:268362706 [1]:155849967 [2]:7 [3]:19
[0]:269453632 [1]:156818631 [2]:7 [3]:10
[0]:270603860 [1]:157838305 [2]:7 [3]:16
[0]:271684339 [1]:158803232 [2]:7 [3]:18
[0]:272834976 [1]:159824129 [2]:7 [3]:11
[0]:273978031 [1]:160831492 [2]:7 [3]:20
[0]:275108001 [1]:161835182 [2]:7 [3]:52
[0]:276371230 [1]:162953451 [2]:7 [3]:21
[0]:277675798 [1]:164104724 [2]:7 [3]:55
[0]:278882348 [1]:165180015 [2]:7 [3]:16
[0]:279970780 [1]:166151744 [2]:7 [3]:54
[0]:281069749 [1]:167124892 [2]:7 [3]:19
[0]:282148252 [1]:168086024 [2]:7 [3]:56
[0]:283235658 [1]:169051377 [2]:7 [3]:19
[0]:284299985 [1]:169991631 [2]:7 [3]:56
[0]:285574753 [1]:171118595 [2]:7 [3]:57
[0]:286640489 [1]:172063194 [2]:7 [3]:52
[0]:287735091 [1]:173029071 [2]:7 [3]:61
[0]:288897118 [1]:174059753 [2]:7 [3]:20
[0]:290000707 [1]:175039946 [2]:7 [3]:17
[0]:291099363 [1]:176016470 [2]:7 [3]:12
[0]:292207915 [1]:176997985 [2]:7 [3]:13
[0]:293872815 [1]:178473125 [2]:7 [3]:20
[0]:295299476 [1]:179743746 [2]:7 [3]:12
[0]:296651455 [1]:180933203 [2]:7 [3]:59
[0]:297941808 [1]:182078367 [2]:7 [3]:19
[0]:299273008 [1]:183255465 [2]:7 [3]:56
[0]:300482701 [1]:184329502 [2]:7 [3]:19
[0]:301781051 [1]:185487994 [2]:7 [3]:17
[0]:303018476 [1]:186579832 [2]:7 [3]:53
[0]:304520648 [1]:187911504 [2]:7 [3]:15
[0]:305769122 [1]:189021784 [2]:7 [3]:12
[0]:307106847 [1]:190207454 [2]:7 [3]:58
[0]:308321348 [1]:191285863 [2]:7 [3]:19
[0]:309578559 [1]:192397353 [2]:7 [3]:51
[0]:310788409 [1]:193470177 [2]:7 [3]:16
[0]:312000278 [1]:194542215 [2]:7 [3]:13
[0]:313218794 [1]:195623429 [2]:7 [3]:16
[0]:314510971 [1]:196766821 [2]:7 [3]:14
[0]:315740291 [1]:197860578 [2]:7 [3]:20
[0]:316931405 [1]:198915181 [2]:7 [3]:16
[0]:318188055 [1]:200033067 [2]:7 [3]:59
[0]:319440795 [1]:201144398 [2]:7 [3]:61
[0]:320775761 [1]:202328498 [2]:7 [3]:57
[0]:322046193 [1]:203460358 [2]:7 [3]:16
[0]:323122490 [1]:204416867 [2]:7 [3]:24
[0]:324188081 [1]:205358314 [2]:7 [3]:7
[0]:325275919 [1]:206320387 [2]:7 [3]:16
[0]:326460363 [1]:207370044 [2]:7 [3]:19
[0]:327572533 [1]:208359027 [2]:7 [3]:13
[0]:328660893 [1]:209322131 [2]:7 [3]:10
[0]:329769354 [1]:210308357 [2]:7 [3]:54
[0]:330865314 [1]:211280506 [2]:7 [3]:15
[0]:331957162 [1]:212246769 [2]:7 [3]:21
[0]:333077500 [1]:213232606 [2]:7 [3]:19
[0]:334192845 [1]:214222317 [2]:7 [3]:25
[0]:335266685 [1]:215174186 [2]:7 [3]:17
[0]:336353062 [1]:216132450 [2]:7 [3]:17
[0]:337481998 [1]:217138382 [2]:7 [3]:18
[0]:338853551 [1]:218351556 [2]:7 [3]:19
[0]:340221907 [1]:219569534 [2]:7 [3]:57
[0]:341384822 [1]:220603073 [2]:7 [3]:53
[0]:342615376 [1]:221689102 [2]:7 [3]:49
[0]:343751425 [1]:222695955 [2]:7 [3]:18
[0]:344885615 [1]:223694724 [2]:7 [3]:13
[0]:345977457 [1]:224663012 [2]:7 [3]:13
[0]:347048383 [1]:225614401 [2]:7 [3]:21
[0]:348470235 [1]:226876434 [2]:7 [3]:19
[0]:349530078 [1]:227818065 [2]:7 [3]:18
[0]:350625626 [1]:228787046 [2]:7 [3]:56
[0]:351734254 [1]:229771039 [2]:7 [3]:7
[0]:352846945 [1]:230754060 [2]:7 [3]:19
[0]:353959488 [1]:231738801 [2]:7 [3]:17
[0]:355064867 [1]:232386135 [2]:7 [3]:52
[0]:356159482 [1]:232948444 [2]:7 [3]:62
[0]:357359634 [1]:233561820 [2]:7 [3]:11
[0]:358667241 [1]:234228027 [2]:7 [3]:14
[0]:359979677 [1]:234903789 [2]:7 [3]:14
[0]:361096442 [1]:235475441 [2]:7 [3]:6
[0]:362237184 [1]:236058909 [2]:7 [3]:21
[0]:363428957 [1]:236670832 [2]:7 [3]:13
[0]:364649842 [1]:237293730 [2]:7 [3]:49
[0]:365797763 [1]:237877702 [2]:7 [3]:58
[0]:366933961 [1]:238455538 [2]:7 [3]:51
[0]:368090723 [1]:239052456 [2]:7 [3]:50
[0]:369239907 [1]:239634577 [2]:7 [3]:55
[0]:370403580 [1]:240233268 [2]:7 [3]:51
[0]:371538282 [1]:240815122 [2]:7 [3]:11
[0]:372658038 [1]:241387170 [2]:7 [3]:9
[0]:373886684 [1]:242016071 [2]:7 [3]:50
[0]:375080817 [1]:242626189 [2]:7 [3]:52
[0]:376267332 [1]:243236041 [2]:7 [3]:10
[0]:377448523 [1]:243842861 [2]:7 [3]:14
[0]:378892207 [1]:244575710 [2]:7 [3]:10
[0]:379983140 [1]:245135184 [2]:7 [3]:15
[0]:381058891 [1]:245689675 [2]:7 [3]:10
[0]:382077358 [1]:246207063 [2]:7 [3]:57
[0]:383136560 [1]:246751185 [2]:7 [3]:9
[0]:384171001 [1]:247279690 [2]:7 [3]:50
[0]:385205692 [1]:247813917 [2]:7 [3]:10
[0]:386205306 [1]:248326008 [2]:7 [3]:15
[0]:387265681 [1]:248862225 [2]:7 [3]:57
[0]:388296785 [1]:249385207 [2]:7 [3]:13
[0]:389307233 [1]:249906679 [2]:7 [3]:54
[0]:390251185 [1]:250390202 [2]:7 [3]:48
[0]:391235421 [1]:250896999 [2]:7 [3]:48
[0]:392278656 [1]:251430508 [2]:7 [3]:10
[0]:393283969 [1]:251945260 [2]:7 [3]:51
[0]:394395197 [1]:252516746 [2]:7 [3]:58
[0]:395481081 [1]:253071845 [2]:7 [3]:58
[0]:396709179 [1]:253704758 [2]:7 [3]:10
[0]:397945408 [1]:254337331 [2]:7 [3]:49
[0]:399044898 [1]:254899286 [2]:7 [3]:35
[0]:400100743 [1]:255443634 [2]:7 [3]:14
[0]:401127687 [1]:255969836 [2]:7 [3]:17
[0]:402153086 [1]:256495144 [2]:7 [3]:12
[0]:403227203 [1]:257042833 [2]:7 [3]:51
[0]:404239027 [1]:257557893 [2]:7 [3]:14
[0]:405255601 [1]:258074663 [2]:7 [3]:59
[0]:406307371 [1]:258611766 [2]:7 [3]:53
[0]:407284933 [1]:259117784 [2]:7 [3]:53
[0]:408281800 [1]:259630215 [2]:7 [3]:12
[0]:409316494 [1]:260160296 [2]:7 [3]:34
[0]:410346463 [1]:260687042 [2]:7 [3]:56
[0]:411341635 [1]:261194307 [2]:7 [3]:13
[0]:412407086 [1]:261738515 [2]:7 [3]:11
[0]:414395449 [1]:262756595 [2]:7 [3]:12
[0]:415620833 [1]:263385655 [2]:7 [3]:62
[0]:416809984 [1]:263997344 [2]:7 [3]:14
[0]:417991358 [1]:264594563 [2]:7 [3]:9
[0]:419101412 [1]:265157942 [2]:7 [3]:12
[0]:420262597 [1]:265752979 [2]:7 [3]:12
[0]:421395192 [1]:266332196 [2]:7 [3]:51
[0]:422566979 [1]:266931382 [2]:7 [3]:62
[0]:423692379 [1]:267506154 [2]:7 [3]:10
[0]:424842568 [1]:268096555 [2]:7 [3]:50
[0]:425940049 [1]:268660281 [2]:7 [3]:56
[0]:427104450 [1]:269256677 [2]:7 [3]:55
[0]:428226415 [1]:269828826 [2]:7 [3]:15
[0]:429348594 [1]:270402559 [2]:7 [3]:50
[0]:430493721 [1]:270987525 [2]:7 [3]:11
[0]:431651121 [1]:271580867 [2]:7 [3]:53
[0]:432815916 [1]:272172435 [2]:7 [3]:12
[0]:433936599 [1]:272745940 [2]:7 [3]:16
[0]:435140588 [1]:273360443 [2]:7 [3]:15
[0]:436306481 [1]:273953224 [2]:7 [3]:51
[0]:437487042 [1]:274561634 [2]:7 [3]:12
[0]:438463050 [1]:275059785 [2]:7 [3]:15
[0]:439499339 [1]:275591017 [2]:7 [3]:11
[0]:440530082 [1]:276124442 [2]:7 [3]:12
[0]:441589910 [1]:276670114 [2]:7 [3]:47
[0]:442746595 [1]:277264574 [2]:7 [3]:12
[0]:443718221 [1]:277760113 [2]:7 [3]:12
[0]:444744985 [1]:278284729 [2]:7 [3]:8
[0]:445811157 [1]:278830666 [2]:7 [3]:54
[0]:446822437 [1]:279348661 [2]:7 [3]:11
[0]:447871017 [1]:279889351 [2]:7 [3]:13
[0]:448907083 [1]:280424224 [2]:7 [3]:17
[0]:450126210 [1]:281053556 [2]:7 [3]:12
[0]:451155190 [1]:281585502 [2]:7 [3]:19
[0]:452386857 [1]:282214487 [2]:7 [3]:55
[0]:453622693 [1]:282846896 [2]:7 [3]:52
[0]:454782442 [1]:283443044 [2]:7 [3]:9
[0]:455859515 [1]:283991855 [2]:7 [3]:54
[0]:456856805 [1]:284501885 [2]:7 [3]:50
[0]:457914665 [1]:285038939 [2]:7 [3]:14
[0]:458897635 [1]:285540746 [2]:7 [3]:49
[0]:459893917 [1]:286051982 [2]:7 [3]:16
[0]:460942593 [1]:286587034 [2]:7 [3]:16
[0]:461978526 [1]:287114057 [2]:7 [3]:52
[0]:462986215 [1]:287630056 [2]:7 [3]:9
[0]:464001987 [1]:288145607 [2]:7 [3]:50
[0]:465025396 [1]:288670172 [2]:7 [3]:13
[0]:466065984 [1]:289201639 [2]:7 [3]:11
[0]:467041378 [1]:289701752 [2]:7 [3]:12
[0]:468060729 [1]:290224892 [2]:7 [3]:47
[0]:469195767 [1]:290806808 [2]:7 [3]:11
[0]:470503042 [1]:291473554 [2]:7 [3]:15
[0]:471760384 [1]:292122634 [2]:7 [3]:14
[0]:473061707 [1]:292789775 [2]:7 [3]:11
[0]:474275513 [1]:293415220 [2]:7 [3]:14
[0]:475420494 [1]:294004919 [2]:7 [3]:45
[0]:476519883 [1]:294573937 [2]:7 [3]:11
[0]:477619093 [1]:295136948 [2]:7 [3]:18
[0]:478751585 [1]:295712746 [2]:7 [3]:12
[0]:479902217 [1]:296302779 [2]:7 [3]:17
[0]:481043569 [1]:296889635 [2]:7 [3]:52
[0]:482214648 [1]:297497659 [2]:7 [3]:53
[0]:483458153 [1]:298139488 [2]:7 [3]:11
[0]:484581808 [1]:298716837 [2]:7 [3]:9
[0]:485735044 [1]:299311727 [2]:7 [3]:9
[0]:486858217 [1]:299892149 [2]:7 [3]:14
[0]:487984129 [1]:300467404 [2]:7 [3]:11
[0]:489100673 [1]:301042931 [2]:7 [3]:55
[0]:490217979 [1]:301615877 [2]:7 [3]:50
[0]:491472208 [1]:302258962 [2]:7 [3]:11
[0]:492587332 [1]:302831536 [2]:7 [3]:12
[0]:493757014 [1]:303433229 [2]:7 [3]:13
[0]:494773888 [1]:303954439 [2]:7 [3]:8
[0]:495813706 [1]:304484008 [2]:7 [3]:12
[0]:496842753 [1]:305011323 [2]:7 [3]:12
[0]:497843852 [1]:305525170 [2]:7 [3]:48
[0]:498861578 [1]:306044220 [2]:7 [3]:15
[0]:499890253 [1]:306575869 [2]:7 [3]:19
[0]:500893734 [1]:307089247 [2]:7 [3]:18
[0]:501911143 [1]:307612718 [2]:7 [3]:9
[0]:503012575 [1]:308176097 [2]:7 [3]:49
[0]:504036363 [1]:308700375 [2]:7 [3]:13
[0]:505078592 [1]:309230736 [2]:7 [3]:17
[0]:506079313 [1]:309754678 [2]:7 [3]:46
[0]:507047967 [1]:310245873 [2]:7 [3]:9
[0]:508113997 [1]:310797505 [2]:7 [3]:10
[0]:509363442 [1]:311441353 [2]:7 [3]:49
[0]:510626627 [1]:312086522 [2]:7 [3]:17
[0]:511790512 [1]:312689574 [2]:7 [3]:16
[0]:512934012 [1]:313278264 [2]:7 [3]:12
[0]:513909216 [1]:313777091 [2]:7 [3]:10
[0]:514915390 [1]:314290986 [2]:7 [3]:15
[0]:515922931 [1]:314809480 [2]:7 [3]:11
[0]:516914505 [1]:315314267 [2]:7 [3]:9
[0]:517938027 [1]:315846058 [2]:7 [3]:18
[0]:518977353 [1]:316380898 [2]:7 [3]:50
[0]:520070956 [1]:317093907 [2]:7 [3]:22
[0]:521198462 [1]:318096472 [2]:7 [3]:50
[0]:522300133 [1]:319072215 [2]:7 [3]:52
[0]:523412759 [1]:320061273 [2]:7 [3]:20
[0]:524486027 [1]:321008007 [2]:7 [3]:11
[0]:525676786 [1]:322065444 [2]:7 [3]:9
[0]:527118943 [1]:323341767 [2]:7 [3]:16
[0]:528469533 [1]:324539768 [2]:7 [3]:17
[0]:529812609 [1]:325730988 [2]:7 [3]:23
[0]:531065628 [1]:326837103 [2]:7 [3]:21
[0]:532335303 [1]:327959409 [2]:7 [3]:56
[0]:533557148 [1]:329038972 [2]:7 [3]:17
[0]:534825228 [1]:330157987 [2]:7 [3]:12
[0]:536038015 [1]:331234197 [2]:7 [3]:22
[0]:537234018 [1]:332297304 [2]:7 [3]:21
[0]:538490630 [1]:333413204 [2]:7 [3]:18
[0]:539731066 [1]:334510736 [2]:7 [3]:15
[0]:540979603 [1]:335618103 [2]:7 [3]:14
[0]:542240863 [1]:336733586 [2]:7 [3]:22
[0]:543486710 [1]:337838356 [2]:7 [3]:14
[0]:544716952 [1]:338932098 [2]:7 [3]:18
[0]:545982983 [1]:340046239 [2]:7 [3]:18
[0]:547221562 [1]:341145663 [2]:7 [3]:19
[0]:548453905 [1]:342238056 [2]:7 [3]:20
[0]:549714092 [1]:343351307 [2]:7 [3]:19
[0]:550969344 [1]:344464380 [2]:7 [3]:18
[0]:552209931 [1]:345557551 [2]:7 [3]:56
[0]:553414900 [1]:346627578 [2]:7 [3]:50
[0]:554480659 [1]:347568464 [2]:7 [3]:16
[0]:555610183 [1]:348566276 [2]:7 [3]:20
[0]:556682496 [1]:349517574 [2]:7 [3]:17
[0]:557769206 [1]:350478420 [2]:7 [3]:51
[0]:558806233 [1]:351394075 [2]:7 [3]:18
[0]:559898971 [1]:352365131 [2]:7 [3]:19
[0]:561011853 [1]:353354608 [2]:7 [3]:12
[0]:562099862 [1]:354314147 [2]:7 [3]:18
[0]:563186046 [1]:355276576 [2]:7 [3]:61
[0]:564253504 [1]:356224960 [2]:7 [3]:19
[0]:565341858 [1]:357193338 [2]:7 [3]:20
[0]:566502266 [1]:358222543 [2]:7 [3]:17
[0]:567612956 [1]:359211810 [2]:7 [3]:9
[0]:568760764 [1]:360231726 [2]:7 [3]:16
[0]:570176615 [1]:361481137 [2]:7 [3]:21
[0]:571485791 [1]:362642789 [2]:7 [3]:18
[0]:572791338 [1]:363801339 [2]:7 [3]:18
[0]:573927584 [1]:364806710 [2]:7 [3]:23
[0]:575088824 [1]:365833177 [2]:7 [3]:58
[0]:576272138 [1]:366877822 [2]:7 [3]:16
[0]:577457788 [1]:367929980 [2]:7 [3]:43
[0]:578540831 [1]:368884806 [2]:7 [3]:16
[0]:579659794 [1]:369880515 [2]:7 [3]:21
[0]:580784863 [1]:370876937 [2]:7 [3]:23
[0]:581854848 [1]:371825306 [2]:7 [3]:16
[0]:582972645 [1]:372822934 [2]:7 [3]:13
[0]:584084816 [1]:373808311 [2]:7 [3]:12
[0]:585170564 [1]:374769455 [2]:7 [3]:53
[0]:586283721 [1]:375753962 [2]:7 [3]:55
[0]:587474727 [1]:376809629 [2]:7 [3]:52
[0]:588889709 [1]:378061696 [2]:7 [3]:17
[0]:590265012 [1]:379278293 [2]:7 [3]:18
[0]:591461201 [1]:380338800 [2]:7 [3]:17
[0]:592693079 [1]:381427986 [2]:7 [3]:50
[0]:594080069 [1]:382651840 [2]:7 [3]:59
[0]:595327470 [1]:383758379 [2]:7 [3]:15
[0]:596638057 [1]:384915570 [2]:7 [3]:16
[0]:597854413 [1]:385995677 [2]:7 [3]:18
[0]:599367545 [1]:387338277 [2]:7 [3]:17
[0]:600571234 [1]:388404836 [2]:7 [3]:53
[0]:601812240 [1]:389507873 [2]:7 [3]:15
[0]:603041521 [1]:390590802 [2]:7 [3]:66
[0]:604305354 [1]:391710478 [2]:7 [3]:53
[0]:605659124 [1]:392907568 [2]:7 [3]:21
[0]:606853033 [1]:393958888 [2]:7 [3]:21
[0]:608102836 [1]:395065621 [2]:7 [3]:11
[0]:609382958 [1]:396197699 [2]:7 [3]:58
[0]:610606566 [1]:397287003 [2]:7 [3]:15
[0]:611852425 [1]:398385112 [2]:7 [3]:15
[0]:613018430 [1]:399417789 [2]:7 [3]:11
[0]:614197667 [1]:400463400 [2]:7 [3]:27
[0]:615418506 [1]:401537787 [2]:7 [3]:15
[0]:616507910 [1]:402504878 [2]:7 [3]:21
[0]:617950438 [1]:403785334 [2]:7 [3]:23
[0]:619047947 [1]:404754190 [2]:7 [3]:15
[0]:620149741 [1]:405735619 [2]:7 [3]:18
[0]:621239337 [1]:406698028 [2]:7 [3]:20
[0]:622351865 [1]:407690160 [2]:7 [3]:13
[0]:623425035 [1]:408640619 [2]:7 [3]:19
[0]:624514176 [1]:409599130 [2]:7 [3]:15
[0]:625601919 [1]:410562742 [2]:7 [3]:55
[0]:626657207 [1]:411496947 [2]:7 [3]:10
[0]:627733895 [1]:412451926 [2]:7 [3]:18
[0]:628857584 [1]:413450346 [2]:7 [3]:50
[0]:630091418 [1]:414542284 [2]:7 [3]:14
[0]:631350507 [1]:415658048 [2]:7 [3]:52
[0]:632795254 [1]:416931572 [2]:7 [3]:20
[0]:634027130 [1]:418025000 [2]:7 [3]:19
[0]:635240315 [1]:419101979 [2]:7 [3]:16
[0]:636357013 [1]:420089542 [2]:7 [3]:16
[0]:637465680 [1]:421075559 [2]:7 [3]:15
[0]:638629362 [1]:422108369 [2]:7 [3]:23
[0]:639762775 [1]:423111171 [2]:7 [3]:21
[0]:640862603 [1]:424089526 [2]:7 [3]:16
[0]:641976596 [1]:425072820 [2]:7 [3]:52
[0]:643055030 [1]:426032419 [2]:7 [3]:54
[0]:644191340 [1]:427044294 [2]:7 [3]:13
[0]:645298183 [1]:428023869 [2]:7 [3]:16
[0]:646695319 [1]:429261081 [2]:7 [3]:20
[0]:647795077 [1]:430233486 [2]:7 [3]:13
[0]:648932951 [1]:431245215 [2]:7 [3]:56
[0]:650296178 [1]:432451661 [2]:7 [3]:20
[0]:651644721 [1]:433650211 [2]:7 [3]:16
[0]:653044602 [1]:434887374 [2]:7 [3]:56
[0]:654287455 [1]:435990004 [2]:7 [3]:21
[0]:655510714 [1]:437071160 [2]:7 [3]:20
[0]:656749889 [1]:438175299 [2]:7 [3]:16
[0]:657957486 [1]:439248926 [2]:7 [3]:19
[0]:659208807 [1]:440353429 [2]:7 [3]:18
[0]:660396761 [1]:441409666 [2]:7 [3]:55
[0]:661611348 [1]:442480000 [2]:7 [3]:21
[0]:662793141 [1]:443528526 [2]:7 [3]:21
[0]:664052494 [1]:444639836 [2]:7 [3]:11
[0]:665298957 [1]:445748784 [2]:7 [3]:18
[0]:666578121 [1]:446877284 [2]:7 [3]:53
[0]:667759770 [1]:447922603 [2]:7 [3]:14
[0]:668963393 [1]:448992846 [2]:7 [3]:17
[0]:670116109 [1]:450007834 [2]:7 [3]:14
[0]:671339054 [1]:451092410 [2]:7 [3]:10
[0]:672591055 [1]:452201696 [2]:7 [3]:20
[0]:673824861 [1]:453300981 [2]:7 [3]:17
[0]:675035979 [1]:454369814 [2]:7 [3]:60
[0]:676267323 [1]:455460798 [2]:7 [3]:13
[0]:677360894 [1]:456423118 [2]:7 [3]:55
[0]:678545491 [1]:457477108 [2]:7 [3]:13
[0]:679620796 [1]:458432170 [2]:7 [3]:17
[0]:680742862 [1]:459434378 [2]:7 [3]:18
[0]:682204165 [1]:460729029 [2]:7 [3]:57
[0]:683321747 [1]:461716665 [2]:7 [3]:57
[0]:684411446 [1]:462686607 [2]:7 [3]:17
[0]:685487837 [1]:463641691 [2]:7 [3]:18
[0]:686625691 [1]:464641505 [2]:7 [3]:14
[0]:687713400 [1]:465605484 [2]:7 [3]:54
[0]:688824218 [1]:466595774 [2]:7 [3]:13
[0]:689961884 [1]:467598740 [2]:7 [3]:19
[0]:691048572 [1]:468564318 [2]:7 [3]:20
[0]:692114722 [1]:469507043 [2]:7 [3]:60
[0]:693326139 [1]:470585042 [2]:7 [3]:56
[0]:694664319 [1]:471770804 [2]:7 [3]:21
[0]:695904703 [1]:472874222 [2]:7 [3]:21
[0]:697061699 [1]:473901044 [2]:7 [3]:22
[0]:698187066 [1]:474897223 [2]:7 [3]:22
[0]:699288472 [1]:475872793 [2]:7 [3]:15
[0]:700409962 [1]:476866176 [2]:7 [3]:15
[0]:701545513 [1]:477580104 [2]:7 [3]:10
[0]:702616292 [1]:478134193 [2]:7 [3]:13
[0]:703633155 [1]:478655328 [2]:7 [3]:14
[0]:704611812 [1]:479155846 [2]:7 [3]:55
[0]:705602465 [1]:479661089 [2]:7 [3]:13
[0]:706643634 [1]:480201469 [2]:7 [3]:12
[0]:707691549 [1]:480742452 [2]:7 [3]:11
[0]:709019011 [1]:481424158 [2]:7 [3]:10
[0]:710122042 [1]:481991267 [2]:7 [3]:15
[0]:711317781 [1]:482604003 [2]:7 [3]:55
[0]:712509315 [1]:483220220 [2]:7 [3]:52
[0]:713736964 [1]:483846428 [2]:7 [3]:15
[0]:714881932 [1]:484435350 [2]:7 [3]:14
[0]:716014333 [1]:485017144 [2]:7 [3]:53
[0]:717131323 [1]:485588846 [2]:7 [3]:10
[0]:718228133 [1]:486153529 [2]:7 [3]:11
[0]:719582555 [1]:486852040 [2]:7 [3]:12
[0]:720807748 [1]:487485476 [2]:7 [3]:12
[0]:721894774 [1]:488048594 [2]:7 [3]:17
[0]:723069155 [1]:488646715 [2]:7 [3]:11
[0]:724197919 [1]:489221068 [2]:7 [3]:18
[0]:725348221 [1]:489812306 [2]:7 [3]:8
[0]:726486225 [1]:490398352 [2]:7 [3]:13
[0]:727577881 [1]:490960703 [2]:7 [3]:16
[0]:728839159 [1]:491607957 [2]:7 [3]:17
[0]:729997039 [1]:492200412 [2]:7 [3]:14
[0]:731143982 [1]:492793095 [2]:7 [3]:56
[0]:732308917 [1]:493389397 [2]:7 [3]:55
[0]:733449405 [1]:493980523 [2]:7 [3]:11
[0]:734573724 [1]:494557128 [2]:7 [3]:10
[0]:735648050 [1]:495106539 [2]:7 [3]:13
[0]:736695009 [1]:495648685 [2]:7 [3]:15
[0]:737746320 [1]:496191031 [2]:7 [3]:16
[0]:738794169 [1]:496728016 [2]:7 [3]:53
[0]:739786485 [1]:497236012 [2]:7 [3]:13
[0]:740737116 [1]:497722214 [2]:7 [3]:11
[0]:741824608 [1]:498281197 [2]:7 [3]:16
[0]:742909434 [1]:498836293 [2]:7 [3]:13
[0]:743918508 [1]:499354783 [2]:7 [3]:54
[0]:744927198 [1]:499872673 [2]:7 [3]:8
[0]:745945445 [1]:500393666 [2]:7 [3]:10
[0]:746968157 [1]:500918429 [2]:7 [3]:53
[0]:748003259 [1]:501451038 [2]:7 [3]:52
[0]:748980649 [1]:501953808 [2]:7 [3]:54
[0]:750052756 [1]:502503196 [2]:7 [3]:11
[0]:751331889 [1]:503159329 [2]:7 [3]:10
[0]:752472781 [1]:503743770 [2]:7 [3]:52
[0]:753546565 [1]:504296344 [2]:7 [3]:52
[0]:754576710 [1]:504829733 [2]:7 [3]:52
[0]:755589293 [1]:505352430 [2]:7 [3]:51
[0]:756572814 [1]:505856112 [2]:7 [3]:13
[0]:757541265 [1]:506354185 [2]:7 [3]:8
[0]:758587289 [1]:506892382 [2]:7 [3]:15
[0]:759581869 [1]:507403446 [2]:7 [3]:19
[0]:760601274 [1]:507931826 [2]:7 [3]:14
[0]:761713179 [1]:508502494 [2]:7 [3]:46
[0]:762696931 [1]:509010954 [2]:7 [3]:54
[0]:763644153 [1]:509493431 [2]:7 [3]:11
[0]:764741999 [1]:510056812 [2]:7 [3]:16
[0]:765774140 [1]:510591426 [2]:7 [3]:14
[0]:766908823 [1]:511174624 [2]:7 [3]:11
[0]:768183591 [1]:511830301 [2]:7 [3]:11
[0]:769420661 [1]:512470955 [2]:7 [3]:52
[0]:770633438 [1]:513099011 [2]:7 [3]:12
[0]:771789838 [1]:513692409 [2]:7 [3]:12
[0]:772972193 [1]:514303155 [2]:7 [3]:46
[0]:774140557 [1]:514901052 [2]:7 [3]:49
[0]:775352015 [1]:515529690 [2]:7 [3]:13
[0]:776493794 [1]:516117163 [2]:7 [3]:26
[0]:777565717 [1]:516666568 [2]:7 [3]:49
[0]:778678760 [1]:517236946 [2]:7 [3]:51
[0]:779863159 [1]:517846107 [2]:7 [3]:11
[0]:781006767 [1]:518432285 [2]:7 [3]:16
[0]:782136934 [1]:519008425 [2]:7 [3]:54
[0]:783258701 [1]:519580968 [2]:7 [3]:19
[0]:784406479 [1]:520172787 [2]:7 [3]:15
[0]:785543702 [1]:520759260 [2]:7 [3]:13
[0]:786645952 [1]:521320877 [2]:7 [3]:11
[0]:787745464 [1]:521886960 [2]:7 [3]:11
[0]:788872192 [1]:522464434 [2]:7 [3]:15
[0]:790052872 [1]:523068708 [2]:7 [3]:11
[0]:791122669 [1]:523617599 [2]:7 [3]:17
[0]:792212589 [1]:524177419 [2]:7 [3]:50
[0]:793195094 [1]:524683291 [2]:7 [3]:14
[0]:794233057 [1]:525214770 [2]:7 [3]:50
[0]:795261443 [1]:525739869 [2]:7 [3]:15
[0]:796278492 [1]:526260295 [2]:7 [3]:8
[0]:797270487 [1]:526766799 [2]:7 [3]:9
[0]:798254133 [1]:527272320 [2]:7 [3]:53
[0]:799353069 [1]:527839980 [2]:7 [3]:54
[0]:800359065 [1]:528359775 [2]:7 [3]:16
[0]:801647727 [1]:529014465 [2]:7 [3]:12
[0]:802649235 [1]:529529065 [2]:7 [3]:52
[0]:803654627 [1]:530043720 [2]:7 [3]:11
[0]:804755640 [1]:530607296 [2]:7 [3]:52
[0]:805781571 [1]:531129877 [2]:7 [3]:10
[0]:806964917 [1]:531738696 [2]:7 [3]:12
[0]:808197290 [1]:532372087 [2]:7 [3]:16
[0]:809174048 [1]:532872368 [2]:7 [3]:7
[0]:810175853 [1]:533383342 [2]:7 [3]:15
[0]:811145047 [1]:533883044 [2]:7 [3]:53
[0]:812162186 [1]:534410268 [2]:7 [3]:14
[0]:813227892 [1]:534959698 [2]:7 [3]:13
[0]:814207509 [1]:535466149 [2]:7 [3]:22
[0]:815206334 [1]:535977788 [2]:7 [3]:16
[0]:816214014 [1]:536496768 [2]:7 [3]:14
[0]:817222317 [1]:537016959 [2]:7 [3]:51
[0]:818212207 [1]:537526045 [2]:7 [3]:15
[0]:819219476 [1]:538044629 [2]:7 [3]:58
[0]:820264593 [1]:538577886 [2]:7 [3]:58
[0]:821256629 [1]:539083439 [2]:7 [3]:50
[0]:822250178 [1]:539592345 [2]:7 [3]:14
[0]:823678069 [1]:540322216 [2]:7 [3]:12
[0]:825053353 [1]:541024740 [2]:7 [3]:10
[0]:826146933 [1]:541590044 [2]:7 [3]:58
[0]:827238082 [1]:542150240 [2]:7 [3]:46
[0]:828324547 [1]:542713541 [2]:7 [3]:13
[0]:829484612 [1]:543309282 [2]:7 [3]:51
[0]:830617844 [1]:543891944 [2]:7 [3]:10
[0]:831764897 [1]:544479384 [2]:7 [3]:13
[0]:832863179 [1]:545039521 [2]:7 [3]:13
[0]:833980159 [1]:545613773 [2]:7 [3]:19
[0]:835170461 [1]:546224705 [2]:7 [3]:13
[0]:836312949 [1]:546810060 [2]:7 [3]:56
[0]:837414101 [1]:547376274 [2]:7 [3]:52
[0]:838531254 [1]:547953863 [2]:7 [3]:12
[0]:839664961 [1]:548541361 [2]:7 [3]:9
[0]:840872607 [1]:549157903 [2]:7 [3]:17
[0]:842041511 [1]:549760689 [2]:7 [3]:11
[0]:843182784 [1]:550345574 [2]:7 [3]:10
[0]:844414471 [1]:550978068 [2]:7 [3]:13
[0]:845582573 [1]:551571235 [2]:7 [3]:49
[0]:846876811 [1]:552240563 [2]:7 [3]:48
[0]:848020093 [1]:552826031 [2]:7 [3]:50
[0]:849058692 [1]:553358469 [2]:7 [3]:57
[0]:850429475 [1]:554058607 [2]:7 [3]:14
[0]:851429069 [1]:554571585 [2]:7 [3]:12
[0]:852398019 [1]:555069331 [2]:7 [3]:10
[0]:853425571 [1]:555600552 [2]:7 [3]:15
[0]:854499247 [1]:556156590 [2]:7 [3]:15
[0]:855536045 [1]:556688299 [2]:7 [3]:15
[0]:856559624 [1]:557210016 [2]:7 [3]:14
[0]:857529737 [1]:557704503 [2]:7 [3]:10
[0]:858561125 [1]:558235875 [2]:7 [3]:55
[0]:859542660 [1]:558737892 [2]:7 [3]:16
[0]:860533892 [1]:559245810 [2]:7 [3]:15
[0]:861633838 [1]:559812744 [2]:7 [3]:8
[0]:862724700 [1]:560372655 [2]:7 [3]:53
[0]:864042916 [1]:561047491 [2]:7 [3]:9
[0]:865319773 [1]:561837686 [2]:7 [3]:13
[0]:866525655 [1]:562907224 [2]:7 [3]:17
[0]:867650616 [1]:563900127 [2]:7 [3]:18
[0]:868891504 [1]:565001329 [2]:7 [3]:16
[0]:870322780 [1]:566270101 [2]:7 [3]:13
[0]:871424449 [1]:567247222 [2]:7 [3]:14
[0]:872529682 [1]:568230686 [2]:7 [3]:18
[0]:873614119 [1]:569187276 [2]:7 [3]:19
[0]:874728354 [1]:570177564 [2]:7 [3]:15
[0]:875829161 [1]:571151634 [2]:7 [3]:17
[0]:876914781 [1]:572110821 [2]:7 [3]:12
[0]:878051416 [1]:573118294 [2]:7 [3]:16
[0]:879516256 [1]:574413357 [2]:7 [3]:16
[0]:880748807 [1]:575511502 [2]:7 [3]:16
[0]:882074111 [1]:576682132 [2]:7 [3]:15
[0]:883421877 [1]:577875271 [2]:7 [3]:20
[0]:884751754 [1]:579054187 [2]:7 [3]:52
[0]:886033158 [1]:580187498 [2]:7 [3]:57
[0]:887267239 [1]:581285302 [2]:7 [3]:54
[0]:888485387 [1]:582360994 [2]:7 [3]:24
[0]:889712044 [1]:583447214 [2]:7 [3]:20
[0]:890951919 [1]:584551339 [2]:7 [3]:19
[0]:892300378 [1]:585743017 [2]:7 [3]:11
[0]:893461761 [1]:586770937 [2]:7 [3]:53
[0]:895130034 [1]:588256054 [2]:7 [3]:53
[0]:896347472 [1]:589332054 [2]:7 [3]:15
[0]:897568629 [1]:590413745 [2]:7 [3]:12
[0]:898749396 [1]:591456323 [2]:7 [3]:54
[0]:899990216 [1]:592553523 [2]:7 [3]:57
[0]:901247715 [1]:593671809 [2]:7 [3]:15
[0]:902545797 [1]:594821266 [2]:7 [3]:19
[0]:903786161 [1]:595918738 [2]:7 [3]:18
[0]:905079818 [1]:597063959 [2]:7 [3]:17
[0]:906285645 [1]:598135993 [2]:7 [3]:15
[0]:907489586 [1]:599200502 [2]:7 [3]:61
[0]:908704905 [1]:600282739 [2]:7 [3]:16
[0]:909821593 [1]:601269930 [2]:7 [3]:19
[0]:910944608 [1]:602267672 [2]:7 [3]:54
[0]:912183565 [1]:603361710 [2]:7 [3]:18
[0]:913296377 [1]:604348156 [2]:7 [3]:15
[0]:914381495 [1]:605310181 [2]:7 [3]:15
[0]:915515085 [1]:606311826 [2]:7 [3]:54
[0]:916644173 [1]:607313243 [2]:7 [3]:18
[0]:918065422 [1]:608566049 [2]:7 [3]:50
[0]:919226746 [1]:609591665 [2]:7 [3]:17
[0]:920476449 [1]:610700921 [2]:7 [3]:14
[0]:921586923 [1]:611678111 [2]:7 [3]:57
[0]:922649718 [1]:612618070 [2]:7 [3]:17
[0]:924281204 [1]:614064334 [2]:7 [3]:54
[0]:925677368 [1]:615302192 [2]:7 [3]:60
[0]:927104634 [1]:616561398 [2]:7 [3]:10
[0]:928711854 [1]:617989347 [2]:7 [3]:15
[0]:929840502 [1]:618986680 [2]:7 [3]:19
[0]:930928450 [1]:619950868 [2]:7 [3]:53
[0]:932200690 [1]:621073445 [2]:7 [3]:25
[0]:933305979 [1]:622053759 [2]:7 [3]:20
[0]:934437987 [1]:623053868 [2]:7 [3]:16
[0]:935526456 [1]:624020334 [2]:7 [3]:49
[0]:936804392 [1]:625151016 [2]:7 [3]:15
[0]:937891407 [1]:626116294 [2]:7 [3]:20
[0]:939016409 [1]:627111486 [2]:7 [3]:51
[0]:940143337 [1]:628114080 [2]:7 [3]:20
[0]:941511704 [1]:629326752 [2]:7 [3]:53
[0]:942751301 [1]:630427270 [2]:7 [3]:14
[0]:944181928 [1]:631689516 [2]:7 [3]:17
[0]:945563304 [1]:632914972 [2]:7 [3]:21
[0]:946867906 [1]:634071179 [2]:7 [3]:54
[0]:948117555 [1]:635181061 [2]:7 [3]:16
[0]:949343429 [1]:636262903 [2]:7 [3]:14
[0]:950594607 [1]:637374817 [2]:7 [3]:15
[0]:951826229 [1]:638461175 [2]:7 [3]:18
[0]:953086639 [1]:639573254 [2]:7 [3]:19
[0]:954344795 [1]:640686689 [2]:7 [3]:17
[0]:955578568 [1]:641781233 [2]:7 [3]:20
[0]:956810889 [1]:642869355 [2]:7 [3]:13
[0]:958041473 [1]:643953226 [2]:7 [3]:19
[0]:959280928 [1]:645051859 [2]:7 [3]:18
[0]:960489284 [1]:646119072 [2]:7 [3]:19
[0]:961759234 [1]:647244022 [2]:7 [3]:12
[0]:963029995 [1]:648364409 [2]:7 [3]:18
[0]:964239241 [1]:649438933 [2]:7 [3]:20
[0]:965496795 [1]:650553684 [2]:7 [3]:51
[0]:966730089 [1]:651641157 [2]:7 [3]:17
[0]:968011793 [1]:652778402 [2]:7 [3]:15
[0]:969294209 [1]:653907666 [2]:7 [3]:21
[0]:970525363 [1]:655000990 [2]:7 [3]:16
[0]:971639256 [1]:655992744 [2]:7 [3]:14
[0]:972994856 [1]:657189334 [2]:7 [3]:52
[0]:974090756 [1]:658158705 [2]:7 [3]:24
[0]:975195660 [1]:659140277 [2]:7 [3]:19
[0]:976304201 [1]:660118611 [2]:7 [3]:18
[0]:977383007 [1]:661076541 [2]:7 [3]:18
[0]:978528526 [1]:662091365 [2]:7 [3]:17
[0]:979674710 [1]:663110147 [2]:7 [3]:19
[0]:980782945 [1]:664089978 [2]:7 [3]:53
[0]:981895396 [1]:665074837 [2]:7 [3]:19
[0]:983000526 [1]:666058758 [2]:7 [3]:16
[0]:984143134 [1]:667072619 [2]:7 [3]:19
[0]:985303229 [1]:668100119 [2]:7 [3]:55
[0]:986509388 [1]:669169707 [2]:7 [3]:18
[0]:987905222 [1]:670404038 [2]:7 [3]:17
[0]:989181050 [1]:671536892 [2]:7 [3]:16
[0]:990318304 [1]:672542153 [2]:7 [3]:13
[0]:991442306 [1]:673536377 [2]:7 [3]:19
[0]:992510291 [1]:674486184 [2]:7 [3]:18
[0]:993645363 [1]:675490993 [2]:7 [3]:15
[0]:994901714 [1]:676605542 [2]:7 [3]:57
[0]:996017184 [1]:677593555 [2]:7 [3]:19
[0]:997103678 [1]:678555626 [2]:7 [3]:10
[0]:998265703 [1]:679583550 [2]:7 [3]:18
[0]:999447939 [1]:680634986 [2]:7 [3]:16
[0]:1000576973 [1]:681637780 [2]:7 [3]:53
[0]:1001656161 [1]:682591540 [2]:7 [3]:13
[0]:1002747854 [1]:683560014 [2]:7 [3]:55
[0]:1003866493 [1]:684549572 [2]:7 [3]:22
[0]:1005140471 [1]:685679611 [2]:7 [3]:56
[0]:1006534709 [1]:686914442 [2]:7 [3]:13
[0]:1007841061 [1]:688071907 [2]:7 [3]:20
[0]:1009079384 [1]:689165955 [2]:7 [3]:9
[0]:1010281380 [1]:690231849 [2]:7 [3]:10
[0]:1011499484 [1]:691309056 [2]:7 [3]:54
[0]:1012737837 [1]:692409929 [2]:7 [3]:51
[0]:1013936839 [1]:693469517 [2]:7 [3]:18
[0]:1015170908 [1]:694563945 [2]:7 [3]:16
[0]:1016424685 [1]:695673305 [2]:7 [3]:23
[0]:1017700496 [1]:696808695 [2]:7 [3]:58
[0]:1018991499 [1]:697947510 [2]:7 [3]:11
[0]:1020199801 [1]:699018704 [2]:7 [3]:15
[0]:1021430303 [1]:700100956 [2]:7 [3]:17
[0]:1022837109 [1]:701350772 [2]:7 [3]:20
[0]:1024022595 [1]:702395103 [2]:7 [3]:17
[0]:1025265019 [1]:703497710 [2]:7 [3]:20
[0]:1026461039 [1]:704558041 [2]:7 [3]:18
[0]:1027674662 [1]:705635680 [2]:7 [3]:18
[0]:1028908341 [1]:706723835 [2]:7 [3]:17
[0]:1030167502 [1]:707839978 [2]:7 [3]:19
[0]:1031375383 [1]:708910805 [2]:7 [3]:20
[0]:1032576157 [1]:709975004 [2]:7 [3]:57
[0]:1033674099 [1]:710943858 [2]:7 [3]:16
[0]:1034729939 [1]:711879817 [2]:7 [3]:56
[0]:1035818996 [1]:712843773 [2]:7 [3]:24
[0]:1036923964 [1]:713822251 [2]:7 [3]:16
[0]:1038025407 [1]:714802052 [2]:7 [3]:59
[0]:1039109408 [1]:715765995 [2]:7 [3]:57
[0]:1040219785 [1]:716747822 [2]:7 [3]:14
[0]:1041314109 [1]:717722262 [2]:7 [3]:19
[0]:1042426652 [1]:718705643 [2]:7 [3]:18
[0]:1043539351 [1]:719695998 [2]:7 [3]:17
[0]:1044651113 [1]:720684186 [2]:7 [3]:59
[0]:1045804119 [1]:721700801 [2]:7 [3]:56
[0]:1046845335 [1]:722320407 [2]:7 [3]:18
[0]:1047951484 [1]:722891184 [2]:7 [3]:11
[0]:1049293045 [1]:723581662 [2]:7 [3]:10
[0]:1050454740 [1]:724186564 [2]:7 [3]:9
[0]:1051474675 [1]:724717956 [2]:7 [3]:52
[0]:1052478458 [1]:725234897 [2]:7 [3]:52
[0]:1053493996 [1]:725761212 [2]:7 [3]:12
[0]:1054507659 [1]:726283667 [2]:7 [3]:16
[0]:1055532177 [1]:726809882 [2]:7 [3]:17
[0]:1056607490 [1]:727364415 [2]:7 [3]:14
[0]:1057601940 [1]:727874145 [2]:7 [3]:11
[0]:1058586626 [1]:728382193 [2]:7 [3]:16
[0]:1059643057 [1]:728925110 [2]:7 [3]:15
[0]:1060634662 [1]:729432629 [2]:7 [3]:14
[0]:1061620724 [1]:729936277 [2]:7 [3]:51
[0]:1062801559 [1]:730550398 [2]:7 [3]:10
[0]:1063787236 [1]:731053064 [2]:7 [3]:13
[0]:1065033884 [1]:731695653 [2]:7 [3]:51
[0]:1066342446 [1]:732369516 [2]:7 [3]:58
[0]:1067659248 [1]:733048523 [2]:7 [3]:11
[0]:1068935574 [1]:733708076 [2]:7 [3]:13
[0]:1070270843 [1]:734390990 [2]:7 [3]:10
[0]:1071470181 [1]:735013693 [2]:7 [3]:12
[0]:1072552254 [1]:735573583 [2]:7 [3]:8
[0]:1073676449 [1]:736150114 [2]:7 [3]:12
[0]:1074793650 [1]:736724147 [2]:7 [3]:14
[0]:1075906232 [1]:737301998 [2]:7 [3]:12
[0]:1077101763 [1]:737920696 [2]:7 [3]:57
[0]:1078238152 [1]:738503899 [2]:7 [3]:12
[0]:1079359283 [1]:739080268 [2]:7 [3]:12
[0]:1080531750 [1]:739683796 [2]:7 [3]:18
[0]:1081688536 [1]:740275065 [2]:7 [3]:50
[0]:1082810717 [1]:740850526 [2]:7 [3]:11
[0]:1083928788 [1]:741427091 [2]:7 [3]:55
[0]:1085020424 [1]:741990977 [2]:7 [3]:16
[0]:1086187754 [1]:742586896 [2]:7 [3]:12
[0]:1087342330 [1]:743183793 [2]:7 [3]:11
[0]:1088516575 [1]:743786414 [2]:7 [3]:9
[0]:1089638212 [1]:744364885 [2]:7 [3]:57
[0]:1090626370 [1]:744877445 [2]:7 [3]:14
[0]:1091604242 [1]:745383934 [2]:7 [3]:13
[0]:1092614630 [1]:745907960 [2]:7 [3]:9
[0]:1093810021 [1]:746525697 [2]:7 [3]:14
[0]:1094786428 [1]:747030486 [2]:7 [3]:13
[0]:1095786167 [1]:747542968 [2]:7 [3]:12
[0]:1096817761 [1]:748075472 [2]:7 [3]:13
[0]:1097838254 [1]:748606217 [2]:7 [3]:50
[0]:1098856743 [1]:749136920 [2]:7 [3]:11
[0]:1099906316 [1]:749680786 [2]:7 [3]:17
[0]:1100886206 [1]:750182574 [2]:7 [3]:12
[0]:1101899991 [1]:750706155 [2]:7 [3]:12
[0]:1102958332 [1]:751248321 [2]:7 [3]:51
[0]:1104000452 [1]:751787227 [2]:7 [3]:12
[0]:1105194631 [1]:752400399 [2]:7 [3]:11
[0]:1106446903 [1]:753043617 [2]:7 [3]:15
[0]:1107482269 [1]:753578887 [2]:7 [3]:51
[0]:1108556715 [1]:754129692 [2]:7 [3]:54
[0]:1109609597 [1]:754671430 [2]:7 [3]:11
[0]:1110855821 [1]:755313823 [2]:7 [3]:50
[0]:1111818537 [1]:755813276 [2]:7 [3]:9
[0]:1112903116 [1]:756373259 [2]:7 [3]:50
[0]:1113910952 [1]:756891794 [2]:7 [3]:13
[0]:1114921868 [1]:757407439 [2]:7 [3]:15
[0]:1115933062 [1]:757922906 [2]:7 [3]:47
[0]:1116942040 [1]:758443379 [2]:7 [3]:50
[0]:1117942842 [1]:758961461 [2]:7 [3]:11
[0]:1118920892 [1]:759465394 [2]:7 [3]:50
[0]:1119926299 [1]:759984434 [2]:7 [3]:18
[0]:1121151977 [1]:760619667 [2]:7 [3]:12
[0]:1122459950 [1]:761297779 [2]:7 [3]:11
[0]:1123633716 [1]:761895003 [2]:7 [3]:52
[0]:1124949278 [1]:762574684 [2]:7 [3]:13
[0]:1126201676 [1]:763224753 [2]:7 [3]:49
[0]:1127404542 [1]:763843793 [2]:7 [3]:8
[0]:1128700488 [1]:764510483 [2]:7 [3]:13
[0]:1129846745 [1]:765100314 [2]:7 [3]:54
[0]:1130922037 [1]:765652440 [2]:7 [3]:59
[0]:1132046080 [1]:766235326 [2]:7 [3]:17
[0]:1133162764 [1]:766805878 [2]:7 [3]:48
[0]:1134304108 [1]:767393686 [2]:7 [3]:14
[0]:1135450763 [1]:767985474 [2]:7 [3]:51
[0]:1136584066 [1]:768568077 [2]:7 [3]:17
[0]:1137681663 [1]:769131216 [2]:7 [3]:15
[0]:1138809530 [1]:769710100 [2]:7 [3]:17
[0]:1139900581 [1]:770272609 [2]:7 [3]:13
[0]:1141025179 [1]:770852090 [2]:7 [3]:15
[0]:1142141596 [1]:771423559 [2]:7 [3]:50
[0]:1143270035 [1]:772011622 [2]:7 [3]:15
[0]:1144379698 [1]:772584643 [2]:7 [3]:11
[0]:1145528766 [1]:773179409 [2]:7 [3]:13
[0]:1146578374 [1]:773721496 [2]:7 [3]:12
[0]:1147567566 [1]:774224491 [2]:7 [3]:50
[0]:1148584027 [1]:774744805 [2]:7 [3]:9
[0]:1149600430 [1]:775265877 [2]:7 [3]:49
[0]:1150599632 [1]:775777708 [2]:7 [3]:48
[0]:1151601598 [1]:776291635 [2]:7 [3]:51
[0]:1152620693 [1]:776818623 [2]:7 [3]:18
[0]:1153636853 [1]:777341266 [2]:7 [3]:16
[0]:1154624140 [1]:777853315 [2]:7 [3]:52
[0]:1155631591 [1]:778364598 [2]:7 [3]:14
[0]:1156598909 [1]:778855995 [2]:7 [3]:15
[0]:1157619097 [1]:779382681 [2]:7 [3]:13
[0]:1158658351 [1]:779918232 [2]:7 [3]:11
[0]:1159669168 [1]:780440058 [2]:7 [3]:11
[0]:1160882284 [1]:781064442 [2]:7 [3]:56
[0]:1162088412 [1]:781683726 [2]:7 [3]:56
[0]:1163120768 [1]:782213871 [2]:7 [3]:10
[0]:1164172821 [1]:782757387 [2]:7 [3]:12
[0]:1165189288 [1]:783276033 [2]:7 [3]:21
[0]:1166198412 [1]:783793820 [2]:7 [3]:54
[0]:1167185481 [1]:784298727 [2]:7 [3]:10
[0]:1168517701 [1]:784977334 [2]:7 [3]:17
[0]:1169535916 [1]:785497414 [2]:7 [3]:11
[0]:1170589543 [1]:786037731 [2]:7 [3]:8
[0]:1171625967 [1]:786562409 [2]:7 [3]:13
[0]:1172621476 [1]:787073465 [2]:7 [3]:49
[0]:1173692451 [1]:787626553 [2]:7 [3]:10
[0]:1174685279 [1]:788133542 [2]:7 [3]:45
[0]:1175845741 [1]:788729650 [2]:7 [3]:12
[0]:1177096610 [1]:789370919 [2]:7 [3]:51
[0]:1178337353 [1]:790009938 [2]:7 [3]:17
[0]:1179491375 [1]:790606841 [2]:7 [3]:52
[0]:1180609208 [1]:791179672 [2]:7 [3]:48
[0]:1181689452 [1]:791735435 [2]:7 [3]:53
[0]:1182861668 [1]:792335398 [2]:7 [3]:16
[0]:1183993069 [1]:792922294 [2]:7 [3]:58
[0]:1185101707 [1]:793488072 [2]:7 [3]:50
[0]:1186232124 [1]:794069017 [2]:7 [3]:12
[0]:1187410499 [1]:794674767 [2]:7 [3]:14
[0]:1188517726 [1]:795249515 [2]:7 [3]:54
[0]:1189639588 [1]:795824677 [2]:7 [3]:15
[0]:1190761431 [1]:796403682 [2]:7 [3]:11
[0]:1191911081 [1]:797000836 [2]:7 [3]:13
[0]:1193160428 [1]:797643436 [2]:7 [3]:53
[0]:1194301722 [1]:798231370 [2]:7 [3]:12
[0]:1195423394 [1]:798806051 [2]:7 [3]:15
[0]:1196543213 [1]:799385000 [2]:7 [3]:12
[0]:1197700354 [1]:799976182 [2]:7 [3]:54
[0]:1198856485 [1]:800571153 [2]:7 [3]:50
[0]:1200060349 [1]:801191819 [2]:7 [3]:13
[0]:1201181111 [1]:801771672 [2]:7 [3]:14
[0]:1202382064 [1]:802388599 [2]:7 [3]:10
[0]:1203427439 [1]:802924323 [2]:7 [3]:17
[0]:1204425434 [1]:803435522 [2]:7 [3]:19
[0]:1205395610 [1]:803937915 [2]:7 [3]:10
[0]:1206387425 [1]:804448181 [2]:7 [3]:48
[0]:1207375189 [1]:804953616 [2]:7 [3]:10
[0]:1208388521 [1]:805475679 [2]:7 [3]:13
[0]:1209393302 [1]:805992838 [2]:7 [3]:15
[0]:1210438161 [1]:806528979 [2]:7 [3]:16
[0]:1211482103 [1]:807068840 [2]:7 [3]:55
[0]:1212462265 [1]:807576498 [2]:7 [3]:16
[0]:1213461906 [1]:808090351 [2]:7 [3]:17
[0]:1214454319 [1]:808605923 [2]:7 [3]:10
[0]:1214964098 [1]:808867664 [2]:7 [3]:54
[0]:1214964098 [1]:808867664 [2]:7 [3]:54
[0]:1214964098 [1]:808867664 [2]:7 [3]:54
[0]:1214964098 [1]:808867664 [2]:7 [3]:54
[0]:1214964098 [1]:808867664 [2]:7 [3]:54
[0]:1214964098 [1]:808867664 [2]:7 [3]:54
[0]:1214964098 [1]:808867664 [2]:7 [3]:54
[0]:1214964098 [1]:808867664 [2]:7 [3]:54
[0]:1214964098 [1]:808867664 [2]:7 [3]:54
[0]:1214964098 [1]:808867664 [2]:7 [3]:54
[0]:1214964098 [1]:808867664 [2]:7 [3]:54
                                                                                    [0]:1214964098 [1]:808867664 [2]:7 [3]:54
[0]:1214964098 [1]:808867664 [2]:7 [3]:54
[0]:1214964098 [1]:808867664 [2]:7 [3]:54
[0]:1214964098 [1]:808867664 [2]:7 [3]:54
[0]:1214964098 [1]:808867664 [2]:7 [3]:54
[0]:1214964098 [1]:808867664 [2]:7 [3]:54
