[0]:174998152 [1]:63589530 [2]:7 [3]:55
[0]:176165533 [1]:64537892 [2]:7 [3]:20
[0]:177368030 [1]:65512614 [2]:7 [3]:22
[0]:178582485 [1]:66503814 [2]:0 [3]:57
[0]:179702941 [1]:67406492 [2]:0 [3]:23
[0]:180921148 [1]:68396592 [2]:7 [3]:17
[0]:182316285 [1]:69530606 [2]:7 [3]:53
[0]:183622642 [1]:70592834 [2]:7 [3]:19
[0]:184951239 [1]:71671235 [2]:7 [3]:13
[0]:186109130 [1]:72610778 [2]:7 [3]:11
[0]:187247205 [1]:73540556 [2]:7 [3]:20
[0]:188439981 [1]:74509253 [2]:7 [3]:20
[0]:189631654 [1]:75476117 [2]:7 [3]:53
[0]:190900535 [1]:76510463 [2]:7 [3]:11
[0]:192074630 [1]:77466244 [2]:7 [3]:50
[0]:193229853 [1]:78409497 [2]:7 [3]:14
[0]:194357047 [1]:79321175 [2]:7 [3]:56
[0]:195501535 [1]:80250236 [2]:7 [3]:14
[0]:196635770 [1]:81174440 [2]:7 [3]:11
[0]:197859933 [1]:82167662 [2]:7 [3]:17
[0]:199050255 [1]:83134472 [2]:7 [3]:16
[0]:200738365 [1]:84507426 [2]:7 [3]:18
[0]:202183495 [1]:85682822 [2]:7 [3]:20
[0]:203591036 [1]:86828398 [2]:0 [3]:47
[0]:204958600 [1]:87939306 [2]:7 [3]:19
[0]:206387089 [1]:89097048 [2]:7 [3]:14
[0]:207690447 [1]:90152057 [2]:7 [3]:49
[0]:208978698 [1]:91197847 [2]:0 [3]:58
[0]:210272487 [1]:92244622 [2]:7 [3]:18
[0]:211655933 [1]:93368798 [2]:7 [3]:54
[0]:213002762 [1]:94466955 [2]:7 [3]:22
[0]:214238375 [1]:95469907 [2]:7 [3]:18
[0]:215528755 [1]:96516786 [2]:7 [3]:15
[0]:216824672 [1]:97570307 [2]:7 [3]:20
[0]:218115190 [1]:98623642 [2]:7 [3]:19
[0]:219406077 [1]:99672450 [2]:7 [3]:65
[0]:220621649 [1]:100657392 [2]:7 [3]:14
[0]:221936139 [1]:101727774 [2]:7 [3]:24
[0]:223252217 [1]:102795750 [2]:7 [3]:14
[0]:224567790 [1]:103863159 [2]:7 [3]:9
[0]:225861475 [1]:104918495 [2]:7 [3]:14
[0]:227137434 [1]:105955282 [2]:7 [3]:21
[0]:228438636 [1]:107015551 [2]:7 [3]:20
[0]:229611078 [1]:107960878 [2]:7 [3]:62
[0]:230763781 [1]:108899179 [2]:7 [3]:12
[0]:231940071 [1]:109853287 [2]:7 [3]:19
[0]:233092233 [1]:110783701 [2]:7 [3]:55
[0]:234224869 [1]:111709659 [2]:7 [3]:59
[0]:235364932 [1]:112625886 [2]:7 [3]:14
[0]:236504143 [1]:113556500 [2]:7 [3]:18
[0]:237805691 [1]:114611589 [2]:7 [3]:19
[0]:238940699 [1]:115530942 [2]:7 [3]:48
[0]:240090119 [1]:116469148 [2]:7 [3]:56
[0]:241221301 [1]:117387313 [2]:7 [3]:8
[0]:242339687 [1]:118300208 [2]:0 [3]:15
[0]:243422437 [1]:119180137 [2]:7 [3]:48
[0]:244719112 [1]:120232904 [2]:7 [3]:15
[0]:246132184 [1]:121380445 [2]:7 [3]:18
[0]:247487355 [1]:122479003 [2]:7 [3]:17
[0]:248667262 [1]:123439103 [2]:7 [3]:22
[0]:249878709 [1]:124421802 [2]:7 [3]:13
[0]:251092966 [1]:125407363 [2]:7 [3]:17
[0]:252290372 [1]:126377621 [2]:7 [3]:15
[0]:253428442 [1]:127304352 [2]:7 [3]:19
[0]:254869512 [1]:128468585 [2]:7 [3]:19
[0]:255991950 [1]:129382663 [2]:7 [3]:17
[0]:257153293 [1]:130325250 [2]:7 [3]:18
[0]:258319535 [1]:131273727 [2]:7 [3]:16
[0]:259505419 [1]:132233407 [2]:7 [3]:18
[0]:260675256 [1]:133185067 [2]:7 [3]:47
[0]:261793797 [1]:134093975 [2]:7 [3]:14
[0]:262885062 [1]:134977914 [2]:7 [3]:61
[0]:264285649 [1]:136120236 [2]:7 [3]:18
[0]:265711082 [1]:137277973 [2]:7 [3]:13
[0]:267077649 [1]:138388678 [2]:7 [3]:55
[0]:268459675 [1]:139508554 [2]:7 [3]:17
[0]:269857143 [1]:140645101 [2]:7 [3]:55
[0]:271173094 [1]:141710157 [2]:7 [3]:17
[0]:272414257 [1]:142721164 [2]:7 [3]:18
[0]:273702208 [1]:143772877 [2]:7 [3]:14
[0]:275112757 [1]:144917286 [2]:7 [3]:13
[0]:276435656 [1]:145994186 [2]:7 [3]:54
[0]:277752371 [1]:147059049 [2]:7 [3]:52
[0]:279041076 [1]:148110195 [2]:7 [3]:56
[0]:280300509 [1]:149135719 [2]:7 [3]:57
[0]:281524220 [1]:150123159 [2]:7 [3]:13
[0]:282815657 [1]:151171657 [2]:7 [3]:53
[0]:284076720 [1]:152199407 [2]:7 [3]:54
[0]:285329140 [1]:153219040 [2]:7 [3]:13
[0]:286588898 [1]:154245266 [2]:7 [3]:14
[0]:287830275 [1]:155248359 [2]:7 [3]:54
[0]:289146138 [1]:156316699 [2]:7 [3]:15
[0]:290402022 [1]:157341866 [2]:7 [3]:19
[0]:291611378 [1]:158324220 [2]:7 [3]:17
[0]:292777656 [1]:159268698 [2]:7 [3]:12
[0]:293929260 [1]:160209952 [2]:7 [3]:18
[0]:295101136 [1]:161157675 [2]:7 [3]:56
[0]:296241701 [1]:162083299 [2]:7 [3]:17
[0]:297383747 [1]:163016386 [2]:7 [3]:17
[0]:298526063 [1]:163941516 [2]:7 [3]:15
[0]:299661024 [1]:164867388 [2]:7 [3]:20
[0]:300784962 [1]:165782171 [2]:7 [3]:18
[0]:301919632 [1]:166699161 [2]:7 [3]:22
[0]:303020445 [1]:167593333 [2]:7 [3]:15
[0]:304122636 [1]:168487360 [2]:7 [3]:17
[0]:305250891 [1]:169401764 [2]:7 [3]:15
[0]:306378082 [1]:170323715 [2]:7 [3]:18
[0]:307535813 [1]:171261712 [2]:7 [3]:19
[0]:308948380 [1]:172410596 [2]:7 [3]:56
[0]:310406770 [1]:173593612 [2]:7 [3]:22
[0]:311680584 [1]:174633676 [2]:7 [3]:57
[0]:312897512 [1]:175626554 [2]:7 [3]:15
[0]:314035298 [1]:176549696 [2]:7 [3]:51
[0]:315157018 [1]:177458018 [2]:7 [3]:20
[0]:316307071 [1]:178393851 [2]:7 [3]:19
[0]:317489489 [1]:179350474 [2]:7 [3]:58
[0]:318606290 [1]:180259430 [2]:7 [3]:54
[0]:319762498 [1]:181196340 [2]:7 [3]:17
[0]:320887503 [1]:182112481 [2]:7 [3]:16
[0]:322013129 [1]:183028811 [2]:7 [3]:17
[0]:323175515 [1]:183967955 [2]:7 [3]:15
[0]:324326971 [1]:184906150 [2]:7 [3]:14
[0]:325447328 [1]:185810383 [2]:7 [3]:15
[0]:326673185 [1]:186809432 [2]:7 [3]:10
[0]:328133837 [1]:188000617 [2]:7 [3]:20
[0]:329530978 [1]:189136995 [2]:7 [3]:17
[0]:330844693 [1]:190201530 [2]:7 [3]:55
[0]:332160641 [1]:191271240 [2]:7 [3]:13
[0]:333425123 [1]:192305319 [2]:7 [3]:23
[0]:334816916 [1]:193436946 [2]:7 [3]:13
[0]:336157143 [1]:194526005 [2]:7 [3]:55
[0]:337644049 [1]:195734930 [2]:7 [3]:55
[0]:338911486 [1]:196764901 [2]:7 [3]:18
[0]:340248331 [1]:197849640 [2]:7 [3]:17
[0]:341566924 [1]:198925043 [2]:7 [3]:60
[0]:342884641 [1]:199991895 [2]:7 [3]:14
[0]:344424227 [1]:201239339 [2]:7 [3]:19
[0]:345714473 [1]:202288910 [2]:0 [3]:45
[0]:347003711 [1]:203334450 [2]:7 [3]:54
[0]:348244747 [1]:204344248 [2]:7 [3]:17
[0]:349511736 [1]:205377735 [2]:7 [3]:15
[0]:350802433 [1]:206417048 [2]:7 [3]:13
[0]:352366926 [1]:207694809 [2]:7 [3]:16
[0]:353651711 [1]:208737984 [2]:7 [3]:50
[0]:354835743 [1]:209697482 [2]:7 [3]:52
[0]:356088487 [1]:210718068 [2]:7 [3]:16
[0]:357231000 [1]:211639933 [2]:7 [3]:18
[0]:358382030 [1]:212576150 [2]:7 [3]:21
[0]:359588730 [1]:213555796 [2]:7 [3]:21
