[0]:370162219 [1]:253196343 [2]:7 [3]:45
[0]:371309839 [1]:253784255 [2]:7 [3]:49
[0]:372483908 [1]:254393406 [2]:7 [3]:11
[0]:373641354 [1]:254985334 [2]:7 [3]:14
[0]:374781320 [1]:255566730 [2]:7 [3]:37
[0]:375930598 [1]:256157835 [2]:7 [3]:17
[0]:377081482 [1]:256747484 [2]:7 [3]:12
[0]:378213093 [1]:257328012 [2]:7 [3]:13
[0]:379335720 [1]:257904590 [2]:7 [3]:14
[0]:380711719 [1]:258603258 [2]:7 [3]:13
[0]:381923669 [1]:259219317 [2]:7 [3]:15
[0]:383245515 [1]:259891458 [2]:7 [3]:55
[0]:384405961 [1]:260482379 [2]:7 [3]:47
[0]:385613761 [1]:261100885 [2]:7 [3]:45
[0]:386747166 [1]:261679624 [2]:7 [3]:13
[0]:387919667 [1]:262272389 [2]:7 [3]:17
[0]:388957009 [1]:262801648 [2]:7 [3]:53
[0]:389971793 [1]:263323304 [2]:7 [3]:32
[0]:391021723 [1]:263858839 [2]:7 [3]:53
[0]:392052382 [1]:264386381 [2]:7 [3]:10
[0]:393102478 [1]:264928306 [2]:7 [3]:14
[0]:394157577 [1]:265466957 [2]:7 [3]:52
[0]:395178078 [1]:265990533 [2]:7 [3]:52
[0]:396186356 [1]:266501196 [2]:7 [3]:9
[0]:397204518 [1]:267018472 [2]:7 [3]:13
[0]:398208089 [1]:267530973 [2]:7 [3]:10
[0]:399214633 [1]:268046012 [2]:7 [3]:14
[0]:400248105 [1]:268576814 [2]:7 [3]:16
[0]:401218286 [1]:269071913 [2]:7 [3]:11
[0]:402310678 [1]:269631099 [2]:7 [3]:14
[0]:403578479 [1]:270283199 [2]:7 [3]:51
[0]:405074013 [1]:271044412 [2]:7 [3]:5
[0]:406362344 [1]:271703108 [2]:7 [3]:10
[0]:407661459 [1]:272369541 [2]:7 [3]:48
[0]:408836759 [1]:272974609 [2]:7 [3]:15
[0]:410016987 [1]:273581012 [2]:7 [3]:53
[0]:411111039 [1]:274143489 [2]:7 [3]:53
[0]:412242666 [1]:274719010 [2]:7 [3]:10
[0]:413408522 [1]:275310434 [2]:7 [3]:10
[0]:414569176 [1]:275904579 [2]:7 [3]:12
[0]:415712382 [1]:276491961 [2]:7 [3]:14
[0]:416871440 [1]:277082914 [2]:7 [3]:54
[0]:418018282 [1]:277667762 [2]:7 [3]:13
[0]:419175513 [1]:278260297 [2]:7 [3]:10
[0]:420318888 [1]:278844929 [2]:7 [3]:49
[0]:421521225 [1]:279461083 [2]:7 [3]:11
[0]:422657454 [1]:280041637 [2]:7 [3]:34
[0]:423792939 [1]:280625950 [2]:7 [3]:12
[0]:424911788 [1]:281197198 [2]:7 [3]:56
[0]:426039839 [1]:281770922 [2]:7 [3]:54
[0]:427298123 [1]:282419781 [2]:7 [3]:12
[0]:428601460 [1]:283086835 [2]:7 [3]:20
[0]:429700458 [1]:283649756 [2]:7 [3]:50
[0]:430806615 [1]:284219387 [2]:7 [3]:11
[0]:431928113 [1]:284796058 [2]:7 [3]:9
[0]:433127479 [1]:285406884 [2]:7 [3]:51
[0]:434260477 [1]:285984757 [2]:7 [3]:9
[0]:435408717 [1]:286573091 [2]:7 [3]:44
[0]:436543279 [1]:287158004 [2]:7 [3]:16
[0]:437768095 [1]:287777606 [2]:7 [3]:54
[0]:438897383 [1]:288357267 [2]:7 [3]:11
[0]:440044578 [1]:288942982 [2]:7 [3]:54
[0]:441250676 [1]:289555383 [2]:7 [3]:18
[0]:442375938 [1]:290128565 [2]:7 [3]:15
[0]:443622525 [1]:290766056 [2]:7 [3]:57
[0]:444830419 [1]:291386304 [2]:7 [3]:62
[0]:445891427 [1]:291932461 [2]:7 [3]:17
[0]:446937580 [1]:292470188 [2]:7 [3]:11
[0]:447919324 [1]:292978335 [2]:7 [3]:49
[0]:448987549 [1]:293524704 [2]:7 [3]:14
[0]:449980611 [1]:294039378 [2]:7 [3]:8
[0]:451210351 [1]:294667179 [2]:7 [3]:14
[0]:452230566 [1]:295189821 [2]:7 [3]:52
[0]:453227484 [1]:295702515 [2]:7 [3]:16
[0]:454219249 [1]:296215366 [2]:7 [3]:14
[0]:455257624 [1]:296748573 [2]:7 [3]:10
[0]:456259734 [1]:297259824 [2]:7 [3]:18
[0]:457253997 [1]:297770201 [2]:7 [3]:47
