[0]:27575694 [1]:3975321 [2]:106 [3]:356
[0]:27792494 [1]:3999426 [2]:106 [3]:373
[0]:27991400 [1]:4021432 [2]:107 [3]:368
[0]:28194619 [1]:4044031 [2]:107 [3]:369
[0]:28466521 [1]:4074208 [2]:107 [3]:361
[0]:28667782 [1]:4096502 [2]:107 [3]:80
[0]:28917596 [1]:4124311 [2]:107 [3]:365
[0]:29178474 [1]:4153063 [2]:107 [3]:88
[0]:29389324 [1]:4176455 [2]:107 [3]:90
[0]:29598119 [1]:4199753 [2]:107 [3]:366
[0]:29819212 [1]:4223972 [2]:107 [3]:365
[0]:30044056 [1]:4248744 [2]:107 [3]:93
[0]:30280627 [1]:4275029 [2]:103 [3]:81
[0]:30489475 [1]:4298072 [2]:103 [3]:359
[0]:30722179 [1]:4324007 [2]:103 [3]:373
[0]:30926900 [1]:4347166 [2]:103 [3]:95
[0]:31135512 [1]:4370333 [2]:103 [3]:87
[0]:31340119 [1]:4392947 [2]:103 [3]:365
[0]:31543622 [1]:4415383 [2]:103 [3]:91
[0]:31750913 [1]:4438426 [2]:103 [3]:97
[0]:31955866 [1]:4461042 [2]:103 [3]:90
[0]:32228024 [1]:4491116 [2]:103 [3]:362
[0]:32433431 [1]:4513790 [2]:102 [3]:83
[0]:32627669 [1]:4535392 [2]:102 [3]:369
[0]:32831207 [1]:4557959 [2]:102 [3]:81
[0]:33036156 [1]:4580496 [2]:102 [3]:367
[0]:33325816 [1]:4612405 [2]:102 [3]:69
[0]:33529620 [1]:4635016 [2]:102 [3]:363
[0]:33737293 [1]:4657909 [2]:102 [3]:364
[0]:33942140 [1]:4680529 [2]:102 [3]:366
[0]:34145518 [1]:4703228 [2]:102 [3]:97
[0]:34381223 [1]:4729506 [2]:102 [3]:359
[0]:34602749 [1]:4754129 [2]:101 [3]:370
[0]:34810735 [1]:4777235 [2]:101 [3]:366
[0]:35018484 [1]:4800401 [2]:101 [3]:347
[0]:35223389 [1]:4823129 [2]:101 [3]:363
[0]:35425552 [1]:4845569 [2]:101 [3]:371
[0]:35638388 [1]:4869362 [2]:101 [3]:92
[0]:35843198 [1]:4892478 [2]:101 [3]:360
[0]:36040443 [1]:4914235 [2]:101 [3]:362
[0]:36241728 [1]:4936462 [2]:101 [3]:366
[0]:36440952 [1]:4958603 [2]:101 [3]:371
[0]:36649033 [1]:4981442 [2]:101 [3]:359
[0]:36856161 [1]:5004278 [2]:101 [3]:365
[0]:37054127 [1]:5026118 [2]:101 [3]:77
[0]:37324972 [1]:5056041 [2]:101 [3]:77
[0]:37527460 [1]:5078398 [2]:101 [3]:363
[0]:37748146 [1]:5102883 [2]:101 [3]:93
[0]:37961761 [1]:5126644 [2]:101 [3]:356
[0]:38165896 [1]:5149345 [2]:101 [3]:354
[0]:38386441 [1]:5173696 [2]:101 [3]:367
[0]:38588716 [1]:5196066 [2]:101 [3]:365
[0]:38788400 [1]:5218242 [2]:101 [3]:366
[0]:39001978 [1]:5241868 [2]:101 [3]:378
[0]:39214908 [1]:5265747 [2]:101 [3]:99
[0]:39426127 [1]:5289356 [2]:101 [3]:84
[0]:39640799 [1]:5313339 [2]:101 [3]:376
[0]:39847210 [1]:5336309 [2]:101 [3]:366
[0]:40085605 [1]:5362969 [2]:101 [3]:104
[0]:40286291 [1]:5385550 [2]:101 [3]:95
[0]:40491187 [1]:5408257 [2]:101 [3]:84
[0]:40703008 [1]:5431548 [2]:101 [3]:78
[0]:40909544 [1]:5454341 [2]:101 [3]:374
[0]:41124806 [1]:5478068 [2]:101 [3]:101
[0]:41339410 [1]:5501798 [2]:101 [3]:366
[0]:41548273 [1]:5524900 [2]:101 [3]:368
[0]:41771885 [1]:5550059 [2]:101 [3]:102
[0]:41977727 [1]:5573115 [2]:101 [3]:366
[0]:42185825 [1]:5596590 [2]:101 [3]:364
[0]:42395080 [1]:5619752 [2]:101 [3]:372
[0]:42596590 [1]:5641925 [2]:101 [3]:370
[0]:42803147 [1]:5664987 [2]:101 [3]:84
[0]:43038025 [1]:5690993 [2]:101 [3]:97
[0]:43238787 [1]:5713399 [2]:101 [3]:85
[0]:43446998 [1]:5736467 [2]:101 [3]:86
[0]:43656627 [1]:5759732 [2]:101 [3]:363
[0]:43861597 [1]:5782815 [2]:101 [3]:80
[0]:44070919 [1]:5805883 [2]:101 [3]:369
[0]:44271689 [1]:5828117 [2]:101 [3]:367
[0]:44480744 [1]:5851418 [2]:101 [3]:108
[0]:44686001 [1]:5873879 [2]:101 [3]:91
[0]:44891000 [1]:5896380 [2]:101 [3]:362
[0]:45092123 [1]:5918535 [2]:101 [3]:369
[0]:45305495 [1]:5942048 [2]:101 [3]:90
[0]:45510440 [1]:5964621 [2]:101 [3]:87
[0]:45758517 [1]:5991908 [2]:101 [3]:78
[0]:45963768 [1]:6014536 [2]:101 [3]:91
[0]:46196745 [1]:6040332 [2]:101 [3]:363
[0]:46413825 [1]:6064534 [2]:101 [3]:83
[0]:46626860 [1]:6088054 [2]:101 [3]:371
[0]:46823922 [1]:6109767 [2]:101 [3]:82
[0]:47063929 [1]:6136446 [2]:101 [3]:365
[0]:47277831 [1]:6160275 [2]:101 [3]:363
[0]:47490175 [1]:6183738 [2]:101 [3]:94
[0]:47699130 [1]:6206751 [2]:101 [3]:369
[0]:47905888 [1]:6229718 [2]:101 [3]:360
[0]:48109266 [1]:6252123 [2]:101 [3]:359
[0]:48316872 [1]:6275022 [2]:101 [3]:361
[0]:48538434 [1]:6299433 [2]:101 [3]:374
[0]:48756651 [1]:6323557 [2]:101 [3]:362
[0]:48954365 [1]:6345573 [2]:101 [3]:370
[0]:49158091 [1]:6368384 [2]:101 [3]:350
[0]:49371006 [1]:6392190 [2]:101 [3]:360
[0]:49576089 [1]:6414786 [2]:101 [3]:84
[0]:49784820 [1]:6438230 [2]:101 [3]:357
[0]:49989965 [1]:6460883 [2]:101 [3]:375
[0]:50198876 [1]:6484047 [2]:100 [3]:90
[0]:50399742 [1]:6506286 [2]:100 [3]:90
[0]:50612477 [1]:6529736 [2]:100 [3]:367
[0]:50869134 [1]:6558350 [2]:100 [3]:91
[0]:51066461 [1]:6580068 [2]:100 [3]:91
[0]:51266756 [1]:6602097 [2]:100 [3]:81
[0]:51527630 [1]:6630861 [2]:100 [3]:368
[0]:51727612 [1]:6653206 [2]:100 [3]:74
[0]:51933897 [1]:6676074 [2]:100 [3]:83
[0]:52142896 [1]:6699185 [2]:100 [3]:88
[0]:52347983 [1]:6721737 [2]:100 [3]:365
[0]:52549263 [1]:6743872 [2]:100 [3]:361
[0]:52769353 [1]:6768169 [2]:100 [3]:373
[0]:52979367 [1]:6791445 [2]:100 [3]:370
[0]:53185083 [1]:6814254 [2]:100 [3]:89
[0]:53393359 [1]:6837151 [2]:100 [3]:83
[0]:53594626 [1]:6859320 [2]:100 [3]:370
[0]:53825980 [1]:6884856 [2]:100 [3]:363
[0]:54040348 [1]:6908628 [2]:100 [3]:372
[0]:54239337 [1]:6930763 [2]:100 [3]:83
[0]:54446306 [1]:6953568 [2]:100 [3]:364
[0]:54651173 [1]:6976367 [2]:101 [3]:88
[0]:54852384 [1]:6998657 [2]:101 [3]:87
[0]:55077389 [1]:7023557 [2]:101 [3]:370
[0]:55281760 [1]:7046795 [2]:101 [3]:369
[0]:55484167 [1]:7069373 [2]:101 [3]:85
[0]:55695750 [1]:7092799 [2]:101 [3]:84
[0]:55900997 [1]:7115391 [2]:101 [3]:359
[0]:56101541 [1]:7137909 [2]:101 [3]:368
[0]:56307459 [1]:7160950 [2]:101 [3]:364
[0]:56532436 [1]:7186004 [2]:101 [3]:366
[0]:56739867 [1]:7209191 [2]:101 [3]:359
[0]:56940058 [1]:7231278 [2]:101 [3]:81
