[0]:85100060 [1]:12069376 [2]:106 [3]:359
[0]:85337258 [1]:12095580 [2]:106 [3]:365
[0]:85613141 [1]:12126124 [2]:106 [3]:359
[0]:85826134 [1]:12149605 [2]:106 [3]:376
[0]:86030581 [1]:12172315 [2]:106 [3]:357
[0]:86228170 [1]:12194438 [2]:106 [3]:90
[0]:86437000 [1]:12217684 [2]:106 [3]:361
[0]:86639556 [1]:12239901 [2]:106 [3]:364
[0]:86843335 [1]:12262537 [2]:104 [3]:88
[0]:87052203 [1]:12285691 [2]:104 [3]:375
[0]:87254029 [1]:12308056 [2]:104 [3]:368
[0]:87458335 [1]:12330799 [2]:104 [3]:366
[0]:87671008 [1]:12354494 [2]:104 [3]:373
[0]:87882462 [1]:12377815 [2]:104 [3]:368
[0]:88092958 [1]:12401033 [2]:104 [3]:364
[0]:88298996 [1]:12423830 [2]:104 [3]:98
[0]:88511103 [1]:12447241 [2]:104 [3]:369
[0]:88711958 [1]:12469638 [2]:104 [3]:88
[0]:88914676 [1]:12492249 [2]:104 [3]:81
[0]:89118261 [1]:12514804 [2]:102 [3]:369
[0]:89321755 [1]:12537325 [2]:102 [3]:74
[0]:89539713 [1]:12561424 [2]:102 [3]:84
[0]:89758363 [1]:12585608 [2]:102 [3]:83
[0]:89965828 [1]:12608548 [2]:102 [3]:358
[0]:90170424 [1]:12631440 [2]:102 [3]:85
[0]:90379735 [1]:12654647 [2]:102 [3]:85
[0]:90584847 [1]:12677278 [2]:102 [3]:369
[0]:90789725 [1]:12699945 [2]:102 [3]:371
[0]:91005808 [1]:12723740 [2]:102 [3]:70
[0]:91214385 [1]:12746755 [2]:101 [3]:361
[0]:91424968 [1]:12770081 [2]:101 [3]:359
[0]:91663957 [1]:12796384 [2]:101 [3]:362
[0]:91877948 [1]:12820428 [2]:101 [3]:366
[0]:92078231 [1]:12842615 [2]:101 [3]:367
[0]:92284441 [1]:12865372 [2]:101 [3]:371
[0]:92497308 [1]:12888910 [2]:101 [3]:86
[0]:92702666 [1]:12911780 [2]:101 [3]:363
[0]:92911342 [1]:12934763 [2]:101 [3]:367
[0]:93112307 [1]:12956984 [2]:101 [3]:95
[0]:93336589 [1]:12981646 [2]:101 [3]:95
[0]:93556569 [1]:13005958 [2]:100 [3]:364
[0]:93755526 [1]:13027896 [2]:100 [3]:366
[0]:93960122 [1]:13050629 [2]:100 [3]:77
[0]:94169532 [1]:13073707 [2]:100 [3]:368
[0]:94374154 [1]:13096458 [2]:100 [3]:94
[0]:94582322 [1]:13119459 [2]:100 [3]:85
[0]:94796374 [1]:13143152 [2]:100 [3]:79
[0]:95009232 [1]:13166741 [2]:100 [3]:354
[0]:95213540 [1]:13189221 [2]:100 [3]:368
[0]:95423343 [1]:13212457 [2]:100 [3]:360
[0]:95623978 [1]:13234562 [2]:100 [3]:362
[0]:95854136 [1]:13260126 [2]:101 [3]:357
[0]:96066284 [1]:13283500 [2]:101 [3]:376
[0]:96271467 [1]:13306159 [2]:101 [3]:362
[0]:96472048 [1]:13328764 [2]:101 [3]:82
[0]:96685284 [1]:13352180 [2]:101 [3]:365
[0]:96893002 [1]:13375135 [2]:101 [3]:352
[0]:97099264 [1]:13397958 [2]:101 [3]:362
[0]:97307837 [1]:13421076 [2]:101 [3]:365
[0]:97521459 [1]:13444426 [2]:101 [3]:362
[0]:97734406 [1]:13467899 [2]:101 [3]:82
[0]:97944204 [1]:13491011 [2]:101 [3]:82
[0]:98148578 [1]:13513582 [2]:101 [3]:356
[0]:98361546 [1]:13537165 [2]:101 [3]:369
[0]:98562627 [1]:13559500 [2]:101 [3]:363
[0]:98790826 [1]:13584864 [2]:101 [3]:87
[0]:99008068 [1]:13609047 [2]:101 [3]:369
[0]:99216822 [1]:13632224 [2]:101 [3]:355
[0]:99441562 [1]:13657287 [2]:101 [3]:363
[0]:99644051 [1]:13679581 [2]:101 [3]:89
[0]:99847508 [1]:13702348 [2]:101 [3]:369
[0]:100063741 [1]:13726297 [2]:101 [3]:369
[0]:100273382 [1]:13749587 [2]:101 [3]:365
[0]:100491720 [1]:13773867 [2]:101 [3]:92
[0]:100707718 [1]:13797811 [2]:101 [3]:368
[0]:100906973 [1]:13819783 [2]:101 [3]:85
[0]:101124844 [1]:13843957 [2]:101 [3]:79
[0]:101326474 [1]:13866263 [2]:101 [3]:373
[0]:101530946 [1]:13888882 [2]:101 [3]:80
[0]:101740266 [1]:13911940 [2]:101 [3]:361
[0]:101943582 [1]:13934572 [2]:101 [3]:80
[0]:102165946 [1]:13959270 [2]:101 [3]:362
[0]:102367055 [1]:13981404 [2]:100 [3]:365
[0]:102572171 [1]:14004106 [2]:100 [3]:369
[0]:102775232 [1]:14026566 [2]:100 [3]:369
[0]:102981597 [1]:14049357 [2]:100 [3]:373
[0]:103187165 [1]:14072430 [2]:100 [3]:366
[0]:103416597 [1]:14097811 [2]:100 [3]:95
[0]:103632713 [1]:14121875 [2]:100 [3]:361
[0]:103853112 [1]:14146392 [2]:100 [3]:362
[0]:104072555 [1]:14170724 [2]:100 [3]:376
[0]:104283025 [1]:14193921 [2]:100 [3]:361
[0]:104486003 [1]:14216317 [2]:100 [3]:374
[0]:104701119 [1]:14240123 [2]:100 [3]:369
[0]:104906314 [1]:14263078 [2]:100 [3]:369
[0]:105116158 [1]:14286283 [2]:100 [3]:370
[0]:105318724 [1]:14308801 [2]:100 [3]:103
[0]:105524898 [1]:14331741 [2]:100 [3]:370
[0]:105757423 [1]:14357767 [2]:100 [3]:368
[0]:105970213 [1]:14381302 [2]:100 [3]:369
[0]:106171390 [1]:14403600 [2]:100 [3]:77
[0]:106380166 [1]:14426702 [2]:100 [3]:359
[0]:106582905 [1]:14449163 [2]:100 [3]:87
[0]:106796049 [1]:14472882 [2]:101 [3]:75
[0]:107010589 [1]:14496927 [2]:101 [3]:369
[0]:107211863 [1]:14519050 [2]:101 [3]:358
[0]:107424814 [1]:14542839 [2]:101 [3]:371
[0]:107649358 [1]:14567581 [2]:101 [3]:362
[0]:107862610 [1]:14591198 [2]:101 [3]:369
[0]:108085710 [1]:14615746 [2]:101 [3]:367
[0]:108288090 [1]:14638325 [2]:101 [3]:363
[0]:108509162 [1]:14663021 [2]:101 [3]:89
[0]:108710295 [1]:14685211 [2]:101 [3]:84
[0]:108919170 [1]:14708379 [2]:101 [3]:372
[0]:109124235 [1]:14731171 [2]:101 [3]:89
[0]:109340892 [1]:14755248 [2]:101 [3]:86
[0]:109553917 [1]:14778806 [2]:101 [3]:82
[0]:109759200 [1]:14801390 [2]:101 [3]:80
[0]:109964291 [1]:14823937 [2]:101 [3]:368
[0]:110175288 [1]:14847304 [2]:101 [3]:367
[0]:110386346 [1]:14870538 [2]:101 [3]:91
[0]:110622569 [1]:14896635 [2]:101 [3]:355
[0]:110859236 [1]:14922832 [2]:101 [3]:360
[0]:111103816 [1]:14949693 [2]:101 [3]:375
[0]:111332961 [1]:14974829 [2]:100 [3]:98
[0]:111546012 [1]:14998395 [2]:100 [3]:79
[0]:111750926 [1]:15021129 [2]:100 [3]:359
[0]:111952081 [1]:15043470 [2]:100 [3]:354
[0]:112153451 [1]:15065577 [2]:100 [3]:371
[0]:112366088 [1]:15089194 [2]:100 [3]:351
[0]:112577236 [1]:15112551 [2]:100 [3]:372
[0]:112772010 [1]:15134157 [2]:100 [3]:106
[0]:112988783 [1]:15158224 [2]:100 [3]:74
[0]:113216484 [1]:15183472 [2]:100 [3]:355
[0]:113422819 [1]:15206300 [2]:100 [3]:367
[0]:113631856 [1]:15229306 [2]:100 [3]:89
[0]:113834795 [1]:15251702 [2]:100 [3]:358
[0]:114061829 [1]:15276715 [2]:100 [3]:358
[0]:114274569 [1]:15300173 [2]:100 [3]:87
[0]:114507498 [1]:15325875 [2]:100 [3]:365
