[0]:142694579 [1]:20959750 [2]:163 [3]:356
[0]:142906604 [1]:20994262 [2]:163 [3]:371
[0]:143106939 [1]:21023929 [2]:163 [3]:367
[0]:143311329 [1]:21054206 [2]:163 [3]:360
[0]:143516187 [1]:21084668 [2]:163 [3]:367
[0]:143728933 [1]:21116250 [2]:163 [3]:357
[0]:143933870 [1]:21146676 [2]:163 [3]:368
[0]:144168158 [1]:21181405 [2]:163 [3]:359
[0]:144391116 [1]:21214491 [2]:163 [3]:361
[0]:144599879 [1]:21245547 [2]:163 [3]:366
[0]:144816479 [1]:21277801 [2]:163 [3]:369
[0]:145021700 [1]:21308161 [2]:163 [3]:81
[0]:145229553 [1]:21338945 [2]:163 [3]:357
[0]:145446920 [1]:21371212 [2]:163 [3]:85
[0]:145725712 [1]:21412504 [2]:163 [3]:365
[0]:145931730 [1]:21442982 [2]:163 [3]:360
[0]:146144906 [1]:21474690 [2]:163 [3]:364
[0]:146365450 [1]:21507514 [2]:156 [3]:365
[0]:146581539 [1]:21539693 [2]:156 [3]:365
[0]:146794936 [1]:21571378 [2]:156 [3]:359
[0]:147003583 [1]:21602304 [2]:156 [3]:374
[0]:147220002 [1]:21634524 [2]:156 [3]:370
[0]:147424367 [1]:21664896 [2]:156 [3]:370
[0]:147634125 [1]:21696043 [2]:156 [3]:89
[0]:147862984 [1]:21729932 [2]:156 [3]:361
[0]:148083587 [1]:21762624 [2]:156 [3]:87
[0]:148284911 [1]:21792534 [2]:156 [3]:357
[0]:148474420 [1]:21820613 [2]:156 [3]:362
[0]:148672698 [1]:21850173 [2]:156 [3]:367
[0]:148899032 [1]:21883848 [2]:156 [3]:360
[0]:149154412 [1]:21921755 [2]:156 [3]:372
[0]:149363952 [1]:21952857 [2]:156 [3]:362
[0]:149584508 [1]:21985605 [2]:156 [3]:368
[0]:149802511 [1]:22017887 [2]:153 [3]:363
[0]:150022199 [1]:22050610 [2]:153 [3]:374
[0]:150236787 [1]:22082444 [2]:153 [3]:363
[0]:150454099 [1]:22114723 [2]:153 [3]:359
[0]:150651584 [1]:22144034 [2]:153 [3]:365
[0]:150861708 [1]:22175138 [2]:153 [3]:358
[0]:151070420 [1]:22206185 [2]:153 [3]:81
[0]:151278610 [1]:22237178 [2]:153 [3]:372
[0]:151499977 [1]:22270026 [2]:153 [3]:368
[0]:151716558 [1]:22302307 [2]:153 [3]:369
[0]:151925418 [1]:22333248 [2]:153 [3]:362
[0]:152138309 [1]:22364941 [2]:153 [3]:363
[0]:152346177 [1]:22395786 [2]:153 [3]:365
[0]:152559668 [1]:22427440 [2]:153 [3]:370
[0]:152761781 [1]:22457455 [2]:153 [3]:364
[0]:153001097 [1]:22493019 [2]:153 [3]:79
[0]:153206738 [1]:22523467 [2]:153 [3]:360
[0]:153411013 [1]:22553754 [2]:152 [3]:77
[0]:153610923 [1]:22583354 [2]:152 [3]:73
[0]:153817029 [1]:22613906 [2]:152 [3]:364
[0]:154025695 [1]:22644849 [2]:152 [3]:363
[0]:154230745 [1]:22675301 [2]:152 [3]:80
[0]:154439854 [1]:22706298 [2]:152 [3]:87
[0]:154644281 [1]:22736701 [2]:152 [3]:367
[0]:154853489 [1]:22767754 [2]:152 [3]:370
[0]:155059074 [1]:22798275 [2]:152 [3]:364
[0]:155272862 [1]:22830100 [2]:152 [3]:81
[0]:155479936 [1]:22860785 [2]:152 [3]:368
[0]:155684850 [1]:22891198 [2]:152 [3]:360
[0]:155897705 [1]:22922783 [2]:152 [3]:369
[0]:156102489 [1]:22953203 [2]:152 [3]:358
[0]:156315600 [1]:22984754 [2]:152 [3]:370
[0]:156525969 [1]:23015866 [2]:152 [3]:366
[0]:156717490 [1]:23044400 [2]:152 [3]:365
[0]:156938019 [1]:23077198 [2]:152 [3]:79
[0]:157170944 [1]:23111658 [2]:151 [3]:361
[0]:157378522 [1]:23142429 [2]:151 [3]:361
[0]:157584490 [1]:23172938 [2]:151 [3]:372
[0]:157787037 [1]:23202954 [2]:151 [3]:355
[0]:157990341 [1]:23233155 [2]:151 [3]:356
[0]:158210682 [1]:23266001 [2]:151 [3]:77
[0]:158423688 [1]:23297625 [2]:151 [3]:368
[0]:158632041 [1]:23328829 [2]:151 [3]:370
[0]:158845313 [1]:23360483 [2]:151 [3]:363
[0]:159053541 [1]:23391454 [2]:151 [3]:369
[0]:159254995 [1]:23421424 [2]:151 [3]:81
[0]:159476937 [1]:23454390 [2]:151 [3]:363
[0]:159680791 [1]:23484535 [2]:151 [3]:373
[0]:159898245 [1]:23516797 [2]:151 [3]:353
[0]:160102266 [1]:23547047 [2]:151 [3]:369
[0]:160311050 [1]:23578051 [2]:151 [3]:369
[0]:160516036 [1]:23608507 [2]:151 [3]:364
[0]:160788541 [1]:23648838 [2]:151 [3]:357
[0]:160989263 [1]:23678565 [2]:151 [3]:361
[0]:161205482 [1]:23710709 [2]:151 [3]:368
[0]:161418570 [1]:23742333 [2]:151 [3]:80
[0]:161627566 [1]:23773212 [2]:151 [3]:371
[0]:161836090 [1]:23804192 [2]:151 [3]:362
[0]:162052895 [1]:23836468 [2]:151 [3]:365
[0]:162273533 [1]:23869237 [2]:151 [3]:364
[0]:162498336 [1]:23902543 [2]:151 [3]:354
[0]:162728510 [1]:23936677 [2]:151 [3]:67
[0]:162934608 [1]:23967331 [2]:151 [3]:361
[0]:163151137 [1]:23999401 [2]:151 [3]:361
[0]:163361291 [1]:24030696 [2]:151 [3]:360
[0]:163562296 [1]:24060568 [2]:151 [3]:365
[0]:163763312 [1]:24090362 [2]:151 [3]:357
[0]:163976209 [1]:24121903 [2]:151 [3]:370
[0]:164191881 [1]:24153957 [2]:151 [3]:362
[0]:164391921 [1]:24183637 [2]:151 [3]:365
[0]:164604909 [1]:24215247 [2]:151 [3]:349
[0]:164805243 [1]:24245188 [2]:151 [3]:360
[0]:165075451 [1]:24285297 [2]:151 [3]:356
[0]:165291864 [1]:24317358 [2]:151 [3]:361
[0]:165500880 [1]:24348492 [2]:151 [3]:362
[0]:165733519 [1]:24383119 [2]:151 [3]:354
[0]:165961893 [1]:24417056 [2]:151 [3]:361
[0]:166178700 [1]:24449247 [2]:151 [3]:370
[0]:166387091 [1]:24480117 [2]:151 [3]:364
[0]:166600587 [1]:24511754 [2]:151 [3]:78
[0]:166809354 [1]:24542767 [2]:151 [3]:369
[0]:167018390 [1]:24573674 [2]:151 [3]:374
[0]:167219258 [1]:24603450 [2]:151 [3]:360
[0]:167432304 [1]:24635007 [2]:151 [3]:75
[0]:167636320 [1]:24665200 [2]:151 [3]:82
[0]:167841612 [1]:24695672 [2]:151 [3]:374
[0]:168071304 [1]:24729870 [2]:151 [3]:369
[0]:168286627 [1]:24761880 [2]:151 [3]:363
[0]:168499717 [1]:24793529 [2]:151 [3]:363
[0]:168704204 [1]:24824002 [2]:151 [3]:363
[0]:168917571 [1]:24855683 [2]:151 [3]:76
[0]:169130450 [1]:24887168 [2]:151 [3]:364
[0]:169335392 [1]:24917588 [2]:151 [3]:359
[0]:169571479 [1]:24952706 [2]:151 [3]:367
[0]:169796448 [1]:24986059 [2]:151 [3]:365
[0]:169997466 [1]:25015882 [2]:151 [3]:365
[0]:170204140 [1]:25046597 [2]:151 [3]:370
[0]:170415377 [1]:25077880 [2]:151 [3]:362
[0]:170616156 [1]:25107676 [2]:151 [3]:370
[0]:170821007 [1]:25138074 [2]:151 [3]:353
[0]:171022005 [1]:25167926 [2]:151 [3]:373
[0]:171266305 [1]:25204168 [2]:151 [3]:363
[0]:171475245 [1]:25235106 [2]:151 [3]:81
[0]:171688128 [1]:25266630 [2]:151 [3]:366
[0]:171896585 [1]:25297605 [2]:151 [3]:360
[0]:172101807 [1]:25328057 [2]:151 [3]:374
