[0]:0 [1]:0 [2]:0 [3]:0
[0]:0 [1]:0 [2]:0 [3]:0
[0]:0 [1]:0 [2]:0 [3]:0
[0]:0 [1]:0 [2]:0 [3]:0
[0]:1148862 [1]:0 [2]:0 [3]:22
[0]:2960920 [1]:0 [2]:0 [3]:31
[0]:4877027 [1]:0 [2]:0 [3]:9
[0]:7030717 [1]:0 [2]:0 [3]:11
[0]:9128872 [1]:0 [2]:0 [3]:30
[0]:11200432 [1]:0 [2]:0 [3]:8
[0]:13664670 [1]:0 [2]:0 [3]:12
[0]:15516413 [1]:0 [2]:0 [3]:31
[0]:17548916 [1]:0 [2]:0 [3]:9
[0]:19486547 [1]:0 [2]:0 [3]:9
[0]:21366342 [1]:0 [2]:0 [3]:32
[0]:23386018 [1]:0 [2]:0 [3]:12
[0]:25580604 [1]:0 [2]:0 [3]:12
[0]:27441536 [1]:0 [2]:0 [3]:31
[0]:29437959 [1]:0 [2]:0 [3]:9
[0]:31293788 [1]:0 [2]:0 [3]:7
[0]:33473437 [1]:0 [2]:0 [3]:10
[0]:35388595 [1]:0 [2]:0 [3]:10
[0]:37283328 [1]:0 [2]:0 [3]:32
[0]:39203480 [1]:0 [2]:0 [3]:31
[0]:41114853 [1]:0 [2]:0 [3]:11
[0]:43065346 [1]:0 [2]:0 [3]:10
[0]:45049404 [1]:0 [2]:0 [3]:15
[0]:46715239 [1]:0 [2]:0 [3]:10
[0]:48717031 [1]:0 [2]:0 [3]:8
[0]:50434500 [1]:0 [2]:0 [3]:9
[0]:52138497 [1]:0 [2]:0 [3]:11
[0]:53843177 [1]:0 [2]:0 [3]:32
[0]:55600273 [1]:0 [2]:0 [3]:9
[0]:57352128 [1]:0 [2]:0 [3]:31
[0]:59128716 [1]:0 [2]:0 [3]:30
[0]:60771842 [1]:0 [2]:0 [3]:10
[0]:62485286 [1]:0 [2]:0 [3]:11
[0]:64631774 [1]:0 [2]:0 [3]:11
[0]:66306791 [1]:0 [2]:0 [3]:8
[0]:67768083 [1]:319463 [2]:7 [3]:51
[0]:69070753 [1]:986310 [2]:7 [3]:16
[0]:70248191 [1]:1591598 [2]:7 [3]:22
[0]:71343320 [1]:2152485 [2]:7 [3]:55
[0]:72389244 [1]:2684333 [2]:7 [3]:12
[0]:73410914 [1]:3203526 [2]:7 [3]:25
[0]:74407768 [1]:3710711 [2]:7 [3]:13
[0]:75446316 [1]:4245244 [2]:7 [3]:15
[0]:76412097 [1]:4737917 [2]:7 [3]:16
[0]:77437229 [1]:5260935 [2]:7 [3]:51
[0]:78483416 [1]:5792433 [2]:7 [3]:12
[0]:79492917 [1]:6308956 [2]:7 [3]:12
[0]:80481743 [1]:6810592 [2]:7 [3]:16
[0]:81477517 [1]:7318826 [2]:7 [3]:38
[0]:82484830 [1]:7836829 [2]:7 [3]:11
[0]:83518620 [1]:8369643 [2]:7 [3]:12
[0]:84755684 [1]:9003234 [2]:7 [3]:13
[0]:85929746 [1]:9605066 [2]:7 [3]:10
[0]:87132602 [1]:10220033 [2]:7 [3]:54
[0]:88400597 [1]:10870463 [2]:7 [3]:15
[0]:89701880 [1]:11535653 [2]:7 [3]:58
[0]:91045062 [1]:12228153 [2]:7 [3]:10
[0]:92236666 [1]:12837867 [2]:7 [3]:11
[0]:93376192 [1]:13420560 [2]:7 [3]:18
[0]:94514419 [1]:14001773 [2]:7 [3]:15
[0]:95728216 [1]:14624044 [2]:7 [3]:12
[0]:96833244 [1]:15187868 [2]:7 [3]:13
[0]:97926433 [1]:15745789 [2]:7 [3]:49
[0]:99128850 [1]:16364351 [2]:7 [3]:11
[0]:100334089 [1]:16978214 [2]:7 [3]:13
[0]:101494523 [1]:17572537 [2]:7 [3]:11
[0]:102586781 [1]:18129953 [2]:7 [3]:12
[0]:103709043 [1]:18709059 [2]:7 [3]:48
[0]:104856289 [1]:19302717 [2]:7 [3]:10
[0]:106062755 [1]:19921620 [2]:7 [3]:11
[0]:107208221 [1]:20505404 [2]:7 [3]:17
