[0]:659248877 [1]:659248878 [2]:0 [3]:49
[0]:660630459 [1]:660630466 [2]:0 [3]:16
[0]:661981680 [1]:661981686 [2]:0 [3]:16
[0]:663317645 [1]:663317649 [2]:0 [3]:19
[0]:664617484 [1]:664617501 [2]:0 [3]:55
[0]:666175827 [1]:666175834 [2]:0 [3]:13
[0]:667479165 [1]:667479172 [2]:0 [3]:18
[0]:668915417 [1]:668915433 [2]:0 [3]:16
[0]:670050307 [1]:670050309 [2]:0 [3]:52
[0]:671270929 [1]:671270928 [2]:0 [3]:16
[0]:672424442 [1]:672424442 [2]:0 [3]:54
[0]:673683564 [1]:673683565 [2]:0 [3]:55
[0]:674813037 [1]:674813037 [2]:0 [3]:14
[0]:675958424 [1]:675958430 [2]:0 [3]:57
[0]:677102776 [1]:677102777 [2]:0 [3]:14
[0]:678256328 [1]:678256334 [2]:0 [3]:53
[0]:679376709 [1]:679376709 [2]:0 [3]:14
[0]:680499857 [1]:680499859 [2]:0 [3]:47
[0]:681635262 [1]:681635264 [2]:0 [3]:19
[0]:682757692 [1]:682757692 [2]:0 [3]:25
[0]:683893621 [1]:683893622 [2]:0 [3]:16
[0]:685137239 [1]:685137254 [2]:0 [3]:58
[0]:686621734 [1]:686621764 [2]:0 [3]:10
[0]:688207910 [1]:688207918 [2]:0 [3]:14
[0]:689414482 [1]:689414483 [2]:0 [3]:19
[0]:690722634 [1]:690722640 [2]:0 [3]:24
[0]:692126711 [1]:692126715 [2]:0 [3]:18
[0]:693252891 [1]:693252892 [2]:0 [3]:19
[0]:694579070 [1]:694579070 [2]:0 [3]:10
[0]:695689795 [1]:695689799 [2]:0 [3]:58
[0]:696958471 [1]:696958474 [2]:0 [3]:10
[0]:698106956 [1]:698106957 [2]:0 [3]:17
[0]:699246584 [1]:699246585 [2]:0 [3]:51
[0]:700469670 [1]:700469672 [2]:0 [3]:16
[0]:701620192 [1]:701620195 [2]:0 [3]:15
[0]:702770049 [1]:702770051 [2]:0 [3]:14
[0]:703941151 [1]:703941146 [2]:0 [3]:59
[0]:705480600 [1]:705480603 [2]:0 [3]:17
[0]:706877894 [1]:706877898 [2]:0 [3]:16
[0]:708267107 [1]:708267107 [2]:0 [3]:18
[0]:709573861 [1]:709573861 [2]:0 [3]:55
[0]:711179511 [1]:711179511 [2]:0 [3]:54
[0]:712484352 [1]:712484356 [2]:0 [3]:58
[0]:713657712 [1]:713657716 [2]:0 [3]:20
[0]:715358929 [1]:715358931 [2]:0 [3]:8
[0]:716725526 [1]:716725529 [2]:0 [3]:14
[0]:718029400 [1]:718029419 [2]:0 [3]:54
[0]:719285773 [1]:719285782 [2]:0 [3]:15
[0]:720515589 [1]:720515597 [2]:0 [3]:11
[0]:721895437 [1]:721895438 [2]:0 [3]:16
[0]:723234458 [1]:723234460 [2]:0 [3]:19
[0]:724576015 [1]:724576013 [2]:0 [3]:50
[0]:725908450 [1]:725908559 [2]:0 [3]:13
[0]:727169578 [1]:727169582 [2]:0 [3]:15
[0]:728441632 [1]:728441636 [2]:0 [3]:7
[0]:729723722 [1]:729723712 [2]:0 [3]:19
[0]:731054045 [1]:731054045 [2]:0 [3]:19
[0]:732253119 [1]:732253135 [2]:0 [3]:19
[0]:733650041 [1]:733650057 [2]:0 [3]:15
[0]:734768073 [1]:734768080 [2]:0 [3]:54
[0]:735908016 [1]:735908016 [2]:0 [3]:21
[0]:737026096 [1]:737026108 [2]:0 [3]:17
[0]:738156596 [1]:738156596 [2]:0 [3]:17
[0]:739536400 [1]:739536404 [2]:0 [3]:8
[0]:740707240 [1]:740707250 [2]:0 [3]:15
[0]:742002252 [1]:742002272 [2]:0 [3]:11
[0]:743172632 [1]:743172638 [2]:0 [3]:20
[0]:744326161 [1]:744326161 [2]:0 [3]:14
[0]:745481092 [1]:745481094 [2]:0 [3]:55
[0]:746635494 [1]:746635510 [2]:0 [3]:15
[0]:747787959 [1]:747787962 [2]:0 [3]:17
[0]:748967743 [1]:748967743 [2]:0 [3]:15
[0]:750574600 [1]:750574604 [2]:0 [3]:18
[0]:751926265 [1]:751926265 [2]:0 [3]:23
[0]:753198655 [1]:753198659 [2]:0 [3]:55
[0]:754391019 [1]:754391036 [2]:0 [3]:16
[0]:755486205 [1]:755486209 [2]:0 [3]:54
[0]:756618690 [1]:756618712 [2]:0 [3]:18
[0]:758024341 [1]:758024341 [2]:0 [3]:54
