[0]:0 [1]:0 [2]:0 [3]:0
[0]:0 [1]:0 [2]:0 [3]:0
[0]:171002 [1]:0 [2]:0 [3]:307
[0]:389181 [1]:0 [2]:0 [3]:57
[0]:606547 [1]:0 [2]:0 [3]:309
[0]:830554 [1]:0 [2]:0 [3]:321
[0]:1048098 [1]:0 [2]:0 [3]:51
[0]:1238900 [1]:19188 [2]:121 [3]:59
[0]:1429773 [1]:38358 [2]:121 [3]:64
[0]:1629048 [1]:58594 [2]:121 [3]:356
[0]:1857277 [1]:81624 [2]:121 [3]:57
[0]:2050231 [1]:101151 [2]:121 [3]:378
[0]:2255108 [1]:122101 [2]:121 [3]:366
[0]:2451661 [1]:142014 [2]:121 [3]:71
[0]:2651913 [1]:162192 [2]:78 [3]:64
[0]:2846361 [1]:181899 [2]:78 [3]:59
[0]:3032192 [1]:200757 [2]:78 [3]:355
[0]:3231948 [1]:221073 [2]:78 [3]:82
[0]:3429221 [1]:240972 [2]:78 [3]:65
[0]:3627692 [1]:260967 [2]:78 [3]:52
[0]:3819339 [1]:280238 [2]:78 [3]:61
[0]:4022925 [1]:300987 [2]:78 [3]:69
[0]:4218112 [1]:320793 [2]:72 [3]:370
[0]:4416331 [1]:340833 [2]:72 [3]:64
[0]:4614702 [1]:360868 [2]:72 [3]:71
[0]:4805130 [1]:380152 [2]:72 [3]:361
[0]:5015586 [1]:401415 [2]:72 [3]:71
[0]:5223597 [1]:422434 [2]:72 [3]:65
[0]:5425972 [1]:443020 [2]:72 [3]:68
[0]:5711744 [1]:471816 [2]:72 [3]:360
[0]:5901172 [1]:490894 [2]:72 [3]:357
[0]:6091174 [1]:510127 [2]:72 [3]:355
[0]:6293152 [1]:530510 [2]:72 [3]:354
[0]:6484137 [1]:549887 [2]:72 [3]:55
[0]:6672562 [1]:568943 [2]:72 [3]:65
[0]:6876656 [1]:589563 [2]:72 [3]:363
[0]:7102797 [1]:612374 [2]:72 [3]:370
[0]:7299215 [1]:632236 [2]:72 [3]:66
[0]:7493309 [1]:651750 [2]:72 [3]:52
[0]:7691887 [1]:671894 [2]:72 [3]:368
[0]:7882356 [1]:691323 [2]:72 [3]:372
[0]:8074479 [1]:722360 [2]:72 [3]:365
[0]:8294032 [1]:767888 [2]:72 [3]:365
[0]:8487591 [1]:808054 [2]:72 [3]:354
[0]:8715314 [1]:855264 [2]:72 [3]:359
[0]:8911002 [1]:895790 [2]:72 [3]:365
[0]:9116045 [1]:938329 [2]:72 [3]:359
[0]:9309784 [1]:978558 [2]:72 [3]:365
[0]:9503022 [1]:1018701 [2]:72 [3]:363
[0]:9708609 [1]:1061325 [2]:116 [3]:67
[0]:9909724 [1]:1103021 [2]:116 [3]:364
[0]:10121947 [1]:1147061 [2]:116 [3]:358
[0]:10325195 [1]:1189229 [2]:116 [3]:359
[0]:10520930 [1]:1229804 [2]:116 [3]:349
[0]:10717860 [1]:1270678 [2]:116 [3]:362
[0]:10914249 [1]:1311350 [2]:116 [3]:362
[0]:11109814 [1]:1351925 [2]:116 [3]:358
[0]:11306523 [1]:1392775 [2]:116 [3]:357
[0]:11503287 [1]:1433647 [2]:116 [3]:355
[0]:11702186 [1]:1474869 [2]:116 [3]:361
[0]:11922022 [1]:1520413 [2]:116 [3]:369
[0]:12115456 [1]:1560558 [2]:116 [3]:375
[0]:12309771 [1]:1600887 [2]:116 [3]:362
[0]:12511114 [1]:1642630 [2]:116 [3]:62
[0]:12698415 [1]:1681392 [2]:156 [3]:367
[0]:12898642 [1]:1722946 [2]:156 [3]:362
[0]:13095415 [1]:1763750 [2]:156 [3]:361
[0]:13297000 [1]:1805617 [2]:156 [3]:59
[0]:13502188 [1]:1848165 [2]:156 [3]:362
[0]:13754689 [1]:1900561 [2]:156 [3]:361
[0]:13949488 [1]:1940991 [2]:156 [3]:62
[0]:14147011 [1]:1982013 [2]:156 [3]:357
[0]:14394783 [1]:2033471 [2]:156 [3]:363
[0]:14579424 [1]:2071688 [2]:156 [3]:360
[0]:14773129 [1]:2111924 [2]:156 [3]:359
[0]:14982001 [1]:2155342 [2]:156 [3]:363
[0]:15190418 [1]:2198542 [2]:156 [3]:366
[0]:15428916 [1]:2247928 [2]:156 [3]:367
[0]:15626476 [1]:2288939 [2]:160 [3]:60
[0]:15827541 [1]:2330647 [2]:160 [3]:357
[0]:16022902 [1]:2371148 [2]:160 [3]:359
[0]:16237711 [1]:2415676 [2]:160 [3]:362
[0]:16435291 [1]:2456582 [2]:160 [3]:359
[0]:16625759 [1]:2496094 [2]:160 [3]:359
[0]:16826623 [1]:2537807 [2]:160 [3]:356
[0]:17020057 [1]:2577942 [2]:160 [3]:364
[0]:17217346 [1]:2618907 [2]:160 [3]:357
[0]:17436802 [1]:2664313 [2]:160 [3]:56
[0]:17657695 [1]:2710130 [2]:160 [3]:362
[0]:17858840 [1]:2751876 [2]:160 [3]:64
[0]:18063746 [1]:2794455 [2]:160 [3]:355
[0]:18253902 [1]:2833849 [2]:160 [3]:364
[0]:18443978 [1]:2873247 [2]:160 [3]:366
[0]:18630735 [1]:2912022 [2]:161 [3]:364
[0]:18835229 [1]:2954473 [2]:161 [3]:361
[0]:19043941 [1]:2997795 [2]:161 [3]:367
[0]:19237740 [1]:3037943 [2]:161 [3]:363
[0]:19431370 [1]:3078157 [2]:161 [3]:63
[0]:19628903 [1]:3119120 [2]:161 [3]:60
[0]:19826503 [1]:3160107 [2]:161 [3]:365
[0]:20016571 [1]:3199560 [2]:161 [3]:353
[0]:20208555 [1]:3239352 [2]:161 [3]:360
[0]:20396392 [1]:3278361 [2]:161 [3]:363
[0]:20586629 [1]:3317844 [2]:161 [3]:354
[0]:20800848 [1]:3362298 [2]:161 [3]:364
[0]:20996714 [1]:3402905 [2]:161 [3]:358
[0]:21188189 [1]:3442535 [2]:161 [3]:58
[0]:21378680 [1]:3482095 [2]:161 [3]:358
[0]:21573003 [1]:3522368 [2]:161 [3]:360
[0]:21771850 [1]:3563639 [2]:161 [3]:364
[0]:21965700 [1]:3603809 [2]:161 [3]:358
[0]:22159261 [1]:3643902 [2]:161 [3]:359
[0]:22382287 [1]:3690109 [2]:161 [3]:362
[0]:22594238 [1]:3734136 [2]:161 [3]:368
[0]:22796005 [1]:3776031 [2]:161 [3]:50
[0]:22998181 [1]:3817870 [2]:161 [3]:360
[0]:23195640 [1]:3858812 [2]:161 [3]:358
[0]:23389363 [1]:3898981 [2]:161 [3]:358
[0]:23600389 [1]:3942738 [2]:161 [3]:360
[0]:23787031 [1]:3981450 [2]:161 [3]:61
[0]:23981657 [1]:4021802 [2]:161 [3]:361
[0]:24212893 [1]:4069794 [2]:161 [3]:63
[0]:24424214 [1]:4113626 [2]:161 [3]:366
[0]:24652438 [1]:4161037 [2]:161 [3]:360
[0]:24835198 [1]:4198890 [2]:161 [3]:358
[0]:25032697 [1]:4239853 [2]:161 [3]:360
[0]:25235504 [1]:4281877 [2]:161 [3]:364
[0]:25427840 [1]:4321793 [2]:161 [3]:358
[0]:25620562 [1]:4361734 [2]:161 [3]:360
[0]:25810280 [1]:4401009 [2]:161 [3]:63
[0]:26004961 [1]:4441430 [2]:161 [3]:358
[0]:26193857 [1]:4480576 [2]:161 [3]:362
[0]:26387118 [1]:4520703 [2]:161 [3]:357
[0]:26580894 [1]:4560927 [2]:161 [3]:359
[0]:26777037 [1]:4601593 [2]:161 [3]:365
[0]:27000701 [1]:4648086 [2]:161 [3]:57
[0]:27197897 [1]:4689018 [2]:161 [3]:360
[0]:27398916 [1]:4730660 [2]:161 [3]:362
[0]:27589452 [1]:4770109 [2]:161 [3]:356
[0]:27791025 [1]:4811955 [2]:161 [3]:356
[0]:28014070 [1]:4858226 [2]:161 [3]:56
[0]:28215460 [1]:4899982 [2]:161 [3]:366
[0]:28480006 [1]:4954807 [2]:161 [3]:59
[0]:28699844 [1]:5000430 [2]:161 [3]:361
[0]:28966882 [1]:5055799 [2]:161 [3]:364
[0]:29161950 [1]:5096244 [2]:161 [3]:362
[0]:29359430 [1]:5137255 [2]:161 [3]:365
[0]:29555589 [1]:5177925 [2]:161 [3]:356
[0]:29756021 [1]:5219477 [2]:161 [3]:356
[0]:29988392 [1]:5267763 [2]:161 [3]:354
[0]:30186697 [1]:5308914 [2]:161 [3]:75
[0]:30391677 [1]:5351419 [2]:161 [3]:362
[0]:30592963 [1]:5393166 [2]:161 [3]:361
[0]:30795491 [1]:5435127 [2]:161 [3]:362
[0]:31021757 [1]:5481971 [2]:161 [3]:361
[0]:31219128 [1]:5522863 [2]:161 [3]:360
[0]:31414072 [1]:5563281 [2]:161 [3]:359
[0]:31606900 [1]:5603305 [2]:161 [3]:359
[0]:31800433 [1]:5643468 [2]:161 [3]:363
[0]:32023352 [1]:5689725 [2]:161 [3]:360
[0]:32251473 [1]:5737002 [2]:161 [3]:366
[0]:32456352 [1]:5779539 [2]:161 [3]:362
[0]:32653280 [1]:5820386 [2]:161 [3]:362
[0]:32847630 [1]:5860751 [2]:161 [3]:358
[0]:33056328 [1]:5904039 [2]:161 [3]:356
[0]:33290637 [1]:5952591 [2]:161 [3]:354
[0]:33488730 [1]:5993646 [2]:161 [3]:359
[0]:33682713 [1]:6033865 [2]:161 [3]:359
[0]:33872534 [1]:6073244 [2]:161 [3]:59
[0]:34092522 [1]:6118836 [2]:161 [3]:366
[0]:34282526 [1]:6158247 [2]:161 [3]:360
[0]:34479902 [1]:6199229 [2]:161 [3]:359
[0]:34693380 [1]:6243536 [2]:161 [3]:60
[0]:34883646 [1]:6283026 [2]:161 [3]:361
[0]:35087396 [1]:6325220 [2]:161 [3]:359
[0]:35281282 [1]:6365460 [2]:161 [3]:354
[0]:35478987 [1]:6406482 [2]:161 [3]:361
[0]:35694920 [1]:6451213 [2]:161 [3]:56
[0]:35891888 [1]:6492057 [2]:161 [3]:362
[0]:36089971 [1]:6533134 [2]:161 [3]:59
[0]:36293573 [1]:6575360 [2]:161 [3]:359
[0]:36496050 [1]:6617326 [2]:161 [3]:362
[0]:36693683 [1]:6658327 [2]:161 [3]:55
[0]:36891267 [1]:6699286 [2]:161 [3]:368
[0]:37127532 [1]:6748355 [2]:161 [3]:359
[0]:37347952 [1]:6794071 [2]:161 [3]:54
[0]:37544615 [1]:6834874 [2]:161 [3]:66
[0]:37737238 [1]:6874835 [2]:161 [3]:357
[0]:37968198 [1]:6922744 [2]:161 [3]:354
[0]:38166758 [1]:6963903 [2]:161 [3]:354
[0]:38364344 [1]:7004880 [2]:161 [3]:65
[0]:38560692 [1]:7045673 [2]:161 [3]:367
[0]:38758280 [1]:7086582 [2]:161 [3]:361
[0]:38953918 [1]:7127104 [2]:161 [3]:356
[0]:39147942 [1]:7167392 [2]:161 [3]:367
[0]:39343299 [1]:7207917 [2]:161 [3]:361
[0]:39540956 [1]:7248938 [2]:161 [3]:360
[0]:39738435 [1]:7289891 [2]:161 [3]:363
[0]:39932535 [1]:7330134 [2]:161 [3]:365
[0]:40122114 [1]:7369454 [2]:161 [3]:357
[0]:40316783 [1]:7409868 [2]:161 [3]:363
[0]:40514208 [1]:7450808 [2]:161 [3]:363
[0]:40718533 [1]:7493158 [2]:161 [3]:356
[0]:40941957 [1]:7539503 [2]:161 [3]:355
[0]:41147240 [1]:7582119 [2]:161 [3]:361
[0]:41367151 [1]:7627763 [2]:161 [3]:363
[0]:41568333 [1]:7669440 [2]:161 [3]:362
[0]:41757586 [1]:7708671 [2]:161 [3]:366
[0]:41955533 [1]:7749713 [2]:161 [3]:361
[0]:42167131 [1]:7793594 [2]:161 [3]:363
[0]:42358346 [1]:7833303 [2]:161 [3]:364
[0]:42555911 [1]:7874254 [2]:161 [3]:359
[0]:42766457 [1]:7917967 [2]:161 [3]:362
[0]:42954622 [1]:7957041 [2]:161 [3]:363
[0]:43148334 [1]:7997263 [2]:161 [3]:367
[0]:43350688 [1]:8039224 [2]:161 [3]:362
[0]:43553534 [1]:8081302 [2]:161 [3]:367
[0]:43755771 [1]:8123251 [2]:161 [3]:356
[0]:43953125 [1]:8164240 [2]:161 [3]:362
[0]:44150815 [1]:8205313 [2]:161 [3]:358
[0]:44340863 [1]:8244636 [2]:161 [3]:357
[0]:44541158 [1]:8286187 [2]:161 [3]:359
[0]:44735415 [1]:8326471 [2]:161 [3]:361
[0]:44955234 [1]:8372118 [2]:161 [3]:359
[0]:45153266 [1]:8413282 [2]:161 [3]:363
[0]:45350452 [1]:8454226 [2]:161 [3]:361
[0]:45551980 [1]:8496089 [2]:161 [3]:357
[0]:45756723 [1]:8538560 [2]:161 [3]:365
[0]:45965625 [1]:8581910 [2]:161 [3]:362
[0]:46161108 [1]:8622434 [2]:161 [3]:368
[0]:46354502 [1]:8662473 [2]:161 [3]:359
[0]:46554351 [1]:8703926 [2]:161 [3]:365
[0]:46752009 [1]:8744943 [2]:161 [3]:355
[0]:46969146 [1]:8789916 [2]:161 [3]:62
[0]:47184195 [1]:8834448 [2]:161 [3]:362
[0]:47379195 [1]:8874960 [2]:161 [3]:360
[0]:47571862 [1]:8914932 [2]:161 [3]:359
[0]:47769244 [1]:8955917 [2]:161 [3]:361
[0]:47963182 [1]:8996147 [2]:161 [3]:362
[0]:48194411 [1]:9044143 [2]:161 [3]:357
[0]:48391781 [1]:9085120 [2]:161 [3]:56
[0]:48580885 [1]:9124284 [2]:161 [3]:63
[0]:48779319 [1]:9165453 [2]:161 [3]:64
[0]:48994628 [1]:9210089 [2]:161 [3]:365
[0]:49209393 [1]:9254617 [2]:161 [3]:365
[0]:49401634 [1]:9294493 [2]:161 [3]:359
[0]:49599260 [1]:9335524 [2]:161 [3]:363
[0]:49798244 [1]:9376816 [2]:161 [3]:358
[0]:50020574 [1]:9422898 [2]:161 [3]:353
[0]:50221658 [1]:9464650 [2]:161 [3]:355
[0]:50422351 [1]:9506333 [2]:161 [3]:366
[0]:50612884 [1]:9545857 [2]:161 [3]:361
[0]:50817936 [1]:9588416 [2]:161 [3]:365
[0]:51007835 [1]:9627770 [2]:161 [3]:57
[0]:51201643 [1]:9667977 [2]:161 [3]:358
[0]:51406518 [1]:9710504 [2]:161 [3]:356
[0]:51634359 [1]:9757818 [2]:161 [3]:69
[0]:51831334 [1]:9798613 [2]:161 [3]:362
[0]:52032891 [1]:9840447 [2]:161 [3]:359
[0]:52226530 [1]:9880631 [2]:161 [3]:61
[0]:52473476 [1]:9931881 [2]:161 [3]:368
[0]:52684864 [1]:9975831 [2]:161 [3]:357
[0]:52877388 [1]:10015719 [2]:161 [3]:354
[0]:53076084 [1]:10056914 [2]:161 [3]:359
[0]:53282284 [1]:10099692 [2]:161 [3]:361
[0]:53474915 [1]:10139654 [2]:161 [3]:359
[0]:53676382 [1]:10181328 [2]:161 [3]:364
[0]:53881227 [1]:10223828 [2]:161 [3]:59
[0]:54100976 [1]:10269392 [2]:161 [3]:363
[0]:54295641 [1]:10309786 [2]:161 [3]:58
[0]:54492394 [1]:10350606 [2]:162 [3]:365
[0]:54686120 [1]:10390716 [2]:162 [3]:364
[0]:54886683 [1]:10432314 [2]:162 [3]:352
[0]:55085011 [1]:10473497 [2]:162 [3]:360
[0]:55290030 [1]:10516007 [2]:162 [3]:367
[0]:55491219 [1]:10557606 [2]:162 [3]:354
[0]:55688812 [1]:10598649 [2]:162 [3]:367
[0]:55909491 [1]:10644406 [2]:162 [3]:63
[0]:56125363 [1]:10689192 [2]:162 [3]:55
[0]:56325946 [1]:10730775 [2]:162 [3]:364
[0]:56527337 [1]:10772482 [2]:162 [3]:365
[0]:56714533 [1]:10811410 [2]:162 [3]:363
[0]:56914926 [1]:10852919 [2]:162 [3]:358
[0]:57119316 [1]:10895341 [2]:162 [3]:365
[0]:57346052 [1]:10942310 [2]:162 [3]:356
[0]:57533554 [1]:10981221 [2]:161 [3]:364
[0]:57757016 [1]:11027591 [2]:161 [3]:67
[0]:57948139 [1]:11067263 [2]:161 [3]:361
[0]:58150499 [1]:11109190 [2]:161 [3]:365
[0]:58382288 [1]:11157219 [2]:161 [3]:366
[0]:58575872 [1]:11197367 [2]:161 [3]:355
[0]:58768177 [1]:11237292 [2]:161 [3]:366
[0]:58967314 [1]:11278653 [2]:161 [3]:357
[0]:59161515 [1]:11318945 [2]:161 [3]:363
[0]:59367123 [1]:11361504 [2]:161 [3]:365
[0]:59605638 [1]:11410987 [2]:161 [3]:360
[0]:59824539 [1]:11456370 [2]:161 [3]:367
[0]:60034239 [1]:11499868 [2]:161 [3]:360
[0]:60231749 [1]:11540819 [2]:161 [3]:359
[0]:60429345 [1]:11581770 [2]:161 [3]:358
[0]:60622885 [1]:11621931 [2]:161 [3]:359
[0]:60814671 [1]:11661643 [2]:161 [3]:359
[0]:61061006 [1]:11712758 [2]:161 [3]:363
[0]:61260262 [1]:11754090 [2]:161 [3]:361
[0]:61494951 [1]:11802794 [2]:161 [3]:362
[0]:61683140 [1]:11841879 [2]:161 [3]:59
[0]:61882717 [1]:11883291 [2]:161 [3]:364
[0]:62083848 [1]:11925025 [2]:161 [3]:359
[0]:62284903 [1]:11966792 [2]:161 [3]:365
[0]:62478859 [1]:12007005 [2]:161 [3]:359
[0]:62674970 [1]:12047735 [2]:161 [3]:356
[0]:62870223 [1]:12088212 [2]:161 [3]:364
[0]:63072554 [1]:12130107 [2]:161 [3]:365
[0]:63276564 [1]:12172494 [2]:161 [3]:361
[0]:63470114 [1]:12212728 [2]:161 [3]:359
[0]:63671339 [1]:12254505 [2]:161 [3]:361
[0]:63868821 [1]:12295474 [2]:161 [3]:360
[0]:64068393 [1]:12336826 [2]:161 [3]:63
[0]:64271473 [1]:12378961 [2]:161 [3]:359
[0]:64498863 [1]:12426139 [2]:161 [3]:364
[0]:64700012 [1]:12467881 [2]:161 [3]:368
[0]:64941749 [1]:12500114 [2]:161 [3]:366
[0]:65166200 [1]:12529594 [2]:161 [3]:362
[0]:65407928 [1]:12561343 [2]:161 [3]:370
[0]:65611331 [1]:12588050 [2]:161 [3]:359
[0]:65821070 [1]:12615639 [2]:161 [3]:86
[0]:66029599 [1]:12643004 [2]:161 [3]:363
[0]:66234332 [1]:12669923 [2]:161 [3]:372
[0]:66462414 [1]:12699969 [2]:161 [3]:361
[0]:66684524 [1]:12729104 [2]:161 [3]:372
[0]:66899405 [1]:12757335 [2]:161 [3]:357
[0]:67122697 [1]:12786663 [2]:153 [3]:359
[0]:67328623 [1]:12813621 [2]:153 [3]:365
[0]:67548737 [1]:12842578 [2]:153 [3]:362
[0]:67757333 [1]:12869967 [2]:153 [3]:78
[0]:67961572 [1]:12896773 [2]:153 [3]:361
[0]:68178234 [1]:12925293 [2]:153 [3]:368
[0]:68390805 [1]:12953144 [2]:153 [3]:363
[0]:68602476 [1]:12980954 [2]:153 [3]:368
[0]:68823764 [1]:13009942 [2]:153 [3]:77
[0]:69034115 [1]:13037540 [2]:153 [3]:82
[0]:69232818 [1]:13063623 [2]:153 [3]:365
[0]:69538390 [1]:13103815 [2]:153 [3]:359
[0]:69752517 [1]:13132002 [2]:153 [3]:366
[0]:69964973 [1]:13159834 [2]:153 [3]:368
[0]:70164354 [1]:13185972 [2]:153 [3]:364
[0]:70374344 [1]:13213588 [2]:153 [3]:77
[0]:70582736 [1]:13240989 [2]:153 [3]:373
[0]:70818597 [1]:13272098 [2]:146 [3]:75
[0]:71155484 [1]:13316310 [2]:146 [3]:76
[0]:71390709 [1]:13347276 [2]:146 [3]:369
[0]:71598040 [1]:13374504 [2]:146 [3]:77
[0]:71826180 [1]:13404475 [2]:146 [3]:371
[0]:72032061 [1]:13431580 [2]:146 [3]:360
[0]:72314382 [1]:13468627 [2]:146 [3]:360
[0]:72518870 [1]:13495526 [2]:146 [3]:362
[0]:72730487 [1]:13523249 [2]:146 [3]:361
[0]:72947783 [1]:13551788 [2]:146 [3]:370
[0]:73160257 [1]:13579773 [2]:146 [3]:370
[0]:73364910 [1]:13606637 [2]:146 [3]:76
[0]:73579994 [1]:13634971 [2]:146 [3]:363
[0]:73793877 [1]:13663042 [2]:146 [3]:84
[0]:74006339 [1]:13690944 [2]:146 [3]:369
[0]:74218875 [1]:13718875 [2]:146 [3]:364
[0]:74439244 [1]:13747888 [2]:146 [3]:74
[0]:74653157 [1]:13775973 [2]:145 [3]:373
[0]:74860765 [1]:13803414 [2]:145 [3]:372
[0]:75066912 [1]:13830521 [2]:145 [3]:81
[0]:75273165 [1]:13857612 [2]:145 [3]:364
[0]:75476262 [1]:13884339 [2]:145 [3]:364
[0]:75686443 [1]:13912036 [2]:145 [3]:362
[0]:75905792 [1]:13940812 [2]:145 [3]:353
[0]:76111242 [1]:13967733 [2]:145 [3]:365
[0]:76308083 [1]:13993735 [2]:145 [3]:366
[0]:76519717 [1]:14021543 [2]:145 [3]:367
[0]:76721442 [1]:14048020 [2]:145 [3]:83
[0]:76919729 [1]:14074071 [2]:145 [3]:88
[0]:77165988 [1]:14106540 [2]:145 [3]:369
[0]:77358635 [1]:14131944 [2]:145 [3]:369
[0]:77587002 [1]:14161879 [2]:145 [3]:359
[0]:77799673 [1]:14189708 [2]:145 [3]:363
[0]:78016132 [1]:14218208 [2]:145 [3]:366
[0]:78236071 [1]:14247091 [2]:145 [3]:368
[0]:78445056 [1]:14274487 [2]:145 [3]:371
[0]:78661423 [1]:14302870 [2]:145 [3]:361
[0]:78881793 [1]:14331882 [2]:145 [3]:372
[0]:79086409 [1]:14358769 [2]:145 [3]:74
[0]:79292228 [1]:14385776 [2]:145 [3]:368
[0]:79489689 [1]:14411772 [2]:145 [3]:353
[0]:79711111 [1]:14440786 [2]:145 [3]:362
[0]:79910995 [1]:14466993 [2]:145 [3]:81
[0]:80137152 [1]:14496725 [2]:145 [3]:363
[0]:80407490 [1]:14532193 [2]:145 [3]:367
[0]:80620266 [1]:14560144 [2]:145 [3]:85
[0]:80829791 [1]:14587678 [2]:145 [3]:360
[0]:81038280 [1]:14615069 [2]:145 [3]:370
[0]:81250812 [1]:14642987 [2]:145 [3]:368
[0]:81451579 [1]:14669376 [2]:145 [3]:360
[0]:81678441 [1]:14699067 [2]:145 [3]:75
[0]:81888396 [1]:14726740 [2]:145 [3]:365
[0]:82116469 [1]:14756737 [2]:145 [3]:367
[0]:82321846 [1]:14783680 [2]:145 [3]:370
[0]:82542747 [1]:14812585 [2]:145 [3]:78
[0]:82742143 [1]:14838754 [2]:145 [3]:365
[0]:82946584 [1]:14865553 [2]:145 [3]:371
[0]:83170910 [1]:14894998 [2]:145 [3]:89
[0]:83385912 [1]:14923326 [2]:145 [3]:366
[0]:83583791 [1]:14949317 [2]:145 [3]:372
[0]:83789159 [1]:14976295 [2]:145 [3]:82
[0]:83989757 [1]:15002718 [2]:145 [3]:362
[0]:84188705 [1]:15029068 [2]:145 [3]:81
[0]:84394949 [1]:15056242 [2]:145 [3]:360
[0]:84606112 [1]:15084096 [2]:145 [3]:368
[0]:84815790 [1]:15111669 [2]:145 [3]:361
[0]:85028361 [1]:15139560 [2]:145 [3]:367
[0]:85244813 [1]:15168011 [2]:145 [3]:353
[0]:85447470 [1]:15194682 [2]:145 [3]:360
[0]:85653109 [1]:15221660 [2]:145 [3]:363
[0]:85862726 [1]:15249215 [2]:145 [3]:366
[0]:86105731 [1]:15281084 [2]:145 [3]:81
[0]:86317875 [1]:15308995 [2]:145 [3]:77
[0]:86515863 [1]:15335084 [2]:145 [3]:369
[0]:86724306 [1]:15362522 [2]:145 [3]:361
[0]:86932880 [1]:15390108 [2]:145 [3]:367
[0]:87141353 [1]:15417536 [2]:145 [3]:365
[0]:87353259 [1]:15445412 [2]:145 [3]:368
[0]:87562545 [1]:15472789 [2]:145 [3]:87
[0]:87767154 [1]:15499623 [2]:145 [3]:355
[0]:87985332 [1]:15528218 [2]:145 [3]:361
[0]:88211371 [1]:15557963 [2]:145 [3]:360
[0]:88418993 [1]:15585108 [2]:145 [3]:319
[0]:88625045 [1]:15612186 [2]:145 [3]:368
[0]:88841226 [1]:15640831 [2]:145 [3]:372
[0]:89046845 [1]:15667775 [2]:145 [3]:72
[0]:89254605 [1]:15695028 [2]:145 [3]:363
[0]:89511317 [1]:15728654 [2]:145 [3]:364
[0]:89718918 [1]:15755962 [2]:145 [3]:364
[0]:89931564 [1]:15783848 [2]:145 [3]:364
[0]:90144006 [1]:15811716 [2]:145 [3]:360
[0]:90384005 [1]:15843346 [2]:145 [3]:369
[0]:90588830 [1]:15870141 [2]:145 [3]:368
[0]:90813076 [1]:15899547 [2]:145 [3]:361
[0]:91013780 [1]:15925871 [2]:145 [3]:74
[0]:91230075 [1]:15954222 [2]:145 [3]:372
[0]:91438800 [1]:15981661 [2]:145 [3]:362
[0]:91637247 [1]:16007743 [2]:145 [3]:359
[0]:91846796 [1]:16035307 [2]:145 [3]:365
[0]:92056696 [1]:16062923 [2]:145 [3]:76
[0]:92256927 [1]:16089247 [2]:145 [3]:358
[0]:92457979 [1]:16115533 [2]:145 [3]:364
[0]:92662636 [1]:16142458 [2]:145 [3]:366
[0]:92867268 [1]:16169289 [2]:145 [3]:368
[0]:93073324 [1]:16196295 [2]:145 [3]:358
[0]:93288443 [1]:16224608 [2]:145 [3]:363
[0]:93504866 [1]:16252961 [2]:145 [3]:369
[0]:93717451 [1]:16280862 [2]:145 [3]:364
[0]:93922091 [1]:16307793 [2]:145 [3]:367
[0]:94138473 [1]:16336198 [2]:145 [3]:363
[0]:94346992 [1]:16363521 [2]:145 [3]:368
[0]:94625785 [1]:16400226 [2]:145 [3]:361
[0]:94826811 [1]:16426726 [2]:145 [3]:362
[0]:95039420 [1]:16454731 [2]:145 [3]:360
[0]:95244217 [1]:16481666 [2]:145 [3]:89
[0]:95444863 [1]:16508007 [2]:145 [3]:366
[0]:95649498 [1]:16534878 [2]:145 [3]:371
[0]:95858081 [1]:16562300 [2]:145 [3]:368
[0]:96062651 [1]:16589080 [2]:145 [3]:358
[0]:96262767 [1]:16615253 [2]:145 [3]:360
[0]:96476040 [1]:16643169 [2]:145 [3]:364
[0]:96676134 [1]:16669489 [2]:145 [3]:361
[0]:96885261 [1]:16696884 [2]:145 [3]:362
[0]:97090115 [1]:16723821 [2]:145 [3]:359
[0]:97311075 [1]:16752987 [2]:145 [3]:366
[0]:97526731 [1]:16781288 [2]:145 [3]:365
[0]:97738837 [1]:16809174 [2]:145 [3]:358
[0]:97941311 [1]:16835796 [2]:145 [3]:373
[0]:98144402 [1]:16862574 [2]:145 [3]:363
[0]:98353124 [1]:16889996 [2]:145 [3]:364
[0]:98565560 [1]:16917898 [2]:145 [3]:367
[0]:98808300 [1]:16949829 [2]:145 [3]:370
[0]:99017347 [1]:16977365 [2]:145 [3]:361
[0]:99230375 [1]:17005372 [2]:145 [3]:371
[0]:99446915 [1]:17033765 [2]:145 [3]:359
[0]:99659143 [1]:17061744 [2]:145 [3]:363
[0]:99871657 [1]:17089575 [2]:145 [3]:84
[0]:100084371 [1]:17117640 [2]:145 [3]:370
[0]:100353363 [1]:17153003 [2]:145 [3]:372
[0]:100564389 [1]:17180661 [2]:145 [3]:365
[0]:100776902 [1]:17208592 [2]:145 [3]:370
[0]:100977572 [1]:17234969 [2]:145 [3]:79
[0]:101186160 [1]:17262448 [2]:145 [3]:362
[0]:101398665 [1]:17290320 [2]:145 [3]:363
[0]:101600114 [1]:17316892 [2]:145 [3]:362
[0]:101813524 [1]:17344987 [2]:145 [3]:367
[0]:102024280 [1]:17372710 [2]:145 [3]:360
[0]:102254890 [1]:17403022 [2]:145 [3]:370
[0]:102464151 [1]:17430625 [2]:145 [3]:361
[0]:102665516 [1]:17457232 [2]:145 [3]:92
[0]:102889098 [1]:17486651 [2]:145 [3]:366
[0]:103142217 [1]:17519897 [2]:145 [3]:358
[0]:103350160 [1]:17547289 [2]:145 [3]:363
[0]:103558825 [1]:17574677 [2]:145 [3]:360
[0]:103770942 [1]:17602446 [2]:145 [3]:367
[0]:103991769 [1]:17631412 [2]:145 [3]:369
[0]:104207787 [1]:17659893 [2]:145 [3]:365
[0]:104438569 [1]:17690221 [2]:145 [3]:365
[0]:104644572 [1]:17717476 [2]:145 [3]:369
[0]:104896711 [1]:17750561 [2]:145 [3]:91
[0]:105105099 [1]:17777910 [2]:145 [3]:371
[0]:105363471 [1]:17811846 [2]:145 [3]:365
[0]:105606981 [1]:17843919 [2]:145 [3]:356
[0]:105809467 [1]:17870542 [2]:145 [3]:363
[0]:106008946 [1]:17896850 [2]:145 [3]:371
[0]:106235486 [1]:17926571 [2]:145 [3]:370
[0]:106447077 [1]:17954326 [2]:145 [3]:362
[0]:106651572 [1]:17981194 [2]:145 [3]:372
[0]:106855928 [1]:18007951 [2]:145 [3]:361
[0]:107088270 [1]:18038473 [2]:145 [3]:363
[0]:107283310 [1]:18064089 [2]:145 [3]:369
[0]:107484063 [1]:18090601 [2]:145 [3]:363
[0]:107682763 [1]:18116617 [2]:145 [3]:363
[0]:107887290 [1]:18143594 [2]:145 [3]:367
[0]:108095660 [1]:18170903 [2]:145 [3]:375
[0]:108327966 [1]:18201494 [2]:145 [3]:371
[0]:108539018 [1]:18229253 [2]:145 [3]:73
[0]:108757000 [1]:18257966 [2]:145 [3]:358
[0]:108953378 [1]:18283786 [2]:146 [3]:370
[0]:109156580 [1]:18310536 [2]:146 [3]:370
[0]:109395403 [1]:18341920 [2]:146 [3]:366
[0]:109606836 [1]:18369715 [2]:146 [3]:368
[0]:109811073 [1]:18396501 [2]:146 [3]:76
[0]:110016031 [1]:18423515 [2]:146 [3]:88
[0]:110220439 [1]:18450377 [2]:146 [3]:366
[0]:110429115 [1]:18477746 [2]:146 [3]:356
[0]:110641918 [1]:18505714 [2]:146 [3]:83
[0]:110854283 [1]:18533708 [2]:146 [3]:373
[0]:111062915 [1]:18561045 [2]:146 [3]:359
[0]:111271353 [1]:18588446 [2]:146 [3]:364
[0]:111487380 [1]:18616840 [2]:146 [3]:363
[0]:111703022 [1]:18645059 [2]:146 [3]:363
[0]:111913303 [1]:18672855 [2]:146 [3]:78
[0]:112110919 [1]:18698748 [2]:146 [3]:364
[0]:112316339 [1]:18725660 [2]:146 [3]:366
[0]:112534669 [1]:18754292 [2]:146 [3]:82
[0]:112735390 [1]:18780720 [2]:146 [3]:368
[0]:112940054 [1]:18807644 [2]:145 [3]:364
[0]:113152510 [1]:18835569 [2]:145 [3]:371
[0]:113364998 [1]:18863408 [2]:145 [3]:362
[0]:113577573 [1]:18891269 [2]:145 [3]:370
[0]:113785983 [1]:18918670 [2]:145 [3]:362
[0]:113987526 [1]:18945158 [2]:145 [3]:77
[0]:114219199 [1]:18975581 [2]:145 [3]:364
[0]:114419633 [1]:19001899 [2]:145 [3]:70
[0]:114626796 [1]:19029140 [2]:145 [3]:364
[0]:114828793 [1]:19055867 [2]:145 [3]:374
[0]:115036710 [1]:19083131 [2]:145 [3]:366
[0]:115249845 [1]:19111136 [2]:145 [3]:364
[0]:115470034 [1]:19140249 [2]:145 [3]:359
[0]:115682488 [1]:19168132 [2]:145 [3]:356
[0]:115887063 [1]:19194996 [2]:145 [3]:368
[0]:116131100 [1]:19226988 [2]:145 [3]:360
[0]:116338242 [1]:19254203 [2]:145 [3]:369
[0]:116538288 [1]:19280541 [2]:145 [3]:361
[0]:116794344 [1]:19314308 [2]:145 [3]:366
[0]:117003988 [1]:19341789 [2]:145 [3]:83
[0]:117213834 [1]:19369334 [2]:145 [3]:366
[0]:117444804 [1]:19399634 [2]:145 [3]:364
[0]:117673663 [1]:19429663 [2]:145 [3]:364
[0]:117878496 [1]:19456501 [2]:145 [3]:368
[0]:118083179 [1]:19483301 [2]:145 [3]:364
[0]:118303373 [1]:19512287 [2]:145 [3]:366
[0]:118511971 [1]:19539699 [2]:145 [3]:370
[0]:118712808 [1]:19566016 [2]:145 [3]:76
[0]:118913574 [1]:19592440 [2]:145 [3]:359
[0]:119118158 [1]:19619294 [2]:145 [3]:363
[0]:119315305 [1]:19645207 [2]:145 [3]:74
[0]:119523470 [1]:19672508 [2]:145 [3]:362
[0]:119755253 [1]:19703028 [2]:145 [3]:357
[0]:119956235 [1]:19729500 [2]:145 [3]:363
[0]:120164799 [1]:19756884 [2]:145 [3]:354
[0]:120369461 [1]:19783808 [2]:145 [3]:367
[0]:120577667 [1]:19811187 [2]:145 [3]:358
[0]:120802243 [1]:19840655 [2]:145 [3]:365
[0]:121006966 [1]:19867524 [2]:145 [3]:361
[0]:121227416 [1]:19896512 [2]:145 [3]:354
[0]:121434549 [1]:19923652 [2]:145 [3]:88
[0]:121644533 [1]:19951208 [2]:145 [3]:363
[0]:121845076 [1]:19977544 [2]:145 [3]:365
[0]:122082897 [1]:20008655 [2]:145 [3]:77
[0]:122279386 [1]:20034442 [2]:145 [3]:368
[0]:122490614 [1]:20062153 [2]:145 [3]:360
[0]:122699730 [1]:20089753 [2]:145 [3]:368
[0]:122907566 [1]:20117018 [2]:145 [3]:368
[0]:123120154 [1]:20144939 [2]:145 [3]:364
[0]:123334394 [1]:20173115 [2]:145 [3]:363
[0]:123541192 [1]:20200276 [2]:145 [3]:363
[0]:123753721 [1]:20228176 [2]:145 [3]:71
[0]:124001149 [1]:20260595 [2]:145 [3]:363
[0]:124220333 [1]:20289496 [2]:145 [3]:368
[0]:124430520 [1]:20317250 [2]:145 [3]:362
[0]:124637273 [1]:20344420 [2]:145 [3]:361
[0]:124842593 [1]:20371330 [2]:145 [3]:363
[0]:125048351 [1]:20398411 [2]:145 [3]:370
[0]:125254919 [1]:20425515 [2]:145 [3]:374
[0]:125457582 [1]:20452157 [2]:145 [3]:361
[0]:125685900 [1]:20482108 [2]:145 [3]:369
[0]:125894396 [1]:20509521 [2]:145 [3]:77
[0]:126098991 [1]:20536524 [2]:145 [3]:373
[0]:126299530 [1]:20562868 [2]:145 [3]:364
[0]:126512227 [1]:20590785 [2]:145 [3]:370
[0]:126756098 [1]:20622786 [2]:145 [3]:85
[0]:126956895 [1]:20649086 [2]:145 [3]:368
[0]:127162210 [1]:20676183 [2]:145 [3]:366
[0]:127362101 [1]:20702478 [2]:145 [3]:363
[0]:127565286 [1]:20729145 [2]:145 [3]:359
[0]:127779345 [1]:20757253 [2]:145 [3]:371
[0]:128007508 [1]:20787180 [2]:145 [3]:363
[0]:128212123 [1]:20814182 [2]:145 [3]:371
[0]:128416540 [1]:20841078 [2]:145 [3]:364
[0]:128629092 [1]:20869049 [2]:145 [3]:362
[0]:128830858 [1]:20895525 [2]:145 [3]:363
[0]:129034055 [1]:20922316 [2]:145 [3]:364
[0]:129250954 [1]:20950811 [2]:145 [3]:367
[0]:129479221 [1]:20980741 [2]:145 [3]:358
[0]:129696121 [1]:21009151 [2]:145 [3]:362
[0]:129912185 [1]:21037559 [2]:145 [3]:363
[0]:130167821 [1]:21071058 [2]:145 [3]:364
[0]:130368638 [1]:21097408 [2]:145 [3]:360
[0]:130601036 [1]:21127897 [2]:145 [3]:366
[0]:130814776 [1]:21155951 [2]:145 [3]:366
[0]:131025837 [1]:21183708 [2]:145 [3]:361
[0]:131234397 [1]:21211104 [2]:145 [3]:373
[0]:131451023 [1]:21239517 [2]:145 [3]:362
[0]:131668738 [1]:21268106 [2]:145 [3]:369
[0]:131955221 [1]:21305629 [2]:145 [3]:364
[0]:132166346 [1]:21333421 [2]:145 [3]:355
[0]:132371723 [1]:21360378 [2]:145 [3]:360
[0]:132611863 [1]:21391945 [2]:145 [3]:80
[0]:132831850 [1]:21420801 [2]:145 [3]:363
[0]:133055590 [1]:21450107 [2]:145 [3]:360
[0]:133334006 [1]:21486809 [2]:145 [3]:75
[0]:133540930 [1]:21520752 [2]:145 [3]:359
[0]:133755775 [1]:21565260 [2]:145 [3]:362
[0]:133970783 [1]:21609855 [2]:145 [3]:361
[0]:134183350 [1]:21653993 [2]:145 [3]:358
[0]:134370791 [1]:21692824 [2]:145 [3]:360
[0]:134605125 [1]:21741393 [2]:145 [3]:358
[0]:134814628 [1]:21784867 [2]:145 [3]:362
[0]:135019120 [1]:21827365 [2]:145 [3]:54
[0]:135285168 [1]:21882522 [2]:154 [3]:363
[0]:135477530 [1]:21922430 [2]:154 [3]:55
[0]:135689923 [1]:21966368 [2]:154 [3]:368
[0]:135884529 [1]:22006749 [2]:154 [3]:357
[0]:136081206 [1]:22047650 [2]:154 [3]:357
[0]:136277947 [1]:22088445 [2]:154 [3]:364
[0]:136476245 [1]:22129506 [2]:154 [3]:354
[0]:136665882 [1]:22168842 [2]:154 [3]:357
[0]:136853263 [1]:22207699 [2]:154 [3]:367
[0]:137057653 [1]:22250130 [2]:154 [3]:362
[0]:137251278 [1]:22290331 [2]:154 [3]:359
[0]:137503779 [1]:22342609 [2]:154 [3]:359
[0]:137701052 [1]:22383528 [2]:154 [3]:365
[0]:137896109 [1]:22424020 [2]:154 [3]:361
[0]:138092661 [1]:22464807 [2]:154 [3]:371
[0]:138369516 [1]:22522149 [2]:160 [3]:362
[0]:138570844 [1]:22563925 [2]:160 [3]:368
[0]:138768302 [1]:22604844 [2]:160 [3]:363
[0]:138965684 [1]:22645836 [2]:160 [3]:59
[0]:139166724 [1]:22687593 [2]:160 [3]:363
[0]:139364564 [1]:22728656 [2]:160 [3]:360
[0]:139569453 [1]:22771127 [2]:160 [3]:353
[0]:139763192 [1]:22811337 [2]:160 [3]:360
[0]:139994957 [1]:22859384 [2]:160 [3]:59
[0]:140191724 [1]:22900142 [2]:160 [3]:364
[0]:140426809 [1]:22948930 [2]:160 [3]:362
[0]:140635224 [1]:22992190 [2]:160 [3]:369
[0]:140834057 [1]:23033467 [2]:160 [3]:367
[0]:141026076 [1]:23073334 [2]:160 [3]:364
[0]:141231641 [1]:23115926 [2]:161 [3]:366
[0]:141432893 [1]:23157699 [2]:161 [3]:361
[0]:141626357 [1]:23197829 [2]:161 [3]:361
[0]:141838648 [1]:23241847 [2]:161 [3]:360
[0]:142031958 [1]:23281945 [2]:161 [3]:57
[0]:142225823 [1]:23322143 [2]:161 [3]:370
[0]:142417467 [1]:23361950 [2]:161 [3]:359
[0]:142621675 [1]:23404309 [2]:161 [3]:364
[0]:142815417 [1]:23444497 [2]:161 [3]:56
[0]:143010418 [1]:23484890 [2]:161 [3]:362
[0]:143277440 [1]:23540315 [2]:161 [3]:365
[0]:143478651 [1]:23582083 [2]:161 [3]:361
[0]:143672439 [1]:23622286 [2]:161 [3]:366
[0]:143868545 [1]:23662928 [2]:161 [3]:358
[0]:144069599 [1]:23704588 [2]:161 [3]:356
[0]:144280020 [1]:23748297 [2]:161 [3]:363
[0]:144485186 [1]:23790813 [2]:161 [3]:360
[0]:144714557 [1]:23838453 [2]:161 [3]:358
[0]:144913561 [1]:23879670 [2]:161 [3]:365
[0]:145103660 [1]:23919125 [2]:161 [3]:360
[0]:145293630 [1]:23958557 [2]:161 [3]:362
[0]:145494029 [1]:24000133 [2]:161 [3]:60
[0]:145688610 [1]:24040513 [2]:161 [3]:366
[0]:145884598 [1]:24081037 [2]:161 [3]:51
[0]:146080027 [1]:24121570 [2]:161 [3]:365
[0]:146270135 [1]:24161000 [2]:161 [3]:364
[0]:146456437 [1]:24199653 [2]:161 [3]:366
[0]:146710520 [1]:24252311 [2]:161 [3]:54
[0]:146907260 [1]:24293075 [2]:161 [3]:364
[0]:147108185 [1]:24334704 [2]:161 [3]:359
[0]:147309960 [1]:24376607 [2]:161 [3]:362
[0]:147527902 [1]:24421818 [2]:161 [3]:360
[0]:147731120 [1]:24463861 [2]:161 [3]:355
[0]:147921219 [1]:24503261 [2]:161 [3]:361
[0]:148109486 [1]:24542342 [2]:161 [3]:359
[0]:148303949 [1]:24582692 [2]:161 [3]:60
[0]:148498793 [1]:24623129 [2]:161 [3]:369
[0]:148700126 [1]:24664789 [2]:161 [3]:360
[0]:148894071 [1]:24705034 [2]:161 [3]:59
[0]:149083896 [1]:24744437 [2]:161 [3]:365
[0]:149285128 [1]:24786172 [2]:161 [3]:367
[0]:149497676 [1]:24830307 [2]:161 [3]:359
[0]:149697038 [1]:24871567 [2]:161 [3]:364
[0]:149887758 [1]:24911151 [2]:161 [3]:359
[0]:150092758 [1]:24953723 [2]:161 [3]:359
[0]:150302527 [1]:24997314 [2]:161 [3]:362
[0]:150496383 [1]:25037432 [2]:161 [3]:370
[0]:150701394 [1]:25079956 [2]:161 [3]:363
[0]:150902609 [1]:25121716 [2]:161 [3]:64
[0]:151092658 [1]:25161154 [2]:161 [3]:367
[0]:151342414 [1]:25212988 [2]:161 [3]:364
[0]:151539923 [1]:25253857 [2]:161 [3]:359
[0]:151733801 [1]:25294030 [2]:161 [3]:361
[0]:151931252 [1]:25335039 [2]:161 [3]:362
[0]:152121595 [1]:25374529 [2]:161 [3]:363
[0]:152315071 [1]:25414586 [2]:161 [3]:361
[0]:152512992 [1]:25455697 [2]:161 [3]:360
[0]:152710112 [1]:25496602 [2]:161 [3]:360
[0]:152903559 [1]:25536735 [2]:161 [3]:362
[0]:153105075 [1]:25578494 [2]:161 [3]:359
[0]:153299871 [1]:25618782 [2]:161 [3]:366
[0]:153492696 [1]:25658771 [2]:161 [3]:364
[0]:153684806 [1]:25698625 [2]:161 [3]:362
[0]:153902664 [1]:25743867 [2]:161 [3]:362
[0]:154103489 [1]:25785522 [2]:161 [3]:357
[0]:154330833 [1]:25832611 [2]:161 [3]:363
[0]:154543658 [1]:25876729 [2]:161 [3]:62
[0]:154734630 [1]:25916334 [2]:161 [3]:370
[0]:154927382 [1]:25956331 [2]:161 [3]:367
[0]:155121448 [1]:25996589 [2]:161 [3]:361
[0]:155315198 [1]:26036770 [2]:161 [3]:364
[0]:155509476 [1]:26077036 [2]:161 [3]:60
[0]:155709674 [1]:26118567 [2]:161 [3]:362
[0]:155926069 [1]:26163439 [2]:161 [3]:366
[0]:156123480 [1]:26204302 [2]:161 [3]:63
[0]:156317630 [1]:26244607 [2]:161 [3]:363
[0]:156511498 [1]:26284816 [2]:161 [3]:355
[0]:156730986 [1]:26330346 [2]:161 [3]:360
[0]:156929959 [1]:26371618 [2]:161 [3]:367
[0]:157122090 [1]:26411376 [2]:161 [3]:358
[0]:157342579 [1]:26457109 [2]:161 [3]:365
[0]:157539882 [1]:26498084 [2]:161 [3]:371
[0]:157726403 [1]:26536774 [2]:161 [3]:360
[0]:157920251 [1]:26576960 [2]:161 [3]:362
[0]:158124044 [1]:26619204 [2]:161 [3]:364
[0]:158318856 [1]:26659676 [2]:161 [3]:367
[0]:158526314 [1]:26702649 [2]:161 [3]:364
[0]:158722995 [1]:26743397 [2]:161 [3]:356
[0]:158909783 [1]:26782080 [2]:161 [3]:356
[0]:159098084 [1]:26821202 [2]:161 [3]:64
[0]:159291586 [1]:26861400 [2]:161 [3]:362
[0]:159481675 [1]:26900840 [2]:161 [3]:369
[0]:159683103 [1]:26942643 [2]:161 [3]:353
[0]:159891098 [1]:26985739 [2]:161 [3]:363
[0]:160085441 [1]:27026054 [2]:161 [3]:55
[0]:160276640 [1]:27065740 [2]:161 [3]:366
[0]:160485753 [1]:27109177 [2]:161 [3]:358
[0]:160674203 [1]:27148261 [2]:161 [3]:363
[0]:160873018 [1]:27189475 [2]:161 [3]:364
[0]:161099022 [1]:27236373 [2]:161 [3]:361
[0]:161300157 [1]:27278037 [2]:161 [3]:366
[0]:161494104 [1]:27318253 [2]:161 [3]:360
[0]:161706735 [1]:27362253 [2]:161 [3]:362
[0]:161899020 [1]:27402158 [2]:161 [3]:357
[0]:162093814 [1]:27442555 [2]:161 [3]:362
[0]:162291695 [1]:27483605 [2]:161 [3]:363
[0]:162485104 [1]:27523757 [2]:161 [3]:363
[0]:162680880 [1]:27564337 [2]:161 [3]:355
[0]:162897998 [1]:27609357 [2]:161 [3]:67
[0]:163091096 [1]:27649440 [2]:161 [3]:364
[0]:163290451 [1]:27690790 [2]:161 [3]:364
[0]:163484200 [1]:27730959 [2]:161 [3]:365
[0]:163679461 [1]:27771410 [2]:161 [3]:364
[0]:163868117 [1]:27810607 [2]:161 [3]:64
[0]:164061892 [1]:27850859 [2]:161 [3]:363
[0]:164259432 [1]:27891833 [2]:161 [3]:366
[0]:164449576 [1]:27931225 [2]:161 [3]:362
[0]:164639533 [1]:27970581 [2]:161 [3]:361
[0]:164837045 [1]:28011593 [2]:161 [3]:372
[0]:165049259 [1]:28055600 [2]:161 [3]:369
[0]:165252022 [1]:28097681 [2]:161 [3]:361
[0]:165460119 [1]:28140796 [2]:161 [3]:359
[0]:165649407 [1]:28180064 [2]:161 [3]:54
[0]:165857917 [1]:28223361 [2]:161 [3]:363
[0]:166079107 [1]:28269221 [2]:161 [3]:365
[0]:166271859 [1]:28309177 [2]:161 [3]:61
[0]:166469364 [1]:28350145 [2]:161 [3]:352
[0]:166715088 [1]:28401096 [2]:161 [3]:363
[0]:166905446 [1]:28440586 [2]:161 [3]:70
[0]:167110451 [1]:28483070 [2]:161 [3]:361
[0]:167302103 [1]:28522831 [2]:161 [3]:362
[0]:167501681 [1]:28564273 [2]:161 [3]:362
[0]:167699175 [1]:28605216 [2]:161 [3]:67
[0]:167895377 [1]:28645933 [2]:161 [3]:352
[0]:168095788 [1]:28687501 [2]:161 [3]:359
[0]:168283619 [1]:28726452 [2]:161 [3]:359
[0]:168481764 [1]:28767619 [2]:161 [3]:359
[0]:168682977 [1]:28809362 [2]:161 [3]:361
[0]:168888024 [1]:28851863 [2]:161 [3]:359
[0]:169089391 [1]:28893550 [2]:161 [3]:56
[0]:169329244 [1]:28943333 [2]:161 [3]:365
[0]:169525381 [1]:28984064 [2]:161 [3]:363
[0]:169719072 [1]:29024242 [2]:161 [3]:61
[0]:169923618 [1]:29066678 [2]:161 [3]:57
[0]:170117825 [1]:29106970 [2]:161 [3]:357
[0]:170321354 [1]:29149249 [2]:161 [3]:360
[0]:170509000 [1]:29188249 [2]:161 [3]:354
[0]:170702295 [1]:29228340 [2]:161 [3]:365
[0]:170896622 [1]:29268626 [2]:161 [3]:358
[0]:171090426 [1]:29308741 [2]:161 [3]:364
[0]:171290913 [1]:29350332 [2]:161 [3]:53
[0]:171485168 [1]:29390648 [2]:161 [3]:366
[0]:171675570 [1]:29430170 [2]:161 [3]:363
[0]:171873240 [1]:29471064 [2]:161 [3]:360
[0]:172059363 [1]:29509650 [2]:161 [3]:360
[0]:172249561 [1]:29549066 [2]:161 [3]:362
[0]:172439610 [1]:29588489 [2]:161 [3]:360
[0]:172637107 [1]:29629502 [2]:161 [3]:365
[0]:172826780 [1]:29668764 [2]:161 [3]:362
[0]:173015582 [1]:29707967 [2]:161 [3]:355
[0]:173237202 [1]:29753893 [2]:161 [3]:364
[0]:173427231 [1]:29793349 [2]:161 [3]:364
[0]:173655473 [1]:29840705 [2]:161 [3]:355
[0]:173889365 [1]:29889181 [2]:161 [3]:359
[0]:174081480 [1]:29929015 [2]:161 [3]:366
[0]:174280662 [1]:29970312 [2]:161 [3]:61
[0]:174511740 [1]:30018190 [2]:161 [3]:366
[0]:174709839 [1]:30059280 [2]:161 [3]:61
[0]:174919840 [1]:30102876 [2]:161 [3]:63
[0]:175119215 [1]:30144212 [2]:161 [3]:59
[0]:175323239 [1]:30186557 [2]:161 [3]:362
[0]:175514172 [1]:30226158 [2]:161 [3]:357
[0]:175722194 [1]:30269275 [2]:161 [3]:363
[0]:175924174 [1]:30311197 [2]:161 [3]:359
[0]:176121343 [1]:30352163 [2]:161 [3]:374
[0]:176322927 [1]:30393969 [2]:161 [3]:365
[0]:176539030 [1]:30438753 [2]:161 [3]:357
[0]:176739806 [1]:30480398 [2]:161 [3]:352
[0]:177011770 [1]:30536832 [2]:161 [3]:364
[0]:177221065 [1]:30580241 [2]:161 [3]:365
[0]:177413377 [1]:30620114 [2]:161 [3]:365
[0]:177615941 [1]:30662115 [2]:161 [3]:369
[0]:177832056 [1]:30706919 [2]:161 [3]:359
[0]:178026901 [1]:30747361 [2]:161 [3]:353
[0]:178230984 [1]:30789680 [2]:161 [3]:360
[0]:178484441 [1]:30842193 [2]:161 [3]:363
[0]:178674398 [1]:30881683 [2]:161 [3]:361
[0]:178875015 [1]:30923297 [2]:161 [3]:362
[0]:179146991 [1]:30979795 [2]:161 [3]:362
[0]:179355063 [1]:31022871 [2]:161 [3]:361
[0]:179557404 [1]:31064803 [2]:161 [3]:360
[0]:179751442 [1]:31105136 [2]:161 [3]:361
[0]:179969485 [1]:31150411 [2]:161 [3]:364
[0]:180165008 [1]:31190991 [2]:161 [3]:364
[0]:180362705 [1]:31231970 [2]:161 [3]:365
[0]:180604862 [1]:31282161 [2]:161 [3]:62
[0]:180795010 [1]:31321614 [2]:161 [3]:358
[0]:181001715 [1]:31364511 [2]:161 [3]:355
[0]:181197441 [1]:31405054 [2]:161 [3]:368
[0]:181388408 [1]:31444712 [2]:161 [3]:354
[0]:181573764 [1]:31483188 [2]:161 [3]:367
[0]:181778706 [1]:31525770 [2]:161 [3]:61
[0]:181970359 [1]:31565505 [2]:161 [3]:368
[0]:182169958 [1]:31606922 [2]:161 [3]:357
[0]:182378871 [1]:31650277 [2]:161 [3]:362
[0]:182574472 [1]:31690855 [2]:161 [3]:360
[0]:182765210 [1]:31730434 [2]:161 [3]:359
[0]:182960163 [1]:31770861 [2]:161 [3]:363
[0]:183158410 [1]:31811898 [2]:161 [3]:353
[0]:183343072 [1]:31850225 [2]:161 [3]:59
[0]:183537672 [1]:31890608 [2]:161 [3]:363
[0]:183733642 [1]:31931244 [2]:161 [3]:355
[0]:183915818 [1]:31969042 [2]:161 [3]:357
[0]:184104076 [1]:32008034 [2]:161 [3]:357
[0]:184297990 [1]:32048267 [2]:161 [3]:356
[0]:184488166 [1]:32087683 [2]:161 [3]:65
[0]:184678190 [1]:32127103 [2]:161 [3]:353
[0]:184884009 [1]:32169812 [2]:161 [3]:366
[0]:185084687 [1]:32211392 [2]:161 [3]:66
[0]:185269413 [1]:32249725 [2]:161 [3]:363
[0]:185457191 [1]:32288678 [2]:161 [3]:363
[0]:185654704 [1]:32329634 [2]:161 [3]:352
[0]:185881936 [1]:32376691 [2]:161 [3]:358
[0]:186075776 [1]:32416907 [2]:161 [3]:360
[0]:186277158 [1]:32458704 [2]:161 [3]:362
[0]:186478139 [1]:32500412 [2]:161 [3]:57
[0]:186688785 [1]:32544133 [2]:161 [3]:360
[0]:186888194 [1]:32585437 [2]:161 [3]:368
[0]:187081160 [1]:32625431 [2]:161 [3]:56
[0]:187279764 [1]:32666604 [2]:161 [3]:354
[0]:187480714 [1]:32708352 [2]:161 [3]:360
[0]:187674721 [1]:32748626 [2]:161 [3]:363
[0]:187866832 [1]:32788461 [2]:161 [3]:363
[0]:188059905 [1]:32828510 [2]:161 [3]:359
[0]:188270833 [1]:32872195 [2]:161 [3]:66
[0]:188460957 [1]:32911674 [2]:161 [3]:359
[0]:188656766 [1]:32952274 [2]:161 [3]:65
[0]:188848398 [1]:32991981 [2]:161 [3]:360
[0]:189070674 [1]:33038096 [2]:161 [3]:358
[0]:189267649 [1]:33078972 [2]:161 [3]:364
[0]:189464157 [1]:33119751 [2]:161 [3]:55
[0]:189694736 [1]:33167602 [2]:161 [3]:364
[0]:189895819 [1]:33209321 [2]:161 [3]:365
[0]:190085980 [1]:33248720 [2]:161 [3]:360
[0]:190287177 [1]:33290475 [2]:161 [3]:362
[0]:190508154 [1]:33336209 [2]:161 [3]:367
[0]:190700763 [1]:33376185 [2]:161 [3]:360
[0]:190924423 [1]:33422577 [2]:161 [3]:363
[0]:191118360 [1]:33462740 [2]:161 [3]:357
[0]:191315616 [1]:33503695 [2]:161 [3]:368
[0]:191510156 [1]:33543991 [2]:161 [3]:363
[0]:191721938 [1]:33587969 [2]:161 [3]:363
[0]:191919327 [1]:33628918 [2]:161 [3]:359
[0]:192109489 [1]:33668395 [2]:161 [3]:363
[0]:192321853 [1]:33712484 [2]:161 [3]:360
[0]:192531774 [1]:33755947 [2]:161 [3]:61
[0]:192732026 [1]:33797488 [2]:161 [3]:357
[0]:192925738 [1]:33837662 [2]:161 [3]:361
[0]:193123155 [1]:33878618 [2]:161 [3]:364
[0]:193313031 [1]:33917985 [2]:161 [3]:66
[0]:193510384 [1]:33958954 [2]:161 [3]:361
[0]:193711967 [1]:34000823 [2]:161 [3]:360
[0]:193913301 [1]:34042556 [2]:161 [3]:355
[0]:194107060 [1]:34082745 [2]:161 [3]:356
[0]:194304285 [1]:34123639 [2]:161 [3]:64
[0]:194502008 [1]:34164639 [2]:161 [3]:362
[0]:194698567 [1]:34205413 [2]:161 [3]:362
[0]:194912120 [1]:34249724 [2]:161 [3]:356
[0]:195113320 [1]:34291447 [2]:161 [3]:355
[0]:195336944 [1]:34337762 [2]:161 [3]:361
[0]:195534557 [1]:34378802 [2]:161 [3]:362
[0]:195731585 [1]:34419670 [2]:161 [3]:359
[0]:195930071 [1]:34460913 [2]:161 [3]:355
[0]:196128175 [1]:34501986 [2]:161 [3]:358
[0]:196324442 [1]:34542727 [2]:161 [3]:368
[0]:196524148 [1]:34584188 [2]:161 [3]:362
[0]:196745656 [1]:34630145 [2]:161 [3]:363
[0]:196935625 [1]:34669538 [2]:161 [3]:364
[0]:197133182 [1]:34710474 [2]:161 [3]:359
[0]:197367251 [1]:34759054 [2]:161 [3]:57
[0]:197557602 [1]:34798614 [2]:161 [3]:372
[0]:197766737 [1]:34841998 [2]:161 [3]:360
[0]:197969076 [1]:34883946 [2]:161 [3]:367
[0]:198159815 [1]:34923601 [2]:161 [3]:359
[0]:198407517 [1]:34974947 [2]:161 [3]:59
[0]:198605032 [1]:35015874 [2]:161 [3]:59
[0]:198806382 [1]:35057670 [2]:161 [3]:367
[0]:199000192 [1]:35097819 [2]:161 [3]:363
[0]:199208868 [1]:35141157 [2]:161 [3]:365
[0]:199322531 [1]:35164773 [2]:161 [3]:367
[0]:199322531 [1]:35164773 [2]:161 [3]:367
[0]:199322531 [1]:35164773 [2]:161 [3]:367
[0]:199322531 [1]:35164773 [2]:161 [3]:367
[0]:199322531 [1]:35164773 [2]:161 [3]:367
[0]:199322531 [1]:35164773 [2]:161 [3]:367
[0]:199322531 [1]:35164773 [2]:161 [3]:367
[0]:199322531 [1]:35164773 [2]:161 [3]:367
[0]:199322531 [1]:35164773 [2]:161 [3]:367
[0]:199322531 [1]:35164773 [2]:161 [3]:367
[0]:199322531 [1]:35164773 [2]:161 [3]:367
                                                                                                                                     [0]:199322531 [1]:35164773 [2]:161 [3]:367
[0]:199322531 [1]:35164773 [2]:161 [3]:367
[0]:199322531 [1]:35164773 [2]:161 [3]:367
[0]:199322531 [1]:35164773 [2]:161 [3]:367
[0]:199322531 [1]:35164773 [2]:161 [3]:367
[0]:199322531 [1]:35164773 [2]:161 [3]:367
