[0]:76055690 [1]:13111545 [2]:167 [3]:369
[0]:76264528 [1]:13142565 [2]:167 [3]:82
[0]:76473275 [1]:13173533 [2]:167 [3]:363
[0]:76678055 [1]:13203838 [2]:167 [3]:360
[0]:76880469 [1]:13233717 [2]:167 [3]:367
[0]:77076204 [1]:13262692 [2]:167 [3]:372
[0]:77281100 [1]:13293045 [2]:167 [3]:365
[0]:77529190 [1]:13329837 [2]:167 [3]:359
[0]:77731928 [1]:13359855 [2]:167 [3]:374
[0]:77943254 [1]:13391190 [2]:167 [3]:357
[0]:78140052 [1]:13420424 [2]:167 [3]:362
[0]:78352820 [1]:13452041 [2]:167 [3]:79
[0]:78560616 [1]:13482845 [2]:167 [3]:360
[0]:78768801 [1]:13513803 [2]:161 [3]:366
[0]:78982100 [1]:13545335 [2]:161 [3]:360
[0]:79235445 [1]:13583028 [2]:161 [3]:355
[0]:79436482 [1]:13612763 [2]:161 [3]:79
[0]:79642422 [1]:13643407 [2]:161 [3]:365
[0]:79846061 [1]:13673682 [2]:161 [3]:365
[0]:80062745 [1]:13705836 [2]:161 [3]:366
[0]:80275647 [1]:13737358 [2]:161 [3]:77
[0]:80476563 [1]:13767084 [2]:161 [3]:366
[0]:80685749 [1]:13798060 [2]:161 [3]:86
[0]:80886357 [1]:13827766 [2]:161 [3]:372
[0]:81099154 [1]:13859338 [2]:161 [3]:358
[0]:81303981 [1]:13889688 [2]:161 [3]:358
[0]:81508922 [1]:13920105 [2]:161 [3]:359
[0]:81745495 [1]:13955186 [2]:161 [3]:361
[0]:81954315 [1]:13986047 [2]:161 [3]:82
[0]:82170792 [1]:14018168 [2]:161 [3]:369
[0]:82375968 [1]:14048538 [2]:156 [3]:364
[0]:82584658 [1]:14079571 [2]:156 [3]:363
[0]:82781760 [1]:14108756 [2]:156 [3]:79
[0]:82986606 [1]:14139173 [2]:156 [3]:360
[0]:83224127 [1]:14174315 [2]:156 [3]:369
[0]:83428065 [1]:14204513 [2]:156 [3]:366
[0]:83640914 [1]:14236092 [2]:156 [3]:360
[0]:83845068 [1]:14266345 [2]:156 [3]:365
[0]:84050484 [1]:14296946 [2]:156 [3]:367
[0]:84276110 [1]:14330334 [2]:156 [3]:357
[0]:84483386 [1]:14361106 [2]:156 [3]:367
[0]:84754201 [1]:14401144 [2]:156 [3]:357
[0]:84957648 [1]:14431488 [2]:156 [3]:379
[0]:85169598 [1]:14462919 [2]:156 [3]:357
[0]:85382277 [1]:14494515 [2]:156 [3]:360
[0]:85579505 [1]:14523676 [2]:156 [3]:361
[0]:85829827 [1]:14560717 [2]:156 [3]:364
[0]:86040332 [1]:14592154 [2]:154 [3]:357
[0]:86249119 [1]:14623014 [2]:154 [3]:360
[0]:86469850 [1]:14655706 [2]:154 [3]:365
[0]:86686366 [1]:14687778 [2]:154 [3]:361
[0]:86886970 [1]:14717487 [2]:154 [3]:87
[0]:87096581 [1]:14748506 [2]:154 [3]:359
[0]:87301464 [1]:14778801 [2]:154 [3]:371
[0]:87510229 [1]:14809752 [2]:154 [3]:366
[0]:87731049 [1]:14842433 [2]:154 [3]:363
[0]:87934753 [1]:14872651 [2]:154 [3]:366
[0]:88160451 [1]:14906116 [2]:154 [3]:357
[0]:88361314 [1]:14935923 [2]:154 [3]:370
[0]:88574108 [1]:14967447 [2]:154 [3]:364
[0]:88779156 [1]:14997714 [2]:154 [3]:362
[0]:88991811 [1]:15029240 [2]:154 [3]:357
[0]:89208663 [1]:15061373 [2]:154 [3]:360
[0]:89424634 [1]:15093384 [2]:154 [3]:90
[0]:89638216 [1]:15124994 [2]:153 [3]:362
[0]:89850682 [1]:15156439 [2]:153 [3]:365
[0]:90055925 [1]:15186768 [2]:153 [3]:374
[0]:90265642 [1]:15217794 [2]:153 [3]:361
[0]:90497168 [1]:15252135 [2]:153 [3]:363
[0]:90706271 [1]:15283013 [2]:153 [3]:370
[0]:90907255 [1]:15312763 [2]:153 [3]:79
[0]:91116164 [1]:15343666 [2]:153 [3]:371
[0]:91328512 [1]:15375234 [2]:153 [3]:359
[0]:91578690 [1]:15412347 [2]:153 [3]:369
