[0]:1108652499 [1]:775810713 [2]:7 [3]:17
[0]:1109992212 [1]:776504432 [2]:7 [3]:54
[0]:1111173152 [1]:777114416 [2]:7 [3]:15
[0]:1112384800 [1]:777742443 [2]:7 [3]:57
[0]:1113547015 [1]:778343111 [2]:7 [3]:16
[0]:1114668542 [1]:778921241 [2]:7 [3]:12
[0]:1115828904 [1]:779514518 [2]:7 [3]:53
[0]:1117035144 [1]:780134510 [2]:7 [3]:51
[0]:1118177911 [1]:780725575 [2]:7 [3]:9
[0]:1119429944 [1]:781373605 [2]:7 [3]:49
[0]:1120552636 [1]:781948691 [2]:7 [3]:50
[0]:1121561535 [1]:782460511 [2]:7 [3]:51
[0]:1122586659 [1]:782984047 [2]:7 [3]:10
[0]:1123576401 [1]:783493020 [2]:7 [3]:12
[0]:1124563848 [1]:784000308 [2]:7 [3]:11
[0]:1125603144 [1]:784535796 [2]:7 [3]:17
[0]:1126628772 [1]:785062401 [2]:7 [3]:11
[0]:1127711469 [1]:785620820 [2]:7 [3]:53
[0]:1128766651 [1]:786165021 [2]:7 [3]:14
[0]:1129795294 [1]:786695830 [2]:7 [3]:52
[0]:1130828005 [1]:787234822 [2]:7 [3]:10
[0]:1131877704 [1]:787775579 [2]:7 [3]:59
[0]:1132911601 [1]:788308457 [2]:7 [3]:12
[0]:1134353984 [1]:789051833 [2]:7 [3]:14
[0]:1135605929 [1]:789693837 [2]:7 [3]:17
[0]:1136811202 [1]:790310962 [2]:7 [3]:18
[0]:1137889740 [1]:790872331 [2]:7 [3]:14
[0]:1139005656 [1]:791449854 [2]:7 [3]:15
[0]:1140182868 [1]:792059107 [2]:7 [3]:14
[0]:1141310199 [1]:792636313 [2]:7 [3]:9
[0]:1142447072 [1]:793221093 [2]:7 [3]:53
[0]:1143719482 [1]:793877999 [2]:7 [3]:55
[0]:1144909089 [1]:794489392 [2]:7 [3]:14
[0]:1146045397 [1]:795078875 [2]:7 [3]:11
[0]:1147222893 [1]:795688219 [2]:7 [3]:14
[0]:1148292867 [1]:796240267 [2]:7 [3]:15
[0]:1149415419 [1]:796813869 [2]:7 [3]:12
[0]:1150804373 [1]:797530807 [2]:7 [3]:12
[0]:1151936831 [1]:798116598 [2]:7 [3]:12
[0]:1153156307 [1]:798740924 [2]:7 [3]:18
[0]:1154302743 [1]:799328061 [2]:7 [3]:14
[0]:1155427431 [1]:799906894 [2]:7 [3]:51
[0]:1156540341 [1]:800481604 [2]:7 [3]:22
[0]:1157671333 [1]:801065100 [2]:7 [3]:12
[0]:1158825521 [1]:801663165 [2]:7 [3]:11
[0]:1159975462 [1]:802254179 [2]:7 [3]:15
[0]:1161107197 [1]:802836769 [2]:7 [3]:56
[0]:1162208718 [1]:803405146 [2]:7 [3]:9
[0]:1163346946 [1]:803989867 [2]:7 [3]:57
[0]:1164881564 [1]:804778659 [2]:7 [3]:51
[0]:1165959364 [1]:805333374 [2]:7 [3]:13
[0]:1167080492 [1]:805916881 [2]:7 [3]:11
[0]:1168487494 [1]:806634787 [2]:7 [3]:19
[0]:1169797745 [1]:807313638 [2]:7 [3]:12
[0]:1170968658 [1]:807915479 [2]:7 [3]:12
[0]:1172200106 [1]:808547950 [2]:7 [3]:58
[0]:1173354768 [1]:809143684 [2]:7 [3]:13
[0]:1174537070 [1]:809749815 [2]:7 [3]:10
[0]:1175633735 [1]:810312249 [2]:7 [3]:9
[0]:1176672790 [1]:810841711 [2]:7 [3]:11
[0]:1177683191 [1]:811365619 [2]:7 [3]:11
[0]:1178710983 [1]:811895505 [2]:7 [3]:13
[0]:1179710451 [1]:812408429 [2]:7 [3]:17
[0]:1180721035 [1]:812927951 [2]:7 [3]:11
[0]:1181747362 [1]:813453545 [2]:7 [3]:9
[0]:1182761209 [1]:813975686 [2]:7 [3]:15
[0]:1183758845 [1]:814485721 [2]:7 [3]:54
[0]:1184764707 [1]:815001204 [2]:7 [3]:53
[0]:1185751240 [1]:815508465 [2]:7 [3]:49
[0]:1186751488 [1]:816024532 [2]:7 [3]:15
[0]:1187793092 [1]:816562914 [2]:7 [3]:8
[0]:1188797214 [1]:817078410 [2]:7 [3]:17
[0]:1189885893 [1]:817634492 [2]:7 [3]:8
[0]:1191497970 [1]:818466796 [2]:7 [3]:14
[0]:1192766856 [1]:819124054 [2]:7 [3]:53
[0]:1194038142 [1]:819779361 [2]:7 [3]:54
[0]:1195183611 [1]:820375079 [2]:7 [3]:55
[0]:1196343901 [1]:820968633 [2]:7 [3]:53
[0]:1197467844 [1]:821544102 [2]:7 [3]:13
[0]:1198583941 [1]:822116949 [2]:7 [3]:56
[0]:1199715552 [1]:822696887 [2]:7 [3]:11
[0]:1201114248 [1]:823415273 [2]:7 [3]:61
[0]:1202262768 [1]:824007174 [2]:7 [3]:15
[0]:1203373433 [1]:824582424 [2]:7 [3]:14
[0]:1204544627 [1]:825180239 [2]:7 [3]:12
[0]:1205675562 [1]:825761344 [2]:7 [3]:55
[0]:1206885424 [1]:826388596 [2]:7 [3]:57
[0]:1208028599 [1]:826977392 [2]:7 [3]:12
[0]:1209133187 [1]:827548691 [2]:7 [3]:51
[0]:1210281788 [1]:828147403 [2]:7 [3]:7
[0]:1211605340 [1]:828830156 [2]:7 [3]:12
