[0]:554268209 [1]:383347158 [2]:7 [3]:11
[0]:555414286 [1]:383933612 [2]:7 [3]:17
[0]:556509875 [1]:384494188 [2]:7 [3]:11
[0]:557622729 [1]:385062630 [2]:7 [3]:12
[0]:558929697 [1]:385732013 [2]:7 [3]:14
[0]:560066527 [1]:386309939 [2]:7 [3]:15
[0]:561178321 [1]:386878751 [2]:7 [3]:53
[0]:562343776 [1]:387477693 [2]:7 [3]:55
[0]:563602380 [1]:388125941 [2]:7 [3]:9
[0]:564710781 [1]:388689466 [2]:7 [3]:7
[0]:565849820 [1]:389272953 [2]:7 [3]:16
[0]:566985872 [1]:389857365 [2]:7 [3]:17
[0]:568449232 [1]:390609775 [2]:7 [3]:17
[0]:569572043 [1]:391183611 [2]:7 [3]:13
[0]:570778405 [1]:391802563 [2]:7 [3]:11
[0]:571908443 [1]:392382342 [2]:7 [3]:58
[0]:573023415 [1]:392955309 [2]:7 [3]:48
[0]:574154709 [1]:393533136 [2]:7 [3]:14
[0]:575278909 [1]:394108384 [2]:7 [3]:52
[0]:576450649 [1]:394710083 [2]:7 [3]:16
[0]:577627667 [1]:395316975 [2]:7 [3]:54
[0]:578798948 [1]:395921952 [2]:7 [3]:12
[0]:579893499 [1]:396484728 [2]:7 [3]:54
[0]:581045517 [1]:397077759 [2]:7 [3]:13
[0]:582226940 [1]:397683110 [2]:7 [3]:15
[0]:583344611 [1]:398255345 [2]:7 [3]:52
[0]:584458948 [1]:398828841 [2]:7 [3]:13
[0]:585559509 [1]:399393732 [2]:7 [3]:14
[0]:586688763 [1]:399969902 [2]:7 [3]:14
[0]:588121523 [1]:400703207 [2]:7 [3]:10
[0]:589185039 [1]:401249673 [2]:7 [3]:10
[0]:590271086 [1]:401807138 [2]:7 [3]:16
[0]:591287075 [1]:402329732 [2]:7 [3]:51
[0]:592304454 [1]:402851313 [2]:7 [3]:45
[0]:593528460 [1]:403481800 [2]:7 [3]:51
[0]:594579385 [1]:404023025 [2]:7 [3]:14
[0]:595569186 [1]:404531000 [2]:7 [3]:11
[0]:596577299 [1]:405047749 [2]:7 [3]:16
[0]:598004864 [1]:405780189 [2]:7 [3]:16
[0]:599048781 [1]:406316547 [2]:7 [3]:11
[0]:600072385 [1]:406842673 [2]:7 [3]:10
[0]:601188667 [1]:407411796 [2]:7 [3]:57
[0]:602445654 [1]:408056101 [2]:7 [3]:10
[0]:603742438 [1]:408719833 [2]:7 [3]:60
[0]:604946724 [1]:409338451 [2]:7 [3]:12
[0]:606123236 [1]:409941522 [2]:7 [3]:17
[0]:607317827 [1]:410555505 [2]:7 [3]:54
[0]:608458329 [1]:411147533 [2]:7 [3]:53
[0]:609637990 [1]:411750975 [2]:7 [3]:11
[0]:610872578 [1]:412382752 [2]:7 [3]:13
[0]:612177208 [1]:413048251 [2]:7 [3]:49
[0]:613260518 [1]:413608006 [2]:7 [3]:10
[0]:614378381 [1]:414181986 [2]:7 [3]:12
[0]:615533667 [1]:414774692 [2]:7 [3]:43
[0]:616672275 [1]:415362362 [2]:7 [3]:50
[0]:617832036 [1]:415956824 [2]:7 [3]:10
[0]:619041185 [1]:416583560 [2]:7 [3]:20
[0]:620165140 [1]:417162059 [2]:7 [3]:51
[0]:621262550 [1]:417727488 [2]:7 [3]:11
[0]:622708012 [1]:418467539 [2]:7 [3]:15
[0]:623877639 [1]:419064227 [2]:7 [3]:50
[0]:625059136 [1]:419669339 [2]:7 [3]:56
[0]:626242499 [1]:420276041 [2]:7 [3]:51
[0]:627337284 [1]:420842425 [2]:7 [3]:15
[0]:628468375 [1]:421417144 [2]:7 [3]:12
[0]:629652171 [1]:422024408 [2]:7 [3]:50
[0]:630784364 [1]:422604994 [2]:7 [3]:13
[0]:631911591 [1]:423183229 [2]:7 [3]:11
[0]:633059325 [1]:423775781 [2]:7 [3]:56
[0]:634266709 [1]:424399222 [2]:7 [3]:53
[0]:635335872 [1]:424940774 [2]:7 [3]:12
[0]:636473988 [1]:425520558 [2]:7 [3]:56
[0]:637622570 [1]:426108635 [2]:7 [3]:12
[0]:638743870 [1]:426684980 [2]:7 [3]:22
[0]:639902370 [1]:427276584 [2]:7 [3]:22
[0]:641021764 [1]:427847067 [2]:7 [3]:15
