[0]:91740708 [1]:15451494 [2]:152 [3]:65
[0]:91948810 [1]:15499594 [2]:152 [3]:354
[0]:92135479 [1]:15542712 [2]:152 [3]:357
[0]:92325664 [1]:15586771 [2]:152 [3]:361
[0]:92525177 [1]:15632872 [2]:152 [3]:359
[0]:92724918 [1]:15678948 [2]:153 [3]:363
[0]:92932978 [1]:15727008 [2]:153 [3]:366
[0]:93127942 [1]:15772074 [2]:153 [3]:356
[0]:93329821 [1]:15818718 [2]:153 [3]:357
[0]:93528888 [1]:15864655 [2]:153 [3]:351
[0]:93724445 [1]:15909909 [2]:153 [3]:62
[0]:93915882 [1]:15954258 [2]:153 [3]:364
[0]:94170429 [1]:16013115 [2]:153 [3]:359
[0]:94359424 [1]:16056759 [2]:153 [3]:366
[0]:94560667 [1]:16103217 [2]:153 [3]:352
[0]:94770266 [1]:16151720 [2]:153 [3]:364
[0]:94960534 [1]:16195674 [2]:153 [3]:367
[0]:95169829 [1]:16244006 [2]:153 [3]:361
[0]:95363894 [1]:16288741 [2]:153 [3]:361
[0]:95613964 [1]:16346526 [2]:157 [3]:63
[0]:95811467 [1]:16392147 [2]:157 [3]:364
[0]:96027407 [1]:16442038 [2]:157 [3]:361
[0]:96233583 [1]:16489688 [2]:157 [3]:61
[0]:96427700 [1]:16534502 [2]:157 [3]:60
[0]:96621719 [1]:16579316 [2]:157 [3]:362
[0]:96815715 [1]:16624059 [2]:157 [3]:364
[0]:97009983 [1]:16669000 [2]:157 [3]:359
[0]:97203572 [1]:16713634 [2]:157 [3]:55
[0]:97400600 [1]:16759239 [2]:157 [3]:365
[0]:97599670 [1]:16805284 [2]:157 [3]:364
[0]:97793761 [1]:16850131 [2]:157 [3]:361
[0]:97991491 [1]:16895787 [2]:157 [3]:363
[0]:98181971 [1]:16939721 [2]:157 [3]:363
[0]:98384275 [1]:16986498 [2]:159 [3]:369
[0]:98583432 [1]:17032555 [2]:159 [3]:362
[0]:98778852 [1]:17077769 [2]:159 [3]:362
[0]:98973011 [1]:17122592 [2]:159 [3]:54
[0]:99174734 [1]:17169120 [2]:159 [3]:55
[0]:99365175 [1]:17213151 [2]:159 [3]:368
[0]:99577043 [1]:17262105 [2]:159 [3]:358
[0]:99799118 [1]:17313414 [2]:159 [3]:360
[0]:100007114 [1]:17361387 [2]:159 [3]:360
[0]:100204571 [1]:17406993 [2]:159 [3]:356
[0]:100409969 [1]:17454499 [2]:159 [3]:360
[0]:100604282 [1]:17499380 [2]:159 [3]:361
[0]:100802127 [1]:17545135 [2]:159 [3]:67
[0]:101004992 [1]:17591990 [2]:159 [3]:360
[0]:101216433 [1]:17640828 [2]:161 [3]:354
[0]:101414167 [1]:17686589 [2]:161 [3]:64
[0]:101608343 [1]:17731446 [2]:161 [3]:357
[0]:101809859 [1]:17778006 [2]:161 [3]:364
[0]:102013184 [1]:17824917 [2]:161 [3]:363
[0]:102223901 [1]:17873598 [2]:161 [3]:365
[0]:102414474 [1]:17917636 [2]:161 [3]:360
[0]:102612264 [1]:17963389 [2]:161 [3]:365
[0]:102824903 [1]:18012477 [2]:161 [3]:364
[0]:103022963 [1]:18058233 [2]:161 [3]:364
[0]:103224368 [1]:18104715 [2]:161 [3]:358
[0]:103440383 [1]:18154583 [2]:161 [3]:361
[0]:103646255 [1]:18202185 [2]:161 [3]:350
[0]:103847685 [1]:18248671 [2]:162 [3]:365
[0]:104041707 [1]:18293462 [2]:162 [3]:55
[0]:104239776 [1]:18339233 [2]:162 [3]:362
[0]:104441295 [1]:18385734 [2]:162 [3]:359
[0]:104642687 [1]:18432241 [2]:162 [3]:361
[0]:104840061 [1]:18477786 [2]:162 [3]:361
[0]:105053222 [1]:18527041 [2]:162 [3]:356
[0]:105247362 [1]:18571901 [2]:162 [3]:363
[0]:105458992 [1]:18620799 [2]:162 [3]:345
[0]:105654087 [1]:18665811 [2]:162 [3]:360
[0]:105841043 [1]:18709029 [2]:162 [3]:54
[0]:106031204 [1]:18752954 [2]:162 [3]:365
[0]:106225157 [1]:18797736 [2]:162 [3]:358
[0]:106415688 [1]:18841804 [2]:162 [3]:364
