[0]:105848381 [1]:105848383 [2]:0 [3]:122
[0]:105989362 [1]:105989362 [2]:0 [3]:107
[0]:106129795 [1]:106129795 [2]:0 [3]:114
[0]:106270649 [1]:106270649 [2]:0 [3]:96
[0]:106424420 [1]:106424420 [2]:0 [3]:137
[0]:106560018 [1]:106560018 [2]:0 [3]:100
[0]:106703025 [1]:106703025 [2]:0 [3]:520
[0]:106842804 [1]:106842804 [2]:0 [3]:500
[0]:106977893 [1]:106977893 [2]:0 [3]:106
[0]:107113755 [1]:107113757 [2]:0 [3]:528
[0]:107254883 [1]:107254883 [2]:0 [3]:507
[0]:107422951 [1]:107422951 [2]:0 [3]:504
[0]:107566730 [1]:107566730 [2]:0 [3]:192
[0]:107753970 [1]:107753970 [2]:0 [3]:114
[0]:107922468 [1]:107922468 [2]:0 [3]:107
[0]:108064085 [1]:108064085 [2]:0 [3]:97
[0]:108201889 [1]:108201891 [2]:0 [3]:493
[0]:108339932 [1]:108339932 [2]:0 [3]:89
[0]:108483296 [1]:108483296 [2]:0 [3]:507
[0]:108625010 [1]:108625010 [2]:0 [3]:127
[0]:108775106 [1]:108775107 [2]:0 [3]:94
[0]:108918340 [1]:108918340 [2]:0 [3]:103
[0]:109074352 [1]:109074352 [2]:0 [3]:497
[0]:109213052 [1]:109213052 [2]:0 [3]:126
[0]:109349302 [1]:109349302 [2]:0 [3]:85
[0]:109491012 [1]:109491012 [2]:0 [3]:129
[0]:109676704 [1]:109676704 [2]:0 [3]:98
[0]:109818211 [1]:109818211 [2]:0 [3]:498
[0]:109958152 [1]:109958152 [2]:0 [3]:81
[0]:110101663 [1]:110101663 [2]:0 [3]:113
[0]:110250236 [1]:110250238 [2]:0 [3]:75
[0]:110403019 [1]:110403019 [2]:0 [3]:510
[0]:110542058 [1]:110542058 [2]:0 [3]:502
[0]:110698459 [1]:110698460 [2]:0 [3]:86
[0]:110833682 [1]:110833683 [2]:0 [3]:85
[0]:110971992 [1]:110971993 [2]:0 [3]:110
[0]:111112431 [1]:111112431 [2]:0 [3]:198
[0]:111247755 [1]:111247756 [2]:0 [3]:110
[0]:111417696 [1]:111417696 [2]:0 [3]:497
[0]:111558240 [1]:111558240 [2]:0 [3]:99
[0]:111699060 [1]:111699062 [2]:0 [3]:501
[0]:111876667 [1]:111876667 [2]:0 [3]:502
[0]:112012128 [1]:112012129 [2]:0 [3]:78
[0]:112189899 [1]:112189900 [2]:0 [3]:108
[0]:112329582 [1]:112329583 [2]:0 [3]:492
[0]:112470333 [1]:112470333 [2]:0 [3]:120
[0]:112604726 [1]:112604725 [2]:0 [3]:191
[0]:112744291 [1]:112744291 [2]:0 [3]:138
[0]:112885947 [1]:112885947 [2]:0 [3]:115
[0]:113023904 [1]:113023904 [2]:0 [3]:510
[0]:113165451 [1]:113165451 [2]:0 [3]:501
[0]:113308034 [1]:113308034 [2]:0 [3]:100
[0]:113453032 [1]:113453032 [2]:0 [3]:105
[0]:113590698 [1]:113590698 [2]:0 [3]:89
[0]:113726759 [1]:113726759 [2]:0 [3]:113
[0]:113867390 [1]:113867390 [2]:0 [3]:98
[0]:114007167 [1]:114007167 [2]:0 [3]:541
[0]:114146671 [1]:114146671 [2]:0 [3]:501
[0]:114283207 [1]:114283209 [2]:0 [3]:512
[0]:114418418 [1]:114418418 [2]:0 [3]:500
[0]:114553899 [1]:114553899 [2]:0 [3]:106
[0]:114702095 [1]:114702095 [2]:0 [3]:496
[0]:114842939 [1]:114842940 [2]:0 [3]:77
[0]:114986284 [1]:114986284 [2]:0 [3]:110
[0]:115126908 [1]:115126906 [2]:0 [3]:115
[0]:115269345 [1]:115269345 [2]:0 [3]:81
[0]:115453243 [1]:115453243 [2]:0 [3]:498
[0]:115593877 [1]:115593879 [2]:0 [3]:536
[0]:115734529 [1]:115734529 [2]:0 [3]:140
[0]:115866868 [1]:115866869 [2]:0 [3]:496
[0]:116007803 [1]:116007803 [2]:0 [3]:101
[0]:116145725 [1]:116145726 [2]:0 [3]:101
[0]:116283440 [1]:116283440 [2]:0 [3]:98
