[0]:0 [1]:0 [2]:0 [3]:0
[0]:16274 [1]:0 [2]:0 [3]:270
[0]:251824 [1]:0 [2]:0 [3]:317
[0]:492786 [1]:0 [2]:0 [3]:67
[0]:726611 [1]:0 [2]:0 [3]:56
[0]:952882 [1]:0 [2]:0 [3]:325
[0]:1192616 [1]:0 [2]:0 [3]:81
[0]:1422977 [1]:0 [2]:0 [3]:306
[0]:1668876 [1]:0 [2]:0 [3]:56
[0]:1893790 [1]:0 [2]:0 [3]:77
[0]:2114382 [1]:1680 [2]:119 [3]:366
[0]:2304721 [1]:20955 [2]:119 [3]:55
[0]:2510283 [1]:41772 [2]:119 [3]:360
[0]:2715906 [1]:62591 [2]:119 [3]:367
[0]:2917815 [1]:82988 [2]:119 [3]:64
[0]:3183612 [1]:109854 [2]:119 [3]:365
[0]:3407883 [1]:132517 [2]:119 [3]:58
[0]:3617321 [1]:153684 [2]:119 [3]:67
[0]:3824785 [1]:174806 [2]:119 [3]:379
[0]:4027812 [1]:195410 [2]:119 [3]:66
[0]:4215306 [1]:214383 [2]:119 [3]:60
[0]:4415400 [1]:234564 [2]:119 [3]:364
[0]:4638317 [1]:257116 [2]:119 [3]:64
[0]:4857697 [1]:279306 [2]:119 [3]:68
[0]:5082511 [1]:302112 [2]:119 [3]:64
[0]:5277048 [1]:321942 [2]:114 [3]:360
[0]:5481850 [1]:342569 [2]:114 [3]:354
[0]:5698837 [1]:364709 [2]:114 [3]:368
[0]:5911317 [1]:386228 [2]:114 [3]:73
[0]:6113911 [1]:406717 [2]:114 [3]:69
[0]:6323441 [1]:427732 [2]:114 [3]:76
[0]:6540866 [1]:449693 [2]:114 [3]:72
[0]:6740580 [1]:469904 [2]:114 [3]:69
[0]:6937082 [1]:489716 [2]:114 [3]:68
[0]:7135278 [1]:509639 [2]:114 [3]:364
[0]:7337003 [1]:529982 [2]:114 [3]:362
[0]:7535169 [1]:550193 [2]:114 [3]:358
[0]:7807689 [1]:577612 [2]:114 [3]:64
[0]:8032640 [1]:600325 [2]:114 [3]:371
[0]:8232062 [1]:620583 [2]:114 [3]:63
[0]:8436344 [1]:641228 [2]:109 [3]:363
[0]:8634477 [1]:661416 [2]:109 [3]:365
[0]:8847761 [1]:682939 [2]:109 [3]:65
[0]:9045938 [1]:702933 [2]:109 [3]:367
[0]:9243616 [1]:722995 [2]:109 [3]:67
[0]:9441707 [1]:743175 [2]:109 [3]:358
[0]:9642501 [1]:763478 [2]:109 [3]:63
[0]:9866098 [1]:786223 [2]:109 [3]:68
[0]:10057660 [1]:805661 [2]:109 [3]:375
[0]:10254719 [1]:825674 [2]:109 [3]:364
[0]:10449514 [1]:845452 [2]:109 [3]:69
[0]:10635416 [1]:864238 [2]:109 [3]:358
[0]:10839712 [1]:884919 [2]:109 [3]:370
[0]:11045340 [1]:905682 [2]:109 [3]:68
[0]:11242278 [1]:925612 [2]:109 [3]:374
[0]:11440041 [1]:945685 [2]:105 [3]:61
[0]:11634396 [1]:965499 [2]:105 [3]:60
[0]:11844977 [1]:986748 [2]:105 [3]:381
[0]:12114296 [1]:1014171 [2]:105 [3]:357
[0]:12315991 [1]:1034708 [2]:105 [3]:61
[0]:12542168 [1]:1057559 [2]:105 [3]:354
[0]:12742117 [1]:1077935 [2]:105 [3]:359
[0]:12932567 [1]:1097384 [2]:105 [3]:351
[0]:13141949 [1]:1118566 [2]:105 [3]:365
[0]:13337848 [1]:1138427 [2]:105 [3]:49
[0]:13541761 [1]:1159198 [2]:105 [3]:53
[0]:13741057 [1]:1179502 [2]:105 [3]:67
[0]:13937737 [1]:1199491 [2]:105 [3]:71
[0]:14128461 [1]:1218803 [2]:105 [3]:76
[0]:14326623 [1]:1238885 [2]:105 [3]:359
[0]:14528236 [1]:1259324 [2]:101 [3]:59
[0]:14726047 [1]:1279366 [2]:101 [3]:74
[0]:14927734 [1]:1300080 [2]:101 [3]:366
[0]:15128318 [1]:1320536 [2]:101 [3]:62
[0]:15325464 [1]:1340621 [2]:101 [3]:371
[0]:15518376 [1]:1360084 [2]:101 [3]:56
[0]:15712527 [1]:1379938 [2]:101 [3]:68
[0]:15918055 [1]:1400845 [2]:101 [3]:365
[0]:16157226 [1]:1425019 [2]:101 [3]:351
[0]:16384679 [1]:1448140 [2]:101 [3]:360
[0]:16575897 [1]:1467468 [2]:101 [3]:70
[0]:16784731 [1]:1488600 [2]:101 [3]:52
[0]:16984326 [1]:1508726 [2]:101 [3]:55
[0]:17199578 [1]:1530656 [2]:101 [3]:357
[0]:17394457 [1]:1550412 [2]:101 [3]:369
[0]:17596561 [1]:1570721 [2]:101 [3]:365
[0]:17809559 [1]:1592275 [2]:97 [3]:352
[0]:18006080 [1]:1612370 [2]:97 [3]:89
[0]:18246277 [1]:1636829 [2]:97 [3]:364
[0]:18463182 [1]:1658663 [2]:97 [3]:362
[0]:18661744 [1]:1678713 [2]:97 [3]:365
[0]:18851557 [1]:1697992 [2]:97 [3]:359
[0]:19056322 [1]:1718718 [2]:97 [3]:62
[0]:19259000 [1]:1739139 [2]:97 [3]:63
[0]:19468361 [1]:1760288 [2]:97 [3]:63
[0]:19685678 [1]:1782339 [2]:97 [3]:63
[0]:19887667 [1]:1802947 [2]:97 [3]:75
[0]:20085711 [1]:1823077 [2]:97 [3]:55
[0]:20283407 [1]:1843128 [2]:97 [3]:58
[0]:20493315 [1]:1864340 [2]:97 [3]:54
[0]:20702682 [1]:1885427 [2]:97 [3]:345
[0]:20900720 [1]:1905576 [2]:94 [3]:365
[0]:21117385 [1]:1927538 [2]:94 [3]:50
[0]:21319236 [1]:1947930 [2]:94 [3]:364
[0]:21550578 [1]:1971374 [2]:94 [3]:371
[0]:21762771 [1]:1992817 [2]:94 [3]:56
[0]:21973677 [1]:2014134 [2]:94 [3]:359
[0]:22171993 [1]:2034188 [2]:94 [3]:76
[0]:22425024 [1]:2059811 [2]:94 [3]:358
[0]:22624335 [1]:2079886 [2]:94 [3]:63
[0]:22822508 [1]:2099943 [2]:94 [3]:72
[0]:23038659 [1]:2121641 [2]:94 [3]:361
[0]:23233095 [1]:2141394 [2]:94 [3]:81
[0]:23437977 [1]:2162107 [2]:94 [3]:68
[0]:23641415 [1]:2182684 [2]:94 [3]:65
[0]:23835840 [1]:2202361 [2]:91 [3]:70
[0]:24041485 [1]:2223128 [2]:91 [3]:370
[0]:24250543 [1]:2244216 [2]:91 [3]:80
[0]:24471667 [1]:2266540 [2]:91 [3]:66
[0]:24673161 [1]:2287120 [2]:91 [3]:366
[0]:24932219 [1]:2313275 [2]:91 [3]:62
[0]:25128179 [1]:2333064 [2]:91 [3]:90
[0]:25330872 [1]:2353572 [2]:91 [3]:360
[0]:25608000 [1]:2381569 [2]:91 [3]:66
[0]:25806072 [1]:2401605 [2]:91 [3]:72
[0]:26007996 [1]:2422038 [2]:91 [3]:65
[0]:26200512 [1]:2441515 [2]:91 [3]:55
[0]:26396773 [1]:2461445 [2]:91 [3]:361
[0]:26597210 [1]:2481785 [2]:91 [3]:363
[0]:26806952 [1]:2503313 [2]:91 [3]:72
[0]:27005407 [1]:2523356 [2]:88 [3]:74
[0]:27207113 [1]:2543866 [2]:88 [3]:65
[0]:27411539 [1]:2564575 [2]:88 [3]:364
[0]:27611095 [1]:2584902 [2]:88 [3]:357
[0]:27812731 [1]:2605230 [2]:88 [3]:359
[0]:28018772 [1]:2626087 [2]:88 [3]:66
[0]:28215591 [1]:2646048 [2]:88 [3]:366
[0]:28418248 [1]:2666449 [2]:88 [3]:358
[0]:28614939 [1]:2686294 [2]:88 [3]:356
[0]:28807632 [1]:2705794 [2]:88 [3]:364
[0]:29042383 [1]:2729697 [2]:88 [3]:55
[0]:29241056 [1]:2749813 [2]:88 [3]:69
[0]:29457113 [1]:2771800 [2]:88 [3]:364
[0]:29680689 [1]:2794375 [2]:88 [3]:58
[0]:29873582 [1]:2813930 [2]:88 [3]:75
[0]:30070524 [1]:2833898 [2]:86 [3]:368
[0]:30264763 [1]:2853704 [2]:86 [3]:366
[0]:30463061 [1]:2873759 [2]:86 [3]:362
[0]:30717052 [1]:2899491 [2]:86 [3]:68
[0]:30930179 [1]:2921016 [2]:86 [3]:62
[0]:31135954 [1]:2941749 [2]:86 [3]:352
[0]:31336142 [1]:2962003 [2]:86 [3]:74
[0]:31562281 [1]:2984753 [2]:86 [3]:362
[0]:31779069 [1]:3006659 [2]:86 [3]:374
[0]:32005709 [1]:3029716 [2]:86 [3]:378
[0]:32200478 [1]:3049529 [2]:86 [3]:350
[0]:32388176 [1]:3068623 [2]:86 [3]:55
[0]:32612693 [1]:3091182 [2]:86 [3]:354
[0]:32822122 [1]:3112316 [2]:86 [3]:65
[0]:33023868 [1]:3132828 [2]:86 [3]:67
[0]:33239802 [1]:3154818 [2]:84 [3]:80
[0]:33446225 [1]:3175626 [2]:84 [3]:64
[0]:33640094 [1]:3195196 [2]:84 [3]:74
[0]:33838738 [1]:3215339 [2]:84 [3]:73
[0]:34048350 [1]:3236454 [2]:84 [3]:61
[0]:34241433 [1]:3256040 [2]:84 [3]:67
[0]:34440759 [1]:3276160 [2]:84 [3]:59
[0]:34646440 [1]:3296997 [2]:84 [3]:373
[0]:34840491 [1]:3316894 [2]:84 [3]:68
[0]:35051558 [1]:3338233 [2]:84 [3]:368
[0]:35285108 [1]:3361951 [2]:84 [3]:68
[0]:35479576 [1]:3381661 [2]:84 [3]:358
[0]:35677490 [1]:3401862 [2]:84 [3]:70
[0]:35875163 [1]:3422074 [2]:84 [3]:59
[0]:36073324 [1]:3442207 [2]:84 [3]:69
[0]:36273467 [1]:3462463 [2]:82 [3]:374
[0]:36487070 [1]:3484102 [2]:82 [3]:355
[0]:36708358 [1]:3506648 [2]:82 [3]:354
[0]:36906850 [1]:3526744 [2]:82 [3]:364
[0]:37112406 [1]:3547583 [2]:82 [3]:79
[0]:37325610 [1]:3569073 [2]:82 [3]:63
[0]:37528744 [1]:3589622 [2]:82 [3]:65
[0]:37734190 [1]:3610382 [2]:82 [3]:363
[0]:37931161 [1]:3630401 [2]:82 [3]:67
[0]:38149939 [1]:3652672 [2]:82 [3]:77
[0]:38343759 [1]:3672404 [2]:82 [3]:367
[0]:38533575 [1]:3691654 [2]:82 [3]:358
[0]:38723321 [1]:3710788 [2]:82 [3]:354
[0]:38914134 [1]:3730121 [2]:82 [3]:61
[0]:39113329 [1]:3750232 [2]:82 [3]:63
[0]:39317362 [1]:3770912 [2]:82 [3]:72
[0]:39515907 [1]:3791109 [2]:80 [3]:68
[0]:39714147 [1]:3811144 [2]:80 [3]:66
[0]:39908966 [1]:3830878 [2]:80 [3]:58
[0]:40144541 [1]:3854966 [2]:80 [3]:369
[0]:40341718 [1]:3874988 [2]:80 [3]:69
[0]:40539851 [1]:3895025 [2]:80 [3]:65
[0]:40774717 [1]:3919245 [2]:80 [3]:57
[0]:40969131 [1]:3938883 [2]:80 [3]:55
[0]:41181041 [1]:3960239 [2]:80 [3]:365
[0]:41429001 [1]:3985567 [2]:80 [3]:41
[0]:41634339 [1]:4006355 [2]:80 [3]:359
[0]:41865165 [1]:4029659 [2]:80 [3]:63
[0]:42060774 [1]:4049414 [2]:80 [3]:359
[0]:42266528 [1]:4070163 [2]:80 [3]:357
[0]:42464774 [1]:4090104 [2]:80 [3]:364
[0]:42694316 [1]:4113305 [2]:78 [3]:65
[0]:42899523 [1]:4134176 [2]:78 [3]:364
[0]:43096374 [1]:4154148 [2]:78 [3]:57
[0]:43291264 [1]:4173884 [2]:78 [3]:362
[0]:43490320 [1]:4194035 [2]:78 [3]:367
[0]:43698388 [1]:4215081 [2]:78 [3]:61
[0]:43900315 [1]:4235490 [2]:78 [3]:69
[0]:44109721 [1]:4256638 [2]:78 [3]:61
[0]:44310192 [1]:4276948 [2]:78 [3]:69
[0]:44532033 [1]:4299506 [2]:78 [3]:66
[0]:44733525 [1]:4319901 [2]:78 [3]:371
[0]:44995639 [1]:4346382 [2]:78 [3]:66
[0]:45213808 [1]:4368445 [2]:78 [3]:60
[0]:45409285 [1]:4388259 [2]:78 [3]:70
[0]:45623544 [1]:4409938 [2]:77 [3]:66
[0]:45828078 [1]:4430577 [2]:77 [3]:367
[0]:46034892 [1]:4451482 [2]:77 [3]:368
[0]:46274311 [1]:4475615 [2]:77 [3]:376
[0]:46481211 [1]:4496548 [2]:77 [3]:61
[0]:46671326 [1]:4515793 [2]:77 [3]:75
[0]:46868872 [1]:4535762 [2]:77 [3]:47
[0]:47065159 [1]:4555554 [2]:77 [3]:68
[0]:47317593 [1]:4581070 [2]:77 [3]:72
[0]:47519878 [1]:4601404 [2]:77 [3]:62
[0]:47717639 [1]:4621400 [2]:77 [3]:367
[0]:47919310 [1]:4641984 [2]:77 [3]:58
[0]:48113062 [1]:4661611 [2]:77 [3]:76
[0]:48315401 [1]:4682095 [2]:77 [3]:364
[0]:48515575 [1]:4702272 [2]:77 [3]:67
[0]:48745851 [1]:4725448 [2]:76 [3]:67
[0]:48947809 [1]:4745779 [2]:76 [3]:66
[0]:49142303 [1]:4765477 [2]:76 [3]:64
[0]:49340128 [1]:4785431 [2]:76 [3]:66
[0]:49538400 [1]:4805516 [2]:76 [3]:358
[0]:49732209 [1]:4825026 [2]:76 [3]:65
[0]:49942557 [1]:4846416 [2]:76 [3]:369
[0]:50140218 [1]:4866494 [2]:76 [3]:63
[0]:50339845 [1]:4886666 [2]:76 [3]:75
[0]:50540962 [1]:4907141 [2]:76 [3]:359
[0]:50736009 [1]:4926902 [2]:76 [3]:71
[0]:50932849 [1]:4946834 [2]:76 [3]:362
[0]:51130841 [1]:4966866 [2]:76 [3]:346
[0]:51332788 [1]:4987386 [2]:76 [3]:76
[0]:51534417 [1]:5007964 [2]:76 [3]:63
[0]:51739818 [1]:5028654 [2]:76 [3]:359
[0]:51963306 [1]:5051212 [2]:75 [3]:58
[0]:52158987 [1]:5070925 [2]:75 [3]:62
[0]:52364198 [1]:5091748 [2]:75 [3]:75
[0]:52562830 [1]:5111763 [2]:75 [3]:72
[0]:52775655 [1]:5133512 [2]:75 [3]:67
[0]:52982157 [1]:5154360 [2]:75 [3]:62
[0]:53186861 [1]:5174998 [2]:75 [3]:71
[0]:53389010 [1]:5195390 [2]:75 [3]:71
[0]:53605690 [1]:5217384 [2]:75 [3]:362
[0]:53800549 [1]:5237055 [2]:75 [3]:363
[0]:54002221 [1]:5257293 [2]:75 [3]:365
[0]:54191600 [1]:5276463 [2]:75 [3]:361
[0]:54408746 [1]:5298429 [2]:75 [3]:352
[0]:54608034 [1]:5318614 [2]:75 [3]:61
[0]:54798550 [1]:5337970 [2]:75 [3]:63
[0]:55000359 [1]:5358437 [2]:74 [3]:60
[0]:55220974 [1]:5380758 [2]:74 [3]:65
[0]:55414969 [1]:5400348 [2]:74 [3]:362
[0]:55621060 [1]:5421186 [2]:74 [3]:59
[0]:55841419 [1]:5443626 [2]:74 [3]:64
[0]:56039323 [1]:5463641 [2]:74 [3]:82
[0]:56230143 [1]:5483075 [2]:74 [3]:366
[0]:56435866 [1]:5503914 [2]:74 [3]:57
[0]:56633803 [1]:5523915 [2]:74 [3]:58
[0]:56898127 [1]:5550629 [2]:74 [3]:85
[0]:57100998 [1]:5571292 [2]:74 [3]:53
[0]:57295471 [1]:5590944 [2]:74 [3]:53
[0]:57493688 [1]:5610977 [2]:74 [3]:355
[0]:57684152 [1]:5630359 [2]:74 [3]:63
[0]:57885425 [1]:5650639 [2]:74 [3]:72
[0]:58106834 [1]:5673078 [2]:73 [3]:355
[0]:58300944 [1]:5692728 [2]:73 [3]:66
[0]:58529250 [1]:5715787 [2]:73 [3]:66
[0]:58725138 [1]:5735838 [2]:73 [3]:361
[0]:58944361 [1]:5757939 [2]:73 [3]:57
[0]:59146157 [1]:5778262 [2]:73 [3]:62
[0]:59347894 [1]:5798572 [2]:73 [3]:369
[0]:59545430 [1]:5818607 [2]:73 [3]:57
[0]:59752432 [1]:5839625 [2]:73 [3]:359
[0]:59953286 [1]:5860104 [2]:73 [3]:66
[0]:60148969 [1]:5879941 [2]:73 [3]:364
[0]:60406171 [1]:5906056 [2]:73 [3]:61
[0]:60618307 [1]:5927533 [2]:73 [3]:354
[0]:60816540 [1]:5947633 [2]:73 [3]:52
[0]:61047274 [1]:5974902 [2]:73 [3]:361
[0]:61246057 [1]:6005461 [2]:72 [3]:359
[0]:61439999 [1]:6035316 [2]:72 [3]:360
[0]:61647421 [1]:6067243 [2]:72 [3]:69
[0]:61839206 [1]:6096815 [2]:72 [3]:54
[0]:62040678 [1]:6127898 [2]:72 [3]:363
[0]:62236832 [1]:6158087 [2]:72 [3]:363
[0]:62469370 [1]:6193841 [2]:72 [3]:61
[0]:62693848 [1]:6228439 [2]:72 [3]:364
[0]:62895361 [1]:6259407 [2]:72 [3]:361
[0]:63090019 [1]:6289296 [2]:72 [3]:373
[0]:63290939 [1]:6320297 [2]:72 [3]:370
[0]:63488719 [1]:6350777 [2]:72 [3]:62
[0]:63681040 [1]:6380407 [2]:72 [3]:369
[0]:63916031 [1]:6416506 [2]:72 [3]:366
[0]:64134283 [1]:6450184 [2]:72 [3]:363
[0]:64335806 [1]:6481187 [2]:72 [3]:372
[0]:64529424 [1]:6510951 [2]:72 [3]:63
[0]:64735183 [1]:6542686 [2]:72 [3]:349
[0]:64940345 [1]:6574284 [2]:72 [3]:358
