[0]:3301089291 [1]:1 [2]:2 [3]:118
[0]:4085195691 [1]:1 [2]:2 [3]:169
[0]:3873363596 [1]:1 [2]:2 [3]:124
[0]:3664464827 [1]:1 [2]:2 [3]:38
[0]:3445216117 [1]:1 [2]:2 [3]:127
[0]:4205740117 [1]:1 [2]:2 [3]:47
[0]:3957721307 [1]:1 [2]:2 [3]:213
[0]:3681885929 [1]:1 [2]:2 [3]:199
[0]:3473422101 [1]:1 [2]:2 [3]:205
[0]:4241164552 [1]:1 [2]:2 [3]:77
[0]:4025390388 [1]:1 [2]:2 [3]:210
[0]:3813176058 [1]:1 [2]:2 [3]:204
[0]:3541638249 [1]:1 [2]:2 [3]:170
[0]:4293339374 [1]:1 [2]:2 [3]:172
[0]:4080880033 [1]:1 [2]:2 [3]:85
[0]:3873422353 [1]:1 [2]:2 [3]:113
[0]:3633451678 [1]:1 [2]:2 [3]:203
[0]:3429412274 [1]:1 [2]:2 [3]:98
[0]:4225365854 [1]:1 [2]:2 [3]:164
[0]:4017214541 [1]:1 [2]:2 [3]:115
[0]:3805381122 [1]:1 [2]:2 [3]:191
[0]:3577102843 [1]:1 [2]:2 [3]:98
[0]:3369222039 [1]:1 [2]:2 [3]:103
[0]:4157417182 [1]:1 [2]:2 [3]:188
[0]:3941512136 [1]:1 [2]:2 [3]:208
[0]:3721445472 [1]:1 [2]:2 [3]:176
[0]:3516383544 [1]:1 [2]:2 [3]:199
[0]:3313353007 [1]:1 [2]:2 [3]:98
[0]:4065948706 [1]:1 [2]:2 [3]:165
[0]:3857375607 [1]:1 [2]:2 [3]:44
[0]:3606461258 [1]:1 [2]:2 [3]:145
[0]:3401280947 [1]:1 [2]:2 [3]:115
[0]:4195173111 [1]:1 [2]:2 [3]:84
[0]:3974907251 [1]:1 [2]:2 [3]:190
[0]:3761282123 [1]:1 [2]:2 [3]:165
[0]:3541398376 [1]:1 [2]:2 [3]:209
[0]:3337323422 [1]:1 [2]:2 [3]:129
[0]:4119314433 [1]:1 [2]:2 [3]:194
[0]:3908931016 [1]:1 [2]:2 [3]:207
[0]:3701461098 [1]:1 [2]:2 [3]:118
[0]:3489608373 [1]:1 [2]:2 [3]:182
[0]:4285339086 [1]:1 [2]:2 [3]:54
[0]:4081672011 [1]:1 [2]:2 [3]:169
[0]:3865378286 [1]:1 [2]:2 [3]:206
[0]:3661435399 [1]:1 [2]:2 [3]:89
[0]:3453442214 [1]:1 [2]:2 [3]:154
[0]:4181571932 [1]:1 [2]:2 [3]:220
[0]:3973226143 [1]:1 [2]:2 [3]:89
[0]:3765303182 [1]:1 [2]:2 [3]:67
[0]:3549190043 [1]:1 [2]:2 [3]:135
[0]:3349557523 [1]:1 [2]:2 [3]:141
[0]:4141556666 [1]:1 [2]:2 [3]:193
[0]:3931310848 [1]:1 [2]:2 [3]:180
[0]:3713397629 [1]:1 [2]:2 [3]:66
[0]:3493296574 [1]:1 [2]:2 [3]:172
[0]:4286644637 [1]:1 [2]:2 [3]:57
[0]:4081402427 [1]:1 [2]:2 [3]:46
[0]:3865217338 [1]:1 [2]:2 [3]:128
[0]:3654495558 [1]:1 [2]:2 [3]:162
[0]:3447285966 [1]:1 [2]:2 [3]:201
[0]:4237407407 [1]:1 [2]:2 [3]:157
[0]:4017341956 [1]:1 [2]:2 [3]:162
[0]:3813587397 [1]:1 [2]:2 [3]:202
[0]:3609493448 [1]:1 [2]:2 [3]:144
[0]:3389626138 [1]:1 [2]:2 [3]:43
[0]:4185324371 [1]:1 [2]:2 [3]:167
[0]:3982250817 [1]:1 [2]:2 [3]:167
[0]:3773315389 [1]:1 [2]:2 [3]:215
[0]:3565478653 [1]:1 [2]:2 [3]:56
[0]:3357304848 [1]:1 [2]:2 [3]:81
[0]:4113509544 [1]:1 [2]:2 [3]:204
[0]:3909571109 [1]:1 [2]:2 [3]:140
[0]:3693396073 [1]:1 [2]:2 [3]:119
[0]:3429541647 [1]:1 [2]:2 [3]:97
[0]:4221476068 [1]:1 [2]:2 [3]:170
[0]:4013286781 [1]:1 [2]:2 [3]:157
[0]:3802154497 [1]:1 [2]:2 [3]:186
[0]:3597120501 [1]:1 [2]:2 [3]:43
[0]:3385619763 [1]:1 [2]:2 [3]:90
[0]:4181382008 [1]:1 [2]:2 [3]:43
[0]:3933283114 [1]:1 [2]:2 [3]:158
[0]:3717418332 [1]:1 [2]:2 [3]:200
[0]:3501314847 [1]:1 [2]:2 [3]:102
[0]:4273314619 [1]:1 [2]:2 [3]:215
[0]:4068953058 [1]:1 [2]:2 [3]:144
[0]:3797466724 [1]:1 [2]:2 [3]:46
[0]:3593364502 [1]:1 [2]:2 [3]:215
[0]:3385623067 [1]:1 [2]:2 [3]:163
[0]:4159716231 [1]:1 [2]:2 [3]:150
[0]:3945525002 [1]:1 [2]:2 [3]:181
[0]:3733609037 [1]:1 [2]:2 [3]:51
[0]:3521738662 [1]:1 [2]:2 [3]:85
[0]:4273437066 [1]:1 [2]:2 [3]:209
[0]:4053489358 [1]:1 [2]:2 [3]:200
[0]:3845438652 [1]:1 [2]:2 [3]:80
[0]:3633628147 [1]:1 [2]:2 [3]:55
[0]:3421458793 [1]:1 [2]:2 [3]:150
[0]:4209949176 [1]:1 [2]:2 [3]:125
[0]:3993294596 [1]:1 [2]:2 [3]:155
[0]:3781248672 [1]:1 [2]:2 [3]:218
[0]:3545602393 [1]:1 [2]:2 [3]:106
[0]:3333277708 [1]:1 [2]:2 [3]:118
[0]:4127307423 [1]:1 [2]:2 [3]:119
[0]:3925301142 [1]:1 [2]:2 [3]:78
[0]:3705967529 [1]:1 [2]:2 [3]:198
[0]:3499361781 [1]:1 [2]:2 [3]:133
[0]:4281376727 [1]:1 [2]:2 [3]:123
[0]:4058273477 [1]:1 [2]:2 [3]:39
[0]:3818500799 [1]:1 [2]:2 [3]:198
[0]:3603419293 [1]:1 [2]:2 [3]:144
[0]:3393932063 [1]:1 [2]:2 [3]:203
[0]:4177406748 [1]:1 [2]:2 [3]:90
[0]:3965157898 [1]:1 [2]:2 [3]:207
[0]:3755667547 [1]:1 [2]:2 [3]:209
[0]:3541398019 [1]:1 [2]:2 [3]:151
[0]:3325610637 [1]:1 [2]:2 [3]:156
[0]:4105512381 [1]:1 [2]:2 [3]:195
[0]:3885456923 [1]:1 [2]:2 [3]:86
[0]:3686397931 [1]:1 [2]:2 [3]:123
[0]:3473270276 [1]:1 [2]:2 [3]:176
[0]:4261694171 [1]:1 [2]:2 [3]:157
[0]:4049523761 [1]:1 [2]:2 [3]:144
[0]:3797467301 [1]:1 [2]:2 [3]:129
[0]:3596357141 [1]:1 [2]:2 [3]:168
[0]:3382058743 [1]:1 [2]:2 [3]:128
[0]:4165451679 [1]:1 [2]:2 [3]:93
[0]:3945581269 [1]:1 [2]:2 [3]:46
[0]:3712362534 [1]:1 [2]:2 [3]:141
[0]:3502295949 [1]:1 [2]:2 [3]:171
[0]:3301307084 [1]:1 [2]:2 [3]:66
[0]:4055416073 [1]:1 [2]:2 [3]:208
[0]:3837330923 [1]:1 [2]:2 [3]:164
[0]:3630363238 [1]:1 [2]:2 [3]:171
[0]:3421214329 [1]:1 [2]:2 [3]:60
[0]:4213089139 [1]:1 [2]:2 [3]:51
[0]:4001064886 [1]:1 [2]:2 [3]:104
[0]:3794048527 [1]:1 [2]:2 [3]:74
[0]:3580590759 [1]:1 [2]:2 [3]:209
