[0]:4075475962 [1]:1 [2]:2 [3]:3
[0]:3867351768 [1]:1 [2]:2 [3]:10
[0]:3663371156 [1]:1 [2]:2 [3]:19
[0]:3471206010 [1]:1 [2]:2 [3]:18
[0]:4228868003 [1]:1 [2]:2 [3]:8
[0]:4039538210 [1]:1 [2]:2 [3]:5
[0]:3848106678 [1]:1 [2]:2 [3]:18
[0]:3624842702 [1]:1 [2]:2 [3]:8
[0]:3435404487 [1]:1 [2]:2 [3]:8
[0]:4243348962 [1]:1 [2]:2 [3]:2
[0]:4049645455 [1]:1 [2]:2 [3]:17
[0]:3855766786 [1]:1 [2]:2 [3]:6
[0]:3663429621 [1]:1 [2]:2 [3]:8
[0]:3474604573 [1]:1 [2]:2 [3]:2
[0]:4280776008 [1]:1 [2]:2 [3]:2
[0]:4092705853 [1]:1 [2]:2 [3]:18
[0]:3892065625 [1]:1 [2]:2 [3]:16
[0]:3609411658 [1]:1 [2]:2 [3]:8
[0]:3375182933 [1]:1 [2]:2 [3]:8
[0]:4149495003 [1]:1 [2]:2 [3]:17
[0]:3929110128 [1]:1 [2]:2 [3]:20
[0]:3712730926 [1]:1 [2]:2 [3]:3
[0]:3507045286 [1]:1 [2]:2 [3]:5
[0]:3299993618 [1]:1 [2]:2 [3]:3
[0]:4093430621 [1]:1 [2]:2 [3]:6
[0]:3876782993 [1]:1 [2]:2 [3]:16
[0]:3651999945 [1]:1 [2]:2 [3]:9
[0]:3447279811 [1]:1 [2]:2 [3]:19
[0]:4243311810 [1]:1 [2]:2 [3]:5
[0]:4015211461 [1]:1 [2]:2 [3]:18
[0]:3808147508 [1]:1 [2]:2 [3]:16
[0]:3589286961 [1]:1 [2]:2 [3]:20
[0]:3383115870 [1]:1 [2]:2 [3]:8
[0]:4149213451 [1]:1 [2]:2 [3]:7
[0]:3957877476 [1]:1 [2]:2 [3]:18
[0]:3775268913 [1]:1 [2]:2 [3]:3
[0]:3544435647 [1]:1 [2]:2 [3]:8
[0]:3339461920 [1]:1 [2]:2 [3]:18
[0]:4147185333 [1]:1 [2]:2 [3]:3
[0]:3963889705 [1]:1 [2]:2 [3]:7
[0]:3776339825 [1]:1 [2]:2 [3]:16
[0]:3587230107 [1]:1 [2]:2 [3]:10
[0]:3396937531 [1]:1 [2]:2 [3]:9
[0]:4188496166 [1]:1 [2]:2 [3]:4
[0]:3991888407 [1]:1 [2]:2 [3]:20
[0]:3799751377 [1]:1 [2]:2 [3]:5
[0]:3596055653 [1]:1 [2]:2 [3]:18
[0]:3404769212 [1]:1 [2]:2 [3]:17
[0]:4212559783 [1]:1 [2]:2 [3]:16
[0]:3979263090 [1]:1 [2]:2 [3]:8
[0]:3754105031 [1]:1 [2]:2 [3]:7
[0]:3511430040 [1]:1 [2]:2 [3]:8
[0]:3315417885 [1]:1 [2]:2 [3]:8
[0]:4115521740 [1]:1 [2]:2 [3]:18
[0]:3930964103 [1]:1 [2]:2 [3]:7
[0]:3739483225 [1]:1 [2]:2 [3]:17
[0]:3552827505 [1]:1 [2]:2 [3]:16
[0]:3363499640 [1]:1 [2]:2 [3]:3
[0]:4171461821 [1]:1 [2]:2 [3]:8
[0]:3971377621 [1]:1 [2]:2 [3]:21
[0]:3779409356 [1]:1 [2]:2 [3]:15
[0]:3587279263 [1]:1 [2]:2 [3]:3
[0]:3403354372 [1]:1 [2]:2 [3]:8
[0]:4219355067 [1]:1 [2]:2 [3]:3
[0]:4027202592 [1]:1 [2]:2 [3]:10
[0]:3835951317 [1]:1 [2]:2 [3]:15
[0]:3627739595 [1]:1 [2]:2 [3]:3
[0]:3378461107 [1]:1 [2]:2 [3]:7
[0]:4144631401 [1]:1 [2]:2 [3]:18
[0]:3911230170 [1]:1 [2]:2 [3]:17
[0]:3676418480 [1]:1 [2]:2 [3]:18
[0]:3456786567 [1]:1 [2]:2 [3]:10
[0]:4239236762 [1]:1 [2]:2 [3]:7
[0]:4023254310 [1]:1 [2]:2 [3]:17
[0]:3817049108 [1]:1 [2]:2 [3]:16
[0]:3607514073 [1]:1 [2]:2 [3]:9
[0]:3398229353 [1]:1 [2]:2 [3]:7
[0]:4228795225 [1]:1 [2]:2 [3]:7
