[0]:3999842391 [1]:1 [2]:2 [3]:8
[0]:3757033246 [1]:1 [2]:2 [3]:3
[0]:3528745905 [1]:1 [2]:2 [3]:3
[0]:3320983201 [1]:1 [2]:2 [3]:3
[0]:4108691467 [1]:1 [2]:2 [3]:2
[0]:3916926040 [1]:1 [2]:2 [3]:3
[0]:3724952325 [1]:1 [2]:2 [3]:3
[0]:3541352945 [1]:1 [2]:2 [3]:3
[0]:3312801236 [1]:1 [2]:2 [3]:3
[0]:4092808767 [1]:1 [2]:2 [3]:3
[0]:3892740676 [1]:1 [2]:2 [3]:3
[0]:3713614760 [1]:1 [2]:2 [3]:3
[0]:3528027342 [1]:1 [2]:2 [3]:3
[0]:3341121380 [1]:1 [2]:2 [3]:3
[0]:4149981541 [1]:1 [2]:2 [3]:3
[0]:3948736057 [1]:1 [2]:2 [3]:3
[0]:3760778277 [1]:1 [2]:2 [3]:2
[0]:3573121852 [1]:1 [2]:2 [3]:3
[0]:3384697432 [1]:1 [2]:2 [3]:2
[0]:4191841038 [1]:1 [2]:2 [3]:3
[0]:4000650938 [1]:1 [2]:2 [3]:3
[0]:3765153785 [1]:1 [2]:2 [3]:3
[0]:3522663347 [1]:1 [2]:2 [3]:3
[0]:3308884123 [1]:1 [2]:2 [3]:3
[0]:4116748876 [1]:1 [2]:2 [3]:3
[0]:3933074481 [1]:1 [2]:2 [3]:2
[0]:3696839700 [1]:1 [2]:2 [3]:3
[0]:3508872785 [1]:1 [2]:2 [3]:3
[0]:3321916162 [1]:1 [2]:2 [3]:3
[0]:4131336221 [1]:1 [2]:2 [3]:3
[0]:3893595616 [1]:1 [2]:2 [3]:3
[0]:3703426027 [1]:1 [2]:2 [3]:3
[0]:3508888305 [1]:1 [2]:2 [3]:3
[0]:3320776792 [1]:1 [2]:2 [3]:2
[0]:4136746085 [1]:1 [2]:2 [3]:3
[0]:3948473368 [1]:1 [2]:2 [3]:3
[0]:3763967998 [1]:1 [2]:2 [3]:3
[0]:3560803568 [1]:1 [2]:2 [3]:3
[0]:3350134848 [1]:1 [2]:2 [3]:3
[0]:4121810036 [1]:1 [2]:2 [3]:3
[0]:3854420117 [1]:1 [2]:2 [3]:3
[0]:3640748171 [1]:1 [2]:2 [3]:2
[0]:3428715588 [1]:1 [2]:2 [3]:3
[0]:4218622950 [1]:1 [2]:2 [3]:2
[0]:4020703885 [1]:1 [2]:2 [3]:3
[0]:3811125128 [1]:1 [2]:2 [3]:2
[0]:3592778268 [1]:1 [2]:2 [3]:3
[0]:3380705631 [1]:1 [2]:2 [3]:3
[0]:4173931151 [1]:1 [2]:2 [3]:3
[0]:3960704116 [1]:1 [2]:2 [3]:2
[0]:3748702442 [1]:1 [2]:2 [3]:3
[0]:3533176562 [1]:1 [2]:2 [3]:3
[0]:3318662458 [1]:1 [2]:2 [3]:3
[0]:4105000546 [1]:1 [2]:2 [3]:2
[0]:3892713341 [1]:1 [2]:2 [3]:3
[0]:3689730670 [1]:1 [2]:2 [3]:3
[0]:3503048217 [1]:1 [2]:2 [3]:3
[0]:3317191946 [1]:1 [2]:2 [3]:3
[0]:4129681013 [1]:1 [2]:2 [3]:3
[0]:3945214973 [1]:1 [2]:2 [3]:3
[0]:3756973998 [1]:1 [2]:2 [3]:2
[0]:3568763521 [1]:1 [2]:2 [3]:3
[0]:3345199628 [1]:1 [2]:2 [3]:3
[0]:4160227178 [1]:1 [2]:2 [3]:3
[0]:3972778091 [1]:1 [2]:2 [3]:3
[0]:3788868248 [1]:1 [2]:2 [3]:3
[0]:3594165501 [1]:1 [2]:2 [3]:2
[0]:3411604566 [1]:1 [2]:2 [3]:3
[0]:4224823878 [1]:1 [2]:2 [3]:3
[0]:4038298931 [1]:1 [2]:2 [3]:2
[0]:3852844296 [1]:1 [2]:2 [3]:3
[0]:3643510926 [1]:1 [2]:2 [3]:2
[0]:3414140462 [1]:1 [2]:2 [3]:3
[0]:4144012638 [1]:1 [2]:2 [3]:3
[0]:3945528796 [1]:1 [2]:2 [3]:2
[0]:3749118136 [1]:1 [2]:2 [3]:3
[0]:3561233196 [1]:1 [2]:2 [3]:3
[0]:3370557800 [1]:1 [2]:2 [3]:3
