[0]:3926368503 [1]:1 [2]:2 [3]:3
[0]:3685909086 [1]:1 [2]:2 [3]:3
[0]:3425629852 [1]:1 [2]:2 [3]:3
[0]:4205331811 [1]:1 [2]:2 [3]:3
[0]:3949215742 [1]:1 [2]:2 [3]:3
[0]:3758933223 [1]:1 [2]:2 [3]:3
[0]:3569543057 [1]:1 [2]:2 [3]:2
[0]:3334548593 [1]:1 [2]:2 [3]:3
[0]:4145304322 [1]:1 [2]:2 [3]:3
[0]:3961380978 [1]:1 [2]:2 [3]:3
[0]:3761862643 [1]:1 [2]:2 [3]:3
[0]:3573383370 [1]:1 [2]:2 [3]:3
[0]:3382605891 [1]:1 [2]:2 [3]:3
[0]:4189771215 [1]:1 [2]:2 [3]:3
[0]:3994559460 [1]:1 [2]:2 [3]:3
[0]:3766039170 [1]:1 [2]:2 [3]:3
[0]:3578049298 [1]:1 [2]:2 [3]:3
[0]:3393935241 [1]:1 [2]:2 [3]:3
[0]:4197352558 [1]:1 [2]:2 [3]:3
[0]:3972720198 [1]:1 [2]:2 [3]:3
[0]:3744042515 [1]:1 [2]:2 [3]:3
[0]:3506129260 [1]:1 [2]:2 [3]:3
[0]:4289967313 [1]:1 [2]:2 [3]:3
[0]:4030290713 [1]:1 [2]:2 [3]:3
[0]:3821950737 [1]:1 [2]:2 [3]:3
[0]:3609359945 [1]:1 [2]:2 [3]:3
[0]:3402253632 [1]:1 [2]:2 [3]:3
[0]:4187782643 [1]:1 [2]:2 [3]:3
[0]:3979754971 [1]:1 [2]:2 [3]:2
[0]:3749497147 [1]:1 [2]:2 [3]:2
[0]:3529365031 [1]:1 [2]:2 [3]:3
[0]:3321434581 [1]:1 [2]:2 [3]:3
[0]:4109281270 [1]:1 [2]:2 [3]:2
[0]:3870033947 [1]:1 [2]:2 [3]:2
[0]:3662148482 [1]:1 [2]:2 [3]:2
[0]:3454739148 [1]:1 [2]:2 [3]:3
[0]:4265391200 [1]:1 [2]:2 [3]:3
[0]:4075399266 [1]:1 [2]:2 [3]:2
[0]:3885386303 [1]:1 [2]:2 [3]:2
[0]:3699777883 [1]:1 [2]:2 [3]:2
[0]:3505351452 [1]:1 [2]:2 [3]:3
[0]:3317382418 [1]:1 [2]:2 [3]:3
[0]:4115348565 [1]:1 [2]:2 [3]:3
[0]:3933539725 [1]:1 [2]:2 [3]:3
[0]:3744167132 [1]:1 [2]:2 [3]:3
[0]:3553360731 [1]:1 [2]:2 [3]:3
[0]:3365767473 [1]:1 [2]:2 [3]:3
[0]:4180233745 [1]:1 [2]:2 [3]:3
[0]:3989402706 [1]:1 [2]:2 [3]:3
[0]:3778969502 [1]:1 [2]:2 [3]:3
[0]:3586176635 [1]:1 [2]:2 [3]:3
[0]:3368060891 [1]:1 [2]:2 [3]:2
[0]:4140007207 [1]:1 [2]:2 [3]:3
[0]:3918535255 [1]:1 [2]:2 [3]:2
[0]:3705535715 [1]:1 [2]:2 [3]:4
[0]:3513021576 [1]:1 [2]:2 [3]:3
[0]:3320958590 [1]:1 [2]:2 [3]:3
[0]:4132838871 [1]:1 [2]:2 [3]:2
[0]:3937417403 [1]:1 [2]:2 [3]:3
[0]:3721382118 [1]:1 [2]:2 [3]:3
[0]:3488753601 [1]:1 [2]:2 [3]:3
[0]:3302580100 [1]:1 [2]:2 [3]:2
[0]:4110016546 [1]:1 [2]:2 [3]:3
[0]:3918016983 [1]:1 [2]:2 [3]:3
[0]:3728472661 [1]:1 [2]:2 [3]:3
[0]:3545506996 [1]:1 [2]:2 [3]:3
[0]:3357535128 [1]:1 [2]:2 [3]:3
[0]:4173284371 [1]:1 [2]:2 [3]:3
[0]:3978024832 [1]:1 [2]:2 [3]:3
[0]:3751080670 [1]:1 [2]:2 [3]:2
[0]:3497428701 [1]:1 [2]:2 [3]:3
[0]:4261916946 [1]:1 [2]:2 [3]:2
[0]:4042561605 [1]:1 [2]:2 [3]:3
[0]:3839274653 [1]:1 [2]:2 [3]:2
[0]:3630037028 [1]:1 [2]:2 [3]:4
[0]:3405517330 [1]:1 [2]:2 [3]:3
[0]:4196300546 [1]:1 [2]:2 [3]:3
