[0]:59418964 [1]:59418964 [2]:0 [3]:544
[0]:59558449 [1]:59558448 [2]:0 [3]:135
[0]:59713894 [1]:59713894 [2]:0 [3]:128
[0]:59853225 [1]:59853225 [2]:0 [3]:533
[0]:59993071 [1]:59993071 [2]:0 [3]:179
[0]:60137340 [1]:60137341 [2]:0 [3]:134
[0]:60275143 [1]:60275143 [2]:0 [3]:121
[0]:60415859 [1]:60415859 [2]:0 [3]:101
[0]:60559152 [1]:60559152 [2]:0 [3]:135
[0]:60699090 [1]:60699090 [2]:0 [3]:565
[0]:60843006 [1]:60843006 [2]:0 [3]:140
[0]:61002313 [1]:61002313 [2]:0 [3]:113
[0]:61142828 [1]:61142828 [2]:0 [3]:155
[0]:61278368 [1]:61278366 [2]:0 [3]:565
[0]:61416979 [1]:61416980 [2]:0 [3]:122
[0]:61607143 [1]:61607143 [2]:0 [3]:552
[0]:61752116 [1]:61752116 [2]:0 [3]:181
[0]:61949810 [1]:61949811 [2]:0 [3]:114
[0]:62096412 [1]:62096414 [2]:0 [3]:542
[0]:62233651 [1]:62233651 [2]:0 [3]:178
[0]:62374390 [1]:62374391 [2]:0 [3]:153
[0]:62514951 [1]:62514953 [2]:0 [3]:548
[0]:62654285 [1]:62654285 [2]:0 [3]:526
[0]:62793605 [1]:62793605 [2]:0 [3]:336
[0]:62928907 [1]:62928907 [2]:0 [3]:109
[0]:63066239 [1]:63066239 [2]:0 [3]:529
[0]:63218646 [1]:63218646 [2]:0 [3]:190
[0]:63366423 [1]:63366423 [2]:0 [3]:546
[0]:63509451 [1]:63509451 [2]:0 [3]:175
[0]:63650989 [1]:63650989 [2]:0 [3]:290
[0]:63796709 [1]:63796710 [2]:0 [3]:282
[0]:63934749 [1]:63934749 [2]:0 [3]:542
[0]:64078307 [1]:64078307 [2]:0 [3]:547
[0]:64288177 [1]:64288178 [2]:0 [3]:240
[0]:64444396 [1]:64444397 [2]:0 [3]:535
[0]:64622684 [1]:64622684 [2]:0 [3]:374
[0]:64765631 [1]:64765632 [2]:0 [3]:400
[0]:64906425 [1]:64906427 [2]:0 [3]:230
[0]:65124158 [1]:65124159 [2]:0 [3]:534
[0]:65270351 [1]:65270351 [2]:0 [3]:349
[0]:65407960 [1]:65407960 [2]:0 [3]:526
[0]:65548545 [1]:65548545 [2]:0 [3]:555
[0]:65697136 [1]:65697135 [2]:0 [3]:294
[0]:65877626 [1]:65877629 [2]:0 [3]:549
[0]:66015807 [1]:66015807 [2]:0 [3]:517
[0]:66152643 [1]:66152643 [2]:0 [3]:139
[0]:66299301 [1]:66299301 [2]:0 [3]:150
[0]:66442568 [1]:66442569 [2]:0 [3]:564
[0]:66582848 [1]:66582848 [2]:0 [3]:102
[0]:66716895 [1]:66716895 [2]:0 [3]:524
[0]:66861759 [1]:66861759 [2]:0 [3]:144
[0]:67004973 [1]:67004973 [2]:0 [3]:114
[0]:67143587 [1]:67143587 [2]:0 [3]:146
[0]:67289876 [1]:67289875 [2]:0 [3]:525
[0]:67426813 [1]:67426814 [2]:0 [3]:538
[0]:67564602 [1]:67564602 [2]:0 [3]:139
[0]:67705237 [1]:67705237 [2]:0 [3]:517
[0]:67845747 [1]:67845747 [2]:0 [3]:132
[0]:67983898 [1]:67983900 [2]:0 [3]:155
[0]:68129809 [1]:68129809 [2]:0 [3]:164
[0]:68267526 [1]:68267526 [2]:0 [3]:544
[0]:68411022 [1]:68411022 [2]:0 [3]:536
[0]:68549202 [1]:68549202 [2]:0 [3]:539
[0]:68697598 [1]:68697598 [2]:0 [3]:554
[0]:68843180 [1]:68843180 [2]:0 [3]:555
[0]:68994211 [1]:68994211 [2]:0 [3]:109
[0]:69134852 [1]:69134852 [2]:0 [3]:544
[0]:69272351 [1]:69272351 [2]:0 [3]:531
[0]:69413683 [1]:69413683 [2]:0 [3]:535
[0]:69556826 [1]:69556826 [2]:0 [3]:525
[0]:69718930 [1]:69718930 [2]:0 [3]:526
[0]:69856865 [1]:69856866 [2]:0 [3]:535
[0]:70020838 [1]:70020838 [2]:0 [3]:569
[0]:70161321 [1]:70161323 [2]:0 [3]:98
[0]:70307526 [1]:70307528 [2]:0 [3]:548
[0]:70449326 [1]:70449327 [2]:0 [3]:530
[0]:70591696 [1]:70591696 [2]:0 [3]:546
[0]:70734983 [1]:70734983 [2]:0 [3]:541
[0]:70872726 [1]:70872726 [2]:0 [3]:518
[0]:71012931 [1]:71012932 [2]:0 [3]:527
[0]:71151412 [1]:71151412 [2]:0 [3]:525
[0]:71287834 [1]:71287835 [2]:0 [3]:549
[0]:71424603 [1]:71424603 [2]:0 [3]:510
[0]:71592582 [1]:71592582 [2]:0 [3]:147
[0]:71732321 [1]:71732321 [2]:0 [3]:551
[0]:71875685 [1]:71875686 [2]:0 [3]:158
[0]:72018916 [1]:72018916 [2]:0 [3]:552
[0]:72156656 [1]:72156656 [2]:0 [3]:136
[0]:72299904 [1]:72299904 [2]:0 [3]:134
[0]:72452610 [1]:72452610 [2]:0 [3]:134
[0]:72588610 [1]:72588610 [2]:0 [3]:541
[0]:72727146 [1]:72727146 [2]:0 [3]:526
[0]:72873078 [1]:72873078 [2]:0 [3]:143
[0]:73008288 [1]:73008288 [2]:0 [3]:550
[0]:73148280 [1]:73148280 [2]:0 [3]:170
[0]:73313405 [1]:73313405 [2]:0 [3]:536
[0]:73453103 [1]:73453103 [2]:0 [3]:126
[0]:73597048 [1]:73597048 [2]:0 [3]:532
[0]:73767723 [1]:73767723 [2]:0 [3]:525
[0]:73907450 [1]:73907450 [2]:0 [3]:523
[0]:74050843 [1]:74050842 [2]:0 [3]:552
[0]:74194124 [1]:74194125 [2]:0 [3]:549
[0]:74340004 [1]:74340005 [2]:0 [3]:533
[0]:74485993 [1]:74485993 [2]:0 [3]:542
[0]:74623838 [1]:74623839 [2]:0 [3]:563
[0]:74769437 [1]:74769438 [2]:0 [3]:111
[0]:74912902 [1]:74912902 [2]:0 [3]:136
[0]:75053543 [1]:75053543 [2]:0 [3]:138
[0]:75198491 [1]:75198489 [2]:0 [3]:134
[0]:75353327 [1]:75353327 [2]:0 [3]:113
[0]:75496671 [1]:75496670 [2]:0 [3]:527
[0]:75635733 [1]:75635733 [2]:0 [3]:570
[0]:75783892 [1]:75783892 [2]:0 [3]:146
[0]:75923690 [1]:75923690 [2]:0 [3]:542
[0]:76080495 [1]:76080492 [2]:0 [3]:555
[0]:76228617 [1]:76228617 [2]:0 [3]:534
[0]:76372379 [1]:76372379 [2]:0 [3]:541
[0]:76507121 [1]:76507121 [2]:0 [3]:534
[0]:76651422 [1]:76651422 [2]:0 [3]:518
[0]:76808609 [1]:76808611 [2]:0 [3]:551
[0]:76976930 [1]:76976931 [2]:0 [3]:553
[0]:77113843 [1]:77113843 [2]:0 [3]:550
[0]:77250038 [1]:77250040 [2]:0 [3]:133
[0]:77390770 [1]:77390770 [2]:0 [3]:518
[0]:77534005 [1]:77534005 [2]:0 [3]:561
[0]:77685294 [1]:77685294 [2]:0 [3]:539
[0]:77828428 [1]:77828429 [2]:0 [3]:548
[0]:77979687 [1]:77979690 [2]:0 [3]:128
[0]:78117643 [1]:78117643 [2]:0 [3]:563
[0]:78257013 [1]:78257013 [2]:0 [3]:149
[0]:78390986 [1]:78390987 [2]:0 [3]:505
[0]:78531333 [1]:78531333 [2]:0 [3]:530
[0]:78672080 [1]:78672080 [2]:0 [3]:140
[0]:78811712 [1]:78811712 [2]:0 [3]:554
[0]:78955916 [1]:78955916 [2]:0 [3]:558
[0]:79146916 [1]:79146917 [2]:0 [3]:522
