[0]:0 [1]:0 [2]:0 [3]:0
[0]:0 [1]:0 [2]:0 [3]:0
[0]:226933 [1]:0 [2]:0 [3]:51
[0]:460540 [1]:0 [2]:0 [3]:69
[0]:683017 [1]:0 [2]:0 [3]:317
[0]:913996 [1]:0 [2]:0 [3]:78
[0]:1125414 [1]:8583 [2]:120 [3]:67
[0]:1331009 [1]:31675 [2]:120 [3]:58
[0]:1534995 [1]:54640 [2]:120 [3]:363
[0]:1741281 [1]:77957 [2]:120 [3]:365
[0]:1950471 [1]:101558 [2]:120 [3]:66
[0]:2148930 [1]:123908 [2]:120 [3]:73
[0]:2350873 [1]:146807 [2]:120 [3]:60
[0]:2563562 [1]:170809 [2]:120 [3]:365
[0]:2769711 [1]:194036 [2]:80 [3]:67
[0]:2972350 [1]:217264 [2]:80 [3]:78
[0]:3237850 [1]:247456 [2]:80 [3]:357
[0]:3435679 [1]:269920 [2]:80 [3]:63
[0]:3648127 [1]:293845 [2]:80 [3]:64
[0]:3844219 [1]:315969 [2]:80 [3]:367
[0]:4038749 [1]:337826 [2]:80 [3]:78
[0]:4233841 [1]:359872 [2]:77 [3]:72
[0]:4452560 [1]:384601 [2]:77 [3]:60
[0]:4653405 [1]:407236 [2]:77 [3]:60
[0]:4848091 [1]:429039 [2]:77 [3]:63
[0]:5046313 [1]:451462 [2]:77 [3]:364
[0]:5239866 [1]:473275 [2]:77 [3]:350
[0]:5439068 [1]:495762 [2]:77 [3]:59
[0]:5645785 [1]:519026 [2]:75 [3]:63
[0]:5847630 [1]:541862 [2]:75 [3]:74
[0]:6042602 [1]:563842 [2]:75 [3]:360
[0]:6255960 [1]:588002 [2]:75 [3]:369
[0]:6454389 [1]:610428 [2]:75 [3]:65
[0]:6662176 [1]:633823 [2]:75 [3]:373
[0]:6854923 [1]:655502 [2]:75 [3]:361
[0]:7053547 [1]:677969 [2]:75 [3]:62
[0]:7273981 [1]:702822 [2]:75 [3]:59
[0]:7476335 [1]:725810 [2]:75 [3]:351
[0]:7675023 [1]:748128 [2]:75 [3]:48
[0]:7869361 [1]:770315 [2]:75 [3]:352
[0]:8063943 [1]:792356 [2]:75 [3]:356
[0]:8270063 [1]:815626 [2]:75 [3]:359
[0]:8462881 [1]:837310 [2]:75 [3]:67
[0]:8670651 [1]:860753 [2]:75 [3]:357
[0]:8864454 [1]:882618 [2]:76 [3]:349
[0]:9056482 [1]:904343 [2]:76 [3]:377
[0]:9272116 [1]:928583 [2]:76 [3]:90
[0]:9469057 [1]:950795 [2]:76 [3]:369
[0]:9678180 [1]:974394 [2]:76 [3]:360
[0]:9878077 [1]:996839 [2]:76 [3]:359
[0]:10069889 [1]:1018599 [2]:76 [3]:67
[0]:10262283 [1]:1040403 [2]:76 [3]:48
[0]:10474479 [1]:1064346 [2]:76 [3]:62
[0]:10675167 [1]:1086833 [2]:76 [3]:67
[0]:10899875 [1]:1112293 [2]:76 [3]:67
[0]:11093363 [1]:1133982 [2]:76 [3]:368
[0]:11288467 [1]:1156000 [2]:76 [3]:65
[0]:11503664 [1]:1180275 [2]:76 [3]:353
[0]:11700308 [1]:1202460 [2]:76 [3]:363
[0]:11931521 [1]:1228524 [2]:76 [3]:50
[0]:12142306 [1]:1252224 [2]:76 [3]:67
[0]:12340970 [1]:1274496 [2]:76 [3]:360
[0]:12547512 [1]:1297837 [2]:76 [3]:50
[0]:12765725 [1]:1322594 [2]:76 [3]:358
[0]:12965396 [1]:1345095 [2]:76 [3]:58
[0]:13192186 [1]:1370678 [2]:76 [3]:362
[0]:13437993 [1]:1398425 [2]:75 [3]:63
[0]:13645664 [1]:1421873 [2]:75 [3]:61
[0]:13845981 [1]:1444491 [2]:75 [3]:72
[0]:14039390 [1]:1466250 [2]:75 [3]:62
[0]:14241607 [1]:1489017 [2]:75 [3]:373
[0]:14436481 [1]:1511069 [2]:75 [3]:371
[0]:14639647 [1]:1533924 [2]:75 [3]:353
[0]:14862286 [1]:1559159 [2]:75 [3]:62
[0]:15059739 [1]:1581550 [2]:75 [3]:69
[0]:15261087 [1]:1604243 [2]:75 [3]:370
[0]:15457914 [1]:1626490 [2]:75 [3]:60
[0]:15671684 [1]:1650565 [2]:75 [3]:376
[0]:15894217 [1]:1675633 [2]:75 [3]:55
[0]:16092529 [1]:1697937 [2]:75 [3]:65
[0]:16298908 [1]:1721153 [2]:75 [3]:57
[0]:16490864 [1]:1742799 [2]:75 [3]:59
[0]:16695405 [1]:1766024 [2]:75 [3]:70
[0]:16892488 [1]:1788357 [2]:75 [3]:359
[0]:17086951 [1]:1810107 [2]:75 [3]:364
[0]:17283684 [1]:1832233 [2]:75 [3]:366
[0]:17470196 [1]:1853303 [2]:75 [3]:356
[0]:17665519 [1]:1875384 [2]:75 [3]:68
[0]:17863907 [1]:1897799 [2]:76 [3]:56
[0]:18063731 [1]:1920318 [2]:76 [3]:58
[0]:18268320 [1]:1943464 [2]:76 [3]:64
[0]:18469106 [1]:1966023 [2]:76 [3]:361
[0]:18671348 [1]:1988928 [2]:76 [3]:70
[0]:18870951 [1]:2011499 [2]:76 [3]:64
[0]:19064194 [1]:2033269 [2]:76 [3]:356
[0]:19260164 [1]:2055400 [2]:76 [3]:66
[0]:19473126 [1]:2079391 [2]:75 [3]:70
[0]:19679958 [1]:2102763 [2]:75 [3]:56
[0]:19899604 [1]:2127439 [2]:75 [3]:368
[0]:20102990 [1]:2150544 [2]:75 [3]:74
[0]:20297177 [1]:2172497 [2]:75 [3]:362
[0]:20490712 [1]:2194364 [2]:75 [3]:75
[0]:20693937 [1]:2217500 [2]:75 [3]:362
[0]:20892716 [1]:2239998 [2]:75 [3]:54
[0]:21098124 [1]:2263188 [2]:75 [3]:69
[0]:21296427 [1]:2285592 [2]:75 [3]:359
[0]:21493773 [1]:2307959 [2]:75 [3]:71
[0]:21696100 [1]:2330945 [2]:75 [3]:66
[0]:21892192 [1]:2353078 [2]:75 [3]:63
[0]:22092142 [1]:2375770 [2]:75 [3]:72
[0]:22293260 [1]:2398370 [2]:75 [3]:350
[0]:22493304 [1]:2420905 [2]:75 [3]:355
[0]:22694535 [1]:2443554 [2]:75 [3]:60
[0]:22895729 [1]:2466431 [2]:75 [3]:364
[0]:23120226 [1]:2491902 [2]:75 [3]:367
[0]:23332048 [1]:2515992 [2]:75 [3]:62
[0]:23535418 [1]:2539054 [2]:75 [3]:65
[0]:23732457 [1]:2561317 [2]:75 [3]:59
[0]:23934045 [1]:2584119 [2]:75 [3]:362
[0]:24137734 [1]:2607033 [2]:75 [3]:60
[0]:24340659 [1]:2629918 [2]:75 [3]:64
[0]:24573247 [1]:2656250 [2]:75 [3]:66
[0]:24767377 [1]:2678141 [2]:75 [3]:354
[0]:24964039 [1]:2700419 [2]:75 [3]:363
[0]:25212795 [1]:2728582 [2]:75 [3]:73
[0]:25411287 [1]:2750793 [2]:75 [3]:59
[0]:25613677 [1]:2773545 [2]:75 [3]:67
[0]:25812153 [1]:2795895 [2]:75 [3]:66
[0]:26014473 [1]:2818706 [2]:75 [3]:368
[0]:26211390 [1]:2840916 [2]:75 [3]:367
[0]:26464271 [1]:2869464 [2]:75 [3]:72
[0]:26654404 [1]:2891055 [2]:75 [3]:56
[0]:26855292 [1]:2913704 [2]:75 [3]:360
[0]:27051376 [1]:2935897 [2]:75 [3]:362
[0]:27299458 [1]:2963930 [2]:75 [3]:70
[0]:27500932 [1]:2986614 [2]:75 [3]:66
[0]:27714136 [1]:3011854 [2]:75 [3]:364
[0]:27930229 [1]:3043988 [2]:75 [3]:356
[0]:28138965 [1]:3074924 [2]:75 [3]:362
[0]:28352337 [1]:3106523 [2]:75 [3]:370
[0]:28553364 [1]:3136242 [2]:75 [3]:367
[0]:28772776 [1]:3168749 [2]:75 [3]:353
[0]:28985485 [1]:3200293 [2]:75 [3]:359
[0]:29206201 [1]:3233019 [2]:75 [3]:365
[0]:29422932 [1]:3265077 [2]:75 [3]:358
[0]:29651514 [1]:3299060 [2]:75 [3]:359
[0]:29895828 [1]:3335415 [2]:114 [3]:367
[0]:30123496 [1]:3369162 [2]:114 [3]:368
[0]:30356376 [1]:3403867 [2]:114 [3]:363
[0]:30553753 [1]:3433088 [2]:114 [3]:82
[0]:30766867 [1]:3464657 [2]:114 [3]:365
[0]:30971655 [1]:3495067 [2]:114 [3]:363
[0]:31176734 [1]:3525429 [2]:114 [3]:362
[0]:31382947 [1]:3555857 [2]:114 [3]:360
[0]:31589452 [1]:3586472 [2]:114 [3]:368
[0]:31823096 [1]:3621207 [2]:114 [3]:367
[0]:32027857 [1]:3651587 [2]:114 [3]:360
[0]:32232749 [1]:3681934 [2]:114 [3]:360
[0]:32445318 [1]:3713529 [2]:114 [3]:358
[0]:32666229 [1]:3746409 [2]:114 [3]:363
[0]:32890616 [1]:3779757 [2]:114 [3]:368
[0]:33130254 [1]:3815349 [2]:114 [3]:369
[0]:33340083 [1]:3846439 [2]:147 [3]:370
[0]:33544880 [1]:3876860 [2]:147 [3]:75
[0]:33761749 [1]:3909029 [2]:147 [3]:368
[0]:33965621 [1]:3939405 [2]:147 [3]:360
[0]:34175699 [1]:3970648 [2]:147 [3]:373
[0]:34376563 [1]:4000392 [2]:147 [3]:357
[0]:34584169 [1]:4031234 [2]:147 [3]:364
[0]:34789934 [1]:4061807 [2]:147 [3]:366
[0]:34987041 [1]:4091057 [2]:147 [3]:78
[0]:35195850 [1]:4122017 [2]:147 [3]:363
[0]:35423518 [1]:4155822 [2]:147 [3]:362
[0]:35629098 [1]:4186422 [2]:147 [3]:370
[0]:35846046 [1]:4218663 [2]:147 [3]:84
[0]:36049980 [1]:4248928 [2]:147 [3]:366
[0]:36256203 [1]:4279493 [2]:147 [3]:82
[0]:36461706 [1]:4310053 [2]:147 [3]:363
[0]:36669668 [1]:4340863 [2]:147 [3]:357
[0]:36873743 [1]:4371112 [2]:147 [3]:79
[0]:37110056 [1]:4406130 [2]:150 [3]:361
[0]:37316181 [1]:4436778 [2]:150 [3]:372
[0]:37518599 [1]:4466978 [2]:150 [3]:361
[0]:37733808 [1]:4498927 [2]:150 [3]:367
[0]:37940416 [1]:4529713 [2]:150 [3]:83
[0]:38147489 [1]:4560444 [2]:150 [3]:374
[0]:38352412 [1]:4590846 [2]:150 [3]:359
[0]:38565302 [1]:4622467 [2]:150 [3]:362
[0]:38778007 [1]:4654103 [2]:150 [3]:370
[0]:38978988 [1]:4683940 [2]:150 [3]:371
[0]:39191938 [1]:4715420 [2]:150 [3]:89
[0]:39396757 [1]:4745843 [2]:150 [3]:371
[0]:39605548 [1]:4776902 [2]:150 [3]:352
[0]:39816117 [1]:4808249 [2]:150 [3]:357
[0]:40054564 [1]:4843689 [2]:150 [3]:369
[0]:40286560 [1]:4878043 [2]:150 [3]:354
[0]:40494639 [1]:4908853 [2]:151 [3]:371
[0]:40706626 [1]:4940362 [2]:151 [3]:362
[0]:40949287 [1]:4976597 [2]:151 [3]:358
[0]:41153827 [1]:5006844 [2]:151 [3]:369
[0]:41366919 [1]:5038444 [2]:151 [3]:361
[0]:41571932 [1]:5068849 [2]:151 [3]:365
[0]:41783528 [1]:5100434 [2]:151 [3]:374
[0]:42005213 [1]:5133459 [2]:151 [3]:358
[0]:42245837 [1]:5169072 [2]:151 [3]:368
[0]:42474244 [1]:5202937 [2]:151 [3]:364
[0]:42684926 [1]:5234295 [2]:151 [3]:375
[0]:42890488 [1]:5264722 [2]:151 [3]:363
[0]:43101035 [1]:5295841 [2]:151 [3]:74
[0]:43304670 [1]:5325988 [2]:151 [3]:80
[0]:43510825 [1]:5356515 [2]:151 [3]:81
[0]:43715964 [1]:5386986 [2]:151 [3]:361
[0]:43928574 [1]:5418536 [2]:151 [3]:374
[0]:44155005 [1]:5452145 [2]:151 [3]:377
[0]:44361868 [1]:5482816 [2]:151 [3]:87
[0]:44574662 [1]:5514402 [2]:151 [3]:367
[0]:44779849 [1]:5544811 [2]:151 [3]:365
[0]:44984499 [1]:5575199 [2]:151 [3]:376
[0]:45189427 [1]:5605683 [2]:151 [3]:77
[0]:45440149 [1]:5642860 [2]:151 [3]:364
[0]:45643307 [1]:5672993 [2]:151 [3]:367
[0]:45857616 [1]:5704664 [2]:151 [3]:366
[0]:46060610 [1]:5734735 [2]:151 [3]:351
[0]:46268069 [1]:5765486 [2]:151 [3]:362
[0]:46533686 [1]:5804823 [2]:151 [3]:368
[0]:46771796 [1]:5840120 [2]:151 [3]:371
[0]:46970999 [1]:5869629 [2]:151 [3]:362
[0]:47177650 [1]:5900181 [2]:151 [3]:354
[0]:47376822 [1]:5929812 [2]:151 [3]:365
[0]:47585985 [1]:5960870 [2]:151 [3]:359
[0]:47798632 [1]:5992452 [2]:151 [3]:360
[0]:48023402 [1]:6025799 [2]:151 [3]:359
[0]:48256612 [1]:6060344 [2]:151 [3]:69
[0]:48488006 [1]:6094642 [2]:151 [3]:358
[0]:48695342 [1]:6125391 [2]:151 [3]:362
[0]:48917906 [1]:6158393 [2]:151 [3]:370
[0]:49123029 [1]:6188738 [2]:151 [3]:359
[0]:49332320 [1]:6219988 [2]:151 [3]:376
[0]:49545976 [1]:6251645 [2]:151 [3]:371
[0]:49757945 [1]:6283041 [2]:151 [3]:369
[0]:50001752 [1]:6319230 [2]:151 [3]:77
[0]:50256849 [1]:6357022 [2]:151 [3]:81
[0]:50466403 [1]:6388120 [2]:151 [3]:366
[0]:50679543 [1]:6419799 [2]:151 [3]:362
[0]:50923593 [1]:6456146 [2]:151 [3]:364
[0]:51132746 [1]:6487077 [2]:151 [3]:361
[0]:51335690 [1]:6517158 [2]:151 [3]:369
[0]:51534638 [1]:6546800 [2]:151 [3]:365
[0]:51750344 [1]:6578822 [2]:151 [3]:366
[0]:51955868 [1]:6609248 [2]:151 [3]:366
[0]:52160357 [1]:6639738 [2]:151 [3]:367
[0]:52424546 [1]:6679008 [2]:151 [3]:362
[0]:52626636 [1]:6708936 [2]:151 [3]:359
[0]:52858272 [1]:6743199 [2]:151 [3]:361
[0]:53063482 [1]:6773701 [2]:151 [3]:372
[0]:53274995 [1]:6805040 [2]:151 [3]:361
[0]:53528787 [1]:6842665 [2]:151 [3]:361
[0]:53761082 [1]:6877117 [2]:151 [3]:364
[0]:53965513 [1]:6907565 [2]:151 [3]:376
[0]:54171788 [1]:6938193 [2]:151 [3]:361
[0]:54375281 [1]:6968325 [2]:151 [3]:366
[0]:54592015 [1]:7000594 [2]:151 [3]:361
[0]:54794170 [1]:7030557 [2]:151 [3]:371
[0]:55002617 [1]:7061435 [2]:151 [3]:356
[0]:55222618 [1]:7094004 [2]:151 [3]:357
[0]:55430646 [1]:7124917 [2]:151 [3]:365
[0]:55652644 [1]:7157825 [2]:151 [3]:79
[0]:55859920 [1]:7188520 [2]:151 [3]:84
[0]:56069865 [1]:7219620 [2]:151 [3]:363
[0]:56271592 [1]:7249557 [2]:151 [3]:365
[0]:56495237 [1]:7282754 [2]:151 [3]:363
[0]:56709076 [1]:7314553 [2]:151 [3]:375
[0]:56917867 [1]:7345588 [2]:151 [3]:371
[0]:57349366 [1]:7425954 [2]:151 [3]:362
[0]:57549618 [1]:7472195 [2]:151 [3]:360
[0]:57737651 [1]:7515726 [2]:151 [3]:356
[0]:57945405 [1]:7563715 [2]:151 [3]:355
[0]:58150657 [1]:7611158 [2]:151 [3]:359
[0]:58348524 [1]:7656863 [2]:157 [3]:58
[0]:58579988 [1]:7710373 [2]:157 [3]:363
[0]:58773792 [1]:7755089 [2]:157 [3]:358
[0]:58985289 [1]:7803974 [2]:157 [3]:361
[0]:59177452 [1]:7848401 [2]:157 [3]:362
[0]:59382316 [1]:7895807 [2]:157 [3]:362
[0]:59576538 [1]:7940747 [2]:157 [3]:364
[0]:59774339 [1]:7986438 [2]:157 [3]:361
[0]:59972066 [1]:8032169 [2]:157 [3]:360
[0]:60169947 [1]:8077942 [2]:157 [3]:366
[0]:60375066 [1]:8125349 [2]:157 [3]:355
[0]:60591552 [1]:8175249 [2]:157 [3]:364
[0]:60785179 [1]:8220012 [2]:157 [3]:357
[0]:60979844 [1]:8265001 [2]:157 [3]:364
[0]:61170051 [1]:8308922 [2]:166 [3]:363
[0]:61363900 [1]:8353720 [2]:166 [3]:355
[0]:61603052 [1]:8408973 [2]:166 [3]:362
[0]:61800836 [1]:8454666 [2]:166 [3]:360
[0]:62020745 [1]:8505454 [2]:166 [3]:363
[0]:62215001 [1]:8550373 [2]:166 [3]:361
[0]:62416678 [1]:8596976 [2]:166 [3]:371
[0]:62614555 [1]:8642653 [2]:166 [3]:361
[0]:62804918 [1]:8686629 [2]:166 [3]:357
[0]:62999963 [1]:8731718 [2]:166 [3]:54
[0]:63200573 [1]:8778086 [2]:166 [3]:366
[0]:63398331 [1]:8823680 [2]:166 [3]:363
[0]:63633266 [1]:8877959 [2]:166 [3]:364
[0]:63827176 [1]:8922785 [2]:167 [3]:60
[0]:64027615 [1]:8969098 [2]:167 [3]:362
[0]:64227060 [1]:9015170 [2]:167 [3]:354
[0]:64428012 [1]:9061540 [2]:167 [3]:365
[0]:64624836 [1]:9106982 [2]:167 [3]:365
[0]:64827368 [1]:9153781 [2]:167 [3]:367
[0]:65028416 [1]:9200310 [2]:167 [3]:366
[0]:65225070 [1]:9245713 [2]:167 [3]:362
[0]:65421323 [1]:9290955 [2]:167 [3]:62
[0]:65621432 [1]:9337238 [2]:167 [3]:357
[0]:65816514 [1]:9382305 [2]:167 [3]:363
[0]:66066346 [1]:9440147 [2]:167 [3]:368
[0]:66264933 [1]:9485903 [2]:167 [3]:356
[0]:66466543 [1]:9532516 [2]:167 [3]:364
[0]:66660566 [1]:9577374 [2]:167 [3]:363
[0]:66852903 [1]:9621789 [2]:167 [3]:360
[0]:67071111 [1]:9672198 [2]:167 [3]:361
[0]:67265171 [1]:9716965 [2]:167 [3]:363
[0]:67466900 [1]:9763617 [2]:167 [3]:370
[0]:67660766 [1]:9808451 [2]:167 [3]:355
[0]:67849392 [1]:9852063 [2]:167 [3]:362
[0]:68052413 [1]:9898940 [2]:167 [3]:358
[0]:68254087 [1]:9945504 [2]:167 [3]:359
[0]:68455540 [1]:9992092 [2]:167 [3]:360
[0]:68649952 [1]:10037014 [2]:167 [3]:363
[0]:68850381 [1]:10083297 [2]:167 [3]:359
[0]:69049269 [1]:10129336 [2]:167 [3]:360
[0]:69246987 [1]:10175061 [2]:167 [3]:359
[0]:69444834 [1]:10220823 [2]:167 [3]:57
[0]:69646628 [1]:10267483 [2]:167 [3]:368
[0]:69838824 [1]:10311904 [2]:167 [3]:358
[0]:70034538 [1]:10357150 [2]:167 [3]:361
[0]:70232348 [1]:10402881 [2]:167 [3]:360
[0]:70447754 [1]:10452680 [2]:167 [3]:358
[0]:70646732 [1]:10498657 [2]:167 [3]:360
[0]:70840645 [1]:10543520 [2]:167 [3]:360
[0]:71053496 [1]:10592584 [2]:167 [3]:360
[0]:71242554 [1]:10636355 [2]:167 [3]:363
[0]:71445316 [1]:10683223 [2]:167 [3]:358
[0]:71643206 [1]:10728947 [2]:167 [3]:364
[0]:71844548 [1]:10775391 [2]:167 [3]:359
[0]:72015327 [1]:10814871 [2]:167 [3]:364
[0]:72236565 [1]:10866011 [2]:167 [3]:362
[0]:72438066 [1]:10912575 [2]:167 [3]:363
[0]:72639637 [1]:10959169 [2]:167 [3]:61
[0]:72842008 [1]:11005940 [2]:167 [3]:59
[0]:73042369 [1]:11052249 [2]:167 [3]:363
[0]:73259197 [1]:11102370 [2]:167 [3]:51
[0]:73459956 [1]:11148738 [2]:167 [3]:366
[0]:73713193 [1]:11207202 [2]:167 [3]:358
[0]:73943132 [1]:11260566 [2]:167 [3]:362
[0]:74167700 [1]:11312452 [2]:167 [3]:363
[0]:74375181 [1]:11360371 [2]:167 [3]:54
[0]:74573022 [1]:11406120 [2]:167 [3]:67
[0]:74774436 [1]:11452617 [2]:167 [3]:361
[0]:74971294 [1]:11498073 [2]:167 [3]:362
[0]:75180845 [1]:11546549 [2]:167 [3]:362
[0]:75375390 [1]:11591489 [2]:167 [3]:359
[0]:75565760 [1]:11635415 [2]:167 [3]:359
[0]:75785807 [1]:11686249 [2]:167 [3]:359
[0]:75991106 [1]:11733663 [2]:167 [3]:364
[0]:76191003 [1]:11779843 [2]:167 [3]:361
[0]:76431249 [1]:11835365 [2]:167 [3]:359
[0]:76658479 [1]:11887884 [2]:167 [3]:362
[0]:76857198 [1]:11933832 [2]:167 [3]:358
[0]:77051752 [1]:11978789 [2]:167 [3]:58
[0]:77252775 [1]:12025210 [2]:167 [3]:356
[0]:77446954 [1]:12070000 [2]:167 [3]:364
[0]:77639461 [1]:12114535 [2]:167 [3]:364
[0]:77831461 [1]:12158869 [2]:167 [3]:363
[0]:78028931 [1]:12204516 [2]:167 [3]:364
[0]:78234313 [1]:12252075 [2]:167 [3]:66
[0]:78426362 [1]:12296444 [2]:167 [3]:363
[0]:78626233 [1]:12342681 [2]:167 [3]:355
[0]:78825429 [1]:12388732 [2]:167 [3]:364
[0]:79025669 [1]:12435003 [2]:167 [3]:357
[0]:79226244 [1]:12481312 [2]:167 [3]:62
[0]:79420581 [1]:12526117 [2]:167 [3]:360
[0]:79615225 [1]:12571095 [2]:167 [3]:359
[0]:79827979 [1]:12620273 [2]:167 [3]:58
[0]:80029746 [1]:12666966 [2]:167 [3]:360
[0]:80260771 [1]:12720293 [2]:167 [3]:362
[0]:80458671 [1]:12766072 [2]:167 [3]:58
[0]:80661521 [1]:12812895 [2]:167 [3]:364
[0]:80854624 [1]:12857502 [2]:167 [3]:353
[0]:81075244 [1]:12908526 [2]:167 [3]:367
[0]:81274442 [1]:12954479 [2]:167 [3]:356
[0]:81474229 [1]:13000593 [2]:167 [3]:359
[0]:81671873 [1]:13046346 [2]:167 [3]:360
[0]:81895864 [1]:13098097 [2]:167 [3]:365
[0]:82125977 [1]:13151208 [2]:167 [3]:362
[0]:82356774 [1]:13204565 [2]:167 [3]:359
[0]:82588806 [1]:13258157 [2]:167 [3]:358
[0]:82784205 [1]:13303278 [2]:167 [3]:56
[0]:82981968 [1]:13348933 [2]:167 [3]:362
[0]:83179041 [1]:13394428 [2]:167 [3]:357
[0]:83370279 [1]:13438611 [2]:167 [3]:60
[0]:83561405 [1]:13482786 [2]:167 [3]:361
[0]:83769612 [1]:13530864 [2]:167 [3]:361
[0]:83960487 [1]:13574922 [2]:167 [3]:364
[0]:84149532 [1]:13618583 [2]:167 [3]:362
[0]:84381765 [1]:13672235 [2]:167 [3]:63
[0]:84583220 [1]:13718787 [2]:167 [3]:359
[0]:84786870 [1]:13765860 [2]:167 [3]:368
[0]:85020123 [1]:13819679 [2]:167 [3]:368
[0]:85237022 [1]:13856979 [2]:167 [3]:86
[0]:85442047 [1]:13887541 [2]:167 [3]:363
[0]:85644741 [1]:13917809 [2]:167 [3]:372
[0]:85863567 [1]:13950238 [2]:167 [3]:79
[0]:86068554 [1]:13980590 [2]:167 [3]:82
[0]:86277394 [1]:14011517 [2]:167 [3]:84
[0]:86494164 [1]:14043731 [2]:167 [3]:368
[0]:86726360 [1]:14078162 [2]:160 [3]:369
[0]:86935416 [1]:14109159 [2]:160 [3]:365
[0]:87140030 [1]:14139597 [2]:160 [3]:79
[0]:87351622 [1]:14170918 [2]:160 [3]:361
[0]:87556361 [1]:14201335 [2]:160 [3]:365
[0]:87756984 [1]:14231082 [2]:160 [3]:364
[0]:87964122 [1]:14261871 [2]:160 [3]:364
[0]:88173935 [1]:14293071 [2]:160 [3]:77
[0]:88401619 [1]:14326770 [2]:160 [3]:87
[0]:88610779 [1]:14357763 [2]:160 [3]:360
[0]:88817805 [1]:14388465 [2]:160 [3]:361
[0]:89017463 [1]:14418206 [2]:160 [3]:367
[0]:89240137 [1]:14451272 [2]:160 [3]:359
[0]:89445252 [1]:14481734 [2]:160 [3]:363
[0]:89690202 [1]:14518130 [2]:160 [3]:84
[0]:89890908 [1]:14547951 [2]:160 [3]:374
[0]:90100028 [1]:14578988 [2]:160 [3]:361
[0]:90322942 [1]:14612111 [2]:152 [3]:355
[0]:90525674 [1]:14642141 [2]:152 [3]:76
[0]:90770072 [1]:14678312 [2]:152 [3]:365
[0]:90998386 [1]:14712271 [2]:152 [3]:367
[0]:91207287 [1]:14743422 [2]:152 [3]:367
[0]:91420164 [1]:14775002 [2]:152 [3]:357
[0]:91633939 [1]:14806663 [2]:152 [3]:362
[0]:91845767 [1]:14838088 [2]:152 [3]:364
[0]:92111320 [1]:14877503 [2]:152 [3]:361
[0]:92318644 [1]:14908351 [2]:152 [3]:361
[0]:92527230 [1]:14939387 [2]:152 [3]:357
[0]:92732726 [1]:14969821 [2]:152 [3]:367
[0]:92941283 [1]:15000735 [2]:152 [3]:357
[0]:93146029 [1]:15031092 [2]:152 [3]:365
[0]:93363051 [1]:15063432 [2]:152 [3]:366
[0]:93595008 [1]:15098077 [2]:152 [3]:77
[0]:93796126 [1]:15127843 [2]:151 [3]:365
[0]:94008873 [1]:15159382 [2]:151 [3]:363
[0]:94225880 [1]:15191552 [2]:151 [3]:358
[0]:94438314 [1]:15223104 [2]:151 [3]:358
[0]:94650650 [1]:15254685 [2]:151 [3]:361
[0]:94861844 [1]:15285899 [2]:151 [3]:359
[0]:95069339 [1]:15316811 [2]:151 [3]:357
[0]:95278728 [1]:15347846 [2]:151 [3]:370
[0]:95486935 [1]:15378667 [2]:151 [3]:363
[0]:95691905 [1]:15409099 [2]:151 [3]:366
[0]:95910411 [1]:15441469 [2]:151 [3]:70
[0]:96113624 [1]:15471643 [2]:151 [3]:365
[0]:96326405 [1]:15503209 [2]:151 [3]:365
[0]:96535248 [1]:15534220 [2]:151 [3]:366
[0]:96747900 [1]:15565760 [2]:151 [3]:369
[0]:96964816 [1]:15598003 [2]:151 [3]:351
[0]:97172686 [1]:15628882 [2]:151 [3]:74
[0]:97374619 [1]:15658911 [2]:151 [3]:77
[0]:97579242 [1]:15689346 [2]:151 [3]:366
[0]:97788258 [1]:15720286 [2]:151 [3]:363
[0]:97992863 [1]:15750649 [2]:151 [3]:363
[0]:98197923 [1]:15781169 [2]:151 [3]:368
[0]:98414810 [1]:15813255 [2]:151 [3]:357
[0]:98610225 [1]:15842311 [2]:151 [3]:357
[0]:98828857 [1]:15874739 [2]:151 [3]:372
[0]:99045538 [1]:15906854 [2]:151 [3]:374
[0]:99244443 [1]:15936452 [2]:151 [3]:366
[0]:99463018 [1]:15969080 [2]:151 [3]:372
[0]:99669780 [1]:15999711 [2]:151 [3]:365
[0]:99884602 [1]:16031556 [2]:151 [3]:83
[0]:100089756 [1]:16062070 [2]:151 [3]:359
[0]:100304991 [1]:16094123 [2]:151 [3]:367
[0]:100521504 [1]:16126251 [2]:151 [3]:360
[0]:100731928 [1]:16157559 [2]:151 [3]:371
[0]:100972240 [1]:16193393 [2]:151 [3]:368
[0]:101181100 [1]:16224406 [2]:151 [3]:357
[0]:101465103 [1]:16266418 [2]:151 [3]:366
[0]:101678208 [1]:16298183 [2]:151 [3]:367
[0]:101882557 [1]:16328595 [2]:151 [3]:361
[0]:102095189 [1]:16360226 [2]:151 [3]:364
[0]:102300354 [1]:16390726 [2]:151 [3]:364
[0]:102512885 [1]:16422343 [2]:151 [3]:372
[0]:102713886 [1]:16452229 [2]:151 [3]:366
[0]:102954119 [1]:16487978 [2]:151 [3]:85
[0]:103163046 [1]:16519085 [2]:151 [3]:360
[0]:103370035 [1]:16549747 [2]:151 [3]:359
[0]:103574509 [1]:16580110 [2]:151 [3]:372
[0]:103785650 [1]:16611498 [2]:151 [3]:365
[0]:103990458 [1]:16641979 [2]:151 [3]:359
[0]:104193399 [1]:16672135 [2]:151 [3]:361
[0]:104399590 [1]:16702739 [2]:151 [3]:78
[0]:104612830 [1]:16734356 [2]:151 [3]:355
[0]:104862538 [1]:16771414 [2]:151 [3]:357
[0]:105087164 [1]:16804774 [2]:151 [3]:360
[0]:105292391 [1]:16835339 [2]:151 [3]:370
[0]:105527446 [1]:16870181 [2]:151 [3]:353
[0]:105743442 [1]:16902215 [2]:151 [3]:362
[0]:105956978 [1]:16933990 [2]:151 [3]:362
[0]:106169597 [1]:16965677 [2]:151 [3]:358
[0]:106380138 [1]:16996969 [2]:151 [3]:363
[0]:106587156 [1]:17027614 [2]:151 [3]:364
[0]:106795995 [1]:17058673 [2]:151 [3]:371
[0]:107048488 [1]:17096114 [2]:151 [3]:373
[0]:107257212 [1]:17127247 [2]:151 [3]:363
[0]:107557490 [1]:17171764 [2]:151 [3]:361
[0]:107765655 [1]:17202757 [2]:151 [3]:363
[0]:107984315 [1]:17235253 [2]:151 [3]:367
[0]:108191025 [1]:17265931 [2]:151 [3]:353
[0]:108403897 [1]:17297535 [2]:151 [3]:358
[0]:108616718 [1]:17329009 [2]:151 [3]:361
[0]:108853041 [1]:17364103 [2]:151 [3]:358
[0]:109065121 [1]:17395650 [2]:151 [3]:365
[0]:109278708 [1]:17427374 [2]:151 [3]:88
[0]:109489520 [1]:17458567 [2]:151 [3]:365
[0]:109691516 [1]:17488548 [2]:151 [3]:364
[0]:109897255 [1]:17519127 [2]:151 [3]:362
[0]:110112040 [1]:17550947 [2]:151 [3]:364
[0]:110327106 [1]:17582920 [2]:151 [3]:370
[0]:110531880 [1]:17613405 [2]:151 [3]:375
[0]:110740615 [1]:17644371 [2]:151 [3]:361
[0]:110953611 [1]:17675969 [2]:151 [3]:76
[0]:111162959 [1]:17707009 [2]:151 [3]:360
[0]:111357486 [1]:17735814 [2]:151 [3]:359
[0]:111564520 [1]:17766530 [2]:151 [3]:364
[0]:111777768 [1]:17798174 [2]:151 [3]:84
[0]:111983870 [1]:17828672 [2]:151 [3]:371
[0]:112187169 [1]:17858881 [2]:151 [3]:88
[0]:112407887 [1]:17891615 [2]:151 [3]:359
[0]:112620405 [1]:17923111 [2]:151 [3]:375
[0]:112831648 [1]:17954463 [2]:151 [3]:369
[0]:113036169 [1]:17984851 [2]:151 [3]:362
[0]:113243529 [1]:18015543 [2]:151 [3]:367
[0]:113525251 [1]:18057269 [2]:151 [3]:368
[0]:113738119 [1]:18088902 [2]:151 [3]:362
[0]:113958722 [1]:18121681 [2]:151 [3]:81
[0]:114169440 [1]:18153088 [2]:151 [3]:359
[0]:114378272 [1]:18184160 [2]:151 [3]:360
[0]:114583220 [1]:18214566 [2]:151 [3]:362
[0]:114792067 [1]:18262526 [2]:151 [3]:364
[0]:115008851 [1]:18312615 [2]:151 [3]:359
[0]:115224297 [1]:18362436 [2]:154 [3]:359
[0]:115419550 [1]:18407531 [2]:154 [3]:364
[0]:115609448 [1]:18451388 [2]:154 [3]:359
[0]:115833730 [1]:18503251 [2]:154 [3]:365
[0]:116034924 [1]:18549760 [2]:154 [3]:360
[0]:116232953 [1]:18595569 [2]:154 [3]:356
[0]:116423235 [1]:18639464 [2]:154 [3]:362
[0]:116632335 [1]:18687837 [2]:154 [3]:355
[0]:116837610 [1]:18735276 [2]:154 [3]:359
[0]:117027870 [1]:18779268 [2]:154 [3]:362
[0]:117225799 [1]:18824994 [2]:154 [3]:365
[0]:117430932 [1]:18872420 [2]:154 [3]:364
[0]:117651182 [1]:18923377 [2]:154 [3]:363
[0]:117868776 [1]:18973695 [2]:154 [3]:355
[0]:118061317 [1]:19018190 [2]:166 [3]:356
[0]:118258907 [1]:19063770 [2]:166 [3]:351
[0]:118438704 [1]:19105367 [2]:166 [3]:365
[0]:118633126 [1]:19150257 [2]:166 [3]:364
[0]:118852882 [1]:19201009 [2]:166 [3]:364
[0]:119058424 [1]:19248492 [2]:166 [3]:359
[0]:119260047 [1]:19294949 [2]:166 [3]:359
[0]:119457743 [1]:19340578 [2]:166 [3]:53
[0]:119659390 [1]:19387183 [2]:166 [3]:362
[0]:119861464 [1]:19433871 [2]:166 [3]:60
[0]:120066243 [1]:19481091 [2]:166 [3]:361
[0]:120260247 [1]:19525905 [2]:166 [3]:359
[0]:120458039 [1]:19571605 [2]:166 [3]:364
[0]:120663331 [1]:19619059 [2]:166 [3]:359
[0]:120865216 [1]:19665736 [2]:167 [3]:363
[0]:121081393 [1]:19715615 [2]:167 [3]:354
[0]:121282969 [1]:19762231 [2]:167 [3]:361
[0]:121537892 [1]:19821104 [2]:167 [3]:366
[0]:121726855 [1]:19864751 [2]:167 [3]:62
[0]:121935801 [1]:19912930 [2]:167 [3]:365
[0]:122137762 [1]:19959632 [2]:167 [3]:366
[0]:122336998 [1]:20005595 [2]:167 [3]:62
[0]:122532988 [1]:20050941 [2]:167 [3]:362
[0]:122734565 [1]:20097527 [2]:167 [3]:361
[0]:122943956 [1]:20145850 [2]:167 [3]:358
[0]:123134005 [1]:20189763 [2]:167 [3]:356
[0]:123339297 [1]:20237182 [2]:167 [3]:357
[0]:123536882 [1]:20282827 [2]:167 [3]:62
[0]:123738777 [1]:20329351 [2]:167 [3]:365
[0]:123948145 [1]:20377710 [2]:167 [3]:362
[0]:124183247 [1]:20432009 [2]:167 [3]:63
[0]:124380657 [1]:20477643 [2]:167 [3]:356
[0]:124571440 [1]:20521724 [2]:167 [3]:364
[0]:124765221 [1]:20566549 [2]:167 [3]:358
[0]:124959477 [1]:20611445 [2]:167 [3]:361
[0]:125168148 [1]:20659712 [2]:167 [3]:362
[0]:125370174 [1]:20706425 [2]:167 [3]:356
[0]:125567785 [1]:20752069 [2]:167 [3]:367
[0]:125773180 [1]:20799509 [2]:167 [3]:359
[0]:125970922 [1]:20845177 [2]:167 [3]:57
[0]:126172353 [1]:20891738 [2]:167 [3]:357
[0]:126363012 [1]:20935774 [2]:167 [3]:60
[0]:126556748 [1]:20980445 [2]:167 [3]:357
[0]:126750687 [1]:21025292 [2]:167 [3]:358
[0]:126948870 [1]:21071060 [2]:167 [3]:357
[0]:127141414 [1]:21115525 [2]:167 [3]:362
[0]:127336858 [1]:21160707 [2]:167 [3]:57
[0]:127536130 [1]:21206700 [2]:167 [3]:56
[0]:127769718 [1]:21260643 [2]:167 [3]:368
[0]:127967782 [1]:21306454 [2]:167 [3]:365
[0]:128172992 [1]:21354003 [2]:167 [3]:363
[0]:128415579 [1]:21409979 [2]:167 [3]:353
[0]:128609313 [1]:21454732 [2]:167 [3]:361
[0]:128814730 [1]:21502216 [2]:167 [3]:368
[0]:129003336 [1]:21545804 [2]:167 [3]:360
[0]:129202766 [1]:21591892 [2]:167 [3]:359
[0]:129389656 [1]:21635035 [2]:167 [3]:56
[0]:129584267 [1]:21679954 [2]:167 [3]:365
[0]:129772638 [1]:21723467 [2]:167 [3]:362
[0]:129979499 [1]:21771257 [2]:167 [3]:358
[0]:130192273 [1]:21820496 [2]:167 [3]:367
[0]:130393799 [1]:21867008 [2]:167 [3]:365
[0]:130636694 [1]:21923168 [2]:167 [3]:361
[0]:130834249 [1]:21968826 [2]:167 [3]:360
[0]:131032102 [1]:22014478 [2]:167 [3]:60
[0]:131240747 [1]:22062656 [2]:167 [3]:364
[0]:131435116 [1]:22107574 [2]:167 [3]:366
[0]:131630555 [1]:22152726 [2]:167 [3]:357
[0]:131830690 [1]:22199039 [2]:167 [3]:365
[0]:132036465 [1]:22246563 [2]:167 [3]:355
[0]:132230260 [1]:22291267 [2]:167 [3]:362
[0]:132450404 [1]:22342141 [2]:167 [3]:356
[0]:132643248 [1]:22386680 [2]:167 [3]:361
[0]:132858205 [1]:22436338 [2]:167 [3]:357
[0]:133054314 [1]:22481622 [2]:167 [3]:359
[0]:133307465 [1]:22540163 [2]:167 [3]:361
[0]:133502763 [1]:22585333 [2]:167 [3]:361
[0]:133706401 [1]:22632455 [2]:167 [3]:366
[0]:133927482 [1]:22683526 [2]:167 [3]:359
[0]:134129954 [1]:22730252 [2]:167 [3]:363
[0]:134316462 [1]:22773444 [2]:167 [3]:358
[0]:134521856 [1]:22820913 [2]:167 [3]:360
[0]:134774594 [1]:22879334 [2]:167 [3]:364
[0]:134968739 [1]:22924121 [2]:167 [3]:369
[0]:135181142 [1]:22973191 [2]:167 [3]:363
[0]:135384060 [1]:23020065 [2]:167 [3]:354
[0]:135603892 [1]:23070878 [2]:167 [3]:359
[0]:135793985 [1]:23114791 [2]:167 [3]:352
[0]:136019147 [1]:23166714 [2]:167 [3]:353
[0]:136211762 [1]:23211223 [2]:167 [3]:359
[0]:136418082 [1]:23258904 [2]:167 [3]:357
[0]:136620248 [1]:23305638 [2]:167 [3]:353
[0]:136821035 [1]:23351973 [2]:167 [3]:65
[0]:137022516 [1]:23398565 [2]:167 [3]:359
[0]:137211843 [1]:23442285 [2]:167 [3]:64
[0]:137410747 [1]:23488232 [2]:167 [3]:362
[0]:137638251 [1]:23540786 [2]:167 [3]:351
[0]:137843824 [1]:23588289 [2]:167 [3]:360
[0]:138037820 [1]:23633081 [2]:167 [3]:353
[0]:138250523 [1]:23682262 [2]:167 [3]:361
[0]:138443144 [1]:23726765 [2]:167 [3]:360
[0]:138634962 [1]:23771090 [2]:167 [3]:362
[0]:138853744 [1]:23821565 [2]:167 [3]:366
[0]:139046736 [1]:23866172 [2]:167 [3]:366
[0]:139246416 [1]:23912307 [2]:167 [3]:366
[0]:139442601 [1]:23957607 [2]:167 [3]:53
[0]:139650200 [1]:24005523 [2]:167 [3]:365
[0]:139900006 [1]:24063269 [2]:167 [3]:360
[0]:140094160 [1]:24108150 [2]:167 [3]:363
[0]:140349640 [1]:24167164 [2]:167 [3]:359
[0]:140566881 [1]:24217258 [2]:167 [3]:365
[0]:140762282 [1]:24262397 [2]:167 [3]:62
[0]:140989956 [1]:24315022 [2]:167 [3]:359
[0]:141184123 [1]:24359907 [2]:167 [3]:362
[0]:141385517 [1]:24406468 [2]:167 [3]:364
[0]:141587409 [1]:24453030 [2]:167 [3]:362
[0]:141785255 [1]:24498780 [2]:167 [3]:360
[0]:141973348 [1]:24542203 [2]:167 [3]:368
[0]:142177542 [1]:24589409 [2]:167 [3]:54
[0]:142378760 [1]:24635896 [2]:167 [3]:364
[0]:142575072 [1]:24681140 [2]:167 [3]:356
[0]:142773616 [1]:24727079 [2]:167 [3]:359
[0]:143002139 [1]:24761726 [2]:167 [3]:353
[0]:143207982 [1]:24792199 [2]:167 [3]:85
[0]:143420342 [1]:24823661 [2]:165 [3]:82
[0]:143631068 [1]:24854843 [2]:165 [3]:371
[0]:143837990 [1]:24885591 [2]:165 [3]:361
[0]:144050588 [1]:24917093 [2]:165 [3]:362
[0]:144259495 [1]:24948040 [2]:165 [3]:360
[0]:144480528 [1]:24980895 [2]:165 [3]:364
[0]:144689295 [1]:25011808 [2]:165 [3]:370
[0]:144901589 [1]:25043359 [2]:165 [3]:364
[0]:145110889 [1]:25074409 [2]:165 [3]:360
[0]:145317481 [1]:25105102 [2]:165 [3]:357
[0]:145521967 [1]:25135383 [2]:165 [3]:369
[0]:145733524 [1]:25166751 [2]:165 [3]:360
[0]:145942484 [1]:25197690 [2]:165 [3]:359
[0]:146145460 [1]:25227838 [2]:165 [3]:360
[0]:146356197 [1]:25259145 [2]:165 [3]:365
[0]:146556827 [1]:25288915 [2]:165 [3]:372
[0]:146770685 [1]:25320657 [2]:165 [3]:362
[0]:146974870 [1]:25351087 [2]:152 [3]:76
[0]:147178685 [1]:25381314 [2]:152 [3]:79
[0]:147384754 [1]:25411875 [2]:152 [3]:367
[0]:147605032 [1]:25444747 [2]:152 [3]:367
[0]:147812879 [1]:25475568 [2]:152 [3]:363
[0]:148043737 [1]:25509896 [2]:152 [3]:367
[0]:148251242 [1]:25540705 [2]:152 [3]:363
[0]:148460087 [1]:25571686 [2]:152 [3]:79
[0]:148661460 [1]:25601580 [2]:152 [3]:370
[0]:148869194 [1]:25632363 [2]:152 [3]:372
[0]:149090334 [1]:25665213 [2]:152 [3]:82
[0]:149307619 [1]:25697406 [2]:152 [3]:361
[0]:149511791 [1]:25727708 [2]:152 [3]:353
[0]:149747642 [1]:25762696 [2]:152 [3]:365
[0]:149961900 [1]:25794430 [2]:152 [3]:371
[0]:150185791 [1]:25827766 [2]:152 [3]:78
[0]:150408739 [1]:25860866 [2]:152 [3]:357
[0]:150612066 [1]:25891117 [2]:151 [3]:362
[0]:150824569 [1]:25922687 [2]:151 [3]:365
[0]:151028967 [1]:25953095 [2]:151 [3]:369
[0]:151236945 [1]:25983916 [2]:151 [3]:358
[0]:151486586 [1]:26020884 [2]:151 [3]:364
[0]:151698790 [1]:26052313 [2]:151 [3]:83
[0]:151910225 [1]:26083664 [2]:151 [3]:84
[0]:152137158 [1]:26117512 [2]:151 [3]:81
[0]:152344993 [1]:26148338 [2]:151 [3]:365
[0]:152550583 [1]:26178841 [2]:151 [3]:369
[0]:152758178 [1]:26209585 [2]:151 [3]:79
[0]:152999669 [1]:26245456 [2]:151 [3]:369
[0]:153200849 [1]:26275395 [2]:151 [3]:87
[0]:153409972 [1]:26306321 [2]:151 [3]:75
[0]:153615091 [1]:26336726 [2]:151 [3]:369
[0]:153863048 [1]:26373564 [2]:151 [3]:371
[0]:154075843 [1]:26405235 [2]:151 [3]:357
[0]:154291210 [1]:26437175 [2]:151 [3]:368
[0]:154501071 [1]:26468437 [2]:151 [3]:361
[0]:154714325 [1]:26500114 [2]:151 [3]:365
[0]:154946797 [1]:26534593 [2]:151 [3]:361
[0]:155163592 [1]:26566786 [2]:151 [3]:350
[0]:155387951 [1]:26600219 [2]:151 [3]:368
[0]:155613800 [1]:26633769 [2]:151 [3]:372
[0]:155821410 [1]:26664633 [2]:151 [3]:361
[0]:156055541 [1]:26699255 [2]:151 [3]:74
[0]:156266675 [1]:26730480 [2]:151 [3]:80
[0]:156485069 [1]:26762889 [2]:151 [3]:369
[0]:156724050 [1]:26798402 [2]:151 [3]:369
[0]:156932938 [1]:26829364 [2]:151 [3]:359
[0]:157145698 [1]:26860911 [2]:151 [3]:365
[0]:157347407 [1]:26890902 [2]:151 [3]:369
[0]:157571287 [1]:26924231 [2]:151 [3]:75
[0]:157779800 [1]:26955085 [2]:151 [3]:370
[0]:158000797 [1]:26987955 [2]:151 [3]:364
[0]:158213603 [1]:27019504 [2]:151 [3]:363
[0]:158434257 [1]:27052392 [2]:151 [3]:367
[0]:158653924 [1]:27084930 [2]:151 [3]:366
[0]:158870107 [1]:27116980 [2]:151 [3]:371
[0]:159081381 [1]:27148324 [2]:151 [3]:366
[0]:159301269 [1]:27180903 [2]:151 [3]:365
[0]:159541605 [1]:27216584 [2]:151 [3]:364
[0]:159752995 [1]:27247928 [2]:151 [3]:80
[0]:159978843 [1]:27281388 [2]:151 [3]:359
[0]:160199767 [1]:27314208 [2]:151 [3]:359
[0]:160412560 [1]:27345795 [2]:151 [3]:375
[0]:160621441 [1]:27376804 [2]:151 [3]:353
[0]:160869015 [1]:27413485 [2]:151 [3]:362
[0]:161078606 [1]:27444549 [2]:151 [3]:361
[0]:161317760 [1]:27480000 [2]:151 [3]:357
[0]:161563474 [1]:27516467 [2]:151 [3]:80
[0]:161789804 [1]:27550054 [2]:151 [3]:359
[0]:161985048 [1]:27578987 [2]:151 [3]:359
[0]:162225419 [1]:27614491 [2]:151 [3]:367
[0]:162436688 [1]:27645880 [2]:151 [3]:88
[0]:162642652 [1]:27676421 [2]:151 [3]:373
[0]:162850556 [1]:27707360 [2]:151 [3]:367
[0]:163064990 [1]:27739102 [2]:151 [3]:367
[0]:163273335 [1]:27770058 [2]:151 [3]:365
[0]:163476969 [1]:27800255 [2]:151 [3]:80
[0]:163758475 [1]:27842047 [2]:151 [3]:76
[0]:163968171 [1]:27873236 [2]:151 [3]:359
[0]:164172269 [1]:27903499 [2]:151 [3]:362
[0]:164380988 [1]:27934428 [2]:151 [3]:360
[0]:164613610 [1]:27968934 [2]:151 [3]:364
[0]:164826420 [1]:28000523 [2]:151 [3]:358
[0]:165039364 [1]:28032052 [2]:151 [3]:369
[0]:165249020 [1]:28063216 [2]:151 [3]:357
[0]:165456706 [1]:28094185 [2]:151 [3]:80
[0]:165680915 [1]:28127555 [2]:151 [3]:361
[0]:165917956 [1]:28162673 [2]:151 [3]:355
[0]:166126663 [1]:28193585 [2]:151 [3]:364
[0]:166343556 [1]:28225723 [2]:151 [3]:365
[0]:166556497 [1]:28257226 [2]:151 [3]:363
[0]:166788889 [1]:28291814 [2]:151 [3]:85
[0]:166997840 [1]:28322782 [2]:151 [3]:77
[0]:167202785 [1]:28353147 [2]:151 [3]:361
[0]:167407423 [1]:28383639 [2]:151 [3]:375
[0]:167609120 [1]:28413712 [2]:151 [3]:362
[0]:167852871 [1]:28449914 [2]:151 [3]:364
[0]:168057798 [1]:28480269 [2]:151 [3]:364
[0]:168286534 [1]:28514231 [2]:151 [3]:363
[0]:168507265 [1]:28546998 [2]:151 [3]:367
[0]:168715850 [1]:28578040 [2]:151 [3]:366
[0]:169002123 [1]:28620607 [2]:151 [3]:359
[0]:169235198 [1]:28655215 [2]:151 [3]:370
[0]:169456720 [1]:28688127 [2]:151 [3]:367
[0]:169692002 [1]:28723015 [2]:151 [3]:367
[0]:169899018 [1]:28753772 [2]:151 [3]:363
[0]:170107001 [1]:28784522 [2]:151 [3]:366
[0]:170311753 [1]:28814962 [2]:151 [3]:84
[0]:170516877 [1]:28845523 [2]:151 [3]:359
[0]:170729579 [1]:28877090 [2]:151 [3]:368
[0]:170934470 [1]:28907531 [2]:151 [3]:365
[0]:171139426 [1]:28937918 [2]:151 [3]:361
[0]:171352302 [1]:28969529 [2]:151 [3]:355
[0]:171557059 [1]:28999964 [2]:151 [3]:358
[0]:171762002 [1]:29030357 [2]:151 [3]:68
[0]:171974908 [1]:29061986 [2]:151 [3]:359
[0]:172175876 [1]:29091852 [2]:151 [3]:371
[0]:172397988 [1]:29133910 [2]:151 [3]:364
[0]:172599756 [1]:29180551 [2]:151 [3]:359
[0]:172808454 [1]:29228736 [2]:151 [3]:365
[0]:173004469 [1]:29273944 [2]:151 [3]:362
[0]:173200486 [1]:29319256 [2]:151 [3]:355
[0]:173418420 [1]:29369632 [2]:151 [3]:363
[0]:173638008 [1]:29420398 [2]:151 [3]:359
[0]:173842013 [1]:29467453 [2]:151 [3]:362
[0]:174043925 [1]:29514136 [2]:151 [3]:57
[0]:174287575 [1]:29570431 [2]:151 [3]:61
[0]:174486023 [1]:29616349 [2]:151 [3]:369
[0]:174686049 [1]:29662601 [2]:151 [3]:356
[0]:174884036 [1]:29708278 [2]:151 [3]:359
[0]:175086849 [1]:29755179 [2]:165 [3]:363
[0]:175290713 [1]:29802304 [2]:165 [3]:62
[0]:175499705 [1]:29850622 [2]:165 [3]:351
[0]:175692085 [1]:29895045 [2]:165 [3]:368
[0]:175906388 [1]:29944599 [2]:165 [3]:355
[0]:176107542 [1]:29991073 [2]:165 [3]:371
[0]:176303093 [1]:30036195 [2]:165 [3]:365
[0]:176496287 [1]:30080852 [2]:165 [3]:364
[0]:176705364 [1]:30129077 [2]:165 [3]:363
[0]:176905122 [1]:30175280 [2]:165 [3]:361
[0]:177171624 [1]:30236874 [2]:165 [3]:360
[0]:177365654 [1]:30281750 [2]:165 [3]:358
[0]:177559963 [1]:30326586 [2]:165 [3]:355
[0]:177754705 [1]:30371595 [2]:167 [3]:359
[0]:177974336 [1]:30422322 [2]:167 [3]:364
[0]:178194648 [1]:30473210 [2]:167 [3]:366
[0]:178393725 [1]:30519256 [2]:167 [3]:61
[0]:178586505 [1]:30563747 [2]:167 [3]:363
[0]:178785389 [1]:30609739 [2]:167 [3]:59
[0]:178979034 [1]:30654423 [2]:167 [3]:366
[0]:179187427 [1]:30702580 [2]:167 [3]:358
[0]:179387614 [1]:30748851 [2]:167 [3]:361
[0]:179586810 [1]:30794820 [2]:167 [3]:359
[0]:179795067 [1]:30842931 [2]:167 [3]:364
[0]:179993563 [1]:30888831 [2]:167 [3]:363
[0]:180187582 [1]:30933692 [2]:167 [3]:354
[0]:180392045 [1]:30980873 [2]:167 [3]:358
[0]:180594326 [1]:31027700 [2]:167 [3]:364
[0]:180822105 [1]:31080283 [2]:167 [3]:362
[0]:181014835 [1]:31124796 [2]:167 [3]:359
[0]:181210093 [1]:31170017 [2]:167 [3]:363
[0]:181402620 [1]:31214445 [2]:167 [3]:353
[0]:181598552 [1]:31259720 [2]:167 [3]:358
[0]:181794042 [1]:31304891 [2]:167 [3]:57
[0]:181982870 [1]:31348478 [2]:167 [3]:355
[0]:182180665 [1]:31394195 [2]:167 [3]:355
[0]:182367788 [1]:31437440 [2]:167 [3]:361
[0]:182557407 [1]:31481282 [2]:167 [3]:361
[0]:182758639 [1]:31527748 [2]:167 [3]:361
[0]:182964309 [1]:31575257 [2]:167 [3]:356
[0]:183166050 [1]:31621797 [2]:167 [3]:360
[0]:183412693 [1]:31678778 [2]:167 [3]:367
[0]:183605952 [1]:31723491 [2]:167 [3]:362
[0]:183800349 [1]:31768467 [2]:167 [3]:360
[0]:184025100 [1]:31820360 [2]:167 [3]:360
[0]:184218367 [1]:31864968 [2]:167 [3]:365
[0]:184420151 [1]:31911563 [2]:167 [3]:360
[0]:184618016 [1]:31957306 [2]:167 [3]:360
[0]:184815787 [1]:32002974 [2]:167 [3]:59
[0]:185021201 [1]:32050383 [2]:167 [3]:361
[0]:185226426 [1]:32097803 [2]:167 [3]:364
[0]:185424080 [1]:32143534 [2]:167 [3]:358
[0]:185618181 [1]:32188443 [2]:167 [3]:363
[0]:185862979 [1]:32245025 [2]:167 [3]:362
[0]:186061977 [1]:32290948 [2]:167 [3]:362
[0]:186260004 [1]:32336672 [2]:167 [3]:367
[0]:186455850 [1]:32381907 [2]:167 [3]:358
[0]:186645880 [1]:32425793 [2]:167 [3]:362
[0]:186841057 [1]:32470889 [2]:167 [3]:357
[0]:187036361 [1]:32515934 [2]:167 [3]:354
[0]:187230711 [1]:32560851 [2]:167 [3]:358
[0]:187431996 [1]:32607346 [2]:167 [3]:359
[0]:187626403 [1]:32652251 [2]:167 [3]:360
[0]:187837371 [1]:32700965 [2]:167 [3]:364
[0]:188033302 [1]:32746267 [2]:167 [3]:364
[0]:188238475 [1]:32793714 [2]:167 [3]:364
[0]:188463571 [1]:32845784 [2]:167 [3]:359
[0]:188663881 [1]:32892056 [2]:167 [3]:361
[0]:188857891 [1]:32936809 [2]:167 [3]:354
[0]:189086835 [1]:32989749 [2]:167 [3]:359
[0]:189305934 [1]:33040395 [2]:167 [3]:357
[0]:189511381 [1]:33087896 [2]:167 [3]:59
[0]:189705392 [1]:33132676 [2]:167 [3]:361
[0]:189906846 [1]:33179190 [2]:167 [3]:365
[0]:190112098 [1]:33226636 [2]:167 [3]:360
[0]:190317398 [1]:33274095 [2]:167 [3]:360
[0]:190518931 [1]:33320636 [2]:167 [3]:55
[0]:190712836 [1]:33365389 [2]:167 [3]:369
[0]:190910897 [1]:33411180 [2]:167 [3]:364
[0]:191112212 [1]:33457745 [2]:167 [3]:368
[0]:191313934 [1]:33504398 [2]:167 [3]:361
[0]:191506960 [1]:33548991 [2]:167 [3]:365
[0]:191709588 [1]:33595696 [2]:167 [3]:364
[0]:191914239 [1]:33643077 [2]:167 [3]:360
[0]:192145992 [1]:33696609 [2]:167 [3]:359
[0]:192365562 [1]:33747409 [2]:167 [3]:367
[0]:192560520 [1]:33792359 [2]:167 [3]:364
[0]:192762049 [1]:33838936 [2]:167 [3]:363
[0]:192952267 [1]:33882874 [2]:167 [3]:364
[0]:193149586 [1]:33928503 [2]:167 [3]:362
[0]:193344169 [1]:33973563 [2]:167 [3]:361
[0]:193537772 [1]:34018249 [2]:167 [3]:367
[0]:193737829 [1]:34064506 [2]:167 [3]:365
[0]:193930739 [1]:34109212 [2]:167 [3]:359
[0]:194124203 [1]:34153902 [2]:167 [3]:360
[0]:194368360 [1]:34210299 [2]:167 [3]:56
[0]:194574297 [1]:34257895 [2]:167 [3]:354
[0]:194769672 [1]:34303042 [2]:167 [3]:360
[0]:194974379 [1]:34350365 [2]:167 [3]:363
[0]:195172713 [1]:34396255 [2]:167 [3]:358
[0]:195400492 [1]:34448837 [2]:167 [3]:365
[0]:195618920 [1]:34499302 [2]:167 [3]:362
[0]:195818458 [1]:34545429 [2]:167 [3]:358
[0]:196020165 [1]:34592100 [2]:167 [3]:359
[0]:196217764 [1]:34637715 [2]:167 [3]:363
[0]:196415924 [1]:34683485 [2]:167 [3]:363
[0]:196615683 [1]:34729702 [2]:167 [3]:360
[0]:196845088 [1]:34782689 [2]:167 [3]:358
[0]:197044020 [1]:34828682 [2]:167 [3]:359
[0]:197236807 [1]:34873152 [2]:167 [3]:58
[0]:197427196 [1]:34917134 [2]:167 [3]:63
[0]:197628541 [1]:34963690 [2]:167 [3]:363
[0]:197822927 [1]:35008595 [2]:167 [3]:365
[0]:198014678 [1]:35052959 [2]:167 [3]:365
[0]:198207348 [1]:35097414 [2]:167 [3]:362
[0]:198408918 [1]:35144021 [2]:167 [3]:53
[0]:198606515 [1]:35189720 [2]:167 [3]:359
[0]:198804467 [1]:35235481 [2]:167 [3]:360
[0]:199002229 [1]:35281229 [2]:167 [3]:57
[0]:199196156 [1]:35325979 [2]:167 [3]:367
[0]:199390640 [1]:35370940 [2]:167 [3]:361
[0]:199587816 [1]:35416465 [2]:167 [3]:60
[0]:199793652 [1]:35464071 [2]:167 [3]:357
[0]:199995186 [1]:35510522 [2]:167 [3]:364
[0]:200192783 [1]:35556166 [2]:167 [3]:356
[0]:200384078 [1]:35600396 [2]:167 [3]:363
[0]:200599742 [1]:35650170 [2]:167 [3]:363
[0]:200724726 [1]:35679081 [2]:167 [3]:359
[0]:200724726 [1]:35679081 [2]:167 [3]:359
[0]:200724726 [1]:35679081 [2]:167 [3]:359
[0]:200724726 [1]:35679081 [2]:167 [3]:359
[0]:200724726 [1]:35679081 [2]:167 [3]:359
[0]:200724726 [1]:35679081 [2]:167 [3]:359
[0]:200724726 [1]:35679081 [2]:167 [3]:359
[0]:200724726 [1]:35679081 [2]:167 [3]:359
[0]:200724726 [1]:35679081 [2]:167 [3]:359
[0]:200724726 [1]:35679081 [2]:167 [3]:359
[0]:200724726 [1]:35679081 [2]:167 [3]:359
[0]:200724726 [1]:35679081 [2]:167 [3]:359
                                                                                                                               [0]:200724726 [1]:35679081 [2]:167 [3]:359
[0]:200724726 [1]:35679081 [2]:167 [3]:359
[0]:200724726 [1]:35679081 [2]:167 [3]:359
[0]:200724726 [1]:35679081 [2]:167 [3]:359
[0]:200724726 [1]:35679081 [2]:167 [3]:359
[0]:200724726 [1]:35679081 [2]:167 [3]:359
