[0]:55317374 [1]:55317374 [2]:0 [3]:521
[0]:55452572 [1]:55452572 [2]:0 [3]:524
[0]:55590497 [1]:55590498 [2]:0 [3]:498
[0]:55728528 [1]:55728528 [2]:0 [3]:153
[0]:55874699 [1]:55874699 [2]:0 [3]:502
[0]:56023525 [1]:56023525 [2]:0 [3]:535
[0]:56171734 [1]:56171734 [2]:0 [3]:512
[0]:56312233 [1]:56312233 [2]:0 [3]:121
[0]:56452595 [1]:56452595 [2]:0 [3]:94
[0]:56593540 [1]:56593540 [2]:0 [3]:99
[0]:56739417 [1]:56739419 [2]:0 [3]:112
[0]:56882758 [1]:56882758 [2]:0 [3]:106
[0]:57028735 [1]:57028735 [2]:0 [3]:501
[0]:57176835 [1]:57176837 [2]:0 [3]:520
[0]:57315002 [1]:57315002 [2]:0 [3]:106
[0]:57454091 [1]:57454091 [2]:0 [3]:509
[0]:57609733 [1]:57609734 [2]:0 [3]:93
[0]:57747699 [1]:57747699 [2]:0 [3]:143
[0]:57893658 [1]:57893658 [2]:0 [3]:100
[0]:58044600 [1]:58044600 [2]:0 [3]:182
[0]:58222891 [1]:58222891 [2]:0 [3]:506
[0]:58376492 [1]:58376492 [2]:0 [3]:501
[0]:58522397 [1]:58522398 [2]:0 [3]:501
[0]:58656314 [1]:58656315 [2]:0 [3]:526
[0]:58799736 [1]:58799736 [2]:0 [3]:280
[0]:58938964 [1]:58938964 [2]:0 [3]:519
[0]:59074280 [1]:59074280 [2]:0 [3]:98
[0]:59217477 [1]:59217477 [2]:0 [3]:94
[0]:59355503 [1]:59355503 [2]:0 [3]:84
[0]:59498776 [1]:59498776 [2]:0 [3]:118
[0]:59641912 [1]:59641912 [2]:0 [3]:500
[0]:59798484 [1]:59798484 [2]:0 [3]:529
[0]:59936495 [1]:59936495 [2]:0 [3]:86
[0]:60087788 [1]:60087788 [2]:0 [3]:109
[0]:60228413 [1]:60228414 [2]:0 [3]:84
[0]:60365110 [1]:60365112 [2]:0 [3]:88
[0]:60501232 [1]:60501232 [2]:0 [3]:103
[0]:60664043 [1]:60664043 [2]:0 [3]:105
[0]:60804256 [1]:60804256 [2]:0 [3]:198
[0]:60945643 [1]:60945643 [2]:0 [3]:527
[0]:61082364 [1]:61082364 [2]:0 [3]:91
[0]:61223372 [1]:61223373 [2]:0 [3]:131
[0]:61432194 [1]:61432194 [2]:0 [3]:170
[0]:61581244 [1]:61581243 [2]:0 [3]:86
[0]:61718018 [1]:61718019 [2]:0 [3]:112
[0]:61862665 [1]:61862665 [2]:0 [3]:80
[0]:62001938 [1]:62001939 [2]:0 [3]:129
[0]:62144065 [1]:62144065 [2]:0 [3]:96
[0]:62287240 [1]:62287240 [2]:0 [3]:161
[0]:62429969 [1]:62429970 [2]:0 [3]:120
[0]:62565984 [1]:62565984 [2]:0 [3]:516
[0]:62709175 [1]:62709177 [2]:0 [3]:517
[0]:62881376 [1]:62881376 [2]:0 [3]:528
[0]:63018594 [1]:63018594 [2]:0 [3]:108
[0]:63156780 [1]:63156782 [2]:0 [3]:94
[0]:63294711 [1]:63294711 [2]:0 [3]:95
[0]:63433444 [1]:63433444 [2]:0 [3]:209
[0]:63576093 [1]:63576093 [2]:0 [3]:524
[0]:63714224 [1]:63714224 [2]:0 [3]:115
[0]:63847272 [1]:63847272 [2]:0 [3]:526
[0]:64000959 [1]:64000959 [2]:0 [3]:503
[0]:64136510 [1]:64136510 [2]:0 [3]:107
[0]:64275611 [1]:64275613 [2]:0 [3]:513
[0]:64425680 [1]:64425681 [2]:0 [3]:99
[0]:64559324 [1]:64559324 [2]:0 [3]:518
[0]:64705810 [1]:64705810 [2]:0 [3]:217
[0]:64844814 [1]:64844815 [2]:0 [3]:142
[0]:64977578 [1]:64977580 [2]:0 [3]:504
[0]:65160639 [1]:65160639 [2]:0 [3]:74
[0]:65297322 [1]:65297323 [2]:0 [3]:496
[0]:65433848 [1]:65433849 [2]:0 [3]:525
[0]:65574776 [1]:65574777 [2]:0 [3]:107
[0]:65715040 [1]:65715040 [2]:0 [3]:88
[0]:65886980 [1]:65886980 [2]:0 [3]:509
[0]:66025568 [1]:66025568 [2]:0 [3]:114
[0]:66166132 [1]:66166132 [2]:0 [3]:104
[0]:66308460 [1]:66308460 [2]:0 [3]:506
[0]:66469837 [1]:66469837 [2]:0 [3]:504
[0]:66614558 [1]:66614558 [2]:0 [3]:107
[0]:66755207 [1]:66755208 [2]:0 [3]:506
[0]:66898450 [1]:66898450 [2]:0 [3]:127
[0]:67036385 [1]:67036385 [2]:0 [3]:535
[0]:67174423 [1]:67174423 [2]:0 [3]:102
[0]:67341708 [1]:67341709 [2]:0 [3]:132
[0]:67492733 [1]:67492733 [2]:0 [3]:518
[0]:67662674 [1]:67662674 [2]:0 [3]:510
[0]:67810679 [1]:67810679 [2]:0 [3]:101
[0]:67956975 [1]:67956975 [2]:0 [3]:128
[0]:68102977 [1]:68102977 [2]:0 [3]:107
[0]:68304898 [1]:68304899 [2]:0 [3]:72
[0]:68450483 [1]:68450483 [2]:0 [3]:517
[0]:68620313 [1]:68620313 [2]:0 [3]:105
[0]:68760996 [1]:68760996 [2]:0 [3]:529
[0]:68951996 [1]:68951997 [2]:0 [3]:506
[0]:69082237 [1]:69082237 [2]:0 [3]:152
[0]:69225225 [1]:69225225 [2]:0 [3]:82
[0]:69359796 [1]:69359796 [2]:0 [3]:518
[0]:69498419 [1]:69498421 [2]:0 [3]:511
[0]:69641817 [1]:69641818 [2]:0 [3]:125
[0]:69785164 [1]:69785164 [2]:0 [3]:156
[0]:69930921 [1]:69930921 [2]:0 [3]:101
[0]:70076948 [1]:70076949 [2]:0 [3]:104
[0]:70219085 [1]:70219085 [2]:0 [3]:503
[0]:70364948 [1]:70364948 [2]:0 [3]:497
[0]:70517395 [1]:70517395 [2]:0 [3]:521
[0]:70666474 [1]:70666474 [2]:0 [3]:510
[0]:70846723 [1]:70846723 [2]:0 [3]:109
[0]:70993558 [1]:70993559 [2]:0 [3]:240
[0]:71134795 [1]:71134796 [2]:0 [3]:124
[0]:71278793 [1]:71278793 [2]:0 [3]:525
[0]:71416810 [1]:71416810 [2]:0 [3]:74
[0]:71556168 [1]:71556168 [2]:0 [3]:94
[0]:71698052 [1]:71698052 [2]:0 [3]:109
[0]:71862417 [1]:71862418 [2]:0 [3]:75
[0]:72003238 [1]:72003238 [2]:0 [3]:515
[0]:72151833 [1]:72151833 [2]:0 [3]:64
[0]:72294722 [1]:72294722 [2]:0 [3]:516
[0]:72452684 [1]:72452684 [2]:0 [3]:95
[0]:72599017 [1]:72599018 [2]:0 [3]:493
[0]:72772599 [1]:72772601 [2]:0 [3]:99
[0]:72916064 [1]:72916064 [2]:0 [3]:93
[0]:73052252 [1]:73052252 [2]:0 [3]:518
[0]:73191883 [1]:73191883 [2]:0 [3]:152
[0]:73340467 [1]:73340467 [2]:0 [3]:498
[0]:73483351 [1]:73483351 [2]:0 [3]:497
[0]:73626930 [1]:73626930 [2]:0 [3]:88
[0]:73775264 [1]:73775265 [2]:0 [3]:506
[0]:73924196 [1]:73924197 [2]:0 [3]:125
[0]:74059432 [1]:74059432 [2]:0 [3]:100
[0]:74206944 [1]:74206944 [2]:0 [3]:112
[0]:74346051 [1]:74346051 [2]:0 [3]:127
[0]:74489085 [1]:74489085 [2]:0 [3]:508
[0]:74629933 [1]:74629935 [2]:0 [3]:122
[0]:74786502 [1]:74786502 [2]:0 [3]:515
[0]:74926868 [1]:74926868 [2]:0 [3]:107
[0]:75080192 [1]:75080192 [2]:0 [3]:100
[0]:75224202 [1]:75224202 [2]:0 [3]:247
[0]:75367472 [1]:75367473 [2]:0 [3]:90
[0]:75510109 [1]:75510109 [2]:0 [3]:80
[0]:75654565 [1]:75654565 [2]:0 [3]:154
[0]:75796786 [1]:75796787 [2]:0 [3]:113
[0]:75933472 [1]:75933474 [2]:0 [3]:90
[0]:76068445 [1]:76068445 [2]:0 [3]:99
[0]:76213902 [1]:76213902 [2]:0 [3]:515
[0]:76349191 [1]:76349191 [2]:0 [3]:518
[0]:76485693 [1]:76485693 [2]:0 [3]:518
[0]:76626961 [1]:76626961 [2]:0 [3]:104
[0]:76766568 [1]:76766568 [2]:0 [3]:128
[0]:76901073 [1]:76901073 [2]:0 [3]:92
[0]:77044283 [1]:77044285 [2]:0 [3]:89
[0]:77185022 [1]:77185024 [2]:0 [3]:139
[0]:77317284 [1]:77317285 [2]:0 [3]:114
[0]:77453608 [1]:77453608 [2]:0 [3]:519
[0]:77588235 [1]:77588235 [2]:0 [3]:525
[0]:77755429 [1]:77755429 [2]:0 [3]:90
[0]:77907325 [1]:77907326 [2]:0 [3]:150
[0]:78044615 [1]:78044615 [2]:0 [3]:521
[0]:78195537 [1]:78195540 [2]:0 [3]:512
[0]:78339078 [1]:78339078 [2]:0 [3]:110
[0]:78495057 [1]:78495057 [2]:0 [3]:111
[0]:78631042 [1]:78631042 [2]:0 [3]:95
[0]:78800659 [1]:78800659 [2]:0 [3]:101
[0]:78944015 [1]:78944015 [2]:0 [3]:500
[0]:79116452 [1]:79116453 [2]:0 [3]:205
[0]:79260924 [1]:79260924 [2]:0 [3]:504
[0]:79402986 [1]:79402986 [2]:0 [3]:110
[0]:79543659 [1]:79543659 [2]:0 [3]:81
[0]:79682026 [1]:79682026 [2]:0 [3]:100
[0]:79855970 [1]:79855971 [2]:0 [3]:144
[0]:80001458 [1]:80001460 [2]:0 [3]:516
[0]:80143094 [1]:80143095 [2]:0 [3]:92
[0]:80291763 [1]:80291764 [2]:0 [3]:106
[0]:80434855 [1]:80434856 [2]:0 [3]:513
[0]:80580988 [1]:80580988 [2]:0 [3]:118
[0]:80737549 [1]:80737548 [2]:0 [3]:106
[0]:80881416 [1]:80881416 [2]:0 [3]:522
[0]:81016005 [1]:81016005 [2]:0 [3]:83
[0]:81167250 [1]:81167250 [2]:0 [3]:501
[0]:81305159 [1]:81305160 [2]:0 [3]:103
[0]:81445828 [1]:81445828 [2]:0 [3]:96
[0]:81591810 [1]:81591810 [2]:0 [3]:95
[0]:81730605 [1]:81730605 [2]:0 [3]:130
[0]:81872995 [1]:81872995 [2]:0 [3]:100
[0]:82013226 [1]:82013226 [2]:0 [3]:506
[0]:82156888 [1]:82156888 [2]:0 [3]:119
[0]:82297498 [1]:82297498 [2]:0 [3]:539
[0]:82440799 [1]:82440799 [2]:0 [3]:509
[0]:82576152 [1]:82576152 [2]:0 [3]:115
[0]:82713310 [1]:82713311 [2]:0 [3]:92
[0]:82860172 [1]:82860172 [2]:0 [3]:84
[0]:83053645 [1]:83053645 [2]:0 [3]:121
