[0]:949428172 [1]:949428195 [2]:0 [3]:8
[0]:950520142 [1]:950520144 [2]:0 [3]:51
[0]:951567615 [1]:951567615 [2]:0 [3]:51
[0]:952901524 [1]:952901524 [2]:0 [3]:44
[0]:953945492 [1]:953945492 [2]:0 [3]:17
[0]:954992898 [1]:954992905 [2]:0 [3]:10
[0]:956213214 [1]:956213216 [2]:0 [3]:13
[0]:957545418 [1]:957545428 [2]:0 [3]:9
[0]:958785259 [1]:958785258 [2]:0 [3]:12
[0]:959941638 [1]:959941672 [2]:0 [3]:16
[0]:960950435 [1]:960950434 [2]:0 [3]:49
[0]:962038688 [1]:962038688 [2]:0 [3]:15
[0]:963092817 [1]:963092819 [2]:0 [3]:56
[0]:964125512 [1]:964125514 [2]:0 [3]:8
[0]:965164193 [1]:965164196 [2]:0 [3]:12
[0]:966252263 [1]:966252263 [2]:0 [3]:43
[0]:967377753 [1]:967377753 [2]:0 [3]:13
[0]:968441844 [1]:968441844 [2]:0 [3]:13
[0]:969451364 [1]:969451368 [2]:0 [3]:16
[0]:970514229 [1]:970514224 [2]:0 [3]:10
[0]:971593982 [1]:971593982 [2]:0 [3]:50
[0]:972629170 [1]:972629176 [2]:0 [3]:52
[0]:973731437 [1]:973731439 [2]:0 [3]:49
[0]:975128034 [1]:975128034 [2]:0 [3]:9
[0]:976417197 [1]:976417195 [2]:0 [3]:13
[0]:977711367 [1]:977711373 [2]:0 [3]:10
[0]:979118638 [1]:979118641 [2]:0 [3]:13
[0]:980343972 [1]:980343975 [2]:0 [3]:49
[0]:981488170 [1]:981488167 [2]:0 [3]:15
[0]:982653303 [1]:982653324 [2]:0 [3]:9
[0]:983816566 [1]:983816566 [2]:0 [3]:14
[0]:985010438 [1]:985010447 [2]:0 [3]:9
[0]:986259778 [1]:986259778 [2]:0 [3]:47
[0]:987424034 [1]:987424062 [2]:0 [3]:48
[0]:988806495 [1]:988806504 [2]:0 [3]:12
[0]:990266176 [1]:990266214 [2]:0 [3]:6
[0]:991597083 [1]:991597084 [2]:0 [3]:49
[0]:992761553 [1]:992761559 [2]:0 [3]:52
[0]:993959672 [1]:993959717 [2]:0 [3]:6
[0]:995104498 [1]:995104507 [2]:0 [3]:13
[0]:996290318 [1]:996290341 [2]:0 [3]:16
[0]:997538121 [1]:997538126 [2]:0 [3]:6
[0]:998572540 [1]:998572540 [2]:0 [3]:59
[0]:999614594 [1]:999614594 [2]:0 [3]:14
[0]:1000682515 [1]:1000682520 [2]:0 [3]:49
[0]:1001716460 [1]:1001716449 [2]:0 [3]:57
[0]:1002755424 [1]:1002755426 [2]:0 [3]:9
[0]:1003769509 [1]:1003769511 [2]:0 [3]:13
[0]:1004791888 [1]:1004791888 [2]:0 [3]:49
[0]:1005864609 [1]:1005864610 [2]:0 [3]:14
[0]:1007052211 [1]:1007052224 [2]:0 [3]:8
[0]:1008090829 [1]:1008090837 [2]:0 [3]:16
[0]:1009152807 [1]:1009152811 [2]:0 [3]:56
[0]:1010232674 [1]:1010232674 [2]:0 [3]:52
[0]:1011374891 [1]:1011374900 [2]:0 [3]:16
[0]:1012537536 [1]:1012537545 [2]:0 [3]:51
[0]:1013631770 [1]:1013631768 [2]:0 [3]:45
[0]:1015030226 [1]:1015030238 [2]:0 [3]:13
[0]:1016509316 [1]:1016509349 [2]:0 [3]:14
[0]:1017535793 [1]:1017535802 [2]:0 [3]:15
[0]:1018558831 [1]:1018558831 [2]:0 [3]:14
[0]:1019694307 [1]:1019694314 [2]:0 [3]:53
[0]:1020757950 [1]:1020758001 [2]:0 [3]:7
[0]:1021835579 [1]:1021835579 [2]:0 [3]:50
[0]:1022867918 [1]:1022867928 [2]:0 [3]:7
[0]:1024058618 [1]:1024058618 [2]:0 [3]:14
[0]:1025245475 [1]:1025245485 [2]:0 [3]:12
[0]:1026405423 [1]:1026405419 [2]:0 [3]:48
[0]:1027600597 [1]:1027600599 [2]:0 [3]:20
[0]:1028660690 [1]:1028660690 [2]:0 [3]:50
[0]:1029848183 [1]:1029848189 [2]:0 [3]:50
[0]:1030942336 [1]:1030942339 [2]:0 [3]:13
[0]:1032004970 [1]:1032004966 [2]:0 [3]:12
[0]:1033308115 [1]:1033308114 [2]:0 [3]:13
[0]:1034593349 [1]:1034593360 [2]:0 [3]:48
[0]:1035995901 [1]:1035995901 [2]:0 [3]:12
[0]:1037173597 [1]:1037173598 [2]:0 [3]:11
[0]:1038710287 [1]:1038710290 [2]:0 [3]:15
