[0]:185002617 [1]:185002617 [2]:0 [3]:15
[0]:186287698 [1]:186287698 [2]:0 [3]:16
[0]:187686122 [1]:187686122 [2]:0 [3]:13
[0]:188870985 [1]:188870989 [2]:0 [3]:48
[0]:190051188 [1]:190051207 [2]:0 [3]:10
[0]:191154895 [1]:191154903 [2]:0 [3]:9
[0]:192323434 [1]:192323434 [2]:0 [3]:15
[0]:193489593 [1]:193489597 [2]:0 [3]:10
[0]:195107431 [1]:195107432 [2]:0 [3]:16
[0]:196256230 [1]:196256231 [2]:0 [3]:15
[0]:197505451 [1]:197505448 [2]:0 [3]:13
[0]:198721077 [1]:198721073 [2]:0 [3]:16
[0]:199905698 [1]:199905699 [2]:0 [3]:52
[0]:201105869 [1]:201105874 [2]:0 [3]:13
[0]:202320235 [1]:202320239 [2]:0 [3]:14
[0]:203467684 [1]:203467688 [2]:0 [3]:12
[0]:204546080 [1]:204546081 [2]:0 [3]:8
[0]:205554046 [1]:205554046 [2]:0 [3]:15
[0]:206632957 [1]:206632959 [2]:0 [3]:13
[0]:207668459 [1]:207668461 [2]:0 [3]:12
[0]:208737720 [1]:208737722 [2]:0 [3]:16
[0]:209757148 [1]:209757152 [2]:0 [3]:14
[0]:211065525 [1]:211065544 [2]:0 [3]:17
[0]:212065954 [1]:212065958 [2]:0 [3]:14
[0]:213052800 [1]:213052802 [2]:0 [3]:50
[0]:214119028 [1]:214119035 [2]:0 [3]:16
[0]:215146470 [1]:215146470 [2]:0 [3]:45
[0]:216417516 [1]:216417524 [2]:0 [3]:49
[0]:217449854 [1]:217449882 [2]:0 [3]:50
[0]:218460656 [1]:218460658 [2]:0 [3]:50
[0]:219844446 [1]:219844446 [2]:0 [3]:15
[0]:221255892 [1]:221255913 [2]:0 [3]:12
[0]:222386235 [1]:222386239 [2]:0 [3]:9
[0]:223454145 [1]:223454150 [2]:0 [3]:51
[0]:224494531 [1]:224494538 [2]:0 [3]:57
[0]:225531305 [1]:225531307 [2]:0 [3]:11
[0]:226781095 [1]:226781100 [2]:0 [3]:57
[0]:227790987 [1]:227790987 [2]:0 [3]:15
[0]:228785920 [1]:228785920 [2]:0 [3]:55
[0]:229826943 [1]:229826964 [2]:0 [3]:49
[0]:231018864 [1]:231018862 [2]:0 [3]:15
[0]:232081202 [1]:232081204 [2]:0 [3]:14
[0]:233181712 [1]:233181721 [2]:0 [3]:46
[0]:234222407 [1]:234222408 [2]:0 [3]:49
[0]:235258782 [1]:235258788 [2]:0 [3]:14
[0]:236449131 [1]:236449138 [2]:0 [3]:11
[0]:237459133 [1]:237459133 [2]:0 [3]:12
[0]:238624336 [1]:238624336 [2]:0 [3]:55
[0]:239948489 [1]:239948495 [2]:0 [3]:12
[0]:241264429 [1]:241264429 [2]:0 [3]:50
[0]:242437623 [1]:242437649 [2]:0 [3]:15
[0]:243601642 [1]:243601642 [2]:0 [3]:10
[0]:244784021 [1]:244784117 [2]:0 [3]:45
[0]:245959619 [1]:245959625 [2]:0 [3]:48
[0]:247149036 [1]:247149037 [2]:0 [3]:46
[0]:248298626 [1]:248298627 [2]:0 [3]:57
[0]:249463015 [1]:249463017 [2]:0 [3]:51
[0]:250611700 [1]:250611702 [2]:0 [3]:11
[0]:251880210 [1]:251880262 [2]:0 [3]:12
[0]:253034549 [1]:253034553 [2]:0 [3]:47
[0]:254159383 [1]:254159401 [2]:0 [3]:14
[0]:255305875 [1]:255305896 [2]:0 [3]:9
[0]:256470565 [1]:256470568 [2]:0 [3]:48
[0]:257593755 [1]:257593758 [2]:0 [3]:11
[0]:258899117 [1]:258899116 [2]:0 [3]:38
[0]:260021968 [1]:260021973 [2]:0 [3]:11
[0]:261208818 [1]:261208825 [2]:0 [3]:49
[0]:262348112 [1]:262348112 [2]:0 [3]:49
[0]:263459153 [1]:263459172 [2]:0 [3]:12
[0]:264522651 [1]:264522653 [2]:0 [3]:48
[0]:265508873 [1]:265508874 [2]:0 [3]:49
[0]:266510525 [1]:266510529 [2]:0 [3]:10
[0]:267598794 [1]:267598796 [2]:0 [3]:14
[0]:268603256 [1]:268603260 [2]:0 [3]:46
[0]:269614859 [1]:269614864 [2]:0 [3]:13
[0]:270640755 [1]:270640758 [2]:0 [3]:14
[0]:271673826 [1]:271673826 [2]:0 [3]:10
[0]:272735222 [1]:272735223 [2]:0 [3]:16
[0]:273789583 [1]:273789586 [2]:0 [3]:11
[0]:274846640 [1]:274846644 [2]:0 [3]:16
