[0]:466918324 [1]:466918346 [2]:0 [3]:55
[0]:468076680 [1]:468076680 [2]:0 [3]:50
[0]:469240268 [1]:469240268 [2]:0 [3]:21
[0]:470580640 [1]:470580644 [2]:0 [3]:20
[0]:471930202 [1]:471930219 [2]:0 [3]:52
[0]:473040415 [1]:473040426 [2]:0 [3]:17
[0]:474241413 [1]:474241413 [2]:0 [3]:19
[0]:475371435 [1]:475371433 [2]:0 [3]:12
[0]:476553654 [1]:476553656 [2]:0 [3]:16
[0]:477730208 [1]:477730211 [2]:0 [3]:19
[0]:478901561 [1]:478901561 [2]:0 [3]:15
[0]:480107836 [1]:480107836 [2]:0 [3]:16
[0]:481294458 [1]:481294459 [2]:0 [3]:16
[0]:482716101 [1]:482716111 [2]:0 [3]:15
[0]:484126219 [1]:484126224 [2]:0 [3]:18
[0]:485984831 [1]:485984848 [2]:0 [3]:14
[0]:487337192 [1]:487337189 [2]:0 [3]:19
[0]:489022203 [1]:489022217 [2]:0 [3]:17
[0]:490278767 [1]:490278770 [2]:0 [3]:16
[0]:491536997 [1]:491537008 [2]:0 [3]:17
[0]:493013616 [1]:493013617 [2]:0 [3]:58
[0]:494291813 [1]:494291821 [2]:0 [3]:17
[0]:495529119 [1]:495529125 [2]:0 [3]:18
[0]:496826911 [1]:496826901 [2]:0 [3]:23
[0]:498049936 [1]:498050014 [2]:0 [3]:11
[0]:499538584 [1]:499538647 [2]:0 [3]:54
[0]:500793781 [1]:500793780 [2]:0 [3]:16
[0]:502031073 [1]:502031074 [2]:0 [3]:11
[0]:503304496 [1]:503304496 [2]:0 [3]:56
[0]:504606794 [1]:504606795 [2]:0 [3]:24
[0]:505910631 [1]:505910649 [2]:0 [3]:15
[0]:507164970 [1]:507164976 [2]:0 [3]:15
[0]:508363332 [1]:508363343 [2]:0 [3]:13
[0]:509512621 [1]:509512618 [2]:0 [3]:55
[0]:510666517 [1]:510666517 [2]:0 [3]:48
[0]:511817826 [1]:511817842 [2]:0 [3]:11
[0]:512988105 [1]:512988127 [2]:0 [3]:18
[0]:514126196 [1]:514126203 [2]:0 [3]:21
[0]:515237650 [1]:515237655 [2]:0 [3]:19
[0]:516750015 [1]:516750016 [2]:0 [3]:53
[0]:517898242 [1]:517898249 [2]:0 [3]:15
[0]:519128829 [1]:519128847 [2]:0 [3]:56
[0]:520260541 [1]:520260543 [2]:0 [3]:19
[0]:521392743 [1]:521392749 [2]:0 [3]:19
[0]:522546514 [1]:522546513 [2]:0 [3]:14
[0]:523726548 [1]:523726572 [2]:0 [3]:57
[0]:524879855 [1]:524879855 [2]:0 [3]:20
[0]:526159833 [1]:526159833 [2]:0 [3]:14
[0]:527564333 [1]:527564357 [2]:0 [3]:17
[0]:528865968 [1]:528865975 [2]:0 [3]:16
[0]:530051561 [1]:530051581 [2]:0 [3]:12
[0]:531206864 [1]:531206869 [2]:0 [3]:11
[0]:532385702 [1]:532385699 [2]:0 [3]:17
[0]:533631765 [1]:533631769 [2]:0 [3]:16
[0]:534786131 [1]:534786140 [2]:0 [3]:14
[0]:535942153 [1]:535942153 [2]:0 [3]:27
[0]:537125817 [1]:537125819 [2]:0 [3]:15
[0]:538355874 [1]:538355874 [2]:0 [3]:19
[0]:539508934 [1]:539508940 [2]:0 [3]:17
[0]:540655863 [1]:540655885 [2]:0 [3]:20
[0]:541815507 [1]:541815507 [2]:0 [3]:17
[0]:542937132 [1]:542937145 [2]:0 [3]:52
[0]:544106048 [1]:544106061 [2]:0 [3]:15
[0]:545352354 [1]:545352354 [2]:0 [3]:15
[0]:546652440 [1]:546652445 [2]:0 [3]:10
[0]:548139719 [1]:548139719 [2]:0 [3]:49
[0]:549569824 [1]:549569824 [2]:0 [3]:14
[0]:550949552 [1]:550949565 [2]:0 [3]:57
[0]:552200519 [1]:552200547 [2]:0 [3]:15
[0]:553449766 [1]:553449766 [2]:0 [3]:18
[0]:554714138 [1]:554714137 [2]:0 [3]:18
[0]:555969197 [1]:555969195 [2]:0 [3]:18
[0]:557256533 [1]:557256567 [2]:0 [3]:16
[0]:558629707 [1]:558629718 [2]:0 [3]:13
[0]:559910863 [1]:559910865 [2]:0 [3]:20
[0]:561315752 [1]:561315764 [2]:0 [3]:49
[0]:562615451 [1]:562615456 [2]:0 [3]:55
[0]:564454725 [1]:564454732 [2]:0 [3]:52
[0]:565981032 [1]:565981034 [2]:0 [3]:15
