[0]:0 [1]:0 [2]:0 [3]:0
[0]:60689 [1]:0 [2]:0 [3]:329
[0]:301938 [1]:0 [2]:0 [3]:309
[0]:532788 [1]:0 [2]:0 [3]:309
[0]:812115 [1]:0 [2]:0 [3]:100
[0]:1036976 [1]:0 [2]:0 [3]:309
[0]:1235786 [1]:21049 [2]:120 [3]:356
[0]:1438310 [1]:43907 [2]:120 [3]:63
[0]:1631669 [1]:65757 [2]:120 [3]:355
[0]:1835185 [1]:88694 [2]:120 [3]:55
[0]:2055537 [1]:113438 [2]:120 [3]:367
[0]:2255512 [1]:135932 [2]:120 [3]:65
[0]:2460792 [1]:159126 [2]:120 [3]:78
[0]:2667027 [1]:182382 [2]:83 [3]:59
[0]:2867661 [1]:204952 [2]:83 [3]:367
[0]:3071114 [1]:227946 [2]:83 [3]:367
[0]:3273514 [1]:250806 [2]:83 [3]:62
[0]:3496245 [1]:275844 [2]:83 [3]:66
[0]:3693063 [1]:298084 [2]:83 [3]:362
[0]:3895105 [1]:320884 [2]:83 [3]:77
[0]:4095910 [1]:343548 [2]:83 [3]:67
[0]:4294156 [1]:365994 [2]:76 [3]:82
[0]:4508646 [1]:390388 [2]:76 [3]:64
[0]:4732656 [1]:415684 [2]:76 [3]:69
[0]:4972836 [1]:442834 [2]:76 [3]:368
[0]:5175347 [1]:465670 [2]:76 [3]:57
[0]:5377523 [1]:488433 [2]:76 [3]:356
[0]:5579603 [1]:511281 [2]:76 [3]:64
[0]:5782216 [1]:534154 [2]:75 [3]:61
[0]:5976942 [1]:556168 [2]:75 [3]:374
[0]:6171361 [1]:578097 [2]:75 [3]:56
[0]:6371776 [1]:600565 [2]:75 [3]:365
[0]:6579650 [1]:623918 [2]:75 [3]:59
[0]:6793251 [1]:647880 [2]:75 [3]:364
[0]:7050023 [1]:676902 [2]:75 [3]:67
[0]:7252629 [1]:699689 [2]:74 [3]:373
[0]:7451468 [1]:722004 [2]:74 [3]:74
[0]:7689069 [1]:748986 [2]:74 [3]:69
[0]:7886641 [1]:771377 [2]:74 [3]:60
[0]:8082505 [1]:793440 [2]:74 [3]:59
[0]:8279932 [1]:815721 [2]:74 [3]:362
[0]:8475191 [1]:837702 [2]:74 [3]:361
[0]:8669224 [1]:859640 [2]:74 [3]:69
[0]:8869830 [1]:882248 [2]:74 [3]:358
[0]:9088908 [1]:906915 [2]:74 [3]:345
[0]:9287239 [1]:941095 [2]:74 [3]:357
[0]:9484944 [1]:975003 [2]:74 [3]:63
[0]:9705227 [1]:1012819 [2]:74 [3]:360
[0]:9928189 [1]:1051012 [2]:74 [3]:59
[0]:10123793 [1]:1084594 [2]:74 [3]:65
[0]:10325070 [1]:1119215 [2]:74 [3]:369
[0]:10523617 [1]:1153389 [2]:74 [3]:65
[0]:10720289 [1]:1187087 [2]:94 [3]:362
[0]:10927427 [1]:1222565 [2]:94 [3]:358
[0]:11129287 [1]:1257084 [2]:94 [3]:362
[0]:11327429 [1]:1291068 [2]:94 [3]:64
[0]:11518944 [1]:1323963 [2]:94 [3]:365
[0]:11710701 [1]:1356899 [2]:94 [3]:357
[0]:11917998 [1]:1392417 [2]:94 [3]:367
[0]:12108783 [1]:1425251 [2]:94 [3]:358
[0]:12368664 [1]:1469776 [2]:94 [3]:61
[0]:12572002 [1]:1504613 [2]:104 [3]:368
[0]:12769821 [1]:1538536 [2]:104 [3]:360
[0]:12968863 [1]:1572581 [2]:104 [3]:365
[0]:13169602 [1]:1606990 [2]:104 [3]:358
[0]:13371763 [1]:1641724 [2]:104 [3]:60
[0]:13573643 [1]:1676388 [2]:104 [3]:362
[0]:13801667 [1]:1715462 [2]:104 [3]:360
[0]:14078058 [1]:1762804 [2]:104 [3]:359
[0]:14274783 [1]:1796656 [2]:104 [3]:360
[0]:14474536 [1]:1830966 [2]:104 [3]:354
[0]:14675194 [1]:1865454 [2]:106 [3]:354
[0]:14874231 [1]:1899487 [2]:106 [3]:62
[0]:15066610 [1]:1932518 [2]:106 [3]:67
[0]:15268389 [1]:1967115 [2]:106 [3]:57
[0]:15479185 [1]:2003297 [2]:106 [3]:361
[0]:15689145 [1]:2039347 [2]:106 [3]:356
[0]:15882074 [1]:2072413 [2]:106 [3]:358
[0]:16076354 [1]:2105793 [2]:106 [3]:369
[0]:16279045 [1]:2140625 [2]:106 [3]:364
[0]:16499811 [1]:2178488 [2]:107 [3]:56
[0]:16729300 [1]:2217825 [2]:107 [3]:367
[0]:16933526 [1]:2252905 [2]:107 [3]:360
[0]:17136315 [1]:2287699 [2]:107 [3]:60
[0]:17341844 [1]:2323063 [2]:107 [3]:359
[0]:17540308 [1]:2357073 [2]:107 [3]:360
[0]:17737364 [1]:2390867 [2]:107 [3]:61
[0]:17942558 [1]:2426080 [2]:107 [3]:357
[0]:18140705 [1]:2460075 [2]:107 [3]:68
[0]:18344504 [1]:2495011 [2]:107 [3]:74
[0]:18537095 [1]:2527959 [2]:107 [3]:363
[0]:18755900 [1]:2565471 [2]:107 [3]:357
[0]:18955497 [1]:2599715 [2]:107 [3]:359
[0]:19175571 [1]:2637393 [2]:107 [3]:60
[0]:19370635 [1]:2670866 [2]:107 [3]:367
[0]:19568341 [1]:2704921 [2]:107 [3]:365
[0]:19757624 [1]:2737445 [2]:107 [3]:359
[0]:19978173 [1]:2775295 [2]:107 [3]:353
[0]:20185312 [1]:2810822 [2]:107 [3]:61
[0]:20409354 [1]:2849238 [2]:107 [3]:366
[0]:20624837 [1]:2886145 [2]:107 [3]:58
[0]:20819556 [1]:2919456 [2]:107 [3]:363
[0]:21011940 [1]:2952566 [2]:107 [3]:63
[0]:21208640 [1]:2986369 [2]:107 [3]:58
[0]:21415995 [1]:3021834 [2]:107 [3]:361
[0]:21616416 [1]:3056288 [2]:107 [3]:362
[0]:21812037 [1]:3089732 [2]:107 [3]:358
[0]:22016529 [1]:3124863 [2]:107 [3]:359
[0]:22212521 [1]:3158419 [2]:107 [3]:56
[0]:22453891 [1]:3199964 [2]:107 [3]:53
[0]:22662953 [1]:3235894 [2]:107 [3]:72
[0]:22872268 [1]:3271800 [2]:107 [3]:358
[0]:23109623 [1]:3312395 [2]:107 [3]:359
[0]:23302175 [1]:3345501 [2]:107 [3]:356
[0]:23537624 [1]:3385800 [2]:107 [3]:62
[0]:23743143 [1]:3421060 [2]:107 [3]:367
[0]:23939805 [1]:3454985 [2]:107 [3]:62
[0]:24139317 [1]:3489152 [2]:107 [3]:58
[0]:24337635 [1]:3523264 [2]:107 [3]:70
[0]:24534607 [1]:3557194 [2]:107 [3]:365
[0]:24733495 [1]:3591340 [2]:107 [3]:365
[0]:24933821 [1]:3625759 [2]:107 [3]:358
[0]:25144779 [1]:3661899 [2]:107 [3]:57
[0]:25342630 [1]:3695840 [2]:107 [3]:356
[0]:25541939 [1]:3730123 [2]:107 [3]:69
[0]:25727610 [1]:3761887 [2]:107 [3]:369
[0]:25925816 [1]:3795836 [2]:107 [3]:363
[0]:26121295 [1]:3829336 [2]:107 [3]:359
[0]:26338003 [1]:3866521 [2]:107 [3]:64
[0]:26527618 [1]:3899065 [2]:107 [3]:59
[0]:26740080 [1]:3935542 [2]:107 [3]:364
[0]:26946204 [1]:3970852 [2]:107 [3]:368
[0]:27148046 [1]:4005495 [2]:107 [3]:57
[0]:27342188 [1]:4038699 [2]:107 [3]:68
[0]:27534340 [1]:4071611 [2]:107 [3]:61
[0]:27731288 [1]:4105503 [2]:107 [3]:367
[0]:27950710 [1]:4143059 [2]:107 [3]:60
[0]:28157095 [1]:4178456 [2]:107 [3]:58
[0]:28357477 [1]:4212933 [2]:107 [3]:64
[0]:28575635 [1]:4250330 [2]:107 [3]:62
[0]:28776603 [1]:4284663 [2]:107 [3]:56
[0]:28972547 [1]:4318259 [2]:107 [3]:364
[0]:29174046 [1]:4352911 [2]:107 [3]:366
[0]:29384919 [1]:4389123 [2]:107 [3]:366
[0]:29587112 [1]:4423802 [2]:107 [3]:368
[0]:29789127 [1]:4458318 [2]:107 [3]:361
[0]:29979662 [1]:4491070 [2]:107 [3]:60
[0]:30181208 [1]:4525701 [2]:107 [3]:360
[0]:30386552 [1]:4560940 [2]:107 [3]:63
[0]:30607526 [1]:4598781 [2]:107 [3]:360
[0]:30831791 [1]:4637234 [2]:107 [3]:355
[0]:31028566 [1]:4671012 [2]:107 [3]:58
[0]:31234956 [1]:4706462 [2]:107 [3]:355
[0]:31451236 [1]:4743540 [2]:107 [3]:64
[0]:31650353 [1]:4777552 [2]:107 [3]:359
[0]:31852184 [1]:4812185 [2]:107 [3]:357
[0]:32054142 [1]:4846763 [2]:107 [3]:62
[0]:32248367 [1]:4880160 [2]:107 [3]:363
[0]:32461342 [1]:4916697 [2]:107 [3]:371
[0]:32659448 [1]:4950743 [2]:107 [3]:353
[0]:32849894 [1]:4983387 [2]:107 [3]:366
[0]:33066769 [1]:5020720 [2]:107 [3]:361
[0]:33268128 [1]:5055288 [2]:107 [3]:366
[0]:33462911 [1]:5088709 [2]:107 [3]:364
[0]:33661011 [1]:5122612 [2]:107 [3]:57
[0]:33862876 [1]:5157245 [2]:107 [3]:359
[0]:34060638 [1]:5191196 [2]:107 [3]:71
[0]:34262543 [1]:5225880 [2]:107 [3]:362
[0]:34461024 [1]:5259816 [2]:107 [3]:370
[0]:34649610 [1]:5292263 [2]:107 [3]:59
[0]:34842132 [1]:5325287 [2]:107 [3]:358
[0]:35043755 [1]:5359847 [2]:107 [3]:57
[0]:35241987 [1]:5393878 [2]:107 [3]:358
[0]:35480601 [1]:5434749 [2]:107 [3]:362
[0]:35679333 [1]:5468824 [2]:107 [3]:67
[0]:35899075 [1]:5506548 [2]:107 [3]:363
[0]:36096073 [1]:5540399 [2]:107 [3]:365
[0]:36298305 [1]:5575066 [2]:107 [3]:61
[0]:36524111 [1]:5613734 [2]:107 [3]:365
[0]:36722151 [1]:5647709 [2]:107 [3]:70
[0]:36942674 [1]:5685620 [2]:107 [3]:64
[0]:37136988 [1]:5718891 [2]:107 [3]:373
[0]:37338858 [1]:5753527 [2]:107 [3]:364
[0]:37540017 [1]:5788029 [2]:107 [3]:64
[0]:37734960 [1]:5821538 [2]:107 [3]:67
[0]:37932235 [1]:5855455 [2]:107 [3]:359
[0]:38130980 [1]:5889546 [2]:107 [3]:364
[0]:38336639 [1]:5924747 [2]:107 [3]:70
[0]:38549628 [1]:5961321 [2]:107 [3]:363
[0]:38744101 [1]:5994698 [2]:107 [3]:361
