[0]:114650308 [1]:18236490 [2]:151 [3]:362
[0]:114862904 [1]:18280539 [2]:151 [3]:359
[0]:115058378 [1]:18325648 [2]:151 [3]:365
[0]:115247498 [1]:18369322 [2]:153 [3]:356
[0]:115499525 [1]:18427536 [2]:153 [3]:363
[0]:115687642 [1]:18471037 [2]:153 [3]:362
[0]:115886936 [1]:18517113 [2]:153 [3]:354
[0]:116079613 [1]:18561585 [2]:153 [3]:359
[0]:116273659 [1]:18606429 [2]:153 [3]:355
[0]:116471669 [1]:18652139 [2]:153 [3]:359
[0]:116721981 [1]:18709993 [2]:153 [3]:361
[0]:116915507 [1]:18754682 [2]:153 [3]:356
[0]:117111038 [1]:18799867 [2]:153 [3]:362
[0]:117305782 [1]:18844828 [2]:153 [3]:363
[0]:117499960 [1]:18889696 [2]:153 [3]:363
[0]:117703378 [1]:18936799 [2]:153 [3]:358
[0]:117929552 [1]:18988925 [2]:164 [3]:361
[0]:118162289 [1]:19042670 [2]:164 [3]:369
[0]:118363813 [1]:19089255 [2]:164 [3]:361
[0]:118580423 [1]:19139270 [2]:164 [3]:361
[0]:118782422 [1]:19185910 [2]:164 [3]:60
[0]:118998503 [1]:19235835 [2]:164 [3]:362
[0]:119200085 [1]:19282378 [2]:164 [3]:359
[0]:119397310 [1]:19327934 [2]:164 [3]:368
[0]:119590575 [1]:19372556 [2]:164 [3]:367
[0]:119781607 [1]:19416611 [2]:164 [3]:360
[0]:119976388 [1]:19461621 [2]:164 [3]:363
[0]:120162708 [1]:19504636 [2]:164 [3]:362
[0]:120363944 [1]:19551092 [2]:164 [3]:355
[0]:120566026 [1]:19597749 [2]:164 [3]:362
[0]:120763785 [1]:19643441 [2]:166 [3]:367
[0]:120958061 [1]:19688312 [2]:166 [3]:361
[0]:121167126 [1]:19736630 [2]:166 [3]:363
[0]:121357167 [1]:19780546 [2]:166 [3]:366
[0]:121551533 [1]:19825447 [2]:166 [3]:362
[0]:121736916 [1]:19868317 [2]:166 [3]:361
[0]:121936038 [1]:19914282 [2]:166 [3]:66
[0]:122129730 [1]:19959100 [2]:166 [3]:358
[0]:122323884 [1]:20003981 [2]:166 [3]:365
[0]:122514761 [1]:20048031 [2]:166 [3]:363
[0]:122712590 [1]:20093768 [2]:166 [3]:368
[0]:122913555 [1]:20140195 [2]:166 [3]:58
[0]:123115294 [1]:20186850 [2]:166 [3]:354
[0]:123311828 [1]:20232227 [2]:166 [3]:364
[0]:123511588 [1]:20278324 [2]:166 [3]:360
[0]:123705088 [1]:20323010 [2]:167 [3]:363
[0]:123896461 [1]:20367228 [2]:167 [3]:361
[0]:124089588 [1]:20411839 [2]:167 [3]:363
[0]:124280349 [1]:20455926 [2]:167 [3]:366
[0]:124477520 [1]:20501472 [2]:167 [3]:368
[0]:124662765 [1]:20544292 [2]:167 [3]:359
[0]:124862097 [1]:20590359 [2]:167 [3]:360
[0]:125059603 [1]:20635980 [2]:167 [3]:359
[0]:125254066 [1]:20680819 [2]:167 [3]:357
[0]:125444411 [1]:20724819 [2]:167 [3]:359
[0]:125638451 [1]:20769651 [2]:167 [3]:69
[0]:125836325 [1]:20815426 [2]:167 [3]:350
[0]:126042363 [1]:20863058 [2]:167 [3]:360
[0]:126239493 [1]:20908525 [2]:167 [3]:363
[0]:126440676 [1]:20955027 [2]:167 [3]:67
[0]:126638603 [1]:21000800 [2]:167 [3]:357
[0]:126832639 [1]:21045629 [2]:167 [3]:356
[0]:127024274 [1]:21089900 [2]:167 [3]:364
[0]:127220271 [1]:21135134 [2]:167 [3]:365
[0]:127437497 [1]:21185390 [2]:167 [3]:361
[0]:127640561 [1]:21232294 [2]:167 [3]:366
[0]:127836851 [1]:21277699 [2]:167 [3]:359
[0]:128028653 [1]:21321920 [2]:167 [3]:355
[0]:128228671 [1]:21368217 [2]:167 [3]:361
[0]:128422278 [1]:21412996 [2]:167 [3]:370
[0]:128617456 [1]:21458165 [2]:167 [3]:359
[0]:128831848 [1]:21507668 [2]:167 [3]:63
[0]:129031129 [1]:21553664 [2]:167 [3]:364
[0]:129258599 [1]:21606237 [2]:167 [3]:357
[0]:129454304 [1]:21651470 [2]:167 [3]:363
[0]:129654023 [1]:21697621 [2]:167 [3]:59
[0]:129870524 [1]:21747698 [2]:167 [3]:358
[0]:130072261 [1]:21794262 [2]:167 [3]:358
[0]:130292672 [1]:21845192 [2]:167 [3]:365
[0]:130490423 [1]:21890880 [2]:167 [3]:69
[0]:130691396 [1]:21937321 [2]:167 [3]:363
[0]:130888863 [1]:21982912 [2]:167 [3]:365
[0]:131091451 [1]:22029818 [2]:167 [3]:365
[0]:131291809 [1]:22076097 [2]:167 [3]:367
[0]:131561563 [1]:22138439 [2]:167 [3]:362
[0]:131808118 [1]:22195341 [2]:167 [3]:358
[0]:132014133 [1]:22242947 [2]:167 [3]:363
[0]:132207363 [1]:22287588 [2]:167 [3]:364
[0]:132405243 [1]:22333346 [2]:167 [3]:360
[0]:132599253 [1]:22378180 [2]:167 [3]:357
[0]:132793167 [1]:22422905 [2]:167 [3]:362
[0]:132986531 [1]:22467601 [2]:167 [3]:364
[0]:133177610 [1]:22511749 [2]:167 [3]:365
[0]:133382839 [1]:22559153 [2]:167 [3]:58
[0]:133581000 [1]:22604911 [2]:167 [3]:364
[0]:133778747 [1]:22650566 [2]:167 [3]:59
[0]:134021556 [1]:22706664 [2]:167 [3]:357
[0]:134215243 [1]:22751416 [2]:167 [3]:356
[0]:134409241 [1]:22796262 [2]:167 [3]:363
[0]:134611054 [1]:22842836 [2]:167 [3]:355
[0]:134801390 [1]:22886846 [2]:167 [3]:363
[0]:135017788 [1]:22936899 [2]:167 [3]:56
[0]:135232976 [1]:22986605 [2]:167 [3]:359
[0]:135431946 [1]:23032578 [2]:167 [3]:362
[0]:135626250 [1]:23077428 [2]:167 [3]:366
[0]:135827868 [1]:23123980 [2]:167 [3]:356
[0]:136025606 [1]:23169657 [2]:167 [3]:369
[0]:136279400 [1]:23228282 [2]:167 [3]:368
[0]:136518516 [1]:23283387 [2]:167 [3]:364
[0]:136722637 [1]:23330566 [2]:167 [3]:52
[0]:136917724 [1]:23375712 [2]:167 [3]:61
[0]:137149315 [1]:23429246 [2]:167 [3]:363
[0]:137346705 [1]:23474860 [2]:167 [3]:62
[0]:137552043 [1]:23522192 [2]:167 [3]:362
[0]:137752759 [1]:23568579 [2]:167 [3]:61
[0]:137957559 [1]:23615883 [2]:167 [3]:365
[0]:138144590 [1]:23659186 [2]:167 [3]:363
[0]:138339821 [1]:23704277 [2]:167 [3]:364
[0]:138541011 [1]:23750771 [2]:167 [3]:355
[0]:138742932 [1]:23797480 [2]:167 [3]:360
[0]:138930658 [1]:23840854 [2]:167 [3]:358
[0]:139131048 [1]:23887171 [2]:167 [3]:360
[0]:139321364 [1]:23931111 [2]:167 [3]:367
[0]:139518885 [1]:23976761 [2]:167 [3]:360
[0]:139711097 [1]:24021152 [2]:167 [3]:361
[0]:139910879 [1]:24067312 [2]:167 [3]:362
[0]:140123836 [1]:24116528 [2]:167 [3]:359
[0]:140344085 [1]:24167338 [2]:167 [3]:359
[0]:140541987 [1]:24213060 [2]:167 [3]:362
[0]:140735982 [1]:24257895 [2]:167 [3]:58
[0]:140926158 [1]:24301841 [2]:167 [3]:365
[0]:141123909 [1]:24347465 [2]:167 [3]:361
[0]:141319374 [1]:24392662 [2]:167 [3]:365
[0]:141510047 [1]:24436695 [2]:167 [3]:367
[0]:141702799 [1]:24481177 [2]:167 [3]:366
[0]:141895363 [1]:24525703 [2]:167 [3]:355
[0]:142092869 [1]:24571357 [2]:167 [3]:361
[0]:142281029 [1]:24614805 [2]:167 [3]:363
[0]:142475334 [1]:24659655 [2]:167 [3]:363
