[0]:291757846 [1]:151157148 [2]:7 [3]:19
[0]:293062214 [1]:152310508 [2]:7 [3]:53
[0]:294344041 [1]:153445120 [2]:7 [3]:57
[0]:295595583 [1]:154554093 [2]:7 [3]:17
[0]:296836578 [1]:155652368 [2]:7 [3]:17
[0]:298143101 [1]:156802429 [2]:7 [3]:14
[0]:299379112 [1]:157899276 [2]:7 [3]:53
[0]:300661642 [1]:159027581 [2]:7 [3]:18
[0]:301896271 [1]:160125297 [2]:7 [3]:19
[0]:303061225 [1]:161153662 [2]:7 [3]:18
[0]:304260399 [1]:162214425 [2]:7 [3]:18
[0]:305453398 [1]:163268307 [2]:7 [3]:24
[0]:306539962 [1]:164230978 [2]:7 [3]:47
[0]:307634175 [1]:165199474 [2]:7 [3]:10
[0]:308716457 [1]:166158808 [2]:7 [3]:18
[0]:309817064 [1]:167134195 [2]:7 [3]:51
[0]:310870145 [1]:168062542 [2]:7 [3]:14
[0]:311980964 [1]:169044342 [2]:7 [3]:18
[0]:313091718 [1]:170027271 [2]:7 [3]:15
[0]:314209471 [1]:171013132 [2]:7 [3]:20
[0]:315419510 [1]:172085321 [2]:7 [3]:14
[0]:316555925 [1]:173090278 [2]:7 [3]:15
[0]:317719296 [1]:174125112 [2]:7 [3]:17
[0]:318968195 [1]:175228584 [2]:7 [3]:17
[0]:320490953 [1]:176577322 [2]:7 [3]:18
[0]:321735957 [1]:177682246 [2]:7 [3]:18
[0]:322817036 [1]:178637103 [2]:7 [3]:12
[0]:323938157 [1]:179628845 [2]:7 [3]:16
[0]:325051211 [1]:180616489 [2]:7 [3]:53
[0]:326131624 [1]:181573599 [2]:7 [3]:14
[0]:327191446 [1]:182506005 [2]:7 [3]:17
[0]:328295866 [1]:183487454 [2]:7 [3]:14
[0]:329432992 [1]:184492431 [2]:7 [3]:14
[0]:330595054 [1]:185524742 [2]:7 [3]:16
[0]:331799619 [1]:186591766 [2]:7 [3]:14
[0]:332918415 [1]:187576391 [2]:7 [3]:18
[0]:334035829 [1]:188568132 [2]:7 [3]:20
[0]:335166986 [1]:189576470 [2]:7 [3]:23
[0]:336421552 [1]:190687716 [2]:7 [3]:12
[0]:337759795 [1]:191876574 [2]:7 [3]:17
[0]:339124637 [1]:193088962 [2]:7 [3]:11
[0]:340408532 [1]:194222631 [2]:7 [3]:53
[0]:341623908 [1]:195297219 [2]:7 [3]:25
[0]:342834914 [1]:196370425 [2]:7 [3]:59
[0]:344068297 [1]:197460489 [2]:7 [3]:20
[0]:345763794 [1]:198961765 [2]:7 [3]:19
[0]:347018871 [1]:200070521 [2]:7 [3]:21
[0]:348366533 [1]:201265705 [2]:7 [3]:21
[0]:349583288 [1]:202344973 [2]:7 [3]:19
[0]:350840366 [1]:203461859 [2]:7 [3]:24
[0]:352074887 [1]:204558942 [2]:7 [3]:15
[0]:353259813 [1]:205606679 [2]:7 [3]:18
[0]:354520797 [1]:206718554 [2]:7 [3]:20
[0]:355754871 [1]:207808711 [2]:7 [3]:20
[0]:357012870 [1]:208918586 [2]:7 [3]:54
[0]:358224478 [1]:209991565 [2]:7 [3]:16
[0]:359549987 [1]:211168830 [2]:7 [3]:52
[0]:360809979 [1]:212284433 [2]:7 [3]:19
[0]:362067152 [1]:213401038 [2]:7 [3]:20
[0]:363398360 [1]:214578374 [2]:7 [3]:50
[0]:364665164 [1]:215692599 [2]:7 [3]:58
[0]:365866186 [1]:216756458 [2]:7 [3]:17
[0]:366926683 [1]:217698639 [2]:7 [3]:18
[0]:368043460 [1]:218687650 [2]:7 [3]:18
[0]:369553261 [1]:220024406 [2]:7 [3]:58
[0]:370654021 [1]:221001307 [2]:7 [3]:14
[0]:371742327 [1]:221962630 [2]:7 [3]:14
[0]:372897976 [1]:222986812 [2]:7 [3]:16
[0]:374063233 [1]:224020255 [2]:7 [3]:21
[0]:375160126 [1]:224994436 [2]:7 [3]:16
[0]:376298541 [1]:226000260 [2]:7 [3]:21
[0]:377412449 [1]:226991053 [2]:7 [3]:14
[0]:378633992 [1]:228073655 [2]:7 [3]:17
[0]:379721638 [1]:229030740 [2]:7 [3]:16
[0]:380881794 [1]:230062016 [2]:7 [3]:23
[0]:382450577 [1]:231453225 [2]:7 [3]:61
[0]:383832000 [1]:232673736 [2]:7 [3]:18
[0]:385011541 [1]:233719394 [2]:7 [3]:57
[0]:386151946 [1]:234727797 [2]:7 [3]:20
[0]:387215998 [1]:235671037 [2]:7 [3]:19
