[0]:388342085 [1]:236616243 [2]:7 [3]:47
[0]:389423943 [1]:237172121 [2]:7 [3]:54
[0]:390462759 [1]:237700057 [2]:7 [3]:18
[0]:391515323 [1]:238242396 [2]:7 [3]:52
[0]:392541615 [1]:238768179 [2]:7 [3]:54
[0]:393535327 [1]:239283159 [2]:7 [3]:51
[0]:394543073 [1]:239796154 [2]:7 [3]:12
[0]:395554609 [1]:240315469 [2]:7 [3]:57
[0]:396557231 [1]:240830599 [2]:7 [3]:13
[0]:397635907 [1]:241377773 [2]:7 [3]:14
[0]:398774839 [1]:241960465 [2]:7 [3]:53
[0]:400412267 [1]:242798125 [2]:7 [3]:14
[0]:401710319 [1]:243461057 [2]:7 [3]:54
[0]:402982202 [1]:244113169 [2]:7 [3]:19
[0]:404169151 [1]:244718632 [2]:7 [3]:55
[0]:405398114 [1]:245347112 [2]:7 [3]:52
[0]:406543874 [1]:245931568 [2]:7 [3]:17
[0]:407712437 [1]:246531858 [2]:7 [3]:11
[0]:408825733 [1]:247102051 [2]:7 [3]:10
[0]:409997124 [1]:247703033 [2]:7 [3]:53
[0]:411270561 [1]:248356692 [2]:7 [3]:10
[0]:412420079 [1]:248945938 [2]:7 [3]:55
[0]:413567466 [1]:249535628 [2]:7 [3]:10
[0]:414638921 [1]:250081019 [2]:7 [3]:11
[0]:415736489 [1]:250642043 [2]:7 [3]:15
[0]:416866862 [1]:251222488 [2]:7 [3]:9
[0]:418027014 [1]:251824809 [2]:7 [3]:52
[0]:419138359 [1]:252389881 [2]:7 [3]:51
[0]:420265622 [1]:252970594 [2]:7 [3]:56
[0]:421454307 [1]:253580087 [2]:7 [3]:12
[0]:422561962 [1]:254148762 [2]:7 [3]:10
[0]:423683215 [1]:254726177 [2]:7 [3]:9
[0]:424803080 [1]:255300472 [2]:7 [3]:12
[0]:425822243 [1]:255822255 [2]:7 [3]:11
[0]:426849583 [1]:256345987 [2]:7 [3]:16
[0]:427929518 [1]:256903519 [2]:7 [3]:9
[0]:429100892 [1]:257501811 [2]:7 [3]:11
[0]:430138380 [1]:258037220 [2]:7 [3]:49
[0]:431422885 [1]:258689726 [2]:7 [3]:14
[0]:432414634 [1]:259197040 [2]:7 [3]:10
[0]:433444676 [1]:259723913 [2]:7 [3]:12
[0]:434463813 [1]:260247399 [2]:7 [3]:10
[0]:435466007 [1]:260756107 [2]:7 [3]:44
[0]:436541022 [1]:261309557 [2]:7 [3]:16
[0]:437522476 [1]:261816277 [2]:7 [3]:52
[0]:438697486 [1]:262415273 [2]:7 [3]:10
[0]:439941863 [1]:263058806 [2]:7 [3]:49
[0]:441161521 [1]:263680222 [2]:7 [3]:14
[0]:442248879 [1]:264235898 [2]:7 [3]:53
[0]:443290679 [1]:264769754 [2]:7 [3]:50
[0]:444258308 [1]:265263629 [2]:7 [3]:12
[0]:445264726 [1]:265775595 [2]:7 [3]:12
[0]:446275438 [1]:266289893 [2]:7 [3]:47
[0]:447277310 [1]:266805676 [2]:7 [3]:14
[0]:448324911 [1]:267339875 [2]:7 [3]:56
[0]:449338379 [1]:267863756 [2]:7 [3]:11
[0]:450365615 [1]:268388365 [2]:7 [3]:53
[0]:451661050 [1]:269055043 [2]:7 [3]:10
[0]:452649655 [1]:269564317 [2]:7 [3]:52
[0]:453729465 [1]:270120289 [2]:7 [3]:10
[0]:455345783 [1]:270946907 [2]:7 [3]:52
[0]:456631034 [1]:271601049 [2]:7 [3]:14
[0]:457907180 [1]:272251039 [2]:7 [3]:59
[0]:459227015 [1]:272930858 [2]:7 [3]:10
[0]:460827183 [1]:273751390 [2]:7 [3]:53
[0]:462358696 [1]:274538141 [2]:7 [3]:11
[0]:463678985 [1]:275215764 [2]:7 [3]:13
[0]:464976302 [1]:275878675 [2]:7 [3]:52
[0]:466104829 [1]:276456236 [2]:7 [3]:10
[0]:467301180 [1]:277068390 [2]:7 [3]:14
[0]:468487381 [1]:277675446 [2]:7 [3]:11
[0]:469607135 [1]:278253700 [2]:7 [3]:54
[0]:470755833 [1]:278844310 [2]:7 [3]:55
[0]:471903057 [1]:279433348 [2]:7 [3]:47
[0]:473072527 [1]:280027421 [2]:7 [3]:53
[0]:474218022 [1]:280611556 [2]:7 [3]:14
[0]:475363806 [1]:281195920 [2]:7 [3]:18
