[0]:573522899 [1]:367704765 [2]:7 [3]:12
[0]:574649734 [1]:368296426 [2]:7 [3]:50
[0]:575764865 [1]:368877013 [2]:7 [3]:64
[0]:577067507 [1]:369556465 [2]:7 [3]:19
[0]:578328221 [1]:370217446 [2]:7 [3]:12
[0]:579542838 [1]:370855291 [2]:7 [3]:9
[0]:580665338 [1]:371443074 [2]:7 [3]:18
[0]:581815321 [1]:372047417 [2]:7 [3]:13
[0]:582947253 [1]:372639805 [2]:7 [3]:9
[0]:584066521 [1]:373220156 [2]:7 [3]:12
[0]:585203110 [1]:373816240 [2]:7 [3]:11
[0]:586631959 [1]:374565717 [2]:7 [3]:15
[0]:587801499 [1]:375177118 [2]:7 [3]:10
[0]:588982877 [1]:375799975 [2]:7 [3]:52
[0]:590130067 [1]:376400061 [2]:7 [3]:11
[0]:591257527 [1]:376987739 [2]:7 [3]:48
[0]:592387589 [1]:377582934 [2]:7 [3]:9
[0]:593474251 [1]:378150623 [2]:7 [3]:11
[0]:594633123 [1]:378756416 [2]:7 [3]:10
[0]:595805925 [1]:379371067 [2]:7 [3]:15
[0]:596940661 [1]:379963544 [2]:7 [3]:48
[0]:598110018 [1]:380565894 [2]:6 [3]:48
[0]:599348243 [1]:381216723 [2]:7 [3]:8
[0]:600446105 [1]:381788637 [2]:7 [3]:54
[0]:601717592 [1]:382458541 [2]:7 [3]:48
[0]:602766565 [1]:383006024 [2]:7 [3]:14
[0]:603782850 [1]:383538475 [2]:7 [3]:7
[0]:604790757 [1]:384071477 [2]:6 [3]:51
[0]:606063133 [1]:384739723 [2]:7 [3]:51
[0]:607072262 [1]:385269965 [2]:7 [3]:14
[0]:608101829 [1]:385801422 [2]:7 [3]:53
[0]:609116942 [1]:386334377 [2]:7 [3]:49
[0]:610152672 [1]:386875739 [2]:7 [3]:9
[0]:611214356 [1]:387432346 [2]:7 [3]:50
[0]:612387205 [1]:388043751 [2]:7 [3]:56
[0]:613435142 [1]:388596214 [2]:7 [3]:9
[0]:614463077 [1]:389132169 [2]:7 [3]:58
[0]:615496890 [1]:389674545 [2]:7 [3]:9
[0]:616638749 [1]:390270693 [2]:7 [3]:51
[0]:617866005 [1]:390916056 [2]:7 [3]:48
[0]:618987770 [1]:391499829 [2]:7 [3]:14
[0]:620047921 [1]:392058399 [2]:7 [3]:18
[0]:621054403 [1]:392583001 [2]:7 [3]:16
[0]:622078133 [1]:393119632 [2]:7 [3]:58
[0]:623085964 [1]:393644185 [2]:7 [3]:12
[0]:624111485 [1]:394178749 [2]:7 [3]:13
[0]:625137283 [1]:394719306 [2]:6 [3]:14
[0]:626152889 [1]:395251131 [2]:7 [3]:16
[0]:627186432 [1]:395794809 [2]:7 [3]:53
[0]:628254490 [1]:396357027 [2]:7 [3]:9
[0]:629475949 [1]:396995356 [2]:7 [3]:53
[0]:630551739 [1]:397556896 [2]:7 [3]:50
[0]:631592998 [1]:398103654 [2]:7 [3]:15
[0]:632649012 [1]:398652914 [2]:7 [3]:50
[0]:633888628 [1]:399302392 [2]:7 [3]:55
[0]:635093150 [1]:399932777 [2]:7 [3]:17
[0]:636434492 [1]:400640615 [2]:7 [3]:12
[0]:637663328 [1]:401278464 [2]:7 [3]:13
[0]:638782597 [1]:401863964 [2]:6 [3]:9
[0]:639933007 [1]:402464276 [2]:7 [3]:11
[0]:641176813 [1]:403117924 [2]:7 [3]:49
[0]:642342488 [1]:403731072 [2]:7 [3]:12
[0]:643462839 [1]:404318026 [2]:7 [3]:13
[0]:644621829 [1]:404924864 [2]:7 [3]:56
[0]:645899099 [1]:405597738 [2]:7 [3]:17
[0]:647081688 [1]:406218416 [2]:7 [3]:12
[0]:648277162 [1]:406843065 [2]:7 [3]:47
[0]:649408605 [1]:407427398 [2]:7 [3]:55
[0]:650577604 [1]:408037719 [2]:7 [3]:54
[0]:651725584 [1]:408640895 [2]:7 [3]:14
[0]:653063760 [1]:409344792 [2]:7 [3]:16
[0]:654242860 [1]:409966330 [2]:7 [3]:12
[0]:655393933 [1]:410564460 [2]:7 [3]:61
[0]:656537782 [1]:411163063 [2]:7 [3]:50
[0]:657639637 [1]:411736715 [2]:7 [3]:9
[0]:658763746 [1]:412325649 [2]:7 [3]:10
[0]:659987486 [1]:412963838 [2]:7 [3]:11
