[0]:30413887 [1]:3853853 [2]:118 [3]:368
[0]:30632216 [1]:3904226 [2]:118 [3]:366
[0]:30824293 [1]:3948608 [2]:118 [3]:369
[0]:31081633 [1]:4008091 [2]:118 [3]:353
[0]:31296969 [1]:4057867 [2]:118 [3]:59
[0]:31502267 [1]:4105297 [2]:118 [3]:359
[0]:31715111 [1]:4154412 [2]:118 [3]:359
[0]:31923584 [1]:4202601 [2]:118 [3]:61
[0]:32121868 [1]:4248419 [2]:126 [3]:363
[0]:32323458 [1]:4294935 [2]:126 [3]:363
[0]:32521303 [1]:4340609 [2]:126 [3]:365
[0]:32712292 [1]:4384646 [2]:126 [3]:352
[0]:32920773 [1]:4432856 [2]:126 [3]:363
[0]:33114857 [1]:4477736 [2]:126 [3]:362
[0]:33373962 [1]:4537697 [2]:126 [3]:368
[0]:33577510 [1]:4584648 [2]:126 [3]:359
[0]:33771545 [1]:4629565 [2]:126 [3]:65
[0]:33968160 [1]:4675022 [2]:126 [3]:364
[0]:34159650 [1]:4719303 [2]:126 [3]:356
[0]:34387778 [1]:4771915 [2]:126 [3]:365
[0]:34587578 [1]:4818187 [2]:126 [3]:354
[0]:34781806 [1]:4863058 [2]:126 [3]:53
[0]:34969676 [1]:4906510 [2]:133 [3]:356
[0]:35169115 [1]:4952603 [2]:133 [3]:362
[0]:35395193 [1]:5004830 [2]:133 [3]:361
[0]:35590757 [1]:5050011 [2]:133 [3]:359
[0]:35794462 [1]:5097147 [2]:133 [3]:366
[0]:35980479 [1]:5140142 [2]:133 [3]:360
[0]:36178840 [1]:5186038 [2]:133 [3]:361
[0]:36402765 [1]:5237759 [2]:133 [3]:360
[0]:36606594 [1]:5284824 [2]:133 [3]:360
[0]:36798311 [1]:5329130 [2]:133 [3]:357
[0]:36992551 [1]:5374001 [2]:133 [3]:365
[0]:37194052 [1]:5420507 [2]:133 [3]:56
[0]:37399333 [1]:5467893 [2]:133 [3]:362
[0]:37604214 [1]:5515221 [2]:133 [3]:365
[0]:37804559 [1]:5561562 [2]:139 [3]:61
[0]:37999013 [1]:5606543 [2]:139 [3]:364
[0]:38194357 [1]:5651578 [2]:139 [3]:61
[0]:38380995 [1]:5694708 [2]:139 [3]:63
[0]:38582078 [1]:5741135 [2]:139 [3]:359
[0]:38777599 [1]:5786352 [2]:139 [3]:365
[0]:38966949 [1]:5830162 [2]:139 [3]:356
[0]:39195184 [1]:5882834 [2]:139 [3]:61
[0]:39391370 [1]:5928143 [2]:139 [3]:358
[0]:39582900 [1]:5972413 [2]:139 [3]:362
[0]:39810641 [1]:6025096 [2]:139 [3]:369
[0]:40005774 [1]:6070072 [2]:139 [3]:360
[0]:40209925 [1]:6117216 [2]:139 [3]:359
[0]:40403920 [1]:6162040 [2]:139 [3]:358
[0]:40623846 [1]:6212819 [2]:144 [3]:361
[0]:40844395 [1]:6263756 [2]:144 [3]:353
[0]:41045958 [1]:6310277 [2]:144 [3]:365
[0]:41244551 [1]:6356190 [2]:144 [3]:56
[0]:41449044 [1]:6403408 [2]:144 [3]:362
[0]:41635573 [1]:6446546 [2]:144 [3]:356
[0]:41844633 [1]:6494863 [2]:144 [3]:361
[0]:42046316 [1]:6541430 [2]:144 [3]:58
[0]:42247842 [1]:6588077 [2]:144 [3]:62
[0]:42437812 [1]:6631988 [2]:144 [3]:359
[0]:42631976 [1]:6676874 [2]:144 [3]:366
[0]:42860258 [1]:6729519 [2]:144 [3]:360
[0]:43055830 [1]:6774701 [2]:144 [3]:64
[0]:43251270 [1]:6819850 [2]:148 [3]:366
[0]:43449637 [1]:6865758 [2]:148 [3]:361
[0]:43645870 [1]:6911160 [2]:148 [3]:364
[0]:43841446 [1]:6956294 [2]:148 [3]:362
[0]:44046080 [1]:7003558 [2]:148 [3]:362
[0]:44246934 [1]:7050031 [2]:148 [3]:364
[0]:44438697 [1]:7094335 [2]:148 [3]:358
[0]:44636447 [1]:7139937 [2]:148 [3]:364
[0]:44834441 [1]:7185710 [2]:148 [3]:58
[0]:45076888 [1]:7241712 [2]:148 [3]:358
