[0]:28122412 [1]:2696608 [2]:105 [3]:74
[0]:28340236 [1]:2712535 [2]:105 [3]:71
[0]:28552772 [1]:2728120 [2]:105 [3]:92
[0]:28754418 [1]:2742626 [2]:101 [3]:376
[0]:29011194 [1]:2761266 [2]:101 [3]:358
[0]:29216147 [1]:2776391 [2]:101 [3]:364
[0]:29429622 [1]:2792008 [2]:101 [3]:96
[0]:29642281 [1]:2807419 [2]:101 [3]:367
[0]:29845992 [1]:2822418 [2]:101 [3]:86
[0]:30086579 [1]:2839929 [2]:101 [3]:363
[0]:30321338 [1]:2857028 [2]:101 [3]:78
[0]:30550517 [1]:2873596 [2]:101 [3]:60
[0]:30760760 [1]:2888827 [2]:101 [3]:367
[0]:30994850 [1]:2905901 [2]:101 [3]:376
[0]:31228454 [1]:2922730 [2]:101 [3]:364
[0]:31428574 [1]:2937344 [2]:101 [3]:94
[0]:31687471 [1]:2956080 [2]:101 [3]:380
[0]:31898121 [1]:2971977 [2]:101 [3]:118
[0]:32111118 [1]:2987642 [2]:101 [3]:98
[0]:32326952 [1]:3003783 [2]:101 [3]:82
[0]:32533366 [1]:3018806 [2]:101 [3]:95
[0]:32746559 [1]:3034240 [2]:101 [3]:68
[0]:32959978 [1]:3049800 [2]:101 [3]:361
[0]:33172690 [1]:3065038 [2]:101 [3]:90
[0]:33398923 [1]:3081407 [2]:101 [3]:364
[0]:33608424 [1]:3096614 [2]:101 [3]:361
[0]:33805776 [1]:3111078 [2]:101 [3]:86
[0]:34014441 [1]:3126689 [2]:101 [3]:83
[0]:34225878 [1]:3142521 [2]:101 [3]:99
[0]:34436708 [1]:3157912 [2]:101 [3]:77
[0]:34645936 [1]:3173104 [2]:101 [3]:375
[0]:34858926 [1]:3188471 [2]:101 [3]:87
[0]:35072851 [1]:3204160 [2]:101 [3]:357
[0]:35282543 [1]:3219383 [2]:98 [3]:98
[0]:35483417 [1]:3234172 [2]:98 [3]:80
[0]:35692575 [1]:3249424 [2]:98 [3]:366
[0]:35909425 [1]:3265233 [2]:98 [3]:90
[0]:36126796 [1]:3281301 [2]:98 [3]:90
[0]:36347904 [1]:3297621 [2]:98 [3]:95
[0]:36568707 [1]:3313544 [2]:98 [3]:84
[0]:36782192 [1]:3329246 [2]:98 [3]:364
[0]:36995858 [1]:3344622 [2]:98 [3]:98
[0]:37202214 [1]:3359570 [2]:98 [3]:366
[0]:37409330 [1]:3374871 [2]:98 [3]:368
[0]:37614368 [1]:3390438 [2]:98 [3]:90
[0]:37828450 [1]:3405994 [2]:98 [3]:89
[0]:38043581 [1]:3421697 [2]:98 [3]:112
[0]:38250652 [1]:3437012 [2]:98 [3]:377
[0]:38472601 [1]:3453234 [2]:98 [3]:355
[0]:38685079 [1]:3468650 [2]:98 [3]:83
[0]:38894520 [1]:3483933 [2]:98 [3]:368
[0]:39095902 [1]:3498620 [2]:98 [3]:371
[0]:39297271 [1]:3513381 [2]:98 [3]:352
[0]:39506638 [1]:3528606 [2]:98 [3]:103
[0]:39719906 [1]:3544120 [2]:98 [3]:366
[0]:39917104 [1]:3558384 [2]:98 [3]:82
[0]:40122468 [1]:3573781 [2]:98 [3]:78
[0]:40392757 [1]:3593426 [2]:98 [3]:81
[0]:40599111 [1]:3608388 [2]:98 [3]:92
[0]:40811378 [1]:3623752 [2]:98 [3]:368
[0]:41023174 [1]:3639025 [2]:98 [3]:87
[0]:41240877 [1]:3654788 [2]:98 [3]:105
[0]:41451821 [1]:3670191 [2]:98 [3]:361
[0]:41659667 [1]:3685271 [2]:96 [3]:87
[0]:41886167 [1]:3701978 [2]:96 [3]:90
[0]:42090015 [1]:3716709 [2]:96 [3]:363
[0]:42294243 [1]:3731678 [2]:96 [3]:359
[0]:42504575 [1]:3746997 [2]:96 [3]:381
[0]:42713836 [1]:3762229 [2]:96 [3]:370
[0]:42927654 [1]:3777600 [2]:96 [3]:362
[0]:43130025 [1]:3792195 [2]:96 [3]:80
[0]:43332881 [1]:3806853 [2]:96 [3]:358
[0]:43540319 [1]:3822005 [2]:96 [3]:86
[0]:43757954 [1]:3837851 [2]:96 [3]:86
[0]:43970792 [1]:3853397 [2]:96 [3]:87
[0]:44191563 [1]:3869765 [2]:96 [3]:79
[0]:44400954 [1]:3885014 [2]:96 [3]:94
[0]:44610245 [1]:3900398 [2]:96 [3]:363
[0]:44819607 [1]:3915590 [2]:96 [3]:72
[0]:45062574 [1]:3933221 [2]:96 [3]:86
[0]:45273819 [1]:3948763 [2]:96 [3]:370
[0]:45483101 [1]:3963934 [2]:96 [3]:366
[0]:45692791 [1]:3978990 [2]:96 [3]:100
[0]:45902303 [1]:3994088 [2]:96 [3]:360
[0]:46119274 [1]:4009853 [2]:96 [3]:374
[0]:46325037 [1]:4024854 [2]:96 [3]:81
[0]:46534800 [1]:4039868 [2]:96 [3]:361
[0]:46744193 [1]:4054941 [2]:96 [3]:86
[0]:46961599 [1]:4070740 [2]:96 [3]:79
[0]:47179847 [1]:4086619 [2]:96 [3]:372
[0]:47383210 [1]:4101390 [2]:96 [3]:93
[0]:47586055 [1]:4115997 [2]:96 [3]:88
[0]:47791839 [1]:4130750 [2]:96 [3]:107
[0]:47996110 [1]:4145897 [2]:96 [3]:81
[0]:48205906 [1]:4161383 [2]:93 [3]:79
[0]:48406810 [1]:4176266 [2]:93 [3]:369
[0]:48615443 [1]:4192138 [2]:93 [3]:369
[0]:48832134 [1]:4208253 [2]:93 [3]:115
[0]:49052865 [1]:4224710 [2]:93 [3]:76
[0]:49266055 [1]:4240442 [2]:93 [3]:98
[0]:49471738 [1]:4255299 [2]:93 [3]:88
[0]:49681124 [1]:4270470 [2]:93 [3]:87
[0]:49895317 [1]:4286352 [2]:93 [3]:357
[0]:50098839 [1]:4301603 [2]:93 [3]:370
[0]:50349344 [1]:4319946 [2]:93 [3]:367
[0]:50552903 [1]:4334666 [2]:93 [3]:81
[0]:50761786 [1]:4349708 [2]:93 [3]:99
[0]:50964186 [1]:4364347 [2]:93 [3]:94
[0]:51173520 [1]:4379803 [2]:93 [3]:87
[0]:51374866 [1]:4394451 [2]:93 [3]:81
[0]:51595952 [1]:4410692 [2]:93 [3]:77
[0]:51810822 [1]:4426162 [2]:93 [3]:81
[0]:52018734 [1]:4441235 [2]:93 [3]:82
[0]:52248052 [1]:4457878 [2]:93 [3]:105
[0]:52454011 [1]:4473307 [2]:93 [3]:75
[0]:52666312 [1]:4488732 [2]:93 [3]:72
[0]:52875161 [1]:4504269 [2]:93 [3]:362
[0]:53076768 [1]:4522059 [2]:93 [3]:365
[0]:53284563 [1]:4545039 [2]:93 [3]:363
[0]:53486615 [1]:4567474 [2]:93 [3]:370
[0]:53691558 [1]:4590072 [2]:93 [3]:362
[0]:53899357 [1]:4613024 [2]:93 [3]:368
[0]:54119456 [1]:4637224 [2]:93 [3]:370
[0]:54332215 [1]:4660939 [2]:93 [3]:378
[0]:54535209 [1]:4683586 [2]:93 [3]:89
[0]:54739948 [1]:4706677 [2]:93 [3]:371
[0]:54946161 [1]:4729670 [2]:93 [3]:366
[0]:55149596 [1]:4752360 [2]:93 [3]:367
[0]:55350700 [1]:4774652 [2]:91 [3]:75
[0]:55551844 [1]:4796802 [2]:91 [3]:80
[0]:55768742 [1]:4820983 [2]:91 [3]:90
[0]:55980882 [1]:4844700 [2]:91 [3]:369
[0]:56192652 [1]:4868157 [2]:91 [3]:108
[0]:56407255 [1]:4891895 [2]:91 [3]:362
[0]:56616363 [1]:4914945 [2]:91 [3]:369
[0]:56814273 [1]:4936859 [2]:91 [3]:361
[0]:57054195 [1]:4963232 [2]:91 [3]:359
[0]:57266883 [1]:4986937 [2]:91 [3]:363
[0]:57474531 [1]:5010085 [2]:91 [3]:87
