[0]:0 [1]:0 [2]:0 [3]:0
[0]:93970 [1]:0 [2]:0 [3]:94
[0]:316408 [1]:0 [2]:0 [3]:71
[0]:534689 [1]:0 [2]:0 [3]:67
[0]:772431 [1]:0 [2]:0 [3]:307
[0]:1013514 [1]:0 [2]:0 [3]:68
[0]:1216218 [1]:17090 [2]:121 [3]:359
[0]:1405541 [1]:36289 [2]:121 [3]:70
[0]:1612670 [1]:57214 [2]:121 [3]:65
[0]:1813762 [1]:77546 [2]:121 [3]:360
[0]:2020646 [1]:98332 [2]:121 [3]:356
[0]:2217640 [1]:118304 [2]:121 [3]:67
[0]:2416655 [1]:138392 [2]:121 [3]:53
[0]:2608582 [1]:157877 [2]:115 [3]:71
[0]:2825128 [1]:179727 [2]:115 [3]:61
[0]:3081861 [1]:205605 [2]:115 [3]:366
[0]:3272908 [1]:224990 [2]:115 [3]:60
[0]:3474620 [1]:245521 [2]:115 [3]:367
[0]:3683787 [1]:266697 [2]:115 [3]:54
[0]:3882277 [1]:286809 [2]:115 [3]:371
[0]:4080050 [1]:306856 [2]:115 [3]:376
[0]:4278457 [1]:326861 [2]:110 [3]:63
[0]:4475678 [1]:346899 [2]:110 [3]:351
[0]:4682014 [1]:367680 [2]:110 [3]:53
[0]:4880622 [1]:387781 [2]:110 [3]:363
[0]:5085831 [1]:408553 [2]:110 [3]:65
[0]:5278412 [1]:428023 [2]:110 [3]:51
[0]:5493212 [1]:449792 [2]:110 [3]:367
[0]:5694540 [1]:470053 [2]:110 [3]:67
[0]:5885906 [1]:489528 [2]:105 [3]:62
[0]:6088115 [1]:509946 [2]:105 [3]:69
[0]:6281183 [1]:529388 [2]:105 [3]:79
[0]:6472846 [1]:548903 [2]:105 [3]:58
[0]:6680977 [1]:569953 [2]:105 [3]:365
[0]:6879499 [1]:590002 [2]:105 [3]:351
[0]:7073962 [1]:609679 [2]:105 [3]:367
[0]:7269472 [1]:629345 [2]:101 [3]:74
[0]:7466343 [1]:649259 [2]:101 [3]:71
[0]:7661749 [1]:668923 [2]:101 [3]:72
[0]:7860369 [1]:688897 [2]:101 [3]:360
[0]:8050124 [1]:708278 [2]:101 [3]:364
[0]:8264288 [1]:729894 [2]:101 [3]:359
[0]:8469670 [1]:750525 [2]:101 [3]:66
[0]:8670566 [1]:770829 [2]:101 [3]:56
[0]:8858443 [1]:789964 [2]:97 [3]:54
[0]:9071486 [1]:811560 [2]:97 [3]:51
[0]:9295840 [1]:834251 [2]:97 [3]:65
[0]:9489845 [1]:854068 [2]:97 [3]:79
[0]:9679473 [1]:873482 [2]:97 [3]:364
[0]:9874982 [1]:893209 [2]:97 [3]:58
[0]:10065696 [1]:912438 [2]:97 [3]:359
[0]:10258574 [1]:931963 [2]:97 [3]:370
[0]:10451636 [1]:951496 [2]:94 [3]:52
[0]:10647381 [1]:971423 [2]:94 [3]:64
[0]:10865453 [1]:993607 [2]:94 [3]:52
[0]:11066388 [1]:1013894 [2]:94 [3]:367
[0]:11265000 [1]:1033771 [2]:94 [3]:360
[0]:11463226 [1]:1053973 [2]:94 [3]:369
[0]:11656595 [1]:1073543 [2]:94 [3]:363
[0]:11856109 [1]:1093721 [2]:94 [3]:359
[0]:12050509 [1]:1113366 [2]:91 [3]:359
[0]:12254607 [1]:1133914 [2]:91 [3]:362
[0]:12457465 [1]:1154378 [2]:91 [3]:370
[0]:12641275 [1]:1173087 [2]:91 [3]:369
[0]:12835026 [1]:1192673 [2]:91 [3]:59
[0]:13029904 [1]:1212587 [2]:91 [3]:76
[0]:13223513 [1]:1232192 [2]:91 [3]:72
[0]:13442609 [1]:1254501 [2]:91 [3]:63
[0]:13635243 [1]:1274061 [2]:88 [3]:364
[0]:13837030 [1]:1294545 [2]:88 [3]:63
[0]:14031281 [1]:1314350 [2]:88 [3]:80
[0]:14229351 [1]:1334354 [2]:88 [3]:369
[0]:14419985 [1]:1353703 [2]:88 [3]:55
[0]:14614422 [1]:1373436 [2]:88 [3]:85
[0]:14808667 [1]:1393121 [2]:88 [3]:68
[0]:15008825 [1]:1413410 [2]:88 [3]:368
[0]:15208811 [1]:1433464 [2]:86 [3]:68
[0]:15403393 [1]:1453245 [2]:86 [3]:71
[0]:15594750 [1]:1472639 [2]:86 [3]:349
[0]:15797981 [1]:1493201 [2]:86 [3]:64
[0]:15990147 [1]:1512650 [2]:86 [3]:52
[0]:16191946 [1]:1533132 [2]:86 [3]:356
[0]:16391946 [1]:1553476 [2]:86 [3]:64
[0]:16591138 [1]:1573566 [2]:84 [3]:74
[0]:16782429 [1]:1592951 [2]:84 [3]:66
[0]:16981031 [1]:1613114 [2]:84 [3]:365
[0]:17176620 [1]:1632903 [2]:84 [3]:359
[0]:17391558 [1]:1654625 [2]:84 [3]:358
[0]:17604729 [1]:1676412 [2]:84 [3]:66
[0]:17804685 [1]:1696604 [2]:84 [3]:363
[0]:17997398 [1]:1716088 [2]:84 [3]:373
[0]:18214076 [1]:1737958 [2]:82 [3]:366
[0]:18409201 [1]:1757595 [2]:82 [3]:370
[0]:18611100 [1]:1778029 [2]:82 [3]:71
[0]:18808384 [1]:1798040 [2]:82 [3]:72
[0]:19002279 [1]:1817696 [2]:82 [3]:380
[0]:19209545 [1]:1838694 [2]:82 [3]:358
[0]:19403104 [1]:1858319 [2]:82 [3]:70
[0]:19597310 [1]:1877915 [2]:82 [3]:68
[0]:19791762 [1]:1897512 [2]:80 [3]:57
[0]:19985266 [1]:1917269 [2]:80 [3]:359
[0]:20180072 [1]:1937018 [2]:80 [3]:55
[0]:20371057 [1]:1956349 [2]:80 [3]:370
[0]:20594645 [1]:1978989 [2]:80 [3]:77
[0]:20793635 [1]:1999131 [2]:80 [3]:59
[0]:20991038 [1]:2019058 [2]:80 [3]:368
[0]:21185424 [1]:2038810 [2]:80 [3]:76
[0]:21372786 [1]:2057756 [2]:78 [3]:78
[0]:21574938 [1]:2078223 [2]:78 [3]:366
[0]:21774482 [1]:2098331 [2]:78 [3]:54
[0]:22021291 [1]:2123398 [2]:78 [3]:68
[0]:22213980 [1]:2144050 [2]:78 [3]:350
[0]:22441350 [1]:2178939 [2]:78 [3]:61
[0]:22689316 [1]:2217144 [2]:78 [3]:358
[0]:22884809 [1]:2247368 [2]:78 [3]:64
[0]:23083455 [1]:2278050 [2]:78 [3]:358
[0]:23281293 [1]:2308502 [2]:78 [3]:65
[0]:23490092 [1]:2340639 [2]:78 [3]:362
[0]:23680430 [1]:2369988 [2]:78 [3]:61
[0]:23878627 [1]:2400497 [2]:78 [3]:363
[0]:24068546 [1]:2429783 [2]:78 [3]:66
[0]:24273882 [1]:2461254 [2]:78 [3]:64
[0]:24470974 [1]:2491535 [2]:78 [3]:70
[0]:24695578 [1]:2526199 [2]:78 [3]:364
[0]:24893347 [1]:2556660 [2]:78 [3]:352
[0]:25083190 [1]:2586010 [2]:80 [3]:360
[0]:25288967 [1]:2617679 [2]:80 [3]:62
[0]:25475416 [1]:2646392 [2]:80 [3]:359
[0]:25676925 [1]:2677437 [2]:80 [3]:63
[0]:25869749 [1]:2707178 [2]:80 [3]:61
[0]:26060840 [1]:2736567 [2]:80 [3]:58
[0]:26297515 [1]:2772926 [2]:80 [3]:54
[0]:26489695 [1]:2802520 [2]:80 [3]:360
[0]:26692256 [1]:2833679 [2]:80 [3]:71
[0]:26904757 [1]:2866397 [2]:80 [3]:364
[0]:27096177 [1]:2895894 [2]:81 [3]:363
[0]:27292813 [1]:2926174 [2]:81 [3]:72
[0]:27490646 [1]:2956694 [2]:81 [3]:359
[0]:27706681 [1]:2989965 [2]:81 [3]:66
[0]:27902224 [1]:3019991 [2]:81 [3]:73
[0]:28128815 [1]:3054766 [2]:81 [3]:367
[0]:28326624 [1]:3085348 [2]:81 [3]:353
[0]:28534830 [1]:3117390 [2]:81 [3]:367
[0]:28743791 [1]:3149580 [2]:81 [3]:362
[0]:28937095 [1]:3179231 [2]:81 [3]:61
[0]:29143197 [1]:3210914 [2]:82 [3]:365
[0]:29340916 [1]:3241385 [2]:82 [3]:65
[0]:29560851 [1]:3275299 [2]:82 [3]:59
[0]:29773886 [1]:3308004 [2]:82 [3]:53
[0]:29971649 [1]:3338431 [2]:82 [3]:354
[0]:30188200 [1]:3371799 [2]:82 [3]:60
[0]:30382129 [1]:3401661 [2]:82 [3]:65
[0]:30614006 [1]:3437368 [2]:82 [3]:355
[0]:30811424 [1]:3467736 [2]:82 [3]:60
[0]:31001590 [1]:3497076 [2]:82 [3]:360
[0]:31190365 [1]:3526164 [2]:83 [3]:364
[0]:31423278 [1]:3562065 [2]:83 [3]:357
[0]:31621260 [1]:3592583 [2]:83 [3]:356
[0]:31818806 [1]:3622992 [2]:83 [3]:66
[0]:32019604 [1]:3653815 [2]:83 [3]:55
[0]:32214454 [1]:3683787 [2]:83 [3]:72
[0]:32412249 [1]:3714304 [2]:83 [3]:362
[0]:32613356 [1]:3745247 [2]:83 [3]:362
[0]:32808583 [1]:3775304 [2]:83 [3]:359
[0]:33005652 [1]:3805660 [2]:83 [3]:67
[0]:33214021 [1]:3837705 [2]:84 [3]:64
[0]:33408617 [1]:3867614 [2]:84 [3]:361
[0]:33606570 [1]:3898041 [2]:84 [3]:367
[0]:33807540 [1]:3929135 [2]:84 [3]:367
[0]:34009436 [1]:3960170 [2]:84 [3]:361
[0]:34210884 [1]:3991188 [2]:84 [3]:62
[0]:34416185 [1]:4022820 [2]:84 [3]:359
[0]:34614077 [1]:4053280 [2]:84 [3]:57
[0]:34803934 [1]:4082561 [2]:84 [3]:58
[0]:34994267 [1]:4111848 [2]:84 [3]:63
[0]:35188642 [1]:4141801 [2]:84 [3]:362
[0]:35404787 [1]:4175065 [2]:85 [3]:64
[0]:35678157 [1]:4217117 [2]:85 [3]:367
[0]:35874992 [1]:4247420 [2]:85 [3]:361
[0]:36096039 [1]:4281367 [2]:85 [3]:361
[0]:36315715 [1]:4315252 [2]:85 [3]:68
[0]:36532176 [1]:4348497 [2]:85 [3]:362
[0]:36722429 [1]:4377788 [2]:85 [3]:60
[0]:36916600 [1]:4407750 [2]:85 [3]:355
[0]:37117771 [1]:4438771 [2]:85 [3]:363
[0]:37314897 [1]:4469087 [2]:86 [3]:373
[0]:37517314 [1]:4500363 [2]:86 [3]:358
[0]:37717490 [1]:4531240 [2]:86 [3]:373
[0]:37935310 [1]:4564813 [2]:86 [3]:358
[0]:38128919 [1]:4594674 [2]:86 [3]:64
[0]:38327048 [1]:4625118 [2]:86 [3]:359
[0]:38528653 [1]:4656165 [2]:86 [3]:357
[0]:38718838 [1]:4685418 [2]:86 [3]:362
[0]:38916265 [1]:4715799 [2]:86 [3]:361
[0]:39114579 [1]:4746289 [2]:86 [3]:366
[0]:39334605 [1]:4780029 [2]:86 [3]:360
[0]:39536347 [1]:4811098 [2]:87 [3]:67
[0]:39798179 [1]:4851428 [2]:87 [3]:365
[0]:39991194 [1]:4881212 [2]:87 [3]:66
[0]:40185623 [1]:4911159 [2]:87 [3]:55
[0]:40401751 [1]:4944449 [2]:87 [3]:362
[0]:40633070 [1]:4980006 [2]:87 [3]:368
[0]:40820151 [1]:5008786 [2]:87 [3]:361
[0]:41017757 [1]:5039318 [2]:87 [3]:59
[0]:41210224 [1]:5068976 [2]:87 [3]:366
[0]:41410360 [1]:5099802 [2]:88 [3]:65
[0]:41622293 [1]:5132515 [2]:88 [3]:62
[0]:41820032 [1]:5163008 [2]:88 [3]:373
[0]:42051146 [1]:5198783 [2]:88 [3]:358
[0]:42241244 [1]:5228088 [2]:88 [3]:362
[0]:42443055 [1]:5259101 [2]:88 [3]:365
[0]:42663226 [1]:5292958 [2]:88 [3]:363
[0]:42860838 [1]:5323381 [2]:88 [3]:362
[0]:43054983 [1]:5353199 [2]:88 [3]:357
[0]:43249124 [1]:5383138 [2]:88 [3]:360
[0]:43447044 [1]:5413533 [2]:89 [3]:353
[0]:43639402 [1]:5443120 [2]:89 [3]:356
[0]:43827614 [1]:5472064 [2]:89 [3]:356
[0]:44018064 [1]:5501343 [2]:89 [3]:63
[0]:44208382 [1]:5530594 [2]:89 [3]:361
[0]:44413281 [1]:5562210 [2]:89 [3]:55
[0]:44611236 [1]:5592667 [2]:89 [3]:363
[0]:44805459 [1]:5622514 [2]:89 [3]:364
[0]:45045761 [1]:5659482 [2]:89 [3]:363
[0]:45242080 [1]:5689665 [2]:89 [3]:68
[0]:45435900 [1]:5719595 [2]:89 [3]:362
[0]:45648805 [1]:5752343 [2]:90 [3]:60
[0]:45842824 [1]:5782234 [2]:90 [3]:57
[0]:46040780 [1]:5812669 [2]:90 [3]:364
[0]:46227334 [1]:5841382 [2]:90 [3]:359
[0]:46447082 [1]:5875066 [2]:90 [3]:366
[0]:46645518 [1]:5905620 [2]:90 [3]:360
[0]:46846827 [1]:5936678 [2]:90 [3]:66
[0]:47074514 [1]:5971658 [2]:90 [3]:359
[0]:47269186 [1]:6001673 [2]:90 [3]:366
[0]:47465981 [1]:6032185 [2]:90 [3]:363
[0]:47663911 [1]:6062652 [2]:90 [3]:364
[0]:47865494 [1]:6093648 [2]:90 [3]:367
[0]:48052028 [1]:6122423 [2]:90 [3]:353
[0]:48257277 [1]:6153974 [2]:90 [3]:358
[0]:48461058 [1]:6185339 [2]:90 [3]:365
[0]:48656612 [1]:6215289 [2]:90 [3]:355
[0]:48850794 [1]:6245198 [2]:90 [3]:362
[0]:49043740 [1]:6274995 [2]:90 [3]:362
[0]:49242596 [1]:6305712 [2]:90 [3]:58
[0]:49432775 [1]:6334931 [2]:90 [3]:360
[0]:49634619 [1]:6365980 [2]:90 [3]:361
[0]:49852919 [1]:6399621 [2]:90 [3]:366
[0]:50044787 [1]:6429150 [2]:90 [3]:376
[0]:50237413 [1]:6458816 [2]:90 [3]:69
[0]:50456041 [1]:6492437 [2]:90 [3]:367
[0]:50649500 [1]:6522195 [2]:90 [3]:74
[0]:50852961 [1]:6553511 [2]:90 [3]:67
[0]:51041663 [1]:6582719 [2]:90 [3]:66
[0]:51235390 [1]:6612516 [2]:90 [3]:69
[0]:51437724 [1]:6643760 [2]:90 [3]:68
[0]:51645728 [1]:6675829 [2]:90 [3]:366
[0]:51850680 [1]:6707475 [2]:90 [3]:363
[0]:52063286 [1]:6740238 [2]:90 [3]:371
[0]:52268393 [1]:6771808 [2]:90 [3]:363
[0]:52489244 [1]:6805775 [2]:90 [3]:59
[0]:52690685 [1]:6836859 [2]:90 [3]:364
[0]:52898944 [1]:6868928 [2]:90 [3]:354
[0]:53127170 [1]:6904143 [2]:90 [3]:360
[0]:53328516 [1]:6935241 [2]:90 [3]:354
[0]:53529653 [1]:6966225 [2]:90 [3]:364
[0]:53724028 [1]:6996197 [2]:90 [3]:361
[0]:53916918 [1]:7025860 [2]:90 [3]:356
[0]:54149209 [1]:7061526 [2]:90 [3]:368
[0]:54343532 [1]:7091585 [2]:90 [3]:369
[0]:54542902 [1]:7122324 [2]:90 [3]:362
[0]:54739050 [1]:7152589 [2]:90 [3]:62
[0]:54940552 [1]:7183620 [2]:90 [3]:366
[0]:55130906 [1]:7212860 [2]:90 [3]:67
[0]:55328563 [1]:7243331 [2]:90 [3]:357
[0]:55530447 [1]:7274373 [2]:90 [3]:67
[0]:55739232 [1]:7306503 [2]:90 [3]:63
[0]:55948384 [1]:7338698 [2]:90 [3]:355
[0]:56146054 [1]:7369173 [2]:90 [3]:360
[0]:56344597 [1]:7399796 [2]:90 [3]:363
[0]:56545311 [1]:7430700 [2]:90 [3]:55
[0]:56750742 [1]:7462314 [2]:90 [3]:365
[0]:56944692 [1]:7492138 [2]:90 [3]:364
[0]:57143744 [1]:7522850 [2]:90 [3]:361
[0]:57330255 [1]:7551571 [2]:90 [3]:363
[0]:57530673 [1]:7582417 [2]:90 [3]:358
[0]:57754480 [1]:7616875 [2]:90 [3]:70
[0]:57946570 [1]:7646338 [2]:90 [3]:65
[0]:58143260 [1]:7676662 [2]:90 [3]:359
[0]:58362805 [1]:7710514 [2]:90 [3]:57
[0]:58576612 [1]:7743495 [2]:90 [3]:368
[0]:58784452 [1]:7775509 [2]:90 [3]:358
[0]:58978369 [1]:7805506 [2]:90 [3]:364
[0]:59180020 [1]:7836600 [2]:90 [3]:365
[0]:59397442 [1]:7870128 [2]:90 [3]:363
[0]:59583127 [1]:7898740 [2]:90 [3]:62
[0]:59801339 [1]:7932315 [2]:90 [3]:61
[0]:59989528 [1]:7961354 [2]:90 [3]:362
[0]:60209670 [1]:7995299 [2]:90 [3]:359
[0]:60403338 [1]:8025063 [2]:90 [3]:64
[0]:60594107 [1]:8054388 [2]:90 [3]:370
[0]:60780765 [1]:8083152 [2]:90 [3]:355
[0]:60974792 [1]:8113130 [2]:90 [3]:63
[0]:61172320 [1]:8143565 [2]:90 [3]:60
[0]:61386629 [1]:8176523 [2]:90 [3]:366
[0]:61583185 [1]:8206684 [2]:90 [3]:362
[0]:61777238 [1]:8236551 [2]:90 [3]:61
[0]:61993617 [1]:8269937 [2]:90 [3]:59
[0]:62183836 [1]:8299308 [2]:90 [3]:60
[0]:62377880 [1]:8329124 [2]:90 [3]:64
[0]:62575262 [1]:8359535 [2]:90 [3]:355
[0]:62810029 [1]:8395700 [2]:90 [3]:59
[0]:63012243 [1]:8426871 [2]:90 [3]:361
[0]:63213793 [1]:8457982 [2]:90 [3]:58
[0]:63411445 [1]:8488475 [2]:90 [3]:360
[0]:63609218 [1]:8518897 [2]:90 [3]:355
[0]:63841635 [1]:8554701 [2]:90 [3]:361
[0]:64038412 [1]:8584910 [2]:90 [3]:359
[0]:64236259 [1]:8615362 [2]:90 [3]:361
[0]:64434159 [1]:8645859 [2]:90 [3]:57
[0]:64647718 [1]:8678753 [2]:90 [3]:354
[0]:64859588 [1]:8711373 [2]:90 [3]:69
