[0]:0 [1]:0 [2]:0 [3]:0
[0]:0 [1]:0 [2]:0 [3]:0
[0]:160902 [1]:34780 [2]:0 [3]:363
[0]:371089 [1]:80247 [2]:0 [3]:358
[0]:567602 [1]:122766 [2]:0 [3]:362
[0]:765463 [1]:165599 [2]:0 [3]:356
[0]:963917 [1]:208573 [2]:0 [3]:63
[0]:1190682 [1]:257560 [2]:0 [3]:361
[0]:1408002 [1]:304544 [2]:0 [3]:366
[0]:1635232 [1]:353726 [2]:0 [3]:365
[0]:1840754 [1]:398211 [2]:0 [3]:362
[0]:2060872 [1]:445837 [2]:0 [3]:357
[0]:2251084 [1]:487014 [2]:0 [3]:351
[0]:2452205 [1]:530549 [2]:0 [3]:59
[0]:2642327 [1]:571792 [2]:0 [3]:361
[0]:2836722 [1]:613848 [2]:0 [3]:355
[0]:3030641 [1]:655798 [2]:0 [3]:361
[0]:3235725 [1]:700215 [2]:0 [3]:365
[0]:3437355 [1]:743911 [2]:0 [3]:362
[0]:3689876 [1]:798587 [2]:0 [3]:350
[0]:3922110 [1]:848822 [2]:0 [3]:356
[0]:4137706 [1]:895467 [2]:0 [3]:356
[0]:4339715 [1]:939225 [2]:0 [3]:362
[0]:4533028 [1]:981069 [2]:0 [3]:368
[0]:4737672 [1]:1025358 [2]:0 [3]:357
[0]:4943626 [1]:1069885 [2]:0 [3]:358
[0]:5149419 [1]:1114435 [2]:0 [3]:368
[0]:5352725 [1]:1158493 [2]:0 [3]:356
[0]:5552066 [1]:1201637 [2]:0 [3]:355
[0]:5749941 [1]:1244440 [2]:0 [3]:49
[0]:5945982 [1]:1286764 [2]:0 [3]:360
[0]:6152808 [1]:1331544 [2]:0 [3]:353
[0]:6360809 [1]:1376591 [2]:0 [3]:363
[0]:6559167 [1]:1419592 [2]:0 [3]:361
[0]:6753152 [1]:1461537 [2]:0 [3]:363
[0]:6958283 [1]:1505899 [2]:0 [3]:356
[0]:7152220 [1]:1547863 [2]:0 [3]:62
[0]:7350206 [1]:1590713 [2]:0 [3]:367
[0]:7544189 [1]:1632648 [2]:0 [3]:364
[0]:7745584 [1]:1676176 [2]:0 [3]:356
[0]:7950816 [1]:1720605 [2]:0 [3]:61
[0]:8144309 [1]:1762489 [2]:0 [3]:358
[0]:8342382 [1]:1805308 [2]:0 [3]:363
[0]:8547123 [1]:1849631 [2]:0 [3]:359
[0]:8750834 [1]:1893664 [2]:0 [3]:361
[0]:8948084 [1]:1936309 [2]:0 [3]:353
[0]:9152026 [1]:1980415 [2]:0 [3]:360
[0]:9374739 [1]:2028635 [2]:0 [3]:355
[0]:9566894 [1]:2070184 [2]:0 [3]:354
[0]:9775043 [1]:2115209 [2]:0 [3]:59
[0]:9965351 [1]:2156376 [2]:0 [3]:363
[0]:10183509 [1]:2203627 [2]:0 [3]:364
[0]:10389523 [1]:2248254 [2]:0 [3]:63
[0]:10588162 [1]:2291223 [2]:0 [3]:362
[0]:10778762 [1]:2332449 [2]:0 [3]:360
[0]:10971279 [1]:2374080 [2]:0 [3]:354
[0]:11181435 [1]:2419517 [2]:0 [3]:357
[0]:11416197 [1]:2470272 [2]:0 [3]:357
[0]:11601136 [1]:2510290 [2]:0 [3]:56
[0]:11796740 [1]:2552664 [2]:0 [3]:364
[0]:11998169 [1]:2596333 [2]:0 [3]:63
[0]:12192080 [1]:2638299 [2]:0 [3]:361
[0]:12402143 [1]:2683725 [2]:0 [3]:358
[0]:12609618 [1]:2728615 [2]:0 [3]:361
[0]:12811141 [1]:2772262 [2]:0 [3]:365
[0]:13004298 [1]:2814053 [2]:0 [3]:360
[0]:13203123 [1]:2857058 [2]:0 [3]:358
[0]:13400829 [1]:2899774 [2]:0 [3]:352
[0]:13662536 [1]:2956446 [2]:0 [3]:364
[0]:13863440 [1]:2999973 [2]:0 [3]:360
[0]:14100826 [1]:3051288 [2]:0 [3]:360
[0]:14303630 [1]:3095176 [2]:0 [3]:352
[0]:14527117 [1]:3143523 [2]:0 [3]:364
[0]:14718297 [1]:3184923 [2]:0 [3]:360
[0]:14912664 [1]:3226964 [2]:0 [3]:62
[0]:15102009 [1]:3267894 [2]:0 [3]:359
[0]:15295945 [1]:3309809 [2]:0 [3]:364
[0]:15504814 [1]:3355011 [2]:0 [3]:363
[0]:15702346 [1]:3397809 [2]:0 [3]:365
[0]:15893622 [1]:3439214 [2]:0 [3]:369
[0]:16094115 [1]:3482566 [2]:0 [3]:364
[0]:16291758 [1]:3525314 [2]:0 [3]:364
[0]:16484589 [1]:3567058 [2]:0 [3]:364
[0]:16690273 [1]:3611513 [2]:0 [3]:369
[0]:16895062 [1]:3655897 [2]:0 [3]:365
[0]:17090105 [1]:3698058 [2]:0 [3]:361
[0]:17284125 [1]:3740051 [2]:0 [3]:367
[0]:17478206 [1]:3782045 [2]:0 [3]:363
[0]:17681551 [1]:3826112 [2]:0 [3]:359
[0]:17877360 [1]:3868546 [2]:0 [3]:363
[0]:18075102 [1]:3911254 [2]:0 [3]:63
[0]:18297227 [1]:3959334 [2]:0 [3]:364
[0]:18515240 [1]:4006491 [2]:0 [3]:366
[0]:18705207 [1]:4047640 [2]:0 [3]:55
[0]:18942016 [1]:4098776 [2]:0 [3]:354
[0]:19143812 [1]:4142411 [2]:0 [3]:360
[0]:19345226 [1]:4185998 [2]:0 [3]:361
[0]:19537190 [1]:4227589 [2]:0 [3]:361
[0]:19776091 [1]:4279240 [2]:0 [3]:361
[0]:19984644 [1]:4324363 [2]:0 [3]:360
[0]:20186262 [1]:4367983 [2]:0 [3]:57
[0]:20383995 [1]:4410790 [2]:0 [3]:359
[0]:20584651 [1]:4454240 [2]:0 [3]:367
[0]:20786920 [1]:4497981 [2]:0 [3]:368
[0]:20984732 [1]:4540781 [2]:0 [3]:356
[0]:21180110 [1]:4583089 [2]:0 [3]:364
[0]:21368917 [1]:4623939 [2]:0 [3]:363
[0]:21570356 [1]:4667574 [2]:0 [3]:365
[0]:21768036 [1]:4710302 [2]:0 [3]:364
[0]:21962052 [1]:4752332 [2]:0 [3]:362
[0]:22157661 [1]:4794631 [2]:0 [3]:357
[0]:22346242 [1]:4835466 [2]:0 [3]:361
[0]:22540145 [1]:4877460 [2]:0 [3]:355
[0]:22730207 [1]:4918553 [2]:0 [3]:361
[0]:22928434 [1]:4961473 [2]:0 [3]:55
[0]:23126471 [1]:5004287 [2]:0 [3]:357
[0]:23338435 [1]:5050246 [2]:0 [3]:360
[0]:23536186 [1]:5093020 [2]:0 [3]:362
[0]:23736806 [1]:5136497 [2]:0 [3]:365
[0]:23929105 [1]:5178115 [2]:0 [3]:364
[0]:24121482 [1]:5219741 [2]:0 [3]:356
[0]:24311987 [1]:5261014 [2]:0 [3]:364
[0]:24502689 [1]:5302237 [2]:0 [3]:55
[0]:24699969 [1]:5344932 [2]:0 [3]:362
[0]:24890231 [1]:5386133 [2]:0 [3]:360
[0]:25084184 [1]:5428104 [2]:0 [3]:358
[0]:25291710 [1]:5473035 [2]:0 [3]:62
[0]:25487024 [1]:5515277 [2]:0 [3]:360
[0]:25680395 [1]:5557099 [2]:0 [3]:363
[0]:25886313 [1]:5601629 [2]:0 [3]:358
[0]:26080697 [1]:5643732 [2]:0 [3]:365
[0]:26284850 [1]:5687955 [2]:0 [3]:358
[0]:26479188 [1]:5729927 [2]:0 [3]:357
[0]:26710567 [1]:5780105 [2]:0 [3]:52
[0]:26910296 [1]:5823378 [2]:0 [3]:355
[0]:27143170 [1]:5873799 [2]:0 [3]:362
[0]:27340933 [1]:5916545 [2]:0 [3]:367
[0]:27538665 [1]:5959335 [2]:0 [3]:361
[0]:27732748 [1]:6001377 [2]:0 [3]:361
[0]:27930353 [1]:6044162 [2]:0 [3]:365
[0]:28127888 [1]:6086913 [2]:0 [3]:363
[0]:28340729 [1]:6132891 [2]:0 [3]:361
[0]:28540191 [1]:6176054 [2]:0 [3]:364
[0]:28739688 [1]:6219250 [2]:0 [3]:364
[0]:28937352 [1]:6262060 [2]:0 [3]:364
[0]:29123497 [1]:6302228 [2]:0 [3]:59
[0]:29409759 [1]:6364142 [2]:0 [3]:367
[0]:29602869 [1]:6405931 [2]:0 [3]:360
[0]:29814087 [1]:6451674 [2]:0 [3]:366
[0]:30015405 [1]:6495277 [2]:0 [3]:363
[0]:30242189 [1]:6544299 [2]:0 [3]:365
[0]:30444500 [1]:6588138 [2]:0 [3]:360
[0]:30642110 [1]:6630996 [2]:0 [3]:358
[0]:30843427 [1]:6674584 [2]:0 [3]:361
[0]:31033811 [1]:6715784 [2]:0 [3]:362
[0]:31227222 [1]:6757696 [2]:0 [3]:359
[0]:31417917 [1]:6799040 [2]:0 [3]:358
[0]:31622765 [1]:6843392 [2]:0 [3]:356
[0]:31819646 [1]:6886037 [2]:0 [3]:364
[0]:32037192 [1]:6933085 [2]:0 [3]:356
[0]:32240614 [1]:6977146 [2]:0 [3]:360
[0]:32436077 [1]:7019429 [2]:0 [3]:58
[0]:32666286 [1]:7069286 [2]:0 [3]:58
[0]:32850351 [1]:7109083 [2]:0 [3]:361
[0]:33054686 [1]:7153307 [2]:0 [3]:59
[0]:33283179 [1]:7202784 [2]:0 [3]:360
[0]:33488308 [1]:7247194 [2]:0 [3]:363
[0]:33677300 [1]:7288133 [2]:0 [3]:364
[0]:33879967 [1]:7331933 [2]:0 [3]:357
[0]:34091188 [1]:7377647 [2]:0 [3]:355
[0]:34297672 [1]:7422355 [2]:0 [3]:355
[0]:34499168 [1]:7465949 [2]:0 [3]:360
[0]:34687379 [1]:7506662 [2]:0 [3]:58
[0]:34887207 [1]:7549789 [2]:0 [3]:367
[0]:35166794 [1]:7610267 [2]:0 [3]:362
[0]:35357423 [1]:7651547 [2]:0 [3]:356
[0]:35553375 [1]:7693993 [2]:0 [3]:60
[0]:35752656 [1]:7737013 [2]:0 [3]:361
[0]:35953975 [1]:7780588 [2]:0 [3]:360
[0]:36165995 [1]:7826458 [2]:0 [3]:357
[0]:36362827 [1]:7869081 [2]:0 [3]:364
[0]:36554709 [1]:7910618 [2]:0 [3]:358
[0]:36763348 [1]:7955692 [2]:0 [3]:367
[0]:36946289 [1]:7995250 [2]:0 [3]:359
[0]:37154637 [1]:8040341 [2]:0 [3]:366
[0]:37345463 [1]:8081623 [2]:0 [3]:366
[0]:37538769 [1]:8123402 [2]:0 [3]:368
[0]:37739816 [1]:8166890 [2]:0 [3]:364
[0]:37942391 [1]:8210707 [2]:0 [3]:361
[0]:38132413 [1]:8251819 [2]:0 [3]:354
[0]:38341137 [1]:8296981 [2]:0 [3]:370
[0]:38540911 [1]:8340215 [2]:0 [3]:362
[0]:38751617 [1]:8385859 [2]:0 [3]:364
[0]:38942104 [1]:8427088 [2]:0 [3]:356
[0]:39136002 [1]:8469123 [2]:0 [3]:363
[0]:39363384 [1]:8518254 [2]:0 [3]:362
[0]:39560822 [1]:8560972 [2]:0 [3]:364
[0]:39764316 [1]:8604997 [2]:0 [3]:357
[0]:39964227 [1]:8648211 [2]:0 [3]:356
[0]:40154334 [1]:8689380 [2]:0 [3]:358
[0]:40358522 [1]:8733483 [2]:0 [3]:363
[0]:40579882 [1]:8781392 [2]:0 [3]:352
[0]:40777283 [1]:8824093 [2]:0 [3]:351
[0]:40982614 [1]:8868547 [2]:0 [3]:361
[0]:41187708 [1]:8912935 [2]:0 [3]:359
[0]:41379104 [1]:8954243 [2]:0 [3]:364
[0]:41575815 [1]:8996806 [2]:0 [3]:366
[0]:41795473 [1]:9044286 [2]:0 [3]:358
[0]:41993591 [1]:9087132 [2]:0 [3]:358
[0]:42191121 [1]:9129811 [2]:0 [3]:59
[0]:42396594 [1]:9174265 [2]:0 [3]:364
[0]:42661420 [1]:9231595 [2]:0 [3]:361
[0]:42856101 [1]:9273734 [2]:0 [3]:354
[0]:43053016 [1]:9316364 [2]:0 [3]:57
[0]:43254364 [1]:9359875 [2]:0 [3]:367
[0]:43458067 [1]:9404001 [2]:0 [3]:359
[0]:43657276 [1]:9447072 [2]:0 [3]:365
[0]:43884775 [1]:9496312 [2]:0 [3]:364
[0]:44087409 [1]:9540088 [2]:0 [3]:357
[0]:44286692 [1]:9583172 [2]:0 [3]:365
[0]:44489220 [1]:9626989 [2]:0 [3]:357
[0]:44698083 [1]:9672216 [2]:0 [3]:362
[0]:44891985 [1]:9714260 [2]:0 [3]:362
[0]:45097242 [1]:9758643 [2]:0 [3]:54
[0]:45295421 [1]:9801527 [2]:0 [3]:360
[0]:45489823 [1]:9843595 [2]:0 [3]:356
[0]:45682564 [1]:9885273 [2]:0 [3]:58
[0]:45887013 [1]:9929515 [2]:0 [3]:353
[0]:46094119 [1]:9974363 [2]:0 [3]:358
[0]:46290972 [1]:10017000 [2]:0 [3]:352
[0]:46484933 [1]:10058978 [2]:0 [3]:359
[0]:46701286 [1]:10105829 [2]:0 [3]:364
[0]:46891485 [1]:10146916 [2]:0 [3]:367
[0]:47088379 [1]:10189576 [2]:0 [3]:354
[0]:47286774 [1]:10232534 [2]:0 [3]:59
[0]:47480805 [1]:10274526 [2]:0 [3]:361
[0]:47674745 [1]:10316454 [2]:0 [3]:363
[0]:47903210 [1]:10365818 [2]:0 [3]:356
[0]:48102699 [1]:10409026 [2]:0 [3]:364
[0]:48301102 [1]:10451997 [2]:0 [3]:65
[0]:48491604 [1]:10493167 [2]:0 [3]:369
[0]:48689162 [1]:10535881 [2]:0 [3]:362
[0]:48891033 [1]:10579586 [2]:0 [3]:362
[0]:49103418 [1]:10625597 [2]:0 [3]:54
[0]:49304094 [1]:10669062 [2]:0 [3]:57
[0]:49521424 [1]:10716084 [2]:0 [3]:356
[0]:49722825 [1]:10759608 [2]:0 [3]:359
[0]:50013653 [1]:10822597 [2]:0 [3]:361
[0]:50211436 [1]:10865415 [2]:0 [3]:358
[0]:50401585 [1]:10906546 [2]:0 [3]:359
[0]:50614369 [1]:10952565 [2]:0 [3]:363
[0]:50815001 [1]:10995970 [2]:0 [3]:61
[0]:51005978 [1]:11037266 [2]:0 [3]:356
[0]:51203005 [1]:11079850 [2]:0 [3]:365
[0]:51412595 [1]:11125190 [2]:0 [3]:353
[0]:51614838 [1]:11168956 [2]:0 [3]:352
[0]:51810945 [1]:11211382 [2]:0 [3]:357
[0]:52005580 [1]:11253579 [2]:0 [3]:363
[0]:52207143 [1]:11297273 [2]:0 [3]:57
[0]:52420997 [1]:11343550 [2]:0 [3]:355
[0]:52632295 [1]:11389276 [2]:0 [3]:359
[0]:52833605 [1]:11432823 [2]:0 [3]:370
[0]:53023983 [1]:11473967 [2]:0 [3]:363
[0]:53244186 [1]:11521645 [2]:0 [3]:361
[0]:53444268 [1]:11564901 [2]:0 [3]:358
[0]:53639652 [1]:11607203 [2]:0 [3]:57
[0]:53844754 [1]:11651607 [2]:0 [3]:366
[0]:54053582 [1]:11696763 [2]:0 [3]:362
[0]:54285300 [1]:11746799 [2]:0 [3]:365
[0]:54503797 [1]:11794177 [2]:0 [3]:366
[0]:54691356 [1]:11834794 [2]:0 [3]:365
[0]:54881506 [1]:11875919 [2]:0 [3]:361
[0]:55072650 [1]:11917323 [2]:0 [3]:358
[0]:55296097 [1]:11965632 [2]:0 [3]:355
[0]:55504719 [1]:12010777 [2]:0 [3]:364
[0]:55691104 [1]:12051134 [2]:0 [3]:59
[0]:55882448 [1]:12092539 [2]:0 [3]:58
[0]:56075175 [1]:12134280 [2]:0 [3]:366
[0]:56273107 [1]:12177021 [2]:0 [3]:368
[0]:56466957 [1]:12218977 [2]:0 [3]:362
[0]:56668479 [1]:12262585 [2]:0 [3]:56
[0]:56866353 [1]:12305386 [2]:0 [3]:356
[0]:57106980 [1]:12357489 [2]:0 [3]:58
[0]:57306425 [1]:12400613 [2]:0 [3]:60
[0]:57504094 [1]:12443385 [2]:0 [3]:358
[0]:57698127 [1]:12485375 [2]:0 [3]:361
[0]:57895789 [1]:12528119 [2]:0 [3]:363
[0]:58093878 [1]:12570965 [2]:0 [3]:359
[0]:58291134 [1]:12613666 [2]:0 [3]:362
[0]:58488832 [1]:12656538 [2]:0 [3]:62
[0]:58669632 [1]:12695659 [2]:0 [3]:366
[0]:58886647 [1]:12742695 [2]:0 [3]:52
[0]:59110526 [1]:12791070 [2]:0 [3]:356
[0]:59317007 [1]:12835764 [2]:0 [3]:360
[0]:59509874 [1]:12877553 [2]:0 [3]:365
[0]:59701366 [1]:12918950 [2]:0 [3]:360
[0]:59893392 [1]:12960436 [2]:0 [3]:349
[0]:60081832 [1]:13001218 [2]:0 [3]:355
[0]:60282029 [1]:13044609 [2]:0 [3]:362
[0]:60473371 [1]:13086044 [2]:0 [3]:361
[0]:60675013 [1]:13129696 [2]:0 [3]:362
[0]:60880027 [1]:13174054 [2]:0 [3]:363
[0]:61082135 [1]:13217820 [2]:0 [3]:362
[0]:61283124 [1]:13261290 [2]:0 [3]:361
[0]:61484220 [1]:13304825 [2]:0 [3]:361
[0]:61685760 [1]:13348439 [2]:0 [3]:363
[0]:61879760 [1]:13390369 [2]:0 [3]:356
[0]:62077414 [1]:13433147 [2]:0 [3]:361
[0]:62271329 [1]:13475183 [2]:0 [3]:365
[0]:62461564 [1]:13516379 [2]:0 [3]:357
[0]:62655490 [1]:13558349 [2]:0 [3]:371
[0]:62858315 [1]:13602276 [2]:0 [3]:364
[0]:63057191 [1]:13645373 [2]:0 [3]:362
[0]:63252155 [1]:13687586 [2]:0 [3]:358
[0]:63450017 [1]:13730425 [2]:0 [3]:361
[0]:63660232 [1]:13775812 [2]:0 [3]:369
[0]:63856686 [1]:13818348 [2]:0 [3]:365
[0]:64065593 [1]:13863556 [2]:0 [3]:365
[0]:64259456 [1]:13905489 [2]:0 [3]:63
[0]:64453387 [1]:13947512 [2]:0 [3]:58
