[0]:133625478 [1]:23582117 [2]:0 [3]:354
[0]:133842591 [1]:23629193 [2]:0 [3]:369
[0]:134050919 [1]:23674274 [2]:0 [3]:361
[0]:134245239 [1]:23716353 [2]:0 [3]:358
[0]:134443289 [1]:23759132 [2]:0 [3]:360
[0]:134635732 [1]:23800769 [2]:0 [3]:359
[0]:134832384 [1]:23843315 [2]:0 [3]:349
[0]:135028703 [1]:23885830 [2]:0 [3]:363
[0]:135221830 [1]:23927652 [2]:0 [3]:363
[0]:135413043 [1]:23968939 [2]:0 [3]:53
[0]:135600155 [1]:24009443 [2]:0 [3]:364
[0]:135796846 [1]:24051987 [2]:0 [3]:363
[0]:136099285 [1]:24117420 [2]:0 [3]:352
[0]:136287493 [1]:24158097 [2]:0 [3]:361
[0]:136487247 [1]:24201393 [2]:0 [3]:362
[0]:136703593 [1]:24248200 [2]:0 [3]:364
[0]:136912618 [1]:24293466 [2]:0 [3]:362
[0]:137113986 [1]:24337045 [2]:0 [3]:366
[0]:137305676 [1]:24378474 [2]:0 [3]:364
[0]:137503268 [1]:24421234 [2]:0 [3]:364
[0]:137699831 [1]:24463724 [2]:0 [3]:353
[0]:137904853 [1]:24508097 [2]:0 [3]:369
[0]:138106277 [1]:24551696 [2]:0 [3]:54
[0]:138330482 [1]:24600182 [2]:0 [3]:61
[0]:138527837 [1]:24642892 [2]:0 [3]:359
[0]:138725473 [1]:24685703 [2]:0 [3]:361
[0]:138934508 [1]:24730898 [2]:0 [3]:354
[0]:139144415 [1]:24776194 [2]:0 [3]:365
[0]:139341116 [1]:24818762 [2]:0 [3]:357
[0]:139534340 [1]:24860573 [2]:0 [3]:361
[0]:139725479 [1]:24901973 [2]:0 [3]:361
[0]:139919286 [1]:24943872 [2]:0 [3]:364
[0]:140117062 [1]:24986671 [2]:0 [3]:358
[0]:140318395 [1]:25030333 [2]:0 [3]:361
[0]:140523379 [1]:25074739 [2]:0 [3]:67
[0]:140724993 [1]:25118314 [2]:0 [3]:368
[0]:140918904 [1]:25160301 [2]:0 [3]:362
[0]:141116717 [1]:25203007 [2]:0 [3]:55
[0]:141317732 [1]:25246550 [2]:0 [3]:355
[0]:141513595 [1]:25288980 [2]:0 [3]:361
[0]:141720846 [1]:25333790 [2]:0 [3]:364
[0]:141909406 [1]:25374572 [2]:0 [3]:355
[0]:142105279 [1]:25417060 [2]:0 [3]:356
[0]:142310397 [1]:25461418 [2]:0 [3]:362
[0]:142511837 [1]:25505082 [2]:0 [3]:59
[0]:142710121 [1]:25548008 [2]:0 [3]:363
[0]:142930734 [1]:25595684 [2]:0 [3]:364
[0]:143131197 [1]:25639054 [2]:0 [3]:59
[0]:143321298 [1]:25680198 [2]:0 [3]:369
[0]:143515256 [1]:25722182 [2]:0 [3]:56
[0]:143716722 [1]:25765843 [2]:0 [3]:357
[0]:143910666 [1]:25807830 [2]:0 [3]:362
[0]:144129434 [1]:25855153 [2]:0 [3]:362
[0]:144350864 [1]:25903063 [2]:0 [3]:364
[0]:144544066 [1]:25944941 [2]:0 [3]:361
[0]:144733222 [1]:25985833 [2]:0 [3]:360
[0]:144929595 [1]:26028362 [2]:0 [3]:360
[0]:145130537 [1]:26071877 [2]:0 [3]:358
[0]:145328057 [1]:26114663 [2]:0 [3]:355
[0]:145537192 [1]:26159938 [2]:0 [3]:364
[0]:145728546 [1]:26201249 [2]:0 [3]:363
[0]:145917636 [1]:26242151 [2]:0 [3]:358
[0]:146116005 [1]:26285123 [2]:0 [3]:360
[0]:146312579 [1]:26327669 [2]:0 [3]:63
[0]:146512786 [1]:26370970 [2]:0 [3]:361
[0]:146715558 [1]:26414818 [2]:0 [3]:354
[0]:146939740 [1]:26463349 [2]:0 [3]:366
[0]:147135458 [1]:26505756 [2]:0 [3]:355
[0]:147327767 [1]:26547319 [2]:0 [3]:355
[0]:147521191 [1]:26589088 [2]:0 [3]:59
[0]:147709588 [1]:26629893 [2]:0 [3]:366
[0]:147913867 [1]:26674110 [2]:0 [3]:365
[0]:148114792 [1]:26717627 [2]:0 [3]:54
[0]:148312408 [1]:26760401 [2]:0 [3]:354
[0]:148502480 [1]:26801491 [2]:0 [3]:357
[0]:148696766 [1]:26843535 [2]:0 [3]:365
[0]:148897349 [1]:26886964 [2]:0 [3]:60
[0]:149088425 [1]:26928314 [2]:0 [3]:367
[0]:149286237 [1]:26971163 [2]:0 [3]:360
[0]:149489972 [1]:27015183 [2]:0 [3]:362
[0]:149685424 [1]:27057477 [2]:0 [3]:365
[0]:149883017 [1]:27100245 [2]:0 [3]:357
[0]:150084484 [1]:27143890 [2]:0 [3]:355
[0]:150285867 [1]:27187461 [2]:0 [3]:371
[0]:150476989 [1]:27228825 [2]:0 [3]:363
[0]:150673903 [1]:27271421 [2]:0 [3]:54
[0]:150864113 [1]:27312621 [2]:0 [3]:356
[0]:151058169 [1]:27354630 [2]:0 [3]:358
[0]:151255036 [1]:27397178 [2]:0 [3]:361
[0]:151453514 [1]:27440053 [2]:0 [3]:356
[0]:151647457 [1]:27482040 [2]:0 [3]:357
[0]:151884032 [1]:27533254 [2]:0 [3]:360
[0]:152068946 [1]:27573301 [2]:0 [3]:358
[0]:152265923 [1]:27615808 [2]:0 [3]:362
[0]:152457064 [1]:27657189 [2]:0 [3]:354
[0]:152650984 [1]:27699202 [2]:0 [3]:356
[0]:152859999 [1]:27744459 [2]:0 [3]:359
[0]:153051635 [1]:27785831 [2]:0 [3]:57
[0]:153244322 [1]:27827471 [2]:0 [3]:355
[0]:153441740 [1]:27870218 [2]:0 [3]:358
[0]:153643341 [1]:27913865 [2]:0 [3]:357
[0]:153852231 [1]:27959063 [2]:0 [3]:365
[0]:154050009 [1]:28001833 [2]:0 [3]:366
[0]:154246805 [1]:28044471 [2]:0 [3]:359
[0]:154438155 [1]:28085889 [2]:0 [3]:363
[0]:154635700 [1]:28128618 [2]:0 [3]:356
[0]:154833074 [1]:28171364 [2]:0 [3]:356
[0]:155025810 [1]:28213062 [2]:0 [3]:369
[0]:155225005 [1]:28256172 [2]:0 [3]:357
[0]:155426633 [1]:28299793 [2]:0 [3]:359
[0]:155646618 [1]:28347412 [2]:0 [3]:365
[0]:155851672 [1]:28391719 [2]:0 [3]:360
[0]:156045682 [1]:28433712 [2]:0 [3]:363
[0]:156247047 [1]:28477302 [2]:0 [3]:361
[0]:156448579 [1]:28520910 [2]:0 [3]:356
[0]:156645898 [1]:28563635 [2]:0 [3]:353
[0]:156834979 [1]:28604491 [2]:0 [3]:358
[0]:157041420 [1]:28649144 [2]:0 [3]:362
[0]:157239563 [1]:28692029 [2]:0 [3]:359
[0]:157448339 [1]:28737223 [2]:0 [3]:61
[0]:157672243 [1]:28785700 [2]:0 [3]:372
[0]:157873605 [1]:28829238 [2]:0 [3]:361
[0]:158089233 [1]:28875900 [2]:0 [3]:363
[0]:158288993 [1]:28919113 [2]:0 [3]:355
[0]:158478630 [1]:28960161 [2]:0 [3]:362
[0]:158718508 [1]:29012017 [2]:0 [3]:362
[0]:158916477 [1]:29054875 [2]:0 [3]:364
[0]:159112011 [1]:29097181 [2]:0 [3]:366
[0]:159309793 [1]:29139983 [2]:0 [3]:363
[0]:159518634 [1]:29185189 [2]:0 [3]:357
[0]:159713279 [1]:29227264 [2]:0 [3]:349
[0]:159910530 [1]:29269954 [2]:0 [3]:367
[0]:160100176 [1]:29311020 [2]:0 [3]:359
[0]:160294482 [1]:29353059 [2]:0 [3]:367
[0]:160503488 [1]:29398258 [2]:0 [3]:369
[0]:160697054 [1]:29440129 [2]:0 [3]:364
[0]:160894719 [1]:29482928 [2]:0 [3]:359
[0]:161100342 [1]:29527418 [2]:0 [3]:362
[0]:161305476 [1]:29571819 [2]:0 [3]:362
[0]:161510716 [1]:29616252 [2]:0 [3]:360
[0]:161714086 [1]:29660235 [2]:0 [3]:357
[0]:161912637 [1]:29703272 [2]:0 [3]:368
[0]:162110041 [1]:29745992 [2]:0 [3]:360
[0]:162305125 [1]:29788234 [2]:0 [3]:367
[0]:162499160 [1]:29830202 [2]:0 [3]:360
[0]:162711818 [1]:29876216 [2]:0 [3]:368
[0]:162905706 [1]:29918182 [2]:0 [3]:361
[0]:163107048 [1]:29961775 [2]:0 [3]:362
[0]:163295860 [1]:30002679 [2]:0 [3]:366
[0]:163489178 [1]:30044469 [2]:0 [3]:361
[0]:163685373 [1]:30086962 [2]:0 [3]:357
[0]:163875644 [1]:30128143 [2]:0 [3]:55
[0]:164064785 [1]:30169052 [2]:0 [3]:362
[0]:164252396 [1]:30209598 [2]:0 [3]:364
[0]:164443284 [1]:30250917 [2]:0 [3]:364
[0]:164640305 [1]:30293597 [2]:0 [3]:61
[0]:164830612 [1]:30334774 [2]:0 [3]:353
[0]:165024532 [1]:30376723 [2]:0 [3]:363
[0]:165218571 [1]:30418669 [2]:0 [3]:358
[0]:165416144 [1]:30461460 [2]:0 [3]:366
[0]:165602671 [1]:30501819 [2]:0 [3]:351
[0]:165818049 [1]:30548441 [2]:0 [3]:365
[0]:166030809 [1]:30594504 [2]:0 [3]:362
[0]:166237876 [1]:30639262 [2]:0 [3]:362
[0]:166442035 [1]:30683425 [2]:0 [3]:366
[0]:166647381 [1]:30727883 [2]:0 [3]:360
[0]:166844506 [1]:30770530 [2]:0 [3]:62
[0]:167046488 [1]:30814140 [2]:0 [3]:60
[0]:167239382 [1]:30855875 [2]:0 [3]:360
[0]:167512715 [1]:30915015 [2]:0 [3]:356
[0]:167708335 [1]:30957377 [2]:0 [3]:364
[0]:167934252 [1]:31006338 [2]:0 [3]:361
[0]:168135715 [1]:31049875 [2]:0 [3]:63
[0]:168327266 [1]:31091308 [2]:0 [3]:61
[0]:168524187 [1]:31133937 [2]:0 [3]:365
[0]:168720800 [1]:31176476 [2]:0 [3]:358
[0]:168919058 [1]:31219339 [2]:0 [3]:54
[0]:169120417 [1]:31262964 [2]:0 [3]:367
[0]:169317530 [1]:31305634 [2]:0 [3]:362
[0]:169515943 [1]:31348619 [2]:0 [3]:53
[0]:169709422 [1]:31390584 [2]:0 [3]:357
[0]:169914903 [1]:31435040 [2]:0 [3]:362
[0]:170109045 [1]:31477056 [2]:0 [3]:364
[0]:170306689 [1]:31519824 [2]:0 [3]:352
[0]:170504634 [1]:31562681 [2]:0 [3]:367
[0]:170724486 [1]:31610255 [2]:0 [3]:356
[0]:170937056 [1]:31656231 [2]:0 [3]:362
[0]:171130508 [1]:31698135 [2]:0 [3]:364
[0]:171330135 [1]:31741355 [2]:0 [3]:360
[0]:171533809 [1]:31785455 [2]:0 [3]:365
[0]:171738850 [1]:31829796 [2]:0 [3]:363
[0]:171948000 [1]:31875080 [2]:0 [3]:357
[0]:172142524 [1]:31917213 [2]:0 [3]:56
[0]:172335944 [1]:31959114 [2]:0 [3]:368
[0]:172522602 [1]:31999502 [2]:0 [3]:369
[0]:172716454 [1]:32041327 [2]:0 [3]:357
[0]:172909858 [1]:32083200 [2]:0 [3]:365
[0]:173104386 [1]:32125309 [2]:0 [3]:64
[0]:173305579 [1]:32168884 [2]:0 [3]:360
[0]:173507364 [1]:32212582 [2]:0 [3]:363
[0]:173705024 [1]:32255331 [2]:0 [3]:356
[0]:173895301 [1]:32296507 [2]:0 [3]:364
[0]:174102524 [1]:32341350 [2]:0 [3]:365
[0]:174298065 [1]:32383679 [2]:0 [3]:357
[0]:174491988 [1]:32425637 [2]:0 [3]:359
[0]:174749224 [1]:32481323 [2]:0 [3]:360
[0]:174943439 [1]:32523366 [2]:0 [3]:367
[0]:175148687 [1]:32567830 [2]:0 [3]:358
[0]:175338857 [1]:32608996 [2]:0 [3]:362
[0]:175554786 [1]:32655675 [2]:0 [3]:364
[0]:175749225 [1]:32697722 [2]:0 [3]:359
[0]:175940341 [1]:32739059 [2]:0 [3]:63
[0]:176145411 [1]:32783403 [2]:0 [3]:357
[0]:176332486 [1]:32823988 [2]:0 [3]:360
[0]:176524806 [1]:32865530 [2]:0 [3]:361
[0]:176724050 [1]:32908643 [2]:0 [3]:359
[0]:176916755 [1]:32950329 [2]:0 [3]:363
[0]:177110775 [1]:32992247 [2]:0 [3]:364
[0]:177311835 [1]:33035732 [2]:0 [3]:362
[0]:177506200 [1]:33077802 [2]:0 [3]:360
[0]:177704013 [1]:33120602 [2]:0 [3]:364
[0]:177952654 [1]:33174383 [2]:0 [3]:356
[0]:178144068 [1]:33215818 [2]:0 [3]:364
[0]:178338452 [1]:33257811 [2]:0 [3]:363
[0]:178543175 [1]:33302165 [2]:0 [3]:360
[0]:178742561 [1]:33345462 [2]:0 [3]:361
[0]:178938624 [1]:33387898 [2]:0 [3]:361
[0]:179142188 [1]:33431952 [2]:0 [3]:366
[0]:179345158 [1]:33475834 [2]:0 [3]:362
[0]:179535138 [1]:33516954 [2]:0 [3]:359
[0]:179725737 [1]:33558161 [2]:0 [3]:360
[0]:179956547 [1]:33608143 [2]:0 [3]:356
[0]:180150364 [1]:33649961 [2]:0 [3]:351
[0]:180352544 [1]:33693736 [2]:0 [3]:364
[0]:180548492 [1]:33736161 [2]:0 [3]:359
[0]:180747409 [1]:33779218 [2]:0 [3]:67
[0]:180953410 [1]:33823750 [2]:0 [3]:359
[0]:181158180 [1]:33868084 [2]:0 [3]:356
[0]:181351965 [1]:33910048 [2]:0 [3]:360
[0]:181556304 [1]:33954308 [2]:0 [3]:356
[0]:181761622 [1]:33998759 [2]:0 [3]:357
[0]:181963800 [1]:34042496 [2]:0 [3]:355
[0]:182165254 [1]:34086076 [2]:0 [3]:361
[0]:182360797 [1]:34128426 [2]:0 [3]:362
[0]:182609183 [1]:34182275 [2]:0 [3]:362
[0]:182836297 [1]:34231413 [2]:0 [3]:362
[0]:183027050 [1]:34272649 [2]:0 [3]:361
[0]:183220885 [1]:34314643 [2]:0 [3]:353
[0]:183418587 [1]:34357412 [2]:0 [3]:357
[0]:183609517 [1]:34398757 [2]:0 [3]:360
[0]:183806738 [1]:34441436 [2]:0 [3]:361
[0]:184011884 [1]:34485769 [2]:0 [3]:362
[0]:184227416 [1]:34532461 [2]:0 [3]:366
[0]:184422055 [1]:34574590 [2]:0 [3]:355
[0]:184634658 [1]:34620580 [2]:0 [3]:356
[0]:184828652 [1]:34662541 [2]:0 [3]:366
[0]:185015144 [1]:34702902 [2]:0 [3]:355
[0]:185208989 [1]:34744861 [2]:0 [3]:357
[0]:185410668 [1]:34788528 [2]:0 [3]:360
[0]:185604640 [1]:34830471 [2]:0 [3]:57
[0]:185787372 [1]:34869915 [2]:0 [3]:54
[0]:185981216 [1]:34911900 [2]:0 [3]:59
[0]:186182790 [1]:34955540 [2]:0 [3]:54
[0]:186376787 [1]:34997558 [2]:0 [3]:364
[0]:186570635 [1]:35039589 [2]:0 [3]:59
[0]:186798429 [1]:35088826 [2]:0 [3]:365
[0]:186995953 [1]:35131536 [2]:0 [3]:361
[0]:187179214 [1]:35171158 [2]:0 [3]:362
[0]:187372759 [1]:35213052 [2]:0 [3]:360
[0]:187566718 [1]:35254965 [2]:0 [3]:365
[0]:187764647 [1]:35297829 [2]:0 [3]:366
[0]:187962124 [1]:35340583 [2]:0 [3]:355
[0]:188167380 [1]:35384980 [2]:0 [3]:358
[0]:188364954 [1]:35427737 [2]:0 [3]:365
[0]:188562845 [1]:35470506 [2]:0 [3]:56
[0]:188751068 [1]:35511204 [2]:0 [3]:360
[0]:188952926 [1]:35554944 [2]:0 [3]:362
[0]:189211875 [1]:35610981 [2]:0 [3]:362
[0]:189416965 [1]:35655380 [2]:0 [3]:327
[0]:189607247 [1]:35696535 [2]:0 [3]:360
[0]:189819779 [1]:35742513 [2]:0 [3]:364
[0]:190010106 [1]:35783727 [2]:0 [3]:357
[0]:190207746 [1]:35826547 [2]:0 [3]:355
[0]:190405531 [1]:35869318 [2]:0 [3]:365
[0]:190595763 [1]:35910475 [2]:0 [3]:355
[0]:190814624 [1]:35957899 [2]:0 [3]:365
[0]:191005862 [1]:35999320 [2]:0 [3]:364
[0]:191200038 [1]:36041366 [2]:0 [3]:357
[0]:191401580 [1]:36084902 [2]:0 [3]:356
[0]:191602458 [1]:36128376 [2]:0 [3]:62
[0]:191789483 [1]:36168834 [2]:0 [3]:351
[0]:191987142 [1]:36211586 [2]:0 [3]:364
[0]:192210969 [1]:36260092 [2]:0 [3]:361
[0]:192401177 [1]:36301152 [2]:0 [3]:366
[0]:192595159 [1]:36343157 [2]:0 [3]:361
[0]:192815424 [1]:36390862 [2]:0 [3]:360
[0]:193015574 [1]:36434190 [2]:0 [3]:366
[0]:193214065 [1]:36477165 [2]:0 [3]:360
[0]:193430777 [1]:36524041 [2]:0 [3]:371
[0]:193624787 [1]:36566064 [2]:0 [3]:360
[0]:193818672 [1]:36608014 [2]:0 [3]:362
[0]:194023780 [1]:36652430 [2]:0 [3]:361
[0]:194214066 [1]:36693580 [2]:0 [3]:353
[0]:194400770 [1]:36733983 [2]:0 [3]:52
[0]:194593988 [1]:36775791 [2]:0 [3]:362
[0]:194788481 [1]:36817926 [2]:0 [3]:359
[0]:194986259 [1]:36860742 [2]:0 [3]:364
[0]:195186837 [1]:36904084 [2]:0 [3]:355
[0]:195381713 [1]:36946273 [2]:0 [3]:357
[0]:195575676 [1]:36988284 [2]:0 [3]:362
[0]:195769553 [1]:37030221 [2]:0 [3]:361
[0]:195963592 [1]:37072178 [2]:0 [3]:62
[0]:196216143 [1]:37126803 [2]:0 [3]:355
[0]:196407466 [1]:37168232 [2]:0 [3]:356
[0]:196635093 [1]:37217488 [2]:0 [3]:356
[0]:196825138 [1]:37258595 [2]:0 [3]:361
[0]:197019331 [1]:37300571 [2]:0 [3]:353
[0]:197213253 [1]:37342480 [2]:0 [3]:363
[0]:197406784 [1]:37384389 [2]:0 [3]:360
[0]:197601206 [1]:37426501 [2]:0 [3]:57
[0]:197795174 [1]:37468526 [2]:0 [3]:362
[0]:198000439 [1]:37512852 [2]:0 [3]:361
[0]:198201052 [1]:37556269 [2]:0 [3]:357
[0]:198399565 [1]:37599222 [2]:0 [3]:358
[0]:198593506 [1]:37641218 [2]:0 [3]:356
[0]:198787647 [1]:37683147 [2]:0 [3]:353
[0]:198980065 [1]:37724842 [2]:0 [3]:363
[0]:199175230 [1]:37767114 [2]:0 [3]:349
[0]:199357330 [1]:37806593 [2]:0 [3]:365
[0]:199357330 [1]:37806593 [2]:0 [3]:365
[0]:199357330 [1]:37806593 [2]:0 [3]:365
[0]:199357330 [1]:37806593 [2]:0 [3]:365
[0]:199357330 [1]:37806593 [2]:0 [3]:365
[0]:199357330 [1]:37806593 [2]:0 [3]:365
[0]:199357330 [1]:37806593 [2]:0 [3]:365
[0]:199357330 [1]:37806593 [2]:0 [3]:365
[0]:199357330 [1]:37806593 [2]:0 [3]:365
[0]:199357330 [1]:37806593 [2]:0 [3]:365
[0]:199357330 [1]:37806593 [2]:0 [3]:365
[0]:199357330 [1]:37806593 [2]:0 [3]:365
