[0]:142849759 [1]:19660956 [2]:107 [3]:82
[0]:143062023 [1]:19684496 [2]:107 [3]:382
[0]:143307713 [1]:19711714 [2]:107 [3]:359
[0]:143512880 [1]:19734470 [2]:107 [3]:81
[0]:143784045 [1]:19764719 [2]:107 [3]:367
[0]:143984781 [1]:19786822 [2]:107 [3]:373
[0]:144202760 [1]:19810789 [2]:107 [3]:96
[0]:144403035 [1]:19833063 [2]:107 [3]:88
[0]:144608859 [1]:19855839 [2]:107 [3]:90
[0]:144868928 [1]:19884722 [2]:103 [3]:369
[0]:145074085 [1]:19907438 [2]:103 [3]:362
[0]:145278650 [1]:19930211 [2]:103 [3]:365
[0]:145521833 [1]:19957252 [2]:103 [3]:78
[0]:145731646 [1]:19980617 [2]:103 [3]:364
[0]:145949067 [1]:20004709 [2]:103 [3]:358
[0]:146157967 [1]:20027675 [2]:103 [3]:71
[0]:146375144 [1]:20051708 [2]:103 [3]:77
[0]:146580074 [1]:20074490 [2]:103 [3]:104
[0]:146801053 [1]:20098979 [2]:103 [3]:361
[0]:147001742 [1]:20121320 [2]:103 [3]:362
[0]:147218691 [1]:20145279 [2]:101 [3]:358
[0]:147423858 [1]:20167937 [2]:101 [3]:93
[0]:147624938 [1]:20190048 [2]:101 [3]:368
[0]:147833965 [1]:20213416 [2]:101 [3]:84
[0]:148038747 [1]:20236162 [2]:101 [3]:83
[0]:148248102 [1]:20259184 [2]:101 [3]:74
[0]:148456856 [1]:20282533 [2]:101 [3]:75
[0]:148653210 [1]:20304178 [2]:101 [3]:85
[0]:148870521 [1]:20328526 [2]:101 [3]:375
[0]:149099393 [1]:20353796 [2]:101 [3]:80
[0]:149302563 [1]:20376298 [2]:100 [3]:103
[0]:149506483 [1]:20399131 [2]:100 [3]:79
[0]:149709781 [1]:20421714 [2]:100 [3]:372
[0]:149914546 [1]:20444558 [2]:100 [3]:367
[0]:150123743 [1]:20467718 [2]:100 [3]:372
[0]:150382280 [1]:20496410 [2]:100 [3]:370
[0]:150585139 [1]:20518875 [2]:100 [3]:356
[0]:150794115 [1]:20542068 [2]:100 [3]:360
[0]:150998394 [1]:20564647 [2]:100 [3]:372
[0]:151204197 [1]:20587498 [2]:100 [3]:364
[0]:151415705 [1]:20610959 [2]:100 [3]:365
[0]:151630007 [1]:20634796 [2]:100 [3]:80
[0]:151834971 [1]:20657506 [2]:100 [3]:80
[0]:152051847 [1]:20681400 [2]:100 [3]:88
[0]:152268930 [1]:20705301 [2]:100 [3]:366
[0]:152477978 [1]:20728254 [2]:100 [3]:76
[0]:152690999 [1]:20751764 [2]:100 [3]:87
[0]:152903512 [1]:20775730 [2]:100 [3]:371
[0]:153112403 [1]:20798972 [2]:100 [3]:355
[0]:153317242 [1]:20821659 [2]:100 [3]:371
[0]:153524294 [1]:20844426 [2]:100 [3]:360
[0]:153727820 [1]:20866785 [2]:100 [3]:79
[0]:153933023 [1]:20889365 [2]:99 [3]:370
[0]:154136971 [1]:20911937 [2]:99 [3]:375
[0]:154343048 [1]:20934609 [2]:99 [3]:371
[0]:154552131 [1]:20957895 [2]:99 [3]:83
[0]:154788318 [1]:20984168 [2]:99 [3]:88
[0]:154999355 [1]:21007614 [2]:99 [3]:76
[0]:155205033 [1]:21030506 [2]:99 [3]:358
[0]:155407484 [1]:21052916 [2]:99 [3]:357
[0]:155606196 [1]:21074813 [2]:99 [3]:357
[0]:155820906 [1]:21098545 [2]:99 [3]:366
[0]:156032643 [1]:21121858 [2]:100 [3]:359
[0]:156258608 [1]:21146890 [2]:100 [3]:78
[0]:156465016 [1]:21169792 [2]:100 [3]:89
[0]:156665444 [1]:21192040 [2]:100 [3]:76
[0]:156870084 [1]:21214749 [2]:100 [3]:374
[0]:157075212 [1]:21237421 [2]:100 [3]:86
[0]:157292520 [1]:21261457 [2]:100 [3]:104
[0]:157509309 [1]:21285323 [2]:100 [3]:76
[0]:157708451 [1]:21307254 [2]:100 [3]:88
[0]:157950850 [1]:21334047 [2]:100 [3]:371
[0]:158168039 [1]:21358046 [2]:100 [3]:88
[0]:158373023 [1]:21380729 [2]:99 [3]:371
[0]:158596334 [1]:21405389 [2]:99 [3]:362
[0]:158806901 [1]:21428661 [2]:99 [3]:74
[0]:159018802 [1]:21452037 [2]:99 [3]:368
[0]:159230248 [1]:21475529 [2]:99 [3]:360
[0]:159438926 [1]:21498502 [2]:99 [3]:369
[0]:159639866 [1]:21520794 [2]:99 [3]:95
[0]:159847939 [1]:21543767 [2]:99 [3]:77
[0]:160057184 [1]:21566605 [2]:99 [3]:362
[0]:160262233 [1]:21589351 [2]:99 [3]:369
[0]:160471308 [1]:21612373 [2]:100 [3]:365
[0]:160684356 [1]:21635908 [2]:100 [3]:357
[0]:160892403 [1]:21659213 [2]:100 [3]:357
[0]:161125542 [1]:21684901 [2]:100 [3]:373
[0]:161350425 [1]:21709848 [2]:100 [3]:75
[0]:161574884 [1]:21734586 [2]:100 [3]:359
[0]:161780435 [1]:21757259 [2]:100 [3]:88
[0]:161992537 [1]:21781147 [2]:100 [3]:95
[0]:162205833 [1]:21804714 [2]:100 [3]:93
[0]:162426873 [1]:21829009 [2]:100 [3]:92
[0]:162641034 [1]:21852717 [2]:100 [3]:362
[0]:162852471 [1]:21876319 [2]:100 [3]:365
[0]:163053676 [1]:21898481 [2]:100 [3]:354
[0]:163266738 [1]:21921868 [2]:100 [3]:373
[0]:163479530 [1]:21945545 [2]:100 [3]:99
[0]:163692439 [1]:21968890 [2]:100 [3]:365
[0]:163897373 [1]:21991690 [2]:100 [3]:360
[0]:164144804 [1]:22018899 [2]:100 [3]:370
[0]:164355250 [1]:22042123 [2]:100 [3]:102
[0]:164555878 [1]:22064693 [2]:100 [3]:367
[0]:164764738 [1]:22088000 [2]:100 [3]:364
[0]:164975817 [1]:22111153 [2]:100 [3]:370
[0]:165182810 [1]:22134179 [2]:100 [3]:366
[0]:165397057 [1]:22157932 [2]:100 [3]:100
[0]:165609053 [1]:22181232 [2]:100 [3]:82
[0]:165818915 [1]:22204271 [2]:100 [3]:374
[0]:166031316 [1]:22227672 [2]:100 [3]:88
[0]:166240141 [1]:22250681 [2]:100 [3]:358
[0]:166464390 [1]:22275427 [2]:100 [3]:77
[0]:166677310 [1]:22299105 [2]:100 [3]:369
[0]:166881891 [1]:22321780 [2]:100 [3]:365
[0]:167091929 [1]:22344892 [2]:100 [3]:360
[0]:167297054 [1]:22367555 [2]:99 [3]:81
[0]:167581113 [1]:22398930 [2]:99 [3]:82
[0]:167793058 [1]:22422303 [2]:99 [3]:83
[0]:168002973 [1]:22445573 [2]:99 [3]:79
[0]:168215550 [1]:22469108 [2]:99 [3]:371
[0]:168431569 [1]:22493086 [2]:99 [3]:94
[0]:168641514 [1]:22516480 [2]:99 [3]:375
[0]:168861824 [1]:22540943 [2]:99 [3]:370
[0]:169071069 [1]:22564151 [2]:99 [3]:375
[0]:169280139 [1]:22587388 [2]:99 [3]:81
[0]:169485178 [1]:22610052 [2]:99 [3]:363
[0]:169709675 [1]:22635137 [2]:99 [3]:375
[0]:169936531 [1]:22660243 [2]:99 [3]:82
[0]:170155021 [1]:22684498 [2]:99 [3]:86
[0]:170444326 [1]:22716465 [2]:99 [3]:368
[0]:170667815 [1]:22741330 [2]:99 [3]:364
[0]:170880313 [1]:22764991 [2]:99 [3]:75
[0]:171096649 [1]:22788664 [2]:99 [3]:374
[0]:171306407 [1]:22812021 [2]:99 [3]:80
[0]:171514932 [1]:22835006 [2]:99 [3]:368
[0]:171732401 [1]:22859239 [2]:100 [3]:364
[0]:171945149 [1]:22882851 [2]:100 [3]:359
[0]:172166926 [1]:22907204 [2]:100 [3]:366
