[0]:530029530 [1]:304752313 [2]:7 [3]:19
[0]:531229969 [1]:305813262 [2]:7 [3]:17
[0]:532385738 [1]:306828893 [2]:7 [3]:21
[0]:533523315 [1]:307831580 [2]:7 [3]:15
[0]:534663046 [1]:308847934 [2]:7 [3]:18
[0]:535771633 [1]:309821669 [2]:7 [3]:17
[0]:536938945 [1]:310860630 [2]:7 [3]:16
[0]:538078249 [1]:311869717 [2]:7 [3]:13
[0]:539190463 [1]:312855725 [2]:7 [3]:16
[0]:540297990 [1]:313830157 [2]:7 [3]:11
[0]:541440805 [1]:314844339 [2]:7 [3]:16
[0]:542552463 [1]:315821782 [2]:7 [3]:18
[0]:543665843 [1]:316798922 [2]:7 [3]:59
[0]:544828997 [1]:317833600 [2]:7 [3]:10
[0]:546178691 [1]:319030927 [2]:7 [3]:18
[0]:547643903 [1]:320327862 [2]:7 [3]:57
[0]:549014781 [1]:321539050 [2]:7 [3]:14
[0]:550271057 [1]:322649830 [2]:7 [3]:13
[0]:551577405 [1]:323804311 [2]:7 [3]:17
[0]:552820825 [1]:324905872 [2]:7 [3]:14
[0]:554068512 [1]:326013402 [2]:7 [3]:12
[0]:555340081 [1]:327136607 [2]:7 [3]:54
[0]:556607641 [1]:328259192 [2]:7 [3]:52
[0]:557842220 [1]:329351183 [2]:7 [3]:22
[0]:559075227 [1]:330446329 [2]:7 [3]:55
[0]:560358532 [1]:331577593 [2]:7 [3]:22
[0]:561664784 [1]:332732256 [2]:7 [3]:17
[0]:562944789 [1]:333865659 [2]:7 [3]:17
[0]:564187437 [1]:334969631 [2]:7 [3]:11
[0]:565460858 [1]:336102221 [2]:7 [3]:53
[0]:566670091 [1]:337167511 [2]:7 [3]:56
[0]:567952201 [1]:338307424 [2]:7 [3]:65
[0]:569233375 [1]:339438980 [2]:7 [3]:13
[0]:570516262 [1]:340566434 [2]:7 [3]:19
[0]:571773900 [1]:341681414 [2]:7 [3]:18
[0]:572982972 [1]:342754756 [2]:7 [3]:18
[0]:574396476 [1]:344007039 [2]:7 [3]:13
[0]:575521868 [1]:345001898 [2]:7 [3]:20
[0]:576611552 [1]:345963855 [2]:7 [3]:49
[0]:577796828 [1]:347011330 [2]:7 [3]:57
[0]:578885904 [1]:347977849 [2]:7 [3]:18
[0]:580011334 [1]:348973101 [2]:7 [3]:13
[0]:581123568 [1]:349957976 [2]:7 [3]:21
[0]:582216408 [1]:350926487 [2]:7 [3]:19
[0]:583335809 [1]:351915473 [2]:7 [3]:15
[0]:584424249 [1]:352882193 [2]:7 [3]:57
[0]:585604432 [1]:353924173 [2]:7 [3]:16
[0]:586747098 [1]:354937948 [2]:7 [3]:15
[0]:587865746 [1]:355923254 [2]:7 [3]:58
[0]:588994877 [1]:356929471 [2]:7 [3]:18
[0]:590324226 [1]:358106650 [2]:7 [3]:20
[0]:591703585 [1]:359323513 [2]:7 [3]:58
[0]:592954215 [1]:360439343 [2]:7 [3]:10
[0]:594137974 [1]:361486297 [2]:7 [3]:19
[0]:595287695 [1]:362504494 [2]:7 [3]:11
[0]:596419430 [1]:363499789 [2]:7 [3]:15
[0]:597556691 [1]:364506456 [2]:7 [3]:54
[0]:598700986 [1]:365518900 [2]:7 [3]:16
[0]:599845873 [1]:366531089 [2]:7 [3]:24
[0]:600960906 [1]:367525444 [2]:7 [3]:21
[0]:602104191 [1]:368531619 [2]:7 [3]:17
[0]:603265649 [1]:369560968 [2]:7 [3]:17
[0]:604413388 [1]:370573260 [2]:7 [3]:17
[0]:605588603 [1]:371614187 [2]:7 [3]:22
[0]:606799324 [1]:372687610 [2]:7 [3]:18
[0]:607999353 [1]:373753066 [2]:7 [3]:16
[0]:609383754 [1]:374977023 [2]:7 [3]:58
[0]:610805420 [1]:376227593 [2]:7 [3]:15
[0]:612194438 [1]:377453828 [2]:7 [3]:51
[0]:613543832 [1]:378646847 [2]:7 [3]:16
[0]:614801284 [1]:379763227 [2]:7 [3]:16
[0]:616028579 [1]:380843221 [2]:7 [3]:16
[0]:617269587 [1]:381937379 [2]:7 [3]:19
[0]:618530690 [1]:383055082 [2]:7 [3]:10
[0]:619787545 [1]:384168009 [2]:7 [3]:17
[0]:621069768 [1]:385302814 [2]:7 [3]:20
[0]:622400760 [1]:386481628 [2]:7 [3]:54
[0]:623637869 [1]:387578696 [2]:7 [3]:13
[0]:624879638 [1]:388683927 [2]:7 [3]:52
[0]:626074835 [1]:389750047 [2]:7 [3]:17
[0]:627285532 [1]:390821645 [2]:7 [3]:53
[0]:628550325 [1]:391937424 [2]:7 [3]:18
[0]:629813539 [1]:393058686 [2]:7 [3]:17
[0]:631036888 [1]:394133457 [2]:7 [3]:15
[0]:632245187 [1]:395203456 [2]:7 [3]:18
[0]:633448203 [1]:396266858 [2]:7 [3]:58
[0]:634861487 [1]:397528271 [2]:7 [3]:9
[0]:636092034 [1]:398619410 [2]:7 [3]:15
[0]:637254673 [1]:399647150 [2]:7 [3]:15
[0]:638296564 [1]:400568368 [2]:7 [3]:14
[0]:639352821 [1]:401504803 [2]:7 [3]:17
[0]:640449675 [1]:402472772 [2]:7 [3]:17
[0]:641585058 [1]:403478118 [2]:7 [3]:57
[0]:642724702 [1]:404482702 [2]:7 [3]:22
[0]:643874228 [1]:405499486 [2]:7 [3]:19
[0]:645060576 [1]:406554043 [2]:7 [3]:19
[0]:646183375 [1]:407543428 [2]:7 [3]:16
[0]:647393602 [1]:408618055 [2]:7 [3]:13
[0]:648487139 [1]:409585755 [2]:7 [3]:18
[0]:649622774 [1]:410588298 [2]:7 [3]:19
[0]:650898061 [1]:411712687 [2]:7 [3]:20
[0]:652225760 [1]:412897426 [2]:7 [3]:53
[0]:653610571 [1]:414120578 [2]:7 [3]:23
[0]:654930003 [1]:415288187 [2]:7 [3]:19
[0]:656146182 [1]:416366106 [2]:7 [3]:18
[0]:657259581 [1]:417354722 [2]:7 [3]:19
[0]:658396075 [1]:418357438 [2]:7 [3]:57
[0]:659524986 [1]:419360554 [2]:7 [3]:24
[0]:660642020 [1]:420345651 [2]:7 [3]:11
[0]:661757531 [1]:421339838 [2]:7 [3]:55
[0]:662870522 [1]:422323356 [2]:7 [3]:21
[0]:664006142 [1]:423331463 [2]:7 [3]:17
[0]:665157961 [1]:424345988 [2]:7 [3]:24
[0]:666217842 [1]:425285616 [2]:7 [3]:57
[0]:667392268 [1]:426329973 [2]:7 [3]:23
[0]:668573862 [1]:427373009 [2]:7 [3]:19
[0]:669768673 [1]:428428892 [2]:7 [3]:17
[0]:671164114 [1]:429663698 [2]:7 [3]:17
[0]:672596647 [1]:430932578 [2]:7 [3]:15
[0]:674016152 [1]:432193507 [2]:7 [3]:19
[0]:675285092 [1]:433315303 [2]:7 [3]:15
[0]:676586097 [1]:434464506 [2]:7 [3]:58
[0]:677867341 [1]:435603771 [2]:7 [3]:18
[0]:679149565 [1]:436736273 [2]:7 [3]:58
[0]:680381589 [1]:437830625 [2]:7 [3]:17
[0]:681639867 [1]:438941511 [2]:7 [3]:15
[0]:682898343 [1]:440060487 [2]:7 [3]:13
[0]:684163699 [1]:441177891 [2]:7 [3]:15
[0]:685374914 [1]:442249778 [2]:7 [3]:14
[0]:686623632 [1]:443355023 [2]:7 [3]:16
[0]:687913088 [1]:444500633 [2]:7 [3]:15
[0]:689133266 [1]:445582988 [2]:7 [3]:58
[0]:690369882 [1]:446684246 [2]:7 [3]:16
[0]:691626865 [1]:447799708 [2]:7 [3]:22
[0]:692837430 [1]:448872838 [2]:7 [3]:18
[0]:694050518 [1]:449944286 [2]:7 [3]:12
[0]:695307816 [1]:451053113 [2]:7 [3]:18
[0]:696541120 [1]:452142793 [2]:7 [3]:14
[0]:697794823 [1]:453252005 [2]:7 [3]:54
[0]:699005261 [1]:454324279 [2]:7 [3]:18
[0]:700089404 [1]:455287788 [2]:7 [3]:14
[0]:701241746 [1]:456307474 [2]:7 [3]:64
[0]:702487906 [1]:457414239 [2]:7 [3]:18
[0]:703696161 [1]:458484317 [2]:7 [3]:17
[0]:704783966 [1]:459451043 [2]:7 [3]:19
[0]:705890347 [1]:460427029 [2]:7 [3]:19
[0]:707032252 [1]:461444257 [2]:7 [3]:18
[0]:708164833 [1]:462452160 [2]:7 [3]:15
[0]:709258397 [1]:463420293 [2]:7 [3]:18
[0]:710362812 [1]:464395318 [2]:7 [3]:16
