[0]:1058170692 [1]:710598427 [2]:7 [3]:54
[0]:1059217835 [1]:711135599 [2]:7 [3]:15
[0]:1060243944 [1]:711669673 [2]:7 [3]:13
[0]:1061231924 [1]:712177393 [2]:7 [3]:12
[0]:1062237257 [1]:712692136 [2]:7 [3]:12
[0]:1063324027 [1]:713251667 [2]:7 [3]:55
[0]:1064350768 [1]:713776296 [2]:7 [3]:11
[0]:1065369734 [1]:714301209 [2]:7 [3]:63
[0]:1066435853 [1]:714849964 [2]:7 [3]:15
[0]:1067554373 [1]:715426856 [2]:7 [3]:9
[0]:1068777646 [1]:716054202 [2]:7 [3]:11
[0]:1069960808 [1]:716662805 [2]:7 [3]:13
[0]:1071199143 [1]:717305919 [2]:7 [3]:54
[0]:1072478218 [1]:717969270 [2]:7 [3]:13
[0]:1073639756 [1]:718565601 [2]:7 [3]:12
[0]:1074749792 [1]:719135599 [2]:7 [3]:16
[0]:1075893077 [1]:719727730 [2]:7 [3]:9
[0]:1077076575 [1]:720340632 [2]:7 [3]:54
[0]:1078236522 [1]:720938766 [2]:7 [3]:11
[0]:1079384966 [1]:721529066 [2]:7 [3]:46
[0]:1080539544 [1]:722126003 [2]:7 [3]:14
[0]:1081687141 [1]:722715875 [2]:7 [3]:56
[0]:1082770226 [1]:723274184 [2]:7 [3]:18
[0]:1083881814 [1]:723844062 [2]:7 [3]:14
[0]:1085005321 [1]:724421615 [2]:7 [3]:10
[0]:1086134175 [1]:725003433 [2]:7 [3]:54
[0]:1087280626 [1]:725591474 [2]:7 [3]:11
[0]:1088427812 [1]:726184875 [2]:7 [3]:14
[0]:1089548022 [1]:726758492 [2]:7 [3]:15
[0]:1090692416 [1]:727346193 [2]:7 [3]:14
[0]:1091801327 [1]:727914039 [2]:7 [3]:15
[0]:1092920148 [1]:728486803 [2]:7 [3]:57
[0]:1094069187 [1]:729081880 [2]:7 [3]:49
[0]:1095263033 [1]:729694917 [2]:7 [3]:51
[0]:1096353468 [1]:730256201 [2]:7 [3]:43
[0]:1097473512 [1]:730835538 [2]:7 [3]:12
[0]:1098650778 [1]:731447898 [2]:7 [3]:50
[0]:1099870153 [1]:732069205 [2]:7 [3]:55
[0]:1101047500 [1]:732681929 [2]:7 [3]:7
[0]:1102166903 [1]:733257000 [2]:7 [3]:15
[0]:1103293608 [1]:733837035 [2]:7 [3]:57
[0]:1104489319 [1]:734456782 [2]:7 [3]:55
[0]:1105676935 [1]:735068349 [2]:7 [3]:12
[0]:1106840391 [1]:735670396 [2]:7 [3]:16
[0]:1108041419 [1]:736288955 [2]:7 [3]:12
[0]:1109148436 [1]:736861464 [2]:7 [3]:51
[0]:1110154535 [1]:737383850 [2]:7 [3]:14
[0]:1111190286 [1]:737911949 [2]:7 [3]:49
[0]:1112213917 [1]:738436911 [2]:7 [3]:12
[0]:1113220580 [1]:738954598 [2]:7 [3]:53
[0]:1114252050 [1]:739488770 [2]:7 [3]:12
[0]:1115276171 [1]:740018043 [2]:7 [3]:44
[0]:1116304992 [1]:740545579 [2]:7 [3]:54
[0]:1117368005 [1]:741091948 [2]:7 [3]:13
[0]:1118385788 [1]:741617329 [2]:7 [3]:53
[0]:1119411165 [1]:742144938 [2]:7 [3]:12
[0]:1120462486 [1]:742688781 [2]:7 [3]:14
[0]:1121502104 [1]:743226145 [2]:7 [3]:55
[0]:1122579136 [1]:743775491 [2]:7 [3]:12
[0]:1123699928 [1]:744354628 [2]:7 [3]:11
[0]:1124988050 [1]:745019941 [2]:7 [3]:16
[0]:1126389189 [1]:745738801 [2]:7 [3]:11
[0]:1127469232 [1]:746292799 [2]:7 [3]:54
[0]:1128570765 [1]:746859731 [2]:7 [3]:17
[0]:1129634162 [1]:747409095 [2]:7 [3]:11
[0]:1130644961 [1]:747930446 [2]:7 [3]:13
[0]:1131684116 [1]:748465759 [2]:7 [3]:58
[0]:1132662163 [1]:748969178 [2]:7 [3]:12
[0]:1133656266 [1]:749474974 [2]:7 [3]:15
[0]:1134676627 [1]:749996004 [2]:7 [3]:56
[0]:1135662956 [1]:750507219 [2]:7 [3]:7
[0]:1136669148 [1]:751028176 [2]:7 [3]:57
[0]:1137720681 [1]:751566695 [2]:7 [3]:11
[0]:1138933896 [1]:752194304 [2]:7 [3]:19
[0]:1139979095 [1]:752726372 [2]:7 [3]:18
[0]:1141201718 [1]:753352245 [2]:7 [3]:12
[0]:1142433398 [1]:753993692 [2]:7 [3]:13
[0]:1143703014 [1]:754646855 [2]:7 [3]:12
[0]:1144930471 [1]:755277134 [2]:7 [3]:11
[0]:1146051466 [1]:755855800 [2]:7 [3]:13
[0]:1147192635 [1]:756441442 [2]:7 [3]:13
[0]:1148352547 [1]:757040718 [2]:7 [3]:15
[0]:1149575395 [1]:757670137 [2]:7 [3]:14
[0]:1150785333 [1]:758294522 [2]:7 [3]:15
[0]:1151955816 [1]:758895129 [2]:7 [3]:11
[0]:1153079517 [1]:759474809 [2]:7 [3]:52
[0]:1154207681 [1]:760056043 [2]:7 [3]:12
[0]:1155333181 [1]:760634705 [2]:7 [3]:55
[0]:1156438869 [1]:761207383 [2]:7 [3]:11
[0]:1157579589 [1]:761796508 [2]:7 [3]:50
[0]:1158653704 [1]:762347354 [2]:7 [3]:19
[0]:1159726612 [1]:762901547 [2]:7 [3]:11
[0]:1160823498 [1]:763462138 [2]:7 [3]:51
[0]:1161967966 [1]:764050585 [2]:7 [3]:55
[0]:1163090282 [1]:764628953 [2]:7 [3]:14
[0]:1164224035 [1]:765215161 [2]:7 [3]:13
[0]:1165703993 [1]:765978687 [2]:7 [3]:13
[0]:1166812543 [1]:766549442 [2]:7 [3]:13
[0]:1167827716 [1]:767073435 [2]:7 [3]:15
[0]:1168873976 [1]:767612975 [2]:7 [3]:54
[0]:1169918236 [1]:768151261 [2]:7 [3]:52
[0]:1170962650 [1]:768691723 [2]:7 [3]:49
[0]:1171989814 [1]:769214315 [2]:7 [3]:11
[0]:1173006700 [1]:769743712 [2]:7 [3]:51
[0]:1174017436 [1]:770268902 [2]:7 [3]:11
[0]:1175049573 [1]:770800553 [2]:7 [3]:23
[0]:1176122040 [1]:771353727 [2]:7 [3]:49
[0]:1177222929 [1]:771925181 [2]:7 [3]:14
[0]:1178241919 [1]:772448424 [2]:7 [3]:51
[0]:1179243214 [1]:772969726 [2]:7 [3]:13
[0]:1180428573 [1]:773584231 [2]:7 [3]:9
[0]:1181628355 [1]:774199232 [2]:7 [3]:12
[0]:1182708049 [1]:774759602 [2]:7 [3]:53
[0]:1183884787 [1]:775363507 [2]:7 [3]:16
[0]:1184903674 [1]:775887343 [2]:7 [3]:16
[0]:1185924636 [1]:776406051 [2]:7 [3]:10
[0]:1186935162 [1]:776924366 [2]:7 [3]:18
[0]:1187962320 [1]:777455544 [2]:7 [3]:48
[0]:1189034833 [1]:778004819 [2]:7 [3]:17
[0]:1190106186 [1]:778555095 [2]:7 [3]:48
[0]:1191141912 [1]:779086923 [2]:7 [3]:14
[0]:1192164654 [1]:779612571 [2]:7 [3]:15
[0]:1193215634 [1]:780153595 [2]:7 [3]:13
[0]:1194231365 [1]:780676254 [2]:7 [3]:51
[0]:1195225891 [1]:781188774 [2]:7 [3]:12
[0]:1196223067 [1]:781706464 [2]:7 [3]:8
[0]:1197508499 [1]:782363932 [2]:7 [3]:14
[0]:1198777425 [1]:783018109 [2]:7 [3]:12
[0]:1200109644 [1]:783706872 [2]:7 [3]:13
[0]:1201369896 [1]:784355122 [2]:7 [3]:15
[0]:1202552643 [1]:784961252 [2]:7 [3]:12
[0]:1203731462 [1]:785568444 [2]:7 [3]:52
[0]:1204877040 [1]:786157583 [2]:7 [3]:11
[0]:1206028762 [1]:786751976 [2]:7 [3]:8
[0]:1207237858 [1]:787374888 [2]:7 [3]:13
[0]:1208389060 [1]:787966570 [2]:7 [3]:16
[0]:1209517040 [1]:788544691 [2]:7 [3]:15
[0]:1210665848 [1]:789132171 [2]:7 [3]:58
[0]:1211766775 [1]:789700397 [2]:7 [3]:12
[0]:1212922071 [1]:790294900 [2]:7 [3]:14
[0]:1214043320 [1]:790870897 [2]:7 [3]:11
[0]:1215142330 [1]:791435665 [2]:7 [3]:14
[0]:1216238247 [1]:792000923 [2]:7 [3]:12
[0]:1217395953 [1]:792595782 [2]:7 [3]:43
[0]:1218567796 [1]:793196591 [2]:7 [3]:58
[0]:1219750476 [1]:793806395 [2]:7 [3]:12
[0]:1220841085 [1]:794374232 [2]:7 [3]:14
[0]:1221977262 [1]:794962783 [2]:7 [3]:10
[0]:1223016498 [1]:795498262 [2]:7 [3]:11
[0]:1224022000 [1]:796019451 [2]:7 [3]:13
[0]:1225086244 [1]:796563971 [2]:7 [3]:11
[0]:1226153611 [1]:797112231 [2]:7 [3]:54
[0]:1227135708 [1]:797624180 [2]:7 [3]:15
[0]:1227272709 [1]:797694074 [2]:7 [3]:54
[0]:1227272709 [1]:797694074 [2]:7 [3]:54
[0]:1227272709 [1]:797694074 [2]:7 [3]:54
[0]:1227272709 [1]:797694074 [2]:7 [3]:54
[0]:1227272709 [1]:797694074 [2]:7 [3]:54
[0]:1227272709 [1]:797694074 [2]:7 [3]:54
[0]:1227272709 [1]:797694074 [2]:7 [3]:54
[0]:1227272709 [1]:797694074 [2]:7 [3]:54
[0]:1227272709 [1]:797694074 [2]:7 [3]:54
