[0]:1057497541 [1]:710245290 [2]:7 [3]:13
[0]:1058681814 [1]:710851087 [2]:7 [3]:13
[0]:1059780333 [1]:711414980 [2]:7 [3]:53
[0]:1060938186 [1]:712010001 [2]:7 [3]:49
[0]:1062062442 [1]:712589336 [2]:7 [3]:13
[0]:1063225128 [1]:713189767 [2]:7 [3]:14
[0]:1064395482 [1]:713795196 [2]:7 [3]:13
[0]:1065518586 [1]:714374172 [2]:7 [3]:10
[0]:1066640721 [1]:714953144 [2]:7 [3]:11
[0]:1067769136 [1]:715536892 [2]:7 [3]:16
[0]:1068894144 [1]:716117330 [2]:7 [3]:51
[0]:1070017144 [1]:716693843 [2]:7 [3]:14
[0]:1071132097 [1]:717266850 [2]:7 [3]:13
[0]:1072272066 [1]:717847695 [2]:7 [3]:13
[0]:1073399407 [1]:718430253 [2]:7 [3]:16
[0]:1074543334 [1]:719018927 [2]:7 [3]:11
[0]:1075593771 [1]:719559453 [2]:7 [3]:10
[0]:1076671297 [1]:720116530 [2]:7 [3]:52
[0]:1077795554 [1]:720698363 [2]:7 [3]:54
[0]:1078951606 [1]:721298555 [2]:7 [3]:11
[0]:1080097607 [1]:721886792 [2]:7 [3]:14
[0]:1081112779 [1]:722410810 [2]:7 [3]:54
[0]:1082509812 [1]:723129953 [2]:7 [3]:12
[0]:1083511395 [1]:723646485 [2]:7 [3]:13
[0]:1084521950 [1]:724168486 [2]:7 [3]:52
[0]:1085532444 [1]:724686505 [2]:7 [3]:19
[0]:1086539530 [1]:725207729 [2]:7 [3]:12
[0]:1087555577 [1]:725731843 [2]:7 [3]:12
[0]:1088578211 [1]:726262778 [2]:7 [3]:16
[0]:1089594362 [1]:726789642 [2]:7 [3]:49
[0]:1090570901 [1]:727295651 [2]:7 [3]:49
[0]:1091583558 [1]:727815803 [2]:7 [3]:48
[0]:1092603983 [1]:728342295 [2]:7 [3]:56
[0]:1093586645 [1]:728852384 [2]:7 [3]:11
[0]:1094642794 [1]:729394423 [2]:7 [3]:11
[0]:1095886171 [1]:730037167 [2]:7 [3]:13
[0]:1097070985 [1]:730647370 [2]:7 [3]:12
[0]:1098175423 [1]:731212283 [2]:7 [3]:9
[0]:1099257505 [1]:731770585 [2]:7 [3]:14
[0]:1100466414 [1]:732395851 [2]:7 [3]:53
[0]:1101506061 [1]:732929385 [2]:7 [3]:15
[0]:1102514424 [1]:733452512 [2]:7 [3]:41
[0]:1103521726 [1]:733968679 [2]:7 [3]:15
[0]:1104563660 [1]:734502147 [2]:7 [3]:14
[0]:1105588833 [1]:735028273 [2]:7 [3]:15
[0]:1106580283 [1]:735533323 [2]:7 [3]:15
[0]:1107571456 [1]:736043165 [2]:7 [3]:16
[0]:1108558830 [1]:736552239 [2]:7 [3]:10
[0]:1109619810 [1]:737096344 [2]:7 [3]:53
[0]:1110632722 [1]:737613861 [2]:7 [3]:14
[0]:1111734761 [1]:738183408 [2]:7 [3]:11
[0]:1113131870 [1]:738899314 [2]:7 [3]:14
[0]:1114391742 [1]:739550008 [2]:7 [3]:12
[0]:1115643197 [1]:740192728 [2]:7 [3]:50
[0]:1116750451 [1]:740761576 [2]:7 [3]:10
[0]:1117924482 [1]:741362089 [2]:7 [3]:57
[0]:1119019337 [1]:741925763 [2]:7 [3]:16
[0]:1120140934 [1]:742502114 [2]:7 [3]:52
[0]:1121224559 [1]:743057765 [2]:7 [3]:14
[0]:1122343681 [1]:743630339 [2]:7 [3]:50
[0]:1123519536 [1]:744231922 [2]:7 [3]:12
[0]:1124641581 [1]:744805452 [2]:7 [3]:51
[0]:1125757089 [1]:745382667 [2]:7 [3]:10
[0]:1126888824 [1]:745970494 [2]:7 [3]:6
[0]:1128036950 [1]:746564070 [2]:7 [3]:12
[0]:1129212934 [1]:747169789 [2]:7 [3]:10
[0]:1130392608 [1]:747783071 [2]:7 [3]:10
[0]:1131495220 [1]:748353196 [2]:7 [3]:49
[0]:1132594479 [1]:748917214 [2]:7 [3]:54
[0]:1133743040 [1]:749513262 [2]:7 [3]:13
[0]:1134891544 [1]:750107295 [2]:7 [3]:11
[0]:1136010011 [1]:750680869 [2]:7 [3]:12
[0]:1137094832 [1]:751239576 [2]:7 [3]:14
[0]:1138124531 [1]:751769070 [2]:7 [3]:54
[0]:1139151758 [1]:752297361 [2]:7 [3]:56
[0]:1140215249 [1]:752846117 [2]:7 [3]:11
[0]:1141284620 [1]:753398370 [2]:7 [3]:50
[0]:1142308995 [1]:753924577 [2]:7 [3]:10
[0]:1143334396 [1]:754452151 [2]:7 [3]:56
[0]:1144334960 [1]:754965040 [2]:7 [3]:13
[0]:1145351120 [1]:755487181 [2]:7 [3]:16
[0]:1146425520 [1]:756041938 [2]:7 [3]:12
[0]:1147451817 [1]:756577537 [2]:7 [3]:9
[0]:1148445234 [1]:757093091 [2]:7 [3]:16
[0]:1149493849 [1]:757634250 [2]:7 [3]:52
[0]:1150533164 [1]:758169277 [2]:7 [3]:15
[0]:1151666553 [1]:758754406 [2]:7 [3]:18
[0]:1152866688 [1]:759369786 [2]:7 [3]:11
[0]:1154019236 [1]:759963934 [2]:7 [3]:10
[0]:1155066702 [1]:760504382 [2]:7 [3]:18
[0]:1156075892 [1]:761023704 [2]:7 [3]:60
[0]:1157061427 [1]:761530887 [2]:7 [3]:13
[0]:1158124364 [1]:762083132 [2]:7 [3]:13
[0]:1159140686 [1]:762607521 [2]:7 [3]:15
[0]:1160163287 [1]:763134706 [2]:7 [3]:12
[0]:1161123723 [1]:763626516 [2]:7 [3]:8
[0]:1162097110 [1]:764130571 [2]:7 [3]:35
[0]:1163100873 [1]:764642954 [2]:7 [3]:17
[0]:1164087696 [1]:765148033 [2]:7 [3]:12
[0]:1165104987 [1]:765672673 [2]:7 [3]:15
[0]:1166120674 [1]:766199791 [2]:7 [3]:10
[0]:1167141984 [1]:766729315 [2]:7 [3]:20
[0]:1168269403 [1]:767311917 [2]:7 [3]:12
[0]:1169710948 [1]:768057021 [2]:7 [3]:16
[0]:1170897649 [1]:768666775 [2]:7 [3]:10
[0]:1171996817 [1]:769231663 [2]:7 [3]:9
[0]:1173141392 [1]:769820041 [2]:7 [3]:11
[0]:1174339615 [1]:770439629 [2]:7 [3]:50
[0]:1175438893 [1]:771008257 [2]:7 [3]:57
[0]:1176560685 [1]:771586380 [2]:7 [3]:52
[0]:1177716394 [1]:772182384 [2]:7 [3]:53
[0]:1178839542 [1]:772760063 [2]:7 [3]:51
[0]:1180046628 [1]:773378677 [2]:7 [3]:14
[0]:1181200346 [1]:773969906 [2]:7 [3]:21
[0]:1182370631 [1]:774570392 [2]:7 [3]:11
[0]:1183547509 [1]:775173722 [2]:7 [3]:16
[0]:1184730546 [1]:775778831 [2]:7 [3]:56
[0]:1185852966 [1]:776352919 [2]:7 [3]:10
[0]:1186951251 [1]:776917908 [2]:7 [3]:12
[0]:1188121725 [1]:777518002 [2]:7 [3]:11
[0]:1189231226 [1]:778086108 [2]:7 [3]:51
[0]:1190369613 [1]:778671280 [2]:7 [3]:15
[0]:1191508029 [1]:779255963 [2]:7 [3]:13
[0]:1192763715 [1]:779902139 [2]:7 [3]:14
[0]:1193788525 [1]:780432777 [2]:7 [3]:8
[0]:1194805353 [1]:780958857 [2]:7 [3]:15
[0]:1195828179 [1]:781484535 [2]:7 [3]:10
[0]:1196866311 [1]:782018947 [2]:7 [3]:15
[0]:1197889881 [1]:782545256 [2]:7 [3]:9
[0]:1198904421 [1]:783066310 [2]:7 [3]:10
[0]:1199882491 [1]:783569779 [2]:7 [3]:12
[0]:1200947207 [1]:784120462 [2]:7 [3]:11
[0]:1201915613 [1]:784618148 [2]:7 [3]:50
[0]:1202915531 [1]:785133341 [2]:7 [3]:54
[0]:1203934688 [1]:785659844 [2]:7 [3]:15
[0]:1204944685 [1]:786181392 [2]:7 [3]:12
[0]:1205975277 [1]:786712646 [2]:7 [3]:50
[0]:1207044664 [1]:787260054 [2]:7 [3]:11
[0]:1208227837 [1]:787872523 [2]:7 [3]:10
[0]:1209465140 [1]:788514704 [2]:7 [3]:13
[0]:1210609297 [1]:789104345 [2]:7 [3]:45
[0]:1211626602 [1]:789621451 [2]:7 [3]:16
[0]:1212645410 [1]:790143834 [2]:7 [3]:24
[0]:1213739969 [1]:790708917 [2]:7 [3]:57
[0]:1214722123 [1]:791218149 [2]:7 [3]:13
[0]:1215729217 [1]:791733901 [2]:7 [3]:55
[0]:1216748814 [1]:792259616 [2]:7 [3]:58
[0]:1217765601 [1]:792778276 [2]:7 [3]:12
[0]:1218756989 [1]:793281859 [2]:7 [3]:14
[0]:1219779432 [1]:793809291 [2]:7 [3]:13
[0]:1220796605 [1]:794325622 [2]:7 [3]:15
[0]:1221798165 [1]:794840033 [2]:7 [3]:49
[0]:1222821514 [1]:795364379 [2]:7 [3]:13
[0]:1223859140 [1]:795895124 [2]:7 [3]:12
[0]:1225331629 [1]:796651163 [2]:7 [3]:14
[0]:1226585828 [1]:797297066 [2]:7 [3]:12
[0]:1227370965 [1]:797699629 [2]:7 [3]:44
[0]:1227370965 [1]:797699629 [2]:7 [3]:44
[0]:1227370965 [1]:797699629 [2]:7 [3]:44
[0]:1227370965 [1]:797699629 [2]:7 [3]:44
[0]:1227370965 [1]:797699629 [2]:7 [3]:44
[0]:1227370965 [1]:797699629 [2]:7 [3]:44
[0]:1227370965 [1]:797699629 [2]:7 [3]:44
[0]:1227370965 [1]:797699629 [2]:7 [3]:44
[0]:1227370965 [1]:797699629 [2]:7 [3]:44
