[0]:119427910 [1]:16843980 [2]:105 [3]:84
[0]:119635782 [1]:16871685 [2]:105 [3]:85
[0]:119841568 [1]:16894423 [2]:105 [3]:359
[0]:120066078 [1]:16919323 [2]:105 [3]:363
[0]:120275459 [1]:16942495 [2]:105 [3]:353
[0]:120482099 [1]:16965295 [2]:105 [3]:356
[0]:120729500 [1]:16992848 [2]:105 [3]:115
[0]:120949201 [1]:17017021 [2]:105 [3]:365
[0]:121166620 [1]:17041095 [2]:105 [3]:88
[0]:121375040 [1]:17064416 [2]:105 [3]:99
[0]:121588003 [1]:17088087 [2]:105 [3]:78
[0]:121860488 [1]:17118151 [2]:102 [3]:366
[0]:122089309 [1]:17143228 [2]:102 [3]:75
[0]:122294469 [1]:17165833 [2]:102 [3]:79
[0]:122508817 [1]:17189987 [2]:102 [3]:77
[0]:122716092 [1]:17212885 [2]:102 [3]:85
[0]:122955392 [1]:17239626 [2]:102 [3]:65
[0]:123164431 [1]:17262891 [2]:102 [3]:357
[0]:123389910 [1]:17287907 [2]:102 [3]:83
[0]:123592885 [1]:17310366 [2]:102 [3]:358
[0]:123830735 [1]:17336909 [2]:102 [3]:367
[0]:124036668 [1]:17359620 [2]:101 [3]:76
[0]:124249326 [1]:17383222 [2]:101 [3]:361
[0]:124460172 [1]:17406584 [2]:101 [3]:365
[0]:124670476 [1]:17429761 [2]:101 [3]:72
[0]:124888082 [1]:17453580 [2]:101 [3]:368
[0]:125112780 [1]:17478399 [2]:101 [3]:368
[0]:125326015 [1]:17501981 [2]:101 [3]:87
[0]:125529617 [1]:17524421 [2]:101 [3]:80
[0]:125736072 [1]:17547271 [2]:101 [3]:359
[0]:125940995 [1]:17569934 [2]:101 [3]:361
[0]:126154457 [1]:17593419 [2]:100 [3]:374
[0]:126363990 [1]:17616624 [2]:100 [3]:371
[0]:126571417 [1]:17639603 [2]:100 [3]:82
[0]:126789170 [1]:17663828 [2]:100 [3]:370
[0]:127005995 [1]:17687743 [2]:100 [3]:363
[0]:127219021 [1]:17711391 [2]:100 [3]:365
[0]:127433725 [1]:17734984 [2]:100 [3]:361
[0]:127638415 [1]:17757610 [2]:100 [3]:76
[0]:127849499 [1]:17781274 [2]:100 [3]:75
[0]:128058725 [1]:17804353 [2]:100 [3]:366
[0]:128275253 [1]:17828516 [2]:100 [3]:68
[0]:128484629 [1]:17851531 [2]:99 [3]:362
[0]:128697652 [1]:17874888 [2]:99 [3]:370
[0]:128910833 [1]:17898311 [2]:99 [3]:361
[0]:129124374 [1]:17921814 [2]:99 [3]:372
[0]:129336746 [1]:17945342 [2]:99 [3]:363
[0]:129553801 [1]:17969322 [2]:99 [3]:78
[0]:129765914 [1]:17992902 [2]:99 [3]:74
[0]:129971677 [1]:18015653 [2]:99 [3]:375
[0]:130183271 [1]:18039135 [2]:99 [3]:357
[0]:130389422 [1]:18061867 [2]:99 [3]:354
[0]:130606208 [1]:18085814 [2]:99 [3]:92
[0]:130823364 [1]:18109823 [2]:99 [3]:115
[0]:131036193 [1]:18133459 [2]:99 [3]:356
[0]:131244933 [1]:18156948 [2]:99 [3]:98
[0]:131454955 [1]:18180311 [2]:99 [3]:117
[0]:131665708 [1]:18203627 [2]:99 [3]:375
[0]:131873107 [1]:18226357 [2]:99 [3]:370
[0]:132087816 [1]:18250039 [2]:99 [3]:77
[0]:132300533 [1]:18273544 [2]:99 [3]:350
[0]:132507013 [1]:18296395 [2]:99 [3]:372
[0]:132715941 [1]:18319451 [2]:99 [3]:369
[0]:132924689 [1]:18342637 [2]:100 [3]:375
[0]:133172697 [1]:18370071 [2]:100 [3]:97
[0]:133382172 [1]:18393359 [2]:100 [3]:374
[0]:133614149 [1]:18419038 [2]:100 [3]:368
[0]:133824861 [1]:18442218 [2]:100 [3]:361
[0]:134033027 [1]:18465025 [2]:100 [3]:370
[0]:134246124 [1]:18488573 [2]:100 [3]:83
[0]:134454803 [1]:18511785 [2]:100 [3]:365
[0]:134665332 [1]:18535137 [2]:100 [3]:359
[0]:134875652 [1]:18558484 [2]:100 [3]:87
[0]:135089444 [1]:18582089 [2]:99 [3]:80
[0]:135302247 [1]:18605668 [2]:99 [3]:360
[0]:135549873 [1]:18633231 [2]:99 [3]:96
[0]:135790111 [1]:18660007 [2]:99 [3]:72
[0]:135996519 [1]:18682612 [2]:99 [3]:76
[0]:136209468 [1]:18706229 [2]:99 [3]:369
[0]:136414513 [1]:18728839 [2]:99 [3]:360
[0]:136645506 [1]:18754578 [2]:99 [3]:366
[0]:136875759 [1]:18780201 [2]:99 [3]:364
[0]:137076816 [1]:18802270 [2]:99 [3]:363
[0]:137289745 [1]:18825945 [2]:99 [3]:359
[0]:137498598 [1]:18848834 [2]:99 [3]:360
[0]:137715875 [1]:18872764 [2]:99 [3]:78
[0]:137928750 [1]:18896405 [2]:99 [3]:367
[0]:138164739 [1]:18922387 [2]:99 [3]:72
[0]:138375083 [1]:18945685 [2]:99 [3]:361
[0]:138583453 [1]:18968762 [2]:99 [3]:366
[0]:138792416 [1]:18991815 [2]:99 [3]:83
[0]:139001984 [1]:19014996 [2]:99 [3]:66
[0]:139206550 [1]:19037584 [2]:99 [3]:372
[0]:139425177 [1]:19061909 [2]:99 [3]:73
[0]:139636148 [1]:19085478 [2]:99 [3]:356
[0]:139912487 [1]:19115989 [2]:99 [3]:355
[0]:140117366 [1]:19138568 [2]:99 [3]:92
[0]:140322328 [1]:19161269 [2]:99 [3]:363
[0]:140533902 [1]:19184723 [2]:99 [3]:369
[0]:140744274 [1]:19207862 [2]:99 [3]:362
[0]:140953369 [1]:19230964 [2]:99 [3]:365
[0]:141166402 [1]:19254378 [2]:99 [3]:357
[0]:141428889 [1]:19283436 [2]:99 [3]:92
[0]:141630112 [1]:19305819 [2]:99 [3]:75
[0]:141840743 [1]:19329000 [2]:99 [3]:373
[0]:142048360 [1]:19351981 [2]:99 [3]:360
[0]:142258800 [1]:19375229 [2]:99 [3]:76
[0]:142463954 [1]:19398224 [2]:99 [3]:366
[0]:142670389 [1]:19420992 [2]:99 [3]:366
[0]:142877107 [1]:19444066 [2]:99 [3]:358
[0]:143082302 [1]:19466867 [2]:99 [3]:79
[0]:143293413 [1]:19490336 [2]:99 [3]:88
[0]:143504262 [1]:19513513 [2]:99 [3]:358
[0]:143717058 [1]:19537183 [2]:99 [3]:364
[0]:143933776 [1]:19561286 [2]:99 [3]:386
[0]:144143796 [1]:19584910 [2]:99 [3]:370
[0]:144347166 [1]:19607584 [2]:99 [3]:363
[0]:144551704 [1]:19630134 [2]:99 [3]:78
[0]:144769358 [1]:19654359 [2]:99 [3]:366
[0]:144985751 [1]:19678185 [2]:99 [3]:355
[0]:145191508 [1]:19701038 [2]:99 [3]:103
[0]:145398667 [1]:19724180 [2]:99 [3]:91
[0]:145604102 [1]:19746902 [2]:99 [3]:71
[0]:145814170 [1]:19770206 [2]:99 [3]:101
[0]:146015071 [1]:19792507 [2]:99 [3]:367
[0]:146232067 [1]:19816611 [2]:99 [3]:356
[0]:146446713 [1]:19840303 [2]:99 [3]:73
[0]:146657903 [1]:19863610 [2]:99 [3]:84
[0]:146866126 [1]:19886760 [2]:99 [3]:360
[0]:147067678 [1]:19909205 [2]:99 [3]:97
[0]:147280647 [1]:19932807 [2]:99 [3]:370
[0]:147497118 [1]:19956947 [2]:99 [3]:72
[0]:147783384 [1]:19988688 [2]:99 [3]:358
[0]:147997774 [1]:20012389 [2]:99 [3]:79
[0]:148211294 [1]:20035897 [2]:99 [3]:76
[0]:148415835 [1]:20058658 [2]:99 [3]:363
[0]:148628581 [1]:20082110 [2]:99 [3]:371
[0]:148838130 [1]:20105314 [2]:99 [3]:367
[0]:149050681 [1]:20128900 [2]:99 [3]:366
[0]:149259543 [1]:20152271 [2]:99 [3]:100
[0]:149476325 [1]:20176192 [2]:99 [3]:372
[0]:149689285 [1]:20199768 [2]:99 [3]:77
[0]:149902161 [1]:20223435 [2]:99 [3]:371
[0]:150110759 [1]:20246772 [2]:99 [3]:367
[0]:150316155 [1]:20269453 [2]:99 [3]:371
[0]:150528961 [1]:20292958 [2]:99 [3]:92
[0]:150755530 [1]:20317988 [2]:99 [3]:373
[0]:150971097 [1]:20341754 [2]:99 [3]:75
[0]:151190964 [1]:20366220 [2]:99 [3]:81
[0]:151406011 [1]:20390270 [2]:99 [3]:367
[0]:151612603 [1]:20413191 [2]:99 [3]:355
[0]:151826254 [1]:20436841 [2]:99 [3]:92
[0]:152031442 [1]:20459487 [2]:99 [3]:363
[0]:152241857 [1]:20482941 [2]:99 [3]:369
[0]:152464635 [1]:20507659 [2]:99 [3]:93
[0]:152674014 [1]:20530766 [2]:99 [3]:369
[0]:152883205 [1]:20553776 [2]:99 [3]:98
[0]:153091981 [1]:20576819 [2]:99 [3]:375
[0]:153307167 [1]:20600653 [2]:99 [3]:354
[0]:153526012 [1]:20624803 [2]:99 [3]:360
[0]:153742863 [1]:20648883 [2]:99 [3]:366
[0]:153948094 [1]:20671437 [2]:99 [3]:371
[0]:154167591 [1]:20695645 [2]:99 [3]:367
[0]:154373691 [1]:20718411 [2]:99 [3]:368
[0]:154575177 [1]:20740635 [2]:99 [3]:369
[0]:154804855 [1]:20765866 [2]:99 [3]:361
[0]:155084699 [1]:20796844 [2]:99 [3]:363
[0]:155309133 [1]:20821474 [2]:99 [3]:92
[0]:155517916 [1]:20844559 [2]:99 [3]:362
[0]:155724892 [1]:20867392 [2]:99 [3]:373
[0]:155939627 [1]:20891271 [2]:99 [3]:366
[0]:156148148 [1]:20914381 [2]:99 [3]:71
[0]:156368583 [1]:20938759 [2]:99 [3]:73
[0]:156625743 [1]:20967061 [2]:99 [3]:77
[0]:156836940 [1]:20990522 [2]:99 [3]:79
[0]:157048751 [1]:21014054 [2]:99 [3]:359
[0]:157253664 [1]:21036733 [2]:99 [3]:363
[0]:157461893 [1]:21059689 [2]:99 [3]:375
[0]:157674773 [1]:21083346 [2]:99 [3]:373
[0]:157894230 [1]:21107534 [2]:99 [3]:358
[0]:158098817 [1]:21130205 [2]:99 [3]:359
[0]:158309090 [1]:21153446 [2]:99 [3]:93
[0]:158522898 [1]:21176821 [2]:99 [3]:86
[0]:158735883 [1]:21200281 [2]:99 [3]:362
[0]:158980330 [1]:21227248 [2]:99 [3]:379
[0]:159193356 [1]:21250882 [2]:99 [3]:90
[0]:159418173 [1]:21275672 [2]:99 [3]:369
[0]:159623319 [1]:21298358 [2]:99 [3]:353
[0]:159832146 [1]:21321474 [2]:99 [3]:78
[0]:160049052 [1]:21345475 [2]:99 [3]:358
[0]:160269812 [1]:21369668 [2]:99 [3]:71
[0]:160533774 [1]:21398880 [2]:99 [3]:88
[0]:160743301 [1]:21422047 [2]:99 [3]:359
