[0]:119590886 [1]:15896934 [2]:107 [3]:365
[0]:119835346 [1]:15923833 [2]:107 [3]:370
[0]:120079007 [1]:15950628 [2]:107 [3]:78
[0]:120293239 [1]:15974131 [2]:107 [3]:363
[0]:120549840 [1]:16002468 [2]:107 [3]:74
[0]:120764506 [1]:16026194 [2]:107 [3]:358
[0]:120994026 [1]:16051529 [2]:107 [3]:357
[0]:121200230 [1]:16074215 [2]:104 [3]:371
[0]:121409267 [1]:16097149 [2]:104 [3]:79
[0]:121621415 [1]:16120338 [2]:104 [3]:89
[0]:121831393 [1]:16143365 [2]:104 [3]:82
[0]:122037174 [1]:16166048 [2]:104 [3]:368
[0]:122247748 [1]:16189346 [2]:104 [3]:74
[0]:122458589 [1]:16212522 [2]:104 [3]:87
[0]:122668093 [1]:16235679 [2]:104 [3]:82
[0]:122880666 [1]:16259071 [2]:104 [3]:377
[0]:123112873 [1]:16284771 [2]:104 [3]:363
[0]:123314526 [1]:16306933 [2]:104 [3]:80
[0]:123522288 [1]:16329670 [2]:100 [3]:77
[0]:123736410 [1]:16353479 [2]:100 [3]:368
[0]:123945422 [1]:16376573 [2]:100 [3]:77
[0]:124158329 [1]:16400139 [2]:100 [3]:79
[0]:124358004 [1]:16422175 [2]:100 [3]:360
[0]:124572580 [1]:16446116 [2]:100 [3]:102
[0]:124772937 [1]:16468382 [2]:100 [3]:360
[0]:124982356 [1]:16491365 [2]:100 [3]:366
[0]:125222849 [1]:16517870 [2]:100 [3]:89
[0]:125423944 [1]:16540063 [2]:100 [3]:368
[0]:125633007 [1]:16563073 [2]:100 [3]:369
[0]:125901347 [1]:16592630 [2]:100 [3]:79
[0]:126106537 [1]:16615160 [2]:100 [3]:74
[0]:126317128 [1]:16638325 [2]:100 [3]:363
[0]:126529205 [1]:16661670 [2]:100 [3]:359
[0]:126733881 [1]:16684003 [2]:100 [3]:83
[0]:126954725 [1]:16708243 [2]:100 [3]:358
[0]:127164053 [1]:16731106 [2]:100 [3]:74
[0]:127376764 [1]:16754764 [2]:100 [3]:76
[0]:127593627 [1]:16778607 [2]:100 [3]:373
[0]:127806760 [1]:16802090 [2]:99 [3]:366
[0]:128032248 [1]:16826892 [2]:99 [3]:357
[0]:128255232 [1]:16851235 [2]:99 [3]:86
[0]:128461647 [1]:16873986 [2]:99 [3]:369
[0]:128668584 [1]:16896625 [2]:99 [3]:368
[0]:128875791 [1]:16919701 [2]:99 [3]:359
[0]:129084943 [1]:16942662 [2]:99 [3]:363
[0]:129309694 [1]:16967411 [2]:99 [3]:74
[0]:129518903 [1]:16990371 [2]:99 [3]:360
[0]:129724028 [1]:17012898 [2]:99 [3]:66
[0]:129945047 [1]:17037159 [2]:99 [3]:360
[0]:130165667 [1]:17061353 [2]:99 [3]:85
[0]:130374970 [1]:17084333 [2]:99 [3]:79
[0]:130591965 [1]:17108376 [2]:99 [3]:363
[0]:130801160 [1]:17131371 [2]:99 [3]:368
[0]:131006347 [1]:17153882 [2]:99 [3]:364
[0]:131211214 [1]:17176593 [2]:99 [3]:360
[0]:131416321 [1]:17199209 [2]:99 [3]:370
[0]:131625420 [1]:17222180 [2]:99 [3]:96
[0]:131828713 [1]:17244429 [2]:99 [3]:359
[0]:132124154 [1]:17277022 [2]:99 [3]:83
[0]:132327203 [1]:17299354 [2]:100 [3]:81
[0]:132544693 [1]:17323183 [2]:100 [3]:73
[0]:132757601 [1]:17346489 [2]:100 [3]:74
[0]:132970674 [1]:17370028 [2]:100 [3]:367
[0]:133179711 [1]:17393172 [2]:100 [3]:83
[0]:133392611 [1]:17416499 [2]:100 [3]:360
[0]:133603575 [1]:17439536 [2]:100 [3]:362
[0]:133815145 [1]:17462695 [2]:100 [3]:77
[0]:134039163 [1]:17487531 [2]:100 [3]:373
[0]:134244886 [1]:17510118 [2]:100 [3]:90
[0]:134465404 [1]:17534455 [2]:100 [3]:366
[0]:134671033 [1]:17556970 [2]:99 [3]:354
[0]:134880225 [1]:17579855 [2]:99 [3]:89
[0]:135093398 [1]:17603205 [2]:99 [3]:360
[0]:135309479 [1]:17626993 [2]:99 [3]:87
[0]:135519207 [1]:17650179 [2]:99 [3]:359
[0]:135728315 [1]:17673224 [2]:99 [3]:81
[0]:135939108 [1]:17696478 [2]:99 [3]:76
[0]:136150486 [1]:17719655 [2]:99 [3]:70
[0]:136355527 [1]:17742280 [2]:99 [3]:88
[0]:136576656 [1]:17766447 [2]:99 [3]:95
[0]:136785564 [1]:17789508 [2]:99 [3]:362
[0]:136994884 [1]:17812360 [2]:99 [3]:86
[0]:137203859 [1]:17835447 [2]:99 [3]:359
[0]:137407645 [1]:17857722 [2]:99 [3]:362
[0]:137618059 [1]:17880991 [2]:99 [3]:363
[0]:137835057 [1]:17904785 [2]:99 [3]:87
[0]:138050941 [1]:17928721 [2]:99 [3]:361
[0]:138318993 [1]:17958182 [2]:99 [3]:87
[0]:138520583 [1]:17980208 [2]:99 [3]:81
[0]:138730606 [1]:18003217 [2]:99 [3]:90
[0]:138939517 [1]:18026239 [2]:99 [3]:378
[0]:139144663 [1]:18048793 [2]:99 [3]:87
[0]:139347188 [1]:18071202 [2]:99 [3]:363
[0]:139558957 [1]:18094471 [2]:99 [3]:363
[0]:139767076 [1]:18117300 [2]:99 [3]:86
[0]:139968065 [1]:18139292 [2]:99 [3]:367
[0]:140182375 [1]:18162838 [2]:99 [3]:369
[0]:140383553 [1]:18184971 [2]:99 [3]:84
[0]:140596666 [1]:18208408 [2]:99 [3]:84
[0]:140805566 [1]:18231531 [2]:99 [3]:76
[0]:141021905 [1]:18255298 [2]:99 [3]:357
[0]:141237857 [1]:18278942 [2]:99 [3]:367
[0]:141433821 [1]:18300619 [2]:99 [3]:370
[0]:141641932 [1]:18323547 [2]:99 [3]:82
[0]:141858922 [1]:18347415 [2]:99 [3]:372
[0]:142063099 [1]:18369925 [2]:99 [3]:368
[0]:142273062 [1]:18393144 [2]:99 [3]:368
[0]:142481832 [1]:18416216 [2]:99 [3]:362
[0]:142697452 [1]:18439886 [2]:99 [3]:362
[0]:142904047 [1]:18462620 [2]:99 [3]:357
[0]:143159048 [1]:18490817 [2]:99 [3]:363
[0]:143365496 [1]:18513470 [2]:99 [3]:81
[0]:143569789 [1]:18536006 [2]:99 [3]:85
[0]:143771718 [1]:18558380 [2]:99 [3]:366
[0]:144079287 [1]:18592326 [2]:99 [3]:362
[0]:144289272 [1]:18615347 [2]:99 [3]:364
[0]:144501377 [1]:18638670 [2]:99 [3]:367
[0]:144731126 [1]:18663940 [2]:99 [3]:362
[0]:144947213 [1]:18687614 [2]:99 [3]:372
[0]:145165722 [1]:18711579 [2]:99 [3]:361
[0]:145377176 [1]:18735140 [2]:99 [3]:364
[0]:145589726 [1]:18758971 [2]:99 [3]:80
[0]:145800580 [1]:18782159 [2]:99 [3]:375
[0]:146003844 [1]:18804485 [2]:99 [3]:62
[0]:146236715 [1]:18830208 [2]:99 [3]:359
[0]:146441659 [1]:18852760 [2]:99 [3]:365
[0]:146658672 [1]:18876614 [2]:99 [3]:95
[0]:146871307 [1]:18899955 [2]:99 [3]:72
[0]:147076245 [1]:18922567 [2]:99 [3]:366
[0]:147293348 [1]:18946651 [2]:99 [3]:79
[0]:147502732 [1]:18969672 [2]:99 [3]:95
[0]:147715860 [1]:18993098 [2]:99 [3]:77
[0]:147938589 [1]:19017610 [2]:100 [3]:361
[0]:148141204 [1]:19039754 [2]:100 [3]:83
[0]:148406006 [1]:19068959 [2]:100 [3]:109
[0]:148619020 [1]:19092706 [2]:100 [3]:85
[0]:148831958 [1]:19116132 [2]:100 [3]:361
[0]:149039724 [1]:19139049 [2]:100 [3]:367
[0]:149259609 [1]:19163117 [2]:100 [3]:79
[0]:149461182 [1]:19185427 [2]:100 [3]:71
[0]:149669741 [1]:19208487 [2]:100 [3]:97
[0]:149881278 [1]:19231691 [2]:100 [3]:378
[0]:150110318 [1]:19256721 [2]:100 [3]:371
[0]:150323940 [1]:19280286 [2]:99 [3]:91
[0]:150528146 [1]:19302952 [2]:99 [3]:358
[0]:150736647 [1]:19325903 [2]:99 [3]:362
[0]:150946211 [1]:19348982 [2]:99 [3]:77
[0]:151175081 [1]:19374185 [2]:99 [3]:369
[0]:151383859 [1]:19397303 [2]:99 [3]:357
[0]:151611166 [1]:19422247 [2]:99 [3]:352
[0]:151829446 [1]:19446440 [2]:99 [3]:96
[0]:152050411 [1]:19471037 [2]:99 [3]:79
[0]:152259069 [1]:19494370 [2]:99 [3]:361
[0]:152465383 [1]:19517337 [2]:100 [3]:370
[0]:152676812 [1]:19540740 [2]:100 [3]:91
[0]:152889816 [1]:19564297 [2]:100 [3]:73
[0]:153098745 [1]:19587284 [2]:100 [3]:91
[0]:153342948 [1]:19614310 [2]:100 [3]:361
[0]:153563072 [1]:19638483 [2]:100 [3]:364
[0]:153773324 [1]:19661562 [2]:100 [3]:81
[0]:153978250 [1]:19684075 [2]:100 [3]:82
[0]:154183552 [1]:19706648 [2]:100 [3]:357
[0]:154404352 [1]:19731037 [2]:100 [3]:367
[0]:154642756 [1]:19757448 [2]:100 [3]:363
[0]:154889372 [1]:19784630 [2]:100 [3]:373
[0]:155102386 [1]:19808037 [2]:100 [3]:365
[0]:155319387 [1]:19831939 [2]:100 [3]:86
[0]:155517377 [1]:19853682 [2]:100 [3]:365
[0]:155728286 [1]:19876940 [2]:100 [3]:85
[0]:155946477 [1]:19900998 [2]:100 [3]:369
[0]:156198588 [1]:19928764 [2]:100 [3]:367
[0]:156411957 [1]:19952294 [2]:100 [3]:77
[0]:156624984 [1]:19975740 [2]:100 [3]:367
[0]:156837651 [1]:19998992 [2]:100 [3]:357
[0]:157051072 [1]:20022567 [2]:99 [3]:372
[0]:157272007 [1]:20046820 [2]:99 [3]:367
[0]:157476535 [1]:20069400 [2]:99 [3]:92
[0]:157705545 [1]:20094517 [2]:99 [3]:372
[0]:157914963 [1]:20117679 [2]:99 [3]:82
[0]:158123978 [1]:20140659 [2]:99 [3]:371
[0]:158325042 [1]:20162896 [2]:99 [3]:369
[0]:158537015 [1]:20186443 [2]:99 [3]:364
[0]:158737248 [1]:20208535 [2]:99 [3]:91
[0]:158940167 [1]:20230860 [2]:99 [3]:355
[0]:159149809 [1]:20253834 [2]:99 [3]:363
[0]:159350557 [1]:20276013 [2]:99 [3]:370
[0]:159563388 [1]:20299500 [2]:99 [3]:87
[0]:159772289 [1]:20322649 [2]:99 [3]:365
[0]:159986008 [1]:20346208 [2]:99 [3]:362
[0]:160202197 [1]:20370150 [2]:99 [3]:353
[0]:160414562 [1]:20393665 [2]:99 [3]:365
[0]:160631939 [1]:20417649 [2]:99 [3]:365
[0]:160848792 [1]:20445337 [2]:99 [3]:358
