[0]:161073771 [1]:20483916 [2]:99 [3]:59
[0]:161271555 [1]:20517914 [2]:99 [3]:64
[0]:161483091 [1]:20554254 [2]:101 [3]:68
[0]:161682854 [1]:20588551 [2]:101 [3]:357
[0]:161888019 [1]:20623921 [2]:101 [3]:67
[0]:162089417 [1]:20658397 [2]:101 [3]:358
[0]:162284775 [1]:20692014 [2]:101 [3]:73
[0]:162478420 [1]:20725316 [2]:101 [3]:359
[0]:162671475 [1]:20758392 [2]:101 [3]:361
[0]:162893486 [1]:20796494 [2]:101 [3]:359
[0]:163112200 [1]:20833987 [2]:101 [3]:64
[0]:163310641 [1]:20868057 [2]:106 [3]:65
[0]:163517539 [1]:20903632 [2]:106 [3]:359
[0]:163711915 [1]:20937153 [2]:106 [3]:78
[0]:163913574 [1]:20971742 [2]:106 [3]:368
[0]:164177760 [1]:21017101 [2]:106 [3]:56
[0]:164365875 [1]:21049330 [2]:106 [3]:362
[0]:164560198 [1]:21082604 [2]:106 [3]:62
[0]:164758246 [1]:21116682 [2]:106 [3]:54
[0]:164948988 [1]:21149447 [2]:106 [3]:63
[0]:165143242 [1]:21182748 [2]:106 [3]:65
[0]:165341065 [1]:21216647 [2]:107 [3]:363
[0]:165539381 [1]:21250760 [2]:107 [3]:63
[0]:165733657 [1]:21284071 [2]:107 [3]:56
[0]:165935632 [1]:21318821 [2]:107 [3]:66
[0]:166130946 [1]:21352286 [2]:107 [3]:364
[0]:166335511 [1]:21387262 [2]:107 [3]:59
[0]:166529850 [1]:21420624 [2]:107 [3]:358
[0]:166728218 [1]:21454615 [2]:107 [3]:364
[0]:166922034 [1]:21487878 [2]:107 [3]:367
[0]:167109178 [1]:21519981 [2]:107 [3]:362
[0]:167302677 [1]:21553214 [2]:107 [3]:362
[0]:167501550 [1]:21587424 [2]:107 [3]:354
[0]:167703412 [1]:21622026 [2]:107 [3]:360
[0]:167908812 [1]:21657235 [2]:107 [3]:60
[0]:168106990 [1]:21691288 [2]:107 [3]:68
[0]:168304648 [1]:21725194 [2]:107 [3]:62
[0]:168507370 [1]:21759871 [2]:107 [3]:59
[0]:168705132 [1]:21793780 [2]:107 [3]:58
[0]:168899933 [1]:21827183 [2]:107 [3]:362
[0]:169112542 [1]:21863630 [2]:107 [3]:364
[0]:169306883 [1]:21897001 [2]:107 [3]:363
[0]:169512218 [1]:21932189 [2]:107 [3]:357
[0]:169715155 [1]:21966905 [2]:107 [3]:369
[0]:169912480 [1]:22000784 [2]:107 [3]:359
[0]:170106869 [1]:22034250 [2]:107 [3]:351
[0]:170307929 [1]:22068744 [2]:107 [3]:363
[0]:170502919 [1]:22102135 [2]:107 [3]:63
[0]:170719729 [1]:22139281 [2]:107 [3]:365
[0]:170918038 [1]:22173279 [2]:107 [3]:355
[0]:171113083 [1]:22206668 [2]:107 [3]:63
[0]:171380024 [1]:22252504 [2]:107 [3]:58
[0]:171575874 [1]:22286047 [2]:107 [3]:356
[0]:171770081 [1]:22319269 [2]:107 [3]:64
[0]:171971725 [1]:22353796 [2]:107 [3]:363
[0]:172173854 [1]:22388471 [2]:107 [3]:364
[0]:172392892 [1]:22426138 [2]:107 [3]:61
[0]:172595408 [1]:22460907 [2]:107 [3]:359
[0]:172797809 [1]:22495722 [2]:107 [3]:64
[0]:172994382 [1]:22529473 [2]:107 [3]:364
[0]:173190309 [1]:22563071 [2]:107 [3]:360
[0]:173388484 [1]:22597049 [2]:107 [3]:364
[0]:173593330 [1]:22632199 [2]:107 [3]:76
[0]:173827907 [1]:22672364 [2]:107 [3]:54
[0]:174039037 [1]:22708624 [2]:107 [3]:362
[0]:174240566 [1]:22743152 [2]:107 [3]:360
[0]:174438675 [1]:22777119 [2]:107 [3]:369
[0]:174636785 [1]:22811157 [2]:107 [3]:60
[0]:174831044 [1]:22844547 [2]:107 [3]:367
[0]:175046076 [1]:22881324 [2]:107 [3]:252
[0]:175241822 [1]:22914975 [2]:107 [3]:61
[0]:175477683 [1]:22955361 [2]:107 [3]:58
[0]:175675913 [1]:22989314 [2]:107 [3]:67
[0]:175881361 [1]:23024572 [2]:107 [3]:68
[0]:176082316 [1]:23058970 [2]:107 [3]:360
[0]:176272876 [1]:23091678 [2]:107 [3]:368
[0]:176472748 [1]:23126105 [2]:107 [3]:364
[0]:176670205 [1]:23160045 [2]:107 [3]:60
[0]:176864255 [1]:23193409 [2]:107 [3]:364
[0]:177054900 [1]:23225957 [2]:107 [3]:61
[0]:177253019 [1]:23259933 [2]:107 [3]:355
[0]:177450993 [1]:23293887 [2]:107 [3]:56
[0]:177673299 [1]:23332063 [2]:107 [3]:372
[0]:177865848 [1]:23365108 [2]:107 [3]:68
[0]:178062020 [1]:23398827 [2]:107 [3]:364
[0]:178257351 [1]:23432345 [2]:107 [3]:351
[0]:178452796 [1]:23465887 [2]:107 [3]:361
[0]:178693861 [1]:23507153 [2]:107 [3]:68
[0]:178908601 [1]:23543993 [2]:107 [3]:69
[0]:179099338 [1]:23576694 [2]:107 [3]:366
[0]:179301203 [1]:23611306 [2]:107 [3]:363
[0]:179499213 [1]:23645234 [2]:107 [3]:358
[0]:179708496 [1]:23681117 [2]:107 [3]:365
[0]:179910483 [1]:23715748 [2]:107 [3]:65
[0]:180119778 [1]:23751677 [2]:107 [3]:58
[0]:180316983 [1]:23785551 [2]:107 [3]:363
[0]:180515605 [1]:23819566 [2]:107 [3]:58
[0]:180736107 [1]:23857252 [2]:107 [3]:72
[0]:180942028 [1]:23892512 [2]:107 [3]:357
[0]:181136388 [1]:23925926 [2]:107 [3]:354
[0]:181336779 [1]:23960302 [2]:107 [3]:361
[0]:181577930 [1]:24001638 [2]:107 [3]:365
[0]:181779350 [1]:24036117 [2]:107 [3]:65
[0]:181975749 [1]:24069840 [2]:107 [3]:64
[0]:182171771 [1]:24103469 [2]:107 [3]:359
[0]:182380150 [1]:24139382 [2]:107 [3]:356
[0]:182579123 [1]:24173598 [2]:107 [3]:370
[0]:182773392 [1]:24206999 [2]:107 [3]:363
[0]:182971026 [1]:24240939 [2]:107 [3]:57
[0]:183180676 [1]:24276880 [2]:107 [3]:362
[0]:183378672 [1]:24310963 [2]:107 [3]:59
[0]:183580626 [1]:24345567 [2]:107 [3]:64
[0]:183771641 [1]:24378426 [2]:107 [3]:369
[0]:183975987 [1]:24413480 [2]:107 [3]:360
[0]:184170724 [1]:24446845 [2]:107 [3]:361
[0]:184363872 [1]:24479990 [2]:107 [3]:69
[0]:184559719 [1]:24513563 [2]:107 [3]:57
[0]:184765316 [1]:24548793 [2]:107 [3]:60
[0]:184994511 [1]:24588169 [2]:107 [3]:361
[0]:185217398 [1]:24626430 [2]:107 [3]:368
[0]:185423074 [1]:24661701 [2]:107 [3]:72
[0]:185621078 [1]:24695809 [2]:107 [3]:355
[0]:185811794 [1]:24728564 [2]:107 [3]:366
[0]:186012340 [1]:24763014 [2]:107 [3]:59
[0]:186210236 [1]:24797023 [2]:107 [3]:366
[0]:186397172 [1]:24829057 [2]:107 [3]:61
[0]:186592804 [1]:24862600 [2]:107 [3]:364
[0]:186788953 [1]:24896251 [2]:107 [3]:71
[0]:186992788 [1]:24931312 [2]:107 [3]:360
[0]:187190726 [1]:24965422 [2]:107 [3]:365
[0]:187385060 [1]:24998769 [2]:107 [3]:364
[0]:187641211 [1]:25042733 [2]:107 [3]:361
[0]:187833396 [1]:25075711 [2]:107 [3]:59
[0]:188027675 [1]:25109152 [2]:107 [3]:64
[0]:188296622 [1]:25155180 [2]:107 [3]:60
[0]:188509971 [1]:25191859 [2]:107 [3]:362
[0]:188715369 [1]:25227172 [2]:107 [3]:363
[0]:188917297 [1]:25261725 [2]:107 [3]:368
[0]:189119015 [1]:25296337 [2]:107 [3]:363
[0]:189313482 [1]:25329648 [2]:107 [3]:352
[0]:189518954 [1]:25364962 [2]:107 [3]:360
[0]:189713730 [1]:25398458 [2]:107 [3]:361
[0]:189911362 [1]:25432376 [2]:107 [3]:55
[0]:190117015 [1]:25467567 [2]:107 [3]:360
[0]:190304794 [1]:25499764 [2]:107 [3]:367
[0]:190496708 [1]:25532627 [2]:107 [3]:54
[0]:190688786 [1]:25565542 [2]:107 [3]:351
[0]:190940348 [1]:25608627 [2]:107 [3]:359
[0]:191151945 [1]:25644886 [2]:107 [3]:356
[0]:191351495 [1]:25679193 [2]:107 [3]:368
[0]:191565360 [1]:25715839 [2]:107 [3]:362
[0]:191769107 [1]:25750766 [2]:107 [3]:361
[0]:191963352 [1]:25784208 [2]:107 [3]:361
[0]:192156572 [1]:25817446 [2]:107 [3]:70
[0]:192351803 [1]:25850891 [2]:107 [3]:359
[0]:192553786 [1]:25885535 [2]:107 [3]:359
[0]:192751968 [1]:25919520 [2]:107 [3]:55
[0]:192953806 [1]:25954098 [2]:107 [3]:363
[0]:193150482 [1]:25987848 [2]:107 [3]:358
[0]:193345553 [1]:26021400 [2]:107 [3]:360
[0]:193544176 [1]:26055435 [2]:107 [3]:358
[0]:193752344 [1]:26091147 [2]:107 [3]:364
[0]:193970320 [1]:26128631 [2]:107 [3]:364
[0]:194171242 [1]:26163094 [2]:107 [3]:361
[0]:194365263 [1]:26196569 [2]:107 [3]:364
[0]:194564487 [1]:26230712 [2]:107 [3]:365
[0]:194766347 [1]:26265233 [2]:107 [3]:69
[0]:194964414 [1]:26299308 [2]:107 [3]:363
[0]:195162560 [1]:26333342 [2]:107 [3]:358
[0]:195364236 [1]:26368015 [2]:107 [3]:365
[0]:195554290 [1]:26400626 [2]:107 [3]:360
[0]:195752905 [1]:26434669 [2]:107 [3]:356
[0]:195973570 [1]:26472406 [2]:107 [3]:58
[0]:196175492 [1]:26507025 [2]:107 [3]:58
[0]:196373441 [1]:26540899 [2]:107 [3]:371
[0]:196572840 [1]:26575032 [2]:107 [3]:56
[0]:196765979 [1]:26608205 [2]:107 [3]:362
[0]:196961015 [1]:26641635 [2]:107 [3]:54
[0]:197217021 [1]:26685671 [2]:107 [3]:357
[0]:197409389 [1]:26718679 [2]:107 [3]:364
[0]:197607001 [1]:26752475 [2]:107 [3]:61
[0]:197803230 [1]:26786146 [2]:107 [3]:359
[0]:198013575 [1]:26822195 [2]:107 [3]:64
[0]:198203070 [1]:26854729 [2]:107 [3]:360
[0]:198432878 [1]:26894267 [2]:107 [3]:58
[0]:198630917 [1]:26928198 [2]:107 [3]:362
[0]:198833022 [1]:26962841 [2]:107 [3]:363
[0]:199027412 [1]:26996181 [2]:107 [3]:68
[0]:199223542 [1]:27029935 [2]:107 [3]:359
[0]:199424724 [1]:27064376 [2]:107 [3]:351
[0]:199617722 [1]:27097465 [2]:107 [3]:362
[0]:199822849 [1]:27132649 [2]:107 [3]:367
[0]:200028804 [1]:27168012 [2]:107 [3]:361
[0]:200226338 [1]:27201987 [2]:107 [3]:59
[0]:200428032 [1]:27236510 [2]:107 [3]:65
[0]:200620140 [1]:27269465 [2]:107 [3]:365
[0]:200620329 [1]:27269515 [2]:107 [3]:363
[0]:200620329 [1]:27269515 [2]:107 [3]:363
[0]:200620329 [1]:27269515 [2]:107 [3]:363
[0]:200620329 [1]:27269515 [2]:107 [3]:363
[0]:200620329 [1]:27269515 [2]:107 [3]:363
[0]:200620329 [1]:27269515 [2]:107 [3]:363
[0]:200620329 [1]:27269515 [2]:107 [3]:363
[0]:200620329 [1]:27269515 [2]:107 [3]:363
[0]:200620329 [1]:27269515 [2]:107 [3]:363
[0]:200620329 [1]:27269515 [2]:107 [3]:363
[0]:200620329 [1]:27269515 [2]:107 [3]:363
