[0]:0 [1]:0 [2]:0 [3]:0
[0]:79614 [1]:0 [2]:0 [3]:58
[0]:302309 [1]:0 [2]:0 [3]:313
[0]:596235 [1]:0 [2]:0 [3]:66
[0]:812842 [1]:0 [2]:0 [3]:64
[0]:1033390 [1]:0 [2]:0 [3]:306
[0]:1263855 [1]:24456 [2]:120 [3]:56
[0]:1459183 [1]:46433 [2]:120 [3]:66
[0]:1653204 [1]:68301 [2]:120 [3]:79
[0]:1857951 [1]:91711 [2]:120 [3]:68
[0]:2072172 [1]:115894 [2]:120 [3]:77
[0]:2263283 [1]:137324 [2]:120 [3]:88
[0]:2465895 [1]:160144 [2]:120 [3]:362
[0]:2727934 [1]:189451 [2]:84 [3]:368
[0]:2922897 [1]:211479 [2]:84 [3]:68
[0]:3117705 [1]:233472 [2]:84 [3]:365
[0]:3305270 [1]:254643 [2]:84 [3]:66
[0]:3516179 [1]:278536 [2]:84 [3]:79
[0]:3716460 [1]:301220 [2]:84 [3]:359
[0]:3914941 [1]:323566 [2]:84 [3]:364
[0]:4128432 [1]:347708 [2]:76 [3]:362
[0]:4328153 [1]:370185 [2]:76 [3]:365
[0]:4573139 [1]:397932 [2]:76 [3]:72
[0]:4781317 [1]:421485 [2]:76 [3]:61
[0]:4978346 [1]:443790 [2]:76 [3]:360
[0]:5172516 [1]:465843 [2]:76 [3]:60
[0]:5376079 [1]:488797 [2]:76 [3]:49
[0]:5573393 [1]:511066 [2]:76 [3]:367
[0]:5779145 [1]:534368 [2]:76 [3]:366
[0]:5981454 [1]:557198 [2]:76 [3]:356
[0]:6167556 [1]:578106 [2]:76 [3]:63
[0]:6370876 [1]:601062 [2]:76 [3]:359
[0]:6566542 [1]:623132 [2]:76 [3]:55
[0]:6809652 [1]:650763 [2]:76 [3]:363
[0]:7014468 [1]:673945 [2]:76 [3]:65
[0]:7220667 [1]:697172 [2]:76 [3]:58
[0]:7419150 [1]:719571 [2]:76 [3]:362
[0]:7613885 [1]:741535 [2]:76 [3]:64
[0]:7808414 [1]:763573 [2]:76 [3]:356
[0]:8010697 [1]:786348 [2]:76 [3]:58
[0]:8216460 [1]:809565 [2]:76 [3]:59
[0]:8422242 [1]:833054 [2]:76 [3]:69
[0]:8620683 [1]:855424 [2]:76 [3]:75
[0]:8822799 [1]:878265 [2]:75 [3]:363
[0]:9014026 [1]:899743 [2]:75 [3]:71
[0]:9211150 [1]:922097 [2]:75 [3]:374
[0]:9406970 [1]:944247 [2]:75 [3]:359
[0]:9612982 [1]:967529 [2]:75 [3]:364
[0]:9815197 [1]:990269 [2]:75 [3]:63
[0]:10012657 [1]:1012380 [2]:75 [3]:54
[0]:10212349 [1]:1034790 [2]:74 [3]:362
[0]:10410853 [1]:1057134 [2]:74 [3]:369
[0]:10624110 [1]:1081442 [2]:74 [3]:369
[0]:10826295 [1]:1104180 [2]:74 [3]:360
[0]:11024883 [1]:1126577 [2]:74 [3]:61
[0]:11222764 [1]:1148871 [2]:74 [3]:352
[0]:11418791 [1]:1171117 [2]:74 [3]:60
[0]:11608901 [1]:1192639 [2]:74 [3]:61
[0]:11806990 [1]:1215131 [2]:75 [3]:67
[0]:12001559 [1]:1237188 [2]:75 [3]:75
[0]:12254446 [1]:1265907 [2]:75 [3]:370
[0]:12447293 [1]:1287648 [2]:75 [3]:65
[0]:12671096 [1]:1313028 [2]:75 [3]:361
[0]:12866540 [1]:1335069 [2]:75 [3]:66
[0]:13076130 [1]:1358614 [2]:75 [3]:61
[0]:13269970 [1]:1381071 [2]:75 [3]:55
[0]:13464120 [1]:1402952 [2]:75 [3]:61
[0]:13659614 [1]:1424932 [2]:75 [3]:59
[0]:13864778 [1]:1447953 [2]:75 [3]:95
[0]:14064210 [1]:1470513 [2]:75 [3]:359
[0]:14260085 [1]:1492841 [2]:75 [3]:365
[0]:14456476 [1]:1515168 [2]:75 [3]:369
[0]:14664693 [1]:1538665 [2]:75 [3]:362
[0]:14869084 [1]:1561566 [2]:75 [3]:362
[0]:15067369 [1]:1583946 [2]:75 [3]:54
[0]:15278448 [1]:1607803 [2]:75 [3]:67
[0]:15489902 [1]:1631623 [2]:75 [3]:72
[0]:15700231 [1]:1655403 [2]:75 [3]:61
[0]:15936136 [1]:1682023 [2]:75 [3]:360
[0]:16130661 [1]:1704103 [2]:75 [3]:63
[0]:16369816 [1]:1731236 [2]:74 [3]:75
[0]:16569284 [1]:1753697 [2]:74 [3]:86
[0]:16767146 [1]:1775961 [2]:74 [3]:77
[0]:17028560 [1]:1805411 [2]:74 [3]:71
[0]:17227807 [1]:1827841 [2]:74 [3]:58
[0]:17418703 [1]:1849420 [2]:74 [3]:66
[0]:17617522 [1]:1871748 [2]:74 [3]:62
[0]:17816241 [1]:1893975 [2]:74 [3]:360
[0]:18019914 [1]:1916982 [2]:74 [3]:70
[0]:18242941 [1]:1942275 [2]:74 [3]:60
[0]:18459891 [1]:1966608 [2]:74 [3]:61
[0]:18649109 [1]:1987943 [2]:74 [3]:57
[0]:18849523 [1]:2010580 [2]:74 [3]:68
[0]:19052066 [1]:2033363 [2]:74 [3]:68
[0]:19252950 [1]:2055997 [2]:74 [3]:363
[0]:19462529 [1]:2079633 [2]:74 [3]:71
[0]:19662047 [1]:2104651 [2]:74 [3]:366
[0]:19856366 [1]:2137995 [2]:74 [3]:69
[0]:20055098 [1]:2172067 [2]:74 [3]:362
[0]:20256106 [1]:2206533 [2]:74 [3]:359
[0]:20460493 [1]:2241517 [2]:74 [3]:355
[0]:20663594 [1]:2276337 [2]:74 [3]:66
[0]:20858213 [1]:2309701 [2]:74 [3]:57
[0]:21059974 [1]:2344389 [2]:74 [3]:71
[0]:21256168 [1]:2378073 [2]:74 [3]:358
[0]:21452189 [1]:2411675 [2]:96 [3]:367
[0]:21737101 [1]:2460532 [2]:96 [3]:59
[0]:21968303 [1]:2500171 [2]:96 [3]:356
[0]:22163225 [1]:2533621 [2]:96 [3]:65
[0]:22364287 [1]:2567968 [2]:96 [3]:363
[0]:22562375 [1]:2601975 [2]:96 [3]:364
[0]:22760581 [1]:2636036 [2]:96 [3]:357
[0]:22988011 [1]:2675158 [2]:96 [3]:61
[0]:23190329 [1]:2709906 [2]:96 [3]:63
[0]:23387866 [1]:2743858 [2]:105 [3]:358
[0]:23601296 [1]:2780520 [2]:105 [3]:70
[0]:23806994 [1]:2815805 [2]:105 [3]:361
[0]:24008727 [1]:2850483 [2]:105 [3]:79
[0]:24198388 [1]:2882969 [2]:105 [3]:354
[0]:24419753 [1]:2921009 [2]:105 [3]:354
[0]:24612285 [1]:2954092 [2]:105 [3]:369
[0]:24814555 [1]:2988918 [2]:105 [3]:357
[0]:25065359 [1]:3031975 [2]:105 [3]:363
[0]:25292021 [1]:3070779 [2]:106 [3]:75
[0]:25492475 [1]:3105105 [2]:106 [3]:57
[0]:25686788 [1]:3138410 [2]:106 [3]:361
[0]:25892234 [1]:3173690 [2]:106 [3]:370
[0]:26102248 [1]:3209650 [2]:106 [3]:366
[0]:26303348 [1]:3244194 [2]:106 [3]:364
[0]:26516588 [1]:3280749 [2]:106 [3]:369
[0]:26715330 [1]:3314940 [2]:106 [3]:63
[0]:26916362 [1]:3349453 [2]:106 [3]:357
[0]:27110583 [1]:3382775 [2]:106 [3]:356
[0]:27359615 [1]:3425453 [2]:107 [3]:56
