[0]:137415513 [1]:24697514 [2]:167 [3]:369
[0]:137662845 [1]:24734125 [2]:167 [3]:366
[0]:137864694 [1]:24764110 [2]:167 [3]:364
[0]:138061701 [1]:24793243 [2]:167 [3]:366
[0]:138359804 [1]:24837464 [2]:167 [3]:360
[0]:138570012 [1]:24868685 [2]:162 [3]:368
[0]:138790747 [1]:24901371 [2]:162 [3]:360
[0]:139007734 [1]:24933492 [2]:162 [3]:367
[0]:139220217 [1]:24964938 [2]:162 [3]:364
[0]:139429250 [1]:24995874 [2]:162 [3]:359
[0]:139638183 [1]:25026978 [2]:162 [3]:75
[0]:139858161 [1]:25059666 [2]:162 [3]:356
[0]:140106617 [1]:25096415 [2]:162 [3]:365
[0]:140311184 [1]:25126734 [2]:162 [3]:373
[0]:140517101 [1]:25157215 [2]:162 [3]:77
[0]:140733945 [1]:25189329 [2]:162 [3]:82
[0]:140954620 [1]:25222043 [2]:162 [3]:363
[0]:141170517 [1]:25254030 [2]:162 [3]:359
[0]:141377820 [1]:25284758 [2]:162 [3]:363
[0]:141585099 [1]:25315601 [2]:162 [3]:359
[0]:141789758 [1]:25346142 [2]:162 [3]:76
[0]:142000252 [1]:25377503 [2]:162 [3]:358
[0]:142211557 [1]:25408917 [2]:152 [3]:359
[0]:142420215 [1]:25439862 [2]:152 [3]:369
[0]:142625271 [1]:25470261 [2]:152 [3]:373
[0]:142830115 [1]:25500768 [2]:152 [3]:366
[0]:143028709 [1]:25530242 [2]:152 [3]:365
[0]:143247766 [1]:25562877 [2]:152 [3]:366
[0]:143456593 [1]:25593895 [2]:152 [3]:367
[0]:143656912 [1]:25623641 [2]:152 [3]:365
[0]:143870350 [1]:25655309 [2]:152 [3]:358
[0]:144089809 [1]:25687870 [2]:152 [3]:80
[0]:144324691 [1]:25722691 [2]:152 [3]:354
[0]:144524579 [1]:25752447 [2]:152 [3]:87
[0]:144735917 [1]:25783895 [2]:152 [3]:363
[0]:144950094 [1]:25815655 [2]:152 [3]:360
[0]:145159019 [1]:25846583 [2]:152 [3]:370
[0]:145363967 [1]:25876980 [2]:152 [3]:364
[0]:145572836 [1]:25907925 [2]:152 [3]:81
[0]:145784445 [1]:25939345 [2]:151 [3]:365
[0]:145994737 [1]:25970562 [2]:151 [3]:361
[0]:146195847 [1]:26000324 [2]:151 [3]:362
[0]:146399185 [1]:26030458 [2]:151 [3]:365
[0]:146631135 [1]:26064790 [2]:151 [3]:372
[0]:146834068 [1]:26094882 [2]:151 [3]:349
[0]:147050720 [1]:26127008 [2]:151 [3]:76
[0]:147255735 [1]:26157411 [2]:151 [3]:353
[0]:147503933 [1]:26194295 [2]:151 [3]:364
[0]:147712846 [1]:26225274 [2]:151 [3]:76
[0]:147937459 [1]:26258527 [2]:151 [3]:362
[0]:148142425 [1]:26288928 [2]:151 [3]:362
[0]:148390804 [1]:26325781 [2]:151 [3]:354
[0]:148591519 [1]:26355631 [2]:151 [3]:360
[0]:148792427 [1]:26385560 [2]:151 [3]:373
[0]:148993537 [1]:26415353 [2]:151 [3]:366
[0]:149201457 [1]:26446283 [2]:151 [3]:357
[0]:149403443 [1]:26476193 [2]:151 [3]:78
[0]:149608409 [1]:26506535 [2]:151 [3]:364
[0]:149819995 [1]:26537795 [2]:151 [3]:76
[0]:150030196 [1]:26568902 [2]:151 [3]:362
[0]:150234943 [1]:26599461 [2]:151 [3]:365
[0]:150435844 [1]:26629216 [2]:151 [3]:372
[0]:150649688 [1]:26660935 [2]:151 [3]:368
[0]:150861684 [1]:26692332 [2]:151 [3]:359
[0]:151073974 [1]:26723838 [2]:151 [3]:359
[0]:151281432 [1]:26754582 [2]:151 [3]:77
[0]:151496213 [1]:26786422 [2]:151 [3]:362
[0]:151708974 [1]:26817994 [2]:151 [3]:367
[0]:151917904 [1]:26848946 [2]:151 [3]:364
[0]:152134490 [1]:26881102 [2]:151 [3]:73
[0]:152335551 [1]:26911021 [2]:151 [3]:364
[0]:152573614 [1]:26946242 [2]:151 [3]:83
[0]:152780903 [1]:26976938 [2]:151 [3]:74
[0]:153003442 [1]:27010035 [2]:151 [3]:77
