[0]:183932967 [1]:32848241 [2]:151 [3]:357
[0]:184134312 [1]:32894775 [2]:151 [3]:362
[0]:184328401 [1]:32939525 [2]:151 [3]:360
[0]:184525493 [1]:32985051 [2]:154 [3]:359
[0]:184723747 [1]:33030877 [2]:154 [3]:357
[0]:184929316 [1]:33078385 [2]:154 [3]:61
[0]:185123632 [1]:33123242 [2]:154 [3]:358
[0]:185317616 [1]:33168009 [2]:154 [3]:363
[0]:185519159 [1]:33214702 [2]:154 [3]:360
[0]:185717345 [1]:33260564 [2]:154 [3]:361
[0]:185915570 [1]:33306348 [2]:154 [3]:367
[0]:186116226 [1]:33352719 [2]:154 [3]:363
[0]:186306643 [1]:33396637 [2]:154 [3]:365
[0]:186500735 [1]:33441509 [2]:154 [3]:359
[0]:186717183 [1]:33491551 [2]:154 [3]:361
[0]:186906601 [1]:33535251 [2]:154 [3]:59
[0]:187105467 [1]:33581185 [2]:154 [3]:362
[0]:187303336 [1]:33626823 [2]:166 [3]:363
[0]:187494986 [1]:33671118 [2]:166 [3]:364
[0]:187683963 [1]:33714820 [2]:166 [3]:66
[0]:187881890 [1]:33760540 [2]:166 [3]:63
[0]:188072118 [1]:33804427 [2]:166 [3]:367
[0]:188260895 [1]:33848037 [2]:166 [3]:364
[0]:188464137 [1]:33895036 [2]:166 [3]:359
[0]:188658237 [1]:33939829 [2]:166 [3]:60
[0]:188859806 [1]:33986336 [2]:166 [3]:358
[0]:189060585 [1]:34032672 [2]:166 [3]:359
[0]:189255463 [1]:34077689 [2]:166 [3]:363
[0]:189445744 [1]:34121649 [2]:166 [3]:362
[0]:189639798 [1]:34166485 [2]:166 [3]:356
[0]:189869603 [1]:34219559 [2]:166 [3]:369
[0]:190061701 [1]:34263867 [2]:167 [3]:355
[0]:190252016 [1]:34307825 [2]:167 [3]:53
[0]:190446052 [1]:34352732 [2]:167 [3]:358
[0]:190644936 [1]:34398687 [2]:167 [3]:366
[0]:190841586 [1]:34444195 [2]:167 [3]:57
[0]:191039553 [1]:34489863 [2]:167 [3]:362
[0]:191255490 [1]:34539756 [2]:167 [3]:356
[0]:191457686 [1]:34586411 [2]:167 [3]:365
[0]:191659168 [1]:34633016 [2]:167 [3]:361
[0]:191851363 [1]:34677354 [2]:167 [3]:363
[0]:192076010 [1]:34729249 [2]:167 [3]:361
[0]:192281305 [1]:34776644 [2]:167 [3]:361
[0]:192478962 [1]:34822277 [2]:167 [3]:356
[0]:192666806 [1]:34865696 [2]:167 [3]:358
[0]:192864786 [1]:34911368 [2]:167 [3]:365
[0]:193051317 [1]:34954463 [2]:167 [3]:358
[0]:193252927 [1]:35001056 [2]:167 [3]:361
[0]:193445468 [1]:35045512 [2]:167 [3]:364
[0]:193637305 [1]:35089918 [2]:167 [3]:355
[0]:193850170 [1]:35139018 [2]:167 [3]:365
[0]:194043659 [1]:35183728 [2]:167 [3]:59
[0]:194241940 [1]:35229575 [2]:167 [3]:362
[0]:194455415 [1]:35278888 [2]:167 [3]:359
[0]:194652570 [1]:35324382 [2]:167 [3]:62
[0]:194850263 [1]:35369991 [2]:167 [3]:363
[0]:195044457 [1]:35414839 [2]:167 [3]:356
[0]:195237471 [1]:35459445 [2]:167 [3]:362
[0]:195436239 [1]:35505437 [2]:167 [3]:361
[0]:195632190 [1]:35550686 [2]:167 [3]:362
[0]:195826966 [1]:35595701 [2]:167 [3]:362
[0]:196019256 [1]:35640143 [2]:167 [3]:353
[0]:196232197 [1]:35689341 [2]:167 [3]:368
[0]:196429010 [1]:35734916 [2]:167 [3]:61
[0]:196616299 [1]:35778121 [2]:167 [3]:362
[0]:196818474 [1]:35824826 [2]:167 [3]:361
[0]:197021829 [1]:35871824 [2]:167 [3]:357
[0]:197220483 [1]:35917748 [2]:167 [3]:60
[0]:197415940 [1]:35962856 [2]:167 [3]:364
[0]:197609809 [1]:36007680 [2]:167 [3]:361
[0]:197806344 [1]:36053068 [2]:167 [3]:357
[0]:198004891 [1]:36098950 [2]:167 [3]:357
[0]:198198146 [1]:36143645 [2]:167 [3]:60
[0]:198398458 [1]:36189842 [2]:167 [3]:360
[0]:198597648 [1]:36235854 [2]:167 [3]:365
[0]:198795436 [1]:36281510 [2]:167 [3]:62
[0]:199011917 [1]:36331635 [2]:167 [3]:370
[0]:199199927 [1]:36375013 [2]:167 [3]:357
[0]:199396657 [1]:36420442 [2]:167 [3]:59
[0]:199589070 [1]:36464960 [2]:167 [3]:363
[0]:199778715 [1]:36508843 [2]:167 [3]:365
[0]:199971123 [1]:36553259 [2]:167 [3]:363
[0]:200161480 [1]:36597264 [2]:167 [3]:73
[0]:200363168 [1]:36643779 [2]:167 [3]:355
[0]:200601940 [1]:36698961 [2]:167 [3]:62
[0]:200792319 [1]:36742971 [2]:167 [3]:360
[0]:200990100 [1]:36788592 [2]:167 [3]:364
[0]:201001071 [1]:36791157 [2]:167 [3]:370
[0]:201001071 [1]:36791157 [2]:167 [3]:370
