[0]:75955408 [1]:13107739 [2]:167 [3]:364
[0]:76169917 [1]:13139459 [2]:167 [3]:370
[0]:76374195 [1]:13169752 [2]:167 [3]:372
[0]:76682871 [1]:13215580 [2]:167 [3]:362
[0]:76891861 [1]:13246471 [2]:167 [3]:359
[0]:77094760 [1]:13276455 [2]:167 [3]:364
[0]:77300671 [1]:13307205 [2]:167 [3]:370
[0]:77512071 [1]:13338493 [2]:167 [3]:357
[0]:77722883 [1]:13369749 [2]:167 [3]:79
[0]:77933570 [1]:13401113 [2]:167 [3]:368
[0]:78154917 [1]:13433983 [2]:167 [3]:368
[0]:78373477 [1]:13466304 [2]:167 [3]:366
[0]:78640540 [1]:13505801 [2]:156 [3]:363
[0]:78846459 [1]:13536185 [2]:156 [3]:88
[0]:79051419 [1]:13566595 [2]:156 [3]:362
[0]:79254272 [1]:13596674 [2]:156 [3]:371
[0]:79460891 [1]:13627327 [2]:156 [3]:365
[0]:79665865 [1]:13657708 [2]:156 [3]:371
[0]:79878578 [1]:13689157 [2]:156 [3]:366
[0]:80083884 [1]:13719564 [2]:156 [3]:363
[0]:80343996 [1]:13758071 [2]:156 [3]:361
[0]:80547906 [1]:13788225 [2]:156 [3]:71
[0]:80753866 [1]:13818799 [2]:156 [3]:369
[0]:80983960 [1]:13852875 [2]:156 [3]:368
[0]:81207120 [1]:13885860 [2]:156 [3]:364
[0]:81412077 [1]:13916182 [2]:156 [3]:365
[0]:81647339 [1]:13951021 [2]:156 [3]:362
[0]:81857492 [1]:13982097 [2]:156 [3]:359
[0]:82062457 [1]:14012460 [2]:156 [3]:366
[0]:82279192 [1]:14044546 [2]:151 [3]:362
[0]:82484366 [1]:14074850 [2]:151 [3]:365
[0]:82693108 [1]:14105742 [2]:151 [3]:74
[0]:82909940 [1]:14137912 [2]:151 [3]:361
[0]:83111649 [1]:14167780 [2]:151 [3]:361
[0]:83331502 [1]:14200347 [2]:151 [3]:372
[0]:83556286 [1]:14233533 [2]:151 [3]:362
[0]:83757233 [1]:14263398 [2]:151 [3]:365
[0]:83966166 [1]:14294243 [2]:151 [3]:361
[0]:84167744 [1]:14324115 [2]:151 [3]:367
[0]:84389061 [1]:14357065 [2]:151 [3]:366
[0]:84584900 [1]:14386006 [2]:151 [3]:359
[0]:84793593 [1]:14417122 [2]:151 [3]:72
[0]:85007375 [1]:14448788 [2]:151 [3]:363
[0]:85207046 [1]:14478576 [2]:151 [3]:362
[0]:85412206 [1]:14508982 [2]:151 [3]:364
[0]:85628824 [1]:14541171 [2]:151 [3]:354
[0]:85849081 [1]:14573806 [2]:151 [3]:365
[0]:86060844 [1]:14605259 [2]:151 [3]:371
[0]:86271421 [1]:14636412 [2]:151 [3]:362
[0]:86480072 [1]:14667446 [2]:151 [3]:369
[0]:86727448 [1]:14704039 [2]:151 [3]:366
[0]:86976629 [1]:14740963 [2]:151 [3]:370
[0]:87184497 [1]:14771851 [2]:151 [3]:365
[0]:87397257 [1]:14803336 [2]:151 [3]:354
[0]:87615134 [1]:14835668 [2]:151 [3]:361
[0]:87824216 [1]:14866659 [2]:151 [3]:368
[0]:88028652 [1]:14897033 [2]:151 [3]:359
[0]:88237605 [1]:14928012 [2]:151 [3]:370
[0]:88446607 [1]:14958920 [2]:151 [3]:86
[0]:88666370 [1]:14991403 [2]:151 [3]:371
[0]:88880768 [1]:15023139 [2]:151 [3]:368
[0]:89095380 [1]:15054912 [2]:151 [3]:366
[0]:89325400 [1]:15088974 [2]:151 [3]:73
[0]:89528006 [1]:15118978 [2]:151 [3]:374
[0]:89743244 [1]:15150920 [2]:151 [3]:356
[0]:89956035 [1]:15182391 [2]:151 [3]:368
[0]:90161013 [1]:15212728 [2]:151 [3]:367
[0]:90369867 [1]:15243590 [2]:151 [3]:365
[0]:90582644 [1]:15275145 [2]:151 [3]:360
[0]:90819140 [1]:15310059 [2]:151 [3]:366
[0]:91017647 [1]:15339440 [2]:151 [3]:366
[0]:91223469 [1]:15369868 [2]:151 [3]:360
[0]:91473668 [1]:15406832 [2]:151 [3]:357
