[0]:3648371687 [1]:1 [2]:2 [3]:201
[0]:3405488814 [1]:1 [2]:2 [3]:193
[0]:4192317102 [1]:1 [2]:2 [3]:125
[0]:3980258707 [1]:1 [2]:2 [3]:165
[0]:3768945893 [1]:1 [2]:2 [3]:150
[0]:3523276258 [1]:1 [2]:2 [3]:195
[0]:3304245706 [1]:1 [2]:2 [3]:133
[0]:4092542388 [1]:1 [2]:2 [3]:135
[0]:3872915948 [1]:1 [2]:2 [3]:30
[0]:3664651249 [1]:1 [2]:2 [3]:143
[0]:3442901719 [1]:1 [2]:2 [3]:198
[0]:4230831243 [1]:1 [2]:2 [3]:205
[0]:4010048688 [1]:1 [2]:2 [3]:104
[0]:3792469464 [1]:1 [2]:2 [3]:99
[0]:3575476909 [1]:1 [2]:2 [3]:32
[0]:3360740732 [1]:1 [2]:2 [3]:31
[0]:4148538248 [1]:1 [2]:2 [3]:38
[0]:3924970379 [1]:1 [2]:2 [3]:198
[0]:3716245229 [1]:1 [2]:2 [3]:131
[0]:3500812478 [1]:1 [2]:2 [3]:76
[0]:4267966807 [1]:1 [2]:2 [3]:103
[0]:4052470337 [1]:1 [2]:2 [3]:154
[0]:3845195866 [1]:1 [2]:2 [3]:78
[0]:3640245203 [1]:1 [2]:2 [3]:120
[0]:3424591802 [1]:1 [2]:2 [3]:111
[0]:4213092131 [1]:1 [2]:2 [3]:118
[0]:4007167049 [1]:1 [2]:2 [3]:192
[0]:3800276073 [1]:1 [2]:2 [3]:195
[0]:3584669789 [1]:1 [2]:2 [3]:58
[0]:3369900743 [1]:1 [2]:2 [3]:31
[0]:4160854034 [1]:1 [2]:2 [3]:99
[0]:3948812326 [1]:1 [2]:2 [3]:120
[0]:3748609248 [1]:1 [2]:2 [3]:112
[0]:3532763116 [1]:1 [2]:2 [3]:80
[0]:3328549609 [1]:1 [2]:2 [3]:172
[0]:4128317734 [1]:1 [2]:2 [3]:147
[0]:3918475453 [1]:1 [2]:2 [3]:38
[0]:3708525241 [1]:1 [2]:2 [3]:131
[0]:3496678684 [1]:1 [2]:2 [3]:33
[0]:4284671842 [1]:1 [2]:2 [3]:55
[0]:4076626833 [1]:1 [2]:2 [3]:37
[0]:3845447168 [1]:1 [2]:2 [3]:80
[0]:3636337016 [1]:1 [2]:2 [3]:107
[0]:3424730748 [1]:1 [2]:2 [3]:194
[0]:4215107574 [1]:1 [2]:2 [3]:47
[0]:4004731821 [1]:1 [2]:2 [3]:192
[0]:3792735483 [1]:1 [2]:2 [3]:186
[0]:3580844998 [1]:1 [2]:2 [3]:46
[0]:3365429662 [1]:1 [2]:2 [3]:78
[0]:4167475902 [1]:1 [2]:2 [3]:116
[0]:3960701973 [1]:1 [2]:2 [3]:33
[0]:3740248088 [1]:1 [2]:2 [3]:140
[0]:3524612833 [1]:1 [2]:2 [3]:79
[0]:3305994676 [1]:1 [2]:2 [3]:30
[0]:4100496484 [1]:1 [2]:2 [3]:170
[0]:3852436286 [1]:1 [2]:2 [3]:50
[0]:3647653008 [1]:1 [2]:2 [3]:80
[0]:3424565881 [1]:1 [2]:2 [3]:69
[0]:4204635808 [1]:1 [2]:2 [3]:166
[0]:3988435148 [1]:1 [2]:2 [3]:108
[0]:3766139149 [1]:1 [2]:2 [3]:44
[0]:3548135829 [1]:1 [2]:2 [3]:155
[0]:3344265603 [1]:1 [2]:2 [3]:34
[0]:4128342534 [1]:1 [2]:2 [3]:91
[0]:3912813571 [1]:1 [2]:2 [3]:145
[0]:3695253669 [1]:1 [2]:2 [3]:104
[0]:3492575368 [1]:1 [2]:2 [3]:194
[0]:4280398449 [1]:1 [2]:2 [3]:29
[0]:4076355744 [1]:1 [2]:2 [3]:35
[0]:3867262302 [1]:1 [2]:2 [3]:202
[0]:3648536071 [1]:1 [2]:2 [3]:73
[0]:3440517984 [1]:1 [2]:2 [3]:175
[0]:4224462954 [1]:1 [2]:2 [3]:112
[0]:4016475237 [1]:1 [2]:2 [3]:85
[0]:3800457959 [1]:1 [2]:2 [3]:145
[0]:3594112936 [1]:1 [2]:2 [3]:156
[0]:3305837334 [1]:1 [2]:2 [3]:32
[0]:4096667043 [1]:1 [2]:2 [3]:192
[0]:3834490452 [1]:1 [2]:2 [3]:110
[0]:3630724419 [1]:1 [2]:2 [3]:23
[0]:3424657486 [1]:1 [2]:2 [3]:81
[0]:4216714213 [1]:1 [2]:2 [3]:67
[0]:4004340497 [1]:1 [2]:2 [3]:163
[0]:3786067867 [1]:1 [2]:2 [3]:195
[0]:3580489398 [1]:1 [2]:2 [3]:191
[0]:3368676626 [1]:1 [2]:2 [3]:163
[0]:4162203898 [1]:1 [2]:2 [3]:191
[0]:3944692101 [1]:1 [2]:2 [3]:140
[0]:3728423038 [1]:1 [2]:2 [3]:47
[0]:3516484429 [1]:1 [2]:2 [3]:83
[0]:3299496061 [1]:1 [2]:2 [3]:182
[0]:4097267367 [1]:1 [2]:2 [3]:81
[0]:3888622126 [1]:1 [2]:2 [3]:142
[0]:3676625944 [1]:1 [2]:2 [3]:180
[0]:3464766124 [1]:1 [2]:2 [3]:200
[0]:4248744153 [1]:1 [2]:2 [3]:122
[0]:4024879327 [1]:1 [2]:2 [3]:147
[0]:3823959912 [1]:1 [2]:2 [3]:157
[0]:3605081818 [1]:1 [2]:2 [3]:161
[0]:3408664476 [1]:1 [2]:2 [3]:198
[0]:4192462701 [1]:1 [2]:2 [3]:195
[0]:3980389641 [1]:1 [2]:2 [3]:56
[0]:3726658508 [1]:1 [2]:2 [3]:126
[0]:3510166852 [1]:1 [2]:2 [3]:199
[0]:3308013088 [1]:1 [2]:2 [3]:72
[0]:4098431059 [1]:1 [2]:2 [3]:139
[0]:3886594609 [1]:1 [2]:2 [3]:157
[0]:3664514342 [1]:1 [2]:2 [3]:160
[0]:3448508079 [1]:1 [2]:2 [3]:186
[0]:4234320896 [1]:1 [2]:2 [3]:43
[0]:4020500536 [1]:1 [2]:2 [3]:96
[0]:3780702614 [1]:1 [2]:2 [3]:160
[0]:3570234837 [1]:1 [2]:2 [3]:171
[0]:3352479527 [1]:1 [2]:2 [3]:63
[0]:4136675632 [1]:1 [2]:2 [3]:38
[0]:3921220746 [1]:1 [2]:2 [3]:194
[0]:3720655603 [1]:1 [2]:2 [3]:156
[0]:3508410422 [1]:1 [2]:2 [3]:51
[0]:3296508024 [1]:1 [2]:2 [3]:177
[0]:4084766846 [1]:1 [2]:2 [3]:67
[0]:3876469091 [1]:1 [2]:2 [3]:34
[0]:3672810543 [1]:1 [2]:2 [3]:192
[0]:3453414388 [1]:1 [2]:2 [3]:161
[0]:4224540923 [1]:1 [2]:2 [3]:158
[0]:4008687802 [1]:1 [2]:2 [3]:176
[0]:3800597323 [1]:1 [2]:2 [3]:127
[0]:3593088166 [1]:1 [2]:2 [3]:193
[0]:3389213291 [1]:1 [2]:2 [3]:126
[0]:4152557436 [1]:1 [2]:2 [3]:78
[0]:3933791943 [1]:1 [2]:2 [3]:71
[0]:3724478349 [1]:1 [2]:2 [3]:28
[0]:3508404637 [1]:1 [2]:2 [3]:120
[0]:3295089846 [1]:1 [2]:2 [3]:61
[0]:4076464828 [1]:1 [2]:2 [3]:200
[0]:3852918687 [1]:1 [2]:2 [3]:191
[0]:3644818498 [1]:1 [2]:2 [3]:200
[0]:3420425267 [1]:1 [2]:2 [3]:61
[0]:4214334886 [1]:1 [2]:2 [3]:115
[0]:4000535321 [1]:1 [2]:2 [3]:36
[0]:3782868696 [1]:1 [2]:2 [3]:173
[0]:3572604641 [1]:1 [2]:2 [3]:73
[0]:3336453063 [1]:1 [2]:2 [3]:197
[0]:4132742228 [1]:1 [2]:2 [3]:123
[0]:3908765847 [1]:1 [2]:2 [3]:102
[0]:3696611133 [1]:1 [2]:2 [3]:188
[0]:3460519203 [1]:1 [2]:2 [3]:91
[0]:4245908594 [1]:1 [2]:2 [3]:194
[0]:4037189513 [1]:1 [2]:2 [3]:194
[0]:3826569784 [1]:1 [2]:2 [3]:105
[0]:3620656111 [1]:1 [2]:2 [3]:26
[0]:3409516857 [1]:1 [2]:2 [3]:63
[0]:4183581253 [1]:1 [2]:2 [3]:170
[0]:3975002118 [1]:1 [2]:2 [3]:194
[0]:3761016912 [1]:1 [2]:2 [3]:109
[0]:3552554239 [1]:1 [2]:2 [3]:139
[0]:3336139581 [1]:1 [2]:2 [3]:145
[0]:4116446236 [1]:1 [2]:2 [3]:83
[0]:3904599267 [1]:1 [2]:2 [3]:124
[0]:3694233668 [1]:1 [2]:2 [3]:187
[0]:3483562641 [1]:1 [2]:2 [3]:82
[0]:4264732127 [1]:1 [2]:2 [3]:195
[0]:4060820811 [1]:1 [2]:2 [3]:187
[0]:3852784792 [1]:1 [2]:2 [3]:188
[0]:3648140016 [1]:1 [2]:2 [3]:150
[0]:3428816657 [1]:1 [2]:2 [3]:67
[0]:4224618456 [1]:1 [2]:2 [3]:107
[0]:4019519964 [1]:1 [2]:2 [3]:155
[0]:3800758149 [1]:1 [2]:2 [3]:91
[0]:3572569193 [1]:1 [2]:2 [3]:198
[0]:3371402468 [1]:1 [2]:2 [3]:195
[0]:4168988629 [1]:1 [2]:2 [3]:26
[0]:3898365792 [1]:1 [2]:2 [3]:191
[0]:3690123676 [1]:1 [2]:2 [3]:156
[0]:3471747367 [1]:1 [2]:2 [3]:88
[0]:4268807962 [1]:1 [2]:2 [3]:48
[0]:4064604584 [1]:1 [2]:2 [3]:28
[0]:3864850849 [1]:1 [2]:2 [3]:203
[0]:3648120188 [1]:1 [2]:2 [3]:123
[0]:3436763644 [1]:1 [2]:2 [3]:191
[0]:4221577896 [1]:1 [2]:2 [3]:152
[0]:4012265204 [1]:1 [2]:2 [3]:32
[0]:3800577151 [1]:1 [2]:2 [3]:157
[0]:3592646051 [1]:1 [2]:2 [3]:79
[0]:3376641153 [1]:1 [2]:2 [3]:69
[0]:4165456786 [1]:1 [2]:2 [3]:58
[0]:3960679623 [1]:1 [2]:2 [3]:196
[0]:3752671024 [1]:1 [2]:2 [3]:194
[0]:3545775591 [1]:1 [2]:2 [3]:197
[0]:3313812373 [1]:1 [2]:2 [3]:56
[0]:4101418694 [1]:1 [2]:2 [3]:197
[0]:3875810652 [1]:1 [2]:2 [3]:200
[0]:3660664348 [1]:1 [2]:2 [3]:133
[0]:3451086844 [1]:1 [2]:2 [3]:195
[0]:4244909402 [1]:1 [2]:2 [3]:193
[0]:4026088238 [1]:1 [2]:2 [3]:70
[0]:3816882361 [1]:1 [2]:2 [3]:149
[0]:3609904379 [1]:1 [2]:2 [3]:121
[0]:3400662948 [1]:1 [2]:2 [3]:193
[0]:4187686767 [1]:1 [2]:2 [3]:195
[0]:4057235939 [1]:1 [2]:2 [3]:194
[0]:4057235939 [1]:1 [2]:2 [3]:194
[0]:4057235939 [1]:1 [2]:2 [3]:194
[0]:4057235939 [1]:1 [2]:2 [3]:194
[0]:4057235939 [1]:1 [2]:2 [3]:194
[0]:4057235939 [1]:1 [2]:2 [3]:194
[0]:4057235939 [1]:1 [2]:2 [3]:194
[0]:4057235939 [1]:1 [2]:2 [3]:194
[0]:4057235939 [1]:1 [2]:2 [3]:194
[0]:4057235939 [1]:1 [2]:2 [3]:194
[0]:4057235939 [1]:1 [2]:2 [3]:194
