[0]:111146230 [1]:111146230 [2]:0 [3]:514
[0]:111282287 [1]:111282288 [2]:0 [3]:99
[0]:111422670 [1]:111422670 [2]:0 [3]:123
[0]:111567506 [1]:111567507 [2]:0 [3]:512
[0]:111706587 [1]:111706588 [2]:0 [3]:155
[0]:111892324 [1]:111892324 [2]:0 [3]:162
[0]:112035622 [1]:112035622 [2]:0 [3]:150
[0]:112176161 [1]:112176162 [2]:0 [3]:501
[0]:112351063 [1]:112351063 [2]:0 [3]:99
[0]:112488108 [1]:112488109 [2]:0 [3]:97
[0]:112648567 [1]:112648568 [2]:0 [3]:518
[0]:112793270 [1]:112793270 [2]:0 [3]:523
[0]:112929652 [1]:112929652 [2]:0 [3]:115
[0]:113123559 [1]:113123560 [2]:0 [3]:115
[0]:113261306 [1]:113261306 [2]:0 [3]:97
[0]:113401952 [1]:113401952 [2]:0 [3]:505
[0]:113545907 [1]:113545907 [2]:0 [3]:120
[0]:113688440 [1]:113688440 [2]:0 [3]:81
[0]:113825666 [1]:113825668 [2]:0 [3]:130
[0]:113966946 [1]:113966946 [2]:0 [3]:100
[0]:114168908 [1]:114168908 [2]:0 [3]:109
[0]:114314396 [1]:114314396 [2]:0 [3]:518
[0]:114457796 [1]:114457795 [2]:0 [3]:96
[0]:114643293 [1]:114643293 [2]:0 [3]:499
[0]:114784156 [1]:114784157 [2]:0 [3]:141
[0]:114922479 [1]:114922480 [2]:0 [3]:189
[0]:115055402 [1]:115055402 [2]:0 [3]:520
[0]:115192780 [1]:115192781 [2]:0 [3]:94
[0]:115397222 [1]:115397224 [2]:0 [3]:518
[0]:115548215 [1]:115548215 [2]:0 [3]:99
[0]:115682777 [1]:115682778 [2]:0 [3]:504
[0]:115821605 [1]:115821605 [2]:0 [3]:523
[0]:115967477 [1]:115967477 [2]:0 [3]:497
[0]:116101549 [1]:116101550 [2]:0 [3]:150
[0]:116246037 [1]:116246037 [2]:0 [3]:528
[0]:116389220 [1]:116389220 [2]:0 [3]:90
[0]:116519868 [1]:116519868 [2]:0 [3]:98
[0]:116719868 [1]:116719868 [2]:0 [3]:159
[0]:116888098 [1]:116888100 [2]:0 [3]:125
[0]:117034063 [1]:117034063 [2]:0 [3]:80
[0]:117198512 [1]:117198512 [2]:0 [3]:536
[0]:117344399 [1]:117344400 [2]:0 [3]:112
[0]:117510389 [1]:117510389 [2]:0 [3]:101
[0]:117645893 [1]:117645893 [2]:0 [3]:134
[0]:117784396 [1]:117784396 [2]:0 [3]:123
[0]:117922706 [1]:117922706 [2]:0 [3]:111
[0]:118057991 [1]:118057992 [2]:0 [3]:114
[0]:118204690 [1]:118204690 [2]:0 [3]:143
[0]:118349924 [1]:118349924 [2]:0 [3]:501
[0]:118492743 [1]:118492743 [2]:0 [3]:149
[0]:118633796 [1]:118633796 [2]:0 [3]:99
[0]:118766445 [1]:118766444 [2]:0 [3]:116
[0]:118901790 [1]:118901790 [2]:0 [3]:507
[0]:119056728 [1]:119056728 [2]:0 [3]:97
[0]:119196844 [1]:119196844 [2]:0 [3]:521
[0]:119384775 [1]:119384779 [2]:0 [3]:510
[0]:119523737 [1]:119523739 [2]:0 [3]:503
[0]:119660386 [1]:119660387 [2]:0 [3]:511
[0]:119798666 [1]:119798667 [2]:0 [3]:511
[0]:119933936 [1]:119933936 [2]:0 [3]:497
[0]:120077147 [1]:120077147 [2]:0 [3]:502
[0]:120215233 [1]:120215234 [2]:0 [3]:102
[0]:120363718 [1]:120363718 [2]:0 [3]:97
[0]:120504445 [1]:120504445 [2]:0 [3]:513
[0]:120644884 [1]:120644886 [2]:0 [3]:97
[0]:120785641 [1]:120785643 [2]:0 [3]:82
[0]:120923606 [1]:120923606 [2]:0 [3]:109
[0]:121077405 [1]:121077406 [2]:0 [3]:508
[0]:121212805 [1]:121212805 [2]:0 [3]:109
[0]:121356561 [1]:121356563 [2]:0 [3]:76
[0]:121517754 [1]:121517754 [2]:0 [3]:87
[0]:121657228 [1]:121657228 [2]:0 [3]:502
[0]:121796452 [1]:121796452 [2]:0 [3]:115
[0]:121937322 [1]:121937322 [2]:0 [3]:127
[0]:122077257 [1]:122077258 [2]:0 [3]:69
[0]:122218283 [1]:122218283 [2]:0 [3]:97
[0]:122358886 [1]:122358886 [2]:0 [3]:516
[0]:122491639 [1]:122491639 [2]:0 [3]:497
[0]:122632883 [1]:122632884 [2]:0 [3]:94
[0]:122778186 [1]:122778189 [2]:0 [3]:517
[0]:122918593 [1]:122918593 [2]:0 [3]:504
[0]:123110056 [1]:123110056 [2]:0 [3]:510
[0]:123260068 [1]:123260069 [2]:0 [3]:97
[0]:123421857 [1]:123421858 [2]:0 [3]:515
[0]:123590707 [1]:123590707 [2]:0 [3]:96
[0]:123728053 [1]:123728053 [2]:0 [3]:99
[0]:123877815 [1]:123877815 [2]:0 [3]:526
[0]:124065031 [1]:124065032 [2]:0 [3]:67
[0]:124210801 [1]:124210802 [2]:0 [3]:99
[0]:124348351 [1]:124348353 [2]:0 [3]:77
[0]:124489009 [1]:124489009 [2]:0 [3]:518
[0]:124634831 [1]:124634831 [2]:0 [3]:508
[0]:124778589 [1]:124778590 [2]:0 [3]:523
[0]:124916616 [1]:124916616 [2]:0 [3]:138
[0]:125059870 [1]:125059870 [2]:0 [3]:521
[0]:125202441 [1]:125202441 [2]:0 [3]:523
[0]:125342831 [1]:125342831 [2]:0 [3]:530
[0]:125486675 [1]:125486676 [2]:0 [3]:497
[0]:125633035 [1]:125633035 [2]:0 [3]:84
[0]:125773364 [1]:125773365 [2]:0 [3]:511
[0]:125906257 [1]:125906257 [2]:0 [3]:85
[0]:126044176 [1]:126044176 [2]:0 [3]:506
[0]:126180629 [1]:126180629 [2]:0 [3]:509
[0]:126324583 [1]:126324583 [2]:0 [3]:123
[0]:126508735 [1]:126508735 [2]:0 [3]:113
[0]:126657107 [1]:126657107 [2]:0 [3]:509
[0]:126808382 [1]:126808381 [2]:0 [3]:503
[0]:126946255 [1]:126946254 [2]:0 [3]:129
[0]:127086995 [1]:127086995 [2]:0 [3]:519
[0]:127235607 [1]:127235607 [2]:0 [3]:506
[0]:127375723 [1]:127375724 [2]:0 [3]:540
[0]:127519454 [1]:127519454 [2]:0 [3]:206
[0]:127660059 [1]:127660059 [2]:0 [3]:496
[0]:127831479 [1]:127831479 [2]:0 [3]:512
[0]:127970416 [1]:127970416 [2]:0 [3]:519
[0]:128110614 [1]:128110614 [2]:0 [3]:82
[0]:128259628 [1]:128259628 [2]:0 [3]:109
[0]:128424174 [1]:128424174 [2]:0 [3]:513
[0]:128572727 [1]:128572727 [2]:0 [3]:113
[0]:128766577 [1]:128766578 [2]:0 [3]:515
[0]:128909831 [1]:128909831 [2]:0 [3]:526
[0]:129050308 [1]:129050309 [2]:0 [3]:84
[0]:129194313 [1]:129194313 [2]:0 [3]:507
[0]:129336869 [1]:129336870 [2]:0 [3]:515
[0]:129480100 [1]:129480101 [2]:0 [3]:505
[0]:129618038 [1]:129618038 [2]:0 [3]:113
[0]:129760966 [1]:129760967 [2]:0 [3]:115
[0]:129899276 [1]:129899276 [2]:0 [3]:519
[0]:130042652 [1]:130042652 [2]:0 [3]:530
[0]:130183159 [1]:130183159 [2]:0 [3]:90
[0]:130320854 [1]:130320854 [2]:0 [3]:96
[0]:130461733 [1]:130461733 [2]:0 [3]:505
[0]:130604744 [1]:130604744 [2]:0 [3]:83
[0]:130745652 [1]:130745652 [2]:0 [3]:95
[0]:130887524 [1]:130887524 [2]:0 [3]:509
[0]:131021534 [1]:131021534 [2]:0 [3]:516
[0]:131159528 [1]:131159528 [2]:0 [3]:84
[0]:131299975 [1]:131299977 [2]:0 [3]:507
[0]:131432826 [1]:131432827 [2]:0 [3]:524
[0]:131572163 [1]:131572165 [2]:0 [3]:93
[0]:131706067 [1]:131706067 [2]:0 [3]:76
[0]:131877789 [1]:131877789 [2]:0 [3]:121
[0]:132019095 [1]:132019096 [2]:0 [3]:102
[0]:132162542 [1]:132162544 [2]:0 [3]:111
[0]:132302746 [1]:132302747 [2]:0 [3]:140
[0]:132448612 [1]:132448612 [2]:0 [3]:496
[0]:132589560 [1]:132589560 [2]:0 [3]:499
[0]:132730118 [1]:132730119 [2]:0 [3]:502
[0]:132878178 [1]:132878178 [2]:0 [3]:95
[0]:133022367 [1]:133022367 [2]:0 [3]:517
[0]:133157264 [1]:133157264 [2]:0 [3]:95
[0]:133299176 [1]:133299176 [2]:0 [3]:527
[0]:133446429 [1]:133446429 [2]:0 [3]:107
[0]:133584493 [1]:133584493 [2]:0 [3]:112
[0]:133732915 [1]:133732917 [2]:0 [3]:86
[0]:133871135 [1]:133871137 [2]:0 [3]:510
[0]:134011604 [1]:134011604 [2]:0 [3]:509
[0]:134148611 [1]:134148611 [2]:0 [3]:170
[0]:134290311 [1]:134290311 [2]:0 [3]:147
[0]:134428328 [1]:134428328 [2]:0 [3]:498
[0]:134568855 [1]:134568857 [2]:0 [3]:506
[0]:134726854 [1]:134726854 [2]:0 [3]:95
[0]:134860824 [1]:134860826 [2]:0 [3]:122
[0]:135011124 [1]:135011124 [2]:0 [3]:146
[0]:135145913 [1]:135145913 [2]:0 [3]:106
[0]:135314440 [1]:135314440 [2]:0 [3]:531
[0]:135453794 [1]:135453794 [2]:0 [3]:523
[0]:135590155 [1]:135590155 [2]:0 [3]:110
[0]:135739172 [1]:135739173 [2]:0 [3]:510
[0]:135909092 [1]:135909092 [2]:0 [3]:113
[0]:136049470 [1]:136049469 [2]:0 [3]:102
[0]:136202990 [1]:136202990 [2]:0 [3]:79
[0]:136353405 [1]:136353405 [2]:0 [3]:75
[0]:136493450 [1]:136493450 [2]:0 [3]:109
[0]:136627932 [1]:136627932 [2]:0 [3]:109
[0]:136773811 [1]:136773811 [2]:0 [3]:123
[0]:136913095 [1]:136913096 [2]:0 [3]:108
[0]:137057657 [1]:137057657 [2]:0 [3]:505
[0]:137195690 [1]:137195690 [2]:0 [3]:503
[0]:137376878 [1]:137376878 [2]:0 [3]:128
[0]:137519299 [1]:137519299 [2]:0 [3]:114
[0]:137659639 [1]:137659639 [2]:0 [3]:499
[0]:137797885 [1]:137797886 [2]:0 [3]:76
[0]:137938356 [1]:137938356 [2]:0 [3]:80
[0]:138076282 [1]:138076283 [2]:0 [3]:102
[0]:138211996 [1]:138211996 [2]:0 [3]:511
[0]:138352566 [1]:138352566 [2]:0 [3]:105
[0]:138495848 [1]:138495847 [2]:0 [3]:499
[0]:138632860 [1]:138632860 [2]:0 [3]:80
[0]:138769010 [1]:138769011 [2]:0 [3]:68
[0]:138922617 [1]:138922616 [2]:0 [3]:85
[0]:139058345 [1]:139058345 [2]:0 [3]:94
[0]:139206235 [1]:139206235 [2]:0 [3]:514
[0]:139206235 [1]:139206235 [2]:0 [3]:514
[0]:139206235 [1]:139206235 [2]:0 [3]:514
[0]:139206235 [1]:139206235 [2]:0 [3]:514
[0]:139206235 [1]:139206235 [2]:0 [3]:514
[0]:139206235 [1]:139206235 [2]:0 [3]:514
[0]:139206235 [1]:139206235 [2]:0 [3]:514
[0]:139206235 [1]:139206235 [2]:0 [3]:514
[0]:139206235 [1]:139206235 [2]:0 [3]:514
[0]:139206235 [1]:139206235 [2]:0 [3]:514
[0]:139206235 [1]:139206235 [2]:0 [3]:514
[0]:139206235 [1]:139206235 [2]:0 [3]:514
