[0]:107729594 [1]:9322838 [2]:91 [3]:59
[0]:107944711 [1]:9338908 [2]:91 [3]:100
[0]:108168203 [1]:9355097 [2]:91 [3]:367
[0]:108387145 [1]:9371071 [2]:91 [3]:370
[0]:108603955 [1]:9386708 [2]:91 [3]:85
[0]:108813260 [1]:9402471 [2]:91 [3]:381
[0]:109060136 [1]:9420978 [2]:88 [3]:383
[0]:109270591 [1]:9436442 [2]:88 [3]:99
[0]:109479617 [1]:9457790 [2]:88 [3]:367
[0]:109688180 [1]:9481387 [2]:88 [3]:86
[0]:109908518 [1]:9506276 [2]:88 [3]:364
[0]:110121126 [1]:9530032 [2]:88 [3]:77
[0]:110363105 [1]:9556841 [2]:88 [3]:99
[0]:110574479 [1]:9580564 [2]:88 [3]:374
[0]:110784792 [1]:9603877 [2]:88 [3]:90
[0]:110988454 [1]:9626513 [2]:88 [3]:79
[0]:111189369 [1]:9648922 [2]:88 [3]:83
[0]:111404222 [1]:9672646 [2]:88 [3]:370
[0]:111628219 [1]:9697578 [2]:88 [3]:372
[0]:111836122 [1]:9720559 [2]:88 [3]:371
[0]:112048676 [1]:9744067 [2]:88 [3]:82
[0]:112261603 [1]:9767371 [2]:88 [3]:75
[0]:112464262 [1]:9789922 [2]:88 [3]:374
[0]:112683384 [1]:9814442 [2]:88 [3]:368
[0]:112900445 [1]:9838666 [2]:88 [3]:89
[0]:113108179 [1]:9861711 [2]:88 [3]:359
[0]:113318023 [1]:9884936 [2]:88 [3]:365
[0]:113529881 [1]:9908286 [2]:88 [3]:363
[0]:113775810 [1]:9935415 [2]:88 [3]:362
[0]:113980835 [1]:9958254 [2]:88 [3]:95
[0]:114181768 [1]:9988011 [2]:88 [3]:355
[0]:114413789 [1]:10022470 [2]:88 [3]:357
[0]:114665548 [1]:10059933 [2]:88 [3]:371
[0]:114875295 [1]:10091042 [2]:88 [3]:365
[0]:115099833 [1]:10124329 [2]:88 [3]:358
[0]:115316728 [1]:10156462 [2]:88 [3]:79
[0]:115531390 [1]:10188346 [2]:88 [3]:366
[0]:115736381 [1]:10218741 [2]:88 [3]:361
[0]:115942397 [1]:10249267 [2]:88 [3]:78
[0]:116156076 [1]:10280858 [2]:88 [3]:369
[0]:116369117 [1]:10312554 [2]:88 [3]:365
[0]:116597453 [1]:10346387 [2]:88 [3]:367
[0]:116829963 [1]:10380985 [2]:88 [3]:87
[0]:117097932 [1]:10420718 [2]:88 [3]:361
[0]:117302974 [1]:10451200 [2]:88 [3]:369
[0]:117519492 [1]:10483446 [2]:88 [3]:357
[0]:117724490 [1]:10513830 [2]:88 [3]:368
[0]:117980225 [1]:10551786 [2]:88 [3]:361
[0]:118205007 [1]:10585192 [2]:88 [3]:361
[0]:118418009 [1]:10616900 [2]:88 [3]:79
[0]:118639240 [1]:10649711 [2]:88 [3]:370
[0]:118851543 [1]:10681175 [2]:88 [3]:364
[0]:119063425 [1]:10712499 [2]:88 [3]:363
[0]:119265659 [1]:10742458 [2]:88 [3]:360
[0]:119462382 [1]:10771707 [2]:88 [3]:359
[0]:119667269 [1]:10802107 [2]:88 [3]:74
[0]:119871614 [1]:10832418 [2]:88 [3]:363
[0]:120104560 [1]:10866847 [2]:88 [3]:362
[0]:120319437 [1]:10898775 [2]:88 [3]:369
[0]:120522265 [1]:10928823 [2]:88 [3]:372
[0]:120731735 [1]:10959919 [2]:88 [3]:85
[0]:120948180 [1]:10991941 [2]:88 [3]:364
[0]:121172554 [1]:11025261 [2]:88 [3]:362
[0]:121381537 [1]:11056298 [2]:88 [3]:369
[0]:121594504 [1]:11087927 [2]:88 [3]:355
[0]:121797984 [1]:11118247 [2]:88 [3]:359
[0]:122016868 [1]:11150721 [2]:88 [3]:78
[0]:122227671 [1]:11182023 [2]:88 [3]:88
[0]:122430686 [1]:11212239 [2]:88 [3]:365
[0]:122646548 [1]:11244280 [2]:88 [3]:353
[0]:122866217 [1]:11276774 [2]:88 [3]:367
[0]:123072684 [1]:11307326 [2]:88 [3]:84
[0]:123281073 [1]:11338192 [2]:88 [3]:356
