[0]:1018912709 [1]:685886348 [2]:7 [3]:62
[0]:1020164087 [1]:686996247 [2]:7 [3]:12
[0]:1021404437 [1]:688090132 [2]:7 [3]:17
[0]:1022758852 [1]:689292929 [2]:7 [3]:52
[0]:1023998457 [1]:690392085 [2]:7 [3]:15
[0]:1025116224 [1]:691381394 [2]:7 [3]:24
[0]:1026262929 [1]:692401592 [2]:7 [3]:25
[0]:1027415055 [1]:693420574 [2]:7 [3]:58
[0]:1028536329 [1]:694419149 [2]:7 [3]:16
[0]:1029648527 [1]:695401658 [2]:7 [3]:60
[0]:1031132808 [1]:696723629 [2]:7 [3]:21
[0]:1032283557 [1]:697745524 [2]:7 [3]:15
[0]:1033395476 [1]:698728275 [2]:7 [3]:8
[0]:1034504625 [1]:699712638 [2]:7 [3]:13
[0]:1035645920 [1]:700723065 [2]:7 [3]:15
[0]:1036753590 [1]:701710473 [2]:7 [3]:17
[0]:1037857419 [1]:702684496 [2]:7 [3]:12
[0]:1038957981 [1]:703661987 [2]:7 [3]:22
[0]:1040476597 [1]:705006606 [2]:7 [3]:16
[0]:1041906934 [1]:706269704 [2]:7 [3]:16
[0]:1043215732 [1]:707429666 [2]:7 [3]:58
[0]:1044313382 [1]:708401731 [2]:7 [3]:18
[0]:1045440747 [1]:709396144 [2]:7 [3]:57
[0]:1046589121 [1]:710411842 [2]:7 [3]:19
[0]:1047730323 [1]:711427616 [2]:7 [3]:13
[0]:1048824042 [1]:712390573 [2]:7 [3]:53
[0]:1049948349 [1]:713389428 [2]:7 [3]:18
[0]:1051147674 [1]:714452795 [2]:7 [3]:18
[0]:1052283509 [1]:715455614 [2]:7 [3]:17
[0]:1053440343 [1]:716485220 [2]:7 [3]:50
[0]:1054894478 [1]:717771791 [2]:7 [3]:13
[0]:1056028778 [1]:718769809 [2]:7 [3]:18
[0]:1057254314 [1]:719856367 [2]:7 [3]:13
[0]:1058748637 [1]:721181220 [2]:7 [3]:19
[0]:1060093318 [1]:722373630 [2]:7 [3]:18
[0]:1061493125 [1]:723611913 [2]:7 [3]:18
[0]:1063022834 [1]:724967355 [2]:7 [3]:18
[0]:1064303524 [1]:726099202 [2]:7 [3]:19
[0]:1065642443 [1]:727286856 [2]:7 [3]:22
[0]:1067009646 [1]:728492850 [2]:7 [3]:15
[0]:1068232045 [1]:729579073 [2]:7 [3]:16
[0]:1069450820 [1]:730658050 [2]:7 [3]:17
[0]:1070731452 [1]:731787058 [2]:7 [3]:18
[0]:1071944293 [1]:732861058 [2]:7 [3]:15
[0]:1073198903 [1]:733973890 [2]:7 [3]:14
[0]:1074479857 [1]:735102187 [2]:7 [3]:18
[0]:1075711321 [1]:736198167 [2]:7 [3]:20
[0]:1077133299 [1]:737456758 [2]:7 [3]:15
[0]:1078461724 [1]:738634521 [2]:7 [3]:20
[0]:1079662300 [1]:739700294 [2]:7 [3]:19
[0]:1080908817 [1]:740812428 [2]:7 [3]:17
[0]:1082116550 [1]:741885570 [2]:7 [3]:16
[0]:1083351009 [1]:742980293 [2]:7 [3]:19
[0]:1084559716 [1]:744053783 [2]:7 [3]:16
[0]:1085816444 [1]:745166932 [2]:7 [3]:14
[0]:1086900446 [1]:746124204 [2]:7 [3]:53
[0]:1088018095 [1]:747115621 [2]:7 [3]:27
[0]:1089057881 [1]:748039905 [2]:7 [3]:19
[0]:1090150851 [1]:749008613 [2]:7 [3]:53
[0]:1091257422 [1]:749986873 [2]:7 [3]:17
[0]:1092344592 [1]:750951843 [2]:7 [3]:59
[0]:1093698074 [1]:752151556 [2]:7 [3]:57
[0]:1094785177 [1]:753117791 [2]:7 [3]:20
[0]:1095900070 [1]:754100712 [2]:7 [3]:13
[0]:1097036055 [1]:755113105 [2]:7 [3]:14
[0]:1098364228 [1]:756286424 [2]:7 [3]:18
[0]:1099435993 [1]:757235693 [2]:7 [3]:16
[0]:1100541728 [1]:758214087 [2]:7 [3]:8
[0]:1101804208 [1]:759334619 [2]:7 [3]:17
[0]:1103200036 [1]:760572086 [2]:7 [3]:13
[0]:1104469850 [1]:761694762 [2]:7 [3]:18
[0]:1105667020 [1]:762754888 [2]:7 [3]:56
[0]:1106772685 [1]:763732966 [2]:7 [3]:51
[0]:1107843941 [1]:764683609 [2]:7 [3]:14
[0]:1108947099 [1]:765663398 [2]:7 [3]:17
[0]:1110042937 [1]:766631538 [2]:7 [3]:16
[0]:1111373677 [1]:767809738 [2]:7 [3]:10
[0]:1112509598 [1]:768818803 [2]:7 [3]:56
[0]:1113839748 [1]:769997740 [2]:7 [3]:17
