[0]:464933104 [1]:293544248 [2]:7 [3]:19
[0]:466194992 [1]:294659255 [2]:7 [3]:16
[0]:467630663 [1]:295930075 [2]:7 [3]:17
[0]:468945506 [1]:297093744 [2]:7 [3]:18
[0]:470189983 [1]:298195795 [2]:7 [3]:17
[0]:471602281 [1]:299444634 [2]:7 [3]:14
[0]:472963155 [1]:300652710 [2]:7 [3]:17
[0]:474245569 [1]:301786170 [2]:7 [3]:17
[0]:475505159 [1]:302907175 [2]:7 [3]:16
[0]:476737581 [1]:303996162 [2]:7 [3]:21
[0]:477995316 [1]:305115136 [2]:7 [3]:18
[0]:479276173 [1]:306246981 [2]:7 [3]:20
[0]:480533482 [1]:307363225 [2]:7 [3]:17
[0]:481791918 [1]:308469795 [2]:7 [3]:22
[0]:483000838 [1]:309537355 [2]:7 [3]:13
[0]:484236114 [1]:310628118 [2]:7 [3]:14
[0]:485445414 [1]:311698829 [2]:7 [3]:19
[0]:486679671 [1]:312790711 [2]:7 [3]:19
[0]:487912344 [1]:313874948 [2]:7 [3]:19
[0]:489195903 [1]:315016210 [2]:7 [3]:17
[0]:490475035 [1]:316141329 [2]:7 [3]:15
[0]:491736217 [1]:317256830 [2]:7 [3]:14
[0]:493012562 [1]:318386721 [2]:7 [3]:17
[0]:494124013 [1]:319367683 [2]:7 [3]:16
[0]:495245600 [1]:320364754 [2]:7 [3]:58
[0]:496334886 [1]:321320513 [2]:7 [3]:45
[0]:497738732 [1]:322565952 [2]:7 [3]:11
[0]:498802870 [1]:323506423 [2]:7 [3]:59
[0]:499997532 [1]:324560462 [2]:7 [3]:56
[0]:501075736 [1]:325518399 [2]:7 [3]:19
[0]:502156983 [1]:326475889 [2]:7 [3]:18
[0]:503252017 [1]:327445009 [2]:7 [3]:53
[0]:504365747 [1]:328428428 [2]:7 [3]:18
[0]:505737752 [1]:329644099 [2]:7 [3]:65
[0]:506856138 [1]:330637429 [2]:7 [3]:18
[0]:508026797 [1]:331673678 [2]:7 [3]:16
[0]:509491479 [1]:332967222 [2]:7 [3]:11
[0]:510854517 [1]:334169996 [2]:7 [3]:17
[0]:512030564 [1]:335212213 [2]:7 [3]:61
[0]:513167301 [1]:336220538 [2]:7 [3]:18
[0]:514279469 [1]:337200676 [2]:7 [3]:11
[0]:515510891 [1]:338287217 [2]:7 [3]:22
[0]:516655888 [1]:339306781 [2]:7 [3]:15
[0]:517742482 [1]:340262852 [2]:7 [3]:13
[0]:518850127 [1]:341242921 [2]:7 [3]:12
[0]:519962392 [1]:342226436 [2]:7 [3]:44
[0]:521074968 [1]:343212139 [2]:7 [3]:16
[0]:522499564 [1]:344476216 [2]:7 [3]:14
[0]:523573071 [1]:345426884 [2]:7 [3]:16
[0]:524717107 [1]:346447452 [2]:7 [3]:56
[0]:525815506 [1]:347419782 [2]:7 [3]:13
[0]:527329168 [1]:348755750 [2]:7 [3]:18
[0]:528675647 [1]:349949949 [2]:7 [3]:20
[0]:530119033 [1]:351230665 [2]:7 [3]:17
[0]:531452842 [1]:352417261 [2]:7 [3]:52
[0]:532687017 [1]:353504661 [2]:7 [3]:57
[0]:533924587 [1]:354599879 [2]:7 [3]:19
[0]:535205684 [1]:355733436 [2]:7 [3]:12
[0]:536753435 [1]:357103553 [2]:7 [3]:20
[0]:538035014 [1]:358235458 [2]:7 [3]:58
[0]:539340175 [1]:359394502 [2]:7 [3]:47
[0]:540644991 [1]:360551022 [2]:7 [3]:22
[0]:541879500 [1]:361638595 [2]:7 [3]:15
[0]:543161464 [1]:362773372 [2]:7 [3]:19
[0]:544710039 [1]:364147757 [2]:7 [3]:48
[0]:545874005 [1]:365183980 [2]:7 [3]:53
[0]:547079154 [1]:366251556 [2]:7 [3]:18
[0]:548337437 [1]:367360375 [2]:7 [3]:16
[0]:549618951 [1]:368498111 [2]:7 [3]:20
[0]:550888129 [1]:369621392 [2]:7 [3]:19
[0]:552126466 [1]:370723280 [2]:7 [3]:18
[0]:553416830 [1]:371866255 [2]:7 [3]:12
[0]:554646561 [1]:372952084 [2]:7 [3]:56
[0]:555903965 [1]:374070729 [2]:7 [3]:16
[0]:557020198 [1]:375053577 [2]:7 [3]:16
[0]:558158332 [1]:376066032 [2]:7 [3]:25
[0]:559307336 [1]:377086382 [2]:7 [3]:18
[0]:560428107 [1]:378069649 [2]:7 [3]:14
