[0]:649736697 [1]:424431542 [2]:7 [3]:17
[0]:650994149 [1]:425547161 [2]:7 [3]:22
[0]:652203601 [1]:426622481 [2]:7 [3]:16
[0]:653470469 [1]:427740957 [2]:7 [3]:20
[0]:654708985 [1]:428838157 [2]:7 [3]:52
[0]:655931741 [1]:429922449 [2]:7 [3]:16
[0]:657163350 [1]:431013618 [2]:7 [3]:18
[0]:658419752 [1]:432121178 [2]:7 [3]:17
[0]:659656784 [1]:433220426 [2]:7 [3]:18
[0]:660940066 [1]:434352482 [2]:7 [3]:52
[0]:662148839 [1]:435422175 [2]:7 [3]:15
[0]:663358032 [1]:436492098 [2]:7 [3]:22
[0]:664691025 [1]:437673085 [2]:7 [3]:9
[0]:665908526 [1]:438749347 [2]:7 [3]:18
[0]:667112954 [1]:439815952 [2]:7 [3]:16
[0]:668327098 [1]:440896457 [2]:7 [3]:54
[0]:669603679 [1]:442021228 [2]:7 [3]:14
[0]:670832891 [1]:443112663 [2]:7 [3]:18
[0]:671985992 [1]:444131958 [2]:7 [3]:20
[0]:673116139 [1]:445139897 [2]:7 [3]:19
[0]:674255395 [1]:446147137 [2]:7 [3]:53
[0]:675386572 [1]:447147731 [2]:7 [3]:19
[0]:676502713 [1]:448134638 [2]:7 [3]:17
[0]:677600797 [1]:449109534 [2]:7 [3]:15
[0]:678690100 [1]:450071252 [2]:7 [3]:19
[0]:679780794 [1]:451041276 [2]:7 [3]:57
[0]:680891501 [1]:452030678 [2]:7 [3]:20
[0]:681979061 [1]:452993304 [2]:7 [3]:17
[0]:683131856 [1]:454022131 [2]:7 [3]:22
[0]:684276419 [1]:455035606 [2]:7 [3]:22
[0]:685415613 [1]:456037161 [2]:7 [3]:54
[0]:686982530 [1]:457432191 [2]:7 [3]:19
[0]:688288860 [1]:458589614 [2]:7 [3]:17
[0]:689379406 [1]:459556019 [2]:7 [3]:21
[0]:690517954 [1]:460560292 [2]:7 [3]:21
[0]:691651934 [1]:461561736 [2]:7 [3]:18
[0]:692783044 [1]:462568699 [2]:7 [3]:19
[0]:693927622 [1]:463581674 [2]:7 [3]:60
[0]:695035027 [1]:464567168 [2]:7 [3]:13
[0]:696153981 [1]:465557293 [2]:7 [3]:20
[0]:697284516 [1]:466562241 [2]:7 [3]:14
[0]:698356238 [1]:467505448 [2]:7 [3]:15
[0]:699465296 [1]:468491237 [2]:7 [3]:17
[0]:700529258 [1]:469435823 [2]:7 [3]:12
[0]:701643433 [1]:470419582 [2]:7 [3]:19
[0]:702897306 [1]:471532301 [2]:7 [3]:58
[0]:704324172 [1]:472800089 [2]:7 [3]:17
[0]:705721460 [1]:474038726 [2]:7 [3]:17
[0]:707113401 [1]:475272324 [2]:7 [3]:17
[0]:708464557 [1]:476471267 [2]:7 [3]:18
[0]:709677397 [1]:477548721 [2]:7 [3]:19
[0]:710980629 [1]:478702539 [2]:7 [3]:18
[0]:712256152 [1]:479831287 [2]:7 [3]:19
[0]:713510229 [1]:480945434 [2]:7 [3]:16
[0]:714777620 [1]:482070342 [2]:7 [3]:16
[0]:715988311 [1]:483138718 [2]:7 [3]:11
[0]:717199343 [1]:484211955 [2]:7 [3]:13
[0]:718358807 [1]:485248063 [2]:7 [3]:18
[0]:719593969 [1]:486347602 [2]:7 [3]:53
[0]:720875848 [1]:487481594 [2]:7 [3]:20
[0]:722060430 [1]:488528831 [2]:7 [3]:19
[0]:723342072 [1]:489667525 [2]:7 [3]:17
[0]:724696248 [1]:490865875 [2]:7 [3]:54
[0]:725954145 [1]:491977226 [2]:7 [3]:19
[0]:727284405 [1]:493159580 [2]:7 [3]:54
[0]:728567132 [1]:494297368 [2]:7 [3]:60
[0]:730215417 [1]:495753043 [2]:7 [3]:15
[0]:731371343 [1]:496776383 [2]:7 [3]:21
[0]:732532988 [1]:497802888 [2]:7 [3]:17
[0]:733691226 [1]:498831502 [2]:7 [3]:16
[0]:734776944 [1]:499785799 [2]:7 [3]:22
[0]:736036633 [1]:500911081 [2]:7 [3]:16
[0]:737154366 [1]:501903573 [2]:7 [3]:62
[0]:738309282 [1]:502927390 [2]:7 [3]:11
[0]:739492256 [1]:503974045 [2]:7 [3]:47
[0]:740582904 [1]:504939360 [2]:7 [3]:16
[0]:741718762 [1]:505948530 [2]:7 [3]:15
[0]:742831889 [1]:506932571 [2]:7 [3]:17
[0]:743933500 [1]:507911504 [2]:7 [3]:16
[0]:745036119 [1]:508878566 [2]:7 [3]:15
