[0]:81401458 [1]:7180680 [2]:97 [3]:360
[0]:81599184 [1]:7214830 [2]:97 [3]:367
[0]:81797100 [1]:7248966 [2]:97 [3]:61
[0]:81995077 [1]:7283061 [2]:97 [3]:372
[0]:82234330 [1]:7324063 [2]:97 [3]:359
[0]:82436024 [1]:7358616 [2]:97 [3]:362
[0]:82638117 [1]:7393291 [2]:97 [3]:367
[0]:82837870 [1]:7427716 [2]:97 [3]:359
[0]:83037789 [1]:7461937 [2]:97 [3]:370
[0]:83243315 [1]:7497212 [2]:97 [3]:71
[0]:83443168 [1]:7531537 [2]:97 [3]:364
[0]:83635385 [1]:7564559 [2]:97 [3]:363
[0]:83841074 [1]:7600028 [2]:97 [3]:363
[0]:84035292 [1]:7633247 [2]:97 [3]:367
[0]:84226208 [1]:7665971 [2]:97 [3]:361
[0]:84419196 [1]:7699174 [2]:97 [3]:63
[0]:84614724 [1]:7732709 [2]:97 [3]:61
[0]:84816487 [1]:7767393 [2]:97 [3]:360
[0]:85011015 [1]:7800794 [2]:97 [3]:62
[0]:85216271 [1]:7836147 [2]:97 [3]:356
[0]:85416109 [1]:7870488 [2]:97 [3]:360
[0]:85612354 [1]:7904211 [2]:97 [3]:364
[0]:85812456 [1]:7938681 [2]:97 [3]:366
[0]:86008234 [1]:7972272 [2]:97 [3]:70
[0]:86200488 [1]:8005405 [2]:97 [3]:346
[0]:86393099 [1]:8038626 [2]:97 [3]:357
[0]:86611812 [1]:8076318 [2]:97 [3]:68
[0]:86796466 [1]:8108221 [2]:97 [3]:363
[0]:87001706 [1]:8143670 [2]:97 [3]:57
[0]:87188683 [1]:8175842 [2]:97 [3]:361
[0]:87400467 [1]:8212232 [2]:97 [3]:365
[0]:87595031 [1]:8245660 [2]:97 [3]:67
[0]:87782649 [1]:8278031 [2]:97 [3]:366
[0]:87972627 [1]:8310859 [2]:97 [3]:73
[0]:88170966 [1]:8344968 [2]:97 [3]:362
[0]:88376129 [1]:8380244 [2]:97 [3]:57
[0]:88644627 [1]:8426454 [2]:97 [3]:363
[0]:88843539 [1]:8460606 [2]:97 [3]:362
[0]:89037662 [1]:8494075 [2]:97 [3]:363
[0]:89232034 [1]:8527440 [2]:97 [3]:58
[0]:89433951 [1]:8562188 [2]:97 [3]:366
[0]:89631618 [1]:8596158 [2]:97 [3]:372
[0]:89825770 [1]:8629657 [2]:97 [3]:357
[0]:90019894 [1]:8663228 [2]:97 [3]:64
[0]:90214706 [1]:8696907 [2]:97 [3]:363
[0]:90423339 [1]:8732969 [2]:97 [3]:359
[0]:90641514 [1]:8770469 [2]:97 [3]:72
[0]:90834312 [1]:8803609 [2]:97 [3]:365
[0]:91047376 [1]:8840317 [2]:97 [3]:64
[0]:91249023 [1]:8874834 [2]:97 [3]:57
[0]:91446483 [1]:8908764 [2]:97 [3]:365
[0]:91659995 [1]:8945549 [2]:97 [3]:59
[0]:91859512 [1]:8979951 [2]:97 [3]:357
[0]:92040910 [1]:9011093 [2]:97 [3]:361
[0]:92246573 [1]:9046404 [2]:97 [3]:61
[0]:92444453 [1]:9080377 [2]:97 [3]:59
[0]:92672571 [1]:9119776 [2]:97 [3]:357
[0]:92866664 [1]:9153229 [2]:97 [3]:357
[0]:93064655 [1]:9187247 [2]:97 [3]:361
[0]:93258761 [1]:9220685 [2]:97 [3]:64
[0]:93458818 [1]:9254957 [2]:97 [3]:52
[0]:93706073 [1]:9297462 [2]:97 [3]:363
[0]:93893200 [1]:9329692 [2]:97 [3]:367
[0]:94121722 [1]:9369089 [2]:97 [3]:63
[0]:94389292 [1]:9415194 [2]:97 [3]:352
[0]:94585034 [1]:9448779 [2]:97 [3]:70
[0]:94797458 [1]:9485340 [2]:97 [3]:58
[0]:95003681 [1]:9520933 [2]:97 [3]:65
[0]:95278058 [1]:9568074 [2]:97 [3]:367
[0]:95466914 [1]:9600510 [2]:97 [3]:54
[0]:95661160 [1]:9633905 [2]:97 [3]:77
[0]:95854842 [1]:9667310 [2]:97 [3]:66
[0]:96059106 [1]:9702443 [2]:97 [3]:357
[0]:96276370 [1]:9739647 [2]:97 [3]:64
[0]:96490360 [1]:9776332 [2]:97 [3]:365
[0]:96684990 [1]:9809704 [2]:97 [3]:357
[0]:96874483 [1]:9842421 [2]:97 [3]:363
[0]:97066012 [1]:9875465 [2]:97 [3]:57
[0]:97258810 [1]:9908596 [2]:97 [3]:370
[0]:97450991 [1]:9941628 [2]:97 [3]:73
[0]:97644774 [1]:9974985 [2]:97 [3]:363
[0]:97835710 [1]:10008016 [2]:97 [3]:65
[0]:98033336 [1]:10042026 [2]:97 [3]:361
[0]:98227584 [1]:10075589 [2]:97 [3]:358
[0]:98424715 [1]:10109498 [2]:97 [3]:71
[0]:98624159 [1]:10143610 [2]:97 [3]:362
[0]:98825581 [1]:10178156 [2]:97 [3]:54
[0]:99023570 [1]:10212195 [2]:97 [3]:361
[0]:99214220 [1]:10245053 [2]:97 [3]:63
[0]:99404645 [1]:10277626 [2]:97 [3]:347
[0]:99603114 [1]:10311823 [2]:97 [3]:57
[0]:99798754 [1]:10345473 [2]:97 [3]:355
[0]:99991116 [1]:10378494 [2]:97 [3]:55
[0]:100181622 [1]:10411244 [2]:97 [3]:361
[0]:100379983 [1]:10445255 [2]:97 [3]:368
[0]:100581587 [1]:10479917 [2]:97 [3]:365
[0]:100779855 [1]:10513830 [2]:97 [3]:365
[0]:100970445 [1]:10546639 [2]:97 [3]:365
[0]:101171868 [1]:10581428 [2]:97 [3]:363
[0]:101358855 [1]:10613558 [2]:97 [3]:360
[0]:101552955 [1]:10646865 [2]:97 [3]:65
[0]:101755015 [1]:10681487 [2]:97 [3]:362
[0]:101955826 [1]:10716051 [2]:97 [3]:377
[0]:102150987 [1]:10749570 [2]:97 [3]:366
[0]:102342863 [1]:10782599 [2]:97 [3]:362
[0]:102535669 [1]:10815732 [2]:97 [3]:58
[0]:102730039 [1]:10848961 [2]:97 [3]:56
[0]:102928074 [1]:10883050 [2]:97 [3]:73
[0]:103126363 [1]:10917065 [2]:97 [3]:362
[0]:103319037 [1]:10950246 [2]:97 [3]:362
[0]:103516748 [1]:10984219 [2]:97 [3]:61
[0]:103712609 [1]:11017849 [2]:97 [3]:72
[0]:103910796 [1]:11052004 [2]:97 [3]:62
[0]:104108801 [1]:11086028 [2]:97 [3]:51
[0]:104295484 [1]:11118141 [2]:97 [3]:361
[0]:104530544 [1]:11158414 [2]:97 [3]:60
[0]:104747853 [1]:11195843 [2]:97 [3]:358
[0]:104938599 [1]:11228689 [2]:97 [3]:367
[0]:105166335 [1]:11267733 [2]:97 [3]:360
[0]:105363269 [1]:11301468 [2]:97 [3]:56
[0]:105573259 [1]:11337614 [2]:97 [3]:365
[0]:105775533 [1]:11372362 [2]:97 [3]:66
[0]:105973697 [1]:11406548 [2]:97 [3]:79
[0]:106171212 [1]:11440654 [2]:97 [3]:364
[0]:106393099 [1]:11478760 [2]:97 [3]:375
[0]:106582405 [1]:11511222 [2]:97 [3]:359
[0]:106776584 [1]:11544511 [2]:97 [3]:81
[0]:106980270 [1]:11579494 [2]:97 [3]:65
[0]:107188597 [1]:11615459 [2]:97 [3]:348
[0]:107393176 [1]:11650511 [2]:97 [3]:364
[0]:107583709 [1]:11683281 [2]:97 [3]:370
[0]:107824296 [1]:11724632 [2]:97 [3]:58
[0]:108017134 [1]:11757722 [2]:97 [3]:63
[0]:108218843 [1]:11792315 [2]:97 [3]:348
[0]:108438807 [1]:11830252 [2]:97 [3]:353
[0]:108642910 [1]:11865324 [2]:97 [3]:361
[0]:108840535 [1]:11899527 [2]:97 [3]:81
[0]:109040512 [1]:11933928 [2]:97 [3]:363
[0]:109231222 [1]:11966658 [2]:97 [3]:58
[0]:109425426 [1]:12000100 [2]:97 [3]:359
[0]:109625488 [1]:12034611 [2]:97 [3]:55
[0]:109813448 [1]:12067010 [2]:97 [3]:352
[0]:110003043 [1]:12099557 [2]:97 [3]:359
[0]:110198343 [1]:12133281 [2]:97 [3]:372
[0]:110393451 [1]:12166894 [2]:97 [3]:63
[0]:110587866 [1]:12200423 [2]:97 [3]:365
[0]:110792592 [1]:12235690 [2]:97 [3]:362
[0]:110986536 [1]:12269105 [2]:97 [3]:359
[0]:111184847 [1]:12303203 [2]:97 [3]:75
[0]:111375000 [1]:12336000 [2]:97 [3]:361
[0]:111572086 [1]:12369869 [2]:97 [3]:81
[0]:111782089 [1]:12406111 [2]:97 [3]:360
[0]:111976777 [1]:12439553 [2]:97 [3]:368
[0]:112171000 [1]:12472950 [2]:97 [3]:55
[0]:112417688 [1]:12515402 [2]:97 [3]:78
[0]:112603364 [1]:12547349 [2]:97 [3]:72
[0]:112798423 [1]:12580960 [2]:97 [3]:354
[0]:112992873 [1]:12614383 [2]:97 [3]:360
[0]:113186203 [1]:12647657 [2]:97 [3]:61
[0]:113400870 [1]:12684629 [2]:97 [3]:356
[0]:113597959 [1]:12718532 [2]:97 [3]:360
[0]:113790968 [1]:12751792 [2]:97 [3]:364
[0]:114037247 [1]:12793971 [2]:97 [3]:367
[0]:114267783 [1]:12833545 [2]:97 [3]:365
[0]:114453431 [1]:12865348 [2]:97 [3]:64
[0]:114650449 [1]:12899419 [2]:97 [3]:361
[0]:114844904 [1]:12932781 [2]:97 [3]:76
[0]:115031887 [1]:12964983 [2]:97 [3]:46
[0]:115223484 [1]:12997842 [2]:97 [3]:55
[0]:115421699 [1]:13031784 [2]:97 [3]:59
[0]:115618840 [1]:13065672 [2]:97 [3]:49
[0]:115813175 [1]:13098970 [2]:97 [3]:354
[0]:116006791 [1]:13132269 [2]:97 [3]:361
[0]:116216751 [1]:13168580 [2]:97 [3]:58
[0]:116407666 [1]:13201433 [2]:97 [3]:64
[0]:116605727 [1]:13235578 [2]:97 [3]:59
[0]:116799904 [1]:13268914 [2]:97 [3]:355
[0]:117001448 [1]:13303573 [2]:97 [3]:369
[0]:117200000 [1]:13337713 [2]:97 [3]:361
[0]:117386821 [1]:13369829 [2]:97 [3]:360
[0]:117588299 [1]:13404581 [2]:97 [3]:352
[0]:117787854 [1]:13438780 [2]:97 [3]:362
[0]:117987402 [1]:13473172 [2]:97 [3]:63
[0]:118182438 [1]:13506733 [2]:97 [3]:62
[0]:118380380 [1]:13540710 [2]:97 [3]:68
[0]:118570425 [1]:13573321 [2]:97 [3]:363
[0]:118779199 [1]:13609193 [2]:97 [3]:71
[0]:119048390 [1]:13655509 [2]:97 [3]:350
[0]:119258441 [1]:13691476 [2]:97 [3]:71
[0]:119507187 [1]:13734085 [2]:97 [3]:363
[0]:119729335 [1]:13772432 [2]:97 [3]:58
[0]:119995585 [1]:13818209 [2]:97 [3]:360
[0]:120200160 [1]:13853310 [2]:97 [3]:63
[0]:120400624 [1]:13887761 [2]:97 [3]:77
