[0]:172992148 [1]:21171621 [2]:90 [3]:365
[0]:173185654 [1]:21204893 [2]:90 [3]:60
[0]:173380810 [1]:21238476 [2]:90 [3]:363
[0]:173571052 [1]:21271205 [2]:90 [3]:62
[0]:173765575 [1]:21304509 [2]:90 [3]:363
[0]:173959908 [1]:21337914 [2]:90 [3]:56
[0]:174157913 [1]:21372008 [2]:90 [3]:362
[0]:174363299 [1]:21407395 [2]:90 [3]:361
[0]:174551055 [1]:21439691 [2]:90 [3]:59
[0]:174748203 [1]:21473551 [2]:90 [3]:59
[0]:174944515 [1]:21507329 [2]:90 [3]:363
[0]:175140336 [1]:21541065 [2]:90 [3]:367
[0]:175334533 [1]:21574612 [2]:90 [3]:360
[0]:175558589 [1]:21613314 [2]:90 [3]:52
[0]:175756286 [1]:21647520 [2]:90 [3]:349
[0]:175971915 [1]:21684687 [2]:90 [3]:358
[0]:176200501 [1]:21724170 [2]:90 [3]:355
[0]:176391026 [1]:21757158 [2]:90 [3]:365
[0]:176592774 [1]:21791719 [2]:90 [3]:355
[0]:176798514 [1]:21827081 [2]:90 [3]:360
[0]:176996467 [1]:21861114 [2]:90 [3]:367
[0]:177190727 [1]:21894471 [2]:90 [3]:362
[0]:177402569 [1]:21930863 [2]:90 [3]:362
[0]:177645453 [1]:21972664 [2]:90 [3]:368
[0]:177840798 [1]:22006202 [2]:90 [3]:64
[0]:178035179 [1]:22039612 [2]:90 [3]:72
[0]:178225965 [1]:22072222 [2]:90 [3]:365
[0]:178422311 [1]:22105835 [2]:90 [3]:353
[0]:178614788 [1]:22138899 [2]:90 [3]:70
[0]:178802616 [1]:22171188 [2]:90 [3]:74
[0]:179049427 [1]:22213657 [2]:90 [3]:63
[0]:179245844 [1]:22247490 [2]:90 [3]:61
[0]:179437538 [1]:22280343 [2]:90 [3]:69
[0]:179627119 [1]:22312993 [2]:90 [3]:78
[0]:179854961 [1]:22352189 [2]:90 [3]:364
[0]:180051037 [1]:22386028 [2]:90 [3]:353
[0]:180260867 [1]:22422001 [2]:90 [3]:62
[0]:180452496 [1]:22454937 [2]:90 [3]:66
[0]:180641802 [1]:22487533 [2]:90 [3]:359
[0]:180837604 [1]:22521124 [2]:90 [3]:69
[0]:181025539 [1]:22553505 [2]:90 [3]:60
[0]:181213071 [1]:22585763 [2]:90 [3]:357
[0]:181399630 [1]:22618099 [2]:90 [3]:66
[0]:181603273 [1]:22653130 [2]:90 [3]:360
[0]:181804912 [1]:22687821 [2]:90 [3]:371
[0]:182010455 [1]:22723232 [2]:90 [3]:361
[0]:182208464 [1]:22757330 [2]:90 [3]:363
[0]:182401424 [1]:22790553 [2]:90 [3]:355
[0]:182600673 [1]:22824792 [2]:90 [3]:63
[0]:182796371 [1]:22858461 [2]:90 [3]:367
[0]:182993878 [1]:22892319 [2]:90 [3]:363
[0]:183185581 [1]:22925076 [2]:90 [3]:61
[0]:183381686 [1]:22958769 [2]:90 [3]:347
[0]:183587120 [1]:22994198 [2]:90 [3]:367
[0]:183785046 [1]:23028323 [2]:90 [3]:56
[0]:183992695 [1]:23064015 [2]:90 [3]:368
[0]:184173572 [1]:23095101 [2]:90 [3]:353
[0]:184369802 [1]:23128921 [2]:90 [3]:361
[0]:184569558 [1]:23163229 [2]:90 [3]:369
[0]:184774925 [1]:23198445 [2]:90 [3]:360
[0]:184982794 [1]:23234205 [2]:90 [3]:363
[0]:185167341 [1]:23266120 [2]:90 [3]:74
[0]:185372910 [1]:23301504 [2]:90 [3]:68
[0]:185566369 [1]:23334657 [2]:90 [3]:367
[0]:185812215 [1]:23376949 [2]:90 [3]:65
[0]:186004343 [1]:23410022 [2]:90 [3]:54
[0]:186204149 [1]:23444328 [2]:90 [3]:66
[0]:186411682 [1]:23479956 [2]:90 [3]:355
[0]:186609788 [1]:23513878 [2]:90 [3]:69
[0]:186826443 [1]:23551141 [2]:90 [3]:61
[0]:187054324 [1]:23590415 [2]:90 [3]:365
[0]:187240421 [1]:23622465 [2]:90 [3]:72
[0]:187439045 [1]:23656677 [2]:90 [3]:363
[0]:187668551 [1]:23696227 [2]:90 [3]:361
[0]:187883810 [1]:23733134 [2]:90 [3]:67
[0]:188081391 [1]:23767395 [2]:90 [3]:69
[0]:188271879 [1]:23800155 [2]:90 [3]:358
[0]:188518300 [1]:23842756 [2]:90 [3]:62
[0]:188709009 [1]:23875553 [2]:90 [3]:355
[0]:188906239 [1]:23909494 [2]:90 [3]:66
[0]:189116168 [1]:23945625 [2]:90 [3]:359
[0]:189302890 [1]:23977748 [2]:90 [3]:65
[0]:189508524 [1]:24013037 [2]:90 [3]:58
[0]:189706413 [1]:24047153 [2]:90 [3]:66
[0]:189927146 [1]:24085201 [2]:90 [3]:366
[0]:190118969 [1]:24118217 [2]:90 [3]:361
[0]:190345187 [1]:24157213 [2]:90 [3]:54
[0]:190544792 [1]:24191510 [2]:90 [3]:373
[0]:190744797 [1]:24225853 [2]:90 [3]:68
[0]:190928532 [1]:24257619 [2]:90 [3]:368
[0]:191121952 [1]:24291035 [2]:90 [3]:67
[0]:191320210 [1]:24324987 [2]:90 [3]:364
[0]:191521984 [1]:24359568 [2]:90 [3]:83
[0]:191740675 [1]:24397187 [2]:90 [3]:361
[0]:191953829 [1]:24433824 [2]:90 [3]:365
[0]:192201611 [1]:24476448 [2]:90 [3]:81
[0]:192403706 [1]:24511222 [2]:90 [3]:372
[0]:192592239 [1]:24543748 [2]:90 [3]:353
[0]:192788296 [1]:24577456 [2]:90 [3]:364
[0]:192975445 [1]:24609585 [2]:90 [3]:366
[0]:193172200 [1]:24643445 [2]:90 [3]:84
[0]:193404885 [1]:24683517 [2]:90 [3]:352
[0]:193595532 [1]:24716283 [2]:90 [3]:55
[0]:193794844 [1]:24750505 [2]:90 [3]:74
[0]:193991634 [1]:24784469 [2]:90 [3]:367
[0]:194189168 [1]:24818568 [2]:90 [3]:362
[0]:194398685 [1]:24854575 [2]:90 [3]:364
[0]:194611712 [1]:24891137 [2]:90 [3]:362
[0]:194805975 [1]:24924566 [2]:90 [3]:356
[0]:195037790 [1]:24964574 [2]:90 [3]:369
[0]:195231753 [1]:24997850 [2]:90 [3]:366
[0]:195424594 [1]:25031033 [2]:90 [3]:84
[0]:195620384 [1]:25064554 [2]:90 [3]:55
[0]:195825687 [1]:25099921 [2]:90 [3]:64
[0]:196068126 [1]:25141653 [2]:90 [3]:58
[0]:196258124 [1]:25174294 [2]:90 [3]:359
[0]:196457565 [1]:25208868 [2]:90 [3]:362
[0]:196666121 [1]:25244891 [2]:90 [3]:364
[0]:196863877 [1]:25279127 [2]:90 [3]:370
[0]:197061550 [1]:25313144 [2]:90 [3]:349
[0]:197257449 [1]:25346853 [2]:90 [3]:361
[0]:197450092 [1]:25379926 [2]:90 [3]:60
[0]:197644809 [1]:25413379 [2]:90 [3]:56
[0]:197838214 [1]:25446557 [2]:90 [3]:367
[0]:198040740 [1]:25481456 [2]:90 [3]:365
[0]:198232442 [1]:25514410 [2]:90 [3]:361
[0]:198433266 [1]:25548887 [2]:90 [3]:366
[0]:198642326 [1]:25584792 [2]:90 [3]:63
[0]:198847822 [1]:25620006 [2]:90 [3]:65
[0]:199048458 [1]:25654516 [2]:90 [3]:76
[0]:199249723 [1]:25689236 [2]:90 [3]:360
[0]:199441615 [1]:25722439 [2]:90 [3]:59
[0]:199641271 [1]:25756783 [2]:90 [3]:61
[0]:199830164 [1]:25789291 [2]:90 [3]:61
[0]:200034102 [1]:25824235 [2]:90 [3]:57
[0]:200238057 [1]:25859322 [2]:90 [3]:73
[0]:200431815 [1]:25892650 [2]:90 [3]:61
[0]:200625561 [1]:25925921 [2]:90 [3]:366
[0]:200823942 [1]:25960268 [2]:90 [3]:66
[0]:201089148 [1]:26006074 [2]:90 [3]:56
[0]:201279678 [1]:26038799 [2]:90 [3]:55
[0]:201304027 [1]:26042996 [2]:90 [3]:364
[0]:201304027 [1]:26042996 [2]:90 [3]:364
[0]:201304027 [1]:26042996 [2]:90 [3]:364
[0]:201304027 [1]:26042996 [2]:90 [3]:364
[0]:201304027 [1]:26042996 [2]:90 [3]:364
[0]:201304027 [1]:26042996 [2]:90 [3]:364
[0]:201304027 [1]:26042996 [2]:90 [3]:364
[0]:201304027 [1]:26042996 [2]:90 [3]:364
[0]:201304027 [1]:26042996 [2]:90 [3]:364
[0]:201304027 [1]:26042996 [2]:90 [3]:364
[0]:201304027 [1]:26042996 [2]:90 [3]:364
[0]:201304027 [1]:26042996 [2]:90 [3]:364
