[0]:3981246245 [1]:1 [2]:2 [3]:2
[0]:3772650241 [1]:1 [2]:2 [3]:3
[0]:3552635015 [1]:1 [2]:2 [3]:3
[0]:3369449786 [1]:1 [2]:2 [3]:3
[0]:4186767647 [1]:1 [2]:2 [3]:3
[0]:3988396223 [1]:1 [2]:2 [3]:3
[0]:3760501383 [1]:1 [2]:2 [3]:2
[0]:3530127011 [1]:1 [2]:2 [3]:3
[0]:4268564027 [1]:1 [2]:2 [3]:3
[0]:4076666558 [1]:1 [2]:2 [3]:3
[0]:3868471902 [1]:1 [2]:2 [3]:3
[0]:3680696357 [1]:1 [2]:2 [3]:5
[0]:3488493397 [1]:1 [2]:2 [3]:3
[0]:3300496458 [1]:1 [2]:2 [3]:2
[0]:4116482268 [1]:1 [2]:2 [3]:3
[0]:3925791171 [1]:1 [2]:2 [3]:3
[0]:3744493811 [1]:1 [2]:2 [3]:3
[0]:3542270091 [1]:1 [2]:2 [3]:2
[0]:3352736667 [1]:1 [2]:2 [3]:2
[0]:4152676797 [1]:1 [2]:2 [3]:4
[0]:3966698751 [1]:1 [2]:2 [3]:3
[0]:3780680871 [1]:1 [2]:2 [3]:3
[0]:3585241992 [1]:1 [2]:2 [3]:3
[0]:3341198797 [1]:1 [2]:2 [3]:3
[0]:4101182103 [1]:1 [2]:2 [3]:3
[0]:3856715347 [1]:1 [2]:2 [3]:3
[0]:3622434528 [1]:1 [2]:2 [3]:3
[0]:3396476493 [1]:1 [2]:2 [3]:3
[0]:4188403308 [1]:1 [2]:2 [3]:3
[0]:3980693532 [1]:1 [2]:2 [3]:3
[0]:3772451865 [1]:1 [2]:2 [3]:3
[0]:3556355752 [1]:1 [2]:2 [3]:2
[0]:3348486807 [1]:1 [2]:2 [3]:3
[0]:4144513935 [1]:1 [2]:2 [3]:3
[0]:3932477611 [1]:1 [2]:2 [3]:2
[0]:3721474968 [1]:1 [2]:2 [3]:2
[0]:3511942225 [1]:1 [2]:2 [3]:3
[0]:3308708120 [1]:1 [2]:2 [3]:3
[0]:4104773725 [1]:1 [2]:2 [3]:3
[0]:3867903763 [1]:1 [2]:2 [3]:3
[0]:3672726586 [1]:1 [2]:2 [3]:4
[0]:3484714257 [1]:1 [2]:2 [3]:4
[0]:4248835716 [1]:1 [2]:2 [3]:3
[0]:4064470660 [1]:1 [2]:2 [3]:3
[0]:3880662140 [1]:1 [2]:2 [3]:3
[0]:3688641341 [1]:1 [2]:2 [3]:3
[0]:3492484062 [1]:1 [2]:2 [3]:3
[0]:3301328603 [1]:1 [2]:2 [3]:3
[0]:4120915160 [1]:1 [2]:2 [3]:3
[0]:3928726421 [1]:1 [2]:2 [3]:3
[0]:3736539793 [1]:1 [2]:2 [3]:2
[0]:3544588178 [1]:1 [2]:2 [3]:3
[0]:3359223093 [1]:1 [2]:2 [3]:3
[0]:4172730676 [1]:1 [2]:2 [3]:3
[0]:3945323158 [1]:1 [2]:2 [3]:3
[0]:3753102922 [1]:1 [2]:2 [3]:3
[0]:3487176131 [1]:1 [2]:2 [3]:3
[0]:4248924692 [1]:1 [2]:2 [3]:3
[0]:4053354900 [1]:1 [2]:2 [3]:2
[0]:3873021316 [1]:1 [2]:2 [3]:3
[0]:3676572383 [1]:1 [2]:2 [3]:3
[0]:3486124790 [1]:1 [2]:2 [3]:2
[0]:3301685783 [1]:1 [2]:2 [3]:3
[0]:4108767537 [1]:1 [2]:2 [3]:3
[0]:3912560012 [1]:1 [2]:2 [3]:3
[0]:3719688146 [1]:1 [2]:2 [3]:3
[0]:3524517685 [1]:1 [2]:2 [3]:3
[0]:3332494186 [1]:1 [2]:2 [3]:3
[0]:4144748070 [1]:1 [2]:2 [3]:2
[0]:3954166422 [1]:1 [2]:2 [3]:3
[0]:3769607571 [1]:1 [2]:2 [3]:3
[0]:3566669490 [1]:1 [2]:2 [3]:3
[0]:3380755172 [1]:1 [2]:2 [3]:3
[0]:4176395612 [1]:1 [2]:2 [3]:3
[0]:3950513011 [1]:1 [2]:2 [3]:3
[0]:3697135497 [1]:1 [2]:2 [3]:3
[0]:3401916178 [1]:1 [2]:2 [3]:2
[0]:4176587090 [1]:1 [2]:2 [3]:3
[0]:3921505932 [1]:1 [2]:2 [3]:3
[0]:3712589762 [1]:1 [2]:2 [3]:3
[0]:3504775151 [1]:1 [2]:2 [3]:3
[0]:3300523503 [1]:1 [2]:2 [3]:3
[0]:4088889457 [1]:1 [2]:2 [3]:2
[0]:3876547188 [1]:1 [2]:2 [3]:3
[0]:3660683232 [1]:1 [2]:2 [3]:3
[0]:3440521491 [1]:1 [2]:2 [3]:3
[0]:4232440401 [1]:1 [2]:2 [3]:3
[0]:4028594686 [1]:1 [2]:2 [3]:3
[0]:3804745127 [1]:1 [2]:2 [3]:3
[0]:3596548626 [1]:1 [2]:2 [3]:3
[0]:3360833663 [1]:1 [2]:2 [3]:3
[0]:4172816198 [1]:1 [2]:2 [3]:3
[0]:3976794693 [1]:1 [2]:2 [3]:3
[0]:3789915103 [1]:1 [2]:2 [3]:3
[0]:3604893310 [1]:1 [2]:2 [3]:3
[0]:3421079241 [1]:1 [2]:2 [3]:3
[0]:4236560756 [1]:1 [2]:2 [3]:3
[0]:4052843618 [1]:1 [2]:2 [3]:3
[0]:3860626655 [1]:1 [2]:2 [3]:3
[0]:3664616737 [1]:1 [2]:2 [3]:2
[0]:3437324098 [1]:1 [2]:2 [3]:2
[0]:4248588960 [1]:1 [2]:2 [3]:3
[0]:4032636040 [1]:1 [2]:2 [3]:3
[0]:3836745243 [1]:1 [2]:2 [3]:3
[0]:3616580522 [1]:1 [2]:2 [3]:3
[0]:3413283571 [1]:1 [2]:2 [3]:3
[0]:4188580496 [1]:1 [2]:2 [3]:2
[0]:3973016632 [1]:1 [2]:2 [3]:3
[0]:3708961113 [1]:1 [2]:2 [3]:3
[0]:3516678866 [1]:1 [2]:2 [3]:3
[0]:3324817322 [1]:1 [2]:2 [3]:3
[0]:4132697765 [1]:1 [2]:2 [3]:3
[0]:3942083965 [1]:1 [2]:2 [3]:3
[0]:3749883783 [1]:1 [2]:2 [3]:3
[0]:3568742073 [1]:1 [2]:2 [3]:3
[0]:3384062140 [1]:1 [2]:2 [3]:3
[0]:4156611307 [1]:1 [2]:2 [3]:3
[0]:3970673588 [1]:1 [2]:2 [3]:3
[0]:3783122560 [1]:1 [2]:2 [3]:3
[0]:3597726680 [1]:1 [2]:2 [3]:3
[0]:3408772631 [1]:1 [2]:2 [3]:3
[0]:4224997331 [1]:1 [2]:2 [3]:3
[0]:4037301147 [1]:1 [2]:2 [3]:3
[0]:3800279698 [1]:1 [2]:2 [3]:3
[0]:3559977975 [1]:1 [2]:2 [3]:3
[0]:3332629661 [1]:1 [2]:2 [3]:3
[0]:4117676401 [1]:1 [2]:2 [3]:3
[0]:3912822552 [1]:1 [2]:2 [3]:2
[0]:3704218243 [1]:1 [2]:2 [3]:3
[0]:3460603055 [1]:1 [2]:2 [3]:3
[0]:4253758850 [1]:1 [2]:2 [3]:3
[0]:4040924035 [1]:1 [2]:2 [3]:2
[0]:3812856897 [1]:1 [2]:2 [3]:3
[0]:3600615997 [1]:1 [2]:2 [3]:3
[0]:3396106287 [1]:1 [2]:2 [3]:3
[0]:4180620808 [1]:1 [2]:2 [3]:3
[0]:3976902395 [1]:1 [2]:2 [3]:3
[0]:3757685085 [1]:1 [2]:2 [3]:3
[0]:3544580417 [1]:1 [2]:2 [3]:3
[0]:3336679966 [1]:1 [2]:2 [3]:2
[0]:4144971987 [1]:1 [2]:2 [3]:3
[0]:3960870506 [1]:1 [2]:2 [3]:3
[0]:3771521995 [1]:1 [2]:2 [3]:3
[0]:3565835305 [1]:1 [2]:2 [3]:3
[0]:3377067628 [1]:1 [2]:2 [3]:3
[0]:4168725536 [1]:1 [2]:2 [3]:3
[0]:3976879696 [1]:1 [2]:2 [3]:3
[0]:3792911286 [1]:1 [2]:2 [3]:3
[0]:3605103813 [1]:1 [2]:2 [3]:2
[0]:3424878351 [1]:1 [2]:2 [3]:4
[0]:4240833113 [1]:1 [2]:2 [3]:3
[0]:4056887872 [1]:1 [2]:2 [3]:4
[0]:3867505365 [1]:1 [2]:2 [3]:3
[0]:3676760885 [1]:1 [2]:2 [3]:3
[0]:3492748440 [1]:1 [2]:2 [3]:2
[0]:3300808725 [1]:1 [2]:2 [3]:2
[0]:4041707486 [1]:1 [2]:2 [3]:3
[0]:3815827360 [1]:1 [2]:2 [3]:3
[0]:3613896806 [1]:1 [2]:2 [3]:3
[0]:3428906565 [1]:1 [2]:2 [3]:3
[0]:4242796077 [1]:1 [2]:2 [3]:3
[0]:4048827808 [1]:1 [2]:2 [3]:2
[0]:3856795972 [1]:1 [2]:2 [3]:3
[0]:3672907713 [1]:1 [2]:2 [3]:3
[0]:3477121036 [1]:1 [2]:2 [3]:3
[0]:4288737036 [1]:1 [2]:2 [3]:2
[0]:4100625297 [1]:1 [2]:2 [3]:3
[0]:3908740815 [1]:1 [2]:2 [3]:3
[0]:3721128280 [1]:1 [2]:2 [3]:2
[0]:3522574962 [1]:1 [2]:2 [3]:3
[0]:3335582973 [1]:1 [2]:2 [3]:3
[0]:4153036962 [1]:1 [2]:2 [3]:3
[0]:3961560648 [1]:1 [2]:2 [3]:2
[0]:3772842710 [1]:1 [2]:2 [3]:3
[0]:3552200288 [1]:1 [2]:2 [3]:3
[0]:4272686868 [1]:1 [2]:2 [3]:3
[0]:4040780408 [1]:1 [2]:2 [3]:3
[0]:3822898303 [1]:1 [2]:2 [3]:3
[0]:3616699837 [1]:1 [2]:2 [3]:3
[0]:3404944677 [1]:1 [2]:2 [3]:3
[0]:4196932000 [1]:1 [2]:2 [3]:3
[0]:3986369192 [1]:1 [2]:2 [3]:3
[0]:3724936042 [1]:1 [2]:2 [3]:3
[0]:3512777387 [1]:1 [2]:2 [3]:3
[0]:3304825401 [1]:1 [2]:2 [3]:3
[0]:4104941315 [1]:1 [2]:2 [3]:3
[0]:3892721461 [1]:1 [2]:2 [3]:3
[0]:3681012027 [1]:1 [2]:2 [3]:3
[0]:3473654855 [1]:1 [2]:2 [3]:3
[0]:4267236863 [1]:1 [2]:2 [3]:3
[0]:4061003657 [1]:1 [2]:2 [3]:3
[0]:3876948618 [1]:1 [2]:2 [3]:2
[0]:3652941341 [1]:1 [2]:2 [3]:2
[0]:3464954450 [1]:1 [2]:2 [3]:3
[0]:4272774863 [1]:1 [2]:2 [3]:3
[0]:4076827213 [1]:1 [2]:2 [3]:3
[0]:3888834222 [1]:1 [2]:2 [3]:3
[0]:3693567801 [1]:1 [2]:2 [3]:3
[0]:3501359777 [1]:1 [2]:2 [3]:3
[0]:4276888085 [1]:1 [2]:2 [3]:3
[0]:4092816751 [1]:1 [2]:2 [3]:3
[0]:3904834061 [1]:1 [2]:2 [3]:3
[0]:3688791591 [1]:1 [2]:2 [3]:2
[0]:3500813201 [1]:1 [2]:2 [3]:3
[0]:3304780710 [1]:1 [2]:2 [3]:3
[0]:4109122035 [1]:1 [2]:2 [3]:3
[0]:3924703187 [1]:1 [2]:2 [3]:3
[0]:3698462595 [1]:1 [2]:2 [3]:3
[0]:3462181440 [1]:1 [2]:2 [3]:3
[0]:4252979010 [1]:1 [2]:2 [3]:3
[0]:4054823132 [1]:1 [2]:2 [3]:2
[0]:3862666306 [1]:1 [2]:2 [3]:3
[0]:3672880067 [1]:1 [2]:2 [3]:3
[0]:3486224185 [1]:1 [2]:2 [3]:3
[0]:3300825955 [1]:1 [2]:2 [3]:3
[0]:4057500233 [1]:1 [2]:2 [3]:3
[0]:3880945412 [1]:1 [2]:2 [3]:3
[0]:3637419281 [1]:1 [2]:2 [3]:2
[0]:3444830847 [1]:1 [2]:2 [3]:3
[0]:4213169685 [1]:1 [2]:2 [3]:3
[0]:4015776367 [1]:1 [2]:2 [3]:3
[0]:3824836366 [1]:1 [2]:2 [3]:2
[0]:3635029782 [1]:1 [2]:2 [3]:3
[0]:3448898165 [1]:1 [2]:2 [3]:3
[0]:4236719237 [1]:1 [2]:2 [3]:3
[0]:3999634843 [1]:1 [2]:2 [3]:3
[0]:3777188607 [1]:1 [2]:2 [3]:3
[0]:3557674793 [1]:1 [2]:2 [3]:2
[0]:3340986020 [1]:1 [2]:2 [3]:3
[0]:4133009656 [1]:1 [2]:2 [3]:3
[0]:3925199383 [1]:1 [2]:2 [3]:3
[0]:3718451245 [1]:1 [2]:2 [3]:3
[0]:3513029741 [1]:1 [2]:2 [3]:3
[0]:3298202777 [1]:1 [2]:2 [3]:2
[0]:4092920708 [1]:1 [2]:2 [3]:2
[0]:3889025470 [1]:1 [2]:2 [3]:4
[0]:3680795771 [1]:1 [2]:2 [3]:3
[0]:3468804057 [1]:1 [2]:2 [3]:3
[0]:4256843891 [1]:1 [2]:2 [3]:3
[0]:4055653321 [1]:1 [2]:2 [3]:3
[0]:3844930846 [1]:1 [2]:2 [3]:3
[0]:3657340976 [1]:1 [2]:2 [3]:3
[0]:3469422945 [1]:1 [2]:2 [3]:2
[0]:4288981561 [1]:1 [2]:2 [3]:3
[0]:4100779497 [1]:1 [2]:2 [3]:2
[0]:3910240297 [1]:1 [2]:2 [3]:3
[0]:3701623980 [1]:1 [2]:2 [3]:2
[0]:3512387857 [1]:1 [2]:2 [3]:3
[0]:3328907565 [1]:1 [2]:2 [3]:2
[0]:4117080315 [1]:1 [2]:2 [3]:3
[0]:3929192103 [1]:1 [2]:2 [3]:2
[0]:3744853098 [1]:1 [2]:2 [3]:3
[0]:3515192896 [1]:1 [2]:2 [3]:2
[0]:3332906573 [1]:1 [2]:2 [3]:3
[0]:4145675740 [1]:1 [2]:2 [3]:3
[0]:3912848210 [1]:1 [2]:2 [3]:3
[0]:3681211716 [1]:1 [2]:2 [3]:2
[0]:3451942218 [1]:1 [2]:2 [3]:3
[0]:4225070078 [1]:1 [2]:2 [3]:3
[0]:4008939627 [1]:1 [2]:2 [3]:3
[0]:3825060021 [1]:1 [2]:2 [3]:3
[0]:3640849562 [1]:1 [2]:2 [3]:2
[0]:3457851885 [1]:1 [2]:2 [3]:2
[0]:4269066266 [1]:1 [2]:2 [3]:3
[0]:4076930081 [1]:1 [2]:2 [3]:3
[0]:3883881070 [1]:1 [2]:2 [3]:2
[0]:3688892176 [1]:1 [2]:2 [3]:3
[0]:3497070146 [1]:1 [2]:2 [3]:3
[0]:3308909997 [1]:1 [2]:2 [3]:3
[0]:4120956496 [1]:1 [2]:2 [3]:3
[0]:3929035326 [1]:1 [2]:2 [3]:3
[0]:3742935758 [1]:1 [2]:2 [3]:2
[0]:3557179166 [1]:1 [2]:2 [3]:3
[0]:3306529165 [1]:1 [2]:2 [3]:3
[0]:4103686735 [1]:1 [2]:2 [3]:3
[0]:3869490210 [1]:1 [2]:2 [3]:2
[0]:3609387396 [1]:1 [2]:2 [3]:3
[0]:3355628800 [1]:1 [2]:2 [3]:3
[0]:4149274281 [1]:1 [2]:2 [3]:3
[0]:3908701720 [1]:1 [2]:2 [3]:3
[0]:3696916065 [1]:1 [2]:2 [3]:2
[0]:3488904311 [1]:1 [2]:2 [3]:2
[0]:4285587467 [1]:1 [2]:2 [3]:3
[0]:4077096702 [1]:1 [2]:2 [3]:3
[0]:3865915058 [1]:1 [2]:2 [3]:2
[0]:3656949307 [1]:1 [2]:2 [3]:2
[0]:3450822675 [1]:1 [2]:2 [3]:2
[0]:4244813310 [1]:1 [2]:2 [3]:3
[0]:4032813973 [1]:1 [2]:2 [3]:3
[0]:3781102392 [1]:1 [2]:2 [3]:3
[0]:3573144526 [1]:1 [2]:2 [3]:3
[0]:3380983265 [1]:1 [2]:2 [3]:3
[0]:4187883341 [1]:1 [2]:2 [3]:3
[0]:3997075296 [1]:1 [2]:2 [3]:3
[0]:3795321412 [1]:1 [2]:2 [3]:3
[0]:3601132636 [1]:1 [2]:2 [3]:3
[0]:3418759918 [1]:1 [2]:2 [3]:3
[0]:4224985256 [1]:1 [2]:2 [3]:3
[0]:4037209233 [1]:1 [2]:2 [3]:3
[0]:3851591833 [1]:1 [2]:2 [3]:3
[0]:3664907021 [1]:1 [2]:2 [3]:2
[0]:3477156157 [1]:1 [2]:2 [3]:3
[0]:4281030263 [1]:1 [2]:2 [3]:3
[0]:4093179711 [1]:1 [2]:2 [3]:3
[0]:3901054666 [1]:1 [2]:2 [3]:3
[0]:3705054548 [1]:1 [2]:2 [3]:2
[0]:3502792788 [1]:1 [2]:2 [3]:3
[0]:4250835878 [1]:1 [2]:2 [3]:2
[0]:4017431557 [1]:1 [2]:2 [3]:3
[0]:3803792953 [1]:1 [2]:2 [3]:3
[0]:3580231383 [1]:1 [2]:2 [3]:3
[0]:3393288143 [1]:1 [2]:2 [3]:3
[0]:4203388031 [1]:1 [2]:2 [3]:3
[0]:4014304713 [1]:1 [2]:2 [3]:2
[0]:3826674657 [1]:1 [2]:2 [3]:3
[0]:3639008468 [1]:1 [2]:2 [3]:3
[0]:3451732232 [1]:1 [2]:2 [3]:2
[0]:4263590701 [1]:1 [2]:2 [3]:3
[0]:4077164461 [1]:1 [2]:2 [3]:2
[0]:3884974392 [1]:1 [2]:2 [3]:3
[0]:3649656890 [1]:1 [2]:2 [3]:3
[0]:3457316677 [1]:1 [2]:2 [3]:3
[0]:4275061895 [1]:1 [2]:2 [3]:2
[0]:4089323270 [1]:1 [2]:2 [3]:3
[0]:3889171023 [1]:1 [2]:2 [3]:5
[0]:3653305596 [1]:1 [2]:2 [3]:3
[0]:3421747910 [1]:1 [2]:2 [3]:3
[0]:4193668882 [1]:1 [2]:2 [3]:3
[0]:3965348898 [1]:1 [2]:2 [3]:3
[0]:3753312710 [1]:1 [2]:2 [3]:3
[0]:3545171107 [1]:1 [2]:2 [3]:3
[0]:3332887902 [1]:1 [2]:2 [3]:2
[0]:4121174093 [1]:1 [2]:2 [3]:3
[0]:3909050962 [1]:1 [2]:2 [3]:3
[0]:3701321043 [1]:1 [2]:2 [3]:2
[0]:3488879468 [1]:1 [2]:2 [3]:3
[0]:4257118627 [1]:1 [2]:2 [3]:3
[0]:4056999195 [1]:1 [2]:2 [3]:3
[0]:3849118413 [1]:1 [2]:2 [3]:3
[0]:3630935116 [1]:1 [2]:2 [3]:3
[0]:3432996677 [1]:1 [2]:2 [3]:3
[0]:4229573046 [1]:1 [2]:2 [3]:3
[0]:4044991947 [1]:1 [2]:2 [3]:3
[0]:3820008631 [1]:1 [2]:2 [3]:2
[0]:3633193388 [1]:1 [2]:2 [3]:3
[0]:3389213510 [1]:1 [2]:2 [3]:3
[0]:4201044627 [1]:1 [2]:2 [3]:4
[0]:3990155582 [1]:1 [2]:2 [3]:3
[0]:3990155582 [1]:1 [2]:2 [3]:3
[0]:3990155582 [1]:1 [2]:2 [3]:3
[0]:3990155582 [1]:1 [2]:2 [3]:3
[0]:3990155582 [1]:1 [2]:2 [3]:3
[0]:3990155582 [1]:1 [2]:2 [3]:3
[0]:3990155582 [1]:1 [2]:2 [3]:3
[0]:3990155582 [1]:1 [2]:2 [3]:3
[0]:3990155582 [1]:1 [2]:2 [3]:3
[0]:3990155582 [1]:1 [2]:2 [3]:3
[0]:3990155582 [1]:1 [2]:2 [3]:3
