[0]:64958182 [1]:10223277 [2]:130 [3]:360
[0]:65171051 [1]:10251248 [2]:130 [3]:359
[0]:65387679 [1]:10279597 [2]:130 [3]:361
[0]:65588421 [1]:10305901 [2]:130 [3]:363
[0]:65796916 [1]:10333247 [2]:130 [3]:363
[0]:66001330 [1]:10360342 [2]:130 [3]:366
[0]:66210163 [1]:10387724 [2]:130 [3]:361
[0]:66441586 [1]:10418128 [2]:130 [3]:362
[0]:66654846 [1]:10446051 [2]:130 [3]:366
[0]:66863006 [1]:10473324 [2]:130 [3]:368
[0]:67071808 [1]:10500738 [2]:130 [3]:364
[0]:67311911 [1]:10532393 [2]:130 [3]:366
[0]:67512669 [1]:10558791 [2]:130 [3]:363
[0]:67725134 [1]:10586695 [2]:130 [3]:363
[0]:67925432 [1]:10613232 [2]:130 [3]:364
[0]:68125301 [1]:10639441 [2]:130 [3]:361
[0]:68327178 [1]:10666049 [2]:130 [3]:365
[0]:68539298 [1]:10693979 [2]:130 [3]:370
[0]:68755839 [1]:10722420 [2]:130 [3]:367
[0]:68967105 [1]:10750278 [2]:130 [3]:73
[0]:69176953 [1]:10777955 [2]:130 [3]:365
[0]:69396883 [1]:10806834 [2]:130 [3]:360
[0]:69606031 [1]:10834291 [2]:130 [3]:364
[0]:69811176 [1]:10861306 [2]:130 [3]:358
[0]:70018977 [1]:10888523 [2]:130 [3]:366
[0]:70230332 [1]:10916221 [2]:130 [3]:355
[0]:70438764 [1]:10943556 [2]:130 [3]:360
[0]:70660544 [1]:10972652 [2]:130 [3]:369
[0]:70865248 [1]:10999514 [2]:130 [3]:363
[0]:71069688 [1]:11026364 [2]:130 [3]:364
[0]:71294097 [1]:11055827 [2]:130 [3]:366
[0]:71517716 [1]:11085177 [2]:130 [3]:76
[0]:71725830 [1]:11112742 [2]:130 [3]:368
[0]:71939438 [1]:11140899 [2]:130 [3]:356
[0]:72159027 [1]:11169797 [2]:130 [3]:353
[0]:72391741 [1]:11200429 [2]:130 [3]:369
[0]:72594972 [1]:11227051 [2]:130 [3]:366
[0]:72800877 [1]:11254108 [2]:130 [3]:371
[0]:73017464 [1]:11282514 [2]:130 [3]:369
[0]:73221114 [1]:11309195 [2]:130 [3]:350
[0]:73430812 [1]:11336648 [2]:130 [3]:366
[0]:73645679 [1]:11364831 [2]:130 [3]:368
[0]:73859881 [1]:11392955 [2]:130 [3]:366
[0]:74067011 [1]:11420146 [2]:130 [3]:365
[0]:74289605 [1]:11449358 [2]:130 [3]:85
[0]:74516428 [1]:11479131 [2]:130 [3]:360
[0]:74721525 [1]:11506140 [2]:130 [3]:358
[0]:74926198 [1]:11532978 [2]:130 [3]:370
[0]:75155089 [1]:11562986 [2]:130 [3]:361
[0]:75358976 [1]:11589828 [2]:130 [3]:369
[0]:75586927 [1]:11619720 [2]:130 [3]:369
[0]:75799903 [1]:11647762 [2]:130 [3]:357
[0]:76012332 [1]:11675615 [2]:130 [3]:376
[0]:76222642 [1]:11703190 [2]:130 [3]:371
[0]:76429351 [1]:11730289 [2]:130 [3]:362
[0]:76636947 [1]:11757516 [2]:130 [3]:363
[0]:76846543 [1]:11785060 [2]:130 [3]:360
[0]:77051312 [1]:11812097 [2]:130 [3]:368
[0]:77267658 [1]:11840546 [2]:130 [3]:361
[0]:77476366 [1]:11867942 [2]:130 [3]:81
[0]:77683595 [1]:11895165 [2]:130 [3]:79
[0]:77913805 [1]:11925477 [2]:130 [3]:360
[0]:78135752 [1]:11954568 [2]:130 [3]:361
[0]:78349954 [1]:11982642 [2]:130 [3]:372
[0]:78562440 [1]:12010587 [2]:130 [3]:360
[0]:78774929 [1]:12038442 [2]:130 [3]:357
[0]:78981287 [1]:12065530 [2]:130 [3]:87
[0]:79202358 [1]:12094479 [2]:130 [3]:369
[0]:79414151 [1]:12122262 [2]:130 [3]:363
[0]:79621103 [1]:12149462 [2]:130 [3]:359
[0]:79825666 [1]:12176415 [2]:130 [3]:372
[0]:80053764 [1]:12206463 [2]:130 [3]:376
[0]:80266691 [1]:12234388 [2]:130 [3]:359
[0]:80485175 [1]:12263014 [2]:130 [3]:362
[0]:80690925 [1]:12289973 [2]:130 [3]:359
[0]:80903239 [1]:12317924 [2]:130 [3]:358
[0]:81108317 [1]:12344877 [2]:130 [3]:83
[0]:81317045 [1]:12372337 [2]:130 [3]:370
[0]:81525736 [1]:12399772 [2]:130 [3]:371
[0]:81745994 [1]:12428779 [2]:130 [3]:358
[0]:81958563 [1]:12456764 [2]:130 [3]:76
[0]:82161346 [1]:12483400 [2]:130 [3]:370
[0]:82359791 [1]:12509490 [2]:130 [3]:351
[0]:82635324 [1]:12545723 [2]:130 [3]:363
[0]:82843771 [1]:12573078 [2]:130 [3]:377
[0]:83048316 [1]:12600065 [2]:130 [3]:75
[0]:83264930 [1]:12628584 [2]:130 [3]:362
[0]:83497199 [1]:12658986 [2]:130 [3]:365
[0]:83709499 [1]:12686900 [2]:130 [3]:360
[0]:83921906 [1]:12714709 [2]:130 [3]:360
[0]:84130678 [1]:12742070 [2]:130 [3]:370
[0]:84339174 [1]:12769438 [2]:130 [3]:366
[0]:84543789 [1]:12796391 [2]:130 [3]:85
[0]:84756344 [1]:12824355 [2]:130 [3]:359
[0]:84964911 [1]:12851808 [2]:130 [3]:366
[0]:85173386 [1]:12879277 [2]:130 [3]:88
[0]:85384996 [1]:12907022 [2]:130 [3]:364
[0]:85593268 [1]:12934379 [2]:130 [3]:370
[0]:85803057 [1]:12961922 [2]:130 [3]:366
[0]:86031653 [1]:12992136 [2]:130 [3]:366
[0]:86239604 [1]:13019443 [2]:130 [3]:367
[0]:86456235 [1]:13047830 [2]:130 [3]:367
[0]:86664808 [1]:13075203 [2]:130 [3]:358
[0]:86881186 [1]:13103694 [2]:130 [3]:81
[0]:87097563 [1]:13132168 [2]:130 [3]:362
[0]:87313973 [1]:13160604 [2]:130 [3]:364
[0]:87526605 [1]:13188449 [2]:130 [3]:364
[0]:87731179 [1]:13215320 [2]:130 [3]:359
[0]:87943620 [1]:13243278 [2]:130 [3]:73
[0]:88145775 [1]:13269894 [2]:130 [3]:364
[0]:88356621 [1]:13297519 [2]:130 [3]:362
[0]:88564728 [1]:13324824 [2]:130 [3]:355
[0]:88778072 [1]:13352858 [2]:130 [3]:373
[0]:88985517 [1]:13380100 [2]:130 [3]:359
[0]:89190279 [1]:13406973 [2]:130 [3]:366
[0]:89391730 [1]:13433455 [2]:130 [3]:364
[0]:89614870 [1]:13462801 [2]:130 [3]:367
[0]:89824618 [1]:13490334 [2]:130 [3]:365
[0]:90025185 [1]:13516826 [2]:130 [3]:373
[0]:90225880 [1]:13543142 [2]:130 [3]:367
[0]:90449985 [1]:13572523 [2]:130 [3]:369
[0]:90662754 [1]:13600438 [2]:130 [3]:363
[0]:90873866 [1]:13628171 [2]:130 [3]:372
[0]:91087837 [1]:13656340 [2]:130 [3]:77
[0]:91355203 [1]:13691381 [2]:130 [3]:366
[0]:91569130 [1]:13719535 [2]:130 [3]:368
[0]:91772365 [1]:13746216 [2]:130 [3]:352
[0]:91984993 [1]:13774157 [2]:130 [3]:366
[0]:92185440 [1]:13800451 [2]:130 [3]:73
[0]:92390431 [1]:13827317 [2]:130 [3]:377
[0]:92602693 [1]:13855211 [2]:130 [3]:366
[0]:92890197 [1]:13892838 [2]:130 [3]:361
[0]:93090912 [1]:13919134 [2]:130 [3]:363
[0]:93291775 [1]:13945445 [2]:130 [3]:80
[0]:93496082 [1]:13972289 [2]:130 [3]:361
[0]:93703468 [1]:13999516 [2]:130 [3]:356
[0]:93917421 [1]:14027581 [2]:130 [3]:365
[0]:94122017 [1]:14054383 [2]:130 [3]:370
[0]:94334612 [1]:14082232 [2]:130 [3]:364
[0]:94578633 [1]:14114252 [2]:130 [3]:368
[0]:94794786 [1]:14142626 [2]:130 [3]:370
[0]:95007634 [1]:14170619 [2]:130 [3]:370
[0]:95218744 [1]:14198365 [2]:130 [3]:83
[0]:95424704 [1]:14225390 [2]:130 [3]:357
[0]:95628665 [1]:14252422 [2]:130 [3]:361
[0]:95845692 [1]:14280910 [2]:130 [3]:75
[0]:96063964 [1]:14309701 [2]:130 [3]:365
[0]:96266665 [1]:14336237 [2]:130 [3]:360
[0]:96471237 [1]:14363101 [2]:130 [3]:364
[0]:96672029 [1]:14389417 [2]:130 [3]:369
[0]:96892449 [1]:14418369 [2]:130 [3]:77
[0]:97096378 [1]:14445068 [2]:130 [3]:362
[0]:97300199 [1]:14471822 [2]:130 [3]:373
[0]:97537857 [1]:14503018 [2]:130 [3]:363
[0]:97750429 [1]:14530886 [2]:130 [3]:367
[0]:97958857 [1]:14558207 [2]:130 [3]:362
[0]:98168615 [1]:14585624 [2]:130 [3]:73
[0]:98439152 [1]:14621259 [2]:130 [3]:359
[0]:98639976 [1]:14647564 [2]:130 [3]:366
[0]:98856240 [1]:14675968 [2]:130 [3]:83
[0]:99066951 [1]:14703565 [2]:130 [3]:365
[0]:99273570 [1]:14730726 [2]:130 [3]:361
[0]:99475942 [1]:14757280 [2]:130 [3]:370
[0]:99686133 [1]:14784888 [2]:130 [3]:82
[0]:99887403 [1]:14811236 [2]:130 [3]:365
[0]:100091989 [1]:14838091 [2]:130 [3]:369
[0]:100298362 [1]:14865111 [2]:130 [3]:366
[0]:100509682 [1]:14892941 [2]:130 [3]:364
[0]:100713906 [1]:14919708 [2]:130 [3]:359
[0]:100957825 [1]:14951840 [2]:130 [3]:372
[0]:101190034 [1]:14982435 [2]:130 [3]:365
[0]:101409753 [1]:15011196 [2]:130 [3]:368
[0]:101615010 [1]:15038087 [2]:130 [3]:367
[0]:101815504 [1]:15064342 [2]:130 [3]:79
[0]:102012509 [1]:15090211 [2]:130 [3]:370
[0]:102217484 [1]:15117114 [2]:130 [3]:367
[0]:102425084 [1]:15144367 [2]:130 [3]:357
[0]:102630337 [1]:15171511 [2]:130 [3]:84
[0]:102854539 [1]:15201029 [2]:130 [3]:84
[0]:103059269 [1]:15227794 [2]:130 [3]:366
[0]:103263627 [1]:15254740 [2]:130 [3]:80
[0]:103468520 [1]:15281619 [2]:130 [3]:372
[0]:103664933 [1]:15307330 [2]:130 [3]:365
[0]:103867173 [1]:15333812 [2]:130 [3]:374
[0]:104078547 [1]:15361560 [2]:130 [3]:72
[0]:104306823 [1]:15391621 [2]:130 [3]:363
[0]:104518684 [1]:15419371 [2]:130 [3]:360
[0]:104723971 [1]:15446423 [2]:130 [3]:369
[0]:104940120 [1]:15474867 [2]:130 [3]:362
[0]:105156683 [1]:15503367 [2]:130 [3]:368
[0]:105377835 [1]:15532418 [2]:130 [3]:91
[0]:105581647 [1]:15559154 [2]:130 [3]:370
[0]:105791102 [1]:15586653 [2]:130 [3]:366
[0]:105986939 [1]:15612508 [2]:130 [3]:365
[0]:106203377 [1]:15640979 [2]:130 [3]:360
[0]:106419342 [1]:15669468 [2]:130 [3]:367
[0]:106624359 [1]:15696358 [2]:130 [3]:84
[0]:106828684 [1]:15723357 [2]:130 [3]:359
[0]:107029631 [1]:15749805 [2]:130 [3]:363
[0]:107237925 [1]:15777109 [2]:130 [3]:369
[0]:107442176 [1]:15804024 [2]:130 [3]:85
[0]:107651353 [1]:15831601 [2]:130 [3]:350
[0]:107926693 [1]:15867809 [2]:130 [3]:361
[0]:108131219 [1]:15894667 [2]:130 [3]:362
[0]:108335959 [1]:15921633 [2]:130 [3]:371
[0]:108548532 [1]:15949506 [2]:130 [3]:362
[0]:108756951 [1]:15976892 [2]:130 [3]:362
[0]:108969526 [1]:16004744 [2]:130 [3]:362
[0]:109248888 [1]:16041515 [2]:130 [3]:369
[0]:109461420 [1]:16069436 [2]:130 [3]:370
[0]:109665956 [1]:16096309 [2]:130 [3]:368
[0]:109883513 [1]:16124768 [2]:130 [3]:367
[0]:110095060 [1]:16152494 [2]:130 [3]:71
[0]:110298448 [1]:16179292 [2]:130 [3]:368
[0]:110515999 [1]:16207975 [2]:130 [3]:369
[0]:110724511 [1]:16235462 [2]:130 [3]:74
[0]:110944835 [1]:16264372 [2]:130 [3]:366
[0]:111149391 [1]:16291292 [2]:130 [3]:81
[0]:111369839 [1]:16320228 [2]:130 [3]:366
[0]:111582363 [1]:16348089 [2]:130 [3]:368
[0]:111792267 [1]:16375704 [2]:130 [3]:364
[0]:111999342 [1]:16402894 [2]:130 [3]:361
[0]:112227636 [1]:16432932 [2]:130 [3]:77
[0]:112444009 [1]:16461354 [2]:130 [3]:360
[0]:112662700 [1]:16490015 [2]:130 [3]:355
[0]:112869157 [1]:16517163 [2]:130 [3]:82
[0]:113095736 [1]:16547123 [2]:130 [3]:80
[0]:113297756 [1]:16573698 [2]:130 [3]:80
[0]:113498545 [1]:16600094 [2]:130 [3]:358
[0]:113715006 [1]:16628574 [2]:130 [3]:360
[0]:113943774 [1]:16658450 [2]:130 [3]:370
[0]:114175525 [1]:16688899 [2]:130 [3]:369
[0]:114382803 [1]:16716116 [2]:130 [3]:368
[0]:114591644 [1]:16743511 [2]:130 [3]:358
[0]:114796575 [1]:16770445 [2]:130 [3]:73
[0]:115029508 [1]:16801046 [2]:130 [3]:360
[0]:115234129 [1]:16827912 [2]:130 [3]:77
[0]:115478158 [1]:16859998 [2]:130 [3]:367
[0]:115687655 [1]:16887632 [2]:130 [3]:370
[0]:115897603 [1]:16915423 [2]:130 [3]:363
[0]:116112572 [1]:16943670 [2]:130 [3]:374
[0]:116324711 [1]:16971505 [2]:130 [3]:364
[0]:116532595 [1]:16998777 [2]:130 [3]:90
[0]:116737262 [1]:17025621 [2]:130 [3]:369
[0]:116942819 [1]:17052452 [2]:130 [3]:373
[0]:117150514 [1]:17079732 [2]:130 [3]:372
[0]:117369155 [1]:17108468 [2]:130 [3]:362
[0]:117643076 [1]:17144456 [2]:130 [3]:357
[0]:117843528 [1]:17170745 [2]:130 [3]:363
[0]:118046360 [1]:17197499 [2]:130 [3]:358
[0]:118252053 [1]:17224591 [2]:130 [3]:71
[0]:118488434 [1]:17255568 [2]:130 [3]:360
[0]:118693022 [1]:17282393 [2]:130 [3]:361
[0]:118901623 [1]:17309729 [2]:130 [3]:368
[0]:119114106 [1]:17337717 [2]:130 [3]:365
[0]:119325141 [1]:17365474 [2]:130 [3]:366
[0]:119538002 [1]:17393423 [2]:130 [3]:375
[0]:119743729 [1]:17420360 [2]:130 [3]:364
[0]:119948364 [1]:17447220 [2]:130 [3]:362
[0]:120164406 [1]:17475586 [2]:130 [3]:77
[0]:120377277 [1]:17503554 [2]:130 [3]:364
[0]:120581789 [1]:17530425 [2]:130 [3]:371
[0]:120798595 [1]:17558765 [2]:130 [3]:363
[0]:121005754 [1]:17585994 [2]:130 [3]:83
[0]:121224616 [1]:17614931 [2]:130 [3]:86
[0]:121430374 [1]:17641891 [2]:130 [3]:373
[0]:121631267 [1]:17668295 [2]:130 [3]:374
[0]:121845217 [1]:17696305 [2]:130 [3]:371
[0]:122079428 [1]:17727072 [2]:130 [3]:75
[0]:122301521 [1]:17756378 [2]:130 [3]:358
[0]:122502726 [1]:17782869 [2]:130 [3]:359
[0]:122741950 [1]:17814318 [2]:130 [3]:356
[0]:123013718 [1]:17850065 [2]:130 [3]:355
[0]:123212135 [1]:17876112 [2]:130 [3]:368
[0]:123438341 [1]:17905832 [2]:130 [3]:372
[0]:123639393 [1]:17932136 [2]:130 [3]:363
[0]:123862470 [1]:17961311 [2]:130 [3]:80
[0]:124068409 [1]:17988394 [2]:130 [3]:364
[0]:124282726 [1]:18016495 [2]:130 [3]:80
[0]:124487499 [1]:18043323 [2]:130 [3]:360
[0]:124693306 [1]:18070258 [2]:130 [3]:87
[0]:124912902 [1]:18099202 [2]:130 [3]:369
[0]:125119193 [1]:18126297 [2]:130 [3]:364
[0]:125327767 [1]:18153709 [2]:130 [3]:72
[0]:125536438 [1]:18181089 [2]:130 [3]:364
[0]:125748873 [1]:18208959 [2]:130 [3]:87
[0]:125965353 [1]:18237356 [2]:130 [3]:357
[0]:126173874 [1]:18264693 [2]:130 [3]:365
[0]:126374610 [1]:18290952 [2]:130 [3]:359
[0]:126575430 [1]:18317247 [2]:130 [3]:365
[0]:126784058 [1]:18344626 [2]:130 [3]:361
[0]:126986899 [1]:18371201 [2]:130 [3]:368
[0]:127212937 [1]:18400831 [2]:130 [3]:356
[0]:127417663 [1]:18427717 [2]:130 [3]:369
[0]:127633962 [1]:18456073 [2]:130 [3]:365
[0]:127846595 [1]:18484118 [2]:130 [3]:368
[0]:128059004 [1]:18512108 [2]:130 [3]:363
[0]:128267409 [1]:18539478 [2]:130 [3]:365
[0]:128479851 [1]:18567363 [2]:130 [3]:365
[0]:128696481 [1]:18595733 [2]:130 [3]:364
[0]:128924587 [1]:18625663 [2]:130 [3]:364
[0]:129127706 [1]:18652330 [2]:130 [3]:373
[0]:129340556 [1]:18680300 [2]:130 [3]:370
[0]:129553964 [1]:18708279 [2]:130 [3]:366
[0]:129774789 [1]:18737292 [2]:130 [3]:361
[0]:129987455 [1]:18765144 [2]:130 [3]:365
[0]:130219274 [1]:18795537 [2]:130 [3]:370
[0]:130424404 [1]:18822451 [2]:130 [3]:358
[0]:130641585 [1]:18851045 [2]:130 [3]:373
[0]:130868023 [1]:18880894 [2]:130 [3]:358
[0]:131069485 [1]:18907387 [2]:130 [3]:369
[0]:131282153 [1]:18935247 [2]:130 [3]:363
[0]:131494183 [1]:18963080 [2]:130 [3]:70
[0]:131695344 [1]:18989543 [2]:130 [3]:372
[0]:131963107 [1]:19024768 [2]:130 [3]:362
[0]:132196353 [1]:19055369 [2]:130 [3]:366
[0]:132415343 [1]:19084125 [2]:130 [3]:368
[0]:132619706 [1]:19110972 [2]:130 [3]:373
[0]:132839973 [1]:19139843 [2]:130 [3]:360
[0]:133045143 [1]:19166773 [2]:130 [3]:361
[0]:133249699 [1]:19193608 [2]:130 [3]:363
[0]:133452861 [1]:19220190 [2]:130 [3]:360
[0]:133654339 [1]:19249420 [2]:130 [3]:360
