[0]:0 [1]:0 [2]:0 [3]:0
[0]:0 [1]:0 [2]:0 [3]:0
[0]:0 [1]:0 [2]:0 [3]:0
[0]:3696214278 [1]:1 [2]:2 [3]:3
[0]:3486213511 [1]:1 [2]:2 [3]:3
[0]:4280767832 [1]:1 [2]:2 [3]:3
[0]:4060155527 [1]:1 [2]:2 [3]:3
[0]:3856454017 [1]:1 [2]:2 [3]:3
[0]:3654027068 [1]:1 [2]:2 [3]:3
[0]:3460402466 [1]:1 [2]:2 [3]:3
[0]:4262053372 [1]:1 [2]:2 [3]:3
[0]:4071544002 [1]:1 [2]:2 [3]:3
[0]:3884660031 [1]:1 [2]:2 [3]:3
[0]:3688155225 [1]:1 [2]:2 [3]:3
[0]:3500498085 [1]:1 [2]:2 [3]:2
[0]:3313424125 [1]:1 [2]:2 [3]:3
[0]:4123551818 [1]:1 [2]:2 [3]:3
[0]:3920269196 [1]:1 [2]:2 [3]:3
[0]:3732103761 [1]:1 [2]:2 [3]:3
[0]:3528463958 [1]:1 [2]:2 [3]:3
[0]:3341025830 [1]:1 [2]:2 [3]:2
[0]:4148761572 [1]:1 [2]:2 [3]:3
[0]:3920594640 [1]:1 [2]:2 [3]:2
[0]:3728170635 [1]:1 [2]:2 [3]:3
[0]:3450294728 [1]:1 [2]:2 [3]:2
[0]:4218641873 [1]:1 [2]:2 [3]:3
[0]:4012352923 [1]:1 [2]:2 [3]:3
[0]:3800188995 [1]:1 [2]:2 [3]:2
[0]:3601972497 [1]:1 [2]:2 [3]:3
[0]:3412185183 [1]:1 [2]:2 [3]:3
[0]:4220559262 [1]:1 [2]:2 [3]:3
[0]:4032318208 [1]:1 [2]:2 [3]:3
[0]:3847872268 [1]:1 [2]:2 [3]:3
[0]:3661851566 [1]:1 [2]:2 [3]:3
[0]:3479590065 [1]:1 [2]:2 [3]:3
[0]:4289270202 [1]:1 [2]:2 [3]:3
[0]:4096538433 [1]:1 [2]:2 [3]:3
[0]:3903364170 [1]:1 [2]:2 [3]:3
[0]:3711698791 [1]:1 [2]:2 [3]:3
[0]:3516604872 [1]:1 [2]:2 [3]:2
[0]:4276486572 [1]:1 [2]:2 [3]:3
[0]:4056817716 [1]:1 [2]:2 [3]:3
[0]:3822263282 [1]:1 [2]:2 [3]:3
[0]:3580726280 [1]:1 [2]:2 [3]:3
[0]:3343492393 [1]:1 [2]:2 [3]:3
[0]:4109315446 [1]:1 [2]:2 [3]:2
[0]:3892131932 [1]:1 [2]:2 [3]:3
[0]:3676027296 [1]:1 [2]:2 [3]:3
[0]:3460019913 [1]:1 [2]:2 [3]:3
[0]:4244172913 [1]:1 [2]:2 [3]:3
[0]:4021214488 [1]:1 [2]:2 [3]:3
[0]:3808192736 [1]:1 [2]:2 [3]:2
[0]:3596624447 [1]:1 [2]:2 [3]:3
[0]:3391706676 [1]:1 [2]:2 [3]:3
[0]:4183651201 [1]:1 [2]:2 [3]:3
[0]:3964139850 [1]:1 [2]:2 [3]:3
[0]:3754019663 [1]:1 [2]:2 [3]:2
[0]:3546699846 [1]:1 [2]:2 [3]:3
[0]:3356248932 [1]:1 [2]:2 [3]:3
[0]:4164373373 [1]:1 [2]:2 [3]:3
[0]:3972955028 [1]:1 [2]:2 [3]:3
[0]:3785442085 [1]:1 [2]:2 [3]:3
[0]:3596236845 [1]:1 [2]:2 [3]:3
[0]:3374089495 [1]:1 [2]:2 [3]:3
[0]:4165130580 [1]:1 [2]:2 [3]:3
[0]:3972234171 [1]:1 [2]:2 [3]:3
[0]:3776564428 [1]:1 [2]:2 [3]:3
[0]:3541046733 [1]:1 [2]:2 [3]:3
[0]:3357296761 [1]:1 [2]:2 [3]:3
[0]:4168709723 [1]:1 [2]:2 [3]:2
[0]:3969300402 [1]:1 [2]:2 [3]:3
[0]:3777197673 [1]:1 [2]:2 [3]:3
[0]:3584517198 [1]:1 [2]:2 [3]:2
[0]:3368812203 [1]:1 [2]:2 [3]:2
[0]:4127934903 [1]:1 [2]:2 [3]:3
[0]:3912390723 [1]:1 [2]:2 [3]:3
[0]:3716263000 [1]:1 [2]:2 [3]:3
[0]:3520822290 [1]:1 [2]:2 [3]:3
[0]:3331675980 [1]:1 [2]:2 [3]:3
[0]:4139678503 [1]:1 [2]:2 [3]:3
[0]:3953935692 [1]:1 [2]:2 [3]:3
[0]:3768307287 [1]:1 [2]:2 [3]:3
[0]:3580241487 [1]:1 [2]:2 [3]:2
[0]:3388255190 [1]:1 [2]:2 [3]:3
[0]:4196684298 [1]:1 [2]:2 [3]:3
[0]:4003849520 [1]:1 [2]:2 [3]:3
[0]:3816242377 [1]:1 [2]:2 [3]:3
[0]:3624487238 [1]:1 [2]:2 [3]:2
[0]:3436320076 [1]:1 [2]:2 [3]:3
[0]:4251856746 [1]:1 [2]:2 [3]:3
[0]:4064996095 [1]:1 [2]:2 [3]:3
[0]:3863995762 [1]:1 [2]:2 [3]:3
[0]:3624959278 [1]:1 [2]:2 [3]:3
[0]:3372554137 [1]:1 [2]:2 [3]:3
[0]:4144764252 [1]:1 [2]:2 [3]:2
[0]:3916859348 [1]:1 [2]:2 [3]:3
[0]:3699221253 [1]:1 [2]:2 [3]:3
[0]:3492135986 [1]:1 [2]:2 [3]:3
[0]:4285054433 [1]:1 [2]:2 [3]:3
[0]:4076148012 [1]:1 [2]:2 [3]:3
[0]:3864617007 [1]:1 [2]:2 [3]:3
[0]:3639313753 [1]:1 [2]:2 [3]:3
[0]:3361337067 [1]:1 [2]:2 [3]:3
[0]:4148371768 [1]:1 [2]:2 [3]:3
[0]:3941365195 [1]:1 [2]:2 [3]:3
[0]:3724232437 [1]:1 [2]:2 [3]:2
[0]:3511733642 [1]:1 [2]:2 [3]:3
[0]:4280999362 [1]:1 [2]:2 [3]:3
[0]:4088337847 [1]:1 [2]:2 [3]:3
[0]:3904577661 [1]:1 [2]:2 [3]:3
[0]:3712437666 [1]:1 [2]:2 [3]:3
[0]:3528330397 [1]:1 [2]:2 [3]:3
[0]:3336341545 [1]:1 [2]:2 [3]:3
[0]:4152270336 [1]:1 [2]:2 [3]:3
[0]:3964358648 [1]:1 [2]:2 [3]:2
[0]:3768811250 [1]:1 [2]:2 [3]:3
[0]:3580285627 [1]:1 [2]:2 [3]:3
[0]:3399753948 [1]:1 [2]:2 [3]:3
[0]:4212397383 [1]:1 [2]:2 [3]:3
[0]:4020334623 [1]:1 [2]:2 [3]:3
[0]:3838858723 [1]:1 [2]:2 [3]:3
[0]:3607762241 [1]:1 [2]:2 [3]:2
[0]:3416344110 [1]:1 [2]:2 [3]:2
[0]:4193043908 [1]:1 [2]:2 [3]:3
[0]:3944811381 [1]:1 [2]:2 [3]:3
[0]:3723083448 [1]:1 [2]:2 [3]:3
[0]:3496430826 [1]:1 [2]:2 [3]:2
[0]:3308175156 [1]:1 [2]:2 [3]:3
[0]:4073981576 [1]:1 [2]:2 [3]:3
[0]:3893629673 [1]:1 [2]:2 [3]:3
[0]:3700226838 [1]:1 [2]:2 [3]:3
[0]:3509329956 [1]:1 [2]:2 [3]:3
[0]:3324345728 [1]:1 [2]:2 [3]:3
[0]:4132771020 [1]:1 [2]:2 [3]:3
[0]:3945927141 [1]:1 [2]:2 [3]:2
[0]:3752390293 [1]:1 [2]:2 [3]:3
[0]:3564344437 [1]:1 [2]:2 [3]:2
[0]:3376826617 [1]:1 [2]:2 [3]:3
[0]:4192319362 [1]:1 [2]:2 [3]:3
[0]:4002791067 [1]:1 [2]:2 [3]:3
[0]:3818128296 [1]:1 [2]:2 [3]:3
[0]:3590528747 [1]:1 [2]:2 [3]:3
[0]:3311804343 [1]:1 [2]:2 [3]:3
[0]:4073227045 [1]:1 [2]:2 [3]:3
[0]:3844806402 [1]:1 [2]:2 [3]:2
[0]:3608255627 [1]:1 [2]:2 [3]:3
[0]:3380657681 [1]:1 [2]:2 [3]:3
[0]:4172313982 [1]:1 [2]:2 [3]:3
[0]:3948306025 [1]:1 [2]:2 [3]:3
[0]:3732695102 [1]:1 [2]:2 [3]:3
[0]:3544639865 [1]:1 [2]:2 [3]:3
[0]:4259880053 [1]:1 [2]:2 [3]:3
[0]:4034455891 [1]:1 [2]:2 [3]:3
[0]:3800651003 [1]:1 [2]:2 [3]:3
[0]:3592572663 [1]:1 [2]:2 [3]:3
[0]:3330203600 [1]:1 [2]:2 [3]:3
[0]:4132704553 [1]:1 [2]:2 [3]:2
[0]:3932773578 [1]:1 [2]:2 [3]:3
[0]:3737912653 [1]:1 [2]:2 [3]:3
[0]:3548877605 [1]:1 [2]:2 [3]:3
[0]:3360576808 [1]:1 [2]:2 [3]:2
[0]:4172620400 [1]:1 [2]:2 [3]:3
[0]:3973865687 [1]:1 [2]:2 [3]:3
[0]:3780653635 [1]:1 [2]:2 [3]:3
[0]:3528657506 [1]:1 [2]:2 [3]:3
[0]:3333651951 [1]:1 [2]:2 [3]:2
[0]:4120091588 [1]:1 [2]:2 [3]:3
[0]:3939195325 [1]:1 [2]:2 [3]:3
[0]:3732961143 [1]:1 [2]:2 [3]:3
[0]:3540636443 [1]:1 [2]:2 [3]:3
[0]:3359861762 [1]:1 [2]:2 [3]:3
[0]:4158288432 [1]:1 [2]:2 [3]:3
[0]:3972385252 [1]:1 [2]:2 [3]:3
[0]:3748201865 [1]:1 [2]:2 [3]:3
[0]:3468625128 [1]:1 [2]:2 [3]:3
[0]:4256609491 [1]:1 [2]:2 [3]:3
[0]:4064572973 [1]:1 [2]:2 [3]:3
[0]:3878566221 [1]:1 [2]:2 [3]:2
[0]:3692801852 [1]:1 [2]:2 [3]:2
[0]:3507497878 [1]:1 [2]:2 [3]:3
[0]:3327792253 [1]:1 [2]:2 [3]:3
[0]:4126568351 [1]:1 [2]:2 [3]:3
[0]:3932950097 [1]:1 [2]:2 [3]:3
[0]:3740706703 [1]:1 [2]:2 [3]:3
[0]:3504628246 [1]:1 [2]:2 [3]:3
[0]:3316778551 [1]:1 [2]:2 [3]:3
[0]:4136262163 [1]:1 [2]:2 [3]:3
[0]:3948709326 [1]:1 [2]:2 [3]:3
[0]:3763897295 [1]:1 [2]:2 [3]:4
[0]:3574051092 [1]:1 [2]:2 [3]:2
[0]:3343212185 [1]:1 [2]:2 [3]:3
[0]:4089262001 [1]:1 [2]:2 [3]:3
[0]:3868492382 [1]:1 [2]:2 [3]:3
[0]:3642094183 [1]:1 [2]:2 [3]:3
[0]:3426641713 [1]:1 [2]:2 [3]:2
[0]:4219148130 [1]:1 [2]:2 [3]:3
[0]:4004605973 [1]:1 [2]:2 [3]:3
[0]:3753191116 [1]:1 [2]:2 [3]:2
[0]:3538140487 [1]:1 [2]:2 [3]:3
[0]:3326759983 [1]:1 [2]:2 [3]:3
[0]:4120986838 [1]:1 [2]:2 [3]:3
[0]:3923573095 [1]:1 [2]:2 [3]:3
[0]:3708631715 [1]:1 [2]:2 [3]:19
[0]:3488074143 [1]:1 [2]:2 [3]:8
[0]:4270441970 [1]:1 [2]:2 [3]:3
[0]:4064715602 [1]:1 [2]:2 [3]:10
[0]:3804890143 [1]:1 [2]:2 [3]:16
[0]:3612646168 [1]:1 [2]:2 [3]:5
[0]:3420679015 [1]:1 [2]:2 [3]:19
[0]:4234343365 [1]:1 [2]:2 [3]:6
[0]:4044881445 [1]:1 [2]:2 [3]:7
[0]:3848706135 [1]:1 [2]:2 [3]:7
[0]:3668932161 [1]:1 [2]:2 [3]:6
[0]:3484930752 [1]:1 [2]:2 [3]:17
[0]:4272945072 [1]:1 [2]:2 [3]:8
[0]:4088142355 [1]:1 [2]:2 [3]:7
[0]:3890893280 [1]:1 [2]:2 [3]:19
[0]:3704777213 [1]:1 [2]:2 [3]:16
[0]:3468917391 [1]:1 [2]:2 [3]:18
[0]:4280676773 [1]:1 [2]:2 [3]:15
[0]:4086862453 [1]:1 [2]:2 [3]:2
[0]:3896905237 [1]:1 [2]:2 [3]:17
[0]:3688676050 [1]:1 [2]:2 [3]:9
[0]:3460132636 [1]:1 [2]:2 [3]:6
[0]:4221201538 [1]:1 [2]:2 [3]:3
[0]:4019785020 [1]:1 [2]:2 [3]:8
[0]:3832792118 [1]:1 [2]:2 [3]:19
[0]:3644720588 [1]:1 [2]:2 [3]:7
[0]:3460774401 [1]:1 [2]:2 [3]:6
[0]:4274749017 [1]:1 [2]:2 [3]:18
[0]:4083727050 [1]:1 [2]:2 [3]:7
[0]:3895112196 [1]:1 [2]:2 [3]:6
[0]:3700716392 [1]:1 [2]:2 [3]:16
[0]:3516866175 [1]:1 [2]:2 [3]:17
[0]:3332752110 [1]:1 [2]:2 [3]:7
[0]:4095531957 [1]:1 [2]:2 [3]:10
[0]:3912787015 [1]:1 [2]:2 [3]:7
[0]:3723743033 [1]:1 [2]:2 [3]:17
[0]:3509598900 [1]:1 [2]:2 [3]:6
[0]:3324769295 [1]:1 [2]:2 [3]:18
[0]:4114396732 [1]:1 [2]:2 [3]:3
[0]:3885076747 [1]:1 [2]:2 [3]:7
[0]:3654399910 [1]:1 [2]:2 [3]:18
[0]:3424765610 [1]:1 [2]:2 [3]:5
[0]:4215646166 [1]:1 [2]:2 [3]:9
[0]:3964670770 [1]:1 [2]:2 [3]:6
[0]:3763347231 [1]:1 [2]:2 [3]:22
[0]:3556784748 [1]:1 [2]:2 [3]:8
[0]:3349941678 [1]:1 [2]:2 [3]:7
[0]:4132803431 [1]:1 [2]:2 [3]:6
[0]:3915460755 [1]:1 [2]:2 [3]:6
[0]:3676962743 [1]:1 [2]:2 [3]:18
[0]:3457211173 [1]:1 [2]:2 [3]:8
[0]:4249103207 [1]:1 [2]:2 [3]:6
[0]:4032696342 [1]:1 [2]:2 [3]:7
[0]:3821126621 [1]:1 [2]:2 [3]:8
[0]:3608484697 [1]:1 [2]:2 [3]:7
[0]:3408188376 [1]:1 [2]:2 [3]:8
[0]:4212942045 [1]:1 [2]:2 [3]:7
[0]:3963360865 [1]:1 [2]:2 [3]:19
[0]:3768758226 [1]:1 [2]:2 [3]:7
[0]:3580748646 [1]:1 [2]:2 [3]:18
[0]:3371480371 [1]:1 [2]:2 [3]:2
[0]:4176806711 [1]:1 [2]:2 [3]:16
[0]:3988742418 [1]:1 [2]:2 [3]:7
[0]:3804889661 [1]:1 [2]:2 [3]:6
[0]:3609682362 [1]:1 [2]:2 [3]:18
[0]:3420779645 [1]:1 [2]:2 [3]:17
[0]:4228944787 [1]:1 [2]:2 [3]:8
[0]:4034848751 [1]:1 [2]:2 [3]:3
[0]:3848922878 [1]:1 [2]:2 [3]:7
[0]:3657071355 [1]:1 [2]:2 [3]:10
[0]:3452604177 [1]:1 [2]:2 [3]:19
[0]:4210810885 [1]:1 [2]:2 [3]:19
[0]:3982716733 [1]:1 [2]:2 [3]:17
[0]:3784483905 [1]:1 [2]:2 [3]:17
[0]:3599674140 [1]:1 [2]:2 [3]:21
[0]:3408862617 [1]:1 [2]:2 [3]:7
[0]:4220615290 [1]:1 [2]:2 [3]:7
[0]:4028958290 [1]:1 [2]:2 [3]:7
[0]:3840768750 [1]:1 [2]:2 [3]:20
[0]:3648899640 [1]:1 [2]:2 [3]:9
[0]:3460552012 [1]:1 [2]:2 [3]:18
[0]:4272805573 [1]:1 [2]:2 [3]:7
[0]:4082136073 [1]:1 [2]:2 [3]:3
[0]:3865215136 [1]:1 [2]:2 [3]:5
[0]:3676392946 [1]:1 [2]:2 [3]:18
[0]:3476919878 [1]:1 [2]:2 [3]:9
[0]:4288841095 [1]:1 [2]:2 [3]:8
[0]:4100832312 [1]:1 [2]:2 [3]:6
[0]:3900425305 [1]:1 [2]:2 [3]:18
[0]:3665007560 [1]:1 [2]:2 [3]:17
[0]:3433204025 [1]:1 [2]:2 [3]:7
[0]:4205059810 [1]:1 [2]:2 [3]:8
[0]:3900794056 [1]:1 [2]:2 [3]:5
[0]:3692763367 [1]:1 [2]:2 [3]:7
[0]:3480779435 [1]:1 [2]:2 [3]:6
[0]:4272643972 [1]:1 [2]:2 [3]:6
[0]:4064250835 [1]:1 [2]:2 [3]:19
[0]:3848000163 [1]:1 [2]:2 [3]:16
[0]:3629665386 [1]:1 [2]:2 [3]:7
[0]:3424739738 [1]:1 [2]:2 [3]:19
[0]:4192935050 [1]:1 [2]:2 [3]:17
[0]:3976747277 [1]:1 [2]:2 [3]:20
[0]:3768788916 [1]:1 [2]:2 [3]:5
[0]:3556707413 [1]:1 [2]:2 [3]:21
[0]:3348879152 [1]:1 [2]:2 [3]:6
[0]:4132983538 [1]:1 [2]:2 [3]:7
[0]:3895232295 [1]:1 [2]:2 [3]:7
[0]:3697105768 [1]:1 [2]:2 [3]:17
[0]:3517091821 [1]:1 [2]:2 [3]:6
[0]:3329625528 [1]:1 [2]:2 [3]:18
[0]:4141768993 [1]:1 [2]:2 [3]:6
[0]:3949314110 [1]:1 [2]:2 [3]:19
[0]:3757036706 [1]:1 [2]:2 [3]:2
[0]:3564868433 [1]:1 [2]:2 [3]:7
[0]:3374659398 [1]:1 [2]:2 [3]:16
[0]:4188884928 [1]:1 [2]:2 [3]:6
[0]:4000904816 [1]:1 [2]:2 [3]:7
[0]:3804790422 [1]:1 [2]:2 [3]:9
[0]:3612924865 [1]:1 [2]:2 [3]:8
[0]:3420918167 [1]:1 [2]:2 [3]:13
[0]:4221040433 [1]:1 [2]:2 [3]:5
[0]:4005319358 [1]:1 [2]:2 [3]:18
[0]:3780578686 [1]:1 [2]:2 [3]:8
[0]:3488838661 [1]:1 [2]:2 [3]:17
[0]:3299779197 [1]:1 [2]:2 [3]:17
[0]:4108858573 [1]:1 [2]:2 [3]:19
[0]:3919330247 [1]:1 [2]:2 [3]:17
[0]:3731628161 [1]:1 [2]:2 [3]:3
[0]:3542247460 [1]:1 [2]:2 [3]:6
[0]:3328807313 [1]:1 [2]:2 [3]:7
[0]:4144907012 [1]:1 [2]:2 [3]:8
[0]:3953148797 [1]:1 [2]:2 [3]:18
[0]:3764803561 [1]:1 [2]:2 [3]:8
[0]:3522246770 [1]:1 [2]:2 [3]:7
[0]:3325270901 [1]:1 [2]:2 [3]:8
[0]:4136800600 [1]:1 [2]:2 [3]:6
[0]:3944892102 [1]:1 [2]:2 [3]:6
[0]:3753829115 [1]:1 [2]:2 [3]:7
[0]:3548387456 [1]:1 [2]:2 [3]:6
[0]:3316869983 [1]:1 [2]:2 [3]:7
[0]:4058736271 [1]:1 [2]:2 [3]:21
[0]:3818564223 [1]:1 [2]:2 [3]:2
[0]:3573144961 [1]:1 [2]:2 [3]:7
[0]:3349071383 [1]:1 [2]:2 [3]:18
[0]:4104819655 [1]:1 [2]:2 [3]:5
[0]:3892738472 [1]:1 [2]:2 [3]:10
[0]:3685104186 [1]:1 [2]:2 [3]:3
[0]:3461051672 [1]:1 [2]:2 [3]:5
[0]:4253052505 [1]:1 [2]:2 [3]:5
[0]:3959476035 [1]:1 [2]:2 [3]:18
[0]:3749058656 [1]:1 [2]:2 [3]:5
[0]:3528833626 [1]:1 [2]:2 [3]:7
[0]:3307123267 [1]:1 [2]:2 [3]:21
[0]:4104859788 [1]:1 [2]:2 [3]:7
[0]:3912936633 [1]:1 [2]:2 [3]:7
[0]:3724289342 [1]:1 [2]:2 [3]:9
[0]:3528910220 [1]:1 [2]:2 [3]:8
[0]:3340887672 [1]:1 [2]:2 [3]:6
[0]:4149121683 [1]:1 [2]:2 [3]:7
[0]:3964814673 [1]:1 [2]:2 [3]:6
[0]:3773080412 [1]:1 [2]:2 [3]:18
[0]:3580898235 [1]:1 [2]:2 [3]:20
[0]:3392829933 [1]:1 [2]:2 [3]:18
[0]:4204842663 [1]:1 [2]:2 [3]:19
[0]:4012915388 [1]:1 [2]:2 [3]:7
[0]:3826287663 [1]:1 [2]:2 [3]:8
[0]:3616987050 [1]:1 [2]:2 [3]:17
[0]:3410410358 [1]:1 [2]:2 [3]:8
[0]:4209000607 [1]:1 [2]:2 [3]:19
[0]:4012913270 [1]:1 [2]:2 [3]:19
[0]:3768083101 [1]:1 [2]:2 [3]:6
[0]:3535682408 [1]:1 [2]:2 [3]:7
[0]:3321818517 [1]:1 [2]:2 [3]:6
[0]:4113041688 [1]:1 [2]:2 [3]:6
[0]:3920973207 [1]:1 [2]:2 [3]:7
[0]:3736539202 [1]:1 [2]:2 [3]:7
[0]:3551490535 [1]:1 [2]:2 [3]:3
[0]:4292497248 [1]:1 [2]:2 [3]:16
[0]:4101157407 [1]:1 [2]:2 [3]:8
[0]:3852420270 [1]:1 [2]:2 [3]:6
[0]:3657395170 [1]:1 [2]:2 [3]:9
[0]:3460934160 [1]:1 [2]:2 [3]:8
[0]:4278095278 [1]:1 [2]:2 [3]:9
[0]:4084999625 [1]:1 [2]:2 [3]:9
[0]:3895799085 [1]:1 [2]:2 [3]:15
[0]:3701043860 [1]:1 [2]:2 [3]:6
[0]:3487452926 [1]:1 [2]:2 [3]:17
[0]:4243833902 [1]:1 [2]:2 [3]:3
[0]:4012897341 [1]:1 [2]:2 [3]:6
[0]:3773316367 [1]:1 [2]:2 [3]:2
[0]:3534749847 [1]:1 [2]:2 [3]:7
[0]:4240505995 [1]:1 [2]:2 [3]:3
[0]:4021035765 [1]:1 [2]:2 [3]:6
[0]:3813675337 [1]:1 [2]:2 [3]:5
[0]:3601276138 [1]:1 [2]:2 [3]:8
[0]:3387580292 [1]:1 [2]:2 [3]:6
[0]:4165171337 [1]:1 [2]:2 [3]:18
[0]:3953140848 [1]:1 [2]:2 [3]:7
[0]:3718341295 [1]:1 [2]:2 [3]:17
[0]:3501429368 [1]:1 [2]:2 [3]:6
[0]:4278686635 [1]:1 [2]:2 [3]:17
[0]:4069253051 [1]:1 [2]:2 [3]:20
[0]:3846151370 [1]:1 [2]:2 [3]:3
[0]:3625075491 [1]:1 [2]:2 [3]:3
[0]:3433145127 [1]:1 [2]:2 [3]:3
[0]:4244923017 [1]:1 [2]:2 [3]:3
[0]:4053612927 [1]:1 [2]:2 [3]:3
[0]:3869798851 [1]:1 [2]:2 [3]:3
[0]:3672791072 [1]:1 [2]:2 [3]:2
[0]:3481036953 [1]:1 [2]:2 [3]:3
[0]:4288966683 [1]:1 [2]:2 [3]:3
[0]:4096338242 [1]:1 [2]:2 [3]:3
[0]:3897113122 [1]:1 [2]:2 [3]:2
[0]:3701095043 [1]:1 [2]:2 [3]:3
[0]:3505003255 [1]:1 [2]:2 [3]:3
[0]:3316991857 [1]:1 [2]:2 [3]:3
[0]:4120931151 [1]:1 [2]:2 [3]:3
[0]:3919455682 [1]:1 [2]:2 [3]:3
[0]:3719158236 [1]:1 [2]:2 [3]:3
[0]:3472366771 [1]:1 [2]:2 [3]:3
[0]:4225466016 [1]:1 [2]:2 [3]:3
[0]:4021465048 [1]:1 [2]:2 [3]:3
[0]:3817365367 [1]:1 [2]:2 [3]:3
[0]:3621170367 [1]:1 [2]:2 [3]:3
[0]:3425057371 [1]:1 [2]:2 [3]:3
[0]:4237121828 [1]:1 [2]:2 [3]:2
[0]:4049327797 [1]:1 [2]:2 [3]:2
[0]:3857457197 [1]:1 [2]:2 [3]:3
[0]:3665196290 [1]:1 [2]:2 [3]:3
[0]:3480372470 [1]:1 [2]:2 [3]:3
[0]:4260374280 [1]:1 [2]:2 [3]:3
[0]:4069373903 [1]:1 [2]:2 [3]:2
[0]:3869248943 [1]:1 [2]:2 [3]:3
[0]:3673082267 [1]:1 [2]:2 [3]:2
[0]:3484179875 [1]:1 [2]:2 [3]:2
[0]:3295362973 [1]:1 [2]:2 [3]:2
[0]:4089571076 [1]:1 [2]:2 [3]:3
[0]:3850319105 [1]:1 [2]:2 [3]:3
[0]:3613088138 [1]:1 [2]:2 [3]:3
[0]:3389042955 [1]:1 [2]:2 [3]:3
[0]:4172994762 [1]:1 [2]:2 [3]:3
[0]:3933198050 [1]:1 [2]:2 [3]:3
[0]:3728259885 [1]:1 [2]:2 [3]:3
[0]:3513060691 [1]:1 [2]:2 [3]:2
[0]:3297095661 [1]:1 [2]:2 [3]:3
[0]:4084561592 [1]:1 [2]:2 [3]:3
[0]:3873084927 [1]:1 [2]:2 [3]:2
[0]:3644413701 [1]:1 [2]:2 [3]:4
[0]:3432930085 [1]:1 [2]:2 [3]:3
[0]:4229049645 [1]:1 [2]:2 [3]:2
[0]:4016438886 [1]:1 [2]:2 [3]:3
[0]:3805083795 [1]:1 [2]:2 [3]:3
[0]:3593142151 [1]:1 [2]:2 [3]:2
[0]:3391467855 [1]:1 [2]:2 [3]:3
[0]:4201117496 [1]:1 [2]:2 [3]:3
[0]:4010667517 [1]:1 [2]:2 [3]:3
[0]:3817317243 [1]:1 [2]:2 [3]:3
[0]:3625119023 [1]:1 [2]:2 [3]:3
[0]:3436892495 [1]:1 [2]:2 [3]:3
[0]:4249026752 [1]:1 [2]:2 [3]:3
[0]:4057432023 [1]:1 [2]:2 [3]:3
[0]:3865312780 [1]:1 [2]:2 [3]:3
[0]:3672947155 [1]:1 [2]:2 [3]:3
[0]:3480438161 [1]:1 [2]:2 [3]:3
[0]:4250302205 [1]:1 [2]:2 [3]:3
[0]:4130693170 [1]:1 [2]:2 [3]:3
[0]:4049372966 [1]:1 [2]:2 [3]:3
[0]:3966261136 [1]:1 [2]:2 [3]:3
[0]:3881184607 [1]:1 [2]:2 [3]:3
[0]:3796964023 [1]:1 [2]:2 [3]:2
[0]:3709912227 [1]:1 [2]:2 [3]:3
[0]:3627602432 [1]:1 [2]:2 [3]:3
[0]:3409127657 [1]:1 [2]:2 [3]:3
[0]:4213147287 [1]:1 [2]:2 [3]:2
[0]:4024309016 [1]:1 [2]:2 [3]:3
[0]:3834813833 [1]:1 [2]:2 [3]:3
[0]:3648456701 [1]:1 [2]:2 [3]:3
[0]:3455838258 [1]:1 [2]:2 [3]:2
[0]:4265153327 [1]:1 [2]:2 [3]:3
[0]:4065139663 [1]:1 [2]:2 [3]:3
[0]:3880462708 [1]:1 [2]:2 [3]:4
[0]:3689122561 [1]:1 [2]:2 [3]:3
[0]:3501188098 [1]:1 [2]:2 [3]:3
[0]:3317157161 [1]:1 [2]:2 [3]:3
[0]:4128080618 [1]:1 [2]:2 [3]:3
[0]:3933174490 [1]:1 [2]:2 [3]:3
[0]:3742774055 [1]:1 [2]:2 [3]:3
[0]:3549055466 [1]:1 [2]:2 [3]:3
[0]:3361536977 [1]:1 [2]:2 [3]:3
[0]:4151399057 [1]:1 [2]:2 [3]:3
[0]:3920960508 [1]:1 [2]:2 [3]:3
[0]:3683157301 [1]:1 [2]:2 [3]:3
[0]:3453403331 [1]:1 [2]:2 [3]:3
[0]:4228490297 [1]:1 [2]:2 [3]:5
[0]:4013363463 [1]:1 [2]:2 [3]:3
[0]:3801112765 [1]:1 [2]:2 [3]:3
[0]:3592836200 [1]:1 [2]:2 [3]:3
[0]:3380356285 [1]:1 [2]:2 [3]:3
[0]:4167480665 [1]:1 [2]:2 [3]:3
[0]:3956498702 [1]:1 [2]:2 [3]:3
[0]:3737064392 [1]:1 [2]:2 [3]:3
[0]:3520919782 [1]:1 [2]:2 [3]:2
[0]:3313089677 [1]:1 [2]:2 [3]:3
[0]:4101167776 [1]:1 [2]:2 [3]:3
[0]:3888131507 [1]:1 [2]:2 [3]:2
[0]:3647871673 [1]:1 [2]:2 [3]:3
[0]:3445135577 [1]:1 [2]:2 [3]:3
[0]:4233144570 [1]:1 [2]:2 [3]:3
[0]:4042074675 [1]:1 [2]:2 [3]:3
[0]:3857139932 [1]:1 [2]:2 [3]:3
[0]:3633338903 [1]:1 [2]:2 [3]:2
[0]:3442119695 [1]:1 [2]:2 [3]:3
[0]:4253183620 [1]:1 [2]:2 [3]:2
[0]:4065337765 [1]:1 [2]:2 [3]:3
[0]:3877259681 [1]:1 [2]:2 [3]:2
[0]:3686900741 [1]:1 [2]:2 [3]:3
[0]:3500531553 [1]:1 [2]:2 [3]:4
[0]:3309492348 [1]:1 [2]:2 [3]:3
[0]:4118438366 [1]:1 [2]:2 [3]:3
[0]:3933255967 [1]:1 [2]:2 [3]:3
[0]:3737277536 [1]:1 [2]:2 [3]:3
[0]:3553198053 [1]:1 [2]:2 [3]:3
[0]:3353185776 [1]:1 [2]:2 [3]:3
[0]:4144382993 [1]:1 [2]:2 [3]:2
[0]:3910175435 [1]:1 [2]:2 [3]:2
[0]:3689189485 [1]:1 [2]:2 [3]:3
[0]:3493753410 [1]:1 [2]:2 [3]:3
[0]:3297187022 [1]:1 [2]:2 [3]:3
[0]:4097282752 [1]:1 [2]:2 [3]:3
[0]:3899476281 [1]:1 [2]:2 [3]:3
[0]:3705153158 [1]:1 [2]:2 [3]:3
[0]:3498558515 [1]:1 [2]:2 [3]:3
[0]:3305138075 [1]:1 [2]:2 [3]:3
[0]:4110136987 [1]:1 [2]:2 [3]:2
[0]:3900564421 [1]:1 [2]:2 [3]:3
[0]:3713262121 [1]:1 [2]:2 [3]:3
[0]:3525377945 [1]:1 [2]:2 [3]:2
[0]:3310895611 [1]:1 [2]:2 [3]:2
[0]:4114039042 [1]:1 [2]:2 [3]:3
[0]:3923400283 [1]:1 [2]:2 [3]:3
[0]:3735374506 [1]:1 [2]:2 [3]:2
[0]:3515397200 [1]:1 [2]:2 [3]:2
[0]:4279591090 [1]:1 [2]:2 [3]:3
[0]:4045817001 [1]:1 [2]:2 [3]:3
[0]:3789989607 [1]:1 [2]:2 [3]:3
[0]:3537536275 [1]:1 [2]:2 [3]:3
[0]:4277713582 [1]:1 [2]:2 [3]:3
[0]:4041256535 [1]:1 [2]:2 [3]:3
[0]:3821148225 [1]:1 [2]:2 [3]:3
[0]:3601198377 [1]:1 [2]:2 [3]:3
[0]:3389856157 [1]:1 [2]:2 [3]:3
[0]:4173184828 [1]:1 [2]:2 [3]:3
[0]:3957270045 [1]:1 [2]:2 [3]:3
[0]:3737406443 [1]:1 [2]:2 [3]:2
[0]:3522326710 [1]:1 [2]:2 [3]:2
[0]:3313815652 [1]:1 [2]:2 [3]:2
[0]:4119189148 [1]:1 [2]:2 [3]:2
[0]:3925859906 [1]:1 [2]:2 [3]:2
[0]:3709233508 [1]:1 [2]:2 [3]:4
[0]:3510055130 [1]:1 [2]:2 [3]:3
[0]:3317293836 [1]:1 [2]:2 [3]:3
[0]:4121057733 [1]:1 [2]:2 [3]:2
[0]:3930075283 [1]:1 [2]:2 [3]:3
[0]:3722961691 [1]:1 [2]:2 [3]:3
[0]:3526660031 [1]:1 [2]:2 [3]:3
[0]:3334180828 [1]:1 [2]:2 [3]:4
[0]:4142611902 [1]:1 [2]:2 [3]:3
[0]:3921483980 [1]:1 [2]:2 [3]:4
[0]:3729878660 [1]:1 [2]:2 [3]:3
[0]:3491346980 [1]:1 [2]:2 [3]:3
[0]:3300524686 [1]:1 [2]:2 [3]:2
[0]:4111175996 [1]:1 [2]:2 [3]:3
[0]:3891756450 [1]:1 [2]:2 [3]:3
[0]:3659424478 [1]:1 [2]:2 [3]:2
[0]:3391675077 [1]:1 [2]:2 [3]:3
[0]:4208638952 [1]:1 [2]:2 [3]:3
[0]:4013244360 [1]:1 [2]:2 [3]:3
[0]:3821321812 [1]:1 [2]:2 [3]:3
[0]:3589310473 [1]:1 [2]:2 [3]:3
[0]:3398779551 [1]:1 [2]:2 [3]:3
[0]:4213278830 [1]:1 [2]:2 [3]:3
[0]:4024416172 [1]:1 [2]:2 [3]:3
[0]:3825200817 [1]:1 [2]:2 [3]:3
[0]:3629433845 [1]:1 [2]:2 [3]:3
[0]:3432665095 [1]:1 [2]:2 [3]:3
[0]:4236618571 [1]:1 [2]:2 [3]:3
[0]:4045315685 [1]:1 [2]:2 [3]:3
[0]:3851184328 [1]:1 [2]:2 [3]:3
[0]:3665422086 [1]:1 [2]:2 [3]:3
[0]:3417631825 [1]:1 [2]:2 [3]:3
[0]:4176693235 [1]:1 [2]:2 [3]:3
[0]:3909985072 [1]:1 [2]:2 [3]:3
[0]:3671213141 [1]:1 [2]:2 [3]:3
[0]:3428637192 [1]:1 [2]:2 [3]:2
[0]:4176874708 [1]:1 [2]:2 [3]:3
[0]:3931058563 [1]:1 [2]:2 [3]:2
[0]:3713232646 [1]:1 [2]:2 [3]:3
[0]:3508583760 [1]:1 [2]:2 [3]:3
[0]:4285939927 [1]:1 [2]:2 [3]:2
[0]:4073344410 [1]:1 [2]:2 [3]:3
[0]:3853296356 [1]:1 [2]:2 [3]:3
[0]:3593398377 [1]:1 [2]:2 [3]:3
[0]:3353772767 [1]:1 [2]:2 [3]:3
[0]:4149185091 [1]:1 [2]:2 [3]:3
[0]:3945348671 [1]:1 [2]:2 [3]:3
[0]:3733420567 [1]:1 [2]:2 [3]:3
[0]:3545798852 [1]:1 [2]:2 [3]:3
[0]:3353966251 [1]:1 [2]:2 [3]:3
[0]:4165373728 [1]:1 [2]:2 [3]:3
[0]:3956590046 [1]:1 [2]:2 [3]:2
[0]:3753700960 [1]:1 [2]:2 [3]:3
[0]:3535453078 [1]:1 [2]:2 [3]:2
[0]:3347685712 [1]:1 [2]:2 [3]:17
[0]:4157478837 [1]:1 [2]:2 [3]:9
[0]:3965656581 [1]:1 [2]:2 [3]:3
[0]:3778756800 [1]:1 [2]:2 [3]:18
[0]:3589356837 [1]:1 [2]:2 [3]:9
[0]:3403225078 [1]:1 [2]:2 [3]:18
[0]:4181552398 [1]:1 [2]:2 [3]:20
[0]:3985431600 [1]:1 [2]:2 [3]:16
[0]:3774463972 [1]:1 [2]:2 [3]:3
[0]:3468066156 [1]:1 [2]:2 [3]:6
[0]:4233445781 [1]:1 [2]:2 [3]:16
[0]:4037352450 [1]:1 [2]:2 [3]:17
[0]:3841436716 [1]:1 [2]:2 [3]:19
[0]:3653474305 [1]:1 [2]:2 [3]:6
[0]:3453664692 [1]:1 [2]:2 [3]:9
[0]:4265071202 [1]:1 [2]:2 [3]:7
[0]:4073444975 [1]:1 [2]:2 [3]:18
[0]:3885791593 [1]:1 [2]:2 [3]:3
[0]:3699270947 [1]:1 [2]:2 [3]:7
[0]:3493591025 [1]:1 [2]:2 [3]:21
[0]:3299208616 [1]:1 [2]:2 [3]:3
[0]:4107573378 [1]:1 [2]:2 [3]:3
[0]:3910494912 [1]:1 [2]:2 [3]:16
[0]:3721397153 [1]:1 [2]:2 [3]:7
[0]:3537480753 [1]:1 [2]:2 [3]:16
[0]:3313441530 [1]:1 [2]:2 [3]:17
[0]:4105766103 [1]:1 [2]:2 [3]:7
[0]:3863811796 [1]:1 [2]:2 [3]:6
[0]:3632499821 [1]:1 [2]:2 [3]:12
[0]:3409457910 [1]:1 [2]:2 [3]:8
[0]:4201434890 [1]:1 [2]:2 [3]:7
[0]:3957499190 [1]:1 [2]:2 [3]:6
[0]:3741445555 [1]:1 [2]:2 [3]:5
[0]:3521393695 [1]:1 [2]:2 [3]:17
[0]:3310036193 [1]:1 [2]:2 [3]:3
[0]:4093418927 [1]:1 [2]:2 [3]:9
[0]:3888995553 [1]:1 [2]:2 [3]:19
[0]:3677078520 [1]:1 [2]:2 [3]:7
[0]:3463647468 [1]:1 [2]:2 [3]:8
[0]:4249466717 [1]:1 [2]:2 [3]:16
[0]:4035849117 [1]:1 [2]:2 [3]:16
[0]:3829235948 [1]:1 [2]:2 [3]:7
[0]:3635716633 [1]:1 [2]:2 [3]:7
[0]:3437472791 [1]:1 [2]:2 [3]:8
[0]:4253596607 [1]:1 [2]:2 [3]:8
[0]:4061438242 [1]:1 [2]:2 [3]:19
[0]:3868308731 [1]:1 [2]:2 [3]:8
[0]:3673662328 [1]:1 [2]:2 [3]:8
[0]:3485483395 [1]:1 [2]:2 [3]:7
[0]:3297548326 [1]:1 [2]:2 [3]:8
[0]:4101585106 [1]:1 [2]:2 [3]:17
[0]:3909693413 [1]:1 [2]:2 [3]:7
[0]:3713472225 [1]:1 [2]:2 [3]:10
[0]:3518285373 [1]:1 [2]:2 [3]:9
[0]:4289517618 [1]:1 [2]:2 [3]:17
[0]:4045892768 [1]:1 [2]:2 [3]:9
[0]:3851398771 [1]:1 [2]:2 [3]:16
[0]:3663175608 [1]:1 [2]:2 [3]:3
[0]:3460249986 [1]:1 [2]:2 [3]:18
[0]:4220387335 [1]:1 [2]:2 [3]:3
[0]:3977962308 [1]:1 [2]:2 [3]:8
[0]:3777517037 [1]:1 [2]:2 [3]:7
[0]:3585236205 [1]:1 [2]:2 [3]:6
[0]:3393490370 [1]:1 [2]:2 [3]:7
[0]:4201010342 [1]:1 [2]:2 [3]:7
[0]:4014933526 [1]:1 [2]:2 [3]:18
[0]:3823964488 [1]:1 [2]:2 [3]:6
[0]:3581570681 [1]:1 [2]:2 [3]:8
[0]:3393431580 [1]:1 [2]:2 [3]:6
[0]:4201729243 [1]:1 [2]:2 [3]:6
[0]:4005755196 [1]:1 [2]:2 [3]:16
[0]:3809681933 [1]:1 [2]:2 [3]:8
[0]:3619226856 [1]:1 [2]:2 [3]:7
[0]:3426532758 [1]:1 [2]:2 [3]:3
[0]:4235835148 [1]:1 [2]:2 [3]:3
[0]:4045484043 [1]:1 [2]:2 [3]:16
[0]:3826776116 [1]:1 [2]:2 [3]:19
[0]:3540451423 [1]:1 [2]:2 [3]:7
[0]:4268636705 [1]:1 [2]:2 [3]:4
[0]:4033481080 [1]:1 [2]:2 [3]:16
[0]:3749603767 [1]:1 [2]:2 [3]:5
[0]:3529398715 [1]:1 [2]:2 [3]:18
[0]:3317235693 [1]:1 [2]:2 [3]:18
[0]:4057429502 [1]:1 [2]:2 [3]:5
[0]:3844071317 [1]:1 [2]:2 [3]:10
[0]:3625527272 [1]:1 [2]:2 [3]:7
[0]:3420585420 [1]:1 [2]:2 [3]:3
[0]:4193505011 [1]:1 [2]:2 [3]:9
[0]:3969120160 [1]:1 [2]:2 [3]:8
[0]:3753456428 [1]:1 [2]:2 [3]:20
[0]:3536645188 [1]:1 [2]:2 [3]:3
[0]:3333700543 [1]:1 [2]:2 [3]:18
[0]:4122357417 [1]:1 [2]:2 [3]:7
[0]:3931102898 [1]:1 [2]:2 [3]:4
[0]:3741587033 [1]:1 [2]:2 [3]:9
[0]:3547927827 [1]:1 [2]:2 [3]:3
[0]:3358295220 [1]:1 [2]:2 [3]:6
[0]:4168575348 [1]:1 [2]:2 [3]:6
[0]:3957317837 [1]:1 [2]:2 [3]:6
[0]:3764556702 [1]:1 [2]:2 [3]:3
[0]:3566890445 [1]:1 [2]:2 [3]:8
[0]:3377830037 [1]:1 [2]:2 [3]:3
[0]:4157717205 [1]:1 [2]:2 [3]:19
[0]:3933535376 [1]:1 [2]:2 [3]:6
[0]:3747998208 [1]:1 [2]:2 [3]:8
[0]:3553741640 [1]:1 [2]:2 [3]:19
[0]:3366135461 [1]:1 [2]:2 [3]:3
[0]:4145873753 [1]:1 [2]:2 [3]:20
[0]:3881565938 [1]:1 [2]:2 [3]:18
[0]:3658208197 [1]:1 [2]:2 [3]:7
[0]:3419586546 [1]:1 [2]:2 [3]:8
[0]:4225750443 [1]:1 [2]:2 [3]:19
[0]:4033621596 [1]:1 [2]:2 [3]:6
[0]:3841525241 [1]:1 [2]:2 [3]:18
[0]:3641781621 [1]:1 [2]:2 [3]:9
[0]:3452559290 [1]:1 [2]:2 [3]:15
[0]:4258152322 [1]:1 [2]:2 [3]:8
[0]:4069627640 [1]:1 [2]:2 [3]:8
[0]:3872399716 [1]:1 [2]:2 [3]:8
[0]:3683311183 [1]:1 [2]:2 [3]:8
[0]:3489605061 [1]:1 [2]:2 [3]:15
[0]:4291241996 [1]:1 [2]:2 [3]:2
[0]:4091016280 [1]:1 [2]:2 [3]:19
[0]:3901585598 [1]:1 [2]:2 [3]:7
[0]:3711834412 [1]:1 [2]:2 [3]:2
[0]:3473539870 [1]:1 [2]:2 [3]:7
[0]:4169305151 [1]:1 [2]:2 [3]:9
[0]:3922533490 [1]:1 [2]:2 [3]:7
[0]:3689596070 [1]:1 [2]:2 [3]:5
[0]:3473625473 [1]:1 [2]:2 [3]:16
[0]:4262065208 [1]:1 [2]:2 [3]:8
[0]:4049422847 [1]:1 [2]:2 [3]:19
[0]:3829623465 [1]:1 [2]:2 [3]:10
[0]:3616983376 [1]:1 [2]:2 [3]:6
[0]:3397970840 [1]:1 [2]:2 [3]:11
[0]:4181574348 [1]:1 [2]:2 [3]:8
[0]:3965875988 [1]:1 [2]:2 [3]:19
[0]:3757909491 [1]:1 [2]:2 [3]:8
[0]:3541533432 [1]:1 [2]:2 [3]:6
[0]:3317845778 [1]:1 [2]:2 [3]:7
[0]:4085799371 [1]:1 [2]:2 [3]:17
[0]:3893579691 [1]:1 [2]:2 [3]:18
[0]:3701786700 [1]:1 [2]:2 [3]:6
[0]:3515068022 [1]:1 [2]:2 [3]:15
[0]:3301762397 [1]:1 [2]:2 [3]:8
[0]:4110683620 [1]:1 [2]:2 [3]:19
[0]:3914931643 [1]:1 [2]:2 [3]:9
[0]:3725567732 [1]:1 [2]:2 [3]:5
[0]:3534037588 [1]:1 [2]:2 [3]:9
[0]:3325680595 [1]:1 [2]:2 [3]:15
[0]:4206415292 [1]:1 [2]:2 [3]:18
[0]:4126790102 [1]:1 [2]:2 [3]:7
[0]:4041015788 [1]:1 [2]:2 [3]:19
[0]:3945784367 [1]:1 [2]:2 [3]:3
[0]:3859155175 [1]:1 [2]:2 [3]:7
[0]:3777089542 [1]:1 [2]:2 [3]:18
[0]:3692200817 [1]:1 [2]:2 [3]:3
[0]:3603941057 [1]:1 [2]:2 [3]:18
[0]:3521674111 [1]:1 [2]:2 [3]:6
[0]:3436546475 [1]:1 [2]:2 [3]:3
[0]:3351561340 [1]:1 [2]:2 [3]:18
[0]:4271563637 [1]:1 [2]:2 [3]:3
[0]:4185659235 [1]:1 [2]:2 [3]:6
[0]:4099521557 [1]:1 [2]:2 [3]:2
[0]:4014110800 [1]:1 [2]:2 [3]:3
[0]:3931292277 [1]:1 [2]:2 [3]:8
[0]:3847787291 [1]:1 [2]:2 [3]:6
[0]:3765661680 [1]:1 [2]:2 [3]:10
[0]:3688233152 [1]:1 [2]:2 [3]:8
[0]:3602906618 [1]:1 [2]:2 [3]:18
[0]:3520118158 [1]:1 [2]:2 [3]:3
[0]:3443172998 [1]:1 [2]:2 [3]:17
[0]:3359008141 [1]:1 [2]:2 [3]:3
[0]:4278420093 [1]:1 [2]:2 [3]:19
[0]:4194757435 [1]:1 [2]:2 [3]:3
[0]:4117731962 [1]:1 [2]:2 [3]:8
[0]:4035391018 [1]:1 [2]:2 [3]:3
[0]:3947813260 [1]:1 [2]:2 [3]:7
[0]:3863892761 [1]:1 [2]:2 [3]:5
[0]:3782153145 [1]:1 [2]:2 [3]:5
[0]:3699067093 [1]:1 [2]:2 [3]:14
[0]:3616107671 [1]:1 [2]:2 [3]:3
[0]:3529357850 [1]:1 [2]:2 [3]:19
[0]:3444010875 [1]:1 [2]:2 [3]:2
[0]:3361277352 [1]:1 [2]:2 [3]:17
[0]:4275381781 [1]:1 [2]:2 [3]:18
[0]:4191042375 [1]:1 [2]:2 [3]:7
[0]:4103370925 [1]:1 [2]:2 [3]:3
[0]:4016627746 [1]:1 [2]:2 [3]:15
[0]:3929957775 [1]:1 [2]:2 [3]:3
[0]:3842586261 [1]:1 [2]:2 [3]:9
[0]:3759658030 [1]:1 [2]:2 [3]:5
[0]:3673442103 [1]:1 [2]:2 [3]:8
[0]:3587764683 [1]:1 [2]:2 [3]:5
[0]:3503595740 [1]:1 [2]:2 [3]:2
[0]:3419411313 [1]:1 [2]:2 [3]:9
[0]:3334520538 [1]:1 [2]:2 [3]:7
[0]:4249057473 [1]:1 [2]:2 [3]:9
[0]:4161781422 [1]:1 [2]:2 [3]:9
[0]:4081221676 [1]:1 [2]:2 [3]:5
[0]:3995259238 [1]:1 [2]:2 [3]:3
[0]:3911074883 [1]:1 [2]:2 [3]:2
[0]:3825238886 [1]:1 [2]:2 [3]:8
[0]:3737312847 [1]:1 [2]:2 [3]:7
[0]:3655568256 [1]:1 [2]:2 [3]:8
[0]:3569383057 [1]:1 [2]:2 [3]:6
[0]:3483185368 [1]:1 [2]:2 [3]:19
[0]:3398646227 [1]:1 [2]:2 [3]:18
[0]:3315254012 [1]:1 [2]:2 [3]:3
[0]:4231387910 [1]:1 [2]:2 [3]:8
[0]:4146173318 [1]:1 [2]:2 [3]:5
[0]:4063744876 [1]:1 [2]:2 [3]:17
[0]:3977376128 [1]:1 [2]:2 [3]:7
[0]:3889083678 [1]:1 [2]:2 [3]:18
[0]:3803339262 [1]:1 [2]:2 [3]:7
[0]:3717929620 [1]:1 [2]:2 [3]:17
[0]:3632467783 [1]:1 [2]:2 [3]:18
[0]:3547770177 [1]:1 [2]:2 [3]:9
[0]:3463686428 [1]:1 [2]:2 [3]:7
[0]:3376627637 [1]:1 [2]:2 [3]:3
[0]:4289763385 [1]:1 [2]:2 [3]:17
[0]:4202622470 [1]:1 [2]:2 [3]:7
[0]:4118055227 [1]:1 [2]:2 [3]:8
[0]:4033728783 [1]:1 [2]:2 [3]:20
[0]:3949104640 [1]:1 [2]:2 [3]:7
[0]:3866199485 [1]:1 [2]:2 [3]:7
[0]:3781674256 [1]:1 [2]:2 [3]:16
[0]:3696093093 [1]:1 [2]:2 [3]:3
[0]:3612700586 [1]:1 [2]:2 [3]:19
[0]:3527164861 [1]:1 [2]:2 [3]:8
[0]:3443583501 [1]:1 [2]:2 [3]:3
[0]:3360863626 [1]:1 [2]:2 [3]:8
[0]:4268983828 [1]:1 [2]:2 [3]:8
[0]:4181382555 [1]:1 [2]:2 [3]:18
[0]:4096876272 [1]:1 [2]:2 [3]:7
[0]:4010788723 [1]:1 [2]:2 [3]:18
[0]:3927041863 [1]:1 [2]:2 [3]:3
[0]:3840744261 [1]:1 [2]:2 [3]:6
[0]:3753201020 [1]:1 [2]:2 [3]:9
[0]:3667930421 [1]:1 [2]:2 [3]:3
[0]:3584442185 [1]:1 [2]:2 [3]:7
[0]:3496549232 [1]:1 [2]:2 [3]:2
[0]:3411230726 [1]:1 [2]:2 [3]:6
[0]:3325684220 [1]:1 [2]:2 [3]:8
[0]:4238189262 [1]:1 [2]:2 [3]:3
[0]:4152338638 [1]:1 [2]:2 [3]:17
[0]:4066968453 [1]:1 [2]:2 [3]:3
[0]:3983567733 [1]:1 [2]:2 [3]:6
[0]:3901848170 [1]:1 [2]:2 [3]:14
[0]:3813479156 [1]:1 [2]:2 [3]:17
[0]:3727591902 [1]:1 [2]:2 [3]:2
[0]:3643283963 [1]:1 [2]:2 [3]:19
[0]:3559226810 [1]:1 [2]:2 [3]:5
[0]:3476400757 [1]:1 [2]:2 [3]:3
[0]:3399139606 [1]:1 [2]:2 [3]:7
[0]:3316534027 [1]:1 [2]:2 [3]:3
[0]:4235019175 [1]:1 [2]:2 [3]:2
[0]:4152053518 [1]:1 [2]:2 [3]:8
[0]:4064538961 [1]:1 [2]:2 [3]:6
[0]:3971700017 [1]:1 [2]:2 [3]:18
[0]:3890746601 [1]:1 [2]:2 [3]:20
[0]:3808032513 [1]:1 [2]:2 [3]:9
[0]:3721880023 [1]:1 [2]:2 [3]:17
[0]:3636076425 [1]:1 [2]:2 [3]:3
[0]:3544847251 [1]:1 [2]:2 [3]:3
[0]:3462556985 [1]:1 [2]:2 [3]:18
[0]:3380109492 [1]:1 [2]:2 [3]:11
[0]:3299353072 [1]:1 [2]:2 [3]:3
[0]:4215216391 [1]:1 [2]:2 [3]:3
[0]:4130908942 [1]:1 [2]:2 [3]:16
[0]:4045220938 [1]:1 [2]:2 [3]:6
[0]:3961989065 [1]:1 [2]:2 [3]:19
[0]:3874200176 [1]:1 [2]:2 [3]:16
[0]:3788685032 [1]:1 [2]:2 [3]:11
[0]:3705271723 [1]:1 [2]:2 [3]:3
[0]:3622057288 [1]:1 [2]:2 [3]:3
[0]:3537377832 [1]:1 [2]:2 [3]:3
[0]:3453059210 [1]:1 [2]:2 [3]:3
[0]:3367790071 [1]:1 [2]:2 [3]:2
[0]:4283034336 [1]:1 [2]:2 [3]:3
[0]:4201123173 [1]:1 [2]:2 [3]:4
[0]:4116954976 [1]:1 [2]:2 [3]:3
[0]:4037126021 [1]:1 [2]:2 [3]:3
[0]:3950904015 [1]:1 [2]:2 [3]:2
[0]:3866561195 [1]:1 [2]:2 [3]:3
[0]:3788287473 [1]:1 [2]:2 [3]:3
[0]:3707569876 [1]:1 [2]:2 [3]:3
[0]:3624845696 [1]:1 [2]:2 [3]:3
[0]:3541130208 [1]:1 [2]:2 [3]:3
[0]:3453875545 [1]:1 [2]:2 [3]:3
[0]:3371877838 [1]:1 [2]:2 [3]:3
[0]:4289134588 [1]:1 [2]:2 [3]:5
[0]:4203348310 [1]:1 [2]:2 [3]:2
[0]:4121229126 [1]:1 [2]:2 [3]:3
[0]:4034075388 [1]:1 [2]:2 [3]:2
[0]:3953135137 [1]:1 [2]:2 [3]:3
[0]:3868643243 [1]:1 [2]:2 [3]:3
[0]:3785646550 [1]:1 [2]:2 [3]:3
[0]:3700418100 [1]:1 [2]:2 [3]:3
[0]:3614907083 [1]:1 [2]:2 [3]:3
[0]:3533140241 [1]:1 [2]:2 [3]:3
[0]:3449160332 [1]:1 [2]:2 [3]:3
[0]:3364029986 [1]:1 [2]:2 [3]:3
[0]:4277142941 [1]:1 [2]:2 [3]:3
[0]:4193701943 [1]:1 [2]:2 [3]:3
[0]:4106055313 [1]:1 [2]:2 [3]:3
[0]:4022994636 [1]:1 [2]:2 [3]:2
[0]:3939151768 [1]:1 [2]:2 [3]:3
[0]:3854524730 [1]:1 [2]:2 [3]:3
[0]:3769169315 [1]:1 [2]:2 [3]:3
[0]:3682194633 [1]:1 [2]:2 [3]:3
[0]:3598167301 [1]:1 [2]:2 [3]:4
[0]:3510739246 [1]:1 [2]:2 [3]:3
[0]:3427197358 [1]:1 [2]:2 [3]:3
[0]:3342202961 [1]:1 [2]:2 [3]:3
[0]:4261152461 [1]:1 [2]:2 [3]:3
[0]:4171066116 [1]:1 [2]:2 [3]:3
[0]:4085362622 [1]:1 [2]:2 [3]:3
[0]:4005152998 [1]:1 [2]:2 [3]:3
[0]:3921155263 [1]:1 [2]:2 [3]:3
[0]:3834941951 [1]:1 [2]:2 [3]:2
[0]:3751034007 [1]:1 [2]:2 [3]:3
[0]:3666877613 [1]:1 [2]:2 [3]:3
[0]:3585156937 [1]:1 [2]:2 [3]:3
[0]:3498980201 [1]:1 [2]:2 [3]:3
[0]:3415080040 [1]:1 [2]:2 [3]:3
[0]:3332956071 [1]:1 [2]:2 [3]:3
[0]:4248280203 [1]:1 [2]:2 [3]:3
[0]:4165162537 [1]:1 [2]:2 [3]:3
[0]:4081179300 [1]:1 [2]:2 [3]:3
[0]:3995700285 [1]:1 [2]:2 [3]:3
[0]:3911020223 [1]:1 [2]:2 [3]:2
[0]:3827058327 [1]:1 [2]:2 [3]:3
[0]:3743443225 [1]:1 [2]:2 [3]:3
[0]:3659027977 [1]:1 [2]:2 [3]:3
[0]:3575213962 [1]:1 [2]:2 [3]:2
[0]:3491137611 [1]:1 [2]:2 [3]:3
[0]:3405539016 [1]:1 [2]:2 [3]:3
[0]:3320964502 [1]:1 [2]:2 [3]:3
[0]:4237665533 [1]:1 [2]:2 [3]:3
[0]:4153171968 [1]:1 [2]:2 [3]:3
[0]:4069173168 [1]:1 [2]:2 [3]:3
[0]:3989174018 [1]:1 [2]:2 [3]:3
[0]:3902787683 [1]:1 [2]:2 [3]:3
[0]:3818591083 [1]:1 [2]:2 [3]:2
[0]:3733176517 [1]:1 [2]:2 [3]:3
[0]:3653175540 [1]:1 [2]:2 [3]:3
[0]:3566014881 [1]:1 [2]:2 [3]:3
[0]:3481833736 [1]:1 [2]:2 [3]:3
[0]:3397202212 [1]:1 [2]:2 [3]:3
[0]:3307378637 [1]:1 [2]:2 [3]:4
[0]:4222533857 [1]:1 [2]:2 [3]:3
[0]:4138453901 [1]:1 [2]:2 [3]:3
[0]:4053619295 [1]:1 [2]:2 [3]:3
[0]:3969856820 [1]:1 [2]:2 [3]:3
[0]:3885143338 [1]:1 [2]:2 [3]:3
[0]:3804130438 [1]:1 [2]:2 [3]:3
[0]:3717422118 [1]:1 [2]:2 [3]:3
[0]:3632525781 [1]:1 [2]:2 [3]:3
[0]:3545809045 [1]:1 [2]:2 [3]:3
[0]:3459472278 [1]:1 [2]:2 [3]:2
[0]:3376077151 [1]:1 [2]:2 [3]:3
[0]:3297194180 [1]:1 [2]:2 [3]:3
[0]:4213292167 [1]:1 [2]:2 [3]:3
[0]:4128761848 [1]:1 [2]:2 [3]:3
[0]:4043225272 [1]:1 [2]:2 [3]:2
[0]:3957563745 [1]:1 [2]:2 [3]:3
[0]:3873194051 [1]:1 [2]:2 [3]:3
[0]:3781299143 [1]:1 [2]:2 [3]:2
[0]:3693194238 [1]:1 [2]:2 [3]:3
[0]:3608751722 [1]:1 [2]:2 [3]:2
[0]:3524356321 [1]:1 [2]:2 [3]:3
[0]:3442777707 [1]:1 [2]:2 [3]:3
[0]:3361197285 [1]:1 [2]:2 [3]:3
[0]:4273910946 [1]:1 [2]:2 [3]:3
[0]:4188639776 [1]:1 [2]:2 [3]:3
[0]:4101199811 [1]:1 [2]:2 [3]:3
[0]:4014469265 [1]:1 [2]:2 [3]:3
[0]:3927644482 [1]:1 [2]:2 [3]:3
[0]:3848361773 [1]:1 [2]:2 [3]:3
[0]:3764785752 [1]:1 [2]:2 [3]:3
[0]:3673696576 [1]:1 [2]:2 [3]:2
[0]:3596861913 [1]:1 [2]:2 [3]:3
[0]:3515974797 [1]:1 [2]:2 [3]:3
[0]:3430235325 [1]:1 [2]:2 [3]:3
[0]:3349227907 [1]:1 [2]:2 [3]:4
[0]:4257207815 [1]:1 [2]:2 [3]:3
[0]:4172201110 [1]:1 [2]:2 [3]:3
[0]:4087719551 [1]:1 [2]:2 [3]:3
[0]:4002983257 [1]:1 [2]:2 [3]:3
[0]:3921210732 [1]:1 [2]:2 [3]:3
[0]:3835753568 [1]:1 [2]:2 [3]:3
[0]:3751346708 [1]:1 [2]:2 [3]:3
[0]:3665228282 [1]:1 [2]:2 [3]:3
[0]:3578964102 [1]:1 [2]:2 [3]:3
[0]:3491543778 [1]:1 [2]:2 [3]:2
[0]:3407113265 [1]:1 [2]:2 [3]:3
[0]:3323806807 [1]:1 [2]:2 [3]:3
[0]:4241596757 [1]:1 [2]:2 [3]:2
[0]:4157216950 [1]:1 [2]:2 [3]:3
[0]:4070643306 [1]:1 [2]:2 [3]:2
[0]:3986149095 [1]:1 [2]:2 [3]:3
[0]:3905219576 [1]:1 [2]:2 [3]:3
[0]:3822058086 [1]:1 [2]:2 [3]:3
[0]:3741226378 [1]:1 [2]:2 [3]:3
[0]:3656578383 [1]:1 [2]:2 [3]:3
[0]:3575148582 [1]:1 [2]:2 [3]:3
[0]:3489241083 [1]:1 [2]:2 [3]:3
[0]:3405264408 [1]:1 [2]:2 [3]:2
[0]:3319738838 [1]:1 [2]:2 [3]:2
[0]:4237226241 [1]:1 [2]:2 [3]:3
[0]:4152845526 [1]:1 [2]:2 [3]:3
[0]:4071000171 [1]:1 [2]:2 [3]:3
[0]:3989228453 [1]:1 [2]:2 [3]:3
[0]:3904672620 [1]:1 [2]:2 [3]:3
[0]:3821932370 [1]:1 [2]:2 [3]:3
[0]:3740132246 [1]:1 [2]:2 [3]:2
[0]:3655912901 [1]:1 [2]:2 [3]:2
[0]:3571127676 [1]:1 [2]:2 [3]:3
[0]:3486585712 [1]:1 [2]:2 [3]:3
[0]:3403793367 [1]:1 [2]:2 [3]:2
[0]:3325238460 [1]:1 [2]:2 [3]:3
[0]:4245235557 [1]:1 [2]:2 [3]:3
[0]:4160934700 [1]:1 [2]:2 [3]:3
[0]:4074187786 [1]:1 [2]:2 [3]:2
[0]:3988844610 [1]:1 [2]:2 [3]:3
[0]:3901641910 [1]:1 [2]:2 [3]:3
[0]:3816216446 [1]:1 [2]:2 [3]:3
[0]:3733240233 [1]:1 [2]:2 [3]:3
[0]:3648120990 [1]:1 [2]:2 [3]:3
[0]:3563141805 [1]:1 [2]:2 [3]:3
[0]:3481265197 [1]:1 [2]:2 [3]:3
[0]:3397245352 [1]:1 [2]:2 [3]:3
[0]:3309586251 [1]:1 [2]:2 [3]:3
[0]:4225243390 [1]:1 [2]:2 [3]:3
[0]:4141250838 [1]:1 [2]:2 [3]:3
[0]:4054659585 [1]:1 [2]:2 [3]:2
[0]:3970418807 [1]:1 [2]:2 [3]:2
[0]:3885272638 [1]:1 [2]:2 [3]:3
[0]:3800293893 [1]:1 [2]:2 [3]:3
[0]:3716493946 [1]:1 [2]:2 [3]:3
[0]:3625715952 [1]:1 [2]:2 [3]:3
[0]:3539068333 [1]:1 [2]:2 [3]:3
[0]:3456107161 [1]:1 [2]:2 [3]:3
[0]:3372601571 [1]:1 [2]:2 [3]:2
[0]:4284521500 [1]:1 [2]:2 [3]:2
[0]:4205254782 [1]:1 [2]:2 [3]:3
[0]:4117421040 [1]:1 [2]:2 [3]:2
[0]:4034140220 [1]:1 [2]:2 [3]:3
[0]:3946458732 [1]:1 [2]:2 [3]:3
[0]:3862395147 [1]:1 [2]:2 [3]:2
[0]:3775343505 [1]:1 [2]:2 [3]:3
[0]:3691890588 [1]:1 [2]:2 [3]:3
[0]:3608656372 [1]:1 [2]:2 [3]:3
[0]:3525260712 [1]:1 [2]:2 [3]:4
[0]:3437936646 [1]:1 [2]:2 [3]:3
[0]:3357507688 [1]:1 [2]:2 [3]:3
[0]:4275261383 [1]:1 [2]:2 [3]:3
[0]:4191474811 [1]:1 [2]:2 [3]:3
[0]:4106868505 [1]:1 [2]:2 [3]:3
[0]:4025264438 [1]:1 [2]:2 [3]:3
[0]:3938777333 [1]:1 [2]:2 [3]:3
[0]:3855086630 [1]:1 [2]:2 [3]:3
[0]:3770817830 [1]:1 [2]:2 [3]:3
[0]:3685268740 [1]:1 [2]:2 [3]:3
[0]:3597982531 [1]:1 [2]:2 [3]:3
[0]:3512958611 [1]:1 [2]:2 [3]:2
[0]:3428270746 [1]:1 [2]:2 [3]:3
[0]:3343495273 [1]:1 [2]:2 [3]:2
[0]:4258675478 [1]:1 [2]:2 [3]:3
[0]:4171812046 [1]:1 [2]:2 [3]:3
[0]:4087236888 [1]:1 [2]:2 [3]:2
[0]:4005274463 [1]:1 [2]:2 [3]:3
[0]:3920410143 [1]:1 [2]:2 [3]:2
[0]:3835348061 [1]:1 [2]:2 [3]:3
[0]:3751151757 [1]:1 [2]:2 [3]:3
[0]:3664882223 [1]:1 [2]:2 [3]:2
[0]:3578745360 [1]:1 [2]:2 [3]:2
[0]:3493333232 [1]:1 [2]:2 [3]:3
[0]:3413279566 [1]:1 [2]:2 [3]:3
[0]:3323997386 [1]:1 [2]:2 [3]:3
[0]:4237281921 [1]:1 [2]:2 [3]:3
[0]:4151240176 [1]:1 [2]:2 [3]:3
[0]:4068555051 [1]:1 [2]:2 [3]:3
[0]:3982718636 [1]:1 [2]:2 [3]:3
[0]:3901285828 [1]:1 [2]:2 [3]:3
[0]:3812371221 [1]:1 [2]:2 [3]:3
[0]:3729285792 [1]:1 [2]:2 [3]:3
[0]:3630911870 [1]:1 [2]:2 [3]:3
[0]:3417757328 [1]:1 [2]:2 [3]:2
[0]:4189858216 [1]:1 [2]:2 [3]:3
[0]:3998475277 [1]:1 [2]:2 [3]:3
[0]:3805763853 [1]:1 [2]:2 [3]:2
[0]:3615779350 [1]:1 [2]:2 [3]:3
[0]:3425811032 [1]:1 [2]:2 [3]:3
[0]:4237849431 [1]:1 [2]:2 [3]:3
[0]:4045945975 [1]:1 [2]:2 [3]:3
[0]:3849984183 [1]:1 [2]:2 [3]:3
[0]:3661809923 [1]:1 [2]:2 [3]:3
[0]:3473692345 [1]:1 [2]:2 [3]:3
[0]:4281857847 [1]:1 [2]:2 [3]:3
[0]:4090893086 [1]:1 [2]:2 [3]:3
[0]:3905798195 [1]:1 [2]:2 [3]:3
[0]:3709772076 [1]:1 [2]:2 [3]:3
[0]:3524748151 [1]:1 [2]:2 [3]:3
[0]:3337345495 [1]:1 [2]:2 [3]:3
[0]:4122028361 [1]:1 [2]:2 [3]:3
[0]:3864540032 [1]:1 [2]:2 [3]:3
[0]:3649672427 [1]:1 [2]:2 [3]:3
[0]:3451041712 [1]:1 [2]:2 [3]:3
[0]:4249818937 [1]:1 [2]:2 [3]:2
[0]:4053715023 [1]:1 [2]:2 [3]:3
[0]:3853332567 [1]:1 [2]:2 [3]:3
[0]:3657258542 [1]:1 [2]:2 [3]:3
[0]:3462089896 [1]:1 [2]:2 [3]:3
[0]:4277338798 [1]:1 [2]:2 [3]:3
[0]:4086958787 [1]:1 [2]:2 [3]:2
[0]:3893911033 [1]:1 [2]:2 [3]:2
[0]:3701345083 [1]:1 [2]:2 [3]:3
[0]:3487244707 [1]:1 [2]:2 [3]:3
[0]:3297438418 [1]:1 [2]:2 [3]:2
[0]:4105799230 [1]:1 [2]:2 [3]:3
[0]:3916897617 [1]:1 [2]:2 [3]:3
[0]:3725380217 [1]:1 [2]:2 [3]:3
[0]:3501355481 [1]:1 [2]:2 [3]:3
[0]:4262157541 [1]:1 [2]:2 [3]:3
[0]:4001787830 [1]:1 [2]:2 [3]:3
[0]:3785772308 [1]:1 [2]:2 [3]:2
[0]:3577363577 [1]:1 [2]:2 [3]:3
[0]:3366138625 [1]:1 [2]:2 [3]:3
[0]:4153735116 [1]:1 [2]:2 [3]:3
[0]:3943988813 [1]:1 [2]:2 [3]:3
[0]:3725959513 [1]:1 [2]:2 [3]:2
[0]:3510646656 [1]:1 [2]:2 [3]:3
[0]:4294733998 [1]:1 [2]:2 [3]:3
[0]:4080303018 [1]:1 [2]:2 [3]:3
[0]:3868961330 [1]:1 [2]:2 [3]:3
[0]:3645728537 [1]:1 [2]:2 [3]:3
[0]:3429808388 [1]:1 [2]:2 [3]:3
[0]:4225776558 [1]:1 [2]:2 [3]:3
[0]:4024424763 [1]:1 [2]:2 [3]:3
[0]:3827454691 [1]:1 [2]:2 [3]:3
[0]:3641822917 [1]:1 [2]:2 [3]:3
[0]:3453394221 [1]:1 [2]:2 [3]:3
[0]:4261819821 [1]:1 [2]:2 [3]:3
[0]:4070742110 [1]:1 [2]:2 [3]:3
[0]:3878125647 [1]:1 [2]:2 [3]:3
[0]:3663590718 [1]:1 [2]:2 [3]:4
[0]:3465932033 [1]:1 [2]:2 [3]:3
[0]:4227578388 [1]:1 [2]:2 [3]:2
[0]:4037857011 [1]:1 [2]:2 [3]:2
[0]:3842120925 [1]:1 [2]:2 [3]:4
[0]:3655225816 [1]:1 [2]:2 [3]:3
[0]:3461891866 [1]:1 [2]:2 [3]:2
[0]:4265860092 [1]:1 [2]:2 [3]:3
[0]:4077419920 [1]:1 [2]:2 [3]:3
[0]:3850173828 [1]:1 [2]:2 [3]:3
[0]:3625776508 [1]:1 [2]:2 [3]:3
[0]:3418310002 [1]:1 [2]:2 [3]:3
[0]:4174102261 [1]:1 [2]:2 [3]:3
[0]:3917426873 [1]:1 [2]:2 [3]:5
[0]:3733456643 [1]:1 [2]:2 [3]:2
[0]:3539497152 [1]:1 [2]:2 [3]:3
[0]:3345931038 [1]:1 [2]:2 [3]:3
[0]:4154134550 [1]:1 [2]:2 [3]:4
[0]:3937819841 [1]:1 [2]:2 [3]:3
[0]:3718660260 [1]:1 [2]:2 [3]:3
[0]:3534334010 [1]:1 [2]:2 [3]:3
[0]:3346108192 [1]:1 [2]:2 [3]:3
[0]:4158082732 [1]:1 [2]:2 [3]:3
[0]:3959904807 [1]:1 [2]:2 [3]:3
[0]:3765871583 [1]:1 [2]:2 [3]:3
[0]:3581448062 [1]:1 [2]:2 [3]:3
[0]:3365822965 [1]:1 [2]:2 [3]:3
[0]:4145534192 [1]:1 [2]:2 [3]:2
[0]:3914258725 [1]:1 [2]:2 [3]:3
[0]:3621694703 [1]:1 [2]:2 [3]:2
[0]:3400285105 [1]:1 [2]:2 [3]:4
[0]:4192744438 [1]:1 [2]:2 [3]:3
[0]:3981521880 [1]:1 [2]:2 [3]:3
[0]:3765735785 [1]:1 [2]:2 [3]:2
[0]:3554694663 [1]:1 [2]:2 [3]:3
[0]:3349467296 [1]:1 [2]:2 [3]:3
[0]:4133917687 [1]:1 [2]:2 [3]:3
[0]:3914689995 [1]:1 [2]:2 [3]:4
[0]:3697849482 [1]:1 [2]:2 [3]:3
[0]:3489930441 [1]:1 [2]:2 [3]:3
[0]:4270364272 [1]:1 [2]:2 [3]:3
[0]:4061803986 [1]:1 [2]:2 [3]:3
[0]:3849896060 [1]:1 [2]:2 [3]:3
[0]:3637884206 [1]:1 [2]:2 [3]:3
[0]:3449944156 [1]:1 [2]:2 [3]:3
[0]:4258669508 [1]:1 [2]:2 [3]:2
[0]:4065015705 [1]:1 [2]:2 [3]:2
[0]:3877924067 [1]:1 [2]:2 [3]:3
[0]:3677800801 [1]:1 [2]:2 [3]:3
[0]:3481889112 [1]:1 [2]:2 [3]:3
[0]:4268049172 [1]:1 [2]:2 [3]:3
[0]:4082861858 [1]:1 [2]:2 [3]:3
[0]:3897827628 [1]:1 [2]:2 [3]:3
[0]:3709902113 [1]:1 [2]:2 [3]:3
[0]:3510268165 [1]:1 [2]:2 [3]:3
[0]:3319604382 [1]:1 [2]:2 [3]:3
[0]:4131962353 [1]:1 [2]:2 [3]:3
[0]:3941535773 [1]:1 [2]:2 [3]:3
[0]:3737881513 [1]:1 [2]:2 [3]:3
[0]:3465801131 [1]:1 [2]:2 [3]:3
[0]:4229091771 [1]:1 [2]:2 [3]:2
[0]:4017906507 [1]:1 [2]:2 [3]:3
[0]:3995824785 [1]:1 [2]:2 [3]:3
[0]:3995824785 [1]:1 [2]:2 [3]:3
[0]:3995824785 [1]:1 [2]:2 [3]:3
[0]:3995824785 [1]:1 [2]:2 [3]:3
[0]:3995824785 [1]:1 [2]:2 [3]:3
[0]:3995824785 [1]:1 [2]:2 [3]:3
[0]:3995824785 [1]:1 [2]:2 [3]:3
[0]:3995824785 [1]:1 [2]:2 [3]:3
[0]:3995824785 [1]:1 [2]:2 [3]:3
[0]:3995824785 [1]:1 [2]:2 [3]:3
[0]:3995824785 [1]:1 [2]:2 [3]:3
[0]:3995824785 [1]:1 [2]:2 [3]:3
[0]:3995824785 [1]:1 [2]:2 [3]:3
[0]:3995824785 [1]:1 [2]:2 [3]:3
[0]:3995824785 [1]:1 [2]:2 [3]:3
[0]:3995824785 [1]:1 [2]:2 [3]:3
[0]:3995824785 [1]:1 [2]:2 [3]:3
[0]:3995824785 [1]:1 [2]:2 [3]:3
[0]:3995824785 [1]:1 [2]:2 [3]:3
[0]:3995824785 [1]:1 [2]:2 [3]:3
