[0]:133864015 [1]:15837758 [2]:96 [3]:61
[0]:134062043 [1]:15868235 [2]:96 [3]:64
[0]:134282468 [1]:15902126 [2]:96 [3]:364
[0]:134481923 [1]:15932895 [2]:96 [3]:362
[0]:134670033 [1]:15961881 [2]:96 [3]:357
[0]:134869724 [1]:15992524 [2]:96 [3]:357
[0]:135062395 [1]:16022260 [2]:98 [3]:362
[0]:135264004 [1]:16053315 [2]:98 [3]:366
[0]:135461671 [1]:16083759 [2]:98 [3]:356
[0]:135659512 [1]:16114195 [2]:98 [3]:367
[0]:135860914 [1]:16145203 [2]:98 [3]:359
[0]:136051277 [1]:16174504 [2]:98 [3]:369
[0]:136247500 [1]:16204771 [2]:98 [3]:364
[0]:136476499 [1]:16239996 [2]:98 [3]:362
[0]:136678163 [1]:16271074 [2]:98 [3]:365
[0]:136887318 [1]:16303254 [2]:98 [3]:73
[0]:137077605 [1]:16332629 [2]:98 [3]:361
[0]:137279297 [1]:16363626 [2]:101 [3]:364
[0]:137480738 [1]:16394587 [2]:101 [3]:362
[0]:137678581 [1]:16425015 [2]:101 [3]:369
[0]:137879725 [1]:16456002 [2]:101 [3]:74
[0]:138071509 [1]:16485522 [2]:101 [3]:73
[0]:138276726 [1]:16517121 [2]:101 [3]:67
[0]:138491176 [1]:16550340 [2]:101 [3]:369
[0]:138697701 [1]:16582258 [2]:101 [3]:56
[0]:138901180 [1]:16613762 [2]:101 [3]:67
[0]:139099499 [1]:16644356 [2]:101 [3]:61
[0]:139291323 [1]:16673866 [2]:102 [3]:360
[0]:139476955 [1]:16702386 [2]:102 [3]:362
[0]:139681541 [1]:16733984 [2]:102 [3]:73
[0]:139871530 [1]:16763314 [2]:102 [3]:58
[0]:140062568 [1]:16792890 [2]:102 [3]:70
[0]:140262860 [1]:16823636 [2]:102 [3]:357
[0]:140463941 [1]:16854499 [2]:102 [3]:360
[0]:140659712 [1]:16884655 [2]:102 [3]:62
[0]:140857625 [1]:16915112 [2]:102 [3]:64
[0]:141051553 [1]:16944978 [2]:102 [3]:360
[0]:141256852 [1]:16976516 [2]:102 [3]:359
[0]:141454781 [1]:17007048 [2]:102 [3]:62
[0]:141651210 [1]:17037223 [2]:102 [3]:59
[0]:141842811 [1]:17066655 [2]:102 [3]:364
[0]:142040636 [1]:17097106 [2]:102 [3]:361
[0]:142243590 [1]:17128271 [2]:102 [3]:359
[0]:142432524 [1]:17157377 [2]:102 [3]:362
[0]:142634006 [1]:17188559 [2]:102 [3]:364
[0]:142820434 [1]:17217348 [2]:102 [3]:55
[0]:143065510 [1]:17255158 [2]:102 [3]:356
[0]:143326105 [1]:17295371 [2]:101 [3]:66
[0]:143525514 [1]:17326172 [2]:101 [3]:67
[0]:143723242 [1]:17356626 [2]:101 [3]:61
[0]:143913657 [1]:17385892 [2]:101 [3]:53
[0]:144159265 [1]:17423598 [2]:101 [3]:72
[0]:144365458 [1]:17455317 [2]:101 [3]:364
[0]:144561842 [1]:17485662 [2]:101 [3]:360
[0]:144764671 [1]:17516929 [2]:101 [3]:364
[0]:144959844 [1]:17547019 [2]:101 [3]:77
[0]:145157153 [1]:17577305 [2]:101 [3]:66
[0]:145372732 [1]:17610646 [2]:102 [3]:358
[0]:145574493 [1]:17641686 [2]:102 [3]:365
[0]:145763572 [1]:17670957 [2]:102 [3]:59
[0]:145958334 [1]:17700840 [2]:102 [3]:357
[0]:146156415 [1]:17731353 [2]:102 [3]:76
[0]:146351082 [1]:17761332 [2]:102 [3]:59
[0]:146540608 [1]:17790551 [2]:102 [3]:364
[0]:146742353 [1]:17821701 [2]:102 [3]:70
[0]:146941354 [1]:17852348 [2]:102 [3]:360
[0]:147149122 [1]:17884369 [2]:102 [3]:363
[0]:147356667 [1]:17916312 [2]:101 [3]:58
[0]:147548389 [1]:17945832 [2]:101 [3]:370
[0]:147755348 [1]:17977732 [2]:101 [3]:58
[0]:147949870 [1]:18007644 [2]:101 [3]:359
[0]:148172869 [1]:18041975 [2]:101 [3]:348
[0]:148378748 [1]:18073812 [2]:101 [3]:366
[0]:148581852 [1]:18105041 [2]:101 [3]:67
[0]:148787309 [1]:18136629 [2]:101 [3]:67
[0]:148977691 [1]:18165946 [2]:101 [3]:367
[0]:149188328 [1]:18198376 [2]:101 [3]:65
[0]:149401922 [1]:18231271 [2]:101 [3]:60
[0]:149615876 [1]:18264158 [2]:101 [3]:360
[0]:149814766 [1]:18294701 [2]:101 [3]:88
[0]:150014416 [1]:18325557 [2]:101 [3]:363
[0]:150220519 [1]:18357243 [2]:101 [3]:361
[0]:150443917 [1]:18391728 [2]:101 [3]:364
[0]:150636686 [1]:18421278 [2]:101 [3]:359
[0]:150832545 [1]:18451417 [2]:101 [3]:358
[0]:151030539 [1]:18481907 [2]:101 [3]:357
[0]:151231781 [1]:18513045 [2]:101 [3]:352
[0]:151425875 [1]:18542951 [2]:102 [3]:354
[0]:151668430 [1]:18580265 [2]:102 [3]:360
[0]:151866075 [1]:18610717 [2]:102 [3]:70
[0]:152071538 [1]:18642329 [2]:102 [3]:353
[0]:152269409 [1]:18672750 [2]:102 [3]:368
[0]:152477127 [1]:18704708 [2]:102 [3]:73
[0]:152668663 [1]:18734169 [2]:102 [3]:379
[0]:152866468 [1]:18764627 [2]:102 [3]:364
[0]:153068012 [1]:18795636 [2]:102 [3]:362
[0]:153272999 [1]:18827251 [2]:102 [3]:365
[0]:153467342 [1]:18857106 [2]:101 [3]:61
[0]:153661412 [1]:18887088 [2]:101 [3]:64
[0]:153853437 [1]:18916642 [2]:101 [3]:364
[0]:154056837 [1]:18947990 [2]:101 [3]:368
[0]:154250865 [1]:18978020 [2]:101 [3]:67
[0]:154440850 [1]:19007157 [2]:101 [3]:356
[0]:154684617 [1]:19044652 [2]:101 [3]:361
[0]:154875604 [1]:19074019 [2]:101 [3]:58
[0]:155079678 [1]:19105522 [2]:101 [3]:352
[0]:155284506 [1]:19137001 [2]:101 [3]:369
[0]:155482506 [1]:19167539 [2]:101 [3]:61
[0]:155692263 [1]:19199812 [2]:101 [3]:61
[0]:155892987 [1]:19230716 [2]:101 [3]:60
[0]:156085092 [1]:19260244 [2]:101 [3]:358
[0]:156275814 [1]:19289562 [2]:101 [3]:360
[0]:156475115 [1]:19320275 [2]:101 [3]:365
[0]:156684164 [1]:19352463 [2]:101 [3]:58
[0]:156881992 [1]:19382936 [2]:101 [3]:64
[0]:157106013 [1]:19417418 [2]:101 [3]:365
[0]:157311247 [1]:19448885 [2]:101 [3]:65
[0]:157508967 [1]:19479381 [2]:101 [3]:65
[0]:157746321 [1]:19515942 [2]:101 [3]:66
[0]:157952977 [1]:19547807 [2]:101 [3]:72
[0]:158180751 [1]:19582847 [2]:101 [3]:63
[0]:158386062 [1]:19614463 [2]:101 [3]:75
[0]:158579985 [1]:19644288 [2]:101 [3]:362
[0]:158781484 [1]:19675354 [2]:101 [3]:362
[0]:158997895 [1]:19708742 [2]:101 [3]:361
[0]:159195787 [1]:19739216 [2]:101 [3]:361
[0]:159407818 [1]:19771959 [2]:101 [3]:361
[0]:159606292 [1]:19802516 [2]:101 [3]:60
[0]:159796126 [1]:19831787 [2]:101 [3]:371
[0]:160024110 [1]:19866886 [2]:101 [3]:362
[0]:160225470 [1]:19897973 [2]:101 [3]:363
[0]:160430954 [1]:19929559 [2]:101 [3]:361
[0]:160620842 [1]:19958853 [2]:101 [3]:357
[0]:160818851 [1]:19989371 [2]:101 [3]:62
[0]:161020354 [1]:20020282 [2]:101 [3]:353
[0]:161210709 [1]:20049602 [2]:101 [3]:359
[0]:161414013 [1]:20080931 [2]:101 [3]:363
[0]:161617437 [1]:20112211 [2]:101 [3]:353
[0]:161859330 [1]:20149545 [2]:101 [3]:365
[0]:162051342 [1]:20179252 [2]:101 [3]:359
[0]:162262485 [1]:20211759 [2]:101 [3]:55
[0]:162453084 [1]:20241185 [2]:101 [3]:369
[0]:162647173 [1]:20271109 [2]:101 [3]:364
[0]:162841291 [1]:20300951 [2]:101 [3]:66
[0]:163050318 [1]:20333154 [2]:101 [3]:361
[0]:163251347 [1]:20364089 [2]:101 [3]:364
[0]:163443466 [1]:20393629 [2]:101 [3]:359
[0]:163636285 [1]:20423181 [2]:101 [3]:365
[0]:163830422 [1]:20453054 [2]:101 [3]:366
[0]:164028113 [1]:20483475 [2]:101 [3]:355
[0]:164221724 [1]:20513280 [2]:101 [3]:359
[0]:164412618 [1]:20542736 [2]:101 [3]:368
[0]:164602917 [1]:20572030 [2]:101 [3]:363
[0]:164800156 [1]:20602309 [2]:101 [3]:357
[0]:164991151 [1]:20631698 [2]:101 [3]:65
[0]:165214996 [1]:20666118 [2]:101 [3]:77
[0]:165408720 [1]:20695958 [2]:101 [3]:59
[0]:165606829 [1]:20726507 [2]:101 [3]:365
[0]:165804628 [1]:20756929 [2]:101 [3]:366
[0]:166009757 [1]:20788557 [2]:101 [3]:362
[0]:166201583 [1]:20818062 [2]:101 [3]:363
[0]:166399284 [1]:20848576 [2]:101 [3]:358
[0]:166592999 [1]:20878381 [2]:101 [3]:367
[0]:166789775 [1]:20908615 [2]:101 [3]:368
[0]:166990917 [1]:20939529 [2]:101 [3]:364
[0]:167192853 [1]:20970552 [2]:101 [3]:56
[0]:167394443 [1]:21001583 [2]:101 [3]:66
[0]:167587843 [1]:21031366 [2]:101 [3]:358
[0]:167795174 [1]:21063401 [2]:101 [3]:355
[0]:168004586 [1]:21095694 [2]:101 [3]:361
[0]:168204059 [1]:21126554 [2]:101 [3]:78
[0]:168401769 [1]:21156980 [2]:101 [3]:55
[0]:168606721 [1]:21188564 [2]:101 [3]:364
[0]:168801202 [1]:21218481 [2]:101 [3]:356
[0]:169002708 [1]:21249467 [2]:101 [3]:70
[0]:169222956 [1]:21283354 [2]:101 [3]:359
[0]:169420473 [1]:21313740 [2]:101 [3]:71
[0]:169665122 [1]:21351428 [2]:101 [3]:361
[0]:169858403 [1]:21381213 [2]:101 [3]:366
[0]:170051378 [1]:21410832 [2]:101 [3]:364
[0]:170301219 [1]:21449255 [2]:101 [3]:367
[0]:170499308 [1]:21479728 [2]:101 [3]:358
[0]:170709740 [1]:21512142 [2]:101 [3]:62
[0]:170909336 [1]:21542819 [2]:101 [3]:63
[0]:171109110 [1]:21573519 [2]:101 [3]:62
[0]:171312885 [1]:21604939 [2]:101 [3]:359
[0]:171499369 [1]:21633795 [2]:101 [3]:353
[0]:171689812 [1]:21663136 [2]:101 [3]:56
[0]:171887224 [1]:21693567 [2]:102 [3]:363
[0]:172131807 [1]:21731261 [2]:102 [3]:362
[0]:172350913 [1]:21764931 [2]:102 [3]:361
[0]:172542919 [1]:21794700 [2]:102 [3]:358
[0]:172730616 [1]:21823680 [2]:102 [3]:77
[0]:172932354 [1]:21854643 [2]:102 [3]:367
[0]:173182415 [1]:21893108 [2]:102 [3]:365
[0]:173380184 [1]:21923528 [2]:102 [3]:374
[0]:173567868 [1]:21952442 [2]:102 [3]:361
[0]:173761404 [1]:21982279 [2]:102 [3]:369
[0]:173951082 [1]:22011409 [2]:101 [3]:361
[0]:174159990 [1]:22043636 [2]:101 [3]:361
[0]:174354194 [1]:22073567 [2]:101 [3]:360
[0]:174622732 [1]:22114953 [2]:101 [3]:60
[0]:174859895 [1]:22151424 [2]:101 [3]:74
[0]:175053365 [1]:22181172 [2]:101 [3]:64
[0]:175246038 [1]:22210837 [2]:101 [3]:368
[0]:175432630 [1]:22239565 [2]:101 [3]:59
[0]:175634089 [1]:22270525 [2]:101 [3]:373
[0]:175832024 [1]:22300991 [2]:101 [3]:364
[0]:176037295 [1]:22332637 [2]:102 [3]:366
[0]:176231302 [1]:22362481 [2]:102 [3]:363
[0]:176425386 [1]:22392412 [2]:102 [3]:357
[0]:176626893 [1]:22423564 [2]:102 [3]:65
[0]:176827000 [1]:22454305 [2]:102 [3]:59
[0]:177020471 [1]:22484087 [2]:102 [3]:362
[0]:177224002 [1]:22515369 [2]:102 [3]:78
[0]:177456443 [1]:22551233 [2]:102 [3]:357
[0]:177649418 [1]:22580889 [2]:102 [3]:83
[0]:177847175 [1]:22611352 [2]:102 [3]:359
[0]:178041047 [1]:22641196 [2]:102 [3]:59
[0]:178242750 [1]:22672341 [2]:102 [3]:356
[0]:178429342 [1]:22700983 [2]:102 [3]:361
[0]:178619626 [1]:22730416 [2]:102 [3]:64
[0]:178809977 [1]:22759695 [2]:102 [3]:361
[0]:179000340 [1]:22788935 [2]:102 [3]:359
[0]:179190497 [1]:22818273 [2]:102 [3]:362
[0]:179392146 [1]:22849290 [2]:102 [3]:362
[0]:179589978 [1]:22879730 [2]:102 [3]:358
[0]:179788412 [1]:22910294 [2]:102 [3]:368
[0]:179996746 [1]:22942497 [2]:102 [3]:359
[0]:180190058 [1]:22972249 [2]:101 [3]:59
[0]:180389621 [1]:23002992 [2]:101 [3]:66
[0]:180578040 [1]:23031960 [2]:101 [3]:358
[0]:180779518 [1]:23062966 [2]:101 [3]:359
[0]:181024498 [1]:23100672 [2]:101 [3]:74
[0]:181224411 [1]:23131387 [2]:101 [3]:73
[0]:181431798 [1]:23163411 [2]:101 [3]:366
[0]:181630858 [1]:23194039 [2]:101 [3]:67
[0]:181821707 [1]:23223487 [2]:101 [3]:62
[0]:182023150 [1]:23254466 [2]:101 [3]:356
[0]:182217649 [1]:23284392 [2]:101 [3]:66
[0]:182422046 [1]:23315807 [2]:101 [3]:56
[0]:182621506 [1]:23346433 [2]:101 [3]:353
[0]:182810359 [1]:23375542 [2]:101 [3]:359
[0]:183003922 [1]:23405414 [2]:101 [3]:354
[0]:183198657 [1]:23435439 [2]:101 [3]:58
[0]:183402601 [1]:23466850 [2]:101 [3]:83
[0]:183605367 [1]:23498129 [2]:101 [3]:362
[0]:183819886 [1]:23531175 [2]:101 [3]:70
[0]:184012180 [1]:23560773 [2]:101 [3]:60
[0]:184198933 [1]:23589449 [2]:101 [3]:63
[0]:184403118 [1]:23620907 [2]:101 [3]:367
[0]:184594485 [1]:23650344 [2]:101 [3]:353
[0]:184788675 [1]:23680160 [2]:101 [3]:355
[0]:184971825 [1]:23708433 [2]:101 [3]:67
[0]:185165412 [1]:23738177 [2]:101 [3]:363
[0]:185360470 [1]:23768170 [2]:101 [3]:357
[0]:185549987 [1]:23797344 [2]:101 [3]:361
[0]:185747810 [1]:23827803 [2]:101 [3]:60
[0]:185941787 [1]:23857707 [2]:101 [3]:73
[0]:186128808 [1]:23886376 [2]:101 [3]:64
[0]:186321945 [1]:23916104 [2]:102 [3]:60
[0]:186512717 [1]:23945554 [2]:102 [3]:53
[0]:186727156 [1]:23978634 [2]:102 [3]:363
[0]:186927053 [1]:24009320 [2]:102 [3]:366
[0]:187121046 [1]:24039246 [2]:102 [3]:359
[0]:187317936 [1]:24069636 [2]:102 [3]:68
[0]:187524047 [1]:24101362 [2]:102 [3]:359
[0]:187718207 [1]:24131216 [2]:102 [3]:366
[0]:187911790 [1]:24161053 [2]:102 [3]:77
[0]:188111603 [1]:24191780 [2]:102 [3]:360
[0]:188307734 [1]:24222079 [2]:102 [3]:60
[0]:188502665 [1]:24252063 [2]:102 [3]:353
[0]:188704564 [1]:24283093 [2]:102 [3]:70
[0]:188901802 [1]:24313387 [2]:102 [3]:64
[0]:189093138 [1]:24342856 [2]:102 [3]:59
[0]:189293267 [1]:24373548 [2]:102 [3]:365
[0]:189487299 [1]:24403441 [2]:102 [3]:70
[0]:189685059 [1]:24433856 [2]:102 [3]:366
[0]:189884956 [1]:24464639 [2]:102 [3]:353
[0]:190080594 [1]:24494790 [2]:102 [3]:366
[0]:190293028 [1]:24527502 [2]:102 [3]:57
[0]:190490909 [1]:24558012 [2]:102 [3]:367
[0]:190677492 [1]:24586783 [2]:102 [3]:365
[0]:190875411 [1]:24617187 [2]:102 [3]:365
[0]:191069489 [1]:24647146 [2]:102 [3]:355
[0]:191325594 [1]:24686728 [2]:102 [3]:68
[0]:191517573 [1]:24716218 [2]:102 [3]:366
[0]:191715036 [1]:24746578 [2]:102 [3]:72
[0]:191909084 [1]:24776472 [2]:102 [3]:63
[0]:192106326 [1]:24806876 [2]:102 [3]:58
[0]:192300746 [1]:24836782 [2]:102 [3]:359
[0]:192487541 [1]:24865459 [2]:101 [3]:363
[0]:192685408 [1]:24895845 [2]:101 [3]:363
[0]:192882084 [1]:24926059 [2]:101 [3]:355
[0]:193078059 [1]:24956256 [2]:101 [3]:365
[0]:193271470 [1]:24986011 [2]:101 [3]:359
[0]:193465396 [1]:25015899 [2]:101 [3]:57
[0]:193689374 [1]:25050327 [2]:101 [3]:362
[0]:193883450 [1]:25080185 [2]:101 [3]:371
[0]:194077527 [1]:25110060 [2]:101 [3]:62
[0]:194275966 [1]:25140688 [2]:101 [3]:361
[0]:194469248 [1]:25170445 [2]:102 [3]:359
[0]:194667120 [1]:25200939 [2]:102 [3]:357
[0]:194856595 [1]:25230136 [2]:102 [3]:352
[0]:195051635 [1]:25260108 [2]:102 [3]:355
[0]:195248754 [1]:25290414 [2]:102 [3]:356
[0]:195473298 [1]:25324954 [2]:102 [3]:61
[0]:195671020 [1]:25355441 [2]:102 [3]:373
[0]:195871557 [1]:25386428 [2]:102 [3]:363
[0]:196062749 [1]:25415890 [2]:102 [3]:353
[0]:196260548 [1]:25446352 [2]:102 [3]:353
[0]:196510642 [1]:25484781 [2]:101 [3]:367
[0]:196697032 [1]:25513533 [2]:101 [3]:367
[0]:196893892 [1]:25543854 [2]:101 [3]:62
[0]:197092629 [1]:25574513 [2]:101 [3]:63
[0]:197312674 [1]:25608417 [2]:101 [3]:55
[0]:197505087 [1]:25638140 [2]:101 [3]:362
[0]:197696956 [1]:25667860 [2]:101 [3]:358
[0]:197887935 [1]:25697296 [2]:101 [3]:358
[0]:198096381 [1]:25729385 [2]:101 [3]:65
[0]:198301565 [1]:25760966 [2]:101 [3]:65
[0]:198495704 [1]:25790871 [2]:101 [3]:68
[0]:198685196 [1]:25819989 [2]:101 [3]:362
[0]:198943345 [1]:25859776 [2]:101 [3]:357
[0]:199186178 [1]:25897101 [2]:101 [3]:63
[0]:199380128 [1]:25926953 [2]:101 [3]:60
[0]:199549748 [1]:25953026 [2]:101 [3]:372
[0]:199549748 [1]:25953026 [2]:101 [3]:372
[0]:199549748 [1]:25953026 [2]:101 [3]:372
[0]:199549748 [1]:25953026 [2]:101 [3]:372
[0]:199549748 [1]:25953026 [2]:101 [3]:372
[0]:199549748 [1]:25953026 [2]:101 [3]:372
[0]:199549748 [1]:25953026 [2]:101 [3]:372
[0]:199549748 [1]:25953026 [2]:101 [3]:372
[0]:199549748 [1]:25953026 [2]:101 [3]:372
[0]:199549748 [1]:25953026 [2]:101 [3]:372
[0]:199549748 [1]:25953026 [2]:101 [3]:372
[0]:199549748 [1]:25953026 [2]:101 [3]:372
