[0]:0 [1]:0 [2]:0 [3]:0
[0]:12049 [1]:0 [2]:0 [3]:268
[0]:240611 [1]:0 [2]:0 [3]:76
[0]:493116 [1]:0 [2]:0 [3]:54
[0]:721955 [1]:0 [2]:0 [3]:318
[0]:964355 [1]:0 [2]:0 [3]:54
[0]:1180100 [1]:14836 [2]:120 [3]:367
[0]:1388352 [1]:38388 [2]:120 [3]:362
[0]:1578860 [1]:60004 [2]:120 [3]:379
[0]:1784309 [1]:83155 [2]:120 [3]:63
[0]:1989282 [1]:106311 [2]:120 [3]:60
[0]:2195244 [1]:129512 [2]:120 [3]:56
[0]:2389879 [1]:151557 [2]:120 [3]:65
[0]:2583242 [1]:173493 [2]:80 [3]:73
[0]:2775167 [1]:195257 [2]:80 [3]:359
[0]:3052650 [1]:226303 [2]:80 [3]:360
[0]:3264182 [1]:250079 [2]:80 [3]:62
[0]:3468705 [1]:273065 [2]:80 [3]:70
[0]:3663372 [1]:295022 [2]:80 [3]:357
[0]:3861801 [1]:317364 [2]:80 [3]:59
[0]:4056492 [1]:339414 [2]:80 [3]:67
[0]:4251290 [1]:361299 [2]:76 [3]:55
[0]:4461035 [1]:384975 [2]:76 [3]:71
[0]:4659967 [1]:407381 [2]:76 [3]:363
[0]:4858250 [1]:429607 [2]:76 [3]:66
[0]:5059071 [1]:452260 [2]:76 [3]:61
[0]:5258816 [1]:474758 [2]:76 [3]:347
[0]:5457266 [1]:497149 [2]:76 [3]:54
[0]:5652110 [1]:519076 [2]:75 [3]:363
[0]:5861701 [1]:542644 [2]:75 [3]:64
[0]:6061139 [1]:565063 [2]:75 [3]:360
[0]:6266224 [1]:588291 [2]:75 [3]:51
[0]:6472230 [1]:611472 [2]:75 [3]:359
[0]:6666996 [1]:633481 [2]:75 [3]:64
[0]:6901229 [1]:659763 [2]:75 [3]:62
[0]:7105327 [1]:682749 [2]:75 [3]:67
[0]:7319064 [1]:706757 [2]:75 [3]:360
[0]:7534076 [1]:731060 [2]:75 [3]:65
[0]:7745679 [1]:754888 [2]:75 [3]:64
[0]:8007884 [1]:784507 [2]:75 [3]:357
[0]:8209519 [1]:807306 [2]:75 [3]:58
[0]:8415543 [1]:830555 [2]:75 [3]:360
[0]:8610525 [1]:852586 [2]:75 [3]:63
[0]:8817533 [1]:875964 [2]:75 [3]:364
[0]:9018355 [1]:898982 [2]:75 [3]:85
[0]:9216599 [1]:921451 [2]:75 [3]:369
[0]:9422356 [1]:944909 [2]:75 [3]:373
[0]:9624602 [1]:967628 [2]:75 [3]:66
[0]:9819189 [1]:989710 [2]:75 [3]:358
[0]:10013849 [1]:1011660 [2]:75 [3]:362
[0]:10212030 [1]:1034180 [2]:76 [3]:55
[0]:10410448 [1]:1056645 [2]:76 [3]:359
[0]:10626341 [1]:1081053 [2]:76 [3]:369
[0]:10829929 [1]:1103926 [2]:76 [3]:67
[0]:11033508 [1]:1126839 [2]:76 [3]:353
[0]:11227039 [1]:1148589 [2]:76 [3]:374
[0]:11425457 [1]:1170954 [2]:76 [3]:369
[0]:11627561 [1]:1193782 [2]:76 [3]:361
[0]:11833792 [1]:1217027 [2]:76 [3]:70
[0]:12032138 [1]:1239352 [2]:76 [3]:64
[0]:12226544 [1]:1261353 [2]:76 [3]:65
[0]:12421665 [1]:1283313 [2]:76 [3]:366
[0]:12624155 [1]:1306250 [2]:76 [3]:59
[0]:12854401 [1]:1332220 [2]:76 [3]:373
[0]:13057919 [1]:1355335 [2]:76 [3]:355
[0]:13250764 [1]:1377158 [2]:76 [3]:358
[0]:13465023 [1]:1401410 [2]:75 [3]:364
[0]:13668105 [1]:1424228 [2]:75 [3]:374
[0]:13856120 [1]:1445354 [2]:75 [3]:358
[0]:14051231 [1]:1467304 [2]:75 [3]:59
[0]:14243674 [1]:1488987 [2]:75 [3]:67
[0]:14443823 [1]:1511436 [2]:75 [3]:69
[0]:14638639 [1]:1533328 [2]:75 [3]:67
[0]:14844270 [1]:1556497 [2]:75 [3]:363
[0]:15046470 [1]:1579547 [2]:75 [3]:368
[0]:15244205 [1]:1601983 [2]:75 [3]:364
[0]:15450765 [1]:1625298 [2]:75 [3]:360
[0]:15675884 [1]:1650631 [2]:75 [3]:65
[0]:15873964 [1]:1673008 [2]:75 [3]:364
[0]:16071961 [1]:1695297 [2]:75 [3]:364
[0]:16268236 [1]:1717693 [2]:75 [3]:63
[0]:16476272 [1]:1741425 [2]:76 [3]:366
[0]:16674562 [1]:1763812 [2]:76 [3]:367
[0]:16876936 [1]:1786626 [2]:76 [3]:63
[0]:17075256 [1]:1809051 [2]:76 [3]:64
[0]:17277415 [1]:1831927 [2]:76 [3]:362
[0]:17541895 [1]:1861919 [2]:76 [3]:367
[0]:17751275 [1]:1885319 [2]:76 [3]:361
[0]:17941176 [1]:1906746 [2]:76 [3]:66
[0]:18136116 [1]:1928638 [2]:76 [3]:64
[0]:18354039 [1]:1953059 [2]:76 [3]:360
[0]:18558759 [1]:1976029 [2]:76 [3]:62
[0]:18757315 [1]:1998347 [2]:76 [3]:65
[0]:18955882 [1]:2020724 [2]:76 [3]:63
[0]:19173973 [1]:2045313 [2]:76 [3]:385
[0]:19378723 [1]:2068558 [2]:75 [3]:54
[0]:19573590 [1]:2090429 [2]:75 [3]:65
[0]:19787032 [1]:2114590 [2]:75 [3]:366
[0]:19981211 [1]:2136562 [2]:75 [3]:374
[0]:20202511 [1]:2161534 [2]:75 [3]:363
[0]:20442420 [1]:2188512 [2]:75 [3]:360
[0]:20637259 [1]:2210389 [2]:75 [3]:361
[0]:20835501 [1]:2232838 [2]:75 [3]:360
[0]:21026518 [1]:2254317 [2]:75 [3]:370
[0]:21236188 [1]:2277913 [2]:75 [3]:361
[0]:21431053 [1]:2299894 [2]:75 [3]:367
[0]:21629571 [1]:2322281 [2]:75 [3]:355
[0]:21826974 [1]:2344622 [2]:75 [3]:362
[0]:22026437 [1]:2367098 [2]:75 [3]:73
[0]:22224860 [1]:2389396 [2]:75 [3]:66
[0]:22427167 [1]:2412237 [2]:75 [3]:56
[0]:22621762 [1]:2434140 [2]:75 [3]:66
[0]:22827518 [1]:2457567 [2]:75 [3]:368
[0]:23044983 [1]:2482010 [2]:75 [3]:354
[0]:23243364 [1]:2504461 [2]:75 [3]:56
[0]:23436973 [1]:2526388 [2]:75 [3]:357
[0]:23639950 [1]:2549284 [2]:75 [3]:70
[0]:23842218 [1]:2572208 [2]:75 [3]:60
[0]:24047593 [1]:2595418 [2]:76 [3]:367
[0]:24250291 [1]:2618321 [2]:76 [3]:71
[0]:24454806 [1]:2641407 [2]:76 [3]:65
[0]:24654169 [1]:2663889 [2]:76 [3]:66
[0]:24849509 [1]:2685966 [2]:76 [3]:65
[0]:25062734 [1]:2709963 [2]:76 [3]:376
[0]:25272659 [1]:2733613 [2]:76 [3]:366
[0]:25471918 [1]:2756204 [2]:76 [3]:373
[0]:25673059 [1]:2778874 [2]:75 [3]:69
[0]:25870600 [1]:2801214 [2]:75 [3]:59
[0]:26135313 [1]:2831113 [2]:75 [3]:70
[0]:26347484 [1]:2855014 [2]:75 [3]:356
[0]:26541854 [1]:2876958 [2]:75 [3]:75
[0]:26743406 [1]:2899678 [2]:75 [3]:353
[0]:26939907 [1]:2921859 [2]:75 [3]:52
[0]:27176322 [1]:2948576 [2]:75 [3]:367
[0]:27376917 [1]:2971223 [2]:75 [3]:69
[0]:27567527 [1]:2992803 [2]:75 [3]:72
[0]:27766168 [1]:3015244 [2]:75 [3]:59
[0]:27968163 [1]:3037880 [2]:75 [3]:372
[0]:28174498 [1]:3061178 [2]:75 [3]:368
[0]:28420276 [1]:3088970 [2]:75 [3]:69
[0]:28623475 [1]:3112133 [2]:75 [3]:366
[0]:28822016 [1]:3134496 [2]:75 [3]:57
[0]:29024409 [1]:3157151 [2]:75 [3]:62
[0]:29225987 [1]:3179909 [2]:75 [3]:78
[0]:29439983 [1]:3204068 [2]:75 [3]:352
[0]:29626986 [1]:3225294 [2]:75 [3]:59
[0]:29821912 [1]:3247156 [2]:75 [3]:78
[0]:30034428 [1]:3271220 [2]:75 [3]:49
[0]:30230248 [1]:3293257 [2]:75 [3]:76
[0]:30428600 [1]:3315656 [2]:75 [3]:374
[0]:30625969 [1]:3337868 [2]:75 [3]:363
[0]:30821803 [1]:3359857 [2]:75 [3]:359
[0]:31020447 [1]:3382157 [2]:75 [3]:68
[0]:31226339 [1]:3405366 [2]:75 [3]:63
[0]:31415474 [1]:3426628 [2]:75 [3]:367
[0]:31619502 [1]:3449630 [2]:75 [3]:361
[0]:31817255 [1]:3471852 [2]:75 [3]:84
[0]:32016605 [1]:3494345 [2]:75 [3]:369
[0]:32226335 [1]:3518097 [2]:75 [3]:365
[0]:32483792 [1]:3547275 [2]:75 [3]:369
[0]:32681852 [1]:3569471 [2]:75 [3]:64
[0]:32887448 [1]:3592670 [2]:75 [3]:73
[0]:33109990 [1]:3617818 [2]:75 [3]:357
[0]:33311218 [1]:3640636 [2]:75 [3]:67
[0]:33547333 [1]:3667358 [2]:75 [3]:359
[0]:33738943 [1]:3688889 [2]:75 [3]:59
[0]:33937475 [1]:3711222 [2]:75 [3]:54
[0]:34156684 [1]:3735972 [2]:75 [3]:372
[0]:34354120 [1]:3758118 [2]:75 [3]:68
[0]:34551946 [1]:3780287 [2]:75 [3]:64
[0]:34761175 [1]:3804163 [2]:75 [3]:355
[0]:34959845 [1]:3826541 [2]:75 [3]:370
[0]:35153325 [1]:3848443 [2]:75 [3]:64
[0]:35359784 [1]:3871996 [2]:75 [3]:63
[0]:35553958 [1]:3894001 [2]:75 [3]:71
[0]:35811348 [1]:3922892 [2]:75 [3]:371
[0]:36028383 [1]:3947697 [2]:75 [3]:71
[0]:36224734 [1]:3969872 [2]:76 [3]:363
[0]:36434313 [1]:3993678 [2]:76 [3]:73
[0]:36662539 [1]:4019624 [2]:76 [3]:378
[0]:36867947 [1]:4043274 [2]:76 [3]:83
[0]:37063895 [1]:4065375 [2]:76 [3]:357
[0]:37261295 [1]:4087752 [2]:76 [3]:365
[0]:37467104 [1]:4110922 [2]:76 [3]:360
[0]:37673058 [1]:4134070 [2]:76 [3]:354
[0]:37867112 [1]:4156025 [2]:76 [3]:62
[0]:38069797 [1]:4178957 [2]:76 [3]:73
[0]:38263097 [1]:4200681 [2]:76 [3]:357
[0]:38478229 [1]:4224931 [2]:76 [3]:59
[0]:38674966 [1]:4247275 [2]:76 [3]:61
[0]:38883742 [1]:4270906 [2]:76 [3]:365
[0]:39096480 [1]:4300996 [2]:76 [3]:368
[0]:39297426 [1]:4330740 [2]:76 [3]:359
[0]:39502288 [1]:4361140 [2]:76 [3]:360
[0]:39740021 [1]:4396410 [2]:89 [3]:75
[0]:39951537 [1]:4427897 [2]:89 [3]:370
[0]:40156491 [1]:4458347 [2]:89 [3]:363
[0]:40373149 [1]:4490543 [2]:89 [3]:369
[0]:40582068 [1]:4521550 [2]:89 [3]:359
[0]:40786131 [1]:4551845 [2]:89 [3]:72
[0]:40994851 [1]:4582850 [2]:89 [3]:363
[0]:41204794 [1]:4613965 [2]:89 [3]:363
[0]:41438543 [1]:4648631 [2]:89 [3]:359
[0]:41696121 [1]:4686922 [2]:89 [3]:366
[0]:41902236 [1]:4717624 [2]:89 [3]:372
[0]:42106370 [1]:4747906 [2]:89 [3]:361
[0]:42319796 [1]:4779810 [2]:89 [3]:82
[0]:42591632 [1]:4820266 [2]:89 [3]:367
[0]:42799027 [1]:4851028 [2]:89 [3]:346
[0]:43004440 [1]:4881661 [2]:89 [3]:371
[0]:43214073 [1]:4912696 [2]:89 [3]:375
[0]:43431092 [1]:4944835 [2]:144 [3]:89
[0]:43640016 [1]:4975777 [2]:144 [3]:360
[0]:43860696 [1]:5008482 [2]:144 [3]:358
[0]:44082346 [1]:5041342 [2]:144 [3]:376
[0]:44293238 [1]:5072581 [2]:144 [3]:366
[0]:44504185 [1]:5103873 [2]:144 [3]:365
[0]:44708070 [1]:5134050 [2]:144 [3]:364
[0]:44920879 [1]:5165610 [2]:144 [3]:75
[0]:45139301 [1]:5198067 [2]:144 [3]:359
[0]:45354577 [1]:5230083 [2]:144 [3]:75
[0]:45570931 [1]:5262273 [2]:144 [3]:366
[0]:45781708 [1]:5293510 [2]:144 [3]:363
[0]:45984802 [1]:5323681 [2]:144 [3]:86
[0]:46191744 [1]:5354327 [2]:144 [3]:74
[0]:46398728 [1]:5384990 [2]:144 [3]:366
[0]:46607524 [1]:5415997 [2]:144 [3]:360
[0]:46820480 [1]:5447630 [2]:144 [3]:369
[0]:47021304 [1]:5477411 [2]:150 [3]:362
[0]:47226246 [1]:5507951 [2]:150 [3]:357
[0]:47431198 [1]:5538356 [2]:150 [3]:370
[0]:47639909 [1]:5569304 [2]:150 [3]:367
[0]:47884351 [1]:5605573 [2]:150 [3]:367
[0]:48097111 [1]:5637255 [2]:150 [3]:359
[0]:48302870 [1]:5667901 [2]:150 [3]:83
[0]:48510912 [1]:5698750 [2]:150 [3]:369
[0]:48719756 [1]:5729716 [2]:150 [3]:365
[0]:48943836 [1]:5762978 [2]:150 [3]:354
[0]:49145972 [1]:5792940 [2]:150 [3]:363
[0]:49358212 [1]:5824331 [2]:150 [3]:366
[0]:49566742 [1]:5855219 [2]:150 [3]:365
[0]:49779619 [1]:5886811 [2]:150 [3]:371
[0]:50004595 [1]:5920148 [2]:150 [3]:369
[0]:50233238 [1]:5954164 [2]:150 [3]:368
[0]:50439088 [1]:5984719 [2]:151 [3]:89
[0]:50646920 [1]:6015508 [2]:151 [3]:365
[0]:50848739 [1]:6045440 [2]:151 [3]:377
[0]:51052665 [1]:6075846 [2]:151 [3]:363
[0]:51267647 [1]:6107781 [2]:151 [3]:359
[0]:51478388 [1]:6139014 [2]:151 [3]:361
[0]:51679222 [1]:6169038 [2]:151 [3]:371
[0]:51880122 [1]:6198888 [2]:151 [3]:366
[0]:52089121 [1]:6229848 [2]:151 [3]:363
[0]:52294150 [1]:6260221 [2]:151 [3]:79
[0]:52498735 [1]:6290544 [2]:151 [3]:359
[0]:52747378 [1]:6327338 [2]:151 [3]:71
[0]:52955200 [1]:6358103 [2]:151 [3]:362
[0]:53165266 [1]:6389215 [2]:151 [3]:359
[0]:53374006 [1]:6420179 [2]:151 [3]:368
[0]:53610571 [1]:6455232 [2]:151 [3]:361
[0]:53815469 [1]:6485681 [2]:151 [3]:364
[0]:54024286 [1]:6516747 [2]:151 [3]:366
[0]:54228523 [1]:6547120 [2]:151 [3]:371
[0]:54430217 [1]:6577017 [2]:151 [3]:370
[0]:54627173 [1]:6606226 [2]:151 [3]:361
[0]:54871173 [1]:6642501 [2]:151 [3]:361
[0]:55080397 [1]:6673471 [2]:151 [3]:364
[0]:55308970 [1]:6707382 [2]:151 [3]:362
[0]:55520765 [1]:6738736 [2]:151 [3]:373
[0]:55725738 [1]:6769217 [2]:151 [3]:368
[0]:55986787 [1]:6807945 [2]:151 [3]:363
[0]:56199536 [1]:6839647 [2]:151 [3]:79
[0]:56404427 [1]:6870183 [2]:151 [3]:361
[0]:56613297 [1]:6901153 [2]:151 [3]:362
[0]:56822211 [1]:6932090 [2]:151 [3]:81
[0]:57027878 [1]:6962661 [2]:151 [3]:355
[0]:57248419 [1]:6995408 [2]:151 [3]:373
[0]:57453159 [1]:7025765 [2]:151 [3]:81
[0]:57716619 [1]:7064875 [2]:151 [3]:360
[0]:57933534 [1]:7097120 [2]:151 [3]:363
[0]:58138709 [1]:7127736 [2]:151 [3]:363
[0]:58347069 [1]:7158708 [2]:151 [3]:369
[0]:58558443 [1]:7190224 [2]:151 [3]:360
[0]:58772689 [1]:7221971 [2]:151 [3]:370
[0]:59062553 [1]:7265011 [2]:151 [3]:79
[0]:59291909 [1]:7299011 [2]:151 [3]:370
[0]:59501904 [1]:7330197 [2]:151 [3]:360
[0]:59720967 [1]:7362729 [2]:151 [3]:370
[0]:59927359 [1]:7393334 [2]:151 [3]:84
[0]:60179154 [1]:7430841 [2]:151 [3]:361
[0]:60384452 [1]:7461231 [2]:151 [3]:373
[0]:60597292 [1]:7492683 [2]:151 [3]:361
[0]:60804361 [1]:7523437 [2]:151 [3]:360
[0]:61014968 [1]:7554584 [2]:151 [3]:358
[0]:61223941 [1]:7585600 [2]:151 [3]:84
[0]:61426316 [1]:7615695 [2]:151 [3]:361
[0]:61629618 [1]:7646067 [2]:151 [3]:83
[0]:61849964 [1]:7678808 [2]:151 [3]:369
[0]:62051030 [1]:7708671 [2]:151 [3]:359
[0]:62250296 [1]:7738462 [2]:151 [3]:362
[0]:62457096 [1]:7769167 [2]:151 [3]:355
[0]:62666150 [1]:7800303 [2]:151 [3]:369
[0]:62876518 [1]:7831480 [2]:151 [3]:371
[0]:63075759 [1]:7861133 [2]:151 [3]:363
[0]:63287339 [1]:7892587 [2]:151 [3]:367
[0]:63497473 [1]:7923758 [2]:151 [3]:367
[0]:63698333 [1]:7953627 [2]:151 [3]:367
[0]:63903200 [1]:7984001 [2]:151 [3]:73
[0]:64112058 [1]:8015043 [2]:151 [3]:358
[0]:64319301 [1]:8045753 [2]:151 [3]:365
[0]:64529840 [1]:8076998 [2]:151 [3]:362
[0]:64799543 [1]:8116972 [2]:151 [3]:91
[0]:65002847 [1]:8147078 [2]:151 [3]:74
[0]:65211497 [1]:8178204 [2]:151 [3]:361
[0]:65420495 [1]:8209184 [2]:151 [3]:367
[0]:65633226 [1]:8240755 [2]:151 [3]:365
[0]:65834117 [1]:8270578 [2]:151 [3]:370
[0]:66047043 [1]:8302277 [2]:151 [3]:368
[0]:66263683 [1]:8334348 [2]:151 [3]:370
[0]:66472616 [1]:8365318 [2]:151 [3]:362
[0]:66681467 [1]:8396386 [2]:151 [3]:83
[0]:66886010 [1]:8426665 [2]:151 [3]:369
[0]:67091371 [1]:8457063 [2]:151 [3]:374
[0]:67292860 [1]:8486952 [2]:151 [3]:78
[0]:67576069 [1]:8528922 [2]:151 [3]:369
[0]:67774296 [1]:8558293 [2]:151 [3]:73
[0]:67985893 [1]:8589760 [2]:151 [3]:367
[0]:68190797 [1]:8620227 [2]:151 [3]:365
[0]:68403646 [1]:8651788 [2]:151 [3]:362
[0]:68615700 [1]:8683266 [2]:151 [3]:374
[0]:68829441 [1]:8714946 [2]:151 [3]:372
[0]:69060151 [1]:8749151 [2]:151 [3]:361
[0]:69270515 [1]:8780309 [2]:151 [3]:361
[0]:69479610 [1]:8811447 [2]:151 [3]:357
[0]:69681031 [1]:8841282 [2]:151 [3]:369
[0]:69889497 [1]:8872119 [2]:151 [3]:368
[0]:70095999 [1]:8902839 [2]:151 [3]:372
[0]:70310565 [1]:8934680 [2]:151 [3]:360
[0]:70527826 [1]:8966953 [2]:151 [3]:358
[0]:70729291 [1]:8996816 [2]:151 [3]:357
[0]:70933785 [1]:9027196 [2]:151 [3]:371
[0]:71142069 [1]:9058146 [2]:151 [3]:81
[0]:71355398 [1]:9089837 [2]:151 [3]:359
[0]:71568302 [1]:9121432 [2]:151 [3]:364
[0]:71781246 [1]:9152872 [2]:151 [3]:82
[0]:71997159 [1]:9184974 [2]:151 [3]:365
[0]:72204543 [1]:9215864 [2]:151 [3]:366
[0]:72407682 [1]:9245950 [2]:151 [3]:357
[0]:72618360 [1]:9277212 [2]:151 [3]:365
[0]:72829260 [1]:9308659 [2]:151 [3]:364
[0]:73045923 [1]:9340867 [2]:151 [3]:361
[0]:73254907 [1]:9371876 [2]:151 [3]:357
[0]:73459686 [1]:9402199 [2]:151 [3]:81
[0]:73668663 [1]:9433172 [2]:151 [3]:365
[0]:73880744 [1]:9464729 [2]:151 [3]:364
[0]:74098010 [1]:9497021 [2]:151 [3]:371
[0]:74312931 [1]:9529123 [2]:151 [3]:365
[0]:74516295 [1]:9559391 [2]:151 [3]:366
[0]:74732435 [1]:9591450 [2]:151 [3]:358
[0]:75012163 [1]:9633013 [2]:151 [3]:367
[0]:75218442 [1]:9663589 [2]:151 [3]:77
[0]:75432492 [1]:9695403 [2]:151 [3]:361
[0]:75638854 [1]:9726047 [2]:151 [3]:369
[0]:75843780 [1]:9756395 [2]:151 [3]:85
[0]:76060170 [1]:9788714 [2]:151 [3]:80
[0]:76286732 [1]:9822327 [2]:151 [3]:359
[0]:76490280 [1]:9852486 [2]:151 [3]:364
[0]:76698460 [1]:9883302 [2]:151 [3]:364
[0]:76911329 [1]:9914919 [2]:151 [3]:71
[0]:77116327 [1]:9945378 [2]:151 [3]:362
[0]:77368640 [1]:9983003 [2]:151 [3]:368
[0]:77575582 [1]:10013747 [2]:151 [3]:356
[0]:77790245 [1]:10045592 [2]:151 [3]:364
[0]:78028958 [1]:10080909 [2]:151 [3]:364
[0]:78253955 [1]:10114255 [2]:151 [3]:358
[0]:78458023 [1]:10144575 [2]:151 [3]:376
[0]:78673087 [1]:10176409 [2]:151 [3]:369
[0]:78882186 [1]:10207363 [2]:151 [3]:371
[0]:79110854 [1]:10241233 [2]:151 [3]:356
[0]:79321466 [1]:10272523 [2]:151 [3]:363
[0]:79536451 [1]:10304374 [2]:151 [3]:362
[0]:79745255 [1]:10335220 [2]:151 [3]:83
[0]:79988814 [1]:10371385 [2]:151 [3]:359
[0]:80199782 [1]:10405799 [2]:151 [3]:362
[0]:80413071 [1]:10455053 [2]:151 [3]:358
[0]:80644605 [1]:10508480 [2]:151 [3]:56
[0]:80846100 [1]:10555042 [2]:151 [3]:362
[0]:81069572 [1]:10606676 [2]:151 [3]:360
[0]:81260540 [1]:10650823 [2]:151 [3]:362
[0]:81458131 [1]:10696502 [2]:151 [3]:362
[0]:81654517 [1]:10741767 [2]:151 [3]:360
[0]:81849273 [1]:10786735 [2]:151 [3]:363
[0]:82054968 [1]:10834306 [2]:151 [3]:369
[0]:82253099 [1]:10880186 [2]:162 [3]:359
[0]:82454626 [1]:10926732 [2]:162 [3]:361
[0]:82648828 [1]:10971605 [2]:162 [3]:74
[0]:82856992 [1]:11019688 [2]:162 [3]:357
[0]:83059180 [1]:11066425 [2]:162 [3]:61
[0]:83261693 [1]:11113345 [2]:162 [3]:363
[0]:83466757 [1]:11160702 [2]:162 [3]:374
[0]:83667609 [1]:11207078 [2]:162 [3]:59
[0]:83870193 [1]:11253912 [2]:162 [3]:57
[0]:84066933 [1]:11299425 [2]:162 [3]:63
[0]:84260969 [1]:11344306 [2]:162 [3]:361
[0]:84460025 [1]:11390219 [2]:162 [3]:361
[0]:84701545 [1]:11446087 [2]:162 [3]:361
[0]:84895553 [1]:11490924 [2]:162 [3]:357
[0]:85098807 [1]:11537884 [2]:167 [3]:361
[0]:85294960 [1]:11583187 [2]:167 [3]:364
[0]:85499853 [1]:11630520 [2]:167 [3]:59
[0]:85691575 [1]:11674836 [2]:167 [3]:366
[0]:85895794 [1]:11722042 [2]:167 [3]:361
[0]:86098582 [1]:11768937 [2]:167 [3]:356
[0]:86295227 [1]:11814285 [2]:167 [3]:358
[0]:86492328 [1]:11859818 [2]:167 [3]:64
[0]:86694482 [1]:11906559 [2]:167 [3]:356
[0]:86888603 [1]:11951436 [2]:167 [3]:353
[0]:87094439 [1]:11998902 [2]:167 [3]:364
[0]:87293334 [1]:12044861 [2]:167 [3]:367
[0]:87485957 [1]:12089370 [2]:167 [3]:358
[0]:87691094 [1]:12136784 [2]:167 [3]:354
[0]:87896309 [1]:12184234 [2]:167 [3]:62
[0]:88090361 [1]:12229023 [2]:167 [3]:365
[0]:88288278 [1]:12274801 [2]:167 [3]:365
[0]:88497300 [1]:12323111 [2]:167 [3]:359
[0]:88698229 [1]:12369526 [2]:167 [3]:364
[0]:88892633 [1]:12414490 [2]:167 [3]:362
[0]:89092477 [1]:12460592 [2]:167 [3]:356
[0]:89288658 [1]:12505890 [2]:167 [3]:62
[0]:89483699 [1]:12550961 [2]:167 [3]:361
[0]:89713478 [1]:12604065 [2]:167 [3]:357
[0]:89911918 [1]:12649829 [2]:167 [3]:362
[0]:90211788 [1]:12719102 [2]:167 [3]:71
[0]:90404579 [1]:12763686 [2]:167 [3]:365
[0]:90599810 [1]:12808780 [2]:167 [3]:63
[0]:90792402 [1]:12853280 [2]:167 [3]:369
[0]:90994320 [1]:12899916 [2]:167 [3]:362
[0]:91193760 [1]:12945978 [2]:167 [3]:59
[0]:91397473 [1]:12993049 [2]:167 [3]:363
[0]:91591496 [1]:13037885 [2]:167 [3]:361
[0]:91793161 [1]:13084436 [2]:167 [3]:60
[0]:91988790 [1]:13129601 [2]:167 [3]:358
[0]:92192338 [1]:13176623 [2]:167 [3]:361
[0]:92401619 [1]:13225001 [2]:167 [3]:359
[0]:92602882 [1]:13271530 [2]:167 [3]:365
[0]:92799588 [1]:13316981 [2]:167 [3]:358
[0]:92998612 [1]:13362921 [2]:167 [3]:356
[0]:93200193 [1]:13409584 [2]:167 [3]:353
[0]:93405747 [1]:13457089 [2]:167 [3]:351
[0]:93603269 [1]:13502671 [2]:167 [3]:362
[0]:93807314 [1]:13549852 [2]:167 [3]:365
[0]:94006454 [1]:13595853 [2]:167 [3]:358
[0]:94211629 [1]:13643320 [2]:167 [3]:366
[0]:94427224 [1]:13693107 [2]:167 [3]:361
[0]:94625896 [1]:13738932 [2]:167 [3]:60
[0]:94826056 [1]:13785203 [2]:167 [3]:362
[0]:95025329 [1]:13831242 [2]:167 [3]:363
[0]:95220382 [1]:13876293 [2]:167 [3]:361
[0]:95424721 [1]:13923498 [2]:167 [3]:360
[0]:95621721 [1]:13968984 [2]:167 [3]:361
[0]:95827776 [1]:14016575 [2]:167 [3]:356
[0]:96029959 [1]:14063284 [2]:167 [3]:364
[0]:96221835 [1]:14107594 [2]:167 [3]:361
[0]:96428767 [1]:14155333 [2]:167 [3]:361
[0]:96675117 [1]:14212243 [2]:167 [3]:358
[0]:96872966 [1]:14257949 [2]:167 [3]:363
[0]:97066956 [1]:14302788 [2]:167 [3]:363
[0]:97347629 [1]:14367624 [2]:167 [3]:62
[0]:97552056 [1]:14414886 [2]:167 [3]:360
[0]:97752656 [1]:14461197 [2]:167 [3]:359
[0]:97964928 [1]:14510250 [2]:167 [3]:57
[0]:98171829 [1]:14558054 [2]:167 [3]:362
[0]:98362164 [1]:14601958 [2]:167 [3]:69
[0]:98562777 [1]:14648323 [2]:167 [3]:362
[0]:98794300 [1]:14701777 [2]:167 [3]:352
[0]:99015217 [1]:14752844 [2]:167 [3]:363
[0]:99213172 [1]:14798492 [2]:167 [3]:53
[0]:99496578 [1]:14864037 [2]:167 [3]:359
[0]:99698435 [1]:14910635 [2]:167 [3]:361
[0]:99888627 [1]:14954508 [2]:167 [3]:358
[0]:100098012 [1]:15002913 [2]:167 [3]:357
[0]:100311304 [1]:15052118 [2]:167 [3]:364
[0]:100512068 [1]:15098601 [2]:167 [3]:355
[0]:100708626 [1]:15144027 [2]:167 [3]:362
[0]:100907725 [1]:15190015 [2]:167 [3]:363
[0]:101102880 [1]:15235059 [2]:167 [3]:365
[0]:101295898 [1]:15279620 [2]:167 [3]:354
[0]:101504940 [1]:15327863 [2]:167 [3]:364
[0]:101706537 [1]:15374417 [2]:167 [3]:361
[0]:101906764 [1]:15420685 [2]:167 [3]:363
[0]:102102253 [1]:15465834 [2]:167 [3]:361
[0]:102347615 [1]:15522540 [2]:167 [3]:59
[0]:102542648 [1]:15567658 [2]:167 [3]:351
[0]:102751496 [1]:15615880 [2]:167 [3]:360
[0]:102949459 [1]:15661605 [2]:167 [3]:362
[0]:103151037 [1]:15708175 [2]:167 [3]:364
[0]:103356203 [1]:15755580 [2]:167 [3]:62
[0]:103561507 [1]:15802989 [2]:167 [3]:359
[0]:103774240 [1]:15852138 [2]:167 [3]:360
[0]:104037834 [1]:15912966 [2]:167 [3]:361
[0]:104229594 [1]:15957264 [2]:167 [3]:362
[0]:104434963 [1]:16004678 [2]:167 [3]:364
[0]:104641795 [1]:16052485 [2]:167 [3]:361
[0]:104875087 [1]:16106369 [2]:167 [3]:356
[0]:105073273 [1]:16152163 [2]:167 [3]:362
[0]:105274680 [1]:16198700 [2]:167 [3]:364
[0]:105476175 [1]:16245260 [2]:167 [3]:365
[0]:105685199 [1]:16293614 [2]:167 [3]:368
[0]:105883095 [1]:16339329 [2]:167 [3]:363
[0]:106088573 [1]:16386858 [2]:167 [3]:365
[0]:106293535 [1]:16434197 [2]:167 [3]:366
[0]:106491308 [1]:16479889 [2]:167 [3]:57
[0]:106692983 [1]:16526423 [2]:167 [3]:364
[0]:106894593 [1]:16573074 [2]:167 [3]:359
[0]:107084913 [1]:16617105 [2]:167 [3]:55
[0]:107291359 [1]:16664780 [2]:167 [3]:367
[0]:107524162 [1]:16718635 [2]:167 [3]:372
[0]:107734398 [1]:16767110 [2]:167 [3]:356
[0]:107943067 [1]:16815315 [2]:167 [3]:358
[0]:108148505 [1]:16862816 [2]:167 [3]:365
[0]:108357649 [1]:16911199 [2]:167 [3]:63
[0]:108555710 [1]:16956821 [2]:167 [3]:350
[0]:108764618 [1]:17005118 [2]:167 [3]:358
[0]:108974629 [1]:17053692 [2]:167 [3]:364
[0]:109175107 [1]:17099958 [2]:167 [3]:360
[0]:109372850 [1]:17145717 [2]:167 [3]:359
[0]:109581732 [1]:17193876 [2]:167 [3]:363
[0]:109773626 [1]:17238230 [2]:167 [3]:355
[0]:109973829 [1]:17284480 [2]:167 [3]:364
[0]:110182607 [1]:17332700 [2]:167 [3]:362
[0]:110388052 [1]:17380182 [2]:167 [3]:357
[0]:110593081 [1]:17427484 [2]:167 [3]:54
[0]:110828776 [1]:17481927 [2]:167 [3]:59
[0]:111037552 [1]:17530192 [2]:167 [3]:354
[0]:111235432 [1]:17575934 [2]:167 [3]:360
[0]:111474258 [1]:17631002 [2]:167 [3]:355
[0]:111672182 [1]:17676736 [2]:167 [3]:66
[0]:111877478 [1]:17724206 [2]:167 [3]:362
[0]:112077532 [1]:17770439 [2]:167 [3]:63
[0]:112269311 [1]:17814708 [2]:167 [3]:361
[0]:112478310 [1]:17862949 [2]:167 [3]:359
[0]:112675905 [1]:17908580 [2]:167 [3]:357
[0]:112874010 [1]:17954375 [2]:167 [3]:359
[0]:113072130 [1]:18000165 [2]:167 [3]:361
[0]:113276944 [1]:18047386 [2]:167 [3]:362
[0]:113478686 [1]:18094002 [2]:167 [3]:363
[0]:113672232 [1]:18138752 [2]:167 [3]:64
[0]:113865646 [1]:18183447 [2]:167 [3]:360
[0]:114060923 [1]:18228559 [2]:167 [3]:365
[0]:114266135 [1]:18275880 [2]:167 [3]:358
[0]:114471146 [1]:18323315 [2]:167 [3]:357
[0]:114676908 [1]:18370875 [2]:167 [3]:364
[0]:114872497 [1]:18416075 [2]:167 [3]:359
[0]:115069693 [1]:18461556 [2]:167 [3]:359
[0]:115263615 [1]:18506402 [2]:167 [3]:356
[0]:115460562 [1]:18551944 [2]:167 [3]:363
[0]:115658492 [1]:18597671 [2]:167 [3]:360
[0]:115852400 [1]:18642495 [2]:167 [3]:368
[0]:116070289 [1]:18692790 [2]:167 [3]:62
[0]:116278086 [1]:18740853 [2]:167 [3]:359
[0]:116475849 [1]:18786554 [2]:167 [3]:359
[0]:116729500 [1]:18845141 [2]:167 [3]:357
[0]:116919402 [1]:18889038 [2]:167 [3]:364
[0]:117118389 [1]:18934942 [2]:167 [3]:362
[0]:117323010 [1]:18982213 [2]:167 [3]:354
[0]:117531956 [1]:19030498 [2]:167 [3]:362
[0]:117741072 [1]:19078766 [2]:167 [3]:363
[0]:117942759 [1]:19125323 [2]:167 [3]:365
[0]:118139783 [1]:19170836 [2]:167 [3]:360
[0]:118345740 [1]:19218408 [2]:167 [3]:353
[0]:118542364 [1]:19263859 [2]:167 [3]:363
[0]:118760085 [1]:19314179 [2]:167 [3]:359
[0]:118980236 [1]:19365016 [2]:167 [3]:59
[0]:119191639 [1]:19413835 [2]:167 [3]:56
[0]:119380795 [1]:19457594 [2]:167 [3]:362
[0]:119593325 [1]:19493524 [2]:167 [3]:368
[0]:119802252 [1]:19524429 [2]:167 [3]:366
[0]:120012024 [1]:19555555 [2]:167 [3]:363
[0]:120211915 [1]:19585238 [2]:167 [3]:78
[0]:120413101 [1]:19615041 [2]:167 [3]:81
[0]:120649855 [1]:19650119 [2]:167 [3]:370
[0]:120852755 [1]:19680177 [2]:167 [3]:87
[0]:121057408 [1]:19710558 [2]:167 [3]:83
[0]:121299857 [1]:19746547 [2]:167 [3]:363
[0]:121516618 [1]:19778815 [2]:167 [3]:355
[0]:121720172 [1]:19809007 [2]:167 [3]:363
[0]:121938234 [1]:19841259 [2]:167 [3]:370
[0]:122167881 [1]:19875348 [2]:156 [3]:358
[0]:122372638 [1]:19905704 [2]:156 [3]:77
[0]:122572649 [1]:19935407 [2]:156 [3]:362
[0]:122783577 [1]:19966631 [2]:156 [3]:355
[0]:122998478 [1]:19998481 [2]:156 [3]:358
[0]:123246052 [1]:20035176 [2]:156 [3]:354
[0]:123451528 [1]:20065753 [2]:156 [3]:75
[0]:123660469 [1]:20096824 [2]:156 [3]:82
[0]:123873418 [1]:20128404 [2]:156 [3]:365
[0]:124082184 [1]:20159339 [2]:156 [3]:78
[0]:124289308 [1]:20190140 [2]:156 [3]:75
[0]:124493661 [1]:20220384 [2]:156 [3]:82
[0]:124696995 [1]:20250531 [2]:156 [3]:368
[0]:124992593 [1]:20294423 [2]:156 [3]:360
[0]:125225164 [1]:20328955 [2]:156 [3]:366
[0]:125430081 [1]:20359404 [2]:156 [3]:370
[0]:125637610 [1]:20390187 [2]:156 [3]:367
[0]:125842766 [1]:20420528 [2]:151 [3]:363
[0]:126052661 [1]:20451790 [2]:151 [3]:371
[0]:126256385 [1]:20482038 [2]:151 [3]:79
[0]:126474304 [1]:20514339 [2]:151 [3]:361
[0]:126686531 [1]:20545775 [2]:151 [3]:367
[0]:126895122 [1]:20576797 [2]:151 [3]:361
[0]:127104948 [1]:20608000 [2]:151 [3]:362
[0]:127343651 [1]:20643481 [2]:151 [3]:358
[0]:127546239 [1]:20673490 [2]:151 [3]:363
[0]:127759104 [1]:20705056 [2]:151 [3]:370
[0]:127967795 [1]:20736081 [2]:151 [3]:368
[0]:128180870 [1]:20767713 [2]:151 [3]:364
[0]:128386860 [1]:20798248 [2]:151 [3]:371
[0]:128606411 [1]:20830804 [2]:151 [3]:353
[0]:128819241 [1]:20862376 [2]:151 [3]:368
[0]:129079960 [1]:20900989 [2]:151 [3]:365
[0]:129284330 [1]:20931297 [2]:151 [3]:361
[0]:129511790 [1]:20965016 [2]:151 [3]:375
[0]:129718028 [1]:20995526 [2]:151 [3]:365
[0]:129926765 [1]:21026451 [2]:151 [3]:78
[0]:130135679 [1]:21057457 [2]:151 [3]:366
[0]:130350730 [1]:21089393 [2]:151 [3]:363
[0]:130557407 [1]:21120021 [2]:151 [3]:360
[0]:130766292 [1]:21151008 [2]:151 [3]:373
[0]:130979054 [1]:21182611 [2]:151 [3]:370
[0]:131191833 [1]:21214161 [2]:151 [3]:369
[0]:131399949 [1]:21245111 [2]:151 [3]:359
[0]:131601698 [1]:21274964 [2]:151 [3]:368
[0]:131810602 [1]:21305975 [2]:151 [3]:80
[0]:132011599 [1]:21335868 [2]:151 [3]:361
[0]:132226646 [1]:21367928 [2]:151 [3]:370
[0]:132433146 [1]:21398469 [2]:151 [3]:371
[0]:132638214 [1]:21428860 [2]:151 [3]:363
[0]:132851528 [1]:21460488 [2]:151 [3]:364
[0]:133069860 [1]:21492992 [2]:151 [3]:374
[0]:133267389 [1]:21522295 [2]:151 [3]:356
[0]:133477347 [1]:21553385 [2]:151 [3]:362
[0]:133678269 [1]:21583196 [2]:151 [3]:359
[0]:133883475 [1]:21613598 [2]:151 [3]:372
[0]:134092351 [1]:21644610 [2]:151 [3]:79
[0]:134305799 [1]:21676495 [2]:151 [3]:361
[0]:134513872 [1]:21707414 [2]:151 [3]:359
[0]:134730863 [1]:21739521 [2]:151 [3]:362
[0]:134939548 [1]:21770480 [2]:151 [3]:364
[0]:135172109 [1]:21804943 [2]:151 [3]:359
[0]:135383323 [1]:21836309 [2]:151 [3]:74
[0]:135589752 [1]:21866832 [2]:151 [3]:365
[0]:135794151 [1]:21897180 [2]:151 [3]:358
[0]:136011608 [1]:21929477 [2]:151 [3]:372
[0]:136220332 [1]:21960446 [2]:151 [3]:358
[0]:136460827 [1]:21996126 [2]:151 [3]:76
[0]:136681588 [1]:22028831 [2]:151 [3]:366
[0]:136890531 [1]:22059863 [2]:151 [3]:370
[0]:137103526 [1]:22091457 [2]:151 [3]:372
[0]:137312047 [1]:22122516 [2]:151 [3]:369
[0]:137532847 [1]:22155270 [2]:151 [3]:369
[0]:137741587 [1]:22186264 [2]:151 [3]:370
[0]:137950605 [1]:22217280 [2]:151 [3]:371
[0]:138157221 [1]:22247963 [2]:151 [3]:362
[0]:138369882 [1]:22279544 [2]:151 [3]:360
[0]:138580913 [1]:22310797 [2]:151 [3]:376
[0]:138809477 [1]:22344804 [2]:151 [3]:363
[0]:139026378 [1]:22376941 [2]:151 [3]:365
[0]:139235726 [1]:22408104 [2]:151 [3]:376
[0]:139447883 [1]:22439626 [2]:151 [3]:362
[0]:139679844 [1]:22474104 [2]:151 [3]:360
[0]:139894534 [1]:22506017 [2]:151 [3]:362
[0]:140105890 [1]:22537392 [2]:151 [3]:364
[0]:140310829 [1]:22567854 [2]:151 [3]:368
[0]:140520713 [1]:22598970 [2]:151 [3]:363
[0]:140736390 [1]:22631069 [2]:151 [3]:372
[0]:140945114 [1]:22662038 [2]:151 [3]:367
[0]:141159842 [1]:22693925 [2]:151 [3]:365
[0]:141378769 [1]:22726459 [2]:151 [3]:368
[0]:141586370 [1]:22757254 [2]:151 [3]:367
[0]:141796350 [1]:22788372 [2]:151 [3]:365
[0]:142028970 [1]:22822941 [2]:151 [3]:358
[0]:142257666 [1]:22856812 [2]:151 [3]:371
[0]:142480618 [1]:22890010 [2]:151 [3]:363
[0]:142694744 [1]:22921818 [2]:151 [3]:372
[0]:142907772 [1]:22953401 [2]:151 [3]:366
[0]:143120648 [1]:22984950 [2]:151 [3]:361
[0]:143327034 [1]:23015598 [2]:151 [3]:365
[0]:143544150 [1]:23047764 [2]:151 [3]:352
[0]:143747247 [1]:23077833 [2]:151 [3]:371
[0]:143963961 [1]:23110026 [2]:151 [3]:363
[0]:144169156 [1]:23140445 [2]:151 [3]:363
[0]:144381751 [1]:23172040 [2]:151 [3]:357
[0]:144597230 [1]:23204035 [2]:151 [3]:363
[0]:144807037 [1]:23235206 [2]:151 [3]:364
[0]:145020150 [1]:23266873 [2]:151 [3]:365
[0]:145226620 [1]:23297634 [2]:151 [3]:361
[0]:145473234 [1]:23334146 [2]:151 [3]:359
[0]:145667058 [1]:23362905 [2]:151 [3]:363
[0]:145874964 [1]:23393744 [2]:151 [3]:363
[0]:146076213 [1]:23423681 [2]:151 [3]:371
[0]:146289091 [1]:23455322 [2]:151 [3]:82
[0]:146489888 [1]:23485133 [2]:151 [3]:75
[0]:146717316 [1]:23518865 [2]:151 [3]:371
[0]:146927158 [1]:23550089 [2]:151 [3]:360
[0]:147136248 [1]:23581152 [2]:151 [3]:357
[0]:147352928 [1]:23613362 [2]:151 [3]:363
[0]:147550263 [1]:23642862 [2]:151 [3]:360
[0]:147810225 [1]:23681465 [2]:151 [3]:366
[0]:148011945 [1]:23711398 [2]:151 [3]:369
[0]:148219560 [1]:23742196 [2]:151 [3]:367
[0]:148428397 [1]:23773287 [2]:151 [3]:364
[0]:148637394 [1]:23804434 [2]:151 [3]:358
[0]:148846333 [1]:23835481 [2]:151 [3]:359
[0]:149073724 [1]:23869238 [2]:151 [3]:359
[0]:149283547 [1]:23900477 [2]:151 [3]:366
[0]:149492412 [1]:23931531 [2]:151 [3]:368
[0]:149710048 [1]:23963883 [2]:151 [3]:362
[0]:149945173 [1]:23998750 [2]:151 [3]:372
[0]:150158491 [1]:24030479 [2]:151 [3]:366
[0]:150371070 [1]:24062190 [2]:151 [3]:367
[0]:150579878 [1]:24093170 [2]:151 [3]:367
[0]:150796883 [1]:24125448 [2]:151 [3]:358
[0]:150997718 [1]:24155224 [2]:151 [3]:366
[0]:151198741 [1]:24185034 [2]:151 [3]:366
[0]:151413768 [1]:24216930 [2]:151 [3]:366
[0]:151628211 [1]:24248708 [2]:151 [3]:359
[0]:151836360 [1]:24279647 [2]:151 [3]:365
[0]:152042104 [1]:24310247 [2]:151 [3]:361
[0]:152250859 [1]:24341164 [2]:151 [3]:363
[0]:152459621 [1]:24372151 [2]:151 [3]:366
[0]:152669700 [1]:24403323 [2]:151 [3]:356
[0]:152876777 [1]:24434152 [2]:151 [3]:361
[0]:153085341 [1]:24465051 [2]:151 [3]:365
[0]:153291218 [1]:24495577 [2]:151 [3]:71
[0]:153502047 [1]:24526914 [2]:151 [3]:372
[0]:153708692 [1]:24557759 [2]:151 [3]:73
[0]:153915788 [1]:24588557 [2]:151 [3]:358
[0]:154122452 [1]:24619279 [2]:151 [3]:361
[0]:154339322 [1]:24651423 [2]:151 [3]:359
[0]:154552020 [1]:24683100 [2]:151 [3]:372
[0]:154764699 [1]:24714755 [2]:151 [3]:360
[0]:154974503 [1]:24745848 [2]:151 [3]:363
[0]:155182560 [1]:24776716 [2]:151 [3]:369
[0]:155395370 [1]:24808307 [2]:151 [3]:358
[0]:155620048 [1]:24841656 [2]:151 [3]:369
[0]:155830615 [1]:24872898 [2]:151 [3]:358
[0]:156033771 [1]:24903006 [2]:151 [3]:355
[0]:156257325 [1]:24936134 [2]:151 [3]:366
[0]:156471311 [1]:24967985 [2]:151 [3]:366
[0]:156671804 [1]:24997749 [2]:151 [3]:365
[0]:156879730 [1]:25028618 [2]:151 [3]:370
[0]:157085600 [1]:25059172 [2]:151 [3]:376
[0]:157296183 [1]:25090370 [2]:151 [3]:72
[0]:157523510 [1]:25124132 [2]:151 [3]:84
[0]:157739761 [1]:25156207 [2]:151 [3]:365
[0]:157950064 [1]:25187392 [2]:151 [3]:76
[0]:158165758 [1]:25219332 [2]:151 [3]:365
[0]:158374593 [1]:25250403 [2]:151 [3]:366
[0]:158583361 [1]:25281464 [2]:151 [3]:364
[0]:158787977 [1]:25311863 [2]:151 [3]:362
[0]:159054342 [1]:25351508 [2]:151 [3]:367
[0]:159261978 [1]:25382423 [2]:151 [3]:370
[0]:159463925 [1]:25412451 [2]:151 [3]:357
[0]:159670875 [1]:25443162 [2]:151 [3]:372
[0]:159871793 [1]:25472954 [2]:151 [3]:368
[0]:160084794 [1]:25504565 [2]:151 [3]:85
[0]:160301628 [1]:25536666 [2]:151 [3]:362
[0]:160509417 [1]:25567465 [2]:151 [3]:368
[0]:160730848 [1]:25600334 [2]:151 [3]:357
[0]:160951865 [1]:25650598 [2]:151 [3]:60
[0]:161151093 [1]:25696501 [2]:151 [3]:366
[0]:161347581 [1]:25741902 [2]:151 [3]:360
[0]:161544294 [1]:25787307 [2]:155 [3]:357
[0]:161753787 [1]:25835689 [2]:155 [3]:359
[0]:161955765 [1]:25882320 [2]:155 [3]:363
[0]:162157717 [1]:25928886 [2]:155 [3]:361
[0]:162350516 [1]:25973436 [2]:155 [3]:365
[0]:162541079 [1]:26017484 [2]:155 [3]:364
[0]:162732122 [1]:26061633 [2]:155 [3]:352
[0]:162937643 [1]:26109163 [2]:155 [3]:360
[0]:163131870 [1]:26153954 [2]:155 [3]:62
[0]:163376522 [1]:26210514 [2]:155 [3]:362
[0]:163594205 [1]:26260824 [2]:155 [3]:362
[0]:163829691 [1]:26315276 [2]:155 [3]:365
[0]:164031246 [1]:26361820 [2]:155 [3]:363
[0]:164228934 [1]:26407540 [2]:166 [3]:60
[0]:164425006 [1]:26452844 [2]:166 [3]:362
[0]:164620882 [1]:26498090 [2]:166 [3]:57
[0]:164852324 [1]:26551511 [2]:166 [3]:357
[0]:165046153 [1]:26596350 [2]:166 [3]:355
[0]:165247895 [1]:26642964 [2]:166 [3]:368
[0]:165445553 [1]:26688675 [2]:166 [3]:362
[0]:165647137 [1]:26735298 [2]:166 [3]:71
[0]:165837790 [1]:26779246 [2]:166 [3]:362
[0]:166080237 [1]:26835344 [2]:166 [3]:362
[0]:166280219 [1]:26881599 [2]:166 [3]:358
[0]:166477328 [1]:26927134 [2]:166 [3]:364
[0]:166680933 [1]:26974229 [2]:166 [3]:58
[0]:166875286 [1]:27019085 [2]:166 [3]:359
[0]:167076685 [1]:27065610 [2]:167 [3]:356
[0]:167278181 [1]:27112200 [2]:167 [3]:364
[0]:167470445 [1]:27156624 [2]:167 [3]:366
[0]:167666396 [1]:27201846 [2]:167 [3]:362
[0]:167860500 [1]:27246698 [2]:167 [3]:359
[0]:168056377 [1]:27291965 [2]:167 [3]:57
[0]:168250710 [1]:27336861 [2]:167 [3]:357
[0]:168465050 [1]:27386477 [2]:167 [3]:356
[0]:168666509 [1]:27432928 [2]:167 [3]:353
[0]:168860698 [1]:27477813 [2]:167 [3]:352
[0]:169063888 [1]:27524728 [2]:167 [3]:57
[0]:169263883 [1]:27570880 [2]:167 [3]:361
[0]:169465492 [1]:27617449 [2]:167 [3]:359
[0]:169659615 [1]:27662195 [2]:167 [3]:362
[0]:169857155 [1]:27707896 [2]:167 [3]:60
[0]:170084717 [1]:27760451 [2]:167 [3]:360
[0]:170282813 [1]:27806208 [2]:167 [3]:61
[0]:170491705 [1]:27854430 [2]:167 [3]:57
[0]:170723447 [1]:27907985 [2]:167 [3]:358
[0]:170924927 [1]:27954510 [2]:167 [3]:354
[0]:171115866 [1]:27998642 [2]:167 [3]:53
[0]:171313015 [1]:28044194 [2]:167 [3]:366
[0]:171529584 [1]:28094124 [2]:167 [3]:361
[0]:171726484 [1]:28139558 [2]:167 [3]:58
[0]:171950995 [1]:28191524 [2]:167 [3]:364
[0]:172169568 [1]:28242080 [2]:167 [3]:366
[0]:172369325 [1]:28288147 [2]:167 [3]:357
[0]:172563449 [1]:28332972 [2]:167 [3]:364
[0]:172757948 [1]:28377914 [2]:167 [3]:358
[0]:172953118 [1]:28423034 [2]:167 [3]:74
[0]:173153235 [1]:28469267 [2]:167 [3]:361
[0]:173358564 [1]:28516672 [2]:167 [3]:365
[0]:173552591 [1]:28561482 [2]:167 [3]:59
[0]:173752212 [1]:28607650 [2]:167 [3]:354
[0]:173961468 [1]:28656012 [2]:167 [3]:365
[0]:174157185 [1]:28701232 [2]:167 [3]:362
[0]:174358868 [1]:28747716 [2]:167 [3]:363
[0]:174560478 [1]:28794290 [2]:167 [3]:361
[0]:174831347 [1]:28856867 [2]:167 [3]:364
[0]:175026817 [1]:28902038 [2]:167 [3]:359
[0]:175258427 [1]:28955473 [2]:167 [3]:363
[0]:175456129 [1]:29001190 [2]:167 [3]:364
[0]:175659908 [1]:29048297 [2]:167 [3]:362
[0]:175855431 [1]:29093495 [2]:167 [3]:359
[0]:176053290 [1]:29139147 [2]:167 [3]:362
[0]:176262362 [1]:29187480 [2]:167 [3]:367
[0]:176460151 [1]:29233224 [2]:167 [3]:357
[0]:176654225 [1]:29278038 [2]:167 [3]:62
[0]:176854285 [1]:29324282 [2]:167 [3]:368
[0]:177053570 [1]:29370296 [2]:167 [3]:362
[0]:177255113 [1]:29416813 [2]:167 [3]:362
[0]:177452986 [1]:29462562 [2]:167 [3]:359
[0]:177672676 [1]:29513385 [2]:167 [3]:364
[0]:177897322 [1]:29565151 [2]:167 [3]:365
[0]:178114419 [1]:29615391 [2]:167 [3]:365
[0]:178303927 [1]:29659143 [2]:167 [3]:362
[0]:178496574 [1]:29703617 [2]:167 [3]:363
[0]:178695858 [1]:29749621 [2]:167 [3]:357
[0]:178890096 [1]:29794420 [2]:167 [3]:355
[0]:179078883 [1]:29838042 [2]:167 [3]:354
[0]:179281946 [1]:29884964 [2]:167 [3]:354
[0]:179476039 [1]:29929798 [2]:167 [3]:366
[0]:179684658 [1]:29978144 [2]:167 [3]:359
[0]:179891924 [1]:30025946 [2]:167 [3]:361
[0]:180085774 [1]:30070748 [2]:167 [3]:368
[0]:180280818 [1]:30115809 [2]:167 [3]:357
[0]:180476264 [1]:30160937 [2]:167 [3]:358
[0]:180700234 [1]:30212660 [2]:167 [3]:364
[0]:180927940 [1]:30265267 [2]:167 [3]:354
[0]:181123682 [1]:30310514 [2]:167 [3]:364
[0]:181319909 [1]:30355870 [2]:167 [3]:363
[0]:181520887 [1]:30402328 [2]:167 [3]:357
[0]:181715437 [1]:30447169 [2]:167 [3]:356
[0]:181947070 [1]:30500731 [2]:167 [3]:360
[0]:182140885 [1]:30545575 [2]:167 [3]:360
[0]:182342458 [1]:30592199 [2]:167 [3]:65
[0]:182551551 [1]:30640475 [2]:167 [3]:362
[0]:182756768 [1]:30687862 [2]:167 [3]:367
[0]:182961636 [1]:30735286 [2]:167 [3]:359
[0]:183163565 [1]:30781945 [2]:167 [3]:361
[0]:183361336 [1]:30827655 [2]:167 [3]:363
[0]:183562929 [1]:30874152 [2]:167 [3]:361
[0]:183764607 [1]:30920773 [2]:167 [3]:363
[0]:183962315 [1]:30966395 [2]:167 [3]:364
[0]:184160600 [1]:31012219 [2]:167 [3]:358
[0]:184359509 [1]:31058153 [2]:167 [3]:360
[0]:184572496 [1]:31107267 [2]:167 [3]:351
[0]:184763395 [1]:31151376 [2]:167 [3]:360
[0]:184975994 [1]:31200486 [2]:167 [3]:362
[0]:185171614 [1]:31245732 [2]:167 [3]:355
[0]:185365821 [1]:31290609 [2]:167 [3]:363
[0]:185555216 [1]:31334381 [2]:167 [3]:366
[0]:185752520 [1]:31379934 [2]:167 [3]:354
[0]:185947052 [1]:31424904 [2]:167 [3]:361
[0]:186145671 [1]:31470844 [2]:167 [3]:352
[0]:186351132 [1]:31518287 [2]:167 [3]:366
[0]:186609415 [1]:31577946 [2]:167 [3]:365
[0]:186806322 [1]:31623444 [2]:167 [3]:367
[0]:186996682 [1]:31667458 [2]:167 [3]:361
[0]:187192376 [1]:31712675 [2]:167 [3]:357
[0]:187388668 [1]:31757978 [2]:167 [3]:362
[0]:187593873 [1]:31805462 [2]:167 [3]:66
[0]:187795476 [1]:31852012 [2]:167 [3]:355
[0]:187985786 [1]:31895946 [2]:167 [3]:63
[0]:188191157 [1]:31943356 [2]:167 [3]:359
[0]:188493297 [1]:32013147 [2]:167 [3]:365
[0]:188695009 [1]:32059772 [2]:167 [3]:359
[0]:188892725 [1]:32105502 [2]:167 [3]:361
[0]:189082535 [1]:32149349 [2]:167 [3]:359
[0]:189288499 [1]:32196919 [2]:167 [3]:362
[0]:189500671 [1]:32245871 [2]:167 [3]:365
[0]:189766246 [1]:32307290 [2]:167 [3]:364
[0]:189963929 [1]:32353013 [2]:167 [3]:64
[0]:190163869 [1]:32399141 [2]:167 [3]:356
[0]:190359413 [1]:32444312 [2]:167 [3]:355
[0]:190564940 [1]:32491758 [2]:167 [3]:59
[0]:190773856 [1]:32540126 [2]:167 [3]:349
[0]:190994145 [1]:32591042 [2]:167 [3]:64
[0]:191187743 [1]:32635717 [2]:167 [3]:367
[0]:191382240 [1]:32680675 [2]:167 [3]:361
[0]:191585282 [1]:32727602 [2]:167 [3]:365
[0]:191785333 [1]:32773870 [2]:167 [3]:366
[0]:191983316 [1]:32819499 [2]:167 [3]:354
[0]:192180979 [1]:32865131 [2]:167 [3]:354
[0]:192378875 [1]:32910865 [2]:167 [3]:59
[0]:192580439 [1]:32957421 [2]:167 [3]:360
[0]:192773154 [1]:33001962 [2]:167 [3]:363
[0]:192972079 [1]:33047850 [2]:167 [3]:362
[0]:193168988 [1]:33093309 [2]:167 [3]:360
[0]:193363322 [1]:33138219 [2]:167 [3]:52
[0]:193566137 [1]:33185134 [2]:167 [3]:363
[0]:193762293 [1]:33230385 [2]:167 [3]:45
[0]:193965050 [1]:33277198 [2]:167 [3]:363
[0]:194162942 [1]:33322945 [2]:167 [3]:360
[0]:194368066 [1]:33370311 [2]:167 [3]:365
[0]:194569807 [1]:33416928 [2]:167 [3]:360
[0]:194769899 [1]:33463083 [2]:167 [3]:356
[0]:194968238 [1]:33508885 [2]:167 [3]:350
[0]:195174213 [1]:33556508 [2]:167 [3]:354
[0]:195398573 [1]:33608271 [2]:167 [3]:367
[0]:195598839 [1]:33654563 [2]:167 [3]:363
[0]:195801438 [1]:33701276 [2]:167 [3]:362
[0]:195999361 [1]:33746989 [2]:167 [3]:65
[0]:196204579 [1]:33794389 [2]:167 [3]:358
[0]:196469142 [1]:33855689 [2]:167 [3]:366
[0]:196663700 [1]:33900588 [2]:167 [3]:359
[0]:196860917 [1]:33946138 [2]:167 [3]:365
[0]:197059368 [1]:33991976 [2]:167 [3]:70
[0]:197256490 [1]:34037524 [2]:167 [3]:358
[0]:197458662 [1]:34084249 [2]:167 [3]:350
[0]:197660244 [1]:34130762 [2]:167 [3]:364
[0]:197858004 [1]:34176458 [2]:167 [3]:61
[0]:198059559 [1]:34223091 [2]:167 [3]:363
[0]:198256529 [1]:34268680 [2]:167 [3]:359
[0]:198455282 [1]:34314504 [2]:167 [3]:366
[0]:198656716 [1]:34361089 [2]:167 [3]:362
[0]:198891333 [1]:34415352 [2]:167 [3]:355
[0]:199079820 [1]:34458916 [2]:167 [3]:60
[0]:199278725 [1]:34504850 [2]:167 [3]:359
[0]:199474140 [1]:34549941 [2]:167 [3]:360
[0]:199690627 [1]:34600007 [2]:167 [3]:365
[0]:199886426 [1]:34645314 [2]:167 [3]:365
[0]:200089822 [1]:34692248 [2]:167 [3]:58
[0]:200291570 [1]:34738770 [2]:167 [3]:365
[0]:200450428 [1]:34775563 [2]:167 [3]:362
[0]:200450428 [1]:34775563 [2]:167 [3]:362
[0]:200450428 [1]:34775563 [2]:167 [3]:362
[0]:200450428 [1]:34775563 [2]:167 [3]:362
[0]:200450428 [1]:34775563 [2]:167 [3]:362
[0]:200450428 [1]:34775563 [2]:167 [3]:362
[0]:200450428 [1]:34775563 [2]:167 [3]:362
[0]:200450428 [1]:34775563 [2]:167 [3]:362
[0]:200450428 [1]:34775563 [2]:167 [3]:362
[0]:200450428 [1]:34775563 [2]:167 [3]:362
[0]:200450428 [1]:34775563 [2]:167 [3]:362
[0]:200450428 [1]:34775563 [2]:167 [3]:362
                                                                                      [0]:200450428 [1]:34775563 [2]:167 [3]:362
[0]:200450428 [1]:34775563 [2]:167 [3]:362
[0]:200450428 [1]:34775563 [2]:167 [3]:362
[0]:200450428 [1]:34775563 [2]:167 [3]:362
[0]:200450428 [1]:34775563 [2]:167 [3]:362
