[0]:133676766 [1]:23598894 [2]:0 [3]:368
[0]:133878648 [1]:23642617 [2]:0 [3]:360
[0]:134077158 [1]:23685579 [2]:0 [3]:365
[0]:134281461 [1]:23729815 [2]:0 [3]:359
[0]:134479088 [1]:23772638 [2]:0 [3]:362
[0]:134680354 [1]:23816170 [2]:0 [3]:357
[0]:134904416 [1]:23864677 [2]:0 [3]:367
[0]:135109528 [1]:23909138 [2]:0 [3]:362
[0]:135325930 [1]:23955854 [2]:0 [3]:362
[0]:135519950 [1]:23997869 [2]:0 [3]:360
[0]:135739967 [1]:24045490 [2]:0 [3]:364
[0]:135937860 [1]:24088331 [2]:0 [3]:362
[0]:136123939 [1]:24128619 [2]:0 [3]:63
[0]:136318628 [1]:24170722 [2]:0 [3]:364
[0]:136508474 [1]:24211817 [2]:0 [3]:55
[0]:136702441 [1]:24253808 [2]:0 [3]:366
[0]:136900777 [1]:24296765 [2]:0 [3]:365
[0]:137094049 [1]:24338548 [2]:0 [3]:361
[0]:137287867 [1]:24380482 [2]:0 [3]:356
[0]:137506651 [1]:24427917 [2]:0 [3]:52
[0]:137705896 [1]:24471042 [2]:0 [3]:58
[0]:137970608 [1]:24528360 [2]:0 [3]:358
[0]:138164590 [1]:24570310 [2]:0 [3]:366
[0]:138358610 [1]:24612297 [2]:0 [3]:363
[0]:138571365 [1]:24658365 [2]:0 [3]:362
[0]:138765275 [1]:24700364 [2]:0 [3]:350
[0]:138962841 [1]:24743065 [2]:0 [3]:367
[0]:139153208 [1]:24784285 [2]:0 [3]:362
[0]:139347111 [1]:24826264 [2]:0 [3]:356
[0]:139541114 [1]:24868302 [2]:0 [3]:357
[0]:139738587 [1]:24911083 [2]:0 [3]:366
[0]:139928869 [1]:24952216 [2]:0 [3]:364
[0]:140134231 [1]:24996686 [2]:0 [3]:60
[0]:140331747 [1]:25039440 [2]:0 [3]:367
[0]:140540850 [1]:25084671 [2]:0 [3]:353
[0]:140742188 [1]:25128278 [2]:0 [3]:356
[0]:140940056 [1]:25171006 [2]:0 [3]:361
[0]:141133850 [1]:25213010 [2]:0 [3]:359
[0]:141335260 [1]:25256666 [2]:0 [3]:360
[0]:141536823 [1]:25300260 [2]:0 [3]:355
[0]:141741854 [1]:25344670 [2]:0 [3]:361
[0]:141938430 [1]:25387168 [2]:0 [3]:63
[0]:142129817 [1]:25428627 [2]:0 [3]:357
[0]:142327428 [1]:25471441 [2]:0 [3]:361
[0]:142524489 [1]:25514064 [2]:0 [3]:364
[0]:142719169 [1]:25556130 [2]:0 [3]:367
[0]:142912890 [1]:25598015 [2]:0 [3]:359
[0]:143118450 [1]:25642492 [2]:0 [3]:364
[0]:143316197 [1]:25685275 [2]:0 [3]:359
[0]:143509803 [1]:25727214 [2]:0 [3]:364
[0]:143711447 [1]:25770829 [2]:0 [3]:365
[0]:143938970 [1]:25820044 [2]:0 [3]:361
[0]:144140171 [1]:25863660 [2]:0 [3]:362
[0]:144337979 [1]:25906540 [2]:0 [3]:361
[0]:144529017 [1]:25947936 [2]:0 [3]:362
[0]:144728968 [1]:25991218 [2]:0 [3]:360
[0]:144925372 [1]:26033705 [2]:0 [3]:367
[0]:145139859 [1]:26080166 [2]:0 [3]:366
[0]:145341417 [1]:26123799 [2]:0 [3]:365
[0]:145536389 [1]:26166008 [2]:0 [3]:365
[0]:145733311 [1]:26208556 [2]:0 [3]:360
[0]:145963784 [1]:26258438 [2]:0 [3]:354
[0]:146158401 [1]:26300551 [2]:0 [3]:63
[0]:146358770 [1]:26343872 [2]:0 [3]:364
[0]:146561378 [1]:26387624 [2]:0 [3]:360
[0]:146751715 [1]:26428822 [2]:0 [3]:364
[0]:146938106 [1]:26469159 [2]:0 [3]:367
[0]:147161901 [1]:26517514 [2]:0 [3]:358
[0]:147363389 [1]:26561046 [2]:0 [3]:365
[0]:147561178 [1]:26603847 [2]:0 [3]:362
[0]:147758874 [1]:26646637 [2]:0 [3]:363
[0]:147959820 [1]:26690156 [2]:0 [3]:358
[0]:148169056 [1]:26735462 [2]:0 [3]:367
[0]:148366875 [1]:26778204 [2]:0 [3]:363
[0]:148566687 [1]:26821514 [2]:0 [3]:361
[0]:148762223 [1]:26863873 [2]:0 [3]:358
[0]:148963778 [1]:26907526 [2]:0 [3]:363
[0]:149157650 [1]:26949470 [2]:0 [3]:362
[0]:149370340 [1]:26995391 [2]:0 [3]:363
[0]:149564294 [1]:27037313 [2]:0 [3]:357
[0]:149761486 [1]:27080032 [2]:0 [3]:360
[0]:149963344 [1]:27123735 [2]:0 [3]:357
[0]:150161155 [1]:27166572 [2]:0 [3]:359
[0]:150362628 [1]:27210185 [2]:0 [3]:364
[0]:150569814 [1]:27255071 [2]:0 [3]:363
[0]:150761163 [1]:27296510 [2]:0 [3]:62
[0]:150959303 [1]:27339389 [2]:0 [3]:363
[0]:151160856 [1]:27382941 [2]:0 [3]:360
[0]:151356768 [1]:27425309 [2]:0 [3]:352
[0]:151545073 [1]:27466053 [2]:0 [3]:364
[0]:151739897 [1]:27508236 [2]:0 [3]:59
[0]:151936508 [1]:27550770 [2]:0 [3]:363
[0]:152145766 [1]:27596049 [2]:0 [3]:361
[0]:152339648 [1]:27637977 [2]:0 [3]:57
[0]:152530023 [1]:27679172 [2]:0 [3]:59
[0]:152737899 [1]:27724169 [2]:0 [3]:362
[0]:152932255 [1]:27766307 [2]:0 [3]:360
[0]:153123465 [1]:27807609 [2]:0 [3]:55
[0]:153331925 [1]:27852702 [2]:0 [3]:359
[0]:153529531 [1]:27895463 [2]:0 [3]:354
[0]:153741157 [1]:27941248 [2]:0 [3]:362
[0]:153932159 [1]:27982515 [2]:0 [3]:365
[0]:154130248 [1]:28025386 [2]:0 [3]:60
[0]:154324244 [1]:28067322 [2]:0 [3]:363
[0]:154529337 [1]:28111761 [2]:0 [3]:356
[0]:154775618 [1]:28165017 [2]:0 [3]:357
[0]:154973353 [1]:28207761 [2]:0 [3]:362
[0]:155178434 [1]:28252151 [2]:0 [3]:364
[0]:155368594 [1]:28293339 [2]:0 [3]:365
[0]:155573718 [1]:28337710 [2]:0 [3]:362
[0]:155764017 [1]:28378856 [2]:0 [3]:356
[0]:155968519 [1]:28423125 [2]:0 [3]:357
[0]:156163192 [1]:28465268 [2]:0 [3]:362
[0]:156356994 [1]:28507253 [2]:0 [3]:359
[0]:156547637 [1]:28548494 [2]:0 [3]:364
[0]:156767559 [1]:28596054 [2]:0 [3]:56
[0]:156964942 [1]:28638776 [2]:0 [3]:56
[0]:157192865 [1]:28688123 [2]:0 [3]:356
[0]:157390304 [1]:28730879 [2]:0 [3]:356
[0]:157584387 [1]:28772896 [2]:0 [3]:362
[0]:157793557 [1]:28818087 [2]:0 [3]:365
[0]:157986853 [1]:28859892 [2]:0 [3]:359
[0]:158203598 [1]:28906795 [2]:0 [3]:359
[0]:158397783 [1]:28948778 [2]:0 [3]:357
[0]:158601109 [1]:28992709 [2]:0 [3]:363
[0]:158793310 [1]:29034299 [2]:0 [3]:57
[0]:158994656 [1]:29077870 [2]:0 [3]:364
[0]:159227703 [1]:29128333 [2]:0 [3]:356
[0]:159423480 [1]:29170735 [2]:0 [3]:358
[0]:159621365 [1]:29213506 [2]:0 [3]:366
[0]:159882315 [1]:29270020 [2]:0 [3]:362
[0]:160079063 [1]:29312636 [2]:0 [3]:364
[0]:160274051 [1]:29354820 [2]:0 [3]:361
[0]:160524077 [1]:29408873 [2]:0 [3]:352
[0]:160732891 [1]:29454051 [2]:0 [3]:365
[0]:160926812 [1]:29496017 [2]:0 [3]:362
[0]:161144878 [1]:29543248 [2]:0 [3]:366
[0]:161337132 [1]:29584815 [2]:0 [3]:357
[0]:161536134 [1]:29627884 [2]:0 [3]:361
[0]:161729427 [1]:29669765 [2]:0 [3]:362
[0]:161932262 [1]:29713638 [2]:0 [3]:66
[0]:162124052 [1]:29755158 [2]:0 [3]:60
[0]:162337108 [1]:29801173 [2]:0 [3]:362
[0]:162524936 [1]:29841839 [2]:0 [3]:356
[0]:162717375 [1]:29883520 [2]:0 [3]:358
[0]:162911319 [1]:29925482 [2]:0 [3]:362
[0]:163110950 [1]:29968740 [2]:0 [3]:54
[0]:163311716 [1]:30012203 [2]:0 [3]:363
[0]:163497038 [1]:30052282 [2]:0 [3]:363
[0]:163698376 [1]:30095876 [2]:0 [3]:362
[0]:163922160 [1]:30144318 [2]:0 [3]:362
[0]:164123482 [1]:30187901 [2]:0 [3]:357
[0]:164327183 [1]:30231924 [2]:0 [3]:364
[0]:164534013 [1]:30276694 [2]:0 [3]:364
[0]:164741159 [1]:30321558 [2]:0 [3]:356
[0]:164948032 [1]:30366300 [2]:0 [3]:49
[0]:165145311 [1]:30408897 [2]:0 [3]:368
[0]:165380685 [1]:30459852 [2]:0 [3]:363
[0]:165574845 [1]:30501886 [2]:0 [3]:365
[0]:165802270 [1]:30551160 [2]:0 [3]:361
[0]:165999844 [1]:30593846 [2]:0 [3]:360
[0]:166195985 [1]:30636342 [2]:0 [3]:366
[0]:166385142 [1]:30677249 [2]:0 [3]:364
[0]:166578211 [1]:30719017 [2]:0 [3]:362
[0]:166779621 [1]:30762641 [2]:0 [3]:357
[0]:166977549 [1]:30805498 [2]:0 [3]:364
[0]:167212439 [1]:30856396 [2]:0 [3]:368
[0]:167413689 [1]:30900041 [2]:0 [3]:362
[0]:167607602 [1]:30942000 [2]:0 [3]:360
[0]:167804992 [1]:30984749 [2]:0 [3]:359
[0]:168008743 [1]:31028770 [2]:0 [3]:361
[0]:168198339 [1]:31069824 [2]:0 [3]:360
[0]:168443316 [1]:31122894 [2]:0 [3]:358
[0]:168637276 [1]:31164873 [2]:0 [3]:365
[0]:168846170 [1]:31210039 [2]:0 [3]:363
[0]:169043537 [1]:31252772 [2]:0 [3]:357
[0]:169233327 [1]:31293874 [2]:0 [3]:359
[0]:169428078 [1]:31336025 [2]:0 [3]:359
[0]:169620471 [1]:31377615 [2]:0 [3]:360
[0]:169823595 [1]:31421543 [2]:0 [3]:358
[0]:170017577 [1]:31463518 [2]:0 [3]:362
[0]:170218830 [1]:31507055 [2]:0 [3]:361
[0]:170420449 [1]:31550741 [2]:0 [3]:56
[0]:170625506 [1]:31595161 [2]:0 [3]:362
[0]:170823014 [1]:31637797 [2]:0 [3]:359
[0]:171013412 [1]:31679087 [2]:0 [3]:362
[0]:171218603 [1]:31723508 [2]:0 [3]:361
[0]:171416495 [1]:31766345 [2]:0 [3]:365
[0]:171614031 [1]:31809011 [2]:0 [3]:362
[0]:171811489 [1]:31851712 [2]:0 [3]:356
[0]:172004629 [1]:31893568 [2]:0 [3]:364
[0]:172207684 [1]:31937575 [2]:0 [3]:358
[0]:172434603 [1]:31986719 [2]:0 [3]:358
[0]:172629588 [1]:32028822 [2]:0 [3]:361
[0]:172818847 [1]:32069823 [2]:0 [3]:362
[0]:173017511 [1]:32112770 [2]:0 [3]:361
[0]:173214171 [1]:32155319 [2]:0 [3]:365
[0]:173414988 [1]:32198813 [2]:0 [3]:357
[0]:173643326 [1]:32248103 [2]:0 [3]:361
[0]:173835885 [1]:32289828 [2]:0 [3]:365
[0]:174045751 [1]:32335287 [2]:0 [3]:362
[0]:174242966 [1]:32377969 [2]:0 [3]:361
[0]:174434082 [1]:32419299 [2]:0 [3]:368
[0]:174629555 [1]:32461608 [2]:0 [3]:355
[0]:174829549 [1]:32504911 [2]:0 [3]:359
[0]:175027145 [1]:32547749 [2]:0 [3]:355
[0]:175247348 [1]:32595345 [2]:0 [3]:361
[0]:175444983 [1]:32638060 [2]:0 [3]:62
[0]:175642743 [1]:32680863 [2]:0 [3]:364
[0]:175838337 [1]:32723215 [2]:0 [3]:356
[0]:176030663 [1]:32764839 [2]:0 [3]:66
[0]:176234025 [1]:32808861 [2]:0 [3]:366
[0]:176425857 [1]:32850295 [2]:0 [3]:358
[0]:176623652 [1]:32893112 [2]:0 [3]:359
[0]:176814095 [1]:32934366 [2]:0 [3]:358
[0]:177011389 [1]:32977116 [2]:0 [3]:366
[0]:177216929 [1]:33021632 [2]:0 [3]:354
[0]:177418375 [1]:33065241 [2]:0 [3]:357
[0]:177641440 [1]:33113583 [2]:0 [3]:356
[0]:177849860 [1]:33158720 [2]:0 [3]:366
[0]:178052516 [1]:33202622 [2]:0 [3]:362
[0]:178249709 [1]:33245214 [2]:0 [3]:359
[0]:178457372 [1]:33290163 [2]:0 [3]:365
[0]:178664453 [1]:33334961 [2]:0 [3]:363
[0]:178865763 [1]:33378562 [2]:0 [3]:56
[0]:179067104 [1]:33422124 [2]:0 [3]:363
[0]:179272035 [1]:33466513 [2]:0 [3]:363
[0]:179492397 [1]:33514201 [2]:0 [3]:370
[0]:179678940 [1]:33554591 [2]:0 [3]:366
[0]:179911095 [1]:33604818 [2]:0 [3]:56
[0]:180115387 [1]:33649003 [2]:0 [3]:359
[0]:180309398 [1]:33691034 [2]:0 [3]:353
[0]:180514508 [1]:33735430 [2]:0 [3]:361
[0]:180702542 [1]:33776126 [2]:0 [3]:354
[0]:180898751 [1]:33818564 [2]:0 [3]:362
[0]:181092893 [1]:33860533 [2]:0 [3]:63
[0]:181294248 [1]:33904117 [2]:0 [3]:366
[0]:181491786 [1]:33946928 [2]:0 [3]:362
[0]:181678449 [1]:33987320 [2]:0 [3]:357
[0]:181879822 [1]:34030832 [2]:0 [3]:357
[0]:182086758 [1]:34075684 [2]:0 [3]:353
[0]:182293878 [1]:34120459 [2]:0 [3]:362
[0]:182487949 [1]:34162427 [2]:0 [3]:361
[0]:182681758 [1]:34204379 [2]:0 [3]:57
[0]:182883381 [1]:34247981 [2]:0 [3]:369
[0]:183080888 [1]:34290702 [2]:0 [3]:55
[0]:183286196 [1]:34335180 [2]:0 [3]:358
[0]:183476439 [1]:34376337 [2]:0 [3]:359
[0]:183722385 [1]:34429542 [2]:0 [3]:364
[0]:183912117 [1]:34470608 [2]:0 [3]:363
[0]:184106660 [1]:34512701 [2]:0 [3]:354
[0]:184306695 [1]:34556012 [2]:0 [3]:56
[0]:184520232 [1]:34602268 [2]:0 [3]:360
[0]:184733043 [1]:34648295 [2]:0 [3]:359
[0]:184942449 [1]:34693673 [2]:0 [3]:362
[0]:185136341 [1]:34735731 [2]:0 [3]:352
[0]:185332653 [1]:34778231 [2]:0 [3]:363
[0]:185515215 [1]:34817756 [2]:0 [3]:356
[0]:185714620 [1]:34860838 [2]:0 [3]:55
[0]:185916185 [1]:34904463 [2]:0 [3]:364
[0]:186113616 [1]:34947166 [2]:0 [3]:364
[0]:186307355 [1]:34989152 [2]:0 [3]:362
[0]:186504921 [1]:35031998 [2]:0 [3]:354
[0]:186699424 [1]:35074004 [2]:0 [3]:353
[0]:186908220 [1]:35119192 [2]:0 [3]:361
[0]:187133316 [1]:35167916 [2]:0 [3]:352
[0]:187343769 [1]:35213503 [2]:0 [3]:357
[0]:187561160 [1]:35260484 [2]:0 [3]:371
[0]:187758562 [1]:35303186 [2]:0 [3]:358
[0]:187995463 [1]:35354452 [2]:0 [3]:361
[0]:188177693 [1]:35393892 [2]:0 [3]:358
[0]:188400325 [1]:35442026 [2]:0 [3]:356
[0]:188590419 [1]:35483245 [2]:0 [3]:353
[0]:188784650 [1]:35525281 [2]:0 [3]:356
[0]:188979931 [1]:35567579 [2]:0 [3]:65
[0]:189175659 [1]:35609959 [2]:0 [3]:362
[0]:189377813 [1]:35653643 [2]:0 [3]:359
[0]:189578620 [1]:35697136 [2]:0 [3]:359
[0]:189769338 [1]:35738413 [2]:0 [3]:363
[0]:189970795 [1]:35782053 [2]:0 [3]:367
[0]:190164449 [1]:35824016 [2]:0 [3]:57
[0]:190358656 [1]:35865968 [2]:0 [3]:363
[0]:190571649 [1]:35912100 [2]:0 [3]:360
[0]:190798912 [1]:35961316 [2]:0 [3]:365
[0]:190992765 [1]:36003311 [2]:0 [3]:61
[0]:191184830 [1]:36044797 [2]:0 [3]:63
[0]:191380801 [1]:36087234 [2]:0 [3]:359
[0]:191575288 [1]:36129329 [2]:0 [3]:358
[0]:191789944 [1]:36175834 [2]:0 [3]:366
[0]:191996189 [1]:36220480 [2]:0 [3]:359
[0]:192189394 [1]:36262233 [2]:0 [3]:60
[0]:192384218 [1]:36304432 [2]:0 [3]:355
[0]:192583722 [1]:36347629 [2]:0 [3]:361
[0]:192783389 [1]:36390862 [2]:0 [3]:59
[0]:192977342 [1]:36432924 [2]:0 [3]:360
[0]:193182569 [1]:36477321 [2]:0 [3]:363
[0]:193380304 [1]:36520102 [2]:0 [3]:58
[0]:193577852 [1]:36562880 [2]:0 [3]:360
[0]:193779292 [1]:36606512 [2]:0 [3]:363
[0]:193971723 [1]:36648060 [2]:0 [3]:364
[0]:194174823 [1]:36692071 [2]:0 [3]:360
[0]:194372406 [1]:36734847 [2]:0 [3]:361
[0]:194570098 [1]:36777616 [2]:0 [3]:360
[0]:194767586 [1]:36820324 [2]:0 [3]:361
[0]:194961577 [1]:36862225 [2]:0 [3]:360
[0]:195159491 [1]:36905056 [2]:0 [3]:358
[0]:195360933 [1]:36948638 [2]:0 [3]:363
[0]:195595813 [1]:36999437 [2]:0 [3]:363
[0]:195811425 [1]:37046167 [2]:0 [3]:363
[0]:196006497 [1]:37088278 [2]:0 [3]:364
[0]:196200351 [1]:37130259 [2]:0 [3]:363
[0]:196445807 [1]:37183368 [2]:0 [3]:361
[0]:196662763 [1]:37230353 [2]:0 [3]:359
[0]:196860423 [1]:37273107 [2]:0 [3]:369
[0]:197058500 [1]:37315997 [2]:0 [3]:366
[0]:197263504 [1]:37360341 [2]:0 [3]:364
[0]:197460122 [1]:37402892 [2]:0 [3]:357
[0]:197654904 [1]:37445024 [2]:0 [3]:364
[0]:197861114 [1]:37489526 [2]:0 [3]:370
[0]:198076036 [1]:37536152 [2]:0 [3]:354
[0]:198311736 [1]:37587138 [2]:0 [3]:59
[0]:198524749 [1]:37633323 [2]:0 [3]:352
[0]:198719481 [1]:37675404 [2]:0 [3]:365
[0]:198912112 [1]:37717131 [2]:0 [3]:361
[0]:199103959 [1]:37758684 [2]:0 [3]:364
[0]:199300237 [1]:37801175 [2]:0 [3]:364
[0]:199355283 [1]:37813086 [2]:0 [3]:361
[0]:199355283 [1]:37813086 [2]:0 [3]:361
[0]:199355283 [1]:37813086 [2]:0 [3]:361
[0]:199355283 [1]:37813086 [2]:0 [3]:361
[0]:199355283 [1]:37813086 [2]:0 [3]:361
[0]:199355283 [1]:37813086 [2]:0 [3]:361
[0]:199355283 [1]:37813086 [2]:0 [3]:361
[0]:199355283 [1]:37813086 [2]:0 [3]:361
[0]:199355283 [1]:37813086 [2]:0 [3]:361
[0]:199355283 [1]:37813086 [2]:0 [3]:361
[0]:199355283 [1]:37813086 [2]:0 [3]:361
