[0]:88153159 [1]:36607206 [2]:7 [3]:14
[0]:89401282 [1]:37707992 [2]:7 [3]:18
[0]:90645221 [1]:38812093 [2]:7 [3]:14
[0]:91912570 [1]:39939283 [2]:7 [3]:11
[0]:93161395 [1]:41040849 [2]:7 [3]:58
[0]:94313019 [1]:42065911 [2]:7 [3]:19
[0]:95507710 [1]:43122656 [2]:7 [3]:16
[0]:96622726 [1]:44108497 [2]:7 [3]:13
[0]:97808648 [1]:45157132 [2]:7 [3]:11
[0]:98967514 [1]:46187363 [2]:7 [3]:20
[0]:100082112 [1]:47171758 [2]:7 [3]:20
[0]:101220887 [1]:48181244 [2]:7 [3]:18
[0]:102405001 [1]:49230206 [2]:7 [3]:64
[0]:103622249 [1]:50311023 [2]:7 [3]:14
[0]:104750899 [1]:51307033 [2]:7 [3]:18
[0]:105896432 [1]:52319301 [2]:7 [3]:17
[0]:107025250 [1]:53323219 [2]:7 [3]:18
[0]:108204165 [1]:54367777 [2]:7 [3]:14
[0]:109480328 [1]:55497452 [2]:7 [3]:51
[0]:110829569 [1]:56694084 [2]:7 [3]:24
[0]:112130114 [1]:57842936 [2]:7 [3]:17
[0]:113388310 [1]:58962756 [2]:7 [3]:19
[0]:114648343 [1]:60083600 [2]:7 [3]:16
[0]:115859764 [1]:61152979 [2]:7 [3]:14
[0]:117085342 [1]:62236410 [2]:7 [3]:17
[0]:118302310 [1]:63315354 [2]:7 [3]:14
[0]:119524202 [1]:64399598 [2]:7 [3]:19
[0]:120815862 [1]:65546885 [2]:7 [3]:18
[0]:122037186 [1]:66624082 [2]:7 [3]:16
[0]:123259933 [1]:67703565 [2]:7 [3]:56
[0]:124518469 [1]:68823200 [2]:7 [3]:17
[0]:125765674 [1]:69926762 [2]:7 [3]:14
[0]:127106211 [1]:71115055 [2]:7 [3]:14
[0]:128291761 [1]:72163654 [2]:7 [3]:56
[0]:129490611 [1]:73226709 [2]:7 [3]:19
[0]:130710809 [1]:74304601 [2]:7 [3]:16
[0]:131967584 [1]:75414582 [2]:7 [3]:57
[0]:133270942 [1]:76569838 [2]:7 [3]:10
[0]:134531965 [1]:77691079 [2]:7 [3]:12
[0]:135789016 [1]:78813010 [2]:7 [3]:18
[0]:137058413 [1]:79943017 [2]:7 [3]:11
[0]:138310129 [1]:81049480 [2]:7 [3]:54
[0]:139537125 [1]:82134907 [2]:7 [3]:19
[0]:140769330 [1]:83222224 [2]:7 [3]:60
[0]:141982193 [1]:84295174 [2]:7 [3]:56
[0]:143225783 [1]:85398369 [2]:7 [3]:16
[0]:144494771 [1]:86524268 [2]:7 [3]:13
[0]:145734490 [1]:87620114 [2]:7 [3]:53
[0]:146967133 [1]:88717215 [2]:7 [3]:15
[0]:148192257 [1]:89806463 [2]:7 [3]:24
[0]:149478747 [1]:90947868 [2]:7 [3]:16
[0]:150765342 [1]:92089080 [2]:7 [3]:22
[0]:152040544 [1]:93225498 [2]:7 [3]:18
[0]:153298815 [1]:94334332 [2]:7 [3]:19
[0]:154507723 [1]:95402821 [2]:7 [3]:16
[0]:155842736 [1]:96590704 [2]:7 [3]:17
[0]:157022602 [1]:97630389 [2]:7 [3]:10
[0]:158161731 [1]:98639272 [2]:7 [3]:22
[0]:159384118 [1]:99723102 [2]:7 [3]:16
[0]:160677472 [1]:100861707 [2]:7 [3]:18
[0]:161863001 [1]:101914132 [2]:7 [3]:16
[0]:163016467 [1]:102940284 [2]:7 [3]:57
[0]:164137034 [1]:103932577 [2]:7 [3]:18
[0]:165250073 [1]:104923460 [2]:7 [3]:19
[0]:166360466 [1]:105904675 [2]:7 [3]:12
[0]:167489464 [1]:106911194 [2]:7 [3]:60
[0]:168675227 [1]:107962975 [2]:7 [3]:16
[0]:169794855 [1]:108955551 [2]:7 [3]:18
[0]:171038863 [1]:110065557 [2]:7 [3]:19
[0]:172449780 [1]:111317637 [2]:7 [3]:53
[0]:173893580 [1]:112598319 [2]:7 [3]:56
[0]:175126447 [1]:113686913 [2]:7 [3]:18
[0]:176348637 [1]:114775207 [2]:7 [3]:15
[0]:177606009 [1]:115890765 [2]:7 [3]:21
[0]:178864485 [1]:117003914 [2]:7 [3]:51
[0]:180162384 [1]:118152687 [2]:7 [3]:19
[0]:181422693 [1]:119267075 [2]:7 [3]:19
[0]:182907406 [1]:120586467 [2]:7 [3]:57
[0]:184128929 [1]:121671164 [2]:7 [3]:16
