[0]:457275135 [1]:297907702 [2]:7 [3]:13
[0]:458408284 [1]:298801243 [2]:7 [3]:63
[0]:459523102 [1]:299792145 [2]:7 [3]:53
[0]:460621927 [1]:300761183 [2]:7 [3]:16
[0]:461718941 [1]:301735443 [2]:7 [3]:15
[0]:462904449 [1]:302784579 [2]:7 [3]:15
[0]:464280571 [1]:304007581 [2]:7 [3]:11
[0]:465689953 [1]:305254218 [2]:7 [3]:13
[0]:467048086 [1]:306457243 [2]:7 [3]:10
[0]:468291399 [1]:307560920 [2]:7 [3]:12
[0]:469555619 [1]:308681727 [2]:7 [3]:18
[0]:470762479 [1]:309752605 [2]:7 [3]:19
[0]:471976928 [1]:310825580 [2]:7 [3]:54
[0]:473289817 [1]:311986630 [2]:7 [3]:55
[0]:474518974 [1]:313069380 [2]:7 [3]:22
[0]:475782742 [1]:314190925 [2]:7 [3]:18
[0]:477233289 [1]:315473535 [2]:7 [3]:17
[0]:478466613 [1]:316568039 [2]:7 [3]:17
[0]:479917665 [1]:317850476 [2]:7 [3]:15
[0]:481296522 [1]:319073353 [2]:7 [3]:50
[0]:482578998 [1]:320205920 [2]:7 [3]:21
[0]:483876030 [1]:321363212 [2]:7 [3]:52
[0]:485118556 [1]:322460798 [2]:7 [3]:59
[0]:486424828 [1]:323619030 [2]:7 [3]:55
[0]:487730041 [1]:324777927 [2]:7 [3]:17
[0]:488963072 [1]:325876577 [2]:7 [3]:15
[0]:490705000 [1]:327420078 [2]:7 [3]:17
[0]:492010535 [1]:328572195 [2]:7 [3]:14
[0]:493291780 [1]:329710669 [2]:7 [3]:11
[0]:494582067 [1]:330853514 [2]:7 [3]:14
[0]:496088167 [1]:332183922 [2]:7 [3]:15
[0]:497354850 [1]:333301590 [2]:7 [3]:48
[0]:498637959 [1]:334441936 [2]:7 [3]:53
[0]:499883293 [1]:335552449 [2]:7 [3]:19
[0]:501185619 [1]:336701091 [2]:7 [3]:51
[0]:502508621 [1]:337876955 [2]:7 [3]:56
[0]:503839907 [1]:339054113 [2]:7 [3]:19
[0]:505127266 [1]:340200636 [2]:7 [3]:20
[0]:506349604 [1]:341276913 [2]:7 [3]:19
[0]:507613859 [1]:342393497 [2]:7 [3]:59
[0]:508848458 [1]:343480838 [2]:7 [3]:51
[0]:510056052 [1]:344548426 [2]:7 [3]:51
[0]:511314161 [1]:345667800 [2]:7 [3]:17
[0]:512444224 [1]:346666752 [2]:7 [3]:15
[0]:513539095 [1]:347636462 [2]:7 [3]:60
[0]:514738096 [1]:348694938 [2]:7 [3]:18
[0]:515855935 [1]:349688833 [2]:7 [3]:14
[0]:517168008 [1]:350854014 [2]:7 [3]:20
[0]:518256074 [1]:351819605 [2]:7 [3]:17
[0]:519361923 [1]:352793790 [2]:7 [3]:20
[0]:520591706 [1]:353884897 [2]:7 [3]:14
[0]:521701485 [1]:354868249 [2]:7 [3]:11
[0]:522927403 [1]:355952127 [2]:7 [3]:52
[0]:524058041 [1]:356949996 [2]:7 [3]:12
[0]:525392705 [1]:358127292 [2]:7 [3]:51
[0]:526759077 [1]:359336634 [2]:7 [3]:56
[0]:528079146 [1]:360508195 [2]:7 [3]:61
[0]:529336586 [1]:361623176 [2]:7 [3]:57
[0]:530666265 [1]:362802169 [2]:7 [3]:60
[0]:531948235 [1]:363939838 [2]:7 [3]:51
[0]:533422425 [1]:365246035 [2]:7 [3]:14
[0]:534778261 [1]:366446881 [2]:7 [3]:17
[0]:536033951 [1]:367563187 [2]:7 [3]:13
[0]:537317739 [1]:368699435 [2]:7 [3]:60
[0]:538501481 [1]:369754243 [2]:7 [3]:20
[0]:539807831 [1]:370907303 [2]:7 [3]:18
[0]:541090199 [1]:372041336 [2]:7 [3]:22
[0]:542372065 [1]:373173595 [2]:7 [3]:9
[0]:543624917 [1]:374281927 [2]:7 [3]:10
[0]:544881437 [1]:375397590 [2]:7 [3]:18
[0]:546386724 [1]:376731803 [2]:7 [3]:15
[0]:547593220 [1]:377802838 [2]:7 [3]:19
[0]:548844384 [1]:378907238 [2]:7 [3]:17
[0]:550110093 [1]:380029879 [2]:7 [3]:16
[0]:551449939 [1]:381218698 [2]:7 [3]:18
[0]:552687751 [1]:382310317 [2]:7 [3]:17
[0]:553885369 [1]:383365278 [2]:7 [3]:20
