[0]:168357311 [1]:28585111 [2]:150 [3]:360
[0]:168562237 [1]:28615497 [2]:150 [3]:361
[0]:168771241 [1]:28646500 [2]:150 [3]:370
[0]:168976012 [1]:28676932 [2]:150 [3]:357
[0]:169185759 [1]:28708052 [2]:150 [3]:367
[0]:169397733 [1]:28739446 [2]:150 [3]:359
[0]:169598623 [1]:28769321 [2]:150 [3]:357
[0]:169811158 [1]:28801080 [2]:150 [3]:364
[0]:170035980 [1]:28834512 [2]:150 [3]:357
[0]:170240774 [1]:28864977 [2]:150 [3]:361
[0]:170445748 [1]:28895446 [2]:149 [3]:83
[0]:170658619 [1]:28926945 [2]:149 [3]:362
[0]:170856909 [1]:28956324 [2]:149 [3]:367
[0]:171072426 [1]:28988357 [2]:149 [3]:358
[0]:171277187 [1]:29018753 [2]:149 [3]:366
[0]:171481998 [1]:29049099 [2]:149 [3]:363
[0]:171683200 [1]:29078923 [2]:149 [3]:79
[0]:171891886 [1]:29109891 [2]:149 [3]:374
[0]:172098004 [1]:29140444 [2]:149 [3]:354
[0]:172382755 [1]:29182695 [2]:149 [3]:356
[0]:172587699 [1]:29212995 [2]:149 [3]:364
[0]:172794667 [1]:29243601 [2]:149 [3]:359
[0]:173007317 [1]:29275140 [2]:149 [3]:68
[0]:173220297 [1]:29306777 [2]:149 [3]:359
[0]:173424454 [1]:29337118 [2]:149 [3]:362
[0]:173641822 [1]:29369328 [2]:149 [3]:364
[0]:173845845 [1]:29399683 [2]:149 [3]:372
[0]:174055566 [1]:29430897 [2]:149 [3]:367
[0]:174274101 [1]:29463341 [2]:149 [3]:364
[0]:174481104 [1]:29494136 [2]:149 [3]:372
[0]:174703942 [1]:29527185 [2]:149 [3]:371
[0]:174910684 [1]:29557908 [2]:149 [3]:86
[0]:175110802 [1]:29587581 [2]:149 [3]:364
[0]:175308722 [1]:29616999 [2]:149 [3]:360
[0]:175517499 [1]:29647936 [2]:149 [3]:367
[0]:175733758 [1]:29680049 [2]:149 [3]:361
[0]:175941273 [1]:29710855 [2]:149 [3]:374
[0]:176155470 [1]:29742662 [2]:149 [3]:361
[0]:176359845 [1]:29772982 [2]:149 [3]:371
[0]:176589238 [1]:29806911 [2]:149 [3]:368
[0]:176796599 [1]:29837570 [2]:149 [3]:367
[0]:177015153 [1]:29870026 [2]:149 [3]:368
[0]:177209316 [1]:29898754 [2]:149 [3]:83
[0]:177436924 [1]:29932500 [2]:149 [3]:359
[0]:177645718 [1]:29963446 [2]:149 [3]:369
[0]:177858535 [1]:29995023 [2]:149 [3]:364
[0]:178072326 [1]:30026815 [2]:149 [3]:86
[0]:178277514 [1]:30057246 [2]:149 [3]:358
[0]:178508025 [1]:30091333 [2]:149 [3]:80
[0]:178717729 [1]:30122370 [2]:149 [3]:368
[0]:178946683 [1]:30156341 [2]:149 [3]:359
[0]:179163177 [1]:30188374 [2]:149 [3]:365
[0]:179427316 [1]:30227533 [2]:149 [3]:371
[0]:179628275 [1]:30257262 [2]:149 [3]:363
[0]:179836944 [1]:30288241 [2]:149 [3]:363
[0]:180040021 [1]:30318320 [2]:149 [3]:366
[0]:180265186 [1]:30351715 [2]:149 [3]:361
[0]:180463952 [1]:30381250 [2]:149 [3]:362
[0]:180680383 [1]:30413354 [2]:149 [3]:90
[0]:180884976 [1]:30443630 [2]:149 [3]:359
[0]:181094423 [1]:30474691 [2]:149 [3]:367
[0]:181315201 [1]:30507344 [2]:149 [3]:364
[0]:181522736 [1]:30538160 [2]:149 [3]:360
[0]:181728734 [1]:30568651 [2]:149 [3]:361
[0]:181937744 [1]:30599631 [2]:149 [3]:359
[0]:182146552 [1]:30630725 [2]:149 [3]:363
[0]:182377352 [1]:30664883 [2]:149 [3]:372
[0]:182587998 [1]:30696046 [2]:149 [3]:79
[0]:182781803 [1]:30724714 [2]:149 [3]:358
[0]:182986137 [1]:30755026 [2]:149 [3]:364
[0]:183202895 [1]:30787128 [2]:149 [3]:370
[0]:183403707 [1]:30816832 [2]:149 [3]:371
[0]:183615039 [1]:30848162 [2]:149 [3]:369
[0]:183860072 [1]:30884510 [2]:149 [3]:90
