[0]:114951594 [1]:18258436 [2]:151 [3]:358
[0]:115160608 [1]:18306673 [2]:151 [3]:357
[0]:115350805 [1]:18350692 [2]:151 [3]:354
[0]:115552497 [1]:18397264 [2]:151 [3]:362
[0]:115750243 [1]:18442951 [2]:151 [3]:354
[0]:115998395 [1]:18500350 [2]:151 [3]:365
[0]:116216338 [1]:18550748 [2]:151 [3]:364
[0]:116421858 [1]:18598289 [2]:151 [3]:364
[0]:116631110 [1]:18646639 [2]:151 [3]:359
[0]:116828966 [1]:18692388 [2]:151 [3]:363
[0]:117027486 [1]:18738213 [2]:151 [3]:366
[0]:117228160 [1]:18784558 [2]:151 [3]:358
[0]:117436961 [1]:18832834 [2]:151 [3]:356
[0]:117638763 [1]:18879441 [2]:161 [3]:359
[0]:117840037 [1]:18925898 [2]:161 [3]:57
[0]:118041891 [1]:18972566 [2]:161 [3]:364
[0]:118237086 [1]:19017586 [2]:161 [3]:360
[0]:118441284 [1]:19064781 [2]:161 [3]:366
[0]:118653943 [1]:19113941 [2]:161 [3]:63
[0]:118888825 [1]:19168124 [2]:161 [3]:56
[0]:119105605 [1]:19218207 [2]:161 [3]:365
[0]:119299812 [1]:19263049 [2]:161 [3]:362
[0]:119493754 [1]:19307923 [2]:161 [3]:360
[0]:119686073 [1]:19352255 [2]:161 [3]:359
[0]:119885607 [1]:19398331 [2]:161 [3]:357
[0]:120094520 [1]:19446648 [2]:161 [3]:359
[0]:120300035 [1]:19494166 [2]:161 [3]:68
[0]:120506295 [1]:19541794 [2]:165 [3]:351
[0]:120700201 [1]:19586525 [2]:165 [3]:364
[0]:120908245 [1]:19634615 [2]:165 [3]:363
[0]:121098706 [1]:19678629 [2]:165 [3]:357
[0]:121304500 [1]:19726217 [2]:165 [3]:364
[0]:121580398 [1]:19789890 [2]:165 [3]:363
[0]:121781600 [1]:19836390 [2]:165 [3]:365
[0]:121976029 [1]:19881300 [2]:165 [3]:368
[0]:122210057 [1]:19935343 [2]:165 [3]:61
[0]:122419251 [1]:19983684 [2]:165 [3]:356
[0]:122617985 [1]:20029478 [2]:165 [3]:372
[0]:122854617 [1]:20084173 [2]:165 [3]:360
[0]:123050821 [1]:20129534 [2]:165 [3]:359
[0]:123241083 [1]:20173497 [2]:166 [3]:355
[0]:123440669 [1]:20219550 [2]:166 [3]:359
[0]:123630429 [1]:20263454 [2]:166 [3]:59
[0]:123823359 [1]:20308104 [2]:166 [3]:360
[0]:124043557 [1]:20359019 [2]:166 [3]:358
[0]:124237637 [1]:20403891 [2]:166 [3]:357
[0]:124464040 [1]:20456166 [2]:166 [3]:62
[0]:124671577 [1]:20504117 [2]:166 [3]:359
[0]:124861102 [1]:20547852 [2]:166 [3]:360
[0]:125051999 [1]:20592001 [2]:166 [3]:360
[0]:125249231 [1]:20637454 [2]:166 [3]:366
[0]:125469197 [1]:20688323 [2]:166 [3]:360
[0]:125661640 [1]:20732829 [2]:166 [3]:364
[0]:125857407 [1]:20778025 [2]:166 [3]:357
[0]:126053725 [1]:20823422 [2]:166 [3]:58
[0]:126249294 [1]:20868515 [2]:166 [3]:361
[0]:126446936 [1]:20914144 [2]:166 [3]:66
[0]:126666113 [1]:20964783 [2]:166 [3]:358
[0]:126863354 [1]:21010371 [2]:166 [3]:358
[0]:127055775 [1]:21054797 [2]:166 [3]:363
[0]:127253509 [1]:21100375 [2]:166 [3]:358
[0]:127462366 [1]:21148613 [2]:166 [3]:360
[0]:127672554 [1]:21197149 [2]:166 [3]:361
[0]:127876888 [1]:21244355 [2]:166 [3]:362
[0]:128073825 [1]:21289863 [2]:166 [3]:363
[0]:128275275 [1]:21336415 [2]:166 [3]:359
[0]:128470307 [1]:21381443 [2]:166 [3]:62
[0]:128664414 [1]:21426283 [2]:166 [3]:359
[0]:128879882 [1]:21476066 [2]:166 [3]:365
[0]:129093729 [1]:21525452 [2]:166 [3]:362
[0]:129287614 [1]:21570239 [2]:166 [3]:59
[0]:129519234 [1]:21623756 [2]:166 [3]:60
[0]:129713099 [1]:21668571 [2]:166 [3]:355
[0]:129911210 [1]:21714240 [2]:166 [3]:62
[0]:130101523 [1]:21758225 [2]:166 [3]:362
[0]:130299250 [1]:21803945 [2]:166 [3]:357
[0]:130496824 [1]:21849624 [2]:166 [3]:353
[0]:130697150 [1]:21895922 [2]:166 [3]:350
[0]:130907633 [1]:21944511 [2]:166 [3]:366
[0]:131101781 [1]:21989372 [2]:166 [3]:362
[0]:131329641 [1]:22042013 [2]:166 [3]:363
[0]:131564643 [1]:22096299 [2]:166 [3]:361
[0]:131773447 [1]:22144416 [2]:166 [3]:366
[0]:132036233 [1]:22205092 [2]:166 [3]:348
[0]:132235110 [1]:22251026 [2]:166 [3]:361
[0]:132441850 [1]:22298782 [2]:166 [3]:361
[0]:132635394 [1]:22343519 [2]:166 [3]:62
[0]:132837382 [1]:22390196 [2]:166 [3]:353
[0]:133036386 [1]:22436163 [2]:166 [3]:358
[0]:133235222 [1]:22482086 [2]:166 [3]:363
[0]:133435462 [1]:22528312 [2]:166 [3]:363
[0]:133628387 [1]:22572874 [2]:166 [3]:361
[0]:133826213 [1]:22618501 [2]:166 [3]:356
[0]:134023886 [1]:22664143 [2]:166 [3]:360
[0]:134222142 [1]:22709949 [2]:166 [3]:363
[0]:134418421 [1]:22755349 [2]:166 [3]:354
[0]:134640425 [1]:22806521 [2]:166 [3]:62
[0]:134838159 [1]:22852213 [2]:166 [3]:357
[0]:135028295 [1]:22896208 [2]:166 [3]:363
[0]:135244880 [1]:22946229 [2]:166 [3]:365
[0]:135435131 [1]:22990178 [2]:166 [3]:363
[0]:135638439 [1]:23037093 [2]:166 [3]:66
[0]:135853295 [1]:23086756 [2]:166 [3]:359
[0]:136046909 [1]:23131502 [2]:166 [3]:68
[0]:136243328 [1]:23176906 [2]:166 [3]:367
[0]:136443003 [1]:23222952 [2]:166 [3]:368
[0]:136637066 [1]:23267815 [2]:166 [3]:361
[0]:136836206 [1]:23313819 [2]:166 [3]:363
[0]:137035947 [1]:23360007 [2]:166 [3]:367
[0]:137230499 [1]:23404989 [2]:166 [3]:361
[0]:137424867 [1]:23449803 [2]:166 [3]:357
[0]:137656108 [1]:23503227 [2]:166 [3]:64
[0]:137846149 [1]:23547127 [2]:166 [3]:57
[0]:138066647 [1]:23598082 [2]:166 [3]:356
[0]:138275256 [1]:23646319 [2]:166 [3]:361
[0]:138539877 [1]:23707389 [2]:166 [3]:362
[0]:138734519 [1]:23752400 [2]:166 [3]:365
[0]:138942623 [1]:23800493 [2]:166 [3]:60
[0]:139155489 [1]:23849745 [2]:166 [3]:358
[0]:139346825 [1]:23893843 [2]:166 [3]:365
[0]:139538123 [1]:23938052 [2]:166 [3]:57
[0]:139742486 [1]:23985314 [2]:166 [3]:358
[0]:139943205 [1]:24031724 [2]:166 [3]:361
[0]:140141604 [1]:24077544 [2]:166 [3]:351
[0]:140339673 [1]:24123266 [2]:166 [3]:359
[0]:140537520 [1]:24169033 [2]:166 [3]:65
[0]:140742589 [1]:24216416 [2]:166 [3]:367
[0]:140932906 [1]:24260424 [2]:166 [3]:69
[0]:141134176 [1]:24306802 [2]:166 [3]:362
[0]:141325015 [1]:24350880 [2]:166 [3]:361
[0]:141537879 [1]:24400077 [2]:166 [3]:56
[0]:141732157 [1]:24444982 [2]:166 [3]:360
[0]:141929486 [1]:24490570 [2]:166 [3]:357
[0]:142122100 [1]:24535011 [2]:166 [3]:360
[0]:142344648 [1]:24586448 [2]:166 [3]:56
[0]:142541408 [1]:24631880 [2]:166 [3]:353
[0]:142739642 [1]:24677630 [2]:166 [3]:366
