[0]:0 [1]:0 [2]:0 [3]:0
[0]:61228 [1]:0 [2]:0 [3]:318
[0]:353721 [1]:0 [2]:0 [3]:315
[0]:646168 [1]:0 [2]:0 [3]:79
[0]:867579 [1]:0 [2]:0 [3]:67
[0]:1099280 [1]:5773 [2]:120 [3]:59
[0]:1297787 [1]:28428 [2]:120 [3]:59
[0]:1499679 [1]:51071 [2]:120 [3]:67
[0]:1706864 [1]:74586 [2]:120 [3]:72
[0]:1928725 [1]:99631 [2]:120 [3]:59
[0]:2144275 [1]:123845 [2]:120 [3]:54
[0]:2350091 [1]:147045 [2]:120 [3]:68
[0]:2559903 [1]:170664 [2]:120 [3]:364
[0]:2806968 [1]:198408 [2]:89 [3]:367
[0]:2998180 [1]:220059 [2]:89 [3]:60
[0]:3189121 [1]:241589 [2]:89 [3]:55
[0]:3392647 [1]:264552 [2]:89 [3]:58
[0]:3610836 [1]:289231 [2]:89 [3]:369
[0]:3810326 [1]:311885 [2]:89 [3]:66
[0]:4014479 [1]:334790 [2]:89 [3]:66
[0]:4207527 [1]:356593 [2]:79 [3]:65
[0]:4413526 [1]:379773 [2]:79 [3]:66
[0]:4608432 [1]:401632 [2]:79 [3]:70
[0]:4844244 [1]:428397 [2]:79 [3]:62
[0]:5037337 [1]:450088 [2]:79 [3]:67
[0]:5232947 [1]:472103 [2]:79 [3]:365
[0]:5443467 [1]:495971 [2]:79 [3]:359
[0]:5649255 [1]:519018 [2]:76 [3]:364
[0]:5852058 [1]:541789 [2]:76 [3]:65
[0]:6046316 [1]:563675 [2]:76 [3]:61
[0]:6260294 [1]:587808 [2]:76 [3]:357
[0]:6510500 [1]:615977 [2]:76 [3]:64
[0]:6699794 [1]:637629 [2]:76 [3]:83
[0]:6907032 [1]:661234 [2]:76 [3]:382
[0]:7101887 [1]:683227 [2]:76 [3]:360
[0]:7294313 [1]:704872 [2]:75 [3]:368
[0]:7497913 [1]:727744 [2]:75 [3]:362
[0]:7689715 [1]:749431 [2]:75 [3]:362
[0]:7888472 [1]:771808 [2]:75 [3]:368
[0]:8079534 [1]:793481 [2]:75 [3]:63
[0]:8281597 [1]:816253 [2]:75 [3]:52
[0]:8485495 [1]:839185 [2]:75 [3]:370
[0]:8674856 [1]:860578 [2]:75 [3]:58
[0]:8880514 [1]:883964 [2]:75 [3]:372
[0]:9089553 [1]:907550 [2]:75 [3]:371
[0]:9305573 [1]:931871 [2]:75 [3]:57
[0]:9498577 [1]:953557 [2]:75 [3]:72
[0]:9697140 [1]:975916 [2]:75 [3]:367
[0]:9906874 [1]:999484 [2]:75 [3]:348
[0]:10143189 [1]:1026041 [2]:75 [3]:58
[0]:10348849 [1]:1049232 [2]:75 [3]:60
[0]:10557327 [1]:1072684 [2]:75 [3]:368
[0]:10758741 [1]:1095354 [2]:75 [3]:359
[0]:10946080 [1]:1116518 [2]:75 [3]:368
[0]:11135290 [1]:1137908 [2]:75 [3]:70
[0]:11330029 [1]:1159878 [2]:75 [3]:61
[0]:11543371 [1]:1184097 [2]:75 [3]:53
[0]:11756803 [1]:1208176 [2]:75 [3]:372
[0]:11960039 [1]:1231206 [2]:75 [3]:367
[0]:12179912 [1]:1255975 [2]:75 [3]:62
[0]:12385903 [1]:1279160 [2]:75 [3]:56
[0]:12595557 [1]:1302836 [2]:75 [3]:65
[0]:12790376 [1]:1324707 [2]:75 [3]:61
[0]:12996512 [1]:1347882 [2]:75 [3]:372
[0]:13194767 [1]:1370182 [2]:75 [3]:73
[0]:13397293 [1]:1393008 [2]:75 [3]:83
[0]:13603239 [1]:1416285 [2]:75 [3]:67
[0]:13807060 [1]:1439184 [2]:75 [3]:363
[0]:14033724 [1]:1464803 [2]:75 [3]:63
[0]:14228551 [1]:1486791 [2]:75 [3]:69
[0]:14430781 [1]:1509625 [2]:75 [3]:71
[0]:14632577 [1]:1532414 [2]:75 [3]:368
[0]:14831184 [1]:1554768 [2]:75 [3]:66
[0]:15049740 [1]:1579337 [2]:75 [3]:359
[0]:15254836 [1]:1602438 [2]:75 [3]:65
[0]:15456515 [1]:1625157 [2]:75 [3]:348
[0]:15659269 [1]:1648015 [2]:75 [3]:357
[0]:15869482 [1]:1671827 [2]:75 [3]:362
[0]:16067420 [1]:1694155 [2]:75 [3]:359
[0]:16262224 [1]:1716089 [2]:75 [3]:59
[0]:16460690 [1]:1738469 [2]:75 [3]:68
[0]:16659172 [1]:1760914 [2]:75 [3]:59
[0]:16898414 [1]:1787905 [2]:75 [3]:367
[0]:17102057 [1]:1810911 [2]:75 [3]:356
[0]:17295414 [1]:1832845 [2]:75 [3]:68
[0]:17501444 [1]:1856050 [2]:75 [3]:55
[0]:17714707 [1]:1880109 [2]:75 [3]:66
[0]:17929147 [1]:1904290 [2]:75 [3]:67
[0]:18126772 [1]:1926641 [2]:75 [3]:357
[0]:18355612 [1]:1952406 [2]:75 [3]:75
[0]:18576322 [1]:1977213 [2]:75 [3]:360
[0]:18786059 [1]:2000774 [2]:75 [3]:49
[0]:18988120 [1]:2023673 [2]:75 [3]:360
[0]:19197756 [1]:2047374 [2]:75 [3]:58
[0]:19407612 [1]:2071054 [2]:75 [3]:68
[0]:19621953 [1]:2095314 [2]:75 [3]:366
[0]:19826066 [1]:2118492 [2]:75 [3]:364
[0]:20030790 [1]:2141901 [2]:75 [3]:363
[0]:20234432 [1]:2164913 [2]:75 [3]:67
[0]:20445473 [1]:2188763 [2]:75 [3]:356
[0]:20646180 [1]:2211353 [2]:75 [3]:366
[0]:20899990 [1]:2240183 [2]:75 [3]:73
[0]:21098977 [1]:2262595 [2]:75 [3]:75
[0]:21305106 [1]:2285826 [2]:75 [3]:369
[0]:21502022 [1]:2308054 [2]:75 [3]:360
[0]:21697665 [1]:2330036 [2]:75 [3]:366
[0]:21901789 [1]:2353055 [2]:75 [3]:68
[0]:22108809 [1]:2376390 [2]:75 [3]:378
[0]:22338706 [1]:2402287 [2]:75 [3]:66
[0]:22544954 [1]:2425511 [2]:75 [3]:54
[0]:22741049 [1]:2447739 [2]:75 [3]:67
[0]:22937932 [1]:2469851 [2]:75 [3]:76
[0]:23140201 [1]:2492555 [2]:75 [3]:65
[0]:23335178 [1]:2514496 [2]:75 [3]:355
[0]:23533533 [1]:2536898 [2]:75 [3]:60
[0]:23789499 [1]:2565754 [2]:75 [3]:356
[0]:23982055 [1]:2587497 [2]:75 [3]:366
[0]:24181117 [1]:2609942 [2]:75 [3]:364
[0]:24387370 [1]:2633142 [2]:75 [3]:65
[0]:24578849 [1]:2654862 [2]:75 [3]:364
[0]:24784141 [1]:2678012 [2]:75 [3]:73
[0]:24986961 [1]:2700922 [2]:75 [3]:359
[0]:25191890 [1]:2724022 [2]:75 [3]:69
[0]:25387100 [1]:2745947 [2]:75 [3]:72
[0]:25589436 [1]:2768765 [2]:75 [3]:361
[0]:25780568 [1]:2790251 [2]:75 [3]:70
[0]:25974919 [1]:2812200 [2]:75 [3]:375
[0]:26172993 [1]:2834535 [2]:75 [3]:59
[0]:26358991 [1]:2855525 [2]:75 [3]:59
[0]:26555423 [1]:2877642 [2]:75 [3]:78
[0]:26754013 [1]:2900172 [2]:75 [3]:68
[0]:26948444 [1]:2922190 [2]:75 [3]:56
[0]:27143405 [1]:2944132 [2]:75 [3]:64
[0]:27349332 [1]:2967338 [2]:75 [3]:361
[0]:27544164 [1]:2989323 [2]:75 [3]:64
[0]:27753963 [1]:3012438 [2]:75 [3]:79
[0]:27951375 [1]:3034192 [2]:75 [3]:81
[0]:28166559 [1]:3058020 [2]:75 [3]:347
[0]:28376952 [1]:3081315 [2]:75 [3]:83
[0]:28590447 [1]:3106656 [2]:75 [3]:359
[0]:28794617 [1]:3137020 [2]:75 [3]:354
[0]:29011369 [1]:3169103 [2]:75 [3]:359
[0]:29230818 [1]:3201666 [2]:90 [3]:371
[0]:29444835 [1]:3233430 [2]:90 [3]:362
[0]:29686748 [1]:3269357 [2]:90 [3]:364
[0]:29914634 [1]:3303112 [2]:90 [3]:370
[0]:30174215 [1]:3341652 [2]:90 [3]:75
[0]:30382854 [1]:3372584 [2]:90 [3]:361
[0]:30590731 [1]:3403374 [2]:90 [3]:359
[0]:30821403 [1]:3437599 [2]:90 [3]:85
[0]:31023507 [1]:3467542 [2]:90 [3]:369
[0]:31229734 [1]:3498145 [2]:90 [3]:365
[0]:31437370 [1]:3528933 [2]:90 [3]:82
[0]:31644083 [1]:3559667 [2]:90 [3]:364
[0]:31845210 [1]:3589448 [2]:90 [3]:363
[0]:32061928 [1]:3621654 [2]:90 [3]:366
[0]:32285398 [1]:3654814 [2]:90 [3]:362
[0]:32499133 [1]:3686530 [2]:90 [3]:369
[0]:32714840 [1]:3718674 [2]:90 [3]:359
[0]:32928688 [1]:3750346 [2]:133 [3]:360
[0]:33223513 [1]:3794013 [2]:133 [3]:372
[0]:33425177 [1]:3824087 [2]:133 [3]:348
[0]:33660723 [1]:3859189 [2]:133 [3]:369
[0]:33873865 [1]:3890785 [2]:133 [3]:359
[0]:34075655 [1]:3920805 [2]:133 [3]:359
[0]:34286092 [1]:3952047 [2]:133 [3]:368
[0]:34493016 [1]:3982830 [2]:133 [3]:364
[0]:34706045 [1]:4014414 [2]:133 [3]:70
[0]:34958216 [1]:4051771 [2]:133 [3]:74
[0]:35165101 [1]:4082496 [2]:133 [3]:362
[0]:35380009 [1]:4114399 [2]:133 [3]:360
[0]:35596678 [1]:4146519 [2]:133 [3]:372
[0]:35813271 [1]:4178665 [2]:133 [3]:366
[0]:36018495 [1]:4209181 [2]:133 [3]:363
[0]:36223230 [1]:4239656 [2]:133 [3]:90
[0]:36430330 [1]:4270447 [2]:145 [3]:363
[0]:36635934 [1]:4300974 [2]:145 [3]:370
[0]:36834736 [1]:4330653 [2]:145 [3]:360
[0]:37050676 [1]:4362670 [2]:145 [3]:361
[0]:37252186 [1]:4392601 [2]:145 [3]:358
[0]:37456516 [1]:4422982 [2]:145 [3]:360
[0]:37673084 [1]:4455126 [2]:145 [3]:365
[0]:37882211 [1]:4486124 [2]:145 [3]:366
[0]:38085971 [1]:4516356 [2]:145 [3]:374
[0]:38295732 [1]:4547506 [2]:145 [3]:363
[0]:38496980 [1]:4577386 [2]:145 [3]:372
[0]:38729462 [1]:4611854 [2]:145 [3]:86
[0]:38949988 [1]:4644633 [2]:145 [3]:370
[0]:39155077 [1]:4674949 [2]:145 [3]:360
[0]:39367867 [1]:4706526 [2]:145 [3]:365
[0]:39588289 [1]:4739227 [2]:145 [3]:369
[0]:39789619 [1]:4769051 [2]:145 [3]:364
[0]:39998568 [1]:4800097 [2]:149 [3]:81
[0]:40203436 [1]:4830473 [2]:149 [3]:81
[0]:40416168 [1]:4862071 [2]:149 [3]:373
[0]:40678527 [1]:4901006 [2]:149 [3]:363
[0]:40957802 [1]:4942538 [2]:149 [3]:363
[0]:41176549 [1]:4975205 [2]:149 [3]:369
[0]:41409171 [1]:5009728 [2]:149 [3]:360
[0]:41607811 [1]:5039239 [2]:149 [3]:368
[0]:41806232 [1]:5068593 [2]:149 [3]:363
[0]:42011724 [1]:5099027 [2]:149 [3]:366
[0]:42224818 [1]:5130747 [2]:149 [3]:358
[0]:42445299 [1]:5163659 [2]:149 [3]:370
[0]:42658191 [1]:5195279 [2]:149 [3]:367
[0]:42867202 [1]:5226293 [2]:149 [3]:359
[0]:43081363 [1]:5258058 [2]:149 [3]:368
[0]:43288058 [1]:5288799 [2]:149 [3]:366
[0]:43497607 [1]:5319951 [2]:149 [3]:363
[0]:43709446 [1]:5351401 [2]:150 [3]:75
[0]:43915296 [1]:5381981 [2]:150 [3]:374
[0]:44134572 [1]:5414601 [2]:150 [3]:371
[0]:44348774 [1]:5446465 [2]:150 [3]:80
[0]:44564309 [1]:5478581 [2]:150 [3]:84
[0]:44766230 [1]:5508507 [2]:150 [3]:364
[0]:44985928 [1]:5541088 [2]:150 [3]:361
[0]:45192077 [1]:5571793 [2]:150 [3]:77
[0]:45400226 [1]:5602680 [2]:150 [3]:369
[0]:45629535 [1]:5636607 [2]:150 [3]:347
[0]:45838325 [1]:5667626 [2]:150 [3]:76
[0]:46058757 [1]:5700336 [2]:150 [3]:369
[0]:46271769 [1]:5731966 [2]:150 [3]:370
[0]:46499685 [1]:5765809 [2]:150 [3]:86
[0]:46718865 [1]:5798263 [2]:150 [3]:369
[0]:46928653 [1]:5829413 [2]:150 [3]:365
[0]:47141730 [1]:5861100 [2]:151 [3]:359
[0]:47347685 [1]:5891848 [2]:151 [3]:370
[0]:47548213 [1]:5921607 [2]:151 [3]:83
[0]:47749282 [1]:5951323 [2]:151 [3]:365
[0]:47950634 [1]:5981252 [2]:151 [3]:362
[0]:48159216 [1]:6012233 [2]:151 [3]:86
[0]:48365200 [1]:6042873 [2]:151 [3]:368
[0]:48562471 [1]:6072122 [2]:151 [3]:365
[0]:48770155 [1]:6102926 [2]:151 [3]:361
[0]:48978618 [1]:6133873 [2]:151 [3]:367
[0]:49250052 [1]:6174129 [2]:151 [3]:363
[0]:49459882 [1]:6205301 [2]:151 [3]:362
[0]:49672641 [1]:6236909 [2]:151 [3]:361
[0]:49881425 [1]:6267989 [2]:151 [3]:360
[0]:50086071 [1]:6298514 [2]:151 [3]:372
[0]:50303000 [1]:6330757 [2]:151 [3]:354
[0]:50535248 [1]:6365279 [2]:151 [3]:367
[0]:50740403 [1]:6395707 [2]:151 [3]:365
[0]:50956690 [1]:6427808 [2]:151 [3]:358
[0]:51158062 [1]:6457698 [2]:151 [3]:367
[0]:51375037 [1]:6489869 [2]:151 [3]:355
[0]:51604915 [1]:6523886 [2]:151 [3]:370
[0]:51812451 [1]:6554590 [2]:151 [3]:79
[0]:52025337 [1]:6586195 [2]:151 [3]:359
[0]:52253857 [1]:6620048 [2]:151 [3]:368
[0]:52469136 [1]:6652133 [2]:151 [3]:366
[0]:52679323 [1]:6683361 [2]:151 [3]:77
[0]:52884327 [1]:6713761 [2]:151 [3]:369
[0]:53096498 [1]:6745263 [2]:151 [3]:89
[0]:53304626 [1]:6776202 [2]:151 [3]:369
[0]:53514395 [1]:6807284 [2]:151 [3]:363
[0]:53747254 [1]:6841886 [2]:151 [3]:361
[0]:53956727 [1]:6872918 [2]:151 [3]:358
[0]:54165257 [1]:6903795 [2]:151 [3]:373
[0]:54376829 [1]:6935240 [2]:151 [3]:363
[0]:54590886 [1]:6966933 [2]:151 [3]:361
[0]:54798122 [1]:6997642 [2]:151 [3]:371
[0]:55011963 [1]:7029400 [2]:151 [3]:361
[0]:55213335 [1]:7059407 [2]:151 [3]:78
[0]:55421390 [1]:7090287 [2]:151 [3]:367
[0]:55635103 [1]:7121907 [2]:151 [3]:361
[0]:55854172 [1]:7154402 [2]:151 [3]:91
[0]:56071832 [1]:7186706 [2]:151 [3]:371
[0]:56281458 [1]:7217848 [2]:151 [3]:367
[0]:56486231 [1]:7248142 [2]:151 [3]:359
[0]:56695784 [1]:7279198 [2]:151 [3]:363
[0]:56908194 [1]:7310694 [2]:151 [3]:358
[0]:57168317 [1]:7349259 [2]:151 [3]:368
[0]:57381507 [1]:7397371 [2]:151 [3]:361
[0]:57586980 [1]:7444894 [2]:151 [3]:58
[0]:57788404 [1]:7491450 [2]:153 [3]:362
[0]:57974907 [1]:7534538 [2]:153 [3]:366
[0]:58184119 [1]:7582973 [2]:153 [3]:363
[0]:58389383 [1]:7630368 [2]:153 [3]:361
[0]:58594643 [1]:7677777 [2]:153 [3]:362
[0]:58821089 [1]:7730109 [2]:153 [3]:356
[0]:59038186 [1]:7780290 [2]:153 [3]:360
[0]:59236122 [1]:7826124 [2]:153 [3]:64
[0]:59434372 [1]:7871915 [2]:153 [3]:354
[0]:59628525 [1]:7916771 [2]:153 [3]:362
[0]:59844910 [1]:7966814 [2]:153 [3]:364
[0]:60042622 [1]:8012517 [2]:153 [3]:364
[0]:60237334 [1]:8057433 [2]:153 [3]:357
[0]:60434698 [1]:8102986 [2]:153 [3]:365
[0]:60628772 [1]:8147854 [2]:162 [3]:356
[0]:60826393 [1]:8193542 [2]:162 [3]:356
[0]:61050462 [1]:8245332 [2]:162 [3]:363
[0]:61258076 [1]:8293212 [2]:162 [3]:362
[0]:61457522 [1]:8339259 [2]:162 [3]:359
[0]:61651187 [1]:8384017 [2]:162 [3]:64
[0]:61845660 [1]:8428986 [2]:162 [3]:68
[0]:62054900 [1]:8477316 [2]:162 [3]:354
[0]:62248464 [1]:8521977 [2]:162 [3]:358
[0]:62449982 [1]:8568547 [2]:162 [3]:353
[0]:62648032 [1]:8614317 [2]:162 [3]:58
[0]:62842402 [1]:8659221 [2]:162 [3]:59
[0]:63073781 [1]:8712572 [2]:162 [3]:357
[0]:63267772 [1]:8757399 [2]:162 [3]:362
[0]:63461775 [1]:8802229 [2]:165 [3]:54
[0]:63666995 [1]:8849625 [2]:165 [3]:359
[0]:63864654 [1]:8895281 [2]:165 [3]:361
[0]:64066486 [1]:8941851 [2]:165 [3]:362
[0]:64278638 [1]:8990891 [2]:165 [3]:366
[0]:64479493 [1]:9037322 [2]:165 [3]:366
[0]:64674841 [1]:9082433 [2]:165 [3]:357
[0]:64896597 [1]:9133516 [2]:165 [3]:364
[0]:65097549 [1]:9180002 [2]:165 [3]:362
[0]:65299105 [1]:9226584 [2]:165 [3]:358
[0]:65495979 [1]:9272033 [2]:165 [3]:67
[0]:65697510 [1]:9318633 [2]:165 [3]:365
[0]:65917024 [1]:9369255 [2]:165 [3]:351
[0]:66119292 [1]:9416004 [2]:165 [3]:64
[0]:66311013 [1]:9460388 [2]:166 [3]:60
[0]:66511043 [1]:9506572 [2]:166 [3]:66
[0]:66708280 [1]:9552165 [2]:166 [3]:366
[0]:66906859 [1]:9597964 [2]:166 [3]:360
[0]:67097179 [1]:9642016 [2]:166 [3]:364
[0]:67290976 [1]:9686814 [2]:166 [3]:361
[0]:67485352 [1]:9731739 [2]:166 [3]:359
[0]:67739206 [1]:9790264 [2]:166 [3]:60
[0]:67932185 [1]:9834873 [2]:166 [3]:360
[0]:68123644 [1]:9879111 [2]:166 [3]:359
[0]:68321474 [1]:9924890 [2]:166 [3]:362
[0]:68515220 [1]:9969674 [2]:166 [3]:357
[0]:68713111 [1]:10015339 [2]:166 [3]:361
[0]:68914801 [1]:10061970 [2]:166 [3]:364
[0]:69108985 [1]:10106831 [2]:166 [3]:361
[0]:69343912 [1]:10161121 [2]:166 [3]:357
[0]:69538589 [1]:10206152 [2]:166 [3]:367
[0]:69735864 [1]:10251652 [2]:166 [3]:364
[0]:69930062 [1]:10296527 [2]:166 [3]:361
[0]:70144858 [1]:10346164 [2]:166 [3]:369
[0]:70348022 [1]:10393096 [2]:166 [3]:367
[0]:70549688 [1]:10439622 [2]:166 [3]:365
[0]:70754987 [1]:10487060 [2]:166 [3]:364
[0]:70949574 [1]:10532006 [2]:166 [3]:53
[0]:71146875 [1]:10577583 [2]:166 [3]:359
[0]:71344704 [1]:10623338 [2]:166 [3]:63
[0]:71540797 [1]:10668644 [2]:166 [3]:365
[0]:71740053 [1]:10714634 [2]:166 [3]:354
[0]:71939384 [1]:10760833 [2]:166 [3]:367
[0]:72139654 [1]:10807090 [2]:166 [3]:356
[0]:72330020 [1]:10851104 [2]:166 [3]:360
[0]:72527411 [1]:10896657 [2]:166 [3]:362
[0]:72785286 [1]:10956266 [2]:166 [3]:365
[0]:72973017 [1]:10999692 [2]:166 [3]:365
[0]:73173384 [1]:11046010 [2]:166 [3]:359
[0]:73374964 [1]:11092515 [2]:166 [3]:362
[0]:73599206 [1]:11144391 [2]:166 [3]:358
[0]:73797616 [1]:11190359 [2]:166 [3]:361
[0]:74020575 [1]:11241944 [2]:166 [3]:359
[0]:74225677 [1]:11289279 [2]:166 [3]:360
[0]:74459706 [1]:11343336 [2]:166 [3]:355
[0]:74666413 [1]:11391116 [2]:166 [3]:63
[0]:74854379 [1]:11434524 [2]:166 [3]:356
[0]:75050695 [1]:11479921 [2]:166 [3]:364
[0]:75245320 [1]:11524853 [2]:166 [3]:359
[0]:75436300 [1]:11568936 [2]:166 [3]:357
[0]:75629298 [1]:11613523 [2]:166 [3]:357
[0]:75826788 [1]:11659153 [2]:166 [3]:363
[0]:76011339 [1]:11701731 [2]:166 [3]:358
[0]:76230346 [1]:11752230 [2]:166 [3]:362
[0]:76430274 [1]:11798433 [2]:166 [3]:360
[0]:76629389 [1]:11844398 [2]:166 [3]:362
[0]:76819992 [1]:11888440 [2]:166 [3]:363
[0]:77039890 [1]:11939193 [2]:166 [3]:362
[0]:77255363 [1]:11989015 [2]:166 [3]:356
[0]:77480930 [1]:12041172 [2]:166 [3]:358
[0]:77685704 [1]:12088486 [2]:166 [3]:357
[0]:77881546 [1]:12133744 [2]:166 [3]:362
[0]:78081582 [1]:12179856 [2]:166 [3]:368
[0]:78275591 [1]:12224647 [2]:166 [3]:60
[0]:78480759 [1]:12272031 [2]:166 [3]:358
[0]:78712449 [1]:12325549 [2]:166 [3]:59
[0]:78908156 [1]:12370719 [2]:166 [3]:361
[0]:79111892 [1]:12417788 [2]:166 [3]:356
[0]:79302219 [1]:12461764 [2]:166 [3]:365
[0]:79499924 [1]:12507431 [2]:166 [3]:360
[0]:79705216 [1]:12554899 [2]:166 [3]:361
[0]:79912212 [1]:12602637 [2]:166 [3]:362
[0]:80105595 [1]:12647373 [2]:166 [3]:357
[0]:80313593 [1]:12695454 [2]:166 [3]:62
[0]:80533747 [1]:12746328 [2]:166 [3]:358
[0]:80725479 [1]:12790596 [2]:166 [3]:363
[0]:80921988 [1]:12835943 [2]:166 [3]:359
[0]:81111194 [1]:12879614 [2]:166 [3]:67
[0]:81309764 [1]:12925497 [2]:166 [3]:59
[0]:81508028 [1]:12971271 [2]:166 [3]:367
[0]:81716583 [1]:13019399 [2]:166 [3]:360
[0]:81917675 [1]:13065833 [2]:166 [3]:357
[0]:82109429 [1]:13110167 [2]:166 [3]:360
[0]:82306230 [1]:13155666 [2]:166 [3]:367
[0]:82496959 [1]:13199746 [2]:166 [3]:363
[0]:82691190 [1]:13244546 [2]:166 [3]:363
[0]:82889016 [1]:13290272 [2]:166 [3]:362
[0]:83126826 [1]:13345232 [2]:166 [3]:362
[0]:83325632 [1]:13391197 [2]:166 [3]:371
[0]:83515880 [1]:13435209 [2]:166 [3]:354
[0]:83762310 [1]:13492119 [2]:166 [3]:369
[0]:83963302 [1]:13538579 [2]:166 [3]:58
[0]:84165379 [1]:13585258 [2]:166 [3]:362
[0]:84351195 [1]:13628183 [2]:166 [3]:365
[0]:84546178 [1]:13673159 [2]:166 [3]:360
[0]:84747712 [1]:13719794 [2]:166 [3]:362
[0]:84949180 [1]:13766364 [2]:166 [3]:361
[0]:85193291 [1]:13822729 [2]:166 [3]:352
[0]:85410917 [1]:13864682 [2]:166 [3]:363
[0]:85621881 [1]:13895998 [2]:166 [3]:355
[0]:85831640 [1]:13927095 [2]:166 [3]:370
[0]:86045830 [1]:13958833 [2]:164 [3]:370
[0]:86257292 [1]:13990145 [2]:164 [3]:72
[0]:86461949 [1]:14020388 [2]:164 [3]:362
[0]:86671081 [1]:14051405 [2]:164 [3]:371
[0]:86895731 [1]:14084734 [2]:164 [3]:362
[0]:87096676 [1]:14114632 [2]:164 [3]:367
[0]:87305401 [1]:14145600 [2]:164 [3]:356
[0]:87510531 [1]:14175913 [2]:164 [3]:361
[0]:87739223 [1]:14209917 [2]:164 [3]:79
[0]:87939958 [1]:14239781 [2]:164 [3]:358
[0]:88152113 [1]:14271185 [2]:164 [3]:368
[0]:88345863 [1]:14299937 [2]:164 [3]:365
[0]:88552705 [1]:14330648 [2]:164 [3]:80
[0]:88771800 [1]:14363196 [2]:164 [3]:374
[0]:89036289 [1]:14402350 [2]:164 [3]:362
[0]:89239253 [1]:14432466 [2]:164 [3]:365
[0]:89460929 [1]:14465307 [2]:164 [3]:70
[0]:89673980 [1]:14496850 [2]:155 [3]:361
[0]:89906347 [1]:14531296 [2]:155 [3]:368
[0]:90113934 [1]:14562193 [2]:155 [3]:76
[0]:90324185 [1]:14593355 [2]:155 [3]:79
[0]:90525464 [1]:14623117 [2]:155 [3]:362
[0]:90727150 [1]:14652952 [2]:155 [3]:79
[0]:90946835 [1]:14685535 [2]:155 [3]:75
[0]:91148093 [1]:14715397 [2]:155 [3]:370
[0]:91356297 [1]:14746169 [2]:155 [3]:364
[0]:91589584 [1]:14780828 [2]:155 [3]:362
[0]:91801239 [1]:14812238 [2]:155 [3]:363
[0]:92011117 [1]:14843412 [2]:155 [3]:361
[0]:92222125 [1]:14874837 [2]:155 [3]:364
[0]:92428768 [1]:14905529 [2]:155 [3]:369
[0]:92641083 [1]:14937028 [2]:155 [3]:81
[0]:92874219 [1]:14971636 [2]:155 [3]:360
[0]:93114182 [1]:15007336 [2]:152 [3]:366
[0]:93315417 [1]:15037165 [2]:152 [3]:357
[0]:93516159 [1]:15066975 [2]:152 [3]:372
[0]:93738868 [1]:15100077 [2]:152 [3]:367
[0]:93943074 [1]:15130353 [2]:152 [3]:366
[0]:94150819 [1]:15161188 [2]:152 [3]:364
[0]:94379205 [1]:15195073 [2]:152 [3]:78
[0]:94587409 [1]:15225974 [2]:152 [3]:366
[0]:94795242 [1]:15256760 [2]:152 [3]:371
[0]:95006160 [1]:15288026 [2]:152 [3]:356
[0]:95226882 [1]:15320824 [2]:152 [3]:359
[0]:95434673 [1]:15351671 [2]:152 [3]:357
[0]:95644324 [1]:15382720 [2]:152 [3]:357
[0]:95840859 [1]:15411870 [2]:152 [3]:354
[0]:96046204 [1]:15442225 [2]:152 [3]:359
[0]:96251601 [1]:15472705 [2]:152 [3]:366
[0]:96460014 [1]:15503585 [2]:152 [3]:361
[0]:96664749 [1]:15533920 [2]:152 [3]:79
[0]:96880214 [1]:15565943 [2]:151 [3]:365
[0]:97086995 [1]:15596753 [2]:151 [3]:361
[0]:97300197 [1]:15628463 [2]:151 [3]:373
[0]:97508728 [1]:15659376 [2]:151 [3]:374
[0]:97735908 [1]:15693074 [2]:151 [3]:368
[0]:97962161 [1]:15726580 [2]:151 [3]:361
[0]:98193297 [1]:15761015 [2]:151 [3]:370
[0]:98418343 [1]:15794482 [2]:151 [3]:358
[0]:98631653 [1]:15826143 [2]:151 [3]:366
[0]:98832025 [1]:15855918 [2]:151 [3]:364
[0]:99041183 [1]:15886942 [2]:151 [3]:359
[0]:99271428 [1]:15921160 [2]:151 [3]:364
[0]:99484988 [1]:15952881 [2]:151 [3]:364
[0]:99691718 [1]:15983623 [2]:151 [3]:81
[0]:99904704 [1]:16015260 [2]:151 [3]:355
[0]:100120007 [1]:16047160 [2]:151 [3]:365
[0]:100320682 [1]:16076927 [2]:151 [3]:366
[0]:100539117 [1]:16109376 [2]:151 [3]:365
[0]:100747956 [1]:16140408 [2]:151 [3]:71
[0]:100991737 [1]:16176684 [2]:151 [3]:359
[0]:101219925 [1]:16210511 [2]:151 [3]:360
[0]:101421845 [1]:16240374 [2]:151 [3]:366
[0]:101631803 [1]:16271532 [2]:151 [3]:358
[0]:101853170 [1]:16304429 [2]:151 [3]:364
[0]:102064110 [1]:16335666 [2]:151 [3]:368
[0]:102280854 [1]:16367808 [2]:151 [3]:373
[0]:102489502 [1]:16398794 [2]:151 [3]:362
[0]:102698567 [1]:16429983 [2]:151 [3]:359
[0]:102907028 [1]:16460873 [2]:151 [3]:366
[0]:103108342 [1]:16490784 [2]:151 [3]:371
[0]:103305226 [1]:16520040 [2]:151 [3]:360
[0]:103521937 [1]:16552385 [2]:151 [3]:367
[0]:103733691 [1]:16583835 [2]:151 [3]:355
[0]:103945329 [1]:16615249 [2]:151 [3]:370
[0]:104156441 [1]:16646539 [2]:151 [3]:371
[0]:104393107 [1]:16681660 [2]:151 [3]:360
[0]:104601532 [1]:16712592 [2]:151 [3]:69
[0]:104840677 [1]:16748143 [2]:151 [3]:82
[0]:105066307 [1]:16781773 [2]:151 [3]:369
[0]:105275441 [1]:16812920 [2]:151 [3]:369
[0]:105499987 [1]:16846247 [2]:151 [3]:364
[0]:105708962 [1]:16877205 [2]:151 [3]:356
[0]:105909966 [1]:16906937 [2]:151 [3]:371
[0]:106122806 [1]:16938492 [2]:151 [3]:360
[0]:106335565 [1]:16970052 [2]:151 [3]:371
[0]:106548450 [1]:17001619 [2]:151 [3]:367
[0]:106753167 [1]:17031960 [2]:151 [3]:359
[0]:106962082 [1]:17062954 [2]:151 [3]:366
[0]:107186748 [1]:17096169 [2]:151 [3]:359
[0]:107401874 [1]:17128107 [2]:151 [3]:366
[0]:107608552 [1]:17158841 [2]:151 [3]:361
[0]:107828144 [1]:17191383 [2]:151 [3]:364
[0]:108045993 [1]:17223642 [2]:151 [3]:373
[0]:108258580 [1]:17255212 [2]:151 [3]:372
[0]:108454529 [1]:17284383 [2]:151 [3]:80
[0]:108656868 [1]:17314384 [2]:151 [3]:365
[0]:108861523 [1]:17344761 [2]:151 [3]:364
[0]:109082616 [1]:17377546 [2]:151 [3]:361
[0]:109291118 [1]:17408464 [2]:151 [3]:367
[0]:109493677 [1]:17438549 [2]:151 [3]:367
[0]:109689815 [1]:17467693 [2]:151 [3]:362
[0]:109894630 [1]:17498056 [2]:151 [3]:362
[0]:110109455 [1]:17529799 [2]:151 [3]:364
[0]:110319624 [1]:17560959 [2]:151 [3]:354
[0]:110519326 [1]:17590589 [2]:151 [3]:361
[0]:110722255 [1]:17620632 [2]:151 [3]:361
[0]:110937977 [1]:17652668 [2]:151 [3]:357
[0]:111151748 [1]:17684275 [2]:151 [3]:355
[0]:111359560 [1]:17715041 [2]:151 [3]:369
[0]:111561334 [1]:17744940 [2]:151 [3]:356
[0]:111787735 [1]:17778601 [2]:151 [3]:369
[0]:111993207 [1]:17809039 [2]:151 [3]:363
[0]:112194160 [1]:17838802 [2]:151 [3]:76
[0]:112404944 [1]:17870083 [2]:151 [3]:359
[0]:112605972 [1]:17899836 [2]:151 [3]:73
[0]:112830779 [1]:17933141 [2]:151 [3]:358
[0]:113034603 [1]:17963324 [2]:151 [3]:76
[0]:113241692 [1]:17994128 [2]:151 [3]:367
[0]:113449428 [1]:18024864 [2]:151 [3]:77
[0]:113654439 [1]:18055222 [2]:151 [3]:370
[0]:113896467 [1]:18091110 [2]:151 [3]:366
[0]:114115600 [1]:18123513 [2]:151 [3]:77
[0]:114324408 [1]:18154445 [2]:151 [3]:357
[0]:114533273 [1]:18185365 [2]:151 [3]:361
[0]:114734305 [1]:18215269 [2]:151 [3]:362
[0]:114951594 [1]:18258436 [2]:151 [3]:358
[0]:115160608 [1]:18306673 [2]:151 [3]:357
[0]:115350805 [1]:18350692 [2]:151 [3]:354
[0]:115552497 [1]:18397264 [2]:151 [3]:362
[0]:115750243 [1]:18442951 [2]:151 [3]:354
[0]:115998395 [1]:18500350 [2]:151 [3]:365
[0]:116216338 [1]:18550748 [2]:151 [3]:364
[0]:116421858 [1]:18598289 [2]:151 [3]:364
[0]:116631110 [1]:18646639 [2]:151 [3]:359
[0]:116828966 [1]:18692388 [2]:151 [3]:363
[0]:117027486 [1]:18738213 [2]:151 [3]:366
[0]:117228160 [1]:18784558 [2]:151 [3]:358
[0]:117436961 [1]:18832834 [2]:151 [3]:356
[0]:117638763 [1]:18879441 [2]:161 [3]:359
[0]:117840037 [1]:18925898 [2]:161 [3]:57
[0]:118041891 [1]:18972566 [2]:161 [3]:364
[0]:118237086 [1]:19017586 [2]:161 [3]:360
[0]:118441284 [1]:19064781 [2]:161 [3]:366
[0]:118653943 [1]:19113941 [2]:161 [3]:63
[0]:118888825 [1]:19168124 [2]:161 [3]:56
[0]:119105605 [1]:19218207 [2]:161 [3]:365
[0]:119299812 [1]:19263049 [2]:161 [3]:362
[0]:119493754 [1]:19307923 [2]:161 [3]:360
[0]:119686073 [1]:19352255 [2]:161 [3]:359
[0]:119885607 [1]:19398331 [2]:161 [3]:357
[0]:120094520 [1]:19446648 [2]:161 [3]:359
[0]:120300035 [1]:19494166 [2]:161 [3]:68
[0]:120506295 [1]:19541794 [2]:165 [3]:351
[0]:120700201 [1]:19586525 [2]:165 [3]:364
[0]:120908245 [1]:19634615 [2]:165 [3]:363
[0]:121098706 [1]:19678629 [2]:165 [3]:357
[0]:121304500 [1]:19726217 [2]:165 [3]:364
[0]:121580398 [1]:19789890 [2]:165 [3]:363
[0]:121781600 [1]:19836390 [2]:165 [3]:365
[0]:121976029 [1]:19881300 [2]:165 [3]:368
[0]:122210057 [1]:19935343 [2]:165 [3]:61
[0]:122419251 [1]:19983684 [2]:165 [3]:356
[0]:122617985 [1]:20029478 [2]:165 [3]:372
[0]:122854617 [1]:20084173 [2]:165 [3]:360
[0]:123050821 [1]:20129534 [2]:165 [3]:359
[0]:123241083 [1]:20173497 [2]:166 [3]:355
[0]:123440669 [1]:20219550 [2]:166 [3]:359
[0]:123630429 [1]:20263454 [2]:166 [3]:59
[0]:123823359 [1]:20308104 [2]:166 [3]:360
[0]:124043557 [1]:20359019 [2]:166 [3]:358
[0]:124237637 [1]:20403891 [2]:166 [3]:357
[0]:124464040 [1]:20456166 [2]:166 [3]:62
[0]:124671577 [1]:20504117 [2]:166 [3]:359
[0]:124861102 [1]:20547852 [2]:166 [3]:360
[0]:125051999 [1]:20592001 [2]:166 [3]:360
[0]:125249231 [1]:20637454 [2]:166 [3]:366
[0]:125469197 [1]:20688323 [2]:166 [3]:360
[0]:125661640 [1]:20732829 [2]:166 [3]:364
[0]:125857407 [1]:20778025 [2]:166 [3]:357
[0]:126053725 [1]:20823422 [2]:166 [3]:58
[0]:126249294 [1]:20868515 [2]:166 [3]:361
[0]:126446936 [1]:20914144 [2]:166 [3]:66
[0]:126666113 [1]:20964783 [2]:166 [3]:358
[0]:126863354 [1]:21010371 [2]:166 [3]:358
[0]:127055775 [1]:21054797 [2]:166 [3]:363
[0]:127253509 [1]:21100375 [2]:166 [3]:358
[0]:127462366 [1]:21148613 [2]:166 [3]:360
[0]:127672554 [1]:21197149 [2]:166 [3]:361
[0]:127876888 [1]:21244355 [2]:166 [3]:362
[0]:128073825 [1]:21289863 [2]:166 [3]:363
[0]:128275275 [1]:21336415 [2]:166 [3]:359
[0]:128470307 [1]:21381443 [2]:166 [3]:62
[0]:128664414 [1]:21426283 [2]:166 [3]:359
[0]:128879882 [1]:21476066 [2]:166 [3]:365
[0]:129093729 [1]:21525452 [2]:166 [3]:362
[0]:129287614 [1]:21570239 [2]:166 [3]:59
[0]:129519234 [1]:21623756 [2]:166 [3]:60
[0]:129713099 [1]:21668571 [2]:166 [3]:355
[0]:129911210 [1]:21714240 [2]:166 [3]:62
[0]:130101523 [1]:21758225 [2]:166 [3]:362
[0]:130299250 [1]:21803945 [2]:166 [3]:357
[0]:130496824 [1]:21849624 [2]:166 [3]:353
[0]:130697150 [1]:21895922 [2]:166 [3]:350
[0]:130907633 [1]:21944511 [2]:166 [3]:366
[0]:131101781 [1]:21989372 [2]:166 [3]:362
[0]:131329641 [1]:22042013 [2]:166 [3]:363
[0]:131564643 [1]:22096299 [2]:166 [3]:361
[0]:131773447 [1]:22144416 [2]:166 [3]:366
[0]:132036233 [1]:22205092 [2]:166 [3]:348
[0]:132235110 [1]:22251026 [2]:166 [3]:361
[0]:132441850 [1]:22298782 [2]:166 [3]:361
[0]:132635394 [1]:22343519 [2]:166 [3]:62
[0]:132837382 [1]:22390196 [2]:166 [3]:353
[0]:133036386 [1]:22436163 [2]:166 [3]:358
[0]:133235222 [1]:22482086 [2]:166 [3]:363
[0]:133435462 [1]:22528312 [2]:166 [3]:363
[0]:133628387 [1]:22572874 [2]:166 [3]:361
[0]:133826213 [1]:22618501 [2]:166 [3]:356
[0]:134023886 [1]:22664143 [2]:166 [3]:360
[0]:134222142 [1]:22709949 [2]:166 [3]:363
[0]:134418421 [1]:22755349 [2]:166 [3]:354
[0]:134640425 [1]:22806521 [2]:166 [3]:62
[0]:134838159 [1]:22852213 [2]:166 [3]:357
[0]:135028295 [1]:22896208 [2]:166 [3]:363
[0]:135244880 [1]:22946229 [2]:166 [3]:365
[0]:135435131 [1]:22990178 [2]:166 [3]:363
[0]:135638439 [1]:23037093 [2]:166 [3]:66
[0]:135853295 [1]:23086756 [2]:166 [3]:359
[0]:136046909 [1]:23131502 [2]:166 [3]:68
[0]:136243328 [1]:23176906 [2]:166 [3]:367
[0]:136443003 [1]:23222952 [2]:166 [3]:368
[0]:136637066 [1]:23267815 [2]:166 [3]:361
[0]:136836206 [1]:23313819 [2]:166 [3]:363
[0]:137035947 [1]:23360007 [2]:166 [3]:367
[0]:137230499 [1]:23404989 [2]:166 [3]:361
[0]:137424867 [1]:23449803 [2]:166 [3]:357
[0]:137656108 [1]:23503227 [2]:166 [3]:64
[0]:137846149 [1]:23547127 [2]:166 [3]:57
[0]:138066647 [1]:23598082 [2]:166 [3]:356
[0]:138275256 [1]:23646319 [2]:166 [3]:361
[0]:138539877 [1]:23707389 [2]:166 [3]:362
[0]:138734519 [1]:23752400 [2]:166 [3]:365
[0]:138942623 [1]:23800493 [2]:166 [3]:60
[0]:139155489 [1]:23849745 [2]:166 [3]:358
[0]:139346825 [1]:23893843 [2]:166 [3]:365
[0]:139538123 [1]:23938052 [2]:166 [3]:57
[0]:139742486 [1]:23985314 [2]:166 [3]:358
[0]:139943205 [1]:24031724 [2]:166 [3]:361
[0]:140141604 [1]:24077544 [2]:166 [3]:351
[0]:140339673 [1]:24123266 [2]:166 [3]:359
[0]:140537520 [1]:24169033 [2]:166 [3]:65
[0]:140742589 [1]:24216416 [2]:166 [3]:367
[0]:140932906 [1]:24260424 [2]:166 [3]:69
[0]:141134176 [1]:24306802 [2]:166 [3]:362
[0]:141325015 [1]:24350880 [2]:166 [3]:361
[0]:141537879 [1]:24400077 [2]:166 [3]:56
[0]:141732157 [1]:24444982 [2]:166 [3]:360
[0]:141929486 [1]:24490570 [2]:166 [3]:357
[0]:142122100 [1]:24535011 [2]:166 [3]:360
[0]:142344648 [1]:24586448 [2]:166 [3]:56
[0]:142541408 [1]:24631880 [2]:166 [3]:353
[0]:142739642 [1]:24677630 [2]:166 [3]:366
[0]:142948854 [1]:24715831 [2]:166 [3]:363
[0]:143179318 [1]:24750028 [2]:166 [3]:367
[0]:143385191 [1]:24780539 [2]:166 [3]:363
[0]:143586826 [1]:24810514 [2]:166 [3]:365
[0]:143813080 [1]:24844030 [2]:166 [3]:78
[0]:144037622 [1]:24877245 [2]:166 [3]:364
[0]:144242769 [1]:24907663 [2]:166 [3]:371
[0]:144449279 [1]:24938273 [2]:166 [3]:357
[0]:144685738 [1]:24973398 [2]:166 [3]:362
[0]:144893728 [1]:25004259 [2]:166 [3]:363
[0]:145099502 [1]:25034724 [2]:166 [3]:362
[0]:145308359 [1]:25065685 [2]:166 [3]:371
[0]:145519112 [1]:25097049 [2]:166 [3]:373
[0]:145722134 [1]:25127261 [2]:166 [3]:78
[0]:145926521 [1]:25157628 [2]:166 [3]:361
[0]:146155396 [1]:25191623 [2]:166 [3]:367
[0]:146371999 [1]:25223793 [2]:156 [3]:362
[0]:146576936 [1]:25254268 [2]:156 [3]:358
[0]:146789631 [1]:25285949 [2]:156 [3]:74
[0]:147016399 [1]:25319546 [2]:156 [3]:372
[0]:147235404 [1]:25351985 [2]:156 [3]:367
[0]:147439717 [1]:25382292 [2]:156 [3]:365
[0]:147649032 [1]:25413479 [2]:156 [3]:369
[0]:147861187 [1]:25444993 [2]:156 [3]:370
[0]:148086388 [1]:25478346 [2]:156 [3]:358
[0]:148295100 [1]:25509380 [2]:156 [3]:370
[0]:148506993 [1]:25540903 [2]:156 [3]:366
[0]:148712699 [1]:25571508 [2]:156 [3]:365
[0]:148931192 [1]:25603895 [2]:156 [3]:361
[0]:149132994 [1]:25633767 [2]:156 [3]:358
[0]:149335304 [1]:25663877 [2]:156 [3]:358
[0]:149560245 [1]:25697222 [2]:156 [3]:73
[0]:149769133 [1]:25728217 [2]:156 [3]:369
[0]:149985618 [1]:25760256 [2]:152 [3]:367
[0]:150222250 [1]:25795263 [2]:152 [3]:360
[0]:150442812 [1]:25827965 [2]:152 [3]:372
[0]:150659800 [1]:25860121 [2]:152 [3]:81
[0]:150868456 [1]:25891050 [2]:152 [3]:369
[0]:151075353 [1]:25921664 [2]:152 [3]:362
[0]:151286473 [1]:25952974 [2]:152 [3]:361
[0]:151503350 [1]:25985236 [2]:152 [3]:357
[0]:151716044 [1]:26016881 [2]:152 [3]:367
[0]:151928737 [1]:26048354 [2]:152 [3]:361
[0]:152137706 [1]:26079273 [2]:152 [3]:356
[0]:152374207 [1]:26114364 [2]:152 [3]:359
[0]:152602720 [1]:26148275 [2]:152 [3]:368
[0]:152815359 [1]:26179839 [2]:152 [3]:365
[0]:153024413 [1]:26210759 [2]:152 [3]:356
[0]:153255633 [1]:26245067 [2]:152 [3]:356
[0]:153453882 [1]:26274600 [2]:152 [3]:359
[0]:153662708 [1]:26305606 [2]:151 [3]:354
[0]:153887371 [1]:26338908 [2]:151 [3]:364
[0]:154094413 [1]:26369633 [2]:151 [3]:358
[0]:154300631 [1]:26400261 [2]:151 [3]:359
[0]:154505791 [1]:26430676 [2]:151 [3]:366
[0]:154738585 [1]:26465237 [2]:151 [3]:367
[0]:154951491 [1]:26496824 [2]:151 [3]:365
[0]:155152419 [1]:26526643 [2]:151 [3]:364
[0]:155367002 [1]:26558429 [2]:151 [3]:367
[0]:155570082 [1]:26588554 [2]:151 [3]:356
[0]:155778429 [1]:26619557 [2]:151 [3]:365
[0]:155977596 [1]:26648996 [2]:151 [3]:357
[0]:156176776 [1]:26678498 [2]:151 [3]:77
[0]:156429221 [1]:26716013 [2]:151 [3]:367
[0]:156641129 [1]:26747541 [2]:151 [3]:369
[0]:156874276 [1]:26782129 [2]:151 [3]:70
[0]:157083352 [1]:26813205 [2]:151 [3]:90
[0]:157288182 [1]:26843599 [2]:151 [3]:373
[0]:157486293 [1]:26873037 [2]:151 [3]:79
[0]:157694073 [1]:26903912 [2]:151 [3]:370
[0]:157941629 [1]:26940492 [2]:151 [3]:366
[0]:158153817 [1]:26972018 [2]:151 [3]:373
[0]:158375906 [1]:27004996 [2]:151 [3]:372
[0]:158596632 [1]:27037737 [2]:151 [3]:369
[0]:158801639 [1]:27068119 [2]:151 [3]:361
[0]:159009728 [1]:27099054 [2]:151 [3]:361
[0]:159223239 [1]:27130784 [2]:151 [3]:356
[0]:159428096 [1]:27161225 [2]:151 [3]:363
[0]:159641242 [1]:27192948 [2]:151 [3]:367
[0]:159841801 [1]:27222684 [2]:151 [3]:357
[0]:160054439 [1]:27254306 [2]:151 [3]:84
[0]:160271112 [1]:27286351 [2]:151 [3]:365
[0]:160491754 [1]:27319151 [2]:151 [3]:361
[0]:160696812 [1]:27349543 [2]:151 [3]:361
[0]:160905597 [1]:27380473 [2]:151 [3]:361
[0]:161108542 [1]:27410556 [2]:151 [3]:368
[0]:161311761 [1]:27440818 [2]:151 [3]:365
[0]:161572970 [1]:27479701 [2]:151 [3]:363
[0]:161778415 [1]:27510104 [2]:151 [3]:363
[0]:161993360 [1]:27542146 [2]:151 [3]:360
[0]:162217731 [1]:27575468 [2]:151 [3]:67
[0]:162438531 [1]:27608225 [2]:151 [3]:77
[0]:162659762 [1]:27641237 [2]:151 [3]:362
[0]:162872143 [1]:27672626 [2]:151 [3]:362
[0]:163072903 [1]:27702495 [2]:151 [3]:357
[0]:163285716 [1]:27734145 [2]:151 [3]:360
[0]:163490591 [1]:27764582 [2]:151 [3]:354
[0]:163702458 [1]:27796095 [2]:151 [3]:359
[0]:163912185 [1]:27827181 [2]:151 [3]:375
[0]:164121098 [1]:27858230 [2]:151 [3]:361
[0]:164325039 [1]:27888511 [2]:151 [3]:365
[0]:164534831 [1]:27919716 [2]:151 [3]:370
[0]:164733833 [1]:27949138 [2]:151 [3]:373
[0]:164940759 [1]:27979865 [2]:151 [3]:367
[0]:165169061 [1]:28013754 [2]:151 [3]:358
[0]:165382177 [1]:28045454 [2]:151 [3]:362
[0]:165642369 [1]:28084044 [2]:151 [3]:362
[0]:165872525 [1]:28118337 [2]:151 [3]:367
[0]:166087747 [1]:28150198 [2]:151 [3]:362
[0]:166298424 [1]:28181456 [2]:151 [3]:364
[0]:166509111 [1]:28212717 [2]:151 [3]:75
[0]:166721848 [1]:28244269 [2]:151 [3]:365
[0]:166930683 [1]:28275387 [2]:151 [3]:69
[0]:167156654 [1]:28308907 [2]:151 [3]:366
[0]:167363264 [1]:28339807 [2]:151 [3]:372
[0]:167569057 [1]:28370526 [2]:151 [3]:371
[0]:167785792 [1]:28402660 [2]:151 [3]:357
[0]:168006440 [1]:28435416 [2]:151 [3]:80
[0]:168214428 [1]:28466234 [2]:151 [3]:375
[0]:168428153 [1]:28498007 [2]:151 [3]:372
[0]:168636997 [1]:28529011 [2]:151 [3]:86
[0]:168845833 [1]:28559973 [2]:151 [3]:360
[0]:169055410 [1]:28591028 [2]:151 [3]:365
[0]:169266084 [1]:28622188 [2]:151 [3]:363
[0]:169476426 [1]:28653381 [2]:151 [3]:370
[0]:169682213 [1]:28683885 [2]:151 [3]:79
[0]:169897994 [1]:28715930 [2]:151 [3]:364
[0]:170114664 [1]:28748167 [2]:151 [3]:372
[0]:170327595 [1]:28779767 [2]:151 [3]:358
[0]:170533996 [1]:28810451 [2]:151 [3]:364
[0]:170737226 [1]:28840668 [2]:151 [3]:368
[0]:170933483 [1]:28869903 [2]:151 [3]:366
[0]:171147251 [1]:28901660 [2]:151 [3]:75
[0]:171361901 [1]:28933486 [2]:151 [3]:365
[0]:171568748 [1]:28964227 [2]:151 [3]:370
[0]:171778449 [1]:28995409 [2]:151 [3]:366
[0]:171986396 [1]:29026420 [2]:151 [3]:371
[0]:172193973 [1]:29057505 [2]:151 [3]:355
[0]:172403031 [1]:29094418 [2]:151 [3]:55
[0]:172605323 [1]:29141106 [2]:151 [3]:54
[0]:172814391 [1]:29189399 [2]:151 [3]:355
[0]:173023406 [1]:29237716 [2]:151 [3]:362
[0]:173224823 [1]:29284230 [2]:151 [3]:364
[0]:173421706 [1]:29329726 [2]:151 [3]:359
[0]:173620743 [1]:29375654 [2]:151 [3]:364
[0]:173822176 [1]:29422172 [2]:151 [3]:358
[0]:174023560 [1]:29468748 [2]:151 [3]:367
[0]:174218268 [1]:29513749 [2]:151 [3]:356
[0]:174404584 [1]:29556712 [2]:151 [3]:364
[0]:174638693 [1]:29610818 [2]:159 [3]:365
[0]:174837168 [1]:29656763 [2]:159 [3]:359
[0]:175035121 [1]:29702509 [2]:159 [3]:57
[0]:175233249 [1]:29748316 [2]:159 [3]:69
[0]:175434410 [1]:29794682 [2]:159 [3]:360
[0]:175632300 [1]:29840430 [2]:159 [3]:365
[0]:175846403 [1]:29889852 [2]:159 [3]:357
[0]:176032407 [1]:29932842 [2]:159 [3]:361
[0]:176233341 [1]:29979273 [2]:159 [3]:367
[0]:176424627 [1]:30023435 [2]:159 [3]:367
[0]:176610783 [1]:30066464 [2]:159 [3]:357
[0]:176841810 [1]:30119887 [2]:159 [3]:56
[0]:177034229 [1]:30164399 [2]:159 [3]:354
[0]:177241072 [1]:30212141 [2]:159 [3]:357
[0]:177427626 [1]:30255235 [2]:164 [3]:362
[0]:177625610 [1]:30300963 [2]:164 [3]:362
[0]:177867188 [1]:30356776 [2]:164 [3]:58
[0]:178054711 [1]:30400112 [2]:164 [3]:367
[0]:178250126 [1]:30445187 [2]:164 [3]:60
[0]:178443672 [1]:30489935 [2]:164 [3]:56
[0]:178639023 [1]:30535095 [2]:164 [3]:352
[0]:178834608 [1]:30580281 [2]:164 [3]:367
[0]:179032600 [1]:30626055 [2]:164 [3]:357
[0]:179230519 [1]:30671707 [2]:164 [3]:363
[0]:179428253 [1]:30717406 [2]:164 [3]:356
[0]:179633604 [1]:30764816 [2]:164 [3]:362
[0]:179838863 [1]:30812202 [2]:164 [3]:361
[0]:180036826 [1]:30857919 [2]:164 [3]:65
[0]:180244109 [1]:30905875 [2]:166 [3]:362
[0]:180439713 [1]:30951053 [2]:166 [3]:365
[0]:180629859 [1]:30994958 [2]:166 [3]:355
[0]:180835305 [1]:31042426 [2]:166 [3]:354
[0]:181048119 [1]:31091545 [2]:166 [3]:352
[0]:181248674 [1]:31137887 [2]:166 [3]:357
[0]:181446965 [1]:31183729 [2]:166 [3]:351
[0]:181644913 [1]:31229479 [2]:166 [3]:364
[0]:181844697 [1]:31275643 [2]:166 [3]:357
[0]:182038867 [1]:31320438 [2]:166 [3]:359
[0]:182237667 [1]:31366388 [2]:166 [3]:360
[0]:182432884 [1]:31411468 [2]:166 [3]:360
[0]:182630455 [1]:31457155 [2]:166 [3]:353
[0]:182829124 [1]:31503010 [2]:166 [3]:361
[0]:183029578 [1]:31549321 [2]:166 [3]:360
[0]:183231461 [1]:31595972 [2]:166 [3]:58
[0]:183419804 [1]:31639550 [2]:166 [3]:63
[0]:183615668 [1]:31684853 [2]:166 [3]:358
[0]:183810057 [1]:31729703 [2]:166 [3]:357
[0]:184056830 [1]:31786695 [2]:166 [3]:363
[0]:184254207 [1]:31832373 [2]:166 [3]:360
[0]:184463231 [1]:31880685 [2]:166 [3]:60
[0]:184660843 [1]:31926181 [2]:166 [3]:371
[0]:184858953 [1]:31971957 [2]:166 [3]:361
[0]:185060554 [1]:32018497 [2]:166 [3]:357
[0]:185258072 [1]:32064089 [2]:166 [3]:357
[0]:185448644 [1]:32108083 [2]:166 [3]:365
[0]:185671883 [1]:32159581 [2]:166 [3]:360
[0]:185863967 [1]:32203959 [2]:166 [3]:363
[0]:186064371 [1]:32250267 [2]:166 [3]:357
[0]:186254796 [1]:32294297 [2]:166 [3]:360
[0]:186463802 [1]:32342591 [2]:166 [3]:364
[0]:186658077 [1]:32387383 [2]:166 [3]:358
[0]:186885785 [1]:32440013 [2]:166 [3]:355
[0]:187090763 [1]:32487391 [2]:166 [3]:364
[0]:187358278 [1]:32549207 [2]:166 [3]:365
[0]:187559307 [1]:32595582 [2]:166 [3]:359
[0]:187755354 [1]:32640865 [2]:166 [3]:363
[0]:187948920 [1]:32685631 [2]:166 [3]:362
[0]:188143598 [1]:32730601 [2]:166 [3]:360
[0]:188352226 [1]:32778879 [2]:166 [3]:54
[0]:188545476 [1]:32823454 [2]:166 [3]:362
[0]:188760013 [1]:32872984 [2]:166 [3]:365
[0]:188964680 [1]:32920244 [2]:166 [3]:361
[0]:189158739 [1]:32965123 [2]:166 [3]:355
[0]:189356563 [1]:33010767 [2]:166 [3]:362
[0]:189554174 [1]:33056389 [2]:166 [3]:363
[0]:189799038 [1]:33112982 [2]:166 [3]:358
[0]:190002001 [1]:33159865 [2]:166 [3]:367
[0]:190203944 [1]:33206580 [2]:166 [3]:365
[0]:190397242 [1]:33251180 [2]:166 [3]:366
[0]:190592005 [1]:33296187 [2]:166 [3]:361
[0]:190789831 [1]:33341837 [2]:166 [3]:366
[0]:190980347 [1]:33385889 [2]:166 [3]:362
[0]:191180710 [1]:33432134 [2]:166 [3]:362
[0]:191435629 [1]:33491032 [2]:166 [3]:361
[0]:191628751 [1]:33535616 [2]:166 [3]:360
[0]:191830815 [1]:33582327 [2]:166 [3]:53
[0]:192036551 [1]:33629896 [2]:166 [3]:359
[0]:192237897 [1]:33676415 [2]:166 [3]:364
[0]:192460098 [1]:33727843 [2]:166 [3]:360
[0]:192658996 [1]:33773780 [2]:166 [3]:60
[0]:192876126 [1]:33823936 [2]:166 [3]:363
[0]:193081500 [1]:33871311 [2]:166 [3]:361
[0]:193275626 [1]:33916121 [2]:166 [3]:360
[0]:193474342 [1]:33962050 [2]:166 [3]:362
[0]:193674970 [1]:34008467 [2]:166 [3]:361
[0]:193872723 [1]:34054133 [2]:166 [3]:59
[0]:194070374 [1]:34099798 [2]:166 [3]:365
[0]:194272144 [1]:34146409 [2]:166 [3]:360
[0]:194469959 [1]:34192124 [2]:166 [3]:360
[0]:194702379 [1]:34245854 [2]:166 [3]:363
[0]:194903502 [1]:34292328 [2]:166 [3]:359
[0]:195104463 [1]:34338695 [2]:166 [3]:362
[0]:195302692 [1]:34384509 [2]:166 [3]:366
[0]:195500087 [1]:34430098 [2]:166 [3]:358
[0]:195701660 [1]:34476677 [2]:166 [3]:364
[0]:195895792 [1]:34521445 [2]:166 [3]:366
[0]:196116323 [1]:34572379 [2]:166 [3]:366
[0]:196309776 [1]:34617039 [2]:166 [3]:359
[0]:196511744 [1]:34663730 [2]:166 [3]:365
[0]:196716843 [1]:34711122 [2]:166 [3]:367
[0]:196910224 [1]:34755685 [2]:166 [3]:363
[0]:197103067 [1]:34800257 [2]:166 [3]:351
[0]:197304337 [1]:34846779 [2]:166 [3]:354
[0]:197493211 [1]:34890404 [2]:166 [3]:360
[0]:197687447 [1]:34935318 [2]:166 [3]:59
[0]:197888925 [1]:34981809 [2]:166 [3]:357
[0]:198086783 [1]:35027548 [2]:166 [3]:56
[0]:198285406 [1]:35073442 [2]:166 [3]:356
[0]:198481788 [1]:35118812 [2]:166 [3]:55
[0]:198679981 [1]:35164574 [2]:166 [3]:367
[0]:198877317 [1]:35210208 [2]:166 [3]:359
[0]:199072060 [1]:35255215 [2]:166 [3]:356
[0]:199273609 [1]:35301809 [2]:166 [3]:358
[0]:199531140 [1]:35361339 [2]:166 [3]:368
[0]:199723858 [1]:35405805 [2]:166 [3]:358
[0]:199919276 [1]:35451007 [2]:166 [3]:360
[0]:200139270 [1]:35501818 [2]:166 [3]:356
[0]:200329823 [1]:35545898 [2]:166 [3]:371
[0]:200535155 [1]:35593322 [2]:166 [3]:360
[0]:200726098 [1]:35637469 [2]:166 [3]:364
[0]:200728819 [1]:35638135 [2]:166 [3]:362
[0]:200728819 [1]:35638135 [2]:166 [3]:362
[0]:200728819 [1]:35638135 [2]:166 [3]:362
[0]:200728819 [1]:35638135 [2]:166 [3]:362
[0]:200728819 [1]:35638135 [2]:166 [3]:362
[0]:200728819 [1]:35638135 [2]:166 [3]:362
[0]:200728819 [1]:35638135 [2]:166 [3]:362
[0]:200728819 [1]:35638135 [2]:166 [3]:362
[0]:200728819 [1]:35638135 [2]:166 [3]:362
[0]:200728819 [1]:35638135 [2]:166 [3]:362
[0]:200728819 [1]:35638135 [2]:166 [3]:362
[0]:200728819 [1]:35638135 [2]:166 [3]:362
                                                                                      [0]:200728819 [1]:35638135 [2]:166 [3]:362
[0]:200728819 [1]:35638135 [2]:166 [3]:362
[0]:200728819 [1]:35638135 [2]:166 [3]:362
[0]:200728819 [1]:35638135 [2]:166 [3]:362
[0]:200728819 [1]:35638135 [2]:166 [3]:362
[0]:200728819 [1]:35638135 [2]:166 [3]:362
