[0]:404128080 [1]:172567823 [2]:7 [3]:55
[0]:405458630 [1]:173741727 [2]:7 [3]:18
[0]:406531675 [1]:174693175 [2]:7 [3]:20
[0]:407574521 [1]:175616452 [2]:7 [3]:18
[0]:408645637 [1]:176558279 [2]:7 [3]:16
[0]:409711447 [1]:177508002 [2]:7 [3]:23
[0]:410830491 [1]:178496189 [2]:7 [3]:24
[0]:411984864 [1]:179515275 [2]:7 [3]:22
[0]:413378633 [1]:180749104 [2]:7 [3]:14
[0]:414751228 [1]:181964759 [2]:7 [3]:21
[0]:415951871 [1]:183032738 [2]:7 [3]:14
[0]:417223999 [1]:184162514 [2]:7 [3]:56
[0]:418322310 [1]:185138023 [2]:7 [3]:17
[0]:419431952 [1]:186120276 [2]:7 [3]:12
[0]:420519414 [1]:187088236 [2]:7 [3]:19
[0]:421612495 [1]:188053314 [2]:7 [3]:18
[0]:422699803 [1]:189019305 [2]:7 [3]:16
[0]:424078781 [1]:190236379 [2]:7 [3]:14
[0]:425190892 [1]:191224596 [2]:7 [3]:12
[0]:426342852 [1]:192248144 [2]:7 [3]:18
[0]:427423560 [1]:193200702 [2]:7 [3]:20
[0]:428577563 [1]:194218650 [2]:7 [3]:55
[0]:429691818 [1]:195211489 [2]:7 [3]:16
[0]:430827518 [1]:196216554 [2]:7 [3]:11
[0]:432201237 [1]:197438324 [2]:7 [3]:12
[0]:433581478 [1]:198656540 [2]:7 [3]:64
[0]:434987502 [1]:199901289 [2]:7 [3]:54
[0]:436254878 [1]:201029596 [2]:7 [3]:16
[0]:437454867 [1]:202084168 [2]:7 [3]:17
[0]:438880069 [1]:203346077 [2]:7 [3]:16
[0]:440092323 [1]:204424760 [2]:7 [3]:17
[0]:441276322 [1]:205472432 [2]:7 [3]:11
[0]:442436032 [1]:206499602 [2]:7 [3]:57
[0]:443717231 [1]:207635764 [2]:7 [3]:13
[0]:444961246 [1]:208737518 [2]:7 [3]:52
[0]:446245556 [1]:209875048 [2]:7 [3]:17
[0]:447467166 [1]:210960299 [2]:7 [3]:50
[0]:448836360 [1]:212170314 [2]:7 [3]:13
[0]:450077660 [1]:213270959 [2]:7 [3]:11
[0]:451458682 [1]:214494386 [2]:7 [3]:53
[0]:452754929 [1]:215637405 [2]:7 [3]:63
[0]:454072320 [1]:216807639 [2]:7 [3]:15
[0]:455354125 [1]:217944924 [2]:7 [3]:19
[0]:456587469 [1]:219039050 [2]:7 [3]:16
[0]:457883389 [1]:220185485 [2]:7 [3]:16
[0]:459030615 [1]:221200404 [2]:7 [3]:13
[0]:460145639 [1]:222182556 [2]:7 [3]:19
[0]:461249828 [1]:223168347 [2]:7 [3]:60
[0]:462307053 [1]:224102814 [2]:7 [3]:15
[0]:463392710 [1]:225061831 [2]:7 [3]:19
[0]:464472311 [1]:226022388 [2]:7 [3]:57
[0]:465605492 [1]:227026355 [2]:7 [3]:12
[0]:466699608 [1]:227994866 [2]:7 [3]:14
[0]:467798915 [1]:228968682 [2]:7 [3]:21
[0]:469183209 [1]:230192491 [2]:7 [3]:56
[0]:470621771 [1]:231476761 [2]:7 [3]:22
[0]:471742641 [1]:232466967 [2]:7 [3]:24
[0]:472889087 [1]:233484502 [2]:7 [3]:20
[0]:474070789 [1]:234532085 [2]:7 [3]:15
[0]:475435214 [1]:235735515 [2]:7 [3]:22
[0]:477100712 [1]:237210430 [2]:7 [3]:57
[0]:478498617 [1]:238448115 [2]:7 [3]:18
[0]:479622725 [1]:239450438 [2]:7 [3]:18
[0]:480726213 [1]:240423963 [2]:7 [3]:58
[0]:481835572 [1]:241407917 [2]:7 [3]:18
[0]:482945424 [1]:242390972 [2]:7 [3]:16
[0]:484060822 [1]:243379855 [2]:7 [3]:15
[0]:485219307 [1]:244404110 [2]:7 [3]:12
[0]:486285283 [1]:245344456 [2]:7 [3]:16
[0]:487672027 [1]:246570572 [2]:7 [3]:16
[0]:489018186 [1]:247756250 [2]:7 [3]:22
[0]:490300983 [1]:248892970 [2]:7 [3]:13
[0]:491479659 [1]:249935729 [2]:7 [3]:16
[0]:492720257 [1]:251032475 [2]:7 [3]:52
[0]:493917139 [1]:252086077 [2]:7 [3]:22
[0]:495375798 [1]:253376344 [2]:7 [3]:17
[0]:496736384 [1]:254580526 [2]:7 [3]:50
[0]:498234702 [1]:255905692 [2]:7 [3]:16
[0]:499900657 [1]:257383425 [2]:7 [3]:53
[0]:501185085 [1]:258519351 [2]:7 [3]:23
[0]:502445326 [1]:259631719 [2]:7 [3]:20
[0]:503968630 [1]:260977797 [2]:7 [3]:11
[0]:505416236 [1]:262252894 [2]:7 [3]:19
[0]:506605164 [1]:263300864 [2]:7 [3]:15
[0]:507814660 [1]:264375552 [2]:7 [3]:20
[0]:509055962 [1]:265472812 [2]:7 [3]:16
[0]:510282582 [1]:266561690 [2]:7 [3]:17
[0]:511492509 [1]:267633718 [2]:7 [3]:13
[0]:512750952 [1]:268743676 [2]:7 [3]:52
[0]:514094052 [1]:269932640 [2]:7 [3]:15
[0]:515337625 [1]:271035097 [2]:7 [3]:14
[0]:516524178 [1]:272083809 [2]:7 [3]:14
[0]:517788174 [1]:273200676 [2]:7 [3]:15
[0]:518871850 [1]:274155920 [2]:7 [3]:13
[0]:520103036 [1]:275244395 [2]:7 [3]:17
[0]:521328544 [1]:276331382 [2]:7 [3]:54
[0]:522453623 [1]:277324137 [2]:7 [3]:18
[0]:523562543 [1]:278302654 [2]:7 [3]:14
[0]:524702165 [1]:279308575 [2]:7 [3]:18
[0]:525821597 [1]:280305138 [2]:7 [3]:20
[0]:526952780 [1]:281303484 [2]:7 [3]:21
[0]:528076554 [1]:282299502 [2]:7 [3]:17
[0]:529172911 [1]:283271274 [2]:7 [3]:55
[0]:530286604 [1]:284254967 [2]:7 [3]:17
[0]:531410592 [1]:285250865 [2]:7 [3]:17
[0]:532744767 [1]:286434462 [2]:7 [3]:22
[0]:533837812 [1]:287405662 [2]:7 [3]:12
[0]:534926081 [1]:288372198 [2]:7 [3]:15
[0]:536118196 [1]:289425730 [2]:7 [3]:16
[0]:537422451 [1]:290579456 [2]:7 [3]:16
[0]:538838574 [1]:291835015 [2]:7 [3]:20
[0]:540147765 [1]:292993737 [2]:7 [3]:62
[0]:541319572 [1]:294026354 [2]:7 [3]:51
[0]:542480511 [1]:295054213 [2]:7 [3]:15
[0]:543623113 [1]:296065970 [2]:7 [3]:19
[0]:544730980 [1]:297039830 [2]:7 [3]:20
[0]:546141848 [1]:298282789 [2]:7 [3]:11
[0]:547396942 [1]:299393796 [2]:7 [3]:14
[0]:548534458 [1]:300398660 [2]:7 [3]:51
[0]:549667473 [1]:301399325 [2]:7 [3]:19
[0]:550800474 [1]:302402937 [2]:7 [3]:20
[0]:551959344 [1]:303432595 [2]:7 [3]:16
[0]:553058749 [1]:304401283 [2]:7 [3]:13
[0]:554185719 [1]:305403398 [2]:7 [3]:18
[0]:555279360 [1]:306370178 [2]:7 [3]:15
[0]:556506030 [1]:307462397 [2]:7 [3]:20
[0]:557921299 [1]:308710084 [2]:7 [3]:16
[0]:559261266 [1]:309898264 [2]:7 [3]:55
[0]:560576415 [1]:311063033 [2]:7 [3]:16
[0]:561852889 [1]:312193182 [2]:7 [3]:15
[0]:563067784 [1]:313271329 [2]:7 [3]:59
[0]:564349543 [1]:314401840 [2]:7 [3]:20
[0]:565559848 [1]:315469756 [2]:7 [3]:13
[0]:566784934 [1]:316552071 [2]:7 [3]:17
[0]:568029336 [1]:317658556 [2]:7 [3]:13
[0]:569242020 [1]:318727288 [2]:7 [3]:59
[0]:570446201 [1]:319797391 [2]:7 [3]:19
[0]:571680678 [1]:320891632 [2]:7 [3]:49
[0]:572962158 [1]:322025051 [2]:7 [3]:59
[0]:574195669 [1]:323114134 [2]:7 [3]:54
[0]:575422629 [1]:324200653 [2]:7 [3]:14
[0]:576612044 [1]:325253586 [2]:7 [3]:18
[0]:577845715 [1]:326348142 [2]:7 [3]:50
[0]:579060024 [1]:327420156 [2]:7 [3]:15
[0]:580243597 [1]:328468579 [2]:7 [3]:13
[0]:581426689 [1]:329515827 [2]:7 [3]:17
[0]:582517014 [1]:330485354 [2]:7 [3]:14
[0]:583793205 [1]:331618968 [2]:7 [3]:14
[0]:584865664 [1]:332567516 [2]:7 [3]:55
[0]:585959401 [1]:333536673 [2]:7 [3]:17
[0]:587089607 [1]:334537865 [2]:7 [3]:13
[0]:588177436 [1]:335506598 [2]:7 [3]:24
[0]:589275401 [1]:336474438 [2]:7 [3]:18
[0]:590354806 [1]:337432166 [2]:7 [3]:11
[0]:591466682 [1]:338414380 [2]:7 [3]:18
[0]:592652045 [1]:339463702 [2]:7 [3]:57
[0]:593760468 [1]:340439981 [2]:7 [3]:17
[0]:594827919 [1]:341388047 [2]:7 [3]:54
[0]:595868946 [1]:342308996 [2]:7 [3]:58
[0]:596956651 [1]:343268211 [2]:7 [3]:20
[0]:598163751 [1]:344338567 [2]:7 [3]:16
[0]:599524199 [1]:345538801 [2]:7 [3]:17
[0]:600854874 [1]:346716137 [2]:7 [3]:14
[0]:602036874 [1]:347760454 [2]:7 [3]:12
[0]:603199659 [1]:348788428 [2]:7 [3]:12
[0]:604326963 [1]:349785043 [2]:7 [3]:11
[0]:605459148 [1]:350779037 [2]:7 [3]:16
[0]:606885149 [1]:352042807 [2]:7 [3]:51
[0]:608048722 [1]:353076200 [2]:7 [3]:19
[0]:609126121 [1]:354035484 [2]:7 [3]:56
[0]:610334648 [1]:355104435 [2]:7 [3]:14
[0]:611468081 [1]:356109943 [2]:7 [3]:16
[0]:612561418 [1]:357070831 [2]:7 [3]:18
[0]:613696518 [1]:358077975 [2]:7 [3]:58
[0]:615184474 [1]:359392800 [2]:7 [3]:19
[0]:616256012 [1]:360339388 [2]:7 [3]:16
[0]:617421553 [1]:361366317 [2]:7 [3]:17
[0]:618660116 [1]:362458041 [2]:7 [3]:16
[0]:620090828 [1]:363718349 [2]:7 [3]:17
[0]:621415649 [1]:364893036 [2]:7 [3]:57
[0]:622602726 [1]:365940824 [2]:7 [3]:22
[0]:623831276 [1]:367028898 [2]:7 [3]:17
[0]:625067254 [1]:368117966 [2]:7 [3]:14
[0]:626301562 [1]:369214185 [2]:7 [3]:15
[0]:627559893 [1]:370328904 [2]:7 [3]:18
[0]:628800091 [1]:371423557 [2]:7 [3]:19
[0]:630027231 [1]:372510943 [2]:7 [3]:56
[0]:631237891 [1]:373579566 [2]:7 [3]:52
[0]:632469860 [1]:374671162 [2]:7 [3]:55
[0]:633679380 [1]:375743794 [2]:7 [3]:21
[0]:634864094 [1]:376795020 [2]:7 [3]:19
[0]:636114968 [1]:377902203 [2]:7 [3]:14
[0]:637335518 [1]:378985541 [2]:7 [3]:13
[0]:638578706 [1]:380083624 [2]:7 [3]:17
[0]:639753921 [1]:381122477 [2]:7 [3]:62
[0]:640939296 [1]:382173793 [2]:7 [3]:17
[0]:642173609 [1]:383261761 [2]:7 [3]:10
[0]:643405255 [1]:384353525 [2]:7 [3]:19
[0]:644540579 [1]:385359206 [2]:7 [3]:17
[0]:645678247 [1]:386367556 [2]:7 [3]:18
[0]:646815454 [1]:387369998 [2]:7 [3]:12
[0]:647879198 [1]:388310704 [2]:7 [3]:51
[0]:649016444 [1]:389318931 [2]:7 [3]:21
[0]:650129428 [1]:390297985 [2]:7 [3]:56
[0]:651208999 [1]:391257616 [2]:7 [3]:21
[0]:652318329 [1]:392237702 [2]:7 [3]:13
[0]:653494003 [1]:393276573 [2]:7 [3]:57
[0]:654582800 [1]:394237936 [2]:7 [3]:17
[0]:655694707 [1]:395218349 [2]:7 [3]:14
[0]:656793760 [1]:396196989 [2]:7 [3]:24
[0]:657920091 [1]:397188603 [2]:7 [3]:17
[0]:659007358 [1]:398150983 [2]:7 [3]:12
[0]:660122481 [1]:399138558 [2]:7 [3]:15
[0]:661668291 [1]:400504623 [2]:7 [3]:14
[0]:663048724 [1]:401728724 [2]:7 [3]:12
[0]:664254717 [1]:402793380 [2]:7 [3]:10
[0]:665369655 [1]:403777352 [2]:7 [3]:18
[0]:666469855 [1]:404755171 [2]:7 [3]:12
[0]:667593849 [1]:405747388 [2]:7 [3]:15
[0]:668707731 [1]:406735674 [2]:7 [3]:16
[0]:669891737 [1]:407780928 [2]:7 [3]:54
[0]:670974897 [1]:408741827 [2]:7 [3]:18
[0]:672046024 [1]:409684946 [2]:7 [3]:19
[0]:673157961 [1]:410673118 [2]:7 [3]:13
[0]:674277985 [1]:411664490 [2]:7 [3]:20
[0]:675417237 [1]:412672225 [2]:7 [3]:18
[0]:676567871 [1]:413692734 [2]:7 [3]:17
[0]:677656797 [1]:414654483 [2]:7 [3]:11
[0]:678720485 [1]:415593966 [2]:7 [3]:18
[0]:679923613 [1]:416658242 [2]:7 [3]:17
[0]:681804532 [1]:418323695 [2]:7 [3]:15
[0]:683133396 [1]:419503003 [2]:7 [3]:25
[0]:684417828 [1]:420636314 [2]:7 [3]:15
[0]:685664247 [1]:421733996 [2]:7 [3]:60
[0]:686897013 [1]:422826439 [2]:7 [3]:58
[0]:688161224 [1]:423943395 [2]:7 [3]:53
[0]:689410823 [1]:425054458 [2]:7 [3]:47
[0]:690647722 [1]:426148850 [2]:7 [3]:19
[0]:691856303 [1]:427222419 [2]:7 [3]:21
[0]:693066114 [1]:428286465 [2]:7 [3]:17
[0]:694347731 [1]:429425595 [2]:7 [3]:12
[0]:695678749 [1]:430600552 [2]:7 [3]:20
[0]:696862633 [1]:431646732 [2]:7 [3]:14
[0]:698111733 [1]:432755283 [2]:7 [3]:17
[0]:699370798 [1]:433864716 [2]:7 [3]:16
[0]:700541230 [1]:434901939 [2]:7 [3]:18
[0]:701762542 [1]:435986055 [2]:7 [3]:14
[0]:703104736 [1]:437171625 [2]:7 [3]:18
[0]:704290308 [1]:438224767 [2]:7 [3]:57
[0]:705625080 [1]:439405308 [2]:7 [3]:19
[0]:706731395 [1]:440385926 [2]:7 [3]:11
[0]:707843889 [1]:441374054 [2]:7 [3]:11
[0]:708956085 [1]:442356606 [2]:7 [3]:18
[0]:710067505 [1]:443342288 [2]:7 [3]:10
[0]:711180229 [1]:444322711 [2]:7 [3]:54
[0]:712245037 [1]:445263787 [2]:7 [3]:11
[0]:713697127 [1]:446546438 [2]:7 [3]:11
[0]:714834115 [1]:447556452 [2]:7 [3]:16
[0]:715966463 [1]:448555339 [2]:7 [3]:61
[0]:717178383 [1]:449634043 [2]:7 [3]:16
[0]:718340282 [1]:450660223 [2]:7 [3]:56
[0]:719405015 [1]:451601921 [2]:7 [3]:10
[0]:720506240 [1]:452575172 [2]:7 [3]:14
[0]:721627523 [1]:453572452 [2]:7 [3]:54
[0]:722791810 [1]:454596773 [2]:7 [3]:19
[0]:724138965 [1]:455790676 [2]:7 [3]:19
[0]:725548422 [1]:457042474 [2]:7 [3]:18
[0]:726723521 [1]:458081549 [2]:7 [3]:16
[0]:727893589 [1]:459121060 [2]:7 [3]:18
[0]:729124084 [1]:460220677 [2]:7 [3]:14
[0]:730309343 [1]:461268960 [2]:7 [3]:23
[0]:731446057 [1]:462280111 [2]:7 [3]:12
[0]:732511467 [1]:463222137 [2]:7 [3]:58
[0]:733624167 [1]:464207004 [2]:7 [3]:14
[0]:734760878 [1]:465211938 [2]:7 [3]:16
[0]:735866209 [1]:466191529 [2]:7 [3]:19
[0]:737015188 [1]:467206375 [2]:7 [3]:16
[0]:738148603 [1]:468210815 [2]:7 [3]:56
[0]:739336917 [1]:469258806 [2]:7 [3]:16
[0]:740400259 [1]:470196119 [2]:7 [3]:16
[0]:741514470 [1]:471185620 [2]:7 [3]:19
[0]:742818225 [1]:472338795 [2]:7 [3]:55
[0]:744245605 [1]:473597465 [2]:7 [3]:63
[0]:745600119 [1]:474797180 [2]:7 [3]:17
[0]:746930966 [1]:475970674 [2]:7 [3]:19
[0]:748287892 [1]:477169949 [2]:7 [3]:25
[0]:749523953 [1]:478258725 [2]:7 [3]:55
[0]:750755737 [1]:479357178 [2]:7 [3]:17
[0]:751989961 [1]:480446421 [2]:7 [3]:16
[0]:753240317 [1]:481555155 [2]:7 [3]:58
[0]:754412378 [1]:482590475 [2]:7 [3]:19
[0]:755643316 [1]:483671756 [2]:7 [3]:19
[0]:756877389 [1]:484762716 [2]:7 [3]:56
[0]:758093652 [1]:485838330 [2]:7 [3]:16
[0]:759320486 [1]:486926615 [2]:7 [3]:19
[0]:760602237 [1]:488059608 [2]:7 [3]:15
[0]:762272143 [1]:489532316 [2]:7 [3]:12
[0]:763482146 [1]:490604420 [2]:7 [3]:16
[0]:764689155 [1]:491674453 [2]:7 [3]:14
[0]:765995056 [1]:492827701 [2]:7 [3]:14
[0]:767199983 [1]:493890843 [2]:7 [3]:57
[0]:768330810 [1]:494892112 [2]:7 [3]:14
[0]:769454121 [1]:495879466 [2]:7 [3]:58
[0]:770559424 [1]:496865148 [2]:7 [3]:51
[0]:771798611 [1]:497958177 [2]:7 [3]:22
[0]:772889319 [1]:498921593 [2]:7 [3]:15
[0]:774040963 [1]:499935492 [2]:7 [3]:15
[0]:775126657 [1]:500899267 [2]:7 [3]:54
[0]:776221560 [1]:501871561 [2]:7 [3]:18
[0]:777312870 [1]:502832617 [2]:7 [3]:19
[0]:778449361 [1]:503832203 [2]:7 [3]:11
[0]:779598368 [1]:504853864 [2]:7 [3]:17
[0]:780763836 [1]:505877773 [2]:7 [3]:59
[0]:781849119 [1]:506841529 [2]:7 [3]:19
[0]:782962048 [1]:507823840 [2]:7 [3]:13
[0]:784163006 [1]:508885126 [2]:7 [3]:62
[0]:785534466 [1]:510097313 [2]:7 [3]:14
[0]:786929917 [1]:511330281 [2]:7 [3]:55
[0]:788295356 [1]:512541600 [2]:7 [3]:19
[0]:789385253 [1]:513504382 [2]:7 [3]:60
[0]:790475521 [1]:514465853 [2]:7 [3]:17
[0]:791603158 [1]:515468924 [2]:7 [3]:19
[0]:792719708 [1]:516452123 [2]:7 [3]:58
[0]:794004997 [1]:517585320 [2]:7 [3]:20
[0]:795156802 [1]:518603707 [2]:7 [3]:14
[0]:796227659 [1]:519554741 [2]:7 [3]:15
[0]:797345546 [1]:520541831 [2]:7 [3]:21
[0]:798480343 [1]:521547413 [2]:7 [3]:15
[0]:799601276 [1]:522532925 [2]:7 [3]:13
[0]:800792186 [1]:523593091 [2]:7 [3]:22
[0]:801889040 [1]:524568817 [2]:7 [3]:55
[0]:803097094 [1]:525639920 [2]:7 [3]:10
[0]:804415203 [1]:526803811 [2]:7 [3]:55
[0]:805717170 [1]:527954941 [2]:7 [3]:14
[0]:807120131 [1]:529203596 [2]:7 [3]:55
[0]:808491217 [1]:530414996 [2]:7 [3]:54
[0]:809748096 [1]:531530847 [2]:7 [3]:19
[0]:811030568 [1]:532668730 [2]:7 [3]:56
[0]:812667739 [1]:534117252 [2]:7 [3]:53
[0]:813907476 [1]:535212708 [2]:7 [3]:19
[0]:815140030 [1]:536304729 [2]:7 [3]:14
[0]:816400547 [1]:537419471 [2]:7 [3]:19
[0]:817634067 [1]:538511389 [2]:7 [3]:19
[0]:818968201 [1]:539690772 [2]:7 [3]:21
[0]:820197959 [1]:540780338 [2]:7 [3]:16
[0]:821402264 [1]:541845941 [2]:7 [3]:18
[0]:822546392 [1]:542857015 [2]:7 [3]:52
[0]:823707341 [1]:543885640 [2]:7 [3]:20
[0]:824954078 [1]:544981280 [2]:7 [3]:15
[0]:826176091 [1]:546063160 [2]:7 [3]:20
