[0]:137604190 [1]:24721405 [2]:162 [3]:69
[0]:137819522 [1]:24753251 [2]:162 [3]:358
[0]:138033507 [1]:24785116 [2]:162 [3]:364
[0]:138242107 [1]:24816143 [2]:162 [3]:366
[0]:138447280 [1]:24846761 [2]:162 [3]:376
[0]:138679630 [1]:24881350 [2]:162 [3]:80
[0]:138881614 [1]:24911366 [2]:162 [3]:364
[0]:139091964 [1]:24942613 [2]:162 [3]:366
[0]:139298483 [1]:24973292 [2]:162 [3]:363
[0]:139507237 [1]:25004248 [2]:162 [3]:370
[0]:139719980 [1]:25035975 [2]:162 [3]:364
[0]:139928956 [1]:25066969 [2]:162 [3]:359
[0]:140140743 [1]:25098430 [2]:162 [3]:363
[0]:140350501 [1]:25129488 [2]:162 [3]:372
[0]:140567322 [1]:25161706 [2]:162 [3]:363
[0]:140768458 [1]:25191499 [2]:162 [3]:71
[0]:140972934 [1]:25221848 [2]:162 [3]:359
[0]:141181431 [1]:25252773 [2]:162 [3]:365
[0]:141414831 [1]:25287386 [2]:162 [3]:364
[0]:141615538 [1]:25317236 [2]:162 [3]:80
[0]:141832524 [1]:25349514 [2]:162 [3]:373
[0]:142033575 [1]:25379497 [2]:158 [3]:361
[0]:142246007 [1]:25411037 [2]:158 [3]:364
[0]:142450811 [1]:25441485 [2]:158 [3]:377
[0]:142659582 [1]:25472486 [2]:158 [3]:372
[0]:142876492 [1]:25504629 [2]:158 [3]:373
[0]:143089116 [1]:25536146 [2]:158 [3]:361
[0]:143294271 [1]:25566509 [2]:158 [3]:356
[0]:143511048 [1]:25598706 [2]:158 [3]:90
[0]:143779076 [1]:25638459 [2]:158 [3]:365
[0]:144012591 [1]:25673090 [2]:158 [3]:369
[0]:144210528 [1]:25702421 [2]:158 [3]:361
[0]:144421267 [1]:25733773 [2]:158 [3]:362
[0]:144626284 [1]:25764209 [2]:158 [3]:355
[0]:144838759 [1]:25795767 [2]:158 [3]:361
[0]:145055881 [1]:25828135 [2]:158 [3]:82
[0]:145260444 [1]:25858484 [2]:158 [3]:78
[0]:145489225 [1]:25892375 [2]:158 [3]:364
[0]:145694391 [1]:25922746 [2]:155 [3]:359
[0]:145906997 [1]:25954426 [2]:155 [3]:355
[0]:146139543 [1]:25988883 [2]:155 [3]:78
[0]:146340175 [1]:26018676 [2]:155 [3]:368
[0]:146541641 [1]:26048583 [2]:155 [3]:361
[0]:146750261 [1]:26079627 [2]:155 [3]:369
[0]:146982848 [1]:26114218 [2]:155 [3]:353
[0]:147199577 [1]:26146314 [2]:155 [3]:361
[0]:147406724 [1]:26177005 [2]:155 [3]:357
[0]:147613048 [1]:26207556 [2]:155 [3]:360
[0]:147841013 [1]:26241330 [2]:155 [3]:361
[0]:148034865 [1]:26270059 [2]:155 [3]:373
[0]:148240940 [1]:26300652 [2]:155 [3]:82
[0]:148440924 [1]:26330361 [2]:155 [3]:354
[0]:148649739 [1]:26361336 [2]:155 [3]:361
[0]:148875054 [1]:26394756 [2]:155 [3]:359
[0]:149093690 [1]:26427156 [2]:155 [3]:371
[0]:149296029 [1]:26457156 [2]:153 [3]:372
[0]:149506399 [1]:26488303 [2]:153 [3]:370
[0]:149706208 [1]:26517876 [2]:153 [3]:372
[0]:149907230 [1]:26547797 [2]:153 [3]:362
[0]:150114694 [1]:26578586 [2]:153 [3]:362
[0]:150324786 [1]:26609843 [2]:153 [3]:363
[0]:150529708 [1]:26640219 [2]:153 [3]:365
[0]:150731805 [1]:26670203 [2]:153 [3]:366
[0]:150961720 [1]:26704438 [2]:153 [3]:367
[0]:151168065 [1]:26734961 [2]:153 [3]:362
[0]:151374629 [1]:26765652 [2]:153 [3]:361
[0]:151581811 [1]:26796348 [2]:153 [3]:362
[0]:151784675 [1]:26826544 [2]:153 [3]:75
[0]:151991718 [1]:26857169 [2]:153 [3]:366
[0]:152209379 [1]:26889397 [2]:153 [3]:364
[0]:152413459 [1]:26919610 [2]:153 [3]:364
[0]:152622542 [1]:26950628 [2]:153 [3]:370
[0]:152830974 [1]:26981570 [2]:152 [3]:77
[0]:153036212 [1]:27011972 [2]:152 [3]:358
