[0]:114915062 [1]:18289820 [2]:141 [3]:362
[0]:115112555 [1]:18335548 [2]:141 [3]:53
[0]:115310973 [1]:18381391 [2]:141 [3]:358
[0]:115512252 [1]:18427832 [2]:141 [3]:361
[0]:115708353 [1]:18473144 [2]:141 [3]:358
[0]:115900514 [1]:18517574 [2]:141 [3]:363
[0]:116106521 [1]:18565160 [2]:141 [3]:358
[0]:116299759 [1]:18609769 [2]:141 [3]:357
[0]:116486467 [1]:18652852 [2]:141 [3]:358
[0]:116716576 [1]:18706050 [2]:141 [3]:360
[0]:116941950 [1]:18758184 [2]:141 [3]:364
[0]:117138857 [1]:18803745 [2]:141 [3]:60
[0]:117333546 [1]:18848680 [2]:141 [3]:56
[0]:117538865 [1]:18896145 [2]:141 [3]:362
[0]:117729009 [1]:18940054 [2]:141 [3]:364
[0]:117919462 [1]:18984052 [2]:141 [3]:370
[0]:118113586 [1]:19028901 [2]:142 [3]:371
[0]:118347241 [1]:19082838 [2]:142 [3]:57
[0]:118556527 [1]:19131214 [2]:142 [3]:65
[0]:118759376 [1]:19178061 [2]:142 [3]:364
[0]:118981194 [1]:19229321 [2]:142 [3]:358
[0]:119192428 [1]:19278071 [2]:142 [3]:62
[0]:119392671 [1]:19324320 [2]:142 [3]:360
[0]:119595486 [1]:19371186 [2]:142 [3]:363
[0]:119798626 [1]:19418139 [2]:142 [3]:359
[0]:119995949 [1]:19463729 [2]:142 [3]:363
[0]:120200202 [1]:19510805 [2]:142 [3]:357
[0]:120409567 [1]:19559233 [2]:142 [3]:368
[0]:120606893 [1]:19604827 [2]:142 [3]:55
[0]:120808516 [1]:19651447 [2]:143 [3]:363
[0]:121006300 [1]:19697070 [2]:143 [3]:356
[0]:121211687 [1]:19744571 [2]:143 [3]:365
[0]:121401302 [1]:19788453 [2]:143 [3]:364
[0]:121596027 [1]:19833470 [2]:143 [3]:355
[0]:121785649 [1]:19877264 [2]:143 [3]:59
[0]:121983834 [1]:19922997 [2]:143 [3]:362
[0]:122181998 [1]:19968854 [2]:143 [3]:359
[0]:122376232 [1]:20013719 [2]:143 [3]:357
[0]:122626059 [1]:20071429 [2]:143 [3]:364
[0]:122816523 [1]:20115456 [2]:143 [3]:356
[0]:123006690 [1]:20159363 [2]:143 [3]:364
[0]:123196536 [1]:20203196 [2]:143 [3]:356
[0]:123428628 [1]:20256890 [2]:143 [3]:361
[0]:123618815 [1]:20300804 [2]:144 [3]:372
[0]:123820535 [1]:20347326 [2]:144 [3]:363
[0]:124042982 [1]:20398744 [2]:144 [3]:363
[0]:124238575 [1]:20443902 [2]:144 [3]:62
[0]:124432715 [1]:20488750 [2]:144 [3]:363
[0]:124652812 [1]:20539675 [2]:144 [3]:358
[0]:124871365 [1]:20590178 [2]:144 [3]:356
[0]:125070979 [1]:20636343 [2]:144 [3]:361
[0]:125262003 [1]:20680417 [2]:144 [3]:365
[0]:125473225 [1]:20729174 [2]:144 [3]:366
[0]:125669355 [1]:20774389 [2]:144 [3]:364
[0]:125861862 [1]:20818896 [2]:144 [3]:364
[0]:126063751 [1]:20865576 [2]:144 [3]:363
[0]:126265197 [1]:20912105 [2]:144 [3]:352
[0]:126459326 [1]:20957006 [2]:145 [3]:367
[0]:126649071 [1]:21000770 [2]:145 [3]:364
[0]:126847649 [1]:21046623 [2]:145 [3]:366
[0]:127045237 [1]:21092279 [2]:145 [3]:361
[0]:127331951 [1]:21158502 [2]:145 [3]:359
[0]:127525729 [1]:21203239 [2]:145 [3]:356
[0]:127720981 [1]:21248330 [2]:145 [3]:368
[0]:127907495 [1]:21291424 [2]:145 [3]:358
[0]:128103938 [1]:21336797 [2]:145 [3]:358
[0]:128303278 [1]:21382919 [2]:145 [3]:362
[0]:128493637 [1]:21426839 [2]:145 [3]:356
[0]:128702124 [1]:21474995 [2]:145 [3]:362
[0]:128903118 [1]:21521446 [2]:145 [3]:356
[0]:129102067 [1]:21567435 [2]:145 [3]:366
[0]:129310662 [1]:21615680 [2]:146 [3]:360
[0]:129534983 [1]:21667456 [2]:146 [3]:364
[0]:129740172 [1]:21714893 [2]:146 [3]:364
[0]:129936100 [1]:21760294 [2]:146 [3]:54
[0]:130139511 [1]:21807295 [2]:146 [3]:365
[0]:130329750 [1]:21851135 [2]:146 [3]:364
[0]:130519994 [1]:21895042 [2]:146 [3]:361
[0]:130718192 [1]:21940835 [2]:146 [3]:368
[0]:130932754 [1]:21990391 [2]:146 [3]:356
[0]:131131425 [1]:22036303 [2]:146 [3]:355
[0]:131319046 [1]:22079588 [2]:146 [3]:364
[0]:131520666 [1]:22126216 [2]:146 [3]:361
[0]:131718147 [1]:22171874 [2]:146 [3]:359
[0]:131927175 [1]:22220196 [2]:146 [3]:364
[0]:132132621 [1]:22267650 [2]:147 [3]:360
[0]:132324513 [1]:22311940 [2]:147 [3]:361
[0]:132520860 [1]:22357322 [2]:147 [3]:361
[0]:132719228 [1]:22403210 [2]:147 [3]:359
[0]:132908948 [1]:22447048 [2]:147 [3]:364
[0]:133146500 [1]:22501920 [2]:147 [3]:363
[0]:133333092 [1]:22545045 [2]:147 [3]:359
[0]:133524648 [1]:22589304 [2]:147 [3]:363
[0]:133730111 [1]:22636784 [2]:147 [3]:362
[0]:133952709 [1]:22688275 [2]:147 [3]:361
[0]:134147696 [1]:22733221 [2]:147 [3]:359
[0]:134346000 [1]:22779055 [2]:147 [3]:359
[0]:134542135 [1]:22824430 [2]:147 [3]:364
[0]:134738012 [1]:22869751 [2]:147 [3]:358
[0]:134939200 [1]:22916315 [2]:148 [3]:365
[0]:135133390 [1]:22961078 [2]:148 [3]:362
[0]:135334985 [1]:23007648 [2]:148 [3]:365
[0]:135540215 [1]:23055062 [2]:148 [3]:362
[0]:135741757 [1]:23101590 [2]:148 [3]:371
[0]:135943529 [1]:23148106 [2]:148 [3]:360
[0]:136163627 [1]:23198952 [2]:148 [3]:366
[0]:136374576 [1]:23247696 [2]:148 [3]:362
[0]:136575841 [1]:23294186 [2]:148 [3]:360
[0]:136772090 [1]:23339511 [2]:148 [3]:366
[0]:136966230 [1]:23384300 [2]:148 [3]:359
[0]:137171340 [1]:23431774 [2]:148 [3]:67
[0]:137365544 [1]:23476592 [2]:148 [3]:360
[0]:137573238 [1]:23524577 [2]:148 [3]:62
[0]:137763213 [1]:23568435 [2]:149 [3]:333
[0]:137992819 [1]:23621585 [2]:149 [3]:365
[0]:138186433 [1]:23666290 [2]:149 [3]:366
[0]:138383209 [1]:23711758 [2]:149 [3]:356
[0]:138602579 [1]:23762428 [2]:149 [3]:362
[0]:138802453 [1]:23808547 [2]:149 [3]:355
[0]:139034001 [1]:23862075 [2]:149 [3]:364
[0]:139245062 [1]:23910792 [2]:149 [3]:366
[0]:139444333 [1]:23956789 [2]:149 [3]:357
[0]:139638566 [1]:24001552 [2]:149 [3]:52
[0]:139843922 [1]:24049022 [2]:149 [3]:363
[0]:140045455 [1]:24095590 [2]:149 [3]:367
[0]:140254415 [1]:24143889 [2]:149 [3]:362
[0]:140452211 [1]:24189597 [2]:150 [3]:368
[0]:140646220 [1]:24234364 [2]:150 [3]:352
[0]:140837302 [1]:24278543 [2]:150 [3]:362
[0]:141030856 [1]:24323332 [2]:150 [3]:363
[0]:141225307 [1]:24368253 [2]:150 [3]:359
[0]:141423973 [1]:24414164 [2]:150 [3]:370
[0]:141626101 [1]:24460790 [2]:150 [3]:364
[0]:141817790 [1]:24505115 [2]:150 [3]:359
[0]:142036767 [1]:24555748 [2]:150 [3]:364
[0]:142240455 [1]:24602779 [2]:150 [3]:365
[0]:142449746 [1]:24651051 [2]:150 [3]:366
[0]:142645336 [1]:24696283 [2]:150 [3]:363
