[0]:92543482 [1]:92543484 [2]:0 [3]:527
[0]:92689859 [1]:92689861 [2]:0 [3]:105
[0]:92825154 [1]:92825154 [2]:0 [3]:492
[0]:92970939 [1]:92970939 [2]:0 [3]:140
[0]:93117340 [1]:93117341 [2]:0 [3]:113
[0]:93260266 [1]:93260266 [2]:0 [3]:100
[0]:93408721 [1]:93408721 [2]:0 [3]:135
[0]:93544152 [1]:93544155 [2]:0 [3]:515
[0]:93700779 [1]:93700779 [2]:0 [3]:513
[0]:93839957 [1]:93839957 [2]:0 [3]:96
[0]:93981938 [1]:93981939 [2]:0 [3]:509
[0]:94125177 [1]:94125177 [2]:0 [3]:121
[0]:94263178 [1]:94263178 [2]:0 [3]:126
[0]:94406344 [1]:94406344 [2]:0 [3]:124
[0]:94560238 [1]:94560238 [2]:0 [3]:119
[0]:94703217 [1]:94703218 [2]:0 [3]:106
[0]:94842202 [1]:94842202 [2]:0 [3]:85
[0]:94983452 [1]:94983455 [2]:0 [3]:523
[0]:95130704 [1]:95130704 [2]:0 [3]:115
[0]:95408183 [1]:95408183 [2]:0 [3]:523
[0]:95557910 [1]:95557910 [2]:0 [3]:520
[0]:95696458 [1]:95696458 [2]:0 [3]:520
[0]:95841833 [1]:95841833 [2]:0 [3]:71
[0]:95979683 [1]:95979683 [2]:0 [3]:494
[0]:96117240 [1]:96117240 [2]:0 [3]:531
[0]:96258297 [1]:96258298 [2]:0 [3]:113
[0]:96401148 [1]:96401148 [2]:0 [3]:528
[0]:96545810 [1]:96545810 [2]:0 [3]:522
[0]:96693320 [1]:96693321 [2]:0 [3]:103
[0]:96833895 [1]:96833894 [2]:0 [3]:118
[0]:96974657 [1]:96974657 [2]:0 [3]:157
[0]:97117989 [1]:97117989 [2]:0 [3]:115
[0]:97259452 [1]:97259452 [2]:0 [3]:119
[0]:97464621 [1]:97464621 [2]:0 [3]:106
[0]:97598160 [1]:97598160 [2]:0 [3]:91
[0]:97737070 [1]:97737070 [2]:0 [3]:103
[0]:97874390 [1]:97874392 [2]:0 [3]:117
[0]:98017360 [1]:98017360 [2]:0 [3]:129
[0]:98211111 [1]:98211111 [2]:0 [3]:217
[0]:98375648 [1]:98375648 [2]:0 [3]:91
[0]:98526921 [1]:98526922 [2]:0 [3]:121
[0]:98706929 [1]:98706935 [2]:0 [3]:96
[0]:98847940 [1]:98847942 [2]:0 [3]:515
[0]:98999263 [1]:98999263 [2]:0 [3]:521
[0]:99155634 [1]:99155634 [2]:0 [3]:67
[0]:99293666 [1]:99293666 [2]:0 [3]:104
[0]:99442236 [1]:99442236 [2]:0 [3]:79
[0]:99588825 [1]:99588825 [2]:0 [3]:114
[0]:99739522 [1]:99739522 [2]:0 [3]:96
[0]:99887987 [1]:99887987 [2]:0 [3]:515
[0]:100031198 [1]:100031198 [2]:0 [3]:517
[0]:100206386 [1]:100206386 [2]:0 [3]:150
[0]:100368533 [1]:100368533 [2]:0 [3]:519
[0]:100510560 [1]:100510561 [2]:0 [3]:102
[0]:100649682 [1]:100649683 [2]:0 [3]:526
[0]:100847518 [1]:100847519 [2]:0 [3]:502
[0]:100996765 [1]:100996765 [2]:0 [3]:515
[0]:101140873 [1]:101140876 [2]:0 [3]:89
[0]:101275795 [1]:101275795 [2]:0 [3]:156
[0]:101413735 [1]:101413736 [2]:0 [3]:541
[0]:101554182 [1]:101554183 [2]:0 [3]:86
[0]:101697139 [1]:101697140 [2]:0 [3]:99
[0]:101840702 [1]:101840703 [2]:0 [3]:125
[0]:101980264 [1]:101980264 [2]:0 [3]:517
[0]:102132590 [1]:102132590 [2]:0 [3]:86
[0]:102270527 [1]:102270527 [2]:0 [3]:136
[0]:102412528 [1]:102412529 [2]:0 [3]:100
[0]:102551797 [1]:102551798 [2]:0 [3]:104
[0]:102694079 [1]:102694079 [2]:0 [3]:500
[0]:102830469 [1]:102830469 [2]:0 [3]:100
[0]:102971161 [1]:102971162 [2]:0 [3]:102
[0]:103114420 [1]:103114425 [2]:0 [3]:75
[0]:103259654 [1]:103259654 [2]:0 [3]:63
[0]:103403588 [1]:103403588 [2]:0 [3]:87
[0]:103597415 [1]:103597415 [2]:0 [3]:107
[0]:103748248 [1]:103748250 [2]:0 [3]:511
[0]:103895277 [1]:103895278 [2]:0 [3]:98
[0]:104043056 [1]:104043056 [2]:0 [3]:520
[0]:104189019 [1]:104189020 [2]:0 [3]:92
[0]:104332019 [1]:104332019 [2]:0 [3]:109
[0]:104467609 [1]:104467608 [2]:0 [3]:95
[0]:104610875 [1]:104610875 [2]:0 [3]:86
[0]:104752534 [1]:104752534 [2]:0 [3]:140
[0]:104902614 [1]:104902614 [2]:0 [3]:78
[0]:105039649 [1]:105039649 [2]:0 [3]:130
[0]:105175696 [1]:105175699 [2]:0 [3]:85
[0]:105318119 [1]:105318119 [2]:0 [3]:516
[0]:105459828 [1]:105459832 [2]:0 [3]:86
[0]:105635050 [1]:105635050 [2]:0 [3]:93
[0]:105775647 [1]:105775647 [2]:0 [3]:504
[0]:105916261 [1]:105916261 [2]:0 [3]:110
[0]:106059367 [1]:106059367 [2]:0 [3]:85
[0]:106194904 [1]:106194904 [2]:0 [3]:123
[0]:106340601 [1]:106340602 [2]:0 [3]:102
[0]:106480894 [1]:106480894 [2]:0 [3]:91
[0]:106619214 [1]:106619214 [2]:0 [3]:542
[0]:106761200 [1]:106761200 [2]:0 [3]:508
[0]:106895381 [1]:106895381 [2]:0 [3]:85
[0]:107083180 [1]:107083181 [2]:0 [3]:80
[0]:107236186 [1]:107236186 [2]:0 [3]:100
[0]:107377899 [1]:107377899 [2]:0 [3]:94
[0]:107534614 [1]:107534614 [2]:0 [3]:102
[0]:107700294 [1]:107700294 [2]:0 [3]:101
[0]:107849603 [1]:107849603 [2]:0 [3]:507
[0]:107998631 [1]:107998631 [2]:0 [3]:515
[0]:108142146 [1]:108142147 [2]:0 [3]:107
[0]:108289234 [1]:108289234 [2]:0 [3]:286
[0]:108435185 [1]:108435185 [2]:0 [3]:513
[0]:108574745 [1]:108574745 [2]:0 [3]:508
[0]:108711655 [1]:108711655 [2]:0 [3]:535
[0]:108892497 [1]:108892497 [2]:0 [3]:511
[0]:109052387 [1]:109052387 [2]:0 [3]:99
[0]:109193048 [1]:109193048 [2]:0 [3]:79
[0]:109398891 [1]:109398891 [2]:0 [3]:85
[0]:109539702 [1]:109539703 [2]:0 [3]:105
[0]:109683854 [1]:109683854 [2]:0 [3]:86
[0]:109893531 [1]:109893531 [2]:0 [3]:524
[0]:110041921 [1]:110041924 [2]:0 [3]:520
[0]:110185226 [1]:110185226 [2]:0 [3]:507
[0]:110336443 [1]:110336442 [2]:0 [3]:103
[0]:110484913 [1]:110484914 [2]:0 [3]:507
[0]:110646486 [1]:110646487 [2]:0 [3]:95
[0]:110786128 [1]:110786128 [2]:0 [3]:521
[0]:110941161 [1]:110941161 [2]:0 [3]:509
[0]:111092699 [1]:111092699 [2]:0 [3]:135
[0]:111238600 [1]:111238600 [2]:0 [3]:498
[0]:111383243 [1]:111383243 [2]:0 [3]:506
[0]:111531397 [1]:111531397 [2]:0 [3]:206
[0]:111729452 [1]:111729451 [2]:0 [3]:502
[0]:111867339 [1]:111867339 [2]:0 [3]:510
[0]:112018617 [1]:112018617 [2]:0 [3]:111
[0]:112164666 [1]:112164666 [2]:0 [3]:507
[0]:112305246 [1]:112305246 [2]:0 [3]:97
[0]:112453848 [1]:112453848 [2]:0 [3]:511
[0]:112596192 [1]:112596192 [2]:0 [3]:98
[0]:112742126 [1]:112742127 [2]:0 [3]:523
[0]:112883563 [1]:112883563 [2]:0 [3]:126
[0]:113024293 [1]:113024293 [2]:0 [3]:507
[0]:113164851 [1]:113164852 [2]:0 [3]:511
[0]:113324421 [1]:113324421 [2]:0 [3]:87
[0]:113468257 [1]:113468257 [2]:0 [3]:148
[0]:113608079 [1]:113608080 [2]:0 [3]:521
[0]:113753793 [1]:113753794 [2]:0 [3]:120
[0]:113886436 [1]:113886438 [2]:0 [3]:118
[0]:114043058 [1]:114043058 [2]:0 [3]:149
[0]:114188973 [1]:114188972 [2]:0 [3]:116
[0]:114327003 [1]:114327003 [2]:0 [3]:528
[0]:114464880 [1]:114464880 [2]:0 [3]:100
[0]:114637549 [1]:114637550 [2]:0 [3]:154
[0]:114796467 [1]:114796466 [2]:0 [3]:200
[0]:114934462 [1]:114934463 [2]:0 [3]:119
[0]:115080443 [1]:115080443 [2]:0 [3]:101
[0]:115242374 [1]:115242374 [2]:0 [3]:124
[0]:115382908 [1]:115382912 [2]:0 [3]:497
[0]:115533609 [1]:115533609 [2]:0 [3]:78
[0]:115680261 [1]:115680263 [2]:0 [3]:105
[0]:115819235 [1]:115819235 [2]:0 [3]:507
[0]:115977694 [1]:115977695 [2]:0 [3]:513
[0]:116123069 [1]:116123069 [2]:0 [3]:526
[0]:116271360 [1]:116271360 [2]:0 [3]:498
[0]:116436046 [1]:116436047 [2]:0 [3]:250
[0]:116576414 [1]:116576414 [2]:0 [3]:94
[0]:116720570 [1]:116720570 [2]:0 [3]:503
[0]:116873729 [1]:116873729 [2]:0 [3]:146
[0]:117008888 [1]:117008888 [2]:0 [3]:512
[0]:117152475 [1]:117152477 [2]:0 [3]:87
[0]:117301018 [1]:117301018 [2]:0 [3]:112
[0]:117500267 [1]:117500267 [2]:0 [3]:139
[0]:117640607 [1]:117640607 [2]:0 [3]:106
[0]:117781178 [1]:117781178 [2]:0 [3]:96
[0]:117921597 [1]:117921597 [2]:0 [3]:142
[0]:118062328 [1]:118062328 [2]:0 [3]:519
[0]:118202651 [1]:118202651 [2]:0 [3]:523
[0]:118340966 [1]:118340967 [2]:0 [3]:103
[0]:118492372 [1]:118492373 [2]:0 [3]:504
[0]:118642574 [1]:118642574 [2]:0 [3]:500
[0]:118810522 [1]:118810522 [2]:0 [3]:511
[0]:118953821 [1]:118953821 [2]:0 [3]:508
[0]:119089244 [1]:119089244 [2]:0 [3]:508
[0]:119280910 [1]:119280911 [2]:0 [3]:136
[0]:119423501 [1]:119423503 [2]:0 [3]:103
[0]:119564078 [1]:119564078 [2]:0 [3]:520
[0]:119702014 [1]:119702014 [2]:0 [3]:512
[0]:119847495 [1]:119847496 [2]:0 [3]:100
[0]:119988662 [1]:119988662 [2]:0 [3]:501
[0]:120126655 [1]:120126657 [2]:0 [3]:75
[0]:120267320 [1]:120267320 [2]:0 [3]:99
[0]:120410543 [1]:120410543 [2]:0 [3]:516
[0]:120546973 [1]:120546973 [2]:0 [3]:514
[0]:120683733 [1]:120683733 [2]:0 [3]:499
[0]:120824432 [1]:120824432 [2]:0 [3]:507
[0]:121021592 [1]:121021593 [2]:0 [3]:101
[0]:121166318 [1]:121166318 [2]:0 [3]:514
[0]:121304713 [1]:121304713 [2]:0 [3]:525
[0]:121447889 [1]:121447888 [2]:0 [3]:94
[0]:121591078 [1]:121591078 [2]:0 [3]:125
[0]:121731841 [1]:121731843 [2]:0 [3]:513
[0]:121875155 [1]:121875157 [2]:0 [3]:528
[0]:122029415 [1]:122029415 [2]:0 [3]:80
[0]:122169719 [1]:122169720 [2]:0 [3]:174
[0]:122307561 [1]:122307564 [2]:0 [3]:533
[0]:122443805 [1]:122443805 [2]:0 [3]:101
[0]:122579163 [1]:122579163 [2]:0 [3]:79
[0]:122729006 [1]:122729008 [2]:0 [3]:96
[0]:122870067 [1]:122870069 [2]:0 [3]:105
[0]:123008012 [1]:123008012 [2]:0 [3]:126
[0]:123146053 [1]:123146052 [2]:0 [3]:98
[0]:123289349 [1]:123289348 [2]:0 [3]:131
[0]:123431457 [1]:123431457 [2]:0 [3]:71
[0]:123569837 [1]:123569837 [2]:0 [3]:530
[0]:123712682 [1]:123712682 [2]:0 [3]:82
[0]:123854539 [1]:123854540 [2]:0 [3]:527
[0]:123994907 [1]:123994908 [2]:0 [3]:506
[0]:124142819 [1]:124142820 [2]:0 [3]:79
[0]:124284343 [1]:124284343 [2]:0 [3]:498
[0]:124424821 [1]:124424821 [2]:0 [3]:121
[0]:124622295 [1]:124622295 [2]:0 [3]:527
[0]:124764633 [1]:124764634 [2]:0 [3]:513
[0]:124929062 [1]:124929064 [2]:0 [3]:134
[0]:125077424 [1]:125077424 [2]:0 [3]:86
[0]:125215668 [1]:125215668 [2]:0 [3]:506
[0]:125356219 [1]:125356219 [2]:0 [3]:515
[0]:125499557 [1]:125499570 [2]:0 [3]:124
[0]:125642815 [1]:125642815 [2]:0 [3]:89
[0]:125820067 [1]:125820068 [2]:0 [3]:162
[0]:125963998 [1]:125963998 [2]:0 [3]:507
[0]:126107144 [1]:126107144 [2]:0 [3]:507
[0]:126250470 [1]:126250470 [2]:0 [3]:128
[0]:126383084 [1]:126383085 [2]:0 [3]:523
[0]:126539199 [1]:126539199 [2]:0 [3]:164
[0]:126682847 [1]:126682846 [2]:0 [3]:97
[0]:126825688 [1]:126825688 [2]:0 [3]:507
[0]:126966657 [1]:126966657 [2]:0 [3]:127
[0]:127109934 [1]:127109936 [2]:0 [3]:73
[0]:127253484 [1]:127253484 [2]:0 [3]:528
[0]:127393731 [1]:127393732 [2]:0 [3]:495
[0]:127530795 [1]:127530796 [2]:0 [3]:98
[0]:127671715 [1]:127671716 [2]:0 [3]:511
[0]:127813030 [1]:127813030 [2]:0 [3]:506
[0]:127948392 [1]:127948393 [2]:0 [3]:147
[0]:128086453 [1]:128086453 [2]:0 [3]:504
[0]:128229622 [1]:128229622 [2]:0 [3]:498
[0]:128372178 [1]:128372177 [2]:0 [3]:107
[0]:128505520 [1]:128505520 [2]:0 [3]:140
[0]:128646188 [1]:128646188 [2]:0 [3]:136
[0]:128850027 [1]:128850027 [2]:0 [3]:99
[0]:129020392 [1]:129020392 [2]:0 [3]:522
[0]:129182098 [1]:129182098 [2]:0 [3]:95
[0]:129322868 [1]:129322869 [2]:0 [3]:108
[0]:129463392 [1]:129463392 [2]:0 [3]:522
[0]:129640107 [1]:129640108 [2]:0 [3]:498
[0]:129784444 [1]:129784444 [2]:0 [3]:500
[0]:129943975 [1]:129943975 [2]:0 [3]:507
[0]:130089578 [1]:130089579 [2]:0 [3]:509
[0]:130233728 [1]:130233729 [2]:0 [3]:140
[0]:130402990 [1]:130402990 [2]:0 [3]:124
[0]:130545901 [1]:130545902 [2]:0 [3]:108
[0]:130702597 [1]:130702599 [2]:0 [3]:130
[0]:130851144 [1]:130851144 [2]:0 [3]:522
[0]:130996996 [1]:130996996 [2]:0 [3]:91
[0]:131143036 [1]:131143036 [2]:0 [3]:136
[0]:131284776 [1]:131284778 [2]:0 [3]:143
[0]:131432026 [1]:131432029 [2]:0 [3]:93
[0]:131631181 [1]:131631182 [2]:0 [3]:514
[0]:131774260 [1]:131774260 [2]:0 [3]:512
[0]:131920266 [1]:131920266 [2]:0 [3]:96
[0]:132068794 [1]:132068796 [2]:0 [3]:532
[0]:132214706 [1]:132214706 [2]:0 [3]:492
[0]:132360501 [1]:132360501 [2]:0 [3]:543
[0]:132509304 [1]:132509306 [2]:0 [3]:504
[0]:132649438 [1]:132649439 [2]:0 [3]:510
[0]:132793382 [1]:132793382 [2]:0 [3]:142
[0]:132981726 [1]:132981726 [2]:0 [3]:226
[0]:133130159 [1]:133130160 [2]:0 [3]:144
[0]:133270714 [1]:133270713 [2]:0 [3]:518
[0]:133411607 [1]:133411607 [2]:0 [3]:113
[0]:133561888 [1]:133561889 [2]:0 [3]:521
[0]:133708630 [1]:133708632 [2]:0 [3]:121
[0]:133852351 [1]:133852351 [2]:0 [3]:515
[0]:134005810 [1]:134005810 [2]:0 [3]:114
[0]:134141302 [1]:134141302 [2]:0 [3]:99
[0]:134284377 [1]:134284377 [2]:0 [3]:268
[0]:134425040 [1]:134425040 [2]:0 [3]:152
[0]:134577953 [1]:134577953 [2]:0 [3]:75
[0]:134724992 [1]:134724992 [2]:0 [3]:94
[0]:134870852 [1]:134870852 [2]:0 [3]:130
[0]:135011565 [1]:135011565 [2]:0 [3]:515
[0]:135157402 [1]:135157404 [2]:0 [3]:110
[0]:135300744 [1]:135300744 [2]:0 [3]:96
[0]:135451124 [1]:135451124 [2]:0 [3]:107
[0]:135595270 [1]:135595270 [2]:0 [3]:521
[0]:135741276 [1]:135741277 [2]:0 [3]:508
[0]:135879940 [1]:135879940 [2]:0 [3]:80
[0]:136071171 [1]:136071171 [2]:0 [3]:504
[0]:136207518 [1]:136207518 [2]:0 [3]:518
[0]:136356921 [1]:136356921 [2]:0 [3]:504
[0]:136500156 [1]:136500156 [2]:0 [3]:510
[0]:136632369 [1]:136632371 [2]:0 [3]:506
[0]:136773325 [1]:136773325 [2]:0 [3]:88
[0]:136913972 [1]:136913972 [2]:0 [3]:108
[0]:137051964 [1]:137051964 [2]:0 [3]:519
[0]:137188771 [1]:137188771 [2]:0 [3]:507
[0]:137322506 [1]:137322506 [2]:0 [3]:129
[0]:137463229 [1]:137463229 [2]:0 [3]:117
[0]:137608733 [1]:137608734 [2]:0 [3]:75
[0]:137752346 [1]:137752347 [2]:0 [3]:87
[0]:137924835 [1]:137924837 [2]:0 [3]:91
[0]:138068068 [1]:138068068 [2]:0 [3]:83
[0]:138209295 [1]:138209295 [2]:0 [3]:516
[0]:138354713 [1]:138354713 [2]:0 [3]:509
[0]:138492860 [1]:138492860 [2]:0 [3]:117
[0]:138643886 [1]:138643888 [2]:0 [3]:515
[0]:138796229 [1]:138796228 [2]:0 [3]:500
[0]:138935693 [1]:138935693 [2]:0 [3]:119
[0]:139075088 [1]:139075088 [2]:0 [3]:97
[0]:139210245 [1]:139210245 [2]:0 [3]:499
[0]:139210245 [1]:139210245 [2]:0 [3]:499
[0]:139210245 [1]:139210245 [2]:0 [3]:499
[0]:139210245 [1]:139210245 [2]:0 [3]:499
[0]:139210245 [1]:139210245 [2]:0 [3]:499
[0]:139210245 [1]:139210245 [2]:0 [3]:499
[0]:139210245 [1]:139210245 [2]:0 [3]:499
[0]:139210245 [1]:139210245 [2]:0 [3]:499
[0]:139210245 [1]:139210245 [2]:0 [3]:499
[0]:139210245 [1]:139210245 [2]:0 [3]:499
[0]:139210245 [1]:139210245 [2]:0 [3]:499
[0]:139210245 [1]:139210245 [2]:0 [3]:499
