[0]:967384876 [1]:606693131 [2]:7 [3]:10
[0]:968426362 [1]:607230973 [2]:7 [3]:50
[0]:969459961 [1]:607763604 [2]:7 [3]:15
[0]:970431469 [1]:608262368 [2]:7 [3]:17
[0]:971446012 [1]:608783758 [2]:7 [3]:15
[0]:972444692 [1]:609295984 [2]:7 [3]:10
[0]:973481594 [1]:609826486 [2]:7 [3]:50
[0]:974524140 [1]:610363882 [2]:7 [3]:10
[0]:975574830 [1]:610903691 [2]:7 [3]:51
[0]:977040398 [1]:611661759 [2]:7 [3]:13
[0]:978267337 [1]:612294659 [2]:7 [3]:10
[0]:979586077 [1]:612973000 [2]:7 [3]:13
[0]:980617014 [1]:613502373 [2]:7 [3]:16
[0]:981698842 [1]:614057816 [2]:7 [3]:54
[0]:982755020 [1]:614601114 [2]:7 [3]:14
[0]:983787207 [1]:615130472 [2]:7 [3]:10
[0]:984919818 [1]:615714227 [2]:7 [3]:53
[0]:986110955 [1]:616325809 [2]:7 [3]:12
[0]:987195094 [1]:616893076 [2]:7 [3]:11
[0]:988213123 [1]:617414881 [2]:7 [3]:12
[0]:989523396 [1]:618087578 [2]:7 [3]:10
[0]:990574868 [1]:618630320 [2]:7 [3]:16
[0]:991581746 [1]:619147477 [2]:7 [3]:61
[0]:992580142 [1]:619657833 [2]:7 [3]:10
[0]:993669926 [1]:620216643 [2]:7 [3]:15
[0]:994976349 [1]:620888948 [2]:7 [3]:12
[0]:996160325 [1]:621499628 [2]:7 [3]:15
[0]:997434891 [1]:622154097 [2]:7 [3]:60
[0]:998722930 [1]:622811573 [2]:7 [3]:12
[0]:999980053 [1]:623453925 [2]:7 [3]:49
[0]:1001105721 [1]:624026553 [2]:7 [3]:53
[0]:1002216418 [1]:624596336 [2]:7 [3]:56
[0]:1003334219 [1]:625171713 [2]:7 [3]:15
[0]:1004516540 [1]:625778874 [2]:7 [3]:14
[0]:1005759610 [1]:626416438 [2]:7 [3]:49
[0]:1006902715 [1]:627004224 [2]:7 [3]:13
[0]:1008288568 [1]:627718390 [2]:7 [3]:54
[0]:1009397593 [1]:628291408 [2]:7 [3]:15
[0]:1010536058 [1]:628876540 [2]:7 [3]:57
[0]:1011982838 [1]:629617268 [2]:7 [3]:12
[0]:1013102270 [1]:630190498 [2]:7 [3]:8
[0]:1014307408 [1]:630809465 [2]:7 [3]:13
[0]:1015667164 [1]:631512508 [2]:7 [3]:57
[0]:1017076346 [1]:632237987 [2]:7 [3]:59
[0]:1018241687 [1]:632836402 [2]:7 [3]:55
[0]:1019380465 [1]:633424183 [2]:7 [3]:50
[0]:1020384146 [1]:633938630 [2]:7 [3]:9
[0]:1021666177 [1]:634598050 [2]:7 [3]:16
[0]:1022691222 [1]:635127214 [2]:7 [3]:11
[0]:1023745906 [1]:635671005 [2]:7 [3]:53
[0]:1024821458 [1]:636223958 [2]:7 [3]:53
[0]:1025871010 [1]:636765840 [2]:7 [3]:51
[0]:1026862308 [1]:637272812 [2]:7 [3]:14
[0]:1028019602 [1]:637865276 [2]:7 [3]:48
[0]:1029070490 [1]:638406992 [2]:7 [3]:51
[0]:1030175114 [1]:638972660 [2]:7 [3]:13
[0]:1031172156 [1]:639487308 [2]:7 [3]:52
[0]:1032171878 [1]:640005412 [2]:7 [3]:54
[0]:1033343980 [1]:640606119 [2]:7 [3]:17
[0]:1034537424 [1]:641221964 [2]:7 [3]:60
[0]:1035771643 [1]:641863863 [2]:7 [3]:55
[0]:1036927356 [1]:642457570 [2]:7 [3]:49
[0]:1037960045 [1]:642988654 [2]:7 [3]:12
[0]:1038962233 [1]:643504183 [2]:7 [3]:55
[0]:1039976120 [1]:644026063 [2]:7 [3]:51
[0]:1040999145 [1]:644554446 [2]:7 [3]:16
[0]:1041992287 [1]:645068855 [2]:7 [3]:10
[0]:1043030808 [1]:645601710 [2]:7 [3]:48
[0]:1044048145 [1]:646134032 [2]:7 [3]:12
[0]:1045050139 [1]:646649900 [2]:7 [3]:48
[0]:1046076076 [1]:647174725 [2]:7 [3]:11
[0]:1047074471 [1]:647688106 [2]:7 [3]:11
[0]:1048100178 [1]:648222854 [2]:7 [3]:17
[0]:1049437066 [1]:648910577 [2]:7 [3]:51
[0]:1050644630 [1]:649533604 [2]:7 [3]:48
[0]:1052052464 [1]:650253338 [2]:7 [3]:50
[0]:1053237775 [1]:650861730 [2]:7 [3]:20
[0]:1054374195 [1]:651450298 [2]:7 [3]:20
