[0]:95183731 [1]:95183731 [2]:0 [3]:515
[0]:95327966 [1]:95327966 [2]:0 [3]:537
[0]:95474005 [1]:95474005 [2]:0 [3]:199
[0]:95649685 [1]:95649685 [2]:0 [3]:247
[0]:95810972 [1]:95810973 [2]:0 [3]:119
[0]:95946350 [1]:95946350 [2]:0 [3]:111
[0]:96092383 [1]:96092383 [2]:0 [3]:543
[0]:96233147 [1]:96233147 [2]:0 [3]:549
[0]:96403644 [1]:96403645 [2]:0 [3]:540
[0]:96540828 [1]:96540828 [2]:0 [3]:549
[0]:96681479 [1]:96681480 [2]:0 [3]:539
[0]:96824828 [1]:96824828 [2]:0 [3]:529
[0]:96970345 [1]:96970345 [2]:0 [3]:158
[0]:97123902 [1]:97123901 [2]:0 [3]:344
[0]:97262733 [1]:97262735 [2]:0 [3]:153
[0]:97408742 [1]:97408742 [2]:0 [3]:550
[0]:97613494 [1]:97613494 [2]:0 [3]:564
[0]:97762575 [1]:97762577 [2]:0 [3]:544
[0]:97920830 [1]:97920831 [2]:0 [3]:184
[0]:98059587 [1]:98059587 [2]:0 [3]:172
[0]:98199391 [1]:98199392 [2]:0 [3]:556
[0]:98352337 [1]:98352338 [2]:0 [3]:232
[0]:98506816 [1]:98506816 [2]:0 [3]:150
[0]:98654666 [1]:98654667 [2]:0 [3]:529
[0]:98796707 [1]:98796708 [2]:0 [3]:130
[0]:98936987 [1]:98936987 [2]:0 [3]:538
[0]:99077889 [1]:99077889 [2]:0 [3]:152
[0]:99242419 [1]:99242419 [2]:0 [3]:152
[0]:99389036 [1]:99389036 [2]:0 [3]:251
[0]:99529174 [1]:99529174 [2]:0 [3]:125
[0]:99669516 [1]:99669518 [2]:0 [3]:558
[0]:99807639 [1]:99807639 [2]:0 [3]:544
[0]:99948798 [1]:99948798 [2]:0 [3]:142
[0]:100091775 [1]:100091776 [2]:0 [3]:141
[0]:100249015 [1]:100249015 [2]:0 [3]:540
[0]:100391652 [1]:100391652 [2]:0 [3]:114
[0]:100536671 [1]:100536671 [2]:0 [3]:548
[0]:100678872 [1]:100678872 [2]:0 [3]:554
[0]:100824068 [1]:100824068 [2]:0 [3]:114
[0]:100962036 [1]:100962036 [2]:0 [3]:564
[0]:101134253 [1]:101134253 [2]:0 [3]:135
[0]:101275039 [1]:101275040 [2]:0 [3]:129
[0]:101413065 [1]:101413065 [2]:0 [3]:135
[0]:101545762 [1]:101545762 [2]:0 [3]:200
[0]:101686525 [1]:101686525 [2]:0 [3]:529
[0]:101825535 [1]:101825535 [2]:0 [3]:177
[0]:101972985 [1]:101972985 [2]:0 [3]:156
[0]:102158610 [1]:102158610 [2]:0 [3]:142
[0]:102309505 [1]:102309507 [2]:0 [3]:134
[0]:102450636 [1]:102450638 [2]:0 [3]:155
[0]:102591401 [1]:102591403 [2]:0 [3]:303
[0]:102727214 [1]:102727214 [2]:0 [3]:123
[0]:102875662 [1]:102875662 [2]:0 [3]:545
[0]:103015995 [1]:103015995 [2]:0 [3]:288
[0]:103173809 [1]:103173809 [2]:0 [3]:550
[0]:103313243 [1]:103313243 [2]:0 [3]:558
[0]:103453915 [1]:103453916 [2]:0 [3]:147
[0]:103597244 [1]:103597244 [2]:0 [3]:113
[0]:103735051 [1]:103735052 [2]:0 [3]:562
[0]:103880982 [1]:103880983 [2]:0 [3]:544
[0]:104016281 [1]:104016283 [2]:0 [3]:555
[0]:104156737 [1]:104156737 [2]:0 [3]:549
[0]:104342322 [1]:104342322 [2]:0 [3]:558
[0]:104477916 [1]:104477916 [2]:0 [3]:139
[0]:104626878 [1]:104626878 [2]:0 [3]:152
[0]:104764889 [1]:104764889 [2]:0 [3]:251
[0]:104929404 [1]:104929404 [2]:0 [3]:157
[0]:105070136 [1]:105070137 [2]:0 [3]:242
[0]:105255777 [1]:105255777 [2]:0 [3]:546
[0]:105428228 [1]:105428228 [2]:0 [3]:542
[0]:105566217 [1]:105566219 [2]:0 [3]:165
[0]:105706971 [1]:105706973 [2]:0 [3]:571
