[0]:64923824 [1]:9583022 [2]:104 [3]:60
[0]:65144089 [1]:9607083 [2]:104 [3]:97
[0]:65364170 [1]:9629442 [2]:104 [3]:376
[0]:65587339 [1]:9652186 [2]:104 [3]:367
[0]:65799808 [1]:9673933 [2]:104 [3]:360
[0]:66030102 [1]:9697509 [2]:104 [3]:352
[0]:66242805 [1]:9719176 [2]:104 [3]:372
[0]:66459357 [1]:9741192 [2]:104 [3]:83
[0]:66664296 [1]:9761995 [2]:104 [3]:366
[0]:66871545 [1]:9783100 [2]:104 [3]:350
[0]:67070976 [1]:9803411 [2]:102 [3]:368
[0]:67274836 [1]:9824226 [2]:102 [3]:371
[0]:67483594 [1]:9845410 [2]:102 [3]:360
[0]:67688920 [1]:9866200 [2]:102 [3]:363
[0]:67897457 [1]:9887344 [2]:102 [3]:81
[0]:68106055 [1]:9908606 [2]:102 [3]:356
[0]:68315003 [1]:9929998 [2]:102 [3]:372
[0]:68526196 [1]:9951760 [2]:102 [3]:82
[0]:68741031 [1]:9973478 [2]:102 [3]:376
[0]:68956890 [1]:9995360 [2]:102 [3]:81
[0]:69181247 [1]:10018263 [2]:102 [3]:73
[0]:69382662 [1]:10039120 [2]:100 [3]:92
[0]:69606521 [1]:10061840 [2]:100 [3]:73
[0]:69811169 [1]:10082744 [2]:100 [3]:88
[0]:70039443 [1]:10105871 [2]:100 [3]:79
[0]:70248546 [1]:10126970 [2]:100 [3]:364
[0]:70465184 [1]:10149233 [2]:100 [3]:357
[0]:70674073 [1]:10170366 [2]:100 [3]:367
[0]:70895119 [1]:10192820 [2]:100 [3]:359
[0]:71099320 [1]:10213662 [2]:100 [3]:80
[0]:71319724 [1]:10236450 [2]:100 [3]:372
[0]:71524394 [1]:10257249 [2]:99 [3]:370
[0]:71733230 [1]:10278652 [2]:99 [3]:78
[0]:71947366 [1]:10300361 [2]:99 [3]:365
[0]:72161939 [1]:10322183 [2]:99 [3]:375
[0]:72394844 [1]:10346032 [2]:99 [3]:385
[0]:72615281 [1]:10368518 [2]:99 [3]:370
[0]:72843734 [1]:10391927 [2]:99 [3]:100
[0]:73052279 [1]:10413371 [2]:99 [3]:115
[0]:73264978 [1]:10435159 [2]:99 [3]:93
[0]:73465547 [1]:10455677 [2]:99 [3]:72
[0]:73680933 [1]:10477667 [2]:99 [3]:374
[0]:73883948 [1]:10498526 [2]:99 [3]:365
[0]:74091732 [1]:10519686 [2]:99 [3]:366
[0]:74324083 [1]:10543334 [2]:99 [3]:90
[0]:74556813 [1]:10567104 [2]:99 [3]:93
[0]:74777195 [1]:10589349 [2]:99 [3]:368
[0]:74990631 [1]:10611040 [2]:99 [3]:368
[0]:75194831 [1]:10631690 [2]:99 [3]:100
[0]:75400670 [1]:10652627 [2]:99 [3]:362
[0]:75612489 [1]:10674137 [2]:99 [3]:361
[0]:75829048 [1]:10696314 [2]:99 [3]:369
[0]:76037927 [1]:10717432 [2]:99 [3]:363
[0]:76250542 [1]:10739170 [2]:98 [3]:355
[0]:76459330 [1]:10760382 [2]:98 [3]:369
[0]:76683604 [1]:10783057 [2]:98 [3]:82
[0]:76892683 [1]:10804441 [2]:98 [3]:83
[0]:77101575 [1]:10825642 [2]:98 [3]:355
[0]:77334160 [1]:10849149 [2]:98 [3]:369
[0]:77546998 [1]:10870881 [2]:98 [3]:374
[0]:77802719 [1]:10897043 [2]:98 [3]:368
[0]:78007500 [1]:10917916 [2]:98 [3]:371
[0]:78221123 [1]:10939730 [2]:98 [3]:83
[0]:78427952 [1]:10960948 [2]:98 [3]:363
[0]:78629714 [1]:10981436 [2]:98 [3]:94
[0]:78846189 [1]:11003445 [2]:98 [3]:92
[0]:79058602 [1]:11025182 [2]:98 [3]:368
[0]:79263293 [1]:11046168 [2]:98 [3]:363
[0]:79487781 [1]:11069177 [2]:98 [3]:365
[0]:79696782 [1]:11090264 [2]:98 [3]:370
[0]:79912086 [1]:11112710 [2]:98 [3]:365
[0]:80133661 [1]:11135187 [2]:98 [3]:100
[0]:80350246 [1]:11157303 [2]:98 [3]:80
[0]:80552611 [1]:11177917 [2]:98 [3]:82
[0]:80757618 [1]:11198668 [2]:98 [3]:365
[0]:80953065 [1]:11218469 [2]:98 [3]:370
[0]:81161805 [1]:11239776 [2]:98 [3]:371
[0]:81389112 [1]:11262978 [2]:98 [3]:361
[0]:81592547 [1]:11283665 [2]:98 [3]:355
[0]:81795944 [1]:11304380 [2]:98 [3]:74
[0]:82003692 [1]:11325453 [2]:98 [3]:359
[0]:82202576 [1]:11345876 [2]:98 [3]:370
[0]:82451088 [1]:11371205 [2]:98 [3]:369
[0]:82658174 [1]:11392558 [2]:98 [3]:102
[0]:82867280 [1]:11414098 [2]:98 [3]:361
[0]:83135258 [1]:11441272 [2]:98 [3]:364
[0]:83335397 [1]:11461733 [2]:98 [3]:367
[0]:83612299 [1]:11489940 [2]:98 [3]:375
[0]:83807736 [1]:11509984 [2]:98 [3]:85
[0]:84016372 [1]:11531518 [2]:98 [3]:82
[0]:84227229 [1]:11553135 [2]:98 [3]:355
[0]:84432602 [1]:11574019 [2]:98 [3]:365
[0]:84642583 [1]:11595528 [2]:98 [3]:82
[0]:84854189 [1]:11617002 [2]:98 [3]:367
[0]:85056257 [1]:11637428 [2]:98 [3]:358
[0]:85269047 [1]:11659078 [2]:98 [3]:364
[0]:85473884 [1]:11679921 [2]:98 [3]:365
[0]:85741558 [1]:11707387 [2]:98 [3]:83
[0]:85958656 [1]:11729425 [2]:98 [3]:363
[0]:86190479 [1]:11753069 [2]:98 [3]:90
[0]:86426743 [1]:11777277 [2]:98 [3]:101
[0]:86638815 [1]:11799422 [2]:98 [3]:81
[0]:86843415 [1]:11820748 [2]:98 [3]:367
[0]:87052012 [1]:11842142 [2]:98 [3]:380
[0]:87256319 [1]:11863405 [2]:98 [3]:372
[0]:87465095 [1]:11884650 [2]:98 [3]:88
[0]:87673767 [1]:11906031 [2]:98 [3]:373
[0]:87886509 [1]:11927652 [2]:98 [3]:366
[0]:88102897 [1]:11949934 [2]:98 [3]:83
[0]:88315721 [1]:11971539 [2]:98 [3]:374
[0]:88540227 [1]:11994369 [2]:98 [3]:374
[0]:88749005 [1]:12015581 [2]:98 [3]:355
[0]:88955844 [1]:12036674 [2]:98 [3]:78
[0]:89178280 [1]:12059309 [2]:98 [3]:82
[0]:89383173 [1]:12080160 [2]:98 [3]:364
[0]:89587376 [1]:12101067 [2]:98 [3]:362
[0]:89800825 [1]:12122560 [2]:98 [3]:366
[0]:90013435 [1]:12144228 [2]:98 [3]:364
[0]:90269474 [1]:12170370 [2]:98 [3]:368
[0]:90477964 [1]:12191896 [2]:98 [3]:362
[0]:90686630 [1]:12213207 [2]:98 [3]:371
[0]:90891600 [1]:12234059 [2]:98 [3]:71
[0]:91107819 [1]:12256016 [2]:98 [3]:363
[0]:91312713 [1]:12277063 [2]:98 [3]:368
[0]:91517653 [1]:12297924 [2]:98 [3]:82
[0]:91722472 [1]:12319074 [2]:98 [3]:97
[0]:91930261 [1]:12340273 [2]:98 [3]:368
[0]:92135176 [1]:12361166 [2]:98 [3]:372
[0]:92340373 [1]:12382256 [2]:98 [3]:79
[0]:92548390 [1]:12403360 [2]:98 [3]:359
[0]:92753909 [1]:12424357 [2]:98 [3]:362
[0]:92960080 [1]:12445175 [2]:98 [3]:369
[0]:93167819 [1]:12466167 [2]:98 [3]:75
[0]:93404695 [1]:12490266 [2]:98 [3]:367
[0]:93620602 [1]:12512491 [2]:98 [3]:78
[0]:93857375 [1]:12536304 [2]:98 [3]:372
[0]:94065411 [1]:12557609 [2]:98 [3]:90
[0]:94282466 [1]:12579702 [2]:98 [3]:369
[0]:94491128 [1]:12601150 [2]:98 [3]:369
[0]:94696205 [1]:12622024 [2]:98 [3]:372
[0]:94916393 [1]:12644491 [2]:98 [3]:360
[0]:95125253 [1]:12665733 [2]:98 [3]:86
[0]:95329962 [1]:12686693 [2]:98 [3]:362
[0]:95538528 [1]:12708169 [2]:98 [3]:85
[0]:95739311 [1]:12728667 [2]:98 [3]:364
[0]:95951985 [1]:12750312 [2]:98 [3]:355
[0]:96161945 [1]:12771843 [2]:98 [3]:89
[0]:96363920 [1]:12792367 [2]:98 [3]:86
[0]:96574051 [1]:12813892 [2]:98 [3]:359
[0]:96782988 [1]:12835140 [2]:98 [3]:85
[0]:96995540 [1]:12856974 [2]:98 [3]:359
[0]:97204397 [1]:12878087 [2]:98 [3]:360
[0]:97409269 [1]:12898888 [2]:98 [3]:372
[0]:97615787 [1]:12920225 [2]:98 [3]:98
[0]:97818395 [1]:12940910 [2]:98 [3]:364
[0]:98034453 [1]:12963220 [2]:98 [3]:371
[0]:98239574 [1]:12984251 [2]:98 [3]:371
[0]:98460004 [1]:13006832 [2]:98 [3]:363
[0]:98676900 [1]:13028804 [2]:98 [3]:364
[0]:98885989 [1]:13050048 [2]:98 [3]:368
[0]:99094345 [1]:13071284 [2]:98 [3]:372
[0]:99306589 [1]:13092979 [2]:98 [3]:370
[0]:99519125 [1]:13115159 [2]:98 [3]:75
[0]:99720992 [1]:13135685 [2]:98 [3]:360
[0]:99931247 [1]:13157272 [2]:98 [3]:89
[0]:100141484 [1]:13178613 [2]:98 [3]:365
[0]:100350284 [1]:13199802 [2]:98 [3]:372
[0]:100568556 [1]:13221941 [2]:98 [3]:370
[0]:100775804 [1]:13242909 [2]:98 [3]:93
[0]:101044616 [1]:13270165 [2]:98 [3]:84
[0]:101247572 [1]:13290746 [2]:98 [3]:367
[0]:101461104 [1]:13312505 [2]:98 [3]:82
[0]:101666094 [1]:13333311 [2]:98 [3]:83
[0]:101894653 [1]:13356580 [2]:98 [3]:370
[0]:102103892 [1]:13377832 [2]:98 [3]:86
[0]:102320639 [1]:13399958 [2]:98 [3]:124
[0]:102528780 [1]:13421302 [2]:98 [3]:367
[0]:102734449 [1]:13442284 [2]:98 [3]:83
[0]:102942289 [1]:13463520 [2]:98 [3]:361
[0]:103154353 [1]:13485182 [2]:98 [3]:103
[0]:103366613 [1]:13507321 [2]:98 [3]:357
[0]:103579166 [1]:13529084 [2]:98 [3]:369
[0]:103776352 [1]:13549316 [2]:98 [3]:363
[0]:103988171 [1]:13570718 [2]:98 [3]:362
[0]:104198035 [1]:13592116 [2]:98 [3]:81
[0]:104406403 [1]:13613661 [2]:98 [3]:368
[0]:104627284 [1]:13636020 [2]:98 [3]:359
[0]:104847521 [1]:13658533 [2]:98 [3]:356
[0]:105063779 [1]:13680743 [2]:98 [3]:371
[0]:105292567 [1]:13704214 [2]:98 [3]:75
[0]:105505452 [1]:13725763 [2]:98 [3]:360
[0]:105713850 [1]:13747125 [2]:98 [3]:91
[0]:105954111 [1]:13771767 [2]:98 [3]:87
[0]:106156080 [1]:13792347 [2]:98 [3]:81
[0]:106372525 [1]:13814445 [2]:98 [3]:369
[0]:106576400 [1]:13835073 [2]:98 [3]:357
[0]:106789278 [1]:13856690 [2]:98 [3]:368
[0]:106998108 [1]:13877878 [2]:98 [3]:368
[0]:107247907 [1]:13903149 [2]:98 [3]:380
[0]:107470600 [1]:13926173 [2]:98 [3]:363
[0]:107679294 [1]:13947459 [2]:98 [3]:78
[0]:107899495 [1]:13969880 [2]:98 [3]:92
[0]:108108465 [1]:13991307 [2]:98 [3]:373
[0]:108324897 [1]:14013543 [2]:98 [3]:95
[0]:108524767 [1]:14034013 [2]:98 [3]:369
[0]:108738314 [1]:14055798 [2]:98 [3]:365
[0]:108945078 [1]:14076965 [2]:98 [3]:378
[0]:109148400 [1]:14097614 [2]:98 [3]:361
[0]:109354918 [1]:14118680 [2]:98 [3]:370
[0]:109565841 [1]:14140165 [2]:98 [3]:361
[0]:109774211 [1]:14161392 [2]:98 [3]:365
[0]:109990937 [1]:14183395 [2]:98 [3]:374
[0]:110203553 [1]:14205220 [2]:98 [3]:87
[0]:110427935 [1]:14228099 [2]:98 [3]:358
[0]:110632798 [1]:14248910 [2]:98 [3]:366
[0]:110841203 [1]:14270220 [2]:98 [3]:383
[0]:111053640 [1]:14291872 [2]:98 [3]:98
[0]:111298194 [1]:14316987 [2]:98 [3]:358
[0]:111516063 [1]:14339259 [2]:98 [3]:371
[0]:111723308 [1]:14360585 [2]:98 [3]:361
[0]:111943794 [1]:14383040 [2]:98 [3]:361
[0]:112163830 [1]:14405519 [2]:98 [3]:78
[0]:112385324 [1]:14427873 [2]:98 [3]:366
[0]:112621675 [1]:14451829 [2]:99 [3]:363
[0]:112827989 [1]:14473067 [2]:99 [3]:82
[0]:113038974 [1]:14494531 [2]:99 [3]:81
[0]:113241961 [1]:14515217 [2]:99 [3]:361
[0]:113468095 [1]:14538103 [2]:99 [3]:358
[0]:113677156 [1]:14559461 [2]:99 [3]:363
[0]:113893922 [1]:14581450 [2]:99 [3]:87
[0]:114114517 [1]:14603934 [2]:99 [3]:361
[0]:114328102 [1]:14626560 [2]:99 [3]:363
[0]:114539162 [1]:14647828 [2]:99 [3]:372
[0]:114752116 [1]:14669419 [2]:98 [3]:368
[0]:114964249 [1]:14690996 [2]:98 [3]:354
[0]:115173496 [1]:14712466 [2]:98 [3]:361
[0]:115395927 [1]:14735508 [2]:98 [3]:93
[0]:115606471 [1]:14756767 [2]:98 [3]:363
[0]:115819739 [1]:14778485 [2]:98 [3]:373
[0]:116020151 [1]:14798759 [2]:98 [3]:374
[0]:116232910 [1]:14820403 [2]:98 [3]:90
[0]:116449252 [1]:14842417 [2]:98 [3]:74
[0]:116662294 [1]:14864063 [2]:98 [3]:79
[0]:116901397 [1]:14888680 [2]:98 [3]:369
[0]:117111420 [1]:14910073 [2]:98 [3]:372
[0]:117325630 [1]:14931838 [2]:98 [3]:76
[0]:117539905 [1]:14953585 [2]:98 [3]:361
[0]:117783870 [1]:14978525 [2]:98 [3]:364
[0]:118044345 [1]:15005221 [2]:98 [3]:89
[0]:118253062 [1]:15026557 [2]:98 [3]:368
[0]:118497093 [1]:15051650 [2]:98 [3]:366
[0]:118709651 [1]:15073569 [2]:98 [3]:80
[0]:118918434 [1]:15094764 [2]:98 [3]:371
[0]:119145964 [1]:15117923 [2]:98 [3]:366
[0]:119371203 [1]:15140968 [2]:98 [3]:372
[0]:119580130 [1]:15162253 [2]:98 [3]:364
[0]:119871263 [1]:15191982 [2]:98 [3]:366
[0]:120077674 [1]:15213046 [2]:98 [3]:365
[0]:120280230 [1]:15233684 [2]:98 [3]:369
[0]:120493787 [1]:15255369 [2]:98 [3]:366
[0]:120710421 [1]:15277469 [2]:98 [3]:103
[0]:120926210 [1]:15299366 [2]:98 [3]:86
[0]:121138442 [1]:15321255 [2]:98 [3]:358
[0]:121387355 [1]:15346914 [2]:98 [3]:88
[0]:121592243 [1]:15367763 [2]:98 [3]:369
[0]:121797980 [1]:15388657 [2]:98 [3]:370
[0]:122005936 [1]:15409826 [2]:98 [3]:371
[0]:122211780 [1]:15430693 [2]:98 [3]:85
[0]:122427531 [1]:15452538 [2]:98 [3]:357
[0]:122648031 [1]:15475058 [2]:98 [3]:78
[0]:122864516 [1]:15497137 [2]:98 [3]:363
[0]:123092632 [1]:15520351 [2]:98 [3]:361
[0]:123301871 [1]:15541716 [2]:98 [3]:357
[0]:123512216 [1]:15563407 [2]:98 [3]:91
[0]:123727195 [1]:15585212 [2]:98 [3]:370
[0]:123951649 [1]:15608050 [2]:98 [3]:85
[0]:124164584 [1]:15629517 [2]:98 [3]:374
[0]:124373403 [1]:15650711 [2]:98 [3]:114
[0]:124588886 [1]:15673172 [2]:98 [3]:368
[0]:124806205 [1]:15695350 [2]:98 [3]:374
[0]:125019513 [1]:15717056 [2]:98 [3]:79
[0]:125227865 [1]:15738179 [2]:98 [3]:362
[0]:125432524 [1]:15759098 [2]:98 [3]:92
[0]:125641340 [1]:15780245 [2]:98 [3]:75
[0]:125842231 [1]:15800737 [2]:98 [3]:74
[0]:126062945 [1]:15823166 [2]:98 [3]:377
[0]:126275155 [1]:15844993 [2]:99 [3]:362
[0]:126482226 [1]:15866144 [2]:99 [3]:84
[0]:126700776 [1]:15888400 [2]:99 [3]:364
[0]:126917111 [1]:15910688 [2]:99 [3]:361
[0]:127121294 [1]:15931435 [2]:99 [3]:84
[0]:127326890 [1]:15952265 [2]:99 [3]:362
[0]:127531848 [1]:15973050 [2]:99 [3]:360
[0]:127732600 [1]:15993600 [2]:99 [3]:368
[0]:127941092 [1]:16015092 [2]:99 [3]:373
[0]:128144931 [1]:16036212 [2]:99 [3]:365
[0]:128346500 [1]:16056566 [2]:99 [3]:362
[0]:128559092 [1]:16078339 [2]:99 [3]:369
[0]:128775883 [1]:16100408 [2]:99 [3]:80
[0]:128992318 [1]:16122602 [2]:99 [3]:75
[0]:129199265 [1]:16143596 [2]:99 [3]:367
[0]:129405996 [1]:16164652 [2]:99 [3]:88
[0]:129626610 [1]:16187240 [2]:99 [3]:359
[0]:129835040 [1]:16208302 [2]:99 [3]:81
[0]:130032352 [1]:16228319 [2]:99 [3]:369
[0]:130256356 [1]:16251395 [2]:99 [3]:371
[0]:130477069 [1]:16273895 [2]:99 [3]:357
[0]:130689853 [1]:16295509 [2]:98 [3]:363
[0]:130930774 [1]:16320241 [2]:98 [3]:369
[0]:131142790 [1]:16341738 [2]:98 [3]:80
[0]:131356703 [1]:16363580 [2]:98 [3]:373
[0]:131564217 [1]:16384661 [2]:98 [3]:362
[0]:131768746 [1]:16405412 [2]:98 [3]:87
[0]:131988910 [1]:16427840 [2]:98 [3]:84
[0]:132210517 [1]:16450428 [2]:98 [3]:85
[0]:132419015 [1]:16471685 [2]:98 [3]:361
[0]:132639234 [1]:16494410 [2]:98 [3]:372
[0]:132847845 [1]:16515848 [2]:98 [3]:354
[0]:133127063 [1]:16544358 [2]:98 [3]:361
[0]:133351401 [1]:16567308 [2]:98 [3]:372
[0]:133564492 [1]:16589026 [2]:98 [3]:80
[0]:133787121 [1]:16613835 [2]:98 [3]:66
