[0]:352075830 [1]:352075830 [2]:0 [3]:11
[0]:353274984 [1]:353274993 [2]:0 [3]:15
[0]:354309945 [1]:354309948 [2]:0 [3]:12
[0]:355380722 [1]:355380722 [2]:0 [3]:53
[0]:356413240 [1]:356413242 [2]:0 [3]:53
[0]:357482573 [1]:357482574 [2]:0 [3]:9
[0]:358581498 [1]:358581498 [2]:0 [3]:47
[0]:359628317 [1]:359628321 [2]:0 [3]:12
[0]:360689078 [1]:360689090 [2]:0 [3]:13
[0]:361746195 [1]:361746202 [2]:0 [3]:16
[0]:362796946 [1]:362796946 [2]:0 [3]:52
[0]:363839710 [1]:363839717 [2]:0 [3]:11
[0]:364910694 [1]:364910694 [2]:0 [3]:17
[0]:365987609 [1]:365987609 [2]:0 [3]:9
[0]:367040922 [1]:367040922 [2]:0 [3]:53
[0]:368061542 [1]:368061547 [2]:0 [3]:10
[0]:369358421 [1]:369358426 [2]:0 [3]:13
[0]:370645695 [1]:370645698 [2]:0 [3]:53
[0]:371974638 [1]:371974635 [2]:0 [3]:46
[0]:373295849 [1]:373295855 [2]:0 [3]:49
[0]:374531440 [1]:374531441 [2]:0 [3]:14
[0]:375669865 [1]:375669876 [2]:0 [3]:11
[0]:376840582 [1]:376840587 [2]:0 [3]:9
[0]:378043674 [1]:378043676 [2]:0 [3]:12
[0]:379318259 [1]:379318259 [2]:0 [3]:48
[0]:380449279 [1]:380449279 [2]:0 [3]:48
[0]:381603763 [1]:381603763 [2]:0 [3]:13
[0]:382785442 [1]:382785442 [2]:0 [3]:50
[0]:383939987 [1]:383939989 [2]:0 [3]:14
[0]:385092970 [1]:385092971 [2]:0 [3]:16
[0]:386243820 [1]:386243820 [2]:0 [3]:50
[0]:387395751 [1]:387395751 [2]:0 [3]:11
[0]:388562959 [1]:388562973 [2]:0 [3]:56
[0]:389834774 [1]:389834774 [2]:0 [3]:52
[0]:390964243 [1]:390964252 [2]:0 [3]:15
[0]:392291892 [1]:392291898 [2]:0 [3]:13
[0]:393348537 [1]:393348538 [2]:0 [3]:18
[0]:394659929 [1]:394659929 [2]:0 [3]:13
[0]:395712538 [1]:395712538 [2]:0 [3]:12
[0]:396728963 [1]:396728965 [2]:0 [3]:11
[0]:397750523 [1]:397750523 [2]:0 [3]:52
[0]:398795349 [1]:398795350 [2]:0 [3]:13
[0]:399853958 [1]:399853958 [2]:0 [3]:15
[0]:400885888 [1]:400885900 [2]:0 [3]:18
[0]:401914371 [1]:401914407 [2]:0 [3]:50
[0]:402926981 [1]:402926985 [2]:0 [3]:13
[0]:403946642 [1]:403946642 [2]:0 [3]:49
[0]:405013124 [1]:405013128 [2]:0 [3]:7
[0]:406176074 [1]:406176080 [2]:0 [3]:13
[0]:407205442 [1]:407205442 [2]:0 [3]:10
[0]:408383019 [1]:408383021 [2]:0 [3]:9
[0]:409588793 [1]:409588790 [2]:0 [3]:11
[0]:411004653 [1]:411004657 [2]:0 [3]:17
[0]:412092082 [1]:412092084 [2]:0 [3]:16
[0]:413344843 [1]:413344847 [2]:0 [3]:12
[0]:414377873 [1]:414377875 [2]:0 [3]:14
[0]:415422226 [1]:415422226 [2]:0 [3]:52
[0]:416526151 [1]:416526150 [2]:0 [3]:9
[0]:417534618 [1]:417534618 [2]:0 [3]:48
[0]:418578157 [1]:418578204 [2]:0 [3]:16
[0]:419634432 [1]:419634434 [2]:0 [3]:54
[0]:420685890 [1]:420685892 [2]:0 [3]:17
[0]:421971190 [1]:421971196 [2]:0 [3]:12
[0]:423019254 [1]:423019254 [2]:0 [3]:15
[0]:424083359 [1]:424083360 [2]:0 [3]:13
[0]:425129450 [1]:425129451 [2]:0 [3]:8
[0]:426147072 [1]:426147074 [2]:0 [3]:7
[0]:427421167 [1]:427421169 [2]:0 [3]:14
[0]:428716209 [1]:428716216 [2]:0 [3]:49
[0]:430026150 [1]:430026204 [2]:0 [3]:9
[0]:431216943 [1]:431216960 [2]:0 [3]:14
[0]:432345511 [1]:432345523 [2]:0 [3]:14
[0]:433604549 [1]:433604554 [2]:0 [3]:14
[0]:434820906 [1]:434820906 [2]:0 [3]:54
[0]:435978983 [1]:435978998 [2]:0 [3]:11
[0]:437169764 [1]:437169764 [2]:0 [3]:16
[0]:438285798 [1]:438285798 [2]:0 [3]:9
[0]:439441938 [1]:439441939 [2]:0 [3]:13
[0]:440565034 [1]:440565037 [2]:0 [3]:12
[0]:441772289 [1]:441772294 [2]:0 [3]:9
[0]:443041365 [1]:443041365 [2]:0 [3]:15
[0]:444184463 [1]:444184518 [2]:0 [3]:10
[0]:445348302 [1]:445348304 [2]:0 [3]:11
[0]:446545429 [1]:446545430 [2]:0 [3]:52
[0]:447738306 [1]:447738308 [2]:0 [3]:23
[0]:448972879 [1]:448972879 [2]:0 [3]:10
[0]:450171029 [1]:450171029 [2]:0 [3]:50
[0]:451225531 [1]:451225531 [2]:0 [3]:51
[0]:452303384 [1]:452303368 [2]:0 [3]:12
[0]:453655634 [1]:453655634 [2]:0 [3]:47
[0]:454832957 [1]:454832957 [2]:0 [3]:18
[0]:456356657 [1]:456356658 [2]:0 [3]:12
[0]:457400329 [1]:457400336 [2]:0 [3]:10
[0]:458454616 [1]:458454616 [2]:0 [3]:15
[0]:459485608 [1]:459485608 [2]:0 [3]:16
[0]:460537760 [1]:460537769 [2]:0 [3]:46
[0]:461611173 [1]:461611171 [2]:0 [3]:10
[0]:462663723 [1]:462663738 [2]:0 [3]:52
[0]:463720353 [1]:463720366 [2]:0 [3]:12
[0]:464948172 [1]:464948186 [2]:0 [3]:10
[0]:466317242 [1]:466317242 [2]:0 [3]:11
[0]:467564250 [1]:467564248 [2]:0 [3]:14
[0]:468847274 [1]:468847276 [2]:0 [3]:9
[0]:469968297 [1]:469968325 [2]:0 [3]:14
[0]:471006154 [1]:471006183 [2]:0 [3]:16
[0]:472069611 [1]:472069621 [2]:0 [3]:12
[0]:473228882 [1]:473228882 [2]:0 [3]:55
[0]:474299960 [1]:474299964 [2]:0 [3]:42
[0]:475349914 [1]:475349914 [2]:0 [3]:14
[0]:476446221 [1]:476446242 [2]:0 [3]:7
[0]:477489301 [1]:477489302 [2]:0 [3]:46
[0]:478513285 [1]:478513285 [2]:0 [3]:13
[0]:479596760 [1]:479596794 [2]:0 [3]:8
[0]:480644786 [1]:480644786 [2]:0 [3]:57
[0]:481733362 [1]:481733362 [2]:0 [3]:47
[0]:482754617 [1]:482754625 [2]:0 [3]:46
[0]:483819242 [1]:483819253 [2]:0 [3]:50
[0]:484978666 [1]:484978692 [2]:0 [3]:13
[0]:486490675 [1]:486490680 [2]:0 [3]:15
[0]:487803072 [1]:487803072 [2]:0 [3]:14
[0]:489064076 [1]:489064076 [2]:0 [3]:17
[0]:490316881 [1]:490316881 [2]:0 [3]:52
[0]:491518898 [1]:491518898 [2]:0 [3]:53
[0]:492650777 [1]:492650782 [2]:0 [3]:55
[0]:493837924 [1]:493837993 [2]:0 [3]:8
[0]:495013029 [1]:495013038 [2]:0 [3]:12
[0]:496142954 [1]:496142954 [2]:0 [3]:49
[0]:497277355 [1]:497277354 [2]:0 [3]:47
[0]:498479074 [1]:498479074 [2]:0 [3]:53
[0]:499685776 [1]:499685782 [2]:0 [3]:17
[0]:500837246 [1]:500837262 [2]:0 [3]:50
[0]:502044195 [1]:502044194 [2]:0 [3]:16
[0]:503210330 [1]:503210332 [2]:0 [3]:14
[0]:504386219 [1]:504386224 [2]:0 [3]:51
[0]:505615102 [1]:505615106 [2]:0 [3]:14
[0]:506796562 [1]:506796562 [2]:0 [3]:55
[0]:507891566 [1]:507891566 [2]:0 [3]:11
[0]:508981980 [1]:508981980 [2]:0 [3]:51
[0]:510016403 [1]:510016409 [2]:0 [3]:9
[0]:511070244 [1]:511070247 [2]:0 [3]:53
[0]:512092119 [1]:512092129 [2]:0 [3]:48
[0]:513135358 [1]:513135366 [2]:0 [3]:28
[0]:514177896 [1]:514177906 [2]:0 [3]:9
[0]:515257595 [1]:515257597 [2]:0 [3]:9
[0]:516301209 [1]:516301220 [2]:0 [3]:10
[0]:517382272 [1]:517382332 [2]:0 [3]:8
[0]:518460282 [1]:518460282 [2]:0 [3]:47
[0]:519527793 [1]:519527794 [2]:0 [3]:12
[0]:520635922 [1]:520635922 [2]:0 [3]:50
[0]:521715424 [1]:521715426 [2]:0 [3]:10
