[0]:172334768 [1]:29178101 [2]:78 [3]:369
[0]:172537816 [1]:29224871 [2]:78 [3]:365
[0]:172726950 [1]:29268586 [2]:78 [3]:359
[0]:172928500 [1]:29315214 [2]:78 [3]:356
[0]:173122057 [1]:29359973 [2]:78 [3]:360
[0]:173324177 [1]:29406698 [2]:78 [3]:58
[0]:173515379 [1]:29450774 [2]:78 [3]:364
[0]:173706304 [1]:29494933 [2]:78 [3]:362
[0]:173898897 [1]:29539441 [2]:78 [3]:358
[0]:174122750 [1]:29591152 [2]:78 [3]:360
[0]:174320631 [1]:29636776 [2]:78 [3]:363
[0]:174534333 [1]:29686207 [2]:78 [3]:61
[0]:174727396 [1]:29730835 [2]:78 [3]:361
[0]:174925409 [1]:29776619 [2]:78 [3]:366
[0]:175122600 [1]:29822223 [2]:78 [3]:354
[0]:175332221 [1]:29870554 [2]:78 [3]:364
[0]:175531528 [1]:29916658 [2]:78 [3]:363
[0]:175737828 [1]:29964327 [2]:78 [3]:361
[0]:175935121 [1]:30009934 [2]:78 [3]:358
[0]:176130157 [1]:30054988 [2]:78 [3]:368
[0]:176325068 [1]:30099976 [2]:78 [3]:65
[0]:176530759 [1]:30147470 [2]:78 [3]:59
[0]:176716824 [1]:30190422 [2]:78 [3]:362
[0]:176940927 [1]:30242233 [2]:78 [3]:361
[0]:177142310 [1]:30288701 [2]:78 [3]:358
[0]:177362406 [1]:30339587 [2]:78 [3]:361
[0]:177560384 [1]:30385332 [2]:78 [3]:357
[0]:177754465 [1]:30430196 [2]:78 [3]:368
[0]:177959801 [1]:30477707 [2]:78 [3]:360
[0]:178149882 [1]:30521543 [2]:78 [3]:354
[0]:178347806 [1]:30567345 [2]:78 [3]:360
[0]:178543880 [1]:30612631 [2]:78 [3]:363
[0]:178739691 [1]:30657886 [2]:78 [3]:365
[0]:178960243 [1]:30708782 [2]:78 [3]:65
[0]:179157947 [1]:30754412 [2]:78 [3]:363
[0]:179352068 [1]:30799265 [2]:78 [3]:362
[0]:179549701 [1]:30844985 [2]:78 [3]:358
[0]:179745646 [1]:30890278 [2]:78 [3]:359
[0]:179937783 [1]:30934639 [2]:78 [3]:353
[0]:180139494 [1]:30981237 [2]:78 [3]:360
[0]:180332393 [1]:31025832 [2]:78 [3]:361
[0]:180525125 [1]:31070365 [2]:78 [3]:363
[0]:180714266 [1]:31114044 [2]:78 [3]:362
[0]:180908424 [1]:31158834 [2]:78 [3]:366
[0]:181102477 [1]:31203667 [2]:78 [3]:352
[0]:181325610 [1]:31255171 [2]:78 [3]:365
[0]:181531646 [1]:31302808 [2]:78 [3]:367
[0]:181728071 [1]:31348203 [2]:78 [3]:359
[0]:181953456 [1]:31400240 [2]:78 [3]:366
[0]:182155024 [1]:31446846 [2]:78 [3]:359
[0]:182352532 [1]:31492481 [2]:78 [3]:60
[0]:182548352 [1]:31537751 [2]:78 [3]:364
[0]:182741276 [1]:31582221 [2]:78 [3]:53
[0]:182950023 [1]:31630472 [2]:78 [3]:61
[0]:183158784 [1]:31678670 [2]:78 [3]:362
[0]:183351235 [1]:31723123 [2]:78 [3]:367
[0]:183562149 [1]:31771876 [2]:78 [3]:360
[0]:183766766 [1]:31819104 [2]:78 [3]:363
[0]:183961563 [1]:31864121 [2]:78 [3]:361
[0]:184163057 [1]:31910698 [2]:78 [3]:367
[0]:184353516 [1]:31954733 [2]:78 [3]:363
[0]:184561169 [1]:32002645 [2]:78 [3]:362
[0]:184752656 [1]:32046916 [2]:78 [3]:356
[0]:184993382 [1]:32102599 [2]:78 [3]:363
[0]:185189543 [1]:32147934 [2]:78 [3]:365
[0]:185386414 [1]:32193415 [2]:78 [3]:364
[0]:185581375 [1]:32238417 [2]:78 [3]:357
[0]:185801570 [1]:32289324 [2]:78 [3]:362
[0]:186009925 [1]:32337515 [2]:78 [3]:356
[0]:186207747 [1]:32383219 [2]:78 [3]:361
[0]:186434707 [1]:32435597 [2]:78 [3]:362
[0]:186654653 [1]:32486432 [2]:78 [3]:60
[0]:186845577 [1]:32530556 [2]:78 [3]:54
[0]:187037220 [1]:32574844 [2]:78 [3]:355
[0]:187232687 [1]:32619987 [2]:78 [3]:363
[0]:187425388 [1]:32664374 [2]:78 [3]:364
[0]:187623015 [1]:32710028 [2]:78 [3]:364
[0]:187817204 [1]:32754880 [2]:78 [3]:366
[0]:188003738 [1]:32797969 [2]:78 [3]:359
[0]:188205568 [1]:32844621 [2]:78 [3]:367
[0]:188406965 [1]:32891098 [2]:78 [3]:365
[0]:188664426 [1]:32950581 [2]:78 [3]:359
[0]:188856420 [1]:32994917 [2]:78 [3]:359
[0]:189050803 [1]:33039885 [2]:78 [3]:57
[0]:189250072 [1]:33085904 [2]:78 [3]:360
[0]:189446977 [1]:33131381 [2]:78 [3]:360
[0]:189635427 [1]:33174942 [2]:78 [3]:366
[0]:189840027 [1]:33222259 [2]:78 [3]:360
[0]:190040928 [1]:33268707 [2]:78 [3]:361
[0]:190228069 [1]:33311869 [2]:78 [3]:356
[0]:190425852 [1]:33357538 [2]:78 [3]:367
[0]:190618183 [1]:33401970 [2]:78 [3]:365
[0]:190841451 [1]:33453558 [2]:78 [3]:358
[0]:191028789 [1]:33496843 [2]:78 [3]:359
[0]:191234074 [1]:33544178 [2]:78 [3]:363
[0]:191426420 [1]:33588603 [2]:78 [3]:354
[0]:191657783 [1]:33642154 [2]:78 [3]:62
[0]:191848059 [1]:33686058 [2]:78 [3]:360
[0]:192046007 [1]:33731743 [2]:78 [3]:362
[0]:192236270 [1]:33775707 [2]:78 [3]:363
[0]:192434182 [1]:33821459 [2]:78 [3]:366
[0]:192633133 [1]:33867430 [2]:78 [3]:361
[0]:192859707 [1]:33919731 [2]:78 [3]:357
[0]:193064833 [1]:33967025 [2]:78 [3]:359
[0]:193262814 [1]:34012756 [2]:78 [3]:360
[0]:193486915 [1]:34064534 [2]:78 [3]:363
[0]:193684611 [1]:34110235 [2]:78 [3]:361
[0]:193893565 [1]:34158489 [2]:78 [3]:364
[0]:194087513 [1]:34203341 [2]:78 [3]:350
[0]:194297153 [1]:34251839 [2]:78 [3]:361
[0]:194488950 [1]:34296126 [2]:78 [3]:357
[0]:194692302 [1]:34343135 [2]:78 [3]:362
[0]:194897441 [1]:34390468 [2]:78 [3]:360
[0]:195106487 [1]:34438824 [2]:78 [3]:64
[0]:195307381 [1]:34485218 [2]:78 [3]:363
[0]:195539398 [1]:34538806 [2]:78 [3]:364
[0]:195763633 [1]:34590573 [2]:78 [3]:361
[0]:195964817 [1]:34637070 [2]:78 [3]:361
[0]:196162849 [1]:34682812 [2]:78 [3]:363
[0]:196363692 [1]:34729197 [2]:78 [3]:357
[0]:196556618 [1]:34773734 [2]:78 [3]:365
[0]:196756569 [1]:34819860 [2]:78 [3]:367
[0]:197020022 [1]:34880775 [2]:78 [3]:364
[0]:197215168 [1]:34925861 [2]:78 [3]:363
[0]:197409525 [1]:34970781 [2]:78 [3]:358
[0]:197614792 [1]:35018148 [2]:78 [3]:67
[0]:197820211 [1]:35065635 [2]:78 [3]:366
[0]:198014306 [1]:35110477 [2]:78 [3]:357
[0]:198208212 [1]:35155265 [2]:78 [3]:358
[0]:198402325 [1]:35200138 [2]:78 [3]:358
[0]:198604025 [1]:35246786 [2]:78 [3]:365
[0]:198808111 [1]:35293974 [2]:78 [3]:58
[0]:199008724 [1]:35340289 [2]:78 [3]:365
[0]:199208553 [1]:35386458 [2]:78 [3]:367
[0]:199417586 [1]:35434745 [2]:78 [3]:357
[0]:199628712 [1]:35483486 [2]:78 [3]:360
[0]:199820686 [1]:35527785 [2]:78 [3]:358
[0]:200009942 [1]:35571637 [2]:78 [3]:362
[0]:200208001 [1]:35617515 [2]:78 [3]:371
[0]:200409869 [1]:35664168 [2]:78 [3]:369
[0]:200626617 [1]:35714216 [2]:78 [3]:359
[0]:200720632 [1]:35735974 [2]:78 [3]:364
[0]:200720632 [1]:35735974 [2]:78 [3]:364
[0]:200720632 [1]:35735974 [2]:78 [3]:364
[0]:200720632 [1]:35735974 [2]:78 [3]:364
[0]:200720632 [1]:35735974 [2]:78 [3]:364
[0]:200720632 [1]:35735974 [2]:78 [3]:364
[0]:200720632 [1]:35735974 [2]:78 [3]:364
[0]:200720632 [1]:35735974 [2]:78 [3]:364
[0]:200720632 [1]:35735974 [2]:78 [3]:364
[0]:200720632 [1]:35735974 [2]:78 [3]:364
[0]:200720632 [1]:35735974 [2]:78 [3]:364
