[0]:0 [1]:0 [2]:0 [3]:0
[0]:0 [1]:0 [2]:0 [3]:0
[0]:216506 [1]:0 [2]:0 [3]:312
[0]:439112 [1]:0 [2]:0 [3]:65
[0]:676594 [1]:0 [2]:0 [3]:312
[0]:906436 [1]:0 [2]:0 [3]:65
[0]:1117441 [1]:7743 [2]:120 [3]:56
[0]:1308681 [1]:29276 [2]:120 [3]:47
[0]:1504485 [1]:51276 [2]:120 [3]:354
[0]:1697704 [1]:73069 [2]:120 [3]:378
[0]:1957618 [1]:102351 [2]:120 [3]:370
[0]:2143336 [1]:123427 [2]:120 [3]:367
[0]:2330960 [1]:144688 [2]:120 [3]:75
[0]:2527194 [1]:166967 [2]:120 [3]:55
[0]:2725710 [1]:189367 [2]:98 [3]:375
[0]:2918476 [1]:211358 [2]:98 [3]:346
[0]:3113216 [1]:233379 [2]:98 [3]:65
[0]:3320333 [1]:256636 [2]:98 [3]:63
[0]:3510012 [1]:278168 [2]:98 [3]:71
[0]:3704848 [1]:300063 [2]:98 [3]:71
[0]:3899370 [1]:322044 [2]:98 [3]:367
[0]:4106639 [1]:345408 [2]:87 [3]:59
[0]:4303476 [1]:367535 [2]:87 [3]:363
[0]:4496950 [1]:389380 [2]:87 [3]:77
[0]:4689690 [1]:411077 [2]:87 [3]:74
[0]:4889125 [1]:433454 [2]:87 [3]:371
[0]:5081683 [1]:455088 [2]:87 [3]:70
[0]:5281639 [1]:477557 [2]:87 [3]:368
[0]:5544022 [1]:507163 [2]:87 [3]:70
[0]:5741639 [1]:529410 [2]:81 [3]:356
[0]:5938811 [1]:551827 [2]:81 [3]:65
[0]:6176226 [1]:578719 [2]:81 [3]:361
[0]:6364555 [1]:600031 [2]:81 [3]:356
[0]:6558116 [1]:621754 [2]:81 [3]:363
[0]:6749213 [1]:643441 [2]:81 [3]:70
[0]:6939753 [1]:665085 [2]:81 [3]:362
[0]:7130875 [1]:686533 [2]:81 [3]:53
[0]:7332875 [1]:709263 [2]:78 [3]:80
[0]:7527341 [1]:731169 [2]:78 [3]:369
[0]:7746182 [1]:755729 [2]:78 [3]:71
[0]:7939892 [1]:777567 [2]:78 [3]:372
[0]:8144571 [1]:800727 [2]:78 [3]:70
[0]:8378094 [1]:826998 [2]:78 [3]:83
[0]:8576376 [1]:849415 [2]:78 [3]:358
[0]:8777471 [1]:871999 [2]:77 [3]:58
[0]:8973446 [1]:894032 [2]:77 [3]:352
[0]:9163022 [1]:915462 [2]:77 [3]:62
[0]:9351879 [1]:936699 [2]:77 [3]:53
[0]:9556376 [1]:959916 [2]:77 [3]:59
[0]:9756011 [1]:982388 [2]:77 [3]:361
[0]:9965683 [1]:1005988 [2]:77 [3]:355
[0]:10186148 [1]:1030823 [2]:77 [3]:363
[0]:10383883 [1]:1053074 [2]:76 [3]:48
[0]:10581348 [1]:1075276 [2]:76 [3]:72
[0]:10777812 [1]:1097701 [2]:76 [3]:350
[0]:10976794 [1]:1120133 [2]:76 [3]:359
[0]:11195948 [1]:1144824 [2]:76 [3]:358
[0]:11381103 [1]:1165710 [2]:76 [3]:358
[0]:11586607 [1]:1188835 [2]:76 [3]:72
[0]:11781912 [1]:1210873 [2]:76 [3]:53
[0]:11977723 [1]:1233065 [2]:76 [3]:73
[0]:12165906 [1]:1254269 [2]:76 [3]:60
[0]:12361269 [1]:1276214 [2]:76 [3]:360
[0]:12550380 [1]:1297449 [2]:76 [3]:58
[0]:12747902 [1]:1319795 [2]:76 [3]:362
[0]:12942797 [1]:1341725 [2]:76 [3]:75
[0]:13174144 [1]:1367796 [2]:76 [3]:55
[0]:13369599 [1]:1389805 [2]:76 [3]:367
[0]:13612760 [1]:1417446 [2]:76 [3]:364
[0]:13822158 [1]:1441038 [2]:76 [3]:58
[0]:14024784 [1]:1463784 [2]:76 [3]:355
[0]:14215521 [1]:1485415 [2]:76 [3]:344
[0]:14466613 [1]:1513740 [2]:76 [3]:60
[0]:14657484 [1]:1535302 [2]:76 [3]:60
[0]:14851871 [1]:1557193 [2]:76 [3]:61
[0]:15049475 [1]:1579531 [2]:76 [3]:376
[0]:15240290 [1]:1601396 [2]:76 [3]:355
[0]:15433895 [1]:1623205 [2]:76 [3]:55
[0]:15645783 [1]:1647072 [2]:76 [3]:361
[0]:15853821 [1]:1670624 [2]:76 [3]:77
[0]:16051968 [1]:1692923 [2]:76 [3]:65
[0]:16255466 [1]:1715798 [2]:76 [3]:373
[0]:16454425 [1]:1738183 [2]:76 [3]:359
[0]:16645269 [1]:1759782 [2]:76 [3]:359
[0]:16850272 [1]:1782863 [2]:76 [3]:60
[0]:17063962 [1]:1807177 [2]:76 [3]:346
[0]:17254530 [1]:1828621 [2]:76 [3]:51
[0]:17454204 [1]:1851090 [2]:76 [3]:65
[0]:17644376 [1]:1872537 [2]:76 [3]:359
[0]:17844744 [1]:1895182 [2]:76 [3]:350
[0]:18047342 [1]:1918205 [2]:76 [3]:365
[0]:18299901 [1]:1946730 [2]:76 [3]:77
[0]:18486242 [1]:1967831 [2]:76 [3]:85
[0]:18691578 [1]:1990831 [2]:76 [3]:359
[0]:18881268 [1]:2012153 [2]:76 [3]:77
[0]:19090355 [1]:2035695 [2]:76 [3]:56
[0]:19285269 [1]:2057577 [2]:76 [3]:70
[0]:19481120 [1]:2079684 [2]:76 [3]:365
[0]:19680349 [1]:2102144 [2]:76 [3]:61
[0]:19882008 [1]:2124956 [2]:76 [3]:55
[0]:20071374 [1]:2146247 [2]:76 [3]:60
[0]:20258660 [1]:2167521 [2]:76 [3]:361
[0]:20455030 [1]:2189632 [2]:76 [3]:360
[0]:20666475 [1]:2213599 [2]:76 [3]:365
[0]:20867533 [1]:2236275 [2]:76 [3]:370
[0]:21066418 [1]:2258643 [2]:76 [3]:63
[0]:21313916 [1]:2286555 [2]:76 [3]:68
[0]:21509248 [1]:2308529 [2]:76 [3]:61
[0]:21696118 [1]:2329774 [2]:76 [3]:65
[0]:21890908 [1]:2351737 [2]:76 [3]:68
[0]:22085739 [1]:2373681 [2]:76 [3]:362
[0]:22283112 [1]:2395857 [2]:76 [3]:61
[0]:22495719 [1]:2419838 [2]:76 [3]:67
[0]:22699454 [1]:2442774 [2]:76 [3]:55
[0]:22913428 [1]:2466848 [2]:76 [3]:71
[0]:23104563 [1]:2488295 [2]:76 [3]:370
[0]:23299396 [1]:2510142 [2]:76 [3]:61
[0]:23548486 [1]:2538369 [2]:76 [3]:67
[0]:23759277 [1]:2562134 [2]:76 [3]:58
[0]:23958006 [1]:2584798 [2]:76 [3]:68
[0]:24151995 [1]:2606681 [2]:76 [3]:359
[0]:24347244 [1]:2628718 [2]:76 [3]:75
[0]:24540068 [1]:2650602 [2]:76 [3]:359
[0]:24728534 [1]:2671848 [2]:76 [3]:65
[0]:24923903 [1]:2693882 [2]:76 [3]:57
[0]:25121207 [1]:2716061 [2]:76 [3]:61
[0]:25341522 [1]:2740738 [2]:76 [3]:349
[0]:25530533 [1]:2762277 [2]:76 [3]:354
[0]:25724984 [1]:2784396 [2]:76 [3]:72
[0]:25919739 [1]:2806374 [2]:76 [3]:65
[0]:26114501 [1]:2828242 [2]:76 [3]:59
[0]:26313136 [1]:2850542 [2]:76 [3]:49
[0]:26534068 [1]:2875464 [2]:76 [3]:86
[0]:26724949 [1]:2897097 [2]:76 [3]:361
[0]:26927021 [1]:2919946 [2]:76 [3]:73
[0]:27129336 [1]:2942707 [2]:76 [3]:68
[0]:27327702 [1]:2965148 [2]:76 [3]:72
[0]:27518687 [1]:2986692 [2]:76 [3]:373
