[0]:57311389 [1]:7407068 [2]:151 [3]:360
[0]:57507039 [1]:7452198 [2]:151 [3]:369
[0]:57710628 [1]:7499172 [2]:151 [3]:360
[0]:57910552 [1]:7545323 [2]:151 [3]:59
[0]:58108901 [1]:7591149 [2]:151 [3]:364
[0]:58303484 [1]:7636142 [2]:154 [3]:56
[0]:58527569 [1]:7687761 [2]:154 [3]:364
[0]:58732662 [1]:7735078 [2]:154 [3]:363
[0]:58927542 [1]:7780051 [2]:154 [3]:362
[0]:59120868 [1]:7824678 [2]:154 [3]:360
[0]:59318844 [1]:7870357 [2]:154 [3]:67
[0]:59539002 [1]:7921108 [2]:154 [3]:359
[0]:59733055 [1]:7965948 [2]:154 [3]:59
[0]:59927037 [1]:8010775 [2]:154 [3]:368
[0]:60114015 [1]:8053949 [2]:154 [3]:356
[0]:60330189 [1]:8103828 [2]:154 [3]:346
[0]:60543186 [1]:8152973 [2]:154 [3]:64
[0]:60733508 [1]:8196893 [2]:154 [3]:358
[0]:60928446 [1]:8241900 [2]:154 [3]:352
[0]:61135464 [1]:8289665 [2]:161 [3]:357
[0]:61322947 [1]:8332855 [2]:161 [3]:366
[0]:61513618 [1]:8376930 [2]:161 [3]:362
[0]:61704002 [1]:8420948 [2]:161 [3]:366
[0]:61897404 [1]:8465622 [2]:161 [3]:363
[0]:62095688 [1]:8511422 [2]:161 [3]:362
[0]:62289981 [1]:8556217 [2]:161 [3]:59
[0]:62486317 [1]:8601556 [2]:161 [3]:363
[0]:62677883 [1]:8645791 [2]:161 [3]:365
[0]:62875982 [1]:8691604 [2]:161 [3]:356
[0]:63073709 [1]:8737204 [2]:161 [3]:357
[0]:63264016 [1]:8781070 [2]:161 [3]:362
[0]:63458272 [1]:8825905 [2]:161 [3]:362
[0]:63671369 [1]:8875151 [2]:161 [3]:360
[0]:63876295 [1]:8922540 [2]:164 [3]:369
[0]:64126268 [1]:8980299 [2]:164 [3]:57
[0]:64315633 [1]:9024046 [2]:164 [3]:356
[0]:64514280 [1]:9069932 [2]:164 [3]:359
[0]:64712270 [1]:9115646 [2]:164 [3]:64
[0]:64902499 [1]:9159543 [2]:164 [3]:362
[0]:65093024 [1]:9203478 [2]:164 [3]:54
[0]:65283266 [1]:9247430 [2]:164 [3]:54
[0]:65476243 [1]:9292066 [2]:164 [3]:364
[0]:65666545 [1]:9335995 [2]:164 [3]:57
[0]:65928682 [1]:9396424 [2]:164 [3]:360
[0]:66126660 [1]:9442201 [2]:164 [3]:350
[0]:66376859 [1]:9500027 [2]:164 [3]:364
[0]:66567202 [1]:9543999 [2]:164 [3]:61
[0]:66797292 [1]:9597181 [2]:166 [3]:364
[0]:66991517 [1]:9641975 [2]:166 [3]:58
[0]:67197407 [1]:9689514 [2]:166 [3]:365
[0]:67403396 [1]:9737099 [2]:166 [3]:358
[0]:67603529 [1]:9783306 [2]:166 [3]:363
[0]:67802628 [1]:9829261 [2]:166 [3]:362
[0]:67996709 [1]:9874036 [2]:166 [3]:357
[0]:68187158 [1]:9918056 [2]:166 [3]:366
[0]:68381126 [1]:9962886 [2]:166 [3]:360
[0]:68575238 [1]:10007732 [2]:166 [3]:355
[0]:68787994 [1]:10056827 [2]:166 [3]:367
[0]:68981875 [1]:10101664 [2]:166 [3]:365
[0]:69186487 [1]:10148890 [2]:166 [3]:355
[0]:69403682 [1]:10198989 [2]:166 [3]:63
[0]:69588436 [1]:10241629 [2]:167 [3]:354
[0]:69773143 [1]:10284249 [2]:167 [3]:58
[0]:69957513 [1]:10326846 [2]:167 [3]:362
[0]:70161985 [1]:10374051 [2]:167 [3]:360
[0]:70351926 [1]:10417940 [2]:167 [3]:358
[0]:70542264 [1]:10461889 [2]:167 [3]:364
[0]:70751294 [1]:10510045 [2]:167 [3]:59
[0]:70945937 [1]:10555020 [2]:167 [3]:364
[0]:71176725 [1]:10608290 [2]:167 [3]:361
[0]:71363204 [1]:10651393 [2]:167 [3]:363
[0]:71553519 [1]:10695283 [2]:167 [3]:58
[0]:71747826 [1]:10740135 [2]:167 [3]:359
[0]:71960670 [1]:10789215 [2]:167 [3]:364
[0]:72153988 [1]:10833811 [2]:167 [3]:63
[0]:72339102 [1]:10876553 [2]:167 [3]:365
[0]:72535534 [1]:10921852 [2]:167 [3]:362
[0]:72721297 [1]:10964833 [2]:167 [3]:362
[0]:72916249 [1]:11009848 [2]:167 [3]:363
[0]:73117020 [1]:11056182 [2]:167 [3]:357
[0]:73311775 [1]:11101183 [2]:167 [3]:57
[0]:73494632 [1]:11143350 [2]:167 [3]:366
[0]:73681035 [1]:11186455 [2]:167 [3]:351
[0]:73902499 [1]:11237571 [2]:167 [3]:60
[0]:74084261 [1]:11279661 [2]:167 [3]:365
[0]:74291230 [1]:11327396 [2]:167 [3]:362
[0]:74502529 [1]:11376135 [2]:167 [3]:371
[0]:74726252 [1]:11427877 [2]:167 [3]:359
[0]:74920490 [1]:11472746 [2]:167 [3]:362
[0]:75110670 [1]:11516606 [2]:167 [3]:61
[0]:75319855 [1]:11564818 [2]:167 [3]:367
[0]:75511614 [1]:11609132 [2]:167 [3]:362
[0]:75719136 [1]:11657048 [2]:167 [3]:360
[0]:75911086 [1]:11701354 [2]:167 [3]:362
[0]:76148470 [1]:11756167 [2]:167 [3]:357
[0]:76339792 [1]:11800329 [2]:167 [3]:358
[0]:76528912 [1]:11844012 [2]:167 [3]:360
[0]:76719438 [1]:11888007 [2]:167 [3]:360
[0]:76916747 [1]:11933533 [2]:167 [3]:366
[0]:77137334 [1]:11984415 [2]:167 [3]:353
[0]:77331500 [1]:12029215 [2]:167 [3]:362
[0]:77527735 [1]:12074481 [2]:167 [3]:356
[0]:77754537 [1]:12126896 [2]:167 [3]:362
[0]:77999618 [1]:12183528 [2]:167 [3]:367
[0]:78193804 [1]:12228282 [2]:167 [3]:366
[0]:78406487 [1]:12277381 [2]:167 [3]:366
[0]:78592944 [1]:12320462 [2]:167 [3]:362
[0]:78827204 [1]:12374537 [2]:167 [3]:357
[0]:79014820 [1]:12417776 [2]:167 [3]:362
[0]:79205257 [1]:12461738 [2]:167 [3]:358
[0]:79407013 [1]:12508338 [2]:167 [3]:357
[0]:79597342 [1]:12552259 [2]:167 [3]:361
[0]:79790555 [1]:12596872 [2]:167 [3]:362
[0]:79985413 [1]:12641827 [2]:167 [3]:356
[0]:80176000 [1]:12685831 [2]:167 [3]:360
[0]:80365748 [1]:12729681 [2]:167 [3]:369
[0]:80563723 [1]:12775373 [2]:167 [3]:357
[0]:80754293 [1]:12819378 [2]:167 [3]:361
[0]:80993169 [1]:12874508 [2]:167 [3]:361
[0]:81187139 [1]:12919268 [2]:167 [3]:360
[0]:81388532 [1]:12965840 [2]:167 [3]:360
[0]:81582908 [1]:13010753 [2]:167 [3]:355
[0]:81776971 [1]:13055552 [2]:167 [3]:357
[0]:81966473 [1]:13099257 [2]:167 [3]:359
[0]:82156697 [1]:13143162 [2]:167 [3]:360
[0]:82369126 [1]:13192273 [2]:167 [3]:362
[0]:82556902 [1]:13235683 [2]:167 [3]:361
[0]:82773434 [1]:13285612 [2]:167 [3]:364
[0]:82975024 [1]:13332150 [2]:167 [3]:360
[0]:83176574 [1]:13378671 [2]:167 [3]:364
[0]:83377956 [1]:13425213 [2]:167 [3]:358
[0]:83568582 [1]:13469213 [2]:167 [3]:361
[0]:83770255 [1]:13515684 [2]:167 [3]:362
[0]:83965754 [1]:13560881 [2]:167 [3]:56
[0]:84164467 [1]:13606792 [2]:167 [3]:356
[0]:84372982 [1]:13654971 [2]:167 [3]:355
[0]:84561270 [1]:13698480 [2]:167 [3]:354
[0]:84762884 [1]:13744927 [2]:167 [3]:364
[0]:84972064 [1]:13793248 [2]:167 [3]:362
