[0]:567573173 [1]:567573174 [2]:0 [3]:50
[0]:569011365 [1]:569011362 [2]:0 [3]:45
[0]:570236619 [1]:570236627 [2]:0 [3]:13
[0]:571436962 [1]:571436962 [2]:0 [3]:17
[0]:572604024 [1]:572604024 [2]:0 [3]:10
[0]:573727547 [1]:573727546 [2]:0 [3]:50
[0]:574860161 [1]:574860162 [2]:0 [3]:49
[0]:576050037 [1]:576050037 [2]:0 [3]:10
[0]:577184936 [1]:577184941 [2]:0 [3]:14
[0]:578475793 [1]:578475815 [2]:0 [3]:48
[0]:579669350 [1]:579669353 [2]:0 [3]:56
[0]:580774856 [1]:580774858 [2]:0 [3]:12
[0]:581958712 [1]:581958712 [2]:0 [3]:49
[0]:583111187 [1]:583111193 [2]:0 [3]:12
[0]:584369147 [1]:584369155 [2]:0 [3]:21
[0]:585587634 [1]:585587637 [2]:0 [3]:14
[0]:586770503 [1]:586770503 [2]:0 [3]:54
[0]:588182166 [1]:588182176 [2]:0 [3]:11
[0]:589432029 [1]:589432038 [2]:0 [3]:13
[0]:590504878 [1]:590504881 [2]:0 [3]:13
[0]:591559693 [1]:591559701 [2]:0 [3]:14
[0]:592621785 [1]:592621785 [2]:0 [3]:50
[0]:593695877 [1]:593695877 [2]:0 [3]:12
[0]:594845427 [1]:594845431 [2]:0 [3]:13
[0]:595954420 [1]:595954423 [2]:0 [3]:12
[0]:597022393 [1]:597022393 [2]:0 [3]:46
[0]:598055863 [1]:598055865 [2]:0 [3]:13
[0]:599093623 [1]:599093624 [2]:0 [3]:50
[0]:600104695 [1]:600104697 [2]:0 [3]:14
[0]:601147109 [1]:601147111 [2]:0 [3]:13
[0]:602225443 [1]:602225452 [2]:0 [3]:11
[0]:603244986 [1]:603244993 [2]:0 [3]:15
[0]:604311105 [1]:604311105 [2]:0 [3]:49
[0]:605337920 [1]:605337919 [2]:0 [3]:53
[0]:606946006 [1]:606946006 [2]:0 [3]:10
[0]:608180122 [1]:608180119 [2]:0 [3]:48
[0]:609325999 [1]:609325999 [2]:0 [3]:48
[0]:610503321 [1]:610503321 [2]:0 [3]:52
[0]:611555258 [1]:611555261 [2]:0 [3]:11
[0]:612590247 [1]:612590328 [2]:0 [3]:7
[0]:613621840 [1]:613621866 [2]:0 [3]:15
[0]:614846460 [1]:614846463 [2]:0 [3]:10
[0]:615885463 [1]:615885459 [2]:0 [3]:9
[0]:616920288 [1]:616920286 [2]:0 [3]:54
[0]:617947888 [1]:617947899 [2]:0 [3]:15
[0]:618973011 [1]:618973018 [2]:0 [3]:10
[0]:620037232 [1]:620037239 [2]:0 [3]:11
[0]:621095398 [1]:621095400 [2]:0 [3]:50
[0]:622126011 [1]:622126008 [2]:0 [3]:50
[0]:623162219 [1]:623162280 [2]:0 [3]:48
[0]:624242935 [1]:624242934 [2]:0 [3]:14
[0]:625632279 [1]:625632281 [2]:0 [3]:13
[0]:626920772 [1]:626920782 [2]:0 [3]:12
[0]:628191481 [1]:628191482 [2]:0 [3]:15
[0]:629339547 [1]:629339549 [2]:0 [3]:45
[0]:630516619 [1]:630516629 [2]:0 [3]:25
[0]:631667678 [1]:631667691 [2]:0 [3]:17
[0]:632758751 [1]:632758764 [2]:0 [3]:13
[0]:633923679 [1]:633923704 [2]:0 [3]:11
[0]:635108838 [1]:635108843 [2]:0 [3]:47
[0]:636285453 [1]:636285495 [2]:0 [3]:8
[0]:637447804 [1]:637447809 [2]:0 [3]:9
[0]:638626147 [1]:638626181 [2]:0 [3]:7
[0]:639749037 [1]:639749037 [2]:0 [3]:13
[0]:641048996 [1]:641048996 [2]:0 [3]:41
[0]:642196158 [1]:642196158 [2]:0 [3]:53
[0]:643375514 [1]:643375531 [2]:0 [3]:7
[0]:644534367 [1]:644534380 [2]:0 [3]:8
[0]:645648046 [1]:645648044 [2]:0 [3]:13
[0]:646948992 [1]:646948984 [2]:0 [3]:10
[0]:648068889 [1]:648068889 [2]:0 [3]:54
[0]:649122633 [1]:649122635 [2]:0 [3]:52
[0]:650206992 [1]:650206992 [2]:0 [3]:13
[0]:651292584 [1]:651292579 [2]:0 [3]:11
[0]:652389586 [1]:652389609 [2]:0 [3]:12
[0]:653650409 [1]:653650409 [2]:0 [3]:50
[0]:654664271 [1]:654664269 [2]:0 [3]:10
[0]:655689369 [1]:655689369 [2]:0 [3]:48
[0]:656742078 [1]:656742079 [2]:0 [3]:13
