[0]:0 [1]:0 [2]:0 [3]:0
[0]:0 [1]:0 [2]:0 [3]:0
[0]:223894 [1]:0 [2]:0 [3]:309
[0]:453556 [1]:0 [2]:0 [3]:55
[0]:690128 [1]:0 [2]:0 [3]:53
[0]:927046 [1]:0 [2]:0 [3]:98
[0]:1154863 [1]:0 [2]:0 [3]:77
[0]:1387328 [1]:0 [2]:0 [3]:322
[0]:1616279 [1]:0 [2]:0 [3]:63
[0]:1839292 [1]:0 [2]:0 [3]:310
[0]:2057032 [1]:0 [2]:0 [3]:310
[0]:2265926 [1]:19023 [2]:120 [3]:365
[0]:2477961 [1]:42952 [2]:120 [3]:64
[0]:2670059 [1]:64804 [2]:120 [3]:364
[0]:2855388 [1]:85716 [2]:120 [3]:364
[0]:3051686 [1]:108102 [2]:120 [3]:64
[0]:3245155 [1]:129886 [2]:120 [3]:51
[0]:3448620 [1]:152889 [2]:120 [3]:366
[0]:3643399 [1]:174878 [2]:120 [3]:60
[0]:3832727 [1]:196407 [2]:120 [3]:73
[0]:4027942 [1]:218447 [2]:120 [3]:370
[0]:4227318 [1]:240896 [2]:120 [3]:55
[0]:4426678 [1]:263483 [2]:120 [3]:56
[0]:4622116 [1]:285527 [2]:120 [3]:65
[0]:4818961 [1]:307747 [2]:120 [3]:62
[0]:5010022 [1]:329288 [2]:120 [3]:65
[0]:5212075 [1]:352011 [2]:114 [3]:69
[0]:5413059 [1]:374783 [2]:114 [3]:77
[0]:5641246 [1]:400533 [2]:114 [3]:77
[0]:5839624 [1]:422888 [2]:114 [3]:84
[0]:6038465 [1]:445415 [2]:114 [3]:70
[0]:6258399 [1]:470277 [2]:114 [3]:369
[0]:6455163 [1]:492418 [2]:114 [3]:58
[0]:6657318 [1]:515239 [2]:114 [3]:360
[0]:6866643 [1]:538989 [2]:114 [3]:368
[0]:7061514 [1]:561021 [2]:114 [3]:354
[0]:7259713 [1]:583325 [2]:114 [3]:70
[0]:7456430 [1]:605652 [2]:114 [3]:58
[0]:7648777 [1]:627334 [2]:114 [3]:72
[0]:7840244 [1]:648942 [2]:114 [3]:363
[0]:8076042 [1]:675591 [2]:114 [3]:363
[0]:8267086 [1]:697149 [2]:109 [3]:57
[0]:8469266 [1]:720034 [2]:109 [3]:60
[0]:8663765 [1]:742063 [2]:109 [3]:54
[0]:8860017 [1]:764231 [2]:109 [3]:73
[0]:9058600 [1]:786661 [2]:109 [3]:62
[0]:9257823 [1]:809108 [2]:109 [3]:60
[0]:9463750 [1]:832342 [2]:109 [3]:62
[0]:9659993 [1]:854508 [2]:109 [3]:362
[0]:9865179 [1]:877758 [2]:109 [3]:66
[0]:10086928 [1]:902653 [2]:109 [3]:60
[0]:10281939 [1]:924674 [2]:109 [3]:369
[0]:10479825 [1]:946998 [2]:109 [3]:362
[0]:10672587 [1]:968732 [2]:109 [3]:351
[0]:10878010 [1]:992029 [2]:109 [3]:356
[0]:11084746 [1]:1015513 [2]:109 [3]:355
[0]:11288703 [1]:1038643 [2]:105 [3]:366
[0]:11531884 [1]:1066022 [2]:105 [3]:69
[0]:11726269 [1]:1088087 [2]:105 [3]:76
[0]:11949224 [1]:1113225 [2]:105 [3]:75
[0]:12145608 [1]:1135477 [2]:105 [3]:70
[0]:12347642 [1]:1158213 [2]:105 [3]:68
[0]:12542650 [1]:1180117 [2]:105 [3]:64
[0]:12739632 [1]:1202308 [2]:105 [3]:75
[0]:12931962 [1]:1223939 [2]:105 [3]:361
[0]:13129677 [1]:1246249 [2]:105 [3]:359
[0]:13321116 [1]:1267855 [2]:105 [3]:58
[0]:13554019 [1]:1294077 [2]:105 [3]:64
[0]:13751270 [1]:1316225 [2]:105 [3]:66
[0]:13952698 [1]:1338903 [2]:105 [3]:66
[0]:14218631 [1]:1368893 [2]:105 [3]:75
[0]:14412996 [1]:1390793 [2]:101 [3]:360
[0]:14599644 [1]:1411901 [2]:101 [3]:356
[0]:14818382 [1]:1436709 [2]:101 [3]:362
[0]:15013370 [1]:1458898 [2]:101 [3]:59
[0]:15208693 [1]:1480920 [2]:101 [3]:367
[0]:15407045 [1]:1503386 [2]:101 [3]:57
[0]:15635001 [1]:1529135 [2]:101 [3]:374
[0]:15841390 [1]:1552506 [2]:101 [3]:371
[0]:16039715 [1]:1574891 [2]:101 [3]:57
[0]:16257146 [1]:1599376 [2]:101 [3]:66
[0]:16449394 [1]:1621213 [2]:101 [3]:372
[0]:16665327 [1]:1645515 [2]:101 [3]:51
[0]:16867444 [1]:1668298 [2]:101 [3]:69
[0]:17073477 [1]:1691430 [2]:101 [3]:367
[0]:17268052 [1]:1713590 [2]:101 [3]:64
[0]:17462292 [1]:1735459 [2]:97 [3]:367
[0]:17675864 [1]:1759748 [2]:97 [3]:53
[0]:17870406 [1]:1781570 [2]:97 [3]:368
[0]:18061863 [1]:1803148 [2]:97 [3]:372
[0]:18251308 [1]:1824545 [2]:97 [3]:362
[0]:18449956 [1]:1846891 [2]:97 [3]:53
[0]:18645846 [1]:1869030 [2]:97 [3]:64
[0]:18844056 [1]:1891331 [2]:97 [3]:371
[0]:19102854 [1]:1920457 [2]:97 [3]:364
[0]:19301378 [1]:1942912 [2]:97 [3]:356
[0]:19497563 [1]:1965117 [2]:97 [3]:64
[0]:19690922 [1]:1986884 [2]:97 [3]:69
[0]:19885826 [1]:2008791 [2]:97 [3]:368
[0]:20080323 [1]:2030735 [2]:97 [3]:73
[0]:20275051 [1]:2052911 [2]:97 [3]:63
[0]:20473173 [1]:2075190 [2]:94 [3]:367
[0]:20696742 [1]:2100490 [2]:94 [3]:61
[0]:20887917 [1]:2122033 [2]:94 [3]:60
[0]:21083953 [1]:2144208 [2]:94 [3]:360
[0]:21273103 [1]:2165554 [2]:94 [3]:60
[0]:21474645 [1]:2188382 [2]:94 [3]:74
[0]:21672494 [1]:2210660 [2]:94 [3]:358
[0]:21865942 [1]:2232350 [2]:94 [3]:365
[0]:22066389 [1]:2254959 [2]:94 [3]:55
[0]:22270724 [1]:2278217 [2]:94 [3]:355
[0]:22463141 [1]:2300040 [2]:94 [3]:54
[0]:22665637 [1]:2323028 [2]:94 [3]:365
[0]:22882699 [1]:2347592 [2]:94 [3]:359
[0]:23090144 [1]:2371090 [2]:94 [3]:363
[0]:23281212 [1]:2392578 [2]:94 [3]:62
[0]:23479886 [1]:2414924 [2]:84 [3]:361
[0]:23685899 [1]:2438047 [2]:84 [3]:88
[0]:23880670 [1]:2459999 [2]:84 [3]:353
[0]:24082894 [1]:2482912 [2]:84 [3]:56
[0]:24276115 [1]:2504580 [2]:84 [3]:364
[0]:24472122 [1]:2526742 [2]:84 [3]:66
[0]:24678145 [1]:2550012 [2]:84 [3]:367
[0]:24891821 [1]:2574003 [2]:84 [3]:63
[0]:25088207 [1]:2596188 [2]:84 [3]:363
[0]:25274263 [1]:2617090 [2]:84 [3]:356
[0]:25506147 [1]:2643141 [2]:84 [3]:362
[0]:25712299 [1]:2666303 [2]:84 [3]:69
[0]:25928319 [1]:2690633 [2]:84 [3]:58
[0]:26124773 [1]:2712769 [2]:84 [3]:56
[0]:26319107 [1]:2734765 [2]:84 [3]:359
[0]:26511719 [1]:2756886 [2]:84 [3]:82
[0]:26704062 [1]:2778537 [2]:82 [3]:344
[0]:26909990 [1]:2801765 [2]:82 [3]:58
[0]:27112152 [1]:2824668 [2]:82 [3]:63
[0]:27314621 [1]:2847459 [2]:82 [3]:69
[0]:27516886 [1]:2870116 [2]:82 [3]:366
