[0]:91900977 [1]:12330881 [2]:100 [3]:355
[0]:92087607 [1]:12362920 [2]:100 [3]:365
[0]:92293291 [1]:12398164 [2]:100 [3]:360
[0]:92506313 [1]:12434734 [2]:100 [3]:351
[0]:92697312 [1]:12467523 [2]:100 [3]:366
[0]:92895761 [1]:12501481 [2]:100 [3]:70
[0]:93093116 [1]:12535333 [2]:100 [3]:361
[0]:93287463 [1]:12568651 [2]:100 [3]:361
[0]:93486211 [1]:12602793 [2]:100 [3]:360
[0]:93680001 [1]:12636074 [2]:100 [3]:363
[0]:93874361 [1]:12669286 [2]:105 [3]:63
[0]:94068631 [1]:12702666 [2]:105 [3]:361
[0]:94266685 [1]:12736680 [2]:105 [3]:69
[0]:94475961 [1]:12772696 [2]:105 [3]:58
[0]:94688691 [1]:12809157 [2]:105 [3]:358
[0]:94887311 [1]:12843178 [2]:105 [3]:363
[0]:95088961 [1]:12877758 [2]:105 [3]:63
[0]:95313240 [1]:12916280 [2]:105 [3]:354
[0]:95507374 [1]:12949624 [2]:105 [3]:61
[0]:95704436 [1]:12983308 [2]:106 [3]:358
[0]:95892524 [1]:13015541 [2]:106 [3]:360
[0]:96100830 [1]:13051189 [2]:106 [3]:359
[0]:96311214 [1]:13087307 [2]:106 [3]:361
[0]:96504654 [1]:13120443 [2]:106 [3]:65
[0]:96703561 [1]:13154622 [2]:106 [3]:359
[0]:96900128 [1]:13188404 [2]:106 [3]:54
[0]:97096258 [1]:13221979 [2]:106 [3]:366
[0]:97316562 [1]:13259749 [2]:106 [3]:356
[0]:97551957 [1]:13300178 [2]:106 [3]:57
[0]:97764027 [1]:13336596 [2]:107 [3]:362
[0]:97970534 [1]:13372155 [2]:107 [3]:61
[0]:98161073 [1]:13404865 [2]:107 [3]:60
[0]:98366759 [1]:13440104 [2]:107 [3]:60
[0]:98568582 [1]:13474656 [2]:107 [3]:62
[0]:98779467 [1]:13510872 [2]:107 [3]:360
[0]:98972942 [1]:13544070 [2]:107 [3]:353
[0]:99176051 [1]:13578925 [2]:107 [3]:74
[0]:99372091 [1]:13612584 [2]:107 [3]:354
[0]:99566558 [1]:13645910 [2]:107 [3]:365
[0]:99804995 [1]:13686825 [2]:107 [3]:351
[0]:100003748 [1]:13720895 [2]:107 [3]:368
[0]:100268655 [1]:13766286 [2]:107 [3]:54
[0]:100461716 [1]:13799495 [2]:107 [3]:58
[0]:100665337 [1]:13834488 [2]:107 [3]:365
[0]:100866904 [1]:13869186 [2]:107 [3]:365
[0]:101076430 [1]:13905119 [2]:107 [3]:364
[0]:101285111 [1]:13940895 [2]:107 [3]:364
[0]:101483795 [1]:13974997 [2]:107 [3]:358
[0]:101685506 [1]:14009600 [2]:107 [3]:64
[0]:101883534 [1]:14043548 [2]:107 [3]:359
[0]:102089189 [1]:14078787 [2]:107 [3]:356
[0]:102287299 [1]:14112878 [2]:107 [3]:364
[0]:102489886 [1]:14147661 [2]:107 [3]:66
[0]:102694677 [1]:14182820 [2]:107 [3]:357
[0]:102901624 [1]:14218343 [2]:107 [3]:364
[0]:103094467 [1]:14251441 [2]:107 [3]:359
[0]:103288767 [1]:14284788 [2]:107 [3]:369
[0]:103494072 [1]:14319881 [2]:107 [3]:366
[0]:103696247 [1]:14354762 [2]:107 [3]:355
[0]:103894171 [1]:14388707 [2]:107 [3]:58
[0]:104108709 [1]:14425459 [2]:107 [3]:363
[0]:104301101 [1]:14458466 [2]:107 [3]:365
[0]:104499822 [1]:14492552 [2]:107 [3]:370
[0]:104701506 [1]:14527113 [2]:107 [3]:61
[0]:104915224 [1]:14563671 [2]:107 [3]:356
[0]:105124191 [1]:14599491 [2]:107 [3]:364
[0]:105324007 [1]:14633762 [2]:107 [3]:64
[0]:105535342 [1]:14669981 [2]:107 [3]:64
[0]:105744555 [1]:14705907 [2]:107 [3]:59
[0]:105950197 [1]:14741091 [2]:107 [3]:69
[0]:106163173 [1]:14777745 [2]:107 [3]:85
[0]:106360956 [1]:14811578 [2]:107 [3]:61
[0]:106551755 [1]:14844436 [2]:107 [3]:366
