[0]:0 [1]:0 [2]:0 [3]:0
[0]:0 [1]:0 [2]:0 [3]:0
[0]:0 [1]:0 [2]:0 [3]:0
[0]:541540 [1]:0 [2]:0 [3]:11
[0]:2239835 [1]:0 [2]:0 [3]:12
[0]:4035245 [1]:0 [2]:0 [3]:8
[0]:5768118 [1]:0 [2]:0 [3]:11
[0]:7516879 [1]:0 [2]:0 [3]:31
[0]:9184889 [1]:0 [2]:0 [3]:29
[0]:10960568 [1]:0 [2]:0 [3]:31
[0]:12630183 [1]:0 [2]:0 [3]:8
[0]:14363590 [1]:0 [2]:0 [3]:33
[0]:16123352 [1]:0 [2]:0 [3]:9
[0]:17786448 [1]:0 [2]:0 [3]:11
[0]:19436185 [1]:0 [2]:0 [3]:30
[0]:21130936 [1]:0 [2]:0 [3]:10
[0]:22805793 [1]:0 [2]:0 [3]:8
[0]:24650808 [1]:0 [2]:0 [3]:11
[0]:27015958 [1]:0 [2]:0 [3]:9
[0]:28880093 [1]:0 [2]:0 [3]:10
[0]:30730579 [1]:0 [2]:0 [3]:11
[0]:32393910 [1]:0 [2]:0 [3]:9
[0]:34233229 [1]:0 [2]:0 [3]:30
[0]:35976288 [1]:0 [2]:0 [3]:30
[0]:37690718 [1]:0 [2]:0 [3]:11
[0]:39357584 [1]:0 [2]:0 [3]:31
[0]:41039822 [1]:0 [2]:0 [3]:32
[0]:42845737 [1]:0 [2]:0 [3]:13
[0]:44471760 [1]:0 [2]:0 [3]:29
[0]:46384157 [1]:0 [2]:0 [3]:9
[0]:48057599 [1]:0 [2]:0 [3]:14
[0]:49756721 [1]:0 [2]:0 [3]:9
[0]:51644332 [1]:0 [2]:0 [3]:9
[0]:53902080 [1]:0 [2]:0 [3]:13
[0]:55978090 [1]:0 [2]:0 [3]:8
[0]:58229745 [1]:0 [2]:0 [3]:8
[0]:60305339 [1]:0 [2]:0 [3]:8
[0]:62184576 [1]:0 [2]:0 [3]:30
[0]:64689292 [1]:0 [2]:0 [3]:10
[0]:66626843 [1]:0 [2]:0 [3]:10
[0]:68433223 [1]:0 [2]:0 [3]:11
[0]:70411784 [1]:0 [2]:0 [3]:10
[0]:72325801 [1]:0 [2]:0 [3]:32
[0]:74190245 [1]:0 [2]:0 [3]:13
[0]:76035673 [1]:0 [2]:0 [3]:8
[0]:77962227 [1]:0 [2]:0 [3]:30
[0]:79861943 [1]:0 [2]:0 [3]:11
[0]:81715728 [1]:0 [2]:0 [3]:8
[0]:83608039 [1]:0 [2]:0 [3]:9
[0]:85548224 [1]:0 [2]:0 [3]:33
[0]:87477178 [1]:0 [2]:0 [3]:32
[0]:89341302 [1]:0 [2]:0 [3]:11
[0]:91263104 [1]:0 [2]:0 [3]:31
[0]:93016909 [1]:0 [2]:0 [3]:12
[0]:94783712 [1]:0 [2]:0 [3]:34
[0]:96559037 [1]:0 [2]:0 [3]:31
[0]:98219707 [1]:0 [2]:0 [3]:34
[0]:100000570 [1]:0 [2]:0 [3]:11
[0]:101743612 [1]:0 [2]:0 [3]:11
[0]:103450291 [1]:0 [2]:0 [3]:35
[0]:105159191 [1]:0 [2]:0 [3]:8
[0]:106785008 [1]:0 [2]:0 [3]:30
[0]:108561536 [1]:0 [2]:0 [3]:31
[0]:110301786 [1]:0 [2]:0 [3]:10
[0]:111929560 [1]:0 [2]:0 [3]:32
[0]:113615852 [1]:0 [2]:0 [3]:12
[0]:115517001 [1]:0 [2]:0 [3]:10
[0]:117593232 [1]:0 [2]:0 [3]:32
[0]:119529348 [1]:0 [2]:0 [3]:11
[0]:121443990 [1]:0 [2]:0 [3]:8
[0]:123197593 [1]:0 [2]:0 [3]:25
[0]:124868443 [1]:0 [2]:0 [3]:9
[0]:126509195 [1]:0 [2]:0 [3]:11
[0]:128191115 [1]:0 [2]:0 [3]:10
[0]:129902208 [1]:0 [2]:0 [3]:10
[0]:131628569 [1]:0 [2]:0 [3]:30
[0]:133372851 [1]:0 [2]:0 [3]:9
[0]:134686157 [1]:239563 [2]:7 [3]:11
[0]:135718229 [1]:736683 [2]:7 [3]:11
[0]:136788865 [1]:1284832 [2]:7 [3]:12
[0]:137945958 [1]:1879883 [2]:7 [3]:18
[0]:139074338 [1]:2450292 [2]:7 [3]:10
[0]:140380429 [1]:3120083 [2]:7 [3]:56
[0]:141664376 [1]:3770666 [2]:7 [3]:59
[0]:142908109 [1]:4408697 [2]:7 [3]:15
[0]:144057435 [1]:5003300 [2]:7 [3]:50
[0]:145434682 [1]:5706965 [2]:7 [3]:13
[0]:146582190 [1]:6294023 [2]:7 [3]:50
[0]:147705577 [1]:6871479 [2]:7 [3]:13
[0]:148886171 [1]:7473035 [2]:7 [3]:57
[0]:150024584 [1]:8056476 [2]:7 [3]:55
[0]:151169524 [1]:8647515 [2]:7 [3]:16
[0]:152312280 [1]:9235138 [2]:7 [3]:17
[0]:153428444 [1]:9806217 [2]:7 [3]:51
[0]:154526409 [1]:10365215 [2]:7 [3]:51
[0]:155723281 [1]:10979147 [2]:7 [3]:14
[0]:156859812 [1]:11562029 [2]:7 [3]:10
[0]:158006651 [1]:12147432 [2]:7 [3]:10
[0]:159178410 [1]:12745221 [2]:7 [3]:11
[0]:160312567 [1]:13323762 [2]:7 [3]:12
[0]:161458432 [1]:13912829 [2]:7 [3]:55
[0]:162823368 [1]:14608011 [2]:7 [3]:54
[0]:163959896 [1]:15191709 [2]:7 [3]:47
[0]:164992554 [1]:15721958 [2]:7 [3]:9
[0]:166049196 [1]:16259394 [2]:7 [3]:15
[0]:167068902 [1]:16786729 [2]:7 [3]:11
[0]:168091452 [1]:17306301 [2]:7 [3]:47
[0]:169111502 [1]:17830819 [2]:7 [3]:12
[0]:170133016 [1]:18350607 [2]:7 [3]:51
[0]:171179177 [1]:18887860 [2]:7 [3]:9
[0]:172411413 [1]:19520223 [2]:7 [3]:55
[0]:173406309 [1]:20028999 [2]:7 [3]:53
[0]:174453449 [1]:20563322 [2]:7 [3]:12
[0]:175613331 [1]:21153868 [2]:7 [3]:10
[0]:176616330 [1]:21669610 [2]:7 [3]:50
[0]:177855396 [1]:22304554 [2]:7 [3]:11
[0]:179186778 [1]:22984415 [2]:7 [3]:11
[0]:180382823 [1]:23591760 [2]:7 [3]:57
[0]:181634634 [1]:24230698 [2]:7 [3]:13
[0]:182728763 [1]:24788610 [2]:7 [3]:15
[0]:183747651 [1]:25305141 [2]:7 [3]:13
[0]:184761369 [1]:25825932 [2]:7 [3]:8
[0]:186003363 [1]:26459758 [2]:7 [3]:12
[0]:187012330 [1]:26974325 [2]:7 [3]:11
[0]:188002568 [1]:27477067 [2]:7 [3]:55
[0]:189081699 [1]:28027858 [2]:7 [3]:14
[0]:190088200 [1]:28543352 [2]:7 [3]:59
[0]:191145494 [1]:29083020 [2]:7 [3]:53
[0]:192162510 [1]:29604806 [2]:7 [3]:13
[0]:193171341 [1]:30123084 [2]:7 [3]:10
[0]:194176373 [1]:30635625 [2]:7 [3]:50
[0]:195275896 [1]:31200587 [2]:7 [3]:51
[0]:196606803 [1]:31886992 [2]:7 [3]:15
[0]:197828899 [1]:32514757 [2]:7 [3]:16
[0]:199033530 [1]:33130200 [2]:7 [3]:9
[0]:200168445 [1]:33705407 [2]:7 [3]:9
[0]:201285809 [1]:34275923 [2]:7 [3]:14
[0]:202466780 [1]:34882439 [2]:7 [3]:13
[0]:203631281 [1]:35480551 [2]:7 [3]:10
[0]:204798533 [1]:36075763 [2]:7 [3]:18
[0]:205948920 [1]:36666244 [2]:7 [3]:55
[0]:207256753 [1]:37333955 [2]:7 [3]:9
[0]:208453257 [1]:37944490 [2]:7 [3]:13
[0]:209623891 [1]:38543412 [2]:7 [3]:13
