[0]:0 [1]:0 [2]:0 [3]:0
[0]:0 [1]:0 [2]:0 [3]:0
[0]:202367 [1]:0 [2]:0 [3]:50
[0]:432868 [1]:0 [2]:0 [3]:62
[0]:665153 [1]:0 [2]:0 [3]:79
[0]:914792 [1]:0 [2]:0 [3]:78
[0]:1123169 [1]:8369 [2]:120 [3]:74
[0]:1336610 [1]:32504 [2]:120 [3]:368
[0]:1542517 [1]:55839 [2]:120 [3]:60
[0]:1740432 [1]:78240 [2]:120 [3]:59
[0]:1935138 [1]:100345 [2]:120 [3]:71
[0]:2127209 [1]:121905 [2]:120 [3]:66
[0]:2331899 [1]:144884 [2]:120 [3]:54
[0]:2594673 [1]:174498 [2]:101 [3]:363
[0]:2782485 [1]:195667 [2]:101 [3]:354
[0]:2976919 [1]:217504 [2]:101 [3]:361
[0]:3184328 [1]:240913 [2]:101 [3]:65
[0]:3384173 [1]:263440 [2]:101 [3]:364
[0]:3586202 [1]:286364 [2]:101 [3]:360
[0]:3796774 [1]:310064 [2]:101 [3]:365
[0]:3987849 [1]:331637 [2]:101 [3]:63
[0]:4204853 [1]:356018 [2]:90 [3]:61
[0]:4410311 [1]:379003 [2]:90 [3]:369
[0]:4602361 [1]:400671 [2]:90 [3]:369
[0]:4801591 [1]:423184 [2]:90 [3]:63
[0]:4995280 [1]:445056 [2]:90 [3]:61
[0]:5214963 [1]:469799 [2]:90 [3]:72
[0]:5410368 [1]:491897 [2]:90 [3]:362
[0]:5604682 [1]:513804 [2]:90 [3]:357
[0]:5802589 [1]:536099 [2]:83 [3]:75
[0]:6000796 [1]:558538 [2]:83 [3]:363
[0]:6203719 [1]:581494 [2]:83 [3]:368
[0]:6406433 [1]:604373 [2]:83 [3]:363
[0]:6642511 [1]:631086 [2]:83 [3]:88
[0]:6840122 [1]:653280 [2]:83 [3]:64
[0]:7037625 [1]:675517 [2]:83 [3]:73
[0]:7253118 [1]:699869 [2]:79 [3]:373
[0]:7444124 [1]:721344 [2]:79 [3]:361
[0]:7642762 [1]:743803 [2]:79 [3]:374
[0]:7840968 [1]:766180 [2]:79 [3]:72
[0]:8039420 [1]:788489 [2]:79 [3]:59
[0]:8237035 [1]:810679 [2]:79 [3]:66
[0]:8440287 [1]:833627 [2]:79 [3]:73
[0]:8638606 [1]:856085 [2]:79 [3]:55
[0]:8830527 [1]:877801 [2]:77 [3]:78
[0]:9024234 [1]:899629 [2]:77 [3]:55
[0]:9222582 [1]:921952 [2]:77 [3]:60
[0]:9431623 [1]:945541 [2]:77 [3]:56
[0]:9672228 [1]:972594 [2]:77 [3]:62
[0]:9878229 [1]:995919 [2]:77 [3]:365
[0]:10095355 [1]:1020474 [2]:77 [3]:355
[0]:10315239 [1]:1045226 [2]:76 [3]:61
[0]:10514991 [1]:1067635 [2]:76 [3]:365
[0]:10732026 [1]:1092196 [2]:76 [3]:62
[0]:10925512 [1]:1114056 [2]:76 [3]:368
[0]:11124733 [1]:1136696 [2]:76 [3]:74
[0]:11322186 [1]:1158925 [2]:76 [3]:362
[0]:11515451 [1]:1180772 [2]:76 [3]:60
[0]:11708840 [1]:1202831 [2]:76 [3]:86
[0]:11899081 [1]:1224270 [2]:75 [3]:66
[0]:12098523 [1]:1246790 [2]:75 [3]:66
[0]:12296164 [1]:1269077 [2]:75 [3]:53
[0]:12498936 [1]:1291964 [2]:75 [3]:79
[0]:12695285 [1]:1314183 [2]:75 [3]:366
[0]:12882499 [1]:1335440 [2]:75 [3]:61
[0]:13079156 [1]:1357630 [2]:75 [3]:65
[0]:13285302 [1]:1380801 [2]:74 [3]:76
[0]:13479754 [1]:1402860 [2]:74 [3]:355
[0]:13680403 [1]:1425499 [2]:74 [3]:67
[0]:13884317 [1]:1448480 [2]:74 [3]:359
[0]:14086547 [1]:1471326 [2]:74 [3]:73
[0]:14281031 [1]:1493304 [2]:74 [3]:366
[0]:14475806 [1]:1515266 [2]:74 [3]:72
[0]:14678021 [1]:1537976 [2]:74 [3]:367
[0]:14879613 [1]:1560748 [2]:74 [3]:52
[0]:15104271 [1]:1585939 [2]:74 [3]:70
[0]:15307268 [1]:1608770 [2]:74 [3]:358
[0]:15501584 [1]:1630613 [2]:74 [3]:52
[0]:15725512 [1]:1655852 [2]:74 [3]:62
[0]:15920697 [1]:1677745 [2]:74 [3]:68
[0]:16120039 [1]:1700425 [2]:74 [3]:352
[0]:16327516 [1]:1723829 [2]:74 [3]:63
[0]:16530013 [1]:1746735 [2]:74 [3]:370
[0]:16730073 [1]:1769435 [2]:74 [3]:363
[0]:16932323 [1]:1792289 [2]:74 [3]:351
[0]:17130729 [1]:1814818 [2]:74 [3]:66
[0]:17327186 [1]:1837073 [2]:74 [3]:61
[0]:17523675 [1]:1859354 [2]:74 [3]:54
[0]:17718285 [1]:1881306 [2]:74 [3]:59
[0]:17920638 [1]:1904162 [2]:74 [3]:60
[0]:18135207 [1]:1928353 [2]:74 [3]:67
[0]:18340161 [1]:1951357 [2]:74 [3]:359
[0]:18568687 [1]:1977043 [2]:74 [3]:65
[0]:18807911 [1]:2004171 [2]:74 [3]:60
[0]:19009397 [1]:2026870 [2]:74 [3]:64
[0]:19226157 [1]:2051411 [2]:74 [3]:360
[0]:19429791 [1]:2074263 [2]:74 [3]:372
[0]:19653361 [1]:2099392 [2]:74 [3]:364
[0]:19847645 [1]:2121319 [2]:74 [3]:68
[0]:20047562 [1]:2144019 [2]:74 [3]:68
[0]:20253881 [1]:2167228 [2]:74 [3]:367
[0]:20451803 [1]:2189457 [2]:74 [3]:74
[0]:20654328 [1]:2212257 [2]:74 [3]:361
[0]:20852893 [1]:2234655 [2]:74 [3]:55
[0]:21042919 [1]:2256141 [2]:74 [3]:352
[0]:21242128 [1]:2278480 [2]:74 [3]:362
[0]:21448282 [1]:2301752 [2]:74 [3]:362
[0]:21649091 [1]:2324447 [2]:74 [3]:62
[0]:21848968 [1]:2346986 [2]:74 [3]:367
[0]:22048633 [1]:2369433 [2]:74 [3]:363
[0]:22247111 [1]:2391627 [2]:74 [3]:368
[0]:22433697 [1]:2412593 [2]:74 [3]:359
[0]:22624802 [1]:2433993 [2]:74 [3]:362
[0]:22823110 [1]:2456443 [2]:74 [3]:355
[0]:23025251 [1]:2479160 [2]:74 [3]:68
[0]:23221218 [1]:2501214 [2]:74 [3]:365
[0]:23416994 [1]:2523375 [2]:74 [3]:73
[0]:23617278 [1]:2545854 [2]:74 [3]:364
[0]:23830586 [1]:2570048 [2]:74 [3]:62
[0]:24027256 [1]:2592240 [2]:74 [3]:360
[0]:24226384 [1]:2614611 [2]:74 [3]:62
[0]:24427627 [1]:2637250 [2]:74 [3]:64
[0]:24628336 [1]:2659836 [2]:74 [3]:370
[0]:24835344 [1]:2683235 [2]:74 [3]:350
[0]:25040371 [1]:2706336 [2]:74 [3]:66
[0]:25245290 [1]:2729432 [2]:74 [3]:59
[0]:25442700 [1]:2751818 [2]:74 [3]:76
[0]:25643029 [1]:2774405 [2]:74 [3]:358
[0]:25840440 [1]:2796701 [2]:74 [3]:77
[0]:26096285 [1]:2825462 [2]:74 [3]:361
[0]:26293745 [1]:2847789 [2]:74 [3]:362
[0]:26489454 [1]:2869844 [2]:74 [3]:67
[0]:26693500 [1]:2892744 [2]:74 [3]:363
[0]:26897626 [1]:2915803 [2]:74 [3]:360
[0]:27100586 [1]:2938666 [2]:74 [3]:62
[0]:27320996 [1]:2963396 [2]:74 [3]:82
[0]:27538454 [1]:2987810 [2]:74 [3]:361
[0]:27785588 [1]:3015508 [2]:74 [3]:61
[0]:28006695 [1]:3040462 [2]:74 [3]:62
[0]:28208838 [1]:3063326 [2]:74 [3]:79
[0]:28412909 [1]:3086211 [2]:74 [3]:74
[0]:28605854 [1]:3107872 [2]:74 [3]:363
[0]:28822324 [1]:3132365 [2]:74 [3]:67
[0]:29028456 [1]:3155530 [2]:74 [3]:61
[0]:29249387 [1]:3180481 [2]:74 [3]:63
[0]:29449032 [1]:3203214 [2]:74 [3]:69
[0]:29640239 [1]:3224773 [2]:74 [3]:358
[0]:29855201 [1]:3249022 [2]:74 [3]:357
[0]:30102773 [1]:3276990 [2]:74 [3]:84
[0]:30301409 [1]:3299373 [2]:74 [3]:61
[0]:30514837 [1]:3323503 [2]:74 [3]:359
[0]:30713693 [1]:3345961 [2]:74 [3]:367
[0]:30911572 [1]:3368459 [2]:74 [3]:58
[0]:31107508 [1]:3390595 [2]:74 [3]:361
[0]:31312166 [1]:3413681 [2]:74 [3]:54
[0]:31510577 [1]:3436148 [2]:74 [3]:57
[0]:31756029 [1]:3464049 [2]:74 [3]:57
[0]:31955921 [1]:3486602 [2]:74 [3]:56
[0]:32154293 [1]:3509045 [2]:74 [3]:61
[0]:32360189 [1]:3532327 [2]:74 [3]:68
[0]:32572490 [1]:3556393 [2]:74 [3]:76
[0]:32768266 [1]:3578462 [2]:74 [3]:66
[0]:32966173 [1]:3600804 [2]:74 [3]:360
[0]:33168701 [1]:3623696 [2]:74 [3]:68
[0]:33363494 [1]:3645684 [2]:74 [3]:379
[0]:33561969 [1]:3668148 [2]:74 [3]:364
[0]:33756004 [1]:3690259 [2]:74 [3]:369
[0]:33958802 [1]:3713091 [2]:74 [3]:346
[0]:34172451 [1]:3737039 [2]:74 [3]:64
[0]:34374698 [1]:3759734 [2]:74 [3]:365
[0]:34572802 [1]:3782097 [2]:74 [3]:355
[0]:34779640 [1]:3805269 [2]:74 [3]:359
[0]:34975982 [1]:3827414 [2]:74 [3]:358
[0]:35174144 [1]:3849715 [2]:74 [3]:63
[0]:35371213 [1]:3871879 [2]:74 [3]:71
[0]:35576792 [1]:3895082 [2]:74 [3]:367
[0]:35786840 [1]:3918682 [2]:74 [3]:365
[0]:35981532 [1]:3940714 [2]:74 [3]:67
[0]:36202543 [1]:3965619 [2]:74 [3]:361
[0]:36403201 [1]:3988161 [2]:74 [3]:65
[0]:36603214 [1]:4010696 [2]:74 [3]:62
[0]:36794360 [1]:4032234 [2]:74 [3]:371
[0]:36985032 [1]:4053808 [2]:74 [3]:75
[0]:37183695 [1]:4076239 [2]:74 [3]:361
[0]:37383809 [1]:4098922 [2]:74 [3]:361
[0]:37579064 [1]:4120861 [2]:74 [3]:72
[0]:37789009 [1]:4144596 [2]:74 [3]:366
[0]:37981144 [1]:4166301 [2]:74 [3]:70
[0]:38179715 [1]:4188719 [2]:74 [3]:362
[0]:38377409 [1]:4210908 [2]:74 [3]:52
[0]:38584144 [1]:4234232 [2]:74 [3]:356
