[0]:0 [1]:0 [2]:0 [3]:0
[0]:0 [1]:0 [2]:0 [3]:0
[0]:0 [1]:0 [2]:0 [3]:0
[0]:543910 [1]:0 [2]:0 [3]:9
[0]:2491888 [1]:0 [2]:0 [3]:30
[0]:4277458 [1]:0 [2]:0 [3]:26
[0]:6010552 [1]:0 [2]:0 [3]:29
[0]:7682049 [1]:0 [2]:0 [3]:12
[0]:9319907 [1]:0 [2]:0 [3]:8
[0]:11392197 [1]:0 [2]:0 [3]:10
[0]:13398047 [1]:0 [2]:0 [3]:15
[0]:15309807 [1]:0 [2]:0 [3]:29
[0]:16876065 [1]:47926 [2]:7 [3]:57
[0]:17895377 [1]:565101 [2]:7 [3]:12
[0]:18897506 [1]:1073110 [2]:7 [3]:15
[0]:19926510 [1]:1597754 [2]:7 [3]:20
[0]:21156814 [1]:2223809 [2]:7 [3]:10
[0]:22345276 [1]:2833406 [2]:7 [3]:11
[0]:23611978 [1]:3486549 [2]:7 [3]:17
[0]:24788696 [1]:4087870 [2]:7 [3]:51
[0]:25870441 [1]:4634615 [2]:7 [3]:12
[0]:26956960 [1]:5192109 [2]:7 [3]:14
[0]:27952022 [1]:5703471 [2]:7 [3]:17
[0]:28977621 [1]:6221346 [2]:7 [3]:10
[0]:30030642 [1]:6757713 [2]:7 [3]:4
[0]:31105712 [1]:7307210 [2]:7 [3]:50
[0]:32137900 [1]:7831623 [2]:7 [3]:48
[0]:33159249 [1]:8356131 [2]:7 [3]:10
[0]:34218488 [1]:8901104 [2]:7 [3]:55
[0]:35239986 [1]:9422815 [2]:7 [3]:16
[0]:36240471 [1]:9935922 [2]:7 [3]:36
[0]:37463648 [1]:10567705 [2]:7 [3]:50
[0]:38508372 [1]:11103496 [2]:7 [3]:17
[0]:39756151 [1]:11746785 [2]:7 [3]:14
[0]:41028557 [1]:12398023 [2]:7 [3]:10
[0]:42308402 [1]:13053930 [2]:7 [3]:12
[0]:43509621 [1]:13670190 [2]:7 [3]:12
[0]:44755278 [1]:14310969 [2]:7 [3]:8
[0]:45777101 [1]:14826678 [2]:7 [3]:16
[0]:46777827 [1]:15338690 [2]:7 [3]:56
[0]:47794330 [1]:15857795 [2]:7 [3]:15
[0]:48860799 [1]:16396671 [2]:7 [3]:15
[0]:49920113 [1]:16941305 [2]:7 [3]:16
[0]:50937160 [1]:17468407 [2]:7 [3]:13
[0]:52003699 [1]:18010819 [2]:7 [3]:11
[0]:52933387 [1]:18485124 [2]:7 [3]:11
[0]:54221408 [1]:19146958 [2]:7 [3]:13
[0]:55193676 [1]:19645584 [2]:7 [3]:11
[0]:56184038 [1]:20155605 [2]:7 [3]:12
[0]:57188640 [1]:20672792 [2]:7 [3]:8
[0]:58241159 [1]:21210813 [2]:7 [3]:13
[0]:59491945 [1]:21852136 [2]:7 [3]:57
[0]:60684987 [1]:22465725 [2]:7 [3]:11
[0]:61917588 [1]:23098487 [2]:7 [3]:49
[0]:63031224 [1]:23667223 [2]:7 [3]:48
[0]:64157993 [1]:24241751 [2]:7 [3]:50
[0]:65261015 [1]:24804964 [2]:7 [3]:56
[0]:66277447 [1]:25321610 [2]:7 [3]:11
[0]:67291485 [1]:25842226 [2]:7 [3]:14
[0]:68334440 [1]:26374154 [2]:7 [3]:48
[0]:69356869 [1]:26897768 [2]:7 [3]:12
[0]:70404179 [1]:27433480 [2]:7 [3]:17
[0]:71411776 [1]:27950317 [2]:7 [3]:55
[0]:72433562 [1]:28474768 [2]:7 [3]:10
[0]:73412302 [1]:28977314 [2]:7 [3]:55
[0]:74456204 [1]:29512035 [2]:7 [3]:15
[0]:75482594 [1]:30039432 [2]:7 [3]:12
[0]:76511799 [1]:30567664 [2]:7 [3]:50
[0]:77565179 [1]:31113719 [2]:7 [3]:51
[0]:78857309 [1]:31773786 [2]:7 [3]:11
[0]:80061161 [1]:32393495 [2]:7 [3]:10
[0]:81115884 [1]:32937883 [2]:7 [3]:16
[0]:82133440 [1]:33451517 [2]:7 [3]:11
[0]:83126921 [1]:33958758 [2]:7 [3]:10
[0]:84239864 [1]:34526601 [2]:7 [3]:48
[0]:85346916 [1]:35093300 [2]:7 [3]:49
[0]:86371702 [1]:35620398 [2]:7 [3]:14
[0]:87376053 [1]:36134790 [2]:7 [3]:15
[0]:88386865 [1]:36652254 [2]:7 [3]:15
[0]:89406054 [1]:37171766 [2]:7 [3]:10
[0]:90407328 [1]:37681184 [2]:7 [3]:51
[0]:91379443 [1]:38182339 [2]:7 [3]:50
[0]:92405807 [1]:38704777 [2]:7 [3]:9
[0]:93753648 [1]:39396411 [2]:7 [3]:12
[0]:94805210 [1]:39934116 [2]:7 [3]:21
[0]:96074488 [1]:40579916 [2]:7 [3]:50
[0]:97377852 [1]:41248563 [2]:7 [3]:17
[0]:98593336 [1]:41868916 [2]:7 [3]:55
[0]:99805439 [1]:42489888 [2]:7 [3]:14
[0]:100966133 [1]:43083872 [2]:7 [3]:14
[0]:102001877 [1]:43616845 [2]:7 [3]:12
[0]:103032884 [1]:44144631 [2]:7 [3]:13
[0]:104116660 [1]:44696049 [2]:7 [3]:51
[0]:105150479 [1]:45221309 [2]:7 [3]:16
[0]:106192525 [1]:45754863 [2]:7 [3]:15
[0]:107240530 [1]:46292850 [2]:7 [3]:13
[0]:108276102 [1]:46822084 [2]:7 [3]:51
[0]:109292296 [1]:47341831 [2]:7 [3]:15
[0]:110283114 [1]:47848399 [2]:7 [3]:24
[0]:111302285 [1]:48370130 [2]:7 [3]:11
[0]:112280640 [1]:48874781 [2]:7 [3]:9
[0]:113330947 [1]:49412336 [2]:7 [3]:13
[0]:114352999 [1]:49935865 [2]:7 [3]:44
[0]:115386885 [1]:50465756 [2]:7 [3]:49
[0]:116500956 [1]:51032019 [2]:7 [3]:51
[0]:117749689 [1]:51672143 [2]:7 [3]:11
[0]:118996722 [1]:52306516 [2]:7 [3]:18
[0]:120292240 [1]:52968468 [2]:7 [3]:11
[0]:121293822 [1]:53482974 [2]:7 [3]:19
[0]:122286521 [1]:53991302 [2]:7 [3]:13
[0]:123293824 [1]:54508132 [2]:7 [3]:50
[0]:124361331 [1]:55055022 [2]:7 [3]:13
[0]:125471543 [1]:55627409 [2]:7 [3]:54
[0]:126503526 [1]:56157556 [2]:7 [3]:54
[0]:127515485 [1]:56674372 [2]:7 [3]:14
[0]:128546512 [1]:57206097 [2]:7 [3]:11
[0]:129598547 [1]:57746083 [2]:7 [3]:16
[0]:130637643 [1]:58278169 [2]:7 [3]:11
[0]:131700431 [1]:58822859 [2]:7 [3]:13
[0]:132703207 [1]:59335020 [2]:7 [3]:15
[0]:133849353 [1]:59921667 [2]:7 [3]:55
[0]:135077798 [1]:60548146 [2]:7 [3]:9
[0]:136248864 [1]:61147137 [2]:7 [3]:52
[0]:137294506 [1]:61684971 [2]:7 [3]:13
[0]:138316651 [1]:62206472 [2]:7 [3]:48
[0]:139342208 [1]:62733712 [2]:7 [3]:15
[0]:140365088 [1]:63256054 [2]:7 [3]:11
[0]:141391311 [1]:63780650 [2]:7 [3]:12
[0]:142368164 [1]:64278039 [2]:7 [3]:7
[0]:143399811 [1]:64806943 [2]:7 [3]:24
[0]:144442616 [1]:65336904 [2]:7 [3]:10
[0]:145446631 [1]:65849070 [2]:7 [3]:51
[0]:146444166 [1]:66357256 [2]:7 [3]:37
[0]:147524769 [1]:66906688 [2]:7 [3]:19
[0]:148832398 [1]:67572260 [2]:7 [3]:15
[0]:149876527 [1]:68107552 [2]:7 [3]:14
[0]:150933027 [1]:68642811 [2]:7 [3]:11
[0]:152192175 [1]:69285538 [2]:7 [3]:10
[0]:153654319 [1]:70038933 [2]:7 [3]:12
[0]:154991872 [1]:70725099 [2]:7 [3]:52
[0]:156431976 [1]:71461831 [2]:7 [3]:14
[0]:157524904 [1]:72023880 [2]:7 [3]:13
[0]:158630734 [1]:72590493 [2]:7 [3]:54
[0]:159652337 [1]:73115173 [2]:7 [3]:15
[0]:160737367 [1]:73672376 [2]:7 [3]:9
[0]:161781241 [1]:74208755 [2]:7 [3]:17
[0]:162785346 [1]:74723182 [2]:7 [3]:13
[0]:163807616 [1]:75241177 [2]:7 [3]:53
[0]:164832056 [1]:75765292 [2]:7 [3]:16
[0]:165876370 [1]:76303313 [2]:7 [3]:51
[0]:166864890 [1]:76806984 [2]:7 [3]:7
[0]:167886471 [1]:77329779 [2]:7 [3]:49
[0]:168883938 [1]:77838600 [2]:7 [3]:10
[0]:169886585 [1]:78350332 [2]:7 [3]:50
[0]:170933080 [1]:78886035 [2]:7 [3]:51
[0]:172037694 [1]:79454825 [2]:7 [3]:14
[0]:173326168 [1]:80113553 [2]:7 [3]:59
[0]:174618944 [1]:80774172 [2]:7 [3]:52
[0]:175761963 [1]:81358126 [2]:7 [3]:14
[0]:176862948 [1]:81920737 [2]:7 [3]:52
[0]:177866674 [1]:82435821 [2]:7 [3]:10
[0]:178882123 [1]:82954132 [2]:7 [3]:12
[0]:179903690 [1]:83474105 [2]:7 [3]:8
[0]:181073375 [1]:84068301 [2]:7 [3]:15
[0]:182074868 [1]:84583515 [2]:7 [3]:17
[0]:183140680 [1]:85125166 [2]:7 [3]:56
[0]:184179693 [1]:85657856 [2]:7 [3]:17
[0]:185189424 [1]:86171119 [2]:7 [3]:14
[0]:186222447 [1]:86693889 [2]:7 [3]:57
[0]:187255005 [1]:87221744 [2]:7 [3]:13
[0]:188265893 [1]:87738336 [2]:7 [3]:56
[0]:189296908 [1]:88270659 [2]:7 [3]:12
[0]:190595096 [1]:88937753 [2]:7 [3]:9
[0]:191836862 [1]:89572419 [2]:7 [3]:9
[0]:192862373 [1]:90097185 [2]:7 [3]:15
[0]:193882514 [1]:90619970 [2]:7 [3]:11
[0]:194943187 [1]:91166049 [2]:7 [3]:13
[0]:195974792 [1]:91694137 [2]:7 [3]:55
[0]:197028256 [1]:92232754 [2]:7 [3]:53
[0]:198031293 [1]:92751121 [2]:7 [3]:13
[0]:199050225 [1]:93269840 [2]:7 [3]:10
[0]:200124113 [1]:93823081 [2]:7 [3]:50
[0]:201177652 [1]:94360352 [2]:7 [3]:49
[0]:202204488 [1]:94882928 [2]:7 [3]:49
[0]:203233607 [1]:95412221 [2]:7 [3]:11
[0]:204253283 [1]:95932872 [2]:7 [3]:14
[0]:205230859 [1]:96436184 [2]:7 [3]:15
[0]:206306045 [1]:96987218 [2]:7 [3]:12
[0]:207608657 [1]:97648699 [2]:7 [3]:50
[0]:208781631 [1]:98249030 [2]:7 [3]:15
[0]:209950333 [1]:98844602 [2]:7 [3]:14
[0]:211148072 [1]:99458642 [2]:7 [3]:10
[0]:212240779 [1]:100023778 [2]:7 [3]:15
[0]:213269534 [1]:100547365 [2]:7 [3]:11
[0]:214301920 [1]:101078902 [2]:7 [3]:52
[0]:215313078 [1]:101595782 [2]:7 [3]:14
[0]:216366685 [1]:102140362 [2]:7 [3]:9
[0]:217368894 [1]:102654167 [2]:7 [3]:20
[0]:218396615 [1]:103179194 [2]:7 [3]:17
[0]:219406149 [1]:103693333 [2]:7 [3]:52
[0]:220443958 [1]:104227904 [2]:7 [3]:14
[0]:221467584 [1]:104753638 [2]:7 [3]:49
[0]:222499904 [1]:105281823 [2]:7 [3]:53
[0]:223515280 [1]:105800865 [2]:7 [3]:49
[0]:224591895 [1]:106351795 [2]:7 [3]:15
[0]:225621961 [1]:106878284 [2]:7 [3]:13
[0]:226609569 [1]:107383587 [2]:7 [3]:18
[0]:227739160 [1]:107958081 [2]:7 [3]:49
[0]:229095965 [1]:108653357 [2]:7 [3]:9
[0]:230259928 [1]:109243028 [2]:7 [3]:51
[0]:231380457 [1]:109820358 [2]:7 [3]:10
[0]:232527794 [1]:110557417 [2]:7 [3]:57
[0]:233681187 [1]:111574962 [2]:7 [3]:25
[0]:234804368 [1]:112563436 [2]:7 [3]:55
[0]:235886114 [1]:113524629 [2]:7 [3]:16
[0]:237024249 [1]:114529523 [2]:7 [3]:58
[0]:238155588 [1]:115529837 [2]:7 [3]:18
[0]:239370039 [1]:116607840 [2]:7 [3]:15
[0]:240531325 [1]:117637345 [2]:7 [3]:16
[0]:241750122 [1]:118710891 [2]:7 [3]:58
[0]:242877208 [1]:119711863 [2]:7 [3]:51
[0]:243983664 [1]:120692076 [2]:7 [3]:19
[0]:245059576 [1]:121641188 [2]:7 [3]:19
[0]:246499283 [1]:122916408 [2]:7 [3]:18
[0]:247997374 [1]:124236187 [2]:7 [3]:52
[0]:249204640 [1]:125308256 [2]:7 [3]:16
[0]:250326216 [1]:126298751 [2]:7 [3]:14
[0]:251440831 [1]:127285814 [2]:7 [3]:11
[0]:252554063 [1]:128273164 [2]:7 [3]:52
[0]:253746293 [1]:129325348 [2]:7 [3]:19
[0]:254875539 [1]:130328144 [2]:7 [3]:18
[0]:255915625 [1]:131246692 [2]:7 [3]:14
[0]:257038348 [1]:132243173 [2]:7 [3]:10
[0]:258176848 [1]:133250144 [2]:7 [3]:16
[0]:259476227 [1]:134405808 [2]:7 [3]:23
[0]:260577095 [1]:135378409 [2]:7 [3]:13
[0]:261696389 [1]:136368976 [2]:7 [3]:17
[0]:262751371 [1]:137305866 [2]:7 [3]:18
[0]:263840406 [1]:138269654 [2]:7 [3]:10
[0]:264994548 [1]:139294004 [2]:7 [3]:22
[0]:266376979 [1]:140518101 [2]:7 [3]:20
[0]:267758826 [1]:141738433 [2]:7 [3]:58
[0]:269258603 [1]:143069752 [2]:7 [3]:58
[0]:270575545 [1]:144238184 [2]:7 [3]:54
[0]:271951151 [1]:145455650 [2]:7 [3]:17
[0]:273090588 [1]:146467136 [2]:7 [3]:57
[0]:274168299 [1]:147414766 [2]:7 [3]:56
[0]:275698229 [1]:148778463 [2]:7 [3]:12
[0]:276861675 [1]:149810275 [2]:7 [3]:16
[0]:277976211 [1]:150792057 [2]:7 [3]:21
[0]:279063860 [1]:151754982 [2]:7 [3]:11
[0]:280177034 [1]:152742495 [2]:7 [3]:19
[0]:281311600 [1]:153750593 [2]:7 [3]:15
[0]:282498154 [1]:154802656 [2]:7 [3]:56
[0]:283682614 [1]:155847442 [2]:7 [3]:11
[0]:284820860 [1]:156855948 [2]:7 [3]:9
[0]:285958648 [1]:157867148 [2]:7 [3]:56
[0]:287190583 [1]:158958154 [2]:7 [3]:62
[0]:288302311 [1]:159944504 [2]:7 [3]:18
[0]:289794739 [1]:161264656 [2]:7 [3]:17
[0]:291141895 [1]:162459925 [2]:7 [3]:19
[0]:292610028 [1]:163756290 [2]:7 [3]:14
[0]:293719683 [1]:164735764 [2]:7 [3]:20
[0]:294834927 [1]:165724216 [2]:7 [3]:59
[0]:295924874 [1]:166686745 [2]:7 [3]:8
[0]:297079242 [1]:167714129 [2]:7 [3]:58
[0]:298174745 [1]:168679619 [2]:7 [3]:13
[0]:299286831 [1]:169663008 [2]:7 [3]:18
[0]:300396034 [1]:170647790 [2]:7 [3]:11
[0]:301483500 [1]:171608317 [2]:7 [3]:23
[0]:302555359 [1]:172561468 [2]:7 [3]:14
[0]:303684226 [1]:173561230 [2]:7 [3]:20
[0]:304806051 [1]:174553537 [2]:7 [3]:14
[0]:306011093 [1]:175625780 [2]:7 [3]:18
[0]:307204816 [1]:176686969 [2]:7 [3]:19
[0]:308577613 [1]:177899243 [2]:7 [3]:11
[0]:309953373 [1]:179116486 [2]:7 [3]:18
[0]:311221484 [1]:180234953 [2]:7 [3]:17
[0]:312553195 [1]:181413594 [2]:7 [3]:17
[0]:313721855 [1]:182447417 [2]:7 [3]:15
[0]:314745513 [1]:183350392 [2]:7 [3]:12
[0]:315860219 [1]:184332682 [2]:7 [3]:55
[0]:316969961 [1]:185313195 [2]:7 [3]:50
[0]:318521411 [1]:186686015 [2]:7 [3]:8
[0]:319639306 [1]:187673389 [2]:7 [3]:14
[0]:320735176 [1]:188642108 [2]:7 [3]:21
[0]:321881975 [1]:189661482 [2]:7 [3]:51
[0]:323018626 [1]:190667624 [2]:7 [3]:16
[0]:324082969 [1]:191607252 [2]:7 [3]:51
[0]:325194308 [1]:192592091 [2]:7 [3]:18
[0]:326334615 [1]:193600675 [2]:7 [3]:15
[0]:327706169 [1]:194819569 [2]:7 [3]:15
[0]:329109912 [1]:196055772 [2]:7 [3]:18
[0]:330421843 [1]:197218317 [2]:7 [3]:17
[0]:332043025 [1]:198655509 [2]:7 [3]:59
[0]:333228099 [1]:199703455 [2]:7 [3]:17
[0]:334442851 [1]:200774395 [2]:7 [3]:22
[0]:335608164 [1]:201812389 [2]:7 [3]:57
[0]:336744924 [1]:202817359 [2]:7 [3]:19
[0]:337850496 [1]:203797832 [2]:7 [3]:15
[0]:338959544 [1]:204778643 [2]:7 [3]:19
[0]:340068098 [1]:205755233 [2]:7 [3]:18
[0]:341178777 [1]:206737346 [2]:7 [3]:12
[0]:342336894 [1]:207765990 [2]:7 [3]:12
[0]:343459911 [1]:208760740 [2]:7 [3]:26
[0]:344570223 [1]:209739398 [2]:7 [3]:16
[0]:345660635 [1]:210708000 [2]:7 [3]:11
[0]:346729275 [1]:211646600 [2]:7 [3]:13
[0]:347838592 [1]:212632235 [2]:7 [3]:19
[0]:348952263 [1]:213616931 [2]:7 [3]:21
[0]:350098493 [1]:214633422 [2]:7 [3]:62
[0]:351397133 [1]:215781075 [2]:7 [3]:55
[0]:352767065 [1]:216992477 [2]:7 [3]:18
[0]:353981649 [1]:218063805 [2]:7 [3]:14
[0]:355088940 [1]:219049108 [2]:7 [3]:18
[0]:356206834 [1]:220037037 [2]:7 [3]:18
[0]:357307023 [1]:221004332 [2]:7 [3]:62
[0]:358410517 [1]:221977615 [2]:7 [3]:19
[0]:359529532 [1]:222972228 [2]:7 [3]:13
[0]:360648496 [1]:223958653 [2]:7 [3]:20
[0]:361789872 [1]:224968065 [2]:7 [3]:15
[0]:362906155 [1]:225964558 [2]:7 [3]:19
[0]:363987970 [1]:226918095 [2]:7 [3]:18
[0]:365093626 [1]:227899109 [2]:7 [3]:15
[0]:366220415 [1]:228891994 [2]:7 [3]:12
[0]:367310280 [1]:229852819 [2]:7 [3]:58
[0]:368482901 [1]:230894974 [2]:7 [3]:14
[0]:369614331 [1]:231903659 [2]:7 [3]:53
[0]:370996290 [1]:233122562 [2]:7 [3]:16
[0]:372358804 [1]:234330739 [2]:7 [3]:22
[0]:373491742 [1]:235331148 [2]:7 [3]:51
[0]:374618059 [1]:236326396 [2]:7 [3]:18
[0]:375779632 [1]:237355548 [2]:7 [3]:57
[0]:376892637 [1]:238341591 [2]:7 [3]:16
[0]:377992450 [1]:239314483 [2]:7 [3]:17
[0]:379108948 [1]:240300312 [2]:7 [3]:16
[0]:380276306 [1]:241331995 [2]:7 [3]:19
[0]:381417119 [1]:242341884 [2]:7 [3]:54
[0]:382505965 [1]:243309451 [2]:7 [3]:11
[0]:383619380 [1]:244289186 [2]:7 [3]:17
[0]:384732507 [1]:245271195 [2]:7 [3]:16
[0]:385854363 [1]:246265695 [2]:7 [3]:17
[0]:387028346 [1]:247298797 [2]:7 [3]:61
[0]:388190067 [1]:248330620 [2]:7 [3]:19
[0]:389467045 [1]:249457841 [2]:7 [3]:15
[0]:390925779 [1]:250750342 [2]:7 [3]:25
[0]:392311699 [1]:251979602 [2]:7 [3]:20
[0]:393826621 [1]:253312626 [2]:7 [3]:16
[0]:395138604 [1]:254475239 [2]:7 [3]:18
[0]:396321295 [1]:255521781 [2]:7 [3]:55
[0]:397418977 [1]:256495758 [2]:7 [3]:22
[0]:398547528 [1]:257490924 [2]:7 [3]:24
[0]:399660454 [1]:258475810 [2]:7 [3]:13
[0]:400818183 [1]:259503256 [2]:7 [3]:11
[0]:401958086 [1]:260516106 [2]:7 [3]:14
[0]:403070657 [1]:261501974 [2]:7 [3]:12
[0]:404635429 [1]:262891198 [2]:7 [3]:12
[0]:405724973 [1]:263855416 [2]:7 [3]:54
[0]:406820596 [1]:264827844 [2]:7 [3]:19
[0]:407903780 [1]:265793056 [2]:7 [3]:17
[0]:409024210 [1]:266783102 [2]:7 [3]:19
[0]:410113318 [1]:267747294 [2]:7 [3]:14
[0]:411189865 [1]:268700424 [2]:7 [3]:18
[0]:412304865 [1]:269688090 [2]:7 [3]:20
[0]:413634066 [1]:270862377 [2]:7 [3]:16
[0]:415015767 [1]:272088490 [2]:7 [3]:18
[0]:416209618 [1]:273138549 [2]:7 [3]:9
[0]:417329513 [1]:274135169 [2]:7 [3]:53
[0]:418431084 [1]:275106739 [2]:7 [3]:15
[0]:419545174 [1]:276095024 [2]:7 [3]:18
[0]:420749127 [1]:277159858 [2]:7 [3]:21
[0]:421817098 [1]:278110886 [2]:7 [3]:53
[0]:422919001 [1]:279087100 [2]:7 [3]:17
[0]:424114020 [1]:280147522 [2]:7 [3]:55
[0]:425269556 [1]:281171654 [2]:7 [3]:21
[0]:426435996 [1]:282205437 [2]:7 [3]:55
[0]:427522824 [1]:283168738 [2]:7 [3]:16
[0]:428685158 [1]:284197712 [2]:7 [3]:14
[0]:429841584 [1]:285217617 [2]:7 [3]:18
[0]:431012381 [1]:286255362 [2]:7 [3]:53
[0]:432213527 [1]:287316815 [2]:7 [3]:19
[0]:433546138 [1]:288493033 [2]:7 [3]:52
[0]:434686267 [1]:289500270 [2]:7 [3]:16
[0]:435799629 [1]:290487711 [2]:7 [3]:13
[0]:436936558 [1]:291493174 [2]:7 [3]:18
[0]:438024406 [1]:292457870 [2]:7 [3]:57
[0]:439142058 [1]:293446949 [2]:7 [3]:52
[0]:440272021 [1]:294448067 [2]:7 [3]:18
[0]:441386196 [1]:295432210 [2]:7 [3]:14
[0]:442523606 [1]:296441274 [2]:7 [3]:55
[0]:443625871 [1]:297414855 [2]:7 [3]:57
[0]:444901190 [1]:298548594 [2]:7 [3]:57
[0]:446184442 [1]:299683123 [2]:7 [3]:55
[0]:447338710 [1]:300705236 [2]:7 [3]:15
[0]:448573127 [1]:301797329 [2]:7 [3]:59
[0]:449685198 [1]:302782983 [2]:7 [3]:17
[0]:450969263 [1]:303913808 [2]:7 [3]:13
[0]:452637182 [1]:305394232 [2]:7 [3]:15
[0]:454019637 [1]:306622009 [2]:7 [3]:12
[0]:455630188 [1]:308045077 [2]:7 [3]:10
[0]:456838081 [1]:309110610 [2]:7 [3]:15
[0]:458032018 [1]:310163779 [2]:7 [3]:17
[0]:459168932 [1]:311171197 [2]:7 [3]:22
[0]:460259848 [1]:312136998 [2]:7 [3]:12
[0]:461417875 [1]:313168636 [2]:7 [3]:57
[0]:462521458 [1]:314142575 [2]:7 [3]:16
[0]:463643098 [1]:315133179 [2]:7 [3]:14
[0]:464737068 [1]:316104409 [2]:7 [3]:55
[0]:465888348 [1]:317124705 [2]:7 [3]:19
[0]:467058297 [1]:318162484 [2]:7 [3]:21
[0]:468146010 [1]:319125120 [2]:7 [3]:14
[0]:469258701 [1]:320114977 [2]:7 [3]:12
[0]:470372657 [1]:321102510 [2]:7 [3]:18
[0]:471459256 [1]:322066249 [2]:7 [3]:18
[0]:472547075 [1]:323034677 [2]:7 [3]:55
[0]:474028301 [1]:324348912 [2]:7 [3]:16
[0]:475347826 [1]:325517893 [2]:7 [3]:11
[0]:476824312 [1]:326827535 [2]:7 [3]:57
[0]:478011731 [1]:327873425 [2]:7 [3]:13
[0]:479100350 [1]:328834881 [2]:7 [3]:17
[0]:480211227 [1]:329816082 [2]:7 [3]:61
[0]:481351454 [1]:330826014 [2]:7 [3]:16
[0]:482488913 [1]:331831041 [2]:7 [3]:13
[0]:483597033 [1]:332812412 [2]:7 [3]:12
[0]:484691306 [1]:333777874 [2]:7 [3]:18
[0]:485811665 [1]:334721392 [2]:7 [3]:14
[0]:486874197 [1]:335269193 [2]:7 [3]:14
[0]:487893116 [1]:335790602 [2]:7 [3]:9
[0]:489026566 [1]:336371590 [2]:7 [3]:53
[0]:490035157 [1]:336886175 [2]:7 [3]:56
[0]:491025926 [1]:337397062 [2]:7 [3]:10
[0]:492031932 [1]:337918674 [2]:7 [3]:13
[0]:493137687 [1]:338488149 [2]:7 [3]:51
[0]:494352824 [1]:339113525 [2]:7 [3]:16
[0]:495579077 [1]:339743709 [2]:7 [3]:50
[0]:496598435 [1]:340270462 [2]:7 [3]:52
[0]:497634711 [1]:340806988 [2]:7 [3]:49
[0]:498696446 [1]:341351204 [2]:7 [3]:15
[0]:499724338 [1]:341880215 [2]:7 [3]:11
[0]:500754311 [1]:342412005 [2]:7 [3]:11
[0]:501747980 [1]:342919287 [2]:7 [3]:10
[0]:502749606 [1]:343435965 [2]:7 [3]:11
[0]:503756397 [1]:343951909 [2]:7 [3]:55
[0]:504790862 [1]:344482371 [2]:7 [3]:14
[0]:505780954 [1]:344991343 [2]:7 [3]:11
[0]:506901985 [1]:345570087 [2]:7 [3]:53
[0]:507892198 [1]:346076396 [2]:7 [3]:12
[0]:508883986 [1]:346590583 [2]:7 [3]:17
[0]:509902708 [1]:347110342 [2]:7 [3]:12
[0]:511042766 [1]:347695986 [2]:7 [3]:55
[0]:512261750 [1]:348320599 [2]:7 [3]:59
[0]:513483542 [1]:348952125 [2]:7 [3]:16
[0]:514798855 [1]:349627575 [2]:7 [3]:49
[0]:515911098 [1]:350195627 [2]:7 [3]:11
[0]:517041489 [1]:350781308 [2]:7 [3]:12
[0]:518072117 [1]:351307026 [2]:7 [3]:52
[0]:519300971 [1]:351938662 [2]:7 [3]:15
[0]:520353017 [1]:352476256 [2]:7 [3]:59
[0]:521389223 [1]:353009598 [2]:7 [3]:11
[0]:522515728 [1]:353590969 [2]:7 [3]:52
[0]:523621638 [1]:354157716 [2]:7 [3]:55
[0]:524639947 [1]:354682727 [2]:7 [3]:14
[0]:525676554 [1]:355209950 [2]:7 [3]:14
[0]:526704271 [1]:355738216 [2]:7 [3]:57
[0]:527759218 [1]:356274656 [2]:7 [3]:54
[0]:528822711 [1]:356818662 [2]:7 [3]:16
[0]:529805520 [1]:357321770 [2]:7 [3]:46
[0]:530833725 [1]:357851305 [2]:7 [3]:14
[0]:531937159 [1]:358416466 [2]:7 [3]:53
[0]:533548447 [1]:359239628 [2]:7 [3]:53
[0]:534681932 [1]:359822720 [2]:7 [3]:12
[0]:535744892 [1]:360369978 [2]:7 [3]:12
[0]:536798198 [1]:360909604 [2]:7 [3]:16
[0]:537802049 [1]:361425555 [2]:7 [3]:13
[0]:538798033 [1]:361942189 [2]:7 [3]:15
[0]:539827676 [1]:362470425 [2]:7 [3]:55
[0]:540904443 [1]:363018838 [2]:7 [3]:49
[0]:541982189 [1]:363569695 [2]:7 [3]:50
[0]:543071277 [1]:364128348 [2]:7 [3]:53
[0]:544120698 [1]:364666316 [2]:7 [3]:52
[0]:545151437 [1]:365194074 [2]:7 [3]:50
[0]:546274474 [1]:365769840 [2]:7 [3]:14
[0]:547350307 [1]:366321216 [2]:7 [3]:9
[0]:548375561 [1]:366848735 [2]:7 [3]:13
[0]:549532770 [1]:367444498 [2]:7 [3]:18
[0]:550740834 [1]:368065641 [2]:7 [3]:10
[0]:552152451 [1]:368789953 [2]:7 [3]:55
[0]:553204985 [1]:369332181 [2]:7 [3]:52
[0]:554272813 [1]:369880355 [2]:7 [3]:14
[0]:555308008 [1]:370414415 [2]:7 [3]:51
[0]:556313915 [1]:370933249 [2]:7 [3]:15
[0]:557393602 [1]:371487574 [2]:7 [3]:14
[0]:558393861 [1]:371998970 [2]:7 [3]:50
[0]:559368186 [1]:372501631 [2]:7 [3]:13
[0]:560390261 [1]:373022073 [2]:7 [3]:53
[0]:561392813 [1]:373538318 [2]:7 [3]:12
[0]:562431965 [1]:374072647 [2]:7 [3]:49
[0]:563461332 [1]:374598641 [2]:7 [3]:55
[0]:564477394 [1]:375117623 [2]:7 [3]:10
[0]:565476248 [1]:375628168 [2]:7 [3]:11
[0]:566478054 [1]:376146437 [2]:7 [3]:56
[0]:567621837 [1]:376733839 [2]:7 [3]:51
[0]:568964347 [1]:377423256 [2]:7 [3]:14
[0]:570261466 [1]:378092479 [2]:7 [3]:8
[0]:571502106 [1]:378731374 [2]:7 [3]:11
[0]:572893350 [1]:379441622 [2]:7 [3]:10
[0]:573917153 [1]:379967037 [2]:7 [3]:51
[0]:574924694 [1]:380489332 [2]:7 [3]:47
[0]:575973460 [1]:381023264 [2]:7 [3]:50
[0]:577134556 [1]:381621546 [2]:7 [3]:12
[0]:578176873 [1]:382156605 [2]:7 [3]:18
[0]:579185606 [1]:382677313 [2]:7 [3]:52
[0]:580254801 [1]:383224949 [2]:7 [3]:10
[0]:581291005 [1]:383761835 [2]:7 [3]:13
[0]:582298443 [1]:384280793 [2]:7 [3]:19
[0]:583316733 [1]:384804261 [2]:7 [3]:55
[0]:584340524 [1]:385330184 [2]:7 [3]:16
[0]:585394712 [1]:385871404 [2]:7 [3]:10
[0]:586448249 [1]:386408615 [2]:7 [3]:14
[0]:587475808 [1]:386938448 [2]:7 [3]:19
[0]:588662988 [1]:387543809 [2]:7 [3]:13
[0]:590165914 [1]:388320748 [2]:7 [3]:14
[0]:591279936 [1]:388892552 [2]:7 [3]:9
[0]:592379253 [1]:389459950 [2]:7 [3]:14
[0]:593421489 [1]:389996855 [2]:7 [3]:36
[0]:594437056 [1]:390514241 [2]:7 [3]:14
[0]:595460221 [1]:391041371 [2]:7 [3]:18
[0]:596563460 [1]:391608857 [2]:7 [3]:11
[0]:597583464 [1]:392135072 [2]:7 [3]:18
[0]:598638662 [1]:392677667 [2]:7 [3]:13
[0]:599641542 [1]:393193492 [2]:7 [3]:11
[0]:600698635 [1]:393736838 [2]:7 [3]:10
[0]:601775790 [1]:394290807 [2]:7 [3]:14
[0]:602804468 [1]:394816660 [2]:7 [3]:10
[0]:603883110 [1]:395364363 [2]:7 [3]:10
[0]:604883890 [1]:395878647 [2]:7 [3]:14
[0]:606287021 [1]:396597772 [2]:7 [3]:54
[0]:607615084 [1]:397283057 [2]:7 [3]:48
[0]:608773530 [1]:397878716 [2]:7 [3]:15
[0]:609828511 [1]:398423612 [2]:7 [3]:14
[0]:610807464 [1]:398923802 [2]:7 [3]:15
[0]:611826547 [1]:399442141 [2]:7 [3]:12
[0]:612869849 [1]:399977348 [2]:7 [3]:10
[0]:613901541 [1]:400502606 [2]:7 [3]:12
[0]:614933742 [1]:401029404 [2]:7 [3]:9
[0]:616038029 [1]:401597335 [2]:7 [3]:52
[0]:617075362 [1]:402126561 [2]:7 [3]:17
[0]:618063669 [1]:402636036 [2]:7 [3]:57
[0]:619071242 [1]:403155605 [2]:7 [3]:14
[0]:620080846 [1]:403672258 [2]:7 [3]:10
[0]:621125103 [1]:404206825 [2]:7 [3]:18
[0]:622120935 [1]:404717366 [2]:7 [3]:15
[0]:623340368 [1]:405340296 [2]:7 [3]:53
[0]:624575859 [1]:405975820 [2]:7 [3]:15
[0]:625784136 [1]:406592950 [2]:7 [3]:52
[0]:627066851 [1]:407247679 [2]:7 [3]:10
[0]:628115314 [1]:407782788 [2]:7 [3]:13
[0]:629204525 [1]:408338173 [2]:7 [3]:55
[0]:630257708 [1]:408877909 [2]:7 [3]:57
[0]:631273831 [1]:409399971 [2]:7 [3]:14
[0]:632322693 [1]:409941891 [2]:7 [3]:14
[0]:633306645 [1]:410447612 [2]:7 [3]:14
[0]:634312845 [1]:410962069 [2]:7 [3]:59
[0]:635352841 [1]:411495911 [2]:7 [3]:11
[0]:636329235 [1]:411992720 [2]:7 [3]:16
[0]:637342676 [1]:412513168 [2]:7 [3]:13
[0]:638345933 [1]:413028998 [2]:7 [3]:56
[0]:639378045 [1]:413557613 [2]:7 [3]:21
[0]:640413066 [1]:414087454 [2]:7 [3]:6
[0]:641443072 [1]:414617124 [2]:7 [3]:21
[0]:642441016 [1]:415129678 [2]:7 [3]:11
[0]:643454807 [1]:415649196 [2]:7 [3]:10
[0]:644652175 [1]:416265092 [2]:7 [3]:14
[0]:646002679 [1]:416956854 [2]:7 [3]:12
[0]:647158445 [1]:417545419 [2]:7 [3]:10
[0]:648250780 [1]:418109590 [2]:7 [3]:18
[0]:649257717 [1]:418620761 [2]:7 [3]:56
[0]:650272777 [1]:419141321 [2]:7 [3]:10
[0]:651280764 [1]:419656169 [2]:7 [3]:17
[0]:652271984 [1]:420167061 [2]:7 [3]:12
[0]:653430520 [1]:420760524 [2]:7 [3]:48
[0]:654643587 [1]:421378581 [2]:7 [3]:14
[0]:655689927 [1]:421914415 [2]:7 [3]:18
[0]:656740732 [1]:422458527 [2]:7 [3]:12
[0]:657814421 [1]:423009109 [2]:7 [3]:12
[0]:658843017 [1]:423534586 [2]:7 [3]:12
[0]:659894091 [1]:424077237 [2]:7 [3]:11
[0]:660969958 [1]:424628730 [2]:7 [3]:11
[0]:662124223 [1]:425220806 [2]:7 [3]:14
[0]:663292184 [1]:425822990 [2]:7 [3]:53
[0]:664497772 [1]:426444966 [2]:7 [3]:15
[0]:665597470 [1]:427008268 [2]:7 [3]:9
[0]:666565351 [1]:427506082 [2]:7 [3]:55
[0]:667570185 [1]:428021928 [2]:7 [3]:13
[0]:668590537 [1]:428551665 [2]:7 [3]:14
[0]:669624830 [1]:429087835 [2]:7 [3]:11
[0]:670663498 [1]:429624659 [2]:7 [3]:13
[0]:671680557 [1]:430147348 [2]:7 [3]:60
[0]:672674366 [1]:430655595 [2]:7 [3]:12
[0]:673673836 [1]:431169576 [2]:7 [3]:50
[0]:674691515 [1]:431688404 [2]:7 [3]:11
[0]:675706142 [1]:432205416 [2]:7 [3]:16
[0]:676686566 [1]:432708069 [2]:7 [3]:15
[0]:677692053 [1]:433225512 [2]:7 [3]:53
[0]:678729307 [1]:433760435 [2]:7 [3]:10
[0]:679918659 [1]:434369051 [2]:7 [3]:50
[0]:681164535 [1]:435004054 [2]:7 [3]:48
[0]:682484608 [1]:435681808 [2]:7 [3]:10
[0]:683740466 [1]:436330481 [2]:7 [3]:13
[0]:684924859 [1]:436934003 [2]:7 [3]:10
[0]:686017173 [1]:437498091 [2]:7 [3]:13
[0]:687125425 [1]:438065468 [2]:7 [3]:10
[0]:688144051 [1]:438588905 [2]:7 [3]:53
[0]:689161061 [1]:439112575 [2]:7 [3]:52
[0]:690202958 [1]:439647868 [2]:7 [3]:8
[0]:691227633 [1]:440172145 [2]:7 [3]:13
[0]:692282851 [1]:440716720 [2]:7 [3]:12
[0]:693345143 [1]:441260479 [2]:7 [3]:10
[0]:694357735 [1]:441776485 [2]:7 [3]:7
[0]:695390382 [1]:442307495 [2]:7 [3]:13
[0]:696469775 [1]:442863819 [2]:7 [3]:11
[0]:697495605 [1]:443390503 [2]:7 [3]:16
[0]:698490129 [1]:443898827 [2]:7 [3]:14
[0]:699517164 [1]:444425315 [2]:7 [3]:14
[0]:700604190 [1]:444984617 [2]:7 [3]:19
[0]:701867344 [1]:445634121 [2]:7 [3]:49
[0]:703058739 [1]:446239741 [2]:7 [3]:14
[0]:704203341 [1]:446823686 [2]:7 [3]:49
[0]:705278573 [1]:447372383 [2]:7 [3]:52
[0]:706315043 [1]:447906748 [2]:7 [3]:54
[0]:707428653 [1]:448476334 [2]:7 [3]:54
[0]:708481389 [1]:449016885 [2]:7 [3]:59
[0]:709497879 [1]:449537367 [2]:7 [3]:51
[0]:710499875 [1]:450054537 [2]:7 [3]:51
[0]:711528234 [1]:450579824 [2]:7 [3]:18
[0]:712538183 [1]:451093965 [2]:7 [3]:48
[0]:713549309 [1]:451616755 [2]:7 [3]:51
[0]:714556679 [1]:452132189 [2]:7 [3]:14
[0]:715649904 [1]:452692494 [2]:7 [3]:16
[0]:716818335 [1]:453660746 [2]:7 [3]:17
[0]:718017192 [1]:454717190 [2]:7 [3]:13
[0]:719362421 [1]:455905231 [2]:7 [3]:14
[0]:720742288 [1]:457127204 [2]:7 [3]:15
[0]:721981990 [1]:458224949 [2]:7 [3]:56
[0]:723118626 [1]:459227729 [2]:7 [3]:18
[0]:724235328 [1]:460222887 [2]:7 [3]:17
[0]:725369247 [1]:461224747 [2]:7 [3]:59
[0]:726499281 [1]:462225143 [2]:7 [3]:14
[0]:727642070 [1]:463234245 [2]:7 [3]:16
[0]:728769078 [1]:464230928 [2]:7 [3]:15
[0]:729891181 [1]:465227903 [2]:7 [3]:25
[0]:730995577 [1]:466207135 [2]:7 [3]:17
[0]:732109952 [1]:467188015 [2]:7 [3]:11
[0]:733252256 [1]:468197912 [2]:7 [3]:12
[0]:734367354 [1]:469184274 [2]:7 [3]:19
[0]:735530742 [1]:470214181 [2]:7 [3]:15
[0]:736689015 [1]:471241488 [2]:7 [3]:16
[0]:738102127 [1]:472484762 [2]:7 [3]:18
[0]:739474046 [1]:473700146 [2]:7 [3]:14
[0]:740778171 [1]:474852780 [2]:7 [3]:13
[0]:742086007 [1]:476008287 [2]:7 [3]:17
[0]:743332557 [1]:477110485 [2]:7 [3]:53
[0]:744552419 [1]:478190295 [2]:7 [3]:13
[0]:745689682 [1]:479197695 [2]:7 [3]:19
[0]:746801963 [1]:480183300 [2]:7 [3]:19
[0]:747914474 [1]:481168499 [2]:7 [3]:15
[0]:749015605 [1]:482141957 [2]:7 [3]:17
[0]:750137180 [1]:483134306 [2]:7 [3]:57
[0]:751276152 [1]:484144174 [2]:7 [3]:22
[0]:752426072 [1]:485164245 [2]:7 [3]:16
[0]:753524611 [1]:486141580 [2]:7 [3]:23
[0]:754636692 [1]:487121600 [2]:7 [3]:18
[0]:755772687 [1]:488127011 [2]:7 [3]:14
[0]:756929314 [1]:489150762 [2]:7 [3]:16
[0]:758046510 [1]:490136226 [2]:7 [3]:56
[0]:759165626 [1]:491135162 [2]:7 [3]:16
[0]:760320133 [1]:492158981 [2]:7 [3]:13
[0]:761957498 [1]:493601576 [2]:7 [3]:16
[0]:763256468 [1]:494750335 [2]:7 [3]:21
[0]:764498580 [1]:495851985 [2]:7 [3]:14
[0]:765698737 [1]:496914855 [2]:7 [3]:15
[0]:766823072 [1]:497908708 [2]:7 [3]:19
[0]:767955819 [1]:498910887 [2]:7 [3]:55
[0]:769195911 [1]:500006385 [2]:7 [3]:11
[0]:770287407 [1]:500971777 [2]:7 [3]:59
[0]:771411110 [1]:501965278 [2]:7 [3]:12
[0]:772595595 [1]:503011618 [2]:7 [3]:18
[0]:773746696 [1]:504028338 [2]:7 [3]:14
[0]:774869534 [1]:505025941 [2]:7 [3]:52
[0]:775987313 [1]:506011443 [2]:7 [3]:20
[0]:777147703 [1]:507039076 [2]:7 [3]:18
[0]:778237442 [1]:507999034 [2]:7 [3]:16
[0]:779452227 [1]:509073049 [2]:7 [3]:16
[0]:780756353 [1]:510228206 [2]:7 [3]:54
[0]:782363646 [1]:511648454 [2]:7 [3]:12
[0]:783653950 [1]:512790060 [2]:7 [3]:14
[0]:784832648 [1]:513837302 [2]:7 [3]:19
[0]:785998594 [1]:514866097 [2]:7 [3]:19
[0]:787204619 [1]:515935744 [2]:7 [3]:15
[0]:788306264 [1]:516912851 [2]:7 [3]:15
[0]:789425932 [1]:517903455 [2]:7 [3]:17
[0]:790543604 [1]:518889760 [2]:7 [3]:18
[0]:791644979 [1]:519865576 [2]:7 [3]:10
[0]:792757603 [1]:520851702 [2]:7 [3]:55
[0]:793894371 [1]:521859378 [2]:7 [3]:13
[0]:795030135 [1]:522866410 [2]:7 [3]:54
[0]:796191567 [1]:523893553 [2]:7 [3]:20
[0]:797305094 [1]:524883904 [2]:7 [3]:15
[0]:798430237 [1]:525884566 [2]:7 [3]:15
[0]:799629910 [1]:526942940 [2]:7 [3]:15
[0]:800958125 [1]:528118189 [2]:7 [3]:18
[0]:802331161 [1]:529339108 [2]:7 [3]:16
[0]:803617858 [1]:530477868 [2]:7 [3]:53
[0]:804850819 [1]:531569576 [2]:7 [3]:15
[0]:806180621 [1]:532747675 [2]:7 [3]:19
[0]:807288835 [1]:533728294 [2]:7 [3]:17
[0]:808429634 [1]:534740367 [2]:7 [3]:21
[0]:809539487 [1]:535720053 [2]:7 [3]:18
[0]:810618711 [1]:536678685 [2]:7 [3]:21
[0]:811742640 [1]:537676833 [2]:7 [3]:24
[0]:812874916 [1]:538681209 [2]:7 [3]:17
[0]:813961990 [1]:539644965 [2]:7 [3]:17
[0]:815082027 [1]:540635732 [2]:7 [3]:20
[0]:816187659 [1]:541618303 [2]:7 [3]:16
[0]:817274859 [1]:542579449 [2]:7 [3]:18
[0]:818541122 [1]:543696257 [2]:7 [3]:19
[0]:819628864 [1]:544662649 [2]:7 [3]:16
[0]:820741851 [1]:545649906 [2]:7 [3]:61
[0]:821802761 [1]:546588825 [2]:7 [3]:18
[0]:823141817 [1]:547777326 [2]:7 [3]:54
[0]:824553959 [1]:549026509 [2]:7 [3]:56
[0]:825846235 [1]:550168826 [2]:7 [3]:14
[0]:826958243 [1]:551152590 [2]:7 [3]:19
[0]:828117993 [1]:552182263 [2]:7 [3]:11
[0]:829206604 [1]:553145873 [2]:7 [3]:13
[0]:830313827 [1]:554132146 [2]:7 [3]:19
[0]:831503707 [1]:555184598 [2]:7 [3]:16
[0]:832610087 [1]:556164011 [2]:7 [3]:17
[0]:833656708 [1]:557092420 [2]:7 [3]:53
[0]:834772804 [1]:558078551 [2]:7 [3]:19
[0]:835885748 [1]:559060460 [2]:7 [3]:13
[0]:836918538 [1]:559979015 [2]:7 [3]:17
[0]:838053580 [1]:560983076 [2]:7 [3]:55
[0]:839318640 [1]:562101773 [2]:7 [3]:10
[0]:840648786 [1]:563276552 [2]:7 [3]:20
[0]:841806329 [1]:564300822 [2]:7 [3]:18
[0]:843406485 [1]:565711315 [2]:7 [3]:58
[0]:844790762 [1]:566939509 [2]:7 [3]:17
[0]:845995564 [1]:568001348 [2]:7 [3]:18
[0]:847108642 [1]:568989611 [2]:7 [3]:15
[0]:848196427 [1]:569949462 [2]:7 [3]:21
[0]:849309892 [1]:570941460 [2]:7 [3]:15
[0]:850631267 [1]:572110750 [2]:7 [3]:15
[0]:851874836 [1]:573208665 [2]:7 [3]:58
[0]:852981940 [1]:574188762 [2]:7 [3]:16
[0]:854100469 [1]:575174784 [2]:7 [3]:17
[0]:855235756 [1]:576181593 [2]:7 [3]:17
[0]:856348639 [1]:577168238 [2]:7 [3]:51
[0]:857698629 [1]:578362488 [2]:7 [3]:51
[0]:858767845 [1]:579308196 [2]:7 [3]:18
[0]:859943021 [1]:580349631 [2]:7 [3]:61
[0]:861165447 [1]:581430885 [2]:7 [3]:13
[0]:862565164 [1]:582669778 [2]:7 [3]:60
[0]:863928873 [1]:583870080 [2]:7 [3]:18
[0]:865180072 [1]:584982650 [2]:7 [3]:19
[0]:866552603 [1]:586195555 [2]:7 [3]:23
[0]:867772321 [1]:587279560 [2]:7 [3]:18
[0]:868999674 [1]:588366428 [2]:7 [3]:8
[0]:870343330 [1]:589559968 [2]:7 [3]:14
[0]:871416177 [1]:590508074 [2]:7 [3]:21
[0]:872494221 [1]:591461018 [2]:7 [3]:16
[0]:873596209 [1]:592437729 [2]:7 [3]:18
[0]:874722846 [1]:593437809 [2]:7 [3]:17
[0]:875846304 [1]:594428196 [2]:7 [3]:16
[0]:877085237 [1]:595523054 [2]:7 [3]:13
[0]:878205615 [1]:596517291 [2]:7 [3]:16
[0]:879284848 [1]:597470794 [2]:7 [3]:23
[0]:880382642 [1]:598446846 [2]:7 [3]:18
[0]:881481287 [1]:599416880 [2]:7 [3]:24
[0]:882641249 [1]:600443998 [2]:7 [3]:20
[0]:883718343 [1]:601400423 [2]:7 [3]:17
[0]:884999954 [1]:602533197 [2]:7 [3]:21
[0]:886407079 [1]:603780792 [2]:7 [3]:52
[0]:887674212 [1]:604904261 [2]:7 [3]:53
[0]:888775647 [1]:605880348 [2]:7 [3]:17
[0]:889914903 [1]:606891741 [2]:7 [3]:53
[0]:890986404 [1]:607843609 [2]:7 [3]:49
[0]:892145644 [1]:608869230 [2]:7 [3]:18
[0]:893216748 [1]:609815675 [2]:7 [3]:58
[0]:894555960 [1]:611000078 [2]:7 [3]:21
[0]:895676984 [1]:611995782 [2]:7 [3]:16
[0]:896995561 [1]:613164072 [2]:7 [3]:11
[0]:898062650 [1]:614104210 [2]:7 [3]:14
[0]:899193556 [1]:615108101 [2]:7 [3]:19
[0]:900606855 [1]:616354392 [2]:7 [3]:17
[0]:901677844 [1]:617299512 [2]:7 [3]:15
[0]:902812790 [1]:618302214 [2]:7 [3]:10
[0]:904053966 [1]:619401657 [2]:7 [3]:20
[0]:905386385 [1]:620583800 [2]:7 [3]:19
[0]:906804503 [1]:621837780 [2]:7 [3]:55
[0]:907974595 [1]:622872145 [2]:7 [3]:61
[0]:909171999 [1]:623932584 [2]:7 [3]:52
[0]:910358759 [1]:624981125 [2]:7 [3]:17
[0]:911665248 [1]:626136783 [2]:7 [3]:19
[0]:912781372 [1]:627125933 [2]:7 [3]:18
[0]:914081151 [1]:628277860 [2]:7 [3]:23
[0]:915158683 [1]:629229180 [2]:7 [3]:15
[0]:916276692 [1]:630225738 [2]:7 [3]:54
[0]:917703628 [1]:631488593 [2]:7 [3]:17
[0]:918829165 [1]:632482061 [2]:7 [3]:22
[0]:919941461 [1]:633467651 [2]:7 [3]:18
[0]:921005160 [1]:634410799 [2]:7 [3]:17
[0]:922112960 [1]:635391876 [2]:7 [3]:53
[0]:923298644 [1]:636443048 [2]:7 [3]:56
[0]:924755552 [1]:637730381 [2]:7 [3]:11
[0]:926123815 [1]:638943535 [2]:7 [3]:14
[0]:927546608 [1]:640200924 [2]:7 [3]:17
[0]:928962189 [1]:641452710 [2]:7 [3]:17
[0]:930383537 [1]:642709948 [2]:7 [3]:15
[0]:931529149 [1]:643720474 [2]:7 [3]:56
[0]:932631289 [1]:644693616 [2]:7 [3]:56
[0]:933993684 [1]:645898376 [2]:7 [3]:17
[0]:935108871 [1]:646884462 [2]:7 [3]:12
[0]:936176601 [1]:647831749 [2]:7 [3]:47
[0]:937550024 [1]:649044604 [2]:7 [3]:15
[0]:938660297 [1]:650030130 [2]:7 [3]:14
[0]:939733068 [1]:650974659 [2]:7 [3]:53
[0]:940818048 [1]:651936713 [2]:7 [3]:14
[0]:941937381 [1]:652926760 [2]:7 [3]:17
[0]:943067821 [1]:653933056 [2]:7 [3]:20
[0]:944209555 [1]:654947335 [2]:7 [3]:58
[0]:945314893 [1]:655923749 [2]:7 [3]:16
[0]:946478819 [1]:656951606 [2]:7 [3]:19
[0]:947977198 [1]:658281566 [2]:7 [3]:14
[0]:949283284 [1]:659439859 [2]:7 [3]:16
[0]:950407724 [1]:660435708 [2]:7 [3]:60
[0]:951604638 [1]:661492362 [2]:7 [3]:12
[0]:952711588 [1]:662470322 [2]:7 [3]:18
[0]:953831514 [1]:663455112 [2]:7 [3]:12
[0]:954980280 [1]:664471919 [2]:7 [3]:17
[0]:956079439 [1]:665453202 [2]:7 [3]:18
[0]:957193996 [1]:666440225 [2]:7 [3]:16
[0]:958326946 [1]:667442616 [2]:7 [3]:58
[0]:959540123 [1]:668512590 [2]:7 [3]:14
[0]:960614067 [1]:669464227 [2]:7 [3]:17
[0]:961755596 [1]:670475214 [2]:7 [3]:57
[0]:962900594 [1]:671485545 [2]:7 [3]:16
[0]:964085380 [1]:672535840 [2]:7 [3]:19
[0]:965198723 [1]:673519545 [2]:7 [3]:16
[0]:966452866 [1]:674632575 [2]:7 [3]:14
[0]:967796920 [1]:675824667 [2]:7 [3]:58
[0]:969242566 [1]:677100259 [2]:7 [3]:19
[0]:970313409 [1]:677687429 [2]:7 [3]:14
[0]:971390410 [1]:678246081 [2]:7 [3]:57
[0]:972428923 [1]:678782642 [2]:7 [3]:13
[0]:973478204 [1]:679325236 [2]:7 [3]:43
[0]:974458634 [1]:679827557 [2]:7 [3]:59
[0]:975468242 [1]:680350439 [2]:7 [3]:59
[0]:976549236 [1]:680907951 [2]:7 [3]:12
[0]:977595175 [1]:681450827 [2]:7 [3]:12
[0]:978601457 [1]:681967128 [2]:7 [3]:53
[0]:979617292 [1]:682493499 [2]:7 [3]:52
[0]:980595434 [1]:682997861 [2]:7 [3]:52
[0]:981563544 [1]:683491374 [2]:7 [3]:14
[0]:982575711 [1]:684007055 [2]:7 [3]:48
[0]:983664009 [1]:684568232 [2]:7 [3]:12
[0]:984914336 [1]:685211759 [2]:7 [3]:14
[0]:986162720 [1]:685855008 [2]:7 [3]:52
[0]:987463436 [1]:686524711 [2]:7 [3]:11
[0]:988621809 [1]:687116981 [2]:7 [3]:11
[0]:989755155 [1]:687700603 [2]:7 [3]:15
[0]:990810358 [1]:688241777 [2]:7 [3]:9
[0]:991837610 [1]:688771500 [2]:7 [3]:56
[0]:992866645 [1]:689304404 [2]:7 [3]:57
[0]:993925219 [1]:689849015 [2]:7 [3]:9
[0]:994954388 [1]:690382462 [2]:7 [3]:14
[0]:996089258 [1]:690964136 [2]:7 [3]:49
[0]:997064229 [1]:691466710 [2]:7 [3]:10
[0]:998051472 [1]:691969600 [2]:7 [3]:12
[0]:999025307 [1]:692472748 [2]:7 [3]:13
[0]:1000020248 [1]:692984332 [2]:7 [3]:14
[0]:1001034827 [1]:693507715 [2]:7 [3]:57
[0]:1002048738 [1]:694031258 [2]:7 [3]:11
[0]:1003080693 [1]:694563983 [2]:7 [3]:52
[0]:1004130058 [1]:695102104 [2]:7 [3]:13
[0]:1005168237 [1]:695637346 [2]:7 [3]:9
[0]:1006375284 [1]:696258519 [2]:7 [3]:16
[0]:1007807263 [1]:697004744 [2]:7 [3]:11
[0]:1008850162 [1]:697540408 [2]:7 [3]:9
[0]:1010034420 [1]:698148711 [2]:7 [3]:10
[0]:1011038709 [1]:698666183 [2]:7 [3]:8
[0]:1012261865 [1]:699296589 [2]:7 [3]:52
[0]:1013272138 [1]:699811634 [2]:7 [3]:58
[0]:1014287143 [1]:700333529 [2]:7 [3]:12
[0]:1015266602 [1]:700840324 [2]:7 [3]:54
[0]:1016282967 [1]:701362729 [2]:7 [3]:53
[0]:1017515016 [1]:701995752 [2]:7 [3]:9
[0]:1018544443 [1]:702527520 [2]:7 [3]:54
[0]:1019621753 [1]:703079386 [2]:7 [3]:13
[0]:1020650898 [1]:703607922 [2]:7 [3]:50
[0]:1021627867 [1]:704108603 [2]:7 [3]:15
[0]:1022766434 [1]:704696897 [2]:7 [3]:45
[0]:1024199947 [1]:705435071 [2]:7 [3]:12
[0]:1025385738 [1]:706041403 [2]:7 [3]:12
[0]:1026479385 [1]:706603181 [2]:7 [3]:12
[0]:1027747551 [1]:707257510 [2]:7 [3]:13
[0]:1028991850 [1]:707892703 [2]:7 [3]:48
[0]:1030009095 [1]:708416277 [2]:7 [3]:13
[0]:1030966415 [1]:708911377 [2]:7 [3]:14
[0]:1032012027 [1]:709451396 [2]:7 [3]:13
[0]:1033036824 [1]:709973560 [2]:7 [3]:12
[0]:1034027237 [1]:710487949 [2]:7 [3]:50
[0]:1035043100 [1]:711009862 [2]:7 [3]:9
[0]:1036070754 [1]:711541081 [2]:7 [3]:62
[0]:1037374546 [1]:712211618 [2]:7 [3]:53
[0]:1038373796 [1]:712726483 [2]:7 [3]:52
[0]:1039359138 [1]:713240400 [2]:7 [3]:49
[0]:1040519722 [1]:713836036 [2]:7 [3]:53
[0]:1041814446 [1]:714507048 [2]:7 [3]:12
[0]:1043086097 [1]:715163083 [2]:7 [3]:12
[0]:1044271994 [1]:715769460 [2]:7 [3]:14
[0]:1045435775 [1]:716370617 [2]:7 [3]:11
[0]:1046553371 [1]:716946186 [2]:7 [3]:54
[0]:1047548414 [1]:717456672 [2]:7 [3]:11
[0]:1048566831 [1]:717977838 [2]:7 [3]:14
[0]:1049586467 [1]:718502751 [2]:7 [3]:11
[0]:1050584075 [1]:719020001 [2]:7 [3]:14
[0]:1051610322 [1]:719546712 [2]:7 [3]:52
[0]:1052599935 [1]:720054400 [2]:7 [3]:9
[0]:1053606730 [1]:720571612 [2]:7 [3]:59
[0]:1054598918 [1]:721079178 [2]:7 [3]:53
[0]:1055578898 [1]:721581503 [2]:7 [3]:51
[0]:1056543558 [1]:722077971 [2]:7 [3]:50
[0]:1057513367 [1]:722576542 [2]:7 [3]:10
[0]:1058513518 [1]:723094637 [2]:7 [3]:18
[0]:1059500554 [1]:723600444 [2]:7 [3]:52
[0]:1060542123 [1]:724132901 [2]:7 [3]:13
[0]:1061664639 [1]:724710302 [2]:7 [3]:14
[0]:1062927095 [1]:725363535 [2]:7 [3]:15
[0]:1064124320 [1]:725978014 [2]:7 [3]:10
[0]:1065199418 [1]:726526600 [2]:7 [3]:53
[0]:1066228874 [1]:727053968 [2]:7 [3]:51
[0]:1067214632 [1]:727561725 [2]:7 [3]:8
[0]:1068223356 [1]:728080003 [2]:7 [3]:16
[0]:1069370053 [1]:728670727 [2]:7 [3]:11
[0]:1070421194 [1]:729215008 [2]:7 [3]:15
[0]:1071415040 [1]:729732164 [2]:7 [3]:11
[0]:1072436445 [1]:730254501 [2]:7 [3]:10
[0]:1073434146 [1]:730767072 [2]:7 [3]:13
[0]:1074460377 [1]:731295515 [2]:7 [3]:15
[0]:1075450684 [1]:731797998 [2]:7 [3]:20
[0]:1076427871 [1]:732301927 [2]:7 [3]:15
[0]:1077422562 [1]:732816994 [2]:7 [3]:51
[0]:1078473858 [1]:733357466 [2]:7 [3]:56
[0]:1079835834 [1]:734057163 [2]:7 [3]:13
[0]:1081039696 [1]:734678059 [2]:7 [3]:17
[0]:1082069298 [1]:735208765 [2]:7 [3]:45
[0]:1083328345 [1]:735856698 [2]:7 [3]:19
[0]:1084390826 [1]:736405232 [2]:7 [3]:56
[0]:1085380419 [1]:736917424 [2]:7 [3]:13
[0]:1086373083 [1]:737430102 [2]:7 [3]:13
[0]:1087402183 [1]:737957767 [2]:7 [3]:13
[0]:1088378417 [1]:738462447 [2]:7 [3]:19
[0]:1089399351 [1]:738990782 [2]:7 [3]:50
[0]:1090416024 [1]:739516339 [2]:7 [3]:51
[0]:1091471898 [1]:740058354 [2]:7 [3]:49
[0]:1092485051 [1]:740581791 [2]:7 [3]:14
[0]:1093514089 [1]:741115654 [2]:7 [3]:17
[0]:1094662515 [1]:741705767 [2]:7 [3]:12
[0]:1095690417 [1]:742236228 [2]:7 [3]:10
[0]:1096897606 [1]:742856978 [2]:7 [3]:16
[0]:1098129280 [1]:743493126 [2]:7 [3]:51
[0]:1099379321 [1]:744138861 [2]:7 [3]:11
[0]:1100555821 [1]:744744430 [2]:7 [3]:11
[0]:1101688974 [1]:745325881 [2]:7 [3]:18
[0]:1102813360 [1]:745906233 [2]:7 [3]:13
[0]:1103844289 [1]:746436733 [2]:7 [3]:13
[0]:1104848332 [1]:746951540 [2]:7 [3]:18
[0]:1105901329 [1]:747490165 [2]:7 [3]:50
[0]:1106928886 [1]:748021173 [2]:7 [3]:8
[0]:1108238226 [1]:748696029 [2]:7 [3]:52
[0]:1109209785 [1]:749199078 [2]:7 [3]:11
[0]:1110214059 [1]:749718544 [2]:7 [3]:12
[0]:1111255022 [1]:750258359 [2]:7 [3]:47
[0]:1112281827 [1]:750786971 [2]:7 [3]:52
[0]:1113275807 [1]:751298494 [2]:7 [3]:50
[0]:1114305591 [1]:751829599 [2]:7 [3]:8
[0]:1115309775 [1]:752342997 [2]:7 [3]:14
[0]:1116356559 [1]:752882165 [2]:7 [3]:11
[0]:1117476530 [1]:753454985 [2]:7 [3]:50
[0]:1118755209 [1]:754109255 [2]:7 [3]:12
[0]:1119979826 [1]:754733754 [2]:7 [3]:11
[0]:1121034068 [1]:755276429 [2]:7 [3]:10
[0]:1122170807 [1]:755860418 [2]:7 [3]:11
[0]:1123186724 [1]:756381225 [2]:7 [3]:9
[0]:1124205194 [1]:756905973 [2]:7 [3]:53
[0]:1125241804 [1]:757441320 [2]:7 [3]:14
[0]:1126247492 [1]:757960727 [2]:7 [3]:51
[0]:1127276306 [1]:758485198 [2]:7 [3]:52
[0]:1128375434 [1]:759051015 [2]:7 [3]:16
[0]:1129417776 [1]:759591801 [2]:7 [3]:47
[0]:1130500922 [1]:760150631 [2]:7 [3]:11
[0]:1131554687 [1]:760696720 [2]:7 [3]:11
[0]:1132584775 [1]:761227287 [2]:7 [3]:13
[0]:1133587236 [1]:761744419 [2]:7 [3]:8
[0]:1134662023 [1]:762298793 [2]:7 [3]:52
[0]:1136088970 [1]:763032204 [2]:7 [3]:25
[0]:1137269930 [1]:763641114 [2]:7 [3]:51
[0]:1138307396 [1]:764178579 [2]:7 [3]:50
[0]:1139334011 [1]:764705148 [2]:7 [3]:13
[0]:1140468191 [1]:765286772 [2]:7 [3]:14
[0]:1141486570 [1]:765807496 [2]:7 [3]:11
[0]:1142706234 [1]:766439673 [2]:7 [3]:51
[0]:1143684006 [1]:766944895 [2]:7 [3]:9
[0]:1144807690 [1]:767517805 [2]:7 [3]:51
[0]:1145796598 [1]:768028030 [2]:7 [3]:14
[0]:1146788682 [1]:768540211 [2]:7 [3]:10
[0]:1147772474 [1]:769045575 [2]:7 [3]:51
[0]:1148784530 [1]:769566490 [2]:7 [3]:13
[0]:1149764059 [1]:770067235 [2]:7 [3]:54
[0]:1150798290 [1]:770595120 [2]:7 [3]:51
[0]:1151820452 [1]:771120634 [2]:7 [3]:14
[0]:1153033522 [1]:771741499 [2]:7 [3]:51
[0]:1154311783 [1]:772403646 [2]:7 [3]:14
[0]:1155538461 [1]:773036441 [2]:7 [3]:55
[0]:1156680192 [1]:773626518 [2]:7 [3]:21
[0]:1157823918 [1]:774210876 [2]:7 [3]:51
[0]:1158896867 [1]:774761126 [2]:7 [3]:57
[0]:1159872497 [1]:775265327 [2]:7 [3]:15
[0]:1160881964 [1]:775789588 [2]:7 [3]:53
[0]:1161902620 [1]:776310787 [2]:7 [3]:41
[0]:1162931233 [1]:776837775 [2]:7 [3]:16
[0]:1163918972 [1]:777345773 [2]:7 [3]:11
[0]:1164942948 [1]:777870339 [2]:7 [3]:58
[0]:1165952298 [1]:778383011 [2]:7 [3]:16
[0]:1167019610 [1]:778932909 [2]:7 [3]:53
[0]:1168092892 [1]:779480583 [2]:7 [3]:11
[0]:1169123250 [1]:780009557 [2]:7 [3]:10
[0]:1170181459 [1]:780554911 [2]:7 [3]:50
[0]:1171208801 [1]:781081643 [2]:7 [3]:14
[0]:1172212345 [1]:781598410 [2]:7 [3]:15
[0]:1173261584 [1]:782137560 [2]:7 [3]:52
[0]:1174474187 [1]:782765095 [2]:7 [3]:12
[0]:1175746220 [1]:783422227 [2]:7 [3]:47
[0]:1176885209 [1]:784009149 [2]:7 [3]:15
[0]:1177900082 [1]:784532174 [2]:7 [3]:58
[0]:1178930757 [1]:785063386 [2]:7 [3]:52
[0]:1179919506 [1]:785572841 [2]:7 [3]:14
[0]:1180945069 [1]:786105013 [2]:7 [3]:15
[0]:1181996618 [1]:786646523 [2]:7 [3]:15
[0]:1183013563 [1]:787172121 [2]:7 [3]:12
[0]:1184030922 [1]:787696413 [2]:7 [3]:49
[0]:1185058527 [1]:788224919 [2]:7 [3]:10
[0]:1186033617 [1]:788728427 [2]:7 [3]:12
[0]:1187113937 [1]:789282699 [2]:7 [3]:13
[0]:1188176969 [1]:789831677 [2]:7 [3]:12
[0]:1189192653 [1]:790349992 [2]:7 [3]:54
[0]:1190210668 [1]:790877930 [2]:7 [3]:13
[0]:1191325907 [1]:791451953 [2]:7 [3]:50
[0]:1192535017 [1]:792075320 [2]:7 [3]:10
[0]:1193735770 [1]:792694412 [2]:7 [3]:13
[0]:1194844153 [1]:793268733 [2]:7 [3]:12
[0]:1195872287 [1]:793795157 [2]:7 [3]:14
[0]:1196899699 [1]:794328441 [2]:7 [3]:49
[0]:1197917668 [1]:794851005 [2]:7 [3]:14
[0]:1198937028 [1]:795376363 [2]:7 [3]:52
[0]:1199972979 [1]:795909391 [2]:7 [3]:9
[0]:1201002026 [1]:796438924 [2]:7 [3]:59
[0]:1202118732 [1]:797016671 [2]:7 [3]:46
[0]:1203176436 [1]:797559622 [2]:7 [3]:55
[0]:1204133421 [1]:798053218 [2]:7 [3]:23
[0]:1204133421 [1]:798053218 [2]:7 [3]:23
[0]:1204133421 [1]:798053218 [2]:7 [3]:23
[0]:1204133421 [1]:798053218 [2]:7 [3]:23
[0]:1204133421 [1]:798053218 [2]:7 [3]:23
[0]:1204133421 [1]:798053218 [2]:7 [3]:23
[0]:1204133421 [1]:798053218 [2]:7 [3]:23
[0]:1204133421 [1]:798053218 [2]:7 [3]:23
[0]:1204133421 [1]:798053218 [2]:7 [3]:23
[0]:1204133421 [1]:798053218 [2]:7 [3]:23
[0]:1204133421 [1]:798053218 [2]:7 [3]:23
                                                                                    [0]:1204133421 [1]:798053218 [2]:7 [3]:23
[0]:1204133421 [1]:798053218 [2]:7 [3]:23
[0]:1204133421 [1]:798053218 [2]:7 [3]:23
[0]:1204133421 [1]:798053218 [2]:7 [3]:23
[0]:1204133421 [1]:798053218 [2]:7 [3]:23
[0]:1204133421 [1]:798053218 [2]:7 [3]:23
[0]:1204133421 [1]:798053218 [2]:7 [3]:23
