[0]:0 [1]:0 [2]:0 [3]:0
[0]:0 [1]:0 [2]:0 [3]:0
[0]:0 [1]:0 [2]:0 [3]:0
[0]:0 [1]:0 [2]:0 [3]:0
[0]:1412873 [1]:0 [2]:0 [3]:11
[0]:3124880 [1]:0 [2]:0 [3]:9
[0]:5210336 [1]:0 [2]:0 [3]:32
[0]:6911096 [1]:0 [2]:0 [3]:31
[0]:9414444 [1]:0 [2]:0 [3]:10
[0]:11513714 [1]:0 [2]:0 [3]:13
[0]:13715890 [1]:0 [2]:0 [3]:29
[0]:15906840 [1]:0 [2]:0 [3]:29
[0]:17250311 [1]:238787 [2]:7 [3]:13
[0]:18253263 [1]:751067 [2]:7 [3]:20
[0]:19339013 [1]:1309347 [2]:7 [3]:11
[0]:20337208 [1]:1816847 [2]:7 [3]:52
[0]:21346698 [1]:2332071 [2]:7 [3]:17
[0]:22360020 [1]:2849309 [2]:7 [3]:12
[0]:23382808 [1]:3371023 [2]:7 [3]:58
[0]:24416410 [1]:3900453 [2]:7 [3]:50
[0]:25420409 [1]:4422773 [2]:7 [3]:48
[0]:26406616 [1]:4928765 [2]:7 [3]:56
[0]:27455960 [1]:5468083 [2]:7 [3]:14
[0]:28481319 [1]:5992215 [2]:7 [3]:17
[0]:29482690 [1]:6508834 [2]:7 [3]:11
[0]:30497870 [1]:7029319 [2]:7 [3]:9
[0]:31549784 [1]:7570095 [2]:7 [3]:55
[0]:32758723 [1]:8189477 [2]:7 [3]:10
[0]:33970229 [1]:8807225 [2]:7 [3]:57
[0]:35162973 [1]:9413038 [2]:7 [3]:19
[0]:36303416 [1]:9998009 [2]:7 [3]:53
[0]:37443727 [1]:10581427 [2]:7 [3]:52
[0]:38662841 [1]:11206395 [2]:7 [3]:14
[0]:39845764 [1]:11813137 [2]:7 [3]:13
[0]:40962958 [1]:12387172 [2]:7 [3]:17
[0]:42105636 [1]:12976602 [2]:7 [3]:52
[0]:43479289 [1]:13679760 [2]:7 [3]:10
[0]:44600719 [1]:14254457 [2]:7 [3]:52
[0]:45724009 [1]:14826226 [2]:7 [3]:36
[0]:46867311 [1]:15409655 [2]:7 [3]:53
[0]:47952209 [1]:15967263 [2]:7 [3]:16
[0]:49165560 [1]:16588483 [2]:7 [3]:51
[0]:50304996 [1]:17173526 [2]:7 [3]:53
[0]:51404210 [1]:17734030 [2]:7 [3]:15
[0]:52495947 [1]:18293163 [2]:7 [3]:12
[0]:53726888 [1]:18925213 [2]:7 [3]:10
[0]:54727776 [1]:19433729 [2]:7 [3]:49
[0]:55735922 [1]:19946192 [2]:7 [3]:8
[0]:56793580 [1]:20485687 [2]:7 [3]:12
[0]:57817456 [1]:21009464 [2]:7 [3]:51
[0]:58873911 [1]:21556937 [2]:7 [3]:8
[0]:59902422 [1]:22084218 [2]:7 [3]:49
[0]:60922489 [1]:22605946 [2]:7 [3]:11
[0]:61919767 [1]:23121308 [2]:7 [3]:12
[0]:62937530 [1]:23646183 [2]:7 [3]:16
[0]:63954696 [1]:24166118 [2]:7 [3]:52
[0]:64975132 [1]:24687421 [2]:7 [3]:10
[0]:65985194 [1]:25205389 [2]:7 [3]:17
[0]:67051571 [1]:25753593 [2]:7 [3]:54
[0]:68263934 [1]:26372509 [2]:7 [3]:15
[0]:69855471 [1]:27185424 [2]:7 [3]:14
[0]:70995664 [1]:27769454 [2]:7 [3]:54
[0]:72220946 [1]:28389048 [2]:7 [3]:52
[0]:73251712 [1]:28914476 [2]:7 [3]:52
[0]:74289512 [1]:29445726 [2]:7 [3]:16
[0]:75304403 [1]:29961024 [2]:7 [3]:19
[0]:76334864 [1]:30491775 [2]:7 [3]:12
[0]:77352828 [1]:31008635 [2]:7 [3]:19
[0]:78357293 [1]:31523417 [2]:7 [3]:13
[0]:79382907 [1]:32053281 [2]:7 [3]:13
[0]:80395774 [1]:32571225 [2]:7 [3]:12
[0]:81403801 [1]:33085948 [2]:7 [3]:10
[0]:82435540 [1]:33615500 [2]:7 [3]:10
[0]:83408167 [1]:34113777 [2]:7 [3]:10
[0]:84474480 [1]:34657473 [2]:7 [3]:15
[0]:85461546 [1]:35163934 [2]:7 [3]:12
[0]:86444768 [1]:35665785 [2]:7 [3]:51
[0]:87478312 [1]:36196613 [2]:7 [3]:13
[0]:88940722 [1]:36947533 [2]:7 [3]:12
[0]:90150196 [1]:37566430 [2]:7 [3]:61
[0]:91442648 [1]:38220158 [2]:7 [3]:52
[0]:92650136 [1]:38842181 [2]:7 [3]:56
[0]:93901257 [1]:39486616 [2]:7 [3]:16
[0]:95038560 [1]:40069569 [2]:7 [3]:54
[0]:96418531 [1]:40775900 [2]:7 [3]:49
[0]:97624727 [1]:41402070 [2]:7 [3]:47
[0]:98802874 [1]:42005207 [2]:7 [3]:54
[0]:99996037 [1]:42617107 [2]:7 [3]:18
[0]:101161644 [1]:43210507 [2]:7 [3]:51
[0]:102254776 [1]:43773086 [2]:7 [3]:11
[0]:103432863 [1]:44374698 [2]:7 [3]:59
[0]:104615456 [1]:44980434 [2]:7 [3]:49
[0]:105820760 [1]:45600602 [2]:7 [3]:59
[0]:106993082 [1]:46199336 [2]:7 [3]:53
[0]:108120273 [1]:46780343 [2]:7 [3]:10
[0]:109503858 [1]:47489874 [2]:7 [3]:44
[0]:110526173 [1]:48014272 [2]:7 [3]:13
[0]:111529816 [1]:48529558 [2]:7 [3]:10
[0]:112540497 [1]:49044908 [2]:7 [3]:9
[0]:113577795 [1]:49572464 [2]:7 [3]:54
[0]:114564743 [1]:50080637 [2]:7 [3]:10
[0]:115639243 [1]:50624242 [2]:7 [3]:13
[0]:116654433 [1]:51145326 [2]:7 [3]:51
[0]:117703119 [1]:51686446 [2]:7 [3]:14
[0]:118699080 [1]:52199856 [2]:7 [3]:12
[0]:119714763 [1]:52720241 [2]:7 [3]:58
[0]:120730334 [1]:53244453 [2]:7 [3]:13
[0]:121820585 [1]:53804604 [2]:7 [3]:48
[0]:123044147 [1]:54435447 [2]:7 [3]:15
[0]:124264376 [1]:55062295 [2]:7 [3]:55
[0]:125585741 [1]:55741399 [2]:7 [3]:10
[0]:126901328 [1]:56417754 [2]:7 [3]:10
[0]:128073361 [1]:57020323 [2]:7 [3]:15
[0]:129410159 [1]:57707172 [2]:7 [3]:48
[0]:130477474 [1]:58256423 [2]:7 [3]:59
[0]:131491300 [1]:58774002 [2]:7 [3]:15
[0]:132519992 [1]:59303012 [2]:7 [3]:49
[0]:133852562 [1]:59985195 [2]:7 [3]:56
[0]:134883048 [1]:60514609 [2]:7 [3]:55
[0]:136002909 [1]:61089200 [2]:7 [3]:11
[0]:137034697 [1]:61617889 [2]:7 [3]:10
[0]:138023612 [1]:62121691 [2]:7 [3]:14
[0]:139058202 [1]:62653055 [2]:7 [3]:16
[0]:140088048 [1]:63177010 [2]:7 [3]:58
[0]:141101763 [1]:63697440 [2]:7 [3]:57
[0]:142104242 [1]:64207866 [2]:7 [3]:13
[0]:143114766 [1]:64725709 [2]:7 [3]:10
[0]:144219278 [1]:65293969 [2]:7 [3]:16
[0]:145484611 [1]:65939900 [2]:7 [3]:10
[0]:146749969 [1]:66590201 [2]:7 [3]:17
[0]:148026026 [1]:67249847 [2]:7 [3]:13
[0]:149357629 [1]:67931445 [2]:7 [3]:15
[0]:150539850 [1]:68532559 [2]:7 [3]:12
[0]:151653036 [1]:69098582 [2]:7 [3]:13
[0]:152835049 [1]:69699658 [2]:7 [3]:54
[0]:153959626 [1]:70273845 [2]:7 [3]:10
[0]:155053536 [1]:70832729 [2]:7 [3]:30
[0]:156149556 [1]:71397916 [2]:7 [3]:13
[0]:157266023 [1]:71969988 [2]:7 [3]:16
[0]:158679997 [1]:72702791 [2]:7 [3]:14
[0]:159823622 [1]:73289220 [2]:7 [3]:14
[0]:161012036 [1]:73894033 [2]:7 [3]:57
[0]:162152791 [1]:74474510 [2]:7 [3]:54
[0]:163264560 [1]:75036751 [2]:7 [3]:16
[0]:164474742 [1]:75655856 [2]:7 [3]:48
[0]:165515976 [1]:76188391 [2]:7 [3]:10
[0]:166519037 [1]:76704207 [2]:7 [3]:49
[0]:167777152 [1]:77348393 [2]:7 [3]:10
[0]:168814075 [1]:77882248 [2]:7 [3]:12
[0]:169827331 [1]:78401484 [2]:7 [3]:12
[0]:170873280 [1]:78935090 [2]:7 [3]:13
[0]:171906704 [1]:79464114 [2]:7 [3]:52
[0]:172934591 [1]:79994525 [2]:7 [3]:14
[0]:173892707 [1]:80484429 [2]:7 [3]:17
[0]:174993089 [1]:81047276 [2]:7 [3]:20
[0]:176027535 [1]:81575281 [2]:7 [3]:45
[0]:177137297 [1]:82139873 [2]:7 [3]:18
[0]:178449535 [1]:82809507 [2]:7 [3]:13
[0]:179516080 [1]:83355365 [2]:7 [3]:54
[0]:180809670 [1]:84016152 [2]:7 [3]:17
[0]:181947968 [1]:84602284 [2]:7 [3]:52
[0]:183567884 [1]:85430117 [2]:7 [3]:13
[0]:184628588 [1]:85976558 [2]:7 [3]:11
[0]:185683971 [1]:86531837 [2]:7 [3]:11
[0]:186706281 [1]:87060613 [2]:7 [3]:53
[0]:187704758 [1]:87582086 [2]:7 [3]:16
[0]:188790712 [1]:88143936 [2]:7 [3]:60
[0]:189824872 [1]:88682565 [2]:7 [3]:13
[0]:190879995 [1]:89234620 [2]:7 [3]:11
[0]:191897235 [1]:89764635 [2]:7 [3]:14
[0]:192950525 [1]:90316685 [2]:7 [3]:14
[0]:193963723 [1]:90844818 [2]:7 [3]:48
[0]:194960319 [1]:91366613 [2]:7 [3]:17
[0]:195965460 [1]:91889293 [2]:7 [3]:14
[0]:196990166 [1]:92421737 [2]:7 [3]:15
[0]:197984408 [1]:92942357 [2]:7 [3]:16
[0]:199036321 [1]:93495228 [2]:7 [3]:13
[0]:200577464 [1]:94297867 [2]:7 [3]:53
[0]:201830283 [1]:94952228 [2]:7 [3]:13
[0]:203096127 [1]:95613123 [2]:7 [3]:16
[0]:204360234 [1]:96271500 [2]:6 [3]:50
[0]:205566891 [1]:96903575 [2]:7 [3]:11
[0]:206714720 [1]:97506166 [2]:7 [3]:14
[0]:207827477 [1]:98085653 [2]:6 [3]:54
[0]:209116366 [1]:98760840 [2]:7 [3]:12
[0]:210265730 [1]:99360400 [2]:7 [3]:16
[0]:211425784 [1]:99966844 [2]:7 [3]:14
[0]:212557920 [1]:100554983 [2]:7 [3]:50
[0]:213718128 [1]:101164705 [2]:7 [3]:16
[0]:215151475 [1]:101905837 [2]:6 [3]:53
[0]:216293304 [1]:102499874 [2]:6 [3]:12
[0]:217434339 [1]:103094166 [2]:7 [3]:16
[0]:218593146 [1]:103694803 [2]:7 [3]:14
[0]:219702186 [1]:104275698 [2]:7 [3]:7
[0]:220912035 [1]:104909420 [2]:7 [3]:15
[0]:222029603 [1]:105491046 [2]:7 [3]:12
[0]:223042161 [1]:106017377 [2]:7 [3]:50
[0]:224071356 [1]:106557984 [2]:7 [3]:12
[0]:225101021 [1]:107099209 [2]:7 [3]:16
[0]:226118365 [1]:107628176 [2]:7 [3]:18
[0]:227278347 [1]:108234862 [2]:7 [3]:49
[0]:228279328 [1]:108759557 [2]:7 [3]:54
[0]:229261150 [1]:109272542 [2]:7 [3]:14
[0]:230524709 [1]:109930522 [2]:7 [3]:9
