[0]:168123013 [1]:30511882 [2]:162 [3]:366
[0]:168344394 [1]:30544775 [2]:162 [3]:79
[0]:168553503 [1]:30575740 [2]:162 [3]:82
[0]:168789810 [1]:30610775 [2]:162 [3]:370
[0]:169006580 [1]:30643047 [2]:162 [3]:79
[0]:169214279 [1]:30673846 [2]:162 [3]:357
[0]:169424146 [1]:30704898 [2]:162 [3]:80
[0]:169629222 [1]:30735265 [2]:162 [3]:371
[0]:169826293 [1]:30764487 [2]:162 [3]:361
[0]:170031281 [1]:30794882 [2]:162 [3]:361
[0]:170233415 [1]:30824886 [2]:160 [3]:363
[0]:170441110 [1]:30855771 [2]:160 [3]:371
[0]:170657882 [1]:30887922 [2]:160 [3]:370
[0]:170864298 [1]:30918622 [2]:160 [3]:369
[0]:171067693 [1]:30948772 [2]:160 [3]:368
[0]:171272954 [1]:30979230 [2]:160 [3]:363
[0]:171483842 [1]:31010481 [2]:160 [3]:370
[0]:171685667 [1]:31040452 [2]:160 [3]:366
[0]:171890886 [1]:31070995 [2]:160 [3]:358
[0]:172119934 [1]:31105003 [2]:160 [3]:360
[0]:172332650 [1]:31136669 [2]:160 [3]:364
[0]:172540996 [1]:31167617 [2]:160 [3]:372
[0]:172809560 [1]:31207500 [2]:160 [3]:367
[0]:173018350 [1]:31238395 [2]:160 [3]:369
[0]:173223113 [1]:31268960 [2]:160 [3]:365
[0]:173502111 [1]:31310343 [2]:160 [3]:373
[0]:173725844 [1]:31343529 [2]:160 [3]:76
[0]:173948291 [1]:31376556 [2]:156 [3]:361
[0]:174157226 [1]:31407647 [2]:156 [3]:364
[0]:174362038 [1]:31438049 [2]:156 [3]:367
[0]:174571045 [1]:31469153 [2]:156 [3]:369
[0]:174783551 [1]:31500921 [2]:156 [3]:358
[0]:174996242 [1]:31532629 [2]:156 [3]:363
[0]:175217041 [1]:31565504 [2]:156 [3]:81
[0]:175421828 [1]:31595811 [2]:156 [3]:84
[0]:175630699 [1]:31626812 [2]:156 [3]:357
[0]:175847495 [1]:31658910 [2]:156 [3]:361
[0]:176054553 [1]:31689660 [2]:156 [3]:364
[0]:176273131 [1]:31722163 [2]:156 [3]:358
[0]:176481092 [1]:31752981 [2]:156 [3]:358
[0]:176686911 [1]:31783599 [2]:156 [3]:370
[0]:176927636 [1]:31819408 [2]:156 [3]:366
[0]:177147999 [1]:31852068 [2]:156 [3]:366
[0]:177357924 [1]:31883280 [2]:156 [3]:362
[0]:177562649 [1]:31913522 [2]:154 [3]:84
[0]:177766735 [1]:31943777 [2]:154 [3]:359
[0]:177971641 [1]:31974293 [2]:154 [3]:73
[0]:178196117 [1]:32007656 [2]:154 [3]:369
[0]:178396752 [1]:32037358 [2]:154 [3]:362
[0]:178625611 [1]:32071342 [2]:154 [3]:363
[0]:178838579 [1]:32103032 [2]:154 [3]:363
[0]:179069949 [1]:32137310 [2]:154 [3]:363
[0]:179275106 [1]:32167901 [2]:154 [3]:360
[0]:179476709 [1]:32197799 [2]:154 [3]:372
[0]:179678251 [1]:32227722 [2]:154 [3]:361
[0]:179894611 [1]:32259903 [2]:154 [3]:366
[0]:180095545 [1]:32289820 [2]:154 [3]:364
[0]:180304386 [1]:32320765 [2]:154 [3]:364
[0]:180505490 [1]:32350529 [2]:154 [3]:363
[0]:180710472 [1]:32380918 [2]:154 [3]:360
[0]:180919238 [1]:32411904 [2]:154 [3]:373
[0]:181128045 [1]:32442940 [2]:152 [3]:365
[0]:181337098 [1]:32473973 [2]:152 [3]:358
[0]:181549816 [1]:32505518 [2]:152 [3]:359
[0]:181762636 [1]:32537134 [2]:152 [3]:359
[0]:181965679 [1]:32567281 [2]:152 [3]:359
[0]:182192268 [1]:32600947 [2]:152 [3]:365
[0]:182409022 [1]:32633064 [2]:152 [3]:366
[0]:182617283 [1]:32664069 [2]:152 [3]:371
[0]:182858254 [1]:32699769 [2]:152 [3]:367
[0]:183074452 [1]:32731965 [2]:152 [3]:74
[0]:183275851 [1]:32761832 [2]:152 [3]:360
[0]:183480903 [1]:32792241 [2]:152 [3]:359
[0]:183743433 [1]:32831256 [2]:152 [3]:365
