[0]:849054862 [1]:549968908 [2]:7 [3]:19
[0]:850373366 [1]:551064051 [2]:6 [3]:50
[0]:851774210 [1]:552232223 [2]:7 [3]:13
[0]:853080124 [1]:553317509 [2]:7 [3]:10
[0]:854340295 [1]:554368808 [2]:7 [3]:19
[0]:855734844 [1]:555531143 [2]:0 [3]:16
[0]:857019992 [1]:556604830 [2]:7 [3]:20
[0]:858317278 [1]:557684671 [2]:7 [3]:13
[0]:859589964 [1]:558745917 [2]:6 [3]:19
[0]:861070894 [1]:559977613 [2]:7 [3]:46
[0]:862340749 [1]:561035798 [2]:7 [3]:18
[0]:863692121 [1]:562160618 [2]:6 [3]:17
[0]:865121687 [1]:563352905 [2]:7 [3]:18
[0]:866587541 [1]:564571631 [2]:7 [3]:10
[0]:867849740 [1]:565625214 [2]:0 [3]:17
[0]:869097056 [1]:566667149 [2]:0 [3]:56
[0]:870413179 [1]:567761628 [2]:6 [3]:12
[0]:871925952 [1]:569028333 [2]:6 [3]:20
[0]:873249061 [1]:570130084 [2]:6 [3]:13
[0]:874730829 [1]:571363566 [2]:7 [3]:54
[0]:876046178 [1]:572466032 [2]:7 [3]:10
[0]:877377594 [1]:573575664 [2]:7 [3]:50
[0]:878576257 [1]:574574449 [2]:6 [3]:18
[0]:879751797 [1]:575554288 [2]:6 [3]:53
[0]:880887071 [1]:576502360 [2]:7 [3]:17
[0]:882004985 [1]:577436512 [2]:7 [3]:57
[0]:883160048 [1]:578394655 [2]:7 [3]:14
[0]:884338302 [1]:579372652 [2]:7 [3]:16
[0]:885568986 [1]:580399782 [2]:7 [3]:17
[0]:886993804 [1]:581589960 [2]:6 [3]:17
[0]:888126134 [1]:582532027 [2]:6 [3]:16
[0]:889349289 [1]:583554357 [2]:7 [3]:49
[0]:890464394 [1]:584486037 [2]:6 [3]:15
[0]:891575324 [1]:585416417 [2]:6 [3]:50
[0]:892723566 [1]:586371963 [2]:7 [3]:9
[0]:894057111 [1]:587488063 [2]:7 [3]:10
[0]:895411528 [1]:588617803 [2]:7 [3]:56
[0]:896843178 [1]:589813701 [2]:6 [3]:10
[0]:898209166 [1]:590951639 [2]:7 [3]:16
[0]:899449682 [1]:591985947 [2]:7 [3]:18
[0]:900692828 [1]:593024355 [2]:7 [3]:16
[0]:901985438 [1]:594097574 [2]:6 [3]:55
[0]:903274260 [1]:595174972 [2]:6 [3]:11
[0]:904537710 [1]:596232196 [2]:7 [3]:20
[0]:905830066 [1]:597304938 [2]:7 [3]:15
[0]:907366829 [1]:598588446 [2]:6 [3]:17
[0]:908635458 [1]:599649795 [2]:6 [3]:16
[0]:909976111 [1]:600765978 [2]:0 [3]:56
[0]:911223276 [1]:601806143 [2]:6 [3]:18
[0]:912507198 [1]:602878944 [2]:0 [3]:19
[0]:913847718 [1]:603998214 [2]:7 [3]:22
[0]:915287082 [1]:605197616 [2]:7 [3]:51
[0]:916628419 [1]:606319000 [2]:7 [3]:57
[0]:917869646 [1]:607350194 [2]:7 [3]:51
[0]:919161225 [1]:608424648 [2]:7 [3]:52
[0]:920426583 [1]:609480061 [2]:0 [3]:21
[0]:921716064 [1]:610556906 [2]:7 [3]:16
[0]:923007943 [1]:611631693 [2]:6 [3]:51
[0]:924271990 [1]:612685386 [2]:7 [3]:15
[0]:925513815 [1]:613722244 [2]:6 [3]:16
[0]:926805909 [1]:614797160 [2]:6 [3]:14
[0]:928264373 [1]:616016840 [2]:6 [3]:17
[0]:929534225 [1]:617075543 [2]:0 [3]:14
[0]:930872701 [1]:618189464 [2]:6 [3]:18
[0]:932164168 [1]:619262709 [2]:7 [3]:47
[0]:933489423 [1]:620373233 [2]:7 [3]:19
[0]:934768200 [1]:621442537 [2]:6 [3]:16
[0]:936192458 [1]:622625395 [2]:7 [3]:17
[0]:937405995 [1]:623637385 [2]:7 [3]:52
[0]:938691245 [1]:624710649 [2]:7 [3]:14
[0]:939925812 [1]:625735507 [2]:7 [3]:16
[0]:941165819 [1]:626769521 [2]:7 [3]:15
[0]:942315844 [1]:627725240 [2]:6 [3]:12
[0]:943479140 [1]:628699140 [2]:7 [3]:17
[0]:944592241 [1]:629628994 [2]:7 [3]:58
[0]:945704858 [1]:630549437 [2]:7 [3]:53
[0]:946855561 [1]:631509240 [2]:6 [3]:17
