[0]:161025528 [1]:25414359 [2]:137 [3]:359
[0]:161238725 [1]:25463653 [2]:137 [3]:356
[0]:161436201 [1]:25509336 [2]:137 [3]:360
[0]:161634034 [1]:25555021 [2]:137 [3]:367
[0]:161831986 [1]:25600677 [2]:138 [3]:360
[0]:162018659 [1]:25643820 [2]:138 [3]:364
[0]:162209203 [1]:25687812 [2]:138 [3]:361
[0]:162408551 [1]:25733937 [2]:138 [3]:352
[0]:162612002 [1]:25780947 [2]:138 [3]:356
[0]:162805953 [1]:25825695 [2]:138 [3]:60
[0]:163011331 [1]:25873210 [2]:138 [3]:61
[0]:163214601 [1]:25920168 [2]:138 [3]:363
[0]:163421825 [1]:25968073 [2]:138 [3]:357
[0]:163613321 [1]:26012300 [2]:138 [3]:58
[0]:163806366 [1]:26056845 [2]:138 [3]:365
[0]:163996750 [1]:26100869 [2]:138 [3]:361
[0]:164198157 [1]:26147403 [2]:138 [3]:353
[0]:164392352 [1]:26192291 [2]:138 [3]:359
[0]:164590119 [1]:26238085 [2]:138 [3]:363
[0]:164788015 [1]:26283785 [2]:138 [3]:363
[0]:164980970 [1]:26328350 [2]:138 [3]:362
[0]:165175766 [1]:26373412 [2]:138 [3]:362
[0]:165373648 [1]:26419148 [2]:138 [3]:357
[0]:165563242 [1]:26462875 [2]:138 [3]:356
[0]:165758408 [1]:26507943 [2]:138 [3]:362
[0]:165956158 [1]:26553665 [2]:138 [3]:361
[0]:166150208 [1]:26598498 [2]:138 [3]:62
[0]:166348168 [1]:26644303 [2]:138 [3]:364
[0]:166538236 [1]:26688191 [2]:138 [3]:63
[0]:166736184 [1]:26733960 [2]:138 [3]:356
[0]:166934181 [1]:26779676 [2]:138 [3]:359
[0]:167134783 [1]:26826005 [2]:138 [3]:354
[0]:167329650 [1]:26871016 [2]:138 [3]:356
[0]:167523701 [1]:26915864 [2]:140 [3]:60
[0]:167777499 [1]:26974560 [2]:140 [3]:361
[0]:168006913 [1]:27027683 [2]:140 [3]:359
[0]:168199263 [1]:27072115 [2]:140 [3]:55
[0]:168393993 [1]:27117043 [2]:140 [3]:363
[0]:168588263 [1]:27161931 [2]:140 [3]:59
[0]:168785207 [1]:27207419 [2]:140 [3]:359
[0]:168986650 [1]:27253965 [2]:140 [3]:357
[0]:169180802 [1]:27298876 [2]:140 [3]:360
[0]:169378651 [1]:27344491 [2]:140 [3]:358
[0]:169581498 [1]:27391370 [2]:140 [3]:363
[0]:169772854 [1]:27435628 [2]:140 [3]:367
[0]:169968355 [1]:27480796 [2]:140 [3]:357
[0]:170228344 [1]:27540812 [2]:140 [3]:356
[0]:170423937 [1]:27585995 [2]:140 [3]:361
[0]:170620202 [1]:27631352 [2]:140 [3]:359
[0]:170821258 [1]:27677839 [2]:140 [3]:65
[0]:171020965 [1]:27724068 [2]:140 [3]:362
[0]:171213187 [1]:27768417 [2]:140 [3]:61
[0]:171412881 [1]:27814552 [2]:140 [3]:362
[0]:171640474 [1]:27867144 [2]:140 [3]:360
[0]:171849457 [1]:27915431 [2]:140 [3]:59
[0]:172056520 [1]:27963222 [2]:140 [3]:360
[0]:172249373 [1]:28007712 [2]:140 [3]:355
[0]:172454177 [1]:28055139 [2]:140 [3]:363
[0]:172650011 [1]:28100420 [2]:140 [3]:360
[0]:172856473 [1]:28148138 [2]:140 [3]:354
[0]:173055251 [1]:28194079 [2]:141 [3]:369
[0]:173249212 [1]:28238864 [2]:141 [3]:60
[0]:173443220 [1]:28283699 [2]:141 [3]:55
[0]:173640358 [1]:28329245 [2]:141 [3]:356
[0]:173835139 [1]:28374271 [2]:141 [3]:358
[0]:174044168 [1]:28422461 [2]:141 [3]:359
[0]:174260770 [1]:28472529 [2]:141 [3]:359
[0]:174470652 [1]:28521021 [2]:141 [3]:59
[0]:174674843 [1]:28568285 [2]:141 [3]:360
[0]:174895236 [1]:28619214 [2]:141 [3]:60
[0]:175117933 [1]:28670707 [2]:141 [3]:360
[0]:175316610 [1]:28716568 [2]:141 [3]:358
[0]:175507219 [1]:28760677 [2]:141 [3]:364
[0]:175738553 [1]:28814104 [2]:141 [3]:365
[0]:175931284 [1]:28858624 [2]:141 [3]:356
[0]:176126889 [1]:28903800 [2]:141 [3]:359
[0]:176329480 [1]:28950639 [2]:141 [3]:360
[0]:176530097 [1]:28996982 [2]:141 [3]:365
[0]:176726812 [1]:29042418 [2]:141 [3]:366
[0]:176929539 [1]:29089159 [2]:141 [3]:360
[0]:177123342 [1]:29133921 [2]:141 [3]:357
[0]:177328640 [1]:29181349 [2]:141 [3]:361
[0]:177522846 [1]:29226293 [2]:141 [3]:368
[0]:177724585 [1]:29272794 [2]:141 [3]:60
[0]:177920483 [1]:29318048 [2]:141 [3]:359
[0]:178108788 [1]:29361620 [2]:141 [3]:359
[0]:178304036 [1]:29406697 [2]:141 [3]:365
[0]:178490984 [1]:29449907 [2]:141 [3]:359
[0]:178684858 [1]:29494591 [2]:142 [3]:360
[0]:178875686 [1]:29538660 [2]:142 [3]:364
[0]:179066236 [1]:29582790 [2]:142 [3]:357
[0]:179260662 [1]:29627710 [2]:142 [3]:355
[0]:179452712 [1]:29672054 [2]:142 [3]:363
[0]:179647697 [1]:29717061 [2]:142 [3]:368
[0]:179843021 [1]:29762214 [2]:142 [3]:366
[0]:180056996 [1]:29811646 [2]:142 [3]:366
[0]:180247298 [1]:29855641 [2]:142 [3]:364
[0]:180445168 [1]:29901323 [2]:142 [3]:354
[0]:180635579 [1]:29945225 [2]:142 [3]:355
[0]:180829432 [1]:29990047 [2]:142 [3]:359
[0]:181027294 [1]:30035742 [2]:142 [3]:366
[0]:181225060 [1]:30081419 [2]:142 [3]:356
[0]:181430563 [1]:30128869 [2]:142 [3]:355
[0]:181631157 [1]:30175196 [2]:142 [3]:355
[0]:181829439 [1]:30221022 [2]:142 [3]:58
[0]:182060783 [1]:30274500 [2]:142 [3]:357
[0]:182254353 [1]:30319232 [2]:142 [3]:364
[0]:182453261 [1]:30365125 [2]:142 [3]:364
[0]:182647452 [1]:30409976 [2]:142 [3]:362
[0]:182852317 [1]:30457322 [2]:142 [3]:363
[0]:183053359 [1]:30503761 [2]:142 [3]:359
[0]:183266995 [1]:30553132 [2]:142 [3]:360
[0]:183461139 [1]:30597870 [2]:142 [3]:366
[0]:183665637 [1]:30645133 [2]:142 [3]:359
[0]:183864092 [1]:30691038 [2]:142 [3]:63
[0]:184061952 [1]:30736746 [2]:142 [3]:356
[0]:184266586 [1]:30783865 [2]:143 [3]:362
[0]:184466920 [1]:30830192 [2]:143 [3]:357
[0]:184658894 [1]:30874564 [2]:143 [3]:364
[0]:184849348 [1]:30918556 [2]:143 [3]:61
[0]:185058274 [1]:30966776 [2]:143 [3]:358
[0]:185254575 [1]:31012095 [2]:143 [3]:366
[0]:185450401 [1]:31057424 [2]:143 [3]:362
[0]:185648235 [1]:31103168 [2]:143 [3]:355
[0]:185857271 [1]:31151496 [2]:143 [3]:359
[0]:186056954 [1]:31197598 [2]:143 [3]:363
[0]:186270166 [1]:31246841 [2]:143 [3]:355
[0]:186465341 [1]:31291983 [2]:143 [3]:366
[0]:186658651 [1]:31336638 [2]:143 [3]:368
[0]:186853716 [1]:31381675 [2]:143 [3]:360
[0]:187056103 [1]:31428389 [2]:143 [3]:55
[0]:187249149 [1]:31473062 [2]:143 [3]:362
[0]:187447273 [1]:31518840 [2]:143 [3]:356
[0]:187648727 [1]:31565393 [2]:143 [3]:364
[0]:187857862 [1]:31613742 [2]:143 [3]:365
[0]:188052018 [1]:31658585 [2]:143 [3]:362
[0]:188259026 [1]:31706392 [2]:143 [3]:362
[0]:188458558 [1]:31752427 [2]:143 [3]:361
[0]:188652884 [1]:31797305 [2]:143 [3]:361
[0]:188846841 [1]:31842229 [2]:143 [3]:53
[0]:189044503 [1]:31887880 [2]:143 [3]:360
[0]:189238527 [1]:31932699 [2]:143 [3]:359
[0]:189440292 [1]:31979310 [2]:143 [3]:362
[0]:189638105 [1]:32025054 [2]:143 [3]:63
[0]:189830830 [1]:32069547 [2]:144 [3]:364
[0]:190042570 [1]:32118490 [2]:144 [3]:365
[0]:190304990 [1]:32179097 [2]:144 [3]:368
[0]:190492159 [1]:32222369 [2]:144 [3]:364
[0]:190684769 [1]:32266870 [2]:144 [3]:361
[0]:190888482 [1]:32313860 [2]:144 [3]:365
[0]:191077546 [1]:32357626 [2]:144 [3]:362
[0]:191295268 [1]:32407894 [2]:144 [3]:371
[0]:191488790 [1]:32452646 [2]:144 [3]:362
[0]:191698143 [1]:32500917 [2]:144 [3]:356
[0]:191899073 [1]:32547344 [2]:144 [3]:361
[0]:192090179 [1]:32591482 [2]:144 [3]:363
[0]:192288166 [1]:32637275 [2]:144 [3]:361
[0]:192489375 [1]:32683793 [2]:144 [3]:361
[0]:192727484 [1]:32738789 [2]:144 [3]:63
[0]:192948843 [1]:32789850 [2]:144 [3]:360
[0]:193142983 [1]:32834725 [2]:144 [3]:57
[0]:193340223 [1]:32880306 [2]:144 [3]:359
[0]:193535085 [1]:32925353 [2]:144 [3]:359
[0]:193738441 [1]:32972274 [2]:144 [3]:64
[0]:193933876 [1]:33017429 [2]:144 [3]:361
[0]:194161937 [1]:33070157 [2]:144 [3]:54
[0]:194359399 [1]:33115781 [2]:144 [3]:359
[0]:194551350 [1]:33160040 [2]:144 [3]:357
[0]:194748011 [1]:33205536 [2]:144 [3]:352
[0]:194945361 [1]:33251161 [2]:144 [3]:362
[0]:195200185 [1]:33310069 [2]:144 [3]:364
[0]:195423551 [1]:33361663 [2]:145 [3]:365
[0]:195624979 [1]:33408196 [2]:145 [3]:347
[0]:195826246 [1]:33454622 [2]:145 [3]:363
[0]:196053976 [1]:33507290 [2]:145 [3]:362
[0]:196248096 [1]:33552179 [2]:145 [3]:360
[0]:196467977 [1]:33602910 [2]:145 [3]:55
[0]:196657099 [1]:33646637 [2]:145 [3]:362
[0]:196849329 [1]:33691011 [2]:145 [3]:358
[0]:197081663 [1]:33744731 [2]:145 [3]:362
[0]:197281803 [1]:33790861 [2]:145 [3]:64
[0]:197479955 [1]:33836690 [2]:145 [3]:363
[0]:197671068 [1]:33880829 [2]:145 [3]:362
[0]:197871891 [1]:33927228 [2]:145 [3]:360
[0]:198065770 [1]:33972030 [2]:145 [3]:357
[0]:198304806 [1]:34027189 [2]:145 [3]:64
[0]:198502285 [1]:34072812 [2]:145 [3]:364
[0]:198703566 [1]:34119326 [2]:145 [3]:361
[0]:198901985 [1]:34165149 [2]:145 [3]:366
[0]:199104921 [1]:34212041 [2]:145 [3]:59
[0]:199303668 [1]:34257939 [2]:145 [3]:364
[0]:199500201 [1]:34303367 [2]:145 [3]:360
[0]:199711234 [1]:34352071 [2]:145 [3]:364
[0]:199913501 [1]:34398778 [2]:145 [3]:360
[0]:200118409 [1]:34446016 [2]:145 [3]:361
[0]:200320450 [1]:34492727 [2]:145 [3]:356
[0]:200518251 [1]:34538538 [2]:145 [3]:359
[0]:200589624 [1]:34555077 [2]:145 [3]:362
[0]:200589624 [1]:34555077 [2]:145 [3]:362
[0]:200589624 [1]:34555077 [2]:145 [3]:362
[0]:200589624 [1]:34555077 [2]:145 [3]:362
[0]:200589624 [1]:34555077 [2]:145 [3]:362
[0]:200589624 [1]:34555077 [2]:145 [3]:362
[0]:200589624 [1]:34555077 [2]:145 [3]:362
[0]:200589624 [1]:34555077 [2]:145 [3]:362
[0]:200589624 [1]:34555077 [2]:145 [3]:362
[0]:200589624 [1]:34555077 [2]:145 [3]:362
[0]:200589624 [1]:34555077 [2]:145 [3]:362
