[0]:228545216 [1]:83158080 [2]:7 [3]:21
[0]:229811069 [1]:83864132 [2]:7 [3]:51
[0]:230928092 [1]:84434289 [2]:7 [3]:54
[0]:232084871 [1]:85031920 [2]:7 [3]:15
[0]:233369584 [1]:85693535 [2]:7 [3]:13
[0]:234501885 [1]:86271801 [2]:7 [3]:13
[0]:235617796 [1]:86845618 [2]:7 [3]:12
[0]:236728388 [1]:87416207 [2]:7 [3]:35
[0]:237824024 [1]:87977129 [2]:7 [3]:16
[0]:238997021 [1]:88579908 [2]:7 [3]:14
[0]:240120063 [1]:89153343 [2]:7 [3]:54
[0]:241215404 [1]:89710814 [2]:7 [3]:49
[0]:242740008 [1]:90488079 [2]:7 [3]:11
[0]:243864815 [1]:91059877 [2]:7 [3]:49
[0]:245010476 [1]:91648003 [2]:7 [3]:50
[0]:246107278 [1]:92207731 [2]:7 [3]:15
[0]:247215787 [1]:92777949 [2]:7 [3]:6
[0]:248383628 [1]:93380123 [2]:7 [3]:16
[0]:249464060 [1]:93931903 [2]:7 [3]:51
[0]:250577740 [1]:94505888 [2]:7 [3]:12
[0]:251593568 [1]:95029031 [2]:7 [3]:12
[0]:252569684 [1]:95526579 [2]:7 [3]:48
[0]:253569148 [1]:96037021 [2]:7 [3]:53
[0]:254591881 [1]:96559855 [2]:7 [3]:12
[0]:255605084 [1]:97074475 [2]:7 [3]:57
[0]:256606268 [1]:97589999 [2]:7 [3]:48
[0]:257604708 [1]:98107152 [2]:7 [3]:12
[0]:258569676 [1]:98601122 [2]:7 [3]:18
[0]:259580458 [1]:99118045 [2]:7 [3]:14
[0]:260581551 [1]:99630455 [2]:7 [3]:10
[0]:261567676 [1]:100133720 [2]:7 [3]:57
[0]:262565372 [1]:100643476 [2]:7 [3]:55
[0]:263787798 [1]:101274919 [2]:7 [3]:10
[0]:265014076 [1]:101898743 [2]:7 [3]:51
[0]:266085310 [1]:102451502 [2]:7 [3]:18
[0]:267064280 [1]:102953401 [2]:7 [3]:8
[0]:268316298 [1]:103599437 [2]:7 [3]:11
[0]:269359943 [1]:104138557 [2]:7 [3]:56
[0]:270349057 [1]:104647828 [2]:7 [3]:10
[0]:271361662 [1]:105160971 [2]:7 [3]:14
[0]:272349668 [1]:105668078 [2]:7 [3]:51
[0]:273349403 [1]:106183793 [2]:7 [3]:14
[0]:274370823 [1]:106706208 [2]:7 [3]:12
[0]:275363940 [1]:107214115 [2]:7 [3]:12
[0]:276404244 [1]:107749202 [2]:7 [3]:52
[0]:277378830 [1]:108241788 [2]:7 [3]:11
[0]:278387260 [1]:108756620 [2]:7 [3]:57
[0]:279613580 [1]:109383880 [2]:7 [3]:53
[0]:280832362 [1]:110005208 [2]:7 [3]:14
[0]:282072841 [1]:110638300 [2]:7 [3]:9
[0]:283244278 [1]:111231383 [2]:7 [3]:14
[0]:284375578 [1]:111810147 [2]:7 [3]:9
[0]:285468206 [1]:112368861 [2]:7 [3]:53
[0]:286624432 [1]:112965526 [2]:7 [3]:49
[0]:287757908 [1]:113542468 [2]:7 [3]:16
[0]:288889109 [1]:114124838 [2]:7 [3]:52
[0]:290157449 [1]:114775498 [2]:7 [3]:10
[0]:291242788 [1]:115334738 [2]:7 [3]:9
[0]:292329244 [1]:115893740 [2]:7 [3]:53
[0]:293462452 [1]:116471927 [2]:7 [3]:57
[0]:294616792 [1]:117067808 [2]:7 [3]:13
[0]:295720524 [1]:117636934 [2]:7 [3]:51
[0]:296904982 [1]:118244824 [2]:7 [3]:10
[0]:298007141 [1]:118809431 [2]:7 [3]:7
[0]:299093108 [1]:119368772 [2]:7 [3]:15
[0]:300176196 [1]:119928544 [2]:7 [3]:47
[0]:301308411 [1]:120507864 [2]:7 [3]:15
[0]:302450012 [1]:121095385 [2]:7 [3]:56
[0]:303545899 [1]:121660135 [2]:7 [3]:19
[0]:304636618 [1]:122224707 [2]:7 [3]:58
[0]:305639617 [1]:122735067 [2]:7 [3]:49
[0]:306822553 [1]:123334437 [2]:7 [3]:12
[0]:307830668 [1]:123848320 [2]:7 [3]:52
[0]:308860083 [1]:124373896 [2]:7 [3]:12
[0]:309911971 [1]:124909216 [2]:7 [3]:11
[0]:310841980 [1]:125385041 [2]:7 [3]:11
[0]:311832213 [1]:125894327 [2]:7 [3]:16
[0]:312865272 [1]:126421216 [2]:7 [3]:50
[0]:313900964 [1]:126948672 [2]:7 [3]:12
[0]:314927186 [1]:127503036 [2]:7 [3]:18
