[0]:27636114 [1]:3340133 [2]:92 [3]:82
[0]:27836926 [1]:3362297 [2]:92 [3]:363
[0]:28057712 [1]:3386572 [2]:92 [3]:75
[0]:28265408 [1]:3409669 [2]:92 [3]:90
[0]:28467841 [1]:3431911 [2]:92 [3]:372
[0]:28688630 [1]:3456489 [2]:92 [3]:77
[0]:28905586 [1]:3480393 [2]:95 [3]:363
[0]:29151055 [1]:3507398 [2]:95 [3]:87
[0]:29393772 [1]:3534090 [2]:95 [3]:358
[0]:29686194 [1]:3566130 [2]:95 [3]:80
[0]:29910300 [1]:3590784 [2]:95 [3]:371
[0]:30120594 [1]:3613911 [2]:95 [3]:77
[0]:30341285 [1]:3638262 [2]:95 [3]:85
[0]:30594694 [1]:3666041 [2]:95 [3]:88
[0]:30799415 [1]:3688681 [2]:95 [3]:81
[0]:30999959 [1]:3710849 [2]:96 [3]:79
[0]:31239423 [1]:3737274 [2]:96 [3]:98
[0]:31438668 [1]:3759303 [2]:96 [3]:76
[0]:31646236 [1]:3781988 [2]:96 [3]:363
[0]:31883572 [1]:3808232 [2]:96 [3]:368
[0]:32088707 [1]:3830758 [2]:96 [3]:360
[0]:32294683 [1]:3853427 [2]:96 [3]:93
[0]:32504745 [1]:3876477 [2]:96 [3]:360
[0]:32711831 [1]:3899415 [2]:96 [3]:359
[0]:32932514 [1]:3923705 [2]:96 [3]:361
[0]:33161534 [1]:3948849 [2]:96 [3]:368
[0]:33362913 [1]:3970808 [2]:97 [3]:358
[0]:33571731 [1]:3993879 [2]:97 [3]:361
[0]:33774095 [1]:4016067 [2]:97 [3]:368
[0]:33978214 [1]:4038520 [2]:97 [3]:369
[0]:34186179 [1]:4061258 [2]:97 [3]:76
[0]:34388764 [1]:4083363 [2]:97 [3]:374
[0]:34592800 [1]:4105904 [2]:97 [3]:364
[0]:34804959 [1]:4129137 [2]:97 [3]:368
[0]:35007671 [1]:4151871 [2]:97 [3]:84
[0]:35210512 [1]:4174234 [2]:97 [3]:368
[0]:35415324 [1]:4196923 [2]:97 [3]:87
[0]:35618848 [1]:4219369 [2]:97 [3]:368
[0]:35834398 [1]:4243065 [2]:97 [3]:82
[0]:36035960 [1]:4265216 [2]:97 [3]:364
[0]:36237967 [1]:4287491 [2]:97 [3]:359
[0]:36444614 [1]:4310318 [2]:97 [3]:363
[0]:36679710 [1]:4336252 [2]:97 [3]:75
[0]:36882118 [1]:4358709 [2]:97 [3]:380
[0]:37085300 [1]:4381392 [2]:97 [3]:360
[0]:37298775 [1]:4404705 [2]:97 [3]:367
[0]:37513627 [1]:4428327 [2]:97 [3]:361
[0]:37719921 [1]:4451059 [2]:97 [3]:91
[0]:37935787 [1]:4474711 [2]:97 [3]:77
[0]:38137550 [1]:4496841 [2]:97 [3]:368
[0]:38360031 [1]:4521137 [2]:97 [3]:72
[0]:38573428 [1]:4544391 [2]:97 [3]:357
[0]:38780622 [1]:4567188 [2]:97 [3]:84
[0]:38983523 [1]:4589395 [2]:97 [3]:369
[0]:39184822 [1]:4611418 [2]:97 [3]:367
[0]:39388931 [1]:4633950 [2]:97 [3]:91
[0]:39590506 [1]:4656114 [2]:97 [3]:354
[0]:39800236 [1]:4679232 [2]:97 [3]:372
[0]:40005382 [1]:4701724 [2]:97 [3]:368
[0]:40207643 [1]:4723831 [2]:97 [3]:366
[0]:40415721 [1]:4746702 [2]:97 [3]:364
[0]:40616673 [1]:4768919 [2]:97 [3]:75
[0]:40829837 [1]:4792409 [2]:97 [3]:355
[0]:41045957 [1]:4816468 [2]:97 [3]:358
[0]:41271148 [1]:4841215 [2]:97 [3]:362
[0]:41478153 [1]:4864014 [2]:97 [3]:101
[0]:41697381 [1]:4888099 [2]:97 [3]:362
[0]:41932990 [1]:4914263 [2]:97 [3]:106
[0]:42150949 [1]:4938295 [2]:97 [3]:92
[0]:42351645 [1]:4960682 [2]:97 [3]:75
[0]:42551824 [1]:4982698 [2]:97 [3]:82
[0]:42753926 [1]:5004922 [2]:97 [3]:357
[0]:42962811 [1]:5028042 [2]:97 [3]:83
[0]:43183658 [1]:5052280 [2]:97 [3]:372
[0]:43393037 [1]:5075241 [2]:97 [3]:371
[0]:43647751 [1]:5103570 [2]:97 [3]:80
[0]:43854315 [1]:5126293 [2]:97 [3]:368
[0]:44067497 [1]:5149604 [2]:97 [3]:365
[0]:44272048 [1]:5171996 [2]:97 [3]:366
[0]:44473691 [1]:5194141 [2]:97 [3]:370
[0]:44692581 [1]:5218103 [2]:97 [3]:367
[0]:44931566 [1]:5244443 [2]:97 [3]:360
[0]:45134474 [1]:5266698 [2]:97 [3]:359
[0]:45332550 [1]:5288827 [2]:97 [3]:368
[0]:45542909 [1]:5311908 [2]:97 [3]:75
[0]:45743939 [1]:5334044 [2]:97 [3]:369
[0]:45945025 [1]:5356240 [2]:97 [3]:361
[0]:46150644 [1]:5378734 [2]:97 [3]:373
[0]:46349504 [1]:5400557 [2]:97 [3]:354
[0]:46552541 [1]:5423094 [2]:97 [3]:365
[0]:46765371 [1]:5446594 [2]:97 [3]:376
[0]:46966500 [1]:5468819 [2]:97 [3]:107
[0]:47175688 [1]:5491824 [2]:97 [3]:362
[0]:47380698 [1]:5514213 [2]:97 [3]:372
[0]:47604873 [1]:5538951 [2]:97 [3]:77
[0]:47810798 [1]:5561662 [2]:97 [3]:82
[0]:48019512 [1]:5584725 [2]:97 [3]:84
[0]:48228919 [1]:5607681 [2]:97 [3]:366
[0]:48433853 [1]:5630237 [2]:97 [3]:364
[0]:48647049 [1]:5653529 [2]:97 [3]:77
[0]:48842279 [1]:5674982 [2]:97 [3]:91
[0]:49045476 [1]:5697247 [2]:97 [3]:360
[0]:49249717 [1]:5719755 [2]:97 [3]:375
[0]:49459583 [1]:5742938 [2]:97 [3]:369
[0]:49727410 [1]:5772537 [2]:97 [3]:366
[0]:49933816 [1]:5795310 [2]:97 [3]:361
[0]:50161734 [1]:5820303 [2]:97 [3]:78
[0]:50366651 [1]:5842983 [2]:97 [3]:360
[0]:50585010 [1]:5866965 [2]:97 [3]:363
[0]:50816320 [1]:5892400 [2]:97 [3]:366
[0]:51017564 [1]:5914542 [2]:97 [3]:73
[0]:51214151 [1]:5936073 [2]:97 [3]:357
[0]:51419977 [1]:5958686 [2]:97 [3]:73
[0]:51632665 [1]:5982232 [2]:97 [3]:368
[0]:51838122 [1]:6004775 [2]:97 [3]:363
[0]:52054626 [1]:6028545 [2]:97 [3]:361
[0]:52260124 [1]:6051210 [2]:97 [3]:95
[0]:52467569 [1]:6074094 [2]:97 [3]:79
[0]:52682118 [1]:6097717 [2]:97 [3]:97
[0]:52890244 [1]:6120717 [2]:97 [3]:369
[0]:53095566 [1]:6143291 [2]:97 [3]:366
[0]:53301338 [1]:6165853 [2]:97 [3]:96
[0]:53505600 [1]:6188404 [2]:97 [3]:80
[0]:53707544 [1]:6210722 [2]:97 [3]:371
[0]:53924500 [1]:6234638 [2]:97 [3]:364
[0]:54137035 [1]:6258003 [2]:97 [3]:371
[0]:54346036 [1]:6280967 [2]:97 [3]:363
[0]:54543702 [1]:6302795 [2]:97 [3]:78
[0]:54752078 [1]:6325758 [2]:97 [3]:359
[0]:54953857 [1]:6347929 [2]:97 [3]:89
[0]:55164486 [1]:6371082 [2]:97 [3]:96
[0]:55367981 [1]:6393656 [2]:97 [3]:362
[0]:55569976 [1]:6416089 [2]:97 [3]:79
[0]:55797829 [1]:6441217 [2]:97 [3]:85
[0]:56010525 [1]:6464618 [2]:97 [3]:75
[0]:56219736 [1]:6487721 [2]:97 [3]:81
[0]:56445620 [1]:6512531 [2]:97 [3]:99
[0]:56653608 [1]:6535486 [2]:97 [3]:361
[0]:56862599 [1]:6558581 [2]:97 [3]:87
[0]:57058405 [1]:6581259 [2]:97 [3]:57
