[0]:0 [1]:0 [2]:0 [3]:0
[0]:0 [1]:0 [2]:0 [3]:0
[0]:0 [1]:0 [2]:0 [3]:0
[0]:0 [1]:0 [2]:0 [3]:0
[0]:1119547 [1]:1119546 [2]:0 [3]:50
[0]:2311708 [1]:2311722 [2]:0 [3]:51
[0]:3498065 [1]:3498086 [2]:0 [3]:7
[0]:4642774 [1]:4642776 [2]:0 [3]:57
[0]:5780717 [1]:5780722 [2]:0 [3]:11
[0]:6959497 [1]:6959493 [2]:0 [3]:49
[0]:8116512 [1]:8116513 [2]:0 [3]:13
[0]:9288622 [1]:9288629 [2]:0 [3]:51
[0]:10488591 [1]:10488586 [2]:0 [3]:10
[0]:11940850 [1]:11940850 [2]:0 [3]:12
[0]:13342764 [1]:13342765 [2]:0 [3]:52
[0]:14381255 [1]:14381293 [2]:0 [3]:6
[0]:15412129 [1]:15412179 [2]:0 [3]:8
[0]:16498888 [1]:16498897 [2]:0 [3]:47
[0]:17568996 [1]:17568996 [2]:0 [3]:48
[0]:18607736 [1]:18607736 [2]:0 [3]:49
[0]:19677520 [1]:19677520 [2]:0 [3]:20
[0]:20754272 [1]:20754272 [2]:0 [3]:14
[0]:21814659 [1]:21814659 [2]:0 [3]:18
[0]:22801783 [1]:22801787 [2]:0 [3]:10
[0]:23806491 [1]:23806491 [2]:0 [3]:49
[0]:25134312 [1]:25134313 [2]:0 [3]:15
[0]:26149353 [1]:26149355 [2]:0 [3]:53
[0]:27137267 [1]:27137267 [2]:0 [3]:13
[0]:28703965 [1]:28703965 [2]:0 [3]:13
[0]:29942142 [1]:29942144 [2]:0 [3]:49
[0]:31037817 [1]:31037818 [2]:0 [3]:16
[0]:32447646 [1]:32447646 [2]:0 [3]:11
[0]:33501995 [1]:33501999 [2]:0 [3]:10
[0]:34546969 [1]:34546969 [2]:0 [3]:11
[0]:35580503 [1]:35580505 [2]:0 [3]:13
[0]:36602162 [1]:36602172 [2]:0 [3]:10
[0]:37615145 [1]:37615147 [2]:0 [3]:9
[0]:38858000 [1]:38858012 [2]:0 [3]:16
[0]:39892634 [1]:39892650 [2]:0 [3]:12
[0]:40932918 [1]:40932919 [2]:0 [3]:13
[0]:41988935 [1]:41988936 [2]:0 [3]:57
[0]:43044920 [1]:43044920 [2]:0 [3]:52
[0]:44087188 [1]:44087188 [2]:0 [3]:49
[0]:45127954 [1]:45127960 [2]:0 [3]:13
[0]:46274210 [1]:46274213 [2]:0 [3]:17
[0]:47782644 [1]:47782646 [2]:0 [3]:49
[0]:49311643 [1]:49311644 [2]:0 [3]:16
[0]:50581952 [1]:50581963 [2]:0 [3]:14
[0]:51755745 [1]:51755741 [2]:0 [3]:15
[0]:52928777 [1]:52928778 [2]:0 [3]:50
[0]:54114994 [1]:54115005 [2]:0 [3]:46
[0]:55273085 [1]:55273109 [2]:0 [3]:11
[0]:56403551 [1]:56403552 [2]:0 [3]:25
[0]:57791836 [1]:57791842 [2]:0 [3]:12
[0]:58957950 [1]:58957951 [2]:0 [3]:12
[0]:60434997 [1]:60435007 [2]:0 [3]:49
[0]:61539180 [1]:61539182 [2]:0 [3]:10
[0]:62671724 [1]:62671724 [2]:0 [3]:53
[0]:63830915 [1]:63830917 [2]:0 [3]:14
[0]:65320065 [1]:65320083 [2]:0 [3]:9
[0]:66483622 [1]:66483635 [2]:0 [3]:11
[0]:67644456 [1]:67644490 [2]:0 [3]:14
[0]:68793254 [1]:68793255 [2]:0 [3]:57
[0]:70245681 [1]:70245684 [2]:0 [3]:49
[0]:71265629 [1]:71265629 [2]:0 [3]:14
[0]:72320730 [1]:72320728 [2]:0 [3]:13
[0]:73553500 [1]:73553500 [2]:0 [3]:48
[0]:74844337 [1]:74844330 [2]:0 [3]:8
[0]:75852316 [1]:75852313 [2]:0 [3]:48
[0]:77154060 [1]:77154070 [2]:0 [3]:11
[0]:78184321 [1]:78184330 [2]:0 [3]:15
[0]:79235086 [1]:79235086 [2]:0 [3]:13
[0]:80422617 [1]:80422620 [2]:0 [3]:16
[0]:81477627 [1]:81477630 [2]:0 [3]:17
[0]:82548272 [1]:82548273 [2]:0 [3]:13
[0]:83575413 [1]:83575407 [2]:0 [3]:15
