[0]:465436499 [1]:465436504 [2]:0 [3]:14
[0]:466607062 [1]:466607062 [2]:0 [3]:18
[0]:467768773 [1]:467768773 [2]:0 [3]:13
[0]:469049573 [1]:469049577 [2]:0 [3]:18
[0]:470189423 [1]:470189429 [2]:0 [3]:14
[0]:471308111 [1]:471308125 [2]:0 [3]:8
[0]:472687923 [1]:472687928 [2]:0 [3]:16
[0]:474202908 [1]:474202911 [2]:0 [3]:16
[0]:475650561 [1]:475650564 [2]:0 [3]:51
[0]:477031002 [1]:477031004 [2]:0 [3]:14
[0]:478372199 [1]:478372224 [2]:0 [3]:13
[0]:479691811 [1]:479691816 [2]:0 [3]:12
[0]:480997178 [1]:480997188 [2]:0 [3]:13
[0]:482353885 [1]:482353885 [2]:0 [3]:56
[0]:483657973 [1]:483657975 [2]:0 [3]:19
[0]:485088820 [1]:485088821 [2]:0 [3]:54
[0]:486346076 [1]:486346078 [2]:0 [3]:25
[0]:487645779 [1]:487645785 [2]:0 [3]:53
[0]:488951563 [1]:488951630 [2]:0 [3]:20
[0]:490231927 [1]:490231943 [2]:0 [3]:17
[0]:491538329 [1]:491538353 [2]:0 [3]:18
[0]:492869398 [1]:492869395 [2]:0 [3]:59
[0]:494123101 [1]:494123105 [2]:0 [3]:15
[0]:495428391 [1]:495428395 [2]:0 [3]:14
[0]:496931021 [1]:496931029 [2]:0 [3]:19
[0]:498174702 [1]:498174705 [2]:0 [3]:60
[0]:499341484 [1]:499341491 [2]:0 [3]:18
[0]:500495925 [1]:500495921 [2]:0 [3]:56
[0]:501654366 [1]:501654369 [2]:0 [3]:14
[0]:502828691 [1]:502828691 [2]:0 [3]:14
[0]:504008723 [1]:504008728 [2]:0 [3]:55
[0]:505187381 [1]:505187387 [2]:0 [3]:17
[0]:506391106 [1]:506391108 [2]:0 [3]:50
[0]:507571695 [1]:507571698 [2]:0 [3]:54
[0]:508749681 [1]:508749683 [2]:0 [3]:19
[0]:509906177 [1]:509906191 [2]:0 [3]:11
[0]:510957984 [1]:510957992 [2]:0 [3]:20
[0]:512062285 [1]:512062289 [2]:0 [3]:13
[0]:513222331 [1]:513222331 [2]:0 [3]:16
[0]:514402764 [1]:514402764 [2]:0 [3]:57
[0]:515643957 [1]:515643959 [2]:0 [3]:53
[0]:517181166 [1]:517181170 [2]:0 [3]:14
[0]:518435420 [1]:518435420 [2]:0 [3]:15
[0]:519613269 [1]:519613273 [2]:0 [3]:51
[0]:520768550 [1]:520768553 [2]:0 [3]:15
[0]:521880147 [1]:521880147 [2]:0 [3]:12
[0]:523000148 [1]:523000149 [2]:0 [3]:17
[0]:524124766 [1]:524124768 [2]:0 [3]:49
[0]:525298095 [1]:525298094 [2]:0 [3]:12
[0]:526755021 [1]:526755021 [2]:0 [3]:12
[0]:527911703 [1]:527911705 [2]:0 [3]:12
[0]:529074639 [1]:529074640 [2]:0 [3]:13
[0]:530155036 [1]:530155038 [2]:0 [3]:50
[0]:531283337 [1]:531283341 [2]:0 [3]:16
[0]:532409397 [1]:532409418 [2]:0 [3]:15
[0]:533564203 [1]:533564233 [2]:0 [3]:52
[0]:534708222 [1]:534708223 [2]:0 [3]:17
[0]:535988518 [1]:535988520 [2]:0 [3]:18
[0]:537403116 [1]:537403124 [2]:0 [3]:16
[0]:538757628 [1]:538757628 [2]:0 [3]:18
[0]:540092571 [1]:540092586 [2]:0 [3]:11
[0]:541398011 [1]:541398011 [2]:0 [3]:11
[0]:542684514 [1]:542684512 [2]:0 [3]:16
[0]:543949589 [1]:543949589 [2]:0 [3]:54
[0]:545239905 [1]:545239906 [2]:0 [3]:16
[0]:546544370 [1]:546544372 [2]:0 [3]:13
[0]:547849708 [1]:547849709 [2]:0 [3]:54
[0]:549161978 [1]:549161978 [2]:0 [3]:20
[0]:550590995 [1]:550590995 [2]:0 [3]:15
[0]:551862125 [1]:551862128 [2]:0 [3]:56
[0]:553115666 [1]:553115669 [2]:0 [3]:12
[0]:554392834 [1]:554392923 [2]:0 [3]:9
[0]:555702741 [1]:555702747 [2]:0 [3]:10
[0]:556981304 [1]:556981310 [2]:0 [3]:11
[0]:558385086 [1]:558385086 [2]:0 [3]:55
[0]:559767978 [1]:559767984 [2]:0 [3]:43
[0]:561163575 [1]:561163578 [2]:0 [3]:61
[0]:562381281 [1]:562381297 [2]:0 [3]:49
[0]:563757923 [1]:563757923 [2]:0 [3]:50
[0]:564890417 [1]:564890424 [2]:0 [3]:47
