[0]:160952177 [1]:21297339 [2]:101 [3]:59
[0]:161164161 [1]:21333771 [2]:101 [3]:63
[0]:161359500 [1]:21367377 [2]:101 [3]:356
[0]:161550230 [1]:21400242 [2]:101 [3]:370
[0]:161764641 [1]:21437154 [2]:101 [3]:365
[0]:161964636 [1]:21471454 [2]:101 [3]:68
[0]:162162902 [1]:21505615 [2]:101 [3]:365
[0]:162379977 [1]:21542924 [2]:101 [3]:66
[0]:162581403 [1]:21577501 [2]:101 [3]:355
[0]:162809938 [1]:21616920 [2]:101 [3]:82
[0]:163014423 [1]:21652058 [2]:104 [3]:59
[0]:163231332 [1]:21689406 [2]:104 [3]:361
[0]:163436647 [1]:21724706 [2]:104 [3]:370
[0]:163630490 [1]:21758024 [2]:104 [3]:63
[0]:163825329 [1]:21791614 [2]:104 [3]:62
[0]:164027071 [1]:21826377 [2]:104 [3]:361
[0]:164227786 [1]:21861072 [2]:104 [3]:360
[0]:164433817 [1]:21896533 [2]:104 [3]:61
[0]:164635740 [1]:21931331 [2]:104 [3]:64
[0]:164848136 [1]:21967851 [2]:104 [3]:357
[0]:165050479 [1]:22002728 [2]:105 [3]:81
[0]:165315924 [1]:22048364 [2]:105 [3]:65
[0]:165510363 [1]:22081573 [2]:105 [3]:353
[0]:165715319 [1]:22116830 [2]:105 [3]:363
[0]:165910639 [1]:22150370 [2]:105 [3]:52
[0]:166115468 [1]:22185608 [2]:105 [3]:354
[0]:166305909 [1]:22218357 [2]:105 [3]:73
[0]:166514234 [1]:22254195 [2]:105 [3]:66
[0]:166735711 [1]:22292151 [2]:105 [3]:371
[0]:166929771 [1]:22325482 [2]:106 [3]:365
[0]:167120557 [1]:22358453 [2]:106 [3]:58
[0]:167318465 [1]:22392448 [2]:106 [3]:57
[0]:167508860 [1]:22425253 [2]:106 [3]:357
[0]:167712283 [1]:22460189 [2]:106 [3]:57
[0]:167913566 [1]:22494853 [2]:106 [3]:357
[0]:168113920 [1]:22529355 [2]:106 [3]:59
[0]:168323306 [1]:22565437 [2]:106 [3]:358
[0]:168546239 [1]:22603880 [2]:106 [3]:358
[0]:168754684 [1]:22639655 [2]:106 [3]:354
[0]:168950656 [1]:22673319 [2]:106 [3]:370
[0]:169160328 [1]:22709316 [2]:106 [3]:58
[0]:169358161 [1]:22743338 [2]:106 [3]:360
[0]:169552195 [1]:22776700 [2]:106 [3]:361
[0]:169746520 [1]:22810205 [2]:106 [3]:354
[0]:169944652 [1]:22844261 [2]:106 [3]:62
[0]:170146075 [1]:22879070 [2]:106 [3]:380
[0]:170338953 [1]:22912545 [2]:106 [3]:349
[0]:170534447 [1]:22946120 [2]:106 [3]:362
[0]:170775744 [1]:22987656 [2]:106 [3]:364
[0]:170967996 [1]:23020645 [2]:106 [3]:363
[0]:171166067 [1]:23054766 [2]:106 [3]:361
[0]:171380188 [1]:23091572 [2]:106 [3]:55
[0]:171573404 [1]:23124662 [2]:106 [3]:370
[0]:171767569 [1]:23157940 [2]:106 [3]:62
[0]:172012404 [1]:23200104 [2]:106 [3]:64
[0]:172204539 [1]:23233158 [2]:106 [3]:67
[0]:172424961 [1]:23271003 [2]:106 [3]:358
[0]:172616330 [1]:23303972 [2]:106 [3]:358
[0]:172805870 [1]:23336560 [2]:106 [3]:363
[0]:173006750 [1]:23371018 [2]:106 [3]:363
[0]:173194962 [1]:23403367 [2]:106 [3]:359
[0]:173381123 [1]:23435223 [2]:106 [3]:368
[0]:173578796 [1]:23469311 [2]:106 [3]:67
[0]:173814892 [1]:23509909 [2]:106 [3]:366
[0]:174008925 [1]:23543313 [2]:106 [3]:66
[0]:174209379 [1]:23577810 [2]:106 [3]:349
[0]:174397905 [1]:23610293 [2]:106 [3]:364
[0]:174595404 [1]:23644187 [2]:106 [3]:355
[0]:174804580 [1]:23680039 [2]:106 [3]:60
[0]:175007275 [1]:23714803 [2]:106 [3]:361
[0]:175205063 [1]:23748913 [2]:106 [3]:60
[0]:175404888 [1]:23783187 [2]:106 [3]:365
[0]:175603433 [1]:23817422 [2]:106 [3]:368
[0]:175802851 [1]:23851630 [2]:106 [3]:63
[0]:176019075 [1]:23888904 [2]:106 [3]:368
[0]:176228689 [1]:23925098 [2]:106 [3]:360
[0]:176456403 [1]:23964361 [2]:106 [3]:57
[0]:176658300 [1]:23999026 [2]:106 [3]:362
[0]:176851986 [1]:24032410 [2]:106 [3]:62
[0]:177057996 [1]:24067941 [2]:106 [3]:56
[0]:177263353 [1]:24103469 [2]:106 [3]:359
[0]:177479996 [1]:24140754 [2]:106 [3]:363
[0]:177674126 [1]:24174171 [2]:106 [3]:69
[0]:177864729 [1]:24206908 [2]:106 [3]:363
[0]:178056210 [1]:24239825 [2]:106 [3]:65
[0]:178257076 [1]:24274354 [2]:106 [3]:365
[0]:178447532 [1]:24307017 [2]:106 [3]:66
[0]:178641489 [1]:24340308 [2]:106 [3]:67
[0]:178836877 [1]:24373901 [2]:107 [3]:67
[0]:179032163 [1]:24407553 [2]:107 [3]:76
[0]:179228455 [1]:24441399 [2]:107 [3]:355
[0]:179418648 [1]:24474188 [2]:107 [3]:362
[0]:179616800 [1]:24508316 [2]:107 [3]:61
[0]:179814923 [1]:24542307 [2]:107 [3]:367
[0]:180005285 [1]:24575076 [2]:107 [3]:359
[0]:180203461 [1]:24609124 [2]:107 [3]:81
[0]:180390417 [1]:24641116 [2]:107 [3]:64
[0]:180588167 [1]:24675018 [2]:107 [3]:362
[0]:180818265 [1]:24714686 [2]:106 [3]:70
[0]:181017586 [1]:24749234 [2]:106 [3]:367
[0]:181204490 [1]:24781475 [2]:106 [3]:63
[0]:181402605 [1]:24815485 [2]:106 [3]:92
[0]:181589034 [1]:24847761 [2]:106 [3]:55
[0]:181805443 [1]:24884877 [2]:106 [3]:360
[0]:181998155 [1]:24917967 [2]:106 [3]:61
[0]:182186498 [1]:24950438 [2]:106 [3]:84
[0]:182378312 [1]:24983454 [2]:106 [3]:359
[0]:182575624 [1]:25017326 [2]:106 [3]:64
[0]:182773471 [1]:25051299 [2]:107 [3]:63
[0]:182971249 [1]:25085397 [2]:107 [3]:370
[0]:183162070 [1]:25118172 [2]:107 [3]:368
[0]:183367324 [1]:25153575 [2]:107 [3]:358
[0]:183563352 [1]:25187342 [2]:107 [3]:358
[0]:183752240 [1]:25219829 [2]:107 [3]:363
[0]:183941930 [1]:25252503 [2]:107 [3]:368
[0]:184148361 [1]:25288000 [2]:107 [3]:362
[0]:184342682 [1]:25321372 [2]:107 [3]:365
[0]:184536885 [1]:25354630 [2]:107 [3]:60
[0]:184724007 [1]:25386632 [2]:107 [3]:349
[0]:184918593 [1]:25419917 [2]:107 [3]:368
[0]:185112927 [1]:25453388 [2]:107 [3]:74
[0]:185308104 [1]:25486903 [2]:107 [3]:59
[0]:185504826 [1]:25520526 [2]:107 [3]:360
[0]:185718157 [1]:25557132 [2]:107 [3]:366
[0]:185920660 [1]:25591977 [2]:107 [3]:366
[0]:186114113 [1]:25625231 [2]:107 [3]:58
[0]:186307966 [1]:25658587 [2]:107 [3]:358
[0]:186498713 [1]:25691284 [2]:107 [3]:62
[0]:186707784 [1]:25727182 [2]:107 [3]:66
[0]:186910105 [1]:25761929 [2]:107 [3]:67
[0]:187097417 [1]:25794158 [2]:107 [3]:62
[0]:187290835 [1]:25827437 [2]:107 [3]:361
[0]:187489157 [1]:25861592 [2]:107 [3]:358
[0]:187694658 [1]:25896907 [2]:107 [3]:368
[0]:187891170 [1]:25930809 [2]:107 [3]:65
[0]:188083010 [1]:25963907 [2]:107 [3]:356
[0]:188280795 [1]:25997873 [2]:107 [3]:368
[0]:188506209 [1]:26036725 [2]:107 [3]:355
[0]:188732669 [1]:26075730 [2]:107 [3]:360
[0]:188930853 [1]:26109773 [2]:107 [3]:368
[0]:189132802 [1]:26144450 [2]:107 [3]:66
[0]:189331826 [1]:26178735 [2]:107 [3]:353
[0]:189536133 [1]:26214026 [2]:107 [3]:365
[0]:189732299 [1]:26247776 [2]:107 [3]:354
[0]:189930015 [1]:26281766 [2]:107 [3]:56
[0]:190145216 [1]:26318683 [2]:107 [3]:62
[0]:190339468 [1]:26352139 [2]:107 [3]:56
[0]:190556904 [1]:26389540 [2]:107 [3]:69
[0]:190772522 [1]:26426606 [2]:106 [3]:352
[0]:190974475 [1]:26461384 [2]:106 [3]:365
[0]:191165102 [1]:26494265 [2]:106 [3]:364
[0]:191363003 [1]:26528387 [2]:106 [3]:67
[0]:191560297 [1]:26562400 [2]:106 [3]:364
[0]:191751121 [1]:26595162 [2]:106 [3]:355
[0]:191959763 [1]:26630958 [2]:106 [3]:359
[0]:192154338 [1]:26664337 [2]:106 [3]:370
[0]:192349307 [1]:26697860 [2]:106 [3]:59
[0]:192577277 [1]:26737162 [2]:106 [3]:65
[0]:192837913 [1]:26781994 [2]:107 [3]:364
[0]:193025158 [1]:26814068 [2]:107 [3]:363
[0]:193219856 [1]:26847540 [2]:107 [3]:359
[0]:193421231 [1]:26882136 [2]:107 [3]:360
[0]:193617941 [1]:26915968 [2]:107 [3]:361
[0]:193810148 [1]:26948967 [2]:107 [3]:364
[0]:193995148 [1]:26980760 [2]:107 [3]:369
[0]:194191283 [1]:27014447 [2]:107 [3]:363
[0]:194396681 [1]:27049612 [2]:107 [3]:351
[0]:194591314 [1]:27083003 [2]:107 [3]:360
[0]:194794419 [1]:27117995 [2]:107 [3]:57
[0]:194987253 [1]:27151079 [2]:107 [3]:359
[0]:195183270 [1]:27184659 [2]:107 [3]:52
[0]:195383554 [1]:27219127 [2]:107 [3]:67
[0]:195574006 [1]:27251806 [2]:107 [3]:362
[0]:195767466 [1]:27285005 [2]:107 [3]:361
[0]:195966159 [1]:27319099 [2]:107 [3]:62
[0]:196160533 [1]:27352555 [2]:107 [3]:57
[0]:196393404 [1]:27392607 [2]:107 [3]:66
[0]:196599729 [1]:27428243 [2]:107 [3]:361
[0]:196847819 [1]:27470942 [2]:107 [3]:369
[0]:197060700 [1]:27507669 [2]:107 [3]:357
[0]:197318558 [1]:27552001 [2]:107 [3]:366
[0]:197509151 [1]:27584771 [2]:107 [3]:359
[0]:197712887 [1]:27619717 [2]:107 [3]:64
[0]:197908762 [1]:27653420 [2]:107 [3]:356
[0]:198123535 [1]:27690347 [2]:107 [3]:364
[0]:198312475 [1]:27722786 [2]:107 [3]:59
[0]:198499170 [1]:27754881 [2]:107 [3]:368
[0]:198697677 [1]:27789142 [2]:106 [3]:361
[0]:198896457 [1]:27823293 [2]:106 [3]:87
[0]:199089696 [1]:27856392 [2]:106 [3]:71
[0]:199287686 [1]:27890503 [2]:106 [3]:70
[0]:199485235 [1]:27924242 [2]:106 [3]:58
[0]:199683607 [1]:27958412 [2]:106 [3]:366
[0]:199877894 [1]:27992180 [2]:106 [3]:363
[0]:200083453 [1]:28027480 [2]:106 [3]:62
[0]:200303627 [1]:28065312 [2]:106 [3]:366
[0]:200499827 [1]:28098988 [2]:106 [3]:356
[0]:200528214 [1]:28103875 [2]:107 [3]:360
[0]:200528214 [1]:28103875 [2]:107 [3]:360
[0]:200528214 [1]:28103875 [2]:107 [3]:360
[0]:200528214 [1]:28103875 [2]:107 [3]:360
[0]:200528214 [1]:28103875 [2]:107 [3]:360
[0]:200528214 [1]:28103875 [2]:107 [3]:360
[0]:200528214 [1]:28103875 [2]:107 [3]:360
[0]:200528214 [1]:28103875 [2]:107 [3]:360
[0]:200528214 [1]:28103875 [2]:107 [3]:360
[0]:200528214 [1]:28103875 [2]:107 [3]:360
[0]:200528214 [1]:28103875 [2]:107 [3]:360
