[0]:758761833 [1]:758761839 [2]:0 [3]:18
[0]:760008427 [1]:760008433 [2]:0 [3]:10
[0]:761074481 [1]:761074481 [2]:0 [3]:53
[0]:762099791 [1]:762099798 [2]:0 [3]:10
[0]:763154266 [1]:763154268 [2]:0 [3]:9
[0]:764240943 [1]:764240965 [2]:0 [3]:7
[0]:765241762 [1]:765241762 [2]:0 [3]:15
[0]:766273860 [1]:766273860 [2]:0 [3]:15
[0]:767292558 [1]:767292558 [2]:0 [3]:48
[0]:768358113 [1]:768358113 [2]:0 [3]:49
[0]:769494248 [1]:769494249 [2]:0 [3]:11
[0]:770556720 [1]:770556728 [2]:0 [3]:49
[0]:771658350 [1]:771658363 [2]:0 [3]:16
[0]:772749475 [1]:772749480 [2]:0 [3]:9
[0]:773758179 [1]:773758180 [2]:0 [3]:8
[0]:774810962 [1]:774810963 [2]:0 [3]:47
[0]:775817678 [1]:775817678 [2]:0 [3]:46
[0]:777045410 [1]:777045419 [2]:0 [3]:50
[0]:778343819 [1]:778343824 [2]:0 [3]:11
[0]:779512852 [1]:779512855 [2]:0 [3]:4
[0]:780578816 [1]:780578816 [2]:0 [3]:48
[0]:781763974 [1]:781763974 [2]:0 [3]:51
[0]:782807024 [1]:782807024 [2]:0 [3]:11
[0]:783855689 [1]:783855693 [2]:0 [3]:15
[0]:784886985 [1]:784886985 [2]:0 [3]:54
[0]:785947152 [1]:785947157 [2]:0 [3]:19
[0]:787022232 [1]:787022232 [2]:0 [3]:14
[0]:788063153 [1]:788063153 [2]:0 [3]:52
[0]:789115065 [1]:789115094 [2]:0 [3]:9
[0]:790179974 [1]:790179976 [2]:0 [3]:12
[0]:791288455 [1]:791288477 [2]:0 [3]:8
[0]:792314271 [1]:792314273 [2]:0 [3]:46
[0]:793363867 [1]:793363873 [2]:0 [3]:17
[0]:794485650 [1]:794485649 [2]:0 [3]:15
[0]:795734767 [1]:795734771 [2]:0 [3]:17
[0]:797044399 [1]:797044400 [2]:0 [3]:16
[0]:798266488 [1]:798266492 [2]:0 [3]:13
[0]:799467812 [1]:799467816 [2]:0 [3]:13
[0]:800708489 [1]:800708489 [2]:0 [3]:11
[0]:801878111 [1]:801878115 [2]:0 [3]:46
[0]:803029473 [1]:803029467 [2]:0 [3]:12
[0]:804247772 [1]:804247773 [2]:0 [3]:14
[0]:805425386 [1]:805425405 [2]:0 [3]:11
[0]:806560377 [1]:806560399 [2]:0 [3]:9
[0]:807714537 [1]:807714537 [2]:0 [3]:54
[0]:808853097 [1]:808853106 [2]:0 [3]:9
[0]:810026161 [1]:810026161 [2]:0 [3]:58
[0]:811230472 [1]:811230476 [2]:0 [3]:14
[0]:812358673 [1]:812358673 [2]:0 [3]:49
[0]:813530343 [1]:813530370 [2]:0 [3]:50
[0]:814671194 [1]:814671209 [2]:0 [3]:7
[0]:815877566 [1]:815877573 [2]:0 [3]:10
[0]:816998948 [1]:816998946 [2]:0 [3]:15
[0]:818106481 [1]:818106493 [2]:0 [3]:56
[0]:819223433 [1]:819223429 [2]:0 [3]:7
[0]:820274913 [1]:820274913 [2]:0 [3]:49
[0]:821286845 [1]:821286845 [2]:0 [3]:12
[0]:822356149 [1]:822356153 [2]:0 [3]:11
[0]:823680040 [1]:823680066 [2]:0 [3]:50
[0]:824867647 [1]:824867658 [2]:0 [3]:13
[0]:826089438 [1]:826089448 [2]:0 [3]:9
[0]:827127505 [1]:827127505 [2]:0 [3]:51
[0]:828250747 [1]:828250757 [2]:0 [3]:57
[0]:829317708 [1]:829317709 [2]:0 [3]:12
[0]:830380072 [1]:830380076 [2]:0 [3]:10
[0]:831409848 [1]:831409868 [2]:0 [3]:9
[0]:832448262 [1]:832448279 [2]:0 [3]:10
[0]:833448222 [1]:833448222 [2]:0 [3]:14
[0]:834687537 [1]:834687537 [2]:0 [3]:52
[0]:835934862 [1]:835934865 [2]:0 [3]:11
[0]:837189663 [1]:837189664 [2]:0 [3]:51
[0]:838311126 [1]:838311126 [2]:0 [3]:14
[0]:839363180 [1]:839363181 [2]:0 [3]:17
[0]:840448177 [1]:840448177 [2]:0 [3]:50
[0]:841476546 [1]:841476551 [2]:0 [3]:15
[0]:842503942 [1]:842503942 [2]:0 [3]:47
[0]:843671047 [1]:843671049 [2]:0 [3]:12
[0]:844679427 [1]:844679428 [2]:0 [3]:47
[0]:845666697 [1]:845666697 [2]:0 [3]:51
[0]:846690715 [1]:846690717 [2]:0 [3]:15
[0]:847832030 [1]:847832030 [2]:0 [3]:50
[0]:848977255 [1]:848977256 [2]:0 [3]:18
