[0]:114896917 [1]:18296934 [2]:149 [3]:365
[0]:115090492 [1]:18341632 [2]:149 [3]:365
[0]:115286014 [1]:18386759 [2]:150 [3]:69
[0]:115479440 [1]:18431506 [2]:150 [3]:364
[0]:115719600 [1]:18487058 [2]:150 [3]:360
[0]:115919444 [1]:18533223 [2]:150 [3]:360
[0]:116150390 [1]:18586557 [2]:150 [3]:357
[0]:116345173 [1]:18631488 [2]:150 [3]:360
[0]:116539223 [1]:18676345 [2]:150 [3]:368
[0]:116748044 [1]:18724558 [2]:150 [3]:363
[0]:116953726 [1]:18772085 [2]:150 [3]:363
[0]:117173925 [1]:18822890 [2]:150 [3]:356
[0]:117382672 [1]:18871098 [2]:150 [3]:362
[0]:117591909 [1]:18919518 [2]:150 [3]:363
[0]:117804591 [1]:18968640 [2]:150 [3]:358
[0]:118006297 [1]:19015272 [2]:154 [3]:358
[0]:118204040 [1]:19060919 [2]:154 [3]:360
[0]:118404174 [1]:19107133 [2]:154 [3]:56
[0]:118599441 [1]:19152310 [2]:154 [3]:368
[0]:118791404 [1]:19196665 [2]:154 [3]:361
[0]:118993231 [1]:19243318 [2]:154 [3]:358
[0]:119189525 [1]:19288585 [2]:154 [3]:65
[0]:119382796 [1]:19333303 [2]:154 [3]:357
[0]:119606813 [1]:19385102 [2]:154 [3]:352
[0]:119798696 [1]:19429458 [2]:154 [3]:364
[0]:119988006 [1]:19473106 [2]:154 [3]:360
[0]:120178947 [1]:19517303 [2]:154 [3]:356
[0]:120374755 [1]:19562558 [2]:154 [3]:370
[0]:120573661 [1]:19608538 [2]:154 [3]:57
[0]:120764501 [1]:19652690 [2]:154 [3]:360
[0]:120954272 [1]:19696457 [2]:157 [3]:359
[0]:121146030 [1]:19740747 [2]:157 [3]:361
[0]:121346281 [1]:19787057 [2]:157 [3]:356
[0]:121551971 [1]:19834602 [2]:157 [3]:58
[0]:121776012 [1]:19886380 [2]:157 [3]:366
[0]:121966333 [1]:19930289 [2]:157 [3]:359
[0]:122196488 [1]:19983508 [2]:157 [3]:359
[0]:122393350 [1]:20028961 [2]:157 [3]:361
[0]:122593362 [1]:20075216 [2]:157 [3]:357
[0]:122791438 [1]:20120879 [2]:157 [3]:365
[0]:122996486 [1]:20168298 [2]:157 [3]:359
[0]:123188069 [1]:20212600 [2]:157 [3]:364
[0]:123380742 [1]:20257181 [2]:157 [3]:367
[0]:123574820 [1]:20302093 [2]:157 [3]:362
[0]:123770333 [1]:20347207 [2]:159 [3]:366
[0]:123986416 [1]:20397122 [2]:159 [3]:364
[0]:124194623 [1]:20445263 [2]:159 [3]:359
[0]:124440457 [1]:20502078 [2]:159 [3]:357
[0]:124642244 [1]:20548619 [2]:159 [3]:363
[0]:124839600 [1]:20594182 [2]:159 [3]:359
[0]:125063356 [1]:20645862 [2]:159 [3]:363
[0]:125258168 [1]:20690868 [2]:159 [3]:59
[0]:125479894 [1]:20742084 [2]:159 [3]:65
[0]:125678715 [1]:20787949 [2]:159 [3]:360
[0]:125881392 [1]:20834729 [2]:159 [3]:363
[0]:126142878 [1]:20895210 [2]:159 [3]:355
[0]:126344233 [1]:20941751 [2]:159 [3]:361
[0]:126589543 [1]:20998411 [2]:161 [3]:67
[0]:126784597 [1]:21043464 [2]:161 [3]:359
[0]:126982399 [1]:21089199 [2]:161 [3]:354
[0]:127178867 [1]:21134607 [2]:161 [3]:353
[0]:127396104 [1]:21184820 [2]:161 [3]:357
[0]:127593760 [1]:21230419 [2]:161 [3]:358
[0]:127792485 [1]:21276330 [2]:161 [3]:59
[0]:127993425 [1]:21322767 [2]:161 [3]:355
[0]:128225396 [1]:21376482 [2]:161 [3]:361
[0]:128423256 [1]:21422150 [2]:161 [3]:361
[0]:128628372 [1]:21469571 [2]:161 [3]:366
[0]:128845004 [1]:21519637 [2]:161 [3]:63
[0]:129046524 [1]:21566232 [2]:161 [3]:361
[0]:129251889 [1]:21613693 [2]:162 [3]:360
[0]:129445767 [1]:21658461 [2]:162 [3]:357
[0]:129643113 [1]:21704061 [2]:162 [3]:366
[0]:129839729 [1]:21749549 [2]:162 [3]:62
[0]:130031749 [1]:21793922 [2]:162 [3]:360
[0]:130255335 [1]:21845531 [2]:162 [3]:366
[0]:130472223 [1]:21895628 [2]:162 [3]:362
[0]:130670162 [1]:21941371 [2]:162 [3]:362
[0]:130886579 [1]:21991405 [2]:162 [3]:360
[0]:131082418 [1]:22036681 [2]:162 [3]:64
[0]:131272392 [1]:22080494 [2]:162 [3]:361
[0]:131471927 [1]:22126590 [2]:162 [3]:366
[0]:131674123 [1]:22173365 [2]:162 [3]:361
[0]:131875558 [1]:22219915 [2]:162 [3]:360
[0]:132077141 [1]:22266503 [2]:163 [3]:362
[0]:132274146 [1]:22311985 [2]:163 [3]:63
[0]:132471009 [1]:22357476 [2]:163 [3]:66
[0]:132655779 [1]:22400192 [2]:163 [3]:360
[0]:132838961 [1]:22442546 [2]:163 [3]:364
[0]:133038899 [1]:22488724 [2]:163 [3]:362
[0]:133234228 [1]:22533888 [2]:163 [3]:362
[0]:133431933 [1]:22579549 [2]:163 [3]:362
[0]:133644794 [1]:22628700 [2]:163 [3]:365
[0]:133835101 [1]:22672689 [2]:163 [3]:358
[0]:134031195 [1]:22717966 [2]:163 [3]:63
[0]:134234463 [1]:22765012 [2]:163 [3]:57
[0]:134443458 [1]:22813335 [2]:163 [3]:366
[0]:134641260 [1]:22859007 [2]:163 [3]:363
[0]:134842783 [1]:22905555 [2]:164 [3]:63
[0]:135044352 [1]:22952120 [2]:164 [3]:359
[0]:135230947 [1]:22995247 [2]:164 [3]:364
[0]:135432493 [1]:23041809 [2]:164 [3]:360
[0]:135626303 [1]:23086574 [2]:164 [3]:369
[0]:135820597 [1]:23131394 [2]:164 [3]:357
[0]:136019646 [1]:23177369 [2]:164 [3]:362
[0]:136216185 [1]:23222820 [2]:164 [3]:363
[0]:136419660 [1]:23269861 [2]:164 [3]:358
[0]:136608185 [1]:23313430 [2]:164 [3]:363
[0]:136807068 [1]:23359241 [2]:164 [3]:60
[0]:137015166 [1]:23407323 [2]:164 [3]:363
[0]:137220258 [1]:23454717 [2]:164 [3]:360
[0]:137415291 [1]:23499761 [2]:164 [3]:353
[0]:137612333 [1]:23545324 [2]:164 [3]:361
[0]:137813778 [1]:23591784 [2]:164 [3]:60
[0]:138009963 [1]:23637115 [2]:164 [3]:357
[0]:138213236 [1]:23684098 [2]:164 [3]:362
[0]:138407165 [1]:23728929 [2]:164 [3]:367
[0]:138608865 [1]:23775474 [2]:164 [3]:359
[0]:138809069 [1]:23821720 [2]:164 [3]:362
[0]:139002253 [1]:23866353 [2]:164 [3]:60
[0]:139206028 [1]:23913446 [2]:164 [3]:355
[0]:139400067 [1]:23958302 [2]:164 [3]:366
[0]:139600571 [1]:24004547 [2]:164 [3]:359
[0]:139785596 [1]:24047308 [2]:164 [3]:354
[0]:140038403 [1]:24105777 [2]:164 [3]:364
[0]:140236927 [1]:24151695 [2]:164 [3]:54
[0]:140434003 [1]:24197186 [2]:164 [3]:359
[0]:140662002 [1]:24249856 [2]:164 [3]:365
[0]:140854241 [1]:24294293 [2]:164 [3]:360
[0]:141049631 [1]:24339531 [2]:164 [3]:364
[0]:141240080 [1]:24383562 [2]:164 [3]:363
[0]:141437797 [1]:24429159 [2]:164 [3]:358
[0]:141637693 [1]:24475338 [2]:164 [3]:360
[0]:141867140 [1]:24528336 [2]:164 [3]:362
[0]:142068819 [1]:24574940 [2]:164 [3]:370
[0]:142266749 [1]:24620690 [2]:164 [3]:58
[0]:142472039 [1]:24668070 [2]:164 [3]:62
[0]:142659726 [1]:24711460 [2]:164 [3]:361
