[0]:64735123 [1]:14001536 [2]:0 [3]:360
[0]:64959676 [1]:14032771 [2]:0 [3]:359
[0]:65164847 [1]:14061202 [2]:0 [3]:367
[0]:65381088 [1]:14091276 [2]:0 [3]:362
[0]:65590173 [1]:14120385 [2]:0 [3]:371
[0]:65799000 [1]:14149434 [2]:0 [3]:357
[0]:66009986 [1]:14178788 [2]:0 [3]:364
[0]:66236245 [1]:14210221 [2]:0 [3]:359
[0]:66444420 [1]:14239154 [2]:0 [3]:362
[0]:66677221 [1]:14271527 [2]:0 [3]:367
[0]:66882231 [1]:14300029 [2]:0 [3]:367
[0]:67090416 [1]:14328993 [2]:0 [3]:75
[0]:67291823 [1]:14356897 [2]:0 [3]:369
[0]:67500956 [1]:14386070 [2]:0 [3]:77
[0]:67709806 [1]:14415071 [2]:0 [3]:80
[0]:67984982 [1]:14453336 [2]:0 [3]:374
[0]:68193628 [1]:14482324 [2]:0 [3]:356
[0]:68410295 [1]:14512479 [2]:0 [3]:364
[0]:68630996 [1]:14543130 [2]:0 [3]:363
[0]:68921583 [1]:14583472 [2]:0 [3]:364
[0]:69138996 [1]:14613655 [2]:0 [3]:368
[0]:69343919 [1]:14642121 [2]:0 [3]:357
[0]:69551739 [1]:14671068 [2]:0 [3]:362
[0]:69756110 [1]:14699435 [2]:0 [3]:368
[0]:69966033 [1]:14728578 [2]:0 [3]:375
[0]:70168962 [1]:14756757 [2]:0 [3]:362
[0]:70368822 [1]:14784596 [2]:0 [3]:367
[0]:70576500 [1]:14813586 [2]:0 [3]:362
[0]:70789457 [1]:14843137 [2]:0 [3]:360
[0]:70998241 [1]:14872120 [2]:0 [3]:88
[0]:71195264 [1]:14899443 [2]:0 [3]:360
[0]:71399044 [1]:14927715 [2]:0 [3]:75
[0]:71648391 [1]:14962316 [2]:0 [3]:361
[0]:71860745 [1]:14991983 [2]:0 [3]:354
[0]:72104530 [1]:15025923 [2]:0 [3]:371
[0]:72306782 [1]:15054089 [2]:0 [3]:371
[0]:72581874 [1]:15092351 [2]:0 [3]:358
[0]:72782372 [1]:15120189 [2]:0 [3]:363
[0]:72987319 [1]:15148620 [2]:0 [3]:357
[0]:73203764 [1]:15178617 [2]:0 [3]:363
[0]:73409206 [1]:15207128 [2]:0 [3]:357
[0]:73621547 [1]:15236624 [2]:0 [3]:363
[0]:73830315 [1]:15265671 [2]:0 [3]:358
[0]:74034836 [1]:15294079 [2]:0 [3]:360
[0]:74247839 [1]:15323606 [2]:0 [3]:369
[0]:74475640 [1]:15355190 [2]:0 [3]:365
[0]:74681167 [1]:15383773 [2]:0 [3]:357
[0]:74885741 [1]:15412273 [2]:0 [3]:82
[0]:75122982 [1]:15445236 [2]:0 [3]:365
[0]:75335026 [1]:15474652 [2]:0 [3]:366
[0]:75543728 [1]:15503670 [2]:0 [3]:359
[0]:75782840 [1]:15536905 [2]:0 [3]:364
[0]:76028589 [1]:15571081 [2]:0 [3]:360
[0]:76241672 [1]:15600722 [2]:0 [3]:369
[0]:76449610 [1]:15629608 [2]:0 [3]:367
[0]:76654478 [1]:15658039 [2]:0 [3]:369
[0]:76867051 [1]:15687552 [2]:0 [3]:360
[0]:77114833 [1]:15721997 [2]:0 [3]:86
[0]:77328035 [1]:15751592 [2]:0 [3]:371
[0]:77532916 [1]:15780048 [2]:0 [3]:367
[0]:77798552 [1]:15817019 [2]:0 [3]:375
[0]:77993498 [1]:15844148 [2]:0 [3]:361
[0]:78201002 [1]:15873027 [2]:0 [3]:359
[0]:78407163 [1]:15901700 [2]:0 [3]:370
[0]:78614359 [1]:15930447 [2]:0 [3]:360
[0]:78824770 [1]:15959636 [2]:0 [3]:367
[0]:79035994 [1]:15989102 [2]:0 [3]:360
[0]:79246307 [1]:16018350 [2]:0 [3]:372
[0]:79452484 [1]:16047134 [2]:0 [3]:368
[0]:79671535 [1]:16077579 [2]:0 [3]:369
[0]:79880288 [1]:16106631 [2]:0 [3]:355
[0]:80140074 [1]:16142758 [2]:0 [3]:357
[0]:80368908 [1]:16174454 [2]:0 [3]:352
[0]:80563876 [1]:16201564 [2]:0 [3]:82
[0]:80778407 [1]:16231438 [2]:0 [3]:368
[0]:80986780 [1]:16260420 [2]:0 [3]:360
[0]:81191900 [1]:16288921 [2]:0 [3]:366
[0]:81401902 [1]:16318099 [2]:0 [3]:75
[0]:81601624 [1]:16345903 [2]:0 [3]:370
[0]:81803332 [1]:16373890 [2]:0 [3]:370
[0]:82009082 [1]:16402463 [2]:0 [3]:365
[0]:82208359 [1]:16430153 [2]:0 [3]:76
[0]:82463208 [1]:16465504 [2]:0 [3]:365
[0]:82700033 [1]:16498547 [2]:0 [3]:365
[0]:82905283 [1]:16527114 [2]:0 [3]:370
[0]:83110212 [1]:16555575 [2]:0 [3]:362
[0]:83319019 [1]:16584476 [2]:0 [3]:359
[0]:83523777 [1]:16612872 [2]:0 [3]:362
[0]:83732188 [1]:16641820 [2]:0 [3]:358
[0]:83941539 [1]:16670850 [2]:0 [3]:364
[0]:84157988 [1]:16701020 [2]:0 [3]:367
[0]:84360423 [1]:16729180 [2]:0 [3]:368
[0]:84567629 [1]:16758014 [2]:0 [3]:360
[0]:84768541 [1]:16785864 [2]:0 [3]:375
[0]:84984487 [1]:16815916 [2]:0 [3]:371
[0]:85187121 [1]:16844081 [2]:0 [3]:361
[0]:85401616 [1]:16873894 [2]:0 [3]:367
[0]:85614172 [1]:16903408 [2]:0 [3]:363
[0]:85823847 [1]:16932491 [2]:0 [3]:361
[0]:86040870 [1]:16962663 [2]:0 [3]:371
[0]:86246851 [1]:16991289 [2]:0 [3]:361
[0]:86457643 [1]:17020618 [2]:0 [3]:363
[0]:86667179 [1]:17049717 [2]:0 [3]:364
[0]:86878200 [1]:17079099 [2]:0 [3]:354
[0]:87073110 [1]:17106161 [2]:0 [3]:364
[0]:87285681 [1]:17135543 [2]:0 [3]:75
[0]:87486482 [1]:17163557 [2]:0 [3]:370
[0]:87689143 [1]:17191768 [2]:0 [3]:364
[0]:87893253 [1]:17220218 [2]:0 [3]:80
[0]:88100899 [1]:17249070 [2]:0 [3]:368
[0]:88309034 [1]:17277965 [2]:0 [3]:359
[0]:88561709 [1]:17313057 [2]:0 [3]:368
[0]:88770517 [1]:17342120 [2]:0 [3]:365
[0]:89062194 [1]:17382672 [2]:0 [3]:369
[0]:89266010 [1]:17410988 [2]:0 [3]:365
[0]:89467450 [1]:17438928 [2]:0 [3]:362
[0]:89680245 [1]:17468711 [2]:0 [3]:364
[0]:89889019 [1]:17497773 [2]:0 [3]:85
[0]:90088676 [1]:17525544 [2]:0 [3]:370
[0]:90306595 [1]:17555726 [2]:0 [3]:371
[0]:90511530 [1]:17584155 [2]:0 [3]:363
[0]:90713787 [1]:17612232 [2]:0 [3]:362
[0]:90911678 [1]:17639701 [2]:0 [3]:363
[0]:91120014 [1]:17668681 [2]:0 [3]:369
[0]:91326885 [1]:17697359 [2]:0 [3]:357
[0]:91537997 [1]:17726778 [2]:0 [3]:374
[0]:91740131 [1]:17755005 [2]:0 [3]:362
[0]:91954248 [1]:17784842 [2]:0 [3]:370
[0]:92161356 [1]:17813625 [2]:0 [3]:352
[0]:92366501 [1]:17842313 [2]:0 [3]:370
[0]:92589783 [1]:17873439 [2]:0 [3]:362
[0]:92819341 [1]:17905425 [2]:0 [3]:357
[0]:93028096 [1]:17934488 [2]:0 [3]:369
[0]:93232938 [1]:17962985 [2]:0 [3]:76
[0]:93448187 [1]:17993005 [2]:0 [3]:366
[0]:93654240 [1]:18021597 [2]:0 [3]:376
[0]:93894521 [1]:18054957 [2]:0 [3]:358
[0]:94095650 [1]:18082847 [2]:0 [3]:80
[0]:94300233 [1]:18111233 [2]:0 [3]:358
[0]:94535390 [1]:18143896 [2]:0 [3]:369
[0]:94744342 [1]:18172870 [2]:0 [3]:80
[0]:94962014 [1]:18203131 [2]:0 [3]:369
[0]:95174572 [1]:18232723 [2]:0 [3]:364
[0]:95373370 [1]:18260442 [2]:0 [3]:358
[0]:95618833 [1]:18294697 [2]:0 [3]:73
[0]:95828452 [1]:18323882 [2]:0 [3]:364
[0]:96041086 [1]:18353467 [2]:0 [3]:360
[0]:96244367 [1]:18381760 [2]:0 [3]:369
[0]:96446705 [1]:18410026 [2]:0 [3]:372
[0]:96653450 [1]:18438758 [2]:0 [3]:357
[0]:96903642 [1]:18473576 [2]:0 [3]:355
[0]:97112314 [1]:18502544 [2]:0 [3]:353
[0]:97344073 [1]:18534703 [2]:0 [3]:362
[0]:97569246 [1]:18566097 [2]:0 [3]:366
[0]:97785890 [1]:18596205 [2]:0 [3]:358
[0]:98014418 [1]:18628079 [2]:0 [3]:366
[0]:98232073 [1]:18658426 [2]:0 [3]:358
[0]:98447447 [1]:18688331 [2]:0 [3]:356
[0]:98700551 [1]:18723452 [2]:0 [3]:76
[0]:98908342 [1]:18752325 [2]:0 [3]:367
[0]:99109226 [1]:18780200 [2]:0 [3]:352
[0]:99319331 [1]:18809577 [2]:0 [3]:361
[0]:99522785 [1]:18837934 [2]:0 [3]:364
[0]:99731482 [1]:18866917 [2]:0 [3]:369
[0]:99944142 [1]:18896492 [2]:0 [3]:362
[0]:100158566 [1]:18926330 [2]:0 [3]:366
[0]:100364538 [1]:18954945 [2]:0 [3]:367
[0]:100574317 [1]:18984111 [2]:0 [3]:363
[0]:100789538 [1]:19014009 [2]:0 [3]:373
[0]:100987417 [1]:19041449 [2]:0 [3]:359
[0]:101212486 [1]:19072763 [2]:0 [3]:85
[0]:101425246 [1]:19102331 [2]:0 [3]:370
[0]:101626057 [1]:19130241 [2]:0 [3]:360
[0]:101834832 [1]:19159194 [2]:0 [3]:368
[0]:102043707 [1]:19188263 [2]:0 [3]:369
[0]:102260255 [1]:19218256 [2]:0 [3]:367
[0]:102476935 [1]:19248333 [2]:0 [3]:361
[0]:102696113 [1]:19278829 [2]:0 [3]:363
[0]:102906162 [1]:19308215 [2]:0 [3]:365
[0]:103107107 [1]:19336093 [2]:0 [3]:353
[0]:103319857 [1]:19365684 [2]:0 [3]:355
[0]:103547821 [1]:19397455 [2]:0 [3]:362
[0]:103745065 [1]:19424832 [2]:0 [3]:362
[0]:103949970 [1]:19453352 [2]:0 [3]:367
[0]:104153795 [1]:19481581 [2]:0 [3]:360
[0]:104363589 [1]:19510702 [2]:0 [3]:355
[0]:104572385 [1]:19539766 [2]:0 [3]:368
[0]:104785087 [1]:19569292 [2]:0 [3]:371
[0]:105009589 [1]:19600396 [2]:0 [3]:371
[0]:105220052 [1]:19629631 [2]:0 [3]:81
[0]:105425537 [1]:19658168 [2]:0 [3]:80
[0]:105635991 [1]:19687380 [2]:0 [3]:369
[0]:105836915 [1]:19715310 [2]:0 [3]:370
[0]:106049660 [1]:19744796 [2]:0 [3]:369
[0]:106249602 [1]:19772614 [2]:0 [3]:375
[0]:106493705 [1]:19806501 [2]:0 [3]:85
[0]:106735061 [1]:19840022 [2]:0 [3]:363
[0]:106943878 [1]:19868964 [2]:0 [3]:370
[0]:107144753 [1]:19896909 [2]:0 [3]:373
[0]:107347605 [1]:19925027 [2]:0 [3]:75
[0]:107557987 [1]:19954178 [2]:0 [3]:364
[0]:107763238 [1]:19982752 [2]:0 [3]:361
[0]:107971939 [1]:20011773 [2]:0 [3]:371
[0]:108176840 [1]:20040291 [2]:0 [3]:365
[0]:108383062 [1]:20069026 [2]:0 [3]:366
[0]:108593612 [1]:20098271 [2]:0 [3]:369
[0]:108791242 [1]:20125700 [2]:0 [3]:370
[0]:109001092 [1]:20154928 [2]:0 [3]:84
[0]:109200712 [1]:20182701 [2]:0 [3]:353
[0]:109401455 [1]:20210576 [2]:0 [3]:367
[0]:109614255 [1]:20240101 [2]:0 [3]:359
[0]:109819131 [1]:20268595 [2]:0 [3]:362
[0]:110020177 [1]:20296462 [2]:0 [3]:74
[0]:110274599 [1]:20331921 [2]:0 [3]:364
[0]:110500572 [1]:20363244 [2]:0 [3]:363
[0]:110703855 [1]:20391468 [2]:0 [3]:365
[0]:110914203 [1]:20420646 [2]:0 [3]:361
[0]:111118975 [1]:20449116 [2]:0 [3]:364
[0]:111339477 [1]:20479756 [2]:0 [3]:361
[0]:111552236 [1]:20509315 [2]:0 [3]:371
[0]:111761117 [1]:20538312 [2]:0 [3]:358
[0]:111969669 [1]:20567185 [2]:0 [3]:370
[0]:112170854 [1]:20595105 [2]:0 [3]:367
[0]:112379881 [1]:20624107 [2]:0 [3]:360
[0]:112591758 [1]:20653598 [2]:0 [3]:355
[0]:112805162 [1]:20683162 [2]:0 [3]:359
[0]:113041025 [1]:20716004 [2]:0 [3]:360
[0]:113258031 [1]:20746154 [2]:0 [3]:81
[0]:113462885 [1]:20774643 [2]:0 [3]:359
[0]:113696805 [1]:20807182 [2]:0 [3]:358
[0]:113911941 [1]:20836983 [2]:0 [3]:71
[0]:114116661 [1]:20865525 [2]:0 [3]:369
[0]:114340740 [1]:20896710 [2]:0 [3]:362
[0]:114565629 [1]:20927891 [2]:0 [3]:367
[0]:114778451 [1]:20957449 [2]:0 [3]:366
[0]:114985957 [1]:20986401 [2]:0 [3]:72
[0]:115223393 [1]:21019458 [2]:0 [3]:358
[0]:115429745 [1]:21048103 [2]:0 [3]:356
[0]:115676393 [1]:21082285 [2]:0 [3]:364
[0]:115873523 [1]:21109695 [2]:0 [3]:367
[0]:116101883 [1]:21141475 [2]:0 [3]:357
[0]:116308558 [1]:21170195 [2]:0 [3]:362
[0]:116509595 [1]:21198160 [2]:0 [3]:372
[0]:116716401 [1]:21226918 [2]:0 [3]:355
[0]:116927327 [1]:21256198 [2]:0 [3]:85
[0]:117137774 [1]:21285510 [2]:0 [3]:373
[0]:117342776 [1]:21314003 [2]:0 [3]:356
[0]:117555576 [1]:21343508 [2]:0 [3]:363
[0]:117773908 [1]:21373780 [2]:0 [3]:365
[0]:117976688 [1]:21402087 [2]:0 [3]:368
[0]:118216350 [1]:21435416 [2]:0 [3]:363
[0]:118410000 [1]:21462272 [2]:0 [3]:361
[0]:118642623 [1]:21494497 [2]:0 [3]:358
[0]:118851196 [1]:21523471 [2]:0 [3]:365
[0]:119069087 [1]:21553645 [2]:0 [3]:80
[0]:119268738 [1]:21581447 [2]:0 [3]:83
[0]:119489269 [1]:21612171 [2]:0 [3]:77
[0]:119704754 [1]:21642024 [2]:0 [3]:356
[0]:119918593 [1]:21671818 [2]:0 [3]:363
[0]:120127457 [1]:21700780 [2]:0 [3]:360
[0]:120332189 [1]:21729217 [2]:0 [3]:359
[0]:120544949 [1]:21758837 [2]:0 [3]:368
[0]:120747965 [1]:21787008 [2]:0 [3]:365
[0]:120958554 [1]:21816208 [2]:0 [3]:356
[0]:121171273 [1]:21845747 [2]:0 [3]:369
[0]:121377902 [1]:21874600 [2]:0 [3]:364
[0]:121579386 [1]:21902723 [2]:0 [3]:362
[0]:121793571 [1]:21932460 [2]:0 [3]:362
[0]:121990371 [1]:21959825 [2]:0 [3]:366
[0]:122195268 [1]:21988292 [2]:0 [3]:365
[0]:122400026 [1]:22016802 [2]:0 [3]:371
[0]:122603053 [1]:22045056 [2]:0 [3]:352
[0]:122805795 [1]:22073222 [2]:0 [3]:370
[0]:123010515 [1]:22101635 [2]:0 [3]:366
[0]:123247063 [1]:22134512 [2]:0 [3]:360
[0]:123463573 [1]:22164570 [2]:0 [3]:373
[0]:123668237 [1]:22192899 [2]:0 [3]:363
[0]:123924526 [1]:22228483 [2]:0 [3]:358
[0]:124152891 [1]:22260353 [2]:0 [3]:367
[0]:124395555 [1]:22294079 [2]:0 [3]:364
[0]:124602013 [1]:22322709 [2]:0 [3]:84
[0]:124802990 [1]:22350612 [2]:0 [3]:373
[0]:125014205 [1]:22379949 [2]:0 [3]:362
[0]:125225921 [1]:22409429 [2]:0 [3]:359
[0]:125431479 [1]:22438024 [2]:0 [3]:358
[0]:125634133 [1]:22466156 [2]:0 [3]:363
[0]:125886487 [1]:22501269 [2]:0 [3]:363
[0]:126086903 [1]:22529165 [2]:0 [3]:355
[0]:126295677 [1]:22558145 [2]:0 [3]:374
[0]:126492493 [1]:22585601 [2]:0 [3]:373
[0]:126697580 [1]:22614081 [2]:0 [3]:366
[0]:126906210 [1]:22643037 [2]:0 [3]:356
[0]:127130032 [1]:22674317 [2]:0 [3]:71
[0]:127335451 [1]:22702821 [2]:0 [3]:362
[0]:127537778 [1]:22730887 [2]:0 [3]:359
[0]:127749142 [1]:22760251 [2]:0 [3]:364
[0]:127951938 [1]:22788499 [2]:0 [3]:365
[0]:128161020 [1]:22817532 [2]:0 [3]:75
[0]:128374416 [1]:22847225 [2]:0 [3]:364
[0]:128568310 [1]:22874107 [2]:0 [3]:368
[0]:128773215 [1]:22902574 [2]:0 [3]:361
[0]:129059264 [1]:22942305 [2]:0 [3]:361
[0]:129273335 [1]:22972139 [2]:0 [3]:361
[0]:129485886 [1]:23001779 [2]:0 [3]:83
[0]:129690806 [1]:23030250 [2]:0 [3]:349
[0]:129893734 [1]:23058432 [2]:0 [3]:360
[0]:130112249 [1]:23088806 [2]:0 [3]:354
[0]:130317108 [1]:23117262 [2]:0 [3]:370
[0]:130521988 [1]:23145636 [2]:0 [3]:362
[0]:130730629 [1]:23174676 [2]:0 [3]:83
[0]:130940566 [1]:23203866 [2]:0 [3]:83
[0]:131175829 [1]:23236548 [2]:0 [3]:370
[0]:131396520 [1]:23267162 [2]:0 [3]:372
[0]:131639936 [1]:23300997 [2]:0 [3]:363
[0]:131849599 [1]:23330051 [2]:0 [3]:80
[0]:132077380 [1]:23361859 [2]:0 [3]:372
[0]:132282505 [1]:23390366 [2]:0 [3]:365
[0]:132498899 [1]:23420392 [2]:0 [3]:354
[0]:132723761 [1]:23451743 [2]:0 [3]:366
[0]:132934592 [1]:23481038 [2]:0 [3]:372
[0]:133137428 [1]:23509174 [2]:0 [3]:365
[0]:133338286 [1]:23537078 [2]:0 [3]:364
