[0]:142852759 [1]:29881531 [2]:0 [3]:357
[0]:143062642 [1]:29914967 [2]:0 [3]:363
[0]:143272057 [1]:29948366 [2]:0 [3]:364
[0]:143473032 [1]:29980525 [2]:0 [3]:363
[0]:143680919 [1]:30013642 [2]:0 [3]:354
[0]:143926628 [1]:30052846 [2]:0 [3]:357
[0]:144131924 [1]:30085590 [2]:0 [3]:365
[0]:144345052 [1]:30119580 [2]:0 [3]:369
[0]:144572030 [1]:30155828 [2]:0 [3]:361
[0]:144785696 [1]:30189932 [2]:0 [3]:364
[0]:144988091 [1]:30222198 [2]:0 [3]:370
[0]:145232782 [1]:30261280 [2]:0 [3]:81
[0]:145470424 [1]:30299274 [2]:0 [3]:361
[0]:145678442 [1]:30332396 [2]:0 [3]:372
[0]:145887705 [1]:30365799 [2]:0 [3]:356
[0]:146100644 [1]:30399777 [2]:0 [3]:361
[0]:146301904 [1]:30431924 [2]:0 [3]:359
[0]:146516903 [1]:30466191 [2]:0 [3]:365
[0]:146739508 [1]:30501701 [2]:0 [3]:81
[0]:146968779 [1]:30538301 [2]:0 [3]:362
[0]:147185821 [1]:30572854 [2]:0 [3]:367
[0]:147430340 [1]:30611953 [2]:0 [3]:369
[0]:147635798 [1]:30644623 [2]:0 [3]:373
[0]:147844514 [1]:30677938 [2]:0 [3]:359
[0]:148045925 [1]:30710095 [2]:0 [3]:363
[0]:148279283 [1]:30747301 [2]:0 [3]:356
[0]:148478170 [1]:30779076 [2]:0 [3]:74
[0]:148681152 [1]:30811449 [2]:0 [3]:359
[0]:148908684 [1]:30847766 [2]:0 [3]:357
[0]:149122422 [1]:30881869 [2]:0 [3]:363
[0]:149336608 [1]:30916019 [2]:0 [3]:354
[0]:149564931 [1]:30952370 [2]:0 [3]:357
[0]:149791539 [1]:30988476 [2]:0 [3]:366
[0]:149994974 [1]:31020917 [2]:0 [3]:364
[0]:150196336 [1]:31053111 [2]:0 [3]:373
[0]:150405354 [1]:31086393 [2]:0 [3]:365
[0]:150606503 [1]:31118401 [2]:0 [3]:361
[0]:150875357 [1]:31161325 [2]:0 [3]:363
[0]:151073937 [1]:31193037 [2]:0 [3]:359
[0]:151289154 [1]:31227300 [2]:0 [3]:370
[0]:151493688 [1]:31259827 [2]:0 [3]:363
[0]:151699504 [1]:31292755 [2]:0 [3]:367
[0]:151906838 [1]:31325885 [2]:0 [3]:371
[0]:152105901 [1]:31357688 [2]:0 [3]:368
[0]:152314992 [1]:31391029 [2]:0 [3]:360
[0]:152556767 [1]:31429478 [2]:0 [3]:363
[0]:152760800 [1]:31462098 [2]:0 [3]:71
[0]:152989501 [1]:31498615 [2]:0 [3]:375
[0]:153192759 [1]:31531105 [2]:0 [3]:360
[0]:153439536 [1]:31570471 [2]:0 [3]:76
[0]:153644737 [1]:31603155 [2]:0 [3]:366
[0]:153845601 [1]:31635302 [2]:0 [3]:363
[0]:154058792 [1]:31669368 [2]:0 [3]:353
[0]:154270864 [1]:31703173 [2]:0 [3]:369
[0]:154474687 [1]:31735791 [2]:0 [3]:369
[0]:154686179 [1]:31769479 [2]:0 [3]:368
[0]:154903357 [1]:31804095 [2]:0 [3]:368
[0]:155112367 [1]:31837484 [2]:0 [3]:76
[0]:155325537 [1]:31871462 [2]:0 [3]:372
[0]:155542514 [1]:31906027 [2]:0 [3]:72
[0]:155751549 [1]:31939325 [2]:0 [3]:368
[0]:155956602 [1]:31972027 [2]:0 [3]:362
[0]:156165625 [1]:32005437 [2]:0 [3]:359
[0]:156374751 [1]:32038833 [2]:0 [3]:358
[0]:156587354 [1]:32072815 [2]:0 [3]:361
[0]:156792730 [1]:32105567 [2]:0 [3]:360
[0]:156990329 [1]:32137111 [2]:0 [3]:362
[0]:157191045 [1]:32169141 [2]:0 [3]:367
[0]:157402204 [1]:32202801 [2]:0 [3]:369
[0]:157609674 [1]:32235833 [2]:0 [3]:362
[0]:157807134 [1]:32267427 [2]:0 [3]:370
[0]:158008056 [1]:32299487 [2]:0 [3]:359
[0]:158221091 [1]:32333410 [2]:0 [3]:365
[0]:158434461 [1]:32367384 [2]:0 [3]:356
[0]:158643670 [1]:32400797 [2]:0 [3]:82
[0]:158855923 [1]:32434746 [2]:0 [3]:361
[0]:159065593 [1]:32468264 [2]:0 [3]:356
[0]:159270799 [1]:32500928 [2]:0 [3]:372
[0]:159483938 [1]:32534890 [2]:0 [3]:80
[0]:159690105 [1]:32567755 [2]:0 [3]:354
[0]:159890129 [1]:32599720 [2]:0 [3]:364
[0]:160119165 [1]:32636271 [2]:0 [3]:360
[0]:160335251 [1]:32670726 [2]:0 [3]:370
[0]:160540942 [1]:32703566 [2]:0 [3]:371
[0]:160742351 [1]:32735741 [2]:0 [3]:359
[0]:160951522 [1]:32769051 [2]:0 [3]:366
[0]:161203883 [1]:32809359 [2]:0 [3]:83
[0]:161408987 [1]:32842049 [2]:0 [3]:373
[0]:161614383 [1]:32874831 [2]:0 [3]:369
[0]:161821992 [1]:32907915 [2]:0 [3]:364
[0]:162024673 [1]:32940193 [2]:0 [3]:367
[0]:162306859 [1]:32985182 [2]:0 [3]:363
[0]:162521798 [1]:33019447 [2]:0 [3]:361
[0]:162738792 [1]:33054211 [2]:0 [3]:360
[0]:162946968 [1]:33087364 [2]:0 [3]:368
[0]:163156692 [1]:33120890 [2]:0 [3]:360
[0]:163355949 [1]:33152662 [2]:0 [3]:367
[0]:163591084 [1]:33190160 [2]:0 [3]:77
[0]:163792163 [1]:33222305 [2]:0 [3]:370
[0]:164005139 [1]:33256394 [2]:0 [3]:366
[0]:164210158 [1]:33289173 [2]:0 [3]:355
[0]:164435172 [1]:33324998 [2]:0 [3]:365
[0]:164637475 [1]:33357387 [2]:0 [3]:371
[0]:164837398 [1]:33389356 [2]:0 [3]:72
[0]:165050624 [1]:33423506 [2]:0 [3]:364
[0]:165283996 [1]:33460698 [2]:0 [3]:357
[0]:165492448 [1]:33493887 [2]:0 [3]:374
[0]:165697890 [1]:33526721 [2]:0 [3]:365
[0]:165900224 [1]:33559209 [2]:0 [3]:356
[0]:166115689 [1]:33593625 [2]:0 [3]:358
[0]:166343915 [1]:33630049 [2]:0 [3]:369
[0]:166541814 [1]:33661598 [2]:0 [3]:362
[0]:166813235 [1]:33704842 [2]:0 [3]:358
[0]:167015270 [1]:33737127 [2]:0 [3]:372
[0]:167230030 [1]:33771396 [2]:0 [3]:367
[0]:167433491 [1]:33803885 [2]:0 [3]:359
[0]:167645030 [1]:33837724 [2]:0 [3]:363
[0]:167859565 [1]:33872099 [2]:0 [3]:364
[0]:168074409 [1]:33906556 [2]:0 [3]:368
[0]:168281021 [1]:33939472 [2]:0 [3]:357
[0]:168476264 [1]:33970704 [2]:0 [3]:357
[0]:168697546 [1]:34005992 [2]:0 [3]:370
[0]:168900813 [1]:34038436 [2]:0 [3]:368
[0]:169106014 [1]:34071267 [2]:0 [3]:366
[0]:169319147 [1]:34105201 [2]:0 [3]:366
[0]:169523742 [1]:34138016 [2]:0 [3]:371
[0]:169724589 [1]:34170228 [2]:0 [3]:368
[0]:169961381 [1]:34207984 [2]:0 [3]:364
[0]:170171083 [1]:34241464 [2]:0 [3]:371
[0]:170384212 [1]:34275448 [2]:0 [3]:362
[0]:170593272 [1]:34308820 [2]:0 [3]:355
[0]:170802402 [1]:34342170 [2]:0 [3]:351
[0]:171039540 [1]:34380021 [2]:0 [3]:362
[0]:171285435 [1]:34419179 [2]:0 [3]:370
[0]:171481777 [1]:34450465 [2]:0 [3]:365
[0]:171701994 [1]:34485776 [2]:0 [3]:364
[0]:171907004 [1]:34518551 [2]:0 [3]:80
[0]:172127710 [1]:34553936 [2]:0 [3]:361
