[0]:943251062 [1]:628961662 [2]:7 [3]:61
[0]:944585986 [1]:629788129 [2]:7 [3]:53
[0]:945738231 [1]:630378393 [2]:7 [3]:18
[0]:946823647 [1]:630931208 [2]:7 [3]:13
[0]:947897294 [1]:631484404 [2]:7 [3]:10
[0]:948930829 [1]:632012768 [2]:7 [3]:11
[0]:949984670 [1]:632546152 [2]:7 [3]:16
[0]:951002474 [1]:633067707 [2]:7 [3]:51
[0]:952053570 [1]:633610411 [2]:7 [3]:15
[0]:953069483 [1]:634130061 [2]:7 [3]:14
[0]:954091977 [1]:634656510 [2]:7 [3]:9
[0]:955142712 [1]:635193531 [2]:7 [3]:13
[0]:956160672 [1]:635711216 [2]:7 [3]:15
[0]:957187435 [1]:636239623 [2]:7 [3]:50
[0]:958188716 [1]:636752014 [2]:7 [3]:12
[0]:959371090 [1]:637357094 [2]:7 [3]:11
[0]:960629392 [1]:637999213 [2]:7 [3]:13
[0]:961874969 [1]:638640364 [2]:7 [3]:13
[0]:963096670 [1]:639270260 [2]:7 [3]:11
[0]:964256628 [1]:639861355 [2]:7 [3]:51
[0]:965402660 [1]:640452861 [2]:7 [3]:13
[0]:966502619 [1]:641017467 [2]:7 [3]:8
[0]:967673389 [1]:641619150 [2]:7 [3]:9
[0]:968831149 [1]:642214551 [2]:7 [3]:15
[0]:969961301 [1]:642791947 [2]:7 [3]:9
[0]:971259913 [1]:643458711 [2]:7 [3]:11
[0]:972389175 [1]:644042082 [2]:7 [3]:51
[0]:973500181 [1]:644611794 [2]:7 [3]:12
[0]:974800496 [1]:645286706 [2]:7 [3]:12
[0]:975983816 [1]:645891938 [2]:7 [3]:14
[0]:977131184 [1]:646481884 [2]:7 [3]:14
[0]:978420435 [1]:647144741 [2]:7 [3]:55
[0]:979581471 [1]:647737476 [2]:7 [3]:9
[0]:980751103 [1]:648345890 [2]:7 [3]:13
[0]:981911246 [1]:648942563 [2]:7 [3]:13
[0]:983081513 [1]:649543764 [2]:7 [3]:15
[0]:984201748 [1]:650118923 [2]:7 [3]:9
[0]:985273590 [1]:650671067 [2]:7 [3]:12
[0]:986298407 [1]:651200809 [2]:7 [3]:11
[0]:987275809 [1]:651707649 [2]:7 [3]:10
[0]:988273606 [1]:652219942 [2]:7 [3]:15
[0]:989281616 [1]:652742981 [2]:7 [3]:47
[0]:990291264 [1]:653263781 [2]:7 [3]:11
[0]:991277958 [1]:653775207 [2]:7 [3]:12
[0]:992312878 [1]:654305028 [2]:7 [3]:52
[0]:993297500 [1]:654815225 [2]:7 [3]:50
[0]:994294582 [1]:655331155 [2]:7 [3]:11
[0]:995311385 [1]:655854928 [2]:7 [3]:54
[0]:996315297 [1]:656373761 [2]:7 [3]:11
[0]:997322865 [1]:656890255 [2]:7 [3]:49
[0]:998316465 [1]:657397554 [2]:7 [3]:15
[0]:999467357 [1]:657986885 [2]:7 [3]:15
[0]:1000695126 [1]:658623663 [2]:7 [3]:53
[0]:1001864762 [1]:659226583 [2]:7 [3]:15
[0]:1003019751 [1]:659819189 [2]:7 [3]:11
[0]:1004084805 [1]:660365378 [2]:7 [3]:10
[0]:1005257717 [1]:660970018 [2]:7 [3]:15
[0]:1006274495 [1]:661498119 [2]:7 [3]:49
[0]:1007286229 [1]:662024083 [2]:7 [3]:16
[0]:1008333171 [1]:662561860 [2]:7 [3]:53
[0]:1009301569 [1]:663059937 [2]:7 [3]:18
[0]:1010326449 [1]:663589727 [2]:7 [3]:18
[0]:1011622512 [1]:664255559 [2]:7 [3]:50
[0]:1012654044 [1]:664784946 [2]:7 [3]:16
[0]:1013951281 [1]:665452619 [2]:7 [3]:51
[0]:1015009515 [1]:665996052 [2]:7 [3]:10
[0]:1016195562 [1]:666605760 [2]:7 [3]:17
[0]:1017465769 [1]:667261874 [2]:7 [3]:13
[0]:1018679315 [1]:667890890 [2]:7 [3]:50
[0]:1019784378 [1]:668459195 [2]:7 [3]:15
[0]:1020969150 [1]:669064924 [2]:7 [3]:13
[0]:1022080310 [1]:669635742 [2]:7 [3]:53
[0]:1023220147 [1]:670223535 [2]:7 [3]:48
[0]:1024379061 [1]:670818922 [2]:7 [3]:14
[0]:1025500920 [1]:671398983 [2]:7 [3]:17
[0]:1026686454 [1]:672008593 [2]:7 [3]:58
[0]:1027791663 [1]:672577438 [2]:7 [3]:16
[0]:1028914895 [1]:673154672 [2]:7 [3]:14
[0]:1030071971 [1]:673755999 [2]:7 [3]:49
