[0]:292365001 [1]:151417424 [2]:7 [3]:56
[0]:293478978 [1]:152409433 [2]:7 [3]:49
[0]:294567178 [1]:153368213 [2]:7 [3]:17
[0]:295679536 [1]:154355558 [2]:7 [3]:60
[0]:296774888 [1]:155326794 [2]:7 [3]:17
[0]:297919036 [1]:156331178 [2]:7 [3]:15
[0]:299017129 [1]:157307317 [2]:7 [3]:20
[0]:300131486 [1]:158290204 [2]:7 [3]:12
[0]:301247926 [1]:159276968 [2]:7 [3]:16
[0]:302318862 [1]:160229852 [2]:7 [3]:14
[0]:303444708 [1]:161227521 [2]:7 [3]:13
[0]:304556330 [1]:162212260 [2]:7 [3]:56
[0]:305733964 [1]:163255901 [2]:7 [3]:17
[0]:307066673 [1]:164442072 [2]:7 [3]:13
[0]:308642986 [1]:165838867 [2]:7 [3]:19
[0]:309948214 [1]:166989410 [2]:7 [3]:15
[0]:311256521 [1]:168143665 [2]:7 [3]:13
[0]:312489485 [1]:169239017 [2]:7 [3]:60
[0]:313747644 [1]:170355743 [2]:7 [3]:11
[0]:315028861 [1]:171495161 [2]:7 [3]:19
[0]:316333672 [1]:172649965 [2]:7 [3]:16
[0]:317617369 [1]:173795757 [2]:7 [3]:30
[0]:318922014 [1]:174947087 [2]:7 [3]:16
[0]:320130063 [1]:176016636 [2]:7 [3]:16
[0]:321339528 [1]:177089471 [2]:7 [3]:15
[0]:322572464 [1]:178180634 [2]:7 [3]:16
[0]:323804890 [1]:179276180 [2]:7 [3]:20
[0]:325055784 [1]:180385836 [2]:7 [3]:14
[0]:326390246 [1]:181565656 [2]:7 [3]:57
[0]:327628411 [1]:182657494 [2]:7 [3]:17
[0]:328902026 [1]:183788276 [2]:7 [3]:56
[0]:330094541 [1]:184843730 [2]:7 [3]:16
[0]:331324535 [1]:185931167 [2]:7 [3]:11
[0]:332554351 [1]:187019474 [2]:7 [3]:57
[0]:333768491 [1]:188094550 [2]:7 [3]:21
[0]:334933713 [1]:189127214 [2]:7 [3]:53
[0]:336042270 [1]:190110955 [2]:7 [3]:12
[0]:337202546 [1]:191136782 [2]:7 [3]:50
[0]:338318764 [1]:192127662 [2]:7 [3]:15
[0]:339435326 [1]:193111296 [2]:7 [3]:55
[0]:340547027 [1]:194097489 [2]:7 [3]:21
[0]:341697200 [1]:195117676 [2]:7 [3]:19
[0]:342839432 [1]:196133795 [2]:7 [3]:45
[0]:343989732 [1]:197152864 [2]:7 [3]:22
[0]:345167936 [1]:198194745 [2]:7 [3]:17
[0]:346276110 [1]:199172733 [2]:7 [3]:58
[0]:347343596 [1]:200119798 [2]:7 [3]:17
[0]:348464046 [1]:201118142 [2]:7 [3]:14
[0]:349615964 [1]:202140751 [2]:7 [3]:11
[0]:350887153 [1]:203265163 [2]:7 [3]:58
[0]:352168644 [1]:204401196 [2]:7 [3]:17
[0]:353397865 [1]:205492650 [2]:7 [3]:15
[0]:354563226 [1]:206525962 [2]:7 [3]:16
[0]:355666248 [1]:207498479 [2]:7 [3]:18
[0]:356825712 [1]:208532383 [2]:7 [3]:17
[0]:357944125 [1]:209518801 [2]:7 [3]:17
[0]:359046248 [1]:210500263 [2]:7 [3]:16
[0]:360141028 [1]:211462469 [2]:7 [3]:13
[0]:361374447 [1]:212554232 [2]:7 [3]:18
[0]:362533163 [1]:213586188 [2]:7 [3]:26
[0]:363646357 [1]:214570038 [2]:7 [3]:16
[0]:364731644 [1]:215530396 [2]:7 [3]:20
[0]:365807975 [1]:216485422 [2]:7 [3]:19
[0]:366958520 [1]:217504201 [2]:7 [3]:19
[0]:368125571 [1]:218536092 [2]:7 [3]:52
[0]:369634251 [1]:219872495 [2]:7 [3]:16
[0]:370973318 [1]:221059552 [2]:7 [3]:58
[0]:372321321 [1]:222253844 [2]:7 [3]:18
[0]:373537628 [1]:223332408 [2]:7 [3]:15
[0]:374819899 [1]:224461994 [2]:7 [3]:17
[0]:376054266 [1]:225555961 [2]:7 [3]:53
[0]:377287852 [1]:226645298 [2]:7 [3]:15
[0]:378569011 [1]:227782233 [2]:7 [3]:18
[0]:379752492 [1]:228827984 [2]:7 [3]:14
[0]:380999455 [1]:229933438 [2]:7 [3]:17
[0]:382340582 [1]:231122385 [2]:7 [3]:55
[0]:383525132 [1]:232172678 [2]:7 [3]:18
[0]:384970848 [1]:233449678 [2]:7 [3]:17
[0]:386208432 [1]:234554395 [2]:7 [3]:20
[0]:387524713 [1]:235717858 [2]:7 [3]:16
