[0]:661750135 [1]:412696018 [2]:7 [3]:15
[0]:663153198 [1]:413761984 [2]:7 [3]:17
[0]:664493639 [1]:414947659 [2]:7 [3]:24
[0]:665872587 [1]:416169046 [2]:7 [3]:13
[0]:667085591 [1]:417244544 [2]:7 [3]:14
[0]:668314117 [1]:418333019 [2]:7 [3]:14
[0]:669561390 [1]:419433195 [2]:7 [3]:14
[0]:670756822 [1]:420492634 [2]:7 [3]:54
[0]:671942803 [1]:421539421 [2]:7 [3]:21
[0]:673153050 [1]:422614464 [2]:7 [3]:59
[0]:674380807 [1]:423703137 [2]:7 [3]:14
[0]:675692828 [1]:424864191 [2]:7 [3]:58
[0]:676849410 [1]:425894601 [2]:7 [3]:11
[0]:678087782 [1]:426987709 [2]:7 [3]:14
[0]:679357809 [1]:428114958 [2]:7 [3]:18
[0]:680600952 [1]:429212396 [2]:7 [3]:15
[0]:681787551 [1]:430258385 [2]:7 [3]:21
[0]:683021336 [1]:431354211 [2]:7 [3]:19
[0]:684690380 [1]:432830188 [2]:7 [3]:17
[0]:685947325 [1]:433944411 [2]:7 [3]:20
[0]:687133831 [1]:434994110 [2]:7 [3]:19
[0]:688300074 [1]:436022329 [2]:7 [3]:20
[0]:689431808 [1]:437022920 [2]:7 [3]:17
[0]:690540357 [1]:438009929 [2]:7 [3]:17
[0]:691660237 [1]:439000775 [2]:7 [3]:54
[0]:692733144 [1]:439952791 [2]:7 [3]:53
[0]:694075476 [1]:441141857 [2]:7 [3]:10
[0]:695189911 [1]:442129316 [2]:7 [3]:14
[0]:696274878 [1]:443090324 [2]:7 [3]:17
[0]:697536625 [1]:444201993 [2]:7 [3]:56
[0]:698849590 [1]:445362427 [2]:7 [3]:18
[0]:699939789 [1]:446329129 [2]:7 [3]:17
[0]:701043463 [1]:447309252 [2]:7 [3]:13
[0]:702154447 [1]:448294314 [2]:7 [3]:15
[0]:703365462 [1]:449369603 [2]:7 [3]:19
[0]:704913113 [1]:450738059 [2]:7 [3]:20
[0]:706195630 [1]:451871518 [2]:7 [3]:55
[0]:707685995 [1]:453195290 [2]:7 [3]:21
[0]:708782755 [1]:454168757 [2]:7 [3]:15
[0]:709895088 [1]:455157620 [2]:7 [3]:20
[0]:710962491 [1]:456100967 [2]:7 [3]:16
[0]:712048169 [1]:457063044 [2]:7 [3]:13
[0]:713152869 [1]:458039236 [2]:7 [3]:15
[0]:714247858 [1]:459008329 [2]:7 [3]:11
[0]:715471338 [1]:460097071 [2]:7 [3]:56
[0]:716624585 [1]:461118023 [2]:7 [3]:11
[0]:717747943 [1]:462120519 [2]:7 [3]:13
[0]:718835363 [1]:463082083 [2]:7 [3]:19
[0]:719982277 [1]:464104960 [2]:7 [3]:62
[0]:721334199 [1]:465304531 [2]:7 [3]:14
[0]:722730291 [1]:466537918 [2]:7 [3]:17
[0]:724274527 [1]:467907071 [2]:7 [3]:18
[0]:725729306 [1]:469189135 [2]:7 [3]:60
[0]:727039323 [1]:470349201 [2]:7 [3]:16
[0]:728345559 [1]:471503198 [2]:7 [3]:10
[0]:729639958 [1]:472651249 [2]:7 [3]:21
[0]:730863458 [1]:473735048 [2]:7 [3]:13
[0]:732142224 [1]:474865863 [2]:7 [3]:20
[0]:733449441 [1]:476021845 [2]:7 [3]:18
[0]:734730627 [1]:477157335 [2]:7 [3]:48
[0]:736030808 [1]:478309644 [2]:7 [3]:18
[0]:737416267 [1]:479537772 [2]:7 [3]:18
[0]:738674545 [1]:480646449 [2]:7 [3]:22
[0]:739908073 [1]:481740891 [2]:7 [3]:61
[0]:741213832 [1]:482897450 [2]:7 [3]:17
[0]:742471517 [1]:484014489 [2]:7 [3]:17
[0]:743704696 [1]:485107596 [2]:7 [3]:60
[0]:745036192 [1]:486285137 [2]:7 [3]:18
[0]:746342977 [1]:487437921 [2]:7 [3]:17
[0]:747626140 [1]:488575666 [2]:7 [3]:57
[0]:748858034 [1]:489666396 [2]:7 [3]:16
[0]:750092963 [1]:490761567 [2]:7 [3]:19
[0]:751350008 [1]:491874123 [2]:7 [3]:58
[0]:752464832 [1]:492856699 [2]:7 [3]:19
[0]:753640516 [1]:493898152 [2]:7 [3]:17
[0]:754765269 [1]:494896635 [2]:7 [3]:17
[0]:755852840 [1]:495856982 [2]:7 [3]:52
[0]:756965343 [1]:496839798 [2]:7 [3]:17
