[0]:0 [1]:0 [2]:0 [3]:0
[0]:21590 [1]:21590 [2]:0 [3]:129
[0]:178552 [1]:178552 [2]:0 [3]:262
[0]:316482 [1]:316482 [2]:0 [3]:508
[0]:472203 [1]:472203 [2]:0 [3]:525
[0]:606654 [1]:606654 [2]:0 [3]:94
[0]:748442 [1]:748444 [2]:0 [3]:115
[0]:893808 [1]:893808 [2]:0 [3]:82
[0]:1047583 [1]:1047583 [2]:0 [3]:84
[0]:1183597 [1]:1183597 [2]:0 [3]:136
[0]:1324150 [1]:1324150 [2]:0 [3]:118
[0]:1467523 [1]:1467540 [2]:0 [3]:173
[0]:1663322 [1]:1663322 [2]:0 [3]:93
[0]:1804445 [1]:1804445 [2]:0 [3]:110
[0]:1942501 [1]:1942501 [2]:0 [3]:512
[0]:2080388 [1]:2080388 [2]:0 [3]:103
[0]:2227670 [1]:2227670 [2]:0 [3]:94
[0]:2372324 [1]:2372324 [2]:0 [3]:104
[0]:2523547 [1]:2523547 [2]:0 [3]:500
[0]:2666584 [1]:2666586 [2]:0 [3]:113
[0]:2826076 [1]:2826076 [2]:0 [3]:81
[0]:3034373 [1]:3034373 [2]:0 [3]:114
[0]:3176285 [1]:3176285 [2]:0 [3]:511
[0]:3364730 [1]:3364730 [2]:0 [3]:522
[0]:3505306 [1]:3505305 [2]:0 [3]:514
[0]:3641749 [1]:3641754 [2]:0 [3]:108
[0]:3784049 [1]:3784050 [2]:0 [3]:113
[0]:3945787 [1]:3945788 [2]:0 [3]:510
[0]:4105146 [1]:4105150 [2]:0 [3]:518
[0]:4245626 [1]:4245627 [2]:0 [3]:521
[0]:4383523 [1]:4383524 [2]:0 [3]:153
[0]:4550707 [1]:4550707 [2]:0 [3]:506
[0]:4699301 [1]:4699301 [2]:0 [3]:494
[0]:4836212 [1]:4836212 [2]:0 [3]:124
[0]:4972112 [1]:4972112 [2]:0 [3]:518
[0]:5115862 [1]:5115862 [2]:0 [3]:122
[0]:5266967 [1]:5266967 [2]:0 [3]:522
[0]:5405148 [1]:5405148 [2]:0 [3]:77
[0]:5543128 [1]:5543128 [2]:0 [3]:514
[0]:5683899 [1]:5683900 [2]:0 [3]:520
[0]:5819337 [1]:5819338 [2]:0 [3]:497
[0]:5959335 [1]:5959335 [2]:0 [3]:104
[0]:6104920 [1]:6104921 [2]:0 [3]:87
[0]:6239826 [1]:6239826 [2]:0 [3]:510
[0]:6378934 [1]:6378936 [2]:0 [3]:490
[0]:6516674 [1]:6516674 [2]:0 [3]:108
[0]:6710114 [1]:6710114 [2]:0 [3]:261
[0]:6851117 [1]:6851117 [2]:0 [3]:522
[0]:7010450 [1]:7010450 [2]:0 [3]:177
[0]:7164359 [1]:7164359 [2]:0 [3]:96
[0]:7307140 [1]:7307140 [2]:0 [3]:514
[0]:7450812 [1]:7450812 [2]:0 [3]:115
[0]:7583553 [1]:7583552 [2]:0 [3]:530
[0]:7728747 [1]:7728747 [2]:0 [3]:101
[0]:7867853 [1]:7867853 [2]:0 [3]:87
[0]:8008087 [1]:8008087 [2]:0 [3]:167
[0]:8148397 [1]:8148398 [2]:0 [3]:500
[0]:8294633 [1]:8294633 [2]:0 [3]:531
[0]:8432654 [1]:8432654 [2]:0 [3]:98
[0]:8573168 [1]:8573168 [2]:0 [3]:132
[0]:8716541 [1]:8716542 [2]:0 [3]:256
[0]:8859739 [1]:8859739 [2]:0 [3]:107
[0]:8997585 [1]:8997585 [2]:0 [3]:86
[0]:9138376 [1]:9138376 [2]:0 [3]:509
[0]:9273784 [1]:9273784 [2]:0 [3]:503
[0]:9417019 [1]:9417019 [2]:0 [3]:504
[0]:9557608 [1]:9557608 [2]:0 [3]:100
[0]:9697923 [1]:9697923 [2]:0 [3]:135
[0]:9840179 [1]:9840179 [2]:0 [3]:91
[0]:9989187 [1]:9989188 [2]:0 [3]:131
[0]:10136076 [1]:10136076 [2]:0 [3]:508
[0]:10278207 [1]:10278207 [2]:0 [3]:100
[0]:10419803 [1]:10419803 [2]:0 [3]:535
[0]:10560461 [1]:10560461 [2]:0 [3]:124
[0]:10708118 [1]:10708120 [2]:0 [3]:516
[0]:10861601 [1]:10861602 [2]:0 [3]:162
[0]:11008770 [1]:11008770 [2]:0 [3]:107
[0]:11149580 [1]:11149580 [2]:0 [3]:79
[0]:11289511 [1]:11289510 [2]:0 [3]:82
[0]:11430834 [1]:11430834 [2]:0 [3]:90
[0]:11584422 [1]:11584422 [2]:0 [3]:528
[0]:11738428 [1]:11738428 [2]:0 [3]:513
[0]:11871384 [1]:11871386 [2]:0 [3]:122
[0]:12019899 [1]:12019901 [2]:0 [3]:521
[0]:12157867 [1]:12157867 [2]:0 [3]:513
[0]:12295908 [1]:12295910 [2]:0 [3]:82
[0]:12441703 [1]:12441701 [2]:0 [3]:514
[0]:12583084 [1]:12583086 [2]:0 [3]:94
[0]:12725632 [1]:12725632 [2]:0 [3]:505
[0]:12901232 [1]:12901232 [2]:0 [3]:515
[0]:13041271 [1]:13041274 [2]:0 [3]:95
[0]:13181942 [1]:13181943 [2]:0 [3]:107
[0]:13330640 [1]:13330641 [2]:0 [3]:96
[0]:13481669 [1]:13481670 [2]:0 [3]:138
[0]:13617994 [1]:13617994 [2]:0 [3]:529
[0]:13765507 [1]:13765507 [2]:0 [3]:507
[0]:13904760 [1]:13904760 [2]:0 [3]:533
[0]:14046844 [1]:14046844 [2]:0 [3]:95
[0]:14213050 [1]:14213050 [2]:0 [3]:83
[0]:14362487 [1]:14362487 [2]:0 [3]:519
[0]:14500487 [1]:14500487 [2]:0 [3]:520
[0]:14635755 [1]:14635755 [2]:0 [3]:504
[0]:14779252 [1]:14779252 [2]:0 [3]:111
[0]:14917054 [1]:14917057 [2]:0 [3]:502
[0]:15089624 [1]:15089623 [2]:0 [3]:505
[0]:15225016 [1]:15225016 [2]:0 [3]:522
[0]:15378895 [1]:15378895 [2]:0 [3]:87
[0]:15522197 [1]:15522197 [2]:0 [3]:63
[0]:15670994 [1]:15670995 [2]:0 [3]:77
[0]:15835140 [1]:15835140 [2]:0 [3]:169
[0]:15975975 [1]:15975975 [2]:0 [3]:534
[0]:16124342 [1]:16124342 [2]:0 [3]:517
[0]:16262198 [1]:16262200 [2]:0 [3]:204
[0]:16403114 [1]:16403115 [2]:0 [3]:516
[0]:16546287 [1]:16546287 [2]:0 [3]:88
[0]:16692255 [1]:16692256 [2]:0 [3]:73
[0]:16838237 [1]:16838237 [2]:0 [3]:71
[0]:17003615 [1]:17003616 [2]:0 [3]:511
[0]:17150517 [1]:17150517 [2]:0 [3]:515
[0]:17326552 [1]:17326552 [2]:0 [3]:128
[0]:17465765 [1]:17465765 [2]:0 [3]:95
[0]:17616166 [1]:17616166 [2]:0 [3]:510
[0]:17765788 [1]:17765788 [2]:0 [3]:505
[0]:17907539 [1]:17907539 [2]:0 [3]:149
[0]:18057863 [1]:18057862 [2]:0 [3]:86
[0]:18210061 [1]:18210061 [2]:0 [3]:66
[0]:18358606 [1]:18358606 [2]:0 [3]:503
[0]:18573107 [1]:18573107 [2]:0 [3]:503
[0]:18719483 [1]:18719483 [2]:0 [3]:114
[0]:18862739 [1]:18862739 [2]:0 [3]:501
[0]:19011412 [1]:19011412 [2]:0 [3]:142
[0]:19175720 [1]:19175720 [2]:0 [3]:116
[0]:19313259 [1]:19313259 [2]:0 [3]:508
