[0]:0 [1]:0 [2]:0 [3]:0
[0]:0 [1]:0 [2]:0 [3]:0
[0]:0 [1]:0 [2]:0 [3]:0
[0]:1360354 [1]:0 [2]:0 [3]:11
[0]:3049276 [1]:0 [2]:0 [3]:32
[0]:4781720 [1]:0 [2]:0 [3]:29
[0]:6513528 [1]:0 [2]:0 [3]:33
[0]:8199441 [1]:0 [2]:0 [3]:29
[0]:10027634 [1]:0 [2]:0 [3]:9
[0]:11738420 [1]:0 [2]:0 [3]:27
[0]:13423041 [1]:0 [2]:0 [3]:11
[0]:15245454 [1]:0 [2]:0 [3]:9
[0]:16819424 [1]:0 [2]:0 [3]:32
[0]:18528007 [1]:0 [2]:0 [3]:8
[0]:20213727 [1]:0 [2]:0 [3]:9
[0]:21863902 [1]:0 [2]:0 [3]:34
[0]:23802841 [1]:0 [2]:0 [3]:10
[0]:25946500 [1]:0 [2]:0 [3]:31
[0]:27950372 [1]:0 [2]:0 [3]:8
[0]:29696407 [1]:0 [2]:0 [3]:10
[0]:31439481 [1]:0 [2]:0 [3]:30
[0]:33120396 [1]:0 [2]:0 [3]:30
[0]:34312456 [1]:384783 [2]:7 [3]:17
[0]:35350456 [1]:916673 [2]:7 [3]:50
[0]:36613607 [1]:1562504 [2]:7 [3]:12
[0]:37823813 [1]:2182075 [2]:7 [3]:12
[0]:38834177 [1]:2701192 [2]:7 [3]:49
[0]:40070086 [1]:3329553 [2]:7 [3]:12
[0]:41125174 [1]:3870998 [2]:7 [3]:50
[0]:42126588 [1]:4384619 [2]:7 [3]:14
[0]:43171557 [1]:4913346 [2]:7 [3]:32
[0]:44307356 [1]:5495079 [2]:7 [3]:12
[0]:45602702 [1]:6152346 [2]:7 [3]:13
[0]:46858904 [1]:6797029 [2]:7 [3]:51
[0]:48100940 [1]:7433730 [2]:7 [3]:16
[0]:49290083 [1]:8041817 [2]:7 [3]:15
[0]:50403491 [1]:8615103 [2]:7 [3]:12
[0]:51731264 [1]:9292327 [2]:7 [3]:53
[0]:52878017 [1]:9888285 [2]:7 [3]:12
[0]:54038233 [1]:10484203 [2]:7 [3]:13
[0]:55209274 [1]:11086885 [2]:7 [3]:58
[0]:56308029 [1]:11648882 [2]:7 [3]:9
[0]:57524662 [1]:12272385 [2]:7 [3]:15
[0]:58694976 [1]:12868312 [2]:7 [3]:51
[0]:59868574 [1]:13469900 [2]:7 [3]:11
[0]:61000377 [1]:14047564 [2]:7 [3]:14
[0]:62157868 [1]:14641097 [2]:7 [3]:16
[0]:63352928 [1]:15251264 [2]:7 [3]:55
[0]:64490611 [1]:15836015 [2]:7 [3]:17
[0]:65744236 [1]:16479278 [2]:7 [3]:12
[0]:66992109 [1]:17116450 [2]:7 [3]:10
[0]:68136920 [1]:17697576 [2]:7 [3]:53
[0]:69270240 [1]:18281211 [2]:7 [3]:13
[0]:70287736 [1]:18798958 [2]:7 [3]:58
[0]:71395039 [1]:19366862 [2]:7 [3]:12
[0]:72440934 [1]:19898919 [2]:7 [3]:13
[0]:73490374 [1]:20438499 [2]:7 [3]:52
[0]:74510432 [1]:20964107 [2]:7 [3]:50
[0]:75520331 [1]:21481417 [2]:7 [3]:17
[0]:76539142 [1]:22009585 [2]:7 [3]:13
[0]:77557514 [1]:22530831 [2]:7 [3]:13
[0]:78601860 [1]:23066380 [2]:7 [3]:40
[0]:79617474 [1]:23586507 [2]:7 [3]:7
[0]:80614954 [1]:24095658 [2]:7 [3]:55
[0]:81618244 [1]:24613429 [2]:7 [3]:10
[0]:82674034 [1]:25153473 [2]:7 [3]:54
[0]:83833989 [1]:25749924 [2]:7 [3]:16
[0]:85171916 [1]:26432018 [2]:7 [3]:15
[0]:86347194 [1]:27032750 [2]:7 [3]:13
[0]:87546947 [1]:27644815 [2]:7 [3]:13
[0]:88865401 [1]:28319109 [2]:7 [3]:17
[0]:90023943 [1]:28921716 [2]:7 [3]:15
[0]:91222388 [1]:29536101 [2]:7 [3]:17
[0]:92274006 [1]:30073826 [2]:7 [3]:46
[0]:93297530 [1]:30599720 [2]:7 [3]:15
[0]:94330483 [1]:31130635 [2]:7 [3]:13
[0]:95304014 [1]:31628766 [2]:7 [3]:11
[0]:96339179 [1]:32157660 [2]:7 [3]:8
[0]:97413282 [1]:32704666 [2]:7 [3]:50
[0]:98402781 [1]:33209807 [2]:7 [3]:16
[0]:99453660 [1]:33745408 [2]:7 [3]:20
[0]:100609159 [1]:34334973 [2]:7 [3]:18
[0]:101855864 [1]:34975702 [2]:7 [3]:51
[0]:103065980 [1]:35593555 [2]:7 [3]:24
[0]:104210235 [1]:36180390 [2]:7 [3]:54
[0]:105413824 [1]:36798788 [2]:7 [3]:52
[0]:106572236 [1]:37389113 [2]:7 [3]:18
[0]:107875544 [1]:38055131 [2]:7 [3]:54
[0]:109106488 [1]:38685089 [2]:7 [3]:57
[0]:110306200 [1]:39300260 [2]:7 [3]:17
[0]:111544336 [1]:39933480 [2]:7 [3]:56
[0]:112680508 [1]:40513004 [2]:7 [3]:12
[0]:113834460 [1]:41106553 [2]:7 [3]:14
[0]:115045243 [1]:41727585 [2]:7 [3]:9
[0]:116192963 [1]:42308371 [2]:7 [3]:11
[0]:117338440 [1]:42895640 [2]:7 [3]:52
[0]:118833170 [1]:43659052 [2]:7 [3]:14
[0]:120030017 [1]:44274442 [2]:7 [3]:12
[0]:121187192 [1]:44863407 [2]:7 [3]:55
[0]:122347410 [1]:45456569 [2]:7 [3]:13
[0]:123492896 [1]:46042474 [2]:7 [3]:52
[0]:124603906 [1]:46618943 [2]:7 [3]:57
[0]:125798480 [1]:47231933 [2]:7 [3]:13
[0]:126870101 [1]:47781824 [2]:7 [3]:13
[0]:127879910 [1]:48303147 [2]:7 [3]:10
[0]:128894463 [1]:48820331 [2]:7 [3]:13
[0]:129922961 [1]:49346010 [2]:7 [3]:11
[0]:131040766 [1]:49919603 [2]:7 [3]:15
[0]:132043689 [1]:50430152 [2]:7 [3]:13
[0]:133075415 [1]:50960277 [2]:7 [3]:11
[0]:134103541 [1]:51483101 [2]:7 [3]:30
[0]:135118893 [1]:51998866 [2]:7 [3]:11
[0]:136123210 [1]:52508705 [2]:7 [3]:13
[0]:137125464 [1]:53027499 [2]:7 [3]:13
[0]:138130411 [1]:53544022 [2]:7 [3]:11
[0]:139235149 [1]:54108284 [2]:7 [3]:13
[0]:140449645 [1]:54729634 [2]:7 [3]:13
[0]:141781294 [1]:55412924 [2]:7 [3]:11
[0]:142994634 [1]:56033168 [2]:7 [3]:56
[0]:144039236 [1]:56569167 [2]:7 [3]:51
[0]:145062570 [1]:57091954 [2]:7 [3]:6
[0]:146246516 [1]:57698169 [2]:7 [3]:17
[0]:147250913 [1]:58214193 [2]:7 [3]:11
[0]:148292210 [1]:58745584 [2]:7 [3]:13
[0]:149344635 [1]:59279853 [2]:7 [3]:16
[0]:150373254 [1]:59814301 [2]:7 [3]:57
[0]:151391274 [1]:60338815 [2]:7 [3]:14
[0]:152498706 [1]:60904352 [2]:7 [3]:14
[0]:153480617 [1]:61406159 [2]:7 [3]:15
[0]:154503448 [1]:61934183 [2]:7 [3]:54
[0]:155518924 [1]:62455229 [2]:7 [3]:49
[0]:156558284 [1]:62988128 [2]:7 [3]:52
[0]:157785982 [1]:63614567 [2]:7 [3]:11
[0]:158986001 [1]:64228982 [2]:7 [3]:11
[0]:160188431 [1]:64841589 [2]:7 [3]:64
[0]:161332632 [1]:65426682 [2]:7 [3]:50
[0]:162460967 [1]:66008323 [2]:7 [3]:13
[0]:163614857 [1]:66602170 [2]:7 [3]:17
[0]:164776659 [1]:67202403 [2]:7 [3]:13
[0]:165917520 [1]:67788691 [2]:7 [3]:13
[0]:167119874 [1]:68406761 [2]:7 [3]:52
[0]:168244491 [1]:68983465 [2]:7 [3]:14
[0]:169409664 [1]:69578257 [2]:7 [3]:53
[0]:170650018 [1]:70208003 [2]:7 [3]:10
[0]:171823768 [1]:70806613 [2]:7 [3]:51
