[0]:353643410 [1]:231664133 [2]:7 [3]:16
[0]:354895730 [1]:232300725 [2]:7 [3]:9
[0]:356049672 [1]:232887853 [2]:7 [3]:49
[0]:357200611 [1]:233475679 [2]:7 [3]:10
[0]:358380155 [1]:234078371 [2]:7 [3]:35
[0]:359587388 [1]:234693385 [2]:7 [3]:32
[0]:360760611 [1]:235296542 [2]:7 [3]:8
[0]:361904557 [1]:235883905 [2]:7 [3]:48
[0]:363527659 [1]:236720994 [2]:7 [3]:54
[0]:364691418 [1]:237319160 [2]:7 [3]:10
[0]:365799339 [1]:237888144 [2]:7 [3]:9
[0]:366899870 [1]:238451775 [2]:7 [3]:11
[0]:367947160 [1]:238988532 [2]:7 [3]:55
[0]:368919151 [1]:239487101 [2]:7 [3]:53
[0]:369958246 [1]:240018455 [2]:7 [3]:18
[0]:371028611 [1]:240568891 [2]:7 [3]:9
[0]:372053648 [1]:241091780 [2]:7 [3]:51
[0]:373029996 [1]:241591921 [2]:7 [3]:9
[0]:374097549 [1]:242136794 [2]:7 [3]:11
[0]:375285767 [1]:242746394 [2]:7 [3]:10
[0]:376237999 [1]:243233209 [2]:7 [3]:13
[0]:377377301 [1]:243817799 [2]:7 [3]:18
[0]:378387260 [1]:244336633 [2]:7 [3]:59
[0]:379446414 [1]:244875445 [2]:7 [3]:50
[0]:380448266 [1]:245385129 [2]:7 [3]:13
[0]:381484710 [1]:245918710 [2]:7 [3]:17
[0]:382622829 [1]:246503313 [2]:7 [3]:57
[0]:383845224 [1]:247128194 [2]:7 [3]:55
[0]:384948623 [1]:247696655 [2]:7 [3]:12
[0]:386001348 [1]:248234668 [2]:7 [3]:13
[0]:386993653 [1]:248746733 [2]:7 [3]:54
[0]:388021331 [1]:249272250 [2]:7 [3]:32
[0]:389037338 [1]:249790076 [2]:7 [3]:16
[0]:390040624 [1]:250303279 [2]:7 [3]:39
[0]:391270001 [1]:250935072 [2]:7 [3]:12
[0]:392237530 [1]:251428213 [2]:7 [3]:11
[0]:393279044 [1]:251951893 [2]:7 [3]:15
[0]:394364203 [1]:252504809 [2]:7 [3]:39
[0]:395336025 [1]:252998997 [2]:7 [3]:47
[0]:396350134 [1]:253515009 [2]:7 [3]:9
[0]:397391640 [1]:254045196 [2]:7 [3]:57
[0]:398647003 [1]:254691634 [2]:7 [3]:11
[0]:399862359 [1]:255315877 [2]:7 [3]:56
[0]:401023280 [1]:255908187 [2]:7 [3]:12
[0]:402170943 [1]:256497448 [2]:7 [3]:15
[0]:403390263 [1]:257118020 [2]:7 [3]:9
[0]:404545037 [1]:257709460 [2]:7 [3]:14
[0]:405738259 [1]:258319509 [2]:7 [3]:52
[0]:406865117 [1]:258893544 [2]:7 [3]:50
[0]:407947745 [1]:259450394 [2]:7 [3]:14
[0]:409225677 [1]:260099091 [2]:7 [3]:15
[0]:410382833 [1]:260692881 [2]:7 [3]:55
[0]:411491199 [1]:261261020 [2]:7 [3]:38
[0]:412634175 [1]:261846874 [2]:7 [3]:17
[0]:413797014 [1]:262442336 [2]:7 [3]:7
[0]:414948472 [1]:263029178 [2]:7 [3]:51
[0]:416093773 [1]:263616703 [2]:7 [3]:14
[0]:417253272 [1]:264207209 [2]:7 [3]:54
[0]:418326052 [1]:264754431 [2]:7 [3]:13
[0]:419478765 [1]:265341008 [2]:7 [3]:12
[0]:420596837 [1]:265912886 [2]:7 [3]:14
[0]:421757526 [1]:266508096 [2]:7 [3]:14
[0]:423070001 [1]:267182434 [2]:7 [3]:10
[0]:424119633 [1]:267715236 [2]:7 [3]:35
[0]:425132307 [1]:268229528 [2]:7 [3]:13
[0]:426128969 [1]:268736302 [2]:7 [3]:11
[0]:427261095 [1]:269310939 [2]:7 [3]:11
[0]:428286445 [1]:269834530 [2]:7 [3]:11
[0]:429277219 [1]:270339237 [2]:7 [3]:37
[0]:430274243 [1]:270856448 [2]:7 [3]:53
[0]:431276794 [1]:271369556 [2]:7 [3]:13
[0]:432287570 [1]:271889112 [2]:7 [3]:35
[0]:433304778 [1]:272408352 [2]:7 [3]:56
[0]:434350816 [1]:272943313 [2]:7 [3]:53
[0]:435367604 [1]:273463597 [2]:7 [3]:60
[0]:436560164 [1]:274072292 [2]:7 [3]:13
[0]:437539787 [1]:274575625 [2]:7 [3]:14
[0]:438792074 [1]:275219069 [2]:7 [3]:16
[0]:439990126 [1]:275836327 [2]:7 [3]:14
[0]:441360896 [1]:276538564 [2]:7 [3]:11
[0]:442379146 [1]:277061202 [2]:7 [3]:12
[0]:443653614 [1]:277712430 [2]:7 [3]:15
[0]:444629735 [1]:278211498 [2]:7 [3]:53
[0]:445597092 [1]:278704781 [2]:7 [3]:36
[0]:446919806 [1]:279383614 [2]:7 [3]:57
[0]:448130532 [1]:280005187 [2]:7 [3]:15
[0]:449288275 [1]:280598700 [2]:7 [3]:12
[0]:450362517 [1]:281150466 [2]:7 [3]:54
[0]:451365645 [1]:281663846 [2]:7 [3]:15
[0]:452412882 [1]:282196935 [2]:7 [3]:14
[0]:453529063 [1]:282770338 [2]:7 [3]:57
[0]:454622686 [1]:283328980 [2]:7 [3]:55
[0]:455985910 [1]:284026203 [2]:7 [3]:18
[0]:457422031 [1]:284759003 [2]:7 [3]:15
[0]:458761449 [1]:285441245 [2]:7 [3]:10
[0]:459910095 [1]:286029318 [2]:7 [3]:10
[0]:461112369 [1]:286645579 [2]:7 [3]:11
[0]:462246456 [1]:287226969 [2]:7 [3]:15
[0]:463419298 [1]:287829061 [2]:7 [3]:16
[0]:464912726 [1]:288592932 [2]:7 [3]:12
[0]:466061651 [1]:289181274 [2]:7 [3]:55
[0]:467156233 [1]:289740147 [2]:7 [3]:12
[0]:468291690 [1]:290322743 [2]:7 [3]:14
[0]:469447144 [1]:290915791 [2]:7 [3]:57
[0]:470620522 [1]:291517609 [2]:7 [3]:54
[0]:471778313 [1]:292111846 [2]:7 [3]:52
[0]:473034627 [1]:292753598 [2]:7 [3]:56
[0]:474147427 [1]:293325282 [2]:7 [3]:14
[0]:475389939 [1]:293957641 [2]:7 [3]:56
[0]:476654007 [1]:294605698 [2]:7 [3]:9
[0]:477768950 [1]:295177752 [2]:7 [3]:19
[0]:478871158 [1]:295742559 [2]:7 [3]:12
[0]:480052656 [1]:296349383 [2]:7 [3]:28
[0]:481121165 [1]:296897158 [2]:7 [3]:48
[0]:482132970 [1]:297424149 [2]:7 [3]:23
[0]:483139401 [1]:297942226 [2]:7 [3]:52
[0]:484164522 [1]:298467707 [2]:7 [3]:12
[0]:485204930 [1]:299000309 [2]:7 [3]:50
[0]:486314728 [1]:299573001 [2]:7 [3]:31
[0]:487329663 [1]:300096988 [2]:7 [3]:17
[0]:488322262 [1]:300604754 [2]:7 [3]:14
[0]:489318760 [1]:301120577 [2]:7 [3]:57
[0]:490386236 [1]:301667998 [2]:7 [3]:9
[0]:491385489 [1]:302181636 [2]:7 [3]:49
[0]:492385795 [1]:302692372 [2]:7 [3]:10
[0]:493458413 [1]:303244311 [2]:7 [3]:12
[0]:494561739 [1]:303811862 [2]:7 [3]:51
[0]:495846280 [1]:304476519 [2]:7 [3]:46
[0]:497007116 [1]:305074311 [2]:7 [3]:14
[0]:498054618 [1]:305615922 [2]:7 [3]:12
[0]:499112061 [1]:306161143 [2]:7 [3]:16
[0]:500158345 [1]:306701227 [2]:7 [3]:13
[0]:501161969 [1]:307216597 [2]:7 [3]:14
[0]:502176742 [1]:307735099 [2]:7 [3]:51
[0]:503201453 [1]:308260854 [2]:7 [3]:38
[0]:504291386 [1]:308820276 [2]:7 [3]:15
[0]:505336038 [1]:309357661 [2]:7 [3]:12
[0]:506310462 [1]:309856254 [2]:7 [3]:11
[0]:507492050 [1]:310464710 [2]:7 [3]:59
[0]:508495710 [1]:310977150 [2]:7 [3]:36
[0]:509487836 [1]:311486624 [2]:7 [3]:12
[0]:510537743 [1]:312027271 [2]:7 [3]:37
[0]:511768122 [1]:312661295 [2]:7 [3]:9
[0]:513018346 [1]:313297207 [2]:7 [3]:11
[0]:514262432 [1]:313935393 [2]:7 [3]:15
[0]:515437747 [1]:314540971 [2]:7 [3]:12
[0]:516560269 [1]:315110997 [2]:7 [3]:8
[0]:517717752 [1]:315708741 [2]:7 [3]:12
