[0]:161043098 [1]:25646347 [2]:150 [3]:359
[0]:161238014 [1]:25691341 [2]:150 [3]:366
[0]:161432055 [1]:25736197 [2]:150 [3]:359
[0]:161637452 [1]:25783687 [2]:150 [3]:356
[0]:161831451 [1]:25828484 [2]:150 [3]:366
[0]:162035301 [1]:25875518 [2]:150 [3]:363
[0]:162227300 [1]:25919939 [2]:150 [3]:56
[0]:162421229 [1]:25964771 [2]:150 [3]:357
[0]:162623551 [1]:26011524 [2]:150 [3]:362
[0]:162823866 [1]:26057883 [2]:150 [3]:360
[0]:163029820 [1]:26105405 [2]:150 [3]:363
[0]:163230890 [1]:26151841 [2]:150 [3]:362
[0]:163426830 [1]:26197094 [2]:150 [3]:56
[0]:163626421 [1]:26243183 [2]:150 [3]:359
[0]:163817083 [1]:26287215 [2]:150 [3]:363
[0]:164012612 [1]:26332381 [2]:150 [3]:370
[0]:164275508 [1]:26393120 [2]:153 [3]:361
[0]:164470185 [1]:26438171 [2]:153 [3]:371
[0]:164671998 [1]:26484776 [2]:153 [3]:365
[0]:164862087 [1]:26528679 [2]:153 [3]:365
[0]:165051282 [1]:26572418 [2]:153 [3]:366
[0]:165276840 [1]:26624571 [2]:153 [3]:360
[0]:165485094 [1]:26672713 [2]:153 [3]:361
[0]:165685081 [1]:26718831 [2]:153 [3]:58
[0]:165881153 [1]:26764139 [2]:153 [3]:363
[0]:166075078 [1]:26808895 [2]:153 [3]:358
[0]:166280447 [1]:26856343 [2]:153 [3]:58
[0]:166471939 [1]:26900590 [2]:153 [3]:365
[0]:166664853 [1]:26945075 [2]:153 [3]:365
[0]:166855816 [1]:26989151 [2]:153 [3]:355
[0]:167049025 [1]:27033775 [2]:155 [3]:363
[0]:167254658 [1]:27081261 [2]:155 [3]:369
[0]:167444390 [1]:27125065 [2]:155 [3]:362
[0]:167654129 [1]:27173482 [2]:155 [3]:363
[0]:167850644 [1]:27218905 [2]:155 [3]:356
[0]:168042293 [1]:27263113 [2]:155 [3]:354
[0]:168236429 [1]:27307971 [2]:155 [3]:359
[0]:168437863 [1]:27354520 [2]:155 [3]:366
[0]:168634901 [1]:27399992 [2]:155 [3]:363
[0]:168834687 [1]:27446153 [2]:155 [3]:363
[0]:169044519 [1]:27494617 [2]:155 [3]:59
[0]:169238957 [1]:27539529 [2]:155 [3]:367
[0]:169437994 [1]:27585388 [2]:155 [3]:361
[0]:169654383 [1]:27635393 [2]:155 [3]:360
[0]:169844824 [1]:27679358 [2]:157 [3]:357
[0]:170072855 [1]:27731981 [2]:157 [3]:357
[0]:170273139 [1]:27778283 [2]:157 [3]:363
[0]:170551384 [1]:27842512 [2]:157 [3]:357
[0]:170759402 [1]:27890628 [2]:157 [3]:364
[0]:170946104 [1]:27933827 [2]:157 [3]:361
[0]:171147370 [1]:27980349 [2]:157 [3]:363
[0]:171341616 [1]:28025190 [2]:157 [3]:56
[0]:171542340 [1]:28071546 [2]:157 [3]:360
[0]:171737410 [1]:28116616 [2]:157 [3]:363
[0]:171931617 [1]:28161518 [2]:157 [3]:369
[0]:172129426 [1]:28207243 [2]:157 [3]:364
[0]:172345748 [1]:28257142 [2]:157 [3]:360
[0]:172551565 [1]:28304755 [2]:158 [3]:358
[0]:172756884 [1]:28352224 [2]:158 [3]:364
[0]:172957652 [1]:28398619 [2]:158 [3]:362
[0]:173151701 [1]:28443402 [2]:158 [3]:358
[0]:173345964 [1]:28488403 [2]:158 [3]:359
[0]:173536608 [1]:28532437 [2]:158 [3]:361
[0]:173733521 [1]:28577974 [2]:158 [3]:365
[0]:173931624 [1]:28623783 [2]:158 [3]:61
[0]:174133389 [1]:28670341 [2]:158 [3]:367
[0]:174333184 [1]:28716465 [2]:158 [3]:364
[0]:174532024 [1]:28762445 [2]:158 [3]:364
[0]:174723943 [1]:28806788 [2]:158 [3]:366
[0]:174917291 [1]:28851436 [2]:158 [3]:362
[0]:175176447 [1]:28911345 [2]:158 [3]:364
[0]:175370893 [1]:28956270 [2]:159 [3]:355
[0]:175561493 [1]:29000324 [2]:159 [3]:364
[0]:175751899 [1]:29044351 [2]:159 [3]:57
[0]:175947436 [1]:29089456 [2]:159 [3]:355
[0]:176140564 [1]:29134140 [2]:159 [3]:62
[0]:176333763 [1]:29178783 [2]:159 [3]:362
[0]:176527230 [1]:29223477 [2]:159 [3]:360
[0]:176727218 [1]:29269727 [2]:159 [3]:353
[0]:176917536 [1]:29313660 [2]:159 [3]:360
[0]:177107077 [1]:29357455 [2]:159 [3]:363
[0]:177302228 [1]:29402581 [2]:159 [3]:361
[0]:177495347 [1]:29447291 [2]:159 [3]:362
[0]:177697737 [1]:29494030 [2]:159 [3]:367
[0]:177891591 [1]:29538789 [2]:159 [3]:52
[0]:178085345 [1]:29583521 [2]:159 [3]:56
[0]:178280159 [1]:29628521 [2]:160 [3]:359
[0]:178477883 [1]:29674200 [2]:160 [3]:365
[0]:178675555 [1]:29719877 [2]:160 [3]:356
[0]:178876458 [1]:29766299 [2]:160 [3]:362
[0]:179071056 [1]:29811207 [2]:160 [3]:360
[0]:179269143 [1]:29857009 [2]:160 [3]:359
[0]:179457279 [1]:29900462 [2]:160 [3]:62
[0]:179653759 [1]:29945812 [2]:160 [3]:343
[0]:179855176 [1]:29992362 [2]:160 [3]:366
[0]:180052814 [1]:30037991 [2]:160 [3]:367
[0]:180249941 [1]:30083558 [2]:160 [3]:355
[0]:180440854 [1]:30127667 [2]:160 [3]:361
[0]:180642780 [1]:30174278 [2]:160 [3]:360
[0]:180841330 [1]:30220140 [2]:160 [3]:364
[0]:181040820 [1]:30266268 [2]:161 [3]:357
[0]:181238627 [1]:30311904 [2]:161 [3]:362
[0]:181434069 [1]:30357063 [2]:161 [3]:56
[0]:181634657 [1]:30403352 [2]:161 [3]:364
[0]:181833349 [1]:30449315 [2]:161 [3]:365
[0]:182033952 [1]:30495720 [2]:161 [3]:357
[0]:182232784 [1]:30541720 [2]:161 [3]:358
[0]:182426476 [1]:30586544 [2]:161 [3]:365
[0]:182632089 [1]:30633991 [2]:161 [3]:355
[0]:182824357 [1]:30678391 [2]:161 [3]:362
[0]:183050154 [1]:30730492 [2]:161 [3]:357
[0]:183248839 [1]:30776416 [2]:161 [3]:359
[0]:183460722 [1]:30825340 [2]:161 [3]:60
[0]:183658408 [1]:30871060 [2]:161 [3]:359
[0]:183845284 [1]:30914281 [2]:161 [3]:361
[0]:184038823 [1]:30958989 [2]:161 [3]:363
[0]:184237084 [1]:31004790 [2]:161 [3]:357
[0]:184434575 [1]:31050333 [2]:161 [3]:363
[0]:184636032 [1]:31096869 [2]:161 [3]:359
[0]:184845675 [1]:31145335 [2]:161 [3]:365
[0]:185042961 [1]:31190984 [2]:161 [3]:56
[0]:185231222 [1]:31234462 [2]:161 [3]:359
[0]:185421433 [1]:31278319 [2]:161 [3]:361
[0]:185614264 [1]:31322897 [2]:161 [3]:360
[0]:185807886 [1]:31367655 [2]:161 [3]:357
[0]:186009940 [1]:31414305 [2]:161 [3]:61
[0]:186199999 [1]:31458128 [2]:161 [3]:356
[0]:186475342 [1]:31521792 [2]:161 [3]:362
[0]:186663014 [1]:31565214 [2]:161 [3]:58
[0]:186856151 [1]:31609867 [2]:161 [3]:58
[0]:187058597 [1]:31656712 [2]:161 [3]:356
[0]:187251525 [1]:31701221 [2]:161 [3]:355
[0]:187446806 [1]:31746327 [2]:161 [3]:57
[0]:187640453 [1]:31791098 [2]:161 [3]:363
[0]:187836212 [1]:31836363 [2]:161 [3]:54
[0]:188030049 [1]:31881149 [2]:161 [3]:362
[0]:188227238 [1]:31926662 [2]:161 [3]:66
[0]:188423492 [1]:31972002 [2]:161 [3]:364
[0]:188621166 [1]:32017709 [2]:161 [3]:356
[0]:188808776 [1]:32061029 [2]:161 [3]:358
[0]:189001530 [1]:32105476 [2]:161 [3]:361
[0]:189204371 [1]:32152334 [2]:161 [3]:359
[0]:189417636 [1]:32201657 [2]:161 [3]:361
[0]:189615257 [1]:32247361 [2]:161 [3]:354
[0]:189812316 [1]:32292972 [2]:161 [3]:362
[0]:190001421 [1]:32336666 [2]:161 [3]:362
[0]:190200560 [1]:32382707 [2]:161 [3]:360
[0]:190395317 [1]:32427702 [2]:161 [3]:361
[0]:190595249 [1]:32473880 [2]:161 [3]:357
[0]:190790973 [1]:32519109 [2]:161 [3]:368
[0]:190991813 [1]:32565418 [2]:161 [3]:356
[0]:191227688 [1]:32619891 [2]:161 [3]:362
[0]:191419547 [1]:32664186 [2]:161 [3]:364
[0]:191614157 [1]:32709150 [2]:161 [3]:363
[0]:191806280 [1]:32753446 [2]:161 [3]:362
[0]:192005876 [1]:32799558 [2]:161 [3]:362
[0]:192201438 [1]:32844716 [2]:161 [3]:360
[0]:192422008 [1]:32895797 [2]:161 [3]:362
[0]:192622766 [1]:32942231 [2]:161 [3]:363
[0]:192820111 [1]:32987792 [2]:161 [3]:363
[0]:193044279 [1]:33039619 [2]:161 [3]:368
[0]:193239025 [1]:33084645 [2]:161 [3]:361
[0]:193437212 [1]:33130409 [2]:161 [3]:365
[0]:193635034 [1]:33176079 [2]:161 [3]:357
[0]:193829070 [1]:33220883 [2]:161 [3]:364
[0]:194026345 [1]:33266517 [2]:161 [3]:358
[0]:194243667 [1]:33316764 [2]:161 [3]:351
[0]:194440945 [1]:33362363 [2]:161 [3]:359
[0]:194638971 [1]:33407990 [2]:161 [3]:363
[0]:194840348 [1]:33454543 [2]:161 [3]:363
[0]:195095292 [1]:33513505 [2]:161 [3]:363
[0]:195288493 [1]:33558113 [2]:161 [3]:360
[0]:195489691 [1]:33604666 [2]:161 [3]:57
[0]:195680125 [1]:33648649 [2]:161 [3]:365
[0]:195870799 [1]:33692724 [2]:161 [3]:363
[0]:196064774 [1]:33737559 [2]:161 [3]:361
[0]:196262094 [1]:33783137 [2]:161 [3]:353
[0]:196460151 [1]:33828796 [2]:161 [3]:366
[0]:196695658 [1]:33883175 [2]:161 [3]:59
[0]:196889910 [1]:33928002 [2]:161 [3]:57
[0]:197087963 [1]:33973824 [2]:161 [3]:59
[0]:197315225 [1]:34026385 [2]:161 [3]:358
[0]:197509240 [1]:34071156 [2]:161 [3]:356
[0]:197699678 [1]:34115161 [2]:161 [3]:366
[0]:197897623 [1]:34160910 [2]:161 [3]:370
[0]:198087203 [1]:34204799 [2]:161 [3]:359
[0]:198293132 [1]:34252385 [2]:161 [3]:367
[0]:198490875 [1]:34298059 [2]:161 [3]:365
[0]:198688240 [1]:34343658 [2]:161 [3]:357
[0]:198887171 [1]:34389622 [2]:161 [3]:362
[0]:199090041 [1]:34436534 [2]:161 [3]:360
[0]:199280010 [1]:34480363 [2]:161 [3]:362
[0]:199483677 [1]:34527404 [2]:161 [3]:359
[0]:199748162 [1]:34588633 [2]:161 [3]:362
[0]:199957753 [1]:34637089 [2]:161 [3]:352
[0]:200155401 [1]:34682709 [2]:161 [3]:361
[0]:200349603 [1]:34727540 [2]:161 [3]:359
[0]:200454522 [1]:34751832 [2]:161 [3]:367
[0]:200454522 [1]:34751832 [2]:161 [3]:367
[0]:200454522 [1]:34751832 [2]:161 [3]:367
[0]:200454522 [1]:34751832 [2]:161 [3]:367
[0]:200454522 [1]:34751832 [2]:161 [3]:367
[0]:200454522 [1]:34751832 [2]:161 [3]:367
[0]:200454522 [1]:34751832 [2]:161 [3]:367
[0]:200454522 [1]:34751832 [2]:161 [3]:367
[0]:200454522 [1]:34751832 [2]:161 [3]:367
[0]:200454522 [1]:34751832 [2]:161 [3]:367
[0]:200454522 [1]:34751832 [2]:161 [3]:367
[0]:200454522 [1]:34751832 [2]:161 [3]:367
