[0]:3382880888 [1]:1 [2]:2 [3]:3
[0]:4179741190 [1]:1 [2]:2 [3]:3
[0]:3966947758 [1]:1 [2]:2 [3]:3
[0]:3776364175 [1]:1 [2]:2 [3]:3
[0]:3590754108 [1]:1 [2]:2 [3]:3
[0]:3403129747 [1]:1 [2]:2 [3]:3
[0]:4208648808 [1]:1 [2]:2 [3]:3
[0]:4024736166 [1]:1 [2]:2 [3]:3
[0]:3776414565 [1]:1 [2]:2 [3]:3
[0]:3588740800 [1]:1 [2]:2 [3]:3
[0]:3419119930 [1]:1 [2]:2 [3]:2
[0]:4218658445 [1]:1 [2]:2 [3]:3
[0]:3965534643 [1]:1 [2]:2 [3]:3
[0]:3727690796 [1]:1 [2]:2 [3]:3
[0]:3529254155 [1]:1 [2]:2 [3]:3
[0]:3320747267 [1]:1 [2]:2 [3]:3
[0]:4130204358 [1]:1 [2]:2 [3]:2
[0]:3945295891 [1]:1 [2]:2 [3]:3
[0]:3755142685 [1]:1 [2]:2 [3]:3
[0]:3550014572 [1]:1 [2]:2 [3]:3
[0]:3340265357 [1]:1 [2]:2 [3]:3
[0]:4151102147 [1]:1 [2]:2 [3]:3
[0]:3958298867 [1]:1 [2]:2 [3]:2
[0]:3767060386 [1]:1 [2]:2 [3]:2
[0]:3580421215 [1]:1 [2]:2 [3]:3
[0]:3392760348 [1]:1 [2]:2 [3]:3
[0]:4195027225 [1]:1 [2]:2 [3]:2
[0]:4003121891 [1]:1 [2]:2 [3]:3
[0]:3805812020 [1]:1 [2]:2 [3]:3
[0]:3609844782 [1]:1 [2]:2 [3]:3
[0]:3373675488 [1]:1 [2]:2 [3]:3
[0]:4142044876 [1]:1 [2]:2 [3]:2
[0]:3896774870 [1]:1 [2]:2 [3]:3
[0]:3660777263 [1]:1 [2]:2 [3]:4
[0]:3446976212 [1]:1 [2]:2 [3]:3
[0]:4241143367 [1]:1 [2]:2 [3]:3
[0]:4035066431 [1]:1 [2]:2 [3]:3
[0]:3808783375 [1]:1 [2]:2 [3]:3
[0]:3599814611 [1]:1 [2]:2 [3]:2
[0]:3383214411 [1]:1 [2]:2 [3]:3
[0]:4180778862 [1]:1 [2]:2 [3]:3
[0]:3976779525 [1]:1 [2]:2 [3]:3
[0]:3763001263 [1]:1 [2]:2 [3]:2
[0]:3551067812 [1]:1 [2]:2 [3]:3
[0]:3337508026 [1]:1 [2]:2 [3]:3
[0]:4123135917 [1]:1 [2]:2 [3]:3
[0]:3926506561 [1]:1 [2]:2 [3]:3
[0]:3735135442 [1]:1 [2]:2 [3]:3
[0]:3546991283 [1]:1 [2]:2 [3]:3
[0]:3349158817 [1]:1 [2]:2 [3]:2
[0]:4162862521 [1]:1 [2]:2 [3]:3
[0]:3974768070 [1]:1 [2]:2 [3]:3
[0]:3748793926 [1]:1 [2]:2 [3]:3
[0]:3556197775 [1]:1 [2]:2 [3]:2
[0]:3367048376 [1]:1 [2]:2 [3]:3
[0]:4183117213 [1]:1 [2]:2 [3]:3
[0]:3990800421 [1]:1 [2]:2 [3]:3
[0]:3799633502 [1]:1 [2]:2 [3]:2
[0]:3607283290 [1]:1 [2]:2 [3]:3
[0]:3411307427 [1]:1 [2]:2 [3]:2
[0]:4206972948 [1]:1 [2]:2 [3]:3
[0]:4005459345 [1]:1 [2]:2 [3]:3
[0]:3760248272 [1]:1 [2]:2 [3]:3
[0]:3529357575 [1]:1 [2]:2 [3]:3
[0]:3320553937 [1]:1 [2]:2 [3]:3
[0]:4080763476 [1]:1 [2]:2 [3]:3
[0]:3895085838 [1]:1 [2]:2 [3]:3
[0]:3647554580 [1]:1 [2]:2 [3]:3
[0]:3463041611 [1]:1 [2]:2 [3]:3
[0]:4236814257 [1]:1 [2]:2 [3]:3
[0]:4035214822 [1]:1 [2]:2 [3]:2
[0]:3840006018 [1]:1 [2]:2 [3]:3
[0]:3642369352 [1]:1 [2]:2 [3]:3
[0]:3455333618 [1]:1 [2]:2 [3]:3
[0]:4268822755 [1]:1 [2]:2 [3]:3
[0]:4076792478 [1]:1 [2]:2 [3]:3
[0]:3889234845 [1]:1 [2]:2 [3]:3
[0]:3695009315 [1]:1 [2]:2 [3]:3
[0]:3508827993 [1]:1 [2]:2 [3]:5
[0]:4280572990 [1]:1 [2]:2 [3]:3
[0]:4040828917 [1]:1 [2]:2 [3]:3
[0]:3803956640 [1]:1 [2]:2 [3]:4
[0]:3576831806 [1]:1 [2]:2 [3]:3
[0]:3359142910 [1]:1 [2]:2 [3]:3
[0]:4080457127 [1]:1 [2]:2 [3]:3
[0]:3875172586 [1]:1 [2]:2 [3]:3
[0]:3636837812 [1]:1 [2]:2 [3]:3
[0]:3427075500 [1]:1 [2]:2 [3]:3
[0]:4216364445 [1]:1 [2]:2 [3]:3
[0]:3998044977 [1]:1 [2]:2 [3]:3
[0]:3787160971 [1]:1 [2]:2 [3]:2
[0]:3571250963 [1]:1 [2]:2 [3]:3
[0]:3351893333 [1]:1 [2]:2 [3]:3
[0]:4139176523 [1]:1 [2]:2 [3]:3
[0]:3940860836 [1]:1 [2]:2 [3]:4
[0]:3735222988 [1]:1 [2]:2 [3]:3
[0]:3540850640 [1]:1 [2]:2 [3]:3
[0]:3351244487 [1]:1 [2]:2 [3]:3
[0]:4164863865 [1]:1 [2]:2 [3]:3
[0]:3977173252 [1]:1 [2]:2 [3]:3
[0]:3737469683 [1]:1 [2]:2 [3]:3
[0]:3549503342 [1]:1 [2]:2 [3]:2
[0]:3362336673 [1]:1 [2]:2 [3]:3
[0]:4179719152 [1]:1 [2]:2 [3]:3
[0]:3986676673 [1]:1 [2]:2 [3]:3
[0]:3802883397 [1]:1 [2]:2 [3]:2
[0]:3602736945 [1]:1 [2]:2 [3]:3
[0]:3369734003 [1]:1 [2]:2 [3]:3
[0]:4176876425 [1]:1 [2]:2 [3]:3
[0]:3989477598 [1]:1 [2]:2 [3]:2
[0]:3803249408 [1]:1 [2]:2 [3]:3
[0]:3593902328 [1]:1 [2]:2 [3]:2
[0]:3355510581 [1]:1 [2]:2 [3]:3
[0]:4147162551 [1]:1 [2]:2 [3]:3
[0]:3954391375 [1]:1 [2]:2 [3]:3
[0]:3763303351 [1]:1 [2]:2 [3]:3
[0]:3580877017 [1]:1 [2]:2 [3]:4
[0]:3392815295 [1]:1 [2]:2 [3]:2
[0]:4200877763 [1]:1 [2]:2 [3]:3
[0]:4011232712 [1]:1 [2]:2 [3]:3
[0]:3820880293 [1]:1 [2]:2 [3]:3
[0]:3627116921 [1]:1 [2]:2 [3]:3
[0]:3435802447 [1]:1 [2]:2 [3]:3
[0]:4254326416 [1]:1 [2]:2 [3]:3
[0]:4060356592 [1]:1 [2]:2 [3]:3
[0]:3867562770 [1]:1 [2]:2 [3]:3
[0]:3679808030 [1]:1 [2]:2 [3]:3
[0]:3488161702 [1]:1 [2]:2 [3]:3
[0]:3303215735 [1]:1 [2]:2 [3]:3
[0]:4073325900 [1]:1 [2]:2 [3]:3
[0]:3836893503 [1]:1 [2]:2 [3]:3
[0]:3588895898 [1]:1 [2]:2 [3]:3
[0]:3354163835 [1]:1 [2]:2 [3]:3
[0]:4131345703 [1]:1 [2]:2 [3]:3
[0]:3911324951 [1]:1 [2]:2 [3]:3
[0]:3699170702 [1]:1 [2]:2 [3]:2
[0]:3483096506 [1]:1 [2]:2 [3]:3
[0]:4248902322 [1]:1 [2]:2 [3]:3
[0]:4010988300 [1]:1 [2]:2 [3]:3
[0]:3791396426 [1]:1 [2]:2 [3]:3
[0]:3580864278 [1]:1 [2]:2 [3]:3
[0]:3372511445 [1]:1 [2]:2 [3]:3
[0]:4168909203 [1]:1 [2]:2 [3]:3
[0]:3950662558 [1]:1 [2]:2 [3]:2
[0]:3723175860 [1]:1 [2]:2 [3]:2
[0]:3511296442 [1]:1 [2]:2 [3]:2
[0]:3323303322 [1]:1 [2]:2 [3]:3
[0]:4131124427 [1]:1 [2]:2 [3]:2
[0]:3939404111 [1]:1 [2]:2 [3]:3
[0]:3752922003 [1]:1 [2]:2 [3]:4
[0]:3564345622 [1]:1 [2]:2 [3]:3
[0]:3375325878 [1]:1 [2]:2 [3]:3
[0]:4187306137 [1]:1 [2]:2 [3]:3
[0]:3935261036 [1]:1 [2]:2 [3]:3
[0]:3743621908 [1]:1 [2]:2 [3]:3
[0]:3551770420 [1]:1 [2]:2 [3]:3
[0]:3311261622 [1]:1 [2]:2 [3]:2
[0]:4119298621 [1]:1 [2]:2 [3]:3
[0]:3925319180 [1]:1 [2]:2 [3]:3
[0]:3715217065 [1]:1 [2]:2 [3]:2
[0]:3520134620 [1]:1 [2]:2 [3]:3
[0]:4277056625 [1]:1 [2]:2 [3]:3
[0]:4023701171 [1]:1 [2]:2 [3]:3
[0]:3825275505 [1]:1 [2]:2 [3]:3
[0]:3627181392 [1]:1 [2]:2 [3]:3
[0]:3433043571 [1]:1 [2]:2 [3]:3
[0]:4244939648 [1]:1 [2]:2 [3]:3
[0]:4023388232 [1]:1 [2]:2 [3]:3
[0]:3831570740 [1]:1 [2]:2 [3]:3
[0]:3640944470 [1]:1 [2]:2 [3]:3
[0]:3447286290 [1]:1 [2]:2 [3]:4
[0]:4259306352 [1]:1 [2]:2 [3]:2
[0]:4068010718 [1]:1 [2]:2 [3]:3
[0]:3872740936 [1]:1 [2]:2 [3]:3
[0]:3678270442 [1]:1 [2]:2 [3]:3
[0]:3483298866 [1]:1 [2]:2 [3]:2
[0]:4291320860 [1]:1 [2]:2 [3]:3
[0]:4101444171 [1]:1 [2]:2 [3]:3
[0]:3899619078 [1]:1 [2]:2 [3]:3
[0]:3680959636 [1]:1 [2]:2 [3]:3
[0]:3447813547 [1]:1 [2]:2 [3]:3
[0]:4171322058 [1]:1 [2]:2 [3]:3
[0]:3963424111 [1]:1 [2]:2 [3]:3
[0]:3753446693 [1]:1 [2]:2 [3]:3
[0]:3547436987 [1]:1 [2]:2 [3]:3
[0]:3338057352 [1]:1 [2]:2 [3]:3
[0]:4127393760 [1]:1 [2]:2 [3]:3
[0]:3868764123 [1]:1 [2]:2 [3]:2
[0]:3668969665 [1]:1 [2]:2 [3]:3
[0]:3463311586 [1]:1 [2]:2 [3]:3
[0]:4247299617 [1]:1 [2]:2 [3]:3
[0]:4024996856 [1]:1 [2]:2 [3]:3
[0]:3810294977 [1]:1 [2]:2 [3]:3
[0]:3595288118 [1]:1 [2]:2 [3]:3
[0]:3383588423 [1]:1 [2]:2 [3]:3
[0]:4179633066 [1]:1 [2]:2 [3]:3
[0]:3988980507 [1]:1 [2]:2 [3]:3
[0]:3743318333 [1]:1 [2]:2 [3]:3
[0]:3555315690 [1]:1 [2]:2 [3]:3
[0]:3352589706 [1]:1 [2]:2 [3]:3
[0]:4163150792 [1]:1 [2]:2 [3]:3
[0]:3971374015 [1]:1 [2]:2 [3]:2
[0]:3779838481 [1]:1 [2]:2 [3]:3
[0]:3575317002 [1]:1 [2]:2 [3]:2
[0]:3383363006 [1]:1 [2]:2 [3]:3
[0]:4191350676 [1]:1 [2]:2 [3]:3
[0]:3992924650 [1]:1 [2]:2 [3]:3
[0]:3795469727 [1]:1 [2]:2 [3]:3
[0]:3610023442 [1]:1 [2]:2 [3]:3
[0]:3549660330 [1]:1 [2]:2 [3]:3
[0]:3549660330 [1]:1 [2]:2 [3]:3
[0]:3549660330 [1]:1 [2]:2 [3]:3
[0]:3549660330 [1]:1 [2]:2 [3]:3
[0]:3549660330 [1]:1 [2]:2 [3]:3
[0]:3549660330 [1]:1 [2]:2 [3]:3
[0]:3549660330 [1]:1 [2]:2 [3]:3
[0]:3549660330 [1]:1 [2]:2 [3]:3
[0]:3549660330 [1]:1 [2]:2 [3]:3
[0]:3549660330 [1]:1 [2]:2 [3]:3
