[0]:757686832 [1]:498011907 [2]:7 [3]:59
[0]:758772680 [1]:498683982 [2]:7 [3]:55
[0]:759819501 [1]:499229011 [2]:7 [3]:18
[0]:760849657 [1]:499755612 [2]:7 [3]:13
[0]:761888288 [1]:500283425 [2]:7 [3]:54
[0]:762873990 [1]:500794379 [2]:7 [3]:52
[0]:763924731 [1]:501331476 [2]:7 [3]:54
[0]:764966218 [1]:501864688 [2]:7 [3]:15
[0]:765984735 [1]:502390153 [2]:7 [3]:10
[0]:767277770 [1]:503055082 [2]:7 [3]:12
[0]:768473602 [1]:503668890 [2]:7 [3]:10
[0]:769796073 [1]:504345536 [2]:7 [3]:10
[0]:770840648 [1]:504881919 [2]:7 [3]:49
[0]:771855482 [1]:505399122 [2]:7 [3]:11
[0]:772840505 [1]:505906454 [2]:7 [3]:18
[0]:773835972 [1]:506414460 [2]:7 [3]:15
[0]:774906896 [1]:506961250 [2]:7 [3]:15
[0]:775893752 [1]:507465526 [2]:7 [3]:52
[0]:776940208 [1]:508000515 [2]:7 [3]:14
[0]:777921682 [1]:508507139 [2]:7 [3]:15
[0]:778982140 [1]:509050349 [2]:7 [3]:14
[0]:780005645 [1]:509578308 [2]:7 [3]:12
[0]:781020213 [1]:510096003 [2]:7 [3]:50
[0]:782044484 [1]:510621514 [2]:7 [3]:10
[0]:783128466 [1]:511176665 [2]:7 [3]:14
[0]:784340038 [1]:511802795 [2]:7 [3]:12
[0]:785605928 [1]:512452954 [2]:7 [3]:50
[0]:786751024 [1]:513043958 [2]:7 [3]:12
[0]:787874527 [1]:513616876 [2]:7 [3]:9
[0]:788974632 [1]:514180492 [2]:7 [3]:58
[0]:790072562 [1]:514748691 [2]:7 [3]:16
[0]:791228144 [1]:515338659 [2]:7 [3]:16
[0]:792348026 [1]:515912485 [2]:7 [3]:20
[0]:793468292 [1]:516486812 [2]:7 [3]:10
[0]:794554820 [1]:517048445 [2]:7 [3]:59
[0]:795685550 [1]:517629438 [2]:7 [3]:52
[0]:796825645 [1]:518214084 [2]:7 [3]:16
[0]:797957631 [1]:518792455 [2]:7 [3]:8
[0]:799148165 [1]:519404328 [2]:7 [3]:13
[0]:800252556 [1]:519975588 [2]:7 [3]:11
[0]:801413209 [1]:520571408 [2]:7 [3]:49
[0]:802550522 [1]:521149905 [2]:7 [3]:9
[0]:803686185 [1]:521733695 [2]:7 [3]:10
[0]:804812982 [1]:522309293 [2]:7 [3]:10
[0]:805897065 [1]:522863397 [2]:7 [3]:12
[0]:807049160 [1]:523457501 [2]:7 [3]:46
[0]:808243810 [1]:524074042 [2]:7 [3]:51
[0]:809311780 [1]:524622769 [2]:7 [3]:54
[0]:810311050 [1]:525134060 [2]:7 [3]:16
[0]:811311134 [1]:525651225 [2]:7 [3]:13
[0]:812559739 [1]:526289143 [2]:7 [3]:18
[0]:813551036 [1]:526798266 [2]:7 [3]:15
[0]:814510108 [1]:527286384 [2]:7 [3]:11
[0]:815532119 [1]:527806257 [2]:7 [3]:9
[0]:816553904 [1]:528332315 [2]:7 [3]:54
[0]:817597998 [1]:528870570 [2]:7 [3]:14
[0]:818649692 [1]:529406674 [2]:7 [3]:14
[0]:819666479 [1]:529925265 [2]:7 [3]:57
[0]:820667223 [1]:530440687 [2]:7 [3]:15
[0]:821637390 [1]:530937092 [2]:7 [3]:18
[0]:822766070 [1]:531516138 [2]:7 [3]:9
[0]:823989860 [1]:532146928 [2]:7 [3]:53
[0]:825241369 [1]:532789373 [2]:7 [3]:11
[0]:826362470 [1]:533358911 [2]:7 [3]:15
[0]:827496874 [1]:533943582 [2]:7 [3]:53
[0]:828548813 [1]:534480152 [2]:7 [3]:16
[0]:829886020 [1]:535165583 [2]:7 [3]:15
[0]:830877032 [1]:535675412 [2]:7 [3]:25
[0]:831899012 [1]:536200655 [2]:7 [3]:8
[0]:832920428 [1]:536725893 [2]:7 [3]:47
[0]:833982057 [1]:537272829 [2]:7 [3]:14
[0]:835059359 [1]:537829628 [2]:7 [3]:59
[0]:836076170 [1]:538345311 [2]:7 [3]:50
[0]:837134534 [1]:538884229 [2]:7 [3]:50
[0]:838176255 [1]:539414351 [2]:7 [3]:13
[0]:839380790 [1]:540033400 [2]:7 [3]:12
[0]:840656296 [1]:540689636 [2]:7 [3]:17
[0]:842014922 [1]:541386733 [2]:7 [3]:12
[0]:843255240 [1]:542025070 [2]:7 [3]:12
[0]:844408157 [1]:542618153 [2]:7 [3]:11
