[0]:0 [1]:0 [2]:0 [3]:0
[0]:0 [1]:0 [2]:0 [3]:0
[0]:177241 [1]:0 [2]:0 [3]:321
[0]:409135 [1]:0 [2]:0 [3]:313
[0]:633209 [1]:0 [2]:0 [3]:86
[0]:861634 [1]:0 [2]:0 [3]:54
[0]:1146838 [1]:11123 [2]:120 [3]:75
[0]:1342668 [1]:33100 [2]:120 [3]:366
[0]:1544878 [1]:56094 [2]:120 [3]:381
[0]:1742200 [1]:78498 [2]:120 [3]:62
[0]:1941694 [1]:100874 [2]:120 [3]:364
[0]:2140115 [1]:123347 [2]:120 [3]:57
[0]:2344496 [1]:146408 [2]:120 [3]:58
[0]:2546610 [1]:169210 [2]:120 [3]:365
[0]:2737789 [1]:190764 [2]:105 [3]:63
[0]:2933975 [1]:212993 [2]:105 [3]:57
[0]:3161477 [1]:238621 [2]:105 [3]:369
[0]:3377096 [1]:262864 [2]:105 [3]:63
[0]:3588385 [1]:286656 [2]:105 [3]:369
[0]:3779933 [1]:308248 [2]:105 [3]:66
[0]:4000987 [1]:333223 [2]:105 [3]:356
[0]:4203199 [1]:356213 [2]:95 [3]:75
[0]:4428197 [1]:381624 [2]:95 [3]:363
[0]:4620050 [1]:403184 [2]:95 [3]:59
[0]:4824928 [1]:426236 [2]:95 [3]:364
[0]:5027847 [1]:449125 [2]:95 [3]:64
[0]:5253158 [1]:474559 [2]:95 [3]:56
[0]:5450557 [1]:496800 [2]:95 [3]:58
[0]:5640404 [1]:518192 [2]:88 [3]:65
[0]:5843709 [1]:541231 [2]:88 [3]:362
[0]:6049225 [1]:564562 [2]:88 [3]:363
[0]:6266180 [1]:589124 [2]:88 [3]:360
[0]:6463563 [1]:611391 [2]:88 [3]:63
[0]:6669286 [1]:634556 [2]:88 [3]:359
[0]:6880201 [1]:658268 [2]:88 [3]:63
[0]:7079161 [1]:680712 [2]:88 [3]:372
[0]:7281452 [1]:703453 [2]:83 [3]:63
[0]:7487450 [1]:726677 [2]:83 [3]:49
[0]:7685933 [1]:749030 [2]:83 [3]:372
[0]:7877054 [1]:770472 [2]:83 [3]:370
[0]:8077534 [1]:793372 [2]:83 [3]:62
[0]:8277452 [1]:815925 [2]:83 [3]:351
[0]:8493608 [1]:840325 [2]:83 [3]:361
[0]:8685682 [1]:861952 [2]:81 [3]:368
[0]:8913108 [1]:887564 [2]:81 [3]:354
[0]:9109427 [1]:909623 [2]:81 [3]:55
[0]:9307656 [1]:931876 [2]:81 [3]:355
[0]:9510282 [1]:954696 [2]:81 [3]:70
[0]:9722659 [1]:978877 [2]:81 [3]:57
[0]:9917640 [1]:1000964 [2]:81 [3]:65
[0]:10129321 [1]:1024978 [2]:81 [3]:73
[0]:10324649 [1]:1046965 [2]:78 [3]:57
[0]:10524073 [1]:1069547 [2]:78 [3]:373
[0]:10823894 [1]:1103314 [2]:78 [3]:355
[0]:11020599 [1]:1125560 [2]:78 [3]:366
[0]:11278357 [1]:1154550 [2]:78 [3]:59
[0]:11477885 [1]:1177071 [2]:78 [3]:374
[0]:11673929 [1]:1199116 [2]:78 [3]:65
[0]:11866669 [1]:1220863 [2]:76 [3]:360
[0]:12073705 [1]:1244226 [2]:76 [3]:60
[0]:12284154 [1]:1267956 [2]:76 [3]:66
[0]:12472485 [1]:1289508 [2]:76 [3]:71
[0]:12668298 [1]:1311540 [2]:76 [3]:54
[0]:12872224 [1]:1334391 [2]:76 [3]:354
[0]:13068142 [1]:1356479 [2]:76 [3]:78
[0]:13268868 [1]:1379315 [2]:76 [3]:66
[0]:13463819 [1]:1401413 [2]:76 [3]:379
[0]:13703540 [1]:1428321 [2]:76 [3]:57
[0]:13910265 [1]:1451538 [2]:76 [3]:366
[0]:14107790 [1]:1473806 [2]:76 [3]:67
[0]:14297781 [1]:1495329 [2]:76 [3]:61
[0]:14502805 [1]:1518345 [2]:76 [3]:363
[0]:14697676 [1]:1540327 [2]:76 [3]:367
[0]:14894205 [1]:1562478 [2]:75 [3]:355
[0]:15087802 [1]:1584324 [2]:75 [3]:57
[0]:15279612 [1]:1605872 [2]:75 [3]:55
[0]:15482690 [1]:1628914 [2]:75 [3]:85
[0]:15732695 [1]:1657247 [2]:75 [3]:366
[0]:15957717 [1]:1682765 [2]:75 [3]:364
[0]:16162956 [1]:1705925 [2]:75 [3]:364
[0]:16365731 [1]:1728624 [2]:75 [3]:61
[0]:16556570 [1]:1750200 [2]:75 [3]:382
[0]:16762334 [1]:1773494 [2]:75 [3]:54
[0]:16957298 [1]:1795470 [2]:75 [3]:53
[0]:17151878 [1]:1817398 [2]:75 [3]:74
[0]:17349840 [1]:1839633 [2]:75 [3]:68
[0]:17549094 [1]:1862216 [2]:75 [3]:74
[0]:17747510 [1]:1884679 [2]:75 [3]:48
[0]:17947888 [1]:1907287 [2]:74 [3]:54
[0]:18148304 [1]:1929764 [2]:74 [3]:352
[0]:18387569 [1]:1956804 [2]:74 [3]:65
[0]:18582169 [1]:1978790 [2]:74 [3]:71
[0]:18779203 [1]:2001041 [2]:74 [3]:88
[0]:18982689 [1]:2024143 [2]:74 [3]:51
[0]:19172993 [1]:2045596 [2]:74 [3]:66
[0]:19379838 [1]:2068871 [2]:74 [3]:341
[0]:19570892 [1]:2090421 [2]:74 [3]:62
[0]:19765549 [1]:2112336 [2]:74 [3]:75
[0]:19963147 [1]:2134655 [2]:74 [3]:69
[0]:20159160 [1]:2156674 [2]:74 [3]:76
[0]:20353470 [1]:2178622 [2]:74 [3]:352
[0]:20548359 [1]:2200620 [2]:74 [3]:64
[0]:20742633 [1]:2222645 [2]:74 [3]:87
[0]:20937899 [1]:2244717 [2]:73 [3]:369
[0]:21141770 [1]:2267802 [2]:73 [3]:362
[0]:21334077 [1]:2289627 [2]:73 [3]:44
[0]:21568061 [1]:2316247 [2]:73 [3]:63
[0]:21764485 [1]:2338386 [2]:73 [3]:67
[0]:21955265 [1]:2359841 [2]:73 [3]:57
[0]:22176633 [1]:2384829 [2]:73 [3]:74
[0]:22380806 [1]:2407953 [2]:73 [3]:63
[0]:22590345 [1]:2431490 [2]:74 [3]:365
[0]:22774571 [1]:2452327 [2]:74 [3]:67
[0]:23004045 [1]:2478080 [2]:74 [3]:55
[0]:23208526 [1]:2501241 [2]:74 [3]:64
[0]:23410613 [1]:2524096 [2]:74 [3]:362
[0]:23612982 [1]:2546966 [2]:74 [3]:60
[0]:23805281 [1]:2568566 [2]:74 [3]:363
[0]:23998937 [1]:2590445 [2]:73 [3]:56
[0]:24201746 [1]:2613311 [2]:73 [3]:67
[0]:24419377 [1]:2637907 [2]:73 [3]:61
[0]:24629393 [1]:2661487 [2]:73 [3]:372
[0]:24820793 [1]:2683090 [2]:73 [3]:60
[0]:25011201 [1]:2704601 [2]:73 [3]:55
[0]:25202351 [1]:2726092 [2]:73 [3]:55
[0]:25396817 [1]:2748037 [2]:73 [3]:69
[0]:25593397 [1]:2770297 [2]:73 [3]:354
[0]:25793839 [1]:2792880 [2]:73 [3]:60
[0]:25996032 [1]:2815699 [2]:73 [3]:69
[0]:26194149 [1]:2837965 [2]:73 [3]:358
[0]:26396128 [1]:2860771 [2]:73 [3]:58
[0]:26592951 [1]:2882944 [2]:73 [3]:61
[0]:26801191 [1]:2906517 [2]:73 [3]:366
[0]:26995841 [1]:2928426 [2]:73 [3]:59
[0]:27186705 [1]:2950058 [2]:73 [3]:53
[0]:27381570 [1]:2972086 [2]:73 [3]:372
[0]:27576482 [1]:2993899 [2]:73 [3]:70
[0]:27785940 [1]:3017597 [2]:73 [3]:71
[0]:27979023 [1]:3039345 [2]:73 [3]:65
[0]:28167823 [1]:3060888 [2]:73 [3]:60
[0]:28358973 [1]:3082344 [2]:73 [3]:374
[0]:28579803 [1]:3107146 [2]:73 [3]:366
[0]:28778085 [1]:3129487 [2]:73 [3]:53
[0]:29010076 [1]:3155725 [2]:73 [3]:72
[0]:29236662 [1]:3181330 [2]:73 [3]:60
[0]:29428524 [1]:3202884 [2]:73 [3]:367
[0]:29667690 [1]:3229913 [2]:73 [3]:64
[0]:29900495 [1]:3256044 [2]:73 [3]:358
[0]:30117218 [1]:3280382 [2]:73 [3]:364
[0]:30347330 [1]:3306292 [2]:73 [3]:61
[0]:30559665 [1]:3330343 [2]:73 [3]:60
[0]:30755082 [1]:3352378 [2]:73 [3]:366
[0]:30941696 [1]:3373402 [2]:73 [3]:369
[0]:31135448 [1]:3395364 [2]:73 [3]:82
[0]:31337097 [1]:3418090 [2]:73 [3]:49
[0]:31533098 [1]:3440283 [2]:73 [3]:63
[0]:31731560 [1]:3462570 [2]:73 [3]:57
[0]:31937673 [1]:3485814 [2]:73 [3]:362
[0]:32185535 [1]:3513680 [2]:73 [3]:71
[0]:32379477 [1]:3535627 [2]:73 [3]:60
[0]:32581221 [1]:3558362 [2]:73 [3]:363
[0]:32779985 [1]:3580861 [2]:73 [3]:363
[0]:32980227 [1]:3603499 [2]:73 [3]:59
[0]:33172569 [1]:3630618 [2]:74 [3]:61
[0]:33367253 [1]:3663996 [2]:74 [3]:65
[0]:33560259 [1]:3697198 [2]:74 [3]:58
[0]:33757037 [1]:3730947 [2]:74 [3]:362
[0]:33950098 [1]:3764018 [2]:74 [3]:365
[0]:34152196 [1]:3798739 [2]:74 [3]:355
[0]:34385676 [1]:3838798 [2]:74 [3]:69
[0]:34576170 [1]:3871452 [2]:74 [3]:356
[0]:34772564 [1]:3905102 [2]:74 [3]:66
[0]:34966861 [1]:3938369 [2]:74 [3]:362
[0]:35176833 [1]:3974352 [2]:83 [3]:57
[0]:35365451 [1]:4006757 [2]:83 [3]:364
[0]:35568342 [1]:4041646 [2]:83 [3]:359
[0]:35766437 [1]:4075631 [2]:83 [3]:64
[0]:35960452 [1]:4108843 [2]:83 [3]:365
[0]:36150376 [1]:4141506 [2]:83 [3]:56
[0]:36342318 [1]:4174494 [2]:83 [3]:364
[0]:36544815 [1]:4209141 [2]:83 [3]:357
[0]:36738027 [1]:4242317 [2]:83 [3]:368
[0]:36933265 [1]:4275742 [2]:83 [3]:371
[0]:37129170 [1]:4309459 [2]:90 [3]:367
[0]:37321621 [1]:4342482 [2]:90 [3]:363
[0]:37527007 [1]:4377718 [2]:90 [3]:356
[0]:37731090 [1]:4412681 [2]:90 [3]:360
[0]:37924454 [1]:4445758 [2]:90 [3]:365
[0]:38115939 [1]:4478562 [2]:90 [3]:368
[0]:38334819 [1]:4516137 [2]:90 [3]:57
[0]:38520825 [1]:4548052 [2]:90 [3]:359
[0]:38707922 [1]:4580097 [2]:90 [3]:362
