[0]:80347986 [1]:9185600 [2]:97 [3]:63
[0]:80553261 [1]:9220791 [2]:97 [3]:365
[0]:80750247 [1]:9254541 [2]:97 [3]:360
[0]:80941768 [1]:9287387 [2]:97 [3]:58
[0]:81132351 [1]:9320081 [2]:97 [3]:364
[0]:81330340 [1]:9353968 [2]:97 [3]:361
[0]:81528927 [1]:9387985 [2]:98 [3]:364
[0]:81730475 [1]:9422576 [2]:98 [3]:352
[0]:81939691 [1]:9458500 [2]:98 [3]:364
[0]:82145333 [1]:9493641 [2]:98 [3]:359
[0]:82343515 [1]:9527706 [2]:98 [3]:58
[0]:82540395 [1]:9561579 [2]:98 [3]:366
[0]:82735667 [1]:9595218 [2]:98 [3]:357
[0]:82930107 [1]:9628604 [2]:98 [3]:364
[0]:83135636 [1]:9663831 [2]:98 [3]:58
[0]:83337670 [1]:9698466 [2]:98 [3]:58
[0]:83537406 [1]:9732727 [2]:100 [3]:64
[0]:83748646 [1]:9768916 [2]:100 [3]:57
[0]:83945892 [1]:9802718 [2]:100 [3]:365
[0]:84137095 [1]:9835480 [2]:100 [3]:347
[0]:84341414 [1]:9870470 [2]:100 [3]:360
[0]:84548558 [1]:9906062 [2]:100 [3]:67
[0]:84745270 [1]:9939761 [2]:100 [3]:72
[0]:84936061 [1]:9972490 [2]:100 [3]:364
[0]:85135306 [1]:10006850 [2]:100 [3]:360
[0]:85327519 [1]:10039866 [2]:100 [3]:359
[0]:85535086 [1]:10075433 [2]:101 [3]:359
[0]:85737881 [1]:10110244 [2]:101 [3]:365
[0]:85931256 [1]:10143405 [2]:101 [3]:63
[0]:86136233 [1]:10178518 [2]:101 [3]:368
[0]:86380829 [1]:10220458 [2]:101 [3]:59
[0]:86568885 [1]:10252643 [2]:101 [3]:68
[0]:86764568 [1]:10286156 [2]:101 [3]:374
[0]:87027982 [1]:10331306 [2]:101 [3]:360
[0]:87228389 [1]:10365736 [2]:101 [3]:360
[0]:87429269 [1]:10400215 [2]:102 [3]:367
[0]:87626880 [1]:10434037 [2]:102 [3]:363
[0]:87830159 [1]:10468879 [2]:102 [3]:64
[0]:88088540 [1]:10513102 [2]:102 [3]:65
[0]:88300643 [1]:10549391 [2]:102 [3]:357
[0]:88515625 [1]:10586324 [2]:102 [3]:66
[0]:88704561 [1]:10618815 [2]:102 [3]:365
[0]:88902899 [1]:10652786 [2]:102 [3]:54
[0]:89097683 [1]:10686245 [2]:102 [3]:352
[0]:89310337 [1]:10722782 [2]:102 [3]:362
[0]:89508059 [1]:10756653 [2]:103 [3]:358
[0]:89702105 [1]:10789887 [2]:103 [3]:359
[0]:89904741 [1]:10824684 [2]:103 [3]:61
[0]:90094702 [1]:10857332 [2]:103 [3]:368
[0]:90285684 [1]:10890131 [2]:103 [3]:356
[0]:90486679 [1]:10924551 [2]:103 [3]:354
[0]:90677478 [1]:10957314 [2]:103 [3]:53
[0]:90876224 [1]:10991467 [2]:103 [3]:364
[0]:91068063 [1]:11024418 [2]:103 [3]:370
[0]:91260732 [1]:11057442 [2]:103 [3]:71
[0]:91470555 [1]:11093333 [2]:104 [3]:61
[0]:91665682 [1]:11126825 [2]:104 [3]:365
[0]:91859241 [1]:11160114 [2]:104 [3]:357
[0]:92053472 [1]:11193446 [2]:104 [3]:360
[0]:92247619 [1]:11226695 [2]:104 [3]:364
[0]:92441693 [1]:11259945 [2]:104 [3]:67
[0]:92706872 [1]:11305635 [2]:104 [3]:358
[0]:92905524 [1]:11339711 [2]:104 [3]:366
[0]:93114968 [1]:11375683 [2]:104 [3]:354
[0]:93319317 [1]:11410811 [2]:104 [3]:359
[0]:93518424 [1]:11444982 [2]:104 [3]:359
[0]:93716402 [1]:11478976 [2]:104 [3]:363
[0]:93914340 [1]:11512938 [2]:104 [3]:63
[0]:94127171 [1]:11549444 [2]:104 [3]:355
[0]:94324699 [1]:11583284 [2]:104 [3]:357
[0]:94563671 [1]:11624318 [2]:104 [3]:357
[0]:94766797 [1]:11659155 [2]:104 [3]:360
[0]:94961268 [1]:11692642 [2]:104 [3]:363
[0]:95162600 [1]:11727194 [2]:104 [3]:365
[0]:95379771 [1]:11764409 [2]:104 [3]:365
[0]:95581515 [1]:11799088 [2]:104 [3]:59
[0]:95772013 [1]:11831835 [2]:104 [3]:365
[0]:95968860 [1]:11865602 [2]:104 [3]:74
[0]:96159972 [1]:11898286 [2]:104 [3]:359
[0]:96351168 [1]:11931168 [2]:104 [3]:62
[0]:96552278 [1]:11965771 [2]:104 [3]:61
[0]:96758078 [1]:12001113 [2]:104 [3]:64
[0]:97024078 [1]:12046783 [2]:104 [3]:366
[0]:97210585 [1]:12078821 [2]:104 [3]:60
[0]:97427732 [1]:12115991 [2]:104 [3]:363
[0]:97634810 [1]:12151559 [2]:104 [3]:357
[0]:97823877 [1]:12184028 [2]:104 [3]:355
[0]:98021582 [1]:12217974 [2]:104 [3]:365
[0]:98219929 [1]:12251984 [2]:104 [3]:61
[0]:98486831 [1]:12297959 [2]:104 [3]:360
[0]:98675793 [1]:12330413 [2]:104 [3]:355
[0]:98862697 [1]:12362386 [2]:104 [3]:61
[0]:99098182 [1]:12402774 [2]:104 [3]:58
[0]:99296434 [1]:12436821 [2]:104 [3]:66
[0]:99494213 [1]:12470684 [2]:104 [3]:360
[0]:99695995 [1]:12505241 [2]:104 [3]:363
[0]:99890961 [1]:12538583 [2]:104 [3]:361
[0]:100100104 [1]:12574369 [2]:104 [3]:64
[0]:100301929 [1]:12608983 [2]:104 [3]:359
[0]:100503678 [1]:12643732 [2]:104 [3]:61
[0]:100686751 [1]:12675228 [2]:104 [3]:63
[0]:100881241 [1]:12708502 [2]:104 [3]:366
[0]:101075537 [1]:12741776 [2]:104 [3]:364
[0]:101265722 [1]:12774512 [2]:104 [3]:64
[0]:101467521 [1]:12809184 [2]:104 [3]:63
[0]:101653647 [1]:12841103 [2]:104 [3]:365
[0]:101852128 [1]:12875122 [2]:104 [3]:357
[0]:102077049 [1]:12913812 [2]:104 [3]:348
[0]:102275090 [1]:12947777 [2]:104 [3]:365
[0]:102476286 [1]:12982350 [2]:104 [3]:83
[0]:102674960 [1]:13016505 [2]:104 [3]:361
[0]:102874637 [1]:13050813 [2]:104 [3]:352
[0]:103068068 [1]:13084032 [2]:104 [3]:360
[0]:103268606 [1]:13118508 [2]:104 [3]:363
[0]:103469125 [1]:13152926 [2]:104 [3]:360
[0]:103743122 [1]:13199953 [2]:104 [3]:361
[0]:103939951 [1]:13233721 [2]:104 [3]:63
[0]:104132316 [1]:13266830 [2]:104 [3]:362
[0]:104352341 [1]:13304620 [2]:104 [3]:364
[0]:104594106 [1]:13346016 [2]:104 [3]:360
[0]:104784233 [1]:13378673 [2]:104 [3]:358
[0]:104980593 [1]:13412415 [2]:104 [3]:359
[0]:105186216 [1]:13447709 [2]:104 [3]:377
[0]:105391802 [1]:13482852 [2]:104 [3]:353
[0]:105659899 [1]:13528814 [2]:104 [3]:62
[0]:105852258 [1]:13561886 [2]:104 [3]:358
[0]:106053413 [1]:13596395 [2]:104 [3]:56
[0]:106254362 [1]:13630917 [2]:104 [3]:364
[0]:106510832 [1]:13674832 [2]:104 [3]:363
[0]:106703782 [1]:13707936 [2]:104 [3]:356
[0]:106951602 [1]:13750592 [2]:104 [3]:367
[0]:107133243 [1]:13781800 [2]:104 [3]:366
[0]:107339889 [1]:13817126 [2]:104 [3]:350
[0]:107562421 [1]:13855243 [2]:104 [3]:59
[0]:107753889 [1]:13888121 [2]:104 [3]:362
[0]:107950558 [1]:13921994 [2]:104 [3]:364
[0]:108146097 [1]:13955620 [2]:104 [3]:63
[0]:108389176 [1]:13997257 [2]:104 [3]:352
[0]:108583154 [1]:14030607 [2]:104 [3]:66
[0]:108774002 [1]:14063376 [2]:104 [3]:368
[0]:108958166 [1]:14095018 [2]:104 [3]:363
[0]:109158969 [1]:14129338 [2]:104 [3]:369
[0]:109371491 [1]:14165786 [2]:104 [3]:355
[0]:109577670 [1]:14201156 [2]:104 [3]:60
[0]:109764717 [1]:14233237 [2]:104 [3]:365
[0]:109969091 [1]:14268406 [2]:104 [3]:352
[0]:110171386 [1]:14303082 [2]:104 [3]:365
[0]:110358106 [1]:14335148 [2]:104 [3]:355
[0]:110593648 [1]:14375525 [2]:104 [3]:360
[0]:110790067 [1]:14409293 [2]:104 [3]:63
[0]:110997907 [1]:14444834 [2]:104 [3]:361
[0]:111189186 [1]:14477660 [2]:104 [3]:363
[0]:111401046 [1]:14514006 [2]:104 [3]:355
[0]:111602530 [1]:14548642 [2]:104 [3]:58
[0]:111797638 [1]:14582074 [2]:104 [3]:61
[0]:111988387 [1]:14614703 [2]:104 [3]:61
[0]:112212712 [1]:14653077 [2]:104 [3]:361
[0]:112429543 [1]:14690284 [2]:104 [3]:67
[0]:112623514 [1]:14723635 [2]:104 [3]:360
[0]:112819901 [1]:14757288 [2]:104 [3]:355
[0]:113027561 [1]:14792832 [2]:104 [3]:69
[0]:113221870 [1]:14826188 [2]:104 [3]:55
[0]:113411936 [1]:14858796 [2]:104 [3]:62
[0]:113610656 [1]:14892877 [2]:104 [3]:362
[0]:113819903 [1]:14928720 [2]:104 [3]:359
[0]:114014221 [1]:14961996 [2]:104 [3]:362
[0]:114227563 [1]:14998619 [2]:104 [3]:59
[0]:114429201 [1]:15033211 [2]:104 [3]:356
[0]:114623454 [1]:15066592 [2]:104 [3]:363
[0]:114838210 [1]:15103376 [2]:104 [3]:63
[0]:115034243 [1]:15137152 [2]:104 [3]:61
[0]:115232644 [1]:15171335 [2]:104 [3]:362
[0]:115426868 [1]:15204677 [2]:104 [3]:363
[0]:115626436 [1]:15238963 [2]:104 [3]:360
[0]:115822974 [1]:15272604 [2]:104 [3]:361
[0]:116017065 [1]:15306006 [2]:104 [3]:361
[0]:116211149 [1]:15339230 [2]:104 [3]:356
[0]:116428175 [1]:15376566 [2]:104 [3]:56
[0]:116617504 [1]:15409011 [2]:104 [3]:359
[0]:116820896 [1]:15443860 [2]:104 [3]:53
[0]:117035509 [1]:15480643 [2]:104 [3]:356
[0]:117224664 [1]:15513110 [2]:104 [3]:57
[0]:117418522 [1]:15546329 [2]:104 [3]:362
[0]:117624804 [1]:15581621 [2]:104 [3]:59
[0]:117832188 [1]:15617198 [2]:104 [3]:57
[0]:118058013 [1]:15655978 [2]:104 [3]:359
[0]:118324976 [1]:15701798 [2]:104 [3]:353
[0]:118536739 [1]:15738229 [2]:104 [3]:356
[0]:118756900 [1]:15776077 [2]:104 [3]:354
[0]:118957412 [1]:15810572 [2]:104 [3]:358
[0]:119145607 [1]:15842798 [2]:104 [3]:75
[0]:119338643 [1]:15875946 [2]:104 [3]:360
