[0]:0 [1]:0 [2]:0 [3]:0
[0]:0 [1]:0 [2]:0 [3]:0
[0]:0 [1]:0 [2]:0 [3]:0
[0]:3654929272 [1]:1 [2]:2 [3]:3
[0]:3458530526 [1]:1 [2]:2 [3]:3
[0]:4269079590 [1]:1 [2]:2 [3]:3
[0]:4077075615 [1]:1 [2]:2 [3]:3
[0]:3880029298 [1]:1 [2]:2 [3]:3
[0]:3687166915 [1]:1 [2]:2 [3]:3
[0]:3500551896 [1]:1 [2]:2 [3]:3
[0]:3309134627 [1]:1 [2]:2 [3]:2
[0]:4072200693 [1]:1 [2]:2 [3]:2
[0]:3885058143 [1]:1 [2]:2 [3]:2
[0]:3692864207 [1]:1 [2]:2 [3]:3
[0]:3501122533 [1]:1 [2]:2 [3]:2
[0]:3306405871 [1]:1 [2]:2 [3]:3
[0]:4117033837 [1]:1 [2]:2 [3]:3
[0]:3917644227 [1]:1 [2]:2 [3]:3
[0]:3677456876 [1]:1 [2]:2 [3]:2
[0]:3411740835 [1]:1 [2]:2 [3]:2
[0]:4192986367 [1]:1 [2]:2 [3]:3
[0]:3969025816 [1]:1 [2]:2 [3]:3
[0]:3762582647 [1]:1 [2]:2 [3]:2
[0]:3549584463 [1]:1 [2]:2 [3]:3
[0]:3325380577 [1]:1 [2]:2 [3]:2
[0]:4116948190 [1]:1 [2]:2 [3]:3
[0]:3898567157 [1]:1 [2]:2 [3]:4
[0]:3682761261 [1]:1 [2]:2 [3]:3
[0]:3465031793 [1]:1 [2]:2 [3]:3
[0]:4257443667 [1]:1 [2]:2 [3]:2
[0]:4047632890 [1]:1 [2]:2 [3]:3
[0]:3833083243 [1]:1 [2]:2 [3]:2
[0]:3620941906 [1]:1 [2]:2 [3]:3
[0]:3417760910 [1]:1 [2]:2 [3]:3
[0]:4213152828 [1]:1 [2]:2 [3]:3
[0]:4029104226 [1]:1 [2]:2 [3]:3
[0]:3842680803 [1]:1 [2]:2 [3]:2
[0]:3654614715 [1]:1 [2]:2 [3]:2
[0]:3433130613 [1]:1 [2]:2 [3]:3
[0]:4245222692 [1]:1 [2]:2 [3]:3
[0]:4053227548 [1]:1 [2]:2 [3]:3
[0]:3861171577 [1]:1 [2]:2 [3]:3
[0]:3665878135 [1]:1 [2]:2 [3]:3
[0]:3473168352 [1]:1 [2]:2 [3]:2
[0]:4281962683 [1]:1 [2]:2 [3]:2
[0]:4091436947 [1]:1 [2]:2 [3]:3
[0]:3902598547 [1]:1 [2]:2 [3]:3
[0]:3709141873 [1]:1 [2]:2 [3]:2
[0]:3513605168 [1]:1 [2]:2 [3]:3
[0]:4282694830 [1]:1 [2]:2 [3]:2
[0]:4020329662 [1]:1 [2]:2 [3]:2
[0]:3781400530 [1]:1 [2]:2 [3]:3
[0]:3557063652 [1]:1 [2]:2 [3]:2
[0]:3357357460 [1]:1 [2]:2 [3]:3
[0]:4169168245 [1]:1 [2]:2 [3]:2
[0]:3980463673 [1]:1 [2]:2 [3]:2
[0]:3729721863 [1]:1 [2]:2 [3]:3
[0]:3545246202 [1]:1 [2]:2 [3]:3
[0]:3353151712 [1]:1 [2]:2 [3]:3
[0]:4168692465 [1]:1 [2]:2 [3]:3
[0]:3982778072 [1]:1 [2]:2 [3]:3
[0]:3792260391 [1]:1 [2]:2 [3]:3
[0]:3574675806 [1]:1 [2]:2 [3]:3
[0]:3383519865 [1]:1 [2]:2 [3]:3
[0]:4192556886 [1]:1 [2]:2 [3]:2
[0]:4002615608 [1]:1 [2]:2 [3]:2
[0]:3810646011 [1]:1 [2]:2 [3]:3
[0]:3577169470 [1]:1 [2]:2 [3]:3
[0]:3346635997 [1]:1 [2]:2 [3]:3
[0]:4090637663 [1]:1 [2]:2 [3]:3
[0]:3874638331 [1]:1 [2]:2 [3]:3
[0]:3634696358 [1]:1 [2]:2 [3]:3
[0]:3389170151 [1]:1 [2]:2 [3]:3
[0]:4177103883 [1]:1 [2]:2 [3]:3
[0]:3965205962 [1]:1 [2]:2 [3]:3
[0]:3744952776 [1]:1 [2]:2 [3]:3
[0]:3542071200 [1]:1 [2]:2 [3]:2
[0]:3330594160 [1]:1 [2]:2 [3]:3
[0]:4118653077 [1]:1 [2]:2 [3]:3
[0]:3905848281 [1]:1 [2]:2 [3]:3
[0]:3678310817 [1]:1 [2]:2 [3]:2
[0]:3460147605 [1]:1 [2]:2 [3]:3
[0]:4250660040 [1]:1 [2]:2 [3]:3
[0]:4039393831 [1]:1 [2]:2 [3]:3
[0]:3846849921 [1]:1 [2]:2 [3]:2
[0]:3649204530 [1]:1 [2]:2 [3]:3
[0]:3457270080 [1]:1 [2]:2 [3]:3
[0]:4257285596 [1]:1 [2]:2 [3]:3
[0]:4062678562 [1]:1 [2]:2 [3]:3
[0]:3862673243 [1]:1 [2]:2 [3]:4
[0]:3670749916 [1]:1 [2]:2 [3]:3
[0]:3478757860 [1]:1 [2]:2 [3]:4
[0]:4287093975 [1]:1 [2]:2 [3]:2
[0]:4083454441 [1]:1 [2]:2 [3]:3
[0]:3887236237 [1]:1 [2]:2 [3]:3
[0]:3697087053 [1]:1 [2]:2 [3]:3
[0]:3505287783 [1]:1 [2]:2 [3]:3
[0]:3314685071 [1]:1 [2]:2 [3]:3
[0]:4118686057 [1]:1 [2]:2 [3]:3
[0]:3918686942 [1]:1 [2]:2 [3]:4
[0]:3684361892 [1]:1 [2]:2 [3]:3
[0]:3453947903 [1]:1 [2]:2 [3]:4
[0]:4254551045 [1]:1 [2]:2 [3]:3
[0]:4064595931 [1]:1 [2]:2 [3]:3
[0]:3829272368 [1]:1 [2]:2 [3]:3
[0]:3638209347 [1]:1 [2]:2 [3]:3
[0]:3443100883 [1]:1 [2]:2 [3]:3
[0]:4249069697 [1]:1 [2]:2 [3]:3
[0]:4006718363 [1]:1 [2]:2 [3]:3
[0]:3817296898 [1]:1 [2]:2 [3]:3
[0]:3630636737 [1]:1 [2]:2 [3]:2
[0]:3441387785 [1]:1 [2]:2 [3]:2
[0]:4246253572 [1]:1 [2]:2 [3]:3
[0]:4058955716 [1]:1 [2]:2 [3]:3
[0]:3873269555 [1]:1 [2]:2 [3]:3
[0]:3655128916 [1]:1 [2]:2 [3]:3
[0]:3442344590 [1]:1 [2]:2 [3]:2
[0]:4147047546 [1]:1 [2]:2 [3]:2
[0]:3883496772 [1]:1 [2]:2 [3]:2
[0]:3650078693 [1]:1 [2]:2 [3]:2
[0]:3411482782 [1]:1 [2]:2 [3]:3
[0]:4172918122 [1]:1 [2]:2 [3]:3
[0]:3959220221 [1]:1 [2]:2 [3]:3
[0]:3750825810 [1]:1 [2]:2 [3]:3
[0]:3534732943 [1]:1 [2]:2 [3]:3
[0]:3305301307 [1]:1 [2]:2 [3]:3
[0]:4089245917 [1]:1 [2]:2 [3]:2
[0]:3876991130 [1]:1 [2]:2 [3]:3
[0]:3666814925 [1]:1 [2]:2 [3]:2
[0]:3441364226 [1]:1 [2]:2 [3]:3
[0]:4225212886 [1]:1 [2]:2 [3]:3
[0]:4006763576 [1]:1 [2]:2 [3]:3
[0]:3793155163 [1]:1 [2]:2 [3]:3
[0]:3601244108 [1]:1 [2]:2 [3]:3
[0]:3412574017 [1]:1 [2]:2 [3]:2
[0]:4221381576 [1]:1 [2]:2 [3]:3
[0]:4021693468 [1]:1 [2]:2 [3]:3
[0]:3835308127 [1]:1 [2]:2 [3]:3
[0]:3645303348 [1]:1 [2]:2 [3]:3
[0]:3453312035 [1]:1 [2]:2 [3]:3
[0]:4262757932 [1]:1 [2]:2 [3]:3
[0]:4054459720 [1]:1 [2]:2 [3]:2
[0]:3859147502 [1]:1 [2]:2 [3]:3
[0]:3659072240 [1]:1 [2]:2 [3]:3
[0]:3457356918 [1]:1 [2]:2 [3]:17
[0]:4253398055 [1]:1 [2]:2 [3]:8
[0]:4047899418 [1]:1 [2]:2 [3]:7
[0]:3853336926 [1]:1 [2]:2 [3]:8
[0]:3619160381 [1]:1 [2]:2 [3]:7
[0]:3397260532 [1]:1 [2]:2 [3]:6
[0]:4163373498 [1]:1 [2]:2 [3]:8
[0]:3907275188 [1]:1 [2]:2 [3]:7
[0]:3710381880 [1]:1 [2]:2 [3]:17
[0]:3510829146 [1]:1 [2]:2 [3]:16
[0]:3314785923 [1]:1 [2]:2 [3]:21
[0]:4126928855 [1]:1 [2]:2 [3]:8
[0]:3918807798 [1]:1 [2]:2 [3]:19
[0]:3728393577 [1]:1 [2]:2 [3]:10
[0]:3523288136 [1]:1 [2]:2 [3]:6
[0]:3332731545 [1]:1 [2]:2 [3]:9
[0]:4114157860 [1]:1 [2]:2 [3]:19
[0]:3921789940 [1]:1 [2]:2 [3]:17
[0]:3729812683 [1]:1 [2]:2 [3]:6
[0]:3538776481 [1]:1 [2]:2 [3]:6
[0]:3348830082 [1]:1 [2]:2 [3]:17
[0]:4144976867 [1]:1 [2]:2 [3]:10
[0]:3911636315 [1]:1 [2]:2 [3]:6
[0]:3663230698 [1]:1 [2]:2 [3]:6
[0]:3421338958 [1]:1 [2]:2 [3]:17
[0]:4190826567 [1]:1 [2]:2 [3]:9
[0]:3930730035 [1]:1 [2]:2 [3]:8
[0]:3718717526 [1]:1 [2]:2 [3]:7
[0]:3510972403 [1]:1 [2]:2 [3]:18
[0]:3300290796 [1]:1 [2]:2 [3]:6
[0]:4094853162 [1]:1 [2]:2 [3]:21
[0]:3875667350 [1]:1 [2]:2 [3]:6
[0]:3658946060 [1]:1 [2]:2 [3]:6
[0]:3451025601 [1]:1 [2]:2 [3]:8
[0]:4238596593 [1]:1 [2]:2 [3]:20
[0]:4011994825 [1]:1 [2]:2 [3]:7
[0]:3811531997 [1]:1 [2]:2 [3]:6
[0]:3586776197 [1]:1 [2]:2 [3]:7
[0]:3386831362 [1]:1 [2]:2 [3]:19
[0]:4199058222 [1]:1 [2]:2 [3]:19
[0]:3999572462 [1]:1 [2]:2 [3]:6
[0]:3814801122 [1]:1 [2]:2 [3]:17
[0]:3618823767 [1]:1 [2]:2 [3]:23
[0]:3430878131 [1]:1 [2]:2 [3]:18
[0]:4240551967 [1]:1 [2]:2 [3]:7
[0]:4055959805 [1]:1 [2]:2 [3]:7
[0]:3860967116 [1]:1 [2]:2 [3]:6
[0]:3670928446 [1]:1 [2]:2 [3]:6
[0]:3478034083 [1]:1 [2]:2 [3]:7
[0]:4286852197 [1]:1 [2]:2 [3]:7
[0]:4103870032 [1]:1 [2]:2 [3]:6
[0]:3915013062 [1]:1 [2]:2 [3]:8
[0]:3718826445 [1]:1 [2]:2 [3]:15
[0]:3532771801 [1]:1 [2]:2 [3]:19
[0]:3315521693 [1]:1 [2]:2 [3]:8
[0]:4068811865 [1]:1 [2]:2 [3]:7
[0]:3820715106 [1]:1 [2]:2 [3]:16
[0]:3630858491 [1]:1 [2]:2 [3]:17
[0]:3426938045 [1]:1 [2]:2 [3]:16
[0]:4243275152 [1]:1 [2]:2 [3]:8
[0]:4050849823 [1]:1 [2]:2 [3]:9
[0]:3816911736 [1]:1 [2]:2 [3]:9
[0]:3628584041 [1]:1 [2]:2 [3]:6
[0]:3436464408 [1]:1 [2]:2 [3]:16
[0]:4234801881 [1]:1 [2]:2 [3]:6
[0]:4042840685 [1]:1 [2]:2 [3]:19
[0]:3814242925 [1]:1 [2]:2 [3]:6
[0]:3622901410 [1]:1 [2]:2 [3]:15
[0]:3435539020 [1]:1 [2]:2 [3]:7
[0]:4214907475 [1]:1 [2]:2 [3]:5
[0]:3977183110 [1]:1 [2]:2 [3]:3
[0]:3763743440 [1]:1 [2]:2 [3]:6
[0]:3520697461 [1]:1 [2]:2 [3]:6
[0]:4282811010 [1]:1 [2]:2 [3]:9
[0]:4074725975 [1]:1 [2]:2 [3]:7
[0]:3850704161 [1]:1 [2]:2 [3]:7
[0]:3647049387 [1]:1 [2]:2 [3]:7
[0]:3403042252 [1]:1 [2]:2 [3]:6
[0]:4140785427 [1]:1 [2]:2 [3]:8
[0]:3907261077 [1]:1 [2]:2 [3]:21
[0]:3694877845 [1]:1 [2]:2 [3]:6
[0]:3482537202 [1]:1 [2]:2 [3]:20
[0]:4262887388 [1]:1 [2]:2 [3]:6
[0]:4042756623 [1]:1 [2]:2 [3]:10
[0]:3819054713 [1]:1 [2]:2 [3]:4
[0]:3595215762 [1]:1 [2]:2 [3]:5
[0]:3366873532 [1]:1 [2]:2 [3]:9
[0]:4166847321 [1]:1 [2]:2 [3]:9
[0]:3981049032 [1]:1 [2]:2 [3]:13
[0]:3746839958 [1]:1 [2]:2 [3]:7
[0]:3559750426 [1]:1 [2]:2 [3]:19
[0]:3370876867 [1]:1 [2]:2 [3]:7
[0]:4183067962 [1]:1 [2]:2 [3]:6
[0]:3990865018 [1]:1 [2]:2 [3]:8
[0]:3799385228 [1]:1 [2]:2 [3]:19
[0]:3610902552 [1]:1 [2]:2 [3]:7
[0]:3422889281 [1]:1 [2]:2 [3]:5
[0]:4230775026 [1]:1 [2]:2 [3]:18
[0]:4040917960 [1]:1 [2]:2 [3]:17
[0]:3846849297 [1]:1 [2]:2 [3]:7
[0]:3655600101 [1]:1 [2]:2 [3]:16
[0]:3467050862 [1]:1 [2]:2 [3]:6
[0]:4279507928 [1]:1 [2]:2 [3]:8
[0]:4069521491 [1]:1 [2]:2 [3]:9
[0]:3824353240 [1]:1 [2]:2 [3]:8
[0]:3599774033 [1]:1 [2]:2 [3]:17
[0]:3392563237 [1]:1 [2]:2 [3]:15
[0]:4182857730 [1]:1 [2]:2 [3]:7
[0]:3979909736 [1]:1 [2]:2 [3]:11
[0]:3786544555 [1]:1 [2]:2 [3]:17
[0]:3594908020 [1]:1 [2]:2 [3]:8
[0]:3402975476 [1]:1 [2]:2 [3]:18
[0]:4210323413 [1]:1 [2]:2 [3]:4
[0]:4022960752 [1]:1 [2]:2 [3]:6
[0]:3839014151 [1]:1 [2]:2 [3]:18
[0]:3615209423 [1]:1 [2]:2 [3]:7
[0]:3426890223 [1]:1 [2]:2 [3]:6
[0]:4243274861 [1]:1 [2]:2 [3]:4
[0]:4052842110 [1]:1 [2]:2 [3]:2
[0]:3866103088 [1]:1 [2]:2 [3]:18
[0]:3580802796 [1]:1 [2]:2 [3]:22
[0]:3352624142 [1]:1 [2]:2 [3]:5
[0]:4075767995 [1]:1 [2]:2 [3]:18
[0]:3842773775 [1]:1 [2]:2 [3]:19
[0]:3633227633 [1]:1 [2]:2 [3]:7
[0]:3423068176 [1]:1 [2]:2 [3]:6
[0]:4213068268 [1]:1 [2]:2 [3]:5
[0]:3999079763 [1]:1 [2]:2 [3]:6
[0]:3786862962 [1]:1 [2]:2 [3]:16
[0]:3571602862 [1]:1 [2]:2 [3]:17
[0]:3354818727 [1]:1 [2]:2 [3]:8
[0]:4136283695 [1]:1 [2]:2 [3]:8
[0]:3924321335 [1]:1 [2]:2 [3]:3
[0]:3709177296 [1]:1 [2]:2 [3]:18
[0]:3486481733 [1]:1 [2]:2 [3]:19
[0]:4219041783 [1]:1 [2]:2 [3]:18
[0]:3994940712 [1]:1 [2]:2 [3]:5
[0]:3797249493 [1]:1 [2]:2 [3]:18
[0]:3597824997 [1]:1 [2]:2 [3]:19
[0]:3403073093 [1]:1 [2]:2 [3]:16
[0]:4218064290 [1]:1 [2]:2 [3]:19
[0]:4020645726 [1]:1 [2]:2 [3]:16
[0]:3770986125 [1]:1 [2]:2 [3]:18
[0]:3579010413 [1]:1 [2]:2 [3]:3
[0]:3375711162 [1]:1 [2]:2 [3]:2
[0]:4175016440 [1]:1 [2]:2 [3]:3
[0]:3979382640 [1]:1 [2]:2 [3]:2
[0]:3786940546 [1]:1 [2]:2 [3]:3
[0]:3586894821 [1]:1 [2]:2 [3]:3
[0]:3334874900 [1]:1 [2]:2 [3]:3
[0]:4142945916 [1]:1 [2]:2 [3]:2
[0]:3935287893 [1]:1 [2]:2 [3]:3
[0]:3674238891 [1]:1 [2]:2 [3]:3
[0]:3445882370 [1]:1 [2]:2 [3]:3
[0]:4241825680 [1]:1 [2]:2 [3]:3
[0]:4047739988 [1]:1 [2]:2 [3]:2
[0]:3851281041 [1]:1 [2]:2 [3]:2
[0]:3659047456 [1]:1 [2]:2 [3]:3
[0]:3399179791 [1]:1 [2]:2 [3]:3
[0]:4208181385 [1]:1 [2]:2 [3]:3
[0]:4007041631 [1]:1 [2]:2 [3]:3
[0]:3822861958 [1]:1 [2]:2 [3]:3
[0]:3634962273 [1]:1 [2]:2 [3]:2
[0]:3443030430 [1]:1 [2]:2 [3]:3
[0]:4251753821 [1]:1 [2]:2 [3]:3
[0]:4062946796 [1]:1 [2]:2 [3]:2
[0]:3875899305 [1]:1 [2]:2 [3]:2
[0]:3659279881 [1]:1 [2]:2 [3]:3
[0]:3467052830 [1]:1 [2]:2 [3]:3
[0]:4252287170 [1]:1 [2]:2 [3]:2
[0]:4026958813 [1]:1 [2]:2 [3]:3
[0]:3784435686 [1]:1 [2]:2 [3]:3
[0]:3542983938 [1]:1 [2]:2 [3]:3
[0]:4290942911 [1]:1 [2]:2 [3]:3
[0]:4075007412 [1]:1 [2]:2 [3]:3
[0]:3859376483 [1]:1 [2]:2 [3]:3
[0]:3659068842 [1]:1 [2]:2 [3]:3
[0]:3450981007 [1]:1 [2]:2 [3]:3
[0]:4251069920 [1]:1 [2]:2 [3]:3
[0]:4031074575 [1]:1 [2]:2 [3]:3
[0]:3822941218 [1]:1 [2]:2 [3]:2
[0]:3602744317 [1]:1 [2]:2 [3]:3
[0]:3382860457 [1]:1 [2]:2 [3]:3
[0]:4170927398 [1]:1 [2]:2 [3]:3
[0]:3962993672 [1]:1 [2]:2 [3]:3
[0]:3746933791 [1]:1 [2]:2 [3]:3
[0]:3548764893 [1]:1 [2]:2 [3]:3
[0]:3357127751 [1]:1 [2]:2 [3]:3
[0]:4170978552 [1]:1 [2]:2 [3]:3
[0]:3979007565 [1]:1 [2]:2 [3]:3
[0]:3791008497 [1]:1 [2]:2 [3]:3
[0]:3598915725 [1]:1 [2]:2 [3]:3
[0]:3415187643 [1]:1 [2]:2 [3]:3
[0]:4227083772 [1]:1 [2]:2 [3]:3
[0]:4035062090 [1]:1 [2]:2 [3]:3
[0]:3845670382 [1]:1 [2]:2 [3]:3
[0]:3659038941 [1]:1 [2]:2 [3]:3
[0]:3464542862 [1]:1 [2]:2 [3]:3
[0]:4278036696 [1]:1 [2]:2 [3]:3
[0]:4078996293 [1]:1 [2]:2 [3]:3
[0]:3883029512 [1]:1 [2]:2 [3]:3
[0]:3652149042 [1]:1 [2]:2 [3]:3
[0]:3419307690 [1]:1 [2]:2 [3]:3
[0]:4190946741 [1]:1 [2]:2 [3]:2
[0]:3991056740 [1]:1 [2]:2 [3]:2
[0]:3799100427 [1]:1 [2]:2 [3]:4
[0]:3608444896 [1]:1 [2]:2 [3]:2
[0]:3386593790 [1]:1 [2]:2 [3]:3
[0]:4195038126 [1]:1 [2]:2 [3]:3
[0]:3999610150 [1]:1 [2]:2 [3]:3
[0]:3801482031 [1]:1 [2]:2 [3]:3
[0]:3611296938 [1]:1 [2]:2 [3]:3
[0]:3423089085 [1]:1 [2]:2 [3]:2
[0]:4240463942 [1]:1 [2]:2 [3]:3
[0]:4049360340 [1]:1 [2]:2 [3]:3
[0]:3852506651 [1]:1 [2]:2 [3]:3
[0]:3667226726 [1]:1 [2]:2 [3]:3
[0]:3483137482 [1]:1 [2]:2 [3]:3
[0]:4291013835 [1]:1 [2]:2 [3]:2
[0]:4087074355 [1]:1 [2]:2 [3]:3
[0]:3851848421 [1]:1 [2]:2 [3]:3
[0]:3610123962 [1]:1 [2]:2 [3]:3
[0]:3307819543 [1]:1 [2]:2 [3]:3
[0]:4027480001 [1]:1 [2]:2 [3]:3
[0]:3807391097 [1]:1 [2]:2 [3]:3
[0]:3537545111 [1]:1 [2]:2 [3]:3
[0]:3331124848 [1]:1 [2]:2 [3]:3
[0]:4115140595 [1]:1 [2]:2 [3]:3
[0]:3873357980 [1]:1 [2]:2 [3]:2
[0]:3657329683 [1]:1 [2]:2 [3]:3
[0]:3449630667 [1]:1 [2]:2 [3]:3
[0]:4220007236 [1]:1 [2]:2 [3]:3
[0]:4013032231 [1]:1 [2]:2 [3]:2
[0]:3779168997 [1]:1 [2]:2 [3]:3
[0]:3567444195 [1]:1 [2]:2 [3]:3
[0]:3371220178 [1]:1 [2]:2 [3]:3
[0]:4170536826 [1]:1 [2]:2 [3]:2
[0]:3977012393 [1]:1 [2]:2 [3]:3
[0]:3791284505 [1]:1 [2]:2 [3]:3
[0]:3603237710 [1]:1 [2]:2 [3]:3
[0]:3411644342 [1]:1 [2]:2 [3]:2
[0]:4216331965 [1]:1 [2]:2 [3]:3
[0]:4027110362 [1]:1 [2]:2 [3]:3
[0]:3839217353 [1]:1 [2]:2 [3]:3
[0]:3647186353 [1]:1 [2]:2 [3]:3
[0]:3443214491 [1]:1 [2]:2 [3]:2
[0]:4251178933 [1]:1 [2]:2 [3]:3
[0]:4067275832 [1]:1 [2]:2 [3]:3
[0]:3871192875 [1]:1 [2]:2 [3]:3
[0]:3679207235 [1]:1 [2]:2 [3]:3
[0]:3486985938 [1]:1 [2]:2 [3]:3
[0]:4219538408 [1]:1 [2]:2 [3]:3
[0]:3951212146 [1]:1 [2]:2 [3]:3
[0]:3715971230 [1]:1 [2]:2 [3]:3
[0]:3520021018 [1]:1 [2]:2 [3]:3
[0]:3323105160 [1]:1 [2]:2 [3]:3
[0]:4135316543 [1]:1 [2]:2 [3]:3
[0]:3924334230 [1]:1 [2]:2 [3]:3
[0]:3652531647 [1]:1 [2]:2 [3]:2
[0]:3467272945 [1]:1 [2]:2 [3]:2
[0]:4279214782 [1]:1 [2]:2 [3]:4
[0]:4056576465 [1]:1 [2]:2 [3]:2
[0]:3876731761 [1]:1 [2]:2 [3]:3
[0]:3683236700 [1]:1 [2]:2 [3]:3
[0]:3491939501 [1]:1 [2]:2 [3]:3
[0]:3302648341 [1]:1 [2]:2 [3]:3
[0]:4115218125 [1]:1 [2]:2 [3]:2
[0]:3907225618 [1]:1 [2]:2 [3]:3
[0]:3669262606 [1]:1 [2]:2 [3]:3
[0]:3431433487 [1]:1 [2]:2 [3]:3
[0]:4200851930 [1]:1 [2]:2 [3]:2
[0]:3951532918 [1]:1 [2]:2 [3]:2
[0]:3731178926 [1]:1 [2]:2 [3]:3
[0]:3515469177 [1]:1 [2]:2 [3]:3
[0]:4287141322 [1]:1 [2]:2 [3]:3
[0]:4075115851 [1]:1 [2]:2 [3]:3
[0]:3827260737 [1]:1 [2]:2 [3]:3
[0]:3619040788 [1]:1 [2]:2 [3]:3
[0]:3415066926 [1]:1 [2]:2 [3]:2
[0]:4197777793 [1]:1 [2]:2 [3]:3
[0]:3987261750 [1]:1 [2]:2 [3]:3
[0]:3767188200 [1]:1 [2]:2 [3]:3
[0]:3564749923 [1]:1 [2]:2 [3]:3
[0]:3363694353 [1]:1 [2]:2 [3]:3
[0]:4149781848 [1]:1 [2]:2 [3]:3
[0]:3951847513 [1]:1 [2]:2 [3]:2
[0]:3736451166 [1]:1 [2]:2 [3]:3
[0]:3545241658 [1]:1 [2]:2 [3]:7
[0]:3348222645 [1]:1 [2]:2 [3]:17
[0]:4161807366 [1]:1 [2]:2 [3]:19
[0]:3971290631 [1]:1 [2]:2 [3]:19
[0]:3781831420 [1]:1 [2]:2 [3]:18
[0]:3591287703 [1]:1 [2]:2 [3]:6
[0]:3383314613 [1]:1 [2]:2 [3]:7
[0]:4191285288 [1]:1 [2]:2 [3]:6
[0]:4006257921 [1]:1 [2]:2 [3]:7
[0]:3791297541 [1]:1 [2]:2 [3]:18
[0]:3591979416 [1]:1 [2]:2 [3]:5
[0]:3387979588 [1]:1 [2]:2 [3]:8
[0]:4103674308 [1]:1 [2]:2 [3]:5
[0]:3850643716 [1]:1 [2]:2 [3]:21
[0]:3628931405 [1]:1 [2]:2 [3]:19
[0]:3431368407 [1]:1 [2]:2 [3]:7
[0]:4193388366 [1]:1 [2]:2 [3]:7
[0]:4007302857 [1]:1 [2]:2 [3]:7
[0]:3819556453 [1]:1 [2]:2 [3]:8
[0]:3623323637 [1]:1 [2]:2 [3]:6
[0]:3436797157 [1]:1 [2]:2 [3]:8
[0]:4243281706 [1]:1 [2]:2 [3]:10
[0]:4047348377 [1]:1 [2]:2 [3]:15
[0]:3859322512 [1]:1 [2]:2 [3]:6
[0]:3667480798 [1]:1 [2]:2 [3]:16
[0]:3479501505 [1]:1 [2]:2 [3]:9
[0]:4283292652 [1]:1 [2]:2 [3]:8
[0]:4095327261 [1]:1 [2]:2 [3]:6
[0]:3899411985 [1]:1 [2]:2 [3]:6
[0]:3703911103 [1]:1 [2]:2 [3]:17
[0]:3487687661 [1]:1 [2]:2 [3]:6
[0]:4253235443 [1]:1 [2]:2 [3]:3
[0]:4021321137 [1]:1 [2]:2 [3]:8
[0]:3775808336 [1]:1 [2]:2 [3]:8
[0]:3552114295 [1]:1 [2]:2 [3]:17
[0]:3327165693 [1]:1 [2]:2 [3]:18
[0]:4114974575 [1]:1 [2]:2 [3]:7
[0]:3895455737 [1]:1 [2]:2 [3]:6
[0]:3679218085 [1]:1 [2]:2 [3]:8
[0]:3451216272 [1]:1 [2]:2 [3]:3
[0]:4231757248 [1]:1 [2]:2 [3]:18
[0]:4019662032 [1]:1 [2]:2 [3]:4
[0]:3813570692 [1]:1 [2]:2 [3]:18
[0]:3599454097 [1]:1 [2]:2 [3]:8
[0]:3375408790 [1]:1 [2]:2 [3]:8
[0]:4163309110 [1]:1 [2]:2 [3]:19
[0]:3955343180 [1]:1 [2]:2 [3]:7
[0]:3767739030 [1]:1 [2]:2 [3]:6
[0]:3571546916 [1]:1 [2]:2 [3]:9
[0]:3377057827 [1]:1 [2]:2 [3]:3
[0]:4193217786 [1]:1 [2]:2 [3]:7
[0]:4003582541 [1]:1 [2]:2 [3]:18
[0]:3807394353 [1]:1 [2]:2 [3]:18
[0]:3621818615 [1]:1 [2]:2 [3]:21
[0]:3431323088 [1]:1 [2]:2 [3]:19
[0]:4187546141 [1]:1 [2]:2 [3]:16
[0]:3996209487 [1]:1 [2]:2 [3]:7
[0]:3813030025 [1]:1 [2]:2 [3]:19
[0]:3627779018 [1]:1 [2]:2 [3]:16
[0]:3431363247 [1]:1 [2]:2 [3]:6
[0]:4224671446 [1]:1 [2]:2 [3]:6
[0]:4035408718 [1]:1 [2]:2 [3]:18
[0]:3789562255 [1]:1 [2]:2 [3]:13
[0]:3553404812 [1]:1 [2]:2 [3]:6
[0]:3347410142 [1]:1 [2]:2 [3]:7
[0]:4151383807 [1]:1 [2]:2 [3]:16
[0]:3963022465 [1]:1 [2]:2 [3]:5
[0]:3777955056 [1]:1 [2]:2 [3]:15
[0]:3567424248 [1]:1 [2]:2 [3]:6
[0]:3379477088 [1]:1 [2]:2 [3]:6
[0]:4175354461 [1]:1 [2]:2 [3]:8
[0]:3987391810 [1]:1 [2]:2 [3]:7
[0]:3795377670 [1]:1 [2]:2 [3]:7
[0]:3607144685 [1]:1 [2]:2 [3]:17
[0]:3411423295 [1]:1 [2]:2 [3]:19
[0]:4213242815 [1]:1 [2]:2 [3]:19
[0]:4019435622 [1]:1 [2]:2 [3]:19
[0]:3827386687 [1]:1 [2]:2 [3]:8
[0]:3639842860 [1]:1 [2]:2 [3]:8
[0]:3440077512 [1]:1 [2]:2 [3]:20
[0]:4188290793 [1]:1 [2]:2 [3]:10
[0]:3958427227 [1]:1 [2]:2 [3]:3
[0]:3721875965 [1]:1 [2]:2 [3]:7
[0]:3467659607 [1]:1 [2]:2 [3]:17
[0]:4249375356 [1]:1 [2]:2 [3]:9
[0]:4023456757 [1]:1 [2]:2 [3]:19
[0]:3796331271 [1]:1 [2]:2 [3]:20
[0]:3579393090 [1]:1 [2]:2 [3]:7
[0]:3370149218 [1]:1 [2]:2 [3]:2
[0]:4124153142 [1]:1 [2]:2 [3]:21
[0]:3911220456 [1]:1 [2]:2 [3]:9
[0]:3699528992 [1]:1 [2]:2 [3]:7
[0]:3489646717 [1]:1 [2]:2 [3]:9
[0]:4271318640 [1]:1 [2]:2 [3]:16
[0]:4055316092 [1]:1 [2]:2 [3]:17
[0]:3847317052 [1]:1 [2]:2 [3]:8
[0]:3647501566 [1]:1 [2]:2 [3]:7
[0]:3457861852 [1]:1 [2]:2 [3]:3
[0]:4265293301 [1]:1 [2]:2 [3]:19
[0]:4075588798 [1]:1 [2]:2 [3]:7
[0]:3879457012 [1]:1 [2]:2 [3]:19
[0]:3686374980 [1]:1 [2]:2 [3]:18
[0]:3495405875 [1]:1 [2]:2 [3]:8
[0]:3305113081 [1]:1 [2]:2 [3]:7
[0]:4113307007 [1]:1 [2]:2 [3]:21
[0]:3931661776 [1]:1 [2]:2 [3]:7
[0]:3740945090 [1]:1 [2]:2 [3]:17
[0]:3541018863 [1]:1 [2]:2 [3]:2
[0]:3327483912 [1]:1 [2]:2 [3]:8
[0]:4104827135 [1]:1 [2]:2 [3]:8
[0]:3907532183 [1]:1 [2]:2 [3]:16
[0]:3714307577 [1]:1 [2]:2 [3]:7
[0]:3479657376 [1]:1 [2]:2 [3]:6
[0]:4251908586 [1]:1 [2]:2 [3]:16
[0]:4038372005 [1]:1 [2]:2 [3]:7
[0]:3843621758 [1]:1 [2]:2 [3]:5
[0]:3643482853 [1]:1 [2]:2 [3]:7
[0]:3411667016 [1]:1 [2]:2 [3]:18
[0]:4229438096 [1]:1 [2]:2 [3]:16
[0]:4037821206 [1]:1 [2]:2 [3]:22
[0]:3847487505 [1]:1 [2]:2 [3]:10
[0]:3662126396 [1]:1 [2]:2 [3]:16
[0]:3468801413 [1]:1 [2]:2 [3]:6
[0]:4280119430 [1]:1 [2]:2 [3]:7
[0]:4083460397 [1]:1 [2]:2 [3]:23
[0]:3896205691 [1]:1 [2]:2 [3]:17
[0]:3710591647 [1]:1 [2]:2 [3]:7
[0]:3523431997 [1]:1 [2]:2 [3]:18
[0]:3339753166 [1]:1 [2]:2 [3]:8
[0]:4055880446 [1]:1 [2]:2 [3]:6
[0]:3827619472 [1]:1 [2]:2 [3]:7
[0]:3600578193 [1]:1 [2]:2 [3]:6
[0]:3360015141 [1]:1 [2]:2 [3]:19
[0]:4121243546 [1]:1 [2]:2 [3]:16
[0]:3895479113 [1]:1 [2]:2 [3]:21
[0]:3683492298 [1]:1 [2]:2 [3]:8
[0]:3475283481 [1]:1 [2]:2 [3]:5
[0]:4263337396 [1]:1 [2]:2 [3]:3
[0]:4050537455 [1]:1 [2]:2 [3]:18
[0]:3843716755 [1]:1 [2]:2 [3]:16
[0]:3623487427 [1]:1 [2]:2 [3]:9
[0]:3412906365 [1]:1 [2]:2 [3]:18
[0]:4201367188 [1]:1 [2]:2 [3]:17
[0]:3975998487 [1]:1 [2]:2 [3]:20
[0]:3756991947 [1]:1 [2]:2 [3]:8
[0]:3520530792 [1]:1 [2]:2 [3]:3
[0]:3319502261 [1]:1 [2]:2 [3]:2
[0]:4119782340 [1]:1 [2]:2 [3]:3
[0]:3931956835 [1]:1 [2]:2 [3]:3
[0]:3739596601 [1]:1 [2]:2 [3]:2
[0]:3517129132 [1]:1 [2]:2 [3]:3
[0]:3322425995 [1]:1 [2]:2 [3]:3
[0]:4135522522 [1]:1 [2]:2 [3]:3
[0]:3939664723 [1]:1 [2]:2 [3]:3
[0]:3751543096 [1]:1 [2]:2 [3]:2
[0]:3563508565 [1]:1 [2]:2 [3]:3
[0]:3375510396 [1]:1 [2]:2 [3]:3
[0]:4183779743 [1]:1 [2]:2 [3]:3
[0]:3988291903 [1]:1 [2]:2 [3]:3
[0]:3804050737 [1]:1 [2]:2 [3]:3
[0]:3616292656 [1]:1 [2]:2 [3]:3
[0]:3431550472 [1]:1 [2]:2 [3]:3
[0]:4192718556 [1]:1 [2]:2 [3]:3
[0]:3945259538 [1]:1 [2]:2 [3]:2
[0]:3745722155 [1]:1 [2]:2 [3]:3
[0]:3549435487 [1]:1 [2]:2 [3]:3
[0]:3359743416 [1]:1 [2]:2 [3]:2
[0]:4175756725 [1]:1 [2]:2 [3]:2
[0]:3983620252 [1]:1 [2]:2 [3]:3
[0]:3796534177 [1]:1 [2]:2 [3]:2
[0]:3605903581 [1]:1 [2]:2 [3]:2
[0]:3397416142 [1]:1 [2]:2 [3]:3
[0]:4211727356 [1]:1 [2]:2 [3]:3
[0]:4019587946 [1]:1 [2]:2 [3]:3
[0]:3816854942 [1]:1 [2]:2 [3]:2
[0]:3629550137 [1]:1 [2]:2 [3]:3
[0]:3442351175 [1]:1 [2]:2 [3]:3
[0]:4248054225 [1]:1 [2]:2 [3]:2
[0]:4055607568 [1]:1 [2]:2 [3]:3
[0]:3851500702 [1]:1 [2]:2 [3]:3
[0]:3615595125 [1]:1 [2]:2 [3]:3
[0]:3359640536 [1]:1 [2]:2 [3]:3
[0]:4135644552 [1]:1 [2]:2 [3]:3
[0]:3909990858 [1]:1 [2]:2 [3]:3
[0]:3701642732 [1]:1 [2]:2 [3]:3
[0]:3493023272 [1]:1 [2]:2 [3]:3
[0]:4279540651 [1]:1 [2]:2 [3]:2
[0]:4067615420 [1]:1 [2]:2 [3]:3
[0]:3847612653 [1]:1 [2]:2 [3]:3
[0]:3643613788 [1]:1 [2]:2 [3]:3
[0]:3431511636 [1]:1 [2]:2 [3]:3
[0]:4215587726 [1]:1 [2]:2 [3]:3
[0]:3989553755 [1]:1 [2]:2 [3]:2
[0]:3779521637 [1]:1 [2]:2 [3]:2
[0]:3576447073 [1]:1 [2]:2 [3]:3
[0]:3371555035 [1]:1 [2]:2 [3]:2
[0]:4180649405 [1]:1 [2]:2 [3]:2
[0]:3992831288 [1]:1 [2]:2 [3]:3
[0]:3788712012 [1]:1 [2]:2 [3]:2
[0]:3595627693 [1]:1 [2]:2 [3]:3
[0]:3407769423 [1]:1 [2]:2 [3]:3
[0]:4215765696 [1]:1 [2]:2 [3]:2
[0]:4019605721 [1]:1 [2]:2 [3]:3
[0]:3831963011 [1]:1 [2]:2 [3]:3
[0]:3643721168 [1]:1 [2]:2 [3]:3
[0]:3453163752 [1]:1 [2]:2 [3]:3
[0]:4257242462 [1]:1 [2]:2 [3]:3
[0]:4068394512 [1]:1 [2]:2 [3]:3
[0]:3883641952 [1]:1 [2]:2 [3]:4
[0]:3694657852 [1]:1 [2]:2 [3]:3
[0]:3501585243 [1]:1 [2]:2 [3]:3
[0]:3313475532 [1]:1 [2]:2 [3]:2
[0]:4100359535 [1]:1 [2]:2 [3]:3
[0]:3872933716 [1]:1 [2]:2 [3]:2
[0]:3640930155 [1]:1 [2]:2 [3]:3
[0]:3455339683 [1]:1 [2]:2 [3]:3
[0]:4263805970 [1]:1 [2]:2 [3]:3
[0]:4068643451 [1]:1 [2]:2 [3]:3
[0]:3875548078 [1]:1 [2]:2 [3]:3
[0]:3679693745 [1]:1 [2]:2 [3]:3
[0]:3484808801 [1]:1 [2]:2 [3]:3
[0]:4291791257 [1]:1 [2]:2 [3]:3
[0]:4075687665 [1]:1 [2]:2 [3]:3
[0]:3876888752 [1]:1 [2]:2 [3]:3
[0]:3675587442 [1]:1 [2]:2 [3]:3
[0]:3480751766 [1]:1 [2]:2 [3]:3
[0]:4232036658 [1]:1 [2]:2 [3]:3
[0]:4043685073 [1]:1 [2]:2 [3]:3
[0]:3847704930 [1]:1 [2]:2 [3]:3
[0]:3628268587 [1]:1 [2]:2 [3]:3
[0]:3392708242 [1]:1 [2]:2 [3]:3
[0]:4093941918 [1]:1 [2]:2 [3]:2
[0]:3870953207 [1]:1 [2]:2 [3]:3
[0]:3651785360 [1]:1 [2]:2 [3]:2
[0]:3447756096 [1]:1 [2]:2 [3]:3
[0]:4234168990 [1]:1 [2]:2 [3]:2
[0]:4027655333 [1]:1 [2]:2 [3]:3
[0]:3814167026 [1]:1 [2]:2 [3]:3
[0]:3603577413 [1]:1 [2]:2 [3]:2
[0]:3402164585 [1]:1 [2]:2 [3]:3
[0]:4195809825 [1]:1 [2]:2 [3]:3
[0]:3987949987 [1]:1 [2]:2 [3]:2
[0]:3773983876 [1]:1 [2]:2 [3]:2
[0]:3511635227 [1]:1 [2]:2 [3]:3
[0]:3307750696 [1]:1 [2]:2 [3]:2
[0]:4107646162 [1]:1 [2]:2 [3]:3
[0]:3919948723 [1]:1 [2]:2 [3]:3
[0]:3732166923 [1]:1 [2]:2 [3]:2
[0]:3543987801 [1]:1 [2]:2 [3]:2
[0]:3355825473 [1]:1 [2]:2 [3]:3
[0]:4164214673 [1]:1 [2]:2 [3]:3
[0]:3975018471 [1]:1 [2]:2 [3]:3
[0]:3727960711 [1]:1 [2]:2 [3]:2
[0]:3519800512 [1]:1 [2]:2 [3]:2
[0]:3324433566 [1]:1 [2]:2 [3]:2
[0]:4139969151 [1]:1 [2]:2 [3]:2
[0]:3947724595 [1]:1 [2]:2 [3]:3
[0]:3736243970 [1]:1 [2]:2 [3]:3
[0]:3548405981 [1]:1 [2]:2 [3]:3
[0]:3359777791 [1]:1 [2]:2 [3]:3
[0]:4171758027 [1]:1 [2]:2 [3]:2
[0]:3968705506 [1]:1 [2]:2 [3]:3
[0]:3684076822 [1]:1 [2]:2 [3]:3
[0]:3431897441 [1]:1 [2]:2 [3]:3
[0]:4247781343 [1]:1 [2]:2 [3]:2
[0]:4043727340 [1]:1 [2]:2 [3]:4
[0]:3847797911 [1]:1 [2]:2 [3]:3
[0]:3654576871 [1]:1 [2]:2 [3]:3
[0]:3470766521 [1]:1 [2]:2 [3]:3
[0]:4279772887 [1]:1 [2]:2 [3]:3
[0]:4087987321 [1]:1 [2]:2 [3]:3
[0]:3895735893 [1]:1 [2]:2 [3]:3
[0]:3703966732 [1]:1 [2]:2 [3]:2
[0]:3476658127 [1]:1 [2]:2 [3]:3
[0]:4289745721 [1]:1 [2]:2 [3]:4
[0]:4099728160 [1]:1 [2]:2 [3]:3
[0]:3905688250 [1]:1 [2]:2 [3]:3
[0]:3723731715 [1]:1 [2]:2 [3]:3
[0]:3536745957 [1]:1 [2]:2 [3]:3
[0]:3305048201 [1]:1 [2]:2 [3]:2
[0]:4067252990 [1]:1 [2]:2 [3]:3
[0]:3833140872 [1]:1 [2]:2 [3]:3
[0]:3597054003 [1]:1 [2]:2 [3]:2
[0]:3360630990 [1]:1 [2]:2 [3]:3
[0]:4146933428 [1]:1 [2]:2 [3]:3
[0]:3847153023 [1]:1 [2]:2 [3]:3
[0]:3635753140 [1]:1 [2]:2 [3]:2
[0]:3419761906 [1]:1 [2]:2 [3]:3
[0]:4203909168 [1]:1 [2]:2 [3]:3
[0]:3991925746 [1]:1 [2]:2 [3]:3
[0]:3787755260 [1]:1 [2]:2 [3]:3
[0]:3571705197 [1]:1 [2]:2 [3]:3
[0]:3351622912 [1]:1 [2]:2 [3]:14
[0]:4139754582 [1]:1 [2]:2 [3]:19
[0]:3931760868 [1]:1 [2]:2 [3]:15
[0]:3735904333 [1]:1 [2]:2 [3]:6
[0]:3551761958 [1]:1 [2]:2 [3]:17
[0]:3357629433 [1]:1 [2]:2 [3]:5
[0]:4164330120 [1]:1 [2]:2 [3]:18
[0]:3969517115 [1]:1 [2]:2 [3]:9
[0]:3783965681 [1]:1 [2]:2 [3]:7
[0]:3601561491 [1]:1 [2]:2 [3]:3
[0]:3420434451 [1]:1 [2]:2 [3]:17
[0]:4183774473 [1]:1 [2]:2 [3]:17
[0]:3995980620 [1]:1 [2]:2 [3]:20
[0]:3808216702 [1]:1 [2]:2 [3]:6
[0]:3622764795 [1]:1 [2]:2 [3]:6
[0]:3427824392 [1]:1 [2]:2 [3]:6
[0]:4239768390 [1]:1 [2]:2 [3]:10
[0]:4043814196 [1]:1 [2]:2 [3]:5
[0]:3858024208 [1]:1 [2]:2 [3]:8
[0]:3635826007 [1]:1 [2]:2 [3]:7
[0]:3384755283 [1]:1 [2]:2 [3]:4
[0]:4163281045 [1]:1 [2]:2 [3]:3
[0]:3959268100 [1]:1 [2]:2 [3]:19
[0]:3768564857 [1]:1 [2]:2 [3]:22
[0]:3576795165 [1]:1 [2]:2 [3]:9
[0]:3388021873 [1]:1 [2]:2 [3]:8
[0]:4208140758 [1]:1 [2]:2 [3]:6
[0]:4019820425 [1]:1 [2]:2 [3]:7
[0]:3827916983 [1]:1 [2]:2 [3]:10
[0]:3640343645 [1]:1 [2]:2 [3]:7
[0]:3451928421 [1]:1 [2]:2 [3]:16
[0]:4263815061 [1]:1 [2]:2 [3]:19
[0]:4071881051 [1]:1 [2]:2 [3]:8
[0]:3883920880 [1]:1 [2]:2 [3]:6
[0]:3689916280 [1]:1 [2]:2 [3]:17
[0]:3498195152 [1]:1 [2]:2 [3]:7
[0]:4289753830 [1]:1 [2]:2 [3]:3
[0]:4084161682 [1]:1 [2]:2 [3]:18
[0]:3855126943 [1]:1 [2]:2 [3]:20
[0]:3608113957 [1]:1 [2]:2 [3]:17
[0]:3375747913 [1]:1 [2]:2 [3]:8
[0]:4139672231 [1]:1 [2]:2 [3]:8
[0]:3923831241 [1]:1 [2]:2 [3]:19
[0]:3711978262 [1]:1 [2]:2 [3]:4
[0]:3503781476 [1]:1 [2]:2 [3]:8
[0]:4290739212 [1]:1 [2]:2 [3]:18
[0]:4083777327 [1]:1 [2]:2 [3]:18
[0]:3863835922 [1]:1 [2]:2 [3]:17
[0]:3651912650 [1]:1 [2]:2 [3]:18
[0]:3439857656 [1]:1 [2]:2 [3]:6
[0]:4231924068 [1]:1 [2]:2 [3]:6
[0]:4017638955 [1]:1 [2]:2 [3]:10
[0]:3803870677 [1]:1 [2]:2 [3]:6
[0]:3600315863 [1]:1 [2]:2 [3]:19
[0]:3399986661 [1]:1 [2]:2 [3]:10
[0]:4203904593 [1]:1 [2]:2 [3]:18
[0]:4015403820 [1]:1 [2]:2 [3]:3
[0]:3832722680 [1]:1 [2]:2 [3]:17
[0]:3649427982 [1]:1 [2]:2 [3]:8
[0]:3460401931 [1]:1 [2]:2 [3]:21
[0]:4278494163 [1]:1 [2]:2 [3]:18
[0]:4083915352 [1]:1 [2]:2 [3]:9
[0]:3893671456 [1]:1 [2]:2 [3]:18
[0]:3700668516 [1]:1 [2]:2 [3]:16
[0]:3512730060 [1]:1 [2]:2 [3]:20
[0]:3323828233 [1]:1 [2]:2 [3]:4
[0]:4146221293 [1]:1 [2]:2 [3]:17
[0]:3956632903 [1]:1 [2]:2 [3]:15
[0]:3767815451 [1]:1 [2]:2 [3]:22
[0]:3580940495 [1]:1 [2]:2 [3]:18
[0]:3324237551 [1]:1 [2]:2 [3]:8
[0]:4092456543 [1]:1 [2]:2 [3]:9
[0]:3836841917 [1]:1 [2]:2 [3]:10
[0]:3583438280 [1]:1 [2]:2 [3]:7
[0]:3386845503 [1]:1 [2]:2 [3]:19
[0]:4203947720 [1]:1 [2]:2 [3]:8
[0]:4014617635 [1]:1 [2]:2 [3]:6
[0]:3760837710 [1]:1 [2]:2 [3]:6
[0]:3572138910 [1]:1 [2]:2 [3]:6
[0]:3380390041 [1]:1 [2]:2 [3]:19
[0]:4188370752 [1]:1 [2]:2 [3]:5
[0]:3991087140 [1]:1 [2]:2 [3]:3
[0]:3792031521 [1]:1 [2]:2 [3]:8
[0]:3601890467 [1]:1 [2]:2 [3]:9
[0]:3365177318 [1]:1 [2]:2 [3]:3
[0]:4179996138 [1]:1 [2]:2 [3]:7
[0]:3987909200 [1]:1 [2]:2 [3]:12
[0]:3771128626 [1]:1 [2]:2 [3]:7
[0]:3513059907 [1]:1 [2]:2 [3]:6
[0]:4255037813 [1]:1 [2]:2 [3]:6
[0]:4024179133 [1]:1 [2]:2 [3]:7
[0]:3805756917 [1]:1 [2]:2 [3]:6
[0]:3593759287 [1]:1 [2]:2 [3]:2
[0]:3380090896 [1]:1 [2]:2 [3]:7
[0]:4164019188 [1]:1 [2]:2 [3]:17
[0]:3951886476 [1]:1 [2]:2 [3]:7
[0]:3737179946 [1]:1 [2]:2 [3]:5
[0]:3519840366 [1]:1 [2]:2 [3]:8
[0]:3311907947 [1]:1 [2]:2 [3]:6
[0]:4074262132 [1]:1 [2]:2 [3]:6
[0]:3859928303 [1]:1 [2]:2 [3]:18
[0]:3656071067 [1]:1 [2]:2 [3]:6
[0]:3442920752 [1]:1 [2]:2 [3]:17
[0]:4188470995 [1]:1 [2]:2 [3]:4
[0]:3948015771 [1]:1 [2]:2 [3]:17
[0]:3764878021 [1]:1 [2]:2 [3]:17
[0]:3577221925 [1]:1 [2]:2 [3]:16
[0]:3392830067 [1]:1 [2]:2 [3]:15
[0]:4196065592 [1]:1 [2]:2 [3]:8
[0]:3976530215 [1]:1 [2]:2 [3]:7
[0]:3784475432 [1]:1 [2]:2 [3]:6
[0]:3596250812 [1]:1 [2]:2 [3]:17
[0]:3348074665 [1]:1 [2]:2 [3]:18
[0]:4164236701 [1]:1 [2]:2 [3]:23
[0]:3947969157 [1]:1 [2]:2 [3]:8
[0]:3749448955 [1]:1 [2]:2 [3]:7
[0]:3556204178 [1]:1 [2]:2 [3]:7
[0]:3368102578 [1]:1 [2]:2 [3]:8
[0]:4167650420 [1]:1 [2]:2 [3]:6
[0]:3922512586 [1]:1 [2]:2 [3]:19
[0]:3698042318 [1]:1 [2]:2 [3]:21
[0]:3494669720 [1]:1 [2]:2 [3]:9
[0]:3305837278 [1]:1 [2]:2 [3]:5
[0]:4120152202 [1]:1 [2]:2 [3]:19
[0]:3924131755 [1]:1 [2]:2 [3]:8
[0]:3720044227 [1]:1 [2]:2 [3]:9
[0]:3536171000 [1]:1 [2]:2 [3]:7
[0]:3296375500 [1]:1 [2]:2 [3]:7
[0]:4108245066 [1]:1 [2]:2 [3]:7
[0]:3924121876 [1]:1 [2]:2 [3]:8
[0]:3740186827 [1]:1 [2]:2 [3]:8
[0]:3544388423 [1]:1 [2]:2 [3]:18
[0]:3349475456 [1]:1 [2]:2 [3]:22
[0]:4164152466 [1]:1 [2]:2 [3]:16
[0]:3976372011 [1]:1 [2]:2 [3]:19
[0]:3788063476 [1]:1 [2]:2 [3]:6
[0]:3578541547 [1]:1 [2]:2 [3]:2
[0]:3361866372 [1]:1 [2]:2 [3]:17
[0]:4135857263 [1]:1 [2]:2 [3]:8
[0]:3894329196 [1]:1 [2]:2 [3]:3
[0]:3676582188 [1]:1 [2]:2 [3]:6
[0]:3422014847 [1]:1 [2]:2 [3]:20
[0]:4204013112 [1]:1 [2]:2 [3]:4
[0]:3992221052 [1]:1 [2]:2 [3]:6
[0]:3771967483 [1]:1 [2]:2 [3]:9
[0]:3514595548 [1]:1 [2]:2 [3]:4
[0]:3300205991 [1]:1 [2]:2 [3]:3
[0]:4088999358 [1]:1 [2]:2 [3]:3
[0]:3878116851 [1]:1 [2]:2 [3]:2
[0]:3663748456 [1]:1 [2]:2 [3]:3
[0]:3432041226 [1]:1 [2]:2 [3]:3
[0]:4224071443 [1]:1 [2]:2 [3]:2
[0]:4004097508 [1]:1 [2]:2 [3]:3
[0]:3810888035 [1]:1 [2]:2 [3]:3
[0]:3624091508 [1]:1 [2]:2 [3]:3
[0]:3384216943 [1]:1 [2]:2 [3]:3
[0]:4168236611 [1]:1 [2]:2 [3]:3
[0]:3976290098 [1]:1 [2]:2 [3]:3
[0]:3788436996 [1]:1 [2]:2 [3]:3
[0]:3593504253 [1]:1 [2]:2 [3]:3
[0]:3404491155 [1]:1 [2]:2 [3]:3
[0]:4216545485 [1]:1 [2]:2 [3]:3
[0]:4025453698 [1]:1 [2]:2 [3]:3
[0]:3796109580 [1]:1 [2]:2 [3]:3
[0]:3611033840 [1]:1 [2]:2 [3]:3
[0]:3416925622 [1]:1 [2]:2 [3]:3
[0]:4228220995 [1]:1 [2]:2 [3]:3
[0]:4036169250 [1]:1 [2]:2 [3]:3
[0]:3827455030 [1]:1 [2]:2 [3]:3
[0]:3596070755 [1]:1 [2]:2 [3]:3
[0]:3380157318 [1]:1 [2]:2 [3]:2
[0]:4181484042 [1]:1 [2]:2 [3]:3
[0]:3987353131 [1]:1 [2]:2 [3]:3
[0]:3758259015 [1]:1 [2]:2 [3]:3
[0]:3579394703 [1]:1 [2]:2 [3]:2
[0]:3388295375 [1]:1 [2]:2 [3]:3
[0]:4204056432 [1]:1 [2]:2 [3]:3
[0]:4012473318 [1]:1 [2]:2 [3]:3
[0]:3812251617 [1]:1 [2]:2 [3]:3
[0]:3576462078 [1]:1 [2]:2 [3]:2
[0]:3387960306 [1]:1 [2]:2 [3]:3
[0]:4196459950 [1]:1 [2]:2 [3]:3
[0]:4005824542 [1]:1 [2]:2 [3]:2
[0]:3816150217 [1]:1 [2]:2 [3]:2
[0]:3626130522 [1]:1 [2]:2 [3]:3
[0]:3440537141 [1]:1 [2]:2 [3]:2
[0]:4221482487 [1]:1 [2]:2 [3]:3
[0]:3980731018 [1]:1 [2]:2 [3]:2
[0]:3740321832 [1]:1 [2]:2 [3]:3
[0]:3532233141 [1]:1 [2]:2 [3]:3
[0]:4284168512 [1]:1 [2]:2 [3]:3
[0]:4076204655 [1]:1 [2]:2 [3]:2
[0]:3868079492 [1]:1 [2]:2 [3]:3
[0]:3665929736 [1]:1 [2]:2 [3]:2
[0]:3456437265 [1]:1 [2]:2 [3]:2
[0]:4248128711 [1]:1 [2]:2 [3]:2
[0]:4032199481 [1]:1 [2]:2 [3]:3
[0]:3816158263 [1]:1 [2]:2 [3]:3
[0]:3608063770 [1]:1 [2]:2 [3]:2
[0]:3404119777 [1]:1 [2]:2 [3]:3
[0]:4192056953 [1]:1 [2]:2 [3]:3
[0]:3980179945 [1]:1 [2]:2 [3]:3
[0]:3770200885 [1]:1 [2]:2 [3]:3
[0]:3587150798 [1]:1 [2]:2 [3]:3
[0]:3396399730 [1]:1 [2]:2 [3]:3
[0]:4208155201 [1]:1 [2]:2 [3]:3
[0]:4016236823 [1]:1 [2]:2 [3]:2
[0]:3824204682 [1]:1 [2]:2 [3]:3
[0]:3637867703 [1]:1 [2]:2 [3]:2
[0]:3451954988 [1]:1 [2]:2 [3]:3
[0]:4259292153 [1]:1 [2]:2 [3]:3
[0]:4072209147 [1]:1 [2]:2 [3]:2
[0]:3884254662 [1]:1 [2]:2 [3]:2
[0]:3674521116 [1]:1 [2]:2 [3]:3
[0]:3476201282 [1]:1 [2]:2 [3]:3
[0]:4281689793 [1]:1 [2]:2 [3]:3
[0]:4085109557 [1]:1 [2]:2 [3]:3
[0]:3898631803 [1]:1 [2]:2 [3]:3
[0]:3701862036 [1]:1 [2]:2 [3]:3
[0]:3456700077 [1]:1 [2]:2 [3]:3
[0]:4220573053 [1]:1 [2]:2 [3]:3
[0]:4020247385 [1]:1 [2]:2 [3]:3
[0]:3832256365 [1]:1 [2]:2 [3]:3
[0]:3644256893 [1]:1 [2]:2 [3]:2
[0]:3402002445 [1]:1 [2]:2 [3]:2
[0]:4216337135 [1]:1 [2]:2 [3]:3
[0]:4024729026 [1]:1 [2]:2 [3]:3
[0]:3832222872 [1]:1 [2]:2 [3]:3
[0]:3644125300 [1]:1 [2]:2 [3]:2
[0]:3456160892 [1]:1 [2]:2 [3]:3
[0]:4261335981 [1]:1 [2]:2 [3]:3
[0]:4072734901 [1]:1 [2]:2 [3]:3
[0]:3865552743 [1]:1 [2]:2 [3]:3
[0]:3673628021 [1]:1 [2]:2 [3]:3
[0]:3476228088 [1]:1 [2]:2 [3]:3
[0]:4289187708 [1]:1 [2]:2 [3]:3
[0]:4083896388 [1]:1 [2]:2 [3]:2
[0]:3857846577 [1]:1 [2]:2 [3]:3
[0]:3592647080 [1]:1 [2]:2 [3]:3
[0]:3357713228 [1]:1 [2]:2 [3]:2
[0]:4140127488 [1]:1 [2]:2 [3]:2
[0]:3928376610 [1]:1 [2]:2 [3]:3
[0]:3718114986 [1]:1 [2]:2 [3]:2
[0]:3516488308 [1]:1 [2]:2 [3]:2
[0]:3296209415 [1]:1 [2]:2 [3]:2
[0]:4076517011 [1]:1 [2]:2 [3]:3
[0]:3864254491 [1]:1 [2]:2 [3]:3
[0]:3646750011 [1]:1 [2]:2 [3]:2
[0]:3438538552 [1]:1 [2]:2 [3]:3
[0]:4229654898 [1]:1 [2]:2 [3]:3
[0]:4024172596 [1]:1 [2]:2 [3]:4
[0]:3808613805 [1]:1 [2]:2 [3]:3
[0]:3605047120 [1]:1 [2]:2 [3]:2
[0]:3396298432 [1]:1 [2]:2 [3]:3
[0]:4204443096 [1]:1 [2]:2 [3]:3
[0]:4017634035 [1]:1 [2]:2 [3]:2
[0]:3828555076 [1]:1 [2]:2 [3]:3
[0]:3632206171 [1]:1 [2]:2 [3]:2
[0]:3452433882 [1]:1 [2]:2 [3]:3
[0]:4263766981 [1]:1 [2]:2 [3]:2
[0]:4060257433 [1]:1 [2]:2 [3]:2
[0]:3869869270 [1]:1 [2]:2 [3]:3
[0]:3680193668 [1]:1 [2]:2 [3]:3
[0]:3481424358 [1]:1 [2]:2 [3]:3
[0]:4292194130 [1]:1 [2]:2 [3]:3
[0]:4096278573 [1]:1 [2]:2 [3]:3
[0]:3898472001 [1]:1 [2]:2 [3]:3
[0]:3712663936 [1]:1 [2]:2 [3]:2
[0]:3520348075 [1]:1 [2]:2 [3]:3
[0]:3296209427 [1]:1 [2]:2 [3]:3
[0]:4057944443 [1]:1 [2]:2 [3]:3
[0]:3793945080 [1]:1 [2]:2 [3]:3
[0]:3608529757 [1]:1 [2]:2 [3]:2
[0]:3417052997 [1]:1 [2]:2 [3]:3
[0]:4226741400 [1]:1 [2]:2 [3]:3
[0]:4036309438 [1]:1 [2]:2 [3]:3
[0]:3840432230 [1]:1 [2]:2 [3]:3
[0]:3644216917 [1]:1 [2]:2 [3]:3
[0]:3401661356 [1]:1 [2]:2 [3]:2
[0]:4208406846 [1]:1 [2]:2 [3]:2
[0]:4011439413 [1]:1 [2]:2 [3]:3
[0]:3805766231 [1]:1 [2]:2 [3]:3
[0]:3606119397 [1]:1 [2]:2 [3]:3
[0]:3396694328 [1]:1 [2]:2 [3]:2
[0]:4204185300 [1]:1 [2]:2 [3]:3
[0]:4020271333 [1]:1 [2]:2 [3]:3
[0]:3784230880 [1]:1 [2]:2 [3]:3
[0]:3548286008 [1]:1 [2]:2 [3]:3
[0]:3305550790 [1]:1 [2]:2 [3]:3
[0]:4080360617 [1]:1 [2]:2 [3]:2
[0]:3864170587 [1]:1 [2]:2 [3]:2
[0]:3647448563 [1]:1 [2]:2 [3]:3
[0]:3436438195 [1]:1 [2]:2 [3]:3
[0]:4216092568 [1]:1 [2]:2 [3]:2
[0]:4004208031 [1]:1 [2]:2 [3]:3
[0]:3799002953 [1]:1 [2]:2 [3]:3
[0]:3799002953 [1]:1 [2]:2 [3]:3
[0]:3799002953 [1]:1 [2]:2 [3]:3
[0]:3799002953 [1]:1 [2]:2 [3]:3
[0]:3799002953 [1]:1 [2]:2 [3]:3
[0]:3799002953 [1]:1 [2]:2 [3]:3
[0]:3799002953 [1]:1 [2]:2 [3]:3
[0]:3799002953 [1]:1 [2]:2 [3]:3
[0]:3799002953 [1]:1 [2]:2 [3]:3
[0]:3799002953 [1]:1 [2]:2 [3]:3
[0]:3799002953 [1]:1 [2]:2 [3]:3
[0]:3799002953 [1]:1 [2]:2 [3]:3
[0]:3799002953 [1]:1 [2]:2 [3]:3
[0]:3799002953 [1]:1 [2]:2 [3]:3
[0]:3799002953 [1]:1 [2]:2 [3]:3
[0]:3799002953 [1]:1 [2]:2 [3]:3
[0]:3799002953 [1]:1 [2]:2 [3]:3
[0]:3799002953 [1]:1 [2]:2 [3]:3
[0]:3799002953 [1]:1 [2]:2 [3]:3
[0]:3799002953 [1]:1 [2]:2 [3]:3
