[0]:142929126 [1]:24743615 [2]:167 [3]:365
[0]:143134736 [1]:24774177 [2]:167 [3]:373
[0]:143376804 [1]:24810016 [2]:165 [3]:359
[0]:143585545 [1]:24840870 [2]:165 [3]:365
[0]:143785072 [1]:24870433 [2]:165 [3]:365
[0]:143993908 [1]:24901390 [2]:165 [3]:363
[0]:144203623 [1]:24932439 [2]:165 [3]:364
[0]:144407823 [1]:24962711 [2]:165 [3]:357
[0]:144617430 [1]:24993753 [2]:165 [3]:366
[0]:144829368 [1]:25025285 [2]:165 [3]:369
[0]:145049807 [1]:25057934 [2]:165 [3]:366
[0]:145255096 [1]:25088359 [2]:165 [3]:368
[0]:145456280 [1]:25118130 [2]:165 [3]:369
[0]:145676471 [1]:25150785 [2]:165 [3]:368
[0]:145885665 [1]:25181817 [2]:165 [3]:359
[0]:146090581 [1]:25212327 [2]:165 [3]:363
[0]:146346807 [1]:25250299 [2]:165 [3]:366
[0]:146547174 [1]:25280086 [2]:165 [3]:356
[0]:146748471 [1]:25310124 [2]:165 [3]:357
[0]:146957452 [1]:25341173 [2]:152 [3]:362
[0]:147166244 [1]:25372110 [2]:152 [3]:367
[0]:147370935 [1]:25402491 [2]:152 [3]:361
[0]:147571701 [1]:25432320 [2]:152 [3]:360
[0]:147774624 [1]:25462404 [2]:152 [3]:357
[0]:147981651 [1]:25493178 [2]:152 [3]:365
[0]:148190873 [1]:25524202 [2]:152 [3]:370
[0]:148392752 [1]:25554053 [2]:152 [3]:366
[0]:148596890 [1]:25584353 [2]:152 [3]:363
[0]:148801535 [1]:25614627 [2]:152 [3]:360
[0]:149018526 [1]:25646724 [2]:152 [3]:367
[0]:149218644 [1]:25676451 [2]:152 [3]:75
[0]:149420355 [1]:25706308 [2]:152 [3]:358
[0]:149633443 [1]:25737995 [2]:152 [3]:351
[0]:149834188 [1]:25767891 [2]:152 [3]:368
[0]:150039106 [1]:25798298 [2]:152 [3]:83
[0]:150240109 [1]:25828083 [2]:152 [3]:367
[0]:150456662 [1]:25860212 [2]:152 [3]:85
[0]:150689172 [1]:25894691 [2]:151 [3]:359
[0]:150890405 [1]:25924442 [2]:151 [3]:73
[0]:151158474 [1]:25964233 [2]:151 [3]:359
[0]:151367291 [1]:25995245 [2]:151 [3]:371
[0]:151574598 [1]:26026009 [2]:151 [3]:74
[0]:151776998 [1]:26056173 [2]:151 [3]:363
[0]:151993538 [1]:26088222 [2]:151 [3]:360
[0]:152194822 [1]:26118058 [2]:151 [3]:358
[0]:152481570 [1]:26160477 [2]:151 [3]:360
[0]:152691155 [1]:26191580 [2]:151 [3]:363
[0]:152902184 [1]:26222846 [2]:151 [3]:361
[0]:153101391 [1]:26252351 [2]:151 [3]:79
[0]:153322251 [1]:26284992 [2]:151 [3]:79
[0]:153521045 [1]:26314485 [2]:151 [3]:361
[0]:153728218 [1]:26345177 [2]:151 [3]:82
[0]:153956694 [1]:26379007 [2]:151 [3]:357
[0]:154164795 [1]:26409847 [2]:151 [3]:357
[0]:154372597 [1]:26440560 [2]:151 [3]:355
[0]:154577911 [1]:26471167 [2]:151 [3]:365
[0]:154791821 [1]:26502850 [2]:151 [3]:365
[0]:155024736 [1]:26537449 [2]:151 [3]:78
[0]:155228943 [1]:26567622 [2]:151 [3]:363
[0]:155438358 [1]:26598879 [2]:151 [3]:365
[0]:155635357 [1]:26628138 [2]:151 [3]:371
[0]:155840384 [1]:26658552 [2]:151 [3]:361
[0]:156053122 [1]:26690138 [2]:151 [3]:361
[0]:156262095 [1]:26721063 [2]:151 [3]:369
[0]:156463426 [1]:26751166 [2]:151 [3]:369
[0]:156671707 [1]:26782309 [2]:151 [3]:73
[0]:156874816 [1]:26812402 [2]:151 [3]:78
[0]:157094052 [1]:26844851 [2]:151 [3]:361
[0]:157312367 [1]:26877301 [2]:151 [3]:359
[0]:157546544 [1]:26912173 [2]:151 [3]:369
[0]:157749751 [1]:26942412 [2]:151 [3]:85
[0]:157973172 [1]:26975580 [2]:151 [3]:365
[0]:158180760 [1]:27006365 [2]:151 [3]:359
[0]:158393557 [1]:27038089 [2]:151 [3]:366
[0]:158657352 [1]:27077186 [2]:151 [3]:356
[0]:158858515 [1]:27107048 [2]:151 [3]:370
[0]:159071432 [1]:27138664 [2]:151 [3]:355
[0]:159280112 [1]:27169659 [2]:151 [3]:91
[0]:159493218 [1]:27201292 [2]:151 [3]:363
[0]:159709800 [1]:27233470 [2]:151 [3]:368
[0]:159910738 [1]:27263204 [2]:151 [3]:359
[0]:160115633 [1]:27293476 [2]:151 [3]:371
[0]:160325525 [1]:27324533 [2]:151 [3]:361
[0]:160549195 [1]:27357820 [2]:151 [3]:368
[0]:160753120 [1]:27388182 [2]:151 [3]:371
[0]:160955006 [1]:27418192 [2]:151 [3]:363
[0]:161159942 [1]:27448627 [2]:151 [3]:366
[0]:161364854 [1]:27479057 [2]:151 [3]:358
[0]:161597476 [1]:27513477 [2]:151 [3]:362
[0]:161802299 [1]:27543860 [2]:151 [3]:358
[0]:162030908 [1]:27577857 [2]:151 [3]:365
[0]:162243727 [1]:27609347 [2]:151 [3]:83
[0]:162464503 [1]:27642088 [2]:151 [3]:372
[0]:162681189 [1]:27674259 [2]:151 [3]:361
[0]:162911092 [1]:27708385 [2]:151 [3]:355
[0]:163130475 [1]:27740879 [2]:151 [3]:355
[0]:163340266 [1]:27772004 [2]:151 [3]:73
[0]:163556254 [1]:27804048 [2]:151 [3]:68
[0]:163763554 [1]:27834838 [2]:151 [3]:361
[0]:163983709 [1]:27867550 [2]:151 [3]:363
[0]:164194296 [1]:27898863 [2]:151 [3]:365
[0]:164396622 [1]:27928865 [2]:151 [3]:367
[0]:164594811 [1]:27958254 [2]:151 [3]:359
[0]:164808687 [1]:27989964 [2]:151 [3]:360
[0]:165022078 [1]:28021628 [2]:151 [3]:370
[0]:165226976 [1]:28051889 [2]:151 [3]:371
[0]:165439952 [1]:28083496 [2]:151 [3]:362
[0]:165647561 [1]:28114254 [2]:151 [3]:368
[0]:165852640 [1]:28144631 [2]:151 [3]:371
[0]:166054671 [1]:28174549 [2]:151 [3]:83
[0]:166263580 [1]:28205547 [2]:151 [3]:81
[0]:166471871 [1]:28236467 [2]:151 [3]:363
[0]:166673230 [1]:28266391 [2]:151 [3]:362
[0]:166878003 [1]:28296769 [2]:151 [3]:82
[0]:167083227 [1]:28327124 [2]:151 [3]:374
[0]:167296108 [1]:28358728 [2]:151 [3]:80
[0]:167504344 [1]:28389666 [2]:151 [3]:81
[0]:167709807 [1]:28420109 [2]:151 [3]:356
[0]:167906658 [1]:28449315 [2]:151 [3]:361
[0]:168121864 [1]:28481209 [2]:151 [3]:363
[0]:168323370 [1]:28511045 [2]:151 [3]:77
[0]:168525461 [1]:28540996 [2]:151 [3]:368
[0]:168738441 [1]:28572644 [2]:151 [3]:367
[0]:168939321 [1]:28602433 [2]:151 [3]:363
[0]:169163984 [1]:28635668 [2]:151 [3]:364
[0]:169376890 [1]:28667368 [2]:151 [3]:371
[0]:169597598 [1]:28700127 [2]:151 [3]:369
[0]:169800497 [1]:28730193 [2]:151 [3]:372
[0]:170011281 [1]:28761379 [2]:151 [3]:363
[0]:170243820 [1]:28795916 [2]:151 [3]:365
[0]:170472604 [1]:28829812 [2]:151 [3]:357
[0]:170678816 [1]:28860369 [2]:151 [3]:367
[0]:170882420 [1]:28890516 [2]:151 [3]:359
[0]:171086332 [1]:28920725 [2]:151 [3]:360
[0]:171343440 [1]:28958855 [2]:151 [3]:357
[0]:171548175 [1]:28989231 [2]:151 [3]:86
[0]:171757041 [1]:29020321 [2]:151 [3]:360
[0]:171997602 [1]:29055939 [2]:151 [3]:366
[0]:172206551 [1]:29087030 [2]:151 [3]:366
