[0]:0 [1]:0 [2]:0 [3]:0
[0]:34592 [1]:0 [2]:0 [3]:160
[0]:255417 [1]:0 [2]:0 [3]:304
[0]:525491 [1]:0 [2]:0 [3]:85
[0]:783035 [1]:0 [2]:0 [3]:79
[0]:1006001 [1]:0 [2]:0 [3]:59
[0]:1207018 [1]:16408 [2]:120 [3]:54
[0]:1400526 [1]:36555 [2]:120 [3]:65
[0]:1601978 [1]:57405 [2]:120 [3]:363
[0]:1801075 [1]:78093 [2]:120 [3]:67
[0]:2014838 [1]:100437 [2]:120 [3]:352
[0]:2207087 [1]:120296 [2]:120 [3]:351
[0]:2420367 [1]:142634 [2]:120 [3]:351
[0]:2631309 [1]:164563 [2]:97 [3]:355
[0]:2827868 [1]:185013 [2]:97 [3]:361
[0]:3031116 [1]:206157 [2]:97 [3]:367
[0]:3233646 [1]:227190 [2]:97 [3]:359
[0]:3442319 [1]:248891 [2]:97 [3]:375
[0]:3659789 [1]:271640 [2]:97 [3]:65
[0]:3854314 [1]:291922 [2]:97 [3]:358
[0]:4055927 [1]:312969 [2]:97 [3]:79
[0]:4254207 [1]:333705 [2]:85 [3]:56
[0]:4448762 [1]:354103 [2]:85 [3]:371
[0]:4646854 [1]:374790 [2]:85 [3]:372
[0]:4841114 [1]:395040 [2]:85 [3]:366
[0]:5039433 [1]:415680 [2]:85 [3]:363
[0]:5243828 [1]:436889 [2]:85 [3]:352
[0]:5439589 [1]:457349 [2]:85 [3]:70
[0]:5651860 [1]:479501 [2]:85 [3]:74
[0]:5858478 [1]:500942 [2]:79 [3]:67
[0]:6064268 [1]:522280 [2]:79 [3]:68
[0]:6262690 [1]:542838 [2]:79 [3]:365
[0]:6490528 [1]:566685 [2]:79 [3]:50
[0]:6696252 [1]:588094 [2]:79 [3]:364
[0]:6917090 [1]:611046 [2]:79 [3]:73
[0]:7111129 [1]:631253 [2]:79 [3]:71
[0]:7313038 [1]:652389 [2]:76 [3]:81
[0]:7511482 [1]:673129 [2]:76 [3]:371
[0]:7709398 [1]:693710 [2]:76 [3]:362
[0]:7922827 [1]:715901 [2]:76 [3]:60
[0]:8117505 [1]:736081 [2]:76 [3]:361
[0]:8312037 [1]:756425 [2]:76 [3]:373
[0]:8514013 [1]:777372 [2]:76 [3]:371
[0]:8731636 [1]:799854 [2]:76 [3]:361
[0]:8921745 [1]:819722 [2]:75 [3]:364
[0]:9129134 [1]:841163 [2]:75 [3]:64
[0]:9329531 [1]:862120 [2]:75 [3]:75
[0]:9535265 [1]:883563 [2]:75 [3]:71
[0]:9733297 [1]:904371 [2]:75 [3]:354
[0]:9931463 [1]:924952 [2]:75 [3]:361
[0]:10132488 [1]:946143 [2]:75 [3]:67
[0]:10344793 [1]:968390 [2]:74 [3]:370
[0]:10541276 [1]:988875 [2]:74 [3]:65
[0]:10733787 [1]:1009068 [2]:74 [3]:54
[0]:10936749 [1]:1030226 [2]:74 [3]:362
[0]:11138745 [1]:1051245 [2]:74 [3]:66
[0]:11348058 [1]:1073131 [2]:74 [3]:78
[0]:11546025 [1]:1094023 [2]:74 [3]:62
[0]:11732887 [1]:1113534 [2]:74 [3]:361
[0]:11928436 [1]:1133871 [2]:74 [3]:61
[0]:12129261 [1]:1154900 [2]:74 [3]:68
[0]:12320565 [1]:1174688 [2]:74 [3]:71
[0]:12522243 [1]:1195605 [2]:74 [3]:362
[0]:12716744 [1]:1215881 [2]:74 [3]:365
[0]:12913577 [1]:1236421 [2]:74 [3]:66
[0]:13161705 [1]:1262275 [2]:74 [3]:65
[0]:13356991 [1]:1282550 [2]:74 [3]:59
[0]:13552729 [1]:1302875 [2]:74 [3]:355
[0]:13758598 [1]:1324285 [2]:74 [3]:63
[0]:13958562 [1]:1345114 [2]:74 [3]:371
[0]:14157780 [1]:1365890 [2]:74 [3]:63
[0]:14399701 [1]:1391063 [2]:74 [3]:364
[0]:14617258 [1]:1413680 [2]:74 [3]:370
[0]:14814843 [1]:1434240 [2]:74 [3]:361
[0]:15009277 [1]:1454533 [2]:74 [3]:52
[0]:15211479 [1]:1475540 [2]:74 [3]:64
[0]:15417153 [1]:1496936 [2]:74 [3]:378
[0]:15611630 [1]:1517223 [2]:74 [3]:63
[0]:15806246 [1]:1537376 [2]:74 [3]:70
[0]:16008123 [1]:1558346 [2]:74 [3]:63
[0]:16210093 [1]:1579486 [2]:74 [3]:69
[0]:16483583 [1]:1608035 [2]:74 [3]:361
[0]:16695399 [1]:1630014 [2]:74 [3]:79
[0]:16901964 [1]:1651518 [2]:74 [3]:47
[0]:17100260 [1]:1672170 [2]:74 [3]:365
[0]:17315642 [1]:1694575 [2]:74 [3]:62
[0]:17513310 [1]:1715245 [2]:74 [3]:64
[0]:17709803 [1]:1735656 [2]:74 [3]:63
[0]:17911687 [1]:1756765 [2]:74 [3]:70
[0]:18105169 [1]:1776887 [2]:74 [3]:360
[0]:18308283 [1]:1798034 [2]:74 [3]:357
[0]:18509072 [1]:1819152 [2]:74 [3]:374
[0]:18708046 [1]:1839954 [2]:74 [3]:66
[0]:18909972 [1]:1860962 [2]:74 [3]:365
[0]:19115728 [1]:1882407 [2]:74 [3]:59
[0]:19366459 [1]:1908408 [2]:74 [3]:359
[0]:19574602 [1]:1930083 [2]:74 [3]:72
[0]:19764086 [1]:1949791 [2]:74 [3]:362
[0]:19991092 [1]:1973453 [2]:74 [3]:81
[0]:20185370 [1]:1993773 [2]:74 [3]:59
[0]:20379957 [1]:2014049 [2]:74 [3]:70
[0]:20589113 [1]:2035831 [2]:74 [3]:69
[0]:20791186 [1]:2056892 [2]:74 [3]:359
[0]:21008361 [1]:2079394 [2]:74 [3]:54
[0]:21231912 [1]:2102764 [2]:74 [3]:379
[0]:21425179 [1]:2122911 [2]:74 [3]:357
[0]:21621252 [1]:2143493 [2]:74 [3]:57
[0]:21815743 [1]:2163752 [2]:74 [3]:60
[0]:22009978 [1]:2183883 [2]:74 [3]:62
[0]:22204539 [1]:2204195 [2]:74 [3]:357
[0]:22401365 [1]:2224803 [2]:74 [3]:64
[0]:22604849 [1]:2245945 [2]:74 [3]:365
[0]:22797273 [1]:2265954 [2]:74 [3]:369
[0]:22989280 [1]:2286096 [2]:74 [3]:364
[0]:23199450 [1]:2308001 [2]:74 [3]:70
[0]:23416165 [1]:2330710 [2]:74 [3]:72
[0]:23620916 [1]:2352219 [2]:74 [3]:48
[0]:23815810 [1]:2372551 [2]:74 [3]:353
[0]:24013169 [1]:2393120 [2]:74 [3]:72
[0]:24213147 [1]:2413945 [2]:74 [3]:369
[0]:24474148 [1]:2441083 [2]:74 [3]:356
[0]:24728971 [1]:2467738 [2]:74 [3]:60
[0]:24926637 [1]:2488290 [2]:74 [3]:366
[0]:25121189 [1]:2508529 [2]:74 [3]:365
[0]:25322340 [1]:2529469 [2]:74 [3]:379
[0]:25529705 [1]:2551159 [2]:74 [3]:60
[0]:25725640 [1]:2571787 [2]:74 [3]:65
[0]:25920906 [1]:2592424 [2]:74 [3]:69
[0]:26111553 [1]:2612416 [2]:74 [3]:379
[0]:26309599 [1]:2633094 [2]:74 [3]:359
[0]:26505247 [1]:2653482 [2]:74 [3]:374
[0]:26698612 [1]:2673556 [2]:74 [3]:71
[0]:26904354 [1]:2694952 [2]:74 [3]:353
[0]:27104870 [1]:2715847 [2]:74 [3]:78
[0]:27308152 [1]:2737002 [2]:74 [3]:66
[0]:27506522 [1]:2757651 [2]:74 [3]:364
[0]:27704917 [1]:2778215 [2]:74 [3]:66
[0]:27904958 [1]:2798939 [2]:74 [3]:61
[0]:28105047 [1]:2819922 [2]:74 [3]:56
[0]:28310420 [1]:2841367 [2]:74 [3]:67
[0]:28513215 [1]:2862397 [2]:74 [3]:370
[0]:28718960 [1]:2883773 [2]:74 [3]:362
[0]:28910289 [1]:2903685 [2]:74 [3]:56
[0]:29108518 [1]:2924478 [2]:74 [3]:356
[0]:29301809 [1]:2944562 [2]:74 [3]:364
[0]:29492665 [1]:2964325 [2]:74 [3]:354
[0]:29690975 [1]:2984996 [2]:74 [3]:360
[0]:29892829 [1]:3006043 [2]:74 [3]:369
[0]:30087367 [1]:3026229 [2]:74 [3]:61
[0]:30300405 [1]:3048369 [2]:74 [3]:76
[0]:30532028 [1]:3072852 [2]:74 [3]:375
[0]:30726783 [1]:3093025 [2]:74 [3]:65
[0]:30916980 [1]:3112793 [2]:74 [3]:61
[0]:31119599 [1]:3133777 [2]:74 [3]:62
[0]:31323385 [1]:3154984 [2]:74 [3]:62
[0]:31512456 [1]:3174676 [2]:74 [3]:77
[0]:31710536 [1]:3195285 [2]:74 [3]:55
[0]:31923932 [1]:3217410 [2]:74 [3]:59
[0]:32115456 [1]:3237345 [2]:74 [3]:359
[0]:32309058 [1]:3257540 [2]:74 [3]:352
[0]:32507565 [1]:3278096 [2]:74 [3]:68
[0]:32728141 [1]:3301007 [2]:74 [3]:367
[0]:32945071 [1]:3323607 [2]:74 [3]:63
[0]:33139635 [1]:3343769 [2]:74 [3]:377
[0]:33336090 [1]:3364216 [2]:74 [3]:363
[0]:33550746 [1]:3386785 [2]:74 [3]:80
[0]:33744609 [1]:3407017 [2]:74 [3]:81
[0]:34017870 [1]:3435587 [2]:74 [3]:61
[0]:34217765 [1]:3456386 [2]:74 [3]:367
[0]:34412257 [1]:3476537 [2]:74 [3]:69
[0]:34612965 [1]:3497508 [2]:74 [3]:63
[0]:34807415 [1]:3517714 [2]:74 [3]:61
[0]:35005246 [1]:3538201 [2]:74 [3]:56
[0]:35263436 [1]:3565340 [2]:74 [3]:66
[0]:35445388 [1]:3584351 [2]:74 [3]:53
[0]:35637295 [1]:3604388 [2]:74 [3]:59
[0]:35842918 [1]:3625931 [2]:74 [3]:365
[0]:36082195 [1]:3650921 [2]:74 [3]:362
[0]:36279071 [1]:3671410 [2]:74 [3]:350
[0]:36471055 [1]:3691444 [2]:74 [3]:359
[0]:36680463 [1]:3713246 [2]:74 [3]:373
[0]:36926330 [1]:3738860 [2]:74 [3]:356
[0]:37167116 [1]:3764069 [2]:74 [3]:57
[0]:37372149 [1]:3785562 [2]:74 [3]:73
[0]:37566312 [1]:3805874 [2]:74 [3]:72
[0]:37808973 [1]:3831148 [2]:74 [3]:76
[0]:38005168 [1]:3851604 [2]:74 [3]:85
[0]:38228431 [1]:3874775 [2]:74 [3]:71
[0]:38422422 [1]:3895110 [2]:74 [3]:361
[0]:38624666 [1]:3916108 [2]:74 [3]:366
[0]:38842502 [1]:3938764 [2]:74 [3]:361
[0]:39041924 [1]:3959537 [2]:74 [3]:78
[0]:39233079 [1]:3979461 [2]:74 [3]:74
[0]:39438409 [1]:4001028 [2]:74 [3]:354
[0]:39648966 [1]:4022871 [2]:74 [3]:68
[0]:39840035 [1]:4042785 [2]:74 [3]:76
[0]:40034577 [1]:4062977 [2]:74 [3]:81
[0]:40225431 [1]:4083120 [2]:74 [3]:63
[0]:40419654 [1]:4103362 [2]:74 [3]:73
[0]:40618009 [1]:4124003 [2]:74 [3]:63
[0]:40812521 [1]:4144208 [2]:74 [3]:62
[0]:41010659 [1]:4164863 [2]:74 [3]:78
[0]:41201514 [1]:4184705 [2]:74 [3]:61
[0]:41434001 [1]:4212697 [2]:74 [3]:62
[0]:41630638 [1]:4243948 [2]:74 [3]:348
[0]:41825334 [1]:4274902 [2]:74 [3]:362
[0]:42026173 [1]:4306907 [2]:74 [3]:363
[0]:42221139 [1]:4337890 [2]:74 [3]:71
[0]:42447654 [1]:4373829 [2]:74 [3]:359
[0]:42645449 [1]:4405371 [2]:74 [3]:68
[0]:42843241 [1]:4436858 [2]:74 [3]:364
[0]:43037275 [1]:4467686 [2]:74 [3]:358
[0]:43236320 [1]:4499244 [2]:88 [3]:58
[0]:43476537 [1]:4537355 [2]:88 [3]:65
[0]:43660588 [1]:4566512 [2]:88 [3]:360
[0]:43854822 [1]:4597336 [2]:88 [3]:349
[0]:44052386 [1]:4628728 [2]:88 [3]:369
[0]:44276635 [1]:4664279 [2]:88 [3]:372
[0]:44466703 [1]:4694447 [2]:88 [3]:355
[0]:44660617 [1]:4725235 [2]:88 [3]:356
[0]:44854798 [1]:4756112 [2]:88 [3]:365
[0]:45052492 [1]:4787645 [2]:88 [3]:357
[0]:45246498 [1]:4818487 [2]:88 [3]:365
[0]:45444286 [1]:4849896 [2]:96 [3]:363
[0]:45642161 [1]:4881325 [2]:96 [3]:358
[0]:45854989 [1]:4915213 [2]:96 [3]:365
[0]:46053164 [1]:4946745 [2]:96 [3]:366
[0]:46254157 [1]:4978630 [2]:96 [3]:60
[0]:46446517 [1]:5009112 [2]:96 [3]:369
[0]:46675468 [1]:5045627 [2]:96 [3]:363
[0]:46869381 [1]:5076490 [2]:96 [3]:375
[0]:47071331 [1]:5108591 [2]:96 [3]:368
[0]:47261594 [1]:5138743 [2]:96 [3]:56
[0]:47466635 [1]:5171242 [2]:101 [3]:366
[0]:47739245 [1]:5214634 [2]:101 [3]:357
[0]:47940737 [1]:5246630 [2]:101 [3]:357
[0]:48134712 [1]:5277462 [2]:101 [3]:362
[0]:48321291 [1]:5307087 [2]:101 [3]:360
[0]:48521743 [1]:5339107 [2]:101 [3]:55
[0]:48719870 [1]:5370666 [2]:101 [3]:356
[0]:48940522 [1]:5405730 [2]:101 [3]:55
[0]:49126669 [1]:5435278 [2]:101 [3]:363
[0]:49313603 [1]:5465114 [2]:102 [3]:368
[0]:49522547 [1]:5498344 [2]:102 [3]:62
[0]:49716633 [1]:5529180 [2]:102 [3]:366
[0]:49933121 [1]:5563487 [2]:102 [3]:53
[0]:50119563 [1]:5593253 [2]:102 [3]:362
[0]:50343421 [1]:5628959 [2]:102 [3]:365
[0]:50550163 [1]:5662058 [2]:102 [3]:363
[0]:50742397 [1]:5692476 [2]:102 [3]:368
[0]:50951537 [1]:5725828 [2]:102 [3]:60
[0]:51149323 [1]:5757134 [2]:102 [3]:71
[0]:51347008 [1]:5788585 [2]:103 [3]:364
[0]:51544737 [1]:5820013 [2]:103 [3]:359
[0]:51738649 [1]:5850722 [2]:103 [3]:360
[0]:51940488 [1]:5882774 [2]:103 [3]:363
[0]:52138124 [1]:5914156 [2]:103 [3]:365
[0]:52358445 [1]:5949105 [2]:103 [3]:361
[0]:52585609 [1]:5985230 [2]:103 [3]:66
[0]:52803684 [1]:6019967 [2]:103 [3]:55
[0]:53018835 [1]:6054094 [2]:103 [3]:61
[0]:53215335 [1]:6085354 [2]:103 [3]:66
[0]:53413971 [1]:6117036 [2]:103 [3]:64
[0]:53608395 [1]:6147847 [2]:103 [3]:63
[0]:53806109 [1]:6179281 [2]:103 [3]:367
[0]:54000674 [1]:6210268 [2]:103 [3]:370
[0]:54208913 [1]:6243392 [2]:103 [3]:54
[0]:54458685 [1]:6282962 [2]:103 [3]:364
[0]:54670530 [1]:6316587 [2]:103 [3]:372
[0]:54900696 [1]:6353355 [2]:103 [3]:367
[0]:55148448 [1]:6392861 [2]:103 [3]:59
[0]:55346329 [1]:6424241 [2]:103 [3]:364
[0]:55533539 [1]:6454083 [2]:103 [3]:355
[0]:55723875 [1]:6484303 [2]:103 [3]:70
[0]:55925462 [1]:6516278 [2]:103 [3]:359
[0]:56115455 [1]:6546495 [2]:103 [3]:84
[0]:56335749 [1]:6581555 [2]:103 [3]:75
[0]:56537422 [1]:6613487 [2]:103 [3]:365
[0]:56736573 [1]:6645162 [2]:103 [3]:360
[0]:56955337 [1]:6679964 [2]:103 [3]:57
[0]:57150441 [1]:6710969 [2]:103 [3]:60
[0]:57362005 [1]:6744555 [2]:103 [3]:354
[0]:57562782 [1]:6776380 [2]:103 [3]:361
[0]:57766662 [1]:6808846 [2]:103 [3]:359
[0]:57959033 [1]:6839363 [2]:103 [3]:65
[0]:58153179 [1]:6870226 [2]:103 [3]:60
[0]:58354686 [1]:6902096 [2]:103 [3]:59
[0]:58552485 [1]:6933633 [2]:103 [3]:366
[0]:58735215 [1]:6962662 [2]:103 [3]:59
[0]:58936745 [1]:6994670 [2]:103 [3]:374
[0]:59168084 [1]:7031472 [2]:103 [3]:365
[0]:59365702 [1]:7063013 [2]:103 [3]:354
[0]:59567124 [1]:7095030 [2]:103 [3]:55
[0]:59772547 [1]:7127557 [2]:103 [3]:68
[0]:59967118 [1]:7158452 [2]:103 [3]:356
[0]:60210719 [1]:7197074 [2]:103 [3]:64
[0]:60399411 [1]:7227107 [2]:103 [3]:363
[0]:60593506 [1]:7257961 [2]:103 [3]:54
[0]:60794910 [1]:7289855 [2]:103 [3]:56
[0]:60995838 [1]:7321664 [2]:103 [3]:57
[0]:61184220 [1]:7351599 [2]:103 [3]:76
[0]:61384352 [1]:7383412 [2]:103 [3]:58
[0]:61586058 [1]:7415610 [2]:103 [3]:54
[0]:61783927 [1]:7447048 [2]:103 [3]:369
[0]:61981096 [1]:7478307 [2]:103 [3]:359
[0]:62171959 [1]:7508621 [2]:103 [3]:63
[0]:62366036 [1]:7539597 [2]:103 [3]:60
[0]:62588510 [1]:7574982 [2]:103 [3]:361
[0]:62783653 [1]:7606299 [2]:103 [3]:75
[0]:62977784 [1]:7637158 [2]:103 [3]:368
[0]:63194237 [1]:7671673 [2]:103 [3]:365
[0]:63395415 [1]:7703641 [2]:103 [3]:367
[0]:63600695 [1]:7736287 [2]:103 [3]:358
[0]:63802274 [1]:7768215 [2]:103 [3]:368
[0]:64067646 [1]:7810508 [2]:103 [3]:364
[0]:64268277 [1]:7842528 [2]:103 [3]:353
[0]:64460771 [1]:7873235 [2]:103 [3]:364
[0]:64663935 [1]:7905560 [2]:103 [3]:365
[0]:64861606 [1]:7936997 [2]:103 [3]:358
[0]:65072943 [1]:7964630 [2]:103 [3]:90
[0]:65284871 [1]:7986346 [2]:103 [3]:366
[0]:65513274 [1]:8009550 [2]:103 [3]:361
[0]:65730073 [1]:8031541 [2]:102 [3]:378
[0]:65942802 [1]:8053176 [2]:102 [3]:368
[0]:66154288 [1]:8074667 [2]:102 [3]:370
[0]:66356257 [1]:8095316 [2]:102 [3]:355
[0]:66572624 [1]:8117751 [2]:102 [3]:370
[0]:66808077 [1]:8141614 [2]:102 [3]:89
[0]:67021663 [1]:8163343 [2]:102 [3]:74
[0]:67241117 [1]:8185931 [2]:102 [3]:377
[0]:67456531 [1]:8207917 [2]:102 [3]:373
[0]:67679190 [1]:8230656 [2]:102 [3]:368
[0]:67903608 [1]:8253542 [2]:100 [3]:85
[0]:68110142 [1]:8274560 [2]:100 [3]:370
[0]:68317152 [1]:8295549 [2]:100 [3]:361
[0]:68592917 [1]:8323686 [2]:100 [3]:371
[0]:68839381 [1]:8348790 [2]:100 [3]:365
[0]:69042498 [1]:8369436 [2]:100 [3]:82
[0]:69250538 [1]:8390825 [2]:100 [3]:85
[0]:69470189 [1]:8413550 [2]:100 [3]:361
[0]:69673886 [1]:8434273 [2]:100 [3]:381
[0]:69884991 [1]:8455802 [2]:100 [3]:73
[0]:70091904 [1]:8477129 [2]:100 [3]:80
[0]:70299236 [1]:8498450 [2]:99 [3]:93
[0]:70533034 [1]:8522391 [2]:99 [3]:367
[0]:70730633 [1]:8542645 [2]:99 [3]:362
[0]:70947085 [1]:8564606 [2]:99 [3]:366
[0]:71159803 [1]:8586272 [2]:99 [3]:100
[0]:71364266 [1]:8607078 [2]:99 [3]:375
[0]:71582978 [1]:8629302 [2]:99 [3]:352
[0]:71802922 [1]:8651928 [2]:99 [3]:96
[0]:72033767 [1]:8675938 [2]:99 [3]:362
[0]:72251865 [1]:8698045 [2]:99 [3]:86
[0]:72467056 [1]:8719916 [2]:98 [3]:355
[0]:72667320 [1]:8740197 [2]:98 [3]:78
[0]:72874500 [1]:8761166 [2]:98 [3]:81
[0]:73126233 [1]:8786751 [2]:98 [3]:365
[0]:73333847 [1]:8807923 [2]:98 [3]:103
[0]:73538659 [1]:8828719 [2]:98 [3]:354
[0]:73747378 [1]:8849848 [2]:98 [3]:364
[0]:73956361 [1]:8871062 [2]:98 [3]:375
[0]:74165069 [1]:8892213 [2]:98 [3]:87
[0]:74377865 [1]:8913961 [2]:98 [3]:370
[0]:74622197 [1]:8938802 [2]:98 [3]:360
[0]:74892498 [1]:8966309 [2]:98 [3]:101
[0]:75088331 [1]:8986383 [2]:98 [3]:364
[0]:75295274 [1]:9007336 [2]:98 [3]:358
[0]:75511988 [1]:9029736 [2]:98 [3]:365
[0]:75727364 [1]:9051740 [2]:98 [3]:91
[0]:75937204 [1]:9073180 [2]:98 [3]:377
[0]:76141333 [1]:9094021 [2]:98 [3]:362
[0]:76342904 [1]:9114558 [2]:98 [3]:91
[0]:76573364 [1]:9137877 [2]:98 [3]:352
[0]:76780166 [1]:9159046 [2]:98 [3]:86
[0]:76988760 [1]:9180250 [2]:98 [3]:76
[0]:77193775 [1]:9201050 [2]:98 [3]:92
[0]:77402400 [1]:9222195 [2]:98 [3]:87
[0]:77627263 [1]:9245085 [2]:98 [3]:359
[0]:77831689 [1]:9265871 [2]:98 [3]:78
[0]:78044452 [1]:9287682 [2]:98 [3]:372
[0]:78245549 [1]:9308032 [2]:98 [3]:365
[0]:78446300 [1]:9328490 [2]:98 [3]:81
[0]:78655222 [1]:9349715 [2]:98 [3]:367
[0]:78861414 [1]:9370643 [2]:98 [3]:363
[0]:79076492 [1]:9392691 [2]:98 [3]:79
[0]:79293154 [1]:9414894 [2]:98 [3]:370
[0]:79510642 [1]:9437016 [2]:98 [3]:370
[0]:79718589 [1]:9458356 [2]:98 [3]:88
[0]:79923205 [1]:9479089 [2]:98 [3]:355
[0]:80125936 [1]:9499634 [2]:98 [3]:81
[0]:80372245 [1]:9524863 [2]:98 [3]:97
[0]:80576067 [1]:9545592 [2]:98 [3]:376
[0]:80782163 [1]:9566512 [2]:98 [3]:74
[0]:80989761 [1]:9587509 [2]:98 [3]:366
[0]:81215823 [1]:9610437 [2]:98 [3]:362
[0]:81428062 [1]:9631998 [2]:98 [3]:367
[0]:81633800 [1]:9653183 [2]:98 [3]:358
[0]:81904169 [1]:9680685 [2]:98 [3]:81
[0]:82112997 [1]:9702187 [2]:98 [3]:353
[0]:82325437 [1]:9724082 [2]:98 [3]:100
[0]:82596035 [1]:9751355 [2]:98 [3]:75
[0]:82803283 [1]:9772570 [2]:98 [3]:83
[0]:83007117 [1]:9793264 [2]:98 [3]:365
[0]:83225245 [1]:9815565 [2]:98 [3]:351
[0]:83436292 [1]:9837138 [2]:98 [3]:364
[0]:83649011 [1]:9858634 [2]:98 [3]:362
[0]:83861587 [1]:9880485 [2]:98 [3]:100
[0]:84065592 [1]:9901289 [2]:98 [3]:374
[0]:84259541 [1]:9920964 [2]:98 [3]:96
[0]:84479817 [1]:9943247 [2]:98 [3]:356
[0]:84687054 [1]:9964482 [2]:98 [3]:73
[0]:84924995 [1]:9988845 [2]:98 [3]:363
[0]:85128913 [1]:10009571 [2]:98 [3]:362
[0]:85330687 [1]:10030083 [2]:98 [3]:82
[0]:85539077 [1]:10051494 [2]:98 [3]:82
[0]:85784805 [1]:10076906 [2]:98 [3]:364
[0]:86003610 [1]:10099341 [2]:98 [3]:366
[0]:86226027 [1]:10121893 [2]:98 [3]:359
[0]:86455685 [1]:10145154 [2]:98 [3]:364
[0]:86665389 [1]:10166618 [2]:98 [3]:90
[0]:86877783 [1]:10188405 [2]:98 [3]:375
[0]:87139378 [1]:10215046 [2]:98 [3]:84
[0]:87336904 [1]:10235075 [2]:98 [3]:375
[0]:87554640 [1]:10257372 [2]:98 [3]:373
[0]:87813706 [1]:10283646 [2]:98 [3]:362
[0]:88035177 [1]:10306282 [2]:98 [3]:84
[0]:88240732 [1]:10327153 [2]:98 [3]:86
[0]:88449599 [1]:10348325 [2]:98 [3]:372
[0]:88654129 [1]:10369402 [2]:98 [3]:88
[0]:88859281 [1]:10390148 [2]:98 [3]:356
[0]:89057417 [1]:10410597 [2]:98 [3]:361
[0]:89299535 [1]:10435458 [2]:98 [3]:361
[0]:89504667 [1]:10456289 [2]:98 [3]:78
[0]:89713939 [1]:10478178 [2]:98 [3]:381
[0]:89940121 [1]:10501716 [2]:98 [3]:359
[0]:90203590 [1]:10528588 [2]:98 [3]:365
[0]:90401793 [1]:10548662 [2]:98 [3]:362
[0]:90626310 [1]:10571546 [2]:99 [3]:371
[0]:90873588 [1]:10596872 [2]:99 [3]:367
[0]:91080656 [1]:10617830 [2]:99 [3]:367
[0]:91290820 [1]:10639184 [2]:99 [3]:90
[0]:91496860 [1]:10660197 [2]:99 [3]:360
[0]:91708637 [1]:10681744 [2]:99 [3]:72
[0]:91912086 [1]:10702480 [2]:99 [3]:112
[0]:92113402 [1]:10723231 [2]:99 [3]:360
[0]:92319469 [1]:10744165 [2]:99 [3]:363
[0]:92532398 [1]:10765800 [2]:99 [3]:96
[0]:92737109 [1]:10786641 [2]:99 [3]:363
[0]:92945939 [1]:10807992 [2]:98 [3]:361
[0]:93154432 [1]:10829402 [2]:98 [3]:90
[0]:93364424 [1]:10850934 [2]:98 [3]:359
[0]:93583612 [1]:10873188 [2]:98 [3]:365
[0]:93792334 [1]:10894461 [2]:98 [3]:372
[0]:94037346 [1]:10919304 [2]:98 [3]:375
[0]:94245371 [1]:10940672 [2]:98 [3]:367
[0]:94453907 [1]:10962033 [2]:98 [3]:65
[0]:94654695 [1]:10982664 [2]:98 [3]:367
[0]:94882948 [1]:11006021 [2]:98 [3]:357
[0]:95090100 [1]:11027129 [2]:98 [3]:93
[0]:95299539 [1]:11048713 [2]:99 [3]:97
[0]:95500430 [1]:11069351 [2]:99 [3]:368
[0]:95701776 [1]:11089958 [2]:99 [3]:69
[0]:95910389 [1]:11111269 [2]:99 [3]:87
[0]:96166365 [1]:11137527 [2]:99 [3]:85
[0]:96390690 [1]:11160484 [2]:99 [3]:92
[0]:96596882 [1]:11181448 [2]:99 [3]:93
[0]:96804195 [1]:11202551 [2]:99 [3]:112
[0]:97028538 [1]:11225661 [2]:99 [3]:368
[0]:97235563 [1]:11246640 [2]:99 [3]:82
[0]:97450187 [1]:11268223 [2]:99 [3]:72
[0]:97651317 [1]:11288687 [2]:99 [3]:365
[0]:97875484 [1]:11311746 [2]:99 [3]:365
[0]:98073295 [1]:11332209 [2]:99 [3]:361
[0]:98266367 [1]:11351855 [2]:99 [3]:364
[0]:98468695 [1]:11372669 [2]:99 [3]:357
[0]:98688429 [1]:11395101 [2]:99 [3]:87
[0]:98901323 [1]:11416890 [2]:99 [3]:88
[0]:99115504 [1]:11438834 [2]:99 [3]:364
[0]:99326075 [1]:11460328 [2]:99 [3]:80
[0]:99537041 [1]:11481721 [2]:99 [3]:365
[0]:99741558 [1]:11502649 [2]:98 [3]:67
[0]:99949781 [1]:11524082 [2]:98 [3]:364
[0]:100160314 [1]:11545599 [2]:98 [3]:368
[0]:100363720 [1]:11566401 [2]:98 [3]:362
[0]:100570255 [1]:11587415 [2]:98 [3]:367
[0]:100773128 [1]:11608195 [2]:98 [3]:345
[0]:101013340 [1]:11632754 [2]:98 [3]:92
[0]:101215385 [1]:11653456 [2]:98 [3]:352
[0]:101422728 [1]:11674591 [2]:98 [3]:72
[0]:101631307 [1]:11695841 [2]:98 [3]:372
[0]:101848069 [1]:11717920 [2]:98 [3]:81
[0]:102056968 [1]:11739126 [2]:98 [3]:86
[0]:102257777 [1]:11759514 [2]:98 [3]:369
[0]:102502207 [1]:11784287 [2]:98 [3]:84
[0]:102706929 [1]:11805181 [2]:98 [3]:365
[0]:102915057 [1]:11826542 [2]:98 [3]:97
[0]:103120484 [1]:11847393 [2]:98 [3]:374
[0]:103380234 [1]:11873697 [2]:98 [3]:365
[0]:103589276 [1]:11895039 [2]:98 [3]:356
[0]:103798003 [1]:11916272 [2]:98 [3]:360
[0]:104012489 [1]:11938217 [2]:98 [3]:371
[0]:104223284 [1]:11959709 [2]:98 [3]:354
[0]:104420288 [1]:11979803 [2]:98 [3]:362
[0]:104620230 [1]:11999972 [2]:98 [3]:83
[0]:104829640 [1]:12021646 [2]:98 [3]:358
[0]:105030250 [1]:12042376 [2]:98 [3]:376
[0]:105299956 [1]:12069786 [2]:98 [3]:371
[0]:105510863 [1]:12091211 [2]:98 [3]:96
[0]:105719735 [1]:12112348 [2]:98 [3]:364
[0]:105977245 [1]:12138655 [2]:98 [3]:98
[0]:106180619 [1]:12159382 [2]:98 [3]:97
[0]:106384270 [1]:12180160 [2]:98 [3]:376
[0]:106609645 [1]:12203273 [2]:98 [3]:355
[0]:106818238 [1]:12224741 [2]:98 [3]:362
[0]:107026948 [1]:12245971 [2]:98 [3]:370
[0]:107227500 [1]:12266458 [2]:98 [3]:354
[0]:107428740 [1]:12287232 [2]:98 [3]:356
[0]:107632944 [1]:12308329 [2]:98 [3]:77
[0]:107840501 [1]:12329721 [2]:98 [3]:85
[0]:108050061 [1]:12351001 [2]:98 [3]:363
[0]:108259040 [1]:12372316 [2]:98 [3]:78
[0]:108458979 [1]:12392570 [2]:98 [3]:372
[0]:108668750 [1]:12413876 [2]:98 [3]:364
[0]:108881456 [1]:12435702 [2]:99 [3]:96
[0]:109089993 [1]:12457042 [2]:99 [3]:87
[0]:109295626 [1]:12478098 [2]:99 [3]:377
[0]:109499445 [1]:12498892 [2]:99 [3]:364
[0]:109727452 [1]:12522224 [2]:99 [3]:359
[0]:109928747 [1]:12542679 [2]:99 [3]:360
[0]:110133108 [1]:12563268 [2]:99 [3]:376
[0]:110340971 [1]:12584297 [2]:99 [3]:75
[0]:110558959 [1]:12606433 [2]:99 [3]:353
[0]:110803219 [1]:12631543 [2]:99 [3]:74
[0]:111012315 [1]:12652603 [2]:99 [3]:368
[0]:111214032 [1]:12673132 [2]:98 [3]:82
[0]:111414110 [1]:12693347 [2]:98 [3]:369
[0]:111634857 [1]:12715694 [2]:98 [3]:89
[0]:111902475 [1]:12743203 [2]:98 [3]:84
[0]:112106948 [1]:12764237 [2]:98 [3]:72
[0]:112311758 [1]:12785254 [2]:98 [3]:102
[0]:112554219 [1]:12810039 [2]:98 [3]:88
[0]:112760862 [1]:12831003 [2]:98 [3]:359
[0]:112997246 [1]:12854990 [2]:98 [3]:369
[0]:113202049 [1]:12875680 [2]:98 [3]:383
[0]:113422440 [1]:12898326 [2]:98 [3]:371
[0]:113634961 [1]:12920154 [2]:98 [3]:370
[0]:113848238 [1]:12941898 [2]:98 [3]:370
[0]:114087037 [1]:12966249 [2]:98 [3]:76
[0]:114300537 [1]:12987906 [2]:98 [3]:360
[0]:114501233 [1]:13008415 [2]:98 [3]:76
[0]:114769087 [1]:13035712 [2]:98 [3]:357
[0]:114975207 [1]:13056734 [2]:98 [3]:362
[0]:115178517 [1]:13077742 [2]:98 [3]:363
[0]:115383217 [1]:13098693 [2]:98 [3]:79
[0]:115584191 [1]:13119083 [2]:98 [3]:371
[0]:115789196 [1]:13139827 [2]:98 [3]:86
[0]:116001690 [1]:13161558 [2]:98 [3]:357
[0]:116218328 [1]:13183702 [2]:98 [3]:84
[0]:116438760 [1]:13206311 [2]:98 [3]:368
[0]:116643535 [1]:13227259 [2]:98 [3]:367
[0]:116848364 [1]:13248071 [2]:98 [3]:109
[0]:117116282 [1]:13275577 [2]:98 [3]:370
[0]:117316729 [1]:13296078 [2]:98 [3]:359
[0]:117527992 [1]:13317568 [2]:98 [3]:363
[0]:117765685 [1]:13341934 [2]:98 [3]:378
[0]:117970661 [1]:13362759 [2]:99 [3]:81
[0]:118187395 [1]:13384701 [2]:99 [3]:364
[0]:118395046 [1]:13405693 [2]:99 [3]:367
[0]:118600259 [1]:13426814 [2]:99 [3]:106
[0]:118811026 [1]:13448288 [2]:99 [3]:370
[0]:119029923 [1]:13470721 [2]:99 [3]:372
[0]:119238593 [1]:13492042 [2]:99 [3]:361
[0]:119458354 [1]:13514597 [2]:99 [3]:77
[0]:119667754 [1]:13535916 [2]:99 [3]:366
[0]:119872525 [1]:13556786 [2]:99 [3]:81
[0]:120101048 [1]:13580162 [2]:99 [3]:83
[0]:120333702 [1]:13603724 [2]:98 [3]:367
[0]:120559103 [1]:13626567 [2]:98 [3]:369
[0]:120770619 [1]:13648197 [2]:98 [3]:87
[0]:120983317 [1]:13670002 [2]:98 [3]:376
[0]:121191925 [1]:13691110 [2]:98 [3]:362
[0]:121404788 [1]:13712769 [2]:98 [3]:366
[0]:121613675 [1]:13733966 [2]:98 [3]:359
[0]:121816941 [1]:13754685 [2]:98 [3]:369
[0]:122031075 [1]:13776606 [2]:98 [3]:68
[0]:122287053 [1]:13802497 [2]:98 [3]:369
[0]:122488008 [1]:13823076 [2]:98 [3]:365
[0]:122696816 [1]:13844214 [2]:98 [3]:361
[0]:122937074 [1]:13868699 [2]:98 [3]:368
[0]:123145294 [1]:13890187 [2]:98 [3]:365
[0]:123348156 [1]:13911356 [2]:98 [3]:358
[0]:123543062 [1]:13931140 [2]:98 [3]:353
[0]:123748802 [1]:13951991 [2]:98 [3]:372
[0]:123960582 [1]:13973506 [2]:98 [3]:355
[0]:124165304 [1]:13994494 [2]:98 [3]:384
[0]:124373749 [1]:14016033 [2]:98 [3]:90
[0]:124578609 [1]:14036875 [2]:98 [3]:358
[0]:124798932 [1]:14059355 [2]:98 [3]:373
[0]:125011967 [1]:14080970 [2]:98 [3]:97
[0]:125234583 [1]:14103663 [2]:98 [3]:363
[0]:125433034 [1]:14124073 [2]:98 [3]:109
[0]:125634123 [1]:14144528 [2]:98 [3]:77
[0]:125838133 [1]:14165653 [2]:98 [3]:81
[0]:126046160 [1]:14186993 [2]:98 [3]:86
[0]:126248445 [1]:14207592 [2]:98 [3]:358
[0]:126487941 [1]:14231899 [2]:98 [3]:369
[0]:126683598 [1]:14251852 [2]:98 [3]:363
[0]:126883584 [1]:14272253 [2]:98 [3]:361
[0]:127083095 [1]:14292519 [2]:98 [3]:366
[0]:127311097 [1]:14315753 [2]:98 [3]:363
[0]:127515465 [1]:14336508 [2]:98 [3]:369
[0]:127721066 [1]:14357497 [2]:98 [3]:84
[0]:127929472 [1]:14378716 [2]:98 [3]:72
[0]:128127730 [1]:14398793 [2]:98 [3]:360
[0]:128328158 [1]:14419114 [2]:98 [3]:85
[0]:128576019 [1]:14444337 [2]:98 [3]:376
[0]:128792562 [1]:14466527 [2]:98 [3]:356
[0]:128997508 [1]:14487176 [2]:98 [3]:359
[0]:129209751 [1]:14508927 [2]:98 [3]:360
[0]:129417720 [1]:14530181 [2]:98 [3]:80
[0]:129615703 [1]:14550411 [2]:98 [3]:374
[0]:129820027 [1]:14571397 [2]:98 [3]:369
[0]:130024786 [1]:14592637 [2]:98 [3]:99
[0]:130237278 [1]:14614216 [2]:98 [3]:359
[0]:130441870 [1]:14635455 [2]:98 [3]:369
[0]:130642725 [1]:14655839 [2]:98 [3]:82
[0]:130851660 [1]:14677094 [2]:98 [3]:80
[0]:131060506 [1]:14698350 [2]:98 [3]:73
[0]:131272988 [1]:14720089 [2]:98 [3]:364
[0]:131477825 [1]:14740862 [2]:98 [3]:87
[0]:131682584 [1]:14761748 [2]:98 [3]:77
[0]:131886964 [1]:14782517 [2]:98 [3]:369
[0]:132087245 [1]:14803139 [2]:98 [3]:87
[0]:132294720 [1]:14824148 [2]:98 [3]:100
[0]:132497843 [1]:14844748 [2]:98 [3]:369
[0]:132710665 [1]:14866534 [2]:98 [3]:89
[0]:132912378 [1]:14886982 [2]:98 [3]:82
[0]:133120356 [1]:14908010 [2]:98 [3]:369
[0]:133333169 [1]:14929643 [2]:98 [3]:362
[0]:133533878 [1]:14950127 [2]:98 [3]:366
[0]:133731016 [1]:14970019 [2]:98 [3]:78
[0]:133937936 [1]:15000977 [2]:98 [3]:357
[0]:134135059 [1]:15032228 [2]:98 [3]:64
[0]:134340681 [1]:15065313 [2]:98 [3]:59
[0]:134542265 [1]:15097247 [2]:98 [3]:65
[0]:134736354 [1]:15128015 [2]:98 [3]:363
[0]:134926664 [1]:15158276 [2]:98 [3]:361
[0]:135146548 [1]:15193584 [2]:98 [3]:362
[0]:135336788 [1]:15223954 [2]:98 [3]:363
[0]:135537711 [1]:15255706 [2]:98 [3]:363
[0]:135743583 [1]:15288496 [2]:98 [3]:360
[0]:135952551 [1]:15321586 [2]:101 [3]:58
[0]:136157305 [1]:15354127 [2]:101 [3]:68
[0]:136365523 [1]:15387212 [2]:101 [3]:69
[0]:136554896 [1]:15417350 [2]:101 [3]:61
[0]:136750401 [1]:15448384 [2]:101 [3]:60
[0]:136945029 [1]:15479268 [2]:101 [3]:356
[0]:137146858 [1]:15511327 [2]:101 [3]:360
[0]:137345024 [1]:15542750 [2]:101 [3]:69
[0]:137542471 [1]:15574066 [2]:101 [3]:361
[0]:137792366 [1]:15613774 [2]:101 [3]:76
[0]:137998260 [1]:15646526 [2]:102 [3]:76
[0]:138191263 [1]:15677257 [2]:102 [3]:362
[0]:138459951 [1]:15720029 [2]:102 [3]:358
[0]:138665098 [1]:15752653 [2]:102 [3]:365
[0]:138859516 [1]:15783587 [2]:102 [3]:78
[0]:139061017 [1]:15815524 [2]:102 [3]:359
[0]:139254606 [1]:15846193 [2]:102 [3]:352
[0]:139446051 [1]:15876669 [2]:102 [3]:59
[0]:139646067 [1]:15908543 [2]:102 [3]:360
[0]:139848404 [1]:15940713 [2]:102 [3]:358
[0]:140046013 [1]:15972129 [2]:103 [3]:372
[0]:140239949 [1]:16003003 [2]:103 [3]:84
[0]:140434148 [1]:16033865 [2]:103 [3]:92
[0]:140628124 [1]:16064715 [2]:103 [3]:56
[0]:140818447 [1]:16094909 [2]:103 [3]:64
[0]:141019801 [1]:16127054 [2]:103 [3]:60
[0]:141211428 [1]:16157484 [2]:103 [3]:368
[0]:141404273 [1]:16188127 [2]:103 [3]:371
[0]:141597342 [1]:16218697 [2]:103 [3]:361
[0]:141803444 [1]:16251370 [2]:103 [3]:363
[0]:141993907 [1]:16281631 [2]:103 [3]:364
[0]:142195497 [1]:16313682 [2]:103 [3]:64
[0]:142389552 [1]:16344460 [2]:103 [3]:362
[0]:142583547 [1]:16375430 [2]:103 [3]:357
[0]:142777566 [1]:16406270 [2]:103 [3]:360
[0]:142968575 [1]:16436580 [2]:103 [3]:58
[0]:143158179 [1]:16466701 [2]:103 [3]:70
[0]:143352238 [1]:16497562 [2]:103 [3]:62
[0]:143534843 [1]:16526574 [2]:103 [3]:358
[0]:143736014 [1]:16558695 [2]:103 [3]:361
[0]:143926664 [1]:16588898 [2]:103 [3]:64
[0]:144128387 [1]:16620984 [2]:103 [3]:361
[0]:144337854 [1]:16654379 [2]:103 [3]:58
[0]:144527574 [1]:16684506 [2]:103 [3]:58
[0]:144721693 [1]:16715264 [2]:103 [3]:62
[0]:144921724 [1]:16746992 [2]:103 [3]:371
[0]:145109801 [1]:16776846 [2]:103 [3]:59
[0]:145307541 [1]:16808413 [2]:103 [3]:55
[0]:145502794 [1]:16839436 [2]:103 [3]:72
[0]:145695681 [1]:16870245 [2]:103 [3]:59
[0]:145953110 [1]:16911045 [2]:103 [3]:363
[0]:146147099 [1]:16941893 [2]:103 [3]:71
[0]:146344650 [1]:16973427 [2]:103 [3]:358
[0]:146571284 [1]:17009620 [2]:103 [3]:62
[0]:146824638 [1]:17049866 [2]:103 [3]:61
[0]:147023836 [1]:17081405 [2]:103 [3]:355
[0]:147218907 [1]:17112511 [2]:103 [3]:370
[0]:147407472 [1]:17142574 [2]:103 [3]:363
[0]:147594550 [1]:17172196 [2]:103 [3]:240
[0]:147791426 [1]:17203498 [2]:103 [3]:53
[0]:147982458 [1]:17233857 [2]:103 [3]:355
[0]:148180546 [1]:17265314 [2]:103 [3]:370
[0]:148378275 [1]:17296732 [2]:103 [3]:73
[0]:148569902 [1]:17327101 [2]:103 [3]:359
[0]:148755488 [1]:17356703 [2]:103 [3]:359
[0]:148941838 [1]:17386263 [2]:103 [3]:67
[0]:149152563 [1]:17419956 [2]:103 [3]:57
[0]:149404149 [1]:17459976 [2]:103 [3]:66
[0]:149665438 [1]:17501472 [2]:103 [3]:362
[0]:149877947 [1]:17535210 [2]:103 [3]:358
[0]:150070946 [1]:17565976 [2]:103 [3]:358
[0]:150266323 [1]:17596946 [2]:103 [3]:361
[0]:150467719 [1]:17628808 [2]:103 [3]:358
[0]:150676867 [1]:17662078 [2]:103 [3]:359
[0]:150878307 [1]:17694015 [2]:103 [3]:69
[0]:151079984 [1]:17726010 [2]:103 [3]:361
[0]:151281432 [1]:17757946 [2]:103 [3]:71
[0]:151483074 [1]:17789936 [2]:103 [3]:59
[0]:151687071 [1]:17822453 [2]:103 [3]:75
[0]:151892152 [1]:17855257 [2]:103 [3]:365
[0]:152089828 [1]:17886637 [2]:103 [3]:68
[0]:152285182 [1]:17917643 [2]:103 [3]:366
[0]:152486604 [1]:17949706 [2]:103 [3]:365
[0]:152691168 [1]:17982144 [2]:103 [3]:362
[0]:152893537 [1]:18014193 [2]:103 [3]:364
[0]:153091285 [1]:18045496 [2]:103 [3]:367
[0]:153289234 [1]:18076917 [2]:103 [3]:356
[0]:153479474 [1]:18107328 [2]:103 [3]:374
[0]:153682359 [1]:18139545 [2]:103 [3]:365
[0]:153880632 [1]:18171070 [2]:103 [3]:366
[0]:154074864 [1]:18202157 [2]:103 [3]:363
[0]:154277747 [1]:18234474 [2]:103 [3]:60
[0]:154471680 [1]:18265320 [2]:103 [3]:60
[0]:154657620 [1]:18294823 [2]:103 [3]:64
[0]:154855989 [1]:18326366 [2]:103 [3]:62
[0]:155109530 [1]:18366773 [2]:103 [3]:71
[0]:155303421 [1]:18397595 [2]:103 [3]:365
[0]:155530248 [1]:18433699 [2]:103 [3]:60
[0]:155732800 [1]:18465922 [2]:103 [3]:360
[0]:155923095 [1]:18496115 [2]:103 [3]:355
[0]:156120873 [1]:18527452 [2]:103 [3]:359
[0]:156313881 [1]:18558221 [2]:103 [3]:363
[0]:156531237 [1]:18592841 [2]:103 [3]:71
[0]:156762588 [1]:18629614 [2]:103 [3]:368
[0]:156960426 [1]:18660993 [2]:103 [3]:60
[0]:157184334 [1]:18696541 [2]:103 [3]:73
[0]:157375141 [1]:18726915 [2]:103 [3]:362
[0]:157607938 [1]:18763766 [2]:103 [3]:356
[0]:157794308 [1]:18793392 [2]:103 [3]:71
[0]:157981558 [1]:18823207 [2]:103 [3]:76
[0]:158173171 [1]:18853728 [2]:103 [3]:362
[0]:158374623 [1]:18885720 [2]:103 [3]:82
[0]:158587198 [1]:18919648 [2]:103 [3]:62
[0]:158781595 [1]:18950538 [2]:103 [3]:361
[0]:158994003 [1]:18984216 [2]:103 [3]:356
[0]:159194989 [1]:19016214 [2]:103 [3]:67
[0]:159389526 [1]:19047227 [2]:103 [3]:365
[0]:159605933 [1]:19081552 [2]:103 [3]:352
[0]:159802559 [1]:19112857 [2]:103 [3]:363
[0]:160004719 [1]:19144928 [2]:103 [3]:68
[0]:160199255 [1]:19175811 [2]:103 [3]:365
[0]:160389541 [1]:19205980 [2]:103 [3]:357
[0]:160642975 [1]:19246273 [2]:103 [3]:55
[0]:160835660 [1]:19276887 [2]:103 [3]:59
[0]:161027651 [1]:19307396 [2]:103 [3]:66
[0]:161221802 [1]:19338128 [2]:103 [3]:61
[0]:161419422 [1]:19369521 [2]:103 [3]:372
[0]:161617192 [1]:19400841 [2]:103 [3]:356
[0]:161814677 [1]:19432239 [2]:103 [3]:58
[0]:162003354 [1]:19462188 [2]:103 [3]:77
[0]:162229412 [1]:19498196 [2]:104 [3]:347
[0]:162427195 [1]:19529639 [2]:104 [3]:62
[0]:162619226 [1]:19560142 [2]:104 [3]:74
[0]:162826361 [1]:19593041 [2]:104 [3]:361
[0]:163016661 [1]:19623306 [2]:104 [3]:74
[0]:163219831 [1]:19655652 [2]:104 [3]:360
[0]:163423403 [1]:19687982 [2]:104 [3]:68
[0]:163613384 [1]:19718030 [2]:104 [3]:60
[0]:163811520 [1]:19749616 [2]:104 [3]:55
[0]:164008794 [1]:19781020 [2]:104 [3]:368
[0]:164207013 [1]:19812606 [2]:104 [3]:357
[0]:164424865 [1]:19847089 [2]:104 [3]:367
[0]:164613853 [1]:19877068 [2]:104 [3]:363
[0]:164851992 [1]:19914977 [2]:104 [3]:371
[0]:165050365 [1]:19946571 [2]:104 [3]:66
[0]:165247790 [1]:19977907 [2]:104 [3]:358
[0]:165434700 [1]:20007601 [2]:104 [3]:362
[0]:165625043 [1]:20037896 [2]:104 [3]:363
[0]:165820686 [1]:20068953 [2]:104 [3]:55
[0]:166016671 [1]:20100021 [2]:104 [3]:63
[0]:166219671 [1]:20132249 [2]:104 [3]:362
[0]:166416071 [1]:20163504 [2]:104 [3]:71
[0]:166613807 [1]:20195004 [2]:104 [3]:359
[0]:166815164 [1]:20227208 [2]:104 [3]:357
[0]:167016401 [1]:20259266 [2]:104 [3]:66
[0]:167217746 [1]:20291321 [2]:104 [3]:359
[0]:167415866 [1]:20322797 [2]:104 [3]:374
[0]:167613639 [1]:20354199 [2]:104 [3]:65
[0]:167807788 [1]:20385027 [2]:104 [3]:57
[0]:168009248 [1]:20416945 [2]:104 [3]:360
[0]:168198792 [1]:20447063 [2]:104 [3]:64
[0]:168397366 [1]:20478597 [2]:104 [3]:57
[0]:168587485 [1]:20508878 [2]:104 [3]:64
[0]:168773889 [1]:20538487 [2]:104 [3]:65
[0]:168971478 [1]:20569811 [2]:104 [3]:356
[0]:169177378 [1]:20602460 [2]:104 [3]:357
[0]:169371368 [1]:20633348 [2]:104 [3]:364
[0]:169573001 [1]:20665295 [2]:104 [3]:360
[0]:169760778 [1]:20695305 [2]:104 [3]:59
[0]:169979146 [1]:20730029 [2]:104 [3]:358
[0]:170173503 [1]:20760814 [2]:104 [3]:370
[0]:170375004 [1]:20792770 [2]:104 [3]:359
[0]:170565370 [1]:20823125 [2]:104 [3]:58
[0]:170759231 [1]:20853978 [2]:104 [3]:369
[0]:170960202 [1]:20885920 [2]:104 [3]:368
[0]:171184770 [1]:20921654 [2]:104 [3]:361
[0]:171375108 [1]:20951844 [2]:104 [3]:57
[0]:171569155 [1]:20982625 [2]:104 [3]:368
[0]:171759480 [1]:21012869 [2]:104 [3]:362
[0]:171953308 [1]:21043631 [2]:104 [3]:353
[0]:172146873 [1]:21074469 [2]:104 [3]:369
[0]:172349022 [1]:21106630 [2]:104 [3]:54
[0]:172543221 [1]:21137512 [2]:104 [3]:349
[0]:172738356 [1]:21168495 [2]:104 [3]:363
[0]:172938682 [1]:21200211 [2]:104 [3]:70
[0]:173125283 [1]:21229792 [2]:104 [3]:367
[0]:173324110 [1]:21261165 [2]:104 [3]:62
[0]:173521029 [1]:21292468 [2]:104 [3]:65
[0]:173730059 [1]:21325694 [2]:104 [3]:61
[0]:173924029 [1]:21356613 [2]:104 [3]:45
[0]:174121645 [1]:21387978 [2]:104 [3]:54
[0]:174319376 [1]:21419328 [2]:104 [3]:368
[0]:174512197 [1]:21449999 [2]:104 [3]:359
[0]:174707015 [1]:21480974 [2]:104 [3]:61
[0]:174901079 [1]:21511785 [2]:104 [3]:364
[0]:175109035 [1]:21544856 [2]:104 [3]:358
[0]:175303157 [1]:21575735 [2]:104 [3]:356
[0]:175504828 [1]:21607778 [2]:104 [3]:359
[0]:175692639 [1]:21637506 [2]:104 [3]:63
[0]:175888114 [1]:21668415 [2]:104 [3]:369
[0]:176081045 [1]:21699011 [2]:104 [3]:70
[0]:176297635 [1]:21733392 [2]:104 [3]:364
[0]:176495400 [1]:21764932 [2]:104 [3]:69
[0]:176704211 [1]:21797985 [2]:104 [3]:358
[0]:176901987 [1]:21829459 [2]:104 [3]:356
[0]:177099885 [1]:21860985 [2]:104 [3]:56
[0]:177297491 [1]:21892436 [2]:104 [3]:357
[0]:177542474 [1]:21931172 [2]:104 [3]:355
[0]:177734087 [1]:21961630 [2]:104 [3]:361
[0]:177927973 [1]:21992561 [2]:104 [3]:59
[0]:178118629 [1]:22022798 [2]:104 [3]:70
[0]:178312450 [1]:22053573 [2]:104 [3]:55
[0]:178502593 [1]:22083833 [2]:104 [3]:62
[0]:178696766 [1]:22114655 [2]:104 [3]:358
[0]:178885695 [1]:22144638 [2]:104 [3]:366
[0]:179107421 [1]:22179860 [2]:104 [3]:361
[0]:179308796 [1]:22211928 [2]:104 [3]:373
[0]:179508717 [1]:22243719 [2]:104 [3]:362
[0]:179719087 [1]:22277246 [2]:104 [3]:363
[0]:179914637 [1]:22308241 [2]:104 [3]:361
[0]:180110743 [1]:22339546 [2]:104 [3]:359
[0]:180301143 [1]:22369837 [2]:104 [3]:370
[0]:180491500 [1]:22400027 [2]:104 [3]:367
[0]:180700419 [1]:22433367 [2]:104 [3]:363
[0]:180895437 [1]:22464395 [2]:104 [3]:359
[0]:181084628 [1]:22494486 [2]:104 [3]:67
[0]:181278778 [1]:22525341 [2]:104 [3]:378
[0]:181506195 [1]:22561734 [2]:104 [3]:363
[0]:181689010 [1]:22590741 [2]:104 [3]:61
[0]:181882380 [1]:22621598 [2]:104 [3]:361
[0]:182078951 [1]:22652754 [2]:104 [3]:353
[0]:182274983 [1]:22683830 [2]:104 [3]:57
[0]:182465243 [1]:22714001 [2]:104 [3]:352
[0]:182664504 [1]:22745819 [2]:104 [3]:71
[0]:182856952 [1]:22776420 [2]:104 [3]:355
[0]:183083674 [1]:22812392 [2]:104 [3]:73
[0]:183286009 [1]:22844549 [2]:104 [3]:364
[0]:183487450 [1]:22876575 [2]:104 [3]:372
[0]:183744946 [1]:22917625 [2]:104 [3]:356
[0]:183938883 [1]:22948513 [2]:104 [3]:57
[0]:184136707 [1]:22979888 [2]:104 [3]:61
[0]:184330992 [1]:23010726 [2]:104 [3]:59
[0]:184524176 [1]:23041526 [2]:104 [3]:65
[0]:184744760 [1]:23076749 [2]:104 [3]:362
[0]:184942667 [1]:23108061 [2]:104 [3]:365
[0]:185136157 [1]:23139055 [2]:104 [3]:64
[0]:185341640 [1]:23171831 [2]:104 [3]:373
[0]:185542886 [1]:23203892 [2]:104 [3]:370
[0]:185729596 [1]:23233587 [2]:104 [3]:365
[0]:185964701 [1]:23270850 [2]:104 [3]:73
[0]:186151216 [1]:23300489 [2]:104 [3]:66
[0]:186336823 [1]:23329864 [2]:104 [3]:361
[0]:186527406 [1]:23360146 [2]:104 [3]:57
[0]:186722360 [1]:23391018 [2]:104 [3]:53
[0]:186912722 [1]:23421353 [2]:104 [3]:368
[0]:187102953 [1]:23451658 [2]:104 [3]:369
[0]:187293250 [1]:23481930 [2]:104 [3]:368
[0]:187499130 [1]:23514632 [2]:104 [3]:77
[0]:187692473 [1]:23545371 [2]:104 [3]:59
[0]:187891343 [1]:23576910 [2]:104 [3]:63
[0]:188082203 [1]:23607200 [2]:104 [3]:61
[0]:188275153 [1]:23637817 [2]:104 [3]:66
[0]:188472974 [1]:23669330 [2]:104 [3]:362
[0]:188667801 [1]:23700359 [2]:104 [3]:353
[0]:188905112 [1]:23738183 [2]:104 [3]:68
[0]:189094862 [1]:23768324 [2]:104 [3]:59
[0]:189289724 [1]:23799254 [2]:104 [3]:368
[0]:189483673 [1]:23830036 [2]:104 [3]:365
[0]:189687509 [1]:23862304 [2]:104 [3]:357
[0]:189883023 [1]:23893275 [2]:104 [3]:358
[0]:190084455 [1]:23925334 [2]:104 [3]:65
[0]:190281097 [1]:23956618 [2]:104 [3]:354
[0]:190477931 [1]:23987902 [2]:104 [3]:368
[0]:190699980 [1]:24023256 [2]:104 [3]:359
[0]:190891004 [1]:24053630 [2]:104 [3]:355
[0]:191083495 [1]:24084139 [2]:104 [3]:60
[0]:191274843 [1]:24114474 [2]:104 [3]:359
[0]:191467378 [1]:24145019 [2]:104 [3]:365
[0]:191653886 [1]:24174661 [2]:104 [3]:355
[0]:191856919 [1]:24207061 [2]:104 [3]:66
[0]:192054570 [1]:24238583 [2]:104 [3]:370
[0]:192250000 [1]:24269646 [2]:104 [3]:66
[0]:192439133 [1]:24299498 [2]:104 [3]:368
[0]:192666815 [1]:24335644 [2]:104 [3]:52
[0]:192860646 [1]:24366393 [2]:104 [3]:363
[0]:193051338 [1]:24396686 [2]:104 [3]:362
[0]:193308546 [1]:24437605 [2]:104 [3]:363
[0]:193506347 [1]:24469226 [2]:104 [3]:363
[0]:193697660 [1]:24499711 [2]:104 [3]:76
[0]:193905467 [1]:24532725 [2]:104 [3]:359
[0]:194103279 [1]:24564133 [2]:104 [3]:67
[0]:194304853 [1]:24596078 [2]:104 [3]:89
[0]:194498467 [1]:24626909 [2]:104 [3]:360
[0]:194707767 [1]:24660152 [2]:105 [3]:68
[0]:194909305 [1]:24692167 [2]:105 [3]:363
[0]:195111752 [1]:24724243 [2]:105 [3]:69
[0]:195304839 [1]:24754941 [2]:105 [3]:354
[0]:195494884 [1]:24785200 [2]:105 [3]:68
[0]:195687097 [1]:24815729 [2]:105 [3]:86
[0]:195887120 [1]:24847408 [2]:105 [3]:366
[0]:196084809 [1]:24878813 [2]:105 [3]:365
[0]:196285500 [1]:24910575 [2]:105 [3]:59
[0]:196502023 [1]:24944871 [2]:105 [3]:355
[0]:196693973 [1]:24975485 [2]:104 [3]:56
[0]:196948751 [1]:25016022 [2]:104 [3]:359
[0]:197144637 [1]:25047099 [2]:104 [3]:79
[0]:197360753 [1]:25081453 [2]:104 [3]:365
[0]:197554850 [1]:25112365 [2]:104 [3]:67
[0]:197748896 [1]:25143196 [2]:104 [3]:64
[0]:197973100 [1]:25178787 [2]:104 [3]:349
[0]:198170490 [1]:25210083 [2]:104 [3]:364
[0]:198439564 [1]:25252877 [2]:104 [3]:360
[0]:198629947 [1]:25282957 [2]:104 [3]:360
[0]:198846216 [1]:25317481 [2]:104 [3]:365
[0]:199040334 [1]:25348271 [2]:104 [3]:361
[0]:199232227 [1]:25378767 [2]:104 [3]:359
[0]:199432126 [1]:25410523 [2]:104 [3]:373
[0]:199602970 [1]:25437897 [2]:104 [3]:364
[0]:199602970 [1]:25437897 [2]:104 [3]:364
[0]:199602970 [1]:25437897 [2]:104 [3]:364
[0]:199602970 [1]:25437897 [2]:104 [3]:364
[0]:199602970 [1]:25437897 [2]:104 [3]:364
[0]:199602970 [1]:25437897 [2]:104 [3]:364
[0]:199602970 [1]:25437897 [2]:104 [3]:364
[0]:199602970 [1]:25437897 [2]:104 [3]:364
[0]:199602970 [1]:25437897 [2]:104 [3]:364
[0]:199602970 [1]:25437897 [2]:104 [3]:364
[0]:199602970 [1]:25437897 [2]:104 [3]:364
[0]:199602970 [1]:25437897 [2]:104 [3]:364
                                                                                                                                     [0]:199602970 [1]:25437897 [2]:104 [3]:364
[0]:199602970 [1]:25437897 [2]:104 [3]:364
[0]:199602970 [1]:25437897 [2]:104 [3]:364
[0]:199602970 [1]:25437897 [2]:104 [3]:364
[0]:199602970 [1]:25437897 [2]:104 [3]:364
[0]:199602970 [1]:25437897 [2]:104 [3]:364
