[0]:414591163 [1]:215061796 [2]:7 [3]:9
[0]:415581373 [1]:215570603 [2]:7 [3]:14
[0]:416808240 [1]:216194955 [2]:7 [3]:14
[0]:417970146 [1]:216792382 [2]:7 [3]:14
[0]:419104328 [1]:217372106 [2]:7 [3]:53
[0]:420270636 [1]:217966405 [2]:7 [3]:15
[0]:421405648 [1]:218544609 [2]:7 [3]:58
[0]:422464971 [1]:219086934 [2]:7 [3]:53
[0]:423482090 [1]:219602134 [2]:7 [3]:55
[0]:424464868 [1]:220101265 [2]:7 [3]:15
[0]:425546943 [1]:220646911 [2]:7 [3]:52
[0]:426544874 [1]:221158395 [2]:7 [3]:10
[0]:427600853 [1]:221697142 [2]:7 [3]:11
[0]:428652952 [1]:222233459 [2]:7 [3]:49
[0]:429708548 [1]:222774806 [2]:7 [3]:13
[0]:430839859 [1]:223357162 [2]:7 [3]:12
[0]:431928864 [1]:223914654 [2]:7 [3]:53
[0]:433302984 [1]:224624739 [2]:7 [3]:52
[0]:434603029 [1]:225285209 [2]:7 [3]:9
[0]:436357036 [1]:226179690 [2]:7 [3]:16
[0]:437524772 [1]:226774610 [2]:7 [3]:47
[0]:438788104 [1]:227418588 [2]:7 [3]:56
[0]:440202402 [1]:228145168 [2]:7 [3]:15
[0]:441383951 [1]:228754378 [2]:7 [3]:13
[0]:442504413 [1]:229324000 [2]:7 [3]:9
[0]:443678306 [1]:229921788 [2]:7 [3]:10
[0]:444855913 [1]:230527176 [2]:7 [3]:15
[0]:446130038 [1]:231183135 [2]:7 [3]:12
[0]:447273015 [1]:231770412 [2]:7 [3]:16
[0]:448680610 [1]:232493546 [2]:7 [3]:60
[0]:449821972 [1]:233081675 [2]:7 [3]:11
[0]:451283818 [1]:233825920 [2]:7 [3]:12
[0]:452428450 [1]:234408753 [2]:7 [3]:14
[0]:453539446 [1]:234971120 [2]:7 [3]:18
[0]:454757641 [1]:235592465 [2]:7 [3]:8
[0]:455973747 [1]:236210136 [2]:7 [3]:13
[0]:457132038 [1]:236806803 [2]:7 [3]:52
[0]:458357709 [1]:237435960 [2]:7 [3]:13
[0]:459394328 [1]:237963241 [2]:7 [3]:56
[0]:460396072 [1]:238476986 [2]:7 [3]:56
[0]:461537899 [1]:239065192 [2]:7 [3]:13
[0]:462591999 [1]:239605599 [2]:7 [3]:55
[0]:463660213 [1]:240153184 [2]:7 [3]:15
[0]:464659329 [1]:240665798 [2]:7 [3]:9
[0]:465656831 [1]:241175983 [2]:7 [3]:11
[0]:466701786 [1]:241709005 [2]:7 [3]:9
[0]:467858957 [1]:242301103 [2]:7 [3]:47
[0]:468924746 [1]:242840743 [2]:7 [3]:56
[0]:469934708 [1]:243360870 [2]:7 [3]:19
[0]:471246742 [1]:244037461 [2]:7 [3]:15
[0]:472307576 [1]:244575393 [2]:7 [3]:11
[0]:473936028 [1]:245411695 [2]:7 [3]:18
[0]:475150344 [1]:246033496 [2]:7 [3]:48
[0]:476165088 [1]:246559085 [2]:7 [3]:13
[0]:477175692 [1]:247074128 [2]:7 [3]:8
[0]:478190937 [1]:247591658 [2]:7 [3]:12
[0]:479192017 [1]:248105766 [2]:7 [3]:11
[0]:480213910 [1]:248627609 [2]:7 [3]:12
[0]:481238445 [1]:249148379 [2]:7 [3]:14
[0]:482239304 [1]:249662719 [2]:7 [3]:53
[0]:483255506 [1]:250180242 [2]:7 [3]:10
[0]:484273403 [1]:250701433 [2]:7 [3]:9
[0]:485256214 [1]:251205126 [2]:7 [3]:13
[0]:486297483 [1]:251742452 [2]:7 [3]:19
[0]:487310736 [1]:252265723 [2]:7 [3]:52
[0]:488323279 [1]:252787713 [2]:7 [3]:17
[0]:489489493 [1]:253382379 [2]:7 [3]:8
[0]:490848121 [1]:254082211 [2]:7 [3]:12
[0]:492168893 [1]:254762311 [2]:7 [3]:11
[0]:493282748 [1]:255336049 [2]:7 [3]:8
[0]:494382326 [1]:255898786 [2]:7 [3]:12
[0]:495548765 [1]:256497503 [2]:7 [3]:58
[0]:496715024 [1]:257095875 [2]:7 [3]:12
[0]:497828196 [1]:257665580 [2]:7 [3]:12
[0]:499001569 [1]:258265771 [2]:7 [3]:11
[0]:500136901 [1]:258846834 [2]:7 [3]:49
[0]:501284692 [1]:259433051 [2]:7 [3]:52
