[0]:153432696 [1]:23949301 [2]:137 [3]:57
[0]:153647682 [1]:23999007 [2]:137 [3]:362
[0]:153841789 [1]:24043834 [2]:137 [3]:361
[0]:154043295 [1]:24090393 [2]:137 [3]:355
[0]:154244908 [1]:24136988 [2]:137 [3]:60
[0]:154438987 [1]:24181822 [2]:138 [3]:364
[0]:154640670 [1]:24228395 [2]:138 [3]:366
[0]:154860751 [1]:24279178 [2]:138 [3]:365
[0]:155052348 [1]:24323381 [2]:138 [3]:358
[0]:155256465 [1]:24370558 [2]:138 [3]:359
[0]:155509455 [1]:24429000 [2]:138 [3]:354
[0]:155700505 [1]:24473108 [2]:138 [3]:361
[0]:155901596 [1]:24519459 [2]:138 [3]:365
[0]:156092294 [1]:24563572 [2]:138 [3]:361
[0]:156303027 [1]:24612301 [2]:138 [3]:57
[0]:156502905 [1]:24658502 [2]:138 [3]:357
[0]:156697098 [1]:24703406 [2]:138 [3]:355
[0]:156909805 [1]:24752481 [2]:138 [3]:359
[0]:157116412 [1]:24800135 [2]:138 [3]:364
[0]:157309183 [1]:24844681 [2]:138 [3]:362
[0]:157502951 [1]:24889462 [2]:138 [3]:365
[0]:157697356 [1]:24934297 [2]:138 [3]:362
[0]:157916414 [1]:24984910 [2]:138 [3]:367
[0]:158117853 [1]:25031377 [2]:138 [3]:360
[0]:158305841 [1]:25074768 [2]:138 [3]:364
[0]:158503851 [1]:25120480 [2]:138 [3]:360
[0]:158721242 [1]:25170638 [2]:138 [3]:57
[0]:158955584 [1]:25224801 [2]:138 [3]:60
[0]:159149356 [1]:25269548 [2]:138 [3]:357
[0]:159343578 [1]:25314456 [2]:138 [3]:361
[0]:159545182 [1]:25360933 [2]:138 [3]:357
[0]:159752614 [1]:25408848 [2]:138 [3]:66
[0]:159943302 [1]:25452912 [2]:138 [3]:361
[0]:160134936 [1]:25497187 [2]:140 [3]:359
[0]:160342375 [1]:25545151 [2]:140 [3]:56
[0]:160597607 [1]:25604123 [2]:140 [3]:54
[0]:160800850 [1]:25651104 [2]:140 [3]:361
[0]:160996859 [1]:25696397 [2]:140 [3]:354
[0]:161239699 [1]:25752518 [2]:140 [3]:363
[0]:161442517 [1]:25799387 [2]:140 [3]:363
[0]:161631412 [1]:25843083 [2]:140 [3]:365
[0]:161829141 [1]:25888757 [2]:140 [3]:359
[0]:162026987 [1]:25934490 [2]:140 [3]:359
[0]:162235933 [1]:25982731 [2]:140 [3]:366
[0]:162425647 [1]:26026515 [2]:140 [3]:359
[0]:162613049 [1]:26069818 [2]:140 [3]:367
[0]:162814542 [1]:26116415 [2]:140 [3]:361
[0]:163016058 [1]:26162936 [2]:140 [3]:356
[0]:163221398 [1]:26210365 [2]:140 [3]:369
[0]:163416603 [1]:26255434 [2]:140 [3]:360
[0]:163610019 [1]:26300134 [2]:140 [3]:370
[0]:163803711 [1]:26344936 [2]:140 [3]:366
[0]:164001378 [1]:26390569 [2]:140 [3]:359
[0]:164194223 [1]:26435180 [2]:140 [3]:366
[0]:164393345 [1]:26481145 [2]:140 [3]:364
[0]:164621097 [1]:26533796 [2]:140 [3]:351
[0]:164811405 [1]:26577790 [2]:140 [3]:59
[0]:165068531 [1]:26637176 [2]:140 [3]:359
[0]:165264555 [1]:26682414 [2]:140 [3]:364
[0]:165460878 [1]:26727765 [2]:140 [3]:358
[0]:165660979 [1]:26773985 [2]:141 [3]:59
[0]:165860288 [1]:26820032 [2]:141 [3]:357
[0]:166060462 [1]:26866317 [2]:141 [3]:357
[0]:166255803 [1]:26911391 [2]:141 [3]:357
[0]:166453835 [1]:26957141 [2]:141 [3]:355
[0]:166662698 [1]:27005368 [2]:141 [3]:63
[0]:166856728 [1]:27050202 [2]:141 [3]:56
[0]:167062106 [1]:27097572 [2]:141 [3]:364
[0]:167252491 [1]:27141603 [2]:141 [3]:53
[0]:167450238 [1]:27187275 [2]:141 [3]:62
[0]:167644204 [1]:27232165 [2]:141 [3]:355
[0]:167834541 [1]:27276154 [2]:141 [3]:362
[0]:168032089 [1]:27321664 [2]:141 [3]:362
[0]:168233770 [1]:27368237 [2]:141 [3]:355
