[0]:80079435 [1]:16059785 [2]:0 [3]:360
[0]:80279802 [1]:16108727 [2]:0 [3]:59
[0]:80473979 [1]:16156073 [2]:0 [3]:356
[0]:80702306 [1]:16211896 [2]:0 [3]:360
[0]:80900351 [1]:16260337 [2]:0 [3]:361
[0]:81090931 [1]:16306877 [2]:0 [3]:354
[0]:81295140 [1]:16356703 [2]:0 [3]:367
[0]:81490846 [1]:16404465 [2]:0 [3]:360
[0]:81692508 [1]:16453765 [2]:0 [3]:60
[0]:81905342 [1]:16505797 [2]:0 [3]:362
[0]:82099406 [1]:16553254 [2]:0 [3]:363
[0]:82309088 [1]:16604529 [2]:0 [3]:62
[0]:82511065 [1]:16653882 [2]:0 [3]:362
[0]:82709034 [1]:16702258 [2]:0 [3]:360
[0]:82902975 [1]:16749630 [2]:0 [3]:363
[0]:83098379 [1]:16797379 [2]:0 [3]:61
[0]:83289943 [1]:16844119 [2]:0 [3]:361
[0]:83486075 [1]:16892055 [2]:0 [3]:52
[0]:83684096 [1]:16940474 [2]:0 [3]:352
[0]:83882174 [1]:16988861 [2]:0 [3]:360
[0]:84072356 [1]:17035353 [2]:0 [3]:359
[0]:84261985 [1]:17081606 [2]:0 [3]:357
[0]:84465089 [1]:17131198 [2]:0 [3]:362
[0]:84655624 [1]:17177706 [2]:0 [3]:356
[0]:84853676 [1]:17226097 [2]:0 [3]:60
[0]:85055166 [1]:17275330 [2]:0 [3]:358
[0]:85246092 [1]:17321907 [2]:0 [3]:356
[0]:85436451 [1]:17368444 [2]:0 [3]:356
[0]:85625777 [1]:17414676 [2]:0 [3]:361
[0]:85823191 [1]:17462924 [2]:0 [3]:361
[0]:86008052 [1]:17508064 [2]:0 [3]:355
[0]:86254656 [1]:17568253 [2]:0 [3]:361
[0]:86445566 [1]:17614883 [2]:0 [3]:358
[0]:86636079 [1]:17661509 [2]:0 [3]:361
[0]:86886489 [1]:17722748 [2]:0 [3]:356
[0]:87080789 [1]:17770144 [2]:0 [3]:356
[0]:87276131 [1]:17817850 [2]:0 [3]:366
[0]:87472981 [1]:17865951 [2]:0 [3]:368
[0]:87668351 [1]:17913706 [2]:0 [3]:354
[0]:87858219 [1]:17960145 [2]:0 [3]:360
[0]:88082164 [1]:18014793 [2]:0 [3]:61
[0]:88287789 [1]:18065097 [2]:0 [3]:365
[0]:88477938 [1]:18111605 [2]:0 [3]:361
[0]:88668736 [1]:18158273 [2]:0 [3]:63
[0]:88869600 [1]:18207373 [2]:0 [3]:363
[0]:89060002 [1]:18253839 [2]:0 [3]:362
[0]:89255362 [1]:18301553 [2]:0 [3]:365
[0]:89449494 [1]:18348984 [2]:0 [3]:361
[0]:89645359 [1]:18396844 [2]:0 [3]:361
[0]:89842107 [1]:18444855 [2]:0 [3]:361
[0]:90039818 [1]:18493173 [2]:0 [3]:361
[0]:90238206 [1]:18541627 [2]:0 [3]:362
[0]:90438466 [1]:18590589 [2]:0 [3]:365
[0]:90634213 [1]:18638398 [2]:0 [3]:362
[0]:90828542 [1]:18685825 [2]:0 [3]:358
[0]:91024900 [1]:18733844 [2]:0 [3]:357
[0]:91212383 [1]:18779620 [2]:0 [3]:354
[0]:91407787 [1]:18827355 [2]:0 [3]:357
[0]:91601986 [1]:18874827 [2]:0 [3]:368
[0]:91803888 [1]:18924096 [2]:0 [3]:362
[0]:91994428 [1]:18970664 [2]:0 [3]:361
[0]:92188798 [1]:19018133 [2]:0 [3]:355
[0]:92386725 [1]:19066557 [2]:0 [3]:359
[0]:92586799 [1]:19115462 [2]:0 [3]:360
[0]:92786487 [1]:19164196 [2]:0 [3]:361
[0]:92979896 [1]:19211435 [2]:0 [3]:360
[0]:93193705 [1]:19263688 [2]:0 [3]:358
[0]:93395346 [1]:19312930 [2]:0 [3]:364
[0]:93599620 [1]:19362843 [2]:0 [3]:360
[0]:93796690 [1]:19411089 [2]:0 [3]:361
[0]:93996967 [1]:19459969 [2]:0 [3]:368
[0]:94195155 [1]:19508401 [2]:0 [3]:358
[0]:94389567 [1]:19555969 [2]:0 [3]:362
[0]:94587518 [1]:19604251 [2]:0 [3]:355
[0]:94785118 [1]:19652546 [2]:0 [3]:363
[0]:94983620 [1]:19701047 [2]:0 [3]:355
[0]:95183463 [1]:19749908 [2]:0 [3]:365
[0]:95405616 [1]:19804155 [2]:0 [3]:366
[0]:95642920 [1]:19862123 [2]:0 [3]:357
[0]:95840866 [1]:19910471 [2]:0 [3]:359
[0]:96037256 [1]:19958433 [2]:0 [3]:364
[0]:96231634 [1]:20005915 [2]:0 [3]:366
[0]:96433489 [1]:20055116 [2]:0 [3]:358
[0]:96627881 [1]:20102616 [2]:0 [3]:358
[0]:96831411 [1]:20152338 [2]:0 [3]:362
[0]:97027537 [1]:20200275 [2]:0 [3]:352
[0]:97218212 [1]:20246896 [2]:0 [3]:357
[0]:97416126 [1]:20295173 [2]:0 [3]:349
[0]:97612919 [1]:20343252 [2]:0 [3]:362
[0]:97808652 [1]:20391025 [2]:0 [3]:368
[0]:98059076 [1]:20452267 [2]:0 [3]:353
[0]:98254105 [1]:20499813 [2]:0 [3]:362
[0]:98454778 [1]:20548847 [2]:0 [3]:363
[0]:98660357 [1]:20599088 [2]:0 [3]:60
[0]:98854951 [1]:20646652 [2]:0 [3]:359
[0]:99094091 [1]:20705084 [2]:0 [3]:352
[0]:99287829 [1]:20752408 [2]:0 [3]:363
[0]:99481559 [1]:20799753 [2]:0 [3]:364
[0]:99673274 [1]:20846598 [2]:0 [3]:58
[0]:99882757 [1]:20897775 [2]:0 [3]:360
[0]:100077802 [1]:20945458 [2]:0 [3]:364
[0]:100270896 [1]:20992539 [2]:0 [3]:363
[0]:100472791 [1]:21041886 [2]:0 [3]:363
[0]:100670566 [1]:21090220 [2]:0 [3]:368
[0]:100865060 [1]:21137742 [2]:0 [3]:363
[0]:101066930 [1]:21187028 [2]:0 [3]:57
[0]:101264677 [1]:21235344 [2]:0 [3]:359
[0]:101450820 [1]:21280805 [2]:0 [3]:355
[0]:101646091 [1]:21328495 [2]:0 [3]:358
[0]:101847979 [1]:21377815 [2]:0 [3]:359
[0]:102038489 [1]:21424301 [2]:0 [3]:349
[0]:102227917 [1]:21470577 [2]:0 [3]:62
[0]:102470566 [1]:21529852 [2]:0 [3]:359
[0]:102660935 [1]:21576382 [2]:0 [3]:366
[0]:102852626 [1]:21623243 [2]:0 [3]:358
[0]:103047328 [1]:21670785 [2]:0 [3]:362
[0]:103251255 [1]:21720722 [2]:0 [3]:358
[0]:103446986 [1]:21768526 [2]:0 [3]:362
[0]:103641426 [1]:21816044 [2]:0 [3]:359
[0]:103877016 [1]:21873562 [2]:0 [3]:366
[0]:104074738 [1]:21921915 [2]:0 [3]:363
[0]:104265220 [1]:21968450 [2]:0 [3]:355
[0]:104463291 [1]:22016818 [2]:0 [3]:356
[0]:104657641 [1]:22064297 [2]:0 [3]:357
[0]:104855780 [1]:22112727 [2]:0 [3]:361
[0]:105042570 [1]:22158331 [2]:0 [3]:358
[0]:105240452 [1]:22206732 [2]:0 [3]:58
[0]:105434965 [1]:22254253 [2]:0 [3]:365
[0]:105632519 [1]:22302529 [2]:0 [3]:63
[0]:105821247 [1]:22348578 [2]:0 [3]:361
[0]:106017460 [1]:22396491 [2]:0 [3]:357
[0]:106249641 [1]:22453200 [2]:0 [3]:365
[0]:106447116 [1]:22501451 [2]:0 [3]:352
[0]:106634504 [1]:22547200 [2]:0 [3]:362
[0]:106824920 [1]:22593709 [2]:0 [3]:360
[0]:107034392 [1]:22644989 [2]:0 [3]:361
[0]:107239689 [1]:22695142 [2]:0 [3]:59
[0]:107441411 [1]:22744508 [2]:0 [3]:62
[0]:107643071 [1]:22793693 [2]:0 [3]:365
[0]:107844676 [1]:22843003 [2]:0 [3]:359
[0]:108060161 [1]:22895678 [2]:0 [3]:366
[0]:108283006 [1]:22950161 [2]:0 [3]:360
[0]:108483787 [1]:22999248 [2]:0 [3]:363
[0]:108678505 [1]:23046815 [2]:0 [3]:352
[0]:108875408 [1]:23094938 [2]:0 [3]:360
[0]:109074116 [1]:23143500 [2]:0 [3]:358
[0]:109264653 [1]:23190114 [2]:0 [3]:365
[0]:109465894 [1]:23239250 [2]:0 [3]:363
[0]:109658611 [1]:23286389 [2]:0 [3]:362
[0]:109857730 [1]:23335074 [2]:0 [3]:356
[0]:110066021 [1]:23385994 [2]:0 [3]:363
[0]:110266229 [1]:23434925 [2]:0 [3]:362
[0]:110457977 [1]:23481706 [2]:0 [3]:362
[0]:110654910 [1]:23529823 [2]:0 [3]:364
[0]:110845427 [1]:23576413 [2]:0 [3]:358
[0]:111047191 [1]:23625713 [2]:0 [3]:359
[0]:111252129 [1]:23675761 [2]:0 [3]:59
[0]:111450673 [1]:23724259 [2]:0 [3]:359
[0]:111637632 [1]:23769942 [2]:0 [3]:358
[0]:111832766 [1]:23817650 [2]:0 [3]:360
[0]:112029588 [1]:23865738 [2]:0 [3]:359
[0]:112286380 [1]:23928450 [2]:0 [3]:363
[0]:112491054 [1]:23978467 [2]:0 [3]:364
[0]:112683609 [1]:24025518 [2]:0 [3]:357
[0]:112884583 [1]:24074612 [2]:0 [3]:361
[0]:113085974 [1]:24123811 [2]:0 [3]:362
[0]:113285538 [1]:24172487 [2]:0 [3]:361
[0]:113479807 [1]:24219949 [2]:0 [3]:359
[0]:113677782 [1]:24268321 [2]:0 [3]:57
[0]:113875898 [1]:24316705 [2]:0 [3]:362
[0]:114081136 [1]:24366864 [2]:0 [3]:362
[0]:114275558 [1]:24414278 [2]:0 [3]:362
[0]:114460517 [1]:24459489 [2]:0 [3]:359
[0]:114660279 [1]:24508286 [2]:0 [3]:60
[0]:114858630 [1]:24556778 [2]:0 [3]:362
[0]:115043533 [1]:24601930 [2]:0 [3]:361
[0]:115240560 [1]:24650085 [2]:0 [3]:359
[0]:115445110 [1]:24700031 [2]:0 [3]:360
[0]:115650520 [1]:24750194 [2]:0 [3]:367
[0]:115848749 [1]:24798616 [2]:0 [3]:361
[0]:116039303 [1]:24845106 [2]:0 [3]:365
[0]:116296966 [1]:24908085 [2]:0 [3]:359
[0]:116502696 [1]:24958398 [2]:0 [3]:361
[0]:116726965 [1]:25013164 [2]:0 [3]:358
[0]:116924796 [1]:25061489 [2]:0 [3]:367
[0]:117125599 [1]:25110587 [2]:0 [3]:355
[0]:117332116 [1]:25161045 [2]:0 [3]:362
[0]:117551361 [1]:25214643 [2]:0 [3]:51
[0]:117765630 [1]:25266952 [2]:0 [3]:362
[0]:117978616 [1]:25318936 [2]:0 [3]:357
[0]:118180164 [1]:25368136 [2]:0 [3]:361
[0]:118374407 [1]:25415600 [2]:0 [3]:357
[0]:118569073 [1]:25463218 [2]:0 [3]:356
[0]:118762555 [1]:25510519 [2]:0 [3]:355
[0]:118961367 [1]:25559053 [2]:0 [3]:60
[0]:119159341 [1]:25607523 [2]:0 [3]:361
