[0]:0 [1]:0 [2]:0 [3]:0
[0]:0 [1]:0 [2]:0 [3]:0
[0]:0 [1]:0 [2]:0 [3]:0
[0]:0 [1]:0 [2]:0 [3]:0
[0]:1830064 [1]:0 [2]:0 [3]:8
[0]:3607413 [1]:0 [2]:0 [3]:30
[0]:5308716 [1]:0 [2]:0 [3]:11
[0]:7035182 [1]:0 [2]:0 [3]:9
[0]:8793159 [1]:0 [2]:0 [3]:8
[0]:10535422 [1]:0 [2]:0 [3]:31
[0]:13037205 [1]:0 [2]:0 [3]:9
[0]:14780174 [1]:0 [2]:0 [3]:9
[0]:16490237 [1]:0 [2]:0 [3]:11
[0]:19104838 [1]:0 [2]:0 [3]:9
[0]:20738986 [1]:0 [2]:0 [3]:12
[0]:22520445 [1]:0 [2]:0 [3]:9
[0]:24258808 [1]:0 [2]:0 [3]:9
[0]:26333755 [1]:0 [2]:0 [3]:30
[0]:28364609 [1]:0 [2]:0 [3]:11
[0]:30281051 [1]:0 [2]:0 [3]:31
[0]:32169088 [1]:0 [2]:0 [3]:29
[0]:34045704 [1]:0 [2]:0 [3]:32
[0]:35942717 [1]:0 [2]:0 [3]:11
[0]:37929572 [1]:0 [2]:0 [3]:11
[0]:39900951 [1]:0 [2]:0 [3]:10
[0]:41757324 [1]:0 [2]:0 [3]:8
[0]:43724789 [1]:0 [2]:0 [3]:7
[0]:45808864 [1]:0 [2]:0 [3]:31
[0]:47620789 [1]:0 [2]:0 [3]:8
[0]:49488939 [1]:0 [2]:0 [3]:8
[0]:51326216 [1]:0 [2]:0 [3]:28
[0]:53200472 [1]:0 [2]:0 [3]:33
[0]:55112297 [1]:0 [2]:0 [3]:8
[0]:57034275 [1]:0 [2]:0 [3]:9
[0]:58884433 [1]:0 [2]:0 [3]:8
[0]:60634043 [1]:0 [2]:0 [3]:10
[0]:62534811 [1]:0 [2]:0 [3]:6
[0]:64235119 [1]:0 [2]:0 [3]:8
[0]:65967978 [1]:0 [2]:0 [3]:11
[0]:67585328 [1]:0 [2]:0 [3]:29
[0]:69727579 [1]:0 [2]:0 [3]:28
[0]:71394258 [1]:0 [2]:0 [3]:10
[0]:73090432 [1]:0 [2]:0 [3]:10
[0]:74745831 [1]:0 [2]:0 [3]:32
[0]:76440375 [1]:0 [2]:0 [3]:34
[0]:78180613 [1]:0 [2]:0 [3]:9
[0]:80273525 [1]:0 [2]:0 [3]:11
[0]:81965720 [1]:0 [2]:0 [3]:31
[0]:83662800 [1]:0 [2]:0 [3]:33
[0]:85878873 [1]:0 [2]:0 [3]:28
[0]:87779384 [1]:0 [2]:0 [3]:31
[0]:89897063 [1]:0 [2]:0 [3]:10
[0]:91749042 [1]:0 [2]:0 [3]:9
[0]:93521555 [1]:0 [2]:0 [3]:12
[0]:95620109 [1]:0 [2]:0 [3]:10
[0]:97282007 [1]:0 [2]:0 [3]:30
[0]:98989496 [1]:0 [2]:0 [3]:9
[0]:100723008 [1]:0 [2]:0 [3]:8
[0]:102420288 [1]:0 [2]:0 [3]:32
[0]:104141152 [1]:0 [2]:0 [3]:8
[0]:105919128 [1]:0 [2]:0 [3]:28
[0]:107630915 [1]:0 [2]:0 [3]:28
[0]:109292320 [1]:0 [2]:0 [3]:31
[0]:111012304 [1]:0 [2]:0 [3]:33
[0]:112671977 [1]:0 [2]:0 [3]:33
[0]:114398035 [1]:0 [2]:0 [3]:9
[0]:116350061 [1]:0 [2]:0 [3]:11
[0]:118441904 [1]:0 [2]:0 [3]:13
[0]:120735380 [1]:0 [2]:0 [3]:10
[0]:122853537 [1]:0 [2]:0 [3]:29
[0]:124769448 [1]:0 [2]:0 [3]:11
[0]:126711882 [1]:0 [2]:0 [3]:11
[0]:128527895 [1]:0 [2]:0 [3]:26
[0]:130476748 [1]:0 [2]:0 [3]:11
[0]:132411213 [1]:0 [2]:0 [3]:8
[0]:134212004 [1]:25308 [2]:7 [3]:11
[0]:135345593 [1]:546101 [2]:7 [3]:50
[0]:136456560 [1]:1119834 [2]:7 [3]:13
[0]:137629988 [1]:1723803 [2]:7 [3]:10
[0]:138752353 [1]:2296814 [2]:7 [3]:51
[0]:139887490 [1]:2881872 [2]:7 [3]:12
[0]:141010458 [1]:3454825 [2]:7 [3]:55
[0]:142149325 [1]:4033393 [2]:7 [3]:53
[0]:143328608 [1]:4636476 [2]:7 [3]:49
[0]:144562389 [1]:5268018 [2]:7 [3]:12
[0]:145697272 [1]:5844183 [2]:7 [3]:50
[0]:146722080 [1]:6374666 [2]:7 [3]:52
[0]:147814629 [1]:6933060 [2]:7 [3]:13
[0]:148935864 [1]:7510052 [2]:7 [3]:14
[0]:149937688 [1]:8025332 [2]:7 [3]:59
[0]:150986648 [1]:8562500 [2]:7 [3]:56
[0]:152027751 [1]:9096391 [2]:7 [3]:52
[0]:153048402 [1]:9620915 [2]:7 [3]:13
[0]:154081109 [1]:10153224 [2]:7 [3]:51
[0]:155147436 [1]:10698615 [2]:7 [3]:10
[0]:156208647 [1]:11242452 [2]:7 [3]:11
[0]:157235288 [1]:11770812 [2]:7 [3]:51
[0]:158203670 [1]:12269526 [2]:7 [3]:8
[0]:159229478 [1]:12800203 [2]:7 [3]:13
[0]:160320988 [1]:13361338 [2]:7 [3]:17
[0]:161749357 [1]:14094207 [2]:7 [3]:9
[0]:162933218 [1]:14698194 [2]:7 [3]:15
[0]:164063271 [1]:15277785 [2]:7 [3]:49
[0]:165211823 [1]:15867075 [2]:7 [3]:10
[0]:166297858 [1]:16424695 [2]:7 [3]:13
[0]:167368091 [1]:16972970 [2]:7 [3]:8
[0]:168397392 [1]:17505094 [2]:7 [3]:11
[0]:169376440 [1]:18011412 [2]:7 [3]:58
[0]:170391024 [1]:18534441 [2]:7 [3]:54
[0]:171481090 [1]:19098912 [2]:7 [3]:9
[0]:172554176 [1]:19649628 [2]:7 [3]:48
[0]:173593801 [1]:20181833 [2]:7 [3]:10
[0]:174665408 [1]:20727757 [2]:7 [3]:12
[0]:175645624 [1]:21228195 [2]:7 [3]:52
[0]:176675393 [1]:21756220 [2]:7 [3]:51
[0]:177731116 [1]:22294493 [2]:7 [3]:11
[0]:178860730 [1]:22873125 [2]:7 [3]:12
[0]:180315833 [1]:23617512 [2]:7 [3]:15
[0]:181557208 [1]:24254857 [2]:7 [3]:51
[0]:182756001 [1]:24873557 [2]:7 [3]:53
[0]:183910085 [1]:25466069 [2]:7 [3]:13
[0]:185021296 [1]:26033098 [2]:7 [3]:15
[0]:186150900 [1]:26610165 [2]:7 [3]:11
[0]:187271442 [1]:27186386 [2]:7 [3]:13
[0]:188411071 [1]:27769215 [2]:7 [3]:15
[0]:189558919 [1]:28361849 [2]:7 [3]:51
[0]:190684277 [1]:28937561 [2]:7 [3]:18
[0]:191833137 [1]:29525235 [2]:7 [3]:53
[0]:193051057 [1]:30149585 [2]:7 [3]:14
[0]:194202940 [1]:30736240 [2]:7 [3]:10
[0]:195312927 [1]:31301468 [2]:7 [3]:15
[0]:196410508 [1]:31864188 [2]:7 [3]:10
[0]:197578864 [1]:32460353 [2]:7 [3]:47
[0]:198701547 [1]:33035850 [2]:7 [3]:14
[0]:199848357 [1]:33625721 [2]:7 [3]:10
[0]:201004052 [1]:34220701 [2]:7 [3]:11
[0]:202149798 [1]:34809712 [2]:7 [3]:55
[0]:203103340 [1]:35298784 [2]:7 [3]:52
[0]:204227239 [1]:35873938 [2]:7 [3]:13
[0]:205296918 [1]:36422381 [2]:7 [3]:8
[0]:206290690 [1]:36928583 [2]:7 [3]:55
[0]:207293450 [1]:37439932 [2]:7 [3]:12
[0]:208281466 [1]:37942057 [2]:7 [3]:12
[0]:209285514 [1]:38459223 [2]:7 [3]:11
[0]:210251763 [1]:38950281 [2]:7 [3]:9
[0]:211232888 [1]:39448237 [2]:7 [3]:52
[0]:212330453 [1]:40009437 [2]:7 [3]:15
[0]:213323516 [1]:40519466 [2]:7 [3]:12
[0]:214539173 [1]:41145431 [2]:7 [3]:14
[0]:215538836 [1]:41657374 [2]:7 [3]:11
[0]:216580923 [1]:42191800 [2]:7 [3]:12
[0]:217888222 [1]:42859214 [2]:7 [3]:12
[0]:219357645 [1]:43605229 [2]:7 [3]:55
[0]:220489629 [1]:44183297 [2]:7 [3]:49
[0]:221560376 [1]:44732040 [2]:7 [3]:49
[0]:222569433 [1]:45252984 [2]:7 [3]:53
[0]:223595491 [1]:45779072 [2]:7 [3]:15
[0]:224647254 [1]:46320128 [2]:7 [3]:55
[0]:225665340 [1]:46834948 [2]:7 [3]:12
[0]:226646935 [1]:47341813 [2]:7 [3]:8
[0]:227646552 [1]:47853143 [2]:7 [3]:56
[0]:228675757 [1]:48377917 [2]:7 [3]:11
[0]:229645119 [1]:48876182 [2]:7 [3]:57
[0]:230636028 [1]:49385024 [2]:7 [3]:13
[0]:231621783 [1]:49889482 [2]:7 [3]:53
[0]:232607503 [1]:50394541 [2]:7 [3]:13
[0]:233840679 [1]:51026186 [2]:7 [3]:54
[0]:234925961 [1]:51579413 [2]:7 [3]:52
[0]:236279469 [1]:52275667 [2]:7 [3]:54
[0]:237474859 [1]:52886743 [2]:7 [3]:14
[0]:238657326 [1]:53492148 [2]:7 [3]:10
[0]:239791237 [1]:54072314 [2]:7 [3]:12
[0]:240944820 [1]:54666620 [2]:7 [3]:11
[0]:242141944 [1]:55279759 [2]:7 [3]:52
[0]:243271924 [1]:55857668 [2]:7 [3]:15
[0]:244353112 [1]:56406350 [2]:7 [3]:53
[0]:245493827 [1]:56987381 [2]:7 [3]:11
[0]:246618901 [1]:57559278 [2]:7 [3]:19
[0]:247728891 [1]:58126601 [2]:7 [3]:16
[0]:248865011 [1]:58712346 [2]:7 [3]:15
[0]:249966622 [1]:59278628 [2]:7 [3]:10
[0]:251144028 [1]:59886504 [2]:7 [3]:10
[0]:252313740 [1]:60488439 [2]:7 [3]:10
[0]:253481079 [1]:61088427 [2]:7 [3]:11
[0]:254583857 [1]:61656880 [2]:7 [3]:12
[0]:255785161 [1]:62269646 [2]:7 [3]:12
[0]:256918530 [1]:62857417 [2]:7 [3]:18
[0]:258042638 [1]:63441409 [2]:7 [3]:14
[0]:259066648 [1]:63964157 [2]:7 [3]:53
[0]:260100351 [1]:64494626 [2]:7 [3]:14
[0]:261101171 [1]:65009361 [2]:7 [3]:15
[0]:262137080 [1]:65538227 [2]:7 [3]:56
[0]:263145082 [1]:66055523 [2]:7 [3]:17
[0]:264178868 [1]:66581897 [2]:7 [3]:12
[0]:265203433 [1]:67107778 [2]:7 [3]:11
[0]:266216307 [1]:67625892 [2]:7 [3]:54
[0]:267191457 [1]:68129683 [2]:7 [3]:13
[0]:268216741 [1]:68658163 [2]:7 [3]:52
[0]:269295308 [1]:69208574 [2]:7 [3]:47
[0]:270304544 [1]:69724398 [2]:7 [3]:56
[0]:271463464 [1]:70315352 [2]:7 [3]:57
[0]:272497755 [1]:70843250 [2]:7 [3]:11
[0]:273679729 [1]:71450580 [2]:7 [3]:8
