[0]:211286245 [1]:39555523 [2]:7 [3]:56
[0]:212737803 [1]:40839880 [2]:7 [3]:22
[0]:213855864 [1]:41837218 [2]:7 [3]:14
[0]:215067123 [1]:42907892 [2]:7 [3]:51
[0]:216279497 [1]:43981934 [2]:7 [3]:18
[0]:217696055 [1]:45238071 [2]:7 [3]:19
[0]:218807558 [1]:46221359 [2]:7 [3]:14
[0]:220000454 [1]:47276624 [2]:7 [3]:19
[0]:221153586 [1]:48302764 [2]:7 [3]:58
[0]:222451633 [1]:49452719 [2]:7 [3]:16
[0]:223715686 [1]:50571418 [2]:7 [3]:48
[0]:225118818 [1]:51818485 [2]:7 [3]:20
[0]:226493463 [1]:53036238 [2]:7 [3]:17
[0]:227716034 [1]:54114889 [2]:7 [3]:19
[0]:228857643 [1]:55134187 [2]:7 [3]:17
[0]:229970588 [1]:56118818 [2]:7 [3]:19
[0]:231068546 [1]:57095997 [2]:7 [3]:54
[0]:232182021 [1]:58083344 [2]:7 [3]:56
[0]:233291428 [1]:59058848 [2]:7 [3]:20
[0]:234409182 [1]:60047640 [2]:7 [3]:17
[0]:235497775 [1]:61016160 [2]:7 [3]:57
[0]:236634675 [1]:62026184 [2]:7 [3]:19
[0]:237788086 [1]:63044304 [2]:7 [3]:13
[0]:238896198 [1]:64027911 [2]:7 [3]:12
[0]:239986316 [1]:64991090 [2]:7 [3]:16
[0]:241085994 [1]:65969453 [2]:7 [3]:24
[0]:242239078 [1]:66988132 [2]:7 [3]:17
[0]:243627121 [1]:68224221 [2]:7 [3]:54
[0]:245011663 [1]:69450491 [2]:7 [3]:49
[0]:246452582 [1]:70729528 [2]:7 [3]:18
[0]:247858971 [1]:71971222 [2]:7 [3]:55
[0]:249141118 [1]:73109461 [2]:7 [3]:20
[0]:250423710 [1]:74246583 [2]:7 [3]:24
[0]:251644061 [1]:75326249 [2]:7 [3]:15
[0]:252890287 [1]:76433149 [2]:7 [3]:16
[0]:254172243 [1]:77568908 [2]:7 [3]:13
[0]:255419746 [1]:78676128 [2]:7 [3]:9
[0]:256687942 [1]:79800786 [2]:7 [3]:14
[0]:257938321 [1]:80911419 [2]:7 [3]:54
[0]:259200513 [1]:82021825 [2]:7 [3]:16
[0]:260464195 [1]:83145409 [2]:7 [3]:11
[0]:261743520 [1]:84285573 [2]:7 [3]:15
[0]:262979287 [1]:85375462 [2]:7 [3]:19
[0]:264235494 [1]:86490461 [2]:7 [3]:58
[0]:265518778 [1]:87623895 [2]:7 [3]:20
[0]:266751559 [1]:88716328 [2]:7 [3]:17
[0]:268032736 [1]:89857073 [2]:7 [3]:15
[0]:269338010 [1]:91014519 [2]:7 [3]:16
[0]:270538267 [1]:92078796 [2]:7 [3]:15
[0]:271779999 [1]:93182520 [2]:7 [3]:17
[0]:272911964 [1]:94181459 [2]:7 [3]:20
[0]:274042581 [1]:95178592 [2]:7 [3]:17
[0]:275099197 [1]:96118526 [2]:7 [3]:12
[0]:276207153 [1]:97100832 [2]:7 [3]:21
[0]:277319679 [1]:98090539 [2]:7 [3]:17
[0]:278417737 [1]:99057218 [2]:7 [3]:56
[0]:279521572 [1]:100036411 [2]:7 [3]:19
[0]:280633583 [1]:101023987 [2]:7 [3]:51
[0]:281731577 [1]:101999209 [2]:7 [3]:16
[0]:282855747 [1]:102996191 [2]:7 [3]:64
[0]:283996315 [1]:104004484 [2]:7 [3]:16
[0]:285137141 [1]:105014082 [2]:7 [3]:19
[0]:286398224 [1]:106129353 [2]:7 [3]:15
[0]:287809652 [1]:107380835 [2]:7 [3]:21
[0]:289124741 [1]:108544937 [2]:7 [3]:14
[0]:290324893 [1]:109610353 [2]:7 [3]:13
[0]:291531891 [1]:110680579 [2]:7 [3]:12
[0]:292630259 [1]:111658302 [2]:7 [3]:60
[0]:293741412 [1]:112638255 [2]:7 [3]:55
[0]:294824330 [1]:113598334 [2]:7 [3]:17
[0]:295934109 [1]:114577348 [2]:7 [3]:49
[0]:297037953 [1]:115555839 [2]:7 [3]:13
[0]:298162040 [1]:116552176 [2]:7 [3]:19
[0]:299267915 [1]:117535979 [2]:7 [3]:13
[0]:300393100 [1]:118533554 [2]:7 [3]:52
[0]:301514201 [1]:119530907 [2]:7 [3]:18
[0]:302596543 [1]:120484716 [2]:7 [3]:15
[0]:303682064 [1]:121447125 [2]:7 [3]:53
[0]:305028441 [1]:122636743 [2]:7 [3]:52
[0]:306321659 [1]:123776457 [2]:7 [3]:19
[0]:307634262 [1]:124944294 [2]:7 [3]:17
[0]:309031571 [1]:126177475 [2]:7 [3]:16
[0]:310313748 [1]:127316467 [2]:7 [3]:11
[0]:311957890 [1]:128770819 [2]:7 [3]:62
[0]:313192036 [1]:129858428 [2]:7 [3]:19
[0]:314454563 [1]:130978383 [2]:7 [3]:12
[0]:315699539 [1]:132085440 [2]:7 [3]:19
[0]:316887679 [1]:133140828 [2]:7 [3]:17
[0]:318124546 [1]:134240031 [2]:7 [3]:15
[0]:319300643 [1]:135279904 [2]:7 [3]:19
[0]:320542047 [1]:136377109 [2]:7 [3]:19
[0]:321776083 [1]:137474960 [2]:7 [3]:17
[0]:323014226 [1]:138574596 [2]:7 [3]:16
[0]:324270183 [1]:139690867 [2]:7 [3]:10
[0]:325548796 [1]:140826145 [2]:7 [3]:18
[0]:326903218 [1]:142024901 [2]:7 [3]:20
[0]:328173698 [1]:143146128 [2]:7 [3]:17
[0]:329443178 [1]:144272850 [2]:7 [3]:18
[0]:330749925 [1]:145429696 [2]:7 [3]:18
[0]:331970247 [1]:146514446 [2]:7 [3]:53
[0]:333116890 [1]:147534513 [2]:7 [3]:53
[0]:334255056 [1]:148540446 [2]:7 [3]:19
[0]:335408919 [1]:149561504 [2]:7 [3]:14
[0]:336552202 [1]:150582051 [2]:7 [3]:58
[0]:337737353 [1]:151632773 [2]:7 [3]:16
[0]:338841814 [1]:152606258 [2]:7 [3]:17
[0]:339983807 [1]:153620666 [2]:7 [3]:15
[0]:341112415 [1]:154619246 [2]:7 [3]:22
[0]:342235994 [1]:155615685 [2]:7 [3]:21
[0]:343335706 [1]:156581535 [2]:7 [3]:17
[0]:344431348 [1]:157555579 [2]:7 [3]:14
[0]:345557333 [1]:158548530 [2]:7 [3]:55
[0]:346710795 [1]:159578091 [2]:7 [3]:57
[0]:347932136 [1]:160652967 [2]:7 [3]:59
[0]:349371571 [1]:161930626 [2]:7 [3]:22
[0]:350573176 [1]:162994219 [2]:7 [3]:58
[0]:351683954 [1]:163975829 [2]:7 [3]:24
[0]:352809200 [1]:164971078 [2]:7 [3]:64
[0]:353942975 [1]:165971578 [2]:7 [3]:18
[0]:355074138 [1]:166979219 [2]:7 [3]:19
[0]:356205512 [1]:167978193 [2]:7 [3]:55
[0]:357305372 [1]:168955209 [2]:7 [3]:18
[0]:358569500 [1]:170073791 [2]:7 [3]:17
[0]:359791099 [1]:171160713 [2]:7 [3]:21
[0]:360892036 [1]:172133987 [2]:7 [3]:16
[0]:361972626 [1]:173084550 [2]:7 [3]:17
[0]:363078231 [1]:174070217 [2]:7 [3]:61
[0]:364169390 [1]:175038290 [2]:7 [3]:15
[0]:365293906 [1]:176029609 [2]:7 [3]:53
[0]:366570970 [1]:177164037 [2]:7 [3]:15
[0]:367966355 [1]:178399948 [2]:7 [3]:12
[0]:369291295 [1]:179581640 [2]:7 [3]:59
[0]:370541760 [1]:180688223 [2]:7 [3]:12
[0]:371752777 [1]:181759747 [2]:7 [3]:16
[0]:373077625 [1]:182932852 [2]:7 [3]:54
[0]:374339772 [1]:184052299 [2]:7 [3]:16
[0]:375625634 [1]:185189917 [2]:7 [3]:18
[0]:376823672 [1]:186249235 [2]:7 [3]:17
[0]:378115843 [1]:187392647 [2]:7 [3]:54
[0]:379381340 [1]:188518020 [2]:7 [3]:14
[0]:380583177 [1]:189579246 [2]:7 [3]:17
[0]:381799240 [1]:190661257 [2]:7 [3]:62
[0]:383389109 [1]:192071183 [2]:7 [3]:17
[0]:384670594 [1]:193205896 [2]:7 [3]:22
[0]:385904404 [1]:194297662 [2]:7 [3]:15
[0]:387136625 [1]:195395928 [2]:7 [3]:11
[0]:388347624 [1]:196473597 [2]:7 [3]:59
[0]:389629571 [1]:197608296 [2]:7 [3]:15
[0]:390956378 [1]:198785776 [2]:7 [3]:14
