[0]:59271838 [1]:59271838 [2]:0 [3]:139
[0]:59418214 [1]:59418214 [2]:0 [3]:262
[0]:59553961 [1]:59553961 [2]:0 [3]:530
[0]:59691555 [1]:59691555 [2]:0 [3]:185
[0]:59834931 [1]:59834931 [2]:0 [3]:547
[0]:59970291 [1]:59970292 [2]:0 [3]:135
[0]:60113450 [1]:60113450 [2]:0 [3]:116
[0]:60259457 [1]:60259457 [2]:0 [3]:105
[0]:60398335 [1]:60398336 [2]:0 [3]:160
[0]:60538083 [1]:60538084 [2]:0 [3]:145
[0]:60683048 [1]:60683051 [2]:0 [3]:531
[0]:60831776 [1]:60831776 [2]:0 [3]:141
[0]:60968066 [1]:60968067 [2]:0 [3]:145
[0]:61116581 [1]:61116582 [2]:0 [3]:157
[0]:61250353 [1]:61250353 [2]:0 [3]:154
[0]:61405981 [1]:61405981 [2]:0 [3]:553
[0]:61544279 [1]:61544279 [2]:0 [3]:541
[0]:61718978 [1]:61718978 [2]:0 [3]:97
[0]:61856642 [1]:61856643 [2]:0 [3]:543
[0]:61995148 [1]:61995148 [2]:0 [3]:150
[0]:62133065 [1]:62133065 [2]:0 [3]:101
[0]:62294900 [1]:62294900 [2]:0 [3]:148
[0]:62430153 [1]:62430152 [2]:0 [3]:557
[0]:62565156 [1]:62565156 [2]:0 [3]:548
[0]:62708776 [1]:62708776 [2]:0 [3]:548
[0]:62849404 [1]:62849403 [2]:0 [3]:530
[0]:63016610 [1]:63016610 [2]:0 [3]:540
[0]:63159990 [1]:63159991 [2]:0 [3]:488
[0]:63297903 [1]:63297904 [2]:0 [3]:128
[0]:63438567 [1]:63438567 [2]:0 [3]:107
[0]:63580603 [1]:63580604 [2]:0 [3]:380
[0]:63724248 [1]:63724248 [2]:0 [3]:410
[0]:63862078 [1]:63862078 [2]:0 [3]:135
[0]:64003760 [1]:64003760 [2]:0 [3]:200
[0]:64139170 [1]:64139170 [2]:0 [3]:569
[0]:64282166 [1]:64282168 [2]:0 [3]:523
[0]:64423279 [1]:64423280 [2]:0 [3]:165
[0]:64563828 [1]:64563828 [2]:0 [3]:169
[0]:64709838 [1]:64709839 [2]:0 [3]:176
[0]:64850526 [1]:64850526 [2]:0 [3]:214
[0]:64988462 [1]:64988462 [2]:0 [3]:156
[0]:65124066 [1]:65124066 [2]:0 [3]:542
[0]:65267185 [1]:65267185 [2]:0 [3]:565
[0]:65412317 [1]:65412317 [2]:0 [3]:550
[0]:65543969 [1]:65543969 [2]:0 [3]:564
[0]:65678726 [1]:65678726 [2]:0 [3]:562
[0]:65850698 [1]:65850699 [2]:0 [3]:524
[0]:65991616 [1]:65991616 [2]:0 [3]:535
[0]:66134938 [1]:66134938 [2]:0 [3]:551
[0]:66375678 [1]:66375678 [2]:0 [3]:187
[0]:66514402 [1]:66514402 [2]:0 [3]:157
[0]:66668402 [1]:66668404 [2]:0 [3]:146
[0]:66847142 [1]:66847143 [2]:0 [3]:118
[0]:66986503 [1]:66986503 [2]:0 [3]:201
[0]:67130774 [1]:67130774 [2]:0 [3]:129
[0]:67276162 [1]:67276162 [2]:0 [3]:553
[0]:67414256 [1]:67414256 [2]:0 [3]:544
[0]:67546802 [1]:67546802 [2]:0 [3]:552
[0]:67719292 [1]:67719292 [2]:0 [3]:164
[0]:67859803 [1]:67859802 [2]:0 [3]:549
[0]:68003198 [1]:68003200 [2]:0 [3]:137
[0]:68143024 [1]:68143025 [2]:0 [3]:549
[0]:68290005 [1]:68290005 [2]:0 [3]:101
[0]:68428849 [1]:68428849 [2]:0 [3]:537
[0]:68568351 [1]:68568352 [2]:0 [3]:569
[0]:68706526 [1]:68706526 [2]:0 [3]:108
[0]:68855158 [1]:68855158 [2]:0 [3]:202
[0]:68998434 [1]:68998434 [2]:0 [3]:534
[0]:69137914 [1]:69137914 [2]:0 [3]:542
[0]:69372999 [1]:69372999 [2]:0 [3]:573
[0]:69521258 [1]:69521256 [2]:0 [3]:138
[0]:69659246 [1]:69659246 [2]:0 [3]:540
[0]:69807641 [1]:69807641 [2]:0 [3]:565
[0]:69943114 [1]:69943114 [2]:0 [3]:100
[0]:70102387 [1]:70102387 [2]:0 [3]:178
[0]:70237648 [1]:70237648 [2]:0 [3]:224
[0]:70380994 [1]:70380994 [2]:0 [3]:119
[0]:70518878 [1]:70518878 [2]:0 [3]:184
[0]:70662308 [1]:70662308 [2]:0 [3]:136
[0]:70800245 [1]:70800246 [2]:0 [3]:570
[0]:70950271 [1]:70950273 [2]:0 [3]:170
[0]:71092098 [1]:71092098 [2]:0 [3]:151
[0]:71246058 [1]:71246060 [2]:0 [3]:550
[0]:71384483 [1]:71384483 [2]:0 [3]:536
[0]:71524824 [1]:71524824 [2]:0 [3]:563
[0]:71661703 [1]:71661705 [2]:0 [3]:140
[0]:71795431 [1]:71795431 [2]:0 [3]:140
[0]:71979972 [1]:71979972 [2]:0 [3]:544
[0]:72114016 [1]:72114016 [2]:0 [3]:549
[0]:72259399 [1]:72259399 [2]:0 [3]:192
[0]:72424515 [1]:72424515 [2]:0 [3]:136
[0]:72564936 [1]:72564936 [2]:0 [3]:564
[0]:72708558 [1]:72708558 [2]:0 [3]:128
[0]:72851738 [1]:72851738 [2]:0 [3]:538
[0]:72989752 [1]:72989752 [2]:0 [3]:149
[0]:73127833 [1]:73127833 [2]:0 [3]:557
[0]:73334687 [1]:73334687 [2]:0 [3]:164
[0]:73469967 [1]:73469967 [2]:0 [3]:163
[0]:73623334 [1]:73623334 [2]:0 [3]:150
[0]:73765509 [1]:73765510 [2]:0 [3]:538
[0]:73947115 [1]:73947116 [2]:0 [3]:546
[0]:74085691 [1]:74085691 [2]:0 [3]:553
[0]:74234074 [1]:74234076 [2]:0 [3]:324
[0]:74377684 [1]:74377685 [2]:0 [3]:181
[0]:74543057 [1]:74543058 [2]:0 [3]:528
[0]:74733165 [1]:74733166 [2]:0 [3]:563
[0]:74874197 [1]:74874197 [2]:0 [3]:164
[0]:75027657 [1]:75027657 [2]:0 [3]:565
[0]:75184482 [1]:75184482 [2]:0 [3]:539
[0]:75324976 [1]:75324976 [2]:0 [3]:548
[0]:75463078 [1]:75463081 [2]:0 [3]:556
[0]:75675593 [1]:75675593 [2]:0 [3]:304
[0]:75834784 [1]:75834784 [2]:0 [3]:545
[0]:75988564 [1]:75988564 [2]:0 [3]:294
[0]:76131768 [1]:76131768 [2]:0 [3]:141
[0]:76272452 [1]:76272452 [2]:0 [3]:269
[0]:76417695 [1]:76417695 [2]:0 [3]:525
[0]:76566945 [1]:76566945 [2]:0 [3]:203
[0]:76715457 [1]:76715457 [2]:0 [3]:140
[0]:76901349 [1]:76901349 [2]:0 [3]:555
[0]:77044834 [1]:77044834 [2]:0 [3]:162
[0]:77187428 [1]:77187428 [2]:0 [3]:121
[0]:77338956 [1]:77338956 [2]:0 [3]:151
[0]:77482516 [1]:77482517 [2]:0 [3]:310
[0]:77623321 [1]:77623321 [2]:0 [3]:322
[0]:77791886 [1]:77791887 [2]:0 [3]:352
[0]:77933218 [1]:77933220 [2]:0 [3]:135
[0]:78072958 [1]:78072958 [2]:0 [3]:133
[0]:78207074 [1]:78207074 [2]:0 [3]:147
[0]:78344953 [1]:78344953 [2]:0 [3]:263
[0]:78488504 [1]:78488504 [2]:0 [3]:556
[0]:78641538 [1]:78641539 [2]:0 [3]:538
[0]:78777682 [1]:78777682 [2]:0 [3]:563
[0]:78915719 [1]:78915720 [2]:0 [3]:204
[0]:79066914 [1]:79066914 [2]:0 [3]:528
