[0]:1126369216 [1]:758497899 [2]:7 [3]:15
[0]:1127467104 [1]:759061265 [2]:7 [3]:13
[0]:1128514806 [1]:759601690 [2]:7 [3]:53
[0]:1129573096 [1]:760146070 [2]:7 [3]:47
[0]:1130900645 [1]:760831029 [2]:7 [3]:14
[0]:1131931286 [1]:761364437 [2]:7 [3]:6
[0]:1132977693 [1]:761906267 [2]:7 [3]:11
[0]:1134115651 [1]:762492012 [2]:7 [3]:9
[0]:1135307115 [1]:763105455 [2]:7 [3]:52
[0]:1136585878 [1]:763764549 [2]:7 [3]:10
[0]:1137844897 [1]:764412683 [2]:7 [3]:14
[0]:1139065432 [1]:765041696 [2]:7 [3]:55
[0]:1140273798 [1]:765668629 [2]:7 [3]:50
[0]:1141446396 [1]:766274368 [2]:7 [3]:8
[0]:1142592806 [1]:766863251 [2]:7 [3]:11
[0]:1143716793 [1]:767447534 [2]:7 [3]:11
[0]:1144836500 [1]:768022652 [2]:7 [3]:51
[0]:1145918591 [1]:768578530 [2]:7 [3]:13
[0]:1147152387 [1]:769217055 [2]:7 [3]:16
[0]:1148360375 [1]:769845829 [2]:7 [3]:13
[0]:1149540297 [1]:770457562 [2]:7 [3]:52
[0]:1150678880 [1]:771042375 [2]:7 [3]:17
[0]:1151798022 [1]:771619256 [2]:7 [3]:14
[0]:1152950306 [1]:772217681 [2]:7 [3]:54
[0]:1154111528 [1]:772818321 [2]:7 [3]:56
[0]:1155231976 [1]:773395366 [2]:7 [3]:12
[0]:1156361793 [1]:773980212 [2]:7 [3]:17
[0]:1157546792 [1]:774592749 [2]:7 [3]:50
[0]:1158686385 [1]:775184191 [2]:7 [3]:12
[0]:1159763253 [1]:775743756 [2]:7 [3]:11
[0]:1160790316 [1]:776272002 [2]:7 [3]:56
[0]:1161886929 [1]:776836140 [2]:7 [3]:11
[0]:1162935338 [1]:777377199 [2]:7 [3]:9
[0]:1163935107 [1]:777890020 [2]:7 [3]:12
[0]:1164969328 [1]:778420674 [2]:7 [3]:52
[0]:1165951150 [1]:778925074 [2]:7 [3]:53
[0]:1166982618 [1]:779458762 [2]:7 [3]:15
[0]:1168075884 [1]:780025400 [2]:7 [3]:15
[0]:1169148431 [1]:780579559 [2]:7 [3]:13
[0]:1170198153 [1]:781120819 [2]:7 [3]:15
[0]:1171302353 [1]:781688329 [2]:7 [3]:52
[0]:1172342381 [1]:782222645 [2]:7 [3]:13
[0]:1173793913 [1]:782968614 [2]:7 [3]:16
[0]:1175065578 [1]:783624154 [2]:7 [3]:16
[0]:1176244026 [1]:784228788 [2]:7 [3]:36
[0]:1177289953 [1]:784764903 [2]:7 [3]:15
[0]:1178401132 [1]:785337167 [2]:7 [3]:52
[0]:1179455131 [1]:785878451 [2]:7 [3]:12
[0]:1180481305 [1]:786404130 [2]:7 [3]:13
[0]:1181540567 [1]:786949220 [2]:7 [3]:13
[0]:1182536178 [1]:787464290 [2]:7 [3]:9
[0]:1183562505 [1]:787992915 [2]:7 [3]:13
[0]:1184569636 [1]:788508900 [2]:7 [3]:12
[0]:1185552555 [1]:789020399 [2]:7 [3]:12
[0]:1186593643 [1]:789557991 [2]:7 [3]:13
[0]:1187657576 [1]:790110706 [2]:7 [3]:59
[0]:1188799700 [1]:790699304 [2]:7 [3]:13
[0]:1189938754 [1]:791286671 [2]:7 [3]:10
[0]:1191305299 [1]:791990279 [2]:7 [3]:15
[0]:1192501710 [1]:792605179 [2]:7 [3]:13
[0]:1193623058 [1]:793181862 [2]:7 [3]:16
[0]:1194787496 [1]:793783518 [2]:7 [3]:54
[0]:1195987065 [1]:794401239 [2]:7 [3]:53
[0]:1197143446 [1]:794992159 [2]:7 [3]:13
[0]:1198245319 [1]:795564260 [2]:7 [3]:13
[0]:1199444835 [1]:796178532 [2]:7 [3]:13
[0]:1200535104 [1]:796740623 [2]:7 [3]:51
[0]:1201722457 [1]:797352330 [2]:7 [3]:53
[0]:1203541652 [1]:798291447 [2]:7 [3]:13
[0]:1204739852 [1]:798911228 [2]:7 [3]:12
[0]:1205839777 [1]:799475615 [2]:7 [3]:53
[0]:1207019381 [1]:800085541 [2]:7 [3]:16
[0]:1208155525 [1]:800673899 [2]:7 [3]:55
[0]:1209362019 [1]:801299890 [2]:7 [3]:17
[0]:1210471097 [1]:801869924 [2]:7 [3]:52
[0]:1211654920 [1]:802481690 [2]:7 [3]:52
[0]:1212833008 [1]:803088364 [2]:7 [3]:57
[0]:1213950220 [1]:803665340 [2]:7 [3]:13
[0]:1215472449 [1]:804446664 [2]:7 [3]:11
[0]:1216505554 [1]:804983784 [2]:7 [3]:14
[0]:1217581680 [1]:805542764 [2]:7 [3]:56
[0]:1218607237 [1]:806070858 [2]:7 [3]:16
[0]:1219680139 [1]:806626150 [2]:7 [3]:9
[0]:1220693932 [1]:807150270 [2]:7 [3]:51
[0]:1221713704 [1]:807677946 [2]:7 [3]:47
[0]:1222754106 [1]:808214204 [2]:7 [3]:12
[0]:1223773688 [1]:808738332 [2]:7 [3]:13
[0]:1224822052 [1]:809282406 [2]:7 [3]:19
[0]:1225847148 [1]:809811789 [2]:7 [3]:14
[0]:1226886369 [1]:810344357 [2]:7 [3]:13
[0]:1227901858 [1]:810863167 [2]:7 [3]:51
[0]:1228990142 [1]:811427029 [2]:7 [3]:51
