[0]:154476839 [1]:16850818 [2]:95 [3]:358
[0]:154674849 [1]:16884882 [2]:95 [3]:361
[0]:154891734 [1]:16922136 [2]:95 [3]:361
[0]:155093487 [1]:16956801 [2]:95 [3]:362
[0]:155291657 [1]:16990928 [2]:95 [3]:364
[0]:155485195 [1]:17024314 [2]:95 [3]:60
[0]:155693134 [1]:17060100 [2]:95 [3]:363
[0]:155885457 [1]:17093313 [2]:95 [3]:67
[0]:156086799 [1]:17128102 [2]:95 [3]:361
[0]:156285090 [1]:17162228 [2]:95 [3]:60
[0]:156483118 [1]:17196247 [2]:95 [3]:75
[0]:156684849 [1]:17230992 [2]:95 [3]:373
[0]:156893954 [1]:17267068 [2]:95 [3]:67
[0]:157091757 [1]:17301275 [2]:95 [3]:65
[0]:157304745 [1]:17337875 [2]:95 [3]:359
[0]:157506604 [1]:17372603 [2]:95 [3]:57
[0]:157695424 [1]:17404997 [2]:95 [3]:355
[0]:157891517 [1]:17438584 [2]:95 [3]:353
[0]:158117670 [1]:17477170 [2]:95 [3]:65
[0]:158317749 [1]:17511502 [2]:95 [3]:62
[0]:158515752 [1]:17545481 [2]:95 [3]:360
[0]:158702201 [1]:17577621 [2]:95 [3]:63
[0]:158903769 [1]:17612284 [2]:95 [3]:355
[0]:159124795 [1]:17650262 [2]:95 [3]:368
[0]:159318915 [1]:17683838 [2]:95 [3]:61
[0]:159519786 [1]:17718446 [2]:95 [3]:65
[0]:159720853 [1]:17753101 [2]:95 [3]:363
[0]:159916495 [1]:17786811 [2]:95 [3]:365
[0]:160177719 [1]:17831741 [2]:95 [3]:368
[0]:160375634 [1]:17865908 [2]:95 [3]:66
[0]:160565384 [1]:17898750 [2]:95 [3]:74
[0]:160768071 [1]:17933490 [2]:95 [3]:55
[0]:160961355 [1]:17966745 [2]:95 [3]:61
[0]:161159988 [1]:18000862 [2]:95 [3]:371
[0]:161360205 [1]:18035344 [2]:95 [3]:57
[0]:161560130 [1]:18069664 [2]:95 [3]:52
[0]:161769325 [1]:18105751 [2]:95 [3]:366
[0]:161967356 [1]:18139866 [2]:95 [3]:60
[0]:162164675 [1]:18174054 [2]:95 [3]:359
[0]:162363256 [1]:18208150 [2]:95 [3]:367
[0]:162554259 [1]:18240942 [2]:95 [3]:62
[0]:162755108 [1]:18275552 [2]:95 [3]:365
[0]:162945981 [1]:18308354 [2]:95 [3]:371
[0]:163147753 [1]:18343096 [2]:95 [3]:69
[0]:163345552 [1]:18377184 [2]:95 [3]:363
[0]:163532420 [1]:18409470 [2]:95 [3]:361
[0]:163722910 [1]:18442186 [2]:95 [3]:65
[0]:163917105 [1]:18475562 [2]:95 [3]:64
[0]:164111487 [1]:18508936 [2]:95 [3]:354
[0]:164367681 [1]:18552964 [2]:95 [3]:359
[0]:164559815 [1]:18585967 [2]:95 [3]:74
[0]:164765178 [1]:18621228 [2]:95 [3]:367
[0]:164963382 [1]:18655367 [2]:95 [3]:70
[0]:165161324 [1]:18689413 [2]:95 [3]:360
[0]:165364186 [1]:18724277 [2]:95 [3]:366
[0]:165576125 [1]:18760699 [2]:95 [3]:75
[0]:165766685 [1]:18793416 [2]:95 [3]:367
[0]:165961055 [1]:18826807 [2]:95 [3]:80
[0]:166158795 [1]:18860887 [2]:95 [3]:372
[0]:166358244 [1]:18895307 [2]:95 [3]:64
[0]:166558713 [1]:18929841 [2]:95 [3]:365
[0]:166764238 [1]:18965129 [2]:95 [3]:363
[0]:166965972 [1]:18999652 [2]:95 [3]:56
[0]:167164175 [1]:19033751 [2]:95 [3]:362
[0]:167368873 [1]:19068898 [2]:95 [3]:364
[0]:167574708 [1]:19104181 [2]:95 [3]:87
[0]:167772835 [1]:19138313 [2]:95 [3]:362
[0]:167963673 [1]:19171108 [2]:95 [3]:72
[0]:168176163 [1]:19207562 [2]:95 [3]:355
[0]:168370691 [1]:19241106 [2]:95 [3]:366
[0]:168598441 [1]:19280208 [2]:95 [3]:67
[0]:168796879 [1]:19314310 [2]:95 [3]:64
[0]:168994649 [1]:19348326 [2]:95 [3]:359
[0]:169192287 [1]:19382335 [2]:95 [3]:69
