[0]:1017905477 [1]:685123822 [2]:7 [3]:9
[0]:1019171585 [1]:686085175 [2]:7 [3]:17
[0]:1020390681 [1]:687168044 [2]:7 [3]:19
[0]:1021638469 [1]:688270864 [2]:7 [3]:22
[0]:1022919822 [1]:689403389 [2]:7 [3]:14
[0]:1024152217 [1]:690500705 [2]:7 [3]:16
[0]:1025458236 [1]:691661800 [2]:7 [3]:50
[0]:1026642905 [1]:692716123 [2]:7 [3]:21
[0]:1027875689 [1]:693811173 [2]:7 [3]:17
[0]:1029157638 [1]:694941510 [2]:7 [3]:17
[0]:1030390824 [1]:696032839 [2]:7 [3]:54
[0]:1031673084 [1]:697160586 [2]:7 [3]:24
[0]:1032897175 [1]:698246449 [2]:7 [3]:16
[0]:1034212710 [1]:699409241 [2]:7 [3]:18
[0]:1035591271 [1]:700631674 [2]:7 [3]:21
[0]:1036704107 [1]:701619442 [2]:7 [3]:14
[0]:1037805119 [1]:702594682 [2]:7 [3]:9
[0]:1038893159 [1]:703558315 [2]:7 [3]:14
[0]:1040002232 [1]:704545102 [2]:7 [3]:20
[0]:1041150814 [1]:705560237 [2]:7 [3]:16
[0]:1042288492 [1]:706570329 [2]:7 [3]:13
[0]:1043400815 [1]:707556103 [2]:7 [3]:14
[0]:1044556297 [1]:708583317 [2]:7 [3]:17
[0]:1045710719 [1]:709608404 [2]:7 [3]:13
[0]:1046814441 [1]:710590086 [2]:7 [3]:21
[0]:1047947847 [1]:711600632 [2]:7 [3]:14
[0]:1049026866 [1]:712559549 [2]:7 [3]:14
[0]:1050148750 [1]:713550585 [2]:7 [3]:22
[0]:1051485036 [1]:714731926 [2]:7 [3]:14
[0]:1053096142 [1]:716157139 [2]:7 [3]:19
[0]:1054486855 [1]:717387581 [2]:7 [3]:13
[0]:1055784698 [1]:718535907 [2]:7 [3]:16
[0]:1056967170 [1]:719587415 [2]:7 [3]:13
[0]:1058079453 [1]:720569084 [2]:7 [3]:18
[0]:1059164213 [1]:721534296 [2]:7 [3]:22
[0]:1060303472 [1]:722543764 [2]:7 [3]:18
[0]:1061399982 [1]:723517070 [2]:7 [3]:19
[0]:1062521650 [1]:724507739 [2]:7 [3]:18
[0]:1063641387 [1]:725500299 [2]:7 [3]:15
[0]:1064728621 [1]:726465216 [2]:7 [3]:52
[0]:1065866294 [1]:727467665 [2]:7 [3]:20
[0]:1067000796 [1]:728470309 [2]:7 [3]:10
[0]:1068072897 [1]:729420048 [2]:7 [3]:51
[0]:1069181377 [1]:730405631 [2]:7 [3]:19
[0]:1070367815 [1]:731453568 [2]:7 [3]:54
[0]:1071737428 [1]:732663575 [2]:7 [3]:55
[0]:1073151964 [1]:733924543 [2]:7 [3]:16
[0]:1074719455 [1]:735312603 [2]:7 [3]:56
[0]:1075975824 [1]:736428262 [2]:7 [3]:16
[0]:1077204270 [1]:737511773 [2]:7 [3]:18
[0]:1078466312 [1]:738639328 [2]:7 [3]:18
[0]:1079699592 [1]:739730300 [2]:7 [3]:52
[0]:1080956274 [1]:740842426 [2]:7 [3]:57
[0]:1082191063 [1]:741941200 [2]:7 [3]:14
[0]:1083531467 [1]:743127275 [2]:7 [3]:15
[0]:1084753581 [1]:744207984 [2]:7 [3]:16
[0]:1085939723 [1]:745259162 [2]:7 [3]:18
[0]:1087125160 [1]:746312449 [2]:7 [3]:19
[0]:1088415363 [1]:747458066 [2]:7 [3]:18
[0]:1089805427 [1]:748693773 [2]:7 [3]:23
[0]:1091065448 [1]:749811003 [2]:7 [3]:18
[0]:1092284806 [1]:750889091 [2]:7 [3]:22
[0]:1093499331 [1]:751969661 [2]:7 [3]:16
[0]:1094710946 [1]:753043253 [2]:7 [3]:18
[0]:1095946888 [1]:754137924 [2]:7 [3]:20
[0]:1097157113 [1]:755214341 [2]:7 [3]:19
[0]:1098318641 [1]:756247811 [2]:7 [3]:15
[0]:1099503582 [1]:757299403 [2]:7 [3]:16
[0]:1100581979 [1]:758253683 [2]:7 [3]:17
[0]:1101856619 [1]:759383863 [2]:7 [3]:17
[0]:1102972698 [1]:760375794 [2]:7 [3]:11
[0]:1104097645 [1]:761369582 [2]:7 [3]:17
[0]:1105209280 [1]:762359708 [2]:7 [3]:10
[0]:1106350998 [1]:763370968 [2]:7 [3]:20
[0]:1107530040 [1]:764414486 [2]:7 [3]:19
[0]:1108618024 [1]:765380319 [2]:7 [3]:20
[0]:1109729171 [1]:766361836 [2]:7 [3]:16
[0]:1110828117 [1]:767338331 [2]:7 [3]:56
[0]:1111930728 [1]:768314894 [2]:7 [3]:15
[0]:1113044033 [1]:769293774 [2]:7 [3]:17
