[0]:80473563 [1]:10464047 [2]:147 [3]:366
[0]:80663891 [1]:10507970 [2]:147 [3]:360
[0]:80851099 [1]:10551258 [2]:147 [3]:355
[0]:81044438 [1]:10595939 [2]:147 [3]:361
[0]:81235437 [1]:10640061 [2]:147 [3]:362
[0]:81432888 [1]:10685579 [2]:147 [3]:358
[0]:81626948 [1]:10730490 [2]:147 [3]:365
[0]:81825486 [1]:10776384 [2]:147 [3]:366
[0]:82057014 [1]:10829859 [2]:147 [3]:53
[0]:82267709 [1]:10878563 [2]:151 [3]:360
[0]:82469654 [1]:10925156 [2]:151 [3]:359
[0]:82671681 [1]:10971886 [2]:151 [3]:56
[0]:82862280 [1]:11015941 [2]:151 [3]:361
[0]:83056119 [1]:11060770 [2]:151 [3]:366
[0]:83246722 [1]:11104873 [2]:151 [3]:356
[0]:83440675 [1]:11149683 [2]:151 [3]:366
[0]:83644931 [1]:11196886 [2]:151 [3]:355
[0]:83846597 [1]:11243481 [2]:151 [3]:360
[0]:84032874 [1]:11286534 [2]:151 [3]:353
[0]:84232110 [1]:11332510 [2]:151 [3]:61
[0]:84436495 [1]:11379774 [2]:151 [3]:361
[0]:84661311 [1]:11431644 [2]:151 [3]:363
[0]:84855340 [1]:11476510 [2]:151 [3]:358
[0]:85053956 [1]:11522401 [2]:155 [3]:365
[0]:85244535 [1]:11566443 [2]:155 [3]:360
[0]:85438645 [1]:11611332 [2]:155 [3]:357
[0]:85627433 [1]:11654912 [2]:155 [3]:65
[0]:85885557 [1]:11714511 [2]:155 [3]:367
[0]:86087738 [1]:11761133 [2]:155 [3]:360
[0]:86292061 [1]:11808305 [2]:155 [3]:361
[0]:86493766 [1]:11854912 [2]:155 [3]:56
[0]:86688567 [1]:11899936 [2]:155 [3]:364
[0]:86934372 [1]:11956698 [2]:155 [3]:359
[0]:87139693 [1]:12004106 [2]:155 [3]:356
[0]:87339930 [1]:12050425 [2]:155 [3]:364
[0]:87527796 [1]:12093865 [2]:155 [3]:361
[0]:87733222 [1]:12141314 [2]:155 [3]:358
[0]:87927171 [1]:12186120 [2]:158 [3]:365
[0]:88113529 [1]:12229065 [2]:158 [3]:360
[0]:88310716 [1]:12274634 [2]:158 [3]:363
[0]:88520071 [1]:12323008 [2]:158 [3]:361
[0]:88712050 [1]:12367395 [2]:158 [3]:359
[0]:88908634 [1]:12412783 [2]:158 [3]:362
[0]:89110532 [1]:12459393 [2]:158 [3]:362
[0]:89303923 [1]:12504093 [2]:158 [3]:370
[0]:89501764 [1]:12549833 [2]:158 [3]:358
[0]:89744957 [1]:12606069 [2]:158 [3]:362
[0]:89934571 [1]:12649848 [2]:158 [3]:353
[0]:90144079 [1]:12698186 [2]:158 [3]:362
[0]:90338240 [1]:12743052 [2]:158 [3]:363
[0]:90540127 [1]:12789803 [2]:158 [3]:363
[0]:90737878 [1]:12835366 [2]:160 [3]:361
[0]:90939322 [1]:12881950 [2]:160 [3]:363
[0]:91137224 [1]:12927669 [2]:160 [3]:363
[0]:91368680 [1]:12981159 [2]:160 [3]:369
[0]:91566395 [1]:13026791 [2]:160 [3]:361
[0]:91759777 [1]:13071396 [2]:160 [3]:365
[0]:91975208 [1]:13121218 [2]:160 [3]:362
[0]:92170841 [1]:13166445 [2]:160 [3]:368
[0]:92365537 [1]:13211405 [2]:160 [3]:365
[0]:92562861 [1]:13256954 [2]:160 [3]:364
[0]:92758659 [1]:13302091 [2]:160 [3]:356
[0]:92950822 [1]:13346471 [2]:160 [3]:362
[0]:93145104 [1]:13391398 [2]:160 [3]:57
[0]:93342884 [1]:13437121 [2]:160 [3]:364
[0]:93533423 [1]:13481116 [2]:161 [3]:358
[0]:93733324 [1]:13527314 [2]:161 [3]:57
[0]:93962529 [1]:13580279 [2]:161 [3]:367
[0]:94149322 [1]:13623369 [2]:161 [3]:356
[0]:94346595 [1]:13669098 [2]:161 [3]:58
[0]:94552288 [1]:13716555 [2]:161 [3]:362
[0]:94739423 [1]:13759818 [2]:161 [3]:361
[0]:94954979 [1]:13809610 [2]:161 [3]:362
[0]:95162734 [1]:13857572 [2]:161 [3]:65
[0]:95361854 [1]:13903598 [2]:161 [3]:361
[0]:95564237 [1]:13950269 [2]:161 [3]:360
[0]:95760282 [1]:13995571 [2]:161 [3]:64
[0]:95962382 [1]:14042351 [2]:161 [3]:355
[0]:96168134 [1]:14089893 [2]:161 [3]:358
[0]:96366371 [1]:14135593 [2]:162 [3]:364
[0]:96560316 [1]:14180430 [2]:162 [3]:361
[0]:96765346 [1]:14227855 [2]:162 [3]:359
[0]:96951444 [1]:14270888 [2]:162 [3]:358
[0]:97145957 [1]:14315787 [2]:162 [3]:359
[0]:97344126 [1]:14361538 [2]:162 [3]:358
[0]:97536295 [1]:14405906 [2]:162 [3]:367
[0]:97735196 [1]:14451907 [2]:162 [3]:365
[0]:97948719 [1]:14501276 [2]:162 [3]:67
[0]:98135441 [1]:14544401 [2]:162 [3]:354
[0]:98327727 [1]:14588816 [2]:162 [3]:58
[0]:98523402 [1]:14634034 [2]:162 [3]:67
[0]:98725125 [1]:14680637 [2]:162 [3]:365
[0]:98924121 [1]:14726710 [2]:162 [3]:357
[0]:99115050 [1]:14770836 [2]:163 [3]:360
[0]:99309884 [1]:14815763 [2]:163 [3]:364
[0]:99514777 [1]:14863132 [2]:163 [3]:358
[0]:99701443 [1]:14906285 [2]:163 [3]:362
[0]:99907382 [1]:14953881 [2]:163 [3]:359
[0]:100107442 [1]:15000045 [2]:163 [3]:365
[0]:100300120 [1]:15044569 [2]:163 [3]:356
[0]:100497855 [1]:15090258 [2]:163 [3]:362
[0]:100695663 [1]:15135965 [2]:163 [3]:358
[0]:100891549 [1]:15181177 [2]:163 [3]:53
[0]:101102601 [1]:15229879 [2]:163 [3]:357
[0]:101315482 [1]:15279056 [2]:163 [3]:359
[0]:101505638 [1]:15322988 [2]:163 [3]:58
[0]:101722224 [1]:15373055 [2]:163 [3]:366
[0]:101916216 [1]:15417887 [2]:164 [3]:360
[0]:102106141 [1]:15461722 [2]:164 [3]:354
[0]:102315498 [1]:15510169 [2]:164 [3]:358
[0]:102569346 [1]:15568829 [2]:164 [3]:60
[0]:102755967 [1]:15611966 [2]:164 [3]:363
[0]:102966534 [1]:15660581 [2]:164 [3]:361
[0]:103170412 [1]:15707652 [2]:164 [3]:359
[0]:103372949 [1]:15754408 [2]:164 [3]:365
[0]:103573423 [1]:15800799 [2]:164 [3]:360
[0]:103767094 [1]:15845563 [2]:164 [3]:362
[0]:103961612 [1]:15890430 [2]:164 [3]:362
[0]:104174390 [1]:15939540 [2]:164 [3]:362
[0]:104364417 [1]:15983425 [2]:164 [3]:363
[0]:104552298 [1]:16026868 [2]:164 [3]:363
[0]:104753506 [1]:16073249 [2]:164 [3]:360
[0]:104947016 [1]:16118017 [2]:164 [3]:363
[0]:105137266 [1]:16161976 [2]:164 [3]:57
[0]:105338637 [1]:16208495 [2]:164 [3]:362
[0]:105566706 [1]:16261212 [2]:164 [3]:363
[0]:105778928 [1]:16310244 [2]:164 [3]:358
[0]:105980799 [1]:16356910 [2]:164 [3]:362
[0]:106178018 [1]:16402526 [2]:164 [3]:359
[0]:106365251 [1]:16445779 [2]:164 [3]:363
[0]:106647858 [1]:16511004 [2]:164 [3]:361
[0]:106843010 [1]:16556083 [2]:164 [3]:356
[0]:107039077 [1]:16601391 [2]:164 [3]:362
[0]:107224276 [1]:16644185 [2]:164 [3]:359
[0]:107429039 [1]:16691455 [2]:164 [3]:359
[0]:107629939 [1]:16737784 [2]:164 [3]:362
[0]:107836034 [1]:16785390 [2]:164 [3]:57
[0]:108033189 [1]:16830948 [2]:164 [3]:359
[0]:108260339 [1]:16883552 [2]:164 [3]:365
[0]:108455399 [1]:16928714 [2]:164 [3]:355
[0]:108671942 [1]:16978678 [2]:164 [3]:355
[0]:108880987 [1]:17026990 [2]:164 [3]:59
[0]:109073942 [1]:17071602 [2]:164 [3]:360
[0]:109266707 [1]:17116115 [2]:164 [3]:366
[0]:109455753 [1]:17159691 [2]:164 [3]:366
[0]:109649893 [1]:17204546 [2]:164 [3]:361
[0]:109855304 [1]:17251994 [2]:164 [3]:370
[0]:110052854 [1]:17297653 [2]:164 [3]:366
[0]:110239617 [1]:17340828 [2]:164 [3]:360
[0]:110433533 [1]:17385568 [2]:164 [3]:359
[0]:110620840 [1]:17428875 [2]:164 [3]:356
[0]:110855351 [1]:17483023 [2]:164 [3]:366
[0]:111079120 [1]:17534679 [2]:164 [3]:367
[0]:111296634 [1]:17584848 [2]:164 [3]:361
[0]:111508636 [1]:17633861 [2]:164 [3]:356
[0]:111700339 [1]:17678167 [2]:164 [3]:357
[0]:111899133 [1]:17724128 [2]:164 [3]:364
[0]:112094552 [1]:17769265 [2]:164 [3]:66
[0]:112281041 [1]:17812315 [2]:164 [3]:367
[0]:112481843 [1]:17858707 [2]:164 [3]:64
[0]:112715840 [1]:17912756 [2]:164 [3]:365
[0]:112926776 [1]:17961539 [2]:164 [3]:358
[0]:113125726 [1]:18007456 [2]:164 [3]:361
[0]:113326425 [1]:18053771 [2]:164 [3]:359
[0]:113524111 [1]:18099448 [2]:164 [3]:358
[0]:113717957 [1]:18144214 [2]:164 [3]:361
[0]:113936444 [1]:18194761 [2]:164 [3]:64
[0]:114134920 [1]:18240564 [2]:164 [3]:356
[0]:114332841 [1]:18286243 [2]:164 [3]:356
[0]:114532101 [1]:18332340 [2]:164 [3]:363
[0]:114725936 [1]:18377130 [2]:164 [3]:359
[0]:114934902 [1]:18425429 [2]:164 [3]:364
[0]:115178898 [1]:18481698 [2]:164 [3]:357
[0]:115379104 [1]:18527921 [2]:164 [3]:357
[0]:115606888 [1]:18580574 [2]:164 [3]:63
[0]:115792509 [1]:18623561 [2]:164 [3]:357
[0]:115991296 [1]:18669389 [2]:164 [3]:61
[0]:116220705 [1]:18722417 [2]:164 [3]:363
[0]:116416596 [1]:18767664 [2]:164 [3]:57
[0]:116614587 [1]:18813412 [2]:164 [3]:57
[0]:116823637 [1]:18861714 [2]:164 [3]:357
[0]:117021426 [1]:18907411 [2]:164 [3]:368
[0]:117214671 [1]:18952094 [2]:164 [3]:355
[0]:117413203 [1]:18997908 [2]:164 [3]:362
[0]:117614874 [1]:19044487 [2]:164 [3]:361
[0]:117831949 [1]:19094551 [2]:164 [3]:369
[0]:118035878 [1]:19141677 [2]:164 [3]:356
[0]:118245758 [1]:19190188 [2]:164 [3]:362
[0]:118456876 [1]:19238899 [2]:164 [3]:364
[0]:118667373 [1]:19287560 [2]:164 [3]:362
[0]:118860521 [1]:19332080 [2]:164 [3]:58
[0]:119055577 [1]:19377191 [2]:164 [3]:348
[0]:119249641 [1]:19422089 [2]:164 [3]:361
