[0]:0 [1]:0 [2]:0 [3]:0
[0]:21159 [1]:0 [2]:0 [3]:220
[0]:245247 [1]:0 [2]:0 [3]:315
[0]:476742 [1]:0 [2]:0 [3]:62
[0]:700679 [1]:0 [2]:0 [3]:48
[0]:940676 [1]:0 [2]:0 [3]:55
[0]:1159506 [1]:0 [2]:0 [3]:77
[0]:1435198 [1]:0 [2]:0 [3]:53
[0]:1659354 [1]:0 [2]:0 [3]:316
[0]:1900289 [1]:0 [2]:0 [3]:306
[0]:2142979 [1]:0 [2]:0 [3]:313
[0]:2360996 [1]:0 [2]:0 [3]:305
[0]:2582269 [1]:0 [2]:0 [3]:315
[0]:2812725 [1]:0 [2]:0 [3]:326
[0]:3043061 [1]:0 [2]:0 [3]:67
[0]:3277582 [1]:0 [2]:0 [3]:51
[0]:3513779 [1]:0 [2]:0 [3]:80
[0]:3746792 [1]:0 [2]:0 [3]:55
[0]:3967583 [1]:0 [2]:0 [3]:322
[0]:4193742 [1]:0 [2]:0 [3]:60
[0]:4422333 [1]:0 [2]:0 [3]:82
[0]:4646152 [1]:0 [2]:0 [3]:93
[0]:4919106 [1]:0 [2]:0 [3]:319
[0]:5146219 [1]:0 [2]:0 [3]:87
[0]:5373011 [1]:0 [2]:0 [3]:65
[0]:5610044 [1]:0 [2]:0 [3]:314
[0]:5825059 [1]:0 [2]:0 [3]:326
[0]:6048834 [1]:0 [2]:0 [3]:84
[0]:6280134 [1]:0 [2]:0 [3]:318
[0]:6509629 [1]:0 [2]:0 [3]:48
[0]:6730253 [1]:0 [2]:0 [3]:309
[0]:6955460 [1]:0 [2]:0 [3]:66
[0]:7256512 [1]:0 [2]:0 [3]:309
[0]:7472976 [1]:0 [2]:0 [3]:78
[0]:7701541 [1]:0 [2]:0 [3]:331
[0]:7925382 [1]:0 [2]:0 [3]:318
[0]:8152661 [1]:0 [2]:0 [3]:70
[0]:8377365 [1]:0 [2]:0 [3]:323
[0]:8577797 [1]:20971 [2]:119 [3]:366
[0]:8779697 [1]:43811 [2]:119 [3]:358
[0]:8974651 [1]:65748 [2]:119 [3]:367
[0]:9169247 [1]:87725 [2]:119 [3]:69
[0]:9359786 [1]:109185 [2]:119 [3]:63
[0]:9551069 [1]:130866 [2]:119 [3]:75
[0]:9742579 [1]:152511 [2]:119 [3]:357
[0]:9948104 [1]:175662 [2]:119 [3]:64
[0]:10143602 [1]:197717 [2]:119 [3]:63
[0]:10336963 [1]:219622 [2]:119 [3]:77
[0]:10539612 [1]:242548 [2]:119 [3]:69
[0]:10734090 [1]:264416 [2]:119 [3]:59
[0]:10966497 [1]:290780 [2]:119 [3]:56
[0]:11161779 [1]:312917 [2]:119 [3]:66
[0]:11348011 [1]:334012 [2]:119 [3]:55
[0]:11541724 [1]:355811 [2]:119 [3]:69
[0]:11733830 [1]:377505 [2]:119 [3]:363
[0]:11950496 [1]:401968 [2]:119 [3]:375
[0]:12145874 [1]:423988 [2]:119 [3]:359
[0]:12355437 [1]:447579 [2]:119 [3]:69
[0]:12553578 [1]:469888 [2]:119 [3]:361
[0]:12759707 [1]:493353 [2]:119 [3]:364
[0]:12954510 [1]:515260 [2]:119 [3]:366
[0]:13145290 [1]:536909 [2]:119 [3]:367
[0]:13342015 [1]:559028 [2]:119 [3]:74
[0]:13543770 [1]:581776 [2]:119 [3]:63
[0]:13742066 [1]:604172 [2]:119 [3]:357
[0]:13936787 [1]:626191 [2]:119 [3]:360
[0]:14130080 [1]:648050 [2]:119 [3]:71
[0]:14320468 [1]:669579 [2]:119 [3]:71
[0]:14515513 [1]:691359 [2]:119 [3]:64
[0]:14707732 [1]:712999 [2]:119 [3]:56
[0]:14899863 [1]:734703 [2]:119 [3]:62
[0]:15101224 [1]:757470 [2]:119 [3]:69
[0]:15293860 [1]:779267 [2]:119 [3]:67
[0]:15482011 [1]:800444 [2]:119 [3]:369
[0]:15676830 [1]:822335 [2]:119 [3]:60
[0]:15893358 [1]:846727 [2]:119 [3]:371
[0]:16085914 [1]:868491 [2]:119 [3]:358
[0]:16287389 [1]:891121 [2]:119 [3]:358
[0]:16489734 [1]:913900 [2]:119 [3]:76
[0]:16689443 [1]:936441 [2]:119 [3]:63
[0]:16883584 [1]:958261 [2]:119 [3]:357
[0]:17077795 [1]:980116 [2]:119 [3]:66
[0]:17276230 [1]:1002438 [2]:119 [3]:59
[0]:17478484 [1]:1025179 [2]:119 [3]:354
[0]:17680649 [1]:1048074 [2]:119 [3]:64
[0]:17879007 [1]:1070575 [2]:119 [3]:64
[0]:18070034 [1]:1092164 [2]:119 [3]:63
[0]:18271920 [1]:1114768 [2]:119 [3]:54
[0]:18467291 [1]:1136728 [2]:119 [3]:362
[0]:18654448 [1]:1157776 [2]:119 [3]:371
[0]:18852712 [1]:1180345 [2]:119 [3]:75
[0]:19054844 [1]:1203181 [2]:119 [3]:64
[0]:19249960 [1]:1225206 [2]:119 [3]:353
[0]:19441427 [1]:1246751 [2]:119 [3]:61
[0]:19629410 [1]:1268015 [2]:119 [3]:360
[0]:19833860 [1]:1291109 [2]:119 [3]:60
[0]:20039995 [1]:1314120 [2]:119 [3]:363
[0]:20235046 [1]:1336157 [2]:119 [3]:59
[0]:20459320 [1]:1361454 [2]:119 [3]:70
[0]:20669237 [1]:1385106 [2]:114 [3]:63
[0]:20860340 [1]:1406700 [2]:114 [3]:70
[0]:21103453 [1]:1434153 [2]:114 [3]:364
[0]:21293958 [1]:1455661 [2]:114 [3]:75
[0]:21514901 [1]:1480562 [2]:114 [3]:367
[0]:21713719 [1]:1503020 [2]:114 [3]:71
[0]:21908019 [1]:1524959 [2]:114 [3]:58
[0]:22121512 [1]:1548945 [2]:114 [3]:361
[0]:22327841 [1]:1572111 [2]:114 [3]:380
[0]:22530448 [1]:1594882 [2]:114 [3]:69
[0]:22721451 [1]:1616333 [2]:114 [3]:74
[0]:22915950 [1]:1638233 [2]:114 [3]:65
[0]:23144346 [1]:1663988 [2]:114 [3]:364
[0]:23362080 [1]:1688499 [2]:114 [3]:81
[0]:23560322 [1]:1710883 [2]:114 [3]:363
[0]:23754789 [1]:1732747 [2]:114 [3]:65
[0]:23961208 [1]:1756030 [2]:114 [3]:47
[0]:24166688 [1]:1779367 [2]:114 [3]:363
[0]:24365328 [1]:1801863 [2]:114 [3]:55
[0]:24560067 [1]:1823840 [2]:114 [3]:49
[0]:24754825 [1]:1845730 [2]:114 [3]:352
[0]:24964615 [1]:1869315 [2]:114 [3]:360
[0]:25170778 [1]:1892521 [2]:114 [3]:67
[0]:25360593 [1]:1913972 [2]:114 [3]:372
[0]:25555090 [1]:1935876 [2]:114 [3]:368
[0]:25751077 [1]:1957926 [2]:114 [3]:71
[0]:25953432 [1]:1980828 [2]:114 [3]:61
[0]:26146927 [1]:2002672 [2]:114 [3]:362
[0]:26336901 [1]:2024190 [2]:114 [3]:65
[0]:26543258 [1]:2047454 [2]:114 [3]:66
[0]:26756973 [1]:2071500 [2]:114 [3]:354
[0]:26960550 [1]:2094454 [2]:114 [3]:81
[0]:27163292 [1]:2117324 [2]:114 [3]:54
[0]:27372511 [1]:2140857 [2]:114 [3]:357
[0]:27559730 [1]:2161976 [2]:114 [3]:352
[0]:27764604 [1]:2185030 [2]:114 [3]:63
[0]:27956282 [1]:2206665 [2]:114 [3]:55
[0]:28158936 [1]:2229514 [2]:114 [3]:51
[0]:28370924 [1]:2253419 [2]:114 [3]:72
