[0]:173522282 [1]:19678153 [2]:95 [3]:360
[0]:173723699 [1]:19724691 [2]:95 [3]:61
[0]:173917508 [1]:19769474 [2]:95 [3]:364
[0]:174104492 [1]:19812679 [2]:95 [3]:365
[0]:174298746 [1]:19857574 [2]:95 [3]:358
[0]:174486833 [1]:19901057 [2]:95 [3]:357
[0]:174679417 [1]:19945578 [2]:99 [3]:361
[0]:174881000 [1]:19992201 [2]:99 [3]:59
[0]:175074975 [1]:20037065 [2]:99 [3]:363
[0]:175302819 [1]:20089646 [2]:99 [3]:360
[0]:175508200 [1]:20137133 [2]:99 [3]:352
[0]:175698274 [1]:20181034 [2]:99 [3]:362
[0]:175896088 [1]:20226761 [2]:99 [3]:48
[0]:176086595 [1]:20270769 [2]:99 [3]:362
[0]:176276936 [1]:20314666 [2]:99 [3]:366
[0]:176503749 [1]:20367069 [2]:99 [3]:356
[0]:176702329 [1]:20412974 [2]:99 [3]:57
[0]:176907594 [1]:20460351 [2]:99 [3]:354
[0]:177099152 [1]:20504593 [2]:99 [3]:356
[0]:177299579 [1]:20550873 [2]:99 [3]:356
[0]:177493674 [1]:20595773 [2]:99 [3]:58
[0]:177691457 [1]:20641461 [2]:99 [3]:360
[0]:177885478 [1]:20686334 [2]:99 [3]:364
[0]:178083368 [1]:20732037 [2]:99 [3]:362
[0]:178283856 [1]:20778411 [2]:99 [3]:366
[0]:178475099 [1]:20822657 [2]:99 [3]:366
[0]:178669212 [1]:20867465 [2]:99 [3]:362
[0]:178863366 [1]:20912389 [2]:99 [3]:362
[0]:179061165 [1]:20958041 [2]:99 [3]:55
[0]:179256234 [1]:21003041 [2]:99 [3]:365
[0]:179447887 [1]:21047374 [2]:99 [3]:367
[0]:179658470 [1]:21096037 [2]:99 [3]:61
[0]:179846567 [1]:21139435 [2]:99 [3]:357
[0]:180074551 [1]:21192182 [2]:99 [3]:358
[0]:180266676 [1]:21236569 [2]:99 [3]:365
[0]:180518953 [1]:21294908 [2]:99 [3]:358
[0]:180701726 [1]:21337106 [2]:99 [3]:358
[0]:180904980 [1]:21383983 [2]:99 [3]:61
[0]:181110192 [1]:21431407 [2]:99 [3]:363
[0]:181308072 [1]:21477093 [2]:99 [3]:359
[0]:181498234 [1]:21521036 [2]:99 [3]:57
[0]:181703477 [1]:21568450 [2]:99 [3]:358
[0]:181897634 [1]:21613279 [2]:99 [3]:59
[0]:182101213 [1]:21660298 [2]:99 [3]:365
[0]:182304640 [1]:21707363 [2]:99 [3]:362
[0]:182495056 [1]:21751398 [2]:99 [3]:359
[0]:182695940 [1]:21797737 [2]:99 [3]:359
[0]:182898044 [1]:21844488 [2]:99 [3]:355
[0]:183096012 [1]:21890187 [2]:99 [3]:358
[0]:183292090 [1]:21935477 [2]:99 [3]:62
[0]:183502771 [1]:21984119 [2]:99 [3]:359
[0]:183700570 [1]:22029762 [2]:99 [3]:364
[0]:183894724 [1]:22074658 [2]:99 [3]:363
[0]:184088065 [1]:22119383 [2]:99 [3]:356
[0]:184306789 [1]:22169961 [2]:99 [3]:361
[0]:184496382 [1]:22213746 [2]:99 [3]:360
[0]:184686641 [1]:22257628 [2]:99 [3]:362
[0]:184890825 [1]:22304881 [2]:99 [3]:359
[0]:185085159 [1]:22349812 [2]:99 [3]:355
[0]:185305425 [1]:22400700 [2]:99 [3]:363
[0]:185502802 [1]:22446223 [2]:99 [3]:356
[0]:185689836 [1]:22489478 [2]:99 [3]:353
[0]:185876405 [1]:22532581 [2]:99 [3]:357
[0]:186066834 [1]:22576577 [2]:99 [3]:361
[0]:186260894 [1]:22621450 [2]:99 [3]:359
[0]:186477252 [1]:22671445 [2]:99 [3]:359
[0]:186663999 [1]:22714628 [2]:99 [3]:365
[0]:186852284 [1]:22758118 [2]:99 [3]:365
[0]:187042886 [1]:22802134 [2]:99 [3]:365
[0]:187239001 [1]:22847426 [2]:99 [3]:363
[0]:187432365 [1]:22892069 [2]:99 [3]:353
[0]:187686661 [1]:22950798 [2]:99 [3]:361
[0]:187906389 [1]:23001608 [2]:99 [3]:361
[0]:188111774 [1]:23049117 [2]:99 [3]:364
[0]:188302462 [1]:23093092 [2]:99 [3]:365
[0]:188511612 [1]:23141430 [2]:99 [3]:359
[0]:188700924 [1]:23185085 [2]:99 [3]:358
[0]:188895936 [1]:23230143 [2]:99 [3]:365
[0]:189090227 [1]:23275053 [2]:99 [3]:358
[0]:189285287 [1]:23320068 [2]:99 [3]:64
[0]:189493252 [1]:23368128 [2]:99 [3]:363
[0]:189683602 [1]:23412068 [2]:99 [3]:368
[0]:189892252 [1]:23460289 [2]:99 [3]:365
[0]:190082854 [1]:23504350 [2]:99 [3]:355
[0]:190284544 [1]:23550852 [2]:99 [3]:366
[0]:190475002 [1]:23594792 [2]:99 [3]:354
[0]:190672382 [1]:23640395 [2]:99 [3]:360
[0]:190866720 [1]:23685366 [2]:99 [3]:354
[0]:191083325 [1]:23735345 [2]:99 [3]:354
[0]:191275149 [1]:23779649 [2]:99 [3]:64
[0]:191464168 [1]:23823327 [2]:99 [3]:362
[0]:191654338 [1]:23867297 [2]:99 [3]:360
[0]:191859774 [1]:23914763 [2]:99 [3]:356
[0]:192073052 [1]:23963939 [2]:99 [3]:50
[0]:192273893 [1]:24010375 [2]:99 [3]:64
[0]:192523504 [1]:24068085 [2]:99 [3]:363
[0]:192710456 [1]:24111283 [2]:99 [3]:54
[0]:192908539 [1]:24157029 [2]:99 [3]:366
[0]:193102693 [1]:24201931 [2]:99 [3]:55
[0]:193296383 [1]:24246726 [2]:99 [3]:61
[0]:193494453 [1]:24292507 [2]:99 [3]:354
[0]:193686342 [1]:24336810 [2]:99 [3]:360
[0]:193880943 [1]:24381678 [2]:99 [3]:363
[0]:194091622 [1]:24430353 [2]:99 [3]:360
[0]:194296782 [1]:24477745 [2]:99 [3]:361
[0]:194494711 [1]:24523539 [2]:99 [3]:358
[0]:194688810 [1]:24568409 [2]:99 [3]:362
[0]:194878995 [1]:24612261 [2]:99 [3]:363
[0]:195084466 [1]:24659702 [2]:99 [3]:358
[0]:195282202 [1]:24705363 [2]:99 [3]:364
[0]:195478994 [1]:24750864 [2]:99 [3]:359
[0]:195689056 [1]:24799441 [2]:99 [3]:364
[0]:195883022 [1]:24844186 [2]:99 [3]:359
[0]:196073307 [1]:24888161 [2]:99 [3]:362
[0]:196301238 [1]:24940766 [2]:99 [3]:360
[0]:196495276 [1]:24985573 [2]:99 [3]:360
[0]:196694196 [1]:25031455 [2]:99 [3]:363
[0]:196913379 [1]:25082133 [2]:99 [3]:366
[0]:197111165 [1]:25127815 [2]:105 [3]:359
[0]:197315359 [1]:25175025 [2]:105 [3]:65
[0]:197509087 [1]:25219814 [2]:105 [3]:365
[0]:197704452 [1]:25264963 [2]:105 [3]:58
[0]:197906421 [1]:25311609 [2]:105 [3]:59
[0]:198107004 [1]:25358002 [2]:105 [3]:366
[0]:198305479 [1]:25403891 [2]:105 [3]:364
[0]:198494020 [1]:25447441 [2]:105 [3]:366
[0]:198682344 [1]:25490948 [2]:105 [3]:60
[0]:198872497 [1]:25534865 [2]:105 [3]:360
[0]:199066920 [1]:25579811 [2]:105 [3]:359
[0]:199257029 [1]:25623700 [2]:105 [3]:365
[0]:199454960 [1]:25669433 [2]:105 [3]:365
[0]:199651610 [1]:25714910 [2]:105 [3]:361
[0]:199842924 [1]:25759107 [2]:105 [3]:362
[0]:200036810 [1]:25803928 [2]:105 [3]:359
[0]:200267051 [1]:25857112 [2]:105 [3]:355
[0]:200466400 [1]:25903079 [2]:105 [3]:61
[0]:200663649 [1]:25948637 [2]:105 [3]:364
[0]:200862326 [1]:25994546 [2]:105 [3]:364
[0]:201057034 [1]:26039583 [2]:105 [3]:359
[0]:201261504 [1]:26086823 [2]:105 [3]:63
[0]:201447837 [1]:26129803 [2]:105 [3]:364
[0]:201649850 [1]:26176567 [2]:105 [3]:361
[0]:201847219 [1]:26222342 [2]:105 [3]:356
[0]:201879234 [1]:26229749 [2]:105 [3]:365
[0]:201879234 [1]:26229749 [2]:105 [3]:365
[0]:201879234 [1]:26229749 [2]:105 [3]:365
[0]:201879234 [1]:26229749 [2]:105 [3]:365
[0]:201879234 [1]:26229749 [2]:105 [3]:365
[0]:201879234 [1]:26229749 [2]:105 [3]:365
[0]:201879234 [1]:26229749 [2]:105 [3]:365
[0]:201879234 [1]:26229749 [2]:105 [3]:365
[0]:201879234 [1]:26229749 [2]:105 [3]:365
[0]:201879234 [1]:26229749 [2]:105 [3]:365
[0]:201879234 [1]:26229749 [2]:105 [3]:365
[0]:201879234 [1]:26229749 [2]:105 [3]:365
