[0]:0 [1]:0 [2]:0 [3]:0
[0]:56627 [1]:0 [2]:0 [3]:317
[0]:279095 [1]:0 [2]:0 [3]:318
[0]:509853 [1]:0 [2]:0 [3]:70
[0]:732631 [1]:0 [2]:0 [3]:55
[0]:967585 [1]:0 [2]:0 [3]:78
[0]:1183611 [1]:15257 [2]:121 [3]:71
[0]:1397176 [1]:39445 [2]:121 [3]:54
[0]:1591960 [1]:61499 [2]:121 [3]:363
[0]:1786337 [1]:83464 [2]:121 [3]:369
[0]:1992534 [1]:106790 [2]:121 [3]:362
[0]:2222923 [1]:132820 [2]:121 [3]:66
[0]:2480045 [1]:161776 [2]:121 [3]:370
[0]:2696156 [1]:186129 [2]:115 [3]:62
[0]:2896711 [1]:208787 [2]:115 [3]:373
[0]:3087313 [1]:230207 [2]:115 [3]:70
[0]:3276518 [1]:251477 [2]:115 [3]:355
[0]:3471651 [1]:273581 [2]:115 [3]:356
[0]:3677559 [1]:296914 [2]:115 [3]:62
[0]:3901138 [1]:322137 [2]:115 [3]:350
[0]:4101743 [1]:345176 [2]:110 [3]:59
[0]:4294743 [1]:367163 [2]:110 [3]:356
[0]:4485792 [1]:388612 [2]:110 [3]:363
[0]:4683997 [1]:411146 [2]:110 [3]:372
[0]:4882198 [1]:433553 [2]:110 [3]:58
[0]:5072066 [1]:454990 [2]:110 [3]:63
[0]:5262922 [1]:476580 [2]:110 [3]:359
[0]:5460766 [1]:498833 [2]:110 [3]:366
[0]:5657502 [1]:520971 [2]:105 [3]:355
[0]:5871070 [1]:545012 [2]:105 [3]:376
[0]:6113543 [1]:572649 [2]:105 [3]:362
[0]:6312271 [1]:595193 [2]:105 [3]:362
[0]:6510864 [1]:617572 [2]:105 [3]:65
[0]:6713132 [1]:640340 [2]:105 [3]:63
[0]:6911458 [1]:662774 [2]:105 [3]:357
[0]:7116188 [1]:685780 [2]:105 [3]:63
[0]:7327720 [1]:709540 [2]:101 [3]:61
[0]:7525690 [1]:731951 [2]:101 [3]:358
[0]:7718390 [1]:753729 [2]:101 [3]:66
[0]:7922616 [1]:776683 [2]:101 [3]:362
[0]:8127295 [1]:799798 [2]:101 [3]:69
[0]:8316699 [1]:821109 [2]:101 [3]:81
[0]:8514482 [1]:843356 [2]:101 [3]:358
[0]:8705252 [1]:864964 [2]:97 [3]:70
[0]:8918155 [1]:889039 [2]:97 [3]:361
[0]:9117116 [1]:911530 [2]:97 [3]:363
[0]:9327367 [1]:935261 [2]:97 [3]:370
[0]:9528930 [1]:958029 [2]:97 [3]:68
[0]:9730672 [1]:980732 [2]:97 [3]:57
[0]:9933423 [1]:1003766 [2]:97 [3]:366
[0]:10122937 [1]:1025142 [2]:97 [3]:363
[0]:10315308 [1]:1046741 [2]:94 [3]:81
[0]:10520070 [1]:1069742 [2]:94 [3]:56
[0]:10711099 [1]:1091252 [2]:94 [3]:364
[0]:10911095 [1]:1113837 [2]:94 [3]:61
[0]:11113001 [1]:1136770 [2]:94 [3]:360
[0]:11321340 [1]:1160230 [2]:94 [3]:62
[0]:11540760 [1]:1184991 [2]:94 [3]:359
[0]:11742033 [1]:1207748 [2]:91 [3]:357
[0]:11943376 [1]:1230442 [2]:91 [3]:57
[0]:12139221 [1]:1252464 [2]:91 [3]:371
[0]:12336956 [1]:1274741 [2]:91 [3]:63
[0]:12547587 [1]:1298340 [2]:91 [3]:365
[0]:12749445 [1]:1321317 [2]:91 [3]:77
[0]:12959184 [1]:1345032 [2]:91 [3]:67
[0]:13163770 [1]:1368170 [2]:91 [3]:369
[0]:13363796 [1]:1390670 [2]:88 [3]:67
[0]:13560845 [1]:1412846 [2]:88 [3]:59
[0]:13757769 [1]:1435137 [2]:88 [3]:69
[0]:13947494 [1]:1456703 [2]:88 [3]:381
[0]:14150945 [1]:1479621 [2]:88 [3]:348
[0]:14393354 [1]:1506855 [2]:88 [3]:63
