[0]:14592998 [1]:1529259 [2]:88 [3]:362
[0]:14830373 [1]:1547288 [2]:86 [3]:85
[0]:15037220 [1]:1562364 [2]:86 [3]:77
[0]:15241710 [1]:1576951 [2]:86 [3]:82
[0]:15451016 [1]:1592151 [2]:86 [3]:67
[0]:15678903 [1]:1616245 [2]:86 [3]:372
[0]:15882478 [1]:1638708 [2]:86 [3]:99
[0]:16079682 [1]:1660440 [2]:86 [3]:379
[0]:16288550 [1]:1683646 [2]:86 [3]:367
[0]:16501392 [1]:1706974 [2]:86 [3]:360
[0]:16753634 [1]:1735186 [2]:86 [3]:79
[0]:16970454 [1]:1759246 [2]:86 [3]:369
[0]:17187472 [1]:1783254 [2]:86 [3]:82
[0]:17392770 [1]:1805936 [2]:86 [3]:368
[0]:17596144 [1]:1828403 [2]:86 [3]:373
[0]:17801556 [1]:1851430 [2]:86 [3]:360
[0]:18023364 [1]:1875781 [2]:86 [3]:268
[0]:18232116 [1]:1898853 [2]:86 [3]:368
[0]:18443831 [1]:1922156 [2]:86 [3]:371
[0]:18650274 [1]:1945043 [2]:86 [3]:88
[0]:18851730 [1]:1967254 [2]:86 [3]:364
[0]:19052516 [1]:1989611 [2]:87 [3]:358
[0]:19260036 [1]:2012615 [2]:87 [3]:88
[0]:19461241 [1]:2034874 [2]:87 [3]:373
[0]:19663811 [1]:2057193 [2]:87 [3]:373
[0]:19867339 [1]:2079785 [2]:87 [3]:86
[0]:20081345 [1]:2103749 [2]:87 [3]:82
[0]:20284873 [1]:2126437 [2]:87 [3]:376
[0]:20486000 [1]:2148668 [2]:87 [3]:99
[0]:20691059 [1]:2171372 [2]:87 [3]:83
[0]:20920010 [1]:2196994 [2]:87 [3]:87
[0]:21133604 [1]:2220620 [2]:87 [3]:380
[0]:21354455 [1]:2245416 [2]:88 [3]:383
[0]:21563243 [1]:2268642 [2]:88 [3]:351
[0]:21770271 [1]:2291661 [2]:88 [3]:368
[0]:21991464 [1]:2316220 [2]:88 [3]:113
[0]:22205546 [1]:2340144 [2]:88 [3]:84
[0]:22445757 [1]:2366653 [2]:88 [3]:361
[0]:22651149 [1]:2389517 [2]:88 [3]:367
[0]:22860189 [1]:2412512 [2]:88 [3]:78
[0]:23080971 [1]:2436946 [2]:88 [3]:88
[0]:23290164 [1]:2459985 [2]:88 [3]:374
[0]:23503320 [1]:2483461 [2]:89 [3]:370
[0]:23724148 [1]:2507932 [2]:89 [3]:357
[0]:23945628 [1]:2532512 [2]:89 [3]:80
[0]:24151192 [1]:2555240 [2]:89 [3]:361
[0]:24362762 [1]:2578608 [2]:89 [3]:368
[0]:24605776 [1]:2614200 [2]:89 [3]:363
[0]:24806198 [1]:2643933 [2]:89 [3]:78
[0]:25008939 [1]:2673976 [2]:89 [3]:366
[0]:25213357 [1]:2704270 [2]:89 [3]:73
[0]:25441704 [1]:2738218 [2]:89 [3]:368
[0]:25647499 [1]:2768694 [2]:89 [3]:75
[0]:25848543 [1]:2798496 [2]:89 [3]:365
[0]:26076523 [1]:2832284 [2]:89 [3]:365
[0]:26288355 [1]:2863797 [2]:89 [3]:360
[0]:26494776 [1]:2894479 [2]:89 [3]:73
[0]:26687899 [1]:2923264 [2]:93 [3]:360
[0]:26903153 [1]:2955089 [2]:93 [3]:361
[0]:27117432 [1]:2986837 [2]:93 [3]:77
[0]:27334756 [1]:3019172 [2]:93 [3]:343
[0]:27538956 [1]:3049451 [2]:93 [3]:361
[0]:27763695 [1]:3082734 [2]:93 [3]:366
[0]:27968837 [1]:3113074 [2]:93 [3]:365
[0]:28179830 [1]:3144439 [2]:93 [3]:356
[0]:28382384 [1]:3174492 [2]:93 [3]:83
[0]:28596275 [1]:3206369 [2]:93 [3]:351
[0]:28835441 [1]:3242039 [2]:93 [3]:359
[0]:29060294 [1]:3275266 [2]:93 [3]:364
[0]:29329816 [1]:3315373 [2]:93 [3]:359
[0]:29582718 [1]:3352955 [2]:93 [3]:359
[0]:29799587 [1]:3385050 [2]:93 [3]:363
[0]:30010303 [1]:3416237 [2]:93 [3]:361
[0]:30214812 [1]:3446608 [2]:98 [3]:364
