[0]:3730593642 [1]:1 [2]:2 [3]:118
[0]:3518836858 [1]:1 [2]:2 [3]:125
[0]:3306614393 [1]:1 [2]:2 [3]:33
[0]:4098406648 [1]:1 [2]:2 [3]:129
[0]:3882474044 [1]:1 [2]:2 [3]:30
[0]:3678441528 [1]:1 [2]:2 [3]:69
[0]:3450331549 [1]:1 [2]:2 [3]:60
[0]:4235552502 [1]:1 [2]:2 [3]:110
[0]:4026358751 [1]:1 [2]:2 [3]:189
[0]:3806461453 [1]:1 [2]:2 [3]:195
[0]:3597274287 [1]:1 [2]:2 [3]:142
[0]:3386394292 [1]:1 [2]:2 [3]:206
[0]:4142414607 [1]:1 [2]:2 [3]:134
[0]:3930350111 [1]:1 [2]:2 [3]:38
[0]:3710268904 [1]:1 [2]:2 [3]:202
[0]:3495251376 [1]:1 [2]:2 [3]:200
[0]:4286691242 [1]:1 [2]:2 [3]:84
[0]:4068821164 [1]:1 [2]:2 [3]:201
[0]:3854633407 [1]:1 [2]:2 [3]:109
[0]:3650349749 [1]:1 [2]:2 [3]:155
[0]:3434553044 [1]:1 [2]:2 [3]:196
[0]:4147508517 [1]:1 [2]:2 [3]:147
[0]:3934624738 [1]:1 [2]:2 [3]:98
[0]:3722467161 [1]:1 [2]:2 [3]:173
[0]:3507527344 [1]:1 [2]:2 [3]:115
[0]:4275825277 [1]:1 [2]:2 [3]:194
[0]:4059021163 [1]:1 [2]:2 [3]:197
[0]:3846828608 [1]:1 [2]:2 [3]:196
[0]:3642768617 [1]:1 [2]:2 [3]:132
[0]:3430585054 [1]:1 [2]:2 [3]:31
[0]:4226625013 [1]:1 [2]:2 [3]:191
[0]:4006817358 [1]:1 [2]:2 [3]:203
[0]:3798803081 [1]:1 [2]:2 [3]:129
[0]:3584776716 [1]:1 [2]:2 [3]:123
[0]:3363086104 [1]:1 [2]:2 [3]:22
[0]:4150740427 [1]:1 [2]:2 [3]:39
[0]:3938911318 [1]:1 [2]:2 [3]:118
[0]:3722717213 [1]:1 [2]:2 [3]:172
[0]:3490555522 [1]:1 [2]:2 [3]:195
[0]:4262776454 [1]:1 [2]:2 [3]:29
[0]:4049648936 [1]:1 [2]:2 [3]:29
[0]:3834736229 [1]:1 [2]:2 [3]:181
[0]:3627357486 [1]:1 [2]:2 [3]:118
[0]:3412481328 [1]:1 [2]:2 [3]:126
[0]:4202779981 [1]:1 [2]:2 [3]:195
[0]:3990548922 [1]:1 [2]:2 [3]:141
[0]:3782714737 [1]:1 [2]:2 [3]:26
[0]:3570380491 [1]:1 [2]:2 [3]:69
[0]:3366682617 [1]:1 [2]:2 [3]:71
[0]:4160666452 [1]:1 [2]:2 [3]:183
[0]:3958702367 [1]:1 [2]:2 [3]:48
[0]:3742606301 [1]:1 [2]:2 [3]:166
[0]:3530762668 [1]:1 [2]:2 [3]:133
[0]:3307807022 [1]:1 [2]:2 [3]:63
[0]:4070654356 [1]:1 [2]:2 [3]:74
[0]:3862940689 [1]:1 [2]:2 [3]:42
[0]:3654663713 [1]:1 [2]:2 [3]:171
[0]:3446827777 [1]:1 [2]:2 [3]:56
[0]:4230867609 [1]:1 [2]:2 [3]:132
[0]:4016593403 [1]:1 [2]:2 [3]:79
[0]:3802906863 [1]:1 [2]:2 [3]:141
[0]:3534499614 [1]:1 [2]:2 [3]:119
[0]:3326588071 [1]:1 [2]:2 [3]:32
[0]:4122573979 [1]:1 [2]:2 [3]:163
[0]:3914780618 [1]:1 [2]:2 [3]:190
[0]:3717215536 [1]:1 [2]:2 [3]:133
[0]:3501240777 [1]:1 [2]:2 [3]:146
[0]:4265393562 [1]:1 [2]:2 [3]:140
[0]:4057014249 [1]:1 [2]:2 [3]:177
[0]:3839363898 [1]:1 [2]:2 [3]:42
[0]:3638581746 [1]:1 [2]:2 [3]:194
[0]:3430804922 [1]:1 [2]:2 [3]:162
[0]:4219298074 [1]:1 [2]:2 [3]:90
[0]:4015453419 [1]:1 [2]:2 [3]:130
