[0]:3953029933 [1]:1 [2]:2 [3]:81
[0]:3729312379 [1]:1 [2]:2 [3]:197
[0]:3499736619 [1]:1 [2]:2 [3]:122
[0]:4289272328 [1]:1 [2]:2 [3]:144
[0]:4076905242 [1]:1 [2]:2 [3]:123
[0]:3864992499 [1]:1 [2]:2 [3]:146
[0]:3661022419 [1]:1 [2]:2 [3]:205
[0]:3408905987 [1]:1 [2]:2 [3]:203
[0]:4198881306 [1]:1 [2]:2 [3]:73
[0]:3985355879 [1]:1 [2]:2 [3]:119
[0]:3779940369 [1]:1 [2]:2 [3]:216
[0]:3565292852 [1]:1 [2]:2 [3]:189
[0]:3337275396 [1]:1 [2]:2 [3]:201
[0]:4135652561 [1]:1 [2]:2 [3]:37
[0]:3917415999 [1]:1 [2]:2 [3]:82
[0]:3697291108 [1]:1 [2]:2 [3]:99
[0]:3483727764 [1]:1 [2]:2 [3]:105
[0]:4273025237 [1]:1 [2]:2 [3]:185
[0]:4069177682 [1]:1 [2]:2 [3]:118
[0]:3865009917 [1]:1 [2]:2 [3]:89
[0]:3648945537 [1]:1 [2]:2 [3]:204
[0]:3447515332 [1]:1 [2]:2 [3]:108
[0]:4225283772 [1]:1 [2]:2 [3]:43
[0]:4021177604 [1]:1 [2]:2 [3]:103
[0]:3816628906 [1]:1 [2]:2 [3]:210
[0]:3605206667 [1]:1 [2]:2 [3]:217
[0]:3389208991 [1]:1 [2]:2 [3]:166
[0]:4173135448 [1]:1 [2]:2 [3]:204
[0]:3957181387 [1]:1 [2]:2 [3]:75
[0]:3682944908 [1]:1 [2]:2 [3]:141
[0]:3469019016 [1]:1 [2]:2 [3]:45
[0]:4271032452 [1]:1 [2]:2 [3]:72
[0]:4019048958 [1]:1 [2]:2 [3]:39
[0]:3817215217 [1]:1 [2]:2 [3]:132
[0]:3505317484 [1]:1 [2]:2 [3]:72
[0]:4292921663 [1]:1 [2]:2 [3]:58
[0]:4073232454 [1]:1 [2]:2 [3]:208
[0]:3853333011 [1]:1 [2]:2 [3]:131
[0]:3649302316 [1]:1 [2]:2 [3]:85
[0]:3393427799 [1]:1 [2]:2 [3]:52
[0]:4190492622 [1]:1 [2]:2 [3]:202
[0]:3972521058 [1]:1 [2]:2 [3]:204
[0]:3721338873 [1]:1 [2]:2 [3]:163
[0]:3497267622 [1]:1 [2]:2 [3]:173
[0]:4294507079 [1]:1 [2]:2 [3]:212
[0]:4085022587 [1]:1 [2]:2 [3]:42
[0]:3869276533 [1]:1 [2]:2 [3]:207
[0]:3662900346 [1]:1 [2]:2 [3]:216
[0]:3457389907 [1]:1 [2]:2 [3]:183
[0]:4229866572 [1]:1 [2]:2 [3]:133
[0]:4017361497 [1]:1 [2]:2 [3]:166
[0]:3801357318 [1]:1 [2]:2 [3]:71
[0]:3593718489 [1]:1 [2]:2 [3]:99
[0]:3357406859 [1]:1 [2]:2 [3]:178
[0]:4129134259 [1]:1 [2]:2 [3]:197
[0]:3921907534 [1]:1 [2]:2 [3]:204
[0]:3701023609 [1]:1 [2]:2 [3]:77
[0]:3493068939 [1]:1 [2]:2 [3]:209
[0]:4278181474 [1]:1 [2]:2 [3]:147
[0]:4045219387 [1]:1 [2]:2 [3]:52
[0]:3821149144 [1]:1 [2]:2 [3]:142
[0]:3601253742 [1]:1 [2]:2 [3]:202
[0]:3397397808 [1]:1 [2]:2 [3]:45
[0]:4185241194 [1]:1 [2]:2 [3]:135
[0]:3977127591 [1]:1 [2]:2 [3]:42
[0]:3769402486 [1]:1 [2]:2 [3]:73
[0]:3565339933 [1]:1 [2]:2 [3]:204
[0]:3365613597 [1]:1 [2]:2 [3]:212
[0]:4153282193 [1]:1 [2]:2 [3]:147
[0]:3941909181 [1]:1 [2]:2 [3]:43
[0]:3737252793 [1]:1 [2]:2 [3]:114
[0]:3517302657 [1]:1 [2]:2 [3]:147
[0]:3306661622 [1]:1 [2]:2 [3]:202
[0]:4099830342 [1]:1 [2]:2 [3]:176
