[0]:45171921 [1]:7314410 [2]:167 [3]:89
[0]:45393011 [1]:7347225 [2]:167 [3]:370
[0]:45601822 [1]:7378203 [2]:167 [3]:373
[0]:45806608 [1]:7408603 [2]:167 [3]:354
[0]:46030781 [1]:7441824 [2]:167 [3]:73
[0]:46229988 [1]:7471361 [2]:167 [3]:367
[0]:46434705 [1]:7501730 [2]:167 [3]:367
[0]:46657761 [1]:7535034 [2]:167 [3]:358
[0]:46866820 [1]:7566067 [2]:167 [3]:367
[0]:47080984 [1]:7598014 [2]:161 [3]:371
[0]:47296021 [1]:7630100 [2]:161 [3]:360
[0]:47504937 [1]:7661134 [2]:161 [3]:362
[0]:47741038 [1]:7696237 [2]:161 [3]:365
[0]:47954083 [1]:7727837 [2]:161 [3]:362
[0]:48166817 [1]:7759451 [2]:161 [3]:363
[0]:48365850 [1]:7789012 [2]:161 [3]:370
[0]:48571730 [1]:7819593 [2]:161 [3]:369
[0]:48774436 [1]:7849679 [2]:161 [3]:364
[0]:48986413 [1]:7881150 [2]:161 [3]:360
[0]:49215752 [1]:7915177 [2]:161 [3]:363
[0]:49427912 [1]:7946650 [2]:161 [3]:81
[0]:49632848 [1]:7976953 [2]:161 [3]:368
[0]:49841830 [1]:8007847 [2]:161 [3]:356
[0]:50046656 [1]:8038224 [2]:161 [3]:361
[0]:50251716 [1]:8068640 [2]:161 [3]:369
[0]:50479872 [1]:8102493 [2]:161 [3]:359
[0]:50700916 [1]:8135308 [2]:153 [3]:363
[0]:50929601 [1]:8169134 [2]:153 [3]:75
[0]:51130541 [1]:8199028 [2]:153 [3]:362
[0]:51331361 [1]:8228827 [2]:153 [3]:364
[0]:51540026 [1]:8259856 [2]:153 [3]:362
[0]:51796487 [1]:8297866 [2]:153 [3]:364
[0]:52022787 [1]:8331466 [2]:153 [3]:365
[0]:52230501 [1]:8362316 [2]:153 [3]:365
[0]:52433938 [1]:8392465 [2]:153 [3]:365
[0]:52640170 [1]:8423043 [2]:153 [3]:365
[0]:52864138 [1]:8456244 [2]:153 [3]:372
[0]:53073433 [1]:8487254 [2]:153 [3]:362
[0]:53292861 [1]:8519981 [2]:153 [3]:359
[0]:53502795 [1]:8551127 [2]:153 [3]:361
[0]:53711220 [1]:8582056 [2]:153 [3]:366
[0]:53922959 [1]:8613461 [2]:153 [3]:357
[0]:54133339 [1]:8644687 [2]:153 [3]:366
[0]:54359782 [1]:8678308 [2]:151 [3]:362
[0]:54587795 [1]:8712179 [2]:151 [3]:365
[0]:54787464 [1]:8741729 [2]:151 [3]:372
[0]:55053709 [1]:8781238 [2]:151 [3]:366
[0]:55264352 [1]:8812422 [2]:151 [3]:76
[0]:55465323 [1]:8842309 [2]:151 [3]:361
[0]:55697084 [1]:8876676 [2]:151 [3]:83
[0]:55910612 [1]:8908278 [2]:151 [3]:371
[0]:56119476 [1]:8939240 [2]:151 [3]:365
[0]:56326282 [1]:8969902 [2]:151 [3]:372
[0]:56551198 [1]:9003212 [2]:151 [3]:360
[0]:56766066 [1]:9034947 [2]:151 [3]:87
[0]:56974920 [1]:9065958 [2]:151 [3]:363
[0]:57173434 [1]:9095450 [2]:151 [3]:79
[0]:57376860 [1]:9125600 [2]:151 [3]:362
[0]:57593468 [1]:9157782 [2]:151 [3]:375
[0]:57810267 [1]:9189906 [2]:151 [3]:360
[0]:58018467 [1]:9220699 [2]:151 [3]:361
[0]:58247900 [1]:9254713 [2]:151 [3]:357
[0]:58453121 [1]:9285205 [2]:151 [3]:361
[0]:58661633 [1]:9316094 [2]:151 [3]:363
[0]:58874441 [1]:9347735 [2]:151 [3]:373
[0]:59087161 [1]:9379311 [2]:151 [3]:364
[0]:59303966 [1]:9411559 [2]:151 [3]:368
[0]:59532618 [1]:9445487 [2]:151 [3]:364
[0]:59733525 [1]:9475314 [2]:151 [3]:367
[0]:59960302 [1]:9508969 [2]:151 [3]:361
[0]:60167032 [1]:9539579 [2]:151 [3]:373
[0]:60435086 [1]:9579394 [2]:151 [3]:373
[0]:60647835 [1]:9610872 [2]:151 [3]:364
[0]:60852754 [1]:9641288 [2]:151 [3]:362
