[0]:61063680 [1]:9687333 [2]:151 [3]:61
[0]:61253710 [1]:9731289 [2]:151 [3]:356
[0]:61444150 [1]:9775274 [2]:154 [3]:365
[0]:61656895 [1]:9824360 [2]:154 [3]:361
[0]:61884314 [1]:9876982 [2]:154 [3]:356
[0]:62082405 [1]:9922738 [2]:154 [3]:62
[0]:62302558 [1]:9973610 [2]:154 [3]:362
[0]:62537826 [1]:10027913 [2]:154 [3]:360
[0]:62741207 [1]:10074918 [2]:154 [3]:364
[0]:62953835 [1]:10124048 [2]:154 [3]:373
[0]:63151615 [1]:10169794 [2]:154 [3]:366
[0]:63343937 [1]:10214198 [2]:154 [3]:358
[0]:63544618 [1]:10260559 [2]:154 [3]:359
[0]:63755673 [1]:10309382 [2]:154 [3]:364
[0]:63974641 [1]:10359955 [2]:154 [3]:358
[0]:64163660 [1]:10403663 [2]:164 [3]:59
[0]:64362941 [1]:10449767 [2]:164 [3]:364
[0]:64560601 [1]:10495387 [2]:164 [3]:357
[0]:64755480 [1]:10540404 [2]:164 [3]:366
[0]:64955602 [1]:10586598 [2]:164 [3]:359
[0]:65157782 [1]:10633331 [2]:164 [3]:361
[0]:65359436 [1]:10679781 [2]:164 [3]:353
[0]:65553115 [1]:10724528 [2]:164 [3]:365
[0]:65743855 [1]:10768591 [2]:164 [3]:363
[0]:65941795 [1]:10814308 [2]:164 [3]:356
[0]:66145554 [1]:10861435 [2]:164 [3]:362
[0]:66369884 [1]:10913172 [2]:164 [3]:358
[0]:66557375 [1]:10956520 [2]:164 [3]:361
[0]:66754960 [1]:11002236 [2]:164 [3]:64
[0]:66944541 [1]:11046034 [2]:166 [3]:60
[0]:67144197 [1]:11092137 [2]:166 [3]:366
[0]:67348601 [1]:11139333 [2]:166 [3]:60
[0]:67570225 [1]:11190531 [2]:166 [3]:361
[0]:67766827 [1]:11235974 [2]:166 [3]:355
[0]:67957162 [1]:11279942 [2]:166 [3]:60
[0]:68157454 [1]:11326180 [2]:166 [3]:357
[0]:68356575 [1]:11372164 [2]:166 [3]:360
[0]:68576781 [1]:11423089 [2]:166 [3]:361
[0]:68770977 [1]:11468025 [2]:166 [3]:359
[0]:68967972 [1]:11513551 [2]:166 [3]:55
[0]:69175387 [1]:11561428 [2]:166 [3]:360
[0]:69367886 [1]:11605890 [2]:166 [3]:64
[0]:69559943 [1]:11650251 [2]:166 [3]:360
[0]:69752392 [1]:11694681 [2]:167 [3]:368
[0]:69946072 [1]:11739505 [2]:167 [3]:55
[0]:70136849 [1]:11783544 [2]:167 [3]:362
[0]:70356733 [1]:11834353 [2]:167 [3]:363
[0]:70551160 [1]:11879299 [2]:167 [3]:363
[0]:70763803 [1]:11928445 [2]:167 [3]:358
[0]:70983689 [1]:11979221 [2]:167 [3]:364
[0]:71178333 [1]:12024192 [2]:167 [3]:362
[0]:71379965 [1]:12070799 [2]:167 [3]:362
[0]:71581083 [1]:12117259 [2]:167 [3]:358
[0]:71797393 [1]:12167220 [2]:167 [3]:363
[0]:71988955 [1]:12211440 [2]:167 [3]:366
[0]:72185700 [1]:12256933 [2]:167 [3]:361
[0]:72405230 [1]:12307666 [2]:167 [3]:359
[0]:72611404 [1]:12355275 [2]:167 [3]:364
[0]:72801780 [1]:12399227 [2]:167 [3]:354
[0]:73017726 [1]:12449192 [2]:167 [3]:361
[0]:73212108 [1]:12494104 [2]:167 [3]:356
[0]:73416691 [1]:12541339 [2]:167 [3]:367
[0]:73645562 [1]:12594223 [2]:167 [3]:360
[0]:73859207 [1]:12643479 [2]:167 [3]:361
[0]:74096480 [1]:12698412 [2]:167 [3]:354
[0]:74320489 [1]:12750184 [2]:167 [3]:60
[0]:74527096 [1]:12797943 [2]:167 [3]:362
[0]:74723886 [1]:12843333 [2]:167 [3]:364
[0]:74931275 [1]:12891234 [2]:167 [3]:365
[0]:75126420 [1]:12936294 [2]:167 [3]:365
[0]:75328552 [1]:12983023 [2]:167 [3]:357
[0]:75526394 [1]:13028737 [2]:167 [3]:57
[0]:75723939 [1]:13074321 [2]:167 [3]:353
