[0]:153164158 [1]:27031647 [2]:151 [3]:357
[0]:153385299 [1]:27082735 [2]:151 [3]:369
[0]:153575276 [1]:27126680 [2]:151 [3]:72
[0]:153769441 [1]:27171517 [2]:151 [3]:359
[0]:153959877 [1]:27215540 [2]:151 [3]:363
[0]:154161580 [1]:27262026 [2]:151 [3]:356
[0]:154355597 [1]:27306803 [2]:151 [3]:363
[0]:154558931 [1]:27353789 [2]:151 [3]:356
[0]:154758691 [1]:27399917 [2]:151 [3]:364
[0]:154961689 [1]:27446803 [2]:151 [3]:367
[0]:155169147 [1]:27494712 [2]:151 [3]:363
[0]:155366990 [1]:27540450 [2]:151 [3]:363
[0]:155561238 [1]:27585306 [2]:151 [3]:62
[0]:155773198 [1]:27634237 [2]:165 [3]:360
[0]:155974273 [1]:27680712 [2]:165 [3]:362
[0]:156192114 [1]:27731020 [2]:165 [3]:58
[0]:156389844 [1]:27776729 [2]:165 [3]:361
[0]:156578059 [1]:27820156 [2]:165 [3]:55
[0]:156773096 [1]:27865242 [2]:165 [3]:362
[0]:156968327 [1]:27910259 [2]:165 [3]:53
[0]:157169217 [1]:27956698 [2]:165 [3]:367
[0]:157367784 [1]:28002587 [2]:165 [3]:363
[0]:157564110 [1]:28047986 [2]:165 [3]:58
[0]:157759204 [1]:28093103 [2]:165 [3]:60
[0]:157947124 [1]:28136426 [2]:165 [3]:366
[0]:158152772 [1]:28183939 [2]:165 [3]:64
[0]:158343307 [1]:28227960 [2]:165 [3]:356
[0]:158547059 [1]:28275069 [2]:167 [3]:369
[0]:158748831 [1]:28321657 [2]:167 [3]:364
[0]:158945719 [1]:28367053 [2]:167 [3]:362
[0]:159173840 [1]:28419736 [2]:167 [3]:68
[0]:159383234 [1]:28468167 [2]:167 [3]:362
[0]:159580747 [1]:28513862 [2]:167 [3]:362
[0]:159786296 [1]:28561353 [2]:167 [3]:69
[0]:159984187 [1]:28607008 [2]:167 [3]:360
[0]:160180028 [1]:28652236 [2]:167 [3]:365
[0]:160373227 [1]:28696843 [2]:167 [3]:365
[0]:160576251 [1]:28743732 [2]:167 [3]:364
[0]:160778717 [1]:28790511 [2]:167 [3]:359
[0]:161020336 [1]:28846345 [2]:167 [3]:361
[0]:161224724 [1]:28893528 [2]:167 [3]:357
[0]:161427620 [1]:28940411 [2]:167 [3]:362
[0]:161630199 [1]:28987154 [2]:167 [3]:360
[0]:161835515 [1]:29034620 [2]:167 [3]:362
[0]:162031789 [1]:29079964 [2]:167 [3]:363
[0]:162225169 [1]:29124694 [2]:167 [3]:367
[0]:162417588 [1]:29169167 [2]:167 [3]:359
[0]:162623046 [1]:29216581 [2]:167 [3]:364
[0]:162820768 [1]:29262254 [2]:167 [3]:66
[0]:163011361 [1]:29306246 [2]:167 [3]:365
[0]:163206639 [1]:29351370 [2]:167 [3]:372
[0]:163410414 [1]:29398543 [2]:167 [3]:359
[0]:163626941 [1]:29448564 [2]:167 [3]:370
[0]:163820998 [1]:29493433 [2]:167 [3]:360
[0]:164015121 [1]:29538331 [2]:167 [3]:360
[0]:164212379 [1]:29583973 [2]:167 [3]:56
[0]:164404230 [1]:29628245 [2]:167 [3]:363
[0]:164604793 [1]:29674537 [2]:167 [3]:356
[0]:164907199 [1]:29744389 [2]:167 [3]:367
[0]:165101142 [1]:29789155 [2]:167 [3]:355
[0]:165302792 [1]:29835739 [2]:167 [3]:61
[0]:165497337 [1]:29880691 [2]:167 [3]:363
[0]:165687193 [1]:29924536 [2]:167 [3]:366
[0]:165914337 [1]:29977072 [2]:167 [3]:363
[0]:166109098 [1]:30022053 [2]:167 [3]:366
[0]:166307790 [1]:30067904 [2]:167 [3]:360
[0]:166500885 [1]:30112563 [2]:167 [3]:362
[0]:166703699 [1]:30159395 [2]:167 [3]:363
[0]:166903998 [1]:30205693 [2]:167 [3]:356
[0]:167090371 [1]:30248781 [2]:167 [3]:365
[0]:167288431 [1]:30294500 [2]:167 [3]:360
[0]:167512497 [1]:30346261 [2]:167 [3]:58
[0]:167704541 [1]:30390647 [2]:167 [3]:357
[0]:167900465 [1]:30435949 [2]:167 [3]:358
