[0]:76031982 [1]:13113046 [2]:167 [3]:373
[0]:76260993 [1]:13146958 [2]:167 [3]:360
[0]:76473750 [1]:13178597 [2]:167 [3]:360
[0]:76685296 [1]:13209926 [2]:167 [3]:359
[0]:76904334 [1]:13242361 [2]:167 [3]:85
[0]:77112245 [1]:13273127 [2]:167 [3]:371
[0]:77313194 [1]:13302995 [2]:167 [3]:372
[0]:77525017 [1]:13334576 [2]:167 [3]:362
[0]:77738709 [1]:13366273 [2]:167 [3]:366
[0]:77953696 [1]:13398259 [2]:167 [3]:84
[0]:78171640 [1]:13430595 [2]:167 [3]:364
[0]:78388785 [1]:13463012 [2]:167 [3]:366
[0]:78589716 [1]:13492886 [2]:157 [3]:368
[0]:78795883 [1]:13523553 [2]:157 [3]:363
[0]:79011403 [1]:13555471 [2]:157 [3]:366
[0]:79212391 [1]:13585284 [2]:157 [3]:371
[0]:79431714 [1]:13617825 [2]:157 [3]:357
[0]:79645785 [1]:13649635 [2]:157 [3]:365
[0]:79858762 [1]:13681290 [2]:157 [3]:359
[0]:80063612 [1]:13711601 [2]:157 [3]:79
[0]:80284272 [1]:13744404 [2]:157 [3]:366
[0]:80493903 [1]:13775592 [2]:157 [3]:372
[0]:80694021 [1]:13805285 [2]:157 [3]:358
[0]:80925412 [1]:13839597 [2]:157 [3]:77
[0]:81131652 [1]:13870100 [2]:157 [3]:363
[0]:81344248 [1]:13901589 [2]:157 [3]:362
[0]:81548878 [1]:13931872 [2]:157 [3]:359
[0]:81753427 [1]:13962220 [2]:157 [3]:373
[0]:81986800 [1]:13996870 [2]:157 [3]:372
[0]:82207534 [1]:14029644 [2]:151 [3]:376
[0]:82426974 [1]:14062340 [2]:151 [3]:357
[0]:82625018 [1]:14091730 [2]:151 [3]:368
[0]:82834925 [1]:14122889 [2]:151 [3]:360
[0]:83053029 [1]:14155395 [2]:151 [3]:361
[0]:83259392 [1]:14186129 [2]:151 [3]:366
[0]:83468264 [1]:14217179 [2]:151 [3]:371
[0]:83673182 [1]:14247605 [2]:151 [3]:355
[0]:83882258 [1]:14278657 [2]:151 [3]:78
[0]:84098822 [1]:14310732 [2]:151 [3]:364
[0]:84311609 [1]:14342257 [2]:151 [3]:365
[0]:84560405 [1]:14379176 [2]:151 [3]:369
[0]:84764480 [1]:14409535 [2]:151 [3]:366
[0]:84972941 [1]:14440408 [2]:151 [3]:359
[0]:85182563 [1]:14471469 [2]:151 [3]:90
[0]:85390241 [1]:14502376 [2]:151 [3]:80
[0]:85588740 [1]:14531837 [2]:151 [3]:361
[0]:85801007 [1]:14563305 [2]:151 [3]:361
[0]:86010065 [1]:14594232 [2]:151 [3]:84
[0]:86234740 [1]:14627649 [2]:151 [3]:78
[0]:86447529 [1]:14659130 [2]:151 [3]:364
[0]:86656439 [1]:14690096 [2]:151 [3]:358
[0]:86869372 [1]:14721675 [2]:151 [3]:368
[0]:87085469 [1]:14753724 [2]:151 [3]:363
[0]:87310593 [1]:14787167 [2]:151 [3]:359
[0]:87523474 [1]:14818797 [2]:151 [3]:359
[0]:87742773 [1]:14851344 [2]:151 [3]:366
[0]:87960736 [1]:14883794 [2]:151 [3]:74
[0]:88197291 [1]:14918915 [2]:151 [3]:73
[0]:88398001 [1]:14948791 [2]:151 [3]:361
[0]:88638539 [1]:14984472 [2]:151 [3]:363
[0]:88851060 [1]:15015965 [2]:151 [3]:357
[0]:89065130 [1]:15047645 [2]:151 [3]:359
[0]:89276324 [1]:15079001 [2]:151 [3]:365
[0]:89485900 [1]:15110119 [2]:151 [3]:80
[0]:89690613 [1]:15140610 [2]:151 [3]:358
[0]:89913245 [1]:15173657 [2]:151 [3]:369
[0]:90120075 [1]:15204546 [2]:151 [3]:366
[0]:90332877 [1]:15236170 [2]:151 [3]:81
[0]:90541931 [1]:15267122 [2]:151 [3]:367
[0]:90750137 [1]:15298005 [2]:151 [3]:75
[0]:90959653 [1]:15328977 [2]:151 [3]:367
[0]:91172545 [1]:15360594 [2]:151 [3]:367
[0]:91381111 [1]:15391494 [2]:151 [3]:374
[0]:91585403 [1]:15421876 [2]:151 [3]:360
