[0]:0 [1]:0 [2]:0 [3]:0
[0]:66156 [1]:0 [2]:0 [3]:64
[0]:305852 [1]:0 [2]:0 [3]:323
[0]:524032 [1]:0 [2]:0 [3]:85
[0]:750884 [1]:0 [2]:0 [3]:61
[0]:986363 [1]:0 [2]:0 [3]:57
[0]:1192078 [1]:14499 [2]:121 [3]:75
[0]:1399460 [1]:35863 [2]:121 [3]:77
[0]:1595135 [1]:55758 [2]:121 [3]:56
[0]:1811295 [1]:77985 [2]:121 [3]:373
[0]:2073695 [1]:104553 [2]:121 [3]:353
[0]:2266709 [1]:124121 [2]:121 [3]:62
[0]:2473495 [1]:144936 [2]:121 [3]:370
[0]:2671281 [1]:164916 [2]:84 [3]:70
[0]:2869847 [1]:184950 [2]:84 [3]:63
[0]:3066203 [1]:204827 [2]:84 [3]:366
[0]:3265936 [1]:225154 [2]:84 [3]:82
[0]:3478970 [1]:246823 [2]:84 [3]:372
[0]:3684508 [1]:267690 [2]:84 [3]:54
[0]:3886494 [1]:288061 [2]:84 [3]:367
[0]:4080933 [1]:307657 [2]:84 [3]:66
[0]:4278981 [1]:327799 [2]:75 [3]:375
[0]:4473552 [1]:347521 [2]:75 [3]:376
[0]:4667906 [1]:367097 [2]:75 [3]:360
[0]:4871943 [1]:388001 [2]:75 [3]:72
[0]:5070072 [1]:408081 [2]:75 [3]:346
[0]:5265799 [1]:427865 [2]:75 [3]:73
[0]:5456245 [1]:447168 [2]:75 [3]:361
[0]:5657919 [1]:467802 [2]:75 [3]:359
[0]:5857235 [1]:488140 [2]:73 [3]:74
[0]:6061068 [1]:509035 [2]:73 [3]:64
[0]:6277933 [1]:531022 [2]:73 [3]:362
[0]:6472422 [1]:550726 [2]:73 [3]:61
[0]:6674235 [1]:571059 [2]:73 [3]:73
[0]:6891286 [1]:593254 [2]:73 [3]:369
[0]:7105350 [1]:614924 [2]:73 [3]:56
[0]:7307945 [1]:635372 [2]:72 [3]:64
[0]:7509848 [1]:655722 [2]:72 [3]:64
[0]:7698714 [1]:674718 [2]:72 [3]:359
[0]:7932112 [1]:698587 [2]:72 [3]:80
[0]:8131997 [1]:718906 [2]:72 [3]:368
[0]:8333361 [1]:739539 [2]:72 [3]:371
[0]:8524589 [1]:758863 [2]:72 [3]:58
[0]:8729819 [1]:779661 [2]:72 [3]:66
[0]:8944839 [1]:801496 [2]:73 [3]:360
[0]:9137004 [1]:821057 [2]:73 [3]:62
[0]:9331618 [1]:840660 [2]:73 [3]:64
[0]:9561614 [1]:863783 [2]:73 [3]:53
[0]:9754246 [1]:883200 [2]:73 [3]:62
[0]:9948564 [1]:902874 [2]:73 [3]:369
[0]:10137647 [1]:921987 [2]:73 [3]:59
[0]:10330005 [1]:941513 [2]:73 [3]:67
[0]:10522196 [1]:960909 [2]:72 [3]:80
[0]:10785761 [1]:987454 [2]:72 [3]:63
[0]:10988187 [1]:1007905 [2]:72 [3]:57
[0]:11182660 [1]:1027541 [2]:72 [3]:63
[0]:11387009 [1]:1048195 [2]:72 [3]:56
[0]:11586220 [1]:1068361 [2]:72 [3]:371
[0]:11792177 [1]:1089187 [2]:72 [3]:361
[0]:12027808 [1]:1113044 [2]:72 [3]:72
[0]:12236344 [1]:1134259 [2]:72 [3]:67
[0]:12430511 [1]:1153972 [2]:72 [3]:361
[0]:12644252 [1]:1175619 [2]:72 [3]:79
[0]:12842123 [1]:1195746 [2]:72 [3]:70
[0]:13032531 [1]:1215070 [2]:72 [3]:359
[0]:13227282 [1]:1234669 [2]:72 [3]:72
[0]:13456554 [1]:1257807 [2]:72 [3]:371
[0]:13646092 [1]:1277081 [2]:73 [3]:63
[0]:13840380 [1]:1296737 [2]:73 [3]:61
[0]:14042285 [1]:1317219 [2]:73 [3]:63
[0]:14232749 [1]:1336365 [2]:73 [3]:62
[0]:14419990 [1]:1355285 [2]:73 [3]:67
[0]:14615532 [1]:1375004 [2]:73 [3]:59
[0]:14808877 [1]:1394515 [2]:73 [3]:69
[0]:15010978 [1]:1414902 [2]:73 [3]:358
[0]:15216331 [1]:1435595 [2]:72 [3]:70
[0]:15411298 [1]:1455214 [2]:72 [3]:60
[0]:15626239 [1]:1476959 [2]:72 [3]:67
[0]:15822568 [1]:1496797 [2]:72 [3]:376
[0]:16019397 [1]:1516789 [2]:72 [3]:60
[0]:16225287 [1]:1537568 [2]:72 [3]:361
[0]:16425347 [1]:1557743 [2]:72 [3]:359
[0]:16611049 [1]:1580481 [2]:73 [3]:364
[0]:16800764 [1]:1609928 [2]:73 [3]:358
[0]:16992294 [1]:1639596 [2]:73 [3]:73
[0]:17188836 [1]:1669877 [2]:73 [3]:362
[0]:17382794 [1]:1699863 [2]:73 [3]:353
[0]:17572946 [1]:1729350 [2]:73 [3]:76
[0]:17767036 [1]:1759339 [2]:73 [3]:64
[0]:17969629 [1]:1790737 [2]:73 [3]:362
[0]:18180549 [1]:1823364 [2]:73 [3]:366
[0]:18378506 [1]:1853936 [2]:73 [3]:69
[0]:18577761 [1]:1888136 [2]:73 [3]:359
[0]:18769834 [1]:1927979 [2]:99 [3]:360
[0]:18982437 [1]:1972052 [2]:99 [3]:356
[0]:19185570 [1]:2014160 [2]:99 [3]:363
[0]:19389259 [1]:2056435 [2]:99 [3]:361
[0]:19586108 [1]:2097220 [2]:99 [3]:361
[0]:19789263 [1]:2139266 [2]:99 [3]:357
[0]:20016954 [1]:2186555 [2]:99 [3]:368
[0]:20215834 [1]:2227793 [2]:99 [3]:61
[0]:20409595 [1]:2268032 [2]:99 [3]:353
[0]:20610855 [1]:2309813 [2]:99 [3]:359
[0]:20808313 [1]:2350687 [2]:99 [3]:59
[0]:21005895 [1]:2391666 [2]:99 [3]:360
[0]:21203928 [1]:2432725 [2]:99 [3]:363
[0]:21394824 [1]:2472328 [2]:99 [3]:365
[0]:21583453 [1]:2511455 [2]:99 [3]:56
[0]:21776951 [1]:2551615 [2]:148 [3]:364
[0]:21986079 [1]:2594979 [2]:148 [3]:366
[0]:22176219 [1]:2634425 [2]:148 [3]:364
[0]:22420656 [1]:2685102 [2]:148 [3]:49
[0]:22611966 [1]:2724770 [2]:148 [3]:363
[0]:22813404 [1]:2766589 [2]:148 [3]:360
[0]:23014646 [1]:2808337 [2]:148 [3]:362
[0]:23223387 [1]:2851657 [2]:148 [3]:363
[0]:23413382 [1]:2891030 [2]:148 [3]:369
[0]:23607124 [1]:2931234 [2]:148 [3]:365
[0]:23832277 [1]:2977933 [2]:148 [3]:370
[0]:24024546 [1]:3017811 [2]:148 [3]:364
[0]:24221800 [1]:3058728 [2]:148 [3]:364
[0]:24441925 [1]:3104355 [2]:148 [3]:360
[0]:24646985 [1]:3146855 [2]:148 [3]:360
[0]:24839188 [1]:3186747 [2]:158 [3]:358
[0]:25022638 [1]:3224794 [2]:158 [3]:61
[0]:25220217 [1]:3265754 [2]:158 [3]:352
[0]:25418447 [1]:3306787 [2]:158 [3]:358
[0]:25630026 [1]:3350671 [2]:158 [3]:364
[0]:25859850 [1]:3398386 [2]:158 [3]:60
[0]:26062293 [1]:3440421 [2]:158 [3]:368
[0]:26264205 [1]:3482362 [2]:158 [3]:359
[0]:26454013 [1]:3521659 [2]:158 [3]:369
[0]:26648209 [1]:3561904 [2]:158 [3]:367
[0]:26849323 [1]:3603642 [2]:158 [3]:358
[0]:27046749 [1]:3644627 [2]:158 [3]:359
[0]:27249873 [1]:3686728 [2]:158 [3]:62
[0]:27438224 [1]:3725767 [2]:158 [3]:359
[0]:27641522 [1]:3767942 [2]:158 [3]:363
[0]:27834573 [1]:3808041 [2]:160 [3]:355
[0]:28042018 [1]:3851066 [2]:160 [3]:362
[0]:28243170 [1]:3892766 [2]:160 [3]:357
[0]:28444514 [1]:3934577 [2]:160 [3]:360
[0]:28656979 [1]:3978600 [2]:160 [3]:355
[0]:28854410 [1]:4019503 [2]:160 [3]:362
[0]:29047960 [1]:4059631 [2]:160 [3]:359
[0]:29240596 [1]:4099501 [2]:160 [3]:358
[0]:29470260 [1]:4147097 [2]:160 [3]:362
[0]:29693061 [1]:4193295 [2]:160 [3]:51
[0]:29894245 [1]:4235050 [2]:160 [3]:54
[0]:30091774 [1]:4275989 [2]:160 [3]:356
[0]:30324756 [1]:4324318 [2]:160 [3]:359
[0]:30527743 [1]:4366444 [2]:160 [3]:356
[0]:30723743 [1]:4407075 [2]:160 [3]:362
[0]:30913616 [1]:4446481 [2]:160 [3]:358
[0]:31112870 [1]:4487758 [2]:160 [3]:364
[0]:31351390 [1]:4537269 [2]:160 [3]:364
[0]:31541302 [1]:4576706 [2]:160 [3]:62
[0]:31742604 [1]:4618458 [2]:160 [3]:363
[0]:31943912 [1]:4660159 [2]:160 [3]:356
[0]:32148384 [1]:4702574 [2]:160 [3]:353
[0]:32340399 [1]:4742412 [2]:160 [3]:61
[0]:32558831 [1]:4787643 [2]:160 [3]:361
[0]:32746608 [1]:4826610 [2]:160 [3]:359
[0]:32938558 [1]:4866366 [2]:160 [3]:365
[0]:33173807 [1]:4915185 [2]:160 [3]:359
[0]:33356073 [1]:4953015 [2]:160 [3]:360
[0]:33549686 [1]:4993216 [2]:160 [3]:366
[0]:33746886 [1]:5034201 [2]:160 [3]:359
[0]:33952699 [1]:5076848 [2]:160 [3]:356
[0]:34157662 [1]:5119319 [2]:160 [3]:363
[0]:34366402 [1]:5162645 [2]:160 [3]:359
[0]:34560053 [1]:5202854 [2]:160 [3]:361
[0]:34753945 [1]:5242975 [2]:160 [3]:357
[0]:34947597 [1]:5283216 [2]:160 [3]:370
[0]:35148969 [1]:5324976 [2]:160 [3]:355
[0]:35385232 [1]:5373957 [2]:160 [3]:357
[0]:35603587 [1]:5419249 [2]:160 [3]:367
[0]:35801072 [1]:5460166 [2]:160 [3]:363
[0]:36001767 [1]:5501810 [2]:160 [3]:367
[0]:36200092 [1]:5542969 [2]:160 [3]:354
[0]:36419878 [1]:5588557 [2]:160 [3]:366
[0]:36621014 [1]:5630255 [2]:160 [3]:367
[0]:36822068 [1]:5671983 [2]:160 [3]:59
[0]:37023280 [1]:5713721 [2]:160 [3]:363
[0]:37225450 [1]:5755743 [2]:160 [3]:358
[0]:37433347 [1]:5798879 [2]:160 [3]:362
[0]:37649563 [1]:5843683 [2]:160 [3]:353
[0]:37832947 [1]:5881734 [2]:160 [3]:363
[0]:38040875 [1]:5924927 [2]:160 [3]:363
[0]:38234593 [1]:5965078 [2]:160 [3]:355
[0]:38431999 [1]:6005957 [2]:160 [3]:366
[0]:38637142 [1]:6048558 [2]:160 [3]:358
[0]:38830916 [1]:6088764 [2]:160 [3]:361
[0]:39035866 [1]:6131274 [2]:160 [3]:356
[0]:39230523 [1]:6171662 [2]:160 [3]:57
[0]:39434674 [1]:6213998 [2]:160 [3]:363
[0]:39632197 [1]:6254980 [2]:160 [3]:360
[0]:39833326 [1]:6296671 [2]:160 [3]:361
[0]:40064429 [1]:6344681 [2]:160 [3]:358
[0]:40276518 [1]:6388628 [2]:160 [3]:64
[0]:40470665 [1]:6428861 [2]:160 [3]:59
[0]:40684779 [1]:6473272 [2]:160 [3]:63
[0]:40883629 [1]:6514531 [2]:160 [3]:359
[0]:41112051 [1]:6561943 [2]:160 [3]:371
[0]:41307988 [1]:6602537 [2]:160 [3]:361
[0]:41506381 [1]:6643687 [2]:160 [3]:367
[0]:41725126 [1]:6689061 [2]:160 [3]:362
[0]:41929122 [1]:6731387 [2]:160 [3]:64
[0]:42125301 [1]:6772100 [2]:160 [3]:59
[0]:42322882 [1]:6813051 [2]:160 [3]:360
[0]:42527992 [1]:6855595 [2]:160 [3]:366
[0]:42728992 [1]:6897273 [2]:160 [3]:357
[0]:42934043 [1]:6939794 [2]:160 [3]:353
[0]:43139109 [1]:6982270 [2]:160 [3]:358
[0]:43336321 [1]:7023161 [2]:160 [3]:358
[0]:43531592 [1]:7063673 [2]:160 [3]:364
[0]:43727696 [1]:7104398 [2]:160 [3]:361
[0]:43921561 [1]:7144646 [2]:160 [3]:365
[0]:44112994 [1]:7184315 [2]:160 [3]:54
[0]:44319593 [1]:7227208 [2]:160 [3]:62
[0]:44510403 [1]:7266808 [2]:160 [3]:57
[0]:44702237 [1]:7306536 [2]:160 [3]:59
[0]:44886668 [1]:7344797 [2]:160 [3]:59
[0]:45086428 [1]:7386151 [2]:160 [3]:362
[0]:45285097 [1]:7427393 [2]:160 [3]:62
[0]:45479377 [1]:7467746 [2]:160 [3]:69
[0]:45688092 [1]:7511063 [2]:160 [3]:52
[0]:45889443 [1]:7552766 [2]:160 [3]:355
[0]:46086822 [1]:7593737 [2]:160 [3]:361
[0]:46295291 [1]:7637045 [2]:160 [3]:362
[0]:46519154 [1]:7683495 [2]:160 [3]:360
[0]:46727060 [1]:7726585 [2]:160 [3]:366
[0]:46931642 [1]:7769028 [2]:160 [3]:362
[0]:47119145 [1]:7807902 [2]:160 [3]:361
[0]:47346545 [1]:7855054 [2]:160 [3]:361
[0]:47551329 [1]:7897563 [2]:160 [3]:366
[0]:47744468 [1]:7937581 [2]:160 [3]:355
[0]:47940459 [1]:7978248 [2]:160 [3]:361
[0]:48128918 [1]:8017335 [2]:160 [3]:364
[0]:48322792 [1]:8057569 [2]:160 [3]:67
[0]:48519856 [1]:8098474 [2]:160 [3]:357
[0]:48721509 [1]:8140227 [2]:160 [3]:362
[0]:48922701 [1]:8182011 [2]:160 [3]:356
[0]:49135333 [1]:8226093 [2]:160 [3]:359
[0]:49329030 [1]:8266282 [2]:160 [3]:357
[0]:49526557 [1]:8307251 [2]:160 [3]:357
[0]:49712357 [1]:8345770 [2]:160 [3]:362
[0]:49909790 [1]:8386709 [2]:160 [3]:366
[0]:50111088 [1]:8428522 [2]:160 [3]:359
[0]:50305335 [1]:8468836 [2]:160 [3]:356
[0]:50532741 [1]:8516001 [2]:160 [3]:356
[0]:50735700 [1]:8558162 [2]:160 [3]:361
[0]:50996954 [1]:8612366 [2]:160 [3]:358
[0]:51188690 [1]:8652118 [2]:160 [3]:359
[0]:51393672 [1]:8694731 [2]:160 [3]:57
[0]:51598492 [1]:8737157 [2]:160 [3]:367
[0]:51803504 [1]:8779725 [2]:160 [3]:54
[0]:52003990 [1]:8821309 [2]:160 [3]:67
[0]:52194602 [1]:8860810 [2]:160 [3]:62
[0]:52392397 [1]:8901769 [2]:160 [3]:361
[0]:52596412 [1]:8944175 [2]:160 [3]:360
[0]:52810605 [1]:8988569 [2]:160 [3]:357
[0]:53012393 [1]:9030451 [2]:160 [3]:369
[0]:53204678 [1]:9070342 [2]:160 [3]:357
[0]:53416625 [1]:9114242 [2]:160 [3]:364
[0]:53606373 [1]:9153619 [2]:160 [3]:61
[0]:53819041 [1]:9197705 [2]:160 [3]:369
[0]:54007817 [1]:9236831 [2]:160 [3]:358
[0]:54207383 [1]:9278226 [2]:160 [3]:362
[0]:54403814 [1]:9318967 [2]:160 [3]:364
[0]:54602413 [1]:9360160 [2]:160 [3]:364
[0]:54795857 [1]:9400278 [2]:160 [3]:359
[0]:54988864 [1]:9440276 [2]:160 [3]:361
[0]:55183821 [1]:9480608 [2]:160 [3]:362
[0]:55390749 [1]:9523544 [2]:160 [3]:367
[0]:55593393 [1]:9565629 [2]:160 [3]:355
[0]:55794924 [1]:9607405 [2]:160 [3]:365
[0]:55992493 [1]:9648395 [2]:160 [3]:358
[0]:56194312 [1]:9690216 [2]:160 [3]:363
[0]:56394827 [1]:9731845 [2]:160 [3]:65
[0]:56599811 [1]:9774338 [2]:160 [3]:362
[0]:56797398 [1]:9815307 [2]:160 [3]:363
[0]:56987389 [1]:9854750 [2]:160 [3]:363
[0]:57191885 [1]:9897100 [2]:160 [3]:61
[0]:57390009 [1]:9938191 [2]:160 [3]:363
[0]:57580018 [1]:9977643 [2]:160 [3]:354
[0]:57810994 [1]:10025574 [2]:160 [3]:359
[0]:58016057 [1]:10068040 [2]:160 [3]:61
[0]:58247059 [1]:10115963 [2]:160 [3]:59
[0]:58440912 [1]:10156188 [2]:160 [3]:363
[0]:58639987 [1]:10197446 [2]:160 [3]:355
[0]:58843477 [1]:10239629 [2]:160 [3]:361
[0]:59074584 [1]:10287543 [2]:160 [3]:360
[0]:59271884 [1]:10328481 [2]:160 [3]:352
[0]:59463434 [1]:10368176 [2]:160 [3]:360
[0]:59651697 [1]:10407215 [2]:160 [3]:364
[0]:59860923 [1]:10450506 [2]:160 [3]:357
[0]:60065873 [1]:10492980 [2]:160 [3]:359
[0]:60269152 [1]:10535106 [2]:160 [3]:361
[0]:60464623 [1]:10575635 [2]:160 [3]:59
[0]:60684508 [1]:10621269 [2]:160 [3]:357
[0]:60890044 [1]:10663847 [2]:160 [3]:65
[0]:61087003 [1]:10704704 [2]:160 [3]:63
[0]:61285840 [1]:10745942 [2]:160 [3]:355
[0]:61485844 [1]:10787443 [2]:160 [3]:364
[0]:61688788 [1]:10829556 [2]:160 [3]:369
[0]:61884681 [1]:10870147 [2]:160 [3]:362
[0]:62078329 [1]:10910359 [2]:160 [3]:361
[0]:62283231 [1]:10952801 [2]:160 [3]:61
[0]:62495517 [1]:10996834 [2]:160 [3]:58
[0]:62692471 [1]:11037673 [2]:160 [3]:362
[0]:62890524 [1]:11078708 [2]:160 [3]:356
[0]:63084692 [1]:11119030 [2]:160 [3]:351
[0]:63278870 [1]:11159268 [2]:160 [3]:360
[0]:63477397 [1]:11200463 [2]:160 [3]:365
[0]:63669196 [1]:11240186 [2]:160 [3]:59
[0]:63867277 [1]:11281274 [2]:160 [3]:360
[0]:64062542 [1]:11321701 [2]:160 [3]:358
[0]:64265975 [1]:11363910 [2]:160 [3]:367
[0]:64467207 [1]:11405605 [2]:160 [3]:365
[0]:64664951 [1]:11446480 [2]:160 [3]:63
[0]:64867812 [1]:11488582 [2]:160 [3]:365
[0]:65094085 [1]:11518664 [2]:160 [3]:74
[0]:65298645 [1]:11545551 [2]:160 [3]:82
[0]:65503272 [1]:11572355 [2]:160 [3]:365
[0]:65719642 [1]:11600885 [2]:160 [3]:370
[0]:65922179 [1]:11627532 [2]:160 [3]:373
[0]:66127995 [1]:11654478 [2]:160 [3]:365
[0]:66382915 [1]:11687822 [2]:160 [3]:375
[0]:66582492 [1]:11714147 [2]:160 [3]:374
[0]:66785049 [1]:11740690 [2]:160 [3]:365
[0]:66990664 [1]:11767731 [2]:160 [3]:359
[0]:67218474 [1]:11797628 [2]:153 [3]:84
[0]:67427569 [1]:11825013 [2]:153 [3]:363
[0]:67675073 [1]:11857393 [2]:153 [3]:361
[0]:67883989 [1]:11884960 [2]:153 [3]:364
[0]:68094723 [1]:11912713 [2]:153 [3]:372
[0]:68298259 [1]:11939429 [2]:153 [3]:362
[0]:68513627 [1]:11967815 [2]:153 [3]:363
[0]:68720681 [1]:11994965 [2]:153 [3]:360
[0]:68930799 [1]:12022597 [2]:153 [3]:365
[0]:69141872 [1]:12050318 [2]:153 [3]:380
[0]:69347804 [1]:12077387 [2]:153 [3]:75
[0]:69548581 [1]:12103781 [2]:153 [3]:357
[0]:69758552 [1]:12131287 [2]:153 [3]:359
[0]:69969958 [1]:12159115 [2]:153 [3]:365
[0]:70200375 [1]:12189403 [2]:153 [3]:84
[0]:70410338 [1]:12216941 [2]:153 [3]:365
[0]:70615052 [1]:12243749 [2]:153 [3]:79
[0]:70819539 [1]:12270619 [2]:153 [3]:70
[0]:71102981 [1]:12307860 [2]:146 [3]:360
[0]:71328800 [1]:12337433 [2]:146 [3]:359
[0]:71531684 [1]:12364052 [2]:146 [3]:368
[0]:71736652 [1]:12390950 [2]:146 [3]:367
[0]:71945259 [1]:12418283 [2]:146 [3]:363
[0]:72149894 [1]:12445170 [2]:146 [3]:358
[0]:72381560 [1]:12475655 [2]:146 [3]:370
[0]:72614994 [1]:12506370 [2]:146 [3]:368
[0]:72825737 [1]:12534096 [2]:146 [3]:363
[0]:73070946 [1]:12566231 [2]:146 [3]:368
[0]:73271133 [1]:12592508 [2]:146 [3]:368
[0]:73478686 [1]:12619793 [2]:146 [3]:360
[0]:73686907 [1]:12647156 [2]:146 [3]:361
[0]:73928568 [1]:12678910 [2]:146 [3]:368
[0]:74140844 [1]:12706813 [2]:146 [3]:370
[0]:74353508 [1]:12734612 [2]:146 [3]:368
[0]:74550389 [1]:12760480 [2]:146 [3]:364
[0]:74758846 [1]:12787926 [2]:145 [3]:366
[0]:74959459 [1]:12814361 [2]:145 [3]:366
[0]:75161073 [1]:12840935 [2]:145 [3]:363
[0]:75368627 [1]:12868214 [2]:145 [3]:361
[0]:75573379 [1]:12895143 [2]:145 [3]:81
[0]:75777745 [1]:12922091 [2]:145 [3]:375
[0]:75974197 [1]:12948014 [2]:145 [3]:353
[0]:76182979 [1]:12975583 [2]:145 [3]:363
[0]:76395490 [1]:13003521 [2]:145 [3]:83
[0]:76604647 [1]:13030897 [2]:145 [3]:79
[0]:76808768 [1]:13057676 [2]:145 [3]:82
[0]:77021045 [1]:13085766 [2]:145 [3]:365
[0]:77225723 [1]:13112554 [2]:145 [3]:367
[0]:77426341 [1]:13138825 [2]:145 [3]:371
[0]:77631324 [1]:13165852 [2]:145 [3]:365
[0]:77835790 [1]:13192699 [2]:145 [3]:365
[0]:78048285 [1]:13220617 [2]:145 [3]:359
[0]:78252848 [1]:13247480 [2]:145 [3]:92
[0]:78465365 [1]:13275316 [2]:145 [3]:363
[0]:78675399 [1]:13302867 [2]:144 [3]:369
[0]:78878032 [1]:13329508 [2]:144 [3]:356
[0]:79087113 [1]:13356993 [2]:144 [3]:373
[0]:79346753 [1]:13391008 [2]:144 [3]:359
[0]:79551559 [1]:13417860 [2]:144 [3]:362
[0]:79756275 [1]:13444642 [2]:144 [3]:363
[0]:79959632 [1]:13471385 [2]:144 [3]:367
[0]:80167145 [1]:13498619 [2]:144 [3]:75
[0]:80374038 [1]:13525764 [2]:144 [3]:361
[0]:80574071 [1]:13552059 [2]:144 [3]:373
[0]:80779107 [1]:13578976 [2]:144 [3]:76
[0]:80981484 [1]:13605613 [2]:144 [3]:365
[0]:81188580 [1]:13632746 [2]:144 [3]:367
[0]:81391777 [1]:13659347 [2]:144 [3]:363
[0]:81593991 [1]:13685922 [2]:144 [3]:372
[0]:81810267 [1]:13714493 [2]:144 [3]:365
[0]:82022899 [1]:13742477 [2]:144 [3]:357
[0]:82227468 [1]:13769295 [2]:144 [3]:368
[0]:82436068 [1]:13796749 [2]:144 [3]:359
[0]:82632759 [1]:13822577 [2]:144 [3]:359
[0]:82834218 [1]:13849071 [2]:144 [3]:372
[0]:83041969 [1]:13876315 [2]:144 [3]:365
[0]:83251280 [1]:13903820 [2]:144 [3]:360
[0]:83464979 [1]:13931921 [2]:144 [3]:359
[0]:83663912 [1]:13957943 [2]:144 [3]:356
[0]:83867991 [1]:13984744 [2]:144 [3]:358
[0]:84086647 [1]:14013458 [2]:144 [3]:367
[0]:84300213 [1]:14041379 [2]:144 [3]:356
[0]:84505947 [1]:14068368 [2]:144 [3]:358
[0]:84738446 [1]:14098931 [2]:144 [3]:359
[0]:84949467 [1]:14126758 [2]:144 [3]:356
[0]:85152009 [1]:14153271 [2]:144 [3]:368
[0]:85353894 [1]:14179829 [2]:144 [3]:362
[0]:85560630 [1]:14206978 [2]:144 [3]:359
[0]:85799032 [1]:14238432 [2]:144 [3]:76
[0]:86032675 [1]:14269187 [2]:144 [3]:366
[0]:86241384 [1]:14296559 [2]:144 [3]:363
[0]:86453198 [1]:14324661 [2]:144 [3]:362
[0]:86654442 [1]:14351045 [2]:144 [3]:363
[0]:86870597 [1]:14379355 [2]:144 [3]:364
[0]:87071559 [1]:14405777 [2]:144 [3]:84
[0]:87280281 [1]:14433039 [2]:144 [3]:363
[0]:87488516 [1]:14460372 [2]:144 [3]:368
[0]:87691917 [1]:14487061 [2]:144 [3]:365
[0]:87897950 [1]:14514136 [2]:144 [3]:363
[0]:88120779 [1]:14543319 [2]:144 [3]:367
[0]:88327065 [1]:14570362 [2]:144 [3]:78
[0]:88531627 [1]:14597176 [2]:144 [3]:376
[0]:88740272 [1]:14624555 [2]:144 [3]:365
[0]:88944939 [1]:14651379 [2]:144 [3]:363
[0]:89153046 [1]:14678648 [2]:144 [3]:367
[0]:89358219 [1]:14705520 [2]:144 [3]:368
[0]:89562811 [1]:14732360 [2]:144 [3]:362
[0]:89775515 [1]:14760292 [2]:144 [3]:356
[0]:89980120 [1]:14787103 [2]:144 [3]:365
[0]:90184726 [1]:14813913 [2]:144 [3]:363
[0]:90403751 [1]:14842717 [2]:144 [3]:369
[0]:90601941 [1]:14868706 [2]:144 [3]:71
[0]:90813992 [1]:14896585 [2]:144 [3]:373
[0]:91019056 [1]:14923482 [2]:144 [3]:365
[0]:91223792 [1]:14950352 [2]:144 [3]:358
[0]:91428143 [1]:14977175 [2]:144 [3]:357
[0]:91648839 [1]:15006021 [2]:144 [3]:366
[0]:91896710 [1]:15038510 [2]:144 [3]:371
[0]:92101445 [1]:15065277 [2]:144 [3]:78
[0]:92318124 [1]:15093683 [2]:144 [3]:365
[0]:92518519 [1]:15119926 [2]:144 [3]:357
[0]:92723334 [1]:15146860 [2]:144 [3]:373
[0]:92943665 [1]:15175760 [2]:144 [3]:366
[0]:93148333 [1]:15202565 [2]:144 [3]:368
[0]:93364753 [1]:15231057 [2]:144 [3]:360
[0]:93576754 [1]:15258901 [2]:144 [3]:366
[0]:93789713 [1]:15286859 [2]:144 [3]:360
[0]:93994332 [1]:15313680 [2]:144 [3]:360
[0]:94194925 [1]:15340002 [2]:144 [3]:362
[0]:94395972 [1]:15366374 [2]:144 [3]:72
[0]:94615276 [1]:15395163 [2]:144 [3]:364
[0]:94821056 [1]:15422175 [2]:144 [3]:364
[0]:95023997 [1]:15448847 [2]:144 [3]:89
[0]:95228475 [1]:15475607 [2]:144 [3]:367
[0]:95437468 [1]:15503029 [2]:144 [3]:363
[0]:95639667 [1]:15529492 [2]:144 [3]:368
[0]:95863724 [1]:15558970 [2]:144 [3]:369
[0]:96072145 [1]:15586366 [2]:144 [3]:364
[0]:96276782 [1]:15613239 [2]:144 [3]:370
[0]:96489251 [1]:15641130 [2]:144 [3]:76
[0]:96693999 [1]:15668103 [2]:144 [3]:364
[0]:96910471 [1]:15696442 [2]:144 [3]:362
[0]:97118985 [1]:15723680 [2]:144 [3]:368
[0]:97319727 [1]:15750059 [2]:144 [3]:367
[0]:97527475 [1]:15777248 [2]:144 [3]:359
[0]:97752804 [1]:15806738 [2]:144 [3]:359
[0]:97961332 [1]:15834030 [2]:144 [3]:372
[0]:98206218 [1]:15866270 [2]:144 [3]:371
[0]:98405965 [1]:15892587 [2]:144 [3]:358
[0]:98610161 [1]:15919367 [2]:144 [3]:363
[0]:98811964 [1]:15945815 [2]:144 [3]:367
[0]:99023703 [1]:15973762 [2]:144 [3]:363
[0]:99232279 [1]:16001313 [2]:144 [3]:365
[0]:99436878 [1]:16028222 [2]:144 [3]:369
[0]:99653309 [1]:16056676 [2]:144 [3]:86
[0]:99865212 [1]:16084522 [2]:144 [3]:363
[0]:100070454 [1]:16111389 [2]:144 [3]:367
[0]:100274957 [1]:16138279 [2]:144 [3]:360
[0]:100487576 [1]:16166180 [2]:144 [3]:369
[0]:100696167 [1]:16193464 [2]:144 [3]:361
[0]:100903869 [1]:16220696 [2]:144 [3]:366
[0]:101113226 [1]:16248375 [2]:144 [3]:360
[0]:101322265 [1]:16275861 [2]:144 [3]:370
[0]:101529224 [1]:16303122 [2]:144 [3]:364
[0]:101754026 [1]:16332602 [2]:144 [3]:76
[0]:101955391 [1]:16359111 [2]:144 [3]:369
[0]:102164940 [1]:16386681 [2]:144 [3]:79
[0]:102368289 [1]:16413528 [2]:144 [3]:365
[0]:102576850 [1]:16440930 [2]:144 [3]:83
[0]:102788979 [1]:16468704 [2]:144 [3]:368
[0]:102997523 [1]:16496075 [2]:144 [3]:374
[0]:103211093 [1]:16524044 [2]:144 [3]:358
[0]:103418851 [1]:16551440 [2]:144 [3]:363
[0]:103635538 [1]:16579878 [2]:144 [3]:359
[0]:103845223 [1]:16607404 [2]:144 [3]:369
[0]:104095992 [1]:16640302 [2]:144 [3]:363
[0]:104292667 [1]:16666087 [2]:144 [3]:364
[0]:104513088 [1]:16695019 [2]:144 [3]:78
[0]:104717902 [1]:16721782 [2]:144 [3]:81
[0]:104934206 [1]:16750132 [2]:144 [3]:362
[0]:105135136 [1]:16776566 [2]:144 [3]:361
[0]:105346254 [1]:16804348 [2]:144 [3]:376
[0]:105549247 [1]:16831090 [2]:144 [3]:370
[0]:105760810 [1]:16858894 [2]:144 [3]:371
[0]:105956213 [1]:16884504 [2]:144 [3]:366
[0]:106164121 [1]:16911756 [2]:144 [3]:355
[0]:106409789 [1]:16943901 [2]:144 [3]:365
[0]:106612410 [1]:16970517 [2]:144 [3]:373
[0]:106811315 [1]:16996619 [2]:144 [3]:367
[0]:107007327 [1]:17022406 [2]:144 [3]:361
[0]:107208824 [1]:17048787 [2]:144 [3]:366
[0]:107438234 [1]:17078893 [2]:144 [3]:80
[0]:107637884 [1]:17105097 [2]:144 [3]:361
[0]:107842535 [1]:17131910 [2]:144 [3]:370
[0]:108050278 [1]:17159181 [2]:144 [3]:365
[0]:108259839 [1]:17186635 [2]:144 [3]:361
[0]:108474088 [1]:17214717 [2]:144 [3]:369
[0]:108683904 [1]:17242227 [2]:144 [3]:369
[0]:108907751 [1]:17271739 [2]:144 [3]:368
[0]:109120490 [1]:17299642 [2]:144 [3]:370
[0]:109333862 [1]:17327685 [2]:144 [3]:367
[0]:109542662 [1]:17355082 [2]:144 [3]:359
[0]:109747202 [1]:17382059 [2]:144 [3]:364
[0]:109963756 [1]:17410449 [2]:144 [3]:361
[0]:110176113 [1]:17438421 [2]:144 [3]:352
[0]:110376724 [1]:17464833 [2]:144 [3]:368
[0]:110592740 [1]:17493320 [2]:144 [3]:366
[0]:110806172 [1]:17521297 [2]:144 [3]:367
[0]:111014104 [1]:17548760 [2]:144 [3]:359
[0]:111226665 [1]:17576606 [2]:144 [3]:364
[0]:111427155 [1]:17602927 [2]:144 [3]:358
[0]:111695000 [1]:17637994 [2]:144 [3]:359
[0]:111912570 [1]:17666376 [2]:144 [3]:356
[0]:112120018 [1]:17693527 [2]:144 [3]:358
[0]:112334200 [1]:17721752 [2]:144 [3]:363
[0]:112545350 [1]:17749445 [2]:144 [3]:370
[0]:112747148 [1]:17775957 [2]:144 [3]:366
[0]:112970057 [1]:17805284 [2]:144 [3]:369
[0]:113177368 [1]:17832506 [2]:144 [3]:364
[0]:113383323 [1]:17859571 [2]:144 [3]:362
[0]:113584945 [1]:17886081 [2]:144 [3]:362
[0]:113792476 [1]:17913392 [2]:144 [3]:359
[0]:114006099 [1]:17941459 [2]:144 [3]:368
[0]:114206093 [1]:17967697 [2]:144 [3]:361
[0]:114425912 [1]:17996737 [2]:144 [3]:75
[0]:114625827 [1]:18023162 [2]:144 [3]:371
[0]:114838911 [1]:18051149 [2]:144 [3]:80
[0]:115044892 [1]:18078228 [2]:144 [3]:368
[0]:115259872 [1]:18106696 [2]:144 [3]:363
[0]:115464491 [1]:18133679 [2]:144 [3]:362
[0]:115695579 [1]:18163993 [2]:144 [3]:356
[0]:115899319 [1]:18190715 [2]:144 [3]:365
[0]:116105917 [1]:18217814 [2]:144 [3]:81
[0]:116313902 [1]:18245149 [2]:144 [3]:355
[0]:116522983 [1]:18272726 [2]:144 [3]:363
[0]:116735495 [1]:18300634 [2]:145 [3]:362
[0]:116947837 [1]:18328609 [2]:145 [3]:367
[0]:117160405 [1]:18356431 [2]:145 [3]:367
[0]:117370352 [1]:18383962 [2]:145 [3]:366
[0]:117585520 [1]:18412273 [2]:145 [3]:370
[0]:117789361 [1]:18439113 [2]:145 [3]:367
[0]:118049438 [1]:18473393 [2]:145 [3]:365
[0]:118264441 [1]:18501661 [2]:145 [3]:365
[0]:118470687 [1]:18528716 [2]:145 [3]:371
[0]:118676634 [1]:18555783 [2]:145 [3]:364
[0]:118888323 [1]:18583530 [2]:145 [3]:371
[0]:119093664 [1]:18610560 [2]:145 [3]:364
[0]:119314585 [1]:18639635 [2]:145 [3]:369
[0]:119515656 [1]:18665985 [2]:145 [3]:358
[0]:119788978 [1]:18701924 [2]:145 [3]:372
[0]:119990282 [1]:18728516 [2]:145 [3]:360
[0]:120220249 [1]:18758711 [2]:145 [3]:352
[0]:120419656 [1]:18784932 [2]:145 [3]:366
[0]:120630886 [1]:18812675 [2]:144 [3]:360
[0]:120835582 [1]:18839552 [2]:144 [3]:355
[0]:121039848 [1]:18866375 [2]:144 [3]:86
[0]:121271980 [1]:18896896 [2]:144 [3]:371
[0]:121480905 [1]:18924304 [2]:144 [3]:369
[0]:121689532 [1]:18951681 [2]:144 [3]:365
[0]:121906037 [1]:18980093 [2]:144 [3]:363
[0]:122117999 [1]:19007983 [2]:144 [3]:371
[0]:122326898 [1]:19035397 [2]:144 [3]:359
[0]:122531611 [1]:19062268 [2]:144 [3]:360
[0]:122736288 [1]:19089335 [2]:144 [3]:356
[0]:122943108 [1]:19116507 [2]:144 [3]:372
[0]:123147449 [1]:19143401 [2]:144 [3]:369
[0]:123365771 [1]:19172125 [2]:144 [3]:366
[0]:123574328 [1]:19199559 [2]:144 [3]:369
[0]:123813973 [1]:19230974 [2]:144 [3]:365
[0]:124019292 [1]:19257974 [2]:144 [3]:366
[0]:124235548 [1]:19286346 [2]:144 [3]:365
[0]:124479268 [1]:19318343 [2]:144 [3]:372
[0]:124687995 [1]:19345649 [2]:144 [3]:364
[0]:124905988 [1]:19374222 [2]:144 [3]:359
[0]:125120915 [1]:19402326 [2]:144 [3]:367
[0]:125340919 [1]:19431515 [2]:144 [3]:365
[0]:125553632 [1]:19459373 [2]:144 [3]:369
[0]:125760860 [1]:19486638 [2]:144 [3]:77
[0]:125980605 [1]:19515466 [2]:144 [3]:367
[0]:126192151 [1]:19543193 [2]:144 [3]:82
[0]:126399835 [1]:19570455 [2]:144 [3]:368
[0]:126608308 [1]:19597798 [2]:144 [3]:364
[0]:126819297 [1]:19625535 [2]:144 [3]:372
[0]:127048310 [1]:19655630 [2]:144 [3]:76
[0]:127272817 [1]:19685196 [2]:144 [3]:75
[0]:127495611 [1]:19714525 [2]:144 [3]:358
[0]:127729728 [1]:19745309 [2]:144 [3]:358
[0]:127931717 [1]:19771815 [2]:144 [3]:357
[0]:128138362 [1]:19799112 [2]:144 [3]:369
[0]:128347410 [1]:19826678 [2]:144 [3]:363
[0]:128545047 [1]:19852555 [2]:144 [3]:367
[0]:128756676 [1]:19880393 [2]:144 [3]:363
[0]:128961432 [1]:19907338 [2]:144 [3]:85
[0]:129169728 [1]:19934851 [2]:144 [3]:374
[0]:129370393 [1]:19961294 [2]:144 [3]:369
[0]:129578977 [1]:19988641 [2]:144 [3]:368
[0]:129793712 [1]:20016845 [2]:144 [3]:362
[0]:129999968 [1]:20043995 [2]:144 [3]:371
[0]:130231838 [1]:20074444 [2]:144 [3]:366
[0]:130436780 [1]:20101413 [2]:144 [3]:361
[0]:130657245 [1]:20130329 [2]:144 [3]:367
[0]:130865308 [1]:20157693 [2]:144 [3]:363
[0]:131074300 [1]:20185142 [2]:144 [3]:83
[0]:131279020 [1]:20211992 [2]:144 [3]:358
[0]:131488839 [1]:20239500 [2]:144 [3]:81
[0]:131691450 [1]:20266074 [2]:144 [3]:364
[0]:131900685 [1]:20293528 [2]:144 [3]:366
[0]:132112366 [1]:20321415 [2]:144 [3]:366
[0]:132345273 [1]:20352062 [2]:144 [3]:372
[0]:132561771 [1]:20380574 [2]:144 [3]:69
[0]:132762453 [1]:20406927 [2]:144 [3]:75
[0]:132974953 [1]:20434790 [2]:144 [3]:364
[0]:133181678 [1]:20461813 [2]:144 [3]:368
[0]:133392112 [1]:20489369 [2]:144 [3]:364
[0]:133600769 [1]:20516748 [2]:144 [3]:362
[0]:133812901 [1]:20559535 [2]:144 [3]:363
[0]:134004075 [1]:20599217 [2]:144 [3]:370
[0]:134201590 [1]:20640093 [2]:144 [3]:365
[0]:134424503 [1]:20686278 [2]:144 [3]:350
[0]:134639674 [1]:20730980 [2]:144 [3]:363
[0]:134827794 [1]:20769979 [2]:144 [3]:361
[0]:135085670 [1]:20823494 [2]:144 [3]:360
[0]:135274597 [1]:20862637 [2]:144 [3]:366
[0]:135476294 [1]:20904471 [2]:152 [3]:357
[0]:135665854 [1]:20943803 [2]:152 [3]:58
[0]:135859845 [1]:20984047 [2]:152 [3]:365
[0]:136055431 [1]:21024673 [2]:152 [3]:364
[0]:136244598 [1]:21063875 [2]:152 [3]:363
[0]:136436268 [1]:21103644 [2]:152 [3]:62
[0]:136654888 [1]:21148992 [2]:152 [3]:359
[0]:136843323 [1]:21188072 [2]:152 [3]:364
[0]:137112322 [1]:21243746 [2]:152 [3]:360
[0]:137304409 [1]:21283607 [2]:152 [3]:364
[0]:137496180 [1]:21323366 [2]:152 [3]:364
[0]:137689988 [1]:21363558 [2]:152 [3]:360
[0]:137881583 [1]:21403365 [2]:152 [3]:362
[0]:138072979 [1]:21442935 [2]:152 [3]:354
[0]:138327374 [1]:21495705 [2]:159 [3]:369
[0]:138524782 [1]:21536652 [2]:159 [3]:363
[0]:138726024 [1]:21578410 [2]:159 [3]:366
[0]:138919431 [1]:21618595 [2]:159 [3]:365
[0]:139128542 [1]:21661854 [2]:159 [3]:364
[0]:139337214 [1]:21705145 [2]:159 [3]:365
[0]:139537495 [1]:21746717 [2]:159 [3]:364
[0]:139743466 [1]:21789442 [2]:159 [3]:360
[0]:139940247 [1]:21830197 [2]:159 [3]:359
[0]:140134957 [1]:21870588 [2]:159 [3]:361
[0]:140339586 [1]:21913053 [2]:159 [3]:366
[0]:140533517 [1]:21953320 [2]:159 [3]:359
[0]:140730881 [1]:21994261 [2]:159 [3]:63
[0]:140938043 [1]:22037094 [2]:159 [3]:355
[0]:141137059 [1]:22078372 [2]:159 [3]:365
[0]:141392148 [1]:22131411 [2]:160 [3]:362
[0]:141591875 [1]:22172930 [2]:160 [3]:66
[0]:141796757 [1]:22215358 [2]:160 [3]:365
[0]:142020136 [1]:22261713 [2]:160 [3]:355
[0]:142227108 [1]:22304650 [2]:160 [3]:369
[0]:142428391 [1]:22346449 [2]:160 [3]:363
[0]:142690217 [1]:22400701 [2]:160 [3]:352
[0]:142887912 [1]:22441774 [2]:160 [3]:352
[0]:143086142 [1]:22482937 [2]:160 [3]:59
[0]:143278360 [1]:22522860 [2]:160 [3]:355
[0]:143480679 [1]:22564826 [2]:160 [3]:368
[0]:143667618 [1]:22603589 [2]:160 [3]:363
[0]:143863316 [1]:22644216 [2]:160 [3]:361
[0]:144058724 [1]:22684774 [2]:160 [3]:55
[0]:144289521 [1]:22732632 [2]:160 [3]:360
[0]:144483451 [1]:22772878 [2]:160 [3]:359
[0]:144681208 [1]:22813817 [2]:160 [3]:361
[0]:144878810 [1]:22854823 [2]:160 [3]:369
[0]:145068768 [1]:22894182 [2]:160 [3]:365
[0]:145288561 [1]:22939760 [2]:160 [3]:63
[0]:145489921 [1]:22981546 [2]:160 [3]:53
[0]:145687392 [1]:23022475 [2]:160 [3]:352
[0]:145878662 [1]:23062221 [2]:160 [3]:360
[0]:146075060 [1]:23102960 [2]:160 [3]:370
[0]:146262607 [1]:23141909 [2]:160 [3]:358
[0]:146489769 [1]:23189050 [2]:160 [3]:61
[0]:146681976 [1]:23228934 [2]:160 [3]:366
[0]:146872436 [1]:23268424 [2]:160 [3]:358
[0]:147081138 [1]:23311776 [2]:160 [3]:364
[0]:147300966 [1]:23357401 [2]:160 [3]:369
[0]:147498593 [1]:23398325 [2]:160 [3]:56
[0]:147688593 [1]:23437772 [2]:160 [3]:66
[0]:147886365 [1]:23478775 [2]:160 [3]:357
[0]:148087379 [1]:23520473 [2]:160 [3]:365
[0]:148280568 [1]:23560477 [2]:160 [3]:372
[0]:148477613 [1]:23601368 [2]:160 [3]:63
[0]:148675696 [1]:23642477 [2]:160 [3]:56
[0]:148873082 [1]:23683415 [2]:160 [3]:365
[0]:149122078 [1]:23735072 [2]:160 [3]:58
[0]:149313513 [1]:23774776 [2]:160 [3]:361
[0]:149506298 [1]:23814748 [2]:160 [3]:358
[0]:149702110 [1]:23855386 [2]:160 [3]:356
[0]:149934098 [1]:23903519 [2]:160 [3]:365
[0]:150126827 [1]:23943450 [2]:160 [3]:370
[0]:150328402 [1]:23985288 [2]:160 [3]:62
[0]:150528453 [1]:24026816 [2]:160 [3]:364
[0]:150729699 [1]:24068558 [2]:160 [3]:369
[0]:150923020 [1]:24108727 [2]:160 [3]:59
[0]:151124481 [1]:24150495 [2]:160 [3]:366
[0]:151318328 [1]:24190701 [2]:160 [3]:362
[0]:151516035 [1]:24231681 [2]:160 [3]:364
[0]:151717238 [1]:24273437 [2]:160 [3]:360
[0]:151918440 [1]:24315175 [2]:160 [3]:55
[0]:152113237 [1]:24355554 [2]:160 [3]:370
[0]:152309645 [1]:24396275 [2]:160 [3]:60
[0]:152507180 [1]:24437235 [2]:160 [3]:364
[0]:152704820 [1]:24478242 [2]:160 [3]:364
[0]:152905104 [1]:24519874 [2]:160 [3]:358
[0]:153099876 [1]:24560197 [2]:160 [3]:359
[0]:153293621 [1]:24600388 [2]:160 [3]:360
[0]:153481414 [1]:24639385 [2]:160 [3]:355
[0]:153669979 [1]:24678603 [2]:160 [3]:358
[0]:153871230 [1]:24720346 [2]:160 [3]:362
[0]:154067716 [1]:24761189 [2]:160 [3]:368
[0]:154266222 [1]:24802372 [2]:160 [3]:358
[0]:154470750 [1]:24844825 [2]:160 [3]:366
[0]:154668559 [1]:24885863 [2]:160 [3]:363
[0]:154866162 [1]:24926800 [2]:160 [3]:363
[0]:155064344 [1]:24967949 [2]:160 [3]:366
[0]:155257461 [1]:25008086 [2]:160 [3]:353
[0]:155450648 [1]:25048137 [2]:160 [3]:62
[0]:155678504 [1]:25095396 [2]:160 [3]:63
[0]:155902298 [1]:25141787 [2]:160 [3]:357
[0]:156107789 [1]:25184378 [2]:160 [3]:364
[0]:156308264 [1]:25225996 [2]:160 [3]:359
[0]:156504672 [1]:25266750 [2]:160 [3]:360
[0]:156701400 [1]:25307508 [2]:160 [3]:359
[0]:156911652 [1]:25351121 [2]:160 [3]:360
[0]:157135693 [1]:25397592 [2]:160 [3]:354
[0]:157354371 [1]:25442918 [2]:160 [3]:371
[0]:157550171 [1]:25483522 [2]:160 [3]:360
[0]:157754437 [1]:25525831 [2]:160 [3]:362
[0]:157948246 [1]:25566039 [2]:160 [3]:362
[0]:158142664 [1]:25606392 [2]:160 [3]:360
[0]:158340822 [1]:25647459 [2]:160 [3]:357
[0]:158529591 [1]:25686574 [2]:160 [3]:361
[0]:158756992 [1]:25733824 [2]:160 [3]:369
[0]:158953234 [1]:25774574 [2]:160 [3]:364
[0]:159159251 [1]:25817284 [2]:160 [3]:363
[0]:159394075 [1]:25865990 [2]:160 [3]:357
[0]:159617413 [1]:25912260 [2]:160 [3]:359
[0]:159811690 [1]:25952546 [2]:160 [3]:361
[0]:160012802 [1]:25994293 [2]:160 [3]:364
[0]:160232960 [1]:26040014 [2]:160 [3]:59
[0]:160437269 [1]:26082360 [2]:160 [3]:361
[0]:160657568 [1]:26128101 [2]:160 [3]:366
[0]:160852451 [1]:26168516 [2]:160 [3]:52
[0]:161063811 [1]:26212344 [2]:160 [3]:364
[0]:161262192 [1]:26253507 [2]:160 [3]:361
[0]:161470609 [1]:26296673 [2]:160 [3]:58
[0]:161678612 [1]:26339793 [2]:160 [3]:362
[0]:161876180 [1]:26380798 [2]:160 [3]:358
[0]:162066135 [1]:26420207 [2]:160 [3]:360
[0]:162260123 [1]:26460408 [2]:160 [3]:369
[0]:162457665 [1]:26501398 [2]:160 [3]:358
[0]:162655159 [1]:26542404 [2]:160 [3]:366
[0]:162856386 [1]:26584163 [2]:160 [3]:358
[0]:163053866 [1]:26625050 [2]:160 [3]:361
[0]:163247757 [1]:26665189 [2]:160 [3]:364
[0]:163440003 [1]:26705078 [2]:160 [3]:360
[0]:163631926 [1]:26744895 [2]:160 [3]:368
[0]:163831454 [1]:26786302 [2]:160 [3]:353
[0]:164023898 [1]:26826240 [2]:160 [3]:367
[0]:164212879 [1]:26865437 [2]:160 [3]:364
[0]:164447468 [1]:26914096 [2]:160 [3]:362
[0]:164641415 [1]:26954341 [2]:160 [3]:63
[0]:164847630 [1]:26997179 [2]:160 [3]:59
[0]:165041385 [1]:27037274 [2]:160 [3]:364
[0]:165234178 [1]:27077286 [2]:160 [3]:359
[0]:165427801 [1]:27117473 [2]:160 [3]:362
[0]:165632745 [1]:27159984 [2]:160 [3]:360
[0]:165830302 [1]:27200960 [2]:160 [3]:366
[0]:166020386 [1]:27240285 [2]:160 [3]:365
[0]:166221699 [1]:27282027 [2]:160 [3]:364
[0]:166411710 [1]:27321491 [2]:160 [3]:356
[0]:166605484 [1]:27361652 [2]:160 [3]:357
[0]:166806755 [1]:27403409 [2]:160 [3]:359
[0]:167003134 [1]:27444054 [2]:160 [3]:362
[0]:167220419 [1]:27489193 [2]:160 [3]:360
[0]:167477330 [1]:27542487 [2]:160 [3]:359
[0]:167671395 [1]:27582741 [2]:160 [3]:359
[0]:167863660 [1]:27622587 [2]:160 [3]:367
[0]:168066537 [1]:27664581 [2]:160 [3]:357
[0]:168264030 [1]:27705543 [2]:160 [3]:357
[0]:168462844 [1]:27746776 [2]:160 [3]:359
[0]:168651484 [1]:27785914 [2]:160 [3]:355
[0]:168844808 [1]:27825972 [2]:160 [3]:361
[0]:169054146 [1]:27869399 [2]:160 [3]:361
[0]:169277865 [1]:27915785 [2]:160 [3]:365
[0]:169475260 [1]:27956784 [2]:160 [3]:357
[0]:169676455 [1]:27998518 [2]:160 [3]:357
[0]:169871974 [1]:28039036 [2]:160 [3]:58
[0]:170068364 [1]:28079792 [2]:160 [3]:366
[0]:170267643 [1]:28121105 [2]:160 [3]:365
[0]:170461778 [1]:28161439 [2]:160 [3]:56
[0]:170649129 [1]:28200295 [2]:160 [3]:360
[0]:170847086 [1]:28241323 [2]:160 [3]:364
[0]:171044162 [1]:28282353 [2]:160 [3]:358
[0]:171245065 [1]:28323984 [2]:160 [3]:360
[0]:171439273 [1]:28364237 [2]:160 [3]:365
[0]:171640520 [1]:28405894 [2]:160 [3]:355
[0]:171836508 [1]:28446493 [2]:160 [3]:68
[0]:172031352 [1]:28486979 [2]:160 [3]:356
[0]:172225458 [1]:28527210 [2]:160 [3]:364
[0]:172420179 [1]:28567621 [2]:160 [3]:366
[0]:172626070 [1]:28610381 [2]:160 [3]:368
[0]:172825598 [1]:28651737 [2]:160 [3]:366
[0]:173016910 [1]:28691379 [2]:160 [3]:365
[0]:173213186 [1]:28732068 [2]:160 [3]:364
[0]:173421583 [1]:28775236 [2]:160 [3]:54
[0]:173619404 [1]:28816282 [2]:160 [3]:361
[0]:173902050 [1]:28874915 [2]:160 [3]:366
[0]:174092756 [1]:28914479 [2]:160 [3]:357
[0]:174287254 [1]:28954872 [2]:160 [3]:365
[0]:174491455 [1]:28997197 [2]:160 [3]:357
[0]:174677715 [1]:29035861 [2]:160 [3]:361
[0]:174871548 [1]:29076131 [2]:160 [3]:358
[0]:175068542 [1]:29117060 [2]:160 [3]:360
[0]:175266613 [1]:29158144 [2]:160 [3]:362
[0]:175486627 [1]:29203702 [2]:160 [3]:61
[0]:175680229 [1]:29243948 [2]:160 [3]:358
[0]:175881476 [1]:29285694 [2]:160 [3]:59
[0]:176086422 [1]:29328207 [2]:160 [3]:363
[0]:176280258 [1]:29368355 [2]:160 [3]:357
[0]:176474015 [1]:29408631 [2]:160 [3]:359
[0]:176678905 [1]:29451161 [2]:160 [3]:364
[0]:176887724 [1]:29494485 [2]:160 [3]:354
[0]:177081398 [1]:29534666 [2]:160 [3]:62
[0]:177294031 [1]:29578710 [2]:160 [3]:364
[0]:177493834 [1]:29620151 [2]:160 [3]:369
[0]:177687407 [1]:29660334 [2]:160 [3]:66
[0]:177916363 [1]:29707807 [2]:160 [3]:361
[0]:178109097 [1]:29747678 [2]:160 [3]:364
[0]:178300148 [1]:29787370 [2]:160 [3]:352
[0]:178497676 [1]:29828322 [2]:160 [3]:358
[0]:178691472 [1]:29868551 [2]:160 [3]:368
[0]:178881596 [1]:29907941 [2]:160 [3]:51
[0]:179081626 [1]:29949411 [2]:160 [3]:362
[0]:179306328 [1]:29995993 [2]:160 [3]:367
[0]:179496579 [1]:30035509 [2]:160 [3]:357
[0]:179687923 [1]:30075230 [2]:160 [3]:363
[0]:179887853 [1]:30116682 [2]:160 [3]:62
[0]:180087598 [1]:30158064 [2]:160 [3]:358
[0]:180316150 [1]:30205492 [2]:160 [3]:359
[0]:180512490 [1]:30246252 [2]:160 [3]:366
[0]:180700206 [1]:30285230 [2]:160 [3]:364
[0]:180897775 [1]:30326160 [2]:160 [3]:363
[0]:181099108 [1]:30367919 [2]:160 [3]:55
[0]:181299897 [1]:30409612 [2]:160 [3]:360
[0]:181509698 [1]:30453203 [2]:160 [3]:58
[0]:181694218 [1]:30491491 [2]:160 [3]:353
[0]:181892705 [1]:30532673 [2]:160 [3]:354
[0]:182120175 [1]:30579855 [2]:160 [3]:57
[0]:182313876 [1]:30620034 [2]:160 [3]:366
[0]:182507626 [1]:30660245 [2]:160 [3]:61
[0]:182712668 [1]:30702812 [2]:160 [3]:363
[0]:182916972 [1]:30745142 [2]:160 [3]:365
[0]:183109962 [1]:30785172 [2]:160 [3]:363
[0]:183316378 [1]:30828012 [2]:160 [3]:366
[0]:183539753 [1]:30874383 [2]:160 [3]:359
[0]:183733657 [1]:30914546 [2]:160 [3]:359
[0]:183949763 [1]:30959377 [2]:160 [3]:363
[0]:184151084 [1]:31001110 [2]:160 [3]:359
[0]:184341218 [1]:31040527 [2]:160 [3]:361
[0]:184534985 [1]:31080727 [2]:160 [3]:362
[0]:184731791 [1]:31121462 [2]:160 [3]:358
[0]:184930031 [1]:31162589 [2]:160 [3]:361
[0]:185127536 [1]:31203565 [2]:160 [3]:363
[0]:185323580 [1]:31244252 [2]:160 [3]:364
[0]:185510811 [1]:31283106 [2]:160 [3]:57
[0]:185716444 [1]:31325674 [2]:160 [3]:368
[0]:185972087 [1]:31378724 [2]:160 [3]:368
[0]:186167329 [1]:31419269 [2]:160 [3]:360
[0]:186361034 [1]:31459478 [2]:160 [3]:359
[0]:186562352 [1]:31501162 [2]:160 [3]:356
[0]:186763662 [1]:31542959 [2]:160 [3]:362
[0]:186986885 [1]:31589215 [2]:160 [3]:360
[0]:187181067 [1]:31629488 [2]:160 [3]:361
[0]:187378570 [1]:31670465 [2]:160 [3]:359
[0]:187576113 [1]:31711372 [2]:160 [3]:356
[0]:187784895 [1]:31754735 [2]:160 [3]:361
[0]:187984480 [1]:31796199 [2]:160 [3]:364
[0]:188183449 [1]:31837514 [2]:160 [3]:372
[0]:188377179 [1]:31877692 [2]:160 [3]:361
[0]:188567254 [1]:31917178 [2]:160 [3]:363
[0]:188762612 [1]:31957657 [2]:160 [3]:356
[0]:188958736 [1]:31998335 [2]:160 [3]:356
[0]:189156069 [1]:32039280 [2]:160 [3]:57
[0]:189364746 [1]:32082528 [2]:160 [3]:59
[0]:189562340 [1]:32123513 [2]:160 [3]:360
[0]:189762703 [1]:32165084 [2]:160 [3]:357
[0]:189957175 [1]:32205473 [2]:160 [3]:65
[0]:190153902 [1]:32246298 [2]:160 [3]:358
[0]:190348640 [1]:32286586 [2]:160 [3]:369
[0]:190553672 [1]:32329156 [2]:160 [3]:365
[0]:190755019 [1]:32370910 [2]:160 [3]:364
[0]:190956223 [1]:32412618 [2]:160 [3]:55
[0]:191164898 [1]:32455834 [2]:160 [3]:365
[0]:191373606 [1]:32499176 [2]:160 [3]:356
[0]:191581636 [1]:32542321 [2]:160 [3]:363
[0]:191783434 [1]:32584220 [2]:160 [3]:359
[0]:192000767 [1]:32629286 [2]:160 [3]:358
[0]:192197109 [1]:32669946 [2]:160 [3]:360
[0]:192435484 [1]:32719357 [2]:160 [3]:364
[0]:192621020 [1]:32757856 [2]:160 [3]:359
[0]:192809286 [1]:32796979 [2]:160 [3]:58
[0]:193010642 [1]:32838690 [2]:160 [3]:364
[0]:193226511 [1]:32883457 [2]:160 [3]:362
[0]:193427112 [1]:32925016 [2]:160 [3]:364
[0]:193628090 [1]:32966770 [2]:160 [3]:364
[0]:193855632 [1]:33014005 [2]:160 [3]:364
[0]:194075669 [1]:33059610 [2]:160 [3]:355
[0]:194275010 [1]:33100924 [2]:160 [3]:57
[0]:194477946 [1]:33143011 [2]:160 [3]:360
[0]:194697831 [1]:33188658 [2]:160 [3]:358
[0]:194903008 [1]:33231177 [2]:160 [3]:355
[0]:195098802 [1]:33271767 [2]:160 [3]:355
[0]:195301611 [1]:33313914 [2]:160 [3]:360
[0]:195502919 [1]:33355678 [2]:160 [3]:361
[0]:195704159 [1]:33397422 [2]:160 [3]:56
[0]:195924149 [1]:33443023 [2]:160 [3]:359
[0]:196150399 [1]:33489997 [2]:160 [3]:59
[0]:196357111 [1]:33532845 [2]:160 [3]:362
[0]:196542505 [1]:33571324 [2]:160 [3]:364
[0]:196740166 [1]:33612340 [2]:160 [3]:368
[0]:196937781 [1]:33653321 [2]:160 [3]:363
[0]:197142345 [1]:33695802 [2]:160 [3]:362
[0]:197336391 [1]:33736105 [2]:160 [3]:359
[0]:197541310 [1]:33778637 [2]:160 [3]:70
[0]:197764981 [1]:33824963 [2]:160 [3]:365
[0]:197966245 [1]:33866730 [2]:160 [3]:358
[0]:198163684 [1]:33907724 [2]:160 [3]:362
[0]:198364794 [1]:33949506 [2]:160 [3]:360
[0]:198570015 [1]:33992104 [2]:160 [3]:363
[0]:198769827 [1]:34033481 [2]:160 [3]:360
[0]:198968688 [1]:34074750 [2]:160 [3]:357
[0]:199184824 [1]:34119569 [2]:160 [3]:360
[0]:199347095 [1]:34153278 [2]:160 [3]:364
[0]:199347095 [1]:34153278 [2]:160 [3]:364
[0]:199347095 [1]:34153278 [2]:160 [3]:364
[0]:199347095 [1]:34153278 [2]:160 [3]:364
[0]:199347095 [1]:34153278 [2]:160 [3]:364
[0]:199347095 [1]:34153278 [2]:160 [3]:364
[0]:199347095 [1]:34153278 [2]:160 [3]:364
[0]:199347095 [1]:34153278 [2]:160 [3]:364
[0]:199347095 [1]:34153278 [2]:160 [3]:364
[0]:199347095 [1]:34153278 [2]:160 [3]:364
[0]:199347095 [1]:34153278 [2]:160 [3]:364
[0]:199347095 [1]:34153278 [2]:160 [3]:364
                                                                                      [0]:199347095 [1]:34153278 [2]:160 [3]:364
[0]:199347095 [1]:34153278 [2]:160 [3]:364
[0]:199347095 [1]:34153278 [2]:160 [3]:364
[0]:199347095 [1]:34153278 [2]:160 [3]:364
[0]:199347095 [1]:34153278 [2]:160 [3]:364
[0]:199347095 [1]:34153278 [2]:160 [3]:364
[0]:199347095 [1]:34153278 [2]:160 [3]:364
