[0]:715210122 [1]:452913296 [2]:7 [3]:58
[0]:716289679 [1]:453669263 [2]:7 [3]:54
[0]:717422704 [1]:454666491 [2]:7 [3]:18
[0]:718539705 [1]:455652104 [2]:7 [3]:18
[0]:719675803 [1]:456658458 [2]:7 [3]:59
[0]:721009179 [1]:457842616 [2]:7 [3]:17
[0]:722095633 [1]:458806453 [2]:7 [3]:18
[0]:723194757 [1]:459778478 [2]:7 [3]:14
[0]:724368258 [1]:460817618 [2]:7 [3]:13
[0]:725504206 [1]:461824431 [2]:7 [3]:23
[0]:726593434 [1]:462786174 [2]:7 [3]:14
[0]:727682982 [1]:463750636 [2]:7 [3]:15
[0]:728844898 [1]:464784492 [2]:7 [3]:16
[0]:730159815 [1]:465951301 [2]:7 [3]:13
[0]:731478669 [1]:467117448 [2]:7 [3]:53
[0]:732717740 [1]:468211696 [2]:7 [3]:16
[0]:733962796 [1]:469322193 [2]:7 [3]:16
[0]:735271374 [1]:470480776 [2]:7 [3]:14
[0]:736494745 [1]:471561406 [2]:7 [3]:15
[0]:737609344 [1]:472554571 [2]:7 [3]:54
[0]:738707004 [1]:473523415 [2]:7 [3]:58
[0]:739794571 [1]:474490870 [2]:7 [3]:17
[0]:740930037 [1]:475496600 [2]:7 [3]:16
[0]:742043538 [1]:476480327 [2]:7 [3]:56
[0]:743187923 [1]:477492631 [2]:7 [3]:59
[0]:744345042 [1]:478517167 [2]:7 [3]:12
[0]:745453671 [1]:479500566 [2]:7 [3]:22
[0]:746613296 [1]:480527979 [2]:7 [3]:46
[0]:747750390 [1]:481533370 [2]:7 [3]:16
[0]:748864596 [1]:482524343 [2]:7 [3]:21
[0]:749953227 [1]:483483427 [2]:7 [3]:25
[0]:751066303 [1]:484471405 [2]:7 [3]:19
[0]:752175749 [1]:485455106 [2]:7 [3]:19
[0]:753416229 [1]:486548098 [2]:7 [3]:17
[0]:754791921 [1]:487770805 [2]:7 [3]:17
[0]:756122378 [1]:488949358 [2]:7 [3]:15
[0]:757350907 [1]:490031731 [2]:7 [3]:15
[0]:758467576 [1]:491020959 [2]:7 [3]:21
[0]:759533088 [1]:491957974 [2]:7 [3]:12
[0]:760669255 [1]:492963155 [2]:7 [3]:14
[0]:761782422 [1]:493948834 [2]:7 [3]:51
[0]:762919811 [1]:494949994 [2]:7 [3]:54
[0]:764020016 [1]:495929094 [2]:7 [3]:16
[0]:765096556 [1]:496875938 [2]:7 [3]:17
[0]:766234450 [1]:497881421 [2]:7 [3]:11
[0]:767347513 [1]:498873489 [2]:7 [3]:17
[0]:768460371 [1]:499856392 [2]:7 [3]:18
[0]:769575488 [1]:500841676 [2]:7 [3]:15
[0]:770674511 [1]:501818721 [2]:7 [3]:59
[0]:771726188 [1]:502743783 [2]:7 [3]:18
[0]:772997534 [1]:503876110 [2]:7 [3]:14
[0]:774402122 [1]:505114560 [2]:7 [3]:19
[0]:775689360 [1]:506255498 [2]:7 [3]:17
[0]:776922541 [1]:507346279 [2]:7 [3]:23
[0]:778112286 [1]:508399827 [2]:7 [3]:61
[0]:779224720 [1]:509388456 [2]:7 [3]:17
[0]:780371864 [1]:510404189 [2]:7 [3]:19
[0]:781470516 [1]:511374590 [2]:7 [3]:13
[0]:782592011 [1]:512373998 [2]:7 [3]:18
[0]:783699648 [1]:513352099 [2]:7 [3]:15
[0]:784834579 [1]:514356289 [2]:7 [3]:19
[0]:785925493 [1]:515322370 [2]:7 [3]:17
[0]:787035385 [1]:516308284 [2]:7 [3]:16
[0]:788136077 [1]:517276096 [2]:7 [3]:12
[0]:789225870 [1]:518244469 [2]:7 [3]:20
[0]:790312723 [1]:519203916 [2]:7 [3]:17
[0]:791489100 [1]:520246736 [2]:7 [3]:20
[0]:792860596 [1]:521456020 [2]:7 [3]:18
[0]:794285541 [1]:522719232 [2]:7 [3]:50
[0]:795652923 [1]:523921828 [2]:7 [3]:15
[0]:796907151 [1]:525027665 [2]:7 [3]:16
[0]:798259906 [1]:526224567 [2]:7 [3]:19
[0]:799396438 [1]:527228023 [2]:7 [3]:13
[0]:800484492 [1]:528192884 [2]:7 [3]:17
[0]:801645447 [1]:529219834 [2]:7 [3]:13
[0]:802788818 [1]:530224475 [2]:7 [3]:16
[0]:803945128 [1]:531249221 [2]:7 [3]:54
[0]:805480883 [1]:532602340 [2]:7 [3]:52
[0]:806565982 [1]:533569426 [2]:7 [3]:56
[0]:807648001 [1]:534521420 [2]:7 [3]:18
[0]:808747669 [1]:535498745 [2]:7 [3]:12
[0]:809901443 [1]:536520386 [2]:7 [3]:54
[0]:810997439 [1]:537485526 [2]:7 [3]:18
[0]:812111402 [1]:538469262 [2]:7 [3]:18
[0]:813233183 [1]:539471078 [2]:7 [3]:14
[0]:815313559 [1]:541310500 [2]:7 [3]:19
[0]:816641682 [1]:542485290 [2]:7 [3]:20
[0]:817876585 [1]:543578869 [2]:7 [3]:11
[0]:819034786 [1]:544605978 [2]:7 [3]:11
[0]:820174724 [1]:545614737 [2]:7 [3]:8
[0]:821324231 [1]:546640857 [2]:7 [3]:16
[0]:822422569 [1]:547609162 [2]:7 [3]:17
[0]:823560043 [1]:548612039 [2]:7 [3]:15
[0]:824675112 [1]:549593513 [2]:7 [3]:12
[0]:825794938 [1]:550588981 [2]:7 [3]:18
[0]:826897954 [1]:551562308 [2]:7 [3]:14
[0]:827986519 [1]:552523149 [2]:7 [3]:19
[0]:829262248 [1]:553653520 [2]:7 [3]:16
[0]:830418573 [1]:554673879 [2]:7 [3]:13
[0]:831514310 [1]:555645853 [2]:7 [3]:49
[0]:832634401 [1]:556641478 [2]:7 [3]:20
[0]:834620799 [1]:558398718 [2]:7 [3]:55
[0]:835943010 [1]:559574481 [2]:7 [3]:22
[0]:837633039 [1]:561079221 [2]:7 [3]:17
[0]:838775117 [1]:562085889 [2]:7 [3]:56
[0]:839865240 [1]:563046814 [2]:7 [3]:14
[0]:840971122 [1]:564029464 [2]:7 [3]:12
[0]:842082657 [1]:565015840 [2]:7 [3]:18
[0]:843193545 [1]:565996029 [2]:7 [3]:19
[0]:844915215 [1]:567522983 [2]:7 [3]:51
[0]:846029071 [1]:568509268 [2]:7 [3]:14
[0]:847626241 [1]:569925535 [2]:7 [3]:15
[0]:848723366 [1]:570895792 [2]:7 [3]:20
[0]:850393663 [1]:572385022 [2]:7 [3]:56
[0]:851473872 [1]:573336100 [2]:7 [3]:12
[0]:852558052 [1]:574297630 [2]:7 [3]:53
[0]:853868530 [1]:575457177 [2]:7 [3]:19
[0]:855252638 [1]:576675723 [2]:7 [3]:15
[0]:856699122 [1]:577951634 [2]:7 [3]:22
[0]:858069884 [1]:579165093 [2]:7 [3]:48
[0]:859447341 [1]:580379496 [2]:7 [3]:18
[0]:860689737 [1]:581483611 [2]:7 [3]:15
[0]:861781190 [1]:582444557 [2]:7 [3]:57
[0]:862866223 [1]:583410109 [2]:7 [3]:12
[0]:864100859 [1]:584501295 [2]:7 [3]:19
[0]:865163042 [1]:585442704 [2]:7 [3]:17
[0]:866251667 [1]:586405619 [2]:7 [3]:18
[0]:867353557 [1]:587385322 [2]:7 [3]:15
[0]:868597132 [1]:588484294 [2]:7 [3]:18
[0]:869686258 [1]:589447639 [2]:7 [3]:8
[0]:871057039 [1]:590664189 [2]:7 [3]:20
[0]:872584624 [1]:592014063 [2]:7 [3]:53
[0]:873699218 [1]:593001044 [2]:7 [3]:16
[0]:874835344 [1]:594010057 [2]:7 [3]:18
[0]:876175455 [1]:595196833 [2]:7 [3]:17
[0]:877450937 [1]:596319094 [2]:7 [3]:21
[0]:879499124 [1]:598127803 [2]:7 [3]:18
[0]:880594775 [1]:599096377 [2]:7 [3]:58
[0]:881703941 [1]:600082794 [2]:7 [3]:57
[0]:882845436 [1]:601093645 [2]:7 [3]:12
[0]:883905440 [1]:602034850 [2]:7 [3]:19
[0]:885020563 [1]:603016982 [2]:7 [3]:14
[0]:886157954 [1]:604025530 [2]:7 [3]:12
[0]:887226904 [1]:604977250 [2]:7 [3]:13
[0]:888314874 [1]:605932981 [2]:7 [3]:56
[0]:889494237 [1]:606973598 [2]:7 [3]:15
[0]:890621086 [1]:607965842 [2]:7 [3]:56
[0]:891742080 [1]:608958970 [2]:7 [3]:53
[0]:892879041 [1]:609968709 [2]:7 [3]:21
[0]:893931574 [1]:610903908 [2]:7 [3]:14
[0]:895055488 [1]:611898467 [2]:7 [3]:17
[0]:896273856 [1]:612972322 [2]:7 [3]:20
[0]:897763634 [1]:614294834 [2]:7 [3]:17
[0]:899041628 [1]:615426905 [2]:7 [3]:54
[0]:900126650 [1]:616389281 [2]:7 [3]:62
[0]:901297332 [1]:617423171 [2]:7 [3]:52
[0]:902434520 [1]:618432231 [2]:7 [3]:9
[0]:903545505 [1]:619417271 [2]:7 [3]:16
[0]:904876483 [1]:620594290 [2]:7 [3]:18
[0]:905987734 [1]:621575771 [2]:7 [3]:54
[0]:907248057 [1]:622692143 [2]:7 [3]:13
[0]:908385276 [1]:623701557 [2]:7 [3]:59
[0]:909521836 [1]:624702390 [2]:7 [3]:18
[0]:910633602 [1]:625683465 [2]:7 [3]:15
[0]:911752910 [1]:626675558 [2]:7 [3]:52
[0]:913149191 [1]:627913798 [2]:7 [3]:19
[0]:914214329 [1]:628851415 [2]:7 [3]:19
[0]:915523951 [1]:630014115 [2]:7 [3]:20
[0]:917017751 [1]:631334850 [2]:7 [3]:18
[0]:918471895 [1]:632620382 [2]:7 [3]:17
[0]:919777176 [1]:633775665 [2]:7 [3]:12
[0]:921006189 [1]:634867893 [2]:7 [3]:54
[0]:922323560 [1]:636031768 [2]:7 [3]:19
[0]:923454308 [1]:637030257 [2]:7 [3]:13
[0]:924565061 [1]:638009152 [2]:7 [3]:20
[0]:925726805 [1]:639038304 [2]:7 [3]:14
[0]:927055352 [1]:640216510 [2]:7 [3]:19
[0]:928175843 [1]:641205756 [2]:7 [3]:14
[0]:929419589 [1]:642308392 [2]:7 [3]:16
[0]:930548518 [1]:643303703 [2]:7 [3]:18
[0]:931936249 [1]:644535259 [2]:7 [3]:58
[0]:933204860 [1]:645660136 [2]:7 [3]:18
[0]:934284182 [1]:646619687 [2]:7 [3]:50
[0]:935655032 [1]:647832454 [2]:7 [3]:49
[0]:936758376 [1]:648807039 [2]:7 [3]:15
[0]:937807175 [1]:649737605 [2]:7 [3]:15
[0]:939078579 [1]:650865103 [2]:7 [3]:13
[0]:940374705 [1]:652014083 [2]:7 [3]:21
[0]:941619222 [1]:653117099 [2]:7 [3]:14
[0]:942849615 [1]:654202236 [2]:7 [3]:15
[0]:943932204 [1]:655164970 [2]:7 [3]:19
[0]:945193401 [1]:656278728 [2]:7 [3]:13
[0]:946284580 [1]:657250482 [2]:7 [3]:18
[0]:947427241 [1]:658265205 [2]:7 [3]:54
[0]:948557618 [1]:659258895 [2]:7 [3]:14
[0]:950007968 [1]:660546865 [2]:7 [3]:23
[0]:951168033 [1]:661574461 [2]:7 [3]:12
[0]:952576737 [1]:662822383 [2]:7 [3]:20
[0]:953655033 [1]:663780339 [2]:7 [3]:19
[0]:954745576 [1]:664743731 [2]:7 [3]:13
[0]:955876027 [1]:665745216 [2]:7 [3]:20
[0]:957455871 [1]:667144613 [2]:7 [3]:22
[0]:958849750 [1]:668378033 [2]:7 [3]:17
[0]:960163181 [1]:669536802 [2]:7 [3]:14
[0]:961430166 [1]:670657235 [2]:7 [3]:21
[0]:962678240 [1]:671762881 [2]:7 [3]:16
[0]:963865034 [1]:672810827 [2]:7 [3]:14
[0]:965384296 [1]:674154187 [2]:7 [3]:18
[0]:966513293 [1]:675152764 [2]:7 [3]:58
[0]:967713331 [1]:676212240 [2]:7 [3]:60
