[0]:133792195 [1]:16586895 [2]:123 [3]:358
[0]:134020178 [1]:16634101 [2]:123 [3]:366
[0]:134217602 [1]:16675086 [2]:123 [3]:64
[0]:134411767 [1]:16715381 [2]:123 [3]:359
[0]:134634656 [1]:16761637 [2]:123 [3]:369
[0]:134835414 [1]:16803256 [2]:123 [3]:365
[0]:135041105 [1]:16845929 [2]:123 [3]:357
[0]:135242353 [1]:16887738 [2]:123 [3]:365
[0]:135446347 [1]:16930063 [2]:123 [3]:358
[0]:135637397 [1]:16969720 [2]:123 [3]:364
[0]:135853279 [1]:17014475 [2]:123 [3]:365
[0]:136061694 [1]:17057706 [2]:125 [3]:355
[0]:136274616 [1]:17101925 [2]:125 [3]:362
[0]:136467617 [1]:17141961 [2]:125 [3]:364
[0]:136669272 [1]:17183815 [2]:125 [3]:366
[0]:136876284 [1]:17226742 [2]:125 [3]:364
[0]:137075785 [1]:17268154 [2]:125 [3]:359
[0]:137277123 [1]:17309952 [2]:125 [3]:354
[0]:137494797 [1]:17355116 [2]:125 [3]:356
[0]:137697539 [1]:17397130 [2]:125 [3]:63
[0]:137903147 [1]:17439775 [2]:125 [3]:362
[0]:138111844 [1]:17483059 [2]:125 [3]:362
[0]:138312772 [1]:17524786 [2]:125 [3]:364
[0]:138533720 [1]:17570604 [2]:125 [3]:361
[0]:138733878 [1]:17612033 [2]:125 [3]:359
[0]:138932269 [1]:17653226 [2]:128 [3]:57
[0]:139131577 [1]:17694564 [2]:128 [3]:355
[0]:139327866 [1]:17735278 [2]:128 [3]:366
[0]:139528091 [1]:17776738 [2]:128 [3]:358
[0]:139718111 [1]:17816157 [2]:128 [3]:61
[0]:139926803 [1]:17859462 [2]:128 [3]:356
[0]:140122653 [1]:17900027 [2]:128 [3]:357
[0]:140308747 [1]:17938596 [2]:128 [3]:365
[0]:140508155 [1]:17979914 [2]:128 [3]:361
[0]:140709543 [1]:18021732 [2]:128 [3]:351
[0]:140910884 [1]:18063495 [2]:128 [3]:58
[0]:141134539 [1]:18109929 [2]:128 [3]:360
[0]:141386755 [1]:18162294 [2]:128 [3]:360
[0]:141596034 [1]:18205709 [2]:128 [3]:355
[0]:141820560 [1]:18252293 [2]:128 [3]:362
[0]:142017475 [1]:18293138 [2]:131 [3]:359
[0]:142209871 [1]:18333043 [2]:131 [3]:360
[0]:142412253 [1]:18375005 [2]:131 [3]:362
[0]:142612393 [1]:18416523 [2]:131 [3]:358
[0]:142812230 [1]:18457996 [2]:131 [3]:366
[0]:143008761 [1]:18498736 [2]:131 [3]:363
[0]:143202437 [1]:18538993 [2]:131 [3]:357
[0]:143392676 [1]:18578426 [2]:131 [3]:362
[0]:143605846 [1]:18622688 [2]:131 [3]:363
[0]:143802547 [1]:18663484 [2]:131 [3]:360
[0]:144003629 [1]:18705192 [2]:131 [3]:62
[0]:144216188 [1]:18749216 [2]:131 [3]:359
[0]:144421230 [1]:18791794 [2]:131 [3]:361
[0]:144618670 [1]:18832817 [2]:131 [3]:355
[0]:144816022 [1]:18873728 [2]:131 [3]:59
[0]:145013702 [1]:18914773 [2]:133 [3]:361
[0]:145222446 [1]:18958004 [2]:133 [3]:358
[0]:145427381 [1]:19000504 [2]:133 [3]:367
[0]:145617510 [1]:19039915 [2]:133 [3]:60
[0]:145818749 [1]:19081637 [2]:133 [3]:355
[0]:146016225 [1]:19122579 [2]:133 [3]:362
[0]:146212011 [1]:19163158 [2]:133 [3]:363
[0]:146405606 [1]:19203333 [2]:133 [3]:361
[0]:146601397 [1]:19243965 [2]:133 [3]:371
[0]:146802623 [1]:19285718 [2]:133 [3]:368
[0]:147000149 [1]:19326640 [2]:133 [3]:365
[0]:147197847 [1]:19367614 [2]:133 [3]:66
[0]:147399715 [1]:19409481 [2]:133 [3]:355
[0]:147603882 [1]:19451883 [2]:133 [3]:363
[0]:147805040 [1]:19493640 [2]:133 [3]:365
[0]:148043385 [1]:19542992 [2]:135 [3]:58
[0]:148239937 [1]:19583736 [2]:135 [3]:66
[0]:148472312 [1]:19631961 [2]:135 [3]:372
[0]:148677245 [1]:19674524 [2]:135 [3]:363
[0]:148867313 [1]:19713940 [2]:135 [3]:361
[0]:149064892 [1]:19754895 [2]:135 [3]:57
[0]:149273438 [1]:19798174 [2]:135 [3]:365
[0]:149483856 [1]:19841833 [2]:135 [3]:358
[0]:149677577 [1]:19882004 [2]:135 [3]:361
[0]:149869877 [1]:19921883 [2]:135 [3]:355
[0]:150074674 [1]:19964322 [2]:135 [3]:366
[0]:150279837 [1]:20006863 [2]:135 [3]:364
[0]:150480893 [1]:20048554 [2]:135 [3]:360
[0]:150689898 [1]:20091878 [2]:135 [3]:355
[0]:150890510 [1]:20133527 [2]:137 [3]:362
[0]:151092157 [1]:20175402 [2]:137 [3]:357
[0]:151289683 [1]:20216408 [2]:137 [3]:364
[0]:151487219 [1]:20257393 [2]:137 [3]:362
[0]:151684668 [1]:20298317 [2]:137 [3]:365
[0]:151893516 [1]:20341628 [2]:137 [3]:358
[0]:152087252 [1]:20381795 [2]:137 [3]:356
[0]:152355174 [1]:20437425 [2]:137 [3]:359
[0]:152577466 [1]:20483500 [2]:137 [3]:364
[0]:152771530 [1]:20523821 [2]:137 [3]:368
[0]:152970382 [1]:20565040 [2]:137 [3]:361
[0]:153162141 [1]:20604800 [2]:137 [3]:362
[0]:153358010 [1]:20645434 [2]:137 [3]:355
[0]:153570513 [1]:20689476 [2]:137 [3]:363
[0]:153774120 [1]:20731725 [2]:137 [3]:361
[0]:153969251 [1]:20772229 [2]:139 [3]:358
[0]:154163113 [1]:20812429 [2]:139 [3]:362
[0]:154395733 [1]:20860650 [2]:139 [3]:360
[0]:154602443 [1]:20903514 [2]:139 [3]:53
[0]:154806799 [1]:20945902 [2]:139 [3]:365
[0]:155028372 [1]:20991982 [2]:139 [3]:356
[0]:155221983 [1]:21032143 [2]:139 [3]:352
[0]:155426498 [1]:21074558 [2]:139 [3]:361
[0]:155618775 [1]:21114421 [2]:139 [3]:362
[0]:155813969 [1]:21154901 [2]:139 [3]:361
[0]:156004051 [1]:21194336 [2]:139 [3]:365
[0]:156200292 [1]:21235066 [2]:139 [3]:361
[0]:156403437 [1]:21277057 [2]:139 [3]:355
[0]:156600394 [1]:21317892 [2]:139 [3]:353
[0]:156801621 [1]:21359637 [2]:139 [3]:366
[0]:157002813 [1]:21401400 [2]:141 [3]:364
[0]:157195539 [1]:21441398 [2]:141 [3]:58
[0]:157409128 [1]:21485633 [2]:141 [3]:361
[0]:157606560 [1]:21526536 [2]:141 [3]:360
[0]:157798904 [1]:21566496 [2]:141 [3]:360
[0]:158016600 [1]:21611637 [2]:141 [3]:359
[0]:158217935 [1]:21653344 [2]:141 [3]:359
[0]:158419127 [1]:21695037 [2]:141 [3]:354
[0]:158616635 [1]:21735990 [2]:141 [3]:62
[0]:158834580 [1]:21781281 [2]:141 [3]:358
[0]:159030279 [1]:21821859 [2]:141 [3]:359
[0]:159229295 [1]:21863038 [2]:141 [3]:360
[0]:159427956 [1]:21904264 [2]:141 [3]:362
[0]:159652735 [1]:21950878 [2]:141 [3]:362
[0]:159850114 [1]:21991865 [2]:142 [3]:365
[0]:160051356 [1]:22033532 [2]:142 [3]:65
[0]:160241547 [1]:22073004 [2]:142 [3]:61
[0]:160461186 [1]:22118550 [2]:142 [3]:353
[0]:160692501 [1]:22166496 [2]:142 [3]:50
[0]:160882574 [1]:22205904 [2]:142 [3]:60
[0]:161087589 [1]:22248431 [2]:142 [3]:359
[0]:161278883 [1]:22288180 [2]:142 [3]:353
[0]:161463857 [1]:22326507 [2]:142 [3]:59
[0]:161676230 [1]:22370575 [2]:142 [3]:367
[0]:161881456 [1]:22413038 [2]:142 [3]:59
[0]:162079533 [1]:22454182 [2]:142 [3]:360
[0]:162265146 [1]:22492655 [2]:142 [3]:360
[0]:162459638 [1]:22533021 [2]:142 [3]:363
[0]:162656378 [1]:22573873 [2]:142 [3]:364
[0]:162848780 [1]:22613741 [2]:143 [3]:366
[0]:163044039 [1]:22654214 [2]:143 [3]:357
[0]:163241528 [1]:22695149 [2]:143 [3]:364
[0]:163481937 [1]:22745099 [2]:143 [3]:355
[0]:163718510 [1]:22794192 [2]:143 [3]:359
[0]:163915747 [1]:22835086 [2]:143 [3]:358
[0]:164106144 [1]:22874630 [2]:143 [3]:363
[0]:164303688 [1]:22915551 [2]:143 [3]:368
[0]:164545939 [1]:22965820 [2]:143 [3]:372
[0]:164742980 [1]:23006705 [2]:143 [3]:355
[0]:164932117 [1]:23045983 [2]:143 [3]:359
[0]:165123464 [1]:23085721 [2]:143 [3]:364
[0]:165320877 [1]:23126648 [2]:143 [3]:62
[0]:165522225 [1]:23168450 [2]:143 [3]:363
[0]:165719870 [1]:23209423 [2]:143 [3]:354
[0]:165909826 [1]:23248814 [2]:144 [3]:63
[0]:166099863 [1]:23288229 [2]:144 [3]:368
[0]:166314154 [1]:23332703 [2]:144 [3]:361
[0]:166508934 [1]:23373090 [2]:144 [3]:365
[0]:166705578 [1]:23413799 [2]:144 [3]:363
[0]:166908594 [1]:23455924 [2]:144 [3]:57
[0]:167109680 [1]:23497672 [2]:144 [3]:364
[0]:167310857 [1]:23539410 [2]:144 [3]:58
[0]:167538422 [1]:23586616 [2]:144 [3]:369
[0]:167733550 [1]:23627059 [2]:144 [3]:363
[0]:167952108 [1]:23672366 [2]:144 [3]:361
[0]:168146923 [1]:23712798 [2]:144 [3]:356
[0]:168361799 [1]:23757410 [2]:144 [3]:364
[0]:168563330 [1]:23799169 [2]:144 [3]:356
[0]:168760709 [1]:23840099 [2]:144 [3]:368
[0]:168958323 [1]:23881044 [2]:145 [3]:354
[0]:169164694 [1]:23923847 [2]:145 [3]:356
[0]:169368294 [1]:23966010 [2]:145 [3]:362
[0]:169569596 [1]:24007734 [2]:145 [3]:356
[0]:169774936 [1]:24050396 [2]:145 [3]:359
[0]:169972084 [1]:24091271 [2]:145 [3]:360
[0]:170166208 [1]:24131515 [2]:145 [3]:359
[0]:170366951 [1]:24173120 [2]:145 [3]:369
[0]:170564463 [1]:24214068 [2]:145 [3]:357
[0]:170773326 [1]:24257411 [2]:145 [3]:62
[0]:170973787 [1]:24298969 [2]:145 [3]:365
[0]:171175897 [1]:24340844 [2]:145 [3]:355
[0]:171375312 [1]:24382207 [2]:145 [3]:360
[0]:171578474 [1]:24424371 [2]:145 [3]:374
[0]:171783249 [1]:24466835 [2]:145 [3]:360
[0]:171997798 [1]:24511338 [2]:146 [3]:360
[0]:172200004 [1]:24553254 [2]:146 [3]:358
[0]:172405763 [1]:24595895 [2]:146 [3]:359
[0]:172599766 [1]:24636076 [2]:146 [3]:364
[0]:172800411 [1]:24677674 [2]:146 [3]:357
[0]:172994572 [1]:24717964 [2]:146 [3]:366
[0]:173264696 [1]:24774000 [2]:146 [3]:366
[0]:173456764 [1]:24813808 [2]:146 [3]:362
[0]:173654274 [1]:24854760 [2]:146 [3]:366
[0]:173858757 [1]:24897179 [2]:146 [3]:360
[0]:174053634 [1]:24937531 [2]:146 [3]:362
[0]:174254211 [1]:24979115 [2]:146 [3]:366
[0]:174459292 [1]:25021686 [2]:146 [3]:359
[0]:174709001 [1]:25073523 [2]:146 [3]:357
[0]:174913989 [1]:25115982 [2]:147 [3]:364
[0]:175115190 [1]:25157760 [2]:147 [3]:361
[0]:175309269 [1]:25198006 [2]:147 [3]:364
[0]:175506572 [1]:25238970 [2]:147 [3]:363
[0]:175704517 [1]:25279999 [2]:147 [3]:362
[0]:175904108 [1]:25321358 [2]:147 [3]:354
[0]:176114408 [1]:25365034 [2]:147 [3]:366
[0]:176309483 [1]:25405452 [2]:147 [3]:53
[0]:176498956 [1]:25444723 [2]:147 [3]:365
[0]:176699123 [1]:25486268 [2]:147 [3]:356
[0]:176895992 [1]:25527035 [2]:147 [3]:364
[0]:177086810 [1]:25566599 [2]:147 [3]:62
[0]:177287795 [1]:25608297 [2]:147 [3]:61
[0]:177481727 [1]:25648491 [2]:147 [3]:355
[0]:177675247 [1]:25688675 [2]:147 [3]:357
[0]:177877033 [1]:25730465 [2]:148 [3]:58
[0]:178070549 [1]:25770701 [2]:148 [3]:356
[0]:178268096 [1]:25811665 [2]:148 [3]:363
[0]:178454395 [1]:25850328 [2]:148 [3]:65
[0]:178681076 [1]:25897234 [2]:148 [3]:62
[0]:178875546 [1]:25937634 [2]:148 [3]:363
[0]:179080527 [1]:25980197 [2]:148 [3]:60
[0]:179277956 [1]:26021123 [2]:148 [3]:364
[0]:179476880 [1]:26062366 [2]:148 [3]:362
[0]:179695622 [1]:26107675 [2]:148 [3]:65
[0]:179889303 [1]:26147856 [2]:148 [3]:53
[0]:180079204 [1]:26187224 [2]:148 [3]:365
[0]:180284270 [1]:26229786 [2]:148 [3]:361
[0]:180483180 [1]:26271015 [2]:148 [3]:55
[0]:180675733 [1]:26310871 [2]:148 [3]:61
[0]:180862311 [1]:26349598 [2]:149 [3]:74
[0]:181057992 [1]:26390180 [2]:149 [3]:358
[0]:181249452 [1]:26429988 [2]:149 [3]:363
[0]:181443247 [1]:26470181 [2]:149 [3]:71
[0]:181644546 [1]:26511927 [2]:149 [3]:360
[0]:181845859 [1]:26553686 [2]:149 [3]:58
[0]:182136403 [1]:26614054 [2]:149 [3]:60
[0]:182322437 [1]:26652727 [2]:149 [3]:69
[0]:182531397 [1]:26696021 [2]:149 [3]:359
[0]:182728927 [1]:26737020 [2]:149 [3]:362
[0]:182932075 [1]:26779212 [2]:149 [3]:363
[0]:183129551 [1]:26820215 [2]:149 [3]:59
[0]:183336475 [1]:26863065 [2]:149 [3]:365
[0]:183608625 [1]:26919535 [2]:149 [3]:361
[0]:183798459 [1]:26958886 [2]:150 [3]:363
[0]:183992262 [1]:26999115 [2]:150 [3]:64
[0]:184189787 [1]:27040132 [2]:150 [3]:360
[0]:184385546 [1]:27080699 [2]:150 [3]:362
[0]:184606392 [1]:27126567 [2]:150 [3]:368
[0]:184827033 [1]:27172358 [2]:150 [3]:360
[0]:185022639 [1]:27212932 [2]:150 [3]:359
[0]:185244380 [1]:27258932 [2]:150 [3]:365
[0]:185440019 [1]:27299492 [2]:150 [3]:357
[0]:185687726 [1]:27350904 [2]:150 [3]:367
[0]:185896558 [1]:27394263 [2]:150 [3]:367
[0]:186097797 [1]:27436045 [2]:150 [3]:360
[0]:186289268 [1]:27475728 [2]:150 [3]:363
[0]:186512191 [1]:27521964 [2]:150 [3]:364
[0]:186724017 [1]:27565864 [2]:150 [3]:365
[0]:186947588 [1]:27612262 [2]:150 [3]:363
[0]:187148816 [1]:27653917 [2]:150 [3]:360
[0]:187400229 [1]:27706120 [2]:150 [3]:360
[0]:187599178 [1]:27747359 [2]:150 [3]:363
[0]:187797246 [1]:27788475 [2]:150 [3]:359
[0]:187994624 [1]:27829397 [2]:150 [3]:60
[0]:188193002 [1]:27870537 [2]:150 [3]:359
[0]:188387399 [1]:27910872 [2]:150 [3]:65
[0]:188591017 [1]:27953096 [2]:150 [3]:361
[0]:188784180 [1]:27993242 [2]:150 [3]:362
[0]:188976729 [1]:28033126 [2]:150 [3]:363
[0]:189168485 [1]:28072921 [2]:150 [3]:361
[0]:189369824 [1]:28114714 [2]:150 [3]:361
[0]:189589324 [1]:28160245 [2]:150 [3]:353
[0]:189791075 [1]:28202095 [2]:150 [3]:363
[0]:189989259 [1]:28243143 [2]:150 [3]:363
[0]:190189774 [1]:28284721 [2]:150 [3]:59
[0]:190378020 [1]:28323747 [2]:150 [3]:363
[0]:190603461 [1]:28370483 [2]:150 [3]:361
[0]:190797258 [1]:28410642 [2]:150 [3]:365
[0]:190994789 [1]:28451595 [2]:150 [3]:363
[0]:191193799 [1]:28492822 [2]:150 [3]:352
[0]:191382319 [1]:28531930 [2]:150 [3]:68
[0]:191576223 [1]:28572113 [2]:150 [3]:363
[0]:191770006 [1]:28612229 [2]:150 [3]:363
[0]:191973856 [1]:28654540 [2]:150 [3]:364
[0]:192165023 [1]:28694223 [2]:150 [3]:369
[0]:192362442 [1]:28735177 [2]:150 [3]:363
[0]:192556366 [1]:28775412 [2]:150 [3]:360
[0]:192804136 [1]:28826699 [2]:150 [3]:360
[0]:192992440 [1]:28865759 [2]:150 [3]:365
[0]:193189964 [1]:28906780 [2]:150 [3]:65
[0]:193387298 [1]:28947721 [2]:150 [3]:359
[0]:193587375 [1]:28989145 [2]:150 [3]:355
[0]:193789072 [1]:29030949 [2]:150 [3]:363
[0]:193989100 [1]:29072488 [2]:150 [3]:365
[0]:194233449 [1]:29123161 [2]:150 [3]:359
[0]:194426702 [1]:29163232 [2]:150 [3]:367
[0]:194627145 [1]:29204778 [2]:150 [3]:366
[0]:194824699 [1]:29245719 [2]:150 [3]:366
[0]:195019783 [1]:29286172 [2]:150 [3]:363
[0]:195210825 [1]:29325805 [2]:150 [3]:358
[0]:195414931 [1]:29368050 [2]:150 [3]:364
[0]:195616125 [1]:29409788 [2]:150 [3]:353
[0]:195812080 [1]:29450488 [2]:150 [3]:359
[0]:196007069 [1]:29490942 [2]:150 [3]:365
[0]:196208615 [1]:29532763 [2]:150 [3]:355
[0]:196413330 [1]:29575151 [2]:150 [3]:362
[0]:196618641 [1]:29617766 [2]:150 [3]:58
[0]:196822614 [1]:29660085 [2]:150 [3]:54
[0]:197024888 [1]:29702055 [2]:150 [3]:359
[0]:197218852 [1]:29742261 [2]:150 [3]:363
[0]:197416381 [1]:29783153 [2]:150 [3]:56
[0]:197613981 [1]:29824174 [2]:150 [3]:359
[0]:197807399 [1]:29864366 [2]:150 [3]:362
[0]:198016282 [1]:29907686 [2]:150 [3]:355
[0]:198232374 [1]:29952471 [2]:150 [3]:362
[0]:198428747 [1]:29993212 [2]:150 [3]:358
[0]:198626195 [1]:30034244 [2]:150 [3]:364
[0]:198824741 [1]:30075477 [2]:150 [3]:61
[0]:199026149 [1]:30117296 [2]:150 [3]:356
[0]:199218075 [1]:30157033 [2]:150 [3]:60
[0]:199411583 [1]:30197159 [2]:150 [3]:63
[0]:199453539 [1]:30205868 [2]:150 [3]:367
[0]:199453539 [1]:30205868 [2]:150 [3]:367
[0]:199453539 [1]:30205868 [2]:150 [3]:367
[0]:199453539 [1]:30205868 [2]:150 [3]:367
[0]:199453539 [1]:30205868 [2]:150 [3]:367
[0]:199453539 [1]:30205868 [2]:150 [3]:367
[0]:199453539 [1]:30205868 [2]:150 [3]:367
[0]:199453539 [1]:30205868 [2]:150 [3]:367
[0]:199453539 [1]:30205868 [2]:150 [3]:367
[0]:199453539 [1]:30205868 [2]:150 [3]:367
[0]:199453539 [1]:30205868 [2]:150 [3]:367
