[0]:0 [1]:0 [2]:0 [3]:0
[0]:58618 [1]:0 [2]:0 [3]:308
[0]:291967 [1]:0 [2]:0 [3]:77
[0]:537735 [1]:0 [2]:0 [3]:61
[0]:905071 [1]:0 [2]:0 [3]:62
[0]:1131176 [1]:8444 [2]:121 [3]:373
[0]:1333950 [1]:29003 [2]:121 [3]:370
[0]:1557699 [1]:51795 [2]:121 [3]:365
[0]:1793862 [1]:75753 [2]:121 [3]:58
[0]:1983629 [1]:94982 [2]:121 [3]:47
[0]:2197217 [1]:116578 [2]:121 [3]:377
[0]:2454879 [1]:142625 [2]:121 [3]:64
[0]:2675466 [1]:164909 [2]:115 [3]:59
[0]:2897407 [1]:187431 [2]:115 [3]:359
[0]:3091277 [1]:207127 [2]:115 [3]:379
[0]:3292107 [1]:227537 [2]:115 [3]:67
[0]:3499221 [1]:248473 [2]:115 [3]:51
[0]:3734571 [1]:272189 [2]:115 [3]:61
[0]:3918705 [1]:290758 [2]:115 [3]:61
[0]:4118131 [1]:311057 [2]:115 [3]:364
[0]:4317476 [1]:331162 [2]:110 [3]:59
[0]:4516271 [1]:351032 [2]:110 [3]:53
[0]:4721903 [1]:371842 [2]:110 [3]:59
[0]:4923516 [1]:392325 [2]:110 [3]:352
[0]:5129365 [1]:413094 [2]:110 [3]:59
[0]:5331332 [1]:433498 [2]:110 [3]:66
[0]:5533655 [1]:453881 [2]:110 [3]:62
[0]:5733703 [1]:474094 [2]:105 [3]:366
[0]:5941971 [1]:495288 [2]:105 [3]:67
[0]:6153724 [1]:516798 [2]:105 [3]:65
[0]:6345885 [1]:536052 [2]:105 [3]:57
[0]:6567615 [1]:558448 [2]:105 [3]:63
[0]:6769253 [1]:578913 [2]:105 [3]:61
[0]:6976164 [1]:599886 [2]:105 [3]:368
[0]:7172878 [1]:619789 [2]:105 [3]:359
[0]:7372734 [1]:640036 [2]:101 [3]:77
[0]:7571261 [1]:660118 [2]:101 [3]:56
[0]:7790076 [1]:682177 [2]:101 [3]:63
[0]:8000555 [1]:703551 [2]:101 [3]:351
[0]:8234717 [1]:727249 [2]:101 [3]:57
[0]:8432986 [1]:747324 [2]:101 [3]:56
[0]:8647494 [1]:769040 [2]:101 [3]:85
[0]:8852769 [1]:789943 [2]:97 [3]:59
[0]:9092310 [1]:814265 [2]:97 [3]:71
[0]:9284545 [1]:833843 [2]:97 [3]:55
[0]:9486102 [1]:854288 [2]:97 [3]:62
[0]:9680154 [1]:873996 [2]:97 [3]:69
[0]:9884317 [1]:894686 [2]:97 [3]:72
[0]:10103520 [1]:916969 [2]:97 [3]:64
[0]:10305654 [1]:937275 [2]:97 [3]:70
[0]:10511358 [1]:957963 [2]:94 [3]:365
[0]:10732714 [1]:980406 [2]:94 [3]:79
[0]:10931226 [1]:1000476 [2]:94 [3]:64
[0]:11127844 [1]:1020407 [2]:94 [3]:363
[0]:11320482 [1]:1039946 [2]:94 [3]:72
[0]:11514021 [1]:1059493 [2]:94 [3]:68
[0]:11719921 [1]:1080331 [2]:94 [3]:62
[0]:11926597 [1]:1101177 [2]:91 [3]:62
[0]:12122381 [1]:1120935 [2]:91 [3]:67
[0]:12322125 [1]:1141171 [2]:91 [3]:63
[0]:12516506 [1]:1160816 [2]:91 [3]:356
[0]:12710884 [1]:1180575 [2]:91 [3]:72
[0]:12904333 [1]:1200114 [2]:91 [3]:361
[0]:13101960 [1]:1220102 [2]:91 [3]:360
[0]:13311037 [1]:1241429 [2]:91 [3]:65
[0]:13508843 [1]:1261714 [2]:88 [3]:361
[0]:13718845 [1]:1283101 [2]:88 [3]:66
[0]:13923863 [1]:1303873 [2]:88 [3]:365
[0]:14121811 [1]:1323747 [2]:88 [3]:367
[0]:14329145 [1]:1344589 [2]:88 [3]:356
[0]:14525803 [1]:1364549 [2]:88 [3]:68
[0]:14725319 [1]:1384729 [2]:88 [3]:62
[0]:14915907 [1]:1403958 [2]:88 [3]:74
[0]:15110925 [1]:1423704 [2]:86 [3]:63
[0]:15308551 [1]:1443818 [2]:86 [3]:65
[0]:15498955 [1]:1463237 [2]:86 [3]:62
[0]:15704446 [1]:1483959 [2]:86 [3]:61
[0]:15912739 [1]:1504989 [2]:86 [3]:352
[0]:16121419 [1]:1526188 [2]:86 [3]:61
[0]:16322928 [1]:1546670 [2]:86 [3]:81
[0]:16519638 [1]:1566584 [2]:86 [3]:62
[0]:16716962 [1]:1586434 [2]:84 [3]:68
[0]:16909097 [1]:1605868 [2]:84 [3]:56
[0]:17110393 [1]:1626234 [2]:84 [3]:63
[0]:17316270 [1]:1647088 [2]:84 [3]:61
[0]:17547643 [1]:1670409 [2]:84 [3]:363
[0]:17775897 [1]:1693599 [2]:84 [3]:362
[0]:17977591 [1]:1714108 [2]:84 [3]:357
[0]:18175669 [1]:1734224 [2]:82 [3]:358
[0]:18373464 [1]:1754100 [2]:82 [3]:364
[0]:18560641 [1]:1773125 [2]:82 [3]:351
[0]:18773926 [1]:1794757 [2]:82 [3]:77
[0]:18977789 [1]:1815351 [2]:82 [3]:362
[0]:19177182 [1]:1835865 [2]:82 [3]:362
[0]:19375249 [1]:1855998 [2]:82 [3]:67
[0]:19574153 [1]:1876179 [2]:82 [3]:370
[0]:19771361 [1]:1896241 [2]:80 [3]:86
[0]:19965862 [1]:1915788 [2]:80 [3]:64
[0]:20167895 [1]:1936262 [2]:80 [3]:363
[0]:20368256 [1]:1956532 [2]:80 [3]:54
[0]:20562747 [1]:1976127 [2]:80 [3]:60
[0]:20767122 [1]:1996765 [2]:80 [3]:364
[0]:20964309 [1]:2016755 [2]:80 [3]:355
[0]:21164233 [1]:2037173 [2]:80 [3]:224
[0]:21368084 [1]:2057860 [2]:78 [3]:359
[0]:21572181 [1]:2078577 [2]:78 [3]:62
[0]:21767239 [1]:2098232 [2]:78 [3]:55
[0]:21963637 [1]:2118127 [2]:78 [3]:72
[0]:22187100 [1]:2140752 [2]:78 [3]:80
[0]:22386757 [1]:2160979 [2]:78 [3]:68
[0]:22591948 [1]:2182021 [2]:78 [3]:76
[0]:22783954 [1]:2201499 [2]:78 [3]:57
[0]:22974833 [1]:2220737 [2]:77 [3]:63
[0]:23191578 [1]:2242684 [2]:77 [3]:360
[0]:23388025 [1]:2262558 [2]:77 [3]:68
[0]:23591699 [1]:2283061 [2]:77 [3]:367
[0]:23816063 [1]:2305788 [2]:77 [3]:87
[0]:24021308 [1]:2326783 [2]:77 [3]:356
[0]:24247365 [1]:2350060 [2]:77 [3]:100
[0]:24447099 [1]:2370284 [2]:76 [3]:63
[0]:24646794 [1]:2390534 [2]:76 [3]:78
[0]:24850742 [1]:2411165 [2]:76 [3]:365
[0]:25048819 [1]:2431336 [2]:76 [3]:366
[0]:25243177 [1]:2451004 [2]:76 [3]:64
[0]:25448306 [1]:2471832 [2]:76 [3]:52
[0]:25649941 [1]:2492181 [2]:76 [3]:366
[0]:25845420 [1]:2511783 [2]:76 [3]:53
[0]:26051498 [1]:2532651 [2]:75 [3]:58
[0]:26252035 [1]:2552788 [2]:75 [3]:68
[0]:26451008 [1]:2572898 [2]:75 [3]:80
[0]:26663019 [1]:2594258 [2]:75 [3]:58
[0]:26863306 [1]:2614352 [2]:75 [3]:366
[0]:27064113 [1]:2634684 [2]:75 [3]:373
[0]:27257455 [1]:2654356 [2]:75 [3]:56
[0]:27460628 [1]:2674976 [2]:74 [3]:375
[0]:27670166 [1]:2696060 [2]:74 [3]:368
[0]:27873788 [1]:2716569 [2]:74 [3]:68
[0]:28077557 [1]:2737320 [2]:74 [3]:368
[0]:28281274 [1]:2757998 [2]:74 [3]:61
[0]:28484425 [1]:2778569 [2]:74 [3]:364
[0]:28684751 [1]:2798815 [2]:74 [3]:55
[0]:28884884 [1]:2819070 [2]:74 [3]:355
[0]:29085453 [1]:2839387 [2]:73 [3]:364
[0]:29309566 [1]:2862020 [2]:73 [3]:59
[0]:29533994 [1]:2884614 [2]:73 [3]:375
[0]:29740051 [1]:2905398 [2]:73 [3]:369
[0]:29941849 [1]:2925856 [2]:73 [3]:69
[0]:30136286 [1]:2945562 [2]:73 [3]:370
[0]:30334270 [1]:2965580 [2]:73 [3]:69
[0]:30528623 [1]:2985334 [2]:73 [3]:363
[0]:30721417 [1]:3004998 [2]:72 [3]:66
[0]:30921081 [1]:3025160 [2]:72 [3]:64
[0]:31117312 [1]:3045010 [2]:72 [3]:365
[0]:31328653 [1]:3066352 [2]:72 [3]:69
[0]:31526718 [1]:3086500 [2]:72 [3]:62
[0]:31737723 [1]:3107931 [2]:72 [3]:68
[0]:31934824 [1]:3127941 [2]:72 [3]:80
[0]:32132191 [1]:3147881 [2]:71 [3]:57
[0]:32326206 [1]:3167609 [2]:71 [3]:365
[0]:32525724 [1]:3187788 [2]:71 [3]:359
[0]:32729910 [1]:3208544 [2]:71 [3]:375
[0]:32946118 [1]:3230484 [2]:71 [3]:64
[0]:33147111 [1]:3250764 [2]:71 [3]:66
[0]:33343257 [1]:3270678 [2]:71 [3]:54
[0]:33575322 [1]:3294180 [2]:71 [3]:62
[0]:33773189 [1]:3314121 [2]:70 [3]:65
[0]:33971429 [1]:3334094 [2]:70 [3]:368
[0]:34165844 [1]:3353746 [2]:70 [3]:71
[0]:34357925 [1]:3379945 [2]:70 [3]:362
[0]:34558072 [1]:3410867 [2]:70 [3]:361
[0]:34751605 [1]:3440743 [2]:70 [3]:364
[0]:34960502 [1]:3472859 [2]:70 [3]:60
[0]:35177067 [1]:3506105 [2]:70 [3]:361
[0]:35370955 [1]:3535990 [2]:70 [3]:366
[0]:35565117 [1]:3565914 [2]:71 [3]:360
[0]:35762757 [1]:3596341 [2]:71 [3]:355
[0]:35955576 [1]:3626143 [2]:71 [3]:357
[0]:36153060 [1]:3656557 [2]:71 [3]:66
[0]:36347129 [1]:3686394 [2]:71 [3]:362
[0]:36546430 [1]:3717083 [2]:71 [3]:58
[0]:36740067 [1]:3747030 [2]:71 [3]:354
[0]:36940055 [1]:3777843 [2]:71 [3]:363
[0]:37139699 [1]:3808585 [2]:71 [3]:61
[0]:37336810 [1]:3838828 [2]:71 [3]:365
[0]:37531589 [1]:3868863 [2]:71 [3]:366
[0]:37721827 [1]:3898142 [2]:73 [3]:362
[0]:37927173 [1]:3929855 [2]:73 [3]:357
[0]:38124514 [1]:3960195 [2]:73 [3]:365
[0]:38318990 [1]:3990086 [2]:73 [3]:359
[0]:38512839 [1]:4020036 [2]:73 [3]:71
[0]:38725847 [1]:4052874 [2]:73 [3]:362
[0]:38942013 [1]:4086172 [2]:73 [3]:67
[0]:39141158 [1]:4116832 [2]:73 [3]:53
[0]:39331691 [1]:4146137 [2]:73 [3]:364
[0]:39528022 [1]:4176373 [2]:73 [3]:361
[0]:39725864 [1]:4206773 [2]:75 [3]:366
[0]:39919991 [1]:4236599 [2]:75 [3]:58
[0]:40110484 [1]:4265885 [2]:75 [3]:56
[0]:40300828 [1]:4295253 [2]:75 [3]:61
[0]:40491985 [1]:4324782 [2]:75 [3]:60
[0]:40690968 [1]:4355406 [2]:75 [3]:358
[0]:40890617 [1]:4386055 [2]:75 [3]:357
[0]:41080621 [1]:4415369 [2]:75 [3]:67
[0]:41284564 [1]:4446720 [2]:75 [3]:365
[0]:41487381 [1]:4477890 [2]:75 [3]:48
[0]:41681468 [1]:4507764 [2]:77 [3]:63
[0]:41884354 [1]:4538930 [2]:77 [3]:352
[0]:42080745 [1]:4569194 [2]:77 [3]:362
[0]:42287719 [1]:4601025 [2]:77 [3]:365
[0]:42491435 [1]:4632467 [2]:77 [3]:349
[0]:42699930 [1]:4664555 [2]:77 [3]:356
[0]:42892149 [1]:4694093 [2]:77 [3]:363
[0]:43084744 [1]:4723742 [2]:77 [3]:365
[0]:43286282 [1]:4754813 [2]:77 [3]:362
[0]:43491424 [1]:4786399 [2]:77 [3]:368
[0]:43704328 [1]:4819193 [2]:79 [3]:359
[0]:43894544 [1]:4848460 [2]:79 [3]:361
[0]:44088186 [1]:4878320 [2]:79 [3]:363
[0]:44288139 [1]:4909189 [2]:79 [3]:360
[0]:44471764 [1]:4937447 [2]:79 [3]:360
[0]:44670587 [1]:4968140 [2]:79 [3]:57
[0]:44906798 [1]:5004507 [2]:79 [3]:62
[0]:45125692 [1]:5038274 [2]:79 [3]:356
[0]:45327410 [1]:5069293 [2]:79 [3]:59
[0]:45526265 [1]:5099877 [2]:79 [3]:361
[0]:45722969 [1]:5130090 [2]:79 [3]:371
[0]:45935818 [1]:5162819 [2]:81 [3]:356
[0]:46133089 [1]:5193146 [2]:81 [3]:65
[0]:46331413 [1]:5223737 [2]:81 [3]:56
[0]:46589087 [1]:5263364 [2]:81 [3]:360
[0]:46782879 [1]:5293263 [2]:81 [3]:359
[0]:46987396 [1]:5324769 [2]:81 [3]:361
[0]:47185965 [1]:5355286 [2]:81 [3]:367
[0]:47383901 [1]:5385670 [2]:81 [3]:362
[0]:47570547 [1]:5414441 [2]:81 [3]:362
[0]:47764276 [1]:5444237 [2]:81 [3]:361
[0]:47957480 [1]:5473876 [2]:82 [3]:358
[0]:48178912 [1]:5507944 [2]:82 [3]:360
[0]:48380398 [1]:5538904 [2]:82 [3]:364
[0]:48574435 [1]:5568709 [2]:82 [3]:366
[0]:48768553 [1]:5598599 [2]:82 [3]:364
[0]:48974177 [1]:5630288 [2]:82 [3]:369
[0]:49171570 [1]:5660662 [2]:82 [3]:363
[0]:49369283 [1]:5691084 [2]:82 [3]:364
[0]:49604284 [1]:5727456 [2]:82 [3]:66
[0]:49794625 [1]:5756736 [2]:82 [3]:363
[0]:49990715 [1]:5786997 [2]:83 [3]:69
[0]:50182807 [1]:5816520 [2]:83 [3]:69
[0]:50387961 [1]:5848147 [2]:83 [3]:361
[0]:50585457 [1]:5878728 [2]:83 [3]:58
[0]:50779601 [1]:5908691 [2]:83 [3]:363
[0]:50970235 [1]:5937993 [2]:83 [3]:361
[0]:51167779 [1]:5968304 [2]:83 [3]:366
[0]:51361849 [1]:5998268 [2]:83 [3]:364
[0]:51552088 [1]:6027557 [2]:83 [3]:359
[0]:51749953 [1]:6058015 [2]:83 [3]:364
[0]:51981416 [1]:6093615 [2]:84 [3]:58
[0]:52175367 [1]:6123379 [2]:84 [3]:367
[0]:52373237 [1]:6153868 [2]:84 [3]:60
[0]:52573215 [1]:6184574 [2]:84 [3]:366
[0]:52782292 [1]:6216854 [2]:84 [3]:365
[0]:53000319 [1]:6250440 [2]:84 [3]:364
[0]:53224131 [1]:6285009 [2]:84 [3]:363
[0]:53417813 [1]:6314953 [2]:84 [3]:356
[0]:53615820 [1]:6345374 [2]:84 [3]:365
[0]:53842675 [1]:6380363 [2]:84 [3]:361
[0]:54041241 [1]:6410926 [2]:85 [3]:370
[0]:54235497 [1]:6440758 [2]:85 [3]:368
[0]:54427315 [1]:6470252 [2]:85 [3]:365
[0]:54623226 [1]:6500419 [2]:85 [3]:72
[0]:54819226 [1]:6530564 [2]:85 [3]:359
[0]:55017323 [1]:6561041 [2]:85 [3]:360
[0]:55205676 [1]:6590095 [2]:85 [3]:60
[0]:55399704 [1]:6619953 [2]:85 [3]:356
[0]:55590090 [1]:6649280 [2]:85 [3]:370
[0]:55783276 [1]:6679008 [2]:85 [3]:360
[0]:55978227 [1]:6709018 [2]:86 [3]:57
[0]:56168597 [1]:6738309 [2]:86 [3]:364
[0]:56370041 [1]:6769365 [2]:86 [3]:73
[0]:56564819 [1]:6799314 [2]:86 [3]:68
[0]:56773126 [1]:6831471 [2]:86 [3]:358
[0]:56970016 [1]:6861709 [2]:86 [3]:372
[0]:57172387 [1]:6892891 [2]:86 [3]:57
[0]:57371024 [1]:6923490 [2]:86 [3]:69
[0]:57581856 [1]:6955898 [2]:86 [3]:360
[0]:57792153 [1]:6988246 [2]:86 [3]:77
[0]:57995733 [1]:7019551 [2]:86 [3]:365
[0]:58199852 [1]:7050944 [2]:87 [3]:361
[0]:58392577 [1]:7080748 [2]:87 [3]:370
[0]:58597998 [1]:7112406 [2]:87 [3]:364
[0]:58823872 [1]:7147222 [2]:87 [3]:359
[0]:59022693 [1]:7177862 [2]:87 [3]:64
[0]:59250977 [1]:7212994 [2]:87 [3]:60
[0]:59450535 [1]:7243688 [2]:87 [3]:369
[0]:59654021 [1]:7275064 [2]:87 [3]:360
[0]:59855677 [1]:7306022 [2]:87 [3]:360
[0]:60060819 [1]:7337598 [2]:87 [3]:362
[0]:60262397 [1]:7368622 [2]:88 [3]:370
[0]:60471507 [1]:7400690 [2]:88 [3]:64
[0]:60665584 [1]:7430551 [2]:88 [3]:372
[0]:60870354 [1]:7462047 [2]:88 [3]:70
[0]:61062111 [1]:7491666 [2]:88 [3]:58
[0]:61258942 [1]:7521989 [2]:88 [3]:360
[0]:61456682 [1]:7552451 [2]:88 [3]:365
[0]:61647003 [1]:7581755 [2]:88 [3]:370
[0]:61841073 [1]:7611577 [2]:88 [3]:374
[0]:62050055 [1]:7643676 [2]:88 [3]:67
[0]:62247988 [1]:7674110 [2]:89 [3]:359
[0]:62471834 [1]:7708560 [2]:89 [3]:367
[0]:62656867 [1]:7737049 [2]:89 [3]:365
[0]:62859856 [1]:7768404 [2]:89 [3]:353
[0]:63057553 [1]:7798860 [2]:89 [3]:358
[0]:63294246 [1]:7835331 [2]:89 [3]:364
[0]:63493435 [1]:7866071 [2]:89 [3]:65
[0]:63684366 [1]:7895525 [2]:89 [3]:370
[0]:63882287 [1]:7925989 [2]:89 [3]:362
[0]:64077662 [1]:7956118 [2]:89 [3]:360
[0]:64298869 [1]:7990114 [2]:90 [3]:357
[0]:64516880 [1]:8023672 [2]:90 [3]:364
[0]:64718070 [1]:8054682 [2]:90 [3]:356
[0]:64908051 [1]:8080529 [2]:90 [3]:81
[0]:65124626 [1]:8101539 [2]:90 [3]:358
[0]:65333426 [1]:8121893 [2]:90 [3]:84
[0]:65546229 [1]:8142721 [2]:90 [3]:362
[0]:65754746 [1]:8163177 [2]:90 [3]:71
[0]:65963368 [1]:8183715 [2]:90 [3]:86
[0]:66179828 [1]:8204870 [2]:90 [3]:368
[0]:66412238 [1]:8227685 [2]:90 [3]:370
[0]:66626702 [1]:8248942 [2]:90 [3]:96
[0]:66833119 [1]:8269298 [2]:90 [3]:79
[0]:67065449 [1]:8291988 [2]:90 [3]:96
[0]:67290309 [1]:8313768 [2]:90 [3]:362
[0]:67506860 [1]:8334873 [2]:90 [3]:355
[0]:67719400 [1]:8355788 [2]:90 [3]:363
[0]:67927949 [1]:8376373 [2]:90 [3]:79
[0]:68128781 [1]:8395888 [2]:90 [3]:80
[0]:68349389 [1]:8417424 [2]:90 [3]:365
[0]:68555752 [1]:8437522 [2]:90 [3]:89
[0]:68770921 [1]:8458407 [2]:89 [3]:369
[0]:68979743 [1]:8479340 [2]:89 [3]:99
[0]:69187703 [1]:8499878 [2]:89 [3]:357
[0]:69392315 [1]:8520042 [2]:89 [3]:82
[0]:69612839 [1]:8541678 [2]:89 [3]:367
[0]:69825462 [1]:8562390 [2]:89 [3]:93
[0]:70032343 [1]:8583037 [2]:89 [3]:372
[0]:70240955 [1]:8603214 [2]:89 [3]:372
[0]:70443298 [1]:8622826 [2]:89 [3]:368
[0]:70703367 [1]:8648280 [2]:89 [3]:366
[0]:70912854 [1]:8669065 [2]:89 [3]:373
[0]:71120640 [1]:8689354 [2]:89 [3]:374
[0]:71325714 [1]:8709216 [2]:89 [3]:371
[0]:71538440 [1]:8729904 [2]:89 [3]:81
[0]:71747134 [1]:8750402 [2]:89 [3]:363
[0]:71955885 [1]:8770654 [2]:89 [3]:371
[0]:72164685 [1]:8790973 [2]:89 [3]:94
[0]:72378883 [1]:8811763 [2]:89 [3]:368
[0]:72587508 [1]:8832174 [2]:89 [3]:362
[0]:72835640 [1]:8856556 [2]:89 [3]:96
[0]:73066133 [1]:8879092 [2]:89 [3]:84
[0]:73264770 [1]:8898422 [2]:89 [3]:78
[0]:73480169 [1]:8919256 [2]:89 [3]:82
[0]:73700507 [1]:8940933 [2]:89 [3]:85
[0]:73912919 [1]:8961699 [2]:89 [3]:368
[0]:74123342 [1]:8982542 [2]:89 [3]:349
[0]:74330416 [1]:9002687 [2]:89 [3]:372
[0]:74532961 [1]:9022386 [2]:89 [3]:89
[0]:74743966 [1]:9043169 [2]:89 [3]:83
[0]:74964290 [1]:9064684 [2]:89 [3]:71
[0]:75180644 [1]:9085551 [2]:89 [3]:361
[0]:75425588 [1]:9109357 [2]:89 [3]:373
[0]:75638209 [1]:9130139 [2]:89 [3]:377
[0]:75853675 [1]:9151037 [2]:89 [3]:86
[0]:76067767 [1]:9171847 [2]:89 [3]:99
[0]:76284325 [1]:9192821 [2]:89 [3]:361
[0]:76500943 [1]:9214013 [2]:89 [3]:367
[0]:76705725 [1]:9234076 [2]:89 [3]:363
[0]:76934184 [1]:9256298 [2]:89 [3]:379
[0]:77134565 [1]:9275839 [2]:89 [3]:364
[0]:77343855 [1]:9296186 [2]:89 [3]:86
[0]:77556600 [1]:9316969 [2]:89 [3]:87
[0]:77780902 [1]:9338894 [2]:89 [3]:368
[0]:78005590 [1]:9360833 [2]:89 [3]:86
[0]:78213341 [1]:9381069 [2]:89 [3]:363
[0]:78430442 [1]:9402273 [2]:89 [3]:374
[0]:78643582 [1]:9422973 [2]:89 [3]:368
[0]:78850636 [1]:9442988 [2]:89 [3]:80
[0]:79070905 [1]:9464517 [2]:89 [3]:71
[0]:79280367 [1]:9484978 [2]:89 [3]:365
[0]:79482674 [1]:9504708 [2]:89 [3]:374
[0]:79687269 [1]:9524888 [2]:89 [3]:367
[0]:79895998 [1]:9545144 [2]:89 [3]:361
[0]:80100949 [1]:9565205 [2]:89 [3]:107
[0]:80305705 [1]:9585271 [2]:89 [3]:369
[0]:80524963 [1]:9606736 [2]:89 [3]:366
[0]:80736015 [1]:9627363 [2]:89 [3]:375
[0]:80946149 [1]:9647849 [2]:89 [3]:371
[0]:81191792 [1]:9671763 [2]:89 [3]:88
[0]:81408512 [1]:9692894 [2]:89 [3]:367
[0]:81620857 [1]:9715207 [2]:89 [3]:371
[0]:81821675 [1]:9741511 [2]:89 [3]:364
[0]:82027370 [1]:9768533 [2]:89 [3]:367
[0]:82238837 [1]:9796283 [2]:89 [3]:370
[0]:82459311 [1]:9825222 [2]:89 [3]:365
[0]:82683415 [1]:9854717 [2]:89 [3]:366
[0]:82896084 [1]:9882607 [2]:89 [3]:361
[0]:83099772 [1]:9909403 [2]:91 [3]:364
[0]:83307818 [1]:9936918 [2]:91 [3]:367
[0]:83521502 [1]:9965035 [2]:91 [3]:359
[0]:83729411 [1]:9992640 [2]:91 [3]:363
[0]:83944299 [1]:10020890 [2]:91 [3]:366
[0]:84182084 [1]:10052245 [2]:91 [3]:369
[0]:84383291 [1]:10078572 [2]:91 [3]:369
[0]:84603463 [1]:10107480 [2]:91 [3]:364
[0]:84819958 [1]:10135898 [2]:91 [3]:371
[0]:85028451 [1]:10163261 [2]:91 [3]:367
[0]:85240920 [1]:10191321 [2]:91 [3]:375
[0]:85443402 [1]:10217920 [2]:91 [3]:366
[0]:85646333 [1]:10244560 [2]:91 [3]:357
[0]:85854979 [1]:10271868 [2]:91 [3]:361
[0]:86061004 [1]:10298861 [2]:91 [3]:366
[0]:86264353 [1]:10325539 [2]:91 [3]:362
[0]:86470729 [1]:10352730 [2]:91 [3]:367
[0]:86685188 [1]:10381057 [2]:91 [3]:359
[0]:86893677 [1]:10408380 [2]:95 [3]:84
[0]:87102297 [1]:10435688 [2]:95 [3]:364
[0]:87303046 [1]:10462070 [2]:95 [3]:78
[0]:87514823 [1]:10489899 [2]:95 [3]:370
[0]:87732095 [1]:10518350 [2]:95 [3]:365
[0]:87940502 [1]:10545656 [2]:95 [3]:74
[0]:88157091 [1]:10573967 [2]:95 [3]:83
[0]:88359432 [1]:10600556 [2]:95 [3]:366
[0]:88590778 [1]:10631055 [2]:95 [3]:369
[0]:88798876 [1]:10658425 [2]:95 [3]:354
[0]:89006803 [1]:10685967 [2]:95 [3]:372
[0]:89231123 [1]:10715521 [2]:95 [3]:367
[0]:89445599 [1]:10743758 [2]:95 [3]:364
[0]:89652178 [1]:10770912 [2]:95 [3]:297
[0]:89864525 [1]:10798765 [2]:95 [3]:372
[0]:90096477 [1]:10829242 [2]:95 [3]:363
[0]:90307038 [1]:10856850 [2]:95 [3]:81
[0]:90506083 [1]:10883028 [2]:95 [3]:368
[0]:90726618 [1]:10911871 [2]:99 [3]:359
[0]:90924768 [1]:10937930 [2]:99 [3]:361
[0]:91135576 [1]:10965757 [2]:99 [3]:358
[0]:91348313 [1]:10993742 [2]:99 [3]:363
[0]:91572747 [1]:11023320 [2]:99 [3]:362
[0]:91776980 [1]:11050232 [2]:99 [3]:370
[0]:92032950 [1]:11083862 [2]:99 [3]:366
[0]:92241474 [1]:11111196 [2]:99 [3]:371
[0]:92449944 [1]:11138703 [2]:99 [3]:361
[0]:92654449 [1]:11165764 [2]:99 [3]:363
[0]:92862915 [1]:11193139 [2]:99 [3]:366
[0]:93064919 [1]:11219642 [2]:99 [3]:370
[0]:93265378 [1]:11245942 [2]:99 [3]:358
[0]:93465209 [1]:11272148 [2]:99 [3]:360
[0]:93675199 [1]:11299606 [2]:99 [3]:359
[0]:93895570 [1]:11328666 [2]:99 [3]:82
[0]:94137875 [1]:11360594 [2]:99 [3]:373
[0]:94354441 [1]:11389299 [2]:99 [3]:71
[0]:94566933 [1]:11417298 [2]:103 [3]:370
[0]:94790536 [1]:11446606 [2]:103 [3]:356
[0]:95002712 [1]:11474547 [2]:103 [3]:84
[0]:95211381 [1]:11502049 [2]:103 [3]:359
[0]:95467928 [1]:11535776 [2]:103 [3]:363
[0]:95676537 [1]:11563099 [2]:103 [3]:363
[0]:95885047 [1]:11590484 [2]:103 [3]:80
[0]:96089748 [1]:11617320 [2]:103 [3]:363
[0]:96290685 [1]:11643685 [2]:103 [3]:359
[0]:96499185 [1]:11671095 [2]:103 [3]:368
[0]:96711525 [1]:11699011 [2]:103 [3]:72
[0]:96934638 [1]:11728378 [2]:103 [3]:74
[0]:97144789 [1]:11756008 [2]:103 [3]:75
[0]:97352928 [1]:11783398 [2]:103 [3]:78
[0]:97561556 [1]:11810742 [2]:103 [3]:369
[0]:97763401 [1]:11837263 [2]:103 [3]:362
[0]:97978831 [1]:11865477 [2]:103 [3]:362
[0]:98183359 [1]:11892364 [2]:103 [3]:86
[0]:98391950 [1]:11919745 [2]:106 [3]:359
[0]:98596550 [1]:11946522 [2]:106 [3]:361
[0]:98805283 [1]:11973913 [2]:106 [3]:370
[0]:99017630 [1]:12001933 [2]:106 [3]:373
[0]:99222696 [1]:12028882 [2]:106 [3]:370
[0]:99442773 [1]:12057867 [2]:106 [3]:362
[0]:99690528 [1]:12090419 [2]:106 [3]:365
[0]:99893524 [1]:12117031 [2]:106 [3]:364
[0]:100107660 [1]:12145310 [2]:106 [3]:361
[0]:100312947 [1]:12172193 [2]:106 [3]:364
[0]:100524775 [1]:12200038 [2]:106 [3]:368
[0]:100760701 [1]:12231185 [2]:106 [3]:365
[0]:100981114 [1]:12260124 [2]:106 [3]:367
[0]:101185711 [1]:12287025 [2]:106 [3]:368
[0]:101401172 [1]:12315338 [2]:106 [3]:364
[0]:101614743 [1]:12343330 [2]:106 [3]:81
[0]:101823364 [1]:12370872 [2]:106 [3]:357
[0]:102027776 [1]:12397811 [2]:106 [3]:368
[0]:102240133 [1]:12425725 [2]:109 [3]:366
[0]:102452842 [1]:12453653 [2]:109 [3]:361
[0]:102681209 [1]:12483601 [2]:109 [3]:360
[0]:102891404 [1]:12511175 [2]:109 [3]:81
[0]:103102180 [1]:12538876 [2]:109 [3]:366
[0]:103310703 [1]:12566318 [2]:109 [3]:364
[0]:103515300 [1]:12593227 [2]:109 [3]:373
[0]:103743567 [1]:12623152 [2]:109 [3]:368
[0]:103955872 [1]:12650982 [2]:109 [3]:366
[0]:104164905 [1]:12678397 [2]:109 [3]:86
[0]:104366625 [1]:12704900 [2]:109 [3]:365
[0]:104566826 [1]:12731158 [2]:109 [3]:357
[0]:104769461 [1]:12757884 [2]:109 [3]:369
[0]:104975286 [1]:12784983 [2]:109 [3]:375
[0]:105179893 [1]:12811898 [2]:109 [3]:364
[0]:105382420 [1]:12838663 [2]:109 [3]:357
[0]:105592865 [1]:12866380 [2]:109 [3]:367
[0]:105794978 [1]:12893031 [2]:109 [3]:369
[0]:106064769 [1]:12928571 [2]:112 [3]:360
[0]:106269459 [1]:12955607 [2]:112 [3]:364
[0]:106482187 [1]:12983475 [2]:112 [3]:75
[0]:106683404 [1]:13009858 [2]:112 [3]:356
[0]:106895588 [1]:13037805 [2]:112 [3]:355
[0]:107107719 [1]:13065695 [2]:112 [3]:84
[0]:107308459 [1]:13092029 [2]:112 [3]:358
[0]:107509477 [1]:13118346 [2]:112 [3]:355
[0]:107721134 [1]:13146172 [2]:112 [3]:368
[0]:107945905 [1]:13175761 [2]:112 [3]:84
[0]:108154599 [1]:13203201 [2]:112 [3]:363
[0]:108367059 [1]:13231114 [2]:112 [3]:78
[0]:108579354 [1]:13259096 [2]:112 [3]:82
[0]:108782906 [1]:13285743 [2]:112 [3]:358
[0]:108986342 [1]:13312457 [2]:112 [3]:356
[0]:109197213 [1]:13340229 [2]:112 [3]:79
[0]:109405905 [1]:13367537 [2]:112 [3]:366
[0]:109618428 [1]:13395427 [2]:112 [3]:362
[0]:109826849 [1]:13422790 [2]:114 [3]:365
[0]:110035540 [1]:13450236 [2]:114 [3]:77
[0]:110244175 [1]:13477677 [2]:114 [3]:365
[0]:110460354 [1]:13506021 [2]:114 [3]:364
[0]:110669362 [1]:13533510 [2]:114 [3]:377
[0]:110936685 [1]:13568657 [2]:114 [3]:364
[0]:111137201 [1]:13595243 [2]:114 [3]:370
[0]:111361284 [1]:13624706 [2]:114 [3]:365
[0]:111572478 [1]:13652516 [2]:114 [3]:365
[0]:111817673 [1]:13684760 [2]:114 [3]:375
[0]:112036181 [1]:13713541 [2]:114 [3]:77
[0]:112249548 [1]:13741644 [2]:114 [3]:71
[0]:112456961 [1]:13768792 [2]:114 [3]:361
[0]:112672101 [1]:13796984 [2]:114 [3]:358
[0]:112880623 [1]:13824368 [2]:114 [3]:79
[0]:113089243 [1]:13851786 [2]:114 [3]:361
[0]:113293868 [1]:13878659 [2]:114 [3]:74
[0]:113497977 [1]:13905520 [2]:114 [3]:359
[0]:113697231 [1]:13931718 [2]:116 [3]:362
[0]:113915543 [1]:13960402 [2]:116 [3]:366
[0]:114123434 [1]:13987655 [2]:116 [3]:367
[0]:114336617 [1]:14015668 [2]:116 [3]:368
[0]:114544605 [1]:14043004 [2]:116 [3]:363
[0]:114755447 [1]:14070730 [2]:116 [3]:374
[0]:114962123 [1]:14098017 [2]:116 [3]:368
[0]:115174647 [1]:14125994 [2]:116 [3]:367
[0]:115440458 [1]:14160910 [2]:116 [3]:76
[0]:115635663 [1]:14186591 [2]:116 [3]:366
[0]:115839696 [1]:14213343 [2]:116 [3]:366
[0]:116052050 [1]:14241248 [2]:116 [3]:361
[0]:116256748 [1]:14268065 [2]:116 [3]:366
[0]:116465248 [1]:14295473 [2]:116 [3]:361
[0]:116685371 [1]:14324461 [2]:116 [3]:362
[0]:116957227 [1]:14360169 [2]:116 [3]:79
[0]:117169795 [1]:14388185 [2]:116 [3]:363
[0]:117380150 [1]:14415683 [2]:116 [3]:374
[0]:117582885 [1]:14442343 [2]:118 [3]:83
[0]:117801356 [1]:14470961 [2]:118 [3]:365
[0]:118042984 [1]:14502641 [2]:118 [3]:360
[0]:118251303 [1]:14529932 [2]:118 [3]:366
[0]:118463571 [1]:14557760 [2]:118 [3]:356
[0]:118685052 [1]:14586837 [2]:118 [3]:77
[0]:118939851 [1]:14620387 [2]:118 [3]:368
[0]:119149121 [1]:14648081 [2]:118 [3]:361
[0]:119385880 [1]:14679236 [2]:118 [3]:363
[0]:119584660 [1]:14705550 [2]:118 [3]:355
[0]:119817919 [1]:14736239 [2]:118 [3]:371
[0]:120045442 [1]:14766014 [2]:118 [3]:363
[0]:120254723 [1]:14793512 [2]:118 [3]:357
[0]:120458860 [1]:14820259 [2]:118 [3]:358
[0]:120668020 [1]:14847692 [2]:118 [3]:88
[0]:120904059 [1]:14878711 [2]:118 [3]:360
[0]:121109805 [1]:14905633 [2]:118 [3]:365
[0]:121313319 [1]:14932399 [2]:120 [3]:82
[0]:121524872 [1]:14960277 [2]:120 [3]:366
[0]:121734483 [1]:14987717 [2]:120 [3]:359
[0]:121943279 [1]:15015184 [2]:120 [3]:362
[0]:122155525 [1]:15043043 [2]:120 [3]:368
[0]:122430983 [1]:15079306 [2]:120 [3]:365
[0]:122627818 [1]:15105123 [2]:120 [3]:368
[0]:122835875 [1]:15132591 [2]:120 [3]:81
[0]:123044823 [1]:15160013 [2]:120 [3]:363
[0]:123284919 [1]:15191557 [2]:120 [3]:81
[0]:123489994 [1]:15218496 [2]:120 [3]:71
[0]:123702016 [1]:15246467 [2]:120 [3]:368
[0]:123911858 [1]:15273968 [2]:120 [3]:79
[0]:124117276 [1]:15300934 [2]:120 [3]:366
[0]:124323732 [1]:15328063 [2]:120 [3]:369
[0]:124530436 [1]:15355299 [2]:120 [3]:84
[0]:124734608 [1]:15382090 [2]:120 [3]:372
[0]:124953101 [1]:15410978 [2]:120 [3]:356
[0]:125165613 [1]:15438869 [2]:121 [3]:359
[0]:125374298 [1]:15466292 [2]:121 [3]:368
[0]:125578991 [1]:15493134 [2]:121 [3]:362
[0]:125795323 [1]:15521473 [2]:121 [3]:359
[0]:126019530 [1]:15551232 [2]:121 [3]:360
[0]:126235588 [1]:15579581 [2]:121 [3]:371
[0]:126443064 [1]:15606823 [2]:121 [3]:368
[0]:126653039 [1]:15634467 [2]:121 [3]:369
[0]:126885309 [1]:15664949 [2]:121 [3]:368
[0]:127104554 [1]:15693742 [2]:121 [3]:373
[0]:127314166 [1]:15721229 [2]:121 [3]:360
[0]:127529539 [1]:15749602 [2]:121 [3]:362
[0]:127756854 [1]:15779443 [2]:121 [3]:359
[0]:127962309 [1]:15806346 [2]:121 [3]:356
[0]:128199033 [1]:15837423 [2]:121 [3]:366
[0]:128416252 [1]:15865933 [2]:121 [3]:367
[0]:128626160 [1]:15893483 [2]:121 [3]:349
[0]:128840912 [1]:15921706 [2]:121 [3]:363
[0]:129065924 [1]:15951152 [2]:122 [3]:88
[0]:129280002 [1]:15979322 [2]:122 [3]:361
[0]:129498424 [1]:16008006 [2]:122 [3]:84
[0]:129737669 [1]:16039374 [2]:122 [3]:371
[0]:129947289 [1]:16066940 [2]:122 [3]:366
[0]:130157908 [1]:16094560 [2]:122 [3]:85
[0]:130357158 [1]:16120752 [2]:122 [3]:359
[0]:130564051 [1]:16147898 [2]:122 [3]:86
[0]:130773559 [1]:16175392 [2]:122 [3]:365
[0]:130986009 [1]:16203264 [2]:122 [3]:375
[0]:131212766 [1]:16233155 [2]:122 [3]:364
[0]:131418777 [1]:16260318 [2]:122 [3]:368
[0]:131614961 [1]:16286061 [2]:122 [3]:86
[0]:131820983 [1]:16313082 [2]:122 [3]:368
[0]:132036680 [1]:16341458 [2]:122 [3]:356
[0]:132264473 [1]:16371513 [2]:122 [3]:365
[0]:132491914 [1]:16401520 [2]:122 [3]:362
[0]:132698929 [1]:16428637 [2]:123 [3]:359
[0]:132925932 [1]:16458543 [2]:123 [3]:370
[0]:133134340 [1]:16485931 [2]:123 [3]:363
[0]:133346859 [1]:16513780 [2]:123 [3]:362
[0]:133582983 [1]:16544805 [2]:123 [3]:364
[0]:133792195 [1]:16586895 [2]:123 [3]:358
[0]:134020178 [1]:16634101 [2]:123 [3]:366
[0]:134217602 [1]:16675086 [2]:123 [3]:64
[0]:134411767 [1]:16715381 [2]:123 [3]:359
[0]:134634656 [1]:16761637 [2]:123 [3]:369
[0]:134835414 [1]:16803256 [2]:123 [3]:365
[0]:135041105 [1]:16845929 [2]:123 [3]:357
[0]:135242353 [1]:16887738 [2]:123 [3]:365
[0]:135446347 [1]:16930063 [2]:123 [3]:358
[0]:135637397 [1]:16969720 [2]:123 [3]:364
[0]:135853279 [1]:17014475 [2]:123 [3]:365
[0]:136061694 [1]:17057706 [2]:125 [3]:355
[0]:136274616 [1]:17101925 [2]:125 [3]:362
[0]:136467617 [1]:17141961 [2]:125 [3]:364
[0]:136669272 [1]:17183815 [2]:125 [3]:366
[0]:136876284 [1]:17226742 [2]:125 [3]:364
[0]:137075785 [1]:17268154 [2]:125 [3]:359
[0]:137277123 [1]:17309952 [2]:125 [3]:354
[0]:137494797 [1]:17355116 [2]:125 [3]:356
[0]:137697539 [1]:17397130 [2]:125 [3]:63
[0]:137903147 [1]:17439775 [2]:125 [3]:362
[0]:138111844 [1]:17483059 [2]:125 [3]:362
[0]:138312772 [1]:17524786 [2]:125 [3]:364
[0]:138533720 [1]:17570604 [2]:125 [3]:361
[0]:138733878 [1]:17612033 [2]:125 [3]:359
[0]:138932269 [1]:17653226 [2]:128 [3]:57
[0]:139131577 [1]:17694564 [2]:128 [3]:355
[0]:139327866 [1]:17735278 [2]:128 [3]:366
[0]:139528091 [1]:17776738 [2]:128 [3]:358
[0]:139718111 [1]:17816157 [2]:128 [3]:61
[0]:139926803 [1]:17859462 [2]:128 [3]:356
[0]:140122653 [1]:17900027 [2]:128 [3]:357
[0]:140308747 [1]:17938596 [2]:128 [3]:365
[0]:140508155 [1]:17979914 [2]:128 [3]:361
[0]:140709543 [1]:18021732 [2]:128 [3]:351
[0]:140910884 [1]:18063495 [2]:128 [3]:58
[0]:141134539 [1]:18109929 [2]:128 [3]:360
[0]:141386755 [1]:18162294 [2]:128 [3]:360
[0]:141596034 [1]:18205709 [2]:128 [3]:355
[0]:141820560 [1]:18252293 [2]:128 [3]:362
[0]:142017475 [1]:18293138 [2]:131 [3]:359
[0]:142209871 [1]:18333043 [2]:131 [3]:360
[0]:142412253 [1]:18375005 [2]:131 [3]:362
[0]:142612393 [1]:18416523 [2]:131 [3]:358
[0]:142812230 [1]:18457996 [2]:131 [3]:366
[0]:143008761 [1]:18498736 [2]:131 [3]:363
[0]:143202437 [1]:18538993 [2]:131 [3]:357
[0]:143392676 [1]:18578426 [2]:131 [3]:362
[0]:143605846 [1]:18622688 [2]:131 [3]:363
[0]:143802547 [1]:18663484 [2]:131 [3]:360
[0]:144003629 [1]:18705192 [2]:131 [3]:62
[0]:144216188 [1]:18749216 [2]:131 [3]:359
[0]:144421230 [1]:18791794 [2]:131 [3]:361
[0]:144618670 [1]:18832817 [2]:131 [3]:355
[0]:144816022 [1]:18873728 [2]:131 [3]:59
[0]:145013702 [1]:18914773 [2]:133 [3]:361
[0]:145222446 [1]:18958004 [2]:133 [3]:358
[0]:145427381 [1]:19000504 [2]:133 [3]:367
[0]:145617510 [1]:19039915 [2]:133 [3]:60
[0]:145818749 [1]:19081637 [2]:133 [3]:355
[0]:146016225 [1]:19122579 [2]:133 [3]:362
[0]:146212011 [1]:19163158 [2]:133 [3]:363
[0]:146405606 [1]:19203333 [2]:133 [3]:361
[0]:146601397 [1]:19243965 [2]:133 [3]:371
[0]:146802623 [1]:19285718 [2]:133 [3]:368
[0]:147000149 [1]:19326640 [2]:133 [3]:365
[0]:147197847 [1]:19367614 [2]:133 [3]:66
[0]:147399715 [1]:19409481 [2]:133 [3]:355
[0]:147603882 [1]:19451883 [2]:133 [3]:363
[0]:147805040 [1]:19493640 [2]:133 [3]:365
[0]:148043385 [1]:19542992 [2]:135 [3]:58
[0]:148239937 [1]:19583736 [2]:135 [3]:66
[0]:148472312 [1]:19631961 [2]:135 [3]:372
[0]:148677245 [1]:19674524 [2]:135 [3]:363
[0]:148867313 [1]:19713940 [2]:135 [3]:361
[0]:149064892 [1]:19754895 [2]:135 [3]:57
[0]:149273438 [1]:19798174 [2]:135 [3]:365
[0]:149483856 [1]:19841833 [2]:135 [3]:358
[0]:149677577 [1]:19882004 [2]:135 [3]:361
[0]:149869877 [1]:19921883 [2]:135 [3]:355
[0]:150074674 [1]:19964322 [2]:135 [3]:366
[0]:150279837 [1]:20006863 [2]:135 [3]:364
[0]:150480893 [1]:20048554 [2]:135 [3]:360
[0]:150689898 [1]:20091878 [2]:135 [3]:355
[0]:150890510 [1]:20133527 [2]:137 [3]:362
[0]:151092157 [1]:20175402 [2]:137 [3]:357
[0]:151289683 [1]:20216408 [2]:137 [3]:364
[0]:151487219 [1]:20257393 [2]:137 [3]:362
[0]:151684668 [1]:20298317 [2]:137 [3]:365
[0]:151893516 [1]:20341628 [2]:137 [3]:358
[0]:152087252 [1]:20381795 [2]:137 [3]:356
[0]:152355174 [1]:20437425 [2]:137 [3]:359
[0]:152577466 [1]:20483500 [2]:137 [3]:364
[0]:152771530 [1]:20523821 [2]:137 [3]:368
[0]:152970382 [1]:20565040 [2]:137 [3]:361
[0]:153162141 [1]:20604800 [2]:137 [3]:362
[0]:153358010 [1]:20645434 [2]:137 [3]:355
[0]:153570513 [1]:20689476 [2]:137 [3]:363
[0]:153774120 [1]:20731725 [2]:137 [3]:361
[0]:153969251 [1]:20772229 [2]:139 [3]:358
[0]:154163113 [1]:20812429 [2]:139 [3]:362
[0]:154395733 [1]:20860650 [2]:139 [3]:360
[0]:154602443 [1]:20903514 [2]:139 [3]:53
[0]:154806799 [1]:20945902 [2]:139 [3]:365
[0]:155028372 [1]:20991982 [2]:139 [3]:356
[0]:155221983 [1]:21032143 [2]:139 [3]:352
[0]:155426498 [1]:21074558 [2]:139 [3]:361
[0]:155618775 [1]:21114421 [2]:139 [3]:362
[0]:155813969 [1]:21154901 [2]:139 [3]:361
[0]:156004051 [1]:21194336 [2]:139 [3]:365
[0]:156200292 [1]:21235066 [2]:139 [3]:361
[0]:156403437 [1]:21277057 [2]:139 [3]:355
[0]:156600394 [1]:21317892 [2]:139 [3]:353
[0]:156801621 [1]:21359637 [2]:139 [3]:366
[0]:157002813 [1]:21401400 [2]:141 [3]:364
[0]:157195539 [1]:21441398 [2]:141 [3]:58
[0]:157409128 [1]:21485633 [2]:141 [3]:361
[0]:157606560 [1]:21526536 [2]:141 [3]:360
[0]:157798904 [1]:21566496 [2]:141 [3]:360
[0]:158016600 [1]:21611637 [2]:141 [3]:359
[0]:158217935 [1]:21653344 [2]:141 [3]:359
[0]:158419127 [1]:21695037 [2]:141 [3]:354
[0]:158616635 [1]:21735990 [2]:141 [3]:62
[0]:158834580 [1]:21781281 [2]:141 [3]:358
[0]:159030279 [1]:21821859 [2]:141 [3]:359
[0]:159229295 [1]:21863038 [2]:141 [3]:360
[0]:159427956 [1]:21904264 [2]:141 [3]:362
[0]:159652735 [1]:21950878 [2]:141 [3]:362
[0]:159850114 [1]:21991865 [2]:142 [3]:365
[0]:160051356 [1]:22033532 [2]:142 [3]:65
[0]:160241547 [1]:22073004 [2]:142 [3]:61
[0]:160461186 [1]:22118550 [2]:142 [3]:353
[0]:160692501 [1]:22166496 [2]:142 [3]:50
[0]:160882574 [1]:22205904 [2]:142 [3]:60
[0]:161087589 [1]:22248431 [2]:142 [3]:359
[0]:161278883 [1]:22288180 [2]:142 [3]:353
[0]:161463857 [1]:22326507 [2]:142 [3]:59
[0]:161676230 [1]:22370575 [2]:142 [3]:367
[0]:161881456 [1]:22413038 [2]:142 [3]:59
[0]:162079533 [1]:22454182 [2]:142 [3]:360
[0]:162265146 [1]:22492655 [2]:142 [3]:360
[0]:162459638 [1]:22533021 [2]:142 [3]:363
[0]:162656378 [1]:22573873 [2]:142 [3]:364
[0]:162848780 [1]:22613741 [2]:143 [3]:366
[0]:163044039 [1]:22654214 [2]:143 [3]:357
[0]:163241528 [1]:22695149 [2]:143 [3]:364
[0]:163481937 [1]:22745099 [2]:143 [3]:355
[0]:163718510 [1]:22794192 [2]:143 [3]:359
[0]:163915747 [1]:22835086 [2]:143 [3]:358
[0]:164106144 [1]:22874630 [2]:143 [3]:363
[0]:164303688 [1]:22915551 [2]:143 [3]:368
[0]:164545939 [1]:22965820 [2]:143 [3]:372
[0]:164742980 [1]:23006705 [2]:143 [3]:355
[0]:164932117 [1]:23045983 [2]:143 [3]:359
[0]:165123464 [1]:23085721 [2]:143 [3]:364
[0]:165320877 [1]:23126648 [2]:143 [3]:62
[0]:165522225 [1]:23168450 [2]:143 [3]:363
[0]:165719870 [1]:23209423 [2]:143 [3]:354
[0]:165909826 [1]:23248814 [2]:144 [3]:63
[0]:166099863 [1]:23288229 [2]:144 [3]:368
[0]:166314154 [1]:23332703 [2]:144 [3]:361
[0]:166508934 [1]:23373090 [2]:144 [3]:365
[0]:166705578 [1]:23413799 [2]:144 [3]:363
[0]:166908594 [1]:23455924 [2]:144 [3]:57
[0]:167109680 [1]:23497672 [2]:144 [3]:364
[0]:167310857 [1]:23539410 [2]:144 [3]:58
[0]:167538422 [1]:23586616 [2]:144 [3]:369
[0]:167733550 [1]:23627059 [2]:144 [3]:363
[0]:167952108 [1]:23672366 [2]:144 [3]:361
[0]:168146923 [1]:23712798 [2]:144 [3]:356
[0]:168361799 [1]:23757410 [2]:144 [3]:364
[0]:168563330 [1]:23799169 [2]:144 [3]:356
[0]:168760709 [1]:23840099 [2]:144 [3]:368
[0]:168958323 [1]:23881044 [2]:145 [3]:354
[0]:169164694 [1]:23923847 [2]:145 [3]:356
[0]:169368294 [1]:23966010 [2]:145 [3]:362
[0]:169569596 [1]:24007734 [2]:145 [3]:356
[0]:169774936 [1]:24050396 [2]:145 [3]:359
[0]:169972084 [1]:24091271 [2]:145 [3]:360
[0]:170166208 [1]:24131515 [2]:145 [3]:359
[0]:170366951 [1]:24173120 [2]:145 [3]:369
[0]:170564463 [1]:24214068 [2]:145 [3]:357
[0]:170773326 [1]:24257411 [2]:145 [3]:62
[0]:170973787 [1]:24298969 [2]:145 [3]:365
[0]:171175897 [1]:24340844 [2]:145 [3]:355
[0]:171375312 [1]:24382207 [2]:145 [3]:360
[0]:171578474 [1]:24424371 [2]:145 [3]:374
[0]:171783249 [1]:24466835 [2]:145 [3]:360
[0]:171997798 [1]:24511338 [2]:146 [3]:360
[0]:172200004 [1]:24553254 [2]:146 [3]:358
[0]:172405763 [1]:24595895 [2]:146 [3]:359
[0]:172599766 [1]:24636076 [2]:146 [3]:364
[0]:172800411 [1]:24677674 [2]:146 [3]:357
[0]:172994572 [1]:24717964 [2]:146 [3]:366
[0]:173264696 [1]:24774000 [2]:146 [3]:366
[0]:173456764 [1]:24813808 [2]:146 [3]:362
[0]:173654274 [1]:24854760 [2]:146 [3]:366
[0]:173858757 [1]:24897179 [2]:146 [3]:360
[0]:174053634 [1]:24937531 [2]:146 [3]:362
[0]:174254211 [1]:24979115 [2]:146 [3]:366
[0]:174459292 [1]:25021686 [2]:146 [3]:359
[0]:174709001 [1]:25073523 [2]:146 [3]:357
[0]:174913989 [1]:25115982 [2]:147 [3]:364
[0]:175115190 [1]:25157760 [2]:147 [3]:361
[0]:175309269 [1]:25198006 [2]:147 [3]:364
[0]:175506572 [1]:25238970 [2]:147 [3]:363
[0]:175704517 [1]:25279999 [2]:147 [3]:362
[0]:175904108 [1]:25321358 [2]:147 [3]:354
[0]:176114408 [1]:25365034 [2]:147 [3]:366
[0]:176309483 [1]:25405452 [2]:147 [3]:53
[0]:176498956 [1]:25444723 [2]:147 [3]:365
[0]:176699123 [1]:25486268 [2]:147 [3]:356
[0]:176895992 [1]:25527035 [2]:147 [3]:364
[0]:177086810 [1]:25566599 [2]:147 [3]:62
[0]:177287795 [1]:25608297 [2]:147 [3]:61
[0]:177481727 [1]:25648491 [2]:147 [3]:355
[0]:177675247 [1]:25688675 [2]:147 [3]:357
[0]:177877033 [1]:25730465 [2]:148 [3]:58
[0]:178070549 [1]:25770701 [2]:148 [3]:356
[0]:178268096 [1]:25811665 [2]:148 [3]:363
[0]:178454395 [1]:25850328 [2]:148 [3]:65
[0]:178681076 [1]:25897234 [2]:148 [3]:62
[0]:178875546 [1]:25937634 [2]:148 [3]:363
[0]:179080527 [1]:25980197 [2]:148 [3]:60
[0]:179277956 [1]:26021123 [2]:148 [3]:364
[0]:179476880 [1]:26062366 [2]:148 [3]:362
[0]:179695622 [1]:26107675 [2]:148 [3]:65
[0]:179889303 [1]:26147856 [2]:148 [3]:53
[0]:180079204 [1]:26187224 [2]:148 [3]:365
[0]:180284270 [1]:26229786 [2]:148 [3]:361
[0]:180483180 [1]:26271015 [2]:148 [3]:55
[0]:180675733 [1]:26310871 [2]:148 [3]:61
[0]:180862311 [1]:26349598 [2]:149 [3]:74
[0]:181057992 [1]:26390180 [2]:149 [3]:358
[0]:181249452 [1]:26429988 [2]:149 [3]:363
[0]:181443247 [1]:26470181 [2]:149 [3]:71
[0]:181644546 [1]:26511927 [2]:149 [3]:360
[0]:181845859 [1]:26553686 [2]:149 [3]:58
[0]:182136403 [1]:26614054 [2]:149 [3]:60
[0]:182322437 [1]:26652727 [2]:149 [3]:69
[0]:182531397 [1]:26696021 [2]:149 [3]:359
[0]:182728927 [1]:26737020 [2]:149 [3]:362
[0]:182932075 [1]:26779212 [2]:149 [3]:363
[0]:183129551 [1]:26820215 [2]:149 [3]:59
[0]:183336475 [1]:26863065 [2]:149 [3]:365
[0]:183608625 [1]:26919535 [2]:149 [3]:361
[0]:183798459 [1]:26958886 [2]:150 [3]:363
[0]:183992262 [1]:26999115 [2]:150 [3]:64
[0]:184189787 [1]:27040132 [2]:150 [3]:360
[0]:184385546 [1]:27080699 [2]:150 [3]:362
[0]:184606392 [1]:27126567 [2]:150 [3]:368
[0]:184827033 [1]:27172358 [2]:150 [3]:360
[0]:185022639 [1]:27212932 [2]:150 [3]:359
[0]:185244380 [1]:27258932 [2]:150 [3]:365
[0]:185440019 [1]:27299492 [2]:150 [3]:357
[0]:185687726 [1]:27350904 [2]:150 [3]:367
[0]:185896558 [1]:27394263 [2]:150 [3]:367
[0]:186097797 [1]:27436045 [2]:150 [3]:360
[0]:186289268 [1]:27475728 [2]:150 [3]:363
[0]:186512191 [1]:27521964 [2]:150 [3]:364
[0]:186724017 [1]:27565864 [2]:150 [3]:365
[0]:186947588 [1]:27612262 [2]:150 [3]:363
[0]:187148816 [1]:27653917 [2]:150 [3]:360
[0]:187400229 [1]:27706120 [2]:150 [3]:360
[0]:187599178 [1]:27747359 [2]:150 [3]:363
[0]:187797246 [1]:27788475 [2]:150 [3]:359
[0]:187994624 [1]:27829397 [2]:150 [3]:60
[0]:188193002 [1]:27870537 [2]:150 [3]:359
[0]:188387399 [1]:27910872 [2]:150 [3]:65
[0]:188591017 [1]:27953096 [2]:150 [3]:361
[0]:188784180 [1]:27993242 [2]:150 [3]:362
[0]:188976729 [1]:28033126 [2]:150 [3]:363
[0]:189168485 [1]:28072921 [2]:150 [3]:361
[0]:189369824 [1]:28114714 [2]:150 [3]:361
[0]:189589324 [1]:28160245 [2]:150 [3]:353
[0]:189791075 [1]:28202095 [2]:150 [3]:363
[0]:189989259 [1]:28243143 [2]:150 [3]:363
[0]:190189774 [1]:28284721 [2]:150 [3]:59
[0]:190378020 [1]:28323747 [2]:150 [3]:363
[0]:190603461 [1]:28370483 [2]:150 [3]:361
[0]:190797258 [1]:28410642 [2]:150 [3]:365
[0]:190994789 [1]:28451595 [2]:150 [3]:363
[0]:191193799 [1]:28492822 [2]:150 [3]:352
[0]:191382319 [1]:28531930 [2]:150 [3]:68
[0]:191576223 [1]:28572113 [2]:150 [3]:363
[0]:191770006 [1]:28612229 [2]:150 [3]:363
[0]:191973856 [1]:28654540 [2]:150 [3]:364
[0]:192165023 [1]:28694223 [2]:150 [3]:369
[0]:192362442 [1]:28735177 [2]:150 [3]:363
[0]:192556366 [1]:28775412 [2]:150 [3]:360
[0]:192804136 [1]:28826699 [2]:150 [3]:360
[0]:192992440 [1]:28865759 [2]:150 [3]:365
[0]:193189964 [1]:28906780 [2]:150 [3]:65
[0]:193387298 [1]:28947721 [2]:150 [3]:359
[0]:193587375 [1]:28989145 [2]:150 [3]:355
[0]:193789072 [1]:29030949 [2]:150 [3]:363
[0]:193989100 [1]:29072488 [2]:150 [3]:365
[0]:194233449 [1]:29123161 [2]:150 [3]:359
[0]:194426702 [1]:29163232 [2]:150 [3]:367
[0]:194627145 [1]:29204778 [2]:150 [3]:366
[0]:194824699 [1]:29245719 [2]:150 [3]:366
[0]:195019783 [1]:29286172 [2]:150 [3]:363
[0]:195210825 [1]:29325805 [2]:150 [3]:358
[0]:195414931 [1]:29368050 [2]:150 [3]:364
[0]:195616125 [1]:29409788 [2]:150 [3]:353
[0]:195812080 [1]:29450488 [2]:150 [3]:359
[0]:196007069 [1]:29490942 [2]:150 [3]:365
[0]:196208615 [1]:29532763 [2]:150 [3]:355
[0]:196413330 [1]:29575151 [2]:150 [3]:362
[0]:196618641 [1]:29617766 [2]:150 [3]:58
[0]:196822614 [1]:29660085 [2]:150 [3]:54
[0]:197024888 [1]:29702055 [2]:150 [3]:359
[0]:197218852 [1]:29742261 [2]:150 [3]:363
[0]:197416381 [1]:29783153 [2]:150 [3]:56
[0]:197613981 [1]:29824174 [2]:150 [3]:359
[0]:197807399 [1]:29864366 [2]:150 [3]:362
[0]:198016282 [1]:29907686 [2]:150 [3]:355
[0]:198232374 [1]:29952471 [2]:150 [3]:362
[0]:198428747 [1]:29993212 [2]:150 [3]:358
[0]:198626195 [1]:30034244 [2]:150 [3]:364
[0]:198824741 [1]:30075477 [2]:150 [3]:61
[0]:199026149 [1]:30117296 [2]:150 [3]:356
[0]:199218075 [1]:30157033 [2]:150 [3]:60
[0]:199411583 [1]:30197159 [2]:150 [3]:63
[0]:199453539 [1]:30205868 [2]:150 [3]:367
[0]:199453539 [1]:30205868 [2]:150 [3]:367
[0]:199453539 [1]:30205868 [2]:150 [3]:367
[0]:199453539 [1]:30205868 [2]:150 [3]:367
[0]:199453539 [1]:30205868 [2]:150 [3]:367
[0]:199453539 [1]:30205868 [2]:150 [3]:367
[0]:199453539 [1]:30205868 [2]:150 [3]:367
[0]:199453539 [1]:30205868 [2]:150 [3]:367
[0]:199453539 [1]:30205868 [2]:150 [3]:367
[0]:199453539 [1]:30205868 [2]:150 [3]:367
[0]:199453539 [1]:30205868 [2]:150 [3]:367
                                                                                              [0]:199453539 [1]:30205868 [2]:150 [3]:367
[0]:199453539 [1]:30205868 [2]:150 [3]:367
[0]:199453539 [1]:30205868 [2]:150 [3]:367
[0]:199453539 [1]:30205868 [2]:150 [3]:367
[0]:199453539 [1]:30205868 [2]:150 [3]:367
[0]:199453539 [1]:30205868 [2]:150 [3]:367
[0]:199453539 [1]:30205868 [2]:150 [3]:367
