[0]:3604852437 [1]:1 [2]:2 [3]:107
[0]:3385425677 [1]:1 [2]:2 [3]:160
[0]:4173733707 [1]:1 [2]:2 [3]:86
[0]:3967814357 [1]:1 [2]:2 [3]:122
[0]:3746947973 [1]:1 [2]:2 [3]:114
[0]:3496370971 [1]:1 [2]:2 [3]:97
[0]:4285343727 [1]:1 [2]:2 [3]:193
[0]:4075763449 [1]:1 [2]:2 [3]:24
[0]:3868132269 [1]:1 [2]:2 [3]:156
[0]:3618147566 [1]:1 [2]:2 [3]:124
[0]:3408079817 [1]:1 [2]:2 [3]:194
[0]:4189008459 [1]:1 [2]:2 [3]:131
[0]:3976140139 [1]:1 [2]:2 [3]:114
[0]:3771637024 [1]:1 [2]:2 [3]:61
[0]:3561598036 [1]:1 [2]:2 [3]:194
[0]:3348415939 [1]:1 [2]:2 [3]:145
[0]:4135770788 [1]:1 [2]:2 [3]:193
[0]:3927966944 [1]:1 [2]:2 [3]:196
[0]:3718061871 [1]:1 [2]:2 [3]:193
[0]:3504136612 [1]:1 [2]:2 [3]:194
[0]:3299894777 [1]:1 [2]:2 [3]:207
[0]:4083790726 [1]:1 [2]:2 [3]:164
[0]:3869130702 [1]:1 [2]:2 [3]:180
[0]:3647868469 [1]:1 [2]:2 [3]:123
[0]:3431988642 [1]:1 [2]:2 [3]:129
[0]:4222689879 [1]:1 [2]:2 [3]:164
[0]:4012748376 [1]:1 [2]:2 [3]:81
[0]:3795927858 [1]:1 [2]:2 [3]:154
[0]:3513447838 [1]:1 [2]:2 [3]:30
[0]:3300151991 [1]:1 [2]:2 [3]:67
[0]:4087826654 [1]:1 [2]:2 [3]:203
[0]:3856579486 [1]:1 [2]:2 [3]:162
[0]:3640237402 [1]:1 [2]:2 [3]:102
[0]:3424108263 [1]:1 [2]:2 [3]:94
[0]:4137226432 [1]:1 [2]:2 [3]:197
[0]:3925643651 [1]:1 [2]:2 [3]:147
[0]:3701547903 [1]:1 [2]:2 [3]:193
[0]:3492280137 [1]:1 [2]:2 [3]:108
[0]:4284043254 [1]:1 [2]:2 [3]:45
[0]:4067910446 [1]:1 [2]:2 [3]:105
[0]:3855910201 [1]:1 [2]:2 [3]:36
[0]:3645543618 [1]:1 [2]:2 [3]:89
[0]:3440072913 [1]:1 [2]:2 [3]:69
[0]:4217614102 [1]:1 [2]:2 [3]:32
[0]:4008238237 [1]:1 [2]:2 [3]:71
[0]:3798943589 [1]:1 [2]:2 [3]:123
[0]:3590053566 [1]:1 [2]:2 [3]:132
[0]:3387308213 [1]:1 [2]:2 [3]:200
[0]:4172133723 [1]:1 [2]:2 [3]:192
[0]:3953527813 [1]:1 [2]:2 [3]:142
[0]:3743839557 [1]:1 [2]:2 [3]:34
[0]:3536313661 [1]:1 [2]:2 [3]:118
[0]:3304588053 [1]:1 [2]:2 [3]:143
[0]:4091530896 [1]:1 [2]:2 [3]:173
[0]:3876091841 [1]:1 [2]:2 [3]:194
[0]:3663991762 [1]:1 [2]:2 [3]:136
[0]:3440311228 [1]:1 [2]:2 [3]:159
[0]:4232211821 [1]:1 [2]:2 [3]:115
[0]:4016027139 [1]:1 [2]:2 [3]:51
[0]:3784155912 [1]:1 [2]:2 [3]:190
[0]:3568164244 [1]:1 [2]:2 [3]:74
[0]:3365364272 [1]:1 [2]:2 [3]:31
[0]:4099105097 [1]:1 [2]:2 [3]:200
[0]:3886481016 [1]:1 [2]:2 [3]:118
[0]:3650747824 [1]:1 [2]:2 [3]:130
[0]:3440164801 [1]:1 [2]:2 [3]:101
[0]:4220539189 [1]:1 [2]:2 [3]:191
[0]:4011287147 [1]:1 [2]:2 [3]:201
[0]:3744019872 [1]:1 [2]:2 [3]:112
[0]:3536150264 [1]:1 [2]:2 [3]:48
[0]:3324088913 [1]:1 [2]:2 [3]:170
[0]:4108116062 [1]:1 [2]:2 [3]:107
[0]:3863935717 [1]:1 [2]:2 [3]:184
