[0]:0 [1]:0 [2]:0 [3]:0
[0]:0 [1]:0 [2]:0 [3]:0
[0]:3958919271 [1]:1 [2]:2 [3]:59
[0]:3741885863 [1]:1 [2]:2 [3]:196
[0]:3526182812 [1]:1 [2]:2 [3]:142
[0]:3314418392 [1]:1 [2]:2 [3]:74
[0]:4101609554 [1]:1 [2]:2 [3]:150
[0]:3885249988 [1]:1 [2]:2 [3]:196
[0]:3661194738 [1]:1 [2]:2 [3]:36
[0]:3433510998 [1]:1 [2]:2 [3]:158
[0]:4225521389 [1]:1 [2]:2 [3]:191
[0]:3992481187 [1]:1 [2]:2 [3]:111
[0]:3786479896 [1]:1 [2]:2 [3]:195
[0]:3570742397 [1]:1 [2]:2 [3]:141
[0]:3356679616 [1]:1 [2]:2 [3]:192
[0]:4099162557 [1]:1 [2]:2 [3]:79
[0]:3886611464 [1]:1 [2]:2 [3]:197
[0]:3665524303 [1]:1 [2]:2 [3]:64
[0]:3433224094 [1]:1 [2]:2 [3]:69
[0]:4218519809 [1]:1 [2]:2 [3]:32
[0]:3990193236 [1]:1 [2]:2 [3]:85
[0]:3777500607 [1]:1 [2]:2 [3]:89
[0]:3517325103 [1]:1 [2]:2 [3]:60
[0]:3305116586 [1]:1 [2]:2 [3]:27
[0]:4086796428 [1]:1 [2]:2 [3]:160
[0]:3870886522 [1]:1 [2]:2 [3]:190
[0]:3645856721 [1]:1 [2]:2 [3]:34
[0]:3424304179 [1]:1 [2]:2 [3]:101
[0]:4221532663 [1]:1 [2]:2 [3]:73
[0]:4009391823 [1]:1 [2]:2 [3]:32
[0]:3758600263 [1]:1 [2]:2 [3]:30
[0]:3537251072 [1]:1 [2]:2 [3]:188
[0]:3321710536 [1]:1 [2]:2 [3]:132
[0]:4105607211 [1]:1 [2]:2 [3]:68
[0]:3891326649 [1]:1 [2]:2 [3]:66
[0]:3682144886 [1]:1 [2]:2 [3]:102
[0]:3457662162 [1]:1 [2]:2 [3]:121
[0]:4241404053 [1]:1 [2]:2 [3]:193
[0]:4028685076 [1]:1 [2]:2 [3]:151
[0]:3813431561 [1]:1 [2]:2 [3]:86
[0]:3581272728 [1]:1 [2]:2 [3]:49
[0]:3370011752 [1]:1 [2]:2 [3]:98
[0]:4153968811 [1]:1 [2]:2 [3]:34
[0]:3941601364 [1]:1 [2]:2 [3]:163
[0]:3724724492 [1]:1 [2]:2 [3]:111
[0]:3509623147 [1]:1 [2]:2 [3]:96
[0]:4294757947 [1]:1 [2]:2 [3]:91
[0]:4077520796 [1]:1 [2]:2 [3]:85
[0]:3857368866 [1]:1 [2]:2 [3]:109
[0]:3629503272 [1]:1 [2]:2 [3]:28
[0]:3417417519 [1]:1 [2]:2 [3]:51
[0]:4206866892 [1]:1 [2]:2 [3]:76
[0]:3916191848 [1]:1 [2]:2 [3]:120
[0]:3710762178 [1]:1 [2]:2 [3]:99
[0]:3485574766 [1]:1 [2]:2 [3]:193
[0]:4253606251 [1]:1 [2]:2 [3]:28
[0]:4041625537 [1]:1 [2]:2 [3]:76
[0]:3829925031 [1]:1 [2]:2 [3]:196
[0]:3608847611 [1]:1 [2]:2 [3]:68
[0]:3379952143 [1]:1 [2]:2 [3]:193
[0]:4153552253 [1]:1 [2]:2 [3]:86
[0]:3929524764 [1]:1 [2]:2 [3]:181
[0]:3693866877 [1]:1 [2]:2 [3]:98
[0]:3477413196 [1]:1 [2]:2 [3]:192
[0]:4257270873 [1]:1 [2]:2 [3]:139
[0]:4037551132 [1]:1 [2]:2 [3]:98
[0]:3821356392 [1]:1 [2]:2 [3]:145
[0]:3610811911 [1]:1 [2]:2 [3]:170
[0]:3396417236 [1]:1 [2]:2 [3]:74
[0]:4183018541 [1]:1 [2]:2 [3]:171
[0]:3973456976 [1]:1 [2]:2 [3]:183
[0]:3753379614 [1]:1 [2]:2 [3]:154
[0]:3530874698 [1]:1 [2]:2 [3]:86
[0]:3314739006 [1]:1 [2]:2 [3]:176
[0]:4105497452 [1]:1 [2]:2 [3]:86
[0]:3886602716 [1]:1 [2]:2 [3]:57
[0]:3666585539 [1]:1 [2]:2 [3]:48
[0]:3461445138 [1]:1 [2]:2 [3]:172
[0]:4245919681 [1]:1 [2]:2 [3]:169
[0]:4037647289 [1]:1 [2]:2 [3]:110
[0]:3730372757 [1]:1 [2]:2 [3]:190
[0]:3506551594 [1]:1 [2]:2 [3]:187
[0]:4276539744 [1]:1 [2]:2 [3]:189
[0]:4070951506 [1]:1 [2]:2 [3]:199
[0]:3869471883 [1]:1 [2]:2 [3]:83
[0]:3666573997 [1]:1 [2]:2 [3]:53
[0]:3453413051 [1]:1 [2]:2 [3]:192
[0]:4241623306 [1]:1 [2]:2 [3]:171
[0]:4017535799 [1]:1 [2]:2 [3]:39
[0]:3802372402 [1]:1 [2]:2 [3]:57
[0]:3588886438 [1]:1 [2]:2 [3]:200
[0]:3296739337 [1]:1 [2]:2 [3]:123
[0]:4073401848 [1]:1 [2]:2 [3]:171
[0]:3858319204 [1]:1 [2]:2 [3]:195
[0]:3645468672 [1]:1 [2]:2 [3]:168
[0]:3439401391 [1]:1 [2]:2 [3]:137
[0]:4227383567 [1]:1 [2]:2 [3]:44
[0]:4005439121 [1]:1 [2]:2 [3]:33
[0]:3789974537 [1]:1 [2]:2 [3]:120
[0]:3570968339 [1]:1 [2]:2 [3]:204
[0]:3354128573 [1]:1 [2]:2 [3]:157
[0]:4058608183 [1]:1 [2]:2 [3]:72
[0]:3833705464 [1]:1 [2]:2 [3]:114
[0]:3617448419 [1]:1 [2]:2 [3]:197
[0]:3333348469 [1]:1 [2]:2 [3]:120
[0]:4054358983 [1]:1 [2]:2 [3]:208
[0]:3848063469 [1]:1 [2]:2 [3]:155
[0]:3637642746 [1]:1 [2]:2 [3]:194
[0]:3429451948 [1]:1 [2]:2 [3]:199
[0]:4133704984 [1]:1 [2]:2 [3]:189
[0]:3926929398 [1]:1 [2]:2 [3]:57
[0]:3713434658 [1]:1 [2]:2 [3]:61
[0]:3505475582 [1]:1 [2]:2 [3]:31
[0]:4289192234 [1]:1 [2]:2 [3]:53
[0]:4020252953 [1]:1 [2]:2 [3]:88
[0]:3770971694 [1]:1 [2]:2 [3]:196
[0]:3554442132 [1]:1 [2]:2 [3]:171
[0]:3345319996 [1]:1 [2]:2 [3]:146
[0]:4137677007 [1]:1 [2]:2 [3]:134
[0]:3925654967 [1]:1 [2]:2 [3]:177
[0]:3718957867 [1]:1 [2]:2 [3]:126
[0]:3505524817 [1]:1 [2]:2 [3]:25
[0]:4279450607 [1]:1 [2]:2 [3]:108
[0]:4009964652 [1]:1 [2]:2 [3]:58
[0]:3797762498 [1]:1 [2]:2 [3]:78
[0]:3583488401 [1]:1 [2]:2 [3]:28
[0]:3377002429 [1]:1 [2]:2 [3]:119
[0]:4167003718 [1]:1 [2]:2 [3]:187
[0]:3941642749 [1]:1 [2]:2 [3]:86
[0]:3732299832 [1]:1 [2]:2 [3]:111
[0]:3529774703 [1]:1 [2]:2 [3]:181
[0]:3321658507 [1]:1 [2]:2 [3]:121
[0]:4109720923 [1]:1 [2]:2 [3]:143
[0]:3898743833 [1]:1 [2]:2 [3]:162
[0]:3690985383 [1]:1 [2]:2 [3]:147
[0]:3481550938 [1]:1 [2]:2 [3]:137
[0]:4267467316 [1]:1 [2]:2 [3]:178
[0]:4055109906 [1]:1 [2]:2 [3]:117
[0]:3844264781 [1]:1 [2]:2 [3]:137
[0]:3630929722 [1]:1 [2]:2 [3]:157
[0]:3405748534 [1]:1 [2]:2 [3]:156
[0]:4174889196 [1]:1 [2]:2 [3]:30
[0]:3962270537 [1]:1 [2]:2 [3]:54
[0]:3708200097 [1]:1 [2]:2 [3]:94
[0]:3482733497 [1]:1 [2]:2 [3]:88
[0]:4278127917 [1]:1 [2]:2 [3]:129
[0]:4066961554 [1]:1 [2]:2 [3]:153
[0]:3846938494 [1]:1 [2]:2 [3]:173
[0]:3630793487 [1]:1 [2]:2 [3]:158
[0]:3407100488 [1]:1 [2]:2 [3]:109
[0]:4206986627 [1]:1 [2]:2 [3]:154
[0]:3982463293 [1]:1 [2]:2 [3]:169
[0]:3770721004 [1]:1 [2]:2 [3]:132
[0]:3554869604 [1]:1 [2]:2 [3]:112
[0]:3333994208 [1]:1 [2]:2 [3]:33
[0]:4115375779 [1]:1 [2]:2 [3]:25
[0]:3902668383 [1]:1 [2]:2 [3]:113
[0]:3697114306 [1]:1 [2]:2 [3]:110
[0]:3487078097 [1]:1 [2]:2 [3]:99
[0]:4266781856 [1]:1 [2]:2 [3]:64
[0]:4046885681 [1]:1 [2]:2 [3]:29
[0]:3814854018 [1]:1 [2]:2 [3]:105
[0]:3610150781 [1]:1 [2]:2 [3]:69
[0]:3399120457 [1]:1 [2]:2 [3]:89
[0]:4182816194 [1]:1 [2]:2 [3]:162
[0]:3967017393 [1]:1 [2]:2 [3]:174
[0]:3701870964 [1]:1 [2]:2 [3]:153
[0]:3490935744 [1]:1 [2]:2 [3]:143
[0]:4274717904 [1]:1 [2]:2 [3]:161
[0]:4046960301 [1]:1 [2]:2 [3]:190
[0]:3838741902 [1]:1 [2]:2 [3]:195
[0]:3618795418 [1]:1 [2]:2 [3]:202
[0]:3406237359 [1]:1 [2]:2 [3]:36
[0]:4198988179 [1]:1 [2]:2 [3]:195
[0]:3983245622 [1]:1 [2]:2 [3]:50
[0]:3767917224 [1]:1 [2]:2 [3]:107
[0]:3566697906 [1]:1 [2]:2 [3]:126
[0]:3348664833 [1]:1 [2]:2 [3]:197
[0]:4131148626 [1]:1 [2]:2 [3]:195
[0]:3914870736 [1]:1 [2]:2 [3]:141
[0]:3670814953 [1]:1 [2]:2 [3]:109
[0]:3455083619 [1]:1 [2]:2 [3]:34
[0]:4238894714 [1]:1 [2]:2 [3]:133
[0]:4030800346 [1]:1 [2]:2 [3]:91
[0]:3820142387 [1]:1 [2]:2 [3]:199
[0]:3607037982 [1]:1 [2]:2 [3]:184
[0]:3385170711 [1]:1 [2]:2 [3]:27
[0]:4170742212 [1]:1 [2]:2 [3]:27
[0]:3950905252 [1]:1 [2]:2 [3]:157
[0]:3746848232 [1]:1 [2]:2 [3]:140
[0]:3504912144 [1]:1 [2]:2 [3]:37
[0]:3295079263 [1]:1 [2]:2 [3]:31
[0]:4071030587 [1]:1 [2]:2 [3]:197
[0]:3861222004 [1]:1 [2]:2 [3]:120
[0]:3648107747 [1]:1 [2]:2 [3]:192
[0]:3434932103 [1]:1 [2]:2 [3]:168
[0]:4217838299 [1]:1 [2]:2 [3]:43
[0]:4001458311 [1]:1 [2]:2 [3]:71
[0]:3786998513 [1]:1 [2]:2 [3]:34
[0]:3575166082 [1]:1 [2]:2 [3]:171
[0]:3366839872 [1]:1 [2]:2 [3]:124
[0]:4152226474 [1]:1 [2]:2 [3]:197
[0]:3938947752 [1]:1 [2]:2 [3]:89
[0]:3719105149 [1]:1 [2]:2 [3]:94
[0]:3510893612 [1]:1 [2]:2 [3]:193
[0]:3298920597 [1]:1 [2]:2 [3]:54
[0]:4083073276 [1]:1 [2]:2 [3]:198
[0]:3870144754 [1]:1 [2]:2 [3]:85
[0]:3656152841 [1]:1 [2]:2 [3]:157
[0]:3441940524 [1]:1 [2]:2 [3]:112
[0]:4215354193 [1]:1 [2]:2 [3]:148
[0]:3963463588 [1]:1 [2]:2 [3]:177
[0]:3749064417 [1]:1 [2]:2 [3]:184
[0]:3542890266 [1]:1 [2]:2 [3]:200
[0]:3330861862 [1]:1 [2]:2 [3]:86
[0]:4116131658 [1]:1 [2]:2 [3]:49
[0]:3907036137 [1]:1 [2]:2 [3]:118
[0]:3681211181 [1]:1 [2]:2 [3]:40
[0]:3474980591 [1]:1 [2]:2 [3]:50
[0]:4252341143 [1]:1 [2]:2 [3]:119
[0]:4031020793 [1]:1 [2]:2 [3]:30
[0]:3826905538 [1]:1 [2]:2 [3]:97
[0]:3607173108 [1]:1 [2]:2 [3]:183
[0]:3392156733 [1]:1 [2]:2 [3]:91
[0]:4177776926 [1]:1 [2]:2 [3]:55
[0]:3963243818 [1]:1 [2]:2 [3]:108
[0]:3743119689 [1]:1 [2]:2 [3]:139
[0]:3515662542 [1]:1 [2]:2 [3]:162
[0]:4254764622 [1]:1 [2]:2 [3]:192
[0]:4034814362 [1]:1 [2]:2 [3]:178
[0]:3810932941 [1]:1 [2]:2 [3]:84
[0]:3606679867 [1]:1 [2]:2 [3]:110
[0]:3393991824 [1]:1 [2]:2 [3]:195
[0]:4171001137 [1]:1 [2]:2 [3]:196
[0]:3965452317 [1]:1 [2]:2 [3]:182
[0]:3751130911 [1]:1 [2]:2 [3]:198
[0]:3543064699 [1]:1 [2]:2 [3]:64
[0]:3327149376 [1]:1 [2]:2 [3]:192
[0]:4123023244 [1]:1 [2]:2 [3]:196
[0]:3899287062 [1]:1 [2]:2 [3]:152
[0]:3677454822 [1]:1 [2]:2 [3]:85
[0]:3471193232 [1]:1 [2]:2 [3]:91
[0]:4215275703 [1]:1 [2]:2 [3]:200
[0]:4007145898 [1]:1 [2]:2 [3]:204
[0]:3755438472 [1]:1 [2]:2 [3]:167
[0]:3550992211 [1]:1 [2]:2 [3]:203
[0]:3340273232 [1]:1 [2]:2 [3]:192
[0]:4124605707 [1]:1 [2]:2 [3]:144
[0]:3914817352 [1]:1 [2]:2 [3]:197
[0]:3703014333 [1]:1 [2]:2 [3]:194
[0]:3498744493 [1]:1 [2]:2 [3]:94
[0]:4290355322 [1]:1 [2]:2 [3]:149
[0]:4074842337 [1]:1 [2]:2 [3]:129
[0]:3867220402 [1]:1 [2]:2 [3]:113
[0]:3639012068 [1]:1 [2]:2 [3]:129
[0]:3427565994 [1]:1 [2]:2 [3]:44
[0]:4207272424 [1]:1 [2]:2 [3]:60
[0]:3996418394 [1]:1 [2]:2 [3]:78
[0]:3786890943 [1]:1 [2]:2 [3]:33
[0]:3547112958 [1]:1 [2]:2 [3]:84
[0]:3339137098 [1]:1 [2]:2 [3]:67
[0]:4131023016 [1]:1 [2]:2 [3]:196
[0]:3911036794 [1]:1 [2]:2 [3]:195
[0]:3704070014 [1]:1 [2]:2 [3]:34
[0]:3494836532 [1]:1 [2]:2 [3]:31
[0]:4279171503 [1]:1 [2]:2 [3]:145
[0]:4059392856 [1]:1 [2]:2 [3]:34
[0]:3848149536 [1]:1 [2]:2 [3]:59
[0]:3635147387 [1]:1 [2]:2 [3]:191
[0]:3415038314 [1]:1 [2]:2 [3]:203
[0]:4203105546 [1]:1 [2]:2 [3]:59
[0]:3987306566 [1]:1 [2]:2 [3]:129
[0]:3771154794 [1]:1 [2]:2 [3]:156
[0]:3555737354 [1]:1 [2]:2 [3]:165
[0]:3335416669 [1]:1 [2]:2 [3]:47
[0]:4119217792 [1]:1 [2]:2 [3]:24
[0]:3903154094 [1]:1 [2]:2 [3]:151
[0]:3691185744 [1]:1 [2]:2 [3]:24
[0]:3479138514 [1]:1 [2]:2 [3]:123
[0]:4269020784 [1]:1 [2]:2 [3]:107
[0]:4051530401 [1]:1 [2]:2 [3]:196
[0]:3832703612 [1]:1 [2]:2 [3]:200
[0]:3615017791 [1]:1 [2]:2 [3]:44
[0]:3407281052 [1]:1 [2]:2 [3]:182
[0]:4183154992 [1]:1 [2]:2 [3]:190
[0]:3967275571 [1]:1 [2]:2 [3]:139
[0]:3760421701 [1]:1 [2]:2 [3]:196
[0]:3542215961 [1]:1 [2]:2 [3]:193
[0]:3334980884 [1]:1 [2]:2 [3]:191
[0]:4055599841 [1]:1 [2]:2 [3]:54
[0]:3843800288 [1]:1 [2]:2 [3]:30
[0]:3614984926 [1]:1 [2]:2 [3]:54
[0]:3403062461 [1]:1 [2]:2 [3]:123
[0]:4195443947 [1]:1 [2]:2 [3]:44
[0]:3979110872 [1]:1 [2]:2 [3]:178
[0]:3771572239 [1]:1 [2]:2 [3]:186
[0]:3559194014 [1]:1 [2]:2 [3]:200
[0]:3346438609 [1]:1 [2]:2 [3]:167
[0]:4129748539 [1]:1 [2]:2 [3]:35
[0]:3923058196 [1]:1 [2]:2 [3]:189
[0]:3710891861 [1]:1 [2]:2 [3]:99
[0]:3500054081 [1]:1 [2]:2 [3]:120
[0]:4255453994 [1]:1 [2]:2 [3]:151
[0]:4052643291 [1]:1 [2]:2 [3]:63
[0]:3835141662 [1]:1 [2]:2 [3]:172
[0]:3622737459 [1]:1 [2]:2 [3]:107
[0]:3411221777 [1]:1 [2]:2 [3]:33
[0]:4203164901 [1]:1 [2]:2 [3]:87
[0]:3991212394 [1]:1 [2]:2 [3]:145
[0]:3775092849 [1]:1 [2]:2 [3]:63
[0]:3568747337 [1]:1 [2]:2 [3]:188
[0]:3359907112 [1]:1 [2]:2 [3]:31
[0]:4147269548 [1]:1 [2]:2 [3]:73
[0]:3923202322 [1]:1 [2]:2 [3]:169
[0]:3711313513 [1]:1 [2]:2 [3]:140
[0]:3495888339 [1]:1 [2]:2 [3]:141
[0]:4283323701 [1]:1 [2]:2 [3]:171
[0]:4067331219 [1]:1 [2]:2 [3]:167
[0]:3851177394 [1]:1 [2]:2 [3]:31
[0]:3639725979 [1]:1 [2]:2 [3]:31
[0]:3402887104 [1]:1 [2]:2 [3]:38
[0]:4195076853 [1]:1 [2]:2 [3]:86
[0]:3971237811 [1]:1 [2]:2 [3]:36
[0]:3753171683 [1]:1 [2]:2 [3]:195
[0]:3551280971 [1]:1 [2]:2 [3]:26
[0]:3335116631 [1]:1 [2]:2 [3]:152
[0]:4129595271 [1]:1 [2]:2 [3]:78
[0]:3918983536 [1]:1 [2]:2 [3]:57
[0]:3703695416 [1]:1 [2]:2 [3]:68
[0]:3491223237 [1]:1 [2]:2 [3]:153
[0]:4274939354 [1]:1 [2]:2 [3]:196
[0]:4067343448 [1]:1 [2]:2 [3]:202
[0]:3863435804 [1]:1 [2]:2 [3]:158
[0]:3619295744 [1]:1 [2]:2 [3]:168
[0]:3407456014 [1]:1 [2]:2 [3]:68
[0]:4199379141 [1]:1 [2]:2 [3]:44
[0]:3935053943 [1]:1 [2]:2 [3]:153
[0]:3732595864 [1]:1 [2]:2 [3]:59
[0]:3515205941 [1]:1 [2]:2 [3]:95
[0]:3299052253 [1]:1 [2]:2 [3]:52
[0]:4087212673 [1]:1 [2]:2 [3]:202
[0]:3875284751 [1]:1 [2]:2 [3]:57
[0]:3663018453 [1]:1 [2]:2 [3]:82
[0]:3445807322 [1]:1 [2]:2 [3]:33
[0]:4231150366 [1]:1 [2]:2 [3]:95
[0]:4019295853 [1]:1 [2]:2 [3]:156
[0]:3809639582 [1]:1 [2]:2 [3]:91
[0]:3595837508 [1]:1 [2]:2 [3]:191
[0]:3378995706 [1]:1 [2]:2 [3]:196
[0]:4175390199 [1]:1 [2]:2 [3]:31
[0]:3951286654 [1]:1 [2]:2 [3]:134
[0]:3736858369 [1]:1 [2]:2 [3]:79
[0]:3526991383 [1]:1 [2]:2 [3]:197
[0]:4255113496 [1]:1 [2]:2 [3]:49
[0]:4045935531 [1]:1 [2]:2 [3]:125
[0]:3810171649 [1]:1 [2]:2 [3]:157
[0]:3592267952 [1]:1 [2]:2 [3]:36
[0]:3351456941 [1]:1 [2]:2 [3]:33
[0]:4141267723 [1]:1 [2]:2 [3]:128
[0]:3935120064 [1]:1 [2]:2 [3]:176
[0]:3715164788 [1]:1 [2]:2 [3]:103
[0]:3495268711 [1]:1 [2]:2 [3]:131
[0]:4200431079 [1]:1 [2]:2 [3]:181
[0]:3976921924 [1]:1 [2]:2 [3]:197
[0]:3756642791 [1]:1 [2]:2 [3]:26
[0]:3508387257 [1]:1 [2]:2 [3]:29
[0]:4283374836 [1]:1 [2]:2 [3]:51
[0]:4075244566 [1]:1 [2]:2 [3]:51
[0]:3867442117 [1]:1 [2]:2 [3]:54
[0]:3650220457 [1]:1 [2]:2 [3]:188
[0]:3436186001 [1]:1 [2]:2 [3]:31
[0]:4223729977 [1]:1 [2]:2 [3]:35
[0]:4011474684 [1]:1 [2]:2 [3]:123
[0]:3776928557 [1]:1 [2]:2 [3]:166
[0]:3572783238 [1]:1 [2]:2 [3]:194
[0]:3361396084 [1]:1 [2]:2 [3]:195
[0]:4153262764 [1]:1 [2]:2 [3]:42
[0]:3940153748 [1]:1 [2]:2 [3]:196
[0]:3712891954 [1]:1 [2]:2 [3]:188
[0]:3503603428 [1]:1 [2]:2 [3]:37
[0]:3295309669 [1]:1 [2]:2 [3]:125
[0]:4075175249 [1]:1 [2]:2 [3]:26
[0]:3823256704 [1]:1 [2]:2 [3]:122
[0]:3607989008 [1]:1 [2]:2 [3]:201
[0]:3393916201 [1]:1 [2]:2 [3]:124
[0]:4179244627 [1]:1 [2]:2 [3]:122
[0]:3972180882 [1]:1 [2]:2 [3]:84
[0]:3764569801 [1]:1 [2]:2 [3]:44
[0]:3528758422 [1]:1 [2]:2 [3]:51
[0]:3321285468 [1]:1 [2]:2 [3]:125
[0]:4114071494 [1]:1 [2]:2 [3]:161
[0]:3899948093 [1]:1 [2]:2 [3]:134
[0]:3687282794 [1]:1 [2]:2 [3]:159
[0]:3471436151 [1]:1 [2]:2 [3]:174
[0]:4255403716 [1]:1 [2]:2 [3]:161
[0]:4048860738 [1]:1 [2]:2 [3]:87
[0]:3831259343 [1]:1 [2]:2 [3]:74
[0]:3619536942 [1]:1 [2]:2 [3]:86
[0]:3418082383 [1]:1 [2]:2 [3]:114
[0]:4211315037 [1]:1 [2]:2 [3]:109
[0]:3998886088 [1]:1 [2]:2 [3]:91
[0]:3791631873 [1]:1 [2]:2 [3]:164
[0]:3563233318 [1]:1 [2]:2 [3]:47
[0]:3351486141 [1]:1 [2]:2 [3]:140
[0]:4137646933 [1]:1 [2]:2 [3]:27
[0]:3932006867 [1]:1 [2]:2 [3]:65
[0]:3709937901 [1]:1 [2]:2 [3]:34
[0]:3495548176 [1]:1 [2]:2 [3]:177
[0]:4243248623 [1]:1 [2]:2 [3]:96
[0]:4015867939 [1]:1 [2]:2 [3]:195
[0]:3797312034 [1]:1 [2]:2 [3]:117
[0]:3587310949 [1]:1 [2]:2 [3]:35
[0]:3373958556 [1]:1 [2]:2 [3]:67
[0]:4159471508 [1]:1 [2]:2 [3]:72
[0]:3944516794 [1]:1 [2]:2 [3]:188
[0]:3731484143 [1]:1 [2]:2 [3]:145
[0]:3491455532 [1]:1 [2]:2 [3]:94
[0]:4239375613 [1]:1 [2]:2 [3]:41
[0]:4009743306 [1]:1 [2]:2 [3]:74
[0]:3801033303 [1]:1 [2]:2 [3]:48
[0]:3583014137 [1]:1 [2]:2 [3]:169
[0]:3367600891 [1]:1 [2]:2 [3]:196
[0]:4143484639 [1]:1 [2]:2 [3]:189
[0]:3935356616 [1]:1 [2]:2 [3]:122
[0]:3719559874 [1]:1 [2]:2 [3]:106
[0]:3435648326 [1]:1 [2]:2 [3]:175
[0]:4214031003 [1]:1 [2]:2 [3]:197
[0]:3975486054 [1]:1 [2]:2 [3]:146
[0]:3767144074 [1]:1 [2]:2 [3]:63
[0]:3551623403 [1]:1 [2]:2 [3]:67
[0]:3331447359 [1]:1 [2]:2 [3]:40
[0]:4105767383 [1]:1 [2]:2 [3]:75
[0]:3876023061 [1]:1 [2]:2 [3]:197
[0]:3654294179 [1]:1 [2]:2 [3]:71
[0]:3444027178 [1]:1 [2]:2 [3]:195
[0]:4206807698 [1]:1 [2]:2 [3]:68
[0]:3986025277 [1]:1 [2]:2 [3]:106
[0]:3779298097 [1]:1 [2]:2 [3]:177
[0]:3558116317 [1]:1 [2]:2 [3]:128
[0]:3332297311 [1]:1 [2]:2 [3]:196
[0]:4126575643 [1]:1 [2]:2 [3]:149
[0]:3913075649 [1]:1 [2]:2 [3]:141
[0]:3699131981 [1]:1 [2]:2 [3]:193
[0]:3483487686 [1]:1 [2]:2 [3]:84
[0]:4227207289 [1]:1 [2]:2 [3]:201
[0]:4007669723 [1]:1 [2]:2 [3]:188
[0]:3803306443 [1]:1 [2]:2 [3]:58
[0]:3593223908 [1]:1 [2]:2 [3]:72
[0]:3379592916 [1]:1 [2]:2 [3]:48
[0]:4159651092 [1]:1 [2]:2 [3]:160
[0]:3922191867 [1]:1 [2]:2 [3]:189
[0]:3694443209 [1]:1 [2]:2 [3]:121
[0]:3463529197 [1]:1 [2]:2 [3]:83
[0]:4251645474 [1]:1 [2]:2 [3]:174
[0]:4031704819 [1]:1 [2]:2 [3]:132
[0]:3775426932 [1]:1 [2]:2 [3]:194
[0]:3563640842 [1]:1 [2]:2 [3]:80
[0]:3355516894 [1]:1 [2]:2 [3]:123
[0]:4151360528 [1]:1 [2]:2 [3]:95
[0]:3919621907 [1]:1 [2]:2 [3]:195
[0]:3711698251 [1]:1 [2]:2 [3]:51
[0]:3491494834 [1]:1 [2]:2 [3]:60
[0]:4281394124 [1]:1 [2]:2 [3]:54
[0]:4075245783 [1]:1 [2]:2 [3]:120
[0]:3849374031 [1]:1 [2]:2 [3]:200
[0]:3635502052 [1]:1 [2]:2 [3]:150
[0]:3415716823 [1]:1 [2]:2 [3]:56
[0]:4195489408 [1]:1 [2]:2 [3]:126
[0]:3979529259 [1]:1 [2]:2 [3]:129
[0]:3775691358 [1]:1 [2]:2 [3]:114
[0]:3539399466 [1]:1 [2]:2 [3]:37
[0]:3328195769 [1]:1 [2]:2 [3]:192
[0]:4069193248 [1]:1 [2]:2 [3]:118
[0]:3866301028 [1]:1 [2]:2 [3]:45
[0]:3651355511 [1]:1 [2]:2 [3]:85
[0]:3432885748 [1]:1 [2]:2 [3]:70
[0]:4217633451 [1]:1 [2]:2 [3]:198
[0]:4007724098 [1]:1 [2]:2 [3]:122
[0]:3795722433 [1]:1 [2]:2 [3]:29
[0]:3575385482 [1]:1 [2]:2 [3]:28
[0]:3368266019 [1]:1 [2]:2 [3]:32
[0]:4159733606 [1]:1 [2]:2 [3]:125
[0]:3948346538 [1]:1 [2]:2 [3]:192
[0]:3719485472 [1]:1 [2]:2 [3]:27
[0]:3503844217 [1]:1 [2]:2 [3]:73
[0]:4287666757 [1]:1 [2]:2 [3]:160
[0]:4083340759 [1]:1 [2]:2 [3]:72
[0]:3876387832 [1]:1 [2]:2 [3]:192
[0]:3662097709 [1]:1 [2]:2 [3]:115
[0]:3439693369 [1]:1 [2]:2 [3]:132
[0]:4215383944 [1]:1 [2]:2 [3]:151
[0]:3991839777 [1]:1 [2]:2 [3]:134
[0]:3639739196 [1]:1 [2]:2 [3]:51
[0]:3413277393 [1]:1 [2]:2 [3]:172
[0]:4191562827 [1]:1 [2]:2 [3]:194
[0]:3971679516 [1]:1 [2]:2 [3]:129
[0]:3761283632 [1]:1 [2]:2 [3]:36
[0]:3559643306 [1]:1 [2]:2 [3]:130
[0]:3351825983 [1]:1 [2]:2 [3]:198
[0]:4056524242 [1]:1 [2]:2 [3]:181
[0]:3851499566 [1]:1 [2]:2 [3]:107
[0]:3646374828 [1]:1 [2]:2 [3]:198
[0]:3425098344 [1]:1 [2]:2 [3]:182
[0]:4211734554 [1]:1 [2]:2 [3]:33
[0]:4003556389 [1]:1 [2]:2 [3]:189
[0]:3784548682 [1]:1 [2]:2 [3]:113
[0]:3571617007 [1]:1 [2]:2 [3]:202
[0]:3363660576 [1]:1 [2]:2 [3]:29
[0]:4155461943 [1]:1 [2]:2 [3]:89
[0]:3950770807 [1]:1 [2]:2 [3]:182
[0]:3722734659 [1]:1 [2]:2 [3]:151
[0]:3499943662 [1]:1 [2]:2 [3]:69
[0]:4271514399 [1]:1 [2]:2 [3]:57
[0]:4035504028 [1]:1 [2]:2 [3]:191
[0]:3823403092 [1]:1 [2]:2 [3]:196
[0]:3615715338 [1]:1 [2]:2 [3]:139
[0]:3403644832 [1]:1 [2]:2 [3]:198
[0]:4184681584 [1]:1 [2]:2 [3]:185
[0]:3971541074 [1]:1 [2]:2 [3]:95
[0]:3743789367 [1]:1 [2]:2 [3]:51
[0]:3524110574 [1]:1 [2]:2 [3]:123
[0]:3311517107 [1]:1 [2]:2 [3]:169
[0]:4095721719 [1]:1 [2]:2 [3]:184
[0]:3873975538 [1]:1 [2]:2 [3]:103
[0]:3635779679 [1]:1 [2]:2 [3]:174
[0]:3422650441 [1]:1 [2]:2 [3]:189
[0]:4217570403 [1]:1 [2]:2 [3]:194
[0]:3913267712 [1]:1 [2]:2 [3]:195
[0]:3623884228 [1]:1 [2]:2 [3]:193
[0]:3407618101 [1]:1 [2]:2 [3]:62
[0]:4197440433 [1]:1 [2]:2 [3]:189
[0]:3971677186 [1]:1 [2]:2 [3]:194
[0]:3759471542 [1]:1 [2]:2 [3]:186
[0]:3547481654 [1]:1 [2]:2 [3]:95
[0]:3343355876 [1]:1 [2]:2 [3]:97
[0]:4127654552 [1]:1 [2]:2 [3]:98
[0]:3919519278 [1]:1 [2]:2 [3]:81
[0]:3707720841 [1]:1 [2]:2 [3]:87
[0]:3499408167 [1]:1 [2]:2 [3]:162
[0]:4289728686 [1]:1 [2]:2 [3]:103
[0]:4079708609 [1]:1 [2]:2 [3]:158
[0]:3855777627 [1]:1 [2]:2 [3]:194
[0]:3643752902 [1]:1 [2]:2 [3]:26
[0]:3424893371 [1]:1 [2]:2 [3]:190
[0]:4215731077 [1]:1 [2]:2 [3]:123
[0]:3975009014 [1]:1 [2]:2 [3]:60
[0]:3756102491 [1]:1 [2]:2 [3]:63
[0]:3481004783 [1]:1 [2]:2 [3]:110
[0]:4249684182 [1]:1 [2]:2 [3]:139
[0]:4039504693 [1]:1 [2]:2 [3]:28
[0]:3827520233 [1]:1 [2]:2 [3]:194
[0]:3623868417 [1]:1 [2]:2 [3]:83
[0]:3347998499 [1]:1 [2]:2 [3]:191
[0]:4140393323 [1]:1 [2]:2 [3]:119
[0]:3927462969 [1]:1 [2]:2 [3]:195
[0]:3718793746 [1]:1 [2]:2 [3]:200
[0]:3505974076 [1]:1 [2]:2 [3]:86
[0]:4287356673 [1]:1 [2]:2 [3]:79
[0]:4071805282 [1]:1 [2]:2 [3]:177
[0]:3867081586 [1]:1 [2]:2 [3]:150
[0]:3631753216 [1]:1 [2]:2 [3]:81
[0]:3420578066 [1]:1 [2]:2 [3]:35
[0]:4209026392 [1]:1 [2]:2 [3]:79
[0]:3996390259 [1]:1 [2]:2 [3]:190
[0]:3731608708 [1]:1 [2]:2 [3]:69
[0]:3502226054 [1]:1 [2]:2 [3]:60
[0]:4279821717 [1]:1 [2]:2 [3]:70
[0]:4067672946 [1]:1 [2]:2 [3]:198
[0]:3831675488 [1]:1 [2]:2 [3]:64
[0]:3623417727 [1]:1 [2]:2 [3]:95
[0]:3403547657 [1]:1 [2]:2 [3]:135
[0]:4188006708 [1]:1 [2]:2 [3]:78
[0]:3971919334 [1]:1 [2]:2 [3]:136
[0]:3751893381 [1]:1 [2]:2 [3]:197
[0]:3538144503 [1]:1 [2]:2 [3]:200
[0]:4275961378 [1]:1 [2]:2 [3]:122
[0]:4059511272 [1]:1 [2]:2 [3]:52
[0]:3851738608 [1]:1 [2]:2 [3]:146
[0]:3623054472 [1]:1 [2]:2 [3]:198
[0]:3399961117 [1]:1 [2]:2 [3]:77
[0]:4175786339 [1]:1 [2]:2 [3]:132
[0]:3967667449 [1]:1 [2]:2 [3]:92
[0]:3746381171 [1]:1 [2]:2 [3]:82
[0]:3499754958 [1]:1 [2]:2 [3]:106
[0]:4286820393 [1]:1 [2]:2 [3]:195
[0]:4079660783 [1]:1 [2]:2 [3]:192
[0]:3867864509 [1]:1 [2]:2 [3]:194
[0]:3657156003 [1]:1 [2]:2 [3]:93
[0]:3447688517 [1]:1 [2]:2 [3]:144
[0]:4219927984 [1]:1 [2]:2 [3]:120
[0]:4011739398 [1]:1 [2]:2 [3]:40
[0]:3799684747 [1]:1 [2]:2 [3]:144
[0]:3583785393 [1]:1 [2]:2 [3]:96
[0]:3375704811 [1]:1 [2]:2 [3]:56
[0]:4151559864 [1]:1 [2]:2 [3]:56
[0]:3935985919 [1]:1 [2]:2 [3]:115
[0]:3719580039 [1]:1 [2]:2 [3]:81
[0]:3498912928 [1]:1 [2]:2 [3]:66
[0]:4283929754 [1]:1 [2]:2 [3]:173
[0]:4064849292 [1]:1 [2]:2 [3]:32
[0]:3855912858 [1]:1 [2]:2 [3]:151
[0]:3643809971 [1]:1 [2]:2 [3]:83
[0]:3433667064 [1]:1 [2]:2 [3]:70
[0]:4192958198 [1]:1 [2]:2 [3]:192
[0]:3987669756 [1]:1 [2]:2 [3]:55
[0]:3771797211 [1]:1 [2]:2 [3]:34
[0]:3551774916 [1]:1 [2]:2 [3]:38
[0]:3340785732 [1]:1 [2]:2 [3]:68
[0]:4119984092 [1]:1 [2]:2 [3]:162
[0]:3908418928 [1]:1 [2]:2 [3]:176
[0]:3681373604 [1]:1 [2]:2 [3]:171
[0]:3460052246 [1]:1 [2]:2 [3]:28
[0]:4239704816 [1]:1 [2]:2 [3]:194
[0]:4027786174 [1]:1 [2]:2 [3]:65
[0]:3819980358 [1]:1 [2]:2 [3]:90
[0]:3606313041 [1]:1 [2]:2 [3]:67
[0]:3393380378 [1]:1 [2]:2 [3]:112
[0]:4186823044 [1]:1 [2]:2 [3]:32
[0]:3967697639 [1]:1 [2]:2 [3]:53
[0]:3747654244 [1]:1 [2]:2 [3]:29
[0]:3536121647 [1]:1 [2]:2 [3]:34
[0]:3328388648 [1]:1 [2]:2 [3]:133
[0]:4117515523 [1]:1 [2]:2 [3]:34
[0]:3907353311 [1]:1 [2]:2 [3]:200
[0]:3683911974 [1]:1 [2]:2 [3]:144
[0]:3472607402 [1]:1 [2]:2 [3]:69
[0]:4251877467 [1]:1 [2]:2 [3]:183
[0]:4035892123 [1]:1 [2]:2 [3]:174
[0]:3823883097 [1]:1 [2]:2 [3]:186
[0]:3602054844 [1]:1 [2]:2 [3]:173
[0]:3363748634 [1]:1 [2]:2 [3]:49
[0]:4160115518 [1]:1 [2]:2 [3]:51
[0]:3939890939 [1]:1 [2]:2 [3]:113
[0]:3721236204 [1]:1 [2]:2 [3]:182
[0]:3460173703 [1]:1 [2]:2 [3]:200
[0]:4240225991 [1]:1 [2]:2 [3]:68
[0]:4015755644 [1]:1 [2]:2 [3]:197
[0]:3795754016 [1]:1 [2]:2 [3]:193
[0]:3568237633 [1]:1 [2]:2 [3]:133
[0]:3356035391 [1]:1 [2]:2 [3]:187
[0]:4147736104 [1]:1 [2]:2 [3]:129
[0]:3923996821 [1]:1 [2]:2 [3]:168
[0]:3707911856 [1]:1 [2]:2 [3]:56
[0]:3487517676 [1]:1 [2]:2 [3]:199
[0]:4276104494 [1]:1 [2]:2 [3]:125
[0]:4047768327 [1]:1 [2]:2 [3]:58
[0]:3829217927 [1]:1 [2]:2 [3]:196
[0]:3606309572 [1]:1 [2]:2 [3]:76
[0]:3391916368 [1]:1 [2]:2 [3]:180
[0]:4179988153 [1]:1 [2]:2 [3]:102
[0]:3967715819 [1]:1 [2]:2 [3]:24
[0]:3747838021 [1]:1 [2]:2 [3]:80
[0]:3466540206 [1]:1 [2]:2 [3]:150
[0]:4248960332 [1]:1 [2]:2 [3]:200
[0]:4044015803 [1]:1 [2]:2 [3]:40
[0]:3829218734 [1]:1 [2]:2 [3]:166
[0]:3604852437 [1]:1 [2]:2 [3]:107
[0]:3385425677 [1]:1 [2]:2 [3]:160
[0]:4173733707 [1]:1 [2]:2 [3]:86
[0]:3967814357 [1]:1 [2]:2 [3]:122
[0]:3746947973 [1]:1 [2]:2 [3]:114
[0]:3496370971 [1]:1 [2]:2 [3]:97
[0]:4285343727 [1]:1 [2]:2 [3]:193
[0]:4075763449 [1]:1 [2]:2 [3]:24
[0]:3868132269 [1]:1 [2]:2 [3]:156
[0]:3618147566 [1]:1 [2]:2 [3]:124
[0]:3408079817 [1]:1 [2]:2 [3]:194
[0]:4189008459 [1]:1 [2]:2 [3]:131
[0]:3976140139 [1]:1 [2]:2 [3]:114
[0]:3771637024 [1]:1 [2]:2 [3]:61
[0]:3561598036 [1]:1 [2]:2 [3]:194
[0]:3348415939 [1]:1 [2]:2 [3]:145
[0]:4135770788 [1]:1 [2]:2 [3]:193
[0]:3927966944 [1]:1 [2]:2 [3]:196
[0]:3718061871 [1]:1 [2]:2 [3]:193
[0]:3504136612 [1]:1 [2]:2 [3]:194
[0]:3299894777 [1]:1 [2]:2 [3]:207
[0]:4083790726 [1]:1 [2]:2 [3]:164
[0]:3869130702 [1]:1 [2]:2 [3]:180
[0]:3647868469 [1]:1 [2]:2 [3]:123
[0]:3431988642 [1]:1 [2]:2 [3]:129
[0]:4222689879 [1]:1 [2]:2 [3]:164
[0]:4012748376 [1]:1 [2]:2 [3]:81
[0]:3795927858 [1]:1 [2]:2 [3]:154
[0]:3513447838 [1]:1 [2]:2 [3]:30
[0]:3300151991 [1]:1 [2]:2 [3]:67
[0]:4087826654 [1]:1 [2]:2 [3]:203
[0]:3856579486 [1]:1 [2]:2 [3]:162
[0]:3640237402 [1]:1 [2]:2 [3]:102
[0]:3424108263 [1]:1 [2]:2 [3]:94
[0]:4137226432 [1]:1 [2]:2 [3]:197
[0]:3925643651 [1]:1 [2]:2 [3]:147
[0]:3701547903 [1]:1 [2]:2 [3]:193
[0]:3492280137 [1]:1 [2]:2 [3]:108
[0]:4284043254 [1]:1 [2]:2 [3]:45
[0]:4067910446 [1]:1 [2]:2 [3]:105
[0]:3855910201 [1]:1 [2]:2 [3]:36
[0]:3645543618 [1]:1 [2]:2 [3]:89
[0]:3440072913 [1]:1 [2]:2 [3]:69
[0]:4217614102 [1]:1 [2]:2 [3]:32
[0]:4008238237 [1]:1 [2]:2 [3]:71
[0]:3798943589 [1]:1 [2]:2 [3]:123
[0]:3590053566 [1]:1 [2]:2 [3]:132
[0]:3387308213 [1]:1 [2]:2 [3]:200
[0]:4172133723 [1]:1 [2]:2 [3]:192
[0]:3953527813 [1]:1 [2]:2 [3]:142
[0]:3743839557 [1]:1 [2]:2 [3]:34
[0]:3536313661 [1]:1 [2]:2 [3]:118
[0]:3304588053 [1]:1 [2]:2 [3]:143
[0]:4091530896 [1]:1 [2]:2 [3]:173
[0]:3876091841 [1]:1 [2]:2 [3]:194
[0]:3663991762 [1]:1 [2]:2 [3]:136
[0]:3440311228 [1]:1 [2]:2 [3]:159
[0]:4232211821 [1]:1 [2]:2 [3]:115
[0]:4016027139 [1]:1 [2]:2 [3]:51
[0]:3784155912 [1]:1 [2]:2 [3]:190
[0]:3568164244 [1]:1 [2]:2 [3]:74
[0]:3365364272 [1]:1 [2]:2 [3]:31
[0]:4099105097 [1]:1 [2]:2 [3]:200
[0]:3886481016 [1]:1 [2]:2 [3]:118
[0]:3650747824 [1]:1 [2]:2 [3]:130
[0]:3440164801 [1]:1 [2]:2 [3]:101
[0]:4220539189 [1]:1 [2]:2 [3]:191
[0]:4011287147 [1]:1 [2]:2 [3]:201
[0]:3744019872 [1]:1 [2]:2 [3]:112
[0]:3536150264 [1]:1 [2]:2 [3]:48
[0]:3324088913 [1]:1 [2]:2 [3]:170
[0]:4108116062 [1]:1 [2]:2 [3]:107
[0]:3863935717 [1]:1 [2]:2 [3]:184
[0]:3641649833 [1]:1 [2]:2 [3]:155
[0]:3428063302 [1]:1 [2]:2 [3]:196
[0]:4224123171 [1]:1 [2]:2 [3]:73
[0]:4007986068 [1]:1 [2]:2 [3]:167
[0]:3784481128 [1]:1 [2]:2 [3]:86
[0]:3564729902 [1]:1 [2]:2 [3]:33
[0]:3356231601 [1]:1 [2]:2 [3]:52
[0]:4136629553 [1]:1 [2]:2 [3]:70
[0]:3916136822 [1]:1 [2]:2 [3]:189
[0]:3704107026 [1]:1 [2]:2 [3]:134
[0]:3491862941 [1]:1 [2]:2 [3]:95
[0]:4284027081 [1]:1 [2]:2 [3]:147
[0]:4039961847 [1]:1 [2]:2 [3]:125
[0]:3831934152 [1]:1 [2]:2 [3]:157
[0]:3615906454 [1]:1 [2]:2 [3]:101
[0]:3411407301 [1]:1 [2]:2 [3]:124
[0]:4196415282 [1]:1 [2]:2 [3]:113
[0]:3992154476 [1]:1 [2]:2 [3]:47
[0]:3776192432 [1]:1 [2]:2 [3]:168
[0]:3560039392 [1]:1 [2]:2 [3]:148
[0]:3351836018 [1]:1 [2]:2 [3]:195
[0]:4133339558 [1]:1 [2]:2 [3]:153
[0]:3928250721 [1]:1 [2]:2 [3]:118
[0]:3718317289 [1]:1 [2]:2 [3]:125
[0]:3508937427 [1]:1 [2]:2 [3]:73
[0]:3296243029 [1]:1 [2]:2 [3]:103
[0]:4084783164 [1]:1 [2]:2 [3]:122
[0]:3856071159 [1]:1 [2]:2 [3]:195
[0]:3638448661 [1]:1 [2]:2 [3]:35
[0]:3433164147 [1]:1 [2]:2 [3]:140
[0]:4201791312 [1]:1 [2]:2 [3]:201
[0]:3992008896 [1]:1 [2]:2 [3]:59
[0]:3776036186 [1]:1 [2]:2 [3]:97
[0]:3560430167 [1]:1 [2]:2 [3]:47
[0]:3336224094 [1]:1 [2]:2 [3]:30
[0]:4124076384 [1]:1 [2]:2 [3]:33
[0]:3904354182 [1]:1 [2]:2 [3]:108
[0]:3689895172 [1]:1 [2]:2 [3]:72
[0]:3479770951 [1]:1 [2]:2 [3]:163
[0]:4224130683 [1]:1 [2]:2 [3]:151
[0]:4004249647 [1]:1 [2]:2 [3]:114
[0]:3788062324 [1]:1 [2]:2 [3]:74
[0]:3548553361 [1]:1 [2]:2 [3]:93
[0]:3328279357 [1]:1 [2]:2 [3]:186
[0]:4119293068 [1]:1 [2]:2 [3]:180
[0]:3912094767 [1]:1 [2]:2 [3]:82
[0]:3696165659 [1]:1 [2]:2 [3]:91
[0]:3486719628 [1]:1 [2]:2 [3]:60
[0]:4280992271 [1]:1 [2]:2 [3]:124
[0]:4068266917 [1]:1 [2]:2 [3]:129
[0]:3837039466 [1]:1 [2]:2 [3]:129
[0]:3625874406 [1]:1 [2]:2 [3]:199
[0]:3416052131 [1]:1 [2]:2 [3]:196
[0]:4204077857 [1]:1 [2]:2 [3]:105
[0]:3968118712 [1]:1 [2]:2 [3]:142
[0]:3752248733 [1]:1 [2]:2 [3]:156
[0]:3536875213 [1]:1 [2]:2 [3]:88
[0]:3324241776 [1]:1 [2]:2 [3]:32
[0]:4100191214 [1]:1 [2]:2 [3]:194
[0]:3890345902 [1]:1 [2]:2 [3]:49
[0]:3686471754 [1]:1 [2]:2 [3]:163
[0]:3476470564 [1]:1 [2]:2 [3]:59
[0]:4259659197 [1]:1 [2]:2 [3]:42
[0]:4061794794 [1]:1 [2]:2 [3]:138
[0]:3854507966 [1]:1 [2]:2 [3]:113
[0]:3640141058 [1]:1 [2]:2 [3]:35
[0]:3427262918 [1]:1 [2]:2 [3]:114
[0]:4143005582 [1]:1 [2]:2 [3]:93
[0]:3936350579 [1]:1 [2]:2 [3]:43
[0]:3728264409 [1]:1 [2]:2 [3]:60
[0]:3504177957 [1]:1 [2]:2 [3]:91
[0]:3296336661 [1]:1 [2]:2 [3]:79
[0]:4072269816 [1]:1 [2]:2 [3]:98
[0]:3852080759 [1]:1 [2]:2 [3]:133
[0]:3630431086 [1]:1 [2]:2 [3]:197
[0]:3416354949 [1]:1 [2]:2 [3]:44
[0]:4208344141 [1]:1 [2]:2 [3]:138
[0]:3994463346 [1]:1 [2]:2 [3]:135
[0]:3784156224 [1]:1 [2]:2 [3]:66
[0]:3568981379 [1]:1 [2]:2 [3]:38
[0]:3363480408 [1]:1 [2]:2 [3]:118
[0]:4149772451 [1]:1 [2]:2 [3]:115
[0]:3936249531 [1]:1 [2]:2 [3]:120
[0]:3720072159 [1]:1 [2]:2 [3]:144
[0]:3503116744 [1]:1 [2]:2 [3]:171
[0]:4292148706 [1]:1 [2]:2 [3]:26
[0]:4076164613 [1]:1 [2]:2 [3]:193
[0]:3866392323 [1]:1 [2]:2 [3]:80
[0]:3656563564 [1]:1 [2]:2 [3]:28
[0]:3427449373 [1]:1 [2]:2 [3]:117
[0]:4227812872 [1]:1 [2]:2 [3]:49
[0]:4000278514 [1]:1 [2]:2 [3]:153
[0]:3792341634 [1]:1 [2]:2 [3]:152
[0]:3561073372 [1]:1 [2]:2 [3]:163
[0]:3348310194 [1]:1 [2]:2 [3]:174
[0]:4129381359 [1]:1 [2]:2 [3]:204
[0]:3924169284 [1]:1 [2]:2 [3]:186
[0]:3710104741 [1]:1 [2]:2 [3]:128
[0]:3505066712 [1]:1 [2]:2 [3]:29
[0]:3302146031 [1]:1 [2]:2 [3]:118
[0]:4084437197 [1]:1 [2]:2 [3]:196
[0]:3868795817 [1]:1 [2]:2 [3]:197
[0]:3622098307 [1]:1 [2]:2 [3]:69
[0]:3412480299 [1]:1 [2]:2 [3]:25
[0]:4196370804 [1]:1 [2]:2 [3]:32
[0]:3984449621 [1]:1 [2]:2 [3]:125
[0]:3776143698 [1]:1 [2]:2 [3]:194
[0]:3560233603 [1]:1 [2]:2 [3]:71
[0]:3342186102 [1]:1 [2]:2 [3]:119
[0]:4129600627 [1]:1 [2]:2 [3]:132
[0]:3908439747 [1]:1 [2]:2 [3]:67
[0]:3688493872 [1]:1 [2]:2 [3]:70
[0]:3468523564 [1]:1 [2]:2 [3]:199
[0]:4256681004 [1]:1 [2]:2 [3]:58
[0]:4028629196 [1]:1 [2]:2 [3]:86
[0]:3823081754 [1]:1 [2]:2 [3]:145
[0]:3617469153 [1]:1 [2]:2 [3]:66
[0]:3400470601 [1]:1 [2]:2 [3]:168
[0]:4166791933 [1]:1 [2]:2 [3]:90
[0]:3948494126 [1]:1 [2]:2 [3]:127
[0]:3740295871 [1]:1 [2]:2 [3]:45
[0]:3528199581 [1]:1 [2]:2 [3]:193
[0]:4264210739 [1]:1 [2]:2 [3]:71
[0]:3980355501 [1]:1 [2]:2 [3]:38
[0]:3777739542 [1]:1 [2]:2 [3]:30
[0]:3560377777 [1]:1 [2]:2 [3]:149
[0]:3343446128 [1]:1 [2]:2 [3]:197
[0]:4134066857 [1]:1 [2]:2 [3]:138
[0]:3924402774 [1]:1 [2]:2 [3]:143
[0]:3712238288 [1]:1 [2]:2 [3]:63
[0]:3461464008 [1]:1 [2]:2 [3]:193
[0]:4248517209 [1]:1 [2]:2 [3]:138
[0]:4043074911 [1]:1 [2]:2 [3]:132
[0]:3831380678 [1]:1 [2]:2 [3]:29
[0]:3620582943 [1]:1 [2]:2 [3]:160
[0]:3405423842 [1]:1 [2]:2 [3]:126
[0]:4191621713 [1]:1 [2]:2 [3]:195
[0]:3988546073 [1]:1 [2]:2 [3]:159
[0]:3772536022 [1]:1 [2]:2 [3]:146
[0]:3560460866 [1]:1 [2]:2 [3]:97
[0]:3344337462 [1]:1 [2]:2 [3]:200
[0]:4116188092 [1]:1 [2]:2 [3]:89
[0]:3828432107 [1]:1 [2]:2 [3]:141
[0]:3604216716 [1]:1 [2]:2 [3]:200
[0]:3310809607 [1]:1 [2]:2 [3]:199
[0]:4079270947 [1]:1 [2]:2 [3]:58
[0]:3877989742 [1]:1 [2]:2 [3]:171
[0]:3656467466 [1]:1 [2]:2 [3]:160
[0]:3440180432 [1]:1 [2]:2 [3]:31
[0]:4179681472 [1]:1 [2]:2 [3]:192
[0]:3879248713 [1]:1 [2]:2 [3]:167
[0]:3660656918 [1]:1 [2]:2 [3]:77
[0]:3450864433 [1]:1 [2]:2 [3]:196
[0]:4248392266 [1]:1 [2]:2 [3]:34
[0]:4036425542 [1]:1 [2]:2 [3]:95
[0]:3824733544 [1]:1 [2]:2 [3]:161
[0]:3601069836 [1]:1 [2]:2 [3]:112
[0]:3372461737 [1]:1 [2]:2 [3]:201
[0]:4160453159 [1]:1 [2]:2 [3]:152
[0]:3940561037 [1]:1 [2]:2 [3]:59
[0]:3736441322 [1]:1 [2]:2 [3]:115
[0]:3520373812 [1]:1 [2]:2 [3]:39
[0]:4279910382 [1]:1 [2]:2 [3]:139
[0]:4056574821 [1]:1 [2]:2 [3]:61
[0]:3841469792 [1]:1 [2]:2 [3]:65
[0]:3627737313 [1]:1 [2]:2 [3]:149
[0]:3428269803 [1]:1 [2]:2 [3]:95
[0]:4188526597 [1]:1 [2]:2 [3]:162
[0]:3980555971 [1]:1 [2]:2 [3]:157
[0]:3744223204 [1]:1 [2]:2 [3]:110
[0]:3532648228 [1]:1 [2]:2 [3]:151
[0]:3320402488 [1]:1 [2]:2 [3]:184
[0]:4028318196 [1]:1 [2]:2 [3]:129
[0]:3820586906 [1]:1 [2]:2 [3]:190
[0]:3608298827 [1]:1 [2]:2 [3]:79
[0]:3392593188 [1]:1 [2]:2 [3]:190
[0]:4168773949 [1]:1 [2]:2 [3]:87
[0]:3953179288 [1]:1 [2]:2 [3]:180
[0]:3734653434 [1]:1 [2]:2 [3]:123
[0]:3532555404 [1]:1 [2]:2 [3]:188
[0]:3300535198 [1]:1 [2]:2 [3]:194
[0]:4091916051 [1]:1 [2]:2 [3]:81
[0]:3880910981 [1]:1 [2]:2 [3]:161
[0]:3656411131 [1]:1 [2]:2 [3]:104
[0]:3442197892 [1]:1 [2]:2 [3]:29
[0]:4236222823 [1]:1 [2]:2 [3]:142
[0]:4012220852 [1]:1 [2]:2 [3]:151
[0]:3800216383 [1]:1 [2]:2 [3]:31
[0]:3585794694 [1]:1 [2]:2 [3]:100
[0]:3372465737 [1]:1 [2]:2 [3]:128
[0]:4160575879 [1]:1 [2]:2 [3]:190
[0]:3931549721 [1]:1 [2]:2 [3]:154
[0]:3724635454 [1]:1 [2]:2 [3]:30
[0]:3509401379 [1]:1 [2]:2 [3]:167
[0]:4292389559 [1]:1 [2]:2 [3]:33
[0]:4064600192 [1]:1 [2]:2 [3]:91
[0]:3840550796 [1]:1 [2]:2 [3]:198
[0]:3616108719 [1]:1 [2]:2 [3]:138
[0]:3408526458 [1]:1 [2]:2 [3]:146
[0]:4193550709 [1]:1 [2]:2 [3]:92
[0]:3984276153 [1]:1 [2]:2 [3]:187
[0]:3768590657 [1]:1 [2]:2 [3]:35
[0]:3565673319 [1]:1 [2]:2 [3]:146
[0]:3356428797 [1]:1 [2]:2 [3]:30
[0]:4143342991 [1]:1 [2]:2 [3]:66
[0]:3932732457 [1]:1 [2]:2 [3]:125
[0]:3720294148 [1]:1 [2]:2 [3]:118
[0]:3509533304 [1]:1 [2]:2 [3]:159
[0]:4292558394 [1]:1 [2]:2 [3]:180
[0]:4067273623 [1]:1 [2]:2 [3]:122
[0]:3804789924 [1]:1 [2]:2 [3]:192
[0]:3592516769 [1]:1 [2]:2 [3]:35
[0]:3380848253 [1]:1 [2]:2 [3]:129
[0]:4172641728 [1]:1 [2]:2 [3]:190
[0]:3968525379 [1]:1 [2]:2 [3]:139
[0]:3756667226 [1]:1 [2]:2 [3]:131
[0]:3532724296 [1]:1 [2]:2 [3]:150
[0]:3320652753 [1]:1 [2]:2 [3]:193
[0]:4108684939 [1]:1 [2]:2 [3]:196
[0]:3888761872 [1]:1 [2]:2 [3]:50
[0]:3676319628 [1]:1 [2]:2 [3]:51
[0]:3468399299 [1]:1 [2]:2 [3]:62
[0]:4251225554 [1]:1 [2]:2 [3]:167
[0]:4030018977 [1]:1 [2]:2 [3]:141
[0]:3818763583 [1]:1 [2]:2 [3]:90
[0]:3612489476 [1]:1 [2]:2 [3]:32
[0]:3400285661 [1]:1 [2]:2 [3]:193
[0]:4188044597 [1]:1 [2]:2 [3]:195
[0]:3972564009 [1]:1 [2]:2 [3]:173
[0]:3763724382 [1]:1 [2]:2 [3]:28
[0]:3554540606 [1]:1 [2]:2 [3]:167
[0]:3340993213 [1]:1 [2]:2 [3]:33
[0]:3311574507 [1]:1 [2]:2 [3]:194
[0]:3311574507 [1]:1 [2]:2 [3]:194
[0]:3311574507 [1]:1 [2]:2 [3]:194
[0]:3311574507 [1]:1 [2]:2 [3]:194
[0]:3311574507 [1]:1 [2]:2 [3]:194
[0]:3311574507 [1]:1 [2]:2 [3]:194
[0]:3311574507 [1]:1 [2]:2 [3]:194
[0]:3311574507 [1]:1 [2]:2 [3]:194
[0]:3311574507 [1]:1 [2]:2 [3]:194
[0]:3311574507 [1]:1 [2]:2 [3]:194
[0]:3311574507 [1]:1 [2]:2 [3]:194
[0]:3311574507 [1]:1 [2]:2 [3]:194
[0]:3311574507 [1]:1 [2]:2 [3]:194
[0]:3311574507 [1]:1 [2]:2 [3]:194
[0]:3311574507 [1]:1 [2]:2 [3]:194
[0]:3311574507 [1]:1 [2]:2 [3]:194
[0]:3311574507 [1]:1 [2]:2 [3]:194
[0]:3311574507 [1]:1 [2]:2 [3]:194
[0]:3311574507 [1]:1 [2]:2 [3]:194
[0]:3311574507 [1]:1 [2]:2 [3]:194
