[0]:57422037 [1]:6766786 [2]:100 [3]:61
[0]:57614740 [1]:6799831 [2]:100 [3]:358
[0]:57809158 [1]:6833320 [2]:100 [3]:359
[0]:58038336 [1]:6872779 [2]:100 [3]:364
[0]:58236873 [1]:6906985 [2]:103 [3]:370
[0]:58445923 [1]:6943033 [2]:103 [3]:364
[0]:58635663 [1]:6975688 [2]:103 [3]:361
[0]:58823373 [1]:7007883 [2]:103 [3]:359
[0]:59019595 [1]:7041695 [2]:103 [3]:367
[0]:59219367 [1]:7076126 [2]:103 [3]:53
[0]:59410958 [1]:7109100 [2]:103 [3]:359
[0]:59600584 [1]:7141663 [2]:103 [3]:366
[0]:59812915 [1]:7178275 [2]:103 [3]:362
[0]:60048719 [1]:7218820 [2]:103 [3]:358
[0]:60239026 [1]:7251568 [2]:106 [3]:367
[0]:60437410 [1]:7285588 [2]:106 [3]:358
[0]:60624161 [1]:7317760 [2]:106 [3]:62
[0]:60818293 [1]:7351075 [2]:106 [3]:366
[0]:61016515 [1]:7385142 [2]:106 [3]:77
[0]:61207679 [1]:7417960 [2]:106 [3]:366
[0]:61407948 [1]:7452356 [2]:106 [3]:368
[0]:61621901 [1]:7489188 [2]:106 [3]:61
[0]:61823655 [1]:7523816 [2]:106 [3]:66
[0]:62019711 [1]:7557480 [2]:106 [3]:351
[0]:62215935 [1]:7591252 [2]:107 [3]:62
[0]:62438232 [1]:7629399 [2]:107 [3]:359
[0]:62638299 [1]:7663813 [2]:107 [3]:70
[0]:62832479 [1]:7697354 [2]:107 [3]:358
[0]:63108489 [1]:7744893 [2]:107 [3]:364
[0]:63325418 [1]:7782272 [2]:107 [3]:66
[0]:63523119 [1]:7816404 [2]:107 [3]:84
[0]:63721206 [1]:7850562 [2]:107 [3]:367
[0]:63911425 [1]:7883261 [2]:107 [3]:359
[0]:64102756 [1]:7916117 [2]:108 [3]:361
[0]:64300287 [1]:7950145 [2]:108 [3]:371
[0]:64561329 [1]:7995178 [2]:108 [3]:63
[0]:64759320 [1]:8029279 [2]:108 [3]:62
[0]:64964928 [1]:8064682 [2]:108 [3]:65
[0]:65163094 [1]:8098784 [2]:108 [3]:359
[0]:65372329 [1]:8134770 [2]:108 [3]:361
[0]:65569619 [1]:8168732 [2]:108 [3]:361
[0]:65760640 [1]:8201510 [2]:108 [3]:58
[0]:65947534 [1]:8233767 [2]:108 [3]:362
[0]:66145489 [1]:8267807 [2]:107 [3]:67
[0]:66346300 [1]:8302370 [2]:107 [3]:366
[0]:66550566 [1]:8337486 [2]:107 [3]:362
[0]:66743165 [1]:8370570 [2]:107 [3]:66
[0]:66941403 [1]:8404771 [2]:107 [3]:359
[0]:67132737 [1]:8437627 [2]:107 [3]:367
[0]:67326221 [1]:8470852 [2]:107 [3]:361
[0]:67529408 [1]:8505739 [2]:107 [3]:101
[0]:67729733 [1]:8540290 [2]:107 [3]:364
[0]:67935157 [1]:8575688 [2]:107 [3]:59
[0]:68129369 [1]:8609157 [2]:108 [3]:370
[0]:68318786 [1]:8641759 [2]:108 [3]:75
[0]:68517328 [1]:8675851 [2]:108 [3]:373
[0]:68711927 [1]:8709385 [2]:108 [3]:367
[0]:68924426 [1]:8745943 [2]:108 [3]:363
[0]:69134835 [1]:8782146 [2]:108 [3]:360
[0]:69335348 [1]:8816672 [2]:108 [3]:65
[0]:69600795 [1]:8862333 [2]:108 [3]:377
[0]:69802961 [1]:8897084 [2]:108 [3]:364
[0]:70002402 [1]:8931392 [2]:107 [3]:68
[0]:70299869 [1]:8982509 [2]:107 [3]:362
[0]:70481442 [1]:9013747 [2]:107 [3]:355
[0]:70673470 [1]:9046784 [2]:107 [3]:65
[0]:70871619 [1]:9080794 [2]:107 [3]:361
[0]:71131593 [1]:9125402 [2]:107 [3]:367
[0]:71323673 [1]:9158470 [2]:107 [3]:367
[0]:71521664 [1]:9192412 [2]:107 [3]:60
[0]:71723247 [1]:9227080 [2]:107 [3]:72
[0]:71921496 [1]:9261141 [2]:107 [3]:62
[0]:72138288 [1]:9298440 [2]:107 [3]:352
[0]:72340056 [1]:9333065 [2]:107 [3]:361
[0]:72535735 [1]:9366768 [2]:107 [3]:60
[0]:72754796 [1]:9404390 [2]:107 [3]:67
[0]:72948185 [1]:9437835 [2]:107 [3]:365
[0]:73162404 [1]:9474815 [2]:107 [3]:359
[0]:73430700 [1]:9520856 [2]:107 [3]:356
[0]:73621432 [1]:9553563 [2]:107 [3]:366
[0]:73864892 [1]:9595626 [2]:107 [3]:75
[0]:74057780 [1]:9628776 [2]:108 [3]:359
[0]:74296199 [1]:9669743 [2]:108 [3]:62
[0]:74516752 [1]:9707676 [2]:108 [3]:71
[0]:74726906 [1]:9743919 [2]:108 [3]:356
[0]:74925043 [1]:9778096 [2]:108 [3]:61
[0]:75115429 [1]:9810850 [2]:108 [3]:369
[0]:75312202 [1]:9844776 [2]:108 [3]:365
[0]:75512525 [1]:9879240 [2]:108 [3]:366
[0]:75705641 [1]:9912611 [2]:108 [3]:359
[0]:75924597 [1]:9950205 [2]:107 [3]:58
[0]:76136307 [1]:9986684 [2]:107 [3]:70
[0]:76400469 [1]:10032128 [2]:107 [3]:76
[0]:76613857 [1]:10068883 [2]:107 [3]:360
[0]:76803944 [1]:10101548 [2]:107 [3]:356
[0]:77002045 [1]:10135555 [2]:107 [3]:365
[0]:77200078 [1]:10169553 [2]:107 [3]:356
[0]:77394417 [1]:10203004 [2]:107 [3]:364
[0]:77591375 [1]:10236965 [2]:107 [3]:360
[0]:77789582 [1]:10271100 [2]:107 [3]:363
[0]:77980656 [1]:10303899 [2]:107 [3]:67
[0]:78193743 [1]:10340583 [2]:107 [3]:72
[0]:78399457 [1]:10375772 [2]:107 [3]:362
[0]:78593623 [1]:10409268 [2]:107 [3]:343
[0]:78801864 [1]:10445293 [2]:107 [3]:56
[0]:78994782 [1]:10478380 [2]:107 [3]:59
[0]:79183597 [1]:10510789 [2]:107 [3]:355
[0]:79385412 [1]:10545725 [2]:107 [3]:65
[0]:79587206 [1]:10580460 [2]:107 [3]:57
[0]:79785191 [1]:10614383 [2]:107 [3]:363
[0]:80006990 [1]:10652507 [2]:107 [3]:365
[0]:80199898 [1]:10685757 [2]:107 [3]:360
[0]:80390511 [1]:10718479 [2]:107 [3]:346
[0]:80586967 [1]:10752312 [2]:107 [3]:55
[0]:80775090 [1]:10784807 [2]:107 [3]:59
[0]:80974258 [1]:10819071 [2]:107 [3]:366
[0]:81167673 [1]:10852244 [2]:107 [3]:58
[0]:81369021 [1]:10886804 [2]:107 [3]:66
[0]:81559665 [1]:10919594 [2]:107 [3]:70
[0]:81750208 [1]:10952358 [2]:107 [3]:363
[0]:81952160 [1]:10987267 [2]:108 [3]:360
[0]:82149830 [1]:11021235 [2]:108 [3]:357
[0]:82340477 [1]:11054133 [2]:108 [3]:363
[0]:82534645 [1]:11087556 [2]:108 [3]:363
[0]:82736470 [1]:11122192 [2]:108 [3]:361
[0]:82927119 [1]:11154891 [2]:108 [3]:361
[0]:83124939 [1]:11188989 [2]:108 [3]:63
[0]:83334113 [1]:11224919 [2]:108 [3]:74
[0]:83524733 [1]:11257895 [2]:108 [3]:364
[0]:83741329 [1]:11295321 [2]:108 [3]:362
[0]:83931911 [1]:11328112 [2]:107 [3]:360
[0]:84133458 [1]:11362808 [2]:107 [3]:358
[0]:84335253 [1]:11397507 [2]:107 [3]:359
[0]:84529398 [1]:11431013 [2]:107 [3]:71
[0]:84720065 [1]:11463742 [2]:107 [3]:360
[0]:84920792 [1]:11498258 [2]:107 [3]:355
[0]:85106481 [1]:11530140 [2]:107 [3]:70
