[0]:114875025 [1]:18283447 [2]:141 [3]:359
[0]:115070688 [1]:18328648 [2]:141 [3]:362
[0]:115268462 [1]:18374383 [2]:141 [3]:364
[0]:115454535 [1]:18417395 [2]:141 [3]:359
[0]:115652927 [1]:18463241 [2]:141 [3]:359
[0]:115869640 [1]:18513255 [2]:141 [3]:365
[0]:116063587 [1]:18558020 [2]:141 [3]:365
[0]:116265177 [1]:18604570 [2]:141 [3]:358
[0]:116455529 [1]:18648605 [2]:141 [3]:356
[0]:116668224 [1]:18697778 [2]:141 [3]:57
[0]:116856856 [1]:18741395 [2]:141 [3]:361
[0]:117085899 [1]:18794194 [2]:141 [3]:58
[0]:117332564 [1]:18851169 [2]:141 [3]:55
[0]:117530369 [1]:18896878 [2]:141 [3]:359
[0]:117728169 [1]:18942580 [2]:141 [3]:61
[0]:117921873 [1]:18987235 [2]:141 [3]:359
[0]:118120276 [1]:19033073 [2]:142 [3]:356
[0]:118314295 [1]:19077940 [2]:142 [3]:364
[0]:118512029 [1]:19123615 [2]:142 [3]:363
[0]:118728037 [1]:19173523 [2]:142 [3]:356
[0]:119015899 [1]:19239950 [2]:142 [3]:356
[0]:119268588 [1]:19298381 [2]:142 [3]:357
[0]:119460064 [1]:19342652 [2]:142 [3]:356
[0]:119657836 [1]:19388474 [2]:142 [3]:360
[0]:119852036 [1]:19433256 [2]:142 [3]:360
[0]:120116928 [1]:19494463 [2]:142 [3]:360
[0]:120303599 [1]:19537636 [2]:142 [3]:366
[0]:120497398 [1]:19582492 [2]:142 [3]:360
[0]:120717725 [1]:19633376 [2]:142 [3]:60
[0]:120910622 [1]:19678010 [2]:143 [3]:366
[0]:121126864 [1]:19727964 [2]:143 [3]:363
[0]:121318618 [1]:19772260 [2]:143 [3]:356
[0]:121516422 [1]:19817912 [2]:143 [3]:357
[0]:121706828 [1]:19861847 [2]:143 [3]:352
[0]:121900398 [1]:19906592 [2]:143 [3]:357
[0]:122091348 [1]:19950811 [2]:143 [3]:360
[0]:122295410 [1]:19997965 [2]:143 [3]:365
[0]:122500976 [1]:20045495 [2]:143 [3]:365
[0]:122711047 [1]:20093996 [2]:143 [3]:361
[0]:122901821 [1]:20138069 [2]:143 [3]:354
[0]:123097384 [1]:20183213 [2]:143 [3]:359
[0]:123315395 [1]:20233554 [2]:143 [3]:66
[0]:123508995 [1]:20278205 [2]:143 [3]:358
[0]:123785359 [1]:20342041 [2]:144 [3]:65
[0]:123973061 [1]:20385428 [2]:144 [3]:364
[0]:124166451 [1]:20430187 [2]:144 [3]:361
[0]:124413779 [1]:20487299 [2]:144 [3]:362
[0]:124619384 [1]:20534808 [2]:144 [3]:52
[0]:124842308 [1]:20586317 [2]:144 [3]:362
[0]:125036059 [1]:20631094 [2]:144 [3]:361
[0]:125263592 [1]:20683783 [2]:144 [3]:362
[0]:125461589 [1]:20729478 [2]:144 [3]:358
[0]:125657439 [1]:20774734 [2]:144 [3]:57
[0]:125849757 [1]:20819206 [2]:144 [3]:367
[0]:126040052 [1]:20863175 [2]:144 [3]:368
[0]:126245027 [1]:20910576 [2]:144 [3]:359
[0]:126437880 [1]:20955072 [2]:145 [3]:363
[0]:126630026 [1]:20999492 [2]:145 [3]:360
[0]:126835200 [1]:21046902 [2]:145 [3]:362
[0]:127055399 [1]:21097781 [2]:145 [3]:364
[0]:127266458 [1]:21146502 [2]:145 [3]:356
[0]:127487472 [1]:21197570 [2]:145 [3]:359
[0]:127711279 [1]:21249325 [2]:145 [3]:358
[0]:127905782 [1]:21294394 [2]:145 [3]:361
[0]:128107820 [1]:21341117 [2]:145 [3]:71
[0]:128308870 [1]:21387440 [2]:145 [3]:364
[0]:128502052 [1]:21432073 [2]:145 [3]:56
[0]:128697444 [1]:21477201 [2]:145 [3]:361
[0]:128891607 [1]:21522090 [2]:145 [3]:359
[0]:129094530 [1]:21568885 [2]:145 [3]:356
[0]:129298419 [1]:21616014 [2]:146 [3]:360
[0]:129499996 [1]:21662618 [2]:146 [3]:360
[0]:129701574 [1]:21709183 [2]:146 [3]:364
[0]:129895606 [1]:21754047 [2]:146 [3]:363
[0]:130089729 [1]:21798842 [2]:146 [3]:362
[0]:130283883 [1]:21843696 [2]:146 [3]:363
[0]:130476608 [1]:21888233 [2]:146 [3]:62
[0]:130698145 [1]:21939413 [2]:146 [3]:54
[0]:130899826 [1]:21986054 [2]:146 [3]:358
[0]:131097415 [1]:22031704 [2]:146 [3]:360
[0]:131295265 [1]:22077404 [2]:146 [3]:64
[0]:131485637 [1]:22121424 [2]:146 [3]:360
[0]:131683457 [1]:22167184 [2]:146 [3]:364
[0]:131888808 [1]:22214573 [2]:146 [3]:57
[0]:132082888 [1]:22259402 [2]:147 [3]:355
[0]:132280528 [1]:22305114 [2]:147 [3]:58
[0]:132481498 [1]:22351569 [2]:147 [3]:361
[0]:132682196 [1]:22397927 [2]:147 [3]:356
[0]:132881564 [1]:22443955 [2]:147 [3]:367
[0]:133074151 [1]:22488462 [2]:147 [3]:360
[0]:133273390 [1]:22534553 [2]:147 [3]:362
[0]:133468096 [1]:22579559 [2]:147 [3]:356
[0]:133669187 [1]:22626053 [2]:147 [3]:355
[0]:133863129 [1]:22670737 [2]:147 [3]:54
[0]:134061052 [1]:22716466 [2]:147 [3]:359
[0]:134266145 [1]:22763853 [2]:147 [3]:62
[0]:134464039 [1]:22809599 [2]:147 [3]:358
[0]:134668819 [1]:22856828 [2]:147 [3]:367
[0]:134865543 [1]:22902355 [2]:148 [3]:364
[0]:135064861 [1]:22948362 [2]:148 [3]:363
[0]:135262902 [1]:22994198 [2]:148 [3]:362
[0]:135454971 [1]:23038556 [2]:148 [3]:357
[0]:135655319 [1]:23084792 [2]:148 [3]:364
[0]:135852428 [1]:23130354 [2]:148 [3]:357
[0]:136047669 [1]:23175454 [2]:148 [3]:361
[0]:136244363 [1]:23220867 [2]:148 [3]:357
[0]:136442189 [1]:23266596 [2]:148 [3]:66
[0]:136633059 [1]:23310669 [2]:148 [3]:361
[0]:136852873 [1]:23361449 [2]:148 [3]:360
[0]:137054781 [1]:23408078 [2]:148 [3]:354
[0]:137263089 [1]:23456255 [2]:148 [3]:358
[0]:137481718 [1]:23506690 [2]:148 [3]:54
[0]:137674693 [1]:23551271 [2]:149 [3]:359
[0]:137874033 [1]:23597346 [2]:149 [3]:60
[0]:138135548 [1]:23657781 [2]:149 [3]:362
[0]:138338255 [1]:23704671 [2]:149 [3]:360
[0]:138528802 [1]:23748587 [2]:149 [3]:359
[0]:138722887 [1]:23793413 [2]:149 [3]:365
[0]:138917052 [1]:23838283 [2]:149 [3]:359
[0]:139110952 [1]:23883126 [2]:149 [3]:360
[0]:139301279 [1]:23927124 [2]:149 [3]:361
[0]:139528899 [1]:23979679 [2]:149 [3]:65
[0]:139766845 [1]:24034635 [2]:149 [3]:359
[0]:139961217 [1]:24079587 [2]:149 [3]:359
[0]:140158932 [1]:24125325 [2]:149 [3]:362
[0]:140354112 [1]:24170278 [2]:149 [3]:361
[0]:140555134 [1]:24216751 [2]:150 [3]:359
[0]:140745756 [1]:24260802 [2]:150 [3]:360
[0]:140940255 [1]:24305733 [2]:150 [3]:362
[0]:141130401 [1]:24349655 [2]:150 [3]:362
[0]:141313221 [1]:24391852 [2]:150 [3]:362
[0]:141522245 [1]:24440129 [2]:150 [3]:359
[0]:141720077 [1]:24485782 [2]:150 [3]:364
[0]:141913946 [1]:24530582 [2]:150 [3]:361
[0]:142108122 [1]:24575477 [2]:150 [3]:357
[0]:142309815 [1]:24621994 [2]:150 [3]:355
[0]:142511212 [1]:24668609 [2]:150 [3]:364
