[0]:0 [1]:0 [2]:0 [3]:0
[0]:0 [1]:0 [2]:0 [3]:0
[0]:0 [1]:0 [2]:0 [3]:0
[0]:1585161 [1]:0 [2]:0 [3]:7
[0]:3496601 [1]:0 [2]:0 [3]:8
[0]:5372831 [1]:0 [2]:0 [3]:8
[0]:7239102 [1]:0 [2]:0 [3]:11
[0]:9153480 [1]:0 [2]:0 [3]:9
[0]:10965640 [1]:0 [2]:0 [3]:10
[0]:12900857 [1]:0 [2]:0 [3]:10
[0]:14859739 [1]:0 [2]:0 [3]:10
[0]:16781048 [1]:0 [2]:0 [3]:31
[0]:18607243 [1]:0 [2]:0 [3]:8
[0]:20521915 [1]:0 [2]:0 [3]:12
[0]:22478583 [1]:0 [2]:0 [3]:10
[0]:24346703 [1]:0 [2]:0 [3]:14
[0]:26218211 [1]:0 [2]:0 [3]:9
[0]:28077272 [1]:0 [2]:0 [3]:29
[0]:29992376 [1]:0 [2]:0 [3]:12
[0]:32035020 [1]:0 [2]:0 [3]:33
[0]:33701976 [1]:0 [2]:0 [3]:11
[0]:35352879 [1]:0 [2]:0 [3]:29
[0]:37077296 [1]:0 [2]:0 [3]:34
[0]:38811723 [1]:0 [2]:0 [3]:11
[0]:40899356 [1]:0 [2]:0 [3]:11
[0]:42587065 [1]:0 [2]:0 [3]:9
[0]:44243665 [1]:0 [2]:0 [3]:7
[0]:45967019 [1]:0 [2]:0 [3]:10
[0]:47973189 [1]:0 [2]:0 [3]:9
[0]:49640855 [1]:0 [2]:0 [3]:9
[0]:51543747 [1]:0 [2]:0 [3]:29
[0]:53250519 [1]:0 [2]:0 [3]:13
[0]:55111576 [1]:0 [2]:0 [3]:31
[0]:57278555 [1]:0 [2]:0 [3]:7
[0]:59242159 [1]:0 [2]:0 [3]:8
[0]:61007519 [1]:0 [2]:0 [3]:9
[0]:62713349 [1]:0 [2]:0 [3]:29
[0]:64406898 [1]:0 [2]:0 [3]:11
[0]:66066848 [1]:0 [2]:0 [3]:28
[0]:67738898 [1]:0 [2]:0 [3]:33
[0]:69420572 [1]:0 [2]:0 [3]:9
[0]:71251800 [1]:0 [2]:0 [3]:34
[0]:72910833 [1]:0 [2]:0 [3]:8
[0]:74721076 [1]:0 [2]:0 [3]:10
[0]:76425281 [1]:0 [2]:0 [3]:10
[0]:78296724 [1]:0 [2]:0 [3]:9
[0]:79958007 [1]:0 [2]:0 [3]:12
[0]:81601748 [1]:0 [2]:0 [3]:8
[0]:83614822 [1]:0 [2]:0 [3]:30
[0]:85759065 [1]:0 [2]:0 [3]:33
[0]:87845012 [1]:0 [2]:0 [3]:10
[0]:89793798 [1]:0 [2]:0 [3]:27
[0]:91706990 [1]:0 [2]:0 [3]:29
[0]:93579194 [1]:0 [2]:0 [3]:11
[0]:95450842 [1]:0 [2]:0 [3]:32
[0]:97403624 [1]:0 [2]:0 [3]:11
[0]:99271397 [1]:0 [2]:0 [3]:33
[0]:101340829 [1]:0 [2]:0 [3]:31
[0]:103174651 [1]:0 [2]:0 [3]:11
[0]:105033016 [1]:0 [2]:0 [3]:32
[0]:106943485 [1]:0 [2]:0 [3]:9
[0]:109144416 [1]:0 [2]:0 [3]:28
[0]:110962783 [1]:0 [2]:0 [3]:10
[0]:112834519 [1]:0 [2]:0 [3]:10
[0]:114703353 [1]:0 [2]:0 [3]:10
[0]:116537174 [1]:0 [2]:0 [3]:28
[0]:118488989 [1]:0 [2]:0 [3]:11
[0]:120358382 [1]:0 [2]:0 [3]:10
[0]:122054634 [1]:0 [2]:0 [3]:31
[0]:123702016 [1]:0 [2]:0 [3]:31
[0]:125386593 [1]:0 [2]:0 [3]:11
[0]:127070717 [1]:0 [2]:0 [3]:32
[0]:128749751 [1]:0 [2]:0 [3]:10
[0]:130468754 [1]:0 [2]:0 [3]:29
[0]:132223241 [1]:0 [2]:0 [3]:10
[0]:133965014 [1]:0 [2]:0 [3]:9
[0]:135111687 [1]:425635 [2]:7 [3]:12
[0]:136116374 [1]:932513 [2]:7 [3]:9
[0]:137167100 [1]:1464559 [2]:7 [3]:14
[0]:138398989 [1]:2093962 [2]:7 [3]:57
[0]:139381324 [1]:2592372 [2]:7 [3]:50
[0]:140414512 [1]:3119235 [2]:7 [3]:14
[0]:141760611 [1]:3810179 [2]:7 [3]:59
[0]:143040838 [1]:4463723 [2]:7 [3]:51
[0]:144123932 [1]:5013149 [2]:7 [3]:15
[0]:145180454 [1]:5551140 [2]:7 [3]:12
[0]:146242463 [1]:6094705 [2]:7 [3]:53
[0]:147243640 [1]:6601937 [2]:7 [3]:49
[0]:148286636 [1]:7133166 [2]:7 [3]:12
[0]:149322378 [1]:7666740 [2]:7 [3]:10
[0]:150374687 [1]:8209890 [2]:7 [3]:52
[0]:151381913 [1]:8725419 [2]:7 [3]:12
[0]:152402242 [1]:9250533 [2]:7 [3]:56
[0]:153465594 [1]:9792253 [2]:7 [3]:14
[0]:154484904 [1]:10312304 [2]:7 [3]:13
[0]:155545764 [1]:10858896 [2]:7 [3]:13
[0]:156559059 [1]:11376978 [2]:7 [3]:49
[0]:157564674 [1]:11895275 [2]:7 [3]:10
[0]:158922267 [1]:12594341 [2]:7 [3]:14
[0]:160147199 [1]:13227023 [2]:7 [3]:11
[0]:161412006 [1]:13871253 [2]:7 [3]:15
[0]:162548108 [1]:14452807 [2]:7 [3]:12
[0]:163654235 [1]:15015987 [2]:7 [3]:49
[0]:164833876 [1]:15621465 [2]:7 [3]:51
[0]:166006381 [1]:16222115 [2]:7 [3]:15
[0]:167152032 [1]:16809037 [2]:7 [3]:9
[0]:168514056 [1]:17506740 [2]:7 [3]:14
[0]:169611469 [1]:18069249 [2]:7 [3]:11
[0]:170772976 [1]:18664682 [2]:7 [3]:16
[0]:171963484 [1]:19284023 [2]:7 [3]:12
[0]:173313453 [1]:19974718 [2]:7 [3]:15
[0]:174408376 [1]:20537541 [2]:7 [3]:19
[0]:175519572 [1]:21102078 [2]:7 [3]:21
[0]:176625087 [1]:21668480 [2]:7 [3]:15
[0]:177775259 [1]:22256794 [2]:7 [3]:12
[0]:178892590 [1]:22830382 [2]:7 [3]:12
[0]:180017554 [1]:23407677 [2]:7 [3]:54
[0]:181093963 [1]:23959813 [2]:7 [3]:8
[0]:182196625 [1]:24528735 [2]:7 [3]:15
[0]:183199241 [1]:25044827 [2]:7 [3]:16
[0]:184229872 [1]:25571873 [2]:7 [3]:51
[0]:185306292 [1]:26124930 [2]:7 [3]:10
[0]:186317578 [1]:26644258 [2]:7 [3]:11
[0]:187335311 [1]:27168301 [2]:7 [3]:9
[0]:188396338 [1]:27712636 [2]:7 [3]:18
[0]:189447498 [1]:28253920 [2]:7 [3]:46
[0]:190449807 [1]:28763686 [2]:7 [3]:55
[0]:191438424 [1]:29271167 [2]:7 [3]:7
[0]:192703868 [1]:29924994 [2]:7 [3]:12
[0]:193766750 [1]:30468417 [2]:7 [3]:19
[0]:194746967 [1]:30974303 [2]:7 [3]:11
[0]:195760225 [1]:31496134 [2]:7 [3]:49
[0]:196791059 [1]:32026394 [2]:7 [3]:11
[0]:198017664 [1]:32658184 [2]:7 [3]:13
[0]:199489494 [1]:33411442 [2]:7 [3]:11
[0]:200801799 [1]:34084079 [2]:7 [3]:16
[0]:201833590 [1]:34609708 [2]:7 [3]:14
[0]:202873162 [1]:35140708 [2]:7 [3]:53
[0]:204029722 [1]:35735719 [2]:7 [3]:15
[0]:205132376 [1]:36301755 [2]:7 [3]:57
[0]:206132108 [1]:36811749 [2]:7 [3]:14
[0]:207149510 [1]:37330262 [2]:7 [3]:14
[0]:208176549 [1]:37852070 [2]:7 [3]:16
[0]:209188874 [1]:38369564 [2]:7 [3]:14
[0]:210175725 [1]:38874860 [2]:7 [3]:48
[0]:211197364 [1]:39404135 [2]:7 [3]:9
[0]:212208070 [1]:39925304 [2]:7 [3]:15
[0]:213236546 [1]:40455623 [2]:7 [3]:53
[0]:214764651 [1]:41233889 [2]:7 [3]:12
[0]:216186513 [1]:41958323 [2]:7 [3]:11
[0]:217431706 [1]:42598625 [2]:7 [3]:28
[0]:218769304 [1]:43286769 [2]:7 [3]:12
[0]:219943895 [1]:43888377 [2]:7 [3]:14
[0]:221158392 [1]:44508441 [2]:7 [3]:17
[0]:222295544 [1]:45090941 [2]:7 [3]:58
[0]:223438584 [1]:45679492 [2]:7 [3]:15
[0]:224576754 [1]:46265627 [2]:7 [3]:9
[0]:225701393 [1]:46839326 [2]:7 [3]:14
[0]:226886626 [1]:47445468 [2]:7 [3]:13
[0]:227997529 [1]:48014356 [2]:7 [3]:16
[0]:229098557 [1]:48575947 [2]:7 [3]:16
[0]:230304933 [1]:49190002 [2]:7 [3]:13
[0]:231487594 [1]:49795287 [2]:7 [3]:16
[0]:232669514 [1]:50404189 [2]:7 [3]:16
[0]:233817529 [1]:51002296 [2]:7 [3]:50
[0]:234998814 [1]:51610449 [2]:7 [3]:15
[0]:236264307 [1]:52262454 [2]:7 [3]:14
[0]:237387529 [1]:52835278 [2]:7 [3]:13
[0]:238804998 [1]:53559780 [2]:7 [3]:14
[0]:239799376 [1]:54068624 [2]:7 [3]:12
[0]:240803229 [1]:54583258 [2]:7 [3]:15
[0]:241801545 [1]:55096100 [2]:7 [3]:12
[0]:242751598 [1]:55585937 [2]:7 [3]:48
[0]:243889865 [1]:56168576 [2]:7 [3]:52
[0]:244898410 [1]:56688371 [2]:7 [3]:11
[0]:245945227 [1]:57219116 [2]:7 [3]:13
[0]:247074253 [1]:57795923 [2]:7 [3]:47
[0]:248102275 [1]:58320844 [2]:7 [3]:8
[0]:249344663 [1]:58957064 [2]:7 [3]:7
[0]:250357822 [1]:59473945 [2]:7 [3]:12
[0]:251362475 [1]:59988506 [2]:7 [3]:13
[0]:252759928 [1]:60708249 [2]:7 [3]:61
[0]:253982981 [1]:61339635 [2]:7 [3]:12
[0]:255355310 [1]:62038284 [2]:7 [3]:16
[0]:256778143 [1]:62769930 [2]:7 [3]:11
[0]:257764638 [1]:63277782 [2]:7 [3]:12
[0]:258746456 [1]:63780214 [2]:7 [3]:54
[0]:259762312 [1]:64297462 [2]:7 [3]:13
[0]:260812763 [1]:64830580 [2]:7 [3]:10
[0]:261842840 [1]:65360457 [2]:7 [3]:53
[0]:262832844 [1]:65866800 [2]:7 [3]:13
[0]:263829246 [1]:66374254 [2]:7 [3]:56
[0]:264829621 [1]:66888001 [2]:7 [3]:14
[0]:265857854 [1]:67412314 [2]:7 [3]:50
[0]:266860839 [1]:67924261 [2]:7 [3]:10
[0]:267900347 [1]:68457793 [2]:7 [3]:11
[0]:268972805 [1]:69006687 [2]:7 [3]:11
[0]:269999739 [1]:69530018 [2]:7 [3]:49
[0]:271082595 [1]:70080590 [2]:7 [3]:21
[0]:272386437 [1]:70743584 [2]:7 [3]:52
[0]:273633080 [1]:71378754 [2]:7 [3]:57
[0]:274877462 [1]:72015758 [2]:7 [3]:9
