[0]:3404063929 [1]:1 [2]:2 [3]:163
[0]:4143827874 [1]:1 [2]:2 [3]:126
[0]:3931676677 [1]:1 [2]:2 [3]:184
[0]:3719767732 [1]:1 [2]:2 [3]:96
[0]:3481148304 [1]:1 [2]:2 [3]:195
[0]:4268665311 [1]:1 [2]:2 [3]:202
[0]:4037882332 [1]:1 [2]:2 [3]:68
[0]:3827446818 [1]:1 [2]:2 [3]:173
[0]:3622269888 [1]:1 [2]:2 [3]:68
[0]:3420990514 [1]:1 [2]:2 [3]:138
[0]:4211875893 [1]:1 [2]:2 [3]:48
[0]:4000356761 [1]:1 [2]:2 [3]:192
[0]:3795636982 [1]:1 [2]:2 [3]:193
[0]:3583669044 [1]:1 [2]:2 [3]:110
[0]:3364613697 [1]:1 [2]:2 [3]:196
[0]:4155555709 [1]:1 [2]:2 [3]:101
[0]:3939603268 [1]:1 [2]:2 [3]:25
[0]:3721342573 [1]:1 [2]:2 [3]:78
[0]:3500350144 [1]:1 [2]:2 [3]:67
[0]:4287546428 [1]:1 [2]:2 [3]:193
[0]:4082941129 [1]:1 [2]:2 [3]:61
[0]:3876302918 [1]:1 [2]:2 [3]:137
[0]:3663691611 [1]:1 [2]:2 [3]:143
[0]:3397277146 [1]:1 [2]:2 [3]:31
[0]:4187557012 [1]:1 [2]:2 [3]:191
[0]:3961920224 [1]:1 [2]:2 [3]:69
[0]:3759755731 [1]:1 [2]:2 [3]:28
[0]:3548111148 [1]:1 [2]:2 [3]:147
[0]:3331370761 [1]:1 [2]:2 [3]:134
[0]:4103512226 [1]:1 [2]:2 [3]:99
[0]:3894084307 [1]:1 [2]:2 [3]:114
[0]:3687953199 [1]:1 [2]:2 [3]:50
[0]:3459777119 [1]:1 [2]:2 [3]:46
[0]:4255595829 [1]:1 [2]:2 [3]:71
[0]:4036957812 [1]:1 [2]:2 [3]:132
[0]:3823661241 [1]:1 [2]:2 [3]:193
[0]:3611686662 [1]:1 [2]:2 [3]:60
[0]:3411677212 [1]:1 [2]:2 [3]:203
[0]:4210145704 [1]:1 [2]:2 [3]:128
[0]:4003808976 [1]:1 [2]:2 [3]:185
[0]:3775364154 [1]:1 [2]:2 [3]:102
[0]:3571730686 [1]:1 [2]:2 [3]:43
[0]:3327901938 [1]:1 [2]:2 [3]:102
[0]:4117608472 [1]:1 [2]:2 [3]:33
[0]:3903721274 [1]:1 [2]:2 [3]:137
[0]:3699256714 [1]:1 [2]:2 [3]:169
[0]:3484011916 [1]:1 [2]:2 [3]:140
[0]:4271191327 [1]:1 [2]:2 [3]:189
[0]:4064151559 [1]:1 [2]:2 [3]:30
[0]:3845468963 [1]:1 [2]:2 [3]:165
[0]:3639883172 [1]:1 [2]:2 [3]:33
[0]:3428655874 [1]:1 [2]:2 [3]:29
[0]:4213655823 [1]:1 [2]:2 [3]:192
[0]:4003647524 [1]:1 [2]:2 [3]:196
[0]:3796045792 [1]:1 [2]:2 [3]:28
[0]:3584043806 [1]:1 [2]:2 [3]:109
[0]:3373454324 [1]:1 [2]:2 [3]:189
[0]:4115775486 [1]:1 [2]:2 [3]:57
[0]:3906018813 [1]:1 [2]:2 [3]:39
[0]:3700085473 [1]:1 [2]:2 [3]:47
[0]:3492031083 [1]:1 [2]:2 [3]:202
[0]:4280259834 [1]:1 [2]:2 [3]:30
[0]:4075928787 [1]:1 [2]:2 [3]:163
[0]:3864799953 [1]:1 [2]:2 [3]:185
[0]:3647915481 [1]:1 [2]:2 [3]:161
[0]:3428349944 [1]:1 [2]:2 [3]:49
[0]:4210701513 [1]:1 [2]:2 [3]:195
[0]:4004014181 [1]:1 [2]:2 [3]:203
[0]:3791489319 [1]:1 [2]:2 [3]:86
[0]:3583941098 [1]:1 [2]:2 [3]:111
[0]:3379885399 [1]:1 [2]:2 [3]:196
[0]:4172529056 [1]:1 [2]:2 [3]:66
[0]:3967658116 [1]:1 [2]:2 [3]:187
[0]:3756358682 [1]:1 [2]:2 [3]:140
[0]:3543546796 [1]:1 [2]:2 [3]:105
