[0]:3494682676 [1]:1 [2]:2 [3]:47
[0]:4270576884 [1]:1 [2]:2 [3]:85
[0]:4058888828 [1]:1 [2]:2 [3]:184
[0]:3846300428 [1]:1 [2]:2 [3]:174
[0]:3630414629 [1]:1 [2]:2 [3]:184
[0]:3414605611 [1]:1 [2]:2 [3]:200
[0]:4202606882 [1]:1 [2]:2 [3]:166
[0]:3992839593 [1]:1 [2]:2 [3]:145
[0]:3773366689 [1]:1 [2]:2 [3]:179
[0]:3562792852 [1]:1 [2]:2 [3]:187
[0]:3350450572 [1]:1 [2]:2 [3]:123
[0]:4118589113 [1]:1 [2]:2 [3]:198
[0]:3894440453 [1]:1 [2]:2 [3]:215
[0]:3686455097 [1]:1 [2]:2 [3]:72
[0]:3478682013 [1]:1 [2]:2 [3]:201
[0]:4266362043 [1]:1 [2]:2 [3]:147
[0]:4054591837 [1]:1 [2]:2 [3]:38
[0]:3846721531 [1]:1 [2]:2 [3]:181
[0]:3630820556 [1]:1 [2]:2 [3]:86
[0]:3426520789 [1]:1 [2]:2 [3]:197
[0]:4215388869 [1]:1 [2]:2 [3]:216
[0]:4006563657 [1]:1 [2]:2 [3]:177
[0]:3762416654 [1]:1 [2]:2 [3]:53
[0]:3558445357 [1]:1 [2]:2 [3]:137
[0]:3354810798 [1]:1 [2]:2 [3]:188
[0]:4146553231 [1]:1 [2]:2 [3]:196
[0]:3934332808 [1]:1 [2]:2 [3]:91
[0]:3724287653 [1]:1 [2]:2 [3]:202
[0]:3518509432 [1]:1 [2]:2 [3]:147
[0]:3318677928 [1]:1 [2]:2 [3]:71
[0]:4109150477 [1]:1 [2]:2 [3]:178
[0]:3891159056 [1]:1 [2]:2 [3]:107
[0]:3686704321 [1]:1 [2]:2 [3]:94
[0]:3466617599 [1]:1 [2]:2 [3]:200
[0]:4254541816 [1]:1 [2]:2 [3]:69
[0]:4046589462 [1]:1 [2]:2 [3]:220
[0]:3839721444 [1]:1 [2]:2 [3]:204
[0]:3600373981 [1]:1 [2]:2 [3]:185
[0]:3391502563 [1]:1 [2]:2 [3]:199
[0]:4182851109 [1]:1 [2]:2 [3]:188
[0]:3970877937 [1]:1 [2]:2 [3]:183
[0]:3762672666 [1]:1 [2]:2 [3]:163
[0]:3554669096 [1]:1 [2]:2 [3]:166
[0]:3342469087 [1]:1 [2]:2 [3]:188
[0]:4097957686 [1]:1 [2]:2 [3]:151
[0]:3896426213 [1]:1 [2]:2 [3]:123
[0]:3687308822 [1]:1 [2]:2 [3]:173
[0]:3442512847 [1]:1 [2]:2 [3]:154
[0]:4236981921 [1]:1 [2]:2 [3]:164
[0]:4010476934 [1]:1 [2]:2 [3]:158
[0]:3801178067 [1]:1 [2]:2 [3]:176
[0]:3594810447 [1]:1 [2]:2 [3]:172
[0]:3374366661 [1]:1 [2]:2 [3]:167
[0]:4163872583 [1]:1 [2]:2 [3]:96
[0]:3946484407 [1]:1 [2]:2 [3]:82
[0]:3740348889 [1]:1 [2]:2 [3]:117
[0]:3524095754 [1]:1 [2]:2 [3]:160
[0]:4292366731 [1]:1 [2]:2 [3]:203
[0]:4086675178 [1]:1 [2]:2 [3]:214
[0]:3883020826 [1]:1 [2]:2 [3]:99
[0]:3658637942 [1]:1 [2]:2 [3]:168
[0]:3442600046 [1]:1 [2]:2 [3]:216
[0]:4226453709 [1]:1 [2]:2 [3]:59
[0]:4020620487 [1]:1 [2]:2 [3]:84
[0]:3806709288 [1]:1 [2]:2 [3]:42
[0]:3594595258 [1]:1 [2]:2 [3]:206
[0]:3382713072 [1]:1 [2]:2 [3]:181
[0]:4170562478 [1]:1 [2]:2 [3]:98
[0]:3958793836 [1]:1 [2]:2 [3]:45
[0]:3746797007 [1]:1 [2]:2 [3]:45
[0]:3539597613 [1]:1 [2]:2 [3]:83
[0]:3322593112 [1]:1 [2]:2 [3]:76
[0]:4090790624 [1]:1 [2]:2 [3]:174
[0]:3890837987 [1]:1 [2]:2 [3]:157
[0]:3687418006 [1]:1 [2]:2 [3]:191
