[0]:167956849 [1]:34359657 [2]:0 [3]:366
[0]:168192142 [1]:34401888 [2]:0 [3]:372
[0]:168398930 [1]:34434898 [2]:0 [3]:367
[0]:168605721 [1]:34467857 [2]:0 [3]:367
[0]:168805270 [1]:34499768 [2]:0 [3]:80
[0]:169006260 [1]:34531892 [2]:0 [3]:361
[0]:169221677 [1]:34566297 [2]:0 [3]:365
[0]:169444282 [1]:34601763 [2]:0 [3]:363
[0]:169653085 [1]:34635110 [2]:0 [3]:367
[0]:169866334 [1]:34669116 [2]:0 [3]:367
[0]:170075167 [1]:34702445 [2]:0 [3]:363
[0]:170286919 [1]:34736266 [2]:0 [3]:349
[0]:170501932 [1]:34770615 [2]:0 [3]:361
[0]:170718327 [1]:34805197 [2]:0 [3]:371
[0]:170927971 [1]:34838671 [2]:0 [3]:362
[0]:171223185 [1]:34885740 [2]:0 [3]:368
[0]:171438744 [1]:34920085 [2]:0 [3]:362
[0]:171650033 [1]:34953793 [2]:0 [3]:84
[0]:171852196 [1]:34986016 [2]:0 [3]:361
[0]:172080070 [1]:35022395 [2]:0 [3]:369
[0]:172289095 [1]:35055827 [2]:0 [3]:359
[0]:172506157 [1]:35090407 [2]:0 [3]:357
[0]:172715105 [1]:35123816 [2]:0 [3]:368
[0]:172919053 [1]:35156409 [2]:0 [3]:354
[0]:173133388 [1]:35190586 [2]:0 [3]:363
[0]:173354433 [1]:35225805 [2]:0 [3]:362
[0]:173559546 [1]:35258635 [2]:0 [3]:370
[0]:173766143 [1]:35291628 [2]:0 [3]:353
[0]:173961582 [1]:35322892 [2]:0 [3]:365
[0]:174169126 [1]:35356156 [2]:0 [3]:361
[0]:174384141 [1]:35390400 [2]:0 [3]:373
[0]:174644331 [1]:35431946 [2]:0 [3]:367
[0]:174846887 [1]:35464324 [2]:0 [3]:355
[0]:175054510 [1]:35497500 [2]:0 [3]:360
[0]:175271758 [1]:35532177 [2]:0 [3]:362
[0]:175484391 [1]:35566062 [2]:0 [3]:373
[0]:175701203 [1]:35600808 [2]:0 [3]:365
[0]:175902496 [1]:35632933 [2]:0 [3]:364
[0]:176117840 [1]:35667291 [2]:0 [3]:362
[0]:176356598 [1]:35705244 [2]:0 [3]:361
[0]:176568389 [1]:35738993 [2]:0 [3]:367
[0]:176768785 [1]:35770950 [2]:0 [3]:353
[0]:176978058 [1]:35804416 [2]:0 [3]:355
[0]:177193135 [1]:35838695 [2]:0 [3]:368
[0]:177420202 [1]:35874946 [2]:0 [3]:370
[0]:177674523 [1]:35915551 [2]:0 [3]:367
[0]:177883203 [1]:35948831 [2]:0 [3]:363
[0]:178080601 [1]:35980300 [2]:0 [3]:362
[0]:178294008 [1]:36014336 [2]:0 [3]:367
[0]:178503037 [1]:36047729 [2]:0 [3]:357
[0]:178719949 [1]:36082359 [2]:0 [3]:374
[0]:178924764 [1]:36115052 [2]:0 [3]:363
[0]:179157986 [1]:36152282 [2]:0 [3]:370
[0]:179416649 [1]:36193584 [2]:0 [3]:370
[0]:179614914 [1]:36225251 [2]:0 [3]:78
[0]:179828484 [1]:36259287 [2]:0 [3]:367
[0]:180037701 [1]:36292754 [2]:0 [3]:368
[0]:180247366 [1]:36326165 [2]:0 [3]:355
[0]:180454994 [1]:36359402 [2]:0 [3]:367
[0]:180653251 [1]:36391007 [2]:0 [3]:358
[0]:180857708 [1]:36423572 [2]:0 [3]:360
[0]:181066022 [1]:36456787 [2]:0 [3]:359
[0]:181268722 [1]:36489103 [2]:0 [3]:76
[0]:181473755 [1]:36521769 [2]:0 [3]:82
[0]:181682821 [1]:36555160 [2]:0 [3]:371
[0]:181884245 [1]:36587277 [2]:0 [3]:364
[0]:182093203 [1]:36620753 [2]:0 [3]:360
[0]:182306375 [1]:36654653 [2]:0 [3]:355
[0]:182503525 [1]:36686104 [2]:0 [3]:365
[0]:182722061 [1]:36720960 [2]:0 [3]:352
[0]:182925898 [1]:36753492 [2]:0 [3]:75
[0]:183134883 [1]:36786837 [2]:0 [3]:373
[0]:183336115 [1]:36818925 [2]:0 [3]:372
[0]:183541404 [1]:36851649 [2]:0 [3]:364
