[0]:0 [1]:0 [2]:0 [3]:0
[0]:0 [1]:0 [2]:0 [3]:0
[0]:233191 [1]:0 [2]:0 [3]:67
[0]:461289 [1]:0 [2]:0 [3]:76
[0]:693628 [1]:0 [2]:0 [3]:318
[0]:921498 [1]:0 [2]:0 [3]:102
[0]:1142554 [1]:10620 [2]:121 [3]:355
[0]:1346029 [1]:33680 [2]:121 [3]:92
[0]:1575210 [1]:59904 [2]:121 [3]:357
[0]:1783042 [1]:83585 [2]:121 [3]:365
[0]:1979899 [1]:105659 [2]:121 [3]:65
[0]:2176182 [1]:127717 [2]:121 [3]:57
[0]:2384470 [1]:151115 [2]:121 [3]:359
[0]:2615241 [1]:177153 [2]:90 [3]:78
[0]:2821354 [1]:200356 [2]:90 [3]:363
[0]:3027409 [1]:223481 [2]:90 [3]:366
[0]:3229187 [1]:246148 [2]:90 [3]:348
[0]:3445116 [1]:270407 [2]:90 [3]:58
[0]:3697927 [1]:298885 [2]:90 [3]:360
[0]:3911627 [1]:322986 [2]:90 [3]:354
[0]:4110089 [1]:345311 [2]:80 [3]:365
[0]:4304308 [1]:367174 [2]:80 [3]:57
[0]:4507097 [1]:389993 [2]:80 [3]:358
[0]:4691268 [1]:410809 [2]:80 [3]:50
[0]:4889110 [1]:433021 [2]:80 [3]:74
[0]:5094046 [1]:456106 [2]:80 [3]:63
[0]:5293750 [1]:478580 [2]:80 [3]:93
[0]:5492293 [1]:500958 [2]:80 [3]:66
[0]:5712825 [1]:525872 [2]:77 [3]:64
[0]:5907666 [1]:547923 [2]:77 [3]:63
[0]:6149537 [1]:575166 [2]:77 [3]:56
[0]:6336869 [1]:596337 [2]:77 [3]:68
[0]:6549087 [1]:620253 [2]:77 [3]:78
[0]:6761564 [1]:644256 [2]:77 [3]:67
[0]:6962510 [1]:666907 [2]:77 [3]:53
[0]:7163832 [1]:689515 [2]:76 [3]:72
[0]:7372058 [1]:713031 [2]:76 [3]:66
[0]:7570477 [1]:735388 [2]:76 [3]:73
[0]:7791412 [1]:760343 [2]:76 [3]:366
[0]:7989837 [1]:782784 [2]:76 [3]:369
[0]:8252986 [1]:812394 [2]:76 [3]:77
[0]:8450664 [1]:834590 [2]:76 [3]:362
[0]:8700726 [1]:862634 [2]:75 [3]:359
[0]:8904197 [1]:885542 [2]:75 [3]:70
[0]:9102902 [1]:907947 [2]:75 [3]:74
[0]:9300594 [1]:930194 [2]:75 [3]:362
[0]:9507098 [1]:953430 [2]:75 [3]:372
[0]:9706393 [1]:975876 [2]:75 [3]:373
[0]:9907752 [1]:998542 [2]:75 [3]:366
[0]:10128184 [1]:1023420 [2]:75 [3]:55
[0]:10368223 [1]:1050606 [2]:75 [3]:361
[0]:10563054 [1]:1072501 [2]:75 [3]:361
[0]:10765318 [1]:1095340 [2]:75 [3]:59
[0]:10963143 [1]:1117750 [2]:75 [3]:359
[0]:11162201 [1]:1140222 [2]:75 [3]:368
[0]:11360474 [1]:1162663 [2]:75 [3]:78
[0]:11574649 [1]:1186913 [2]:75 [3]:67
[0]:11788738 [1]:1211146 [2]:75 [3]:63
[0]:11992682 [1]:1234144 [2]:75 [3]:361
[0]:12191446 [1]:1256555 [2]:75 [3]:60
[0]:12419608 [1]:1282214 [2]:75 [3]:61
[0]:12615939 [1]:1304524 [2]:75 [3]:76
[0]:12832522 [1]:1328739 [2]:75 [3]:374
[0]:13034500 [1]:1351456 [2]:75 [3]:355
[0]:13244175 [1]:1375051 [2]:75 [3]:62
[0]:13442802 [1]:1397350 [2]:75 [3]:72
[0]:13648684 [1]:1420615 [2]:75 [3]:366
[0]:13845664 [1]:1442777 [2]:75 [3]:56
[0]:14056939 [1]:1466574 [2]:75 [3]:62
[0]:14265589 [1]:1490206 [2]:75 [3]:56
