[0]:61177267 [1]:9699695 [2]:152 [3]:352
[0]:61374939 [1]:9745367 [2]:152 [3]:359
[0]:61568981 [1]:9790144 [2]:152 [3]:365
[0]:61800568 [1]:9843709 [2]:152 [3]:358
[0]:62001998 [1]:9890179 [2]:152 [3]:362
[0]:62197559 [1]:9935359 [2]:152 [3]:361
[0]:62442345 [1]:9991901 [2]:152 [3]:362
[0]:62632656 [1]:10035840 [2]:152 [3]:57
[0]:62853023 [1]:10086668 [2]:152 [3]:363
[0]:63047040 [1]:10131512 [2]:152 [3]:364
[0]:63237208 [1]:10175462 [2]:152 [3]:56
[0]:63486864 [1]:10233072 [2]:152 [3]:364
[0]:63681675 [1]:10278045 [2]:152 [3]:359
[0]:63882561 [1]:10324403 [2]:152 [3]:365
[0]:64074278 [1]:10368758 [2]:162 [3]:366
[0]:64269946 [1]:10413952 [2]:162 [3]:61
[0]:64454280 [1]:10456542 [2]:162 [3]:361
[0]:64636913 [1]:10498759 [2]:162 [3]:364
[0]:64830634 [1]:10543420 [2]:162 [3]:363
[0]:65029120 [1]:10589255 [2]:162 [3]:365
[0]:65222757 [1]:10634018 [2]:162 [3]:361
[0]:65417844 [1]:10679223 [2]:162 [3]:369
[0]:65615026 [1]:10724769 [2]:162 [3]:362
[0]:65816564 [1]:10771331 [2]:162 [3]:355
[0]:66025304 [1]:10819580 [2]:162 [3]:365
[0]:66221250 [1]:10864834 [2]:162 [3]:360
[0]:66413633 [1]:10909302 [2]:162 [3]:356
[0]:66611294 [1]:10955001 [2]:162 [3]:361
[0]:66801647 [1]:10999021 [2]:165 [3]:363
[0]:67005938 [1]:11046202 [2]:165 [3]:360
[0]:67201181 [1]:11091377 [2]:165 [3]:367
[0]:67398395 [1]:11136987 [2]:165 [3]:355
[0]:67593064 [1]:11181861 [2]:165 [3]:365
[0]:67800472 [1]:11229808 [2]:165 [3]:359
[0]:67993779 [1]:11274549 [2]:165 [3]:364
[0]:68274490 [1]:11339467 [2]:165 [3]:365
[0]:68481045 [1]:11387149 [2]:165 [3]:363
[0]:68726174 [1]:11443848 [2]:165 [3]:365
[0]:68921630 [1]:11489001 [2]:165 [3]:361
[0]:69119509 [1]:11534739 [2]:165 [3]:360
[0]:69341901 [1]:11586076 [2]:165 [3]:355
[0]:69563347 [1]:11637264 [2]:166 [3]:360
[0]:69765198 [1]:11683913 [2]:166 [3]:358
[0]:69962962 [1]:11729662 [2]:166 [3]:64
[0]:70183320 [1]:11780553 [2]:166 [3]:65
[0]:70377274 [1]:11825260 [2]:166 [3]:65
[0]:70586367 [1]:11873621 [2]:166 [3]:61
[0]:70780056 [1]:11918426 [2]:166 [3]:362
[0]:71026599 [1]:11975350 [2]:166 [3]:360
[0]:71209747 [1]:12017598 [2]:166 [3]:65
[0]:71407376 [1]:12063258 [2]:166 [3]:355
[0]:71668714 [1]:12123728 [2]:166 [3]:363
[0]:71862901 [1]:12168537 [2]:166 [3]:371
[0]:72053282 [1]:12212558 [2]:166 [3]:357
[0]:72300006 [1]:12269498 [2]:166 [3]:363
[0]:72496953 [1]:12315017 [2]:166 [3]:358
[0]:72706129 [1]:12363423 [2]:166 [3]:58
[0]:72904196 [1]:12409178 [2]:166 [3]:360
[0]:73105108 [1]:12455587 [2]:166 [3]:370
[0]:73298703 [1]:12500480 [2]:166 [3]:361
[0]:73508751 [1]:12549083 [2]:166 [3]:57
[0]:73716260 [1]:12596988 [2]:166 [3]:357
[0]:73926384 [1]:12645533 [2]:166 [3]:59
[0]:74191703 [1]:12706781 [2]:166 [3]:63
[0]:74385801 [1]:12751609 [2]:166 [3]:356
[0]:74587470 [1]:12798261 [2]:166 [3]:361
[0]:74793171 [1]:12845804 [2]:166 [3]:369
[0]:74992130 [1]:12891673 [2]:166 [3]:367
[0]:75210652 [1]:12942209 [2]:166 [3]:61
[0]:75409487 [1]:12988147 [2]:166 [3]:63
[0]:75606159 [1]:13033674 [2]:166 [3]:359
[0]:75803883 [1]:13079335 [2]:166 [3]:360
