[0]:0 [1]:0 [2]:0 [3]:0
[0]:0 [1]:0 [2]:0 [3]:0
[0]:0 [1]:0 [2]:0 [3]:0
[0]:0 [1]:0 [2]:0 [3]:0
[0]:1056471 [1]:1056471 [2]:0 [3]:20
[0]:2130616 [1]:2130619 [2]:0 [3]:32
[0]:3193915 [1]:3193915 [2]:0 [3]:11
[0]:4220000 [1]:4220000 [2]:0 [3]:49
[0]:5290377 [1]:5290378 [2]:0 [3]:14
[0]:6330170 [1]:6330174 [2]:0 [3]:10
[0]:7391552 [1]:7391559 [2]:0 [3]:9
[0]:8528192 [1]:8528190 [2]:0 [3]:52
[0]:9958904 [1]:9958903 [2]:0 [3]:55
[0]:12148427 [1]:12148428 [2]:0 [3]:14
[0]:13434023 [1]:13434034 [2]:0 [3]:10
[0]:14636514 [1]:14636518 [2]:0 [3]:11
[0]:15789905 [1]:15789895 [2]:0 [3]:9
[0]:17628845 [1]:17628848 [2]:0 [3]:15
[0]:18838145 [1]:18838150 [2]:0 [3]:22
[0]:20057793 [1]:20057799 [2]:0 [3]:50
[0]:21213673 [1]:21213675 [2]:0 [3]:49
[0]:22393616 [1]:22393616 [2]:0 [3]:48
[0]:23578843 [1]:23578843 [2]:0 [3]:12
[0]:24748615 [1]:24748626 [2]:0 [3]:13
[0]:25905052 [1]:25905062 [2]:0 [3]:11
[0]:27083169 [1]:27083205 [2]:0 [3]:49
[0]:28228302 [1]:28228302 [2]:0 [3]:16
[0]:29391433 [1]:29391437 [2]:0 [3]:10
[0]:30546273 [1]:30546277 [2]:0 [3]:8
[0]:31712352 [1]:31712352 [2]:0 [3]:47
[0]:32835462 [1]:32835468 [2]:0 [3]:45
[0]:33898695 [1]:33898711 [2]:0 [3]:47
[0]:35001056 [1]:35001056 [2]:0 [3]:50
[0]:36077398 [1]:36077398 [2]:0 [3]:13
[0]:37159530 [1]:37159529 [2]:0 [3]:52
[0]:38208443 [1]:38208463 [2]:0 [3]:52
[0]:39299126 [1]:39299138 [2]:0 [3]:11
[0]:40369492 [1]:40369493 [2]:0 [3]:13
[0]:41431115 [1]:41431132 [2]:0 [3]:13
[0]:42531992 [1]:42531992 [2]:0 [3]:52
[0]:43619960 [1]:43619960 [2]:0 [3]:52
[0]:44684632 [1]:44684632 [2]:0 [3]:53
[0]:45762594 [1]:45762594 [2]:0 [3]:9
[0]:46864489 [1]:46864495 [2]:0 [3]:13
[0]:47902327 [1]:47902331 [2]:0 [3]:14
[0]:49026555 [1]:49026562 [2]:0 [3]:48
[0]:50655443 [1]:50655452 [2]:0 [3]:11
[0]:51726319 [1]:51726319 [2]:0 [3]:7
[0]:52823728 [1]:52823729 [2]:0 [3]:16
[0]:53905290 [1]:53905294 [2]:0 [3]:50
[0]:55118582 [1]:55118584 [2]:0 [3]:47
[0]:56191594 [1]:56191646 [2]:0 [3]:49
[0]:57222518 [1]:57222520 [2]:0 [3]:14
[0]:58280363 [1]:58280363 [2]:0 [3]:15
[0]:59278727 [1]:59278728 [2]:0 [3]:10
[0]:60336416 [1]:60336416 [2]:0 [3]:48
[0]:61407043 [1]:61407045 [2]:0 [3]:18
[0]:62493422 [1]:62493432 [2]:0 [3]:11
[0]:63671298 [1]:63671298 [2]:0 [3]:13
[0]:64861348 [1]:64861354 [2]:0 [3]:16
[0]:65934672 [1]:65934672 [2]:0 [3]:48
[0]:67060476 [1]:67060471 [2]:0 [3]:10
[0]:68307428 [1]:68307430 [2]:0 [3]:12
[0]:69724596 [1]:69724637 [2]:0 [3]:7
[0]:70964394 [1]:70964398 [2]:0 [3]:16
[0]:72202576 [1]:72202587 [2]:0 [3]:15
[0]:73428855 [1]:73428856 [2]:0 [3]:12
[0]:74650942 [1]:74650942 [2]:0 [3]:50
[0]:75786617 [1]:75786617 [2]:0 [3]:52
[0]:76938147 [1]:76938147 [2]:0 [3]:51
[0]:78128231 [1]:78128250 [2]:0 [3]:15
[0]:79253512 [1]:79253512 [2]:0 [3]:50
[0]:80467753 [1]:80467763 [2]:0 [3]:9
[0]:81592504 [1]:81592504 [2]:0 [3]:51
[0]:82729864 [1]:82729867 [2]:0 [3]:13
[0]:83956688 [1]:83956690 [2]:0 [3]:47
[0]:85158870 [1]:85158871 [2]:0 [3]:48
[0]:87075948 [1]:87075950 [2]:0 [3]:12
[0]:88269559 [1]:88269559 [2]:0 [3]:50
[0]:89395064 [1]:89395064 [2]:0 [3]:59
[0]:90547355 [1]:90547409 [2]:0 [3]:49
[0]:91730720 [1]:91730723 [2]:0 [3]:15
[0]:92802751 [1]:92802754 [2]:0 [3]:13
[0]:93905435 [1]:93905441 [2]:0 [3]:14
[0]:94949608 [1]:94949608 [2]:0 [3]:57
[0]:96015908 [1]:96015908 [2]:0 [3]:10
[0]:97069557 [1]:97069560 [2]:0 [3]:13
[0]:98129698 [1]:98129709 [2]:0 [3]:8
[0]:99392928 [1]:99392928 [2]:0 [3]:47
[0]:100505952 [1]:100505952 [2]:0 [3]:54
[0]:101653944 [1]:101653948 [2]:0 [3]:9
[0]:102729303 [1]:102729308 [2]:0 [3]:13
[0]:103763941 [1]:103763978 [2]:0 [3]:10
[0]:104811261 [1]:104811264 [2]:0 [3]:17
[0]:105882691 [1]:105882695 [2]:0 [3]:16
[0]:107188226 [1]:107188233 [2]:0 [3]:47
[0]:108448584 [1]:108448589 [2]:0 [3]:8
[0]:109559768 [1]:109559768 [2]:0 [3]:50
[0]:110726144 [1]:110726156 [2]:0 [3]:12
[0]:111805141 [1]:111805156 [2]:0 [3]:17
[0]:112895173 [1]:112895191 [2]:0 [3]:12
[0]:114099151 [1]:114099154 [2]:0 [3]:10
[0]:115372218 [1]:115372219 [2]:0 [3]:51
[0]:116422091 [1]:116422137 [2]:0 [3]:8
[0]:117523874 [1]:117523875 [2]:0 [3]:14
[0]:118605987 [1]:118605992 [2]:0 [3]:13
[0]:119667134 [1]:119667150 [2]:0 [3]:15
[0]:120753809 [1]:120753811 [2]:0 [3]:59
[0]:121794504 [1]:121794505 [2]:0 [3]:14
[0]:122855257 [1]:122855260 [2]:0 [3]:19
[0]:123902298 [1]:123902367 [2]:0 [3]:17
[0]:124987192 [1]:124987192 [2]:0 [3]:50
[0]:126279943 [1]:126279961 [2]:0 [3]:8
[0]:127609787 [1]:127609796 [2]:0 [3]:9
[0]:128902363 [1]:128902364 [2]:0 [3]:49
[0]:130156984 [1]:130156983 [2]:0 [3]:50
[0]:131400995 [1]:131401029 [2]:0 [3]:50
[0]:132605942 [1]:132605942 [2]:0 [3]:50
[0]:133832144 [1]:133832144 [2]:0 [3]:52
[0]:134985410 [1]:134985423 [2]:0 [3]:10
[0]:136276799 [1]:136276799 [2]:0 [3]:12
[0]:137415386 [1]:137415387 [2]:0 [3]:49
[0]:138573621 [1]:138573633 [2]:0 [3]:9
[0]:139846368 [1]:139846368 [2]:0 [3]:58
[0]:141010409 [1]:141010454 [2]:0 [3]:16
[0]:142143553 [1]:142143555 [2]:0 [3]:48
[0]:143290986 [1]:143290987 [2]:0 [3]:45
[0]:144677035 [1]:144677043 [2]:0 [3]:54
[0]:145876437 [1]:145876444 [2]:0 [3]:15
[0]:147060280 [1]:147060293 [2]:0 [3]:9
[0]:148182754 [1]:148182756 [2]:0 [3]:15
[0]:149304366 [1]:149304371 [2]:0 [3]:14
[0]:150438360 [1]:150438360 [2]:0 [3]:49
[0]:151527239 [1]:151527246 [2]:0 [3]:47
[0]:152639871 [1]:152639873 [2]:0 [3]:16
[0]:153693385 [1]:153693385 [2]:0 [3]:52
[0]:154745656 [1]:154745656 [2]:0 [3]:52
[0]:155784281 [1]:155784293 [2]:0 [3]:15
[0]:156858329 [1]:156858405 [2]:0 [3]:12
[0]:157888747 [1]:157888748 [2]:0 [3]:53
[0]:158986688 [1]:158986688 [2]:0 [3]:55
[0]:160019981 [1]:160019983 [2]:0 [3]:9
[0]:161027512 [1]:161027512 [2]:0 [3]:57
[0]:162251512 [1]:162251512 [2]:0 [3]:53
[0]:163332715 [1]:163332721 [2]:0 [3]:53
[0]:164393153 [1]:164393159 [2]:0 [3]:53
[0]:165639697 [1]:165639695 [2]:0 [3]:13
[0]:166946383 [1]:166946393 [2]:0 [3]:47
[0]:168117091 [1]:168117099 [2]:0 [3]:51
[0]:169580542 [1]:169580550 [2]:0 [3]:11
[0]:170649805 [1]:170649807 [2]:0 [3]:11
[0]:171794952 [1]:171794956 [2]:0 [3]:12
[0]:172875907 [1]:172875900 [2]:0 [3]:9
[0]:174039923 [1]:174039939 [2]:0 [3]:9
[0]:175105789 [1]:175105792 [2]:0 [3]:13
[0]:176126631 [1]:176126643 [2]:0 [3]:7
[0]:177186273 [1]:177186273 [2]:0 [3]:51
[0]:178235147 [1]:178235182 [2]:0 [3]:53
[0]:179451213 [1]:179451261 [2]:0 [3]:18
[0]:180486244 [1]:180486249 [2]:0 [3]:13
[0]:181555831 [1]:181555840 [2]:0 [3]:17
[0]:182630624 [1]:182630624 [2]:0 [3]:52
[0]:183800786 [1]:183800795 [2]:0 [3]:9
[0]:185120243 [1]:185120276 [2]:0 [3]:11
[0]:186463394 [1]:186463394 [2]:0 [3]:10
[0]:187697995 [1]:187698003 [2]:0 [3]:15
[0]:188942488 [1]:188942488 [2]:0 [3]:50
[0]:190110150 [1]:190110152 [2]:0 [3]:11
[0]:191261267 [1]:191261269 [2]:0 [3]:10
[0]:192458487 [1]:192458503 [2]:0 [3]:11
[0]:193662573 [1]:193662576 [2]:0 [3]:13
[0]:194791106 [1]:194791113 [2]:0 [3]:12
[0]:195933632 [1]:195933632 [2]:0 [3]:50
[0]:197133619 [1]:197133619 [2]:0 [3]:51
[0]:198376189 [1]:198376197 [2]:0 [3]:50
[0]:199486919 [1]:199486927 [2]:0 [3]:46
[0]:200615159 [1]:200615170 [2]:0 [3]:14
[0]:201764140 [1]:201764145 [2]:0 [3]:50
[0]:202940394 [1]:202940412 [2]:0 [3]:14
[0]:204189323 [1]:204189319 [2]:0 [3]:15
[0]:205359074 [1]:205359089 [2]:0 [3]:12
[0]:206527154 [1]:206527154 [2]:0 [3]:10
[0]:207565993 [1]:207565993 [2]:0 [3]:49
[0]:208623087 [1]:208623093 [2]:0 [3]:52
[0]:209670254 [1]:209670256 [2]:0 [3]:8
[0]:210698365 [1]:210698365 [2]:0 [3]:12
[0]:211718282 [1]:211718285 [2]:0 [3]:14
[0]:212802366 [1]:212802367 [2]:0 [3]:19
[0]:213940964 [1]:213940976 [2]:0 [3]:14
[0]:214995214 [1]:214995231 [2]:0 [3]:16
[0]:216103200 [1]:216103200 [2]:0 [3]:48
[0]:217206670 [1]:217206670 [2]:0 [3]:17
[0]:218252379 [1]:218252377 [2]:0 [3]:15
[0]:219350966 [1]:219350960 [2]:0 [3]:12
[0]:220374464 [1]:220374464 [2]:0 [3]:52
[0]:221440385 [1]:221440405 [2]:0 [3]:11
[0]:222502607 [1]:222502614 [2]:0 [3]:11
[0]:223725650 [1]:223725668 [2]:0 [3]:11
[0]:225024833 [1]:225024834 [2]:0 [3]:53
[0]:226236931 [1]:226236931 [2]:0 [3]:12
[0]:227306424 [1]:227306422 [2]:0 [3]:14
[0]:228399970 [1]:228399970 [2]:0 [3]:13
[0]:229456864 [1]:229456878 [2]:0 [3]:13
[0]:230516607 [1]:230516607 [2]:0 [3]:17
[0]:231581557 [1]:231581562 [2]:0 [3]:14
[0]:232618501 [1]:232618502 [2]:0 [3]:14
[0]:233664905 [1]:233664957 [2]:0 [3]:48
[0]:234712346 [1]:234712346 [2]:0 [3]:52
[0]:235749476 [1]:235749537 [2]:0 [3]:8
[0]:236775515 [1]:236775515 [2]:0 [3]:43
[0]:237855463 [1]:237855476 [2]:0 [3]:46
[0]:239058539 [1]:239058539 [2]:0 [3]:16
[0]:240195119 [1]:240195122 [2]:0 [3]:14
[0]:241292168 [1]:241292168 [2]:0 [3]:14
[0]:242539926 [1]:242539926 [2]:0 [3]:48
[0]:243898227 [1]:243898228 [2]:0 [3]:51
[0]:245356306 [1]:245356315 [2]:0 [3]:14
[0]:246614288 [1]:246614289 [2]:0 [3]:48
[0]:247792782 [1]:247792779 [2]:0 [3]:14
[0]:249162203 [1]:249162219 [2]:0 [3]:13
[0]:250298465 [1]:250298466 [2]:0 [3]:16
[0]:251508224 [1]:251508224 [2]:0 [3]:49
[0]:252671887 [1]:252671897 [2]:0 [3]:9
[0]:253803869 [1]:253803880 [2]:0 [3]:11
[0]:254954556 [1]:254954561 [2]:0 [3]:47
[0]:256113976 [1]:256113976 [2]:0 [3]:53
[0]:257241225 [1]:257241222 [2]:0 [3]:11
[0]:258602239 [1]:258602240 [2]:0 [3]:20
[0]:259788059 [1]:259788059 [2]:0 [3]:13
[0]:260968094 [1]:260968100 [2]:0 [3]:48
[0]:262149319 [1]:262149320 [2]:0 [3]:50
[0]:263278348 [1]:263278351 [2]:0 [3]:12
[0]:264416845 [1]:264416847 [2]:0 [3]:45
[0]:265461715 [1]:265461750 [2]:0 [3]:8
[0]:266520321 [1]:266520321 [2]:0 [3]:51
[0]:267728864 [1]:267728864 [2]:0 [3]:49
[0]:268832532 [1]:268832538 [2]:0 [3]:12
[0]:269875350 [1]:269875374 [2]:0 [3]:49
[0]:270972885 [1]:270972885 [2]:0 [3]:46
[0]:272039290 [1]:272039305 [2]:0 [3]:12
[0]:273095121 [1]:273095122 [2]:0 [3]:14
[0]:274151630 [1]:274151634 [2]:0 [3]:9
[0]:275209192 [1]:275209193 [2]:0 [3]:13
[0]:276344670 [1]:276344670 [2]:0 [3]:50
[0]:277609345 [1]:277609345 [2]:0 [3]:14
[0]:278689877 [1]:278689881 [2]:0 [3]:56
[0]:279799160 [1]:279799160 [2]:0 [3]:50
[0]:281306144 [1]:281306165 [2]:0 [3]:19
[0]:282531031 [1]:282531031 [2]:0 [3]:46
[0]:283711921 [1]:283711923 [2]:0 [3]:14
[0]:284734279 [1]:284734300 [2]:0 [3]:8
[0]:285795795 [1]:285795793 [2]:0 [3]:51
[0]:286845354 [1]:286845364 [2]:0 [3]:11
[0]:287925216 [1]:287925231 [2]:0 [3]:14
[0]:288917793 [1]:288917791 [2]:0 [3]:13
[0]:289946455 [1]:289946458 [2]:0 [3]:16
[0]:290956081 [1]:290956078 [2]:0 [3]:46
[0]:292580682 [1]:292580684 [2]:0 [3]:14
[0]:293693214 [1]:293693210 [2]:0 [3]:9
[0]:294721592 [1]:294721592 [2]:0 [3]:11
[0]:295721996 [1]:295722002 [2]:0 [3]:40
[0]:296834648 [1]:296834648 [2]:0 [3]:51
[0]:297827924 [1]:297827926 [2]:0 [3]:11
[0]:298851680 [1]:298851680 [2]:0 [3]:50
[0]:299891242 [1]:299891254 [2]:0 [3]:8
[0]:301311217 [1]:301311217 [2]:0 [3]:11
[0]:302540607 [1]:302540617 [2]:0 [3]:11
[0]:303691668 [1]:303691668 [2]:0 [3]:51
[0]:305108106 [1]:305108102 [2]:0 [3]:9
[0]:306233037 [1]:306233038 [2]:0 [3]:11
[0]:307421817 [1]:307421818 [2]:0 [3]:16
[0]:308569107 [1]:308569116 [2]:0 [3]:17
[0]:309758072 [1]:309758072 [2]:0 [3]:49
[0]:310847447 [1]:310847516 [2]:0 [3]:47
[0]:312024891 [1]:312024893 [2]:0 [3]:16
[0]:313212870 [1]:313212888 [2]:0 [3]:11
[0]:314382328 [1]:314382328 [2]:0 [3]:48
[0]:315561469 [1]:315561470 [2]:0 [3]:10
[0]:316785723 [1]:316785729 [2]:0 [3]:49
[0]:318000384 [1]:318000382 [2]:0 [3]:11
[0]:319190001 [1]:319190003 [2]:0 [3]:11
[0]:320376244 [1]:320376255 [2]:0 [3]:13
[0]:321572402 [1]:321572402 [2]:0 [3]:47
[0]:322775081 [1]:322775087 [2]:0 [3]:12
[0]:324060185 [1]:324060203 [2]:0 [3]:16
[0]:325095920 [1]:325095920 [2]:0 [3]:49
[0]:326274017 [1]:326274031 [2]:0 [3]:50
[0]:327310431 [1]:327310443 [2]:0 [3]:9
[0]:328422679 [1]:328422683 [2]:0 [3]:5
[0]:329432481 [1]:329432473 [2]:0 [3]:17
[0]:330488904 [1]:330488906 [2]:0 [3]:11
[0]:331506563 [1]:331506563 [2]:0 [3]:11
[0]:332641733 [1]:332641779 [2]:0 [3]:48
[0]:333866153 [1]:333866164 [2]:0 [3]:49
[0]:334909868 [1]:334909870 [2]:0 [3]:9
[0]:335962175 [1]:335962179 [2]:0 [3]:44
[0]:336981792 [1]:336981792 [2]:0 [3]:13
[0]:338277727 [1]:338277743 [2]:0 [3]:10
[0]:339545432 [1]:339545432 [2]:0 [3]:48
[0]:341106088 [1]:341106092 [2]:0 [3]:49
[0]:342264205 [1]:342264210 [2]:0 [3]:14
[0]:343442828 [1]:343442835 [2]:0 [3]:14
[0]:344474999 [1]:344475002 [2]:0 [3]:12
[0]:345494781 [1]:345494795 [2]:0 [3]:14
[0]:346520554 [1]:346520555 [2]:0 [3]:11
[0]:347567112 [1]:347567115 [2]:0 [3]:9
[0]:348770512 [1]:348770513 [2]:0 [3]:51
[0]:349787131 [1]:349787141 [2]:0 [3]:10
[0]:350859643 [1]:350859649 [2]:0 [3]:16
[0]:351889831 [1]:351889831 [2]:0 [3]:11
[0]:353106381 [1]:353106390 [2]:0 [3]:11
[0]:354135750 [1]:354135751 [2]:0 [3]:10
[0]:355334296 [1]:355334304 [2]:0 [3]:10
[0]:356383584 [1]:356383584 [2]:0 [3]:46
[0]:357399170 [1]:357399173 [2]:0 [3]:8
[0]:358654475 [1]:358654476 [2]:0 [3]:13
[0]:359977323 [1]:359977325 [2]:0 [3]:49
[0]:361352837 [1]:361352840 [2]:0 [3]:52
[0]:362595154 [1]:362595163 [2]:0 [3]:47
[0]:363759028 [1]:363759034 [2]:0 [3]:50
[0]:364997172 [1]:364997172 [2]:0 [3]:14
[0]:366208913 [1]:366208924 [2]:0 [3]:5
[0]:367371410 [1]:367371413 [2]:0 [3]:12
[0]:368516141 [1]:368516141 [2]:0 [3]:11
[0]:369766666 [1]:369766672 [2]:0 [3]:16
[0]:370941993 [1]:370941987 [2]:0 [3]:11
[0]:372308257 [1]:372308265 [2]:0 [3]:50
[0]:373438678 [1]:373438741 [2]:0 [3]:50
[0]:374638153 [1]:374638155 [2]:0 [3]:51
[0]:375802455 [1]:375802456 [2]:0 [3]:14
[0]:376925910 [1]:376925929 [2]:0 [3]:10
[0]:378079166 [1]:378079168 [2]:0 [3]:54
[0]:379246612 [1]:379246646 [2]:0 [3]:11
[0]:380490994 [1]:380490997 [2]:0 [3]:13
[0]:381601084 [1]:381601094 [2]:0 [3]:12
[0]:382879930 [1]:382879951 [2]:0 [3]:58
[0]:383900135 [1]:383900147 [2]:0 [3]:10
[0]:384930367 [1]:384930369 [2]:0 [3]:11
[0]:385984372 [1]:385984373 [2]:0 [3]:10
[0]:387021944 [1]:387021947 [2]:0 [3]:13
[0]:388220405 [1]:388220408 [2]:0 [3]:57
[0]:389269528 [1]:389269528 [2]:0 [3]:50
[0]:390287965 [1]:390287975 [2]:0 [3]:13
[0]:391396193 [1]:391396238 [2]:0 [3]:52
[0]:392889068 [1]:392889068 [2]:0 [3]:55
[0]:394006245 [1]:394006254 [2]:0 [3]:20
[0]:395163368 [1]:395163378 [2]:0 [3]:19
[0]:396301861 [1]:396301858 [2]:0 [3]:55
[0]:397454337 [1]:397454337 [2]:0 [3]:15
[0]:398812232 [1]:398812235 [2]:0 [3]:17
[0]:400262601 [1]:400262602 [2]:0 [3]:53
[0]:401516300 [1]:401516300 [2]:0 [3]:19
[0]:402751663 [1]:402751666 [2]:0 [3]:20
[0]:403942590 [1]:403942590 [2]:0 [3]:11
[0]:405229436 [1]:405229438 [2]:0 [3]:57
[0]:406353614 [1]:406353612 [2]:0 [3]:22
[0]:407492887 [1]:407492887 [2]:0 [3]:17
[0]:408940253 [1]:408940255 [2]:0 [3]:17
[0]:410101951 [1]:410101956 [2]:0 [3]:11
[0]:411484594 [1]:411484606 [2]:0 [3]:16
[0]:412618793 [1]:412618807 [2]:0 [3]:17
[0]:413793448 [1]:413793446 [2]:0 [3]:51
[0]:415071502 [1]:415071511 [2]:0 [3]:22
[0]:416222148 [1]:416222153 [2]:0 [3]:19
[0]:417457008 [1]:417457019 [2]:0 [3]:13
[0]:418746982 [1]:418746991 [2]:0 [3]:19
[0]:420369383 [1]:420369388 [2]:0 [3]:15
[0]:422064655 [1]:422064655 [2]:0 [3]:17
[0]:423454528 [1]:423454537 [2]:0 [3]:16
[0]:424812794 [1]:424812799 [2]:0 [3]:9
[0]:426116343 [1]:426116343 [2]:0 [3]:55
[0]:427396949 [1]:427396952 [2]:0 [3]:19
[0]:428727142 [1]:428727149 [2]:0 [3]:8
[0]:430041867 [1]:430041869 [2]:0 [3]:13
[0]:431288739 [1]:431288731 [2]:0 [3]:16
[0]:432775906 [1]:432775906 [2]:0 [3]:12
[0]:434049564 [1]:434049565 [2]:0 [3]:13
[0]:435353622 [1]:435353622 [2]:0 [3]:19
[0]:436647413 [1]:436647417 [2]:0 [3]:19
[0]:437982465 [1]:437982465 [2]:0 [3]:17
[0]:439435300 [1]:439435327 [2]:0 [3]:15
[0]:440833648 [1]:440833655 [2]:0 [3]:18
[0]:442129226 [1]:442129227 [2]:0 [3]:58
[0]:443458849 [1]:443458853 [2]:0 [3]:10
[0]:444733400 [1]:444733400 [2]:0 [3]:14
[0]:446053558 [1]:446053568 [2]:0 [3]:20
[0]:447245132 [1]:447245134 [2]:0 [3]:12
[0]:448476911 [1]:448476913 [2]:0 [3]:15
[0]:449709745 [1]:449709759 [2]:0 [3]:56
[0]:451103749 [1]:451103755 [2]:0 [3]:19
[0]:452208945 [1]:452208945 [2]:0 [3]:55
[0]:453350722 [1]:453350725 [2]:0 [3]:52
[0]:454577205 [1]:454577206 [2]:0 [3]:12
[0]:455746948 [1]:455746967 [2]:0 [3]:15
[0]:456834925 [1]:456834930 [2]:0 [3]:50
[0]:458039103 [1]:458039120 [2]:0 [3]:7
[0]:459195009 [1]:459195027 [2]:0 [3]:13
[0]:460323364 [1]:460323367 [2]:0 [3]:15
[0]:461436360 [1]:461436362 [2]:0 [3]:15
[0]:462693006 [1]:462693010 [2]:0 [3]:15
[0]:464446861 [1]:464446863 [2]:0 [3]:51
[0]:465686274 [1]:465686278 [2]:0 [3]:18
[0]:466882895 [1]:466882896 [2]:0 [3]:20
[0]:468316495 [1]:468316495 [2]:0 [3]:14
[0]:469456966 [1]:469456971 [2]:0 [3]:18
[0]:470605204 [1]:470605216 [2]:0 [3]:13
[0]:471764074 [1]:471764074 [2]:0 [3]:63
[0]:473179245 [1]:473179245 [2]:0 [3]:14
[0]:474324542 [1]:474324548 [2]:0 [3]:10
[0]:475428369 [1]:475428369 [2]:0 [3]:12
[0]:476570616 [1]:476570629 [2]:0 [3]:51
[0]:477716494 [1]:477716500 [2]:0 [3]:17
[0]:478863252 [1]:478863257 [2]:0 [3]:19
[0]:480241233 [1]:480241233 [2]:0 [3]:17
[0]:481372449 [1]:481372451 [2]:0 [3]:16
[0]:483004565 [1]:483004577 [2]:0 [3]:14
[0]:484442097 [1]:484442114 [2]:0 [3]:19
[0]:485867927 [1]:485867929 [2]:0 [3]:49
[0]:487223081 [1]:487223081 [2]:0 [3]:52
[0]:488502639 [1]:488502640 [2]:0 [3]:57
[0]:489832618 [1]:489832622 [2]:0 [3]:18
[0]:491253154 [1]:491253154 [2]:0 [3]:15
[0]:492520364 [1]:492520372 [2]:0 [3]:19
[0]:493800193 [1]:493800216 [2]:0 [3]:19
[0]:495104700 [1]:495104700 [2]:0 [3]:11
[0]:496551142 [1]:496551142 [2]:0 [3]:50
[0]:497866642 [1]:497866644 [2]:0 [3]:51
[0]:499096147 [1]:499096150 [2]:0 [3]:12
[0]:500401691 [1]:500401704 [2]:0 [3]:51
[0]:501681028 [1]:501681036 [2]:0 [3]:15
[0]:503035446 [1]:503035446 [2]:0 [3]:51
[0]:504338075 [1]:504338086 [2]:0 [3]:15
[0]:505596488 [1]:505596489 [2]:0 [3]:17
[0]:507043075 [1]:507043075 [2]:0 [3]:50
[0]:508531755 [1]:508531765 [2]:0 [3]:18
[0]:509661081 [1]:509661081 [2]:0 [3]:18
[0]:510788448 [1]:510788457 [2]:0 [3]:15
[0]:511919445 [1]:511919445 [2]:0 [3]:55
[0]:513049457 [1]:513049461 [2]:0 [3]:54
[0]:514191406 [1]:514191420 [2]:0 [3]:56
[0]:515308331 [1]:515308331 [2]:0 [3]:14
[0]:516460443 [1]:516460444 [2]:0 [3]:17
[0]:517667823 [1]:517667835 [2]:0 [3]:15
[0]:518772054 [1]:518772054 [2]:0 [3]:16
[0]:519926201 [1]:519926206 [2]:0 [3]:53
[0]:521031140 [1]:521031142 [2]:0 [3]:14
[0]:522170075 [1]:522170075 [2]:0 [3]:56
[0]:523367636 [1]:523367680 [2]:0 [3]:58
[0]:524592852 [1]:524592862 [2]:0 [3]:11
[0]:525733602 [1]:525733605 [2]:0 [3]:16
[0]:527047421 [1]:527047422 [2]:0 [3]:24
[0]:528567760 [1]:528567775 [2]:0 [3]:10
[0]:529967869 [1]:529967872 [2]:0 [3]:56
[0]:531117981 [1]:531117981 [2]:0 [3]:14
[0]:532321809 [1]:532321821 [2]:0 [3]:18
[0]:533500930 [1]:533500930 [2]:0 [3]:16
[0]:534699126 [1]:534699132 [2]:0 [3]:19
[0]:535761951 [1]:535761950 [2]:0 [3]:20
[0]:536891276 [1]:536891279 [2]:0 [3]:53
[0]:538063362 [1]:538063377 [2]:0 [3]:16
[0]:539224747 [1]:539224774 [2]:0 [3]:17
[0]:540398698 [1]:540398717 [2]:0 [3]:17
[0]:541557349 [1]:541557352 [2]:0 [3]:15
[0]:542719815 [1]:542719826 [2]:0 [3]:13
[0]:544028465 [1]:544028468 [2]:0 [3]:18
[0]:545195165 [1]:545195166 [2]:0 [3]:55
[0]:546367189 [1]:546367197 [2]:0 [3]:17
[0]:547563628 [1]:547563637 [2]:0 [3]:13
[0]:548943102 [1]:548943109 [2]:0 [3]:52
[0]:550387299 [1]:550387312 [2]:0 [3]:17
[0]:551695076 [1]:551695076 [2]:0 [3]:18
[0]:553000768 [1]:553000770 [2]:0 [3]:50
[0]:554504635 [1]:554504637 [2]:0 [3]:15
[0]:555809786 [1]:555809786 [2]:0 [3]:14
[0]:557140368 [1]:557140369 [2]:0 [3]:55
[0]:558396410 [1]:558396407 [2]:0 [3]:15
[0]:559649813 [1]:559649835 [2]:0 [3]:58
[0]:561181359 [1]:561181360 [2]:0 [3]:11
[0]:562458323 [1]:562458328 [2]:0 [3]:20
[0]:563796306 [1]:563796304 [2]:0 [3]:11
[0]:565053089 [1]:565053093 [2]:0 [3]:9
[0]:566319125 [1]:566319125 [2]:0 [3]:52
[0]:567703639 [1]:567703640 [2]:0 [3]:14
[0]:568952994 [1]:568952998 [2]:0 [3]:16
[0]:570236172 [1]:570236174 [2]:0 [3]:15
[0]:571528987 [1]:571528991 [2]:0 [3]:56
[0]:572848255 [1]:572848257 [2]:0 [3]:17
[0]:573984416 [1]:573984417 [2]:0 [3]:58
[0]:575146904 [1]:575146906 [2]:0 [3]:14
[0]:576311483 [1]:576311483 [2]:0 [3]:10
[0]:577425366 [1]:577425374 [2]:0 [3]:19
[0]:578579812 [1]:578579833 [2]:0 [3]:19
[0]:579721835 [1]:579721847 [2]:0 [3]:55
[0]:580903165 [1]:580903175 [2]:0 [3]:15
[0]:582030581 [1]:582030585 [2]:0 [3]:59
[0]:583170801 [1]:583170800 [2]:0 [3]:11
[0]:584439428 [1]:584439441 [2]:0 [3]:18
[0]:585620352 [1]:585620352 [2]:0 [3]:50
[0]:586799459 [1]:586799499 [2]:0 [3]:9
[0]:587996405 [1]:587996405 [2]:0 [3]:22
[0]:589235690 [1]:589235697 [2]:0 [3]:17
[0]:590515410 [1]:590515413 [2]:0 [3]:10
[0]:592039163 [1]:592039163 [2]:0 [3]:53
[0]:593501671 [1]:593501672 [2]:0 [3]:23
[0]:594708054 [1]:594708063 [2]:0 [3]:22
[0]:595862505 [1]:595862505 [2]:0 [3]:19
[0]:596980572 [1]:596980581 [2]:0 [3]:16
[0]:598146237 [1]:598146244 [2]:0 [3]:17
[0]:599325326 [1]:599325327 [2]:0 [3]:20
[0]:600428298 [1]:600428317 [2]:0 [3]:13
[0]:601582594 [1]:601582595 [2]:0 [3]:18
[0]:602761405 [1]:602761406 [2]:0 [3]:53
[0]:604040435 [1]:604040440 [2]:0 [3]:54
[0]:605295973 [1]:605295980 [2]:0 [3]:14
[0]:606560839 [1]:606560925 [2]:0 [3]:54
[0]:607777086 [1]:607777092 [2]:0 [3]:12
[0]:608933243 [1]:608933243 [2]:0 [3]:50
[0]:610136233 [1]:610136232 [2]:0 [3]:50
[0]:611419026 [1]:611419030 [2]:0 [3]:17
[0]:612848160 [1]:612848164 [2]:0 [3]:17
[0]:614682390 [1]:614682399 [2]:0 [3]:14
[0]:616187805 [1]:616187805 [2]:0 [3]:51
[0]:617640092 [1]:617640099 [2]:0 [3]:20
[0]:618946197 [1]:618946203 [2]:0 [3]:19
[0]:620227269 [1]:620227269 [2]:0 [3]:25
[0]:621523155 [1]:621523159 [2]:0 [3]:19
[0]:622873619 [1]:622873629 [2]:0 [3]:21
[0]:624166625 [1]:624166629 [2]:0 [3]:15
[0]:625596635 [1]:625596662 [2]:0 [3]:15
[0]:626912096 [1]:626912095 [2]:0 [3]:9
[0]:628207658 [1]:628207661 [2]:0 [3]:17
[0]:629488067 [1]:629488116 [2]:0 [3]:61
[0]:630780105 [1]:630780109 [2]:0 [3]:21
[0]:632014125 [1]:632014126 [2]:0 [3]:54
[0]:633326262 [1]:633326270 [2]:0 [3]:17
[0]:634958637 [1]:634958637 [2]:0 [3]:51
[0]:636210493 [1]:636210500 [2]:0 [3]:18
[0]:637450661 [1]:637450661 [2]:0 [3]:15
[0]:638795375 [1]:638795375 [2]:0 [3]:10
[0]:639992709 [1]:639992717 [2]:0 [3]:17
[0]:641180093 [1]:641180104 [2]:0 [3]:19
[0]:642360496 [1]:642360516 [2]:0 [3]:16
[0]:643560314 [1]:643560314 [2]:0 [3]:15
[0]:644754895 [1]:644754910 [2]:0 [3]:19
[0]:646024858 [1]:646024858 [2]:0 [3]:15
[0]:647226327 [1]:647226333 [2]:0 [3]:52
[0]:648480161 [1]:648480203 [2]:0 [3]:14
[0]:649611633 [1]:649611631 [2]:0 [3]:54
[0]:650864746 [1]:650864761 [2]:0 [3]:15
[0]:652020117 [1]:652020120 [2]:0 [3]:17
[0]:653151941 [1]:653151940 [2]:0 [3]:16
[0]:654306566 [1]:654306582 [2]:0 [3]:13
[0]:655604560 [1]:655604562 [2]:0 [3]:13
[0]:657012407 [1]:657012415 [2]:0 [3]:20
[0]:658323764 [1]:658323772 [2]:0 [3]:20
[0]:659495648 [1]:659495652 [2]:0 [3]:51
[0]:660711190 [1]:660711198 [2]:0 [3]:17
[0]:661871319 [1]:661871322 [2]:0 [3]:21
[0]:662984719 [1]:662984733 [2]:0 [3]:54
[0]:664111452 [1]:664111454 [2]:0 [3]:57
[0]:665301133 [1]:665301139 [2]:0 [3]:51
[0]:666566606 [1]:666566627 [2]:0 [3]:11
[0]:667825359 [1]:667825385 [2]:0 [3]:48
[0]:669157794 [1]:669157796 [2]:0 [3]:15
[0]:670343967 [1]:670344001 [2]:0 [3]:16
[0]:671474296 [1]:671474296 [2]:0 [3]:17
[0]:672626343 [1]:672626349 [2]:0 [3]:18
[0]:673809097 [1]:673809112 [2]:0 [3]:15
[0]:674962248 [1]:674962248 [2]:0 [3]:23
[0]:676240534 [1]:676240540 [2]:0 [3]:56
[0]:677694466 [1]:677694479 [2]:0 [3]:59
[0]:678975991 [1]:678975993 [2]:0 [3]:16
[0]:680259469 [1]:680259484 [2]:0 [3]:11
[0]:681514162 [1]:681514162 [2]:0 [3]:49
[0]:682774998 [1]:682775013 [2]:0 [3]:49
[0]:684222751 [1]:684222757 [2]:0 [3]:56
[0]:685475563 [1]:685475571 [2]:0 [3]:24
[0]:686807625 [1]:686807629 [2]:0 [3]:15
[0]:688186336 [1]:688186338 [2]:0 [3]:19
[0]:689519590 [1]:689519596 [2]:0 [3]:19
[0]:690798812 [1]:690798809 [2]:0 [3]:23
[0]:692101814 [1]:692101816 [2]:0 [3]:52
[0]:693407058 [1]:693407095 [2]:0 [3]:17
[0]:694712688 [1]:694712694 [2]:0 [3]:54
[0]:695993079 [1]:695993087 [2]:0 [3]:14
[0]:697298514 [1]:697298514 [2]:0 [3]:51
[0]:698635728 [1]:698635729 [2]:0 [3]:15
[0]:699928085 [1]:699928100 [2]:0 [3]:14
[0]:701153226 [1]:701153217 [2]:0 [3]:60
[0]:702342841 [1]:702342888 [2]:0 [3]:18
[0]:703494906 [1]:703494905 [2]:0 [3]:15
[0]:704753281 [1]:704753293 [2]:0 [3]:12
[0]:705906465 [1]:705906467 [2]:0 [3]:11
[0]:707035010 [1]:707035014 [2]:0 [3]:13
[0]:708188013 [1]:708188019 [2]:0 [3]:11
[0]:709393146 [1]:709393149 [2]:0 [3]:15
[0]:710573086 [1]:710573088 [2]:0 [3]:50
[0]:711685025 [1]:711685035 [2]:0 [3]:19
[0]:712880419 [1]:712880440 [2]:0 [3]:10
[0]:714135198 [1]:714135201 [2]:0 [3]:51
[0]:715314156 [1]:715314156 [2]:0 [3]:52
[0]:716517999 [1]:716517999 [2]:0 [3]:25
[0]:717710083 [1]:717710085 [2]:0 [3]:16
[0]:718982030 [1]:718982036 [2]:0 [3]:20
[0]:720356863 [1]:720356865 [2]:0 [3]:49
[0]:721839094 [1]:721839097 [2]:0 [3]:17
[0]:723169563 [1]:723169594 [2]:0 [3]:17
[0]:724473276 [1]:724473283 [2]:0 [3]:16
[0]:725701009 [1]:725701014 [2]:0 [3]:15
[0]:726793283 [1]:726793286 [2]:0 [3]:14
[0]:728084440 [1]:728084440 [2]:0 [3]:19
[0]:729258193 [1]:729258207 [2]:0 [3]:52
[0]:730409452 [1]:730409453 [2]:0 [3]:51
[0]:731649680 [1]:731649712 [2]:0 [3]:16
[0]:732852869 [1]:732852890 [2]:0 [3]:18
[0]:734083623 [1]:734083624 [2]:0 [3]:13
[0]:735263300 [1]:735263310 [2]:0 [3]:53
[0]:736518175 [1]:736518175 [2]:0 [3]:15
[0]:737671791 [1]:737671794 [2]:0 [3]:19
[0]:739017739 [1]:739017739 [2]:0 [3]:61
[0]:740272673 [1]:740272681 [2]:0 [3]:20
[0]:741844087 [1]:741844099 [2]:0 [3]:48
[0]:743191766 [1]:743191766 [2]:0 [3]:18
[0]:745074298 [1]:745074307 [2]:0 [3]:13
[0]:746310112 [1]:746310113 [2]:0 [3]:10
[0]:747835327 [1]:747835335 [2]:0 [3]:16
[0]:749148231 [1]:749148233 [2]:0 [3]:55
[0]:750443848 [1]:750443853 [2]:0 [3]:17
[0]:751724199 [1]:751724201 [2]:0 [3]:17
[0]:753002645 [1]:753002713 [2]:0 [3]:14
[0]:754304711 [1]:754304721 [2]:0 [3]:11
[0]:755598119 [1]:755598120 [2]:0 [3]:52
[0]:756887193 [1]:756887199 [2]:0 [3]:56
[0]:758223611 [1]:758223611 [2]:0 [3]:56
[0]:759645554 [1]:759645556 [2]:0 [3]:14
[0]:760913284 [1]:760913287 [2]:0 [3]:14
[0]:762220219 [1]:762220261 [2]:0 [3]:21
[0]:763699887 [1]:763699909 [2]:0 [3]:12
[0]:764954488 [1]:764954492 [2]:0 [3]:17
[0]:766187137 [1]:766187140 [2]:0 [3]:13
[0]:767412947 [1]:767412951 [2]:0 [3]:49
[0]:768562598 [1]:768562620 [2]:0 [3]:20
[0]:769752277 [1]:769752275 [2]:0 [3]:13
[0]:770903384 [1]:770903390 [2]:0 [3]:14
[0]:772081566 [1]:772081590 [2]:0 [3]:10
[0]:773235758 [1]:773235755 [2]:0 [3]:21
[0]:774401890 [1]:774401896 [2]:0 [3]:16
[0]:775555950 [1]:775555951 [2]:0 [3]:48
[0]:777126476 [1]:777126478 [2]:0 [3]:55
[0]:778283510 [1]:778283515 [2]:0 [3]:18
[0]:779461665 [1]:779461671 [2]:0 [3]:51
[0]:780614950 [1]:780614961 [2]:0 [3]:53
[0]:781841028 [1]:781841028 [2]:0 [3]:59
[0]:782984942 [1]:782984943 [2]:0 [3]:12
[0]:784278846 [1]:784278849 [2]:0 [3]:50
[0]:785696472 [1]:785696483 [2]:0 [3]:15
[0]:787021514 [1]:787021518 [2]:0 [3]:24
[0]:788270653 [1]:788270654 [2]:0 [3]:60
[0]:789576399 [1]:789576404 [2]:0 [3]:16
[0]:790744471 [1]:790744477 [2]:0 [3]:15
[0]:791910682 [1]:791910700 [2]:0 [3]:10
[0]:793070080 [1]:793070080 [2]:0 [3]:58
[0]:794205985 [1]:794205991 [2]:0 [3]:55
[0]:795420635 [1]:795420640 [2]:0 [3]:61
[0]:796576995 [1]:796577013 [2]:0 [3]:10
[0]:797756689 [1]:797756689 [2]:0 [3]:21
[0]:798951251 [1]:798951274 [2]:0 [3]:17
[0]:800115930 [1]:800115930 [2]:0 [3]:15
[0]:801420403 [1]:801420405 [2]:0 [3]:14
[0]:802624533 [1]:802624544 [2]:0 [3]:10
[0]:803761376 [1]:803761380 [2]:0 [3]:17
[0]:805100780 [1]:805100784 [2]:0 [3]:50
[0]:806453057 [1]:806453075 [2]:0 [3]:19
[0]:807941848 [1]:807941847 [2]:0 [3]:16
[0]:809299551 [1]:809299551 [2]:0 [3]:51
[0]:810553780 [1]:810553784 [2]:0 [3]:11
[0]:811835268 [1]:811835283 [2]:0 [3]:54
[0]:813140745 [1]:813140750 [2]:0 [3]:9
[0]:814445716 [1]:814445721 [2]:0 [3]:49
[0]:815725846 [1]:815725850 [2]:0 [3]:13
[0]:817029682 [1]:817029698 [2]:0 [3]:15
[0]:818309969 [1]:818309969 [2]:0 [3]:51
[0]:819653723 [1]:819653730 [2]:0 [3]:17
[0]:821045531 [1]:821045531 [2]:0 [3]:16
[0]:822352227 [1]:822352228 [2]:0 [3]:13
[0]:823658026 [1]:823658034 [2]:0 [3]:14
[0]:824937807 [1]:824937812 [2]:0 [3]:18
[0]:826267959 [1]:826267960 [2]:0 [3]:12
[0]:827573413 [1]:827573418 [2]:0 [3]:19
[0]:828825108 [1]:828825108 [2]:0 [3]:21
[0]:830381322 [1]:830381322 [2]:0 [3]:16
[0]:831454980 [1]:831454981 [2]:0 [3]:14
[0]:832521652 [1]:832521655 [2]:0 [3]:16
[0]:833598512 [1]:833598520 [2]:0 [3]:15
[0]:834639273 [1]:834639273 [2]:0 [3]:9
[0]:835694862 [1]:835694863 [2]:0 [3]:17
[0]:836757813 [1]:836757821 [2]:0 [3]:9
[0]:837999997 [1]:837999997 [2]:0 [3]:48
[0]:839048503 [1]:839048516 [2]:0 [3]:14
[0]:840131319 [1]:840131336 [2]:0 [3]:10
[0]:841168162 [1]:841168165 [2]:0 [3]:16
[0]:842193930 [1]:842193935 [2]:0 [3]:10
[0]:843295996 [1]:843295996 [2]:0 [3]:50
[0]:844414143 [1]:844414151 [2]:0 [3]:12
[0]:845503427 [1]:845503425 [2]:0 [3]:18
[0]:847123707 [1]:847123707 [2]:0 [3]:56
[0]:848461965 [1]:848461964 [2]:0 [3]:48
[0]:849633757 [1]:849633757 [2]:0 [3]:13
[0]:850745051 [1]:850745048 [2]:0 [3]:14
[0]:851772411 [1]:851772411 [2]:0 [3]:58
[0]:852856733 [1]:852856743 [2]:0 [3]:17
[0]:853869105 [1]:853869122 [2]:0 [3]:15
[0]:855089637 [1]:855089638 [2]:0 [3]:18
[0]:856121314 [1]:856121322 [2]:0 [3]:11
[0]:857142799 [1]:857142800 [2]:0 [3]:10
[0]:858184762 [1]:858184769 [2]:0 [3]:14
[0]:859502039 [1]:859502044 [2]:0 [3]:13
[0]:860589976 [1]:860589979 [2]:0 [3]:14
[0]:861629521 [1]:861629537 [2]:0 [3]:7
[0]:862684423 [1]:862684430 [2]:0 [3]:52
[0]:863744875 [1]:863744902 [2]:0 [3]:9
[0]:864855963 [1]:864855968 [2]:0 [3]:17
[0]:866240795 [1]:866240795 [2]:0 [3]:53
[0]:867467748 [1]:867467750 [2]:0 [3]:48
[0]:869118835 [1]:869118835 [2]:0 [3]:51
[0]:870280868 [1]:870280871 [2]:0 [3]:12
[0]:871490603 [1]:871490607 [2]:0 [3]:47
[0]:872680571 [1]:872680571 [2]:0 [3]:52
[0]:873849603 [1]:873849603 [2]:0 [3]:16
[0]:875039519 [1]:875039519 [2]:0 [3]:51
[0]:876224234 [1]:876224262 [2]:0 [3]:11
[0]:877369035 [1]:877369035 [2]:0 [3]:13
[0]:878564933 [1]:878564960 [2]:0 [3]:9
[0]:879694427 [1]:879694427 [2]:0 [3]:49
[0]:880846194 [1]:880846221 [2]:0 [3]:12
[0]:882036576 [1]:882036576 [2]:0 [3]:14
[0]:883235924 [1]:883235930 [2]:0 [3]:13
[0]:884456123 [1]:884456143 [2]:0 [3]:47
[0]:885619699 [1]:885619699 [2]:0 [3]:53
[0]:886795889 [1]:886795893 [2]:0 [3]:54
[0]:887983159 [1]:887983158 [2]:0 [3]:15
[0]:889049119 [1]:889049116 [2]:0 [3]:51
[0]:890128883 [1]:890128883 [2]:0 [3]:51
[0]:891171144 [1]:891171146 [2]:0 [3]:14
[0]:892221389 [1]:892221390 [2]:0 [3]:42
[0]:893542371 [1]:893542376 [2]:0 [3]:12
[0]:894586081 [1]:894586081 [2]:0 [3]:52
[0]:895654186 [1]:895654188 [2]:0 [3]:12
[0]:896780520 [1]:896780531 [2]:0 [3]:13
[0]:897855619 [1]:897855619 [2]:0 [3]:59
[0]:898909304 [1]:898909308 [2]:0 [3]:13
[0]:899965125 [1]:899965129 [2]:0 [3]:12
[0]:900998377 [1]:900998377 [2]:0 [3]:17
[0]:902071194 [1]:902071194 [2]:0 [3]:14
[0]:903161507 [1]:903161512 [2]:0 [3]:13
[0]:904284339 [1]:904284339 [2]:0 [3]:13
[0]:905707160 [1]:905707160 [2]:0 [3]:12
[0]:907187617 [1]:907187617 [2]:0 [3]:11
[0]:908499472 [1]:908499530 [2]:0 [3]:11
[0]:909543581 [1]:909543588 [2]:0 [3]:56
[0]:910586421 [1]:910586443 [2]:0 [3]:10
[0]:911626096 [1]:911626103 [2]:0 [3]:11
[0]:912654163 [1]:912654165 [2]:0 [3]:14
[0]:913716598 [1]:913716600 [2]:0 [3]:10
[0]:914769348 [1]:914769354 [2]:0 [3]:14
[0]:915834242 [1]:915834246 [2]:0 [3]:14
[0]:916861493 [1]:916861495 [2]:0 [3]:37
[0]:917924693 [1]:917924693 [2]:0 [3]:51
[0]:918939044 [1]:918939050 [2]:0 [3]:13
[0]:919997883 [1]:919997879 [2]:0 [3]:13
[0]:921027100 [1]:921027123 [2]:0 [3]:10
[0]:922042931 [1]:922042953 [2]:0 [3]:11
[0]:923107619 [1]:923107624 [2]:0 [3]:11
[0]:924391581 [1]:924391601 [2]:0 [3]:11
[0]:925717381 [1]:925717384 [2]:0 [3]:8
[0]:926926358 [1]:926926376 [2]:0 [3]:8
[0]:928077521 [1]:928077521 [2]:0 [3]:51
[0]:929218687 [1]:929218690 [2]:0 [3]:13
[0]:930414422 [1]:930414424 [2]:0 [3]:51
[0]:931601051 [1]:931601051 [2]:0 [3]:54
[0]:932753650 [1]:932753664 [2]:0 [3]:50
[0]:933939322 [1]:933939361 [2]:0 [3]:11
[0]:935153212 [1]:935153229 [2]:0 [3]:13
[0]:936353858 [1]:936353874 [2]:0 [3]:48
[0]:937495427 [1]:937495441 [2]:0 [3]:11
[0]:938651666 [1]:938651679 [2]:0 [3]:9
[0]:939776704 [1]:939776704 [2]:0 [3]:10
[0]:940992635 [1]:940992635 [2]:0 [3]:52
[0]:942144410 [1]:942144413 [2]:0 [3]:11
[0]:943371057 [1]:943371064 [2]:0 [3]:44
[0]:944534939 [1]:944534939 [2]:0 [3]:40
[0]:945642915 [1]:945642915 [2]:0 [3]:52
[0]:946795591 [1]:946795595 [2]:0 [3]:16
[0]:947860454 [1]:947860456 [2]:0 [3]:9
[0]:948925409 [1]:948925412 [2]:0 [3]:10
[0]:949973821 [1]:949973829 [2]:0 [3]:13
[0]:951264564 [1]:951264567 [2]:0 [3]:11
[0]:952320765 [1]:952320769 [2]:0 [3]:10
[0]:953381612 [1]:953381612 [2]:0 [3]:12
[0]:954418051 [1]:954418057 [2]:0 [3]:10
[0]:955465371 [1]:955465371 [2]:0 [3]:48
[0]:956506864 [1]:956506871 [2]:0 [3]:11
[0]:957565709 [1]:957565731 [2]:0 [3]:54
[0]:958609771 [1]:958609772 [2]:0 [3]:17
[0]:959663670 [1]:959663670 [2]:0 [3]:51
[0]:960660246 [1]:960660247 [2]:0 [3]:9
[0]:961667436 [1]:961667442 [2]:0 [3]:56
[0]:962873014 [1]:962873012 [2]:0 [3]:50
[0]:964215095 [1]:964215095 [2]:0 [3]:15
[0]:965449102 [1]:965449102 [2]:0 [3]:48
[0]:966536834 [1]:966536839 [2]:0 [3]:14
[0]:967575152 [1]:967575151 [2]:0 [3]:8
[0]:968603459 [1]:968603455 [2]:0 [3]:11
[0]:969661355 [1]:969661355 [2]:0 [3]:53
[0]:970702914 [1]:970702927 [2]:0 [3]:9
[0]:971778291 [1]:971778339 [2]:0 [3]:8
[0]:972803561 [1]:972803562 [2]:0 [3]:11
[0]:973856395 [1]:973856403 [2]:0 [3]:40
[0]:974909844 [1]:974909856 [2]:0 [3]:12
[0]:976009271 [1]:976009273 [2]:0 [3]:12
[0]:977073532 [1]:977073545 [2]:0 [3]:51
[0]:978134761 [1]:978134765 [2]:0 [3]:48
[0]:979189537 [1]:979189539 [2]:0 [3]:13
[0]:980226114 [1]:980226126 [2]:0 [3]:10
[0]:981362228 [1]:981362235 [2]:0 [3]:12
[0]:982657928 [1]:982657928 [2]:0 [3]:47
[0]:984065494 [1]:984065494 [2]:0 [3]:13
[0]:985323071 [1]:985323104 [2]:0 [3]:12
[0]:986525500 [1]:986525512 [2]:0 [3]:9
[0]:987665308 [1]:987665308 [2]:0 [3]:10
[0]:988818698 [1]:988818710 [2]:0 [3]:11
[0]:990024115 [1]:990024115 [2]:0 [3]:52
[0]:991201104 [1]:991201113 [2]:0 [3]:8
[0]:992373477 [1]:992373482 [2]:0 [3]:51
[0]:993569032 [1]:993569048 [2]:0 [3]:7
[0]:994725533 [1]:994725538 [2]:0 [3]:17
[0]:995869784 [1]:995869793 [2]:0 [3]:15
[0]:997072396 [1]:997072400 [2]:0 [3]:11
[0]:998302104 [1]:998302113 [2]:0 [3]:16
[0]:999503966 [1]:999503973 [2]:0 [3]:48
[0]:1000674509 [1]:1000674536 [2]:0 [3]:17
[0]:1001856848 [1]:1001856854 [2]:0 [3]:8
[0]:1003067403 [1]:1003067403 [2]:0 [3]:53
[0]:1004243007 [1]:1004243032 [2]:0 [3]:50
[0]:1005351268 [1]:1005351297 [2]:0 [3]:13
[0]:1006435833 [1]:1006435837 [2]:0 [3]:10
[0]:1007578652 [1]:1007578656 [2]:0 [3]:9
[0]:1008634316 [1]:1008634340 [2]:0 [3]:9
[0]:1009642365 [1]:1009642392 [2]:0 [3]:12
[0]:1010708620 [1]:1010708622 [2]:0 [3]:12
[0]:1011751851 [1]:1011751858 [2]:0 [3]:18
[0]:1012765715 [1]:1012765717 [2]:0 [3]:15
[0]:1013791547 [1]:1013791555 [2]:0 [3]:48
[0]:1014827401 [1]:1014827402 [2]:0 [3]:15
[0]:1015895441 [1]:1015895443 [2]:0 [3]:51
[0]:1016942067 [1]:1016942080 [2]:0 [3]:46
[0]:1018016026 [1]:1018016028 [2]:0 [3]:14
[0]:1019049657 [1]:1019049663 [2]:0 [3]:11
[0]:1020124955 [1]:1020124955 [2]:0 [3]:52
[0]:1021274061 [1]:1021274060 [2]:0 [3]:13
[0]:1022598362 [1]:1022598362 [2]:0 [3]:45
[0]:1023817390 [1]:1023817398 [2]:0 [3]:15
[0]:1024925414 [1]:1024925434 [2]:0 [3]:14
[0]:1026022598 [1]:1026022602 [2]:0 [3]:51
[0]:1027061691 [1]:1027061691 [2]:0 [3]:55
[0]:1028129155 [1]:1028129155 [2]:0 [3]:13
[0]:1029191924 [1]:1029191928 [2]:0 [3]:13
[0]:1030228288 [1]:1030228287 [2]:0 [3]:16
[0]:1031316847 [1]:1031316849 [2]:0 [3]:12
[0]:1032337647 [1]:1032337647 [2]:0 [3]:48
[0]:1033392867 [1]:1033392867 [2]:0 [3]:50
[0]:1034460267 [1]:1034460288 [2]:0 [3]:48
[0]:1035470843 [1]:1035470854 [2]:0 [3]:16
[0]:1036565557 [1]:1036565557 [2]:0 [3]:17
[0]:1037607466 [1]:1037607466 [2]:0 [3]:9
[0]:1038655090 [1]:1038655096 [2]:0 [3]:8
[0]:1039844073 [1]:1039844076 [2]:0 [3]:10
[0]:1041108597 [1]:1041108604 [2]:0 [3]:14
[0]:1042390348 [1]:1042390349 [2]:0 [3]:11
[0]:1043585547 [1]:1043585548 [2]:0 [3]:14
[0]:1044743766 [1]:1044743765 [2]:0 [3]:45
[0]:1045922709 [1]:1045922711 [2]:0 [3]:15
[0]:1047118803 [1]:1047118809 [2]:0 [3]:11
[0]:1048423448 [1]:1048423453 [2]:0 [3]:13
[0]:1049618666 [1]:1049618669 [2]:0 [3]:10
[0]:1050754907 [1]:1050754907 [2]:0 [3]:51
[0]:1051906498 [1]:1051906502 [2]:0 [3]:15
[0]:1053018310 [1]:1053018323 [2]:0 [3]:9
[0]:1054204499 [1]:1054204499 [2]:0 [3]:47
[0]:1055410216 [1]:1055410218 [2]:0 [3]:11
[0]:1056527415 [1]:1056527415 [2]:0 [3]:14
[0]:1057706615 [1]:1057706624 [2]:0 [3]:51
[0]:1058829173 [1]:1058829173 [2]:0 [3]:57
[0]:1059994344 [1]:1059994344 [2]:0 [3]:16
[0]:1061187107 [1]:1061187107 [2]:0 [3]:50
[0]:1062391589 [1]:1062391623 [2]:0 [3]:13
[0]:1063614999 [1]:1063614994 [2]:0 [3]:12
[0]:1064835399 [1]:1064835403 [2]:0 [3]:59
[0]:1065922797 [1]:1065922806 [2]:0 [3]:16
[0]:1066960325 [1]:1066960322 [2]:0 [3]:13
[0]:1068058082 [1]:1068058082 [2]:0 [3]:53
[0]:1069303115 [1]:1069303115 [2]:0 [3]:45
[0]:1070367112 [1]:1070367116 [2]:0 [3]:12
[0]:1071390025 [1]:1071390025 [2]:0 [3]:12
[0]:1072432778 [1]:1072432842 [2]:0 [3]:19
[0]:1073476124 [1]:1073476124 [2]:0 [3]:13
[0]:1074524263 [1]:1074524253 [2]:0 [3]:50
[0]:1075612956 [1]:1075612955 [2]:0 [3]:11
[0]:1076672580 [1]:1076672591 [2]:0 [3]:14
[0]:1077711019 [1]:1077711027 [2]:0 [3]:48
[0]:1078834525 [1]:1078834527 [2]:0 [3]:56
[0]:1080130769 [1]:1080130783 [2]:0 [3]:13
[0]:1081452959 [1]:1081452963 [2]:0 [3]:11
[0]:1082814898 [1]:1082814962 [2]:0 [3]:7
[0]:1083857941 [1]:1083857967 [2]:0 [3]:11
[0]:1084883978 [1]:1084883980 [2]:0 [3]:49
[0]:1085914903 [1]:1085914905 [2]:0 [3]:9
[0]:1086957738 [1]:1086957739 [2]:0 [3]:9
[0]:1088037654 [1]:1088037664 [2]:0 [3]:13
[0]:1089075593 [1]:1089075623 [2]:0 [3]:11
[0]:1090184841 [1]:1090184857 [2]:0 [3]:11
[0]:1091218440 [1]:1091218440 [2]:0 [3]:44
[0]:1092276066 [1]:1092276066 [2]:0 [3]:50
[0]:1093482710 [1]:1093482710 [2]:0 [3]:14
[0]:1094484030 [1]:1094484029 [2]:0 [3]:15
[0]:1095584563 [1]:1095584563 [2]:0 [3]:45
[0]:1096621231 [1]:1096621237 [2]:0 [3]:48
[0]:1097811967 [1]:1097811967 [2]:0 [3]:11
[0]:1099592369 [1]:1099592375 [2]:0 [3]:16
[0]:1100973247 [1]:1100973265 [2]:0 [3]:7
[0]:1102248541 [1]:1102248545 [2]:0 [3]:48
[0]:1103422374 [1]:1103422375 [2]:0 [3]:54
[0]:1104607995 [1]:1104607995 [2]:0 [3]:50
[0]:1105732627 [1]:1105732636 [2]:0 [3]:53
[0]:1106927121 [1]:1106927121 [2]:0 [3]:16
[0]:1108113340 [1]:1108113343 [2]:0 [3]:12
[0]:1109255311 [1]:1109255313 [2]:0 [3]:51
[0]:1110389986 [1]:1110389989 [2]:0 [3]:14
[0]:1111569891 [1]:1111569891 [2]:0 [3]:54
[0]:1112747734 [1]:1112747738 [2]:0 [3]:11
[0]:1114042011 [1]:1114042011 [2]:0 [3]:61
[0]:1115193756 [1]:1115193759 [2]:0 [3]:10
[0]:1116372393 [1]:1116372401 [2]:0 [3]:13
[0]:1117516676 [1]:1117516681 [2]:0 [3]:35
[0]:1118668077 [1]:1118668078 [2]:0 [3]:10
[0]:1119813746 [1]:1119813751 [2]:0 [3]:14
[0]:1120928980 [1]:1120928980 [2]:0 [3]:12
[0]:1121979515 [1]:1121979515 [2]:0 [3]:52
[0]:1123057019 [1]:1123057022 [2]:0 [3]:10
[0]:1124129179 [1]:1124129206 [2]:0 [3]:13
[0]:1125178698 [1]:1125178700 [2]:0 [3]:46
[0]:1126284532 [1]:1126284586 [2]:0 [3]:50
[0]:1127304343 [1]:1127304352 [2]:0 [3]:15
[0]:1128362073 [1]:1128362073 [2]:0 [3]:52
[0]:1129429041 [1]:1129429045 [2]:0 [3]:48
[0]:1130502056 [1]:1130502053 [2]:0 [3]:8
[0]:1131566581 [1]:1131566614 [2]:0 [3]:7
[0]:1132619062 [1]:1132619076 [2]:0 [3]:13
[0]:1133665844 [1]:1133665845 [2]:0 [3]:18
[0]:1134740823 [1]:1134740828 [2]:0 [3]:13
[0]:1135843892 [1]:1135843895 [2]:0 [3]:15
[0]:1136965148 [1]:1136965148 [2]:0 [3]:46
[0]:1138255096 [1]:1138255109 [2]:0 [3]:16
[0]:1139494443 [1]:1139494443 [2]:0 [3]:17
[0]:1140597189 [1]:1140597196 [2]:0 [3]:12
[0]:1141683864 [1]:1141683872 [2]:0 [3]:10
[0]:1142745842 [1]:1142745846 [2]:0 [3]:16
[0]:1143818566 [1]:1143818566 [2]:0 [3]:47
[0]:1144996414 [1]:1144996414 [2]:0 [3]:9
[0]:1146063411 [1]:1146063412 [2]:0 [3]:11
[0]:1147145937 [1]:1147145940 [2]:0 [3]:13
[0]:1148195052 [1]:1148195052 [2]:0 [3]:50
[0]:1149253340 [1]:1149253342 [2]:0 [3]:10
[0]:1150347539 [1]:1150347538 [2]:0 [3]:11
[0]:1151369264 [1]:1151369261 [2]:0 [3]:9
[0]:1152448453 [1]:1152448467 [2]:0 [3]:14
[0]:1153503048 [1]:1153503090 [2]:0 [3]:8
[0]:1154564264 [1]:1154564264 [2]:0 [3]:54
[0]:1155726498 [1]:1155726501 [2]:0 [3]:52
[0]:1157235076 [1]:1157235076 [2]:0 [3]:53
[0]:1158516289 [1]:1158516291 [2]:0 [3]:18
[0]:1159811599 [1]:1159811604 [2]:0 [3]:16
[0]:1161143983 [1]:1161143991 [2]:0 [3]:8
[0]:1162317647 [1]:1162317656 [2]:0 [3]:16
[0]:1163541374 [1]:1163541374 [2]:0 [3]:15
[0]:1164863773 [1]:1164863773 [2]:0 [3]:50
[0]:1166038200 [1]:1166038200 [2]:0 [3]:39
[0]:1167230108 [1]:1167230113 [2]:0 [3]:46
[0]:1168429656 [1]:1168429659 [2]:0 [3]:51
[0]:1169613219 [1]:1169613219 [2]:0 [3]:48
[0]:1170828294 [1]:1170828332 [2]:0 [3]:14
[0]:1172040259 [1]:1172040259 [2]:0 [3]:52
[0]:1173243233 [1]:1173243233 [2]:0 [3]:14
[0]:1174391581 [1]:1174391594 [2]:0 [3]:13
[0]:1175571240 [1]:1175571258 [2]:0 [3]:10
[0]:1176754990 [1]:1176754990 [2]:0 [3]:44
[0]:1177907315 [1]:1177907321 [2]:0 [3]:14
[0]:1179119259 [1]:1179119261 [2]:0 [3]:18
[0]:1180188079 [1]:1180188091 [2]:0 [3]:50
[0]:1181386405 [1]:1181386409 [2]:0 [3]:13
[0]:1182414207 [1]:1182414209 [2]:0 [3]:51
[0]:1183489175 [1]:1183489182 [2]:0 [3]:53
[0]:1184510126 [1]:1184510123 [2]:0 [3]:9
[0]:1185531569 [1]:1185531583 [2]:0 [3]:12
[0]:1186586746 [1]:1186586745 [2]:0 [3]:11
[0]:1187642532 [1]:1187642532 [2]:0 [3]:10
[0]:1188715283 [1]:1188715312 [2]:0 [3]:20
[0]:1189780749 [1]:1189780749 [2]:0 [3]:13
[0]:1190937291 [1]:1190937289 [2]:0 [3]:52
[0]:1192047330 [1]:1192047331 [2]:0 [3]:48
[0]:1193181090 [1]:1193181090 [2]:0 [3]:48
[0]:1194220483 [1]:1194220486 [2]:0 [3]:11
[0]:1195873055 [1]:1195873059 [2]:0 [3]:53
[0]:1197169400 [1]:1197169400 [2]:0 [3]:53
[0]:1198293573 [1]:1198293576 [2]:0 [3]:15
[0]:1199369043 [1]:1199369043 [2]:0 [3]:51
[0]:1200433291 [1]:1200433295 [2]:0 [3]:14
[0]:1201468165 [1]:1201468188 [2]:0 [3]:13
[0]:1202550677 [1]:1202550683 [2]:0 [3]:14
[0]:1203664149 [1]:1203664149 [2]:0 [3]:13
[0]:1205006351 [1]:1205006351 [2]:0 [3]:20
[0]:1206059398 [1]:1206059403 [2]:0 [3]:13
[0]:1207416036 [1]:1207416044 [2]:0 [3]:11
[0]:1208443454 [1]:1208443454 [2]:0 [3]:51
[0]:1209531400 [1]:1209531400 [2]:0 [3]:48
[0]:1210614238 [1]:1210614239 [2]:0 [3]:11
[0]:1211686448 [1]:1211686464 [2]:0 [3]:14
[0]:1212745112 [1]:1212745152 [2]:0 [3]:9
[0]:1213933945 [1]:1213933957 [2]:0 [3]:10
[0]:1215363030 [1]:1215363033 [2]:0 [3]:14
[0]:1217003162 [1]:1217003176 [2]:0 [3]:54
[0]:1218315235 [1]:1218315235 [2]:0 [3]:58
[0]:1219590034 [1]:1219590035 [2]:0 [3]:17
[0]:1220859860 [1]:1220859878 [2]:0 [3]:12
[0]:1222076386 [1]:1222076387 [2]:0 [3]:11
[0]:1223289633 [1]:1223289634 [2]:0 [3]:50
[0]:1224499619 [1]:1224499619 [2]:0 [3]:50
[0]:1225653532 [1]:1225653532 [2]:0 [3]:57
[0]:1226827009 [1]:1226827017 [2]:0 [3]:11
[0]:1227967182 [1]:1227967199 [2]:0 [3]:14
[0]:1229166196 [1]:1229166199 [2]:0 [3]:15
[0]:1230337360 [1]:1230337360 [2]:0 [3]:14
[0]:1231524451 [1]:1231524460 [2]:0 [3]:50
[0]:1232230542 [1]:1232230542 [2]:0 [3]:46
[0]:1232230542 [1]:1232230542 [2]:0 [3]:46
[0]:1232230542 [1]:1232230542 [2]:0 [3]:46
[0]:1232230542 [1]:1232230542 [2]:0 [3]:46
[0]:1232230542 [1]:1232230542 [2]:0 [3]:46
[0]:1232230542 [1]:1232230542 [2]:0 [3]:46
[0]:1232230542 [1]:1232230542 [2]:0 [3]:46
[0]:1232230542 [1]:1232230542 [2]:0 [3]:46
[0]:1232230542 [1]:1232230542 [2]:0 [3]:46
[0]:1232230542 [1]:1232230542 [2]:0 [3]:46
[0]:1232230542 [1]:1232230542 [2]:0 [3]:46
                                                                                      [0]:1232230542 [1]:1232230542 [2]:0 [3]:46
[0]:1232230542 [1]:1232230542 [2]:0 [3]:46
[0]:1232230542 [1]:1232230542 [2]:0 [3]:46
[0]:1232230542 [1]:1232230542 [2]:0 [3]:46
[0]:1232230542 [1]:1232230542 [2]:0 [3]:46
[0]:1232230542 [1]:1232230542 [2]:0 [3]:46
[0]:1232230542 [1]:1232230542 [2]:0 [3]:46
