[0]:0 [1]:0 [2]:0 [3]:0
[0]:0 [1]:0 [2]:0 [3]:0
[0]:0 [1]:0 [2]:0 [3]:0
[0]:0 [1]:0 [2]:0 [3]:0
[0]:4181124718 [1]:1 [2]:2 [3]:3
[0]:3985009760 [1]:1 [2]:2 [3]:3
[0]:3790564200 [1]:1 [2]:2 [3]:4
[0]:3598711191 [1]:1 [2]:2 [3]:3
[0]:3394645651 [1]:1 [2]:2 [3]:3
[0]:4190690927 [1]:1 [2]:2 [3]:3
[0]:3994822656 [1]:1 [2]:2 [3]:3
[0]:3798365752 [1]:1 [2]:2 [3]:2
[0]:3611699215 [1]:1 [2]:2 [3]:3
[0]:3418636153 [1]:1 [2]:2 [3]:2
[0]:4220876262 [1]:1 [2]:2 [3]:3
[0]:4017308056 [1]:1 [2]:2 [3]:2
[0]:3829144265 [1]:1 [2]:2 [3]:3
[0]:3622408450 [1]:1 [2]:2 [3]:3
[0]:3360566955 [1]:1 [2]:2 [3]:3
[0]:4137174360 [1]:1 [2]:2 [3]:4
[0]:3903971968 [1]:1 [2]:2 [3]:2
[0]:3708859865 [1]:1 [2]:2 [3]:2
[0]:3513155616 [1]:1 [2]:2 [3]:3
[0]:3318855460 [1]:1 [2]:2 [3]:2
[0]:4127457481 [1]:1 [2]:2 [3]:2
[0]:3916127291 [1]:1 [2]:2 [3]:3
[0]:3724332381 [1]:1 [2]:2 [3]:3
[0]:3534688560 [1]:1 [2]:2 [3]:2
[0]:3297437937 [1]:1 [2]:2 [3]:3
[0]:4092132852 [1]:1 [2]:2 [3]:3
[0]:3905543250 [1]:1 [2]:2 [3]:2
[0]:3684100363 [1]:1 [2]:2 [3]:3
[0]:3486136842 [1]:1 [2]:2 [3]:3
[0]:3298808745 [1]:1 [2]:2 [3]:4
[0]:4089739575 [1]:1 [2]:2 [3]:3
[0]:3847105210 [1]:1 [2]:2 [3]:3
[0]:3609177600 [1]:1 [2]:2 [3]:3
[0]:3381185901 [1]:1 [2]:2 [3]:3
[0]:4162557902 [1]:1 [2]:2 [3]:3
[0]:3946794632 [1]:1 [2]:2 [3]:2
[0]:3726421087 [1]:1 [2]:2 [3]:3
[0]:3524069185 [1]:1 [2]:2 [3]:2
[0]:4277188701 [1]:1 [2]:2 [3]:3
[0]:4062982435 [1]:1 [2]:2 [3]:3
[0]:3844226597 [1]:1 [2]:2 [3]:3
[0]:3628040617 [1]:1 [2]:2 [3]:2
[0]:3418779506 [1]:1 [2]:2 [3]:3
[0]:4202361060 [1]:1 [2]:2 [3]:3
[0]:3974602903 [1]:1 [2]:2 [3]:2
[0]:3762155366 [1]:1 [2]:2 [3]:3
[0]:3556094646 [1]:1 [2]:2 [3]:3
[0]:3361115625 [1]:1 [2]:2 [3]:3
[0]:4171446890 [1]:1 [2]:2 [3]:2
[0]:3983585286 [1]:1 [2]:2 [3]:3
[0]:3788572861 [1]:1 [2]:2 [3]:3
[0]:3594995120 [1]:1 [2]:2 [3]:3
[0]:3394933071 [1]:1 [2]:2 [3]:3
[0]:4190751095 [1]:1 [2]:2 [3]:2
[0]:3997466130 [1]:1 [2]:2 [3]:2
[0]:3810752005 [1]:1 [2]:2 [3]:3
[0]:3614719125 [1]:1 [2]:2 [3]:3
[0]:3425219503 [1]:1 [2]:2 [3]:3
[0]:4222715998 [1]:1 [2]:2 [3]:2
[0]:4028140047 [1]:1 [2]:2 [3]:3
[0]:3794646573 [1]:1 [2]:2 [3]:3
[0]:3599485882 [1]:1 [2]:2 [3]:3
[0]:3392473130 [1]:1 [2]:2 [3]:3
[0]:4150855032 [1]:1 [2]:2 [3]:3
[0]:3878251353 [1]:1 [2]:2 [3]:3
[0]:3678744656 [1]:1 [2]:2 [3]:3
[0]:3484577798 [1]:1 [2]:2 [3]:2
[0]:4290815022 [1]:1 [2]:2 [3]:3
[0]:4098823533 [1]:1 [2]:2 [3]:3
[0]:3902747523 [1]:1 [2]:2 [3]:3
[0]:3710263428 [1]:1 [2]:2 [3]:3
[0]:3521258163 [1]:1 [2]:2 [3]:3
[0]:4281385530 [1]:1 [2]:2 [3]:3
[0]:4090812460 [1]:1 [2]:2 [3]:3
[0]:3901248182 [1]:1 [2]:2 [3]:3
[0]:3690645547 [1]:1 [2]:2 [3]:3
[0]:3494835996 [1]:1 [2]:2 [3]:2
[0]:4286936643 [1]:1 [2]:2 [3]:3
[0]:4093107101 [1]:1 [2]:2 [3]:2
[0]:3892475872 [1]:1 [2]:2 [3]:3
[0]:3561334931 [1]:1 [2]:2 [3]:2
[0]:3333065708 [1]:1 [2]:2 [3]:3
[0]:4098598760 [1]:1 [2]:2 [3]:2
[0]:3872245667 [1]:1 [2]:2 [3]:3
[0]:3658769250 [1]:1 [2]:2 [3]:3
[0]:3450743465 [1]:1 [2]:2 [3]:2
[0]:4236566101 [1]:1 [2]:2 [3]:2
[0]:4022650308 [1]:1 [2]:2 [3]:3
[0]:3814608655 [1]:1 [2]:2 [3]:3
[0]:3606733696 [1]:1 [2]:2 [3]:2
[0]:3390584258 [1]:1 [2]:2 [3]:2
[0]:4162586687 [1]:1 [2]:2 [3]:4
[0]:3942731976 [1]:1 [2]:2 [3]:3
[0]:3730745202 [1]:1 [2]:2 [3]:3
[0]:3531701773 [1]:1 [2]:2 [3]:3
[0]:3318535797 [1]:1 [2]:2 [3]:3
[0]:4114864448 [1]:1 [2]:2 [3]:2
[0]:3922826443 [1]:1 [2]:2 [3]:3
[0]:3730729882 [1]:1 [2]:2 [3]:3
[0]:3541290205 [1]:1 [2]:2 [3]:4
[0]:3326447077 [1]:1 [2]:2 [3]:3
[0]:4134876517 [1]:1 [2]:2 [3]:2
[0]:3945294395 [1]:1 [2]:2 [3]:3
[0]:3753165477 [1]:1 [2]:2 [3]:2
[0]:3565333170 [1]:1 [2]:2 [3]:3
[0]:3382839612 [1]:1 [2]:2 [3]:3
[0]:4183550738 [1]:1 [2]:2 [3]:3
[0]:3982875886 [1]:1 [2]:2 [3]:2
[0]:3789305250 [1]:1 [2]:2 [3]:4
[0]:3597453802 [1]:1 [2]:2 [3]:3
[0]:3402788905 [1]:1 [2]:2 [3]:3
[0]:4201309836 [1]:1 [2]:2 [3]:3
[0]:3956702448 [1]:1 [2]:2 [3]:3
[0]:3736468981 [1]:1 [2]:2 [3]:3
[0]:3533313270 [1]:1 [2]:2 [3]:3
[0]:3336433378 [1]:1 [2]:2 [3]:3
[0]:4144287010 [1]:1 [2]:2 [3]:3
[0]:3954763805 [1]:1 [2]:2 [3]:3
[0]:3757490296 [1]:1 [2]:2 [3]:2
[0]:3565321426 [1]:1 [2]:2 [3]:3
[0]:3373416342 [1]:1 [2]:2 [3]:3
[0]:4175102206 [1]:1 [2]:2 [3]:3
[0]:3980688521 [1]:1 [2]:2 [3]:2
[0]:3789326861 [1]:1 [2]:2 [3]:3
[0]:3594393701 [1]:1 [2]:2 [3]:3
[0]:3405347268 [1]:1 [2]:2 [3]:3
[0]:4210652367 [1]:1 [2]:2 [3]:3
[0]:4014730896 [1]:1 [2]:2 [3]:2
[0]:3819062918 [1]:1 [2]:2 [3]:3
[0]:3591206670 [1]:1 [2]:2 [3]:2
[0]:3331791792 [1]:1 [2]:2 [3]:3
[0]:4089342235 [1]:1 [2]:2 [3]:4
[0]:3850965171 [1]:1 [2]:2 [3]:3
[0]:3603281223 [1]:1 [2]:2 [3]:3
[0]:3377650587 [1]:1 [2]:2 [3]:2
[0]:4168474017 [1]:1 [2]:2 [3]:2
[0]:3957350892 [1]:1 [2]:2 [3]:3
[0]:3718656763 [1]:1 [2]:2 [3]:3
[0]:3498812990 [1]:1 [2]:2 [3]:3
[0]:4278751788 [1]:1 [2]:2 [3]:3
[0]:4023580761 [1]:1 [2]:2 [3]:15
[0]:3812514562 [1]:1 [2]:2 [3]:3
[0]:3600679470 [1]:1 [2]:2 [3]:16
[0]:3383662528 [1]:1 [2]:2 [3]:6
[0]:4181714188 [1]:1 [2]:2 [3]:12
[0]:3968394320 [1]:1 [2]:2 [3]:9
[0]:3774906605 [1]:1 [2]:2 [3]:18
[0]:3536333951 [1]:1 [2]:2 [3]:17
[0]:3324252678 [1]:1 [2]:2 [3]:3
[0]:4128698865 [1]:1 [2]:2 [3]:20
[0]:3913459157 [1]:1 [2]:2 [3]:5
[0]:3708089980 [1]:1 [2]:2 [3]:16
[0]:3518676407 [1]:1 [2]:2 [3]:5
[0]:3326102360 [1]:1 [2]:2 [3]:16
[0]:4133845561 [1]:1 [2]:2 [3]:17
[0]:3947795252 [1]:1 [2]:2 [3]:19
[0]:3756239330 [1]:1 [2]:2 [3]:6
[0]:3567087826 [1]:1 [2]:2 [3]:18
[0]:3373809735 [1]:1 [2]:2 [3]:18
[0]:4179474678 [1]:1 [2]:2 [3]:9
[0]:3975988222 [1]:1 [2]:2 [3]:7
[0]:3677305176 [1]:1 [2]:2 [3]:5
[0]:3448218047 [1]:1 [2]:2 [3]:7
[0]:4244683043 [1]:1 [2]:2 [3]:6
[0]:4045415858 [1]:1 [2]:2 [3]:7
[0]:3828403403 [1]:1 [2]:2 [3]:6
[0]:3632400457 [1]:1 [2]:2 [3]:17
[0]:3440759236 [1]:1 [2]:2 [3]:17
[0]:4248604653 [1]:1 [2]:2 [3]:8
[0]:4054660133 [1]:1 [2]:2 [3]:18
[0]:3861178742 [1]:1 [2]:2 [3]:7
[0]:3671703950 [1]:1 [2]:2 [3]:19
[0]:3477767855 [1]:1 [2]:2 [3]:7
[0]:4284351428 [1]:1 [2]:2 [3]:3
[0]:4101268228 [1]:1 [2]:2 [3]:9
[0]:3912171188 [1]:1 [2]:2 [3]:2
[0]:3712291911 [1]:1 [2]:2 [3]:17
[0]:3518864115 [1]:1 [2]:2 [3]:7
[0]:3300617772 [1]:1 [2]:2 [3]:8
[0]:4071497791 [1]:1 [2]:2 [3]:18
[0]:3831243862 [1]:1 [2]:2 [3]:4
[0]:3580664273 [1]:1 [2]:2 [3]:10
[0]:3356296803 [1]:1 [2]:2 [3]:8
[0]:4152197623 [1]:1 [2]:2 [3]:7
[0]:3942267860 [1]:1 [2]:2 [3]:7
[0]:3732258977 [1]:1 [2]:2 [3]:6
[0]:3516209053 [1]:1 [2]:2 [3]:3
[0]:3304165212 [1]:1 [2]:2 [3]:8
[0]:4088302045 [1]:1 [2]:2 [3]:18
[0]:3881442626 [1]:1 [2]:2 [3]:22
[0]:3671219951 [1]:1 [2]:2 [3]:3
[0]:3448231196 [1]:1 [2]:2 [3]:8
[0]:4232684872 [1]:1 [2]:2 [3]:2
[0]:4016040328 [1]:1 [2]:2 [3]:5
[0]:3804466560 [1]:1 [2]:2 [3]:3
[0]:3612469083 [1]:1 [2]:2 [3]:18
[0]:3424295391 [1]:1 [2]:2 [3]:6
[0]:4228307218 [1]:1 [2]:2 [3]:7
[0]:4044445927 [1]:1 [2]:2 [3]:6
[0]:3852798096 [1]:1 [2]:2 [3]:10
[0]:3656348285 [1]:1 [2]:2 [3]:16
[0]:3471836206 [1]:1 [2]:2 [3]:16
[0]:4281582453 [1]:1 [2]:2 [3]:19
[0]:4096343015 [1]:1 [2]:2 [3]:7
[0]:3915661341 [1]:1 [2]:2 [3]:19
[0]:3721204857 [1]:1 [2]:2 [3]:5
[0]:3498327597 [1]:1 [2]:2 [3]:5
[0]:3312074342 [1]:1 [2]:2 [3]:18
[0]:4108357893 [1]:1 [2]:2 [3]:2
[0]:3916381813 [1]:1 [2]:2 [3]:18
[0]:3696104082 [1]:1 [2]:2 [3]:8
[0]:3448744787 [1]:1 [2]:2 [3]:18
[0]:4212266311 [1]:1 [2]:2 [3]:17
[0]:4006770071 [1]:1 [2]:2 [3]:6
[0]:3809474772 [1]:1 [2]:2 [3]:7
[0]:3616514213 [1]:1 [2]:2 [3]:3
[0]:3421135055 [1]:1 [2]:2 [3]:8
[0]:4224181528 [1]:1 [2]:2 [3]:8
[0]:4029390467 [1]:1 [2]:2 [3]:8
[0]:3843202001 [1]:1 [2]:2 [3]:7
[0]:3650726642 [1]:1 [2]:2 [3]:14
[0]:3460315490 [1]:1 [2]:2 [3]:9
[0]:4263918338 [1]:1 [2]:2 [3]:8
[0]:4068406848 [1]:1 [2]:2 [3]:6
[0]:3876291448 [1]:1 [2]:2 [3]:8
[0]:3683569440 [1]:1 [2]:2 [3]:18
[0]:3495182745 [1]:1 [2]:2 [3]:18
[0]:3300475815 [1]:1 [2]:2 [3]:8
[0]:4063312223 [1]:1 [2]:2 [3]:6
[0]:3829646146 [1]:1 [2]:2 [3]:8
[0]:3598264502 [1]:1 [2]:2 [3]:10
[0]:3363983557 [1]:1 [2]:2 [3]:15
[0]:4136324668 [1]:1 [2]:2 [3]:16
[0]:3924309228 [1]:1 [2]:2 [3]:8
[0]:3712323860 [1]:1 [2]:2 [3]:2
[0]:3501148237 [1]:1 [2]:2 [3]:8
[0]:4288238621 [1]:1 [2]:2 [3]:5
[0]:4080307787 [1]:1 [2]:2 [3]:8
[0]:3870835558 [1]:1 [2]:2 [3]:6
[0]:3656522853 [1]:1 [2]:2 [3]:17
[0]:3440358880 [1]:1 [2]:2 [3]:16
[0]:4224354486 [1]:1 [2]:2 [3]:7
[0]:4000229271 [1]:1 [2]:2 [3]:3
[0]:3792307200 [1]:1 [2]:2 [3]:17
[0]:3582260428 [1]:1 [2]:2 [3]:21
[0]:3374837445 [1]:1 [2]:2 [3]:7
[0]:4181476923 [1]:1 [2]:2 [3]:15
[0]:3976693465 [1]:1 [2]:2 [3]:2
[0]:3786014822 [1]:1 [2]:2 [3]:7
[0]:3593778132 [1]:1 [2]:2 [3]:7
[0]:3404399225 [1]:1 [2]:2 [3]:10
[0]:4216402523 [1]:1 [2]:2 [3]:6
[0]:4024539263 [1]:1 [2]:2 [3]:17
[0]:3835057255 [1]:1 [2]:2 [3]:3
[0]:3624408465 [1]:1 [2]:2 [3]:8
[0]:3436377670 [1]:1 [2]:2 [3]:3
[0]:4244810652 [1]:1 [2]:2 [3]:3
[0]:4053521936 [1]:1 [2]:2 [3]:5
[0]:3859309685 [1]:1 [2]:2 [3]:8
[0]:3664667506 [1]:1 [2]:2 [3]:18
[0]:3469526782 [1]:1 [2]:2 [3]:11
[0]:4227627678 [1]:1 [2]:2 [3]:19
[0]:3948411906 [1]:1 [2]:2 [3]:7
[0]:3747845076 [1]:1 [2]:2 [3]:16
[0]:3558419232 [1]:1 [2]:2 [3]:20
[0]:3372422945 [1]:1 [2]:2 [3]:17
[0]:4183381652 [1]:1 [2]:2 [3]:18
[0]:3984376138 [1]:1 [2]:2 [3]:9
[0]:3792345928 [1]:1 [2]:2 [3]:10
[0]:3605017768 [1]:1 [2]:2 [3]:8
[0]:3412507288 [1]:1 [2]:2 [3]:19
[0]:4224618541 [1]:1 [2]:2 [3]:17
[0]:4016461648 [1]:1 [2]:2 [3]:5
[0]:3821459033 [1]:1 [2]:2 [3]:6
[0]:3587354207 [1]:1 [2]:2 [3]:7
[0]:3397509390 [1]:1 [2]:2 [3]:8
[0]:4208618587 [1]:1 [2]:2 [3]:19
[0]:4021071471 [1]:1 [2]:2 [3]:9
[0]:3798348810 [1]:1 [2]:2 [3]:16
[0]:3556304962 [1]:1 [2]:2 [3]:7
[0]:3321635097 [1]:1 [2]:2 [3]:9
[0]:4083192803 [1]:1 [2]:2 [3]:4
[0]:3857900223 [1]:1 [2]:2 [3]:10
[0]:3652702297 [1]:1 [2]:2 [3]:20
[0]:3437990833 [1]:1 [2]:2 [3]:6
[0]:4205264650 [1]:1 [2]:2 [3]:3
[0]:3992299722 [1]:1 [2]:2 [3]:3
[0]:3777596536 [1]:1 [2]:2 [3]:5
[0]:3560850275 [1]:1 [2]:2 [3]:3
[0]:3344376597 [1]:1 [2]:2 [3]:3
[0]:4133628321 [1]:1 [2]:2 [3]:3
[0]:3920150242 [1]:1 [2]:2 [3]:3
[0]:3708385311 [1]:1 [2]:2 [3]:2
[0]:3437605080 [1]:1 [2]:2 [3]:3
[0]:4241606955 [1]:1 [2]:2 [3]:3
[0]:4055426006 [1]:1 [2]:2 [3]:3
[0]:3860438847 [1]:1 [2]:2 [3]:3
[0]:3673222008 [1]:1 [2]:2 [3]:3
[0]:3484624823 [1]:1 [2]:2 [3]:3
[0]:4292528130 [1]:1 [2]:2 [3]:2
[0]:4095054331 [1]:1 [2]:2 [3]:3
[0]:3908654102 [1]:1 [2]:2 [3]:2
[0]:3716303213 [1]:1 [2]:2 [3]:3
[0]:3528642705 [1]:1 [2]:2 [3]:3
[0]:3344704098 [1]:1 [2]:2 [3]:3
[0]:4146184437 [1]:1 [2]:2 [3]:3
[0]:3949548448 [1]:1 [2]:2 [3]:3
[0]:3765261240 [1]:1 [2]:2 [3]:2
[0]:3574488348 [1]:1 [2]:2 [3]:3
[0]:3381778773 [1]:1 [2]:2 [3]:3
[0]:4148747830 [1]:1 [2]:2 [3]:3
[0]:3901635270 [1]:1 [2]:2 [3]:3
[0]:3681293628 [1]:1 [2]:2 [3]:3
[0]:3486461152 [1]:1 [2]:2 [3]:3
[0]:3296633158 [1]:1 [2]:2 [3]:3
[0]:4098172110 [1]:1 [2]:2 [3]:2
[0]:3900428607 [1]:1 [2]:2 [3]:3
[0]:3705642073 [1]:1 [2]:2 [3]:3
[0]:3508398936 [1]:1 [2]:2 [3]:3
[0]:3316489131 [1]:1 [2]:2 [3]:3
[0]:4120471192 [1]:1 [2]:2 [3]:2
[0]:3926894768 [1]:1 [2]:2 [3]:3
[0]:3733651021 [1]:1 [2]:2 [3]:3
[0]:3536484347 [1]:1 [2]:2 [3]:2
[0]:3348461026 [1]:1 [2]:2 [3]:3
[0]:4156455495 [1]:1 [2]:2 [3]:3
[0]:3976199327 [1]:1 [2]:2 [3]:2
[0]:3784460411 [1]:1 [2]:2 [3]:3
[0]:3500367712 [1]:1 [2]:2 [3]:3
[0]:4211077265 [1]:1 [2]:2 [3]:3
[0]:3984442908 [1]:1 [2]:2 [3]:3
[0]:3756495578 [1]:1 [2]:2 [3]:3
[0]:3538061341 [1]:1 [2]:2 [3]:3
[0]:3329671365 [1]:1 [2]:2 [3]:3
[0]:4112943572 [1]:1 [2]:2 [3]:3
[0]:3856401665 [1]:1 [2]:2 [3]:3
[0]:3644171277 [1]:1 [2]:2 [3]:3
[0]:3437676413 [1]:1 [2]:2 [3]:3
[0]:4217844867 [1]:1 [2]:2 [3]:3
[0]:4008535750 [1]:1 [2]:2 [3]:3
[0]:3796361393 [1]:1 [2]:2 [3]:3
[0]:3584381253 [1]:1 [2]:2 [3]:2
[0]:3340451342 [1]:1 [2]:2 [3]:2
[0]:4133294502 [1]:1 [2]:2 [3]:2
[0]:3930496672 [1]:1 [2]:2 [3]:2
[0]:3744629707 [1]:1 [2]:2 [3]:3
[0]:3549256702 [1]:1 [2]:2 [3]:3
[0]:3356424150 [1]:1 [2]:2 [3]:3
[0]:4160516290 [1]:1 [2]:2 [3]:2
[0]:3966435073 [1]:1 [2]:2 [3]:4
[0]:3776516288 [1]:1 [2]:2 [3]:3
[0]:3560490800 [1]:1 [2]:2 [3]:3
[0]:3364407351 [1]:1 [2]:2 [3]:3
[0]:4180524063 [1]:1 [2]:2 [3]:2
[0]:3992709395 [1]:1 [2]:2 [3]:3
[0]:3808632237 [1]:1 [2]:2 [3]:3
[0]:3612542077 [1]:1 [2]:2 [3]:3
[0]:3420495813 [1]:1 [2]:2 [3]:2
[0]:4231659215 [1]:1 [2]:2 [3]:3
[0]:3988962762 [1]:1 [2]:2 [3]:3
[0]:3748798587 [1]:1 [2]:2 [3]:3
[0]:3503154336 [1]:1 [2]:2 [3]:3
[0]:3309723506 [1]:1 [2]:2 [3]:3
[0]:4056516743 [1]:1 [2]:2 [3]:3
[0]:3837803823 [1]:1 [2]:2 [3]:3
[0]:3644740605 [1]:1 [2]:2 [3]:3
[0]:3448547730 [1]:1 [2]:2 [3]:3
[0]:4256488011 [1]:1 [2]:2 [3]:2
[0]:4064564087 [1]:1 [2]:2 [3]:3
[0]:3868766448 [1]:1 [2]:2 [3]:3
[0]:3676592030 [1]:1 [2]:2 [3]:2
[0]:3495518768 [1]:1 [2]:2 [3]:3
[0]:4268599983 [1]:1 [2]:2 [3]:3
[0]:4044582922 [1]:1 [2]:2 [3]:3
[0]:3834190850 [1]:1 [2]:2 [3]:3
[0]:3637212540 [1]:1 [2]:2 [3]:3
[0]:3436605137 [1]:1 [2]:2 [3]:3
[0]:4201739583 [1]:1 [2]:2 [3]:5
[0]:3960604443 [1]:1 [2]:2 [3]:5
[0]:3729327117 [1]:1 [2]:2 [3]:3
[0]:3495164137 [1]:1 [2]:2 [3]:3
[0]:4263095932 [1]:1 [2]:2 [3]:2
[0]:4015680276 [1]:1 [2]:2 [3]:3
[0]:3808593092 [1]:1 [2]:2 [3]:2
[0]:3568427712 [1]:1 [2]:2 [3]:3
[0]:3360732122 [1]:1 [2]:2 [3]:3
[0]:4155488718 [1]:1 [2]:2 [3]:3
[0]:3944593970 [1]:1 [2]:2 [3]:2
[0]:3732694093 [1]:1 [2]:2 [3]:3
[0]:3520893723 [1]:1 [2]:2 [3]:3
[0]:3308721480 [1]:1 [2]:2 [3]:2
[0]:4090172802 [1]:1 [2]:2 [3]:3
[0]:3884601731 [1]:1 [2]:2 [3]:3
[0]:3681785772 [1]:1 [2]:2 [3]:3
[0]:3499971790 [1]:1 [2]:2 [3]:2
[0]:3317770695 [1]:1 [2]:2 [3]:4
[0]:4126145873 [1]:1 [2]:2 [3]:2
[0]:3928633807 [1]:1 [2]:2 [3]:2
[0]:3738585746 [1]:1 [2]:2 [3]:3
[0]:3552595376 [1]:1 [2]:2 [3]:3
[0]:3362687970 [1]:1 [2]:2 [3]:3
[0]:4171870140 [1]:1 [2]:2 [3]:2
[0]:3976760268 [1]:1 [2]:2 [3]:3
[0]:3788551422 [1]:1 [2]:2 [3]:3
[0]:3600627375 [1]:1 [2]:2 [3]:2
[0]:3380604986 [1]:1 [2]:2 [3]:3
[0]:4184217351 [1]:1 [2]:2 [3]:3
[0]:3950266348 [1]:1 [2]:2 [3]:3
[0]:3731018335 [1]:1 [2]:2 [3]:2
[0]:3458920862 [1]:1 [2]:2 [3]:3
[0]:4224604275 [1]:1 [2]:2 [3]:3
[0]:3988677902 [1]:1 [2]:2 [3]:3
[0]:3794846550 [1]:1 [2]:2 [3]:3
[0]:3604698711 [1]:1 [2]:2 [3]:3
[0]:3412909981 [1]:1 [2]:2 [3]:3
[0]:4227318581 [1]:1 [2]:2 [3]:3
[0]:4000587947 [1]:1 [2]:2 [3]:3
[0]:3808625202 [1]:1 [2]:2 [3]:3
[0]:3619006453 [1]:1 [2]:2 [3]:3
[0]:3426234917 [1]:1 [2]:2 [3]:3
[0]:4226277807 [1]:1 [2]:2 [3]:3
[0]:4028663753 [1]:1 [2]:2 [3]:3
[0]:3841641528 [1]:1 [2]:2 [3]:3
[0]:3652576511 [1]:1 [2]:2 [3]:3
[0]:3461920401 [1]:1 [2]:2 [3]:3
[0]:4279716463 [1]:1 [2]:2 [3]:3
[0]:4065748697 [1]:1 [2]:2 [3]:2
[0]:3827182101 [1]:1 [2]:2 [3]:2
[0]:3594126353 [1]:1 [2]:2 [3]:3
[0]:3358849276 [1]:1 [2]:2 [3]:19
[0]:4112621081 [1]:1 [2]:2 [3]:3
[0]:3896812180 [1]:1 [2]:2 [3]:22
[0]:3684990567 [1]:1 [2]:2 [3]:21
[0]:3462271655 [1]:1 [2]:2 [3]:19
[0]:4248682846 [1]:1 [2]:2 [3]:7
[0]:4030391716 [1]:1 [2]:2 [3]:20
[0]:3815460295 [1]:1 [2]:2 [3]:3
[0]:3600595482 [1]:1 [2]:2 [3]:6
[0]:3391354128 [1]:1 [2]:2 [3]:6
[0]:4180872280 [1]:1 [2]:2 [3]:6
[0]:3948305777 [1]:1 [2]:2 [3]:18
[0]:3736700207 [1]:1 [2]:2 [3]:17
[0]:3525703998 [1]:1 [2]:2 [3]:6
[0]:3336721356 [1]:1 [2]:2 [3]:5
[0]:4153674101 [1]:1 [2]:2 [3]:17
[0]:3960780953 [1]:1 [2]:2 [3]:6
[0]:3769984096 [1]:1 [2]:2 [3]:7
[0]:3577467815 [1]:1 [2]:2 [3]:3
[0]:3393701667 [1]:1 [2]:2 [3]:8
[0]:4185428585 [1]:1 [2]:2 [3]:19
[0]:3988084310 [1]:1 [2]:2 [3]:6
[0]:3766072206 [1]:1 [2]:2 [3]:8
[0]:3579175823 [1]:1 [2]:2 [3]:15
[0]:3387894993 [1]:1 [2]:2 [3]:16
[0]:4180771947 [1]:1 [2]:2 [3]:7
[0]:3993441622 [1]:1 [2]:2 [3]:7
[0]:3808977887 [1]:1 [2]:2 [3]:6
[0]:3608741527 [1]:1 [2]:2 [3]:2
[0]:3404742433 [1]:1 [2]:2 [3]:5
[0]:4162289651 [1]:1 [2]:2 [3]:6
[0]:3945134393 [1]:1 [2]:2 [3]:17
[0]:3736805185 [1]:1 [2]:2 [3]:8
[0]:3476812846 [1]:1 [2]:2 [3]:8
[0]:4285383323 [1]:1 [2]:2 [3]:6
[0]:4092772380 [1]:1 [2]:2 [3]:9
[0]:3900741250 [1]:1 [2]:2 [3]:9
[0]:3715386987 [1]:1 [2]:2 [3]:7
[0]:3522131266 [1]:1 [2]:2 [3]:7
[0]:3336878933 [1]:1 [2]:2 [3]:20
[0]:4148322323 [1]:1 [2]:2 [3]:5
[0]:3954377815 [1]:1 [2]:2 [3]:9
[0]:3764410028 [1]:1 [2]:2 [3]:3
[0]:3569302775 [1]:1 [2]:2 [3]:8
[0]:3380979508 [1]:1 [2]:2 [3]:18
[0]:4181700737 [1]:1 [2]:2 [3]:7
[0]:3995674810 [1]:1 [2]:2 [3]:8
[0]:3703232252 [1]:1 [2]:2 [3]:17
[0]:3443317222 [1]:1 [2]:2 [3]:17
[0]:4220722481 [1]:1 [2]:2 [3]:18
[0]:4004851267 [1]:1 [2]:2 [3]:9
[0]:3788287342 [1]:1 [2]:2 [3]:8
[0]:3579073605 [1]:1 [2]:2 [3]:18
[0]:3356719106 [1]:1 [2]:2 [3]:21
[0]:4147862232 [1]:1 [2]:2 [3]:20
[0]:3940956177 [1]:1 [2]:2 [3]:18
[0]:3724758925 [1]:1 [2]:2 [3]:6
[0]:3514168415 [1]:1 [2]:2 [3]:9
[0]:4256888345 [1]:1 [2]:2 [3]:8
[0]:4036682366 [1]:1 [2]:2 [3]:5
[0]:3828745598 [1]:1 [2]:2 [3]:19
[0]:3620747370 [1]:1 [2]:2 [3]:7
[0]:3412302171 [1]:1 [2]:2 [3]:7
[0]:4204973263 [1]:1 [2]:2 [3]:18
[0]:4021189673 [1]:1 [2]:2 [3]:5
[0]:3832779113 [1]:1 [2]:2 [3]:3
[0]:3638677843 [1]:1 [2]:2 [3]:11
[0]:3444804560 [1]:1 [2]:2 [3]:19
[0]:4248699327 [1]:1 [2]:2 [3]:3
[0]:4057585526 [1]:1 [2]:2 [3]:17
[0]:3868402542 [1]:1 [2]:2 [3]:14
[0]:3678684076 [1]:1 [2]:2 [3]:7
[0]:3493683223 [1]:1 [2]:2 [3]:20
[0]:3306380446 [1]:1 [2]:2 [3]:18
[0]:4084427638 [1]:1 [2]:2 [3]:9
[0]:3885138283 [1]:1 [2]:2 [3]:7
[0]:3690083022 [1]:1 [2]:2 [3]:18
[0]:3501263678 [1]:1 [2]:2 [3]:6
[0]:3300998828 [1]:1 [2]:2 [3]:7
[0]:4073216182 [1]:1 [2]:2 [3]:2
[0]:3843524976 [1]:1 [2]:2 [3]:6
[0]:3622132850 [1]:1 [2]:2 [3]:6
[0]:3428611530 [1]:1 [2]:2 [3]:18
[0]:4244713283 [1]:1 [2]:2 [3]:17
[0]:4061552771 [1]:1 [2]:2 [3]:5
[0]:3865871756 [1]:1 [2]:2 [3]:7
[0]:3675933960 [1]:1 [2]:2 [3]:15
[0]:3484994217 [1]:1 [2]:2 [3]:3
[0]:3296832100 [1]:1 [2]:2 [3]:7
[0]:4100842351 [1]:1 [2]:2 [3]:8
[0]:3912889528 [1]:1 [2]:2 [3]:6
[0]:3732910705 [1]:1 [2]:2 [3]:7
[0]:3544787028 [1]:1 [2]:2 [3]:7
[0]:3348765992 [1]:1 [2]:2 [3]:8
[0]:4154398545 [1]:1 [2]:2 [3]:16
[0]:3963377771 [1]:1 [2]:2 [3]:20
[0]:3758312491 [1]:1 [2]:2 [3]:19
[0]:3539682797 [1]:1 [2]:2 [3]:17
[0]:3303111446 [1]:1 [2]:2 [3]:16
[0]:4076896601 [1]:1 [2]:2 [3]:5
[0]:3841190176 [1]:1 [2]:2 [3]:3
[0]:3601379202 [1]:1 [2]:2 [3]:9
[0]:3396746382 [1]:1 [2]:2 [3]:17
[0]:4182641471 [1]:1 [2]:2 [3]:18
[0]:3960615148 [1]:1 [2]:2 [3]:16
[0]:3744876555 [1]:1 [2]:2 [3]:18
[0]:3520754177 [1]:1 [2]:2 [3]:6
[0]:3318758465 [1]:1 [2]:2 [3]:8
[0]:4106361075 [1]:1 [2]:2 [3]:7
[0]:3893855460 [1]:1 [2]:2 [3]:7
[0]:3660935466 [1]:1 [2]:2 [3]:3
[0]:3440810720 [1]:1 [2]:2 [3]:2
[0]:4218793312 [1]:1 [2]:2 [3]:10
[0]:3996808215 [1]:1 [2]:2 [3]:2
[0]:3804823117 [1]:1 [2]:2 [3]:19
[0]:3620779740 [1]:1 [2]:2 [3]:11
[0]:3428932783 [1]:1 [2]:2 [3]:3
[0]:4232950962 [1]:1 [2]:2 [3]:6
[0]:4040884018 [1]:1 [2]:2 [3]:7
[0]:3834380338 [1]:1 [2]:2 [3]:9
[0]:3645085070 [1]:1 [2]:2 [3]:6
[0]:3457119648 [1]:1 [2]:2 [3]:9
[0]:4269055245 [1]:1 [2]:2 [3]:3
[0]:4074399212 [1]:1 [2]:2 [3]:7
[0]:3881154658 [1]:1 [2]:2 [3]:18
[0]:3692848398 [1]:1 [2]:2 [3]:7
[0]:3493517841 [1]:1 [2]:2 [3]:7
[0]:3296977401 [1]:1 [2]:2 [3]:8
[0]:4108899882 [1]:1 [2]:2 [3]:9
[0]:3900784480 [1]:1 [2]:2 [3]:8
[0]:3657167621 [1]:1 [2]:2 [3]:3
[0]:3432872318 [1]:1 [2]:2 [3]:3
[0]:4241582822 [1]:1 [2]:2 [3]:19
[0]:4050141860 [1]:1 [2]:2 [3]:18
[0]:3857715775 [1]:1 [2]:2 [3]:7
[0]:3656873388 [1]:1 [2]:2 [3]:3
[0]:3464933676 [1]:1 [2]:2 [3]:7
[0]:4272565418 [1]:1 [2]:2 [3]:8
[0]:4072951453 [1]:1 [2]:2 [3]:6
[0]:3882185558 [1]:1 [2]:2 [3]:10
[0]:3688942291 [1]:1 [2]:2 [3]:8
[0]:3493129991 [1]:1 [2]:2 [3]:8
[0]:4261010320 [1]:1 [2]:2 [3]:20
[0]:4078785295 [1]:1 [2]:2 [3]:9
[0]:3889143013 [1]:1 [2]:2 [3]:16
[0]:3705684342 [1]:1 [2]:2 [3]:3
[0]:3526929817 [1]:1 [2]:2 [3]:8
[0]:3302063863 [1]:1 [2]:2 [3]:3
[0]:4049152675 [1]:1 [2]:2 [3]:3
[0]:3770071967 [1]:1 [2]:2 [3]:3
[0]:3525297233 [1]:1 [2]:2 [3]:3
[0]:4272790743 [1]:1 [2]:2 [3]:3
[0]:4064886530 [1]:1 [2]:2 [3]:3
[0]:3852891522 [1]:1 [2]:2 [3]:3
[0]:3642089632 [1]:1 [2]:2 [3]:3
[0]:3438749280 [1]:1 [2]:2 [3]:3
[0]:4220652420 [1]:1 [2]:2 [3]:3
[0]:3974108127 [1]:1 [2]:2 [3]:3
[0]:3766487492 [1]:1 [2]:2 [3]:2
[0]:3557855138 [1]:1 [2]:2 [3]:2
[0]:3344837598 [1]:1 [2]:2 [3]:2
[0]:4132847521 [1]:1 [2]:2 [3]:3
[0]:3924771693 [1]:1 [2]:2 [3]:2
[0]:3717839827 [1]:1 [2]:2 [3]:3
[0]:3529413572 [1]:1 [2]:2 [3]:3
[0]:3339882212 [1]:1 [2]:2 [3]:3
[0]:4154099296 [1]:1 [2]:2 [3]:3
[0]:3970100065 [1]:1 [2]:2 [3]:3
[0]:3758120215 [1]:1 [2]:2 [3]:2
[0]:3568874338 [1]:1 [2]:2 [3]:3
[0]:3377017193 [1]:1 [2]:2 [3]:3
[0]:4184985416 [1]:1 [2]:2 [3]:3
[0]:3994116058 [1]:1 [2]:2 [3]:3
[0]:3806134588 [1]:1 [2]:2 [3]:3
[0]:3595466082 [1]:1 [2]:2 [3]:2
[0]:3405007837 [1]:1 [2]:2 [3]:3
[0]:4213070028 [1]:1 [2]:2 [3]:3
[0]:4017548411 [1]:1 [2]:2 [3]:3
[0]:3825131206 [1]:1 [2]:2 [3]:3
[0]:3614050187 [1]:1 [2]:2 [3]:2
[0]:3386791480 [1]:1 [2]:2 [3]:2
[0]:4114136721 [1]:1 [2]:2 [3]:3
[0]:3922131218 [1]:1 [2]:2 [3]:3
[0]:3729279287 [1]:1 [2]:2 [3]:3
[0]:3490797327 [1]:1 [2]:2 [3]:3
[0]:3310129667 [1]:1 [2]:2 [3]:3
[0]:4078132146 [1]:1 [2]:2 [3]:3
[0]:3882522490 [1]:1 [2]:2 [3]:3
[0]:3695597665 [1]:1 [2]:2 [3]:3
[0]:3510645681 [1]:1 [2]:2 [3]:3
[0]:3322303057 [1]:1 [2]:2 [3]:3
[0]:4140995555 [1]:1 [2]:2 [3]:3
[0]:3961168545 [1]:1 [2]:2 [3]:2
[0]:3728978817 [1]:1 [2]:2 [3]:2
[0]:3533592690 [1]:1 [2]:2 [3]:3
[0]:3341174637 [1]:1 [2]:2 [3]:2
[0]:4140894688 [1]:1 [2]:2 [3]:3
[0]:3912978532 [1]:1 [2]:2 [3]:3
[0]:3663327007 [1]:1 [2]:2 [3]:3
[0]:3432259923 [1]:1 [2]:2 [3]:3
[0]:4133019303 [1]:1 [2]:2 [3]:3
[0]:3925085477 [1]:1 [2]:2 [3]:3
[0]:3712987711 [1]:1 [2]:2 [3]:3
[0]:3506160266 [1]:1 [2]:2 [3]:3
[0]:4293667566 [1]:1 [2]:2 [3]:2
[0]:4077601536 [1]:1 [2]:2 [3]:3
[0]:3857150253 [1]:1 [2]:2 [3]:3
[0]:3638166330 [1]:1 [2]:2 [3]:4
[0]:3432603130 [1]:1 [2]:2 [3]:3
[0]:4218861906 [1]:1 [2]:2 [3]:3
[0]:4009465701 [1]:1 [2]:2 [3]:3
[0]:3801006338 [1]:1 [2]:2 [3]:3
[0]:3594174718 [1]:1 [2]:2 [3]:3
[0]:3393573857 [1]:1 [2]:2 [3]:3
[0]:4206832092 [1]:1 [2]:2 [3]:3
[0]:4021132367 [1]:1 [2]:2 [3]:3
[0]:3827190323 [1]:1 [2]:2 [3]:2
[0]:3650746585 [1]:1 [2]:2 [3]:2
[0]:3455773455 [1]:1 [2]:2 [3]:2
[0]:4257073527 [1]:1 [2]:2 [3]:3
[0]:4062513337 [1]:1 [2]:2 [3]:3
[0]:3879200540 [1]:1 [2]:2 [3]:3
[0]:3689017845 [1]:1 [2]:2 [3]:3
[0]:3501061021 [1]:1 [2]:2 [3]:3
[0]:3308997408 [1]:1 [2]:2 [3]:3
[0]:4122909971 [1]:1 [2]:2 [3]:3
[0]:3934305940 [1]:1 [2]:2 [3]:3
[0]:3742150628 [1]:1 [2]:2 [3]:3
[0]:3550220875 [1]:1 [2]:2 [3]:3
[0]:3319081080 [1]:1 [2]:2 [3]:3
[0]:4081338351 [1]:1 [2]:2 [3]:3
[0]:3869390938 [1]:1 [2]:2 [3]:3
[0]:3657571467 [1]:1 [2]:2 [3]:3
[0]:3459640513 [1]:1 [2]:2 [3]:2
[0]:4269053141 [1]:1 [2]:2 [3]:3
[0]:4077172815 [1]:1 [2]:2 [3]:2
[0]:3886212680 [1]:1 [2]:2 [3]:4
[0]:3694651920 [1]:1 [2]:2 [3]:3
[0]:3501927058 [1]:1 [2]:2 [3]:3
[0]:3313135376 [1]:1 [2]:2 [3]:2
[0]:4122217568 [1]:1 [2]:2 [3]:4
[0]:3933106993 [1]:1 [2]:2 [3]:3
[0]:3726221532 [1]:1 [2]:2 [3]:3
[0]:3534396080 [1]:1 [2]:2 [3]:3
[0]:3349056075 [1]:1 [2]:2 [3]:3
[0]:4161611176 [1]:1 [2]:2 [3]:3
[0]:3969542232 [1]:1 [2]:2 [3]:3
[0]:3709088061 [1]:1 [2]:2 [3]:3
[0]:3479337805 [1]:1 [2]:2 [3]:2
[0]:4239207745 [1]:1 [2]:2 [3]:3
[0]:4017091423 [1]:1 [2]:2 [3]:3
[0]:3814234415 [1]:1 [2]:2 [3]:3
[0]:3577089890 [1]:1 [2]:2 [3]:3
[0]:3366239162 [1]:1 [2]:2 [3]:3
[0]:4148989176 [1]:1 [2]:2 [3]:3
[0]:3933762971 [1]:1 [2]:2 [3]:3
[0]:3720976816 [1]:1 [2]:2 [3]:3
[0]:3508595301 [1]:1 [2]:2 [3]:3
[0]:4289099996 [1]:1 [2]:2 [3]:3
[0]:4077099720 [1]:1 [2]:2 [3]:3
[0]:3863608615 [1]:1 [2]:2 [3]:3
[0]:3650692933 [1]:1 [2]:2 [3]:3
[0]:3441915235 [1]:1 [2]:2 [3]:3
[0]:4233421588 [1]:1 [2]:2 [3]:3
[0]:4045223600 [1]:1 [2]:2 [3]:3
[0]:3862259420 [1]:1 [2]:2 [3]:3
[0]:3669132236 [1]:1 [2]:2 [3]:3
[0]:3425105701 [1]:1 [2]:2 [3]:3
[0]:4217197046 [1]:1 [2]:2 [3]:2
[0]:4029361887 [1]:1 [2]:2 [3]:3
[0]:3837407425 [1]:1 [2]:2 [3]:3
[0]:3624334363 [1]:1 [2]:2 [3]:3
[0]:3435018958 [1]:1 [2]:2 [3]:3
[0]:4245162752 [1]:1 [2]:2 [3]:3
[0]:4048476721 [1]:1 [2]:2 [3]:3
[0]:3851364042 [1]:1 [2]:2 [3]:3
[0]:3661100350 [1]:1 [2]:2 [3]:3
[0]:3471888878 [1]:1 [2]:2 [3]:3
[0]:4281038006 [1]:1 [2]:2 [3]:2
[0]:4034280767 [1]:1 [2]:2 [3]:3
[0]:3749542433 [1]:1 [2]:2 [3]:3
[0]:3541185900 [1]:1 [2]:2 [3]:3
[0]:3349077163 [1]:1 [2]:2 [3]:3
[0]:4162285940 [1]:1 [2]:2 [3]:3
[0]:3969456775 [1]:1 [2]:2 [3]:2
[0]:3778567402 [1]:1 [2]:2 [3]:2
[0]:3589205725 [1]:1 [2]:2 [3]:3
[0]:3397187746 [1]:1 [2]:2 [3]:3
[0]:4210295147 [1]:1 [2]:2 [3]:3
[0]:4021114847 [1]:1 [2]:2 [3]:2
[0]:3829067970 [1]:1 [2]:2 [3]:3
[0]:3637357351 [1]:1 [2]:2 [3]:3
[0]:3445317123 [1]:1 [2]:2 [3]:3
[0]:4249210516 [1]:1 [2]:2 [3]:5
[0]:4053236103 [1]:1 [2]:2 [3]:17
[0]:3864827596 [1]:1 [2]:2 [3]:7
[0]:3657490238 [1]:1 [2]:2 [3]:16
[0]:3421447608 [1]:1 [2]:2 [3]:8
[0]:4165065075 [1]:1 [2]:2 [3]:6
[0]:3945083433 [1]:1 [2]:2 [3]:7
[0]:3733196388 [1]:1 [2]:2 [3]:17
[0]:3521296626 [1]:1 [2]:2 [3]:6
[0]:3308783211 [1]:1 [2]:2 [3]:15
[0]:4097033046 [1]:1 [2]:2 [3]:6
[0]:3881159093 [1]:1 [2]:2 [3]:5
[0]:3671639775 [1]:1 [2]:2 [3]:7
[0]:3441377640 [1]:1 [2]:2 [3]:10
[0]:4229258218 [1]:1 [2]:2 [3]:8
[0]:4009290822 [1]:1 [2]:2 [3]:2
[0]:3805163678 [1]:1 [2]:2 [3]:8
[0]:3597066807 [1]:1 [2]:2 [3]:7
[0]:3388637083 [1]:1 [2]:2 [3]:3
[0]:4141106512 [1]:1 [2]:2 [3]:8
[0]:3934985580 [1]:1 [2]:2 [3]:7
[0]:3745733721 [1]:1 [2]:2 [3]:6
[0]:3548421696 [1]:1 [2]:2 [3]:17
[0]:3359950451 [1]:1 [2]:2 [3]:3
[0]:4125316397 [1]:1 [2]:2 [3]:3
[0]:3925206850 [1]:1 [2]:2 [3]:17
[0]:3721192166 [1]:1 [2]:2 [3]:2
[0]:3531766837 [1]:1 [2]:2 [3]:16
[0]:3337375462 [1]:1 [2]:2 [3]:15
[0]:4141641770 [1]:1 [2]:2 [3]:8
[0]:3953161493 [1]:1 [2]:2 [3]:18
[0]:3761311708 [1]:1 [2]:2 [3]:4
[0]:3561257642 [1]:1 [2]:2 [3]:7
[0]:3363782852 [1]:1 [2]:2 [3]:17
[0]:4166173102 [1]:1 [2]:2 [3]:8
[0]:3967528662 [1]:1 [2]:2 [3]:10
[0]:3740545431 [1]:1 [2]:2 [3]:7
[0]:3454252987 [1]:1 [2]:2 [3]:8
[0]:4263280517 [1]:1 [2]:2 [3]:8
[0]:4073236091 [1]:1 [2]:2 [3]:19
[0]:3864845466 [1]:1 [2]:2 [3]:7
[0]:3673398906 [1]:1 [2]:2 [3]:6
[0]:3465624866 [1]:1 [2]:2 [3]:3
[0]:4273144491 [1]:1 [2]:2 [3]:3
[0]:4063083150 [1]:1 [2]:2 [3]:19
[0]:3865161336 [1]:1 [2]:2 [3]:6
[0]:3679034423 [1]:1 [2]:2 [3]:17
[0]:3489245438 [1]:1 [2]:2 [3]:6
[0]:3301274211 [1]:1 [2]:2 [3]:9
[0]:4109302252 [1]:1 [2]:2 [3]:16
[0]:3921442966 [1]:1 [2]:2 [3]:19
[0]:3725202876 [1]:1 [2]:2 [3]:5
[0]:3538656128 [1]:1 [2]:2 [3]:8
[0]:3332974243 [1]:1 [2]:2 [3]:3
[0]:4098362357 [1]:1 [2]:2 [3]:18
[0]:3863093005 [1]:1 [2]:2 [3]:8
[0]:3633571465 [1]:1 [2]:2 [3]:8
[0]:3394281563 [1]:1 [2]:2 [3]:18
[0]:4177193966 [1]:1 [2]:2 [3]:3
[0]:3965090667 [1]:1 [2]:2 [3]:18
[0]:3757335668 [1]:1 [2]:2 [3]:3
[0]:3541880972 [1]:1 [2]:2 [3]:6
[0]:3332607136 [1]:1 [2]:2 [3]:9
[0]:4129174077 [1]:1 [2]:2 [3]:8
[0]:3926237297 [1]:1 [2]:2 [3]:6
[0]:3717342771 [1]:1 [2]:2 [3]:7
[0]:3493208576 [1]:1 [2]:2 [3]:17
[0]:4257258223 [1]:1 [2]:2 [3]:5
[0]:4041159143 [1]:1 [2]:2 [3]:7
[0]:3826777720 [1]:1 [2]:2 [3]:21
[0]:3629332427 [1]:1 [2]:2 [3]:3
[0]:3437462978 [1]:1 [2]:2 [3]:8
[0]:4249568225 [1]:1 [2]:2 [3]:5
[0]:4061889266 [1]:1 [2]:2 [3]:5
[0]:3859348261 [1]:1 [2]:2 [3]:20
[0]:3669201375 [1]:1 [2]:2 [3]:7
[0]:3474477938 [1]:1 [2]:2 [3]:6
[0]:4285080722 [1]:1 [2]:2 [3]:18
[0]:4097342288 [1]:1 [2]:2 [3]:3
[0]:3901363697 [1]:1 [2]:2 [3]:9
[0]:3713274050 [1]:1 [2]:2 [3]:7
[0]:3525316751 [1]:1 [2]:2 [3]:8
[0]:3337432073 [1]:1 [2]:2 [3]:16
[0]:4150412055 [1]:1 [2]:2 [3]:17
[0]:3961636826 [1]:1 [2]:2 [3]:17
[0]:3770860563 [1]:1 [2]:2 [3]:16
[0]:3514080578 [1]:1 [2]:2 [3]:19
[0]:4281386100 [1]:1 [2]:2 [3]:9
[0]:4026075316 [1]:1 [2]:2 [3]:14
[0]:3830929358 [1]:1 [2]:2 [3]:18
[0]:3649486601 [1]:1 [2]:2 [3]:13
[0]:3460623497 [1]:1 [2]:2 [3]:8
[0]:4277490357 [1]:1 [2]:2 [3]:5
[0]:4061303961 [1]:1 [2]:2 [3]:10
[0]:3873506895 [1]:1 [2]:2 [3]:2
[0]:3685730900 [1]:1 [2]:2 [3]:10
[0]:3489522733 [1]:1 [2]:2 [3]:8
[0]:4245379493 [1]:1 [2]:2 [3]:7
[0]:4053471762 [1]:1 [2]:2 [3]:3
[0]:3864939988 [1]:1 [2]:2 [3]:10
[0]:3677411198 [1]:1 [2]:2 [3]:12
[0]:3489490738 [1]:1 [2]:2 [3]:15
[0]:4241380461 [1]:1 [2]:2 [3]:8
[0]:4021731745 [1]:1 [2]:2 [3]:7
[0]:3785653360 [1]:1 [2]:2 [3]:8
[0]:3517349308 [1]:1 [2]:2 [3]:20
[0]:4294477403 [1]:1 [2]:2 [3]:8
[0]:4074036886 [1]:1 [2]:2 [3]:6
[0]:3862002583 [1]:1 [2]:2 [3]:7
[0]:3649406146 [1]:1 [2]:2 [3]:3
[0]:3438079136 [1]:1 [2]:2 [3]:7
[0]:4228613773 [1]:1 [2]:2 [3]:16
[0]:4021898092 [1]:1 [2]:2 [3]:16
[0]:3713372152 [1]:1 [2]:2 [3]:21
[0]:3507888020 [1]:1 [2]:2 [3]:16
[0]:4289306586 [1]:1 [2]:2 [3]:9
[0]:4084677698 [1]:1 [2]:2 [3]:3
[0]:3867618440 [1]:1 [2]:2 [3]:10
[0]:3665338998 [1]:1 [2]:2 [3]:8
[0]:3461474698 [1]:1 [2]:2 [3]:16
[0]:4269543392 [1]:1 [2]:2 [3]:7
[0]:4078460993 [1]:1 [2]:2 [3]:18
[0]:3885551588 [1]:1 [2]:2 [3]:19
[0]:3685289377 [1]:1 [2]:2 [3]:3
[0]:3495808763 [1]:1 [2]:2 [3]:18
[0]:3297404081 [1]:1 [2]:2 [3]:6
[0]:4069464380 [1]:1 [2]:2 [3]:9
[0]:3877409008 [1]:1 [2]:2 [3]:6
[0]:3681441817 [1]:1 [2]:2 [3]:16
[0]:3489738335 [1]:1 [2]:2 [3]:6
[0]:3305545836 [1]:1 [2]:2 [3]:7
[0]:4109469110 [1]:1 [2]:2 [3]:19
[0]:3856747051 [1]:1 [2]:2 [3]:6
[0]:3666559381 [1]:1 [2]:2 [3]:7
[0]:3468744558 [1]:1 [2]:2 [3]:7
[0]:4242652820 [1]:1 [2]:2 [3]:20
[0]:3941511393 [1]:1 [2]:2 [3]:7
[0]:3705388183 [1]:1 [2]:2 [3]:10
[0]:3497362246 [1]:1 [2]:2 [3]:2
[0]:3301637646 [1]:1 [2]:2 [3]:3
[0]:4106784943 [1]:1 [2]:2 [3]:17
[0]:3921430746 [1]:1 [2]:2 [3]:3
[0]:3721605975 [1]:1 [2]:2 [3]:4
[0]:3510957343 [1]:1 [2]:2 [3]:6
[0]:4247777320 [1]:1 [2]:2 [3]:2
[0]:4057744352 [1]:1 [2]:2 [3]:3
[0]:3865635693 [1]:1 [2]:2 [3]:3
[0]:3669371648 [1]:1 [2]:2 [3]:2
[0]:3406804807 [1]:1 [2]:2 [3]:2
[0]:4214951631 [1]:1 [2]:2 [3]:3
[0]:4031373361 [1]:1 [2]:2 [3]:3
[0]:3769296461 [1]:1 [2]:2 [3]:3
[0]:3526833940 [1]:1 [2]:2 [3]:3
[0]:4253658765 [1]:1 [2]:2 [3]:3
[0]:4023521895 [1]:1 [2]:2 [3]:3
[0]:3797042682 [1]:1 [2]:2 [3]:2
[0]:3553280528 [1]:1 [2]:2 [3]:4
[0]:3333418186 [1]:1 [2]:2 [3]:3
[0]:4117338567 [1]:1 [2]:2 [3]:3
[0]:3897359127 [1]:1 [2]:2 [3]:3
[0]:3685188165 [1]:1 [2]:2 [3]:3
[0]:3478568925 [1]:1 [2]:2 [3]:4
[0]:4265348437 [1]:1 [2]:2 [3]:2
[0]:4033802182 [1]:1 [2]:2 [3]:4
[0]:3742045743 [1]:1 [2]:2 [3]:3
[0]:3537856816 [1]:1 [2]:2 [3]:3
[0]:3333410168 [1]:1 [2]:2 [3]:2
[0]:4137421770 [1]:1 [2]:2 [3]:3
[0]:3941471152 [1]:1 [2]:2 [3]:3
[0]:3749468915 [1]:1 [2]:2 [3]:3
[0]:3561468671 [1]:1 [2]:2 [3]:3
[0]:3365522100 [1]:1 [2]:2 [3]:2
[0]:4173471855 [1]:1 [2]:2 [3]:3
[0]:3978451047 [1]:1 [2]:2 [3]:3
[0]:3790579000 [1]:1 [2]:2 [3]:3
[0]:3597950250 [1]:1 [2]:2 [3]:3
[0]:3405666770 [1]:1 [2]:2 [3]:3
[0]:4216123522 [1]:1 [2]:2 [3]:3
[0]:4021953846 [1]:1 [2]:2 [3]:3
[0]:3829488921 [1]:1 [2]:2 [3]:3
[0]:3569353225 [1]:1 [2]:2 [3]:3
[0]:3380286112 [1]:1 [2]:2 [3]:3
[0]:4170607680 [1]:1 [2]:2 [3]:5
[0]:3865927885 [1]:1 [2]:2 [3]:3
[0]:3655532838 [1]:1 [2]:2 [3]:3
[0]:3430609763 [1]:1 [2]:2 [3]:3
[0]:4234612051 [1]:1 [2]:2 [3]:3
[0]:4041483223 [1]:1 [2]:2 [3]:3
[0]:3849954028 [1]:1 [2]:2 [3]:3
[0]:3593784175 [1]:1 [2]:2 [3]:3
[0]:3406628171 [1]:1 [2]:2 [3]:3
[0]:4210618728 [1]:1 [2]:2 [3]:3
[0]:4014622127 [1]:1 [2]:2 [3]:3
[0]:3810623537 [1]:1 [2]:2 [3]:3
[0]:3614107795 [1]:1 [2]:2 [3]:3
[0]:3417501302 [1]:1 [2]:2 [3]:3
[0]:4226895272 [1]:1 [2]:2 [3]:2
[0]:4039061211 [1]:1 [2]:2 [3]:3
[0]:3851426792 [1]:1 [2]:2 [3]:3
[0]:3656130791 [1]:1 [2]:2 [3]:2
[0]:3414634226 [1]:1 [2]:2 [3]:3
[0]:4185461531 [1]:1 [2]:2 [3]:3
[0]:3969611741 [1]:1 [2]:2 [3]:3
[0]:3758638478 [1]:1 [2]:2 [3]:3
[0]:3514655711 [1]:1 [2]:2 [3]:3
[0]:3297509545 [1]:1 [2]:2 [3]:3
[0]:4067389523 [1]:1 [2]:2 [3]:3
[0]:3850186306 [1]:1 [2]:2 [3]:2
[0]:3630647451 [1]:1 [2]:2 [3]:3
[0]:3405228353 [1]:1 [2]:2 [3]:2
[0]:4189369075 [1]:1 [2]:2 [3]:3
[0]:3985380733 [1]:1 [2]:2 [3]:2
[0]:3774668862 [1]:1 [2]:2 [3]:3
[0]:3551731576 [1]:1 [2]:2 [3]:3
[0]:3339236321 [1]:1 [2]:2 [3]:3
[0]:4135654188 [1]:1 [2]:2 [3]:3
[0]:3933679038 [1]:1 [2]:2 [3]:3
[0]:3747040153 [1]:1 [2]:2 [3]:3
[0]:3561161035 [1]:1 [2]:2 [3]:3
[0]:3361617506 [1]:1 [2]:2 [3]:3
[0]:4169522655 [1]:1 [2]:2 [3]:2
[0]:3941850660 [1]:1 [2]:2 [3]:3
[0]:3758670372 [1]:1 [2]:2 [3]:3
[0]:3573720483 [1]:1 [2]:2 [3]:3
[0]:3357032593 [1]:1 [2]:2 [3]:3
[0]:4169771317 [1]:1 [2]:2 [3]:3
[0]:3977488320 [1]:1 [2]:2 [3]:3
[0]:3786859923 [1]:1 [2]:2 [3]:3
[0]:3597718387 [1]:1 [2]:2 [3]:3
[0]:3401544552 [1]:1 [2]:2 [3]:3
[0]:4209732020 [1]:1 [2]:2 [3]:3
[0]:4013564137 [1]:1 [2]:2 [3]:2
[0]:3798768392 [1]:1 [2]:2 [3]:2
[0]:3566930720 [1]:1 [2]:2 [3]:2
[0]:3346688743 [1]:1 [2]:2 [3]:3
[0]:4134666773 [1]:1 [2]:2 [3]:2
[0]:3921597157 [1]:1 [2]:2 [3]:2
[0]:3717839840 [1]:1 [2]:2 [3]:3
[0]:3529012587 [1]:1 [2]:2 [3]:3
[0]:3339461547 [1]:1 [2]:2 [3]:4
[0]:4110596610 [1]:1 [2]:2 [3]:3
[0]:3910872656 [1]:1 [2]:2 [3]:3
[0]:3725629037 [1]:1 [2]:2 [3]:3
[0]:3529739063 [1]:1 [2]:2 [3]:3
[0]:3313441807 [1]:1 [2]:2 [3]:3
[0]:4127252558 [1]:1 [2]:2 [3]:2
[0]:3933575713 [1]:1 [2]:2 [3]:2
[0]:3744924001 [1]:1 [2]:2 [3]:3
[0]:3553699453 [1]:1 [2]:2 [3]:2
[0]:3349709377 [1]:1 [2]:2 [3]:3
[0]:4117865042 [1]:1 [2]:2 [3]:3
[0]:3853897155 [1]:1 [2]:2 [3]:3
[0]:3615261983 [1]:1 [2]:2 [3]:3
[0]:3381892755 [1]:1 [2]:2 [3]:3
[0]:4171724633 [1]:1 [2]:2 [3]:3
[0]:3924666487 [1]:1 [2]:2 [3]:3
[0]:3698798721 [1]:1 [2]:2 [3]:3
[0]:3486038973 [1]:1 [2]:2 [3]:3
[0]:4265552861 [1]:1 [2]:2 [3]:3
[0]:4046730326 [1]:1 [2]:2 [3]:4
[0]:3822915537 [1]:1 [2]:2 [3]:2
[0]:3609459281 [1]:1 [2]:2 [3]:2
[0]:3394737036 [1]:1 [2]:2 [3]:4
[0]:4187137210 [1]:1 [2]:2 [3]:3
[0]:3964692138 [1]:1 [2]:2 [3]:3
[0]:3742758261 [1]:1 [2]:2 [3]:3
[0]:3555642702 [1]:1 [2]:2 [3]:3
[0]:3368660702 [1]:1 [2]:2 [3]:3
[0]:4177635650 [1]:1 [2]:2 [3]:4
[0]:3994707347 [1]:1 [2]:2 [3]:3
[0]:3809552538 [1]:1 [2]:2 [3]:3
[0]:3618750203 [1]:1 [2]:2 [3]:3
[0]:3430203731 [1]:1 [2]:2 [3]:3
[0]:4239789873 [1]:1 [2]:2 [3]:3
[0]:4049664648 [1]:1 [2]:2 [3]:3
[0]:3847894563 [1]:1 [2]:2 [3]:3
[0]:3633671808 [1]:1 [2]:2 [3]:3
[0]:3438004035 [1]:1 [2]:2 [3]:2
[0]:4249633333 [1]:1 [2]:2 [3]:3
[0]:4062939037 [1]:1 [2]:2 [3]:3
[0]:3873787962 [1]:1 [2]:2 [3]:3
[0]:3615753476 [1]:1 [2]:2 [3]:2
[0]:3393994778 [1]:1 [2]:2 [3]:3
[0]:4172862655 [1]:1 [2]:2 [3]:3
[0]:3969623952 [1]:1 [2]:2 [3]:2
[0]:3771351908 [1]:1 [2]:2 [3]:3
[0]:3582221975 [1]:1 [2]:2 [3]:3
[0]:3388043910 [1]:1 [2]:2 [3]:2
[0]:4197830678 [1]:1 [2]:2 [3]:3
[0]:4006693252 [1]:1 [2]:2 [3]:2
[0]:3826789686 [1]:1 [2]:2 [3]:5
[0]:3630800938 [1]:1 [2]:2 [3]:4
[0]:3503278955 [1]:1 [2]:2 [3]:3
[0]:3503278955 [1]:1 [2]:2 [3]:3
[0]:3503278955 [1]:1 [2]:2 [3]:3
[0]:3503278955 [1]:1 [2]:2 [3]:3
[0]:3503278955 [1]:1 [2]:2 [3]:3
[0]:3503278955 [1]:1 [2]:2 [3]:3
[0]:3503278955 [1]:1 [2]:2 [3]:3
[0]:3503278955 [1]:1 [2]:2 [3]:3
[0]:3503278955 [1]:1 [2]:2 [3]:3
[0]:3503278955 [1]:1 [2]:2 [3]:3
[0]:3503278955 [1]:1 [2]:2 [3]:3
[0]:3503278955 [1]:1 [2]:2 [3]:3
[0]:3503278955 [1]:1 [2]:2 [3]:3
[0]:3503278955 [1]:1 [2]:2 [3]:3
[0]:3503278955 [1]:1 [2]:2 [3]:3
[0]:3503278955 [1]:1 [2]:2 [3]:3
[0]:3503278955 [1]:1 [2]:2 [3]:3
[0]:3503278955 [1]:1 [2]:2 [3]:3
[0]:3503278955 [1]:1 [2]:2 [3]:3
