[0]:114771773 [1]:18268004 [2]:149 [3]:364
[0]:114963437 [1]:18312299 [2]:149 [3]:361
[0]:115168179 [1]:18359592 [2]:149 [3]:58
[0]:115384858 [1]:18409562 [2]:151 [3]:356
[0]:115601179 [1]:18459566 [2]:151 [3]:355
[0]:115814399 [1]:18508798 [2]:151 [3]:364
[0]:116012115 [1]:18554496 [2]:151 [3]:362
[0]:116202551 [1]:18598429 [2]:151 [3]:360
[0]:116396625 [1]:18643256 [2]:151 [3]:359
[0]:116645781 [1]:18700819 [2]:151 [3]:56
[0]:116859454 [1]:18750151 [2]:151 [3]:364
[0]:117046095 [1]:18793285 [2]:151 [3]:357
[0]:117247491 [1]:18839751 [2]:151 [3]:63
[0]:117440093 [1]:18884258 [2]:151 [3]:357
[0]:117646309 [1]:18931861 [2]:151 [3]:54
[0]:117877198 [1]:18985202 [2]:151 [3]:60
[0]:118098227 [1]:19036184 [2]:157 [3]:364
[0]:118307744 [1]:19084614 [2]:157 [3]:362
[0]:118499911 [1]:19129019 [2]:157 [3]:360
[0]:118699644 [1]:19175142 [2]:157 [3]:367
[0]:118889815 [1]:19219051 [2]:157 [3]:63
[0]:119094884 [1]:19266381 [2]:157 [3]:367
[0]:119292880 [1]:19312094 [2]:157 [3]:58
[0]:119486571 [1]:19356831 [2]:157 [3]:54
[0]:119676767 [1]:19400849 [2]:157 [3]:365
[0]:119879047 [1]:19447497 [2]:157 [3]:365
[0]:120099349 [1]:19498403 [2]:157 [3]:364
[0]:120300848 [1]:19544991 [2]:157 [3]:364
[0]:120517041 [1]:19594916 [2]:157 [3]:362
[0]:120711287 [1]:19639828 [2]:157 [3]:364
[0]:120910899 [1]:19685843 [2]:161 [3]:360
[0]:121118208 [1]:19733786 [2]:161 [3]:362
[0]:121312276 [1]:19778642 [2]:161 [3]:361
[0]:121513692 [1]:19825196 [2]:161 [3]:359
[0]:121711510 [1]:19870927 [2]:161 [3]:362
[0]:121908131 [1]:19916320 [2]:161 [3]:360
[0]:122091773 [1]:19958762 [2]:161 [3]:365
[0]:122285742 [1]:20003517 [2]:161 [3]:358
[0]:122488229 [1]:20050329 [2]:161 [3]:362
[0]:122693297 [1]:20097653 [2]:161 [3]:55
[0]:122891096 [1]:20143396 [2]:161 [3]:363
[0]:123088871 [1]:20189117 [2]:161 [3]:61
[0]:123286783 [1]:20234861 [2]:161 [3]:365
[0]:123490448 [1]:20281902 [2]:161 [3]:362
[0]:123686108 [1]:20327116 [2]:163 [3]:361
[0]:123916953 [1]:20380444 [2]:163 [3]:357
[0]:124138807 [1]:20431637 [2]:163 [3]:61
[0]:124335445 [1]:20477057 [2]:163 [3]:366
[0]:124533360 [1]:20522777 [2]:163 [3]:357
[0]:124727330 [1]:20567549 [2]:163 [3]:364
[0]:124944005 [1]:20617524 [2]:163 [3]:364
[0]:125138012 [1]:20662365 [2]:163 [3]:369
[0]:125328468 [1]:20706385 [2]:163 [3]:366
[0]:125526405 [1]:20752048 [2]:163 [3]:358
[0]:125725128 [1]:20797908 [2]:163 [3]:364
[0]:125921913 [1]:20843360 [2]:163 [3]:361
[0]:126121556 [1]:20889508 [2]:163 [3]:60
[0]:126313721 [1]:20933981 [2]:163 [3]:360
[0]:126533543 [1]:20984689 [2]:164 [3]:368
[0]:126729544 [1]:21030041 [2]:164 [3]:353
[0]:126918659 [1]:21073747 [2]:164 [3]:370
[0]:127111768 [1]:21118400 [2]:164 [3]:60
[0]:127299076 [1]:21161628 [2]:164 [3]:58
[0]:127496797 [1]:21207243 [2]:164 [3]:358
[0]:127687276 [1]:21251257 [2]:164 [3]:355
[0]:127877659 [1]:21295288 [2]:164 [3]:363
[0]:128071531 [1]:21340132 [2]:164 [3]:63
[0]:128273223 [1]:21386680 [2]:164 [3]:311
[0]:128471196 [1]:21432429 [2]:164 [3]:359
[0]:128664363 [1]:21477102 [2]:164 [3]:373
[0]:128858554 [1]:21521955 [2]:164 [3]:354
[0]:129058573 [1]:21568169 [2]:164 [3]:362
[0]:129250403 [1]:21612407 [2]:165 [3]:362
[0]:129445401 [1]:21657415 [2]:165 [3]:357
[0]:129654127 [1]:21705630 [2]:165 [3]:358
[0]:129874381 [1]:21756517 [2]:165 [3]:363
[0]:130064591 [1]:21800502 [2]:165 [3]:361
[0]:130259069 [1]:21845356 [2]:165 [3]:361
[0]:130452923 [1]:21890133 [2]:165 [3]:371
[0]:130661631 [1]:21938340 [2]:165 [3]:57
[0]:130867432 [1]:21985876 [2]:165 [3]:371
[0]:131065393 [1]:22031627 [2]:165 [3]:362
[0]:131262815 [1]:22077183 [2]:165 [3]:353
[0]:131464456 [1]:22123776 [2]:165 [3]:358
[0]:131665414 [1]:22170176 [2]:165 [3]:361
[0]:131868718 [1]:22217191 [2]:165 [3]:355
[0]:132065495 [1]:22262631 [2]:165 [3]:361
[0]:132258505 [1]:22307185 [2]:165 [3]:365
[0]:132479998 [1]:22358452 [2]:165 [3]:367
[0]:132681435 [1]:22405103 [2]:165 [3]:361
[0]:132871597 [1]:22449025 [2]:165 [3]:364
[0]:133115300 [1]:22505309 [2]:165 [3]:363
[0]:133300871 [1]:22548149 [2]:165 [3]:359
[0]:133499871 [1]:22594121 [2]:165 [3]:364
[0]:133692508 [1]:22638707 [2]:165 [3]:361
[0]:133905120 [1]:22687781 [2]:165 [3]:68
[0]:134136846 [1]:22741361 [2]:165 [3]:357
[0]:134330848 [1]:22786178 [2]:165 [3]:364
[0]:134521468 [1]:22830223 [2]:165 [3]:60
[0]:134715239 [1]:22874999 [2]:165 [3]:360
[0]:134919068 [1]:22922019 [2]:165 [3]:360
[0]:135114817 [1]:22967267 [2]:165 [3]:363
[0]:135320941 [1]:23014832 [2]:165 [3]:62
[0]:135513769 [1]:23059338 [2]:165 [3]:356
[0]:135709126 [1]:23104479 [2]:165 [3]:367
[0]:135932108 [1]:23155940 [2]:165 [3]:359
[0]:136123344 [1]:23200140 [2]:165 [3]:66
[0]:136321663 [1]:23245939 [2]:165 [3]:361
[0]:136521738 [1]:23292212 [2]:165 [3]:368
[0]:136708756 [1]:23335369 [2]:165 [3]:358
[0]:136928054 [1]:23386010 [2]:165 [3]:61
[0]:137138053 [1]:23434514 [2]:165 [3]:360
[0]:137343203 [1]:23481906 [2]:165 [3]:361
[0]:137533547 [1]:23525907 [2]:165 [3]:362
[0]:137733226 [1]:23571933 [2]:165 [3]:364
[0]:137925495 [1]:23616366 [2]:165 [3]:360
[0]:138123442 [1]:23662060 [2]:165 [3]:364
[0]:138323627 [1]:23708320 [2]:165 [3]:356
[0]:138511492 [1]:23751705 [2]:165 [3]:358
[0]:138720795 [1]:23800020 [2]:165 [3]:361
[0]:138916852 [1]:23845327 [2]:165 [3]:364
[0]:139116231 [1]:23891356 [2]:165 [3]:62
[0]:139311296 [1]:23936419 [2]:165 [3]:359
[0]:139504175 [1]:23980896 [2]:165 [3]:360
[0]:139693323 [1]:24024609 [2]:165 [3]:364
[0]:139888888 [1]:24069787 [2]:165 [3]:363
[0]:140093943 [1]:24117153 [2]:165 [3]:357
[0]:140292396 [1]:24163026 [2]:165 [3]:360
[0]:140485764 [1]:24207680 [2]:165 [3]:360
[0]:140680100 [1]:24252662 [2]:165 [3]:362
[0]:140926256 [1]:24309532 [2]:165 [3]:366
[0]:141113056 [1]:24352667 [2]:165 [3]:59
[0]:141314576 [1]:24399295 [2]:165 [3]:360
[0]:141502458 [1]:24442667 [2]:165 [3]:357
[0]:141706643 [1]:24489859 [2]:165 [3]:356
[0]:141908012 [1]:24536371 [2]:165 [3]:362
[0]:142135716 [1]:24589045 [2]:165 [3]:359
[0]:142329586 [1]:24633785 [2]:165 [3]:359
[0]:142526728 [1]:24679336 [2]:165 [3]:364
