[0]:65048413 [1]:9004164 [2]:96 [3]:82
[0]:65253110 [1]:9024117 [2]:96 [3]:374
[0]:65473388 [1]:9045573 [2]:96 [3]:87
[0]:65682682 [1]:9065897 [2]:96 [3]:79
[0]:65899163 [1]:9087054 [2]:96 [3]:364
[0]:66112066 [1]:9107839 [2]:96 [3]:86
[0]:66324382 [1]:9128621 [2]:96 [3]:356
[0]:66532703 [1]:9148958 [2]:96 [3]:359
[0]:66753733 [1]:9170689 [2]:96 [3]:76
[0]:66962450 [1]:9191005 [2]:96 [3]:366
[0]:67171206 [1]:9211353 [2]:96 [3]:94
[0]:67379605 [1]:9231693 [2]:96 [3]:364
[0]:67604471 [1]:9253525 [2]:96 [3]:90
[0]:67824959 [1]:9275113 [2]:96 [3]:375
[0]:68058168 [1]:9297764 [2]:95 [3]:362
[0]:68270915 [1]:9318987 [2]:95 [3]:359
[0]:68493857 [1]:9341069 [2]:95 [3]:370
[0]:68702392 [1]:9361629 [2]:95 [3]:375
[0]:68919056 [1]:9382685 [2]:95 [3]:362
[0]:69120080 [1]:9402272 [2]:95 [3]:367
[0]:69340188 [1]:9423836 [2]:95 [3]:99
[0]:69564957 [1]:9445723 [2]:95 [3]:376
[0]:69765862 [1]:9465299 [2]:95 [3]:357
[0]:69998713 [1]:9488139 [2]:95 [3]:364
[0]:70204573 [1]:9508152 [2]:95 [3]:77
[0]:70412186 [1]:9528443 [2]:95 [3]:370
[0]:70624348 [1]:9549108 [2]:95 [3]:360
[0]:70821268 [1]:9568292 [2]:95 [3]:373
[0]:71049692 [1]:9590642 [2]:95 [3]:83
[0]:71263244 [1]:9611495 [2]:95 [3]:362
[0]:71480457 [1]:9632619 [2]:95 [3]:364
[0]:71687599 [1]:9652924 [2]:95 [3]:90
[0]:71888150 [1]:9672612 [2]:95 [3]:364
[0]:72112652 [1]:9694505 [2]:95 [3]:112
[0]:72321654 [1]:9714965 [2]:95 [3]:373
[0]:72522497 [1]:9734537 [2]:95 [3]:372
[0]:72727312 [1]:9754597 [2]:95 [3]:95
[0]:72939741 [1]:9775509 [2]:95 [3]:368
[0]:73148418 [1]:9795956 [2]:95 [3]:369
[0]:73379848 [1]:9818600 [2]:95 [3]:360
[0]:73593363 [1]:9839580 [2]:95 [3]:360
[0]:73802139 [1]:9859785 [2]:95 [3]:85
[0]:74006925 [1]:9879843 [2]:95 [3]:371
[0]:74207835 [1]:9899446 [2]:95 [3]:369
[0]:74408519 [1]:9919128 [2]:95 [3]:358
[0]:74619736 [1]:9939827 [2]:95 [3]:367
[0]:74831347 [1]:9960554 [2]:95 [3]:76
[0]:75038269 [1]:9980983 [2]:95 [3]:102
[0]:75258095 [1]:10002735 [2]:95 [3]:91
[0]:75479191 [1]:10024162 [2]:95 [3]:365
[0]:75686290 [1]:10044251 [2]:95 [3]:75
[0]:75881622 [1]:10063475 [2]:95 [3]:368
[0]:76092314 [1]:10084334 [2]:95 [3]:90
[0]:76361115 [1]:10110746 [2]:95 [3]:375
[0]:76589458 [1]:10132952 [2]:95 [3]:87
[0]:76798389 [1]:10153196 [2]:95 [3]:378
[0]:77003215 [1]:10173162 [2]:95 [3]:365
[0]:77215144 [1]:10194035 [2]:95 [3]:355
[0]:77463319 [1]:10218664 [2]:95 [3]:356
[0]:77689663 [1]:10240760 [2]:95 [3]:89
[0]:77891844 [1]:10260631 [2]:95 [3]:87
[0]:78183959 [1]:10289223 [2]:95 [3]:70
[0]:78388840 [1]:10309090 [2]:95 [3]:365
[0]:78597416 [1]:10329652 [2]:95 [3]:362
[0]:78806019 [1]:10350146 [2]:95 [3]:86
[0]:79010661 [1]:10370295 [2]:95 [3]:365
[0]:79213561 [1]:10390189 [2]:95 [3]:368
[0]:79422013 [1]:10410587 [2]:95 [3]:90
[0]:79629078 [1]:10430668 [2]:95 [3]:374
[0]:79833956 [1]:10450614 [2]:95 [3]:77
[0]:80054234 [1]:10472330 [2]:95 [3]:80
[0]:80262747 [1]:10492839 [2]:95 [3]:64
[0]:80467571 [1]:10512774 [2]:95 [3]:72
[0]:80676184 [1]:10533261 [2]:95 [3]:373
[0]:80885440 [1]:10553572 [2]:95 [3]:362
[0]:81107729 [1]:10575188 [2]:95 [3]:364
[0]:81313760 [1]:10595206 [2]:95 [3]:361
[0]:81531033 [1]:10616451 [2]:95 [3]:79
[0]:81739858 [1]:10636652 [2]:95 [3]:369
[0]:81949734 [1]:10657257 [2]:95 [3]:97
[0]:82173751 [1]:10678915 [2]:95 [3]:91
[0]:82389866 [1]:10699955 [2]:95 [3]:79
[0]:82602578 [1]:10720679 [2]:95 [3]:81
[0]:82811194 [1]:10741125 [2]:95 [3]:94
[0]:83043597 [1]:10763776 [2]:95 [3]:79
[0]:83246294 [1]:10783773 [2]:95 [3]:88
[0]:83460846 [1]:10804708 [2]:95 [3]:369
[0]:83673527 [1]:10825592 [2]:95 [3]:362
[0]:83886137 [1]:10846239 [2]:95 [3]:76
[0]:84098708 [1]:10866873 [2]:95 [3]:88
[0]:84311628 [1]:10887697 [2]:95 [3]:363
[0]:84516410 [1]:10907601 [2]:95 [3]:362
[0]:84730702 [1]:10928372 [2]:95 [3]:363
[0]:84934258 [1]:10948133 [2]:95 [3]:359
[0]:85143460 [1]:10968482 [2]:95 [3]:374
[0]:85373147 [1]:10990866 [2]:95 [3]:366
[0]:85592346 [1]:11012186 [2]:95 [3]:78
[0]:85808228 [1]:11033169 [2]:95 [3]:79
[0]:86016938 [1]:11053662 [2]:95 [3]:87
[0]:86230043 [1]:11074480 [2]:95 [3]:369
[0]:86434937 [1]:11094419 [2]:95 [3]:90
[0]:86646369 [1]:11115082 [2]:95 [3]:366
[0]:86852061 [1]:11135307 [2]:95 [3]:363
[0]:87068817 [1]:11156358 [2]:95 [3]:84
[0]:87274951 [1]:11176508 [2]:95 [3]:367
[0]:87482463 [1]:11196615 [2]:95 [3]:351
[0]:87735838 [1]:11221241 [2]:95 [3]:363
[0]:87947136 [1]:11241880 [2]:95 [3]:369
[0]:88170113 [1]:11263574 [2]:95 [3]:373
[0]:88384516 [1]:11284605 [2]:95 [3]:79
[0]:88621545 [1]:11307781 [2]:95 [3]:78
[0]:88848762 [1]:11332010 [2]:95 [3]:371
[0]:89088944 [1]:11363505 [2]:95 [3]:73
[0]:89314423 [1]:11393180 [2]:95 [3]:369
[0]:89529641 [1]:11421471 [2]:95 [3]:375
[0]:89744319 [1]:11449869 [2]:95 [3]:372
[0]:89949184 [1]:11476792 [2]:95 [3]:363
[0]:90166800 [1]:11505371 [2]:95 [3]:362
[0]:90379433 [1]:11533355 [2]:95 [3]:358
[0]:90587883 [1]:11560751 [2]:95 [3]:82
[0]:90791359 [1]:11587394 [2]:95 [3]:74
[0]:91001274 [1]:11614966 [2]:95 [3]:367
[0]:91207365 [1]:11641999 [2]:95 [3]:77
[0]:91410431 [1]:11668635 [2]:95 [3]:373
[0]:91630857 [1]:11697611 [2]:95 [3]:355
[0]:91838567 [1]:11724940 [2]:95 [3]:362
[0]:92044107 [1]:11751908 [2]:95 [3]:360
[0]:92256556 [1]:11779706 [2]:95 [3]:357
[0]:92472998 [1]:11808105 [2]:104 [3]:370
[0]:92673807 [1]:11834383 [2]:104 [3]:357
[0]:92905771 [1]:11864726 [2]:104 [3]:369
[0]:93116935 [1]:11892390 [2]:104 [3]:360
[0]:93327411 [1]:11919980 [2]:104 [3]:364
[0]:93539732 [1]:11947864 [2]:104 [3]:363
[0]:93797010 [1]:11981885 [2]:104 [3]:359
[0]:94011247 [1]:12009987 [2]:104 [3]:361
[0]:94220397 [1]:12037431 [2]:104 [3]:358
[0]:94428356 [1]:12064741 [2]:104 [3]:368
[0]:94628750 [1]:12091031 [2]:104 [3]:363
[0]:94846128 [1]:12119578 [2]:104 [3]:365
[0]:95046971 [1]:12146004 [2]:104 [3]:361
[0]:95255876 [1]:12173283 [2]:104 [3]:365
[0]:95463950 [1]:12200655 [2]:104 [3]:364
[0]:95668304 [1]:12227416 [2]:104 [3]:79
[0]:95868658 [1]:12253793 [2]:104 [3]:78
[0]:96073810 [1]:12280788 [2]:104 [3]:366
[0]:96300474 [1]:12310664 [2]:112 [3]:362
[0]:96514578 [1]:12338774 [2]:112 [3]:79
[0]:96719203 [1]:12365639 [2]:112 [3]:363
[0]:96921908 [1]:12392253 [2]:112 [3]:364
[0]:97167857 [1]:12424516 [2]:112 [3]:371
[0]:97380336 [1]:12452385 [2]:112 [3]:370
[0]:97584365 [1]:12479171 [2]:112 [3]:371
[0]:97836716 [1]:12512447 [2]:112 [3]:80
[0]:98045423 [1]:12539799 [2]:112 [3]:367
[0]:98257944 [1]:12567744 [2]:112 [3]:367
[0]:98462656 [1]:12594506 [2]:112 [3]:367
[0]:98678982 [1]:12622924 [2]:112 [3]:368
[0]:98907282 [1]:12652851 [2]:112 [3]:363
[0]:99115214 [1]:12680040 [2]:112 [3]:75
[0]:99317276 [1]:12706596 [2]:112 [3]:352
[0]:99525062 [1]:12733926 [2]:112 [3]:73
[0]:99737820 [1]:12761949 [2]:112 [3]:358
[0]:99952736 [1]:12790187 [2]:118 [3]:360
[0]:100165225 [1]:12817979 [2]:118 [3]:359
[0]:100375200 [1]:12845533 [2]:118 [3]:80
[0]:100587708 [1]:12873530 [2]:118 [3]:80
[0]:100796234 [1]:12900978 [2]:118 [3]:359
[0]:101004843 [1]:12928467 [2]:118 [3]:359
[0]:101236756 [1]:12958987 [2]:118 [3]:359
[0]:101445464 [1]:12986396 [2]:118 [3]:364
[0]:101654044 [1]:13013862 [2]:118 [3]:360
[0]:101866459 [1]:13041773 [2]:118 [3]:77
[0]:102065989 [1]:13068009 [2]:118 [3]:356
[0]:102279419 [1]:13096070 [2]:118 [3]:371
[0]:102499612 [1]:13124893 [2]:118 [3]:363
[0]:102716594 [1]:13153361 [2]:118 [3]:364
[0]:102920283 [1]:13180070 [2]:118 [3]:371
[0]:103121894 [1]:13206603 [2]:118 [3]:364
[0]:103334283 [1]:13234461 [2]:118 [3]:364
[0]:103542870 [1]:13261857 [2]:118 [3]:361
[0]:103767923 [1]:13291440 [2]:123 [3]:356
[0]:103983783 [1]:13319708 [2]:123 [3]:360
[0]:104193789 [1]:13347305 [2]:123 [3]:371
[0]:104397711 [1]:13374087 [2]:123 [3]:364
[0]:104601423 [1]:13400962 [2]:123 [3]:364
[0]:104817841 [1]:13429461 [2]:123 [3]:364
[0]:105053274 [1]:13460425 [2]:123 [3]:362
[0]:105258648 [1]:13487333 [2]:123 [3]:364
[0]:105470973 [1]:13515359 [2]:123 [3]:364
[0]:105679813 [1]:13542698 [2]:123 [3]:367
[0]:105888226 [1]:13569968 [2]:123 [3]:362
[0]:106100635 [1]:13597848 [2]:123 [3]:373
[0]:106308110 [1]:13625182 [2]:123 [3]:360
[0]:106528566 [1]:13654249 [2]:123 [3]:372
[0]:106742106 [1]:13682246 [2]:123 [3]:362
[0]:106953257 [1]:13709931 [2]:123 [3]:360
[0]:107151452 [1]:13735960 [2]:123 [3]:369
[0]:107359683 [1]:13763309 [2]:123 [3]:359
[0]:107568350 [1]:13790654 [2]:127 [3]:360
[0]:107804758 [1]:13821688 [2]:127 [3]:368
[0]:108009302 [1]:13848556 [2]:127 [3]:363
[0]:108214055 [1]:13875447 [2]:127 [3]:75
[0]:108423388 [1]:13902911 [2]:127 [3]:367
[0]:108639033 [1]:13931222 [2]:127 [3]:352
[0]:108847699 [1]:13958536 [2]:127 [3]:360
[0]:109056212 [1]:13985911 [2]:127 [3]:362
[0]:109260851 [1]:14012952 [2]:127 [3]:363
[0]:109471688 [1]:14040574 [2]:127 [3]:368
[0]:109682074 [1]:14068119 [2]:127 [3]:360
[0]:109891654 [1]:14095610 [2]:127 [3]:365
[0]:110095063 [1]:14122339 [2]:127 [3]:368
[0]:110299820 [1]:14149211 [2]:127 [3]:367
[0]:110517591 [1]:14177805 [2]:127 [3]:363
[0]:110724041 [1]:14204907 [2]:127 [3]:92
[0]:110933394 [1]:14232365 [2]:127 [3]:84
[0]:111149760 [1]:14260766 [2]:127 [3]:84
[0]:111354399 [1]:14287676 [2]:127 [3]:72
[0]:111564485 [1]:14315334 [2]:130 [3]:361
[0]:111775962 [1]:14343066 [2]:130 [3]:85
[0]:111980249 [1]:14370006 [2]:130 [3]:363
[0]:112188670 [1]:14397433 [2]:130 [3]:75
[0]:112397225 [1]:14424751 [2]:130 [3]:366
[0]:112609315 [1]:14452599 [2]:130 [3]:80
[0]:112819893 [1]:14480184 [2]:130 [3]:91
[0]:113025332 [1]:14507143 [2]:130 [3]:369
[0]:113239470 [1]:14535140 [2]:130 [3]:364
[0]:113455874 [1]:14563511 [2]:130 [3]:359
[0]:113664401 [1]:14590929 [2]:130 [3]:353
[0]:113871136 [1]:14618034 [2]:130 [3]:367
[0]:114069897 [1]:14644086 [2]:130 [3]:362
[0]:114278452 [1]:14671543 [2]:130 [3]:360
[0]:114492112 [1]:14699617 [2]:130 [3]:359
[0]:114699296 [1]:14726939 [2]:130 [3]:362
[0]:114907979 [1]:14754340 [2]:130 [3]:373
[0]:115141755 [1]:14785081 [2]:130 [3]:371
[0]:115368244 [1]:14814959 [2]:133 [3]:366
[0]:115580696 [1]:14842912 [2]:133 [3]:365
[0]:115816172 [1]:14873718 [2]:133 [3]:365
[0]:116028329 [1]:14901565 [2]:133 [3]:362
[0]:116267731 [1]:14932947 [2]:133 [3]:365
[0]:116473966 [1]:14959977 [2]:133 [3]:369
[0]:116671957 [1]:14986021 [2]:133 [3]:362
[0]:116934590 [1]:15020485 [2]:133 [3]:371
[0]:117143083 [1]:15047855 [2]:133 [3]:371
[0]:117389112 [1]:15080118 [2]:133 [3]:362
[0]:117595630 [1]:15107308 [2]:133 [3]:360
[0]:117814216 [1]:15135953 [2]:133 [3]:364
[0]:118055024 [1]:15167631 [2]:133 [3]:359
[0]:118259316 [1]:15194490 [2]:133 [3]:366
[0]:118473274 [1]:15222544 [2]:133 [3]:76
[0]:118703373 [1]:15252654 [2]:133 [3]:357
[0]:118925804 [1]:15281895 [2]:133 [3]:74
[0]:119141871 [1]:15310312 [2]:135 [3]:366
[0]:119352420 [1]:15338006 [2]:135 [3]:365
[0]:119579095 [1]:15367774 [2]:135 [3]:355
[0]:119791372 [1]:15395770 [2]:135 [3]:359
[0]:120008002 [1]:15424198 [2]:135 [3]:361
[0]:120224814 [1]:15452661 [2]:135 [3]:358
[0]:120445139 [1]:15481552 [2]:135 [3]:75
[0]:120653375 [1]:15508923 [2]:135 [3]:361
[0]:120869789 [1]:15537383 [2]:135 [3]:363
[0]:121086079 [1]:15565893 [2]:135 [3]:87
[0]:121294627 [1]:15593314 [2]:135 [3]:369
[0]:121499214 [1]:15620225 [2]:135 [3]:363
[0]:121715940 [1]:15648627 [2]:135 [3]:83
[0]:121940009 [1]:15678062 [2]:135 [3]:362
[0]:122148530 [1]:15705446 [2]:135 [3]:366
[0]:122364933 [1]:15733992 [2]:135 [3]:360
[0]:122589304 [1]:15763484 [2]:135 [3]:370
[0]:122791088 [1]:15789829 [2]:135 [3]:360
[0]:122998315 [1]:15817098 [2]:137 [3]:367
[0]:123211056 [1]:15845059 [2]:137 [3]:366
[0]:123435136 [1]:15874441 [2]:137 [3]:88
[0]:123639565 [1]:15901289 [2]:137 [3]:360
[0]:123849204 [1]:15928993 [2]:137 [3]:371
[0]:124047898 [1]:15955193 [2]:137 [3]:360
[0]:124252637 [1]:15982068 [2]:137 [3]:368
[0]:124458435 [1]:16009085 [2]:137 [3]:368
[0]:124669878 [1]:16036787 [2]:137 [3]:349
[0]:124890771 [1]:16065770 [2]:137 [3]:84
[0]:125095601 [1]:16092601 [2]:137 [3]:359
[0]:125313600 [1]:16121240 [2]:137 [3]:367
[0]:125529040 [1]:16149517 [2]:137 [3]:362
[0]:125733583 [1]:16176280 [2]:137 [3]:367
[0]:125982538 [1]:16208896 [2]:137 [3]:359
[0]:126198077 [1]:16237240 [2]:137 [3]:363
[0]:126408289 [1]:16264975 [2]:137 [3]:373
[0]:126618967 [1]:16292608 [2]:137 [3]:360
[0]:126840636 [1]:16321710 [2]:138 [3]:372
[0]:127044216 [1]:16348417 [2]:138 [3]:371
[0]:127248527 [1]:16375398 [2]:138 [3]:369
[0]:127465877 [1]:16403927 [2]:138 [3]:362
[0]:127686607 [1]:16432834 [2]:138 [3]:367
[0]:127897998 [1]:16460628 [2]:138 [3]:355
[0]:128157580 [1]:16494773 [2]:138 [3]:357
[0]:128381955 [1]:16524218 [2]:138 [3]:366
[0]:128590544 [1]:16551503 [2]:138 [3]:363
[0]:128801587 [1]:16579317 [2]:138 [3]:363
[0]:129019503 [1]:16607975 [2]:138 [3]:369
[0]:129231951 [1]:16635888 [2]:138 [3]:369
[0]:129456266 [1]:16665433 [2]:138 [3]:367
[0]:129664817 [1]:16692805 [2]:138 [3]:367
[0]:129873189 [1]:16720323 [2]:138 [3]:365
[0]:130078928 [1]:16747325 [2]:138 [3]:364
[0]:130286384 [1]:16774616 [2]:138 [3]:364
[0]:130502751 [1]:16803122 [2]:139 [3]:85
[0]:130715137 [1]:16831154 [2]:139 [3]:371
[0]:130931645 [1]:16859643 [2]:139 [3]:358
[0]:131140212 [1]:16887037 [2]:139 [3]:78
[0]:131355233 [1]:16915284 [2]:139 [3]:89
[0]:131559540 [1]:16941956 [2]:139 [3]:363
[0]:131773417 [1]:16970102 [2]:139 [3]:368
[0]:131974508 [1]:16996537 [2]:139 [3]:82
[0]:132193547 [1]:17025432 [2]:139 [3]:74
[0]:132407104 [1]:17053572 [2]:139 [3]:366
[0]:132666857 [1]:17087640 [2]:139 [3]:367
[0]:132866956 [1]:17113849 [2]:139 [3]:357
[0]:133068374 [1]:17140292 [2]:139 [3]:359
[0]:133276920 [1]:17167673 [2]:139 [3]:75
[0]:133489476 [1]:17195586 [2]:139 [3]:365
[0]:133724756 [1]:17227776 [2]:139 [3]:359
