[0]:38903608 [1]:5419290 [2]:104 [3]:361
[0]:39133190 [1]:5444680 [2]:104 [3]:76
[0]:39333384 [1]:5466802 [2]:104 [3]:95
[0]:39543746 [1]:5489892 [2]:104 [3]:77
[0]:39755746 [1]:5513263 [2]:104 [3]:362
[0]:39963239 [1]:5536108 [2]:104 [3]:368
[0]:40165755 [1]:5558516 [2]:104 [3]:367
[0]:40378420 [1]:5582048 [2]:104 [3]:360
[0]:40584503 [1]:5604772 [2]:104 [3]:368
[0]:40784763 [1]:5627154 [2]:104 [3]:364
[0]:40997699 [1]:5650681 [2]:104 [3]:373
[0]:41199873 [1]:5673311 [2]:104 [3]:358
[0]:41401437 [1]:5695390 [2]:104 [3]:367
[0]:41603007 [1]:5717508 [2]:102 [3]:361
[0]:41837860 [1]:5743485 [2]:102 [3]:360
[0]:42062440 [1]:5768505 [2]:102 [3]:93
[0]:42267498 [1]:5791204 [2]:102 [3]:366
[0]:42465418 [1]:5813284 [2]:102 [3]:367
[0]:42674671 [1]:5836447 [2]:102 [3]:372
[0]:42886876 [1]:5859818 [2]:102 [3]:91
[0]:43095113 [1]:5882979 [2]:102 [3]:361
[0]:43308198 [1]:5906452 [2]:102 [3]:380
[0]:43513516 [1]:5929047 [2]:102 [3]:362
[0]:43718249 [1]:5951654 [2]:101 [3]:355
[0]:43923649 [1]:5974550 [2]:101 [3]:86
[0]:44128243 [1]:5997639 [2]:101 [3]:81
[0]:44333152 [1]:6020461 [2]:101 [3]:103
[0]:44549266 [1]:6044298 [2]:101 [3]:355
[0]:44758975 [1]:6067362 [2]:101 [3]:82
[0]:44972968 [1]:6091027 [2]:101 [3]:363
[0]:45184957 [1]:6114459 [2]:101 [3]:359
[0]:45390123 [1]:6137281 [2]:101 [3]:88
[0]:45611088 [1]:6161638 [2]:101 [3]:365
[0]:45826339 [1]:6185502 [2]:101 [3]:78
[0]:46064654 [1]:6211632 [2]:100 [3]:364
[0]:46269422 [1]:6234222 [2]:100 [3]:75
[0]:46477634 [1]:6257389 [2]:100 [3]:362
[0]:46691450 [1]:6281149 [2]:100 [3]:360
[0]:46912133 [1]:6305528 [2]:100 [3]:357
[0]:47109657 [1]:6327360 [2]:100 [3]:367
[0]:47321971 [1]:6350763 [2]:100 [3]:97
[0]:47539514 [1]:6374730 [2]:100 [3]:360
[0]:47748163 [1]:6398107 [2]:100 [3]:113
[0]:47957240 [1]:6421448 [2]:100 [3]:365
[0]:48155259 [1]:6443293 [2]:99 [3]:358
[0]:48367129 [1]:6466880 [2]:99 [3]:373
[0]:48575446 [1]:6489948 [2]:99 [3]:68
[0]:48784811 [1]:6513092 [2]:99 [3]:369
[0]:48990199 [1]:6535928 [2]:99 [3]:360
[0]:49191165 [1]:6558274 [2]:99 [3]:80
[0]:49401975 [1]:6581467 [2]:99 [3]:368
[0]:49616275 [1]:6605068 [2]:99 [3]:361
[0]:49828962 [1]:6628530 [2]:99 [3]:92
[0]:50050945 [1]:6653395 [2]:99 [3]:80
[0]:50278028 [1]:6679090 [2]:99 [3]:371
[0]:50479936 [1]:6701336 [2]:99 [3]:84
[0]:50708721 [1]:6726648 [2]:99 [3]:80
[0]:50921784 [1]:6750231 [2]:99 [3]:90
[0]:51146521 [1]:6775291 [2]:99 [3]:363
[0]:51367538 [1]:6799742 [2]:99 [3]:361
[0]:51590413 [1]:6824556 [2]:99 [3]:361
[0]:51797895 [1]:6847482 [2]:99 [3]:371
[0]:52018059 [1]:6871649 [2]:99 [3]:78
[0]:52223130 [1]:6894227 [2]:99 [3]:107
[0]:52431927 [1]:6917640 [2]:99 [3]:105
[0]:52636889 [1]:6940306 [2]:99 [3]:90
[0]:52841911 [1]:6963082 [2]:99 [3]:85
[0]:53050567 [1]:6986408 [2]:99 [3]:108
[0]:53251675 [1]:7008781 [2]:99 [3]:87
[0]:53456516 [1]:7031511 [2]:99 [3]:98
[0]:53673386 [1]:7055867 [2]:99 [3]:370
[0]:53875290 [1]:7078255 [2]:99 [3]:362
[0]:54083377 [1]:7101260 [2]:99 [3]:360
[0]:54280456 [1]:7123059 [2]:99 [3]:92
[0]:54497300 [1]:7147188 [2]:99 [3]:362
[0]:54705054 [1]:7170218 [2]:99 [3]:73
[0]:54911001 [1]:7193170 [2]:99 [3]:365
[0]:55135986 [1]:7218000 [2]:99 [3]:367
[0]:55336725 [1]:7240317 [2]:99 [3]:357
[0]:55545275 [1]:7263541 [2]:99 [3]:355
[0]:55754133 [1]:7286562 [2]:99 [3]:91
[0]:55956088 [1]:7308890 [2]:99 [3]:360
[0]:56168861 [1]:7332398 [2]:99 [3]:84
[0]:56374259 [1]:7355109 [2]:99 [3]:101
[0]:56583242 [1]:7378276 [2]:99 [3]:94
[0]:56788004 [1]:7401186 [2]:99 [3]:92
[0]:56988653 [1]:7423875 [2]:99 [3]:76
[0]:57193365 [1]:7446904 [2]:99 [3]:99
[0]:57407588 [1]:7470441 [2]:99 [3]:364
[0]:57614404 [1]:7493762 [2]:99 [3]:369
[0]:57813786 [1]:7515806 [2]:99 [3]:85
[0]:58013103 [1]:7538089 [2]:99 [3]:85
[0]:58230199 [1]:7562172 [2]:99 [3]:78
[0]:58434898 [1]:7585029 [2]:99 [3]:84
[0]:58696862 [1]:7613962 [2]:99 [3]:366
[0]:58904347 [1]:7636739 [2]:99 [3]:365
[0]:59117048 [1]:7660310 [2]:99 [3]:361
[0]:59357323 [1]:7687000 [2]:99 [3]:372
[0]:59562976 [1]:7709702 [2]:99 [3]:360
[0]:59789150 [1]:7734690 [2]:99 [3]:362
[0]:60003074 [1]:7758240 [2]:99 [3]:94
[0]:60209484 [1]:7781138 [2]:99 [3]:92
[0]:60414435 [1]:7803755 [2]:99 [3]:358
[0]:60623562 [1]:7826931 [2]:99 [3]:368
[0]:60832305 [1]:7850012 [2]:99 [3]:361
[0]:61037662 [1]:7872623 [2]:99 [3]:83
[0]:61246655 [1]:7895746 [2]:99 [3]:85
[0]:61463408 [1]:7919652 [2]:99 [3]:83
[0]:61668962 [1]:7942241 [2]:99 [3]:365
[0]:61877873 [1]:7965421 [2]:99 [3]:351
[0]:62106808 [1]:7990679 [2]:99 [3]:365
[0]:62323151 [1]:8014675 [2]:99 [3]:93
[0]:62528502 [1]:8037201 [2]:99 [3]:87
[0]:62724581 [1]:8058893 [2]:99 [3]:375
[0]:62927008 [1]:8081437 [2]:99 [3]:364
[0]:63136096 [1]:8104431 [2]:99 [3]:74
[0]:63345036 [1]:8127506 [2]:99 [3]:368
[0]:63589458 [1]:8154761 [2]:99 [3]:365
[0]:63790055 [1]:8177196 [2]:99 [3]:84
[0]:64003217 [1]:8200802 [2]:99 [3]:366
[0]:64235604 [1]:8226793 [2]:99 [3]:370
[0]:64438600 [1]:8249799 [2]:99 [3]:364
[0]:64652300 [1]:8273993 [2]:99 [3]:367
[0]:64857051 [1]:8296868 [2]:99 [3]:373
[0]:65085803 [1]:8322271 [2]:99 [3]:80
[0]:65289855 [1]:8344810 [2]:99 [3]:81
[0]:65492411 [1]:8367176 [2]:99 [3]:358
[0]:65696554 [1]:8389930 [2]:99 [3]:370
[0]:65929656 [1]:8415677 [2]:99 [3]:369
[0]:66134797 [1]:8438634 [2]:99 [3]:361
[0]:66347436 [1]:8462177 [2]:99 [3]:359
[0]:66623690 [1]:8492877 [2]:99 [3]:87
[0]:66832568 [1]:8515993 [2]:99 [3]:72
[0]:67037758 [1]:8538672 [2]:99 [3]:90
[0]:67247072 [1]:8561924 [2]:99 [3]:78
[0]:67441089 [1]:8583397 [2]:99 [3]:370
[0]:67648914 [1]:8606336 [2]:99 [3]:371
[0]:67865575 [1]:8630508 [2]:99 [3]:76
[0]:68074779 [1]:8653463 [2]:99 [3]:362
[0]:68299692 [1]:8678129 [2]:99 [3]:363
[0]:68506615 [1]:8701143 [2]:99 [3]:356
[0]:68713414 [1]:8724177 [2]:99 [3]:377
[0]:68918368 [1]:8746783 [2]:99 [3]:370
[0]:69115387 [1]:8768687 [2]:99 [3]:77
[0]:69316703 [1]:8790893 [2]:99 [3]:357
[0]:69553404 [1]:8817118 [2]:99 [3]:86
[0]:69818147 [1]:8846621 [2]:99 [3]:87
[0]:70027651 [1]:8869968 [2]:99 [3]:368
[0]:70227157 [1]:8892050 [2]:99 [3]:83
[0]:70447707 [1]:8916754 [2]:99 [3]:73
[0]:70653233 [1]:8939338 [2]:99 [3]:84
[0]:70861349 [1]:8962486 [2]:99 [3]:363
[0]:71071389 [1]:8985740 [2]:99 [3]:366
[0]:71274284 [1]:9008149 [2]:99 [3]:92
[0]:71481137 [1]:9031015 [2]:99 [3]:359
[0]:71689973 [1]:9054110 [2]:99 [3]:359
[0]:71894879 [1]:9077008 [2]:99 [3]:363
[0]:72104237 [1]:9100149 [2]:99 [3]:84
[0]:72301333 [1]:9121909 [2]:99 [3]:372
[0]:72512941 [1]:9145212 [2]:99 [3]:89
[0]:72719333 [1]:9168110 [2]:99 [3]:86
[0]:72928086 [1]:9191408 [2]:99 [3]:371
[0]:73128835 [1]:9213612 [2]:99 [3]:359
[0]:73336188 [1]:9236617 [2]:99 [3]:376
[0]:73586871 [1]:9264301 [2]:99 [3]:84
[0]:73812087 [1]:9289717 [2]:99 [3]:79
[0]:74003190 [1]:9310972 [2]:99 [3]:365
[0]:74217357 [1]:9334621 [2]:99 [3]:360
[0]:74433954 [1]:9358446 [2]:99 [3]:366
[0]:74655708 [1]:9383083 [2]:99 [3]:370
[0]:74889639 [1]:9408973 [2]:99 [3]:359
[0]:75112200 [1]:9433426 [2]:99 [3]:362
[0]:75313497 [1]:9455684 [2]:99 [3]:361
[0]:75522449 [1]:9478812 [2]:99 [3]:374
[0]:75723266 [1]:9501445 [2]:99 [3]:367
[0]:75940142 [1]:9525436 [2]:99 [3]:363
[0]:76191305 [1]:9553465 [2]:99 [3]:375
[0]:76401249 [1]:9576754 [2]:99 [3]:87
[0]:76618384 [1]:9600792 [2]:99 [3]:370
[0]:76827386 [1]:9623842 [2]:99 [3]:362
[0]:77038549 [1]:9647228 [2]:99 [3]:92
[0]:77256460 [1]:9671495 [2]:99 [3]:367
[0]:77462195 [1]:9694226 [2]:99 [3]:92
[0]:77670045 [1]:9717198 [2]:99 [3]:104
[0]:77893840 [1]:9742058 [2]:99 [3]:360
[0]:78102517 [1]:9765299 [2]:99 [3]:362
[0]:78305890 [1]:9787802 [2]:99 [3]:367
[0]:78522620 [1]:9811878 [2]:99 [3]:363
[0]:78731642 [1]:9834977 [2]:99 [3]:360
[0]:78940191 [1]:9857910 [2]:99 [3]:85
[0]:79150181 [1]:9881111 [2]:99 [3]:372
[0]:79388968 [1]:9907460 [2]:99 [3]:83
[0]:79593572 [1]:9930500 [2]:99 [3]:80
[0]:79799278 [1]:9953245 [2]:99 [3]:85
[0]:80003608 [1]:9975993 [2]:99 [3]:366
