[0]:160895709 [1]:21362145 [2]:99 [3]:54
[0]:161097489 [1]:21396795 [2]:99 [3]:64
[0]:161299296 [1]:21431520 [2]:99 [3]:352
[0]:161489731 [1]:21464289 [2]:99 [3]:65
[0]:161691134 [1]:21498915 [2]:99 [3]:347
[0]:161885692 [1]:21532397 [2]:99 [3]:363
[0]:162079392 [1]:21565799 [2]:99 [3]:71
[0]:162265682 [1]:21597717 [2]:99 [3]:355
[0]:162477087 [1]:21634071 [2]:99 [3]:360
[0]:162688798 [1]:21670597 [2]:99 [3]:360
[0]:162886809 [1]:21704694 [2]:99 [3]:366
[0]:163095816 [1]:21740683 [2]:99 [3]:354
[0]:163297593 [1]:21775304 [2]:101 [3]:356
[0]:163505409 [1]:21810910 [2]:101 [3]:61
[0]:163705514 [1]:21844839 [2]:101 [3]:60
[0]:163903416 [1]:21878920 [2]:101 [3]:363
[0]:164120033 [1]:21916220 [2]:101 [3]:60
[0]:164314355 [1]:21949679 [2]:101 [3]:64
[0]:164516129 [1]:21984389 [2]:101 [3]:67
[0]:164710406 [1]:22017845 [2]:101 [3]:363
[0]:164904636 [1]:22051261 [2]:101 [3]:79
[0]:165106233 [1]:22086095 [2]:101 [3]:70
[0]:165304276 [1]:22120147 [2]:102 [3]:359
[0]:165509670 [1]:22155511 [2]:102 [3]:56
[0]:165703886 [1]:22188960 [2]:102 [3]:53
[0]:165901489 [1]:22223134 [2]:102 [3]:360
[0]:166099755 [1]:22257238 [2]:102 [3]:65
[0]:166312783 [1]:22293921 [2]:102 [3]:357
[0]:166512031 [1]:22328243 [2]:102 [3]:59
[0]:166712263 [1]:22362692 [2]:102 [3]:59
[0]:166910475 [1]:22396720 [2]:102 [3]:365
[0]:167112417 [1]:22431379 [2]:102 [3]:60
[0]:167332723 [1]:22469202 [2]:103 [3]:354
[0]:167534334 [1]:22503922 [2]:103 [3]:356
[0]:167739863 [1]:22539305 [2]:103 [3]:372
[0]:167935229 [1]:22572861 [2]:103 [3]:359
[0]:168132218 [1]:22606638 [2]:103 [3]:60
[0]:168320380 [1]:22638969 [2]:103 [3]:64
[0]:168516839 [1]:22673030 [2]:103 [3]:363
[0]:168714771 [1]:22707029 [2]:103 [3]:64
[0]:168912869 [1]:22741164 [2]:103 [3]:361
[0]:169133352 [1]:22779053 [2]:103 [3]:368
[0]:169330999 [1]:22813076 [2]:104 [3]:356
[0]:169521618 [1]:22845856 [2]:104 [3]:373
[0]:169729375 [1]:22881684 [2]:104 [3]:369
[0]:169925762 [1]:22915419 [2]:104 [3]:68
[0]:170120090 [1]:22948831 [2]:104 [3]:354
[0]:170310530 [1]:22981587 [2]:104 [3]:357
[0]:170511896 [1]:23016391 [2]:104 [3]:77
[0]:170713870 [1]:23050866 [2]:104 [3]:56
[0]:170911670 [1]:23084583 [2]:104 [3]:355
[0]:171124967 [1]:23121336 [2]:104 [3]:354
[0]:171330085 [1]:23156715 [2]:104 [3]:358
[0]:171533485 [1]:23191491 [2]:104 [3]:365
[0]:171826674 [1]:23242041 [2]:104 [3]:53
[0]:172021407 [1]:23275360 [2]:104 [3]:68
[0]:172223590 [1]:23310001 [2]:104 [3]:363
[0]:172410245 [1]:23342097 [2]:104 [3]:359
[0]:172637953 [1]:23381329 [2]:104 [3]:363
[0]:172847310 [1]:23417406 [2]:104 [3]:361
[0]:173049088 [1]:23452048 [2]:104 [3]:362
[0]:173247095 [1]:23486097 [2]:104 [3]:58
[0]:173446534 [1]:23520409 [2]:104 [3]:365
[0]:173639217 [1]:23553631 [2]:104 [3]:357
[0]:173841025 [1]:23588448 [2]:104 [3]:368
[0]:174034735 [1]:23621999 [2]:104 [3]:64
[0]:174251672 [1]:23659304 [2]:104 [3]:82
[0]:174449724 [1]:23693391 [2]:104 [3]:355
[0]:174643845 [1]:23726695 [2]:104 [3]:362
[0]:174865674 [1]:23765097 [2]:104 [3]:369
[0]:175062073 [1]:23798882 [2]:104 [3]:365
[0]:175267757 [1]:23834287 [2]:104 [3]:361
[0]:175464947 [1]:23868172 [2]:104 [3]:359
[0]:175663737 [1]:23902360 [2]:104 [3]:53
[0]:175861538 [1]:23936558 [2]:104 [3]:362
[0]:176055740 [1]:23969890 [2]:104 [3]:63
[0]:176292160 [1]:24010415 [2]:104 [3]:51
[0]:176485910 [1]:24043604 [2]:104 [3]:77
[0]:176691341 [1]:24079000 [2]:104 [3]:366
[0]:176880482 [1]:24111704 [2]:104 [3]:65
[0]:177127929 [1]:24154309 [2]:104 [3]:366
[0]:177320544 [1]:24187453 [2]:104 [3]:369
[0]:177526488 [1]:24222891 [2]:104 [3]:352
[0]:177729540 [1]:24257976 [2]:104 [3]:70
[0]:177934361 [1]:24293180 [2]:104 [3]:352
[0]:178163001 [1]:24332455 [2]:104 [3]:63
[0]:178364670 [1]:24367104 [2]:104 [3]:365
[0]:178570495 [1]:24402335 [2]:104 [3]:366
[0]:178772154 [1]:24437046 [2]:104 [3]:363
[0]:178998779 [1]:24476007 [2]:104 [3]:356
[0]:179209277 [1]:24512202 [2]:104 [3]:59
[0]:179413662 [1]:24547303 [2]:104 [3]:354
[0]:179664529 [1]:24590471 [2]:104 [3]:63
[0]:179862742 [1]:24624424 [2]:104 [3]:364
[0]:180120925 [1]:24668864 [2]:104 [3]:65
[0]:180322401 [1]:24703470 [2]:104 [3]:64
[0]:180518775 [1]:24737285 [2]:104 [3]:70
[0]:180718366 [1]:24771656 [2]:104 [3]:366
[0]:180924238 [1]:24807002 [2]:104 [3]:362
[0]:181121670 [1]:24841079 [2]:104 [3]:358
[0]:181313716 [1]:24874010 [2]:104 [3]:63
[0]:181506448 [1]:24907120 [2]:104 [3]:57
[0]:181710574 [1]:24942043 [2]:104 [3]:367
[0]:181927955 [1]:24979272 [2]:104 [3]:365
[0]:182128849 [1]:25013474 [2]:104 [3]:367
[0]:182326998 [1]:25047659 [2]:104 [3]:359
[0]:182534180 [1]:25083600 [2]:104 [3]:357
[0]:182744177 [1]:25119572 [2]:104 [3]:365
[0]:182949127 [1]:25154874 [2]:104 [3]:68
[0]:183149895 [1]:25189479 [2]:104 [3]:361
[0]:183359863 [1]:25225537 [2]:104 [3]:61
[0]:183561890 [1]:25260290 [2]:104 [3]:61
[0]:183781120 [1]:25297998 [2]:104 [3]:363
[0]:183980501 [1]:25332194 [2]:104 [3]:61
[0]:184193445 [1]:25368772 [2]:104 [3]:68
[0]:184420466 [1]:25407817 [2]:104 [3]:360
[0]:184627514 [1]:25443526 [2]:104 [3]:354
[0]:184840593 [1]:25480087 [2]:104 [3]:353
[0]:185028504 [1]:25512411 [2]:104 [3]:62
[0]:185269386 [1]:25553844 [2]:104 [3]:47
[0]:185471393 [1]:25588582 [2]:104 [3]:59
[0]:185676446 [1]:25623863 [2]:104 [3]:71
[0]:185867278 [1]:25656601 [2]:104 [3]:65
[0]:186111146 [1]:25698617 [2]:104 [3]:361
[0]:186304392 [1]:25731913 [2]:104 [3]:60
[0]:186500755 [1]:25765673 [2]:104 [3]:63
[0]:186704566 [1]:25800769 [2]:104 [3]:365
[0]:186913341 [1]:25836620 [2]:104 [3]:61
[0]:187118557 [1]:25872090 [2]:104 [3]:355
[0]:187320492 [1]:25906665 [2]:104 [3]:369
[0]:187518261 [1]:25940590 [2]:104 [3]:62
[0]:187720280 [1]:25975312 [2]:104 [3]:366
[0]:187918218 [1]:26009433 [2]:104 [3]:58
[0]:188126639 [1]:26045350 [2]:104 [3]:371
[0]:188326778 [1]:26079811 [2]:104 [3]:371
[0]:188534651 [1]:26115646 [2]:104 [3]:360
[0]:188736017 [1]:26150326 [2]:104 [3]:360
[0]:188941801 [1]:26185733 [2]:104 [3]:362
[0]:189142655 [1]:26220244 [2]:104 [3]:355
[0]:189337852 [1]:26253841 [2]:104 [3]:354
[0]:189531098 [1]:26287142 [2]:104 [3]:67
[0]:189721657 [1]:26319882 [2]:104 [3]:352
[0]:189916892 [1]:26353501 [2]:104 [3]:366
[0]:190122418 [1]:26388669 [2]:104 [3]:361
[0]:190323740 [1]:26423307 [2]:104 [3]:372
[0]:190514875 [1]:26456072 [2]:104 [3]:64
[0]:190713892 [1]:26490182 [2]:104 [3]:367
[0]:190913295 [1]:26524395 [2]:104 [3]:350
[0]:191112783 [1]:26558779 [2]:104 [3]:367
[0]:191351542 [1]:26599806 [2]:104 [3]:64
[0]:191572285 [1]:26637921 [2]:104 [3]:63
[0]:191777590 [1]:26673214 [2]:104 [3]:369
[0]:191975561 [1]:26707290 [2]:104 [3]:356
[0]:192168434 [1]:26740471 [2]:104 [3]:348
[0]:192360521 [1]:26773446 [2]:104 [3]:364
[0]:192554683 [1]:26806879 [2]:104 [3]:358
[0]:192763706 [1]:26843006 [2]:104 [3]:361
[0]:192961551 [1]:26877036 [2]:104 [3]:360
[0]:193161023 [1]:26911401 [2]:104 [3]:360
[0]:193357846 [1]:26945146 [2]:104 [3]:357
[0]:193559634 [1]:26979852 [2]:104 [3]:60
[0]:193765250 [1]:27015105 [2]:104 [3]:358
[0]:193979606 [1]:27051946 [2]:104 [3]:67
[0]:194179814 [1]:27086573 [2]:104 [3]:65
[0]:194407606 [1]:27125681 [2]:104 [3]:363
[0]:194608101 [1]:27160195 [2]:104 [3]:363
[0]:194811260 [1]:27195156 [2]:104 [3]:353
[0]:195008979 [1]:27229226 [2]:104 [3]:370
[0]:195224132 [1]:27266159 [2]:104 [3]:60
[0]:195487332 [1]:27311553 [2]:104 [3]:66
[0]:195681541 [1]:27345005 [2]:104 [3]:360
[0]:195879456 [1]:27379153 [2]:104 [3]:362
[0]:196077365 [1]:27413301 [2]:104 [3]:370
[0]:196278361 [1]:27447698 [2]:104 [3]:369
[0]:196477442 [1]:27481919 [2]:104 [3]:71
[0]:196680396 [1]:27516978 [2]:104 [3]:358
[0]:196878947 [1]:27551085 [2]:104 [3]:364
[0]:197086181 [1]:27586687 [2]:104 [3]:364
[0]:197291343 [1]:27621948 [2]:104 [3]:64
[0]:197500946 [1]:27658081 [2]:104 [3]:366
[0]:197706291 [1]:27693291 [2]:104 [3]:367
[0]:197911735 [1]:27728677 [2]:104 [3]:364
[0]:198111063 [1]:27762909 [2]:104 [3]:357
[0]:198300386 [1]:27795415 [2]:104 [3]:367
[0]:198502246 [1]:27830136 [2]:104 [3]:363
[0]:198711374 [1]:27866138 [2]:104 [3]:59
[0]:198909036 [1]:27900124 [2]:104 [3]:363
[0]:199103409 [1]:27933540 [2]:104 [3]:63
[0]:199294276 [1]:27966537 [2]:104 [3]:363
[0]:199492025 [1]:28000500 [2]:104 [3]:363
[0]:199693865 [1]:28035230 [2]:104 [3]:57
[0]:199892052 [1]:28069173 [2]:104 [3]:362
[0]:200097477 [1]:28104393 [2]:104 [3]:362
[0]:200295346 [1]:28138623 [2]:104 [3]:358
[0]:200489614 [1]:28172114 [2]:104 [3]:366
[0]:200517979 [1]:28177042 [2]:104 [3]:362
[0]:200517979 [1]:28177042 [2]:104 [3]:362
[0]:200517979 [1]:28177042 [2]:104 [3]:362
[0]:200517979 [1]:28177042 [2]:104 [3]:362
[0]:200517979 [1]:28177042 [2]:104 [3]:362
[0]:200517979 [1]:28177042 [2]:104 [3]:362
[0]:200517979 [1]:28177042 [2]:104 [3]:362
[0]:200517979 [1]:28177042 [2]:104 [3]:362
[0]:200517979 [1]:28177042 [2]:104 [3]:362
[0]:200517979 [1]:28177042 [2]:104 [3]:362
[0]:200517979 [1]:28177042 [2]:104 [3]:362
