[0]:133838131 [1]:16197143 [2]:96 [3]:362
[0]:134047807 [1]:16229478 [2]:96 [3]:353
[0]:134246426 [1]:16260019 [2]:96 [3]:58
[0]:134466588 [1]:16293842 [2]:96 [3]:363
[0]:134681429 [1]:16326962 [2]:96 [3]:59
[0]:134880949 [1]:16357746 [2]:96 [3]:365
[0]:135073097 [1]:16387309 [2]:96 [3]:360
[0]:135270977 [1]:16417802 [2]:99 [3]:56
[0]:135466967 [1]:16447890 [2]:99 [3]:359
[0]:135692568 [1]:16482575 [2]:99 [3]:354
[0]:135911892 [1]:16516326 [2]:99 [3]:359
[0]:136108447 [1]:16546518 [2]:99 [3]:362
[0]:136295996 [1]:16575402 [2]:99 [3]:70
[0]:136502557 [1]:16607165 [2]:99 [3]:73
[0]:136687244 [1]:16635543 [2]:99 [3]:358
[0]:136887171 [1]:16666306 [2]:99 [3]:59
[0]:137088459 [1]:16697292 [2]:99 [3]:360
[0]:137278314 [1]:16726499 [2]:101 [3]:60
[0]:137473079 [1]:16756470 [2]:101 [3]:361
[0]:137678326 [1]:16788056 [2]:101 [3]:71
[0]:137890627 [1]:16820835 [2]:101 [3]:365
[0]:138099977 [1]:16853090 [2]:101 [3]:68
[0]:138312732 [1]:16885786 [2]:101 [3]:74
[0]:138510504 [1]:16916336 [2]:101 [3]:358
[0]:138701150 [1]:16945722 [2]:101 [3]:58
[0]:138898367 [1]:16976194 [2]:101 [3]:362
[0]:139092574 [1]:17006071 [2]:101 [3]:366
[0]:139294048 [1]:17037076 [2]:101 [3]:362
[0]:139491773 [1]:17067479 [2]:102 [3]:359
[0]:139715617 [1]:17101907 [2]:102 [3]:365
[0]:139910017 [1]:17131829 [2]:102 [3]:65
[0]:140101640 [1]:17161276 [2]:102 [3]:357
[0]:140300078 [1]:17191819 [2]:102 [3]:58
[0]:140503319 [1]:17223021 [2]:102 [3]:65
[0]:140697294 [1]:17252956 [2]:102 [3]:359
[0]:140887746 [1]:17282330 [2]:102 [3]:55
[0]:141082403 [1]:17312288 [2]:102 [3]:69
[0]:141273646 [1]:17341679 [2]:102 [3]:59
[0]:141469870 [1]:17371928 [2]:102 [3]:366
[0]:141678037 [1]:17403961 [2]:102 [3]:361
[0]:141898737 [1]:17437947 [2]:102 [3]:359
[0]:142085577 [1]:17466705 [2]:102 [3]:66
[0]:142299161 [1]:17499694 [2]:102 [3]:365
[0]:142516034 [1]:17533090 [2]:102 [3]:66
[0]:142719452 [1]:17564411 [2]:102 [3]:363
[0]:142921202 [1]:17595388 [2]:102 [3]:367
[0]:143117161 [1]:17625650 [2]:102 [3]:65
[0]:143335899 [1]:17659305 [2]:102 [3]:371
[0]:143546048 [1]:17691615 [2]:102 [3]:58
[0]:143734977 [1]:17720803 [2]:102 [3]:367
[0]:143951592 [1]:17754066 [2]:102 [3]:59
[0]:144147421 [1]:17784179 [2]:102 [3]:60
[0]:144369453 [1]:17818392 [2]:102 [3]:70
[0]:144610216 [1]:17855520 [2]:102 [3]:368
[0]:144802314 [1]:17884978 [2]:102 [3]:368
[0]:145016870 [1]:17918113 [2]:102 [3]:62
[0]:145208679 [1]:17947857 [2]:102 [3]:78
[0]:145417791 [1]:17980145 [2]:102 [3]:65
[0]:145626840 [1]:18012333 [2]:102 [3]:356
[0]:145817217 [1]:18041667 [2]:102 [3]:63
[0]:146015022 [1]:18072075 [2]:102 [3]:360
[0]:146216609 [1]:18103100 [2]:102 [3]:358
[0]:146474155 [1]:18142819 [2]:102 [3]:68
[0]:146664421 [1]:18172125 [2]:102 [3]:66
[0]:146858300 [1]:18201988 [2]:102 [3]:359
[0]:147076755 [1]:18235553 [2]:102 [3]:365
[0]:147276296 [1]:18266329 [2]:102 [3]:63
[0]:147500362 [1]:18300796 [2]:102 [3]:351
[0]:147694291 [1]:18330639 [2]:102 [3]:361
[0]:147890198 [1]:18360794 [2]:102 [3]:360
[0]:148082561 [1]:18390476 [2]:102 [3]:370
[0]:148309926 [1]:18425502 [2]:102 [3]:360
[0]:148507413 [1]:18456023 [2]:102 [3]:64
[0]:148709152 [1]:18487124 [2]:102 [3]:362
[0]:148902786 [1]:18516967 [2]:102 [3]:357
[0]:149104968 [1]:18548066 [2]:102 [3]:368
[0]:149295201 [1]:18577271 [2]:102 [3]:353
[0]:149493277 [1]:18607608 [2]:102 [3]:66
[0]:149687415 [1]:18637427 [2]:102 [3]:63
[0]:149888961 [1]:18668439 [2]:102 [3]:363
[0]:150077284 [1]:18697389 [2]:102 [3]:354
[0]:150287793 [1]:18729813 [2]:102 [3]:57
[0]:150486149 [1]:18760286 [2]:102 [3]:364
[0]:150749935 [1]:18800891 [2]:102 [3]:65
[0]:150940743 [1]:18830376 [2]:102 [3]:361
[0]:151139027 [1]:18860945 [2]:102 [3]:57
[0]:151329360 [1]:18890222 [2]:102 [3]:364
[0]:151523449 [1]:18920196 [2]:102 [3]:362
[0]:151728549 [1]:18951883 [2]:102 [3]:364
[0]:151933569 [1]:18983422 [2]:102 [3]:367
[0]:152127789 [1]:19013323 [2]:102 [3]:62
[0]:152321956 [1]:19043160 [2]:102 [3]:362
[0]:152567656 [1]:19081047 [2]:102 [3]:355
[0]:152771680 [1]:19112557 [2]:102 [3]:61
[0]:152963189 [1]:19142057 [2]:102 [3]:360
[0]:153161319 [1]:19172537 [2]:102 [3]:365
[0]:153378019 [1]:19205893 [2]:102 [3]:67
[0]:153575656 [1]:19236371 [2]:102 [3]:51
[0]:153778064 [1]:19267527 [2]:102 [3]:360
[0]:153982383 [1]:19299061 [2]:102 [3]:363
[0]:154182519 [1]:19329847 [2]:102 [3]:360
[0]:154374243 [1]:19359392 [2]:102 [3]:73
[0]:154583441 [1]:19391599 [2]:102 [3]:365
[0]:154773592 [1]:19420924 [2]:102 [3]:366
[0]:154993708 [1]:19454930 [2]:102 [3]:358
[0]:155198917 [1]:19486485 [2]:102 [3]:55
[0]:155404264 [1]:19518131 [2]:102 [3]:371
[0]:155631754 [1]:19553256 [2]:102 [3]:358
[0]:155845592 [1]:19586226 [2]:102 [3]:352
[0]:156045887 [1]:19617094 [2]:102 [3]:56
[0]:156240086 [1]:19646936 [2]:102 [3]:57
[0]:156434020 [1]:19676735 [2]:102 [3]:357
[0]:156650565 [1]:19710118 [2]:102 [3]:66
[0]:156841904 [1]:19739630 [2]:102 [3]:75
[0]:157036935 [1]:19769676 [2]:102 [3]:61
[0]:157234527 [1]:19800228 [2]:102 [3]:56
[0]:157420710 [1]:19828917 [2]:102 [3]:360
[0]:157624456 [1]:19860323 [2]:102 [3]:65
[0]:157822205 [1]:19890735 [2]:102 [3]:349
[0]:158023034 [1]:19921705 [2]:102 [3]:366
[0]:158215449 [1]:19951401 [2]:102 [3]:359
[0]:158432080 [1]:19984825 [2]:102 [3]:68
[0]:158620653 [1]:20013763 [2]:102 [3]:362
[0]:158814807 [1]:20043626 [2]:102 [3]:63
[0]:159024407 [1]:20075935 [2]:102 [3]:352
[0]:159218320 [1]:20105869 [2]:102 [3]:369
[0]:159411875 [1]:20135706 [2]:102 [3]:364
[0]:159609580 [1]:20166190 [2]:102 [3]:66
[0]:159818596 [1]:20198347 [2]:102 [3]:358
[0]:160023691 [1]:20229899 [2]:102 [3]:349
[0]:160244061 [1]:20263891 [2]:102 [3]:365
[0]:160501457 [1]:20303589 [2]:102 [3]:66
[0]:160692033 [1]:20332880 [2]:102 [3]:65
[0]:160889883 [1]:20363296 [2]:102 [3]:67
[0]:161087373 [1]:20393779 [2]:102 [3]:365
[0]:161285042 [1]:20424273 [2]:102 [3]:372
[0]:161482959 [1]:20454710 [2]:102 [3]:362
[0]:161688340 [1]:20486312 [2]:102 [3]:67
[0]:161889784 [1]:20517347 [2]:102 [3]:365
[0]:162083561 [1]:20547221 [2]:102 [3]:70
[0]:162274059 [1]:20576623 [2]:102 [3]:65
[0]:162465242 [1]:20605979 [2]:102 [3]:354
[0]:162662146 [1]:20636386 [2]:102 [3]:362
[0]:162856095 [1]:20666369 [2]:102 [3]:362
[0]:163057832 [1]:20697423 [2]:102 [3]:357
[0]:163259223 [1]:20728447 [2]:102 [3]:368
[0]:163447764 [1]:20757368 [2]:102 [3]:356
[0]:163650139 [1]:20788619 [2]:102 [3]:366
[0]:163845060 [1]:20818539 [2]:102 [3]:81
[0]:164035340 [1]:20847857 [2]:102 [3]:365
[0]:164225743 [1]:20877151 [2]:102 [3]:359
[0]:164416089 [1]:20906431 [2]:102 [3]:64
[0]:164621293 [1]:20938091 [2]:102 [3]:71
[0]:164815377 [1]:20967928 [2]:102 [3]:73
[0]:165008509 [1]:20997636 [2]:102 [3]:361
[0]:165207213 [1]:21028286 [2]:102 [3]:63
[0]:165412340 [1]:21059948 [2]:102 [3]:355
[0]:165606579 [1]:21089872 [2]:102 [3]:363
[0]:165800498 [1]:21119703 [2]:102 [3]:66
[0]:166024734 [1]:21154172 [2]:102 [3]:63
[0]:166222356 [1]:21184560 [2]:102 [3]:367
[0]:166412815 [1]:21213854 [2]:102 [3]:366
[0]:166614328 [1]:21244809 [2]:102 [3]:362
[0]:166804689 [1]:21274100 [2]:102 [3]:359
[0]:167006208 [1]:21305027 [2]:102 [3]:362
[0]:167192808 [1]:21333634 [2]:102 [3]:363
[0]:167394390 [1]:21364702 [2]:102 [3]:366
[0]:167603437 [1]:21396896 [2]:102 [3]:367
[0]:167801257 [1]:21427354 [2]:102 [3]:63
[0]:167998411 [1]:21457696 [2]:102 [3]:54
[0]:168192659 [1]:21487613 [2]:102 [3]:367
[0]:168410920 [1]:21521187 [2]:102 [3]:82
[0]:168605586 [1]:21551185 [2]:102 [3]:366
[0]:168808763 [1]:21582372 [2]:102 [3]:364
[0]:169014068 [1]:21613975 [2]:102 [3]:61
[0]:169208027 [1]:21643934 [2]:102 [3]:59
[0]:169398557 [1]:21673212 [2]:102 [3]:363
[0]:169592497 [1]:21703013 [2]:102 [3]:71
[0]:169860178 [1]:21744154 [2]:102 [3]:361
[0]:170051341 [1]:21773561 [2]:102 [3]:368
[0]:170249412 [1]:21804086 [2]:102 [3]:363
[0]:170446890 [1]:21834496 [2]:102 [3]:364
[0]:170641113 [1]:21864331 [2]:102 [3]:57
[0]:170849625 [1]:21896457 [2]:102 [3]:355
[0]:171050207 [1]:21927357 [2]:102 [3]:354
[0]:171257223 [1]:21959240 [2]:102 [3]:67
[0]:171476279 [1]:21992921 [2]:102 [3]:360
[0]:171667339 [1]:22022320 [2]:102 [3]:357
[0]:171854171 [1]:22051039 [2]:102 [3]:361
[0]:172048335 [1]:22080870 [2]:102 [3]:357
[0]:172249905 [1]:22111871 [2]:102 [3]:363
[0]:172447651 [1]:22142332 [2]:102 [3]:359
[0]:172648981 [1]:22173313 [2]:102 [3]:368
[0]:172847003 [1]:22203771 [2]:102 [3]:365
[0]:173033683 [1]:22232466 [2]:102 [3]:61
[0]:173226728 [1]:22262277 [2]:102 [3]:70
[0]:173425532 [1]:22292794 [2]:102 [3]:66
[0]:173653033 [1]:22327899 [2]:102 [3]:362
[0]:173845843 [1]:22357497 [2]:102 [3]:357
[0]:174042247 [1]:22387672 [2]:102 [3]:365
[0]:174257727 [1]:22420855 [2]:102 [3]:363
[0]:174444286 [1]:22449544 [2]:102 [3]:365
[0]:174639464 [1]:22479578 [2]:102 [3]:60
[0]:174831460 [1]:22509116 [2]:102 [3]:359
[0]:175026590 [1]:22539131 [2]:102 [3]:358
[0]:175228005 [1]:22570078 [2]:102 [3]:364
[0]:175422089 [1]:22599986 [2]:102 [3]:64
[0]:175631446 [1]:22632160 [2]:102 [3]:50
[0]:175828881 [1]:22662719 [2]:102 [3]:360
[0]:176030500 [1]:22693751 [2]:102 [3]:55
[0]:176224392 [1]:22723674 [2]:102 [3]:358
[0]:176418643 [1]:22753539 [2]:102 [3]:364
[0]:176687324 [1]:22794843 [2]:102 [3]:77
[0]:176870297 [1]:22823023 [2]:102 [3]:77
[0]:177068828 [1]:22853688 [2]:102 [3]:371
[0]:177257928 [1]:22882856 [2]:102 [3]:366
[0]:177485906 [1]:22917853 [2]:102 [3]:364
[0]:177675683 [1]:22947174 [2]:102 [3]:64
[0]:177881420 [1]:22978866 [2]:102 [3]:367
[0]:178078551 [1]:23009262 [2]:102 [3]:358
[0]:178276986 [1]:23039794 [2]:102 [3]:59
[0]:178463647 [1]:23068578 [2]:102 [3]:368
[0]:178656257 [1]:23098181 [2]:102 [3]:368
[0]:178851772 [1]:23128320 [2]:102 [3]:375
[0]:179049325 [1]:23158752 [2]:102 [3]:368
[0]:179258066 [1]:23190912 [2]:102 [3]:355
[0]:179508757 [1]:23229690 [2]:102 [3]:367
[0]:179693755 [1]:23258243 [2]:102 [3]:354
[0]:179892690 [1]:23288870 [2]:102 [3]:365
[0]:180090197 [1]:23319324 [2]:102 [3]:366
[0]:180284418 [1]:23349241 [2]:102 [3]:56
[0]:180482298 [1]:23379729 [2]:102 [3]:57
[0]:180683859 [1]:23410772 [2]:102 [3]:365
[0]:180880415 [1]:23440990 [2]:102 [3]:357
[0]:181090481 [1]:23473522 [2]:102 [3]:361
[0]:181280223 [1]:23502728 [2]:102 [3]:368
[0]:181470106 [1]:23531936 [2]:102 [3]:61
[0]:181661515 [1]:23561431 [2]:102 [3]:66
[0]:181880385 [1]:23595153 [2]:102 [3]:56
[0]:182072016 [1]:23624620 [2]:102 [3]:370
[0]:182269760 [1]:23655141 [2]:102 [3]:359
[0]:182500157 [1]:23690605 [2]:102 [3]:358
[0]:182693150 [1]:23720342 [2]:102 [3]:367
[0]:182881688 [1]:23749397 [2]:102 [3]:367
[0]:183076004 [1]:23779239 [2]:102 [3]:359
[0]:183272135 [1]:23809577 [2]:102 [3]:61
[0]:183467601 [1]:23839710 [2]:102 [3]:358
[0]:183669258 [1]:23870721 [2]:102 [3]:364
[0]:183863274 [1]:23900638 [2]:102 [3]:361
[0]:184090668 [1]:23935671 [2]:102 [3]:60
[0]:184325973 [1]:23971848 [2]:102 [3]:62
[0]:184520097 [1]:24001744 [2]:102 [3]:58
[0]:184728890 [1]:24034092 [2]:102 [3]:357
[0]:184936259 [1]:24066079 [2]:102 [3]:359
[0]:185131917 [1]:24096164 [2]:102 [3]:362
[0]:185337009 [1]:24127743 [2]:102 [3]:68
[0]:185534812 [1]:24158218 [2]:102 [3]:362
[0]:185736092 [1]:24189243 [2]:102 [3]:362
[0]:185929631 [1]:24219022 [2]:102 [3]:360
[0]:186128248 [1]:24249565 [2]:102 [3]:64
[0]:186341187 [1]:24282342 [2]:102 [3]:361
[0]:186538677 [1]:24312696 [2]:102 [3]:48
[0]:186736605 [1]:24343206 [2]:102 [3]:363
[0]:186934547 [1]:24373654 [2]:102 [3]:65
[0]:187158531 [1]:24408086 [2]:102 [3]:58
[0]:187352191 [1]:24437971 [2]:102 [3]:361
[0]:187550276 [1]:24468441 [2]:102 [3]:364
[0]:187766730 [1]:24501797 [2]:102 [3]:368
[0]:187994375 [1]:24536906 [2]:102 [3]:59
[0]:188195785 [1]:24568018 [2]:102 [3]:359
[0]:188445835 [1]:24606468 [2]:102 [3]:59
[0]:188635826 [1]:24635632 [2]:102 [3]:362
[0]:188834707 [1]:24666269 [2]:102 [3]:358
[0]:189035531 [1]:24697162 [2]:102 [3]:357
[0]:189241544 [1]:24728967 [2]:102 [3]:58
[0]:189430841 [1]:24758225 [2]:102 [3]:367
[0]:189632296 [1]:24789174 [2]:102 [3]:365
[0]:189837946 [1]:24820917 [2]:102 [3]:362
[0]:190039075 [1]:24851872 [2]:102 [3]:358
[0]:190235842 [1]:24882200 [2]:102 [3]:61
[0]:190472065 [1]:24918584 [2]:102 [3]:359
[0]:190662989 [1]:24948054 [2]:102 [3]:364
[0]:190875020 [1]:24980892 [2]:102 [3]:361
[0]:191077702 [1]:25012135 [2]:102 [3]:64
[0]:191265251 [1]:25041049 [2]:102 [3]:368
[0]:191471992 [1]:25072777 [2]:102 [3]:69
[0]:191669961 [1]:25103308 [2]:102 [3]:63
[0]:191863030 [1]:25132981 [2]:102 [3]:362
[0]:192128875 [1]:25173982 [2]:102 [3]:365
[0]:192324107 [1]:25204012 [2]:102 [3]:355
[0]:192516763 [1]:25233701 [2]:102 [3]:69
[0]:192710963 [1]:25263676 [2]:102 [3]:362
[0]:192916209 [1]:25295312 [2]:102 [3]:55
[0]:193113920 [1]:25325828 [2]:102 [3]:357
[0]:193311294 [1]:25356184 [2]:102 [3]:59
[0]:193513067 [1]:25387365 [2]:102 [3]:368
[0]:193710620 [1]:25417747 [2]:102 [3]:363
[0]:193905171 [1]:25447668 [2]:102 [3]:64
[0]:194119375 [1]:25480616 [2]:102 [3]:63
[0]:194318389 [1]:25511229 [2]:102 [3]:363
[0]:194520703 [1]:25542407 [2]:102 [3]:59
[0]:194711224 [1]:25571757 [2]:102 [3]:353
[0]:194908899 [1]:25602257 [2]:102 [3]:58
[0]:195107367 [1]:25632769 [2]:102 [3]:49
[0]:195308233 [1]:25663690 [2]:102 [3]:355
[0]:195502269 [1]:25693529 [2]:102 [3]:361
[0]:195745134 [1]:25730873 [2]:102 [3]:62
[0]:195939057 [1]:25760756 [2]:102 [3]:361
[0]:196136789 [1]:25791183 [2]:102 [3]:57
[0]:196341742 [1]:25822787 [2]:102 [3]:367
[0]:196537113 [1]:25852883 [2]:102 [3]:362
[0]:196733996 [1]:25883238 [2]:102 [3]:359
[0]:196924347 [1]:25912541 [2]:102 [3]:361
[0]:197120523 [1]:25942697 [2]:102 [3]:56
[0]:197314902 [1]:25972613 [2]:102 [3]:59
[0]:197501413 [1]:26001302 [2]:102 [3]:58
[0]:197700330 [1]:26032024 [2]:102 [3]:363
[0]:197894540 [1]:26061823 [2]:102 [3]:65
[0]:198088720 [1]:26091641 [2]:102 [3]:370
[0]:198312457 [1]:26126127 [2]:102 [3]:362
[0]:198506711 [1]:26156147 [2]:102 [3]:53
[0]:198711792 [1]:26187751 [2]:102 [3]:370
[0]:198904248 [1]:26217359 [2]:102 [3]:364
[0]:199099873 [1]:26247437 [2]:102 [3]:360
[0]:199298300 [1]:26277993 [2]:102 [3]:369
[0]:199494652 [1]:26308236 [2]:102 [3]:357
[0]:199539513 [1]:26315125 [2]:102 [3]:365
[0]:199539513 [1]:26315125 [2]:102 [3]:365
[0]:199539513 [1]:26315125 [2]:102 [3]:365
[0]:199539513 [1]:26315125 [2]:102 [3]:365
[0]:199539513 [1]:26315125 [2]:102 [3]:365
[0]:199539513 [1]:26315125 [2]:102 [3]:365
[0]:199539513 [1]:26315125 [2]:102 [3]:365
[0]:199539513 [1]:26315125 [2]:102 [3]:365
[0]:199539513 [1]:26315125 [2]:102 [3]:365
[0]:199539513 [1]:26315125 [2]:102 [3]:365
[0]:199539513 [1]:26315125 [2]:102 [3]:365
