[0]:0 [1]:0 [2]:0 [3]:0
[0]:15221 [1]:0 [2]:0 [3]:227
[0]:233479 [1]:0 [2]:0 [3]:57
[0]:469032 [1]:0 [2]:0 [3]:313
[0]:699927 [1]:0 [2]:0 [3]:64
[0]:937530 [1]:0 [2]:0 [3]:81
[0]:1150629 [1]:10263 [2]:122 [3]:66
[0]:1356871 [1]:31131 [2]:122 [3]:52
[0]:1558911 [1]:51597 [2]:122 [3]:356
[0]:1760988 [1]:71941 [2]:122 [3]:76
[0]:1955321 [1]:91635 [2]:122 [3]:70
[0]:2153521 [1]:111637 [2]:122 [3]:62
[0]:2358782 [1]:132492 [2]:122 [3]:64
[0]:2579630 [1]:154902 [2]:122 [3]:365
[0]:2781206 [1]:175287 [2]:87 [3]:61
[0]:2984169 [1]:195701 [2]:87 [3]:55
[0]:3181603 [1]:215693 [2]:87 [3]:70
[0]:3375806 [1]:235513 [2]:87 [3]:77
[0]:3570285 [1]:255125 [2]:87 [3]:62
[0]:3764698 [1]:274837 [2]:87 [3]:87
[0]:3959409 [1]:294391 [2]:87 [3]:60
[0]:4153506 [1]:314097 [2]:87 [3]:353
[0]:4417806 [1]:340802 [2]:77 [3]:357
[0]:4609648 [1]:360198 [2]:77 [3]:66
[0]:4815210 [1]:381036 [2]:77 [3]:359
[0]:5014627 [1]:401295 [2]:77 [3]:77
[0]:5252415 [1]:425360 [2]:77 [3]:55
[0]:5446897 [1]:445096 [2]:77 [3]:71
[0]:5641388 [1]:464807 [2]:77 [3]:54
[0]:5835828 [1]:484451 [2]:74 [3]:363
[0]:6037555 [1]:504931 [2]:74 [3]:369
[0]:6258212 [1]:527263 [2]:74 [3]:354
[0]:6481114 [1]:549862 [2]:74 [3]:365
[0]:6682276 [1]:570268 [2]:74 [3]:366
[0]:6878639 [1]:590104 [2]:74 [3]:350
[0]:7123546 [1]:614801 [2]:74 [3]:66
[0]:7320837 [1]:634862 [2]:73 [3]:61
[0]:7544252 [1]:657428 [2]:73 [3]:367
[0]:7745751 [1]:677764 [2]:73 [3]:363
[0]:7989357 [1]:702313 [2]:73 [3]:57
[0]:8179740 [1]:722525 [2]:73 [3]:65
[0]:8416831 [1]:759118 [2]:73 [3]:362
[0]:8619645 [1]:790344 [2]:73 [3]:55
[0]:8851123 [1]:825930 [2]:73 [3]:355
[0]:9050073 [1]:856534 [2]:81 [3]:70
[0]:9257891 [1]:888571 [2]:81 [3]:63
[0]:9453041 [1]:918569 [2]:81 [3]:359
[0]:9649839 [1]:948837 [2]:81 [3]:67
[0]:9846359 [1]:979086 [2]:81 [3]:366
[0]:10056097 [1]:1011376 [2]:81 [3]:361
[0]:10253139 [1]:1041730 [2]:81 [3]:361
[0]:10478157 [1]:1076445 [2]:81 [3]:353
[0]:10698385 [1]:1110340 [2]:81 [3]:69
[0]:10892281 [1]:1140190 [2]:81 [3]:64
[0]:11093757 [1]:1171324 [2]:96 [3]:359
[0]:11308842 [1]:1204438 [2]:96 [3]:358
[0]:11510575 [1]:1235496 [2]:96 [3]:366
[0]:11712082 [1]:1266587 [2]:96 [3]:68
[0]:11911147 [1]:1297135 [2]:96 [3]:54
[0]:12125714 [1]:1330236 [2]:96 [3]:69
[0]:12329126 [1]:1361525 [2]:96 [3]:69
[0]:12523252 [1]:1391337 [2]:96 [3]:369
[0]:12732166 [1]:1423457 [2]:96 [3]:367
[0]:12930096 [1]:1453892 [2]:96 [3]:360
[0]:13129328 [1]:1484563 [2]:100 [3]:57
[0]:13329217 [1]:1515307 [2]:100 [3]:51
[0]:13527168 [1]:1545846 [2]:100 [3]:60
[0]:13726746 [1]:1576574 [2]:100 [3]:370
[0]:13925492 [1]:1607219 [2]:100 [3]:361
[0]:14127906 [1]:1638451 [2]:100 [3]:63
[0]:14347288 [1]:1672236 [2]:100 [3]:367
[0]:14570554 [1]:1706608 [2]:100 [3]:359
[0]:14762040 [1]:1736091 [2]:100 [3]:69
[0]:14956253 [1]:1766085 [2]:100 [3]:356
[0]:15154077 [1]:1796532 [2]:102 [3]:57
[0]:15366721 [1]:1829322 [2]:102 [3]:61
[0]:15578102 [1]:1861900 [2]:102 [3]:67
[0]:15779810 [1]:1892887 [2]:102 [3]:355
[0]:15975098 [1]:1922940 [2]:102 [3]:65
[0]:16210275 [1]:1959176 [2]:102 [3]:62
[0]:16430029 [1]:1992965 [2]:102 [3]:67
[0]:16631547 [1]:2023998 [2]:102 [3]:371
[0]:16829806 [1]:2054526 [2]:102 [3]:364
[0]:17024032 [1]:2084289 [2]:102 [3]:367
[0]:17265236 [1]:2121436 [2]:102 [3]:367
[0]:17452980 [1]:2150241 [2]:102 [3]:359
[0]:17647037 [1]:2180160 [2]:102 [3]:356
[0]:17837499 [1]:2209458 [2]:102 [3]:60
[0]:18034178 [1]:2239652 [2]:102 [3]:368
[0]:18236799 [1]:2270819 [2]:102 [3]:357
[0]:18435711 [1]:2301548 [2]:102 [3]:364
[0]:18624905 [1]:2330714 [2]:102 [3]:360
[0]:18826897 [1]:2361918 [2]:102 [3]:62
[0]:19024212 [1]:2392112 [2]:102 [3]:360
[0]:19221965 [1]:2422568 [2]:102 [3]:354
[0]:19408327 [1]:2451424 [2]:102 [3]:370
[0]:19632465 [1]:2485982 [2]:102 [3]:54
[0]:19826492 [1]:2515716 [2]:102 [3]:371
[0]:20015987 [1]:2544976 [2]:102 [3]:361
[0]:20207072 [1]:2574406 [2]:102 [3]:364
[0]:20423083 [1]:2607637 [2]:102 [3]:366
[0]:20630205 [1]:2639620 [2]:102 [3]:56
[0]:20822830 [1]:2669210 [2]:102 [3]:66
[0]:21024396 [1]:2700270 [2]:102 [3]:372
[0]:21218310 [1]:2730096 [2]:102 [3]:365
[0]:21419858 [1]:2761074 [2]:102 [3]:66
[0]:21634660 [1]:2794156 [2]:102 [3]:66
[0]:21824204 [1]:2823471 [2]:102 [3]:63
[0]:22037155 [1]:2856323 [2]:102 [3]:364
[0]:22237175 [1]:2887141 [2]:102 [3]:359
[0]:22448455 [1]:2919703 [2]:102 [3]:355
[0]:22647601 [1]:2950367 [2]:102 [3]:58
[0]:22841675 [1]:2980275 [2]:102 [3]:363
[0]:23040587 [1]:3010967 [2]:102 [3]:61
[0]:23236590 [1]:3041134 [2]:102 [3]:56
[0]:23437880 [1]:3072166 [2]:102 [3]:362
[0]:23640276 [1]:3103152 [2]:102 [3]:371
[0]:23845560 [1]:3134714 [2]:102 [3]:65
[0]:24043289 [1]:3165114 [2]:102 [3]:371
[0]:24245064 [1]:3196162 [2]:102 [3]:65
[0]:24441639 [1]:3226502 [2]:102 [3]:357
[0]:24640533 [1]:3257087 [2]:102 [3]:360
[0]:24840909 [1]:3288022 [2]:102 [3]:55
[0]:25050894 [1]:3320360 [2]:102 [3]:76
[0]:25256205 [1]:3351975 [2]:102 [3]:357
[0]:25456196 [1]:3382772 [2]:102 [3]:68
[0]:25662968 [1]:3414560 [2]:102 [3]:353
[0]:25868185 [1]:3446281 [2]:102 [3]:367
[0]:26067960 [1]:3477110 [2]:102 [3]:365
[0]:26263719 [1]:3507196 [2]:102 [3]:372
[0]:26482189 [1]:3540841 [2]:102 [3]:362
[0]:26683838 [1]:3571868 [2]:102 [3]:362
[0]:26883218 [1]:3602551 [2]:102 [3]:62
[0]:27076358 [1]:3632321 [2]:102 [3]:360
[0]:27290394 [1]:3665303 [2]:102 [3]:73
[0]:27551217 [1]:3705504 [2]:102 [3]:369
[0]:27748215 [1]:3735806 [2]:102 [3]:70
[0]:27943034 [1]:3765770 [2]:102 [3]:71
[0]:28177009 [1]:3801772 [2]:102 [3]:363
[0]:28377222 [1]:3832604 [2]:102 [3]:364
[0]:28588594 [1]:3865131 [2]:102 [3]:66
[0]:28782842 [1]:3895051 [2]:102 [3]:53
[0]:28979479 [1]:3925312 [2]:102 [3]:51
[0]:29172485 [1]:3954917 [2]:102 [3]:361
[0]:29392210 [1]:3988769 [2]:102 [3]:67
[0]:29637289 [1]:4026574 [2]:102 [3]:64
[0]:29835003 [1]:4056944 [2]:102 [3]:359
[0]:30055374 [1]:4090885 [2]:102 [3]:372
[0]:30253131 [1]:4121335 [2]:102 [3]:62
[0]:30454767 [1]:4152338 [2]:102 [3]:355
[0]:30674922 [1]:4186275 [2]:102 [3]:57
[0]:30910135 [1]:4222436 [2]:102 [3]:363
[0]:31102592 [1]:4252089 [2]:102 [3]:357
[0]:31301848 [1]:4282692 [2]:102 [3]:69
[0]:31495552 [1]:4312605 [2]:102 [3]:359
[0]:31689946 [1]:4342597 [2]:102 [3]:75
[0]:31887541 [1]:4373076 [2]:102 [3]:80
[0]:32090499 [1]:4404286 [2]:102 [3]:365
[0]:32294628 [1]:4435596 [2]:102 [3]:363
[0]:32486555 [1]:4465141 [2]:102 [3]:365
[0]:32684236 [1]:4495493 [2]:102 [3]:365
[0]:32876983 [1]:4525093 [2]:102 [3]:63
[0]:33070809 [1]:4555072 [2]:102 [3]:368
[0]:33262040 [1]:4584530 [2]:102 [3]:361
[0]:33477396 [1]:4617825 [2]:102 [3]:58
[0]:33703239 [1]:4652668 [2]:102 [3]:73
[0]:33897356 [1]:4682497 [2]:102 [3]:57
[0]:34089331 [1]:4712224 [2]:102 [3]:85
[0]:34279617 [1]:4741526 [2]:102 [3]:361
[0]:34477332 [1]:4772019 [2]:102 [3]:365
[0]:34686213 [1]:4804319 [2]:102 [3]:59
[0]:34902570 [1]:4837795 [2]:102 [3]:368
[0]:35100047 [1]:4868237 [2]:102 [3]:365
[0]:35298651 [1]:4898694 [2]:102 [3]:62
[0]:35494196 [1]:4928782 [2]:102 [3]:357
[0]:35690007 [1]:4958924 [2]:102 [3]:51
[0]:35884175 [1]:4988781 [2]:102 [3]:365
[0]:36085627 [1]:5019884 [2]:102 [3]:75
[0]:36282518 [1]:5050162 [2]:102 [3]:367
[0]:36484682 [1]:5081349 [2]:102 [3]:355
[0]:36682499 [1]:5111900 [2]:102 [3]:85
[0]:36894428 [1]:5144590 [2]:102 [3]:58
[0]:37104451 [1]:5176859 [2]:102 [3]:79
[0]:37305296 [1]:5207780 [2]:102 [3]:60
[0]:37507117 [1]:5238932 [2]:102 [3]:365
[0]:37710352 [1]:5270294 [2]:102 [3]:362
[0]:37908763 [1]:5300874 [2]:102 [3]:367
[0]:38126668 [1]:5334542 [2]:102 [3]:364
[0]:38335504 [1]:5366672 [2]:102 [3]:71
[0]:38533401 [1]:5397087 [2]:102 [3]:64
[0]:38734418 [1]:5428071 [2]:102 [3]:355
[0]:38943880 [1]:5460327 [2]:102 [3]:361
[0]:39148080 [1]:5491781 [2]:102 [3]:77
[0]:39343075 [1]:5521876 [2]:102 [3]:364
[0]:39537006 [1]:5551688 [2]:102 [3]:355
[0]:39747397 [1]:5584080 [2]:102 [3]:357
[0]:39958764 [1]:5616729 [2]:102 [3]:67
[0]:40152413 [1]:5646499 [2]:102 [3]:59
[0]:40354501 [1]:5677496 [2]:102 [3]:61
[0]:40551479 [1]:5707886 [2]:102 [3]:374
[0]:40757599 [1]:5739666 [2]:102 [3]:366
[0]:41000383 [1]:5776964 [2]:102 [3]:363
[0]:41207906 [1]:5808890 [2]:102 [3]:367
[0]:41401075 [1]:5838661 [2]:102 [3]:71
[0]:41596428 [1]:5868753 [2]:102 [3]:56
[0]:41845331 [1]:5907010 [2]:102 [3]:359
[0]:42041492 [1]:5937124 [2]:102 [3]:363
[0]:42242943 [1]:5968085 [2]:102 [3]:354
[0]:42440652 [1]:5998563 [2]:102 [3]:357
[0]:42664681 [1]:6033042 [2]:102 [3]:69
[0]:42853805 [1]:6062249 [2]:102 [3]:369
[0]:43057013 [1]:6093710 [2]:102 [3]:361
[0]:43257845 [1]:6124602 [2]:102 [3]:358
[0]:43453542 [1]:6154695 [2]:102 [3]:359
[0]:43648321 [1]:6184640 [2]:102 [3]:365
[0]:43840968 [1]:6214288 [2]:102 [3]:363
[0]:44044439 [1]:6245681 [2]:102 [3]:64
[0]:44239368 [1]:6275628 [2]:102 [3]:357
[0]:44435325 [1]:6305833 [2]:102 [3]:361
[0]:44637594 [1]:6337078 [2]:102 [3]:365
[0]:44831526 [1]:6366926 [2]:102 [3]:367
[0]:45034393 [1]:6398100 [2]:102 [3]:357
[0]:45223850 [1]:6427296 [2]:102 [3]:68
[0]:45418595 [1]:6457337 [2]:102 [3]:69
[0]:45616314 [1]:6487815 [2]:102 [3]:359
[0]:45817203 [1]:6518721 [2]:102 [3]:68
[0]:46011994 [1]:6548636 [2]:102 [3]:361
[0]:46204681 [1]:6578293 [2]:102 [3]:66
[0]:46400062 [1]:6608442 [2]:102 [3]:354
[0]:46597370 [1]:6638816 [2]:102 [3]:365
[0]:46844024 [1]:6676987 [2]:102 [3]:356
[0]:47060881 [1]:6710323 [2]:102 [3]:52
[0]:47262039 [1]:6741259 [2]:102 [3]:68
[0]:47454856 [1]:6770934 [2]:102 [3]:356
[0]:47649253 [1]:6800881 [2]:102 [3]:63
[0]:47848037 [1]:6831358 [2]:102 [3]:359
[0]:48063409 [1]:6864522 [2]:102 [3]:68
[0]:48254426 [1]:6893900 [2]:102 [3]:63
[0]:48463909 [1]:6926137 [2]:102 [3]:68
[0]:48668629 [1]:6957723 [2]:102 [3]:53
[0]:48861821 [1]:6987340 [2]:102 [3]:56
[0]:49050583 [1]:7016392 [2]:102 [3]:365
[0]:49247349 [1]:7046760 [2]:102 [3]:363
[0]:49437906 [1]:7076143 [2]:102 [3]:365
[0]:49639064 [1]:7107065 [2]:102 [3]:368
[0]:49840937 [1]:7138012 [2]:102 [3]:365
[0]:50037976 [1]:7168309 [2]:102 [3]:363
[0]:50232281 [1]:7198219 [2]:102 [3]:366
[0]:50437166 [1]:7229709 [2]:102 [3]:360
[0]:50632107 [1]:7259681 [2]:102 [3]:357
[0]:50826204 [1]:7289533 [2]:102 [3]:364
[0]:51039044 [1]:7322327 [2]:102 [3]:354
[0]:51236703 [1]:7352767 [2]:102 [3]:362
[0]:51453139 [1]:7386122 [2]:102 [3]:65
[0]:51652877 [1]:7416879 [2]:102 [3]:65
[0]:51856060 [1]:7448052 [2]:102 [3]:365
[0]:52069792 [1]:7480926 [2]:102 [3]:357
[0]:52270429 [1]:7511909 [2]:102 [3]:56
[0]:52477139 [1]:7543621 [2]:102 [3]:360
[0]:52668495 [1]:7573194 [2]:102 [3]:364
[0]:52877170 [1]:7605364 [2]:102 [3]:67
[0]:53076577 [1]:7636024 [2]:102 [3]:61
[0]:53270592 [1]:7665921 [2]:102 [3]:69
[0]:53464532 [1]:7695778 [2]:102 [3]:357
[0]:53658625 [1]:7725730 [2]:102 [3]:365
[0]:53856450 [1]:7756176 [2]:102 [3]:360
[0]:54050460 [1]:7786049 [2]:102 [3]:68
[0]:54246351 [1]:7816273 [2]:102 [3]:64
[0]:54468325 [1]:7850437 [2]:102 [3]:369
[0]:54692359 [1]:7884875 [2]:102 [3]:85
[0]:54908817 [1]:7918185 [2]:102 [3]:364
[0]:55114741 [1]:7949913 [2]:102 [3]:77
[0]:55315549 [1]:7980778 [2]:102 [3]:364
[0]:55517028 [1]:8011893 [2]:102 [3]:69
[0]:55778437 [1]:8052132 [2]:102 [3]:360
[0]:55968443 [1]:8081331 [2]:102 [3]:61
[0]:56166366 [1]:8111851 [2]:102 [3]:357
[0]:56382842 [1]:8145166 [2]:102 [3]:361
[0]:56584351 [1]:8176139 [2]:102 [3]:360
[0]:56779883 [1]:8206253 [2]:102 [3]:362
[0]:56983757 [1]:8237646 [2]:102 [3]:364
[0]:57181601 [1]:8268082 [2]:102 [3]:63
[0]:57394678 [1]:8300884 [2]:102 [3]:75
[0]:57649631 [1]:8340137 [2]:102 [3]:56
[0]:57842041 [1]:8369809 [2]:102 [3]:370
[0]:58039867 [1]:8400308 [2]:102 [3]:65
[0]:58247245 [1]:8432226 [2]:102 [3]:353
[0]:58440787 [1]:8461947 [2]:102 [3]:53
[0]:58640620 [1]:8492741 [2]:102 [3]:361
[0]:58847851 [1]:8524700 [2]:102 [3]:71
[0]:59051297 [1]:8555918 [2]:102 [3]:361
[0]:59263931 [1]:8588685 [2]:102 [3]:354
[0]:59461681 [1]:8619121 [2]:102 [3]:361
[0]:59665493 [1]:8650713 [2]:102 [3]:362
[0]:59882196 [1]:8684057 [2]:102 [3]:369
[0]:60084797 [1]:8715296 [2]:102 [3]:54
[0]:60282056 [1]:8745698 [2]:102 [3]:65
[0]:60472806 [1]:8775175 [2]:102 [3]:69
[0]:60681358 [1]:8807303 [2]:102 [3]:55
[0]:60879524 [1]:8837754 [2]:102 [3]:367
[0]:61088621 [1]:8869956 [2]:102 [3]:364
[0]:61289917 [1]:8901087 [2]:102 [3]:371
[0]:61488671 [1]:8931680 [2]:102 [3]:365
[0]:61692786 [1]:8963174 [2]:102 [3]:364
[0]:61893760 [1]:8994062 [2]:102 [3]:364
[0]:62105644 [1]:9026657 [2]:102 [3]:366
[0]:62304609 [1]:9057377 [2]:102 [3]:63
[0]:62532728 [1]:9092402 [2]:102 [3]:360
[0]:62737991 [1]:9123987 [2]:102 [3]:77
[0]:62931809 [1]:9153890 [2]:102 [3]:68
[0]:63139692 [1]:9185898 [2]:102 [3]:62
[0]:63342480 [1]:9217077 [2]:102 [3]:64
[0]:63543841 [1]:9248128 [2]:102 [3]:366
[0]:63749155 [1]:9279662 [2]:102 [3]:375
[0]:63954374 [1]:9311330 [2]:102 [3]:355
[0]:64165321 [1]:9343878 [2]:102 [3]:362
[0]:64387352 [1]:9378006 [2]:102 [3]:56
[0]:64585107 [1]:9408434 [2]:102 [3]:362
[0]:64784547 [1]:9437343 [2]:102 [3]:372
[0]:65001271 [1]:9458413 [2]:102 [3]:368
[0]:65213875 [1]:9479191 [2]:102 [3]:89
[0]:65422594 [1]:9499594 [2]:102 [3]:81
[0]:65670605 [1]:9523827 [2]:102 [3]:101
[0]:65872534 [1]:9543508 [2]:102 [3]:78
[0]:66095724 [1]:9565349 [2]:102 [3]:374
[0]:66308340 [1]:9586391 [2]:102 [3]:361
[0]:66540415 [1]:9609057 [2]:99 [3]:371
[0]:66755116 [1]:9629949 [2]:99 [3]:88
[0]:66962257 [1]:9650199 [2]:99 [3]:83
[0]:67173344 [1]:9670766 [2]:99 [3]:354
[0]:67389320 [1]:9691929 [2]:99 [3]:373
[0]:67595590 [1]:9712381 [2]:99 [3]:74
[0]:67808412 [1]:9733234 [2]:99 [3]:79
[0]:68019325 [1]:9753798 [2]:99 [3]:77
[0]:68247169 [1]:9775902 [2]:99 [3]:366
[0]:68451209 [1]:9795685 [2]:99 [3]:355
[0]:68654835 [1]:9815571 [2]:99 [3]:373
[0]:68864178 [1]:9835957 [2]:97 [3]:364
[0]:69069133 [1]:9855931 [2]:97 [3]:363
[0]:69285648 [1]:9877135 [2]:97 [3]:362
[0]:69502178 [1]:9898318 [2]:97 [3]:356
[0]:69729670 [1]:9920617 [2]:97 [3]:84
[0]:69939178 [1]:9941096 [2]:97 [3]:371
[0]:70155880 [1]:9962416 [2]:97 [3]:360
[0]:70364379 [1]:9982786 [2]:97 [3]:355
[0]:70578013 [1]:10003888 [2]:97 [3]:361
[0]:70795061 [1]:10025116 [2]:97 [3]:367
[0]:71017836 [1]:10046769 [2]:97 [3]:89
[0]:71227024 [1]:10067074 [2]:97 [3]:360
[0]:71479892 [1]:10091781 [2]:97 [3]:357
[0]:71696137 [1]:10113263 [2]:97 [3]:372
[0]:71926713 [1]:10136278 [2]:97 [3]:359
[0]:72152192 [1]:10158139 [2]:97 [3]:370
[0]:72358245 [1]:10178398 [2]:97 [3]:374
[0]:72568291 [1]:10198720 [2]:97 [3]:362
[0]:72773968 [1]:10218723 [2]:97 [3]:370
[0]:72982634 [1]:10239143 [2]:97 [3]:373
[0]:73191343 [1]:10259546 [2]:97 [3]:357
[0]:73402782 [1]:10280032 [2]:97 [3]:78
[0]:73616437 [1]:10301023 [2]:97 [3]:371
[0]:73835569 [1]:10322491 [2]:97 [3]:88
[0]:74100653 [1]:10348457 [2]:97 [3]:85
[0]:74317580 [1]:10369610 [2]:97 [3]:357
[0]:74570951 [1]:10394582 [2]:97 [3]:363
[0]:74772991 [1]:10414447 [2]:97 [3]:367
[0]:74986294 [1]:10435129 [2]:97 [3]:73
[0]:75203239 [1]:10456371 [2]:97 [3]:81
[0]:75416480 [1]:10477207 [2]:97 [3]:78
[0]:75624387 [1]:10497482 [2]:97 [3]:362
[0]:75861028 [1]:10520484 [2]:97 [3]:69
[0]:76069638 [1]:10540896 [2]:97 [3]:364
[0]:76279559 [1]:10561418 [2]:97 [3]:89
[0]:76490786 [1]:10582241 [2]:97 [3]:371
[0]:76705525 [1]:10603427 [2]:97 [3]:363
[0]:76919025 [1]:10624417 [2]:97 [3]:92
[0]:77128479 [1]:10644851 [2]:97 [3]:70
[0]:77348993 [1]:10666508 [2]:97 [3]:371
[0]:77556339 [1]:10686713 [2]:97 [3]:86
[0]:77758409 [1]:10706425 [2]:97 [3]:356
[0]:77960288 [1]:10726123 [2]:97 [3]:88
[0]:78171176 [1]:10746896 [2]:97 [3]:368
[0]:78372606 [1]:10766602 [2]:97 [3]:358
[0]:78593277 [1]:10788006 [2]:97 [3]:367
[0]:78801943 [1]:10808424 [2]:97 [3]:83
[0]:79006427 [1]:10828340 [2]:97 [3]:69
[0]:79219408 [1]:10849107 [2]:97 [3]:368
[0]:79455681 [1]:10872100 [2]:97 [3]:365
[0]:79666488 [1]:10892700 [2]:97 [3]:359
[0]:79881130 [1]:10913694 [2]:97 [3]:361
[0]:80093737 [1]:10934475 [2]:97 [3]:366
[0]:80304248 [1]:10955048 [2]:97 [3]:85
[0]:80510982 [1]:10975367 [2]:97 [3]:361
[0]:80739048 [1]:10997526 [2]:97 [3]:359
[0]:80948900 [1]:11018040 [2]:97 [3]:85
[0]:81164746 [1]:11039072 [2]:97 [3]:100
[0]:81398395 [1]:11061857 [2]:97 [3]:98
[0]:81620197 [1]:11083435 [2]:97 [3]:369
[0]:81861632 [1]:11106878 [2]:97 [3]:371
[0]:82070581 [1]:11127453 [2]:97 [3]:368
[0]:82276812 [1]:11147517 [2]:97 [3]:370
[0]:82484099 [1]:11167784 [2]:97 [3]:98
[0]:82692679 [1]:11188326 [2]:97 [3]:94
[0]:82942989 [1]:11212818 [2]:97 [3]:367
[0]:83161381 [1]:11234275 [2]:97 [3]:372
[0]:83384288 [1]:11256127 [2]:97 [3]:356
[0]:83601729 [1]:11277389 [2]:97 [3]:368
[0]:83814184 [1]:11298164 [2]:97 [3]:82
[0]:84035318 [1]:11319735 [2]:97 [3]:368
[0]:84263705 [1]:11342070 [2]:97 [3]:374
[0]:84465175 [1]:11361710 [2]:97 [3]:75
[0]:84677393 [1]:11382297 [2]:97 [3]:362
[0]:84882219 [1]:11402227 [2]:96 [3]:370
[0]:85094966 [1]:11422894 [2]:96 [3]:362
[0]:85307687 [1]:11443630 [2]:96 [3]:371
[0]:85587360 [1]:11470795 [2]:96 [3]:68
[0]:85794767 [1]:11490939 [2]:96 [3]:88
[0]:86031406 [1]:11514048 [2]:96 [3]:364
[0]:86240837 [1]:11534560 [2]:96 [3]:370
[0]:86458267 [1]:11555904 [2]:96 [3]:369
[0]:86666451 [1]:11576123 [2]:96 [3]:360
[0]:86878965 [1]:11597034 [2]:96 [3]:90
[0]:87083769 [1]:11617027 [2]:96 [3]:369
[0]:87292516 [1]:11637427 [2]:95 [3]:100
[0]:87526126 [1]:11660348 [2]:95 [3]:366
[0]:87760981 [1]:11683323 [2]:95 [3]:366
[0]:87962197 [1]:11702852 [2]:95 [3]:83
[0]:88163134 [1]:11722587 [2]:95 [3]:80
[0]:88379187 [1]:11743873 [2]:95 [3]:370
[0]:88591677 [1]:11764840 [2]:95 [3]:369
[0]:88809018 [1]:11786197 [2]:95 [3]:89
[0]:89016701 [1]:11806512 [2]:95 [3]:92
[0]:89249073 [1]:11829218 [2]:95 [3]:360
[0]:89457028 [1]:11849514 [2]:95 [3]:362
[0]:89670540 [1]:11870382 [2]:96 [3]:79
[0]:89875359 [1]:11890397 [2]:96 [3]:78
[0]:90076027 [1]:11909971 [2]:96 [3]:352
[0]:90280985 [1]:11930033 [2]:96 [3]:74
[0]:90499858 [1]:11951494 [2]:96 [3]:78
[0]:90708633 [1]:11971850 [2]:96 [3]:355
[0]:90954236 [1]:11995931 [2]:96 [3]:363
[0]:91170344 [1]:12017104 [2]:96 [3]:98
[0]:91385646 [1]:12038387 [2]:96 [3]:376
[0]:91599675 [1]:12059268 [2]:96 [3]:80
[0]:91802880 [1]:12079060 [2]:96 [3]:75
[0]:92005428 [1]:12098769 [2]:96 [3]:360
[0]:92214229 [1]:12119142 [2]:96 [3]:363
[0]:92419024 [1]:12139051 [2]:96 [3]:370
[0]:92619059 [1]:12158488 [2]:96 [3]:90
[0]:92828545 [1]:12178955 [2]:96 [3]:88
[0]:93033358 [1]:12199026 [2]:96 [3]:371
[0]:93242226 [1]:12219503 [2]:96 [3]:368
[0]:93442843 [1]:12239109 [2]:96 [3]:366
[0]:93657056 [1]:12260095 [2]:96 [3]:360
[0]:93887827 [1]:12282576 [2]:96 [3]:373
[0]:94092728 [1]:12302507 [2]:96 [3]:364
[0]:94301509 [1]:12322792 [2]:96 [3]:362
[0]:94518059 [1]:12344020 [2]:96 [3]:360
[0]:94768413 [1]:12368474 [2]:96 [3]:78
[0]:94971108 [1]:12388218 [2]:96 [3]:89
[0]:95183259 [1]:12408867 [2]:96 [3]:352
[0]:95404048 [1]:12430697 [2]:96 [3]:365
[0]:95612568 [1]:12451317 [2]:96 [3]:368
[0]:95818718 [1]:12471365 [2]:96 [3]:81
[0]:96073340 [1]:12496180 [2]:96 [3]:87
[0]:96282241 [1]:12516387 [2]:96 [3]:368
[0]:96487772 [1]:12536325 [2]:96 [3]:353
[0]:96699766 [1]:12557012 [2]:96 [3]:71
[0]:96916467 [1]:12578203 [2]:96 [3]:359
[0]:97171422 [1]:12602874 [2]:96 [3]:364
[0]:97381544 [1]:12623243 [2]:96 [3]:365
[0]:97586127 [1]:12643303 [2]:96 [3]:372
[0]:97790713 [1]:12663456 [2]:96 [3]:77
[0]:98007616 [1]:12684556 [2]:96 [3]:370
[0]:98212521 [1]:12704400 [2]:96 [3]:371
[0]:98412987 [1]:12723936 [2]:96 [3]:379
[0]:98641176 [1]:12746095 [2]:96 [3]:81
[0]:98842623 [1]:12765777 [2]:95 [3]:365
[0]:99055567 [1]:12786545 [2]:95 [3]:369
[0]:99263754 [1]:12807135 [2]:95 [3]:367
[0]:99480527 [1]:12828128 [2]:95 [3]:364
[0]:99685440 [1]:12848124 [2]:95 [3]:91
[0]:99893115 [1]:12868616 [2]:95 [3]:363
[0]:100130221 [1]:12891654 [2]:95 [3]:88
[0]:100367545 [1]:12914797 [2]:95 [3]:372
[0]:100567202 [1]:12934332 [2]:95 [3]:372
[0]:100808636 [1]:12957692 [2]:95 [3]:371
[0]:101012575 [1]:12977553 [2]:95 [3]:378
[0]:101225235 [1]:12998355 [2]:95 [3]:371
[0]:101430032 [1]:13018344 [2]:95 [3]:109
[0]:101634421 [1]:13038642 [2]:95 [3]:375
[0]:101841443 [1]:13059038 [2]:95 [3]:77
[0]:102077610 [1]:13082213 [2]:95 [3]:366
[0]:102280119 [1]:13101916 [2]:95 [3]:363
[0]:102480270 [1]:13121526 [2]:95 [3]:95
[0]:102689262 [1]:13142009 [2]:95 [3]:366
[0]:102898393 [1]:13162281 [2]:95 [3]:363
[0]:103135454 [1]:13185432 [2]:95 [3]:84
[0]:103328871 [1]:13204284 [2]:96 [3]:363
[0]:103540314 [1]:13224962 [2]:96 [3]:361
[0]:103744583 [1]:13244811 [2]:96 [3]:375
[0]:103953644 [1]:13265307 [2]:96 [3]:359
[0]:104168532 [1]:13286396 [2]:96 [3]:359
[0]:104378844 [1]:13307010 [2]:96 [3]:364
[0]:104591692 [1]:13327607 [2]:96 [3]:358
[0]:104792700 [1]:13347190 [2]:96 [3]:364
[0]:104999294 [1]:13367454 [2]:96 [3]:87
[0]:105205984 [1]:13387665 [2]:96 [3]:360
[0]:105418666 [1]:13408584 [2]:96 [3]:371
[0]:105633943 [1]:13429468 [2]:96 [3]:88
[0]:105834686 [1]:13448999 [2]:96 [3]:369
[0]:106059969 [1]:13471066 [2]:96 [3]:358
[0]:106269282 [1]:13491507 [2]:96 [3]:366
[0]:106473938 [1]:13511511 [2]:96 [3]:354
[0]:106700455 [1]:13533550 [2]:96 [3]:364
[0]:106911234 [1]:13554166 [2]:96 [3]:372
[0]:107120607 [1]:13574484 [2]:96 [3]:73
[0]:107326440 [1]:13594707 [2]:96 [3]:75
[0]:107537384 [1]:13615298 [2]:96 [3]:93
[0]:107755963 [1]:13636632 [2]:96 [3]:73
[0]:107973168 [1]:13657651 [2]:96 [3]:364
[0]:108199445 [1]:13679669 [2]:96 [3]:370
[0]:108396147 [1]:13698847 [2]:96 [3]:85
[0]:108597208 [1]:13718316 [2]:96 [3]:85
[0]:108813823 [1]:13739464 [2]:96 [3]:362
[0]:109034040 [1]:13760853 [2]:96 [3]:360
[0]:109236692 [1]:13780594 [2]:96 [3]:371
[0]:109441272 [1]:13800754 [2]:96 [3]:75
[0]:109640790 [1]:13820111 [2]:96 [3]:367
[0]:109853504 [1]:13840808 [2]:96 [3]:359
[0]:110090753 [1]:13864099 [2]:96 [3]:374
[0]:110296756 [1]:13884152 [2]:96 [3]:373
[0]:110511038 [1]:13905268 [2]:96 [3]:373
[0]:110733498 [1]:13926899 [2]:96 [3]:93
[0]:110940264 [1]:13947159 [2]:96 [3]:361
[0]:111156927 [1]:13968268 [2]:96 [3]:369
[0]:111369718 [1]:13989004 [2]:96 [3]:80
[0]:111625608 [1]:14014066 [2]:96 [3]:366
[0]:111837670 [1]:14034761 [2]:96 [3]:66
[0]:112047018 [1]:14055104 [2]:96 [3]:356
[0]:112298931 [1]:14079815 [2]:96 [3]:367
[0]:112503808 [1]:14099798 [2]:96 [3]:89
[0]:112704374 [1]:14119528 [2]:96 [3]:359
[0]:112915587 [1]:14140180 [2]:96 [3]:75
[0]:113129874 [1]:14160931 [2]:96 [3]:87
[0]:113354343 [1]:14182912 [2]:96 [3]:345
[0]:113569557 [1]:14203870 [2]:96 [3]:358
[0]:113771901 [1]:14223525 [2]:96 [3]:359
[0]:113976715 [1]:14243567 [2]:96 [3]:84
[0]:114197172 [1]:14265024 [2]:96 [3]:368
[0]:114425747 [1]:14287334 [2]:96 [3]:79
[0]:114627218 [1]:14306988 [2]:96 [3]:363
[0]:114851845 [1]:14328805 [2]:96 [3]:83
[0]:115051746 [1]:14348435 [2]:96 [3]:361
[0]:115251579 [1]:14367928 [2]:96 [3]:79
[0]:115455972 [1]:14387800 [2]:96 [3]:359
[0]:115669050 [1]:14408665 [2]:96 [3]:76
[0]:115893971 [1]:14430669 [2]:96 [3]:93
[0]:116111069 [1]:14451883 [2]:96 [3]:371
[0]:116311726 [1]:14471682 [2]:96 [3]:362
[0]:116528046 [1]:14492963 [2]:96 [3]:372
[0]:116733066 [1]:14513117 [2]:96 [3]:74
[0]:116937031 [1]:14532993 [2]:96 [3]:369
[0]:117189596 [1]:14557698 [2]:96 [3]:365
[0]:117402388 [1]:14578349 [2]:96 [3]:78
[0]:117611389 [1]:14598735 [2]:96 [3]:364
[0]:117823762 [1]:14619468 [2]:96 [3]:374
[0]:118027021 [1]:14639513 [2]:96 [3]:90
[0]:118231485 [1]:14659482 [2]:96 [3]:360
[0]:118457482 [1]:14681742 [2]:96 [3]:97
[0]:118669843 [1]:14702560 [2]:96 [3]:86
[0]:118874852 [1]:14722509 [2]:96 [3]:363
[0]:119099254 [1]:14744304 [2]:96 [3]:362
[0]:119308060 [1]:14764752 [2]:96 [3]:360
[0]:119540764 [1]:14787370 [2]:96 [3]:89
[0]:119776711 [1]:14810154 [2]:96 [3]:72
[0]:119993817 [1]:14831232 [2]:96 [3]:357
[0]:120234694 [1]:14854914 [2]:96 [3]:361
[0]:120449218 [1]:14875826 [2]:96 [3]:368
[0]:120694582 [1]:14899845 [2]:96 [3]:374
[0]:120913079 [1]:14921085 [2]:96 [3]:77
[0]:121122446 [1]:14941476 [2]:96 [3]:370
[0]:121332608 [1]:14961928 [2]:96 [3]:364
[0]:121569106 [1]:14984926 [2]:96 [3]:361
[0]:121789258 [1]:15006443 [2]:95 [3]:381
[0]:121998187 [1]:15026904 [2]:95 [3]:370
[0]:122206958 [1]:15047106 [2]:95 [3]:365
[0]:122422638 [1]:15067948 [2]:95 [3]:361
[0]:122632842 [1]:15088332 [2]:95 [3]:99
[0]:122839284 [1]:15108437 [2]:95 [3]:363
[0]:123054078 [1]:15129307 [2]:95 [3]:358
[0]:123270453 [1]:15150405 [2]:95 [3]:360
[0]:123535519 [1]:15176300 [2]:95 [3]:362
[0]:123769061 [1]:15199162 [2]:95 [3]:77
[0]:123975786 [1]:15219213 [2]:95 [3]:360
[0]:124184557 [1]:15239609 [2]:95 [3]:355
[0]:124389506 [1]:15259435 [2]:95 [3]:77
[0]:124594249 [1]:15279271 [2]:95 [3]:363
[0]:124795367 [1]:15298820 [2]:95 [3]:83
[0]:125000246 [1]:15318767 [2]:95 [3]:360
[0]:125256002 [1]:15343886 [2]:95 [3]:75
[0]:125456337 [1]:15363649 [2]:95 [3]:79
[0]:125661372 [1]:15383741 [2]:95 [3]:365
[0]:125878213 [1]:15404763 [2]:95 [3]:363
[0]:126094923 [1]:15425730 [2]:95 [3]:364
[0]:126303731 [1]:15445988 [2]:95 [3]:80
[0]:126591290 [1]:15473954 [2]:95 [3]:369
[0]:126798326 [1]:15494151 [2]:95 [3]:361
[0]:126997773 [1]:15513709 [2]:95 [3]:97
[0]:127201875 [1]:15533502 [2]:95 [3]:360
[0]:127419511 [1]:15554633 [2]:95 [3]:366
[0]:127630441 [1]:15575275 [2]:95 [3]:355
[0]:127863282 [1]:15598145 [2]:95 [3]:369
[0]:128072092 [1]:15618466 [2]:95 [3]:375
[0]:128292967 [1]:15639924 [2]:95 [3]:371
[0]:128501725 [1]:15660085 [2]:95 [3]:361
[0]:128702679 [1]:15679607 [2]:95 [3]:358
[0]:128923121 [1]:15701214 [2]:95 [3]:82
[0]:129131888 [1]:15721498 [2]:95 [3]:92
[0]:129344536 [1]:15742264 [2]:95 [3]:90
[0]:129569703 [1]:15764217 [2]:95 [3]:79
[0]:129769567 [1]:15783787 [2]:95 [3]:361
[0]:129999332 [1]:15806238 [2]:95 [3]:93
[0]:130204991 [1]:15826372 [2]:95 [3]:360
[0]:130411765 [1]:15846434 [2]:95 [3]:88
[0]:130620157 [1]:15866959 [2]:95 [3]:77
[0]:130836750 [1]:15888185 [2]:95 [3]:82
[0]:131088732 [1]:15912753 [2]:96 [3]:360
[0]:131297549 [1]:15933165 [2]:96 [3]:365
[0]:131505759 [1]:15953438 [2]:96 [3]:359
[0]:131715423 [1]:15973700 [2]:96 [3]:369
[0]:131931888 [1]:15994815 [2]:96 [3]:351
[0]:132140728 [1]:16015115 [2]:96 [3]:367
[0]:132346627 [1]:16035411 [2]:96 [3]:82
[0]:132569950 [1]:16057146 [2]:96 [3]:77
[0]:132774587 [1]:16077002 [2]:96 [3]:361
[0]:132987326 [1]:16097850 [2]:96 [3]:363
[0]:133203940 [1]:16119008 [2]:96 [3]:371
[0]:133408677 [1]:16139003 [2]:96 [3]:363
[0]:133627417 [1]:16164617 [2]:96 [3]:65
[0]:133838131 [1]:16197143 [2]:96 [3]:362
[0]:134047807 [1]:16229478 [2]:96 [3]:353
[0]:134246426 [1]:16260019 [2]:96 [3]:58
[0]:134466588 [1]:16293842 [2]:96 [3]:363
[0]:134681429 [1]:16326962 [2]:96 [3]:59
[0]:134880949 [1]:16357746 [2]:96 [3]:365
[0]:135073097 [1]:16387309 [2]:96 [3]:360
[0]:135270977 [1]:16417802 [2]:99 [3]:56
[0]:135466967 [1]:16447890 [2]:99 [3]:359
[0]:135692568 [1]:16482575 [2]:99 [3]:354
[0]:135911892 [1]:16516326 [2]:99 [3]:359
[0]:136108447 [1]:16546518 [2]:99 [3]:362
[0]:136295996 [1]:16575402 [2]:99 [3]:70
[0]:136502557 [1]:16607165 [2]:99 [3]:73
[0]:136687244 [1]:16635543 [2]:99 [3]:358
[0]:136887171 [1]:16666306 [2]:99 [3]:59
[0]:137088459 [1]:16697292 [2]:99 [3]:360
[0]:137278314 [1]:16726499 [2]:101 [3]:60
[0]:137473079 [1]:16756470 [2]:101 [3]:361
[0]:137678326 [1]:16788056 [2]:101 [3]:71
[0]:137890627 [1]:16820835 [2]:101 [3]:365
[0]:138099977 [1]:16853090 [2]:101 [3]:68
[0]:138312732 [1]:16885786 [2]:101 [3]:74
[0]:138510504 [1]:16916336 [2]:101 [3]:358
[0]:138701150 [1]:16945722 [2]:101 [3]:58
[0]:138898367 [1]:16976194 [2]:101 [3]:362
[0]:139092574 [1]:17006071 [2]:101 [3]:366
[0]:139294048 [1]:17037076 [2]:101 [3]:362
[0]:139491773 [1]:17067479 [2]:102 [3]:359
[0]:139715617 [1]:17101907 [2]:102 [3]:365
[0]:139910017 [1]:17131829 [2]:102 [3]:65
[0]:140101640 [1]:17161276 [2]:102 [3]:357
[0]:140300078 [1]:17191819 [2]:102 [3]:58
[0]:140503319 [1]:17223021 [2]:102 [3]:65
[0]:140697294 [1]:17252956 [2]:102 [3]:359
[0]:140887746 [1]:17282330 [2]:102 [3]:55
[0]:141082403 [1]:17312288 [2]:102 [3]:69
[0]:141273646 [1]:17341679 [2]:102 [3]:59
[0]:141469870 [1]:17371928 [2]:102 [3]:366
[0]:141678037 [1]:17403961 [2]:102 [3]:361
[0]:141898737 [1]:17437947 [2]:102 [3]:359
[0]:142085577 [1]:17466705 [2]:102 [3]:66
[0]:142299161 [1]:17499694 [2]:102 [3]:365
[0]:142516034 [1]:17533090 [2]:102 [3]:66
[0]:142719452 [1]:17564411 [2]:102 [3]:363
[0]:142921202 [1]:17595388 [2]:102 [3]:367
[0]:143117161 [1]:17625650 [2]:102 [3]:65
[0]:143335899 [1]:17659305 [2]:102 [3]:371
[0]:143546048 [1]:17691615 [2]:102 [3]:58
[0]:143734977 [1]:17720803 [2]:102 [3]:367
[0]:143951592 [1]:17754066 [2]:102 [3]:59
[0]:144147421 [1]:17784179 [2]:102 [3]:60
[0]:144369453 [1]:17818392 [2]:102 [3]:70
[0]:144610216 [1]:17855520 [2]:102 [3]:368
[0]:144802314 [1]:17884978 [2]:102 [3]:368
[0]:145016870 [1]:17918113 [2]:102 [3]:62
[0]:145208679 [1]:17947857 [2]:102 [3]:78
[0]:145417791 [1]:17980145 [2]:102 [3]:65
[0]:145626840 [1]:18012333 [2]:102 [3]:356
[0]:145817217 [1]:18041667 [2]:102 [3]:63
[0]:146015022 [1]:18072075 [2]:102 [3]:360
[0]:146216609 [1]:18103100 [2]:102 [3]:358
[0]:146474155 [1]:18142819 [2]:102 [3]:68
[0]:146664421 [1]:18172125 [2]:102 [3]:66
[0]:146858300 [1]:18201988 [2]:102 [3]:359
[0]:147076755 [1]:18235553 [2]:102 [3]:365
[0]:147276296 [1]:18266329 [2]:102 [3]:63
[0]:147500362 [1]:18300796 [2]:102 [3]:351
[0]:147694291 [1]:18330639 [2]:102 [3]:361
[0]:147890198 [1]:18360794 [2]:102 [3]:360
[0]:148082561 [1]:18390476 [2]:102 [3]:370
[0]:148309926 [1]:18425502 [2]:102 [3]:360
[0]:148507413 [1]:18456023 [2]:102 [3]:64
[0]:148709152 [1]:18487124 [2]:102 [3]:362
[0]:148902786 [1]:18516967 [2]:102 [3]:357
[0]:149104968 [1]:18548066 [2]:102 [3]:368
[0]:149295201 [1]:18577271 [2]:102 [3]:353
[0]:149493277 [1]:18607608 [2]:102 [3]:66
[0]:149687415 [1]:18637427 [2]:102 [3]:63
[0]:149888961 [1]:18668439 [2]:102 [3]:363
[0]:150077284 [1]:18697389 [2]:102 [3]:354
[0]:150287793 [1]:18729813 [2]:102 [3]:57
[0]:150486149 [1]:18760286 [2]:102 [3]:364
[0]:150749935 [1]:18800891 [2]:102 [3]:65
[0]:150940743 [1]:18830376 [2]:102 [3]:361
[0]:151139027 [1]:18860945 [2]:102 [3]:57
[0]:151329360 [1]:18890222 [2]:102 [3]:364
[0]:151523449 [1]:18920196 [2]:102 [3]:362
[0]:151728549 [1]:18951883 [2]:102 [3]:364
[0]:151933569 [1]:18983422 [2]:102 [3]:367
[0]:152127789 [1]:19013323 [2]:102 [3]:62
[0]:152321956 [1]:19043160 [2]:102 [3]:362
[0]:152567656 [1]:19081047 [2]:102 [3]:355
[0]:152771680 [1]:19112557 [2]:102 [3]:61
[0]:152963189 [1]:19142057 [2]:102 [3]:360
[0]:153161319 [1]:19172537 [2]:102 [3]:365
[0]:153378019 [1]:19205893 [2]:102 [3]:67
[0]:153575656 [1]:19236371 [2]:102 [3]:51
[0]:153778064 [1]:19267527 [2]:102 [3]:360
[0]:153982383 [1]:19299061 [2]:102 [3]:363
[0]:154182519 [1]:19329847 [2]:102 [3]:360
[0]:154374243 [1]:19359392 [2]:102 [3]:73
[0]:154583441 [1]:19391599 [2]:102 [3]:365
[0]:154773592 [1]:19420924 [2]:102 [3]:366
[0]:154993708 [1]:19454930 [2]:102 [3]:358
[0]:155198917 [1]:19486485 [2]:102 [3]:55
[0]:155404264 [1]:19518131 [2]:102 [3]:371
[0]:155631754 [1]:19553256 [2]:102 [3]:358
[0]:155845592 [1]:19586226 [2]:102 [3]:352
[0]:156045887 [1]:19617094 [2]:102 [3]:56
[0]:156240086 [1]:19646936 [2]:102 [3]:57
[0]:156434020 [1]:19676735 [2]:102 [3]:357
[0]:156650565 [1]:19710118 [2]:102 [3]:66
[0]:156841904 [1]:19739630 [2]:102 [3]:75
[0]:157036935 [1]:19769676 [2]:102 [3]:61
[0]:157234527 [1]:19800228 [2]:102 [3]:56
[0]:157420710 [1]:19828917 [2]:102 [3]:360
[0]:157624456 [1]:19860323 [2]:102 [3]:65
[0]:157822205 [1]:19890735 [2]:102 [3]:349
[0]:158023034 [1]:19921705 [2]:102 [3]:366
[0]:158215449 [1]:19951401 [2]:102 [3]:359
[0]:158432080 [1]:19984825 [2]:102 [3]:68
[0]:158620653 [1]:20013763 [2]:102 [3]:362
[0]:158814807 [1]:20043626 [2]:102 [3]:63
[0]:159024407 [1]:20075935 [2]:102 [3]:352
[0]:159218320 [1]:20105869 [2]:102 [3]:369
[0]:159411875 [1]:20135706 [2]:102 [3]:364
[0]:159609580 [1]:20166190 [2]:102 [3]:66
[0]:159818596 [1]:20198347 [2]:102 [3]:358
[0]:160023691 [1]:20229899 [2]:102 [3]:349
[0]:160244061 [1]:20263891 [2]:102 [3]:365
[0]:160501457 [1]:20303589 [2]:102 [3]:66
[0]:160692033 [1]:20332880 [2]:102 [3]:65
[0]:160889883 [1]:20363296 [2]:102 [3]:67
[0]:161087373 [1]:20393779 [2]:102 [3]:365
[0]:161285042 [1]:20424273 [2]:102 [3]:372
[0]:161482959 [1]:20454710 [2]:102 [3]:362
[0]:161688340 [1]:20486312 [2]:102 [3]:67
[0]:161889784 [1]:20517347 [2]:102 [3]:365
[0]:162083561 [1]:20547221 [2]:102 [3]:70
[0]:162274059 [1]:20576623 [2]:102 [3]:65
[0]:162465242 [1]:20605979 [2]:102 [3]:354
[0]:162662146 [1]:20636386 [2]:102 [3]:362
[0]:162856095 [1]:20666369 [2]:102 [3]:362
[0]:163057832 [1]:20697423 [2]:102 [3]:357
[0]:163259223 [1]:20728447 [2]:102 [3]:368
[0]:163447764 [1]:20757368 [2]:102 [3]:356
[0]:163650139 [1]:20788619 [2]:102 [3]:366
[0]:163845060 [1]:20818539 [2]:102 [3]:81
[0]:164035340 [1]:20847857 [2]:102 [3]:365
[0]:164225743 [1]:20877151 [2]:102 [3]:359
[0]:164416089 [1]:20906431 [2]:102 [3]:64
[0]:164621293 [1]:20938091 [2]:102 [3]:71
[0]:164815377 [1]:20967928 [2]:102 [3]:73
[0]:165008509 [1]:20997636 [2]:102 [3]:361
[0]:165207213 [1]:21028286 [2]:102 [3]:63
[0]:165412340 [1]:21059948 [2]:102 [3]:355
[0]:165606579 [1]:21089872 [2]:102 [3]:363
[0]:165800498 [1]:21119703 [2]:102 [3]:66
[0]:166024734 [1]:21154172 [2]:102 [3]:63
[0]:166222356 [1]:21184560 [2]:102 [3]:367
[0]:166412815 [1]:21213854 [2]:102 [3]:366
[0]:166614328 [1]:21244809 [2]:102 [3]:362
[0]:166804689 [1]:21274100 [2]:102 [3]:359
[0]:167006208 [1]:21305027 [2]:102 [3]:362
[0]:167192808 [1]:21333634 [2]:102 [3]:363
[0]:167394390 [1]:21364702 [2]:102 [3]:366
[0]:167603437 [1]:21396896 [2]:102 [3]:367
[0]:167801257 [1]:21427354 [2]:102 [3]:63
[0]:167998411 [1]:21457696 [2]:102 [3]:54
[0]:168192659 [1]:21487613 [2]:102 [3]:367
[0]:168410920 [1]:21521187 [2]:102 [3]:82
[0]:168605586 [1]:21551185 [2]:102 [3]:366
[0]:168808763 [1]:21582372 [2]:102 [3]:364
[0]:169014068 [1]:21613975 [2]:102 [3]:61
[0]:169208027 [1]:21643934 [2]:102 [3]:59
[0]:169398557 [1]:21673212 [2]:102 [3]:363
[0]:169592497 [1]:21703013 [2]:102 [3]:71
[0]:169860178 [1]:21744154 [2]:102 [3]:361
[0]:170051341 [1]:21773561 [2]:102 [3]:368
[0]:170249412 [1]:21804086 [2]:102 [3]:363
[0]:170446890 [1]:21834496 [2]:102 [3]:364
[0]:170641113 [1]:21864331 [2]:102 [3]:57
[0]:170849625 [1]:21896457 [2]:102 [3]:355
[0]:171050207 [1]:21927357 [2]:102 [3]:354
[0]:171257223 [1]:21959240 [2]:102 [3]:67
[0]:171476279 [1]:21992921 [2]:102 [3]:360
[0]:171667339 [1]:22022320 [2]:102 [3]:357
[0]:171854171 [1]:22051039 [2]:102 [3]:361
[0]:172048335 [1]:22080870 [2]:102 [3]:357
[0]:172249905 [1]:22111871 [2]:102 [3]:363
[0]:172447651 [1]:22142332 [2]:102 [3]:359
[0]:172648981 [1]:22173313 [2]:102 [3]:368
[0]:172847003 [1]:22203771 [2]:102 [3]:365
[0]:173033683 [1]:22232466 [2]:102 [3]:61
[0]:173226728 [1]:22262277 [2]:102 [3]:70
[0]:173425532 [1]:22292794 [2]:102 [3]:66
[0]:173653033 [1]:22327899 [2]:102 [3]:362
[0]:173845843 [1]:22357497 [2]:102 [3]:357
[0]:174042247 [1]:22387672 [2]:102 [3]:365
[0]:174257727 [1]:22420855 [2]:102 [3]:363
[0]:174444286 [1]:22449544 [2]:102 [3]:365
[0]:174639464 [1]:22479578 [2]:102 [3]:60
[0]:174831460 [1]:22509116 [2]:102 [3]:359
[0]:175026590 [1]:22539131 [2]:102 [3]:358
[0]:175228005 [1]:22570078 [2]:102 [3]:364
[0]:175422089 [1]:22599986 [2]:102 [3]:64
[0]:175631446 [1]:22632160 [2]:102 [3]:50
[0]:175828881 [1]:22662719 [2]:102 [3]:360
[0]:176030500 [1]:22693751 [2]:102 [3]:55
[0]:176224392 [1]:22723674 [2]:102 [3]:358
[0]:176418643 [1]:22753539 [2]:102 [3]:364
[0]:176687324 [1]:22794843 [2]:102 [3]:77
[0]:176870297 [1]:22823023 [2]:102 [3]:77
[0]:177068828 [1]:22853688 [2]:102 [3]:371
[0]:177257928 [1]:22882856 [2]:102 [3]:366
[0]:177485906 [1]:22917853 [2]:102 [3]:364
[0]:177675683 [1]:22947174 [2]:102 [3]:64
[0]:177881420 [1]:22978866 [2]:102 [3]:367
[0]:178078551 [1]:23009262 [2]:102 [3]:358
[0]:178276986 [1]:23039794 [2]:102 [3]:59
[0]:178463647 [1]:23068578 [2]:102 [3]:368
[0]:178656257 [1]:23098181 [2]:102 [3]:368
[0]:178851772 [1]:23128320 [2]:102 [3]:375
[0]:179049325 [1]:23158752 [2]:102 [3]:368
[0]:179258066 [1]:23190912 [2]:102 [3]:355
[0]:179508757 [1]:23229690 [2]:102 [3]:367
[0]:179693755 [1]:23258243 [2]:102 [3]:354
[0]:179892690 [1]:23288870 [2]:102 [3]:365
[0]:180090197 [1]:23319324 [2]:102 [3]:366
[0]:180284418 [1]:23349241 [2]:102 [3]:56
[0]:180482298 [1]:23379729 [2]:102 [3]:57
[0]:180683859 [1]:23410772 [2]:102 [3]:365
[0]:180880415 [1]:23440990 [2]:102 [3]:357
[0]:181090481 [1]:23473522 [2]:102 [3]:361
[0]:181280223 [1]:23502728 [2]:102 [3]:368
[0]:181470106 [1]:23531936 [2]:102 [3]:61
[0]:181661515 [1]:23561431 [2]:102 [3]:66
[0]:181880385 [1]:23595153 [2]:102 [3]:56
[0]:182072016 [1]:23624620 [2]:102 [3]:370
[0]:182269760 [1]:23655141 [2]:102 [3]:359
[0]:182500157 [1]:23690605 [2]:102 [3]:358
[0]:182693150 [1]:23720342 [2]:102 [3]:367
[0]:182881688 [1]:23749397 [2]:102 [3]:367
[0]:183076004 [1]:23779239 [2]:102 [3]:359
[0]:183272135 [1]:23809577 [2]:102 [3]:61
[0]:183467601 [1]:23839710 [2]:102 [3]:358
[0]:183669258 [1]:23870721 [2]:102 [3]:364
[0]:183863274 [1]:23900638 [2]:102 [3]:361
[0]:184090668 [1]:23935671 [2]:102 [3]:60
[0]:184325973 [1]:23971848 [2]:102 [3]:62
[0]:184520097 [1]:24001744 [2]:102 [3]:58
[0]:184728890 [1]:24034092 [2]:102 [3]:357
[0]:184936259 [1]:24066079 [2]:102 [3]:359
[0]:185131917 [1]:24096164 [2]:102 [3]:362
[0]:185337009 [1]:24127743 [2]:102 [3]:68
[0]:185534812 [1]:24158218 [2]:102 [3]:362
[0]:185736092 [1]:24189243 [2]:102 [3]:362
[0]:185929631 [1]:24219022 [2]:102 [3]:360
[0]:186128248 [1]:24249565 [2]:102 [3]:64
[0]:186341187 [1]:24282342 [2]:102 [3]:361
[0]:186538677 [1]:24312696 [2]:102 [3]:48
[0]:186736605 [1]:24343206 [2]:102 [3]:363
[0]:186934547 [1]:24373654 [2]:102 [3]:65
[0]:187158531 [1]:24408086 [2]:102 [3]:58
[0]:187352191 [1]:24437971 [2]:102 [3]:361
[0]:187550276 [1]:24468441 [2]:102 [3]:364
[0]:187766730 [1]:24501797 [2]:102 [3]:368
[0]:187994375 [1]:24536906 [2]:102 [3]:59
[0]:188195785 [1]:24568018 [2]:102 [3]:359
[0]:188445835 [1]:24606468 [2]:102 [3]:59
[0]:188635826 [1]:24635632 [2]:102 [3]:362
[0]:188834707 [1]:24666269 [2]:102 [3]:358
[0]:189035531 [1]:24697162 [2]:102 [3]:357
[0]:189241544 [1]:24728967 [2]:102 [3]:58
[0]:189430841 [1]:24758225 [2]:102 [3]:367
[0]:189632296 [1]:24789174 [2]:102 [3]:365
[0]:189837946 [1]:24820917 [2]:102 [3]:362
[0]:190039075 [1]:24851872 [2]:102 [3]:358
[0]:190235842 [1]:24882200 [2]:102 [3]:61
[0]:190472065 [1]:24918584 [2]:102 [3]:359
[0]:190662989 [1]:24948054 [2]:102 [3]:364
[0]:190875020 [1]:24980892 [2]:102 [3]:361
[0]:191077702 [1]:25012135 [2]:102 [3]:64
[0]:191265251 [1]:25041049 [2]:102 [3]:368
[0]:191471992 [1]:25072777 [2]:102 [3]:69
[0]:191669961 [1]:25103308 [2]:102 [3]:63
[0]:191863030 [1]:25132981 [2]:102 [3]:362
[0]:192128875 [1]:25173982 [2]:102 [3]:365
[0]:192324107 [1]:25204012 [2]:102 [3]:355
[0]:192516763 [1]:25233701 [2]:102 [3]:69
[0]:192710963 [1]:25263676 [2]:102 [3]:362
[0]:192916209 [1]:25295312 [2]:102 [3]:55
[0]:193113920 [1]:25325828 [2]:102 [3]:357
[0]:193311294 [1]:25356184 [2]:102 [3]:59
[0]:193513067 [1]:25387365 [2]:102 [3]:368
[0]:193710620 [1]:25417747 [2]:102 [3]:363
[0]:193905171 [1]:25447668 [2]:102 [3]:64
[0]:194119375 [1]:25480616 [2]:102 [3]:63
[0]:194318389 [1]:25511229 [2]:102 [3]:363
[0]:194520703 [1]:25542407 [2]:102 [3]:59
[0]:194711224 [1]:25571757 [2]:102 [3]:353
[0]:194908899 [1]:25602257 [2]:102 [3]:58
[0]:195107367 [1]:25632769 [2]:102 [3]:49
[0]:195308233 [1]:25663690 [2]:102 [3]:355
[0]:195502269 [1]:25693529 [2]:102 [3]:361
[0]:195745134 [1]:25730873 [2]:102 [3]:62
[0]:195939057 [1]:25760756 [2]:102 [3]:361
[0]:196136789 [1]:25791183 [2]:102 [3]:57
[0]:196341742 [1]:25822787 [2]:102 [3]:367
[0]:196537113 [1]:25852883 [2]:102 [3]:362
[0]:196733996 [1]:25883238 [2]:102 [3]:359
[0]:196924347 [1]:25912541 [2]:102 [3]:361
[0]:197120523 [1]:25942697 [2]:102 [3]:56
[0]:197314902 [1]:25972613 [2]:102 [3]:59
[0]:197501413 [1]:26001302 [2]:102 [3]:58
[0]:197700330 [1]:26032024 [2]:102 [3]:363
[0]:197894540 [1]:26061823 [2]:102 [3]:65
[0]:198088720 [1]:26091641 [2]:102 [3]:370
[0]:198312457 [1]:26126127 [2]:102 [3]:362
[0]:198506711 [1]:26156147 [2]:102 [3]:53
[0]:198711792 [1]:26187751 [2]:102 [3]:370
[0]:198904248 [1]:26217359 [2]:102 [3]:364
[0]:199099873 [1]:26247437 [2]:102 [3]:360
[0]:199298300 [1]:26277993 [2]:102 [3]:369
[0]:199494652 [1]:26308236 [2]:102 [3]:357
[0]:199539513 [1]:26315125 [2]:102 [3]:365
[0]:199539513 [1]:26315125 [2]:102 [3]:365
[0]:199539513 [1]:26315125 [2]:102 [3]:365
[0]:199539513 [1]:26315125 [2]:102 [3]:365
[0]:199539513 [1]:26315125 [2]:102 [3]:365
[0]:199539513 [1]:26315125 [2]:102 [3]:365
[0]:199539513 [1]:26315125 [2]:102 [3]:365
[0]:199539513 [1]:26315125 [2]:102 [3]:365
[0]:199539513 [1]:26315125 [2]:102 [3]:365
[0]:199539513 [1]:26315125 [2]:102 [3]:365
[0]:199539513 [1]:26315125 [2]:102 [3]:365
                                                                                      [0]:199539513 [1]:26315125 [2]:102 [3]:365
[0]:199539513 [1]:26315125 [2]:102 [3]:365
[0]:199539513 [1]:26315125 [2]:102 [3]:365
[0]:199539513 [1]:26315125 [2]:102 [3]:365
[0]:199539513 [1]:26315125 [2]:102 [3]:365
[0]:199539513 [1]:26315125 [2]:102 [3]:365
