[0]:38887329 [1]:4553394 [2]:74 [3]:356
[0]:38967786 [1]:4565350 [2]:74 [3]:82
[0]:39048147 [1]:4577247 [2]:74 [3]:364
[0]:39129663 [1]:4589333 [2]:74 [3]:359
[0]:39216761 [1]:4602227 [2]:74 [3]:369
[0]:39298981 [1]:4614408 [2]:74 [3]:358
[0]:39382728 [1]:4626898 [2]:74 [3]:367
[0]:39463447 [1]:4638835 [2]:74 [3]:366
[0]:39545522 [1]:4651042 [2]:74 [3]:363
[0]:39625731 [1]:4663024 [2]:74 [3]:367
[0]:39709200 [1]:4675503 [2]:74 [3]:369
[0]:39790834 [1]:4687635 [2]:74 [3]:369
[0]:39874301 [1]:4700040 [2]:74 [3]:69
[0]:39956329 [1]:4712144 [2]:74 [3]:75
[0]:40033926 [1]:4723640 [2]:74 [3]:76
[0]:40117622 [1]:4736006 [2]:74 [3]:369
[0]:40201839 [1]:4748486 [2]:74 [3]:82
[0]:40283199 [1]:4760573 [2]:74 [3]:82
[0]:40360793 [1]:4772072 [2]:74 [3]:363
[0]:40438619 [1]:4783610 [2]:74 [3]:362
[0]:40519079 [1]:4795626 [2]:74 [3]:358
[0]:40601576 [1]:4807889 [2]:74 [3]:363
[0]:40686628 [1]:4820494 [2]:74 [3]:358
[0]:40770098 [1]:4832872 [2]:74 [3]:366
[0]:40852836 [1]:4845142 [2]:74 [3]:82
[0]:40934095 [1]:4857174 [2]:74 [3]:364
[0]:41014145 [1]:4869044 [2]:74 [3]:363
[0]:41094992 [1]:4881067 [2]:74 [3]:354
[0]:41175234 [1]:4892983 [2]:74 [3]:363
[0]:41264246 [1]:4906212 [2]:74 [3]:71
[0]:41346840 [1]:4918450 [2]:74 [3]:358
[0]:41425091 [1]:4930067 [2]:74 [3]:366
[0]:41505528 [1]:4942005 [2]:74 [3]:90
[0]:41589340 [1]:4954443 [2]:74 [3]:367
[0]:41670660 [1]:4966475 [2]:74 [3]:364
[0]:41755309 [1]:4978998 [2]:74 [3]:364
[0]:41837602 [1]:4991197 [2]:74 [3]:365
[0]:41922299 [1]:5003725 [2]:74 [3]:370
[0]:42003201 [1]:5015734 [2]:74 [3]:361
[0]:42085972 [1]:5028046 [2]:74 [3]:362
[0]:42166518 [1]:5040041 [2]:74 [3]:360
[0]:42251352 [1]:5052628 [2]:74 [3]:79
[0]:42337999 [1]:5065477 [2]:74 [3]:359
[0]:42419073 [1]:5077499 [2]:81 [3]:364
[0]:42502991 [1]:5089955 [2]:81 [3]:369
[0]:42581535 [1]:5101581 [2]:81 [3]:371
[0]:42663338 [1]:5113731 [2]:81 [3]:359
[0]:42744905 [1]:5125837 [2]:81 [3]:367
[0]:42825972 [1]:5137901 [2]:81 [3]:360
[0]:42909495 [1]:5150231 [2]:81 [3]:359
[0]:42992119 [1]:5162476 [2]:81 [3]:369
[0]:43075076 [1]:5174783 [2]:81 [3]:362
[0]:43156291 [1]:5186794 [2]:81 [3]:352
[0]:43239180 [1]:5199062 [2]:81 [3]:78
[0]:43317691 [1]:5210747 [2]:81 [3]:75
[0]:43398888 [1]:5222851 [2]:81 [3]:364
[0]:43484609 [1]:5235550 [2]:81 [3]:362
[0]:43567795 [1]:5247860 [2]:81 [3]:368
[0]:43649329 [1]:5259985 [2]:81 [3]:367
[0]:43733586 [1]:5272484 [2]:81 [3]:354
[0]:43816882 [1]:5284855 [2]:81 [3]:368
[0]:43898020 [1]:5296820 [2]:81 [3]:363
[0]:43977474 [1]:5308642 [2]:81 [3]:372
[0]:44060425 [1]:5320937 [2]:81 [3]:370
[0]:44143745 [1]:5333317 [2]:81 [3]:360
[0]:44223707 [1]:5345197 [2]:81 [3]:71
[0]:44306258 [1]:5357443 [2]:81 [3]:375
[0]:44386666 [1]:5369397 [2]:81 [3]:75
[0]:44470243 [1]:5381839 [2]:81 [3]:372
[0]:44547037 [1]:5393254 [2]:81 [3]:355
[0]:44628443 [1]:5405341 [2]:81 [3]:84
[0]:44710205 [1]:5417467 [2]:81 [3]:373
[0]:44791452 [1]:5429532 [2]:81 [3]:363
[0]:44873933 [1]:5441724 [2]:81 [3]:354
[0]:44957853 [1]:5454172 [2]:81 [3]:369
[0]:45040354 [1]:5466507 [2]:81 [3]:374
[0]:45117604 [1]:5477954 [2]:81 [3]:372
[0]:45198276 [1]:5489954 [2]:81 [3]:366
[0]:45281701 [1]:5502370 [2]:81 [3]:83
[0]:45365036 [1]:5514746 [2]:81 [3]:367
[0]:45445896 [1]:5526738 [2]:81 [3]:372
[0]:45528769 [1]:5539029 [2]:81 [3]:367
[0]:45617801 [1]:5552249 [2]:81 [3]:75
[0]:45700431 [1]:5564559 [2]:81 [3]:84
[0]:45780985 [1]:5576512 [2]:81 [3]:76
[0]:45858540 [1]:5588030 [2]:81 [3]:360
[0]:45941573 [1]:5600363 [2]:87 [3]:366
[0]:46022028 [1]:5612307 [2]:87 [3]:362
[0]:46103596 [1]:5624474 [2]:87 [3]:368
[0]:46181866 [1]:5636089 [2]:87 [3]:363
[0]:46271403 [1]:5649364 [2]:87 [3]:361
[0]:46350178 [1]:5661026 [2]:87 [3]:74
[0]:46431062 [1]:5673055 [2]:87 [3]:370
[0]:46515216 [1]:5685516 [2]:87 [3]:371
[0]:46597179 [1]:5697642 [2]:87 [3]:80
[0]:46679035 [1]:5709800 [2]:87 [3]:365
[0]:46756385 [1]:5721304 [2]:87 [3]:362
[0]:46837720 [1]:5733305 [2]:87 [3]:368
[0]:46918784 [1]:5745345 [2]:87 [3]:359
[0]:46997458 [1]:5757044 [2]:87 [3]:79
[0]:47080337 [1]:5769357 [2]:87 [3]:374
[0]:47162943 [1]:5781642 [2]:87 [3]:362
[0]:47246272 [1]:5794030 [2]:87 [3]:371
[0]:47326826 [1]:5805982 [2]:87 [3]:73
[0]:47407921 [1]:5818019 [2]:87 [3]:364
[0]:47492675 [1]:5830642 [2]:87 [3]:359
[0]:47574724 [1]:5842866 [2]:87 [3]:79
[0]:47656803 [1]:5855059 [2]:87 [3]:364
[0]:47739326 [1]:5867263 [2]:87 [3]:370
[0]:47822143 [1]:5879459 [2]:87 [3]:362
[0]:47904598 [1]:5891697 [2]:87 [3]:363
[0]:47987005 [1]:5903922 [2]:87 [3]:370
[0]:48068190 [1]:5915937 [2]:87 [3]:362
[0]:48147828 [1]:5927782 [2]:87 [3]:364
[0]:48228345 [1]:5939732 [2]:87 [3]:362
[0]:48312727 [1]:5952279 [2]:87 [3]:367
[0]:48397998 [1]:5964982 [2]:87 [3]:357
[0]:48480302 [1]:5977233 [2]:87 [3]:366
[0]:48561629 [1]:5989336 [2]:87 [3]:368
[0]:48642449 [1]:6001291 [2]:87 [3]:83
[0]:48723082 [1]:6013227 [2]:87 [3]:358
[0]:48803716 [1]:6025168 [2]:87 [3]:371
[0]:48882125 [1]:6036775 [2]:87 [3]:358
[0]:48959928 [1]:6048303 [2]:87 [3]:370
[0]:49042233 [1]:6060554 [2]:87 [3]:362
[0]:49122924 [1]:6072561 [2]:87 [3]:369
[0]:49200851 [1]:6084235 [2]:87 [3]:360
[0]:49281420 [1]:6096251 [2]:87 [3]:364
[0]:49362939 [1]:6108360 [2]:87 [3]:360
[0]:49444885 [1]:6120496 [2]:87 [3]:71
[0]:49527154 [1]:6132691 [2]:87 [3]:361
[0]:49607124 [1]:6144656 [2]:93 [3]:368
[0]:49689135 [1]:6156829 [2]:93 [3]:361
[0]:49768952 [1]:6168667 [2]:93 [3]:361
[0]:49850677 [1]:6180777 [2]:93 [3]:361
[0]:49931174 [1]:6192696 [2]:93 [3]:87
[0]:50015342 [1]:6205214 [2]:93 [3]:368
[0]:50096593 [1]:6217297 [2]:93 [3]:371
[0]:50177468 [1]:6229311 [2]:93 [3]:374
[0]:50252478 [1]:6240476 [2]:93 [3]:81
[0]:50338166 [1]:6253197 [2]:93 [3]:371
[0]:50420934 [1]:6265566 [2]:93 [3]:362
[0]:50501549 [1]:6277502 [2]:93 [3]:362
[0]:50585112 [1]:6289917 [2]:93 [3]:362
[0]:50667308 [1]:6302165 [2]:93 [3]:369
[0]:50744878 [1]:6313647 [2]:93 [3]:361
[0]:50825020 [1]:6325542 [2]:93 [3]:365
[0]:50907307 [1]:6337753 [2]:93 [3]:77
[0]:50991396 [1]:6350226 [2]:93 [3]:355
[0]:51073004 [1]:6362368 [2]:93 [3]:360
[0]:51153471 [1]:6374328 [2]:93 [3]:83
[0]:51235179 [1]:6386426 [2]:93 [3]:364
[0]:51316684 [1]:6398496 [2]:93 [3]:367
[0]:51397317 [1]:6410460 [2]:93 [3]:361
[0]:51475456 [1]:6422016 [2]:93 [3]:359
[0]:51559103 [1]:6434541 [2]:93 [3]:366
[0]:51642852 [1]:6447089 [2]:93 [3]:365
[0]:51727369 [1]:6459621 [2]:93 [3]:90
[0]:51808655 [1]:6471641 [2]:93 [3]:76
[0]:51891598 [1]:6483993 [2]:93 [3]:368
[0]:51972821 [1]:6496038 [2]:93 [3]:83
[0]:52054838 [1]:6508193 [2]:93 [3]:362
[0]:52131692 [1]:6519601 [2]:93 [3]:355
[0]:52210795 [1]:6531288 [2]:93 [3]:368
[0]:52297961 [1]:6544282 [2]:93 [3]:363
[0]:52381810 [1]:6556808 [2]:93 [3]:361
[0]:52463602 [1]:6569038 [2]:93 [3]:84
[0]:52546627 [1]:6581340 [2]:93 [3]:365
[0]:52630090 [1]:6593700 [2]:93 [3]:368
[0]:52714843 [1]:6606237 [2]:93 [3]:360
[0]:52795398 [1]:6618124 [2]:93 [3]:364
[0]:52878623 [1]:6630448 [2]:93 [3]:366
[0]:52960976 [1]:6642676 [2]:93 [3]:358
[0]:53040830 [1]:6654531 [2]:93 [3]:366
[0]:53125328 [1]:6667084 [2]:93 [3]:74
[0]:53210101 [1]:6679676 [2]:98 [3]:357
[0]:53295473 [1]:6692315 [2]:98 [3]:366
[0]:53382521 [1]:6705263 [2]:98 [3]:366
[0]:53460575 [1]:6716854 [2]:98 [3]:368
[0]:53542804 [1]:6729038 [2]:98 [3]:75
[0]:53622924 [1]:6740938 [2]:98 [3]:77
[0]:53704583 [1]:6753064 [2]:98 [3]:357
[0]:53786114 [1]:6765132 [2]:98 [3]:372
[0]:53863823 [1]:6776697 [2]:98 [3]:367
[0]:53943075 [1]:6788424 [2]:98 [3]:360
[0]:54026664 [1]:6800818 [2]:98 [3]:374
[0]:54110005 [1]:6813153 [2]:98 [3]:364
[0]:54192908 [1]:6825439 [2]:98 [3]:354
[0]:54274743 [1]:6837612 [2]:98 [3]:365
[0]:54356438 [1]:6849672 [2]:98 [3]:361
[0]:54440025 [1]:6862075 [2]:98 [3]:368
[0]:54523411 [1]:6874446 [2]:98 [3]:83
[0]:54606504 [1]:6886751 [2]:98 [3]:360
[0]:54687780 [1]:6898818 [2]:98 [3]:372
[0]:54770466 [1]:6910990 [2]:98 [3]:359
[0]:54852259 [1]:6923210 [2]:98 [3]:372
[0]:54932350 [1]:6935099 [2]:98 [3]:359
[0]:55013646 [1]:6947143 [2]:98 [3]:362
[0]:55095715 [1]:6959280 [2]:98 [3]:74
[0]:55176634 [1]:6971302 [2]:98 [3]:366
[0]:55258298 [1]:6983407 [2]:98 [3]:373
[0]:55343841 [1]:6996112 [2]:98 [3]:369
[0]:55424049 [1]:7008015 [2]:98 [3]:361
[0]:55510099 [1]:7020875 [2]:98 [3]:359
[0]:55592295 [1]:7033110 [2]:98 [3]:374
[0]:55674797 [1]:7045460 [2]:98 [3]:364
[0]:55760387 [1]:7058099 [2]:98 [3]:359
[0]:55842865 [1]:7070354 [2]:98 [3]:361
[0]:55929112 [1]:7083113 [2]:98 [3]:356
[0]:56011155 [1]:7095310 [2]:98 [3]:80
[0]:56089127 [1]:7106876 [2]:98 [3]:368
[0]:56170848 [1]:7119026 [2]:98 [3]:351
[0]:56254777 [1]:7131498 [2]:98 [3]:369
[0]:56340937 [1]:7144292 [2]:98 [3]:361
[0]:56420975 [1]:7156269 [2]:98 [3]:361
[0]:56502626 [1]:7168427 [2]:98 [3]:368
[0]:56589577 [1]:7181326 [2]:98 [3]:357
[0]:56671997 [1]:7193515 [2]:98 [3]:368
[0]:56754035 [1]:7205639 [2]:103 [3]:371
[0]:56835893 [1]:7217793 [2]:103 [3]:360
[0]:56916086 [1]:7229748 [2]:103 [3]:369
[0]:57002602 [1]:7242639 [2]:103 [3]:365
[0]:57085465 [1]:7254959 [2]:103 [3]:80
[0]:57170911 [1]:7267628 [2]:103 [3]:370
[0]:57256992 [1]:7280420 [2]:103 [3]:359
[0]:57340769 [1]:7292933 [2]:103 [3]:360
[0]:57521887 [1]:7319878 [2]:103 [3]:372
[0]:57721670 [1]:7349428 [2]:103 [3]:359
[0]:57922622 [1]:7379232 [2]:103 [3]:85
[0]:58131305 [1]:7410301 [2]:103 [3]:365
[0]:58340394 [1]:7441383 [2]:103 [3]:359
[0]:58550225 [1]:7472526 [2]:103 [3]:354
[0]:58766532 [1]:7504612 [2]:103 [3]:359
[0]:58964500 [1]:7533931 [2]:103 [3]:362
[0]:59206956 [1]:7570210 [2]:103 [3]:365
[0]:59426011 [1]:7602722 [2]:103 [3]:369
[0]:59636557 [1]:7633955 [2]:103 [3]:360
[0]:59869013 [1]:7668544 [2]:103 [3]:359
[0]:60077778 [1]:7699535 [2]:103 [3]:368
[0]:60341688 [1]:7738722 [2]:107 [3]:360
[0]:60538920 [1]:7767982 [2]:107 [3]:357
[0]:60744252 [1]:7798401 [2]:107 [3]:361
[0]:60972367 [1]:7832256 [2]:107 [3]:76
[0]:61176961 [1]:7862586 [2]:107 [3]:372
[0]:61401807 [1]:7896121 [2]:107 [3]:372
[0]:61622529 [1]:7928885 [2]:107 [3]:79
[0]:61826861 [1]:7959226 [2]:107 [3]:364
[0]:62040302 [1]:7990880 [2]:107 [3]:357
[0]:62261070 [1]:8023626 [2]:107 [3]:366
[0]:62497392 [1]:8058638 [2]:107 [3]:359
[0]:62709479 [1]:8090052 [2]:107 [3]:357
[0]:62914869 [1]:8120553 [2]:107 [3]:360
[0]:63127056 [1]:8151950 [2]:107 [3]:368
[0]:63336838 [1]:8183074 [2]:107 [3]:74
[0]:63538008 [1]:8212937 [2]:107 [3]:359
[0]:63750961 [1]:8244428 [2]:107 [3]:374
[0]:63959796 [1]:8275428 [2]:111 [3]:365
[0]:64156219 [1]:8304579 [2]:111 [3]:368
[0]:64370028 [1]:8336264 [2]:111 [3]:360
[0]:64570354 [1]:8365887 [2]:111 [3]:366
[0]:64779122 [1]:8396885 [2]:111 [3]:81
[0]:64992446 [1]:8428540 [2]:111 [3]:367
[0]:65209203 [1]:8460687 [2]:111 [3]:360
[0]:65417640 [1]:8491558 [2]:111 [3]:78
[0]:65678100 [1]:8530257 [2]:111 [3]:365
[0]:65882639 [1]:8560607 [2]:111 [3]:364
[0]:66087222 [1]:8591078 [2]:111 [3]:369
[0]:66288758 [1]:8621007 [2]:111 [3]:352
[0]:66513395 [1]:8654386 [2]:111 [3]:365
[0]:66718347 [1]:8684801 [2]:111 [3]:360
[0]:66974419 [1]:8722820 [2]:111 [3]:370
[0]:67183320 [1]:8753893 [2]:111 [3]:359
[0]:67396149 [1]:8785431 [2]:111 [3]:362
[0]:67596209 [1]:8815079 [2]:114 [3]:75
[0]:67813501 [1]:8847338 [2]:114 [3]:358
[0]:68018143 [1]:8877717 [2]:114 [3]:74
[0]:68219761 [1]:8907700 [2]:114 [3]:363
[0]:68440420 [1]:8940383 [2]:114 [3]:368
[0]:68649376 [1]:8971370 [2]:114 [3]:81
[0]:68850206 [1]:9001230 [2]:114 [3]:361
[0]:69086627 [1]:9036353 [2]:114 [3]:364
[0]:69288547 [1]:9066425 [2]:114 [3]:366
[0]:69494428 [1]:9096949 [2]:114 [3]:370
[0]:69739491 [1]:9133311 [2]:114 [3]:357
[0]:69941674 [1]:9163449 [2]:114 [3]:360
[0]:70146597 [1]:9193925 [2]:114 [3]:361
[0]:70351425 [1]:9224409 [2]:114 [3]:371
[0]:70566734 [1]:9256257 [2]:114 [3]:86
[0]:70800437 [1]:9290987 [2]:114 [3]:359
[0]:71028926 [1]:9324897 [2]:114 [3]:362
[0]:71234315 [1]:9355359 [2]:117 [3]:362
[0]:71448020 [1]:9387138 [2]:117 [3]:373
[0]:71650857 [1]:9417351 [2]:117 [3]:364
[0]:71872288 [1]:9450370 [2]:117 [3]:363
[0]:72088134 [1]:9482401 [2]:117 [3]:371
[0]:72290181 [1]:9512438 [2]:117 [3]:359
[0]:72506775 [1]:9544733 [2]:117 [3]:363
[0]:72721464 [1]:9576710 [2]:117 [3]:368
[0]:72936333 [1]:9608583 [2]:117 [3]:371
[0]:73144588 [1]:9639512 [2]:117 [3]:366
[0]:73440165 [1]:9683369 [2]:117 [3]:358
[0]:73654604 [1]:9715214 [2]:117 [3]:363
[0]:73866196 [1]:9746671 [2]:117 [3]:365
[0]:74115173 [1]:9783713 [2]:117 [3]:357
[0]:74358773 [1]:9819892 [2]:117 [3]:358
[0]:74574119 [1]:9851817 [2]:117 [3]:363
[0]:74792224 [1]:9884177 [2]:120 [3]:363
[0]:75024715 [1]:9918851 [2]:120 [3]:357
[0]:75237461 [1]:9950387 [2]:120 [3]:363
[0]:75462106 [1]:9983800 [2]:120 [3]:362
[0]:75698269 [1]:10018907 [2]:120 [3]:371
[0]:75898925 [1]:10048719 [2]:120 [3]:358
[0]:76102272 [1]:10078838 [2]:120 [3]:361
[0]:76307099 [1]:10109252 [2]:120 [3]:77
[0]:76517807 [1]:10140528 [2]:120 [3]:360
[0]:76726987 [1]:10171584 [2]:120 [3]:359
[0]:76945150 [1]:10203978 [2]:120 [3]:359
[0]:77152560 [1]:10234804 [2]:120 [3]:76
[0]:77460126 [1]:10280431 [2]:120 [3]:360
[0]:77676651 [1]:10312582 [2]:120 [3]:361
[0]:77886732 [1]:10343792 [2]:120 [3]:80
[0]:78092481 [1]:10374365 [2]:120 [3]:365
[0]:78364699 [1]:10414731 [2]:122 [3]:366
[0]:78568586 [1]:10445024 [2]:122 [3]:368
[0]:78791676 [1]:10478163 [2]:122 [3]:353
[0]:79012615 [1]:10510925 [2]:122 [3]:367
[0]:79216317 [1]:10541155 [2]:122 [3]:362
[0]:79463126 [1]:10577670 [2]:122 [3]:369
[0]:79670832 [1]:10608464 [2]:122 [3]:360
[0]:79871802 [1]:10638336 [2]:122 [3]:362
[0]:80073842 [1]:10668363 [2]:122 [3]:357
