[0]:119566091 [1]:19773928 [2]:147 [3]:357
[0]:119777618 [1]:19805260 [2]:147 [3]:367
[0]:119995634 [1]:19837626 [2]:147 [3]:367
[0]:120202281 [1]:19868294 [2]:147 [3]:369
[0]:120405511 [1]:19898411 [2]:147 [3]:359
[0]:120618258 [1]:19929926 [2]:147 [3]:369
[0]:120830808 [1]:19961393 [2]:147 [3]:359
[0]:121043920 [1]:19993078 [2]:147 [3]:81
[0]:121244857 [1]:20022973 [2]:148 [3]:361
[0]:121526385 [1]:20064736 [2]:148 [3]:83
[0]:121726558 [1]:20094508 [2]:148 [3]:365
[0]:121930248 [1]:20124745 [2]:148 [3]:375
[0]:122134044 [1]:20154980 [2]:148 [3]:364
[0]:122347778 [1]:20186734 [2]:148 [3]:353
[0]:122561183 [1]:20218397 [2]:148 [3]:359
[0]:122769968 [1]:20249372 [2]:148 [3]:359
[0]:122978816 [1]:20280339 [2]:148 [3]:371
[0]:123183642 [1]:20310925 [2]:148 [3]:361
[0]:123411904 [1]:20344966 [2]:148 [3]:359
[0]:123624859 [1]:20376582 [2]:148 [3]:369
[0]:123827306 [1]:20406615 [2]:148 [3]:370
[0]:124046118 [1]:20439150 [2]:148 [3]:360
[0]:124255378 [1]:20470236 [2]:148 [3]:361
[0]:124472043 [1]:20502333 [2]:148 [3]:363
[0]:124680674 [1]:20533257 [2]:148 [3]:79
[0]:124897923 [1]:20565441 [2]:148 [3]:371
[0]:125110765 [1]:20596908 [2]:148 [3]:362
[0]:125337051 [1]:20630481 [2]:148 [3]:361
[0]:125548168 [1]:20661807 [2]:148 [3]:356
[0]:125750749 [1]:20691822 [2]:148 [3]:81
[0]:126003992 [1]:20729443 [2]:148 [3]:365
[0]:126214017 [1]:20760701 [2]:148 [3]:373
[0]:126418728 [1]:20791188 [2]:148 [3]:364
[0]:126627595 [1]:20822153 [2]:148 [3]:367
[0]:126841570 [1]:20853974 [2]:148 [3]:361
[0]:127052163 [1]:20885222 [2]:148 [3]:361
[0]:127270153 [1]:20917512 [2]:148 [3]:361
[0]:127478973 [1]:20948499 [2]:148 [3]:78
[0]:127683939 [1]:20978964 [2]:148 [3]:365
[0]:127959994 [1]:21019909 [2]:148 [3]:368
[0]:128183734 [1]:21053323 [2]:148 [3]:371
[0]:128388860 [1]:21083738 [2]:148 [3]:364
[0]:128598514 [1]:21114804 [2]:148 [3]:368
[0]:128810966 [1]:21146369 [2]:148 [3]:355
[0]:129023683 [1]:21178112 [2]:148 [3]:364
[0]:129228419 [1]:21208540 [2]:148 [3]:366
[0]:129433522 [1]:21239008 [2]:148 [3]:362
[0]:129650090 [1]:21271123 [2]:148 [3]:78
[0]:129850419 [1]:21300971 [2]:148 [3]:357
[0]:130059682 [1]:21332040 [2]:148 [3]:80
[0]:130276668 [1]:21364367 [2]:148 [3]:366
[0]:130477803 [1]:21394142 [2]:148 [3]:371
[0]:130686218 [1]:21425246 [2]:148 [3]:361
[0]:130888351 [1]:21455401 [2]:148 [3]:374
[0]:131103992 [1]:21487438 [2]:148 [3]:354
[0]:131304776 [1]:21517173 [2]:148 [3]:359
[0]:131517623 [1]:21548827 [2]:148 [3]:362
[0]:131738547 [1]:21581617 [2]:148 [3]:367
[0]:131939511 [1]:21611460 [2]:148 [3]:368
[0]:132142654 [1]:21641615 [2]:148 [3]:360
[0]:132344248 [1]:21671444 [2]:148 [3]:368
[0]:132562261 [1]:21703861 [2]:148 [3]:82
[0]:132771008 [1]:21735092 [2]:148 [3]:370
[0]:132988640 [1]:21767336 [2]:148 [3]:369
[0]:133200085 [1]:21798752 [2]:148 [3]:374
[0]:133405439 [1]:21829186 [2]:148 [3]:364
[0]:133616629 [1]:21860638 [2]:148 [3]:361
[0]:133823074 [1]:21891291 [2]:148 [3]:69
[0]:134031670 [1]:21922250 [2]:148 [3]:351
[0]:134245014 [1]:21953856 [2]:148 [3]:360
[0]:134440319 [1]:21982766 [2]:148 [3]:365
[0]:134691165 [1]:22020066 [2]:148 [3]:359
[0]:134899111 [1]:22050986 [2]:148 [3]:363
[0]:135103860 [1]:22081401 [2]:148 [3]:361
[0]:135312381 [1]:22112283 [2]:148 [3]:358
[0]:135521427 [1]:22143309 [2]:148 [3]:357
[0]:135738428 [1]:22175490 [2]:148 [3]:359
[0]:135947496 [1]:22206455 [2]:148 [3]:357
[0]:136191737 [1]:22242744 [2]:148 [3]:362
[0]:136400514 [1]:22273604 [2]:148 [3]:84
[0]:136605198 [1]:22304039 [2]:148 [3]:365
[0]:136839764 [1]:22338917 [2]:148 [3]:372
[0]:137039453 [1]:22368680 [2]:148 [3]:363
[0]:137237395 [1]:22398092 [2]:148 [3]:362
[0]:137456211 [1]:22430476 [2]:148 [3]:363
[0]:137665111 [1]:22461525 [2]:148 [3]:367
[0]:137870223 [1]:22491977 [2]:148 [3]:71
[0]:138074968 [1]:22522303 [2]:148 [3]:371
[0]:138291398 [1]:22554373 [2]:148 [3]:363
[0]:138492742 [1]:22584185 [2]:148 [3]:360
[0]:138717740 [1]:22617609 [2]:148 [3]:365
[0]:138934415 [1]:22649787 [2]:148 [3]:361
[0]:139159074 [1]:22683229 [2]:148 [3]:365
[0]:139367892 [1]:22714160 [2]:148 [3]:359
[0]:139576688 [1]:22745126 [2]:148 [3]:365
[0]:139787634 [1]:22776336 [2]:148 [3]:357
[0]:140010253 [1]:22809399 [2]:148 [3]:368
[0]:140219325 [1]:22840258 [2]:148 [3]:371
[0]:140424017 [1]:22870704 [2]:148 [3]:75
[0]:140664485 [1]:22906383 [2]:148 [3]:357
[0]:140865432 [1]:22936304 [2]:148 [3]:360
[0]:141093982 [1]:22970269 [2]:148 [3]:359
[0]:141306667 [1]:23001906 [2]:148 [3]:362
[0]:141552821 [1]:23038430 [2]:148 [3]:364
[0]:141751635 [1]:23068157 [2]:148 [3]:72
[0]:141967231 [1]:23100121 [2]:148 [3]:358
[0]:142191958 [1]:23133484 [2]:148 [3]:368
[0]:142397837 [1]:23164224 [2]:148 [3]:364
[0]:142618734 [1]:23197013 [2]:148 [3]:371
[0]:142852503 [1]:23231923 [2]:148 [3]:364
[0]:143056000 [1]:23262167 [2]:148 [3]:365
[0]:143260438 [1]:23292498 [2]:148 [3]:358
[0]:143469589 [1]:23323577 [2]:148 [3]:363
[0]:143668970 [1]:23353237 [2]:148 [3]:365
[0]:143883617 [1]:23385218 [2]:148 [3]:369
[0]:144088228 [1]:23415649 [2]:148 [3]:369
[0]:144290216 [1]:23445505 [2]:148 [3]:370
[0]:144498274 [1]:23476434 [2]:148 [3]:371
[0]:144707025 [1]:23507377 [2]:148 [3]:80
[0]:144938918 [1]:23541788 [2]:148 [3]:356
[0]:145148547 [1]:23572800 [2]:148 [3]:360
[0]:145354281 [1]:23603257 [2]:148 [3]:84
[0]:145559608 [1]:23633659 [2]:148 [3]:367
[0]:145759026 [1]:23663394 [2]:148 [3]:363
[0]:145999749 [1]:23699163 [2]:148 [3]:359
[0]:146224393 [1]:23732540 [2]:148 [3]:364
[0]:146432859 [1]:23763493 [2]:148 [3]:370
[0]:146638081 [1]:23793914 [2]:148 [3]:377
[0]:146843134 [1]:23824300 [2]:148 [3]:85
[0]:147073967 [1]:23858627 [2]:148 [3]:81
[0]:147275661 [1]:23888556 [2]:148 [3]:366
[0]:147508916 [1]:23923225 [2]:148 [3]:355
[0]:147709057 [1]:23952935 [2]:148 [3]:363
[0]:147903548 [1]:23981757 [2]:148 [3]:361
[0]:148107434 [1]:24011928 [2]:148 [3]:356
[0]:148332695 [1]:24045373 [2]:148 [3]:369
[0]:148537284 [1]:24075804 [2]:148 [3]:368
[0]:148741064 [1]:24106020 [2]:148 [3]:86
[0]:148971235 [1]:24140141 [2]:148 [3]:362
[0]:149206827 [1]:24175087 [2]:148 [3]:359
[0]:149419659 [1]:24206798 [2]:148 [3]:365
[0]:149674943 [1]:24244758 [2]:148 [3]:364
[0]:149881520 [1]:24275376 [2]:148 [3]:369
[0]:150109601 [1]:24309153 [2]:148 [3]:368
[0]:150327747 [1]:24341473 [2]:148 [3]:79
[0]:150531719 [1]:24371684 [2]:148 [3]:362
[0]:150740611 [1]:24402734 [2]:148 [3]:370
[0]:151004510 [1]:24441996 [2]:148 [3]:362
[0]:151209468 [1]:24472361 [2]:148 [3]:367
[0]:151418103 [1]:24503347 [2]:148 [3]:371
[0]:151633634 [1]:24535361 [2]:148 [3]:363
[0]:151843986 [1]:24566524 [2]:148 [3]:360
[0]:152052041 [1]:24597351 [2]:148 [3]:364
[0]:152265736 [1]:24629055 [2]:148 [3]:359
[0]:152468565 [1]:24659170 [2]:148 [3]:362
[0]:152679358 [1]:24690468 [2]:148 [3]:366
[0]:152882476 [1]:24720645 [2]:148 [3]:357
[0]:153085262 [1]:24750720 [2]:148 [3]:372
[0]:153317196 [1]:24785134 [2]:148 [3]:358
[0]:153526537 [1]:24816150 [2]:148 [3]:78
[0]:153733392 [1]:24846855 [2]:148 [3]:368
[0]:153936205 [1]:24877001 [2]:148 [3]:363
[0]:154137239 [1]:24906836 [2]:148 [3]:364
[0]:154362066 [1]:24940205 [2]:148 [3]:361
[0]:154594825 [1]:24974751 [2]:148 [3]:357
[0]:154811498 [1]:25006831 [2]:148 [3]:368
[0]:155023172 [1]:25038105 [2]:148 [3]:370
[0]:155233238 [1]:25069277 [2]:148 [3]:367
[0]:155434557 [1]:25099141 [2]:148 [3]:359
[0]:155639177 [1]:25129508 [2]:148 [3]:373
[0]:155848095 [1]:25160496 [2]:148 [3]:362
[0]:156056957 [1]:25191435 [2]:148 [3]:369
[0]:156265794 [1]:25222424 [2]:148 [3]:364
[0]:156482661 [1]:25254549 [2]:148 [3]:369
[0]:156691128 [1]:25285589 [2]:148 [3]:359
[0]:156907466 [1]:25317662 [2]:148 [3]:84
[0]:157107698 [1]:25347290 [2]:148 [3]:371
[0]:157365323 [1]:25385646 [2]:148 [3]:359
[0]:157620098 [1]:25423445 [2]:148 [3]:369
[0]:157830138 [1]:25454613 [2]:148 [3]:364
[0]:158043022 [1]:25486322 [2]:148 [3]:359
[0]:158251904 [1]:25517422 [2]:148 [3]:359
[0]:158465113 [1]:25548981 [2]:148 [3]:370
[0]:158665687 [1]:25578758 [2]:148 [3]:372
[0]:158870569 [1]:25609167 [2]:148 [3]:372
[0]:159079581 [1]:25640055 [2]:148 [3]:368
[0]:159298081 [1]:25672658 [2]:148 [3]:368
[0]:159497182 [1]:25702244 [2]:148 [3]:366
[0]:159696547 [1]:25731769 [2]:148 [3]:361
[0]:159906710 [1]:25762907 [2]:148 [3]:370
[0]:160108036 [1]:25792820 [2]:148 [3]:359
[0]:160391416 [1]:25834984 [2]:148 [3]:84
[0]:160608391 [1]:25867313 [2]:148 [3]:370
