[0]:0 [1]:0 [2]:0 [3]:0
[0]:95635 [1]:0 [2]:0 [3]:70
[0]:311384 [1]:0 [2]:0 [3]:56
[0]:543772 [1]:0 [2]:0 [3]:311
[0]:822975 [1]:0 [2]:0 [3]:68
[0]:1049310 [1]:0 [2]:0 [3]:60
[0]:1275016 [1]:0 [2]:0 [3]:73
[0]:1499041 [1]:0 [2]:0 [3]:316
[0]:1722593 [1]:0 [2]:0 [3]:113
[0]:1942378 [1]:0 [2]:0 [3]:330
[0]:2183387 [1]:0 [2]:0 [3]:91
[0]:2406496 [1]:0 [2]:0 [3]:86
[0]:2652019 [1]:0 [2]:0 [3]:311
[0]:2884725 [1]:0 [2]:0 [3]:75
[0]:3117142 [1]:0 [2]:0 [3]:322
[0]:3336584 [1]:0 [2]:0 [3]:62
[0]:3632897 [1]:0 [2]:0 [3]:99
[0]:3854505 [1]:0 [2]:0 [3]:69
[0]:4094012 [1]:0 [2]:0 [3]:57
[0]:4305572 [1]:12459 [2]:119 [3]:62
[0]:4492542 [1]:33565 [2]:119 [3]:359
[0]:4687265 [1]:55512 [2]:119 [3]:77
[0]:4878617 [1]:77056 [2]:119 [3]:359
[0]:5076819 [1]:99494 [2]:119 [3]:56
[0]:5271661 [1]:121506 [2]:119 [3]:70
[0]:5470162 [1]:143886 [2]:119 [3]:71
[0]:5679735 [1]:167486 [2]:119 [3]:61
[0]:5885738 [1]:190813 [2]:119 [3]:362
[0]:6083135 [1]:213134 [2]:119 [3]:70
[0]:6282546 [1]:235710 [2]:119 [3]:348
[0]:6510697 [1]:261523 [2]:119 [3]:54
[0]:6704236 [1]:283276 [2]:119 [3]:367
[0]:6893653 [1]:304629 [2]:119 [3]:354
[0]:7091207 [1]:326834 [2]:119 [3]:60
[0]:7316181 [1]:352219 [2]:119 [3]:366
[0]:7514582 [1]:374579 [2]:119 [3]:63
[0]:7718385 [1]:397534 [2]:119 [3]:61
[0]:7922966 [1]:420597 [2]:119 [3]:55
[0]:8125384 [1]:443293 [2]:119 [3]:65
[0]:8325159 [1]:465754 [2]:119 [3]:66
[0]:8522359 [1]:488081 [2]:119 [3]:72
[0]:8769052 [1]:515880 [2]:119 [3]:352
[0]:8963699 [1]:537861 [2]:119 [3]:70
[0]:9156143 [1]:559722 [2]:119 [3]:73
[0]:9351580 [1]:581793 [2]:119 [3]:357
[0]:9546953 [1]:603909 [2]:119 [3]:74
[0]:9746193 [1]:626464 [2]:119 [3]:357
[0]:9942704 [1]:648750 [2]:119 [3]:77
[0]:10135838 [1]:670512 [2]:119 [3]:64
[0]:10358785 [1]:695588 [2]:114 [3]:83
[0]:10549393 [1]:717059 [2]:114 [3]:64
[0]:10762555 [1]:741260 [2]:114 [3]:72
[0]:10961065 [1]:763626 [2]:114 [3]:70
[0]:11172516 [1]:787619 [2]:114 [3]:63
[0]:11403927 [1]:813647 [2]:114 [3]:362
[0]:11599852 [1]:835691 [2]:114 [3]:376
[0]:11797155 [1]:858026 [2]:114 [3]:57
[0]:11991949 [1]:880053 [2]:114 [3]:371
[0]:12183809 [1]:901757 [2]:114 [3]:52
[0]:12408284 [1]:927132 [2]:114 [3]:61
[0]:12616785 [1]:950640 [2]:114 [3]:57
[0]:12831565 [1]:974901 [2]:114 [3]:65
[0]:13025973 [1]:996872 [2]:114 [3]:74
[0]:13220640 [1]:1018807 [2]:114 [3]:65
[0]:13422153 [1]:1041572 [2]:114 [3]:68
[0]:13625234 [1]:1064563 [2]:114 [3]:71
[0]:13826793 [1]:1087612 [2]:114 [3]:372
[0]:14018263 [1]:1109196 [2]:114 [3]:368
[0]:14231405 [1]:1133259 [2]:114 [3]:69
[0]:14419757 [1]:1154529 [2]:114 [3]:348
[0]:14612934 [1]:1176308 [2]:114 [3]:359
[0]:14807761 [1]:1198485 [2]:114 [3]:362
[0]:15009603 [1]:1221221 [2]:114 [3]:369
[0]:15207964 [1]:1243808 [2]:114 [3]:380
[0]:15411810 [1]:1266919 [2]:114 [3]:61
[0]:15608680 [1]:1289135 [2]:114 [3]:70
[0]:15804585 [1]:1311230 [2]:114 [3]:369
[0]:16009407 [1]:1334322 [2]:114 [3]:67
[0]:16207718 [1]:1356731 [2]:114 [3]:366
[0]:16408498 [1]:1379515 [2]:109 [3]:365
[0]:16615611 [1]:1402833 [2]:109 [3]:361
[0]:16810499 [1]:1424773 [2]:109 [3]:69
[0]:17006661 [1]:1446975 [2]:109 [3]:65
[0]:17215114 [1]:1470480 [2]:109 [3]:59
[0]:17413619 [1]:1492792 [2]:109 [3]:350
[0]:17608531 [1]:1514659 [2]:109 [3]:72
[0]:17799222 [1]:1536277 [2]:109 [3]:357
[0]:17991802 [1]:1558205 [2]:109 [3]:366
[0]:18188404 [1]:1580330 [2]:109 [3]:363
[0]:18398484 [1]:1603922 [2]:109 [3]:67
[0]:18590006 [1]:1625533 [2]:109 [3]:372
[0]:18783832 [1]:1647395 [2]:109 [3]:360
[0]:18980223 [1]:1669685 [2]:109 [3]:65
[0]:19180723 [1]:1692241 [2]:109 [3]:63
[0]:19403530 [1]:1717370 [2]:109 [3]:362
[0]:19611582 [1]:1740788 [2]:109 [3]:67
[0]:19817720 [1]:1763990 [2]:109 [3]:63
[0]:20027449 [1]:1787617 [2]:109 [3]:66
[0]:20225811 [1]:1810071 [2]:109 [3]:64
[0]:20419795 [1]:1831949 [2]:109 [3]:69
[0]:20622707 [1]:1854849 [2]:109 [3]:60
[0]:20817460 [1]:1876719 [2]:109 [3]:70
[0]:21019673 [1]:1899564 [2]:109 [3]:363
[0]:21211052 [1]:1921174 [2]:109 [3]:61
[0]:21405353 [1]:1943171 [2]:109 [3]:354
[0]:21596268 [1]:1964691 [2]:109 [3]:69
[0]:21790587 [1]:1986736 [2]:109 [3]:72
[0]:21996634 [1]:2010039 [2]:109 [3]:71
[0]:22191382 [1]:2032026 [2]:109 [3]:59
[0]:22391852 [1]:2054714 [2]:109 [3]:65
[0]:22592028 [1]:2077253 [2]:105 [3]:63
[0]:22794395 [1]:2100101 [2]:105 [3]:361
[0]:23037666 [1]:2127642 [2]:105 [3]:351
[0]:23236573 [1]:2150094 [2]:105 [3]:361
[0]:23437462 [1]:2172680 [2]:105 [3]:40
[0]:23639973 [1]:2195471 [2]:105 [3]:349
[0]:23848423 [1]:2219151 [2]:105 [3]:370
[0]:24044581 [1]:2241265 [2]:105 [3]:363
[0]:24250548 [1]:2264473 [2]:105 [3]:82
[0]:24450069 [1]:2286988 [2]:105 [3]:66
[0]:24644043 [1]:2308802 [2]:105 [3]:69
[0]:24838568 [1]:2330873 [2]:105 [3]:366
[0]:25040659 [1]:2353738 [2]:105 [3]:365
[0]:25239236 [1]:2376077 [2]:105 [3]:361
[0]:25433636 [1]:2398116 [2]:105 [3]:65
[0]:25658674 [1]:2423556 [2]:105 [3]:363
[0]:25849425 [1]:2445073 [2]:105 [3]:360
[0]:26043676 [1]:2466877 [2]:105 [3]:362
[0]:26240889 [1]:2489038 [2]:105 [3]:53
[0]:26435247 [1]:2511105 [2]:105 [3]:359
[0]:26635632 [1]:2533774 [2]:105 [3]:370
[0]:26830677 [1]:2555706 [2]:105 [3]:72
[0]:27025340 [1]:2577706 [2]:105 [3]:63
[0]:27231247 [1]:2600803 [2]:105 [3]:61
[0]:27430080 [1]:2623205 [2]:105 [3]:372
[0]:27631942 [1]:2646170 [2]:105 [3]:67
[0]:27823085 [1]:2667632 [2]:105 [3]:52
[0]:28025019 [1]:2690548 [2]:105 [3]:359
[0]:28219363 [1]:2712327 [2]:105 [3]:66
[0]:28439493 [1]:2737409 [2]:105 [3]:367
[0]:28637661 [1]:2759868 [2]:101 [3]:66
[0]:28855782 [1]:2784604 [2]:101 [3]:73
[0]:29050577 [1]:2806608 [2]:101 [3]:367
[0]:29260043 [1]:2830343 [2]:101 [3]:373
[0]:29487522 [1]:2856179 [2]:101 [3]:359
[0]:29694176 [1]:2879454 [2]:101 [3]:359
[0]:29899889 [1]:2902727 [2]:101 [3]:66
[0]:30098806 [1]:2925086 [2]:101 [3]:60
[0]:30333022 [1]:2951460 [2]:101 [3]:350
[0]:30544358 [1]:2975452 [2]:101 [3]:56
[0]:30761584 [1]:2999817 [2]:101 [3]:90
[0]:30959953 [1]:3022392 [2]:101 [3]:61
[0]:31161981 [1]:3045290 [2]:101 [3]:63
[0]:31357394 [1]:3067417 [2]:101 [3]:65
[0]:31569600 [1]:3091432 [2]:101 [3]:59
[0]:31783260 [1]:3115538 [2]:101 [3]:75
[0]:31977641 [1]:3137486 [2]:101 [3]:59
[0]:32191057 [1]:3161627 [2]:101 [3]:368
[0]:32389680 [1]:3184246 [2]:101 [3]:355
[0]:32591760 [1]:3207032 [2]:101 [3]:365
[0]:32786508 [1]:3229095 [2]:101 [3]:360
[0]:32988713 [1]:3251878 [2]:101 [3]:58
[0]:33230970 [1]:3279236 [2]:101 [3]:61
[0]:33426910 [1]:3301335 [2]:101 [3]:53
[0]:33621766 [1]:3323371 [2]:101 [3]:58
[0]:33830991 [1]:3347126 [2]:101 [3]:366
[0]:34028511 [1]:3369408 [2]:101 [3]:66
[0]:34224264 [1]:3391335 [2]:101 [3]:355
[0]:34422874 [1]:3413629 [2]:101 [3]:55
[0]:34632778 [1]:3437303 [2]:101 [3]:67
[0]:34827331 [1]:3459238 [2]:97 [3]:67
[0]:35029561 [1]:3482080 [2]:97 [3]:64
[0]:35220474 [1]:3503725 [2]:97 [3]:370
[0]:35411201 [1]:3525309 [2]:97 [3]:69
[0]:35607945 [1]:3547514 [2]:97 [3]:365
[0]:35860637 [1]:3576041 [2]:97 [3]:69
[0]:36055273 [1]:3598124 [2]:97 [3]:58
[0]:36260980 [1]:3621151 [2]:97 [3]:57
[0]:36458068 [1]:3643434 [2]:97 [3]:65
[0]:36646122 [1]:3664662 [2]:97 [3]:52
[0]:36834341 [1]:3685866 [2]:97 [3]:63
[0]:37032722 [1]:3708228 [2]:97 [3]:73
[0]:37227499 [1]:3730171 [2]:97 [3]:368
[0]:37438478 [1]:3754076 [2]:97 [3]:357
[0]:37634873 [1]:3776162 [2]:97 [3]:70
[0]:37830071 [1]:3798143 [2]:97 [3]:367
[0]:38043616 [1]:3822369 [2]:97 [3]:369
[0]:38241629 [1]:3844764 [2]:97 [3]:362
[0]:38436801 [1]:3866777 [2]:97 [3]:67
[0]:38632502 [1]:3888851 [2]:97 [3]:70
[0]:38829631 [1]:3911286 [2]:97 [3]:372
[0]:39035472 [1]:3934535 [2]:97 [3]:72
[0]:39237831 [1]:3957453 [2]:97 [3]:64
