[0]:168251789 [1]:30147288 [2]:150 [3]:362
[0]:168467602 [1]:30179371 [2]:150 [3]:80
[0]:168747269 [1]:30220974 [2]:150 [3]:361
[0]:168956201 [1]:30252017 [2]:150 [3]:371
[0]:169184869 [1]:30285882 [2]:150 [3]:366
[0]:169397654 [1]:30317437 [2]:150 [3]:362
[0]:169602867 [1]:30347814 [2]:150 [3]:359
[0]:169808801 [1]:30378317 [2]:150 [3]:371
[0]:170018068 [1]:30409377 [2]:150 [3]:361
[0]:170233299 [1]:30441195 [2]:150 [3]:357
[0]:170441962 [1]:30472219 [2]:150 [3]:77
[0]:170658821 [1]:30504341 [2]:150 [3]:364
[0]:170867720 [1]:30535411 [2]:150 [3]:366
[0]:171078779 [1]:30566674 [2]:150 [3]:74
[0]:171289477 [1]:30597917 [2]:149 [3]:359
[0]:171498301 [1]:30628871 [2]:149 [3]:362
[0]:171722358 [1]:30662184 [2]:149 [3]:359
[0]:171931806 [1]:30693230 [2]:149 [3]:360
[0]:172136631 [1]:30723814 [2]:149 [3]:367
[0]:172353320 [1]:30755922 [2]:149 [3]:362
[0]:172554231 [1]:30785851 [2]:149 [3]:361
[0]:172759194 [1]:30816310 [2]:149 [3]:365
[0]:172991675 [1]:30850843 [2]:149 [3]:364
[0]:173192592 [1]:30880648 [2]:149 [3]:370
[0]:173397535 [1]:30911116 [2]:149 [3]:366
[0]:173606325 [1]:30942048 [2]:149 [3]:84
[0]:173811184 [1]:30972466 [2]:149 [3]:368
[0]:174020090 [1]:31003528 [2]:149 [3]:369
[0]:174221164 [1]:31033313 [2]:149 [3]:79
[0]:174430122 [1]:31064265 [2]:149 [3]:359
[0]:174638929 [1]:31095229 [2]:149 [3]:83
[0]:174851075 [1]:31126686 [2]:149 [3]:364
[0]:175059243 [1]:31157546 [2]:149 [3]:366
[0]:175265521 [1]:31188151 [2]:149 [3]:367
[0]:175482264 [1]:31220386 [2]:149 [3]:364
[0]:175694721 [1]:31251860 [2]:149 [3]:364
[0]:175903914 [1]:31282881 [2]:149 [3]:364
[0]:176112875 [1]:31313838 [2]:149 [3]:364
[0]:176340898 [1]:31347742 [2]:149 [3]:372
[0]:176546012 [1]:31378382 [2]:149 [3]:358
[0]:176755013 [1]:31409398 [2]:149 [3]:370
[0]:176962676 [1]:31440245 [2]:149 [3]:362
[0]:177218402 [1]:31478184 [2]:149 [3]:361
[0]:177424645 [1]:31508693 [2]:149 [3]:361
[0]:177688119 [1]:31547805 [2]:149 [3]:77
[0]:177888486 [1]:31577612 [2]:149 [3]:368
[0]:178087056 [1]:31607025 [2]:149 [3]:358
[0]:178295958 [1]:31638008 [2]:149 [3]:361
[0]:178512674 [1]:31670186 [2]:149 [3]:365
[0]:178721521 [1]:31701161 [2]:149 [3]:367
[0]:178922578 [1]:31730947 [2]:149 [3]:362
[0]:179131404 [1]:31761831 [2]:149 [3]:353
[0]:179332524 [1]:31791612 [2]:149 [3]:362
[0]:179568940 [1]:31826685 [2]:149 [3]:80
[0]:179788162 [1]:31859129 [2]:149 [3]:360
[0]:180002507 [1]:31890833 [2]:149 [3]:377
[0]:180211447 [1]:31921772 [2]:149 [3]:366
[0]:180418167 [1]:31952388 [2]:149 [3]:366
[0]:180628785 [1]:31983615 [2]:149 [3]:364
[0]:180849891 [1]:32016388 [2]:149 [3]:358
[0]:181062769 [1]:32047926 [2]:149 [3]:368
[0]:181261721 [1]:32077513 [2]:149 [3]:360
[0]:181484497 [1]:32110524 [2]:149 [3]:364
[0]:181697121 [1]:32142177 [2]:149 [3]:367
[0]:181902043 [1]:32172637 [2]:149 [3]:364
[0]:182107138 [1]:32202951 [2]:149 [3]:360
[0]:182343241 [1]:32237939 [2]:149 [3]:365
[0]:182541636 [1]:32267370 [2]:149 [3]:358
[0]:182745492 [1]:32297573 [2]:149 [3]:73
[0]:182960772 [1]:32329432 [2]:149 [3]:81
[0]:183173787 [1]:32361039 [2]:149 [3]:363
[0]:183394018 [1]:32393707 [2]:149 [3]:73
[0]:183602254 [1]:32424652 [2]:149 [3]:359
[0]:183809022 [1]:32455291 [2]:149 [3]:362
