[0]:142924035 [1]:20169351 [2]:107 [3]:362
[0]:143128496 [1]:20191947 [2]:107 [3]:367
[0]:143329850 [1]:20214224 [2]:107 [3]:356
[0]:143546700 [1]:20238421 [2]:107 [3]:368
[0]:143826756 [1]:20269207 [2]:107 [3]:365
[0]:144024914 [1]:20291290 [2]:107 [3]:368
[0]:144232599 [1]:20314366 [2]:107 [3]:106
[0]:144484763 [1]:20342262 [2]:107 [3]:365
[0]:144686130 [1]:20364389 [2]:107 [3]:358
[0]:144894916 [1]:20387639 [2]:107 [3]:366
[0]:145115774 [1]:20411945 [2]:107 [3]:375
[0]:145321030 [1]:20434478 [2]:107 [3]:93
[0]:145526696 [1]:20457567 [2]:107 [3]:88
[0]:145753893 [1]:20482760 [2]:107 [3]:367
[0]:145958580 [1]:20505370 [2]:107 [3]:371
[0]:146179193 [1]:20529691 [2]:107 [3]:361
[0]:146378915 [1]:20551698 [2]:107 [3]:355
[0]:146583544 [1]:20574322 [2]:107 [3]:80
[0]:146791415 [1]:20597186 [2]:107 [3]:364
[0]:146999830 [1]:20620395 [2]:107 [3]:372
[0]:147211933 [1]:20643948 [2]:107 [3]:366
[0]:147476148 [1]:20673394 [2]:107 [3]:372
[0]:147671270 [1]:20695201 [2]:107 [3]:362
[0]:147871069 [1]:20717211 [2]:107 [3]:73
[0]:148099737 [1]:20742453 [2]:107 [3]:367
[0]:148324664 [1]:20767255 [2]:107 [3]:364
[0]:148524321 [1]:20789822 [2]:107 [3]:86
[0]:148730046 [1]:20812629 [2]:107 [3]:372
[0]:148942972 [1]:20836128 [2]:107 [3]:84
[0]:149140325 [1]:20857820 [2]:107 [3]:374
[0]:149353170 [1]:20881332 [2]:107 [3]:76
[0]:149565959 [1]:20904926 [2]:107 [3]:382
[0]:149770245 [1]:20927659 [2]:107 [3]:95
[0]:150030606 [1]:20956463 [2]:107 [3]:356
[0]:150251548 [1]:20981190 [2]:107 [3]:361
[0]:150456787 [1]:21003915 [2]:107 [3]:80
[0]:150665559 [1]:21026930 [2]:107 [3]:372
[0]:150869830 [1]:21049619 [2]:107 [3]:359
[0]:151079024 [1]:21072894 [2]:107 [3]:367
[0]:151288463 [1]:21095993 [2]:107 [3]:73
[0]:151501088 [1]:21119640 [2]:107 [3]:76
[0]:151770060 [1]:21149512 [2]:107 [3]:369
[0]:151970270 [1]:21171536 [2]:107 [3]:91
[0]:152187223 [1]:21195378 [2]:107 [3]:365
[0]:152396065 [1]:21218335 [2]:107 [3]:86
[0]:152628581 [1]:21243873 [2]:107 [3]:81
[0]:152833876 [1]:21266542 [2]:107 [3]:83
[0]:153042954 [1]:21289635 [2]:107 [3]:73
[0]:153256083 [1]:21312922 [2]:107 [3]:366
[0]:153457622 [1]:21335632 [2]:107 [3]:81
[0]:153669028 [1]:21359013 [2]:107 [3]:362
[0]:153892924 [1]:21383845 [2]:107 [3]:363
[0]:154099361 [1]:21406711 [2]:107 [3]:363
[0]:154304395 [1]:21429337 [2]:107 [3]:370
[0]:154516332 [1]:21452772 [2]:107 [3]:360
[0]:154723791 [1]:21475523 [2]:107 [3]:355
[0]:154934713 [1]:21498758 [2]:107 [3]:83
[0]:155147653 [1]:21522204 [2]:107 [3]:98
[0]:155345384 [1]:21544084 [2]:107 [3]:373
[0]:155558046 [1]:21567776 [2]:107 [3]:379
[0]:155764199 [1]:21590517 [2]:107 [3]:358
[0]:155968548 [1]:21613110 [2]:107 [3]:368
[0]:156177091 [1]:21635996 [2]:107 [3]:81
[0]:156378327 [1]:21658305 [2]:107 [3]:360
[0]:156586145 [1]:21681344 [2]:107 [3]:362
[0]:156784129 [1]:21703367 [2]:107 [3]:352
[0]:156989260 [1]:21725970 [2]:107 [3]:364
[0]:157251582 [1]:21754814 [2]:107 [3]:354
[0]:157452389 [1]:21776908 [2]:107 [3]:365
[0]:157671557 [1]:21801074 [2]:107 [3]:365
[0]:157879906 [1]:21824161 [2]:107 [3]:364
[0]:158078540 [1]:21845913 [2]:107 [3]:83
[0]:158290342 [1]:21869228 [2]:107 [3]:77
[0]:158534584 [1]:21896451 [2]:107 [3]:364
[0]:158751599 [1]:21920347 [2]:107 [3]:361
[0]:158958913 [1]:21943404 [2]:107 [3]:91
[0]:159173462 [1]:21967084 [2]:107 [3]:89
[0]:159372384 [1]:21989246 [2]:107 [3]:362
[0]:159590654 [1]:22013597 [2]:107 [3]:357
[0]:159796018 [1]:22036444 [2]:107 [3]:80
[0]:159996782 [1]:22058731 [2]:107 [3]:95
[0]:160203883 [1]:22081609 [2]:107 [3]:363
[0]:160406849 [1]:22104155 [2]:107 [3]:357
[0]:160612256 [1]:22127051 [2]:107 [3]:98
[0]:160827628 [1]:22150894 [2]:107 [3]:350
[0]:161041354 [1]:22174507 [2]:107 [3]:359
[0]:161250322 [1]:22197618 [2]:107 [3]:362
[0]:161474957 [1]:22222356 [2]:107 [3]:371
[0]:161678629 [1]:22244965 [2]:107 [3]:83
[0]:161873285 [1]:22266495 [2]:107 [3]:83
[0]:162086150 [1]:22289780 [2]:107 [3]:98
[0]:162297564 [1]:22313450 [2]:107 [3]:356
[0]:162496379 [1]:22335712 [2]:107 [3]:75
[0]:162710135 [1]:22359439 [2]:107 [3]:94
[0]:162918829 [1]:22382418 [2]:107 [3]:368
[0]:163140361 [1]:22406710 [2]:107 [3]:363
[0]:163347187 [1]:22429996 [2]:107 [3]:372
[0]:163567897 [1]:22454512 [2]:107 [3]:88
[0]:163776885 [1]:22477508 [2]:107 [3]:76
[0]:163997753 [1]:22501797 [2]:107 [3]:375
[0]:164206812 [1]:22524768 [2]:107 [3]:362
[0]:164423288 [1]:22548853 [2]:107 [3]:366
[0]:164632552 [1]:22571895 [2]:107 [3]:369
[0]:164838908 [1]:22594594 [2]:107 [3]:367
[0]:165042709 [1]:22617129 [2]:107 [3]:78
[0]:165255560 [1]:22640432 [2]:107 [3]:77
[0]:165480419 [1]:22665155 [2]:107 [3]:84
[0]:165689291 [1]:22688646 [2]:107 [3]:82
[0]:165883720 [1]:22710292 [2]:107 [3]:360
[0]:166087318 [1]:22732795 [2]:107 [3]:359
[0]:166306090 [1]:22756635 [2]:107 [3]:370
[0]:166520525 [1]:22780372 [2]:107 [3]:85
[0]:166744962 [1]:22805242 [2]:107 [3]:91
[0]:166974574 [1]:22830592 [2]:107 [3]:75
[0]:167210464 [1]:22856583 [2]:107 [3]:82
[0]:167412304 [1]:22878819 [2]:107 [3]:357
[0]:167621237 [1]:22901940 [2]:107 [3]:84
[0]:167836188 [1]:22925737 [2]:107 [3]:95
[0]:168038410 [1]:22948087 [2]:107 [3]:358
[0]:168248110 [1]:22971172 [2]:107 [3]:78
[0]:168453342 [1]:22993934 [2]:107 [3]:85
[0]:168665764 [1]:23017650 [2]:107 [3]:362
[0]:168874744 [1]:23040702 [2]:107 [3]:369
[0]:169129586 [1]:23068760 [2]:107 [3]:362
[0]:169336044 [1]:23091601 [2]:107 [3]:86
[0]:169547052 [1]:23114858 [2]:107 [3]:94
[0]:169740842 [1]:23136196 [2]:107 [3]:369
[0]:169947257 [1]:23159206 [2]:107 [3]:363
[0]:170157010 [1]:23182279 [2]:107 [3]:360
[0]:170360734 [1]:23204648 [2]:107 [3]:81
[0]:170606305 [1]:23231776 [2]:107 [3]:361
[0]:170810778 [1]:23254440 [2]:107 [3]:369
[0]:171007935 [1]:23276305 [2]:107 [3]:86
[0]:171216373 [1]:23299328 [2]:107 [3]:89
[0]:171461340 [1]:23326224 [2]:107 [3]:358
[0]:171662387 [1]:23348550 [2]:107 [3]:366
[0]:171879238 [1]:23372429 [2]:107 [3]:82
[0]:172088138 [1]:23395464 [2]:107 [3]:370
