[0]:172293004 [1]:23418099 [2]:107 [3]:371
[0]:172504506 [1]:23451853 [2]:107 [3]:358
[0]:172724671 [1]:23489702 [2]:107 [3]:83
[0]:172930904 [1]:23525395 [2]:107 [3]:66
[0]:173134275 [1]:23560448 [2]:107 [3]:360
[0]:173328762 [1]:23593881 [2]:107 [3]:361
[0]:173523000 [1]:23627326 [2]:107 [3]:357
[0]:173718588 [1]:23660906 [2]:107 [3]:55
[0]:173930277 [1]:23697249 [2]:107 [3]:363
[0]:174125971 [1]:23730773 [2]:107 [3]:368
[0]:174328889 [1]:23765719 [2]:107 [3]:372
[0]:174520577 [1]:23798570 [2]:107 [3]:362
[0]:174719940 [1]:23832859 [2]:107 [3]:361
[0]:174914141 [1]:23866080 [2]:107 [3]:54
[0]:175138316 [1]:23904589 [2]:107 [3]:361
[0]:175341992 [1]:23939616 [2]:107 [3]:71
[0]:175534505 [1]:23972740 [2]:107 [3]:368
[0]:175736364 [1]:24007349 [2]:107 [3]:361
[0]:175930553 [1]:24040756 [2]:107 [3]:360
[0]:176148545 [1]:24078192 [2]:107 [3]:366
[0]:176344675 [1]:24111999 [2]:107 [3]:357
[0]:176537828 [1]:24145171 [2]:107 [3]:373
[0]:176759882 [1]:24183299 [2]:107 [3]:67
[0]:176984146 [1]:24221822 [2]:107 [3]:363
[0]:177178488 [1]:24255189 [2]:107 [3]:367
[0]:177413599 [1]:24295573 [2]:107 [3]:363
[0]:177621009 [1]:24331356 [2]:107 [3]:356
[0]:177809073 [1]:24363695 [2]:107 [3]:347
[0]:178007698 [1]:24397894 [2]:107 [3]:366
[0]:178202104 [1]:24431309 [2]:107 [3]:364
[0]:178403112 [1]:24465744 [2]:107 [3]:367
[0]:178602808 [1]:24499970 [2]:107 [3]:346
[0]:178800047 [1]:24533973 [2]:107 [3]:363
[0]:179005016 [1]:24569131 [2]:107 [3]:360
[0]:179210888 [1]:24604458 [2]:107 [3]:368
[0]:179397668 [1]:24636564 [2]:107 [3]:363
[0]:179595752 [1]:24670520 [2]:107 [3]:63
[0]:179787641 [1]:24703612 [2]:107 [3]:68
[0]:180027966 [1]:24744861 [2]:107 [3]:357
[0]:180215904 [1]:24777097 [2]:107 [3]:359
[0]:180410104 [1]:24810382 [2]:107 [3]:59
[0]:180602596 [1]:24843701 [2]:107 [3]:369
[0]:180796198 [1]:24877064 [2]:107 [3]:63
[0]:180988107 [1]:24910083 [2]:107 [3]:368
[0]:181179617 [1]:24943038 [2]:107 [3]:74
[0]:181375781 [1]:24976795 [2]:107 [3]:363
[0]:181572041 [1]:25010406 [2]:107 [3]:357
[0]:181781049 [1]:25046384 [2]:107 [3]:364
[0]:181982863 [1]:25081012 [2]:107 [3]:64
[0]:182217577 [1]:25121328 [2]:107 [3]:286
[0]:182412234 [1]:25154909 [2]:107 [3]:359
[0]:182605156 [1]:25188062 [2]:107 [3]:72
[0]:182801239 [1]:25221608 [2]:107 [3]:365
[0]:183001977 [1]:25256060 [2]:107 [3]:362
[0]:183197264 [1]:25289493 [2]:107 [3]:362
[0]:183395064 [1]:25323414 [2]:107 [3]:61
[0]:183593082 [1]:25357730 [2]:107 [3]:64
[0]:183794395 [1]:25392504 [2]:107 [3]:358
[0]:183990861 [1]:25426194 [2]:107 [3]:357
[0]:184177898 [1]:25458338 [2]:107 [3]:64
[0]:184377339 [1]:25492660 [2]:107 [3]:65
[0]:184573209 [1]:25526305 [2]:107 [3]:56
[0]:184761890 [1]:25558701 [2]:107 [3]:360
[0]:184955252 [1]:25592040 [2]:107 [3]:67
[0]:185147204 [1]:25625015 [2]:107 [3]:63
[0]:185345171 [1]:25659097 [2]:107 [3]:362
[0]:185547082 [1]:25693632 [2]:107 [3]:363
[0]:185744874 [1]:25727555 [2]:107 [3]:361
[0]:185940633 [1]:25761299 [2]:107 [3]:360
[0]:186143132 [1]:25796001 [2]:107 [3]:357
[0]:186353867 [1]:25832401 [2]:107 [3]:59
[0]:186552107 [1]:25866516 [2]:107 [3]:363
[0]:186764721 [1]:25903265 [2]:107 [3]:364
[0]:186962768 [1]:25937311 [2]:107 [3]:52
[0]:187160600 [1]:25971397 [2]:107 [3]:356
[0]:187350864 [1]:26004087 [2]:107 [3]:356
[0]:187537825 [1]:26036292 [2]:107 [3]:362
[0]:187737339 [1]:26070599 [2]:107 [3]:361
[0]:187946566 [1]:26106652 [2]:107 [3]:363
[0]:188139238 [1]:26139903 [2]:107 [3]:58
[0]:188329071 [1]:26172716 [2]:107 [3]:358
[0]:188526378 [1]:26206601 [2]:107 [3]:364
[0]:188725524 [1]:26240842 [2]:107 [3]:60
[0]:188920092 [1]:26274193 [2]:107 [3]:62
[0]:189173941 [1]:26317773 [2]:107 [3]:361
[0]:189364493 [1]:26350686 [2]:107 [3]:364
[0]:189559076 [1]:26384150 [2]:107 [3]:359
[0]:189764278 [1]:26419336 [2]:107 [3]:359
[0]:189954949 [1]:26451991 [2]:107 [3]:61
[0]:190152932 [1]:26486009 [2]:107 [3]:360
[0]:190346922 [1]:26519480 [2]:107 [3]:364
[0]:190548892 [1]:26554095 [2]:107 [3]:356
[0]:190769128 [1]:26591947 [2]:107 [3]:355
[0]:190960772 [1]:26625028 [2]:107 [3]:79
[0]:191157743 [1]:26658817 [2]:107 [3]:56
[0]:191374152 [1]:26695878 [2]:107 [3]:358
[0]:191572734 [1]:26730001 [2]:107 [3]:364
[0]:191770646 [1]:26763986 [2]:107 [3]:367
[0]:191965045 [1]:26797351 [2]:107 [3]:359
[0]:192155446 [1]:26829973 [2]:107 [3]:371
[0]:192349809 [1]:26863384 [2]:107 [3]:365
[0]:192548723 [1]:26897481 [2]:107 [3]:354
[0]:192751856 [1]:26932536 [2]:107 [3]:367
[0]:192943816 [1]:26965501 [2]:107 [3]:65
[0]:193134677 [1]:26998267 [2]:107 [3]:357
[0]:193325060 [1]:27030943 [2]:107 [3]:56
[0]:193538174 [1]:27067524 [2]:107 [3]:361
[0]:193735615 [1]:27101418 [2]:107 [3]:361
[0]:193934160 [1]:27135549 [2]:107 [3]:354
[0]:194132016 [1]:27169537 [2]:107 [3]:363
[0]:194333594 [1]:27204244 [2]:107 [3]:358
[0]:194526612 [1]:27237456 [2]:107 [3]:361
[0]:194726911 [1]:27271925 [2]:107 [3]:364
[0]:194923804 [1]:27306045 [2]:107 [3]:76
[0]:195129270 [1]:27341465 [2]:107 [3]:365
[0]:195334485 [1]:27376649 [2]:107 [3]:71
[0]:195532655 [1]:27410584 [2]:107 [3]:367
[0]:195734768 [1]:27445432 [2]:107 [3]:366
[0]:195928710 [1]:27478818 [2]:107 [3]:73
[0]:196119380 [1]:27511532 [2]:107 [3]:363
[0]:196321346 [1]:27546140 [2]:107 [3]:363
[0]:196525927 [1]:27581322 [2]:107 [3]:66
[0]:196750878 [1]:27619884 [2]:107 [3]:359
[0]:196948992 [1]:27653898 [2]:107 [3]:62
[0]:197146852 [1]:27687899 [2]:107 [3]:352
[0]:197376958 [1]:27727466 [2]:107 [3]:355
[0]:197561654 [1]:27759203 [2]:107 [3]:365
[0]:197763776 [1]:27793970 [2]:107 [3]:361
[0]:198013405 [1]:27836976 [2]:107 [3]:368
[0]:198204101 [1]:27869694 [2]:107 [3]:359
[0]:198402105 [1]:27903862 [2]:107 [3]:360
[0]:198596236 [1]:27937404 [2]:107 [3]:54
[0]:198793572 [1]:27971266 [2]:107 [3]:365
[0]:198988622 [1]:28004735 [2]:107 [3]:356
[0]:199180690 [1]:28037667 [2]:107 [3]:58
[0]:199368279 [1]:28069907 [2]:107 [3]:56
[0]:199564147 [1]:28103459 [2]:107 [3]:368
[0]:199758329 [1]:28136810 [2]:107 [3]:358
[0]:199949434 [1]:28169607 [2]:107 [3]:363
[0]:200147266 [1]:28203652 [2]:107 [3]:363
[0]:200344948 [1]:28237612 [2]:107 [3]:353
[0]:200550490 [1]:28272892 [2]:107 [3]:55
[0]:200752351 [1]:28307544 [2]:107 [3]:358
[0]:200808653 [1]:28317317 [2]:107 [3]:365
[0]:200808653 [1]:28317317 [2]:107 [3]:365
[0]:200808653 [1]:28317317 [2]:107 [3]:365
[0]:200808653 [1]:28317317 [2]:107 [3]:365
[0]:200808653 [1]:28317317 [2]:107 [3]:365
[0]:200808653 [1]:28317317 [2]:107 [3]:365
[0]:200808653 [1]:28317317 [2]:107 [3]:365
[0]:200808653 [1]:28317317 [2]:107 [3]:365
[0]:200808653 [1]:28317317 [2]:107 [3]:365
[0]:200808653 [1]:28317317 [2]:107 [3]:365
[0]:200808653 [1]:28317317 [2]:107 [3]:365
[0]:200808653 [1]:28317317 [2]:107 [3]:365
