[0]:0 [1]:0 [2]:0 [3]:0
[0]:0 [1]:0 [2]:0 [3]:0
[0]:212788 [1]:0 [2]:0 [3]:79
[0]:440578 [1]:0 [2]:0 [3]:315
[0]:694904 [1]:0 [2]:0 [3]:320
[0]:923765 [1]:0 [2]:0 [3]:60
[0]:1137664 [1]:10099 [2]:120 [3]:359
[0]:1332302 [1]:32094 [2]:120 [3]:357
[0]:1557032 [1]:57429 [2]:120 [3]:354
[0]:1751602 [1]:79468 [2]:120 [3]:64
[0]:1970581 [1]:104135 [2]:120 [3]:54
[0]:2166197 [1]:126026 [2]:120 [3]:60
[0]:2383408 [1]:150373 [2]:120 [3]:362
[0]:2583591 [1]:172826 [2]:93 [3]:355
[0]:2791163 [1]:196229 [2]:93 [3]:57
[0]:2988025 [1]:218407 [2]:93 [3]:52
[0]:3182903 [1]:240331 [2]:93 [3]:358
[0]:3373881 [1]:261864 [2]:93 [3]:55
[0]:3602166 [1]:287704 [2]:93 [3]:87
[0]:3800758 [1]:309932 [2]:93 [3]:60
[0]:4002912 [1]:332701 [2]:93 [3]:55
[0]:4218514 [1]:357005 [2]:82 [3]:67
[0]:4422460 [1]:380094 [2]:82 [3]:374
[0]:4616535 [1]:402043 [2]:82 [3]:364
[0]:4811775 [1]:424044 [2]:82 [3]:69
[0]:5008579 [1]:446209 [2]:82 [3]:367
[0]:5206821 [1]:468492 [2]:82 [3]:354
[0]:5407177 [1]:491206 [2]:82 [3]:53
[0]:5601913 [1]:513155 [2]:82 [3]:59
[0]:5796632 [1]:535251 [2]:77 [3]:377
[0]:5992482 [1]:557261 [2]:77 [3]:363
[0]:6189801 [1]:579595 [2]:77 [3]:63
[0]:6385920 [1]:601769 [2]:77 [3]:67
[0]:6594193 [1]:625212 [2]:77 [3]:366
[0]:6796417 [1]:648088 [2]:77 [3]:72
[0]:7019710 [1]:673413 [2]:77 [3]:361
[0]:7222885 [1]:696597 [2]:76 [3]:94
[0]:7446971 [1]:721962 [2]:76 [3]:63
[0]:7651469 [1]:745129 [2]:76 [3]:64
[0]:7851201 [1]:767818 [2]:76 [3]:366
[0]:8057444 [1]:791154 [2]:76 [3]:69
[0]:8252143 [1]:813035 [2]:76 [3]:61
[0]:8447426 [1]:834970 [2]:76 [3]:78
[0]:8646552 [1]:857530 [2]:76 [3]:57
[0]:8851131 [1]:880667 [2]:76 [3]:363
[0]:9051470 [1]:903357 [2]:76 [3]:359
[0]:9252224 [1]:926456 [2]:76 [3]:53
[0]:9464472 [1]:950474 [2]:76 [3]:75
[0]:9670542 [1]:973613 [2]:76 [3]:54
[0]:9872371 [1]:996405 [2]:76 [3]:376
[0]:10093519 [1]:1021467 [2]:76 [3]:65
[0]:10292028 [1]:1043782 [2]:75 [3]:75
[0]:10483052 [1]:1065352 [2]:75 [3]:70
[0]:10673741 [1]:1087035 [2]:75 [3]:71
[0]:10869061 [1]:1109050 [2]:75 [3]:364
[0]:11060755 [1]:1130573 [2]:75 [3]:368
[0]:11260518 [1]:1153214 [2]:75 [3]:67
[0]:11467049 [1]:1176414 [2]:75 [3]:56
[0]:11718558 [1]:1204890 [2]:75 [3]:354
[0]:11983000 [1]:1234815 [2]:75 [3]:378
[0]:12175198 [1]:1256589 [2]:75 [3]:65
[0]:12396027 [1]:1281520 [2]:75 [3]:374
[0]:12598221 [1]:1304353 [2]:75 [3]:52
[0]:12800099 [1]:1327108 [2]:75 [3]:361
[0]:13023847 [1]:1352187 [2]:75 [3]:371
[0]:13224035 [1]:1374716 [2]:75 [3]:71
[0]:13444853 [1]:1399521 [2]:76 [3]:365
[0]:13643073 [1]:1421907 [2]:76 [3]:63
[0]:13856791 [1]:1445984 [2]:76 [3]:359
[0]:14048551 [1]:1467600 [2]:76 [3]:60
[0]:14241060 [1]:1489377 [2]:76 [3]:74
[0]:14437012 [1]:1511688 [2]:76 [3]:383
