[0]:137503958 [1]:24719042 [2]:166 [3]:72
[0]:137713182 [1]:24750033 [2]:166 [3]:357
[0]:137914181 [1]:24779795 [2]:166 [3]:364
[0]:138110832 [1]:24809122 [2]:166 [3]:364
[0]:138318611 [1]:24839996 [2]:166 [3]:372
[0]:138550608 [1]:24874434 [2]:163 [3]:358
[0]:138761344 [1]:24905732 [2]:163 [3]:369
[0]:138971566 [1]:24936848 [2]:163 [3]:85
[0]:139183050 [1]:24968205 [2]:163 [3]:359
[0]:139380104 [1]:24997460 [2]:163 [3]:352
[0]:139584950 [1]:25027997 [2]:163 [3]:367
[0]:139800212 [1]:25060055 [2]:163 [3]:363
[0]:139998652 [1]:25089463 [2]:163 [3]:369
[0]:140247019 [1]:25126241 [2]:163 [3]:367
[0]:140467627 [1]:25159004 [2]:163 [3]:76
[0]:140680257 [1]:25190798 [2]:163 [3]:366
[0]:140896994 [1]:25223078 [2]:163 [3]:366
[0]:141113627 [1]:25255286 [2]:163 [3]:79
[0]:141325933 [1]:25286759 [2]:163 [3]:364
[0]:141539251 [1]:25318417 [2]:163 [3]:362
[0]:141748275 [1]:25349408 [2]:163 [3]:365
[0]:141960312 [1]:25380835 [2]:163 [3]:368
[0]:142189547 [1]:25414921 [2]:156 [3]:364
[0]:142394582 [1]:25445324 [2]:156 [3]:366
[0]:142608372 [1]:25477131 [2]:156 [3]:80
[0]:142812133 [1]:25507390 [2]:156 [3]:364
[0]:143016902 [1]:25537686 [2]:156 [3]:365
[0]:143222042 [1]:25568103 [2]:156 [3]:367
[0]:143438768 [1]:25600336 [2]:156 [3]:365
[0]:143694974 [1]:25638275 [2]:156 [3]:76
[0]:143896149 [1]:25668036 [2]:156 [3]:355
[0]:144108661 [1]:25699660 [2]:156 [3]:363
[0]:144319047 [1]:25730986 [2]:156 [3]:365
[0]:144526413 [1]:25761811 [2]:156 [3]:365
[0]:144734244 [1]:25792675 [2]:156 [3]:73
[0]:144948161 [1]:25824282 [2]:156 [3]:363
[0]:145156444 [1]:25855125 [2]:156 [3]:77
[0]:145373688 [1]:25887326 [2]:156 [3]:363
[0]:145604846 [1]:25921642 [2]:153 [3]:364
[0]:145838458 [1]:25956350 [2]:153 [3]:361
[0]:146038144 [1]:25986034 [2]:153 [3]:361
[0]:146248478 [1]:26017282 [2]:153 [3]:364
[0]:146465278 [1]:26049418 [2]:153 [3]:361
[0]:146670103 [1]:26079761 [2]:153 [3]:366
[0]:146875041 [1]:26110057 [2]:153 [3]:361
[0]:147100198 [1]:26143537 [2]:153 [3]:359
[0]:147307963 [1]:26174306 [2]:153 [3]:365
[0]:147517484 [1]:26205386 [2]:153 [3]:367
[0]:147723499 [1]:26236003 [2]:153 [3]:359
[0]:147934186 [1]:26267228 [2]:153 [3]:77
[0]:148148235 [1]:26298962 [2]:153 [3]:360
[0]:148360802 [1]:26330511 [2]:153 [3]:365
[0]:148564321 [1]:26360645 [2]:153 [3]:362
[0]:148780360 [1]:26392614 [2]:153 [3]:366
[0]:148996092 [1]:26424673 [2]:153 [3]:366
[0]:149212123 [1]:26456899 [2]:152 [3]:365
[0]:149432907 [1]:26489597 [2]:152 [3]:366
[0]:149667552 [1]:26524359 [2]:152 [3]:367
[0]:149874120 [1]:26555015 [2]:152 [3]:374
[0]:150075279 [1]:26584913 [2]:152 [3]:366
[0]:150279883 [1]:26615309 [2]:152 [3]:78
[0]:150517950 [1]:26650652 [2]:152 [3]:80
[0]:150740057 [1]:26683527 [2]:152 [3]:366
[0]:150950166 [1]:26714735 [2]:152 [3]:76
[0]:151158326 [1]:26745736 [2]:152 [3]:366
[0]:151370455 [1]:26777156 [2]:152 [3]:359
[0]:151575698 [1]:26807672 [2]:152 [3]:359
[0]:151781521 [1]:26838178 [2]:152 [3]:71
[0]:151990466 [1]:26869226 [2]:152 [3]:368
[0]:152223936 [1]:26903960 [2]:152 [3]:361
[0]:152435633 [1]:26935417 [2]:152 [3]:360
[0]:152640766 [1]:26965767 [2]:152 [3]:355
[0]:152877188 [1]:27000810 [2]:151 [3]:369
