[0]:0 [1]:0 [2]:0 [3]:0
[0]:16498 [1]:0 [2]:0 [3]:327
[0]:238685 [1]:0 [2]:0 [3]:47
[0]:465537 [1]:0 [2]:0 [3]:322
[0]:752069 [1]:0 [2]:0 [3]:311
[0]:969651 [1]:0 [2]:0 [3]:315
[0]:1171949 [1]:13910 [2]:120 [3]:71
[0]:1373126 [1]:36539 [2]:120 [3]:66
[0]:1571335 [1]:59010 [2]:120 [3]:74
[0]:1766492 [1]:81057 [2]:120 [3]:62
[0]:1960782 [1]:103011 [2]:120 [3]:373
[0]:2153278 [1]:124729 [2]:120 [3]:64
[0]:2357793 [1]:147746 [2]:120 [3]:59
[0]:2554722 [1]:169967 [2]:120 [3]:353
[0]:2790431 [1]:196588 [2]:98 [3]:80
[0]:3026462 [1]:223338 [2]:98 [3]:73
[0]:3215126 [1]:244556 [2]:98 [3]:365
[0]:3417003 [1]:267361 [2]:98 [3]:47
[0]:3618006 [1]:290054 [2]:98 [3]:54
[0]:3821797 [1]:312992 [2]:98 [3]:366
[0]:4042746 [1]:337843 [2]:98 [3]:67
[0]:4237356 [1]:359795 [2]:87 [3]:365
[0]:4434137 [1]:382172 [2]:87 [3]:345
[0]:4637846 [1]:405113 [2]:87 [3]:50
[0]:4835577 [1]:427482 [2]:87 [3]:72
[0]:5033396 [1]:449879 [2]:87 [3]:363
[0]:5240658 [1]:473156 [2]:87 [3]:86
[0]:5453998 [1]:497274 [2]:87 [3]:359
[0]:5656260 [1]:520223 [2]:81 [3]:79
[0]:5875514 [1]:544911 [2]:81 [3]:72
[0]:6135679 [1]:574180 [2]:81 [3]:66
[0]:6325177 [1]:595472 [2]:81 [3]:77
[0]:6523378 [1]:617921 [2]:81 [3]:362
[0]:6727240 [1]:640890 [2]:81 [3]:365
[0]:6921654 [1]:662839 [2]:81 [3]:363
[0]:7140257 [1]:687446 [2]:81 [3]:361
[0]:7336928 [1]:709644 [2]:78 [3]:65
[0]:7535532 [1]:731980 [2]:78 [3]:60
[0]:7736035 [1]:754621 [2]:78 [3]:76
[0]:7930804 [1]:776575 [2]:78 [3]:62
[0]:8123850 [1]:798383 [2]:78 [3]:60
[0]:8329725 [1]:821633 [2]:78 [3]:357
[0]:8534287 [1]:844635 [2]:78 [3]:361
[0]:8732907 [1]:866965 [2]:77 [3]:78
[0]:8924629 [1]:888327 [2]:77 [3]:353
[0]:9124239 [1]:910746 [2]:77 [3]:65
[0]:9313982 [1]:932107 [2]:77 [3]:63
[0]:9515738 [1]:954857 [2]:77 [3]:364
[0]:9719763 [1]:977737 [2]:77 [3]:360
[0]:9914532 [1]:999562 [2]:77 [3]:58
[0]:10107332 [1]:1021353 [2]:77 [3]:64
[0]:10303951 [1]:1043534 [2]:76 [3]:366
[0]:10504371 [1]:1066116 [2]:76 [3]:360
[0]:10700952 [1]:1088481 [2]:76 [3]:371
[0]:10887721 [1]:1109664 [2]:76 [3]:361
[0]:11074919 [1]:1130787 [2]:76 [3]:87
[0]:11269947 [1]:1152735 [2]:76 [3]:347
[0]:11485931 [1]:1177087 [2]:76 [3]:75
[0]:11729141 [1]:1204409 [2]:76 [3]:354
[0]:11916376 [1]:1225722 [2]:76 [3]:61
[0]:12114309 [1]:1248090 [2]:76 [3]:49
[0]:12307103 [1]:1269695 [2]:76 [3]:367
[0]:12524372 [1]:1294160 [2]:76 [3]:357
[0]:12722878 [1]:1316508 [2]:76 [3]:68
[0]:12936351 [1]:1340538 [2]:76 [3]:59
[0]:13130191 [1]:1362279 [2]:76 [3]:56
[0]:13329393 [1]:1384887 [2]:76 [3]:74
[0]:13532467 [1]:1407849 [2]:76 [3]:368
[0]:13741154 [1]:1431346 [2]:76 [3]:362
[0]:13947726 [1]:1454614 [2]:76 [3]:62
[0]:14142900 [1]:1476585 [2]:76 [3]:361
[0]:14331469 [1]:1498138 [2]:76 [3]:359
[0]:14549410 [1]:1522645 [2]:76 [3]:66
[0]:14743037 [1]:1544575 [2]:76 [3]:366
[0]:14936257 [1]:1566555 [2]:76 [3]:60
[0]:15134203 [1]:1588901 [2]:76 [3]:68
[0]:15347344 [1]:1613065 [2]:76 [3]:346
[0]:15549609 [1]:1635830 [2]:76 [3]:59
[0]:15763093 [1]:1659878 [2]:76 [3]:366
[0]:15951509 [1]:1681207 [2]:76 [3]:362
[0]:16154082 [1]:1703940 [2]:76 [3]:66
[0]:16350760 [1]:1726116 [2]:76 [3]:67
[0]:16549434 [1]:1748435 [2]:76 [3]:354
[0]:16743823 [1]:1770409 [2]:76 [3]:354
[0]:16957596 [1]:1794462 [2]:76 [3]:72
[0]:17185998 [1]:1820285 [2]:76 [3]:371
[0]:17394264 [1]:1843772 [2]:76 [3]:357
[0]:17582976 [1]:1865079 [2]:76 [3]:74
[0]:17783615 [1]:1887651 [2]:76 [3]:67
[0]:17983337 [1]:1912586 [2]:76 [3]:60
[0]:18184956 [1]:1947203 [2]:76 [3]:364
[0]:18383782 [1]:1981163 [2]:76 [3]:364
[0]:18578562 [1]:2014707 [2]:76 [3]:361
[0]:18772805 [1]:2047997 [2]:76 [3]:59
[0]:18966588 [1]:2081220 [2]:76 [3]:61
[0]:19193287 [1]:2120050 [2]:76 [3]:366
[0]:19392399 [1]:2154196 [2]:76 [3]:360
[0]:19590872 [1]:2188220 [2]:76 [3]:70
[0]:19790625 [1]:2222547 [2]:91 [3]:357
[0]:19992390 [1]:2257149 [2]:91 [3]:351
[0]:20242518 [1]:2300047 [2]:91 [3]:364
[0]:20446189 [1]:2335042 [2]:91 [3]:360
[0]:20641028 [1]:2368447 [2]:91 [3]:56
[0]:20838666 [1]:2402282 [2]:91 [3]:63
[0]:21040627 [1]:2436813 [2]:91 [3]:361
[0]:21234907 [1]:2470080 [2]:91 [3]:61
[0]:21440725 [1]:2505299 [2]:91 [3]:367
[0]:21635189 [1]:2538745 [2]:91 [3]:76
[0]:21836723 [1]:2573242 [2]:99 [3]:366
[0]:22042318 [1]:2608436 [2]:99 [3]:359
[0]:22243878 [1]:2643067 [2]:99 [3]:357
[0]:22445982 [1]:2677698 [2]:99 [3]:365
[0]:22653801 [1]:2713430 [2]:99 [3]:58
[0]:22857080 [1]:2748297 [2]:99 [3]:362
[0]:23075977 [1]:2785867 [2]:99 [3]:61
[0]:23277841 [1]:2820398 [2]:99 [3]:65
[0]:23481559 [1]:2855285 [2]:99 [3]:62
[0]:23677939 [1]:2888925 [2]:99 [3]:73
[0]:23885039 [1]:2924349 [2]:103 [3]:351
[0]:24077956 [1]:2957433 [2]:103 [3]:360
[0]:24280486 [1]:2992171 [2]:103 [3]:366
[0]:24481063 [1]:3026610 [2]:103 [3]:361
[0]:24674790 [1]:3059816 [2]:103 [3]:59
[0]:24878151 [1]:3094596 [2]:103 [3]:359
[0]:25072671 [1]:3127919 [2]:103 [3]:365
[0]:25271160 [1]:3161964 [2]:103 [3]:351
[0]:25489093 [1]:3199304 [2]:103 [3]:61
[0]:25681099 [1]:3232201 [2]:103 [3]:360
[0]:25873343 [1]:3265206 [2]:105 [3]:359
[0]:26075276 [1]:3299846 [2]:105 [3]:81
[0]:26277041 [1]:3334437 [2]:105 [3]:71
[0]:26479015 [1]:3368912 [2]:105 [3]:360
[0]:26687856 [1]:3404683 [2]:105 [3]:353
[0]:26911071 [1]:3442957 [2]:105 [3]:57
[0]:27112810 [1]:3477518 [2]:105 [3]:63
[0]:27327480 [1]:3514311 [2]:105 [3]:70
[0]:27522125 [1]:3547631 [2]:105 [3]:56
[0]:27723364 [1]:3582033 [2]:106 [3]:369
[0]:27924068 [1]:3616462 [2]:106 [3]:353
[0]:28112501 [1]:3648812 [2]:106 [3]:66
[0]:28301316 [1]:3681188 [2]:106 [3]:362
[0]:28497705 [1]:3714823 [2]:106 [3]:357
[0]:28697623 [1]:3749239 [2]:106 [3]:358
[0]:28895708 [1]:3783253 [2]:106 [3]:70
[0]:29120308 [1]:3821751 [2]:106 [3]:359
[0]:29300049 [1]:3852555 [2]:106 [3]:370
[0]:29508581 [1]:3888263 [2]:106 [3]:371
[0]:29715251 [1]:3923711 [2]:107 [3]:58
[0]:29916268 [1]:3958253 [2]:107 [3]:354
[0]:30180556 [1]:4003676 [2]:107 [3]:63
[0]:30393728 [1]:4040227 [2]:107 [3]:357
[0]:30592353 [1]:4074426 [2]:107 [3]:56
[0]:30790386 [1]:4108337 [2]:107 [3]:70
[0]:30992212 [1]:4142940 [2]:107 [3]:352
[0]:31194282 [1]:4177642 [2]:107 [3]:360
[0]:31425907 [1]:4217353 [2]:107 [3]:59
[0]:31630438 [1]:4252422 [2]:107 [3]:364
[0]:31829908 [1]:4286571 [2]:107 [3]:71
[0]:32042303 [1]:4322899 [2]:107 [3]:365
[0]:32241991 [1]:4357109 [2]:107 [3]:365
[0]:32435175 [1]:4390263 [2]:107 [3]:363
[0]:32633548 [1]:4424303 [2]:107 [3]:367
[0]:32827702 [1]:4457542 [2]:107 [3]:362
[0]:33018291 [1]:4490261 [2]:107 [3]:360
[0]:33212657 [1]:4523591 [2]:107 [3]:363
[0]:33414518 [1]:4558238 [2]:107 [3]:64
[0]:33612575 [1]:4592186 [2]:107 [3]:359
[0]:33825241 [1]:4628685 [2]:107 [3]:356
[0]:34028875 [1]:4663602 [2]:107 [3]:60
[0]:34251703 [1]:4701860 [2]:107 [3]:360
[0]:34449422 [1]:4735746 [2]:107 [3]:75
[0]:34650813 [1]:4770352 [2]:107 [3]:72
[0]:34892834 [1]:4811876 [2]:107 [3]:357
[0]:35112439 [1]:4849532 [2]:107 [3]:62
[0]:35307416 [1]:4883022 [2]:107 [3]:68
[0]:35503148 [1]:4916799 [2]:107 [3]:353
[0]:35697475 [1]:4950107 [2]:107 [3]:356
[0]:35898258 [1]:4984448 [2]:107 [3]:365
[0]:36112037 [1]:5021085 [2]:107 [3]:363
[0]:36310683 [1]:5055149 [2]:107 [3]:364
[0]:36507153 [1]:5088964 [2]:107 [3]:360
[0]:36703022 [1]:5122550 [2]:107 [3]:367
[0]:36896927 [1]:5155674 [2]:107 [3]:64
[0]:37092013 [1]:5189068 [2]:107 [3]:64
[0]:37289262 [1]:5222895 [2]:107 [3]:72
[0]:37484235 [1]:5256411 [2]:107 [3]:362
[0]:37678652 [1]:5289694 [2]:107 [3]:361
[0]:37875661 [1]:5323380 [2]:107 [3]:55
[0]:38078380 [1]:5358106 [2]:107 [3]:368
[0]:38278170 [1]:5392334 [2]:107 [3]:366
[0]:38474598 [1]:5426053 [2]:107 [3]:360
[0]:38669121 [1]:5459464 [2]:107 [3]:57
[0]:38874506 [1]:5487417 [2]:107 [3]:93
[0]:39091575 [1]:5511314 [2]:107 [3]:354
[0]:39295787 [1]:5533895 [2]:107 [3]:82
[0]:39500105 [1]:5556337 [2]:107 [3]:89
[0]:39713297 [1]:5579825 [2]:106 [3]:84
[0]:39945865 [1]:5605195 [2]:106 [3]:361
[0]:40151275 [1]:5627698 [2]:106 [3]:365
[0]:40401530 [1]:5655344 [2]:106 [3]:367
[0]:40608459 [1]:5677981 [2]:106 [3]:92
[0]:40818838 [1]:5700918 [2]:106 [3]:76
[0]:41019448 [1]:5722848 [2]:106 [3]:82
[0]:41240208 [1]:5746948 [2]:106 [3]:367
[0]:41472744 [1]:5772573 [2]:106 [3]:361
[0]:41686012 [1]:5796028 [2]:106 [3]:92
[0]:41903783 [1]:5819902 [2]:106 [3]:72
[0]:42151746 [1]:5847119 [2]:103 [3]:359
[0]:42357658 [1]:5869790 [2]:103 [3]:83
[0]:42562876 [1]:5892392 [2]:103 [3]:358
[0]:42769634 [1]:5915128 [2]:103 [3]:371
[0]:42975691 [1]:5937883 [2]:103 [3]:79
[0]:43188305 [1]:5961074 [2]:103 [3]:87
[0]:43390086 [1]:5983196 [2]:103 [3]:371
[0]:43595228 [1]:6005782 [2]:103 [3]:372
[0]:43799587 [1]:6028372 [2]:103 [3]:360
[0]:44012965 [1]:6051984 [2]:103 [3]:375
[0]:44219014 [1]:6074669 [2]:101 [3]:366
[0]:44435802 [1]:6098816 [2]:101 [3]:368
[0]:44663441 [1]:6123910 [2]:101 [3]:367
[0]:44872579 [1]:6146749 [2]:101 [3]:90
[0]:45092904 [1]:6171023 [2]:101 [3]:84
[0]:45298172 [1]:6193470 [2]:101 [3]:367
[0]:45507388 [1]:6216449 [2]:101 [3]:82
[0]:45716556 [1]:6239516 [2]:101 [3]:369
[0]:45917111 [1]:6261522 [2]:101 [3]:100
[0]:46134799 [1]:6285340 [2]:101 [3]:89
[0]:46347486 [1]:6308767 [2]:101 [3]:369
[0]:46568908 [1]:6332969 [2]:100 [3]:360
[0]:46785797 [1]:6356730 [2]:100 [3]:359
[0]:46998441 [1]:6380409 [2]:100 [3]:77
[0]:47196074 [1]:6402226 [2]:100 [3]:363
[0]:47404757 [1]:6425124 [2]:100 [3]:356
[0]:47605642 [1]:6447206 [2]:100 [3]:365
[0]:47826871 [1]:6471390 [2]:100 [3]:369
[0]:48043921 [1]:6495281 [2]:100 [3]:94
[0]:48244883 [1]:6517309 [2]:100 [3]:367
[0]:48449658 [1]:6539744 [2]:100 [3]:364
[0]:48660065 [1]:6562758 [2]:100 [3]:369
[0]:48868111 [1]:6585543 [2]:100 [3]:368
[0]:49077296 [1]:6608652 [2]:100 [3]:374
[0]:49287730 [1]:6631884 [2]:100 [3]:366
[0]:49501457 [1]:6655553 [2]:100 [3]:82
[0]:49704329 [1]:6677769 [2]:100 [3]:81
[0]:49929037 [1]:6702356 [2]:100 [3]:79
[0]:50140632 [1]:6725563 [2]:100 [3]:361
[0]:50355391 [1]:6749072 [2]:100 [3]:373
[0]:50568166 [1]:6772396 [2]:100 [3]:371
[0]:50839177 [1]:6802143 [2]:100 [3]:356
[0]:51065643 [1]:6826915 [2]:100 [3]:364
[0]:51271245 [1]:6849497 [2]:100 [3]:375
[0]:51475903 [1]:6871874 [2]:100 [3]:355
[0]:51685024 [1]:6894782 [2]:100 [3]:68
[0]:51893333 [1]:6918172 [2]:100 [3]:364
[0]:52107529 [1]:6941936 [2]:100 [3]:356
[0]:52311386 [1]:6964263 [2]:100 [3]:363
[0]:52524692 [1]:6987631 [2]:100 [3]:359
[0]:52728505 [1]:7009949 [2]:100 [3]:368
[0]:52942922 [1]:7033495 [2]:100 [3]:371
[0]:53159700 [1]:7057393 [2]:100 [3]:94
[0]:53365845 [1]:7080058 [2]:100 [3]:78
[0]:53585705 [1]:7104317 [2]:100 [3]:373
[0]:53786511 [1]:7126299 [2]:100 [3]:374
[0]:54006255 [1]:7150562 [2]:100 [3]:363
[0]:54208958 [1]:7172927 [2]:100 [3]:366
[0]:54421566 [1]:7196204 [2]:100 [3]:80
[0]:54630949 [1]:7219124 [2]:100 [3]:81
[0]:54862921 [1]:7244491 [2]:100 [3]:367
[0]:55072571 [1]:7267421 [2]:100 [3]:363
[0]:55283876 [1]:7290933 [2]:100 [3]:374
[0]:55502168 [1]:7315258 [2]:100 [3]:362
[0]:55707457 [1]:7337687 [2]:100 [3]:353
[0]:55914894 [1]:7360531 [2]:100 [3]:359
[0]:56133562 [1]:7384369 [2]:100 [3]:94
[0]:56412681 [1]:7415201 [2]:100 [3]:365
[0]:56621918 [1]:7438003 [2]:100 [3]:364
[0]:56831842 [1]:7461031 [2]:100 [3]:374
[0]:57065812 [1]:7486913 [2]:100 [3]:368
[0]:57270210 [1]:7509401 [2]:100 [3]:75
[0]:57502214 [1]:7534864 [2]:100 [3]:354
[0]:57704611 [1]:7557199 [2]:100 [3]:360
[0]:57910434 [1]:7579854 [2]:100 [3]:352
[0]:58115263 [1]:7602413 [2]:100 [3]:362
[0]:58346641 [1]:7628065 [2]:100 [3]:355
[0]:58558568 [1]:7651446 [2]:100 [3]:380
[0]:58759861 [1]:7673776 [2]:100 [3]:363
[0]:59056326 [1]:7706321 [2]:100 [3]:371
[0]:59276599 [1]:7730520 [2]:100 [3]:79
[0]:59485642 [1]:7753480 [2]:100 [3]:362
[0]:59710123 [1]:7778225 [2]:100 [3]:368
[0]:59918536 [1]:7801159 [2]:101 [3]:72
[0]:60128378 [1]:7824302 [2]:101 [3]:371
[0]:60341178 [1]:7847969 [2]:101 [3]:363
[0]:60546346 [1]:7870494 [2]:101 [3]:367
[0]:60763093 [1]:7894463 [2]:101 [3]:369
[0]:60968273 [1]:7917028 [2]:101 [3]:359
[0]:61191893 [1]:7941737 [2]:101 [3]:72
[0]:61421751 [1]:7967183 [2]:101 [3]:75
[0]:61626439 [1]:7989633 [2]:101 [3]:367
[0]:61834477 [1]:8012363 [2]:101 [3]:79
[0]:62044915 [1]:8035554 [2]:101 [3]:86
[0]:62265863 [1]:8059773 [2]:101 [3]:366
[0]:62486035 [1]:8084011 [2]:101 [3]:368
[0]:62695655 [1]:8107089 [2]:101 [3]:369
[0]:62916528 [1]:8131482 [2]:101 [3]:376
[0]:63134973 [1]:8155411 [2]:101 [3]:78
[0]:63338563 [1]:8177882 [2]:101 [3]:82
[0]:63578621 [1]:8204099 [2]:101 [3]:361
[0]:63784283 [1]:8226941 [2]:101 [3]:371
[0]:64001265 [1]:8250706 [2]:101 [3]:82
[0]:64214242 [1]:8274061 [2]:101 [3]:82
[0]:64423270 [1]:8297102 [2]:101 [3]:363
[0]:64628147 [1]:8319566 [2]:101 [3]:367
[0]:64837015 [1]:8342392 [2]:101 [3]:99
[0]:65066003 [1]:8367623 [2]:101 [3]:357
[0]:65275226 [1]:8390628 [2]:101 [3]:359
[0]:65490839 [1]:8414255 [2]:101 [3]:94
[0]:65705234 [1]:8437926 [2]:101 [3]:87
[0]:65910270 [1]:8460566 [2]:101 [3]:74
[0]:66119158 [1]:8483677 [2]:101 [3]:349
[0]:66324238 [1]:8506270 [2]:101 [3]:82
[0]:66525470 [1]:8528297 [2]:101 [3]:82
[0]:66737873 [1]:8551563 [2]:100 [3]:81
[0]:66947634 [1]:8574572 [2]:100 [3]:359
[0]:67148796 [1]:8596725 [2]:100 [3]:80
[0]:67361696 [1]:8620006 [2]:100 [3]:363
[0]:67570662 [1]:8642947 [2]:100 [3]:362
[0]:67779956 [1]:8665976 [2]:100 [3]:370
[0]:67988858 [1]:8688995 [2]:100 [3]:361
[0]:68205883 [1]:8712927 [2]:100 [3]:91
[0]:68418646 [1]:8736269 [2]:100 [3]:370
[0]:68631773 [1]:8759776 [2]:100 [3]:363
[0]:68888232 [1]:8787978 [2]:101 [3]:365
[0]:69085222 [1]:8809673 [2]:101 [3]:362
[0]:69298191 [1]:8833225 [2]:101 [3]:79
[0]:69546479 [1]:8860850 [2]:101 [3]:76
[0]:69779229 [1]:8886390 [2]:101 [3]:369
[0]:69979971 [1]:8908703 [2]:101 [3]:359
[0]:70194582 [1]:8932169 [2]:101 [3]:86
[0]:70398408 [1]:8954638 [2]:101 [3]:77
[0]:70622701 [1]:8979668 [2]:101 [3]:77
[0]:70831644 [1]:9002712 [2]:101 [3]:367
[0]:71036712 [1]:9025288 [2]:101 [3]:370
[0]:71237675 [1]:9047341 [2]:101 [3]:101
[0]:71513727 [1]:9077794 [2]:101 [3]:99
[0]:71722881 [1]:9100806 [2]:101 [3]:371
[0]:71932109 [1]:9123731 [2]:101 [3]:361
[0]:72156460 [1]:9148286 [2]:101 [3]:360
[0]:72393798 [1]:9174388 [2]:101 [3]:97
[0]:72637696 [1]:9201308 [2]:101 [3]:363
[0]:72846932 [1]:9224581 [2]:101 [3]:367
[0]:73059353 [1]:9248176 [2]:101 [3]:371
[0]:73276367 [1]:9271973 [2]:101 [3]:86
[0]:73489373 [1]:9295314 [2]:101 [3]:362
[0]:73701822 [1]:9318625 [2]:101 [3]:358
[0]:73905050 [1]:9340867 [2]:101 [3]:375
[0]:74099498 [1]:9362282 [2]:101 [3]:84
[0]:74270754 [1]:9381001 [2]:101 [3]:355
[0]:74491824 [1]:9405213 [2]:101 [3]:88
[0]:74750541 [1]:9433745 [2]:101 [3]:369
[0]:75008148 [1]:9461968 [2]:101 [3]:356
[0]:75242921 [1]:9487639 [2]:101 [3]:69
[0]:75458342 [1]:9511259 [2]:101 [3]:372
[0]:75680630 [1]:9535688 [2]:100 [3]:358
[0]:75881831 [1]:9558016 [2]:100 [3]:79
[0]:76090772 [1]:9581036 [2]:100 [3]:367
[0]:76294211 [1]:9603435 [2]:100 [3]:71
[0]:76507223 [1]:9626949 [2]:100 [3]:373
[0]:76731631 [1]:9651640 [2]:100 [3]:75
[0]:76933202 [1]:9673896 [2]:100 [3]:356
[0]:77164958 [1]:9699565 [2]:100 [3]:360
[0]:77370376 [1]:9722349 [2]:100 [3]:364
[0]:77651351 [1]:9753233 [2]:100 [3]:370
[0]:77859618 [1]:9776147 [2]:101 [3]:364
[0]:78071391 [1]:9799440 [2]:101 [3]:75
[0]:78321171 [1]:9826877 [2]:101 [3]:364
[0]:78526255 [1]:9849277 [2]:101 [3]:359
[0]:78759012 [1]:9874869 [2]:101 [3]:355
[0]:78963920 [1]:9897597 [2]:101 [3]:357
[0]:79174064 [1]:9920766 [2]:101 [3]:91
[0]:79377357 [1]:9943060 [2]:101 [3]:364
[0]:79583366 [1]:9965610 [2]:101 [3]:358
[0]:79784068 [1]:9987700 [2]:101 [3]:94
[0]:79986129 [1]:10010016 [2]:101 [3]:371
[0]:80182004 [1]:10036655 [2]:101 [3]:70
[0]:80402488 [1]:10074545 [2]:101 [3]:66
[0]:80604217 [1]:10109182 [2]:101 [3]:360
[0]:80824928 [1]:10146945 [2]:101 [3]:42
[0]:81015301 [1]:10179713 [2]:101 [3]:79
[0]:81217020 [1]:10214301 [2]:101 [3]:357
[0]:81405786 [1]:10246735 [2]:101 [3]:358
[0]:81673079 [1]:10292527 [2]:101 [3]:55
[0]:81878784 [1]:10327802 [2]:101 [3]:361
[0]:82082768 [1]:10362687 [2]:103 [3]:360
[0]:82289985 [1]:10398124 [2]:103 [3]:353
[0]:82504400 [1]:10434913 [2]:103 [3]:67
[0]:82700981 [1]:10468648 [2]:103 [3]:372
[0]:82913845 [1]:10505215 [2]:103 [3]:54
[0]:83110966 [1]:10539006 [2]:103 [3]:365
[0]:83300568 [1]:10571489 [2]:103 [3]:62
[0]:83526632 [1]:10610314 [2]:103 [3]:368
[0]:83734768 [1]:10645882 [2]:103 [3]:363
[0]:83941985 [1]:10681270 [2]:105 [3]:71
[0]:84135573 [1]:10714561 [2]:105 [3]:63
[0]:84326779 [1]:10747317 [2]:105 [3]:67
[0]:84581021 [1]:10791101 [2]:105 [3]:371
[0]:84775129 [1]:10824351 [2]:105 [3]:365
[0]:84976942 [1]:10858871 [2]:105 [3]:362
[0]:85179087 [1]:10893566 [2]:105 [3]:359
[0]:85401840 [1]:10931866 [2]:105 [3]:72
[0]:85598800 [1]:10965630 [2]:105 [3]:362
[0]:85802884 [1]:11000507 [2]:105 [3]:57
[0]:86014049 [1]:11036734 [2]:106 [3]:366
[0]:86207503 [1]:11069991 [2]:106 [3]:373
[0]:86400972 [1]:11103313 [2]:106 [3]:60
[0]:86593398 [1]:11136344 [2]:106 [3]:364
[0]:86788797 [1]:11169861 [2]:106 [3]:365
[0]:86990172 [1]:11204394 [2]:106 [3]:364
[0]:87208056 [1]:11241755 [2]:106 [3]:62
[0]:87404479 [1]:11275462 [2]:106 [3]:55
[0]:87600538 [1]:11309195 [2]:106 [3]:71
[0]:87791159 [1]:11341839 [2]:106 [3]:363
[0]:87981649 [1]:11374455 [2]:107 [3]:62
[0]:88193881 [1]:11410901 [2]:107 [3]:55
[0]:88385305 [1]:11443871 [2]:107 [3]:62
[0]:88576087 [1]:11476545 [2]:107 [3]:69
[0]:88789138 [1]:11513037 [2]:107 [3]:358
[0]:88987187 [1]:11547065 [2]:107 [3]:362
[0]:89196074 [1]:11582947 [2]:107 [3]:72
[0]:89396164 [1]:11617194 [2]:107 [3]:56
[0]:89603591 [1]:11652712 [2]:107 [3]:62
[0]:89794434 [1]:11685416 [2]:107 [3]:363
[0]:89996130 [1]:11720009 [2]:107 [3]:66
[0]:90220319 [1]:11758590 [2]:107 [3]:63
[0]:90421438 [1]:11793083 [2]:107 [3]:354
[0]:90620509 [1]:11827167 [2]:107 [3]:355
[0]:90837147 [1]:11864335 [2]:107 [3]:364
[0]:91031163 [1]:11897666 [2]:107 [3]:61
[0]:91229507 [1]:11931696 [2]:107 [3]:355
[0]:91420194 [1]:11964287 [2]:107 [3]:359
[0]:91606959 [1]:11996330 [2]:107 [3]:363
[0]:91804569 [1]:12030085 [2]:107 [3]:363
[0]:91994711 [1]:12062763 [2]:107 [3]:359
[0]:92193454 [1]:12096860 [2]:107 [3]:365
[0]:92392006 [1]:12130776 [2]:107 [3]:73
[0]:92601372 [1]:12166638 [2]:107 [3]:363
[0]:92802639 [1]:12201192 [2]:107 [3]:364
[0]:92996783 [1]:12234472 [2]:107 [3]:70
[0]:93199120 [1]:12269105 [2]:107 [3]:359
[0]:93397428 [1]:12303152 [2]:107 [3]:352
[0]:93660505 [1]:12348304 [2]:107 [3]:360
[0]:93853213 [1]:12381449 [2]:107 [3]:363
[0]:94058600 [1]:12416633 [2]:107 [3]:57
[0]:94253103 [1]:12449912 [2]:107 [3]:65
[0]:94458777 [1]:12485333 [2]:107 [3]:74
[0]:94656489 [1]:12519221 [2]:107 [3]:63
[0]:94854961 [1]:12553350 [2]:107 [3]:52
[0]:95052995 [1]:12587312 [2]:107 [3]:362
[0]:95295179 [1]:12628914 [2]:107 [3]:356
[0]:95486064 [1]:12661666 [2]:107 [3]:74
[0]:95688323 [1]:12696303 [2]:107 [3]:60
[0]:95890483 [1]:12731000 [2]:107 [3]:364
[0]:96103107 [1]:12767381 [2]:107 [3]:62
[0]:96330189 [1]:12806315 [2]:107 [3]:368
[0]:96566613 [1]:12846806 [2]:107 [3]:358
[0]:96764468 [1]:12880714 [2]:107 [3]:64
[0]:96951580 [1]:12912814 [2]:107 [3]:364
[0]:97148217 [1]:12946525 [2]:107 [3]:360
[0]:97351218 [1]:12981315 [2]:107 [3]:356
[0]:97557020 [1]:13016648 [2]:107 [3]:64
[0]:97777484 [1]:13054520 [2]:107 [3]:362
[0]:97965869 [1]:13086687 [2]:107 [3]:366
[0]:98188544 [1]:13124881 [2]:107 [3]:362
[0]:98386569 [1]:13158823 [2]:107 [3]:365
[0]:98582610 [1]:13192432 [2]:107 [3]:360
[0]:98775666 [1]:13225519 [2]:107 [3]:64
[0]:98969677 [1]:13258749 [2]:107 [3]:54
[0]:99190406 [1]:13296599 [2]:107 [3]:359
[0]:99388133 [1]:13330541 [2]:107 [3]:64
[0]:99584937 [1]:13364384 [2]:107 [3]:357
[0]:99784755 [1]:13398585 [2]:107 [3]:364
[0]:99983129 [1]:13432775 [2]:107 [3]:364
[0]:100180745 [1]:13466751 [2]:107 [3]:60
[0]:100386221 [1]:13502006 [2]:107 [3]:61
[0]:100584362 [1]:13536003 [2]:107 [3]:61
[0]:100779193 [1]:13569385 [2]:107 [3]:366
[0]:101027486 [1]:13612008 [2]:107 [3]:71
[0]:101247534 [1]:13649850 [2]:107 [3]:367
[0]:101444126 [1]:13683469 [2]:107 [3]:370
[0]:101762609 [1]:13737997 [2]:107 [3]:360
[0]:101952378 [1]:13770593 [2]:107 [3]:358
[0]:102146821 [1]:13803953 [2]:107 [3]:362
[0]:102337395 [1]:13836734 [2]:107 [3]:55
[0]:102531441 [1]:13870099 [2]:107 [3]:364
[0]:102767002 [1]:13910456 [2]:107 [3]:356
[0]:102976245 [1]:13946393 [2]:107 [3]:59
[0]:103174937 [1]:13980470 [2]:107 [3]:359
[0]:103371364 [1]:14014220 [2]:107 [3]:69
[0]:103594941 [1]:14052429 [2]:107 [3]:366
[0]:103802264 [1]:14087950 [2]:107 [3]:365
[0]:103989182 [1]:14119982 [2]:107 [3]:360
[0]:104182999 [1]:14153231 [2]:107 [3]:361
[0]:104389136 [1]:14188564 [2]:107 [3]:356
[0]:104603707 [1]:14225335 [2]:107 [3]:361
[0]:104800252 [1]:14259076 [2]:107 [3]:367
[0]:104994558 [1]:14292424 [2]:107 [3]:367
[0]:105195618 [1]:14326892 [2]:107 [3]:56
[0]:105393668 [1]:14360838 [2]:107 [3]:360
[0]:105592061 [1]:14394869 [2]:107 [3]:355
[0]:105790610 [1]:14428923 [2]:107 [3]:354
[0]:105984637 [1]:14462142 [2]:107 [3]:352
[0]:106175492 [1]:14494839 [2]:107 [3]:57
[0]:106381166 [1]:14530041 [2]:107 [3]:354
[0]:106579269 [1]:14564032 [2]:107 [3]:367
[0]:106792393 [1]:14600651 [2]:107 [3]:63
[0]:106986628 [1]:14633887 [2]:107 [3]:363
[0]:107188433 [1]:14668478 [2]:107 [3]:356
[0]:107408357 [1]:14706099 [2]:107 [3]:55
[0]:107609533 [1]:14740643 [2]:107 [3]:64
[0]:107806181 [1]:14774297 [2]:107 [3]:363
[0]:108003230 [1]:14808070 [2]:107 [3]:364
[0]:108244794 [1]:14849426 [2]:107 [3]:60
[0]:108440558 [1]:14883021 [2]:107 [3]:67
[0]:108661221 [1]:14920915 [2]:107 [3]:61
[0]:108854058 [1]:14953977 [2]:107 [3]:66
[0]:109060950 [1]:14989467 [2]:107 [3]:360
[0]:109259175 [1]:15023409 [2]:107 [3]:357
[0]:109445731 [1]:15055372 [2]:107 [3]:60
[0]:109636545 [1]:15088179 [2]:107 [3]:60
[0]:109842156 [1]:15123462 [2]:107 [3]:73
[0]:110036588 [1]:15156845 [2]:107 [3]:360
[0]:110228926 [1]:15189727 [2]:107 [3]:358
[0]:110446291 [1]:15227013 [2]:107 [3]:356
[0]:110631303 [1]:15258730 [2]:107 [3]:63
[0]:110828884 [1]:15292612 [2]:107 [3]:364
[0]:111023203 [1]:15325824 [2]:107 [3]:57
[0]:111217477 [1]:15359210 [2]:107 [3]:361
[0]:111411929 [1]:15392551 [2]:107 [3]:64
[0]:111613577 [1]:15427127 [2]:107 [3]:55
[0]:111811923 [1]:15461119 [2]:107 [3]:360
[0]:112006312 [1]:15494365 [2]:107 [3]:367
[0]:112260471 [1]:15537887 [2]:107 [3]:371
[0]:112446651 [1]:15569859 [2]:107 [3]:355
[0]:112644894 [1]:15603809 [2]:107 [3]:370
[0]:112858166 [1]:15640515 [2]:107 [3]:363
[0]:113060253 [1]:15675104 [2]:107 [3]:368
[0]:113254642 [1]:15708421 [2]:107 [3]:357
[0]:113443795 [1]:15740838 [2]:107 [3]:60
[0]:113668651 [1]:15779365 [2]:107 [3]:67
[0]:113859956 [1]:15812109 [2]:107 [3]:362
[0]:114065352 [1]:15847422 [2]:107 [3]:366
[0]:114284235 [1]:15884917 [2]:107 [3]:358
[0]:114478387 [1]:15918277 [2]:107 [3]:364
[0]:114674877 [1]:15951913 [2]:107 [3]:358
[0]:114891948 [1]:15989141 [2]:107 [3]:57
[0]:115089716 [1]:16023101 [2]:107 [3]:70
[0]:115291303 [1]:16057614 [2]:107 [3]:363
[0]:115485325 [1]:16091005 [2]:107 [3]:365
[0]:115680172 [1]:16124423 [2]:107 [3]:357
[0]:115871586 [1]:16157377 [2]:107 [3]:366
[0]:116068468 [1]:16191217 [2]:107 [3]:65
[0]:116266748 [1]:16225220 [2]:107 [3]:363
[0]:116468638 [1]:16259814 [2]:107 [3]:352
[0]:116662557 [1]:16293001 [2]:107 [3]:54
[0]:116875968 [1]:16329578 [2]:107 [3]:52
[0]:117081458 [1]:16364878 [2]:107 [3]:361
[0]:117275611 [1]:16398296 [2]:107 [3]:60
[0]:117473764 [1]:16432402 [2]:107 [3]:60
[0]:117675530 [1]:16467008 [2]:107 [3]:63
[0]:117887739 [1]:16503395 [2]:107 [3]:362
[0]:118094120 [1]:16538820 [2]:107 [3]:69
[0]:118314140 [1]:16576721 [2]:107 [3]:358
[0]:118539399 [1]:16615287 [2]:107 [3]:357
[0]:118759312 [1]:16652991 [2]:107 [3]:367
[0]:118964675 [1]:16688139 [2]:107 [3]:362
[0]:119206798 [1]:16729710 [2]:107 [3]:368
[0]:119401737 [1]:16763186 [2]:107 [3]:67
[0]:119615141 [1]:16788035 [2]:107 [3]:90
[0]:119822840 [1]:16810940 [2]:107 [3]:376
[0]:120039382 [1]:16834853 [2]:107 [3]:367
[0]:120240717 [1]:16856859 [2]:107 [3]:88
[0]:120457681 [1]:16880672 [2]:107 [3]:369
[0]:120678268 [1]:16905121 [2]:107 [3]:79
[0]:120900285 [1]:16929589 [2]:107 [3]:98
[0]:121112416 [1]:16952805 [2]:107 [3]:80
[0]:121317824 [1]:16975249 [2]:107 [3]:362
[0]:121531431 [1]:16998578 [2]:107 [3]:367
[0]:121739772 [1]:17021285 [2]:107 [3]:370
[0]:121939646 [1]:17043393 [2]:103 [3]:80
[0]:122150091 [1]:17066485 [2]:103 [3]:364
[0]:122383118 [1]:17091956 [2]:103 [3]:374
[0]:122593155 [1]:17114938 [2]:103 [3]:371
[0]:122800820 [1]:17137795 [2]:103 [3]:355
[0]:123003468 [1]:17160150 [2]:103 [3]:89
[0]:123207242 [1]:17182476 [2]:103 [3]:69
[0]:123412507 [1]:17205016 [2]:103 [3]:363
[0]:123697109 [1]:17236278 [2]:103 [3]:361
[0]:123915125 [1]:17260156 [2]:103 [3]:364
[0]:124118481 [1]:17282576 [2]:101 [3]:347
[0]:124327727 [1]:17305499 [2]:101 [3]:86
[0]:124536571 [1]:17328434 [2]:101 [3]:363
[0]:124749737 [1]:17351901 [2]:101 [3]:95
[0]:124998787 [1]:17379193 [2]:101 [3]:368
[0]:125210857 [1]:17402474 [2]:101 [3]:376
[0]:125418021 [1]:17425410 [2]:101 [3]:81
[0]:125634999 [1]:17449395 [2]:101 [3]:366
[0]:125845839 [1]:17472511 [2]:101 [3]:363
[0]:126062554 [1]:17496320 [2]:101 [3]:96
[0]:126283757 [1]:17520642 [2]:100 [3]:364
[0]:126488369 [1]:17543366 [2]:100 [3]:85
[0]:126697783 [1]:17566408 [2]:100 [3]:363
[0]:126917845 [1]:17590485 [2]:100 [3]:366
[0]:127127940 [1]:17613464 [2]:100 [3]:361
[0]:127344729 [1]:17637325 [2]:100 [3]:84
[0]:127557817 [1]:17660706 [2]:100 [3]:85
[0]:127755982 [1]:17682634 [2]:100 [3]:88
[0]:127963516 [1]:17705475 [2]:100 [3]:74
[0]:128177430 [1]:17729257 [2]:100 [3]:373
[0]:128389763 [1]:17752474 [2]:100 [3]:357
[0]:128598207 [1]:17775610 [2]:100 [3]:354
[0]:128811311 [1]:17799248 [2]:100 [3]:94
[0]:129011235 [1]:17821076 [2]:100 [3]:369
[0]:129217885 [1]:17843612 [2]:100 [3]:363
[0]:129434706 [1]:17867522 [2]:100 [3]:77
[0]:129639875 [1]:17890127 [2]:100 [3]:356
[0]:129844858 [1]:17912709 [2]:100 [3]:89
[0]:130057957 [1]:17936052 [2]:100 [3]:370
[0]:130278907 [1]:17960460 [2]:100 [3]:363
[0]:130483131 [1]:17982873 [2]:100 [3]:102
[0]:130716389 [1]:18008391 [2]:100 [3]:363
[0]:130949452 [1]:18033952 [2]:100 [3]:82
[0]:131184022 [1]:18059718 [2]:100 [3]:83
[0]:131405906 [1]:18084060 [2]:100 [3]:95
[0]:131615993 [1]:18107274 [2]:100 [3]:72
[0]:131832981 [1]:18131002 [2]:100 [3]:96
[0]:132045963 [1]:18154516 [2]:100 [3]:370
[0]:132255084 [1]:18177338 [2]:100 [3]:80
[0]:132511432 [1]:18205436 [2]:100 [3]:360
[0]:132722492 [1]:18228801 [2]:100 [3]:86
[0]:132924545 [1]:18251165 [2]:100 [3]:85
[0]:133145313 [1]:18275448 [2]:100 [3]:71
[0]:133355343 [1]:18298551 [2]:100 [3]:357
[0]:133565122 [1]:18321532 [2]:100 [3]:358
[0]:133777149 [1]:18344798 [2]:100 [3]:367
[0]:133982495 [1]:18367347 [2]:100 [3]:70
[0]:134191224 [1]:18390329 [2]:100 [3]:97
[0]:134396377 [1]:18413156 [2]:100 [3]:362
[0]:134599906 [1]:18435493 [2]:100 [3]:92
[0]:134802371 [1]:18457692 [2]:100 [3]:369
[0]:135007998 [1]:18480315 [2]:100 [3]:86
[0]:135216800 [1]:18503268 [2]:100 [3]:371
[0]:135434854 [1]:18527331 [2]:100 [3]:368
[0]:135650368 [1]:18551261 [2]:100 [3]:375
[0]:135851124 [1]:18573565 [2]:100 [3]:374
[0]:136068022 [1]:18597537 [2]:100 [3]:367
[0]:136276752 [1]:18620543 [2]:100 [3]:82
[0]:136509823 [1]:18646235 [2]:100 [3]:91
[0]:136738503 [1]:18671394 [2]:100 [3]:84
[0]:136945287 [1]:18694313 [2]:100 [3]:367
[0]:137144548 [1]:18716183 [2]:100 [3]:369
[0]:137357735 [1]:18739528 [2]:100 [3]:364
[0]:137562855 [1]:18761995 [2]:101 [3]:102
[0]:137762198 [1]:18783988 [2]:101 [3]:364
[0]:137960992 [1]:18806097 [2]:101 [3]:355
[0]:138173687 [1]:18829666 [2]:101 [3]:362
[0]:138390679 [1]:18853471 [2]:101 [3]:368
[0]:138603779 [1]:18876714 [2]:101 [3]:358
[0]:138820577 [1]:18900517 [2]:101 [3]:362
[0]:139057253 [1]:18926382 [2]:101 [3]:356
[0]:139274548 [1]:18950310 [2]:101 [3]:366
[0]:139481420 [1]:18973102 [2]:101 [3]:89
[0]:139699918 [1]:18997270 [2]:100 [3]:97
[0]:139905225 [1]:19019711 [2]:100 [3]:363
[0]:140138291 [1]:19045171 [2]:100 [3]:364
[0]:140350034 [1]:19068419 [2]:100 [3]:368
[0]:140552569 [1]:19090718 [2]:100 [3]:357
[0]:140839272 [1]:19122175 [2]:100 [3]:367
[0]:141167222 [1]:19158186 [2]:100 [3]:349
[0]:141369326 [1]:19180339 [2]:100 [3]:378
[0]:141578192 [1]:19203315 [2]:100 [3]:363
[0]:141790269 [1]:19226840 [2]:100 [3]:373
[0]:141997110 [1]:19249457 [2]:101 [3]:368
[0]:142212616 [1]:19273012 [2]:101 [3]:367
[0]:142417683 [1]:19295584 [2]:101 [3]:371
[0]:142630303 [1]:19319121 [2]:101 [3]:78
[0]:142842992 [1]:19342587 [2]:101 [3]:365
[0]:143052997 [1]:19365665 [2]:101 [3]:367
[0]:143331445 [1]:19396299 [2]:101 [3]:369
[0]:143534183 [1]:19418545 [2]:101 [3]:75
[0]:143742955 [1]:19441573 [2]:101 [3]:361
[0]:143947995 [1]:19464051 [2]:101 [3]:373
[0]:144157417 [1]:19486924 [2]:101 [3]:367
[0]:144369403 [1]:19510174 [2]:100 [3]:75
[0]:144606275 [1]:19536689 [2]:100 [3]:369
[0]:144824526 [1]:19560653 [2]:100 [3]:82
[0]:145028740 [1]:19583007 [2]:100 [3]:371
[0]:145288572 [1]:19611556 [2]:100 [3]:96
[0]:145486379 [1]:19633347 [2]:100 [3]:367
[0]:145703607 [1]:19657033 [2]:100 [3]:364
[0]:145920515 [1]:19680890 [2]:100 [3]:78
[0]:146131807 [1]:19703902 [2]:100 [3]:358
[0]:146338620 [1]:19726488 [2]:100 [3]:82
[0]:146628674 [1]:19758226 [2]:100 [3]:74
[0]:146831788 [1]:19780528 [2]:100 [3]:372
[0]:147062250 [1]:19805638 [2]:100 [3]:89
[0]:147268398 [1]:19828296 [2]:100 [3]:353
[0]:147478952 [1]:19851529 [2]:100 [3]:82
[0]:147697427 [1]:19875554 [2]:100 [3]:357
[0]:147920524 [1]:19900080 [2]:100 [3]:365
[0]:148133079 [1]:19923883 [2]:100 [3]:370
[0]:148353690 [1]:19948435 [2]:100 [3]:372
[0]:148585813 [1]:19974048 [2]:100 [3]:377
[0]:148819111 [1]:19999548 [2]:101 [3]:77
[0]:149024251 [1]:20022005 [2]:101 [3]:355
[0]:149237289 [1]:20045346 [2]:101 [3]:367
[0]:149442748 [1]:20068006 [2]:101 [3]:369
[0]:149667448 [1]:20092761 [2]:101 [3]:376
[0]:149906423 [1]:20119019 [2]:101 [3]:85
[0]:150112890 [1]:20141630 [2]:101 [3]:81
[0]:150335590 [1]:20166073 [2]:101 [3]:370
[0]:150539195 [1]:20188431 [2]:101 [3]:77
[0]:150771552 [1]:20214043 [2]:101 [3]:361
[0]:150979386 [1]:20236846 [2]:101 [3]:368
[0]:151184794 [1]:20259440 [2]:101 [3]:367
[0]:151391010 [1]:20282291 [2]:101 [3]:367
[0]:151591917 [1]:20304409 [2]:101 [3]:70
[0]:151789253 [1]:20326119 [2]:101 [3]:82
[0]:151994412 [1]:20348583 [2]:101 [3]:88
[0]:152202659 [1]:20371430 [2]:101 [3]:77
[0]:152416042 [1]:20394763 [2]:101 [3]:74
[0]:152625725 [1]:20417839 [2]:101 [3]:367
[0]:152869836 [1]:20444664 [2]:101 [3]:377
[0]:153089785 [1]:20468771 [2]:101 [3]:102
[0]:153295943 [1]:20491461 [2]:100 [3]:357
[0]:153505451 [1]:20514398 [2]:100 [3]:358
[0]:153706408 [1]:20536486 [2]:100 [3]:84
[0]:153911598 [1]:20559011 [2]:100 [3]:364
[0]:154112737 [1]:20581085 [2]:100 [3]:73
[0]:154329823 [1]:20604847 [2]:100 [3]:362
[0]:154530970 [1]:20626896 [2]:100 [3]:358
[0]:154738801 [1]:20649701 [2]:100 [3]:93
[0]:154945281 [1]:20672348 [2]:100 [3]:370
[0]:155158275 [1]:20695738 [2]:100 [3]:361
[0]:155382860 [1]:20720569 [2]:100 [3]:85
[0]:155590627 [1]:20743311 [2]:100 [3]:377
[0]:155824811 [1]:20769044 [2]:100 [3]:362
[0]:156076473 [1]:20796540 [2]:100 [3]:366
[0]:156290202 [1]:20820022 [2]:100 [3]:359
[0]:156503303 [1]:20843346 [2]:100 [3]:359
[0]:156707121 [1]:20865995 [2]:100 [3]:79
[0]:156909532 [1]:20888268 [2]:100 [3]:360
[0]:157114671 [1]:20910769 [2]:100 [3]:367
[0]:157323037 [1]:20933807 [2]:100 [3]:93
[0]:157533863 [1]:20957335 [2]:100 [3]:97
[0]:157748932 [1]:20981026 [2]:100 [3]:362
[0]:157954378 [1]:21003460 [2]:100 [3]:358
[0]:158167547 [1]:21026888 [2]:100 [3]:358
[0]:158383902 [1]:21051119 [2]:100 [3]:361
[0]:158585134 [1]:21073312 [2]:100 [3]:90
[0]:158789668 [1]:21095786 [2]:100 [3]:97
[0]:159026619 [1]:21121653 [2]:100 [3]:360
[0]:159240009 [1]:21145006 [2]:100 [3]:82
[0]:159449130 [1]:21167991 [2]:100 [3]:362
[0]:159656980 [1]:21190890 [2]:100 [3]:366
[0]:159863112 [1]:21213679 [2]:101 [3]:85
[0]:160069653 [1]:21236513 [2]:101 [3]:357
[0]:160292159 [1]:21261015 [2]:101 [3]:366
[0]:160515197 [1]:21285336 [2]:101 [3]:359
[0]:160727026 [1]:21308628 [2]:101 [3]:359
[0]:160927897 [1]:21340613 [2]:101 [3]:60
[0]:161136446 [1]:21376353 [2]:101 [3]:61
[0]:161334180 [1]:21410448 [2]:101 [3]:370
[0]:161589936 [1]:21454432 [2]:101 [3]:370
[0]:161792593 [1]:21489039 [2]:101 [3]:356
[0]:161991873 [1]:21523193 [2]:103 [3]:359
[0]:162201058 [1]:21559079 [2]:103 [3]:69
[0]:162399310 [1]:21593117 [2]:103 [3]:354
[0]:162610815 [1]:21629477 [2]:103 [3]:55
[0]:162858288 [1]:21671954 [2]:103 [3]:360
[0]:163064534 [1]:21707397 [2]:103 [3]:354
[0]:163261791 [1]:21741209 [2]:103 [3]:366
[0]:163456380 [1]:21774476 [2]:103 [3]:354
[0]:163649965 [1]:21807646 [2]:103 [3]:60
[0]:163845120 [1]:21841265 [2]:103 [3]:68
[0]:164043753 [1]:21875279 [2]:105 [3]:361
[0]:164245611 [1]:21909846 [2]:105 [3]:354
[0]:164443994 [1]:21943786 [2]:105 [3]:358
[0]:164690644 [1]:21986055 [2]:105 [3]:356
[0]:164896840 [1]:22021421 [2]:105 [3]:358
[0]:165089733 [1]:22054419 [2]:105 [3]:361
[0]:165295714 [1]:22089741 [2]:105 [3]:56
[0]:165494127 [1]:22123724 [2]:105 [3]:75
[0]:165699670 [1]:22158906 [2]:105 [3]:61
[0]:165893236 [1]:22192095 [2]:106 [3]:364
[0]:166089888 [1]:22225858 [2]:106 [3]:357
[0]:166282734 [1]:22258973 [2]:106 [3]:367
[0]:166484636 [1]:22293530 [2]:106 [3]:66
[0]:166686175 [1]:22328119 [2]:106 [3]:362
[0]:166906948 [1]:22366087 [2]:106 [3]:356
[0]:167101172 [1]:22399383 [2]:106 [3]:361
[0]:167296779 [1]:22432907 [2]:106 [3]:355
[0]:167490030 [1]:22465994 [2]:106 [3]:354
[0]:167684305 [1]:22499422 [2]:106 [3]:366
[0]:167878565 [1]:22532837 [2]:107 [3]:60
[0]:168069180 [1]:22565473 [2]:107 [3]:366
[0]:168260970 [1]:22598271 [2]:107 [3]:365
[0]:168456405 [1]:22631689 [2]:107 [3]:64
[0]:168645980 [1]:22664223 [2]:107 [3]:368
[0]:168841686 [1]:22697831 [2]:107 [3]:54
[0]:169033327 [1]:22730840 [2]:107 [3]:358
[0]:169226428 [1]:22763792 [2]:107 [3]:355
[0]:169413760 [1]:22795968 [2]:107 [3]:367
[0]:169605348 [1]:22828772 [2]:107 [3]:67
[0]:169799703 [1]:22862073 [2]:107 [3]:358
[0]:169994118 [1]:22895360 [2]:107 [3]:58
[0]:170218599 [1]:22933750 [2]:107 [3]:368
[0]:170455635 [1]:22974474 [2]:107 [3]:366
[0]:170660842 [1]:23009733 [2]:107 [3]:364
[0]:170853755 [1]:23042687 [2]:107 [3]:363
[0]:171051971 [1]:23076699 [2]:107 [3]:57
[0]:171276157 [1]:23115083 [2]:107 [3]:57
[0]:171464748 [1]:23147597 [2]:107 [3]:361
[0]:171660958 [1]:23181324 [2]:107 [3]:74
[0]:171855308 [1]:23214623 [2]:107 [3]:71
[0]:172049730 [1]:23247823 [2]:107 [3]:369
[0]:172247225 [1]:23281860 [2]:107 [3]:365
[0]:172473146 [1]:23320638 [2]:107 [3]:364
[0]:172669746 [1]:23354245 [2]:107 [3]:61
[0]:172905558 [1]:23394699 [2]:107 [3]:67
[0]:173099838 [1]:23427914 [2]:107 [3]:357
[0]:173316494 [1]:23465042 [2]:107 [3]:65
[0]:173510757 [1]:23498377 [2]:107 [3]:56
[0]:173712587 [1]:23532944 [2]:107 [3]:356
[0]:173940322 [1]:23571894 [2]:107 [3]:370
[0]:174150093 [1]:23608056 [2]:107 [3]:64
[0]:174362154 [1]:23644392 [2]:107 [3]:367
[0]:174565771 [1]:23679284 [2]:107 [3]:59
[0]:174752392 [1]:23711318 [2]:107 [3]:67
[0]:174953777 [1]:23745766 [2]:107 [3]:59
[0]:175150424 [1]:23779496 [2]:107 [3]:64
[0]:175353609 [1]:23814411 [2]:107 [3]:372
[0]:175541999 [1]:23846726 [2]:107 [3]:70
[0]:175751012 [1]:23882542 [2]:107 [3]:360
[0]:175951574 [1]:23916883 [2]:107 [3]:66
[0]:176145995 [1]:23950213 [2]:107 [3]:64
[0]:176340325 [1]:23983519 [2]:107 [3]:59
[0]:176538479 [1]:24017603 [2]:107 [3]:367
[0]:176764855 [1]:24056402 [2]:107 [3]:69
[0]:176959328 [1]:24089751 [2]:107 [3]:57
[0]:177150121 [1]:24122547 [2]:107 [3]:362
[0]:177349382 [1]:24156698 [2]:107 [3]:69
[0]:177552231 [1]:24191502 [2]:107 [3]:367
[0]:177751198 [1]:24225555 [2]:107 [3]:365
[0]:177958391 [1]:24261131 [2]:107 [3]:359
[0]:178159851 [1]:24295603 [2]:107 [3]:351
[0]:178347416 [1]:24327733 [2]:107 [3]:68
[0]:178541381 [1]:24361005 [2]:107 [3]:60
[0]:178743573 [1]:24395588 [2]:107 [3]:63
[0]:178960255 [1]:24432791 [2]:107 [3]:363
[0]:179152933 [1]:24465877 [2]:107 [3]:361
[0]:179337758 [1]:24497582 [2]:107 [3]:353
[0]:179532156 [1]:24530869 [2]:107 [3]:360
[0]:179722758 [1]:24563507 [2]:107 [3]:365
[0]:179923549 [1]:24597930 [2]:107 [3]:361
[0]:180126463 [1]:24632776 [2]:107 [3]:62
[0]:180331624 [1]:24667896 [2]:107 [3]:61
[0]:180560079 [1]:24706981 [2]:107 [3]:59
[0]:180754389 [1]:24740294 [2]:107 [3]:361
[0]:180952617 [1]:24774260 [2]:107 [3]:71
[0]:181146932 [1]:24807607 [2]:107 [3]:364
[0]:181348888 [1]:24842255 [2]:107 [3]:367
[0]:181550347 [1]:24876688 [2]:107 [3]:356
[0]:181812317 [1]:24921606 [2]:107 [3]:357
[0]:182016610 [1]:24956656 [2]:107 [3]:358
[0]:182208284 [1]:24989669 [2]:107 [3]:366
[0]:182413898 [1]:25024967 [2]:107 [3]:365
[0]:182615403 [1]:25059484 [2]:107 [3]:61
[0]:182813794 [1]:25093574 [2]:107 [3]:364
[0]:183011839 [1]:25127514 [2]:107 [3]:354
[0]:183206237 [1]:25160861 [2]:107 [3]:357
[0]:183471283 [1]:25206285 [2]:107 [3]:358
[0]:183666044 [1]:25239599 [2]:107 [3]:66
[0]:183886451 [1]:25277398 [2]:107 [3]:60
[0]:184080874 [1]:25310742 [2]:107 [3]:61
[0]:184283670 [1]:25345411 [2]:107 [3]:358
[0]:184478470 [1]:25378813 [2]:107 [3]:363
[0]:184675083 [1]:25412575 [2]:107 [3]:362
[0]:184872278 [1]:25446474 [2]:107 [3]:361
[0]:185067054 [1]:25479924 [2]:107 [3]:63
[0]:185291415 [1]:25518435 [2]:107 [3]:61
[0]:185489835 [1]:25552477 [2]:107 [3]:365
[0]:185691634 [1]:25587082 [2]:107 [3]:72
[0]:185893190 [1]:25621654 [2]:107 [3]:369
[0]:186087853 [1]:25654950 [2]:107 [3]:369
[0]:186300323 [1]:25691438 [2]:107 [3]:71
[0]:186497833 [1]:25725304 [2]:107 [3]:364
[0]:186692255 [1]:25758645 [2]:107 [3]:354
[0]:186883955 [1]:25791373 [2]:107 [3]:359
[0]:187078353 [1]:25824733 [2]:107 [3]:367
[0]:187272661 [1]:25858046 [2]:107 [3]:67
[0]:187489432 [1]:25895202 [2]:107 [3]:362
[0]:187687359 [1]:25929155 [2]:107 [3]:354
[0]:187881854 [1]:25962549 [2]:107 [3]:361
[0]:188087418 [1]:25997783 [2]:107 [3]:360
[0]:188293041 [1]:26032989 [2]:107 [3]:360
[0]:188513558 [1]:26070758 [2]:107 [3]:363
[0]:188721895 [1]:26106467 [2]:107 [3]:355
[0]:188924824 [1]:26141293 [2]:107 [3]:69
[0]:189138064 [1]:26177911 [2]:107 [3]:63
[0]:189335548 [1]:26211757 [2]:107 [3]:356
[0]:189529718 [1]:26245075 [2]:107 [3]:73
[0]:189761796 [1]:26284933 [2]:107 [3]:57
[0]:189959841 [1]:26318882 [2]:107 [3]:352
[0]:190171386 [1]:26355232 [2]:107 [3]:357
[0]:190400812 [1]:26394563 [2]:107 [3]:361
[0]:190606256 [1]:26429938 [2]:107 [3]:364
[0]:190809173 [1]:26464673 [2]:107 [3]:82
[0]:191002124 [1]:26497709 [2]:107 [3]:363
[0]:191200620 [1]:26531758 [2]:107 [3]:58
[0]:191394648 [1]:26565007 [2]:107 [3]:359
[0]:191587206 [1]:26598076 [2]:107 [3]:365
[0]:191776630 [1]:26630595 [2]:107 [3]:366
[0]:192007545 [1]:26670226 [2]:107 [3]:363
[0]:192205458 [1]:26704274 [2]:107 [3]:66
[0]:192400258 [1]:26737543 [2]:107 [3]:357
[0]:192630888 [1]:26777053 [2]:107 [3]:62
[0]:192818812 [1]:26809362 [2]:107 [3]:353
[0]:193031733 [1]:26845995 [2]:107 [3]:60
[0]:193244111 [1]:26882494 [2]:107 [3]:360
[0]:193444524 [1]:26916855 [2]:107 [3]:362
[0]:193666761 [1]:26954931 [2]:107 [3]:364
[0]:193868373 [1]:26989625 [2]:107 [3]:362
[0]:194055275 [1]:27021615 [2]:107 [3]:351
[0]:194253834 [1]:27055732 [2]:107 [3]:363
[0]:194485279 [1]:27095363 [2]:107 [3]:373
[0]:194728406 [1]:27137054 [2]:107 [3]:63
[0]:194934053 [1]:27172224 [2]:107 [3]:364
[0]:195132163 [1]:27206138 [2]:107 [3]:65
[0]:195333968 [1]:27240828 [2]:107 [3]:364
[0]:195547127 [1]:27277278 [2]:107 [3]:54
[0]:195756362 [1]:27313161 [2]:107 [3]:356
[0]:195958158 [1]:27347781 [2]:107 [3]:62
[0]:196170914 [1]:27384341 [2]:107 [3]:58
[0]:196372934 [1]:27419031 [2]:107 [3]:66
[0]:196570858 [1]:27453106 [2]:107 [3]:367
[0]:196776608 [1]:27488354 [2]:107 [3]:365
[0]:196981244 [1]:27523488 [2]:107 [3]:366
[0]:197183588 [1]:27558136 [2]:107 [3]:59
[0]:197395366 [1]:27594405 [2]:107 [3]:69
[0]:197606768 [1]:27630610 [2]:107 [3]:59
[0]:197811867 [1]:27665772 [2]:107 [3]:359
[0]:198006059 [1]:27699187 [2]:107 [3]:361
[0]:198208120 [1]:27733768 [2]:107 [3]:371
[0]:198398478 [1]:27766441 [2]:107 [3]:364
[0]:198611630 [1]:27803019 [2]:107 [3]:367
[0]:198813546 [1]:27837660 [2]:107 [3]:353
[0]:199008480 [1]:27871145 [2]:107 [3]:65
[0]:199198118 [1]:27903589 [2]:107 [3]:367
[0]:199400212 [1]:27938206 [2]:107 [3]:358
[0]:199590937 [1]:27970824 [2]:107 [3]:58
[0]:199785437 [1]:28004176 [2]:107 [3]:56
[0]:199987069 [1]:28038718 [2]:107 [3]:366
[0]:200218695 [1]:28078444 [2]:107 [3]:65
[0]:200416782 [1]:28112506 [2]:107 [3]:363
[0]:200585530 [1]:28141497 [2]:107 [3]:360
[0]:200585530 [1]:28141497 [2]:107 [3]:360
[0]:200585530 [1]:28141497 [2]:107 [3]:360
[0]:200585530 [1]:28141497 [2]:107 [3]:360
[0]:200585530 [1]:28141497 [2]:107 [3]:360
[0]:200585530 [1]:28141497 [2]:107 [3]:360
[0]:200585530 [1]:28141497 [2]:107 [3]:360
[0]:200585530 [1]:28141497 [2]:107 [3]:360
[0]:200585530 [1]:28141497 [2]:107 [3]:360
[0]:200585530 [1]:28141497 [2]:107 [3]:360
[0]:200585530 [1]:28141497 [2]:107 [3]:360
[0]:200585530 [1]:28141497 [2]:107 [3]:360
                                                                                      [0]:200585530 [1]:28141497 [2]:107 [3]:360
[0]:200585530 [1]:28141497 [2]:107 [3]:360
[0]:200585530 [1]:28141497 [2]:107 [3]:360
[0]:200585530 [1]:28141497 [2]:107 [3]:360
[0]:200585530 [1]:28141497 [2]:107 [3]:360
[0]:200585530 [1]:28141497 [2]:107 [3]:360
