[0]:0 [1]:0 [2]:0 [3]:0
[0]:52993 [1]:0 [2]:0 [3]:323
[0]:280913 [1]:0 [2]:0 [3]:57
[0]:500111 [1]:0 [2]:0 [3]:79
[0]:736271 [1]:0 [2]:0 [3]:327
[0]:1020710 [1]:0 [2]:0 [3]:56
[0]:1223271 [1]:19813 [2]:120 [3]:66
[0]:1414312 [1]:41255 [2]:120 [3]:362
[0]:1609027 [1]:63267 [2]:120 [3]:360
[0]:1814922 [1]:86464 [2]:120 [3]:366
[0]:2020703 [1]:109753 [2]:120 [3]:359
[0]:2223002 [1]:132651 [2]:120 [3]:365
[0]:2414148 [1]:154137 [2]:120 [3]:66
[0]:2612216 [1]:176464 [2]:111 [3]:367
[0]:2811062 [1]:198841 [2]:111 [3]:355
[0]:3043219 [1]:225014 [2]:111 [3]:370
[0]:3237860 [1]:247049 [2]:111 [3]:357
[0]:3447415 [1]:270619 [2]:111 [3]:352
[0]:3645986 [1]:292958 [2]:111 [3]:60
[0]:3840796 [1]:315000 [2]:111 [3]:370
[0]:4035791 [1]:336871 [2]:111 [3]:366
[0]:4233388 [1]:359222 [2]:103 [3]:358
[0]:4443606 [1]:382807 [2]:103 [3]:361
[0]:4640880 [1]:405070 [2]:103 [3]:378
[0]:4859673 [1]:429726 [2]:103 [3]:365
[0]:5058069 [1]:452102 [2]:103 [3]:357
[0]:5258890 [1]:474946 [2]:103 [3]:361
[0]:5457021 [1]:497151 [2]:103 [3]:71
[0]:5649533 [1]:518862 [2]:97 [3]:63
[0]:5851834 [1]:541814 [2]:97 [3]:64
[0]:6059918 [1]:565353 [2]:97 [3]:61
[0]:6259106 [1]:587756 [2]:97 [3]:364
[0]:6446944 [1]:608803 [2]:97 [3]:74
[0]:6638231 [1]:630532 [2]:97 [3]:67
[0]:6836337 [1]:652927 [2]:97 [3]:72
[0]:7038666 [1]:675752 [2]:97 [3]:360
[0]:7248070 [1]:699348 [2]:92 [3]:55
[0]:7443047 [1]:721498 [2]:92 [3]:58
[0]:7641534 [1]:743883 [2]:92 [3]:77
[0]:7839929 [1]:766261 [2]:92 [3]:71
[0]:8094349 [1]:794967 [2]:92 [3]:367
[0]:8285509 [1]:816660 [2]:92 [3]:365
[0]:8493611 [1]:840226 [2]:92 [3]:62
[0]:8682711 [1]:861541 [2]:88 [3]:60
[0]:8876997 [1]:883422 [2]:88 [3]:371
[0]:9075603 [1]:905878 [2]:88 [3]:64
[0]:9271508 [1]:927944 [2]:88 [3]:63
[0]:9470022 [1]:950397 [2]:88 [3]:364
[0]:9670993 [1]:973026 [2]:88 [3]:62
[0]:9870933 [1]:995577 [2]:88 [3]:63
[0]:10064025 [1]:1017421 [2]:88 [3]:364
[0]:10262634 [1]:1039762 [2]:85 [3]:47
[0]:10461188 [1]:1062092 [2]:85 [3]:69
[0]:10653130 [1]:1083756 [2]:85 [3]:362
[0]:10858065 [1]:1106830 [2]:85 [3]:373
[0]:11052950 [1]:1128765 [2]:85 [3]:62
[0]:11244092 [1]:1150207 [2]:85 [3]:360
[0]:11439877 [1]:1172394 [2]:85 [3]:70
[0]:11705324 [1]:1202344 [2]:85 [3]:348
[0]:11907058 [1]:1225030 [2]:83 [3]:362
[0]:12109037 [1]:1247740 [2]:83 [3]:65
[0]:12296849 [1]:1269030 [2]:83 [3]:76
[0]:12490632 [1]:1290916 [2]:83 [3]:73
[0]:12685256 [1]:1312862 [2]:83 [3]:68
[0]:12883092 [1]:1335127 [2]:83 [3]:371
[0]:13116385 [1]:1361391 [2]:83 [3]:56
[0]:13354215 [1]:1388167 [2]:81 [3]:66
[0]:13564193 [1]:1411937 [2]:81 [3]:70
[0]:13763668 [1]:1434631 [2]:81 [3]:75
[0]:13962328 [1]:1457003 [2]:81 [3]:354
[0]:14161075 [1]:1479392 [2]:81 [3]:72
[0]:14359283 [1]:1501839 [2]:81 [3]:365
[0]:14557735 [1]:1524164 [2]:81 [3]:68
[0]:14752606 [1]:1546134 [2]:81 [3]:59
[0]:14946818 [1]:1568032 [2]:79 [3]:59
[0]:15159453 [1]:1592077 [2]:79 [3]:62
[0]:15355524 [1]:1614218 [2]:79 [3]:364
[0]:15564680 [1]:1638024 [2]:79 [3]:369
[0]:15780039 [1]:1662348 [2]:79 [3]:70
[0]:15983064 [1]:1685123 [2]:79 [3]:70
[0]:16194203 [1]:1708917 [2]:79 [3]:62
[0]:16384884 [1]:1730500 [2]:78 [3]:55
[0]:16598052 [1]:1754492 [2]:78 [3]:354
[0]:16793463 [1]:1776447 [2]:78 [3]:360
[0]:16995779 [1]:1799465 [2]:78 [3]:64
[0]:17188817 [1]:1821433 [2]:78 [3]:357
[0]:17413577 [1]:1846683 [2]:78 [3]:63
[0]:17616985 [1]:1869601 [2]:78 [3]:55
[0]:17840337 [1]:1894685 [2]:78 [3]:65
[0]:18028892 [1]:1915895 [2]:77 [3]:54
[0]:18232908 [1]:1938937 [2]:77 [3]:56
[0]:18497783 [1]:1968791 [2]:77 [3]:367
[0]:18714189 [1]:1993188 [2]:77 [3]:69
[0]:18912687 [1]:2015718 [2]:77 [3]:354
[0]:19148587 [1]:2042340 [2]:77 [3]:62
[0]:19343422 [1]:2064273 [2]:77 [3]:66
[0]:19541406 [1]:2086401 [2]:76 [3]:361
[0]:19755687 [1]:2110467 [2]:76 [3]:69
[0]:19954259 [1]:2132822 [2]:76 [3]:356
[0]:20153950 [1]:2155417 [2]:76 [3]:70
[0]:20396030 [1]:2182747 [2]:76 [3]:66
[0]:20590739 [1]:2204712 [2]:76 [3]:59
[0]:20786204 [1]:2226741 [2]:76 [3]:360
[0]:20987616 [1]:2249466 [2]:75 [3]:60
[0]:21189902 [1]:2272404 [2]:75 [3]:364
[0]:21380794 [1]:2293894 [2]:75 [3]:64
[0]:21573206 [1]:2315697 [2]:75 [3]:70
[0]:21834100 [1]:2345102 [2]:75 [3]:61
[0]:22039729 [1]:2368424 [2]:75 [3]:363
[0]:22322732 [1]:2400387 [2]:75 [3]:86
[0]:22545157 [1]:2425565 [2]:75 [3]:71
[0]:22742634 [1]:2447907 [2]:75 [3]:369
[0]:22934593 [1]:2469494 [2]:75 [3]:363
[0]:23129180 [1]:2491472 [2]:75 [3]:367
[0]:23323519 [1]:2513444 [2]:75 [3]:72
[0]:23523790 [1]:2536084 [2]:75 [3]:371
[0]:23769162 [1]:2563935 [2]:75 [3]:60
[0]:23962062 [1]:2585676 [2]:75 [3]:70
[0]:24155036 [1]:2607426 [2]:75 [3]:372
[0]:24361073 [1]:2630552 [2]:75 [3]:61
[0]:24566819 [1]:2653731 [2]:75 [3]:58
[0]:24775536 [1]:2677307 [2]:75 [3]:356
[0]:24964154 [1]:2698464 [2]:75 [3]:77
[0]:25159918 [1]:2720607 [2]:75 [3]:76
[0]:25360085 [1]:2742988 [2]:75 [3]:62
[0]:25565530 [1]:2766218 [2]:75 [3]:71
[0]:25780476 [1]:2790583 [2]:75 [3]:58
[0]:25975072 [1]:2812483 [2]:75 [3]:63
[0]:26173728 [1]:2834884 [2]:75 [3]:356
[0]:26374612 [1]:2857683 [2]:75 [3]:365
[0]:26566774 [1]:2879291 [2]:75 [3]:363
[0]:26768763 [1]:2902080 [2]:75 [3]:365
[0]:26967538 [1]:2924401 [2]:75 [3]:59
[0]:27166965 [1]:2946859 [2]:75 [3]:367
[0]:27356977 [1]:2968302 [2]:75 [3]:64
[0]:27553812 [1]:2990584 [2]:75 [3]:54
