[0]:0 [1]:0 [2]:0 [3]:0
[0]:0 [1]:0 [2]:0 [3]:0
[0]:133516 [1]:0 [2]:0 [3]:57
[0]:352438 [1]:0 [2]:0 [3]:97
[0]:579648 [1]:0 [2]:0 [3]:317
[0]:849920 [1]:0 [2]:0 [3]:316
[0]:1087890 [1]:4070 [2]:120 [3]:60
[0]:1284335 [1]:24572 [2]:120 [3]:67
[0]:1484063 [1]:45414 [2]:120 [3]:68
[0]:1686742 [1]:66589 [2]:120 [3]:359
[0]:1889371 [1]:87636 [2]:120 [3]:357
[0]:2086758 [1]:108325 [2]:120 [3]:358
[0]:2288841 [1]:129395 [2]:120 [3]:354
[0]:2494463 [1]:151015 [2]:120 [3]:65
[0]:2709818 [1]:173391 [2]:97 [3]:61
[0]:2913220 [1]:194521 [2]:97 [3]:65
[0]:3171168 [1]:221265 [2]:97 [3]:58
[0]:3360174 [1]:240983 [2]:97 [3]:65
[0]:3560161 [1]:261946 [2]:97 [3]:73
[0]:3773258 [1]:284084 [2]:97 [3]:51
[0]:3971801 [1]:304681 [2]:97 [3]:58
[0]:4165974 [1]:324911 [2]:85 [3]:367
[0]:4368742 [1]:346023 [2]:85 [3]:59
[0]:4562651 [1]:366152 [2]:85 [3]:362
[0]:4766844 [1]:387352 [2]:85 [3]:365
[0]:4967422 [1]:408210 [2]:85 [3]:60
[0]:5165106 [1]:428709 [2]:85 [3]:68
[0]:5355666 [1]:448504 [2]:85 [3]:85
[0]:5565443 [1]:470287 [2]:85 [3]:63
[0]:5763597 [1]:490958 [2]:79 [3]:63
[0]:5954164 [1]:510903 [2]:79 [3]:72
[0]:6144905 [1]:530717 [2]:79 [3]:70
[0]:6343094 [1]:551413 [2]:79 [3]:359
[0]:6563935 [1]:574331 [2]:79 [3]:67
[0]:6776965 [1]:596589 [2]:79 [3]:366
[0]:6973866 [1]:616902 [2]:79 [3]:51
[0]:7181132 [1]:638512 [2]:79 [3]:361
[0]:7377166 [1]:658929 [2]:76 [3]:73
[0]:7596818 [1]:684313 [2]:76 [3]:362
[0]:7797557 [1]:716206 [2]:76 [3]:56
[0]:8023179 [1]:751949 [2]:76 [3]:365
[0]:8219255 [1]:783124 [2]:76 [3]:54
[0]:8435691 [1]:817542 [2]:76 [3]:361
[0]:8691047 [1]:858120 [2]:76 [3]:368
[0]:8887222 [1]:889245 [2]:76 [3]:59
[0]:9108869 [1]:924580 [2]:76 [3]:363
[0]:9308471 [1]:956460 [2]:87 [3]:366
[0]:9506318 [1]:987946 [2]:87 [3]:363
[0]:9706109 [1]:1019725 [2]:87 [3]:357
[0]:9917902 [1]:1053357 [2]:87 [3]:62
[0]:10117604 [1]:1085070 [2]:87 [3]:63
[0]:10314636 [1]:1116508 [2]:87 [3]:360
[0]:10509380 [1]:1147542 [2]:87 [3]:357
[0]:10717376 [1]:1180471 [2]:87 [3]:360
[0]:10916649 [1]:1212151 [2]:87 [3]:64
[0]:11123949 [1]:1245141 [2]:87 [3]:359
[0]:11312236 [1]:1275020 [2]:95 [3]:71
[0]:11506207 [1]:1305696 [2]:95 [3]:359
[0]:11700524 [1]:1336442 [2]:95 [3]:357
[0]:11905446 [1]:1369061 [2]:95 [3]:61
[0]:12107985 [1]:1401156 [2]:95 [3]:67
[0]:12305862 [1]:1432576 [2]:95 [3]:65
[0]:12554901 [1]:1472055 [2]:95 [3]:355
[0]:12756607 [1]:1503962 [2]:95 [3]:368
[0]:12964591 [1]:1536928 [2]:95 [3]:359
[0]:13163064 [1]:1568397 [2]:95 [3]:361
[0]:13372644 [1]:1601691 [2]:99 [3]:360
[0]:13559192 [1]:1631325 [2]:99 [3]:362
[0]:13760787 [1]:1663388 [2]:99 [3]:365
[0]:13981770 [1]:1698459 [2]:99 [3]:370
[0]:14178478 [1]:1729689 [2]:99 [3]:364
[0]:14368864 [1]:1759911 [2]:99 [3]:61
[0]:14577699 [1]:1793057 [2]:99 [3]:71
[0]:14783271 [1]:1825763 [2]:99 [3]:73
[0]:14984563 [1]:1857855 [2]:99 [3]:369
[0]:15171068 [1]:1887598 [2]:99 [3]:358
[0]:15361465 [1]:1917732 [2]:101 [3]:64
[0]:15556826 [1]:1948804 [2]:101 [3]:71
[0]:15753206 [1]:1980062 [2]:101 [3]:363
[0]:15946260 [1]:2010696 [2]:101 [3]:357
[0]:16152201 [1]:2043384 [2]:101 [3]:361
[0]:16344569 [1]:2073801 [2]:101 [3]:62
[0]:16544371 [1]:2105703 [2]:101 [3]:361
[0]:16738364 [1]:2136547 [2]:101 [3]:357
[0]:16954966 [1]:2170762 [2]:101 [3]:365
[0]:17145333 [1]:2201014 [2]:101 [3]:66
[0]:17335070 [1]:2231170 [2]:102 [3]:361
[0]:17525793 [1]:2261487 [2]:102 [3]:365
[0]:17725183 [1]:2293200 [2]:102 [3]:368
[0]:17917598 [1]:2323788 [2]:102 [3]:53
[0]:18121910 [1]:2356240 [2]:102 [3]:365
[0]:18332605 [1]:2389660 [2]:102 [3]:360
[0]:18533375 [1]:2421539 [2]:102 [3]:65
[0]:18729395 [1]:2452612 [2]:102 [3]:354
[0]:18934602 [1]:2485157 [2]:102 [3]:362
[0]:19133205 [1]:2516772 [2]:102 [3]:67
[0]:19350723 [1]:2551460 [2]:103 [3]:65
[0]:19552812 [1]:2583680 [2]:103 [3]:57
[0]:19768612 [1]:2618028 [2]:103 [3]:90
[0]:19966216 [1]:2649352 [2]:103 [3]:71
[0]:20160357 [1]:2680277 [2]:103 [3]:361
[0]:20364167 [1]:2712690 [2]:103 [3]:65
[0]:20566950 [1]:2744877 [2]:103 [3]:363
[0]:20764907 [1]:2776217 [2]:103 [3]:365
[0]:20966424 [1]:2808214 [2]:103 [3]:366
[0]:21183189 [1]:2842531 [2]:103 [3]:76
[0]:21376778 [1]:2873304 [2]:103 [3]:356
[0]:21584614 [1]:2906247 [2]:103 [3]:58
[0]:21798802 [1]:2940285 [2]:103 [3]:359
[0]:22010001 [1]:2973786 [2]:103 [3]:54
[0]:22237100 [1]:3009823 [2]:103 [3]:361
[0]:22433176 [1]:3041150 [2]:103 [3]:56
[0]:22629931 [1]:3072532 [2]:103 [3]:363
[0]:22819700 [1]:3102703 [2]:103 [3]:358
[0]:23007071 [1]:3132436 [2]:103 [3]:52
[0]:23198514 [1]:3162914 [2]:103 [3]:367
[0]:23398010 [1]:3194640 [2]:103 [3]:366
[0]:23593489 [1]:3225769 [2]:103 [3]:62
[0]:23791415 [1]:3257090 [2]:103 [3]:66
[0]:23981606 [1]:3287160 [2]:103 [3]:356
[0]:24172988 [1]:3317586 [2]:103 [3]:361
[0]:24388270 [1]:3351856 [2]:103 [3]:65
[0]:24583190 [1]:3382835 [2]:103 [3]:64
[0]:24782403 [1]:3414410 [2]:103 [3]:360
[0]:24971712 [1]:3444478 [2]:103 [3]:360
[0]:25166845 [1]:3475602 [2]:103 [3]:58
[0]:25388721 [1]:3510951 [2]:103 [3]:369
[0]:25578737 [1]:3540982 [2]:103 [3]:53
[0]:25776517 [1]:3572394 [2]:103 [3]:52
[0]:25965280 [1]:3602419 [2]:103 [3]:368
[0]:26157110 [1]:3632824 [2]:103 [3]:362
[0]:26354595 [1]:3664253 [2]:103 [3]:360
[0]:26567272 [1]:3698028 [2]:103 [3]:67
[0]:26760109 [1]:3728668 [2]:103 [3]:62
[0]:26989353 [1]:3765067 [2]:103 [3]:354
[0]:27194999 [1]:3797667 [2]:103 [3]:72
[0]:27406972 [1]:3831344 [2]:103 [3]:357
[0]:27645089 [1]:3869088 [2]:103 [3]:58
[0]:27835107 [1]:3899349 [2]:103 [3]:69
[0]:28031691 [1]:3930667 [2]:103 [3]:60
[0]:28224464 [1]:3961168 [2]:103 [3]:55
[0]:28452106 [1]:3997202 [2]:103 [3]:367
[0]:28636657 [1]:4026521 [2]:103 [3]:364
[0]:28832659 [1]:4057772 [2]:103 [3]:362
[0]:29062569 [1]:4094324 [2]:103 [3]:349
[0]:29271609 [1]:4127521 [2]:103 [3]:358
[0]:29473051 [1]:4159506 [2]:103 [3]:358
[0]:29666942 [1]:4190310 [2]:103 [3]:362
[0]:29904165 [1]:4228223 [2]:103 [3]:70
[0]:30099708 [1]:4259403 [2]:103 [3]:69
[0]:30304920 [1]:4292003 [2]:103 [3]:63
[0]:30502378 [1]:4323456 [2]:103 [3]:358
[0]:30722779 [1]:4358628 [2]:103 [3]:82
[0]:30957679 [1]:4396041 [2]:103 [3]:58
[0]:31155497 [1]:4427395 [2]:103 [3]:366
[0]:31386907 [1]:4464094 [2]:103 [3]:60
[0]:31584556 [1]:4495692 [2]:103 [3]:69
[0]:31774797 [1]:4525940 [2]:103 [3]:54
[0]:31980294 [1]:4558482 [2]:103 [3]:368
[0]:32196731 [1]:4592816 [2]:103 [3]:364
[0]:32394345 [1]:4624253 [2]:103 [3]:373
[0]:32586661 [1]:4654797 [2]:103 [3]:66
[0]:32792495 [1]:4687409 [2]:103 [3]:356
[0]:33073715 [1]:4732030 [2]:103 [3]:366
[0]:33267522 [1]:4762971 [2]:103 [3]:76
[0]:33461673 [1]:4793776 [2]:103 [3]:74
[0]:33666884 [1]:4826475 [2]:103 [3]:361
[0]:33873648 [1]:4859325 [2]:103 [3]:359
[0]:34058860 [1]:4888694 [2]:103 [3]:367
[0]:34330828 [1]:4931915 [2]:103 [3]:364
[0]:34521487 [1]:4962158 [2]:103 [3]:61
[0]:34719323 [1]:4993581 [2]:103 [3]:370
[0]:34916933 [1]:5024929 [2]:103 [3]:360
[0]:35114631 [1]:5056445 [2]:103 [3]:356
[0]:35327194 [1]:5090396 [2]:103 [3]:364
[0]:35525079 [1]:5121806 [2]:103 [3]:61
[0]:35711564 [1]:5151366 [2]:103 [3]:57
[0]:35909352 [1]:5182710 [2]:103 [3]:356
[0]:36110883 [1]:5214813 [2]:103 [3]:60
[0]:36323573 [1]:5248626 [2]:103 [3]:370
[0]:36517644 [1]:5279379 [2]:103 [3]:359
[0]:36719221 [1]:5311456 [2]:103 [3]:359
[0]:36913102 [1]:5342074 [2]:103 [3]:361
[0]:37107079 [1]:5373034 [2]:103 [3]:62
[0]:37308773 [1]:5405077 [2]:103 [3]:361
[0]:37506485 [1]:5436599 [2]:103 [3]:61
[0]:37696061 [1]:5466831 [2]:103 [3]:49
[0]:37894460 [1]:5498359 [2]:103 [3]:360
[0]:38088649 [1]:5529259 [2]:103 [3]:368
[0]:38312906 [1]:5564889 [2]:103 [3]:360
[0]:38539970 [1]:5600903 [2]:103 [3]:57
[0]:38775125 [1]:5638193 [2]:103 [3]:355
[0]:38972929 [1]:5669583 [2]:103 [3]:355
[0]:39184150 [1]:5703279 [2]:103 [3]:367
[0]:39378336 [1]:5734339 [2]:103 [3]:69
[0]:39578492 [1]:5766037 [2]:103 [3]:74
[0]:39782535 [1]:5798440 [2]:103 [3]:65
[0]:39980249 [1]:5829864 [2]:103 [3]:354
[0]:40180601 [1]:5861764 [2]:103 [3]:352
[0]:40372136 [1]:5892226 [2]:103 [3]:80
[0]:40618978 [1]:5931481 [2]:103 [3]:370
[0]:40831092 [1]:5965073 [2]:103 [3]:54
[0]:41032093 [1]:5997039 [2]:103 [3]:367
[0]:41225007 [1]:6027722 [2]:103 [3]:62
[0]:41424323 [1]:6059363 [2]:103 [3]:357
[0]:41640810 [1]:6093728 [2]:103 [3]:364
[0]:41846193 [1]:6126170 [2]:103 [3]:62
[0]:42040133 [1]:6157000 [2]:103 [3]:356
[0]:42227404 [1]:6186776 [2]:103 [3]:357
[0]:42424514 [1]:6218083 [2]:103 [3]:363
[0]:42623483 [1]:6249684 [2]:103 [3]:65
[0]:42828735 [1]:6282414 [2]:103 [3]:58
[0]:43027299 [1]:6313986 [2]:103 [3]:60
[0]:43223016 [1]:6345043 [2]:103 [3]:56
[0]:43415670 [1]:6375555 [2]:103 [3]:365
[0]:43615179 [1]:6407149 [2]:103 [3]:353
[0]:43824014 [1]:6440266 [2]:103 [3]:57
[0]:44025453 [1]:6472303 [2]:103 [3]:56
[0]:44230073 [1]:6504765 [2]:103 [3]:366
[0]:44434298 [1]:6537128 [2]:103 [3]:356
[0]:44621437 [1]:6566842 [2]:103 [3]:358
[0]:44809278 [1]:6596565 [2]:103 [3]:68
[0]:45021936 [1]:6630354 [2]:103 [3]:365
[0]:45212291 [1]:6660528 [2]:103 [3]:71
[0]:45437702 [1]:6696295 [2]:103 [3]:65
[0]:45645319 [1]:6729320 [2]:103 [3]:365
[0]:45865290 [1]:6764313 [2]:103 [3]:361
[0]:46058242 [1]:6795119 [2]:103 [3]:352
[0]:46253342 [1]:6826169 [2]:103 [3]:370
[0]:46473439 [1]:6861143 [2]:103 [3]:357
[0]:46667463 [1]:6892061 [2]:103 [3]:363
[0]:46868956 [1]:6924084 [2]:103 [3]:57
[0]:47070194 [1]:6956010 [2]:103 [3]:359
[0]:47264595 [1]:6986791 [2]:103 [3]:358
[0]:47458656 [1]:7017573 [2]:103 [3]:363
[0]:47663835 [1]:7050236 [2]:103 [3]:70
[0]:47869031 [1]:7082986 [2]:103 [3]:372
[0]:48074208 [1]:7115509 [2]:103 [3]:366
[0]:48280575 [1]:7148324 [2]:103 [3]:355
[0]:48484634 [1]:7180789 [2]:103 [3]:60
[0]:48734537 [1]:7220564 [2]:103 [3]:62
[0]:48921080 [1]:7250290 [2]:103 [3]:357
[0]:49125568 [1]:7282968 [2]:103 [3]:357
[0]:49319388 [1]:7313674 [2]:103 [3]:61
[0]:49513806 [1]:7344533 [2]:103 [3]:351
[0]:49711416 [1]:7375874 [2]:103 [3]:360
[0]:49913784 [1]:7407930 [2]:103 [3]:369
[0]:50107843 [1]:7438703 [2]:103 [3]:367
[0]:50313173 [1]:7471327 [2]:103 [3]:360
[0]:50517226 [1]:7503825 [2]:103 [3]:369
[0]:50704880 [1]:7533582 [2]:103 [3]:363
[0]:50902668 [1]:7564940 [2]:103 [3]:60
[0]:51100142 [1]:7596281 [2]:103 [3]:356
[0]:51310625 [1]:7629752 [2]:103 [3]:61
[0]:51514539 [1]:7662137 [2]:103 [3]:63
[0]:51716324 [1]:7694159 [2]:103 [3]:66
[0]:51913056 [1]:7725463 [2]:103 [3]:359
[0]:52107809 [1]:7756381 [2]:103 [3]:354
[0]:52345250 [1]:7794120 [2]:103 [3]:59
[0]:52545684 [1]:7825959 [2]:103 [3]:365
[0]:52761060 [1]:7860120 [2]:103 [3]:367
[0]:52951388 [1]:7890351 [2]:103 [3]:364
[0]:53145388 [1]:7921146 [2]:103 [3]:56
[0]:53402880 [1]:7961977 [2]:103 [3]:360
[0]:53589417 [1]:7991611 [2]:103 [3]:66
[0]:53785621 [1]:8022709 [2]:103 [3]:61
[0]:53973853 [1]:8052581 [2]:103 [3]:361
[0]:54167898 [1]:8083545 [2]:103 [3]:362
[0]:54367713 [1]:8115373 [2]:103 [3]:55
[0]:54559203 [1]:8145726 [2]:103 [3]:365
[0]:54753718 [1]:8176659 [2]:103 [3]:365
[0]:54942575 [1]:8206691 [2]:103 [3]:369
[0]:55212647 [1]:8249695 [2]:103 [3]:62
[0]:55410282 [1]:8281156 [2]:103 [3]:373
[0]:55604310 [1]:8312033 [2]:103 [3]:376
[0]:55795695 [1]:8342490 [2]:103 [3]:66
[0]:55992335 [1]:8373765 [2]:103 [3]:366
[0]:56185165 [1]:8404548 [2]:103 [3]:73
[0]:56395379 [1]:8437889 [2]:103 [3]:359
[0]:56596782 [1]:8469940 [2]:103 [3]:361
[0]:56804522 [1]:8502884 [2]:103 [3]:358
[0]:56990610 [1]:8532467 [2]:103 [3]:70
[0]:57193629 [1]:8564899 [2]:103 [3]:380
[0]:57393254 [1]:8596699 [2]:103 [3]:70
[0]:57581794 [1]:8626626 [2]:103 [3]:46
[0]:57779417 [1]:8658213 [2]:103 [3]:78
[0]:57993873 [1]:8692253 [2]:103 [3]:69
[0]:58190126 [1]:8723424 [2]:103 [3]:56
[0]:58387918 [1]:8754791 [2]:103 [3]:55
[0]:58581248 [1]:8785709 [2]:103 [3]:366
[0]:58774935 [1]:8816547 [2]:103 [3]:372
[0]:58973426 [1]:8848071 [2]:103 [3]:361
[0]:59167571 [1]:8878940 [2]:103 [3]:366
[0]:59380177 [1]:8912656 [2]:103 [3]:363
[0]:59637112 [1]:8953525 [2]:103 [3]:364
[0]:59831604 [1]:8984588 [2]:103 [3]:361
[0]:60051219 [1]:9019436 [2]:103 [3]:359
[0]:60245816 [1]:9050212 [2]:103 [3]:64
[0]:60436002 [1]:9080438 [2]:103 [3]:363
[0]:60660120 [1]:9116071 [2]:103 [3]:63
[0]:60902385 [1]:9154516 [2]:103 [3]:62
[0]:61093822 [1]:9184951 [2]:103 [3]:355
[0]:61289071 [1]:9216050 [2]:103 [3]:62
[0]:61495884 [1]:9248861 [2]:103 [3]:63
[0]:61730928 [1]:9286144 [2]:103 [3]:359
[0]:61932576 [1]:9318132 [2]:103 [3]:360
[0]:62129401 [1]:9349323 [2]:103 [3]:65
[0]:62331892 [1]:9381541 [2]:103 [3]:363
[0]:62522133 [1]:9411859 [2]:103 [3]:63
[0]:62710932 [1]:9441818 [2]:103 [3]:373
[0]:62909736 [1]:9473325 [2]:103 [3]:369
[0]:63101092 [1]:9503794 [2]:103 [3]:54
[0]:63301286 [1]:9535750 [2]:103 [3]:359
[0]:63522205 [1]:9570846 [2]:103 [3]:356
[0]:63710253 [1]:9600582 [2]:103 [3]:366
[0]:63899033 [1]:9630567 [2]:103 [3]:355
[0]:64092050 [1]:9661303 [2]:103 [3]:59
[0]:64287049 [1]:9692366 [2]:103 [3]:369
[0]:64486516 [1]:9724089 [2]:103 [3]:364
