[0]:0 [1]:0 [2]:0 [3]:0
[0]:99306 [1]:0 [2]:0 [3]:93
[0]:347636 [1]:0 [2]:0 [3]:53
[0]:572763 [1]:0 [2]:0 [3]:320
[0]:794485 [1]:0 [2]:0 [3]:70
[0]:1014842 [1]:0 [2]:0 [3]:320
[0]:1215959 [1]:16948 [2]:121 [3]:79
[0]:1429445 [1]:38590 [2]:121 [3]:70
[0]:1623397 [1]:58231 [2]:121 [3]:58
[0]:1817642 [1]:77934 [2]:121 [3]:369
[0]:2027083 [1]:99062 [2]:121 [3]:359
[0]:2236544 [1]:120295 [2]:121 [3]:366
[0]:2430304 [1]:139904 [2]:121 [3]:67
[0]:2628673 [1]:159982 [2]:91 [3]:353
[0]:2826519 [1]:179964 [2]:91 [3]:75
[0]:3029063 [1]:200511 [2]:91 [3]:71
[0]:3222663 [1]:220151 [2]:91 [3]:64
[0]:3428944 [1]:241130 [2]:91 [3]:355
[0]:3623222 [1]:260723 [2]:91 [3]:366
[0]:3836273 [1]:282299 [2]:91 [3]:365
[0]:4034598 [1]:302378 [2]:91 [3]:64
[0]:4231535 [1]:322206 [2]:79 [3]:75
[0]:4451114 [1]:344609 [2]:79 [3]:364
[0]:4651177 [1]:364855 [2]:79 [3]:52
[0]:4852530 [1]:385402 [2]:79 [3]:67
[0]:5052277 [1]:405888 [2]:79 [3]:369
[0]:5289469 [1]:429769 [2]:79 [3]:90
[0]:5499319 [1]:450823 [2]:79 [3]:63
[0]:5705772 [1]:471663 [2]:79 [3]:355
[0]:5899141 [1]:491205 [2]:75 [3]:359
[0]:6094289 [1]:510896 [2]:75 [3]:53
[0]:6310470 [1]:532742 [2]:75 [3]:63
[0]:6509087 [1]:552911 [2]:75 [3]:62
[0]:6706819 [1]:573246 [2]:75 [3]:75
[0]:6893609 [1]:592322 [2]:75 [3]:67
[0]:7091120 [1]:612463 [2]:75 [3]:67
[0]:7289755 [1]:632448 [2]:74 [3]:364
[0]:7476667 [1]:651377 [2]:74 [3]:60
[0]:7692816 [1]:673379 [2]:74 [3]:369
[0]:7889435 [1]:693157 [2]:74 [3]:50
[0]:8104742 [1]:715036 [2]:74 [3]:45
[0]:8302269 [1]:735015 [2]:74 [3]:59
[0]:8493391 [1]:754412 [2]:74 [3]:69
[0]:8693786 [1]:774719 [2]:74 [3]:365
[0]:8889051 [1]:794550 [2]:72 [3]:62
[0]:9110203 [1]:816941 [2]:72 [3]:75
[0]:9326083 [1]:838834 [2]:72 [3]:361
[0]:9521434 [1]:858534 [2]:72 [3]:58
[0]:9717485 [1]:878455 [2]:72 [3]:66
[0]:9932649 [1]:900277 [2]:72 [3]:68
[0]:10127121 [1]:919839 [2]:72 [3]:69
[0]:10325202 [1]:939950 [2]:72 [3]:358
[0]:10512307 [1]:958794 [2]:71 [3]:363
[0]:10735642 [1]:981593 [2]:71 [3]:78
[0]:10948358 [1]:1003113 [2]:71 [3]:66
[0]:11158762 [1]:1024480 [2]:71 [3]:66
[0]:11383086 [1]:1047072 [2]:71 [3]:368
[0]:11585652 [1]:1067607 [2]:71 [3]:372
[0]:11780704 [1]:1087414 [2]:71 [3]:361
[0]:11976090 [1]:1107247 [2]:72 [3]:60
[0]:12171665 [1]:1127107 [2]:72 [3]:63
[0]:12387958 [1]:1149050 [2]:72 [3]:366
[0]:12582420 [1]:1168996 [2]:72 [3]:65
[0]:12811844 [1]:1192080 [2]:72 [3]:52
[0]:13008735 [1]:1212022 [2]:72 [3]:70
[0]:13215084 [1]:1232864 [2]:72 [3]:364
[0]:13406503 [1]:1252280 [2]:72 [3]:65
[0]:13603037 [1]:1272257 [2]:72 [3]:70
[0]:13822465 [1]:1294447 [2]:72 [3]:361
[0]:14036773 [1]:1316040 [2]:72 [3]:84
[0]:14257771 [1]:1338270 [2]:72 [3]:67
[0]:14455679 [1]:1358294 [2]:72 [3]:63
[0]:14667368 [1]:1379806 [2]:72 [3]:66
[0]:14874184 [1]:1400858 [2]:72 [3]:358
[0]:15076011 [1]:1421326 [2]:72 [3]:76
[0]:15285378 [1]:1442485 [2]:72 [3]:360
[0]:15490438 [1]:1463221 [2]:72 [3]:49
[0]:15685391 [1]:1483022 [2]:72 [3]:368
[0]:15896932 [1]:1504624 [2]:72 [3]:82
[0]:16085304 [1]:1523706 [2]:72 [3]:75
[0]:16287663 [1]:1544351 [2]:72 [3]:67
[0]:16483735 [1]:1564148 [2]:72 [3]:69
[0]:16680451 [1]:1584006 [2]:71 [3]:53
[0]:16934962 [1]:1609888 [2]:71 [3]:64
[0]:17146617 [1]:1631385 [2]:71 [3]:360
[0]:17344733 [1]:1651509 [2]:71 [3]:362
[0]:17553732 [1]:1672652 [2]:71 [3]:74
[0]:17748277 [1]:1692472 [2]:71 [3]:62
[0]:17938906 [1]:1711915 [2]:71 [3]:360
[0]:18136867 [1]:1731919 [2]:71 [3]:69
[0]:18338861 [1]:1752345 [2]:71 [3]:373
[0]:18548080 [1]:1773599 [2]:71 [3]:63
[0]:18754661 [1]:1794541 [2]:71 [3]:362
[0]:18948024 [1]:1814166 [2]:71 [3]:365
[0]:19164804 [1]:1836225 [2]:71 [3]:53
[0]:19366487 [1]:1858137 [2]:71 [3]:357
[0]:19560364 [1]:1888077 [2]:71 [3]:356
[0]:19765401 [1]:1919625 [2]:71 [3]:362
[0]:19966519 [1]:1950647 [2]:75 [3]:359
[0]:20161991 [1]:1980819 [2]:75 [3]:71
[0]:20362322 [1]:2011613 [2]:75 [3]:367
[0]:20567791 [1]:2043471 [2]:75 [3]:364
[0]:20772709 [1]:2075038 [2]:75 [3]:358
[0]:20972263 [1]:2105816 [2]:75 [3]:65
[0]:21201942 [1]:2141211 [2]:75 [3]:361
[0]:21403260 [1]:2172316 [2]:75 [3]:362
[0]:21612141 [1]:2204644 [2]:75 [3]:70
[0]:21806068 [1]:2234652 [2]:75 [3]:55
[0]:22008202 [1]:2265723 [2]:92 [3]:357
[0]:22201487 [1]:2295494 [2]:92 [3]:366
[0]:22439788 [1]:2332122 [2]:92 [3]:364
[0]:22634333 [1]:2362224 [2]:92 [3]:359
[0]:22857568 [1]:2396698 [2]:92 [3]:57
[0]:23062695 [1]:2428384 [2]:92 [3]:64
[0]:23258459 [1]:2458601 [2]:92 [3]:66
[0]:23451227 [1]:2488288 [2]:92 [3]:362
[0]:23671294 [1]:2522171 [2]:92 [3]:61
[0]:23869061 [1]:2552640 [2]:92 [3]:361
[0]:24063138 [1]:2582576 [2]:98 [3]:73
[0]:24264375 [1]:2613706 [2]:98 [3]:365
[0]:24476599 [1]:2646594 [2]:98 [3]:371
[0]:24673180 [1]:2676984 [2]:98 [3]:361
[0]:24874735 [1]:2708069 [2]:98 [3]:66
[0]:25081263 [1]:2739770 [2]:98 [3]:366
[0]:25282870 [1]:2770769 [2]:98 [3]:362
[0]:25476871 [1]:2800714 [2]:98 [3]:356
[0]:25674606 [1]:2831283 [2]:98 [3]:66
[0]:25868454 [1]:2861230 [2]:98 [3]:53
[0]:26073091 [1]:2892772 [2]:101 [3]:57
[0]:26271694 [1]:2923462 [2]:101 [3]:362
[0]:26465438 [1]:2953314 [2]:101 [3]:354
[0]:26662821 [1]:2983754 [2]:101 [3]:372
[0]:26864552 [1]:3014868 [2]:101 [3]:365
[0]:27062172 [1]:3045422 [2]:101 [3]:66
[0]:27263038 [1]:3076520 [2]:101 [3]:68
[0]:27452240 [1]:3105612 [2]:101 [3]:365
[0]:27647850 [1]:3135844 [2]:101 [3]:374
[0]:27852850 [1]:3167762 [2]:101 [3]:62
[0]:28050456 [1]:3198217 [2]:102 [3]:365
[0]:28285654 [1]:3234538 [2]:102 [3]:360
[0]:28479480 [1]:3264510 [2]:102 [3]:372
[0]:28708880 [1]:3299943 [2]:102 [3]:366
[0]:28907722 [1]:3330615 [2]:102 [3]:360
[0]:29106730 [1]:3361407 [2]:102 [3]:358
[0]:29325496 [1]:3395196 [2]:102 [3]:359
[0]:29519170 [1]:3425135 [2]:102 [3]:362
[0]:29724554 [1]:3456851 [2]:102 [3]:59
[0]:29925009 [1]:3487859 [2]:102 [3]:371
[0]:30127414 [1]:3519008 [2]:102 [3]:68
[0]:30338780 [1]:3551638 [2]:102 [3]:58
[0]:30543767 [1]:3583193 [2]:102 [3]:364
[0]:30754201 [1]:3615596 [2]:102 [3]:59
[0]:30951107 [1]:3646099 [2]:102 [3]:62
[0]:31153148 [1]:3677332 [2]:102 [3]:71
[0]:31354649 [1]:3708407 [2]:102 [3]:59
[0]:31556162 [1]:3739414 [2]:102 [3]:363
[0]:31745635 [1]:3768673 [2]:102 [3]:67
[0]:31927477 [1]:3796913 [2]:102 [3]:367
[0]:32123919 [1]:3827188 [2]:102 [3]:57
[0]:32331934 [1]:3859264 [2]:102 [3]:65
[0]:32536331 [1]:3890969 [2]:102 [3]:355
[0]:32745881 [1]:3923285 [2]:102 [3]:359
[0]:32958127 [1]:3956009 [2]:102 [3]:359
[0]:33167350 [1]:3988192 [2]:102 [3]:361
[0]:33364209 [1]:4018499 [2]:102 [3]:51
[0]:33562795 [1]:4049250 [2]:102 [3]:76
[0]:33760458 [1]:4079794 [2]:102 [3]:357
[0]:33952163 [1]:4109525 [2]:102 [3]:362
[0]:34143521 [1]:4139180 [2]:102 [3]:360
[0]:34341942 [1]:4170092 [2]:102 [3]:355
[0]:34569521 [1]:4205233 [2]:102 [3]:352
[0]:34763456 [1]:4235273 [2]:102 [3]:374
[0]:34964909 [1]:4266384 [2]:102 [3]:366
[0]:35172499 [1]:4298454 [2]:102 [3]:356
[0]:35382654 [1]:4330833 [2]:102 [3]:369
[0]:35594043 [1]:4363447 [2]:102 [3]:63
[0]:35815353 [1]:4397635 [2]:102 [3]:354
[0]:36012956 [1]:4428223 [2]:102 [3]:365
[0]:36225687 [1]:4460934 [2]:101 [3]:363
[0]:36415805 [1]:4490263 [2]:101 [3]:368
[0]:36626115 [1]:4522846 [2]:101 [3]:61
[0]:36829649 [1]:4554214 [2]:101 [3]:364
[0]:37051316 [1]:4588427 [2]:101 [3]:372
[0]:37254150 [1]:4619751 [2]:101 [3]:362
[0]:37445344 [1]:4649262 [2]:101 [3]:363
[0]:37650561 [1]:4680857 [2]:101 [3]:357
[0]:37868624 [1]:4714616 [2]:101 [3]:67
[0]:38062558 [1]:4744468 [2]:101 [3]:62
[0]:38269822 [1]:4776486 [2]:102 [3]:362
[0]:38470604 [1]:4807526 [2]:102 [3]:61
[0]:38668045 [1]:4838175 [2]:102 [3]:353
[0]:38865476 [1]:4868654 [2]:102 [3]:360
[0]:39067597 [1]:4899827 [2]:102 [3]:361
[0]:39261693 [1]:4929796 [2]:102 [3]:57
[0]:39467304 [1]:4961486 [2]:102 [3]:362
[0]:39679572 [1]:4994172 [2]:102 [3]:358
[0]:39877722 [1]:5024552 [2]:102 [3]:363
[0]:40071208 [1]:5054563 [2]:102 [3]:363
[0]:40304122 [1]:5090868 [2]:102 [3]:68
[0]:40495837 [1]:5120433 [2]:102 [3]:365
[0]:40685206 [1]:5149576 [2]:102 [3]:65
[0]:40882650 [1]:5180040 [2]:102 [3]:359
[0]:41085647 [1]:5211336 [2]:102 [3]:366
[0]:41291037 [1]:5242833 [2]:102 [3]:55
[0]:41487788 [1]:5273319 [2]:102 [3]:357
[0]:41701230 [1]:5306268 [2]:102 [3]:58
[0]:41904767 [1]:5337474 [2]:102 [3]:356
[0]:42100536 [1]:5367621 [2]:102 [3]:358
[0]:42294408 [1]:5397538 [2]:102 [3]:366
[0]:42484813 [1]:5426974 [2]:102 [3]:60
[0]:42678712 [1]:5456795 [2]:102 [3]:363
[0]:42887662 [1]:5489045 [2]:102 [3]:363
[0]:43077906 [1]:5518451 [2]:102 [3]:367
[0]:43270526 [1]:5548126 [2]:102 [3]:365
[0]:43478741 [1]:5580396 [2]:102 [3]:54
[0]:43678110 [1]:5611281 [2]:102 [3]:364
[0]:43879025 [1]:5642266 [2]:102 [3]:54
[0]:44069995 [1]:5671712 [2]:102 [3]:363
[0]:44267674 [1]:5702197 [2]:102 [3]:347
[0]:44465338 [1]:5732693 [2]:102 [3]:59
[0]:44678165 [1]:5765515 [2]:102 [3]:360
[0]:44889111 [1]:5798024 [2]:102 [3]:59
[0]:45112570 [1]:5832483 [2]:102 [3]:66
[0]:45304800 [1]:5862152 [2]:102 [3]:367
[0]:45521231 [1]:5895596 [2]:102 [3]:364
[0]:45721312 [1]:5926418 [2]:102 [3]:368
[0]:45920058 [1]:5957229 [2]:102 [3]:68
[0]:46121622 [1]:5988284 [2]:102 [3]:65
[0]:46317363 [1]:6018627 [2]:102 [3]:366
[0]:46513228 [1]:6048808 [2]:102 [3]:64
[0]:46710736 [1]:6079264 [2]:102 [3]:60
[0]:46913112 [1]:6110627 [2]:102 [3]:354
[0]:47109964 [1]:6141047 [2]:102 [3]:359
[0]:47303868 [1]:6170908 [2]:102 [3]:89
[0]:47497501 [1]:6200834 [2]:102 [3]:77
[0]:47691738 [1]:6230809 [2]:102 [3]:62
[0]:47885665 [1]:6260737 [2]:102 [3]:365
[0]:48103625 [1]:6294341 [2]:102 [3]:352
[0]:48296122 [1]:6324052 [2]:102 [3]:61
[0]:48486215 [1]:6353434 [2]:102 [3]:362
[0]:48676054 [1]:6382688 [2]:102 [3]:357
[0]:48870243 [1]:6412709 [2]:102 [3]:368
[0]:49059563 [1]:6441988 [2]:102 [3]:61
[0]:49250978 [1]:6471482 [2]:102 [3]:365
[0]:49445040 [1]:6501336 [2]:102 [3]:363
[0]:49642388 [1]:6531858 [2]:102 [3]:369
[0]:49832872 [1]:6561239 [2]:102 [3]:69
[0]:50045568 [1]:6593929 [2]:102 [3]:366
[0]:50235572 [1]:6623376 [2]:102 [3]:52
[0]:50454163 [1]:6657224 [2]:102 [3]:364
[0]:50645905 [1]:6686823 [2]:102 [3]:357
[0]:50843827 [1]:6717408 [2]:102 [3]:362
[0]:51037420 [1]:6747181 [2]:102 [3]:363
[0]:51229110 [1]:6776899 [2]:102 [3]:363
[0]:51451706 [1]:6811268 [2]:102 [3]:354
[0]:51656733 [1]:6842980 [2]:102 [3]:371
[0]:51880238 [1]:6877389 [2]:102 [3]:63
[0]:52085926 [1]:6909069 [2]:102 [3]:354
[0]:52305730 [1]:6943230 [2]:102 [3]:372
[0]:52503446 [1]:6973839 [2]:102 [3]:371
[0]:52696524 [1]:7003605 [2]:102 [3]:365
[0]:52895204 [1]:7034201 [2]:102 [3]:359
[0]:53110510 [1]:7067373 [2]:102 [3]:64
[0]:53301281 [1]:7096798 [2]:102 [3]:359
[0]:53493620 [1]:7126448 [2]:102 [3]:350
[0]:53692917 [1]:7157176 [2]:102 [3]:58
[0]:53883723 [1]:7186705 [2]:102 [3]:364
[0]:54070283 [1]:7215439 [2]:102 [3]:366
[0]:54264477 [1]:7245325 [2]:102 [3]:56
[0]:54462267 [1]:7275868 [2]:102 [3]:357
[0]:54649256 [1]:7304751 [2]:102 [3]:82
[0]:54841360 [1]:7334499 [2]:102 [3]:361
[0]:55040035 [1]:7365088 [2]:102 [3]:366
[0]:55234146 [1]:7394957 [2]:102 [3]:358
[0]:55446793 [1]:7427721 [2]:102 [3]:67
[0]:55637084 [1]:7457154 [2]:102 [3]:64
[0]:55831064 [1]:7487086 [2]:102 [3]:364
[0]:56039413 [1]:7519290 [2]:102 [3]:356
[0]:56252654 [1]:7552174 [2]:102 [3]:360
[0]:56454133 [1]:7583302 [2]:102 [3]:363
[0]:56655393 [1]:7614355 [2]:102 [3]:364
[0]:56868187 [1]:7647202 [2]:102 [3]:362
[0]:57065807 [1]:7677708 [2]:102 [3]:70
[0]:57255932 [1]:7707018 [2]:102 [3]:366
[0]:57442470 [1]:7735903 [2]:102 [3]:362
[0]:57643813 [1]:7766958 [2]:102 [3]:54
[0]:57871476 [1]:7802121 [2]:102 [3]:365
[0]:58065389 [1]:7832005 [2]:102 [3]:67
[0]:58275423 [1]:7864584 [2]:102 [3]:364
[0]:58473886 [1]:7895318 [2]:102 [3]:362
[0]:58672659 [1]:7925939 [2]:102 [3]:61
[0]:58859748 [1]:7954895 [2]:102 [3]:72
[0]:59060860 [1]:7986154 [2]:102 [3]:56
[0]:59273342 [1]:8019214 [2]:102 [3]:364
[0]:59489667 [1]:8052541 [2]:102 [3]:60
[0]:59683628 [1]:8082469 [2]:102 [3]:361
[0]:59881539 [1]:8112957 [2]:102 [3]:355
[0]:60079192 [1]:8143432 [2]:102 [3]:352
[0]:60284113 [1]:8175300 [2]:102 [3]:365
[0]:60474397 [1]:8204544 [2]:102 [3]:369
[0]:60687225 [1]:8237417 [2]:102 [3]:97
[0]:60881153 [1]:8267211 [2]:102 [3]:351
[0]:61080914 [1]:8298246 [2]:102 [3]:370
[0]:61280161 [1]:8328974 [2]:102 [3]:357
[0]:61497458 [1]:8362410 [2]:102 [3]:76
[0]:61686822 [1]:8391546 [2]:102 [3]:62
[0]:61911295 [1]:8426145 [2]:102 [3]:365
[0]:62115753 [1]:8457716 [2]:102 [3]:356
[0]:62333010 [1]:8491226 [2]:102 [3]:364
[0]:62526135 [1]:8521037 [2]:102 [3]:65
[0]:62720004 [1]:8551114 [2]:102 [3]:47
[0]:62936541 [1]:8584489 [2]:102 [3]:60
[0]:63130339 [1]:8614359 [2]:102 [3]:365
[0]:63343013 [1]:8647231 [2]:102 [3]:359
[0]:63548332 [1]:8678873 [2]:102 [3]:62
[0]:63760912 [1]:8711651 [2]:102 [3]:356
[0]:63954819 [1]:8741625 [2]:102 [3]:357
[0]:64180041 [1]:8776406 [2]:102 [3]:362
[0]:64372517 [1]:8806195 [2]:102 [3]:365
[0]:64571846 [1]:8837028 [2]:102 [3]:359
[0]:64776129 [1]:8868695 [2]:102 [3]:59
