[0]:45240725 [1]:7199354 [2]:166 [3]:66
[0]:45461831 [1]:7239546 [2]:166 [3]:369
[0]:45670623 [1]:7270569 [2]:166 [3]:365
[0]:45879247 [1]:7301504 [2]:166 [3]:358
[0]:46088478 [1]:7332563 [2]:166 [3]:365
[0]:46291860 [1]:7362761 [2]:166 [3]:364
[0]:46506266 [1]:7394659 [2]:166 [3]:359
[0]:46779218 [1]:7435132 [2]:166 [3]:369
[0]:46982054 [1]:7465187 [2]:166 [3]:353
[0]:47184066 [1]:7495242 [2]:166 [3]:355
[0]:47392779 [1]:7526215 [2]:166 [3]:367
[0]:47605690 [1]:7557694 [2]:166 [3]:368
[0]:47810463 [1]:7588174 [2]:166 [3]:366
[0]:48015324 [1]:7618655 [2]:166 [3]:357
[0]:48217115 [1]:7648641 [2]:166 [3]:376
[0]:48447851 [1]:7682902 [2]:157 [3]:355
[0]:48657517 [1]:7714024 [2]:157 [3]:370
[0]:48862192 [1]:7744434 [2]:157 [3]:369
[0]:49067745 [1]:7774921 [2]:157 [3]:361
[0]:49268590 [1]:7804678 [2]:157 [3]:362
[0]:49528773 [1]:7843199 [2]:157 [3]:373
[0]:49737620 [1]:7874252 [2]:157 [3]:70
[0]:49958114 [1]:7906998 [2]:157 [3]:86
[0]:50171144 [1]:7938631 [2]:157 [3]:365
[0]:50379950 [1]:7969598 [2]:157 [3]:363
[0]:50588896 [1]:8000533 [2]:157 [3]:84
[0]:50809469 [1]:8033389 [2]:157 [3]:365
[0]:51013288 [1]:8063679 [2]:157 [3]:83
[0]:51219297 [1]:8094217 [2]:157 [3]:365
[0]:51428324 [1]:8125152 [2]:157 [3]:369
[0]:51636813 [1]:8156010 [2]:157 [3]:371
[0]:51849920 [1]:8187620 [2]:157 [3]:357
[0]:52080583 [1]:8221868 [2]:153 [3]:371
[0]:52287392 [1]:8252712 [2]:153 [3]:89
[0]:52511999 [1]:8285887 [2]:153 [3]:366
[0]:52723940 [1]:8317294 [2]:153 [3]:359
[0]:52929833 [1]:8347870 [2]:153 [3]:368
[0]:53139039 [1]:8378851 [2]:153 [3]:75
[0]:53342176 [1]:8409044 [2]:153 [3]:371
[0]:53546025 [1]:8439174 [2]:153 [3]:367
[0]:53745600 [1]:8468830 [2]:153 [3]:363
[0]:53962391 [1]:8500918 [2]:153 [3]:361
[0]:54179102 [1]:8533177 [2]:153 [3]:82
[0]:54398920 [1]:8565793 [2]:153 [3]:363
[0]:54620539 [1]:8598587 [2]:153 [3]:370
[0]:54821323 [1]:8628447 [2]:153 [3]:73
[0]:55027204 [1]:8659098 [2]:153 [3]:360
[0]:55231308 [1]:8689409 [2]:153 [3]:371
[0]:55436427 [1]:8719760 [2]:153 [3]:359
[0]:55644450 [1]:8750733 [2]:151 [3]:360
[0]:55849843 [1]:8781181 [2]:151 [3]:359
[0]:56054758 [1]:8811729 [2]:151 [3]:352
[0]:56272586 [1]:8844044 [2]:151 [3]:362
[0]:56484407 [1]:8875380 [2]:151 [3]:82
[0]:56690320 [1]:8905898 [2]:151 [3]:358
[0]:56898824 [1]:8936798 [2]:151 [3]:359
[0]:57111202 [1]:8968329 [2]:151 [3]:354
[0]:57319820 [1]:8999375 [2]:151 [3]:374
[0]:57538959 [1]:9031856 [2]:151 [3]:369
[0]:57748462 [1]:9062941 [2]:151 [3]:360
[0]:57954207 [1]:9093615 [2]:151 [3]:361
[0]:58163758 [1]:9124705 [2]:151 [3]:363
[0]:58387843 [1]:9157887 [2]:151 [3]:363
[0]:58596740 [1]:9188924 [2]:151 [3]:81
[0]:58809432 [1]:9220477 [2]:151 [3]:372
[0]:59018463 [1]:9251466 [2]:151 [3]:371
[0]:59232280 [1]:9283176 [2]:151 [3]:375
[0]:59440204 [1]:9313893 [2]:151 [3]:360
[0]:59708084 [1]:9353649 [2]:151 [3]:363
[0]:59909369 [1]:9383482 [2]:151 [3]:364
[0]:60116740 [1]:9414228 [2]:151 [3]:370
[0]:60327281 [1]:9445409 [2]:151 [3]:363
[0]:60538197 [1]:9476686 [2]:151 [3]:357
[0]:60799832 [1]:9515569 [2]:151 [3]:362
