[0]:712292365 [1]:465834744 [2]:7 [3]:10
[0]:713492904 [1]:466451498 [2]:7 [3]:13
[0]:714621726 [1]:467026448 [2]:7 [3]:11
[0]:715776013 [1]:467619132 [2]:7 [3]:11
[0]:716923880 [1]:468205545 [2]:7 [3]:56
[0]:718023494 [1]:468769577 [2]:7 [3]:28
[0]:719196630 [1]:469371156 [2]:7 [3]:50
[0]:720309681 [1]:469944860 [2]:7 [3]:13
[0]:721438119 [1]:470525043 [2]:7 [3]:17
[0]:722544308 [1]:471092322 [2]:7 [3]:8
[0]:723550689 [1]:471607845 [2]:7 [3]:8
[0]:724521539 [1]:472106107 [2]:7 [3]:13
[0]:725464185 [1]:472588968 [2]:7 [3]:15
[0]:726483098 [1]:473113949 [2]:7 [3]:14
[0]:727762607 [1]:473772192 [2]:7 [3]:51
[0]:728762293 [1]:474288334 [2]:7 [3]:50
[0]:729804641 [1]:474821754 [2]:7 [3]:13
[0]:730850373 [1]:475358432 [2]:7 [3]:48
[0]:731842691 [1]:475863713 [2]:7 [3]:12
[0]:732886770 [1]:476399642 [2]:7 [3]:12
[0]:733943614 [1]:476947362 [2]:7 [3]:17
[0]:734965630 [1]:477471397 [2]:7 [3]:15
[0]:736089940 [1]:478050777 [2]:7 [3]:13
[0]:737392603 [1]:478720573 [2]:7 [3]:52
[0]:738937896 [1]:479513453 [2]:7 [3]:48
[0]:740131428 [1]:480129228 [2]:7 [3]:11
[0]:741187899 [1]:480670564 [2]:7 [3]:17
[0]:742177421 [1]:481181545 [2]:7 [3]:52
[0]:743194055 [1]:481700748 [2]:7 [3]:60
[0]:744178496 [1]:482206645 [2]:7 [3]:50
[0]:745226643 [1]:482748961 [2]:7 [3]:11
[0]:746576271 [1]:483438843 [2]:7 [3]:57
[0]:747573268 [1]:483950950 [2]:7 [3]:13
[0]:748610122 [1]:484482124 [2]:7 [3]:50
[0]:749585617 [1]:484987039 [2]:7 [3]:12
[0]:750582961 [1]:485502692 [2]:7 [3]:15
[0]:751592089 [1]:486019084 [2]:7 [3]:16
[0]:752717989 [1]:486595932 [2]:7 [3]:13
[0]:754014284 [1]:487260817 [2]:7 [3]:12
[0]:755273541 [1]:487901944 [2]:7 [3]:15
[0]:756426694 [1]:488485980 [2]:7 [3]:13
[0]:757582672 [1]:489078336 [2]:7 [3]:13
[0]:758729790 [1]:489668677 [2]:7 [3]:13
[0]:759863419 [1]:490250572 [2]:7 [3]:17
[0]:761010897 [1]:490837539 [2]:7 [3]:11
[0]:762139262 [1]:491419875 [2]:7 [3]:12
[0]:763311028 [1]:492018137 [2]:7 [3]:14
[0]:764502242 [1]:492631632 [2]:7 [3]:8
[0]:765700851 [1]:493246428 [2]:7 [3]:14
[0]:766775069 [1]:493796570 [2]:7 [3]:50
[0]:767893717 [1]:494369304 [2]:7 [3]:12
[0]:769042538 [1]:494957319 [2]:7 [3]:18
[0]:770168204 [1]:495535984 [2]:7 [3]:49
[0]:771317493 [1]:496129025 [2]:7 [3]:14
[0]:772391519 [1]:496683386 [2]:7 [3]:11
[0]:773490041 [1]:497248806 [2]:7 [3]:11
[0]:774636269 [1]:497832159 [2]:7 [3]:10
[0]:775777444 [1]:498418704 [2]:7 [3]:52
[0]:776866895 [1]:498975035 [2]:7 [3]:13
[0]:777911926 [1]:499510639 [2]:7 [3]:55
[0]:778932371 [1]:500031934 [2]:7 [3]:9
[0]:779996072 [1]:500577329 [2]:7 [3]:18
[0]:781025309 [1]:501106378 [2]:7 [3]:12
[0]:782059964 [1]:501635646 [2]:7 [3]:52
[0]:783105155 [1]:502174577 [2]:7 [3]:13
[0]:784143999 [1]:502702070 [2]:7 [3]:49
[0]:785177717 [1]:503230501 [2]:7 [3]:53
[0]:786169266 [1]:503737633 [2]:7 [3]:57
[0]:787195488 [1]:504260032 [2]:7 [3]:56
[0]:788200767 [1]:504777492 [2]:7 [3]:14
[0]:789209737 [1]:505295709 [2]:7 [3]:51
[0]:790255969 [1]:505831076 [2]:7 [3]:17
[0]:791297055 [1]:506367466 [2]:7 [3]:14
[0]:792496433 [1]:506985185 [2]:7 [3]:10
[0]:793809101 [1]:507660331 [2]:7 [3]:53
[0]:794974133 [1]:508259909 [2]:7 [3]:59
[0]:796042513 [1]:508808461 [2]:7 [3]:15
[0]:797076935 [1]:509339330 [2]:7 [3]:51
[0]:798079201 [1]:509850877 [2]:7 [3]:49
[0]:799082206 [1]:510365858 [2]:7 [3]:11
[0]:800096998 [1]:510885402 [2]:7 [3]:48
[0]:801101526 [1]:511402307 [2]:7 [3]:12
[0]:802145279 [1]:511935407 [2]:7 [3]:14
[0]:803211499 [1]:512484578 [2]:7 [3]:10
[0]:804264317 [1]:513029498 [2]:7 [3]:13
[0]:805293335 [1]:513559664 [2]:7 [3]:52
[0]:806315024 [1]:514085232 [2]:7 [3]:53
[0]:807327985 [1]:514608836 [2]:7 [3]:14
[0]:808377501 [1]:515147990 [2]:7 [3]:27
[0]:809652672 [1]:515804041 [2]:7 [3]:13
[0]:810965392 [1]:516477904 [2]:7 [3]:12
[0]:812290261 [1]:517159381 [2]:7 [3]:14
[0]:813497569 [1]:517785394 [2]:7 [3]:19
[0]:814752152 [1]:518427023 [2]:7 [3]:14
[0]:816030246 [1]:519082710 [2]:7 [3]:13
[0]:817226414 [1]:519694264 [2]:7 [3]:50
[0]:818409107 [1]:520295532 [2]:7 [3]:9
[0]:819582464 [1]:520898741 [2]:7 [3]:47
[0]:820682048 [1]:521464565 [2]:7 [3]:55
[0]:821858586 [1]:522067976 [2]:7 [3]:15
[0]:823007736 [1]:522656755 [2]:7 [3]:8
[0]:824132198 [1]:523232443 [2]:7 [3]:9
[0]:825306107 [1]:523836733 [2]:7 [3]:45
[0]:826430335 [1]:524416724 [2]:7 [3]:45
[0]:827536039 [1]:524985902 [2]:7 [3]:51
[0]:828674647 [1]:525571588 [2]:7 [3]:12
[0]:829809933 [1]:526151783 [2]:7 [3]:14
[0]:830932136 [1]:526725668 [2]:7 [3]:52
[0]:832063285 [1]:527306502 [2]:7 [3]:56
[0]:833161871 [1]:527872623 [2]:7 [3]:54
[0]:834263187 [1]:528441166 [2]:7 [3]:10
[0]:835319866 [1]:528984441 [2]:7 [3]:10
[0]:836373790 [1]:529525057 [2]:7 [3]:10
[0]:837397698 [1]:530051873 [2]:7 [3]:9
[0]:838422411 [1]:530583809 [2]:7 [3]:14
[0]:839431345 [1]:531103294 [2]:7 [3]:14
[0]:840438094 [1]:531613913 [2]:7 [3]:51
[0]:841471984 [1]:532148941 [2]:7 [3]:13
[0]:842478440 [1]:532663694 [2]:7 [3]:50
[0]:843491793 [1]:533182835 [2]:7 [3]:11
[0]:844485787 [1]:533694624 [2]:7 [3]:58
[0]:845565536 [1]:534249512 [2]:7 [3]:56
[0]:846560825 [1]:534758860 [2]:7 [3]:11
[0]:847593574 [1]:535284209 [2]:7 [3]:54
[0]:848770626 [1]:535891788 [2]:7 [3]:15
[0]:850030349 [1]:536538578 [2]:7 [3]:52
[0]:851185140 [1]:537130141 [2]:7 [3]:48
[0]:852292367 [1]:537699915 [2]:7 [3]:57
[0]:853343379 [1]:538236044 [2]:7 [3]:14
[0]:854366720 [1]:538756448 [2]:7 [3]:42
[0]:855453723 [1]:539317823 [2]:7 [3]:9
[0]:856581497 [1]:539897053 [2]:7 [3]:18
[0]:857629026 [1]:540434828 [2]:7 [3]:50
[0]:858622338 [1]:540949718 [2]:7 [3]:49
[0]:859667707 [1]:541483280 [2]:7 [3]:9
[0]:860751960 [1]:542041822 [2]:7 [3]:6
[0]:861777323 [1]:542568484 [2]:7 [3]:10
[0]:862800786 [1]:543092741 [2]:7 [3]:55
[0]:863856558 [1]:543639682 [2]:7 [3]:12
[0]:865028522 [1]:544237959 [2]:7 [3]:49
[0]:866279808 [1]:544881407 [2]:7 [3]:52
[0]:867525235 [1]:545520555 [2]:7 [3]:17
[0]:868762368 [1]:546160241 [2]:7 [3]:51
[0]:869939177 [1]:546762684 [2]:7 [3]:14
[0]:871086605 [1]:547344484 [2]:7 [3]:11
[0]:872183533 [1]:547910269 [2]:7 [3]:46
[0]:873323953 [1]:548492549 [2]:7 [3]:20
[0]:874478589 [1]:549083205 [2]:7 [3]:12
[0]:875574251 [1]:549647515 [2]:7 [3]:13
