[0]:160858663 [1]:21219385 [2]:101 [3]:74
[0]:161085507 [1]:21257978 [2]:101 [3]:362
[0]:161280512 [1]:21291496 [2]:101 [3]:359
[0]:161472170 [1]:21324389 [2]:101 [3]:356
[0]:161680435 [1]:21360124 [2]:101 [3]:367
[0]:161876723 [1]:21393787 [2]:101 [3]:363
[0]:162095627 [1]:21431317 [2]:101 [3]:358
[0]:162296281 [1]:21465704 [2]:101 [3]:365
[0]:162518516 [1]:21503759 [2]:101 [3]:69
[0]:162730688 [1]:21540078 [2]:101 [3]:356
[0]:162936955 [1]:21575449 [2]:101 [3]:60
[0]:163131630 [1]:21608851 [2]:101 [3]:63
[0]:163351760 [1]:21646699 [2]:104 [3]:359
[0]:163553806 [1]:21681406 [2]:104 [3]:359
[0]:163759381 [1]:21716647 [2]:104 [3]:60
[0]:163975962 [1]:21753984 [2]:104 [3]:366
[0]:164171425 [1]:21787475 [2]:104 [3]:73
[0]:164412932 [1]:21828948 [2]:104 [3]:58
[0]:164606530 [1]:21862198 [2]:104 [3]:354
[0]:164801889 [1]:21895725 [2]:104 [3]:55
[0]:164995138 [1]:21928897 [2]:104 [3]:350
[0]:165189389 [1]:21962194 [2]:104 [3]:363
[0]:165393955 [1]:21997114 [2]:106 [3]:362
[0]:165597703 [1]:22032114 [2]:106 [3]:359
[0]:165803654 [1]:22067392 [2]:106 [3]:361
[0]:165992068 [1]:22099769 [2]:106 [3]:359
[0]:166188345 [1]:22133460 [2]:106 [3]:350
[0]:166391110 [1]:22168164 [2]:106 [3]:369
[0]:166585318 [1]:22201462 [2]:106 [3]:360
[0]:166775296 [1]:22234125 [2]:106 [3]:361
[0]:166965605 [1]:22266831 [2]:106 [3]:360
[0]:167181401 [1]:22303739 [2]:106 [3]:357
[0]:167376776 [1]:22337201 [2]:107 [3]:74
[0]:167597559 [1]:22375089 [2]:107 [3]:362
[0]:167799484 [1]:22409700 [2]:107 [3]:361
[0]:168033331 [1]:22449832 [2]:107 [3]:58
[0]:168228105 [1]:22483241 [2]:107 [3]:54
[0]:168419702 [1]:22516184 [2]:107 [3]:54
[0]:168617698 [1]:22550085 [2]:107 [3]:363
[0]:168850106 [1]:22589834 [2]:107 [3]:61
[0]:169047839 [1]:22623655 [2]:107 [3]:358
[0]:169242074 [1]:22656886 [2]:107 [3]:363
[0]:169439961 [1]:22690814 [2]:107 [3]:361
[0]:169640929 [1]:22725303 [2]:107 [3]:358
[0]:169832325 [1]:22758330 [2]:107 [3]:360
[0]:170056843 [1]:22796854 [2]:107 [3]:361
[0]:170262402 [1]:22832115 [2]:107 [3]:68
[0]:170470342 [1]:22867856 [2]:107 [3]:359
[0]:170662178 [1]:22900843 [2]:107 [3]:359
[0]:170860064 [1]:22934867 [2]:107 [3]:363
[0]:171073362 [1]:22971491 [2]:107 [3]:62
[0]:171273675 [1]:23005800 [2]:107 [3]:366
[0]:171483792 [1]:23041874 [2]:107 [3]:379
[0]:171681416 [1]:23075868 [2]:107 [3]:365
[0]:171884114 [1]:23110586 [2]:107 [3]:358
[0]:172088207 [1]:23145572 [2]:107 [3]:359
[0]:172280432 [1]:23178549 [2]:107 [3]:363
[0]:172489725 [1]:23214401 [2]:107 [3]:362
[0]:172694435 [1]:23249533 [2]:107 [3]:363
[0]:172927021 [1]:23289429 [2]:107 [3]:362
[0]:173130917 [1]:23324468 [2]:107 [3]:365
[0]:173367886 [1]:23365078 [2]:107 [3]:371
[0]:173558609 [1]:23397744 [2]:107 [3]:362
[0]:173756725 [1]:23431610 [2]:107 [3]:65
[0]:173957489 [1]:23466024 [2]:107 [3]:358
[0]:174151544 [1]:23499313 [2]:107 [3]:373
[0]:174347206 [1]:23532919 [2]:107 [3]:60
[0]:174548731 [1]:23567395 [2]:107 [3]:365
[0]:174749926 [1]:23601916 [2]:107 [3]:364
[0]:174945197 [1]:23635415 [2]:107 [3]:371
[0]:175143352 [1]:23669312 [2]:107 [3]:357
[0]:175348937 [1]:23704580 [2]:107 [3]:366
[0]:175543375 [1]:23737865 [2]:107 [3]:366
[0]:175741181 [1]:23771835 [2]:107 [3]:56
[0]:175946945 [1]:23807102 [2]:107 [3]:366
[0]:176144917 [1]:23841046 [2]:107 [3]:364
[0]:176340749 [1]:23874597 [2]:107 [3]:361
[0]:176532812 [1]:23907416 [2]:107 [3]:359
[0]:176756914 [1]:23945873 [2]:107 [3]:368
[0]:176960044 [1]:23980619 [2]:107 [3]:360
[0]:177161739 [1]:24015148 [2]:107 [3]:69
[0]:177358689 [1]:24049035 [2]:107 [3]:360
[0]:177556507 [1]:24082986 [2]:107 [3]:370
[0]:177748374 [1]:24115897 [2]:107 [3]:62
[0]:177950098 [1]:24150612 [2]:107 [3]:358
[0]:178144501 [1]:24183927 [2]:107 [3]:62
[0]:178342619 [1]:24217847 [2]:107 [3]:60
[0]:178547033 [1]:24252911 [2]:107 [3]:356
[0]:178788093 [1]:24294281 [2]:107 [3]:66
[0]:178983728 [1]:24327756 [2]:107 [3]:351
[0]:179179597 [1]:24361329 [2]:107 [3]:61
[0]:179385515 [1]:24396604 [2]:107 [3]:345
[0]:179579690 [1]:24429983 [2]:107 [3]:61
[0]:179777727 [1]:24463992 [2]:107 [3]:369
[0]:180005969 [1]:24503025 [2]:107 [3]:359
[0]:180207580 [1]:24537583 [2]:107 [3]:355
[0]:180403986 [1]:24571223 [2]:107 [3]:364
[0]:180601370 [1]:24605100 [2]:107 [3]:63
[0]:180798402 [1]:24638890 [2]:107 [3]:67
[0]:180993254 [1]:24672315 [2]:107 [3]:61
[0]:181188110 [1]:24705756 [2]:107 [3]:62
[0]:181381027 [1]:24738825 [2]:107 [3]:359
[0]:181584950 [1]:24773716 [2]:107 [3]:360
[0]:181799715 [1]:24810612 [2]:107 [3]:56
[0]:182009859 [1]:24846709 [2]:107 [3]:60
[0]:182245929 [1]:24887137 [2]:107 [3]:66
[0]:182439491 [1]:24920353 [2]:107 [3]:365
[0]:182629433 [1]:24953101 [2]:107 [3]:77
[0]:182819988 [1]:24985777 [2]:107 [3]:360
[0]:183029475 [1]:25021616 [2]:107 [3]:64
[0]:183227085 [1]:25055455 [2]:107 [3]:363
[0]:183422047 [1]:25088776 [2]:107 [3]:354
[0]:183634899 [1]:25125255 [2]:107 [3]:67
[0]:183851898 [1]:25162429 [2]:107 [3]:360
[0]:184055838 [1]:25197312 [2]:107 [3]:59
[0]:184274132 [1]:25234813 [2]:107 [3]:350
[0]:184472259 [1]:25268831 [2]:107 [3]:355
[0]:184671850 [1]:25303018 [2]:107 [3]:362
[0]:184883464 [1]:25339300 [2]:107 [3]:49
[0]:185103835 [1]:25377064 [2]:107 [3]:60
[0]:185301512 [1]:25410993 [2]:107 [3]:70
[0]:185533432 [1]:25450748 [2]:107 [3]:367
[0]:185726011 [1]:25483724 [2]:107 [3]:64
[0]:185913805 [1]:25515981 [2]:107 [3]:66
[0]:186124116 [1]:25552016 [2]:107 [3]:365
[0]:186327908 [1]:25587122 [2]:107 [3]:66
[0]:186530753 [1]:25621895 [2]:107 [3]:371
[0]:186740817 [1]:25657892 [2]:107 [3]:63
[0]:186938854 [1]:25691810 [2]:107 [3]:361
[0]:187139054 [1]:25726105 [2]:107 [3]:361
[0]:187338585 [1]:25760296 [2]:107 [3]:77
[0]:187555540 [1]:25797471 [2]:107 [3]:366
[0]:187765070 [1]:25833286 [2]:107 [3]:88
[0]:187962796 [1]:25867191 [2]:107 [3]:364
[0]:188158134 [1]:25900771 [2]:107 [3]:367
[0]:188355999 [1]:25934789 [2]:107 [3]:360
[0]:188549415 [1]:25967959 [2]:107 [3]:356
[0]:188768812 [1]:26005565 [2]:107 [3]:365
[0]:188966797 [1]:26039428 [2]:107 [3]:67
[0]:189173029 [1]:26074801 [2]:107 [3]:362
[0]:189372052 [1]:26108974 [2]:107 [3]:365
[0]:189607716 [1]:26149421 [2]:107 [3]:363
[0]:189816747 [1]:26185246 [2]:107 [3]:366
[0]:190012576 [1]:26218803 [2]:107 [3]:73
[0]:190291071 [1]:26266600 [2]:107 [3]:364
[0]:190489380 [1]:26300541 [2]:107 [3]:353
[0]:190731520 [1]:26342066 [2]:107 [3]:363
[0]:190929211 [1]:26376022 [2]:107 [3]:54
[0]:191128572 [1]:26410175 [2]:107 [3]:361
[0]:191319165 [1]:26442916 [2]:107 [3]:364
[0]:191599208 [1]:26490849 [2]:107 [3]:352
[0]:191819567 [1]:26528659 [2]:107 [3]:63
[0]:192015870 [1]:26562400 [2]:107 [3]:367
[0]:192223593 [1]:26597936 [2]:107 [3]:360
[0]:192414550 [1]:26630611 [2]:107 [3]:56
[0]:192618354 [1]:26665682 [2]:107 [3]:365
[0]:192814854 [1]:26699265 [2]:107 [3]:361
[0]:193007022 [1]:26732211 [2]:107 [3]:65
[0]:193225424 [1]:26769616 [2]:107 [3]:61
[0]:193504753 [1]:26817520 [2]:107 [3]:362
[0]:193703719 [1]:26851746 [2]:107 [3]:363
[0]:193908906 [1]:26886933 [2]:107 [3]:363
[0]:194114536 [1]:26922130 [2]:107 [3]:359
[0]:194310654 [1]:26955677 [2]:107 [3]:60
[0]:194499912 [1]:26988108 [2]:107 [3]:59
[0]:194748919 [1]:27031005 [2]:107 [3]:358
[0]:194944391 [1]:27064493 [2]:107 [3]:58
[0]:195146370 [1]:27099167 [2]:107 [3]:362
[0]:195340649 [1]:27132545 [2]:107 [3]:59
[0]:195534333 [1]:27165742 [2]:107 [3]:365
[0]:195732628 [1]:27199721 [2]:107 [3]:60
[0]:195935239 [1]:27234480 [2]:107 [3]:362
[0]:196132908 [1]:27268306 [2]:107 [3]:356
[0]:196341375 [1]:27304190 [2]:107 [3]:70
[0]:196565465 [1]:27342717 [2]:107 [3]:75
[0]:196760589 [1]:27376174 [2]:107 [3]:362
[0]:196958464 [1]:27410114 [2]:107 [3]:362
[0]:197168009 [1]:27446057 [2]:107 [3]:361
[0]:197354905 [1]:27478140 [2]:107 [3]:357
[0]:197554865 [1]:27512426 [2]:107 [3]:59
[0]:197758496 [1]:27547325 [2]:107 [3]:360
[0]:197960401 [1]:27581949 [2]:107 [3]:359
[0]:198169647 [1]:27617807 [2]:107 [3]:360
[0]:198376140 [1]:27653206 [2]:107 [3]:362
[0]:198584525 [1]:27688932 [2]:107 [3]:362
[0]:198785228 [1]:27723457 [2]:107 [3]:354
[0]:198988182 [1]:27758121 [2]:107 [3]:355
[0]:199182399 [1]:27791529 [2]:107 [3]:361
[0]:199374376 [1]:27824579 [2]:107 [3]:63
[0]:199569051 [1]:27857967 [2]:107 [3]:366
[0]:199766390 [1]:27891759 [2]:107 [3]:367
[0]:199963354 [1]:27925632 [2]:107 [3]:354
[0]:200162248 [1]:27959760 [2]:107 [3]:366
[0]:200348207 [1]:27991544 [2]:107 [3]:367
[0]:200546376 [1]:28025523 [2]:107 [3]:367
[0]:200587577 [1]:28032606 [2]:107 [3]:363
[0]:200587577 [1]:28032606 [2]:107 [3]:363
[0]:200587577 [1]:28032606 [2]:107 [3]:363
[0]:200587577 [1]:28032606 [2]:107 [3]:363
[0]:200587577 [1]:28032606 [2]:107 [3]:363
[0]:200587577 [1]:28032606 [2]:107 [3]:363
[0]:200587577 [1]:28032606 [2]:107 [3]:363
[0]:200587577 [1]:28032606 [2]:107 [3]:363
[0]:200587577 [1]:28032606 [2]:107 [3]:363
[0]:200587577 [1]:28032606 [2]:107 [3]:363
[0]:200587577 [1]:28032606 [2]:107 [3]:363
