[0]:119978178 [1]:14958661 [2]:90 [3]:89
[0]:120188253 [1]:14982066 [2]:90 [3]:358
[0]:120393014 [1]:15010113 [2]:90 [3]:363
[0]:120605800 [1]:15041723 [2]:90 [3]:368
[0]:120812548 [1]:15072483 [2]:90 [3]:73
[0]:121043141 [1]:15106654 [2]:90 [3]:371
[0]:121255771 [1]:15138199 [2]:90 [3]:363
[0]:121450960 [1]:15167150 [2]:90 [3]:363
[0]:121657700 [1]:15197891 [2]:90 [3]:357
[0]:121878595 [1]:15230551 [2]:90 [3]:87
[0]:122127428 [1]:15267462 [2]:90 [3]:369
[0]:122347464 [1]:15300112 [2]:90 [3]:359
[0]:122564523 [1]:15332267 [2]:90 [3]:363
[0]:122777263 [1]:15363831 [2]:90 [3]:369
[0]:122986140 [1]:15394821 [2]:90 [3]:358
[0]:123198101 [1]:15426376 [2]:90 [3]:367
[0]:123422822 [1]:15459804 [2]:90 [3]:369
[0]:123636226 [1]:15491405 [2]:90 [3]:81
[0]:123875402 [1]:15526773 [2]:91 [3]:361
[0]:124085704 [1]:15557992 [2]:91 [3]:356
[0]:124298333 [1]:15589748 [2]:91 [3]:79
[0]:124503000 [1]:15620146 [2]:91 [3]:361
[0]:124718882 [1]:15652212 [2]:91 [3]:361
[0]:124920703 [1]:15682121 [2]:91 [3]:87
[0]:125129984 [1]:15713198 [2]:91 [3]:354
[0]:125338812 [1]:15744204 [2]:91 [3]:360
[0]:125555319 [1]:15776322 [2]:91 [3]:369
[0]:125775402 [1]:15808967 [2]:91 [3]:371
[0]:125973136 [1]:15838352 [2]:91 [3]:357
[0]:126184886 [1]:15869793 [2]:91 [3]:370
[0]:126398897 [1]:15901591 [2]:91 [3]:368
[0]:126607720 [1]:15932580 [2]:91 [3]:367
[0]:126816596 [1]:15963543 [2]:91 [3]:368
[0]:127033162 [1]:15995652 [2]:91 [3]:76
[0]:127246099 [1]:16027228 [2]:91 [3]:359
[0]:127461169 [1]:16059186 [2]:91 [3]:76
[0]:127679463 [1]:16091608 [2]:91 [3]:72
[0]:127888402 [1]:16122586 [2]:91 [3]:362
[0]:128089488 [1]:16152400 [2]:91 [3]:359
[0]:128290249 [1]:16182166 [2]:91 [3]:85
[0]:128519041 [1]:16216070 [2]:91 [3]:359
[0]:128727603 [1]:16247153 [2]:91 [3]:364
[0]:129016271 [1]:16289972 [2]:91 [3]:356
[0]:129231917 [1]:16321937 [2]:91 [3]:362
[0]:129446105 [1]:16353760 [2]:91 [3]:368
[0]:129658996 [1]:16385296 [2]:91 [3]:78
[0]:129874673 [1]:16417206 [2]:91 [3]:368
[0]:130086721 [1]:16448662 [2]:91 [3]:356
[0]:130295735 [1]:16479632 [2]:91 [3]:363
[0]:130513104 [1]:16511946 [2]:91 [3]:365
[0]:130714713 [1]:16541826 [2]:91 [3]:370
[0]:130918275 [1]:16572003 [2]:91 [3]:359
[0]:131119805 [1]:16601890 [2]:91 [3]:367
[0]:131352626 [1]:16636379 [2]:91 [3]:363
[0]:131575543 [1]:16669531 [2]:91 [3]:354
[0]:131783370 [1]:16700390 [2]:91 [3]:356
[0]:131994746 [1]:16731760 [2]:91 [3]:367
[0]:132203805 [1]:16762759 [2]:91 [3]:368
[0]:132418690 [1]:16794741 [2]:91 [3]:360
[0]:132626263 [1]:16825523 [2]:91 [3]:359
[0]:132853254 [1]:16859255 [2]:91 [3]:363
[0]:133060250 [1]:16890157 [2]:91 [3]:363
[0]:133263362 [1]:16920302 [2]:91 [3]:357
[0]:133482773 [1]:16952850 [2]:91 [3]:365
[0]:133719156 [1]:16987890 [2]:91 [3]:362
[0]:133929624 [1]:17019200 [2]:91 [3]:364
[0]:134161877 [1]:17053770 [2]:91 [3]:371
[0]:134364428 [1]:17083793 [2]:91 [3]:367
[0]:134567743 [1]:17114102 [2]:91 [3]:363
[0]:134768311 [1]:17143910 [2]:91 [3]:372
[0]:134976178 [1]:17174831 [2]:91 [3]:358
[0]:135178549 [1]:17204811 [2]:91 [3]:73
[0]:135382172 [1]:17235037 [2]:91 [3]:358
[0]:135580937 [1]:17264591 [2]:91 [3]:365
[0]:135789298 [1]:17295434 [2]:91 [3]:364
[0]:135993693 [1]:17325743 [2]:91 [3]:365
[0]:136203382 [1]:17356901 [2]:91 [3]:366
[0]:136487153 [1]:17399045 [2]:91 [3]:368
[0]:136711887 [1]:17432281 [2]:91 [3]:359
[0]:136911865 [1]:17461918 [2]:91 [3]:359
[0]:137119905 [1]:17492839 [2]:91 [3]:369
[0]:137326608 [1]:17523487 [2]:91 [3]:370
[0]:137535422 [1]:17554508 [2]:91 [3]:362
[0]:137736697 [1]:17584445 [2]:91 [3]:359
[0]:137944969 [1]:17615376 [2]:91 [3]:367
[0]:138165888 [1]:17648139 [2]:96 [3]:359
[0]:138374879 [1]:17679203 [2]:96 [3]:363
[0]:138591583 [1]:17711458 [2]:96 [3]:366
[0]:138808336 [1]:17743584 [2]:96 [3]:83
[0]:139020043 [1]:17775141 [2]:96 [3]:367
[0]:139249499 [1]:17809235 [2]:96 [3]:80
[0]:139452959 [1]:17839463 [2]:96 [3]:369
[0]:139685729 [1]:17873913 [2]:96 [3]:358
[0]:139911729 [1]:17907325 [2]:96 [3]:363
[0]:140128470 [1]:17939546 [2]:96 [3]:369
[0]:140337461 [1]:17970575 [2]:96 [3]:363
[0]:140539682 [1]:18000505 [2]:96 [3]:366
[0]:140751209 [1]:18031946 [2]:96 [3]:357
[0]:140963643 [1]:18063581 [2]:96 [3]:357
[0]:141184383 [1]:18096402 [2]:96 [3]:365
[0]:141392271 [1]:18127271 [2]:96 [3]:355
[0]:141599004 [1]:18157968 [2]:96 [3]:72
[0]:141803195 [1]:18188348 [2]:96 [3]:82
[0]:142003488 [1]:18218080 [2]:96 [3]:362
[0]:142224837 [1]:18250957 [2]:96 [3]:364
[0]:142429688 [1]:18281304 [2]:96 [3]:372
[0]:142650582 [1]:18314035 [2]:96 [3]:359
[0]:142867020 [1]:18346149 [2]:96 [3]:374
[0]:143071876 [1]:18376508 [2]:96 [3]:358
[0]:143277917 [1]:18407150 [2]:96 [3]:85
[0]:143481982 [1]:18437510 [2]:96 [3]:370
[0]:143697787 [1]:18469465 [2]:96 [3]:361
[0]:143958690 [1]:18508154 [2]:96 [3]:363
[0]:144166691 [1]:18539038 [2]:96 [3]:372
[0]:144380572 [1]:18570807 [2]:96 [3]:78
[0]:144589238 [1]:18601865 [2]:96 [3]:360
[0]:144809996 [1]:18634621 [2]:96 [3]:367
[0]:145016774 [1]:18665351 [2]:96 [3]:363
[0]:145231852 [1]:18697271 [2]:96 [3]:367
[0]:145440593 [1]:18728182 [2]:96 [3]:366
[0]:145657373 [1]:18760273 [2]:96 [3]:358
[0]:145862384 [1]:18790794 [2]:96 [3]:364
[0]:146090686 [1]:18824662 [2]:96 [3]:74
[0]:146301025 [1]:18855851 [2]:96 [3]:359
[0]:146508592 [1]:18886700 [2]:96 [3]:362
[0]:146708155 [1]:18916289 [2]:96 [3]:362
[0]:146902546 [1]:18945144 [2]:96 [3]:82
[0]:147103762 [1]:18975007 [2]:96 [3]:355
[0]:147312373 [1]:19005991 [2]:96 [3]:368
[0]:147521453 [1]:19036939 [2]:96 [3]:370
[0]:147725801 [1]:19067218 [2]:96 [3]:356
[0]:147935060 [1]:19098496 [2]:96 [3]:360
[0]:148151854 [1]:19130617 [2]:96 [3]:358
[0]:148352843 [1]:19160397 [2]:96 [3]:353
[0]:148561592 [1]:19191345 [2]:96 [3]:369
[0]:148778254 [1]:19223707 [2]:96 [3]:368
[0]:148982617 [1]:19254052 [2]:96 [3]:355
[0]:149185212 [1]:19284263 [2]:96 [3]:363
[0]:149390765 [1]:19314799 [2]:96 [3]:368
[0]:149617425 [1]:19348366 [2]:96 [3]:367
[0]:149833734 [1]:19380588 [2]:96 [3]:363
[0]:150034911 [1]:19410530 [2]:96 [3]:360
[0]:150248245 [1]:19442171 [2]:96 [3]:353
[0]:150450309 [1]:19472042 [2]:96 [3]:366
[0]:150685676 [1]:19506947 [2]:96 [3]:356
[0]:150890821 [1]:19537349 [2]:96 [3]:356
[0]:151087497 [1]:19566514 [2]:96 [3]:83
[0]:151323103 [1]:19601545 [2]:96 [3]:361
[0]:151528642 [1]:19632145 [2]:96 [3]:368
[0]:151729852 [1]:19662171 [2]:96 [3]:365
[0]:151954225 [1]:19695389 [2]:96 [3]:372
[0]:152162079 [1]:19726215 [2]:96 [3]:363
[0]:152363933 [1]:19756293 [2]:96 [3]:361
[0]:152574809 [1]:19787593 [2]:101 [3]:364
[0]:152782062 [1]:19818349 [2]:101 [3]:361
[0]:153006392 [1]:19851621 [2]:101 [3]:360
[0]:153223379 [1]:19883778 [2]:101 [3]:362
[0]:153451547 [1]:19917592 [2]:101 [3]:367
[0]:153654625 [1]:19947718 [2]:101 [3]:366
[0]:153857948 [1]:19977818 [2]:101 [3]:358
[0]:154081095 [1]:20010945 [2]:101 [3]:369
[0]:154283532 [1]:20041106 [2]:101 [3]:82
[0]:154496312 [1]:20072725 [2]:101 [3]:365
[0]:154701100 [1]:20103267 [2]:101 [3]:361
[0]:154909178 [1]:20134220 [2]:101 [3]:366
[0]:155114937 [1]:20164761 [2]:101 [3]:366
[0]:155389460 [1]:20205488 [2]:101 [3]:365
[0]:155624847 [1]:20240388 [2]:101 [3]:364
[0]:155828071 [1]:20270535 [2]:101 [3]:361
[0]:156044942 [1]:20302789 [2]:101 [3]:67
[0]:156253852 [1]:20333816 [2]:101 [3]:360
[0]:156458672 [1]:20364156 [2]:101 [3]:84
[0]:156691046 [1]:20398639 [2]:101 [3]:365
[0]:156918734 [1]:20432455 [2]:101 [3]:357
[0]:157128619 [1]:20463666 [2]:101 [3]:362
[0]:157329148 [1]:20493340 [2]:101 [3]:368
[0]:157534085 [1]:20523698 [2]:101 [3]:362
[0]:157743490 [1]:20554786 [2]:101 [3]:374
[0]:157967537 [1]:20588029 [2]:101 [3]:369
[0]:158169653 [1]:20618030 [2]:101 [3]:360
[0]:158381168 [1]:20649343 [2]:101 [3]:363
[0]:158685351 [1]:20694507 [2]:101 [3]:367
[0]:158902086 [1]:20726694 [2]:101 [3]:361
[0]:159103307 [1]:20756625 [2]:101 [3]:76
[0]:159315847 [1]:20788176 [2]:101 [3]:360
[0]:159527519 [1]:20819613 [2]:101 [3]:358
[0]:159736839 [1]:20850667 [2]:101 [3]:371
[0]:159936797 [1]:20880433 [2]:101 [3]:361
[0]:160147167 [1]:20911702 [2]:101 [3]:356
[0]:160353079 [1]:20942266 [2]:101 [3]:369
[0]:160558717 [1]:20972779 [2]:101 [3]:369
[0]:160769846 [1]:21004147 [2]:101 [3]:82
[0]:160978790 [1]:21035091 [2]:101 [3]:365
[0]:161179738 [1]:21070775 [2]:101 [3]:364
