[0]:162039342 [1]:16180395 [2]:88 [3]:361
[0]:162258495 [1]:16231043 [2]:88 [3]:358
[0]:162440436 [1]:16273028 [2]:92 [3]:59
[0]:162631001 [1]:16317058 [2]:92 [3]:358
[0]:162838964 [1]:16365093 [2]:92 [3]:363
[0]:163030688 [1]:16409345 [2]:92 [3]:358
[0]:163224294 [1]:16454114 [2]:92 [3]:360
[0]:163414544 [1]:16498011 [2]:92 [3]:356
[0]:163608787 [1]:16542883 [2]:92 [3]:61
[0]:163806398 [1]:16588524 [2]:92 [3]:355
[0]:164045256 [1]:16643760 [2]:92 [3]:365
[0]:164242415 [1]:16689272 [2]:92 [3]:362
[0]:164443423 [1]:16735679 [2]:92 [3]:356
[0]:164635225 [1]:16780025 [2]:92 [3]:356
[0]:164836524 [1]:16826452 [2]:92 [3]:362
[0]:165068265 [1]:16880015 [2]:92 [3]:359
[0]:165253965 [1]:16922914 [2]:92 [3]:362
[0]:165478720 [1]:16974882 [2]:92 [3]:359
[0]:165725165 [1]:17031815 [2]:92 [3]:364
[0]:165908804 [1]:17074339 [2]:92 [3]:365
[0]:166100337 [1]:17118591 [2]:92 [3]:359
[0]:166288353 [1]:17162076 [2]:92 [3]:365
[0]:166485664 [1]:17207670 [2]:92 [3]:362
[0]:166702917 [1]:17257821 [2]:92 [3]:367
[0]:166929468 [1]:17310162 [2]:92 [3]:358
[0]:167143402 [1]:17359599 [2]:92 [3]:361
[0]:167337489 [1]:17404444 [2]:92 [3]:360
[0]:167533283 [1]:17449614 [2]:92 [3]:57
[0]:167752510 [1]:17500364 [2]:92 [3]:362
[0]:167957043 [1]:17547658 [2]:92 [3]:361
[0]:168162225 [1]:17595106 [2]:92 [3]:54
[0]:168355172 [1]:17639682 [2]:92 [3]:361
[0]:168572730 [1]:17689892 [2]:92 [3]:359
[0]:168766782 [1]:17734780 [2]:92 [3]:363
[0]:168960965 [1]:17779686 [2]:92 [3]:362
[0]:169194780 [1]:17833716 [2]:92 [3]:363
[0]:169390019 [1]:17878853 [2]:92 [3]:355
[0]:169591992 [1]:17925464 [2]:92 [3]:360
[0]:169789494 [1]:17971040 [2]:92 [3]:361
[0]:170045805 [1]:18030212 [2]:92 [3]:363
[0]:170229943 [1]:18072741 [2]:92 [3]:364
[0]:170427798 [1]:18118353 [2]:92 [3]:60
[0]:170630261 [1]:18165136 [2]:92 [3]:370
[0]:170831064 [1]:18211552 [2]:92 [3]:362
[0]:171028597 [1]:18257167 [2]:92 [3]:364
[0]:171219206 [1]:18301259 [2]:92 [3]:364
[0]:171409814 [1]:18345205 [2]:92 [3]:354
[0]:171603650 [1]:18389954 [2]:92 [3]:363
[0]:171823606 [1]:18440834 [2]:92 [3]:361
[0]:172014172 [1]:18484881 [2]:92 [3]:362
[0]:172210769 [1]:18530269 [2]:92 [3]:53
[0]:172406111 [1]:18575427 [2]:92 [3]:362
[0]:172607616 [1]:18622001 [2]:92 [3]:369
[0]:172805489 [1]:18667689 [2]:92 [3]:356
[0]:173001289 [1]:18712874 [2]:92 [3]:363
[0]:173193421 [1]:18757247 [2]:92 [3]:357
[0]:173413915 [1]:18808222 [2]:92 [3]:363
[0]:173604671 [1]:18852265 [2]:92 [3]:362
[0]:173802130 [1]:18897863 [2]:92 [3]:363
[0]:173992122 [1]:18941784 [2]:92 [3]:362
[0]:174186474 [1]:18986641 [2]:92 [3]:360
[0]:174381078 [1]:19031681 [2]:92 [3]:360
[0]:174596990 [1]:19081571 [2]:92 [3]:364
[0]:174801645 [1]:19128831 [2]:92 [3]:359
[0]:175003869 [1]:19175513 [2]:92 [3]:367
[0]:175205406 [1]:19222106 [2]:92 [3]:360
[0]:175395309 [1]:19265979 [2]:92 [3]:356
[0]:175591968 [1]:19311358 [2]:92 [3]:360
[0]:175795085 [1]:19358261 [2]:92 [3]:357
[0]:175990332 [1]:19403321 [2]:92 [3]:356
[0]:176181133 [1]:19447389 [2]:92 [3]:368
[0]:176390399 [1]:19495737 [2]:92 [3]:365
[0]:176578947 [1]:19539342 [2]:92 [3]:360
[0]:176773082 [1]:19584161 [2]:92 [3]:366
[0]:176967201 [1]:19628935 [2]:92 [3]:366
[0]:177165088 [1]:19674659 [2]:92 [3]:64
[0]:177355318 [1]:19718603 [2]:92 [3]:362
[0]:177544336 [1]:19762264 [2]:92 [3]:360
[0]:177739895 [1]:19807465 [2]:92 [3]:362
[0]:177979066 [1]:19862682 [2]:92 [3]:68
[0]:178177495 [1]:19908592 [2]:92 [3]:357
[0]:178370435 [1]:19953162 [2]:92 [3]:356
[0]:178572019 [1]:19999747 [2]:92 [3]:359
[0]:178766153 [1]:20044571 [2]:92 [3]:61
[0]:178956540 [1]:20088548 [2]:92 [3]:365
[0]:179158002 [1]:20135081 [2]:92 [3]:356
[0]:179348466 [1]:20179097 [2]:92 [3]:352
[0]:179534928 [1]:20222195 [2]:92 [3]:360
[0]:179721427 [1]:20265250 [2]:92 [3]:359
[0]:179911911 [1]:20309272 [2]:92 [3]:363
[0]:180098608 [1]:20352413 [2]:92 [3]:356
[0]:180300139 [1]:20398946 [2]:92 [3]:361
[0]:180497946 [1]:20444704 [2]:92 [3]:354
[0]:180686842 [1]:20488276 [2]:92 [3]:59
[0]:180878690 [1]:20532563 [2]:92 [3]:362
[0]:181072727 [1]:20577334 [2]:92 [3]:356
[0]:181263225 [1]:20621368 [2]:92 [3]:55
[0]:181464630 [1]:20667972 [2]:92 [3]:363
[0]:181654384 [1]:20711698 [2]:92 [3]:359
[0]:181849176 [1]:20756713 [2]:92 [3]:52
[0]:182035901 [1]:20799855 [2]:92 [3]:363
[0]:182238200 [1]:20846597 [2]:92 [3]:65
[0]:182427917 [1]:20890377 [2]:92 [3]:356
[0]:182632932 [1]:20937726 [2]:92 [3]:359
[0]:182826653 [1]:20982507 [2]:92 [3]:363
[0]:183032113 [1]:21029960 [2]:92 [3]:362
[0]:183214429 [1]:21072123 [2]:92 [3]:61
[0]:183424074 [1]:21120517 [2]:92 [3]:359
[0]:183640447 [1]:21170606 [2]:92 [3]:366
[0]:183844536 [1]:21217709 [2]:92 [3]:354
[0]:184035594 [1]:21261859 [2]:92 [3]:359
[0]:184237288 [1]:21308490 [2]:92 [3]:363
[0]:184435612 [1]:21354250 [2]:92 [3]:356
[0]:184632851 [1]:21399866 [2]:92 [3]:363
[0]:184833797 [1]:21446317 [2]:98 [3]:365
[0]:185032769 [1]:21492373 [2]:98 [3]:364
[0]:185223286 [1]:21536346 [2]:98 [3]:361
[0]:185418176 [1]:21581318 [2]:98 [3]:356
[0]:185607533 [1]:21625026 [2]:98 [3]:56
[0]:185807548 [1]:21671326 [2]:98 [3]:361
[0]:186006612 [1]:21717349 [2]:98 [3]:360
[0]:186204706 [1]:21763122 [2]:98 [3]:366
[0]:186397231 [1]:21807558 [2]:98 [3]:361
[0]:186589159 [1]:21851926 [2]:98 [3]:363
[0]:186820525 [1]:21905402 [2]:98 [3]:360
[0]:187018335 [1]:21951128 [2]:98 [3]:62
[0]:187217809 [1]:21997166 [2]:98 [3]:352
[0]:187417655 [1]:22043357 [2]:98 [3]:357
[0]:187615138 [1]:22088990 [2]:98 [3]:362
[0]:187808969 [1]:22133858 [2]:98 [3]:367
[0]:187999837 [1]:22177965 [2]:98 [3]:362
[0]:188201478 [1]:22224494 [2]:98 [3]:355
[0]:188395407 [1]:22269308 [2]:98 [3]:361
[0]:188593500 [1]:22315079 [2]:98 [3]:361
[0]:188783574 [1]:22359043 [2]:98 [3]:366
[0]:188974199 [1]:22403051 [2]:98 [3]:364
[0]:189164130 [1]:22446879 [2]:98 [3]:359
[0]:189369422 [1]:22494373 [2]:98 [3]:54
[0]:189560004 [1]:22538421 [2]:98 [3]:357
[0]:189753835 [1]:22583240 [2]:98 [3]:363
[0]:189955281 [1]:22629738 [2]:98 [3]:361
[0]:190152069 [1]:22675233 [2]:98 [3]:363
[0]:190341298 [1]:22718920 [2]:98 [3]:365
[0]:190541108 [1]:22765084 [2]:98 [3]:364
[0]:190772864 [1]:22818619 [2]:98 [3]:356
[0]:190974634 [1]:22865139 [2]:98 [3]:363
[0]:191170502 [1]:22910450 [2]:98 [3]:362
[0]:191362914 [1]:22954855 [2]:98 [3]:360
[0]:191555712 [1]:22999428 [2]:98 [3]:359
[0]:191750565 [1]:23044482 [2]:98 [3]:364
[0]:191952656 [1]:23091126 [2]:98 [3]:362
[0]:192169367 [1]:23141222 [2]:98 [3]:53
[0]:192355425 [1]:23184255 [2]:98 [3]:62
[0]:192550976 [1]:23229450 [2]:98 [3]:359
[0]:192743768 [1]:23273956 [2]:98 [3]:354
[0]:192937641 [1]:23318719 [2]:98 [3]:366
[0]:193134362 [1]:23364163 [2]:98 [3]:364
[0]:193329841 [1]:23409376 [2]:98 [3]:364
[0]:193529650 [1]:23455488 [2]:98 [3]:359
[0]:193722177 [1]:23499899 [2]:98 [3]:360
[0]:193915735 [1]:23544627 [2]:98 [3]:55
[0]:194118267 [1]:23591403 [2]:98 [3]:360
[0]:194309996 [1]:23635718 [2]:98 [3]:363
[0]:194505284 [1]:23680835 [2]:98 [3]:362
[0]:194710591 [1]:23728188 [2]:98 [3]:63
[0]:194908593 [1]:23773910 [2]:98 [3]:357
[0]:195097570 [1]:23817594 [2]:98 [3]:358
[0]:195292264 [1]:23862573 [2]:98 [3]:365
[0]:195511541 [1]:23913224 [2]:98 [3]:362
[0]:195703200 [1]:23957413 [2]:98 [3]:359
[0]:195893865 [1]:24001477 [2]:98 [3]:55
[0]:196091830 [1]:24047276 [2]:98 [3]:365
[0]:196282141 [1]:24091240 [2]:98 [3]:362
[0]:196486546 [1]:24138437 [2]:98 [3]:353
[0]:196684452 [1]:24184186 [2]:98 [3]:356
[0]:196879155 [1]:24229135 [2]:98 [3]:363
[0]:197132564 [1]:24287747 [2]:98 [3]:352
[0]:197329209 [1]:24333228 [2]:98 [3]:352
[0]:197521456 [1]:24377601 [2]:98 [3]:360
[0]:197713687 [1]:24422008 [2]:98 [3]:368
[0]:197916369 [1]:24468825 [2]:98 [3]:361
[0]:198107399 [1]:24512974 [2]:98 [3]:359
[0]:198301821 [1]:24557871 [2]:98 [3]:360
[0]:198493767 [1]:24602190 [2]:98 [3]:363
[0]:198687357 [1]:24646902 [2]:98 [3]:363
[0]:198885089 [1]:24692538 [2]:98 [3]:364
[0]:199073546 [1]:24736108 [2]:98 [3]:359
[0]:199267291 [1]:24780829 [2]:98 [3]:360
[0]:199465391 [1]:24826661 [2]:98 [3]:362
[0]:199663535 [1]:24872451 [2]:98 [3]:355
[0]:199858976 [1]:24917623 [2]:98 [3]:62
[0]:200048172 [1]:24961277 [2]:98 [3]:357
[0]:200240597 [1]:25005698 [2]:98 [3]:60
[0]:200439786 [1]:25051703 [2]:98 [3]:362
[0]:200632682 [1]:25096292 [2]:98 [3]:359
[0]:200831949 [1]:25142362 [2]:98 [3]:377
[0]:201026166 [1]:25187215 [2]:98 [3]:64
[0]:201223971 [1]:25232915 [2]:98 [3]:52
[0]:201406788 [1]:25275155 [2]:98 [3]:60
[0]:201600467 [1]:25319874 [2]:98 [3]:58
[0]:201631547 [1]:25327068 [2]:98 [3]:359
[0]:201631547 [1]:25327068 [2]:98 [3]:359
[0]:201631547 [1]:25327068 [2]:98 [3]:359
[0]:201631547 [1]:25327068 [2]:98 [3]:359
[0]:201631547 [1]:25327068 [2]:98 [3]:359
[0]:201631547 [1]:25327068 [2]:98 [3]:359
[0]:201631547 [1]:25327068 [2]:98 [3]:359
[0]:201631547 [1]:25327068 [2]:98 [3]:359
[0]:201631547 [1]:25327068 [2]:98 [3]:359
[0]:201631547 [1]:25327068 [2]:98 [3]:359
[0]:201631547 [1]:25327068 [2]:98 [3]:359
[0]:201631547 [1]:25327068 [2]:98 [3]:359
