[0]:0 [1]:0 [2]:0 [3]:0
[0]:0 [1]:0 [2]:0 [3]:0
[0]:159124 [1]:0 [2]:0 [3]:310
[0]:383117 [1]:0 [2]:0 [3]:54
[0]:614033 [1]:0 [2]:0 [3]:305
[0]:860249 [1]:0 [2]:0 [3]:317
[0]:1085621 [1]:4174 [2]:120 [3]:57
[0]:1288689 [1]:27182 [2]:120 [3]:362
[0]:1479391 [1]:48725 [2]:120 [3]:57
[0]:1674764 [1]:70671 [2]:120 [3]:52
[0]:1867565 [1]:92374 [2]:120 [3]:61
[0]:2070931 [1]:115308 [2]:120 [3]:71
[0]:2275125 [1]:138624 [2]:120 [3]:60
[0]:2479717 [1]:161570 [2]:120 [3]:363
[0]:2692961 [1]:185621 [2]:98 [3]:68
[0]:2886411 [1]:207503 [2]:98 [3]:372
[0]:3089801 [1]:230472 [2]:98 [3]:66
[0]:3280920 [1]:252059 [2]:98 [3]:63
[0]:3485597 [1]:275036 [2]:98 [3]:70
[0]:3680389 [1]:296901 [2]:98 [3]:55
[0]:3881757 [1]:319519 [2]:98 [3]:59
[0]:4078418 [1]:341756 [2]:98 [3]:67
[0]:4328987 [1]:370066 [2]:87 [3]:357
[0]:4531808 [1]:392887 [2]:87 [3]:59
[0]:4726737 [1]:414712 [2]:87 [3]:59
[0]:4937007 [1]:438313 [2]:87 [3]:56
[0]:5172314 [1]:465027 [2]:87 [3]:376
[0]:5374502 [1]:487833 [2]:87 [3]:58
[0]:5629173 [1]:516541 [2]:81 [3]:363
[0]:5832269 [1]:539537 [2]:81 [3]:355
[0]:6033450 [1]:562304 [2]:81 [3]:65
[0]:6243004 [1]:585929 [2]:81 [3]:70
[0]:6458134 [1]:610143 [2]:81 [3]:61
[0]:6662492 [1]:633087 [2]:81 [3]:69
[0]:6864836 [1]:655858 [2]:81 [3]:361
[0]:7066439 [1]:678575 [2]:81 [3]:367
[0]:7274207 [1]:701962 [2]:78 [3]:71
[0]:7490260 [1]:726273 [2]:78 [3]:366
[0]:7688713 [1]:748660 [2]:78 [3]:62
[0]:7883357 [1]:770610 [2]:78 [3]:70
[0]:8104453 [1]:795530 [2]:78 [3]:363
[0]:8297745 [1]:817299 [2]:78 [3]:77
[0]:8494212 [1]:839528 [2]:78 [3]:73
[0]:8691442 [1]:861828 [2]:77 [3]:61
[0]:8890054 [1]:884251 [2]:77 [3]:72
[0]:9081621 [1]:905835 [2]:77 [3]:370
[0]:9283954 [1]:928546 [2]:77 [3]:364
[0]:9484791 [1]:951205 [2]:77 [3]:359
[0]:9679165 [1]:972988 [2]:77 [3]:67
[0]:9868333 [1]:994294 [2]:77 [3]:62
[0]:10057828 [1]:1015676 [2]:77 [3]:363
[0]:10257861 [1]:1038221 [2]:76 [3]:78
[0]:10456275 [1]:1060621 [2]:76 [3]:70
[0]:10673689 [1]:1085003 [2]:76 [3]:363
[0]:10864480 [1]:1106506 [2]:76 [3]:68
[0]:11062787 [1]:1128845 [2]:76 [3]:356
[0]:11276245 [1]:1153084 [2]:76 [3]:65
[0]:11475871 [1]:1175504 [2]:76 [3]:364
[0]:11672150 [1]:1197586 [2]:76 [3]:366
[0]:11857181 [1]:1218325 [2]:76 [3]:363
[0]:12050536 [1]:1240012 [2]:76 [3]:55
[0]:12242531 [1]:1261863 [2]:76 [3]:65
[0]:12444531 [1]:1284803 [2]:76 [3]:72
[0]:12684340 [1]:1311891 [2]:76 [3]:363
[0]:12876738 [1]:1333475 [2]:76 [3]:354
[0]:13084225 [1]:1356739 [2]:76 [3]:56
[0]:13287419 [1]:1379632 [2]:76 [3]:366
[0]:13488212 [1]:1402267 [2]:76 [3]:361
[0]:13691573 [1]:1425365 [2]:76 [3]:345
[0]:13890102 [1]:1447754 [2]:76 [3]:71
[0]:14090789 [1]:1470469 [2]:76 [3]:373
[0]:14290394 [1]:1493167 [2]:76 [3]:360
