[0]:153122015 [1]:26976414 [2]:152 [3]:352
[0]:153312085 [1]:27020233 [2]:152 [3]:62
[0]:153521528 [1]:27068612 [2]:152 [3]:366
[0]:153706754 [1]:27111364 [2]:152 [3]:362
[0]:153906483 [1]:27157500 [2]:152 [3]:358
[0]:154093341 [1]:27200583 [2]:152 [3]:361
[0]:154282809 [1]:27244335 [2]:152 [3]:357
[0]:154476760 [1]:27289147 [2]:152 [3]:54
[0]:154672904 [1]:27334414 [2]:152 [3]:366
[0]:154864647 [1]:27378688 [2]:152 [3]:360
[0]:155070227 [1]:27426140 [2]:152 [3]:65
[0]:155256785 [1]:27469199 [2]:152 [3]:362
[0]:155477099 [1]:27520032 [2]:159 [3]:365
[0]:155667442 [1]:27564033 [2]:159 [3]:59
[0]:155863059 [1]:27609255 [2]:159 [3]:357
[0]:156086576 [1]:27660778 [2]:159 [3]:365
[0]:156289516 [1]:27707670 [2]:159 [3]:361
[0]:156481129 [1]:27751882 [2]:159 [3]:360
[0]:156682765 [1]:27798442 [2]:159 [3]:358
[0]:156876775 [1]:27843236 [2]:159 [3]:359
[0]:157149400 [1]:27906114 [2]:159 [3]:60
[0]:157371850 [1]:27957531 [2]:159 [3]:59
[0]:157574653 [1]:28004354 [2]:159 [3]:359
[0]:157791355 [1]:28054429 [2]:159 [3]:356
[0]:157985348 [1]:28099140 [2]:159 [3]:365
[0]:158190593 [1]:28146550 [2]:159 [3]:362
[0]:158386752 [1]:28191834 [2]:163 [3]:355
[0]:158599807 [1]:28241001 [2]:163 [3]:368
[0]:158828705 [1]:28293735 [2]:163 [3]:360
[0]:159049269 [1]:28344613 [2]:163 [3]:364
[0]:159242682 [1]:28389247 [2]:163 [3]:60
[0]:159466846 [1]:28440971 [2]:163 [3]:359
[0]:159654957 [1]:28484409 [2]:163 [3]:362
[0]:159847823 [1]:28528894 [2]:163 [3]:359
[0]:160049575 [1]:28575446 [2]:163 [3]:356
[0]:160243699 [1]:28620259 [2]:163 [3]:364
[0]:160468213 [1]:28672096 [2]:163 [3]:56
[0]:160661661 [1]:28716715 [2]:163 [3]:354
[0]:160851989 [1]:28760678 [2]:163 [3]:364
[0]:161046072 [1]:28805553 [2]:165 [3]:63
[0]:161243908 [1]:28851231 [2]:165 [3]:363
[0]:161456245 [1]:28900250 [2]:165 [3]:359
[0]:161661945 [1]:28947716 [2]:165 [3]:365
[0]:161848158 [1]:28990637 [2]:165 [3]:362
[0]:162052923 [1]:29037945 [2]:165 [3]:359
[0]:162244057 [1]:29082087 [2]:165 [3]:368
[0]:162456993 [1]:29131240 [2]:165 [3]:360
[0]:162651233 [1]:29176009 [2]:165 [3]:360
[0]:162848782 [1]:29221632 [2]:165 [3]:360
[0]:163046579 [1]:29267356 [2]:165 [3]:361
[0]:163234267 [1]:29310662 [2]:165 [3]:361
[0]:163442363 [1]:29358701 [2]:165 [3]:356
[0]:163643784 [1]:29405223 [2]:165 [3]:367
[0]:163837955 [1]:29450056 [2]:165 [3]:365
[0]:164034352 [1]:29495371 [2]:166 [3]:358
[0]:164289250 [1]:29554246 [2]:166 [3]:365
[0]:164502379 [1]:29603402 [2]:166 [3]:58
[0]:164705892 [1]:29650342 [2]:166 [3]:368
[0]:164897967 [1]:29694711 [2]:166 [3]:360
[0]:165088297 [1]:29738683 [2]:166 [3]:360
[0]:165287651 [1]:29784672 [2]:166 [3]:361
[0]:165491472 [1]:29831732 [2]:166 [3]:361
[0]:165678004 [1]:29874846 [2]:166 [3]:63
[0]:165870439 [1]:29919273 [2]:166 [3]:55
[0]:166058786 [1]:29962809 [2]:166 [3]:364
[0]:166268316 [1]:30011167 [2]:166 [3]:360
[0]:166469265 [1]:30057681 [2]:166 [3]:358
[0]:166659602 [1]:30101630 [2]:167 [3]:362
[0]:166857485 [1]:30147400 [2]:167 [3]:364
[0]:167045466 [1]:30190837 [2]:167 [3]:359
[0]:167234423 [1]:30234386 [2]:167 [3]:363
[0]:167424654 [1]:30278295 [2]:167 [3]:355
[0]:167615050 [1]:30322330 [2]:167 [3]:366
[0]:167805373 [1]:30366389 [2]:167 [3]:59
