[0]:168013508 [1]:30402740 [2]:167 [3]:370
[0]:168223125 [1]:30433698 [2]:167 [3]:359
[0]:168424040 [1]:30463521 [2]:167 [3]:357
[0]:168628920 [1]:30493829 [2]:167 [3]:364
[0]:168830138 [1]:30523631 [2]:167 [3]:367
[0]:169070501 [1]:30559312 [2]:167 [3]:372
[0]:169270946 [1]:30588871 [2]:167 [3]:366
[0]:169488280 [1]:30621024 [2]:167 [3]:359
[0]:169692988 [1]:30651406 [2]:167 [3]:364
[0]:169902139 [1]:30682329 [2]:167 [3]:82
[0]:170118206 [1]:30714220 [2]:162 [3]:364
[0]:170335637 [1]:30746444 [2]:162 [3]:364
[0]:170548282 [1]:30777968 [2]:162 [3]:355
[0]:170762444 [1]:30809713 [2]:162 [3]:89
[0]:171024273 [1]:30848477 [2]:162 [3]:89
[0]:171225756 [1]:30878225 [2]:162 [3]:83
[0]:171446684 [1]:30910872 [2]:162 [3]:368
[0]:171671625 [1]:30944098 [2]:162 [3]:85
[0]:171868558 [1]:30973275 [2]:162 [3]:356
[0]:172073455 [1]:31003591 [2]:162 [3]:366
[0]:172274561 [1]:31033400 [2]:162 [3]:365
[0]:172518411 [1]:31069600 [2]:162 [3]:372
[0]:172727617 [1]:31100596 [2]:162 [3]:363
[0]:172936451 [1]:31131509 [2]:162 [3]:364
[0]:173141362 [1]:31161991 [2]:162 [3]:367
[0]:173350241 [1]:31192861 [2]:162 [3]:363
[0]:173559524 [1]:31223853 [2]:157 [3]:363
[0]:173799426 [1]:31259343 [2]:157 [3]:366
[0]:174004376 [1]:31289623 [2]:157 [3]:367
[0]:174211427 [1]:31320211 [2]:157 [3]:370
[0]:174422158 [1]:31351377 [2]:157 [3]:355
[0]:174627200 [1]:31381699 [2]:157 [3]:362
[0]:174830396 [1]:31411720 [2]:157 [3]:359
[0]:175073285 [1]:31447599 [2]:157 [3]:364
[0]:175281450 [1]:31478434 [2]:157 [3]:369
[0]:175553323 [1]:31518644 [2]:157 [3]:364
[0]:175754395 [1]:31548450 [2]:157 [3]:364
[0]:175963190 [1]:31579359 [2]:157 [3]:363
[0]:176178729 [1]:31611244 [2]:157 [3]:363
[0]:176384883 [1]:31641693 [2]:157 [3]:87
[0]:176597791 [1]:31673171 [2]:157 [3]:362
[0]:176800288 [1]:31703110 [2]:157 [3]:365
[0]:177003800 [1]:31733182 [2]:157 [3]:363
[0]:177233816 [1]:31767128 [2]:154 [3]:82
[0]:177472688 [1]:31802457 [2]:154 [3]:368
[0]:177723371 [1]:31839538 [2]:154 [3]:366
[0]:177921926 [1]:31869070 [2]:154 [3]:366
[0]:178122904 [1]:31898890 [2]:154 [3]:369
[0]:178331781 [1]:31929799 [2]:154 [3]:363
[0]:178539208 [1]:31960519 [2]:154 [3]:88
[0]:178744552 [1]:31990845 [2]:154 [3]:369
[0]:178950594 [1]:32021268 [2]:154 [3]:368
[0]:179170004 [1]:32053803 [2]:154 [3]:369
[0]:179395895 [1]:32087341 [2]:154 [3]:365
[0]:179596841 [1]:32117081 [2]:154 [3]:364
[0]:179845091 [1]:32153895 [2]:154 [3]:364
[0]:180050178 [1]:32184189 [2]:154 [3]:373
[0]:180258902 [1]:32215073 [2]:154 [3]:365
[0]:180459668 [1]:32244851 [2]:154 [3]:367
[0]:180665297 [1]:32275296 [2]:154 [3]:359
[0]:180869709 [1]:32305568 [2]:153 [3]:354
[0]:181066806 [1]:32334575 [2]:153 [3]:361
[0]:181281644 [1]:32366436 [2]:153 [3]:359
[0]:181489498 [1]:32397178 [2]:153 [3]:366
[0]:181698685 [1]:32428120 [2]:153 [3]:70
[0]:181902198 [1]:32458274 [2]:153 [3]:363
[0]:182111198 [1]:32489229 [2]:153 [3]:365
[0]:182330671 [1]:32521698 [2]:153 [3]:361
[0]:182528918 [1]:32551120 [2]:153 [3]:358
[0]:182733625 [1]:32581404 [2]:153 [3]:359
[0]:182942730 [1]:32612275 [2]:153 [3]:86
[0]:183164273 [1]:32645025 [2]:153 [3]:367
[0]:183368360 [1]:32675199 [2]:153 [3]:73
[0]:183577260 [1]:32706125 [2]:153 [3]:353
