[0]:134711618 [1]:13176499 [2]:96 [3]:366
[0]:134955488 [1]:13227004 [2]:98 [3]:362
[0]:135147634 [1]:13266802 [2]:98 [3]:365
[0]:135348854 [1]:13308526 [2]:98 [3]:363
[0]:135542831 [1]:13348748 [2]:98 [3]:363
[0]:135754998 [1]:13392843 [2]:98 [3]:53
[0]:135993501 [1]:13442316 [2]:98 [3]:365
[0]:136194821 [1]:13484010 [2]:98 [3]:369
[0]:136390241 [1]:13524548 [2]:98 [3]:60
[0]:136642134 [1]:13576822 [2]:98 [3]:359
[0]:136835424 [1]:13616908 [2]:98 [3]:364
[0]:137055574 [1]:13662548 [2]:98 [3]:360
[0]:137249540 [1]:13702799 [2]:98 [3]:360
[0]:137452042 [1]:13744886 [2]:98 [3]:352
[0]:137664053 [1]:13788900 [2]:98 [3]:370
[0]:137856847 [1]:13828988 [2]:98 [3]:62
[0]:138050470 [1]:13869127 [2]:98 [3]:356
[0]:138255715 [1]:13911710 [2]:98 [3]:365
[0]:138456947 [1]:13953479 [2]:98 [3]:362
[0]:138658218 [1]:13995237 [2]:98 [3]:365
[0]:138855562 [1]:14036192 [2]:98 [3]:361
[0]:139052326 [1]:14076976 [2]:98 [3]:353
[0]:139269194 [1]:14122022 [2]:98 [3]:355
[0]:139461014 [1]:14161815 [2]:98 [3]:360
[0]:139660494 [1]:14203239 [2]:98 [3]:363
[0]:139858076 [1]:14244191 [2]:98 [3]:365
[0]:140050412 [1]:14284099 [2]:98 [3]:363
[0]:140253065 [1]:14326099 [2]:98 [3]:363
[0]:140448065 [1]:14366518 [2]:98 [3]:364
[0]:140649177 [1]:14408249 [2]:98 [3]:362
[0]:140848053 [1]:14449491 [2]:98 [3]:360
[0]:141054338 [1]:14492254 [2]:98 [3]:363
[0]:141245650 [1]:14531964 [2]:98 [3]:62
[0]:141444066 [1]:14573129 [2]:98 [3]:358
[0]:141667945 [1]:14619525 [2]:98 [3]:68
[0]:141881189 [1]:14663766 [2]:98 [3]:359
[0]:142071749 [1]:14703296 [2]:98 [3]:365
[0]:142266373 [1]:14743650 [2]:98 [3]:366
[0]:142461794 [1]:14784153 [2]:98 [3]:355
[0]:142657063 [1]:14824611 [2]:98 [3]:356
[0]:142876693 [1]:14870212 [2]:98 [3]:355
[0]:143074482 [1]:14911255 [2]:98 [3]:361
[0]:143265929 [1]:14950926 [2]:98 [3]:363
[0]:143476950 [1]:14994700 [2]:98 [3]:366
[0]:143674359 [1]:15035644 [2]:98 [3]:62
[0]:143871929 [1]:15076684 [2]:98 [3]:361
[0]:144063278 [1]:15116410 [2]:98 [3]:361
[0]:144259461 [1]:15157087 [2]:98 [3]:355
[0]:144460057 [1]:15198662 [2]:98 [3]:353
[0]:144663807 [1]:15240913 [2]:98 [3]:371
[0]:144881077 [1]:15285968 [2]:98 [3]:360
[0]:145083240 [1]:15327849 [2]:98 [3]:358
[0]:145288045 [1]:15370308 [2]:98 [3]:354
[0]:145487460 [1]:15411625 [2]:98 [3]:57
[0]:145686207 [1]:15452857 [2]:98 [3]:62
[0]:145949978 [1]:15507569 [2]:98 [3]:56
[0]:146149033 [1]:15548829 [2]:98 [3]:356
[0]:146361543 [1]:15592898 [2]:98 [3]:366
[0]:146555230 [1]:15633083 [2]:98 [3]:364
[0]:146749005 [1]:15673296 [2]:98 [3]:359
[0]:146939045 [1]:15712733 [2]:98 [3]:363
[0]:147136285 [1]:15753640 [2]:98 [3]:374
[0]:147329575 [1]:15793709 [2]:98 [3]:362
[0]:147520463 [1]:15833299 [2]:98 [3]:354
[0]:147720866 [1]:15874919 [2]:98 [3]:59
[0]:147919042 [1]:15916058 [2]:98 [3]:358
[0]:148116646 [1]:15957107 [2]:98 [3]:64
[0]:148312778 [1]:15997758 [2]:98 [3]:61
[0]:148500493 [1]:16036702 [2]:98 [3]:365
[0]:148701821 [1]:16078497 [2]:98 [3]:364
[0]:148894141 [1]:16118393 [2]:98 [3]:356
[0]:149093084 [1]:16159630 [2]:98 [3]:364
[0]:149289069 [1]:16200255 [2]:98 [3]:358
[0]:149481585 [1]:16240154 [2]:98 [3]:358
[0]:149715367 [1]:16288622 [2]:98 [3]:369
[0]:149942774 [1]:16335753 [2]:98 [3]:53
[0]:150136723 [1]:16375949 [2]:98 [3]:366
[0]:150326650 [1]:16415251 [2]:98 [3]:362
[0]:150527733 [1]:16456929 [2]:98 [3]:365
[0]:150736579 [1]:16500236 [2]:98 [3]:363
[0]:150970306 [1]:16548748 [2]:98 [3]:363
[0]:151176239 [1]:16591436 [2]:98 [3]:69
[0]:151370108 [1]:16631630 [2]:98 [3]:354
[0]:151578971 [1]:16674957 [2]:98 [3]:358
[0]:151787688 [1]:16718223 [2]:98 [3]:359
[0]:151977919 [1]:16757589 [2]:98 [3]:366
[0]:152186460 [1]:16800837 [2]:98 [3]:364
[0]:152387656 [1]:16842556 [2]:98 [3]:370
[0]:152596353 [1]:16885838 [2]:98 [3]:362
[0]:152808787 [1]:16929993 [2]:98 [3]:55
[0]:153009961 [1]:16971682 [2]:98 [3]:362
[0]:153218800 [1]:17014985 [2]:98 [3]:356
[0]:153423410 [1]:17057426 [2]:98 [3]:361
[0]:153621169 [1]:17098505 [2]:98 [3]:360
[0]:153817240 [1]:17139165 [2]:98 [3]:364
[0]:154009878 [1]:17179096 [2]:98 [3]:355
[0]:154206309 [1]:17219846 [2]:98 [3]:66
[0]:154400126 [1]:17260081 [2]:98 [3]:362
[0]:154630774 [1]:17307944 [2]:98 [3]:63
[0]:154836022 [1]:17350463 [2]:98 [3]:361
[0]:155029874 [1]:17390675 [2]:98 [3]:62
[0]:155231246 [1]:17432457 [2]:98 [3]:365
[0]:155426803 [1]:17473013 [2]:98 [3]:364
[0]:155622132 [1]:17513563 [2]:98 [3]:366
[0]:155820221 [1]:17554618 [2]:98 [3]:357
[0]:156009719 [1]:17593921 [2]:98 [3]:366
[0]:156194900 [1]:17632328 [2]:98 [3]:360
[0]:156390217 [1]:17672838 [2]:98 [3]:363
[0]:156591124 [1]:17714429 [2]:98 [3]:360
[0]:156781543 [1]:17753897 [2]:98 [3]:365
[0]:156982801 [1]:17795622 [2]:98 [3]:354
[0]:157180219 [1]:17836532 [2]:98 [3]:59
[0]:157391904 [1]:17880461 [2]:98 [3]:361
[0]:157597837 [1]:17923159 [2]:98 [3]:361
[0]:157806248 [1]:17966392 [2]:98 [3]:362
[0]:158003321 [1]:18007240 [2]:98 [3]:362
[0]:158227614 [1]:18053726 [2]:98 [3]:364
[0]:158424906 [1]:18094685 [2]:98 [3]:363
[0]:158633328 [1]:18137880 [2]:98 [3]:365
[0]:158839604 [1]:18180695 [2]:104 [3]:359
[0]:159058576 [1]:18226103 [2]:104 [3]:363
[0]:159256003 [1]:18267023 [2]:104 [3]:369
[0]:159456673 [1]:18308590 [2]:104 [3]:370
[0]:159654824 [1]:18349697 [2]:104 [3]:364
[0]:159847529 [1]:18389682 [2]:104 [3]:364
[0]:160044187 [1]:18430503 [2]:104 [3]:354
[0]:160237525 [1]:18470649 [2]:104 [3]:59
[0]:160427359 [1]:18510008 [2]:104 [3]:68
[0]:160616044 [1]:18549097 [2]:104 [3]:361
[0]:160821030 [1]:18591589 [2]:104 [3]:359
[0]:161022451 [1]:18633361 [2]:104 [3]:58
[0]:161215774 [1]:18673473 [2]:104 [3]:364
[0]:161443661 [1]:18720661 [2]:104 [3]:366
[0]:161641088 [1]:18761614 [2]:104 [3]:359
[0]:161860765 [1]:18807199 [2]:104 [3]:361
[0]:162047363 [1]:18845897 [2]:104 [3]:364
[0]:162256002 [1]:18889120 [2]:104 [3]:362
[0]:162452967 [1]:18929944 [2]:104 [3]:50
[0]:162654784 [1]:18971833 [2]:104 [3]:59
[0]:162848529 [1]:19011990 [2]:104 [3]:364
[0]:163102151 [1]:19064588 [2]:104 [3]:67
[0]:163299506 [1]:19105533 [2]:104 [3]:362
[0]:163500872 [1]:19147310 [2]:104 [3]:359
[0]:163694538 [1]:19187476 [2]:104 [3]:362
[0]:163887201 [1]:19227448 [2]:104 [3]:358
[0]:164089686 [1]:19269364 [2]:104 [3]:58
[0]:164285796 [1]:19310053 [2]:104 [3]:363
[0]:164481006 [1]:19350554 [2]:104 [3]:347
[0]:164700781 [1]:19396248 [2]:104 [3]:364
[0]:164901975 [1]:19437987 [2]:104 [3]:59
[0]:165118868 [1]:19482929 [2]:104 [3]:359
[0]:165323130 [1]:19525296 [2]:104 [3]:364
[0]:165531778 [1]:19568609 [2]:104 [3]:58
[0]:165745198 [1]:19612887 [2]:104 [3]:58
[0]:165944341 [1]:19654182 [2]:104 [3]:364
[0]:166155800 [1]:19698040 [2]:104 [3]:357
[0]:166354954 [1]:19739364 [2]:104 [3]:362
[0]:166571510 [1]:19784327 [2]:104 [3]:358
[0]:166776511 [1]:19826862 [2]:104 [3]:361
[0]:166996428 [1]:19872441 [2]:104 [3]:355
[0]:167192662 [1]:19913128 [2]:104 [3]:362
[0]:167387680 [1]:19953608 [2]:104 [3]:363
[0]:167592757 [1]:19996124 [2]:104 [3]:359
[0]:167793986 [1]:20037799 [2]:104 [3]:363
[0]:168002480 [1]:20081046 [2]:104 [3]:59
[0]:168192706 [1]:20120509 [2]:104 [3]:57
[0]:168386450 [1]:20160680 [2]:104 [3]:361
[0]:168583329 [1]:20201511 [2]:104 [3]:55
[0]:168777808 [1]:20241779 [2]:104 [3]:367
[0]:168992535 [1]:20286340 [2]:104 [3]:64
[0]:169202659 [1]:20329926 [2]:104 [3]:361
[0]:169401499 [1]:20371142 [2]:104 [3]:367
[0]:169601471 [1]:20412672 [2]:104 [3]:362
[0]:169798965 [1]:20453524 [2]:104 [3]:60
[0]:169992729 [1]:20493794 [2]:104 [3]:361
[0]:170183006 [1]:20533291 [2]:104 [3]:365
[0]:170376626 [1]:20573438 [2]:104 [3]:356
[0]:170574241 [1]:20614360 [2]:104 [3]:365
[0]:170782848 [1]:20657621 [2]:104 [3]:357
[0]:170980524 [1]:20698681 [2]:104 [3]:54
[0]:171170449 [1]:20738101 [2]:104 [3]:365
[0]:171368009 [1]:20779071 [2]:104 [3]:359
[0]:171568475 [1]:20820558 [2]:104 [3]:364
[0]:171781081 [1]:20864686 [2]:104 [3]:356
[0]:171979964 [1]:20905949 [2]:104 [3]:366
[0]:172176732 [1]:20946751 [2]:104 [3]:357
[0]:172370549 [1]:20986962 [2]:104 [3]:362
[0]:172567415 [1]:21027753 [2]:104 [3]:362
[0]:172750731 [1]:21065798 [2]:104 [3]:359
[0]:172951976 [1]:21107539 [2]:104 [3]:364
[0]:173167890 [1]:21152402 [2]:104 [3]:56
[0]:173358124 [1]:21191802 [2]:104 [3]:362
[0]:173554158 [1]:21232430 [2]:104 [3]:358
[0]:173749332 [1]:21272963 [2]:104 [3]:359
[0]:173946936 [1]:21313986 [2]:104 [3]:368
[0]:174132518 [1]:21352461 [2]:104 [3]:367
[0]:174338061 [1]:21395046 [2]:104 [3]:361
[0]:174531728 [1]:21435225 [2]:104 [3]:367
[0]:174725819 [1]:21475427 [2]:104 [3]:364
[0]:174923370 [1]:21516405 [2]:104 [3]:355
[0]:175132357 [1]:21559740 [2]:104 [3]:364
[0]:175329546 [1]:21600636 [2]:104 [3]:365
[0]:175524928 [1]:21641206 [2]:104 [3]:361
[0]:175722513 [1]:21682190 [2]:104 [3]:358
[0]:175918394 [1]:21722807 [2]:104 [3]:357
[0]:176134469 [1]:21767618 [2]:104 [3]:67
[0]:176331066 [1]:21808330 [2]:104 [3]:53
[0]:176525839 [1]:21848672 [2]:104 [3]:354
[0]:176723415 [1]:21889648 [2]:104 [3]:359
[0]:176917032 [1]:21929827 [2]:104 [3]:361
[0]:177122158 [1]:21972334 [2]:104 [3]:357
[0]:177319730 [1]:22013366 [2]:104 [3]:363
[0]:177539621 [1]:22059032 [2]:104 [3]:361
[0]:177740826 [1]:22100729 [2]:104 [3]:358
[0]:177938326 [1]:22141686 [2]:104 [3]:63
[0]:178137559 [1]:22182924 [2]:104 [3]:364
[0]:178340552 [1]:22225062 [2]:104 [3]:368
[0]:178535356 [1]:22265471 [2]:104 [3]:367
[0]:178729633 [1]:22305746 [2]:104 [3]:363
[0]:178925931 [1]:22346483 [2]:104 [3]:360
[0]:179116105 [1]:22385884 [2]:104 [3]:353
[0]:179341795 [1]:22432702 [2]:104 [3]:355
[0]:179529734 [1]:22471677 [2]:104 [3]:64
[0]:179718260 [1]:22510769 [2]:104 [3]:51
[0]:179909822 [1]:22550460 [2]:104 [3]:360
[0]:180114908 [1]:22592972 [2]:104 [3]:367
[0]:180311200 [1]:22633715 [2]:104 [3]:360
[0]:180539774 [1]:22681101 [2]:104 [3]:357
[0]:180752186 [1]:22725169 [2]:104 [3]:365
[0]:180949682 [1]:22766065 [2]:104 [3]:360
[0]:181142900 [1]:22806165 [2]:104 [3]:364
[0]:181363461 [1]:22851916 [2]:104 [3]:366
[0]:181556805 [1]:22892046 [2]:104 [3]:368
[0]:181743609 [1]:22930735 [2]:104 [3]:360
[0]:181951244 [1]:22973821 [2]:104 [3]:362
[0]:182146095 [1]:23014217 [2]:104 [3]:363
[0]:182341613 [1]:23054791 [2]:104 [3]:357
[0]:182535575 [1]:23095055 [2]:104 [3]:360
[0]:182738663 [1]:23137106 [2]:109 [3]:367
[0]:182962061 [1]:23183487 [2]:109 [3]:366
[0]:183155887 [1]:23223718 [2]:109 [3]:363
[0]:183353472 [1]:23264782 [2]:109 [3]:359
[0]:183554735 [1]:23306516 [2]:109 [3]:362
[0]:183744481 [1]:23345859 [2]:109 [3]:364
[0]:183937393 [1]:23385869 [2]:109 [3]:362
[0]:184125641 [1]:23424879 [2]:109 [3]:360
[0]:184333648 [1]:23468002 [2]:109 [3]:368
[0]:184523779 [1]:23507385 [2]:109 [3]:362
[0]:184754686 [1]:23555277 [2]:109 [3]:60
[0]:184952366 [1]:23596284 [2]:109 [3]:366
[0]:185149741 [1]:23637243 [2]:109 [3]:360
[0]:185348845 [1]:23678554 [2]:109 [3]:63
[0]:185570937 [1]:23724589 [2]:109 [3]:355
[0]:185764511 [1]:23764719 [2]:109 [3]:359
[0]:185952540 [1]:23803714 [2]:109 [3]:359
[0]:186152291 [1]:23845173 [2]:109 [3]:359
[0]:186342490 [1]:23884684 [2]:109 [3]:361
[0]:186532890 [1]:23924136 [2]:109 [3]:57
[0]:186733620 [1]:23965832 [2]:109 [3]:55
[0]:186931165 [1]:24006830 [2]:109 [3]:358
[0]:187128652 [1]:24047825 [2]:109 [3]:365
[0]:187324599 [1]:24088403 [2]:109 [3]:355
[0]:187514647 [1]:24127888 [2]:109 [3]:364
[0]:187728664 [1]:24172332 [2]:109 [3]:356
[0]:187922438 [1]:24212512 [2]:109 [3]:366
[0]:188122603 [1]:24254007 [2]:109 [3]:362
[0]:188328715 [1]:24296702 [2]:109 [3]:352
[0]:188518586 [1]:24336132 [2]:109 [3]:362
[0]:188723989 [1]:24378688 [2]:109 [3]:360
[0]:188921313 [1]:24419643 [2]:109 [3]:357
[0]:189118432 [1]:24460551 [2]:109 [3]:362
[0]:189315382 [1]:24501358 [2]:109 [3]:62
[0]:189517302 [1]:24543231 [2]:109 [3]:65
[0]:189737533 [1]:24588985 [2]:109 [3]:366
[0]:189934206 [1]:24629800 [2]:109 [3]:357
[0]:190131898 [1]:24670766 [2]:109 [3]:359
[0]:190322404 [1]:24710307 [2]:109 [3]:356
[0]:190516232 [1]:24750535 [2]:109 [3]:359
[0]:190721087 [1]:24793067 [2]:109 [3]:359
[0]:190916399 [1]:24833574 [2]:109 [3]:367
[0]:191112583 [1]:24874251 [2]:109 [3]:352
[0]:191304545 [1]:24914087 [2]:109 [3]:357
[0]:191556050 [1]:24966198 [2]:109 [3]:358
[0]:191753357 [1]:25007077 [2]:109 [3]:366
[0]:191950471 [1]:25047963 [2]:109 [3]:359
[0]:192142065 [1]:25087710 [2]:109 [3]:360
[0]:192334560 [1]:25127646 [2]:109 [3]:56
[0]:192528446 [1]:25167847 [2]:109 [3]:360
[0]:192722342 [1]:25208081 [2]:109 [3]:355
[0]:192918872 [1]:25248759 [2]:109 [3]:360
[0]:193125024 [1]:25291542 [2]:109 [3]:365
[0]:193322489 [1]:25332450 [2]:109 [3]:360
[0]:193520070 [1]:25373535 [2]:109 [3]:63
[0]:193721190 [1]:25415291 [2]:109 [3]:367
[0]:193919151 [1]:25456244 [2]:109 [3]:368
[0]:194112490 [1]:25496342 [2]:109 [3]:362
[0]:194310559 [1]:25537421 [2]:109 [3]:363
[0]:194511334 [1]:25579111 [2]:109 [3]:360
[0]:194697699 [1]:25617783 [2]:109 [3]:366
[0]:194902787 [1]:25660348 [2]:109 [3]:364
[0]:195092713 [1]:25699725 [2]:109 [3]:363
[0]:195290342 [1]:25740693 [2]:109 [3]:355
[0]:195487746 [1]:25781678 [2]:109 [3]:364
[0]:195708822 [1]:25827513 [2]:109 [3]:66
[0]:195931370 [1]:25873716 [2]:109 [3]:362
[0]:196147440 [1]:25918510 [2]:109 [3]:354
[0]:196336880 [1]:25957832 [2]:109 [3]:362
[0]:196529442 [1]:25997729 [2]:109 [3]:357
[0]:196722788 [1]:26037768 [2]:109 [3]:361
[0]:196922925 [1]:26079289 [2]:109 [3]:359
[0]:197149300 [1]:26126195 [2]:109 [3]:359
[0]:197343726 [1]:26166549 [2]:109 [3]:363
[0]:197570949 [1]:26213673 [2]:109 [3]:356
[0]:197768556 [1]:26254624 [2]:109 [3]:358
[0]:197969720 [1]:26296359 [2]:109 [3]:351
[0]:198162885 [1]:26336540 [2]:109 [3]:63
[0]:198360669 [1]:26377585 [2]:109 [3]:365
[0]:198586809 [1]:26424447 [2]:109 [3]:359
[0]:198810366 [1]:26470856 [2]:109 [3]:361
[0]:199013176 [1]:26512907 [2]:109 [3]:362
[0]:199210782 [1]:26553886 [2]:109 [3]:362
[0]:199405484 [1]:26594274 [2]:109 [3]:50
[0]:199602221 [1]:26635019 [2]:109 [3]:362
[0]:199795809 [1]:26675211 [2]:109 [3]:361
[0]:200000875 [1]:26717760 [2]:109 [3]:361
[0]:200202210 [1]:26759501 [2]:109 [3]:362
[0]:200399346 [1]:26800328 [2]:109 [3]:59
[0]:200434052 [1]:26807582 [2]:109 [3]:361
[0]:200434052 [1]:26807582 [2]:109 [3]:361
[0]:200434052 [1]:26807582 [2]:109 [3]:361
[0]:200434052 [1]:26807582 [2]:109 [3]:361
[0]:200434052 [1]:26807582 [2]:109 [3]:361
[0]:200434052 [1]:26807582 [2]:109 [3]:361
[0]:200434052 [1]:26807582 [2]:109 [3]:361
[0]:200434052 [1]:26807582 [2]:109 [3]:361
[0]:200434052 [1]:26807582 [2]:109 [3]:361
[0]:200434052 [1]:26807582 [2]:109 [3]:361
[0]:200434052 [1]:26807582 [2]:109 [3]:361
