[0]:0 [1]:0 [2]:0 [3]:0
[0]:0 [1]:0 [2]:0 [3]:0
[0]:0 [1]:0 [2]:0 [3]:0
[0]:3348123323 [1]:1 [2]:2 [3]:2
[0]:4135897128 [1]:1 [2]:2 [3]:2
[0]:3920111440 [1]:1 [2]:2 [3]:3
[0]:3704190042 [1]:1 [2]:2 [3]:3
[0]:3496158388 [1]:1 [2]:2 [3]:3
[0]:4291592247 [1]:1 [2]:2 [3]:2
[0]:4021676260 [1]:1 [2]:2 [3]:3
[0]:3816225732 [1]:1 [2]:2 [3]:3
[0]:3621678705 [1]:1 [2]:2 [3]:2
[0]:3433727136 [1]:1 [2]:2 [3]:3
[0]:4237843731 [1]:1 [2]:2 [3]:3
[0]:4049691400 [1]:1 [2]:2 [3]:3
[0]:3844591202 [1]:1 [2]:2 [3]:3
[0]:3661942717 [1]:1 [2]:2 [3]:3
[0]:3474274886 [1]:1 [2]:2 [3]:2
[0]:4281690123 [1]:1 [2]:2 [3]:3
[0]:4094041513 [1]:1 [2]:2 [3]:3
[0]:3896384996 [1]:1 [2]:2 [3]:3
[0]:3700409875 [1]:1 [2]:2 [3]:3
[0]:3508217812 [1]:1 [2]:2 [3]:3
[0]:3316302148 [1]:1 [2]:2 [3]:3
[0]:4123418588 [1]:1 [2]:2 [3]:3
[0]:3933784720 [1]:1 [2]:2 [3]:3
[0]:3741702583 [1]:1 [2]:2 [3]:3
[0]:3504516596 [1]:1 [2]:2 [3]:3
[0]:4273581291 [1]:1 [2]:2 [3]:3
[0]:4076220108 [1]:1 [2]:2 [3]:2
[0]:3876364778 [1]:1 [2]:2 [3]:3
[0]:3689710341 [1]:1 [2]:2 [3]:4
[0]:3462243793 [1]:1 [2]:2 [3]:3
[0]:4252908197 [1]:1 [2]:2 [3]:3
[0]:4060219411 [1]:1 [2]:2 [3]:3
[0]:3869832865 [1]:1 [2]:2 [3]:3
[0]:3668970607 [1]:1 [2]:2 [3]:3
[0]:3476294828 [1]:1 [2]:2 [3]:3
[0]:4283385491 [1]:1 [2]:2 [3]:3
[0]:4093624382 [1]:1 [2]:2 [3]:3
[0]:3900413313 [1]:1 [2]:2 [3]:3
[0]:3716368970 [1]:1 [2]:2 [3]:2
[0]:3528428723 [1]:1 [2]:2 [3]:3
[0]:3337731366 [1]:1 [2]:2 [3]:3
[0]:4124506565 [1]:1 [2]:2 [3]:3
[0]:3848248708 [1]:1 [2]:2 [3]:3
[0]:3623060385 [1]:1 [2]:2 [3]:3
[0]:3403058638 [1]:1 [2]:2 [3]:4
[0]:4148207648 [1]:1 [2]:2 [3]:2
[0]:3908223423 [1]:1 [2]:2 [3]:3
[0]:3702926758 [1]:1 [2]:2 [3]:2
[0]:3484323175 [1]:1 [2]:2 [3]:3
[0]:4245778692 [1]:1 [2]:2 [3]:2
[0]:4033754093 [1]:1 [2]:2 [3]:2
[0]:3821733726 [1]:1 [2]:2 [3]:3
[0]:3618945881 [1]:1 [2]:2 [3]:3
[0]:3412199002 [1]:1 [2]:2 [3]:2
[0]:4205810567 [1]:1 [2]:2 [3]:2
[0]:3984203032 [1]:1 [2]:2 [3]:3
[0]:3764392373 [1]:1 [2]:2 [3]:3
[0]:3559096450 [1]:1 [2]:2 [3]:3
[0]:3372356112 [1]:1 [2]:2 [3]:3
[0]:4180518663 [1]:1 [2]:2 [3]:2
[0]:3995048481 [1]:1 [2]:2 [3]:2
[0]:3809790827 [1]:1 [2]:2 [3]:3
[0]:3620471741 [1]:1 [2]:2 [3]:3
[0]:3428451512 [1]:1 [2]:2 [3]:3
[0]:4233772355 [1]:1 [2]:2 [3]:3
[0]:4044400951 [1]:1 [2]:2 [3]:2
[0]:3849849483 [1]:1 [2]:2 [3]:3
[0]:3661895908 [1]:1 [2]:2 [3]:4
[0]:3468309346 [1]:1 [2]:2 [3]:3
[0]:4277721268 [1]:1 [2]:2 [3]:2
[0]:4092437383 [1]:1 [2]:2 [3]:3
[0]:3901782553 [1]:1 [2]:2 [3]:3
[0]:3704493770 [1]:1 [2]:2 [3]:3
[0]:3509078340 [1]:1 [2]:2 [3]:3
[0]:4260347030 [1]:1 [2]:2 [3]:3
[0]:4039569352 [1]:1 [2]:2 [3]:3
[0]:3805792605 [1]:1 [2]:2 [3]:3
[0]:3612439718 [1]:1 [2]:2 [3]:2
[0]:3420329891 [1]:1 [2]:2 [3]:3
[0]:4228487292 [1]:1 [2]:2 [3]:3
[0]:4021272706 [1]:1 [2]:2 [3]:2
[0]:3830309845 [1]:1 [2]:2 [3]:3
[0]:3637409552 [1]:1 [2]:2 [3]:2
[0]:3444908462 [1]:1 [2]:2 [3]:3
[0]:4252437767 [1]:1 [2]:2 [3]:3
[0]:4060473766 [1]:1 [2]:2 [3]:2
[0]:3819783910 [1]:1 [2]:2 [3]:3
[0]:3628541062 [1]:1 [2]:2 [3]:3
[0]:3438802583 [1]:1 [2]:2 [3]:2
[0]:4249823156 [1]:1 [2]:2 [3]:3
[0]:4061202783 [1]:1 [2]:2 [3]:3
[0]:3841474496 [1]:1 [2]:2 [3]:2
[0]:3606707141 [1]:1 [2]:2 [3]:3
[0]:3381926477 [1]:1 [2]:2 [3]:3
[0]:4148255187 [1]:1 [2]:2 [3]:3
[0]:3937836591 [1]:1 [2]:2 [3]:4
[0]:3728271586 [1]:1 [2]:2 [3]:3
[0]:3520311191 [1]:1 [2]:2 [3]:3
[0]:3316748500 [1]:1 [2]:2 [3]:3
[0]:4105830997 [1]:1 [2]:2 [3]:3
[0]:3892408632 [1]:1 [2]:2 [3]:3
[0]:3680178186 [1]:1 [2]:2 [3]:3
[0]:3468297142 [1]:1 [2]:2 [3]:3
[0]:4261826193 [1]:1 [2]:2 [3]:3
[0]:4052386127 [1]:1 [2]:2 [3]:3
[0]:3844394866 [1]:1 [2]:2 [3]:3
[0]:3636458160 [1]:1 [2]:2 [3]:3
[0]:3417905341 [1]:1 [2]:2 [3]:2
[0]:4213846648 [1]:1 [2]:2 [3]:3
[0]:4022769042 [1]:1 [2]:2 [3]:2
[0]:3839488408 [1]:1 [2]:2 [3]:2
[0]:3646129265 [1]:1 [2]:2 [3]:3
[0]:3459416047 [1]:1 [2]:2 [3]:2
[0]:4272613477 [1]:1 [2]:2 [3]:3
[0]:4081315453 [1]:1 [2]:2 [3]:3
[0]:3874926326 [1]:1 [2]:2 [3]:3
[0]:3686236527 [1]:1 [2]:2 [3]:3
[0]:3498468431 [1]:1 [2]:2 [3]:3
[0]:3313535823 [1]:1 [2]:2 [3]:3
[0]:4084428275 [1]:1 [2]:2 [3]:3
[0]:3860535055 [1]:1 [2]:2 [3]:3
[0]:3645867465 [1]:1 [2]:2 [3]:3
[0]:3453751233 [1]:1 [2]:2 [3]:3
[0]:4214450621 [1]:1 [2]:2 [3]:3
[0]:3971382106 [1]:1 [2]:2 [3]:3
[0]:3746569967 [1]:1 [2]:2 [3]:3
[0]:3544413460 [1]:1 [2]:2 [3]:3
[0]:3348950173 [1]:1 [2]:2 [3]:3
[0]:4153879851 [1]:1 [2]:2 [3]:4
[0]:3960789767 [1]:1 [2]:2 [3]:2
[0]:3771070045 [1]:1 [2]:2 [3]:3
[0]:3584632330 [1]:1 [2]:2 [3]:3
[0]:3397757755 [1]:1 [2]:2 [3]:4
[0]:4208269705 [1]:1 [2]:2 [3]:2
[0]:4006367232 [1]:1 [2]:2 [3]:3
[0]:3817678305 [1]:1 [2]:2 [3]:3
[0]:3626180715 [1]:1 [2]:2 [3]:3
[0]:3440435862 [1]:1 [2]:2 [3]:2
[0]:4244467710 [1]:1 [2]:2 [3]:3
[0]:4042032830 [1]:1 [2]:2 [3]:3
[0]:3857897345 [1]:1 [2]:2 [3]:3
[0]:3633899562 [1]:1 [2]:2 [3]:3
[0]:3407258785 [1]:1 [2]:2 [3]:4
[0]:4176804753 [1]:1 [2]:2 [3]:3
[0]:3898011615 [1]:1 [2]:2 [3]:3
[0]:3678374365 [1]:1 [2]:2 [3]:2
[0]:3456356760 [1]:1 [2]:2 [3]:3
[0]:4249911773 [1]:1 [2]:2 [3]:3
[0]:4028711881 [1]:1 [2]:2 [3]:3
[0]:3801914817 [1]:1 [2]:2 [3]:3
[0]:3589803513 [1]:1 [2]:2 [3]:3
[0]:3354117748 [1]:1 [2]:2 [3]:3
[0]:4126088558 [1]:1 [2]:2 [3]:3
[0]:3846052160 [1]:1 [2]:2 [3]:2
[0]:3609863881 [1]:1 [2]:2 [3]:3
[0]:3394613750 [1]:1 [2]:2 [3]:3
[0]:4185927087 [1]:1 [2]:2 [3]:3
[0]:3986284847 [1]:1 [2]:2 [3]:3
[0]:3779304918 [1]:1 [2]:2 [3]:3
[0]:3585880532 [1]:1 [2]:2 [3]:3
[0]:3398964427 [1]:1 [2]:2 [3]:3
[0]:4209886563 [1]:1 [2]:2 [3]:3
[0]:4021227553 [1]:1 [2]:2 [3]:3
[0]:3826144243 [1]:1 [2]:2 [3]:3
[0]:3629845675 [1]:1 [2]:2 [3]:3
[0]:3445970857 [1]:1 [2]:2 [3]:3
[0]:4249942758 [1]:1 [2]:2 [3]:3
[0]:4057375996 [1]:1 [2]:2 [3]:3
[0]:3870164818 [1]:1 [2]:2 [3]:2
[0]:3678628735 [1]:1 [2]:2 [3]:3
[0]:3487710728 [1]:1 [2]:2 [3]:3
[0]:4290068756 [1]:1 [2]:2 [3]:3
[0]:4096213567 [1]:1 [2]:2 [3]:2
[0]:3874214233 [1]:1 [2]:2 [3]:3
[0]:3609872710 [1]:1 [2]:2 [3]:3
[0]:3378414392 [1]:1 [2]:2 [3]:3
[0]:4124580968 [1]:1 [2]:2 [3]:3
[0]:3917906508 [1]:1 [2]:2 [3]:3
[0]:3718116545 [1]:1 [2]:2 [3]:3
[0]:3519207332 [1]:1 [2]:2 [3]:3
[0]:3334077862 [1]:1 [2]:2 [3]:3
[0]:4130568198 [1]:1 [2]:2 [3]:3
[0]:3937082762 [1]:1 [2]:2 [3]:3
[0]:3742105966 [1]:1 [2]:2 [3]:3
[0]:3550607508 [1]:1 [2]:2 [3]:3
[0]:3365887288 [1]:1 [2]:2 [3]:3
[0]:4137990107 [1]:1 [2]:2 [3]:3
[0]:3950007858 [1]:1 [2]:2 [3]:3
[0]:3754000073 [1]:1 [2]:2 [3]:3
[0]:3562105238 [1]:1 [2]:2 [3]:3
[0]:3335875316 [1]:1 [2]:2 [3]:3
[0]:4105865013 [1]:1 [2]:2 [3]:3
[0]:3865985973 [1]:1 [2]:2 [3]:3
[0]:3575138765 [1]:1 [2]:2 [3]:4
[0]:3358076790 [1]:1 [2]:2 [3]:2
[0]:4142801756 [1]:1 [2]:2 [3]:3
[0]:3933948540 [1]:1 [2]:2 [3]:3
[0]:3720875666 [1]:1 [2]:2 [3]:3
[0]:3505924330 [1]:1 [2]:2 [3]:3
[0]:3297832542 [1]:1 [2]:2 [3]:3
[0]:4085018542 [1]:1 [2]:2 [3]:3
[0]:3878000658 [1]:1 [2]:2 [3]:3
[0]:3667465700 [1]:1 [2]:2 [3]:3
[0]:3459910012 [1]:1 [2]:2 [3]:2
[0]:4201872453 [1]:1 [2]:2 [3]:3
[0]:4003059048 [1]:1 [2]:2 [3]:3
[0]:3794262638 [1]:1 [2]:2 [3]:2
[0]:3610146372 [1]:1 [2]:2 [3]:2
[0]:3425956713 [1]:1 [2]:2 [3]:3
[0]:4237956623 [1]:1 [2]:2 [3]:3
[0]:4054951747 [1]:1 [2]:2 [3]:3
[0]:3869939950 [1]:1 [2]:2 [3]:3
[0]:3682859145 [1]:1 [2]:2 [3]:3
[0]:3498410745 [1]:1 [2]:2 [3]:3
[0]:3314069081 [1]:1 [2]:2 [3]:3
[0]:4122023843 [1]:1 [2]:2 [3]:3
[0]:3933800415 [1]:1 [2]:2 [3]:2
[0]:3737979388 [1]:1 [2]:2 [3]:3
[0]:3545977522 [1]:1 [2]:2 [3]:2
[0]:3354175583 [1]:1 [2]:2 [3]:3
[0]:4164473330 [1]:1 [2]:2 [3]:3
[0]:3966370332 [1]:1 [2]:2 [3]:2
[0]:3776721061 [1]:1 [2]:2 [3]:3
[0]:3477097577 [1]:1 [2]:2 [3]:3
[0]:4251397086 [1]:1 [2]:2 [3]:2
[0]:4047068657 [1]:1 [2]:2 [3]:3
[0]:3842203586 [1]:1 [2]:2 [3]:3
[0]:3650160258 [1]:1 [2]:2 [3]:2
[0]:3459000040 [1]:1 [2]:2 [3]:3
[0]:4270168593 [1]:1 [2]:2 [3]:3
[0]:4082536836 [1]:1 [2]:2 [3]:3
[0]:3894313057 [1]:1 [2]:2 [3]:2
[0]:3710053265 [1]:1 [2]:2 [3]:3
[0]:3518051991 [1]:1 [2]:2 [3]:3
[0]:3330397547 [1]:1 [2]:2 [3]:3
[0]:4142483885 [1]:1 [2]:2 [3]:3
[0]:3954230203 [1]:1 [2]:2 [3]:2
[0]:3770303125 [1]:1 [2]:2 [3]:3
[0]:3587555150 [1]:1 [2]:2 [3]:3
[0]:3390217571 [1]:1 [2]:2 [3]:3
[0]:4187165033 [1]:1 [2]:2 [3]:3
[0]:3955964430 [1]:1 [2]:2 [3]:2
[0]:3701261517 [1]:1 [2]:2 [3]:3
[0]:3469880671 [1]:1 [2]:2 [3]:3
[0]:4254081761 [1]:1 [2]:2 [3]:4
[0]:4018173480 [1]:1 [2]:2 [3]:3
[0]:3761989525 [1]:1 [2]:2 [3]:3
[0]:3553852091 [1]:1 [2]:2 [3]:2
[0]:3346107408 [1]:1 [2]:2 [3]:3
[0]:4142126610 [1]:1 [2]:2 [3]:3
[0]:3933997817 [1]:1 [2]:2 [3]:3
[0]:3690091922 [1]:1 [2]:2 [3]:3
[0]:3474033483 [1]:1 [2]:2 [3]:3
[0]:4269319038 [1]:1 [2]:2 [3]:3
[0]:4058086798 [1]:1 [2]:2 [3]:3
[0]:3834566008 [1]:1 [2]:2 [3]:2
[0]:3621361110 [1]:1 [2]:2 [3]:2
[0]:3425996642 [1]:1 [2]:2 [3]:2
[0]:4238022351 [1]:1 [2]:2 [3]:2
[0]:4049977292 [1]:1 [2]:2 [3]:3
[0]:3862097401 [1]:1 [2]:2 [3]:3
[0]:3662140605 [1]:1 [2]:2 [3]:2
[0]:3477182398 [1]:1 [2]:2 [3]:3
[0]:4282101965 [1]:1 [2]:2 [3]:3
[0]:4094060056 [1]:1 [2]:2 [3]:3
[0]:3906045420 [1]:1 [2]:2 [3]:3
[0]:3714988538 [1]:1 [2]:2 [3]:2
[0]:3522830626 [1]:1 [2]:2 [3]:3
[0]:3309575718 [1]:1 [2]:2 [3]:3
[0]:4114111287 [1]:1 [2]:2 [3]:3
[0]:3920125397 [1]:1 [2]:2 [3]:2
[0]:3736300242 [1]:1 [2]:2 [3]:3
[0]:3545980595 [1]:1 [2]:2 [3]:3
[0]:3306230986 [1]:1 [2]:2 [3]:3
[0]:4071436216 [1]:1 [2]:2 [3]:3
[0]:3857556875 [1]:1 [2]:2 [3]:3
[0]:3622125882 [1]:1 [2]:2 [3]:3
[0]:3448723618 [1]:1 [2]:2 [3]:3
[0]:4247140678 [1]:1 [2]:2 [3]:3
[0]:4026033272 [1]:1 [2]:2 [3]:2
[0]:3818064903 [1]:1 [2]:2 [3]:2
[0]:3629311453 [1]:1 [2]:2 [3]:3
[0]:3440299583 [1]:1 [2]:2 [3]:3
[0]:4254017167 [1]:1 [2]:2 [3]:3
[0]:4066063590 [1]:1 [2]:2 [3]:2
[0]:3870100281 [1]:1 [2]:2 [3]:3
[0]:3675112096 [1]:1 [2]:2 [3]:3
[0]:3490039460 [1]:1 [2]:2 [3]:2
[0]:3300343013 [1]:1 [2]:2 [3]:3
[0]:4111006815 [1]:1 [2]:2 [3]:3
[0]:3902686497 [1]:1 [2]:2 [3]:3
[0]:3674038608 [1]:1 [2]:2 [3]:3
[0]:3441918605 [1]:1 [2]:2 [3]:3
[0]:4225958353 [1]:1 [2]:2 [3]:3
[0]:4009968913 [1]:1 [2]:2 [3]:2
[0]:3785742108 [1]:1 [2]:2 [3]:2
[0]:3561987931 [1]:1 [2]:2 [3]:3
[0]:3334077473 [1]:1 [2]:2 [3]:3
[0]:4126038261 [1]:1 [2]:2 [3]:2
[0]:3914185567 [1]:1 [2]:2 [3]:3
[0]:3702271626 [1]:1 [2]:2 [3]:3
[0]:3493620040 [1]:1 [2]:2 [3]:2
[0]:4242144690 [1]:1 [2]:2 [3]:3
[0]:4036291830 [1]:1 [2]:2 [3]:2
[0]:3830571722 [1]:1 [2]:2 [3]:3
[0]:3625988073 [1]:1 [2]:2 [3]:3
[0]:3399339246 [1]:1 [2]:2 [3]:3
[0]:4206174315 [1]:1 [2]:2 [3]:3
[0]:3998126056 [1]:1 [2]:2 [3]:2
[0]:3806242287 [1]:1 [2]:2 [3]:3
[0]:3610179083 [1]:1 [2]:2 [3]:3
[0]:3418206657 [1]:1 [2]:2 [3]:3
[0]:4222135631 [1]:1 [2]:2 [3]:3
[0]:4039064858 [1]:1 [2]:2 [3]:3
[0]:3851099620 [1]:1 [2]:2 [3]:3
[0]:3658134321 [1]:1 [2]:2 [3]:3
[0]:3451260546 [1]:1 [2]:2 [3]:3
[0]:4270377373 [1]:1 [2]:2 [3]:3
[0]:4079374571 [1]:1 [2]:2 [3]:3
[0]:3874202565 [1]:1 [2]:2 [3]:3
[0]:3682129938 [1]:1 [2]:2 [3]:3
[0]:3498201522 [1]:1 [2]:2 [3]:3
[0]:3303259996 [1]:1 [2]:2 [3]:3
[0]:4074526236 [1]:1 [2]:2 [3]:3
[0]:3838436738 [1]:1 [2]:2 [3]:3
[0]:3631787486 [1]:1 [2]:2 [3]:3
[0]:3442043993 [1]:1 [2]:2 [3]:3
[0]:4246072788 [1]:1 [2]:2 [3]:3
[0]:4058180843 [1]:1 [2]:2 [3]:3
[0]:3875048488 [1]:1 [2]:2 [3]:3
[0]:3684145648 [1]:1 [2]:2 [3]:3
[0]:3445122117 [1]:1 [2]:2 [3]:3
[0]:4262252421 [1]:1 [2]:2 [3]:3
[0]:4019219281 [1]:1 [2]:2 [3]:3
[0]:3832265741 [1]:1 [2]:2 [3]:2
[0]:3604050197 [1]:1 [2]:2 [3]:3
[0]:3414409960 [1]:1 [2]:2 [3]:3
[0]:4198129122 [1]:1 [2]:2 [3]:7
[0]:3994371302 [1]:1 [2]:2 [3]:17
[0]:3806202186 [1]:1 [2]:2 [3]:17
[0]:3570140246 [1]:1 [2]:2 [3]:7
[0]:3333012248 [1]:1 [2]:2 [3]:10
[0]:4114665600 [1]:1 [2]:2 [3]:19
[0]:3906032896 [1]:1 [2]:2 [3]:8
[0]:3690256347 [1]:1 [2]:2 [3]:21
[0]:3470236195 [1]:1 [2]:2 [3]:18
[0]:4254072955 [1]:1 [2]:2 [3]:18
[0]:4042075097 [1]:1 [2]:2 [3]:5
[0]:3830440492 [1]:1 [2]:2 [3]:11
[0]:3618072232 [1]:1 [2]:2 [3]:17
[0]:3406186452 [1]:1 [2]:2 [3]:16
[0]:4190233543 [1]:1 [2]:2 [3]:6
[0]:3969946338 [1]:1 [2]:2 [3]:6
[0]:3758441700 [1]:1 [2]:2 [3]:8
[0]:3550172236 [1]:1 [2]:2 [3]:7
[0]:3346169355 [1]:1 [2]:2 [3]:4
[0]:4142351702 [1]:1 [2]:2 [3]:18
[0]:3949191592 [1]:1 [2]:2 [3]:3
[0]:3758537575 [1]:1 [2]:2 [3]:5
[0]:3566369982 [1]:1 [2]:2 [3]:6
[0]:3314835793 [1]:1 [2]:2 [3]:5
[0]:4130462621 [1]:1 [2]:2 [3]:8
[0]:3925631887 [1]:1 [2]:2 [3]:6
[0]:3710532897 [1]:1 [2]:2 [3]:7
[0]:3526224127 [1]:1 [2]:2 [3]:7
[0]:3343391940 [1]:1 [2]:2 [3]:20
[0]:4154218636 [1]:1 [2]:2 [3]:6
[0]:3959247951 [1]:1 [2]:2 [3]:18
[0]:3770781912 [1]:1 [2]:2 [3]:7
[0]:3582217680 [1]:1 [2]:2 [3]:3
[0]:3374169502 [1]:1 [2]:2 [3]:11
[0]:4159625620 [1]:1 [2]:2 [3]:6
[0]:3947004038 [1]:1 [2]:2 [3]:18
[0]:3688835296 [1]:1 [2]:2 [3]:8
[0]:3408147971 [1]:1 [2]:2 [3]:17
[0]:4211262302 [1]:1 [2]:2 [3]:6
[0]:4006455772 [1]:1 [2]:2 [3]:18
[0]:3751805711 [1]:1 [2]:2 [3]:18
[0]:3563616526 [1]:1 [2]:2 [3]:2
[0]:3321699448 [1]:1 [2]:2 [3]:3
[0]:4131081872 [1]:1 [2]:2 [3]:6
[0]:3941701691 [1]:1 [2]:2 [3]:20
[0]:3754314041 [1]:1 [2]:2 [3]:7
[0]:3568570948 [1]:1 [2]:2 [3]:9
[0]:3380195592 [1]:1 [2]:2 [3]:6
[0]:4194519118 [1]:1 [2]:2 [3]:8
[0]:4022341476 [1]:1 [2]:2 [3]:7
[0]:3832212268 [1]:1 [2]:2 [3]:18
[0]:3618461987 [1]:1 [2]:2 [3]:8
[0]:3418252561 [1]:1 [2]:2 [3]:17
[0]:4160200707 [1]:1 [2]:2 [3]:7
[0]:3944615556 [1]:1 [2]:2 [3]:10
[0]:3722170846 [1]:1 [2]:2 [3]:8
[0]:3512594060 [1]:1 [2]:2 [3]:17
[0]:3302136682 [1]:1 [2]:2 [3]:5
[0]:4090448693 [1]:1 [2]:2 [3]:19
[0]:3878323951 [1]:1 [2]:2 [3]:16
[0]:3666428027 [1]:1 [2]:2 [3]:17
[0]:3459295221 [1]:1 [2]:2 [3]:16
[0]:4238566442 [1]:1 [2]:2 [3]:8
[0]:4014294133 [1]:1 [2]:2 [3]:16
[0]:3795017933 [1]:1 [2]:2 [3]:6
[0]:3590300653 [1]:1 [2]:2 [3]:6
[0]:3378562390 [1]:1 [2]:2 [3]:7
[0]:4170363002 [1]:1 [2]:2 [3]:6
[0]:3970298595 [1]:1 [2]:2 [3]:10
[0]:3774886391 [1]:1 [2]:2 [3]:7
[0]:3579931856 [1]:1 [2]:2 [3]:18
[0]:3390296441 [1]:1 [2]:2 [3]:15
[0]:4202490741 [1]:1 [2]:2 [3]:18
[0]:4010359143 [1]:1 [2]:2 [3]:16
[0]:3818305010 [1]:1 [2]:2 [3]:18
[0]:3623072956 [1]:1 [2]:2 [3]:5
[0]:3427798233 [1]:1 [2]:2 [3]:8
[0]:4240260945 [1]:1 [2]:2 [3]:2
[0]:4046372583 [1]:1 [2]:2 [3]:18
[0]:3858436452 [1]:1 [2]:2 [3]:17
[0]:3666426641 [1]:1 [2]:2 [3]:6
[0]:3474356528 [1]:1 [2]:2 [3]:16
[0]:4278461975 [1]:1 [2]:2 [3]:6
[0]:4089076146 [1]:1 [2]:2 [3]:17
[0]:3886321942 [1]:1 [2]:2 [3]:8
[0]:3678178320 [1]:1 [2]:2 [3]:18
[0]:3395083438 [1]:1 [2]:2 [3]:6
[0]:4169874896 [1]:1 [2]:2 [3]:7
[0]:3974402692 [1]:1 [2]:2 [3]:6
[0]:3782710943 [1]:1 [2]:2 [3]:9
[0]:3593298701 [1]:1 [2]:2 [3]:19
[0]:3402405946 [1]:1 [2]:2 [3]:9
[0]:4214374633 [1]:1 [2]:2 [3]:17
[0]:4024405826 [1]:1 [2]:2 [3]:9
[0]:3835191220 [1]:1 [2]:2 [3]:8
[0]:3647792468 [1]:1 [2]:2 [3]:19
[0]:3460131380 [1]:1 [2]:2 [3]:8
[0]:4278601681 [1]:1 [2]:2 [3]:6
[0]:4086442623 [1]:1 [2]:2 [3]:7
[0]:3907160515 [1]:1 [2]:2 [3]:9
[0]:3718899275 [1]:1 [2]:2 [3]:8
[0]:3533432870 [1]:1 [2]:2 [3]:3
[0]:3345084875 [1]:1 [2]:2 [3]:19
[0]:4126752347 [1]:1 [2]:2 [3]:8
[0]:3859234607 [1]:1 [2]:2 [3]:9
[0]:3624319287 [1]:1 [2]:2 [3]:17
[0]:3410307232 [1]:1 [2]:2 [3]:19
[0]:4202344532 [1]:1 [2]:2 [3]:7
[0]:3994346995 [1]:1 [2]:2 [3]:17
[0]:3746528002 [1]:1 [2]:2 [3]:17
[0]:3538373002 [1]:1 [2]:2 [3]:17
[0]:3331902887 [1]:1 [2]:2 [3]:7
[0]:4098463578 [1]:1 [2]:2 [3]:18
[0]:3884189310 [1]:1 [2]:2 [3]:19
[0]:3674218201 [1]:1 [2]:2 [3]:7
[0]:3464623603 [1]:1 [2]:2 [3]:7
[0]:4253794693 [1]:1 [2]:2 [3]:7
[0]:4038134725 [1]:1 [2]:2 [3]:6
[0]:3830409817 [1]:1 [2]:2 [3]:7
[0]:3613703680 [1]:1 [2]:2 [3]:16
[0]:3422456907 [1]:1 [2]:2 [3]:19
[0]:4239059835 [1]:1 [2]:2 [3]:20
[0]:4051628171 [1]:1 [2]:2 [3]:9
[0]:3861973061 [1]:1 [2]:2 [3]:7
[0]:3672563706 [1]:1 [2]:2 [3]:8
[0]:3470395070 [1]:1 [2]:2 [3]:8
[0]:4278377180 [1]:1 [2]:2 [3]:6
[0]:4089077020 [1]:1 [2]:2 [3]:7
[0]:3894457386 [1]:1 [2]:2 [3]:6
[0]:3694411013 [1]:1 [2]:2 [3]:7
[0]:3506370806 [1]:1 [2]:2 [3]:8
[0]:3318367512 [1]:1 [2]:2 [3]:18
[0]:4115093960 [1]:1 [2]:2 [3]:8
[0]:3928919275 [1]:1 [2]:2 [3]:19
[0]:3735305208 [1]:1 [2]:2 [3]:9
[0]:3539370657 [1]:1 [2]:2 [3]:18
[0]:3307204603 [1]:1 [2]:2 [3]:6
[0]:4082597478 [1]:1 [2]:2 [3]:6
[0]:3862912403 [1]:1 [2]:2 [3]:7
[0]:3666519945 [1]:1 [2]:2 [3]:16
[0]:3476484002 [1]:1 [2]:2 [3]:15
[0]:4270437440 [1]:1 [2]:2 [3]:7
[0]:4085987710 [1]:1 [2]:2 [3]:17
[0]:3897221202 [1]:1 [2]:2 [3]:19
[0]:3659256883 [1]:1 [2]:2 [3]:20
[0]:3474447438 [1]:1 [2]:2 [3]:8
[0]:4279604312 [1]:1 [2]:2 [3]:8
[0]:4086624186 [1]:1 [2]:2 [3]:7
[0]:3885118561 [1]:1 [2]:2 [3]:17
[0]:3669804980 [1]:1 [2]:2 [3]:2
[0]:3486472227 [1]:1 [2]:2 [3]:17
[0]:3298442086 [1]:1 [2]:2 [3]:8
[0]:4097022477 [1]:1 [2]:2 [3]:7
[0]:3798784631 [1]:1 [2]:2 [3]:19
[0]:3552249503 [1]:1 [2]:2 [3]:16
[0]:3310673631 [1]:1 [2]:2 [3]:15
[0]:4086491068 [1]:1 [2]:2 [3]:8
[0]:3878432142 [1]:1 [2]:2 [3]:10
[0]:3658474841 [1]:1 [2]:2 [3]:7
[0]:3434323986 [1]:1 [2]:2 [3]:3
[0]:4219853183 [1]:1 [2]:2 [3]:7
[0]:4006479963 [1]:1 [2]:2 [3]:17
[0]:3794470715 [1]:1 [2]:2 [3]:4
[0]:3590368785 [1]:1 [2]:2 [3]:17
[0]:3386453490 [1]:1 [2]:2 [3]:18
[0]:4174460197 [1]:1 [2]:2 [3]:5
[0]:3962654706 [1]:1 [2]:2 [3]:9
[0]:3738364341 [1]:1 [2]:2 [3]:9
[0]:3522448771 [1]:1 [2]:2 [3]:7
[0]:3322698480 [1]:1 [2]:2 [3]:18
[0]:4136900812 [1]:1 [2]:2 [3]:8
[0]:3950559765 [1]:1 [2]:2 [3]:19
[0]:3761054266 [1]:1 [2]:2 [3]:19
[0]:3570783761 [1]:1 [2]:2 [3]:9
[0]:3378434332 [1]:1 [2]:2 [3]:8
[0]:4195509635 [1]:1 [2]:2 [3]:17
[0]:4007938420 [1]:1 [2]:2 [3]:20
[0]:3822478910 [1]:1 [2]:2 [3]:6
[0]:3623037882 [1]:1 [2]:2 [3]:7
[0]:3433329673 [1]:1 [2]:2 [3]:18
[0]:4243476748 [1]:1 [2]:2 [3]:18
[0]:4029767146 [1]:1 [2]:2 [3]:2
[0]:3836727826 [1]:1 [2]:2 [3]:6
[0]:3646535965 [1]:1 [2]:2 [3]:6
[0]:3462722808 [1]:1 [2]:2 [3]:17
[0]:4275060791 [1]:1 [2]:2 [3]:4
[0]:4053135636 [1]:1 [2]:2 [3]:7
[0]:3821392950 [1]:1 [2]:2 [3]:17
[0]:3605464943 [1]:1 [2]:2 [3]:6
[0]:3406714733 [1]:1 [2]:2 [3]:17
[0]:4218564450 [1]:1 [2]:2 [3]:4
[0]:4028215956 [1]:1 [2]:2 [3]:6
[0]:3841487391 [1]:1 [2]:2 [3]:19
[0]:3654451983 [1]:1 [2]:2 [3]:16
[0]:3466512257 [1]:1 [2]:2 [3]:8
[0]:4262592185 [1]:1 [2]:2 [3]:15
[0]:4070575395 [1]:1 [2]:2 [3]:19
[0]:3879516877 [1]:1 [2]:2 [3]:18
[0]:3692400797 [1]:1 [2]:2 [3]:7
[0]:3502235073 [1]:1 [2]:2 [3]:5
[0]:3298504008 [1]:1 [2]:2 [3]:9
[0]:4106466823 [1]:1 [2]:2 [3]:9
[0]:3914522902 [1]:1 [2]:2 [3]:8
[0]:3717112172 [1]:1 [2]:2 [3]:8
[0]:3482234417 [1]:1 [2]:2 [3]:19
[0]:4210912227 [1]:1 [2]:2 [3]:19
[0]:3979595215 [1]:1 [2]:2 [3]:18
[0]:3746403213 [1]:1 [2]:2 [3]:17
[0]:3534523412 [1]:1 [2]:2 [3]:20
[0]:4271956352 [1]:1 [2]:2 [3]:3
[0]:4062458430 [1]:1 [2]:2 [3]:20
[0]:3846341892 [1]:1 [2]:2 [3]:3
[0]:3634721787 [1]:1 [2]:2 [3]:7
[0]:3418668467 [1]:1 [2]:2 [3]:6
[0]:4206696378 [1]:1 [2]:2 [3]:8
[0]:3990704002 [1]:1 [2]:2 [3]:5
[0]:3783246528 [1]:1 [2]:2 [3]:9
[0]:3580743010 [1]:1 [2]:2 [3]:18
[0]:3366536115 [1]:1 [2]:2 [3]:8
[0]:4164391700 [1]:1 [2]:2 [3]:20
[0]:3970575030 [1]:1 [2]:2 [3]:9
[0]:3758529247 [1]:1 [2]:2 [3]:17
[0]:3568784478 [1]:1 [2]:2 [3]:3
[0]:3372884746 [1]:1 [2]:2 [3]:3
[0]:4187424893 [1]:1 [2]:2 [3]:19
[0]:3998603862 [1]:1 [2]:2 [3]:7
[0]:3802148251 [1]:1 [2]:2 [3]:3
[0]:3604048406 [1]:1 [2]:2 [3]:6
[0]:3414147496 [1]:1 [2]:2 [3]:18
[0]:4230527287 [1]:1 [2]:2 [3]:5
[0]:4046667752 [1]:1 [2]:2 [3]:7
[0]:3854802151 [1]:1 [2]:2 [3]:7
[0]:3622591240 [1]:1 [2]:2 [3]:19
[0]:3442625072 [1]:1 [2]:2 [3]:17
[0]:4248290437 [1]:1 [2]:2 [3]:7
[0]:4064114168 [1]:1 [2]:2 [3]:3
[0]:3852290396 [1]:1 [2]:2 [3]:21
[0]:3559232577 [1]:1 [2]:2 [3]:19
[0]:3333860585 [1]:1 [2]:2 [3]:18
[0]:4150796913 [1]:1 [2]:2 [3]:8
[0]:3958649820 [1]:1 [2]:2 [3]:19
[0]:3767458241 [1]:1 [2]:2 [3]:7
[0]:3578605858 [1]:1 [2]:2 [3]:6
[0]:3380430953 [1]:1 [2]:2 [3]:18
[0]:4158624208 [1]:1 [2]:2 [3]:18
[0]:3966720732 [1]:1 [2]:2 [3]:21
[0]:3781642240 [1]:1 [2]:2 [3]:18
[0]:3554785598 [1]:1 [2]:2 [3]:15
[0]:3366918706 [1]:1 [2]:2 [3]:18
[0]:4186680546 [1]:1 [2]:2 [3]:17
[0]:3994802106 [1]:1 [2]:2 [3]:5
[0]:3803350810 [1]:1 [2]:2 [3]:15
[0]:3614198615 [1]:1 [2]:2 [3]:6
[0]:3412258655 [1]:1 [2]:2 [3]:8
[0]:4155753228 [1]:1 [2]:2 [3]:4
[0]:3920107951 [1]:1 [2]:2 [3]:16
[0]:3683095543 [1]:1 [2]:2 [3]:6
[0]:3455582118 [1]:1 [2]:2 [3]:8
[0]:4246402828 [1]:1 [2]:2 [3]:8
[0]:4030480395 [1]:1 [2]:2 [3]:7
[0]:3822572023 [1]:1 [2]:2 [3]:17
[0]:3598784933 [1]:1 [2]:2 [3]:6
[0]:3374662006 [1]:1 [2]:2 [3]:22
[0]:4162708572 [1]:1 [2]:2 [3]:17
[0]:3941591480 [1]:1 [2]:2 [3]:20
[0]:3662563027 [1]:1 [2]:2 [3]:16
[0]:3450809110 [1]:1 [2]:2 [3]:9
[0]:4218662060 [1]:1 [2]:2 [3]:10
[0]:4010642578 [1]:1 [2]:2 [3]:15
[0]:3794649086 [1]:1 [2]:2 [3]:17
[0]:3594892536 [1]:1 [2]:2 [3]:6
[0]:3403492266 [1]:1 [2]:2 [3]:6
[0]:4214900576 [1]:1 [2]:2 [3]:7
[0]:4036996553 [1]:1 [2]:2 [3]:3
[0]:3866696501 [1]:1 [2]:2 [3]:17
[0]:3676387868 [1]:1 [2]:2 [3]:17
[0]:3490441771 [1]:1 [2]:2 [3]:6
[0]:3305003862 [1]:1 [2]:2 [3]:10
[0]:4119929263 [1]:1 [2]:2 [3]:8
[0]:3934763301 [1]:1 [2]:2 [3]:16
[0]:3722690490 [1]:1 [2]:2 [3]:18
[0]:3529106570 [1]:1 [2]:2 [3]:3
[0]:3338842220 [1]:1 [2]:2 [3]:8
[0]:4138594651 [1]:1 [2]:2 [3]:3
[0]:3942758365 [1]:1 [2]:2 [3]:19
[0]:3743857301 [1]:1 [2]:2 [3]:6
[0]:3501487226 [1]:1 [2]:2 [3]:7
[0]:4247564203 [1]:1 [2]:2 [3]:8
[0]:4040163967 [1]:1 [2]:2 [3]:2
[0]:3833065926 [1]:1 [2]:2 [3]:8
[0]:3642575263 [1]:1 [2]:2 [3]:17
[0]:3445011273 [1]:1 [2]:2 [3]:20
[0]:4261717376 [1]:1 [2]:2 [3]:7
[0]:3998839695 [1]:1 [2]:2 [3]:8
[0]:3820796062 [1]:1 [2]:2 [3]:6
[0]:3638890260 [1]:1 [2]:2 [3]:9
[0]:3451788881 [1]:1 [2]:2 [3]:3
[0]:4266997313 [1]:1 [2]:2 [3]:20
[0]:4078843795 [1]:1 [2]:2 [3]:19
[0]:3890740718 [1]:1 [2]:2 [3]:18
[0]:3707653947 [1]:1 [2]:2 [3]:19
[0]:3526718667 [1]:1 [2]:2 [3]:8
[0]:3342031503 [1]:1 [2]:2 [3]:15
[0]:4136339066 [1]:1 [2]:2 [3]:8
[0]:3891176495 [1]:1 [2]:2 [3]:8
[0]:3656557297 [1]:1 [2]:2 [3]:19
[0]:3385131328 [1]:1 [2]:2 [3]:8
[0]:4182367645 [1]:1 [2]:2 [3]:8
[0]:3970753305 [1]:1 [2]:2 [3]:6
[0]:3764215978 [1]:1 [2]:2 [3]:7
[0]:3550693016 [1]:1 [2]:2 [3]:7
[0]:3345527745 [1]:1 [2]:2 [3]:4
[0]:4144153606 [1]:1 [2]:2 [3]:7
[0]:3940548250 [1]:1 [2]:2 [3]:3
[0]:3734851336 [1]:1 [2]:2 [3]:5
[0]:3470809820 [1]:1 [2]:2 [3]:5
[0]:4266763998 [1]:1 [2]:2 [3]:20
[0]:4062765992 [1]:1 [2]:2 [3]:10
[0]:3821104675 [1]:1 [2]:2 [3]:6
[0]:3606656738 [1]:1 [2]:2 [3]:7
[0]:3415749330 [1]:1 [2]:2 [3]:7
[0]:4231656918 [1]:1 [2]:2 [3]:6
[0]:4039873221 [1]:1 [2]:2 [3]:16
[0]:3854305487 [1]:1 [2]:2 [3]:18
[0]:3664346096 [1]:1 [2]:2 [3]:17
[0]:3478987157 [1]:1 [2]:2 [3]:8
[0]:3307584073 [1]:1 [2]:2 [3]:19
[0]:4122775307 [1]:1 [2]:2 [3]:18
[0]:3934762068 [1]:1 [2]:2 [3]:19
[0]:3742605176 [1]:1 [2]:2 [3]:19
[0]:3552261258 [1]:1 [2]:2 [3]:22
[0]:3359552112 [1]:1 [2]:2 [3]:8
[0]:4179427436 [1]:1 [2]:2 [3]:9
[0]:3993441213 [1]:1 [2]:2 [3]:5
[0]:3807522070 [1]:1 [2]:2 [3]:7
[0]:3620376248 [1]:1 [2]:2 [3]:15
[0]:3398995105 [1]:1 [2]:2 [3]:8
[0]:4117117296 [1]:1 [2]:2 [3]:6
[0]:3895717255 [1]:1 [2]:2 [3]:8
[0]:3691501280 [1]:1 [2]:2 [3]:6
[0]:3507962646 [1]:1 [2]:2 [3]:2
[0]:3318424557 [1]:1 [2]:2 [3]:3
[0]:4122774828 [1]:1 [2]:2 [3]:3
[0]:3935768977 [1]:1 [2]:2 [3]:2
[0]:3750820173 [1]:1 [2]:2 [3]:3
[0]:3559480443 [1]:1 [2]:2 [3]:3
[0]:3374727998 [1]:1 [2]:2 [3]:3
[0]:4182951931 [1]:1 [2]:2 [3]:2
[0]:3996525051 [1]:1 [2]:2 [3]:3
[0]:3810700768 [1]:1 [2]:2 [3]:2
[0]:3622743582 [1]:1 [2]:2 [3]:3
[0]:3435543982 [1]:1 [2]:2 [3]:2
[0]:4210676518 [1]:1 [2]:2 [3]:3
[0]:4027254417 [1]:1 [2]:2 [3]:3
[0]:3807065915 [1]:1 [2]:2 [3]:2
[0]:3582697492 [1]:1 [2]:2 [3]:3
[0]:3350574016 [1]:1 [2]:2 [3]:3
[0]:4114854896 [1]:1 [2]:2 [3]:3
[0]:3881787995 [1]:1 [2]:2 [3]:3
[0]:3670544270 [1]:1 [2]:2 [3]:3
[0]:3462930358 [1]:1 [2]:2 [3]:3
[0]:4256518570 [1]:1 [2]:2 [3]:2
[0]:3957855731 [1]:1 [2]:2 [3]:3
[0]:3746814530 [1]:1 [2]:2 [3]:3
[0]:3529110673 [1]:1 [2]:2 [3]:3
[0]:3310892326 [1]:1 [2]:2 [3]:2
[0]:4102778187 [1]:1 [2]:2 [3]:3
[0]:3898621867 [1]:1 [2]:2 [3]:2
[0]:3682791940 [1]:1 [2]:2 [3]:3
[0]:3470752863 [1]:1 [2]:2 [3]:2
[0]:4198822316 [1]:1 [2]:2 [3]:3
[0]:4014991391 [1]:1 [2]:2 [3]:3
[0]:3822774545 [1]:1 [2]:2 [3]:3
[0]:3634814040 [1]:1 [2]:2 [3]:3
[0]:3446724090 [1]:1 [2]:2 [3]:3
[0]:4198834560 [1]:1 [2]:2 [3]:3
[0]:4010957176 [1]:1 [2]:2 [3]:2
[0]:3819312681 [1]:1 [2]:2 [3]:3
[0]:3631066423 [1]:1 [2]:2 [3]:2
[0]:3428649246 [1]:1 [2]:2 [3]:4
[0]:4242850632 [1]:1 [2]:2 [3]:5
[0]:4053080835 [1]:1 [2]:2 [3]:2
[0]:3807459957 [1]:1 [2]:2 [3]:2
[0]:3610705950 [1]:1 [2]:2 [3]:3
[0]:3406853188 [1]:1 [2]:2 [3]:3
[0]:4195994226 [1]:1 [2]:2 [3]:3
[0]:3952727201 [1]:1 [2]:2 [3]:3
[0]:3734856156 [1]:1 [2]:2 [3]:3
[0]:3538819907 [1]:1 [2]:2 [3]:3
[0]:3347042716 [1]:1 [2]:2 [3]:3
[0]:4154701948 [1]:1 [2]:2 [3]:2
[0]:3967914627 [1]:1 [2]:2 [3]:3
[0]:3783798988 [1]:1 [2]:2 [3]:3
[0]:3599134807 [1]:1 [2]:2 [3]:3
[0]:3410917163 [1]:1 [2]:2 [3]:3
[0]:4223174006 [1]:1 [2]:2 [3]:2
[0]:4002831012 [1]:1 [2]:2 [3]:3
[0]:3821142768 [1]:1 [2]:2 [3]:3
[0]:3635597422 [1]:1 [2]:2 [3]:3
[0]:3447982526 [1]:1 [2]:2 [3]:3
[0]:4254769328 [1]:1 [2]:2 [3]:3
[0]:4066903188 [1]:1 [2]:2 [3]:3
[0]:3868550403 [1]:1 [2]:2 [3]:2
[0]:3668298585 [1]:1 [2]:2 [3]:2
[0]:3396516272 [1]:1 [2]:2 [3]:2
[0]:4156755378 [1]:1 [2]:2 [3]:3
[0]:3878888033 [1]:1 [2]:2 [3]:3
[0]:3664006457 [1]:1 [2]:2 [3]:3
[0]:3462687798 [1]:1 [2]:2 [3]:3
[0]:4168302585 [1]:1 [2]:2 [3]:3
[0]:3962895575 [1]:1 [2]:2 [3]:3
[0]:3754667215 [1]:1 [2]:2 [3]:3
[0]:3546693907 [1]:1 [2]:2 [3]:3
[0]:3326745941 [1]:1 [2]:2 [3]:3
[0]:4122777762 [1]:1 [2]:2 [3]:3
[0]:3910922573 [1]:1 [2]:2 [3]:3
[0]:3682992092 [1]:1 [2]:2 [3]:2
[0]:3462913851 [1]:1 [2]:2 [3]:3
[0]:4242766906 [1]:1 [2]:2 [3]:3
[0]:4010341637 [1]:1 [2]:2 [3]:3
[0]:3826913338 [1]:1 [2]:2 [3]:3
[0]:3592196761 [1]:1 [2]:2 [3]:3
[0]:3410321332 [1]:1 [2]:2 [3]:3
[0]:4222997150 [1]:1 [2]:2 [3]:3
[0]:4018862657 [1]:1 [2]:2 [3]:3
[0]:3829320843 [1]:1 [2]:2 [3]:3
[0]:3640793877 [1]:1 [2]:2 [3]:3
[0]:3442840831 [1]:1 [2]:2 [3]:3
[0]:4255002531 [1]:1 [2]:2 [3]:3
[0]:4046844773 [1]:1 [2]:2 [3]:2
[0]:3858808981 [1]:1 [2]:2 [3]:3
[0]:3670785981 [1]:1 [2]:2 [3]:3
[0]:3482860395 [1]:1 [2]:2 [3]:3
[0]:4294933413 [1]:1 [2]:2 [3]:3
[0]:4108256277 [1]:1 [2]:2 [3]:3
[0]:3879679866 [1]:1 [2]:2 [3]:3
[0]:3644617475 [1]:1 [2]:2 [3]:3
[0]:3436098573 [1]:1 [2]:2 [3]:3
[0]:4233782678 [1]:1 [2]:2 [3]:3
[0]:4045288930 [1]:1 [2]:2 [3]:3
[0]:3846825177 [1]:1 [2]:2 [3]:3
[0]:3655881275 [1]:1 [2]:2 [3]:3
[0]:3468874410 [1]:1 [2]:2 [3]:3
[0]:4263209307 [1]:1 [2]:2 [3]:3
[0]:4071492093 [1]:1 [2]:2 [3]:2
[0]:3871408943 [1]:1 [2]:2 [3]:2
[0]:3683312235 [1]:1 [2]:2 [3]:2
[0]:3494958597 [1]:1 [2]:2 [3]:3
[0]:3302758505 [1]:1 [2]:2 [3]:2
[0]:4118699378 [1]:1 [2]:2 [3]:3
[0]:3931112231 [1]:1 [2]:2 [3]:3
[0]:3742983156 [1]:1 [2]:2 [3]:3
[0]:3533948603 [1]:1 [2]:2 [3]:3
[0]:4294793058 [1]:1 [2]:2 [3]:2
[0]:4046805680 [1]:1 [2]:2 [3]:2
[0]:3831088998 [1]:1 [2]:2 [3]:3
[0]:3578690762 [1]:1 [2]:2 [3]:3
[0]:3375074855 [1]:1 [2]:2 [3]:3
[0]:4166923413 [1]:1 [2]:2 [3]:3
[0]:3959407391 [1]:1 [2]:2 [3]:3
[0]:3718716547 [1]:1 [2]:2 [3]:3
[0]:3506671093 [1]:1 [2]:2 [3]:3
[0]:3302745327 [1]:1 [2]:2 [3]:3
[0]:4086802941 [1]:1 [2]:2 [3]:2
[0]:3882987796 [1]:1 [2]:2 [3]:3
[0]:3634159785 [1]:1 [2]:2 [3]:3
[0]:3426944447 [1]:1 [2]:2 [3]:2
[0]:4210827496 [1]:1 [2]:2 [3]:3
[0]:4002756933 [1]:1 [2]:2 [3]:3
[0]:3798857340 [1]:1 [2]:2 [3]:3
[0]:3607052040 [1]:1 [2]:2 [3]:3
[0]:3411002118 [1]:1 [2]:2 [3]:4
[0]:4218692407 [1]:1 [2]:2 [3]:2
[0]:4028787606 [1]:1 [2]:2 [3]:2
[0]:3846868735 [1]:1 [2]:2 [3]:3
[0]:3655013722 [1]:1 [2]:2 [3]:3
[0]:3473470876 [1]:1 [2]:2 [3]:3
[0]:4284949292 [1]:1 [2]:2 [3]:3
[0]:4042880580 [1]:1 [2]:2 [3]:3
[0]:3863019975 [1]:1 [2]:2 [3]:3
[0]:3639030953 [1]:1 [2]:2 [3]:3
[0]:3419024336 [1]:1 [2]:2 [3]:3
[0]:4228318242 [1]:1 [2]:2 [3]:2
[0]:3995029892 [1]:1 [2]:2 [3]:4
[0]:3810082973 [1]:1 [2]:2 [3]:3
[0]:3540357198 [1]:1 [2]:2 [3]:3
[0]:4271338333 [1]:1 [2]:2 [3]:3
[0]:4067029638 [1]:1 [2]:2 [3]:3
[0]:3875054707 [1]:1 [2]:2 [3]:3
[0]:3679043266 [1]:1 [2]:2 [3]:3
[0]:3489711161 [1]:1 [2]:2 [3]:3
[0]:4249118790 [1]:1 [2]:2 [3]:3
[0]:4062630015 [1]:1 [2]:2 [3]:3
[0]:3824616393 [1]:1 [2]:2 [3]:3
[0]:3634945027 [1]:1 [2]:2 [3]:3
[0]:3429326976 [1]:1 [2]:2 [3]:3
[0]:4242960206 [1]:1 [2]:2 [3]:3
[0]:4051098570 [1]:1 [2]:2 [3]:3
[0]:3854984031 [1]:1 [2]:2 [3]:3
[0]:3650926198 [1]:1 [2]:2 [3]:3
[0]:3458995818 [1]:1 [2]:2 [3]:3
[0]:4247681550 [1]:1 [2]:2 [3]:3
[0]:4029323910 [1]:1 [2]:2 [3]:3
[0]:3799073190 [1]:1 [2]:2 [3]:3
[0]:3582928630 [1]:1 [2]:2 [3]:3
[0]:3362708495 [1]:1 [2]:2 [3]:2
[0]:4151009008 [1]:1 [2]:2 [3]:2
[0]:3934127416 [1]:1 [2]:2 [3]:3
[0]:3723085603 [1]:1 [2]:2 [3]:3
[0]:3511734608 [1]:1 [2]:2 [3]:3
[0]:3302837891 [1]:1 [2]:2 [3]:3
[0]:4091632927 [1]:1 [2]:2 [3]:3
[0]:3886040518 [1]:1 [2]:2 [3]:3
[0]:3674918833 [1]:1 [2]:2 [3]:3
[0]:3461653387 [1]:1 [2]:2 [3]:3
[0]:4251529911 [1]:1 [2]:2 [3]:3
[0]:4025095262 [1]:1 [2]:2 [3]:2
[0]:3791958152 [1]:1 [2]:2 [3]:3
[0]:3587107598 [1]:1 [2]:2 [3]:5
[0]:3371001992 [1]:1 [2]:2 [3]:2
[0]:4183019695 [1]:1 [2]:2 [3]:3
[0]:4002142000 [1]:1 [2]:2 [3]:2
[0]:3810995941 [1]:1 [2]:2 [3]:3
[0]:3618980150 [1]:1 [2]:2 [3]:2
[0]:3435141318 [1]:1 [2]:2 [3]:3
[0]:4249729370 [1]:1 [2]:2 [3]:2
[0]:4059018795 [1]:1 [2]:2 [3]:3
[0]:3872448073 [1]:1 [2]:2 [3]:3
[0]:3691205373 [1]:1 [2]:2 [3]:3
[0]:3500205780 [1]:1 [2]:2 [3]:2
[0]:3303043081 [1]:1 [2]:2 [3]:3
[0]:4115011221 [1]:1 [2]:2 [3]:2
[0]:3927095841 [1]:1 [2]:2 [3]:2
[0]:3734976353 [1]:1 [2]:2 [3]:3
[0]:3539679081 [1]:1 [2]:2 [3]:3
[0]:3315309535 [1]:1 [2]:2 [3]:3
[0]:4090014158 [1]:1 [2]:2 [3]:3
[0]:3874785167 [1]:1 [2]:2 [3]:2
[0]:3679150477 [1]:1 [2]:2 [3]:3
[0]:3488704233 [1]:1 [2]:2 [3]:3
[0]:4279403631 [1]:1 [2]:2 [3]:3
[0]:4087057720 [1]:1 [2]:2 [3]:2
[0]:3843122438 [1]:1 [2]:2 [3]:3
[0]:3656443075 [1]:1 [2]:2 [3]:3
[0]:3462378848 [1]:1 [2]:2 [3]:3
[0]:4272562145 [1]:1 [2]:2 [3]:3
[0]:4087574900 [1]:1 [2]:2 [3]:2
[0]:3895167898 [1]:1 [2]:2 [3]:3
[0]:3710951447 [1]:1 [2]:2 [3]:3
[0]:3520310796 [1]:1 [2]:2 [3]:3
[0]:3339271991 [1]:1 [2]:2 [3]:3
[0]:4151042357 [1]:1 [2]:2 [3]:2
[0]:3944499766 [1]:1 [2]:2 [3]:3
[0]:3711278507 [1]:1 [2]:2 [3]:3
[0]:3487204447 [1]:1 [2]:2 [3]:3
[0]:4259193838 [1]:1 [2]:2 [3]:3
[0]:4052469850 [1]:1 [2]:2 [3]:3
[0]:3843346382 [1]:1 [2]:2 [3]:2
[0]:3614954272 [1]:1 [2]:2 [3]:2
[0]:3409492946 [1]:1 [2]:2 [3]:3
[0]:4199046637 [1]:1 [2]:2 [3]:3
[0]:3971222988 [1]:1 [2]:2 [3]:3
[0]:3760625965 [1]:1 [2]:2 [3]:3
[0]:3519870926 [1]:1 [2]:2 [3]:3
[0]:3303043436 [1]:1 [2]:2 [3]:3
[0]:4099024161 [1]:1 [2]:2 [3]:3
[0]:3887210841 [1]:1 [2]:2 [3]:4
[0]:3674942142 [1]:1 [2]:2 [3]:2
[0]:3463006333 [1]:1 [2]:2 [3]:3
[0]:4259236446 [1]:1 [2]:2 [3]:3
[0]:4075349331 [1]:1 [2]:2 [3]:3
[0]:3891038347 [1]:1 [2]:2 [3]:3
[0]:3692019086 [1]:1 [2]:2 [3]:3
[0]:3503126297 [1]:1 [2]:2 [3]:3
[0]:3315629337 [1]:1 [2]:2 [3]:3
[0]:4135541132 [1]:1 [2]:2 [3]:3
[0]:3947768912 [1]:1 [2]:2 [3]:2
[0]:3759242700 [1]:1 [2]:2 [3]:3
[0]:3567061780 [1]:1 [2]:2 [3]:3
[0]:3375468020 [1]:1 [2]:2 [3]:2
[0]:4179180103 [1]:1 [2]:2 [3]:3
[0]:3987006497 [1]:1 [2]:2 [3]:3
[0]:3791033326 [1]:1 [2]:2 [3]:2
[0]:3545017771 [1]:1 [2]:2 [3]:2
[0]:3359070041 [1]:1 [2]:2 [3]:3
[0]:4147006038 [1]:1 [2]:2 [3]:3
[0]:3910460662 [1]:1 [2]:2 [3]:3
[0]:3658977412 [1]:1 [2]:2 [3]:2
[0]:3471191405 [1]:1 [2]:2 [3]:3
[0]:4284215141 [1]:1 [2]:2 [3]:3
[0]:4086613635 [1]:1 [2]:2 [3]:3
[0]:3903160232 [1]:1 [2]:2 [3]:3
[0]:3719265842 [1]:1 [2]:2 [3]:3
[0]:3484396200 [1]:1 [2]:2 [3]:3
[0]:3301255816 [1]:1 [2]:2 [3]:3
[0]:4115270777 [1]:1 [2]:2 [3]:3
[0]:3927069761 [1]:1 [2]:2 [3]:3
[0]:3740503766 [1]:1 [2]:2 [3]:2
[0]:3530522100 [1]:1 [2]:2 [3]:3
[0]:3335280716 [1]:1 [2]:2 [3]:3
[0]:4147061307 [1]:1 [2]:2 [3]:3
[0]:3899379448 [1]:1 [2]:2 [3]:3
[0]:3694292266 [1]:1 [2]:2 [3]:3
[0]:3464315671 [1]:1 [2]:2 [3]:3
[0]:4235404295 [1]:1 [2]:2 [3]:3
[0]:4003225998 [1]:1 [2]:2 [3]:3
[0]:3770082951 [1]:1 [2]:2 [3]:2
[0]:3541397828 [1]:1 [2]:2 [3]:3
[0]:3315017166 [1]:1 [2]:2 [3]:3
[0]:4064574486 [1]:1 [2]:2 [3]:3
[0]:3859453272 [1]:1 [2]:2 [3]:2
[0]:3647083665 [1]:1 [2]:2 [3]:3
[0]:3443679016 [1]:1 [2]:2 [3]:3
[0]:4203313366 [1]:1 [2]:2 [3]:3
[0]:3997814291 [1]:1 [2]:2 [3]:3
[0]:3791407233 [1]:1 [2]:2 [3]:3
[0]:3571033586 [1]:1 [2]:2 [3]:2
[0]:3363238131 [1]:1 [2]:2 [3]:3
[0]:4123075672 [1]:1 [2]:2 [3]:4
[0]:3919326295 [1]:1 [2]:2 [3]:3
[0]:3727088470 [1]:1 [2]:2 [3]:3
[0]:3539309927 [1]:1 [2]:2 [3]:3
[0]:3350232293 [1]:1 [2]:2 [3]:3
[0]:4155115607 [1]:1 [2]:2 [3]:3
[0]:3964383547 [1]:1 [2]:2 [3]:3
[0]:3772548240 [1]:1 [2]:2 [3]:3
[0]:3587131828 [1]:1 [2]:2 [3]:3
[0]:3399862580 [1]:1 [2]:2 [3]:3
[0]:4211291932 [1]:1 [2]:2 [3]:3
[0]:4019346415 [1]:1 [2]:2 [3]:3
[0]:3832684261 [1]:1 [2]:2 [3]:3
[0]:3646105818 [1]:1 [2]:2 [3]:3
[0]:3455352180 [1]:1 [2]:2 [3]:3
[0]:4263028423 [1]:1 [2]:2 [3]:3
[0]:4069437583 [1]:1 [2]:2 [3]:3
[0]:3855226967 [1]:1 [2]:2 [3]:3
[0]:3623521205 [1]:1 [2]:2 [3]:3
[0]:3406536093 [1]:1 [2]:2 [3]:2
[0]:4205623732 [1]:1 [2]:2 [3]:3
[0]:4020279578 [1]:1 [2]:2 [3]:3
[0]:3834399928 [1]:1 [2]:2 [3]:3
[0]:3650321896 [1]:1 [2]:2 [3]:3
[0]:3459017931 [1]:1 [2]:2 [3]:3
[0]:4267067003 [1]:1 [2]:2 [3]:3
[0]:4081430486 [1]:1 [2]:2 [3]:3
[0]:3899386518 [1]:1 [2]:2 [3]:3
[0]:3707140075 [1]:1 [2]:2 [3]:2
[0]:3521359890 [1]:1 [2]:2 [3]:2
[0]:3335385397 [1]:1 [2]:2 [3]:3
[0]:4147867271 [1]:1 [2]:2 [3]:2
[0]:3960352497 [1]:1 [2]:2 [3]:3
[0]:3776397090 [1]:1 [2]:2 [3]:2
[0]:3591392311 [1]:1 [2]:2 [3]:3
[0]:3398295397 [1]:1 [2]:2 [3]:3
[0]:4166901466 [1]:1 [2]:2 [3]:3
[0]:3929488726 [1]:1 [2]:2 [3]:3
[0]:3699066986 [1]:1 [2]:2 [3]:3
[0]:3492803441 [1]:1 [2]:2 [3]:3
[0]:4283879406 [1]:1 [2]:2 [3]:3
[0]:4078898751 [1]:1 [2]:2 [3]:3
[0]:3838924283 [1]:1 [2]:2 [3]:2
[0]:3632801033 [1]:1 [2]:2 [3]:3
[0]:3423414153 [1]:1 [2]:2 [3]:3
[0]:4192308528 [1]:1 [2]:2 [3]:3
[0]:3979473513 [1]:1 [2]:2 [3]:3
[0]:3767273683 [1]:1 [2]:2 [3]:3
[0]:3555275848 [1]:1 [2]:2 [3]:2
[0]:3335224971 [1]:1 [2]:2 [3]:2
[0]:4127460395 [1]:1 [2]:2 [3]:2
[0]:3907084821 [1]:1 [2]:2 [3]:3
[0]:3719154196 [1]:1 [2]:2 [3]:2
[0]:3533604201 [1]:1 [2]:2 [3]:3
[0]:3339973260 [1]:1 [2]:2 [3]:3
[0]:4143438622 [1]:1 [2]:2 [3]:3
[0]:3955252735 [1]:1 [2]:2 [3]:3
[0]:3775981838 [1]:1 [2]:2 [3]:3
[0]:3587228206 [1]:1 [2]:2 [3]:3
[0]:3395150031 [1]:1 [2]:2 [3]:3
[0]:4203449150 [1]:1 [2]:2 [3]:3
[0]:3999830602 [1]:1 [2]:2 [3]:3
[0]:3805008748 [1]:1 [2]:2 [3]:4
[0]:3617770108 [1]:1 [2]:2 [3]:3
[0]:3435457062 [1]:1 [2]:2 [3]:3
[0]:4248476651 [1]:1 [2]:2 [3]:3
[0]:4035460211 [1]:1 [2]:2 [3]:3
[0]:3829544903 [1]:1 [2]:2 [3]:3
[0]:3589699642 [1]:1 [2]:2 [3]:3
[0]:3589699642 [1]:1 [2]:2 [3]:3
[0]:3589699642 [1]:1 [2]:2 [3]:3
[0]:3589699642 [1]:1 [2]:2 [3]:3
[0]:3589699642 [1]:1 [2]:2 [3]:3
[0]:3589699642 [1]:1 [2]:2 [3]:3
[0]:3589699642 [1]:1 [2]:2 [3]:3
[0]:3589699642 [1]:1 [2]:2 [3]:3
[0]:3589699642 [1]:1 [2]:2 [3]:3
[0]:3589699642 [1]:1 [2]:2 [3]:3
[0]:3589699642 [1]:1 [2]:2 [3]:3
[0]:3589699642 [1]:1 [2]:2 [3]:3
[0]:3589699642 [1]:1 [2]:2 [3]:3
[0]:3589699642 [1]:1 [2]:2 [3]:3
[0]:3589699642 [1]:1 [2]:2 [3]:3
[0]:3589699642 [1]:1 [2]:2 [3]:3
[0]:3589699642 [1]:1 [2]:2 [3]:3
[0]:3589699642 [1]:1 [2]:2 [3]:3
[0]:3589699642 [1]:1 [2]:2 [3]:3
[0]:3589699642 [1]:1 [2]:2 [3]:3
[0]:3589699642 [1]:1 [2]:2 [3]:3
