[0]:161955207 [1]:17958587 [2]:98 [3]:356
[0]:162150593 [1]:17992187 [2]:98 [3]:361
[0]:162351504 [1]:18026655 [2]:98 [3]:362
[0]:162545972 [1]:18060037 [2]:98 [3]:365
[0]:162742007 [1]:18093570 [2]:98 [3]:364
[0]:162930934 [1]:18126029 [2]:98 [3]:67
[0]:163124988 [1]:18159334 [2]:98 [3]:367
[0]:163317960 [1]:18192495 [2]:98 [3]:65
[0]:163521029 [1]:18227277 [2]:98 [3]:361
[0]:163717655 [1]:18261096 [2]:98 [3]:54
[0]:163951016 [1]:18301189 [2]:98 [3]:58
[0]:164160111 [1]:18337104 [2]:98 [3]:356
[0]:164354473 [1]:18370371 [2]:98 [3]:67
[0]:164556528 [1]:18404951 [2]:98 [3]:364
[0]:164758384 [1]:18439557 [2]:98 [3]:65
[0]:164952762 [1]:18472970 [2]:98 [3]:357
[0]:165151784 [1]:18507031 [2]:98 [3]:71
[0]:165348808 [1]:18540963 [2]:98 [3]:365
[0]:165542869 [1]:18574322 [2]:98 [3]:359
[0]:165737505 [1]:18607716 [2]:98 [3]:359
[0]:165930456 [1]:18640929 [2]:98 [3]:365
[0]:166126172 [1]:18674436 [2]:98 [3]:57
[0]:166320447 [1]:18707785 [2]:98 [3]:350
[0]:166522244 [1]:18742357 [2]:98 [3]:358
[0]:166726724 [1]:18777455 [2]:98 [3]:367
[0]:166922114 [1]:18810958 [2]:98 [3]:359
[0]:167116473 [1]:18844396 [2]:98 [3]:62
[0]:167322581 [1]:18879644 [2]:98 [3]:62
[0]:167531235 [1]:18915443 [2]:98 [3]:361
[0]:167726946 [1]:18948952 [2]:98 [3]:369
[0]:167922182 [1]:18982398 [2]:98 [3]:355
[0]:168110876 [1]:19014682 [2]:98 [3]:362
[0]:168312596 [1]:19049259 [2]:98 [3]:370
[0]:168561791 [1]:19091954 [2]:98 [3]:359
[0]:168774854 [1]:19128577 [2]:98 [3]:373
[0]:168977821 [1]:19163425 [2]:98 [3]:67
[0]:169176203 [1]:19197376 [2]:98 [3]:359
[0]:169374222 [1]:19231450 [2]:98 [3]:356
[0]:169569332 [1]:19264943 [2]:98 [3]:366
[0]:169759100 [1]:19297524 [2]:98 [3]:361
[0]:169957182 [1]:19331612 [2]:98 [3]:58
[0]:170155238 [1]:19365555 [2]:98 [3]:368
[0]:170353343 [1]:19399511 [2]:98 [3]:67
[0]:170545123 [1]:19432538 [2]:98 [3]:365
[0]:170786825 [1]:19474026 [2]:98 [3]:63
[0]:170994717 [1]:19509619 [2]:98 [3]:65
[0]:171207091 [1]:19546135 [2]:98 [3]:355
[0]:171399661 [1]:19579246 [2]:98 [3]:68
[0]:171634123 [1]:19619508 [2]:98 [3]:60
[0]:171836078 [1]:19654121 [2]:98 [3]:352
[0]:172031356 [1]:19687544 [2]:98 [3]:364
[0]:172234444 [1]:19722429 [2]:98 [3]:59
[0]:172431281 [1]:19756213 [2]:98 [3]:360
[0]:172624325 [1]:19789356 [2]:98 [3]:354
[0]:172816017 [1]:19822235 [2]:98 [3]:62
[0]:173012154 [1]:19855857 [2]:98 [3]:367
[0]:173216287 [1]:19890843 [2]:98 [3]:365
[0]:173403210 [1]:19922870 [2]:98 [3]:363
[0]:173603713 [1]:19957221 [2]:98 [3]:359
[0]:173802986 [1]:19991355 [2]:98 [3]:368
[0]:174005948 [1]:20026203 [2]:98 [3]:69
[0]:174195275 [1]:20058748 [2]:98 [3]:71
[0]:174392807 [1]:20092631 [2]:98 [3]:374
[0]:174587921 [1]:20126100 [2]:98 [3]:349
[0]:174778838 [1]:20158844 [2]:98 [3]:58
[0]:174973057 [1]:20192099 [2]:98 [3]:54
[0]:175210515 [1]:20232775 [2]:98 [3]:367
[0]:175421466 [1]:20268936 [2]:98 [3]:57
[0]:175623313 [1]:20303529 [2]:98 [3]:55
[0]:175825233 [1]:20338075 [2]:98 [3]:366
[0]:176023102 [1]:20372188 [2]:98 [3]:363
[0]:176216172 [1]:20405352 [2]:98 [3]:69
[0]:176407940 [1]:20438262 [2]:98 [3]:356
[0]:176608020 [1]:20472532 [2]:98 [3]:356
[0]:176809505 [1]:20507080 [2]:98 [3]:358
[0]:177002200 [1]:20540140 [2]:98 [3]:368
[0]:177222864 [1]:20578008 [2]:98 [3]:66
[0]:177417463 [1]:20611318 [2]:98 [3]:368
[0]:177619235 [1]:20645944 [2]:98 [3]:363
[0]:177812735 [1]:20679120 [2]:98 [3]:356
[0]:178007988 [1]:20712618 [2]:98 [3]:356
[0]:178205061 [1]:20746401 [2]:98 [3]:364
[0]:178407897 [1]:20781231 [2]:98 [3]:58
[0]:178623130 [1]:20818104 [2]:98 [3]:64
[0]:178812931 [1]:20850665 [2]:98 [3]:365
[0]:178998273 [1]:20882363 [2]:98 [3]:357
[0]:179187716 [1]:20914768 [2]:98 [3]:363
[0]:179394574 [1]:20950354 [2]:98 [3]:63
[0]:179585315 [1]:20983016 [2]:98 [3]:353
[0]:179775064 [1]:21015634 [2]:98 [3]:362
[0]:179968015 [1]:21048752 [2]:98 [3]:363
[0]:180159295 [1]:21081774 [2]:98 [3]:357
[0]:180347378 [1]:21113947 [2]:98 [3]:70
[0]:180560586 [1]:21150498 [2]:98 [3]:71
[0]:180762454 [1]:21185198 [2]:98 [3]:364
[0]:180960474 [1]:21219248 [2]:98 [3]:364
[0]:181159629 [1]:21253472 [2]:98 [3]:365
[0]:181360367 [1]:21287811 [2]:98 [3]:361
[0]:181562377 [1]:21322555 [2]:98 [3]:62
[0]:181760914 [1]:21356609 [2]:98 [3]:363
[0]:181950739 [1]:21389170 [2]:98 [3]:358
[0]:182151230 [1]:21423601 [2]:98 [3]:362
[0]:182350934 [1]:21457744 [2]:98 [3]:62
[0]:182550747 [1]:21492048 [2]:98 [3]:370
[0]:182746996 [1]:21525673 [2]:98 [3]:363
[0]:182942768 [1]:21559244 [2]:98 [3]:363
[0]:183131942 [1]:21591827 [2]:98 [3]:361
[0]:183332435 [1]:21626184 [2]:98 [3]:357
[0]:183565377 [1]:21666071 [2]:98 [3]:359
[0]:183764068 [1]:21700178 [2]:98 [3]:369
[0]:183965365 [1]:21734779 [2]:98 [3]:61
[0]:184152296 [1]:21766834 [2]:98 [3]:360
[0]:184353135 [1]:21801314 [2]:98 [3]:58
[0]:184561344 [1]:21836935 [2]:98 [3]:367
[0]:184753695 [1]:21869921 [2]:98 [3]:65
[0]:184952243 [1]:21903922 [2]:98 [3]:370
[0]:185150204 [1]:21937883 [2]:98 [3]:59
[0]:185352205 [1]:21972444 [2]:98 [3]:64
[0]:185546504 [1]:22005862 [2]:98 [3]:366
[0]:185744663 [1]:22039889 [2]:98 [3]:363
[0]:185942696 [1]:22073756 [2]:98 [3]:60
[0]:186133417 [1]:22106503 [2]:98 [3]:62
[0]:186338322 [1]:22141695 [2]:98 [3]:362
[0]:186533358 [1]:22175126 [2]:98 [3]:66
[0]:186734960 [1]:22209695 [2]:98 [3]:365
[0]:186932523 [1]:22243559 [2]:98 [3]:356
[0]:187131137 [1]:22277568 [2]:98 [3]:358
[0]:187333278 [1]:22312231 [2]:98 [3]:359
[0]:187528939 [1]:22345749 [2]:98 [3]:63
[0]:187721916 [1]:22378842 [2]:98 [3]:67
[0]:187916365 [1]:22412122 [2]:98 [3]:58
[0]:188110735 [1]:22445467 [2]:98 [3]:363
[0]:188308517 [1]:22479451 [2]:98 [3]:67
[0]:188511727 [1]:22514309 [2]:98 [3]:366
[0]:188706212 [1]:22547654 [2]:98 [3]:358
[0]:188906687 [1]:22582130 [2]:98 [3]:53
[0]:189100827 [1]:22615686 [2]:98 [3]:58
[0]:189302634 [1]:22650361 [2]:98 [3]:61
[0]:189506115 [1]:22685304 [2]:98 [3]:361
[0]:189697245 [1]:22718050 [2]:98 [3]:360
[0]:189900783 [1]:22752943 [2]:98 [3]:367
[0]:190097094 [1]:22786630 [2]:98 [3]:65
[0]:190294223 [1]:22820433 [2]:98 [3]:370
[0]:190490801 [1]:22854156 [2]:98 [3]:365
[0]:190700315 [1]:22890071 [2]:98 [3]:369
[0]:190894752 [1]:22923371 [2]:98 [3]:58
[0]:191092997 [1]:22957362 [2]:98 [3]:62
[0]:191305785 [1]:22993825 [2]:98 [3]:62
[0]:191500292 [1]:23027339 [2]:98 [3]:359
[0]:191753620 [1]:23070838 [2]:98 [3]:359
[0]:191948638 [1]:23104464 [2]:98 [3]:79
[0]:192147090 [1]:23138465 [2]:98 [3]:355
[0]:192341192 [1]:23171762 [2]:98 [3]:359
[0]:192542923 [1]:23206384 [2]:98 [3]:55
[0]:192748481 [1]:23241732 [2]:98 [3]:350
[0]:192961259 [1]:23278188 [2]:98 [3]:361
[0]:193155553 [1]:23311559 [2]:98 [3]:361
[0]:193357679 [1]:23346304 [2]:98 [3]:71
[0]:193561035 [1]:23381160 [2]:98 [3]:367
[0]:193756720 [1]:23414711 [2]:98 [3]:362
[0]:193952035 [1]:23448168 [2]:98 [3]:361
[0]:194200961 [1]:23490837 [2]:98 [3]:360
[0]:194425551 [1]:23529403 [2]:98 [3]:66
[0]:194632177 [1]:23564961 [2]:98 [3]:350
[0]:194833843 [1]:23599649 [2]:98 [3]:62
[0]:195031309 [1]:23633545 [2]:98 [3]:366
[0]:195223349 [1]:23666526 [2]:98 [3]:359
[0]:195416882 [1]:23699703 [2]:98 [3]:54
[0]:195609630 [1]:23732819 [2]:98 [3]:64
[0]:195821946 [1]:23769138 [2]:98 [3]:63
[0]:196014924 [1]:23802317 [2]:98 [3]:358
[0]:196216432 [1]:23836903 [2]:98 [3]:365
[0]:196404018 [1]:23869141 [2]:98 [3]:352
[0]:196601049 [1]:23902952 [2]:98 [3]:363
[0]:196818057 [1]:23940239 [2]:98 [3]:64
[0]:197009797 [1]:23973147 [2]:98 [3]:61
[0]:197210465 [1]:24007518 [2]:98 [3]:69
[0]:197408856 [1]:24041628 [2]:98 [3]:64
[0]:197626707 [1]:24078966 [2]:98 [3]:72
[0]:197855763 [1]:24118304 [2]:98 [3]:357
[0]:198050538 [1]:24151601 [2]:98 [3]:362
[0]:198242353 [1]:24184410 [2]:98 [3]:365
[0]:198459287 [1]:24221662 [2]:98 [3]:372
[0]:198671226 [1]:24258034 [2]:98 [3]:361
[0]:198888877 [1]:24295392 [2]:98 [3]:363
[0]:199079646 [1]:24328194 [2]:98 [3]:364
[0]:199272179 [1]:24361218 [2]:98 [3]:359
[0]:199464808 [1]:24394190 [2]:98 [3]:363
[0]:199662631 [1]:24428087 [2]:98 [3]:355
[0]:199860681 [1]:24462128 [2]:98 [3]:64
[0]:200052596 [1]:24495072 [2]:98 [3]:67
[0]:200245762 [1]:24528190 [2]:98 [3]:364
[0]:200447485 [1]:24562775 [2]:98 [3]:362
[0]:200653221 [1]:24598036 [2]:98 [3]:346
[0]:200851195 [1]:24632030 [2]:98 [3]:372
[0]:201045672 [1]:24665341 [2]:98 [3]:359
[0]:201247344 [1]:24699881 [2]:98 [3]:364
[0]:201453068 [1]:24735089 [2]:98 [3]:360
[0]:201627453 [1]:24765004 [2]:98 [3]:361
[0]:201627453 [1]:24765004 [2]:98 [3]:361
[0]:201627453 [1]:24765004 [2]:98 [3]:361
[0]:201627453 [1]:24765004 [2]:98 [3]:361
[0]:201627453 [1]:24765004 [2]:98 [3]:361
[0]:201627453 [1]:24765004 [2]:98 [3]:361
[0]:201627453 [1]:24765004 [2]:98 [3]:361
[0]:201627453 [1]:24765004 [2]:98 [3]:361
[0]:201627453 [1]:24765004 [2]:98 [3]:361
[0]:201627453 [1]:24765004 [2]:98 [3]:361
[0]:201627453 [1]:24765004 [2]:98 [3]:361
[0]:201627453 [1]:24765004 [2]:98 [3]:361
