[0]:30301816 [1]:3242858 [2]:90 [3]:74
[0]:30508766 [1]:3278456 [2]:90 [3]:69
[0]:30705751 [1]:3312284 [2]:90 [3]:357
[0]:30908803 [1]:3347527 [2]:90 [3]:358
[0]:31105145 [1]:3381213 [2]:90 [3]:360
[0]:31299507 [1]:3414607 [2]:90 [3]:359
[0]:31497555 [1]:3448642 [2]:90 [3]:64
[0]:31706692 [1]:3484627 [2]:90 [3]:69
[0]:31959440 [1]:3528058 [2]:90 [3]:55
[0]:32166336 [1]:3563614 [2]:90 [3]:358
[0]:32435248 [1]:3609856 [2]:90 [3]:368
[0]:32633084 [1]:3643892 [2]:90 [3]:365
[0]:32823716 [1]:3676743 [2]:90 [3]:59
[0]:33017628 [1]:3710138 [2]:90 [3]:366
[0]:33231170 [1]:3746670 [2]:90 [3]:62
[0]:33425282 [1]:3780040 [2]:90 [3]:362
[0]:33619580 [1]:3813402 [2]:90 [3]:365
[0]:33813930 [1]:3846786 [2]:90 [3]:370
[0]:34068200 [1]:3890476 [2]:90 [3]:363
[0]:34316708 [1]:3933077 [2]:90 [3]:361
[0]:34513243 [1]:3966852 [2]:90 [3]:364
[0]:34710744 [1]:4000771 [2]:90 [3]:365
[0]:34946358 [1]:4041286 [2]:90 [3]:351
[0]:35140728 [1]:4074653 [2]:90 [3]:69
[0]:35346065 [1]:4110008 [2]:90 [3]:356
[0]:35540294 [1]:4143348 [2]:90 [3]:373
[0]:35778366 [1]:4184308 [2]:90 [3]:363
[0]:35988541 [1]:4220486 [2]:90 [3]:365
[0]:36194092 [1]:4255807 [2]:90 [3]:361
[0]:36392419 [1]:4289915 [2]:90 [3]:363
[0]:36587726 [1]:4323559 [2]:90 [3]:366
[0]:36811569 [1]:4362036 [2]:90 [3]:357
[0]:37004662 [1]:4395310 [2]:90 [3]:67
[0]:37225084 [1]:4433212 [2]:90 [3]:357
[0]:37419308 [1]:4466732 [2]:90 [3]:361
[0]:37643427 [1]:4505323 [2]:90 [3]:67
[0]:37837749 [1]:4538598 [2]:90 [3]:361
[0]:38028452 [1]:4571430 [2]:90 [3]:361
[0]:38229992 [1]:4606133 [2]:90 [3]:368
[0]:38431432 [1]:4640825 [2]:90 [3]:364
[0]:38620710 [1]:4673403 [2]:90 [3]:52
[0]:38816569 [1]:4707007 [2]:90 [3]:61
[0]:39018165 [1]:4741674 [2]:90 [3]:74
[0]:39204907 [1]:4773829 [2]:90 [3]:360
[0]:39424282 [1]:4811621 [2]:90 [3]:54
[0]:39626848 [1]:4846526 [2]:90 [3]:67
[0]:39821393 [1]:4879915 [2]:90 [3]:362
[0]:40012454 [1]:4912800 [2]:90 [3]:367
[0]:40206246 [1]:4946185 [2]:90 [3]:66
[0]:40400370 [1]:4979645 [2]:90 [3]:360
[0]:40602161 [1]:5014249 [2]:90 [3]:358
[0]:40800170 [1]:5048271 [2]:90 [3]:360
[0]:41001819 [1]:5082903 [2]:90 [3]:67
[0]:41196373 [1]:5116359 [2]:90 [3]:60
[0]:41405351 [1]:5152328 [2]:90 [3]:66
[0]:41596212 [1]:5184935 [2]:90 [3]:359
[0]:41793938 [1]:5218916 [2]:90 [3]:62
[0]:41996197 [1]:5253683 [2]:90 [3]:364
[0]:42193704 [1]:5287669 [2]:90 [3]:352
[0]:42395650 [1]:5322587 [2]:90 [3]:364
[0]:42590524 [1]:5356098 [2]:90 [3]:69
[0]:42850234 [1]:5400816 [2]:90 [3]:57
[0]:43041693 [1]:5433758 [2]:90 [3]:66
[0]:43243586 [1]:5468589 [2]:90 [3]:365
[0]:43455407 [1]:5505088 [2]:90 [3]:58
[0]:43689025 [1]:5545257 [2]:90 [3]:60
[0]:43878365 [1]:5577752 [2]:90 [3]:359
[0]:44065458 [1]:5609899 [2]:90 [3]:366
[0]:44270947 [1]:5645334 [2]:90 [3]:68
[0]:44468953 [1]:5679382 [2]:90 [3]:68
[0]:44670560 [1]:5714185 [2]:90 [3]:61
[0]:44873091 [1]:5749122 [2]:90 [3]:65
[0]:45068396 [1]:5782775 [2]:90 [3]:363
