[0]:45277891 [1]:5808142 [2]:90 [3]:371
[0]:45492419 [1]:5831686 [2]:90 [3]:85
[0]:45743586 [1]:5859579 [2]:90 [3]:79
[0]:45955920 [1]:5883247 [2]:90 [3]:369
[0]:46164239 [1]:5906159 [2]:90 [3]:93
[0]:46368843 [1]:5928658 [2]:90 [3]:366
[0]:46582697 [1]:5952257 [2]:90 [3]:69
[0]:46795757 [1]:5975855 [2]:90 [3]:371
[0]:47000514 [1]:5998749 [2]:90 [3]:366
[0]:47209770 [1]:6022197 [2]:90 [3]:86
[0]:47423951 [1]:6046034 [2]:90 [3]:84
[0]:47627807 [1]:6068732 [2]:90 [3]:82
[0]:47847003 [1]:6092998 [2]:90 [3]:373
[0]:48056865 [1]:6116190 [2]:90 [3]:367
[0]:48264997 [1]:6139450 [2]:90 [3]:363
[0]:48467777 [1]:6161885 [2]:90 [3]:372
[0]:48748972 [1]:6193100 [2]:90 [3]:358
[0]:48950264 [1]:6215380 [2]:90 [3]:370
[0]:49160375 [1]:6238765 [2]:90 [3]:78
[0]:49361950 [1]:6261027 [2]:90 [3]:73
[0]:49566754 [1]:6283845 [2]:90 [3]:370
[0]:49767647 [1]:6306284 [2]:90 [3]:368
[0]:49990561 [1]:6330969 [2]:90 [3]:362
[0]:50200515 [1]:6354326 [2]:90 [3]:360
[0]:50414452 [1]:6377861 [2]:90 [3]:365
[0]:50651164 [1]:6404085 [2]:90 [3]:98
[0]:50864101 [1]:6427455 [2]:90 [3]:92
[0]:51077082 [1]:6450933 [2]:90 [3]:372
[0]:51297929 [1]:6475371 [2]:90 [3]:79
[0]:51575901 [1]:6506238 [2]:90 [3]:85
[0]:51794860 [1]:6530329 [2]:90 [3]:366
[0]:52007819 [1]:6553848 [2]:90 [3]:356
[0]:52224690 [1]:6577803 [2]:90 [3]:80
[0]:52437557 [1]:6601434 [2]:90 [3]:88
[0]:52642691 [1]:6624123 [2]:90 [3]:366
[0]:52851688 [1]:6647253 [2]:90 [3]:79
[0]:53064337 [1]:6671067 [2]:90 [3]:82
[0]:53269308 [1]:6693781 [2]:90 [3]:86
[0]:53471515 [1]:6716468 [2]:90 [3]:369
[0]:53680645 [1]:6739714 [2]:90 [3]:360
[0]:53884009 [1]:6762334 [2]:90 [3]:83
[0]:54093225 [1]:6785326 [2]:90 [3]:99
[0]:54333848 [1]:6811886 [2]:90 [3]:353
[0]:54549110 [1]:6835621 [2]:90 [3]:373
[0]:54756050 [1]:6858407 [2]:90 [3]:365
[0]:54964853 [1]:6881616 [2]:90 [3]:362
[0]:55162764 [1]:6903335 [2]:90 [3]:360
[0]:55360288 [1]:6925152 [2]:90 [3]:366
[0]:55576460 [1]:6948903 [2]:90 [3]:73
[0]:55801309 [1]:6973674 [2]:90 [3]:369
[0]:56006010 [1]:6996478 [2]:90 [3]:370
[0]:56227134 [1]:7020923 [2]:90 [3]:94
[0]:56431465 [1]:7043603 [2]:90 [3]:357
[0]:56644875 [1]:7067459 [2]:90 [3]:368
[0]:56849795 [1]:7090249 [2]:90 [3]:362
[0]:57064584 [1]:7113962 [2]:90 [3]:99
[0]:57270061 [1]:7136470 [2]:90 [3]:89
[0]:57477077 [1]:7159335 [2]:90 [3]:368
[0]:57693681 [1]:7183233 [2]:90 [3]:361
[0]:57914373 [1]:7207842 [2]:90 [3]:91
[0]:58143603 [1]:7233078 [2]:90 [3]:371
[0]:58375874 [1]:7259243 [2]:90 [3]:351
[0]:58584658 [1]:7282397 [2]:90 [3]:86
[0]:58789937 [1]:7305138 [2]:90 [3]:371
[0]:58998727 [1]:7328394 [2]:90 [3]:369
[0]:59207808 [1]:7351460 [2]:90 [3]:370
[0]:59408976 [1]:7373594 [2]:90 [3]:369
[0]:59621957 [1]:7397171 [2]:90 [3]:377
[0]:59834880 [1]:7420681 [2]:90 [3]:372
[0]:60043682 [1]:7443854 [2]:90 [3]:90
[0]:60245278 [1]:7466017 [2]:90 [3]:357
[0]:60443367 [1]:7487967 [2]:90 [3]:366
[0]:60676028 [1]:7513642 [2]:90 [3]:369
[0]:60870427 [1]:7535980 [2]:90 [3]:356
