[0]:76006735 [1]:10138311 [2]:90 [3]:358
[0]:76235381 [1]:10163768 [2]:90 [3]:90
[0]:76444225 [1]:10186915 [2]:90 [3]:67
[0]:76652965 [1]:10210257 [2]:90 [3]:74
[0]:76862007 [1]:10233449 [2]:90 [3]:86
[0]:77063245 [1]:10255867 [2]:90 [3]:73
[0]:77269678 [1]:10278637 [2]:90 [3]:94
[0]:77481211 [1]:10301837 [2]:90 [3]:90
[0]:77697183 [1]:10325616 [2]:90 [3]:357
[0]:77903413 [1]:10348343 [2]:90 [3]:363
[0]:78108211 [1]:10371240 [2]:90 [3]:366
[0]:78337677 [1]:10396617 [2]:90 [3]:82
[0]:78545981 [1]:10419616 [2]:90 [3]:371
[0]:78749830 [1]:10442029 [2]:90 [3]:89
[0]:78952858 [1]:10464380 [2]:90 [3]:90
[0]:79205066 [1]:10492084 [2]:90 [3]:369
[0]:79406134 [1]:10514283 [2]:90 [3]:83
[0]:79615139 [1]:10537360 [2]:90 [3]:84
[0]:79843999 [1]:10562685 [2]:90 [3]:78
[0]:80052996 [1]:10585696 [2]:90 [3]:78
[0]:80277740 [1]:10610392 [2]:90 [3]:373
[0]:80494793 [1]:10634450 [2]:90 [3]:77
[0]:80705155 [1]:10657695 [2]:90 [3]:373
[0]:80916756 [1]:10681226 [2]:90 [3]:96
[0]:81125808 [1]:10704297 [2]:90 [3]:370
[0]:81350518 [1]:10729225 [2]:90 [3]:362
[0]:81556218 [1]:10752086 [2]:90 [3]:89
[0]:81767104 [1]:10775523 [2]:90 [3]:81
[0]:81979274 [1]:10799105 [2]:90 [3]:86
[0]:82186178 [1]:10822112 [2]:90 [3]:355
[0]:82395365 [1]:10845218 [2]:90 [3]:86
[0]:82596188 [1]:10867609 [2]:90 [3]:377
[0]:82808780 [1]:10891107 [2]:90 [3]:84
[0]:83018322 [1]:10914358 [2]:90 [3]:364
[0]:83223366 [1]:10936906 [2]:90 [3]:360
[0]:83444146 [1]:10961386 [2]:90 [3]:95
[0]:83668583 [1]:10986426 [2]:90 [3]:86
[0]:83877577 [1]:11009605 [2]:90 [3]:361
[0]:84098311 [1]:11034110 [2]:90 [3]:370
[0]:84311131 [1]:11057824 [2]:90 [3]:79
[0]:84516296 [1]:11080630 [2]:90 [3]:82
[0]:84725184 [1]:11103789 [2]:90 [3]:88
[0]:84930039 [1]:11126563 [2]:90 [3]:374
[0]:85142235 [1]:11150261 [2]:90 [3]:86
[0]:85355420 [1]:11178011 [2]:90 [3]:361
[0]:85578113 [1]:11211158 [2]:90 [3]:355
[0]:85788755 [1]:11242505 [2]:90 [3]:80
[0]:85993788 [1]:11272794 [2]:90 [3]:369
[0]:86202510 [1]:11303886 [2]:90 [3]:364
[0]:86427384 [1]:11337260 [2]:90 [3]:363
[0]:86636054 [1]:11368227 [2]:90 [3]:369
[0]:86845017 [1]:11399140 [2]:90 [3]:372
[0]:87053977 [1]:11430079 [2]:90 [3]:367
[0]:87254904 [1]:11459904 [2]:90 [3]:358
[0]:87454246 [1]:11489564 [2]:90 [3]:360
[0]:87660830 [1]:11520144 [2]:93 [3]:73
[0]:87881819 [1]:11552830 [2]:93 [3]:360
[0]:88098340 [1]:11584962 [2]:93 [3]:356
[0]:88324918 [1]:11618623 [2]:93 [3]:76
[0]:88527827 [1]:11648699 [2]:93 [3]:366
[0]:88752566 [1]:11682048 [2]:93 [3]:364
[0]:88961356 [1]:11713116 [2]:93 [3]:353
[0]:89170187 [1]:11744098 [2]:93 [3]:374
[0]:89375079 [1]:11774671 [2]:93 [3]:373
[0]:89587987 [1]:11806271 [2]:93 [3]:369
[0]:89820312 [1]:11840770 [2]:93 [3]:363
[0]:90028048 [1]:11871731 [2]:93 [3]:358
[0]:90249826 [1]:11904703 [2]:93 [3]:367
[0]:90457452 [1]:11935657 [2]:93 [3]:76
[0]:90671482 [1]:11967450 [2]:93 [3]:360
[0]:90868440 [1]:11996575 [2]:93 [3]:362
[0]:91077048 [1]:12027535 [2]:93 [3]:357
[0]:91290155 [1]:12059324 [2]:98 [3]:374
[0]:91498845 [1]:12090329 [2]:98 [3]:363
