[0]:91928839 [1]:12171281 [2]:98 [3]:361
[0]:92122142 [1]:12215924 [2]:98 [3]:361
[0]:92336800 [1]:12265489 [2]:98 [3]:361
[0]:92529581 [1]:12310078 [2]:98 [3]:361
[0]:92731084 [1]:12356625 [2]:98 [3]:362
[0]:92931602 [1]:12403002 [2]:98 [3]:365
[0]:93126601 [1]:12448059 [2]:98 [3]:364
[0]:93340753 [1]:12497513 [2]:98 [3]:368
[0]:93544901 [1]:12544649 [2]:98 [3]:365
[0]:93761060 [1]:12594506 [2]:98 [3]:60
[0]:94021249 [1]:12654690 [2]:98 [3]:363
[0]:94224160 [1]:12701615 [2]:104 [3]:57
[0]:94463065 [1]:12756866 [2]:104 [3]:67
[0]:94678668 [1]:12806653 [2]:104 [3]:363
[0]:94890694 [1]:12855637 [2]:104 [3]:366
[0]:95097489 [1]:12903433 [2]:104 [3]:359
[0]:95310191 [1]:12952722 [2]:104 [3]:54
[0]:95499756 [1]:12996555 [2]:104 [3]:364
[0]:95698349 [1]:13042283 [2]:104 [3]:364
[0]:95892280 [1]:13087077 [2]:104 [3]:56
[0]:96096938 [1]:13134333 [2]:104 [3]:365
[0]:96288197 [1]:13178529 [2]:104 [3]:356
[0]:96478481 [1]:13222366 [2]:104 [3]:359
[0]:96689939 [1]:13271216 [2]:104 [3]:357
[0]:96884524 [1]:13316181 [2]:109 [3]:355
[0]:97083135 [1]:13362066 [2]:109 [3]:365
[0]:97296006 [1]:13411291 [2]:109 [3]:355
[0]:97493668 [1]:13456946 [2]:109 [3]:357
[0]:97692128 [1]:13502826 [2]:109 [3]:364
[0]:97898334 [1]:13550450 [2]:109 [3]:363
[0]:98109531 [1]:13599284 [2]:109 [3]:363
[0]:98307973 [1]:13645182 [2]:109 [3]:362
[0]:98508861 [1]:13691516 [2]:109 [3]:366
[0]:98702973 [1]:13736419 [2]:109 [3]:367
[0]:98904506 [1]:13782943 [2]:109 [3]:59
[0]:99117344 [1]:13832168 [2]:109 [3]:356
[0]:99325301 [1]:13880149 [2]:109 [3]:360
[0]:99549279 [1]:13931913 [2]:109 [3]:365
[0]:99736894 [1]:13975293 [2]:114 [3]:60
[0]:99930837 [1]:14020083 [2]:114 [3]:363
[0]:100124953 [1]:14064961 [2]:114 [3]:64
[0]:100322877 [1]:14110593 [2]:114 [3]:62
[0]:100516903 [1]:14155447 [2]:114 [3]:360
[0]:100718405 [1]:14202053 [2]:114 [3]:60
[0]:100921268 [1]:14248919 [2]:114 [3]:362
[0]:101125278 [1]:14296019 [2]:114 [3]:365
[0]:101319362 [1]:14340844 [2]:114 [3]:360
[0]:101509441 [1]:14384789 [2]:114 [3]:365
[0]:101703848 [1]:14429764 [2]:114 [3]:358
[0]:101900825 [1]:14475391 [2]:114 [3]:363
[0]:102114522 [1]:14524713 [2]:114 [3]:362
[0]:102312144 [1]:14570379 [2]:114 [3]:361
[0]:102506940 [1]:14615367 [2]:118 [3]:54
[0]:102713223 [1]:14663049 [2]:118 [3]:359
[0]:102942935 [1]:14716133 [2]:118 [3]:358
[0]:103134807 [1]:14760474 [2]:118 [3]:359
[0]:103330941 [1]:14805848 [2]:118 [3]:368
[0]:103540311 [1]:14854197 [2]:118 [3]:357
[0]:103740980 [1]:14900583 [2]:118 [3]:355
[0]:103933205 [1]:14944829 [2]:118 [3]:365
[0]:104122466 [1]:14988580 [2]:118 [3]:363
[0]:104312587 [1]:15032589 [2]:118 [3]:360
[0]:104531825 [1]:15083199 [2]:118 [3]:360
[0]:104730411 [1]:15129096 [2]:118 [3]:358
[0]:104943514 [1]:15178279 [2]:118 [3]:361
[0]:105140819 [1]:15223844 [2]:118 [3]:363
[0]:105342865 [1]:15270554 [2]:122 [3]:362
[0]:105587571 [1]:15327047 [2]:122 [3]:358
[0]:105779501 [1]:15371457 [2]:122 [3]:363
[0]:105969912 [1]:15415464 [2]:122 [3]:360
[0]:106166921 [1]:15460965 [2]:122 [3]:56
[0]:106354398 [1]:15504315 [2]:122 [3]:357
[0]:106559714 [1]:15551746 [2]:122 [3]:362
