[0]:0 [1]:0 [2]:0 [3]:0
[0]:0 [1]:0 [2]:0 [3]:0
[0]:0 [1]:0 [2]:0 [3]:0
[0]:1031348 [1]:0 [2]:0 [3]:8
[0]:2892168 [1]:0 [2]:0 [3]:9
[0]:4851599 [1]:0 [2]:0 [3]:11
[0]:6832734 [1]:0 [2]:0 [3]:13
[0]:8838598 [1]:0 [2]:0 [3]:32
[0]:10751596 [1]:0 [2]:0 [3]:14
[0]:12590456 [1]:0 [2]:0 [3]:31
[0]:14569234 [1]:0 [2]:0 [3]:10
[0]:16323451 [1]:0 [2]:0 [3]:9
[0]:17597761 [1]:414365 [2]:7 [3]:9
[0]:18582104 [1]:918403 [2]:7 [3]:56
[0]:19586296 [1]:1432131 [2]:7 [3]:52
[0]:20589763 [1]:1948934 [2]:7 [3]:12
[0]:21663889 [1]:2498601 [2]:7 [3]:13
[0]:22707438 [1]:3036036 [2]:7 [3]:48
[0]:23718280 [1]:3553848 [2]:7 [3]:10
[0]:24770543 [1]:4094732 [2]:7 [3]:8
[0]:25838089 [1]:4642846 [2]:7 [3]:10
[0]:26819349 [1]:5148137 [2]:7 [3]:14
[0]:27834280 [1]:5666799 [2]:7 [3]:15
[0]:28874010 [1]:6192599 [2]:7 [3]:10
[0]:30244630 [1]:6895841 [2]:7 [3]:13
[0]:31753910 [1]:7674534 [2]:7 [3]:15
[0]:32917894 [1]:8269785 [2]:7 [3]:13
[0]:33984778 [1]:8821340 [2]:7 [3]:19
[0]:34941703 [1]:9311860 [2]:7 [3]:51
[0]:35944752 [1]:9821875 [2]:7 [3]:48
[0]:36927266 [1]:10323929 [2]:7 [3]:14
[0]:37949296 [1]:10848272 [2]:7 [3]:56
[0]:38935531 [1]:11351755 [2]:7 [3]:49
[0]:39928664 [1]:11862722 [2]:7 [3]:50
[0]:40919985 [1]:12370182 [2]:7 [3]:12
[0]:41919419 [1]:12883002 [2]:7 [3]:10
[0]:42905998 [1]:13391090 [2]:7 [3]:50
[0]:43933175 [1]:13916160 [2]:7 [3]:13
[0]:44898578 [1]:14409820 [2]:7 [3]:20
[0]:45942428 [1]:14946019 [2]:7 [3]:57
[0]:47140002 [1]:15562369 [2]:7 [3]:13
[0]:48419608 [1]:16218642 [2]:7 [3]:51
[0]:49573306 [1]:16809371 [2]:7 [3]:14
[0]:50682134 [1]:17382433 [2]:7 [3]:12
[0]:51833009 [1]:17969241 [2]:7 [3]:52
[0]:52947020 [1]:18534880 [2]:7 [3]:53
[0]:54076691 [1]:19113410 [2]:7 [3]:11
[0]:55183650 [1]:19683268 [2]:7 [3]:14
[0]:56274922 [1]:20237583 [2]:7 [3]:12
[0]:57451506 [1]:20837583 [2]:7 [3]:10
[0]:58556443 [1]:21399650 [2]:7 [3]:16
[0]:59704381 [1]:21993467 [2]:7 [3]:13
[0]:60952233 [1]:22632593 [2]:7 [3]:10
[0]:62062197 [1]:23202951 [2]:7 [3]:12
[0]:63167512 [1]:23765486 [2]:7 [3]:55
[0]:64299160 [1]:24341709 [2]:7 [3]:46
[0]:65480641 [1]:24945969 [2]:7 [3]:11
[0]:66572848 [1]:25503389 [2]:7 [3]:13
[0]:67757747 [1]:26108577 [2]:7 [3]:50
[0]:68903181 [1]:26694926 [2]:7 [3]:11
[0]:70201623 [1]:27363279 [2]:7 [3]:11
[0]:71320187 [1]:27936058 [2]:7 [3]:10
[0]:72390560 [1]:28481753 [2]:7 [3]:52
[0]:73465160 [1]:29032831 [2]:7 [3]:14
[0]:74644956 [1]:29636943 [2]:7 [3]:49
[0]:75906737 [1]:30280919 [2]:7 [3]:11
[0]:77179136 [1]:30932739 [2]:7 [3]:59
[0]:78180214 [1]:31446844 [2]:7 [3]:4
[0]:79204234 [1]:31977029 [2]:7 [3]:49
[0]:80222225 [1]:32500023 [2]:7 [3]:12
[0]:81232052 [1]:33014856 [2]:7 [3]:56
[0]:82232367 [1]:33524761 [2]:7 [3]:12
[0]:83275980 [1]:34059921 [2]:7 [3]:15
[0]:84306034 [1]:34585396 [2]:7 [3]:52
[0]:85602490 [1]:35249419 [2]:7 [3]:10
[0]:86891599 [1]:35909367 [2]:7 [3]:8
[0]:88172530 [1]:36564784 [2]:7 [3]:15
[0]:89186664 [1]:37079608 [2]:7 [3]:52
[0]:90212440 [1]:37605634 [2]:7 [3]:60
[0]:91257918 [1]:38145429 [2]:7 [3]:12
[0]:92275769 [1]:38663527 [2]:7 [3]:10
[0]:93285405 [1]:39180659 [2]:7 [3]:50
[0]:94358214 [1]:39731115 [2]:7 [3]:10
[0]:95480250 [1]:40302177 [2]:7 [3]:11
[0]:96475079 [1]:40812874 [2]:7 [3]:15
[0]:97456462 [1]:41311504 [2]:7 [3]:14
[0]:98429744 [1]:41809637 [2]:7 [3]:12
[0]:99404473 [1]:42313273 [2]:7 [3]:11
[0]:100406503 [1]:42826913 [2]:7 [3]:12
[0]:101488529 [1]:43382427 [2]:7 [3]:53
[0]:102604789 [1]:43956555 [2]:7 [3]:13
[0]:103951321 [1]:44641157 [2]:7 [3]:16
[0]:105242422 [1]:45299920 [2]:7 [3]:13
[0]:106320842 [1]:45852773 [2]:7 [3]:15
[0]:107472525 [1]:46443338 [2]:7 [3]:13
[0]:108562893 [1]:46998231 [2]:7 [3]:11
[0]:109676221 [1]:47570868 [2]:7 [3]:14
[0]:110860568 [1]:48175044 [2]:7 [3]:57
[0]:111985157 [1]:48754317 [2]:7 [3]:8
[0]:113159341 [1]:49351278 [2]:7 [3]:13
[0]:114330860 [1]:49953389 [2]:7 [3]:52
[0]:115464926 [1]:50532666 [2]:7 [3]:14
[0]:116784804 [1]:51204204 [2]:7 [3]:15
[0]:117940979 [1]:51797306 [2]:7 [3]:18
[0]:119072877 [1]:52378791 [2]:7 [3]:8
[0]:120229984 [1]:52971513 [2]:7 [3]:13
[0]:121417936 [1]:53580483 [2]:7 [3]:53
[0]:122804779 [1]:54295480 [2]:7 [3]:12
[0]:123942558 [1]:54877111 [2]:7 [3]:15
[0]:125054156 [1]:55446865 [2]:7 [3]:48
[0]:126313624 [1]:56088790 [2]:7 [3]:52
[0]:127436813 [1]:56665064 [2]:7 [3]:10
[0]:128437435 [1]:57172838 [2]:7 [3]:12
[0]:129463772 [1]:57701695 [2]:7 [3]:53
[0]:130496800 [1]:58234926 [2]:7 [3]:50
[0]:131522409 [1]:58766295 [2]:7 [3]:55
[0]:132523139 [1]:59277636 [2]:7 [3]:14
[0]:133535527 [1]:59797870 [2]:7 [3]:11
[0]:134649984 [1]:60367471 [2]:7 [3]:49
[0]:135926625 [1]:61024228 [2]:7 [3]:53
[0]:137035096 [1]:61593263 [2]:7 [3]:13
[0]:138068329 [1]:62126537 [2]:7 [3]:15
[0]:139084349 [1]:62648187 [2]:7 [3]:11
[0]:140070819 [1]:63154149 [2]:7 [3]:48
[0]:141143057 [1]:63706196 [2]:7 [3]:13
[0]:142407644 [1]:64356800 [2]:7 [3]:48
[0]:143642445 [1]:64993808 [2]:7 [3]:10
[0]:144696510 [1]:65539316 [2]:7 [3]:15
[0]:145704280 [1]:66055660 [2]:7 [3]:58
[0]:146695243 [1]:66566086 [2]:7 [3]:55
[0]:147906909 [1]:67187627 [2]:7 [3]:12
[0]:148907208 [1]:67694691 [2]:7 [3]:13
[0]:149925197 [1]:68217534 [2]:7 [3]:11
[0]:150985549 [1]:68761075 [2]:7 [3]:12
[0]:152019544 [1]:69289593 [2]:7 [3]:54
[0]:152983851 [1]:69784926 [2]:7 [3]:52
[0]:153951496 [1]:70279673 [2]:7 [3]:10
[0]:155006018 [1]:70820935 [2]:7 [3]:12
[0]:155984723 [1]:71327379 [2]:7 [3]:14
[0]:156962744 [1]:71830186 [2]:7 [3]:53
[0]:158095554 [1]:72414209 [2]:7 [3]:13
[0]:159358340 [1]:73061796 [2]:7 [3]:16
[0]:160566770 [1]:73679743 [2]:7 [3]:17
[0]:161802984 [1]:74310429 [2]:7 [3]:13
[0]:163016576 [1]:74936330 [2]:7 [3]:51
