[0]:346461630 [1]:236082112 [2]:7 [3]:47
[0]:347664811 [1]:236699434 [2]:7 [3]:9
[0]:348895787 [1]:237334964 [2]:7 [3]:12
[0]:350214130 [1]:238008691 [2]:7 [3]:14
[0]:351415226 [1]:238624421 [2]:7 [3]:50
[0]:352556306 [1]:239208581 [2]:7 [3]:12
[0]:353699170 [1]:239791328 [2]:7 [3]:17
[0]:354833751 [1]:240373986 [2]:7 [3]:59
[0]:355938522 [1]:240937689 [2]:7 [3]:46
[0]:357146412 [1]:241557428 [2]:7 [3]:53
[0]:358293263 [1]:242151480 [2]:7 [3]:53
[0]:359421851 [1]:242733393 [2]:7 [3]:50
[0]:360550163 [1]:243311647 [2]:7 [3]:15
[0]:361681891 [1]:243895119 [2]:7 [3]:54
[0]:362837411 [1]:244488442 [2]:7 [3]:54
[0]:364124363 [1]:245148830 [2]:7 [3]:51
[0]:365272244 [1]:245741507 [2]:7 [3]:14
[0]:366368336 [1]:246304389 [2]:7 [3]:9
[0]:367648081 [1]:246964038 [2]:7 [3]:13
[0]:368783035 [1]:247542824 [2]:7 [3]:56
[0]:369808614 [1]:248065506 [2]:7 [3]:10
[0]:370776070 [1]:248564862 [2]:7 [3]:14
[0]:371752219 [1]:249066953 [2]:7 [3]:15
[0]:372805511 [1]:249610053 [2]:7 [3]:15
[0]:373806884 [1]:250121875 [2]:7 [3]:18
[0]:374782991 [1]:250624692 [2]:7 [3]:55
[0]:375757807 [1]:251124869 [2]:7 [3]:10
[0]:376782006 [1]:251647044 [2]:7 [3]:56
[0]:377760722 [1]:252153188 [2]:7 [3]:8
[0]:378781771 [1]:252676826 [2]:7 [3]:16
[0]:379738019 [1]:253169038 [2]:7 [3]:51
[0]:380740307 [1]:253682962 [2]:7 [3]:53
[0]:382101148 [1]:254385405 [2]:7 [3]:56
[0]:383265347 [1]:254978194 [2]:7 [3]:50
[0]:384502339 [1]:255616699 [2]:7 [3]:57
[0]:385575794 [1]:256169096 [2]:7 [3]:47
[0]:386575356 [1]:256677911 [2]:7 [3]:12
[0]:387633435 [1]:257218957 [2]:7 [3]:53
[0]:388655166 [1]:257736922 [2]:7 [3]:17
[0]:390085945 [1]:258472686 [2]:7 [3]:16
[0]:391078951 [1]:258978880 [2]:7 [3]:15
[0]:392053291 [1]:259478529 [2]:7 [3]:57
[0]:393077430 [1]:259996838 [2]:7 [3]:50
[0]:394131819 [1]:260538858 [2]:7 [3]:10
[0]:395175370 [1]:261073983 [2]:7 [3]:15
[0]:396178103 [1]:261588695 [2]:7 [3]:14
[0]:397213739 [1]:262119071 [2]:7 [3]:19
[0]:398168899 [1]:262610341 [2]:7 [3]:55
[0]:399278796 [1]:263183161 [2]:7 [3]:17
[0]:400432812 [1]:263774293 [2]:7 [3]:16
[0]:401599208 [1]:264371907 [2]:7 [3]:19
[0]:402785347 [1]:264978295 [2]:7 [3]:47
[0]:404015589 [1]:265611009 [2]:7 [3]:15
[0]:405142964 [1]:266188649 [2]:7 [3]:9
[0]:406326651 [1]:266787971 [2]:7 [3]:18
[0]:407621618 [1]:267454385 [2]:7 [3]:48
[0]:408727691 [1]:268026266 [2]:7 [3]:48
[0]:410142353 [1]:268754825 [2]:7 [3]:15
[0]:411228547 [1]:269310151 [2]:7 [3]:51
[0]:412434035 [1]:269927587 [2]:7 [3]:52
[0]:413581099 [1]:270513513 [2]:7 [3]:11
[0]:414698686 [1]:271086176 [2]:7 [3]:19
[0]:415859788 [1]:271678891 [2]:7 [3]:10
[0]:417094808 [1]:272314284 [2]:7 [3]:12
[0]:418276883 [1]:272918674 [2]:7 [3]:10
[0]:419433648 [1]:273510157 [2]:7 [3]:13
[0]:420574785 [1]:274097756 [2]:7 [3]:10
[0]:421728103 [1]:274687530 [2]:7 [3]:15
[0]:422865878 [1]:275268445 [2]:7 [3]:15
[0]:423985050 [1]:275836060 [2]:7 [3]:50
[0]:425015713 [1]:276361479 [2]:7 [3]:15
[0]:426018771 [1]:276875244 [2]:7 [3]:20
[0]:427040874 [1]:277399103 [2]:7 [3]:10
[0]:428017360 [1]:277905570 [2]:7 [3]:19
[0]:429050419 [1]:278437904 [2]:7 [3]:15
[0]:430116239 [1]:278981546 [2]:7 [3]:12
[0]:431224840 [1]:279549296 [2]:7 [3]:51
[0]:432249070 [1]:280070695 [2]:7 [3]:12
[0]:433249143 [1]:280585649 [2]:7 [3]:19
[0]:434293310 [1]:281116667 [2]:7 [3]:51
[0]:435545235 [1]:281756116 [2]:7 [3]:56
[0]:436585355 [1]:282291357 [2]:7 [3]:52
[0]:437915155 [1]:282971978 [2]:7 [3]:47
[0]:439050571 [1]:283555142 [2]:7 [3]:57
[0]:440820735 [1]:284473821 [2]:7 [3]:15
[0]:442050755 [1]:285107525 [2]:7 [3]:50
[0]:443153982 [1]:285673142 [2]:7 [3]:51
[0]:444190509 [1]:286209083 [2]:7 [3]:16
[0]:445194579 [1]:286723768 [2]:7 [3]:12
[0]:446385900 [1]:287339107 [2]:7 [3]:15
[0]:447361904 [1]:287841676 [2]:7 [3]:51
[0]:448360963 [1]:288353823 [2]:7 [3]:52
[0]:449327859 [1]:288846914 [2]:7 [3]:11
[0]:450352878 [1]:289372153 [2]:7 [3]:17
[0]:451379579 [1]:289899368 [2]:7 [3]:9
[0]:452364803 [1]:290406545 [2]:7 [3]:59
[0]:453514930 [1]:290998660 [2]:7 [3]:9
[0]:454536991 [1]:291522722 [2]:7 [3]:54
[0]:455802275 [1]:292171142 [2]:7 [3]:49
[0]:457031513 [1]:292802644 [2]:7 [3]:13
[0]:458164958 [1]:293379825 [2]:7 [3]:10
[0]:459319329 [1]:293972195 [2]:7 [3]:11
[0]:460412344 [1]:294530622 [2]:7 [3]:14
[0]:461617518 [1]:295146638 [2]:7 [3]:10
[0]:462746905 [1]:295727781 [2]:7 [3]:9
[0]:463902524 [1]:296325071 [2]:7 [3]:57
[0]:465011393 [1]:296893440 [2]:7 [3]:50
[0]:466142548 [1]:297468213 [2]:7 [3]:11
[0]:467295312 [1]:298061043 [2]:7 [3]:52
[0]:468455427 [1]:298654649 [2]:7 [3]:17
[0]:469561632 [1]:299221501 [2]:7 [3]:7
[0]:470644451 [1]:299778904 [2]:7 [3]:57
[0]:471783002 [1]:300371140 [2]:7 [3]:47
[0]:472902751 [1]:300951175 [2]:7 [3]:11
[0]:474057731 [1]:301541694 [2]:7 [3]:56
[0]:475235436 [1]:302149191 [2]:7 [3]:50
[0]:476368894 [1]:302734096 [2]:7 [3]:55
[0]:477473642 [1]:303301211 [2]:7 [3]:55
[0]:478626607 [1]:303896051 [2]:7 [3]:13
[0]:479825870 [1]:304509971 [2]:7 [3]:12
[0]:480851302 [1]:305039726 [2]:7 [3]:11
[0]:481874092 [1]:305565744 [2]:7 [3]:13
[0]:482876916 [1]:306083256 [2]:7 [3]:10
[0]:483902750 [1]:306605835 [2]:7 [3]:54
[0]:484924972 [1]:307134707 [2]:7 [3]:9
[0]:485937660 [1]:307655580 [2]:7 [3]:51
[0]:486947449 [1]:308172086 [2]:7 [3]:11
[0]:487988211 [1]:308708182 [2]:7 [3]:54
[0]:489020703 [1]:309241016 [2]:7 [3]:11
[0]:490109878 [1]:309808089 [2]:7 [3]:49
[0]:491166319 [1]:310352778 [2]:7 [3]:18
[0]:492191495 [1]:310874036 [2]:7 [3]:7
[0]:493228034 [1]:311405264 [2]:7 [3]:11
[0]:494361614 [1]:311991424 [2]:7 [3]:13
[0]:495908485 [1]:312787283 [2]:7 [3]:11
[0]:497022807 [1]:313360141 [2]:7 [3]:14
[0]:498110716 [1]:313922444 [2]:7 [3]:15
[0]:499144427 [1]:314454025 [2]:7 [3]:49
[0]:500456517 [1]:315127409 [2]:7 [3]:12
[0]:501624323 [1]:315724273 [2]:7 [3]:52
[0]:502904089 [1]:316381179 [2]:7 [3]:10
[0]:503888459 [1]:316891860 [2]:7 [3]:54
[0]:504904082 [1]:317413405 [2]:7 [3]:10
[0]:505922607 [1]:317936979 [2]:7 [3]:9
[0]:506906977 [1]:318447646 [2]:7 [3]:14
[0]:507924033 [1]:318974381 [2]:7 [3]:56
