[0]:3932771976 [1]:1 [2]:2 [3]:3
[0]:3741700022 [1]:1 [2]:2 [3]:3
[0]:3551361826 [1]:1 [2]:2 [3]:3
[0]:3349942102 [1]:1 [2]:2 [3]:3
[0]:4157708941 [1]:1 [2]:2 [3]:3
[0]:3962495058 [1]:1 [2]:2 [3]:3
[0]:3769743918 [1]:1 [2]:2 [3]:3
[0]:3578064305 [1]:1 [2]:2 [3]:3
[0]:3366026922 [1]:1 [2]:2 [3]:3
[0]:4118041602 [1]:1 [2]:2 [3]:3
[0]:3906064830 [1]:1 [2]:2 [3]:3
[0]:3702292357 [1]:1 [2]:2 [3]:3
[0]:3519503812 [1]:1 [2]:2 [3]:3
[0]:3329702080 [1]:1 [2]:2 [3]:3
[0]:4137628703 [1]:1 [2]:2 [3]:3
[0]:3947329520 [1]:1 [2]:2 [3]:3
[0]:3758388743 [1]:1 [2]:2 [3]:3
[0]:3569622506 [1]:1 [2]:2 [3]:2
[0]:3384363825 [1]:1 [2]:2 [3]:3
[0]:4194066466 [1]:1 [2]:2 [3]:3
[0]:4013746102 [1]:1 [2]:2 [3]:3
[0]:3826360110 [1]:1 [2]:2 [3]:3
[0]:3594216568 [1]:1 [2]:2 [3]:3
[0]:3409780052 [1]:1 [2]:2 [3]:3
[0]:4217783922 [1]:1 [2]:2 [3]:3
[0]:4030422948 [1]:1 [2]:2 [3]:3
[0]:3781687393 [1]:1 [2]:2 [3]:3
[0]:3550142915 [1]:1 [2]:2 [3]:3
[0]:3323751573 [1]:1 [2]:2 [3]:2
[0]:4110068500 [1]:1 [2]:2 [3]:3
[0]:3896493590 [1]:1 [2]:2 [3]:3
[0]:3698389976 [1]:1 [2]:2 [3]:3
[0]:3485822228 [1]:1 [2]:2 [3]:3
[0]:4269732028 [1]:1 [2]:2 [3]:2
[0]:4053814076 [1]:1 [2]:2 [3]:3
[0]:3845763000 [1]:1 [2]:2 [3]:2
[0]:3625735490 [1]:1 [2]:2 [3]:3
[0]:3411358990 [1]:1 [2]:2 [3]:2
[0]:4205686127 [1]:1 [2]:2 [3]:3
[0]:4001714255 [1]:1 [2]:2 [3]:3
[0]:3785635358 [1]:1 [2]:2 [3]:3
[0]:3581544960 [1]:1 [2]:2 [3]:3
[0]:3373862925 [1]:1 [2]:2 [3]:3
[0]:4174342625 [1]:1 [2]:2 [3]:3
[0]:3958082852 [1]:1 [2]:2 [3]:3
[0]:3761884263 [1]:1 [2]:2 [3]:3
[0]:3580106536 [1]:1 [2]:2 [3]:3
[0]:3389712186 [1]:1 [2]:2 [3]:3
[0]:4201824870 [1]:1 [2]:2 [3]:3
[0]:4014271738 [1]:1 [2]:2 [3]:3
[0]:3829725306 [1]:1 [2]:2 [3]:3
[0]:3638073428 [1]:1 [2]:2 [3]:3
[0]:3446075562 [1]:1 [2]:2 [3]:4
[0]:4253642571 [1]:1 [2]:2 [3]:2
[0]:4058272740 [1]:1 [2]:2 [3]:3
[0]:3861903592 [1]:1 [2]:2 [3]:3
[0]:3670293703 [1]:1 [2]:2 [3]:2
[0]:3475366988 [1]:1 [2]:2 [3]:3
[0]:4290075848 [1]:1 [2]:2 [3]:3
[0]:4058913711 [1]:1 [2]:2 [3]:3
[0]:3829989841 [1]:1 [2]:2 [3]:3
[0]:3618077855 [1]:1 [2]:2 [3]:4
[0]:3413768343 [1]:1 [2]:2 [3]:3
[0]:4222044578 [1]:1 [2]:2 [3]:2
[0]:4033757731 [1]:1 [2]:2 [3]:2
[0]:3845805042 [1]:1 [2]:2 [3]:3
[0]:3647088627 [1]:1 [2]:2 [3]:3
[0]:3463179423 [1]:1 [2]:2 [3]:3
[0]:4270188920 [1]:1 [2]:2 [3]:3
[0]:4081959301 [1]:1 [2]:2 [3]:2
[0]:3890494987 [1]:1 [2]:2 [3]:3
[0]:3698040382 [1]:1 [2]:2 [3]:3
[0]:3507157095 [1]:1 [2]:2 [3]:3
[0]:3317908648 [1]:1 [2]:2 [3]:3
[0]:4129975678 [1]:1 [2]:2 [3]:3
[0]:3942078905 [1]:1 [2]:2 [3]:3
[0]:3753614267 [1]:1 [2]:2 [3]:3
[0]:3466080868 [1]:1 [2]:2 [3]:3
[0]:4241780503 [1]:1 [2]:2 [3]:3
[0]:3998107917 [1]:1 [2]:2 [3]:3
[0]:3765735647 [1]:1 [2]:2 [3]:3
[0]:3553675461 [1]:1 [2]:2 [3]:3
[0]:3346088277 [1]:1 [2]:2 [3]:3
[0]:4133806255 [1]:1 [2]:2 [3]:2
[0]:3925802640 [1]:1 [2]:2 [3]:3
[0]:3709752238 [1]:1 [2]:2 [3]:3
[0]:3494099310 [1]:1 [2]:2 [3]:3
[0]:4273881477 [1]:1 [2]:2 [3]:3
[0]:4058032823 [1]:1 [2]:2 [3]:3
[0]:3849846252 [1]:1 [2]:2 [3]:3
[0]:3637727403 [1]:1 [2]:2 [3]:3
[0]:3425995510 [1]:1 [2]:2 [3]:3
[0]:4209751885 [1]:1 [2]:2 [3]:4
[0]:4012067766 [1]:1 [2]:2 [3]:2
[0]:3813888210 [1]:1 [2]:2 [3]:3
[0]:3618126005 [1]:1 [2]:2 [3]:3
[0]:3426085305 [1]:1 [2]:2 [3]:3
[0]:4229858738 [1]:1 [2]:2 [3]:3
[0]:4042039218 [1]:1 [2]:2 [3]:2
[0]:3850979632 [1]:1 [2]:2 [3]:3
[0]:3661803873 [1]:1 [2]:2 [3]:3
[0]:3473385920 [1]:1 [2]:2 [3]:3
[0]:4289818830 [1]:1 [2]:2 [3]:3
[0]:4099542955 [1]:1 [2]:2 [3]:2
[0]:3906112917 [1]:1 [2]:2 [3]:3
[0]:3717864580 [1]:1 [2]:2 [3]:3
[0]:3534046112 [1]:1 [2]:2 [3]:3
[0]:3345805412 [1]:1 [2]:2 [3]:2
[0]:4153842885 [1]:1 [2]:2 [3]:3
[0]:3953132007 [1]:1 [2]:2 [3]:3
[0]:3714623286 [1]:1 [2]:2 [3]:2
[0]:3490201447 [1]:1 [2]:2 [3]:2
[0]:3298987673 [1]:1 [2]:2 [3]:2
[0]:4111930172 [1]:1 [2]:2 [3]:3
[0]:3914099241 [1]:1 [2]:2 [3]:3
[0]:3729886785 [1]:1 [2]:2 [3]:2
[0]:3509558013 [1]:1 [2]:2 [3]:2
[0]:3318373011 [1]:1 [2]:2 [3]:2
[0]:4126093065 [1]:1 [2]:2 [3]:3
[0]:3930093932 [1]:1 [2]:2 [3]:3
[0]:3739309900 [1]:1 [2]:2 [3]:3
[0]:3553890487 [1]:1 [2]:2 [3]:3
[0]:3358093640 [1]:1 [2]:2 [3]:3
[0]:4156475233 [1]:1 [2]:2 [3]:3
[0]:3938095155 [1]:1 [2]:2 [3]:3
[0]:3734094542 [1]:1 [2]:2 [3]:3
[0]:3543291081 [1]:1 [2]:2 [3]:3
[0]:3340531988 [1]:1 [2]:2 [3]:3
[0]:4100526270 [1]:1 [2]:2 [3]:3
[0]:3842096002 [1]:1 [2]:2 [3]:3
[0]:3577438537 [1]:1 [2]:2 [3]:2
[0]:3350724078 [1]:1 [2]:2 [3]:2
[0]:4130016272 [1]:1 [2]:2 [3]:3
[0]:3902099777 [1]:1 [2]:2 [3]:4
[0]:3694123750 [1]:1 [2]:2 [3]:3
[0]:3481975505 [1]:1 [2]:2 [3]:3
[0]:4261996631 [1]:1 [2]:2 [3]:3
[0]:4002110648 [1]:1 [2]:2 [3]:3
[0]:3789881486 [1]:1 [2]:2 [3]:3
[0]:3578042595 [1]:1 [2]:2 [3]:3
[0]:3369830046 [1]:1 [2]:2 [3]:2
[0]:4155667177 [1]:1 [2]:2 [3]:3
[0]:3938236505 [1]:1 [2]:2 [3]:3
[0]:3680289880 [1]:1 [2]:2 [3]:3
[0]:3494068370 [1]:1 [2]:2 [3]:3
[0]:3301979677 [1]:1 [2]:2 [3]:3
[0]:4109915246 [1]:1 [2]:2 [3]:2
[0]:3925963503 [1]:1 [2]:2 [3]:2
[0]:3730770481 [1]:1 [2]:2 [3]:3
[0]:3542103803 [1]:1 [2]:2 [3]:3
[0]:3308794203 [1]:1 [2]:2 [3]:3
[0]:4118232413 [1]:1 [2]:2 [3]:2
[0]:3914082327 [1]:1 [2]:2 [3]:3
[0]:3721939263 [1]:1 [2]:2 [3]:3
[0]:3537828347 [1]:1 [2]:2 [3]:2
[0]:3349941708 [1]:1 [2]:2 [3]:3
[0]:4156209492 [1]:1 [2]:2 [3]:2
[0]:3954112290 [1]:1 [2]:2 [3]:3
[0]:3733979881 [1]:1 [2]:2 [3]:2
[0]:3490107066 [1]:1 [2]:2 [3]:4
[0]:4270249042 [1]:1 [2]:2 [3]:3
[0]:4050658527 [1]:1 [2]:2 [3]:3
[0]:3857777465 [1]:1 [2]:2 [3]:3
[0]:3651345950 [1]:1 [2]:2 [3]:2
[0]:3461821643 [1]:1 [2]:2 [3]:3
[0]:4274290056 [1]:1 [2]:2 [3]:3
[0]:4082109835 [1]:1 [2]:2 [3]:3
[0]:3883630892 [1]:1 [2]:2 [3]:3
[0]:3653822053 [1]:1 [2]:2 [3]:2
[0]:3470747008 [1]:1 [2]:2 [3]:2
[0]:4258151223 [1]:1 [2]:2 [3]:3
[0]:4067503313 [1]:1 [2]:2 [3]:3
[0]:3873905432 [1]:1 [2]:2 [3]:3
[0]:3685955198 [1]:1 [2]:2 [3]:3
[0]:3493922700 [1]:1 [2]:2 [3]:3
[0]:3298497887 [1]:1 [2]:2 [3]:3
[0]:4078252627 [1]:1 [2]:2 [3]:3
[0]:3849404076 [1]:1 [2]:2 [3]:3
[0]:3609457587 [1]:1 [2]:2 [3]:2
[0]:3390114000 [1]:1 [2]:2 [3]:4
[0]:4176537917 [1]:1 [2]:2 [3]:3
[0]:3961361963 [1]:1 [2]:2 [3]:3
[0]:3756421000 [1]:1 [2]:2 [3]:3
[0]:3541864308 [1]:1 [2]:2 [3]:3
[0]:3335257317 [1]:1 [2]:2 [3]:3
[0]:4126123817 [1]:1 [2]:2 [3]:3
[0]:3912145152 [1]:1 [2]:2 [3]:3
[0]:3698891146 [1]:1 [2]:2 [3]:5
[0]:3494128586 [1]:1 [2]:2 [3]:3
[0]:4282725755 [1]:1 [2]:2 [3]:2
[0]:4037843913 [1]:1 [2]:2 [3]:3
[0]:3825928927 [1]:1 [2]:2 [3]:3
[0]:3612036328 [1]:1 [2]:2 [3]:3
[0]:3399221580 [1]:1 [2]:2 [3]:3
[0]:4202099335 [1]:1 [2]:2 [3]:3
[0]:4005006651 [1]:1 [2]:2 [3]:3
[0]:3794598860 [1]:1 [2]:2 [3]:3
[0]:3610122122 [1]:1 [2]:2 [3]:4
[0]:3418996713 [1]:1 [2]:2 [3]:3
[0]:4229984900 [1]:1 [2]:2 [3]:3
[0]:4007141075 [1]:1 [2]:2 [3]:2
[0]:3822217542 [1]:1 [2]:2 [3]:3
[0]:3622090681 [1]:1 [2]:2 [3]:3
[0]:3429009297 [1]:1 [2]:2 [3]:3
[0]:4237842743 [1]:1 [2]:2 [3]:3
[0]:4054843830 [1]:1 [2]:2 [3]:2
