[0]:3371979908 [1]:1 [2]:2 [3]:3
[0]:4160592623 [1]:1 [2]:2 [3]:16
[0]:3963431323 [1]:1 [2]:2 [3]:6
[0]:3780438053 [1]:1 [2]:2 [3]:8
[0]:3588401625 [1]:1 [2]:2 [3]:2
[0]:3396312908 [1]:1 [2]:2 [3]:16
[0]:4207605666 [1]:1 [2]:2 [3]:6
[0]:4016440218 [1]:1 [2]:2 [3]:8
[0]:3794580615 [1]:1 [2]:2 [3]:7
[0]:3577764545 [1]:1 [2]:2 [3]:18
[0]:3358118128 [1]:1 [2]:2 [3]:9
[0]:4104369273 [1]:1 [2]:2 [3]:3
[0]:3907793256 [1]:1 [2]:2 [3]:3
[0]:3716570700 [1]:1 [2]:2 [3]:19
[0]:3516462460 [1]:1 [2]:2 [3]:8
[0]:3323349562 [1]:1 [2]:2 [3]:17
[0]:4133007406 [1]:1 [2]:2 [3]:5
[0]:3944494478 [1]:1 [2]:2 [3]:4
[0]:3752450536 [1]:1 [2]:2 [3]:7
[0]:3560430492 [1]:1 [2]:2 [3]:7
[0]:3368502083 [1]:1 [2]:2 [3]:3
[0]:4168872500 [1]:1 [2]:2 [3]:19
[0]:3979161596 [1]:1 [2]:2 [3]:6
[0]:3780406816 [1]:1 [2]:2 [3]:18
[0]:3601969691 [1]:1 [2]:2 [3]:4
[0]:3401685031 [1]:1 [2]:2 [3]:12
[0]:4157870616 [1]:1 [2]:2 [3]:8
[0]:3864540285 [1]:1 [2]:2 [3]:7
[0]:3636338335 [1]:1 [2]:2 [3]:7
[0]:3425935653 [1]:1 [2]:2 [3]:7
[0]:4204413191 [1]:1 [2]:2 [3]:7
[0]:3992516378 [1]:1 [2]:2 [3]:8
[0]:3780561238 [1]:1 [2]:2 [3]:7
[0]:3532410927 [1]:1 [2]:2 [3]:7
[0]:3324660310 [1]:1 [2]:2 [3]:17
[0]:4108405258 [1]:1 [2]:2 [3]:5
[0]:3900565263 [1]:1 [2]:2 [3]:8
[0]:3691324987 [1]:1 [2]:2 [3]:19
[0]:3480438860 [1]:1 [2]:2 [3]:7
[0]:4232394311 [1]:1 [2]:2 [3]:18
[0]:4020501376 [1]:1 [2]:2 [3]:7
[0]:3804390971 [1]:1 [2]:2 [3]:5
[0]:3611304135 [1]:1 [2]:2 [3]:5
[0]:3417163386 [1]:1 [2]:2 [3]:10
[0]:4228452046 [1]:1 [2]:2 [3]:18
[0]:4040488321 [1]:1 [2]:2 [3]:17
[0]:3845633166 [1]:1 [2]:2 [3]:7
[0]:3662335273 [1]:1 [2]:2 [3]:18
[0]:3456471531 [1]:1 [2]:2 [3]:7
[0]:4262456367 [1]:1 [2]:2 [3]:7
[0]:4076551652 [1]:1 [2]:2 [3]:15
[0]:3884410818 [1]:1 [2]:2 [3]:3
[0]:3696683173 [1]:1 [2]:2 [3]:17
[0]:3508846066 [1]:1 [2]:2 [3]:8
[0]:3322007830 [1]:1 [2]:2 [3]:9
[0]:4116900491 [1]:1 [2]:2 [3]:7
[0]:3924494053 [1]:1 [2]:2 [3]:17
[0]:3729242852 [1]:1 [2]:2 [3]:5
[0]:3498769352 [1]:1 [2]:2 [3]:7
[0]:4260792971 [1]:1 [2]:2 [3]:5
[0]:4049245273 [1]:1 [2]:2 [3]:4
[0]:3847612677 [1]:1 [2]:2 [3]:21
[0]:3648158506 [1]:1 [2]:2 [3]:2
[0]:3464461198 [1]:1 [2]:2 [3]:6
[0]:4272478395 [1]:1 [2]:2 [3]:6
[0]:4084571038 [1]:1 [2]:2 [3]:18
[0]:3888658775 [1]:1 [2]:2 [3]:19
[0]:3695996388 [1]:1 [2]:2 [3]:18
[0]:3464277081 [1]:1 [2]:2 [3]:2
[0]:4276448210 [1]:1 [2]:2 [3]:17
[0]:4084776338 [1]:1 [2]:2 [3]:19
[0]:3900511580 [1]:1 [2]:2 [3]:18
[0]:3711349390 [1]:1 [2]:2 [3]:3
[0]:3520983212 [1]:1 [2]:2 [3]:17
[0]:3329629717 [1]:1 [2]:2 [3]:19
[0]:4095099652 [1]:1 [2]:2 [3]:8
[0]:3837259438 [1]:1 [2]:2 [3]:18
[0]:3608821963 [1]:1 [2]:2 [3]:9
