[0]:0 [1]:0 [2]:0 [3]:0
[0]:50187 [1]:0 [2]:0 [3]:319
[0]:271904 [1]:0 [2]:0 [3]:63
[0]:569458 [1]:0 [2]:0 [3]:296
[0]:790491 [1]:0 [2]:0 [3]:318
[0]:1014449 [1]:0 [2]:0 [3]:54
[0]:1209520 [1]:18167 [2]:120 [3]:69
[0]:1411958 [1]:40971 [2]:120 [3]:59
[0]:1621484 [1]:64776 [2]:120 [3]:73
[0]:1820201 [1]:87209 [2]:120 [3]:75
[0]:2091216 [1]:117876 [2]:120 [3]:58
[0]:2291449 [1]:140586 [2]:120 [3]:355
[0]:2491817 [1]:163146 [2]:120 [3]:372
[0]:2751839 [1]:192523 [2]:80 [3]:359
[0]:2954172 [1]:215385 [2]:80 [3]:368
[0]:3152580 [1]:237780 [2]:80 [3]:83
[0]:3355154 [1]:260502 [2]:80 [3]:67
[0]:3570842 [1]:284788 [2]:80 [3]:69
[0]:3766951 [1]:306924 [2]:80 [3]:71
[0]:3963123 [1]:328949 [2]:80 [3]:362
[0]:4171633 [1]:352388 [2]:76 [3]:73
[0]:4369933 [1]:374828 [2]:76 [3]:51
[0]:4568564 [1]:397160 [2]:76 [3]:56
[0]:4789591 [1]:422041 [2]:76 [3]:359
[0]:5021358 [1]:448211 [2]:76 [3]:366
[0]:5246101 [1]:473658 [2]:76 [3]:70
[0]:5440766 [1]:495664 [2]:76 [3]:68
[0]:5643237 [1]:518633 [2]:75 [3]:58
[0]:5837946 [1]:540464 [2]:75 [3]:58
[0]:6032485 [1]:562397 [2]:75 [3]:352
[0]:6239954 [1]:585934 [2]:75 [3]:59
[0]:6439258 [1]:608606 [2]:75 [3]:67
[0]:6645384 [1]:631840 [2]:75 [3]:352
[0]:6848571 [1]:654803 [2]:75 [3]:358
[0]:7043369 [1]:676816 [2]:75 [3]:67
[0]:7249171 [1]:700010 [2]:75 [3]:66
[0]:7451829 [1]:722797 [2]:75 [3]:347
[0]:7712440 [1]:752053 [2]:75 [3]:60
[0]:7914596 [1]:774913 [2]:75 [3]:364
[0]:8163232 [1]:802988 [2]:75 [3]:66
[0]:8365477 [1]:825699 [2]:75 [3]:362
[0]:8567386 [1]:848481 [2]:75 [3]:64
[0]:8770157 [1]:871230 [2]:75 [3]:364
[0]:8979672 [1]:894875 [2]:75 [3]:70
[0]:9169263 [1]:916226 [2]:75 [3]:366
[0]:9359922 [1]:937826 [2]:75 [3]:62
[0]:9586083 [1]:963511 [2]:75 [3]:70
[0]:9782711 [1]:985726 [2]:75 [3]:70
[0]:9979176 [1]:1007866 [2]:75 [3]:70
[0]:10188948 [1]:1031514 [2]:75 [3]:69
[0]:10383712 [1]:1053536 [2]:75 [3]:65
[0]:10574497 [1]:1075087 [2]:75 [3]:365
[0]:10773104 [1]:1097469 [2]:75 [3]:67
[0]:10970168 [1]:1119685 [2]:75 [3]:88
[0]:11179919 [1]:1143304 [2]:75 [3]:59
[0]:11379501 [1]:1165866 [2]:75 [3]:366
[0]:11577140 [1]:1188177 [2]:75 [3]:368
[0]:11776781 [1]:1210486 [2]:76 [3]:89
[0]:11971668 [1]:1232491 [2]:76 [3]:368
[0]:12165954 [1]:1254559 [2]:76 [3]:64
[0]:12369719 [1]:1277525 [2]:76 [3]:359
[0]:12566816 [1]:1299657 [2]:76 [3]:72
[0]:12757936 [1]:1321161 [2]:76 [3]:371
[0]:12949092 [1]:1342795 [2]:76 [3]:374
[0]:13139667 [1]:1364428 [2]:76 [3]:64
[0]:13334498 [1]:1386401 [2]:76 [3]:59
[0]:13540286 [1]:1409752 [2]:76 [3]:74
[0]:13738720 [1]:1432170 [2]:76 [3]:63
[0]:13933329 [1]:1454211 [2]:76 [3]:56
[0]:14131540 [1]:1476576 [2]:76 [3]:373
[0]:14331372 [1]:1499118 [2]:76 [3]:371
[0]:14523939 [1]:1520799 [2]:76 [3]:358
[0]:14719842 [1]:1542926 [2]:76 [3]:354
[0]:14916748 [1]:1565180 [2]:75 [3]:361
[0]:15112672 [1]:1587239 [2]:75 [3]:58
[0]:15309451 [1]:1609290 [2]:75 [3]:363
[0]:15512954 [1]:1632192 [2]:75 [3]:372
[0]:15717658 [1]:1655304 [2]:75 [3]:55
[0]:15943761 [1]:1680894 [2]:75 [3]:373
[0]:16139244 [1]:1702966 [2]:75 [3]:71
[0]:16390632 [1]:1731388 [2]:75 [3]:54
[0]:16613324 [1]:1756670 [2]:75 [3]:379
[0]:16813209 [1]:1779239 [2]:75 [3]:58
[0]:17013652 [1]:1801780 [2]:75 [3]:353
[0]:17211888 [1]:1824166 [2]:75 [3]:65
[0]:17412119 [1]:1846729 [2]:75 [3]:358
[0]:17614294 [1]:1869506 [2]:75 [3]:50
[0]:17808809 [1]:1891427 [2]:75 [3]:362
[0]:18004296 [1]:1913351 [2]:75 [3]:53
[0]:18198616 [1]:1935264 [2]:75 [3]:360
[0]:18400924 [1]:1958129 [2]:75 [3]:364
[0]:18593740 [1]:1979781 [2]:75 [3]:368
[0]:18785122 [1]:2001420 [2]:75 [3]:365
[0]:18982524 [1]:2023656 [2]:75 [3]:363
[0]:19173560 [1]:2045151 [2]:75 [3]:367
[0]:19381257 [1]:2068558 [2]:75 [3]:55
[0]:19580893 [1]:2091063 [2]:75 [3]:66
[0]:19779106 [1]:2113483 [2]:75 [3]:366
[0]:19973567 [1]:2135318 [2]:75 [3]:59
[0]:20187286 [1]:2159466 [2]:75 [3]:367
[0]:20406722 [1]:2184077 [2]:75 [3]:63
[0]:20603090 [1]:2206347 [2]:75 [3]:64
[0]:20804195 [1]:2229143 [2]:75 [3]:71
[0]:21003410 [1]:2251588 [2]:75 [3]:364
[0]:21205264 [1]:2274137 [2]:75 [3]:367
[0]:21415713 [1]:2297884 [2]:75 [3]:364
[0]:21617908 [1]:2320793 [2]:75 [3]:66
[0]:21816242 [1]:2343261 [2]:75 [3]:76
[0]:22008527 [1]:2364848 [2]:75 [3]:65
[0]:22204383 [1]:2386850 [2]:75 [3]:364
[0]:22397822 [1]:2408777 [2]:75 [3]:366
[0]:22591618 [1]:2430527 [2]:75 [3]:66
[0]:22800351 [1]:2454063 [2]:75 [3]:360
[0]:22991789 [1]:2475624 [2]:75 [3]:361
[0]:23198218 [1]:2498915 [2]:75 [3]:66
[0]:23389237 [1]:2520442 [2]:75 [3]:74
[0]:23637269 [1]:2548265 [2]:75 [3]:362
[0]:23827370 [1]:2569733 [2]:75 [3]:70
[0]:24018759 [1]:2591484 [2]:75 [3]:73
[0]:24223278 [1]:2614513 [2]:75 [3]:57
[0]:24420229 [1]:2636663 [2]:75 [3]:52
[0]:24620919 [1]:2659405 [2]:75 [3]:367
[0]:24823435 [1]:2682395 [2]:75 [3]:365
[0]:25010063 [1]:2703656 [2]:75 [3]:61
[0]:25221262 [1]:2727461 [2]:75 [3]:59
[0]:25418453 [1]:2749679 [2]:75 [3]:70
[0]:25613293 [1]:2771681 [2]:75 [3]:66
[0]:25804256 [1]:2793121 [2]:75 [3]:368
[0]:25997052 [1]:2814834 [2]:75 [3]:53
[0]:26183628 [1]:2835917 [2]:75 [3]:364
[0]:26382942 [1]:2858461 [2]:75 [3]:361
[0]:26579953 [1]:2880683 [2]:75 [3]:355
[0]:26766210 [1]:2901763 [2]:75 [3]:64
[0]:26961392 [1]:2923697 [2]:75 [3]:363
[0]:27189581 [1]:2949355 [2]:75 [3]:357
[0]:27379252 [1]:2970673 [2]:75 [3]:369
[0]:27582181 [1]:2993609 [2]:75 [3]:58
[0]:27791609 [1]:3023595 [2]:75 [3]:357
[0]:28002023 [1]:3054804 [2]:75 [3]:363
[0]:28206819 [1]:3085168 [2]:75 [3]:362
[0]:28421626 [1]:3116989 [2]:75 [3]:356
[0]:28628786 [1]:3147593 [2]:75 [3]:359
[0]:28875318 [1]:3184126 [2]:75 [3]:349
[0]:29080393 [1]:3214510 [2]:75 [3]:77
[0]:29281313 [1]:3244350 [2]:75 [3]:364
[0]:29556702 [1]:3285454 [2]:75 [3]:359
[0]:29777384 [1]:3318217 [2]:115 [3]:360
[0]:30019790 [1]:3354104 [2]:115 [3]:367
[0]:30242856 [1]:3387242 [2]:115 [3]:367
[0]:30447561 [1]:3417690 [2]:115 [3]:363
[0]:30699906 [1]:3455148 [2]:115 [3]:361
[0]:30904620 [1]:3485441 [2]:115 [3]:362
[0]:31117395 [1]:3517042 [2]:115 [3]:351
[0]:31346204 [1]:3550952 [2]:115 [3]:361
[0]:31574743 [1]:3584785 [2]:115 [3]:372
[0]:31781218 [1]:3615443 [2]:115 [3]:361
[0]:31980911 [1]:3645070 [2]:115 [3]:364
[0]:32182067 [1]:3674960 [2]:115 [3]:365
[0]:32398404 [1]:3707136 [2]:115 [3]:78
[0]:32607055 [1]:3738015 [2]:115 [3]:362
[0]:32805671 [1]:3767403 [2]:115 [3]:365
[0]:33009400 [1]:3797537 [2]:115 [3]:366
[0]:33222142 [1]:3829323 [2]:115 [3]:365
[0]:33423036 [1]:3859219 [2]:147 [3]:373
[0]:33631923 [1]:3890189 [2]:147 [3]:84
[0]:33838921 [1]:3920875 [2]:147 [3]:357
[0]:34049630 [1]:3952137 [2]:147 [3]:369
[0]:34252506 [1]:3982254 [2]:147 [3]:359
[0]:34491100 [1]:4017624 [2]:147 [3]:359
[0]:34685755 [1]:4046571 [2]:147 [3]:373
[0]:34885306 [1]:4076292 [2]:147 [3]:364
[0]:35096241 [1]:4107794 [2]:147 [3]:363
[0]:35298211 [1]:4137709 [2]:147 [3]:371
[0]:35507644 [1]:4168780 [2]:147 [3]:363
[0]:35720397 [1]:4200367 [2]:147 [3]:356
[0]:35917438 [1]:4229633 [2]:147 [3]:368
[0]:36122400 [1]:4259968 [2]:147 [3]:361
[0]:36347247 [1]:4293262 [2]:147 [3]:373
[0]:36544048 [1]:4322550 [2]:147 [3]:356
[0]:36748865 [1]:4352925 [2]:147 [3]:367
[0]:36984786 [1]:4387858 [2]:150 [3]:367
[0]:37212740 [1]:4421632 [2]:150 [3]:360
[0]:37414793 [1]:4451646 [2]:150 [3]:365
[0]:37631790 [1]:4483890 [2]:150 [3]:363
[0]:37840830 [1]:4514809 [2]:150 [3]:366
[0]:38085136 [1]:4551006 [2]:150 [3]:367
[0]:38290025 [1]:4581384 [2]:150 [3]:359
[0]:38516315 [1]:4615011 [2]:150 [3]:361
[0]:38718535 [1]:4644951 [2]:150 [3]:361
[0]:38948543 [1]:4678975 [2]:150 [3]:72
[0]:39153103 [1]:4709293 [2]:150 [3]:371
[0]:39362068 [1]:4740214 [2]:150 [3]:366
[0]:39574842 [1]:4771785 [2]:150 [3]:367
[0]:39794478 [1]:4804335 [2]:150 [3]:362
[0]:39992902 [1]:4833744 [2]:150 [3]:366
[0]:40197506 [1]:4864065 [2]:150 [3]:370
[0]:40422141 [1]:4897389 [2]:150 [3]:76
[0]:40627092 [1]:4927798 [2]:151 [3]:365
[0]:40836058 [1]:4958854 [2]:151 [3]:361
[0]:41048772 [1]:4990359 [2]:151 [3]:375
[0]:41261282 [1]:5022011 [2]:151 [3]:78
[0]:41474314 [1]:5053575 [2]:151 [3]:364
[0]:41679065 [1]:5083881 [2]:151 [3]:355
[0]:41891637 [1]:5115450 [2]:151 [3]:85
[0]:42108808 [1]:5147725 [2]:151 [3]:371
[0]:42325260 [1]:5179766 [2]:151 [3]:364
[0]:42530659 [1]:5210218 [2]:151 [3]:79
[0]:42735587 [1]:5240531 [2]:151 [3]:363
[0]:42944088 [1]:5271445 [2]:151 [3]:363
[0]:43225201 [1]:5313130 [2]:151 [3]:358
[0]:43429070 [1]:5343504 [2]:151 [3]:363
[0]:43708175 [1]:5384817 [2]:151 [3]:87
[0]:43919388 [1]:5416186 [2]:151 [3]:362
[0]:44124784 [1]:5446600 [2]:151 [3]:369
[0]:44328665 [1]:5476849 [2]:151 [3]:362
[0]:44538755 [1]:5508022 [2]:151 [3]:375
[0]:44753352 [1]:5539782 [2]:151 [3]:73
[0]:44954429 [1]:5569523 [2]:151 [3]:362
[0]:45163084 [1]:5600453 [2]:151 [3]:367
[0]:45372175 [1]:5631486 [2]:151 [3]:364
[0]:45585459 [1]:5663149 [2]:151 [3]:362
[0]:45825327 [1]:5698756 [2]:151 [3]:374
[0]:46029827 [1]:5729080 [2]:151 [3]:366
[0]:46242897 [1]:5760716 [2]:151 [3]:366
[0]:46443995 [1]:5790514 [2]:151 [3]:366
[0]:46671857 [1]:5824380 [2]:151 [3]:366
[0]:46881569 [1]:5855454 [2]:151 [3]:73
[0]:47090267 [1]:5886380 [2]:151 [3]:362
[0]:47293986 [1]:5916623 [2]:151 [3]:363
[0]:47527441 [1]:5951280 [2]:151 [3]:363
[0]:47744510 [1]:5983491 [2]:151 [3]:359
[0]:47961345 [1]:6015707 [2]:151 [3]:84
[0]:48178017 [1]:6047818 [2]:151 [3]:368
[0]:48382145 [1]:6078268 [2]:151 [3]:369
[0]:48592878 [1]:6109436 [2]:151 [3]:367
[0]:48795455 [1]:6139524 [2]:151 [3]:85
[0]:49005591 [1]:6170813 [2]:151 [3]:371
[0]:49222256 [1]:6203035 [2]:151 [3]:368
[0]:49434415 [1]:6234625 [2]:151 [3]:74
[0]:49643576 [1]:6265587 [2]:151 [3]:359
[0]:49856651 [1]:6297154 [2]:151 [3]:69
[0]:50079906 [1]:6330323 [2]:151 [3]:363
[0]:50294078 [1]:6362073 [2]:151 [3]:358
[0]:50495113 [1]:6391824 [2]:151 [3]:367
[0]:50703354 [1]:6422802 [2]:151 [3]:361
[0]:50920631 [1]:6455032 [2]:151 [3]:82
[0]:51153320 [1]:6489577 [2]:151 [3]:358
[0]:51357786 [1]:6519898 [2]:151 [3]:368
[0]:51578885 [1]:6552562 [2]:151 [3]:76
[0]:51799702 [1]:6585280 [2]:151 [3]:360
[0]:52020326 [1]:6617959 [2]:151 [3]:361
[0]:52237391 [1]:6650246 [2]:151 [3]:85
[0]:52441954 [1]:6680510 [2]:151 [3]:366
[0]:52643242 [1]:6710352 [2]:151 [3]:363
[0]:52843999 [1]:6740100 [2]:151 [3]:78
[0]:53048903 [1]:6770465 [2]:151 [3]:358
[0]:53253825 [1]:6800965 [2]:151 [3]:364
[0]:53462522 [1]:6831956 [2]:151 [3]:364
[0]:53671547 [1]:6862963 [2]:151 [3]:368
[0]:53881723 [1]:6894037 [2]:151 [3]:360
[0]:54081512 [1]:6923746 [2]:151 [3]:76
[0]:54286026 [1]:6954034 [2]:151 [3]:362
[0]:54530776 [1]:6990373 [2]:151 [3]:359
[0]:54757087 [1]:7023986 [2]:151 [3]:364
[0]:54975253 [1]:7056494 [2]:151 [3]:368
[0]:55183085 [1]:7087371 [2]:151 [3]:358
[0]:55397489 [1]:7119323 [2]:151 [3]:371
[0]:55613271 [1]:7151425 [2]:151 [3]:367
[0]:55815220 [1]:7181426 [2]:151 [3]:359
[0]:56021154 [1]:7212028 [2]:151 [3]:364
[0]:56225000 [1]:7242208 [2]:151 [3]:365
[0]:56440161 [1]:7274145 [2]:151 [3]:373
[0]:56658554 [1]:7306593 [2]:151 [3]:364
[0]:56867525 [1]:7337551 [2]:151 [3]:362
[0]:57076323 [1]:7368625 [2]:151 [3]:83
[0]:57285549 [1]:7411879 [2]:151 [3]:359
[0]:57493615 [1]:7459858 [2]:151 [3]:366
[0]:57694966 [1]:7506352 [2]:151 [3]:351
[0]:57905788 [1]:7555000 [2]:151 [3]:363
[0]:58102251 [1]:7600379 [2]:151 [3]:359
[0]:58311254 [1]:7648628 [2]:157 [3]:362
[0]:58504682 [1]:7693309 [2]:157 [3]:357
[0]:58727958 [1]:7744931 [2]:157 [3]:361
[0]:58934369 [1]:7792634 [2]:157 [3]:363
[0]:59128169 [1]:7837440 [2]:157 [3]:364
[0]:59328414 [1]:7883679 [2]:157 [3]:367
[0]:59518443 [1]:7927561 [2]:157 [3]:58
[0]:59703479 [1]:7970292 [2]:157 [3]:363
[0]:59897685 [1]:8015138 [2]:157 [3]:362
[0]:60091794 [1]:8060002 [2]:157 [3]:365
[0]:60350927 [1]:8119851 [2]:157 [3]:366
[0]:60543283 [1]:8164313 [2]:157 [3]:358
[0]:60741147 [1]:8210016 [2]:157 [3]:367
[0]:60938886 [1]:8255752 [2]:157 [3]:364
[0]:61131666 [1]:8300258 [2]:166 [3]:362
[0]:61344770 [1]:8349474 [2]:166 [3]:65
[0]:61543715 [1]:8395431 [2]:166 [3]:362
[0]:61741428 [1]:8441117 [2]:166 [3]:358
[0]:61937134 [1]:8486341 [2]:166 [3]:54
[0]:62136846 [1]:8532395 [2]:166 [3]:357
[0]:62334502 [1]:8578126 [2]:166 [3]:360
[0]:62532585 [1]:8623963 [2]:166 [3]:357
[0]:62726878 [1]:8668914 [2]:166 [3]:361
[0]:62922540 [1]:8714244 [2]:166 [3]:363
[0]:63155885 [1]:8768094 [2]:166 [3]:64
[0]:63343591 [1]:8811491 [2]:166 [3]:364
[0]:63569293 [1]:8863695 [2]:166 [3]:359
[0]:63868388 [1]:8932811 [2]:167 [3]:363
[0]:64062617 [1]:8977624 [2]:167 [3]:56
[0]:64298279 [1]:9032102 [2]:167 [3]:366
[0]:64525768 [1]:9084664 [2]:167 [3]:361
[0]:64764521 [1]:9139844 [2]:167 [3]:360
[0]:64995975 [1]:9193255 [2]:167 [3]:365
[0]:65199314 [1]:9240243 [2]:167 [3]:360
[0]:65398781 [1]:9286280 [2]:167 [3]:54
[0]:65596199 [1]:9331877 [2]:167 [3]:363
[0]:65802220 [1]:9379467 [2]:167 [3]:55
[0]:66007461 [1]:9426842 [2]:167 [3]:61
[0]:66223605 [1]:9476752 [2]:167 [3]:367
[0]:66418084 [1]:9521643 [2]:167 [3]:357
[0]:66611928 [1]:9566417 [2]:167 [3]:363
[0]:66806209 [1]:9611219 [2]:167 [3]:363
[0]:67007919 [1]:9657807 [2]:167 [3]:65
[0]:67191424 [1]:9700228 [2]:167 [3]:355
[0]:67384742 [1]:9744920 [2]:167 [3]:365
[0]:67619664 [1]:9799236 [2]:167 [3]:362
[0]:67851005 [1]:9852603 [2]:167 [3]:354
[0]:68089113 [1]:9907614 [2]:167 [3]:360
[0]:68288066 [1]:9953590 [2]:167 [3]:364
[0]:68479675 [1]:9997886 [2]:167 [3]:358
[0]:68751073 [1]:10060593 [2]:167 [3]:356
[0]:68952272 [1]:10107090 [2]:167 [3]:359
[0]:69143353 [1]:10151184 [2]:167 [3]:361
[0]:69359550 [1]:10201189 [2]:167 [3]:58
[0]:69557072 [1]:10246778 [2]:167 [3]:56
[0]:69762408 [1]:10294217 [2]:167 [3]:356
[0]:69960732 [1]:10340091 [2]:167 [3]:360
[0]:70158191 [1]:10385669 [2]:167 [3]:360
[0]:70365816 [1]:10433660 [2]:167 [3]:365
[0]:70576047 [1]:10482174 [2]:167 [3]:357
[0]:70773514 [1]:10527831 [2]:167 [3]:359
[0]:70966515 [1]:10572411 [2]:167 [3]:359
[0]:71165693 [1]:10618477 [2]:167 [3]:358
[0]:71359323 [1]:10663173 [2]:167 [3]:68
[0]:71570040 [1]:10711808 [2]:167 [3]:366
[0]:71777238 [1]:10759663 [2]:167 [3]:362
[0]:71971661 [1]:10804654 [2]:167 [3]:366
[0]:72171212 [1]:10850846 [2]:167 [3]:363
[0]:72383460 [1]:10899813 [2]:167 [3]:368
[0]:72580348 [1]:10945313 [2]:167 [3]:352
[0]:72781449 [1]:10991789 [2]:167 [3]:355
[0]:72987060 [1]:11039340 [2]:167 [3]:359
[0]:73196075 [1]:11087644 [2]:167 [3]:361
[0]:73393930 [1]:11133310 [2]:167 [3]:361
[0]:73600171 [1]:11180980 [2]:167 [3]:360
[0]:73804405 [1]:11228271 [2]:167 [3]:358
[0]:74016905 [1]:11277392 [2]:167 [3]:359
[0]:74221561 [1]:11324625 [2]:167 [3]:361
[0]:74493701 [1]:11387545 [2]:167 [3]:60
[0]:74716672 [1]:11439076 [2]:167 [3]:359
[0]:74905934 [1]:11482769 [2]:167 [3]:354
[0]:75103207 [1]:11528366 [2]:167 [3]:354
[0]:75297409 [1]:11573197 [2]:167 [3]:359
[0]:75499013 [1]:11619801 [2]:167 [3]:361
[0]:75693104 [1]:11664613 [2]:167 [3]:358
[0]:75890832 [1]:11710313 [2]:167 [3]:356
[0]:76136032 [1]:11766863 [2]:167 [3]:59
[0]:76323056 [1]:11810161 [2]:167 [3]:359
[0]:76517457 [1]:11855095 [2]:167 [3]:364
[0]:76709042 [1]:11899438 [2]:167 [3]:354
[0]:76906162 [1]:11944985 [2]:167 [3]:356
[0]:77103814 [1]:11990614 [2]:167 [3]:362
[0]:77293938 [1]:12034526 [2]:167 [3]:361
[0]:77488452 [1]:12079457 [2]:167 [3]:59
[0]:77682141 [1]:12124217 [2]:167 [3]:362
[0]:77883895 [1]:12170846 [2]:167 [3]:365
[0]:78077920 [1]:12215548 [2]:167 [3]:368
[0]:78302094 [1]:12267344 [2]:167 [3]:366
[0]:78499858 [1]:12313019 [2]:167 [3]:362
[0]:78697570 [1]:12358743 [2]:167 [3]:367
[0]:78905426 [1]:12406692 [2]:167 [3]:355
[0]:79108286 [1]:12453570 [2]:167 [3]:360
[0]:79303859 [1]:12498792 [2]:167 [3]:361
[0]:79558260 [1]:12557631 [2]:167 [3]:361
[0]:79746414 [1]:12601085 [2]:167 [3]:357
[0]:79944273 [1]:12646738 [2]:167 [3]:361
[0]:80142793 [1]:12692569 [2]:167 [3]:363
[0]:80328483 [1]:12735468 [2]:167 [3]:368
[0]:80521001 [1]:12779920 [2]:167 [3]:358
[0]:80713003 [1]:12824239 [2]:167 [3]:357
[0]:80917926 [1]:12871503 [2]:167 [3]:360
[0]:81116368 [1]:12917364 [2]:167 [3]:361
[0]:81332300 [1]:12967369 [2]:167 [3]:360
[0]:81534325 [1]:13013996 [2]:167 [3]:363
[0]:81733253 [1]:13059876 [2]:167 [3]:361
[0]:81926279 [1]:13104500 [2]:167 [3]:361
[0]:82123017 [1]:13149954 [2]:167 [3]:365
[0]:82310806 [1]:13193347 [2]:167 [3]:363
[0]:82512153 [1]:13239874 [2]:167 [3]:359
[0]:82710095 [1]:13285549 [2]:167 [3]:361
[0]:82907748 [1]:13331209 [2]:167 [3]:364
[0]:83099219 [1]:13375454 [2]:167 [3]:358
[0]:83288691 [1]:13419263 [2]:167 [3]:62
[0]:83484963 [1]:13464581 [2]:167 [3]:370
[0]:83672625 [1]:13507926 [2]:167 [3]:363
[0]:83937572 [1]:13569122 [2]:167 [3]:58
[0]:84132017 [1]:13613993 [2]:167 [3]:358
[0]:84324272 [1]:13658365 [2]:167 [3]:354
[0]:84512894 [1]:13701860 [2]:167 [3]:363
[0]:84703466 [1]:13745872 [2]:167 [3]:358
[0]:84897351 [1]:13790672 [2]:167 [3]:364
[0]:85093482 [1]:13836041 [2]:167 [3]:353
[0]:85291619 [1]:13877854 [2]:167 [3]:358
[0]:85500725 [1]:13908789 [2]:167 [3]:363
[0]:85780368 [1]:13950297 [2]:167 [3]:75
[0]:85993276 [1]:13981927 [2]:167 [3]:92
[0]:86204274 [1]:14013258 [2]:167 [3]:361
[0]:86416509 [1]:14044728 [2]:167 [3]:364
[0]:86616107 [1]:14074392 [2]:167 [3]:369
[0]:86815908 [1]:14104061 [2]:167 [3]:361
[0]:87025797 [1]:14135180 [2]:167 [3]:357
[0]:87222448 [1]:14164408 [2]:167 [3]:364
[0]:87423934 [1]:14194218 [2]:167 [3]:368
[0]:87635166 [1]:14225611 [2]:167 [3]:362
[0]:87843881 [1]:14256625 [2]:167 [3]:362
[0]:88093670 [1]:14293782 [2]:167 [3]:363
[0]:88291472 [1]:14323414 [2]:167 [3]:89
[0]:88495588 [1]:14353637 [2]:167 [3]:364
[0]:88704373 [1]:14384602 [2]:167 [3]:362
[0]:88909355 [1]:14415000 [2]:167 [3]:360
[0]:89113064 [1]:14445288 [2]:167 [3]:356
[0]:89323001 [1]:14476515 [2]:167 [3]:81
[0]:89524100 [1]:14506237 [2]:167 [3]:361
[0]:89751044 [1]:14539944 [2]:167 [3]:360
[0]:89949631 [1]:14569454 [2]:167 [3]:371
[0]:90147541 [1]:14598840 [2]:167 [3]:370
[0]:90362401 [1]:14630738 [2]:167 [3]:84
[0]:90568290 [1]:14661293 [2]:167 [3]:372
[0]:90771098 [1]:14691393 [2]:167 [3]:352
[0]:90981989 [1]:14722646 [2]:167 [3]:75
[0]:91180534 [1]:14752105 [2]:167 [3]:365
[0]:91384071 [1]:14782279 [2]:167 [3]:86
[0]:91588666 [1]:14812688 [2]:167 [3]:82
[0]:91794828 [1]:14843239 [2]:167 [3]:357
[0]:91998926 [1]:14873493 [2]:167 [3]:363
[0]:92199217 [1]:14903185 [2]:167 [3]:366
[0]:92468018 [1]:14942898 [2]:167 [3]:367
[0]:92669032 [1]:14972650 [2]:167 [3]:366
[0]:92964317 [1]:15016544 [2]:167 [3]:365
[0]:93164149 [1]:15046175 [2]:167 [3]:363
[0]:93388986 [1]:15079432 [2]:167 [3]:359
[0]:93599188 [1]:15110610 [2]:167 [3]:78
[0]:93808115 [1]:15141573 [2]:167 [3]:370
[0]:94020389 [1]:15173262 [2]:167 [3]:363
[0]:94221721 [1]:15203098 [2]:167 [3]:360
[0]:94438427 [1]:15235180 [2]:167 [3]:367
[0]:94647126 [1]:15266148 [2]:167 [3]:89
[0]:94869308 [1]:15299048 [2]:167 [3]:355
[0]:95102213 [1]:15333556 [2]:167 [3]:363
[0]:95306586 [1]:15363839 [2]:167 [3]:360
[0]:95514423 [1]:15394734 [2]:167 [3]:354
[0]:95719772 [1]:15425229 [2]:167 [3]:363
[0]:95920278 [1]:15454913 [2]:167 [3]:365
[0]:96133341 [1]:15486546 [2]:167 [3]:370
[0]:96339731 [1]:15517178 [2]:167 [3]:363
[0]:96542980 [1]:15547373 [2]:167 [3]:356
[0]:96744288 [1]:15577201 [2]:167 [3]:362
[0]:96956161 [1]:15608599 [2]:167 [3]:76
[0]:97165649 [1]:15639670 [2]:167 [3]:367
[0]:97361780 [1]:15668726 [2]:167 [3]:356
[0]:97583103 [1]:15701697 [2]:167 [3]:362
[0]:97784388 [1]:15731654 [2]:167 [3]:366
[0]:97985261 [1]:15761521 [2]:167 [3]:371
[0]:98186060 [1]:15791293 [2]:167 [3]:359
[0]:98399108 [1]:15822831 [2]:167 [3]:81
[0]:98624501 [1]:15856331 [2]:167 [3]:356
[0]:98832328 [1]:15887170 [2]:167 [3]:360
[0]:99037537 [1]:15917598 [2]:167 [3]:359
[0]:99269693 [1]:15952101 [2]:167 [3]:352
[0]:99471220 [1]:15981970 [2]:167 [3]:363
[0]:99678293 [1]:16012708 [2]:167 [3]:75
[0]:99886733 [1]:16043582 [2]:167 [3]:367
[0]:100113426 [1]:16077246 [2]:167 [3]:364
[0]:100318227 [1]:16107599 [2]:167 [3]:364
[0]:100552899 [1]:16142403 [2]:167 [3]:367
[0]:100775227 [1]:16175446 [2]:167 [3]:369
[0]:100978447 [1]:16205640 [2]:167 [3]:361
[0]:101181159 [1]:16235639 [2]:167 [3]:363
[0]:101390858 [1]:16266987 [2]:167 [3]:357
[0]:101597076 [1]:16297574 [2]:167 [3]:358
[0]:101800002 [1]:16327658 [2]:167 [3]:368
[0]:102013005 [1]:16359306 [2]:167 [3]:360
[0]:102228267 [1]:16391247 [2]:167 [3]:370
[0]:102430129 [1]:16421298 [2]:167 [3]:364
[0]:102639293 [1]:16452380 [2]:167 [3]:366
[0]:102852065 [1]:16483865 [2]:167 [3]:360
[0]:103097277 [1]:16520204 [2]:167 [3]:367
[0]:103301418 [1]:16550458 [2]:167 [3]:364
[0]:103510186 [1]:16581542 [2]:167 [3]:372
[0]:103711043 [1]:16611479 [2]:167 [3]:360
[0]:103939682 [1]:16645473 [2]:167 [3]:88
[0]:104171372 [1]:16679749 [2]:167 [3]:363
[0]:104381056 [1]:16710867 [2]:167 [3]:359
[0]:104584999 [1]:16741087 [2]:167 [3]:355
[0]:104794834 [1]:16772283 [2]:167 [3]:361
[0]:105003240 [1]:16803225 [2]:167 [3]:360
[0]:105251853 [1]:16840196 [2]:167 [3]:357
[0]:105468435 [1]:16872458 [2]:167 [3]:370
[0]:105669549 [1]:16902245 [2]:167 [3]:85
[0]:105872847 [1]:16932415 [2]:167 [3]:366
[0]:106087357 [1]:16964230 [2]:167 [3]:365
[0]:106287351 [1]:16993878 [2]:167 [3]:364
[0]:106504321 [1]:17026034 [2]:167 [3]:361
[0]:106703111 [1]:17055538 [2]:167 [3]:74
[0]:106907084 [1]:17085761 [2]:167 [3]:361
[0]:107108034 [1]:17115493 [2]:167 [3]:368
[0]:107313320 [1]:17146008 [2]:167 [3]:76
[0]:107513650 [1]:17175745 [2]:167 [3]:367
[0]:107742619 [1]:17209721 [2]:167 [3]:372
[0]:107943413 [1]:17239581 [2]:167 [3]:361
[0]:108144159 [1]:17269315 [2]:167 [3]:362
[0]:108341664 [1]:17298547 [2]:167 [3]:366
[0]:108546256 [1]:17328917 [2]:167 [3]:362
[0]:108751566 [1]:17359356 [2]:167 [3]:72
[0]:108968104 [1]:17391373 [2]:167 [3]:369
[0]:109173161 [1]:17421773 [2]:167 [3]:363
[0]:109377813 [1]:17452219 [2]:167 [3]:369
[0]:109586938 [1]:17483281 [2]:167 [3]:367
[0]:109819464 [1]:17517835 [2]:167 [3]:364
[0]:110025333 [1]:17548301 [2]:167 [3]:363
[0]:110237340 [1]:17579663 [2]:167 [3]:372
[0]:110439636 [1]:17609617 [2]:167 [3]:368
[0]:110671709 [1]:17644147 [2]:167 [3]:363
[0]:110886808 [1]:17676053 [2]:167 [3]:356
[0]:111084438 [1]:17705338 [2]:167 [3]:367
[0]:111313830 [1]:17739327 [2]:167 [3]:361
[0]:111521954 [1]:17770290 [2]:167 [3]:88
[0]:111725989 [1]:17800660 [2]:167 [3]:369
[0]:111954364 [1]:17834479 [2]:167 [3]:365
[0]:112163256 [1]:17865534 [2]:167 [3]:361
[0]:112361255 [1]:17894887 [2]:167 [3]:359
[0]:112571790 [1]:17926123 [2]:167 [3]:364
[0]:112814467 [1]:17962073 [2]:167 [3]:365
[0]:113019399 [1]:17992409 [2]:167 [3]:82
[0]:113236293 [1]:18024624 [2]:167 [3]:368
[0]:113438932 [1]:18054713 [2]:167 [3]:365
[0]:113638054 [1]:18084255 [2]:167 [3]:368
[0]:113840018 [1]:18114274 [2]:167 [3]:374
[0]:114081385 [1]:18150108 [2]:167 [3]:77
[0]:114287977 [1]:18180803 [2]:167 [3]:369
[0]:114496639 [1]:18211683 [2]:167 [3]:367
[0]:114725745 [1]:18245581 [2]:167 [3]:363
[0]:115008901 [1]:18308708 [2]:167 [3]:359
[0]:115204966 [1]:18353995 [2]:167 [3]:359
[0]:115402420 [1]:18399585 [2]:167 [3]:363
[0]:115629346 [1]:18452077 [2]:167 [3]:364
[0]:115820496 [1]:18496201 [2]:167 [3]:358
[0]:116014787 [1]:18541122 [2]:167 [3]:356
[0]:116208970 [1]:18586020 [2]:167 [3]:365
[0]:116401852 [1]:18630530 [2]:167 [3]:365
[0]:116660554 [1]:18690284 [2]:167 [3]:358
[0]:116858413 [1]:18735946 [2]:167 [3]:58
[0]:117053086 [1]:18780930 [2]:167 [3]:359
[0]:117262549 [1]:18829339 [2]:167 [3]:356
[0]:117451668 [1]:18873037 [2]:167 [3]:354
[0]:117645687 [1]:18917918 [2]:167 [3]:361
[0]:117843684 [1]:18963609 [2]:167 [3]:362
[0]:118045545 [1]:19010300 [2]:167 [3]:358
[0]:118250496 [1]:19057685 [2]:167 [3]:361
[0]:118458472 [1]:19105713 [2]:167 [3]:367
[0]:118679753 [1]:19156834 [2]:167 [3]:360
[0]:118910467 [1]:19210053 [2]:167 [3]:373
[0]:119112588 [1]:19256741 [2]:167 [3]:364
[0]:119310734 [1]:19302524 [2]:167 [3]:362
[0]:119500810 [1]:19346523 [2]:167 [3]:61
[0]:119732459 [1]:19400041 [2]:167 [3]:357
[0]:119930149 [1]:19445745 [2]:167 [3]:365
[0]:120180126 [1]:19503515 [2]:167 [3]:356
[0]:120367585 [1]:19546811 [2]:167 [3]:357
[0]:120561039 [1]:19591396 [2]:167 [3]:367
[0]:120767191 [1]:19639046 [2]:167 [3]:361
[0]:120978720 [1]:19687943 [2]:167 [3]:60
[0]:121202168 [1]:19739595 [2]:167 [3]:358
[0]:121412273 [1]:19788212 [2]:167 [3]:359
[0]:121607033 [1]:19833141 [2]:167 [3]:362
[0]:121806288 [1]:19879160 [2]:167 [3]:359
[0]:122005261 [1]:19925136 [2]:167 [3]:353
[0]:122232799 [1]:19977673 [2]:167 [3]:363
[0]:122430679 [1]:20023315 [2]:167 [3]:358
[0]:122621209 [1]:20067326 [2]:167 [3]:367
[0]:122819011 [1]:20113068 [2]:167 [3]:58
[0]:123009228 [1]:20156979 [2]:167 [3]:356
[0]:123199718 [1]:20200990 [2]:167 [3]:361
[0]:123401531 [1]:20247549 [2]:167 [3]:362
[0]:123602693 [1]:20294011 [2]:167 [3]:358
[0]:123800752 [1]:20339836 [2]:167 [3]:56
[0]:123991189 [1]:20383847 [2]:167 [3]:59
[0]:124188829 [1]:20429519 [2]:167 [3]:360
[0]:124385052 [1]:20474847 [2]:167 [3]:361
[0]:124578218 [1]:20519486 [2]:167 [3]:359
[0]:124786013 [1]:20567513 [2]:167 [3]:368
[0]:124983657 [1]:20613134 [2]:167 [3]:359
[0]:125176337 [1]:20657705 [2]:167 [3]:358
[0]:125379699 [1]:20704613 [2]:167 [3]:366
[0]:125566143 [1]:20747751 [2]:167 [3]:363
[0]:125756631 [1]:20791730 [2]:167 [3]:358
[0]:125967434 [1]:20840372 [2]:167 [3]:365
[0]:126185259 [1]:20890608 [2]:167 [3]:363
[0]:126386729 [1]:20937171 [2]:167 [3]:360
[0]:126585254 [1]:20983045 [2]:167 [3]:359
[0]:126771952 [1]:21026145 [2]:167 [3]:359
[0]:126961847 [1]:21070020 [2]:167 [3]:362
[0]:127159543 [1]:21115599 [2]:167 [3]:362
[0]:127352166 [1]:21160125 [2]:167 [3]:362
[0]:127572237 [1]:21210972 [2]:167 [3]:368
[0]:127762404 [1]:21254865 [2]:167 [3]:364
[0]:127954750 [1]:21299319 [2]:167 [3]:60
[0]:128160336 [1]:21346730 [2]:167 [3]:356
[0]:128388069 [1]:21399397 [2]:167 [3]:362
[0]:128582060 [1]:21444187 [2]:167 [3]:359
[0]:128768661 [1]:21487353 [2]:167 [3]:362
[0]:128966342 [1]:21533041 [2]:167 [3]:364
[0]:129164296 [1]:21578813 [2]:167 [3]:363
[0]:129380669 [1]:21628882 [2]:167 [3]:358
[0]:129581818 [1]:21675400 [2]:167 [3]:56
[0]:129775693 [1]:21720161 [2]:167 [3]:364
[0]:129977734 [1]:21766824 [2]:167 [3]:348
[0]:130168838 [1]:21810999 [2]:167 [3]:366
[0]:130365883 [1]:21856537 [2]:167 [3]:358
[0]:130566250 [1]:21902834 [2]:167 [3]:63
[0]:130776252 [1]:21951326 [2]:167 [3]:365
[0]:130974638 [1]:21997126 [2]:167 [3]:360
[0]:131183406 [1]:22045367 [2]:167 [3]:361
[0]:131385025 [1]:22091917 [2]:167 [3]:54
[0]:131582981 [1]:22137695 [2]:167 [3]:363
[0]:131777202 [1]:22182585 [2]:167 [3]:359
[0]:131978487 [1]:22229074 [2]:167 [3]:353
[0]:132180023 [1]:22275639 [2]:167 [3]:60
[0]:132381356 [1]:22322152 [2]:167 [3]:63
[0]:132579738 [1]:22367970 [2]:167 [3]:362
[0]:132777358 [1]:22413568 [2]:167 [3]:357
[0]:132970094 [1]:22458111 [2]:167 [3]:364
[0]:133161764 [1]:22502357 [2]:167 [3]:61
[0]:133355770 [1]:22547220 [2]:167 [3]:363
[0]:133557415 [1]:22593798 [2]:167 [3]:365
[0]:133755147 [1]:22639474 [2]:167 [3]:365
[0]:133952776 [1]:22685211 [2]:167 [3]:365
[0]:134148001 [1]:22730450 [2]:167 [3]:363
[0]:134341367 [1]:22775137 [2]:167 [3]:358
[0]:134541897 [1]:22821460 [2]:167 [3]:63
[0]:134740562 [1]:22867312 [2]:167 [3]:358
[0]:134984649 [1]:22923799 [2]:167 [3]:363
[0]:135180832 [1]:22969110 [2]:167 [3]:55
[0]:135382389 [1]:23015671 [2]:167 [3]:368
[0]:135585537 [1]:23062535 [2]:167 [3]:362
[0]:135781564 [1]:23107827 [2]:167 [3]:356
[0]:135978910 [1]:23153419 [2]:167 [3]:364
[0]:136181119 [1]:23200107 [2]:167 [3]:361
[0]:136384175 [1]:23247050 [2]:167 [3]:360
[0]:136610195 [1]:23299190 [2]:167 [3]:358
[0]:136807520 [1]:23344776 [2]:167 [3]:56
[0]:137009849 [1]:23391513 [2]:167 [3]:358
[0]:137203675 [1]:23436353 [2]:167 [3]:362
[0]:137393968 [1]:23480239 [2]:167 [3]:59
[0]:137591261 [1]:23525827 [2]:167 [3]:54
[0]:137785943 [1]:23570890 [2]:167 [3]:365
[0]:137998775 [1]:23620087 [2]:167 [3]:363
[0]:138200331 [1]:23666637 [2]:167 [3]:58
[0]:138454383 [1]:23725313 [2]:167 [3]:370
[0]:138648321 [1]:23770075 [2]:167 [3]:362
[0]:138853472 [1]:23817474 [2]:167 [3]:356
[0]:139088680 [1]:23871864 [2]:167 [3]:58
[0]:139289739 [1]:23918250 [2]:167 [3]:365
[0]:139486090 [1]:23963555 [2]:167 [3]:357
[0]:139693109 [1]:24011432 [2]:167 [3]:356
[0]:139891111 [1]:24057164 [2]:167 [3]:359
[0]:140080264 [1]:24100891 [2]:167 [3]:361
[0]:140274785 [1]:24145815 [2]:167 [3]:367
[0]:140473303 [1]:24191695 [2]:167 [3]:362
[0]:140671640 [1]:24237544 [2]:167 [3]:362
[0]:140876484 [1]:24284850 [2]:167 [3]:362
[0]:141081748 [1]:24332281 [2]:167 [3]:56
[0]:141312992 [1]:24385659 [2]:167 [3]:361
[0]:141511036 [1]:24431367 [2]:167 [3]:58
[0]:141729939 [1]:24481943 [2]:167 [3]:356
[0]:141923309 [1]:24526617 [2]:167 [3]:363
[0]:142126916 [1]:24573562 [2]:167 [3]:357
[0]:142326714 [1]:24619757 [2]:167 [3]:58
[0]:142518767 [1]:24664119 [2]:167 [3]:365
[0]:142716602 [1]:24709819 [2]:167 [3]:359
[0]:142930348 [1]:24746004 [2]:167 [3]:367
[0]:143166485 [1]:24781126 [2]:167 [3]:370
[0]:143396241 [1]:24815251 [2]:167 [3]:369
[0]:143604048 [1]:24846093 [2]:167 [3]:369
[0]:143809064 [1]:24876467 [2]:167 [3]:363
[0]:144045647 [1]:24911488 [2]:167 [3]:369
[0]:144270426 [1]:24944898 [2]:167 [3]:358
[0]:144475020 [1]:24975491 [2]:167 [3]:373
[0]:144679891 [1]:25005924 [2]:167 [3]:357
[0]:144879626 [1]:25035621 [2]:167 [3]:353
[0]:145085857 [1]:25066228 [2]:167 [3]:364
[0]:145292293 [1]:25096808 [2]:167 [3]:374
[0]:145495624 [1]:25127049 [2]:167 [3]:370
[0]:145704629 [1]:25158027 [2]:167 [3]:365
[0]:145914589 [1]:25189090 [2]:167 [3]:73
[0]:146118375 [1]:25219367 [2]:167 [3]:366
[0]:146323412 [1]:25249818 [2]:167 [3]:84
[0]:146535985 [1]:25281448 [2]:167 [3]:83
[0]:146736564 [1]:25311388 [2]:167 [3]:76
[0]:146941719 [1]:25341673 [2]:167 [3]:80
[0]:147146621 [1]:25372034 [2]:167 [3]:368
[0]:147355437 [1]:25403075 [2]:167 [3]:85
[0]:147568494 [1]:25434771 [2]:167 [3]:374
[0]:147834403 [1]:25474496 [2]:167 [3]:369
[0]:148032028 [1]:25503692 [2]:167 [3]:368
[0]:148238324 [1]:25534185 [2]:167 [3]:361
[0]:148457186 [1]:25566623 [2]:167 [3]:369
[0]:148681685 [1]:25600030 [2]:167 [3]:366
[0]:148892459 [1]:25631287 [2]:167 [3]:84
[0]:149101426 [1]:25662297 [2]:167 [3]:363
[0]:149329236 [1]:25696074 [2]:167 [3]:359
[0]:149533128 [1]:25726329 [2]:167 [3]:359
[0]:149755605 [1]:25759413 [2]:167 [3]:81
[0]:149964402 [1]:25790281 [2]:167 [3]:371
[0]:150169514 [1]:25820730 [2]:167 [3]:357
[0]:150377925 [1]:25851758 [2]:167 [3]:364
[0]:150587064 [1]:25882755 [2]:167 [3]:369
[0]:150799885 [1]:25914348 [2]:167 [3]:363
[0]:151008906 [1]:25945346 [2]:167 [3]:361
[0]:151220935 [1]:25976810 [2]:167 [3]:370
[0]:151426542 [1]:26007286 [2]:167 [3]:365
[0]:151635389 [1]:26038288 [2]:167 [3]:369
[0]:151842695 [1]:26069032 [2]:167 [3]:374
[0]:152062191 [1]:26101555 [2]:167 [3]:362
[0]:152264650 [1]:26131594 [2]:167 [3]:82
[0]:152478602 [1]:26163259 [2]:167 [3]:356
[0]:152692201 [1]:26194967 [2]:167 [3]:371
[0]:152890233 [1]:26224384 [2]:167 [3]:364
[0]:153125096 [1]:26259279 [2]:167 [3]:363
[0]:153344557 [1]:26291951 [2]:167 [3]:362
[0]:153554609 [1]:26323239 [2]:167 [3]:373
[0]:153764400 [1]:26354367 [2]:167 [3]:358
[0]:154000004 [1]:26389302 [2]:167 [3]:372
[0]:154215879 [1]:26421235 [2]:167 [3]:367
[0]:154421316 [1]:26451644 [2]:167 [3]:362
[0]:154631675 [1]:26482789 [2]:167 [3]:367
[0]:154839406 [1]:26513578 [2]:167 [3]:368
[0]:155053858 [1]:26545322 [2]:167 [3]:359
[0]:155261150 [1]:26576038 [2]:167 [3]:366
[0]:155467493 [1]:26606623 [2]:167 [3]:359
[0]:155669611 [1]:26636639 [2]:167 [3]:365
[0]:155895533 [1]:26670077 [2]:167 [3]:364
[0]:156108430 [1]:26701611 [2]:167 [3]:367
[0]:156314740 [1]:26732251 [2]:167 [3]:362
[0]:156529747 [1]:26764134 [2]:167 [3]:368
[0]:156752203 [1]:26797216 [2]:167 [3]:367
[0]:156969083 [1]:26829511 [2]:167 [3]:99
[0]:157188077 [1]:26862051 [2]:167 [3]:363
[0]:157393287 [1]:26892472 [2]:167 [3]:371
[0]:157597761 [1]:26922815 [2]:167 [3]:369
[0]:157798101 [1]:26952615 [2]:167 [3]:69
[0]:158039264 [1]:26988414 [2]:167 [3]:372
[0]:158265973 [1]:27022054 [2]:167 [3]:369
[0]:158510495 [1]:27058279 [2]:167 [3]:355
[0]:158725091 [1]:27090036 [2]:167 [3]:368
[0]:158942014 [1]:27122260 [2]:167 [3]:364
[0]:159150767 [1]:27153267 [2]:167 [3]:83
[0]:159363110 [1]:27184838 [2]:167 [3]:84
[0]:159568552 [1]:27215410 [2]:167 [3]:364
[0]:159775522 [1]:27246015 [2]:167 [3]:351
[0]:159984810 [1]:27277089 [2]:167 [3]:71
[0]:160254887 [1]:27317149 [2]:167 [3]:359
[0]:160451186 [1]:27346397 [2]:167 [3]:364
[0]:160649667 [1]:27375898 [2]:167 [3]:356
[0]:160853146 [1]:27406170 [2]:167 [3]:83
[0]:161066758 [1]:27437871 [2]:167 [3]:361
[0]:161270581 [1]:27468107 [2]:167 [3]:362
[0]:161524031 [1]:27505664 [2]:167 [3]:88
[0]:161734106 [1]:27536821 [2]:167 [3]:357
[0]:161932809 [1]:27566313 [2]:167 [3]:72
[0]:162192898 [1]:27604904 [2]:167 [3]:364
[0]:162398297 [1]:27635572 [2]:167 [3]:360
[0]:162622404 [1]:27668839 [2]:167 [3]:369
[0]:162826793 [1]:27699242 [2]:167 [3]:82
[0]:163043926 [1]:27731603 [2]:167 [3]:358
[0]:163256701 [1]:27763141 [2]:167 [3]:370
[0]:163465594 [1]:27794188 [2]:167 [3]:363
[0]:163670542 [1]:27824571 [2]:167 [3]:358
[0]:163868930 [1]:27854027 [2]:167 [3]:368
[0]:164076492 [1]:27884903 [2]:167 [3]:358
[0]:164296281 [1]:27917636 [2]:167 [3]:363
[0]:164513779 [1]:27949915 [2]:167 [3]:369
[0]:164718753 [1]:27980284 [2]:167 [3]:360
[0]:164962895 [1]:28016446 [2]:167 [3]:358
[0]:165176100 [1]:28048095 [2]:167 [3]:365
[0]:165379732 [1]:28078389 [2]:167 [3]:361
[0]:165577487 [1]:28107716 [2]:167 [3]:371
[0]:165799971 [1]:28140718 [2]:167 [3]:357
[0]:166015171 [1]:28172523 [2]:167 [3]:366
[0]:166216854 [1]:28202500 [2]:167 [3]:366
[0]:166425074 [1]:28233372 [2]:167 [3]:77
[0]:166633676 [1]:28264326 [2]:167 [3]:361
[0]:166850662 [1]:28296644 [2]:167 [3]:370
[0]:167101981 [1]:28334068 [2]:167 [3]:368
[0]:167303577 [1]:28364007 [2]:167 [3]:360
[0]:167519812 [1]:28396075 [2]:167 [3]:369
[0]:167790971 [1]:28436272 [2]:167 [3]:365
[0]:168005411 [1]:28468210 [2]:167 [3]:361
[0]:168218106 [1]:28499752 [2]:167 [3]:368
[0]:168417310 [1]:28529349 [2]:167 [3]:71
[0]:168651483 [1]:28564068 [2]:167 [3]:365
[0]:168866128 [1]:28595991 [2]:167 [3]:360
[0]:169075460 [1]:28627042 [2]:167 [3]:369
[0]:169276630 [1]:28656977 [2]:167 [3]:370
[0]:169489273 [1]:28688557 [2]:167 [3]:369
[0]:169691122 [1]:28718481 [2]:167 [3]:375
[0]:169900364 [1]:28749666 [2]:167 [3]:365
[0]:170101644 [1]:28779516 [2]:167 [3]:70
[0]:170334803 [1]:28814139 [2]:167 [3]:364
[0]:170575532 [1]:28849894 [2]:167 [3]:84
[0]:170775546 [1]:28879576 [2]:167 [3]:358
[0]:170977052 [1]:28909515 [2]:167 [3]:360
[0]:171213093 [1]:28944495 [2]:167 [3]:362
[0]:171429726 [1]:28976605 [2]:167 [3]:73
[0]:171634617 [1]:29006921 [2]:167 [3]:359
[0]:171847014 [1]:29038507 [2]:167 [3]:367
[0]:172058483 [1]:29069984 [2]:167 [3]:369
[0]:172265010 [1]:29100728 [2]:167 [3]:364
[0]:172470884 [1]:29147392 [2]:167 [3]:356
[0]:172676241 [1]:29194769 [2]:167 [3]:364
[0]:172881392 [1]:29242126 [2]:167 [3]:355
[0]:173067715 [1]:29285231 [2]:167 [3]:361
[0]:173310857 [1]:29341604 [2]:167 [3]:361
[0]:173508471 [1]:29387175 [2]:167 [3]:369
[0]:173717516 [1]:29435452 [2]:167 [3]:359
[0]:173915447 [1]:29481133 [2]:167 [3]:361
[0]:174119051 [1]:29528261 [2]:167 [3]:368
[0]:174310979 [1]:29572637 [2]:167 [3]:369
[0]:174523671 [1]:29621728 [2]:167 [3]:363
[0]:174736268 [1]:29670852 [2]:167 [3]:355
[0]:174928394 [1]:29715240 [2]:167 [3]:55
[0]:175128280 [1]:29761411 [2]:167 [3]:356
[0]:175357848 [1]:29814416 [2]:167 [3]:356
[0]:175552082 [1]:29859277 [2]:167 [3]:63
[0]:175783444 [1]:29912710 [2]:167 [3]:360
[0]:175992640 [1]:29961051 [2]:167 [3]:357
[0]:176188360 [1]:30006244 [2]:167 [3]:359
[0]:176378738 [1]:30050172 [2]:167 [3]:57
[0]:176573019 [1]:30095106 [2]:167 [3]:361
[0]:176762862 [1]:30138987 [2]:167 [3]:362
[0]:176975465 [1]:30188130 [2]:167 [3]:362
[0]:177170033 [1]:30233024 [2]:167 [3]:366
[0]:177363948 [1]:30277913 [2]:167 [3]:356
[0]:177602769 [1]:30333074 [2]:167 [3]:357
[0]:177827043 [1]:30384934 [2]:167 [3]:360
[0]:178024585 [1]:30430664 [2]:167 [3]:358
[0]:178221285 [1]:30476030 [2]:167 [3]:366
[0]:178429361 [1]:30524104 [2]:167 [3]:365
[0]:178617948 [1]:30567682 [2]:167 [3]:358
[0]:178863811 [1]:30624477 [2]:167 [3]:364
[0]:179054936 [1]:30668536 [2]:167 [3]:57
[0]:179255718 [1]:30714914 [2]:167 [3]:362
[0]:179454208 [1]:30760769 [2]:167 [3]:364
[0]:179681949 [1]:30813341 [2]:167 [3]:365
[0]:179877124 [1]:30858497 [2]:167 [3]:361
[0]:180081349 [1]:30905527 [2]:167 [3]:360
[0]:180273995 [1]:30950072 [2]:167 [3]:361
[0]:180465646 [1]:30994351 [2]:167 [3]:364
[0]:180663281 [1]:31040010 [2]:167 [3]:355
[0]:180861255 [1]:31085814 [2]:167 [3]:360
[0]:181103937 [1]:31141841 [2]:167 [3]:370
[0]:181296858 [1]:31186404 [2]:167 [3]:363
[0]:181492601 [1]:31231626 [2]:167 [3]:362
[0]:181693724 [1]:31278179 [2]:167 [3]:361
[0]:181891554 [1]:31323809 [2]:167 [3]:364
[0]:182085664 [1]:31368676 [2]:167 [3]:364
[0]:182279509 [1]:31413442 [2]:167 [3]:366
[0]:182466257 [1]:31456622 [2]:167 [3]:354
[0]:182660118 [1]:31501429 [2]:167 [3]:362
[0]:182865755 [1]:31548874 [2]:167 [3]:360
[0]:183082792 [1]:31599048 [2]:167 [3]:357
[0]:183280001 [1]:31644626 [2]:167 [3]:360
[0]:183541246 [1]:31704910 [2]:167 [3]:366
[0]:183735409 [1]:31749656 [2]:167 [3]:366
[0]:183929548 [1]:31794544 [2]:167 [3]:354
[0]:184153650 [1]:31846367 [2]:167 [3]:355
[0]:184361684 [1]:31894420 [2]:167 [3]:362
[0]:184584219 [1]:31945845 [2]:167 [3]:365
[0]:184780422 [1]:31991156 [2]:167 [3]:369
[0]:184984485 [1]:32038338 [2]:167 [3]:357
[0]:185175516 [1]:32082447 [2]:167 [3]:362
[0]:185366219 [1]:32126504 [2]:167 [3]:361
[0]:185556012 [1]:32170432 [2]:167 [3]:363
[0]:185750840 [1]:32215379 [2]:167 [3]:360
[0]:185952487 [1]:32262014 [2]:167 [3]:362
[0]:186165191 [1]:32311107 [2]:167 [3]:361
[0]:186362947 [1]:32356836 [2]:167 [3]:356
[0]:186560859 [1]:32402500 [2]:167 [3]:363
[0]:186806922 [1]:32459380 [2]:167 [3]:55
[0]:186995757 [1]:32503049 [2]:167 [3]:363
[0]:187191232 [1]:32548209 [2]:167 [3]:356
[0]:187393131 [1]:32594827 [2]:167 [3]:356
[0]:187588047 [1]:32639778 [2]:167 [3]:365
[0]:187785052 [1]:32685295 [2]:167 [3]:361
[0]:187982836 [1]:32731013 [2]:167 [3]:55
[0]:188177011 [1]:32775893 [2]:167 [3]:367
[0]:188374381 [1]:32821429 [2]:167 [3]:356
[0]:188565167 [1]:32865505 [2]:167 [3]:360
[0]:188762882 [1]:32911155 [2]:167 [3]:362
[0]:188963937 [1]:32957592 [2]:167 [3]:364
[0]:189158713 [1]:33002623 [2]:167 [3]:356
[0]:189393348 [1]:33056796 [2]:167 [3]:64
[0]:189591361 [1]:33102533 [2]:167 [3]:364
[0]:189789301 [1]:33148259 [2]:167 [3]:359
[0]:189990327 [1]:33194707 [2]:167 [3]:356
[0]:190181138 [1]:33238820 [2]:167 [3]:365
[0]:190378638 [1]:33284375 [2]:167 [3]:362
[0]:190581957 [1]:33331349 [2]:167 [3]:356
[0]:190789796 [1]:33379320 [2]:167 [3]:365
[0]:190986924 [1]:33424960 [2]:167 [3]:357
[0]:191185300 [1]:33470719 [2]:167 [3]:370
[0]:191413075 [1]:33523341 [2]:167 [3]:55
[0]:191614488 [1]:33569886 [2]:167 [3]:365
[0]:191868540 [1]:33628702 [2]:167 [3]:356
[0]:192066326 [1]:33674376 [2]:167 [3]:361
[0]:192264010 [1]:33720006 [2]:167 [3]:364
[0]:192469953 [1]:33767577 [2]:167 [3]:362
[0]:192685320 [1]:33817307 [2]:167 [3]:358
[0]:192891141 [1]:33864869 [2]:167 [3]:62
[0]:193084804 [1]:33909512 [2]:167 [3]:361
[0]:193286884 [1]:33956225 [2]:167 [3]:360
[0]:193477159 [1]:34000142 [2]:167 [3]:357
[0]:193674926 [1]:34045846 [2]:167 [3]:361
[0]:193872809 [1]:34091550 [2]:167 [3]:363
[0]:194096807 [1]:34143255 [2]:167 [3]:359
[0]:194292173 [1]:34188364 [2]:167 [3]:357
[0]:194482562 [1]:34232343 [2]:167 [3]:360
[0]:194671398 [1]:34275948 [2]:167 [3]:361
[0]:194880730 [1]:34324264 [2]:167 [3]:365
[0]:195074715 [1]:34369003 [2]:167 [3]:362
[0]:195268468 [1]:34413758 [2]:167 [3]:358
[0]:195470306 [1]:34460423 [2]:167 [3]:358
[0]:195701728 [1]:34513838 [2]:167 [3]:361
[0]:195898916 [1]:34559345 [2]:167 [3]:364
[0]:196100865 [1]:34606009 [2]:167 [3]:57
[0]:196316185 [1]:34655809 [2]:167 [3]:364
[0]:196507958 [1]:34700154 [2]:167 [3]:363
[0]:196703664 [1]:34745328 [2]:167 [3]:367
[0]:196899812 [1]:34790615 [2]:167 [3]:59
[0]:197122942 [1]:34842173 [2]:167 [3]:364
[0]:197316014 [1]:34886772 [2]:167 [3]:364
[0]:197515729 [1]:34932843 [2]:167 [3]:359
[0]:197709879 [1]:34977640 [2]:167 [3]:361
[0]:197930067 [1]:35028545 [2]:167 [3]:362
[0]:198123997 [1]:35073369 [2]:167 [3]:361
[0]:198329343 [1]:35120779 [2]:167 [3]:369
[0]:198533370 [1]:35167955 [2]:167 [3]:366
[0]:198727340 [1]:35212648 [2]:167 [3]:361
[0]:198934139 [1]:35260425 [2]:167 [3]:366
[0]:199124294 [1]:35304329 [2]:167 [3]:64
[0]:199336859 [1]:35353474 [2]:167 [3]:57
[0]:199564613 [1]:35406048 [2]:167 [3]:57
[0]:199750546 [1]:35449118 [2]:167 [3]:361
[0]:199945471 [1]:35494168 [2]:167 [3]:359
[0]:200188162 [1]:35550306 [2]:167 [3]:364
[0]:200380796 [1]:35594852 [2]:167 [3]:353
[0]:200572838 [1]:35639241 [2]:167 [3]:363
[0]:200728820 [1]:35675338 [2]:167 [3]:368
[0]:200728820 [1]:35675338 [2]:167 [3]:368
[0]:200728820 [1]:35675338 [2]:167 [3]:368
[0]:200728820 [1]:35675338 [2]:167 [3]:368
[0]:200728820 [1]:35675338 [2]:167 [3]:368
[0]:200728820 [1]:35675338 [2]:167 [3]:368
[0]:200728820 [1]:35675338 [2]:167 [3]:368
[0]:200728820 [1]:35675338 [2]:167 [3]:368
[0]:200728820 [1]:35675338 [2]:167 [3]:368
[0]:200728820 [1]:35675338 [2]:167 [3]:368
[0]:200728820 [1]:35675338 [2]:167 [3]:368
[0]:200728820 [1]:35675338 [2]:167 [3]:368
[0]:200728820 [1]:35675338 [2]:167 [3]:368
                                                                                      [0]:200728820 [1]:35675338 [2]:167 [3]:368
[0]:200728820 [1]:35675338 [2]:167 [3]:368
[0]:200728820 [1]:35675338 [2]:167 [3]:368
[0]:200728820 [1]:35675338 [2]:167 [3]:368
[0]:200728820 [1]:35675338 [2]:167 [3]:368
[0]:200728820 [1]:35675338 [2]:167 [3]:368
