[0]:14547753 [1]:1522641 [2]:75 [3]:387
[0]:14773997 [1]:1547640 [2]:75 [3]:90
[0]:14987760 [1]:1571368 [2]:78 [3]:365
[0]:15190283 [1]:1593979 [2]:78 [3]:363
[0]:15426250 [1]:1621972 [2]:78 [3]:366
[0]:15636959 [1]:1653347 [2]:78 [3]:353
[0]:15843250 [1]:1683997 [2]:78 [3]:369
[0]:16064448 [1]:1716739 [2]:78 [3]:359
[0]:16259505 [1]:1745746 [2]:78 [3]:362
[0]:16457872 [1]:1775224 [2]:78 [3]:370
[0]:16661624 [1]:1805502 [2]:78 [3]:364
[0]:16866864 [1]:1835900 [2]:78 [3]:372
[0]:17071143 [1]:1866203 [2]:78 [3]:362
[0]:17280488 [1]:1897229 [2]:78 [3]:360
[0]:17497006 [1]:1929382 [2]:78 [3]:370
[0]:17706431 [1]:1960549 [2]:78 [3]:368
[0]:17917377 [1]:1991801 [2]:78 [3]:361
[0]:18147440 [1]:2025845 [2]:78 [3]:369
[0]:18356411 [1]:2056807 [2]:122 [3]:358
[0]:18554822 [1]:2086191 [2]:122 [3]:370
[0]:18796759 [1]:2122068 [2]:122 [3]:366
[0]:19010420 [1]:2153871 [2]:122 [3]:361
[0]:19227151 [1]:2186226 [2]:122 [3]:366
[0]:19435707 [1]:2217271 [2]:122 [3]:350
[0]:19656557 [1]:2250106 [2]:122 [3]:363
[0]:19865274 [1]:2281073 [2]:122 [3]:363
[0]:20094289 [1]:2314962 [2]:122 [3]:356
[0]:20317656 [1]:2348111 [2]:122 [3]:364
[0]:20525972 [1]:2379045 [2]:122 [3]:362
[0]:20763070 [1]:2414189 [2]:122 [3]:359
[0]:20968798 [1]:2444635 [2]:122 [3]:371
[0]:21181822 [1]:2476208 [2]:122 [3]:368
[0]:21406022 [1]:2509507 [2]:122 [3]:72
[0]:21618777 [1]:2541133 [2]:122 [3]:365
[0]:21830212 [1]:2572573 [2]:142 [3]:372
[0]:22048659 [1]:2605034 [2]:142 [3]:357
[0]:22265070 [1]:2637064 [2]:142 [3]:359
[0]:22472799 [1]:2668046 [2]:142 [3]:362
[0]:22673641 [1]:2697871 [2]:142 [3]:359
[0]:22887717 [1]:2729738 [2]:142 [3]:376
[0]:23100759 [1]:2761272 [2]:142 [3]:77
[0]:23309586 [1]:2792244 [2]:142 [3]:369
[0]:23518378 [1]:2823181 [2]:142 [3]:370
[0]:23725495 [1]:2853971 [2]:142 [3]:79
[0]:23946424 [1]:2886832 [2]:142 [3]:82
[0]:24164717 [1]:2919116 [2]:142 [3]:365
[0]:24379898 [1]:2951116 [2]:142 [3]:83
[0]:24593852 [1]:2982833 [2]:142 [3]:369
[0]:24803214 [1]:3013884 [2]:142 [3]:367
[0]:25016011 [1]:3045358 [2]:142 [3]:360
[0]:25224804 [1]:3076310 [2]:142 [3]:364
[0]:25437692 [1]:3107905 [2]:148 [3]:360
[0]:25653501 [1]:3139933 [2]:148 [3]:365
[0]:25857244 [1]:3170305 [2]:148 [3]:368
[0]:26072244 [1]:3202162 [2]:148 [3]:363
[0]:26282874 [1]:3233395 [2]:148 [3]:358
[0]:26572749 [1]:3276489 [2]:148 [3]:363
[0]:26779977 [1]:3307225 [2]:148 [3]:362
[0]:26986192 [1]:3337869 [2]:148 [3]:81
[0]:27197674 [1]:3369238 [2]:148 [3]:364
[0]:27409842 [1]:3400665 [2]:148 [3]:363
[0]:27620687 [1]:3431979 [2]:148 [3]:359
[0]:27829572 [1]:3463202 [2]:148 [3]:359
[0]:28037730 [1]:3494122 [2]:148 [3]:368
[0]:28247459 [1]:3525432 [2]:148 [3]:362
[0]:28534188 [1]:3567954 [2]:148 [3]:370
[0]:28739628 [1]:3598509 [2]:148 [3]:367
[0]:28944606 [1]:3628913 [2]:148 [3]:376
[0]:29155899 [1]:3660396 [2]:150 [3]:371
[0]:29368863 [1]:3692102 [2]:150 [3]:365
[0]:29587406 [1]:3724608 [2]:150 [3]:84
[0]:29815174 [1]:3758392 [2]:150 [3]:366
[0]:30038542 [1]:3791545 [2]:150 [3]:367
