[0]:0 [1]:0 [2]:0 [3]:0
[0]:0 [1]:0 [2]:0 [3]:0
[0]:305913 [1]:0 [2]:0 [3]:311
[0]:552835 [1]:0 [2]:0 [3]:69
[0]:788071 [1]:0 [2]:0 [3]:313
[0]:1014596 [1]:0 [2]:0 [3]:57
[0]:1218702 [1]:19228 [2]:120 [3]:67
[0]:1424737 [1]:42549 [2]:120 [3]:374
[0]:1621097 [1]:64902 [2]:120 [3]:63
[0]:1824102 [1]:87752 [2]:120 [3]:61
[0]:2036326 [1]:111563 [2]:120 [3]:59
[0]:2238544 [1]:134292 [2]:120 [3]:67
[0]:2470863 [1]:160402 [2]:120 [3]:356
[0]:2702985 [1]:186636 [2]:89 [3]:51
[0]:2912941 [1]:210181 [2]:89 [3]:66
[0]:3109163 [1]:232324 [2]:89 [3]:55
[0]:3302115 [1]:254282 [2]:89 [3]:60
[0]:3504315 [1]:277110 [2]:89 [3]:357
[0]:3714219 [1]:300653 [2]:89 [3]:59
[0]:3974877 [1]:330030 [2]:89 [3]:62
[0]:4182374 [1]:353477 [2]:79 [3]:362
[0]:4407785 [1]:378947 [2]:79 [3]:351
[0]:4620149 [1]:403115 [2]:79 [3]:61
[0]:4822379 [1]:425804 [2]:79 [3]:373
[0]:5034006 [1]:449534 [2]:79 [3]:62
[0]:5234621 [1]:472145 [2]:79 [3]:70
[0]:5452622 [1]:496709 [2]:79 [3]:362
[0]:5665123 [1]:520728 [2]:76 [3]:84
[0]:5865541 [1]:543370 [2]:76 [3]:354
[0]:6065060 [1]:565830 [2]:76 [3]:363
[0]:6271999 [1]:589003 [2]:76 [3]:64
[0]:6476458 [1]:612118 [2]:76 [3]:67
[0]:6674326 [1]:634465 [2]:76 [3]:69
[0]:6870768 [1]:656782 [2]:76 [3]:377
[0]:7069536 [1]:679038 [2]:76 [3]:358
[0]:7265847 [1]:701126 [2]:75 [3]:81
[0]:7477857 [1]:725055 [2]:75 [3]:373
[0]:7683604 [1]:748378 [2]:75 [3]:355
[0]:7889340 [1]:772041 [2]:75 [3]:58
[0]:8091579 [1]:794796 [2]:75 [3]:362
[0]:8292639 [1]:817434 [2]:75 [3]:52
[0]:8487244 [1]:839328 [2]:75 [3]:65
[0]:8693195 [1]:862548 [2]:75 [3]:71
[0]:8893833 [1]:885131 [2]:75 [3]:361
[0]:9087787 [1]:907093 [2]:75 [3]:363
[0]:9290045 [1]:929963 [2]:75 [3]:365
[0]:9488255 [1]:952328 [2]:75 [3]:66
[0]:9705545 [1]:976815 [2]:75 [3]:56
[0]:9905193 [1]:999481 [2]:75 [3]:73
[0]:10111827 [1]:1023149 [2]:75 [3]:79
[0]:10308179 [1]:1045356 [2]:75 [3]:58
[0]:10510285 [1]:1068020 [2]:75 [3]:60
[0]:10708745 [1]:1090391 [2]:75 [3]:367
[0]:10918539 [1]:1114080 [2]:75 [3]:354
[0]:11113050 [1]:1136132 [2]:75 [3]:61
[0]:11313863 [1]:1158753 [2]:75 [3]:353
[0]:11517339 [1]:1181734 [2]:75 [3]:64
[0]:11712141 [1]:1203706 [2]:75 [3]:61
[0]:11938109 [1]:1229288 [2]:75 [3]:359
[0]:12138718 [1]:1251938 [2]:75 [3]:83
[0]:12336198 [1]:1274244 [2]:75 [3]:363
[0]:12564321 [1]:1299855 [2]:75 [3]:43
[0]:12760393 [1]:1322036 [2]:75 [3]:46
[0]:12958827 [1]:1344470 [2]:75 [3]:72
[0]:13157248 [1]:1366901 [2]:75 [3]:72
[0]:13355695 [1]:1389317 [2]:75 [3]:63
[0]:13554066 [1]:1411722 [2]:75 [3]:56
[0]:13749091 [1]:1433670 [2]:75 [3]:356
[0]:13939572 [1]:1455306 [2]:75 [3]:75
[0]:14134771 [1]:1477321 [2]:75 [3]:76
[0]:14326988 [1]:1498983 [2]:75 [3]:363
[0]:14547753 [1]:1522641 [2]:75 [3]:387
[0]:14773997 [1]:1547640 [2]:75 [3]:90
[0]:14987760 [1]:1571368 [2]:78 [3]:365
[0]:15190283 [1]:1593979 [2]:78 [3]:363
[0]:15426250 [1]:1621972 [2]:78 [3]:366
[0]:15636959 [1]:1653347 [2]:78 [3]:353
[0]:15843250 [1]:1683997 [2]:78 [3]:369
[0]:16064448 [1]:1716739 [2]:78 [3]:359
[0]:16259505 [1]:1745746 [2]:78 [3]:362
[0]:16457872 [1]:1775224 [2]:78 [3]:370
[0]:16661624 [1]:1805502 [2]:78 [3]:364
[0]:16866864 [1]:1835900 [2]:78 [3]:372
[0]:17071143 [1]:1866203 [2]:78 [3]:362
[0]:17280488 [1]:1897229 [2]:78 [3]:360
[0]:17497006 [1]:1929382 [2]:78 [3]:370
[0]:17706431 [1]:1960549 [2]:78 [3]:368
[0]:17917377 [1]:1991801 [2]:78 [3]:361
[0]:18147440 [1]:2025845 [2]:78 [3]:369
[0]:18356411 [1]:2056807 [2]:122 [3]:358
[0]:18554822 [1]:2086191 [2]:122 [3]:370
[0]:18796759 [1]:2122068 [2]:122 [3]:366
[0]:19010420 [1]:2153871 [2]:122 [3]:361
[0]:19227151 [1]:2186226 [2]:122 [3]:366
[0]:19435707 [1]:2217271 [2]:122 [3]:350
[0]:19656557 [1]:2250106 [2]:122 [3]:363
[0]:19865274 [1]:2281073 [2]:122 [3]:363
[0]:20094289 [1]:2314962 [2]:122 [3]:356
[0]:20317656 [1]:2348111 [2]:122 [3]:364
[0]:20525972 [1]:2379045 [2]:122 [3]:362
[0]:20763070 [1]:2414189 [2]:122 [3]:359
[0]:20968798 [1]:2444635 [2]:122 [3]:371
[0]:21181822 [1]:2476208 [2]:122 [3]:368
[0]:21406022 [1]:2509507 [2]:122 [3]:72
[0]:21618777 [1]:2541133 [2]:122 [3]:365
[0]:21830212 [1]:2572573 [2]:142 [3]:372
[0]:22048659 [1]:2605034 [2]:142 [3]:357
[0]:22265070 [1]:2637064 [2]:142 [3]:359
[0]:22472799 [1]:2668046 [2]:142 [3]:362
[0]:22673641 [1]:2697871 [2]:142 [3]:359
[0]:22887717 [1]:2729738 [2]:142 [3]:376
[0]:23100759 [1]:2761272 [2]:142 [3]:77
[0]:23309586 [1]:2792244 [2]:142 [3]:369
[0]:23518378 [1]:2823181 [2]:142 [3]:370
[0]:23725495 [1]:2853971 [2]:142 [3]:79
[0]:23946424 [1]:2886832 [2]:142 [3]:82
[0]:24164717 [1]:2919116 [2]:142 [3]:365
[0]:24379898 [1]:2951116 [2]:142 [3]:83
[0]:24593852 [1]:2982833 [2]:142 [3]:369
[0]:24803214 [1]:3013884 [2]:142 [3]:367
[0]:25016011 [1]:3045358 [2]:142 [3]:360
[0]:25224804 [1]:3076310 [2]:142 [3]:364
[0]:25437692 [1]:3107905 [2]:148 [3]:360
[0]:25653501 [1]:3139933 [2]:148 [3]:365
[0]:25857244 [1]:3170305 [2]:148 [3]:368
[0]:26072244 [1]:3202162 [2]:148 [3]:363
[0]:26282874 [1]:3233395 [2]:148 [3]:358
[0]:26572749 [1]:3276489 [2]:148 [3]:363
[0]:26779977 [1]:3307225 [2]:148 [3]:362
[0]:26986192 [1]:3337869 [2]:148 [3]:81
[0]:27197674 [1]:3369238 [2]:148 [3]:364
[0]:27409842 [1]:3400665 [2]:148 [3]:363
[0]:27620687 [1]:3431979 [2]:148 [3]:359
[0]:27829572 [1]:3463202 [2]:148 [3]:359
[0]:28037730 [1]:3494122 [2]:148 [3]:368
[0]:28247459 [1]:3525432 [2]:148 [3]:362
[0]:28534188 [1]:3567954 [2]:148 [3]:370
[0]:28739628 [1]:3598509 [2]:148 [3]:367
[0]:28944606 [1]:3628913 [2]:148 [3]:376
[0]:29155899 [1]:3660396 [2]:150 [3]:371
[0]:29368863 [1]:3692102 [2]:150 [3]:365
[0]:29587406 [1]:3724608 [2]:150 [3]:84
[0]:29815174 [1]:3758392 [2]:150 [3]:366
[0]:30038542 [1]:3791545 [2]:150 [3]:367
[0]:30262386 [1]:3827165 [2]:150 [3]:53
[0]:30495599 [1]:3881061 [2]:150 [3]:358
[0]:30694570 [1]:3927054 [2]:150 [3]:364
[0]:30897237 [1]:3973871 [2]:150 [3]:357
[0]:31101294 [1]:4021001 [2]:150 [3]:360
[0]:31316115 [1]:4070640 [2]:150 [3]:365
[0]:31520345 [1]:4117865 [2]:150 [3]:361
[0]:31719019 [1]:4163765 [2]:150 [3]:363
[0]:31911324 [1]:4208098 [2]:150 [3]:359
[0]:32101749 [1]:4252090 [2]:158 [3]:59
[0]:32299481 [1]:4297755 [2]:158 [3]:365
[0]:32490063 [1]:4341771 [2]:158 [3]:361
[0]:32726744 [1]:4396379 [2]:158 [3]:50
[0]:32922889 [1]:4441750 [2]:158 [3]:362
[0]:33134134 [1]:4490604 [2]:158 [3]:365
[0]:33347902 [1]:4540039 [2]:158 [3]:359
[0]:33601317 [1]:4598453 [2]:158 [3]:367
[0]:33803732 [1]:4645249 [2]:158 [3]:368
[0]:34069592 [1]:4706676 [2]:158 [3]:60
[0]:34273898 [1]:4753879 [2]:158 [3]:361
[0]:34471749 [1]:4799570 [2]:158 [3]:363
[0]:34667927 [1]:4844822 [2]:158 [3]:63
[0]:34863698 [1]:4889975 [2]:158 [3]:361
[0]:35057808 [1]:4934871 [2]:164 [3]:360
[0]:35259553 [1]:4981453 [2]:164 [3]:360
[0]:35501972 [1]:5037387 [2]:164 [3]:366
[0]:35696164 [1]:5082252 [2]:164 [3]:58
[0]:35907684 [1]:5131165 [2]:164 [3]:359
[0]:36114084 [1]:5178877 [2]:164 [3]:364
[0]:36311944 [1]:5224628 [2]:164 [3]:360
[0]:36510078 [1]:5270312 [2]:164 [3]:361
[0]:36731633 [1]:5321508 [2]:164 [3]:367
[0]:36923994 [1]:5365962 [2]:164 [3]:63
[0]:37124659 [1]:5412295 [2]:164 [3]:359
[0]:37331494 [1]:5460038 [2]:164 [3]:367
[0]:37528781 [1]:5505597 [2]:164 [3]:363
[0]:37730222 [1]:5552112 [2]:166 [3]:58
[0]:37928095 [1]:5597801 [2]:166 [3]:363
[0]:38125832 [1]:5643516 [2]:166 [3]:352
[0]:38341714 [1]:5693332 [2]:166 [3]:354
[0]:38581270 [1]:5748697 [2]:166 [3]:362
[0]:38771840 [1]:5792720 [2]:166 [3]:65
[0]:38987128 [1]:5842490 [2]:166 [3]:364
[0]:39182201 [1]:5887541 [2]:166 [3]:366
[0]:39387402 [1]:5934903 [2]:166 [3]:361
[0]:39607740 [1]:5985788 [2]:166 [3]:363
[0]:39801792 [1]:6030618 [2]:166 [3]:360
[0]:39995955 [1]:6075554 [2]:166 [3]:53
[0]:40217317 [1]:6126623 [2]:166 [3]:359
[0]:40417749 [1]:6172881 [2]:166 [3]:363
[0]:40615463 [1]:6218581 [2]:166 [3]:361
[0]:40813862 [1]:6264380 [2]:166 [3]:360
[0]:41014916 [1]:6310894 [2]:166 [3]:359
[0]:41220136 [1]:6358299 [2]:166 [3]:356
[0]:41493789 [1]:6421556 [2]:166 [3]:364
[0]:41679334 [1]:6464466 [2]:166 [3]:357
[0]:41875360 [1]:6509791 [2]:166 [3]:354
[0]:42074076 [1]:6555735 [2]:166 [3]:360
[0]:42271628 [1]:6601392 [2]:166 [3]:366
[0]:42518975 [1]:6658567 [2]:166 [3]:356
[0]:42713085 [1]:6703402 [2]:166 [3]:359
[0]:42906883 [1]:6748260 [2]:166 [3]:363
[0]:43101289 [1]:6793070 [2]:166 [3]:362
[0]:43299062 [1]:6838734 [2]:166 [3]:360
[0]:43499287 [1]:6885008 [2]:166 [3]:359
[0]:43692051 [1]:6929617 [2]:166 [3]:360
[0]:43896247 [1]:6976795 [2]:166 [3]:354
[0]:44090351 [1]:7021676 [2]:166 [3]:362
[0]:44306687 [1]:7071694 [2]:166 [3]:360
[0]:44497824 [1]:7115825 [2]:166 [3]:362
[0]:44702386 [1]:7163223 [2]:166 [3]:363
[0]:44903756 [1]:7209740 [2]:166 [3]:359
[0]:45097823 [1]:7254632 [2]:166 [3]:355
[0]:45306558 [1]:7297448 [2]:166 [3]:371
[0]:45511609 [1]:7328018 [2]:166 [3]:366
[0]:45732050 [1]:7360778 [2]:166 [3]:354
[0]:45936832 [1]:7391226 [2]:166 [3]:358
[0]:46178027 [1]:7426994 [2]:166 [3]:363
[0]:46378091 [1]:7456640 [2]:163 [3]:356
[0]:46650073 [1]:7497042 [2]:163 [3]:363
[0]:46866435 [1]:7529137 [2]:163 [3]:86
[0]:47079668 [1]:7560919 [2]:163 [3]:371
[0]:47289014 [1]:7592066 [2]:163 [3]:364
[0]:47517176 [1]:7625973 [2]:163 [3]:88
[0]:47725781 [1]:7656776 [2]:163 [3]:368
[0]:47942908 [1]:7689044 [2]:163 [3]:75
[0]:48203307 [1]:7727700 [2]:163 [3]:364
[0]:48434975 [1]:7762110 [2]:163 [3]:366
[0]:48652052 [1]:7794436 [2]:163 [3]:369
[0]:48861070 [1]:7825524 [2]:163 [3]:369
[0]:49065808 [1]:7855957 [2]:163 [3]:367
[0]:49278761 [1]:7887574 [2]:163 [3]:361
[0]:49485022 [1]:7918321 [2]:163 [3]:367
[0]:49696180 [1]:7949575 [2]:163 [3]:363
[0]:49897360 [1]:7979363 [2]:163 [3]:370
[0]:50106332 [1]:8010317 [2]:154 [3]:369
[0]:50350569 [1]:8046627 [2]:154 [3]:364
[0]:50561003 [1]:8077881 [2]:154 [3]:363
[0]:50765914 [1]:8108270 [2]:154 [3]:367
[0]:50965237 [1]:8137872 [2]:154 [3]:366
[0]:51174266 [1]:8168757 [2]:154 [3]:364
[0]:51375323 [1]:8198622 [2]:154 [3]:360
[0]:51591852 [1]:8230742 [2]:154 [3]:355
[0]:51804812 [1]:8262266 [2]:154 [3]:359
[0]:52013655 [1]:8293300 [2]:154 [3]:363
[0]:52222496 [1]:8324265 [2]:154 [3]:356
[0]:52427546 [1]:8354652 [2]:154 [3]:358
[0]:52648235 [1]:8387532 [2]:154 [3]:363
[0]:52853004 [1]:8417933 [2]:154 [3]:364
[0]:53065854 [1]:8449677 [2]:154 [3]:360
[0]:53282372 [1]:8481981 [2]:154 [3]:361
[0]:53487215 [1]:8512394 [2]:154 [3]:366
[0]:53691588 [1]:8542669 [2]:152 [3]:73
[0]:53899805 [1]:8573539 [2]:152 [3]:359
[0]:54094301 [1]:8602407 [2]:152 [3]:362
[0]:54301719 [1]:8633226 [2]:152 [3]:358
[0]:54503033 [1]:8663042 [2]:152 [3]:88
[0]:54730176 [1]:8696659 [2]:152 [3]:362
[0]:54937482 [1]:8727349 [2]:152 [3]:368
[0]:55175936 [1]:8762723 [2]:152 [3]:70
[0]:55383104 [1]:8793507 [2]:152 [3]:361
[0]:55591738 [1]:8824544 [2]:152 [3]:358
[0]:55792663 [1]:8854385 [2]:152 [3]:366
[0]:56004755 [1]:8885940 [2]:152 [3]:79
[0]:56217724 [1]:8917553 [2]:152 [3]:359
[0]:56422556 [1]:8947940 [2]:152 [3]:366
[0]:56636043 [1]:8979522 [2]:152 [3]:359
[0]:56841128 [1]:9009912 [2]:152 [3]:363
[0]:57061780 [1]:9042602 [2]:152 [3]:367
[0]:57274601 [1]:9074172 [2]:151 [3]:357
[0]:57483339 [1]:9105150 [2]:151 [3]:74
[0]:57683764 [1]:9134858 [2]:151 [3]:370
[0]:57913082 [1]:9168875 [2]:151 [3]:372
[0]:58117896 [1]:9199312 [2]:151 [3]:372
[0]:58369718 [1]:9236800 [2]:151 [3]:70
[0]:58570327 [1]:9266495 [2]:151 [3]:362
[0]:58772044 [1]:9296534 [2]:151 [3]:365
[0]:58991567 [1]:9329043 [2]:151 [3]:361
[0]:59225253 [1]:9363721 [2]:151 [3]:368
[0]:59434109 [1]:9394717 [2]:151 [3]:87
[0]:59642931 [1]:9425644 [2]:151 [3]:366
[0]:59854954 [1]:9457034 [2]:151 [3]:359
[0]:60064549 [1]:9488308 [2]:151 [3]:361
[0]:60264802 [1]:9518013 [2]:151 [3]:369
[0]:60470013 [1]:9548448 [2]:151 [3]:361
[0]:60675214 [1]:9578957 [2]:151 [3]:80
[0]:60884302 [1]:9609910 [2]:151 [3]:360
[0]:61098398 [1]:9651446 [2]:151 [3]:53
[0]:61293134 [1]:9696428 [2]:151 [3]:363
[0]:61497644 [1]:9743590 [2]:151 [3]:365
[0]:61721760 [1]:9795381 [2]:151 [3]:363
[0]:61921512 [1]:9841539 [2]:151 [3]:363
[0]:62125659 [1]:9888719 [2]:151 [3]:363
[0]:62326422 [1]:9935115 [2]:151 [3]:359
[0]:62527971 [1]:9981591 [2]:151 [3]:369
[0]:62729495 [1]:10028201 [2]:151 [3]:64
[0]:62927427 [1]:10073888 [2]:151 [3]:364
[0]:63118287 [1]:10118084 [2]:151 [3]:364
[0]:63310560 [1]:10162586 [2]:151 [3]:370
[0]:63520759 [1]:10211128 [2]:151 [3]:353
[0]:63722232 [1]:10257698 [2]:161 [3]:359
[0]:63920232 [1]:10303459 [2]:161 [3]:362
[0]:64117172 [1]:10348946 [2]:161 [3]:355
[0]:64334068 [1]:10399006 [2]:161 [3]:360
[0]:64550910 [1]:10449083 [2]:161 [3]:356
[0]:64741369 [1]:10493091 [2]:161 [3]:357
[0]:64977217 [1]:10547618 [2]:161 [3]:362
[0]:65180804 [1]:10594634 [2]:161 [3]:359
[0]:65379582 [1]:10640450 [2]:161 [3]:367
[0]:65576715 [1]:10685978 [2]:161 [3]:354
[0]:65769557 [1]:10730536 [2]:161 [3]:365
[0]:65966558 [1]:10776061 [2]:161 [3]:58
[0]:66167078 [1]:10822323 [2]:161 [3]:357
[0]:66368834 [1]:10868946 [2]:161 [3]:366
[0]:66588867 [1]:10919832 [2]:165 [3]:358
[0]:66786439 [1]:10965440 [2]:165 [3]:361
[0]:66983221 [1]:11010904 [2]:165 [3]:55
[0]:67178446 [1]:11055972 [2]:165 [3]:362
[0]:67372665 [1]:11100869 [2]:165 [3]:361
[0]:67586795 [1]:11150374 [2]:165 [3]:55
[0]:67793511 [1]:11198134 [2]:165 [3]:362
[0]:67988442 [1]:11243171 [2]:165 [3]:354
[0]:68192622 [1]:11290241 [2]:165 [3]:360
[0]:68391550 [1]:11336228 [2]:165 [3]:368
[0]:68604282 [1]:11385454 [2]:165 [3]:364
[0]:68799303 [1]:11430495 [2]:165 [3]:364
[0]:68991888 [1]:11474945 [2]:165 [3]:362
[0]:69222475 [1]:11528263 [2]:166 [3]:362
[0]:69417982 [1]:11573432 [2]:166 [3]:60
[0]:69638068 [1]:11624262 [2]:166 [3]:357
[0]:69839827 [1]:11670873 [2]:166 [3]:363
[0]:70029036 [1]:11714522 [2]:166 [3]:364
[0]:70220606 [1]:11758778 [2]:166 [3]:359
[0]:70439409 [1]:11809305 [2]:166 [3]:365
[0]:70646043 [1]:11857206 [2]:166 [3]:67
[0]:70843625 [1]:11902834 [2]:166 [3]:57
[0]:71037094 [1]:11947533 [2]:166 [3]:362
[0]:71246868 [1]:11996008 [2]:166 [3]:58
[0]:71437204 [1]:12039954 [2]:166 [3]:360
[0]:71636419 [1]:12086000 [2]:166 [3]:358
[0]:71837740 [1]:12132491 [2]:166 [3]:363
[0]:72030660 [1]:12177088 [2]:166 [3]:359
[0]:72237312 [1]:12224887 [2]:166 [3]:359
[0]:72433593 [1]:12270356 [2]:166 [3]:58
[0]:72631363 [1]:12316073 [2]:166 [3]:359
[0]:72829271 [1]:12361735 [2]:166 [3]:64
[0]:73027169 [1]:12407487 [2]:166 [3]:66
[0]:73224973 [1]:12453206 [2]:166 [3]:362
[0]:73430208 [1]:12500646 [2]:166 [3]:352
[0]:73631787 [1]:12547175 [2]:166 [3]:360
[0]:73831844 [1]:12593443 [2]:166 [3]:358
[0]:74034501 [1]:12640369 [2]:166 [3]:361
[0]:74279921 [1]:12697160 [2]:166 [3]:361
[0]:74491466 [1]:12746022 [2]:166 [3]:363
[0]:74687748 [1]:12791305 [2]:166 [3]:363
[0]:74882902 [1]:12836381 [2]:166 [3]:359
[0]:75072358 [1]:12880183 [2]:166 [3]:363
[0]:75286440 [1]:12929642 [2]:166 [3]:355
[0]:75484403 [1]:12975406 [2]:166 [3]:359
[0]:75684755 [1]:13021609 [2]:166 [3]:362
[0]:75894111 [1]:13063477 [2]:166 [3]:360
[0]:76118376 [1]:13096661 [2]:166 [3]:357
[0]:76323611 [1]:13127069 [2]:166 [3]:82
[0]:76525149 [1]:13156921 [2]:166 [3]:371
[0]:76737371 [1]:13188418 [2]:166 [3]:363
[0]:76946119 [1]:13219363 [2]:166 [3]:370
[0]:77157949 [1]:13250802 [2]:166 [3]:362
[0]:77363879 [1]:13281444 [2]:166 [3]:364
[0]:77578689 [1]:13313299 [2]:166 [3]:367
[0]:77793532 [1]:13345130 [2]:166 [3]:366
[0]:78006382 [1]:13376689 [2]:166 [3]:366
[0]:78230613 [1]:13409951 [2]:159 [3]:366
[0]:78437688 [1]:13440635 [2]:159 [3]:359
[0]:78653261 [1]:13472671 [2]:159 [3]:365
[0]:78862464 [1]:13503710 [2]:159 [3]:69
[0]:79091325 [1]:13537705 [2]:159 [3]:365
[0]:79294882 [1]:13567992 [2]:159 [3]:363
[0]:79501623 [1]:13598658 [2]:159 [3]:82
[0]:79716289 [1]:13630525 [2]:159 [3]:361
[0]:79941285 [1]:13663867 [2]:159 [3]:361
[0]:80162038 [1]:13696619 [2]:159 [3]:372
[0]:80370498 [1]:13727706 [2]:159 [3]:359
[0]:80575691 [1]:13758123 [2]:159 [3]:366
[0]:80819413 [1]:13794382 [2]:159 [3]:374
[0]:81024859 [1]:13824871 [2]:159 [3]:368
[0]:81233742 [1]:13855889 [2]:159 [3]:366
[0]:81446509 [1]:13887481 [2]:159 [3]:363
[0]:81661589 [1]:13919381 [2]:159 [3]:360
[0]:81871757 [1]:13950630 [2]:153 [3]:361
[0]:82084892 [1]:13982291 [2]:153 [3]:371
[0]:82368738 [1]:14024295 [2]:153 [3]:378
[0]:82571904 [1]:14054572 [2]:153 [3]:365
[0]:82809962 [1]:14089986 [2]:153 [3]:86
[0]:83021820 [1]:14121472 [2]:153 [3]:369
[0]:83231590 [1]:14152558 [2]:153 [3]:363
[0]:83444562 [1]:14184107 [2]:153 [3]:361
[0]:83669744 [1]:14217613 [2]:153 [3]:370
[0]:83881281 [1]:14249009 [2]:153 [3]:370
[0]:84094600 [1]:14280823 [2]:153 [3]:364
[0]:84303347 [1]:14311774 [2]:153 [3]:357
[0]:84512283 [1]:14342790 [2]:153 [3]:360
[0]:84733137 [1]:14375754 [2]:153 [3]:359
[0]:85063183 [1]:14424777 [2]:153 [3]:359
[0]:85276576 [1]:14456362 [2]:153 [3]:79
[0]:85477740 [1]:14486129 [2]:151 [3]:367
[0]:85686687 [1]:14517151 [2]:151 [3]:370
[0]:85891483 [1]:14547546 [2]:151 [3]:365
[0]:86096459 [1]:14577912 [2]:151 [3]:74
[0]:86309334 [1]:14609377 [2]:151 [3]:360
[0]:86528693 [1]:14641906 [2]:151 [3]:365
[0]:86750742 [1]:14674861 [2]:151 [3]:364
[0]:86956576 [1]:14705445 [2]:151 [3]:371
[0]:87184130 [1]:14739109 [2]:151 [3]:370
[0]:87391962 [1]:14769876 [2]:151 [3]:82
[0]:87602044 [1]:14801004 [2]:151 [3]:77
[0]:87803208 [1]:14830957 [2]:151 [3]:365
[0]:88004912 [1]:14860915 [2]:151 [3]:358
[0]:88204627 [1]:14890576 [2]:151 [3]:363
[0]:88406010 [1]:14920428 [2]:151 [3]:369
[0]:88608310 [1]:14950415 [2]:151 [3]:356
[0]:88830502 [1]:14983342 [2]:151 [3]:368
[0]:89048406 [1]:15015667 [2]:151 [3]:364
[0]:89250629 [1]:15045730 [2]:151 [3]:363
[0]:89462088 [1]:15077238 [2]:151 [3]:359
[0]:89662907 [1]:15107118 [2]:151 [3]:360
[0]:89870989 [1]:15138034 [2]:151 [3]:361
[0]:90080538 [1]:15169146 [2]:151 [3]:363
[0]:90302262 [1]:15202013 [2]:151 [3]:361
[0]:90514969 [1]:15233494 [2]:151 [3]:354
[0]:90715303 [1]:15263194 [2]:151 [3]:373
[0]:90928031 [1]:15294776 [2]:151 [3]:364
[0]:91199721 [1]:15335080 [2]:151 [3]:367
[0]:91424528 [1]:15368410 [2]:151 [3]:74
[0]:91625161 [1]:15403853 [2]:151 [3]:356
[0]:91838005 [1]:15452994 [2]:151 [3]:361
[0]:92058634 [1]:15503945 [2]:151 [3]:363
[0]:92264019 [1]:15551352 [2]:151 [3]:364
[0]:92461733 [1]:15597088 [2]:154 [3]:58
[0]:92661037 [1]:15643162 [2]:154 [3]:365
[0]:92849881 [1]:15686862 [2]:154 [3]:356
[0]:93047708 [1]:15732649 [2]:154 [3]:362
[0]:93252946 [1]:15780022 [2]:154 [3]:356
[0]:93473182 [1]:15830876 [2]:154 [3]:362
[0]:93667237 [1]:15875679 [2]:154 [3]:360
[0]:93864421 [1]:15921275 [2]:154 [3]:357
[0]:94089505 [1]:15973204 [2]:154 [3]:358
[0]:94286747 [1]:16018774 [2]:154 [3]:362
[0]:94481173 [1]:16063697 [2]:154 [3]:56
[0]:94716105 [1]:16117991 [2]:154 [3]:364
[0]:94926118 [1]:16166519 [2]:154 [3]:57
[0]:95126717 [1]:16212787 [2]:163 [3]:359
[0]:95320152 [1]:16257447 [2]:163 [3]:364
[0]:95511166 [1]:16301555 [2]:163 [3]:359
[0]:95712199 [1]:16348038 [2]:163 [3]:361
[0]:95910517 [1]:16393878 [2]:163 [3]:366
[0]:96104548 [1]:16438678 [2]:163 [3]:359
[0]:96308992 [1]:16485941 [2]:163 [3]:58
[0]:96541300 [1]:16539656 [2]:163 [3]:362
[0]:96735310 [1]:16584497 [2]:163 [3]:356
[0]:96955723 [1]:16635331 [2]:163 [3]:360
[0]:97172124 [1]:16685355 [2]:163 [3]:355
[0]:97374527 [1]:16732134 [2]:163 [3]:58
[0]:97571410 [1]:16777601 [2]:163 [3]:366
[0]:97768623 [1]:16823187 [2]:163 [3]:365
[0]:97967144 [1]:16869003 [2]:165 [3]:362
[0]:98172564 [1]:16916492 [2]:165 [3]:53
[0]:98366487 [1]:16961347 [2]:165 [3]:62
[0]:98575457 [1]:17009647 [2]:165 [3]:358
[0]:98769535 [1]:17054423 [2]:165 [3]:361
[0]:98978576 [1]:17102735 [2]:165 [3]:365
[0]:99221147 [1]:17158819 [2]:165 [3]:364
[0]:99418804 [1]:17204480 [2]:165 [3]:362
[0]:99615375 [1]:17249937 [2]:165 [3]:58
[0]:99810561 [1]:17295062 [2]:165 [3]:361
[0]:100004902 [1]:17340012 [2]:165 [3]:364
[0]:100198947 [1]:17384828 [2]:165 [3]:357
[0]:100400492 [1]:17431434 [2]:165 [3]:355
[0]:100622264 [1]:17482613 [2]:165 [3]:367
[0]:100822374 [1]:17528873 [2]:166 [3]:366
[0]:101023606 [1]:17575316 [2]:166 [3]:361
[0]:101215318 [1]:17619628 [2]:166 [3]:360
[0]:101412035 [1]:17665078 [2]:166 [3]:359
[0]:101609776 [1]:17710729 [2]:166 [3]:363
[0]:101825955 [1]:17760668 [2]:166 [3]:357
[0]:102020976 [1]:17805738 [2]:166 [3]:51
[0]:102217006 [1]:17850996 [2]:166 [3]:353
[0]:102415988 [1]:17896985 [2]:166 [3]:364
[0]:102598541 [1]:17939107 [2]:166 [3]:62
[0]:102793093 [1]:17984071 [2]:166 [3]:355
[0]:102989415 [1]:18029495 [2]:166 [3]:360
[0]:103182187 [1]:18074026 [2]:166 [3]:57
[0]:103375205 [1]:18118715 [2]:166 [3]:361
[0]:103564683 [1]:18162449 [2]:166 [3]:358
[0]:103755745 [1]:18206621 [2]:166 [3]:362
[0]:103961289 [1]:18254116 [2]:166 [3]:362
[0]:104158999 [1]:18299754 [2]:166 [3]:364
[0]:104368134 [1]:18348046 [2]:166 [3]:58
[0]:104562521 [1]:18392921 [2]:166 [3]:365
[0]:104750930 [1]:18436443 [2]:166 [3]:366
[0]:104958151 [1]:18484309 [2]:166 [3]:357
[0]:105159327 [1]:18530755 [2]:166 [3]:362
[0]:105379858 [1]:18581647 [2]:166 [3]:364
[0]:105599932 [1]:18632527 [2]:166 [3]:364
[0]:105794054 [1]:18677408 [2]:166 [3]:359
[0]:106011773 [1]:18727702 [2]:166 [3]:357
[0]:106204609 [1]:18772192 [2]:166 [3]:365
[0]:106403825 [1]:18818200 [2]:166 [3]:366
[0]:106596168 [1]:18862658 [2]:166 [3]:59
[0]:106824721 [1]:18901058 [2]:166 [3]:368
[0]:107026362 [1]:18930966 [2]:166 [3]:379
[0]:107240111 [1]:18962655 [2]:166 [3]:364
[0]:107440862 [1]:18992434 [2]:166 [3]:374
[0]:107645724 [1]:19022854 [2]:166 [3]:368
[0]:107846392 [1]:19052595 [2]:166 [3]:374
[0]:108047545 [1]:19082352 [2]:166 [3]:370
[0]:108264496 [1]:19114441 [2]:166 [3]:369
[0]:108484832 [1]:19147129 [2]:166 [3]:371
[0]:108707892 [1]:19180307 [2]:166 [3]:373
[0]:108910595 [1]:19210371 [2]:166 [3]:365
[0]:109115569 [1]:19240791 [2]:166 [3]:359
[0]:109344256 [1]:19274737 [2]:166 [3]:369
[0]:109547502 [1]:19304913 [2]:166 [3]:369
[0]:109757676 [1]:19336235 [2]:166 [3]:362
[0]:109963483 [1]:19366903 [2]:156 [3]:346
[0]:110173538 [1]:19398260 [2]:156 [3]:368
[0]:110378218 [1]:19428749 [2]:156 [3]:365
[0]:110612409 [1]:19463497 [2]:156 [3]:85
[0]:110821603 [1]:19494615 [2]:156 [3]:367
[0]:111022454 [1]:19524501 [2]:156 [3]:74
[0]:111219496 [1]:19553661 [2]:156 [3]:367
[0]:111424305 [1]:19584064 [2]:156 [3]:372
[0]:111625337 [1]:19613842 [2]:156 [3]:375
[0]:111834402 [1]:19644876 [2]:156 [3]:368
[0]:112039747 [1]:19675310 [2]:156 [3]:84
[0]:112254542 [1]:19707268 [2]:156 [3]:80
[0]:112476544 [1]:19740136 [2]:156 [3]:368
[0]:112685693 [1]:19771167 [2]:156 [3]:370
[0]:112897854 [1]:19802634 [2]:156 [3]:361
[0]:113100942 [1]:19832700 [2]:156 [3]:82
[0]:113304430 [1]:19862921 [2]:156 [3]:85
[0]:113518168 [1]:19894652 [2]:152 [3]:370
[0]:113714160 [1]:19923661 [2]:152 [3]:359
[0]:113922919 [1]:19954789 [2]:152 [3]:364
[0]:114127965 [1]:19985083 [2]:152 [3]:77
[0]:114340663 [1]:20016578 [2]:152 [3]:355
[0]:114549396 [1]:20047532 [2]:152 [3]:365
[0]:114758603 [1]:20078551 [2]:152 [3]:363
[0]:114963538 [1]:20109050 [2]:152 [3]:367
[0]:115172268 [1]:20139963 [2]:152 [3]:365
[0]:115466532 [1]:20183613 [2]:152 [3]:359
[0]:115676912 [1]:20214750 [2]:152 [3]:367
[0]:115874601 [1]:20243997 [2]:152 [3]:78
[0]:116098673 [1]:20277197 [2]:152 [3]:363
[0]:116315308 [1]:20309353 [2]:152 [3]:359
[0]:116531942 [1]:20341479 [2]:152 [3]:368
[0]:116759324 [1]:20375258 [2]:152 [3]:354
[0]:116971672 [1]:20406770 [2]:152 [3]:364
[0]:117174006 [1]:20436716 [2]:151 [3]:357
[0]:117381075 [1]:20467477 [2]:151 [3]:363
[0]:117588073 [1]:20498259 [2]:151 [3]:367
[0]:117824456 [1]:20533297 [2]:151 [3]:368
[0]:118025621 [1]:20563065 [2]:151 [3]:357
[0]:118238506 [1]:20594562 [2]:151 [3]:368
[0]:118450873 [1]:20625975 [2]:151 [3]:366
[0]:118675899 [1]:20659382 [2]:151 [3]:369
[0]:118892682 [1]:20691615 [2]:151 [3]:367
[0]:119107671 [1]:20723463 [2]:151 [3]:355
[0]:119328668 [1]:20756426 [2]:151 [3]:374
[0]:119527140 [1]:20785873 [2]:151 [3]:367
[0]:119739805 [1]:20817380 [2]:151 [3]:95
[0]:119936512 [1]:20846598 [2]:151 [3]:364
[0]:120133851 [1]:20875837 [2]:151 [3]:363
[0]:120334906 [1]:20905630 [2]:151 [3]:361
[0]:120539810 [1]:20936099 [2]:151 [3]:360
[0]:120748278 [1]:20967001 [2]:151 [3]:365
[0]:120948290 [1]:20996712 [2]:151 [3]:367
[0]:121158484 [1]:21027884 [2]:151 [3]:373
[0]:121363411 [1]:21058254 [2]:151 [3]:360
[0]:121564377 [1]:21088046 [2]:151 [3]:80
[0]:121800930 [1]:21123200 [2]:151 [3]:79
[0]:122019387 [1]:21155593 [2]:151 [3]:371
[0]:122223944 [1]:21186003 [2]:151 [3]:354
[0]:122433387 [1]:21220528 [2]:151 [3]:364
[0]:122637893 [1]:21267838 [2]:151 [3]:360
[0]:122835019 [1]:21313435 [2]:151 [3]:367
[0]:123033325 [1]:21359256 [2]:151 [3]:366
[0]:123246568 [1]:21408516 [2]:151 [3]:359
[0]:123440718 [1]:21453399 [2]:151 [3]:360
[0]:123638622 [1]:21499219 [2]:151 [3]:370
[0]:123836066 [1]:21544766 [2]:156 [3]:363
[0]:124041517 [1]:21592195 [2]:156 [3]:365
[0]:124248951 [1]:21640057 [2]:156 [3]:62
[0]:124437137 [1]:21683512 [2]:156 [3]:361
[0]:124638841 [1]:21730136 [2]:156 [3]:355
[0]:124847786 [1]:21778414 [2]:156 [3]:360
[0]:125071957 [1]:21830218 [2]:156 [3]:366
[0]:125273274 [1]:21876751 [2]:156 [3]:360
[0]:125474783 [1]:21923360 [2]:156 [3]:354
[0]:125665095 [1]:21967383 [2]:156 [3]:362
[0]:125879502 [1]:22016900 [2]:156 [3]:369
[0]:126105620 [1]:22069110 [2]:156 [3]:65
[0]:126299694 [1]:22113975 [2]:156 [3]:360
[0]:126493709 [1]:22158828 [2]:156 [3]:363
[0]:126727094 [1]:22212723 [2]:163 [3]:356
[0]:126921995 [1]:22257771 [2]:163 [3]:62
[0]:127120897 [1]:22303682 [2]:163 [3]:361
[0]:127372912 [1]:22361893 [2]:163 [3]:359
[0]:127572596 [1]:22407991 [2]:163 [3]:358
[0]:127766469 [1]:22452825 [2]:163 [3]:359
[0]:127968143 [1]:22499402 [2]:163 [3]:366
[0]:128160295 [1]:22543767 [2]:163 [3]:362
[0]:128356222 [1]:22589075 [2]:163 [3]:353
[0]:128546632 [1]:22633033 [2]:163 [3]:356
[0]:128781468 [1]:22687283 [2]:163 [3]:60
[0]:128979461 [1]:22733032 [2]:163 [3]:360
[0]:129177360 [1]:22778730 [2]:163 [3]:361
[0]:129371510 [1]:22823574 [2]:163 [3]:361
[0]:129587969 [1]:22873576 [2]:165 [3]:58
[0]:129777329 [1]:22917314 [2]:165 [3]:355
[0]:129972138 [1]:22962316 [2]:165 [3]:359
[0]:130218619 [1]:23019323 [2]:165 [3]:365
[0]:130408803 [1]:23063175 [2]:165 [3]:358
[0]:130616381 [1]:23111103 [2]:165 [3]:367
[0]:130812264 [1]:23156373 [2]:165 [3]:364
[0]:131021221 [1]:23204592 [2]:165 [3]:360
[0]:131249161 [1]:23257316 [2]:165 [3]:56
[0]:131442425 [1]:23301942 [2]:165 [3]:361
[0]:131655683 [1]:23351180 [2]:165 [3]:363
[0]:131853616 [1]:23396854 [2]:165 [3]:361
[0]:132050967 [1]:23442411 [2]:165 [3]:358
[0]:132246510 [1]:23487525 [2]:166 [3]:369
[0]:132450815 [1]:23534759 [2]:166 [3]:354
[0]:132648647 [1]:23580520 [2]:166 [3]:60
[0]:132838806 [1]:23624506 [2]:166 [3]:359
[0]:133044279 [1]:23671997 [2]:166 [3]:360
[0]:133245784 [1]:23718458 [2]:166 [3]:369
[0]:133443797 [1]:23764204 [2]:166 [3]:367
[0]:133634037 [1]:23808124 [2]:166 [3]:352
[0]:133830667 [1]:23853561 [2]:166 [3]:362
[0]:134022165 [1]:23897746 [2]:166 [3]:361
[0]:134220118 [1]:23943433 [2]:166 [3]:365
[0]:134416526 [1]:23988862 [2]:166 [3]:357
[0]:134616275 [1]:24035006 [2]:166 [3]:62
[0]:134809666 [1]:24079716 [2]:166 [3]:363
[0]:135012859 [1]:24126594 [2]:166 [3]:363
[0]:135205399 [1]:24171117 [2]:166 [3]:62
[0]:135402749 [1]:24216681 [2]:166 [3]:355
[0]:135598366 [1]:24261864 [2]:166 [3]:365
[0]:135792415 [1]:24306703 [2]:166 [3]:67
[0]:136000315 [1]:24354705 [2]:166 [3]:60
[0]:136198155 [1]:24400346 [2]:166 [3]:362
[0]:136389501 [1]:24444527 [2]:166 [3]:362
[0]:136618194 [1]:24497392 [2]:166 [3]:366
[0]:136841408 [1]:24548977 [2]:166 [3]:362
[0]:137052904 [1]:24597831 [2]:166 [3]:56
[0]:137250439 [1]:24638107 [2]:166 [3]:360
[0]:137466544 [1]:24670159 [2]:166 [3]:358
[0]:137679495 [1]:24701918 [2]:166 [3]:365
[0]:137889254 [1]:24733001 [2]:166 [3]:368
[0]:138120921 [1]:24767337 [2]:163 [3]:359
[0]:138344583 [1]:24800476 [2]:163 [3]:367
[0]:138547742 [1]:24830605 [2]:163 [3]:371
[0]:138756131 [1]:24861478 [2]:163 [3]:367
[0]:138960850 [1]:24891885 [2]:163 [3]:369
[0]:139169606 [1]:24922822 [2]:163 [3]:367
[0]:139378687 [1]:24953837 [2]:163 [3]:361
[0]:139587488 [1]:24984929 [2]:163 [3]:359
[0]:139800085 [1]:25016474 [2]:163 [3]:367
[0]:140013182 [1]:25048075 [2]:163 [3]:360
[0]:140213148 [1]:25077747 [2]:163 [3]:356
[0]:140430754 [1]:25110120 [2]:163 [3]:368
[0]:140632194 [1]:25140049 [2]:163 [3]:360
[0]:140860335 [1]:25173960 [2]:163 [3]:366
[0]:141069004 [1]:25204939 [2]:163 [3]:373
[0]:141277904 [1]:25235907 [2]:163 [3]:364
[0]:141489470 [1]:25267354 [2]:163 [3]:77
[0]:141691546 [1]:25297398 [2]:154 [3]:371
[0]:141906885 [1]:25329363 [2]:154 [3]:357
[0]:142121255 [1]:25361155 [2]:154 [3]:358
[0]:142337510 [1]:25393191 [2]:154 [3]:371
[0]:142558690 [1]:25425954 [2]:154 [3]:370
[0]:142767586 [1]:25456890 [2]:154 [3]:361
[0]:142964029 [1]:25486092 [2]:154 [3]:74
[0]:143181320 [1]:25518308 [2]:154 [3]:360
[0]:143385870 [1]:25548663 [2]:154 [3]:359
[0]:143633995 [1]:25585473 [2]:154 [3]:357
[0]:143839541 [1]:25615974 [2]:154 [3]:368
[0]:144042051 [1]:25646043 [2]:154 [3]:81
[0]:144249342 [1]:25676835 [2]:154 [3]:368
[0]:144525353 [1]:25717714 [2]:154 [3]:364
[0]:144742214 [1]:25749882 [2]:154 [3]:365
[0]:144944308 [1]:25779875 [2]:154 [3]:360
[0]:145149692 [1]:25810347 [2]:154 [3]:368
[0]:145360797 [1]:25841612 [2]:152 [3]:366
[0]:145565314 [1]:25872024 [2]:152 [3]:367
[0]:145783288 [1]:25904275 [2]:152 [3]:361
[0]:145988684 [1]:25934743 [2]:152 [3]:371
[0]:146192315 [1]:25964996 [2]:152 [3]:75
[0]:146406375 [1]:25996749 [2]:152 [3]:81
[0]:146613963 [1]:26027570 [2]:152 [3]:369
[0]:146834842 [1]:26060332 [2]:152 [3]:353
[0]:147059312 [1]:26093521 [2]:152 [3]:370
[0]:147269614 [1]:26124695 [2]:152 [3]:77
[0]:147476557 [1]:26155382 [2]:152 [3]:359
[0]:147685975 [1]:26186430 [2]:152 [3]:365
[0]:147894589 [1]:26217461 [2]:152 [3]:86
[0]:148106038 [1]:26248881 [2]:152 [3]:363
[0]:148308394 [1]:26279079 [2]:152 [3]:79
[0]:148512135 [1]:26309356 [2]:152 [3]:359
[0]:148734029 [1]:26342291 [2]:152 [3]:358
[0]:148947538 [1]:26373906 [2]:151 [3]:359
[0]:149150357 [1]:26404020 [2]:151 [3]:80
[0]:149368619 [1]:26436460 [2]:151 [3]:369
[0]:149579222 [1]:26467700 [2]:151 [3]:361
[0]:149787405 [1]:26498504 [2]:151 [3]:357
[0]:149999194 [1]:26529872 [2]:151 [3]:359
[0]:150200144 [1]:26559640 [2]:151 [3]:362
[0]:150405238 [1]:26590076 [2]:151 [3]:357
[0]:150628263 [1]:26623175 [2]:151 [3]:363
[0]:150822806 [1]:26652035 [2]:151 [3]:352
[0]:151031641 [1]:26683048 [2]:151 [3]:363
[0]:151236546 [1]:26713448 [2]:151 [3]:367
[0]:151479322 [1]:26749506 [2]:151 [3]:360
[0]:151702124 [1]:26782549 [2]:151 [3]:365
[0]:151925072 [1]:26815652 [2]:151 [3]:363
[0]:152131278 [1]:26846214 [2]:151 [3]:358
[0]:152343905 [1]:26877740 [2]:151 [3]:370
[0]:152572147 [1]:26911531 [2]:151 [3]:360
[0]:152781278 [1]:26942499 [2]:151 [3]:365
[0]:152996392 [1]:26980109 [2]:151 [3]:364
[0]:153203097 [1]:27027875 [2]:151 [3]:365
[0]:153404972 [1]:27074533 [2]:151 [3]:369
[0]:153602977 [1]:27120223 [2]:151 [3]:363
[0]:153801841 [1]:27166213 [2]:151 [3]:367
[0]:153994561 [1]:27210764 [2]:151 [3]:362
[0]:154192477 [1]:27256557 [2]:151 [3]:356
[0]:154382783 [1]:27300533 [2]:151 [3]:54
[0]:154588252 [1]:27347975 [2]:151 [3]:361
[0]:154786012 [1]:27393618 [2]:151 [3]:360
[0]:154980093 [1]:27438402 [2]:151 [3]:58
[0]:155173910 [1]:27483162 [2]:151 [3]:52
[0]:155375602 [1]:27529777 [2]:160 [3]:354
[0]:155583072 [1]:27577685 [2]:160 [3]:360
[0]:155773042 [1]:27621608 [2]:160 [3]:364
[0]:155979671 [1]:27669343 [2]:160 [3]:358
[0]:156178679 [1]:27715339 [2]:160 [3]:367
[0]:156375709 [1]:27760849 [2]:160 [3]:365
[0]:156574564 [1]:27806788 [2]:160 [3]:364
[0]:156771668 [1]:27852339 [2]:160 [3]:358
[0]:156969459 [1]:27898046 [2]:160 [3]:58
[0]:157173911 [1]:27945284 [2]:160 [3]:357
[0]:157364821 [1]:27989343 [2]:160 [3]:356
[0]:157566215 [1]:28035905 [2]:160 [3]:363
[0]:157757664 [1]:28080221 [2]:160 [3]:59
[0]:157969741 [1]:28129166 [2]:160 [3]:371
[0]:158163754 [1]:28173969 [2]:165 [3]:355
[0]:158365452 [1]:28220482 [2]:165 [3]:356
[0]:158570699 [1]:28267909 [2]:165 [3]:360
[0]:158764830 [1]:28312787 [2]:165 [3]:355
[0]:158963305 [1]:28358641 [2]:165 [3]:358
[0]:159164190 [1]:28404975 [2]:165 [3]:66
[0]:159368639 [1]:28452257 [2]:165 [3]:363
[0]:159567303 [1]:28498171 [2]:165 [3]:365
[0]:159765096 [1]:28543860 [2]:165 [3]:365
[0]:159962934 [1]:28589596 [2]:165 [3]:363
[0]:160160682 [1]:28635222 [2]:165 [3]:59
[0]:160354634 [1]:28680071 [2]:165 [3]:364
[0]:160556364 [1]:28726782 [2]:165 [3]:356
[0]:160761550 [1]:28774163 [2]:165 [3]:363
[0]:160959278 [1]:28819935 [2]:166 [3]:362
[0]:161172157 [1]:28869055 [2]:166 [3]:67
[0]:161369596 [1]:28914693 [2]:166 [3]:356
[0]:161569717 [1]:28960980 [2]:166 [3]:364
[0]:161772936 [1]:29007997 [2]:166 [3]:58
[0]:161967081 [1]:29052763 [2]:166 [3]:364
[0]:162161101 [1]:29097551 [2]:166 [3]:358
[0]:162351440 [1]:29141572 [2]:166 [3]:362
[0]:162567649 [1]:29191514 [2]:166 [3]:362
[0]:162794799 [1]:29243987 [2]:166 [3]:359
[0]:162997305 [1]:29290637 [2]:166 [3]:64
[0]:163202587 [1]:29338043 [2]:166 [3]:360
[0]:163392863 [1]:29382040 [2]:166 [3]:361
[0]:163601850 [1]:29430336 [2]:166 [3]:354
[0]:163794572 [1]:29474814 [2]:166 [3]:356
[0]:163990110 [1]:29519881 [2]:166 [3]:361
[0]:164187535 [1]:29565455 [2]:166 [3]:66
[0]:164408534 [1]:29616492 [2]:166 [3]:360
[0]:164606842 [1]:29662305 [2]:166 [3]:58
[0]:164812155 [1]:29709719 [2]:166 [3]:56
[0]:165001583 [1]:29753470 [2]:166 [3]:63
[0]:165225669 [1]:29805257 [2]:166 [3]:365
[0]:165415743 [1]:29849232 [2]:166 [3]:64
[0]:165606747 [1]:29893313 [2]:166 [3]:361
[0]:165805809 [1]:29939269 [2]:166 [3]:361
[0]:166020701 [1]:29988926 [2]:166 [3]:361
[0]:166215342 [1]:30033862 [2]:166 [3]:363
[0]:166414133 [1]:30079764 [2]:166 [3]:61
[0]:166604883 [1]:30123802 [2]:166 [3]:62
[0]:166811323 [1]:30171422 [2]:166 [3]:366
[0]:167011354 [1]:30217654 [2]:166 [3]:363
[0]:167203676 [1]:30262068 [2]:166 [3]:355
[0]:167405487 [1]:30308700 [2]:166 [3]:362
[0]:167603238 [1]:30354341 [2]:166 [3]:358
[0]:167812293 [1]:30402617 [2]:166 [3]:368
[0]:168010526 [1]:30448393 [2]:166 [3]:361
[0]:168221575 [1]:30481487 [2]:166 [3]:359
[0]:168433467 [1]:30512945 [2]:166 [3]:364
[0]:168651402 [1]:30545154 [2]:166 [3]:75
[0]:168844905 [1]:30573887 [2]:166 [3]:365
[0]:169056978 [1]:30605345 [2]:166 [3]:374
[0]:169309135 [1]:30642681 [2]:166 [3]:361
[0]:169518398 [1]:30673723 [2]:166 [3]:366
[0]:169731089 [1]:30705187 [2]:161 [3]:370
[0]:169943790 [1]:30736936 [2]:161 [3]:357
[0]:170144908 [1]:30766700 [2]:161 [3]:361
[0]:170349667 [1]:30797105 [2]:161 [3]:368
[0]:170562669 [1]:30828653 [2]:161 [3]:360
[0]:170775457 [1]:30860141 [2]:161 [3]:80
[0]:170996256 [1]:30892849 [2]:161 [3]:370
[0]:171214030 [1]:30925249 [2]:161 [3]:365
[0]:171480997 [1]:30964760 [2]:161 [3]:364
[0]:171677843 [1]:30994096 [2]:161 [3]:371
[0]:171881104 [1]:31024162 [2]:161 [3]:365
[0]:172095686 [1]:31055865 [2]:161 [3]:366
[0]:172304776 [1]:31086872 [2]:161 [3]:364
[0]:172513620 [1]:31117674 [2]:161 [3]:367
[0]:172722383 [1]:31148696 [2]:161 [3]:77
[0]:172920230 [1]:31178078 [2]:161 [3]:68
[0]:173132338 [1]:31209466 [2]:161 [3]:360
[0]:173364683 [1]:31243868 [2]:154 [3]:355
[0]:173569293 [1]:31274158 [2]:154 [3]:363
[0]:173774552 [1]:31304560 [2]:154 [3]:359
[0]:173999319 [1]:31337950 [2]:154 [3]:365
[0]:174201715 [1]:31367892 [2]:154 [3]:358
[0]:174409153 [1]:31398703 [2]:154 [3]:354
[0]:174621777 [1]:31430120 [2]:154 [3]:367
[0]:174828237 [1]:31460706 [2]:154 [3]:366
[0]:175039855 [1]:31492056 [2]:154 [3]:372
[0]:175241008 [1]:31521816 [2]:154 [3]:371
[0]:175441656 [1]:31551617 [2]:154 [3]:363
[0]:175670360 [1]:31585653 [2]:154 [3]:367
[0]:175883090 [1]:31617278 [2]:154 [3]:359
[0]:176092163 [1]:31648218 [2]:154 [3]:74
[0]:176354000 [1]:31687006 [2]:154 [3]:71
[0]:176561032 [1]:31717735 [2]:154 [3]:363
[0]:176769825 [1]:31748833 [2]:154 [3]:371
[0]:176988896 [1]:31781354 [2]:152 [3]:359
[0]:177216879 [1]:31815135 [2]:152 [3]:75
[0]:177428910 [1]:31846520 [2]:152 [3]:362
[0]:177628766 [1]:31876174 [2]:152 [3]:366
[0]:177832138 [1]:31906264 [2]:152 [3]:92
[0]:178046510 [1]:31938172 [2]:152 [3]:364
[0]:178255445 [1]:31969083 [2]:152 [3]:370
[0]:178464468 [1]:32000004 [2]:152 [3]:69
[0]:178664964 [1]:32029730 [2]:152 [3]:364
[0]:178874095 [1]:32060728 [2]:152 [3]:357
[0]:179087150 [1]:32092261 [2]:152 [3]:370
[0]:179299922 [1]:32123813 [2]:152 [3]:364
[0]:179500890 [1]:32153592 [2]:152 [3]:361
[0]:179729630 [1]:32187500 [2]:152 [3]:366
[0]:179960564 [1]:32221673 [2]:152 [3]:360
[0]:180159092 [1]:32251116 [2]:152 [3]:359
[0]:180375942 [1]:32283242 [2]:152 [3]:360
[0]:180569088 [1]:32311822 [2]:151 [3]:371
[0]:180770021 [1]:32341666 [2]:151 [3]:77
[0]:181052697 [1]:32383608 [2]:151 [3]:368
[0]:181255614 [1]:32413674 [2]:151 [3]:367
[0]:181482645 [1]:32447332 [2]:151 [3]:374
[0]:181700108 [1]:32479668 [2]:151 [3]:369
[0]:181901025 [1]:32509524 [2]:151 [3]:369
[0]:182109734 [1]:32540482 [2]:151 [3]:356
[0]:182318737 [1]:32571409 [2]:151 [3]:78
[0]:182523267 [1]:32601711 [2]:151 [3]:361
[0]:182720658 [1]:32631093 [2]:151 [3]:357
[0]:182929509 [1]:32662137 [2]:151 [3]:363
[0]:183141950 [1]:32693661 [2]:151 [3]:355
[0]:183340796 [1]:32723122 [2]:151 [3]:361
[0]:183548170 [1]:32753924 [2]:151 [3]:356
[0]:183765012 [1]:32786050 [2]:151 [3]:352
[0]:183970683 [1]:32833023 [2]:151 [3]:355
[0]:184188792 [1]:32883457 [2]:152 [3]:57
[0]:184388149 [1]:32929376 [2]:152 [3]:356
[0]:184623807 [1]:32983819 [2]:152 [3]:364
[0]:184814293 [1]:33027784 [2]:152 [3]:363
[0]:185012118 [1]:33073446 [2]:152 [3]:356
[0]:185209878 [1]:33119027 [2]:152 [3]:356
[0]:185404620 [1]:33164052 [2]:152 [3]:362
[0]:185593693 [1]:33207737 [2]:152 [3]:364
[0]:185820024 [1]:33260052 [2]:152 [3]:364
[0]:186005030 [1]:33302829 [2]:152 [3]:358
[0]:186206464 [1]:33349285 [2]:152 [3]:356
[0]:186407149 [1]:33395620 [2]:152 [3]:370
[0]:186613561 [1]:33443345 [2]:152 [3]:56
[0]:186818540 [1]:33490723 [2]:152 [3]:361
[0]:187010841 [1]:33535118 [2]:162 [3]:352
[0]:187206888 [1]:33580291 [2]:162 [3]:61
[0]:187434536 [1]:33632939 [2]:162 [3]:362
[0]:187631829 [1]:33678528 [2]:162 [3]:359
[0]:187826285 [1]:33723465 [2]:162 [3]:57
[0]:188019935 [1]:33768182 [2]:162 [3]:357
[0]:188226738 [1]:33815909 [2]:162 [3]:363
[0]:188418516 [1]:33860246 [2]:162 [3]:356
[0]:188622990 [1]:33907509 [2]:162 [3]:370
[0]:188823992 [1]:33953983 [2]:162 [3]:358
[0]:189053167 [1]:34006878 [2]:162 [3]:360
[0]:189240943 [1]:34050283 [2]:162 [3]:57
[0]:189436618 [1]:34095497 [2]:162 [3]:359
[0]:189644025 [1]:34143425 [2]:165 [3]:359
[0]:189844318 [1]:34189732 [2]:165 [3]:356
[0]:190035865 [1]:34233961 [2]:165 [3]:370
[0]:190237452 [1]:34280609 [2]:165 [3]:55
[0]:190493247 [1]:34339763 [2]:165 [3]:361
[0]:190689003 [1]:34384985 [2]:165 [3]:355
[0]:190883207 [1]:34429790 [2]:165 [3]:365
[0]:191084702 [1]:34476380 [2]:165 [3]:58
[0]:191278850 [1]:34521240 [2]:165 [3]:62
[0]:191472641 [1]:34566002 [2]:165 [3]:358
[0]:191674388 [1]:34612635 [2]:165 [3]:363
[0]:191861753 [1]:34655868 [2]:165 [3]:354
[0]:192055090 [1]:34700577 [2]:165 [3]:365
[0]:192256605 [1]:34747192 [2]:165 [3]:363
[0]:192446939 [1]:34791160 [2]:166 [3]:362
[0]:192635360 [1]:34834730 [2]:166 [3]:362
[0]:192829590 [1]:34879501 [2]:166 [3]:363
[0]:193021118 [1]:34923778 [2]:166 [3]:359
[0]:193216419 [1]:34968903 [2]:166 [3]:360
[0]:193413762 [1]:35014484 [2]:166 [3]:356
[0]:193604013 [1]:35058381 [2]:166 [3]:57
[0]:193804968 [1]:35104836 [2]:166 [3]:356
[0]:193999713 [1]:35149834 [2]:166 [3]:366
[0]:194193648 [1]:35194638 [2]:166 [3]:357
[0]:194395018 [1]:35241325 [2]:166 [3]:352
[0]:194596839 [1]:35287849 [2]:166 [3]:353
[0]:194783450 [1]:35330924 [2]:166 [3]:58
[0]:194983792 [1]:35377243 [2]:166 [3]:363
[0]:195174111 [1]:35421203 [2]:166 [3]:360
[0]:195432598 [1]:35480948 [2]:166 [3]:353
[0]:195618901 [1]:35523922 [2]:166 [3]:367
[0]:195813493 [1]:35568911 [2]:166 [3]:365
[0]:196007593 [1]:35613732 [2]:166 [3]:355
[0]:196209354 [1]:35660387 [2]:166 [3]:362
[0]:196403321 [1]:35705081 [2]:166 [3]:50
[0]:196612315 [1]:35753383 [2]:166 [3]:371
[0]:196806342 [1]:35798226 [2]:166 [3]:361
[0]:197000504 [1]:35843121 [2]:166 [3]:362
[0]:197198170 [1]:35888892 [2]:166 [3]:360
[0]:197403703 [1]:35936297 [2]:166 [3]:363
[0]:197596575 [1]:35980864 [2]:166 [3]:361
[0]:197793309 [1]:36026338 [2]:166 [3]:357
[0]:197989659 [1]:36071714 [2]:166 [3]:366
[0]:198191075 [1]:36118258 [2]:166 [3]:365
[0]:198389083 [1]:36163955 [2]:166 [3]:360
[0]:198590543 [1]:36210504 [2]:166 [3]:361
[0]:198784616 [1]:36255275 [2]:166 [3]:358
[0]:198985999 [1]:36301753 [2]:166 [3]:365
[0]:199180342 [1]:36346631 [2]:166 [3]:360
[0]:199381950 [1]:36393159 [2]:166 [3]:368
[0]:199572133 [1]:36437105 [2]:166 [3]:358
[0]:199769946 [1]:36482784 [2]:166 [3]:364
[0]:199971113 [1]:36529261 [2]:166 [3]:359
[0]:200165893 [1]:36574206 [2]:166 [3]:60
[0]:200359685 [1]:36619006 [2]:166 [3]:367
[0]:200564530 [1]:36666300 [2]:166 [3]:363
[0]:200762854 [1]:36712150 [2]:166 [3]:364
[0]:200960618 [1]:36757920 [2]:166 [3]:363
[0]:200999024 [1]:36766817 [2]:166 [3]:364
[0]:200999024 [1]:36766817 [2]:166 [3]:364
                                                                                                                                 [0]:200999024 [1]:36766817 [2]:166 [3]:364
[0]:200999024 [1]:36766817 [2]:166 [3]:364
[0]:200999024 [1]:36766817 [2]:166 [3]:364
[0]:200999024 [1]:36766817 [2]:166 [3]:364
[0]:200999024 [1]:36766817 [2]:166 [3]:364
[0]:200999024 [1]:36766817 [2]:166 [3]:364
[0]:200999024 [1]:36766817 [2]:166 [3]:364
[0]:200999024 [1]:36766817 [2]:166 [3]:364
[0]:200999024 [1]:36766817 [2]:166 [3]:364
[0]:200999024 [1]:36766817 [2]:166 [3]:364
[0]:200999024 [1]:36766817 [2]:166 [3]:364
[0]:200999024 [1]:36766817 [2]:166 [3]:364
[0]:200999024 [1]:36766817 [2]:166 [3]:364
[0]:200999024 [1]:36766817 [2]:166 [3]:364
[0]:200999024 [1]:36766817 [2]:166 [3]:364
