[0]:0 [1]:0 [2]:0 [3]:0
[0]:0 [1]:0 [2]:0 [3]:0
[0]:0 [1]:0 [2]:0 [3]:0
[0]:0 [1]:0 [2]:0 [3]:0
[0]:1449123 [1]:0 [2]:0 [3]:17
[0]:3263454 [1]:0 [2]:0 [3]:8
[0]:4921827 [1]:0 [2]:0 [3]:9
[0]:6581938 [1]:0 [2]:0 [3]:10
[0]:8287850 [1]:0 [2]:0 [3]:8
[0]:9986736 [1]:0 [2]:0 [3]:11
[0]:11672393 [1]:0 [2]:0 [3]:10
[0]:13338022 [1]:0 [2]:0 [3]:9
[0]:14993320 [1]:0 [2]:0 [3]:8
[0]:16639068 [1]:0 [2]:0 [3]:34
[0]:18280067 [1]:0 [2]:0 [3]:31
[0]:21388239 [1]:0 [2]:0 [3]:8
[0]:23443760 [1]:0 [2]:0 [3]:32
[0]:25514633 [1]:0 [2]:0 [3]:13
[0]:27342480 [1]:0 [2]:0 [3]:31
[0]:29167578 [1]:0 [2]:0 [3]:9
[0]:31002661 [1]:0 [2]:0 [3]:12
[0]:32952234 [1]:0 [2]:0 [3]:29
[0]:34809268 [1]:0 [2]:0 [3]:10
[0]:36622311 [1]:0 [2]:0 [3]:14
[0]:38498542 [1]:0 [2]:0 [3]:9
[0]:40305169 [1]:0 [2]:0 [3]:8
[0]:42149612 [1]:0 [2]:0 [3]:9
[0]:44154250 [1]:0 [2]:0 [3]:9
[0]:46054969 [1]:0 [2]:0 [3]:9
[0]:48001185 [1]:0 [2]:0 [3]:30
[0]:49865523 [1]:0 [2]:0 [3]:27
[0]:51723992 [1]:0 [2]:0 [3]:11
[0]:54385209 [1]:0 [2]:0 [3]:8
[0]:56317642 [1]:0 [2]:0 [3]:9
[0]:58073559 [1]:0 [2]:0 [3]:10
[0]:59768888 [1]:0 [2]:0 [3]:35
[0]:61421731 [1]:0 [2]:0 [3]:11
[0]:63065019 [1]:0 [2]:0 [3]:9
[0]:64760105 [1]:0 [2]:0 [3]:14
[0]:66434066 [1]:0 [2]:0 [3]:8
[0]:68104789 [1]:0 [2]:0 [3]:8
[0]:69718828 [1]:0 [2]:0 [3]:10
[0]:71453822 [1]:0 [2]:0 [3]:8
[0]:73151195 [1]:0 [2]:0 [3]:29
[0]:74833496 [1]:0 [2]:0 [3]:10
[0]:76695819 [1]:0 [2]:0 [3]:9
[0]:78376648 [1]:0 [2]:0 [3]:28
[0]:80076593 [1]:0 [2]:0 [3]:32
[0]:82203832 [1]:0 [2]:0 [3]:10
[0]:84274043 [1]:0 [2]:0 [3]:12
[0]:86021508 [1]:0 [2]:0 [3]:8
[0]:87822737 [1]:0 [2]:0 [3]:9
[0]:89619759 [1]:0 [2]:0 [3]:9
[0]:91282550 [1]:0 [2]:0 [3]:9
[0]:92982096 [1]:0 [2]:0 [3]:10
[0]:94746866 [1]:0 [2]:0 [3]:10
[0]:96442579 [1]:0 [2]:0 [3]:8
[0]:98124750 [1]:0 [2]:0 [3]:28
[0]:99772395 [1]:0 [2]:0 [3]:31
[0]:101442542 [1]:0 [2]:0 [3]:14
[0]:103101791 [1]:0 [2]:0 [3]:11
[0]:104828265 [1]:0 [2]:0 [3]:8
[0]:106443285 [1]:0 [2]:0 [3]:10
[0]:108151089 [1]:0 [2]:0 [3]:9
[0]:109968510 [1]:0 [2]:0 [3]:31
[0]:112052431 [1]:0 [2]:0 [3]:20
[0]:114415640 [1]:0 [2]:0 [3]:10
[0]:116243913 [1]:0 [2]:0 [3]:32
[0]:118128571 [1]:0 [2]:0 [3]:8
[0]:119933943 [1]:0 [2]:0 [3]:28
[0]:121848217 [1]:0 [2]:0 [3]:10
[0]:123723405 [1]:0 [2]:0 [3]:30
[0]:125545178 [1]:0 [2]:0 [3]:10
[0]:127452118 [1]:0 [2]:0 [3]:8
[0]:129374671 [1]:0 [2]:0 [3]:10
[0]:131310724 [1]:0 [2]:0 [3]:10
[0]:133137669 [1]:0 [2]:0 [3]:31
[0]:134751132 [1]:266519 [2]:7 [3]:17
[0]:135890727 [1]:822498 [2]:7 [3]:10
[0]:137008075 [1]:1396264 [2]:7 [3]:16
[0]:138093919 [1]:1951674 [2]:7 [3]:15
[0]:139209855 [1]:2521014 [2]:7 [3]:14
[0]:140314784 [1]:3087510 [2]:7 [3]:59
[0]:141441502 [1]:3671536 [2]:7 [3]:12
[0]:142568702 [1]:4246068 [2]:7 [3]:16
[0]:143573503 [1]:4758029 [2]:7 [3]:11
[0]:144891135 [1]:5431223 [2]:7 [3]:11
[0]:146021615 [1]:6009789 [2]:7 [3]:9
[0]:147028517 [1]:6520145 [2]:7 [3]:56
[0]:148025225 [1]:7034694 [2]:7 [3]:14
[0]:149029107 [1]:7543864 [2]:7 [3]:18
[0]:150033964 [1]:8061225 [2]:7 [3]:19
[0]:151117460 [1]:8613654 [2]:7 [3]:14
[0]:152138947 [1]:9135974 [2]:7 [3]:16
[0]:153162963 [1]:9657720 [2]:7 [3]:9
[0]:154142194 [1]:10158473 [2]:7 [3]:54
[0]:155163298 [1]:10681999 [2]:7 [3]:14
[0]:156163460 [1]:11194473 [2]:7 [3]:14
[0]:157191422 [1]:11718838 [2]:7 [3]:13
[0]:158341228 [1]:12301702 [2]:7 [3]:13
[0]:159636520 [1]:12967252 [2]:7 [3]:58
[0]:160714124 [1]:13519526 [2]:7 [3]:11
[0]:161815663 [1]:14086639 [2]:7 [3]:10
[0]:162868738 [1]:14626698 [2]:7 [3]:11
[0]:163983305 [1]:15195152 [2]:7 [3]:29
[0]:164999735 [1]:15710754 [2]:7 [3]:45
[0]:166017445 [1]:16227279 [2]:7 [3]:13
[0]:167021698 [1]:16743658 [2]:7 [3]:10
[0]:167996763 [1]:17239054 [2]:7 [3]:10
[0]:169040325 [1]:17771583 [2]:7 [3]:52
[0]:170043709 [1]:18282325 [2]:7 [3]:10
[0]:171058884 [1]:18798340 [2]:7 [3]:13
[0]:172101205 [1]:19328534 [2]:7 [3]:50
[0]:173389815 [1]:19985598 [2]:7 [3]:9
[0]:174397342 [1]:20502196 [2]:7 [3]:31
[0]:175521491 [1]:21075484 [2]:7 [3]:13
[0]:176776241 [1]:21717109 [2]:7 [3]:11
[0]:177995659 [1]:22342081 [2]:7 [3]:11
[0]:179188790 [1]:22950972 [2]:7 [3]:17
[0]:180426413 [1]:23585713 [2]:7 [3]:11
[0]:181563249 [1]:24164133 [2]:7 [3]:32
[0]:182688566 [1]:24737443 [2]:7 [3]:9
[0]:183766570 [1]:25292960 [2]:7 [3]:53
[0]:184899475 [1]:25869045 [2]:7 [3]:9
[0]:186078079 [1]:26472399 [2]:7 [3]:12
[0]:187212195 [1]:27050050 [2]:7 [3]:10
[0]:188343448 [1]:27620055 [2]:7 [3]:61
[0]:189482728 [1]:28206062 [2]:7 [3]:52
[0]:190606654 [1]:28783358 [2]:7 [3]:10
[0]:191730515 [1]:29354811 [2]:7 [3]:12
[0]:192841823 [1]:29925978 [2]:7 [3]:11
[0]:194000329 [1]:30520438 [2]:7 [3]:22
[0]:195090392 [1]:31080256 [2]:7 [3]:13
[0]:196202445 [1]:31649104 [2]:7 [3]:53
[0]:197304135 [1]:32214979 [2]:7 [3]:50
[0]:198601432 [1]:32879351 [2]:7 [3]:57
[0]:199608675 [1]:33394848 [2]:7 [3]:50
[0]:200626552 [1]:33911958 [2]:7 [3]:54
[0]:201676432 [1]:34451946 [2]:7 [3]:11
[0]:202707757 [1]:34979189 [2]:7 [3]:12
[0]:203725958 [1]:35493120 [2]:7 [3]:9
[0]:204758196 [1]:36020075 [2]:7 [3]:11
[0]:205784047 [1]:36549592 [2]:7 [3]:11
[0]:206775351 [1]:37056414 [2]:7 [3]:56
[0]:207751695 [1]:37553787 [2]:7 [3]:56
[0]:208891421 [1]:38134970 [2]:7 [3]:13
[0]:209927535 [1]:38661851 [2]:7 [3]:9
[0]:210933450 [1]:39176423 [2]:7 [3]:52
[0]:211958488 [1]:39697532 [2]:7 [3]:53
[0]:212984738 [1]:40221894 [2]:7 [3]:10
[0]:214080499 [1]:40780193 [2]:7 [3]:53
[0]:215323682 [1]:41421308 [2]:7 [3]:16
[0]:216500116 [1]:42026311 [2]:7 [3]:12
[0]:217652861 [1]:42613875 [2]:7 [3]:58
[0]:218842723 [1]:43229285 [2]:7 [3]:51
[0]:219888179 [1]:43758049 [2]:7 [3]:11
[0]:220914958 [1]:44284007 [2]:7 [3]:11
[0]:221918432 [1]:44802365 [2]:7 [3]:52
[0]:222912691 [1]:45312011 [2]:7 [3]:12
[0]:223881650 [1]:45814178 [2]:7 [3]:13
[0]:224886104 [1]:46327237 [2]:7 [3]:13
[0]:225866292 [1]:46830115 [2]:7 [3]:15
[0]:226895338 [1]:47356634 [2]:7 [3]:32
[0]:227940632 [1]:47891449 [2]:7 [3]:13
[0]:229047983 [1]:48455466 [2]:7 [3]:12
[0]:230066336 [1]:48976518 [2]:7 [3]:14
[0]:231163125 [1]:49539114 [2]:7 [3]:20
[0]:232512625 [1]:50234220 [2]:7 [3]:10
[0]:233671204 [1]:50824065 [2]:7 [3]:13
[0]:234810604 [1]:51407099 [2]:7 [3]:43
[0]:235959560 [1]:51991725 [2]:7 [3]:11
[0]:237064420 [1]:52557953 [2]:7 [3]:15
[0]:238197547 [1]:53137885 [2]:7 [3]:13
[0]:239334030 [1]:53720267 [2]:7 [3]:30
[0]:240483636 [1]:54308016 [2]:7 [3]:14
[0]:241591557 [1]:54872388 [2]:7 [3]:12
[0]:242715939 [1]:55450534 [2]:7 [3]:18
[0]:243798240 [1]:56007163 [2]:7 [3]:54
[0]:244980680 [1]:56612415 [2]:7 [3]:13
[0]:246169377 [1]:57222041 [2]:7 [3]:16
[0]:247294979 [1]:57794185 [2]:7 [3]:10
[0]:248390778 [1]:58352799 [2]:7 [3]:55
[0]:249524505 [1]:58933937 [2]:7 [3]:54
[0]:250699735 [1]:59533115 [2]:7 [3]:10
[0]:251852737 [1]:60119825 [2]:7 [3]:13
[0]:252942585 [1]:60673337 [2]:7 [3]:11
[0]:254225874 [1]:61331240 [2]:7 [3]:12
[0]:255276425 [1]:61865651 [2]:7 [3]:9
[0]:256357952 [1]:62425437 [2]:7 [3]:50
[0]:257327845 [1]:62926153 [2]:7 [3]:51
[0]:258325485 [1]:63438754 [2]:7 [3]:57
[0]:259301754 [1]:63938804 [2]:7 [3]:14
[0]:260304824 [1]:64452276 [2]:7 [3]:33
[0]:261298533 [1]:64962688 [2]:7 [3]:13
[0]:262298400 [1]:65475077 [2]:7 [3]:21
[0]:263285090 [1]:65980801 [2]:7 [3]:12
[0]:264286239 [1]:66488511 [2]:7 [3]:13
[0]:265273039 [1]:66995867 [2]:7 [3]:15
[0]:266286359 [1]:67512221 [2]:7 [3]:51
[0]:267367077 [1]:68062850 [2]:7 [3]:14
[0]:268391950 [1]:68588029 [2]:7 [3]:20
[0]:269461651 [1]:69132725 [2]:7 [3]:15
[0]:270721520 [1]:69772814 [2]:7 [3]:10
[0]:271941569 [1]:70396649 [2]:7 [3]:38
[0]:273568031 [1]:71233602 [2]:7 [3]:57
[0]:274642690 [1]:71783163 [2]:7 [3]:9
