[0]:530148229 [1]:297240492 [2]:7 [3]:13
[0]:531206257 [1]:297783061 [2]:7 [3]:9
[0]:532262331 [1]:298324265 [2]:7 [3]:53
[0]:533279573 [1]:298847454 [2]:7 [3]:15
[0]:534365625 [1]:299402235 [2]:7 [3]:13
[0]:535398795 [1]:299930130 [2]:7 [3]:15
[0]:536547666 [1]:300518093 [2]:7 [3]:54
[0]:537771464 [1]:301150504 [2]:7 [3]:50
[0]:538984047 [1]:301768204 [2]:7 [3]:14
[0]:540215377 [1]:302404056 [2]:7 [3]:13
[0]:541481105 [1]:303051361 [2]:7 [3]:10
[0]:542612494 [1]:303636723 [2]:7 [3]:48
[0]:543734370 [1]:304212538 [2]:7 [3]:12
[0]:544884002 [1]:304800832 [2]:7 [3]:14
[0]:545968038 [1]:305360967 [2]:7 [3]:53
[0]:547071052 [1]:305925821 [2]:7 [3]:15
[0]:548230622 [1]:306518457 [2]:7 [3]:19
[0]:549354601 [1]:307088905 [2]:7 [3]:49
[0]:550465592 [1]:307659121 [2]:7 [3]:51
[0]:551683554 [1]:308285516 [2]:7 [3]:54
[0]:552776756 [1]:308843221 [2]:7 [3]:11
[0]:553905311 [1]:309422782 [2]:7 [3]:8
[0]:555065408 [1]:310019463 [2]:7 [3]:11
[0]:556208206 [1]:310607653 [2]:7 [3]:7
[0]:557344330 [1]:311191066 [2]:7 [3]:50
[0]:558453399 [1]:311761237 [2]:7 [3]:52
[0]:559576983 [1]:312341204 [2]:7 [3]:10
[0]:560609454 [1]:312868990 [2]:7 [3]:12
[0]:561633798 [1]:313397210 [2]:7 [3]:53
[0]:562656354 [1]:313923684 [2]:7 [3]:11
[0]:563653804 [1]:314435571 [2]:7 [3]:12
[0]:564659690 [1]:314952311 [2]:7 [3]:16
[0]:565682435 [1]:315475835 [2]:7 [3]:14
[0]:566736323 [1]:316018432 [2]:7 [3]:16
[0]:567748470 [1]:316538418 [2]:7 [3]:58
[0]:568804645 [1]:317076541 [2]:7 [3]:13
[0]:569884598 [1]:317629578 [2]:7 [3]:31
[0]:570875513 [1]:318145483 [2]:7 [3]:10
[0]:571882035 [1]:318661296 [2]:7 [3]:9
[0]:572897499 [1]:319180636 [2]:7 [3]:12
[0]:573904034 [1]:319700515 [2]:7 [3]:13
[0]:575062683 [1]:320293714 [2]:7 [3]:13
[0]:576304942 [1]:320925536 [2]:7 [3]:35
[0]:577717453 [1]:321651185 [2]:7 [3]:16
[0]:578754986 [1]:322180882 [2]:7 [3]:12
[0]:579798273 [1]:322717929 [2]:7 [3]:10
[0]:580768405 [1]:323212811 [2]:7 [3]:19
[0]:581758446 [1]:323724787 [2]:7 [3]:12
[0]:582772835 [1]:324246629 [2]:7 [3]:14
[0]:583774471 [1]:324760747 [2]:7 [3]:15
[0]:584795903 [1]:325292332 [2]:7 [3]:55
[0]:585791718 [1]:325804148 [2]:7 [3]:49
[0]:586808375 [1]:326326285 [2]:7 [3]:14
[0]:587790692 [1]:326829758 [2]:7 [3]:17
[0]:588782072 [1]:327341600 [2]:7 [3]:9
[0]:589828350 [1]:327881806 [2]:7 [3]:59
[0]:590755494 [1]:328360864 [2]:7 [3]:53
[0]:591787329 [1]:328892872 [2]:7 [3]:16
[0]:592979476 [1]:329507312 [2]:7 [3]:15
[0]:594292112 [1]:330180011 [2]:7 [3]:48
[0]:595460366 [1]:330781598 [2]:7 [3]:3
[0]:596613473 [1]:331373168 [2]:7 [3]:12
[0]:597746413 [1]:331955531 [2]:7 [3]:30
[0]:598926885 [1]:332559243 [2]:7 [3]:8
[0]:600080755 [1]:333152260 [2]:7 [3]:12
[0]:601166278 [1]:333707889 [2]:7 [3]:53
[0]:602248329 [1]:334263060 [2]:7 [3]:9
[0]:603395171 [1]:334852069 [2]:7 [3]:51
[0]:604551669 [1]:335443677 [2]:7 [3]:54
[0]:605681488 [1]:336021578 [2]:7 [3]:7
[0]:606786509 [1]:336594073 [2]:7 [3]:13
[0]:607909169 [1]:337168307 [2]:7 [3]:49
[0]:609068815 [1]:337764406 [2]:7 [3]:13
[0]:610161805 [1]:338329020 [2]:7 [3]:14
[0]:611295533 [1]:338909453 [2]:7 [3]:50
[0]:612402792 [1]:339475790 [2]:7 [3]:13
[0]:613467286 [1]:340025547 [2]:7 [3]:38
[0]:614592471 [1]:340604432 [2]:7 [3]:13
[0]:615724974 [1]:341184248 [2]:7 [3]:14
[0]:616718750 [1]:341694119 [2]:7 [3]:54
[0]:617737996 [1]:342216654 [2]:7 [3]:17
[0]:618819473 [1]:342772709 [2]:7 [3]:13
[0]:619842245 [1]:343294127 [2]:7 [3]:10
[0]:620885719 [1]:343831210 [2]:7 [3]:12
[0]:621913384 [1]:344352629 [2]:7 [3]:13
[0]:622899453 [1]:344861860 [2]:7 [3]:11
[0]:623935264 [1]:345390267 [2]:7 [3]:13
[0]:624938521 [1]:345905528 [2]:7 [3]:14
[0]:625937801 [1]:346417567 [2]:7 [3]:53
[0]:626967249 [1]:346949096 [2]:7 [3]:15
[0]:627975196 [1]:347460196 [2]:7 [3]:6
[0]:628986086 [1]:347977300 [2]:7 [3]:37
[0]:630007821 [1]:348498051 [2]:7 [3]:52
[0]:631428881 [1]:349221999 [2]:7 [3]:50
[0]:632769131 [1]:349908184 [2]:7 [3]:9
[0]:634040044 [1]:350558265 [2]:7 [3]:14
[0]:635039168 [1]:351070930 [2]:7 [3]:48
[0]:636111179 [1]:351622453 [2]:7 [3]:12
[0]:637132381 [1]:352145275 [2]:7 [3]:19
[0]:638371153 [1]:352778653 [2]:7 [3]:13
[0]:639555406 [1]:353389779 [2]:7 [3]:52
[0]:640634562 [1]:353945318 [2]:7 [3]:51
[0]:641676989 [1]:354478705 [2]:7 [3]:16
[0]:642685588 [1]:355000832 [2]:7 [3]:12
[0]:643706684 [1]:355524676 [2]:7 [3]:10
[0]:644748234 [1]:356057985 [2]:7 [3]:15
[0]:645767679 [1]:356579529 [2]:7 [3]:58
[0]:646800929 [1]:357108668 [2]:7 [3]:16
[0]:647793422 [1]:357621163 [2]:7 [3]:10
[0]:649025790 [1]:358250407 [2]:7 [3]:9
[0]:650202698 [1]:358856829 [2]:7 [3]:12
[0]:651487953 [1]:359517543 [2]:7 [3]:12
[0]:652565098 [1]:360068671 [2]:7 [3]:11
[0]:653662708 [1]:360632496 [2]:7 [3]:15
[0]:654822059 [1]:361230409 [2]:7 [3]:37
[0]:655935256 [1]:361804058 [2]:7 [3]:49
[0]:657045816 [1]:362373442 [2]:7 [3]:57
[0]:658201656 [1]:362967328 [2]:7 [3]:12
[0]:659338329 [1]:363554408 [2]:7 [3]:13
[0]:660494305 [1]:364156242 [2]:7 [3]:9
[0]:661555951 [1]:364703624 [2]:7 [3]:12
[0]:662668387 [1]:365273290 [2]:7 [3]:37
[0]:663858269 [1]:365880261 [2]:7 [3]:12
[0]:665030966 [1]:366483588 [2]:7 [3]:54
[0]:666196318 [1]:367077226 [2]:7 [3]:11
[0]:667364567 [1]:367671695 [2]:7 [3]:13
[0]:668534038 [1]:368277169 [2]:7 [3]:15
[0]:669667380 [1]:368858023 [2]:7 [3]:11
[0]:670789661 [1]:369431477 [2]:7 [3]:14
[0]:671866249 [1]:369984848 [2]:7 [3]:10
[0]:673075117 [1]:370610261 [2]:7 [3]:48
[0]:674086567 [1]:371131837 [2]:7 [3]:12
[0]:675071839 [1]:371639056 [2]:7 [3]:49
[0]:676076245 [1]:372155792 [2]:7 [3]:54
[0]:677075031 [1]:372667754 [2]:7 [3]:13
[0]:678083494 [1]:373191185 [2]:7 [3]:20
[0]:679125621 [1]:373724849 [2]:7 [3]:18
[0]:680138468 [1]:374243351 [2]:7 [3]:11
[0]:681274300 [1]:374827298 [2]:7 [3]:14
[0]:682373313 [1]:375388880 [2]:7 [3]:11
[0]:683416805 [1]:375926121 [2]:7 [3]:13
[0]:684450471 [1]:376456382 [2]:7 [3]:12
[0]:685535931 [1]:377016425 [2]:7 [3]:16
[0]:686643519 [1]:377588557 [2]:7 [3]:15
[0]:687927159 [1]:378244661 [2]:7 [3]:12
[0]:689268342 [1]:378933469 [2]:7 [3]:9
[0]:690362829 [1]:379495287 [2]:7 [3]:50
[0]:691393895 [1]:380023692 [2]:7 [3]:54
[0]:692373992 [1]:380526858 [2]:7 [3]:12
[0]:693429449 [1]:381068516 [2]:7 [3]:10
[0]:694487804 [1]:381608920 [2]:7 [3]:9
[0]:695478867 [1]:382116101 [2]:7 [3]:9
[0]:696531033 [1]:382656651 [2]:7 [3]:10
[0]:697439049 [1]:383127912 [2]:7 [3]:13
[0]:698455641 [1]:383655984 [2]:7 [3]:12
[0]:699476337 [1]:384181595 [2]:7 [3]:51
[0]:700508927 [1]:384717032 [2]:7 [3]:30
[0]:701537616 [1]:385244428 [2]:7 [3]:17
[0]:702551613 [1]:385769586 [2]:7 [3]:52
[0]:703577815 [1]:386294665 [2]:7 [3]:37
[0]:704796604 [1]:386919472 [2]:7 [3]:13
[0]:706068172 [1]:387577228 [2]:7 [3]:50
[0]:707310231 [1]:388219236 [2]:7 [3]:10
[0]:708776639 [1]:388975162 [2]:7 [3]:12
[0]:709889910 [1]:389551466 [2]:7 [3]:10
[0]:711004831 [1]:390122670 [2]:7 [3]:35
[0]:712123289 [1]:390699611 [2]:7 [3]:15
[0]:713217957 [1]:391259419 [2]:7 [3]:16
[0]:714395083 [1]:391864354 [2]:7 [3]:10
[0]:715531185 [1]:392445139 [2]:7 [3]:11
[0]:716663530 [1]:393025248 [2]:7 [3]:14
[0]:717731193 [1]:393572595 [2]:7 [3]:14
[0]:718807121 [1]:394126922 [2]:7 [3]:14
[0]:719950186 [1]:394713754 [2]:7 [3]:52
[0]:721150847 [1]:395327851 [2]:7 [3]:14
[0]:722287857 [1]:395911785 [2]:7 [3]:14
[0]:723445341 [1]:396502330 [2]:7 [3]:47
[0]:724628751 [1]:397114018 [2]:7 [3]:29
[0]:725776072 [1]:397704382 [2]:7 [3]:15
[0]:726887582 [1]:398272393 [2]:7 [3]:11
[0]:727986239 [1]:398836612 [2]:7 [3]:11
[0]:729061893 [1]:399386990 [2]:7 [3]:52
[0]:730055232 [1]:399897241 [2]:7 [3]:53
[0]:731116335 [1]:400443961 [2]:7 [3]:12
[0]:732145608 [1]:400973506 [2]:7 [3]:37
[0]:733188393 [1]:401507129 [2]:7 [3]:16
[0]:734246795 [1]:402052207 [2]:7 [3]:30
[0]:735267100 [1]:402577036 [2]:7 [3]:12
[0]:736254275 [1]:403086422 [2]:7 [3]:12
[0]:737296094 [1]:403621982 [2]:7 [3]:14
[0]:738313204 [1]:404143724 [2]:7 [3]:8
[0]:739326557 [1]:404665645 [2]:7 [3]:11
[0]:740345657 [1]:405184819 [2]:7 [3]:15
[0]:741424989 [1]:405734361 [2]:7 [3]:14
[0]:742416742 [1]:406243577 [2]:7 [3]:47
[0]:743560942 [1]:406831358 [2]:7 [3]:59
[0]:744792037 [1]:407462581 [2]:7 [3]:12
[0]:746286193 [1]:408225736 [2]:7 [3]:15
[0]:747387040 [1]:408795281 [2]:7 [3]:11
[0]:748441828 [1]:409337202 [2]:7 [3]:55
[0]:749463287 [1]:409866111 [2]:7 [3]:11
[0]:750470310 [1]:410381617 [2]:7 [3]:52
[0]:751499662 [1]:410911124 [2]:7 [3]:31
[0]:752491815 [1]:411417169 [2]:7 [3]:6
[0]:753511660 [1]:411940584 [2]:7 [3]:16
[0]:754515777 [1]:412458346 [2]:7 [3]:13
[0]:755550449 [1]:412994409 [2]:7 [3]:16
[0]:756548443 [1]:413505533 [2]:7 [3]:34
[0]:757588663 [1]:414037658 [2]:7 [3]:14
[0]:758631496 [1]:414575250 [2]:7 [3]:43
[0]:759658176 [1]:415100293 [2]:7 [3]:11
