[0]:30449724 [1]:2887998 [2]:94 [3]:67
[0]:30653420 [1]:2923019 [2]:94 [3]:359
[0]:30840722 [1]:2955214 [2]:94 [3]:66
[0]:31039830 [1]:2989520 [2]:94 [3]:366
[0]:31236180 [1]:3023260 [2]:94 [3]:60
[0]:31460448 [1]:3061700 [2]:94 [3]:370
[0]:31662137 [1]:3096390 [2]:94 [3]:364
[0]:31870914 [1]:3132256 [2]:94 [3]:68
[0]:32083377 [1]:3168609 [2]:94 [3]:54
[0]:32273891 [1]:3201417 [2]:94 [3]:360
[0]:32467914 [1]:3234821 [2]:94 [3]:356
[0]:32659661 [1]:3267983 [2]:94 [3]:361
[0]:32857761 [1]:3302053 [2]:94 [3]:362
[0]:33066766 [1]:3337944 [2]:94 [3]:358
[0]:33279969 [1]:3374500 [2]:94 [3]:360
[0]:33474180 [1]:3407879 [2]:94 [3]:366
[0]:33674587 [1]:3442571 [2]:94 [3]:67
[0]:33865394 [1]:3475429 [2]:94 [3]:362
[0]:34067280 [1]:3510304 [2]:94 [3]:64
[0]:34258151 [1]:3543110 [2]:94 [3]:60
[0]:34478990 [1]:3581067 [2]:94 [3]:66
[0]:34668164 [1]:3613620 [2]:94 [3]:354
[0]:34851181 [1]:3645138 [2]:94 [3]:367
[0]:35046714 [1]:3678910 [2]:94 [3]:370
[0]:35242533 [1]:3712766 [2]:94 [3]:355
[0]:35453546 [1]:3749061 [2]:94 [3]:359
[0]:35651815 [1]:3783104 [2]:94 [3]:365
[0]:35845413 [1]:3816292 [2]:94 [3]:61
[0]:36042767 [1]:3850169 [2]:94 [3]:56
[0]:36264615 [1]:3888487 [2]:94 [3]:365
[0]:36458834 [1]:3921825 [2]:94 [3]:53
[0]:36657031 [1]:3955886 [2]:94 [3]:352
[0]:36850941 [1]:3989489 [2]:94 [3]:362
[0]:37047185 [1]:4023170 [2]:94 [3]:366
[0]:37235899 [1]:4055554 [2]:94 [3]:358
[0]:37425569 [1]:4088301 [2]:94 [3]:367
[0]:37620556 [1]:4121868 [2]:94 [3]:364
[0]:37818231 [1]:4155832 [2]:94 [3]:63
[0]:38042577 [1]:4194579 [2]:94 [3]:365
[0]:38233132 [1]:4227375 [2]:94 [3]:359
[0]:38427431 [1]:4260713 [2]:94 [3]:358
[0]:38625503 [1]:4294793 [2]:94 [3]:364
[0]:38823558 [1]:4328726 [2]:94 [3]:358
[0]:39021427 [1]:4362864 [2]:94 [3]:57
[0]:39219171 [1]:4397009 [2]:94 [3]:357
[0]:39417830 [1]:4431110 [2]:94 [3]:365
[0]:39643812 [1]:4470033 [2]:94 [3]:362
[0]:39843519 [1]:4504326 [2]:94 [3]:359
[0]:40037366 [1]:4537785 [2]:94 [3]:366
[0]:40228751 [1]:4570738 [2]:94 [3]:359
[0]:40422802 [1]:4604124 [2]:94 [3]:366
[0]:40620488 [1]:4638054 [2]:94 [3]:365
[0]:40818369 [1]:4672017 [2]:94 [3]:56
[0]:41020125 [1]:4706611 [2]:94 [3]:364
[0]:41214551 [1]:4739986 [2]:94 [3]:352
[0]:41434613 [1]:4777881 [2]:94 [3]:357
[0]:41632554 [1]:4811847 [2]:94 [3]:60
[0]:41846100 [1]:4848528 [2]:94 [3]:62
[0]:42043980 [1]:4882509 [2]:94 [3]:362
[0]:42249027 [1]:4917797 [2]:94 [3]:76
[0]:42442317 [1]:4951233 [2]:94 [3]:375
[0]:42641481 [1]:4985588 [2]:94 [3]:367
[0]:42832117 [1]:5018329 [2]:94 [3]:360
[0]:43031388 [1]:5052565 [2]:94 [3]:60
[0]:43239268 [1]:5088322 [2]:94 [3]:369
[0]:43433723 [1]:5121690 [2]:94 [3]:361
[0]:43654218 [1]:5159502 [2]:94 [3]:55
[0]:43852296 [1]:5193564 [2]:94 [3]:65
[0]:44049948 [1]:5227848 [2]:94 [3]:61
[0]:44255398 [1]:5263129 [2]:94 [3]:57
[0]:44453623 [1]:5297207 [2]:94 [3]:367
[0]:44650545 [1]:5331096 [2]:94 [3]:366
[0]:44856868 [1]:5366707 [2]:94 [3]:345
[0]:45057152 [1]:5401186 [2]:94 [3]:54
[0]:45279025 [1]:5439348 [2]:94 [3]:366
