[0]:45478762 [1]:5469667 [2]:94 [3]:95
[0]:45716260 [1]:5496000 [2]:94 [3]:356
[0]:45933667 [1]:5520302 [2]:94 [3]:348
[0]:46142496 [1]:5543356 [2]:94 [3]:85
[0]:46343463 [1]:5565851 [2]:94 [3]:358
[0]:46548617 [1]:5588483 [2]:94 [3]:80
[0]:46760963 [1]:5611942 [2]:94 [3]:363
[0]:46962968 [1]:5634113 [2]:94 [3]:363
[0]:47167690 [1]:5656933 [2]:94 [3]:369
[0]:47379451 [1]:5680301 [2]:94 [3]:364
[0]:47589636 [1]:5703706 [2]:94 [3]:367
[0]:47794408 [1]:5726509 [2]:94 [3]:355
[0]:48003312 [1]:5749739 [2]:94 [3]:368
[0]:48255643 [1]:5777897 [2]:94 [3]:114
[0]:48464298 [1]:5801207 [2]:94 [3]:352
[0]:48669125 [1]:5824257 [2]:94 [3]:371
[0]:48926722 [1]:5852777 [2]:94 [3]:376
[0]:49126404 [1]:5874854 [2]:94 [3]:372
[0]:49345453 [1]:5899016 [2]:94 [3]:79
[0]:49548155 [1]:5921459 [2]:94 [3]:85
[0]:49754675 [1]:5944442 [2]:94 [3]:360
[0]:49962442 [1]:5967307 [2]:94 [3]:362
[0]:50167318 [1]:5990026 [2]:94 [3]:367
[0]:50375981 [1]:6013422 [2]:94 [3]:373
[0]:50580952 [1]:6036282 [2]:94 [3]:372
[0]:50789738 [1]:6059654 [2]:94 [3]:373
[0]:51006432 [1]:6083834 [2]:94 [3]:355
[0]:51207565 [1]:6106009 [2]:94 [3]:357
[0]:51420472 [1]:6129654 [2]:94 [3]:363
[0]:51621867 [1]:6151715 [2]:94 [3]:367
[0]:51830501 [1]:6174990 [2]:94 [3]:365
[0]:52031442 [1]:6197242 [2]:94 [3]:366
[0]:52241077 [1]:6220372 [2]:94 [3]:366
[0]:52436756 [1]:6242132 [2]:94 [3]:81
[0]:52638782 [1]:6264366 [2]:94 [3]:370
[0]:52836090 [1]:6286139 [2]:94 [3]:86
[0]:53037112 [1]:6308372 [2]:94 [3]:88
[0]:53257887 [1]:6332924 [2]:94 [3]:81
[0]:53466692 [1]:6356047 [2]:94 [3]:355
[0]:53671863 [1]:6378755 [2]:94 [3]:370
[0]:53872341 [1]:6401368 [2]:94 [3]:102
[0]:54093412 [1]:6425905 [2]:94 [3]:359
[0]:54312981 [1]:6450078 [2]:94 [3]:370
[0]:54524440 [1]:6473417 [2]:94 [3]:78
[0]:54724147 [1]:6495623 [2]:94 [3]:354
[0]:54952017 [1]:6520866 [2]:94 [3]:87
[0]:55161535 [1]:6543822 [2]:94 [3]:77
[0]:55371256 [1]:6567052 [2]:94 [3]:359
[0]:55578169 [1]:6589694 [2]:94 [3]:375
[0]:55785238 [1]:6612513 [2]:94 [3]:350
[0]:56001003 [1]:6636622 [2]:94 [3]:366
[0]:56207240 [1]:6659448 [2]:94 [3]:88
[0]:56407720 [1]:6682045 [2]:94 [3]:97
[0]:56620825 [1]:6705569 [2]:94 [3]:365
[0]:56829732 [1]:6728740 [2]:94 [3]:87
[0]:57038311 [1]:6752305 [2]:94 [3]:371
[0]:57243098 [1]:6775277 [2]:94 [3]:80
[0]:57448083 [1]:6798161 [2]:94 [3]:75
[0]:57648937 [1]:6820484 [2]:94 [3]:367
[0]:57854856 [1]:6843549 [2]:94 [3]:354
[0]:58062554 [1]:6866708 [2]:94 [3]:76
[0]:58259700 [1]:6888542 [2]:94 [3]:361
[0]:58465942 [1]:6911387 [2]:94 [3]:366
[0]:58681322 [1]:6935145 [2]:94 [3]:366
[0]:58920412 [1]:6961611 [2]:94 [3]:354
[0]:59119122 [1]:6983718 [2]:94 [3]:368
[0]:59319976 [1]:7005891 [2]:94 [3]:84
[0]:59533280 [1]:7029565 [2]:94 [3]:371
[0]:59738364 [1]:7052188 [2]:94 [3]:365
[0]:59974777 [1]:7078565 [2]:94 [3]:88
[0]:60187834 [1]:7102053 [2]:94 [3]:361
[0]:60410062 [1]:7126662 [2]:94 [3]:104
[0]:60625487 [1]:7150463 [2]:94 [3]:366
[0]:60830436 [1]:7173157 [2]:94 [3]:360
[0]:61051327 [1]:7197649 [2]:94 [3]:90
