[0]:106938117 [1]:14116388 [2]:94 [3]:360
[0]:107142142 [1]:14138881 [2]:94 [3]:359
[0]:107344372 [1]:14161287 [2]:94 [3]:358
[0]:107545601 [1]:14183400 [2]:94 [3]:82
[0]:107750586 [1]:14206049 [2]:94 [3]:365
[0]:107953065 [1]:14228419 [2]:94 [3]:366
[0]:108172365 [1]:14252717 [2]:94 [3]:85
[0]:108389443 [1]:14276735 [2]:94 [3]:87
[0]:108590773 [1]:14298807 [2]:94 [3]:367
[0]:108807746 [1]:14322724 [2]:94 [3]:377
[0]:109016967 [1]:14345647 [2]:94 [3]:369
[0]:109246733 [1]:14371016 [2]:94 [3]:372
[0]:109454644 [1]:14394036 [2]:94 [3]:79
[0]:109681938 [1]:14419479 [2]:94 [3]:365
[0]:109888309 [1]:14442203 [2]:94 [3]:92
[0]:110101457 [1]:14465651 [2]:94 [3]:355
[0]:110319509 [1]:14489627 [2]:94 [3]:88
[0]:110531154 [1]:14513167 [2]:94 [3]:89
[0]:110743478 [1]:14536759 [2]:94 [3]:93
[0]:110952756 [1]:14559916 [2]:94 [3]:81
[0]:111165944 [1]:14583543 [2]:94 [3]:88
[0]:111374932 [1]:14606492 [2]:94 [3]:80
[0]:111597823 [1]:14631090 [2]:94 [3]:87
[0]:111798324 [1]:14653088 [2]:94 [3]:88
[0]:112013083 [1]:14676885 [2]:94 [3]:98
[0]:112238372 [1]:14702075 [2]:94 [3]:75
[0]:112455354 [1]:14726186 [2]:94 [3]:368
[0]:112663544 [1]:14749277 [2]:94 [3]:356
[0]:112878688 [1]:14773268 [2]:94 [3]:86
[0]:113082089 [1]:14795646 [2]:94 [3]:361
[0]:113283363 [1]:14817900 [2]:94 [3]:364
[0]:113483441 [1]:14839873 [2]:94 [3]:360
[0]:113685587 [1]:14862454 [2]:94 [3]:358
[0]:113894383 [1]:14885752 [2]:94 [3]:361
[0]:114099020 [1]:14908805 [2]:94 [3]:89
[0]:114308003 [1]:14931910 [2]:94 [3]:79
[0]:114525855 [1]:14956213 [2]:94 [3]:366
[0]:114742464 [1]:14980331 [2]:94 [3]:372
[0]:114946622 [1]:15002920 [2]:94 [3]:362
[0]:115159581 [1]:15026419 [2]:94 [3]:76
[0]:115372408 [1]:15050236 [2]:94 [3]:371
[0]:115576717 [1]:15073095 [2]:94 [3]:359
[0]:115790104 [1]:15096800 [2]:94 [3]:380
[0]:116000011 [1]:15120103 [2]:94 [3]:372
[0]:116251042 [1]:15148110 [2]:94 [3]:363
[0]:116456280 [1]:15170693 [2]:94 [3]:362
[0]:116676280 [1]:15194836 [2]:94 [3]:103
[0]:116889337 [1]:15218208 [2]:94 [3]:81
[0]:117087487 [1]:15240322 [2]:94 [3]:375
[0]:117313650 [1]:15265209 [2]:94 [3]:376
[0]:117571301 [1]:15293603 [2]:94 [3]:80
[0]:117777586 [1]:15316488 [2]:94 [3]:366
[0]:118017647 [1]:15343100 [2]:94 [3]:78
[0]:118218873 [1]:15365535 [2]:94 [3]:361
[0]:118435928 [1]:15389454 [2]:94 [3]:365
[0]:118660735 [1]:15414338 [2]:94 [3]:366
[0]:118861789 [1]:15436748 [2]:94 [3]:99
[0]:119074628 [1]:15460332 [2]:94 [3]:363
[0]:119271633 [1]:15482025 [2]:94 [3]:364
[0]:119480838 [1]:15505194 [2]:94 [3]:369
[0]:119680647 [1]:15527201 [2]:94 [3]:365
[0]:119887566 [1]:15550107 [2]:94 [3]:379
[0]:120101125 [1]:15573685 [2]:94 [3]:84
[0]:120328321 [1]:15598983 [2]:94 [3]:86
[0]:120535610 [1]:15621874 [2]:94 [3]:361
[0]:120746326 [1]:15645276 [2]:94 [3]:369
[0]:120963324 [1]:15669244 [2]:94 [3]:84
[0]:121160400 [1]:15691152 [2]:94 [3]:77
[0]:121376972 [1]:15715360 [2]:94 [3]:88
[0]:121593696 [1]:15739252 [2]:94 [3]:358
[0]:121806748 [1]:15762780 [2]:94 [3]:75
[0]:122016099 [1]:15785847 [2]:94 [3]:362
[0]:122223556 [1]:15808757 [2]:94 [3]:375
[0]:122431519 [1]:15831780 [2]:94 [3]:364
