[0]:122663865 [1]:15860901 [2]:94 [3]:70
[0]:122868115 [1]:15896090 [2]:94 [3]:357
[0]:123122953 [1]:15939978 [2]:94 [3]:60
[0]:123320991 [1]:15974165 [2]:94 [3]:364
[0]:123518613 [1]:16008094 [2]:94 [3]:369
[0]:123716935 [1]:16042261 [2]:94 [3]:80
[0]:123915052 [1]:16076346 [2]:94 [3]:362
[0]:124108579 [1]:16109721 [2]:94 [3]:372
[0]:124307283 [1]:16143909 [2]:94 [3]:356
[0]:124505366 [1]:16177854 [2]:94 [3]:362
[0]:124705488 [1]:16212238 [2]:94 [3]:365
[0]:124900404 [1]:16245776 [2]:94 [3]:360
[0]:125106042 [1]:16281228 [2]:94 [3]:367
[0]:125300992 [1]:16314879 [2]:94 [3]:360
[0]:125506410 [1]:16350246 [2]:94 [3]:64
[0]:125707193 [1]:16384652 [2]:94 [3]:367
[0]:125913770 [1]:16420150 [2]:94 [3]:62
[0]:126140172 [1]:16459103 [2]:94 [3]:61
[0]:126339488 [1]:16493314 [2]:94 [3]:59
[0]:126537847 [1]:16527293 [2]:94 [3]:59
[0]:126732259 [1]:16560686 [2]:94 [3]:59
[0]:126930222 [1]:16594702 [2]:94 [3]:70
[0]:127133897 [1]:16629694 [2]:94 [3]:54
[0]:127333740 [1]:16663994 [2]:94 [3]:70
[0]:127531807 [1]:16697967 [2]:94 [3]:365
[0]:127734162 [1]:16732769 [2]:94 [3]:54
[0]:127934650 [1]:16767221 [2]:94 [3]:70
[0]:128131161 [1]:16800846 [2]:94 [3]:65
[0]:128336026 [1]:16836025 [2]:94 [3]:365
[0]:128549852 [1]:16872783 [2]:94 [3]:354
[0]:128743023 [1]:16906040 [2]:94 [3]:365
[0]:128933152 [1]:16938651 [2]:94 [3]:71
[0]:129131113 [1]:16972718 [2]:94 [3]:363
[0]:129351329 [1]:17010553 [2]:94 [3]:58
[0]:129540596 [1]:17043142 [2]:94 [3]:360
[0]:129740179 [1]:17077362 [2]:94 [3]:56
[0]:129934417 [1]:17110781 [2]:94 [3]:62
[0]:130134411 [1]:17145119 [2]:94 [3]:69
[0]:130328285 [1]:17178522 [2]:94 [3]:355
[0]:130538065 [1]:17214535 [2]:94 [3]:64
[0]:130771920 [1]:17254804 [2]:94 [3]:363
[0]:131006763 [1]:17295152 [2]:94 [3]:366
[0]:131198938 [1]:17328137 [2]:94 [3]:62
[0]:131395689 [1]:17361978 [2]:94 [3]:70
[0]:131597073 [1]:17396651 [2]:94 [3]:348
[0]:131802451 [1]:17432039 [2]:94 [3]:363
[0]:131996782 [1]:17465414 [2]:94 [3]:356
[0]:132226538 [1]:17504891 [2]:94 [3]:68
[0]:132418299 [1]:17537918 [2]:94 [3]:67
[0]:132620557 [1]:17572939 [2]:94 [3]:60
[0]:132822314 [1]:17607545 [2]:94 [3]:363
[0]:133020335 [1]:17641558 [2]:94 [3]:353
[0]:133214497 [1]:17675092 [2]:94 [3]:85
[0]:133420133 [1]:17710478 [2]:94 [3]:357
[0]:133617927 [1]:17744512 [2]:94 [3]:362
[0]:133813772 [1]:17778366 [2]:94 [3]:98
[0]:134013923 [1]:17812761 [2]:94 [3]:358
[0]:134234003 [1]:17850512 [2]:94 [3]:65
[0]:134447294 [1]:17887276 [2]:94 [3]:365
[0]:134641655 [1]:17920679 [2]:94 [3]:84
[0]:134824725 [1]:17952055 [2]:94 [3]:91
[0]:135015027 [1]:17984938 [2]:94 [3]:371
[0]:135209384 [1]:18018376 [2]:94 [3]:368
[0]:135403485 [1]:18051733 [2]:94 [3]:360
[0]:135593196 [1]:18084228 [2]:94 [3]:56
[0]:135792403 [1]:18118479 [2]:94 [3]:359
[0]:135994177 [1]:18153126 [2]:94 [3]:357
[0]:136203293 [1]:18189193 [2]:94 [3]:364
[0]:136394956 [1]:18222194 [2]:94 [3]:359
[0]:136603104 [1]:18257843 [2]:94 [3]:367
[0]:136789581 [1]:18289821 [2]:94 [3]:370
[0]:136991767 [1]:18324578 [2]:94 [3]:365
[0]:137200967 [1]:18360574 [2]:94 [3]:363
[0]:137398992 [1]:18394555 [2]:94 [3]:361
