[0]:143021720 [1]:24511922 [2]:140 [3]:75
[0]:143230499 [1]:24542890 [2]:140 [3]:360
[0]:143428493 [1]:24572274 [2]:140 [3]:372
[0]:143626040 [1]:24601562 [2]:141 [3]:358
[0]:143829653 [1]:24631725 [2]:141 [3]:370
[0]:144030646 [1]:24661515 [2]:141 [3]:356
[0]:144235544 [1]:24692019 [2]:141 [3]:364
[0]:144468123 [1]:24726518 [2]:141 [3]:359
[0]:144672846 [1]:24756920 [2]:141 [3]:358
[0]:144881884 [1]:24787972 [2]:141 [3]:373
[0]:145091583 [1]:24819209 [2]:141 [3]:357
[0]:145298971 [1]:24850045 [2]:141 [3]:364
[0]:145500122 [1]:24879905 [2]:141 [3]:365
[0]:145715340 [1]:24911875 [2]:141 [3]:352
[0]:145980236 [1]:24951146 [2]:141 [3]:358
[0]:146209674 [1]:24985270 [2]:141 [3]:368
[0]:146426324 [1]:25017555 [2]:141 [3]:359
[0]:146649219 [1]:25050697 [2]:141 [3]:362
[0]:146937017 [1]:25093448 [2]:141 [3]:361
[0]:147143366 [1]:25124161 [2]:141 [3]:369
[0]:147360214 [1]:25156345 [2]:141 [3]:358
[0]:147574125 [1]:25188049 [2]:141 [3]:365
[0]:147785880 [1]:25219519 [2]:141 [3]:354
[0]:147991202 [1]:25249920 [2]:141 [3]:83
[0]:148199539 [1]:25280751 [2]:141 [3]:363
[0]:148408549 [1]:25311814 [2]:141 [3]:356
[0]:148613412 [1]:25342167 [2]:141 [3]:360
[0]:148873531 [1]:25380726 [2]:141 [3]:368
[0]:149098853 [1]:25414252 [2]:141 [3]:354
[0]:149306700 [1]:25445004 [2]:141 [3]:354
[0]:149519806 [1]:25476728 [2]:141 [3]:76
[0]:149728813 [1]:25507750 [2]:141 [3]:362
[0]:149953348 [1]:25541009 [2]:141 [3]:366
[0]:150154020 [1]:25570826 [2]:141 [3]:373
[0]:150365712 [1]:25602252 [2]:141 [3]:362
[0]:150567844 [1]:25632349 [2]:141 [3]:357
[0]:150768902 [1]:25662135 [2]:141 [3]:81
[0]:150977810 [1]:25693152 [2]:141 [3]:364
[0]:151186866 [1]:25724275 [2]:141 [3]:363
[0]:151387646 [1]:25754050 [2]:141 [3]:83
[0]:151655444 [1]:25793830 [2]:141 [3]:365
[0]:151884364 [1]:25827690 [2]:141 [3]:369
[0]:152097054 [1]:25859183 [2]:141 [3]:369
[0]:152377015 [1]:25900681 [2]:141 [3]:369
[0]:152585788 [1]:25931593 [2]:141 [3]:359
[0]:152806458 [1]:25964240 [2]:141 [3]:85
[0]:153018975 [1]:25995686 [2]:141 [3]:369
[0]:153227672 [1]:26026595 [2]:141 [3]:355
[0]:153433277 [1]:26057099 [2]:141 [3]:363
[0]:153635181 [1]:26087035 [2]:141 [3]:365
[0]:153835343 [1]:26116651 [2]:141 [3]:365
[0]:154032503 [1]:26145818 [2]:141 [3]:357
[0]:154249237 [1]:26178061 [2]:141 [3]:72
[0]:154465174 [1]:26210136 [2]:141 [3]:359
[0]:154670602 [1]:26240628 [2]:141 [3]:368
[0]:154871772 [1]:26270553 [2]:141 [3]:363
[0]:155076219 [1]:26300918 [2]:141 [3]:364
[0]:155281471 [1]:26331528 [2]:141 [3]:369
[0]:155486257 [1]:26361987 [2]:141 [3]:369
[0]:155702957 [1]:26394115 [2]:141 [3]:368
[0]:155921050 [1]:26426390 [2]:141 [3]:370
[0]:156140686 [1]:26458994 [2]:141 [3]:362
[0]:156343187 [1]:26489008 [2]:141 [3]:80
[0]:156549835 [1]:26519590 [2]:141 [3]:359
[0]:156767367 [1]:26551765 [2]:141 [3]:368
[0]:157043258 [1]:26592631 [2]:141 [3]:363
[0]:157276001 [1]:26627103 [2]:141 [3]:364
[0]:157477193 [1]:26656949 [2]:141 [3]:357
[0]:157705032 [1]:26690779 [2]:141 [3]:359
[0]:157908373 [1]:26720846 [2]:141 [3]:375
[0]:158119160 [1]:26752144 [2]:141 [3]:367
[0]:158320023 [1]:26781926 [2]:141 [3]:369
[0]:158527187 [1]:26812679 [2]:141 [3]:360
[0]:158748116 [1]:26845388 [2]:141 [3]:355
[0]:158957981 [1]:26876555 [2]:141 [3]:360
[0]:159175339 [1]:26908821 [2]:141 [3]:369
[0]:159384085 [1]:26939752 [2]:141 [3]:371
[0]:159592605 [1]:26970660 [2]:141 [3]:359
[0]:159801955 [1]:27001666 [2]:141 [3]:361
[0]:160002901 [1]:27031520 [2]:141 [3]:360
[0]:160204966 [1]:27061486 [2]:141 [3]:357
[0]:160404928 [1]:27091107 [2]:141 [3]:370
[0]:160609702 [1]:27121505 [2]:141 [3]:360
[0]:160830797 [1]:27154342 [2]:141 [3]:357
[0]:161039335 [1]:27185340 [2]:141 [3]:79
[0]:161240073 [1]:27215071 [2]:141 [3]:354
[0]:161445075 [1]:27245486 [2]:141 [3]:364
[0]:161650102 [1]:27275869 [2]:141 [3]:360
[0]:161857065 [1]:27306490 [2]:141 [3]:372
[0]:162063902 [1]:27337208 [2]:141 [3]:373
[0]:162269004 [1]:27367622 [2]:141 [3]:359
[0]:162481088 [1]:27399157 [2]:141 [3]:361
[0]:162682761 [1]:27428981 [2]:141 [3]:368
[0]:162903310 [1]:27461725 [2]:141 [3]:365
[0]:163116280 [1]:27493298 [2]:141 [3]:72
[0]:163336542 [1]:27525985 [2]:141 [3]:371
[0]:163541866 [1]:27556449 [2]:141 [3]:371
[0]:163734919 [1]:27585115 [2]:141 [3]:367
[0]:163946870 [1]:27616509 [2]:141 [3]:359
[0]:164152698 [1]:27646979 [2]:141 [3]:370
[0]:164365494 [1]:27678551 [2]:141 [3]:367
[0]:164565757 [1]:27708275 [2]:141 [3]:367
[0]:164771300 [1]:27738699 [2]:141 [3]:362
[0]:164994392 [1]:27771815 [2]:141 [3]:368
[0]:165208849 [1]:27803563 [2]:141 [3]:362
[0]:165413860 [1]:27833938 [2]:141 [3]:358
[0]:165642542 [1]:27867789 [2]:141 [3]:360
[0]:165837710 [1]:27896728 [2]:141 [3]:370
[0]:166040306 [1]:27926696 [2]:141 [3]:349
[0]:166237699 [1]:27955918 [2]:141 [3]:359
[0]:166443836 [1]:27986428 [2]:141 [3]:83
[0]:166673532 [1]:28020506 [2]:141 [3]:371
[0]:166898034 [1]:28053806 [2]:141 [3]:367
[0]:167108176 [1]:28085050 [2]:141 [3]:363
[0]:167321367 [1]:28116648 [2]:141 [3]:368
[0]:167555398 [1]:28151382 [2]:141 [3]:364
[0]:167761176 [1]:28181866 [2]:141 [3]:368
[0]:167983375 [1]:28214747 [2]:141 [3]:80
[0]:168196376 [1]:28246416 [2]:141 [3]:358
[0]:168409156 [1]:28277948 [2]:141 [3]:357
[0]:168625915 [1]:28310095 [2]:141 [3]:367
[0]:168828640 [1]:28340139 [2]:141 [3]:370
[0]:169039831 [1]:28371427 [2]:141 [3]:362
[0]:169248557 [1]:28402388 [2]:141 [3]:367
[0]:169449562 [1]:28432130 [2]:141 [3]:355
[0]:169662436 [1]:28463660 [2]:141 [3]:373
[0]:169867668 [1]:28494169 [2]:141 [3]:365
[0]:170076138 [1]:28525136 [2]:141 [3]:368
[0]:170281032 [1]:28555527 [2]:141 [3]:356
[0]:170501506 [1]:28588183 [2]:141 [3]:366
[0]:170706806 [1]:28618748 [2]:141 [3]:368
[0]:170907464 [1]:28648513 [2]:141 [3]:363
[0]:171119909 [1]:28680100 [2]:141 [3]:370
[0]:171329360 [1]:28711266 [2]:141 [3]:360
[0]:171534272 [1]:28741584 [2]:141 [3]:362
[0]:171759070 [1]:28774840 [2]:141 [3]:367
[0]:171987548 [1]:28808762 [2]:141 [3]:355
[0]:172191439 [1]:28838930 [2]:141 [3]:362
