[0]:183931796 [1]:32858507 [2]:152 [3]:360
[0]:184140639 [1]:32906651 [2]:152 [3]:359
[0]:184331334 [1]:32950701 [2]:152 [3]:363
[0]:184528996 [1]:32996325 [2]:152 [3]:362
[0]:184730463 [1]:33042868 [2]:152 [3]:59
[0]:184928534 [1]:33088543 [2]:152 [3]:361
[0]:185133785 [1]:33135970 [2]:152 [3]:360
[0]:185327945 [1]:33180803 [2]:152 [3]:367
[0]:185583696 [1]:33239858 [2]:152 [3]:351
[0]:185773868 [1]:33283808 [2]:152 [3]:63
[0]:185969812 [1]:33329082 [2]:152 [3]:62
[0]:186160140 [1]:33373090 [2]:152 [3]:368
[0]:186361821 [1]:33419665 [2]:152 [3]:363
[0]:186559320 [1]:33465331 [2]:152 [3]:359
[0]:186755159 [1]:33510573 [2]:152 [3]:362
[0]:186944056 [1]:33554203 [2]:152 [3]:360
[0]:187134284 [1]:33598204 [2]:152 [3]:365
[0]:187332184 [1]:33643991 [2]:160 [3]:361
[0]:187537389 [1]:33691424 [2]:160 [3]:357
[0]:187738990 [1]:33737939 [2]:160 [3]:361
[0]:187936881 [1]:33783658 [2]:160 [3]:355
[0]:188145877 [1]:33831944 [2]:160 [3]:359
[0]:188339737 [1]:33876724 [2]:160 [3]:360
[0]:188544799 [1]:33924175 [2]:160 [3]:362
[0]:188743032 [1]:33969904 [2]:160 [3]:358
[0]:188940510 [1]:34015534 [2]:160 [3]:362
[0]:189153561 [1]:34064728 [2]:160 [3]:362
[0]:189345631 [1]:34109105 [2]:160 [3]:358
[0]:189552649 [1]:34156963 [2]:160 [3]:360
[0]:189830382 [1]:34221021 [2]:160 [3]:362
[0]:190023297 [1]:34265572 [2]:164 [3]:366
[0]:190221038 [1]:34311288 [2]:164 [3]:363
[0]:190418385 [1]:34356977 [2]:164 [3]:68
[0]:190612834 [1]:34401838 [2]:164 [3]:363
[0]:190799545 [1]:34444933 [2]:164 [3]:364
[0]:190990784 [1]:34489137 [2]:164 [3]:368
[0]:191187887 [1]:34534697 [2]:164 [3]:59
[0]:191382962 [1]:34579769 [2]:164 [3]:366
[0]:191589598 [1]:34627391 [2]:164 [3]:359
[0]:191788802 [1]:34673379 [2]:164 [3]:58
[0]:192008819 [1]:34724207 [2]:164 [3]:359
[0]:192206587 [1]:34769881 [2]:164 [3]:362
[0]:192400849 [1]:34814732 [2]:164 [3]:367
[0]:192594925 [1]:34859535 [2]:164 [3]:361
[0]:192793025 [1]:34905355 [2]:164 [3]:367
[0]:192983188 [1]:34949315 [2]:165 [3]:61
[0]:193229469 [1]:35006216 [2]:165 [3]:358
[0]:193423972 [1]:35051094 [2]:165 [3]:358
[0]:193628821 [1]:35098471 [2]:165 [3]:355
[0]:193830361 [1]:35144993 [2]:165 [3]:356
[0]:194023811 [1]:35189695 [2]:165 [3]:69
[0]:194219565 [1]:35234872 [2]:165 [3]:359
[0]:194420128 [1]:35281161 [2]:165 [3]:363
[0]:194617787 [1]:35326889 [2]:165 [3]:359
[0]:194817848 [1]:35373075 [2]:165 [3]:365
[0]:195006454 [1]:35416644 [2]:165 [3]:359
[0]:195196755 [1]:35460492 [2]:165 [3]:360
[0]:195408693 [1]:35509531 [2]:165 [3]:56
[0]:195626216 [1]:35559814 [2]:166 [3]:59
[0]:195825553 [1]:35605859 [2]:166 [3]:62
[0]:196019918 [1]:35650825 [2]:166 [3]:360
[0]:196204442 [1]:35693362 [2]:166 [3]:59
[0]:196398334 [1]:35738209 [2]:166 [3]:58
[0]:196591129 [1]:35782768 [2]:166 [3]:362
[0]:196787071 [1]:35828087 [2]:166 [3]:55
[0]:196976848 [1]:35871941 [2]:166 [3]:364
[0]:197173048 [1]:35917185 [2]:166 [3]:355
[0]:197368729 [1]:35962439 [2]:166 [3]:355
[0]:197554467 [1]:36005312 [2]:166 [3]:365
[0]:197750610 [1]:36050710 [2]:166 [3]:359
[0]:197939696 [1]:36094388 [2]:166 [3]:358
[0]:198137071 [1]:36139881 [2]:166 [3]:363
[0]:198339034 [1]:36186533 [2]:166 [3]:56
[0]:198600501 [1]:36246957 [2]:166 [3]:359
[0]:198794193 [1]:36291734 [2]:166 [3]:358
[0]:198984872 [1]:36335755 [2]:166 [3]:358
[0]:199179318 [1]:36380677 [2]:166 [3]:363
[0]:199366972 [1]:36424061 [2]:166 [3]:370
[0]:199554092 [1]:36467313 [2]:166 [3]:370
[0]:199749878 [1]:36512568 [2]:166 [3]:354
[0]:199973965 [1]:36564229 [2]:166 [3]:359
[0]:200175546 [1]:36610804 [2]:166 [3]:64
[0]:200366622 [1]:36654981 [2]:166 [3]:361
[0]:200603888 [1]:36709781 [2]:166 [3]:355
[0]:200793062 [1]:36753451 [2]:166 [3]:61
[0]:200989689 [1]:36798871 [2]:166 [3]:360
[0]:200999024 [1]:36801049 [2]:166 [3]:366
[0]:200999024 [1]:36801049 [2]:166 [3]:366
