[0]:0 [1]:0 [2]:0 [3]:0
[0]:0 [1]:0 [2]:0 [3]:0
[0]:189464 [1]:0 [2]:0 [3]:53
[0]:407253 [1]:0 [2]:0 [3]:60
[0]:625513 [1]:0 [2]:0 [3]:77
[0]:862758 [1]:0 [2]:0 [3]:99
[0]:1081855 [1]:3424 [2]:121 [3]:369
[0]:1286243 [1]:24035 [2]:121 [3]:373
[0]:1484521 [1]:44273 [2]:121 [3]:362
[0]:1680523 [1]:63990 [2]:121 [3]:76
[0]:1884366 [1]:84455 [2]:121 [3]:358
[0]:2114034 [1]:107704 [2]:121 [3]:362
[0]:2321198 [1]:128570 [2]:121 [3]:70
[0]:2522881 [1]:148968 [2]:121 [3]:68
[0]:2724173 [1]:169280 [2]:115 [3]:64
[0]:2927202 [1]:189918 [2]:115 [3]:371
[0]:3121365 [1]:209664 [2]:115 [3]:81
[0]:3310592 [1]:228878 [2]:115 [3]:67
[0]:3505271 [1]:248581 [2]:115 [3]:356
[0]:3694721 [1]:267922 [2]:115 [3]:357
[0]:3886315 [1]:287222 [2]:115 [3]:66
[0]:4084472 [1]:307294 [2]:115 [3]:369
[0]:4297351 [1]:328817 [2]:110 [3]:359
[0]:4484408 [1]:347820 [2]:110 [3]:359
[0]:4686179 [1]:368322 [2]:110 [3]:71
[0]:4876873 [1]:387673 [2]:110 [3]:59
[0]:5134710 [1]:413908 [2]:110 [3]:64
[0]:5332422 [1]:434211 [2]:110 [3]:366
[0]:5530699 [1]:454123 [2]:110 [3]:364
[0]:5726809 [1]:474054 [2]:105 [3]:353
[0]:5915617 [1]:493263 [2]:105 [3]:68
[0]:6117609 [1]:513679 [2]:105 [3]:74
[0]:6315704 [1]:533724 [2]:105 [3]:80
[0]:6513906 [1]:553750 [2]:105 [3]:53
[0]:6708105 [1]:573495 [2]:105 [3]:67
[0]:6913647 [1]:594420 [2]:105 [3]:77
[0]:7115461 [1]:614810 [2]:105 [3]:64
[0]:7317691 [1]:635097 [2]:101 [3]:356
[0]:7511983 [1]:654838 [2]:101 [3]:367
[0]:7703822 [1]:674227 [2]:101 [3]:64
[0]:7914987 [1]:695865 [2]:101 [3]:57
[0]:8110456 [1]:715563 [2]:101 [3]:358
[0]:8310940 [1]:735844 [2]:101 [3]:59
[0]:8506316 [1]:755544 [2]:101 [3]:57
[0]:8707956 [1]:776069 [2]:101 [3]:65
[0]:8909881 [1]:796451 [2]:97 [3]:48
[0]:9104077 [1]:816215 [2]:97 [3]:378
[0]:9301772 [1]:836364 [2]:97 [3]:69
[0]:9503863 [1]:856742 [2]:97 [3]:349
[0]:9697934 [1]:876369 [2]:97 [3]:67
[0]:9892787 [1]:896066 [2]:97 [3]:57
[0]:10083660 [1]:915295 [2]:97 [3]:364
[0]:10274225 [1]:934554 [2]:97 [3]:56
[0]:10475783 [1]:954953 [2]:94 [3]:76
[0]:10678267 [1]:975427 [2]:94 [3]:70
[0]:10868793 [1]:994726 [2]:94 [3]:355
[0]:11100643 [1]:1018203 [2]:94 [3]:50
[0]:11292330 [1]:1037719 [2]:94 [3]:66
[0]:11492585 [1]:1057976 [2]:94 [3]:67
[0]:11702322 [1]:1079216 [2]:94 [3]:58
[0]:11896582 [1]:1098754 [2]:94 [3]:63
[0]:12094709 [1]:1118741 [2]:91 [3]:52
[0]:12289298 [1]:1138511 [2]:91 [3]:66
[0]:12483201 [1]:1158394 [2]:91 [3]:74
[0]:12692148 [1]:1179495 [2]:91 [3]:361
[0]:12887578 [1]:1199274 [2]:91 [3]:373
[0]:13148021 [1]:1225751 [2]:91 [3]:358
[0]:13339429 [1]:1245188 [2]:91 [3]:62
[0]:13536102 [1]:1265167 [2]:88 [3]:81
[0]:13731979 [1]:1285000 [2]:88 [3]:354
[0]:13926228 [1]:1304626 [2]:88 [3]:93
[0]:14135250 [1]:1325708 [2]:88 [3]:380
[0]:14337599 [1]:1346203 [2]:88 [3]:374
[0]:14539512 [1]:1366531 [2]:88 [3]:70
[0]:14734002 [1]:1386223 [2]:88 [3]:79
[0]:14924804 [1]:1405414 [2]:88 [3]:364
[0]:15116837 [1]:1424830 [2]:86 [3]:362
[0]:15365968 [1]:1450046 [2]:86 [3]:68
[0]:15552093 [1]:1469081 [2]:86 [3]:356
[0]:15750840 [1]:1489091 [2]:86 [3]:62
[0]:15947767 [1]:1509095 [2]:86 [3]:71
[0]:16143196 [1]:1529025 [2]:86 [3]:77
[0]:16340420 [1]:1548863 [2]:86 [3]:360
[0]:16566833 [1]:1571818 [2]:86 [3]:58
[0]:16760168 [1]:1591513 [2]:84 [3]:363
[0]:16961714 [1]:1611995 [2]:84 [3]:55
[0]:17159672 [1]:1631994 [2]:84 [3]:60
[0]:17349999 [1]:1651163 [2]:84 [3]:59
[0]:17548236 [1]:1671226 [2]:84 [3]:359
[0]:17743184 [1]:1690874 [2]:84 [3]:359
[0]:17965230 [1]:1713431 [2]:84 [3]:62
[0]:18161937 [1]:1733315 [2]:82 [3]:368
[0]:18352568 [1]:1752575 [2]:82 [3]:66
[0]:18554493 [1]:1773054 [2]:82 [3]:359
[0]:18751910 [1]:1793003 [2]:82 [3]:363
[0]:18946969 [1]:1812840 [2]:82 [3]:68
[0]:19152327 [1]:1833632 [2]:82 [3]:64
[0]:19358088 [1]:1854420 [2]:82 [3]:70
[0]:19557895 [1]:1874772 [2]:82 [3]:62
[0]:19745182 [1]:1893677 [2]:80 [3]:73
[0]:19948745 [1]:1914300 [2]:80 [3]:364
[0]:20142879 [1]:1934050 [2]:80 [3]:359
[0]:20351780 [1]:1955138 [2]:80 [3]:58
[0]:20552383 [1]:1975353 [2]:80 [3]:353
[0]:20745121 [1]:1994883 [2]:80 [3]:366
[0]:20943076 [1]:2014966 [2]:80 [3]:57
[0]:21178347 [1]:2038909 [2]:80 [3]:355
[0]:21369354 [1]:2058086 [2]:78 [3]:76
[0]:21560066 [1]:2077291 [2]:78 [3]:362
[0]:21758286 [1]:2097267 [2]:78 [3]:374
[0]:21956575 [1]:2117385 [2]:78 [3]:359
[0]:22146859 [1]:2136744 [2]:78 [3]:73
[0]:22352213 [1]:2157448 [2]:78 [3]:63
[0]:22550548 [1]:2177712 [2]:78 [3]:359
[0]:22744905 [1]:2197337 [2]:78 [3]:66
[0]:22950159 [1]:2218121 [2]:77 [3]:50
[0]:23149135 [1]:2238187 [2]:77 [3]:60
[0]:23350704 [1]:2258564 [2]:77 [3]:372
[0]:23552492 [1]:2279110 [2]:77 [3]:363
[0]:23760272 [1]:2300221 [2]:77 [3]:368
[0]:23948988 [1]:2319382 [2]:77 [3]:377
[0]:24141516 [1]:2338777 [2]:77 [3]:362
[0]:24337115 [1]:2358718 [2]:77 [3]:54
[0]:24535347 [1]:2378894 [2]:76 [3]:62
[0]:24746522 [1]:2400259 [2]:76 [3]:63
[0]:24946431 [1]:2420402 [2]:76 [3]:68
[0]:25141109 [1]:2440076 [2]:76 [3]:65
[0]:25334841 [1]:2459710 [2]:76 [3]:62
[0]:25529382 [1]:2479619 [2]:76 [3]:361
[0]:25776433 [1]:2504564 [2]:76 [3]:73
[0]:25974138 [1]:2524641 [2]:75 [3]:57
[0]:26215188 [1]:2549257 [2]:75 [3]:366
[0]:26411579 [1]:2569094 [2]:75 [3]:374
[0]:26605693 [1]:2588750 [2]:75 [3]:362
[0]:26796705 [1]:2607958 [2]:75 [3]:366
[0]:26991190 [1]:2627617 [2]:75 [3]:73
[0]:27252655 [1]:2654164 [2]:75 [3]:56
[0]:27447013 [1]:2673787 [2]:74 [3]:65
[0]:27648861 [1]:2694396 [2]:74 [3]:66
[0]:27851798 [1]:2714832 [2]:74 [3]:63
[0]:28067717 [1]:2736748 [2]:74 [3]:67
[0]:28272013 [1]:2757462 [2]:74 [3]:67
[0]:28473877 [1]:2777867 [2]:74 [3]:71
[0]:28676472 [1]:2807925 [2]:74 [3]:367
[0]:28877288 [1]:2838798 [2]:74 [3]:360
[0]:29075648 [1]:2869342 [2]:74 [3]:364
[0]:29273402 [1]:2899794 [2]:74 [3]:50
[0]:29486098 [1]:2932593 [2]:74 [3]:367
[0]:29702713 [1]:2965799 [2]:74 [3]:367
[0]:29909941 [1]:2997712 [2]:74 [3]:369
[0]:30105682 [1]:3027834 [2]:74 [3]:365
[0]:30309418 [1]:3059327 [2]:74 [3]:362
[0]:30504878 [1]:3089459 [2]:74 [3]:59
[0]:30698967 [1]:3119286 [2]:74 [3]:362
[0]:30900628 [1]:3150347 [2]:74 [3]:363
[0]:31105387 [1]:3181885 [2]:74 [3]:350
[0]:31317030 [1]:3214461 [2]:76 [3]:60
[0]:31519321 [1]:3245472 [2]:76 [3]:69
[0]:31758719 [1]:3282394 [2]:76 [3]:365
[0]:31962058 [1]:3313581 [2]:76 [3]:368
[0]:32186106 [1]:3348001 [2]:76 [3]:64
[0]:32385539 [1]:3378694 [2]:76 [3]:360
[0]:32587270 [1]:3409718 [2]:76 [3]:364
[0]:32783395 [1]:3439937 [2]:76 [3]:53
[0]:32990537 [1]:3471872 [2]:76 [3]:362
[0]:33184517 [1]:3501688 [2]:76 [3]:360
[0]:33388829 [1]:3533104 [2]:78 [3]:71
[0]:33593896 [1]:3564662 [2]:78 [3]:361
[0]:33819975 [1]:3599388 [2]:78 [3]:64
[0]:34020584 [1]:3630349 [2]:78 [3]:62
[0]:34218368 [1]:3660739 [2]:78 [3]:363
[0]:34419061 [1]:3691576 [2]:78 [3]:374
[0]:34630739 [1]:3724265 [2]:78 [3]:361
[0]:34856486 [1]:3759126 [2]:78 [3]:65
[0]:35046510 [1]:3788420 [2]:78 [3]:362
[0]:35263207 [1]:3821751 [2]:78 [3]:366
[0]:35513166 [1]:3860246 [2]:80 [3]:366
[0]:35718242 [1]:3891939 [2]:80 [3]:362
[0]:35912373 [1]:3921926 [2]:80 [3]:60
[0]:36117924 [1]:3953619 [2]:80 [3]:71
[0]:36326608 [1]:3985648 [2]:80 [3]:54
[0]:36524318 [1]:4016036 [2]:80 [3]:74
[0]:36716306 [1]:4045757 [2]:80 [3]:361
[0]:36908678 [1]:4075373 [2]:80 [3]:356
[0]:37107243 [1]:4105865 [2]:80 [3]:358
[0]:37304678 [1]:4136227 [2]:80 [3]:362
[0]:37502013 [1]:4166630 [2]:81 [3]:374
[0]:37695709 [1]:4196487 [2]:81 [3]:368
[0]:37905154 [1]:4228738 [2]:81 [3]:63
[0]:38099094 [1]:4258585 [2]:81 [3]:58
[0]:38296917 [1]:4289149 [2]:81 [3]:360
[0]:38494672 [1]:4319586 [2]:81 [3]:367
[0]:38699920 [1]:4351245 [2]:81 [3]:367
[0]:38889046 [1]:4380339 [2]:81 [3]:71
[0]:39084411 [1]:4410384 [2]:81 [3]:58
[0]:39278336 [1]:4440330 [2]:81 [3]:57
[0]:39466662 [1]:4469319 [2]:82 [3]:364
[0]:39653882 [1]:4498174 [2]:82 [3]:62
[0]:39853084 [1]:4528852 [2]:82 [3]:74
[0]:40050659 [1]:4559280 [2]:82 [3]:360
[0]:40246395 [1]:4589368 [2]:82 [3]:363
[0]:40438666 [1]:4618979 [2]:82 [3]:368
[0]:40648139 [1]:4651181 [2]:82 [3]:63
[0]:40844832 [1]:4681391 [2]:82 [3]:366
[0]:41035953 [1]:4710931 [2]:82 [3]:369
[0]:41261179 [1]:4745627 [2]:82 [3]:362
[0]:41457703 [1]:4775811 [2]:83 [3]:360
[0]:41659028 [1]:4806803 [2]:83 [3]:362
[0]:41857001 [1]:4837216 [2]:83 [3]:62
[0]:42053214 [1]:4867450 [2]:83 [3]:359
[0]:42274583 [1]:4901627 [2]:83 [3]:365
[0]:42466570 [1]:4931134 [2]:83 [3]:359
[0]:42663172 [1]:4961440 [2]:83 [3]:359
[0]:42868128 [1]:4992895 [2]:83 [3]:367
[0]:43066223 [1]:5023477 [2]:83 [3]:75
[0]:43263988 [1]:5053906 [2]:83 [3]:63
[0]:43470897 [1]:5085810 [2]:83 [3]:59
[0]:43670643 [1]:5116466 [2]:84 [3]:358
[0]:43867445 [1]:5146790 [2]:84 [3]:361
[0]:44066465 [1]:5177377 [2]:84 [3]:60
[0]:44260533 [1]:5207219 [2]:84 [3]:362
[0]:44473258 [1]:5240037 [2]:84 [3]:350
[0]:44671051 [1]:5270448 [2]:84 [3]:361
[0]:44864996 [1]:5300396 [2]:84 [3]:368
[0]:45059155 [1]:5330326 [2]:84 [3]:58
[0]:45260710 [1]:5361346 [2]:84 [3]:374
[0]:45469498 [1]:5393639 [2]:84 [3]:64
[0]:45663522 [1]:5423406 [2]:85 [3]:50
[0]:45868991 [1]:5455037 [2]:85 [3]:359
[0]:46070422 [1]:5486062 [2]:85 [3]:63
[0]:46264395 [1]:5515979 [2]:85 [3]:64
[0]:46464149 [1]:5546641 [2]:85 [3]:365
[0]:46686197 [1]:5580856 [2]:85 [3]:364
[0]:46880154 [1]:5610763 [2]:85 [3]:371
[0]:47074943 [1]:5640829 [2]:85 [3]:64
[0]:47275661 [1]:5671769 [2]:85 [3]:72
[0]:47469681 [1]:5701685 [2]:85 [3]:356
[0]:47667393 [1]:5732210 [2]:86 [3]:63
[0]:47853961 [1]:5760953 [2]:86 [3]:362
[0]:48070197 [1]:5794205 [2]:86 [3]:364
[0]:48337569 [1]:5835375 [2]:86 [3]:346
[0]:48530625 [1]:5865115 [2]:86 [3]:358
[0]:48731072 [1]:5895951 [2]:86 [3]:369
[0]:48925107 [1]:5925856 [2]:86 [3]:365
[0]:49126164 [1]:5956838 [2]:86 [3]:62
[0]:49318233 [1]:5986336 [2]:86 [3]:67
[0]:49507295 [1]:6015423 [2]:86 [3]:360
[0]:49696238 [1]:6044615 [2]:87 [3]:65
[0]:49908691 [1]:6077328 [2]:87 [3]:65
[0]:50104809 [1]:6107608 [2]:87 [3]:364
[0]:50320542 [1]:6140797 [2]:87 [3]:356
[0]:50521523 [1]:6171807 [2]:87 [3]:368
[0]:50723761 [1]:6202908 [2]:87 [3]:361
[0]:50921289 [1]:6233468 [2]:87 [3]:363
[0]:51118369 [1]:6263836 [2]:87 [3]:64
[0]:51313170 [1]:6293852 [2]:87 [3]:365
[0]:51507261 [1]:6323768 [2]:87 [3]:57
[0]:51708679 [1]:6354792 [2]:88 [3]:370
[0]:51900743 [1]:6384381 [2]:88 [3]:67
[0]:52110827 [1]:6416762 [2]:88 [3]:65
[0]:52309520 [1]:6447396 [2]:88 [3]:368
[0]:52503492 [1]:6477216 [2]:88 [3]:361
[0]:52696287 [1]:6506905 [2]:88 [3]:77
[0]:52915159 [1]:6540557 [2]:88 [3]:364
[0]:53111787 [1]:6570928 [2]:88 [3]:364
[0]:53313129 [1]:6601998 [2]:88 [3]:362
[0]:53511161 [1]:6632522 [2]:88 [3]:359
[0]:53710949 [1]:6663290 [2]:89 [3]:58
[0]:53911329 [1]:6694127 [2]:89 [3]:68
[0]:54106066 [1]:6724076 [2]:89 [3]:356
[0]:54309720 [1]:6755425 [2]:89 [3]:60
[0]:54514693 [1]:6786957 [2]:89 [3]:356
[0]:54726712 [1]:6819682 [2]:89 [3]:364
[0]:54932824 [1]:6851363 [2]:89 [3]:353
[0]:55126809 [1]:6881289 [2]:89 [3]:359
[0]:55317053 [1]:6910725 [2]:89 [3]:52
[0]:55509200 [1]:6940209 [2]:89 [3]:63
[0]:55710779 [1]:6971241 [2]:89 [3]:358
[0]:55903112 [1]:7000829 [2]:90 [3]:355
[0]:56115612 [1]:7033584 [2]:90 [3]:59
[0]:56309879 [1]:7063551 [2]:90 [3]:369
[0]:56496311 [1]:7092262 [2]:90 [3]:360
[0]:56690487 [1]:7122180 [2]:90 [3]:58
[0]:56887467 [1]:7152536 [2]:90 [3]:361
[0]:57086034 [1]:7183074 [2]:90 [3]:363
[0]:57292233 [1]:7214876 [2]:90 [3]:65
[0]:57481547 [1]:7244002 [2]:90 [3]:365
[0]:57674981 [1]:7273719 [2]:90 [3]:365
[0]:57877165 [1]:7305006 [2]:90 [3]:363
[0]:58078432 [1]:7335995 [2]:90 [3]:369
[0]:58272680 [1]:7365915 [2]:90 [3]:354
[0]:58481645 [1]:7398138 [2]:90 [3]:60
[0]:58676306 [1]:7428084 [2]:90 [3]:66
[0]:58884428 [1]:7460121 [2]:90 [3]:365
[0]:59082972 [1]:7490655 [2]:90 [3]:59
[0]:59295131 [1]:7523291 [2]:90 [3]:66
[0]:59486894 [1]:7552785 [2]:90 [3]:357
[0]:59695897 [1]:7584937 [2]:90 [3]:358
[0]:59901236 [1]:7616642 [2]:90 [3]:62
[0]:60108302 [1]:7648513 [2]:90 [3]:364
[0]:60302945 [1]:7678428 [2]:90 [3]:78
[0]:60504440 [1]:7709397 [2]:90 [3]:355
[0]:60706033 [1]:7740411 [2]:90 [3]:365
[0]:60905266 [1]:7771085 [2]:90 [3]:55
[0]:61099240 [1]:7800948 [2]:90 [3]:366
[0]:61303154 [1]:7832344 [2]:90 [3]:354
[0]:61526510 [1]:7866680 [2]:90 [3]:369
[0]:61725532 [1]:7897401 [2]:90 [3]:69
[0]:61926281 [1]:7928314 [2]:90 [3]:65
[0]:62123986 [1]:7958746 [2]:90 [3]:63
[0]:62329033 [1]:7990272 [2]:90 [3]:359
[0]:62534318 [1]:8021926 [2]:90 [3]:363
[0]:62732306 [1]:8052368 [2]:90 [3]:357
[0]:62926613 [1]:8082243 [2]:90 [3]:60
[0]:63113040 [1]:8110954 [2]:90 [3]:363
[0]:63313277 [1]:8141764 [2]:90 [3]:61
[0]:63511557 [1]:8172293 [2]:90 [3]:65
[0]:63712827 [1]:8203280 [2]:90 [3]:366
[0]:63915425 [1]:8234406 [2]:90 [3]:355
[0]:64116783 [1]:8265507 [2]:90 [3]:368
[0]:64318479 [1]:8296536 [2]:90 [3]:361
[0]:64527451 [1]:8328701 [2]:90 [3]:355
[0]:64741341 [1]:8361684 [2]:90 [3]:364
[0]:64952018 [1]:8386950 [2]:90 [3]:91
[0]:65175829 [1]:8408612 [2]:90 [3]:366
[0]:65365553 [1]:8427114 [2]:90 [3]:361
[0]:65574270 [1]:8447598 [2]:90 [3]:363
[0]:65783032 [1]:8467982 [2]:90 [3]:74
[0]:66004129 [1]:8489909 [2]:90 [3]:370
[0]:66211502 [1]:8510506 [2]:90 [3]:381
[0]:66458011 [1]:8534686 [2]:90 [3]:74
[0]:66671880 [1]:8555651 [2]:90 [3]:367
[0]:66900286 [1]:8577824 [2]:90 [3]:362
[0]:67109971 [1]:8598264 [2]:90 [3]:370
[0]:67322215 [1]:8619088 [2]:90 [3]:78
[0]:67541211 [1]:8640551 [2]:90 [3]:371
[0]:67747315 [1]:8660633 [2]:90 [3]:83
[0]:67955221 [1]:8680778 [2]:90 [3]:357
[0]:68234152 [1]:8707914 [2]:90 [3]:366
[0]:68442885 [1]:8728213 [2]:89 [3]:367
[0]:68645991 [1]:8748126 [2]:89 [3]:361
[0]:68865913 [1]:8769593 [2]:89 [3]:362
[0]:69070596 [1]:8789623 [2]:89 [3]:366
[0]:69279252 [1]:8810101 [2]:89 [3]:90
[0]:69487693 [1]:8830418 [2]:89 [3]:365
[0]:69692905 [1]:8850450 [2]:89 [3]:357
[0]:69905509 [1]:8871053 [2]:89 [3]:373
[0]:70118473 [1]:8891724 [2]:89 [3]:89
[0]:70317394 [1]:8911179 [2]:89 [3]:366
[0]:70510354 [1]:8930092 [2]:89 [3]:90
[0]:70712982 [1]:8949871 [2]:89 [3]:80
[0]:70937501 [1]:8971570 [2]:89 [3]:370
[0]:71146205 [1]:8992171 [2]:89 [3]:80
[0]:71373335 [1]:9014230 [2]:89 [3]:88
[0]:71612223 [1]:9037360 [2]:89 [3]:357
[0]:71815238 [1]:9057027 [2]:89 [3]:362
[0]:72024910 [1]:9077413 [2]:89 [3]:371
[0]:72234915 [1]:9098210 [2]:89 [3]:358
[0]:72441977 [1]:9118471 [2]:89 [3]:369
[0]:72649572 [1]:9138935 [2]:89 [3]:98
[0]:72874953 [1]:9161100 [2]:89 [3]:83
[0]:73088909 [1]:9181922 [2]:89 [3]:362
[0]:73296438 [1]:9202112 [2]:89 [3]:80
[0]:73509593 [1]:9223030 [2]:89 [3]:78
[0]:73725147 [1]:9244010 [2]:89 [3]:87
[0]:73943726 [1]:9265426 [2]:89 [3]:88
[0]:74146870 [1]:9285286 [2]:89 [3]:367
[0]:74378960 [1]:9308163 [2]:89 [3]:371
[0]:74657562 [1]:9335584 [2]:89 [3]:360
[0]:74866967 [1]:9355966 [2]:89 [3]:82
[0]:75076142 [1]:9376267 [2]:89 [3]:104
[0]:75276868 [1]:9395842 [2]:89 [3]:78
[0]:75546483 [1]:9422208 [2]:89 [3]:75
[0]:75755741 [1]:9442824 [2]:89 [3]:363
[0]:75967043 [1]:9463361 [2]:89 [3]:364
[0]:76175616 [1]:9483839 [2]:89 [3]:367
[0]:76383128 [1]:9510361 [2]:89 [3]:362
[0]:76579747 [1]:9536197 [2]:89 [3]:361
[0]:76795493 [1]:9564469 [2]:89 [3]:359
[0]:77008248 [1]:9592334 [2]:89 [3]:84
[0]:77209459 [1]:9618828 [2]:89 [3]:78
[0]:77417178 [1]:9646110 [2]:89 [3]:363
[0]:77630502 [1]:9674049 [2]:89 [3]:370
[0]:77835213 [1]:9700942 [2]:89 [3]:355
[0]:78047600 [1]:9728885 [2]:89 [3]:371
[0]:78249554 [1]:9755279 [2]:89 [3]:363
[0]:78457000 [1]:9782526 [2]:89 [3]:363
[0]:78661307 [1]:9809286 [2]:92 [3]:360
[0]:78897822 [1]:9840275 [2]:92 [3]:81
[0]:79110376 [1]:9868116 [2]:92 [3]:358
[0]:79322961 [1]:9895958 [2]:92 [3]:358
[0]:79543259 [1]:9924851 [2]:92 [3]:352
[0]:79753091 [1]:9952343 [2]:92 [3]:368
[0]:79971703 [1]:9980953 [2]:92 [3]:82
[0]:80200472 [1]:10010920 [2]:92 [3]:82
[0]:80416791 [1]:10039323 [2]:92 [3]:82
[0]:80634399 [1]:10067811 [2]:92 [3]:368
[0]:80855453 [1]:10096778 [2]:92 [3]:375
[0]:81078249 [1]:10126062 [2]:92 [3]:362
[0]:81277635 [1]:10152301 [2]:92 [3]:365
[0]:81499264 [1]:10181359 [2]:92 [3]:362
[0]:81703887 [1]:10208340 [2]:92 [3]:369
[0]:81908441 [1]:10235228 [2]:92 [3]:83
[0]:82166122 [1]:10268948 [2]:92 [3]:359
[0]:82386965 [1]:10298029 [2]:96 [3]:358
[0]:82597084 [1]:10325455 [2]:96 [3]:365
[0]:82813749 [1]:10353852 [2]:96 [3]:358
[0]:83041452 [1]:10383773 [2]:96 [3]:363
[0]:83242690 [1]:10410110 [2]:96 [3]:364
[0]:83450928 [1]:10437385 [2]:96 [3]:361
[0]:83655954 [1]:10464314 [2]:96 [3]:365
[0]:83880304 [1]:10493741 [2]:96 [3]:361
[0]:84092779 [1]:10521604 [2]:96 [3]:365
[0]:84312510 [1]:10550386 [2]:96 [3]:363
[0]:84521776 [1]:10577901 [2]:96 [3]:80
[0]:84729301 [1]:10605159 [2]:96 [3]:359
[0]:84954589 [1]:10634743 [2]:96 [3]:364
[0]:85167093 [1]:10662729 [2]:96 [3]:364
[0]:85375128 [1]:10689997 [2]:96 [3]:370
[0]:85580201 [1]:10717022 [2]:96 [3]:364
[0]:85784637 [1]:10743933 [2]:96 [3]:361
[0]:85993268 [1]:10771522 [2]:96 [3]:371
[0]:86202474 [1]:10798857 [2]:100 [3]:363
[0]:86433976 [1]:10829278 [2]:100 [3]:80
[0]:86634640 [1]:10855592 [2]:100 [3]:362
[0]:86846935 [1]:10883342 [2]:100 [3]:370
[0]:87054754 [1]:10910608 [2]:100 [3]:358
[0]:87257388 [1]:10937262 [2]:100 [3]:85
[0]:87465097 [1]:10964519 [2]:100 [3]:85
[0]:87675252 [1]:10992154 [2]:100 [3]:364
[0]:87878240 [1]:11018835 [2]:100 [3]:367
[0]:88094288 [1]:11047183 [2]:100 [3]:366
[0]:88299500 [1]:11074063 [2]:100 [3]:375
[0]:88539282 [1]:11105588 [2]:100 [3]:375
[0]:88744017 [1]:11132485 [2]:100 [3]:360
[0]:88940771 [1]:11158240 [2]:100 [3]:366
[0]:89153311 [1]:11186109 [2]:100 [3]:365
[0]:89377770 [1]:11215536 [2]:100 [3]:368
[0]:89582334 [1]:11242396 [2]:100 [3]:369
[0]:89802285 [1]:11271389 [2]:100 [3]:368
[0]:90010582 [1]:11298965 [2]:103 [3]:362
[0]:90218280 [1]:11326169 [2]:103 [3]:78
[0]:90419988 [1]:11352781 [2]:103 [3]:360
[0]:90627675 [1]:11380066 [2]:103 [3]:367
[0]:90833465 [1]:11406985 [2]:103 [3]:83
[0]:91065644 [1]:11437423 [2]:103 [3]:86
[0]:91270301 [1]:11464312 [2]:103 [3]:359
[0]:91470852 [1]:11490659 [2]:103 [3]:364
[0]:91671663 [1]:11517039 [2]:103 [3]:370
[0]:91876207 [1]:11543948 [2]:103 [3]:70
[0]:92077918 [1]:11570428 [2]:103 [3]:362
[0]:92287619 [1]:11597964 [2]:103 [3]:362
[0]:92493492 [1]:11624900 [2]:103 [3]:365
[0]:92720346 [1]:11654692 [2]:103 [3]:368
[0]:92931321 [1]:11682412 [2]:103 [3]:360
[0]:93127321 [1]:11708210 [2]:103 [3]:369
[0]:93336409 [1]:11735661 [2]:103 [3]:81
[0]:93540851 [1]:11762543 [2]:103 [3]:81
[0]:93745637 [1]:11789288 [2]:103 [3]:360
[0]:93950973 [1]:11816302 [2]:106 [3]:362
[0]:94158094 [1]:11843553 [2]:106 [3]:370
[0]:94364989 [1]:11870864 [2]:106 [3]:370
[0]:94567181 [1]:11897396 [2]:106 [3]:359
[0]:94788327 [1]:11926494 [2]:106 [3]:365
[0]:94987358 [1]:11952589 [2]:106 [3]:368
[0]:95185671 [1]:11978597 [2]:106 [3]:80
[0]:95390496 [1]:12005446 [2]:106 [3]:359
[0]:95599171 [1]:12032761 [2]:106 [3]:366
[0]:95807638 [1]:12060082 [2]:106 [3]:362
[0]:96002155 [1]:12085618 [2]:106 [3]:366
[0]:96208985 [1]:12112773 [2]:106 [3]:372
[0]:96413592 [1]:12139635 [2]:106 [3]:367
[0]:96617057 [1]:12166487 [2]:106 [3]:365
[0]:96814817 [1]:12192639 [2]:106 [3]:371
[0]:97026494 [1]:12220432 [2]:106 [3]:372
[0]:97231969 [1]:12247368 [2]:106 [3]:86
[0]:97448525 [1]:12275713 [2]:106 [3]:73
[0]:97653097 [1]:12302520 [2]:109 [3]:358
[0]:97864616 [1]:12330277 [2]:109 [3]:369
[0]:98082038 [1]:12358744 [2]:109 [3]:371
[0]:98290855 [1]:12386036 [2]:109 [3]:370
[0]:98507342 [1]:12414370 [2]:109 [3]:362
[0]:98708050 [1]:12440734 [2]:109 [3]:369
[0]:98908540 [1]:12467016 [2]:109 [3]:363
[0]:99134991 [1]:12496807 [2]:109 [3]:368
[0]:99338836 [1]:12523569 [2]:109 [3]:367
[0]:99561782 [1]:12552819 [2]:109 [3]:368
[0]:99766229 [1]:12579670 [2]:109 [3]:371
[0]:99990852 [1]:12609103 [2]:109 [3]:363
[0]:100191508 [1]:12635486 [2]:109 [3]:79
[0]:100432458 [1]:12667077 [2]:109 [3]:366
[0]:100690701 [1]:12700929 [2]:109 [3]:370
[0]:100895885 [1]:12728071 [2]:109 [3]:373
[0]:101092723 [1]:12753918 [2]:109 [3]:80
[0]:101293068 [1]:12780185 [2]:109 [3]:352
[0]:101501610 [1]:12807604 [2]:112 [3]:371
[0]:101698768 [1]:12833406 [2]:112 [3]:368
[0]:101969788 [1]:12868917 [2]:112 [3]:366
[0]:102174149 [1]:12895781 [2]:112 [3]:81
[0]:102379690 [1]:12922828 [2]:112 [3]:79
[0]:102588224 [1]:12950218 [2]:112 [3]:365
[0]:102828176 [1]:12981708 [2]:112 [3]:357
[0]:103032878 [1]:13008621 [2]:112 [3]:79
[0]:103233474 [1]:13034895 [2]:112 [3]:365
[0]:103434275 [1]:13061310 [2]:112 [3]:364
[0]:103646768 [1]:13089153 [2]:112 [3]:369
[0]:103855281 [1]:13116609 [2]:112 [3]:360
[0]:104063804 [1]:13144127 [2]:112 [3]:364
[0]:104299961 [1]:13175091 [2]:112 [3]:368
[0]:104500642 [1]:13201359 [2]:112 [3]:373
[0]:104709735 [1]:13228830 [2]:112 [3]:360
[0]:104909771 [1]:13255112 [2]:112 [3]:362
[0]:105118392 [1]:13282419 [2]:112 [3]:365
[0]:105326980 [1]:13309809 [2]:114 [3]:373
[0]:105563174 [1]:13340757 [2]:114 [3]:370
[0]:105771812 [1]:13368136 [2]:114 [3]:82
[0]:105969380 [1]:13394102 [2]:114 [3]:72
[0]:106180827 [1]:13421922 [2]:114 [3]:363
[0]:106397504 [1]:13450310 [2]:114 [3]:360
[0]:106606130 [1]:13477570 [2]:114 [3]:367
[0]:106814654 [1]:13505015 [2]:114 [3]:82
[0]:107023147 [1]:13532435 [2]:114 [3]:358
[0]:107248820 [1]:13562044 [2]:114 [3]:357
[0]:107452119 [1]:13588908 [2]:114 [3]:368
[0]:107660310 [1]:13616353 [2]:114 [3]:358
[0]:107867198 [1]:13643528 [2]:114 [3]:363
[0]:108069618 [1]:13670200 [2]:114 [3]:360
[0]:108278331 [1]:13697698 [2]:114 [3]:362
[0]:108479383 [1]:13724008 [2]:114 [3]:365
[0]:108683635 [1]:13750793 [2]:114 [3]:80
[0]:108892216 [1]:13778194 [2]:114 [3]:365
[0]:109094570 [1]:13804804 [2]:114 [3]:367
[0]:109301472 [1]:13832013 [2]:116 [3]:367
[0]:109506065 [1]:13858801 [2]:116 [3]:359
[0]:109751828 [1]:13891080 [2]:116 [3]:362
[0]:109954656 [1]:13917824 [2]:116 [3]:367
[0]:110159215 [1]:13944729 [2]:116 [3]:363
[0]:110375628 [1]:13973169 [2]:116 [3]:359
[0]:110615850 [1]:14004655 [2]:116 [3]:360
[0]:110820311 [1]:14031500 [2]:116 [3]:87
[0]:111066453 [1]:14063958 [2]:116 [3]:364
[0]:111292454 [1]:14093696 [2]:116 [3]:364
[0]:111501027 [1]:14120974 [2]:116 [3]:369
[0]:111709743 [1]:14148309 [2]:116 [3]:370
[0]:111913763 [1]:14175080 [2]:116 [3]:373
[0]:112121139 [1]:14202300 [2]:116 [3]:366
[0]:112313266 [1]:14227517 [2]:116 [3]:373
[0]:112516033 [1]:14254099 [2]:116 [3]:366
[0]:112720885 [1]:14280976 [2]:116 [3]:360
[0]:112949357 [1]:14311027 [2]:118 [3]:367
[0]:113156110 [1]:14338198 [2]:118 [3]:370
[0]:113366065 [1]:14365793 [2]:118 [3]:362
[0]:113573537 [1]:14393228 [2]:118 [3]:360
[0]:113779471 [1]:14420346 [2]:118 [3]:371
[0]:113997485 [1]:14448947 [2]:118 [3]:363
[0]:114200427 [1]:14475668 [2]:118 [3]:365
[0]:114406968 [1]:14502723 [2]:118 [3]:370
[0]:114617705 [1]:14530366 [2]:118 [3]:367
[0]:114849450 [1]:14560771 [2]:118 [3]:87
[0]:115081887 [1]:14591382 [2]:118 [3]:358
[0]:115294129 [1]:14619138 [2]:118 [3]:357
[0]:115493846 [1]:14645253 [2]:118 [3]:367
[0]:115695921 [1]:14671720 [2]:118 [3]:79
[0]:115908341 [1]:14699669 [2]:118 [3]:79
[0]:116109237 [1]:14725998 [2]:118 [3]:363
[0]:116337365 [1]:14755890 [2]:118 [3]:366
[0]:116546059 [1]:14783411 [2]:118 [3]:363
[0]:116753632 [1]:14810674 [2]:118 [3]:359
[0]:116956206 [1]:14837315 [2]:120 [3]:369
[0]:117194574 [1]:14868583 [2]:120 [3]:366
[0]:117387787 [1]:14893888 [2]:120 [3]:372
[0]:117592805 [1]:14920677 [2]:120 [3]:367
[0]:117791109 [1]:14946707 [2]:120 [3]:356
[0]:118002032 [1]:14974415 [2]:120 [3]:73
[0]:118213465 [1]:15002168 [2]:120 [3]:366
[0]:118419225 [1]:15029113 [2]:120 [3]:359
[0]:118623637 [1]:15055915 [2]:120 [3]:365
[0]:118824369 [1]:15082299 [2]:120 [3]:360
[0]:119041084 [1]:15110709 [2]:120 [3]:370
[0]:119250613 [1]:15138157 [2]:120 [3]:367
[0]:119466046 [1]:15166449 [2]:120 [3]:366
[0]:119669731 [1]:15193119 [2]:120 [3]:73
[0]:119871301 [1]:15219567 [2]:120 [3]:361
[0]:120075937 [1]:15246595 [2]:120 [3]:90
[0]:120327858 [1]:15279713 [2]:120 [3]:361
[0]:120549318 [1]:15308788 [2]:120 [3]:358
[0]:120752150 [1]:15335625 [2]:121 [3]:375
[0]:120960790 [1]:15363024 [2]:121 [3]:369
[0]:121177694 [1]:15391464 [2]:121 [3]:371
[0]:121469068 [1]:15429551 [2]:121 [3]:360
[0]:121668621 [1]:15455686 [2]:121 [3]:367
[0]:121878316 [1]:15483209 [2]:121 [3]:359
[0]:122110491 [1]:15513684 [2]:121 [3]:357
[0]:122319044 [1]:15541109 [2]:121 [3]:368
[0]:122523648 [1]:15567977 [2]:121 [3]:360
[0]:122725751 [1]:15594547 [2]:121 [3]:369
[0]:122932998 [1]:15621805 [2]:121 [3]:78
[0]:123133597 [1]:15648133 [2]:121 [3]:360
[0]:123342295 [1]:15675431 [2]:121 [3]:361
[0]:123552720 [1]:15702990 [2]:121 [3]:366
[0]:123755574 [1]:15729566 [2]:121 [3]:358
[0]:123959971 [1]:15756399 [2]:121 [3]:83
[0]:124176913 [1]:15784854 [2]:121 [3]:363
[0]:124396849 [1]:15813724 [2]:121 [3]:365
[0]:124601558 [1]:15840541 [2]:122 [3]:370
[0]:124802299 [1]:15866933 [2]:122 [3]:363
[0]:125006075 [1]:15893649 [2]:122 [3]:367
[0]:125215651 [1]:15921124 [2]:122 [3]:367
[0]:125416237 [1]:15947561 [2]:122 [3]:360
[0]:125647150 [1]:15977872 [2]:122 [3]:364
[0]:125852950 [1]:16004996 [2]:122 [3]:358
[0]:126057002 [1]:16031760 [2]:122 [3]:359
[0]:126269746 [1]:16059635 [2]:122 [3]:366
[0]:126541604 [1]:16095429 [2]:122 [3]:356
[0]:126743770 [1]:16122001 [2]:122 [3]:367
[0]:126962610 [1]:16150894 [2]:122 [3]:360
[0]:127220546 [1]:16184703 [2]:122 [3]:371
[0]:127423010 [1]:16211353 [2]:122 [3]:366
[0]:127626978 [1]:16238079 [2]:122 [3]:356
[0]:127848027 [1]:16267153 [2]:122 [3]:364
[0]:128048546 [1]:16293644 [2]:122 [3]:79
[0]:128257159 [1]:16321016 [2]:123 [3]:83
[0]:128503921 [1]:16353384 [2]:123 [3]:364
[0]:128717611 [1]:16381356 [2]:123 [3]:368
[0]:128933817 [1]:16409634 [2]:123 [3]:71
[0]:129142286 [1]:16436928 [2]:123 [3]:367
[0]:129355370 [1]:16464743 [2]:123 [3]:373
[0]:129558653 [1]:16491569 [2]:123 [3]:369
[0]:129762973 [1]:16518356 [2]:123 [3]:368
[0]:129963151 [1]:16544612 [2]:123 [3]:81
[0]:130173596 [1]:16572086 [2]:123 [3]:360
[0]:130386453 [1]:16600043 [2]:123 [3]:357
[0]:130591604 [1]:16626953 [2]:123 [3]:358
[0]:130791929 [1]:16653211 [2]:123 [3]:366
[0]:130996702 [1]:16680073 [2]:123 [3]:367
[0]:131201207 [1]:16706885 [2]:123 [3]:367
[0]:131416304 [1]:16735010 [2]:123 [3]:368
[0]:131620814 [1]:16761871 [2]:123 [3]:367
[0]:131823036 [1]:16788428 [2]:123 [3]:364
[0]:132027683 [1]:16815215 [2]:123 [3]:354
[0]:132236234 [1]:16842600 [2]:124 [3]:363
[0]:132432983 [1]:16868432 [2]:124 [3]:370
[0]:132637293 [1]:16895285 [2]:124 [3]:81
[0]:132846258 [1]:16922620 [2]:124 [3]:363
[0]:133051028 [1]:16949423 [2]:124 [3]:368
[0]:133326273 [1]:16985554 [2]:124 [3]:357
[0]:133536380 [1]:17013192 [2]:124 [3]:369
[0]:133749622 [1]:17054069 [2]:124 [3]:359
[0]:133958511 [1]:17097321 [2]:124 [3]:74
[0]:134152346 [1]:17137465 [2]:124 [3]:360
[0]:134349850 [1]:17178470 [2]:124 [3]:69
[0]:134569419 [1]:17224061 [2]:124 [3]:365
[0]:134767302 [1]:17265105 [2]:124 [3]:361
[0]:134968628 [1]:17306804 [2]:124 [3]:359
[0]:135177176 [1]:17350085 [2]:124 [3]:362
[0]:135371022 [1]:17390317 [2]:124 [3]:361
[0]:135568472 [1]:17431288 [2]:126 [3]:355
[0]:135758495 [1]:17470696 [2]:126 [3]:56
[0]:135956016 [1]:17511593 [2]:126 [3]:62
[0]:136153520 [1]:17552618 [2]:126 [3]:355
[0]:136341387 [1]:17591579 [2]:126 [3]:366
[0]:136537372 [1]:17632237 [2]:126 [3]:364
[0]:136730422 [1]:17672313 [2]:126 [3]:354
[0]:136917587 [1]:17711062 [2]:126 [3]:366
[0]:137110635 [1]:17751046 [2]:126 [3]:364
[0]:137301366 [1]:17790634 [2]:126 [3]:56
[0]:137502566 [1]:17832391 [2]:126 [3]:353
[0]:137700242 [1]:17873369 [2]:126 [3]:363
[0]:137897675 [1]:17914318 [2]:126 [3]:358
[0]:138098930 [1]:17956017 [2]:126 [3]:367
[0]:138296441 [1]:17996994 [2]:126 [3]:60
[0]:138482871 [1]:18035692 [2]:129 [3]:357
[0]:138688844 [1]:18078347 [2]:129 [3]:362
[0]:138881794 [1]:18118369 [2]:129 [3]:356
[0]:139108699 [1]:18165476 [2]:129 [3]:364
[0]:139302575 [1]:18205679 [2]:129 [3]:362
[0]:139492751 [1]:18245078 [2]:129 [3]:370
[0]:139686579 [1]:18285247 [2]:129 [3]:61
[0]:139876828 [1]:18324694 [2]:129 [3]:363
[0]:140091543 [1]:18369257 [2]:129 [3]:364
[0]:140286589 [1]:18409681 [2]:129 [3]:365
[0]:140476031 [1]:18448994 [2]:129 [3]:364
[0]:140670549 [1]:18489243 [2]:129 [3]:66
[0]:140882266 [1]:18533135 [2]:129 [3]:357
[0]:141080454 [1]:18574280 [2]:129 [3]:365
[0]:141278061 [1]:18615255 [2]:129 [3]:58
[0]:141471679 [1]:18655381 [2]:132 [3]:56
[0]:141661800 [1]:18694865 [2]:132 [3]:65
[0]:141855656 [1]:18735035 [2]:132 [3]:352
[0]:142056834 [1]:18776761 [2]:132 [3]:355
[0]:142250693 [1]:18816995 [2]:132 [3]:360
[0]:142444598 [1]:18857211 [2]:132 [3]:54
[0]:142637593 [1]:18897218 [2]:132 [3]:366
[0]:142835744 [1]:18938334 [2]:132 [3]:365
[0]:143029394 [1]:18978523 [2]:132 [3]:362
[0]:143226974 [1]:19019571 [2]:132 [3]:359
[0]:143431141 [1]:19061836 [2]:132 [3]:370
[0]:143633359 [1]:19103802 [2]:132 [3]:364
[0]:143834358 [1]:19145554 [2]:132 [3]:359
[0]:144028063 [1]:19185716 [2]:132 [3]:365
[0]:144223975 [1]:19226276 [2]:132 [3]:364
[0]:144412092 [1]:19265373 [2]:134 [3]:369
[0]:144609157 [1]:19306302 [2]:134 [3]:356
[0]:144802804 [1]:19346437 [2]:134 [3]:363
[0]:145000936 [1]:19387587 [2]:134 [3]:365
[0]:145214862 [1]:19431939 [2]:134 [3]:355
[0]:145407115 [1]:19471881 [2]:134 [3]:363
[0]:145600851 [1]:19512047 [2]:134 [3]:359
[0]:145790196 [1]:19551318 [2]:134 [3]:363
[0]:145983333 [1]:19591416 [2]:134 [3]:361
[0]:146178568 [1]:19631813 [2]:134 [3]:357
[0]:146364927 [1]:19670490 [2]:134 [3]:63
[0]:146572775 [1]:19713601 [2]:134 [3]:359
[0]:146763407 [1]:19753142 [2]:134 [3]:354
[0]:146960840 [1]:19794115 [2]:134 [3]:360
[0]:147158804 [1]:19835147 [2]:134 [3]:354
[0]:147353810 [1]:19875734 [2]:136 [3]:365
[0]:147550602 [1]:19916528 [2]:136 [3]:57
[0]:147740878 [1]:19956066 [2]:136 [3]:356
[0]:147937613 [1]:19996796 [2]:136 [3]:357
[0]:148131241 [1]:20036980 [2]:136 [3]:358
[0]:148358783 [1]:20084165 [2]:136 [3]:63
[0]:148552357 [1]:20124354 [2]:136 [3]:365
[0]:148746143 [1]:20164529 [2]:136 [3]:360
[0]:148928993 [1]:20202374 [2]:136 [3]:363
[0]:149126350 [1]:20243376 [2]:136 [3]:364
[0]:149320056 [1]:20283630 [2]:136 [3]:359
[0]:149516614 [1]:20324426 [2]:136 [3]:362
[0]:149737714 [1]:20370269 [2]:136 [3]:356
[0]:149923750 [1]:20408792 [2]:136 [3]:361
[0]:150113880 [1]:20448177 [2]:136 [3]:365
[0]:150310157 [1]:20488886 [2]:136 [3]:360
[0]:150505236 [1]:20529381 [2]:138 [3]:362
[0]:150698992 [1]:20569553 [2]:138 [3]:361
[0]:150896702 [1]:20610494 [2]:138 [3]:357
[0]:151086618 [1]:20649938 [2]:138 [3]:367
[0]:151280575 [1]:20690156 [2]:138 [3]:363
[0]:151470508 [1]:20729624 [2]:138 [3]:358
[0]:151667985 [1]:20770534 [2]:138 [3]:359
[0]:151861983 [1]:20810796 [2]:138 [3]:364
[0]:152087502 [1]:20857568 [2]:138 [3]:365
[0]:152293495 [1]:20900308 [2]:138 [3]:363
[0]:152484509 [1]:20939896 [2]:138 [3]:361
[0]:152696710 [1]:20983821 [2]:138 [3]:366
[0]:152886018 [1]:21023079 [2]:138 [3]:362
[0]:153084143 [1]:21064164 [2]:138 [3]:363
[0]:153274283 [1]:21103614 [2]:138 [3]:358
[0]:153471849 [1]:21144579 [2]:140 [3]:356
[0]:153669636 [1]:21185563 [2]:140 [3]:61
[0]:153874360 [1]:21228038 [2]:140 [3]:63
[0]:154079280 [1]:21270664 [2]:140 [3]:366
[0]:154280600 [1]:21312424 [2]:140 [3]:365
[0]:154476763 [1]:21353136 [2]:140 [3]:366
[0]:154674796 [1]:21394218 [2]:140 [3]:369
[0]:154869284 [1]:21434614 [2]:140 [3]:366
[0]:155064757 [1]:21475141 [2]:140 [3]:362
[0]:155268164 [1]:21517353 [2]:140 [3]:365
[0]:155469259 [1]:21558988 [2]:140 [3]:365
[0]:155704150 [1]:21607702 [2]:140 [3]:365
[0]:155968688 [1]:21662693 [2]:140 [3]:59
[0]:156236388 [1]:21718221 [2]:140 [3]:363
[0]:156443339 [1]:21761111 [2]:141 [3]:359
[0]:156642267 [1]:21802297 [2]:141 [3]:354
[0]:156844549 [1]:21844241 [2]:141 [3]:359
[0]:157038224 [1]:21884506 [2]:141 [3]:58
[0]:157250711 [1]:21928523 [2]:141 [3]:338
[0]:157477714 [1]:21975613 [2]:141 [3]:358
[0]:157689645 [1]:22019599 [2]:141 [3]:367
[0]:157882516 [1]:22059641 [2]:141 [3]:361
[0]:158092885 [1]:22103283 [2]:141 [3]:355
[0]:158279191 [1]:22141857 [2]:141 [3]:362
[0]:158476325 [1]:22182784 [2]:141 [3]:63
[0]:158669292 [1]:22222829 [2]:141 [3]:363
[0]:158893825 [1]:22269486 [2]:141 [3]:57
[0]:159091636 [1]:22310503 [2]:141 [3]:359
[0]:159286084 [1]:22350790 [2]:141 [3]:361
[0]:159485999 [1]:22392230 [2]:142 [3]:364
[0]:159682002 [1]:22432879 [2]:142 [3]:364
[0]:159885191 [1]:22475056 [2]:142 [3]:64
[0]:160082222 [1]:22515857 [2]:142 [3]:361
[0]:160313974 [1]:22564015 [2]:142 [3]:360
[0]:160524508 [1]:22607679 [2]:142 [3]:359
[0]:160709050 [1]:22645973 [2]:142 [3]:362
[0]:160917889 [1]:22689286 [2]:142 [3]:361
[0]:161114961 [1]:22730084 [2]:142 [3]:365
[0]:161305446 [1]:22769606 [2]:142 [3]:363
[0]:161506097 [1]:22811219 [2]:142 [3]:363
[0]:161696455 [1]:22850707 [2]:142 [3]:364
[0]:161901638 [1]:22893292 [2]:142 [3]:364
[0]:162099163 [1]:22934183 [2]:142 [3]:360
[0]:162288929 [1]:22973601 [2]:142 [3]:364
[0]:162485898 [1]:23014505 [2]:143 [3]:360
[0]:162702992 [1]:23059592 [2]:143 [3]:365
[0]:162892889 [1]:23098917 [2]:143 [3]:359
[0]:163100018 [1]:23141877 [2]:143 [3]:362
[0]:163299175 [1]:23183219 [2]:143 [3]:358
[0]:163518996 [1]:23228851 [2]:143 [3]:357
[0]:163712534 [1]:23268987 [2]:143 [3]:360
[0]:163910258 [1]:23309985 [2]:143 [3]:365
[0]:164107844 [1]:23350958 [2]:143 [3]:357
[0]:164305288 [1]:23391908 [2]:143 [3]:365
[0]:164514628 [1]:23435343 [2]:143 [3]:360
[0]:164730455 [1]:23480106 [2]:143 [3]:357
[0]:164920692 [1]:23519564 [2]:143 [3]:365
[0]:165110301 [1]:23558944 [2]:143 [3]:365
[0]:165333738 [1]:23605330 [2]:144 [3]:363
[0]:165534376 [1]:23646954 [2]:144 [3]:370
[0]:165736463 [1]:23688825 [2]:144 [3]:362
[0]:165936607 [1]:23730333 [2]:144 [3]:358
[0]:166120193 [1]:23768376 [2]:144 [3]:365
[0]:166313573 [1]:23808494 [2]:144 [3]:366
[0]:166532553 [1]:23853940 [2]:144 [3]:360
[0]:166730485 [1]:23894963 [2]:144 [3]:364
[0]:166959303 [1]:23942473 [2]:144 [3]:364
[0]:167156247 [1]:23983355 [2]:144 [3]:366
[0]:167348921 [1]:24023354 [2]:144 [3]:62
[0]:167547524 [1]:24064593 [2]:144 [3]:362
[0]:167767299 [1]:24110229 [2]:144 [3]:364
[0]:167975692 [1]:24153463 [2]:144 [3]:56
[0]:168169987 [1]:24193780 [2]:144 [3]:367
[0]:168370214 [1]:24235270 [2]:145 [3]:62
[0]:168564912 [1]:24275606 [2]:145 [3]:361
[0]:168755003 [1]:24315036 [2]:145 [3]:362
[0]:168945130 [1]:24354489 [2]:145 [3]:358
[0]:169142157 [1]:24395369 [2]:145 [3]:357
[0]:169340118 [1]:24436431 [2]:145 [3]:362
[0]:169533924 [1]:24476501 [2]:145 [3]:57
[0]:169727706 [1]:24516702 [2]:145 [3]:365
[0]:169925247 [1]:24557694 [2]:145 [3]:364
[0]:170122820 [1]:24598680 [2]:145 [3]:59
[0]:170316646 [1]:24638883 [2]:145 [3]:359
[0]:170510191 [1]:24679048 [2]:145 [3]:364
[0]:170707851 [1]:24720007 [2]:145 [3]:370
[0]:170916754 [1]:24763360 [2]:145 [3]:362
[0]:171110428 [1]:24803648 [2]:145 [3]:360
[0]:171296651 [1]:24842254 [2]:146 [3]:365
[0]:171488183 [1]:24881952 [2]:146 [3]:61
[0]:171676778 [1]:24921105 [2]:146 [3]:365
[0]:171881911 [1]:24963644 [2]:146 [3]:358
[0]:172075686 [1]:25003853 [2]:146 [3]:356
[0]:172277828 [1]:25045763 [2]:146 [3]:360
[0]:172477974 [1]:25087357 [2]:146 [3]:362
[0]:172667971 [1]:25126798 [2]:146 [3]:361
[0]:172858041 [1]:25166216 [2]:146 [3]:73
[0]:173048203 [1]:25205660 [2]:146 [3]:76
[0]:173245659 [1]:25246578 [2]:146 [3]:364
[0]:173435863 [1]:25286027 [2]:146 [3]:360
[0]:173625798 [1]:25325427 [2]:146 [3]:362
[0]:173834915 [1]:25368856 [2]:146 [3]:365
[0]:174046160 [1]:25412593 [2]:146 [3]:368
[0]:174243382 [1]:25453501 [2]:146 [3]:361
[0]:174460594 [1]:25498570 [2]:147 [3]:358
[0]:174654440 [1]:25538767 [2]:147 [3]:353
[0]:174853785 [1]:25580160 [2]:147 [3]:361
[0]:175050874 [1]:25620971 [2]:147 [3]:63
[0]:175258253 [1]:25663955 [2]:147 [3]:358
[0]:175462530 [1]:25706344 [2]:147 [3]:362
[0]:175653295 [1]:25745875 [2]:147 [3]:359
[0]:175850736 [1]:25786853 [2]:147 [3]:359
[0]:176052145 [1]:25828591 [2]:147 [3]:360
[0]:176253238 [1]:25870302 [2]:147 [3]:58
[0]:176447063 [1]:25910549 [2]:147 [3]:371
[0]:176644529 [1]:25951554 [2]:147 [3]:60
[0]:176836453 [1]:25991288 [2]:147 [3]:357
[0]:177022630 [1]:26029946 [2]:147 [3]:366
[0]:177214688 [1]:26069867 [2]:147 [3]:359
[0]:177408475 [1]:26110099 [2]:148 [3]:360
[0]:177605983 [1]:26151111 [2]:148 [3]:357
[0]:177795385 [1]:26190310 [2]:148 [3]:367
[0]:177993671 [1]:26231461 [2]:148 [3]:59
[0]:178190464 [1]:26272315 [2]:148 [3]:362
[0]:178381120 [1]:26311885 [2]:148 [3]:364
[0]:178578735 [1]:26352940 [2]:148 [3]:361
[0]:178799140 [1]:26398638 [2]:148 [3]:357
[0]:178996054 [1]:26439498 [2]:148 [3]:359
[0]:179193633 [1]:26480476 [2]:148 [3]:366
[0]:179387303 [1]:26520651 [2]:148 [3]:360
[0]:179581051 [1]:26560982 [2]:148 [3]:362
[0]:179771155 [1]:26600427 [2]:148 [3]:56
[0]:179968500 [1]:26641402 [2]:148 [3]:364
[0]:180166204 [1]:26682472 [2]:148 [3]:362
[0]:180363539 [1]:26723395 [2]:149 [3]:76
[0]:180557426 [1]:26763593 [2]:149 [3]:356
[0]:180758604 [1]:26805315 [2]:149 [3]:366
[0]:180957049 [1]:26846545 [2]:149 [3]:362
[0]:181168848 [1]:26890485 [2]:149 [3]:370
[0]:181374614 [1]:26933290 [2]:149 [3]:362
[0]:181595888 [1]:26979170 [2]:149 [3]:363
[0]:181786890 [1]:27018829 [2]:149 [3]:57
[0]:181977195 [1]:27058288 [2]:149 [3]:366
[0]:182171015 [1]:27098507 [2]:149 [3]:359
[0]:182368483 [1]:27139436 [2]:149 [3]:357
[0]:182584517 [1]:27184185 [2]:149 [3]:359
[0]:182782227 [1]:27225269 [2]:149 [3]:367
[0]:182987071 [1]:27267813 [2]:149 [3]:354
[0]:183177239 [1]:27307276 [2]:149 [3]:354
[0]:183388798 [1]:27351146 [2]:150 [3]:363
[0]:183598333 [1]:27394603 [2]:150 [3]:366
[0]:183799560 [1]:27436351 [2]:150 [3]:363
[0]:183997095 [1]:27477309 [2]:150 [3]:363
[0]:184190845 [1]:27517497 [2]:150 [3]:363
[0]:184388474 [1]:27558425 [2]:150 [3]:361
[0]:184582234 [1]:27598591 [2]:150 [3]:60
[0]:184781232 [1]:27639901 [2]:150 [3]:363
[0]:184995897 [1]:27684461 [2]:150 [3]:359
[0]:185189273 [1]:27724535 [2]:150 [3]:365
[0]:185379787 [1]:27764007 [2]:150 [3]:360
[0]:185581052 [1]:27805760 [2]:150 [3]:368
[0]:185789093 [1]:27848914 [2]:150 [3]:363
[0]:185987180 [1]:27890012 [2]:150 [3]:366
[0]:186188466 [1]:27931820 [2]:150 [3]:53
[0]:186375615 [1]:27970646 [2]:150 [3]:59
[0]:186564710 [1]:28009870 [2]:150 [3]:362
[0]:186780781 [1]:28054705 [2]:150 [3]:367
[0]:186985941 [1]:28097245 [2]:150 [3]:361
[0]:187191045 [1]:28139731 [2]:150 [3]:359
[0]:187383881 [1]:28179717 [2]:150 [3]:63
[0]:187574899 [1]:28219348 [2]:150 [3]:362
[0]:187798475 [1]:28265750 [2]:150 [3]:366
[0]:187992105 [1]:28305894 [2]:150 [3]:63
[0]:188197253 [1]:28348420 [2]:150 [3]:365
[0]:188390868 [1]:28388589 [2]:150 [3]:363
[0]:188595298 [1]:28430970 [2]:150 [3]:364
[0]:188794423 [1]:28472234 [2]:150 [3]:61
[0]:188998464 [1]:28514518 [2]:150 [3]:357
[0]:189192259 [1]:28554699 [2]:150 [3]:363
[0]:189389047 [1]:28595512 [2]:150 [3]:360
[0]:189583630 [1]:28635880 [2]:150 [3]:57
[0]:189781086 [1]:28676864 [2]:150 [3]:359
[0]:189971339 [1]:28716251 [2]:150 [3]:357
[0]:190165015 [1]:28756432 [2]:150 [3]:364
[0]:190369983 [1]:28798993 [2]:150 [3]:359
[0]:190589885 [1]:28844657 [2]:150 [3]:367
[0]:190783510 [1]:28884880 [2]:150 [3]:358
[0]:190992325 [1]:28928128 [2]:150 [3]:372
[0]:191223361 [1]:28976093 [2]:150 [3]:359
[0]:191420559 [1]:29017026 [2]:150 [3]:365
[0]:191620261 [1]:29058463 [2]:150 [3]:363
[0]:191812144 [1]:29098157 [2]:150 [3]:54
[0]:192007904 [1]:29138805 [2]:150 [3]:361
[0]:192222204 [1]:29183301 [2]:150 [3]:365
[0]:192413757 [1]:29223075 [2]:150 [3]:357
[0]:192613222 [1]:29264423 [2]:150 [3]:358
[0]:192810920 [1]:29305367 [2]:150 [3]:57
[0]:192993561 [1]:29343259 [2]:150 [3]:60
[0]:193183611 [1]:29382690 [2]:150 [3]:369
[0]:193373213 [1]:29422035 [2]:150 [3]:361
[0]:193567264 [1]:29462299 [2]:150 [3]:356
[0]:193765013 [1]:29503349 [2]:150 [3]:364
[0]:193962456 [1]:29544302 [2]:150 [3]:366
[0]:194164774 [1]:29586236 [2]:150 [3]:356
[0]:194381342 [1]:29631142 [2]:150 [3]:365
[0]:194595950 [1]:29675677 [2]:150 [3]:363
[0]:194797385 [1]:29717462 [2]:150 [3]:368
[0]:195007619 [1]:29761080 [2]:150 [3]:363
[0]:195199633 [1]:29800925 [2]:150 [3]:362
[0]:195397105 [1]:29841946 [2]:150 [3]:370
[0]:195591031 [1]:29882135 [2]:150 [3]:362
[0]:195784587 [1]:29922290 [2]:150 [3]:367
[0]:195974713 [1]:29961763 [2]:150 [3]:56
[0]:196187368 [1]:30005886 [2]:150 [3]:365
[0]:196388495 [1]:30047523 [2]:150 [3]:364
[0]:196601747 [1]:30091776 [2]:150 [3]:366
[0]:196798525 [1]:30132584 [2]:150 [3]:360
[0]:196996444 [1]:30173756 [2]:150 [3]:357
[0]:197193525 [1]:30214584 [2]:150 [3]:362
[0]:197391013 [1]:30255485 [2]:150 [3]:56
[0]:197596081 [1]:30298013 [2]:150 [3]:56
[0]:197793549 [1]:30339000 [2]:150 [3]:362
[0]:198013470 [1]:30384616 [2]:150 [3]:352
[0]:198209720 [1]:30425297 [2]:150 [3]:359
[0]:198404717 [1]:30465688 [2]:150 [3]:364
[0]:198596252 [1]:30505393 [2]:150 [3]:366
[0]:198792310 [1]:30546050 [2]:150 [3]:359
[0]:198986133 [1]:30586258 [2]:150 [3]:57
[0]:199184295 [1]:30627278 [2]:150 [3]:361
[0]:199392490 [1]:30670402 [2]:150 [3]:366
[0]:199441257 [1]:30680550 [2]:150 [3]:360
[0]:199441257 [1]:30680550 [2]:150 [3]:360
[0]:199441257 [1]:30680550 [2]:150 [3]:360
[0]:199441257 [1]:30680550 [2]:150 [3]:360
[0]:199441257 [1]:30680550 [2]:150 [3]:360
[0]:199441257 [1]:30680550 [2]:150 [3]:360
[0]:199441257 [1]:30680550 [2]:150 [3]:360
[0]:199441257 [1]:30680550 [2]:150 [3]:360
[0]:199441257 [1]:30680550 [2]:150 [3]:360
[0]:199441257 [1]:30680550 [2]:150 [3]:360
[0]:199441257 [1]:30680550 [2]:150 [3]:360
                                                                                      [0]:199441257 [1]:30680550 [2]:150 [3]:360
[0]:199441257 [1]:30680550 [2]:150 [3]:360
[0]:199441257 [1]:30680550 [2]:150 [3]:360
[0]:199441257 [1]:30680550 [2]:150 [3]:360
[0]:199441257 [1]:30680550 [2]:150 [3]:360
[0]:199441257 [1]:30680550 [2]:150 [3]:360
[0]:199441257 [1]:30680550 [2]:150 [3]:360
