[0]:137411935 [1]:24700260 [2]:167 [3]:357
[0]:137618263 [1]:24730856 [2]:167 [3]:359
[0]:137833633 [1]:24762765 [2]:167 [3]:366
[0]:138056399 [1]:24795805 [2]:167 [3]:368
[0]:138263097 [1]:24826502 [2]:167 [3]:364
[0]:138483882 [1]:24859222 [2]:162 [3]:371
[0]:138688794 [1]:24889662 [2]:162 [3]:361
[0]:138901632 [1]:24921221 [2]:162 [3]:368
[0]:139098588 [1]:24950559 [2]:162 [3]:358
[0]:139311088 [1]:24982033 [2]:162 [3]:359
[0]:139515971 [1]:25012523 [2]:162 [3]:367
[0]:139717230 [1]:25042474 [2]:162 [3]:360
[0]:139927308 [1]:25073637 [2]:162 [3]:357
[0]:140131867 [1]:25103967 [2]:162 [3]:82
[0]:140344794 [1]:25135557 [2]:162 [3]:365
[0]:140580262 [1]:25170642 [2]:162 [3]:364
[0]:140812725 [1]:25205132 [2]:162 [3]:360
[0]:141025559 [1]:25236711 [2]:162 [3]:367
[0]:141234308 [1]:25267653 [2]:162 [3]:361
[0]:141439450 [1]:25298119 [2]:162 [3]:363
[0]:141671510 [1]:25332483 [2]:162 [3]:366
[0]:141872937 [1]:25362432 [2]:162 [3]:82
[0]:142105366 [1]:25396868 [2]:152 [3]:363
[0]:142314248 [1]:25427822 [2]:152 [3]:83
[0]:142522042 [1]:25458694 [2]:152 [3]:374
[0]:142727140 [1]:25489140 [2]:152 [3]:364
[0]:142932980 [1]:25519693 [2]:152 [3]:83
[0]:143134029 [1]:25549561 [2]:152 [3]:371
[0]:143350596 [1]:25581760 [2]:152 [3]:370
[0]:143562570 [1]:25613258 [2]:152 [3]:359
[0]:143776042 [1]:25645013 [2]:152 [3]:360
[0]:143981146 [1]:25675424 [2]:152 [3]:353
[0]:144182191 [1]:25705221 [2]:152 [3]:364
[0]:144395033 [1]:25736825 [2]:152 [3]:363
[0]:144603440 [1]:25767805 [2]:152 [3]:357
[0]:144820446 [1]:25800026 [2]:152 [3]:374
[0]:145021041 [1]:25829930 [2]:152 [3]:76
[0]:145234272 [1]:25861551 [2]:152 [3]:364
[0]:145435110 [1]:25891448 [2]:152 [3]:359
[0]:145636285 [1]:25921377 [2]:151 [3]:363
[0]:145841129 [1]:25951691 [2]:151 [3]:87
[0]:146042148 [1]:25981613 [2]:151 [3]:364
[0]:146252234 [1]:26012845 [2]:151 [3]:361
[0]:146455935 [1]:26043112 [2]:151 [3]:85
[0]:146660709 [1]:26073470 [2]:151 [3]:361
[0]:146861676 [1]:26103383 [2]:151 [3]:366
[0]:147089795 [1]:26137190 [2]:151 [3]:364
[0]:147299112 [1]:26168213 [2]:151 [3]:359
[0]:147500048 [1]:26198044 [2]:151 [3]:370
[0]:147704953 [1]:26228516 [2]:151 [3]:356
[0]:147913899 [1]:26259666 [2]:151 [3]:87
[0]:148116749 [1]:26289813 [2]:151 [3]:366
[0]:148367816 [1]:26327138 [2]:151 [3]:362
[0]:148609858 [1]:26363232 [2]:151 [3]:355
[0]:148819803 [1]:26394463 [2]:151 [3]:90
[0]:149024163 [1]:26424836 [2]:151 [3]:365
[0]:149237282 [1]:26456467 [2]:151 [3]:363
[0]:149450571 [1]:26488073 [2]:151 [3]:76
[0]:149663797 [1]:26519686 [2]:151 [3]:361
[0]:149883022 [1]:26552245 [2]:151 [3]:372
[0]:150092851 [1]:26583391 [2]:151 [3]:370
[0]:150306744 [1]:26615205 [2]:151 [3]:361
[0]:150532835 [1]:26648791 [2]:151 [3]:369
[0]:150743096 [1]:26679998 [2]:151 [3]:362
[0]:150947958 [1]:26710381 [2]:151 [3]:369
[0]:151144981 [1]:26739625 [2]:151 [3]:358
[0]:151357557 [1]:26771129 [2]:151 [3]:357
[0]:151570555 [1]:26802819 [2]:151 [3]:367
[0]:151779397 [1]:26833821 [2]:151 [3]:366
[0]:151992231 [1]:26865482 [2]:151 [3]:363
[0]:152220263 [1]:26899345 [2]:151 [3]:362
[0]:152437482 [1]:26931654 [2]:151 [3]:358
[0]:152650150 [1]:26963236 [2]:151 [3]:368
[0]:152863114 [1]:26994799 [2]:151 [3]:357
