[0]:91681801 [1]:15441925 [2]:151 [3]:358
[0]:91894894 [1]:15491148 [2]:151 [3]:364
[0]:92122604 [1]:15543790 [2]:151 [3]:365
[0]:92320367 [1]:15589555 [2]:151 [3]:358
[0]:92525516 [1]:15636991 [2]:151 [3]:364
[0]:92723299 [1]:15682594 [2]:157 [3]:357
[0]:92928363 [1]:15730006 [2]:157 [3]:357
[0]:93143849 [1]:15779800 [2]:157 [3]:364
[0]:93339277 [1]:15824930 [2]:157 [3]:360
[0]:93540573 [1]:15871406 [2]:157 [3]:56
[0]:93765737 [1]:15923519 [2]:157 [3]:361
[0]:93999793 [1]:15977636 [2]:157 [3]:368
[0]:94201396 [1]:16024257 [2]:157 [3]:356
[0]:94404853 [1]:16071307 [2]:157 [3]:359
[0]:94623062 [1]:16121656 [2]:157 [3]:367
[0]:94869524 [1]:16178576 [2]:157 [3]:60
[0]:95067132 [1]:16224208 [2]:157 [3]:370
[0]:95264273 [1]:16269746 [2]:157 [3]:359
[0]:95507832 [1]:16325893 [2]:166 [3]:364
[0]:95754256 [1]:16382830 [2]:166 [3]:362
[0]:95959310 [1]:16430216 [2]:166 [3]:366
[0]:96157296 [1]:16475929 [2]:166 [3]:362
[0]:96357214 [1]:16522022 [2]:166 [3]:370
[0]:96547572 [1]:16566007 [2]:166 [3]:361
[0]:96780595 [1]:16619834 [2]:166 [3]:59
[0]:96984825 [1]:16667004 [2]:166 [3]:57
[0]:97179928 [1]:16712117 [2]:166 [3]:361
[0]:97377018 [1]:16757584 [2]:166 [3]:357
[0]:97571987 [1]:16802666 [2]:166 [3]:56
[0]:97777083 [1]:16850003 [2]:166 [3]:362
[0]:97978703 [1]:16896585 [2]:166 [3]:358
[0]:98184028 [1]:16943988 [2]:166 [3]:357
[0]:98380265 [1]:16989337 [2]:167 [3]:66
[0]:98632067 [1]:17047493 [2]:167 [3]:361
[0]:98833401 [1]:17094037 [2]:167 [3]:367
[0]:99037230 [1]:17141117 [2]:167 [3]:361
[0]:99228961 [1]:17185420 [2]:167 [3]:359
[0]:99434269 [1]:17232912 [2]:167 [3]:355
[0]:99636030 [1]:17279479 [2]:167 [3]:362
[0]:99841107 [1]:17326833 [2]:167 [3]:365
[0]:100042782 [1]:17373401 [2]:167 [3]:367
[0]:100251007 [1]:17421554 [2]:167 [3]:362
[0]:100490638 [1]:17476937 [2]:167 [3]:360
[0]:100695943 [1]:17524416 [2]:167 [3]:366
[0]:100901177 [1]:17571833 [2]:167 [3]:362
[0]:101098960 [1]:17617475 [2]:167 [3]:360
[0]:101300516 [1]:17664067 [2]:167 [3]:53
[0]:101505850 [1]:17711535 [2]:167 [3]:366
[0]:101706674 [1]:17757933 [2]:167 [3]:371
[0]:101905166 [1]:17803762 [2]:167 [3]:352
[0]:102159062 [1]:17862415 [2]:167 [3]:366
[0]:102353073 [1]:17907246 [2]:167 [3]:361
[0]:102560534 [1]:17955288 [2]:167 [3]:357
[0]:102759341 [1]:18001221 [2]:167 [3]:362
[0]:102957031 [1]:18046772 [2]:167 [3]:357
[0]:103158806 [1]:18093354 [2]:167 [3]:354
[0]:103355038 [1]:18138747 [2]:167 [3]:59
[0]:103564688 [1]:18187250 [2]:167 [3]:364
[0]:103776625 [1]:18236235 [2]:167 [3]:364
[0]:104020489 [1]:18292575 [2]:167 [3]:367
[0]:104215432 [1]:18337634 [2]:167 [3]:365
[0]:104413321 [1]:18383412 [2]:167 [3]:59
[0]:104674266 [1]:18443746 [2]:167 [3]:360
[0]:104877028 [1]:18490556 [2]:167 [3]:365
[0]:105126079 [1]:18548088 [2]:167 [3]:361
[0]:105308655 [1]:18590228 [2]:167 [3]:364
[0]:105514504 [1]:18637829 [2]:167 [3]:364
[0]:105708750 [1]:18682636 [2]:167 [3]:371
[0]:105897381 [1]:18726193 [2]:167 [3]:57
[0]:106100362 [1]:18773172 [2]:167 [3]:64
[0]:106298234 [1]:18818896 [2]:167 [3]:364
[0]:106503456 [1]:18866368 [2]:167 [3]:358
