[0]:137503866 [1]:24712142 [2]:165 [3]:80
[0]:137732969 [1]:24746281 [2]:165 [3]:364
[0]:137941751 [1]:24777383 [2]:165 [3]:82
[0]:138154594 [1]:24808895 [2]:165 [3]:359
[0]:138377384 [1]:24841901 [2]:165 [3]:365
[0]:138603763 [1]:24875511 [2]:163 [3]:80
[0]:138812606 [1]:24906582 [2]:163 [3]:371
[0]:139027532 [1]:24938590 [2]:163 [3]:359
[0]:139242182 [1]:24970495 [2]:163 [3]:375
[0]:139465091 [1]:25003590 [2]:163 [3]:367
[0]:139683625 [1]:25035957 [2]:163 [3]:373
[0]:139888400 [1]:25066445 [2]:163 [3]:366
[0]:140113047 [1]:25099719 [2]:163 [3]:361
[0]:140325996 [1]:25131332 [2]:163 [3]:365
[0]:140537283 [1]:25162712 [2]:163 [3]:371
[0]:140747476 [1]:25194018 [2]:163 [3]:369
[0]:140981100 [1]:25228572 [2]:163 [3]:362
[0]:141184811 [1]:25258810 [2]:163 [3]:360
[0]:141397773 [1]:25290447 [2]:163 [3]:363
[0]:141601900 [1]:25320791 [2]:163 [3]:365
[0]:141799709 [1]:25350164 [2]:163 [3]:369
[0]:142004713 [1]:25380567 [2]:163 [3]:359
[0]:142213581 [1]:25411550 [2]:157 [3]:370
[0]:142461041 [1]:25448354 [2]:157 [3]:81
[0]:142670552 [1]:25479389 [2]:157 [3]:366
[0]:142891335 [1]:25512205 [2]:157 [3]:84
[0]:143100150 [1]:25543227 [2]:157 [3]:77
[0]:143309043 [1]:25574235 [2]:157 [3]:364
[0]:143508099 [1]:25603758 [2]:157 [3]:355
[0]:143706881 [1]:25633335 [2]:157 [3]:372
[0]:143923720 [1]:25665610 [2]:157 [3]:361
[0]:144155715 [1]:25700134 [2]:157 [3]:78
[0]:144364825 [1]:25731251 [2]:157 [3]:361
[0]:144589697 [1]:25764567 [2]:157 [3]:367
[0]:144802553 [1]:25796141 [2]:157 [3]:364
[0]:145011382 [1]:25827089 [2]:157 [3]:77
[0]:145219281 [1]:25858165 [2]:157 [3]:364
[0]:145432814 [1]:25889964 [2]:157 [3]:359
[0]:145649679 [1]:25922173 [2]:154 [3]:370
[0]:145849859 [1]:25951891 [2]:154 [3]:362
[0]:146083136 [1]:25986451 [2]:154 [3]:363
[0]:146284704 [1]:26016319 [2]:154 [3]:371
[0]:146516596 [1]:26050770 [2]:154 [3]:357
[0]:146733477 [1]:26083011 [2]:154 [3]:359
[0]:146968660 [1]:26117867 [2]:154 [3]:356
[0]:147193733 [1]:26151239 [2]:154 [3]:367
[0]:147410579 [1]:26183582 [2]:154 [3]:369
[0]:147635746 [1]:26217107 [2]:154 [3]:361
[0]:147844405 [1]:26248071 [2]:154 [3]:373
[0]:148061285 [1]:26280330 [2]:154 [3]:370
[0]:148266195 [1]:26310729 [2]:154 [3]:355
[0]:148475057 [1]:26341936 [2]:154 [3]:375
[0]:148719139 [1]:26378124 [2]:154 [3]:361
[0]:148951748 [1]:26412675 [2]:154 [3]:355
[0]:149167910 [1]:26444708 [2]:154 [3]:367
[0]:149373297 [1]:26475297 [2]:152 [3]:92
[0]:149593632 [1]:26508210 [2]:152 [3]:357
[0]:149796531 [1]:26538381 [2]:152 [3]:356
[0]:150008999 [1]:26570001 [2]:152 [3]:351
[0]:150258952 [1]:26607172 [2]:152 [3]:369
[0]:150468482 [1]:26638263 [2]:152 [3]:367
[0]:150682686 [1]:26670030 [2]:152 [3]:370
[0]:150886537 [1]:26700286 [2]:152 [3]:358
[0]:151123087 [1]:26735385 [2]:152 [3]:85
[0]:151355513 [1]:26769884 [2]:152 [3]:83
[0]:151561547 [1]:26800467 [2]:152 [3]:85
[0]:151781029 [1]:26833152 [2]:152 [3]:83
[0]:151996344 [1]:26865041 [2]:152 [3]:361
[0]:152204601 [1]:26895951 [2]:152 [3]:372
[0]:152409670 [1]:26926354 [2]:152 [3]:361
[0]:152618895 [1]:26957356 [2]:152 [3]:363
[0]:152821928 [1]:26987497 [2]:152 [3]:359
[0]:153047138 [1]:27020918 [2]:151 [3]:364
