[0]:30296770 [1]:3860085 [2]:140 [3]:367
[0]:30506235 [1]:3908585 [2]:140 [3]:366
[0]:30718801 [1]:3957720 [2]:140 [3]:359
[0]:30915299 [1]:4003122 [2]:140 [3]:366
[0]:31110706 [1]:4048174 [2]:140 [3]:360
[0]:31364693 [1]:4106887 [2]:140 [3]:356
[0]:31558681 [1]:4151667 [2]:140 [3]:356
[0]:31763799 [1]:4199101 [2]:140 [3]:361
[0]:31976417 [1]:4248135 [2]:140 [3]:357
[0]:32166971 [1]:4292127 [2]:140 [3]:362
[0]:32360810 [1]:4336904 [2]:140 [3]:349
[0]:32556887 [1]:4382195 [2]:148 [3]:360
[0]:32756735 [1]:4428392 [2]:148 [3]:364
[0]:32956598 [1]:4474544 [2]:148 [3]:363
[0]:33163335 [1]:4522371 [2]:148 [3]:364
[0]:33365201 [1]:4568981 [2]:148 [3]:361
[0]:33559038 [1]:4613727 [2]:148 [3]:358
[0]:33786856 [1]:4666358 [2]:148 [3]:358
[0]:33987836 [1]:4712710 [2]:148 [3]:364
[0]:34186223 [1]:4758563 [2]:148 [3]:358
[0]:34384024 [1]:4804295 [2]:148 [3]:58
[0]:34586679 [1]:4851092 [2]:148 [3]:361
[0]:34783432 [1]:4896551 [2]:148 [3]:362
[0]:34981126 [1]:4942250 [2]:148 [3]:357
[0]:35182669 [1]:4988803 [2]:148 [3]:58
[0]:35395595 [1]:5037982 [2]:155 [3]:360
[0]:35600745 [1]:5085387 [2]:155 [3]:51
[0]:35794918 [1]:5130212 [2]:155 [3]:61
[0]:36000200 [1]:5177629 [2]:155 [3]:56
[0]:36198021 [1]:5223342 [2]:155 [3]:362
[0]:36396431 [1]:5269182 [2]:155 [3]:363
[0]:36591012 [1]:5314120 [2]:155 [3]:363
[0]:36787684 [1]:5359485 [2]:155 [3]:361
[0]:36985665 [1]:5405210 [2]:155 [3]:61
[0]:37183317 [1]:5451031 [2]:155 [3]:364
[0]:37377391 [1]:5495871 [2]:155 [3]:50
[0]:37608919 [1]:5549429 [2]:155 [3]:369
[0]:37847112 [1]:5604429 [2]:155 [3]:363
[0]:38045568 [1]:5650266 [2]:155 [3]:362
[0]:38239583 [1]:5695184 [2]:159 [3]:358
[0]:38447091 [1]:5743142 [2]:159 [3]:364
[0]:38653665 [1]:5790756 [2]:159 [3]:356
[0]:38881817 [1]:5843395 [2]:159 [3]:364
[0]:39116872 [1]:5897699 [2]:159 [3]:365
[0]:39321978 [1]:5945038 [2]:159 [3]:65
[0]:39521200 [1]:5991038 [2]:159 [3]:60
[0]:39717678 [1]:6036447 [2]:159 [3]:359
[0]:39919112 [1]:6083063 [2]:159 [3]:358
[0]:40131884 [1]:6132286 [2]:159 [3]:364
[0]:40363300 [1]:6185789 [2]:159 [3]:363
[0]:40555957 [1]:6230232 [2]:159 [3]:370
[0]:40758904 [1]:6277148 [2]:159 [3]:359
[0]:40982845 [1]:6328943 [2]:162 [3]:58
[0]:41176927 [1]:6373765 [2]:162 [3]:355
[0]:41370922 [1]:6418504 [2]:162 [3]:357
[0]:41572523 [1]:6465100 [2]:162 [3]:360
[0]:41770072 [1]:6510733 [2]:162 [3]:350
[0]:42020568 [1]:6568603 [2]:162 [3]:363
[0]:42218240 [1]:6614286 [2]:162 [3]:360
[0]:42440325 [1]:6665563 [2]:162 [3]:53
[0]:42640218 [1]:6711713 [2]:162 [3]:363
[0]:42828602 [1]:6755183 [2]:162 [3]:57
[0]:43028256 [1]:6801332 [2]:162 [3]:63
[0]:43244747 [1]:6851350 [2]:162 [3]:63
[0]:43446268 [1]:6897959 [2]:162 [3]:363
[0]:43643440 [1]:6943500 [2]:162 [3]:356
[0]:43845662 [1]:6990294 [2]:164 [3]:61
[0]:44043234 [1]:7035980 [2]:164 [3]:359
[0]:44241444 [1]:7081708 [2]:164 [3]:361
[0]:44443066 [1]:7128299 [2]:164 [3]:365
[0]:44644319 [1]:7174772 [2]:164 [3]:361
[0]:44842108 [1]:7220524 [2]:164 [3]:357
[0]:45039975 [1]:7266250 [2]:164 [3]:360
