[0]:160833989 [1]:25608863 [2]:151 [3]:364
[0]:161046067 [1]:25657869 [2]:151 [3]:364
[0]:161248340 [1]:25704634 [2]:151 [3]:55
[0]:161460602 [1]:25753558 [2]:153 [3]:365
[0]:161652069 [1]:25797769 [2]:153 [3]:364
[0]:161852154 [1]:25844023 [2]:153 [3]:364
[0]:162058244 [1]:25891609 [2]:153 [3]:362
[0]:162248664 [1]:25935539 [2]:153 [3]:367
[0]:162445584 [1]:25981059 [2]:153 [3]:57
[0]:162658507 [1]:26030222 [2]:153 [3]:54
[0]:162862954 [1]:26077485 [2]:153 [3]:363
[0]:163054835 [1]:26121789 [2]:153 [3]:366
[0]:163257930 [1]:26168602 [2]:153 [3]:360
[0]:163457964 [1]:26214820 [2]:153 [3]:369
[0]:163646060 [1]:26258311 [2]:153 [3]:63
[0]:163847659 [1]:26304828 [2]:153 [3]:59
[0]:164039914 [1]:26349243 [2]:153 [3]:362
[0]:164234380 [1]:26394060 [2]:161 [3]:359
[0]:164433780 [1]:26440115 [2]:161 [3]:362
[0]:164631068 [1]:26485717 [2]:161 [3]:364
[0]:164860980 [1]:26538848 [2]:161 [3]:363
[0]:165085302 [1]:26590624 [2]:161 [3]:71
[0]:165279435 [1]:26635495 [2]:161 [3]:362
[0]:165478485 [1]:26681483 [2]:161 [3]:63
[0]:165671348 [1]:26726136 [2]:161 [3]:364
[0]:165895128 [1]:26777870 [2]:161 [3]:357
[0]:166113164 [1]:26828173 [2]:161 [3]:361
[0]:166309216 [1]:26873497 [2]:161 [3]:366
[0]:166514329 [1]:26920969 [2]:161 [3]:357
[0]:166719618 [1]:26968410 [2]:161 [3]:355
[0]:166917692 [1]:27014088 [2]:164 [3]:361
[0]:167107273 [1]:27057903 [2]:164 [3]:364
[0]:167307355 [1]:27104117 [2]:164 [3]:362
[0]:167503824 [1]:27149535 [2]:164 [3]:357
[0]:167697372 [1]:27194264 [2]:164 [3]:361
[0]:167895440 [1]:27239996 [2]:164 [3]:356
[0]:168103250 [1]:27288012 [2]:164 [3]:364
[0]:168290452 [1]:27331296 [2]:164 [3]:357
[0]:168485460 [1]:27376323 [2]:164 [3]:363
[0]:168675743 [1]:27420267 [2]:164 [3]:361
[0]:168888435 [1]:27469403 [2]:164 [3]:361
[0]:169093876 [1]:27516860 [2]:164 [3]:366
[0]:169328427 [1]:27571092 [2]:164 [3]:359
[0]:169526819 [1]:27616933 [2]:164 [3]:359
[0]:169724349 [1]:27662486 [2]:165 [3]:360
[0]:169917307 [1]:27707040 [2]:165 [3]:366
[0]:170119047 [1]:27753644 [2]:165 [3]:60
[0]:170329256 [1]:27802218 [2]:165 [3]:365
[0]:170526932 [1]:27847965 [2]:165 [3]:58
[0]:170728601 [1]:27894564 [2]:165 [3]:355
[0]:170918689 [1]:27938473 [2]:165 [3]:57
[0]:171120228 [1]:27985055 [2]:165 [3]:361
[0]:171314705 [1]:28029992 [2]:165 [3]:363
[0]:171512557 [1]:28075657 [2]:165 [3]:363
[0]:171717728 [1]:28123027 [2]:165 [3]:366
[0]:171910469 [1]:28167580 [2]:165 [3]:361
[0]:172113357 [1]:28214494 [2]:165 [3]:58
[0]:172307271 [1]:28259255 [2]:165 [3]:360
[0]:172503069 [1]:28304476 [2]:165 [3]:356
[0]:172703112 [1]:28350671 [2]:166 [3]:357
[0]:172897335 [1]:28395539 [2]:166 [3]:61
[0]:173098691 [1]:28442078 [2]:166 [3]:61
[0]:173295710 [1]:28487631 [2]:166 [3]:361
[0]:173491214 [1]:28532806 [2]:166 [3]:358
[0]:173699745 [1]:28581000 [2]:166 [3]:365
[0]:173900735 [1]:28627476 [2]:166 [3]:361
[0]:174098385 [1]:28673144 [2]:166 [3]:353
[0]:174289503 [1]:28717273 [2]:166 [3]:357
[0]:174486106 [1]:28762670 [2]:166 [3]:362
[0]:174679697 [1]:28807438 [2]:166 [3]:366
[0]:174864306 [1]:28850109 [2]:166 [3]:362
[0]:175059396 [1]:28895175 [2]:166 [3]:64
[0]:175259847 [1]:28941450 [2]:166 [3]:360
[0]:175461066 [1]:28987882 [2]:166 [3]:58
[0]:175681614 [1]:29038795 [2]:166 [3]:356
[0]:175879427 [1]:29084502 [2]:166 [3]:58
[0]:176071751 [1]:29128957 [2]:166 [3]:366
[0]:176275161 [1]:29175933 [2]:166 [3]:358
[0]:176472814 [1]:29221573 [2]:166 [3]:364
[0]:176667030 [1]:29266402 [2]:166 [3]:51
[0]:176946600 [1]:29331074 [2]:166 [3]:359
[0]:177133605 [1]:29374253 [2]:166 [3]:53
[0]:177330582 [1]:29419726 [2]:166 [3]:59
[0]:177521283 [1]:29463920 [2]:166 [3]:353
[0]:177714888 [1]:29508668 [2]:166 [3]:369
[0]:177905990 [1]:29552826 [2]:166 [3]:354
[0]:178096173 [1]:29596652 [2]:166 [3]:363
[0]:178316695 [1]:29647582 [2]:166 [3]:363
[0]:178518140 [1]:29694118 [2]:166 [3]:361
[0]:178711954 [1]:29738867 [2]:166 [3]:362
[0]:178902660 [1]:29782934 [2]:166 [3]:362
[0]:179100320 [1]:29828538 [2]:166 [3]:365
[0]:179298796 [1]:29874462 [2]:166 [3]:364
[0]:179523725 [1]:29926378 [2]:166 [3]:364
[0]:179735058 [1]:29975229 [2]:166 [3]:365
[0]:180012729 [1]:30039252 [2]:166 [3]:58
[0]:180212644 [1]:30085471 [2]:166 [3]:366
[0]:180457306 [1]:30141957 [2]:166 [3]:357
[0]:180645542 [1]:30185417 [2]:166 [3]:365
[0]:180844536 [1]:30231444 [2]:166 [3]:357
[0]:181037386 [1]:30275922 [2]:166 [3]:367
[0]:181229261 [1]:30320253 [2]:166 [3]:364
[0]:181425489 [1]:30365600 [2]:166 [3]:362
[0]:181666664 [1]:30421337 [2]:166 [3]:357
[0]:181855625 [1]:30464925 [2]:166 [3]:362
[0]:182047322 [1]:30509154 [2]:166 [3]:365
[0]:182246998 [1]:30555316 [2]:166 [3]:361
[0]:182440990 [1]:30600107 [2]:166 [3]:62
[0]:182635197 [1]:30644956 [2]:166 [3]:365
[0]:182859439 [1]:30696685 [2]:166 [3]:357
[0]:183057018 [1]:30742308 [2]:166 [3]:362
[0]:183262377 [1]:30789793 [2]:166 [3]:367
[0]:183459988 [1]:30835497 [2]:166 [3]:360
[0]:183698368 [1]:30890468 [2]:166 [3]:365
[0]:183893262 [1]:30935524 [2]:166 [3]:362
[0]:184086771 [1]:30980224 [2]:166 [3]:357
[0]:184289744 [1]:31027111 [2]:166 [3]:360
[0]:184493962 [1]:31074280 [2]:166 [3]:366
[0]:184678336 [1]:31116816 [2]:166 [3]:367
[0]:184870745 [1]:31161257 [2]:166 [3]:365
[0]:185066200 [1]:31206466 [2]:166 [3]:364
[0]:185255133 [1]:31250119 [2]:166 [3]:61
[0]:185453216 [1]:31295904 [2]:166 [3]:361
[0]:185642511 [1]:31339566 [2]:166 [3]:359
[0]:185848951 [1]:31387220 [2]:166 [3]:363
[0]:186042955 [1]:31432060 [2]:166 [3]:361
[0]:186229577 [1]:31475212 [2]:166 [3]:360
[0]:186434964 [1]:31522702 [2]:166 [3]:369
[0]:186635507 [1]:31568981 [2]:166 [3]:353
[0]:186826478 [1]:31613134 [2]:166 [3]:63
[0]:187032242 [1]:31660722 [2]:166 [3]:57
[0]:187222465 [1]:31704666 [2]:166 [3]:58
[0]:187412865 [1]:31748540 [2]:166 [3]:354
[0]:187636832 [1]:31800418 [2]:166 [3]:358
[0]:187836475 [1]:31846525 [2]:166 [3]:361
[0]:188050389 [1]:31896050 [2]:166 [3]:367
[0]:188244940 [1]:31941009 [2]:166 [3]:368
[0]:188465387 [1]:31991869 [2]:166 [3]:366
[0]:188659348 [1]:32036674 [2]:166 [3]:358
[0]:188851518 [1]:32081136 [2]:166 [3]:358
[0]:189054676 [1]:32128146 [2]:166 [3]:358
[0]:189249065 [1]:32173030 [2]:166 [3]:363
[0]:189446065 [1]:32218455 [2]:166 [3]:359
[0]:189655945 [1]:32267034 [2]:166 [3]:362
[0]:189849674 [1]:32311801 [2]:166 [3]:367
[0]:190036531 [1]:32354959 [2]:166 [3]:56
[0]:190241417 [1]:32402272 [2]:166 [3]:363
[0]:190443546 [1]:32448979 [2]:166 [3]:358
[0]:190659903 [1]:32498984 [2]:166 [3]:356
[0]:190852549 [1]:32543462 [2]:166 [3]:63
[0]:191043521 [1]:32587600 [2]:166 [3]:360
[0]:191238204 [1]:32632552 [2]:166 [3]:352
[0]:191447611 [1]:32680959 [2]:166 [3]:361
[0]:191645183 [1]:32726572 [2]:166 [3]:55
[0]:191846334 [1]:32773052 [2]:166 [3]:356
[0]:192051121 [1]:32820365 [2]:166 [3]:55
[0]:192239926 [1]:32863906 [2]:166 [3]:367
[0]:192432858 [1]:32908518 [2]:166 [3]:61
[0]:192626896 [1]:32953342 [2]:166 [3]:366
[0]:192822110 [1]:32998505 [2]:166 [3]:357
[0]:193022201 [1]:33044692 [2]:166 [3]:364
[0]:193220046 [1]:33090394 [2]:166 [3]:364
[0]:193410651 [1]:33134443 [2]:166 [3]:360
[0]:193612215 [1]:33180972 [2]:166 [3]:356
[0]:193805112 [1]:33225661 [2]:166 [3]:361
[0]:193999653 [1]:33270585 [2]:166 [3]:359
[0]:194198272 [1]:33316492 [2]:166 [3]:59
[0]:194402498 [1]:33363655 [2]:166 [3]:364
[0]:194616460 [1]:33413045 [2]:166 [3]:359
[0]:194814088 [1]:33458710 [2]:166 [3]:360
[0]:195029810 [1]:33508532 [2]:166 [3]:362
[0]:195260929 [1]:33562034 [2]:166 [3]:356
[0]:195482324 [1]:33613212 [2]:166 [3]:359
[0]:195676135 [1]:33658022 [2]:166 [3]:364
[0]:195890527 [1]:33707551 [2]:166 [3]:361
[0]:196093783 [1]:33754535 [2]:166 [3]:64
[0]:196294788 [1]:33800953 [2]:166 [3]:54
[0]:196492496 [1]:33846647 [2]:166 [3]:366
[0]:196683594 [1]:33890834 [2]:166 [3]:363
[0]:196941476 [1]:33950384 [2]:166 [3]:366
[0]:197128091 [1]:33993508 [2]:166 [3]:361
[0]:197325926 [1]:34039203 [2]:166 [3]:359
[0]:197549959 [1]:34091004 [2]:166 [3]:360
[0]:197743958 [1]:34135792 [2]:166 [3]:362
[0]:197933798 [1]:34179673 [2]:166 [3]:361
[0]:198125013 [1]:34223816 [2]:166 [3]:357
[0]:198327248 [1]:34270545 [2]:166 [3]:365
[0]:198526726 [1]:34316690 [2]:166 [3]:356
[0]:198773833 [1]:34373721 [2]:166 [3]:356
[0]:198972399 [1]:34419649 [2]:166 [3]:357
[0]:199166070 [1]:34464412 [2]:166 [3]:363
[0]:199362060 [1]:34509687 [2]:166 [3]:55
[0]:199565413 [1]:34556655 [2]:166 [3]:365
[0]:199781786 [1]:34606640 [2]:166 [3]:368
[0]:199983969 [1]:34653366 [2]:166 [3]:360
[0]:200181210 [1]:34698969 [2]:166 [3]:359
[0]:200371563 [1]:34742973 [2]:166 [3]:362
[0]:200452475 [1]:34761707 [2]:166 [3]:364
[0]:200452475 [1]:34761707 [2]:166 [3]:364
[0]:200452475 [1]:34761707 [2]:166 [3]:364
[0]:200452475 [1]:34761707 [2]:166 [3]:364
[0]:200452475 [1]:34761707 [2]:166 [3]:364
[0]:200452475 [1]:34761707 [2]:166 [3]:364
[0]:200452475 [1]:34761707 [2]:166 [3]:364
[0]:200452475 [1]:34761707 [2]:166 [3]:364
[0]:200452475 [1]:34761707 [2]:166 [3]:364
[0]:200452475 [1]:34761707 [2]:166 [3]:364
[0]:200452475 [1]:34761707 [2]:166 [3]:364
[0]:200452475 [1]:34761707 [2]:166 [3]:364
