[0]:19462641 [1]:19462642 [2]:0 [3]:128
[0]:19619151 [1]:19619151 [2]:0 [3]:142
[0]:19753424 [1]:19753424 [2]:0 [3]:574
[0]:19892538 [1]:19892538 [2]:0 [3]:134
[0]:20036477 [1]:20036478 [2]:0 [3]:152
[0]:20178125 [1]:20178125 [2]:0 [3]:166
[0]:20341276 [1]:20341276 [2]:0 [3]:121
[0]:20478527 [1]:20478527 [2]:0 [3]:154
[0]:20610487 [1]:20610489 [2]:0 [3]:87
[0]:20765127 [1]:20765127 [2]:0 [3]:169
[0]:20916421 [1]:20916422 [2]:0 [3]:149
[0]:21058806 [1]:21058807 [2]:0 [3]:541
[0]:21197166 [1]:21197166 [2]:0 [3]:136
[0]:21338205 [1]:21338206 [2]:0 [3]:120
[0]:21478791 [1]:21478791 [2]:0 [3]:542
[0]:21624902 [1]:21624902 [2]:0 [3]:148
[0]:21762980 [1]:21762980 [2]:0 [3]:535
[0]:21922725 [1]:21922725 [2]:0 [3]:129
[0]:22065710 [1]:22065710 [2]:0 [3]:540
[0]:22208785 [1]:22208785 [2]:0 [3]:294
[0]:22357503 [1]:22357503 [2]:0 [3]:567
[0]:22503110 [1]:22503111 [2]:0 [3]:538
[0]:22691789 [1]:22691789 [2]:0 [3]:537
[0]:22832238 [1]:22832238 [2]:0 [3]:352
[0]:22970487 [1]:22970488 [2]:0 [3]:545
[0]:23104278 [1]:23104278 [2]:0 [3]:556
[0]:23241103 [1]:23241103 [2]:0 [3]:429
[0]:23379145 [1]:23379145 [2]:0 [3]:516
[0]:23517151 [1]:23517151 [2]:0 [3]:117
[0]:23661563 [1]:23661563 [2]:0 [3]:142
[0]:23802404 [1]:23802406 [2]:0 [3]:119
[0]:23936249 [1]:23936249 [2]:0 [3]:506
[0]:24076941 [1]:24076941 [2]:0 [3]:526
[0]:24219340 [1]:24219340 [2]:0 [3]:101
[0]:24369183 [1]:24369184 [2]:0 [3]:122
[0]:24525075 [1]:24525076 [2]:0 [3]:132
[0]:24663914 [1]:24663914 [2]:0 [3]:480
[0]:24798392 [1]:24798391 [2]:0 [3]:564
[0]:24933724 [1]:24933724 [2]:0 [3]:456
[0]:25111307 [1]:25111308 [2]:0 [3]:534
[0]:25278702 [1]:25278702 [2]:0 [3]:543
[0]:25416545 [1]:25416545 [2]:0 [3]:551
[0]:25552889 [1]:25552889 [2]:0 [3]:524
[0]:25692476 [1]:25692476 [2]:0 [3]:538
[0]:25838362 [1]:25838362 [2]:0 [3]:189
[0]:25981063 [1]:25981064 [2]:0 [3]:565
[0]:26127523 [1]:26127523 [2]:0 [3]:537
[0]:26283788 [1]:26283788 [2]:0 [3]:554
[0]:26419295 [1]:26419295 [2]:0 [3]:144
[0]:26557339 [1]:26557339 [2]:0 [3]:348
[0]:26692772 [1]:26692772 [2]:0 [3]:327
[0]:26832600 [1]:26832601 [2]:0 [3]:560
[0]:26966072 [1]:26966072 [2]:0 [3]:541
[0]:27103960 [1]:27103962 [2]:0 [3]:567
[0]:27242035 [1]:27242037 [2]:0 [3]:108
[0]:27378694 [1]:27378694 [2]:0 [3]:122
[0]:27519467 [1]:27519467 [2]:0 [3]:151
[0]:27661224 [1]:27661224 [2]:0 [3]:131
[0]:27796581 [1]:27796582 [2]:0 [3]:546
[0]:27942394 [1]:27942394 [2]:0 [3]:535
[0]:28085594 [1]:28085595 [2]:0 [3]:163
[0]:28220943 [1]:28220943 [2]:0 [3]:526
[0]:28358967 [1]:28358967 [2]:0 [3]:148
[0]:28501838 [1]:28501839 [2]:0 [3]:556
[0]:28644760 [1]:28644760 [2]:0 [3]:438
[0]:28782062 [1]:28782062 [2]:0 [3]:437
[0]:28924195 [1]:28924195 [2]:0 [3]:124
[0]:29059395 [1]:29059395 [2]:0 [3]:536
[0]:29205517 [1]:29205517 [2]:0 [3]:537
[0]:29346045 [1]:29346045 [2]:0 [3]:541
[0]:29481341 [1]:29481339 [2]:0 [3]:152
[0]:29620838 [1]:29620839 [2]:0 [3]:187
[0]:29759492 [1]:29759492 [2]:0 [3]:137
[0]:29897565 [1]:29897565 [2]:0 [3]:167
[0]:30035386 [1]:30035387 [2]:0 [3]:550
[0]:30172300 [1]:30172300 [2]:0 [3]:138
[0]:30315541 [1]:30315541 [2]:0 [3]:156
[0]:30455232 [1]:30455231 [2]:0 [3]:544
[0]:30598572 [1]:30598573 [2]:0 [3]:362
[0]:30733767 [1]:30733770 [2]:0 [3]:133
[0]:30871925 [1]:30871925 [2]:0 [3]:555
[0]:31028446 [1]:31028446 [2]:0 [3]:155
[0]:31185080 [1]:31185080 [2]:0 [3]:190
[0]:31320326 [1]:31320327 [2]:0 [3]:117
[0]:31456129 [1]:31456131 [2]:0 [3]:545
[0]:31593613 [1]:31593615 [2]:0 [3]:138
[0]:31747551 [1]:31747551 [2]:0 [3]:556
[0]:31901841 [1]:31901841 [2]:0 [3]:121
[0]:32032626 [1]:32032627 [2]:0 [3]:140
[0]:32174729 [1]:32174729 [2]:0 [3]:243
[0]:32316298 [1]:32316298 [2]:0 [3]:139
[0]:32453377 [1]:32453377 [2]:0 [3]:221
[0]:32596723 [1]:32596724 [2]:0 [3]:159
[0]:32806508 [1]:32806509 [2]:0 [3]:553
[0]:32953831 [1]:32953831 [2]:0 [3]:129
[0]:33094732 [1]:33094733 [2]:0 [3]:155
[0]:33232507 [1]:33232510 [2]:0 [3]:566
[0]:33371099 [1]:33371099 [2]:0 [3]:127
[0]:33512170 [1]:33512170 [2]:0 [3]:136
[0]:33657428 [1]:33657431 [2]:0 [3]:146
[0]:33830656 [1]:33830656 [2]:0 [3]:144
[0]:33979338 [1]:33979338 [2]:0 [3]:531
[0]:34114708 [1]:34114709 [2]:0 [3]:148
[0]:34252685 [1]:34252686 [2]:0 [3]:130
[0]:34393250 [1]:34393250 [2]:0 [3]:112
[0]:34536143 [1]:34536143 [2]:0 [3]:98
[0]:34674647 [1]:34674650 [2]:0 [3]:172
[0]:34817894 [1]:34817894 [2]:0 [3]:160
[0]:34960962 [1]:34960962 [2]:0 [3]:113
[0]:35099474 [1]:35099474 [2]:0 [3]:128
[0]:35247016 [1]:35247016 [2]:0 [3]:536
[0]:35379703 [1]:35379703 [2]:0 [3]:218
[0]:35554163 [1]:35554163 [2]:0 [3]:120
[0]:35690375 [1]:35690375 [2]:0 [3]:551
[0]:35828792 [1]:35828793 [2]:0 [3]:185
[0]:35967043 [1]:35967043 [2]:0 [3]:147
[0]:36174108 [1]:36174108 [2]:0 [3]:551
[0]:36330457 [1]:36330457 [2]:0 [3]:544
[0]:36476660 [1]:36476660 [2]:0 [3]:537
[0]:36639822 [1]:36639823 [2]:0 [3]:91
[0]:36773627 [1]:36773627 [2]:0 [3]:568
[0]:36920092 [1]:36920092 [2]:0 [3]:543
[0]:37060458 [1]:37060458 [2]:0 [3]:536
[0]:37198203 [1]:37198203 [2]:0 [3]:515
[0]:37339165 [1]:37339166 [2]:0 [3]:578
[0]:37476564 [1]:37476564 [2]:0 [3]:135
[0]:37620279 [1]:37620280 [2]:0 [3]:160
[0]:37763790 [1]:37763789 [2]:0 [3]:540
[0]:37900089 [1]:37900089 [2]:0 [3]:124
[0]:38031856 [1]:38031856 [2]:0 [3]:543
[0]:38177782 [1]:38177782 [2]:0 [3]:527
[0]:38321059 [1]:38321059 [2]:0 [3]:184
[0]:38459022 [1]:38459022 [2]:0 [3]:143
[0]:38605001 [1]:38605000 [2]:0 [3]:176
[0]:38745478 [1]:38745478 [2]:0 [3]:231
[0]:38886535 [1]:38886535 [2]:0 [3]:196
[0]:39036640 [1]:39036640 [2]:0 [3]:196
[0]:39180645 [1]:39180645 [2]:0 [3]:181
