[0]:231687150 [1]:231687150 [2]:0 [3]:29
[0]:232899689 [1]:232899689 [2]:0 [3]:14
[0]:234461232 [1]:234461261 [2]:0 [3]:53
[0]:235612021 [1]:235612032 [2]:0 [3]:56
[0]:236789672 [1]:236789720 [2]:0 [3]:52
[0]:237937065 [1]:237937066 [2]:0 [3]:15
[0]:239128097 [1]:239128100 [2]:0 [3]:18
[0]:240294845 [1]:240294854 [2]:0 [3]:51
[0]:241462102 [1]:241462106 [2]:0 [3]:18
[0]:242584310 [1]:242584327 [2]:0 [3]:18
[0]:243719379 [1]:243719400 [2]:0 [3]:18
[0]:244862460 [1]:244862460 [2]:0 [3]:51
[0]:246560347 [1]:246560352 [2]:0 [3]:50
[0]:248001857 [1]:248001859 [2]:0 [3]:16
[0]:249239326 [1]:249239326 [2]:0 [3]:47
[0]:250438657 [1]:250438724 [2]:0 [3]:18
[0]:251615822 [1]:251615823 [2]:0 [3]:18
[0]:252712477 [1]:252712490 [2]:0 [3]:11
[0]:254002360 [1]:254002362 [2]:0 [3]:51
[0]:255105870 [1]:255105870 [2]:0 [3]:55
[0]:256606935 [1]:256606936 [2]:0 [3]:13
[0]:257750979 [1]:257750989 [2]:0 [3]:13
[0]:259072142 [1]:259072150 [2]:0 [3]:11
[0]:260211663 [1]:260211678 [2]:0 [3]:19
[0]:261334382 [1]:261334387 [2]:0 [3]:17
[0]:262474017 [1]:262474021 [2]:0 [3]:17
[0]:263612250 [1]:263612256 [2]:0 [3]:49
[0]:265014271 [1]:265014269 [2]:0 [3]:13
[0]:266208425 [1]:266208430 [2]:0 [3]:22
[0]:267601654 [1]:267601678 [2]:0 [3]:13
[0]:268989877 [1]:268989891 [2]:0 [3]:53
[0]:270364978 [1]:270364980 [2]:0 [3]:14
[0]:271646585 [1]:271646634 [2]:0 [3]:15
[0]:272938528 [1]:272938530 [2]:0 [3]:16
[0]:274179991 [1]:274180009 [2]:0 [3]:11
[0]:275449933 [1]:275449936 [2]:0 [3]:17
[0]:276740896 [1]:276740891 [2]:0 [3]:17
[0]:278051300 [1]:278051307 [2]:0 [3]:16
[0]:279370438 [1]:279370456 [2]:0 [3]:51
[0]:280645163 [1]:280645162 [2]:0 [3]:14
[0]:281960802 [1]:281960802 [2]:0 [3]:15
[0]:283290118 [1]:283290153 [2]:0 [3]:20
[0]:284622324 [1]:284622326 [2]:0 [3]:53
[0]:285926241 [1]:285926243 [2]:0 [3]:14
[0]:287191521 [1]:287191527 [2]:0 [3]:19
[0]:288459496 [1]:288459500 [2]:0 [3]:18
[0]:289766174 [1]:289766214 [2]:0 [3]:19
[0]:291026775 [1]:291026781 [2]:0 [3]:18
[0]:292276107 [1]:292276111 [2]:0 [3]:16
[0]:293445933 [1]:293445942 [2]:0 [3]:18
[0]:294579403 [1]:294579404 [2]:0 [3]:14
[0]:295706744 [1]:295706744 [2]:0 [3]:13
[0]:296816220 [1]:296816220 [2]:0 [3]:47
[0]:297970824 [1]:297970855 [2]:0 [3]:18
[0]:299226867 [1]:299226870 [2]:0 [3]:18
[0]:300367690 [1]:300367692 [2]:0 [3]:59
[0]:301461168 [1]:301461169 [2]:0 [3]:14
[0]:302590102 [1]:302590112 [2]:0 [3]:11
[0]:303768928 [1]:303768930 [2]:0 [3]:22
[0]:304949086 [1]:304949084 [2]:0 [3]:17
[0]:306102194 [1]:306102195 [2]:0 [3]:21
[0]:307432279 [1]:307432280 [2]:0 [3]:59
[0]:308560969 [1]:308560978 [2]:0 [3]:15
[0]:309934076 [1]:309934079 [2]:0 [3]:19
[0]:311281095 [1]:311281096 [2]:0 [3]:14
[0]:312687020 [1]:312687020 [2]:0 [3]:14
[0]:313877252 [1]:313877254 [2]:0 [3]:13
[0]:314995928 [1]:314996001 [2]:0 [3]:53
[0]:316184509 [1]:316184531 [2]:0 [3]:14
[0]:317298459 [1]:317298459 [2]:0 [3]:21
[0]:318452625 [1]:318452628 [2]:0 [3]:18
[0]:319632129 [1]:319632131 [2]:0 [3]:15
[0]:320798025 [1]:320798044 [2]:0 [3]:17
[0]:322065830 [1]:322065842 [2]:0 [3]:20
[0]:323219216 [1]:323219220 [2]:0 [3]:48
[0]:324396570 [1]:324396570 [2]:0 [3]:15
[0]:325553705 [1]:325553705 [2]:0 [3]:16
[0]:326854397 [1]:326854396 [2]:0 [3]:17
[0]:327994262 [1]:327994263 [2]:0 [3]:12
[0]:329139210 [1]:329139212 [2]:0 [3]:51
[0]:330395226 [1]:330395227 [2]:0 [3]:12
[0]:331981173 [1]:331981174 [2]:0 [3]:21
[0]:333485372 [1]:333485375 [2]:0 [3]:22
[0]:334989505 [1]:334989519 [2]:0 [3]:49
[0]:336243214 [1]:336243214 [2]:0 [3]:55
[0]:337475491 [1]:337475491 [2]:0 [3]:16
[0]:338779935 [1]:338779935 [2]:0 [3]:13
[0]:340034051 [1]:340034055 [2]:0 [3]:21
[0]:341434727 [1]:341434732 [2]:0 [3]:17
[0]:342770670 [1]:342770673 [2]:0 [3]:55
[0]:344024781 [1]:344024792 [2]:0 [3]:17
[0]:345291392 [1]:345291404 [2]:0 [3]:22
[0]:346536416 [1]:346536423 [2]:0 [3]:50
[0]:347816809 [1]:347816812 [2]:0 [3]:18
[0]:349116113 [1]:349116124 [2]:0 [3]:56
[0]:350426318 [1]:350426321 [2]:0 [3]:59
[0]:351679637 [1]:351679646 [2]:0 [3]:17
[0]:353019274 [1]:353019272 [2]:0 [3]:49
[0]:354339821 [1]:354339825 [2]:0 [3]:56
[0]:355618538 [1]:355618536 [2]:0 [3]:52
[0]:356851042 [1]:356851054 [2]:0 [3]:17
[0]:358276995 [1]:358277001 [2]:0 [3]:16
[0]:359407476 [1]:359407481 [2]:0 [3]:19
[0]:360702816 [1]:360702818 [2]:0 [3]:20
[0]:361845782 [1]:361845784 [2]:0 [3]:18
[0]:363022618 [1]:363022624 [2]:0 [3]:16
[0]:364201241 [1]:364201266 [2]:0 [3]:17
[0]:365331557 [1]:365331566 [2]:0 [3]:15
[0]:366586721 [1]:366586721 [2]:0 [3]:15
[0]:367998708 [1]:367998712 [2]:0 [3]:16
[0]:369122472 [1]:369122513 [2]:0 [3]:55
[0]:370250509 [1]:370250508 [2]:0 [3]:21
[0]:371348630 [1]:371348631 [2]:0 [3]:53
[0]:372750701 [1]:372750702 [2]:0 [3]:16
[0]:373959295 [1]:373959301 [2]:0 [3]:16
[0]:375371074 [1]:375371094 [2]:0 [3]:16
[0]:376793991 [1]:376793991 [2]:0 [3]:15
[0]:378040712 [1]:378040715 [2]:0 [3]:18
[0]:379213590 [1]:379213588 [2]:0 [3]:15
[0]:380368918 [1]:380368927 [2]:0 [3]:17
[0]:381522810 [1]:381522810 [2]:0 [3]:54
[0]:382697906 [1]:382697906 [2]:0 [3]:19
[0]:383860220 [1]:383860228 [2]:0 [3]:22
[0]:385025762 [1]:385025766 [2]:0 [3]:16
[0]:386143811 [1]:386143812 [2]:0 [3]:19
[0]:387323597 [1]:387323603 [2]:0 [3]:24
[0]:388779960 [1]:388779969 [2]:0 [3]:15
[0]:389928804 [1]:389928806 [2]:0 [3]:17
[0]:391062930 [1]:391062966 [2]:0 [3]:15
[0]:392204351 [1]:392204354 [2]:0 [3]:17
[0]:393321708 [1]:393321709 [2]:0 [3]:50
[0]:394501037 [1]:394501052 [2]:0 [3]:54
[0]:395801375 [1]:395801391 [2]:0 [3]:18
[0]:397275222 [1]:397275300 [2]:0 [3]:18
[0]:398702997 [1]:398702999 [2]:0 [3]:16
[0]:400101853 [1]:400101856 [2]:0 [3]:18
[0]:401453852 [1]:401453852 [2]:0 [3]:17
[0]:402725306 [1]:402725305 [2]:0 [3]:16
[0]:404014280 [1]:404014302 [2]:0 [3]:53
[0]:405287897 [1]:405287918 [2]:0 [3]:14
[0]:406574622 [1]:406574681 [2]:0 [3]:14
[0]:407879186 [1]:407879195 [2]:0 [3]:51
[0]:409183269 [1]:409183270 [2]:0 [3]:22
[0]:410487191 [1]:410487194 [2]:0 [3]:20
[0]:411767012 [1]:411767011 [2]:0 [3]:17
[0]:413060630 [1]:413060635 [2]:0 [3]:9
[0]:414377666 [1]:414377667 [2]:0 [3]:16
[0]:415707225 [1]:415707236 [2]:0 [3]:54
[0]:417038406 [1]:417038404 [2]:0 [3]:58
[0]:418367478 [1]:418367480 [2]:0 [3]:55
[0]:419679761 [1]:419679767 [2]:0 [3]:14
[0]:420952553 [1]:420952562 [2]:0 [3]:19
[0]:422183475 [1]:422183481 [2]:0 [3]:51
[0]:423337652 [1]:423337654 [2]:0 [3]:17
[0]:424515209 [1]:424515211 [2]:0 [3]:17
[0]:425670843 [1]:425670851 [2]:0 [3]:22
[0]:426817153 [1]:426817153 [2]:0 [3]:18
[0]:427991739 [1]:427991739 [2]:0 [3]:53
[0]:429177933 [1]:429177934 [2]:0 [3]:15
[0]:430313770 [1]:430313793 [2]:0 [3]:15
[0]:431462523 [1]:431462525 [2]:0 [3]:20
[0]:432649366 [1]:432649370 [2]:0 [3]:27
[0]:433797721 [1]:433797722 [2]:0 [3]:53
[0]:434980996 [1]:434980998 [2]:0 [3]:55
[0]:436120477 [1]:436120477 [2]:0 [3]:21
[0]:437335899 [1]:437335900 [2]:0 [3]:13
[0]:438627745 [1]:438627748 [2]:0 [3]:10
[0]:439998121 [1]:439998123 [2]:0 [3]:14
[0]:441432156 [1]:441432267 [2]:0 [3]:9
[0]:442680079 [1]:442680080 [2]:0 [3]:46
[0]:444342659 [1]:444342665 [2]:0 [3]:55
[0]:445570319 [1]:445570324 [2]:0 [3]:17
[0]:446700612 [1]:446700619 [2]:0 [3]:18
[0]:447849728 [1]:447849731 [2]:0 [3]:51
[0]:448959555 [1]:448959556 [2]:0 [3]:52
[0]:450089733 [1]:450089735 [2]:0 [3]:20
[0]:451235909 [1]:451235909 [2]:0 [3]:18
[0]:452535862 [1]:452535863 [2]:0 [3]:16
[0]:453774506 [1]:453774526 [2]:0 [3]:18
[0]:455029428 [1]:455029431 [2]:0 [3]:53
[0]:456259127 [1]:456259130 [2]:0 [3]:17
[0]:457622532 [1]:457622537 [2]:0 [3]:18
[0]:458849853 [1]:458849855 [2]:0 [3]:48
[0]:460342901 [1]:460342899 [2]:0 [3]:17
[0]:461756529 [1]:461756542 [2]:0 [3]:8
[0]:463120368 [1]:463120375 [2]:0 [3]:15
[0]:464337058 [1]:464337082 [2]:0 [3]:16
[0]:465614886 [1]:465614931 [2]:0 [3]:16
[0]:466924958 [1]:466924967 [2]:0 [3]:14
[0]:468230211 [1]:468230242 [2]:0 [3]:10
[0]:469805078 [1]:469805082 [2]:0 [3]:11
[0]:470992766 [1]:470992767 [2]:0 [3]:12
[0]:472422163 [1]:472422179 [2]:0 [3]:51
[0]:473752597 [1]:473752602 [2]:0 [3]:55
[0]:475082592 [1]:475082594 [2]:0 [3]:18
[0]:476313891 [1]:476313899 [2]:0 [3]:11
[0]:477677274 [1]:477677279 [2]:0 [3]:54
[0]:478971438 [1]:478971446 [2]:0 [3]:21
[0]:480215058 [1]:480215093 [2]:0 [3]:14
[0]:481530350 [1]:481530356 [2]:0 [3]:58
[0]:482785680 [1]:482785683 [2]:0 [3]:14
[0]:484116572 [1]:484116572 [2]:0 [3]:12
[0]:485358356 [1]:485358371 [2]:0 [3]:18
[0]:486750922 [1]:486750920 [2]:0 [3]:14
[0]:487873279 [1]:487873282 [2]:0 [3]:55
[0]:489033687 [1]:489033691 [2]:0 [3]:18
[0]:490200975 [1]:490200976 [2]:0 [3]:21
[0]:491350512 [1]:491350512 [2]:0 [3]:10
[0]:492496707 [1]:492496707 [2]:0 [3]:20
[0]:493676258 [1]:493676260 [2]:0 [3]:46
