[0]:996721375 [1]:996721381 [2]:0 [3]:17
[0]:997903034 [1]:997903047 [2]:0 [3]:12
[0]:998989539 [1]:998989539 [2]:0 [3]:9
[0]:1000080640 [1]:1000080661 [2]:0 [3]:46
[0]:1001073686 [1]:1001073701 [2]:0 [3]:17
[0]:1002161379 [1]:1002161385 [2]:0 [3]:15
[0]:1003192540 [1]:1003192540 [2]:0 [3]:12
[0]:1004190804 [1]:1004190810 [2]:0 [3]:52
[0]:1005252514 [1]:1005252523 [2]:0 [3]:14
[0]:1006316326 [1]:1006316329 [2]:0 [3]:13
[0]:1007339866 [1]:1007339866 [2]:0 [3]:10
[0]:1008420725 [1]:1008420731 [2]:0 [3]:54
[0]:1009467268 [1]:1009467271 [2]:0 [3]:9
[0]:1010586681 [1]:1010586691 [2]:0 [3]:15
[0]:1011821161 [1]:1011821164 [2]:0 [3]:17
[0]:1013229548 [1]:1013229548 [2]:0 [3]:12
[0]:1014447815 [1]:1014447818 [2]:0 [3]:13
[0]:1015605850 [1]:1015605847 [2]:0 [3]:49
[0]:1016754418 [1]:1016754418 [2]:0 [3]:11
[0]:1017975553 [1]:1017975553 [2]:0 [3]:47
[0]:1019120824 [1]:1019120828 [2]:0 [3]:54
[0]:1020286633 [1]:1020286639 [2]:0 [3]:13
[0]:1021461026 [1]:1021461033 [2]:0 [3]:17
[0]:1022656929 [1]:1022656930 [2]:0 [3]:29
[0]:1023800515 [1]:1023800515 [2]:0 [3]:46
[0]:1024973162 [1]:1024973162 [2]:0 [3]:48
[0]:1026134737 [1]:1026134739 [2]:0 [3]:16
[0]:1027382813 [1]:1027382825 [2]:0 [3]:10
[0]:1028606314 [1]:1028606315 [2]:0 [3]:11
[0]:1029769848 [1]:1029769847 [2]:0 [3]:54
[0]:1030965572 [1]:1030965573 [2]:0 [3]:10
[0]:1032169660 [1]:1032169664 [2]:0 [3]:13
[0]:1033329783 [1]:1033329784 [2]:0 [3]:16
[0]:1034513906 [1]:1034513910 [2]:0 [3]:50
[0]:1035587289 [1]:1035587293 [2]:0 [3]:17
[0]:1036881364 [1]:1036881369 [2]:0 [3]:51
[0]:1037892837 [1]:1037892840 [2]:0 [3]:49
[0]:1038928261 [1]:1038928269 [2]:0 [3]:13
[0]:1040025493 [1]:1040025497 [2]:0 [3]:9
[0]:1041052547 [1]:1041052557 [2]:0 [3]:12
[0]:1042112286 [1]:1042112295 [2]:0 [3]:14
[0]:1043191731 [1]:1043191731 [2]:0 [3]:13
[0]:1044291374 [1]:1044291375 [2]:0 [3]:14
[0]:1045298211 [1]:1045298213 [2]:0 [3]:15
[0]:1046356120 [1]:1046356123 [2]:0 [3]:45
[0]:1047410541 [1]:1047410539 [2]:0 [3]:9
[0]:1048467621 [1]:1048467621 [2]:0 [3]:42
[0]:1049535487 [1]:1049535545 [2]:0 [3]:7
[0]:1050893368 [1]:1050893369 [2]:0 [3]:50
[0]:1052238383 [1]:1052238383 [2]:0 [3]:10
[0]:1053448096 [1]:1053448097 [2]:0 [3]:12
[0]:1054577911 [1]:1054577914 [2]:0 [3]:15
[0]:1055641821 [1]:1055641821 [2]:0 [3]:50
[0]:1056681102 [1]:1056681133 [2]:0 [3]:49
[0]:1057705082 [1]:1057705084 [2]:0 [3]:53
[0]:1058715173 [1]:1058715177 [2]:0 [3]:12
[0]:1059752580 [1]:1059752592 [2]:0 [3]:10
[0]:1060783252 [1]:1060783253 [2]:0 [3]:13
[0]:1061839592 [1]:1061839627 [2]:0 [3]:47
[0]:1062857259 [1]:1062857260 [2]:0 [3]:12
[0]:1063860584 [1]:1063860584 [2]:0 [3]:44
[0]:1064906394 [1]:1064906403 [2]:0 [3]:12
[0]:1066144868 [1]:1066144898 [2]:0 [3]:7
[0]:1067195902 [1]:1067195923 [2]:0 [3]:7
[0]:1068283476 [1]:1068283485 [2]:0 [3]:9
[0]:1069446867 [1]:1069446867 [2]:0 [3]:51
[0]:1070792779 [1]:1070792784 [2]:0 [3]:15
[0]:1072058052 [1]:1072058058 [2]:0 [3]:49
[0]:1073246176 [1]:1073246193 [2]:0 [3]:8
[0]:1074405564 [1]:1074405566 [2]:0 [3]:12
[0]:1075531800 [1]:1075531812 [2]:0 [3]:9
[0]:1076667221 [1]:1076667223 [2]:0 [3]:13
[0]:1077802346 [1]:1077802359 [2]:0 [3]:10
[0]:1078980435 [1]:1078980442 [2]:0 [3]:52
[0]:1080124560 [1]:1080124560 [2]:0 [3]:54
[0]:1081313786 [1]:1081313809 [2]:0 [3]:10
[0]:1082548098 [1]:1082548100 [2]:0 [3]:15
[0]:1083759461 [1]:1083759466 [2]:0 [3]:52
[0]:1084880161 [1]:1084880162 [2]:0 [3]:15
[0]:1086018888 [1]:1086018899 [2]:0 [3]:13
[0]:1087192521 [1]:1087192522 [2]:0 [3]:48
[0]:1088483098 [1]:1088483111 [2]:0 [3]:9
[0]:1089641158 [1]:1089641160 [2]:0 [3]:18
[0]:1090831714 [1]:1090831714 [2]:0 [3]:14
[0]:1092107619 [1]:1092107623 [2]:0 [3]:45
[0]:1093145253 [1]:1093145251 [2]:0 [3]:15
[0]:1094152924 [1]:1094152931 [2]:0 [3]:14
[0]:1095311363 [1]:1095311365 [2]:0 [3]:50
[0]:1096356611 [1]:1096356614 [2]:0 [3]:15
[0]:1097432942 [1]:1097432942 [2]:0 [3]:48
[0]:1098460865 [1]:1098460879 [2]:0 [3]:13
[0]:1099460870 [1]:1099460893 [2]:0 [3]:52
[0]:1100555410 [1]:1100555414 [2]:0 [3]:14
[0]:1101571010 [1]:1101571012 [2]:0 [3]:9
[0]:1102598379 [1]:1102598425 [2]:0 [3]:8
[0]:1103795859 [1]:1103795859 [2]:0 [3]:53
[0]:1104858251 [1]:1104858255 [2]:0 [3]:12
[0]:1105888012 [1]:1105888039 [2]:0 [3]:12
[0]:1106920690 [1]:1106920702 [2]:0 [3]:5
[0]:1107964337 [1]:1107964342 [2]:0 [3]:54
[0]:1109168997 [1]:1109168997 [2]:0 [3]:50
[0]:1110485831 [1]:1110485838 [2]:0 [3]:16
[0]:1111649560 [1]:1111649562 [2]:0 [3]:9
[0]:1112822276 [1]:1112822282 [2]:0 [3]:18
[0]:1113878121 [1]:1113878141 [2]:0 [3]:18
[0]:1114937554 [1]:1114937559 [2]:0 [3]:12
[0]:1115967084 [1]:1115967084 [2]:0 [3]:45
[0]:1116969057 [1]:1116969107 [2]:0 [3]:16
[0]:1118029213 [1]:1118029253 [2]:0 [3]:16
[0]:1119400697 [1]:1119400699 [2]:0 [3]:55
[0]:1120402640 [1]:1120402640 [2]:0 [3]:13
[0]:1121463884 [1]:1121463895 [2]:0 [3]:16
[0]:1122569570 [1]:1122569579 [2]:0 [3]:51
[0]:1123577600 [1]:1123577627 [2]:0 [3]:11
[0]:1124609360 [1]:1124609360 [2]:0 [3]:48
[0]:1125651172 [1]:1125651185 [2]:0 [3]:50
[0]:1127023042 [1]:1127023045 [2]:0 [3]:49
[0]:1128338469 [1]:1128338485 [2]:0 [3]:17
[0]:1129803560 [1]:1129803560 [2]:0 [3]:51
[0]:1131037969 [1]:1131037970 [2]:0 [3]:45
[0]:1132276000 [1]:1132276000 [2]:0 [3]:54
[0]:1133414046 [1]:1133414055 [2]:0 [3]:12
[0]:1134581756 [1]:1134581759 [2]:0 [3]:54
[0]:1135724747 [1]:1135724755 [2]:0 [3]:14
[0]:1136901029 [1]:1136901042 [2]:0 [3]:12
[0]:1138040999 [1]:1138040999 [2]:0 [3]:10
[0]:1139186786 [1]:1139186786 [2]:0 [3]:13
[0]:1140336857 [1]:1140336856 [2]:0 [3]:13
[0]:1141509674 [1]:1141509667 [2]:0 [3]:15
[0]:1142699725 [1]:1142699726 [2]:0 [3]:13
[0]:1143828690 [1]:1143828690 [2]:0 [3]:14
[0]:1144999393 [1]:1144999393 [2]:0 [3]:48
[0]:1146206493 [1]:1146206502 [2]:0 [3]:15
[0]:1147361153 [1]:1147361162 [2]:0 [3]:16
[0]:1148526432 [1]:1148526432 [2]:0 [3]:47
[0]:1149646744 [1]:1149646756 [2]:0 [3]:9
[0]:1150809440 [1]:1150809455 [2]:0 [3]:17
[0]:1151835376 [1]:1151835376 [2]:0 [3]:13
[0]:1153168888 [1]:1153168903 [2]:0 [3]:49
[0]:1154196062 [1]:1154196100 [2]:0 [3]:16
[0]:1155371069 [1]:1155371069 [2]:0 [3]:11
[0]:1156507461 [1]:1156507463 [2]:0 [3]:13
[0]:1157535213 [1]:1157535213 [2]:0 [3]:17
[0]:1158615325 [1]:1158615325 [2]:0 [3]:48
[0]:1159655204 [1]:1159655207 [2]:0 [3]:22
[0]:1160647132 [1]:1160647138 [2]:0 [3]:48
[0]:1161698563 [1]:1161698563 [2]:0 [3]:18
[0]:1162719180 [1]:1162719185 [2]:0 [3]:14
[0]:1163759136 [1]:1163759136 [2]:0 [3]:11
[0]:1164794104 [1]:1164794112 [2]:0 [3]:9
[0]:1166070052 [1]:1166070057 [2]:0 [3]:43
[0]:1167281870 [1]:1167281876 [2]:0 [3]:56
[0]:1168537022 [1]:1168537033 [2]:0 [3]:10
[0]:1169754392 [1]:1169754392 [2]:0 [3]:57
[0]:1170890976 [1]:1170890975 [2]:0 [3]:16
[0]:1171952510 [1]:1171952510 [2]:0 [3]:11
[0]:1172961606 [1]:1172961613 [2]:0 [3]:15
[0]:1173976764 [1]:1173976768 [2]:0 [3]:10
[0]:1175025784 [1]:1175025783 [2]:0 [3]:13
[0]:1176074524 [1]:1176074523 [2]:0 [3]:7
[0]:1177121262 [1]:1177121289 [2]:0 [3]:7
[0]:1178135394 [1]:1178135452 [2]:0 [3]:48
[0]:1179152116 [1]:1179152137 [2]:0 [3]:48
[0]:1180205021 [1]:1180205036 [2]:0 [3]:12
[0]:1181225256 [1]:1181225272 [2]:0 [3]:53
[0]:1182280585 [1]:1182280585 [2]:0 [3]:50
[0]:1183340293 [1]:1183340302 [2]:0 [3]:51
[0]:1184369324 [1]:1184369325 [2]:0 [3]:15
[0]:1185642836 [1]:1185642841 [2]:0 [3]:51
[0]:1187034847 [1]:1187034865 [2]:0 [3]:8
[0]:1188231111 [1]:1188231113 [2]:0 [3]:18
[0]:1189529289 [1]:1189529291 [2]:0 [3]:52
[0]:1190716792 [1]:1190716794 [2]:0 [3]:15
[0]:1191871067 [1]:1191871075 [2]:0 [3]:14
[0]:1193280768 [1]:1193280768 [2]:0 [3]:57
[0]:1194449287 [1]:1194449294 [2]:0 [3]:14
[0]:1195596926 [1]:1195596927 [2]:0 [3]:13
[0]:1196822020 [1]:1196822033 [2]:0 [3]:12
[0]:1198058166 [1]:1198058163 [2]:0 [3]:51
[0]:1199214975 [1]:1199214978 [2]:0 [3]:14
[0]:1200367276 [1]:1200367279 [2]:0 [3]:44
[0]:1201542946 [1]:1201542951 [2]:0 [3]:49
[0]:1202680537 [1]:1202680540 [2]:0 [3]:12
[0]:1203816844 [1]:1203816846 [2]:0 [3]:50
[0]:1204965024 [1]:1204965037 [2]:0 [3]:13
[0]:1206128751 [1]:1206128761 [2]:0 [3]:53
[0]:1207267200 [1]:1207267202 [2]:0 [3]:17
[0]:1208440511 [1]:1208440512 [2]:0 [3]:11
[0]:1209691026 [1]:1209691026 [2]:0 [3]:49
[0]:1210717000 [1]:1210717004 [2]:0 [3]:16
[0]:1211745470 [1]:1211745480 [2]:0 [3]:10
[0]:1212856712 [1]:1212856717 [2]:0 [3]:9
[0]:1214139852 [1]:1214139865 [2]:0 [3]:57
[0]:1215257377 [1]:1215257377 [2]:0 [3]:53
[0]:1216330552 [1]:1216330557 [2]:0 [3]:9
[0]:1217402183 [1]:1217402182 [2]:0 [3]:15
[0]:1218491841 [1]:1218491850 [2]:0 [3]:10
[0]:1219604220 [1]:1219604225 [2]:0 [3]:53
[0]:1220634591 [1]:1220634600 [2]:0 [3]:9
[0]:1221669345 [1]:1221669346 [2]:0 [3]:20
[0]:1222726552 [1]:1222726557 [2]:0 [3]:11
[0]:1223787280 [1]:1223787280 [2]:0 [3]:52
[0]:1224984751 [1]:1224984751 [2]:0 [3]:13
[0]:1226342732 [1]:1226342732 [2]:0 [3]:13
[0]:1227627007 [1]:1227627006 [2]:0 [3]:14
[0]:1228790809 [1]:1228790813 [2]:0 [3]:12
[0]:1229850974 [1]:1229850976 [2]:0 [3]:16
[0]:1230886610 [1]:1230886622 [2]:0 [3]:9
[0]:1231949571 [1]:1231949576 [2]:0 [3]:16
[0]:1233003594 [1]:1233003600 [2]:0 [3]:14
[0]:1234013631 [1]:1234013640 [2]:0 [3]:15
[0]:1235066583 [1]:1235066583 [2]:0 [3]:18
[0]:1236181067 [1]:1236181071 [2]:0 [3]:48
[0]:1237163819 [1]:1237163819 [2]:0 [3]:13
[0]:1238198611 [1]:1238198606 [2]:0 [3]:12
[0]:1239247144 [1]:1239247144 [2]:0 [3]:53
[0]:1240342803 [1]:1240342803 [2]:0 [3]:53
[0]:1240342803 [1]:1240342803 [2]:0 [3]:53
[0]:1240342803 [1]:1240342803 [2]:0 [3]:53
[0]:1240342803 [1]:1240342803 [2]:0 [3]:53
[0]:1240342803 [1]:1240342803 [2]:0 [3]:53
[0]:1240342803 [1]:1240342803 [2]:0 [3]:53
[0]:1240342803 [1]:1240342803 [2]:0 [3]:53
[0]:1240342803 [1]:1240342803 [2]:0 [3]:53
[0]:1240342803 [1]:1240342803 [2]:0 [3]:53
