[0]:85289678 [1]:12251287 [2]:107 [3]:367
[0]:85498245 [1]:12274301 [2]:107 [3]:368
[0]:85723337 [1]:12299104 [2]:107 [3]:372
[0]:85928400 [1]:12321972 [2]:107 [3]:368
[0]:86137227 [1]:12345164 [2]:107 [3]:370
[0]:86350163 [1]:12368624 [2]:107 [3]:356
[0]:86555536 [1]:12391368 [2]:107 [3]:373
[0]:86760250 [1]:12414181 [2]:107 [3]:97
[0]:86965159 [1]:12437199 [2]:107 [3]:373
[0]:87173968 [1]:12460471 [2]:107 [3]:370
[0]:87434167 [1]:12489315 [2]:107 [3]:374
[0]:87631165 [1]:12511204 [2]:103 [3]:359
[0]:87835950 [1]:12534011 [2]:103 [3]:355
[0]:88040721 [1]:12556827 [2]:103 [3]:360
[0]:88251630 [1]:12580230 [2]:103 [3]:75
[0]:88450798 [1]:12602650 [2]:103 [3]:369
[0]:88679291 [1]:12628098 [2]:103 [3]:363
[0]:88887549 [1]:12651593 [2]:103 [3]:375
[0]:89101869 [1]:12675774 [2]:103 [3]:366
[0]:89301878 [1]:12698035 [2]:103 [3]:87
[0]:89565246 [1]:12727377 [2]:103 [3]:73
[0]:89766459 [1]:12749646 [2]:103 [3]:356
[0]:89991070 [1]:12774943 [2]:101 [3]:374
[0]:90203066 [1]:12798281 [2]:101 [3]:97
[0]:90408691 [1]:12820918 [2]:101 [3]:369
[0]:90612828 [1]:12843455 [2]:101 [3]:84
[0]:90826140 [1]:12866986 [2]:101 [3]:81
[0]:91038619 [1]:12890898 [2]:101 [3]:359
[0]:91248547 [1]:12914106 [2]:101 [3]:84
[0]:91449295 [1]:12936461 [2]:101 [3]:359
[0]:91682368 [1]:12962018 [2]:101 [3]:361
[0]:91883474 [1]:12984286 [2]:101 [3]:363
[0]:92084551 [1]:13006439 [2]:101 [3]:73
[0]:92289760 [1]:13029073 [2]:101 [3]:362
[0]:92498794 [1]:13052290 [2]:101 [3]:371
[0]:92711461 [1]:13076012 [2]:101 [3]:367
[0]:92912646 [1]:13098239 [2]:101 [3]:376
[0]:93113451 [1]:13120866 [2]:101 [3]:371
[0]:93333605 [1]:13145560 [2]:101 [3]:79
[0]:93542848 [1]:13168735 [2]:101 [3]:370
[0]:93740009 [1]:13190422 [2]:101 [3]:370
[0]:93944057 [1]:13212884 [2]:101 [3]:75
[0]:94146475 [1]:13235184 [2]:101 [3]:110
[0]:94354608 [1]:13258724 [2]:101 [3]:370
[0]:94563878 [1]:13281852 [2]:101 [3]:82
[0]:94773008 [1]:13304858 [2]:101 [3]:371
[0]:94983556 [1]:13327989 [2]:101 [3]:86
[0]:95195047 [1]:13351429 [2]:101 [3]:84
[0]:95402572 [1]:13374328 [2]:101 [3]:363
[0]:95605027 [1]:13396706 [2]:101 [3]:361
[0]:95802221 [1]:13418660 [2]:101 [3]:380
[0]:96010069 [1]:13441504 [2]:101 [3]:371
[0]:96208629 [1]:13463315 [2]:101 [3]:373
[0]:96466884 [1]:13491803 [2]:101 [3]:369
[0]:96672943 [1]:13514700 [2]:100 [3]:78
[0]:96877349 [1]:13537258 [2]:100 [3]:358
[0]:97079949 [1]:13559723 [2]:100 [3]:87
[0]:97285331 [1]:13582360 [2]:100 [3]:77
[0]:97486186 [1]:13604575 [2]:100 [3]:86
[0]:97697355 [1]:13627962 [2]:100 [3]:372
[0]:97916301 [1]:13651969 [2]:100 [3]:88
[0]:98123468 [1]:13674793 [2]:100 [3]:380
[0]:98327225 [1]:13697402 [2]:100 [3]:368
[0]:98533117 [1]:13720218 [2]:100 [3]:372
[0]:98736160 [1]:13742900 [2]:100 [3]:355
[0]:98936242 [1]:13765171 [2]:100 [3]:360
[0]:99153138 [1]:13789256 [2]:100 [3]:363
[0]:99363071 [1]:13812452 [2]:100 [3]:371
[0]:99571926 [1]:13835628 [2]:100 [3]:358
[0]:99768228 [1]:13857471 [2]:100 [3]:357
[0]:99997576 [1]:13882841 [2]:100 [3]:357
[0]:100206675 [1]:13906013 [2]:100 [3]:80
[0]:100407628 [1]:13928267 [2]:100 [3]:84
[0]:100612797 [1]:13950859 [2]:100 [3]:82
[0]:100813925 [1]:13973075 [2]:100 [3]:357
[0]:101076969 [1]:14002467 [2]:101 [3]:94
[0]:101282558 [1]:14025615 [2]:101 [3]:92
[0]:101495556 [1]:14049247 [2]:101 [3]:363
[0]:101708232 [1]:14072851 [2]:101 [3]:356
[0]:101919809 [1]:14096210 [2]:101 [3]:74
[0]:102138320 [1]:14120306 [2]:101 [3]:367
[0]:102359181 [1]:14144738 [2]:101 [3]:372
[0]:102599549 [1]:14171240 [2]:101 [3]:361
[0]:102808745 [1]:14194360 [2]:101 [3]:371
[0]:103025481 [1]:14218339 [2]:101 [3]:359
[0]:103231033 [1]:14241029 [2]:101 [3]:369
[0]:103443761 [1]:14264414 [2]:101 [3]:365
[0]:103656371 [1]:14288014 [2]:101 [3]:367
[0]:103883093 [1]:14312997 [2]:101 [3]:366
[0]:104090134 [1]:14335845 [2]:101 [3]:80
[0]:104291761 [1]:14357976 [2]:101 [3]:368
[0]:104500642 [1]:14381251 [2]:101 [3]:359
[0]:104717578 [1]:14405095 [2]:101 [3]:79
[0]:104922583 [1]:14427829 [2]:101 [3]:83
[0]:105177075 [1]:14455839 [2]:101 [3]:371
[0]:105381965 [1]:14478688 [2]:101 [3]:356
[0]:105588984 [1]:14501577 [2]:101 [3]:369
[0]:105809599 [1]:14525964 [2]:101 [3]:83
[0]:106010848 [1]:14548135 [2]:101 [3]:363
[0]:106214462 [1]:14570981 [2]:101 [3]:367
[0]:106424597 [1]:14594337 [2]:101 [3]:361
[0]:106632432 [1]:14617296 [2]:101 [3]:101
[0]:106838353 [1]:14640218 [2]:101 [3]:361
[0]:107042696 [1]:14662963 [2]:101 [3]:362
[0]:107242510 [1]:14685279 [2]:101 [3]:89
[0]:107445024 [1]:14707847 [2]:101 [3]:355
[0]:107646542 [1]:14729993 [2]:101 [3]:73
[0]:107870058 [1]:14754680 [2]:101 [3]:363
[0]:108076465 [1]:14777512 [2]:101 [3]:84
[0]:108273654 [1]:14799236 [2]:101 [3]:376
[0]:108484484 [1]:14822556 [2]:101 [3]:369
[0]:108687502 [1]:14845218 [2]:101 [3]:85
[0]:108895498 [1]:14868546 [2]:101 [3]:374
[0]:109109044 [1]:14892295 [2]:101 [3]:88
[0]:109317808 [1]:14915571 [2]:101 [3]:356
[0]:109514713 [1]:14937748 [2]:101 [3]:371
[0]:109731463 [1]:14961842 [2]:101 [3]:369
[0]:109932568 [1]:14984063 [2]:101 [3]:369
[0]:110137348 [1]:15006818 [2]:101 [3]:362
[0]:110349959 [1]:15030401 [2]:101 [3]:367
[0]:110562966 [1]:15053927 [2]:101 [3]:355
[0]:110768274 [1]:15076892 [2]:101 [3]:95
[0]:110969372 [1]:15099134 [2]:101 [3]:69
[0]:111177925 [1]:15122404 [2]:101 [3]:362
[0]:111386846 [1]:15145767 [2]:101 [3]:353
[0]:111582839 [1]:15167515 [2]:101 [3]:370
[0]:111784778 [1]:15189893 [2]:101 [3]:367
[0]:111989647 [1]:15212593 [2]:101 [3]:363
[0]:112197643 [1]:15235561 [2]:101 [3]:366
[0]:112423900 [1]:15260483 [2]:101 [3]:371
[0]:112640095 [1]:15285256 [2]:101 [3]:77
[0]:112845084 [1]:15307858 [2]:101 [3]:83
[0]:113057997 [1]:15331466 [2]:101 [3]:368
[0]:113263094 [1]:15354119 [2]:101 [3]:379
[0]:113475896 [1]:15377863 [2]:101 [3]:369
[0]:113688577 [1]:15401587 [2]:101 [3]:81
[0]:113893469 [1]:15424212 [2]:101 [3]:362
[0]:114100303 [1]:15446951 [2]:101 [3]:371
[0]:114302949 [1]:15469308 [2]:101 [3]:372
[0]:114508605 [1]:15492147 [2]:101 [3]:80
