[0]:183904798 [1]:33543551 [2]:164 [3]:363
[0]:184099162 [1]:33588444 [2]:164 [3]:363
[0]:184297159 [1]:33634222 [2]:164 [3]:368
[0]:184491298 [1]:33679120 [2]:164 [3]:363
[0]:184681648 [1]:33723131 [2]:164 [3]:367
[0]:184868297 [1]:33766256 [2]:164 [3]:58
[0]:185066064 [1]:33811928 [2]:164 [3]:361
[0]:185260050 [1]:33856754 [2]:164 [3]:365
[0]:185457511 [1]:33902393 [2]:164 [3]:362
[0]:185693139 [1]:33956912 [2]:164 [3]:353
[0]:185901943 [1]:34005239 [2]:164 [3]:61
[0]:186099821 [1]:34050999 [2]:164 [3]:359
[0]:186293851 [1]:34095797 [2]:164 [3]:360
[0]:186499171 [1]:34143216 [2]:164 [3]:361
[0]:186686703 [1]:34186512 [2]:164 [3]:356
[0]:186875972 [1]:34230247 [2]:164 [3]:362
[0]:187127128 [1]:34288234 [2]:164 [3]:360
[0]:187312934 [1]:34331158 [2]:164 [3]:55
[0]:187510604 [1]:34376798 [2]:164 [3]:59
[0]:187707670 [1]:34422349 [2]:164 [3]:358
[0]:187904887 [1]:34467923 [2]:164 [3]:352
[0]:188111460 [1]:34515632 [2]:164 [3]:359
[0]:188320540 [1]:34563939 [2]:164 [3]:60
[0]:188563897 [1]:34620131 [2]:164 [3]:366
[0]:188757248 [1]:34664877 [2]:164 [3]:361
[0]:188947728 [1]:34708788 [2]:164 [3]:367
[0]:189147801 [1]:34755008 [2]:164 [3]:364
[0]:189355666 [1]:34803022 [2]:164 [3]:352
[0]:189559699 [1]:34850200 [2]:164 [3]:362
[0]:189756656 [1]:34895730 [2]:164 [3]:354
[0]:189955274 [1]:34941572 [2]:164 [3]:364
[0]:190149432 [1]:34986424 [2]:164 [3]:352
[0]:190345537 [1]:35031767 [2]:164 [3]:359
[0]:190541362 [1]:35077017 [2]:164 [3]:361
[0]:190737010 [1]:35122211 [2]:164 [3]:360
[0]:190927080 [1]:35166077 [2]:164 [3]:362
[0]:191116217 [1]:35209779 [2]:164 [3]:354
[0]:191310253 [1]:35254566 [2]:164 [3]:59
[0]:191510649 [1]:35300923 [2]:164 [3]:366
[0]:191713404 [1]:35347772 [2]:164 [3]:362
[0]:191914991 [1]:35394356 [2]:164 [3]:364
[0]:192109023 [1]:35439185 [2]:164 [3]:365
[0]:192302410 [1]:35483904 [2]:164 [3]:358
[0]:192490563 [1]:35527419 [2]:164 [3]:359
[0]:192694484 [1]:35574438 [2]:164 [3]:359
[0]:192907835 [1]:35623715 [2]:164 [3]:356
[0]:193103139 [1]:35668836 [2]:164 [3]:361
[0]:193307158 [1]:35715951 [2]:164 [3]:362
[0]:193508692 [1]:35762495 [2]:164 [3]:358
[0]:193698531 [1]:35806235 [2]:164 [3]:358
[0]:193900607 [1]:35852960 [2]:164 [3]:364
[0]:194109522 [1]:35901268 [2]:164 [3]:353
[0]:194315085 [1]:35948762 [2]:164 [3]:362
[0]:194520128 [1]:35996192 [2]:164 [3]:53
[0]:194714262 [1]:36041096 [2]:164 [3]:368
[0]:194915708 [1]:36087673 [2]:164 [3]:55
[0]:195128520 [1]:36136839 [2]:164 [3]:361
[0]:195337671 [1]:36185155 [2]:164 [3]:355
[0]:195550490 [1]:36234289 [2]:164 [3]:359
[0]:195751732 [1]:36280822 [2]:164 [3]:364
[0]:195949575 [1]:36326505 [2]:164 [3]:360
[0]:196162816 [1]:36375735 [2]:164 [3]:358
[0]:196353387 [1]:36419766 [2]:164 [3]:365
[0]:196543216 [1]:36463571 [2]:164 [3]:57
[0]:196740761 [1]:36509209 [2]:164 [3]:362
[0]:196929087 [1]:36552711 [2]:164 [3]:356
[0]:197121796 [1]:36597248 [2]:164 [3]:363
[0]:197319538 [1]:36642924 [2]:164 [3]:358
[0]:197516548 [1]:36688418 [2]:164 [3]:355
[0]:197716592 [1]:36734626 [2]:164 [3]:356
[0]:197916598 [1]:36780864 [2]:164 [3]:68
[0]:198113559 [1]:36826374 [2]:164 [3]:361
[0]:198301178 [1]:36869663 [2]:164 [3]:367
[0]:198517700 [1]:36919674 [2]:164 [3]:364
[0]:198710211 [1]:36964153 [2]:164 [3]:364
[0]:198924462 [1]:37013635 [2]:164 [3]:61
[0]:199113291 [1]:37057266 [2]:164 [3]:364
[0]:199305098 [1]:37101554 [2]:164 [3]:357
[0]:199506877 [1]:37148191 [2]:164 [3]:364
[0]:199707011 [1]:37194444 [2]:164 [3]:360
[0]:199902193 [1]:37239525 [2]:164 [3]:356
[0]:200113218 [1]:37288293 [2]:164 [3]:354
[0]:200309166 [1]:37333544 [2]:164 [3]:357
[0]:200507032 [1]:37379258 [2]:164 [3]:363
[0]:200704853 [1]:37424957 [2]:164 [3]:363
[0]:200896494 [1]:37469245 [2]:164 [3]:360
[0]:200980601 [1]:37488696 [2]:164 [3]:356
[0]:200980601 [1]:37488696 [2]:164 [3]:356
