[0]:91606400 [1]:16121337 [2]:152 [3]:361
[0]:91826575 [1]:16172193 [2]:152 [3]:361
[0]:92020931 [1]:16217078 [2]:152 [3]:364
[0]:92218927 [1]:16262774 [2]:152 [3]:366
[0]:92412907 [1]:16307566 [2]:152 [3]:59
[0]:92603112 [1]:16351597 [2]:152 [3]:59
[0]:92797300 [1]:16396437 [2]:152 [3]:363
[0]:92996007 [1]:16442385 [2]:152 [3]:363
[0]:93219298 [1]:16493874 [2]:152 [3]:359
[0]:93417654 [1]:16539708 [2]:152 [3]:61
[0]:93618360 [1]:16586045 [2]:152 [3]:366
[0]:93827408 [1]:16634397 [2]:152 [3]:59
[0]:94017655 [1]:16678362 [2]:152 [3]:368
[0]:94210762 [1]:16722929 [2]:152 [3]:366
[0]:94398547 [1]:16766326 [2]:152 [3]:360
[0]:94607128 [1]:16814502 [2]:152 [3]:359
[0]:94804693 [1]:16860161 [2]:158 [3]:357
[0]:94991904 [1]:16903311 [2]:158 [3]:367
[0]:95198294 [1]:16951057 [2]:158 [3]:58
[0]:95387486 [1]:16994761 [2]:158 [3]:367
[0]:95584979 [1]:17040381 [2]:158 [3]:357
[0]:95786916 [1]:17087047 [2]:158 [3]:57
[0]:95981021 [1]:17131820 [2]:158 [3]:363
[0]:96190129 [1]:17180098 [2]:158 [3]:61
[0]:96380374 [1]:17224026 [2]:158 [3]:366
[0]:96574515 [1]:17268874 [2]:158 [3]:356
[0]:96783548 [1]:17317223 [2]:158 [3]:364
[0]:96969859 [1]:17360257 [2]:158 [3]:356
[0]:97212882 [1]:17416394 [2]:158 [3]:53
[0]:97410369 [1]:17462020 [2]:158 [3]:361
[0]:97608364 [1]:17507787 [2]:161 [3]:362
[0]:97798693 [1]:17551759 [2]:161 [3]:57
[0]:98025067 [1]:17604085 [2]:161 [3]:363
[0]:98224204 [1]:17650115 [2]:161 [3]:359
[0]:98429413 [1]:17697578 [2]:161 [3]:366
[0]:98653280 [1]:17749347 [2]:161 [3]:364
[0]:98843775 [1]:17793286 [2]:161 [3]:59
[0]:99036776 [1]:17837839 [2]:161 [3]:54
[0]:99228157 [1]:17882086 [2]:161 [3]:357
[0]:99436935 [1]:17930345 [2]:161 [3]:363
[0]:99638783 [1]:17977007 [2]:161 [3]:353
[0]:99828969 [1]:18020907 [2]:161 [3]:363
[0]:100023291 [1]:18065830 [2]:161 [3]:360
[0]:100217236 [1]:18110674 [2]:161 [3]:356
[0]:100407207 [1]:18154592 [2]:163 [3]:55
[0]:100634777 [1]:18207155 [2]:163 [3]:58
[0]:100825696 [1]:18251273 [2]:163 [3]:359
[0]:101017615 [1]:18295603 [2]:163 [3]:354
[0]:101217133 [1]:18341652 [2]:163 [3]:357
[0]:101412056 [1]:18386648 [2]:163 [3]:358
[0]:101609390 [1]:18432157 [2]:163 [3]:363
[0]:101803580 [1]:18477001 [2]:163 [3]:369
[0]:101993036 [1]:18520755 [2]:163 [3]:359
[0]:102199323 [1]:18568434 [2]:163 [3]:367
[0]:102427420 [1]:18621205 [2]:163 [3]:360
[0]:102620462 [1]:18665729 [2]:163 [3]:361
[0]:102814707 [1]:18710639 [2]:163 [3]:360
[0]:103013360 [1]:18756524 [2]:163 [3]:360
[0]:103210688 [1]:18802109 [2]:164 [3]:360
[0]:103398862 [1]:18845529 [2]:164 [3]:365
[0]:103591491 [1]:18890046 [2]:164 [3]:359
[0]:103781089 [1]:18933860 [2]:164 [3]:359
[0]:103983388 [1]:18980573 [2]:164 [3]:360
[0]:104181188 [1]:19026294 [2]:164 [3]:361
[0]:104394037 [1]:19075473 [2]:164 [3]:59
[0]:104597184 [1]:19122409 [2]:164 [3]:365
[0]:104800683 [1]:19169440 [2]:164 [3]:362
[0]:104994857 [1]:19214268 [2]:164 [3]:360
[0]:105196291 [1]:19260895 [2]:164 [3]:54
[0]:105386740 [1]:19304896 [2]:164 [3]:367
[0]:105577008 [1]:19348854 [2]:164 [3]:363
[0]:105773839 [1]:19394286 [2]:164 [3]:365
[0]:105968877 [1]:19439406 [2]:164 [3]:61
[0]:106162998 [1]:19484291 [2]:164 [3]:363
[0]:106353870 [1]:19528285 [2]:164 [3]:367
