[0]:106550303 [1]:19573735 [2]:164 [3]:361
[0]:106760890 [1]:19607677 [2]:164 [3]:368
[0]:106971064 [1]:19638966 [2]:164 [3]:364
[0]:107171371 [1]:19668738 [2]:164 [3]:355
[0]:107373722 [1]:19698782 [2]:164 [3]:364
[0]:107570792 [1]:19728039 [2]:164 [3]:362
[0]:107772980 [1]:19758060 [2]:164 [3]:370
[0]:107971845 [1]:19787678 [2]:164 [3]:367
[0]:108176740 [1]:19817977 [2]:164 [3]:365
[0]:108389642 [1]:19849486 [2]:164 [3]:360
[0]:108593125 [1]:19879710 [2]:164 [3]:363
[0]:108799533 [1]:19910341 [2]:164 [3]:366
[0]:109008366 [1]:19941349 [2]:164 [3]:363
[0]:109205086 [1]:19970487 [2]:164 [3]:82
[0]:109422961 [1]:20002833 [2]:164 [3]:365
[0]:109624958 [1]:20032849 [2]:164 [3]:352
[0]:109839891 [1]:20064760 [2]:164 [3]:372
[0]:110088062 [1]:20101720 [2]:164 [3]:364
[0]:110292261 [1]:20132033 [2]:164 [3]:362
[0]:110513495 [1]:20164871 [2]:164 [3]:67
[0]:110730417 [1]:20197059 [2]:164 [3]:361
[0]:110933599 [1]:20227320 [2]:164 [3]:357
[0]:111140452 [1]:20258025 [2]:164 [3]:362
[0]:111356963 [1]:20290102 [2]:164 [3]:365
[0]:111565725 [1]:20321068 [2]:164 [3]:375
[0]:111774063 [1]:20351938 [2]:164 [3]:373
[0]:111986980 [1]:20383618 [2]:164 [3]:368
[0]:112203846 [1]:20415760 [2]:164 [3]:77
[0]:112412889 [1]:20446717 [2]:164 [3]:364
[0]:112618160 [1]:20477212 [2]:164 [3]:365
[0]:112827039 [1]:20508166 [2]:164 [3]:363
[0]:113035261 [1]:20539086 [2]:164 [3]:372
[0]:113256475 [1]:20571820 [2]:164 [3]:367
[0]:113465254 [1]:20602842 [2]:164 [3]:364
[0]:113678063 [1]:20634374 [2]:164 [3]:373
[0]:113909281 [1]:20668659 [2]:164 [3]:366
[0]:114127466 [1]:20700995 [2]:164 [3]:362
[0]:114344281 [1]:20733143 [2]:164 [3]:361
[0]:114553179 [1]:20764166 [2]:164 [3]:363
[0]:114819005 [1]:20803606 [2]:164 [3]:80
[0]:115016046 [1]:20832829 [2]:164 [3]:366
[0]:115266194 [1]:20870005 [2]:164 [3]:358
[0]:115503670 [1]:20905253 [2]:164 [3]:372
[0]:115710847 [1]:20936041 [2]:164 [3]:359
[0]:115915525 [1]:20966488 [2]:164 [3]:90
[0]:116121442 [1]:20996974 [2]:164 [3]:366
[0]:116326430 [1]:21027344 [2]:164 [3]:363
[0]:116538045 [1]:21058778 [2]:164 [3]:363
[0]:116748106 [1]:21089912 [2]:164 [3]:374
[0]:116960951 [1]:21121451 [2]:164 [3]:372
[0]:117169780 [1]:21152356 [2]:164 [3]:358
[0]:117378551 [1]:21183314 [2]:164 [3]:81
[0]:117606934 [1]:21217221 [2]:164 [3]:354
[0]:117812138 [1]:21247567 [2]:164 [3]:355
[0]:118014069 [1]:21277558 [2]:164 [3]:371
[0]:118225852 [1]:21309022 [2]:164 [3]:365
[0]:118445830 [1]:21341569 [2]:164 [3]:365
[0]:118663084 [1]:21373816 [2]:164 [3]:81
[0]:118864212 [1]:21403778 [2]:164 [3]:84
[0]:119080994 [1]:21435886 [2]:164 [3]:368
[0]:119289851 [1]:21466869 [2]:164 [3]:359
[0]:119502773 [1]:21498484 [2]:164 [3]:368
[0]:119729025 [1]:21532169 [2]:164 [3]:361
[0]:119955851 [1]:21565750 [2]:164 [3]:371
[0]:120192435 [1]:21600772 [2]:164 [3]:360
[0]:120440703 [1]:21637572 [2]:164 [3]:365
[0]:120680915 [1]:21673161 [2]:164 [3]:364
[0]:120893878 [1]:21704804 [2]:164 [3]:373
[0]:121105129 [1]:21736034 [2]:164 [3]:366
[0]:121307469 [1]:21766003 [2]:164 [3]:82
[0]:121512744 [1]:21796371 [2]:164 [3]:361
[0]:121721610 [1]:21827434 [2]:164 [3]:76
[0]:121935088 [1]:21858976 [2]:164 [3]:76
[0]:122159271 [1]:21892289 [2]:164 [3]:363
