[0]:64913208 [1]:9547425 [2]:102 [3]:77
[0]:65137661 [1]:9569284 [2]:102 [3]:73
[0]:65346524 [1]:9589753 [2]:102 [3]:369
[0]:65554505 [1]:9610070 [2]:102 [3]:357
[0]:65760031 [1]:9630097 [2]:102 [3]:74
[0]:65980762 [1]:9651764 [2]:102 [3]:371
[0]:66199576 [1]:9673274 [2]:102 [3]:364
[0]:66429425 [1]:9695834 [2]:102 [3]:361
[0]:66640284 [1]:9716311 [2]:102 [3]:361
[0]:66852259 [1]:9736998 [2]:102 [3]:80
[0]:67124926 [1]:9763720 [2]:98 [3]:363
[0]:67327295 [1]:9783414 [2]:98 [3]:372
[0]:67534765 [1]:9803551 [2]:98 [3]:351
[0]:67760385 [1]:9825597 [2]:98 [3]:357
[0]:67969769 [1]:9845895 [2]:98 [3]:363
[0]:68182772 [1]:9866574 [2]:98 [3]:81
[0]:68391008 [1]:9886824 [2]:98 [3]:354
[0]:68599885 [1]:9907271 [2]:98 [3]:89
[0]:68812396 [1]:9927944 [2]:98 [3]:86
[0]:69021174 [1]:9948214 [2]:98 [3]:85
[0]:69229486 [1]:9968479 [2]:98 [3]:92
[0]:69434952 [1]:9988358 [2]:96 [3]:367
[0]:69642858 [1]:10008544 [2]:96 [3]:85
[0]:69860047 [1]:10029782 [2]:96 [3]:367
[0]:70101817 [1]:10053558 [2]:96 [3]:365
[0]:70318511 [1]:10074758 [2]:96 [3]:357
[0]:70521372 [1]:10094646 [2]:96 [3]:369
[0]:70722665 [1]:10114232 [2]:96 [3]:75
[0]:70925598 [1]:10134011 [2]:96 [3]:81
[0]:71142678 [1]:10155158 [2]:96 [3]:344
[0]:71404211 [1]:10180603 [2]:96 [3]:372
[0]:71614333 [1]:10201054 [2]:96 [3]:368
[0]:71824807 [1]:10221679 [2]:97 [3]:90
[0]:72023487 [1]:10241009 [2]:97 [3]:87
[0]:72286421 [1]:10266611 [2]:97 [3]:98
[0]:72499114 [1]:10287239 [2]:97 [3]:68
[0]:72731577 [1]:10310107 [2]:97 [3]:370
[0]:72936014 [1]:10330245 [2]:97 [3]:358
[0]:73155406 [1]:10351967 [2]:97 [3]:374
[0]:73376933 [1]:10373589 [2]:97 [3]:368
[0]:73593394 [1]:10394822 [2]:97 [3]:77
[0]:73798200 [1]:10414806 [2]:97 [3]:373
[0]:74028834 [1]:10437177 [2]:97 [3]:88
[0]:74243353 [1]:10458127 [2]:97 [3]:374
[0]:74465276 [1]:10480015 [2]:97 [3]:376
[0]:74681451 [1]:10500964 [2]:97 [3]:92
[0]:74897323 [1]:10521934 [2]:97 [3]:352
[0]:75117749 [1]:10543482 [2]:97 [3]:78
[0]:75341849 [1]:10565270 [2]:97 [3]:371
[0]:75554040 [1]:10586234 [2]:97 [3]:365
[0]:75787087 [1]:10608807 [2]:97 [3]:90
[0]:75999936 [1]:10629610 [2]:97 [3]:370
[0]:76208392 [1]:10650241 [2]:97 [3]:368
[0]:76428794 [1]:10671940 [2]:97 [3]:360
[0]:76641438 [1]:10692580 [2]:97 [3]:371
[0]:76838713 [1]:10711815 [2]:97 [3]:362
[0]:77054824 [1]:10733263 [2]:97 [3]:84
[0]:77275176 [1]:10754859 [2]:97 [3]:91
[0]:77484017 [1]:10775358 [2]:97 [3]:364
[0]:77687548 [1]:10795118 [2]:97 [3]:363
[0]:77889424 [1]:10814882 [2]:97 [3]:366
[0]:78102062 [1]:10835789 [2]:97 [3]:366
[0]:78307057 [1]:10855691 [2]:97 [3]:86
[0]:78543411 [1]:10878706 [2]:97 [3]:94
[0]:78749348 [1]:10898962 [2]:97 [3]:379
[0]:78960597 [1]:10919646 [2]:97 [3]:77
[0]:79181154 [1]:10941380 [2]:97 [3]:371
[0]:79389388 [1]:10961603 [2]:97 [3]:78
[0]:79598149 [1]:10982017 [2]:97 [3]:82
[0]:79807314 [1]:11002442 [2]:97 [3]:73
[0]:80015745 [1]:11023102 [2]:97 [3]:360
[0]:80220659 [1]:11043113 [2]:97 [3]:362
[0]:80425350 [1]:11063129 [2]:97 [3]:369
[0]:80638255 [1]:11083792 [2]:97 [3]:373
[0]:80840647 [1]:11103393 [2]:97 [3]:359
[0]:81054511 [1]:11124337 [2]:97 [3]:374
[0]:81278345 [1]:11146112 [2]:97 [3]:86
[0]:81474687 [1]:11165177 [2]:97 [3]:362
[0]:81685671 [1]:11185737 [2]:97 [3]:69
[0]:81890903 [1]:11205866 [2]:97 [3]:82
[0]:82120772 [1]:11228422 [2]:97 [3]:364
[0]:82343777 [1]:11250211 [2]:97 [3]:77
[0]:82552579 [1]:11270460 [2]:97 [3]:373
[0]:82751621 [1]:11289847 [2]:97 [3]:359
[0]:82954442 [1]:11309531 [2]:97 [3]:355
[0]:83155163 [1]:11328947 [2]:97 [3]:375
[0]:83415075 [1]:11354516 [2]:96 [3]:366
[0]:83617152 [1]:11374248 [2]:96 [3]:92
[0]:83826902 [1]:11394690 [2]:96 [3]:86
[0]:84045423 [1]:11416005 [2]:96 [3]:100
[0]:84259023 [1]:11436751 [2]:96 [3]:359
[0]:84464701 [1]:11456959 [2]:96 [3]:367
[0]:84675289 [1]:11477718 [2]:96 [3]:371
[0]:84881244 [1]:11498169 [2]:96 [3]:357
[0]:85096362 [1]:11519082 [2]:96 [3]:371
[0]:85305332 [1]:11539328 [2]:96 [3]:361
[0]:85513950 [1]:11559758 [2]:97 [3]:96
[0]:85722207 [1]:11580447 [2]:97 [3]:99
[0]:85931208 [1]:11600846 [2]:97 [3]:365
[0]:86143840 [1]:11621634 [2]:97 [3]:361
[0]:86352515 [1]:11642129 [2]:97 [3]:72
[0]:86565065 [1]:11662782 [2]:97 [3]:74
[0]:86769869 [1]:11682696 [2]:97 [3]:96
[0]:86980612 [1]:11703273 [2]:97 [3]:373
[0]:87179652 [1]:11722715 [2]:97 [3]:85
[0]:87391312 [1]:11743270 [2]:97 [3]:362
[0]:87614886 [1]:11765116 [2]:97 [3]:368
[0]:87821352 [1]:11785347 [2]:97 [3]:368
[0]:88024249 [1]:11805296 [2]:97 [3]:359
[0]:88232461 [1]:11825571 [2]:97 [3]:101
[0]:88434194 [1]:11845055 [2]:97 [3]:362
[0]:88639634 [1]:11865000 [2]:97 [3]:360
[0]:88840979 [1]:11884636 [2]:97 [3]:76
[0]:89051353 [1]:11905128 [2]:97 [3]:362
[0]:89259420 [1]:11925422 [2]:97 [3]:367
[0]:89464248 [1]:11945276 [2]:97 [3]:359
[0]:89676831 [1]:11966170 [2]:97 [3]:84
[0]:89889638 [1]:11986970 [2]:97 [3]:362
[0]:90092671 [1]:12007008 [2]:96 [3]:366
[0]:90330232 [1]:12030636 [2]:96 [3]:370
[0]:90542627 [1]:12051416 [2]:96 [3]:355
[0]:90755516 [1]:12072036 [2]:96 [3]:369
[0]:90968451 [1]:12093049 [2]:96 [3]:359
[0]:91182966 [1]:12114393 [2]:96 [3]:92
[0]:91501876 [1]:12145628 [2]:96 [3]:85
[0]:91723772 [1]:12167246 [2]:96 [3]:370
[0]:91924543 [1]:12186810 [2]:96 [3]:371
[0]:92125473 [1]:12206372 [2]:96 [3]:103
[0]:92330599 [1]:12226535 [2]:96 [3]:368
[0]:92534684 [1]:12246633 [2]:97 [3]:360
[0]:92755166 [1]:12268313 [2]:97 [3]:85
[0]:92978612 [1]:12290348 [2]:97 [3]:358
[0]:93180925 [1]:12310047 [2]:97 [3]:86
[0]:93473071 [1]:12338738 [2]:97 [3]:81
[0]:93680201 [1]:12359128 [2]:97 [3]:74
[0]:93880770 [1]:12378862 [2]:97 [3]:361
[0]:94089761 [1]:12399195 [2]:97 [3]:367
[0]:94330099 [1]:12422506 [2]:97 [3]:362
[0]:94550832 [1]:12443974 [2]:97 [3]:360
[0]:94763292 [1]:12464848 [2]:97 [3]:362
[0]:94964783 [1]:12484565 [2]:97 [3]:76
[0]:95172940 [1]:12504796 [2]:97 [3]:377
[0]:95375480 [1]:12524491 [2]:97 [3]:369
[0]:95590625 [1]:12545532 [2]:97 [3]:362
[0]:95800153 [1]:12566127 [2]:97 [3]:361
[0]:96062987 [1]:12591833 [2]:97 [3]:366
[0]:96271146 [1]:12612115 [2]:97 [3]:82
[0]:96468592 [1]:12631439 [2]:97 [3]:94
[0]:96677020 [1]:12652002 [2]:97 [3]:359
[0]:96885852 [1]:12672400 [2]:97 [3]:361
[0]:97085938 [1]:12691774 [2]:97 [3]:364
[0]:97346927 [1]:12717052 [2]:97 [3]:372
[0]:97549182 [1]:12736608 [2]:97 [3]:368
[0]:97764704 [1]:12757588 [2]:97 [3]:73
[0]:97969511 [1]:12777463 [2]:97 [3]:89
[0]:98178381 [1]:12797807 [2]:97 [3]:97
[0]:98395064 [1]:12818905 [2]:97 [3]:367
[0]:98607703 [1]:12839658 [2]:97 [3]:359
[0]:98820473 [1]:12860322 [2]:97 [3]:365
[0]:99024838 [1]:12880332 [2]:97 [3]:363
[0]:99230109 [1]:12900345 [2]:97 [3]:363
[0]:99472564 [1]:12924063 [2]:96 [3]:362
[0]:99681652 [1]:12944403 [2]:96 [3]:74
[0]:99891746 [1]:12964957 [2]:96 [3]:83
[0]:100100509 [1]:12985239 [2]:96 [3]:81
[0]:100309466 [1]:13005516 [2]:96 [3]:94
[0]:100530450 [1]:13027086 [2]:96 [3]:364
[0]:100738865 [1]:13047350 [2]:96 [3]:371
[0]:100949868 [1]:13068087 [2]:96 [3]:85
[0]:101152343 [1]:13087812 [2]:96 [3]:81
[0]:101372894 [1]:13109199 [2]:96 [3]:358
[0]:101630637 [1]:13134507 [2]:97 [3]:89
[0]:101833379 [1]:13154385 [2]:97 [3]:87
[0]:102037985 [1]:13174721 [2]:97 [3]:371
[0]:102250504 [1]:13195629 [2]:97 [3]:373
[0]:102459228 [1]:13216106 [2]:97 [3]:361
[0]:102663893 [1]:13236120 [2]:97 [3]:367
[0]:102865703 [1]:13255976 [2]:97 [3]:373
[0]:103065407 [1]:13275418 [2]:97 [3]:83
[0]:103277575 [1]:13296258 [2]:97 [3]:360
[0]:103522615 [1]:13320328 [2]:97 [3]:86
[0]:103723077 [1]:13339809 [2]:97 [3]:369
[0]:103930878 [1]:13359949 [2]:97 [3]:82
[0]:104130237 [1]:13379376 [2]:97 [3]:77
[0]:104341626 [1]:13400020 [2]:97 [3]:365
[0]:104558068 [1]:13421189 [2]:97 [3]:368
[0]:104766784 [1]:13441705 [2]:97 [3]:374
[0]:104983266 [1]:13462833 [2]:97 [3]:364
[0]:105188131 [1]:13482859 [2]:97 [3]:87
[0]:105397497 [1]:13503354 [2]:97 [3]:362
[0]:105605656 [1]:13523556 [2]:97 [3]:87
[0]:105818344 [1]:13544330 [2]:97 [3]:369
[0]:106019129 [1]:13563933 [2]:97 [3]:94
[0]:106228602 [1]:13584217 [2]:97 [3]:85
[0]:106444761 [1]:13605288 [2]:97 [3]:74
[0]:106653440 [1]:13625683 [2]:97 [3]:79
[0]:106862209 [1]:13646107 [2]:97 [3]:370
[0]:107074784 [1]:13666817 [2]:97 [3]:87
[0]:107275646 [1]:13686537 [2]:97 [3]:360
[0]:107472652 [1]:13705806 [2]:97 [3]:361
[0]:107692358 [1]:13727701 [2]:97 [3]:373
[0]:107904683 [1]:13748521 [2]:97 [3]:373
[0]:108161247 [1]:13773567 [2]:97 [3]:80
[0]:108392402 [1]:13796126 [2]:97 [3]:355
[0]:108595194 [1]:13815919 [2]:98 [3]:378
[0]:108799447 [1]:13835741 [2]:98 [3]:82
[0]:109004210 [1]:13855802 [2]:98 [3]:79
[0]:109212942 [1]:13876076 [2]:98 [3]:369
[0]:109417790 [1]:13896065 [2]:98 [3]:363
[0]:109622162 [1]:13916058 [2]:98 [3]:366
[0]:109830116 [1]:13936311 [2]:98 [3]:74
[0]:110035744 [1]:13956423 [2]:98 [3]:365
[0]:110254639 [1]:13977921 [2]:98 [3]:359
[0]:110463872 [1]:13998407 [2]:98 [3]:91
[0]:110677576 [1]:14019294 [2]:98 [3]:374
[0]:110893562 [1]:14040439 [2]:97 [3]:371
[0]:111118558 [1]:14062629 [2]:97 [3]:79
[0]:111330800 [1]:14083832 [2]:97 [3]:96
[0]:111539226 [1]:14104340 [2]:97 [3]:360
[0]:111747954 [1]:14124919 [2]:97 [3]:84
[0]:112036145 [1]:14153111 [2]:97 [3]:91
[0]:112251964 [1]:14174152 [2]:97 [3]:363
[0]:112466829 [1]:14195167 [2]:97 [3]:82
[0]:112673115 [1]:14215417 [2]:97 [3]:86
[0]:112897322 [1]:14237334 [2]:97 [3]:366
[0]:113122235 [1]:14259217 [2]:98 [3]:361
[0]:113358907 [1]:14282196 [2]:98 [3]:355
[0]:113563667 [1]:14302073 [2]:98 [3]:369
[0]:113799886 [1]:14325107 [2]:98 [3]:79
[0]:114004364 [1]:14345234 [2]:98 [3]:88
[0]:114206396 [1]:14364810 [2]:98 [3]:375
[0]:114418213 [1]:14385575 [2]:98 [3]:362
[0]:114636811 [1]:14406838 [2]:98 [3]:363
[0]:114847526 [1]:14427371 [2]:98 [3]:366
[0]:115056237 [1]:14447808 [2]:98 [3]:358
[0]:115268899 [1]:14468533 [2]:98 [3]:362
[0]:115485220 [1]:14489577 [2]:96 [3]:366
[0]:115701976 [1]:14510973 [2]:96 [3]:105
[0]:115930324 [1]:14533564 [2]:96 [3]:370
[0]:116138991 [1]:14553892 [2]:96 [3]:91
[0]:116359555 [1]:14575381 [2]:96 [3]:362
[0]:116576414 [1]:14596463 [2]:96 [3]:77
[0]:116847280 [1]:14623046 [2]:96 [3]:365
[0]:117052943 [1]:14643141 [2]:96 [3]:360
[0]:117257220 [1]:14663195 [2]:96 [3]:93
[0]:117493624 [1]:14686458 [2]:96 [3]:364
[0]:117707046 [1]:14707294 [2]:97 [3]:351
[0]:117927631 [1]:14728927 [2]:97 [3]:82
[0]:118129192 [1]:14748550 [2]:97 [3]:360
[0]:118337111 [1]:14768819 [2]:97 [3]:90
[0]:118541502 [1]:14788725 [2]:97 [3]:360
[0]:118749943 [1]:14809035 [2]:97 [3]:357
[0]:118958846 [1]:14829319 [2]:97 [3]:359
[0]:119182960 [1]:14851414 [2]:97 [3]:78
[0]:119395583 [1]:14872377 [2]:97 [3]:371
[0]:119612196 [1]:14893418 [2]:97 [3]:357
[0]:119821044 [1]:14913811 [2]:97 [3]:92
[0]:120037202 [1]:14935281 [2]:96 [3]:369
[0]:120249768 [1]:14956009 [2]:96 [3]:370
[0]:120521554 [1]:14982704 [2]:96 [3]:368
[0]:120749809 [1]:15005077 [2]:96 [3]:90
[0]:120942841 [1]:15023841 [2]:96 [3]:87
[0]:121159536 [1]:15044937 [2]:96 [3]:365
[0]:121368254 [1]:15065282 [2]:96 [3]:371
[0]:121573163 [1]:15085161 [2]:96 [3]:79
[0]:121793680 [1]:15106732 [2]:96 [3]:363
[0]:122006378 [1]:15127455 [2]:96 [3]:78
[0]:122204255 [1]:15146781 [2]:96 [3]:80
[0]:122467205 [1]:15172370 [2]:97 [3]:372
[0]:122665781 [1]:15191885 [2]:97 [3]:371
[0]:122888296 [1]:15213806 [2]:97 [3]:370
[0]:123112577 [1]:15235934 [2]:97 [3]:363
[0]:123317383 [1]:15255818 [2]:97 [3]:355
[0]:123526335 [1]:15276175 [2]:97 [3]:372
[0]:123731025 [1]:15296219 [2]:97 [3]:368
[0]:123946794 [1]:15317213 [2]:97 [3]:80
[0]:124152597 [1]:15337222 [2]:97 [3]:368
[0]:124349432 [1]:15356326 [2]:97 [3]:373
[0]:124565964 [1]:15377599 [2]:97 [3]:356
[0]:124770948 [1]:15397684 [2]:97 [3]:368
[0]:124983401 [1]:15418503 [2]:97 [3]:351
[0]:125200073 [1]:15439549 [2]:97 [3]:85
[0]:125440357 [1]:15463027 [2]:97 [3]:375
[0]:125648958 [1]:15483522 [2]:97 [3]:363
[0]:125871508 [1]:15505293 [2]:97 [3]:362
[0]:126074170 [1]:15525089 [2]:97 [3]:86
[0]:126279082 [1]:15545086 [2]:97 [3]:84
[0]:126487713 [1]:15565567 [2]:97 [3]:351
[0]:126694899 [1]:15585824 [2]:97 [3]:364
[0]:126935958 [1]:15609343 [2]:97 [3]:366
[0]:127141096 [1]:15629347 [2]:97 [3]:363
[0]:127361914 [1]:15650987 [2]:97 [3]:371
[0]:127566648 [1]:15671037 [2]:97 [3]:98
[0]:127776305 [1]:15691502 [2]:97 [3]:366
[0]:127992121 [1]:15712533 [2]:97 [3]:364
[0]:128200405 [1]:15733302 [2]:97 [3]:83
[0]:128408886 [1]:15753562 [2]:97 [3]:361
[0]:128617820 [1]:15774140 [2]:97 [3]:102
[0]:128830510 [1]:15794842 [2]:97 [3]:369
[0]:129051050 [1]:15816415 [2]:97 [3]:96
[0]:129304794 [1]:15841243 [2]:97 [3]:81
[0]:129538624 [1]:15863984 [2]:97 [3]:356
[0]:129752127 [1]:15884825 [2]:97 [3]:370
[0]:129956960 [1]:15904841 [2]:97 [3]:362
[0]:130157367 [1]:15924722 [2]:97 [3]:361
[0]:130369698 [1]:15945836 [2]:97 [3]:356
[0]:130569956 [1]:15965679 [2]:97 [3]:371
[0]:130782670 [1]:15986576 [2]:97 [3]:359
[0]:130999690 [1]:16007754 [2]:97 [3]:362
[0]:131232155 [1]:16030436 [2]:97 [3]:87
[0]:131448017 [1]:16051824 [2]:97 [3]:375
[0]:131656617 [1]:16072375 [2]:97 [3]:368
[0]:131861608 [1]:16092261 [2]:97 [3]:363
[0]:132070158 [1]:16112646 [2]:97 [3]:361
[0]:132266108 [1]:16132128 [2]:97 [3]:365
[0]:132483433 [1]:16153346 [2]:97 [3]:361
[0]:132703530 [1]:16174880 [2]:97 [3]:372
[0]:132912838 [1]:16195173 [2]:97 [3]:377
[0]:133125362 [1]:16215980 [2]:97 [3]:366
[0]:133341972 [1]:16237210 [2]:97 [3]:97
[0]:133601985 [1]:16262633 [2]:97 [3]:83
