[0]:1127095234 [1]:758856226 [2]:7 [3]:14
[0]:1128100179 [1]:759371256 [2]:7 [3]:15
[0]:1129090508 [1]:759883814 [2]:7 [3]:11
[0]:1130093612 [1]:760398891 [2]:7 [3]:16
[0]:1131117662 [1]:760925373 [2]:7 [3]:13
[0]:1132084622 [1]:761423389 [2]:7 [3]:14
[0]:1133069033 [1]:761928545 [2]:7 [3]:10
[0]:1134090940 [1]:762452579 [2]:7 [3]:12
[0]:1135040249 [1]:762942432 [2]:7 [3]:13
[0]:1136010110 [1]:763444024 [2]:7 [3]:14
[0]:1136982568 [1]:763943526 [2]:7 [3]:15
[0]:1137980612 [1]:764454440 [2]:7 [3]:14
[0]:1139173380 [1]:765066563 [2]:7 [3]:55
[0]:1140372138 [1]:765686714 [2]:7 [3]:57
[0]:1141543450 [1]:766291577 [2]:7 [3]:11
[0]:1142560272 [1]:766814259 [2]:7 [3]:14
[0]:1143579447 [1]:767341799 [2]:7 [3]:10
[0]:1144766068 [1]:767952958 [2]:7 [3]:51
[0]:1145809129 [1]:768490005 [2]:7 [3]:10
[0]:1146787932 [1]:768992377 [2]:7 [3]:58
[0]:1147808930 [1]:769521408 [2]:7 [3]:49
[0]:1148823299 [1]:770045463 [2]:7 [3]:9
[0]:1149842026 [1]:770572568 [2]:7 [3]:15
[0]:1150840672 [1]:771079300 [2]:7 [3]:15
[0]:1151853128 [1]:771606851 [2]:7 [3]:18
[0]:1152999730 [1]:772196068 [2]:7 [3]:14
[0]:1154016662 [1]:772720560 [2]:7 [3]:13
[0]:1155119327 [1]:773285701 [2]:7 [3]:11
[0]:1156500020 [1]:773996523 [2]:7 [3]:12
[0]:1157819617 [1]:774675534 [2]:7 [3]:33
[0]:1159099937 [1]:775333880 [2]:7 [3]:12
[0]:1160279980 [1]:775940687 [2]:7 [3]:12
[0]:1161406926 [1]:776520240 [2]:7 [3]:16
[0]:1162538593 [1]:777098970 [2]:7 [3]:24
[0]:1163677487 [1]:777678606 [2]:7 [3]:12
[0]:1164816451 [1]:778265358 [2]:7 [3]:13
[0]:1165922427 [1]:778835060 [2]:7 [3]:11
[0]:1167152645 [1]:779462075 [2]:7 [3]:10
[0]:1168363422 [1]:780085036 [2]:7 [3]:17
[0]:1169488195 [1]:780663252 [2]:7 [3]:50
[0]:1170592615 [1]:781234016 [2]:7 [3]:12
[0]:1171725285 [1]:781816806 [2]:7 [3]:13
[0]:1172849525 [1]:782392794 [2]:7 [3]:50
[0]:1173951204 [1]:782957692 [2]:7 [3]:50
[0]:1175127744 [1]:783566797 [2]:7 [3]:18
[0]:1176307693 [1]:784170605 [2]:7 [3]:12
[0]:1177413126 [1]:784741568 [2]:7 [3]:16
[0]:1178559160 [1]:785324951 [2]:7 [3]:15
[0]:1179638332 [1]:785881499 [2]:7 [3]:53
[0]:1180782582 [1]:786465480 [2]:7 [3]:17
[0]:1181747658 [1]:786963599 [2]:7 [3]:52
[0]:1182749478 [1]:787480607 [2]:7 [3]:59
[0]:1183741480 [1]:787989298 [2]:7 [3]:7
[0]:1184742403 [1]:788506676 [2]:7 [3]:12
[0]:1185744604 [1]:789030113 [2]:7 [3]:13
[0]:1186783526 [1]:789562463 [2]:7 [3]:14
[0]:1187772324 [1]:790067445 [2]:7 [3]:59
[0]:1188813240 [1]:790603778 [2]:7 [3]:8
[0]:1189808467 [1]:791116301 [2]:7 [3]:15
[0]:1190836109 [1]:791642719 [2]:7 [3]:57
[0]:1191821998 [1]:792148359 [2]:7 [3]:55
[0]:1192805164 [1]:792650032 [2]:7 [3]:49
[0]:1193804469 [1]:793162883 [2]:7 [3]:12
[0]:1194906234 [1]:793727753 [2]:7 [3]:58
[0]:1196421318 [1]:794507195 [2]:7 [3]:17
[0]:1197560560 [1]:795096646 [2]:7 [3]:13
[0]:1198574715 [1]:795615502 [2]:7 [3]:16
[0]:1199522628 [1]:796103561 [2]:7 [3]:54
[0]:1200524704 [1]:796618197 [2]:7 [3]:60
[0]:1201656264 [1]:797203272 [2]:7 [3]:9
[0]:1202643960 [1]:797709065 [2]:7 [3]:16
[0]:1203597539 [1]:798201164 [2]:7 [3]:7
[0]:1204614017 [1]:798723797 [2]:7 [3]:13
[0]:1205712309 [1]:799291319 [2]:7 [3]:17
[0]:1206692698 [1]:799793443 [2]:7 [3]:10
[0]:1207666865 [1]:800293721 [2]:7 [3]:24
[0]:1208658451 [1]:800802059 [2]:7 [3]:12
[0]:1209657959 [1]:801318600 [2]:7 [3]:14
[0]:1210711753 [1]:801859890 [2]:7 [3]:17
[0]:1212461055 [1]:802762692 [2]:7 [3]:51
[0]:1213748958 [1]:803430265 [2]:7 [3]:10
[0]:1215032899 [1]:804097298 [2]:7 [3]:38
[0]:1216182614 [1]:804684504 [2]:7 [3]:14
[0]:1217542923 [1]:805386582 [2]:7 [3]:52
[0]:1218706014 [1]:805982698 [2]:7 [3]:42
[0]:1219806863 [1]:806544825 [2]:7 [3]:17
[0]:1220952132 [1]:807130729 [2]:7 [3]:15
[0]:1222042045 [1]:807691581 [2]:7 [3]:14
[0]:1223146736 [1]:808256207 [2]:7 [3]:15
[0]:1224213097 [1]:808806427 [2]:7 [3]:48
[0]:1225314524 [1]:809373001 [2]:7 [3]:51
[0]:1226457448 [1]:809964474 [2]:7 [3]:12
[0]:1227655528 [1]:810577158 [2]:7 [3]:18
[0]:1228537755 [1]:811029885 [2]:7 [3]:54
[0]:1228537755 [1]:811029885 [2]:7 [3]:54
