[0]:0 [1]:0 [2]:0 [3]:0
[0]:0 [1]:0 [2]:0 [3]:0
[0]:111764 [1]:0 [2]:0 [3]:325
[0]:339711 [1]:0 [2]:0 [3]:305
[0]:602234 [1]:0 [2]:0 [3]:68
[0]:821896 [1]:0 [2]:0 [3]:61
[0]:1045497 [1]:0 [2]:0 [3]:57
[0]:1244562 [1]:21971 [2]:120 [3]:363
[0]:1465503 [1]:46784 [2]:120 [3]:66
[0]:1664224 [1]:69220 [2]:120 [3]:60
[0]:1906257 [1]:96478 [2]:120 [3]:61
[0]:2106017 [1]:118896 [2]:120 [3]:63
[0]:2315464 [1]:142573 [2]:120 [3]:69
[0]:2510638 [1]:164478 [2]:120 [3]:356
[0]:2709060 [1]:186891 [2]:93 [3]:371
[0]:2907120 [1]:209126 [2]:93 [3]:70
[0]:3122647 [1]:233317 [2]:93 [3]:359
[0]:3320344 [1]:255599 [2]:93 [3]:66
[0]:3515424 [1]:277684 [2]:93 [3]:74
[0]:3712727 [1]:300034 [2]:93 [3]:84
[0]:3910676 [1]:322389 [2]:93 [3]:54
[0]:4113331 [1]:345145 [2]:82 [3]:364
[0]:4326839 [1]:369286 [2]:82 [3]:73
[0]:4517780 [1]:390897 [2]:82 [3]:52
[0]:4713710 [1]:412993 [2]:82 [3]:68
[0]:4903339 [1]:434441 [2]:82 [3]:70
[0]:5101691 [1]:456874 [2]:82 [3]:358
[0]:5296505 [1]:478793 [2]:82 [3]:60
[0]:5524498 [1]:504532 [2]:82 [3]:68
[0]:5712067 [1]:525788 [2]:78 [3]:59
[0]:5938829 [1]:551237 [2]:78 [3]:66
[0]:6139098 [1]:573815 [2]:78 [3]:50
[0]:6344849 [1]:597082 [2]:78 [3]:369
[0]:6539578 [1]:619079 [2]:78 [3]:80
[0]:6741843 [1]:641816 [2]:78 [3]:61
[0]:6936700 [1]:663786 [2]:78 [3]:53
[0]:7127606 [1]:685318 [2]:78 [3]:68
[0]:7329869 [1]:708121 [2]:76 [3]:74
[0]:7528072 [1]:730612 [2]:76 [3]:56
[0]:7728730 [1]:753194 [2]:76 [3]:67
[0]:7929141 [1]:775693 [2]:76 [3]:356
[0]:8120273 [1]:797119 [2]:76 [3]:73
[0]:8311187 [1]:818587 [2]:76 [3]:64
[0]:8504187 [1]:840315 [2]:76 [3]:74
[0]:8707682 [1]:863234 [2]:75 [3]:67
[0]:8925539 [1]:887733 [2]:75 [3]:74
[0]:9111710 [1]:908650 [2]:75 [3]:73
[0]:9311081 [1]:931078 [2]:75 [3]:62
[0]:9498733 [1]:952197 [2]:75 [3]:59
[0]:9698916 [1]:974774 [2]:75 [3]:363
[0]:9895279 [1]:996999 [2]:75 [3]:365
[0]:10105273 [1]:1020673 [2]:75 [3]:62
[0]:10303896 [1]:1042958 [2]:75 [3]:66
[0]:10499878 [1]:1065042 [2]:75 [3]:67
[0]:10693330 [1]:1086784 [2]:75 [3]:66
[0]:10891973 [1]:1109083 [2]:75 [3]:356
[0]:11099037 [1]:1132380 [2]:75 [3]:354
[0]:11289120 [1]:1153840 [2]:75 [3]:72
[0]:11481715 [1]:1175585 [2]:75 [3]:69
[0]:11678548 [1]:1197731 [2]:75 [3]:368
[0]:11878585 [1]:1220486 [2]:75 [3]:71
[0]:12071577 [1]:1242184 [2]:75 [3]:69
[0]:12273559 [1]:1264906 [2]:75 [3]:363
[0]:12472373 [1]:1287357 [2]:75 [3]:59
[0]:12667142 [1]:1309343 [2]:75 [3]:354
[0]:12861486 [1]:1331617 [2]:75 [3]:63
[0]:13062120 [1]:1354273 [2]:75 [3]:359
[0]:13262043 [1]:1376769 [2]:75 [3]:354
[0]:13490100 [1]:1402491 [2]:75 [3]:59
[0]:13703940 [1]:1426665 [2]:75 [3]:356
[0]:13902286 [1]:1449067 [2]:75 [3]:349
[0]:14097130 [1]:1471004 [2]:75 [3]:373
[0]:14303294 [1]:1494107 [2]:75 [3]:75
