[0]:1010381128 [1]:689538899 [2]:7 [3]:12
[0]:1011597790 [1]:690445206 [2]:7 [3]:20
[0]:1012783700 [1]:691497566 [2]:7 [3]:19
[0]:1014017562 [1]:692590282 [2]:7 [3]:15
[0]:1015300315 [1]:693726904 [2]:7 [3]:16
[0]:1016437246 [1]:694734870 [2]:7 [3]:14
[0]:1017543515 [1]:695713698 [2]:7 [3]:15
[0]:1018651126 [1]:696690843 [2]:7 [3]:21
[0]:1019771978 [1]:697682703 [2]:7 [3]:18
[0]:1020812652 [1]:698602337 [2]:7 [3]:17
[0]:1021915733 [1]:699579466 [2]:7 [3]:15
[0]:1022995929 [1]:700537721 [2]:7 [3]:58
[0]:1024123777 [1]:701537407 [2]:7 [3]:18
[0]:1025583603 [1]:702828389 [2]:7 [3]:9
[0]:1026710315 [1]:703827612 [2]:7 [3]:16
[0]:1028000232 [1]:704973144 [2]:7 [3]:15
[0]:1029095480 [1]:705944698 [2]:7 [3]:19
[0]:1030504321 [1]:707194610 [2]:7 [3]:19
[0]:1031761591 [1]:708303480 [2]:7 [3]:21
[0]:1033598929 [1]:709936806 [2]:7 [3]:13
[0]:1034926592 [1]:711114142 [2]:7 [3]:18
[0]:1036213328 [1]:712253859 [2]:7 [3]:19
[0]:1037462297 [1]:713363171 [2]:7 [3]:17
[0]:1038700137 [1]:714459907 [2]:7 [3]:18
[0]:1039908698 [1]:715532895 [2]:7 [3]:56
[0]:1041134893 [1]:716614438 [2]:7 [3]:17
[0]:1042327697 [1]:717670001 [2]:7 [3]:20
[0]:1043560667 [1]:718763885 [2]:7 [3]:18
[0]:1044841180 [1]:719895163 [2]:7 [3]:14
[0]:1046051818 [1]:720966588 [2]:7 [3]:13
[0]:1047575107 [1]:722312709 [2]:7 [3]:55
[0]:1048858464 [1]:723443517 [2]:7 [3]:15
[0]:1050066075 [1]:724515503 [2]:7 [3]:15
[0]:1051313237 [1]:725615950 [2]:7 [3]:20
[0]:1052532420 [1]:726697337 [2]:7 [3]:24
[0]:1053740871 [1]:727766504 [2]:7 [3]:19
[0]:1055002008 [1]:728880405 [2]:7 [3]:57
[0]:1056327278 [1]:730055707 [2]:7 [3]:22
[0]:1057559349 [1]:731146151 [2]:7 [3]:18
[0]:1058795068 [1]:732246587 [2]:7 [3]:13
[0]:1060030346 [1]:733337548 [2]:7 [3]:57
[0]:1061263130 [1]:734432729 [2]:7 [3]:16
[0]:1062490638 [1]:735513463 [2]:7 [3]:16
[0]:1063707388 [1]:736591443 [2]:7 [3]:54
[0]:1064913621 [1]:737661132 [2]:7 [3]:23
[0]:1066152298 [1]:738752788 [2]:7 [3]:19
[0]:1067374908 [1]:739837826 [2]:7 [3]:20
[0]:1068589238 [1]:740915672 [2]:7 [3]:17
[0]:1069876561 [1]:742052823 [2]:7 [3]:17
[0]:1071230168 [1]:743253752 [2]:7 [3]:10
[0]:1072522987 [1]:744398996 [2]:7 [3]:18
[0]:1073795712 [1]:745520678 [2]:7 [3]:16
[0]:1075077714 [1]:746660786 [2]:7 [3]:9
[0]:1076335049 [1]:747774587 [2]:7 [3]:13
[0]:1077561659 [1]:748862336 [2]:7 [3]:14
[0]:1078676940 [1]:749846059 [2]:7 [3]:50
[0]:1079789809 [1]:750832221 [2]:7 [3]:54
[0]:1080893650 [1]:751807370 [2]:7 [3]:23
[0]:1082019178 [1]:752803122 [2]:7 [3]:15
[0]:1083104341 [1]:753760222 [2]:7 [3]:18
[0]:1084244535 [1]:754766623 [2]:7 [3]:19
[0]:1085332742 [1]:755732169 [2]:7 [3]:17
[0]:1086397131 [1]:756672723 [2]:7 [3]:18
[0]:1087527750 [1]:757681046 [2]:7 [3]:15
[0]:1088611082 [1]:758636187 [2]:7 [3]:17
[0]:1089750242 [1]:759653466 [2]:7 [3]:56
[0]:1090798900 [1]:760581150 [2]:7 [3]:10
[0]:1091871692 [1]:761526901 [2]:7 [3]:15
[0]:1093295859 [1]:762781480 [2]:7 [3]:12
[0]:1094755842 [1]:764071564 [2]:7 [3]:53
[0]:1096138691 [1]:765298008 [2]:7 [3]:19
[0]:1097906113 [1]:766863603 [2]:7 [3]:56
[0]:1099187939 [1]:767997690 [2]:7 [3]:18
[0]:1100422003 [1]:769095663 [2]:7 [3]:14
[0]:1101654520 [1]:770182493 [2]:7 [3]:14
[0]:1102888908 [1]:771273852 [2]:7 [3]:15
[0]:1104100319 [1]:772350436 [2]:7 [3]:13
[0]:1105332905 [1]:773443030 [2]:7 [3]:16
[0]:1106516263 [1]:774493710 [2]:7 [3]:17
