[0]:0 [1]:0 [2]:0 [3]:0
[0]:0 [1]:0 [2]:0 [3]:0
[0]:0 [1]:0 [2]:0 [3]:0
[0]:0 [1]:0 [2]:0 [3]:0
[0]:0 [1]:0 [2]:0 [3]:0
[0]:1839962 [1]:0 [2]:0 [3]:9
[0]:3645640 [1]:0 [2]:0 [3]:28
[0]:5543776 [1]:0 [2]:0 [3]:13
[0]:7277248 [1]:0 [2]:0 [3]:11
[0]:8927444 [1]:0 [2]:0 [3]:10
[0]:10550820 [1]:0 [2]:0 [3]:11
[0]:12248726 [1]:0 [2]:0 [3]:9
[0]:13990381 [1]:0 [2]:0 [3]:28
[0]:15599151 [1]:0 [2]:0 [3]:7
[0]:17316016 [1]:272809 [2]:7 [3]:56
[0]:18516218 [1]:885610 [2]:7 [3]:10
[0]:19704139 [1]:1489255 [2]:7 [3]:13
[0]:20696377 [1]:2003608 [2]:7 [3]:49
[0]:21708745 [1]:2521220 [2]:7 [3]:50
[0]:22735373 [1]:3044095 [2]:7 [3]:13
[0]:23737994 [1]:3556030 [2]:7 [3]:17
[0]:24731732 [1]:4067112 [2]:7 [3]:14
[0]:25751842 [1]:4589988 [2]:7 [3]:10
[0]:26754131 [1]:5102228 [2]:7 [3]:17
[0]:27878513 [1]:5679932 [2]:7 [3]:17
[0]:28904796 [1]:6207713 [2]:7 [3]:13
[0]:29906757 [1]:6720300 [2]:7 [3]:14
[0]:30921684 [1]:7236641 [2]:7 [3]:8
[0]:31921528 [1]:7748227 [2]:7 [3]:12
[0]:32908879 [1]:8254125 [2]:7 [3]:42
[0]:33953281 [1]:8788290 [2]:7 [3]:14
[0]:35062232 [1]:9352257 [2]:7 [3]:51
[0]:36320519 [1]:9994431 [2]:7 [3]:10
[0]:37464488 [1]:10580242 [2]:7 [3]:16
[0]:38579831 [1]:11151777 [2]:7 [3]:56
[0]:39991404 [1]:11877853 [2]:7 [3]:9
[0]:41146598 [1]:12471208 [2]:7 [3]:17
[0]:42255877 [1]:13040882 [2]:7 [3]:15
[0]:43461562 [1]:13658347 [2]:7 [3]:9
[0]:44601350 [1]:14242562 [2]:7 [3]:15
[0]:45754744 [1]:14829491 [2]:7 [3]:50
[0]:46957745 [1]:15447052 [2]:7 [3]:12
[0]:48066271 [1]:16010361 [2]:7 [3]:52
[0]:49192393 [1]:16586032 [2]:7 [3]:18
[0]:50352549 [1]:17179047 [2]:7 [3]:50
[0]:51561464 [1]:17797940 [2]:7 [3]:50
[0]:52676839 [1]:18364165 [2]:7 [3]:13
[0]:53759055 [1]:18917264 [2]:7 [3]:14
[0]:54855951 [1]:19484059 [2]:7 [3]:50
[0]:55982061 [1]:20062896 [2]:7 [3]:12
[0]:57164345 [1]:20664354 [2]:7 [3]:15
[0]:58240193 [1]:21207498 [2]:7 [3]:12
[0]:59267399 [1]:21736244 [2]:7 [3]:8
[0]:60292982 [1]:22255115 [2]:7 [3]:11
[0]:61334736 [1]:22785338 [2]:7 [3]:6
[0]:62336911 [1]:23299909 [2]:7 [3]:9
[0]:63366308 [1]:23828656 [2]:7 [3]:16
[0]:64387566 [1]:24350527 [2]:7 [3]:45
[0]:65381579 [1]:24857934 [2]:7 [3]:55
[0]:66732891 [1]:25549742 [2]:7 [3]:11
[0]:67696846 [1]:26043535 [2]:7 [3]:51
[0]:68721304 [1]:26566577 [2]:7 [3]:55
[0]:69740330 [1]:27087227 [2]:7 [3]:54
[0]:70749320 [1]:27608010 [2]:7 [3]:9
[0]:71823696 [1]:28158306 [2]:7 [3]:10
[0]:72980672 [1]:28751434 [2]:7 [3]:13
[0]:74268815 [1]:29410866 [2]:7 [3]:18
[0]:75471240 [1]:30025172 [2]:7 [3]:53
[0]:76529325 [1]:30568426 [2]:7 [3]:8
[0]:77526992 [1]:31077609 [2]:7 [3]:21
[0]:78800571 [1]:31728367 [2]:7 [3]:10
[0]:79808412 [1]:32243155 [2]:7 [3]:51
[0]:80980401 [1]:32841916 [2]:7 [3]:10
[0]:81989977 [1]:33354733 [2]:7 [3]:14
[0]:82991744 [1]:33867556 [2]:7 [3]:22
[0]:84000280 [1]:34383866 [2]:7 [3]:12
[0]:85033428 [1]:34912236 [2]:7 [3]:14
[0]:86090167 [1]:35453765 [2]:7 [3]:49
[0]:87082243 [1]:35960532 [2]:7 [3]:7
[0]:88083507 [1]:36476452 [2]:7 [3]:16
[0]:89078456 [1]:36986709 [2]:7 [3]:50
[0]:90076341 [1]:37499442 [2]:7 [3]:55
[0]:91210879 [1]:38082911 [2]:7 [3]:10
[0]:92522501 [1]:38754896 [2]:7 [3]:13
[0]:93829326 [1]:39424077 [2]:7 [3]:11
[0]:94990814 [1]:40017835 [2]:7 [3]:55
[0]:96210349 [1]:40646395 [2]:7 [3]:8
[0]:97333734 [1]:41219537 [2]:7 [3]:49
[0]:98493978 [1]:41816438 [2]:7 [3]:13
[0]:99616700 [1]:42391853 [2]:7 [3]:14
[0]:100769698 [1]:42977558 [2]:7 [3]:56
[0]:101881910 [1]:43542489 [2]:7 [3]:60
[0]:103011986 [1]:44121592 [2]:7 [3]:56
[0]:104129657 [1]:44691890 [2]:7 [3]:9
[0]:105236588 [1]:45261879 [2]:7 [3]:52
[0]:106350355 [1]:45829499 [2]:7 [3]:12
[0]:107491974 [1]:46407703 [2]:7 [3]:14
[0]:108625715 [1]:46986825 [2]:7 [3]:12
[0]:109710318 [1]:47545384 [2]:7 [3]:16
[0]:110800163 [1]:48103428 [2]:7 [3]:17
[0]:111982069 [1]:48707319 [2]:7 [3]:54
[0]:113080182 [1]:49270071 [2]:7 [3]:50
[0]:114189392 [1]:49834263 [2]:7 [3]:10
[0]:115191019 [1]:50350511 [2]:7 [3]:13
[0]:116211713 [1]:50873966 [2]:7 [3]:52
[0]:117166428 [1]:51361055 [2]:7 [3]:13
[0]:118192843 [1]:51880383 [2]:7 [3]:11
[0]:119447638 [1]:52523029 [2]:7 [3]:55
[0]:120465273 [1]:53043066 [2]:7 [3]:10
[0]:121490517 [1]:53569177 [2]:7 [3]:15
[0]:122493358 [1]:54086674 [2]:7 [3]:12
[0]:123530286 [1]:54608554 [2]:7 [3]:10
[0]:124536545 [1]:55120939 [2]:7 [3]:13
[0]:125540072 [1]:55636376 [2]:7 [3]:16
[0]:126584145 [1]:56171365 [2]:7 [3]:13
[0]:127561003 [1]:56672583 [2]:7 [3]:14
[0]:128611661 [1]:57208103 [2]:7 [3]:16
[0]:129795417 [1]:57818529 [2]:7 [3]:12
[0]:131009295 [1]:58431401 [2]:7 [3]:13
[0]:132404359 [1]:59144864 [2]:7 [3]:15
[0]:133419145 [1]:59665735 [2]:7 [3]:9
[0]:134410808 [1]:60176463 [2]:7 [3]:53
[0]:135454688 [1]:60712258 [2]:7 [3]:15
[0]:136500771 [1]:61252682 [2]:7 [3]:12
[0]:137538169 [1]:61781879 [2]:7 [3]:12
[0]:138518521 [1]:62282374 [2]:7 [3]:10
[0]:139514238 [1]:62793091 [2]:7 [3]:15
[0]:140534367 [1]:63317622 [2]:7 [3]:10
[0]:141533321 [1]:63826308 [2]:7 [3]:13
[0]:142610001 [1]:64372400 [2]:7 [3]:10
[0]:143612434 [1]:64886735 [2]:7 [3]:11
[0]:144605441 [1]:65391925 [2]:7 [3]:15
[0]:145608276 [1]:65900824 [2]:7 [3]:11
[0]:146611167 [1]:66408316 [2]:7 [3]:49
[0]:147914329 [1]:67076044 [2]:7 [3]:12
[0]:149268634 [1]:67769602 [2]:7 [3]:13
[0]:150462008 [1]:68377777 [2]:7 [3]:53
[0]:151601887 [1]:68959228 [2]:7 [3]:15
[0]:153140899 [1]:69746740 [2]:7 [3]:9
[0]:154242051 [1]:70310694 [2]:7 [3]:10
[0]:155398128 [1]:70902685 [2]:7 [3]:17
[0]:156562962 [1]:71497766 [2]:7 [3]:16
[0]:157709672 [1]:72086158 [2]:7 [3]:16
[0]:158880259 [1]:72686744 [2]:7 [3]:14
[0]:160049975 [1]:73282588 [2]:7 [3]:14
[0]:161202652 [1]:73867168 [2]:7 [3]:29
[0]:162355841 [1]:74458014 [2]:7 [3]:13
[0]:163526432 [1]:75059148 [2]:7 [3]:8
[0]:164663128 [1]:75642920 [2]:7 [3]:51
[0]:165768234 [1]:76208344 [2]:7 [3]:10
[0]:166906792 [1]:76788504 [2]:7 [3]:9
[0]:167986903 [1]:77339204 [2]:7 [3]:52
[0]:169126002 [1]:77918612 [2]:7 [3]:9
[0]:170212300 [1]:78473933 [2]:7 [3]:13
[0]:171211258 [1]:78993277 [2]:7 [3]:10
[0]:172257344 [1]:79529749 [2]:7 [3]:53
[0]:173260408 [1]:80040996 [2]:7 [3]:60
[0]:174284680 [1]:80566182 [2]:7 [3]:12
[0]:175311937 [1]:81097073 [2]:7 [3]:11
[0]:176462650 [1]:81684329 [2]:7 [3]:13
[0]:177501421 [1]:82215924 [2]:7 [3]:15
[0]:178492080 [1]:82725764 [2]:7 [3]:11
[0]:179495809 [1]:83239663 [2]:7 [3]:18
[0]:180541646 [1]:83772190 [2]:7 [3]:8
[0]:181597571 [1]:84315897 [2]:7 [3]:14
[0]:182559794 [1]:84807499 [2]:7 [3]:14
[0]:183545054 [1]:85309469 [2]:7 [3]:53
[0]:184551854 [1]:85822035 [2]:7 [3]:57
[0]:185673287 [1]:86396844 [2]:7 [3]:17
[0]:186951052 [1]:87049414 [2]:7 [3]:11
[0]:188201202 [1]:87686863 [2]:7 [3]:51
[0]:189262681 [1]:88230290 [2]:7 [3]:52
[0]:190568600 [1]:88896515 [2]:7 [3]:55
[0]:191540722 [1]:89391969 [2]:7 [3]:13
[0]:192563561 [1]:89917164 [2]:7 [3]:8
[0]:193616133 [1]:90456012 [2]:7 [3]:38
[0]:194639083 [1]:90977217 [2]:7 [3]:13
[0]:195708010 [1]:91524087 [2]:7 [3]:56
[0]:196717171 [1]:92044703 [2]:7 [3]:12
[0]:197745591 [1]:92571030 [2]:7 [3]:54
[0]:198761070 [1]:93091789 [2]:7 [3]:14
[0]:199760822 [1]:93599453 [2]:7 [3]:15
[0]:200773678 [1]:94117126 [2]:7 [3]:10
[0]:201798454 [1]:94639862 [2]:7 [3]:14
[0]:202850804 [1]:95181544 [2]:7 [3]:8
[0]:204058560 [1]:95795047 [2]:7 [3]:16
[0]:205331029 [1]:96445631 [2]:7 [3]:50
[0]:206520199 [1]:97056939 [2]:7 [3]:57
[0]:207673827 [1]:97646323 [2]:7 [3]:14
[0]:208859425 [1]:98253064 [2]:7 [3]:48
[0]:209989296 [1]:98829448 [2]:7 [3]:12
[0]:211165374 [1]:99431200 [2]:7 [3]:19
[0]:212276494 [1]:100002693 [2]:7 [3]:10
[0]:213432931 [1]:100595481 [2]:7 [3]:10
[0]:214641258 [1]:101209891 [2]:7 [3]:9
[0]:215848240 [1]:101826680 [2]:7 [3]:12
[0]:216976240 [1]:102407312 [2]:7 [3]:53
[0]:218133668 [1]:102999407 [2]:7 [3]:51
[0]:219290965 [1]:103591977 [2]:7 [3]:13
[0]:220451499 [1]:104186124 [2]:7 [3]:13
[0]:221634343 [1]:104789255 [2]:7 [3]:10
[0]:222817122 [1]:105394811 [2]:7 [3]:16
[0]:223965502 [1]:105980499 [2]:7 [3]:13
[0]:225142178 [1]:106585548 [2]:7 [3]:55
[0]:226308792 [1]:107183133 [2]:7 [3]:12
[0]:227328320 [1]:107703168 [2]:7 [3]:52
[0]:228301915 [1]:108201513 [2]:7 [3]:10
[0]:229329440 [1]:108720475 [2]:7 [3]:13
[0]:230363415 [1]:109246180 [2]:7 [3]:15
[0]:231371977 [1]:109761780 [2]:7 [3]:15
[0]:232405521 [1]:110286626 [2]:7 [3]:15
[0]:233408007 [1]:110802914 [2]:7 [3]:15
[0]:234430509 [1]:111320262 [2]:7 [3]:13
[0]:235472865 [1]:111853135 [2]:7 [3]:12
[0]:236485049 [1]:112364316 [2]:7 [3]:11
[0]:237520134 [1]:112893390 [2]:7 [3]:9
[0]:238546377 [1]:113421591 [2]:7 [3]:18
[0]:239550948 [1]:113937415 [2]:7 [3]:56
[0]:240671568 [1]:114505670 [2]:7 [3]:10
[0]:241926909 [1]:115142537 [2]:7 [3]:15
[0]:243162534 [1]:115781713 [2]:7 [3]:18
[0]:244318125 [1]:116371896 [2]:7 [3]:15
[0]:245396620 [1]:116919272 [2]:7 [3]:7
[0]:246430481 [1]:117449617 [2]:7 [3]:20
[0]:247439297 [1]:117962766 [2]:7 [3]:14
[0]:248505080 [1]:118510824 [2]:7 [3]:49
[0]:249517485 [1]:119031603 [2]:7 [3]:11
[0]:250541693 [1]:119558489 [2]:7 [3]:14
[0]:251533143 [1]:120065859 [2]:7 [3]:11
[0]:252518840 [1]:120570791 [2]:7 [3]:10
[0]:253513509 [1]:121077331 [2]:7 [3]:15
[0]:254527006 [1]:121596288 [2]:7 [3]:46
[0]:255580010 [1]:122129578 [2]:7 [3]:13
[0]:256611311 [1]:122660660 [2]:7 [3]:11
[0]:257676420 [1]:123206423 [2]:7 [3]:11
[0]:258865438 [1]:123812021 [2]:7 [3]:50
[0]:260106378 [1]:124451361 [2]:7 [3]:50
[0]:261403089 [1]:125115293 [2]:7 [3]:53
[0]:262667374 [1]:125761330 [2]:7 [3]:9
[0]:263865575 [1]:126380664 [2]:7 [3]:13
[0]:265023438 [1]:126975795 [2]:7 [3]:52
[0]:266182986 [1]:127565938 [2]:7 [3]:12
[0]:267329164 [1]:128155358 [2]:7 [3]:16
[0]:268418330 [1]:128711661 [2]:7 [3]:53
[0]:269562751 [1]:129296516 [2]:7 [3]:50
[0]:270676699 [1]:129865209 [2]:7 [3]:13
[0]:271884963 [1]:130483545 [2]:7 [3]:12
[0]:273050835 [1]:131082187 [2]:7 [3]:52
[0]:274214134 [1]:131677762 [2]:7 [3]:54
[0]:275380098 [1]:132268149 [2]:7 [3]:11
[0]:276537251 [1]:132863567 [2]:7 [3]:13
[0]:277671089 [1]:133444204 [2]:7 [3]:9
[0]:278795538 [1]:134019681 [2]:7 [3]:52
[0]:279929156 [1]:134595724 [2]:7 [3]:14
[0]:281159749 [1]:135220083 [2]:7 [3]:13
[0]:282272141 [1]:135788358 [2]:7 [3]:15
[0]:283363989 [1]:136343224 [2]:7 [3]:9
[0]:284396230 [1]:136868816 [2]:7 [3]:48
[0]:285449251 [1]:137413745 [2]:7 [3]:14
[0]:286528098 [1]:137965586 [2]:7 [3]:51
[0]:287547498 [1]:138491172 [2]:7 [3]:13
[0]:288588329 [1]:139018875 [2]:7 [3]:49
[0]:289591227 [1]:139530587 [2]:7 [3]:21
[0]:290586862 [1]:140040086 [2]:7 [3]:11
[0]:291589039 [1]:140551094 [2]:7 [3]:57
[0]:292583851 [1]:141056730 [2]:7 [3]:54
[0]:293627319 [1]:141591567 [2]:7 [3]:14
[0]:294708534 [1]:142142841 [2]:7 [3]:10
[0]:295710753 [1]:142658722 [2]:7 [3]:56
[0]:296669282 [1]:143150796 [2]:7 [3]:59
[0]:297709337 [1]:143680578 [2]:7 [3]:17
[0]:299078919 [1]:144375673 [2]:7 [3]:9
[0]:300316600 [1]:145010798 [2]:7 [3]:56
[0]:301421509 [1]:145575360 [2]:7 [3]:13
[0]:302448162 [1]:146099728 [2]:7 [3]:15
[0]:303492497 [1]:146633077 [2]:7 [3]:19
[0]:304471049 [1]:147134792 [2]:7 [3]:50
[0]:305477130 [1]:147649508 [2]:7 [3]:14
[0]:306491324 [1]:148168788 [2]:7 [3]:13
[0]:307492646 [1]:148680331 [2]:7 [3]:13
[0]:308528311 [1]:149207303 [2]:7 [3]:11
[0]:309499865 [1]:149707901 [2]:7 [3]:14
[0]:310503542 [1]:150218983 [2]:7 [3]:16
[0]:311505615 [1]:150731137 [2]:7 [3]:52
[0]:312558226 [1]:151272666 [2]:7 [3]:14
[0]:313612841 [1]:151815188 [2]:7 [3]:13
[0]:314630964 [1]:152332274 [2]:7 [3]:11
[0]:315709712 [1]:152882469 [2]:7 [3]:8
[0]:316946275 [1]:153514957 [2]:7 [3]:11
[0]:318242549 [1]:154182400 [2]:7 [3]:15
[0]:319547128 [1]:154848713 [2]:7 [3]:52
[0]:320815299 [1]:155497152 [2]:7 [3]:9
[0]:322132276 [1]:156168643 [2]:7 [3]:14
[0]:323421113 [1]:156827789 [2]:7 [3]:51
[0]:324603541 [1]:157432643 [2]:7 [3]:13
[0]:325712858 [1]:158002357 [2]:7 [3]:9
[0]:326855443 [1]:158586681 [2]:7 [3]:14
[0]:328045951 [1]:159198955 [2]:7 [3]:11
[0]:329170552 [1]:159774996 [2]:7 [3]:55
[0]:330306906 [1]:160356557 [2]:7 [3]:10
[0]:331415502 [1]:160918871 [2]:7 [3]:15
[0]:332493605 [1]:161470213 [2]:7 [3]:9
[0]:333679159 [1]:162077230 [2]:7 [3]:14
[0]:335180220 [1]:162844863 [2]:7 [3]:13
[0]:336301184 [1]:163412863 [2]:7 [3]:54
[0]:337508376 [1]:164035780 [2]:7 [3]:50
[0]:338588874 [1]:164591980 [2]:7 [3]:11
[0]:339605954 [1]:165111824 [2]:7 [3]:13
[0]:340689104 [1]:165664011 [2]:7 [3]:15
[0]:341676941 [1]:166168179 [2]:7 [3]:11
[0]:342653498 [1]:166668730 [2]:7 [3]:12
[0]:343902503 [1]:167310441 [2]:7 [3]:15
[0]:344902241 [1]:167822619 [2]:7 [3]:10
[0]:346082472 [1]:168428531 [2]:7 [3]:16
[0]:347067437 [1]:168934586 [2]:7 [3]:8
[0]:348097533 [1]:169462057 [2]:7 [3]:14
[0]:349097451 [1]:169974022 [2]:7 [3]:60
[0]:350111041 [1]:170488598 [2]:7 [3]:12
[0]:351130301 [1]:171007686 [2]:7 [3]:12
[0]:352172216 [1]:171545599 [2]:7 [3]:8
[0]:353461072 [1]:172205794 [2]:7 [3]:52
[0]:354595497 [1]:172785724 [2]:7 [3]:10
[0]:355826373 [1]:173407701 [2]:7 [3]:11
[0]:356890266 [1]:173954769 [2]:7 [3]:13
[0]:357908529 [1]:174471533 [2]:7 [3]:14
[0]:358932070 [1]:174996019 [2]:7 [3]:17
[0]:359945195 [1]:175519389 [2]:7 [3]:11
[0]:360930852 [1]:176023640 [2]:7 [3]:16
[0]:361934252 [1]:176540738 [2]:7 [3]:48
[0]:362929392 [1]:177053279 [2]:7 [3]:20
[0]:364015129 [1]:177610242 [2]:7 [3]:20
[0]:365048079 [1]:178135507 [2]:7 [3]:13
[0]:366060351 [1]:178651261 [2]:7 [3]:12
[0]:367111736 [1]:179186488 [2]:7 [3]:14
[0]:368133306 [1]:179712207 [2]:7 [3]:10
[0]:369141887 [1]:180226454 [2]:7 [3]:53
[0]:370158448 [1]:180745571 [2]:7 [3]:16
[0]:371175755 [1]:181265993 [2]:7 [3]:15
[0]:372418621 [1]:181902659 [2]:7 [3]:19
[0]:373948200 [1]:182685654 [2]:7 [3]:11
[0]:375246940 [1]:183349756 [2]:7 [3]:19
[0]:376442578 [1]:183964090 [2]:7 [3]:8
[0]:377560487 [1]:184531564 [2]:7 [3]:14
[0]:378665816 [1]:185095448 [2]:7 [3]:51
[0]:379776043 [1]:185664172 [2]:7 [3]:49
[0]:380924998 [1]:186253089 [2]:7 [3]:50
[0]:382089217 [1]:186850806 [2]:7 [3]:10
[0]:383192787 [1]:187414801 [2]:7 [3]:25
