[0]:80571913 [1]:10336474 [2]:105 [3]:366
[0]:80764722 [1]:10381089 [2]:105 [3]:365
[0]:80955537 [1]:10425200 [2]:105 [3]:56
[0]:81153819 [1]:10471020 [2]:105 [3]:58
[0]:81357358 [1]:10517965 [2]:109 [3]:363
[0]:81553595 [1]:10563341 [2]:109 [3]:367
[0]:81748945 [1]:10608438 [2]:109 [3]:57
[0]:81937803 [1]:10652040 [2]:109 [3]:364
[0]:82143160 [1]:10699545 [2]:109 [3]:364
[0]:82339855 [1]:10744906 [2]:109 [3]:361
[0]:82531554 [1]:10789179 [2]:109 [3]:60
[0]:82747974 [1]:10839157 [2]:109 [3]:360
[0]:82973501 [1]:10891254 [2]:109 [3]:63
[0]:83165758 [1]:10935637 [2]:109 [3]:356
[0]:83419494 [1]:10994239 [2]:109 [3]:362
[0]:83618733 [1]:11040258 [2]:109 [3]:366
[0]:83815291 [1]:11085693 [2]:109 [3]:356
[0]:84013175 [1]:11131389 [2]:109 [3]:363
[0]:84225257 [1]:11180308 [2]:109 [3]:62
[0]:84422850 [1]:11225983 [2]:109 [3]:60
[0]:84628864 [1]:11273634 [2]:109 [3]:358
[0]:84859244 [1]:11326872 [2]:109 [3]:360
[0]:85053362 [1]:11371740 [2]:109 [3]:360
[0]:85256080 [1]:11418455 [2]:109 [3]:360
[0]:85449803 [1]:11463236 [2]:109 [3]:363
[0]:85644260 [1]:11508203 [2]:109 [3]:356
[0]:85849276 [1]:11555627 [2]:109 [3]:352
[0]:86080935 [1]:11609121 [2]:109 [3]:359
[0]:86271058 [1]:11653035 [2]:109 [3]:358
[0]:86469106 [1]:11698846 [2]:109 [3]:362
[0]:86689243 [1]:11749699 [2]:109 [3]:364
[0]:86960617 [1]:11812289 [2]:114 [3]:366
[0]:87154653 [1]:11857113 [2]:114 [3]:355
[0]:87349908 [1]:11902224 [2]:114 [3]:364
[0]:87551601 [1]:11948867 [2]:114 [3]:361
[0]:87745501 [1]:11993738 [2]:114 [3]:359
[0]:87935904 [1]:12037632 [2]:114 [3]:363
[0]:88133545 [1]:12083311 [2]:114 [3]:358
[0]:88338800 [1]:12130750 [2]:114 [3]:64
[0]:88540825 [1]:12177379 [2]:114 [3]:56
[0]:88762826 [1]:12228684 [2]:114 [3]:359
[0]:88953692 [1]:12272748 [2]:114 [3]:358
[0]:89167595 [1]:12322191 [2]:114 [3]:367
[0]:89366948 [1]:12368269 [2]:114 [3]:364
[0]:89559432 [1]:12412782 [2]:114 [3]:357
[0]:89754204 [1]:12457678 [2]:114 [3]:352
[0]:89955286 [1]:12504199 [2]:114 [3]:354
[0]:90145279 [1]:12548064 [2]:114 [3]:360
[0]:90342549 [1]:12593628 [2]:114 [3]:358
[0]:90551207 [1]:12641845 [2]:114 [3]:360
[0]:90781035 [1]:12694865 [2]:114 [3]:57
[0]:91001396 [1]:12745797 [2]:114 [3]:363
[0]:91209192 [1]:12793833 [2]:114 [3]:366
[0]:91429471 [1]:12844752 [2]:114 [3]:357
[0]:91623475 [1]:12889537 [2]:114 [3]:369
[0]:91817689 [1]:12934442 [2]:114 [3]:55
[0]:92011652 [1]:12979248 [2]:114 [3]:365
[0]:92207210 [1]:13024480 [2]:114 [3]:358
[0]:92422065 [1]:13074138 [2]:118 [3]:370
[0]:92642277 [1]:13124934 [2]:118 [3]:58
[0]:92839498 [1]:13170500 [2]:118 [3]:363
[0]:93032395 [1]:13215118 [2]:118 [3]:368
[0]:93224768 [1]:13259556 [2]:118 [3]:60
[0]:93410684 [1]:13302508 [2]:118 [3]:59
[0]:93608419 [1]:13348137 [2]:118 [3]:60
[0]:93808149 [1]:13394307 [2]:118 [3]:350
[0]:94008512 [1]:13440707 [2]:118 [3]:365
[0]:94202586 [1]:13485545 [2]:118 [3]:361
[0]:94403761 [1]:13532020 [2]:118 [3]:362
[0]:94613080 [1]:13580379 [2]:118 [3]:362
[0]:94812632 [1]:13626515 [2]:118 [3]:54
[0]:95068950 [1]:13685762 [2]:118 [3]:365
[0]:95262957 [1]:13730615 [2]:118 [3]:366
[0]:95458779 [1]:13775803 [2]:118 [3]:364
[0]:95669446 [1]:13824457 [2]:118 [3]:369
[0]:95870989 [1]:13871072 [2]:118 [3]:358
[0]:96090650 [1]:13921803 [2]:118 [3]:361
[0]:96276933 [1]:13964807 [2]:118 [3]:359
[0]:96467609 [1]:14008857 [2]:118 [3]:364
[0]:96658517 [1]:14053006 [2]:118 [3]:358
[0]:96860139 [1]:14099639 [2]:118 [3]:362
[0]:97102754 [1]:14155703 [2]:118 [3]:350
[0]:97296601 [1]:14200509 [2]:118 [3]:367
[0]:97490598 [1]:14245391 [2]:118 [3]:359
[0]:97683918 [1]:14290049 [2]:118 [3]:365
[0]:97873096 [1]:14333853 [2]:118 [3]:356
[0]:98084155 [1]:14382666 [2]:122 [3]:359
[0]:98285793 [1]:14429205 [2]:122 [3]:359
[0]:98483752 [1]:14474959 [2]:122 [3]:362
[0]:98677654 [1]:14519767 [2]:122 [3]:362
[0]:98871717 [1]:14564631 [2]:122 [3]:364
[0]:99071225 [1]:14610607 [2]:122 [3]:352
[0]:99270039 [1]:14656609 [2]:122 [3]:362
[0]:99466123 [1]:14701936 [2]:122 [3]:364
[0]:99666472 [1]:14748225 [2]:122 [3]:365
[0]:99871822 [1]:14795663 [2]:122 [3]:363
[0]:100081154 [1]:14843934 [2]:122 [3]:56
[0]:100282693 [1]:14890473 [2]:122 [3]:365
[0]:100473609 [1]:14934505 [2]:122 [3]:357
[0]:100670814 [1]:14979960 [2]:122 [3]:362
[0]:100864947 [1]:15024871 [2]:122 [3]:360
[0]:101062818 [1]:15070499 [2]:122 [3]:356
[0]:101256785 [1]:15115279 [2]:122 [3]:363
[0]:101450888 [1]:15160128 [2]:122 [3]:360
[0]:101645079 [1]:15205031 [2]:122 [3]:362
[0]:101838947 [1]:15249854 [2]:122 [3]:360
[0]:102040110 [1]:15296274 [2]:122 [3]:364
[0]:102242127 [1]:15342934 [2]:122 [3]:362
[0]:102447432 [1]:15390387 [2]:122 [3]:365
[0]:102645359 [1]:15436150 [2]:122 [3]:359
[0]:102831938 [1]:15479207 [2]:122 [3]:355
[0]:103029705 [1]:15524957 [2]:122 [3]:358
[0]:103231224 [1]:15571511 [2]:122 [3]:361
[0]:103428815 [1]:15617158 [2]:122 [3]:360
[0]:103665815 [1]:15671926 [2]:125 [3]:358
[0]:103854404 [1]:15715466 [2]:125 [3]:62
[0]:104048540 [1]:15760328 [2]:125 [3]:361
[0]:104246367 [1]:15806087 [2]:125 [3]:362
[0]:104444202 [1]:15851827 [2]:125 [3]:361
[0]:104645716 [1]:15898373 [2]:125 [3]:366
[0]:104847243 [1]:15944923 [2]:125 [3]:362
[0]:105111229 [1]:16005931 [2]:125 [3]:359
[0]:105302593 [1]:16050170 [2]:125 [3]:361
[0]:105507770 [1]:16097614 [2]:125 [3]:363
[0]:105709643 [1]:16144183 [2]:125 [3]:363
[0]:105908304 [1]:16190062 [2]:125 [3]:355
[0]:106105238 [1]:16235561 [2]:125 [3]:358
[0]:106295444 [1]:16279575 [2]:125 [3]:356
[0]:106515795 [1]:16330445 [2]:125 [3]:360
[0]:106724808 [1]:16378693 [2]:125 [3]:361
[0]:106918530 [1]:16423428 [2]:125 [3]:63
[0]:107117621 [1]:16469446 [2]:125 [3]:363
[0]:107312650 [1]:16514548 [2]:125 [3]:365
[0]:107508405 [1]:16559689 [2]:125 [3]:354
[0]:107710191 [1]:16606350 [2]:125 [3]:360
[0]:107918441 [1]:16654487 [2]:125 [3]:66
[0]:108113096 [1]:16699552 [2]:125 [3]:363
[0]:108314614 [1]:16746137 [2]:125 [3]:366
[0]:108523732 [1]:16794391 [2]:125 [3]:361
[0]:108718888 [1]:16839455 [2]:125 [3]:362
[0]:108922425 [1]:16886461 [2]:125 [3]:367
[0]:109117117 [1]:16931445 [2]:125 [3]:365
[0]:109315037 [1]:16977188 [2]:128 [3]:354
[0]:109509147 [1]:17021970 [2]:128 [3]:361
[0]:109721749 [1]:17071074 [2]:128 [3]:64
[0]:109916115 [1]:17116016 [2]:128 [3]:359
[0]:110109795 [1]:17160798 [2]:128 [3]:359
[0]:110300251 [1]:17204664 [2]:128 [3]:57
[0]:110498132 [1]:17250416 [2]:128 [3]:361
[0]:110708004 [1]:17298886 [2]:128 [3]:361
[0]:110904907 [1]:17344400 [2]:128 [3]:358
[0]:111128929 [1]:17396156 [2]:128 [3]:367
[0]:111350803 [1]:17447359 [2]:128 [3]:49
[0]:111564135 [1]:17496677 [2]:128 [3]:364
[0]:111759559 [1]:17541903 [2]:128 [3]:59
[0]:111946175 [1]:17585027 [2]:128 [3]:361
[0]:112140356 [1]:17629786 [2]:128 [3]:356
[0]:112338265 [1]:17675517 [2]:128 [3]:363
[0]:112541422 [1]:17722450 [2]:128 [3]:352
[0]:112771099 [1]:17775555 [2]:128 [3]:358
[0]:112983880 [1]:17824672 [2]:128 [3]:354
[0]:113178262 [1]:17869518 [2]:128 [3]:361
[0]:113373703 [1]:17914694 [2]:128 [3]:356
[0]:113558351 [1]:17957394 [2]:128 [3]:367
[0]:113748768 [1]:18001376 [2]:128 [3]:358
[0]:113950652 [1]:18048014 [2]:128 [3]:361
[0]:114165862 [1]:18097668 [2]:128 [3]:60
[0]:114361895 [1]:18142973 [2]:128 [3]:363
[0]:114562471 [1]:18189337 [2]:128 [3]:364
[0]:114756485 [1]:18234188 [2]:128 [3]:367
[0]:114956739 [1]:18280407 [2]:131 [3]:362
[0]:115155222 [1]:18326309 [2]:131 [3]:366
[0]:115345971 [1]:18370355 [2]:131 [3]:362
[0]:115544109 [1]:18416114 [2]:131 [3]:364
[0]:115734444 [1]:18460115 [2]:131 [3]:359
[0]:115928767 [1]:18504978 [2]:131 [3]:365
[0]:116122363 [1]:18549691 [2]:131 [3]:359
[0]:116320692 [1]:18595482 [2]:131 [3]:363
[0]:116518671 [1]:18641223 [2]:131 [3]:55
[0]:116721032 [1]:18687997 [2]:131 [3]:360
[0]:116921637 [1]:18734232 [2]:131 [3]:367
[0]:117129509 [1]:18782266 [2]:131 [3]:355
[0]:117320957 [1]:18826503 [2]:131 [3]:361
[0]:117514821 [1]:18871287 [2]:131 [3]:359
[0]:117727872 [1]:18920479 [2]:131 [3]:365
[0]:117949480 [1]:18971660 [2]:131 [3]:366
[0]:118160755 [1]:19020473 [2]:131 [3]:357
[0]:118369996 [1]:19068767 [2]:131 [3]:58
[0]:118596988 [1]:19121261 [2]:131 [3]:368
[0]:118803908 [1]:19169032 [2]:131 [3]:357
[0]:119000520 [1]:19214492 [2]:131 [3]:367
[0]:119210255 [1]:19263023 [2]:131 [3]:367
[0]:119411143 [1]:19309445 [2]:131 [3]:356
[0]:119605222 [1]:19354257 [2]:131 [3]:372
