[0]:0 [1]:0 [2]:0 [3]:0
[0]:45287 [1]:0 [2]:0 [3]:65
[0]:279673 [1]:0 [2]:0 [3]:54
[0]:518706 [1]:0 [2]:0 [3]:319
[0]:809122 [1]:0 [2]:0 [3]:309
[0]:1043179 [1]:0 [2]:0 [3]:325
[0]:1274004 [1]:0 [2]:0 [3]:59
[0]:1525107 [1]:0 [2]:0 [3]:317
[0]:1747644 [1]:0 [2]:0 [3]:313
[0]:1971559 [1]:0 [2]:0 [3]:54
[0]:2200904 [1]:10374 [2]:119 [3]:366
[0]:2413318 [1]:31889 [2]:119 [3]:350
[0]:2614307 [1]:52283 [2]:119 [3]:364
[0]:2817332 [1]:72749 [2]:119 [3]:61
[0]:3010765 [1]:92302 [2]:119 [3]:66
[0]:3220584 [1]:113583 [2]:119 [3]:73
[0]:3430346 [1]:134845 [2]:119 [3]:363
[0]:3632445 [1]:155297 [2]:119 [3]:350
[0]:3845515 [1]:176771 [2]:119 [3]:56
[0]:4054862 [1]:197944 [2]:119 [3]:65
[0]:4256610 [1]:218461 [2]:119 [3]:76
[0]:4451118 [1]:238119 [2]:119 [3]:43
[0]:4649115 [1]:258205 [2]:119 [3]:70
[0]:4847155 [1]:278168 [2]:119 [3]:58
[0]:5044359 [1]:298124 [2]:119 [3]:369
[0]:5242487 [1]:318221 [2]:114 [3]:53
[0]:5445076 [1]:338986 [2]:114 [3]:365
[0]:5650943 [1]:359831 [2]:114 [3]:67
[0]:5852465 [1]:380338 [2]:114 [3]:364
[0]:6134125 [1]:408934 [2]:114 [3]:63
[0]:6341061 [1]:429785 [2]:114 [3]:66
[0]:6536573 [1]:449527 [2]:114 [3]:69
[0]:6803305 [1]:476405 [2]:114 [3]:66
[0]:7004319 [1]:496752 [2]:114 [3]:354
[0]:7216251 [1]:518182 [2]:114 [3]:55
[0]:7467478 [1]:543468 [2]:114 [3]:355
[0]:7669770 [1]:563919 [2]:114 [3]:70
[0]:7875249 [1]:584604 [2]:114 [3]:369
[0]:8077025 [1]:604991 [2]:114 [3]:366
[0]:8295443 [1]:626985 [2]:114 [3]:55
[0]:8500440 [1]:647663 [2]:109 [3]:65
[0]:8697325 [1]:667448 [2]:109 [3]:64
[0]:8900365 [1]:687936 [2]:109 [3]:69
[0]:9094831 [1]:707643 [2]:109 [3]:48
[0]:9300130 [1]:728502 [2]:109 [3]:356
[0]:9500907 [1]:748893 [2]:109 [3]:59
[0]:9696497 [1]:768698 [2]:109 [3]:359
[0]:9898253 [1]:789268 [2]:109 [3]:66
[0]:10103647 [1]:810164 [2]:109 [3]:68
[0]:10305606 [1]:830695 [2]:109 [3]:60
[0]:10510964 [1]:851496 [2]:109 [3]:69
[0]:10714818 [1]:872110 [2]:109 [3]:368
[0]:10914815 [1]:892420 [2]:109 [3]:76
[0]:11112580 [1]:912631 [2]:109 [3]:376
[0]:11310935 [1]:932650 [2]:109 [3]:58
[0]:11512913 [1]:952989 [2]:105 [3]:362
[0]:11720348 [1]:974041 [2]:105 [3]:70
[0]:11927137 [1]:995037 [2]:105 [3]:353
[0]:12126126 [1]:1015194 [2]:105 [3]:60
[0]:12327874 [1]:1035609 [2]:105 [3]:76
[0]:12581263 [1]:1061442 [2]:105 [3]:367
[0]:12804836 [1]:1084038 [2]:105 [3]:368
[0]:13000523 [1]:1103772 [2]:105 [3]:62
[0]:13220905 [1]:1125975 [2]:105 [3]:69
[0]:13421923 [1]:1146336 [2]:105 [3]:53
[0]:13617618 [1]:1166088 [2]:105 [3]:362
[0]:13816595 [1]:1186196 [2]:105 [3]:62
[0]:14012791 [1]:1206078 [2]:105 [3]:65
[0]:14222826 [1]:1227411 [2]:105 [3]:365
[0]:14431217 [1]:1248615 [2]:105 [3]:69
[0]:14630542 [1]:1268702 [2]:101 [3]:361
[0]:14827337 [1]:1288828 [2]:101 [3]:84
[0]:15026484 [1]:1309068 [2]:101 [3]:59
[0]:15243309 [1]:1331027 [2]:101 [3]:58
[0]:15445615 [1]:1351440 [2]:101 [3]:360
[0]:15649510 [1]:1372276 [2]:101 [3]:370
[0]:15837683 [1]:1391248 [2]:101 [3]:68
[0]:16035754 [1]:1411256 [2]:101 [3]:58
[0]:16240474 [1]:1432044 [2]:101 [3]:367
[0]:16439800 [1]:1452145 [2]:101 [3]:60
[0]:16636457 [1]:1472111 [2]:101 [3]:76
[0]:16877314 [1]:1496317 [2]:101 [3]:359
[0]:17089705 [1]:1517900 [2]:101 [3]:352
[0]:17295783 [1]:1538766 [2]:101 [3]:355
[0]:17497703 [1]:1559247 [2]:101 [3]:67
[0]:17706622 [1]:1580205 [2]:97 [3]:61
[0]:17909040 [1]:1600760 [2]:97 [3]:361
[0]:18110955 [1]:1621157 [2]:97 [3]:362
[0]:18309175 [1]:1641218 [2]:97 [3]:62
[0]:18498426 [1]:1660372 [2]:97 [3]:360
[0]:18701581 [1]:1680947 [2]:97 [3]:370
[0]:18904235 [1]:1701585 [2]:97 [3]:66
[0]:19101402 [1]:1721555 [2]:97 [3]:63
[0]:19295967 [1]:1741251 [2]:97 [3]:369
[0]:19489699 [1]:1760817 [2]:97 [3]:61
[0]:19698344 [1]:1781874 [2]:97 [3]:374
[0]:19945064 [1]:1806992 [2]:97 [3]:61
[0]:20148255 [1]:1827495 [2]:97 [3]:356
[0]:20345315 [1]:1847399 [2]:97 [3]:361
[0]:20548438 [1]:1867824 [2]:97 [3]:63
[0]:20768415 [1]:1889984 [2]:94 [3]:350
[0]:20969617 [1]:1910283 [2]:94 [3]:71
[0]:21165780 [1]:1930152 [2]:94 [3]:367
[0]:21366502 [1]:1950605 [2]:94 [3]:76
[0]:21561844 [1]:1970250 [2]:94 [3]:364
[0]:21759570 [1]:1990314 [2]:94 [3]:361
[0]:21955617 [1]:2010085 [2]:94 [3]:67
[0]:22152695 [1]:2029978 [2]:94 [3]:355
[0]:22354624 [1]:2050491 [2]:94 [3]:65
[0]:22548730 [1]:2070124 [2]:94 [3]:61
[0]:22773011 [1]:2092876 [2]:94 [3]:359
[0]:22962772 [1]:2112150 [2]:94 [3]:355
[0]:23184307 [1]:2134483 [2]:94 [3]:58
[0]:23393886 [1]:2155575 [2]:94 [3]:58
[0]:23595492 [1]:2175962 [2]:94 [3]:359
[0]:23789521 [1]:2195634 [2]:94 [3]:370
[0]:23988152 [1]:2215746 [2]:91 [3]:63
[0]:24186571 [1]:2235889 [2]:91 [3]:375
[0]:24387120 [1]:2256017 [2]:91 [3]:64
[0]:24582338 [1]:2275744 [2]:91 [3]:360
[0]:24781316 [1]:2295893 [2]:91 [3]:57
[0]:25023772 [1]:2320388 [2]:91 [3]:68
[0]:25229808 [1]:2341291 [2]:91 [3]:66
[0]:25450233 [1]:2363531 [2]:91 [3]:361
[0]:25652233 [1]:2383891 [2]:91 [3]:64
[0]:25853774 [1]:2404520 [2]:91 [3]:52
[0]:26055601 [1]:2424986 [2]:91 [3]:67
[0]:26291337 [1]:2448770 [2]:91 [3]:67
[0]:26487334 [1]:2468677 [2]:91 [3]:58
[0]:26687240 [1]:2489084 [2]:91 [3]:56
[0]:26880909 [1]:2508739 [2]:91 [3]:354
[0]:27087218 [1]:2529589 [2]:88 [3]:64
[0]:27319084 [1]:2553006 [2]:88 [3]:378
[0]:27511515 [1]:2572609 [2]:88 [3]:72
[0]:27711355 [1]:2592883 [2]:88 [3]:365
[0]:27907891 [1]:2612771 [2]:88 [3]:65
[0]:28103932 [1]:2632651 [2]:88 [3]:62
[0]:28305834 [1]:2653015 [2]:88 [3]:79
[0]:28510705 [1]:2673849 [2]:88 [3]:353
[0]:28721612 [1]:2695154 [2]:88 [3]:358
[0]:28932824 [1]:2716377 [2]:88 [3]:62
[0]:29133893 [1]:2736916 [2]:88 [3]:83
[0]:29322782 [1]:2756043 [2]:88 [3]:368
[0]:29541291 [1]:2778150 [2]:88 [3]:357
[0]:29762583 [1]:2800556 [2]:88 [3]:71
[0]:29970368 [1]:2821541 [2]:88 [3]:64
[0]:30166382 [1]:2841418 [2]:86 [3]:67
[0]:30360813 [1]:2861011 [2]:86 [3]:354
[0]:30572748 [1]:2882455 [2]:86 [3]:59
[0]:30760545 [1]:2901451 [2]:86 [3]:62
[0]:30954316 [1]:2920939 [2]:86 [3]:365
[0]:31153676 [1]:2941046 [2]:86 [3]:362
[0]:31346126 [1]:2960494 [2]:86 [3]:64
[0]:31542408 [1]:2980387 [2]:86 [3]:81
[0]:31729305 [1]:2999238 [2]:86 [3]:64
[0]:31975993 [1]:3024326 [2]:86 [3]:65
[0]:32170423 [1]:3044045 [2]:86 [3]:71
[0]:32368730 [1]:3064111 [2]:86 [3]:362
[0]:32585994 [1]:3086028 [2]:86 [3]:69
[0]:32791282 [1]:3106629 [2]:86 [3]:68
[0]:33030287 [1]:3130992 [2]:86 [3]:363
[0]:33220179 [1]:3150181 [2]:84 [3]:56
[0]:33426730 [1]:3171093 [2]:84 [3]:75
[0]:33628340 [1]:3191689 [2]:84 [3]:363
[0]:33819245 [1]:3210993 [2]:84 [3]:64
[0]:34017131 [1]:3230964 [2]:84 [3]:373
[0]:34204165 [1]:3249813 [2]:84 [3]:63
[0]:34417484 [1]:3271367 [2]:84 [3]:374
[0]:34619262 [1]:3291753 [2]:84 [3]:59
[0]:34815924 [1]:3311613 [2]:84 [3]:359
[0]:35024569 [1]:3332699 [2]:84 [3]:365
[0]:35213643 [1]:3351862 [2]:84 [3]:56
[0]:35404487 [1]:3371088 [2]:84 [3]:59
[0]:35607249 [1]:3391652 [2]:84 [3]:43
[0]:35800650 [1]:3411138 [2]:84 [3]:50
[0]:35999806 [1]:3431209 [2]:84 [3]:364
[0]:36211766 [1]:3452860 [2]:84 [3]:366
[0]:36409826 [1]:3472937 [2]:82 [3]:67
[0]:36600200 [1]:3492262 [2]:82 [3]:362
[0]:36786494 [1]:3511156 [2]:82 [3]:61
[0]:36989195 [1]:3531664 [2]:82 [3]:363
[0]:37187457 [1]:3551741 [2]:82 [3]:56
[0]:37425243 [1]:3575740 [2]:82 [3]:61
[0]:37619171 [1]:3595440 [2]:82 [3]:55
[0]:37815380 [1]:3615308 [2]:82 [3]:62
[0]:38017249 [1]:3635762 [2]:82 [3]:370
[0]:38248891 [1]:3659298 [2]:82 [3]:76
[0]:38450657 [1]:3679806 [2]:82 [3]:56
[0]:38647245 [1]:3699734 [2]:82 [3]:363
[0]:38865235 [1]:3721899 [2]:82 [3]:353
[0]:39063627 [1]:3742011 [2]:82 [3]:63
[0]:39254198 [1]:3761272 [2]:82 [3]:61
[0]:39455344 [1]:3781596 [2]:80 [3]:65
[0]:39642944 [1]:3800605 [2]:80 [3]:85
[0]:39833682 [1]:3819850 [2]:80 [3]:348
[0]:40055488 [1]:3842213 [2]:80 [3]:81
[0]:40247997 [1]:3861774 [2]:80 [3]:366
[0]:40450419 [1]:3882364 [2]:80 [3]:54
[0]:40650936 [1]:3902682 [2]:80 [3]:50
[0]:40860822 [1]:3923925 [2]:80 [3]:365
[0]:41074820 [1]:3945542 [2]:80 [3]:55
[0]:41273098 [1]:3965570 [2]:80 [3]:65
[0]:41470992 [1]:3985702 [2]:80 [3]:74
[0]:41743287 [1]:4013339 [2]:80 [3]:77
[0]:41938526 [1]:4033069 [2]:80 [3]:368
[0]:42130089 [1]:4052505 [2]:80 [3]:88
[0]:42330999 [1]:4072697 [2]:80 [3]:61
[0]:42521538 [1]:4092060 [2]:78 [3]:60
[0]:42712766 [1]:4111442 [2]:78 [3]:365
[0]:42910142 [1]:4131414 [2]:78 [3]:374
[0]:43115308 [1]:4152500 [2]:78 [3]:64
[0]:43317204 [1]:4173042 [2]:78 [3]:77
[0]:43519129 [1]:4193630 [2]:78 [3]:72
[0]:43724575 [1]:4214535 [2]:78 [3]:61
[0]:43945176 [1]:4236768 [2]:78 [3]:67
[0]:44146906 [1]:4257296 [2]:78 [3]:72
[0]:44341398 [1]:4276976 [2]:78 [3]:69
[0]:44542879 [1]:4297638 [2]:78 [3]:91
[0]:44747440 [1]:4318407 [2]:78 [3]:63
[0]:44950520 [1]:4338816 [2]:78 [3]:368
[0]:45152748 [1]:4359398 [2]:78 [3]:59
[0]:45357001 [1]:4380122 [2]:78 [3]:349
[0]:45555586 [1]:4400397 [2]:78 [3]:363
[0]:45749115 [1]:4419986 [2]:77 [3]:64
[0]:45951572 [1]:4440478 [2]:77 [3]:366
[0]:46150043 [1]:4460572 [2]:77 [3]:362
[0]:46363344 [1]:4482154 [2]:77 [3]:359
[0]:46657937 [1]:4512048 [2]:77 [3]:68
[0]:46862571 [1]:4532644 [2]:77 [3]:56
[0]:47064128 [1]:4553149 [2]:77 [3]:357
[0]:47289976 [1]:4576017 [2]:77 [3]:66
[0]:47492063 [1]:4596550 [2]:77 [3]:74
[0]:47693938 [1]:4617043 [2]:77 [3]:57
[0]:47888230 [1]:4636814 [2]:77 [3]:69
[0]:48093805 [1]:4657660 [2]:77 [3]:74
[0]:48290272 [1]:4677652 [2]:77 [3]:48
[0]:48486236 [1]:4697503 [2]:77 [3]:69
[0]:48687842 [1]:4718049 [2]:76 [3]:376
[0]:48897263 [1]:4739194 [2]:76 [3]:374
[0]:49087937 [1]:4758449 [2]:76 [3]:57
[0]:49280011 [1]:4777895 [2]:76 [3]:67
[0]:49495611 [1]:4799661 [2]:76 [3]:59
[0]:49689955 [1]:4819314 [2]:76 [3]:57
[0]:49884885 [1]:4839069 [2]:76 [3]:358
[0]:50113440 [1]:4862263 [2]:76 [3]:341
[0]:50306841 [1]:4881752 [2]:76 [3]:62
[0]:50501432 [1]:4901304 [2]:76 [3]:73
[0]:50698251 [1]:4921103 [2]:76 [3]:369
[0]:50894099 [1]:4940878 [2]:76 [3]:367
[0]:51092324 [1]:4960879 [2]:76 [3]:76
[0]:51290932 [1]:4980886 [2]:76 [3]:53
[0]:51487682 [1]:5000863 [2]:76 [3]:369
[0]:51678843 [1]:5020272 [2]:76 [3]:364
[0]:51885700 [1]:5041269 [2]:75 [3]:80
[0]:52087223 [1]:5061775 [2]:75 [3]:358
[0]:52359570 [1]:5089208 [2]:75 [3]:57
[0]:52571570 [1]:5110798 [2]:75 [3]:52
[0]:52770186 [1]:5131214 [2]:75 [3]:369
[0]:52986060 [1]:5153297 [2]:75 [3]:362
[0]:53192561 [1]:5174075 [2]:75 [3]:353
[0]:53394579 [1]:5194362 [2]:75 [3]:365
[0]:53592702 [1]:5214354 [2]:75 [3]:371
[0]:53835163 [1]:5238892 [2]:75 [3]:364
[0]:54037656 [1]:5259410 [2]:75 [3]:63
[0]:54243248 [1]:5280219 [2]:75 [3]:376
[0]:54445148 [1]:5300625 [2]:75 [3]:362
[0]:54646916 [1]:5321083 [2]:75 [3]:359
[0]:54841262 [1]:5340909 [2]:75 [3]:74
[0]:55043392 [1]:5361298 [2]:74 [3]:89
[0]:55232051 [1]:5380308 [2]:74 [3]:69
[0]:55428398 [1]:5400036 [2]:74 [3]:369
[0]:55619158 [1]:5419323 [2]:74 [3]:374
[0]:55824707 [1]:5440214 [2]:74 [3]:62
[0]:56034012 [1]:5461401 [2]:74 [3]:361
[0]:56245355 [1]:5482778 [2]:74 [3]:367
[0]:56430007 [1]:5501614 [2]:74 [3]:77
[0]:56628162 [1]:5522459 [2]:74 [3]:63
[0]:56825577 [1]:5552916 [2]:74 [3]:66
[0]:57025660 [1]:5583640 [2]:74 [3]:66
[0]:57224988 [1]:5614423 [2]:74 [3]:363
[0]:57416951 [1]:5643998 [2]:74 [3]:61
[0]:57605738 [1]:5672997 [2]:74 [3]:64
[0]:57795887 [1]:5702275 [2]:74 [3]:360
[0]:58001163 [1]:5733760 [2]:74 [3]:362
[0]:58206030 [1]:5765481 [2]:74 [3]:57
[0]:58407875 [1]:5796573 [2]:74 [3]:365
[0]:58601126 [1]:5826327 [2]:74 [3]:354
[0]:58805668 [1]:5857895 [2]:74 [3]:63
[0]:58994737 [1]:5887019 [2]:74 [3]:366
[0]:59213863 [1]:5920849 [2]:74 [3]:365
[0]:59406511 [1]:5950569 [2]:74 [3]:55
[0]:59593361 [1]:5979365 [2]:74 [3]:357
[0]:59791751 [1]:6009870 [2]:74 [3]:64
[0]:59990081 [1]:6040443 [2]:74 [3]:70
[0]:60191443 [1]:6071536 [2]:74 [3]:357
[0]:60396604 [1]:6103192 [2]:74 [3]:65
[0]:60594469 [1]:6133614 [2]:74 [3]:360
[0]:60788586 [1]:6163510 [2]:74 [3]:357
[0]:61052989 [1]:6204289 [2]:74 [3]:361
[0]:61243650 [1]:6233652 [2]:74 [3]:69
[0]:61474344 [1]:6269324 [2]:74 [3]:354
[0]:61684033 [1]:6301679 [2]:74 [3]:365
[0]:61877919 [1]:6331621 [2]:74 [3]:363
[0]:62075459 [1]:6362173 [2]:74 [3]:70
[0]:62277034 [1]:6393213 [2]:74 [3]:57
[0]:62467447 [1]:6422497 [2]:74 [3]:363
[0]:62676530 [1]:6454641 [2]:76 [3]:363
[0]:62875039 [1]:6485211 [2]:76 [3]:359
[0]:63075854 [1]:6516140 [2]:76 [3]:61
[0]:63281030 [1]:6547713 [2]:76 [3]:56
[0]:63489755 [1]:6579758 [2]:76 [3]:88
[0]:63689676 [1]:6610493 [2]:76 [3]:352
[0]:63885603 [1]:6640785 [2]:76 [3]:61
[0]:64075782 [1]:6670174 [2]:76 [3]:355
[0]:64269890 [1]:6700043 [2]:76 [3]:363
[0]:64480372 [1]:6732418 [2]:76 [3]:361
[0]:64672118 [1]:6761954 [2]:76 [3]:369
[0]:64874158 [1]:6793071 [2]:76 [3]:363
[0]:65068622 [1]:6823028 [2]:76 [3]:358
[0]:65284595 [1]:6848646 [2]:76 [3]:361
[0]:65493083 [1]:6873434 [2]:76 [3]:368
[0]:65701631 [1]:6900988 [2]:76 [3]:372
[0]:65916218 [1]:6929173 [2]:76 [3]:361
[0]:66111905 [1]:6954910 [2]:76 [3]:364
[0]:66334499 [1]:6984185 [2]:76 [3]:77
[0]:66591069 [1]:7017886 [2]:76 [3]:362
[0]:66803466 [1]:7045716 [2]:76 [3]:372
[0]:67007496 [1]:7072575 [2]:76 [3]:367
[0]:67210069 [1]:7099107 [2]:76 [3]:365
[0]:67405660 [1]:7124652 [2]:76 [3]:368
[0]:67622183 [1]:7153086 [2]:76 [3]:373
[0]:67838415 [1]:7181528 [2]:79 [3]:354
[0]:68044957 [1]:7208663 [2]:79 [3]:77
[0]:68251147 [1]:7235742 [2]:79 [3]:359
[0]:68460202 [1]:7263330 [2]:79 [3]:372
[0]:68721607 [1]:7297629 [2]:79 [3]:368
[0]:68924745 [1]:7324223 [2]:79 [3]:367
[0]:69125248 [1]:7350596 [2]:79 [3]:370
[0]:69329701 [1]:7377412 [2]:79 [3]:367
[0]:69549523 [1]:7406411 [2]:79 [3]:77
[0]:69757405 [1]:7433793 [2]:79 [3]:366
[0]:69998869 [1]:7465417 [2]:79 [3]:356
[0]:70203494 [1]:7492268 [2]:79 [3]:363
[0]:70416717 [1]:7520217 [2]:79 [3]:371
[0]:70624697 [1]:7547662 [2]:79 [3]:360
[0]:70836607 [1]:7575632 [2]:79 [3]:359
[0]:71055492 [1]:7604488 [2]:79 [3]:364
[0]:71261946 [1]:7631574 [2]:79 [3]:365
[0]:71458711 [1]:7657315 [2]:79 [3]:359
[0]:71671387 [1]:7685200 [2]:79 [3]:368
[0]:71892825 [1]:7714382 [2]:79 [3]:363
[0]:72100329 [1]:7741616 [2]:79 [3]:361
[0]:72312767 [1]:7769586 [2]:79 [3]:374
[0]:72521403 [1]:7797052 [2]:79 [3]:362
[0]:72725877 [1]:7823946 [2]:79 [3]:361
[0]:72938073 [1]:7851749 [2]:79 [3]:78
[0]:73154661 [1]:7880163 [2]:79 [3]:361
[0]:73380028 [1]:7909862 [2]:79 [3]:363
[0]:73587707 [1]:7937165 [2]:79 [3]:366
[0]:73792388 [1]:7964088 [2]:79 [3]:360
[0]:74008611 [1]:7992552 [2]:79 [3]:73
[0]:74217186 [1]:8019967 [2]:79 [3]:366
[0]:74425855 [1]:8047326 [2]:79 [3]:368
[0]:74646224 [1]:8076370 [2]:79 [3]:364
[0]:74850707 [1]:8103205 [2]:79 [3]:362
[0]:75063217 [1]:8131127 [2]:79 [3]:369
[0]:75275911 [1]:8159001 [2]:79 [3]:356
[0]:75497020 [1]:8188034 [2]:85 [3]:368
[0]:75740117 [1]:8220004 [2]:85 [3]:90
[0]:75940528 [1]:8246348 [2]:85 [3]:93
[0]:76145403 [1]:8273261 [2]:85 [3]:371
[0]:76386985 [1]:8305048 [2]:85 [3]:363
[0]:76598045 [1]:8332688 [2]:85 [3]:362
[0]:76842041 [1]:8364718 [2]:85 [3]:358
[0]:77050314 [1]:8392085 [2]:85 [3]:365
[0]:77259045 [1]:8419553 [2]:85 [3]:359
[0]:77463656 [1]:8446465 [2]:85 [3]:360
[0]:77672323 [1]:8473806 [2]:85 [3]:367
[0]:77876520 [1]:8500664 [2]:85 [3]:364
[0]:78081363 [1]:8527520 [2]:85 [3]:361
[0]:78343409 [1]:8561916 [2]:85 [3]:357
[0]:78553358 [1]:8589477 [2]:85 [3]:353
[0]:78758425 [1]:8616313 [2]:85 [3]:367
[0]:78965243 [1]:8643469 [2]:85 [3]:353
[0]:79199485 [1]:8674171 [2]:85 [3]:365
[0]:79416842 [1]:8702718 [2]:85 [3]:367
[0]:79620557 [1]:8729375 [2]:85 [3]:371
[0]:79821135 [1]:8755746 [2]:85 [3]:77
[0]:80035941 [1]:8783919 [2]:85 [3]:370
[0]:80254141 [1]:8812485 [2]:85 [3]:369
[0]:80493358 [1]:8843870 [2]:85 [3]:371
[0]:80703012 [1]:8871366 [2]:85 [3]:372
[0]:80906653 [1]:8898121 [2]:85 [3]:369
[0]:81112207 [1]:8925246 [2]:85 [3]:357
[0]:81340192 [1]:8955317 [2]:85 [3]:366
[0]:81563738 [1]:8984790 [2]:85 [3]:366
[0]:81777001 [1]:9012837 [2]:85 [3]:370
[0]:81981460 [1]:9039815 [2]:85 [3]:360
[0]:82201858 [1]:9068689 [2]:85 [3]:370
[0]:82436756 [1]:9099534 [2]:85 [3]:360
[0]:82647122 [1]:9127316 [2]:85 [3]:361
[0]:82855153 [1]:9154581 [2]:85 [3]:361
[0]:83102399 [1]:9186925 [2]:90 [3]:363
[0]:83311633 [1]:9214487 [2]:90 [3]:361
[0]:83516243 [1]:9241316 [2]:90 [3]:80
[0]:83720827 [1]:9268262 [2]:90 [3]:363
[0]:83929332 [1]:9295732 [2]:90 [3]:362
[0]:84149221 [1]:9324540 [2]:90 [3]:363
[0]:84354434 [1]:9351468 [2]:90 [3]:365
[0]:84572757 [1]:9380162 [2]:90 [3]:360
[0]:84799035 [1]:9410019 [2]:90 [3]:79
[0]:85001856 [1]:9436583 [2]:90 [3]:77
[0]:85218474 [1]:9465002 [2]:90 [3]:357
[0]:85443870 [1]:9494598 [2]:90 [3]:80
[0]:85652955 [1]:9522170 [2]:90 [3]:87
[0]:85865659 [1]:9550094 [2]:90 [3]:359
[0]:86125179 [1]:9584181 [2]:90 [3]:368
[0]:86333659 [1]:9611582 [2]:90 [3]:78
[0]:86537178 [1]:9638351 [2]:90 [3]:361
[0]:86738993 [1]:9664838 [2]:90 [3]:363
[0]:86947607 [1]:9692348 [2]:90 [3]:359
[0]:87162708 [1]:9720601 [2]:90 [3]:363
[0]:87372556 [1]:9748115 [2]:90 [3]:79
[0]:87574168 [1]:9774555 [2]:90 [3]:76
[0]:87774042 [1]:9800757 [2]:90 [3]:79
[0]:87986460 [1]:9828767 [2]:90 [3]:76
[0]:88238040 [1]:9861740 [2]:90 [3]:357
[0]:88444254 [1]:9888852 [2]:90 [3]:371
[0]:88651523 [1]:9916159 [2]:90 [3]:371
[0]:88859935 [1]:9943685 [2]:90 [3]:356
[0]:89064572 [1]:9970587 [2]:90 [3]:369
[0]:89273166 [1]:9998007 [2]:90 [3]:86
[0]:89540775 [1]:10033265 [2]:90 [3]:362
[0]:89749071 [1]:10060792 [2]:90 [3]:363
[0]:89949816 [1]:10087202 [2]:90 [3]:367
[0]:90158344 [1]:10114584 [2]:90 [3]:359
[0]:90363611 [1]:10141486 [2]:90 [3]:364
[0]:90590687 [1]:10171439 [2]:90 [3]:360
[0]:90805252 [1]:10199703 [2]:94 [3]:360
[0]:91008219 [1]:10226528 [2]:94 [3]:370
[0]:91232132 [1]:10256092 [2]:94 [3]:81
[0]:91444354 [1]:10284004 [2]:94 [3]:362
[0]:91653122 [1]:10311403 [2]:94 [3]:362
[0]:91858009 [1]:10338451 [2]:94 [3]:370
[0]:92070315 [1]:10366244 [2]:94 [3]:359
[0]:92283211 [1]:10394167 [2]:94 [3]:358
[0]:92499509 [1]:10422605 [2]:94 [3]:368
[0]:92704288 [1]:10449477 [2]:94 [3]:365
[0]:92907447 [1]:10476133 [2]:94 [3]:325
[0]:93113026 [1]:10503173 [2]:94 [3]:359
[0]:93329578 [1]:10531570 [2]:94 [3]:370
[0]:93533664 [1]:10558552 [2]:94 [3]:369
[0]:93774606 [1]:10590214 [2]:94 [3]:368
[0]:93987066 [1]:10618063 [2]:94 [3]:84
[0]:94191944 [1]:10644933 [2]:94 [3]:363
[0]:94396431 [1]:10671737 [2]:94 [3]:371
[0]:94600819 [1]:10698723 [2]:94 [3]:362
[0]:94800417 [1]:10725004 [2]:94 [3]:357
[0]:95010061 [1]:10752695 [2]:94 [3]:363
[0]:95283225 [1]:10788533 [2]:94 [3]:364
[0]:95474338 [1]:10813738 [2]:94 [3]:366
[0]:95677035 [1]:10840310 [2]:94 [3]:78
[0]:95887545 [1]:10867942 [2]:94 [3]:364
[0]:96096250 [1]:10895299 [2]:94 [3]:369
[0]:96312380 [1]:10923725 [2]:94 [3]:359
[0]:96520708 [1]:10951090 [2]:94 [3]:368
[0]:96733587 [1]:10979146 [2]:94 [3]:80
[0]:96946237 [1]:11006974 [2]:94 [3]:371
[0]:97164146 [1]:11035570 [2]:94 [3]:374
[0]:97363372 [1]:11061766 [2]:94 [3]:372
[0]:97573379 [1]:11089326 [2]:94 [3]:366
[0]:97784319 [1]:11117086 [2]:94 [3]:366
[0]:97980824 [1]:11142974 [2]:94 [3]:374
[0]:98186382 [1]:11169998 [2]:94 [3]:368
[0]:98390594 [1]:11196856 [2]:98 [3]:355
[0]:98609217 [1]:11225629 [2]:98 [3]:360
[0]:98811327 [1]:11252133 [2]:98 [3]:369
[0]:99020012 [1]:11279516 [2]:98 [3]:368
[0]:99236523 [1]:11307932 [2]:98 [3]:363
[0]:99440523 [1]:11334674 [2]:98 [3]:367
[0]:99677250 [1]:11365702 [2]:98 [3]:374
[0]:99873976 [1]:11391503 [2]:98 [3]:362
[0]:100078780 [1]:11418450 [2]:98 [3]:374
[0]:100303024 [1]:11447874 [2]:98 [3]:360
[0]:100511476 [1]:11475333 [2]:98 [3]:363
[0]:100723249 [1]:11503319 [2]:98 [3]:364
[0]:100956051 [1]:11533880 [2]:98 [3]:363
[0]:101168643 [1]:11561780 [2]:98 [3]:354
[0]:101373153 [1]:11588745 [2]:98 [3]:359
[0]:101599688 [1]:11618448 [2]:98 [3]:364
[0]:101806074 [1]:11645482 [2]:98 [3]:91
[0]:102000795 [1]:11671001 [2]:98 [3]:85
[0]:102223318 [1]:11700298 [2]:98 [3]:86
[0]:102427978 [1]:11727301 [2]:98 [3]:362
[0]:102631746 [1]:11754138 [2]:98 [3]:81
[0]:102835044 [1]:11780770 [2]:98 [3]:367
[0]:103033897 [1]:11806988 [2]:98 [3]:360
[0]:103253892 [1]:11835964 [2]:98 [3]:359
[0]:103458750 [1]:11862796 [2]:98 [3]:80
[0]:103664025 [1]:11889705 [2]:98 [3]:368
[0]:103876003 [1]:11917519 [2]:98 [3]:360
[0]:104117428 [1]:11949176 [2]:98 [3]:359
[0]:104327419 [1]:11976846 [2]:98 [3]:374
[0]:104529049 [1]:12003480 [2]:98 [3]:76
[0]:104737391 [1]:12030875 [2]:98 [3]:371
[0]:104954132 [1]:12059412 [2]:98 [3]:365
[0]:105166535 [1]:12087382 [2]:98 [3]:74
[0]:105372050 [1]:12114424 [2]:98 [3]:355
[0]:105579856 [1]:12141684 [2]:98 [3]:359
[0]:105786202 [1]:12168752 [2]:98 [3]:372
[0]:106004700 [1]:12197517 [2]:102 [3]:367
[0]:106213442 [1]:12225002 [2]:102 [3]:77
[0]:106423067 [1]:12252464 [2]:102 [3]:356
[0]:106625828 [1]:12279081 [2]:102 [3]:81
[0]:106830310 [1]:12305925 [2]:102 [3]:365
[0]:107035574 [1]:12332877 [2]:102 [3]:370
[0]:107236575 [1]:12359315 [2]:102 [3]:362
[0]:107449056 [1]:12387241 [2]:102 [3]:357
[0]:107656706 [1]:12414627 [2]:102 [3]:368
[0]:107865923 [1]:12442230 [2]:102 [3]:373
[0]:108070488 [1]:12469026 [2]:102 [3]:89
[0]:108286818 [1]:12497525 [2]:102 [3]:370
[0]:108494503 [1]:12524725 [2]:102 [3]:368
[0]:108704269 [1]:12552315 [2]:102 [3]:360
[0]:108908799 [1]:12579131 [2]:102 [3]:370
[0]:109113300 [1]:12606204 [2]:102 [3]:361
[0]:109317844 [1]:12633138 [2]:102 [3]:361
[0]:109522482 [1]:12660056 [2]:102 [3]:371
[0]:109739107 [1]:12688436 [2]:102 [3]:349
[0]:109943575 [1]:12715352 [2]:102 [3]:362
[0]:110152163 [1]:12742698 [2]:102 [3]:369
[0]:110353396 [1]:12769231 [2]:102 [3]:372
[0]:110573085 [1]:12798221 [2]:102 [3]:361
[0]:110777668 [1]:12825115 [2]:102 [3]:352
[0]:110987709 [1]:12852671 [2]:102 [3]:369
[0]:111194795 [1]:12879921 [2]:102 [3]:357
[0]:111410820 [1]:12908416 [2]:102 [3]:361
[0]:111623708 [1]:12936391 [2]:102 [3]:352
[0]:111824430 [1]:12962818 [2]:102 [3]:373
[0]:112029035 [1]:12989664 [2]:102 [3]:80
[0]:112229535 [1]:13015951 [2]:102 [3]:369
[0]:112442179 [1]:13043871 [2]:102 [3]:359
[0]:112669264 [1]:13073635 [2]:102 [3]:354
[0]:112875090 [1]:13100658 [2]:102 [3]:87
[0]:113071789 [1]:13126460 [2]:102 [3]:77
[0]:113280411 [1]:13153951 [2]:102 [3]:363
[0]:113544154 [1]:13188838 [2]:102 [3]:363
[0]:113752513 [1]:13216175 [2]:105 [3]:76
[0]:113960936 [1]:13243722 [2]:105 [3]:361
[0]:114165816 [1]:13270696 [2]:105 [3]:372
[0]:114370122 [1]:13297676 [2]:105 [3]:363
[0]:114649597 [1]:13334418 [2]:105 [3]:352
[0]:114884750 [1]:13365221 [2]:105 [3]:82
[0]:115100989 [1]:13393679 [2]:105 [3]:371
[0]:115352522 [1]:13426751 [2]:105 [3]:77
[0]:115572122 [1]:13455621 [2]:105 [3]:365
[0]:115776309 [1]:13482518 [2]:105 [3]:359
[0]:115979334 [1]:13509199 [2]:105 [3]:361
[0]:116187038 [1]:13536427 [2]:105 [3]:368
[0]:116396554 [1]:13563954 [2]:105 [3]:370
[0]:116635543 [1]:13595431 [2]:105 [3]:365
[0]:116837276 [1]:13621941 [2]:105 [3]:364
[0]:117065649 [1]:13651839 [2]:105 [3]:362
[0]:117268724 [1]:13678540 [2]:105 [3]:358
[0]:117506059 [1]:13709641 [2]:105 [3]:364
[0]:117715018 [1]:13737033 [2]:105 [3]:363
[0]:117929676 [1]:13765215 [2]:105 [3]:364
[0]:118140011 [1]:13792812 [2]:105 [3]:364
[0]:118369972 [1]:13823080 [2]:105 [3]:369
[0]:118596180 [1]:13853036 [2]:105 [3]:365
[0]:118808788 [1]:13881040 [2]:105 [3]:357
[0]:119026764 [1]:13909621 [2]:105 [3]:363
[0]:119232006 [1]:13936594 [2]:105 [3]:371
[0]:119442425 [1]:13964202 [2]:105 [3]:369
[0]:119648566 [1]:13991297 [2]:105 [3]:364
[0]:119855553 [1]:14018453 [2]:105 [3]:82
[0]:120064235 [1]:14045812 [2]:105 [3]:358
[0]:120265021 [1]:14072118 [2]:105 [3]:364
[0]:120481706 [1]:14100409 [2]:105 [3]:369
[0]:120686204 [1]:14127213 [2]:105 [3]:371
[0]:120894831 [1]:14154591 [2]:105 [3]:355
[0]:121106666 [1]:14182400 [2]:105 [3]:372
[0]:121319854 [1]:14210298 [2]:108 [3]:357
[0]:121532194 [1]:14238186 [2]:108 [3]:370
[0]:121736985 [1]:14265065 [2]:108 [3]:370
[0]:121943754 [1]:14292269 [2]:108 [3]:371
[0]:122139682 [1]:14318001 [2]:108 [3]:359
[0]:122352638 [1]:14345909 [2]:108 [3]:356
[0]:122558655 [1]:14372909 [2]:108 [3]:359
[0]:122772047 [1]:14400954 [2]:108 [3]:361
[0]:122971931 [1]:14427244 [2]:108 [3]:357
[0]:123216738 [1]:14459365 [2]:108 [3]:364
[0]:123421286 [1]:14486265 [2]:108 [3]:77
[0]:123645221 [1]:14515698 [2]:108 [3]:362
[0]:123855268 [1]:14543354 [2]:108 [3]:366
[0]:124066669 [1]:14571014 [2]:108 [3]:358
[0]:124279188 [1]:14598916 [2]:108 [3]:360
[0]:124483863 [1]:14625770 [2]:108 [3]:376
[0]:124685742 [1]:14652304 [2]:108 [3]:369
[0]:124896918 [1]:14679905 [2]:108 [3]:355
[0]:125101757 [1]:14706802 [2]:108 [3]:368
[0]:125309719 [1]:14734127 [2]:108 [3]:365
[0]:125526404 [1]:14762553 [2]:108 [3]:361
[0]:125732998 [1]:14789696 [2]:108 [3]:366
[0]:125943833 [1]:14817414 [2]:108 [3]:361
[0]:126156371 [1]:14845288 [2]:108 [3]:371
[0]:126394257 [1]:14876492 [2]:108 [3]:365
[0]:126620328 [1]:14906171 [2]:108 [3]:357
[0]:126825179 [1]:14933173 [2]:108 [3]:363
[0]:127116143 [1]:14971361 [2]:108 [3]:359
[0]:127321193 [1]:14998288 [2]:108 [3]:363
[0]:127525817 [1]:15025149 [2]:108 [3]:86
[0]:127789417 [1]:15059754 [2]:108 [3]:364
[0]:127997248 [1]:15087085 [2]:108 [3]:370
[0]:128210479 [1]:15115052 [2]:108 [3]:365
[0]:128447612 [1]:15146323 [2]:108 [3]:359
[0]:128670972 [1]:15175765 [2]:108 [3]:363
[0]:128874016 [1]:15202518 [2]:111 [3]:363
[0]:129080093 [1]:15229551 [2]:111 [3]:363
[0]:129292555 [1]:15257504 [2]:111 [3]:361
[0]:129504973 [1]:15285395 [2]:111 [3]:366
[0]:129708607 [1]:15312127 [2]:111 [3]:365
[0]:129941726 [1]:15342834 [2]:111 [3]:356
[0]:130152344 [1]:15370497 [2]:111 [3]:366
[0]:130362930 [1]:15397982 [2]:111 [3]:359
[0]:130566135 [1]:15424657 [2]:111 [3]:371
[0]:130768158 [1]:15451184 [2]:111 [3]:357
[0]:130972866 [1]:15478037 [2]:111 [3]:368
[0]:131177397 [1]:15505004 [2]:111 [3]:357
[0]:131387751 [1]:15532636 [2]:111 [3]:360
[0]:131594827 [1]:15559741 [2]:111 [3]:366
[0]:131803248 [1]:15587067 [2]:111 [3]:368
[0]:132015215 [1]:15614967 [2]:111 [3]:363
[0]:132232325 [1]:15643479 [2]:111 [3]:362
[0]:132441049 [1]:15670734 [2]:111 [3]:81
[0]:132647372 [1]:15697879 [2]:111 [3]:364
[0]:132875089 [1]:15727747 [2]:111 [3]:365
[0]:133078462 [1]:15754444 [2]:111 [3]:361
[0]:133287080 [1]:15781927 [2]:111 [3]:363
[0]:133495585 [1]:15809405 [2]:111 [3]:80
[0]:133696180 [1]:15835743 [2]:111 [3]:363
[0]:133911106 [1]:15865484 [2]:111 [3]:355
[0]:134118278 [1]:15908465 [2]:111 [3]:361
[0]:134310545 [1]:15948263 [2]:111 [3]:363
[0]:134504213 [1]:15988422 [2]:111 [3]:359
[0]:134701651 [1]:16029377 [2]:111 [3]:365
[0]:134902918 [1]:16071080 [2]:111 [3]:66
[0]:135108012 [1]:16113612 [2]:111 [3]:362
[0]:135309016 [1]:16155237 [2]:111 [3]:357
[0]:135508434 [1]:16196637 [2]:111 [3]:55
[0]:135696690 [1]:16235751 [2]:111 [3]:361
[0]:135896167 [1]:16277156 [2]:111 [3]:361
[0]:136103111 [1]:16319981 [2]:114 [3]:349
[0]:136300515 [1]:16360928 [2]:114 [3]:369
[0]:136501753 [1]:16402716 [2]:114 [3]:53
[0]:136720495 [1]:16448104 [2]:114 [3]:360
[0]:136919068 [1]:16489298 [2]:114 [3]:362
[0]:137179041 [1]:16543200 [2]:114 [3]:362
[0]:137376220 [1]:16584082 [2]:114 [3]:59
[0]:137566290 [1]:16623480 [2]:114 [3]:362
[0]:137830356 [1]:16678220 [2]:114 [3]:360
[0]:138040818 [1]:16721891 [2]:114 [3]:59
[0]:138251555 [1]:16765624 [2]:114 [3]:60
[0]:138443469 [1]:16805407 [2]:114 [3]:364
[0]:138644631 [1]:16847103 [2]:114 [3]:355
[0]:138845917 [1]:16888830 [2]:114 [3]:364
[0]:139044227 [1]:16930007 [2]:114 [3]:355
[0]:139244740 [1]:16971580 [2]:114 [3]:359
[0]:139445938 [1]:17013280 [2]:114 [3]:360
[0]:139686086 [1]:17063112 [2]:114 [3]:354
[0]:139876652 [1]:17102635 [2]:114 [3]:365
[0]:140071451 [1]:17143043 [2]:114 [3]:365
[0]:140269512 [1]:17184119 [2]:114 [3]:362
[0]:140466480 [1]:17224990 [2]:114 [3]:362
[0]:140668311 [1]:17266837 [2]:114 [3]:357
[0]:140863515 [1]:17307285 [2]:114 [3]:361
[0]:141059561 [1]:17347975 [2]:114 [3]:362
[0]:141254529 [1]:17388384 [2]:114 [3]:364
[0]:141453334 [1]:17429620 [2]:114 [3]:360
[0]:141640926 [1]:17468540 [2]:114 [3]:358
[0]:141834758 [1]:17508712 [2]:114 [3]:356
[0]:142036189 [1]:17550504 [2]:118 [3]:358
[0]:142247826 [1]:17594412 [2]:118 [3]:363
[0]:142446868 [1]:17635764 [2]:118 [3]:365
[0]:142638287 [1]:17675427 [2]:118 [3]:366
[0]:142837187 [1]:17716724 [2]:118 [3]:62
[0]:143034787 [1]:17757704 [2]:118 [3]:357
[0]:143228190 [1]:17797856 [2]:118 [3]:63
[0]:143425921 [1]:17838814 [2]:118 [3]:354
[0]:143638600 [1]:17882886 [2]:118 [3]:359
[0]:143836120 [1]:17923875 [2]:118 [3]:362
[0]:144033448 [1]:17964814 [2]:118 [3]:363
[0]:144247460 [1]:18009280 [2]:118 [3]:361
[0]:144469630 [1]:18055337 [2]:118 [3]:360
[0]:144660803 [1]:18094987 [2]:118 [3]:367
[0]:144852101 [1]:18134721 [2]:118 [3]:355
[0]:145047235 [1]:18175229 [2]:118 [3]:360
[0]:145259618 [1]:18219255 [2]:118 [3]:362
[0]:145453234 [1]:18259357 [2]:118 [3]:359
[0]:145650993 [1]:18300402 [2]:118 [3]:361
[0]:145852324 [1]:18342265 [2]:118 [3]:355
[0]:146042515 [1]:18381723 [2]:118 [3]:62
[0]:146247371 [1]:18424181 [2]:118 [3]:358
[0]:146470695 [1]:18470486 [2]:118 [3]:355
[0]:146672077 [1]:18512320 [2]:118 [3]:358
[0]:146865873 [1]:18552543 [2]:118 [3]:360
[0]:147063733 [1]:18593615 [2]:118 [3]:368
[0]:147259279 [1]:18634154 [2]:118 [3]:363
[0]:147462142 [1]:18676260 [2]:118 [3]:62
[0]:147659513 [1]:18717215 [2]:118 [3]:367
[0]:147857272 [1]:18758274 [2]:118 [3]:359
[0]:148058236 [1]:18799997 [2]:122 [3]:365
[0]:148293099 [1]:18848664 [2]:122 [3]:361
[0]:148491234 [1]:18889850 [2]:122 [3]:366
[0]:148691276 [1]:18931399 [2]:122 [3]:363
[0]:148893033 [1]:18973359 [2]:122 [3]:358
[0]:149088464 [1]:19013949 [2]:122 [3]:362
[0]:149291801 [1]:19056141 [2]:122 [3]:362
[0]:149485475 [1]:19096295 [2]:122 [3]:365
[0]:149690576 [1]:19138916 [2]:122 [3]:57
[0]:149891651 [1]:19180707 [2]:122 [3]:59
[0]:150084063 [1]:19220530 [2]:122 [3]:360
[0]:150320466 [1]:19269538 [2]:122 [3]:365
[0]:150513609 [1]:19309619 [2]:122 [3]:358
[0]:150707746 [1]:19349949 [2]:122 [3]:365
[0]:150909166 [1]:19391733 [2]:122 [3]:360
[0]:151102998 [1]:19431846 [2]:122 [3]:365
[0]:151300322 [1]:19472885 [2]:122 [3]:60
[0]:151501669 [1]:19514686 [2]:122 [3]:363
[0]:151699174 [1]:19555640 [2]:122 [3]:371
[0]:151884719 [1]:19594181 [2]:122 [3]:360
[0]:152118984 [1]:19642795 [2]:122 [3]:64
[0]:152312904 [1]:19683058 [2]:122 [3]:364
[0]:152515707 [1]:19725219 [2]:122 [3]:359
[0]:152721901 [1]:19767995 [2]:122 [3]:362
[0]:152908845 [1]:19806735 [2]:122 [3]:63
[0]:153100291 [1]:19846466 [2]:122 [3]:360
[0]:153290481 [1]:19885879 [2]:122 [3]:367
[0]:153483718 [1]:19926035 [2]:122 [3]:359
[0]:153676018 [1]:19965972 [2]:122 [3]:56
[0]:153879213 [1]:20008086 [2]:122 [3]:364
[0]:154083978 [1]:20050582 [2]:125 [3]:365
[0]:154318917 [1]:20099344 [2]:125 [3]:55
[0]:154516481 [1]:20140347 [2]:125 [3]:367
[0]:154717609 [1]:20181974 [2]:125 [3]:358
[0]:154922667 [1]:20224508 [2]:125 [3]:60
[0]:155123796 [1]:20266203 [2]:125 [3]:360
[0]:155347611 [1]:20312689 [2]:125 [3]:363
[0]:155552478 [1]:20355124 [2]:125 [3]:360
[0]:155769135 [1]:20399978 [2]:125 [3]:371
[0]:155969898 [1]:20441626 [2]:125 [3]:361
[0]:156171038 [1]:20483380 [2]:125 [3]:364
[0]:156368726 [1]:20524343 [2]:125 [3]:365
[0]:156594555 [1]:20571126 [2]:125 [3]:364
[0]:156796809 [1]:20613066 [2]:125 [3]:365
[0]:157005146 [1]:20656311 [2]:125 [3]:362
[0]:157195985 [1]:20695925 [2]:125 [3]:55
[0]:157400673 [1]:20738416 [2]:125 [3]:361
[0]:157598440 [1]:20779425 [2]:125 [3]:366
[0]:157795211 [1]:20820248 [2]:125 [3]:362
[0]:158012067 [1]:20865229 [2]:125 [3]:366
[0]:158235777 [1]:20911651 [2]:125 [3]:81
[0]:158474201 [1]:20961018 [2]:125 [3]:363
[0]:158679301 [1]:21003570 [2]:125 [3]:360
[0]:158871864 [1]:21043536 [2]:125 [3]:64
[0]:159133828 [1]:21097861 [2]:125 [3]:354
[0]:159329863 [1]:21138528 [2]:125 [3]:361
[0]:159528817 [1]:21179742 [2]:125 [3]:58
[0]:159745578 [1]:21224796 [2]:125 [3]:357
[0]:159961067 [1]:21269565 [2]:128 [3]:366
[0]:160164305 [1]:21311726 [2]:128 [3]:367
[0]:160383784 [1]:21357225 [2]:128 [3]:361
[0]:160576832 [1]:21397254 [2]:128 [3]:361
[0]:160769859 [1]:21437269 [2]:128 [3]:360
[0]:160963638 [1]:21477520 [2]:128 [3]:358
[0]:161156161 [1]:21517471 [2]:128 [3]:358
[0]:161353835 [1]:21558391 [2]:128 [3]:359
[0]:161552461 [1]:21599580 [2]:128 [3]:362
[0]:161741836 [1]:21638884 [2]:128 [3]:366
[0]:161940079 [1]:21680005 [2]:128 [3]:364
[0]:162172195 [1]:21728057 [2]:128 [3]:363
[0]:162364999 [1]:21768107 [2]:128 [3]:357
[0]:162562492 [1]:21809043 [2]:128 [3]:360
[0]:162756568 [1]:21849315 [2]:128 [3]:357
[0]:162953420 [1]:21890128 [2]:128 [3]:64
[0]:163158377 [1]:21932579 [2]:128 [3]:366
[0]:163360034 [1]:21974425 [2]:128 [3]:363
[0]:163559457 [1]:22015768 [2]:128 [3]:363
[0]:163762802 [1]:22057920 [2]:128 [3]:359
[0]:163952440 [1]:22097272 [2]:128 [3]:359
[0]:164146316 [1]:22137452 [2]:128 [3]:355
[0]:164336338 [1]:22176870 [2]:128 [3]:350
[0]:164518994 [1]:22214840 [2]:128 [3]:368
[0]:164723971 [1]:22257354 [2]:128 [3]:62
[0]:164917755 [1]:22297610 [2]:128 [3]:363
[0]:165122716 [1]:22340164 [2]:128 [3]:361
[0]:165319219 [1]:22380983 [2]:128 [3]:358
[0]:165517662 [1]:22422176 [2]:128 [3]:64
[0]:165722659 [1]:22464673 [2]:128 [3]:357
[0]:165918551 [1]:22505239 [2]:131 [3]:68
[0]:166117760 [1]:22546581 [2]:131 [3]:364
[0]:166311490 [1]:22586790 [2]:131 [3]:364
[0]:166511731 [1]:22628357 [2]:131 [3]:352
[0]:166710034 [1]:22669517 [2]:131 [3]:365
[0]:166927899 [1]:22714659 [2]:131 [3]:363
[0]:167127446 [1]:22756063 [2]:131 [3]:59
[0]:167318558 [1]:22795682 [2]:131 [3]:358
[0]:167515372 [1]:22836478 [2]:131 [3]:360
[0]:167705237 [1]:22875911 [2]:131 [3]:365
[0]:167898791 [1]:22916002 [2]:131 [3]:357
[0]:168089141 [1]:22955499 [2]:131 [3]:354
[0]:168302472 [1]:22999781 [2]:131 [3]:65
[0]:168491764 [1]:23039075 [2]:131 [3]:62
[0]:168692948 [1]:23080791 [2]:131 [3]:363
[0]:168888464 [1]:23121333 [2]:131 [3]:358
[0]:169084252 [1]:23161990 [2]:131 [3]:62
[0]:169274198 [1]:23201368 [2]:131 [3]:361
[0]:169474661 [1]:23242923 [2]:131 [3]:58
[0]:169658323 [1]:23280983 [2]:131 [3]:365
[0]:169855710 [1]:23321977 [2]:131 [3]:62
[0]:170045670 [1]:23361450 [2]:131 [3]:366
[0]:170243138 [1]:23402424 [2]:131 [3]:60
[0]:170432288 [1]:23441721 [2]:131 [3]:363
[0]:170626492 [1]:23481941 [2]:131 [3]:358
[0]:170824584 [1]:23522994 [2]:131 [3]:361
[0]:171022049 [1]:23563946 [2]:131 [3]:354
[0]:171219738 [1]:23604990 [2]:131 [3]:357
[0]:171409789 [1]:23644414 [2]:131 [3]:359
[0]:171603595 [1]:23684569 [2]:131 [3]:366
[0]:171822806 [1]:23730009 [2]:131 [3]:356
[0]:172017120 [1]:23770330 [2]:133 [3]:356
[0]:172222283 [1]:23812873 [2]:133 [3]:360
[0]:172417263 [1]:23853265 [2]:133 [3]:358
[0]:172609810 [1]:23893235 [2]:133 [3]:358
[0]:172807747 [1]:23934299 [2]:133 [3]:356
[0]:173038509 [1]:23982195 [2]:133 [3]:358
[0]:173235813 [1]:24023201 [2]:133 [3]:362
[0]:173426828 [1]:24062739 [2]:133 [3]:356
[0]:173619701 [1]:24102707 [2]:133 [3]:59
[0]:173810614 [1]:24142320 [2]:133 [3]:357
[0]:174011017 [1]:24183876 [2]:133 [3]:57
[0]:174212280 [1]:24225644 [2]:133 [3]:62
[0]:174409783 [1]:24266621 [2]:133 [3]:362
[0]:174689731 [1]:24324777 [2]:133 [3]:55
[0]:174878898 [1]:24364036 [2]:133 [3]:363
[0]:175075271 [1]:24404812 [2]:133 [3]:362
[0]:175263019 [1]:24443706 [2]:133 [3]:365
[0]:175460694 [1]:24484733 [2]:133 [3]:363
[0]:175658194 [1]:24525684 [2]:133 [3]:367
[0]:175859706 [1]:24567444 [2]:133 [3]:357
[0]:176054899 [1]:24607884 [2]:133 [3]:363
[0]:176252804 [1]:24648876 [2]:133 [3]:362
[0]:176448378 [1]:24689504 [2]:133 [3]:362
[0]:176645858 [1]:24730490 [2]:133 [3]:59
[0]:176839590 [1]:24770679 [2]:133 [3]:360
[0]:177037078 [1]:24811656 [2]:133 [3]:359
[0]:177228851 [1]:24851363 [2]:133 [3]:365
[0]:177420673 [1]:24891146 [2]:133 [3]:363
[0]:177622158 [1]:24932982 [2]:133 [3]:54
[0]:177838124 [1]:24977784 [2]:135 [3]:361
[0]:178039600 [1]:25019538 [2]:135 [3]:57
[0]:178232964 [1]:25059629 [2]:135 [3]:356
[0]:178430813 [1]:25100751 [2]:135 [3]:361
[0]:178620790 [1]:25140118 [2]:135 [3]:368
[0]:178811043 [1]:25179553 [2]:135 [3]:362
[0]:179008544 [1]:25220499 [2]:135 [3]:363
[0]:179198187 [1]:25259855 [2]:135 [3]:362
[0]:179396159 [1]:25300906 [2]:135 [3]:64
[0]:179595927 [1]:25342370 [2]:135 [3]:361
[0]:179846391 [1]:25394422 [2]:135 [3]:365
[0]:180033344 [1]:25433162 [2]:135 [3]:363
[0]:180231103 [1]:25474209 [2]:135 [3]:358
[0]:180428379 [1]:25515105 [2]:135 [3]:358
[0]:180618409 [1]:25554647 [2]:135 [3]:363
[0]:180812214 [1]:25594795 [2]:135 [3]:355
[0]:181000304 [1]:25633806 [2]:135 [3]:364
[0]:181207014 [1]:25676752 [2]:135 [3]:360
[0]:181404732 [1]:25717718 [2]:135 [3]:360
[0]:181594631 [1]:25757172 [2]:135 [3]:357
[0]:181795843 [1]:25798909 [2]:135 [3]:366
[0]:181990550 [1]:25839312 [2]:135 [3]:360
[0]:182182100 [1]:25879042 [2]:135 [3]:361
[0]:182381868 [1]:25920534 [2]:135 [3]:363
[0]:182577754 [1]:25961154 [2]:135 [3]:66
[0]:182798614 [1]:26006907 [2]:135 [3]:357
[0]:182997496 [1]:26048195 [2]:135 [3]:352
[0]:183260475 [1]:26102774 [2]:135 [3]:54
[0]:183461820 [1]:26144580 [2]:135 [3]:361
[0]:183658911 [1]:26185420 [2]:135 [3]:356
[0]:183845628 [1]:26224166 [2]:137 [3]:364
[0]:184036156 [1]:26263671 [2]:137 [3]:363
[0]:184221797 [1]:26302167 [2]:137 [3]:362
[0]:184415820 [1]:26342456 [2]:137 [3]:365
[0]:184609647 [1]:26382556 [2]:137 [3]:362
[0]:184800541 [1]:26422171 [2]:137 [3]:368
[0]:185004757 [1]:26464534 [2]:137 [3]:365
[0]:185228348 [1]:26510887 [2]:137 [3]:369
[0]:185422253 [1]:26551099 [2]:137 [3]:362
[0]:185615885 [1]:26591255 [2]:137 [3]:64
[0]:185817289 [1]:26633034 [2]:137 [3]:361
[0]:186010862 [1]:26673192 [2]:137 [3]:356
[0]:186230821 [1]:26718871 [2]:137 [3]:56
[0]:186424296 [1]:26758948 [2]:137 [3]:66
[0]:186629032 [1]:26801459 [2]:137 [3]:69
[0]:186830649 [1]:26843256 [2]:137 [3]:357
[0]:187028306 [1]:26884305 [2]:137 [3]:57
[0]:187222107 [1]:26924468 [2]:137 [3]:361
[0]:187427196 [1]:26966957 [2]:137 [3]:64
[0]:187626707 [1]:27008351 [2]:137 [3]:368
[0]:187826273 [1]:27049792 [2]:137 [3]:56
[0]:188019630 [1]:27089928 [2]:137 [3]:62
[0]:188237273 [1]:27135033 [2]:137 [3]:356
[0]:188429604 [1]:27174842 [2]:137 [3]:57
[0]:188638396 [1]:27218126 [2]:137 [3]:362
[0]:188838238 [1]:27259591 [2]:137 [3]:367
[0]:189037032 [1]:27300828 [2]:137 [3]:359
[0]:189238304 [1]:27342510 [2]:137 [3]:365
[0]:189439732 [1]:27384335 [2]:137 [3]:360
[0]:189663939 [1]:27430853 [2]:137 [3]:361
[0]:189856973 [1]:27470934 [2]:139 [3]:360
[0]:190087942 [1]:27518922 [2]:139 [3]:61
[0]:190285405 [1]:27559791 [2]:139 [3]:60
[0]:190486163 [1]:27601436 [2]:139 [3]:364
[0]:190732672 [1]:27652641 [2]:139 [3]:371
[0]:190935144 [1]:27694650 [2]:139 [3]:361
[0]:191127656 [1]:27734499 [2]:139 [3]:364
[0]:191340106 [1]:27778607 [2]:139 [3]:361
[0]:191528803 [1]:27817685 [2]:139 [3]:366
[0]:191750281 [1]:27863611 [2]:139 [3]:360
[0]:191958864 [1]:27906842 [2]:139 [3]:360
[0]:192152639 [1]:27946957 [2]:139 [3]:360
[0]:192350260 [1]:27987965 [2]:139 [3]:62
[0]:192540130 [1]:28027357 [2]:139 [3]:359
[0]:192734772 [1]:28067701 [2]:139 [3]:78
[0]:192925871 [1]:28107300 [2]:139 [3]:360
[0]:193147062 [1]:28153181 [2]:139 [3]:62
[0]:193341645 [1]:28193606 [2]:139 [3]:360
[0]:193546440 [1]:28236128 [2]:139 [3]:356
[0]:193758968 [1]:28280279 [2]:139 [3]:367
[0]:193953084 [1]:28320506 [2]:139 [3]:362
[0]:194147927 [1]:28360898 [2]:139 [3]:365
[0]:194351504 [1]:28403086 [2]:139 [3]:364
[0]:194549172 [1]:28444089 [2]:139 [3]:363
[0]:194797003 [1]:28495460 [2]:139 [3]:64
[0]:194981283 [1]:28533667 [2]:139 [3]:58
[0]:195171296 [1]:28573088 [2]:139 [3]:359
[0]:195424997 [1]:28625773 [2]:139 [3]:368
[0]:195629960 [1]:28668230 [2]:139 [3]:365
[0]:195838541 [1]:28711395 [2]:141 [3]:363
[0]:196031486 [1]:28751446 [2]:141 [3]:360
[0]:196223267 [1]:28791223 [2]:141 [3]:355
[0]:196416035 [1]:28831224 [2]:141 [3]:363
[0]:196613738 [1]:28872211 [2]:141 [3]:357
[0]:196803756 [1]:28911589 [2]:141 [3]:358
[0]:197003048 [1]:28952941 [2]:141 [3]:359
[0]:197190596 [1]:28991826 [2]:141 [3]:363
[0]:197401440 [1]:29035572 [2]:141 [3]:61
[0]:197601490 [1]:29077003 [2]:141 [3]:359
[0]:197802657 [1]:29118784 [2]:141 [3]:365
[0]:198000057 [1]:29159771 [2]:141 [3]:359
[0]:198197611 [1]:29200766 [2]:141 [3]:361
[0]:198383902 [1]:29239397 [2]:141 [3]:359
[0]:198577172 [1]:29279490 [2]:141 [3]:365
[0]:198774590 [1]:29320468 [2]:141 [3]:363
[0]:198995153 [1]:29366228 [2]:141 [3]:358
[0]:199205521 [1]:29409846 [2]:141 [3]:367
[0]:199404960 [1]:29451228 [2]:141 [3]:364
[0]:199611158 [1]:29493949 [2]:141 [3]:363
[0]:199611158 [1]:29493949 [2]:141 [3]:363
[0]:199611158 [1]:29493949 [2]:141 [3]:363
[0]:199611158 [1]:29493949 [2]:141 [3]:363
[0]:199611158 [1]:29493949 [2]:141 [3]:363
[0]:199611158 [1]:29493949 [2]:141 [3]:363
[0]:199611158 [1]:29493949 [2]:141 [3]:363
[0]:199611158 [1]:29493949 [2]:141 [3]:363
[0]:199611158 [1]:29493949 [2]:141 [3]:363
[0]:199611158 [1]:29493949 [2]:141 [3]:363
[0]:199611158 [1]:29493949 [2]:141 [3]:363
[0]:199611158 [1]:29493949 [2]:141 [3]:363
                                                                                                                                     [0]:199611158 [1]:29493949 [2]:141 [3]:363
[0]:199611158 [1]:29493949 [2]:141 [3]:363
[0]:199611158 [1]:29493949 [2]:141 [3]:363
[0]:199611158 [1]:29493949 [2]:141 [3]:363
[0]:199611158 [1]:29493949 [2]:141 [3]:363
[0]:199611158 [1]:29493949 [2]:141 [3]:363
