[0]:0 [1]:0 [2]:0 [3]:0
[0]:0 [1]:0 [2]:0 [3]:0
[0]:0 [1]:0 [2]:0 [3]:0
[0]:0 [1]:0 [2]:0 [3]:0
[0]:1003348 [1]:0 [2]:0 [3]:28
[0]:2753664 [1]:0 [2]:0 [3]:32
[0]:4445294 [1]:0 [2]:0 [3]:10
[0]:6095980 [1]:0 [2]:0 [3]:8
[0]:7799196 [1]:0 [2]:0 [3]:11
[0]:9535099 [1]:0 [2]:0 [3]:9
[0]:11268861 [1]:0 [2]:0 [3]:12
[0]:13026494 [1]:0 [2]:0 [3]:12
[0]:14725923 [1]:0 [2]:0 [3]:10
[0]:16506908 [1]:0 [2]:0 [3]:32
[0]:18213033 [1]:0 [2]:0 [3]:31
[0]:19948287 [1]:0 [2]:0 [3]:8
[0]:21682461 [1]:0 [2]:0 [3]:14
[0]:23900968 [1]:0 [2]:0 [3]:11
[0]:26023787 [1]:0 [2]:0 [3]:7
[0]:27793925 [1]:0 [2]:0 [3]:29
[0]:29580339 [1]:0 [2]:0 [3]:8
[0]:31283434 [1]:0 [2]:0 [3]:11
[0]:32992797 [1]:0 [2]:0 [3]:9
[0]:34724654 [1]:0 [2]:0 [3]:10
[0]:36856588 [1]:0 [2]:0 [3]:29
[0]:38542794 [1]:0 [2]:0 [3]:14
[0]:40271384 [1]:0 [2]:0 [3]:32
[0]:41981522 [1]:0 [2]:0 [3]:9
[0]:43747056 [1]:0 [2]:0 [3]:29
[0]:45469151 [1]:0 [2]:0 [3]:9
[0]:47166124 [1]:0 [2]:0 [3]:34
[0]:48915991 [1]:0 [2]:0 [3]:11
[0]:50705753 [1]:0 [2]:0 [3]:29
[0]:52852451 [1]:0 [2]:0 [3]:31
[0]:54946803 [1]:0 [2]:0 [3]:12
[0]:57064315 [1]:0 [2]:0 [3]:36
[0]:59031444 [1]:0 [2]:0 [3]:29
[0]:60951925 [1]:0 [2]:0 [3]:12
[0]:62943924 [1]:0 [2]:0 [3]:28
[0]:64816888 [1]:0 [2]:0 [3]:29
[0]:66726944 [1]:0 [2]:0 [3]:34
[0]:68024758 [1]:454362 [2]:7 [3]:53
[0]:69421906 [1]:1167319 [2]:7 [3]:12
[0]:70597434 [1]:1768121 [2]:7 [3]:12
[0]:71765560 [1]:2360624 [2]:7 [3]:49
[0]:72941173 [1]:2960990 [2]:7 [3]:57
[0]:74157202 [1]:3586408 [2]:7 [3]:12
[0]:75602440 [1]:4325330 [2]:7 [3]:49
[0]:76834534 [1]:4957927 [2]:7 [3]:13
[0]:78051980 [1]:5578509 [2]:7 [3]:10
[0]:79277485 [1]:6201438 [2]:7 [3]:14
[0]:80411352 [1]:6782807 [2]:7 [3]:54
[0]:81440037 [1]:7307919 [2]:7 [3]:9
[0]:82564546 [1]:7882506 [2]:7 [3]:11
[0]:83581639 [1]:8403547 [2]:7 [3]:11
[0]:84623099 [1]:8937231 [2]:7 [3]:17
[0]:85657571 [1]:9467107 [2]:7 [3]:11
[0]:86672693 [1]:9987349 [2]:7 [3]:14
[0]:87697574 [1]:10511921 [2]:7 [3]:51
[0]:88792742 [1]:11073600 [2]:7 [3]:17
[0]:89847235 [1]:11618121 [2]:7 [3]:14
[0]:90876192 [1]:12142191 [2]:7 [3]:54
[0]:91938049 [1]:12684550 [2]:7 [3]:8
[0]:92962574 [1]:13209330 [2]:7 [3]:10
[0]:93937573 [1]:13708767 [2]:7 [3]:9
[0]:94979397 [1]:14242996 [2]:7 [3]:58
[0]:96127211 [1]:14831938 [2]:7 [3]:50
[0]:97790275 [1]:15679280 [2]:7 [3]:12
[0]:98904037 [1]:16250163 [2]:7 [3]:14
[0]:100007910 [1]:16814686 [2]:7 [3]:50
[0]:101077087 [1]:17360614 [2]:7 [3]:16
[0]:102127503 [1]:17896820 [2]:7 [3]:10
[0]:103177757 [1]:18435191 [2]:7 [3]:13
[0]:104285582 [1]:19002121 [2]:7 [3]:17
[0]:105472037 [1]:19609653 [2]:7 [3]:13
[0]:106531905 [1]:20154920 [2]:7 [3]:8
[0]:107714883 [1]:20759007 [2]:7 [3]:16
[0]:108781876 [1]:21304651 [2]:7 [3]:11
[0]:109795904 [1]:21825220 [2]:7 [3]:52
[0]:110980856 [1]:22431257 [2]:7 [3]:48
[0]:112019326 [1]:22963824 [2]:7 [3]:51
[0]:113106392 [1]:23517831 [2]:7 [3]:47
[0]:114419504 [1]:24186384 [2]:7 [3]:58
[0]:115675443 [1]:24829456 [2]:7 [3]:14
[0]:116942727 [1]:25476075 [2]:7 [3]:12
[0]:118196880 [1]:26112005 [2]:7 [3]:50
[0]:119467417 [1]:26761839 [2]:7 [3]:10
[0]:120563129 [1]:27325416 [2]:7 [3]:9
[0]:121809984 [1]:27961804 [2]:7 [3]:49
[0]:122981764 [1]:28559463 [2]:7 [3]:51
[0]:124067852 [1]:29121464 [2]:7 [3]:12
[0]:125193294 [1]:29698182 [2]:7 [3]:9
[0]:126280317 [1]:30255989 [2]:7 [3]:53
[0]:127431484 [1]:30841295 [2]:7 [3]:13
[0]:128567236 [1]:31422174 [2]:7 [3]:52
[0]:129748815 [1]:32025470 [2]:7 [3]:51
[0]:130886275 [1]:32606667 [2]:7 [3]:51
[0]:132006055 [1]:33179426 [2]:7 [3]:11
[0]:133169490 [1]:33775102 [2]:7 [3]:16
[0]:134329820 [1]:34375649 [2]:7 [3]:50
[0]:135513656 [1]:34977620 [2]:7 [3]:20
[0]:136694565 [1]:35585062 [2]:7 [3]:13
[0]:137707069 [1]:36102817 [2]:7 [3]:18
[0]:138753220 [1]:36639233 [2]:7 [3]:12
[0]:139765742 [1]:37159557 [2]:7 [3]:13
[0]:140769312 [1]:37670896 [2]:7 [3]:53
[0]:141811469 [1]:38205307 [2]:7 [3]:50
[0]:142807117 [1]:38711850 [2]:7 [3]:12
[0]:143875549 [1]:39257757 [2]:7 [3]:11
[0]:144987420 [1]:39816907 [2]:7 [3]:11
[0]:145976161 [1]:40319783 [2]:7 [3]:47
[0]:147001472 [1]:40838383 [2]:7 [3]:51
[0]:148051322 [1]:41376457 [2]:7 [3]:53
[0]:149195064 [1]:41963130 [2]:7 [3]:53
[0]:150233735 [1]:42495132 [2]:7 [3]:12
[0]:151267864 [1]:43025433 [2]:7 [3]:56
[0]:152432616 [1]:43620566 [2]:7 [3]:10
[0]:153739081 [1]:44293417 [2]:7 [3]:7
[0]:154858669 [1]:44867340 [2]:7 [3]:10
[0]:155972801 [1]:45434985 [2]:7 [3]:48
[0]:157038371 [1]:45977428 [2]:7 [3]:8
[0]:158115021 [1]:46529228 [2]:7 [3]:10
[0]:159147699 [1]:47061247 [2]:7 [3]:12
[0]:160175993 [1]:47587814 [2]:7 [3]:47
[0]:161222545 [1]:48127682 [2]:7 [3]:16
[0]:162252333 [1]:48658318 [2]:7 [3]:13
[0]:163263654 [1]:49173993 [2]:7 [3]:55
[0]:164300088 [1]:49701951 [2]:7 [3]:52
[0]:165354995 [1]:50241408 [2]:7 [3]:53
[0]:166459244 [1]:50802459 [2]:7 [3]:16
[0]:167547382 [1]:51361173 [2]:7 [3]:10
[0]:168650462 [1]:51922315 [2]:7 [3]:12
[0]:169792757 [1]:52508566 [2]:7 [3]:10
[0]:171090839 [1]:53173185 [2]:7 [3]:11
[0]:172276021 [1]:53776520 [2]:7 [3]:56
[0]:173495831 [1]:54398062 [2]:7 [3]:50
[0]:174831078 [1]:55079878 [2]:7 [3]:10
[0]:176140894 [1]:55748589 [2]:7 [3]:16
[0]:177301299 [1]:56342043 [2]:7 [3]:9
[0]:178662633 [1]:57042702 [2]:7 [3]:11
[0]:179787299 [1]:57616777 [2]:7 [3]:49
[0]:180938174 [1]:58204061 [2]:7 [3]:51
[0]:182128361 [1]:58812380 [2]:7 [3]:17
[0]:183312902 [1]:59414293 [2]:7 [3]:13
[0]:184474047 [1]:60009242 [2]:7 [3]:10
[0]:185633364 [1]:60605500 [2]:7 [3]:13
[0]:186812036 [1]:61205955 [2]:7 [3]:14
[0]:187998527 [1]:61811275 [2]:7 [3]:8
[0]:189181663 [1]:62417317 [2]:7 [3]:55
[0]:190389604 [1]:63038545 [2]:7 [3]:17
[0]:191540674 [1]:63620758 [2]:7 [3]:45
[0]:192748507 [1]:64241154 [2]:7 [3]:11
[0]:193897958 [1]:64833234 [2]:7 [3]:14
[0]:194944744 [1]:65370140 [2]:7 [3]:17
[0]:196049214 [1]:65937054 [2]:7 [3]:9
[0]:197050902 [1]:66450422 [2]:7 [3]:12
[0]:198062925 [1]:66965226 [2]:7 [3]:18
[0]:199044901 [1]:67469062 [2]:7 [3]:14
[0]:200267891 [1]:68090668 [2]:7 [3]:14
[0]:201241270 [1]:68587550 [2]:7 [3]:55
[0]:202256223 [1]:69108487 [2]:7 [3]:9
[0]:203235448 [1]:69610470 [2]:7 [3]:51
[0]:204200394 [1]:70108287 [2]:7 [3]:16
[0]:205212800 [1]:70621191 [2]:7 [3]:10
[0]:206165639 [1]:71111549 [2]:7 [3]:12
[0]:207170803 [1]:71620844 [2]:7 [3]:11
[0]:208300249 [1]:72201989 [2]:7 [3]:14
[0]:209548517 [1]:72840633 [2]:7 [3]:50
[0]:210734049 [1]:73449486 [2]:7 [3]:10
[0]:211810659 [1]:73998752 [2]:7 [3]:14
[0]:212831357 [1]:74519047 [2]:7 [3]:51
[0]:213842996 [1]:75040809 [2]:7 [3]:12
[0]:214863403 [1]:75564611 [2]:7 [3]:50
[0]:216117767 [1]:76207752 [2]:7 [3]:11
[0]:217187483 [1]:76755148 [2]:7 [3]:15
[0]:218275063 [1]:77310186 [2]:7 [3]:11
[0]:219266539 [1]:77821928 [2]:7 [3]:10
[0]:220281625 [1]:78342594 [2]:7 [3]:8
[0]:221302310 [1]:78863341 [2]:7 [3]:50
[0]:222592943 [1]:79525648 [2]:7 [3]:14
[0]:223577443 [1]:80027904 [2]:7 [3]:51
[0]:224614481 [1]:80562285 [2]:7 [3]:45
[0]:225718827 [1]:81127793 [2]:7 [3]:9
[0]:227020488 [1]:81795283 [2]:7 [3]:54
[0]:228234620 [1]:82421432 [2]:7 [3]:12
[0]:229369265 [1]:83004480 [2]:7 [3]:50
[0]:230526512 [1]:83598648 [2]:7 [3]:16
[0]:231678111 [1]:84183331 [2]:7 [3]:56
[0]:232858117 [1]:84791257 [2]:7 [3]:11
[0]:233986984 [1]:85371218 [2]:7 [3]:15
[0]:235171608 [1]:85977651 [2]:7 [3]:16
[0]:236317776 [1]:86563607 [2]:7 [3]:50
[0]:237459887 [1]:87148294 [2]:7 [3]:11
[0]:238600467 [1]:87733197 [2]:7 [3]:12
[0]:239743872 [1]:88319145 [2]:7 [3]:51
[0]:240876263 [1]:88895817 [2]:7 [3]:10
[0]:242002524 [1]:89467338 [2]:7 [3]:51
[0]:243108093 [1]:90032027 [2]:7 [3]:10
[0]:244234847 [1]:90610525 [2]:7 [3]:45
[0]:245359747 [1]:91185732 [2]:7 [3]:9
[0]:246518707 [1]:91779310 [2]:7 [3]:50
[0]:247651733 [1]:92361095 [2]:7 [3]:7
[0]:248940458 [1]:93020237 [2]:7 [3]:14
