[0]:734035865 [1]:436541358 [2]:7 [3]:19
[0]:735173784 [1]:437547926 [2]:7 [3]:11
[0]:736285742 [1]:438530221 [2]:7 [3]:18
[0]:737949047 [1]:440006365 [2]:7 [3]:24
[0]:739276358 [1]:441179794 [2]:7 [3]:13
[0]:740655887 [1]:442398746 [2]:7 [3]:18
[0]:741801479 [1]:443411699 [2]:7 [3]:63
[0]:742947326 [1]:444426872 [2]:7 [3]:16
[0]:744052500 [1]:445405551 [2]:7 [3]:19
[0]:745229357 [1]:446448006 [2]:7 [3]:18
[0]:746324222 [1]:447416438 [2]:7 [3]:13
[0]:747415379 [1]:448386881 [2]:7 [3]:23
[0]:748585761 [1]:449422472 [2]:7 [3]:13
[0]:749705669 [1]:450411402 [2]:7 [3]:17
[0]:750827512 [1]:451407012 [2]:7 [3]:14
[0]:751939711 [1]:452393066 [2]:7 [3]:18
[0]:753054659 [1]:453378090 [2]:7 [3]:17
[0]:754167586 [1]:454361894 [2]:7 [3]:15
[0]:755280766 [1]:455349632 [2]:7 [3]:56
[0]:756466245 [1]:456397472 [2]:7 [3]:53
[0]:757964447 [1]:457718709 [2]:7 [3]:20
[0]:759344784 [1]:458940333 [2]:7 [3]:17
[0]:760747420 [1]:460181371 [2]:7 [3]:63
[0]:762127884 [1]:461403343 [2]:7 [3]:19
[0]:763404529 [1]:462540855 [2]:7 [3]:18
[0]:764645013 [1]:463638662 [2]:7 [3]:14
[0]:765982431 [1]:464821761 [2]:7 [3]:18
[0]:767249240 [1]:465939466 [2]:7 [3]:17
[0]:768456428 [1]:467009644 [2]:7 [3]:23
[0]:769708157 [1]:468118379 [2]:7 [3]:14
[0]:770911822 [1]:469187188 [2]:7 [3]:58
[0]:772143186 [1]:470273185 [2]:7 [3]:60
[0]:773379152 [1]:471369741 [2]:7 [3]:24
[0]:774661699 [1]:472503586 [2]:7 [3]:61
[0]:775896181 [1]:473596620 [2]:7 [3]:16
[0]:777173032 [1]:474726132 [2]:7 [3]:15
[0]:778386601 [1]:475798589 [2]:7 [3]:18
[0]:779596843 [1]:476871426 [2]:7 [3]:12
[0]:780911741 [1]:478028696 [2]:7 [3]:15
[0]:782112233 [1]:479095633 [2]:7 [3]:55
[0]:783357994 [1]:480195479 [2]:7 [3]:16
[0]:784435263 [1]:481150912 [2]:7 [3]:13
[0]:785522528 [1]:482116749 [2]:7 [3]:17
[0]:786925865 [1]:483358102 [2]:7 [3]:14
[0]:787984591 [1]:484299644 [2]:7 [3]:19
[0]:789076620 [1]:485267561 [2]:7 [3]:20
[0]:790188396 [1]:486252676 [2]:7 [3]:50
[0]:791345663 [1]:487275659 [2]:7 [3]:14
[0]:792727672 [1]:488501311 [2]:7 [3]:21
[0]:793811757 [1]:489458294 [2]:7 [3]:17
[0]:795070993 [1]:490579140 [2]:7 [3]:11
[0]:796403893 [1]:491752728 [2]:7 [3]:20
[0]:797541411 [1]:492762800 [2]:7 [3]:12
[0]:798652739 [1]:493743095 [2]:7 [3]:20
[0]:799974089 [1]:494909505 [2]:7 [3]:19
[0]:801378386 [1]:496147995 [2]:7 [3]:59
[0]:802642193 [1]:497260787 [2]:7 [3]:17
[0]:803731496 [1]:498230794 [2]:7 [3]:18
[0]:804811809 [1]:499180203 [2]:7 [3]:16
[0]:805908864 [1]:500156593 [2]:7 [3]:17
[0]:806966113 [1]:501090266 [2]:7 [3]:11
[0]:808326742 [1]:502298054 [2]:7 [3]:15
[0]:809441190 [1]:503285202 [2]:7 [3]:15
[0]:810554873 [1]:504269814 [2]:7 [3]:14
[0]:811864711 [1]:505427410 [2]:7 [3]:56
[0]:812972597 [1]:506411700 [2]:7 [3]:56
[0]:814109669 [1]:507415044 [2]:7 [3]:15
[0]:815198403 [1]:508379504 [2]:7 [3]:48
[0]:816311601 [1]:509364186 [2]:7 [3]:17
[0]:817399009 [1]:510328021 [2]:7 [3]:60
[0]:818488878 [1]:511291839 [2]:7 [3]:21
[0]:819846742 [1]:512492022 [2]:7 [3]:11
[0]:821205072 [1]:513693661 [2]:7 [3]:17
[0]:822578210 [1]:514909075 [2]:7 [3]:19
[0]:823930723 [1]:516101807 [2]:7 [3]:14
[0]:825363372 [1]:517370925 [2]:7 [3]:17
[0]:826721108 [1]:518567369 [2]:7 [3]:16
[0]:827955798 [1]:519664777 [2]:7 [3]:21
[0]:829253860 [1]:520813322 [2]:7 [3]:57
[0]:830520534 [1]:521933459 [2]:7 [3]:17
[0]:831778968 [1]:523051997 [2]:7 [3]:51
[0]:833060988 [1]:524186103 [2]:7 [3]:53
[0]:834319244 [1]:525300302 [2]:7 [3]:52
[0]:835567106 [1]:526401327 [2]:7 [3]:17
[0]:836783240 [1]:527480822 [2]:7 [3]:10
[0]:838044487 [1]:528594261 [2]:7 [3]:50
[0]:839302761 [1]:529706946 [2]:7 [3]:23
[0]:840537302 [1]:530803620 [2]:7 [3]:18
[0]:841745860 [1]:531870809 [2]:7 [3]:50
[0]:842979367 [1]:532962158 [2]:7 [3]:17
[0]:844206998 [1]:534052110 [2]:7 [3]:56
[0]:845620905 [1]:535300437 [2]:7 [3]:16
[0]:846800899 [1]:536344935 [2]:7 [3]:20
[0]:847889782 [1]:537301468 [2]:7 [3]:50
[0]:848979371 [1]:538265662 [2]:7 [3]:61
[0]:850115211 [1]:539269145 [2]:7 [3]:12
[0]:851208597 [1]:540239358 [2]:7 [3]:17
[0]:852291503 [1]:541200121 [2]:7 [3]:60
[0]:853621394 [1]:542380417 [2]:7 [3]:19
[0]:854848266 [1]:543461008 [2]:7 [3]:18
[0]:856069424 [1]:544544213 [2]:7 [3]:17
[0]:857152968 [1]:545505039 [2]:7 [3]:15
[0]:858265216 [1]:546487357 [2]:7 [3]:22
[0]:859308654 [1]:547411927 [2]:7 [3]:17
[0]:860378765 [1]:548358795 [2]:7 [3]:15
[0]:861801155 [1]:549621783 [2]:7 [3]:14
[0]:863188564 [1]:550847055 [2]:7 [3]:13
[0]:864557441 [1]:552068845 [2]:7 [3]:14
[0]:865942049 [1]:553287893 [2]:7 [3]:13
[0]:867048415 [1]:554269020 [2]:7 [3]:17
[0]:868100112 [1]:555197285 [2]:7 [3]:17
[0]:869246888 [1]:556213499 [2]:7 [3]:57
[0]:870387124 [1]:557222209 [2]:7 [3]:17
[0]:871506046 [1]:558207485 [2]:7 [3]:58
[0]:872632445 [1]:559210656 [2]:7 [3]:16
[0]:873724685 [1]:560177989 [2]:7 [3]:12
[0]:874805404 [1]:561127968 [2]:7 [3]:19
[0]:875902292 [1]:562102366 [2]:7 [3]:50
[0]:877277461 [1]:563320604 [2]:7 [3]:15
[0]:878424063 [1]:564334649 [2]:7 [3]:18
[0]:879814451 [1]:565567530 [2]:7 [3]:19
[0]:881068894 [1]:566679076 [2]:7 [3]:18
[0]:882387863 [1]:567844644 [2]:7 [3]:24
[0]:883904330 [1]:569187951 [2]:7 [3]:10
[0]:885111112 [1]:570255130 [2]:7 [3]:15
[0]:886371710 [1]:571373751 [2]:7 [3]:10
[0]:887653245 [1]:572511987 [2]:7 [3]:19
[0]:888961051 [1]:573667497 [2]:7 [3]:9
[0]:890227190 [1]:574788021 [2]:7 [3]:20
[0]:891475633 [1]:575886681 [2]:7 [3]:17
[0]:892781946 [1]:577038582 [2]:7 [3]:18
[0]:894065647 [1]:578170489 [2]:7 [3]:53
[0]:895371923 [1]:579330898 [2]:7 [3]:19
[0]:896593853 [1]:580407213 [2]:7 [3]:17
[0]:897815492 [1]:581488804 [2]:7 [3]:18
[0]:899092559 [1]:582615892 [2]:7 [3]:19
[0]:900364006 [1]:583733333 [2]:7 [3]:18
[0]:901657157 [1]:584879030 [2]:7 [3]:57
[0]:902872743 [1]:585951469 [2]:7 [3]:12
[0]:904116978 [1]:587058595 [2]:7 [3]:14
[0]:905363582 [1]:588157971 [2]:7 [3]:53
[0]:906596620 [1]:589250687 [2]:7 [3]:18
[0]:907718052 [1]:590251149 [2]:7 [3]:16
[0]:908868874 [1]:591267061 [2]:7 [3]:12
[0]:909959229 [1]:592231878 [2]:7 [3]:18
[0]:911170244 [1]:593307001 [2]:7 [3]:19
[0]:912330025 [1]:594337892 [2]:7 [3]:13
[0]:913440136 [1]:595321206 [2]:7 [3]:20
[0]:914581076 [1]:596329335 [2]:7 [3]:56
[0]:915694837 [1]:597319555 [2]:7 [3]:19
[0]:916798391 [1]:598291722 [2]:7 [3]:15
[0]:917897999 [1]:599267788 [2]:7 [3]:11
[0]:919108116 [1]:600338605 [2]:7 [3]:52
[0]:920244729 [1]:601340406 [2]:7 [3]:21
[0]:921339840 [1]:602310538 [2]:7 [3]:19
[0]:922469952 [1]:603306191 [2]:7 [3]:19
[0]:923658982 [1]:604357244 [2]:7 [3]:15
[0]:925010384 [1]:605557695 [2]:7 [3]:10
[0]:926321746 [1]:606727779 [2]:7 [3]:15
[0]:927541635 [1]:607800400 [2]:7 [3]:14
[0]:928636095 [1]:608769767 [2]:7 [3]:58
[0]:929774782 [1]:609776116 [2]:7 [3]:15
[0]:930842074 [1]:610717836 [2]:7 [3]:12
[0]:931894473 [1]:611652572 [2]:7 [3]:48
[0]:932988227 [1]:612624137 [2]:7 [3]:16
[0]:934074969 [1]:613583390 [2]:7 [3]:14
[0]:935149685 [1]:614537840 [2]:7 [3]:19
[0]:936445160 [1]:615684482 [2]:7 [3]:14
[0]:937563218 [1]:616672225 [2]:7 [3]:63
[0]:939037470 [1]:617981702 [2]:7 [3]:17
[0]:940150265 [1]:618970353 [2]:7 [3]:14
[0]:941255138 [1]:619946805 [2]:7 [3]:16
[0]:942353758 [1]:620917857 [2]:7 [3]:53
[0]:943662304 [1]:622074526 [2]:7 [3]:16
[0]:945100753 [1]:623343225 [2]:7 [3]:18
[0]:946438566 [1]:624523633 [2]:7 [3]:12
[0]:947770595 [1]:625705696 [2]:7 [3]:19
[0]:949075787 [1]:626863061 [2]:7 [3]:52
[0]:950308778 [1]:627955540 [2]:7 [3]:13
[0]:951636685 [1]:629129885 [2]:7 [3]:13
[0]:952899019 [1]:630244978 [2]:7 [3]:16
[0]:954101078 [1]:631307774 [2]:7 [3]:55
[0]:955332107 [1]:632403725 [2]:7 [3]:16
[0]:956551011 [1]:633479264 [2]:7 [3]:12
[0]:957761043 [1]:634549817 [2]:7 [3]:19
[0]:958999271 [1]:635642326 [2]:7 [3]:21
[0]:960227659 [1]:636729798 [2]:7 [3]:18
[0]:961505126 [1]:637856505 [2]:7 [3]:19
[0]:962691491 [1]:638902599 [2]:7 [3]:16
[0]:963883930 [1]:639958309 [2]:7 [3]:49
[0]:965168017 [1]:641093414 [2]:7 [3]:57
[0]:966520417 [1]:642289019 [2]:7 [3]:55
[0]:967852827 [1]:643471794 [2]:7 [3]:16
[0]:969088445 [1]:644562122 [2]:7 [3]:53
[0]:970199406 [1]:645546648 [2]:7 [3]:13
[0]:971335988 [1]:646554588 [2]:7 [3]:17
[0]:972479938 [1]:647564925 [2]:7 [3]:13
[0]:973596903 [1]:648553381 [2]:7 [3]:56
[0]:974733229 [1]:649557993 [2]:7 [3]:17
[0]:975856824 [1]:650557748 [2]:7 [3]:11
[0]:976968425 [1]:651539971 [2]:7 [3]:56
[0]:978058101 [1]:652500322 [2]:7 [3]:13
[0]:979169826 [1]:653488024 [2]:7 [3]:13
[0]:980300215 [1]:654486748 [2]:7 [3]:55
[0]:981516718 [1]:655559073 [2]:7 [3]:15
[0]:982619505 [1]:656534583 [2]:7 [3]:60
[0]:983713972 [1]:657499506 [2]:7 [3]:20
[0]:984855972 [1]:658516870 [2]:7 [3]:16
[0]:986055108 [1]:659572671 [2]:7 [3]:13
