[0]:0 [1]:0 [2]:0 [3]:0
[0]:134548 [1]:0 [2]:0 [3]:85
[0]:368686 [1]:0 [2]:0 [3]:73
[0]:596744 [1]:0 [2]:0 [3]:314
[0]:824834 [1]:0 [2]:0 [3]:64
[0]:1049403 [1]:87 [2]:121 [3]:371
[0]:1262227 [1]:24092 [2]:121 [3]:66
[0]:1459110 [1]:46269 [2]:121 [3]:370
[0]:1663014 [1]:69302 [2]:121 [3]:363
[0]:1860097 [1]:91405 [2]:121 [3]:67
[0]:2050853 [1]:112987 [2]:121 [3]:350
[0]:2245520 [1]:135053 [2]:121 [3]:65
[0]:2456497 [1]:158845 [2]:121 [3]:367
[0]:2670180 [1]:182824 [2]:106 [3]:366
[0]:2868617 [1]:205288 [2]:106 [3]:358
[0]:3070718 [1]:228093 [2]:106 [3]:64
[0]:3276930 [1]:251237 [2]:106 [3]:363
[0]:3528298 [1]:279502 [2]:106 [3]:361
[0]:3721643 [1]:301323 [2]:106 [3]:66
[0]:3943579 [1]:326280 [2]:106 [3]:79
[0]:4142664 [1]:348813 [2]:96 [3]:68
[0]:4332978 [1]:370295 [2]:96 [3]:68
[0]:4541729 [1]:393702 [2]:96 [3]:356
[0]:4747700 [1]:416848 [2]:96 [3]:88
[0]:4934266 [1]:437894 [2]:96 [3]:71
[0]:5143932 [1]:461677 [2]:96 [3]:357
[0]:5335462 [1]:483179 [2]:96 [3]:366
[0]:5535258 [1]:505739 [2]:96 [3]:376
[0]:5748352 [1]:529856 [2]:90 [3]:358
[0]:5949602 [1]:552592 [2]:90 [3]:362
[0]:6151600 [1]:575407 [2]:90 [3]:74
[0]:6341099 [1]:596691 [2]:90 [3]:59
[0]:6545697 [1]:619753 [2]:90 [3]:349
[0]:6739294 [1]:641637 [2]:90 [3]:367
[0]:6935561 [1]:663846 [2]:90 [3]:61
[0]:7128949 [1]:685687 [2]:90 [3]:370
[0]:7325427 [1]:707749 [2]:84 [3]:53
[0]:7520299 [1]:729509 [2]:84 [3]:355
[0]:7715116 [1]:751529 [2]:84 [3]:52
[0]:7914825 [1]:774275 [2]:84 [3]:62
[0]:8116435 [1]:796874 [2]:84 [3]:47
[0]:8313585 [1]:819035 [2]:84 [3]:366
[0]:8550337 [1]:845838 [2]:84 [3]:368
[0]:8748215 [1]:868207 [2]:80 [3]:65
[0]:8939252 [1]:889779 [2]:80 [3]:59
[0]:9167982 [1]:915431 [2]:80 [3]:73
[0]:9370006 [1]:938173 [2]:80 [3]:62
[0]:9575178 [1]:961336 [2]:80 [3]:62
[0]:9796643 [1]:986345 [2]:80 [3]:66
[0]:9990369 [1]:1008136 [2]:80 [3]:63
[0]:10188703 [1]:1030573 [2]:80 [3]:69
[0]:10397043 [1]:1054039 [2]:77 [3]:362
[0]:10601921 [1]:1077187 [2]:77 [3]:369
[0]:10803135 [1]:1099996 [2]:77 [3]:74
[0]:11007215 [1]:1122986 [2]:77 [3]:360
[0]:11199202 [1]:1144663 [2]:77 [3]:58
[0]:11395453 [1]:1166899 [2]:77 [3]:73
[0]:11596436 [1]:1189584 [2]:77 [3]:361
[0]:11825827 [1]:1215566 [2]:75 [3]:352
[0]:12024486 [1]:1237956 [2]:75 [3]:58
[0]:12219324 [1]:1259880 [2]:75 [3]:72
[0]:12417991 [1]:1282440 [2]:75 [3]:79
[0]:12615982 [1]:1304868 [2]:75 [3]:71
[0]:12824062 [1]:1328269 [2]:75 [3]:55
[0]:13016674 [1]:1350157 [2]:75 [3]:56
[0]:13229344 [1]:1374161 [2]:75 [3]:362
[0]:13427955 [1]:1396477 [2]:74 [3]:66
[0]:13615613 [1]:1417570 [2]:74 [3]:360
[0]:13805146 [1]:1438805 [2]:74 [3]:75
[0]:13996676 [1]:1460387 [2]:74 [3]:63
[0]:14199749 [1]:1483501 [2]:74 [3]:72
[0]:14392943 [1]:1505269 [2]:74 [3]:73
