[0]:27456048 [1]:6707598 [2]:0 [3]:58
[0]:27674430 [1]:6742533 [2]:0 [3]:366
[0]:27889732 [1]:6776829 [2]:0 [3]:363
[0]:28093739 [1]:6809303 [2]:0 [3]:364
[0]:28297412 [1]:6841766 [2]:0 [3]:360
[0]:28501574 [1]:6874283 [2]:0 [3]:366
[0]:28675591 [1]:6901995 [2]:0 [3]:366
[0]:28902612 [1]:6938035 [2]:0 [3]:359
[0]:29113383 [1]:6971655 [2]:0 [3]:354
[0]:29346105 [1]:7008708 [2]:0 [3]:369
[0]:29555060 [1]:7041938 [2]:0 [3]:367
[0]:29764458 [1]:7075145 [2]:0 [3]:366
[0]:29977386 [1]:7109122 [2]:0 [3]:362
[0]:30186541 [1]:7142425 [2]:0 [3]:353
[0]:30403086 [1]:7176885 [2]:0 [3]:352
[0]:30668045 [1]:7219196 [2]:0 [3]:364
[0]:30869115 [1]:7251107 [2]:0 [3]:72
[0]:31087320 [1]:7285831 [2]:0 [3]:354
[0]:31291417 [1]:7318432 [2]:0 [3]:365
[0]:31512386 [1]:7353502 [2]:0 [3]:367
[0]:31721670 [1]:7386859 [2]:0 [3]:370
[0]:31926642 [1]:7419492 [2]:0 [3]:369
[0]:32130480 [1]:7451979 [2]:0 [3]:365
[0]:32333103 [1]:7484331 [2]:0 [3]:367
[0]:32538224 [1]:7517015 [2]:0 [3]:363
[0]:32747292 [1]:7550265 [2]:0 [3]:361
[0]:32960441 [1]:7584176 [2]:0 [3]:368
[0]:33169680 [1]:7617540 [2]:0 [3]:367
[0]:33380007 [1]:7651020 [2]:0 [3]:352
[0]:33581508 [1]:7683071 [2]:0 [3]:75
[0]:33796857 [1]:7717270 [2]:0 [3]:360
[0]:34036243 [1]:7755376 [2]:0 [3]:356
[0]:34249918 [1]:7789439 [2]:0 [3]:72
[0]:34459323 [1]:7822769 [2]:0 [3]:361
[0]:34661102 [1]:7854852 [2]:0 [3]:73
[0]:34862417 [1]:7886961 [2]:0 [3]:358
[0]:35071595 [1]:7920344 [2]:0 [3]:78
[0]:35280672 [1]:7953697 [2]:0 [3]:375
[0]:35485643 [1]:7986387 [2]:0 [3]:365
[0]:35705989 [1]:8021418 [2]:0 [3]:362
[0]:35923856 [1]:8056160 [2]:0 [3]:357
[0]:36123815 [1]:8088012 [2]:0 [3]:356
[0]:36325532 [1]:8120093 [2]:0 [3]:370
[0]:36527396 [1]:8152226 [2]:0 [3]:353
[0]:36733370 [1]:8184980 [2]:0 [3]:362
[0]:36941876 [1]:8218115 [2]:0 [3]:361
[0]:37147079 [1]:8250801 [2]:0 [3]:368
[0]:37355771 [1]:8284100 [2]:0 [3]:371
[0]:37565317 [1]:8317451 [2]:0 [3]:366
[0]:37779862 [1]:8351507 [2]:0 [3]:373
[0]:38011304 [1]:8388396 [2]:0 [3]:364
[0]:38223229 [1]:8422250 [2]:0 [3]:364
[0]:38441065 [1]:8457130 [2]:0 [3]:356
[0]:38642014 [1]:8489089 [2]:0 [3]:361
[0]:38851551 [1]:8522432 [2]:0 [3]:369
[0]:39064210 [1]:8556296 [2]:0 [3]:371
[0]:39285529 [1]:8591599 [2]:0 [3]:365
[0]:39514398 [1]:8628025 [2]:0 [3]:369
[0]:39747435 [1]:8665045 [2]:0 [3]:358
[0]:39952147 [1]:8697597 [2]:0 [3]:361
[0]:40149784 [1]:8729000 [2]:0 [3]:371
[0]:40354149 [1]:8761512 [2]:0 [3]:366
[0]:40619338 [1]:8803791 [2]:0 [3]:359
[0]:40816756 [1]:8835208 [2]:0 [3]:362
[0]:41037713 [1]:8870404 [2]:0 [3]:367
[0]:41254580 [1]:8904993 [2]:0 [3]:357
[0]:41511597 [1]:8945917 [2]:0 [3]:361
[0]:41716266 [1]:8978530 [2]:0 [3]:367
[0]:41929162 [1]:9012440 [2]:0 [3]:351
[0]:42133823 [1]:9044989 [2]:0 [3]:360
[0]:42339604 [1]:9077993 [2]:0 [3]:356
[0]:42550789 [1]:9111563 [2]:0 [3]:363
[0]:42834425 [1]:9156723 [2]:0 [3]:371
[0]:43038031 [1]:9189090 [2]:0 [3]:361
[0]:43293994 [1]:9229987 [2]:0 [3]:360
[0]:43531415 [1]:9267698 [2]:0 [3]:374
[0]:43771923 [1]:9306055 [2]:0 [3]:77
[0]:43983657 [1]:9339748 [2]:0 [3]:359
[0]:44196577 [1]:9373706 [2]:0 [3]:356
[0]:44410429 [1]:9407831 [2]:0 [3]:79
[0]:44616258 [1]:9440562 [2]:0 [3]:360
[0]:44821443 [1]:9473200 [2]:0 [3]:363
[0]:45033884 [1]:9507041 [2]:0 [3]:360
[0]:45235696 [1]:9539279 [2]:0 [3]:367
[0]:45440033 [1]:9571899 [2]:0 [3]:362
[0]:45636924 [1]:9603135 [2]:0 [3]:368
[0]:45839605 [1]:9635462 [2]:0 [3]:369
[0]:46040537 [1]:9667436 [2]:0 [3]:358
[0]:46249885 [1]:9700884 [2]:0 [3]:360
[0]:46478145 [1]:9737117 [2]:0 [3]:343
[0]:46683823 [1]:9769915 [2]:0 [3]:363
[0]:46900449 [1]:9804481 [2]:0 [3]:73
[0]:47113840 [1]:9838464 [2]:0 [3]:361
[0]:47319075 [1]:9871123 [2]:0 [3]:361
[0]:47545787 [1]:9907076 [2]:0 [3]:370
[0]:47747561 [1]:9939144 [2]:0 [3]:369
[0]:47946573 [1]:9970879 [2]:0 [3]:364
[0]:48160013 [1]:10004966 [2]:0 [3]:367
[0]:48360900 [1]:10036954 [2]:0 [3]:358
[0]:48569071 [1]:10070036 [2]:0 [3]:361
[0]:48786986 [1]:10104691 [2]:0 [3]:371
[0]:49015588 [1]:10141035 [2]:0 [3]:358
[0]:49221107 [1]:10173707 [2]:0 [3]:365
[0]:49424767 [1]:10206176 [2]:0 [3]:73
[0]:49678892 [1]:10246596 [2]:0 [3]:360
[0]:49915419 [1]:10284410 [2]:0 [3]:356
[0]:50140272 [1]:10320378 [2]:0 [3]:361
[0]:50339194 [1]:10352008 [2]:0 [3]:361
[0]:50546732 [1]:10385089 [2]:0 [3]:369
[0]:50749226 [1]:10417278 [2]:0 [3]:74
[0]:50948244 [1]:10448959 [2]:0 [3]:365
[0]:51157637 [1]:10482240 [2]:0 [3]:364
[0]:51379338 [1]:10517479 [2]:0 [3]:371
[0]:51597156 [1]:10552041 [2]:0 [3]:363
[0]:51821414 [1]:10587727 [2]:0 [3]:360
[0]:52033408 [1]:10621509 [2]:0 [3]:358
[0]:52239411 [1]:10654284 [2]:0 [3]:368
[0]:52464757 [1]:10690120 [2]:0 [3]:72
[0]:52665949 [1]:10722145 [2]:0 [3]:359
[0]:52887159 [1]:10757393 [2]:0 [3]:361
[0]:53092049 [1]:10789962 [2]:0 [3]:367
[0]:53296862 [1]:10822659 [2]:0 [3]:371
[0]:53509710 [1]:10856522 [2]:0 [3]:370
[0]:53748804 [1]:10894536 [2]:0 [3]:83
[0]:53955851 [1]:10927701 [2]:0 [3]:363
[0]:54156319 [1]:10959669 [2]:0 [3]:364
[0]:54382347 [1]:10995606 [2]:0 [3]:368
[0]:54595243 [1]:11029596 [2]:0 [3]:361
[0]:54804374 [1]:11062985 [2]:0 [3]:80
[0]:55013187 [1]:11096313 [2]:0 [3]:370
[0]:55226114 [1]:11130364 [2]:0 [3]:367
[0]:55427827 [1]:11162442 [2]:0 [3]:369
[0]:55636782 [1]:11195665 [2]:0 [3]:368
[0]:55850101 [1]:11229637 [2]:0 [3]:357
[0]:56065633 [1]:11263891 [2]:0 [3]:367
[0]:56276325 [1]:11297352 [2]:0 [3]:372
[0]:56477530 [1]:11329323 [2]:0 [3]:361
[0]:56695827 [1]:11364087 [2]:0 [3]:351
[0]:56903737 [1]:11397155 [2]:0 [3]:371
