[0]:172304195 [1]:34574930 [2]:0 [3]:362
[0]:172496475 [1]:34621899 [2]:0 [3]:358
[0]:172694668 [1]:34670271 [2]:0 [3]:362
[0]:172892544 [1]:34718644 [2]:0 [3]:360
[0]:173085042 [1]:34765736 [2]:0 [3]:366
[0]:173281054 [1]:34813675 [2]:0 [3]:356
[0]:173475595 [1]:34861186 [2]:0 [3]:361
[0]:173667611 [1]:34908050 [2]:0 [3]:363
[0]:173876625 [1]:34959118 [2]:0 [3]:60
[0]:174062003 [1]:35004455 [2]:0 [3]:363
[0]:174263898 [1]:35053809 [2]:0 [3]:367
[0]:174477014 [1]:35105863 [2]:0 [3]:358
[0]:174692777 [1]:35158625 [2]:0 [3]:65
[0]:174891624 [1]:35207211 [2]:0 [3]:357
[0]:175115803 [1]:35262026 [2]:0 [3]:364
[0]:175313842 [1]:35310394 [2]:0 [3]:355
[0]:175511933 [1]:35358710 [2]:0 [3]:359
[0]:175706182 [1]:35406307 [2]:0 [3]:363
[0]:175941440 [1]:35463809 [2]:0 [3]:355
[0]:176143343 [1]:35513135 [2]:0 [3]:360
[0]:176339445 [1]:35560970 [2]:0 [3]:365
[0]:176531930 [1]:35608041 [2]:0 [3]:356
[0]:176758497 [1]:35663392 [2]:0 [3]:365
[0]:176962852 [1]:35713395 [2]:0 [3]:363
[0]:177198087 [1]:35770874 [2]:0 [3]:367
[0]:177385212 [1]:35816529 [2]:0 [3]:362
[0]:177592296 [1]:35867109 [2]:0 [3]:356
[0]:177791216 [1]:35915764 [2]:0 [3]:363
[0]:177985504 [1]:35963242 [2]:0 [3]:363
[0]:178178753 [1]:36010396 [2]:0 [3]:364
[0]:178369728 [1]:36057063 [2]:0 [3]:59
[0]:178568484 [1]:36105671 [2]:0 [3]:360
[0]:178762714 [1]:36153182 [2]:0 [3]:359
[0]:178994261 [1]:36209778 [2]:0 [3]:66
[0]:179192515 [1]:36258125 [2]:0 [3]:365
[0]:179397979 [1]:36308436 [2]:0 [3]:369
[0]:179624186 [1]:36363724 [2]:0 [3]:369
[0]:179819935 [1]:36411520 [2]:0 [3]:355
[0]:180018316 [1]:36459943 [2]:0 [3]:58
[0]:180208049 [1]:36506339 [2]:0 [3]:355
[0]:180403050 [1]:36553948 [2]:0 [3]:365
[0]:180604911 [1]:36603316 [2]:0 [3]:57
[0]:180798845 [1]:36650725 [2]:0 [3]:366
[0]:180986134 [1]:36696461 [2]:0 [3]:363
[0]:181177491 [1]:36743215 [2]:0 [3]:367
[0]:181374534 [1]:36791341 [2]:0 [3]:359
[0]:181576338 [1]:36840658 [2]:0 [3]:58
[0]:181770611 [1]:36888130 [2]:0 [3]:362
[0]:181968859 [1]:36936409 [2]:0 [3]:360
[0]:182178085 [1]:36987531 [2]:0 [3]:61
[0]:182364825 [1]:37033170 [2]:0 [3]:359
[0]:182562844 [1]:37081568 [2]:0 [3]:357
[0]:182761305 [1]:37130082 [2]:0 [3]:362
[0]:182962855 [1]:37179277 [2]:0 [3]:365
[0]:183171936 [1]:37230369 [2]:0 [3]:356
[0]:183366227 [1]:37277989 [2]:0 [3]:364
[0]:183564125 [1]:37326472 [2]:0 [3]:362
[0]:183762188 [1]:37374788 [2]:0 [3]:63
[0]:183951901 [1]:37421186 [2]:0 [3]:361
[0]:184143217 [1]:37467880 [2]:0 [3]:356
[0]:184348835 [1]:37518114 [2]:0 [3]:56
[0]:184546878 [1]:37566500 [2]:0 [3]:356
[0]:184732251 [1]:37611747 [2]:0 [3]:364
[0]:184927893 [1]:37659577 [2]:0 [3]:361
[0]:185129826 [1]:37708947 [2]:0 [3]:361
[0]:185324123 [1]:37756407 [2]:0 [3]:365
[0]:185522122 [1]:37804809 [2]:0 [3]:363
[0]:185708968 [1]:37850392 [2]:0 [3]:362
[0]:185928868 [1]:37904165 [2]:0 [3]:364
[0]:186119971 [1]:37950836 [2]:0 [3]:364
[0]:186312269 [1]:37997811 [2]:0 [3]:57
[0]:186511991 [1]:38046647 [2]:0 [3]:357
[0]:186708643 [1]:38094616 [2]:0 [3]:355
[0]:186904799 [1]:38142543 [2]:0 [3]:359
[0]:187102714 [1]:38190921 [2]:0 [3]:64
[0]:187301757 [1]:38239581 [2]:0 [3]:61
[0]:187496051 [1]:38286982 [2]:0 [3]:361
[0]:187743460 [1]:38347408 [2]:0 [3]:360
[0]:187934642 [1]:38394182 [2]:0 [3]:357
[0]:188133679 [1]:38442850 [2]:0 [3]:357
[0]:188354534 [1]:38496790 [2]:0 [3]:359
[0]:188552504 [1]:38545121 [2]:0 [3]:355
[0]:188758007 [1]:38595376 [2]:0 [3]:58
[0]:188956035 [1]:38643797 [2]:0 [3]:358
[0]:189168914 [1]:38695813 [2]:0 [3]:358
[0]:189400661 [1]:38752378 [2]:0 [3]:360
[0]:189594957 [1]:38799862 [2]:0 [3]:361
[0]:189797582 [1]:38849387 [2]:0 [3]:361
[0]:190013486 [1]:38902147 [2]:0 [3]:363
[0]:190202583 [1]:38948374 [2]:0 [3]:358
[0]:190401414 [1]:38996895 [2]:0 [3]:363
[0]:190594254 [1]:39044018 [2]:0 [3]:362
[0]:190794351 [1]:39092883 [2]:0 [3]:358
[0]:191033553 [1]:39151317 [2]:0 [3]:365
[0]:191225714 [1]:39198162 [2]:0 [3]:350
[0]:191416600 [1]:39244818 [2]:0 [3]:357
[0]:191612952 [1]:39292815 [2]:0 [3]:359
[0]:191818486 [1]:39343073 [2]:0 [3]:359
[0]:192008987 [1]:39389599 [2]:0 [3]:359
[0]:192206716 [1]:39437861 [2]:0 [3]:362
[0]:192405063 [1]:39486382 [2]:0 [3]:367
[0]:192603992 [1]:39535018 [2]:0 [3]:360
[0]:192797412 [1]:39582304 [2]:0 [3]:57
[0]:192991456 [1]:39629707 [2]:0 [3]:360
[0]:193182230 [1]:39676336 [2]:0 [3]:361
[0]:193376468 [1]:39723868 [2]:0 [3]:362
[0]:193572557 [1]:39771826 [2]:0 [3]:367
[0]:193765630 [1]:39819026 [2]:0 [3]:365
[0]:193963144 [1]:39867288 [2]:0 [3]:362
[0]:194168683 [1]:39917396 [2]:0 [3]:353
[0]:194363008 [1]:39964885 [2]:0 [3]:362
[0]:194560020 [1]:40013020 [2]:0 [3]:60
[0]:194756402 [1]:40061069 [2]:0 [3]:365
[0]:194944945 [1]:40107162 [2]:0 [3]:357
[0]:195133006 [1]:40153086 [2]:0 [3]:354
[0]:195336835 [1]:40202850 [2]:0 [3]:56
[0]:195532567 [1]:40250674 [2]:0 [3]:53
[0]:195734336 [1]:40299991 [2]:0 [3]:363
[0]:195924947 [1]:40346446 [2]:0 [3]:367
[0]:196119102 [1]:40393976 [2]:0 [3]:360
[0]:196337867 [1]:40447437 [2]:0 [3]:55
[0]:196535501 [1]:40495715 [2]:0 [3]:356
[0]:196741627 [1]:40546135 [2]:0 [3]:363
[0]:196951591 [1]:40597425 [2]:0 [3]:363
[0]:197141500 [1]:40643823 [2]:0 [3]:358
[0]:197339805 [1]:40692288 [2]:0 [3]:59
[0]:197561387 [1]:40746437 [2]:0 [3]:355
[0]:197774067 [1]:40798331 [2]:0 [3]:359
[0]:197998802 [1]:40853182 [2]:0 [3]:355
[0]:198190704 [1]:40900120 [2]:0 [3]:58
[0]:198391001 [1]:40949104 [2]:0 [3]:363
[0]:198585407 [1]:40996665 [2]:0 [3]:363
[0]:198789887 [1]:41046570 [2]:0 [3]:364
[0]:198984592 [1]:41094114 [2]:0 [3]:365
[0]:199178104 [1]:41141426 [2]:0 [3]:360
[0]:199377089 [1]:41190089 [2]:0 [3]:354
[0]:199582421 [1]:41240296 [2]:0 [3]:362
[0]:199791953 [1]:41291423 [2]:0 [3]:357
[0]:199997059 [1]:41341507 [2]:0 [3]:365
[0]:200185718 [1]:41387587 [2]:0 [3]:369
[0]:200411497 [1]:41442705 [2]:0 [3]:365
[0]:200621225 [1]:41493867 [2]:0 [3]:357
[0]:200734961 [1]:41521712 [2]:0 [3]:359
[0]:200734961 [1]:41521712 [2]:0 [3]:359
[0]:200734961 [1]:41521712 [2]:0 [3]:359
[0]:200734961 [1]:41521712 [2]:0 [3]:359
[0]:200734961 [1]:41521712 [2]:0 [3]:359
[0]:200734961 [1]:41521712 [2]:0 [3]:359
[0]:200734961 [1]:41521712 [2]:0 [3]:359
[0]:200734961 [1]:41521712 [2]:0 [3]:359
[0]:200734961 [1]:41521712 [2]:0 [3]:359
[0]:200734961 [1]:41521712 [2]:0 [3]:359
[0]:200734961 [1]:41521712 [2]:0 [3]:359
[0]:200734961 [1]:41521712 [2]:0 [3]:359
