[0]:3541976106 [1]:1 [2]:2 [3]:3
[0]:3341062023 [1]:1 [2]:2 [3]:6
[0]:4147235741 [1]:1 [2]:2 [3]:8
[0]:3960426273 [1]:1 [2]:2 [3]:20
[0]:3733003996 [1]:1 [2]:2 [3]:18
[0]:3492405871 [1]:1 [2]:2 [3]:20
[0]:4184226592 [1]:1 [2]:2 [3]:3
[0]:3978190793 [1]:1 [2]:2 [3]:17
[0]:3772314098 [1]:1 [2]:2 [3]:19
[0]:3568957451 [1]:1 [2]:2 [3]:18
[0]:3348063788 [1]:1 [2]:2 [3]:22
[0]:4140205615 [1]:1 [2]:2 [3]:3
[0]:3914243635 [1]:1 [2]:2 [3]:7
[0]:3704335272 [1]:1 [2]:2 [3]:17
[0]:3488134190 [1]:1 [2]:2 [3]:15
[0]:4280176786 [1]:1 [2]:2 [3]:16
[0]:4064279392 [1]:1 [2]:2 [3]:8
[0]:3854314455 [1]:1 [2]:2 [3]:7
[0]:3598349555 [1]:1 [2]:2 [3]:4
[0]:3388091910 [1]:1 [2]:2 [3]:7
[0]:4192124971 [1]:1 [2]:2 [3]:16
[0]:4004242808 [1]:1 [2]:2 [3]:20
[0]:3808752553 [1]:1 [2]:2 [3]:10
[0]:3612288631 [1]:1 [2]:2 [3]:15
[0]:3418127743 [1]:1 [2]:2 [3]:7
[0]:4240164700 [1]:1 [2]:2 [3]:17
[0]:4024207768 [1]:1 [2]:2 [3]:4
[0]:3837120562 [1]:1 [2]:2 [3]:5
[0]:3648077525 [1]:1 [2]:2 [3]:7
[0]:3432093016 [1]:1 [2]:2 [3]:6
[0]:4228219577 [1]:1 [2]:2 [3]:7
[0]:4029963445 [1]:1 [2]:2 [3]:20
[0]:3834017951 [1]:1 [2]:2 [3]:19
[0]:3644208266 [1]:1 [2]:2 [3]:8
[0]:3444298003 [1]:1 [2]:2 [3]:9
[0]:4234324577 [1]:1 [2]:2 [3]:9
[0]:3992513987 [1]:1 [2]:2 [3]:8
[0]:3763128155 [1]:1 [2]:2 [3]:8
[0]:3510308993 [1]:1 [2]:2 [3]:8
[0]:3324322453 [1]:1 [2]:2 [3]:8
[0]:4126361886 [1]:1 [2]:2 [3]:8
[0]:3917248791 [1]:1 [2]:2 [3]:8
[0]:3714852251 [1]:1 [2]:2 [3]:6
[0]:3524452952 [1]:1 [2]:2 [3]:11
[0]:3336191611 [1]:1 [2]:2 [3]:7
[0]:4132283645 [1]:1 [2]:2 [3]:19
[0]:3912251955 [1]:1 [2]:2 [3]:19
[0]:3718765152 [1]:1 [2]:2 [3]:5
[0]:3532526576 [1]:1 [2]:2 [3]:19
[0]:3332627602 [1]:1 [2]:2 [3]:6
[0]:4096355240 [1]:1 [2]:2 [3]:3
[0]:3911287881 [1]:1 [2]:2 [3]:17
[0]:3687707436 [1]:1 [2]:2 [3]:4
[0]:3462113453 [1]:1 [2]:2 [3]:5
[0]:4234668003 [1]:1 [2]:2 [3]:17
[0]:3976903116 [1]:1 [2]:2 [3]:16
[0]:3752289437 [1]:1 [2]:2 [3]:17
[0]:3518780332 [1]:1 [2]:2 [3]:8
[0]:4292447988 [1]:1 [2]:2 [3]:19
[0]:4009629790 [1]:1 [2]:2 [3]:3
[0]:3800230217 [1]:1 [2]:2 [3]:16
[0]:3584434102 [1]:1 [2]:2 [3]:7
[0]:3380153975 [1]:1 [2]:2 [3]:19
[0]:4167856186 [1]:1 [2]:2 [3]:10
[0]:3950927007 [1]:1 [2]:2 [3]:7
[0]:3744851951 [1]:1 [2]:2 [3]:19
[0]:3528150908 [1]:1 [2]:2 [3]:3
[0]:3316371413 [1]:1 [2]:2 [3]:4
[0]:4096792708 [1]:1 [2]:2 [3]:9
[0]:3917466366 [1]:1 [2]:2 [3]:8
[0]:3732829921 [1]:1 [2]:2 [3]:8
[0]:3544291640 [1]:1 [2]:2 [3]:18
[0]:3356373205 [1]:1 [2]:2 [3]:18
[0]:4165835960 [1]:1 [2]:2 [3]:2
[0]:3978008198 [1]:1 [2]:2 [3]:16
[0]:3780420995 [1]:1 [2]:2 [3]:5
[0]:3592366621 [1]:1 [2]:2 [3]:7
[0]:3400483218 [1]:1 [2]:2 [3]:2
[0]:4216458791 [1]:1 [2]:2 [3]:6
[0]:4028365531 [1]:1 [2]:2 [3]:19
[0]:3832370323 [1]:1 [2]:2 [3]:19
[0]:3643626783 [1]:1 [2]:2 [3]:6
[0]:3471851948 [1]:1 [2]:2 [3]:17
[0]:4280388927 [1]:1 [2]:2 [3]:7
[0]:4086003098 [1]:1 [2]:2 [3]:10
[0]:3872280041 [1]:1 [2]:2 [3]:3
[0]:3632187961 [1]:1 [2]:2 [3]:17
[0]:3416499656 [1]:1 [2]:2 [3]:6
[0]:4228295277 [1]:1 [2]:2 [3]:3
[0]:4037552388 [1]:1 [2]:2 [3]:18
[0]:3844343803 [1]:1 [2]:2 [3]:7
[0]:3654426198 [1]:1 [2]:2 [3]:18
[0]:3461050968 [1]:1 [2]:2 [3]:19
[0]:4271563107 [1]:1 [2]:2 [3]:7
[0]:4072521378 [1]:1 [2]:2 [3]:6
[0]:3880647036 [1]:1 [2]:2 [3]:7
[0]:3676634733 [1]:1 [2]:2 [3]:15
[0]:3481022623 [1]:1 [2]:2 [3]:18
[0]:4292399737 [1]:1 [2]:2 [3]:6
[0]:4100415583 [1]:1 [2]:2 [3]:3
[0]:3912432478 [1]:1 [2]:2 [3]:20
[0]:3720302746 [1]:1 [2]:2 [3]:5
[0]:3528378965 [1]:1 [2]:2 [3]:9
[0]:4291198075 [1]:1 [2]:2 [3]:19
[0]:4055396605 [1]:1 [2]:2 [3]:20
[0]:3815428920 [1]:1 [2]:2 [3]:7
[0]:3596340911 [1]:1 [2]:2 [3]:8
[0]:3384291903 [1]:1 [2]:2 [3]:17
[0]:4171099231 [1]:1 [2]:2 [3]:3
[0]:3956511017 [1]:1 [2]:2 [3]:7
[0]:3746671566 [1]:1 [2]:2 [3]:6
[0]:3536344020 [1]:1 [2]:2 [3]:6
[0]:3332584081 [1]:1 [2]:2 [3]:7
[0]:4121928538 [1]:1 [2]:2 [3]:3
[0]:3900407947 [1]:1 [2]:2 [3]:7
[0]:3688606128 [1]:1 [2]:2 [3]:6
[0]:3405782476 [1]:1 [2]:2 [3]:6
[0]:4205602206 [1]:1 [2]:2 [3]:7
[0]:3984304648 [1]:1 [2]:2 [3]:20
[0]:3784305945 [1]:1 [2]:2 [3]:8
[0]:3584453040 [1]:1 [2]:2 [3]:7
[0]:3393260611 [1]:1 [2]:2 [3]:18
[0]:4200514181 [1]:1 [2]:2 [3]:6
[0]:4012850931 [1]:1 [2]:2 [3]:6
[0]:3820596218 [1]:1 [2]:2 [3]:3
[0]:3636588347 [1]:1 [2]:2 [3]:16
[0]:3444556405 [1]:1 [2]:2 [3]:5
[0]:4258547185 [1]:1 [2]:2 [3]:6
[0]:4068018896 [1]:1 [2]:2 [3]:5
[0]:3876503102 [1]:1 [2]:2 [3]:8
[0]:3680391870 [1]:1 [2]:2 [3]:19
[0]:3493135417 [1]:1 [2]:2 [3]:9
[0]:3304596765 [1]:1 [2]:2 [3]:2
[0]:4064358588 [1]:1 [2]:2 [3]:18
[0]:3873082077 [1]:1 [2]:2 [3]:8
[0]:3636333068 [1]:1 [2]:2 [3]:5
[0]:3404701418 [1]:1 [2]:2 [3]:18
[0]:4192040056 [1]:1 [2]:2 [3]:11
[0]:3984474760 [1]:1 [2]:2 [3]:2
[0]:3744507535 [1]:1 [2]:2 [3]:15
[0]:3556558652 [1]:1 [2]:2 [3]:5
[0]:3372945643 [1]:1 [2]:2 [3]:8
[0]:4184501893 [1]:1 [2]:2 [3]:15
[0]:3999846081 [1]:1 [2]:2 [3]:7
[0]:3812454358 [1]:1 [2]:2 [3]:9
[0]:3624618245 [1]:1 [2]:2 [3]:2
[0]:3424563292 [1]:1 [2]:2 [3]:3
[0]:4236746273 [1]:1 [2]:2 [3]:8
[0]:4048570126 [1]:1 [2]:2 [3]:10
[0]:3844476267 [1]:1 [2]:2 [3]:2
[0]:3652377600 [1]:1 [2]:2 [3]:18
[0]:3460495352 [1]:1 [2]:2 [3]:7
[0]:4272430730 [1]:1 [2]:2 [3]:3
[0]:4062928256 [1]:1 [2]:2 [3]:17
[0]:3836413100 [1]:1 [2]:2 [3]:8
[0]:3597350236 [1]:1 [2]:2 [3]:9
[0]:3340401505 [1]:1 [2]:2 [3]:22
[0]:4128639710 [1]:1 [2]:2 [3]:3
[0]:3919525190 [1]:1 [2]:2 [3]:17
[0]:3712460920 [1]:1 [2]:2 [3]:8
[0]:3480419271 [1]:1 [2]:2 [3]:6
[0]:4276488593 [1]:1 [2]:2 [3]:19
[0]:4072366242 [1]:1 [2]:2 [3]:5
[0]:3859077392 [1]:1 [2]:2 [3]:17
[0]:3640538193 [1]:1 [2]:2 [3]:3
[0]:3424443762 [1]:1 [2]:2 [3]:18
[0]:4212265367 [1]:1 [2]:2 [3]:17
[0]:4004914403 [1]:1 [2]:2 [3]:9
[0]:3799941062 [1]:1 [2]:2 [3]:16
[0]:3588960202 [1]:1 [2]:2 [3]:10
[0]:3397598222 [1]:1 [2]:2 [3]:6
[0]:4204479537 [1]:1 [2]:2 [3]:7
[0]:4020470116 [1]:1 [2]:2 [3]:6
[0]:3791422726 [1]:1 [2]:2 [3]:2
[0]:3604434478 [1]:1 [2]:2 [3]:6
[0]:3410660562 [1]:1 [2]:2 [3]:17
[0]:4220657648 [1]:1 [2]:2 [3]:8
[0]:4024528895 [1]:1 [2]:2 [3]:5
[0]:3827447862 [1]:1 [2]:2 [3]:20
[0]:3636655510 [1]:1 [2]:2 [3]:8
[0]:3440465521 [1]:1 [2]:2 [3]:9
[0]:4255684243 [1]:1 [2]:2 [3]:8
[0]:4067258558 [1]:1 [2]:2 [3]:8
[0]:3872595867 [1]:1 [2]:2 [3]:17
[0]:3684493192 [1]:1 [2]:2 [3]:3
[0]:3492055652 [1]:1 [2]:2 [3]:8
[0]:4257211112 [1]:1 [2]:2 [3]:21
[0]:4033006886 [1]:1 [2]:2 [3]:5
[0]:3825316226 [1]:1 [2]:2 [3]:19
[0]:3596411501 [1]:1 [2]:2 [3]:3
[0]:3408606898 [1]:1 [2]:2 [3]:8
[0]:4186034882 [1]:1 [2]:2 [3]:6
[0]:4008613160 [1]:1 [2]:2 [3]:8
[0]:3828559688 [1]:1 [2]:2 [3]:20
[0]:3644480686 [1]:1 [2]:2 [3]:16
[0]:3459518398 [1]:1 [2]:2 [3]:7
[0]:4270334952 [1]:1 [2]:2 [3]:17
[0]:4080406413 [1]:1 [2]:2 [3]:19
[0]:3888690906 [1]:1 [2]:2 [3]:3
[0]:3700572371 [1]:1 [2]:2 [3]:7
[0]:3516416321 [1]:1 [2]:2 [3]:4
[0]:3328728318 [1]:1 [2]:2 [3]:6
[0]:4145653452 [1]:1 [2]:2 [3]:3
[0]:3908471995 [1]:1 [2]:2 [3]:19
[0]:3680855300 [1]:1 [2]:2 [3]:18
[0]:3435440120 [1]:1 [2]:2 [3]:6
[0]:4198021601 [1]:1 [2]:2 [3]:4
[0]:3963665376 [1]:1 [2]:2 [3]:4
[0]:3744406538 [1]:1 [2]:2 [3]:18
[0]:3528530235 [1]:1 [2]:2 [3]:18
[0]:3312608852 [1]:1 [2]:2 [3]:7
[0]:4097105601 [1]:1 [2]:2 [3]:3
[0]:3876316877 [1]:1 [2]:2 [3]:3
[0]:3668839737 [1]:1 [2]:2 [3]:6
[0]:3416735853 [1]:1 [2]:2 [3]:20
[0]:4208421485 [1]:1 [2]:2 [3]:6
[0]:4000606840 [1]:1 [2]:2 [3]:19
[0]:3768900381 [1]:1 [2]:2 [3]:17
[0]:3548413001 [1]:1 [2]:2 [3]:7
[0]:3332476913 [1]:1 [2]:2 [3]:8
[0]:4140778066 [1]:1 [2]:2 [3]:6
[0]:3913881722 [1]:1 [2]:2 [3]:3
[0]:3724921346 [1]:1 [2]:2 [3]:17
[0]:3536596570 [1]:1 [2]:2 [3]:8
[0]:3332423950 [1]:1 [2]:2 [3]:20
[0]:4148531392 [1]:1 [2]:2 [3]:3
[0]:3952559452 [1]:1 [2]:2 [3]:8
[0]:3760582040 [1]:1 [2]:2 [3]:16
[0]:3573906110 [1]:1 [2]:2 [3]:3
[0]:3384757625 [1]:1 [2]:2 [3]:8
[0]:4196576436 [1]:1 [2]:2 [3]:2
[0]:4004582828 [1]:1 [2]:2 [3]:8
[0]:3816253978 [1]:1 [2]:2 [3]:8
[0]:3604681973 [1]:1 [2]:2 [3]:8
[0]:3421903053 [1]:1 [2]:2 [3]:21
[0]:4228461841 [1]:1 [2]:2 [3]:18
[0]:4012851538 [1]:1 [2]:2 [3]:16
[0]:3787335876 [1]:1 [2]:2 [3]:7
[0]:3584933150 [1]:1 [2]:2 [3]:16
[0]:3384005793 [1]:1 [2]:2 [3]:9
[0]:4196603168 [1]:1 [2]:2 [3]:8
[0]:4009203032 [1]:1 [2]:2 [3]:17
[0]:3816509628 [1]:1 [2]:2 [3]:18
[0]:3607024106 [1]:1 [2]:2 [3]:17
[0]:3420696876 [1]:1 [2]:2 [3]:8
[0]:4232825933 [1]:1 [2]:2 [3]:7
[0]:4044798867 [1]:1 [2]:2 [3]:8
[0]:3856562025 [1]:1 [2]:2 [3]:9
[0]:3660565205 [1]:1 [2]:2 [3]:19
[0]:3468593133 [1]:1 [2]:2 [3]:10
[0]:4276730557 [1]:1 [2]:2 [3]:16
[0]:4088897740 [1]:1 [2]:2 [3]:8
[0]:3893091358 [1]:1 [2]:2 [3]:8
[0]:3699465237 [1]:1 [2]:2 [3]:6
[0]:3464891728 [1]:1 [2]:2 [3]:6
[0]:4208923378 [1]:1 [2]:2 [3]:17
[0]:3972835913 [1]:1 [2]:2 [3]:18
[0]:3746781175 [1]:1 [2]:2 [3]:18
[0]:3510163695 [1]:1 [2]:2 [3]:5
[0]:3304532236 [1]:1 [2]:2 [3]:17
[0]:4091242133 [1]:1 [2]:2 [3]:8
[0]:3888113907 [1]:1 [2]:2 [3]:19
[0]:3684747022 [1]:1 [2]:2 [3]:7
[0]:3457974276 [1]:1 [2]:2 [3]:18
[0]:4233225862 [1]:1 [2]:2 [3]:8
[0]:4005658190 [1]:1 [2]:2 [3]:7
[0]:3764583748 [1]:1 [2]:2 [3]:7
[0]:3552908246 [1]:1 [2]:2 [3]:7
[0]:3344657732 [1]:1 [2]:2 [3]:3
[0]:4140681713 [1]:1 [2]:2 [3]:6
[0]:3949289393 [1]:1 [2]:2 [3]:17
[0]:3748728748 [1]:1 [2]:2 [3]:4
[0]:3552985630 [1]:1 [2]:2 [3]:18
[0]:3364816932 [1]:1 [2]:2 [3]:6
[0]:4180878885 [1]:1 [2]:2 [3]:6
[0]:3992655635 [1]:1 [2]:2 [3]:8
[0]:3799391517 [1]:1 [2]:2 [3]:5
[0]:3607101273 [1]:1 [2]:2 [3]:17
[0]:3410148181 [1]:1 [2]:2 [3]:6
[0]:4169914260 [1]:1 [2]:2 [3]:17
[0]:3985999505 [1]:1 [2]:2 [3]:15
[0]:3800760141 [1]:1 [2]:2 [3]:7
[0]:3605258597 [1]:1 [2]:2 [3]:3
[0]:3406928708 [1]:1 [2]:2 [3]:4
[0]:4222255603 [1]:1 [2]:2 [3]:7
[0]:4021100380 [1]:1 [2]:2 [3]:6
[0]:3779176537 [1]:1 [2]:2 [3]:17
[0]:3525001825 [1]:1 [2]:2 [3]:7
[0]:3325329248 [1]:1 [2]:2 [3]:17
[0]:4128650863 [1]:1 [2]:2 [3]:6
[0]:3886459053 [1]:1 [2]:2 [3]:8
[0]:3694585357 [1]:1 [2]:2 [3]:9
[0]:3502263922 [1]:1 [2]:2 [3]:19
[0]:3316759285 [1]:1 [2]:2 [3]:15
[0]:4131574057 [1]:1 [2]:2 [3]:14
[0]:3938322000 [1]:1 [2]:2 [3]:5
[0]:3748664327 [1]:1 [2]:2 [3]:6
[0]:3562092650 [1]:1 [2]:2 [3]:19
[0]:3374828172 [1]:1 [2]:2 [3]:19
[0]:4184952072 [1]:1 [2]:2 [3]:8
[0]:3985338922 [1]:1 [2]:2 [3]:5
[0]:3788672921 [1]:1 [2]:2 [3]:16
[0]:3600722878 [1]:1 [2]:2 [3]:6
[0]:3380907015 [1]:1 [2]:2 [3]:7
[0]:4116734133 [1]:1 [2]:2 [3]:17
[0]:3884782042 [1]:1 [2]:2 [3]:10
[0]:3668352417 [1]:1 [2]:2 [3]:7
[0]:3460262743 [1]:1 [2]:2 [3]:16
[0]:4248693191 [1]:1 [2]:2 [3]:17
[0]:4040783043 [1]:1 [2]:2 [3]:17
[0]:3793982625 [1]:1 [2]:2 [3]:7
[0]:3537086558 [1]:1 [2]:2 [3]:5
[0]:3325460398 [1]:1 [2]:2 [3]:2
[0]:4121700500 [1]:1 [2]:2 [3]:18
[0]:3912821717 [1]:1 [2]:2 [3]:8
[0]:3696707821 [1]:1 [2]:2 [3]:20
[0]:3481010392 [1]:1 [2]:2 [3]:3
[0]:4268636028 [1]:1 [2]:2 [3]:8
[0]:4063846702 [1]:1 [2]:2 [3]:7
[0]:3836839231 [1]:1 [2]:2 [3]:3
[0]:3644814393 [1]:1 [2]:2 [3]:19
[0]:3456868825 [1]:1 [2]:2 [3]:5
[0]:4268741598 [1]:1 [2]:2 [3]:17
[0]:4078433087 [1]:1 [2]:2 [3]:21
[0]:3881858407 [1]:1 [2]:2 [3]:9
[0]:3660788696 [1]:1 [2]:2 [3]:18
[0]:3468873132 [1]:1 [2]:2 [3]:18
[0]:4276874613 [1]:1 [2]:2 [3]:18
[0]:4089298851 [1]:1 [2]:2 [3]:19
[0]:3897155241 [1]:1 [2]:2 [3]:7
[0]:3712783133 [1]:1 [2]:2 [3]:4
[0]:3464893078 [1]:1 [2]:2 [3]:17
[0]:4287188291 [1]:1 [2]:2 [3]:6
[0]:4095687707 [1]:1 [2]:2 [3]:19
[0]:3908757826 [1]:1 [2]:2 [3]:7
[0]:3708702833 [1]:1 [2]:2 [3]:3
[0]:3377045367 [1]:1 [2]:2 [3]:19
[0]:4164075503 [1]:1 [2]:2 [3]:2
[0]:3960377785 [1]:1 [2]:2 [3]:8
[0]:3763564445 [1]:1 [2]:2 [3]:7
