[0]:160931509 [1]:27297318 [2]:149 [3]:361
[0]:161129464 [1]:27343046 [2]:149 [3]:361
[0]:161322368 [1]:27387615 [2]:149 [3]:362
[0]:161577415 [1]:27446587 [2]:149 [3]:64
[0]:161783029 [1]:27494068 [2]:149 [3]:66
[0]:161980506 [1]:27539769 [2]:152 [3]:365
[0]:162242031 [1]:27600216 [2]:152 [3]:362
[0]:162506546 [1]:27661335 [2]:152 [3]:365
[0]:162719384 [1]:27710485 [2]:152 [3]:362
[0]:162927835 [1]:27758631 [2]:152 [3]:360
[0]:163129929 [1]:27805313 [2]:152 [3]:364
[0]:163338012 [1]:27853372 [2]:152 [3]:364
[0]:163544280 [1]:27900933 [2]:152 [3]:363
[0]:163792731 [1]:27958314 [2]:152 [3]:361
[0]:163992161 [1]:28004374 [2]:152 [3]:55
[0]:164190007 [1]:28050066 [2]:152 [3]:362
[0]:164390975 [1]:28096508 [2]:152 [3]:365
[0]:164636458 [1]:28153163 [2]:152 [3]:53
[0]:164832009 [1]:28198342 [2]:158 [3]:57
[0]:165026236 [1]:28243252 [2]:158 [3]:52
[0]:165216401 [1]:28287176 [2]:158 [3]:361
[0]:165418053 [1]:28333748 [2]:158 [3]:360
[0]:165617461 [1]:28379865 [2]:158 [3]:355
[0]:165809652 [1]:28424326 [2]:158 [3]:368
[0]:166011379 [1]:28470927 [2]:158 [3]:354
[0]:166223564 [1]:28519968 [2]:158 [3]:359
[0]:166417837 [1]:28564761 [2]:158 [3]:363
[0]:166619850 [1]:28611438 [2]:158 [3]:358
[0]:166814004 [1]:28656225 [2]:158 [3]:359
[0]:167022933 [1]:28704555 [2]:158 [3]:56
[0]:167244363 [1]:28755719 [2]:158 [3]:364
[0]:167441195 [1]:28801135 [2]:158 [3]:365
[0]:167646316 [1]:28848497 [2]:161 [3]:365
[0]:167896421 [1]:28906262 [2]:161 [3]:368
[0]:168094134 [1]:28951973 [2]:161 [3]:360
[0]:168299522 [1]:28999368 [2]:161 [3]:61
[0]:168493363 [1]:29044185 [2]:161 [3]:358
[0]:168689194 [1]:29089421 [2]:161 [3]:363
[0]:168881669 [1]:29133946 [2]:161 [3]:366
[0]:169079229 [1]:29179682 [2]:161 [3]:370
[0]:169273583 [1]:29224484 [2]:161 [3]:365
[0]:169463683 [1]:29268346 [2]:161 [3]:360
[0]:169661453 [1]:29314027 [2]:161 [3]:351
[0]:169870226 [1]:29362208 [2]:161 [3]:362
[0]:170065013 [1]:29407183 [2]:161 [3]:56
[0]:170312957 [1]:29464490 [2]:161 [3]:362
[0]:170493628 [1]:29506254 [2]:163 [3]:365
[0]:170695742 [1]:29552987 [2]:163 [3]:56
[0]:170896970 [1]:29599499 [2]:163 [3]:361
[0]:171092304 [1]:29644578 [2]:163 [3]:354
[0]:171285266 [1]:29689200 [2]:163 [3]:358
[0]:171490537 [1]:29736700 [2]:163 [3]:364
[0]:171688180 [1]:29782421 [2]:163 [3]:359
[0]:171933963 [1]:29839208 [2]:163 [3]:363
[0]:172117706 [1]:29881646 [2]:163 [3]:360
[0]:172358078 [1]:29937170 [2]:163 [3]:363
[0]:172550537 [1]:29981644 [2]:163 [3]:57
[0]:172755960 [1]:30029151 [2]:163 [3]:363
[0]:172957031 [1]:30075540 [2]:163 [3]:364
[0]:173162644 [1]:30123062 [2]:163 [3]:364
[0]:173360175 [1]:30168649 [2]:164 [3]:59
[0]:173560596 [1]:30214965 [2]:164 [3]:353
[0]:173778498 [1]:30265332 [2]:164 [3]:363
[0]:173991045 [1]:30314415 [2]:164 [3]:365
[0]:174187659 [1]:30359844 [2]:164 [3]:358
[0]:174386728 [1]:30405774 [2]:164 [3]:63
[0]:174588650 [1]:30452378 [2]:164 [3]:360
[0]:174786521 [1]:30498109 [2]:164 [3]:365
[0]:174986552 [1]:30544374 [2]:164 [3]:363
[0]:175215708 [1]:30597284 [2]:164 [3]:355
[0]:175413344 [1]:30642930 [2]:164 [3]:358
[0]:175633538 [1]:30693837 [2]:164 [3]:360
[0]:175833328 [1]:30739978 [2]:164 [3]:70
[0]:176036675 [1]:30787008 [2]:165 [3]:354
[0]:176238230 [1]:30833528 [2]:165 [3]:366
[0]:176443567 [1]:30880968 [2]:165 [3]:360
[0]:176645128 [1]:30927434 [2]:165 [3]:359
[0]:176876513 [1]:30980983 [2]:165 [3]:359
[0]:177074033 [1]:31026688 [2]:165 [3]:358
[0]:177275898 [1]:31073342 [2]:165 [3]:358
[0]:177473502 [1]:31119019 [2]:165 [3]:61
[0]:177671561 [1]:31164676 [2]:165 [3]:364
[0]:177861952 [1]:31208630 [2]:165 [3]:352
[0]:178057786 [1]:31253911 [2]:165 [3]:359
[0]:178253642 [1]:31299163 [2]:165 [3]:362
[0]:178451506 [1]:31344844 [2]:165 [3]:355
[0]:178653195 [1]:31391357 [2]:165 [3]:361
[0]:178854685 [1]:31437916 [2]:165 [3]:358
[0]:179048753 [1]:31482701 [2]:165 [3]:356
[0]:179239137 [1]:31526695 [2]:165 [3]:363
[0]:179440178 [1]:31573089 [2]:165 [3]:362
[0]:179642339 [1]:31619801 [2]:165 [3]:362
[0]:179854965 [1]:31668900 [2]:165 [3]:361
[0]:180052784 [1]:31714574 [2]:165 [3]:355
[0]:180254530 [1]:31761176 [2]:165 [3]:362
[0]:180478181 [1]:31812865 [2]:165 [3]:359
[0]:180680291 [1]:31859576 [2]:165 [3]:361
[0]:180881454 [1]:31906055 [2]:165 [3]:364
[0]:181089999 [1]:31954324 [2]:165 [3]:57
[0]:181314433 [1]:32006091 [2]:165 [3]:355
[0]:181516238 [1]:32052731 [2]:165 [3]:366
[0]:181743374 [1]:32105145 [2]:165 [3]:362
[0]:181944933 [1]:32151698 [2]:165 [3]:365
[0]:182139012 [1]:32196551 [2]:165 [3]:53
[0]:182340872 [1]:32243110 [2]:165 [3]:357
[0]:182537694 [1]:32288627 [2]:165 [3]:361
[0]:182751340 [1]:32338014 [2]:165 [3]:364
[0]:183013668 [1]:32398634 [2]:165 [3]:366
[0]:183202764 [1]:32442247 [2]:165 [3]:364
[0]:183396296 [1]:32486973 [2]:165 [3]:362
[0]:183621143 [1]:32538891 [2]:165 [3]:364
[0]:183822423 [1]:32585401 [2]:165 [3]:50
[0]:184018323 [1]:32630761 [2]:165 [3]:60
[0]:184215830 [1]:32676317 [2]:165 [3]:357
[0]:184411197 [1]:32721466 [2]:165 [3]:364
[0]:184603185 [1]:32765922 [2]:165 [3]:365
[0]:184806295 [1]:32812856 [2]:165 [3]:55
[0]:185002075 [1]:32858006 [2]:165 [3]:347
[0]:185207058 [1]:32905365 [2]:165 [3]:361
[0]:185401120 [1]:32950222 [2]:165 [3]:363
[0]:185602532 [1]:32996754 [2]:165 [3]:370
[0]:185799384 [1]:33042272 [2]:165 [3]:364
[0]:185991457 [1]:33086590 [2]:165 [3]:358
[0]:186200070 [1]:33134765 [2]:165 [3]:361
[0]:186390502 [1]:33178756 [2]:165 [3]:365
[0]:186584731 [1]:33223629 [2]:165 [3]:360
[0]:186785615 [1]:33270062 [2]:165 [3]:358
[0]:186972806 [1]:33313250 [2]:165 [3]:361
[0]:187178711 [1]:33360772 [2]:165 [3]:360
[0]:187368477 [1]:33404601 [2]:165 [3]:362
[0]:187562132 [1]:33449409 [2]:165 [3]:63
[0]:187767776 [1]:33496944 [2]:165 [3]:351
[0]:187969343 [1]:33543423 [2]:165 [3]:359
[0]:188166332 [1]:33588988 [2]:165 [3]:56
[0]:188372354 [1]:33636622 [2]:165 [3]:361
[0]:188570200 [1]:33682338 [2]:165 [3]:65
[0]:188775333 [1]:33729619 [2]:165 [3]:364
[0]:188982006 [1]:33777425 [2]:165 [3]:362
[0]:189201089 [1]:33828079 [2]:165 [3]:362
[0]:189402587 [1]:33874635 [2]:165 [3]:57
[0]:189651900 [1]:33932245 [2]:165 [3]:352
[0]:189850301 [1]:33978058 [2]:165 [3]:359
[0]:190048322 [1]:34023804 [2]:165 [3]:368
[0]:190238772 [1]:34067806 [2]:165 [3]:352
[0]:190435347 [1]:34113167 [2]:165 [3]:360
[0]:190637956 [1]:34159923 [2]:165 [3]:356
[0]:190861912 [1]:34211709 [2]:165 [3]:58
[0]:191054014 [1]:34256066 [2]:165 [3]:365
[0]:191238257 [1]:34298636 [2]:165 [3]:62
[0]:191436912 [1]:34344533 [2]:165 [3]:360
[0]:191630896 [1]:34389278 [2]:165 [3]:364
[0]:191832493 [1]:34435820 [2]:165 [3]:361
[0]:192030994 [1]:34481688 [2]:165 [3]:359
[0]:192227923 [1]:34527252 [2]:165 [3]:67
[0]:192427787 [1]:34573428 [2]:165 [3]:361
[0]:192619954 [1]:34617691 [2]:165 [3]:63
[0]:192814083 [1]:34662565 [2]:165 [3]:356
[0]:193015617 [1]:34709190 [2]:165 [3]:364
[0]:193213144 [1]:34754787 [2]:165 [3]:58
[0]:193411028 [1]:34800475 [2]:165 [3]:362
[0]:193609122 [1]:34846297 [2]:165 [3]:365
[0]:193803166 [1]:34891148 [2]:165 [3]:363
[0]:194023237 [1]:34941984 [2]:165 [3]:364
[0]:194258101 [1]:34996250 [2]:165 [3]:363
[0]:194452636 [1]:35041159 [2]:165 [3]:361
[0]:194650406 [1]:35086860 [2]:165 [3]:363
[0]:194876179 [1]:35139084 [2]:165 [3]:353
[0]:195068402 [1]:35183511 [2]:165 [3]:353
[0]:195266214 [1]:35229117 [2]:165 [3]:355
[0]:195456498 [1]:35273162 [2]:165 [3]:364
[0]:195654390 [1]:35318906 [2]:165 [3]:364
[0]:195855870 [1]:35365464 [2]:165 [3]:365
[0]:196057461 [1]:35412022 [2]:165 [3]:357
[0]:196257561 [1]:35458188 [2]:165 [3]:364
[0]:196490469 [1]:35512054 [2]:165 [3]:356
[0]:196747943 [1]:35571558 [2]:165 [3]:364
[0]:196956719 [1]:35619791 [2]:165 [3]:357
[0]:197157200 [1]:35666040 [2]:165 [3]:363
[0]:197395284 [1]:35721048 [2]:165 [3]:355
[0]:197591262 [1]:35766374 [2]:165 [3]:356
[0]:197785523 [1]:35811218 [2]:165 [3]:363
[0]:197981478 [1]:35856656 [2]:165 [3]:59
[0]:198171240 [1]:35900436 [2]:165 [3]:368
[0]:198390304 [1]:35951057 [2]:165 [3]:359
[0]:198590552 [1]:35997337 [2]:165 [3]:362
[0]:198791571 [1]:36043762 [2]:165 [3]:361
[0]:198983534 [1]:36088170 [2]:165 [3]:363
[0]:199170359 [1]:36131260 [2]:165 [3]:361
[0]:199366335 [1]:36176514 [2]:165 [3]:362
[0]:199561832 [1]:36221704 [2]:165 [3]:366
[0]:199763764 [1]:36268350 [2]:165 [3]:357
[0]:199975183 [1]:36317129 [2]:165 [3]:358
[0]:200181708 [1]:36364826 [2]:165 [3]:357
[0]:200379440 [1]:36410502 [2]:165 [3]:352
[0]:200407441 [1]:36416978 [2]:165 [3]:365
[0]:200407441 [1]:36416978 [2]:165 [3]:365
[0]:200407441 [1]:36416978 [2]:165 [3]:365
[0]:200407441 [1]:36416978 [2]:165 [3]:365
[0]:200407441 [1]:36416978 [2]:165 [3]:365
[0]:200407441 [1]:36416978 [2]:165 [3]:365
[0]:200407441 [1]:36416978 [2]:165 [3]:365
[0]:200407441 [1]:36416978 [2]:165 [3]:365
[0]:200407441 [1]:36416978 [2]:165 [3]:365
[0]:200407441 [1]:36416978 [2]:165 [3]:365
[0]:200407441 [1]:36416978 [2]:165 [3]:365
