[0]:30378954 [1]:3880464 [2]:150 [3]:353
[0]:30589995 [1]:3929224 [2]:150 [3]:358
[0]:30791503 [1]:3975752 [2]:150 [3]:367
[0]:30989369 [1]:4021468 [2]:150 [3]:364
[0]:31209520 [1]:4072355 [2]:150 [3]:361
[0]:31402493 [1]:4116855 [2]:150 [3]:359
[0]:31612673 [1]:4165420 [2]:150 [3]:65
[0]:31825573 [1]:4214646 [2]:150 [3]:366
[0]:32041896 [1]:4264583 [2]:150 [3]:366
[0]:32243248 [1]:4311068 [2]:150 [3]:363
[0]:32444982 [1]:4357698 [2]:150 [3]:362
[0]:32687265 [1]:4413666 [2]:159 [3]:359
[0]:32885411 [1]:4459432 [2]:159 [3]:361
[0]:33083069 [1]:4505119 [2]:159 [3]:366
[0]:33295893 [1]:4554224 [2]:159 [3]:364
[0]:33493924 [1]:4599982 [2]:159 [3]:56
[0]:33683381 [1]:4643759 [2]:159 [3]:363
[0]:33889459 [1]:4691404 [2]:159 [3]:362
[0]:34087270 [1]:4737089 [2]:159 [3]:361
[0]:34285017 [1]:4782709 [2]:159 [3]:63
[0]:34486636 [1]:4829292 [2]:159 [3]:58
[0]:34687513 [1]:4875693 [2]:159 [3]:369
[0]:34890854 [1]:4922716 [2]:159 [3]:360
[0]:35083812 [1]:4967312 [2]:159 [3]:361
[0]:35277804 [1]:5012117 [2]:164 [3]:358
[0]:35475785 [1]:5057854 [2]:164 [3]:358
[0]:35704153 [1]:5110627 [2]:164 [3]:59
[0]:35905008 [1]:5157060 [2]:164 [3]:364
[0]:36106227 [1]:5203463 [2]:164 [3]:60
[0]:36304237 [1]:5249260 [2]:164 [3]:69
[0]:36528716 [1]:5301115 [2]:164 [3]:358
[0]:36720522 [1]:5345416 [2]:164 [3]:370
[0]:36911019 [1]:5389423 [2]:164 [3]:359
[0]:37103382 [1]:5433911 [2]:164 [3]:354
[0]:37297060 [1]:5478658 [2]:164 [3]:363
[0]:37509800 [1]:5527887 [2]:164 [3]:365
[0]:37737499 [1]:5580484 [2]:164 [3]:355
[0]:37931093 [1]:5625157 [2]:164 [3]:59
[0]:38133086 [1]:5671867 [2]:166 [3]:360
[0]:38325292 [1]:5716337 [2]:166 [3]:358
[0]:38551160 [1]:5768513 [2]:166 [3]:363
[0]:38752414 [1]:5814987 [2]:166 [3]:361
[0]:38940112 [1]:5858300 [2]:166 [3]:359
[0]:39148313 [1]:5906435 [2]:166 [3]:70
[0]:39338420 [1]:5950327 [2]:166 [3]:357
[0]:39530762 [1]:5994746 [2]:166 [3]:367
[0]:39779241 [1]:6052001 [2]:166 [3]:361
[0]:39976841 [1]:6097653 [2]:166 [3]:361
[0]:40181406 [1]:6144920 [2]:166 [3]:364
[0]:40375192 [1]:6189659 [2]:166 [3]:364
[0]:40570384 [1]:6234756 [2]:166 [3]:60
[0]:40760850 [1]:6278673 [2]:166 [3]:355
[0]:40962336 [1]:6325213 [2]:166 [3]:364
[0]:41159817 [1]:6370907 [2]:166 [3]:357
[0]:41361739 [1]:6417539 [2]:166 [3]:360
[0]:41567094 [1]:6464911 [2]:166 [3]:363
[0]:41764942 [1]:6510653 [2]:166 [3]:365
[0]:41959297 [1]:6555586 [2]:166 [3]:360
[0]:42152960 [1]:6600346 [2]:166 [3]:361
[0]:42345227 [1]:6644774 [2]:166 [3]:366
[0]:42537536 [1]:6689123 [2]:166 [3]:62
[0]:42739035 [1]:6735641 [2]:166 [3]:357
[0]:42936877 [1]:6781344 [2]:166 [3]:61
[0]:43153350 [1]:6831364 [2]:166 [3]:360
[0]:43354645 [1]:6877879 [2]:166 [3]:367
[0]:43548930 [1]:6922756 [2]:166 [3]:358
[0]:43746834 [1]:6968470 [2]:166 [3]:360
[0]:43934353 [1]:7011787 [2]:166 [3]:360
[0]:44123816 [1]:7055583 [2]:166 [3]:361
[0]:44325306 [1]:7102126 [2]:166 [3]:54
[0]:44518454 [1]:7146708 [2]:166 [3]:361
[0]:44713337 [1]:7191806 [2]:166 [3]:55
[0]:44907593 [1]:7236688 [2]:166 [3]:357
[0]:45129486 [1]:7287965 [2]:166 [3]:60
