[0]:106773071 [1]:18925634 [2]:166 [3]:376
[0]:106982273 [1]:18956674 [2]:166 [3]:365
[0]:107214519 [1]:18991105 [2]:166 [3]:357
[0]:107416537 [1]:19021104 [2]:166 [3]:368
[0]:107628658 [1]:19052550 [2]:166 [3]:366
[0]:107857194 [1]:19086566 [2]:166 [3]:363
[0]:108079628 [1]:19119627 [2]:166 [3]:368
[0]:108286696 [1]:19150455 [2]:166 [3]:371
[0]:108503382 [1]:19182548 [2]:166 [3]:358
[0]:108715871 [1]:19214119 [2]:166 [3]:362
[0]:108917187 [1]:19243979 [2]:166 [3]:371
[0]:109122014 [1]:19274488 [2]:166 [3]:363
[0]:109329830 [1]:19305281 [2]:166 [3]:358
[0]:109531957 [1]:19335315 [2]:166 [3]:373
[0]:109748806 [1]:19367452 [2]:166 [3]:362
[0]:109961259 [1]:19398986 [2]:166 [3]:366
[0]:110225563 [1]:19438196 [2]:166 [3]:83
[0]:110442301 [1]:19470479 [2]:156 [3]:368
[0]:110651075 [1]:19501523 [2]:156 [3]:371
[0]:110863780 [1]:19533041 [2]:156 [3]:360
[0]:111068702 [1]:19563520 [2]:156 [3]:365
[0]:111292088 [1]:19596729 [2]:156 [3]:372
[0]:111502121 [1]:19627920 [2]:156 [3]:362
[0]:111706997 [1]:19658303 [2]:156 [3]:366
[0]:111935420 [1]:19692301 [2]:156 [3]:77
[0]:112140471 [1]:19722747 [2]:156 [3]:350
[0]:112400143 [1]:19761384 [2]:156 [3]:360
[0]:112629582 [1]:19795398 [2]:156 [3]:366
[0]:112841943 [1]:19827054 [2]:156 [3]:70
[0]:113050781 [1]:19858066 [2]:156 [3]:365
[0]:113267550 [1]:19890274 [2]:156 [3]:362
[0]:113480475 [1]:19921905 [2]:156 [3]:87
[0]:113694166 [1]:19953596 [2]:156 [3]:371
[0]:113925661 [1]:19987891 [2]:152 [3]:360
[0]:114130459 [1]:20018299 [2]:152 [3]:365
[0]:114339546 [1]:20049285 [2]:152 [3]:366
[0]:114544015 [1]:20079599 [2]:152 [3]:363
[0]:114749257 [1]:20110165 [2]:152 [3]:369
[0]:114962035 [1]:20141753 [2]:152 [3]:358
[0]:115170337 [1]:20172731 [2]:152 [3]:363
[0]:115379794 [1]:20203795 [2]:152 [3]:367
[0]:115576884 [1]:20233006 [2]:152 [3]:362
[0]:115790308 [1]:20264870 [2]:152 [3]:365
[0]:115996697 [1]:20295455 [2]:152 [3]:367
[0]:116197370 [1]:20325333 [2]:152 [3]:374
[0]:116447353 [1]:20362611 [2]:152 [3]:358
[0]:116656424 [1]:20393545 [2]:152 [3]:365
[0]:116870673 [1]:20425558 [2]:152 [3]:367
[0]:117077863 [1]:20456251 [2]:152 [3]:367
[0]:117294775 [1]:20488453 [2]:152 [3]:368
[0]:117515538 [1]:20521080 [2]:151 [3]:362
[0]:117724226 [1]:20552010 [2]:151 [3]:363
[0]:117931292 [1]:20582738 [2]:151 [3]:360
[0]:118181450 [1]:20619900 [2]:151 [3]:364
[0]:118383075 [1]:20649767 [2]:151 [3]:351
[0]:118595194 [1]:20681246 [2]:151 [3]:361
[0]:118800021 [1]:20711630 [2]:151 [3]:368
[0]:119040528 [1]:20747333 [2]:151 [3]:368
[0]:119300598 [1]:20785937 [2]:151 [3]:356
[0]:119501615 [1]:20815720 [2]:151 [3]:369
[0]:119708176 [1]:20846411 [2]:151 [3]:353
[0]:119911302 [1]:20876599 [2]:151 [3]:370
[0]:120153199 [1]:20912544 [2]:151 [3]:360
[0]:120352797 [1]:20942138 [2]:151 [3]:359
[0]:120553811 [1]:20972007 [2]:151 [3]:364
[0]:120762434 [1]:21003105 [2]:151 [3]:364
[0]:120994956 [1]:21037636 [2]:151 [3]:370
[0]:121204499 [1]:21068674 [2]:151 [3]:362
[0]:121416731 [1]:21100124 [2]:151 [3]:362
[0]:121625545 [1]:21131079 [2]:151 [3]:363
[0]:121834244 [1]:21162141 [2]:151 [3]:369
[0]:122042309 [1]:21192984 [2]:151 [3]:373
[0]:122252268 [1]:21224185 [2]:151 [3]:359
