[0]:1084494390 [1]:689500602 [2]:7 [3]:17
[0]:1085556992 [1]:690126491 [2]:7 [3]:16
[0]:1086628523 [1]:690679410 [2]:7 [3]:59
[0]:1087626579 [1]:691190107 [2]:7 [3]:53
[0]:1088638438 [1]:691711540 [2]:7 [3]:57
[0]:1089757687 [1]:692282729 [2]:7 [3]:55
[0]:1090973654 [1]:692908651 [2]:7 [3]:11
[0]:1092221500 [1]:693554758 [2]:7 [3]:51
[0]:1093253326 [1]:694081702 [2]:7 [3]:48
[0]:1094297265 [1]:694618939 [2]:7 [3]:14
[0]:1095345226 [1]:695157742 [2]:7 [3]:18
[0]:1096395555 [1]:695699295 [2]:7 [3]:12
[0]:1097498423 [1]:696266516 [2]:7 [3]:51
[0]:1098504243 [1]:696782958 [2]:7 [3]:12
[0]:1099553470 [1]:697321399 [2]:7 [3]:52
[0]:1100569003 [1]:697845931 [2]:7 [3]:9
[0]:1101579775 [1]:698363916 [2]:7 [3]:49
[0]:1102633426 [1]:698906821 [2]:7 [3]:50
[0]:1103680900 [1]:699447095 [2]:7 [3]:51
[0]:1104736130 [1]:699987705 [2]:7 [3]:16
[0]:1105770477 [1]:700521635 [2]:7 [3]:53
[0]:1106920284 [1]:701114854 [2]:7 [3]:48
[0]:1108550795 [1]:701953618 [2]:7 [3]:12
[0]:1109762764 [1]:702576032 [2]:7 [3]:15
[0]:1110918091 [1]:703171386 [2]:7 [3]:47
[0]:1112064980 [1]:703760231 [2]:7 [3]:13
[0]:1113167461 [1]:704328300 [2]:7 [3]:11
[0]:1114285163 [1]:704903129 [2]:7 [3]:13
[0]:1115444462 [1]:705501572 [2]:7 [3]:10
[0]:1116634406 [1]:706112064 [2]:7 [3]:53
[0]:1117707775 [1]:706666466 [2]:7 [3]:54
[0]:1118819161 [1]:707242370 [2]:7 [3]:11
[0]:1119990305 [1]:707840951 [2]:7 [3]:10
[0]:1121123445 [1]:708422286 [2]:7 [3]:51
[0]:1122270247 [1]:709008240 [2]:7 [3]:11
[0]:1123367453 [1]:709571163 [2]:7 [3]:11
[0]:1124482688 [1]:710143680 [2]:7 [3]:14
[0]:1125555877 [1]:710690618 [2]:7 [3]:15
[0]:1126687484 [1]:711274350 [2]:7 [3]:12
[0]:1127844572 [1]:711867999 [2]:7 [3]:52
[0]:1128971496 [1]:712449083 [2]:7 [3]:10
[0]:1130110783 [1]:713030714 [2]:7 [3]:50
[0]:1131275109 [1]:713628247 [2]:7 [3]:9
[0]:1132296377 [1]:714160065 [2]:7 [3]:51
[0]:1133595735 [1]:714835295 [2]:7 [3]:47
[0]:1134569867 [1]:715336363 [2]:7 [3]:61
[0]:1135618802 [1]:715875359 [2]:7 [3]:18
[0]:1136630011 [1]:716391993 [2]:7 [3]:13
[0]:1137680175 [1]:716930539 [2]:7 [3]:54
[0]:1138909399 [1]:717568068 [2]:7 [3]:56
[0]:1139916082 [1]:718088326 [2]:7 [3]:20
[0]:1140950129 [1]:718616907 [2]:7 [3]:15
[0]:1141973487 [1]:719147701 [2]:7 [3]:13
[0]:1142966732 [1]:719658427 [2]:7 [3]:11
[0]:1144006428 [1]:720195264 [2]:7 [3]:49
[0]:1145028824 [1]:720721689 [2]:7 [3]:13
[0]:1146255707 [1]:721355369 [2]:7 [3]:14
[0]:1147567385 [1]:722026297 [2]:7 [3]:15
[0]:1148889343 [1]:722708271 [2]:7 [3]:52
[0]:1150024041 [1]:723298867 [2]:7 [3]:11
[0]:1151181204 [1]:723896186 [2]:7 [3]:16
[0]:1152352089 [1]:724494784 [2]:7 [3]:11
[0]:1153519671 [1]:725090497 [2]:7 [3]:54
[0]:1154655738 [1]:725675261 [2]:7 [3]:13
[0]:1155779316 [1]:726252926 [2]:7 [3]:13
[0]:1156956994 [1]:726855524 [2]:7 [3]:16
[0]:1158115348 [1]:727449849 [2]:7 [3]:54
[0]:1159259493 [1]:728033197 [2]:7 [3]:14
[0]:1160448855 [1]:728646767 [2]:7 [3]:48
[0]:1161611071 [1]:729249314 [2]:7 [3]:12
[0]:1162765897 [1]:729840949 [2]:7 [3]:57
[0]:1163907409 [1]:730420790 [2]:7 [3]:55
[0]:1165023383 [1]:730994566 [2]:7 [3]:15
[0]:1166168520 [1]:731584465 [2]:7 [3]:13
[0]:1167371342 [1]:732205229 [2]:7 [3]:8
[0]:1168513797 [1]:732791994 [2]:7 [3]:11
[0]:1169695344 [1]:733397723 [2]:7 [3]:9
[0]:1170883863 [1]:734006550 [2]:7 [3]:56
[0]:1172021989 [1]:734592605 [2]:7 [3]:15
[0]:1173224549 [1]:735210616 [2]:7 [3]:12
[0]:1174418550 [1]:735821839 [2]:7 [3]:12
[0]:1175580721 [1]:736424313 [2]:7 [3]:12
[0]:1176711644 [1]:737008748 [2]:7 [3]:16
[0]:1177883044 [1]:737613054 [2]:7 [3]:13
[0]:1179003334 [1]:738189092 [2]:7 [3]:14
[0]:1180115634 [1]:738763317 [2]:7 [3]:52
[0]:1181306479 [1]:739377420 [2]:7 [3]:55
[0]:1182516743 [1]:740002651 [2]:7 [3]:50
[0]:1183661903 [1]:740594210 [2]:7 [3]:48
[0]:1184777806 [1]:741175048 [2]:7 [3]:8
[0]:1185895971 [1]:741750672 [2]:7 [3]:43
[0]:1187000028 [1]:742313606 [2]:7 [3]:15
[0]:1188007278 [1]:742832766 [2]:7 [3]:12
[0]:1189019398 [1]:743353249 [2]:7 [3]:10
[0]:1190054576 [1]:743884704 [2]:7 [3]:10
[0]:1191056783 [1]:744406935 [2]:7 [3]:10
[0]:1192103711 [1]:744949628 [2]:7 [3]:53
[0]:1193124923 [1]:745475502 [2]:7 [3]:51
[0]:1194149519 [1]:746006696 [2]:7 [3]:9
[0]:1195136489 [1]:746515660 [2]:7 [3]:50
[0]:1196389309 [1]:747159007 [2]:7 [3]:11
[0]:1197402766 [1]:747678773 [2]:7 [3]:9
[0]:1198436070 [1]:748209165 [2]:7 [3]:51
[0]:1199443447 [1]:748728507 [2]:7 [3]:51
[0]:1200438724 [1]:749237859 [2]:7 [3]:13
[0]:1201505161 [1]:749789547 [2]:7 [3]:49
[0]:1202864815 [1]:750488047 [2]:7 [3]:14
[0]:1204103424 [1]:751124052 [2]:7 [3]:52
[0]:1205193915 [1]:751680141 [2]:7 [3]:11
[0]:1206205479 [1]:752199558 [2]:7 [3]:51
[0]:1207653927 [1]:752948930 [2]:7 [3]:19
[0]:1208652221 [1]:753464041 [2]:7 [3]:9
[0]:1209687551 [1]:754001585 [2]:7 [3]:54
[0]:1210669276 [1]:754506387 [2]:7 [3]:49
[0]:1211678910 [1]:755025258 [2]:7 [3]:15
[0]:1212698069 [1]:755547340 [2]:7 [3]:53
[0]:1213718094 [1]:756072623 [2]:7 [3]:54
[0]:1214984021 [1]:756725123 [2]:7 [3]:11
[0]:1215968760 [1]:757228760 [2]:7 [3]:15
[0]:1216977823 [1]:757750825 [2]:7 [3]:54
[0]:1218049952 [1]:758300072 [2]:7 [3]:54
[0]:1219298894 [1]:758940233 [2]:7 [3]:17
[0]:1220613497 [1]:759621390 [2]:7 [3]:9
[0]:1221878956 [1]:760271283 [2]:7 [3]:10
[0]:1223232408 [1]:760968234 [2]:7 [3]:15
[0]:1224348767 [1]:761545540 [2]:7 [3]:52
[0]:1225486085 [1]:762132879 [2]:7 [3]:53
[0]:1226537137 [1]:762675212 [2]:7 [3]:16
[0]:1227655340 [1]:763247703 [2]:7 [3]:13
[0]:1228803199 [1]:763843770 [2]:7 [3]:54
[0]:1229915654 [1]:764413254 [2]:7 [3]:13
[0]:1231057646 [1]:764995311 [2]:7 [3]:15
[0]:1232197978 [1]:765584289 [2]:7 [3]:53
[0]:1233343612 [1]:766175830 [2]:7 [3]:12
[0]:1234484290 [1]:766761283 [2]:7 [3]:59
[0]:1235618612 [1]:767344597 [2]:7 [3]:14
[0]:1236754023 [1]:767928285 [2]:7 [3]:46
[0]:1237938086 [1]:768534434 [2]:7 [3]:51
[0]:1239089573 [1]:769128446 [2]:7 [3]:57
[0]:1240228017 [1]:769714771 [2]:7 [3]:12
[0]:1241393431 [1]:770312956 [2]:7 [3]:50
[0]:1242510487 [1]:770888900 [2]:7 [3]:50
[0]:1243607769 [1]:771452907 [2]:7 [3]:54
[0]:1244637210 [1]:771982091 [2]:7 [3]:51
[0]:1245685501 [1]:772516639 [2]:7 [3]:11
[0]:1246769121 [1]:773074136 [2]:7 [3]:12
[0]:1247772932 [1]:773592101 [2]:7 [3]:18
[0]:1248788956 [1]:774113845 [2]:7 [3]:16
[0]:1249801366 [1]:774633330 [2]:7 [3]:34
[0]:1250805131 [1]:775154083 [2]:7 [3]:14
[0]:1251855090 [1]:775690220 [2]:7 [3]:49
[0]:1252928967 [1]:776246860 [2]:7 [3]:51
[0]:1253046486 [1]:776305282 [2]:7 [3]:11
[0]:1253046486 [1]:776305282 [2]:7 [3]:11
[0]:1253046486 [1]:776305282 [2]:7 [3]:11
[0]:1253046486 [1]:776305282 [2]:7 [3]:11
[0]:1253046486 [1]:776305282 [2]:7 [3]:11
[0]:1253046486 [1]:776305282 [2]:7 [3]:11
[0]:1253046486 [1]:776305282 [2]:7 [3]:11
[0]:1253046486 [1]:776305282 [2]:7 [3]:11
[0]:1253046486 [1]:776305282 [2]:7 [3]:11
[0]:1253046486 [1]:776305282 [2]:7 [3]:11
