[0]:30444795 [1]:3900547 [2]:140 [3]:363
[0]:30667194 [1]:3951999 [2]:140 [3]:361
[0]:30899458 [1]:4005543 [2]:140 [3]:363
[0]:31092692 [1]:4050224 [2]:140 [3]:357
[0]:31290563 [1]:4095953 [2]:140 [3]:351
[0]:31476803 [1]:4139032 [2]:140 [3]:364
[0]:31663740 [1]:4182210 [2]:140 [3]:65
[0]:31866385 [1]:4228946 [2]:140 [3]:358
[0]:32061841 [1]:4274110 [2]:140 [3]:370
[0]:32253523 [1]:4318351 [2]:140 [3]:366
[0]:32447545 [1]:4363182 [2]:149 [3]:364
[0]:32679006 [1]:4416683 [2]:149 [3]:366
[0]:32892291 [1]:4465899 [2]:149 [3]:361
[0]:33082192 [1]:4509791 [2]:149 [3]:360
[0]:33287374 [1]:4557233 [2]:149 [3]:355
[0]:33494065 [1]:4605080 [2]:149 [3]:359
[0]:33682974 [1]:4648682 [2]:149 [3]:368
[0]:33872988 [1]:4692608 [2]:149 [3]:357
[0]:34093513 [1]:4743563 [2]:149 [3]:362
[0]:34291319 [1]:4789289 [2]:149 [3]:362
[0]:34518588 [1]:4841788 [2]:149 [3]:364
[0]:34715179 [1]:4887119 [2]:149 [3]:369
[0]:34965947 [1]:4945060 [2]:149 [3]:367
[0]:35159249 [1]:4989783 [2]:149 [3]:362
[0]:35358736 [1]:5035885 [2]:156 [3]:365
[0]:35556610 [1]:5081560 [2]:156 [3]:363
[0]:35744076 [1]:5124860 [2]:156 [3]:363
[0]:35944835 [1]:5171214 [2]:156 [3]:354
[0]:36179782 [1]:5225522 [2]:156 [3]:362
[0]:36377785 [1]:5271299 [2]:156 [3]:362
[0]:36571993 [1]:5316098 [2]:156 [3]:363
[0]:36768693 [1]:5361551 [2]:156 [3]:359
[0]:36975010 [1]:5409211 [2]:156 [3]:357
[0]:37165568 [1]:5453191 [2]:156 [3]:361
[0]:37363168 [1]:5498805 [2]:156 [3]:367
[0]:37559279 [1]:5544017 [2]:156 [3]:359
[0]:37747425 [1]:5587468 [2]:156 [3]:352
[0]:37945493 [1]:5633260 [2]:156 [3]:358
[0]:38139550 [1]:5678088 [2]:160 [3]:364
[0]:38330057 [1]:5722036 [2]:160 [3]:362
[0]:38524052 [1]:5766822 [2]:160 [3]:361
[0]:38721885 [1]:5812516 [2]:160 [3]:365
[0]:38912913 [1]:5856656 [2]:160 [3]:355
[0]:39162391 [1]:5914330 [2]:160 [3]:358
[0]:39360114 [1]:5959934 [2]:160 [3]:358
[0]:39554117 [1]:6004737 [2]:160 [3]:363
[0]:39777374 [1]:6056321 [2]:160 [3]:66
[0]:39972089 [1]:6101367 [2]:160 [3]:54
[0]:40179619 [1]:6149333 [2]:160 [3]:68
[0]:40371567 [1]:6193625 [2]:160 [3]:361
[0]:40586751 [1]:6243366 [2]:160 [3]:62
[0]:40778458 [1]:6287664 [2]:160 [3]:59
[0]:40975366 [1]:6333159 [2]:162 [3]:362
[0]:41162878 [1]:6376425 [2]:162 [3]:368
[0]:41363911 [1]:6422863 [2]:162 [3]:362
[0]:41558492 [1]:6467805 [2]:162 [3]:354
[0]:41762033 [1]:6514789 [2]:162 [3]:361
[0]:41992362 [1]:6568071 [2]:162 [3]:367
[0]:42193043 [1]:6614392 [2]:162 [3]:361
[0]:42378854 [1]:6657332 [2]:162 [3]:366
[0]:42581182 [1]:6704028 [2]:162 [3]:360
[0]:42822310 [1]:6759806 [2]:162 [3]:358
[0]:43026772 [1]:6806992 [2]:162 [3]:356
[0]:43211923 [1]:6849771 [2]:162 [3]:361
[0]:43402392 [1]:6893799 [2]:162 [3]:358
[0]:43596359 [1]:6938599 [2]:162 [3]:56
[0]:43798005 [1]:6985142 [2]:164 [3]:360
[0]:43992067 [1]:7029922 [2]:164 [3]:61
[0]:44187095 [1]:7074985 [2]:164 [3]:360
[0]:44393706 [1]:7122786 [2]:164 [3]:358
[0]:44603776 [1]:7171323 [2]:164 [3]:61
[0]:44810652 [1]:7219184 [2]:164 [3]:365
[0]:45007274 [1]:7264534 [2]:164 [3]:359
[0]:45231233 [1]:7316283 [2]:164 [3]:359
