[0]:76138216 [1]:13136388 [2]:165 [3]:365
[0]:76396822 [1]:13174892 [2]:165 [3]:362
[0]:76601799 [1]:13205224 [2]:165 [3]:357
[0]:76806134 [1]:13235608 [2]:165 [3]:357
[0]:77007660 [1]:13265512 [2]:165 [3]:364
[0]:77217311 [1]:13296613 [2]:165 [3]:362
[0]:77425441 [1]:13327414 [2]:165 [3]:366
[0]:77629243 [1]:13357623 [2]:165 [3]:80
[0]:77835281 [1]:13388312 [2]:165 [3]:81
[0]:78040197 [1]:13418738 [2]:165 [3]:362
[0]:78245109 [1]:13449131 [2]:165 [3]:358
[0]:78445965 [1]:13478979 [2]:165 [3]:360
[0]:78646890 [1]:13508862 [2]:160 [3]:370
[0]:78847856 [1]:13538777 [2]:160 [3]:71
[0]:79118285 [1]:13578903 [2]:160 [3]:369
[0]:79395447 [1]:13620165 [2]:160 [3]:363
[0]:79600548 [1]:13650492 [2]:160 [3]:361
[0]:79829168 [1]:13684440 [2]:160 [3]:362
[0]:80022171 [1]:13713089 [2]:160 [3]:368
[0]:80250633 [1]:13747064 [2]:160 [3]:359
[0]:80455418 [1]:13777490 [2]:160 [3]:367
[0]:80668381 [1]:13809045 [2]:160 [3]:372
[0]:80874627 [1]:13839657 [2]:160 [3]:359
[0]:81078244 [1]:13869878 [2]:160 [3]:358
[0]:81305683 [1]:13903673 [2]:160 [3]:369
[0]:81519659 [1]:13935345 [2]:160 [3]:357
[0]:81736496 [1]:13967440 [2]:160 [3]:359
[0]:81972928 [1]:14002444 [2]:160 [3]:364
[0]:82168456 [1]:14031428 [2]:155 [3]:359
[0]:82379457 [1]:14062866 [2]:155 [3]:367
[0]:82587444 [1]:14093797 [2]:155 [3]:74
[0]:82820221 [1]:14128245 [2]:155 [3]:361
[0]:83025290 [1]:14158697 [2]:155 [3]:361
[0]:83232580 [1]:14189377 [2]:155 [3]:363
[0]:83446780 [1]:14221130 [2]:155 [3]:359
[0]:83647809 [1]:14250927 [2]:155 [3]:359
[0]:83856684 [1]:14281880 [2]:155 [3]:358
[0]:84065080 [1]:14312761 [2]:155 [3]:78
[0]:84267615 [1]:14342752 [2]:155 [3]:355
[0]:84467703 [1]:14372327 [2]:155 [3]:367
[0]:84676550 [1]:14403276 [2]:155 [3]:369
[0]:84909026 [1]:14437825 [2]:155 [3]:362
[0]:85170308 [1]:14476459 [2]:155 [3]:358
[0]:85374158 [1]:14506647 [2]:155 [3]:354
[0]:85575153 [1]:14536498 [2]:155 [3]:81
[0]:85780092 [1]:14566989 [2]:152 [3]:370
[0]:86028166 [1]:14603813 [2]:152 [3]:370
[0]:86237094 [1]:14634799 [2]:152 [3]:79
[0]:86446017 [1]:14665733 [2]:152 [3]:76
[0]:86658727 [1]:14697325 [2]:152 [3]:365
[0]:86869877 [1]:14728719 [2]:152 [3]:372
[0]:87068717 [1]:14758154 [2]:152 [3]:370
[0]:87281656 [1]:14789683 [2]:152 [3]:365
[0]:87494372 [1]:14821162 [2]:152 [3]:370
[0]:87707041 [1]:14852705 [2]:152 [3]:370
[0]:87912055 [1]:14883093 [2]:152 [3]:358
[0]:88117132 [1]:14913461 [2]:152 [3]:367
[0]:88345702 [1]:14947337 [2]:152 [3]:371
[0]:88561273 [1]:14979378 [2]:152 [3]:70
[0]:88782996 [1]:15012238 [2]:152 [3]:355
[0]:89003836 [1]:15044895 [2]:152 [3]:357
[0]:89208897 [1]:15075273 [2]:152 [3]:368
[0]:89411275 [1]:15105259 [2]:151 [3]:357
[0]:89616530 [1]:15135767 [2]:151 [3]:362
[0]:89817443 [1]:15165655 [2]:151 [3]:363
[0]:90023086 [1]:15196211 [2]:151 [3]:375
[0]:90228995 [1]:15226776 [2]:151 [3]:361
[0]:90434397 [1]:15257269 [2]:151 [3]:367
[0]:90632861 [1]:15286801 [2]:151 [3]:360
[0]:90842961 [1]:15318068 [2]:151 [3]:368
[0]:91076680 [1]:15352708 [2]:151 [3]:356
[0]:91281520 [1]:15383044 [2]:151 [3]:369
[0]:91487993 [1]:15413599 [2]:151 [3]:366
[0]:91684673 [1]:15445732 [2]:151 [3]:365
