[0]:115251065 [1]:13265168 [2]:93 [3]:366
[0]:115445086 [1]:13298648 [2]:93 [3]:69
[0]:115650668 [1]:13334033 [2]:93 [3]:358
[0]:115843535 [1]:13367212 [2]:93 [3]:68
[0]:116039111 [1]:13400775 [2]:93 [3]:363
[0]:116233269 [1]:13434279 [2]:93 [3]:66
[0]:116433239 [1]:13468640 [2]:93 [3]:66
[0]:116636752 [1]:13503721 [2]:93 [3]:67
[0]:116858175 [1]:13541646 [2]:93 [3]:354
[0]:117058904 [1]:13576079 [2]:93 [3]:63
[0]:117249542 [1]:13608871 [2]:93 [3]:355
[0]:117446439 [1]:13642771 [2]:93 [3]:362
[0]:117641721 [1]:13676345 [2]:93 [3]:366
[0]:117836176 [1]:13709670 [2]:93 [3]:72
[0]:118030246 [1]:13742989 [2]:93 [3]:367
[0]:118228142 [1]:13776959 [2]:93 [3]:361
[0]:118426392 [1]:13811233 [2]:93 [3]:362
[0]:118633463 [1]:13846818 [2]:93 [3]:355
[0]:118841227 [1]:13882427 [2]:93 [3]:360
[0]:119094824 [1]:13926210 [2]:93 [3]:84
[0]:119296441 [1]:13960846 [2]:93 [3]:55
[0]:119494632 [1]:13994891 [2]:93 [3]:367
[0]:119689071 [1]:14028374 [2]:93 [3]:366
[0]:119885850 [1]:14062217 [2]:93 [3]:67
[0]:120081478 [1]:14095910 [2]:93 [3]:363
[0]:120286802 [1]:14131447 [2]:93 [3]:88
[0]:120488250 [1]:14166264 [2]:93 [3]:378
[0]:120686311 [1]:14200123 [2]:93 [3]:360
[0]:120884576 [1]:14234122 [2]:93 [3]:359
[0]:121081470 [1]:14267972 [2]:93 [3]:361
[0]:121284238 [1]:14302949 [2]:93 [3]:64
[0]:121482143 [1]:14337080 [2]:93 [3]:80
[0]:121665352 [1]:14368482 [2]:93 [3]:65
[0]:121859038 [1]:14401890 [2]:93 [3]:353
[0]:122053789 [1]:14435483 [2]:93 [3]:362
[0]:122318587 [1]:14480884 [2]:93 [3]:64
[0]:122522767 [1]:14516118 [2]:93 [3]:371
[0]:122718715 [1]:14549863 [2]:93 [3]:358
[0]:122916920 [1]:14583856 [2]:93 [3]:367
[0]:123150630 [1]:14624113 [2]:93 [3]:359
[0]:123357410 [1]:14659609 [2]:93 [3]:353
[0]:123548206 [1]:14692537 [2]:93 [3]:370
[0]:123740394 [1]:14725680 [2]:93 [3]:359
[0]:123944124 [1]:14760687 [2]:93 [3]:62
[0]:124149251 [1]:14795984 [2]:93 [3]:62
[0]:124349809 [1]:14830352 [2]:93 [3]:57
[0]:124565686 [1]:14867321 [2]:93 [3]:360
[0]:124787515 [1]:14905577 [2]:93 [3]:88
[0]:125009147 [1]:14943892 [2]:93 [3]:60
[0]:125206999 [1]:14977879 [2]:93 [3]:365
[0]:125408853 [1]:15012502 [2]:93 [3]:360
[0]:125606845 [1]:15046557 [2]:93 [3]:353
[0]:125812449 [1]:15081875 [2]:93 [3]:71
[0]:126035959 [1]:15120392 [2]:93 [3]:52
[0]:126234540 [1]:15154415 [2]:93 [3]:59
[0]:126421779 [1]:15186630 [2]:93 [3]:357
[0]:126611498 [1]:15219307 [2]:93 [3]:86
[0]:126833482 [1]:15257447 [2]:93 [3]:60
[0]:127026432 [1]:15290736 [2]:93 [3]:67
[0]:127227874 [1]:15325372 [2]:93 [3]:361
[0]:127458434 [1]:15365116 [2]:93 [3]:59
[0]:127650210 [1]:15398153 [2]:93 [3]:358
[0]:127846264 [1]:15431951 [2]:93 [3]:357
[0]:128053593 [1]:15467715 [2]:93 [3]:359
[0]:128255464 [1]:15502340 [2]:93 [3]:362
[0]:128452486 [1]:15536319 [2]:93 [3]:362
[0]:128648988 [1]:15570223 [2]:93 [3]:56
[0]:128845254 [1]:15604054 [2]:93 [3]:361
[0]:129043676 [1]:15638205 [2]:93 [3]:363
[0]:129257148 [1]:15674933 [2]:93 [3]:58
[0]:129447359 [1]:15707761 [2]:93 [3]:360
[0]:129638743 [1]:15740743 [2]:93 [3]:360
[0]:129835160 [1]:15774669 [2]:93 [3]:55
[0]:130037222 [1]:15809358 [2]:93 [3]:56
[0]:130234712 [1]:15843202 [2]:93 [3]:372
[0]:130428013 [1]:15876475 [2]:93 [3]:57
[0]:130619862 [1]:15909490 [2]:93 [3]:63
[0]:130824831 [1]:15944942 [2]:93 [3]:363
[0]:131019393 [1]:15978345 [2]:93 [3]:365
[0]:131219194 [1]:16012702 [2]:93 [3]:68
[0]:131411778 [1]:16045773 [2]:93 [3]:66
[0]:131621042 [1]:16081825 [2]:93 [3]:365
[0]:131855916 [1]:16122298 [2]:93 [3]:359
[0]:132061742 [1]:16157814 [2]:93 [3]:365
[0]:132265492 [1]:16192867 [2]:93 [3]:365
[0]:132461411 [1]:16226612 [2]:93 [3]:66
[0]:132657434 [1]:16260403 [2]:93 [3]:364
[0]:132857614 [1]:16294648 [2]:93 [3]:360
[0]:133049315 [1]:16327695 [2]:93 [3]:357
[0]:133238681 [1]:16360320 [2]:93 [3]:367
[0]:133456568 [1]:16397883 [2]:93 [3]:362
[0]:133679381 [1]:16436281 [2]:93 [3]:362
[0]:133869790 [1]:16469011 [2]:93 [3]:363
[0]:134105154 [1]:16509545 [2]:93 [3]:364
[0]:134325463 [1]:16547396 [2]:93 [3]:354
[0]:134519772 [1]:16580783 [2]:93 [3]:367
[0]:134710459 [1]:16613579 [2]:93 [3]:366
[0]:134904639 [1]:16646985 [2]:93 [3]:370
[0]:135124963 [1]:16684878 [2]:93 [3]:367
[0]:135329863 [1]:16720027 [2]:93 [3]:359
[0]:135588959 [1]:16764506 [2]:93 [3]:355
[0]:135784118 [1]:16798077 [2]:93 [3]:68
[0]:135980480 [1]:16831853 [2]:93 [3]:353
[0]:136175339 [1]:16865451 [2]:93 [3]:370
[0]:136409328 [1]:16905686 [2]:93 [3]:73
[0]:136604460 [1]:16939145 [2]:93 [3]:56
[0]:136799032 [1]:16972619 [2]:93 [3]:55
[0]:136993400 [1]:17006002 [2]:93 [3]:361
[0]:137191299 [1]:17040091 [2]:93 [3]:367
[0]:137386415 [1]:17073667 [2]:93 [3]:354
[0]:137590914 [1]:17108852 [2]:93 [3]:357
[0]:137792909 [1]:17143365 [2]:93 [3]:358
[0]:137999678 [1]:17178910 [2]:93 [3]:362
[0]:138196491 [1]:17212692 [2]:93 [3]:61
[0]:138402136 [1]:17247973 [2]:93 [3]:368
[0]:138586464 [1]:17279647 [2]:93 [3]:58
[0]:138820468 [1]:17319956 [2]:93 [3]:357
[0]:139055806 [1]:17360488 [2]:93 [3]:60
[0]:139252928 [1]:17394338 [2]:93 [3]:364
[0]:139444559 [1]:17427160 [2]:93 [3]:56
[0]:139676125 [1]:17466987 [2]:93 [3]:359
[0]:139873594 [1]:17500900 [2]:93 [3]:367
[0]:140072126 [1]:17535229 [2]:93 [3]:363
[0]:140262673 [1]:17568015 [2]:93 [3]:56
[0]:140461897 [1]:17602178 [2]:93 [3]:58
[0]:140685972 [1]:17640788 [2]:93 [3]:55
[0]:140874659 [1]:17673227 [2]:93 [3]:58
[0]:141071588 [1]:17707028 [2]:93 [3]:355
[0]:141271211 [1]:17741284 [2]:93 [3]:71
[0]:141483816 [1]:17777872 [2]:93 [3]:358
[0]:141678619 [1]:17811354 [2]:93 [3]:66
[0]:141866017 [1]:17843575 [2]:93 [3]:359
[0]:142055250 [1]:17876021 [2]:93 [3]:358
[0]:142250302 [1]:17909677 [2]:93 [3]:65
[0]:142462820 [1]:17946284 [2]:93 [3]:359
[0]:142661118 [1]:17980383 [2]:93 [3]:60
[0]:142854981 [1]:18013624 [2]:93 [3]:363
[0]:143042538 [1]:18045763 [2]:93 [3]:377
