[0]:0 [1]:0 [2]:0 [3]:0
[0]:0 [1]:0 [2]:0 [3]:0
[0]:163690 [1]:0 [2]:0 [3]:64
[0]:399957 [1]:0 [2]:0 [3]:320
[0]:652163 [1]:0 [2]:0 [3]:76
[0]:878909 [1]:0 [2]:0 [3]:71
[0]:1112641 [1]:6540 [2]:123 [3]:385
[0]:1319934 [1]:27575 [2]:123 [3]:68
[0]:1528413 [1]:48792 [2]:123 [3]:87
[0]:1742078 [1]:70408 [2]:123 [3]:61
[0]:1954301 [1]:91924 [2]:123 [3]:77
[0]:2148875 [1]:111586 [2]:123 [3]:58
[0]:2413871 [1]:138418 [2]:123 [3]:60
[0]:2632447 [1]:160512 [2]:108 [3]:64
[0]:2844489 [1]:182248 [2]:108 [3]:70
[0]:3051646 [1]:203246 [2]:108 [3]:355
[0]:3255019 [1]:223912 [2]:108 [3]:70
[0]:3445606 [1]:243271 [2]:108 [3]:374
[0]:3639308 [1]:262827 [2]:108 [3]:73
[0]:3852716 [1]:284662 [2]:108 [3]:54
[0]:4052651 [1]:304829 [2]:108 [3]:100
[0]:4252200 [1]:325526 [2]:97 [3]:351
[0]:4457811 [1]:346282 [2]:97 [3]:65
[0]:4662573 [1]:367009 [2]:97 [3]:366
[0]:4865505 [1]:387500 [2]:97 [3]:362
[0]:5070194 [1]:408306 [2]:97 [3]:59
[0]:5273617 [1]:428893 [2]:97 [3]:362
[0]:5477262 [1]:449389 [2]:97 [3]:57
[0]:5676734 [1]:469600 [2]:97 [3]:73
[0]:5885960 [1]:490757 [2]:89 [3]:373
[0]:6091482 [1]:511739 [2]:89 [3]:67
[0]:6300758 [1]:532934 [2]:89 [3]:373
[0]:6493854 [1]:552691 [2]:89 [3]:360
[0]:6693095 [1]:572737 [2]:89 [3]:66
[0]:6894643 [1]:593397 [2]:89 [3]:79
[0]:7101143 [1]:614501 [2]:89 [3]:65
[0]:7297856 [1]:634681 [2]:84 [3]:67
[0]:7491342 [1]:654339 [2]:84 [3]:62
[0]:7727902 [1]:678224 [2]:84 [3]:359
[0]:7926076 [1]:698210 [2]:84 [3]:64
[0]:8124284 [1]:718337 [2]:84 [3]:54
[0]:8323864 [1]:738583 [2]:84 [3]:352
[0]:8519900 [1]:758476 [2]:84 [3]:361
[0]:8728527 [1]:779782 [2]:84 [3]:366
[0]:8920072 [1]:799146 [2]:80 [3]:377
[0]:9147892 [1]:822216 [2]:80 [3]:370
[0]:9348775 [1]:842593 [2]:80 [3]:55
[0]:9544039 [1]:862349 [2]:80 [3]:366
[0]:9738648 [1]:882146 [2]:80 [3]:61
[0]:9955815 [1]:903945 [2]:80 [3]:87
[0]:10165227 [1]:925048 [2]:80 [3]:70
[0]:10359555 [1]:944792 [2]:80 [3]:354
[0]:10561011 [1]:965993 [2]:77 [3]:364
[0]:10762641 [1]:997135 [2]:77 [3]:56
[0]:10952793 [1]:1026493 [2]:77 [3]:354
[0]:11160944 [1]:1058610 [2]:77 [3]:362
[0]:11360169 [1]:1089409 [2]:77 [3]:64
[0]:11616823 [1]:1128997 [2]:77 [3]:366
[0]:11806197 [1]:1158250 [2]:77 [3]:363
[0]:12008216 [1]:1189507 [2]:77 [3]:359
[0]:12216427 [1]:1221616 [2]:77 [3]:366
[0]:12411786 [1]:1251682 [2]:83 [3]:352
[0]:12626825 [1]:1284895 [2]:83 [3]:356
[0]:12822724 [1]:1315084 [2]:83 [3]:358
[0]:13026387 [1]:1346465 [2]:83 [3]:61
[0]:13225802 [1]:1377239 [2]:83 [3]:371
[0]:13426139 [1]:1408121 [2]:83 [3]:69
[0]:13658211 [1]:1443922 [2]:83 [3]:354
[0]:13856079 [1]:1474443 [2]:83 [3]:361
[0]:14049003 [1]:1504168 [2]:83 [3]:66
[0]:14238380 [1]:1533574 [2]:83 [3]:59
[0]:14447710 [1]:1565761 [2]:88 [3]:55
[0]:14648698 [1]:1596815 [2]:88 [3]:63
[0]:14854716 [1]:1628633 [2]:88 [3]:59
[0]:15056130 [1]:1659708 [2]:88 [3]:366
[0]:15253984 [1]:1690232 [2]:88 [3]:363
[0]:15453441 [1]:1720867 [2]:88 [3]:359
[0]:15653244 [1]:1751662 [2]:88 [3]:359
[0]:15853157 [1]:1782405 [2]:88 [3]:367
[0]:16051426 [1]:1812965 [2]:88 [3]:364
[0]:16252932 [1]:1844278 [2]:88 [3]:59
[0]:16459604 [1]:1876141 [2]:92 [3]:52
[0]:16678869 [1]:1910062 [2]:92 [3]:351
[0]:16876643 [1]:1940540 [2]:92 [3]:355
[0]:17070596 [1]:1970477 [2]:92 [3]:65
[0]:17300928 [1]:2005979 [2]:92 [3]:375
[0]:17525552 [1]:2040540 [2]:92 [3]:368
[0]:17720421 [1]:2070595 [2]:92 [3]:59
[0]:17916693 [1]:2100863 [2]:92 [3]:357
[0]:18106909 [1]:2130219 [2]:92 [3]:353
[0]:18337743 [1]:2165715 [2]:92 [3]:358
[0]:18523854 [1]:2194504 [2]:95 [3]:362
[0]:18719683 [1]:2224593 [2]:95 [3]:363
[0]:18927638 [1]:2256784 [2]:95 [3]:362
[0]:19151482 [1]:2291244 [2]:95 [3]:366
[0]:19372313 [1]:2325363 [2]:95 [3]:362
[0]:19584877 [1]:2358220 [2]:95 [3]:359
[0]:19793820 [1]:2390512 [2]:95 [3]:357
[0]:19991462 [1]:2421008 [2]:95 [3]:366
[0]:20230079 [1]:2457839 [2]:95 [3]:356
[0]:20420431 [1]:2487219 [2]:95 [3]:372
[0]:20610996 [1]:2516620 [2]:97 [3]:60
[0]:20808537 [1]:2547172 [2]:97 [3]:363
[0]:21037974 [1]:2582603 [2]:97 [3]:70
[0]:21238072 [1]:2613444 [2]:97 [3]:77
[0]:21441067 [1]:2644729 [2]:97 [3]:68
[0]:21633012 [1]:2674290 [2]:97 [3]:357
[0]:21831776 [1]:2704949 [2]:97 [3]:360
[0]:22035121 [1]:2736322 [2]:97 [3]:71
[0]:22233628 [1]:2766894 [2]:97 [3]:361
[0]:22423790 [1]:2796178 [2]:97 [3]:59
[0]:22629165 [1]:2827955 [2]:98 [3]:368
[0]:22822186 [1]:2857705 [2]:98 [3]:361
[0]:23018672 [1]:2888126 [2]:98 [3]:65
[0]:23214668 [1]:2918426 [2]:98 [3]:356
[0]:23404800 [1]:2947910 [2]:98 [3]:71
[0]:23624332 [1]:2981784 [2]:98 [3]:63
[0]:23822518 [1]:3012506 [2]:98 [3]:60
[0]:24023214 [1]:3043392 [2]:98 [3]:64
[0]:24221624 [1]:3074034 [2]:98 [3]:372
[0]:24424986 [1]:3105583 [2]:98 [3]:61
[0]:24620635 [1]:3135775 [2]:99 [3]:74
[0]:24825073 [1]:3167205 [2]:99 [3]:359
[0]:25030884 [1]:3199114 [2]:99 [3]:363
[0]:25242608 [1]:3231935 [2]:99 [3]:376
[0]:25433844 [1]:3261555 [2]:99 [3]:368
[0]:25623474 [1]:3290872 [2]:99 [3]:372
[0]:25887861 [1]:3331661 [2]:99 [3]:365
[0]:26083012 [1]:3361777 [2]:99 [3]:61
[0]:26284251 [1]:3392665 [2]:99 [3]:70
[0]:26470039 [1]:3421260 [2]:99 [3]:62
[0]:26681726 [1]:3453883 [2]:100 [3]:63
[0]:26883652 [1]:3484945 [2]:100 [3]:359
[0]:27075074 [1]:3514619 [2]:100 [3]:68
[0]:27280419 [1]:3546192 [2]:100 [3]:367
[0]:27481077 [1]:3577184 [2]:100 [3]:81
[0]:27716729 [1]:3613429 [2]:100 [3]:64
[0]:27920879 [1]:3645074 [2]:100 [3]:369
[0]:28128870 [1]:3677071 [2]:100 [3]:365
[0]:28324759 [1]:3707498 [2]:100 [3]:364
[0]:28514483 [1]:3736800 [2]:100 [3]:364
[0]:28711868 [1]:3767341 [2]:100 [3]:373
[0]:28920536 [1]:3799443 [2]:100 [3]:58
[0]:29137305 [1]:3832777 [2]:100 [3]:60
[0]:29335942 [1]:3863341 [2]:100 [3]:344
[0]:29543290 [1]:3895377 [2]:100 [3]:63
[0]:29749193 [1]:3927185 [2]:100 [3]:360
[0]:29962572 [1]:3960039 [2]:100 [3]:360
[0]:30163343 [1]:3991057 [2]:100 [3]:359
[0]:30371103 [1]:4023074 [2]:100 [3]:364
[0]:30581096 [1]:4055459 [2]:100 [3]:52
[0]:30785845 [1]:4087550 [2]:100 [3]:374
[0]:30993975 [1]:4119672 [2]:100 [3]:361
[0]:31189442 [1]:4149922 [2]:100 [3]:366
[0]:31378980 [1]:4179049 [2]:100 [3]:357
[0]:31572960 [1]:4208999 [2]:100 [3]:65
[0]:31785542 [1]:4241847 [2]:100 [3]:64
[0]:31986797 [1]:4272936 [2]:100 [3]:363
[0]:32191864 [1]:4304466 [2]:100 [3]:55
[0]:32404644 [1]:4337411 [2]:100 [3]:63
[0]:32609102 [1]:4368895 [2]:100 [3]:64
[0]:32806033 [1]:4399274 [2]:100 [3]:60
[0]:33001524 [1]:4429489 [2]:100 [3]:360
[0]:33199003 [1]:4459994 [2]:100 [3]:67
[0]:33450070 [1]:4498725 [2]:100 [3]:363
[0]:33649261 [1]:4529456 [2]:100 [3]:368
[0]:33848294 [1]:4560115 [2]:100 [3]:75
[0]:34057364 [1]:4592286 [2]:100 [3]:362
[0]:34251385 [1]:4622225 [2]:100 [3]:361
[0]:34455461 [1]:4653732 [2]:100 [3]:355
[0]:34654328 [1]:4684313 [2]:100 [3]:363
[0]:34849318 [1]:4714373 [2]:100 [3]:354
[0]:35046010 [1]:4744703 [2]:100 [3]:359
[0]:35243581 [1]:4775275 [2]:100 [3]:368
[0]:35445083 [1]:4806224 [2]:100 [3]:361
[0]:35650498 [1]:4837825 [2]:100 [3]:367
[0]:35844348 [1]:4867747 [2]:100 [3]:360
[0]:36043377 [1]:4898370 [2]:100 [3]:360
[0]:36232575 [1]:4927395 [2]:100 [3]:360
[0]:36434108 [1]:4958361 [2]:100 [3]:66
[0]:36650405 [1]:4991620 [2]:100 [3]:358
[0]:36848352 [1]:5022111 [2]:100 [3]:356
[0]:37050714 [1]:5053286 [2]:100 [3]:364
[0]:37250910 [1]:5084283 [2]:100 [3]:64
[0]:37454851 [1]:5115725 [2]:100 [3]:361
[0]:37649704 [1]:5145685 [2]:100 [3]:365
[0]:37862700 [1]:5178500 [2]:100 [3]:357
[0]:38094510 [1]:5214176 [2]:100 [3]:357
[0]:38295303 [1]:5245043 [2]:100 [3]:365
[0]:38493428 [1]:5275584 [2]:100 [3]:365
[0]:38698961 [1]:5307282 [2]:100 [3]:363
[0]:38891434 [1]:5337064 [2]:100 [3]:54
[0]:39086980 [1]:5367180 [2]:100 [3]:360
[0]:39303138 [1]:5400655 [2]:100 [3]:64
[0]:39496969 [1]:5430628 [2]:100 [3]:367
[0]:39713540 [1]:5463933 [2]:100 [3]:64
[0]:39911267 [1]:5494408 [2]:100 [3]:365
[0]:40123696 [1]:5527344 [2]:100 [3]:51
[0]:40336369 [1]:5560129 [2]:100 [3]:369
[0]:40531549 [1]:5590218 [2]:100 [3]:60
[0]:40720281 [1]:5619451 [2]:100 [3]:64
[0]:40910680 [1]:5648824 [2]:100 [3]:64
[0]:41130848 [1]:5682826 [2]:100 [3]:59
[0]:41323872 [1]:5712696 [2]:100 [3]:70
[0]:41533683 [1]:5745015 [2]:100 [3]:363
[0]:41727867 [1]:5775085 [2]:100 [3]:70
[0]:41928918 [1]:5806230 [2]:100 [3]:57
[0]:42132991 [1]:5837675 [2]:100 [3]:360
[0]:42327912 [1]:5867978 [2]:100 [3]:361
[0]:42557931 [1]:5903517 [2]:100 [3]:362
[0]:42775550 [1]:5937231 [2]:100 [3]:91
[0]:42971921 [1]:5967486 [2]:100 [3]:362
[0]:43189390 [1]:6001093 [2]:100 [3]:370
[0]:43403646 [1]:6034265 [2]:100 [3]:361
[0]:43633322 [1]:6069783 [2]:100 [3]:365
[0]:43827244 [1]:6099822 [2]:100 [3]:354
[0]:44032195 [1]:6131662 [2]:100 [3]:367
[0]:44227245 [1]:6161733 [2]:100 [3]:359
[0]:44427640 [1]:6192552 [2]:100 [3]:376
[0]:44632806 [1]:6224191 [2]:100 [3]:359
[0]:44822608 [1]:6253458 [2]:100 [3]:364
[0]:45020955 [1]:6284000 [2]:100 [3]:65
[0]:45214980 [1]:6313873 [2]:100 [3]:367
[0]:45416320 [1]:6344972 [2]:100 [3]:374
[0]:45613825 [1]:6375603 [2]:100 [3]:355
[0]:45842193 [1]:6410907 [2]:100 [3]:356
[0]:46031440 [1]:6440102 [2]:100 [3]:357
[0]:46229410 [1]:6470660 [2]:100 [3]:365
[0]:46427072 [1]:6501178 [2]:100 [3]:355
[0]:46624814 [1]:6531716 [2]:100 [3]:371
[0]:46833787 [1]:6563846 [2]:100 [3]:363
[0]:47053540 [1]:6597885 [2]:100 [3]:59
[0]:47255949 [1]:6629288 [2]:100 [3]:365
[0]:47472518 [1]:6662707 [2]:100 [3]:69
[0]:47668924 [1]:6693094 [2]:100 [3]:65
[0]:47860194 [1]:6722593 [2]:100 [3]:65
[0]:48053306 [1]:6752426 [2]:100 [3]:364
[0]:48250707 [1]:6782877 [2]:100 [3]:58
[0]:48445210 [1]:6812776 [2]:100 [3]:365
[0]:48641979 [1]:6843132 [2]:100 [3]:364
[0]:48838606 [1]:6873492 [2]:100 [3]:353
[0]:49030898 [1]:6903018 [2]:100 [3]:366
[0]:49228555 [1]:6933531 [2]:100 [3]:360
[0]:49422539 [1]:6963488 [2]:100 [3]:359
[0]:49611675 [1]:6992727 [2]:100 [3]:357
[0]:49828483 [1]:7026080 [2]:100 [3]:362
[0]:50023159 [1]:7056095 [2]:100 [3]:65
[0]:50220937 [1]:7086581 [2]:100 [3]:362
[0]:50422311 [1]:7117692 [2]:100 [3]:368
[0]:50627432 [1]:7149371 [2]:100 [3]:376
[0]:50827821 [1]:7180320 [2]:100 [3]:67
[0]:51023005 [1]:7210407 [2]:100 [3]:360
[0]:51216782 [1]:7240540 [2]:100 [3]:368
[0]:51458865 [1]:7278082 [2]:100 [3]:355
[0]:51667745 [1]:7310404 [2]:100 [3]:350
[0]:51865400 [1]:7340947 [2]:100 [3]:61
[0]:52067038 [1]:7372057 [2]:100 [3]:361
[0]:52294445 [1]:7407152 [2]:100 [3]:51
[0]:52518245 [1]:7441712 [2]:100 [3]:364
[0]:52756799 [1]:7478609 [2]:100 [3]:66
[0]:52954617 [1]:7509167 [2]:100 [3]:64
[0]:53144804 [1]:7538582 [2]:100 [3]:359
[0]:53372262 [1]:7573734 [2]:100 [3]:67
[0]:53566303 [1]:7603654 [2]:100 [3]:77
[0]:53760323 [1]:7633530 [2]:100 [3]:367
[0]:53961710 [1]:7664595 [2]:100 [3]:364
[0]:54159330 [1]:7695209 [2]:100 [3]:363
[0]:54371922 [1]:7727952 [2]:100 [3]:367
[0]:54567773 [1]:7758160 [2]:100 [3]:359
[0]:54800179 [1]:7793996 [2]:100 [3]:354
[0]:54995007 [1]:7824013 [2]:100 [3]:56
[0]:55192787 [1]:7854499 [2]:100 [3]:67
[0]:55394099 [1]:7885590 [2]:100 [3]:366
[0]:55603069 [1]:7917775 [2]:100 [3]:57
[0]:55801249 [1]:7948312 [2]:100 [3]:62
[0]:56017454 [1]:7981519 [2]:100 [3]:369
[0]:56218601 [1]:8012568 [2]:100 [3]:60
[0]:56433148 [1]:8045662 [2]:100 [3]:69
[0]:56620072 [1]:8074549 [2]:100 [3]:72
[0]:56823110 [1]:8105918 [2]:100 [3]:59
[0]:57016764 [1]:8135899 [2]:100 [3]:66
[0]:57214595 [1]:8166455 [2]:100 [3]:366
[0]:57416224 [1]:8197537 [2]:100 [3]:71
[0]:57628781 [1]:8230330 [2]:100 [3]:363
[0]:57818875 [1]:8259722 [2]:100 [3]:73
[0]:58016752 [1]:8290280 [2]:100 [3]:359
[0]:58214384 [1]:8320719 [2]:100 [3]:77
[0]:58419519 [1]:8352396 [2]:100 [3]:362
[0]:58616373 [1]:8382690 [2]:100 [3]:370
[0]:58803879 [1]:8411593 [2]:100 [3]:55
[0]:59004564 [1]:8442652 [2]:100 [3]:364
[0]:59202621 [1]:8473213 [2]:100 [3]:64
[0]:59408206 [1]:8504893 [2]:100 [3]:361
[0]:59623868 [1]:8538116 [2]:100 [3]:364
[0]:59822308 [1]:8568839 [2]:100 [3]:357
[0]:60019658 [1]:8599606 [2]:100 [3]:367
[0]:60205147 [1]:8628237 [2]:100 [3]:61
[0]:60396260 [1]:8657726 [2]:100 [3]:362
[0]:60598195 [1]:8688790 [2]:100 [3]:369
[0]:60799371 [1]:8719999 [2]:100 [3]:359
[0]:60989055 [1]:8749349 [2]:100 [3]:59
[0]:61190924 [1]:8780560 [2]:100 [3]:367
[0]:61385093 [1]:8810821 [2]:100 [3]:57
[0]:61584179 [1]:8841418 [2]:100 [3]:369
[0]:61777007 [1]:8871229 [2]:100 [3]:65
[0]:61970372 [1]:8901078 [2]:100 [3]:56
[0]:62164539 [1]:8930907 [2]:100 [3]:359
[0]:62369720 [1]:8962532 [2]:100 [3]:366
[0]:62567412 [1]:8992974 [2]:100 [3]:61
[0]:62768843 [1]:9024014 [2]:100 [3]:359
[0]:62962960 [1]:9053914 [2]:100 [3]:56
[0]:63160617 [1]:9084408 [2]:100 [3]:59
[0]:63362161 [1]:9115411 [2]:100 [3]:366
[0]:63553968 [1]:9144994 [2]:100 [3]:361
[0]:63750075 [1]:9175227 [2]:100 [3]:51
[0]:63944185 [1]:9205088 [2]:100 [3]:364
[0]:64137675 [1]:9234992 [2]:100 [3]:358
[0]:64335068 [1]:9265703 [2]:100 [3]:61
[0]:64525655 [1]:9295153 [2]:100 [3]:354
