[0]:930433621 [1]:639882182 [2]:7 [3]:14
[0]:931478810 [1]:640418334 [2]:7 [3]:55
[0]:932624377 [1]:641014037 [2]:7 [3]:53
[0]:933597824 [1]:641510073 [2]:7 [3]:50
[0]:934698738 [1]:642078562 [2]:7 [3]:14
[0]:935953427 [1]:642720408 [2]:7 [3]:49
[0]:937156903 [1]:643338612 [2]:7 [3]:13
[0]:938146091 [1]:643845821 [2]:7 [3]:58
[0]:939120498 [1]:644346069 [2]:7 [3]:9
[0]:940402032 [1]:645002983 [2]:7 [3]:48
[0]:941405243 [1]:645514978 [2]:7 [3]:16
[0]:942441204 [1]:646050377 [2]:7 [3]:11
[0]:943399203 [1]:646542257 [2]:7 [3]:56
[0]:944407729 [1]:647058291 [2]:7 [3]:13
[0]:945450600 [1]:647594241 [2]:7 [3]:17
[0]:946741194 [1]:648255500 [2]:7 [3]:52
[0]:947865624 [1]:648830329 [2]:7 [3]:52
[0]:948921043 [1]:649371638 [2]:7 [3]:9
[0]:949929680 [1]:649889627 [2]:7 [3]:57
[0]:951142044 [1]:650516980 [2]:7 [3]:52
[0]:952296754 [1]:651105452 [2]:7 [3]:12
[0]:953573844 [1]:651758814 [2]:7 [3]:13
[0]:954849761 [1]:652416752 [2]:7 [3]:52
[0]:956542667 [1]:653291621 [2]:7 [3]:13
[0]:958058427 [1]:654065144 [2]:7 [3]:53
[0]:959207468 [1]:654649691 [2]:7 [3]:57
[0]:960492552 [1]:655313666 [2]:7 [3]:11
[0]:961637354 [1]:655903338 [2]:7 [3]:14
[0]:962798712 [1]:656498603 [2]:7 [3]:58
[0]:963960200 [1]:657095680 [2]:7 [3]:52
[0]:965352077 [1]:657809354 [2]:7 [3]:52
[0]:966507528 [1]:658409434 [2]:7 [3]:11
[0]:967705578 [1]:659028879 [2]:7 [3]:14
[0]:968833121 [1]:659603568 [2]:7 [3]:10
[0]:969993415 [1]:660195603 [2]:7 [3]:56
[0]:971244656 [1]:660841202 [2]:7 [3]:50
[0]:972389009 [1]:661429397 [2]:7 [3]:14
[0]:973585027 [1]:662039484 [2]:7 [3]:13
[0]:974824794 [1]:662681743 [2]:7 [3]:50
[0]:975913876 [1]:663241773 [2]:7 [3]:51
[0]:977069872 [1]:663835209 [2]:7 [3]:12
[0]:978132911 [1]:664381052 [2]:7 [3]:14
[0]:979142640 [1]:664902011 [2]:7 [3]:17
[0]:980158166 [1]:665425625 [2]:7 [3]:12
[0]:981161891 [1]:665942160 [2]:7 [3]:10
[0]:982483669 [1]:666626019 [2]:7 [3]:53
[0]:983498906 [1]:667144710 [2]:7 [3]:50
[0]:984827420 [1]:667830218 [2]:7 [3]:12
[0]:985871226 [1]:668371384 [2]:7 [3]:13
[0]:986842699 [1]:668869575 [2]:7 [3]:16
[0]:988028626 [1]:669474695 [2]:7 [3]:52
[0]:989357574 [1]:670156485 [2]:7 [3]:9
[0]:990380182 [1]:670683321 [2]:7 [3]:13
[0]:991547603 [1]:671285925 [2]:7 [3]:31
[0]:992820188 [1]:671941379 [2]:7 [3]:52
[0]:994057822 [1]:672580150 [2]:7 [3]:54
[0]:995387024 [1]:673265925 [2]:7 [3]:46
[0]:996603504 [1]:673891465 [2]:7 [3]:14
[0]:997733905 [1]:674473064 [2]:7 [3]:14
[0]:998889040 [1]:675066114 [2]:7 [3]:12
[0]:1000052420 [1]:675664454 [2]:7 [3]:10
[0]:1001391075 [1]:676348594 [2]:7 [3]:13
[0]:1002529703 [1]:676936206 [2]:7 [3]:11
[0]:1003697438 [1]:677535815 [2]:7 [3]:16
[0]:1004797132 [1]:678102727 [2]:7 [3]:12
[0]:1005928415 [1]:678685164 [2]:7 [3]:10
[0]:1007105116 [1]:679290596 [2]:7 [3]:15
[0]:1008278210 [1]:679889821 [2]:7 [3]:8
[0]:1009435240 [1]:680479362 [2]:7 [3]:55
[0]:1010803533 [1]:681188362 [2]:7 [3]:13
[0]:1011992359 [1]:681795696 [2]:7 [3]:11
[0]:1013125928 [1]:682381578 [2]:7 [3]:49
[0]:1014249275 [1]:682959997 [2]:7 [3]:12
[0]:1015410120 [1]:683555901 [2]:7 [3]:14
[0]:1016572035 [1]:684155313 [2]:7 [3]:13
