[0]:95372965 [1]:31620256 [2]:7 [3]:10
[0]:96508756 [1]:32626097 [2]:7 [3]:60
[0]:97599816 [1]:33598735 [2]:7 [3]:19
[0]:98743485 [1]:34608844 [2]:7 [3]:54
[0]:99840820 [1]:35586667 [2]:7 [3]:56
[0]:100966671 [1]:36581979 [2]:7 [3]:16
[0]:102047678 [1]:37539727 [2]:7 [3]:14
[0]:103255946 [1]:38612600 [2]:7 [3]:17
[0]:104623084 [1]:39819437 [2]:7 [3]:56
[0]:105867651 [1]:40920584 [2]:7 [3]:9
[0]:107005073 [1]:41927869 [2]:7 [3]:20
[0]:108125668 [1]:42925043 [2]:7 [3]:16
[0]:109240325 [1]:43911577 [2]:7 [3]:16
[0]:110355174 [1]:44895190 [2]:7 [3]:16
[0]:111465104 [1]:45884263 [2]:7 [3]:17
[0]:112600665 [1]:46886552 [2]:7 [3]:17
[0]:113882592 [1]:48024298 [2]:7 [3]:16
[0]:115242839 [1]:49230586 [2]:7 [3]:13
[0]:116323497 [1]:50193090 [2]:7 [3]:17
[0]:117425276 [1]:51168392 [2]:7 [3]:18
[0]:118524485 [1]:52141709 [2]:7 [3]:52
[0]:119637500 [1]:53128895 [2]:7 [3]:14
[0]:120943394 [1]:54283237 [2]:7 [3]:57
[0]:122820200 [1]:55941847 [2]:7 [3]:18
[0]:124137986 [1]:57110180 [2]:7 [3]:19
[0]:125396298 [1]:58229642 [2]:7 [3]:56
[0]:126896131 [1]:59557796 [2]:7 [3]:15
[0]:128193073 [1]:60715168 [2]:7 [3]:18
[0]:129436904 [1]:61811271 [2]:7 [3]:17
[0]:130671150 [1]:62908513 [2]:7 [3]:18
[0]:132096456 [1]:64169506 [2]:7 [3]:18
[0]:133330496 [1]:65267404 [2]:7 [3]:18
[0]:134588536 [1]:66383900 [2]:7 [3]:55
[0]:135798233 [1]:67458641 [2]:7 [3]:19
[0]:137056062 [1]:68573125 [2]:7 [3]:15
[0]:138259475 [1]:69636694 [2]:7 [3]:16
[0]:139546341 [1]:70774952 [2]:7 [3]:12
[0]:140797150 [1]:71883076 [2]:7 [3]:22
[0]:141985372 [1]:72939535 [2]:7 [3]:11
[0]:143173885 [1]:73990381 [2]:7 [3]:15
[0]:144422917 [1]:75095885 [2]:7 [3]:19
[0]:145740309 [1]:76261453 [2]:7 [3]:56
[0]:146982404 [1]:77369595 [2]:7 [3]:15
[0]:148250180 [1]:78496293 [2]:7 [3]:55
[0]:149494566 [1]:79599873 [2]:7 [3]:17
[0]:150604270 [1]:80582087 [2]:7 [3]:19
[0]:151701887 [1]:81551132 [2]:7 [3]:16
[0]:152811751 [1]:82536323 [2]:7 [3]:19
[0]:153889474 [1]:83490515 [2]:7 [3]:17
[0]:155367918 [1]:84802142 [2]:7 [3]:14
[0]:156475036 [1]:85785201 [2]:7 [3]:56
[0]:157900078 [1]:87046515 [2]:7 [3]:17
[0]:159030992 [1]:88054021 [2]:7 [3]:15
[0]:160148575 [1]:89051092 [2]:7 [3]:20
[0]:161440706 [1]:90196955 [2]:7 [3]:19
[0]:162531539 [1]:91166426 [2]:7 [3]:13
[0]:163620047 [1]:92129553 [2]:7 [3]:16
[0]:164803668 [1]:93180906 [2]:7 [3]:13
[0]:166108410 [1]:94335997 [2]:7 [3]:18
[0]:167378551 [1]:95457827 [2]:7 [3]:52
[0]:168800991 [1]:96719496 [2]:7 [3]:14
[0]:169917866 [1]:97700649 [2]:7 [3]:20
[0]:171049942 [1]:98703794 [2]:7 [3]:57
[0]:172144157 [1]:99674515 [2]:7 [3]:21
[0]:173255271 [1]:100659266 [2]:7 [3]:57
[0]:174392147 [1]:101660320 [2]:7 [3]:12
[0]:175506554 [1]:102651260 [2]:7 [3]:15
[0]:176584486 [1]:103603574 [2]:7 [3]:54
[0]:177680554 [1]:104573224 [2]:7 [3]:14
[0]:178788690 [1]:105556099 [2]:7 [3]:15
[0]:179879621 [1]:106525094 [2]:7 [3]:54
[0]:180979712 [1]:107497582 [2]:7 [3]:17
[0]:182112240 [1]:108502734 [2]:7 [3]:21
[0]:183433225 [1]:109675194 [2]:7 [3]:16
[0]:184889998 [1]:110963506 [2]:7 [3]:15
[0]:186180873 [1]:112109621 [2]:7 [3]:18
[0]:187541086 [1]:113316195 [2]:7 [3]:18
[0]:188991507 [1]:114600858 [2]:7 [3]:12
[0]:190250094 [1]:115717707 [2]:7 [3]:20
