[0]:64881536 [1]:9660836 [2]:102 [3]:369
[0]:65097586 [1]:9681777 [2]:102 [3]:84
[0]:65308275 [1]:9702300 [2]:102 [3]:75
[0]:65525957 [1]:9723682 [2]:102 [3]:364
[0]:65730634 [1]:9743825 [2]:101 [3]:367
[0]:65995448 [1]:9769840 [2]:101 [3]:362
[0]:66193003 [1]:9789006 [2]:101 [3]:367
[0]:66401379 [1]:9809449 [2]:101 [3]:82
[0]:66632451 [1]:9831951 [2]:101 [3]:361
[0]:66837067 [1]:9852085 [2]:101 [3]:93
[0]:67045982 [1]:9872393 [2]:101 [3]:77
[0]:67325732 [1]:9899558 [2]:101 [3]:373
[0]:67534121 [1]:9920158 [2]:101 [3]:77
[0]:67776101 [1]:9943846 [2]:101 [3]:375
[0]:67967145 [1]:9962580 [2]:98 [3]:80
[0]:68188887 [1]:9984370 [2]:98 [3]:88
[0]:68400347 [1]:10004997 [2]:98 [3]:78
[0]:68601050 [1]:10024673 [2]:98 [3]:360
[0]:68798126 [1]:10043873 [2]:98 [3]:377
[0]:69007019 [1]:10064081 [2]:98 [3]:371
[0]:69221044 [1]:10084857 [2]:98 [3]:357
[0]:69432339 [1]:10105543 [2]:98 [3]:358
[0]:69723655 [1]:10134110 [2]:98 [3]:369
[0]:69932466 [1]:10154489 [2]:98 [3]:72
[0]:70145193 [1]:10175187 [2]:98 [3]:76
[0]:70349907 [1]:10195341 [2]:97 [3]:353
[0]:70554602 [1]:10215275 [2]:97 [3]:363
[0]:70763298 [1]:10235693 [2]:97 [3]:98
[0]:70987612 [1]:10257752 [2]:97 [3]:360
[0]:71208259 [1]:10279254 [2]:97 [3]:361
[0]:71417160 [1]:10299492 [2]:97 [3]:75
[0]:71621967 [1]:10319445 [2]:97 [3]:96
[0]:71834765 [1]:10340111 [2]:97 [3]:84
[0]:72079797 [1]:10364053 [2]:97 [3]:80
[0]:72401300 [1]:10395614 [2]:97 [3]:355
[0]:72622345 [1]:10417181 [2]:96 [3]:83
[0]:72842914 [1]:10438739 [2]:96 [3]:373
[0]:73046048 [1]:10458722 [2]:96 [3]:78
[0]:73255369 [1]:10479076 [2]:96 [3]:367
[0]:73480709 [1]:10501202 [2]:96 [3]:368
[0]:73689248 [1]:10521517 [2]:96 [3]:84
[0]:73925670 [1]:10544552 [2]:96 [3]:69
[0]:74130363 [1]:10564559 [2]:96 [3]:353
[0]:74342840 [1]:10585414 [2]:96 [3]:358
[0]:74563600 [1]:10606984 [2]:96 [3]:74
[0]:74819195 [1]:10632061 [2]:97 [3]:367
[0]:75059582 [1]:10655686 [2]:97 [3]:87
[0]:75266351 [1]:10676058 [2]:97 [3]:366
[0]:75472826 [1]:10696329 [2]:97 [3]:82
[0]:75693341 [1]:10717900 [2]:97 [3]:372
[0]:75902133 [1]:10738225 [2]:97 [3]:81
[0]:76112077 [1]:10758776 [2]:97 [3]:365
[0]:76327463 [1]:10779809 [2]:97 [3]:367
[0]:76534683 [1]:10799949 [2]:97 [3]:367
[0]:76737050 [1]:10819778 [2]:97 [3]:84
[0]:76945383 [1]:10840193 [2]:97 [3]:365
[0]:77165392 [1]:10861817 [2]:97 [3]:368
[0]:77370847 [1]:10881921 [2]:97 [3]:370
[0]:77579617 [1]:10902336 [2]:97 [3]:77
[0]:77787770 [1]:10922715 [2]:97 [3]:364
[0]:78020265 [1]:10945434 [2]:97 [3]:362
[0]:78234733 [1]:10966399 [2]:97 [3]:362
[0]:78442052 [1]:10986605 [2]:97 [3]:95
[0]:78638654 [1]:11005814 [2]:97 [3]:370
[0]:78855531 [1]:11026916 [2]:97 [3]:364
[0]:79064200 [1]:11047419 [2]:97 [3]:85
[0]:79268915 [1]:11067488 [2]:97 [3]:356
[0]:79477462 [1]:11087884 [2]:97 [3]:83
[0]:79678409 [1]:11107496 [2]:97 [3]:75
[0]:79955463 [1]:11134727 [2]:97 [3]:361
[0]:80158682 [1]:11154556 [2]:97 [3]:369
[0]:80438210 [1]:11181962 [2]:97 [3]:72
[0]:80661208 [1]:11203651 [2]:97 [3]:367
[0]:80867703 [1]:11223789 [2]:97 [3]:347
[0]:81080122 [1]:11244773 [2]:97 [3]:368
[0]:81280697 [1]:11264316 [2]:97 [3]:370
[0]:81481618 [1]:11284013 [2]:97 [3]:364
[0]:81690230 [1]:11304697 [2]:97 [3]:105
[0]:81888462 [1]:11323979 [2]:97 [3]:367
[0]:82088997 [1]:11343618 [2]:97 [3]:353
[0]:82300740 [1]:11364311 [2]:97 [3]:361
[0]:82553426 [1]:11388896 [2]:97 [3]:369
[0]:82753565 [1]:11408443 [2]:97 [3]:74
[0]:82954285 [1]:11428196 [2]:97 [3]:81
[0]:83154059 [1]:11447535 [2]:97 [3]:374
[0]:83356042 [1]:11467327 [2]:97 [3]:360
[0]:83557065 [1]:11486875 [2]:97 [3]:373
[0]:83763591 [1]:11507094 [2]:97 [3]:369
[0]:83960235 [1]:11526147 [2]:97 [3]:372
[0]:84163578 [1]:11546040 [2]:97 [3]:368
[0]:84368276 [1]:11566141 [2]:97 [3]:87
[0]:84584783 [1]:11587467 [2]:97 [3]:86
[0]:84801366 [1]:11608553 [2]:97 [3]:356
[0]:85003346 [1]:11628496 [2]:97 [3]:373
[0]:85206987 [1]:11648188 [2]:97 [3]:368
[0]:85423705 [1]:11669364 [2]:97 [3]:360
[0]:85628492 [1]:11689242 [2]:97 [3]:86
[0]:85829381 [1]:11708734 [2]:97 [3]:95
[0]:86038340 [1]:11729128 [2]:97 [3]:92
[0]:86247034 [1]:11749478 [2]:97 [3]:373
[0]:86451181 [1]:11769439 [2]:97 [3]:368
[0]:86660379 [1]:11789980 [2]:97 [3]:99
[0]:86865124 [1]:11810045 [2]:97 [3]:364
[0]:87064524 [1]:11829621 [2]:97 [3]:358
[0]:87270686 [1]:11849811 [2]:97 [3]:80
[0]:87479360 [1]:11870168 [2]:97 [3]:367
[0]:87679877 [1]:11889677 [2]:97 [3]:79
[0]:87892583 [1]:11910658 [2]:97 [3]:357
[0]:88103392 [1]:11931306 [2]:97 [3]:374
[0]:88310097 [1]:11951724 [2]:97 [3]:361
[0]:88514532 [1]:11971819 [2]:97 [3]:362
[0]:88727182 [1]:11992631 [2]:97 [3]:91
[0]:88927889 [1]:12012284 [2]:97 [3]:365
[0]:89128806 [1]:12031926 [2]:97 [3]:75
[0]:89341389 [1]:12052729 [2]:97 [3]:373
[0]:89553805 [1]:12073346 [2]:97 [3]:359
[0]:89755171 [1]:12092905 [2]:97 [3]:374
[0]:89960098 [1]:12112750 [2]:97 [3]:361
[0]:90168860 [1]:12133071 [2]:97 [3]:85
[0]:90381481 [1]:12153993 [2]:97 [3]:357
[0]:90590396 [1]:12174217 [2]:97 [3]:87
[0]:90806825 [1]:12195495 [2]:97 [3]:77
[0]:91023417 [1]:12216696 [2]:96 [3]:68
[0]:91240967 [1]:12238043 [2]:96 [3]:371
[0]:91448660 [1]:12258322 [2]:96 [3]:369
[0]:91650170 [1]:12277965 [2]:96 [3]:363
[0]:91858330 [1]:12298314 [2]:96 [3]:361
[0]:92058152 [1]:12318018 [2]:96 [3]:363
[0]:92290844 [1]:12341049 [2]:96 [3]:374
[0]:92515520 [1]:12363004 [2]:96 [3]:363
[0]:92714830 [1]:12382395 [2]:96 [3]:91
[0]:92932244 [1]:12403554 [2]:96 [3]:90
[0]:93137621 [1]:12423755 [2]:96 [3]:369
[0]:93338563 [1]:12443364 [2]:97 [3]:80
[0]:93547402 [1]:12463710 [2]:97 [3]:84
[0]:93759933 [1]:12484453 [2]:97 [3]:88
[0]:93980328 [1]:12505972 [2]:97 [3]:86
[0]:94188979 [1]:12526357 [2]:97 [3]:353
[0]:94425640 [1]:12549378 [2]:97 [3]:288
[0]:94628017 [1]:12569084 [2]:97 [3]:369
[0]:94831477 [1]:12588944 [2]:97 [3]:363
[0]:95043373 [1]:12609545 [2]:97 [3]:89
[0]:95256823 [1]:12630331 [2]:97 [3]:81
[0]:95461654 [1]:12650299 [2]:97 [3]:361
[0]:95669995 [1]:12670829 [2]:97 [3]:90
[0]:95877348 [1]:12691069 [2]:97 [3]:369
[0]:96079770 [1]:12710928 [2]:97 [3]:105
[0]:96314197 [1]:12733827 [2]:97 [3]:370
[0]:96515622 [1]:12753557 [2]:97 [3]:360
[0]:96747619 [1]:12776244 [2]:97 [3]:371
[0]:96949869 [1]:12796119 [2]:97 [3]:363
[0]:97158677 [1]:12816438 [2]:97 [3]:88
[0]:97356869 [1]:12835700 [2]:97 [3]:372
[0]:97576484 [1]:12857023 [2]:97 [3]:78
[0]:97777177 [1]:12876623 [2]:97 [3]:88
[0]:97985543 [1]:12897083 [2]:97 [3]:86
[0]:98198384 [1]:12917946 [2]:97 [3]:103
[0]:98395576 [1]:12937198 [2]:97 [3]:101
[0]:98604154 [1]:12957478 [2]:97 [3]:357
[0]:98808767 [1]:12977432 [2]:97 [3]:87
[0]:99025523 [1]:12998589 [2]:97 [3]:91
[0]:99226532 [1]:13018349 [2]:97 [3]:368
[0]:99430966 [1]:13038478 [2]:97 [3]:361
[0]:99684262 [1]:13063348 [2]:97 [3]:367
[0]:99887346 [1]:13083111 [2]:97 [3]:363
[0]:100091898 [1]:13103506 [2]:97 [3]:365
[0]:100295989 [1]:13123494 [2]:97 [3]:72
[0]:100501389 [1]:13143712 [2]:97 [3]:357
[0]:100713699 [1]:13165765 [2]:97 [3]:375
[0]:100929510 [1]:13194078 [2]:97 [3]:367
[0]:101134815 [1]:13221033 [2]:97 [3]:361
[0]:101351459 [1]:13249407 [2]:97 [3]:369
[0]:101555938 [1]:13276218 [2]:97 [3]:361
[0]:101782712 [1]:13306104 [2]:97 [3]:363
[0]:101988809 [1]:13333133 [2]:97 [3]:355
[0]:102193426 [1]:13360022 [2]:97 [3]:367
[0]:102425667 [1]:13390622 [2]:97 [3]:366
[0]:102626295 [1]:13416995 [2]:97 [3]:365
[0]:102833205 [1]:13444146 [2]:97 [3]:359
[0]:103047301 [1]:13472325 [2]:97 [3]:366
[0]:103251905 [1]:13499261 [2]:97 [3]:366
[0]:103523099 [1]:13534823 [2]:128 [3]:75
[0]:103731374 [1]:13562208 [2]:128 [3]:372
[0]:103937701 [1]:13589237 [2]:128 [3]:363
[0]:104149178 [1]:13617038 [2]:128 [3]:369
[0]:104355013 [1]:13644157 [2]:128 [3]:83
[0]:104558487 [1]:13670811 [2]:128 [3]:370
[0]:104759191 [1]:13697077 [2]:128 [3]:369
[0]:104967737 [1]:13724507 [2]:128 [3]:366
[0]:105180413 [1]:13752346 [2]:128 [3]:370
[0]:105379332 [1]:13778544 [2]:128 [3]:361
[0]:105595572 [1]:13807036 [2]:128 [3]:377
[0]:105794165 [1]:13833073 [2]:128 [3]:370
[0]:105993322 [1]:13859220 [2]:128 [3]:364
[0]:106187662 [1]:13884768 [2]:128 [3]:83
[0]:106397747 [1]:13912382 [2]:128 [3]:361
[0]:106601480 [1]:13939191 [2]:128 [3]:356
[0]:106840889 [1]:13970681 [2]:128 [3]:81
[0]:107043326 [1]:13997193 [2]:128 [3]:368
[0]:107243168 [1]:14023405 [2]:128 [3]:362
[0]:107451008 [1]:14050695 [2]:143 [3]:363
[0]:107711542 [1]:14085122 [2]:143 [3]:361
[0]:107915066 [1]:14111926 [2]:143 [3]:369
[0]:108118938 [1]:14138832 [2]:143 [3]:366
[0]:108328069 [1]:14166339 [2]:143 [3]:359
[0]:108545020 [1]:14194879 [2]:143 [3]:370
[0]:108757019 [1]:14222784 [2]:143 [3]:370
[0]:108985187 [1]:14252838 [2]:143 [3]:373
[0]:109193887 [1]:14280162 [2]:143 [3]:361
[0]:109406328 [1]:14308095 [2]:143 [3]:360
[0]:109618343 [1]:14335964 [2]:143 [3]:365
[0]:109823488 [1]:14362966 [2]:143 [3]:360
[0]:110059697 [1]:14393935 [2]:143 [3]:364
[0]:110256212 [1]:14419693 [2]:143 [3]:359
[0]:110461109 [1]:14446534 [2]:143 [3]:357
[0]:110669805 [1]:14473974 [2]:143 [3]:367
[0]:110870319 [1]:14500386 [2]:143 [3]:76
[0]:111087319 [1]:14528945 [2]:145 [3]:86
[0]:111291379 [1]:14555650 [2]:145 [3]:369
[0]:111507671 [1]:14584067 [2]:145 [3]:369
[0]:111759635 [1]:14617108 [2]:145 [3]:82
[0]:111960547 [1]:14643456 [2]:145 [3]:365
[0]:112157165 [1]:14669276 [2]:145 [3]:364
[0]:112369816 [1]:14697139 [2]:145 [3]:359
[0]:112573776 [1]:14724006 [2]:145 [3]:373
[0]:112847423 [1]:14759878 [2]:145 [3]:74
[0]:113054388 [1]:14787218 [2]:145 [3]:360
[0]:113251212 [1]:14813018 [2]:145 [3]:364
[0]:113457277 [1]:14840104 [2]:145 [3]:365
[0]:113664251 [1]:14867464 [2]:145 [3]:358
[0]:113872816 [1]:14894896 [2]:145 [3]:364
[0]:114124735 [1]:14927943 [2]:145 [3]:368
[0]:114332837 [1]:14955311 [2]:145 [3]:360
[0]:114547683 [1]:14983580 [2]:145 [3]:83
[0]:114750171 [1]:15010362 [2]:145 [3]:364
[0]:114950625 [1]:15036734 [2]:145 [3]:371
[0]:115148269 [1]:15062597 [2]:145 [3]:365
[0]:115352236 [1]:15089428 [2]:145 [3]:373
[0]:115552980 [1]:15115806 [2]:145 [3]:359
[0]:115749631 [1]:15141805 [2]:145 [3]:73
[0]:115950141 [1]:15168324 [2]:145 [3]:369
[0]:116172190 [1]:15197420 [2]:145 [3]:364
[0]:116379210 [1]:15224603 [2]:145 [3]:370
[0]:116588199 [1]:15252140 [2]:145 [3]:365
[0]:116796324 [1]:15279415 [2]:145 [3]:364
[0]:117000951 [1]:15306257 [2]:145 [3]:365
[0]:117204838 [1]:15333057 [2]:145 [3]:370
[0]:117457641 [1]:15366355 [2]:145 [3]:367
[0]:117677693 [1]:15395190 [2]:145 [3]:364
[0]:117877898 [1]:15421514 [2]:145 [3]:357
[0]:118125294 [1]:15453973 [2]:145 [3]:359
[0]:118346715 [1]:15483079 [2]:145 [3]:360
[0]:118551359 [1]:15509923 [2]:145 [3]:362
[0]:118759444 [1]:15537366 [2]:145 [3]:80
[0]:119011430 [1]:15570680 [2]:145 [3]:369
[0]:119208451 [1]:15596492 [2]:145 [3]:369
[0]:119468021 [1]:15630602 [2]:145 [3]:354
[0]:119680149 [1]:15658413 [2]:145 [3]:363
[0]:119881310 [1]:15684931 [2]:145 [3]:361
[0]:120089913 [1]:15712360 [2]:145 [3]:362
[0]:120293638 [1]:15739170 [2]:145 [3]:367
[0]:120498868 [1]:15766271 [2]:145 [3]:71
[0]:120701556 [1]:15792949 [2]:145 [3]:365
[0]:120908095 [1]:15820137 [2]:145 [3]:358
[0]:121112717 [1]:15847030 [2]:145 [3]:361
[0]:121333167 [1]:15875948 [2]:145 [3]:360
[0]:121533820 [1]:15902368 [2]:145 [3]:362
[0]:121738347 [1]:15929267 [2]:145 [3]:364
[0]:121942959 [1]:15956122 [2]:145 [3]:363
[0]:122151573 [1]:15983505 [2]:145 [3]:75
[0]:122371693 [1]:16012388 [2]:145 [3]:359
[0]:122576602 [1]:16039310 [2]:145 [3]:358
[0]:122789113 [1]:16067301 [2]:145 [3]:366
[0]:122993819 [1]:16094103 [2]:145 [3]:371
[0]:123194504 [1]:16120462 [2]:145 [3]:378
[0]:123403002 [1]:16147879 [2]:145 [3]:78
[0]:123603728 [1]:16174209 [2]:145 [3]:357
[0]:123812294 [1]:16201676 [2]:145 [3]:353
[0]:124011666 [1]:16227882 [2]:145 [3]:75
[0]:124221413 [1]:16255519 [2]:145 [3]:370
[0]:124432733 [1]:16283142 [2]:145 [3]:366
[0]:124666127 [1]:16313783 [2]:145 [3]:368
[0]:124874747 [1]:16341209 [2]:145 [3]:369
[0]:125083411 [1]:16368536 [2]:145 [3]:79
[0]:125295870 [1]:16396434 [2]:145 [3]:77
[0]:125500314 [1]:16423352 [2]:145 [3]:362
[0]:125720781 [1]:16452432 [2]:145 [3]:359
[0]:125925115 [1]:16479343 [2]:145 [3]:359
[0]:126134156 [1]:16506785 [2]:145 [3]:365
[0]:126337793 [1]:16533541 [2]:145 [3]:363
[0]:126538858 [1]:16560095 [2]:145 [3]:361
[0]:126753375 [1]:16588281 [2]:145 [3]:367
[0]:126979984 [1]:16617955 [2]:145 [3]:363
[0]:127188593 [1]:16645337 [2]:145 [3]:370
[0]:127389197 [1]:16671596 [2]:145 [3]:366
[0]:127651829 [1]:16706125 [2]:145 [3]:364
[0]:127857474 [1]:16733247 [2]:145 [3]:360
[0]:128061663 [1]:16760071 [2]:145 [3]:363
[0]:128269307 [1]:16787320 [2]:145 [3]:364
[0]:128479280 [1]:16815010 [2]:145 [3]:362
[0]:128686307 [1]:16842268 [2]:145 [3]:369
[0]:128892094 [1]:16869379 [2]:145 [3]:85
[0]:129100846 [1]:16896846 [2]:145 [3]:363
[0]:129309402 [1]:16924327 [2]:145 [3]:370
[0]:129513621 [1]:16951187 [2]:145 [3]:80
[0]:129737492 [1]:16980603 [2]:145 [3]:364
[0]:129941372 [1]:17007347 [2]:145 [3]:359
[0]:130167326 [1]:17037029 [2]:145 [3]:363
[0]:130371805 [1]:17063848 [2]:145 [3]:370
[0]:130572547 [1]:17090213 [2]:145 [3]:370
[0]:130792907 [1]:17119122 [2]:145 [3]:363
[0]:131000852 [1]:17146350 [2]:145 [3]:361
[0]:131233669 [1]:17176906 [2]:145 [3]:365
[0]:131434475 [1]:17203269 [2]:145 [3]:363
[0]:131631022 [1]:17229056 [2]:145 [3]:367
[0]:131873766 [1]:17260907 [2]:145 [3]:362
[0]:132079836 [1]:17287935 [2]:145 [3]:357
[0]:132288370 [1]:17315320 [2]:145 [3]:77
[0]:132496149 [1]:17342566 [2]:145 [3]:357
[0]:132704197 [1]:17369852 [2]:145 [3]:367
[0]:132906655 [1]:17396398 [2]:145 [3]:364
[0]:133110060 [1]:17423111 [2]:145 [3]:367
[0]:133312507 [1]:17449670 [2]:145 [3]:370
[0]:133529974 [1]:17478191 [2]:145 [3]:370
