[0]:250653901 [1]:94187043 [2]:7 [3]:17
[0]:252012181 [1]:95384116 [2]:7 [3]:12
[0]:253409482 [1]:96626362 [2]:7 [3]:15
[0]:254797462 [1]:97855673 [2]:7 [3]:17
[0]:256070792 [1]:98986622 [2]:7 [3]:16
[0]:257220112 [1]:100000648 [2]:7 [3]:11
[0]:258403157 [1]:101046753 [2]:7 [3]:57
[0]:259607122 [1]:102111438 [2]:7 [3]:22
[0]:260834311 [1]:103201886 [2]:7 [3]:21
[0]:262071895 [1]:104290830 [2]:7 [3]:17
[0]:263373091 [1]:105444589 [2]:7 [3]:57
[0]:264570720 [1]:106506129 [2]:7 [3]:15
[0]:265819314 [1]:107612284 [2]:7 [3]:17
[0]:267104717 [1]:108752268 [2]:7 [3]:16
[0]:268286407 [1]:109791947 [2]:7 [3]:17
[0]:269545757 [1]:110913911 [2]:7 [3]:17
[0]:270755068 [1]:111981380 [2]:7 [3]:53
[0]:272034901 [1]:113119613 [2]:7 [3]:13
[0]:273299950 [1]:114235808 [2]:7 [3]:15
[0]:274625795 [1]:115412853 [2]:7 [3]:16
[0]:275955037 [1]:116585585 [2]:7 [3]:19
[0]:277135170 [1]:117631921 [2]:7 [3]:14
[0]:278253740 [1]:118624176 [2]:7 [3]:57
[0]:279638600 [1]:119850975 [2]:7 [3]:16
[0]:280706160 [1]:120799043 [2]:7 [3]:58
[0]:281787180 [1]:121750137 [2]:7 [3]:18
[0]:282880882 [1]:122723387 [2]:7 [3]:13
[0]:284011400 [1]:123723469 [2]:7 [3]:15
[0]:285292348 [1]:124856543 [2]:7 [3]:18
[0]:286408306 [1]:125842969 [2]:7 [3]:56
[0]:287543741 [1]:126845911 [2]:7 [3]:58
[0]:288656557 [1]:127835060 [2]:7 [3]:17
[0]:289792551 [1]:128839611 [2]:7 [3]:19
[0]:290930762 [1]:129849300 [2]:7 [3]:50
[0]:292275122 [1]:131040675 [2]:7 [3]:18
[0]:293777211 [1]:132371118 [2]:7 [3]:14
[0]:294994743 [1]:133439232 [2]:7 [3]:15
[0]:296154788 [1]:134469367 [2]:7 [3]:17
[0]:297277351 [1]:135463272 [2]:7 [3]:51
[0]:298387434 [1]:136445591 [2]:7 [3]:20
[0]:299491868 [1]:137419669 [2]:7 [3]:18
[0]:300751238 [1]:138539645 [2]:7 [3]:15
[0]:301839465 [1]:139501522 [2]:7 [3]:15
[0]:302998752 [1]:140527971 [2]:7 [3]:16
[0]:304146598 [1]:141544756 [2]:7 [3]:17
[0]:305369584 [1]:142628715 [2]:7 [3]:62
[0]:306507556 [1]:143634227 [2]:7 [3]:21
[0]:307608953 [1]:144615931 [2]:7 [3]:60
[0]:308691155 [1]:145569931 [2]:7 [3]:50
[0]:309780962 [1]:146540102 [2]:7 [3]:17
[0]:311065994 [1]:147677607 [2]:7 [3]:61
[0]:312464810 [1]:148910052 [2]:7 [3]:16
[0]:314005092 [1]:150281668 [2]:7 [3]:16
[0]:315611510 [1]:151701838 [2]:7 [3]:16
[0]:316887153 [1]:152836936 [2]:7 [3]:18
[0]:318192085 [1]:153990521 [2]:7 [3]:15
[0]:319471717 [1]:155120912 [2]:7 [3]:58
[0]:320755309 [1]:156254789 [2]:7 [3]:58
[0]:322061134 [1]:157408840 [2]:7 [3]:12
[0]:323295117 [1]:158505124 [2]:7 [3]:18
[0]:324529255 [1]:159596344 [2]:7 [3]:17
[0]:325957441 [1]:160861732 [2]:7 [3]:14
[0]:327284861 [1]:162033610 [2]:7 [3]:19
[0]:328518956 [1]:163128872 [2]:7 [3]:23
[0]:329921668 [1]:164369770 [2]:7 [3]:18
[0]:331182185 [1]:165488595 [2]:7 [3]:17
[0]:332462257 [1]:166622717 [2]:7 [3]:14
[0]:333698151 [1]:167711924 [2]:7 [3]:21
[0]:334971490 [1]:168833543 [2]:7 [3]:18
[0]:336214697 [1]:169940785 [2]:7 [3]:13
[0]:337399504 [1]:170987171 [2]:7 [3]:15
[0]:338537128 [1]:171990272 [2]:7 [3]:61
[0]:339740410 [1]:173053720 [2]:7 [3]:22
[0]:340857924 [1]:174051602 [2]:7 [3]:61
[0]:342117477 [1]:175165641 [2]:7 [3]:11
[0]:343253514 [1]:176173212 [2]:7 [3]:16
[0]:344387934 [1]:177180320 [2]:7 [3]:17
[0]:345502511 [1]:178170356 [2]:7 [3]:17
[0]:346618311 [1]:179156791 [2]:7 [3]:17
[0]:347742965 [1]:180150354 [2]:7 [3]:18
[0]:348872208 [1]:181146042 [2]:7 [3]:19
[0]:350000252 [1]:182147944 [2]:7 [3]:58
[0]:351129225 [1]:183147245 [2]:7 [3]:47
[0]:352364010 [1]:184239964 [2]:7 [3]:19
[0]:353460689 [1]:185206626 [2]:7 [3]:16
[0]:354692120 [1]:186303008 [2]:7 [3]:48
[0]:356033383 [1]:187483639 [2]:7 [3]:50
[0]:357401729 [1]:188696639 [2]:7 [3]:60
[0]:358587409 [1]:189752546 [2]:7 [3]:52
[0]:359872623 [1]:190883430 [2]:7 [3]:14
[0]:361033777 [1]:191911531 [2]:7 [3]:14
[0]:362175016 [1]:192916836 [2]:7 [3]:16
[0]:363259511 [1]:193877780 [2]:7 [3]:51
[0]:364372024 [1]:194859715 [2]:7 [3]:18
[0]:365451071 [1]:195813312 [2]:7 [3]:13
[0]:366541677 [1]:196785764 [2]:7 [3]:20
[0]:367682727 [1]:197793604 [2]:7 [3]:19
[0]:368893602 [1]:198865250 [2]:7 [3]:15
[0]:370008495 [1]:199850144 [2]:7 [3]:17
[0]:371102460 [1]:200822748 [2]:7 [3]:15
[0]:372279338 [1]:201863143 [2]:7 [3]:25
[0]:373638542 [1]:203067581 [2]:7 [3]:16
[0]:374942464 [1]:204220819 [2]:7 [3]:16
[0]:376288793 [1]:205412635 [2]:7 [3]:19
[0]:377624219 [1]:206597556 [2]:7 [3]:18
[0]:378854891 [1]:207683627 [2]:7 [3]:21
[0]:380114392 [1]:208800268 [2]:7 [3]:19
[0]:381348029 [1]:209896836 [2]:7 [3]:18
[0]:382653440 [1]:211051687 [2]:7 [3]:22
[0]:384007643 [1]:212244584 [2]:7 [3]:24
[0]:385266185 [1]:213363983 [2]:7 [3]:56
[0]:386549877 [1]:214500317 [2]:7 [3]:51
[0]:387877186 [1]:215678008 [2]:7 [3]:14
[0]:389306522 [1]:216942001 [2]:7 [3]:18
[0]:390558008 [1]:218048022 [2]:7 [3]:17
[0]:391749630 [1]:219103714 [2]:7 [3]:21
[0]:393100998 [1]:220301447 [2]:7 [3]:19
[0]:394331919 [1]:221387616 [2]:7 [3]:19
[0]:395546354 [1]:222464584 [2]:7 [3]:13
[0]:396783471 [1]:223556827 [2]:7 [3]:13
[0]:398062461 [1]:224693666 [2]:7 [3]:57
[0]:399440285 [1]:225915169 [2]:7 [3]:16
[0]:400569603 [1]:226912386 [2]:7 [3]:14
[0]:401670905 [1]:227883200 [2]:7 [3]:13
[0]:402815474 [1]:228896812 [2]:7 [3]:16
[0]:403925797 [1]:229875291 [2]:7 [3]:17
[0]:405052677 [1]:230874325 [2]:7 [3]:15
[0]:406172988 [1]:231870492 [2]:7 [3]:19
[0]:407301276 [1]:232867849 [2]:7 [3]:18
[0]:408570017 [1]:233986343 [2]:7 [3]:17
[0]:409731675 [1]:235012540 [2]:7 [3]:14
[0]:410948949 [1]:236092357 [2]:7 [3]:15
[0]:412092630 [1]:237105884 [2]:7 [3]:18
[0]:413212654 [1]:238097642 [2]:7 [3]:20
[0]:414319614 [1]:239072918 [2]:7 [3]:19
[0]:415478386 [1]:240101211 [2]:7 [3]:55
[0]:417001399 [1]:241451627 [2]:7 [3]:17
[0]:418350125 [1]:242641205 [2]:7 [3]:61
[0]:419682910 [1]:243824961 [2]:7 [3]:17
[0]:420879100 [1]:244886090 [2]:7 [3]:17
[0]:421988535 [1]:245868755 [2]:7 [3]:17
[0]:423149498 [1]:246896273 [2]:7 [3]:17
[0]:424284763 [1]:247907748 [2]:7 [3]:51
[0]:425429188 [1]:248925887 [2]:7 [3]:20
[0]:426559669 [1]:249921751 [2]:7 [3]:15
[0]:427692348 [1]:250927818 [2]:7 [3]:15
[0]:428808727 [1]:251917520 [2]:7 [3]:17
[0]:429919875 [1]:252906465 [2]:7 [3]:20
[0]:431084598 [1]:253936696 [2]:7 [3]:13
[0]:432277808 [1]:254988253 [2]:7 [3]:20
[0]:433356203 [1]:255946520 [2]:7 [3]:16
[0]:434511938 [1]:256971117 [2]:7 [3]:13
[0]:435754538 [1]:258075454 [2]:7 [3]:15
[0]:437266250 [1]:259411457 [2]:7 [3]:21
[0]:438628721 [1]:260620781 [2]:7 [3]:18
[0]:439957206 [1]:261799420 [2]:7 [3]:54
[0]:441224740 [1]:262919522 [2]:7 [3]:14
[0]:442498443 [1]:264045819 [2]:7 [3]:55
[0]:443798230 [1]:265198511 [2]:7 [3]:17
[0]:444996881 [1]:266265358 [2]:7 [3]:16
[0]:446221761 [1]:267353858 [2]:7 [3]:18
[0]:447418574 [1]:268416945 [2]:7 [3]:17
[0]:448638139 [1]:269495374 [2]:7 [3]:51
[0]:449849799 [1]:270566299 [2]:7 [3]:17
[0]:451156493 [1]:271725622 [2]:7 [3]:24
[0]:452390010 [1]:272817700 [2]:7 [3]:15
[0]:453670340 [1]:273954403 [2]:7 [3]:13
[0]:454954764 [1]:275085396 [2]:7 [3]:62
[0]:456152986 [1]:276141239 [2]:7 [3]:13
[0]:457325662 [1]:277175163 [2]:7 [3]:17
[0]:458657417 [1]:278353437 [2]:7 [3]:14
[0]:459963415 [1]:279508563 [2]:7 [3]:58
[0]:461207632 [1]:280608735 [2]:7 [3]:56
[0]:462351685 [1]:281617708 [2]:7 [3]:16
[0]:463449780 [1]:282595328 [2]:7 [3]:12
[0]:464649748 [1]:283649394 [2]:7 [3]:18
[0]:465771427 [1]:284641657 [2]:7 [3]:17
[0]:466934703 [1]:285667267 [2]:7 [3]:18
[0]:468123560 [1]:286715928 [2]:7 [3]:19
[0]:469259948 [1]:287725069 [2]:7 [3]:52
[0]:470355011 [1]:288696229 [2]:7 [3]:18
[0]:471486177 [1]:289701139 [2]:7 [3]:14
[0]:472583302 [1]:290676481 [2]:7 [3]:12
[0]:473743259 [1]:291702627 [2]:7 [3]:15
[0]:474942230 [1]:292764179 [2]:7 [3]:17
[0]:476059769 [1]:293751817 [2]:7 [3]:19
[0]:477196551 [1]:294762983 [2]:7 [3]:20
[0]:478500489 [1]:295920901 [2]:7 [3]:20
[0]:479783922 [1]:297059356 [2]:7 [3]:16
[0]:480909578 [1]:298052945 [2]:7 [3]:18
[0]:482154701 [1]:299157036 [2]:7 [3]:17
[0]:483290809 [1]:300169345 [2]:7 [3]:53
[0]:484421591 [1]:301168751 [2]:7 [3]:58
[0]:485515771 [1]:302132487 [2]:7 [3]:52
[0]:486649955 [1]:303134316 [2]:7 [3]:16
[0]:487782899 [1]:304140052 [2]:7 [3]:18
[0]:488902117 [1]:305135826 [2]:7 [3]:18
[0]:489991107 [1]:306096395 [2]:7 [3]:18
[0]:491117375 [1]:307089238 [2]:7 [3]:12
[0]:492213738 [1]:308064003 [2]:7 [3]:17
[0]:493318781 [1]:309040679 [2]:7 [3]:15
[0]:494415783 [1]:310013927 [2]:7 [3]:58
[0]:495479532 [1]:310949632 [2]:7 [3]:20
[0]:496677600 [1]:312012402 [2]:7 [3]:19
[0]:498176814 [1]:313341717 [2]:7 [3]:58
[0]:499471131 [1]:314485331 [2]:7 [3]:19
[0]:500704686 [1]:315582139 [2]:7 [3]:20
[0]:502002272 [1]:316730667 [2]:7 [3]:56
[0]:503390181 [1]:317955232 [2]:7 [3]:17
