[0]:734012000 [1]:436487606 [2]:7 [3]:11
[0]:735433885 [1]:437646813 [2]:7 [3]:10
[0]:736713353 [1]:438776541 [2]:7 [3]:53
[0]:738533827 [1]:440388114 [2]:7 [3]:11
[0]:739812635 [1]:441514709 [2]:7 [3]:16
[0]:741121433 [1]:442669055 [2]:7 [3]:61
[0]:742377798 [1]:443785690 [2]:7 [3]:10
[0]:743632822 [1]:444888969 [2]:7 [3]:16
[0]:744894319 [1]:446013442 [2]:7 [3]:10
[0]:746127976 [1]:447097790 [2]:7 [3]:17
[0]:747203737 [1]:448054736 [2]:7 [3]:57
[0]:748414371 [1]:449122947 [2]:7 [3]:17
[0]:749539468 [1]:450124092 [2]:7 [3]:12
[0]:750595460 [1]:451053314 [2]:7 [3]:17
[0]:751979405 [1]:452278772 [2]:7 [3]:15
[0]:753145387 [1]:453307169 [2]:7 [3]:54
[0]:754256788 [1]:454286586 [2]:7 [3]:23
[0]:755521802 [1]:455405124 [2]:7 [3]:17
[0]:756700841 [1]:456445205 [2]:7 [3]:18
[0]:758036169 [1]:457623455 [2]:7 [3]:51
[0]:759239968 [1]:458685113 [2]:7 [3]:17
[0]:760317054 [1]:459643004 [2]:7 [3]:16
[0]:761442471 [1]:460637465 [2]:7 [3]:20
[0]:762576978 [1]:461644984 [2]:7 [3]:20
[0]:764338209 [1]:463208586 [2]:7 [3]:61
[0]:765916319 [1]:464604425 [2]:7 [3]:21
[0]:767052447 [1]:465614406 [2]:7 [3]:9
[0]:768160689 [1]:466592250 [2]:7 [3]:18
[0]:769442833 [1]:467724945 [2]:7 [3]:16
[0]:770535766 [1]:468684055 [2]:7 [3]:61
[0]:771669420 [1]:469695215 [2]:7 [3]:20
[0]:772774711 [1]:470668992 [2]:7 [3]:14
[0]:773919079 [1]:471682148 [2]:7 [3]:15
[0]:775051939 [1]:472685296 [2]:7 [3]:19
[0]:776143645 [1]:473651309 [2]:7 [3]:13
[0]:777213541 [1]:474597040 [2]:7 [3]:18
[0]:778345010 [1]:475604887 [2]:7 [3]:57
[0]:779481717 [1]:476609830 [2]:7 [3]:19
[0]:780592786 [1]:477590787 [2]:7 [3]:59
[0]:781684557 [1]:478560456 [2]:7 [3]:12
[0]:782985025 [1]:479714299 [2]:7 [3]:16
[0]:784356687 [1]:480921844 [2]:7 [3]:58
[0]:785967752 [1]:482345661 [2]:7 [3]:14
[0]:787202727 [1]:483441468 [2]:7 [3]:17
[0]:788505804 [1]:484594847 [2]:7 [3]:51
[0]:789718902 [1]:485670469 [2]:7 [3]:50
[0]:790976300 [1]:486783154 [2]:7 [3]:16
[0]:792403795 [1]:488047288 [2]:7 [3]:23
[0]:793662214 [1]:489165423 [2]:7 [3]:12
[0]:794894351 [1]:490250857 [2]:7 [3]:13
[0]:796152990 [1]:491360419 [2]:7 [3]:16
[0]:797448414 [1]:492504962 [2]:7 [3]:20
[0]:798731039 [1]:493638623 [2]:7 [3]:61
[0]:799975331 [1]:494740772 [2]:7 [3]:14
[0]:801255918 [1]:495869866 [2]:7 [3]:23
[0]:802564197 [1]:497028235 [2]:7 [3]:18
[0]:804012916 [1]:498313844 [2]:7 [3]:15
[0]:805345508 [1]:499495083 [2]:7 [3]:20
[0]:806767985 [1]:500749316 [2]:7 [3]:18
[0]:808022657 [1]:501866344 [2]:7 [3]:16
[0]:809162954 [1]:502871278 [2]:7 [3]:54
[0]:810299967 [1]:503875034 [2]:7 [3]:57
[0]:811412342 [1]:504855075 [2]:7 [3]:22
[0]:812518414 [1]:505833955 [2]:7 [3]:21
[0]:813600638 [1]:506794225 [2]:7 [3]:20
[0]:814684995 [1]:507753003 [2]:7 [3]:17
[0]:815814656 [1]:508758347 [2]:7 [3]:50
[0]:816902125 [1]:509718948 [2]:7 [3]:18
[0]:817959281 [1]:510654940 [2]:7 [3]:17
[0]:819054841 [1]:511620846 [2]:7 [3]:57
[0]:820148604 [1]:512593878 [2]:7 [3]:13
[0]:821267217 [1]:513584834 [2]:7 [3]:56
[0]:822427818 [1]:514614031 [2]:7 [3]:16
[0]:823529176 [1]:515587766 [2]:7 [3]:16
[0]:824699479 [1]:516624528 [2]:7 [3]:17
[0]:826041761 [1]:517814059 [2]:7 [3]:16
[0]:827430023 [1]:519043612 [2]:7 [3]:18
[0]:828745809 [1]:520210665 [2]:7 [3]:15
[0]:829866909 [1]:521200591 [2]:7 [3]:53
[0]:831001118 [1]:522209340 [2]:7 [3]:9
[0]:832113051 [1]:523196340 [2]:7 [3]:17
[0]:833225582 [1]:524179396 [2]:7 [3]:18
[0]:834358423 [1]:525184340 [2]:7 [3]:10
[0]:835498435 [1]:526195924 [2]:7 [3]:14
[0]:836650561 [1]:527215547 [2]:7 [3]:61
[0]:837818880 [1]:528251063 [2]:7 [3]:25
[0]:838951591 [1]:529255363 [2]:7 [3]:19
[0]:840067108 [1]:530243056 [2]:7 [3]:15
[0]:841183023 [1]:531228500 [2]:7 [3]:18
[0]:842776584 [1]:532636645 [2]:7 [3]:61
[0]:843864827 [1]:533601595 [2]:7 [3]:14
[0]:845162288 [1]:534749291 [2]:7 [3]:56
[0]:846674695 [1]:536082927 [2]:7 [3]:17
[0]:848090457 [1]:537341334 [2]:7 [3]:17
[0]:849506686 [1]:538589776 [2]:7 [3]:16
[0]:851038315 [1]:539944934 [2]:7 [3]:18
[0]:852215671 [1]:540984265 [2]:7 [3]:14
[0]:853522769 [1]:542147241 [2]:7 [3]:15
[0]:854757593 [1]:543232313 [2]:7 [3]:19
[0]:856011137 [1]:544334622 [2]:7 [3]:17
[0]:857336957 [1]:545517182 [2]:7 [3]:16
[0]:858602606 [1]:546632547 [2]:7 [3]:55
[0]:859894391 [1]:547773718 [2]:7 [3]:57
[0]:861142554 [1]:548880337 [2]:7 [3]:9
[0]:862326074 [1]:549927790 [2]:7 [3]:19
[0]:863587510 [1]:551043329 [2]:7 [3]:60
[0]:864872732 [1]:552179326 [2]:7 [3]:19
[0]:866078523 [1]:553248131 [2]:7 [3]:15
[0]:867293539 [1]:554323582 [2]:7 [3]:15
[0]:868504725 [1]:555394990 [2]:7 [3]:16
[0]:869682584 [1]:556442007 [2]:7 [3]:17
[0]:870789323 [1]:557420225 [2]:7 [3]:56
[0]:871890269 [1]:558396602 [2]:7 [3]:20
[0]:873042397 [1]:559415113 [2]:7 [3]:15
[0]:874181103 [1]:560424073 [2]:7 [3]:18
[0]:875232162 [1]:561356961 [2]:7 [3]:14
[0]:876333941 [1]:562330257 [2]:7 [3]:18
[0]:877465497 [1]:563338408 [2]:7 [3]:60
[0]:878550211 [1]:564295666 [2]:7 [3]:62
[0]:879648505 [1]:565268232 [2]:7 [3]:13
[0]:880760552 [1]:566251044 [2]:7 [3]:15
[0]:881848759 [1]:567209896 [2]:7 [3]:18
[0]:882974253 [1]:568204706 [2]:7 [3]:18
[0]:884117044 [1]:569218733 [2]:7 [3]:18
[0]:885476242 [1]:570416361 [2]:7 [3]:52
[0]:886697054 [1]:571499903 [2]:7 [3]:16
[0]:888043074 [1]:572696332 [2]:7 [3]:58
[0]:889388872 [1]:573882314 [2]:7 [3]:58
[0]:890567413 [1]:574926664 [2]:7 [3]:12
[0]:891688938 [1]:575920029 [2]:7 [3]:18
[0]:892813454 [1]:576916971 [2]:7 [3]:18
[0]:893918645 [1]:577899646 [2]:7 [3]:17
[0]:895042545 [1]:578894819 [2]:7 [3]:13
[0]:896434994 [1]:580124412 [2]:7 [3]:16
[0]:897544591 [1]:581103226 [2]:7 [3]:16
[0]:898752007 [1]:582177393 [2]:7 [3]:12
[0]:899888649 [1]:583183598 [2]:7 [3]:19
[0]:901022232 [1]:584188102 [2]:7 [3]:17
[0]:902209594 [1]:585245330 [2]:7 [3]:8
[0]:903300629 [1]:586203195 [2]:7 [3]:15
[0]:904639430 [1]:587393342 [2]:7 [3]:56
[0]:906380821 [1]:588935648 [2]:7 [3]:18
[0]:907761383 [1]:590160899 [2]:7 [3]:13
[0]:909031219 [1]:591280655 [2]:7 [3]:15
[0]:910533655 [1]:592607910 [2]:7 [3]:14
[0]:911744973 [1]:593674030 [2]:7 [3]:19
[0]:913255983 [1]:595017846 [2]:7 [3]:19
[0]:914449255 [1]:596074050 [2]:7 [3]:52
[0]:915711076 [1]:597190653 [2]:7 [3]:53
[0]:916877842 [1]:598220068 [2]:7 [3]:54
[0]:918139864 [1]:599340052 [2]:7 [3]:17
[0]:919364381 [1]:600426918 [2]:7 [3]:15
[0]:920598121 [1]:601513303 [2]:7 [3]:16
[0]:922009528 [1]:602761416 [2]:7 [3]:51
[0]:923308782 [1]:603907384 [2]:7 [3]:13
[0]:924545281 [1]:605001227 [2]:7 [3]:11
[0]:925834051 [1]:606141799 [2]:7 [3]:52
[0]:927032156 [1]:607205594 [2]:7 [3]:16
[0]:928286908 [1]:608314668 [2]:7 [3]:57
[0]:929496988 [1]:609388589 [2]:7 [3]:17
[0]:930713055 [1]:610462099 [2]:7 [3]:26
[0]:931993834 [1]:611603996 [2]:7 [3]:17
[0]:933118542 [1]:612600460 [2]:7 [3]:14
[0]:934230629 [1]:613581247 [2]:7 [3]:15
[0]:935333210 [1]:614560533 [2]:7 [3]:16
[0]:936539120 [1]:615630619 [2]:7 [3]:57
[0]:937690300 [1]:616650292 [2]:7 [3]:17
[0]:938814962 [1]:617643506 [2]:7 [3]:19
[0]:939927909 [1]:618630394 [2]:7 [3]:16
[0]:941105531 [1]:619670916 [2]:7 [3]:20
[0]:942219116 [1]:620653487 [2]:7 [3]:14
[0]:943410661 [1]:621710162 [2]:7 [3]:15
[0]:944522935 [1]:622694497 [2]:7 [3]:19
[0]:945645730 [1]:623689469 [2]:7 [3]:17
[0]:946775211 [1]:624686431 [2]:7 [3]:16
[0]:947906549 [1]:625687839 [2]:7 [3]:16
[0]:949190383 [1]:626822048 [2]:7 [3]:19
[0]:950541278 [1]:628014174 [2]:7 [3]:17
[0]:951878915 [1]:629199674 [2]:7 [3]:57
[0]:953129351 [1]:630313436 [2]:7 [3]:11
[0]:954310056 [1]:631352385 [2]:7 [3]:17
[0]:955451203 [1]:632373499 [2]:7 [3]:45
[0]:956567809 [1]:633365323 [2]:7 [3]:17
[0]:957709203 [1]:634369679 [2]:7 [3]:57
[0]:958838080 [1]:635365449 [2]:7 [3]:12
[0]:959926900 [1]:636331290 [2]:7 [3]:54
[0]:961067174 [1]:637341734 [2]:7 [3]:18
[0]:962128879 [1]:638284141 [2]:7 [3]:54
[0]:963187624 [1]:639213715 [2]:7 [3]:19
[0]:964322543 [1]:640217432 [2]:7 [3]:17
[0]:965430090 [1]:641205774 [2]:7 [3]:17
[0]:966546595 [1]:642189498 [2]:7 [3]:55
[0]:967594757 [1]:643125247 [2]:7 [3]:51
[0]:968900128 [1]:644276525 [2]:7 [3]:56
[0]:970321060 [1]:645536978 [2]:7 [3]:18
[0]:971822571 [1]:646861480 [2]:7 [3]:15
[0]:973083152 [1]:647977031 [2]:7 [3]:25
[0]:974345251 [1]:649097143 [2]:7 [3]:14
[0]:975614842 [1]:650224237 [2]:7 [3]:57
[0]:976979319 [1]:651430438 [2]:7 [3]:19
[0]:978309774 [1]:652608317 [2]:7 [3]:57
[0]:979569992 [1]:653729952 [2]:7 [3]:17
[0]:980807753 [1]:654820099 [2]:7 [3]:17
[0]:982105402 [1]:655964840 [2]:7 [3]:16
[0]:983393416 [1]:657100808 [2]:7 [3]:56
[0]:984626594 [1]:658195209 [2]:7 [3]:16
[0]:985859454 [1]:659285357 [2]:7 [3]:18
[0]:987111170 [1]:660395151 [2]:7 [3]:54
