[0]:0 [1]:0 [2]:0 [3]:0
[0]:0 [1]:0 [2]:0 [3]:0
[0]:71301 [1]:71301 [2]:0 [3]:534
[0]:280599 [1]:280599 [2]:0 [3]:109
[0]:429719 [1]:429721 [2]:0 [3]:485
[0]:570436 [1]:570436 [2]:0 [3]:124
[0]:710987 [1]:710987 [2]:0 [3]:121
[0]:855521 [1]:855523 [2]:0 [3]:127
[0]:1005279 [1]:1005280 [2]:0 [3]:508
[0]:1151348 [1]:1151347 [2]:0 [3]:516
[0]:1300173 [1]:1300173 [2]:0 [3]:496
[0]:1450323 [1]:1450323 [2]:0 [3]:123
[0]:1607783 [1]:1607783 [2]:0 [3]:113
[0]:1745718 [1]:1745718 [2]:0 [3]:128
[0]:1883677 [1]:1883677 [2]:0 [3]:505
[0]:2034060 [1]:2034060 [2]:0 [3]:508
[0]:2186161 [1]:2186161 [2]:0 [3]:80
[0]:2321492 [1]:2321494 [2]:0 [3]:523
[0]:2464771 [1]:2464771 [2]:0 [3]:74
[0]:2608017 [1]:2608018 [2]:0 [3]:81
[0]:2751305 [1]:2751305 [2]:0 [3]:96
[0]:2897289 [1]:2897289 [2]:0 [3]:120
[0]:3034865 [1]:3034866 [2]:0 [3]:502
[0]:3175775 [1]:3175775 [2]:0 [3]:511
[0]:3312848 [1]:3312848 [2]:0 [3]:120
[0]:3449636 [1]:3449636 [2]:0 [3]:137
[0]:3614989 [1]:3614989 [2]:0 [3]:514
[0]:3756820 [1]:3756821 [2]:0 [3]:129
[0]:3940042 [1]:3940044 [2]:0 [3]:121
[0]:4088646 [1]:4088646 [2]:0 [3]:116
[0]:4223293 [1]:4223293 [2]:0 [3]:499
[0]:4364474 [1]:4364474 [2]:0 [3]:81
[0]:4515139 [1]:4515139 [2]:0 [3]:540
[0]:4659084 [1]:4659085 [2]:0 [3]:100
[0]:4799621 [1]:4799621 [2]:0 [3]:131
[0]:4937450 [1]:4937450 [2]:0 [3]:514
[0]:5078133 [1]:5078133 [2]:0 [3]:512
[0]:5221461 [1]:5221461 [2]:0 [3]:99
[0]:5358452 [1]:5358452 [2]:0 [3]:87
[0]:5498905 [1]:5498905 [2]:0 [3]:85
[0]:5639173 [1]:5639173 [2]:0 [3]:491
[0]:5773289 [1]:5773289 [2]:0 [3]:88
[0]:5919287 [1]:5919288 [2]:0 [3]:110
[0]:6062550 [1]:6062551 [2]:0 [3]:516
[0]:6200394 [1]:6200394 [2]:0 [3]:109
[0]:6383404 [1]:6383407 [2]:0 [3]:120
[0]:6585494 [1]:6585495 [2]:0 [3]:151
[0]:6730282 [1]:6730282 [2]:0 [3]:508
[0]:6919716 [1]:6919716 [2]:0 [3]:89
[0]:7057474 [1]:7057475 [2]:0 [3]:121
[0]:7200704 [1]:7200704 [2]:0 [3]:521
[0]:7406610 [1]:7406610 [2]:0 [3]:507
[0]:7572162 [1]:7572162 [2]:0 [3]:103
[0]:7715388 [1]:7715388 [2]:0 [3]:515
[0]:7861216 [1]:7861216 [2]:0 [3]:100
[0]:8001429 [1]:8001429 [2]:0 [3]:143
[0]:8139767 [1]:8139769 [2]:0 [3]:153
[0]:8280625 [1]:8280626 [2]:0 [3]:122
[0]:8419180 [1]:8419180 [2]:0 [3]:515
[0]:8631408 [1]:8631408 [2]:0 [3]:78
[0]:8766010 [1]:8766010 [2]:0 [3]:532
[0]:8906757 [1]:8906757 [2]:0 [3]:506
[0]:9044612 [1]:9044612 [2]:0 [3]:108
[0]:9185301 [1]:9185301 [2]:0 [3]:100
[0]:9320533 [1]:9320534 [2]:0 [3]:138
[0]:9456069 [1]:9456069 [2]:0 [3]:102
[0]:9639268 [1]:9639268 [2]:0 [3]:76
[0]:9777035 [1]:9777035 [2]:0 [3]:495
[0]:9954930 [1]:9954930 [2]:0 [3]:136
