[0]:105824665 [1]:105824666 [2]:0 [3]:94
[0]:105963048 [1]:105963048 [2]:0 [3]:112
[0]:106107737 [1]:106107737 [2]:0 [3]:95
[0]:106313513 [1]:106313513 [2]:0 [3]:128
[0]:106480433 [1]:106480433 [2]:0 [3]:125
[0]:106623867 [1]:106623867 [2]:0 [3]:143
[0]:106761690 [1]:106761690 [2]:0 [3]:102
[0]:106907515 [1]:106907514 [2]:0 [3]:123
[0]:107053289 [1]:107053289 [2]:0 [3]:105
[0]:107196780 [1]:107196780 [2]:0 [3]:101
[0]:107337377 [1]:107337377 [2]:0 [3]:67
[0]:107480621 [1]:107480621 [2]:0 [3]:72
[0]:107628625 [1]:107628627 [2]:0 [3]:107
[0]:107780412 [1]:107780410 [2]:0 [3]:501
[0]:107918365 [1]:107918366 [2]:0 [3]:93
[0]:108066802 [1]:108066802 [2]:0 [3]:144
[0]:108210164 [1]:108210164 [2]:0 [3]:87
[0]:108348154 [1]:108348154 [2]:0 [3]:111
[0]:108486178 [1]:108486178 [2]:0 [3]:99
[0]:108622065 [1]:108622065 [2]:0 [3]:527
[0]:108793867 [1]:108793867 [2]:0 [3]:517
[0]:108934424 [1]:108934426 [2]:0 [3]:543
[0]:109071830 [1]:109071830 [2]:0 [3]:510
[0]:109212824 [1]:109212824 [2]:0 [3]:517
[0]:109441625 [1]:109441626 [2]:0 [3]:128
[0]:109584617 [1]:109584617 [2]:0 [3]:516
[0]:109738550 [1]:109738551 [2]:0 [3]:87
[0]:109879055 [1]:109879055 [2]:0 [3]:83
[0]:110016924 [1]:110016926 [2]:0 [3]:87
[0]:110161096 [1]:110161098 [2]:0 [3]:98
[0]:110302563 [1]:110302563 [2]:0 [3]:509
[0]:110443506 [1]:110443507 [2]:0 [3]:506
[0]:110584867 [1]:110584867 [2]:0 [3]:142
[0]:110730784 [1]:110730784 [2]:0 [3]:506
[0]:110942486 [1]:110942487 [2]:0 [3]:86
[0]:111106432 [1]:111106433 [2]:0 [3]:98
[0]:111242877 [1]:111242877 [2]:0 [3]:501
[0]:111395475 [1]:111395475 [2]:0 [3]:190
[0]:111550586 [1]:111550586 [2]:0 [3]:284
[0]:111707058 [1]:111707058 [2]:0 [3]:240
[0]:111845288 [1]:111845288 [2]:0 [3]:515
[0]:111983122 [1]:111983122 [2]:0 [3]:74
[0]:112154843 [1]:112154843 [2]:0 [3]:93
[0]:112292673 [1]:112292673 [2]:0 [3]:508
[0]:112433374 [1]:112433375 [2]:0 [3]:106
[0]:112582670 [1]:112582670 [2]:0 [3]:519
[0]:112725966 [1]:112725966 [2]:0 [3]:525
[0]:112861672 [1]:112861673 [2]:0 [3]:493
[0]:113004657 [1]:113004657 [2]:0 [3]:105
[0]:113145164 [1]:113145164 [2]:0 [3]:524
[0]:113280450 [1]:113280452 [2]:0 [3]:137
[0]:113421093 [1]:113421093 [2]:0 [3]:167
[0]:113618909 [1]:113618909 [2]:0 [3]:91
[0]:113763413 [1]:113763413 [2]:0 [3]:80
[0]:113917520 [1]:113917519 [2]:0 [3]:492
[0]:114063342 [1]:114063342 [2]:0 [3]:122
[0]:114228468 [1]:114228468 [2]:0 [3]:539
[0]:114368393 [1]:114368393 [2]:0 [3]:84
[0]:114504099 [1]:114504102 [2]:0 [3]:537
[0]:114640452 [1]:114640452 [2]:0 [3]:125
[0]:114774344 [1]:114774344 [2]:0 [3]:89
[0]:114922612 [1]:114922612 [2]:0 [3]:109
[0]:115063007 [1]:115063008 [2]:0 [3]:136
[0]:115228055 [1]:115228056 [2]:0 [3]:120
[0]:115379225 [1]:115379225 [2]:0 [3]:91
[0]:115517267 [1]:115517269 [2]:0 [3]:96
[0]:115683957 [1]:115683957 [2]:0 [3]:109
[0]:115823889 [1]:115823889 [2]:0 [3]:498
[0]:115961619 [1]:115961618 [2]:0 [3]:116
[0]:116103674 [1]:116103675 [2]:0 [3]:516
[0]:116241968 [1]:116241969 [2]:0 [3]:508
