[0]:73841343 [1]:73841343 [2]:0 [3]:561
[0]:73993472 [1]:73993472 [2]:0 [3]:533
[0]:74149626 [1]:74149626 [2]:0 [3]:102
[0]:74293983 [1]:74293983 [2]:0 [3]:541
[0]:74428734 [1]:74428734 [2]:0 [3]:547
[0]:74569400 [1]:74569400 [2]:0 [3]:99
[0]:74707589 [1]:74707590 [2]:0 [3]:560
[0]:74853280 [1]:74853280 [2]:0 [3]:550
[0]:74993889 [1]:74993890 [2]:0 [3]:121
[0]:75131775 [1]:75131776 [2]:0 [3]:537
[0]:75272573 [1]:75272575 [2]:0 [3]:194
[0]:75421250 [1]:75421251 [2]:0 [3]:538
[0]:75593691 [1]:75593691 [2]:0 [3]:521
[0]:75768920 [1]:75768920 [2]:0 [3]:120
[0]:75942816 [1]:75942816 [2]:0 [3]:129
[0]:76113308 [1]:76113308 [2]:0 [3]:171
[0]:76257233 [1]:76257233 [2]:0 [3]:154
[0]:76393758 [1]:76393758 [2]:0 [3]:157
[0]:76570295 [1]:76570295 [2]:0 [3]:122
[0]:76708138 [1]:76708138 [2]:0 [3]:133
[0]:76846173 [1]:76846176 [2]:0 [3]:167
[0]:76986783 [1]:76986783 [2]:0 [3]:144
[0]:77122168 [1]:77122168 [2]:0 [3]:170
[0]:77257303 [1]:77257303 [2]:0 [3]:545
[0]:77400776 [1]:77400776 [2]:0 [3]:550
[0]:77543363 [1]:77543363 [2]:0 [3]:558
[0]:77726630 [1]:77726630 [2]:0 [3]:557
[0]:77866001 [1]:77866001 [2]:0 [3]:181
[0]:78011139 [1]:78011139 [2]:0 [3]:529
[0]:78164837 [1]:78164837 [2]:0 [3]:320
[0]:78315712 [1]:78315715 [2]:0 [3]:546
[0]:78499546 [1]:78499547 [2]:0 [3]:175
[0]:78642779 [1]:78642779 [2]:0 [3]:189
[0]:78786088 [1]:78786087 [2]:0 [3]:151
[0]:78928772 [1]:78928772 [2]:0 [3]:193
[0]:79072688 [1]:79072690 [2]:0 [3]:149
[0]:79214274 [1]:79214274 [2]:0 [3]:125
[0]:79353980 [1]:79353982 [2]:0 [3]:517
[0]:79496377 [1]:79496377 [2]:0 [3]:151
[0]:79637817 [1]:79637818 [2]:0 [3]:554
[0]:79781102 [1]:79781103 [2]:0 [3]:131
[0]:79927127 [1]:79927127 [2]:0 [3]:175
[0]:80070415 [1]:80070416 [2]:0 [3]:141
[0]:80207340 [1]:80207340 [2]:0 [3]:195
[0]:80349041 [1]:80349041 [2]:0 [3]:537
[0]:80490617 [1]:80490618 [2]:0 [3]:125
[0]:80700979 [1]:80700979 [2]:0 [3]:103
[0]:80853180 [1]:80853180 [2]:0 [3]:133
[0]:80991200 [1]:80991200 [2]:0 [3]:138
[0]:81131669 [1]:81131669 [2]:0 [3]:190
[0]:81276287 [1]:81276287 [2]:0 [3]:165
[0]:81421058 [1]:81421058 [2]:0 [3]:180
[0]:81564596 [1]:81564596 [2]:0 [3]:156
[0]:81715706 [1]:81715706 [2]:0 [3]:217
[0]:81862405 [1]:81862405 [2]:0 [3]:543
[0]:82016940 [1]:82016940 [2]:0 [3]:159
[0]:82158808 [1]:82158808 [2]:0 [3]:107
[0]:82299235 [1]:82299235 [2]:0 [3]:149
[0]:82458504 [1]:82458503 [2]:0 [3]:172
[0]:82604768 [1]:82604768 [2]:0 [3]:199
[0]:82751302 [1]:82751303 [2]:0 [3]:553
[0]:82904420 [1]:82904422 [2]:0 [3]:563
[0]:83045271 [1]:83045273 [2]:0 [3]:529
[0]:83191007 [1]:83191008 [2]:0 [3]:199
[0]:83328606 [1]:83328606 [2]:0 [3]:183
[0]:83522724 [1]:83522724 [2]:0 [3]:556
[0]:83663323 [1]:83663323 [2]:0 [3]:216
[0]:83810294 [1]:83810294 [2]:0 [3]:531
[0]:83955227 [1]:83955227 [2]:0 [3]:536
[0]:84172073 [1]:84172074 [2]:0 [3]:520
[0]:84316092 [1]:84316093 [2]:0 [3]:122
