[0]:504096792 [1]:318312424 [2]:7 [3]:60
[0]:505172088 [1]:318865078 [2]:7 [3]:57
[0]:506165199 [1]:319374113 [2]:7 [3]:18
[0]:507167922 [1]:319892022 [2]:7 [3]:53
[0]:508209982 [1]:320428211 [2]:7 [3]:11
[0]:509418154 [1]:321048277 [2]:7 [3]:15
[0]:510398376 [1]:321549950 [2]:7 [3]:10
[0]:511647453 [1]:322185721 [2]:7 [3]:13
[0]:512974025 [1]:322867037 [2]:7 [3]:15
[0]:514094742 [1]:323449491 [2]:7 [3]:14
[0]:515306829 [1]:324074031 [2]:7 [3]:14
[0]:516301234 [1]:324581873 [2]:7 [3]:12
[0]:517321636 [1]:325101744 [2]:7 [3]:15
[0]:518306541 [1]:325605306 [2]:7 [3]:50
[0]:519300858 [1]:326116022 [2]:7 [3]:11
[0]:520295249 [1]:326625845 [2]:7 [3]:15
[0]:521312774 [1]:327150589 [2]:7 [3]:9
[0]:522340960 [1]:327675106 [2]:7 [3]:12
[0]:523318761 [1]:328171005 [2]:7 [3]:13
[0]:524423992 [1]:328734272 [2]:7 [3]:55
[0]:525441233 [1]:329257883 [2]:7 [3]:12
[0]:526447210 [1]:329771736 [2]:7 [3]:44
[0]:527469791 [1]:330296196 [2]:7 [3]:51
[0]:528588344 [1]:330868457 [2]:7 [3]:11
[0]:529760821 [1]:331469858 [2]:7 [3]:15
[0]:531003010 [1]:332100084 [2]:7 [3]:10
[0]:532193818 [1]:332714205 [2]:7 [3]:13
[0]:533304153 [1]:333280423 [2]:7 [3]:49
[0]:534428854 [1]:333853045 [2]:7 [3]:10
[0]:535659381 [1]:334486767 [2]:7 [3]:16
[0]:536799286 [1]:335071006 [2]:7 [3]:14
[0]:537917599 [1]:335647149 [2]:7 [3]:8
[0]:539228610 [1]:336326794 [2]:7 [3]:12
[0]:540349742 [1]:336897126 [2]:7 [3]:13
[0]:541457200 [1]:337467596 [2]:7 [3]:57
[0]:542638216 [1]:338080129 [2]:7 [3]:12
[0]:543733729 [1]:338643152 [2]:7 [3]:9
[0]:544862997 [1]:339221787 [2]:7 [3]:12
[0]:546022959 [1]:339815891 [2]:7 [3]:12
[0]:547206598 [1]:340427389 [2]:7 [3]:17
[0]:548383252 [1]:341031014 [2]:7 [3]:12
[0]:549550126 [1]:341633267 [2]:7 [3]:15
[0]:550684316 [1]:342218321 [2]:7 [3]:16
[0]:551760242 [1]:342771227 [2]:7 [3]:13
[0]:552786832 [1]:343292376 [2]:7 [3]:56
[0]:553838928 [1]:343836303 [2]:7 [3]:50
[0]:555012856 [1]:344441702 [2]:7 [3]:11
[0]:556042310 [1]:344973443 [2]:7 [3]:9
[0]:557210485 [1]:345575226 [2]:7 [3]:49
[0]:558203489 [1]:346089951 [2]:7 [3]:11
[0]:559205480 [1]:346597640 [2]:7 [3]:51
[0]:560247107 [1]:347131143 [2]:7 [3]:18
[0]:561356709 [1]:347704650 [2]:7 [3]:13
[0]:562371871 [1]:348226962 [2]:7 [3]:17
[0]:563502281 [1]:348811327 [2]:7 [3]:8
[0]:564874809 [1]:349517252 [2]:7 [3]:12
[0]:565912223 [1]:350049768 [2]:7 [3]:14
[0]:567037736 [1]:350630189 [2]:7 [3]:11
[0]:568367158 [1]:351308935 [2]:7 [3]:11
[0]:569687607 [1]:351985621 [2]:7 [3]:16
[0]:570739152 [1]:352523332 [2]:7 [3]:10
[0]:571741136 [1]:353035069 [2]:7 [3]:60
[0]:572760942 [1]:353560072 [2]:7 [3]:16
[0]:573757539 [1]:354070660 [2]:7 [3]:12
[0]:574747782 [1]:354582406 [2]:7 [3]:19
[0]:575794531 [1]:355118301 [2]:7 [3]:55
[0]:576873606 [1]:355672971 [2]:7 [3]:49
[0]:577853657 [1]:356179700 [2]:7 [3]:48
[0]:578861432 [1]:356693221 [2]:7 [3]:50
[0]:579862040 [1]:357205567 [2]:7 [3]:19
[0]:580931648 [1]:357758266 [2]:7 [3]:3
[0]:582059287 [1]:358338658 [2]:7 [3]:9
[0]:583084824 [1]:358862584 [2]:7 [3]:15
[0]:584107131 [1]:359387560 [2]:7 [3]:52
[0]:585475086 [1]:360088743 [2]:7 [3]:15
[0]:586703466 [1]:360719795 [2]:7 [3]:9
[0]:588048768 [1]:361410788 [2]:7 [3]:16
[0]:589281558 [1]:362043421 [2]:7 [3]:14
[0]:590598694 [1]:362726363 [2]:7 [3]:9
[0]:591726085 [1]:363306279 [2]:7 [3]:53
[0]:592885566 [1]:363901772 [2]:7 [3]:17
[0]:594043554 [1]:364498254 [2]:7 [3]:12
[0]:595202949 [1]:365092362 [2]:7 [3]:14
[0]:596353654 [1]:365682216 [2]:7 [3]:11
[0]:597489277 [1]:366269042 [2]:7 [3]:17
[0]:598696147 [1]:366887253 [2]:7 [3]:53
[0]:599952028 [1]:367528823 [2]:7 [3]:17
[0]:601189011 [1]:368168787 [2]:7 [3]:9
[0]:602326352 [1]:368752848 [2]:7 [3]:58
[0]:603590188 [1]:369404788 [2]:7 [3]:13
[0]:604738840 [1]:369997824 [2]:7 [3]:53
[0]:605897424 [1]:370592302 [2]:7 [3]:52
[0]:606972281 [1]:371151083 [2]:7 [3]:10
[0]:608148095 [1]:371756514 [2]:7 [3]:14
[0]:609137321 [1]:372268896 [2]:7 [3]:16
[0]:610158292 [1]:372793117 [2]:7 [3]:14
[0]:611298472 [1]:373378511 [2]:7 [3]:16
[0]:612281058 [1]:373883799 [2]:7 [3]:8
[0]:613259051 [1]:374389824 [2]:7 [3]:15
[0]:614430908 [1]:374993881 [2]:7 [3]:15
[0]:615449312 [1]:375517069 [2]:7 [3]:11
[0]:616429223 [1]:376021891 [2]:7 [3]:19
[0]:617488174 [1]:376561036 [2]:7 [3]:12
[0]:618639696 [1]:377155231 [2]:7 [3]:49
[0]:619623248 [1]:377657745 [2]:7 [3]:48
[0]:620710538 [1]:378216403 [2]:7 [3]:17
[0]:621681609 [1]:378715518 [2]:7 [3]:15
[0]:622701253 [1]:379238646 [2]:7 [3]:12
[0]:623998027 [1]:379905069 [2]:7 [3]:9
[0]:625266360 [1]:380555348 [2]:7 [3]:55
[0]:626349954 [1]:381111391 [2]:7 [3]:13
[0]:627482390 [1]:381696075 [2]:7 [3]:12
[0]:628467672 [1]:382204280 [2]:7 [3]:48
[0]:629506239 [1]:382734161 [2]:7 [3]:9
[0]:630537848 [1]:383258957 [2]:7 [3]:12
[0]:631764934 [1]:383890418 [2]:7 [3]:12
[0]:632773337 [1]:384409971 [2]:7 [3]:13
[0]:633773676 [1]:384927514 [2]:7 [3]:16
[0]:634779864 [1]:385442065 [2]:7 [3]:51
[0]:635811838 [1]:385972029 [2]:7 [3]:13
[0]:636823776 [1]:386493967 [2]:7 [3]:16
[0]:637852937 [1]:387023209 [2]:7 [3]:12
[0]:638870674 [1]:387544116 [2]:7 [3]:9
[0]:639871445 [1]:388058098 [2]:7 [3]:11
[0]:640997493 [1]:388630948 [2]:7 [3]:54
[0]:642254557 [1]:389276398 [2]:7 [3]:17
[0]:643496551 [1]:389920256 [2]:7 [3]:17
[0]:644629776 [1]:390501067 [2]:7 [3]:51
[0]:645814563 [1]:391107624 [2]:7 [3]:15
[0]:646996224 [1]:391714961 [2]:7 [3]:57
[0]:648151585 [1]:392306499 [2]:7 [3]:11
[0]:649283012 [1]:392890520 [2]:7 [3]:50
[0]:650535776 [1]:393531117 [2]:7 [3]:51
[0]:651666404 [1]:394109658 [2]:7 [3]:52
[0]:652742935 [1]:394660037 [2]:7 [3]:12
[0]:653924653 [1]:395266162 [2]:7 [3]:15
[0]:655075057 [1]:395854367 [2]:7 [3]:11
[0]:656266106 [1]:396465232 [2]:7 [3]:16
[0]:657434600 [1]:397065207 [2]:7 [3]:11
[0]:658621069 [1]:397673593 [2]:7 [3]:11
[0]:659733749 [1]:398247388 [2]:7 [3]:13
[0]:660857131 [1]:398828054 [2]:7 [3]:13
[0]:661969862 [1]:399401250 [2]:7 [3]:10
[0]:663439454 [1]:400154155 [2]:7 [3]:14
[0]:664558183 [1]:400729170 [2]:7 [3]:9
[0]:665573139 [1]:401256229 [2]:7 [3]:9
[0]:666573288 [1]:401770245 [2]:7 [3]:56
[0]:667872370 [1]:402437950 [2]:7 [3]:45
[0]:668853509 [1]:402944835 [2]:7 [3]:8
[0]:669875526 [1]:403475044 [2]:7 [3]:51
[0]:670877490 [1]:403990691 [2]:7 [3]:10
[0]:672185396 [1]:404666230 [2]:7 [3]:14
[0]:673264505 [1]:405221804 [2]:7 [3]:18
[0]:674339180 [1]:405776527 [2]:7 [3]:10
[0]:675420821 [1]:406337045 [2]:7 [3]:12
[0]:676478832 [1]:406881222 [2]:7 [3]:50
[0]:677493499 [1]:407403774 [2]:7 [3]:16
[0]:678498129 [1]:407920383 [2]:7 [3]:55
[0]:679568397 [1]:408468306 [2]:7 [3]:59
[0]:681174260 [1]:409292647 [2]:7 [3]:15
[0]:682338284 [1]:409895044 [2]:7 [3]:48
[0]:683406796 [1]:410443337 [2]:7 [3]:11
[0]:684435200 [1]:410968389 [2]:7 [3]:15
[0]:685690076 [1]:411613823 [2]:7 [3]:11
[0]:686827665 [1]:412203052 [2]:7 [3]:12
[0]:687847845 [1]:412723569 [2]:7 [3]:16
[0]:688859600 [1]:413241377 [2]:7 [3]:52
[0]:690177063 [1]:413918479 [2]:7 [3]:32
[0]:691228184 [1]:414458649 [2]:7 [3]:54
[0]:692245507 [1]:414984039 [2]:7 [3]:13
[0]:693219211 [1]:415484353 [2]:7 [3]:9
[0]:694251866 [1]:416014778 [2]:7 [3]:14
[0]:695319793 [1]:416568030 [2]:7 [3]:15
[0]:696297339 [1]:417073078 [2]:7 [3]:10
[0]:697420894 [1]:417647028 [2]:7 [3]:15
[0]:698631340 [1]:418264681 [2]:7 [3]:12
[0]:699976824 [1]:418955432 [2]:7 [3]:46
[0]:701184528 [1]:419576927 [2]:7 [3]:56
[0]:702389993 [1]:420197872 [2]:7 [3]:14
[0]:703540082 [1]:420783116 [2]:7 [3]:13
[0]:704746918 [1]:421402752 [2]:7 [3]:16
[0]:705880317 [1]:421987159 [2]:7 [3]:51
[0]:707046212 [1]:422584869 [2]:7 [3]:10
[0]:708273346 [1]:423218505 [2]:7 [3]:52
[0]:709431537 [1]:423815626 [2]:7 [3]:10
[0]:710553672 [1]:424387881 [2]:7 [3]:48
[0]:711632120 [1]:424939871 [2]:7 [3]:17
[0]:712768992 [1]:425533109 [2]:7 [3]:55
[0]:713907779 [1]:426120661 [2]:7 [3]:8
[0]:715116222 [1]:426741911 [2]:7 [3]:53
[0]:716242008 [1]:427320262 [2]:7 [3]:53
[0]:717415249 [1]:427921577 [2]:7 [3]:51
[0]:718593314 [1]:428529173 [2]:7 [3]:14
[0]:719707280 [1]:429097137 [2]:7 [3]:50
[0]:720837205 [1]:429681298 [2]:7 [3]:49
[0]:722129195 [1]:430347461 [2]:7 [3]:10
[0]:723343927 [1]:430968280 [2]:7 [3]:19
[0]:724428484 [1]:431522278 [2]:7 [3]:51
[0]:725602961 [1]:432119069 [2]:7 [3]:15
[0]:726661894 [1]:432663939 [2]:7 [3]:54
[0]:727793968 [1]:433247970 [2]:7 [3]:55
[0]:728811960 [1]:433773067 [2]:7 [3]:16
[0]:729840319 [1]:434297832 [2]:7 [3]:9
[0]:730912650 [1]:434848475 [2]:7 [3]:17
[0]:731953080 [1]:435384453 [2]:7 [3]:49
[0]:733231157 [1]:436047616 [2]:7 [3]:52
