[0]:64798694 [1]:9215373 [2]:101 [3]:84
[0]:65007984 [1]:9235746 [2]:101 [3]:359
[0]:65207238 [1]:9255154 [2]:101 [3]:365
[0]:65413917 [1]:9275182 [2]:101 [3]:91
[0]:65626433 [1]:9295894 [2]:101 [3]:372
[0]:65834799 [1]:9316126 [2]:101 [3]:87
[0]:66052051 [1]:9337279 [2]:101 [3]:85
[0]:66286509 [1]:9360272 [2]:101 [3]:90
[0]:66500837 [1]:9381195 [2]:101 [3]:357
[0]:66706138 [1]:9401233 [2]:101 [3]:348
[0]:66910532 [1]:9421093 [2]:101 [3]:97
[0]:67139507 [1]:9443364 [2]:101 [3]:362
[0]:67347562 [1]:9463823 [2]:98 [3]:357
[0]:67568145 [1]:9485533 [2]:98 [3]:75
[0]:67772699 [1]:9505560 [2]:98 [3]:72
[0]:67981244 [1]:9525968 [2]:98 [3]:369
[0]:68182915 [1]:9545814 [2]:98 [3]:81
[0]:68431742 [1]:9570253 [2]:98 [3]:81
[0]:68642685 [1]:9590947 [2]:98 [3]:358
[0]:68855604 [1]:9611619 [2]:98 [3]:73
[0]:69072210 [1]:9632721 [2]:98 [3]:74
[0]:69272622 [1]:9652356 [2]:98 [3]:364
[0]:69481674 [1]:9672732 [2]:98 [3]:363
[0]:69683027 [1]:9692330 [2]:97 [3]:363
[0]:69889239 [1]:9712459 [2]:97 [3]:374
[0]:70096130 [1]:9732765 [2]:97 [3]:365
[0]:70321942 [1]:9754665 [2]:97 [3]:72
[0]:70529438 [1]:9774890 [2]:97 [3]:88
[0]:70757539 [1]:9797447 [2]:97 [3]:365
[0]:70978089 [1]:9819133 [2]:97 [3]:73
[0]:71185529 [1]:9839442 [2]:97 [3]:371
[0]:71395515 [1]:9859947 [2]:97 [3]:102
[0]:71601862 [1]:9880118 [2]:97 [3]:366
[0]:71812451 [1]:9900755 [2]:97 [3]:92
[0]:72042238 [1]:9923344 [2]:96 [3]:370
[0]:72257696 [1]:9944364 [2]:96 [3]:365
[0]:72474383 [1]:9965372 [2]:96 [3]:367
[0]:72679293 [1]:9985439 [2]:96 [3]:368
[0]:72915679 [1]:10008377 [2]:96 [3]:361
[0]:73120667 [1]:10028251 [2]:96 [3]:95
[0]:73340969 [1]:10049867 [2]:96 [3]:364
[0]:73541609 [1]:10069388 [2]:96 [3]:88
[0]:73793981 [1]:10094021 [2]:96 [3]:360
[0]:73998458 [1]:10114284 [2]:96 [3]:366
[0]:74203267 [1]:10134408 [2]:96 [3]:81
[0]:74407966 [1]:10154269 [2]:96 [3]:364
[0]:74635779 [1]:10176496 [2]:96 [3]:369
[0]:74841183 [1]:10196602 [2]:96 [3]:376
[0]:75041710 [1]:10216250 [2]:96 [3]:358
[0]:75242480 [1]:10235808 [2]:96 [3]:376
[0]:75479179 [1]:10258888 [2]:96 [3]:368
[0]:75680276 [1]:10278255 [2]:96 [3]:78
[0]:75885128 [1]:10298217 [2]:96 [3]:361
[0]:76121551 [1]:10321280 [2]:96 [3]:80
[0]:76322146 [1]:10340988 [2]:96 [3]:365
[0]:76530647 [1]:10361535 [2]:96 [3]:371
[0]:76764819 [1]:10384553 [2]:96 [3]:98
[0]:76971492 [1]:10404865 [2]:96 [3]:95
[0]:77183970 [1]:10425770 [2]:96 [3]:370
[0]:77399546 [1]:10446749 [2]:96 [3]:375
[0]:77609374 [1]:10467263 [2]:96 [3]:369
[0]:77814149 [1]:10487397 [2]:96 [3]:371
[0]:78022824 [1]:10507697 [2]:96 [3]:100
[0]:78241499 [1]:10529101 [2]:96 [3]:80
[0]:78450845 [1]:10549391 [2]:96 [3]:375
[0]:78654666 [1]:10569073 [2]:96 [3]:87
[0]:78869910 [1]:10590013 [2]:96 [3]:82
[0]:79080200 [1]:10610358 [2]:96 [3]:363
[0]:79279374 [1]:10630032 [2]:96 [3]:358
[0]:79523650 [1]:10653876 [2]:96 [3]:352
[0]:79735493 [1]:10674565 [2]:96 [3]:83
[0]:79961633 [1]:10696820 [2]:96 [3]:360
[0]:80167508 [1]:10716860 [2]:96 [3]:368
[0]:80380751 [1]:10737772 [2]:96 [3]:96
[0]:80629639 [1]:10761912 [2]:96 [3]:370
[0]:80835070 [1]:10781954 [2]:96 [3]:366
[0]:81044608 [1]:10802337 [2]:96 [3]:365
[0]:81264322 [1]:10823757 [2]:96 [3]:371
[0]:81480853 [1]:10844943 [2]:96 [3]:368
[0]:81680706 [1]:10864567 [2]:96 [3]:356
[0]:81886528 [1]:10884564 [2]:96 [3]:359
[0]:82102365 [1]:10905710 [2]:96 [3]:356
[0]:82311683 [1]:10926182 [2]:96 [3]:360
[0]:82512124 [1]:10945639 [2]:96 [3]:373
[0]:82723864 [1]:10966174 [2]:96 [3]:374
[0]:82931809 [1]:10986515 [2]:96 [3]:98
[0]:83140446 [1]:11006842 [2]:96 [3]:360
[0]:83350286 [1]:11027581 [2]:96 [3]:87
[0]:83548404 [1]:11046820 [2]:96 [3]:75
[0]:83767682 [1]:11068228 [2]:96 [3]:368
[0]:83977837 [1]:11088581 [2]:96 [3]:363
[0]:84189777 [1]:11109472 [2]:96 [3]:80
[0]:84419135 [1]:11131750 [2]:96 [3]:374
[0]:84627416 [1]:11152252 [2]:96 [3]:369
[0]:84832087 [1]:11172442 [2]:96 [3]:97
[0]:85095756 [1]:11198292 [2]:96 [3]:359
[0]:85300467 [1]:11218363 [2]:96 [3]:89
[0]:85501266 [1]:11238008 [2]:96 [3]:85
[0]:85716026 [1]:11258896 [2]:96 [3]:366
[0]:85918959 [1]:11278713 [2]:96 [3]:373
[0]:86115395 [1]:11297929 [2]:96 [3]:89
[0]:86336003 [1]:11319592 [2]:96 [3]:359
[0]:86541043 [1]:11339547 [2]:96 [3]:363
[0]:86755256 [1]:11360540 [2]:96 [3]:361
[0]:86954393 [1]:11380113 [2]:96 [3]:363
[0]:87198388 [1]:11404048 [2]:96 [3]:380
[0]:87405104 [1]:11424389 [2]:96 [3]:374
[0]:87607908 [1]:11444167 [2]:96 [3]:92
[0]:87816837 [1]:11464336 [2]:96 [3]:359
[0]:88016512 [1]:11483984 [2]:96 [3]:374
[0]:88222440 [1]:11504079 [2]:96 [3]:356
[0]:88446723 [1]:11526126 [2]:96 [3]:87
[0]:88658566 [1]:11546871 [2]:96 [3]:366
[0]:88869237 [1]:11567277 [2]:96 [3]:359
[0]:89073032 [1]:11587335 [2]:96 [3]:98
[0]:89280708 [1]:11607656 [2]:96 [3]:76
[0]:89513615 [1]:11630427 [2]:96 [3]:365
[0]:89718656 [1]:11650377 [2]:96 [3]:360
[0]:89919463 [1]:11669990 [2]:96 [3]:87
[0]:90144075 [1]:11691808 [2]:96 [3]:370
[0]:90348934 [1]:11711767 [2]:96 [3]:361
[0]:90561764 [1]:11732437 [2]:96 [3]:371
[0]:90762503 [1]:11752107 [2]:96 [3]:361
[0]:90971305 [1]:11772611 [2]:96 [3]:367
[0]:91167884 [1]:11791965 [2]:96 [3]:85
[0]:91376275 [1]:11812532 [2]:96 [3]:371
[0]:91588156 [1]:11833161 [2]:96 [3]:369
[0]:91785264 [1]:11852499 [2]:96 [3]:85
[0]:91990912 [1]:11872400 [2]:96 [3]:76
[0]:92195991 [1]:11892259 [2]:96 [3]:366
[0]:92424663 [1]:11914371 [2]:96 [3]:372
[0]:92625734 [1]:11934121 [2]:96 [3]:359
[0]:92846087 [1]:11955577 [2]:96 [3]:363
[0]:93067209 [1]:11977194 [2]:96 [3]:80
[0]:93266038 [1]:11996889 [2]:96 [3]:75
[0]:93472144 [1]:12016840 [2]:96 [3]:361
[0]:93700522 [1]:12039098 [2]:96 [3]:370
[0]:93905396 [1]:12059014 [2]:96 [3]:83
[0]:94102306 [1]:12078147 [2]:96 [3]:77
[0]:94311182 [1]:12098492 [2]:96 [3]:81
[0]:94523819 [1]:12119285 [2]:96 [3]:373
[0]:94731638 [1]:12139569 [2]:96 [3]:361
[0]:94941003 [1]:12160092 [2]:96 [3]:366
[0]:95145859 [1]:12180088 [2]:96 [3]:85
[0]:95366637 [1]:12201507 [2]:96 [3]:369
[0]:95568791 [1]:12221168 [2]:96 [3]:365
[0]:95765085 [1]:12240447 [2]:96 [3]:372
[0]:95969078 [1]:12260417 [2]:96 [3]:75
[0]:96169724 [1]:12280116 [2]:96 [3]:369
[0]:96374919 [1]:12300109 [2]:96 [3]:84
[0]:96634684 [1]:12325350 [2]:96 [3]:373
[0]:96840249 [1]:12345379 [2]:96 [3]:95
[0]:97052195 [1]:12366016 [2]:96 [3]:73
[0]:97268047 [1]:12387007 [2]:96 [3]:80
[0]:97468291 [1]:12406676 [2]:96 [3]:84
[0]:97668160 [1]:12426327 [2]:96 [3]:93
[0]:97867396 [1]:12445770 [2]:96 [3]:77
[0]:98069778 [1]:12465467 [2]:96 [3]:367
[0]:98269099 [1]:12484795 [2]:96 [3]:72
[0]:98474132 [1]:12504690 [2]:96 [3]:372
[0]:98682876 [1]:12524970 [2]:96 [3]:362
[0]:98929030 [1]:12548949 [2]:96 [3]:363
[0]:99131930 [1]:12568672 [2]:96 [3]:91
[0]:99340255 [1]:12589116 [2]:96 [3]:362
[0]:99548922 [1]:12609487 [2]:96 [3]:376
[0]:99773774 [1]:12631579 [2]:96 [3]:90
[0]:99986272 [1]:12652442 [2]:96 [3]:362
[0]:100188460 [1]:12672068 [2]:96 [3]:367
[0]:100399778 [1]:12692787 [2]:96 [3]:369
[0]:100614953 [1]:12713707 [2]:96 [3]:77
[0]:100805435 [1]:12732210 [2]:96 [3]:79
[0]:101004623 [1]:12751692 [2]:96 [3]:83
[0]:101207369 [1]:12771403 [2]:96 [3]:364
[0]:101412352 [1]:12791320 [2]:96 [3]:351
[0]:101620350 [1]:12811578 [2]:96 [3]:362
[0]:101827231 [1]:12831798 [2]:96 [3]:79
[0]:102034564 [1]:12851977 [2]:96 [3]:362
[0]:102255179 [1]:12873492 [2]:96 [3]:61
[0]:102459978 [1]:12893532 [2]:96 [3]:78
[0]:102669507 [1]:12914022 [2]:96 [3]:360
[0]:102872472 [1]:12933918 [2]:96 [3]:73
[0]:103089830 [1]:12955349 [2]:96 [3]:375
[0]:103295600 [1]:12975595 [2]:96 [3]:73
[0]:103501084 [1]:12995731 [2]:96 [3]:85
[0]:103703813 [1]:13015622 [2]:96 [3]:84
[0]:103904304 [1]:13035269 [2]:96 [3]:77
[0]:104105669 [1]:13054806 [2]:96 [3]:364
[0]:104308121 [1]:13074430 [2]:96 [3]:76
[0]:104511288 [1]:13094218 [2]:96 [3]:104
[0]:104733991 [1]:13115955 [2]:96 [3]:359
[0]:104935698 [1]:13135809 [2]:96 [3]:85
[0]:105140856 [1]:13156016 [2]:96 [3]:80
[0]:105345897 [1]:13176058 [2]:96 [3]:357
[0]:105559164 [1]:13196846 [2]:96 [3]:94
[0]:105763329 [1]:13216773 [2]:96 [3]:92
[0]:105962738 [1]:13236342 [2]:96 [3]:72
[0]:106172980 [1]:13256849 [2]:96 [3]:95
[0]:106385433 [1]:13277791 [2]:96 [3]:86
[0]:106607248 [1]:13299277 [2]:96 [3]:363
[0]:106821934 [1]:13320059 [2]:96 [3]:357
[0]:107031762 [1]:13340594 [2]:96 [3]:372
[0]:107236353 [1]:13360593 [2]:96 [3]:92
[0]:107452959 [1]:13381736 [2]:96 [3]:99
[0]:107657738 [1]:13401805 [2]:96 [3]:77
[0]:107880057 [1]:13423563 [2]:96 [3]:362
[0]:108084131 [1]:13443421 [2]:96 [3]:89
[0]:108302671 [1]:13464769 [2]:96 [3]:361
[0]:108521309 [1]:13486160 [2]:96 [3]:378
[0]:108723623 [1]:13506039 [2]:96 [3]:372
[0]:108927211 [1]:13526127 [2]:96 [3]:369
[0]:109129409 [1]:13546041 [2]:96 [3]:360
[0]:109367632 [1]:13569260 [2]:96 [3]:89
[0]:109571249 [1]:13589154 [2]:96 [3]:366
[0]:109826487 [1]:13614075 [2]:96 [3]:355
[0]:110039986 [1]:13634791 [2]:96 [3]:368
[0]:110260753 [1]:13656471 [2]:96 [3]:78
[0]:110467923 [1]:13676831 [2]:96 [3]:90
[0]:110669314 [1]:13696589 [2]:96 [3]:345
[0]:110906105 [1]:13719793 [2]:96 [3]:81
[0]:111104874 [1]:13739070 [2]:96 [3]:365
[0]:111311520 [1]:13759403 [2]:96 [3]:94
[0]:111515418 [1]:13779411 [2]:96 [3]:84
[0]:111721014 [1]:13799481 [2]:96 [3]:370
[0]:111933976 [1]:13820091 [2]:96 [3]:84
[0]:112141559 [1]:13840451 [2]:96 [3]:361
[0]:112351303 [1]:13861005 [2]:96 [3]:370
[0]:112554731 [1]:13881169 [2]:96 [3]:95
[0]:112770379 [1]:13902535 [2]:96 [3]:378
[0]:112980871 [1]:13923077 [2]:96 [3]:368
[0]:113205037 [1]:13945332 [2]:97 [3]:355
[0]:113417716 [1]:13966088 [2]:97 [3]:360
[0]:113627877 [1]:13986737 [2]:97 [3]:80
[0]:113851170 [1]:14008592 [2]:97 [3]:366
[0]:114063256 [1]:14029332 [2]:97 [3]:367
[0]:114280025 [1]:14050414 [2]:97 [3]:358
[0]:114484280 [1]:14070558 [2]:97 [3]:364
[0]:114744428 [1]:14096149 [2]:97 [3]:82
[0]:114953203 [1]:14116510 [2]:97 [3]:353
[0]:115160057 [1]:14136685 [2]:97 [3]:370
[0]:115370383 [1]:14157478 [2]:97 [3]:373
[0]:115570882 [1]:14177417 [2]:96 [3]:359
[0]:115775506 [1]:14197523 [2]:96 [3]:85
[0]:115976516 [1]:14217332 [2]:96 [3]:361
[0]:116176857 [1]:14236806 [2]:96 [3]:86
[0]:116389715 [1]:14257665 [2]:96 [3]:359
[0]:116592367 [1]:14277556 [2]:96 [3]:360
[0]:116822782 [1]:14300263 [2]:96 [3]:87
[0]:117027527 [1]:14320278 [2]:96 [3]:75
[0]:117245078 [1]:14341421 [2]:96 [3]:90
[0]:117526581 [1]:14368964 [2]:96 [3]:83
[0]:117724140 [1]:14388199 [2]:96 [3]:365
[0]:117933313 [1]:14408758 [2]:96 [3]:372
[0]:118139398 [1]:14428847 [2]:96 [3]:367
[0]:118358635 [1]:14450171 [2]:96 [3]:367
[0]:118567347 [1]:14470590 [2]:96 [3]:359
[0]:118772076 [1]:14490550 [2]:96 [3]:84
[0]:118984222 [1]:14511303 [2]:96 [3]:361
[0]:119201544 [1]:14532400 [2]:96 [3]:354
[0]:119410223 [1]:14552673 [2]:96 [3]:81
[0]:119620605 [1]:14573599 [2]:96 [3]:81
[0]:119843043 [1]:14595403 [2]:96 [3]:102
[0]:120055617 [1]:14616229 [2]:96 [3]:354
[0]:120257091 [1]:14635916 [2]:96 [3]:370
[0]:120461349 [1]:14655761 [2]:96 [3]:68
[0]:120673586 [1]:14676794 [2]:96 [3]:355
[0]:120878712 [1]:14696700 [2]:96 [3]:363
[0]:121087344 [1]:14717061 [2]:96 [3]:368
[0]:121296203 [1]:14737357 [2]:96 [3]:365
[0]:121492308 [1]:14756426 [2]:96 [3]:364
[0]:121721870 [1]:14778793 [2]:96 [3]:369
[0]:121928260 [1]:14799230 [2]:96 [3]:368
[0]:122129394 [1]:14819011 [2]:96 [3]:72
[0]:122335622 [1]:14839139 [2]:96 [3]:363
[0]:122532435 [1]:14858339 [2]:96 [3]:93
[0]:122748986 [1]:14879419 [2]:96 [3]:352
[0]:122953731 [1]:14899439 [2]:96 [3]:82
[0]:123158513 [1]:14919279 [2]:96 [3]:365
[0]:123363756 [1]:14939239 [2]:96 [3]:76
[0]:123571717 [1]:14959786 [2]:96 [3]:93
[0]:123784250 [1]:14980578 [2]:96 [3]:377
[0]:123990411 [1]:15000654 [2]:96 [3]:102
[0]:124198543 [1]:15020835 [2]:96 [3]:359
[0]:124403273 [1]:15040697 [2]:96 [3]:367
[0]:124619644 [1]:15061714 [2]:96 [3]:357
[0]:124829045 [1]:15082034 [2]:96 [3]:86
[0]:125037720 [1]:15102403 [2]:96 [3]:364
[0]:125249958 [1]:15123203 [2]:96 [3]:91
[0]:125474296 [1]:15145030 [2]:96 [3]:366
[0]:125691520 [1]:15166243 [2]:96 [3]:97
[0]:125907808 [1]:15187404 [2]:96 [3]:364
[0]:126115156 [1]:15207649 [2]:96 [3]:373
[0]:126320558 [1]:15227660 [2]:96 [3]:84
[0]:126522722 [1]:15247244 [2]:96 [3]:369
[0]:126727358 [1]:15267278 [2]:96 [3]:370
[0]:126936149 [1]:15287654 [2]:96 [3]:373
[0]:127136695 [1]:15307144 [2]:96 [3]:362
[0]:127336746 [1]:15326700 [2]:96 [3]:96
[0]:127546276 [1]:15347350 [2]:96 [3]:72
[0]:127759047 [1]:15368275 [2]:96 [3]:81
[0]:127971789 [1]:15388911 [2]:96 [3]:352
[0]:128180400 [1]:15409380 [2]:96 [3]:82
[0]:128393115 [1]:15430143 [2]:96 [3]:110
[0]:128597022 [1]:15450053 [2]:96 [3]:78
[0]:128802597 [1]:15470105 [2]:96 [3]:82
[0]:129022685 [1]:15491575 [2]:96 [3]:361
[0]:129227875 [1]:15511817 [2]:96 [3]:365
[0]:129440798 [1]:15532599 [2]:96 [3]:364
[0]:129682040 [1]:15556144 [2]:96 [3]:89
[0]:129891675 [1]:15576721 [2]:96 [3]:377
[0]:130091672 [1]:15596177 [2]:96 [3]:362
[0]:130292295 [1]:15615692 [2]:96 [3]:374
[0]:130499777 [1]:15636056 [2]:96 [3]:87
[0]:130696713 [1]:15655288 [2]:96 [3]:358
[0]:130905161 [1]:15675626 [2]:96 [3]:89
[0]:131106234 [1]:15695322 [2]:96 [3]:357
[0]:131326808 [1]:15716795 [2]:96 [3]:82
[0]:131606652 [1]:15744141 [2]:96 [3]:94
[0]:131870766 [1]:15769723 [2]:96 [3]:99
[0]:132091897 [1]:15791325 [2]:96 [3]:364
[0]:132303802 [1]:15812017 [2]:96 [3]:73
[0]:132504504 [1]:15831666 [2]:96 [3]:366
[0]:132717272 [1]:15852343 [2]:96 [3]:80
[0]:132963965 [1]:15876435 [2]:96 [3]:362
[0]:133205592 [1]:15900028 [2]:96 [3]:375
[0]:133427536 [1]:15921809 [2]:96 [3]:105
