[0]:57295154 [1]:7406516 [2]:112 [3]:359
[0]:57494541 [1]:7452590 [2]:112 [3]:367
[0]:57690325 [1]:7497859 [2]:112 [3]:366
[0]:57881894 [1]:7542146 [2]:112 [3]:359
[0]:58079079 [1]:7587708 [2]:115 [3]:363
[0]:58269152 [1]:7631531 [2]:115 [3]:60
[0]:58512417 [1]:7687691 [2]:115 [3]:358
[0]:58703596 [1]:7731842 [2]:115 [3]:362
[0]:58893233 [1]:7775655 [2]:115 [3]:361
[0]:59088202 [1]:7820680 [2]:115 [3]:353
[0]:59284362 [1]:7865954 [2]:115 [3]:360
[0]:59548068 [1]:7926856 [2]:115 [3]:363
[0]:59738654 [1]:7970912 [2]:115 [3]:356
[0]:59933718 [1]:8016000 [2]:115 [3]:360
[0]:60131083 [1]:8061561 [2]:115 [3]:358
[0]:60330996 [1]:8107767 [2]:115 [3]:357
[0]:60521343 [1]:8151794 [2]:115 [3]:361
[0]:60737995 [1]:8201858 [2]:115 [3]:365
[0]:60942861 [1]:8249172 [2]:119 [3]:59
[0]:61187407 [1]:8305635 [2]:119 [3]:361
[0]:61388503 [1]:8352122 [2]:119 [3]:361
[0]:61580776 [1]:8396560 [2]:119 [3]:363
[0]:61782008 [1]:8443125 [2]:119 [3]:58
[0]:61980858 [1]:8489080 [2]:119 [3]:364
[0]:62193677 [1]:8538255 [2]:119 [3]:363
[0]:62386496 [1]:8582774 [2]:119 [3]:365
[0]:62618841 [1]:8636545 [2]:119 [3]:356
[0]:62835493 [1]:8686660 [2]:119 [3]:361
[0]:63031605 [1]:8731901 [2]:119 [3]:369
[0]:63242149 [1]:8780562 [2]:119 [3]:362
[0]:63440140 [1]:8826330 [2]:119 [3]:58
[0]:63641405 [1]:8872795 [2]:119 [3]:61
[0]:63846643 [1]:8920133 [2]:123 [3]:357
[0]:64045991 [1]:8966206 [2]:123 [3]:361
[0]:64251234 [1]:9013570 [2]:123 [3]:50
[0]:64451010 [1]:9059697 [2]:123 [3]:361
[0]:64635909 [1]:9102417 [2]:123 [3]:62
[0]:64832637 [1]:9147786 [2]:123 [3]:360
[0]:65022944 [1]:9191714 [2]:123 [3]:56
[0]:65217015 [1]:9236592 [2]:123 [3]:57
[0]:65403591 [1]:9279706 [2]:123 [3]:365
[0]:65601202 [1]:9325308 [2]:123 [3]:360
[0]:65795043 [1]:9370040 [2]:123 [3]:365
[0]:65985651 [1]:9414138 [2]:123 [3]:354
[0]:66224748 [1]:9469373 [2]:123 [3]:359
[0]:66418747 [1]:9514312 [2]:123 [3]:362
[0]:66627784 [1]:9562624 [2]:126 [3]:359
[0]:66821786 [1]:9607425 [2]:126 [3]:366
[0]:67014434 [1]:9651970 [2]:126 [3]:359
[0]:67213527 [1]:9697981 [2]:126 [3]:365
[0]:67411526 [1]:9743742 [2]:126 [3]:361
[0]:67609351 [1]:9789354 [2]:126 [3]:61
[0]:67809517 [1]:9835626 [2]:126 [3]:360
[0]:68002786 [1]:9880292 [2]:126 [3]:358
[0]:68199160 [1]:9925686 [2]:126 [3]:368
[0]:68390427 [1]:9969907 [2]:126 [3]:355
[0]:68591085 [1]:10016207 [2]:126 [3]:358
[0]:68783349 [1]:10060645 [2]:126 [3]:362
[0]:68998801 [1]:10110436 [2]:126 [3]:359
[0]:69191650 [1]:10154989 [2]:126 [3]:363
[0]:69438191 [1]:10211898 [2]:129 [3]:62
[0]:69628435 [1]:10255828 [2]:129 [3]:360
[0]:69827762 [1]:10301889 [2]:129 [3]:350
[0]:70024212 [1]:10347255 [2]:129 [3]:64
[0]:70218274 [1]:10392151 [2]:129 [3]:363
[0]:70453406 [1]:10446460 [2]:129 [3]:365
[0]:70650052 [1]:10491884 [2]:129 [3]:361
[0]:70878952 [1]:10544842 [2]:129 [3]:359
[0]:71069592 [1]:10588894 [2]:129 [3]:355
[0]:71263449 [1]:10633568 [2]:129 [3]:361
[0]:71461044 [1]:10679202 [2]:129 [3]:358
[0]:71655359 [1]:10724172 [2]:129 [3]:361
[0]:71885057 [1]:10777262 [2]:129 [3]:56
[0]:72073205 [1]:10820732 [2]:129 [3]:363
[0]:72274970 [1]:10867286 [2]:132 [3]:60
[0]:72484102 [1]:10915549 [2]:132 [3]:363
[0]:72686609 [1]:10962307 [2]:132 [3]:357
[0]:72879339 [1]:11006835 [2]:132 [3]:362
[0]:73083746 [1]:11054037 [2]:132 [3]:368
[0]:73288168 [1]:11101185 [2]:132 [3]:360
[0]:73489777 [1]:11147784 [2]:132 [3]:362
[0]:73686894 [1]:11193331 [2]:132 [3]:361
[0]:73901779 [1]:11243124 [2]:132 [3]:362
[0]:74099870 [1]:11288872 [2]:132 [3]:362
[0]:74323296 [1]:11340503 [2]:132 [3]:358
[0]:74536756 [1]:11389838 [2]:132 [3]:362
[0]:74731794 [1]:11434916 [2]:132 [3]:360
[0]:74924803 [1]:11479552 [2]:134 [3]:58
[0]:75118998 [1]:11524375 [2]:134 [3]:359
[0]:75316838 [1]:11570080 [2]:134 [3]:361
[0]:75517494 [1]:11616475 [2]:134 [3]:58
[0]:75710230 [1]:11661020 [2]:134 [3]:368
[0]:75901164 [1]:11705157 [2]:134 [3]:352
[0]:76089267 [1]:11748566 [2]:134 [3]:363
[0]:76287228 [1]:11794290 [2]:134 [3]:364
[0]:76499994 [1]:11843454 [2]:134 [3]:359
[0]:76689909 [1]:11887323 [2]:134 [3]:55
[0]:76880516 [1]:11931277 [2]:134 [3]:365
[0]:77069132 [1]:11974864 [2]:134 [3]:361
[0]:77272061 [1]:12021745 [2]:134 [3]:362
[0]:77473924 [1]:12068385 [2]:134 [3]:54
[0]:77671981 [1]:12114129 [2]:134 [3]:363
[0]:77869818 [1]:12159807 [2]:136 [3]:354
[0]:78056328 [1]:12202876 [2]:136 [3]:358
[0]:78258003 [1]:12249495 [2]:136 [3]:361
[0]:78459683 [1]:12296081 [2]:136 [3]:362
[0]:78656423 [1]:12341512 [2]:136 [3]:356
[0]:78851385 [1]:12386464 [2]:136 [3]:361
[0]:79060162 [1]:12434735 [2]:136 [3]:358
[0]:79254523 [1]:12479659 [2]:136 [3]:365
[0]:79456236 [1]:12526272 [2]:136 [3]:60
[0]:79650338 [1]:12571113 [2]:136 [3]:359
[0]:79840621 [1]:12615061 [2]:136 [3]:359
[0]:80042712 [1]:12661792 [2]:136 [3]:361
[0]:80238092 [1]:12706955 [2]:136 [3]:57
[0]:80437276 [1]:12752954 [2]:136 [3]:364
[0]:80699287 [1]:12813359 [2]:138 [3]:357
[0]:80900490 [1]:12859864 [2]:138 [3]:365
[0]:81094864 [1]:12904795 [2]:138 [3]:361
[0]:81281227 [1]:12947959 [2]:138 [3]:372
[0]:81471456 [1]:12991930 [2]:138 [3]:362
[0]:81680654 [1]:13040195 [2]:138 [3]:360
[0]:81870896 [1]:13084186 [2]:138 [3]:362
[0]:82056358 [1]:13126999 [2]:138 [3]:57
[0]:82247959 [1]:13171313 [2]:138 [3]:365
[0]:82441260 [1]:13216050 [2]:138 [3]:52
[0]:82677923 [1]:13270663 [2]:138 [3]:362
[0]:82863791 [1]:13313591 [2]:138 [3]:362
[0]:83052050 [1]:13357099 [2]:138 [3]:359
[0]:83236810 [1]:13399833 [2]:138 [3]:61
[0]:83432050 [1]:13444884 [2]:140 [3]:369
[0]:83621448 [1]:13488691 [2]:140 [3]:360
[0]:83819249 [1]:13534476 [2]:140 [3]:360
[0]:84015607 [1]:13579786 [2]:140 [3]:363
[0]:84201248 [1]:13622683 [2]:140 [3]:370
[0]:84394654 [1]:13667329 [2]:140 [3]:362
[0]:84584062 [1]:13711134 [2]:140 [3]:361
[0]:84786026 [1]:13757843 [2]:140 [3]:362
[0]:84987545 [1]:13804433 [2]:140 [3]:355
