[0]:0 [1]:0 [2]:0 [3]:0
[0]:0 [1]:0 [2]:0 [3]:0
[0]:0 [1]:0 [2]:0 [3]:0
[0]:550536 [1]:550541 [2]:0 [3]:15
[0]:1727879 [1]:1727891 [2]:0 [3]:51
[0]:2889955 [1]:2889958 [2]:0 [3]:12
[0]:4065042 [1]:4065039 [2]:0 [3]:9
[0]:5230148 [1]:5230221 [2]:0 [3]:13
[0]:6470266 [1]:6470295 [2]:0 [3]:8
[0]:7605720 [1]:7605763 [2]:0 [3]:49
[0]:8844119 [1]:8844122 [2]:0 [3]:56
[0]:10073426 [1]:10073431 [2]:0 [3]:13
[0]:11269442 [1]:11269442 [2]:0 [3]:15
[0]:12444039 [1]:12444039 [2]:0 [3]:13
[0]:13572496 [1]:13572496 [2]:0 [3]:11
[0]:14754498 [1]:14754498 [2]:0 [3]:50
[0]:15938624 [1]:15938667 [2]:0 [3]:47
[0]:17078111 [1]:17078116 [2]:0 [3]:45
[0]:18144537 [1]:18144542 [2]:0 [3]:14
[0]:19194251 [1]:19194253 [2]:0 [3]:19
[0]:20354534 [1]:20354534 [2]:0 [3]:16
[0]:21465224 [1]:21465224 [2]:0 [3]:9
[0]:22551467 [1]:22551465 [2]:0 [3]:13
[0]:23642436 [1]:23642441 [2]:0 [3]:7
[0]:24677805 [1]:24677806 [2]:0 [3]:12
[0]:25799122 [1]:25799133 [2]:0 [3]:13
[0]:26905086 [1]:26905098 [2]:0 [3]:16
[0]:27937301 [1]:27937305 [2]:0 [3]:39
[0]:28973838 [1]:28973839 [2]:0 [3]:11
[0]:30077960 [1]:30077973 [2]:0 [3]:11
[0]:31170844 [1]:31170846 [2]:0 [3]:12
[0]:32248212 [1]:32248212 [2]:0 [3]:15
[0]:33447241 [1]:33447247 [2]:0 [3]:16
[0]:34763273 [1]:34763277 [2]:0 [3]:9
[0]:35916508 [1]:35916531 [2]:0 [3]:10
[0]:37091366 [1]:37091373 [2]:0 [3]:47
[0]:38175528 [1]:38175528 [2]:0 [3]:46
[0]:39222363 [1]:39222399 [2]:0 [3]:10
[0]:40301926 [1]:40301929 [2]:0 [3]:13
[0]:41409568 [1]:41409568 [2]:0 [3]:12
[0]:42467427 [1]:42467428 [2]:0 [3]:12
[0]:43497873 [1]:43497882 [2]:0 [3]:48
[0]:44551337 [1]:44551352 [2]:0 [3]:45
[0]:45698539 [1]:45698542 [2]:0 [3]:10
[0]:46809928 [1]:46809928 [2]:0 [3]:15
[0]:47897816 [1]:47897845 [2]:0 [3]:8
[0]:48943451 [1]:48943446 [2]:0 [3]:12
[0]:50282599 [1]:50282611 [2]:0 [3]:12
[0]:51465910 [1]:51465915 [2]:0 [3]:50
[0]:52778584 [1]:52778584 [2]:0 [3]:49
[0]:54066879 [1]:54066886 [2]:0 [3]:12
[0]:55370749 [1]:55370760 [2]:0 [3]:12
[0]:56752153 [1]:56752155 [2]:0 [3]:13
[0]:58014520 [1]:58014520 [2]:0 [3]:51
[0]:59276239 [1]:59276240 [2]:0 [3]:15
[0]:60491642 [1]:60491644 [2]:0 [3]:57
[0]:61633694 [1]:61633701 [2]:0 [3]:55
[0]:62913056 [1]:62913056 [2]:0 [3]:12
[0]:64085987 [1]:64085993 [2]:0 [3]:14
[0]:65299329 [1]:65299329 [2]:0 [3]:51
[0]:66534439 [1]:66534441 [2]:0 [3]:11
[0]:67667726 [1]:67667730 [2]:0 [3]:15
[0]:68871664 [1]:68871692 [2]:0 [3]:11
[0]:70042180 [1]:70042189 [2]:0 [3]:9
[0]:71230784 [1]:71230784 [2]:0 [3]:49
[0]:72406000 [1]:72406007 [2]:0 [3]:47
[0]:73603373 [1]:73603380 [2]:0 [3]:13
[0]:74842404 [1]:74842404 [2]:0 [3]:14
[0]:75887775 [1]:75887775 [2]:0 [3]:12
[0]:76937380 [1]:76937397 [2]:0 [3]:13
[0]:77981719 [1]:77981728 [2]:0 [3]:17
[0]:79034763 [1]:79034763 [2]:0 [3]:15
[0]:80133418 [1]:80133447 [2]:0 [3]:14
[0]:81176877 [1]:81176877 [2]:0 [3]:10
[0]:82273902 [1]:82273901 [2]:0 [3]:15
[0]:83311128 [1]:83311128 [2]:0 [3]:14
[0]:84358461 [1]:84358460 [2]:0 [3]:13
[0]:85455019 [1]:85455019 [2]:0 [3]:12
[0]:86941478 [1]:86941478 [2]:0 [3]:14
[0]:88011962 [1]:88011963 [2]:0 [3]:48
[0]:89171502 [1]:89171507 [2]:0 [3]:47
[0]:90162693 [1]:90162716 [2]:0 [3]:49
[0]:91392263 [1]:91392272 [2]:0 [3]:12
[0]:92731471 [1]:92731478 [2]:0 [3]:5
[0]:93925180 [1]:93925180 [2]:0 [3]:8
[0]:94987393 [1]:94987394 [2]:0 [3]:47
[0]:96053419 [1]:96053432 [2]:0 [3]:14
[0]:97111176 [1]:97111176 [2]:0 [3]:47
[0]:98201483 [1]:98201490 [2]:0 [3]:52
[0]:99288726 [1]:99288732 [2]:0 [3]:52
[0]:100310744 [1]:100310744 [2]:0 [3]:51
[0]:101403537 [1]:101403537 [2]:0 [3]:11
[0]:102482324 [1]:102482330 [2]:0 [3]:48
[0]:103523802 [1]:103523802 [2]:0 [3]:8
[0]:104605731 [1]:104605741 [2]:0 [3]:44
[0]:105640412 [1]:105640409 [2]:0 [3]:50
[0]:106669986 [1]:106670015 [2]:0 [3]:10
[0]:107759157 [1]:107759179 [2]:0 [3]:12
[0]:108848176 [1]:108848226 [2]:0 [3]:12
[0]:110063692 [1]:110063694 [2]:0 [3]:20
[0]:111370983 [1]:111370989 [2]:0 [3]:50
[0]:112718744 [1]:112718744 [2]:0 [3]:48
[0]:114054952 [1]:114054960 [2]:0 [3]:12
[0]:115440924 [1]:115440926 [2]:0 [3]:50
[0]:116712416 [1]:116712416 [2]:0 [3]:49
[0]:117856948 [1]:117856955 [2]:0 [3]:51
[0]:119030990 [1]:119030996 [2]:0 [3]:48
[0]:120238548 [1]:120238548 [2]:0 [3]:9
[0]:121372275 [1]:121372281 [2]:0 [3]:16
[0]:122605661 [1]:122605661 [2]:0 [3]:10
[0]:123753209 [1]:123753221 [2]:0 [3]:13
[0]:124887959 [1]:124887959 [2]:0 [3]:16
[0]:126047953 [1]:126047953 [2]:0 [3]:50
[0]:127188359 [1]:127188359 [2]:0 [3]:15
[0]:128339052 [1]:128339052 [2]:0 [3]:13
[0]:129534209 [1]:129534219 [2]:0 [3]:11
[0]:130709016 [1]:130709016 [2]:0 [3]:49
[0]:131871117 [1]:131871118 [2]:0 [3]:10
[0]:133040384 [1]:133040384 [2]:0 [3]:51
[0]:134130631 [1]:134130628 [2]:0 [3]:51
[0]:135270005 [1]:135270092 [2]:0 [3]:9
[0]:136464920 [1]:136464920 [2]:0 [3]:50
[0]:137766233 [1]:137766238 [2]:0 [3]:13
[0]:138810918 [1]:138810918 [2]:0 [3]:13
[0]:139872046 [1]:139872048 [2]:0 [3]:13
[0]:140905183 [1]:140905186 [2]:0 [3]:10
[0]:142055854 [1]:142055854 [2]:0 [3]:46
[0]:143168341 [1]:143168341 [2]:0 [3]:13
[0]:144265061 [1]:144265066 [2]:0 [3]:13
[0]:145282316 [1]:145282318 [2]:0 [3]:48
[0]:146343474 [1]:146343485 [2]:0 [3]:10
[0]:147363619 [1]:147363621 [2]:0 [3]:11
[0]:148383490 [1]:148383506 [2]:0 [3]:14
[0]:149589433 [1]:149589444 [2]:0 [3]:14
[0]:150975651 [1]:150975654 [2]:0 [3]:51
[0]:152284900 [1]:152284908 [2]:0 [3]:15
[0]:153466371 [1]:153466373 [2]:0 [3]:47
[0]:154490341 [1]:154490343 [2]:0 [3]:51
[0]:155516704 [1]:155516704 [2]:0 [3]:55
[0]:156774915 [1]:156774915 [2]:0 [3]:47
[0]:157825747 [1]:157825747 [2]:0 [3]:50
[0]:158885755 [1]:158885755 [2]:0 [3]:13
[0]:159944366 [1]:159944366 [2]:0 [3]:13
[0]:160969999 [1]:160970016 [2]:0 [3]:16
[0]:162027477 [1]:162027475 [2]:0 [3]:56
[0]:163086157 [1]:163086165 [2]:0 [3]:13
[0]:164079997 [1]:164079998 [2]:0 [3]:15
[0]:165204074 [1]:165204072 [2]:0 [3]:12
[0]:166318065 [1]:166318067 [2]:0 [3]:15
[0]:167473301 [1]:167473302 [2]:0 [3]:10
[0]:168828552 [1]:168828560 [2]:0 [3]:11
[0]:170250470 [1]:170250465 [2]:0 [3]:18
[0]:171664769 [1]:171664772 [2]:0 [3]:26
[0]:173093045 [1]:173093054 [2]:0 [3]:54
[0]:174308810 [1]:174308808 [2]:0 [3]:16
[0]:175848321 [1]:175848325 [2]:0 [3]:19
[0]:177224945 [1]:177224945 [2]:0 [3]:15
[0]:178464711 [1]:178464721 [2]:0 [3]:54
[0]:179763671 [1]:179763675 [2]:0 [3]:13
[0]:180973079 [1]:180973079 [2]:0 [3]:17
[0]:182208708 [1]:182208715 [2]:0 [3]:16
[0]:183476126 [1]:183476131 [2]:0 [3]:16
[0]:184962821 [1]:184962828 [2]:0 [3]:21
[0]:186178329 [1]:186178355 [2]:0 [3]:53
[0]:187432257 [1]:187432257 [2]:0 [3]:53
[0]:188761144 [1]:188761151 [2]:0 [3]:59
[0]:189965761 [1]:189965761 [2]:0 [3]:54
[0]:191189036 [1]:191189039 [2]:0 [3]:14
[0]:192498112 [1]:192498112 [2]:0 [3]:53
[0]:193762788 [1]:193762871 [2]:0 [3]:49
[0]:195199090 [1]:195199090 [2]:0 [3]:18
[0]:196343070 [1]:196343070 [2]:0 [3]:16
[0]:197446126 [1]:197446127 [2]:0 [3]:14
[0]:198587212 [1]:198587213 [2]:0 [3]:18
[0]:199689597 [1]:199689598 [2]:0 [3]:16
[0]:200838574 [1]:200838589 [2]:0 [3]:50
[0]:201875657 [1]:201875664 [2]:0 [3]:13
[0]:203026792 [1]:203026794 [2]:0 [3]:14
[0]:204185326 [1]:204185335 [2]:0 [3]:18
[0]:205311557 [1]:205311560 [2]:0 [3]:16
[0]:206476168 [1]:206476173 [2]:0 [3]:16
[0]:207674200 [1]:207674200 [2]:0 [3]:18
[0]:209021833 [1]:209021854 [2]:0 [3]:17
[0]:210155444 [1]:210155444 [2]:0 [3]:54
[0]:211328717 [1]:211328717 [2]:0 [3]:18
[0]:212712550 [1]:212712555 [2]:0 [3]:13
[0]:214141279 [1]:214141278 [2]:0 [3]:18
[0]:215425470 [1]:215425478 [2]:0 [3]:17
[0]:216631577 [1]:216631578 [2]:0 [3]:60
[0]:217711250 [1]:217711250 [2]:0 [3]:19
[0]:218924481 [1]:218924503 [2]:0 [3]:20
[0]:220092902 [1]:220092904 [2]:0 [3]:11
[0]:221542897 [1]:221542903 [2]:0 [3]:18
[0]:222649379 [1]:222649383 [2]:0 [3]:15
[0]:223783128 [1]:223783140 [2]:0 [3]:17
[0]:224946001 [1]:224946006 [2]:0 [3]:12
[0]:226294695 [1]:226294697 [2]:0 [3]:15
[0]:227425117 [1]:227425129 [2]:0 [3]:16
[0]:228595411 [1]:228595414 [2]:0 [3]:15
[0]:229858179 [1]:229858180 [2]:0 [3]:57
[0]:231017877 [1]:231017881 [2]:0 [3]:19
[0]:232233096 [1]:232233104 [2]:0 [3]:20
[0]:233860906 [1]:233860902 [2]:0 [3]:55
[0]:235427275 [1]:235427280 [2]:0 [3]:12
[0]:236761808 [1]:236761815 [2]:0 [3]:21
[0]:238055977 [1]:238055978 [2]:0 [3]:13
[0]:239341502 [1]:239341560 [2]:0 [3]:16
[0]:240726325 [1]:240726330 [2]:0 [3]:13
[0]:242001945 [1]:242001953 [2]:0 [3]:59
[0]:243194495 [1]:243194495 [2]:0 [3]:50
[0]:244458293 [1]:244458302 [2]:0 [3]:57
[0]:245719960 [1]:245719958 [2]:0 [3]:12
[0]:247043611 [1]:247043627 [2]:0 [3]:17
[0]:248346614 [1]:248346620 [2]:0 [3]:17
[0]:249534328 [1]:249534332 [2]:0 [3]:13
[0]:250814389 [1]:250814392 [2]:0 [3]:17
[0]:252069646 [1]:252069648 [2]:0 [3]:48
[0]:253394328 [1]:253394336 [2]:0 [3]:51
[0]:254828402 [1]:254828422 [2]:0 [3]:49
[0]:256110938 [1]:256110940 [2]:0 [3]:19
[0]:257434251 [1]:257434253 [2]:0 [3]:19
[0]:258634641 [1]:258634656 [2]:0 [3]:21
[0]:259980526 [1]:259980526 [2]:0 [3]:18
[0]:261108065 [1]:261108068 [2]:0 [3]:18
[0]:262236912 [1]:262236919 [2]:0 [3]:12
[0]:263380293 [1]:263380309 [2]:0 [3]:16
[0]:264671890 [1]:264671896 [2]:0 [3]:16
[0]:265824246 [1]:265824255 [2]:0 [3]:14
[0]:266946066 [1]:266946076 [2]:0 [3]:12
[0]:268095137 [1]:268095133 [2]:0 [3]:17
[0]:269431603 [1]:269431609 [2]:0 [3]:18
[0]:270591916 [1]:270591921 [2]:0 [3]:16
[0]:271721255 [1]:271721255 [2]:0 [3]:51
[0]:272875135 [1]:272875135 [2]:0 [3]:7
[0]:274000275 [1]:274000271 [2]:0 [3]:13
[0]:275134101 [1]:275134125 [2]:0 [3]:11
[0]:276473392 [1]:276473392 [2]:0 [3]:52
[0]:277818366 [1]:277818371 [2]:0 [3]:13
[0]:279192610 [1]:279192619 [2]:0 [3]:16
[0]:280449448 [1]:280449456 [2]:0 [3]:56
[0]:281653487 [1]:281653529 [2]:0 [3]:52
[0]:282783095 [1]:282783132 [2]:0 [3]:56
[0]:283889771 [1]:283889785 [2]:0 [3]:14
[0]:285016493 [1]:285016494 [2]:0 [3]:18
[0]:286172190 [1]:286172204 [2]:0 [3]:13
[0]:287356805 [1]:287356834 [2]:0 [3]:54
[0]:288530750 [1]:288530762 [2]:0 [3]:51
[0]:289733387 [1]:289733385 [2]:0 [3]:55
[0]:290865268 [1]:290865321 [2]:0 [3]:55
[0]:292045441 [1]:292045441 [2]:0 [3]:14
[0]:293249136 [1]:293249140 [2]:0 [3]:13
[0]:294479470 [1]:294479489 [2]:0 [3]:60
[0]:295636566 [1]:295636566 [2]:0 [3]:17
[0]:296925453 [1]:296925458 [2]:0 [3]:15
[0]:298343344 [1]:298343345 [2]:0 [3]:14
[0]:299785543 [1]:299785557 [2]:0 [3]:16
[0]:301157201 [1]:301157210 [2]:0 [3]:12
[0]:302552029 [1]:302552082 [2]:0 [3]:50
[0]:303801410 [1]:303801413 [2]:0 [3]:17
[0]:305097166 [1]:305097181 [2]:0 [3]:13
[0]:306310870 [1]:306310872 [2]:0 [3]:50
[0]:307610961 [1]:307610962 [2]:0 [3]:54
[0]:308914745 [1]:308914763 [2]:0 [3]:13
[0]:310171204 [1]:310171208 [2]:0 [3]:50
[0]:311423236 [1]:311423240 [2]:0 [3]:19
[0]:312726474 [1]:312726489 [2]:0 [3]:18
[0]:314007328 [1]:314007330 [2]:0 [3]:17
[0]:315255560 [1]:315255560 [2]:0 [3]:13
[0]:316533419 [1]:316533425 [2]:0 [3]:13
[0]:317778373 [1]:317778375 [2]:0 [3]:47
[0]:319034122 [1]:319034144 [2]:0 [3]:59
[0]:320686749 [1]:320686754 [2]:0 [3]:20
[0]:321937177 [1]:321937178 [2]:0 [3]:14
[0]:323164901 [1]:323164905 [2]:0 [3]:52
[0]:324339793 [1]:324339799 [2]:0 [3]:53
[0]:325474359 [1]:325474370 [2]:0 [3]:17
[0]:326608086 [1]:326608131 [2]:0 [3]:10
[0]:327760602 [1]:327760602 [2]:0 [3]:54
[0]:328939154 [1]:328939191 [2]:0 [3]:14
[0]:330043892 [1]:330043892 [2]:0 [3]:19
[0]:331198012 [1]:331198014 [2]:0 [3]:19
[0]:332625480 [1]:332625486 [2]:0 [3]:12
[0]:333805672 [1]:333805678 [2]:0 [3]:16
[0]:335163381 [1]:335163384 [2]:0 [3]:19
[0]:336376647 [1]:336376647 [2]:0 [3]:17
[0]:337633794 [1]:337633799 [2]:0 [3]:11
[0]:338792555 [1]:338792582 [2]:0 [3]:15
[0]:339990374 [1]:339990378 [2]:0 [3]:13
[0]:341376679 [1]:341376728 [2]:0 [3]:53
[0]:343165541 [1]:343165541 [2]:0 [3]:17
[0]:344347762 [1]:344347762 [2]:0 [3]:55
[0]:345553063 [1]:345553067 [2]:0 [3]:14
[0]:346725125 [1]:346725150 [2]:0 [3]:47
[0]:347873360 [1]:347873391 [2]:0 [3]:9
[0]:348991497 [1]:348991498 [2]:0 [3]:14
[0]:350158931 [1]:350158941 [2]:0 [3]:19
[0]:351324628 [1]:351324629 [2]:0 [3]:15
[0]:352459500 [1]:352459496 [2]:0 [3]:52
[0]:353581831 [1]:353581862 [2]:0 [3]:12
[0]:354539235 [1]:354539235 [2]:0 [3]:55
[0]:355562734 [1]:355562758 [2]:0 [3]:12
[0]:356602419 [1]:356602419 [2]:0 [3]:59
[0]:357615017 [1]:357615020 [2]:0 [3]:49
[0]:358616691 [1]:358616730 [2]:0 [3]:4
[0]:359667710 [1]:359667710 [2]:0 [3]:52
[0]:360972147 [1]:360972146 [2]:0 [3]:15
[0]:362297682 [1]:362297682 [2]:0 [3]:12
[0]:363468948 [1]:363468949 [2]:0 [3]:14
[0]:364682612 [1]:364682613 [2]:0 [3]:9
[0]:365842711 [1]:365842714 [2]:0 [3]:7
[0]:367020260 [1]:367020267 [2]:0 [3]:16
[0]:368197815 [1]:368197815 [2]:0 [3]:15
[0]:369376380 [1]:369376380 [2]:0 [3]:51
[0]:370591845 [1]:370591848 [2]:0 [3]:11
[0]:371679468 [1]:371679479 [2]:0 [3]:48
[0]:373038184 [1]:373038184 [2]:0 [3]:14
[0]:374203179 [1]:374203205 [2]:0 [3]:45
[0]:375487802 [1]:375487802 [2]:0 [3]:14
[0]:376647527 [1]:376647533 [2]:0 [3]:17
[0]:377839827 [1]:377839827 [2]:0 [3]:53
[0]:379003786 [1]:379003806 [2]:0 [3]:11
[0]:380154099 [1]:380154099 [2]:0 [3]:50
[0]:381373199 [1]:381373240 [2]:0 [3]:7
[0]:382499830 [1]:382499830 [2]:0 [3]:52
[0]:383694603 [1]:383694630 [2]:0 [3]:9
[0]:384745935 [1]:384745941 [2]:0 [3]:15
[0]:385777624 [1]:385777624 [2]:0 [3]:11
[0]:386815877 [1]:386815877 [2]:0 [3]:12
[0]:387868338 [1]:387868340 [2]:0 [3]:11
[0]:388990834 [1]:388990838 [2]:0 [3]:48
[0]:390053598 [1]:390053619 [2]:0 [3]:14
[0]:391103502 [1]:391103539 [2]:0 [3]:6
[0]:392209709 [1]:392209751 [2]:0 [3]:10
[0]:393270627 [1]:393270632 [2]:0 [3]:11
[0]:394258232 [1]:394258231 [2]:0 [3]:27
[0]:395284168 [1]:395284170 [2]:0 [3]:12
[0]:396342171 [1]:396342171 [2]:0 [3]:46
[0]:397360880 [1]:397360892 [2]:0 [3]:9
[0]:398411129 [1]:398411149 [2]:0 [3]:47
[0]:399630699 [1]:399630699 [2]:0 [3]:50
[0]:400967123 [1]:400967123 [2]:0 [3]:50
[0]:402227674 [1]:402227677 [2]:0 [3]:10
[0]:403298975 [1]:403298995 [2]:0 [3]:52
[0]:404354112 [1]:404354116 [2]:0 [3]:8
[0]:405542610 [1]:405542618 [2]:0 [3]:17
[0]:406557291 [1]:406557292 [2]:0 [3]:10
[0]:407544630 [1]:407544641 [2]:0 [3]:14
[0]:408540259 [1]:408540261 [2]:0 [3]:15
[0]:409560364 [1]:409560374 [2]:0 [3]:10
[0]:410630283 [1]:410630286 [2]:0 [3]:11
[0]:411642907 [1]:411642952 [2]:0 [3]:49
[0]:412698495 [1]:412698496 [2]:0 [3]:49
[0]:413731132 [1]:413731150 [2]:0 [3]:48
[0]:414771301 [1]:414771303 [2]:0 [3]:14
[0]:415831155 [1]:415831155 [2]:0 [3]:50
[0]:416904987 [1]:416904989 [2]:0 [3]:12
[0]:418051237 [1]:418051243 [2]:0 [3]:12
[0]:419317561 [1]:419317560 [2]:0 [3]:15
[0]:420571925 [1]:420571963 [2]:0 [3]:13
[0]:421929951 [1]:421929953 [2]:0 [3]:11
[0]:423264754 [1]:423264761 [2]:0 [3]:14
[0]:424453167 [1]:424453167 [2]:0 [3]:47
[0]:425722585 [1]:425722588 [2]:0 [3]:10
[0]:426876719 [1]:426876713 [2]:0 [3]:12
[0]:428037280 [1]:428037292 [2]:0 [3]:10
[0]:429211597 [1]:429211599 [2]:0 [3]:15
[0]:430378086 [1]:430378100 [2]:0 [3]:13
[0]:431494155 [1]:431494155 [2]:0 [3]:51
[0]:432688320 [1]:432688317 [2]:0 [3]:11
[0]:433909296 [1]:433909293 [2]:0 [3]:51
[0]:435141025 [1]:435141025 [2]:0 [3]:47
[0]:436332948 [1]:436332944 [2]:0 [3]:50
[0]:437451982 [1]:437451993 [2]:0 [3]:14
[0]:438620875 [1]:438620877 [2]:0 [3]:10
[0]:439820894 [1]:439820895 [2]:0 [3]:10
[0]:440923053 [1]:440923060 [2]:0 [3]:10
[0]:442001459 [1]:442001466 [2]:0 [3]:14
[0]:443071953 [1]:443071962 [2]:0 [3]:15
[0]:444119860 [1]:444119864 [2]:0 [3]:21
[0]:445155656 [1]:445155657 [2]:0 [3]:40
[0]:446192451 [1]:446192450 [2]:0 [3]:12
[0]:447218881 [1]:447218886 [2]:0 [3]:14
[0]:448263766 [1]:448263762 [2]:0 [3]:18
[0]:449377258 [1]:449377264 [2]:0 [3]:12
[0]:450466919 [1]:450466920 [2]:0 [3]:13
[0]:451675736 [1]:451675742 [2]:0 [3]:11
[0]:452912873 [1]:452912881 [2]:0 [3]:48
[0]:454078899 [1]:454078906 [2]:0 [3]:17
[0]:455240339 [1]:455240339 [2]:0 [3]:16
[0]:456326244 [1]:456326256 [2]:0 [3]:49
[0]:457456045 [1]:457456045 [2]:0 [3]:7
[0]:458818820 [1]:458818860 [2]:0 [3]:10
[0]:460091258 [1]:460091263 [2]:0 [3]:30
[0]:461258074 [1]:461258118 [2]:0 [3]:10
[0]:462319693 [1]:462319757 [2]:0 [3]:10
[0]:463494501 [1]:463494503 [2]:0 [3]:39
[0]:464536241 [1]:464536251 [2]:0 [3]:11
[0]:465665066 [1]:465665066 [2]:0 [3]:46
[0]:466697553 [1]:466697581 [2]:0 [3]:12
[0]:467759295 [1]:467759295 [2]:0 [3]:12
[0]:468818960 [1]:468818972 [2]:0 [3]:11
[0]:469887726 [1]:469887729 [2]:0 [3]:24
[0]:471021040 [1]:471021079 [2]:0 [3]:12
[0]:472060243 [1]:472060243 [2]:0 [3]:53
[0]:473160261 [1]:473160264 [2]:0 [3]:16
[0]:474203650 [1]:474203655 [2]:0 [3]:9
[0]:475244485 [1]:475244494 [2]:0 [3]:48
[0]:476413879 [1]:476413883 [2]:0 [3]:14
[0]:477749261 [1]:477749264 [2]:0 [3]:29
[0]:479243627 [1]:479243627 [2]:0 [3]:49
[0]:480521873 [1]:480521892 [2]:0 [3]:48
[0]:481661820 [1]:481661822 [2]:0 [3]:52
[0]:482859982 [1]:482859984 [2]:0 [3]:16
[0]:484073854 [1]:484073896 [2]:0 [3]:8
[0]:485223674 [1]:485223674 [2]:0 [3]:14
[0]:486385508 [1]:486385512 [2]:0 [3]:49
[0]:487556583 [1]:487556600 [2]:0 [3]:56
[0]:488727083 [1]:488727083 [2]:0 [3]:54
[0]:489921674 [1]:489921672 [2]:0 [3]:51
[0]:491068510 [1]:491068514 [2]:0 [3]:53
[0]:492263982 [1]:492263982 [2]:0 [3]:45
[0]:493429002 [1]:493429008 [2]:0 [3]:15
[0]:494761455 [1]:494761457 [2]:0 [3]:57
[0]:495898674 [1]:495898680 [2]:0 [3]:13
[0]:497112527 [1]:497112526 [2]:0 [3]:13
[0]:498236265 [1]:498236281 [2]:0 [3]:14
[0]:499376123 [1]:499376146 [2]:0 [3]:11
[0]:500408738 [1]:500408758 [2]:0 [3]:23
[0]:501477732 [1]:501477737 [2]:0 [3]:10
[0]:502465954 [1]:502465954 [2]:0 [3]:14
[0]:503554456 [1]:503554469 [2]:0 [3]:8
[0]:504642881 [1]:504642874 [2]:0 [3]:9
[0]:505733069 [1]:505733072 [2]:0 [3]:13
[0]:506902904 [1]:506902987 [2]:0 [3]:8
[0]:507937924 [1]:507937924 [2]:0 [3]:32
[0]:508985003 [1]:508985010 [2]:0 [3]:12
[0]:510004201 [1]:510004201 [2]:0 [3]:10
[0]:511062101 [1]:511062108 [2]:0 [3]:10
[0]:512085035 [1]:512085035 [2]:0 [3]:56
[0]:513144443 [1]:513144449 [2]:0 [3]:12
[0]:514189923 [1]:514189933 [2]:0 [3]:9
[0]:515216522 [1]:515216522 [2]:0 [3]:12
[0]:516463361 [1]:516463366 [2]:0 [3]:16
[0]:517769597 [1]:517769597 [2]:0 [3]:11
[0]:518936157 [1]:518936169 [2]:0 [3]:58
[0]:520071318 [1]:520071324 [2]:0 [3]:12
[0]:521134401 [1]:521134405 [2]:0 [3]:24
[0]:523556047 [1]:523556052 [2]:0 [3]:15
[0]:524734804 [1]:524734816 [2]:0 [3]:53
[0]:525859909 [1]:525859906 [2]:0 [3]:15
[0]:527019114 [1]:527019198 [2]:0 [3]:13
[0]:528222603 [1]:528222599 [2]:0 [3]:15
[0]:529352645 [1]:529352649 [2]:0 [3]:16
[0]:530530534 [1]:530530534 [2]:0 [3]:57
[0]:531656731 [1]:531656731 [2]:0 [3]:12
[0]:532804847 [1]:532804847 [2]:0 [3]:18
[0]:533942222 [1]:533942222 [2]:0 [3]:20
[0]:535215463 [1]:535215476 [2]:0 [3]:10
[0]:536584247 [1]:536584251 [2]:0 [3]:17
[0]:538007668 [1]:538007681 [2]:0 [3]:58
[0]:539462382 [1]:539462382 [2]:0 [3]:14
[0]:540900672 [1]:540900672 [2]:0 [3]:53
[0]:542324340 [1]:542324350 [2]:0 [3]:19
[0]:543607158 [1]:543607164 [2]:0 [3]:15
[0]:544882749 [1]:544882766 [2]:0 [3]:7
[0]:546130933 [1]:546130951 [2]:0 [3]:11
[0]:547423139 [1]:547423140 [2]:0 [3]:16
[0]:548674087 [1]:548674085 [2]:0 [3]:12
[0]:549952430 [1]:549952433 [2]:0 [3]:52
[0]:551340332 [1]:551340332 [2]:0 [3]:58
[0]:552622882 [1]:552622891 [2]:0 [3]:13
[0]:553976368 [1]:553976370 [2]:0 [3]:18
[0]:555255767 [1]:555255762 [2]:0 [3]:14
[0]:556535720 [1]:556535722 [2]:0 [3]:13
[0]:557892216 [1]:557892230 [2]:0 [3]:54
[0]:559173333 [1]:559173341 [2]:0 [3]:13
[0]:560474166 [1]:560474174 [2]:0 [3]:17
[0]:561733594 [1]:561733594 [2]:0 [3]:15
[0]:562912429 [1]:562912535 [2]:0 [3]:50
[0]:564065495 [1]:564065505 [2]:0 [3]:57
[0]:565220997 [1]:565221003 [2]:0 [3]:21
[0]:566349511 [1]:566349518 [2]:0 [3]:54
[0]:567480397 [1]:567480403 [2]:0 [3]:16
[0]:568599426 [1]:568599441 [2]:0 [3]:16
[0]:569763031 [1]:569763041 [2]:0 [3]:17
[0]:570869590 [1]:570869598 [2]:0 [3]:51
[0]:572019175 [1]:572019176 [2]:0 [3]:15
[0]:573151576 [1]:573151602 [2]:0 [3]:58
[0]:574350480 [1]:574350484 [2]:0 [3]:24
[0]:575565529 [1]:575565531 [2]:0 [3]:16
[0]:576706741 [1]:576706745 [2]:0 [3]:14
[0]:577821194 [1]:577821197 [2]:0 [3]:50
[0]:579125902 [1]:579125908 [2]:0 [3]:16
[0]:580842060 [1]:580842061 [2]:0 [3]:15
[0]:582329741 [1]:582329740 [2]:0 [3]:50
[0]:583508807 [1]:583508809 [2]:0 [3]:52
[0]:584682252 [1]:584682254 [2]:0 [3]:49
[0]:586113924 [1]:586113940 [2]:0 [3]:13
[0]:587263295 [1]:587263296 [2]:0 [3]:63
[0]:588378660 [1]:588378675 [2]:0 [3]:18
[0]:589539950 [1]:589539953 [2]:0 [3]:20
[0]:590665651 [1]:590665651 [2]:0 [3]:12
[0]:591935625 [1]:591935625 [2]:0 [3]:52
[0]:593072178 [1]:593072178 [2]:0 [3]:53
[0]:594223320 [1]:594223322 [2]:0 [3]:57
[0]:595329767 [1]:595329771 [2]:0 [3]:50
[0]:596483667 [1]:596483674 [2]:0 [3]:61
[0]:597663288 [1]:597663292 [2]:0 [3]:52
[0]:598793215 [1]:598793224 [2]:0 [3]:13
[0]:600271844 [1]:600271851 [2]:0 [3]:18
[0]:601767404 [1]:601767409 [2]:0 [3]:20
[0]:603163751 [1]:603163755 [2]:0 [3]:17
[0]:604463665 [1]:604463667 [2]:0 [3]:20
[0]:605866961 [1]:605866989 [2]:0 [3]:59
[0]:607193790 [1]:607193821 [2]:0 [3]:51
[0]:608524429 [1]:608524436 [2]:0 [3]:13
[0]:609805008 [1]:609805016 [2]:0 [3]:14
[0]:611135230 [1]:611135251 [2]:0 [3]:17
[0]:612415480 [1]:612415488 [2]:0 [3]:49
[0]:613670721 [1]:613670723 [2]:0 [3]:19
[0]:615075503 [1]:615075507 [2]:0 [3]:9
[0]:616405463 [1]:616405471 [2]:0 [3]:17
[0]:617681274 [1]:617681279 [2]:0 [3]:15
[0]:618941079 [1]:618941079 [2]:0 [3]:65
[0]:620222475 [1]:620222506 [2]:0 [3]:13
[0]:621523258 [1]:621523260 [2]:0 [3]:15
[0]:623111142 [1]:623111143 [2]:0 [3]:14
[0]:624362422 [1]:624362426 [2]:0 [3]:17
[0]:625843765 [1]:625843765 [2]:0 [3]:17
[0]:626985017 [1]:626985026 [2]:0 [3]:59
[0]:628126040 [1]:628126078 [2]:0 [3]:14
[0]:629429655 [1]:629429695 [2]:0 [3]:51
[0]:630684639 [1]:630684647 [2]:0 [3]:15
[0]:632129539 [1]:632129540 [2]:0 [3]:15
[0]:633269376 [1]:633269388 [2]:0 [3]:55
[0]:634397951 [1]:634397962 [2]:0 [3]:16
[0]:635529047 [1]:635529047 [2]:0 [3]:19
[0]:636656748 [1]:636656746 [2]:0 [3]:19
[0]:637827369 [1]:637827370 [2]:0 [3]:16
[0]:638938688 [1]:638938688 [2]:0 [3]:56
[0]:640054908 [1]:640054919 [2]:0 [3]:17
[0]:641405377 [1]:641405378 [2]:0 [3]:20
[0]:642561630 [1]:642561635 [2]:0 [3]:50
[0]:644199151 [1]:644199159 [2]:0 [3]:13
[0]:645689542 [1]:645689536 [2]:0 [3]:14
[0]:646897357 [1]:646897363 [2]:0 [3]:17
[0]:648123409 [1]:648123416 [2]:0 [3]:14
[0]:649276890 [1]:649276889 [2]:0 [3]:52
[0]:650408326 [1]:650408328 [2]:0 [3]:17
[0]:651739029 [1]:651739033 [2]:0 [3]:13
[0]:652918840 [1]:652918850 [2]:0 [3]:19
[0]:654076548 [1]:654076548 [2]:0 [3]:24
[0]:655225612 [1]:655225613 [2]:0 [3]:16
[0]:656663750 [1]:656663766 [2]:0 [3]:8
[0]:657786960 [1]:657786967 [2]:0 [3]:17
[0]:658931360 [1]:658931360 [2]:0 [3]:51
[0]:660069975 [1]:660069984 [2]:0 [3]:17
[0]:661126994 [1]:661126995 [2]:0 [3]:16
[0]:662340084 [1]:662340084 [2]:0 [3]:13
[0]:663573996 [1]:663573998 [2]:0 [3]:17
[0]:665154135 [1]:665154154 [2]:0 [3]:19
[0]:666669926 [1]:666669925 [2]:0 [3]:19
[0]:668102429 [1]:668102434 [2]:0 [3]:18
[0]:669427558 [1]:669427559 [2]:0 [3]:12
[0]:670986344 [1]:670986346 [2]:0 [3]:16
[0]:672269368 [1]:672269373 [2]:0 [3]:18
[0]:673576057 [1]:673576059 [2]:0 [3]:60
[0]:674882835 [1]:674882840 [2]:0 [3]:56
[0]:676162826 [1]:676162878 [2]:0 [3]:57
[0]:677417826 [1]:677417829 [2]:0 [3]:16
[0]:678704231 [1]:678704256 [2]:0 [3]:14
[0]:680026888 [1]:680026890 [2]:0 [3]:16
[0]:681435667 [1]:681435669 [2]:0 [3]:11
[0]:682788170 [1]:682788259 [2]:0 [3]:20
[0]:684124223 [1]:684124263 [2]:0 [3]:10
[0]:685445780 [1]:685445783 [2]:0 [3]:56
[0]:686731784 [1]:686731782 [2]:0 [3]:10
[0]:688085226 [1]:688085227 [2]:0 [3]:15
[0]:689389680 [1]:689389684 [2]:0 [3]:15
[0]:690624199 [1]:690624206 [2]:0 [3]:17
[0]:691777347 [1]:691777370 [2]:0 [3]:56
[0]:693196919 [1]:693196925 [2]:0 [3]:16
[0]:694349663 [1]:694349669 [2]:0 [3]:16
[0]:695489023 [1]:695489023 [2]:0 [3]:14
[0]:696608852 [1]:696608853 [2]:0 [3]:17
[0]:697797878 [1]:697797878 [2]:0 [3]:18
[0]:698951404 [1]:698951407 [2]:0 [3]:20
[0]:700118256 [1]:700118311 [2]:0 [3]:48
[0]:701310419 [1]:701310425 [2]:0 [3]:17
[0]:702459137 [1]:702459141 [2]:0 [3]:17
[0]:703768063 [1]:703768062 [2]:0 [3]:18
[0]:704922334 [1]:704922358 [2]:0 [3]:17
[0]:706080184 [1]:706080204 [2]:0 [3]:16
[0]:707222115 [1]:707222119 [2]:0 [3]:54
[0]:708684465 [1]:708684469 [2]:0 [3]:54
[0]:710031532 [1]:710031624 [2]:0 [3]:11
[0]:711450316 [1]:711450324 [2]:0 [3]:28
[0]:712534396 [1]:712534435 [2]:0 [3]:6
[0]:713579635 [1]:713579642 [2]:0 [3]:13
[0]:714574433 [1]:714574433 [2]:0 [3]:55
[0]:715606798 [1]:715606807 [2]:0 [3]:9
[0]:716651148 [1]:716651151 [2]:0 [3]:13
[0]:717694485 [1]:717694489 [2]:0 [3]:47
[0]:718724108 [1]:718724118 [2]:0 [3]:11
[0]:719735270 [1]:719735276 [2]:0 [3]:18
[0]:720887156 [1]:720887213 [2]:0 [3]:10
[0]:721942285 [1]:721942294 [2]:0 [3]:12
[0]:722990456 [1]:722990457 [2]:0 [3]:11
[0]:724010136 [1]:724010159 [2]:0 [3]:8
[0]:725038561 [1]:725038561 [2]:0 [3]:53
[0]:726081439 [1]:726081457 [2]:0 [3]:15
[0]:727230627 [1]:727230640 [2]:0 [3]:13
[0]:728568116 [1]:728568119 [2]:0 [3]:10
[0]:729876541 [1]:729876568 [2]:0 [3]:15
[0]:731157579 [1]:731157601 [2]:0 [3]:10
[0]:732511822 [1]:732511822 [2]:0 [3]:49
[0]:733759886 [1]:733759886 [2]:0 [3]:46
[0]:734958489 [1]:734958498 [2]:0 [3]:13
[0]:736103673 [1]:736103674 [2]:0 [3]:12
[0]:737256560 [1]:737256560 [2]:0 [3]:12
[0]:738438769 [1]:738438769 [2]:0 [3]:58
[0]:739691201 [1]:739691205 [2]:0 [3]:10
[0]:740833306 [1]:740833316 [2]:0 [3]:12
[0]:741967899 [1]:741967899 [2]:0 [3]:13
[0]:743145407 [1]:743145409 [2]:0 [3]:49
[0]:744339969 [1]:744339969 [2]:0 [3]:55
[0]:745533545 [1]:745533551 [2]:0 [3]:12
[0]:746729794 [1]:746729808 [2]:0 [3]:9
[0]:748161028 [1]:748161031 [2]:0 [3]:10
[0]:749350362 [1]:749350362 [2]:0 [3]:8
[0]:750390190 [1]:750390200 [2]:0 [3]:56
[0]:751446759 [1]:751446775 [2]:0 [3]:15
[0]:752546784 [1]:752546785 [2]:0 [3]:58
[0]:753630601 [1]:753630588 [2]:0 [3]:15
[0]:754661222 [1]:754661227 [2]:0 [3]:46
[0]:755704856 [1]:755704858 [2]:0 [3]:15
[0]:756760007 [1]:756760003 [2]:0 [3]:11
[0]:757818984 [1]:757818984 [2]:0 [3]:55
[0]:758902833 [1]:758902854 [2]:0 [3]:12
[0]:759900470 [1]:759900473 [2]:0 [3]:48
[0]:760973780 [1]:760973781 [2]:0 [3]:13
[0]:762178465 [1]:762178469 [2]:0 [3]:9
[0]:763240337 [1]:763240342 [2]:0 [3]:21
[0]:764294033 [1]:764294036 [2]:0 [3]:12
[0]:765322760 [1]:765322763 [2]:0 [3]:16
[0]:766529161 [1]:766529161 [2]:0 [3]:49
[0]:768157856 [1]:768157868 [2]:0 [3]:51
[0]:769363814 [1]:769363814 [2]:0 [3]:44
[0]:770765712 [1]:770765715 [2]:0 [3]:17
[0]:771830214 [1]:771830216 [2]:0 [3]:14
[0]:772891941 [1]:772891947 [2]:0 [3]:10
[0]:773955324 [1]:773955330 [2]:0 [3]:49
[0]:775067981 [1]:775067983 [2]:0 [3]:23
[0]:776087582 [1]:776087583 [2]:0 [3]:12
[0]:777109405 [1]:777109405 [2]:0 [3]:53
[0]:778271811 [1]:778271825 [2]:0 [3]:14
[0]:779359829 [1]:779359832 [2]:0 [3]:11
[0]:780472988 [1]:780472983 [2]:0 [3]:11
[0]:781585705 [1]:781585706 [2]:0 [3]:41
[0]:782640360 [1]:782640360 [2]:0 [3]:50
[0]:783732061 [1]:783732065 [2]:0 [3]:51
[0]:784807598 [1]:784807609 [2]:0 [3]:13
[0]:786060128 [1]:786060128 [2]:0 [3]:9
[0]:787413246 [1]:787413246 [2]:0 [3]:49
[0]:788629170 [1]:788629178 [2]:0 [3]:9
[0]:789830113 [1]:789830115 [2]:0 [3]:47
[0]:790995102 [1]:790995102 [2]:0 [3]:13
[0]:792144537 [1]:792144544 [2]:0 [3]:14
[0]:793333420 [1]:793333422 [2]:0 [3]:15
[0]:794507011 [1]:794507009 [2]:0 [3]:49
[0]:795690454 [1]:795690470 [2]:0 [3]:55
[0]:796781126 [1]:796781139 [2]:0 [3]:13
[0]:797948558 [1]:797948572 [2]:0 [3]:16
[0]:799216106 [1]:799216111 [2]:0 [3]:15
[0]:800371823 [1]:800371824 [2]:0 [3]:53
[0]:801579275 [1]:801579276 [2]:0 [3]:11
[0]:802741026 [1]:802741026 [2]:0 [3]:12
[0]:803931273 [1]:803931307 [2]:0 [3]:51
[0]:805101180 [1]:805101182 [2]:0 [3]:12
[0]:806269216 [1]:806269217 [2]:0 [3]:8
[0]:807452175 [1]:807452179 [2]:0 [3]:49
[0]:808633314 [1]:808633314 [2]:0 [3]:53
[0]:809685116 [1]:809685117 [2]:0 [3]:17
[0]:810759283 [1]:810759284 [2]:0 [3]:11
[0]:811836554 [1]:811836557 [2]:0 [3]:12
[0]:812894900 [1]:812894911 [2]:0 [3]:12
[0]:813982073 [1]:813982085 [2]:0 [3]:10
[0]:815076965 [1]:815076976 [2]:0 [3]:46
[0]:816141883 [1]:816141883 [2]:0 [3]:51
[0]:817202527 [1]:817202533 [2]:0 [3]:13
[0]:818254785 [1]:818254799 [2]:0 [3]:10
[0]:819282674 [1]:819282676 [2]:0 [3]:9
[0]:820491710 [1]:820491717 [2]:0 [3]:14
[0]:821576653 [1]:821576666 [2]:0 [3]:38
[0]:822668249 [1]:822668299 [2]:0 [3]:15
[0]:823720008 [1]:823720035 [2]:0 [3]:46
[0]:824905562 [1]:824905585 [2]:0 [3]:16
[0]:826305509 [1]:826305504 [2]:0 [3]:13
[0]:827439140 [1]:827439143 [2]:0 [3]:12
[0]:828525956 [1]:828525967 [2]:0 [3]:16
[0]:829533002 [1]:829533016 [2]:0 [3]:13
[0]:830582729 [1]:830582736 [2]:0 [3]:11
[0]:831709590 [1]:831709598 [2]:0 [3]:49
[0]:832772021 [1]:832772027 [2]:0 [3]:13
[0]:833832218 [1]:833832225 [2]:0 [3]:11
[0]:834895530 [1]:834895546 [2]:0 [3]:14
[0]:835973102 [1]:835973103 [2]:0 [3]:14
[0]:836981889 [1]:836981889 [2]:0 [3]:51
[0]:837988920 [1]:837988924 [2]:0 [3]:50
[0]:839050466 [1]:839050497 [2]:0 [3]:9
[0]:840296089 [1]:840296093 [2]:0 [3]:11
[0]:841339746 [1]:841339753 [2]:0 [3]:53
[0]:842389455 [1]:842389455 [2]:0 [3]:11
[0]:843605009 [1]:843605002 [2]:0 [3]:12
[0]:844958472 [1]:844958475 [2]:0 [3]:10
[0]:846307762 [1]:846307773 [2]:0 [3]:13
[0]:847504720 [1]:847504723 [2]:0 [3]:42
[0]:848694104 [1]:848694105 [2]:0 [3]:16
[0]:849891818 [1]:849891839 [2]:0 [3]:13
[0]:851092850 [1]:851092852 [2]:0 [3]:57
[0]:852283445 [1]:852283445 [2]:0 [3]:11
[0]:853429621 [1]:853429621 [2]:0 [3]:16
[0]:854629425 [1]:854629422 [2]:0 [3]:49
[0]:855795242 [1]:855795242 [2]:0 [3]:12
[0]:857187704 [1]:857187716 [2]:0 [3]:22
[0]:858369713 [1]:858369715 [2]:0 [3]:52
[0]:859550967 [1]:859550985 [2]:0 [3]:53
[0]:860744681 [1]:860744681 [2]:0 [3]:50
[0]:861964002 [1]:861964078 [2]:0 [3]:8
[0]:863086551 [1]:863086560 [2]:0 [3]:50
[0]:864259505 [1]:864259505 [2]:0 [3]:48
[0]:865476020 [1]:865476092 [2]:0 [3]:11
[0]:866910559 [1]:866910659 [2]:0 [3]:8
[0]:867952076 [1]:867952119 [2]:0 [3]:16
[0]:868965415 [1]:868965434 [2]:0 [3]:14
[0]:869995463 [1]:869995470 [2]:0 [3]:12
[0]:870974218 [1]:870974214 [2]:0 [3]:10
[0]:872027481 [1]:872027483 [2]:0 [3]:12
[0]:873280682 [1]:873280690 [2]:0 [3]:15
[0]:874321040 [1]:874321040 [2]:0 [3]:50
[0]:875399342 [1]:875399354 [2]:0 [3]:50
[0]:876427389 [1]:876427403 [2]:0 [3]:14
[0]:877449092 [1]:877449095 [2]:0 [3]:51
[0]:878499539 [1]:878499555 [2]:0 [3]:10
[0]:879563137 [1]:879563137 [2]:0 [3]:49
[0]:880588748 [1]:880588754 [2]:0 [3]:12
[0]:881712357 [1]:881712357 [2]:0 [3]:17
[0]:883042975 [1]:883042975 [2]:0 [3]:18
[0]:884486868 [1]:884486871 [2]:0 [3]:15
[0]:886212824 [1]:886212827 [2]:0 [3]:52
[0]:887535987 [1]:887535993 [2]:0 [3]:16
[0]:888697891 [1]:888697896 [2]:0 [3]:13
[0]:890126825 [1]:890126832 [2]:0 [3]:10
[0]:891282301 [1]:891282308 [2]:0 [3]:13
[0]:892590173 [1]:892590184 [2]:0 [3]:13
[0]:893756531 [1]:893756530 [2]:0 [3]:11
[0]:894890578 [1]:894890593 [2]:0 [3]:19
[0]:896048584 [1]:896048584 [2]:0 [3]:20
[0]:897188920 [1]:897188921 [2]:0 [3]:12
[0]:898331478 [1]:898331491 [2]:0 [3]:53
[0]:899510179 [1]:899510195 [2]:0 [3]:12
[0]:900666248 [1]:900666253 [2]:0 [3]:15
[0]:901827151 [1]:901827149 [2]:0 [3]:18
[0]:902969399 [1]:902969399 [2]:0 [3]:17
[0]:904337046 [1]:904337049 [2]:0 [3]:11
[0]:905784764 [1]:905784774 [2]:0 [3]:18
[0]:907096036 [1]:907096072 [2]:0 [3]:16
[0]:908418596 [1]:908418599 [2]:0 [3]:51
[0]:909751532 [1]:909751532 [2]:0 [3]:48
[0]:911003333 [1]:911003330 [2]:0 [3]:50
[0]:912309937 [1]:912309937 [2]:0 [3]:13
[0]:913639158 [1]:913639162 [2]:0 [3]:54
[0]:914908849 [1]:914908859 [2]:0 [3]:15
[0]:916133508 [1]:916133512 [2]:0 [3]:16
[0]:917326840 [1]:917326872 [2]:0 [3]:50
[0]:918659902 [1]:918659909 [2]:0 [3]:17
[0]:919913534 [1]:919913545 [2]:0 [3]:23
[0]:921217722 [1]:921217731 [2]:0 [3]:19
[0]:922548028 [1]:922548024 [2]:0 [3]:18
[0]:923828215 [1]:923828224 [2]:0 [3]:50
[0]:925259449 [1]:925259455 [2]:0 [3]:10
[0]:926614646 [1]:926614646 [2]:0 [3]:10
[0]:927858586 [1]:927858592 [2]:0 [3]:13
[0]:929069817 [1]:929069816 [2]:0 [3]:18
[0]:930225238 [1]:930225238 [2]:0 [3]:52
[0]:931478521 [1]:931478521 [2]:0 [3]:20
[0]:932614200 [1]:932614197 [2]:0 [3]:14
[0]:933898615 [1]:933898641 [2]:0 [3]:56
[0]:935054899 [1]:935054903 [2]:0 [3]:10
[0]:936199628 [1]:936199634 [2]:0 [3]:21
[0]:937323356 [1]:937323373 [2]:0 [3]:14
[0]:938452603 [1]:938452600 [2]:0 [3]:25
[0]:939639358 [1]:939639366 [2]:0 [3]:57
[0]:940768992 [1]:940769020 [2]:0 [3]:55
[0]:941948304 [1]:941948332 [2]:0 [3]:48
[0]:943126875 [1]:943126882 [2]:0 [3]:54
[0]:944380331 [1]:944380331 [2]:0 [3]:16
[0]:945557166 [1]:945557174 [2]:0 [3]:19
[0]:946820639 [1]:946820642 [2]:0 [3]:8
[0]:948251173 [1]:948251177 [2]:0 [3]:15
[0]:949751727 [1]:949751733 [2]:0 [3]:22
[0]:950915902 [1]:950915909 [2]:0 [3]:15
[0]:952090585 [1]:952090590 [2]:0 [3]:18
[0]:953263858 [1]:953263865 [2]:0 [3]:13
[0]:954391428 [1]:954391431 [2]:0 [3]:54
[0]:955548173 [1]:955548173 [2]:0 [3]:18
[0]:956702759 [1]:956702760 [2]:0 [3]:17
[0]:958205337 [1]:958205344 [2]:0 [3]:15
[0]:959312204 [1]:959312206 [2]:0 [3]:21
[0]:960466251 [1]:960466269 [2]:0 [3]:16
[0]:961874155 [1]:961874158 [2]:0 [3]:52
[0]:963058895 [1]:963058891 [2]:0 [3]:18
[0]:964206107 [1]:964206111 [2]:0 [3]:14
[0]:965334176 [1]:965334178 [2]:0 [3]:16
[0]:966490561 [1]:966490565 [2]:0 [3]:16
[0]:967760706 [1]:967760706 [2]:0 [3]:18
[0]:969140265 [1]:969140271 [2]:0 [3]:53
[0]:970594427 [1]:970594426 [2]:0 [3]:15
[0]:972211691 [1]:972211691 [2]:0 [3]:53
[0]:973516688 [1]:973516689 [2]:0 [3]:16
[0]:974793966 [1]:974793964 [2]:0 [3]:53
[0]:976038695 [1]:976038712 [2]:0 [3]:9
[0]:977309295 [1]:977309295 [2]:0 [3]:18
[0]:979040182 [1]:979040181 [2]:0 [3]:62
[0]:980325723 [1]:980325723 [2]:0 [3]:51
[0]:981657890 [1]:981657907 [2]:0 [3]:12
[0]:983006441 [1]:983006441 [2]:0 [3]:56
[0]:984306253 [1]:984306254 [2]:0 [3]:10
[0]:985533044 [1]:985533055 [2]:0 [3]:16
[0]:986973598 [1]:986973603 [2]:0 [3]:20
[0]:988251836 [1]:988251838 [2]:0 [3]:17
[0]:989580985 [1]:989580983 [2]:0 [3]:17
[0]:990863026 [1]:990863026 [2]:0 [3]:19
[0]:992119457 [1]:992119460 [2]:0 [3]:12
[0]:993477099 [1]:993477104 [2]:0 [3]:10
[0]:994676654 [1]:994676657 [2]:0 [3]:18
[0]:995849209 [1]:995849219 [2]:0 [3]:16
[0]:997086707 [1]:997086722 [2]:0 [3]:16
[0]:998305871 [1]:998305875 [2]:0 [3]:51
[0]:999520505 [1]:999520505 [2]:0 [3]:15
[0]:1000825735 [1]:1000825737 [2]:0 [3]:13
[0]:1001989571 [1]:1001989576 [2]:0 [3]:10
[0]:1003157795 [1]:1003157802 [2]:0 [3]:17
[0]:1004356867 [1]:1004356871 [2]:0 [3]:16
[0]:1005535184 [1]:1005535227 [2]:0 [3]:15
[0]:1006668115 [1]:1006668129 [2]:0 [3]:58
[0]:1007823689 [1]:1007823689 [2]:0 [3]:15
[0]:1008951959 [1]:1008951963 [2]:0 [3]:17
[0]:1010129214 [1]:1010129226 [2]:0 [3]:19
[0]:1011381619 [1]:1011381625 [2]:0 [3]:12
[0]:1013015924 [1]:1013015930 [2]:0 [3]:20
[0]:1014347436 [1]:1014347469 [2]:0 [3]:18
[0]:1015587092 [1]:1015587092 [2]:0 [3]:15
[0]:1016754603 [1]:1016754617 [2]:0 [3]:19
[0]:1017910135 [1]:1017910137 [2]:0 [3]:16
[0]:1019089504 [1]:1019089523 [2]:0 [3]:20
[0]:1020327927 [1]:1020327928 [2]:0 [3]:15
[0]:1021474454 [1]:1021474453 [2]:0 [3]:17
[0]:1022652932 [1]:1022652922 [2]:0 [3]:19
[0]:1024234937 [1]:1024234947 [2]:0 [3]:51
[0]:1025389464 [1]:1025389469 [2]:0 [3]:46
[0]:1026559445 [1]:1026559448 [2]:0 [3]:18
[0]:1027717044 [1]:1027717048 [2]:0 [3]:17
[0]:1028835684 [1]:1028835691 [2]:0 [3]:17
[0]:1030029777 [1]:1030029773 [2]:0 [3]:18
[0]:1031180000 [1]:1031180009 [2]:0 [3]:13
[0]:1032599264 [1]:1032599267 [2]:0 [3]:17
[0]:1034068248 [1]:1034068252 [2]:0 [3]:27
[0]:1035420893 [1]:1035420893 [2]:0 [3]:13
[0]:1036849502 [1]:1036849502 [2]:0 [3]:49
[0]:1038154730 [1]:1038154732 [2]:0 [3]:13
[0]:1039461754 [1]:1039461763 [2]:0 [3]:55
[0]:1040736675 [1]:1040736681 [2]:0 [3]:21
[0]:1042093629 [1]:1042093642 [2]:0 [3]:57
[0]:1043397601 [1]:1043397604 [2]:0 [3]:12
[0]:1044637373 [1]:1044637373 [2]:0 [3]:21
[0]:1045934672 [1]:1045934674 [2]:0 [3]:16
[0]:1047211019 [1]:1047211019 [2]:0 [3]:13
[0]:1048540962 [1]:1048540968 [2]:0 [3]:47
[0]:1049857769 [1]:1049857776 [2]:0 [3]:21
[0]:1051150500 [1]:1051150500 [2]:0 [3]:57
[0]:1052479705 [1]:1052479714 [2]:0 [3]:15
[0]:1053774860 [1]:1053774860 [2]:0 [3]:11
[0]:1055051958 [1]:1055051963 [2]:0 [3]:10
[0]:1056345543 [1]:1056345549 [2]:0 [3]:10
[0]:1057624267 [1]:1057624269 [2]:0 [3]:16
[0]:1058826823 [1]:1058826823 [2]:0 [3]:19
[0]:1059949731 [1]:1059949737 [2]:0 [3]:49
[0]:1061095556 [1]:1061095561 [2]:0 [3]:13
[0]:1062225845 [1]:1062225846 [2]:0 [3]:15
[0]:1063394040 [1]:1063394041 [2]:0 [3]:17
[0]:1064521087 [1]:1064521085 [2]:0 [3]:15
[0]:1066051096 [1]:1066051096 [2]:0 [3]:13
[0]:1067157827 [1]:1067157827 [2]:0 [3]:18
[0]:1068318512 [1]:1068318522 [2]:0 [3]:19
[0]:1069523905 [1]:1069523905 [2]:0 [3]:14
[0]:1070718018 [1]:1070718032 [2]:0 [3]:49
[0]:1071854403 [1]:1071854415 [2]:0 [3]:9
[0]:1072940502 [1]:1072940514 [2]:0 [3]:49
[0]:1074175935 [1]:1074175945 [2]:0 [3]:51
[0]:1075571536 [1]:1075571555 [2]:0 [3]:10
[0]:1076970891 [1]:1076970892 [2]:0 [3]:48
[0]:1078174593 [1]:1078174598 [2]:0 [3]:12
[0]:1079282121 [1]:1079282123 [2]:0 [3]:15
[0]:1080363258 [1]:1080363259 [2]:0 [3]:11
[0]:1081453125 [1]:1081453132 [2]:0 [3]:57
[0]:1082471850 [1]:1082471873 [2]:0 [3]:54
[0]:1083534322 [1]:1083534325 [2]:0 [3]:15
[0]:1084621847 [1]:1084621862 [2]:0 [3]:9
[0]:1085843839 [1]:1085843845 [2]:0 [3]:12
[0]:1086905115 [1]:1086905115 [2]:0 [3]:50
[0]:1088008863 [1]:1088008864 [2]:0 [3]:12
[0]:1089073987 [1]:1089073986 [2]:0 [3]:48
[0]:1090137251 [1]:1090137254 [2]:0 [3]:17
[0]:1091175089 [1]:1091175089 [2]:0 [3]:48
[0]:1092263153 [1]:1092263204 [2]:0 [3]:8
[0]:1093439612 [1]:1093439614 [2]:0 [3]:10
[0]:1094778765 [1]:1094778779 [2]:0 [3]:13
[0]:1096065881 [1]:1096065882 [2]:0 [3]:47
[0]:1097345574 [1]:1097345575 [2]:0 [3]:17
[0]:1098508784 [1]:1098508784 [2]:0 [3]:11
[0]:1099682911 [1]:1099682909 [2]:0 [3]:51
[0]:1100821227 [1]:1100821239 [2]:0 [3]:8
[0]:1101994199 [1]:1101994194 [2]:0 [3]:12
[0]:1103217728 [1]:1103217732 [2]:0 [3]:11
[0]:1104378390 [1]:1104378400 [2]:0 [3]:52
[0]:1105562719 [1]:1105562718 [2]:0 [3]:13
[0]:1106740954 [1]:1106740969 [2]:0 [3]:13
[0]:1107939962 [1]:1107939967 [2]:0 [3]:50
[0]:1109092937 [1]:1109092938 [2]:0 [3]:16
[0]:1110223859 [1]:1110223860 [2]:0 [3]:10
[0]:1111388160 [1]:1111388164 [2]:0 [3]:53
[0]:1112535066 [1]:1112535067 [2]:0 [3]:9
[0]:1113727934 [1]:1113727937 [2]:0 [3]:51
[0]:1114882781 [1]:1114882783 [2]:0 [3]:13
[0]:1116027526 [1]:1116027526 [2]:0 [3]:23
[0]:1117183483 [1]:1117183495 [2]:0 [3]:17
[0]:1118288735 [1]:1118288785 [2]:0 [3]:9
[0]:1119300776 [1]:1119300776 [2]:0 [3]:14
[0]:1120356908 [1]:1120356908 [2]:0 [3]:10
[0]:1121413958 [1]:1121413960 [2]:0 [3]:12
[0]:1122497628 [1]:1122497633 [2]:0 [3]:11
[0]:1123565498 [1]:1123565498 [2]:0 [3]:10
[0]:1125028158 [1]:1125028158 [2]:0 [3]:50
[0]:1126091708 [1]:1126091706 [2]:0 [3]:13
[0]:1127153246 [1]:1127153246 [2]:0 [3]:14
[0]:1128249548 [1]:1128249550 [2]:0 [3]:13
[0]:1129287521 [1]:1129287523 [2]:0 [3]:9
[0]:1130301935 [1]:1130301939 [2]:0 [3]:50
[0]:1131305941 [1]:1131305945 [2]:0 [3]:14
[0]:1132338956 [1]:1132338958 [2]:0 [3]:37
[0]:1133523388 [1]:1133523387 [2]:0 [3]:50
[0]:1135031547 [1]:1135031547 [2]:0 [3]:48
[0]:1136256302 [1]:1136256305 [2]:0 [3]:12
[0]:1137394747 [1]:1137394748 [2]:0 [3]:7
[0]:1138511553 [1]:1138511553 [2]:0 [3]:12
[0]:1139553095 [1]:1139553099 [2]:0 [3]:10
[0]:1140622675 [1]:1140622677 [2]:0 [3]:45
[0]:1141712814 [1]:1141712826 [2]:0 [3]:16
[0]:1142770395 [1]:1142770399 [2]:0 [3]:10
[0]:1143837768 [1]:1143837769 [2]:0 [3]:48
[0]:1144905913 [1]:1144905917 [2]:0 [3]:11
[0]:1145923470 [1]:1145923480 [2]:0 [3]:52
[0]:1147012284 [1]:1147012288 [2]:0 [3]:13
[0]:1148100987 [1]:1148100995 [2]:0 [3]:14
[0]:1149141214 [1]:1149141218 [2]:0 [3]:49
[0]:1150181326 [1]:1150181329 [2]:0 [3]:18
[0]:1151289222 [1]:1151289224 [2]:0 [3]:28
[0]:1152539425 [1]:1152539427 [2]:0 [3]:17
[0]:1153884798 [1]:1153884805 [2]:0 [3]:48
[0]:1155086365 [1]:1155086371 [2]:0 [3]:51
[0]:1156261040 [1]:1156261051 [2]:0 [3]:50
[0]:1157452159 [1]:1157452159 [2]:0 [3]:48
[0]:1158587145 [1]:1158587200 [2]:0 [3]:11
[0]:1159770500 [1]:1159770516 [2]:0 [3]:7
[0]:1160978099 [1]:1160978108 [2]:0 [3]:15
[0]:1162159687 [1]:1162159692 [2]:0 [3]:11
[0]:1163307499 [1]:1163307512 [2]:0 [3]:17
[0]:1164497168 [1]:1164497168 [2]:0 [3]:13
[0]:1165658246 [1]:1165658251 [2]:0 [3]:10
[0]:1166802444 [1]:1166802442 [2]:0 [3]:17
[0]:1167990013 [1]:1167990017 [2]:0 [3]:14
[0]:1169477497 [1]:1169477499 [2]:0 [3]:11
[0]:1170616771 [1]:1170616774 [2]:0 [3]:9
[0]:1171794800 [1]:1171794812 [2]:0 [3]:17
[0]:1172971504 [1]:1172971520 [2]:0 [3]:48
[0]:1174177096 [1]:1174177102 [2]:0 [3]:54
[0]:1175311676 [1]:1175311679 [2]:0 [3]:10
[0]:1176351523 [1]:1176351517 [2]:0 [3]:11
[0]:1177498785 [1]:1177498787 [2]:0 [3]:8
[0]:1178548141 [1]:1178548147 [2]:0 [3]:11
[0]:1179610206 [1]:1179610209 [2]:0 [3]:50
[0]:1180697391 [1]:1180697392 [2]:0 [3]:50
[0]:1181759666 [1]:1181759666 [2]:0 [3]:16
[0]:1182882675 [1]:1182882679 [2]:0 [3]:14
[0]:1183999558 [1]:1183999558 [2]:0 [3]:49
[0]:1185064787 [1]:1185064788 [2]:0 [3]:14
[0]:1186137219 [1]:1186137235 [2]:0 [3]:52
[0]:1187396852 [1]:1187396866 [2]:0 [3]:10
[0]:1188475860 [1]:1188475862 [2]:0 [3]:51
[0]:1189510964 [1]:1189510973 [2]:0 [3]:49
[0]:1190520580 [1]:1190520584 [2]:0 [3]:11
[0]:1191752768 [1]:1191752769 [2]:0 [3]:11
[0]:1193012938 [1]:1193012940 [2]:0 [3]:47
[0]:1194167435 [1]:1194167435 [2]:0 [3]:51
[0]:1195265725 [1]:1195265731 [2]:0 [3]:14
[0]:1196380383 [1]:1196380383 [2]:0 [3]:15
[0]:1197457129 [1]:1197457135 [2]:0 [3]:13
[0]:1198577525 [1]:1198577532 [2]:0 [3]:14
[0]:1199612054 [1]:1199612072 [2]:0 [3]:14
[0]:1200665136 [1]:1200665142 [2]:0 [3]:17
[0]:1201742020 [1]:1201742033 [2]:0 [3]:17
[0]:1202780184 [1]:1202780191 [2]:0 [3]:10
[0]:1203875368 [1]:1203875373 [2]:0 [3]:45
[0]:1205178092 [1]:1205178092 [2]:0 [3]:12
[0]:1206187285 [1]:1206187292 [2]:0 [3]:48
[0]:1207238969 [1]:1207238976 [2]:0 [3]:40
[0]:1208290561 [1]:1208290561 [2]:0 [3]:12
[0]:1209358116 [1]:1209358120 [2]:0 [3]:10
[0]:1210801053 [1]:1210801055 [2]:0 [3]:17
[0]:1212071094 [1]:1212071096 [2]:0 [3]:48
[0]:1213580489 [1]:1213580489 [2]:0 [3]:15
[0]:1214753880 [1]:1214753890 [2]:0 [3]:22
[0]:1215995165 [1]:1215995213 [2]:0 [3]:8
[0]:1217141565 [1]:1217141567 [2]:0 [3]:8
[0]:1218329541 [1]:1218329541 [2]:0 [3]:60
[0]:1219866319 [1]:1219866317 [2]:0 [3]:11
[0]:1221101381 [1]:1221101389 [2]:0 [3]:48
[0]:1222224900 [1]:1222224900 [2]:0 [3]:46
[0]:1223387318 [1]:1223387318 [2]:0 [3]:14
[0]:1224512078 [1]:1224512082 [2]:0 [3]:9
[0]:1225706697 [1]:1225706698 [2]:0 [3]:8
[0]:1226898090 [1]:1226898090 [2]:0 [3]:50
[0]:1228012469 [1]:1228012473 [2]:0 [3]:11
[0]:1229196749 [1]:1229196748 [2]:0 [3]:13
[0]:1230480533 [1]:1230480537 [2]:0 [3]:8
[0]:1231782604 [1]:1231782608 [2]:0 [3]:16
[0]:1232942537 [1]:1232942542 [2]:0 [3]:14
[0]:1234174429 [1]:1234174429 [2]:0 [3]:6
[0]:1235202088 [1]:1235202088 [2]:0 [3]:11
[0]:1236238391 [1]:1236238392 [2]:0 [3]:14
[0]:1237274619 [1]:1237274619 [2]:0 [3]:56
[0]:1238354891 [1]:1238354892 [2]:0 [3]:15
[0]:1239390082 [1]:1239390102 [2]:0 [3]:13
[0]:1240402667 [1]:1240402667 [2]:0 [3]:14
[0]:1241453544 [1]:1241453544 [2]:0 [3]:9
[0]:1242493462 [1]:1242493471 [2]:0 [3]:8
[0]:1243520934 [1]:1243520936 [2]:0 [3]:13
[0]:1244045827 [1]:1244045827 [2]:0 [3]:53
[0]:1244045827 [1]:1244045827 [2]:0 [3]:53
[0]:1244045827 [1]:1244045827 [2]:0 [3]:53
[0]:1244045827 [1]:1244045827 [2]:0 [3]:53
[0]:1244045827 [1]:1244045827 [2]:0 [3]:53
[0]:1244045827 [1]:1244045827 [2]:0 [3]:53
[0]:1244045827 [1]:1244045827 [2]:0 [3]:53
[0]:1244045827 [1]:1244045827 [2]:0 [3]:53
[0]:1244045827 [1]:1244045827 [2]:0 [3]:53
[0]:1244045827 [1]:1244045827 [2]:0 [3]:53
[0]:1244045827 [1]:1244045827 [2]:0 [3]:53
                                                                                                                               [0]:1244045827 [1]:1244045827 [2]:0 [3]:53
[0]:1244045827 [1]:1244045827 [2]:0 [3]:53
[0]:1244045827 [1]:1244045827 [2]:0 [3]:53
[0]:1244045827 [1]:1244045827 [2]:0 [3]:53
[0]:1244045827 [1]:1244045827 [2]:0 [3]:53
[0]:1244045827 [1]:1244045827 [2]:0 [3]:53
[0]:1244045827 [1]:1244045827 [2]:0 [3]:53
