[0]:127161548 [1]:127161548 [2]:0 [3]:130
[0]:127302180 [1]:127302181 [2]:0 [3]:122
[0]:127441245 [1]:127441245 [2]:0 [3]:70
[0]:127583470 [1]:127583471 [2]:0 [3]:108
[0]:127732066 [1]:127732066 [2]:0 [3]:116
[0]:127868144 [1]:127868144 [2]:0 [3]:121
[0]:128007457 [1]:128007457 [2]:0 [3]:509
[0]:128151211 [1]:128151211 [2]:0 [3]:512
[0]:128291814 [1]:128291814 [2]:0 [3]:84
[0]:128435065 [1]:128435066 [2]:0 [3]:111
[0]:128580713 [1]:128580713 [2]:0 [3]:500
[0]:128744981 [1]:128744982 [2]:0 [3]:515
[0]:128882374 [1]:128882375 [2]:0 [3]:513
[0]:129024208 [1]:129024208 [2]:0 [3]:526
[0]:129159506 [1]:129159506 [2]:0 [3]:506
[0]:129302967 [1]:129302967 [2]:0 [3]:542
[0]:129440738 [1]:129440739 [2]:0 [3]:527
[0]:129589009 [1]:129589009 [2]:0 [3]:511
[0]:129730005 [1]:129730007 [2]:0 [3]:513
[0]:129867338 [1]:129867338 [2]:0 [3]:514
[0]:130016493 [1]:130016493 [2]:0 [3]:76
[0]:130167182 [1]:130167182 [2]:0 [3]:505
[0]:130311098 [1]:130311098 [2]:0 [3]:86
[0]:130451536 [1]:130451536 [2]:0 [3]:189
[0]:130594869 [1]:130594869 [2]:0 [3]:523
[0]:130743372 [1]:130743372 [2]:0 [3]:90
[0]:130883914 [1]:130883915 [2]:0 [3]:106
[0]:131034753 [1]:131034753 [2]:0 [3]:498
[0]:131173230 [1]:131173230 [2]:0 [3]:67
[0]:131311202 [1]:131311205 [2]:0 [3]:529
[0]:131451875 [1]:131451875 [2]:0 [3]:102
[0]:131594139 [1]:131594142 [2]:0 [3]:90
[0]:131761160 [1]:131761163 [2]:0 [3]:124
[0]:131896460 [1]:131896460 [2]:0 [3]:121
[0]:132043621 [1]:132043621 [2]:0 [3]:498
[0]:132194358 [1]:132194358 [2]:0 [3]:91
[0]:132374531 [1]:132374533 [2]:0 [3]:511
[0]:132512642 [1]:132512644 [2]:0 [3]:87
[0]:132652156 [1]:132652157 [2]:0 [3]:90
[0]:132788512 [1]:132788512 [2]:0 [3]:503
[0]:132968290 [1]:132968290 [2]:0 [3]:103
[0]:133128578 [1]:133128578 [2]:0 [3]:96
[0]:133279865 [1]:133279865 [2]:0 [3]:527
[0]:133415148 [1]:133415148 [2]:0 [3]:104
[0]:133550432 [1]:133550432 [2]:0 [3]:91
[0]:133718677 [1]:133718677 [2]:0 [3]:87
[0]:133858345 [1]:133858345 [2]:0 [3]:101
[0]:134009559 [1]:134009559 [2]:0 [3]:518
[0]:134152504 [1]:134152504 [2]:0 [3]:110
[0]:134290730 [1]:134290730 [2]:0 [3]:176
[0]:134433533 [1]:134433534 [2]:0 [3]:103
[0]:134574700 [1]:134574701 [2]:0 [3]:497
[0]:134710012 [1]:134710012 [2]:0 [3]:500
[0]:134877488 [1]:134877488 [2]:0 [3]:518
[0]:135017793 [1]:135017793 [2]:0 [3]:498
[0]:135198282 [1]:135198282 [2]:0 [3]:521
[0]:135341504 [1]:135341504 [2]:0 [3]:87
[0]:135487498 [1]:135487499 [2]:0 [3]:526
[0]:135622681 [1]:135622681 [2]:0 [3]:146
[0]:135760725 [1]:135760725 [2]:0 [3]:526
[0]:135900245 [1]:135900245 [2]:0 [3]:512
[0]:136041687 [1]:136041688 [2]:0 [3]:522
[0]:136193317 [1]:136193318 [2]:0 [3]:521
[0]:136365368 [1]:136365369 [2]:0 [3]:499
[0]:136525684 [1]:136525685 [2]:0 [3]:168
[0]:136676093 [1]:136676093 [2]:0 [3]:506
[0]:136824461 [1]:136824461 [2]:0 [3]:533
[0]:136993752 [1]:136993752 [2]:0 [3]:79
[0]:137134996 [1]:137134996 [2]:0 [3]:140
[0]:137270227 [1]:137270227 [2]:0 [3]:523
[0]:137410908 [1]:137410908 [2]:0 [3]:114
[0]:137552284 [1]:137552284 [2]:0 [3]:79
[0]:137692115 [1]:137692115 [2]:0 [3]:97
[0]:137829523 [1]:137829523 [2]:0 [3]:93
[0]:137970767 [1]:137970767 [2]:0 [3]:107
[0]:138114036 [1]:138114038 [2]:0 [3]:93
[0]:138257409 [1]:138257409 [2]:0 [3]:502
[0]:138395286 [1]:138395287 [2]:0 [3]:126
[0]:138535107 [1]:138535107 [2]:0 [3]:99
[0]:138673838 [1]:138673839 [2]:0 [3]:94
[0]:138823107 [1]:138823107 [2]:0 [3]:113
[0]:138962108 [1]:138962110 [2]:0 [3]:515
[0]:139105880 [1]:139105880 [2]:0 [3]:524
[0]:139212376 [1]:139212376 [2]:0 [3]:510
[0]:139212376 [1]:139212376 [2]:0 [3]:510
[0]:139212376 [1]:139212376 [2]:0 [3]:510
