[0]:10260737 [1]:10260737 [2]:0 [3]:548
[0]:10405963 [1]:10405963 [2]:0 [3]:161
[0]:10586460 [1]:10586460 [2]:0 [3]:195
[0]:10727090 [1]:10727091 [2]:0 [3]:182
[0]:10867707 [1]:10867707 [2]:0 [3]:121
[0]:11005489 [1]:11005489 [2]:0 [3]:180
[0]:11153757 [1]:11153757 [2]:0 [3]:217
[0]:11295333 [1]:11295334 [2]:0 [3]:550
[0]:11438351 [1]:11438351 [2]:0 [3]:551
[0]:11585970 [1]:11585970 [2]:0 [3]:164
[0]:11727582 [1]:11727582 [2]:0 [3]:153
[0]:11862930 [1]:11862930 [2]:0 [3]:552
[0]:12004763 [1]:12004763 [2]:0 [3]:482
[0]:12150080 [1]:12150080 [2]:0 [3]:538
[0]:12288834 [1]:12288834 [2]:0 [3]:537
[0]:12441396 [1]:12441396 [2]:0 [3]:533
[0]:12580997 [1]:12580997 [2]:0 [3]:551
[0]:12720050 [1]:12720050 [2]:0 [3]:553
[0]:12857579 [1]:12857579 [2]:0 [3]:117
[0]:12998619 [1]:12998620 [2]:0 [3]:562
[0]:13144465 [1]:13144465 [2]:0 [3]:507
[0]:13287663 [1]:13287664 [2]:0 [3]:564
[0]:13457425 [1]:13457426 [2]:0 [3]:535
[0]:13595404 [1]:13595404 [2]:0 [3]:546
[0]:13733382 [1]:13733382 [2]:0 [3]:127
[0]:13925638 [1]:13925638 [2]:0 [3]:556
[0]:14060210 [1]:14060210 [2]:0 [3]:504
[0]:14225629 [1]:14225631 [2]:0 [3]:152
[0]:14405207 [1]:14405207 [2]:0 [3]:148
[0]:14547714 [1]:14547714 [2]:0 [3]:545
[0]:14687601 [1]:14687601 [2]:0 [3]:552
[0]:14827965 [1]:14827965 [2]:0 [3]:530
[0]:14969519 [1]:14969519 [2]:0 [3]:108
[0]:15107564 [1]:15107565 [2]:0 [3]:124
[0]:15275880 [1]:15275882 [2]:0 [3]:539
[0]:15412511 [1]:15412511 [2]:0 [3]:126
[0]:15550463 [1]:15550463 [2]:0 [3]:556
[0]:15693730 [1]:15693730 [2]:0 [3]:543
[0]:15834172 [1]:15834172 [2]:0 [3]:124
[0]:15977204 [1]:15977204 [2]:0 [3]:542
[0]:16117546 [1]:16117546 [2]:0 [3]:127
[0]:16264288 [1]:16264288 [2]:0 [3]:544
[0]:16409891 [1]:16409891 [2]:0 [3]:113
[0]:16562687 [1]:16562687 [2]:0 [3]:111
[0]:16704374 [1]:16704374 [2]:0 [3]:539
[0]:16845103 [1]:16845103 [2]:0 [3]:139
[0]:16982985 [1]:16982985 [2]:0 [3]:129
[0]:17126253 [1]:17126253 [2]:0 [3]:535
[0]:17264118 [1]:17264120 [2]:0 [3]:183
[0]:17398773 [1]:17398773 [2]:0 [3]:135
[0]:17548078 [1]:17548078 [2]:0 [3]:491
[0]:17688681 [1]:17688681 [2]:0 [3]:524
[0]:17828026 [1]:17828028 [2]:0 [3]:172
[0]:17965298 [1]:17965298 [2]:0 [3]:546
[0]:18104554 [1]:18104554 [2]:0 [3]:550
[0]:18243603 [1]:18243603 [2]:0 [3]:558
[0]:18405085 [1]:18405085 [2]:0 [3]:116
[0]:18558720 [1]:18558721 [2]:0 [3]:105
[0]:18693982 [1]:18693982 [2]:0 [3]:529
[0]:18835416 [1]:18835416 [2]:0 [3]:548
[0]:18973904 [1]:18973903 [2]:0 [3]:98
[0]:19176751 [1]:19176751 [2]:0 [3]:547
[0]:19329908 [1]:19329908 [2]:0 [3]:531
[0]:19468395 [1]:19468396 [2]:0 [3]:536
[0]:19612648 [1]:19612648 [2]:0 [3]:545
[0]:19752478 [1]:19752479 [2]:0 [3]:538
[0]:19899976 [1]:19899976 [2]:0 [3]:552
[0]:20043395 [1]:20043395 [2]:0 [3]:557
[0]:20182044 [1]:20182044 [2]:0 [3]:130
[0]:20330979 [1]:20330979 [2]:0 [3]:118
[0]:20479301 [1]:20479302 [2]:0 [3]:173
[0]:20653199 [1]:20653199 [2]:0 [3]:539
[0]:20808112 [1]:20808112 [2]:0 [3]:548
