[0]:65057007 [1]:8507366 [2]:96 [3]:368
[0]:65269528 [1]:8528149 [2]:96 [3]:358
[0]:65478204 [1]:8548642 [2]:96 [3]:84
[0]:65690938 [1]:8569439 [2]:96 [3]:81
[0]:65903376 [1]:8590298 [2]:96 [3]:374
[0]:66108314 [1]:8610265 [2]:96 [3]:361
[0]:66309338 [1]:8629777 [2]:96 [3]:369
[0]:66569199 [1]:8655186 [2]:96 [3]:367
[0]:66774004 [1]:8675118 [2]:96 [3]:95
[0]:66976007 [1]:8694760 [2]:95 [3]:84
[0]:67242233 [1]:8720829 [2]:95 [3]:99
[0]:67447506 [1]:8740808 [2]:95 [3]:366
[0]:67662132 [1]:8761917 [2]:95 [3]:362
[0]:67876712 [1]:8782824 [2]:95 [3]:372
[0]:68089195 [1]:8803565 [2]:95 [3]:84
[0]:68298174 [1]:8823921 [2]:95 [3]:365
[0]:68518570 [1]:8845576 [2]:95 [3]:378
[0]:68739017 [1]:8867167 [2]:95 [3]:360
[0]:68947645 [1]:8887415 [2]:95 [3]:367
[0]:69144815 [1]:8906503 [2]:95 [3]:82
[0]:69357564 [1]:8927248 [2]:95 [3]:97
[0]:69560886 [1]:8947014 [2]:95 [3]:370
[0]:69758304 [1]:8966480 [2]:95 [3]:354
[0]:69970906 [1]:8987420 [2]:95 [3]:80
[0]:70180343 [1]:9007818 [2]:95 [3]:373
[0]:70393074 [1]:9028549 [2]:95 [3]:82
[0]:70612575 [1]:9050060 [2]:95 [3]:81
[0]:70822201 [1]:9070444 [2]:95 [3]:366
[0]:71031574 [1]:9091133 [2]:95 [3]:356
[0]:71247106 [1]:9112192 [2]:95 [3]:90
[0]:71538247 [1]:9140774 [2]:95 [3]:95
[0]:71792236 [1]:9165630 [2]:95 [3]:96
[0]:72007478 [1]:9186698 [2]:95 [3]:352
[0]:72226073 [1]:9208253 [2]:95 [3]:72
[0]:72433498 [1]:9228453 [2]:95 [3]:96
[0]:72641164 [1]:9248749 [2]:95 [3]:105
[0]:72845553 [1]:9268760 [2]:95 [3]:87
[0]:73086248 [1]:9292171 [2]:95 [3]:86
[0]:73289751 [1]:9312049 [2]:95 [3]:89
[0]:73503586 [1]:9333007 [2]:95 [3]:82
[0]:73724291 [1]:9354439 [2]:95 [3]:363
[0]:73938857 [1]:9375443 [2]:95 [3]:75
[0]:74141530 [1]:9395385 [2]:95 [3]:364
[0]:74346215 [1]:9415633 [2]:95 [3]:347
[0]:74588725 [1]:9439244 [2]:95 [3]:373
[0]:74802488 [1]:9460090 [2]:95 [3]:377
[0]:75008929 [1]:9480259 [2]:95 [3]:350
[0]:75219292 [1]:9500828 [2]:95 [3]:79
[0]:75441010 [1]:9522437 [2]:95 [3]:78
[0]:75653680 [1]:9543218 [2]:95 [3]:372
[0]:75856843 [1]:9562997 [2]:95 [3]:92
[0]:76062284 [1]:9583105 [2]:95 [3]:82
[0]:76298296 [1]:9606483 [2]:95 [3]:377
[0]:76511952 [1]:9627378 [2]:95 [3]:87
[0]:76748712 [1]:9650526 [2]:95 [3]:360
[0]:77012115 [1]:9676005 [2]:95 [3]:372
[0]:77232831 [1]:9697465 [2]:95 [3]:104
[0]:77437726 [1]:9717489 [2]:95 [3]:368
[0]:77661926 [1]:9739496 [2]:95 [3]:360
[0]:77886586 [1]:9761429 [2]:95 [3]:95
[0]:78161649 [1]:9788311 [2]:95 [3]:93
[0]:78367643 [1]:9808415 [2]:95 [3]:83
[0]:78571881 [1]:9828253 [2]:95 [3]:363
[0]:78799724 [1]:9850590 [2]:95 [3]:360
[0]:79017227 [1]:9871998 [2]:95 [3]:79
[0]:79287662 [1]:9898444 [2]:95 [3]:362
[0]:79496992 [1]:9918850 [2]:95 [3]:112
[0]:79708213 [1]:9939415 [2]:95 [3]:364
[0]:79921680 [1]:9960519 [2]:95 [3]:92
[0]:80129956 [1]:9980911 [2]:95 [3]:365
[0]:80350397 [1]:10002443 [2]:95 [3]:89
[0]:80551341 [1]:10021901 [2]:95 [3]:370
[0]:80765119 [1]:10042590 [2]:95 [3]:370
[0]:80973918 [1]:10063073 [2]:95 [3]:79
[0]:81182773 [1]:10083428 [2]:95 [3]:74
[0]:81389110 [1]:10103529 [2]:95 [3]:83
[0]:81600116 [1]:10124102 [2]:95 [3]:367
[0]:81804743 [1]:10144312 [2]:95 [3]:90
[0]:82009606 [1]:10164183 [2]:95 [3]:357
[0]:82216956 [1]:10184462 [2]:95 [3]:373
[0]:82434996 [1]:10205795 [2]:95 [3]:368
[0]:82643741 [1]:10226233 [2]:95 [3]:361
[0]:82848533 [1]:10246144 [2]:95 [3]:359
[0]:83088193 [1]:10269451 [2]:95 [3]:372
[0]:83309377 [1]:10290956 [2]:95 [3]:366
[0]:83521009 [1]:10311853 [2]:95 [3]:360
[0]:83731126 [1]:10332500 [2]:95 [3]:106
[0]:83951096 [1]:10353896 [2]:95 [3]:368
[0]:84159958 [1]:10374225 [2]:95 [3]:364
[0]:84359838 [1]:10393636 [2]:95 [3]:358
[0]:84573740 [1]:10414445 [2]:95 [3]:76
[0]:84772490 [1]:10433948 [2]:95 [3]:366
[0]:84967328 [1]:10453081 [2]:95 [3]:371
[0]:85175794 [1]:10473370 [2]:95 [3]:364
[0]:85376760 [1]:10493080 [2]:95 [3]:96
[0]:85640155 [1]:10518893 [2]:95 [3]:85
[0]:85882869 [1]:10542684 [2]:95 [3]:376
[0]:86081761 [1]:10562001 [2]:95 [3]:94
[0]:86294187 [1]:10582855 [2]:95 [3]:90
[0]:86502943 [1]:10603260 [2]:95 [3]:376
[0]:86715552 [1]:10623918 [2]:95 [3]:76
[0]:86932614 [1]:10645095 [2]:95 [3]:366
[0]:87142270 [1]:10665651 [2]:95 [3]:86
[0]:87353800 [1]:10686181 [2]:95 [3]:362
[0]:87598164 [1]:10709911 [2]:95 [3]:363
[0]:87810832 [1]:10730673 [2]:95 [3]:363
[0]:88031149 [1]:10752355 [2]:95 [3]:359
[0]:88235626 [1]:10772570 [2]:95 [3]:357
[0]:88452328 [1]:10793656 [2]:95 [3]:368
[0]:88660609 [1]:10813962 [2]:95 [3]:372
[0]:88865977 [1]:10833961 [2]:95 [3]:373
[0]:89078504 [1]:10854732 [2]:95 [3]:362
[0]:89310591 [1]:10877269 [2]:95 [3]:371
[0]:89519819 [1]:10897666 [2]:95 [3]:372
[0]:89744262 [1]:10919517 [2]:95 [3]:370
[0]:89961105 [1]:10940586 [2]:95 [3]:88
[0]:90165081 [1]:10960463 [2]:95 [3]:82
[0]:90373176 [1]:10980639 [2]:95 [3]:366
[0]:90579546 [1]:11000773 [2]:95 [3]:100
[0]:90784176 [1]:11020880 [2]:95 [3]:380
[0]:90992732 [1]:11041427 [2]:95 [3]:363
[0]:91197557 [1]:11061556 [2]:95 [3]:89
[0]:91410806 [1]:11082449 [2]:95 [3]:359
[0]:91618640 [1]:11102663 [2]:95 [3]:362
[0]:91823930 [1]:11122728 [2]:95 [3]:86
[0]:92028512 [1]:11142636 [2]:95 [3]:372
[0]:92244841 [1]:11163923 [2]:95 [3]:377
[0]:92449030 [1]:11184511 [2]:95 [3]:110
[0]:92657770 [1]:11205007 [2]:95 [3]:84
[0]:92870639 [1]:11225694 [2]:95 [3]:363
[0]:93075422 [1]:11245494 [2]:95 [3]:359
[0]:93288169 [1]:11266359 [2]:95 [3]:78
[0]:93532058 [1]:11292062 [2]:95 [3]:359
[0]:93736200 [1]:11318830 [2]:95 [3]:357
[0]:93934515 [1]:11344896 [2]:95 [3]:373
[0]:94155740 [1]:11374011 [2]:95 [3]:86
[0]:94366299 [1]:11401610 [2]:95 [3]:359
[0]:94571605 [1]:11428620 [2]:95 [3]:365
[0]:94779367 [1]:11456016 [2]:95 [3]:82
[0]:94992087 [1]:11483885 [2]:95 [3]:361
[0]:95196632 [1]:11510701 [2]:99 [3]:72
[0]:95405147 [1]:11538189 [2]:99 [3]:81
[0]:95621566 [1]:11566630 [2]:99 [3]:361
[0]:95831265 [1]:11594272 [2]:99 [3]:366
[0]:96050575 [1]:11623071 [2]:99 [3]:365
[0]:96267009 [1]:11651390 [2]:99 [3]:94
[0]:96462870 [1]:11677190 [2]:99 [3]:375
[0]:96676845 [1]:11705262 [2]:99 [3]:78
[0]:96888705 [1]:11733000 [2]:99 [3]:358
[0]:97101282 [1]:11760962 [2]:99 [3]:370
[0]:97309682 [1]:11788328 [2]:99 [3]:364
[0]:97526821 [1]:11816906 [2]:99 [3]:359
[0]:97763841 [1]:11848004 [2]:99 [3]:364
[0]:97968534 [1]:11874891 [2]:99 [3]:368
[0]:98168608 [1]:11901109 [2]:99 [3]:366
[0]:98368106 [1]:11927359 [2]:99 [3]:82
[0]:98584846 [1]:11955816 [2]:99 [3]:370
[0]:98835938 [1]:11988828 [2]:108 [3]:358
[0]:99053005 [1]:12017364 [2]:108 [3]:368
[0]:99269495 [1]:12045756 [2]:108 [3]:367
[0]:99475934 [1]:12072881 [2]:108 [3]:367
[0]:99678812 [1]:12099482 [2]:108 [3]:366
[0]:99887330 [1]:12126905 [2]:108 [3]:364
[0]:100088236 [1]:12153196 [2]:108 [3]:360
[0]:100299950 [1]:12181000 [2]:108 [3]:363
[0]:100504921 [1]:12207910 [2]:108 [3]:357
[0]:100717757 [1]:12235808 [2]:108 [3]:72
[0]:100926390 [1]:12263171 [2]:108 [3]:364
[0]:101166507 [1]:12294656 [2]:108 [3]:368
[0]:101370869 [1]:12321519 [2]:108 [3]:367
[0]:101579598 [1]:12348998 [2]:108 [3]:365
[0]:101780096 [1]:12375357 [2]:108 [3]:372
[0]:101989889 [1]:12402890 [2]:108 [3]:372
[0]:102205415 [1]:12431079 [2]:108 [3]:364
[0]:102413487 [1]:12458421 [2]:108 [3]:369
[0]:102614594 [1]:12484941 [2]:108 [3]:362
[0]:102816097 [1]:12511408 [2]:115 [3]:359
[0]:103022817 [1]:12538602 [2]:115 [3]:359
[0]:103235289 [1]:12566706 [2]:115 [3]:370
[0]:103448364 [1]:12594657 [2]:115 [3]:363
[0]:103692652 [1]:12626745 [2]:115 [3]:365
[0]:103897283 [1]:12653646 [2]:115 [3]:366
[0]:104105755 [1]:12681065 [2]:115 [3]:354
[0]:104327856 [1]:12710158 [2]:115 [3]:365
[0]:104533294 [1]:12737058 [2]:115 [3]:360
[0]:104743451 [1]:12764714 [2]:115 [3]:369
[0]:104951891 [1]:12792229 [2]:115 [3]:364
[0]:105152396 [1]:12818609 [2]:115 [3]:362
[0]:105361378 [1]:12845993 [2]:115 [3]:358
[0]:105565445 [1]:12872867 [2]:115 [3]:75
[0]:105774436 [1]:12900248 [2]:115 [3]:367
[0]:105987920 [1]:12928208 [2]:115 [3]:359
[0]:106203496 [1]:12956509 [2]:115 [3]:362
[0]:106418076 [1]:12984649 [2]:115 [3]:369
[0]:106624467 [1]:13011795 [2]:121 [3]:365
[0]:106842137 [1]:13040373 [2]:121 [3]:365
[0]:107046564 [1]:13067241 [2]:121 [3]:365
[0]:107265734 [1]:13096077 [2]:121 [3]:88
[0]:107472641 [1]:13123229 [2]:121 [3]:370
[0]:107677696 [1]:13150207 [2]:121 [3]:362
[0]:107883770 [1]:13177305 [2]:121 [3]:361
[0]:108091737 [1]:13204674 [2]:121 [3]:357
[0]:108304686 [1]:13232608 [2]:121 [3]:372
[0]:108511686 [1]:13259850 [2]:121 [3]:365
[0]:108725739 [1]:13288052 [2]:121 [3]:363
[0]:108926391 [1]:13314302 [2]:121 [3]:369
[0]:109135185 [1]:13341697 [2]:121 [3]:360
[0]:109343812 [1]:13369026 [2]:121 [3]:360
[0]:109544429 [1]:13395416 [2]:121 [3]:356
[0]:109778314 [1]:13426101 [2]:121 [3]:370
[0]:109988949 [1]:13453795 [2]:121 [3]:372
[0]:110197690 [1]:13481257 [2]:121 [3]:371
[0]:110410067 [1]:13509233 [2]:125 [3]:360
[0]:110617693 [1]:13536668 [2]:125 [3]:358
[0]:110823290 [1]:13563674 [2]:125 [3]:365
[0]:111034827 [1]:13591314 [2]:125 [3]:362
[0]:111266611 [1]:13621800 [2]:125 [3]:367
[0]:111476557 [1]:13649311 [2]:125 [3]:355
[0]:111700840 [1]:13678755 [2]:125 [3]:80
[0]:111900343 [1]:13704983 [2]:125 [3]:362
[0]:112113983 [1]:13733041 [2]:125 [3]:362
[0]:112383529 [1]:13768360 [2]:125 [3]:370
[0]:112586355 [1]:13795019 [2]:125 [3]:373
[0]:112790974 [1]:13821864 [2]:125 [3]:84
[0]:112999504 [1]:13849272 [2]:125 [3]:373
[0]:113208098 [1]:13876571 [2]:125 [3]:88
[0]:113423001 [1]:13904919 [2]:125 [3]:368
[0]:113629038 [1]:13932122 [2]:125 [3]:361
[0]:113836570 [1]:13959394 [2]:125 [3]:363
[0]:114049376 [1]:13987301 [2]:125 [3]:362
[0]:114266469 [1]:14015733 [2]:129 [3]:356
[0]:114475075 [1]:14043094 [2]:129 [3]:366
[0]:114683808 [1]:14070499 [2]:129 [3]:372
[0]:114888409 [1]:14097323 [2]:129 [3]:362
[0]:115096208 [1]:14124777 [2]:129 [3]:373
[0]:115304627 [1]:14152134 [2]:129 [3]:372
[0]:115513910 [1]:14179636 [2]:129 [3]:377
[0]:115726496 [1]:14207640 [2]:129 [3]:375
[0]:115942948 [1]:14236076 [2]:129 [3]:79
[0]:116150140 [1]:14263277 [2]:129 [3]:359
[0]:116407243 [1]:14297042 [2]:129 [3]:365
[0]:116620802 [1]:14325245 [2]:129 [3]:372
[0]:116832284 [1]:14352906 [2]:129 [3]:366
[0]:117074943 [1]:14384715 [2]:129 [3]:366
[0]:117280795 [1]:14411990 [2]:129 [3]:361
[0]:117493207 [1]:14439976 [2]:129 [3]:359
[0]:117701736 [1]:14467308 [2]:129 [3]:80
[0]:117905713 [1]:14493934 [2]:129 [3]:359
[0]:118134744 [1]:14523982 [2]:132 [3]:362
[0]:118349235 [1]:14552285 [2]:132 [3]:78
[0]:118549630 [1]:14578628 [2]:132 [3]:361
[0]:118766985 [1]:14607196 [2]:132 [3]:368
[0]:118972699 [1]:14634357 [2]:132 [3]:366
[0]:119183716 [1]:14662091 [2]:132 [3]:362
[0]:119397787 [1]:14690158 [2]:132 [3]:374
[0]:119600526 [1]:14716844 [2]:132 [3]:365
[0]:119813889 [1]:14744851 [2]:132 [3]:367
[0]:120031198 [1]:14773498 [2]:132 [3]:370
[0]:120243432 [1]:14801292 [2]:132 [3]:357
[0]:120440335 [1]:14827092 [2]:132 [3]:370
[0]:120651342 [1]:14854962 [2]:132 [3]:359
[0]:120859045 [1]:14882356 [2]:132 [3]:363
[0]:121121466 [1]:14916798 [2]:132 [3]:368
[0]:121325445 [1]:14943556 [2]:132 [3]:363
[0]:121534467 [1]:14970920 [2]:132 [3]:363
[0]:121742046 [1]:14998053 [2]:132 [3]:359
[0]:121947713 [1]:15025042 [2]:134 [3]:367
[0]:122172126 [1]:15054438 [2]:134 [3]:369
[0]:122384635 [1]:15082378 [2]:134 [3]:359
[0]:122583088 [1]:15108419 [2]:134 [3]:364
[0]:122785945 [1]:15135153 [2]:134 [3]:364
[0]:123000409 [1]:15163407 [2]:134 [3]:358
[0]:123210906 [1]:15190973 [2]:134 [3]:368
[0]:123423412 [1]:15218906 [2]:134 [3]:370
[0]:123628063 [1]:15245721 [2]:134 [3]:372
[0]:123832723 [1]:15272559 [2]:134 [3]:79
[0]:124041364 [1]:15299922 [2]:134 [3]:369
[0]:124253879 [1]:15327932 [2]:134 [3]:365
[0]:124461136 [1]:15355024 [2]:134 [3]:369
[0]:124663096 [1]:15381527 [2]:134 [3]:358
[0]:124879638 [1]:15409854 [2]:134 [3]:362
[0]:125084218 [1]:15436689 [2]:134 [3]:359
[0]:125300749 [1]:15465106 [2]:134 [3]:368
[0]:125517141 [1]:15493571 [2]:134 [3]:363
[0]:125725731 [1]:15520947 [2]:136 [3]:371
[0]:125926368 [1]:15547379 [2]:136 [3]:360
[0]:126153751 [1]:15577442 [2]:136 [3]:372
[0]:126359162 [1]:15604401 [2]:136 [3]:370
[0]:126565027 [1]:15631576 [2]:136 [3]:370
[0]:126828630 [1]:15666094 [2]:136 [3]:366
[0]:127057564 [1]:15696080 [2]:136 [3]:75
[0]:127256197 [1]:15722133 [2]:136 [3]:361
[0]:127504325 [1]:15754706 [2]:136 [3]:367
[0]:127705123 [1]:15780971 [2]:136 [3]:361
[0]:127913601 [1]:15808469 [2]:136 [3]:364
[0]:128115711 [1]:15835030 [2]:136 [3]:366
[0]:128338612 [1]:15864250 [2]:136 [3]:365
[0]:128549767 [1]:15891923 [2]:136 [3]:368
[0]:128755748 [1]:15918994 [2]:136 [3]:361
[0]:128976162 [1]:15947956 [2]:136 [3]:371
[0]:129192608 [1]:15976365 [2]:136 [3]:361
[0]:129393293 [1]:16002619 [2]:136 [3]:373
[0]:129613808 [1]:16031557 [2]:137 [3]:77
[0]:129822142 [1]:16058950 [2]:137 [3]:357
[0]:130050182 [1]:16088758 [2]:137 [3]:370
[0]:130257195 [1]:16115974 [2]:137 [3]:82
[0]:130463725 [1]:16143128 [2]:137 [3]:364
[0]:130672623 [1]:16170503 [2]:137 [3]:76
[0]:130881453 [1]:16197816 [2]:137 [3]:365
[0]:131088242 [1]:16225066 [2]:137 [3]:370
[0]:131298025 [1]:16252733 [2]:137 [3]:363
[0]:131496920 [1]:16278985 [2]:137 [3]:371
[0]:131706185 [1]:16306535 [2]:137 [3]:365
[0]:131907491 [1]:16332896 [2]:137 [3]:364
[0]:132118073 [1]:16360658 [2]:137 [3]:373
[0]:132324892 [1]:16387786 [2]:137 [3]:366
[0]:132579967 [1]:16421176 [2]:137 [3]:370
[0]:132785289 [1]:16448225 [2]:137 [3]:372
[0]:132995393 [1]:16475822 [2]:137 [3]:362
[0]:133214131 [1]:16504609 [2]:137 [3]:360
[0]:133418783 [1]:16531515 [2]:138 [3]:366
[0]:133631284 [1]:16559436 [2]:138 [3]:368
