[0]:0 [1]:0 [2]:0 [3]:0
[0]:29192 [1]:0 [2]:0 [3]:53
[0]:251843 [1]:0 [2]:0 [3]:310
[0]:477176 [1]:0 [2]:0 [3]:60
[0]:721811 [1]:0 [2]:0 [3]:316
[0]:983445 [1]:0 [2]:0 [3]:67
[0]:1198668 [1]:15188 [2]:120 [3]:80
[0]:1392708 [1]:34921 [2]:120 [3]:80
[0]:1589627 [1]:54823 [2]:120 [3]:75
[0]:1797592 [1]:75891 [2]:120 [3]:65
[0]:2015537 [1]:98023 [2]:120 [3]:371
[0]:2204424 [1]:117482 [2]:120 [3]:74
[0]:2399748 [1]:137362 [2]:120 [3]:69
[0]:2616633 [1]:159346 [2]:110 [3]:66
[0]:2818809 [1]:179851 [2]:110 [3]:56
[0]:3009795 [1]:199099 [2]:110 [3]:73
[0]:3215024 [1]:219689 [2]:110 [3]:62
[0]:3415347 [1]:240002 [2]:110 [3]:363
[0]:3615292 [1]:260165 [2]:110 [3]:60
[0]:3823837 [1]:281219 [2]:110 [3]:359
[0]:4022826 [1]:301264 [2]:110 [3]:62
[0]:4232091 [1]:322486 [2]:102 [3]:53
[0]:4439113 [1]:343524 [2]:102 [3]:62
[0]:4635608 [1]:363446 [2]:102 [3]:72
[0]:4841099 [1]:384292 [2]:102 [3]:359
[0]:5041187 [1]:404588 [2]:102 [3]:349
[0]:5241494 [1]:424846 [2]:102 [3]:66
[0]:5438960 [1]:444885 [2]:102 [3]:61
[0]:5646756 [1]:465968 [2]:102 [3]:67
[0]:5848005 [1]:486289 [2]:95 [3]:61
[0]:6107263 [1]:512486 [2]:95 [3]:366
[0]:6299075 [1]:532050 [2]:95 [3]:72
[0]:6497215 [1]:552113 [2]:95 [3]:362
[0]:6695123 [1]:572040 [2]:95 [3]:83
[0]:6903331 [1]:593209 [2]:95 [3]:59
[0]:7096023 [1]:612746 [2]:95 [3]:65
[0]:7297245 [1]:633065 [2]:90 [3]:372
[0]:7505932 [1]:654354 [2]:90 [3]:70
[0]:7704626 [1]:674404 [2]:90 [3]:371
[0]:7899006 [1]:694043 [2]:90 [3]:64
[0]:8100860 [1]:714466 [2]:90 [3]:364
[0]:8313572 [1]:735964 [2]:90 [3]:372
[0]:8508459 [1]:755707 [2]:90 [3]:59
[0]:8702677 [1]:775345 [2]:90 [3]:353
[0]:8934453 [1]:798930 [2]:86 [3]:65
[0]:9132700 [1]:818992 [2]:86 [3]:65
[0]:9341626 [1]:840219 [2]:86 [3]:369
[0]:9542699 [1]:860593 [2]:86 [3]:60
[0]:9738210 [1]:880291 [2]:86 [3]:69
[0]:9939245 [1]:900592 [2]:86 [3]:77
[0]:10149205 [1]:922000 [2]:86 [3]:365
[0]:10353450 [1]:942609 [2]:86 [3]:364
[0]:10578063 [1]:965253 [2]:82 [3]:63
[0]:10769845 [1]:984536 [2]:82 [3]:369
[0]:10986578 [1]:1006564 [2]:82 [3]:55
[0]:11185128 [1]:1026606 [2]:82 [3]:366
[0]:11394592 [1]:1047648 [2]:82 [3]:62
[0]:11592899 [1]:1067629 [2]:82 [3]:72
[0]:11784989 [1]:1086985 [2]:82 [3]:77
[0]:11970407 [1]:1105831 [2]:79 [3]:64
[0]:12165965 [1]:1125617 [2]:79 [3]:364
[0]:12366804 [1]:1146017 [2]:79 [3]:91
[0]:12609443 [1]:1170655 [2]:79 [3]:69
[0]:12796035 [1]:1189754 [2]:79 [3]:368
[0]:13004308 [1]:1210894 [2]:79 [3]:72
[0]:13201277 [1]:1230940 [2]:79 [3]:60
[0]:13412763 [1]:1252405 [2]:79 [3]:62
[0]:13607333 [1]:1271942 [2]:77 [3]:63
[0]:13801577 [1]:1291623 [2]:77 [3]:367
[0]:13996218 [1]:1311321 [2]:77 [3]:357
[0]:14241121 [1]:1336017 [2]:77 [3]:62
[0]:14437376 [1]:1355864 [2]:77 [3]:57
[0]:14636771 [1]:1376095 [2]:77 [3]:365
[0]:14832839 [1]:1395994 [2]:77 [3]:75
[0]:15027591 [1]:1415761 [2]:75 [3]:367
[0]:15228827 [1]:1436216 [2]:75 [3]:353
[0]:15417896 [1]:1455430 [2]:75 [3]:84
[0]:15618438 [1]:1475707 [2]:75 [3]:62
[0]:15844765 [1]:1498511 [2]:75 [3]:360
[0]:16036938 [1]:1517999 [2]:75 [3]:65
[0]:16238820 [1]:1538329 [2]:75 [3]:62
[0]:16433285 [1]:1558000 [2]:75 [3]:366
[0]:16631666 [1]:1578055 [2]:74 [3]:78
[0]:16838758 [1]:1598934 [2]:74 [3]:54
[0]:17039311 [1]:1619128 [2]:74 [3]:70
[0]:17237502 [1]:1639282 [2]:74 [3]:372
[0]:17434843 [1]:1659206 [2]:74 [3]:347
[0]:17633734 [1]:1679377 [2]:74 [3]:65
[0]:17847075 [1]:1700985 [2]:74 [3]:61
[0]:18048528 [1]:1721366 [2]:74 [3]:69
[0]:18246895 [1]:1741388 [2]:73 [3]:371
[0]:18440740 [1]:1761139 [2]:73 [3]:70
[0]:18706229 [1]:1788254 [2]:73 [3]:77
[0]:18900386 [1]:1807935 [2]:73 [3]:70
[0]:19106236 [1]:1828757 [2]:73 [3]:71
[0]:19303877 [1]:1848718 [2]:73 [3]:367
[0]:19506117 [1]:1869309 [2]:73 [3]:361
[0]:19704142 [1]:1889476 [2]:72 [3]:357
[0]:19926801 [1]:1911979 [2]:72 [3]:362
[0]:20130121 [1]:1932693 [2]:72 [3]:358
[0]:20328296 [1]:1952792 [2]:72 [3]:63
[0]:20558321 [1]:1976038 [2]:72 [3]:364
[0]:20772477 [1]:1997864 [2]:72 [3]:78
[0]:20971254 [1]:2017887 [2]:72 [3]:359
[0]:21173158 [1]:2038340 [2]:72 [3]:360
[0]:21377453 [1]:2059054 [2]:71 [3]:372
[0]:21625533 [1]:2084106 [2]:71 [3]:364
[0]:21825628 [1]:2104308 [2]:71 [3]:360
[0]:22019988 [1]:2124036 [2]:71 [3]:57
[0]:22219897 [1]:2144277 [2]:71 [3]:61
[0]:22412555 [1]:2163655 [2]:71 [3]:67
[0]:22631263 [1]:2185836 [2]:71 [3]:55
[0]:22836826 [1]:2206633 [2]:70 [3]:360
[0]:23038753 [1]:2227009 [2]:70 [3]:73
[0]:23296577 [1]:2253259 [2]:70 [3]:70
[0]:23526444 [1]:2276558 [2]:70 [3]:60
[0]:23732110 [1]:2297332 [2]:70 [3]:363
[0]:23927726 [1]:2317036 [2]:70 [3]:76
[0]:24157215 [1]:2340537 [2]:70 [3]:361
[0]:24376709 [1]:2362911 [2]:70 [3]:74
[0]:24578277 [1]:2383276 [2]:70 [3]:75
[0]:24832599 [1]:2408925 [2]:70 [3]:46
[0]:25029678 [1]:2428802 [2]:70 [3]:60
[0]:25225366 [1]:2448684 [2]:70 [3]:55
[0]:25460943 [1]:2472514 [2]:70 [3]:62
[0]:25656559 [1]:2492230 [2]:70 [3]:64
[0]:25853516 [1]:2512137 [2]:70 [3]:69
[0]:26059102 [1]:2532982 [2]:70 [3]:361
[0]:26269565 [1]:2554269 [2]:70 [3]:74
[0]:26470223 [1]:2574621 [2]:70 [3]:66
[0]:26696397 [1]:2608981 [2]:70 [3]:363
[0]:26903209 [1]:2640795 [2]:70 [3]:59
[0]:27086220 [1]:2668977 [2]:70 [3]:358
[0]:27288225 [1]:2700043 [2]:70 [3]:364
[0]:27481399 [1]:2729682 [2]:70 [3]:68
[0]:27679103 [1]:2760223 [2]:70 [3]:59
[0]:27873264 [1]:2790130 [2]:74 [3]:69
[0]:28074907 [1]:2821194 [2]:74 [3]:68
[0]:28273272 [1]:2851783 [2]:74 [3]:367
[0]:28468916 [1]:2881851 [2]:74 [3]:62
[0]:28664763 [1]:2911992 [2]:74 [3]:373
[0]:28876551 [1]:2944574 [2]:74 [3]:360
[0]:29082381 [1]:2976188 [2]:74 [3]:357
[0]:29283892 [1]:3007180 [2]:74 [3]:360
[0]:29478755 [1]:3037178 [2]:74 [3]:363
[0]:29731583 [1]:3076195 [2]:74 [3]:61
[0]:29921968 [1]:3105541 [2]:79 [3]:353
[0]:30123451 [1]:3136605 [2]:79 [3]:363
[0]:30320845 [1]:3167052 [2]:79 [3]:362
[0]:30516288 [1]:3197209 [2]:79 [3]:75
[0]:30712949 [1]:3227461 [2]:79 [3]:370
[0]:30981566 [1]:3268984 [2]:79 [3]:370
[0]:31175907 [1]:3298934 [2]:79 [3]:368
[0]:31372902 [1]:3329198 [2]:79 [3]:57
[0]:31578506 [1]:3360808 [2]:79 [3]:61
[0]:31774113 [1]:3390871 [2]:79 [3]:67
[0]:31974309 [1]:3421716 [2]:83 [3]:354
[0]:32197409 [1]:3456013 [2]:83 [3]:366
[0]:32405275 [1]:3488089 [2]:83 [3]:362
[0]:32619957 [1]:3521153 [2]:83 [3]:362
[0]:32825134 [1]:3552749 [2]:83 [3]:72
[0]:33037919 [1]:3585382 [2]:83 [3]:58
[0]:33231995 [1]:3615432 [2]:83 [3]:371
[0]:33433360 [1]:3646456 [2]:83 [3]:360
[0]:33683086 [1]:3685012 [2]:83 [3]:357
[0]:33881153 [1]:3715453 [2]:83 [3]:364
[0]:34086476 [1]:3747136 [2]:86 [3]:61
[0]:34284962 [1]:3777687 [2]:86 [3]:57
[0]:34484774 [1]:3808523 [2]:86 [3]:68
[0]:34674056 [1]:3837682 [2]:86 [3]:65
[0]:34873799 [1]:3868392 [2]:86 [3]:361
[0]:35090186 [1]:3901756 [2]:86 [3]:55
[0]:35288777 [1]:3932303 [2]:86 [3]:365
[0]:35489516 [1]:3963259 [2]:86 [3]:364
[0]:35706007 [1]:3996464 [2]:86 [3]:60
[0]:35907492 [1]:4027523 [2]:86 [3]:64
[0]:36105120 [1]:4058093 [2]:88 [3]:78
[0]:36310359 [1]:4089770 [2]:88 [3]:66
[0]:36507156 [1]:4120062 [2]:88 [3]:63
[0]:36808130 [1]:4166414 [2]:88 [3]:350
[0]:37002785 [1]:4196342 [2]:88 [3]:69
[0]:37206132 [1]:4227641 [2]:88 [3]:53
[0]:37440618 [1]:4263868 [2]:88 [3]:367
[0]:37640828 [1]:4294627 [2]:88 [3]:64
[0]:37914343 [1]:4336760 [2]:88 [3]:68
[0]:38112797 [1]:4367411 [2]:90 [3]:361
[0]:38385113 [1]:4409352 [2]:90 [3]:54
[0]:38579161 [1]:4439218 [2]:90 [3]:364
[0]:38770089 [1]:4468584 [2]:90 [3]:361
[0]:38964101 [1]:4498473 [2]:90 [3]:362
[0]:39161316 [1]:4528845 [2]:90 [3]:60
[0]:39387712 [1]:4563816 [2]:90 [3]:66
[0]:39579151 [1]:4593278 [2]:90 [3]:362
[0]:39782666 [1]:4624818 [2]:90 [3]:363
[0]:39985947 [1]:4656068 [2]:90 [3]:361
[0]:40183735 [1]:4686498 [2]:92 [3]:363
[0]:40380702 [1]:4716748 [2]:92 [3]:50
[0]:40594222 [1]:4749702 [2]:92 [3]:351
[0]:40783537 [1]:4778835 [2]:92 [3]:363
[0]:40978492 [1]:4808964 [2]:92 [3]:58
[0]:41213543 [1]:4845085 [2]:92 [3]:363
[0]:41411509 [1]:4875448 [2]:92 [3]:365
[0]:41609273 [1]:4905910 [2]:92 [3]:356
[0]:41850063 [1]:4943021 [2]:92 [3]:362
[0]:42076944 [1]:4978032 [2]:93 [3]:362
[0]:42271936 [1]:5008039 [2]:93 [3]:62
[0]:42463781 [1]:5037575 [2]:93 [3]:60
[0]:42661587 [1]:5068078 [2]:93 [3]:365
[0]:42866816 [1]:5099704 [2]:93 [3]:358
[0]:43064299 [1]:5130167 [2]:93 [3]:63
[0]:43266171 [1]:5161293 [2]:93 [3]:72
[0]:43466245 [1]:5192192 [2]:93 [3]:50
[0]:43687450 [1]:5226363 [2]:93 [3]:360
[0]:43885275 [1]:5256872 [2]:93 [3]:364
[0]:44083821 [1]:5287493 [2]:93 [3]:363
[0]:44295740 [1]:5320120 [2]:94 [3]:368
[0]:44529226 [1]:5356090 [2]:94 [3]:359
[0]:44724727 [1]:5386165 [2]:94 [3]:67
[0]:44922784 [1]:5416627 [2]:94 [3]:68
[0]:45113085 [1]:5445912 [2]:94 [3]:74
[0]:45312932 [1]:5476716 [2]:94 [3]:366
[0]:45502899 [1]:5506004 [2]:94 [3]:361
[0]:45691401 [1]:5535071 [2]:94 [3]:61
[0]:45881864 [1]:5564291 [2]:94 [3]:363
[0]:46148068 [1]:5605201 [2]:94 [3]:360
[0]:46343215 [1]:5635292 [2]:95 [3]:65
[0]:46534983 [1]:5664807 [2]:95 [3]:368
[0]:46781316 [1]:5702766 [2]:95 [3]:362
[0]:46967799 [1]:5731334 [2]:95 [3]:60
[0]:47169635 [1]:5762361 [2]:95 [3]:362
[0]:47367195 [1]:5792872 [2]:95 [3]:360
[0]:47568522 [1]:5824101 [2]:95 [3]:365
[0]:47833366 [1]:5864791 [2]:95 [3]:58
[0]:48024060 [1]:5894037 [2]:95 [3]:57
[0]:48268499 [1]:5931659 [2]:96 [3]:355
[0]:48457716 [1]:5960772 [2]:96 [3]:366
[0]:48662198 [1]:5992231 [2]:96 [3]:356
[0]:48866152 [1]:6023617 [2]:96 [3]:63
[0]:49061430 [1]:6053721 [2]:96 [3]:57
[0]:49259310 [1]:6084078 [2]:96 [3]:354
[0]:49490738 [1]:6119618 [2]:96 [3]:353
[0]:49755935 [1]:6160388 [2]:96 [3]:61
[0]:49953570 [1]:6190793 [2]:96 [3]:364
[0]:50155180 [1]:6221787 [2]:96 [3]:60
[0]:50363727 [1]:6253880 [2]:96 [3]:68
[0]:50570525 [1]:6285634 [2]:96 [3]:362
[0]:50767256 [1]:6315860 [2]:96 [3]:362
[0]:50961133 [1]:6345636 [2]:96 [3]:365
[0]:51154451 [1]:6375413 [2]:96 [3]:64
[0]:51359590 [1]:6406958 [2]:96 [3]:363
[0]:51562310 [1]:6438166 [2]:96 [3]:370
[0]:51752602 [1]:6467404 [2]:96 [3]:56
[0]:51953994 [1]:6498405 [2]:96 [3]:54
[0]:52148125 [1]:6528302 [2]:96 [3]:58
[0]:52347770 [1]:6559091 [2]:96 [3]:58
[0]:52549319 [1]:6590041 [2]:96 [3]:71
[0]:52749333 [1]:6620940 [2]:96 [3]:60
[0]:52989385 [1]:6657880 [2]:96 [3]:354
[0]:53180967 [1]:6687412 [2]:96 [3]:356
[0]:53377205 [1]:6717777 [2]:96 [3]:58
[0]:53569880 [1]:6747339 [2]:96 [3]:361
[0]:53771361 [1]:6778402 [2]:96 [3]:363
[0]:53965487 [1]:6808285 [2]:96 [3]:365
[0]:54159251 [1]:6838268 [2]:96 [3]:69
[0]:54360755 [1]:6869382 [2]:96 [3]:359
[0]:54562567 [1]:6900519 [2]:96 [3]:70
[0]:54797501 [1]:6936649 [2]:96 [3]:64
[0]:54995244 [1]:6967120 [2]:96 [3]:64
[0]:55196218 [1]:6998188 [2]:96 [3]:364
[0]:55439198 [1]:7035679 [2]:96 [3]:69
[0]:55647834 [1]:7067748 [2]:96 [3]:359
[0]:55842102 [1]:7097571 [2]:96 [3]:367
[0]:56043738 [1]:7128707 [2]:96 [3]:74
[0]:56237734 [1]:7158572 [2]:96 [3]:367
[0]:56433293 [1]:7188557 [2]:96 [3]:61
[0]:56625952 [1]:7218238 [2]:96 [3]:361
[0]:56842496 [1]:7251536 [2]:96 [3]:59
[0]:57047329 [1]:7283054 [2]:96 [3]:52
[0]:57241812 [1]:7312907 [2]:96 [3]:358
[0]:57442802 [1]:7343942 [2]:96 [3]:359
[0]:57634906 [1]:7373574 [2]:96 [3]:361
[0]:57900130 [1]:7414503 [2]:96 [3]:66
[0]:58099848 [1]:7445274 [2]:96 [3]:64
[0]:58301489 [1]:7476344 [2]:96 [3]:365
[0]:58501874 [1]:7507272 [2]:96 [3]:360
[0]:58696905 [1]:7537362 [2]:96 [3]:358
[0]:58902256 [1]:7568940 [2]:96 [3]:364
[0]:59111138 [1]:7600988 [2]:96 [3]:362
[0]:59312457 [1]:7632139 [2]:96 [3]:360
[0]:59503835 [1]:7661614 [2]:96 [3]:60
[0]:59700586 [1]:7691845 [2]:96 [3]:62
[0]:59891207 [1]:7721173 [2]:96 [3]:56
[0]:60092484 [1]:7752123 [2]:96 [3]:358
[0]:60301248 [1]:7784297 [2]:96 [3]:363
[0]:60497095 [1]:7814459 [2]:96 [3]:368
[0]:60701529 [1]:7845918 [2]:96 [3]:361
[0]:60915825 [1]:7878866 [2]:96 [3]:69
[0]:61182518 [1]:7919872 [2]:96 [3]:361
[0]:61379557 [1]:7950322 [2]:96 [3]:55
[0]:61625548 [1]:7988193 [2]:96 [3]:61
[0]:61820310 [1]:8018220 [2]:96 [3]:360
[0]:62014665 [1]:8048033 [2]:96 [3]:67
[0]:62215011 [1]:8078852 [2]:96 [3]:58
[0]:62405589 [1]:8108202 [2]:96 [3]:356
[0]:62606493 [1]:8139086 [2]:96 [3]:63
[0]:62813267 [1]:8170925 [2]:96 [3]:360
[0]:63014757 [1]:8202009 [2]:96 [3]:367
[0]:63208831 [1]:8231880 [2]:96 [3]:55
[0]:63406647 [1]:8262313 [2]:96 [3]:64
[0]:63615549 [1]:8294445 [2]:96 [3]:353
[0]:63809303 [1]:8324219 [2]:96 [3]:67
[0]:64018757 [1]:8356530 [2]:96 [3]:362
[0]:64208708 [1]:8385759 [2]:96 [3]:360
[0]:64452040 [1]:8423182 [2]:96 [3]:359
[0]:64644139 [1]:8452741 [2]:96 [3]:367
[0]:65057007 [1]:8507366 [2]:96 [3]:368
[0]:65269528 [1]:8528149 [2]:96 [3]:358
[0]:65478204 [1]:8548642 [2]:96 [3]:84
[0]:65690938 [1]:8569439 [2]:96 [3]:81
[0]:65903376 [1]:8590298 [2]:96 [3]:374
[0]:66108314 [1]:8610265 [2]:96 [3]:361
[0]:66309338 [1]:8629777 [2]:96 [3]:369
[0]:66569199 [1]:8655186 [2]:96 [3]:367
[0]:66774004 [1]:8675118 [2]:96 [3]:95
[0]:66976007 [1]:8694760 [2]:95 [3]:84
[0]:67242233 [1]:8720829 [2]:95 [3]:99
[0]:67447506 [1]:8740808 [2]:95 [3]:366
[0]:67662132 [1]:8761917 [2]:95 [3]:362
[0]:67876712 [1]:8782824 [2]:95 [3]:372
[0]:68089195 [1]:8803565 [2]:95 [3]:84
[0]:68298174 [1]:8823921 [2]:95 [3]:365
[0]:68518570 [1]:8845576 [2]:95 [3]:378
[0]:68739017 [1]:8867167 [2]:95 [3]:360
[0]:68947645 [1]:8887415 [2]:95 [3]:367
[0]:69144815 [1]:8906503 [2]:95 [3]:82
[0]:69357564 [1]:8927248 [2]:95 [3]:97
[0]:69560886 [1]:8947014 [2]:95 [3]:370
[0]:69758304 [1]:8966480 [2]:95 [3]:354
[0]:69970906 [1]:8987420 [2]:95 [3]:80
[0]:70180343 [1]:9007818 [2]:95 [3]:373
[0]:70393074 [1]:9028549 [2]:95 [3]:82
[0]:70612575 [1]:9050060 [2]:95 [3]:81
[0]:70822201 [1]:9070444 [2]:95 [3]:366
[0]:71031574 [1]:9091133 [2]:95 [3]:356
[0]:71247106 [1]:9112192 [2]:95 [3]:90
[0]:71538247 [1]:9140774 [2]:95 [3]:95
[0]:71792236 [1]:9165630 [2]:95 [3]:96
[0]:72007478 [1]:9186698 [2]:95 [3]:352
[0]:72226073 [1]:9208253 [2]:95 [3]:72
[0]:72433498 [1]:9228453 [2]:95 [3]:96
[0]:72641164 [1]:9248749 [2]:95 [3]:105
[0]:72845553 [1]:9268760 [2]:95 [3]:87
[0]:73086248 [1]:9292171 [2]:95 [3]:86
[0]:73289751 [1]:9312049 [2]:95 [3]:89
[0]:73503586 [1]:9333007 [2]:95 [3]:82
[0]:73724291 [1]:9354439 [2]:95 [3]:363
[0]:73938857 [1]:9375443 [2]:95 [3]:75
[0]:74141530 [1]:9395385 [2]:95 [3]:364
[0]:74346215 [1]:9415633 [2]:95 [3]:347
[0]:74588725 [1]:9439244 [2]:95 [3]:373
[0]:74802488 [1]:9460090 [2]:95 [3]:377
[0]:75008929 [1]:9480259 [2]:95 [3]:350
[0]:75219292 [1]:9500828 [2]:95 [3]:79
[0]:75441010 [1]:9522437 [2]:95 [3]:78
[0]:75653680 [1]:9543218 [2]:95 [3]:372
[0]:75856843 [1]:9562997 [2]:95 [3]:92
[0]:76062284 [1]:9583105 [2]:95 [3]:82
[0]:76298296 [1]:9606483 [2]:95 [3]:377
[0]:76511952 [1]:9627378 [2]:95 [3]:87
[0]:76748712 [1]:9650526 [2]:95 [3]:360
[0]:77012115 [1]:9676005 [2]:95 [3]:372
[0]:77232831 [1]:9697465 [2]:95 [3]:104
[0]:77437726 [1]:9717489 [2]:95 [3]:368
[0]:77661926 [1]:9739496 [2]:95 [3]:360
[0]:77886586 [1]:9761429 [2]:95 [3]:95
[0]:78161649 [1]:9788311 [2]:95 [3]:93
[0]:78367643 [1]:9808415 [2]:95 [3]:83
[0]:78571881 [1]:9828253 [2]:95 [3]:363
[0]:78799724 [1]:9850590 [2]:95 [3]:360
[0]:79017227 [1]:9871998 [2]:95 [3]:79
[0]:79287662 [1]:9898444 [2]:95 [3]:362
[0]:79496992 [1]:9918850 [2]:95 [3]:112
[0]:79708213 [1]:9939415 [2]:95 [3]:364
[0]:79921680 [1]:9960519 [2]:95 [3]:92
[0]:80129956 [1]:9980911 [2]:95 [3]:365
[0]:80350397 [1]:10002443 [2]:95 [3]:89
[0]:80551341 [1]:10021901 [2]:95 [3]:370
[0]:80765119 [1]:10042590 [2]:95 [3]:370
[0]:80973918 [1]:10063073 [2]:95 [3]:79
[0]:81182773 [1]:10083428 [2]:95 [3]:74
[0]:81389110 [1]:10103529 [2]:95 [3]:83
[0]:81600116 [1]:10124102 [2]:95 [3]:367
[0]:81804743 [1]:10144312 [2]:95 [3]:90
[0]:82009606 [1]:10164183 [2]:95 [3]:357
[0]:82216956 [1]:10184462 [2]:95 [3]:373
[0]:82434996 [1]:10205795 [2]:95 [3]:368
[0]:82643741 [1]:10226233 [2]:95 [3]:361
[0]:82848533 [1]:10246144 [2]:95 [3]:359
[0]:83088193 [1]:10269451 [2]:95 [3]:372
[0]:83309377 [1]:10290956 [2]:95 [3]:366
[0]:83521009 [1]:10311853 [2]:95 [3]:360
[0]:83731126 [1]:10332500 [2]:95 [3]:106
[0]:83951096 [1]:10353896 [2]:95 [3]:368
[0]:84159958 [1]:10374225 [2]:95 [3]:364
[0]:84359838 [1]:10393636 [2]:95 [3]:358
[0]:84573740 [1]:10414445 [2]:95 [3]:76
[0]:84772490 [1]:10433948 [2]:95 [3]:366
[0]:84967328 [1]:10453081 [2]:95 [3]:371
[0]:85175794 [1]:10473370 [2]:95 [3]:364
[0]:85376760 [1]:10493080 [2]:95 [3]:96
[0]:85640155 [1]:10518893 [2]:95 [3]:85
[0]:85882869 [1]:10542684 [2]:95 [3]:376
[0]:86081761 [1]:10562001 [2]:95 [3]:94
[0]:86294187 [1]:10582855 [2]:95 [3]:90
[0]:86502943 [1]:10603260 [2]:95 [3]:376
[0]:86715552 [1]:10623918 [2]:95 [3]:76
[0]:86932614 [1]:10645095 [2]:95 [3]:366
[0]:87142270 [1]:10665651 [2]:95 [3]:86
[0]:87353800 [1]:10686181 [2]:95 [3]:362
[0]:87598164 [1]:10709911 [2]:95 [3]:363
[0]:87810832 [1]:10730673 [2]:95 [3]:363
[0]:88031149 [1]:10752355 [2]:95 [3]:359
[0]:88235626 [1]:10772570 [2]:95 [3]:357
[0]:88452328 [1]:10793656 [2]:95 [3]:368
[0]:88660609 [1]:10813962 [2]:95 [3]:372
[0]:88865977 [1]:10833961 [2]:95 [3]:373
[0]:89078504 [1]:10854732 [2]:95 [3]:362
[0]:89310591 [1]:10877269 [2]:95 [3]:371
[0]:89519819 [1]:10897666 [2]:95 [3]:372
[0]:89744262 [1]:10919517 [2]:95 [3]:370
[0]:89961105 [1]:10940586 [2]:95 [3]:88
[0]:90165081 [1]:10960463 [2]:95 [3]:82
[0]:90373176 [1]:10980639 [2]:95 [3]:366
[0]:90579546 [1]:11000773 [2]:95 [3]:100
[0]:90784176 [1]:11020880 [2]:95 [3]:380
[0]:90992732 [1]:11041427 [2]:95 [3]:363
[0]:91197557 [1]:11061556 [2]:95 [3]:89
[0]:91410806 [1]:11082449 [2]:95 [3]:359
[0]:91618640 [1]:11102663 [2]:95 [3]:362
[0]:91823930 [1]:11122728 [2]:95 [3]:86
[0]:92028512 [1]:11142636 [2]:95 [3]:372
[0]:92244841 [1]:11163923 [2]:95 [3]:377
[0]:92449030 [1]:11184511 [2]:95 [3]:110
[0]:92657770 [1]:11205007 [2]:95 [3]:84
[0]:92870639 [1]:11225694 [2]:95 [3]:363
[0]:93075422 [1]:11245494 [2]:95 [3]:359
[0]:93288169 [1]:11266359 [2]:95 [3]:78
[0]:93532058 [1]:11292062 [2]:95 [3]:359
[0]:93736200 [1]:11318830 [2]:95 [3]:357
[0]:93934515 [1]:11344896 [2]:95 [3]:373
[0]:94155740 [1]:11374011 [2]:95 [3]:86
[0]:94366299 [1]:11401610 [2]:95 [3]:359
[0]:94571605 [1]:11428620 [2]:95 [3]:365
[0]:94779367 [1]:11456016 [2]:95 [3]:82
[0]:94992087 [1]:11483885 [2]:95 [3]:361
[0]:95196632 [1]:11510701 [2]:99 [3]:72
[0]:95405147 [1]:11538189 [2]:99 [3]:81
[0]:95621566 [1]:11566630 [2]:99 [3]:361
[0]:95831265 [1]:11594272 [2]:99 [3]:366
[0]:96050575 [1]:11623071 [2]:99 [3]:365
[0]:96267009 [1]:11651390 [2]:99 [3]:94
[0]:96462870 [1]:11677190 [2]:99 [3]:375
[0]:96676845 [1]:11705262 [2]:99 [3]:78
[0]:96888705 [1]:11733000 [2]:99 [3]:358
[0]:97101282 [1]:11760962 [2]:99 [3]:370
[0]:97309682 [1]:11788328 [2]:99 [3]:364
[0]:97526821 [1]:11816906 [2]:99 [3]:359
[0]:97763841 [1]:11848004 [2]:99 [3]:364
[0]:97968534 [1]:11874891 [2]:99 [3]:368
[0]:98168608 [1]:11901109 [2]:99 [3]:366
[0]:98368106 [1]:11927359 [2]:99 [3]:82
[0]:98584846 [1]:11955816 [2]:99 [3]:370
[0]:98835938 [1]:11988828 [2]:108 [3]:358
[0]:99053005 [1]:12017364 [2]:108 [3]:368
[0]:99269495 [1]:12045756 [2]:108 [3]:367
[0]:99475934 [1]:12072881 [2]:108 [3]:367
[0]:99678812 [1]:12099482 [2]:108 [3]:366
[0]:99887330 [1]:12126905 [2]:108 [3]:364
[0]:100088236 [1]:12153196 [2]:108 [3]:360
[0]:100299950 [1]:12181000 [2]:108 [3]:363
[0]:100504921 [1]:12207910 [2]:108 [3]:357
[0]:100717757 [1]:12235808 [2]:108 [3]:72
[0]:100926390 [1]:12263171 [2]:108 [3]:364
[0]:101166507 [1]:12294656 [2]:108 [3]:368
[0]:101370869 [1]:12321519 [2]:108 [3]:367
[0]:101579598 [1]:12348998 [2]:108 [3]:365
[0]:101780096 [1]:12375357 [2]:108 [3]:372
[0]:101989889 [1]:12402890 [2]:108 [3]:372
[0]:102205415 [1]:12431079 [2]:108 [3]:364
[0]:102413487 [1]:12458421 [2]:108 [3]:369
[0]:102614594 [1]:12484941 [2]:108 [3]:362
[0]:102816097 [1]:12511408 [2]:115 [3]:359
[0]:103022817 [1]:12538602 [2]:115 [3]:359
[0]:103235289 [1]:12566706 [2]:115 [3]:370
[0]:103448364 [1]:12594657 [2]:115 [3]:363
[0]:103692652 [1]:12626745 [2]:115 [3]:365
[0]:103897283 [1]:12653646 [2]:115 [3]:366
[0]:104105755 [1]:12681065 [2]:115 [3]:354
[0]:104327856 [1]:12710158 [2]:115 [3]:365
[0]:104533294 [1]:12737058 [2]:115 [3]:360
[0]:104743451 [1]:12764714 [2]:115 [3]:369
[0]:104951891 [1]:12792229 [2]:115 [3]:364
[0]:105152396 [1]:12818609 [2]:115 [3]:362
[0]:105361378 [1]:12845993 [2]:115 [3]:358
[0]:105565445 [1]:12872867 [2]:115 [3]:75
[0]:105774436 [1]:12900248 [2]:115 [3]:367
[0]:105987920 [1]:12928208 [2]:115 [3]:359
[0]:106203496 [1]:12956509 [2]:115 [3]:362
[0]:106418076 [1]:12984649 [2]:115 [3]:369
[0]:106624467 [1]:13011795 [2]:121 [3]:365
[0]:106842137 [1]:13040373 [2]:121 [3]:365
[0]:107046564 [1]:13067241 [2]:121 [3]:365
[0]:107265734 [1]:13096077 [2]:121 [3]:88
[0]:107472641 [1]:13123229 [2]:121 [3]:370
[0]:107677696 [1]:13150207 [2]:121 [3]:362
[0]:107883770 [1]:13177305 [2]:121 [3]:361
[0]:108091737 [1]:13204674 [2]:121 [3]:357
[0]:108304686 [1]:13232608 [2]:121 [3]:372
[0]:108511686 [1]:13259850 [2]:121 [3]:365
[0]:108725739 [1]:13288052 [2]:121 [3]:363
[0]:108926391 [1]:13314302 [2]:121 [3]:369
[0]:109135185 [1]:13341697 [2]:121 [3]:360
[0]:109343812 [1]:13369026 [2]:121 [3]:360
[0]:109544429 [1]:13395416 [2]:121 [3]:356
[0]:109778314 [1]:13426101 [2]:121 [3]:370
[0]:109988949 [1]:13453795 [2]:121 [3]:372
[0]:110197690 [1]:13481257 [2]:121 [3]:371
[0]:110410067 [1]:13509233 [2]:125 [3]:360
[0]:110617693 [1]:13536668 [2]:125 [3]:358
[0]:110823290 [1]:13563674 [2]:125 [3]:365
[0]:111034827 [1]:13591314 [2]:125 [3]:362
[0]:111266611 [1]:13621800 [2]:125 [3]:367
[0]:111476557 [1]:13649311 [2]:125 [3]:355
[0]:111700840 [1]:13678755 [2]:125 [3]:80
[0]:111900343 [1]:13704983 [2]:125 [3]:362
[0]:112113983 [1]:13733041 [2]:125 [3]:362
[0]:112383529 [1]:13768360 [2]:125 [3]:370
[0]:112586355 [1]:13795019 [2]:125 [3]:373
[0]:112790974 [1]:13821864 [2]:125 [3]:84
[0]:112999504 [1]:13849272 [2]:125 [3]:373
[0]:113208098 [1]:13876571 [2]:125 [3]:88
[0]:113423001 [1]:13904919 [2]:125 [3]:368
[0]:113629038 [1]:13932122 [2]:125 [3]:361
[0]:113836570 [1]:13959394 [2]:125 [3]:363
[0]:114049376 [1]:13987301 [2]:125 [3]:362
[0]:114266469 [1]:14015733 [2]:129 [3]:356
[0]:114475075 [1]:14043094 [2]:129 [3]:366
[0]:114683808 [1]:14070499 [2]:129 [3]:372
[0]:114888409 [1]:14097323 [2]:129 [3]:362
[0]:115096208 [1]:14124777 [2]:129 [3]:373
[0]:115304627 [1]:14152134 [2]:129 [3]:372
[0]:115513910 [1]:14179636 [2]:129 [3]:377
[0]:115726496 [1]:14207640 [2]:129 [3]:375
[0]:115942948 [1]:14236076 [2]:129 [3]:79
[0]:116150140 [1]:14263277 [2]:129 [3]:359
[0]:116407243 [1]:14297042 [2]:129 [3]:365
[0]:116620802 [1]:14325245 [2]:129 [3]:372
[0]:116832284 [1]:14352906 [2]:129 [3]:366
[0]:117074943 [1]:14384715 [2]:129 [3]:366
[0]:117280795 [1]:14411990 [2]:129 [3]:361
[0]:117493207 [1]:14439976 [2]:129 [3]:359
[0]:117701736 [1]:14467308 [2]:129 [3]:80
[0]:117905713 [1]:14493934 [2]:129 [3]:359
[0]:118134744 [1]:14523982 [2]:132 [3]:362
[0]:118349235 [1]:14552285 [2]:132 [3]:78
[0]:118549630 [1]:14578628 [2]:132 [3]:361
[0]:118766985 [1]:14607196 [2]:132 [3]:368
[0]:118972699 [1]:14634357 [2]:132 [3]:366
[0]:119183716 [1]:14662091 [2]:132 [3]:362
[0]:119397787 [1]:14690158 [2]:132 [3]:374
[0]:119600526 [1]:14716844 [2]:132 [3]:365
[0]:119813889 [1]:14744851 [2]:132 [3]:367
[0]:120031198 [1]:14773498 [2]:132 [3]:370
[0]:120243432 [1]:14801292 [2]:132 [3]:357
[0]:120440335 [1]:14827092 [2]:132 [3]:370
[0]:120651342 [1]:14854962 [2]:132 [3]:359
[0]:120859045 [1]:14882356 [2]:132 [3]:363
[0]:121121466 [1]:14916798 [2]:132 [3]:368
[0]:121325445 [1]:14943556 [2]:132 [3]:363
[0]:121534467 [1]:14970920 [2]:132 [3]:363
[0]:121742046 [1]:14998053 [2]:132 [3]:359
[0]:121947713 [1]:15025042 [2]:134 [3]:367
[0]:122172126 [1]:15054438 [2]:134 [3]:369
[0]:122384635 [1]:15082378 [2]:134 [3]:359
[0]:122583088 [1]:15108419 [2]:134 [3]:364
[0]:122785945 [1]:15135153 [2]:134 [3]:364
[0]:123000409 [1]:15163407 [2]:134 [3]:358
[0]:123210906 [1]:15190973 [2]:134 [3]:368
[0]:123423412 [1]:15218906 [2]:134 [3]:370
[0]:123628063 [1]:15245721 [2]:134 [3]:372
[0]:123832723 [1]:15272559 [2]:134 [3]:79
[0]:124041364 [1]:15299922 [2]:134 [3]:369
[0]:124253879 [1]:15327932 [2]:134 [3]:365
[0]:124461136 [1]:15355024 [2]:134 [3]:369
[0]:124663096 [1]:15381527 [2]:134 [3]:358
[0]:124879638 [1]:15409854 [2]:134 [3]:362
[0]:125084218 [1]:15436689 [2]:134 [3]:359
[0]:125300749 [1]:15465106 [2]:134 [3]:368
[0]:125517141 [1]:15493571 [2]:134 [3]:363
[0]:125725731 [1]:15520947 [2]:136 [3]:371
[0]:125926368 [1]:15547379 [2]:136 [3]:360
[0]:126153751 [1]:15577442 [2]:136 [3]:372
[0]:126359162 [1]:15604401 [2]:136 [3]:370
[0]:126565027 [1]:15631576 [2]:136 [3]:370
[0]:126828630 [1]:15666094 [2]:136 [3]:366
[0]:127057564 [1]:15696080 [2]:136 [3]:75
[0]:127256197 [1]:15722133 [2]:136 [3]:361
[0]:127504325 [1]:15754706 [2]:136 [3]:367
[0]:127705123 [1]:15780971 [2]:136 [3]:361
[0]:127913601 [1]:15808469 [2]:136 [3]:364
[0]:128115711 [1]:15835030 [2]:136 [3]:366
[0]:128338612 [1]:15864250 [2]:136 [3]:365
[0]:128549767 [1]:15891923 [2]:136 [3]:368
[0]:128755748 [1]:15918994 [2]:136 [3]:361
[0]:128976162 [1]:15947956 [2]:136 [3]:371
[0]:129192608 [1]:15976365 [2]:136 [3]:361
[0]:129393293 [1]:16002619 [2]:136 [3]:373
[0]:129613808 [1]:16031557 [2]:137 [3]:77
[0]:129822142 [1]:16058950 [2]:137 [3]:357
[0]:130050182 [1]:16088758 [2]:137 [3]:370
[0]:130257195 [1]:16115974 [2]:137 [3]:82
[0]:130463725 [1]:16143128 [2]:137 [3]:364
[0]:130672623 [1]:16170503 [2]:137 [3]:76
[0]:130881453 [1]:16197816 [2]:137 [3]:365
[0]:131088242 [1]:16225066 [2]:137 [3]:370
[0]:131298025 [1]:16252733 [2]:137 [3]:363
[0]:131496920 [1]:16278985 [2]:137 [3]:371
[0]:131706185 [1]:16306535 [2]:137 [3]:365
[0]:131907491 [1]:16332896 [2]:137 [3]:364
[0]:132118073 [1]:16360658 [2]:137 [3]:373
[0]:132324892 [1]:16387786 [2]:137 [3]:366
[0]:132579967 [1]:16421176 [2]:137 [3]:370
[0]:132785289 [1]:16448225 [2]:137 [3]:372
[0]:132995393 [1]:16475822 [2]:137 [3]:362
[0]:133214131 [1]:16504609 [2]:137 [3]:360
[0]:133418783 [1]:16531515 [2]:138 [3]:366
[0]:133631284 [1]:16559436 [2]:138 [3]:368
[0]:133833465 [1]:16598995 [2]:138 [3]:353
[0]:134042828 [1]:16642398 [2]:138 [3]:61
[0]:134237051 [1]:16682717 [2]:138 [3]:364
[0]:134433723 [1]:16723481 [2]:138 [3]:368
[0]:134631703 [1]:16764448 [2]:138 [3]:56
[0]:134824814 [1]:16804578 [2]:138 [3]:360
[0]:135015540 [1]:16844178 [2]:138 [3]:361
[0]:135220656 [1]:16886789 [2]:138 [3]:364
[0]:135418097 [1]:16927693 [2]:138 [3]:353
[0]:135650218 [1]:16975825 [2]:138 [3]:362
[0]:135861425 [1]:17019647 [2]:138 [3]:54
[0]:136058979 [1]:17060680 [2]:138 [3]:359
[0]:136252353 [1]:17100809 [2]:138 [3]:367
[0]:136468596 [1]:17145611 [2]:142 [3]:355
[0]:136655319 [1]:17184272 [2]:142 [3]:352
[0]:136867142 [1]:17228206 [2]:142 [3]:364
[0]:137067346 [1]:17269767 [2]:142 [3]:366
[0]:137255321 [1]:17308664 [2]:142 [3]:351
[0]:137460313 [1]:17351224 [2]:142 [3]:368
[0]:137652885 [1]:17391222 [2]:142 [3]:360
[0]:137844121 [1]:17430939 [2]:142 [3]:369
[0]:138043381 [1]:17472267 [2]:142 [3]:361
[0]:138242197 [1]:17513400 [2]:142 [3]:358
[0]:138440539 [1]:17554505 [2]:142 [3]:366
[0]:138634155 [1]:17594655 [2]:142 [3]:366
[0]:138826904 [1]:17634711 [2]:142 [3]:360
[0]:139038578 [1]:17678613 [2]:142 [3]:357
[0]:139234005 [1]:17719089 [2]:142 [3]:372
[0]:139456263 [1]:17765224 [2]:145 [3]:362
[0]:139654977 [1]:17806457 [2]:145 [3]:54
[0]:139859754 [1]:17848939 [2]:145 [3]:360
[0]:140067118 [1]:17891897 [2]:145 [3]:358
[0]:140270407 [1]:17934074 [2]:145 [3]:59
[0]:140490154 [1]:17979645 [2]:145 [3]:365
[0]:140698553 [1]:18022850 [2]:145 [3]:363
[0]:140896414 [1]:18063947 [2]:145 [3]:356
[0]:141087586 [1]:18103566 [2]:145 [3]:362
[0]:141287785 [1]:18145092 [2]:145 [3]:360
[0]:141485281 [1]:18186084 [2]:145 [3]:364
[0]:141686466 [1]:18227793 [2]:145 [3]:59
[0]:141902667 [1]:18272667 [2]:145 [3]:363
[0]:142100276 [1]:18313639 [2]:145 [3]:362
[0]:142293952 [1]:18353826 [2]:145 [3]:361
[0]:142494994 [1]:18395573 [2]:148 [3]:362
[0]:142696231 [1]:18437307 [2]:148 [3]:359
[0]:142893186 [1]:18478120 [2]:148 [3]:55
[0]:143083970 [1]:18517748 [2]:148 [3]:356
[0]:143279195 [1]:18558241 [2]:148 [3]:55
[0]:143504616 [1]:18604984 [2]:148 [3]:360
[0]:143701672 [1]:18645924 [2]:148 [3]:354
[0]:143907635 [1]:18688618 [2]:148 [3]:361
[0]:144116953 [1]:18732003 [2]:148 [3]:360
[0]:144313794 [1]:18772863 [2]:148 [3]:62
[0]:144544815 [1]:18820776 [2]:148 [3]:64
[0]:144742276 [1]:18861663 [2]:148 [3]:371
[0]:144932562 [1]:18901159 [2]:148 [3]:364
[0]:145163201 [1]:18949009 [2]:148 [3]:364
[0]:145372335 [1]:18992356 [2]:150 [3]:359
[0]:145647925 [1]:19049487 [2]:150 [3]:360
[0]:145841679 [1]:19089716 [2]:150 [3]:364
[0]:146046844 [1]:19132241 [2]:150 [3]:358
[0]:146251443 [1]:19174750 [2]:150 [3]:367
[0]:146467929 [1]:19219652 [2]:150 [3]:58
[0]:146668877 [1]:19261280 [2]:150 [3]:347
[0]:146870350 [1]:19303136 [2]:150 [3]:69
[0]:147067776 [1]:19344117 [2]:150 [3]:363
[0]:147257833 [1]:19383547 [2]:150 [3]:356
[0]:147487641 [1]:19431338 [2]:150 [3]:365
[0]:147686081 [1]:19472431 [2]:150 [3]:366
[0]:147910245 [1]:19518887 [2]:150 [3]:365
[0]:148100260 [1]:19558344 [2]:150 [3]:364
[0]:148295122 [1]:19598738 [2]:152 [3]:363
[0]:148502734 [1]:19641760 [2]:152 [3]:62
[0]:148740333 [1]:19691082 [2]:152 [3]:363
[0]:148938665 [1]:19732198 [2]:152 [3]:358
[0]:149143710 [1]:19774758 [2]:152 [3]:357
[0]:149337505 [1]:19814976 [2]:152 [3]:359
[0]:149531167 [1]:19855051 [2]:152 [3]:360
[0]:149719986 [1]:19894233 [2]:152 [3]:359
[0]:149929980 [1]:19937889 [2]:152 [3]:365
[0]:150130715 [1]:19979552 [2]:152 [3]:357
[0]:150324354 [1]:20019683 [2]:152 [3]:358
[0]:150522594 [1]:20060825 [2]:152 [3]:361
[0]:150716350 [1]:20101028 [2]:152 [3]:366
[0]:150943667 [1]:20148203 [2]:152 [3]:355
[0]:151134572 [1]:20187841 [2]:152 [3]:355
[0]:151334875 [1]:20229334 [2]:153 [3]:62
[0]:151547012 [1]:20273315 [2]:153 [3]:362
[0]:151759387 [1]:20317381 [2]:153 [3]:365
[0]:151961068 [1]:20359212 [2]:153 [3]:362
[0]:152158647 [1]:20400126 [2]:153 [3]:364
[0]:152356173 [1]:20441082 [2]:153 [3]:51
[0]:152541268 [1]:20479438 [2]:153 [3]:355
[0]:152752033 [1]:20523246 [2]:153 [3]:355
[0]:152950813 [1]:20564458 [2]:153 [3]:64
[0]:153153630 [1]:20606494 [2]:153 [3]:365
[0]:153354841 [1]:20648304 [2]:153 [3]:365
[0]:153559696 [1]:20690877 [2]:153 [3]:358
[0]:153761024 [1]:20732679 [2]:153 [3]:365
[0]:153957958 [1]:20773505 [2]:153 [3]:362
[0]:154163444 [1]:20816058 [2]:153 [3]:361
[0]:154372142 [1]:20859390 [2]:154 [3]:359
[0]:154598113 [1]:20906264 [2]:154 [3]:365
[0]:154793273 [1]:20946733 [2]:154 [3]:356
[0]:154990927 [1]:20987637 [2]:154 [3]:371
[0]:155187083 [1]:21028322 [2]:154 [3]:61
[0]:155381510 [1]:21068637 [2]:154 [3]:359
[0]:155648690 [1]:21124089 [2]:154 [3]:363
[0]:155848971 [1]:21165601 [2]:154 [3]:368
[0]:156043934 [1]:21206088 [2]:154 [3]:366
[0]:156242548 [1]:21247316 [2]:154 [3]:360
[0]:156439862 [1]:21288246 [2]:154 [3]:362
[0]:156656708 [1]:21333294 [2]:154 [3]:55
[0]:156855158 [1]:21374390 [2]:154 [3]:363
[0]:157066633 [1]:21418270 [2]:154 [3]:365
[0]:157271544 [1]:21460746 [2]:155 [3]:355
[0]:157469037 [1]:21501689 [2]:155 [3]:359
[0]:157670336 [1]:21543455 [2]:155 [3]:359
[0]:157863983 [1]:21583617 [2]:155 [3]:367
[0]:158057981 [1]:21623841 [2]:155 [3]:354
[0]:158256693 [1]:21665089 [2]:155 [3]:64
[0]:158454669 [1]:21706186 [2]:155 [3]:363
[0]:158658536 [1]:21748481 [2]:155 [3]:57
[0]:158865180 [1]:21791352 [2]:155 [3]:55
[0]:159054719 [1]:21830667 [2]:155 [3]:363
[0]:159287565 [1]:21878930 [2]:155 [3]:360
[0]:159511416 [1]:21925352 [2]:155 [3]:365
[0]:159699961 [1]:21964425 [2]:155 [3]:359
[0]:159898937 [1]:22005659 [2]:155 [3]:361
[0]:160099621 [1]:22047300 [2]:155 [3]:365
[0]:160319402 [1]:22092903 [2]:156 [3]:357
[0]:160539765 [1]:22138523 [2]:156 [3]:363
[0]:160742804 [1]:22180651 [2]:156 [3]:364
[0]:160946409 [1]:22222937 [2]:156 [3]:356
[0]:161139828 [1]:22263130 [2]:156 [3]:368
[0]:161344982 [1]:22305674 [2]:156 [3]:365
[0]:161568522 [1]:22351929 [2]:156 [3]:362
[0]:161762411 [1]:22392208 [2]:156 [3]:58
[0]:161965958 [1]:22434427 [2]:156 [3]:355
[0]:162164864 [1]:22475705 [2]:156 [3]:59
[0]:162373981 [1]:22519040 [2]:156 [3]:58
[0]:162578493 [1]:22561444 [2]:156 [3]:358
[0]:162775980 [1]:22602436 [2]:156 [3]:62
[0]:162973548 [1]:22643458 [2]:156 [3]:361
[0]:163167215 [1]:22683629 [2]:156 [3]:360
[0]:163363881 [1]:22724366 [2]:156 [3]:354
[0]:163560687 [1]:22765221 [2]:156 [3]:369
[0]:163815750 [1]:22818190 [2]:156 [3]:357
[0]:164013271 [1]:22859160 [2]:156 [3]:365
[0]:164214562 [1]:22900912 [2]:156 [3]:354
[0]:164415752 [1]:22942681 [2]:156 [3]:57
[0]:164616166 [1]:22984300 [2]:156 [3]:366
[0]:164814435 [1]:23025477 [2]:156 [3]:364
[0]:165008233 [1]:23065664 [2]:156 [3]:367
[0]:165205826 [1]:23106566 [2]:156 [3]:364
[0]:165399544 [1]:23146752 [2]:156 [3]:359
[0]:165597111 [1]:23187836 [2]:156 [3]:362
[0]:165787165 [1]:23227276 [2]:156 [3]:55
[0]:165979403 [1]:23267163 [2]:156 [3]:365
[0]:166193419 [1]:23311509 [2]:156 [3]:358
[0]:166394592 [1]:23353267 [2]:156 [3]:369
[0]:166592106 [1]:23394251 [2]:156 [3]:359
[0]:166789528 [1]:23435299 [2]:156 [3]:361
[0]:166991107 [1]:23477153 [2]:156 [3]:365
[0]:167184395 [1]:23517198 [2]:156 [3]:364
[0]:167408265 [1]:23563665 [2]:156 [3]:359
[0]:167599073 [1]:23603278 [2]:156 [3]:363
[0]:167797763 [1]:23644558 [2]:156 [3]:365
[0]:167993322 [1]:23685029 [2]:156 [3]:364
[0]:168185770 [1]:23724964 [2]:156 [3]:361
[0]:168380588 [1]:23765387 [2]:156 [3]:359
[0]:168574330 [1]:23805567 [2]:156 [3]:362
[0]:168768035 [1]:23845709 [2]:156 [3]:362
[0]:168973429 [1]:23888247 [2]:156 [3]:361
[0]:169167113 [1]:23928389 [2]:156 [3]:69
[0]:169365616 [1]:23969525 [2]:156 [3]:61
[0]:169565922 [1]:24011033 [2]:156 [3]:358
[0]:169755831 [1]:24050426 [2]:156 [3]:57
[0]:169949507 [1]:24090554 [2]:156 [3]:54
[0]:170176668 [1]:24137732 [2]:156 [3]:356
[0]:170373099 [1]:24178540 [2]:156 [3]:361
[0]:170571989 [1]:24219828 [2]:156 [3]:59
[0]:170793523 [1]:24265691 [2]:156 [3]:364
[0]:170994419 [1]:24307483 [2]:156 [3]:358
[0]:171186419 [1]:24347326 [2]:156 [3]:364
[0]:171378407 [1]:24387261 [2]:156 [3]:366
[0]:171578097 [1]:24428708 [2]:156 [3]:364
[0]:171805594 [1]:24475903 [2]:156 [3]:62
[0]:172003113 [1]:24516866 [2]:156 [3]:365
[0]:172200532 [1]:24557812 [2]:156 [3]:367
[0]:172401454 [1]:24599446 [2]:156 [3]:359
[0]:172619844 [1]:24644700 [2]:156 [3]:365
[0]:172807828 [1]:24683609 [2]:156 [3]:359
[0]:173027549 [1]:24729214 [2]:156 [3]:353
[0]:173214701 [1]:24768039 [2]:156 [3]:362
[0]:173411140 [1]:24808830 [2]:156 [3]:357
[0]:173608977 [1]:24849751 [2]:156 [3]:359
[0]:173806442 [1]:24890802 [2]:156 [3]:354
[0]:174004427 [1]:24931895 [2]:156 [3]:366
[0]:174197588 [1]:24971895 [2]:156 [3]:358
[0]:174396187 [1]:25013125 [2]:156 [3]:363
[0]:174593164 [1]:25053993 [2]:156 [3]:358
[0]:174816900 [1]:25100420 [2]:156 [3]:360
[0]:175017349 [1]:25141999 [2]:156 [3]:64
[0]:175207222 [1]:25181447 [2]:156 [3]:357
[0]:175398091 [1]:25221031 [2]:156 [3]:359
[0]:175616851 [1]:25266365 [2]:156 [3]:366
[0]:175815613 [1]:25307609 [2]:156 [3]:370
[0]:176032353 [1]:25352583 [2]:156 [3]:361
[0]:176221702 [1]:25391857 [2]:156 [3]:358
[0]:176413881 [1]:25431643 [2]:156 [3]:354
[0]:176643054 [1]:25479149 [2]:156 [3]:356
[0]:176847560 [1]:25521672 [2]:156 [3]:364
[0]:177045309 [1]:25562659 [2]:156 [3]:59
[0]:177239453 [1]:25602932 [2]:156 [3]:61
[0]:177438936 [1]:25644242 [2]:156 [3]:353
[0]:177630438 [1]:25684016 [2]:156 [3]:61
[0]:177827953 [1]:25724941 [2]:156 [3]:370
[0]:178029210 [1]:25766720 [2]:156 [3]:359
[0]:178221996 [1]:25806722 [2]:156 [3]:62
[0]:178428018 [1]:25849377 [2]:156 [3]:64
[0]:178621715 [1]:25889606 [2]:156 [3]:368
[0]:178882799 [1]:25943734 [2]:156 [3]:56
[0]:179102658 [1]:25989361 [2]:156 [3]:360
[0]:179296545 [1]:26029482 [2]:156 [3]:57
[0]:179490158 [1]:26069636 [2]:156 [3]:365
[0]:179687140 [1]:26110593 [2]:156 [3]:362
[0]:179892592 [1]:26153215 [2]:156 [3]:363
[0]:180085399 [1]:26193192 [2]:156 [3]:361
[0]:180281544 [1]:26233866 [2]:156 [3]:360
[0]:180477741 [1]:26274536 [2]:156 [3]:348
[0]:180671933 [1]:26314814 [2]:156 [3]:360
[0]:180869101 [1]:26355782 [2]:156 [3]:362
[0]:181070345 [1]:26397516 [2]:156 [3]:359
[0]:181267834 [1]:26438510 [2]:156 [3]:362
[0]:181457855 [1]:26477904 [2]:156 [3]:360
[0]:181724765 [1]:26533266 [2]:156 [3]:56
[0]:181916194 [1]:26573055 [2]:156 [3]:361
[0]:182110067 [1]:26613211 [2]:156 [3]:357
[0]:182307362 [1]:26654166 [2]:156 [3]:365
[0]:182519078 [1]:26698035 [2]:156 [3]:58
[0]:182711152 [1]:26737837 [2]:156 [3]:361
[0]:182902070 [1]:26777398 [2]:156 [3]:361
[0]:183093814 [1]:26817159 [2]:156 [3]:63
[0]:183309314 [1]:26861934 [2]:156 [3]:354
[0]:183509630 [1]:26903439 [2]:156 [3]:365
[0]:183705134 [1]:26944015 [2]:156 [3]:365
[0]:183907756 [1]:26986029 [2]:156 [3]:367
[0]:184113069 [1]:27028595 [2]:156 [3]:363
[0]:184373166 [1]:27082684 [2]:156 [3]:363
[0]:184603099 [1]:27130415 [2]:156 [3]:53
[0]:184811515 [1]:27173554 [2]:156 [3]:360
[0]:185016843 [1]:27216203 [2]:156 [3]:358
[0]:185216137 [1]:27257491 [2]:156 [3]:363
[0]:185415695 [1]:27298907 [2]:156 [3]:367
[0]:185616711 [1]:27340615 [2]:156 [3]:356
[0]:185814439 [1]:27381575 [2]:156 [3]:358
[0]:186011899 [1]:27422591 [2]:156 [3]:360
[0]:186212499 [1]:27464211 [2]:156 [3]:365
[0]:186410413 [1]:27505255 [2]:156 [3]:365
[0]:186615661 [1]:27547835 [2]:156 [3]:60
[0]:186813220 [1]:27588682 [2]:156 [3]:359
[0]:187010802 [1]:27629708 [2]:156 [3]:365
[0]:187236036 [1]:27676424 [2]:156 [3]:363
[0]:187443004 [1]:27719344 [2]:156 [3]:361
[0]:187653736 [1]:27763044 [2]:156 [3]:368
[0]:187848672 [1]:27803492 [2]:156 [3]:360
[0]:188042979 [1]:27843850 [2]:156 [3]:68
[0]:188247996 [1]:27886395 [2]:156 [3]:58
[0]:188447917 [1]:27927869 [2]:156 [3]:361
[0]:188642496 [1]:27968157 [2]:156 [3]:361
[0]:188844379 [1]:28010059 [2]:156 [3]:359
[0]:189037321 [1]:28050114 [2]:156 [3]:364
[0]:189230819 [1]:28090268 [2]:156 [3]:368
[0]:189427348 [1]:28130925 [2]:156 [3]:354
[0]:189617641 [1]:28170427 [2]:156 [3]:351
[0]:189816993 [1]:28211782 [2]:156 [3]:361
[0]:190010763 [1]:28251983 [2]:156 [3]:369
[0]:190206817 [1]:28292669 [2]:156 [3]:362
[0]:190402123 [1]:28333129 [2]:156 [3]:366
[0]:190629964 [1]:28380370 [2]:156 [3]:367
[0]:190819319 [1]:28419659 [2]:156 [3]:361
[0]:191031878 [1]:28463702 [2]:156 [3]:62
[0]:191229478 [1]:28504749 [2]:156 [3]:365
[0]:191422507 [1]:28544755 [2]:156 [3]:365
[0]:191620841 [1]:28585864 [2]:156 [3]:355
[0]:191840690 [1]:28631489 [2]:156 [3]:363
[0]:192045587 [1]:28674013 [2]:156 [3]:357
[0]:192246893 [1]:28715750 [2]:156 [3]:367
[0]:192455174 [1]:28758940 [2]:156 [3]:366
[0]:192650138 [1]:28799386 [2]:156 [3]:355
[0]:192843173 [1]:28839434 [2]:156 [3]:361
[0]:193044084 [1]:28881101 [2]:156 [3]:363
[0]:193238416 [1]:28921308 [2]:156 [3]:58
[0]:193465686 [1]:28968469 [2]:156 [3]:66
[0]:193724861 [1]:29022231 [2]:156 [3]:62
[0]:193935117 [1]:29065894 [2]:156 [3]:366
[0]:194136420 [1]:29107569 [2]:156 [3]:61
[0]:194330276 [1]:29147813 [2]:156 [3]:362
[0]:194520859 [1]:29187367 [2]:156 [3]:357
[0]:194714042 [1]:29227410 [2]:156 [3]:352
[0]:194904373 [1]:29266859 [2]:156 [3]:358
[0]:195158262 [1]:29319434 [2]:156 [3]:63
[0]:195351375 [1]:29359496 [2]:156 [3]:358
[0]:195562964 [1]:29403415 [2]:156 [3]:371
[0]:195757158 [1]:29443709 [2]:156 [3]:359
[0]:195962506 [1]:29486273 [2]:156 [3]:363
[0]:196152557 [1]:29525653 [2]:156 [3]:362
[0]:196342978 [1]:29565166 [2]:156 [3]:359
[0]:196542661 [1]:29606556 [2]:156 [3]:358
[0]:196733984 [1]:29646276 [2]:156 [3]:363
[0]:197000802 [1]:29701592 [2]:156 [3]:364
[0]:197218344 [1]:29746705 [2]:156 [3]:357
[0]:197408593 [1]:29786132 [2]:156 [3]:363
[0]:197602342 [1]:29826450 [2]:156 [3]:359
[0]:197792184 [1]:29865863 [2]:156 [3]:363
[0]:197997264 [1]:29908320 [2]:156 [3]:368
[0]:198198419 [1]:29950067 [2]:156 [3]:357
[0]:198407246 [1]:29993401 [2]:156 [3]:364
[0]:198609769 [1]:30035486 [2]:156 [3]:58
[0]:198802287 [1]:30075375 [2]:156 [3]:57
[0]:199003424 [1]:30117060 [2]:156 [3]:363
[0]:199225788 [1]:30163227 [2]:156 [3]:354
[0]:199425971 [1]:30204753 [2]:156 [3]:355
[0]:199449445 [1]:30209626 [2]:156 [3]:362
[0]:199449445 [1]:30209626 [2]:156 [3]:362
[0]:199449445 [1]:30209626 [2]:156 [3]:362
[0]:199449445 [1]:30209626 [2]:156 [3]:362
[0]:199449445 [1]:30209626 [2]:156 [3]:362
[0]:199449445 [1]:30209626 [2]:156 [3]:362
[0]:199449445 [1]:30209626 [2]:156 [3]:362
[0]:199449445 [1]:30209626 [2]:156 [3]:362
[0]:199449445 [1]:30209626 [2]:156 [3]:362
[0]:199449445 [1]:30209626 [2]:156 [3]:362
[0]:199449445 [1]:30209626 [2]:156 [3]:362
[0]:199449445 [1]:30209626 [2]:156 [3]:362
                                                                                                                              [0]:199449445 [1]:30209626 [2]:156 [3]:362
[0]:199449445 [1]:30209626 [2]:156 [3]:362
[0]:199449445 [1]:30209626 [2]:156 [3]:362
[0]:199449445 [1]:30209626 [2]:156 [3]:362
[0]:199449445 [1]:30209626 [2]:156 [3]:362
[0]:199449445 [1]:30209626 [2]:156 [3]:362
