[0]:3999023744 [1]:1 [2]:2 [3]:120
[0]:3771651204 [1]:1 [2]:2 [3]:206
[0]:3558765696 [1]:1 [2]:2 [3]:205
[0]:3342534543 [1]:1 [2]:2 [3]:179
[0]:4119792093 [1]:1 [2]:2 [3]:155
[0]:3827018397 [1]:1 [2]:2 [3]:149
[0]:3626075399 [1]:1 [2]:2 [3]:170
[0]:3411714491 [1]:1 [2]:2 [3]:183
[0]:4188000561 [1]:1 [2]:2 [3]:162
[0]:3916969088 [1]:1 [2]:2 [3]:191
[0]:3695129188 [1]:1 [2]:2 [3]:197
[0]:3482464072 [1]:1 [2]:2 [3]:191
[0]:4211195704 [1]:1 [2]:2 [3]:200
[0]:4006811049 [1]:1 [2]:2 [3]:212
[0]:3794388124 [1]:1 [2]:2 [3]:197
[0]:3522571754 [1]:1 [2]:2 [3]:95
[0]:3317574096 [1]:1 [2]:2 [3]:158
[0]:4114131977 [1]:1 [2]:2 [3]:141
[0]:3895791863 [1]:1 [2]:2 [3]:83
[0]:3690259816 [1]:1 [2]:2 [3]:104
[0]:3472015222 [1]:1 [2]:2 [3]:108
[0]:4262766778 [1]:1 [2]:2 [3]:161
[0]:4054675221 [1]:1 [2]:2 [3]:178
[0]:3830655178 [1]:1 [2]:2 [3]:152
[0]:3612316061 [1]:1 [2]:2 [3]:129
[0]:3398746609 [1]:1 [2]:2 [3]:61
[0]:4186648356 [1]:1 [2]:2 [3]:210
[0]:3982540799 [1]:1 [2]:2 [3]:203
[0]:3758373219 [1]:1 [2]:2 [3]:197
[0]:3542422383 [1]:1 [2]:2 [3]:67
[0]:3326579278 [1]:1 [2]:2 [3]:179
[0]:4117826831 [1]:1 [2]:2 [3]:85
[0]:3902423299 [1]:1 [2]:2 [3]:190
[0]:3682598623 [1]:1 [2]:2 [3]:201
[0]:3450384484 [1]:1 [2]:2 [3]:160
[0]:4235371191 [1]:1 [2]:2 [3]:207
[0]:4014671863 [1]:1 [2]:2 [3]:204
[0]:3798247777 [1]:1 [2]:2 [3]:96
[0]:3586671156 [1]:1 [2]:2 [3]:200
[0]:3374686111 [1]:1 [2]:2 [3]:198
[0]:4170664803 [1]:1 [2]:2 [3]:148
[0]:3950768537 [1]:1 [2]:2 [3]:163
[0]:3734450751 [1]:1 [2]:2 [3]:97
[0]:3516624081 [1]:1 [2]:2 [3]:152
[0]:4290941806 [1]:1 [2]:2 [3]:156
[0]:4082367966 [1]:1 [2]:2 [3]:206
[0]:3867773683 [1]:1 [2]:2 [3]:126
[0]:3662928713 [1]:1 [2]:2 [3]:67
[0]:3454366806 [1]:1 [2]:2 [3]:58
[0]:4230599137 [1]:1 [2]:2 [3]:157
[0]:4022792787 [1]:1 [2]:2 [3]:154
[0]:3814599752 [1]:1 [2]:2 [3]:59
[0]:3602455734 [1]:1 [2]:2 [3]:203
[0]:3375303256 [1]:1 [2]:2 [3]:173
[0]:4153580287 [1]:1 [2]:2 [3]:173
[0]:3942519963 [1]:1 [2]:2 [3]:39
[0]:3734775542 [1]:1 [2]:2 [3]:156
[0]:3522668518 [1]:1 [2]:2 [3]:146
[0]:3307253162 [1]:1 [2]:2 [3]:106
[0]:4090552878 [1]:1 [2]:2 [3]:59
[0]:3883090998 [1]:1 [2]:2 [3]:49
[0]:3671736498 [1]:1 [2]:2 [3]:139
[0]:3439941137 [1]:1 [2]:2 [3]:186
[0]:4238702288 [1]:1 [2]:2 [3]:161
[0]:4022813404 [1]:1 [2]:2 [3]:105
[0]:3802767048 [1]:1 [2]:2 [3]:71
[0]:3587488578 [1]:1 [2]:2 [3]:74
[0]:3382505827 [1]:1 [2]:2 [3]:140
[0]:4178709248 [1]:1 [2]:2 [3]:149
[0]:3958760349 [1]:1 [2]:2 [3]:196
[0]:3748240512 [1]:1 [2]:2 [3]:205
[0]:3538681846 [1]:1 [2]:2 [3]:38
[0]:3331267319 [1]:1 [2]:2 [3]:201
[0]:4130629506 [1]:1 [2]:2 [3]:119
[0]:3914861206 [1]:1 [2]:2 [3]:160
[0]:3702454103 [1]:1 [2]:2 [3]:182
[0]:3482657082 [1]:1 [2]:2 [3]:203
[0]:4266797142 [1]:1 [2]:2 [3]:139
[0]:4058607294 [1]:1 [2]:2 [3]:207
[0]:3850652314 [1]:1 [2]:2 [3]:35
[0]:3638719926 [1]:1 [2]:2 [3]:46
[0]:3434699071 [1]:1 [2]:2 [3]:217
[0]:4215963596 [1]:1 [2]:2 [3]:205
[0]:4002765708 [1]:1 [2]:2 [3]:172
[0]:3794696682 [1]:1 [2]:2 [3]:104
[0]:3574696556 [1]:1 [2]:2 [3]:48
[0]:3363740829 [1]:1 [2]:2 [3]:129
[0]:4146676672 [1]:1 [2]:2 [3]:123
[0]:3930784383 [1]:1 [2]:2 [3]:143
[0]:3668979291 [1]:1 [2]:2 [3]:116
[0]:3462970808 [1]:1 [2]:2 [3]:76
[0]:4246787357 [1]:1 [2]:2 [3]:102
[0]:4038829139 [1]:1 [2]:2 [3]:185
[0]:3832549761 [1]:1 [2]:2 [3]:208
[0]:3590711589 [1]:1 [2]:2 [3]:205
[0]:3305309263 [1]:1 [2]:2 [3]:194
[0]:4098613246 [1]:1 [2]:2 [3]:210
[0]:3894884934 [1]:1 [2]:2 [3]:75
[0]:3686756781 [1]:1 [2]:2 [3]:200
[0]:3462864073 [1]:1 [2]:2 [3]:185
[0]:4250789561 [1]:1 [2]:2 [3]:204
[0]:4034724621 [1]:1 [2]:2 [3]:157
[0]:3822565756 [1]:1 [2]:2 [3]:119
[0]:3606944406 [1]:1 [2]:2 [3]:59
[0]:3339529497 [1]:1 [2]:2 [3]:108
[0]:4130065642 [1]:1 [2]:2 [3]:202
[0]:3884137247 [1]:1 [2]:2 [3]:143
[0]:3682806366 [1]:1 [2]:2 [3]:172
[0]:3478773252 [1]:1 [2]:2 [3]:149
[0]:4250750458 [1]:1 [2]:2 [3]:167
[0]:4041298643 [1]:1 [2]:2 [3]:118
[0]:3830654562 [1]:1 [2]:2 [3]:89
[0]:3626803092 [1]:1 [2]:2 [3]:85
[0]:3414487894 [1]:1 [2]:2 [3]:133
[0]:4203128473 [1]:1 [2]:2 [3]:166
[0]:3996954093 [1]:1 [2]:2 [3]:75
[0]:3782794939 [1]:1 [2]:2 [3]:171
[0]:3574944224 [1]:1 [2]:2 [3]:105
[0]:3346919071 [1]:1 [2]:2 [3]:128
[0]:4114799368 [1]:1 [2]:2 [3]:119
[0]:3902470963 [1]:1 [2]:2 [3]:121
[0]:3694627294 [1]:1 [2]:2 [3]:201
[0]:3483051582 [1]:1 [2]:2 [3]:183
[0]:4266912307 [1]:1 [2]:2 [3]:108
[0]:4027701832 [1]:1 [2]:2 [3]:41
[0]:3824854247 [1]:1 [2]:2 [3]:43
[0]:3612695642 [1]:1 [2]:2 [3]:172
[0]:3416581096 [1]:1 [2]:2 [3]:82
[0]:4198879338 [1]:1 [2]:2 [3]:217
[0]:3991283407 [1]:1 [2]:2 [3]:75
[0]:3786618206 [1]:1 [2]:2 [3]:97
[0]:3573672399 [1]:1 [2]:2 [3]:152
[0]:3347957223 [1]:1 [2]:2 [3]:152
[0]:4136654351 [1]:1 [2]:2 [3]:84
[0]:3914955392 [1]:1 [2]:2 [3]:113
[0]:3706619593 [1]:1 [2]:2 [3]:84
[0]:3499529486 [1]:1 [2]:2 [3]:92
[0]:4290960399 [1]:1 [2]:2 [3]:44
[0]:4054748561 [1]:1 [2]:2 [3]:199
