[0]:61037928 [1]:9607470 [2]:133 [3]:358
[0]:61255445 [1]:9657812 [2]:133 [3]:62
[0]:61448248 [1]:9702339 [2]:133 [3]:362
[0]:61648136 [1]:9748514 [2]:133 [3]:364
[0]:61842439 [1]:9793343 [2]:133 [3]:363
[0]:62037922 [1]:9838487 [2]:133 [3]:357
[0]:62227590 [1]:9882317 [2]:133 [3]:365
[0]:62420887 [1]:9926965 [2]:133 [3]:362
[0]:62626175 [1]:9974399 [2]:133 [3]:367
[0]:62825965 [1]:10020539 [2]:133 [3]:365
[0]:63015534 [1]:10064401 [2]:133 [3]:358
[0]:63208066 [1]:10108828 [2]:133 [3]:361
[0]:63406263 [1]:10154655 [2]:135 [3]:360
[0]:63645120 [1]:10209817 [2]:135 [3]:55
[0]:63865051 [1]:10260569 [2]:135 [3]:359
[0]:64109460 [1]:10316988 [2]:135 [3]:60
[0]:64328215 [1]:10367529 [2]:135 [3]:362
[0]:64514891 [1]:10410617 [2]:135 [3]:362
[0]:64700460 [1]:10453466 [2]:135 [3]:55
[0]:64887916 [1]:10496840 [2]:135 [3]:356
[0]:65074631 [1]:10539954 [2]:135 [3]:360
[0]:65276215 [1]:10586502 [2]:135 [3]:59
[0]:65468002 [1]:10630873 [2]:135 [3]:60
[0]:65657223 [1]:10674475 [2]:135 [3]:356
[0]:65854646 [1]:10720137 [2]:135 [3]:363
[0]:66047658 [1]:10764738 [2]:135 [3]:365
[0]:66246636 [1]:10810721 [2]:137 [3]:364
[0]:66431031 [1]:10853364 [2]:137 [3]:365
[0]:66623642 [1]:10897815 [2]:137 [3]:357
[0]:66825183 [1]:10944486 [2]:137 [3]:369
[0]:67012975 [1]:10987873 [2]:137 [3]:56
[0]:67205761 [1]:11032443 [2]:137 [3]:361
[0]:67411130 [1]:11079849 [2]:137 [3]:360
[0]:67616450 [1]:11127319 [2]:137 [3]:354
[0]:67806752 [1]:11171319 [2]:137 [3]:362
[0]:68007506 [1]:11217769 [2]:137 [3]:367
[0]:68231507 [1]:11269509 [2]:137 [3]:356
[0]:68430054 [1]:11315247 [2]:137 [3]:64
[0]:68620509 [1]:11359220 [2]:137 [3]:358
[0]:68814429 [1]:11403982 [2]:137 [3]:358
[0]:69004900 [1]:11447971 [2]:139 [3]:58
[0]:69198660 [1]:11492778 [2]:139 [3]:363
[0]:69393165 [1]:11537623 [2]:139 [3]:360
[0]:69586185 [1]:11582169 [2]:139 [3]:361
[0]:69773845 [1]:11625541 [2]:139 [3]:365
[0]:69964146 [1]:11669537 [2]:139 [3]:362
[0]:70158040 [1]:11714354 [2]:139 [3]:362
[0]:70352255 [1]:11759170 [2]:139 [3]:363
[0]:70561520 [1]:11807558 [2]:139 [3]:367
[0]:70766620 [1]:11854986 [2]:139 [3]:367
[0]:70997981 [1]:11908465 [2]:139 [3]:363
[0]:71209151 [1]:11957221 [2]:139 [3]:360
[0]:71401104 [1]:12001579 [2]:139 [3]:358
[0]:71598933 [1]:12047362 [2]:139 [3]:365
[0]:71794378 [1]:12092520 [2]:141 [3]:363
[0]:71987110 [1]:12137026 [2]:141 [3]:361
[0]:72188741 [1]:12183486 [2]:141 [3]:363
[0]:72381679 [1]:12228060 [2]:141 [3]:359
[0]:72576555 [1]:12273104 [2]:141 [3]:365
[0]:72778194 [1]:12319718 [2]:141 [3]:358
[0]:72976050 [1]:12365454 [2]:141 [3]:365
[0]:73181482 [1]:12412832 [2]:141 [3]:366
[0]:73390456 [1]:12461226 [2]:141 [3]:357
[0]:73601419 [1]:12510004 [2]:141 [3]:360
[0]:73804828 [1]:12557003 [2]:141 [3]:367
[0]:74002593 [1]:12602583 [2]:141 [3]:367
[0]:74192923 [1]:12646587 [2]:141 [3]:356
[0]:74383312 [1]:12690575 [2]:141 [3]:65
[0]:74580280 [1]:12736113 [2]:142 [3]:361
[0]:74804632 [1]:12787940 [2]:142 [3]:361
[0]:74995510 [1]:12831972 [2]:142 [3]:354
[0]:75196959 [1]:12878530 [2]:142 [3]:357
[0]:75402388 [1]:12926007 [2]:142 [3]:364
[0]:75599302 [1]:12971488 [2]:142 [3]:361
[0]:75795987 [1]:13016893 [2]:142 [3]:365
