[0]:76003448 [1]:13058610 [2]:142 [3]:365
[0]:76208352 [1]:13088905 [2]:142 [3]:370
[0]:76412442 [1]:13119273 [2]:142 [3]:365
[0]:76613309 [1]:13149106 [2]:142 [3]:369
[0]:76819242 [1]:13179634 [2]:142 [3]:370
[0]:77027626 [1]:13210554 [2]:142 [3]:361
[0]:77240909 [1]:13242202 [2]:142 [3]:363
[0]:77443310 [1]:13272206 [2]:142 [3]:362
[0]:77650266 [1]:13303080 [2]:142 [3]:357
[0]:77858085 [1]:13333914 [2]:143 [3]:364
[0]:78060454 [1]:13363913 [2]:143 [3]:364
[0]:78296422 [1]:13398975 [2]:143 [3]:361
[0]:78497859 [1]:13428828 [2]:143 [3]:374
[0]:78706953 [1]:13459878 [2]:143 [3]:84
[0]:78907777 [1]:13489718 [2]:143 [3]:373
[0]:79116554 [1]:13520694 [2]:143 [3]:368
[0]:79326113 [1]:13551753 [2]:143 [3]:365
[0]:79554158 [1]:13585650 [2]:143 [3]:360
[0]:79766459 [1]:13617140 [2]:143 [3]:361
[0]:79967747 [1]:13646972 [2]:143 [3]:364
[0]:80169038 [1]:13676820 [2]:143 [3]:361
[0]:80422193 [1]:13714384 [2]:143 [3]:362
[0]:80621829 [1]:13743946 [2]:143 [3]:352
[0]:80827003 [1]:13774280 [2]:143 [3]:367
[0]:81030084 [1]:13804436 [2]:143 [3]:363
[0]:81233838 [1]:13834653 [2]:143 [3]:369
[0]:81445607 [1]:13866119 [2]:143 [3]:87
[0]:81651751 [1]:13896700 [2]:143 [3]:374
[0]:81855670 [1]:13926955 [2]:143 [3]:358
[0]:82064224 [1]:13957854 [2]:143 [3]:373
[0]:82279060 [1]:13989723 [2]:143 [3]:359
[0]:82490055 [1]:14021027 [2]:143 [3]:363
[0]:82706973 [1]:14053142 [2]:143 [3]:367
[0]:82913611 [1]:14083683 [2]:143 [3]:368
[0]:83123313 [1]:14114789 [2]:143 [3]:367
[0]:83334022 [1]:14145980 [2]:143 [3]:362
[0]:83561080 [1]:14179681 [2]:143 [3]:77
[0]:83768832 [1]:14210368 [2]:143 [3]:375
[0]:83972032 [1]:14240548 [2]:143 [3]:90
[0]:84184780 [1]:14272155 [2]:143 [3]:364
[0]:84393906 [1]:14303244 [2]:143 [3]:370
[0]:84598490 [1]:14333776 [2]:143 [3]:370
[0]:84811363 [1]:14365337 [2]:143 [3]:369
[0]:85045408 [1]:14400040 [2]:143 [3]:366
[0]:85252561 [1]:14430716 [2]:143 [3]:361
[0]:85458029 [1]:14461158 [2]:143 [3]:368
[0]:85666610 [1]:14492014 [2]:143 [3]:359
[0]:85870358 [1]:14522315 [2]:143 [3]:361
[0]:86076715 [1]:14552902 [2]:143 [3]:363
[0]:86275651 [1]:14582429 [2]:143 [3]:369
[0]:86486254 [1]:14613804 [2]:143 [3]:361
[0]:86683980 [1]:14643102 [2]:143 [3]:355
[0]:86951224 [1]:14682819 [2]:143 [3]:364
[0]:87164076 [1]:14714393 [2]:143 [3]:372
[0]:87361140 [1]:14743640 [2]:143 [3]:367
[0]:87565036 [1]:14773848 [2]:143 [3]:368
[0]:87774873 [1]:14804923 [2]:143 [3]:370
[0]:87975940 [1]:14834780 [2]:143 [3]:84
[0]:88188803 [1]:14866264 [2]:143 [3]:74
[0]:88440900 [1]:14903621 [2]:143 [3]:361
[0]:88711859 [1]:14943783 [2]:143 [3]:358
[0]:88917726 [1]:14974362 [2]:143 [3]:368
[0]:89138517 [1]:15007111 [2]:143 [3]:368
[0]:89353468 [1]:15039013 [2]:143 [3]:366
[0]:89576099 [1]:15072031 [2]:143 [3]:357
[0]:89834735 [1]:15110291 [2]:143 [3]:361
[0]:90041094 [1]:15140879 [2]:143 [3]:364
[0]:90255638 [1]:15172801 [2]:143 [3]:360
[0]:90458721 [1]:15202915 [2]:143 [3]:364
[0]:90685182 [1]:15236516 [2]:143 [3]:367
[0]:90887631 [1]:15266559 [2]:143 [3]:358
[0]:91094943 [1]:15297336 [2]:143 [3]:368
[0]:91293776 [1]:15326828 [2]:143 [3]:352
[0]:91538668 [1]:15363097 [2]:143 [3]:78
