[0]:106612802 [1]:18835035 [2]:148 [3]:365
[0]:106851687 [1]:18875422 [2]:148 [3]:362
[0]:107051423 [1]:18904966 [2]:148 [3]:359
[0]:107293975 [1]:18941043 [2]:148 [3]:367
[0]:107520241 [1]:18974718 [2]:148 [3]:368
[0]:107724639 [1]:19005059 [2]:148 [3]:368
[0]:107953796 [1]:19038995 [2]:148 [3]:357
[0]:108154621 [1]:19068969 [2]:148 [3]:357
[0]:108357915 [1]:19099061 [2]:148 [3]:368
[0]:108576037 [1]:19131371 [2]:148 [3]:359
[0]:108783268 [1]:19162199 [2]:148 [3]:87
[0]:108996791 [1]:19193912 [2]:148 [3]:357
[0]:109225548 [1]:19227839 [2]:148 [3]:360
[0]:109423574 [1]:19257133 [2]:148 [3]:369
[0]:109632557 [1]:19288056 [2]:148 [3]:370
[0]:109834202 [1]:19318006 [2]:148 [3]:80
[0]:110044243 [1]:19349176 [2]:148 [3]:353
[0]:110260334 [1]:19381319 [2]:148 [3]:355
[0]:110472032 [1]:19412569 [2]:148 [3]:361
[0]:110683585 [1]:19443965 [2]:148 [3]:363
[0]:110889227 [1]:19474431 [2]:148 [3]:366
[0]:111090810 [1]:19504302 [2]:148 [3]:362
[0]:111307593 [1]:19536533 [2]:148 [3]:83
[0]:111516000 [1]:19567423 [2]:148 [3]:372
[0]:111725275 [1]:19598455 [2]:148 [3]:360
[0]:111945895 [1]:19631251 [2]:148 [3]:360
[0]:112173095 [1]:19664847 [2]:148 [3]:359
[0]:112379340 [1]:19695373 [2]:148 [3]:362
[0]:112607882 [1]:19729171 [2]:148 [3]:364
[0]:112809558 [1]:19759061 [2]:148 [3]:72
[0]:113017663 [1]:19789921 [2]:148 [3]:85
[0]:113219041 [1]:19819784 [2]:148 [3]:371
[0]:113454696 [1]:19854694 [2]:148 [3]:363
[0]:113660420 [1]:19885208 [2]:148 [3]:89
[0]:113865301 [1]:19915583 [2]:148 [3]:361
[0]:114074181 [1]:19946574 [2]:148 [3]:370
[0]:114282953 [1]:19977584 [2]:148 [3]:364
[0]:114496000 [1]:20009129 [2]:148 [3]:353
[0]:114695735 [1]:20038820 [2]:148 [3]:364
[0]:114917089 [1]:20071684 [2]:148 [3]:371
[0]:115209047 [1]:20115096 [2]:148 [3]:76
[0]:115410091 [1]:20144835 [2]:148 [3]:359
[0]:115615042 [1]:20175274 [2]:148 [3]:371
[0]:115831496 [1]:20207372 [2]:148 [3]:358
[0]:116044344 [1]:20238991 [2]:148 [3]:86
[0]:116245446 [1]:20268814 [2]:148 [3]:364
[0]:116454048 [1]:20299785 [2]:148 [3]:367
[0]:116682763 [1]:20333785 [2]:148 [3]:360
[0]:116938692 [1]:20371746 [2]:148 [3]:92
[0]:117140154 [1]:20401616 [2]:148 [3]:365
[0]:117345017 [1]:20431901 [2]:148 [3]:359
[0]:117561818 [1]:20464062 [2]:148 [3]:368
[0]:117769312 [1]:20494836 [2]:148 [3]:363
[0]:117987390 [1]:20527239 [2]:148 [3]:360
[0]:118188291 [1]:20557087 [2]:148 [3]:359
[0]:118393294 [1]:20587442 [2]:148 [3]:363
[0]:118600222 [1]:20618403 [2]:148 [3]:362
[0]:118802944 [1]:20648548 [2]:148 [3]:367
[0]:119007970 [1]:20678915 [2]:148 [3]:363
[0]:119291828 [1]:20720957 [2]:148 [3]:360
[0]:119576104 [1]:20763172 [2]:148 [3]:369
[0]:119804094 [1]:20796968 [2]:148 [3]:362
[0]:120039404 [1]:20831849 [2]:148 [3]:368
[0]:120261165 [1]:20864743 [2]:148 [3]:369
[0]:120460433 [1]:20894275 [2]:148 [3]:364
[0]:120744540 [1]:20936326 [2]:148 [3]:366
[0]:120964957 [1]:20968964 [2]:148 [3]:360
[0]:121175545 [1]:21000179 [2]:148 [3]:368
[0]:121384549 [1]:21031033 [2]:148 [3]:356
[0]:121617926 [1]:21065559 [2]:148 [3]:367
[0]:121825845 [1]:21096306 [2]:148 [3]:82
[0]:122038757 [1]:21127995 [2]:148 [3]:366
[0]:122239885 [1]:21157910 [2]:148 [3]:372
