[0]:4227292427 [1]:1 [2]:2 [3]:139
[0]:4019770458 [1]:1 [2]:2 [3]:147
[0]:3815201033 [1]:1 [2]:2 [3]:99
[0]:3607492204 [1]:1 [2]:2 [3]:144
[0]:3399562118 [1]:1 [2]:2 [3]:77
[0]:4187503617 [1]:1 [2]:2 [3]:43
[0]:3974840906 [1]:1 [2]:2 [3]:181
[0]:3759808791 [1]:1 [2]:2 [3]:191
[0]:3543519898 [1]:1 [2]:2 [3]:198
[0]:3322144922 [1]:1 [2]:2 [3]:65
[0]:4114023422 [1]:1 [2]:2 [3]:101
[0]:3910046946 [1]:1 [2]:2 [3]:192
[0]:3703366078 [1]:1 [2]:2 [3]:132
[0]:3491496823 [1]:1 [2]:2 [3]:208
[0]:4275540443 [1]:1 [2]:2 [3]:172
[0]:4059381986 [1]:1 [2]:2 [3]:53
[0]:3851383718 [1]:1 [2]:2 [3]:185
[0]:3647753004 [1]:1 [2]:2 [3]:178
[0]:3439929856 [1]:1 [2]:2 [3]:98
[0]:4222261929 [1]:1 [2]:2 [3]:195
[0]:4019754942 [1]:1 [2]:2 [3]:145
[0]:3811744204 [1]:1 [2]:2 [3]:173
[0]:3607092477 [1]:1 [2]:2 [3]:60
[0]:3371366052 [1]:1 [2]:2 [3]:113
[0]:4115488423 [1]:1 [2]:2 [3]:163
[0]:3911418301 [1]:1 [2]:2 [3]:126
[0]:3695554301 [1]:1 [2]:2 [3]:168
[0]:3491319724 [1]:1 [2]:2 [3]:190
[0]:4283518443 [1]:1 [2]:2 [3]:187
[0]:4073562928 [1]:1 [2]:2 [3]:82
[0]:3857532506 [1]:1 [2]:2 [3]:45
[0]:3639376793 [1]:1 [2]:2 [3]:161
[0]:3427226839 [1]:1 [2]:2 [3]:205
[0]:4164825864 [1]:1 [2]:2 [3]:151
[0]:3951536099 [1]:1 [2]:2 [3]:59
[0]:3735550423 [1]:1 [2]:2 [3]:90
[0]:3531773626 [1]:1 [2]:2 [3]:130
[0]:3325436632 [1]:1 [2]:2 [3]:157
[0]:4115518453 [1]:1 [2]:2 [3]:108
[0]:3903867096 [1]:1 [2]:2 [3]:209
[0]:3688228582 [1]:1 [2]:2 [3]:206
[0]:3479500693 [1]:1 [2]:2 [3]:55
[0]:4266857217 [1]:1 [2]:2 [3]:212
[0]:4047334858 [1]:1 [2]:2 [3]:140
[0]:3827613813 [1]:1 [2]:2 [3]:94
[0]:3615837046 [1]:1 [2]:2 [3]:192
[0]:3383475742 [1]:1 [2]:2 [3]:98
[0]:4173496156 [1]:1 [2]:2 [3]:143
[0]:3935416964 [1]:1 [2]:2 [3]:102
[0]:3723422408 [1]:1 [2]:2 [3]:49
[0]:3515685293 [1]:1 [2]:2 [3]:209
[0]:3295576057 [1]:1 [2]:2 [3]:111
[0]:4081620579 [1]:1 [2]:2 [3]:203
[0]:3843389117 [1]:1 [2]:2 [3]:79
[0]:3628805831 [1]:1 [2]:2 [3]:125
[0]:3419450758 [1]:1 [2]:2 [3]:191
[0]:4207582148 [1]:1 [2]:2 [3]:126
[0]:3957018368 [1]:1 [2]:2 [3]:154
[0]:3745813292 [1]:1 [2]:2 [3]:206
[0]:3527190731 [1]:1 [2]:2 [3]:204
[0]:3303351294 [1]:1 [2]:2 [3]:82
[0]:4099687387 [1]:1 [2]:2 [3]:163
[0]:3887822384 [1]:1 [2]:2 [3]:147
[0]:3671529799 [1]:1 [2]:2 [3]:202
[0]:3459519587 [1]:1 [2]:2 [3]:44
[0]:4248047128 [1]:1 [2]:2 [3]:92
[0]:3965598073 [1]:1 [2]:2 [3]:203
[0]:3755268163 [1]:1 [2]:2 [3]:184
[0]:3552167363 [1]:1 [2]:2 [3]:201
[0]:3339577489 [1]:1 [2]:2 [3]:102
[0]:4133625913 [1]:1 [2]:2 [3]:43
[0]:3920548456 [1]:1 [2]:2 [3]:208
[0]:3691438129 [1]:1 [2]:2 [3]:72
[0]:3479698301 [1]:1 [2]:2 [3]:210
[0]:4263504153 [1]:1 [2]:2 [3]:192
[0]:4053429569 [1]:1 [2]:2 [3]:36
[0]:3835522292 [1]:1 [2]:2 [3]:203
[0]:3619859758 [1]:1 [2]:2 [3]:183
[0]:3364803234 [1]:1 [2]:2 [3]:156
[0]:4155835894 [1]:1 [2]:2 [3]:43
[0]:3935434348 [1]:1 [2]:2 [3]:121
[0]:3727584563 [1]:1 [2]:2 [3]:114
[0]:3512063647 [1]:1 [2]:2 [3]:176
[0]:4285553622 [1]:1 [2]:2 [3]:116
[0]:4079442188 [1]:1 [2]:2 [3]:70
[0]:3859635818 [1]:1 [2]:2 [3]:171
[0]:3638715716 [1]:1 [2]:2 [3]:136
[0]:3421611221 [1]:1 [2]:2 [3]:155
[0]:4155823396 [1]:1 [2]:2 [3]:168
[0]:3943605714 [1]:1 [2]:2 [3]:191
[0]:3731732474 [1]:1 [2]:2 [3]:160
[0]:3511729443 [1]:1 [2]:2 [3]:108
[0]:3309507332 [1]:1 [2]:2 [3]:93
[0]:4091927838 [1]:1 [2]:2 [3]:129
[0]:3879873353 [1]:1 [2]:2 [3]:83
[0]:3671666048 [1]:1 [2]:2 [3]:140
[0]:3463624717 [1]:1 [2]:2 [3]:170
[0]:4245647542 [1]:1 [2]:2 [3]:191
[0]:4011987857 [1]:1 [2]:2 [3]:218
[0]:3795657989 [1]:1 [2]:2 [3]:38
[0]:3579711103 [1]:1 [2]:2 [3]:136
[0]:3363941033 [1]:1 [2]:2 [3]:132
[0]:4131712046 [1]:1 [2]:2 [3]:128
[0]:3915692284 [1]:1 [2]:2 [3]:144
[0]:3681972013 [1]:1 [2]:2 [3]:132
[0]:3444054619 [1]:1 [2]:2 [3]:53
[0]:4237591049 [1]:1 [2]:2 [3]:60
[0]:4031537513 [1]:1 [2]:2 [3]:49
[0]:3823600712 [1]:1 [2]:2 [3]:173
[0]:3613441691 [1]:1 [2]:2 [3]:189
[0]:3398474649 [1]:1 [2]:2 [3]:186
[0]:4199605782 [1]:1 [2]:2 [3]:199
[0]:3987644936 [1]:1 [2]:2 [3]:209
[0]:3767973666 [1]:1 [2]:2 [3]:68
[0]:3513500289 [1]:1 [2]:2 [3]:199
[0]:4283635688 [1]:1 [2]:2 [3]:48
[0]:4066247498 [1]:1 [2]:2 [3]:166
[0]:3844528254 [1]:1 [2]:2 [3]:196
[0]:3631526169 [1]:1 [2]:2 [3]:146
[0]:3423654503 [1]:1 [2]:2 [3]:172
[0]:4217569777 [1]:1 [2]:2 [3]:142
[0]:4003452812 [1]:1 [2]:2 [3]:40
[0]:3791443614 [1]:1 [2]:2 [3]:36
[0]:3581024726 [1]:1 [2]:2 [3]:150
[0]:3371715514 [1]:1 [2]:2 [3]:201
[0]:4158772532 [1]:1 [2]:2 [3]:195
[0]:3947505466 [1]:1 [2]:2 [3]:208
[0]:3731542421 [1]:1 [2]:2 [3]:72
[0]:3519610042 [1]:1 [2]:2 [3]:93
[0]:4259775819 [1]:1 [2]:2 [3]:45
[0]:4051415326 [1]:1 [2]:2 [3]:37
[0]:3831749399 [1]:1 [2]:2 [3]:193
[0]:3619468683 [1]:1 [2]:2 [3]:77
[0]:3399754687 [1]:1 [2]:2 [3]:131
[0]:4171741673 [1]:1 [2]:2 [3]:210
[0]:3959679542 [1]:1 [2]:2 [3]:211
[0]:3746387026 [1]:1 [2]:2 [3]:170
[0]:3531824779 [1]:1 [2]:2 [3]:207
[0]:3323358436 [1]:1 [2]:2 [3]:211
[0]:4103846954 [1]:1 [2]:2 [3]:51
[0]:3891583451 [1]:1 [2]:2 [3]:180
[0]:3683947998 [1]:1 [2]:2 [3]:180
[0]:3463468063 [1]:1 [2]:2 [3]:84
[0]:4253723977 [1]:1 [2]:2 [3]:128
[0]:4048614503 [1]:1 [2]:2 [3]:195
[0]:3831829708 [1]:1 [2]:2 [3]:160
[0]:3623921874 [1]:1 [2]:2 [3]:48
[0]:3411710287 [1]:1 [2]:2 [3]:211
[0]:4203731021 [1]:1 [2]:2 [3]:46
[0]:4003469157 [1]:1 [2]:2 [3]:82
[0]:3776140702 [1]:1 [2]:2 [3]:128
[0]:3563853479 [1]:1 [2]:2 [3]:43
[0]:3363928352 [1]:1 [2]:2 [3]:113
[0]:4147673693 [1]:1 [2]:2 [3]:183
[0]:3943759266 [1]:1 [2]:2 [3]:207
[0]:3738680522 [1]:1 [2]:2 [3]:181
[0]:3523611328 [1]:1 [2]:2 [3]:201
[0]:3311757057 [1]:1 [2]:2 [3]:43
[0]:4095676154 [1]:1 [2]:2 [3]:149
[0]:3895778723 [1]:1 [2]:2 [3]:160
[0]:3667736302 [1]:1 [2]:2 [3]:201
[0]:3455856616 [1]:1 [2]:2 [3]:124
[0]:4244380578 [1]:1 [2]:2 [3]:172
[0]:3976359769 [1]:1 [2]:2 [3]:133
[0]:3761492506 [1]:1 [2]:2 [3]:76
[0]:3547802861 [1]:1 [2]:2 [3]:163
[0]:3319959068 [1]:1 [2]:2 [3]:80
[0]:4103746936 [1]:1 [2]:2 [3]:154
[0]:3891988478 [1]:1 [2]:2 [3]:44
[0]:3679857253 [1]:1 [2]:2 [3]:206
[0]:3471279999 [1]:1 [2]:2 [3]:204
[0]:4207947296 [1]:1 [2]:2 [3]:42
[0]:4000379481 [1]:1 [2]:2 [3]:166
[0]:3776116163 [1]:1 [2]:2 [3]:79
[0]:3564364752 [1]:1 [2]:2 [3]:65
[0]:3348784934 [1]:1 [2]:2 [3]:78
[0]:4135652986 [1]:1 [2]:2 [3]:90
[0]:3928745883 [1]:1 [2]:2 [3]:96
[0]:3711886171 [1]:1 [2]:2 [3]:42
[0]:3493230489 [1]:1 [2]:2 [3]:55
[0]:4260011303 [1]:1 [2]:2 [3]:203
[0]:4053985811 [1]:1 [2]:2 [3]:66
[0]:3849247067 [1]:1 [2]:2 [3]:140
[0]:3603006748 [1]:1 [2]:2 [3]:135
[0]:3395669771 [1]:1 [2]:2 [3]:195
[0]:4175741812 [1]:1 [2]:2 [3]:155
[0]:3955902294 [1]:1 [2]:2 [3]:199
[0]:3703705852 [1]:1 [2]:2 [3]:207
[0]:3474672262 [1]:1 [2]:2 [3]:138
[0]:4238349118 [1]:1 [2]:2 [3]:105
[0]:4003567296 [1]:1 [2]:2 [3]:144
[0]:3783590964 [1]:1 [2]:2 [3]:192
[0]:3563921722 [1]:1 [2]:2 [3]:202
[0]:3351848431 [1]:1 [2]:2 [3]:197
