[0]:3937806918 [1]:1 [2]:2 [3]:202
[0]:3718058984 [1]:1 [2]:2 [3]:190
[0]:3487122358 [1]:1 [2]:2 [3]:101
[0]:4270034376 [1]:1 [2]:2 [3]:30
[0]:4062275478 [1]:1 [2]:2 [3]:199
[0]:3846155096 [1]:1 [2]:2 [3]:194
[0]:3630042673 [1]:1 [2]:2 [3]:129
[0]:3362113803 [1]:1 [2]:2 [3]:115
[0]:4153785517 [1]:1 [2]:2 [3]:33
[0]:3945909398 [1]:1 [2]:2 [3]:115
[0]:3738203152 [1]:1 [2]:2 [3]:152
[0]:3478431744 [1]:1 [2]:2 [3]:92
[0]:4266169891 [1]:1 [2]:2 [3]:143
[0]:4050277858 [1]:1 [2]:2 [3]:78
[0]:3841936506 [1]:1 [2]:2 [3]:139
[0]:3630240719 [1]:1 [2]:2 [3]:97
[0]:3426114884 [1]:1 [2]:2 [3]:200
[0]:4186028196 [1]:1 [2]:2 [3]:39
[0]:3966461803 [1]:1 [2]:2 [3]:191
[0]:3745971389 [1]:1 [2]:2 [3]:66
[0]:3529977433 [1]:1 [2]:2 [3]:189
[0]:3314428752 [1]:1 [2]:2 [3]:46
[0]:4103181877 [1]:1 [2]:2 [3]:151
[0]:3875730553 [1]:1 [2]:2 [3]:59
[0]:3658110688 [1]:1 [2]:2 [3]:139
[0]:3450292852 [1]:1 [2]:2 [3]:33
[0]:4234167987 [1]:1 [2]:2 [3]:174
[0]:4018460542 [1]:1 [2]:2 [3]:195
[0]:3803430462 [1]:1 [2]:2 [3]:161
[0]:3586094074 [1]:1 [2]:2 [3]:190
[0]:3350258179 [1]:1 [2]:2 [3]:191
[0]:4133983848 [1]:1 [2]:2 [3]:195
[0]:3921991904 [1]:1 [2]:2 [3]:175
[0]:3707679874 [1]:1 [2]:2 [3]:190
[0]:3490069471 [1]:1 [2]:2 [3]:54
[0]:4280221488 [1]:1 [2]:2 [3]:191
[0]:4062331584 [1]:1 [2]:2 [3]:73
[0]:3841920707 [1]:1 [2]:2 [3]:47
[0]:3638221699 [1]:1 [2]:2 [3]:124
[0]:3425836687 [1]:1 [2]:2 [3]:29
[0]:4215671299 [1]:1 [2]:2 [3]:151
[0]:4000942411 [1]:1 [2]:2 [3]:198
[0]:3790228999 [1]:1 [2]:2 [3]:59
[0]:3565447094 [1]:1 [2]:2 [3]:39
[0]:3360367349 [1]:1 [2]:2 [3]:186
[0]:4136754789 [1]:1 [2]:2 [3]:119
[0]:3925916442 [1]:1 [2]:2 [3]:190
[0]:3709897439 [1]:1 [2]:2 [3]:137
[0]:3497444776 [1]:1 [2]:2 [3]:36
[0]:4278252828 [1]:1 [2]:2 [3]:59
[0]:4070090633 [1]:1 [2]:2 [3]:124
[0]:3854389569 [1]:1 [2]:2 [3]:35
[0]:3642092678 [1]:1 [2]:2 [3]:194
[0]:3426116886 [1]:1 [2]:2 [3]:71
[0]:4206453229 [1]:1 [2]:2 [3]:190
[0]:3978918618 [1]:1 [2]:2 [3]:80
[0]:3766161596 [1]:1 [2]:2 [3]:122
[0]:3547449329 [1]:1 [2]:2 [3]:137
[0]:3342007784 [1]:1 [2]:2 [3]:129
[0]:4130283959 [1]:1 [2]:2 [3]:69
[0]:3920334387 [1]:1 [2]:2 [3]:33
[0]:3694031856 [1]:1 [2]:2 [3]:29
[0]:3483966123 [1]:1 [2]:2 [3]:57
[0]:4261944909 [1]:1 [2]:2 [3]:194
[0]:4029032399 [1]:1 [2]:2 [3]:193
[0]:3815115051 [1]:1 [2]:2 [3]:116
[0]:3574558598 [1]:1 [2]:2 [3]:193
[0]:3366308862 [1]:1 [2]:2 [3]:162
[0]:4159923791 [1]:1 [2]:2 [3]:170
[0]:3949399979 [1]:1 [2]:2 [3]:188
[0]:3741029251 [1]:1 [2]:2 [3]:55
[0]:3526281158 [1]:1 [2]:2 [3]:86
[0]:3313996564 [1]:1 [2]:2 [3]:48
[0]:4074232517 [1]:1 [2]:2 [3]:198
