[0]:184134570 [1]:24265137 [2]:90 [3]:361
[0]:184337645 [1]:24299904 [2]:90 [3]:65
[0]:184528160 [1]:24332729 [2]:90 [3]:61
[0]:184720105 [1]:24365850 [2]:90 [3]:52
[0]:184914742 [1]:24399270 [2]:90 [3]:61
[0]:185107248 [1]:24432395 [2]:90 [3]:369
[0]:185301469 [1]:24465727 [2]:90 [3]:364
[0]:185499585 [1]:24499662 [2]:90 [3]:365
[0]:185690111 [1]:24532415 [2]:90 [3]:62
[0]:185882650 [1]:24565468 [2]:90 [3]:58
[0]:186078690 [1]:24599170 [2]:90 [3]:366
[0]:186276819 [1]:24633280 [2]:90 [3]:366
[0]:186489640 [1]:24669951 [2]:90 [3]:60
[0]:186682753 [1]:24703137 [2]:90 [3]:359
[0]:186881870 [1]:24737492 [2]:90 [3]:364
[0]:187073404 [1]:24770363 [2]:90 [3]:362
[0]:187274170 [1]:24804955 [2]:90 [3]:357
[0]:187464772 [1]:24837742 [2]:90 [3]:356
[0]:187670092 [1]:24873089 [2]:90 [3]:356
[0]:187868119 [1]:24907160 [2]:90 [3]:363
[0]:188071975 [1]:24942413 [2]:90 [3]:356
[0]:188271503 [1]:24976592 [2]:90 [3]:358
[0]:188468509 [1]:25010433 [2]:90 [3]:62
[0]:188667647 [1]:25044734 [2]:90 [3]:57
[0]:188869458 [1]:25079439 [2]:90 [3]:363
[0]:189085718 [1]:25116653 [2]:90 [3]:65
[0]:189280184 [1]:25150226 [2]:90 [3]:362
[0]:189478237 [1]:25184379 [2]:90 [3]:367
[0]:189679954 [1]:25218956 [2]:90 [3]:362
[0]:189889242 [1]:25254891 [2]:90 [3]:75
[0]:190083506 [1]:25288294 [2]:90 [3]:58
[0]:190281497 [1]:25322410 [2]:90 [3]:357
[0]:190479493 [1]:25356476 [2]:90 [3]:367
[0]:190681298 [1]:25391208 [2]:90 [3]:64
[0]:190875476 [1]:25424521 [2]:90 [3]:359
[0]:191086471 [1]:25460803 [2]:90 [3]:81
[0]:191286160 [1]:25495239 [2]:90 [3]:363
[0]:191480680 [1]:25528794 [2]:90 [3]:360
[0]:191686226 [1]:25564063 [2]:90 [3]:355
[0]:191895626 [1]:25599978 [2]:90 [3]:353
[0]:192092844 [1]:25633802 [2]:90 [3]:56
[0]:192283331 [1]:25666624 [2]:90 [3]:355
[0]:192481911 [1]:25700686 [2]:90 [3]:355
[0]:192671719 [1]:25733317 [2]:90 [3]:357
[0]:192876137 [1]:25768294 [2]:90 [3]:73
[0]:193075419 [1]:25802716 [2]:90 [3]:361
[0]:193288667 [1]:25839438 [2]:90 [3]:363
[0]:193486976 [1]:25873712 [2]:90 [3]:368
[0]:193685100 [1]:25907782 [2]:90 [3]:357
[0]:193875581 [1]:25940568 [2]:90 [3]:364
[0]:194084763 [1]:25976588 [2]:90 [3]:367
[0]:194286467 [1]:26011243 [2]:90 [3]:361
[0]:194495791 [1]:26047202 [2]:90 [3]:356
[0]:194686213 [1]:26079985 [2]:90 [3]:53
[0]:194876847 [1]:26112881 [2]:90 [3]:63
[0]:195078367 [1]:26147623 [2]:90 [3]:360
[0]:195283752 [1]:26183028 [2]:90 [3]:370
[0]:195485588 [1]:26217677 [2]:90 [3]:357
[0]:195691172 [1]:26252949 [2]:90 [3]:359
[0]:195889162 [1]:26287018 [2]:90 [3]:360
[0]:196098429 [1]:26323018 [2]:90 [3]:55
[0]:196303832 [1]:26358375 [2]:90 [3]:63
[0]:196501987 [1]:26392441 [2]:90 [3]:64
[0]:196696956 [1]:26426009 [2]:90 [3]:56
[0]:196897454 [1]:26460600 [2]:90 [3]:354
[0]:197092135 [1]:26494013 [2]:90 [3]:354
[0]:197312547 [1]:26531923 [2]:90 [3]:368
[0]:197517980 [1]:26567094 [2]:90 [3]:362
[0]:197712362 [1]:26600500 [2]:90 [3]:363
[0]:197906838 [1]:26633902 [2]:90 [3]:362
[0]:198101074 [1]:26667250 [2]:90 [3]:364
[0]:198295022 [1]:26700534 [2]:90 [3]:364
[0]:198498311 [1]:26735368 [2]:90 [3]:350
[0]:198694498 [1]:26769168 [2]:90 [3]:358
[0]:198889495 [1]:26802707 [2]:90 [3]:359
[0]:199106070 [1]:26839887 [2]:90 [3]:371
[0]:199307967 [1]:26874615 [2]:90 [3]:363
[0]:199502155 [1]:26908136 [2]:90 [3]:69
[0]:199696373 [1]:26941650 [2]:90 [3]:74
[0]:199898052 [1]:26976356 [2]:90 [3]:357
[0]:200095985 [1]:27010481 [2]:90 [3]:362
[0]:200299008 [1]:27045284 [2]:90 [3]:60
[0]:200491726 [1]:27078411 [2]:90 [3]:56
[0]:200689023 [1]:27112314 [2]:90 [3]:361
[0]:200899256 [1]:27148462 [2]:90 [3]:360
[0]:201091883 [1]:27181641 [2]:90 [3]:54
[0]:201288055 [1]:27215387 [2]:90 [3]:78
[0]:201297886 [1]:27217099 [2]:90 [3]:365
[0]:201297886 [1]:27217099 [2]:90 [3]:365
