[0]:61252920 [1]:6987576 [2]:90 [3]:360
[0]:61467452 [1]:7024365 [2]:90 [3]:63
[0]:61672947 [1]:7059700 [2]:90 [3]:365
[0]:61874686 [1]:7094474 [2]:90 [3]:354
[0]:62124963 [1]:7137554 [2]:90 [3]:55
[0]:62319052 [1]:7171026 [2]:90 [3]:354
[0]:62516163 [1]:7204761 [2]:90 [3]:66
[0]:62711356 [1]:7238350 [2]:90 [3]:359
[0]:62904469 [1]:7271393 [2]:90 [3]:374
[0]:63092625 [1]:7303739 [2]:90 [3]:67
[0]:63289615 [1]:7337674 [2]:90 [3]:61
[0]:63488558 [1]:7371939 [2]:90 [3]:363
[0]:63690311 [1]:7406694 [2]:90 [3]:65
[0]:63895718 [1]:7442080 [2]:90 [3]:58
[0]:64096306 [1]:7476773 [2]:90 [3]:369
[0]:64298361 [1]:7511581 [2]:90 [3]:372
[0]:64497091 [1]:7545803 [2]:90 [3]:58
[0]:64695024 [1]:7579959 [2]:90 [3]:361
[0]:64890991 [1]:7613701 [2]:90 [3]:371
[0]:65094648 [1]:7648694 [2]:90 [3]:360
[0]:65329641 [1]:7688995 [2]:90 [3]:355
[0]:65525553 [1]:7722671 [2]:90 [3]:361
[0]:65718664 [1]:7755848 [2]:90 [3]:370
[0]:65916710 [1]:7789849 [2]:90 [3]:360
[0]:66137268 [1]:7827727 [2]:90 [3]:63
[0]:66327765 [1]:7860414 [2]:90 [3]:367
[0]:66533273 [1]:7895777 [2]:90 [3]:60
[0]:66727890 [1]:7929285 [2]:90 [3]:66
[0]:66920217 [1]:7962330 [2]:90 [3]:369
[0]:67123583 [1]:7997327 [2]:90 [3]:61
[0]:67317734 [1]:8030684 [2]:90 [3]:365
[0]:67519684 [1]:8065319 [2]:90 [3]:59
[0]:67713114 [1]:8098543 [2]:90 [3]:365
[0]:67909224 [1]:8132327 [2]:90 [3]:363
[0]:68103762 [1]:8165845 [2]:90 [3]:63
[0]:68317587 [1]:8202683 [2]:90 [3]:354
[0]:68509564 [1]:8235778 [2]:90 [3]:361
[0]:68703845 [1]:8269191 [2]:90 [3]:362
[0]:68913114 [1]:8305274 [2]:90 [3]:363
[0]:69111029 [1]:8339303 [2]:90 [3]:81
[0]:69305458 [1]:8372648 [2]:90 [3]:365
[0]:69498796 [1]:8405882 [2]:90 [3]:51
[0]:69694035 [1]:8439394 [2]:90 [3]:62
[0]:69895710 [1]:8474043 [2]:90 [3]:368
[0]:70123525 [1]:8513271 [2]:90 [3]:367
[0]:70329147 [1]:8548598 [2]:90 [3]:364
[0]:70527135 [1]:8582547 [2]:90 [3]:56
[0]:70721466 [1]:8615904 [2]:90 [3]:61
[0]:70923949 [1]:8650730 [2]:90 [3]:362
[0]:71117851 [1]:8684031 [2]:90 [3]:368
[0]:71326576 [1]:8720068 [2]:90 [3]:364
[0]:71541119 [1]:8757050 [2]:90 [3]:360
[0]:71795171 [1]:8800787 [2]:90 [3]:359
[0]:71976611 [1]:8832056 [2]:90 [3]:58
[0]:72182904 [1]:8867391 [2]:90 [3]:64
[0]:72398927 [1]:8904451 [2]:90 [3]:364
[0]:72626871 [1]:8943590 [2]:90 [3]:367
[0]:72822240 [1]:8977289 [2]:90 [3]:368
[0]:73019175 [1]:9011224 [2]:90 [3]:358
[0]:73239482 [1]:9049038 [2]:90 [3]:368
[0]:73429895 [1]:9081917 [2]:90 [3]:357
[0]:73624285 [1]:9115410 [2]:90 [3]:70
[0]:73822267 [1]:9149452 [2]:90 [3]:67
[0]:74016368 [1]:9182776 [2]:90 [3]:357
[0]:74226948 [1]:9218956 [2]:90 [3]:355
[0]:74438631 [1]:9255552 [2]:90 [3]:363
[0]:74647824 [1]:9291578 [2]:90 [3]:358
[0]:74853224 [1]:9326929 [2]:90 [3]:60
[0]:75055088 [1]:9361754 [2]:90 [3]:73
[0]:75252992 [1]:9395819 [2]:90 [3]:356
[0]:75451290 [1]:9430102 [2]:90 [3]:360
[0]:75642443 [1]:9463070 [2]:90 [3]:56
[0]:75843027 [1]:9497548 [2]:90 [3]:369
[0]:76044346 [1]:9532032 [2]:90 [3]:362
