[0]:153319797 [1]:27053187 [2]:151 [3]:353
[0]:153528143 [1]:27101306 [2]:151 [3]:365
[0]:153720260 [1]:27145706 [2]:151 [3]:365
[0]:153912490 [1]:27190198 [2]:151 [3]:366
[0]:154105593 [1]:27234831 [2]:151 [3]:363
[0]:154317101 [1]:27283710 [2]:151 [3]:319
[0]:154513205 [1]:27329042 [2]:151 [3]:363
[0]:154714785 [1]:27375628 [2]:151 [3]:361
[0]:154916552 [1]:27422224 [2]:151 [3]:359
[0]:155110523 [1]:27467040 [2]:151 [3]:359
[0]:155304568 [1]:27511796 [2]:151 [3]:55
[0]:155498838 [1]:27556683 [2]:151 [3]:54
[0]:155693009 [1]:27601599 [2]:158 [3]:358
[0]:155922374 [1]:27654592 [2]:158 [3]:363
[0]:156125319 [1]:27701469 [2]:158 [3]:362
[0]:156323539 [1]:27747198 [2]:158 [3]:363
[0]:156513760 [1]:27791149 [2]:158 [3]:361
[0]:156704222 [1]:27835176 [2]:158 [3]:362
[0]:156931246 [1]:27887618 [2]:158 [3]:356
[0]:157130280 [1]:27933534 [2]:158 [3]:361
[0]:157342811 [1]:27982648 [2]:158 [3]:357
[0]:157543971 [1]:28029154 [2]:158 [3]:363
[0]:157734433 [1]:28073164 [2]:158 [3]:356
[0]:157936064 [1]:28119752 [2]:158 [3]:366
[0]:158141280 [1]:28167139 [2]:158 [3]:362
[0]:158335575 [1]:28212098 [2]:163 [3]:59
[0]:158525692 [1]:28256032 [2]:163 [3]:363
[0]:158782335 [1]:28315280 [2]:163 [3]:59
[0]:158973534 [1]:28359492 [2]:163 [3]:352
[0]:159167142 [1]:28404158 [2]:163 [3]:358
[0]:159357158 [1]:28448083 [2]:163 [3]:360
[0]:159585688 [1]:28500906 [2]:163 [3]:61
[0]:159776143 [1]:28544870 [2]:163 [3]:359
[0]:159983186 [1]:28592611 [2]:163 [3]:363
[0]:160190341 [1]:28640503 [2]:163 [3]:359
[0]:160403094 [1]:28689703 [2]:163 [3]:64
[0]:160610613 [1]:28737595 [2]:163 [3]:355
[0]:160800460 [1]:28781398 [2]:163 [3]:355
[0]:160992980 [1]:28825816 [2]:163 [3]:365
[0]:161213122 [1]:28876733 [2]:165 [3]:58
[0]:161408383 [1]:28921868 [2]:165 [3]:358
[0]:161601285 [1]:28966425 [2]:165 [3]:361
[0]:161799127 [1]:29012105 [2]:165 [3]:361
[0]:161989410 [1]:29056078 [2]:165 [3]:358
[0]:162191032 [1]:29102613 [2]:165 [3]:362
[0]:162391204 [1]:29148870 [2]:165 [3]:354
[0]:162626320 [1]:29203247 [2]:165 [3]:365
[0]:162813026 [1]:29246356 [2]:165 [3]:361
[0]:163004682 [1]:29290660 [2]:165 [3]:63
[0]:163198746 [1]:29335435 [2]:165 [3]:361
[0]:163388962 [1]:29379399 [2]:165 [3]:361
[0]:163585721 [1]:29424874 [2]:165 [3]:357
[0]:163777232 [1]:29469063 [2]:165 [3]:361
[0]:163975109 [1]:29514767 [2]:166 [3]:354
[0]:164157935 [1]:29557034 [2]:166 [3]:362
[0]:164366086 [1]:29605154 [2]:166 [3]:366
[0]:164568523 [1]:29651949 [2]:166 [3]:365
[0]:164760817 [1]:29696302 [2]:166 [3]:368
[0]:164982457 [1]:29747512 [2]:166 [3]:358
[0]:165169448 [1]:29790741 [2]:166 [3]:361
[0]:165367271 [1]:29836463 [2]:166 [3]:360
[0]:165561439 [1]:29881219 [2]:166 [3]:356
[0]:165764256 [1]:29928083 [2]:166 [3]:360
[0]:165960739 [1]:29973477 [2]:166 [3]:365
[0]:166173678 [1]:30022683 [2]:166 [3]:359
[0]:166378448 [1]:30069966 [2]:166 [3]:355
[0]:166571101 [1]:30114436 [2]:166 [3]:355
[0]:166766900 [1]:30159770 [2]:166 [3]:62
[0]:166975952 [1]:30208016 [2]:166 [3]:361
[0]:167177555 [1]:30254625 [2]:166 [3]:364
[0]:167370837 [1]:30299295 [2]:166 [3]:361
[0]:167565710 [1]:30344290 [2]:166 [3]:362
[0]:167759271 [1]:30389072 [2]:166 [3]:361
[0]:167961293 [1]:30435729 [2]:166 [3]:63
