[0]:27558737 [1]:6718333 [2]:0 [3]:364
[0]:27767590 [1]:6751579 [2]:0 [3]:365
[0]:27971431 [1]:6784065 [2]:0 [3]:352
[0]:28184439 [1]:6818013 [2]:0 [3]:83
[0]:28394393 [1]:6851474 [2]:0 [3]:369
[0]:28661360 [1]:6894088 [2]:0 [3]:361
[0]:28897447 [1]:6931794 [2]:0 [3]:364
[0]:29127320 [1]:6968399 [2]:0 [3]:76
[0]:29332462 [1]:7001149 [2]:0 [3]:359
[0]:29545627 [1]:7035205 [2]:0 [3]:371
[0]:29770567 [1]:7070951 [2]:0 [3]:369
[0]:29974854 [1]:7103574 [2]:0 [3]:363
[0]:30224249 [1]:7143359 [2]:0 [3]:366
[0]:30437023 [1]:7177319 [2]:0 [3]:365
[0]:30679964 [1]:7216092 [2]:0 [3]:79
[0]:30883229 [1]:7248436 [2]:0 [3]:361
[0]:31108085 [1]:7284239 [2]:0 [3]:79
[0]:31321107 [1]:7318223 [2]:0 [3]:367
[0]:31530082 [1]:7351461 [2]:0 [3]:361
[0]:31732401 [1]:7383650 [2]:0 [3]:367
[0]:31937063 [1]:7416272 [2]:0 [3]:362
[0]:32149807 [1]:7450185 [2]:0 [3]:366
[0]:32388372 [1]:7488221 [2]:0 [3]:362
[0]:32599559 [1]:7521916 [2]:0 [3]:365
[0]:32816725 [1]:7556413 [2]:0 [3]:356
[0]:33031241 [1]:7590646 [2]:0 [3]:359
[0]:33292884 [1]:7632334 [2]:0 [3]:367
[0]:33495275 [1]:7664604 [2]:0 [3]:360
[0]:33724237 [1]:7701057 [2]:0 [3]:366
[0]:33937129 [1]:7734931 [2]:0 [3]:352
[0]:34138415 [1]:7767169 [2]:0 [3]:362
[0]:34354810 [1]:7801639 [2]:0 [3]:361
[0]:34560250 [1]:7834379 [2]:0 [3]:364
[0]:34769810 [1]:7867725 [2]:0 [3]:356
[0]:34974813 [1]:7900528 [2]:0 [3]:363
[0]:35174755 [1]:7932560 [2]:0 [3]:362
[0]:35389028 [1]:7966721 [2]:0 [3]:362
[0]:35614202 [1]:8002524 [2]:0 [3]:365
[0]:35827070 [1]:8036554 [2]:0 [3]:369
[0]:36048052 [1]:8071785 [2]:0 [3]:82
[0]:36251339 [1]:8104179 [2]:0 [3]:365
[0]:36485991 [1]:8141683 [2]:0 [3]:85
[0]:36702919 [1]:8176178 [2]:0 [3]:360
[0]:36916036 [1]:8210101 [2]:0 [3]:361
[0]:37125195 [1]:8243457 [2]:0 [3]:368
[0]:37339630 [1]:8277784 [2]:0 [3]:368
[0]:37539361 [1]:8309692 [2]:0 [3]:361
[0]:37756278 [1]:8344205 [2]:0 [3]:358
[0]:37969555 [1]:8378235 [2]:0 [3]:359
[0]:38174613 [1]:8411011 [2]:0 [3]:366
[0]:38375124 [1]:8442982 [2]:0 [3]:358
[0]:38589698 [1]:8477183 [2]:0 [3]:365
[0]:38790020 [1]:8509090 [2]:0 [3]:359
[0]:38990943 [1]:8541115 [2]:0 [3]:77
[0]:39200375 [1]:8574560 [2]:0 [3]:368
[0]:39428921 [1]:8610994 [2]:0 [3]:369
[0]:39646174 [1]:8645689 [2]:0 [3]:365
[0]:39899933 [1]:8686158 [2]:0 [3]:360
[0]:40109840 [1]:8719578 [2]:0 [3]:366
[0]:40318159 [1]:8752898 [2]:0 [3]:78
[0]:40521764 [1]:8785308 [2]:0 [3]:364
[0]:40735118 [1]:8819274 [2]:0 [3]:357
[0]:40944345 [1]:8852629 [2]:0 [3]:365
[0]:41166851 [1]:8888089 [2]:0 [3]:361
[0]:41370488 [1]:8920506 [2]:0 [3]:360
[0]:41597737 [1]:8956663 [2]:0 [3]:359
[0]:41804459 [1]:8989657 [2]:0 [3]:365
[0]:42040414 [1]:9027160 [2]:0 [3]:363
[0]:42246634 [1]:9059969 [2]:0 [3]:360
[0]:42463525 [1]:9094486 [2]:0 [3]:358
[0]:42672840 [1]:9127791 [2]:0 [3]:361
[0]:42948112 [1]:9171642 [2]:0 [3]:76
[0]:43209495 [1]:9213241 [2]:0 [3]:367
[0]:43405947 [1]:9244496 [2]:0 [3]:77
[0]:43611963 [1]:9277326 [2]:0 [3]:371
[0]:43824981 [1]:9311358 [2]:0 [3]:370
[0]:44022278 [1]:9342801 [2]:0 [3]:367
[0]:44270482 [1]:9382431 [2]:0 [3]:365
[0]:44475839 [1]:9415254 [2]:0 [3]:353
[0]:44716568 [1]:9453648 [2]:0 [3]:72
[0]:44925195 [1]:9486994 [2]:0 [3]:370
[0]:45130664 [1]:9520016 [2]:0 [3]:367
[0]:45329119 [1]:9551697 [2]:0 [3]:362
[0]:45533611 [1]:9584252 [2]:0 [3]:366
[0]:45743459 [1]:9617710 [2]:0 [3]:360
[0]:45951496 [1]:9650812 [2]:0 [3]:361
[0]:46163555 [1]:9684752 [2]:0 [3]:357
[0]:46381410 [1]:9719507 [2]:0 [3]:359
[0]:46587703 [1]:9752419 [2]:0 [3]:74
[0]:46791074 [1]:9784799 [2]:0 [3]:368
[0]:46990909 [1]:9816648 [2]:0 [3]:364
[0]:47207078 [1]:9851136 [2]:0 [3]:77
[0]:47414673 [1]:9884256 [2]:0 [3]:360
[0]:47620245 [1]:9917050 [2]:0 [3]:365
[0]:47831785 [1]:9950754 [2]:0 [3]:363
[0]:48035038 [1]:9983085 [2]:0 [3]:360
[0]:48235762 [1]:10015204 [2]:0 [3]:369
[0]:48448593 [1]:10049229 [2]:0 [3]:372
[0]:48657690 [1]:10082595 [2]:0 [3]:370
[0]:48862936 [1]:10115466 [2]:0 [3]:373
[0]:49086980 [1]:10151198 [2]:0 [3]:361
[0]:49289238 [1]:10183470 [2]:0 [3]:71
[0]:49494106 [1]:10216100 [2]:0 [3]:370
[0]:49700829 [1]:10249079 [2]:0 [3]:371
[0]:49904450 [1]:10281581 [2]:0 [3]:361
[0]:50115769 [1]:10315305 [2]:0 [3]:81
[0]:50316235 [1]:10347363 [2]:0 [3]:368
[0]:50520906 [1]:10379990 [2]:0 [3]:358
[0]:50732669 [1]:10413977 [2]:0 [3]:361
[0]:50934065 [1]:10446158 [2]:0 [3]:358
[0]:51162540 [1]:10482596 [2]:0 [3]:366
[0]:51364483 [1]:10514809 [2]:0 [3]:365
[0]:51569143 [1]:10547460 [2]:0 [3]:364
[0]:51774401 [1]:10580231 [2]:0 [3]:356
[0]:51987308 [1]:10614160 [2]:0 [3]:361
[0]:52263649 [1]:10658314 [2]:0 [3]:358
[0]:52468689 [1]:10690993 [2]:0 [3]:367
[0]:52678186 [1]:10724471 [2]:0 [3]:367
[0]:52879133 [1]:10756433 [2]:0 [3]:362
[0]:53080301 [1]:10788572 [2]:0 [3]:371
[0]:53289504 [1]:10821930 [2]:0 [3]:364
[0]:53502530 [1]:10855853 [2]:0 [3]:367
[0]:53714579 [1]:10889635 [2]:0 [3]:363
[0]:53990957 [1]:10933743 [2]:0 [3]:357
[0]:54217093 [1]:10969781 [2]:0 [3]:86
[0]:54421150 [1]:11002246 [2]:0 [3]:367
[0]:54619100 [1]:11033859 [2]:0 [3]:359
[0]:54828027 [1]:11067206 [2]:0 [3]:357
[0]:55033299 [1]:11100034 [2]:0 [3]:364
[0]:55239374 [1]:11132873 [2]:0 [3]:355
[0]:55457603 [1]:11167638 [2]:0 [3]:359
[0]:55663954 [1]:11200605 [2]:0 [3]:366
[0]:55865823 [1]:11232863 [2]:0 [3]:371
[0]:56066935 [1]:11264950 [2]:0 [3]:363
[0]:56284235 [1]:11299652 [2]:0 [3]:360
[0]:56523420 [1]:11337877 [2]:0 [3]:78
[0]:56729760 [1]:11370766 [2]:0 [3]:364
[0]:56937549 [1]:11405014 [2]:0 [3]:362
