[0]:119432587 [1]:17536991 [2]:107 [3]:362
[0]:119657441 [1]:17561694 [2]:107 [3]:77
[0]:119878264 [1]:17585951 [2]:107 [3]:365
[0]:120107823 [1]:17611120 [2]:107 [3]:76
[0]:120315562 [1]:17633864 [2]:107 [3]:369
[0]:120525380 [1]:17656925 [2]:107 [3]:369
[0]:120730518 [1]:17679604 [2]:107 [3]:76
[0]:121005952 [1]:17709897 [2]:107 [3]:365
[0]:121215563 [1]:17733131 [2]:107 [3]:72
[0]:121436431 [1]:17757452 [2]:107 [3]:368
[0]:121694997 [1]:17785858 [2]:102 [3]:363
[0]:121902013 [1]:17808673 [2]:102 [3]:84
[0]:122117327 [1]:17832316 [2]:102 [3]:370
[0]:122328282 [1]:17855331 [2]:102 [3]:84
[0]:122532732 [1]:17877844 [2]:102 [3]:78
[0]:122763643 [1]:17903381 [2]:102 [3]:360
[0]:122967149 [1]:17925718 [2]:102 [3]:76
[0]:123180335 [1]:17949061 [2]:102 [3]:83
[0]:123385342 [1]:17971680 [2]:102 [3]:85
[0]:123586581 [1]:17993790 [2]:102 [3]:372
[0]:123797959 [1]:18016975 [2]:102 [3]:364
[0]:124000876 [1]:18039308 [2]:100 [3]:366
[0]:124206065 [1]:18061879 [2]:100 [3]:85
[0]:124406826 [1]:18084118 [2]:100 [3]:77
[0]:124616064 [1]:18107167 [2]:100 [3]:366
[0]:124833129 [1]:18130977 [2]:100 [3]:78
[0]:125042078 [1]:18154082 [2]:100 [3]:367
[0]:125248796 [1]:18176751 [2]:100 [3]:79
[0]:125460152 [1]:18199857 [2]:100 [3]:359
[0]:125667230 [1]:18222682 [2]:100 [3]:88
[0]:125882561 [1]:18246415 [2]:100 [3]:91
[0]:126099177 [1]:18270491 [2]:99 [3]:362
[0]:126308157 [1]:18293647 [2]:99 [3]:85
[0]:126513238 [1]:18316208 [2]:99 [3]:359
[0]:126714861 [1]:18338406 [2]:99 [3]:360
[0]:126930870 [1]:18362209 [2]:99 [3]:369
[0]:127164080 [1]:18387907 [2]:99 [3]:360
[0]:127373898 [1]:18411075 [2]:99 [3]:361
[0]:127589530 [1]:18434927 [2]:99 [3]:359
[0]:127802814 [1]:18458643 [2]:99 [3]:366
[0]:128011953 [1]:18481528 [2]:99 [3]:370
[0]:128241034 [1]:18506554 [2]:99 [3]:363
[0]:128449970 [1]:18529604 [2]:100 [3]:359
[0]:128658976 [1]:18552686 [2]:100 [3]:371
[0]:128865992 [1]:18575318 [2]:100 [3]:364
[0]:129135904 [1]:18604996 [2]:100 [3]:359
[0]:129341584 [1]:18627611 [2]:100 [3]:363
[0]:129554626 [1]:18651105 [2]:100 [3]:103
[0]:129764008 [1]:18674121 [2]:100 [3]:82
[0]:129980705 [1]:18697980 [2]:100 [3]:79
[0]:130189704 [1]:18721049 [2]:100 [3]:372
[0]:130393187 [1]:18743345 [2]:100 [3]:103
[0]:130607348 [1]:18766767 [2]:100 [3]:75
[0]:130848682 [1]:18793383 [2]:100 [3]:77
[0]:131057730 [1]:18816429 [2]:100 [3]:101
[0]:131266864 [1]:18839350 [2]:100 [3]:371
[0]:131473322 [1]:18862337 [2]:100 [3]:85
[0]:131726291 [1]:18890183 [2]:100 [3]:368
[0]:131936706 [1]:18913345 [2]:100 [3]:361
[0]:132142244 [1]:18935946 [2]:100 [3]:94
[0]:132384659 [1]:18962479 [2]:100 [3]:371
[0]:132596182 [1]:18985631 [2]:100 [3]:363
[0]:132806492 [1]:19008860 [2]:99 [3]:79
[0]:133010298 [1]:19031283 [2]:99 [3]:361
[0]:133247104 [1]:19057226 [2]:99 [3]:90
[0]:133452076 [1]:19079719 [2]:99 [3]:359
[0]:133661413 [1]:19102708 [2]:99 [3]:368
[0]:133866413 [1]:19125438 [2]:99 [3]:361
[0]:134079395 [1]:19149039 [2]:99 [3]:82
[0]:134343543 [1]:19178115 [2]:99 [3]:368
[0]:134544286 [1]:19200266 [2]:99 [3]:80
[0]:134758123 [1]:19223846 [2]:99 [3]:368
[0]:134963063 [1]:19246229 [2]:99 [3]:368
[0]:135171920 [1]:19269263 [2]:99 [3]:365
[0]:135386217 [1]:19292748 [2]:99 [3]:91
[0]:135597853 [1]:19316282 [2]:99 [3]:81
[0]:135802882 [1]:19338949 [2]:99 [3]:74
[0]:136035700 [1]:19364642 [2]:99 [3]:359
[0]:136237042 [1]:19386722 [2]:99 [3]:364
[0]:136441888 [1]:19409460 [2]:99 [3]:88
[0]:136652944 [1]:19432850 [2]:99 [3]:77
[0]:136871730 [1]:19456898 [2]:99 [3]:360
[0]:137076805 [1]:19479428 [2]:99 [3]:369
[0]:137281956 [1]:19501947 [2]:99 [3]:361
[0]:137499126 [1]:19525818 [2]:99 [3]:373
[0]:137704022 [1]:19548457 [2]:99 [3]:371
[0]:137915218 [1]:19572076 [2]:99 [3]:359
[0]:138121853 [1]:19594885 [2]:99 [3]:361
[0]:138330882 [1]:19617939 [2]:99 [3]:83
[0]:138544088 [1]:19641288 [2]:99 [3]:367
[0]:138753066 [1]:19664366 [2]:99 [3]:90
[0]:138953658 [1]:19686370 [2]:99 [3]:366
[0]:139160040 [1]:19709072 [2]:99 [3]:373
[0]:139368590 [1]:19731940 [2]:99 [3]:364
[0]:139581521 [1]:19755391 [2]:100 [3]:370
[0]:139788254 [1]:19778161 [2]:100 [3]:93
[0]:139993502 [1]:19800844 [2]:100 [3]:89
[0]:140213020 [1]:19824991 [2]:100 [3]:89
[0]:140422058 [1]:19847947 [2]:100 [3]:360
[0]:140630996 [1]:19870950 [2]:100 [3]:363
[0]:140839924 [1]:19893897 [2]:100 [3]:88
[0]:141047184 [1]:19916699 [2]:100 [3]:371
[0]:141250144 [1]:19938889 [2]:100 [3]:362
[0]:141467186 [1]:19962698 [2]:100 [3]:368
[0]:141674991 [1]:19985626 [2]:100 [3]:363
[0]:141893218 [1]:20009719 [2]:99 [3]:372
[0]:142106398 [1]:20033035 [2]:99 [3]:362
[0]:142330454 [1]:20057656 [2]:99 [3]:370
[0]:142547761 [1]:20081819 [2]:99 [3]:74
[0]:142760909 [1]:20105296 [2]:99 [3]:365
[0]:142965831 [1]:20128028 [2]:99 [3]:94
[0]:143175075 [1]:20151014 [2]:99 [3]:96
[0]:143388166 [1]:20174475 [2]:99 [3]:90
[0]:143593693 [1]:20197488 [2]:99 [3]:90
[0]:143809756 [1]:20221479 [2]:99 [3]:89
[0]:144011358 [1]:20243863 [2]:100 [3]:80
[0]:144215367 [1]:20266274 [2]:100 [3]:89
[0]:144487523 [1]:20296161 [2]:100 [3]:360
[0]:144700756 [1]:20319751 [2]:100 [3]:366
[0]:144937345 [1]:20345990 [2]:100 [3]:364
[0]:145143669 [1]:20368661 [2]:100 [3]:364
[0]:145389865 [1]:20395580 [2]:100 [3]:360
[0]:145604299 [1]:20419150 [2]:100 [3]:69
[0]:145800298 [1]:20440781 [2]:100 [3]:366
[0]:146013987 [1]:20464328 [2]:100 [3]:352
[0]:146230220 [1]:20488012 [2]:99 [3]:358
[0]:146432518 [1]:20510190 [2]:99 [3]:80
[0]:146645690 [1]:20533873 [2]:99 [3]:358
[0]:146850727 [1]:20556416 [2]:99 [3]:369
[0]:147083569 [1]:20581955 [2]:99 [3]:365
[0]:147292683 [1]:20604909 [2]:99 [3]:365
[0]:147517608 [1]:20629704 [2]:99 [3]:82
[0]:147730438 [1]:20653236 [2]:99 [3]:360
[0]:147943273 [1]:20676839 [2]:99 [3]:359
[0]:148156394 [1]:20700249 [2]:99 [3]:373
[0]:148387068 [1]:20725776 [2]:99 [3]:364
[0]:148594089 [1]:20748668 [2]:99 [3]:92
[0]:148791206 [1]:20770414 [2]:99 [3]:76
[0]:148992413 [1]:20792464 [2]:99 [3]:82
[0]:149221187 [1]:20817707 [2]:99 [3]:85
[0]:149423784 [1]:20840170 [2]:99 [3]:81
[0]:149626948 [1]:20862568 [2]:99 [3]:375
[0]:149869205 [1]:20889183 [2]:99 [3]:370
[0]:150092144 [1]:20913714 [2]:99 [3]:363
[0]:150305845 [1]:20937278 [2]:99 [3]:362
[0]:150520015 [1]:20960734 [2]:99 [3]:364
[0]:150727703 [1]:20983691 [2]:100 [3]:370
[0]:150957623 [1]:21009101 [2]:100 [3]:97
[0]:151165582 [1]:21032082 [2]:100 [3]:357
[0]:151386549 [1]:21056379 [2]:100 [3]:360
[0]:151591660 [1]:21078977 [2]:100 [3]:369
[0]:151843494 [1]:21106872 [2]:100 [3]:85
[0]:152063184 [1]:21131080 [2]:100 [3]:88
[0]:152269841 [1]:21153872 [2]:100 [3]:360
[0]:152480230 [1]:21177034 [2]:100 [3]:367
[0]:152695849 [1]:21200853 [2]:100 [3]:358
[0]:152900662 [1]:21223430 [2]:100 [3]:92
[0]:153104171 [1]:21245708 [2]:99 [3]:368
[0]:153306964 [1]:21268139 [2]:99 [3]:90
[0]:153551832 [1]:21295055 [2]:99 [3]:356
[0]:153784319 [1]:21320643 [2]:99 [3]:368
[0]:154060683 [1]:21351095 [2]:99 [3]:92
[0]:154269441 [1]:21374167 [2]:99 [3]:364
[0]:154482792 [1]:21397697 [2]:99 [3]:364
[0]:154687608 [1]:21420230 [2]:99 [3]:369
[0]:154893008 [1]:21442840 [2]:99 [3]:83
[0]:155098109 [1]:21465311 [2]:99 [3]:88
[0]:155304424 [1]:21487851 [2]:99 [3]:96
[0]:155515619 [1]:21511185 [2]:99 [3]:86
[0]:155725485 [1]:21534238 [2]:99 [3]:98
[0]:155937136 [1]:21557595 [2]:99 [3]:359
[0]:156135832 [1]:21579718 [2]:99 [3]:377
[0]:156348505 [1]:21603052 [2]:99 [3]:362
[0]:156565593 [1]:21626941 [2]:99 [3]:369
[0]:156774586 [1]:21650067 [2]:99 [3]:94
[0]:156982848 [1]:21672810 [2]:99 [3]:106
[0]:157200585 [1]:21696771 [2]:99 [3]:354
[0]:157409762 [1]:21719766 [2]:100 [3]:363
[0]:157677449 [1]:21749329 [2]:100 [3]:358
[0]:157886841 [1]:21772440 [2]:100 [3]:348
[0]:158096225 [1]:21795577 [2]:100 [3]:364
[0]:158306939 [1]:21818765 [2]:100 [3]:87
[0]:158511025 [1]:21841257 [2]:100 [3]:358
[0]:158716899 [1]:21864048 [2]:100 [3]:364
[0]:158939329 [1]:21888546 [2]:100 [3]:360
[0]:159152810 [1]:21912079 [2]:100 [3]:365
[0]:159418930 [1]:21941424 [2]:100 [3]:109
[0]:159614201 [1]:21962980 [2]:100 [3]:364
[0]:159823472 [1]:21986003 [2]:100 [3]:367
[0]:160036449 [1]:22009465 [2]:100 [3]:82
[0]:160265212 [1]:22034641 [2]:100 [3]:368
[0]:160475378 [1]:22057626 [2]:100 [3]:364
[0]:160683659 [1]:22080444 [2]:100 [3]:361
