[0]:0 [1]:0 [2]:0 [3]:0
[0]:97438 [1]:0 [2]:0 [3]:314
[0]:332018 [1]:0 [2]:0 [3]:57
[0]:556119 [1]:0 [2]:0 [3]:322
[0]:775273 [1]:0 [2]:0 [3]:51
[0]:1003692 [1]:0 [2]:0 [3]:86
[0]:1207736 [1]:17970 [2]:121 [3]:66
[0]:1406167 [1]:40410 [2]:121 [3]:68
[0]:1604790 [1]:62826 [2]:121 [3]:51
[0]:1846816 [1]:90254 [2]:121 [3]:359
[0]:2050091 [1]:113243 [2]:121 [3]:351
[0]:2248317 [1]:135661 [2]:121 [3]:67
[0]:2503102 [1]:164291 [2]:121 [3]:67
[0]:2697667 [1]:186120 [2]:102 [3]:59
[0]:2894721 [1]:208387 [2]:102 [3]:61
[0]:3090072 [1]:230356 [2]:102 [3]:364
[0]:3284000 [1]:252134 [2]:102 [3]:71
[0]:3471800 [1]:273298 [2]:102 [3]:68
[0]:3672107 [1]:295826 [2]:102 [3]:366
[0]:3885619 [1]:319882 [2]:102 [3]:59
[0]:4083906 [1]:342348 [2]:102 [3]:86
[0]:4344142 [1]:371678 [2]:91 [3]:57
[0]:4537050 [1]:393381 [2]:91 [3]:71
[0]:4741832 [1]:416520 [2]:91 [3]:375
[0]:4931969 [1]:437877 [2]:91 [3]:365
[0]:5136351 [1]:460948 [2]:91 [3]:58
[0]:5319794 [1]:481672 [2]:91 [3]:70
[0]:5521950 [1]:504309 [2]:91 [3]:70
[0]:5716537 [1]:526406 [2]:84 [3]:63
[0]:5964112 [1]:554439 [2]:84 [3]:64
[0]:6154388 [1]:575844 [2]:84 [3]:70
[0]:6363674 [1]:599479 [2]:84 [3]:56
[0]:6566046 [1]:622248 [2]:84 [3]:365
[0]:6765502 [1]:644702 [2]:84 [3]:364
[0]:6963635 [1]:667055 [2]:84 [3]:360
[0]:7167269 [1]:689989 [2]:80 [3]:71
[0]:7368283 [1]:712543 [2]:80 [3]:356
[0]:7563884 [1]:734611 [2]:80 [3]:61
[0]:7769061 [1]:757660 [2]:80 [3]:65
[0]:7969752 [1]:780258 [2]:80 [3]:68
[0]:8169918 [1]:802786 [2]:80 [3]:371
[0]:8387035 [1]:827257 [2]:80 [3]:77
[0]:8588900 [1]:850101 [2]:80 [3]:65
[0]:8795067 [1]:873477 [2]:77 [3]:76
[0]:8997324 [1]:896232 [2]:77 [3]:64
[0]:9199482 [1]:919008 [2]:77 [3]:65
[0]:9393792 [1]:940865 [2]:77 [3]:361
[0]:9586348 [1]:962504 [2]:77 [3]:362
[0]:9785292 [1]:984891 [2]:77 [3]:57
[0]:9982540 [1]:1007077 [2]:77 [3]:68
[0]:10177269 [1]:1028996 [2]:77 [3]:365
[0]:10385802 [1]:1052518 [2]:76 [3]:359
[0]:10589289 [1]:1075442 [2]:76 [3]:73
[0]:10794856 [1]:1098667 [2]:76 [3]:182
[0]:10993308 [1]:1120940 [2]:76 [3]:55
[0]:11192375 [1]:1143325 [2]:76 [3]:362
[0]:11383197 [1]:1164737 [2]:76 [3]:68
[0]:11581931 [1]:1187227 [2]:76 [3]:65
[0]:11776029 [1]:1209091 [2]:75 [3]:54
[0]:11978889 [1]:1232029 [2]:75 [3]:69
[0]:12177407 [1]:1254296 [2]:75 [3]:361
[0]:12375858 [1]:1276709 [2]:75 [3]:359
[0]:12581840 [1]:1299934 [2]:75 [3]:356
[0]:12772831 [1]:1321531 [2]:75 [3]:58
[0]:12967403 [1]:1343425 [2]:75 [3]:354
[0]:13192360 [1]:1368756 [2]:75 [3]:70
[0]:13382332 [1]:1390163 [2]:74 [3]:63
[0]:13596704 [1]:1414240 [2]:74 [3]:57
[0]:13803001 [1]:1437469 [2]:74 [3]:60
[0]:13995339 [1]:1459161 [2]:74 [3]:80
[0]:14194720 [1]:1481603 [2]:74 [3]:70
[0]:14385552 [1]:1503164 [2]:74 [3]:67
[0]:14581654 [1]:1525444 [2]:74 [3]:61
[0]:14794581 [1]:1549503 [2]:74 [3]:65
[0]:15004764 [1]:1573142 [2]:74 [3]:356
[0]:15205328 [1]:1595810 [2]:74 [3]:54
[0]:15427891 [1]:1620886 [2]:74 [3]:63
[0]:15625931 [1]:1643351 [2]:74 [3]:69
[0]:15815738 [1]:1664757 [2]:74 [3]:369
[0]:16009104 [1]:1686639 [2]:74 [3]:62
[0]:16201398 [1]:1708313 [2]:74 [3]:53
[0]:16401343 [1]:1730897 [2]:74 [3]:67
[0]:16616866 [1]:1755171 [2]:74 [3]:76
[0]:16809471 [1]:1776934 [2]:74 [3]:65
[0]:17030507 [1]:1801911 [2]:74 [3]:56
[0]:17236174 [1]:1825033 [2]:74 [3]:63
[0]:17434896 [1]:1847310 [2]:74 [3]:69
[0]:17633758 [1]:1869718 [2]:74 [3]:73
[0]:17835827 [1]:1892499 [2]:74 [3]:353
[0]:18037637 [1]:1915354 [2]:74 [3]:58
[0]:18226140 [1]:1936710 [2]:74 [3]:348
[0]:18427480 [1]:1959220 [2]:74 [3]:57
[0]:18619971 [1]:1981127 [2]:74 [3]:57
[0]:18819573 [1]:2003695 [2]:74 [3]:58
[0]:19022508 [1]:2026628 [2]:74 [3]:370
[0]:19236183 [1]:2050660 [2]:74 [3]:58
[0]:19423168 [1]:2071899 [2]:74 [3]:363
[0]:19677877 [1]:2100679 [2]:74 [3]:59
[0]:19875463 [1]:2122913 [2]:74 [3]:359
[0]:20070537 [1]:2144877 [2]:74 [3]:68
[0]:20336948 [1]:2174966 [2]:74 [3]:71
[0]:20532124 [1]:2197143 [2]:74 [3]:366
[0]:20729553 [1]:2219323 [2]:74 [3]:73
[0]:20943996 [1]:2243415 [2]:74 [3]:68
[0]:21145657 [1]:2266208 [2]:74 [3]:373
[0]:21340248 [1]:2288261 [2]:74 [3]:364
[0]:21543038 [1]:2311173 [2]:74 [3]:67
[0]:21748564 [1]:2334294 [2]:74 [3]:55
[0]:22056654 [1]:2369087 [2]:74 [3]:346
[0]:22245091 [1]:2390292 [2]:74 [3]:360
[0]:22463510 [1]:2414933 [2]:74 [3]:366
[0]:22663665 [1]:2437555 [2]:74 [3]:81
[0]:22860471 [1]:2459776 [2]:74 [3]:376
[0]:23066430 [1]:2482975 [2]:74 [3]:69
[0]:23265113 [1]:2505408 [2]:74 [3]:60
[0]:23471214 [1]:2528514 [2]:74 [3]:65
[0]:23692210 [1]:2553352 [2]:74 [3]:52
[0]:23894435 [1]:2576109 [2]:74 [3]:370
[0]:24104120 [1]:2599719 [2]:74 [3]:63
[0]:24299056 [1]:2621654 [2]:74 [3]:361
[0]:24504986 [1]:2644896 [2]:74 [3]:66
[0]:24710824 [1]:2668102 [2]:74 [3]:70
[0]:24905834 [1]:2690023 [2]:74 [3]:61
[0]:25107928 [1]:2712833 [2]:74 [3]:356
[0]:25300661 [1]:2734484 [2]:74 [3]:56
[0]:25549465 [1]:2762653 [2]:74 [3]:360
[0]:25743541 [1]:2784652 [2]:74 [3]:365
[0]:25942822 [1]:2807087 [2]:74 [3]:376
[0]:26152149 [1]:2830633 [2]:74 [3]:359
[0]:26351046 [1]:2853113 [2]:74 [3]:76
[0]:26556456 [1]:2876547 [2]:74 [3]:370
[0]:26765145 [1]:2900085 [2]:74 [3]:56
[0]:26978009 [1]:2924145 [2]:74 [3]:60
[0]:27178217 [1]:2946718 [2]:74 [3]:64
[0]:27380854 [1]:2969719 [2]:74 [3]:61
[0]:27579515 [1]:2992204 [2]:74 [3]:365
[0]:27788554 [1]:3015694 [2]:74 [3]:88
[0]:27983134 [1]:3037564 [2]:74 [3]:65
[0]:28184659 [1]:3060387 [2]:74 [3]:354
[0]:28383902 [1]:3082839 [2]:74 [3]:61
[0]:28582579 [1]:3105253 [2]:74 [3]:82
[0]:28773216 [1]:3126801 [2]:74 [3]:73
[0]:29040817 [1]:3157020 [2]:74 [3]:356
[0]:29243270 [1]:3179922 [2]:74 [3]:70
[0]:29462271 [1]:3204520 [2]:74 [3]:365
[0]:29690604 [1]:3230183 [2]:74 [3]:52
[0]:29902763 [1]:3255525 [2]:74 [3]:362
[0]:30112308 [1]:3291529 [2]:76 [3]:360
[0]:30330710 [1]:3329240 [2]:76 [3]:62
[0]:30583694 [1]:3372684 [2]:76 [3]:58
[0]:30778115 [1]:3406116 [2]:76 [3]:67
[0]:30972241 [1]:3439473 [2]:76 [3]:355
[0]:31224685 [1]:3482904 [2]:76 [3]:59
[0]:31409295 [1]:3514668 [2]:76 [3]:365
[0]:31596469 [1]:3546811 [2]:76 [3]:359
[0]:31794507 [1]:3580748 [2]:76 [3]:360
[0]:32003088 [1]:3616511 [2]:76 [3]:344
[0]:32204290 [1]:3651278 [2]:88 [3]:361
[0]:32396155 [1]:3684217 [2]:88 [3]:56
[0]:32597955 [1]:3718840 [2]:88 [3]:65
[0]:32795832 [1]:3752878 [2]:88 [3]:367
[0]:32990049 [1]:3786388 [2]:88 [3]:356
[0]:33199209 [1]:3822456 [2]:88 [3]:359
[0]:33427286 [1]:3861561 [2]:88 [3]:51
[0]:33620928 [1]:3894839 [2]:88 [3]:361
[0]:33811507 [1]:3927625 [2]:88 [3]:74
[0]:33998072 [1]:3959600 [2]:88 [3]:58
[0]:34215563 [1]:3996878 [2]:95 [3]:366
[0]:34406180 [1]:4029834 [2]:95 [3]:359
[0]:34603663 [1]:4063901 [2]:95 [3]:69
[0]:34805122 [1]:4098651 [2]:95 [3]:62
[0]:35005360 [1]:4133115 [2]:95 [3]:364
[0]:35205261 [1]:4167575 [2]:95 [3]:364
[0]:35403319 [1]:4201708 [2]:95 [3]:65
[0]:35603874 [1]:4236206 [2]:95 [3]:364
[0]:35810398 [1]:4271731 [2]:95 [3]:361
[0]:36004754 [1]:4305108 [2]:95 [3]:359
[0]:36198926 [1]:4338394 [2]:99 [3]:63
[0]:36397327 [1]:4372410 [2]:99 [3]:360
[0]:36592534 [1]:4405858 [2]:99 [3]:66
[0]:36800763 [1]:4441787 [2]:99 [3]:367
[0]:36994837 [1]:4475025 [2]:99 [3]:51
[0]:37193292 [1]:4509089 [2]:99 [3]:365
[0]:37387509 [1]:4542439 [2]:99 [3]:368
[0]:37592669 [1]:4578020 [2]:99 [3]:59
[0]:37783482 [1]:4610510 [2]:99 [3]:363
[0]:37977897 [1]:4643774 [2]:99 [3]:359
[0]:38164253 [1]:4675827 [2]:102 [3]:374
[0]:38371502 [1]:4711415 [2]:102 [3]:360
[0]:38590550 [1]:4749054 [2]:102 [3]:112
[0]:38784968 [1]:4782475 [2]:102 [3]:361
