[0]:133818452 [1]:18941506 [2]:130 [3]:363
[0]:134023574 [1]:18984044 [2]:130 [3]:366
[0]:134213549 [1]:19023434 [2]:130 [3]:364
[0]:134421429 [1]:19066584 [2]:130 [3]:363
[0]:134627485 [1]:19109355 [2]:130 [3]:365
[0]:134824809 [1]:19150279 [2]:130 [3]:54
[0]:135025040 [1]:19191740 [2]:130 [3]:363
[0]:135211731 [1]:19230481 [2]:130 [3]:355
[0]:135406219 [1]:19270879 [2]:130 [3]:361
[0]:135599767 [1]:19311030 [2]:130 [3]:357
[0]:135795150 [1]:19351612 [2]:130 [3]:359
[0]:135991336 [1]:19392270 [2]:130 [3]:360
[0]:136202344 [1]:19435980 [2]:132 [3]:361
[0]:136399549 [1]:19476906 [2]:132 [3]:367
[0]:136598763 [1]:19518283 [2]:132 [3]:363
[0]:136813184 [1]:19562732 [2]:132 [3]:355
[0]:136997458 [1]:19600909 [2]:132 [3]:57
[0]:137198509 [1]:19642613 [2]:132 [3]:67
[0]:137396122 [1]:19683595 [2]:132 [3]:358
[0]:137593896 [1]:19724666 [2]:132 [3]:361
[0]:137787274 [1]:19764795 [2]:132 [3]:363
[0]:137981451 [1]:19805092 [2]:132 [3]:361
[0]:138178343 [1]:19845942 [2]:132 [3]:369
[0]:138398682 [1]:19891601 [2]:132 [3]:362
[0]:138596057 [1]:19932567 [2]:132 [3]:366
[0]:138804985 [1]:19975942 [2]:132 [3]:359
[0]:139002457 [1]:20016921 [2]:132 [3]:372
[0]:139199911 [1]:20057895 [2]:134 [3]:366
[0]:139401207 [1]:20099655 [2]:134 [3]:62
[0]:139594935 [1]:20139794 [2]:134 [3]:358
[0]:139796213 [1]:20181524 [2]:134 [3]:373
[0]:139986206 [1]:20220966 [2]:134 [3]:54
[0]:140179267 [1]:20261064 [2]:134 [3]:357
[0]:140377148 [1]:20302137 [2]:134 [3]:365
[0]:140591271 [1]:20346505 [2]:134 [3]:362
[0]:140787714 [1]:20387294 [2]:134 [3]:369
[0]:141015717 [1]:20434655 [2]:134 [3]:370
[0]:141208557 [1]:20474735 [2]:134 [3]:359
[0]:141439588 [1]:20522657 [2]:134 [3]:360
[0]:141652152 [1]:20566689 [2]:134 [3]:365
[0]:141857204 [1]:20609283 [2]:134 [3]:355
[0]:142043377 [1]:20647911 [2]:134 [3]:364
[0]:142237268 [1]:20688181 [2]:136 [3]:361
[0]:142434751 [1]:20729075 [2]:136 [3]:62
[0]:142627329 [1]:20769002 [2]:136 [3]:363
[0]:142818620 [1]:20808671 [2]:136 [3]:362
[0]:143042144 [1]:20855022 [2]:136 [3]:367
[0]:143263438 [1]:20900898 [2]:136 [3]:359
[0]:143474566 [1]:20944612 [2]:136 [3]:358
[0]:143668296 [1]:20984794 [2]:136 [3]:365
[0]:143865848 [1]:21025817 [2]:136 [3]:362
[0]:144063357 [1]:21066777 [2]:136 [3]:361
[0]:144257187 [1]:21106867 [2]:136 [3]:359
[0]:144454619 [1]:21147859 [2]:136 [3]:360
[0]:144692949 [1]:21197339 [2]:136 [3]:364
[0]:144889368 [1]:21238116 [2]:136 [3]:359
[0]:145080731 [1]:21277819 [2]:136 [3]:358
[0]:145270177 [1]:21317062 [2]:138 [3]:363
[0]:145469256 [1]:21358369 [2]:138 [3]:360
[0]:145669549 [1]:21399898 [2]:138 [3]:363
[0]:145859124 [1]:21439203 [2]:138 [3]:360
[0]:146058952 [1]:21480792 [2]:138 [3]:361
[0]:146256416 [1]:21521749 [2]:138 [3]:357
[0]:146444527 [1]:21560817 [2]:138 [3]:362
[0]:146639357 [1]:21601184 [2]:138 [3]:350
[0]:146828441 [1]:21640408 [2]:138 [3]:364
[0]:147022187 [1]:21680623 [2]:138 [3]:361
[0]:147238428 [1]:21725374 [2]:138 [3]:353
[0]:147428439 [1]:21764758 [2]:138 [3]:364
[0]:147613530 [1]:21803173 [2]:138 [3]:360
[0]:147814322 [1]:21844832 [2]:138 [3]:367
[0]:148013723 [1]:21886137 [2]:138 [3]:365
[0]:148240569 [1]:21933237 [2]:140 [3]:63
[0]:148442163 [1]:21975128 [2]:140 [3]:362
[0]:148635932 [1]:22015318 [2]:140 [3]:361
[0]:148825759 [1]:22054716 [2]:140 [3]:360
[0]:149024849 [1]:22095971 [2]:140 [3]:64
[0]:149258317 [1]:22144358 [2]:140 [3]:362
[0]:149452092 [1]:22184540 [2]:140 [3]:363
[0]:149643023 [1]:22224102 [2]:140 [3]:360
[0]:149836824 [1]:22264357 [2]:140 [3]:362
[0]:150029716 [1]:22304301 [2]:140 [3]:356
[0]:150223532 [1]:22344490 [2]:140 [3]:365
[0]:150415913 [1]:22384378 [2]:140 [3]:366
[0]:150604771 [1]:22423590 [2]:140 [3]:363
[0]:150803104 [1]:22464626 [2]:140 [3]:363
[0]:150997221 [1]:22504993 [2]:140 [3]:58
[0]:151185106 [1]:22543963 [2]:141 [3]:359
[0]:151382612 [1]:22584948 [2]:141 [3]:358
[0]:151580138 [1]:22625913 [2]:141 [3]:363
[0]:151777685 [1]:22666819 [2]:141 [3]:367
[0]:151971407 [1]:22707043 [2]:141 [3]:63
[0]:152168854 [1]:22747952 [2]:141 [3]:63
[0]:152370327 [1]:22789693 [2]:141 [3]:361
[0]:152575231 [1]:22832203 [2]:141 [3]:358
[0]:152797045 [1]:22878143 [2]:141 [3]:362
[0]:152987061 [1]:22917558 [2]:141 [3]:62
[0]:153180826 [1]:22957766 [2]:141 [3]:363
[0]:153392364 [1]:23001669 [2]:141 [3]:358
[0]:153594490 [1]:23043545 [2]:141 [3]:365
[0]:153784013 [1]:23082909 [2]:141 [3]:56
[0]:154001520 [1]:23127999 [2]:141 [3]:370
[0]:154205232 [1]:23170212 [2]:142 [3]:363
[0]:154404399 [1]:23211503 [2]:142 [3]:366
[0]:154602600 [1]:23252537 [2]:142 [3]:356
[0]:154803712 [1]:23294240 [2]:142 [3]:60
[0]:155001388 [1]:23335270 [2]:142 [3]:359
[0]:155194999 [1]:23375478 [2]:142 [3]:363
[0]:155390544 [1]:23416038 [2]:142 [3]:362
[0]:155582719 [1]:23455872 [2]:142 [3]:362
[0]:155776521 [1]:23496111 [2]:142 [3]:352
[0]:155967976 [1]:23535807 [2]:142 [3]:360
[0]:156160484 [1]:23575688 [2]:142 [3]:364
[0]:156354150 [1]:23615924 [2]:142 [3]:68
[0]:156568130 [1]:23660271 [2]:142 [3]:366
[0]:156760599 [1]:23700255 [2]:142 [3]:55
[0]:156957757 [1]:23741214 [2]:142 [3]:362
[0]:157171227 [1]:23785475 [2]:143 [3]:367
[0]:157371176 [1]:23826892 [2]:143 [3]:362
[0]:157569033 [1]:23867954 [2]:143 [3]:358
[0]:157770362 [1]:23909669 [2]:143 [3]:361
[0]:157967815 [1]:23950643 [2]:143 [3]:362
[0]:158155763 [1]:23989653 [2]:143 [3]:369
[0]:158351584 [1]:24030266 [2]:143 [3]:362
[0]:158549169 [1]:24071221 [2]:143 [3]:362
[0]:158746735 [1]:24112215 [2]:143 [3]:370
[0]:158940548 [1]:24152420 [2]:143 [3]:365
[0]:159141814 [1]:24194186 [2]:143 [3]:60
[0]:159337688 [1]:24234772 [2]:143 [3]:359
[0]:159536671 [1]:24276141 [2]:143 [3]:70
[0]:159734171 [1]:24317120 [2]:143 [3]:361
[0]:159922556 [1]:24356180 [2]:143 [3]:367
[0]:160133026 [1]:24399808 [2]:144 [3]:358
[0]:160329330 [1]:24440639 [2]:144 [3]:357
[0]:160536318 [1]:24483552 [2]:144 [3]:362
[0]:160729144 [1]:24523531 [2]:144 [3]:360
[0]:160930471 [1]:24565340 [2]:144 [3]:362
[0]:161124251 [1]:24605474 [2]:144 [3]:362
[0]:161351578 [1]:24652600 [2]:144 [3]:363
[0]:161549130 [1]:24693535 [2]:144 [3]:362
[0]:161750462 [1]:24735304 [2]:144 [3]:355
[0]:161944081 [1]:24775480 [2]:144 [3]:363
[0]:162175193 [1]:24823454 [2]:144 [3]:362
[0]:162372473 [1]:24864396 [2]:144 [3]:355
[0]:162573946 [1]:24906199 [2]:144 [3]:362
[0]:162773957 [1]:24947663 [2]:144 [3]:354
[0]:162991416 [1]:24992660 [2]:144 [3]:359
[0]:163185206 [1]:25032851 [2]:145 [3]:359
[0]:163382692 [1]:25073795 [2]:145 [3]:364
[0]:163591541 [1]:25117086 [2]:145 [3]:363
[0]:163785156 [1]:25157246 [2]:145 [3]:360
[0]:163979314 [1]:25197438 [2]:145 [3]:365
[0]:164180279 [1]:25239147 [2]:145 [3]:364
[0]:164401739 [1]:25285085 [2]:145 [3]:364
[0]:164601364 [1]:25326504 [2]:145 [3]:356
[0]:164805237 [1]:25368749 [2]:145 [3]:356
[0]:164996485 [1]:25408406 [2]:145 [3]:58
[0]:165201348 [1]:25450877 [2]:145 [3]:360
[0]:165395225 [1]:25491137 [2]:145 [3]:361
[0]:165588941 [1]:25531353 [2]:145 [3]:363
[0]:165794494 [1]:25573932 [2]:145 [3]:358
[0]:165991490 [1]:25614799 [2]:145 [3]:359
[0]:166187109 [1]:25655415 [2]:146 [3]:362
[0]:166378106 [1]:25695017 [2]:146 [3]:356
[0]:166579953 [1]:25736902 [2]:146 [3]:57
[0]:166781525 [1]:25778714 [2]:146 [3]:363
[0]:167049326 [1]:25834237 [2]:146 [3]:355
[0]:167259001 [1]:25877760 [2]:146 [3]:57
[0]:167457264 [1]:25918899 [2]:146 [3]:63
[0]:167653426 [1]:25959571 [2]:146 [3]:356
[0]:167858475 [1]:26002165 [2]:146 [3]:360
[0]:168059614 [1]:26043904 [2]:146 [3]:354
[0]:168257206 [1]:26084888 [2]:146 [3]:365
[0]:168443534 [1]:26123562 [2]:146 [3]:361
[0]:168648446 [1]:26165970 [2]:146 [3]:361
[0]:168849938 [1]:26207739 [2]:146 [3]:60
[0]:169053968 [1]:26250101 [2]:146 [3]:61
[0]:169244402 [1]:26289631 [2]:147 [3]:57
[0]:169437334 [1]:26329599 [2]:147 [3]:360
[0]:169632437 [1]:26370092 [2]:147 [3]:57
[0]:169822986 [1]:26409616 [2]:147 [3]:63
[0]:170016233 [1]:26449733 [2]:147 [3]:357
[0]:170214856 [1]:26490964 [2]:147 [3]:360
[0]:170407586 [1]:26530878 [2]:147 [3]:364
[0]:170608869 [1]:26572700 [2]:147 [3]:362
[0]:170810027 [1]:26614431 [2]:147 [3]:365
[0]:171003104 [1]:26654456 [2]:147 [3]:364
[0]:171197716 [1]:26694883 [2]:147 [3]:363
[0]:171398841 [1]:26736599 [2]:147 [3]:366
[0]:171603767 [1]:26779140 [2]:147 [3]:366
[0]:171804936 [1]:26820918 [2]:147 [3]:361
[0]:172005180 [1]:26862443 [2]:147 [3]:55
[0]:172207143 [1]:26904324 [2]:148 [3]:357
[0]:172423633 [1]:26949263 [2]:148 [3]:363
[0]:172616057 [1]:26989207 [2]:148 [3]:363
[0]:172836462 [1]:27034940 [2]:148 [3]:362
[0]:173054837 [1]:27080228 [2]:148 [3]:359
[0]:173247345 [1]:27120109 [2]:148 [3]:358
[0]:173447275 [1]:27161656 [2]:148 [3]:56
[0]:173675105 [1]:27208855 [2]:148 [3]:361
[0]:173869605 [1]:27249227 [2]:148 [3]:357
[0]:174075266 [1]:27291797 [2]:148 [3]:361
[0]:174278705 [1]:27333961 [2]:148 [3]:356
[0]:174478860 [1]:27375520 [2]:148 [3]:362
[0]:174671111 [1]:27415431 [2]:148 [3]:359
[0]:174891581 [1]:27461153 [2]:148 [3]:366
[0]:175095688 [1]:27503428 [2]:149 [3]:361
[0]:175326609 [1]:27551332 [2]:149 [3]:360
[0]:175533572 [1]:27594340 [2]:149 [3]:363
[0]:175729136 [1]:27634952 [2]:149 [3]:357
[0]:175925096 [1]:27675525 [2]:149 [3]:320
[0]:176150594 [1]:27722310 [2]:149 [3]:369
[0]:176347493 [1]:27763149 [2]:149 [3]:365
[0]:176537711 [1]:27802574 [2]:149 [3]:363
[0]:176731766 [1]:27842862 [2]:149 [3]:68
[0]:176929794 [1]:27883945 [2]:149 [3]:64
[0]:177148046 [1]:27929242 [2]:149 [3]:359
[0]:177350433 [1]:27971284 [2]:149 [3]:361
[0]:177577945 [1]:28018464 [2]:149 [3]:362
[0]:177778920 [1]:28060175 [2]:149 [3]:364
[0]:177976554 [1]:28101166 [2]:149 [3]:363
[0]:178166531 [1]:28140615 [2]:150 [3]:371
[0]:178364086 [1]:28181607 [2]:150 [3]:359
[0]:178583951 [1]:28227229 [2]:150 [3]:59
[0]:178788307 [1]:28269550 [2]:150 [3]:362
[0]:178977728 [1]:28308822 [2]:150 [3]:60
[0]:179170904 [1]:28348919 [2]:150 [3]:362
[0]:179393053 [1]:28395091 [2]:150 [3]:360
[0]:179600129 [1]:28438033 [2]:150 [3]:356
[0]:179796479 [1]:28478714 [2]:150 [3]:362
[0]:180012042 [1]:28523469 [2]:150 [3]:360
[0]:180208798 [1]:28564310 [2]:150 [3]:357
[0]:180400309 [1]:28603975 [2]:150 [3]:363
[0]:180603945 [1]:28646123 [2]:150 [3]:358
[0]:180793351 [1]:28685505 [2]:150 [3]:361
[0]:180998835 [1]:28728179 [2]:150 [3]:360
[0]:181192328 [1]:28768310 [2]:150 [3]:361
[0]:181388088 [1]:28808960 [2]:150 [3]:365
[0]:181665932 [1]:28866543 [2]:150 [3]:359
[0]:181859680 [1]:28906780 [2]:150 [3]:363
[0]:182072143 [1]:28950877 [2]:150 [3]:56
[0]:182284367 [1]:28994947 [2]:150 [3]:355
[0]:182474569 [1]:29034299 [2]:150 [3]:363
[0]:182668346 [1]:29074509 [2]:150 [3]:361
[0]:182869787 [1]:29116295 [2]:150 [3]:360
[0]:183064283 [1]:29156674 [2]:150 [3]:360
[0]:183257104 [1]:29196667 [2]:150 [3]:366
[0]:183454829 [1]:29237551 [2]:150 [3]:363
[0]:183652359 [1]:29278561 [2]:150 [3]:365
[0]:183849058 [1]:29319367 [2]:150 [3]:363
[0]:184053489 [1]:29361809 [2]:150 [3]:55
[0]:184259804 [1]:29404583 [2]:150 [3]:55
[0]:184461011 [1]:29446303 [2]:150 [3]:364
[0]:184651096 [1]:29485830 [2]:150 [3]:360
[0]:184848578 [1]:29526814 [2]:150 [3]:363
[0]:185042349 [1]:29567011 [2]:150 [3]:365
[0]:185251444 [1]:29610324 [2]:150 [3]:70
[0]:185448566 [1]:29651220 [2]:150 [3]:358
[0]:185648135 [1]:29692655 [2]:150 [3]:365
[0]:185851064 [1]:29734769 [2]:150 [3]:363
[0]:186055980 [1]:29777362 [2]:150 [3]:362
[0]:186259503 [1]:29819546 [2]:150 [3]:60
[0]:186458463 [1]:29860815 [2]:150 [3]:360
[0]:186664659 [1]:29903586 [2]:150 [3]:363
[0]:186856743 [1]:29943417 [2]:150 [3]:361
[0]:187047287 [1]:29982959 [2]:150 [3]:361
[0]:187244794 [1]:30023900 [2]:150 [3]:66
[0]:187441761 [1]:30064783 [2]:150 [3]:359
[0]:187628623 [1]:30103549 [2]:150 [3]:359
[0]:187822652 [1]:30143808 [2]:150 [3]:358
[0]:188019896 [1]:30184708 [2]:150 [3]:362
[0]:188227943 [1]:30227764 [2]:150 [3]:357
[0]:188478562 [1]:30279797 [2]:150 [3]:361
[0]:188679671 [1]:30321554 [2]:150 [3]:366
[0]:188934970 [1]:30374528 [2]:150 [3]:357
[0]:189149271 [1]:30418950 [2]:150 [3]:362
[0]:189343393 [1]:30459316 [2]:150 [3]:55
[0]:189580943 [1]:30508631 [2]:150 [3]:356
[0]:189779660 [1]:30549898 [2]:150 [3]:357
[0]:189994343 [1]:30594339 [2]:150 [3]:363
[0]:190207630 [1]:30638570 [2]:150 [3]:359
[0]:190393026 [1]:30677072 [2]:150 [3]:366
[0]:190595134 [1]:30719022 [2]:150 [3]:363
[0]:190787932 [1]:30759004 [2]:150 [3]:365
[0]:190986428 [1]:30800127 [2]:150 [3]:362
[0]:191183451 [1]:30841084 [2]:150 [3]:366
[0]:191382585 [1]:30882421 [2]:150 [3]:365
[0]:191586477 [1]:30924754 [2]:150 [3]:61
[0]:191779812 [1]:30964846 [2]:150 [3]:359
[0]:191975639 [1]:31005431 [2]:150 [3]:61
[0]:192175154 [1]:31046846 [2]:150 [3]:360
[0]:192380096 [1]:31089378 [2]:150 [3]:365
[0]:192575040 [1]:31129853 [2]:150 [3]:364
[0]:192778980 [1]:31172171 [2]:150 [3]:55
[0]:192990343 [1]:31216006 [2]:150 [3]:62
[0]:193185273 [1]:31256391 [2]:150 [3]:359
[0]:193387339 [1]:31298329 [2]:150 [3]:371
[0]:193583948 [1]:31339118 [2]:150 [3]:351
[0]:193785186 [1]:31380823 [2]:150 [3]:361
[0]:193979065 [1]:31421022 [2]:150 [3]:370
[0]:194187486 [1]:31464292 [2]:150 [3]:368
[0]:194385203 [1]:31505299 [2]:150 [3]:364
[0]:194574244 [1]:31544456 [2]:150 [3]:359
[0]:194773383 [1]:31585700 [2]:150 [3]:364
[0]:194988700 [1]:31630377 [2]:150 [3]:365
[0]:195201367 [1]:31674458 [2]:150 [3]:360
[0]:195398879 [1]:31715421 [2]:150 [3]:354
[0]:195589023 [1]:31754843 [2]:150 [3]:363
[0]:195782869 [1]:31795109 [2]:150 [3]:359
[0]:195980377 [1]:31836131 [2]:150 [3]:363
[0]:196177288 [1]:31877053 [2]:150 [3]:368
[0]:196367859 [1]:31916562 [2]:150 [3]:362
[0]:196564310 [1]:31957279 [2]:150 [3]:357
[0]:196759289 [1]:31997735 [2]:150 [3]:364
[0]:196952827 [1]:32037862 [2]:150 [3]:367
[0]:197153074 [1]:32079457 [2]:150 [3]:64
[0]:197365736 [1]:32123524 [2]:150 [3]:360
[0]:197560472 [1]:32163916 [2]:150 [3]:361
[0]:197754261 [1]:32204119 [2]:150 [3]:362
[0]:197973931 [1]:32249708 [2]:150 [3]:354
[0]:198196214 [1]:32295830 [2]:150 [3]:365
[0]:198402589 [1]:32338576 [2]:150 [3]:361
[0]:198600042 [1]:32379529 [2]:150 [3]:351
[0]:198803140 [1]:32421671 [2]:150 [3]:356
[0]:199006357 [1]:32463762 [2]:150 [3]:365
[0]:199207876 [1]:32505571 [2]:150 [3]:58
[0]:199398268 [1]:32545071 [2]:150 [3]:364
[0]:199398268 [1]:32545071 [2]:150 [3]:364
[0]:199398268 [1]:32545071 [2]:150 [3]:364
[0]:199398268 [1]:32545071 [2]:150 [3]:364
[0]:199398268 [1]:32545071 [2]:150 [3]:364
[0]:199398268 [1]:32545071 [2]:150 [3]:364
[0]:199398268 [1]:32545071 [2]:150 [3]:364
[0]:199398268 [1]:32545071 [2]:150 [3]:364
[0]:199398268 [1]:32545071 [2]:150 [3]:364
[0]:199398268 [1]:32545071 [2]:150 [3]:364
[0]:199398268 [1]:32545071 [2]:150 [3]:364
[0]:199398268 [1]:32545071 [2]:150 [3]:364
