[0]:80191179 [1]:9092400 [2]:97 [3]:358
[0]:80408035 [1]:9129647 [2]:97 [3]:60
[0]:80604324 [1]:9163465 [2]:97 [3]:362
[0]:80796959 [1]:9196561 [2]:97 [3]:70
[0]:80994736 [1]:9230710 [2]:98 [3]:68
[0]:81196808 [1]:9265573 [2]:98 [3]:68
[0]:81404119 [1]:9301264 [2]:98 [3]:363
[0]:81599010 [1]:9334819 [2]:98 [3]:364
[0]:81790632 [1]:9367817 [2]:98 [3]:66
[0]:81980135 [1]:9400362 [2]:98 [3]:363
[0]:82179097 [1]:9434610 [2]:98 [3]:66
[0]:82366951 [1]:9467033 [2]:98 [3]:63
[0]:82586452 [1]:9504717 [2]:98 [3]:63
[0]:82784271 [1]:9538784 [2]:98 [3]:373
[0]:82982858 [1]:9573073 [2]:100 [3]:362
[0]:83176955 [1]:9606446 [2]:100 [3]:363
[0]:83387744 [1]:9642649 [2]:100 [3]:65
[0]:83581123 [1]:9675878 [2]:100 [3]:359
[0]:83800335 [1]:9713613 [2]:100 [3]:356
[0]:84012032 [1]:9750024 [2]:100 [3]:359
[0]:84207780 [1]:9783743 [2]:100 [3]:62
[0]:84413023 [1]:9819016 [2]:100 [3]:362
[0]:84607830 [1]:9852433 [2]:100 [3]:76
[0]:84809417 [1]:9887100 [2]:100 [3]:367
[0]:85003582 [1]:9920503 [2]:101 [3]:356
[0]:85190362 [1]:9952696 [2]:101 [3]:366
[0]:85388336 [1]:9986770 [2]:101 [3]:368
[0]:85582685 [1]:10020055 [2]:101 [3]:67
[0]:85787724 [1]:10055429 [2]:101 [3]:77
[0]:85985901 [1]:10089765 [2]:101 [3]:362
[0]:86187515 [1]:10124284 [2]:101 [3]:362
[0]:86385879 [1]:10158294 [2]:101 [3]:371
[0]:86610087 [1]:10196850 [2]:101 [3]:58
[0]:86806862 [1]:10230854 [2]:102 [3]:62
[0]:87005715 [1]:10265115 [2]:102 [3]:360
[0]:87207762 [1]:10299808 [2]:102 [3]:362
[0]:87402005 [1]:10333078 [2]:102 [3]:364
[0]:87610991 [1]:10368889 [2]:102 [3]:60
[0]:87813056 [1]:10403722 [2]:102 [3]:362
[0]:88007423 [1]:10437178 [2]:102 [3]:59
[0]:88194314 [1]:10469302 [2]:102 [3]:58
[0]:88399711 [1]:10504568 [2]:102 [3]:367
[0]:88586563 [1]:10536684 [2]:102 [3]:364
[0]:88776727 [1]:10569410 [2]:103 [3]:361
[0]:88986151 [1]:10605433 [2]:103 [3]:356
[0]:89180510 [1]:10638794 [2]:103 [3]:362
[0]:89400927 [1]:10676731 [2]:103 [3]:363
[0]:89602743 [1]:10711333 [2]:103 [3]:69
[0]:89800668 [1]:10745467 [2]:103 [3]:358
[0]:90059698 [1]:10789973 [2]:103 [3]:354
[0]:90252914 [1]:10823156 [2]:103 [3]:361
[0]:90441197 [1]:10855648 [2]:103 [3]:353
[0]:90630081 [1]:10888213 [2]:103 [3]:359
[0]:90824200 [1]:10921554 [2]:104 [3]:52
[0]:91033691 [1]:10957581 [2]:104 [3]:362
[0]:91224389 [1]:10990174 [2]:104 [3]:357
[0]:91422131 [1]:11024192 [2]:104 [3]:62
[0]:91616630 [1]:11057666 [2]:104 [3]:371
[0]:91816273 [1]:11092075 [2]:104 [3]:371
[0]:92012366 [1]:11125867 [2]:104 [3]:363
[0]:92214061 [1]:11160662 [2]:104 [3]:365
[0]:92408066 [1]:11193949 [2]:104 [3]:356
[0]:92606273 [1]:11228235 [2]:104 [3]:356
[0]:92819250 [1]:11264925 [2]:104 [3]:350
[0]:93009286 [1]:11297589 [2]:104 [3]:66
[0]:93211202 [1]:11332292 [2]:104 [3]:65
[0]:93405737 [1]:11365771 [2]:104 [3]:361
[0]:93603602 [1]:11399831 [2]:104 [3]:67
[0]:93804649 [1]:11434470 [2]:104 [3]:57
[0]:94003561 [1]:11468655 [2]:104 [3]:61
[0]:94200748 [1]:11502510 [2]:104 [3]:365
[0]:94395966 [1]:11535985 [2]:104 [3]:58
[0]:94592877 [1]:11569812 [2]:104 [3]:70
[0]:94784463 [1]:11602822 [2]:104 [3]:369
[0]:94978722 [1]:11636202 [2]:104 [3]:366
[0]:95191873 [1]:11672836 [2]:104 [3]:361
[0]:95412042 [1]:11710844 [2]:104 [3]:373
[0]:95615950 [1]:11745785 [2]:104 [3]:354
[0]:95815874 [1]:11780067 [2]:104 [3]:61
[0]:96007807 [1]:11813057 [2]:104 [3]:67
[0]:96200597 [1]:11846212 [2]:104 [3]:61
[0]:96394819 [1]:11879600 [2]:104 [3]:60
[0]:96596274 [1]:11914248 [2]:104 [3]:56
[0]:96794677 [1]:11948191 [2]:104 [3]:363
[0]:96988520 [1]:11981530 [2]:104 [3]:362
[0]:97186919 [1]:12015790 [2]:104 [3]:65
[0]:97379432 [1]:12048837 [2]:104 [3]:359
[0]:97571784 [1]:12081859 [2]:104 [3]:359
[0]:97762839 [1]:12114595 [2]:104 [3]:360
[0]:97973391 [1]:12150782 [2]:104 [3]:361
[0]:98235692 [1]:12196064 [2]:104 [3]:362
[0]:98431043 [1]:12229626 [2]:104 [3]:65
[0]:98674580 [1]:12271578 [2]:104 [3]:355
[0]:98867935 [1]:12305058 [2]:104 [3]:58
[0]:99062130 [1]:12338590 [2]:104 [3]:367
[0]:99263933 [1]:12373225 [2]:104 [3]:351
[0]:99495299 [1]:12412952 [2]:104 [3]:358
[0]:99686032 [1]:12445854 [2]:104 [3]:59
[0]:99899753 [1]:12482568 [2]:104 [3]:60
[0]:100089181 [1]:12515317 [2]:104 [3]:355
[0]:100286340 [1]:12549424 [2]:104 [3]:62
[0]:100474076 [1]:12581724 [2]:104 [3]:62
[0]:100672004 [1]:12615763 [2]:104 [3]:370
[0]:100877571 [1]:12651012 [2]:104 [3]:63
[0]:101074276 [1]:12684899 [2]:104 [3]:366
[0]:101269011 [1]:12718483 [2]:104 [3]:356
[0]:101471644 [1]:12753347 [2]:104 [3]:360
[0]:101665694 [1]:12786733 [2]:104 [3]:357
[0]:101942104 [1]:12834178 [2]:104 [3]:366
[0]:102151356 [1]:12870129 [2]:104 [3]:374
[0]:102356938 [1]:12905650 [2]:104 [3]:57
[0]:102584471 [1]:12944918 [2]:104 [3]:375
[0]:102778359 [1]:12978219 [2]:104 [3]:357
[0]:102966656 [1]:13010637 [2]:104 [3]:368
[0]:103156520 [1]:13043250 [2]:104 [3]:367
[0]:103373317 [1]:13080483 [2]:104 [3]:62
[0]:103567423 [1]:13113885 [2]:104 [3]:56
[0]:103765358 [1]:13148044 [2]:104 [3]:359
[0]:103993225 [1]:13187234 [2]:104 [3]:361
[0]:104188891 [1]:13220808 [2]:104 [3]:66
[0]:104377676 [1]:13253423 [2]:104 [3]:364
[0]:104594010 [1]:13290672 [2]:104 [3]:350
[0]:104803471 [1]:13326773 [2]:104 [3]:363
[0]:104994073 [1]:13359690 [2]:104 [3]:63
[0]:105194219 [1]:13394026 [2]:104 [3]:63
[0]:105391417 [1]:13427848 [2]:104 [3]:61
[0]:105580897 [1]:13460624 [2]:104 [3]:63
[0]:105777381 [1]:13494441 [2]:104 [3]:364
[0]:105976863 [1]:13528797 [2]:104 [3]:364
[0]:106178549 [1]:13563430 [2]:104 [3]:359
[0]:106376676 [1]:13597471 [2]:104 [3]:367
[0]:106578212 [1]:13632224 [2]:104 [3]:367
[0]:106768889 [1]:13665100 [2]:104 [3]:71
[0]:106982018 [1]:13701637 [2]:104 [3]:364
[0]:107177755 [1]:13735372 [2]:104 [3]:63
[0]:107384783 [1]:13770930 [2]:104 [3]:359
[0]:107586853 [1]:13805604 [2]:104 [3]:364
[0]:107781371 [1]:13839135 [2]:104 [3]:377
[0]:107971918 [1]:13871952 [2]:104 [3]:362
[0]:108164547 [1]:13905206 [2]:104 [3]:366
[0]:108352663 [1]:13937650 [2]:104 [3]:356
[0]:108545926 [1]:13971007 [2]:104 [3]:348
[0]:108740998 [1]:14004519 [2]:104 [3]:359
[0]:108931501 [1]:14037167 [2]:104 [3]:358
[0]:109133371 [1]:14071955 [2]:104 [3]:362
[0]:109327214 [1]:14105435 [2]:104 [3]:64
[0]:109521670 [1]:14138837 [2]:104 [3]:364
[0]:109758710 [1]:14179592 [2]:104 [3]:370
[0]:109944046 [1]:14211502 [2]:104 [3]:65
[0]:110142056 [1]:14245527 [2]:104 [3]:59
[0]:110335060 [1]:14278660 [2]:104 [3]:74
[0]:110530355 [1]:14312221 [2]:104 [3]:365
[0]:110722867 [1]:14345290 [2]:104 [3]:63
[0]:110919260 [1]:14379179 [2]:104 [3]:360
[0]:111116975 [1]:14413293 [2]:104 [3]:351
[0]:111309732 [1]:14446446 [2]:104 [3]:63
[0]:111509428 [1]:14480791 [2]:104 [3]:362
[0]:111703731 [1]:14514217 [2]:104 [3]:55
[0]:111961634 [1]:14558473 [2]:104 [3]:376
[0]:112150965 [1]:14591211 [2]:104 [3]:374
[0]:112346173 [1]:14624841 [2]:104 [3]:360
[0]:112547939 [1]:14659632 [2]:104 [3]:359
[0]:112747806 [1]:14694018 [2]:104 [3]:356
[0]:112943829 [1]:14727771 [2]:104 [3]:56
[0]:113196137 [1]:14771179 [2]:104 [3]:360
[0]:113405104 [1]:14807270 [2]:104 [3]:366
[0]:113597246 [1]:14840273 [2]:104 [3]:69
[0]:113795266 [1]:14874352 [2]:104 [3]:67
[0]:113993467 [1]:14908574 [2]:104 [3]:60
[0]:114187615 [1]:14941967 [2]:104 [3]:353
[0]:114385825 [1]:14976055 [2]:104 [3]:51
[0]:114610038 [1]:15014535 [2]:104 [3]:359
[0]:114807170 [1]:15048408 [2]:104 [3]:370
[0]:115065407 [1]:15092816 [2]:104 [3]:357
[0]:115274804 [1]:15128772 [2]:104 [3]:359
[0]:115465619 [1]:15161487 [2]:104 [3]:62
[0]:115681826 [1]:15198600 [2]:104 [3]:358
[0]:115880436 [1]:15232763 [2]:104 [3]:360
[0]:116077969 [1]:15266696 [2]:104 [3]:374
[0]:116272728 [1]:15300126 [2]:104 [3]:368
[0]:116496779 [1]:15338417 [2]:104 [3]:64
[0]:116717667 [1]:15376361 [2]:104 [3]:358
[0]:116925502 [1]:15412252 [2]:104 [3]:358
[0]:117113725 [1]:15444621 [2]:104 [3]:370
[0]:117311763 [1]:15478595 [2]:104 [3]:361
[0]:117546783 [1]:15518935 [2]:104 [3]:353
[0]:117759895 [1]:15555673 [2]:104 [3]:67
[0]:117968987 [1]:15591680 [2]:104 [3]:70
[0]:118159613 [1]:15624461 [2]:104 [3]:63
[0]:118354014 [1]:15657975 [2]:104 [3]:58
[0]:118544009 [1]:15690709 [2]:104 [3]:358
[0]:118783884 [1]:15732023 [2]:104 [3]:371
[0]:118969962 [1]:15764122 [2]:104 [3]:356
[0]:119167891 [1]:15798252 [2]:104 [3]:59
