[0]:276398021 [1]:276398056 [2]:0 [3]:10
[0]:277528878 [1]:277528899 [2]:0 [3]:16
[0]:278755508 [1]:278755509 [2]:0 [3]:11
[0]:279863901 [1]:279863903 [2]:0 [3]:19
[0]:281016109 [1]:281016113 [2]:0 [3]:17
[0]:282161584 [1]:282161590 [2]:0 [3]:13
[0]:283349730 [1]:283349732 [2]:0 [3]:17
[0]:284530751 [1]:284530759 [2]:0 [3]:16
[0]:286011625 [1]:286011627 [2]:0 [3]:13
[0]:287711916 [1]:287711920 [2]:0 [3]:50
[0]:289050364 [1]:289050361 [2]:0 [3]:19
[0]:290390286 [1]:290390287 [2]:0 [3]:55
[0]:291733938 [1]:291733933 [2]:0 [3]:19
[0]:293015041 [1]:293015041 [2]:0 [3]:55
[0]:294371144 [1]:294371145 [2]:0 [3]:17
[0]:295676392 [1]:295676394 [2]:0 [3]:15
[0]:296943181 [1]:296943183 [2]:0 [3]:15
[0]:298281936 [1]:298281960 [2]:0 [3]:17
[0]:299547363 [1]:299547364 [2]:0 [3]:16
[0]:300824117 [1]:300824115 [2]:0 [3]:53
[0]:302100190 [1]:302100218 [2]:0 [3]:13
[0]:303388462 [1]:303388462 [2]:0 [3]:16
[0]:304709237 [1]:304709240 [2]:0 [3]:61
[0]:306014240 [1]:306014243 [2]:0 [3]:19
[0]:307267558 [1]:307267562 [2]:0 [3]:17
[0]:308606543 [1]:308606549 [2]:0 [3]:15
[0]:309853915 [1]:309853921 [2]:0 [3]:22
[0]:311118155 [1]:311118159 [2]:0 [3]:17
[0]:312411484 [1]:312411485 [2]:0 [3]:17
[0]:313594095 [1]:313594094 [2]:0 [3]:55
[0]:314747126 [1]:314747152 [2]:0 [3]:13
[0]:316029015 [1]:316029017 [2]:0 [3]:15
[0]:317157904 [1]:317157909 [2]:0 [3]:53
[0]:318318652 [1]:318318653 [2]:0 [3]:15
[0]:319835416 [1]:319835421 [2]:0 [3]:16
[0]:320998100 [1]:320998101 [2]:0 [3]:14
[0]:322177188 [1]:322177192 [2]:0 [3]:19
[0]:323306124 [1]:323306127 [2]:0 [3]:17
[0]:324479826 [1]:324479826 [2]:0 [3]:21
[0]:325662677 [1]:325662680 [2]:0 [3]:17
[0]:326934149 [1]:326934155 [2]:0 [3]:17
[0]:328108525 [1]:328108532 [2]:0 [3]:16
[0]:329248204 [1]:329248221 [2]:0 [3]:14
[0]:331005916 [1]:331005918 [2]:0 [3]:17
[0]:332434211 [1]:332434215 [2]:0 [3]:24
[0]:333622269 [1]:333622277 [2]:0 [3]:16
[0]:334817212 [1]:334817217 [2]:0 [3]:14
[0]:335947481 [1]:335947483 [2]:0 [3]:17
[0]:337101875 [1]:337101875 [2]:0 [3]:13
[0]:338217877 [1]:338217886 [2]:0 [3]:8
[0]:339359998 [1]:339360011 [2]:0 [3]:18
[0]:340463603 [1]:340463602 [2]:0 [3]:51
[0]:341617311 [1]:341617321 [2]:0 [3]:13
[0]:342823752 [1]:342823756 [2]:0 [3]:59
[0]:344023282 [1]:344023286 [2]:0 [3]:18
[0]:345181398 [1]:345181399 [2]:0 [3]:12
[0]:346336527 [1]:346336528 [2]:0 [3]:15
[0]:347490817 [1]:347490829 [2]:0 [3]:48
[0]:348671041 [1]:348671062 [2]:0 [3]:11
[0]:349822880 [1]:349822885 [2]:0 [3]:14
[0]:351118228 [1]:351118239 [2]:0 [3]:58
[0]:352521688 [1]:352521692 [2]:0 [3]:56
[0]:354010081 [1]:354010081 [2]:0 [3]:61
[0]:355447228 [1]:355447229 [2]:0 [3]:14
[0]:356894249 [1]:356894255 [2]:0 [3]:11
[0]:358292788 [1]:358292787 [2]:0 [3]:13
[0]:359584324 [1]:359584325 [2]:0 [3]:19
[0]:360996743 [1]:360996743 [2]:0 [3]:50
[0]:362295289 [1]:362295291 [2]:0 [3]:17
[0]:363571312 [1]:363571314 [2]:0 [3]:11
[0]:365007162 [1]:365007170 [2]:0 [3]:13
[0]:366287404 [1]:366287407 [2]:0 [3]:54
[0]:367542664 [1]:367542672 [2]:0 [3]:15
[0]:368824779 [1]:368824785 [2]:0 [3]:48
[0]:370087309 [1]:370087322 [2]:0 [3]:13
[0]:371308328 [1]:371308333 [2]:0 [3]:17
[0]:372765413 [1]:372765414 [2]:0 [3]:16
[0]:373996588 [1]:373996590 [2]:0 [3]:58
[0]:375274549 [1]:375274557 [2]:0 [3]:9
