[0]:758714356 [1]:758714358 [2]:0 [3]:17
[0]:759946089 [1]:759946089 [2]:0 [3]:9
[0]:761120291 [1]:761120291 [2]:0 [3]:56
[0]:762425558 [1]:762425587 [2]:0 [3]:12
[0]:763604795 [1]:763604795 [2]:0 [3]:52
[0]:764687786 [1]:764687802 [2]:0 [3]:10
[0]:765734914 [1]:765734914 [2]:0 [3]:14
[0]:766776090 [1]:766776098 [2]:0 [3]:17
[0]:767836675 [1]:767836680 [2]:0 [3]:23
[0]:768901468 [1]:768901471 [2]:0 [3]:8
[0]:769949809 [1]:769949811 [2]:0 [3]:13
[0]:771045209 [1]:771045209 [2]:0 [3]:15
[0]:772082624 [1]:772082625 [2]:0 [3]:13
[0]:773160683 [1]:773160682 [2]:0 [3]:56
[0]:774205536 [1]:774205547 [2]:0 [3]:52
[0]:775229605 [1]:775229605 [2]:0 [3]:53
[0]:776319427 [1]:776319427 [2]:0 [3]:51
[0]:777351398 [1]:777351398 [2]:0 [3]:17
[0]:778414454 [1]:778414462 [2]:0 [3]:15
[0]:779738112 [1]:779738112 [2]:0 [3]:9
[0]:780996620 [1]:780996619 [2]:0 [3]:16
[0]:782225293 [1]:782225293 [2]:0 [3]:50
[0]:783966661 [1]:783966665 [2]:0 [3]:13
[0]:785427502 [1]:785427502 [2]:0 [3]:49
[0]:786559470 [1]:786559486 [2]:0 [3]:51
[0]:787665385 [1]:787665385 [2]:0 [3]:15
[0]:788856410 [1]:788856416 [2]:0 [3]:14
[0]:790074502 [1]:790074522 [2]:0 [3]:15
[0]:791167962 [1]:791167961 [2]:0 [3]:12
[0]:792324189 [1]:792324192 [2]:0 [3]:13
[0]:793506153 [1]:793506157 [2]:0 [3]:10
[0]:794627278 [1]:794627281 [2]:0 [3]:8
[0]:795984372 [1]:795984377 [2]:0 [3]:16
[0]:797128115 [1]:797128126 [2]:0 [3]:11
[0]:798292271 [1]:798292343 [2]:0 [3]:7
[0]:799462668 [1]:799462668 [2]:0 [3]:9
[0]:800741167 [1]:800741169 [2]:0 [3]:13
[0]:802046147 [1]:802046150 [2]:0 [3]:47
[0]:803133641 [1]:803133642 [2]:0 [3]:13
[0]:804135935 [1]:804135935 [2]:0 [3]:9
[0]:805200008 [1]:805200010 [2]:0 [3]:18
[0]:806364900 [1]:806364900 [2]:0 [3]:15
[0]:807381784 [1]:807381787 [2]:0 [3]:7
[0]:808477204 [1]:808477210 [2]:0 [3]:16
[0]:809683632 [1]:809683646 [2]:0 [3]:13
[0]:810707424 [1]:810707423 [2]:0 [3]:48
[0]:811745188 [1]:811745189 [2]:0 [3]:8
[0]:812858192 [1]:812858194 [2]:0 [3]:49
[0]:813970143 [1]:813970150 [2]:0 [3]:49
[0]:815001370 [1]:815001371 [2]:0 [3]:48
[0]:816037184 [1]:816037247 [2]:0 [3]:13
[0]:817060307 [1]:817060312 [2]:0 [3]:15
[0]:818077912 [1]:818077924 [2]:0 [3]:18
[0]:819290966 [1]:819290972 [2]:0 [3]:9
[0]:820741574 [1]:820741582 [2]:0 [3]:43
[0]:821936387 [1]:821936387 [2]:0 [3]:45
[0]:823047994 [1]:823047994 [2]:0 [3]:49
[0]:824103709 [1]:824103710 [2]:0 [3]:44
[0]:825127755 [1]:825127760 [2]:0 [3]:12
[0]:826172619 [1]:826172657 [2]:0 [3]:9
[0]:827238387 [1]:827238408 [2]:0 [3]:8
[0]:828268845 [1]:828268846 [2]:0 [3]:11
[0]:829301051 [1]:829301067 [2]:0 [3]:15
[0]:830369057 [1]:830369094 [2]:0 [3]:12
[0]:831420573 [1]:831420573 [2]:0 [3]:51
[0]:832487546 [1]:832487549 [2]:0 [3]:19
[0]:833528453 [1]:833528457 [2]:0 [3]:12
[0]:834623194 [1]:834623194 [2]:0 [3]:47
[0]:835680110 [1]:835680114 [2]:0 [3]:49
[0]:836831239 [1]:836831243 [2]:0 [3]:13
[0]:838284418 [1]:838284426 [2]:0 [3]:13
[0]:839782391 [1]:839782391 [2]:0 [3]:49
[0]:841045494 [1]:841045519 [2]:0 [3]:17
[0]:842271320 [1]:842271323 [2]:0 [3]:51
[0]:843432154 [1]:843432157 [2]:0 [3]:52
[0]:844646652 [1]:844646657 [2]:0 [3]:8
[0]:845794760 [1]:845794783 [2]:0 [3]:12
[0]:847019527 [1]:847019532 [2]:0 [3]:9
[0]:848155848 [1]:848155847 [2]:0 [3]:50
