[0]:872689506 [1]:522473765 [2]:7 [3]:19
[0]:873900416 [1]:523543968 [2]:7 [3]:18
[0]:875147845 [1]:524649937 [2]:7 [3]:13
[0]:876391122 [1]:525744272 [2]:7 [3]:48
[0]:877625302 [1]:526836267 [2]:7 [3]:19
[0]:878883330 [1]:527957616 [2]:7 [3]:14
[0]:880119416 [1]:529051236 [2]:7 [3]:17
[0]:881398804 [1]:530183501 [2]:7 [3]:22
[0]:882681314 [1]:531315883 [2]:7 [3]:14
[0]:883793531 [1]:532302416 [2]:7 [3]:11
[0]:884898665 [1]:533284071 [2]:7 [3]:19
[0]:886043819 [1]:534295284 [2]:7 [3]:22
[0]:887132171 [1]:535264010 [2]:7 [3]:17
[0]:888232408 [1]:536236999 [2]:7 [3]:55
[0]:889318483 [1]:537201805 [2]:7 [3]:18
[0]:890387600 [1]:538147793 [2]:7 [3]:18
[0]:891454677 [1]:539088986 [2]:7 [3]:12
[0]:892791738 [1]:540276109 [2]:7 [3]:21
[0]:893876970 [1]:541232404 [2]:7 [3]:57
[0]:894968136 [1]:542201452 [2]:7 [3]:16
[0]:896392525 [1]:543463057 [2]:7 [3]:55
[0]:897483868 [1]:544431389 [2]:7 [3]:16
[0]:898765726 [1]:545568078 [2]:7 [3]:16
[0]:900082570 [1]:546741720 [2]:7 [3]:16
[0]:901329211 [1]:547845680 [2]:7 [3]:18
[0]:902431826 [1]:548827777 [2]:7 [3]:18
[0]:903530680 [1]:549795087 [2]:7 [3]:55
[0]:904649767 [1]:550791324 [2]:7 [3]:23
[0]:905800045 [1]:551806894 [2]:7 [3]:61
[0]:906892572 [1]:552775777 [2]:7 [3]:18
[0]:907979786 [1]:553737131 [2]:7 [3]:19
[0]:909068630 [1]:554701952 [2]:7 [3]:13
[0]:910128442 [1]:555638468 [2]:7 [3]:16
[0]:911197378 [1]:556591635 [2]:7 [3]:15
[0]:912254925 [1]:557534095 [2]:7 [3]:21
[0]:913331992 [1]:558491501 [2]:7 [3]:17
[0]:914438112 [1]:559466283 [2]:7 [3]:11
[0]:915526474 [1]:560433573 [2]:7 [3]:56
[0]:917148967 [1]:561871573 [2]:7 [3]:55
[0]:918477675 [1]:563049589 [2]:7 [3]:17
[0]:919880362 [1]:564295694 [2]:7 [3]:15
[0]:921115362 [1]:565392084 [2]:7 [3]:16
[0]:922373890 [1]:566505801 [2]:7 [3]:17
[0]:923581166 [1]:567574392 [2]:7 [3]:13
[0]:924769571 [1]:568626756 [2]:7 [3]:11
[0]:926029614 [1]:569743451 [2]:7 [3]:16
[0]:927261138 [1]:570839514 [2]:7 [3]:18
[0]:928534401 [1]:571966349 [2]:7 [3]:15
[0]:929800039 [1]:573090362 [2]:7 [3]:56
[0]:931042448 [1]:574194950 [2]:7 [3]:12
[0]:932268768 [1]:575274442 [2]:7 [3]:19
[0]:933528630 [1]:576390923 [2]:7 [3]:13
[0]:934758988 [1]:577485123 [2]:7 [3]:18
[0]:936089266 [1]:578661954 [2]:7 [3]:21
[0]:937370875 [1]:579793448 [2]:7 [3]:18
[0]:938608316 [1]:580885917 [2]:7 [3]:15
[0]:939815962 [1]:581960701 [2]:7 [3]:55
[0]:941144034 [1]:583137410 [2]:7 [3]:12
[0]:942428517 [1]:584271605 [2]:7 [3]:15
[0]:943664568 [1]:585366676 [2]:7 [3]:54
[0]:944868555 [1]:586433613 [2]:7 [3]:17
[0]:945986320 [1]:587421568 [2]:7 [3]:17
[0]:947099283 [1]:588408949 [2]:7 [3]:53
[0]:948162584 [1]:589350404 [2]:7 [3]:24
[0]:949252130 [1]:590320804 [2]:7 [3]:18
[0]:950363134 [1]:591301537 [2]:7 [3]:57
[0]:951449319 [1]:592265092 [2]:7 [3]:22
[0]:952613837 [1]:593294503 [2]:7 [3]:53
[0]:953684638 [1]:594242768 [2]:7 [3]:52
[0]:954749034 [1]:595184911 [2]:7 [3]:14
[0]:955925173 [1]:596225180 [2]:7 [3]:18
[0]:957064396 [1]:597231912 [2]:7 [3]:19
[0]:958167798 [1]:598211686 [2]:7 [3]:19
[0]:959277662 [1]:599197242 [2]:7 [3]:16
[0]:960462948 [1]:600249101 [2]:7 [3]:58
[0]:961874717 [1]:601493627 [2]:7 [3]:21
[0]:963206295 [1]:602673663 [2]:7 [3]:16
[0]:964339306 [1]:603678832 [2]:7 [3]:16
[0]:965464253 [1]:604670042 [2]:7 [3]:14
[0]:966580236 [1]:605662015 [2]:7 [3]:47
[0]:967681072 [1]:606629638 [2]:7 [3]:16
