[0]:4192741308 [1]:1 [2]:2 [3]:81
[0]:3980994033 [1]:1 [2]:2 [3]:195
[0]:3774166702 [1]:1 [2]:2 [3]:129
[0]:3561064401 [1]:1 [2]:2 [3]:177
[0]:3352897941 [1]:1 [2]:2 [3]:146
[0]:4135119251 [1]:1 [2]:2 [3]:149
[0]:3915106956 [1]:1 [2]:2 [3]:184
[0]:3712820104 [1]:1 [2]:2 [3]:212
[0]:3501115079 [1]:1 [2]:2 [3]:211
[0]:4292888141 [1]:1 [2]:2 [3]:125
[0]:4073035594 [1]:1 [2]:2 [3]:89
[0]:3865197086 [1]:1 [2]:2 [3]:160
[0]:3641230519 [1]:1 [2]:2 [3]:33
[0]:3437060142 [1]:1 [2]:2 [3]:174
[0]:4220816451 [1]:1 [2]:2 [3]:184
[0]:3972968041 [1]:1 [2]:2 [3]:41
[0]:3764990067 [1]:1 [2]:2 [3]:183
[0]:3558793823 [1]:1 [2]:2 [3]:134
[0]:3350579853 [1]:1 [2]:2 [3]:164
[0]:4143008322 [1]:1 [2]:2 [3]:71
[0]:3928909543 [1]:1 [2]:2 [3]:154
[0]:3669682587 [1]:1 [2]:2 [3]:102
[0]:3460970789 [1]:1 [2]:2 [3]:136
[0]:4256497736 [1]:1 [2]:2 [3]:104
[0]:4045105326 [1]:1 [2]:2 [3]:90
[0]:3833188701 [1]:1 [2]:2 [3]:144
[0]:3612015332 [1]:1 [2]:2 [3]:208
[0]:3389331507 [1]:1 [2]:2 [3]:153
[0]:4173065388 [1]:1 [2]:2 [3]:136
[0]:3965233168 [1]:1 [2]:2 [3]:119
[0]:3712344016 [1]:1 [2]:2 [3]:205
[0]:3501171486 [1]:1 [2]:2 [3]:46
[0]:4285147674 [1]:1 [2]:2 [3]:93
[0]:4080945348 [1]:1 [2]:2 [3]:95
[0]:3866861152 [1]:1 [2]:2 [3]:165
[0]:3660706453 [1]:1 [2]:2 [3]:129
[0]:3451787624 [1]:1 [2]:2 [3]:217
[0]:4237119378 [1]:1 [2]:2 [3]:172
[0]:4033561857 [1]:1 [2]:2 [3]:160
[0]:3825038869 [1]:1 [2]:2 [3]:202
[0]:3609048101 [1]:1 [2]:2 [3]:185
[0]:3397014481 [1]:1 [2]:2 [3]:45
[0]:4185351187 [1]:1 [2]:2 [3]:80
[0]:3945233044 [1]:1 [2]:2 [3]:183
[0]:3738862097 [1]:1 [2]:2 [3]:209
[0]:3525296559 [1]:1 [2]:2 [3]:104
[0]:3310570428 [1]:1 [2]:2 [3]:185
[0]:4097083267 [1]:1 [2]:2 [3]:210
[0]:3884940237 [1]:1 [2]:2 [3]:113
[0]:3673052959 [1]:1 [2]:2 [3]:93
[0]:3462833064 [1]:1 [2]:2 [3]:82
[0]:4255774473 [1]:1 [2]:2 [3]:89
[0]:4041014193 [1]:1 [2]:2 [3]:150
[0]:3821174112 [1]:1 [2]:2 [3]:79
[0]:3617039153 [1]:1 [2]:2 [3]:200
[0]:3404963798 [1]:1 [2]:2 [3]:49
[0]:4195953753 [1]:1 [2]:2 [3]:45
[0]:3987281283 [1]:1 [2]:2 [3]:208
[0]:3773019834 [1]:1 [2]:2 [3]:184
[0]:3563720348 [1]:1 [2]:2 [3]:142
[0]:3355066067 [1]:1 [2]:2 [3]:181
[0]:4149270057 [1]:1 [2]:2 [3]:206
[0]:3920956891 [1]:1 [2]:2 [3]:114
[0]:3713219097 [1]:1 [2]:2 [3]:181
[0]:3423612967 [1]:1 [2]:2 [3]:136
[0]:4216983947 [1]:1 [2]:2 [3]:182
[0]:4013396926 [1]:1 [2]:2 [3]:176
[0]:3801125213 [1]:1 [2]:2 [3]:202
[0]:3584872281 [1]:1 [2]:2 [3]:74
[0]:3372881216 [1]:1 [2]:2 [3]:75
[0]:4160759542 [1]:1 [2]:2 [3]:143
[0]:3933170722 [1]:1 [2]:2 [3]:207
[0]:3720171607 [1]:1 [2]:2 [3]:47
[0]:3522290361 [1]:1 [2]:2 [3]:146
[0]:3317120736 [1]:1 [2]:2 [3]:178
