[0]:168193325 [1]:30247464 [2]:150 [3]:362
[0]:168400189 [1]:30278244 [2]:150 [3]:364
[0]:168611039 [1]:30309529 [2]:150 [3]:362
[0]:168819787 [1]:30340547 [2]:150 [3]:360
[0]:169016546 [1]:30369801 [2]:150 [3]:367
[0]:169225191 [1]:30400661 [2]:150 [3]:371
[0]:169446632 [1]:30433487 [2]:150 [3]:357
[0]:169655178 [1]:30464459 [2]:150 [3]:77
[0]:169860226 [1]:30494913 [2]:150 [3]:359
[0]:170071896 [1]:30526327 [2]:150 [3]:366
[0]:170285708 [1]:30558054 [2]:150 [3]:364
[0]:170486678 [1]:30587996 [2]:150 [3]:365
[0]:170687580 [1]:30617883 [2]:150 [3]:372
[0]:170896508 [1]:30648920 [2]:150 [3]:374
[0]:171174728 [1]:30690203 [2]:150 [3]:367
[0]:171373314 [1]:30719695 [2]:150 [3]:370
[0]:171578147 [1]:30750058 [2]:150 [3]:360
[0]:171779090 [1]:30779810 [2]:150 [3]:359
[0]:171984227 [1]:30810233 [2]:150 [3]:359
[0]:172193112 [1]:30841138 [2]:150 [3]:355
[0]:172398012 [1]:30871519 [2]:150 [3]:364
[0]:172599912 [1]:30901432 [2]:150 [3]:360
[0]:172815871 [1]:30933641 [2]:150 [3]:368
[0]:173020440 [1]:30964009 [2]:150 [3]:370
[0]:173297043 [1]:31004985 [2]:149 [3]:361
[0]:173525279 [1]:31038964 [2]:149 [3]:369
[0]:173735267 [1]:31070154 [2]:149 [3]:371
[0]:173941045 [1]:31100642 [2]:149 [3]:364
[0]:174147777 [1]:31131305 [2]:149 [3]:359
[0]:174352744 [1]:31161717 [2]:149 [3]:78
[0]:174565460 [1]:31193470 [2]:149 [3]:365
[0]:174768251 [1]:31223589 [2]:149 [3]:366
[0]:174979106 [1]:31254891 [2]:149 [3]:364
[0]:175187563 [1]:31285709 [2]:149 [3]:367
[0]:175396947 [1]:31316908 [2]:149 [3]:363
[0]:175597821 [1]:31346717 [2]:149 [3]:363
[0]:175798806 [1]:31376598 [2]:149 [3]:84
[0]:176007654 [1]:31407793 [2]:149 [3]:78
[0]:176212371 [1]:31438239 [2]:149 [3]:359
[0]:176417541 [1]:31468647 [2]:149 [3]:372
[0]:176628409 [1]:31499930 [2]:149 [3]:78
[0]:176834619 [1]:31530479 [2]:149 [3]:371
[0]:177044095 [1]:31561574 [2]:149 [3]:366
[0]:177252861 [1]:31592548 [2]:149 [3]:371
[0]:177457642 [1]:31623011 [2]:149 [3]:362
[0]:177666411 [1]:31654073 [2]:149 [3]:359
[0]:177879345 [1]:31685696 [2]:149 [3]:359
[0]:178096108 [1]:31717841 [2]:149 [3]:358
[0]:178297073 [1]:31747638 [2]:149 [3]:370
[0]:178505723 [1]:31778541 [2]:149 [3]:366
[0]:178770466 [1]:31817771 [2]:149 [3]:373
[0]:178975009 [1]:31848108 [2]:149 [3]:366
[0]:179183844 [1]:31879138 [2]:149 [3]:363
[0]:179400605 [1]:31911338 [2]:149 [3]:364
[0]:179605376 [1]:31941755 [2]:149 [3]:368
[0]:179812068 [1]:31972557 [2]:149 [3]:83
[0]:180023266 [1]:32003797 [2]:149 [3]:374
[0]:180228014 [1]:32034239 [2]:149 [3]:80
[0]:180428972 [1]:32064078 [2]:149 [3]:369
[0]:180637869 [1]:32095112 [2]:149 [3]:361
[0]:180862073 [1]:32128447 [2]:149 [3]:359
[0]:181087148 [1]:32161937 [2]:149 [3]:359
[0]:181295910 [1]:32192907 [2]:149 [3]:75
[0]:181496733 [1]:32222803 [2]:149 [3]:362
[0]:181701731 [1]:32253249 [2]:149 [3]:367
[0]:181910373 [1]:32284172 [2]:149 [3]:73
[0]:182123319 [1]:32315773 [2]:149 [3]:363
[0]:182324962 [1]:32345659 [2]:149 [3]:363
[0]:182564438 [1]:32381190 [2]:149 [3]:83
[0]:182769663 [1]:32411630 [2]:149 [3]:90
[0]:182974001 [1]:32441948 [2]:149 [3]:367
[0]:183195268 [1]:32474845 [2]:149 [3]:360
[0]:183424122 [1]:32508748 [2]:149 [3]:359
[0]:183651555 [1]:32542539 [2]:149 [3]:365
