[0]:106697330 [1]:18647734 [2]:145 [3]:364
[0]:106909835 [1]:18679334 [2]:145 [3]:374
[0]:107111455 [1]:18709224 [2]:145 [3]:359
[0]:107320254 [1]:18740228 [2]:145 [3]:363
[0]:107532939 [1]:18771871 [2]:145 [3]:359
[0]:107744785 [1]:18803291 [2]:145 [3]:77
[0]:107944799 [1]:18832965 [2]:145 [3]:373
[0]:108155619 [1]:18864346 [2]:145 [3]:372
[0]:108372089 [1]:18896515 [2]:145 [3]:368
[0]:108584759 [1]:18928087 [2]:145 [3]:353
[0]:108794159 [1]:18959132 [2]:145 [3]:364
[0]:109010727 [1]:18991281 [2]:145 [3]:374
[0]:109231614 [1]:19024036 [2]:145 [3]:358
[0]:109436335 [1]:19054394 [2]:145 [3]:363
[0]:109641163 [1]:19084780 [2]:145 [3]:373
[0]:109838304 [1]:19114109 [2]:145 [3]:360
[0]:110060616 [1]:19147115 [2]:145 [3]:359
[0]:110299364 [1]:19182555 [2]:145 [3]:363
[0]:110508238 [1]:19213559 [2]:145 [3]:362
[0]:110716989 [1]:19244639 [2]:145 [3]:372
[0]:110928317 [1]:19276133 [2]:145 [3]:363
[0]:111147544 [1]:19308648 [2]:145 [3]:365
[0]:111351084 [1]:19338855 [2]:145 [3]:362
[0]:111557268 [1]:19369509 [2]:145 [3]:365
[0]:111757360 [1]:19399075 [2]:145 [3]:358
[0]:111969966 [1]:19430535 [2]:145 [3]:366
[0]:112179037 [1]:19461494 [2]:145 [3]:360
[0]:112390984 [1]:19492943 [2]:145 [3]:365
[0]:112600783 [1]:19524152 [2]:145 [3]:91
[0]:112826344 [1]:19557600 [2]:145 [3]:372
[0]:113046605 [1]:19590300 [2]:145 [3]:362
[0]:113250882 [1]:19620538 [2]:145 [3]:78
[0]:113452042 [1]:19650367 [2]:145 [3]:361
[0]:113668852 [1]:19682509 [2]:145 [3]:359
[0]:113881533 [1]:19713951 [2]:145 [3]:78
[0]:114086608 [1]:19744352 [2]:145 [3]:370
[0]:114299400 [1]:19775942 [2]:145 [3]:361
[0]:114548557 [1]:19813000 [2]:145 [3]:359
[0]:114834685 [1]:19855494 [2]:145 [3]:369
[0]:115108374 [1]:19896124 [2]:145 [3]:366
[0]:115320503 [1]:19927590 [2]:145 [3]:358
[0]:115528769 [1]:19958519 [2]:145 [3]:368
[0]:115738299 [1]:19989548 [2]:145 [3]:364
[0]:115932695 [1]:20018445 [2]:145 [3]:80
[0]:116143130 [1]:20049675 [2]:145 [3]:72
[0]:116356439 [1]:20081297 [2]:145 [3]:365
[0]:116561279 [1]:20111690 [2]:145 [3]:368
[0]:116758523 [1]:20140822 [2]:145 [3]:82
[0]:116975681 [1]:20173001 [2]:145 [3]:362
[0]:117199799 [1]:20206259 [2]:145 [3]:80
[0]:117436355 [1]:20241500 [2]:145 [3]:361
[0]:117642170 [1]:20271948 [2]:145 [3]:366
[0]:117872946 [1]:20306207 [2]:145 [3]:366
[0]:118086487 [1]:20337917 [2]:145 [3]:362
[0]:118331175 [1]:20374202 [2]:145 [3]:365
[0]:118598530 [1]:20413855 [2]:145 [3]:88
[0]:118803786 [1]:20444256 [2]:145 [3]:366
[0]:119004768 [1]:20474139 [2]:145 [3]:356
[0]:119229513 [1]:20507488 [2]:145 [3]:367
[0]:119446006 [1]:20539624 [2]:145 [3]:357
[0]:119662955 [1]:20571803 [2]:145 [3]:362
[0]:119869510 [1]:20602454 [2]:145 [3]:370
[0]:120072622 [1]:20632695 [2]:145 [3]:361
[0]:120281521 [1]:20663692 [2]:145 [3]:371
[0]:120492425 [1]:20694997 [2]:145 [3]:369
[0]:120704681 [1]:20726435 [2]:145 [3]:74
[0]:120911892 [1]:20757255 [2]:145 [3]:360
[0]:121120963 [1]:20788220 [2]:145 [3]:361
[0]:121322096 [1]:20818123 [2]:145 [3]:367
[0]:121518970 [1]:20847298 [2]:145 [3]:373
[0]:121719113 [1]:20876973 [2]:145 [3]:358
[0]:121963910 [1]:20913336 [2]:145 [3]:367
[0]:122169213 [1]:20943834 [2]:145 [3]:360
