[0]:61013201 [1]:9670190 [2]:151 [3]:364
[0]:61210063 [1]:9715628 [2]:151 [3]:365
[0]:61415208 [1]:9763108 [2]:153 [3]:361
[0]:61620051 [1]:9810421 [2]:153 [3]:60
[0]:61825858 [1]:9857988 [2]:153 [3]:359
[0]:62049855 [1]:9909643 [2]:153 [3]:361
[0]:62264607 [1]:9959280 [2]:153 [3]:364
[0]:62465027 [1]:10005598 [2]:153 [3]:365
[0]:62665660 [1]:10051978 [2]:153 [3]:364
[0]:62859615 [1]:10096856 [2]:153 [3]:357
[0]:63093490 [1]:10150795 [2]:153 [3]:365
[0]:63300174 [1]:10198559 [2]:153 [3]:362
[0]:63494235 [1]:10243401 [2]:153 [3]:361
[0]:63688489 [1]:10288297 [2]:153 [3]:57
[0]:63902846 [1]:10337810 [2]:153 [3]:362
[0]:64115119 [1]:10386852 [2]:162 [3]:365
[0]:64311735 [1]:10432302 [2]:162 [3]:361
[0]:64509908 [1]:10478074 [2]:162 [3]:368
[0]:64708978 [1]:10524047 [2]:162 [3]:358
[0]:64901380 [1]:10568396 [2]:162 [3]:366
[0]:65101579 [1]:10614673 [2]:162 [3]:360
[0]:65293285 [1]:10658989 [2]:162 [3]:363
[0]:65491168 [1]:10704699 [2]:162 [3]:360
[0]:65718768 [1]:10757263 [2]:162 [3]:363
[0]:65932256 [1]:10806626 [2]:162 [3]:358
[0]:66129003 [1]:10852098 [2]:162 [3]:367
[0]:66323344 [1]:10897045 [2]:162 [3]:359
[0]:66513619 [1]:10940976 [2]:162 [3]:365
[0]:66714479 [1]:10987357 [2]:162 [3]:362
[0]:66909609 [1]:11032528 [2]:165 [3]:63
[0]:67099535 [1]:11076365 [2]:165 [3]:359
[0]:67315385 [1]:11126194 [2]:165 [3]:365
[0]:67513125 [1]:11171950 [2]:165 [3]:355
[0]:67718547 [1]:11219360 [2]:165 [3]:358
[0]:67920886 [1]:11266072 [2]:165 [3]:363
[0]:68119475 [1]:11312031 [2]:165 [3]:60
[0]:68323949 [1]:11359317 [2]:165 [3]:63
[0]:68517796 [1]:11404120 [2]:165 [3]:361
[0]:68715718 [1]:11449877 [2]:165 [3]:363
[0]:68924800 [1]:11498192 [2]:165 [3]:367
[0]:69150589 [1]:11550305 [2]:165 [3]:361
[0]:69357878 [1]:11598180 [2]:165 [3]:356
[0]:69566664 [1]:11646331 [2]:165 [3]:364
[0]:69786835 [1]:11697217 [2]:166 [3]:363
[0]:69977359 [1]:11741207 [2]:166 [3]:364
[0]:70178885 [1]:11787718 [2]:166 [3]:363
[0]:70448609 [1]:11850003 [2]:166 [3]:361
[0]:70637941 [1]:11893779 [2]:166 [3]:58
[0]:70835426 [1]:11939424 [2]:166 [3]:366
[0]:71037429 [1]:11986076 [2]:166 [3]:369
[0]:71266141 [1]:12038956 [2]:166 [3]:361
[0]:71462685 [1]:12084284 [2]:166 [3]:364
[0]:71698830 [1]:12138849 [2]:166 [3]:56
[0]:71895788 [1]:12184436 [2]:166 [3]:61
[0]:72090071 [1]:12229380 [2]:166 [3]:372
[0]:72275532 [1]:12272163 [2]:166 [3]:363
[0]:72479842 [1]:12319311 [2]:166 [3]:358
[0]:72687138 [1]:12367200 [2]:166 [3]:358
[0]:72881148 [1]:12412028 [2]:166 [3]:367
[0]:73077339 [1]:12457373 [2]:166 [3]:58
[0]:73276862 [1]:12503359 [2]:166 [3]:357
[0]:73499753 [1]:12554956 [2]:166 [3]:362
[0]:73785612 [1]:12621084 [2]:166 [3]:360
[0]:73998636 [1]:12670264 [2]:166 [3]:364
[0]:74217518 [1]:12720756 [2]:166 [3]:64
[0]:74418992 [1]:12767270 [2]:166 [3]:365
[0]:74616745 [1]:12812949 [2]:166 [3]:363
[0]:74817983 [1]:12859426 [2]:166 [3]:67
[0]:75016507 [1]:12905219 [2]:166 [3]:358
[0]:75216275 [1]:12951356 [2]:166 [3]:361
[0]:75422947 [1]:12999114 [2]:166 [3]:357
[0]:75628400 [1]:13046570 [2]:166 [3]:370
[0]:75826138 [1]:13092216 [2]:166 [3]:354
