[0]:122443581 [1]:21261444 [2]:151 [3]:357
[0]:122659936 [1]:21311406 [2]:151 [3]:61
[0]:122858226 [1]:21357236 [2]:151 [3]:362
[0]:123060912 [1]:21404043 [2]:151 [3]:54
[0]:123293448 [1]:21457814 [2]:151 [3]:354
[0]:123501477 [1]:21505871 [2]:151 [3]:361
[0]:123690284 [1]:21549511 [2]:151 [3]:55
[0]:123888378 [1]:21595253 [2]:151 [3]:357
[0]:124085945 [1]:21640877 [2]:151 [3]:362
[0]:124280255 [1]:21685664 [2]:151 [3]:360
[0]:124493113 [1]:21734900 [2]:159 [3]:361
[0]:124687279 [1]:21779763 [2]:159 [3]:354
[0]:124877453 [1]:21823664 [2]:159 [3]:361
[0]:125078917 [1]:21870281 [2]:159 [3]:356
[0]:125280478 [1]:21916801 [2]:159 [3]:362
[0]:125481469 [1]:21963237 [2]:159 [3]:360
[0]:125695478 [1]:22012722 [2]:159 [3]:369
[0]:125888828 [1]:22057391 [2]:159 [3]:361
[0]:126086743 [1]:22103124 [2]:159 [3]:365
[0]:126318073 [1]:22156536 [2]:159 [3]:360
[0]:126508436 [1]:22200525 [2]:159 [3]:361
[0]:126712240 [1]:22247588 [2]:159 [3]:364
[0]:126904072 [1]:22291913 [2]:159 [3]:365
[0]:127119603 [1]:22341629 [2]:164 [3]:358
[0]:127314625 [1]:22386718 [2]:164 [3]:364
[0]:127504685 [1]:22430659 [2]:164 [3]:361
[0]:127704600 [1]:22476836 [2]:164 [3]:360
[0]:127943091 [1]:22531967 [2]:164 [3]:370
[0]:128141246 [1]:22577766 [2]:164 [3]:365
[0]:128333714 [1]:22622253 [2]:164 [3]:362
[0]:128538892 [1]:22669726 [2]:164 [3]:358
[0]:128733202 [1]:22714688 [2]:164 [3]:369
[0]:128923207 [1]:22758621 [2]:164 [3]:365
[0]:129120256 [1]:22804128 [2]:164 [3]:357
[0]:129318700 [1]:22849979 [2]:164 [3]:363
[0]:129513038 [1]:22894873 [2]:164 [3]:364
[0]:129709278 [1]:22940163 [2]:164 [3]:359
[0]:129908750 [1]:22986195 [2]:164 [3]:371
[0]:130105467 [1]:23031620 [2]:166 [3]:361
[0]:130300517 [1]:23076704 [2]:166 [3]:353
[0]:130587892 [1]:23143089 [2]:166 [3]:362
[0]:130778243 [1]:23187093 [2]:166 [3]:357
[0]:130970417 [1]:23231456 [2]:166 [3]:360
[0]:131211303 [1]:23287078 [2]:166 [3]:355
[0]:131410041 [1]:23333027 [2]:166 [3]:368
[0]:131606804 [1]:23378501 [2]:166 [3]:63
[0]:131801031 [1]:23423317 [2]:166 [3]:363
[0]:131995149 [1]:23468190 [2]:166 [3]:361
[0]:132191472 [1]:23513539 [2]:166 [3]:360
[0]:132384055 [1]:23558031 [2]:166 [3]:365
[0]:132591166 [1]:23605867 [2]:166 [3]:370
[0]:132782330 [1]:23649930 [2]:166 [3]:53
[0]:132984246 [1]:23696580 [2]:166 [3]:361
[0]:133178163 [1]:23741423 [2]:166 [3]:65
[0]:133374809 [1]:23786851 [2]:166 [3]:53
[0]:133618676 [1]:23843091 [2]:166 [3]:365
[0]:133813756 [1]:23888212 [2]:166 [3]:369
[0]:134027969 [1]:23937734 [2]:166 [3]:61
[0]:134228829 [1]:23984208 [2]:166 [3]:357
[0]:134462201 [1]:24038160 [2]:166 [3]:356
[0]:134648252 [1]:24081072 [2]:166 [3]:360
[0]:134857752 [1]:24129489 [2]:166 [3]:63
[0]:135051931 [1]:24174393 [2]:166 [3]:366
[0]:135254229 [1]:24221102 [2]:166 [3]:363
[0]:135444597 [1]:24265093 [2]:166 [3]:368
[0]:135637937 [1]:24309689 [2]:166 [3]:357
[0]:135839450 [1]:24356268 [2]:166 [3]:362
[0]:136034449 [1]:24401350 [2]:166 [3]:356
[0]:136232755 [1]:24447198 [2]:166 [3]:362
[0]:136432805 [1]:24493345 [2]:166 [3]:363
[0]:136649465 [1]:24543386 [2]:166 [3]:359
[0]:136844294 [1]:24588457 [2]:166 [3]:359
[0]:137043665 [1]:24634489 [2]:166 [3]:368
[0]:137250338 [1]:24682288 [2]:166 [3]:359
