[0]:495948806 [1]:495948806 [2]:0 [3]:52
[0]:497100589 [1]:497100591 [2]:0 [3]:16
[0]:498263488 [1]:498263510 [2]:0 [3]:11
[0]:499401951 [1]:499401949 [2]:0 [3]:11
[0]:500620287 [1]:500620367 [2]:0 [3]:9
[0]:501823774 [1]:501823777 [2]:0 [3]:9
[0]:502980605 [1]:502980614 [2]:0 [3]:14
[0]:504158246 [1]:504158264 [2]:0 [3]:9
[0]:505297164 [1]:505297164 [2]:0 [3]:8
[0]:506554546 [1]:506554547 [2]:0 [3]:14
[0]:507612186 [1]:507612188 [2]:0 [3]:14
[0]:508754587 [1]:508754587 [2]:0 [3]:50
[0]:509789840 [1]:509789842 [2]:0 [3]:48
[0]:511124319 [1]:511124319 [2]:0 [3]:10
[0]:512151002 [1]:512151012 [2]:0 [3]:8
[0]:513236326 [1]:513236335 [2]:0 [3]:16
[0]:514300406 [1]:514300406 [2]:0 [3]:10
[0]:515365340 [1]:515365359 [2]:0 [3]:15
[0]:516407944 [1]:516407947 [2]:0 [3]:10
[0]:517431462 [1]:517431462 [2]:0 [3]:47
[0]:518722741 [1]:518722743 [2]:0 [3]:50
[0]:519733485 [1]:519733489 [2]:0 [3]:16
[0]:521069164 [1]:521069166 [2]:0 [3]:16
[0]:522421856 [1]:522421861 [2]:0 [3]:9
[0]:523766993 [1]:523766991 [2]:0 [3]:10
[0]:524841830 [1]:524841831 [2]:0 [3]:15
[0]:525868498 [1]:525868545 [2]:0 [3]:6
[0]:527206201 [1]:527206207 [2]:0 [3]:9
[0]:528293436 [1]:528293440 [2]:0 [3]:46
[0]:529654034 [1]:529654037 [2]:0 [3]:13
[0]:530765894 [1]:530765911 [2]:0 [3]:47
[0]:531856164 [1]:531856168 [2]:0 [3]:19
[0]:532914347 [1]:532914346 [2]:0 [3]:11
[0]:534304509 [1]:534304509 [2]:0 [3]:11
[0]:535327750 [1]:535327746 [2]:0 [3]:13
[0]:536375223 [1]:536375217 [2]:0 [3]:44
[0]:537455675 [1]:537455703 [2]:0 [3]:9
[0]:538516043 [1]:538516046 [2]:0 [3]:48
[0]:539606337 [1]:539606341 [2]:0 [3]:13
[0]:540841053 [1]:540841053 [2]:0 [3]:51
[0]:542101400 [1]:542101402 [2]:0 [3]:15
[0]:543316118 [1]:543316118 [2]:0 [3]:51
[0]:544554038 [1]:544554040 [2]:0 [3]:15
[0]:545725535 [1]:545725538 [2]:0 [3]:52
[0]:546895130 [1]:546895136 [2]:0 [3]:50
[0]:548055510 [1]:548055508 [2]:0 [3]:50
[0]:549228102 [1]:549228105 [2]:0 [3]:10
[0]:550350074 [1]:550350075 [2]:0 [3]:13
[0]:551482030 [1]:551482029 [2]:0 [3]:15
[0]:552612377 [1]:552612380 [2]:0 [3]:16
[0]:553752520 [1]:553752526 [2]:0 [3]:47
[0]:554950551 [1]:554950549 [2]:0 [3]:14
[0]:556107511 [1]:556107513 [2]:0 [3]:12
[0]:557276968 [1]:557276985 [2]:0 [3]:48
[0]:558547102 [1]:558547102 [2]:0 [3]:49
[0]:559720753 [1]:559720757 [2]:0 [3]:16
[0]:560919921 [1]:560919922 [2]:0 [3]:45
[0]:562105710 [1]:562105710 [2]:0 [3]:47
[0]:563256657 [1]:563256682 [2]:0 [3]:49
[0]:564298763 [1]:564298763 [2]:0 [3]:51
[0]:565321472 [1]:565321487 [2]:0 [3]:11
[0]:566346851 [1]:566346854 [2]:0 [3]:9
[0]:567380881 [1]:567380881 [2]:0 [3]:9
[0]:568434046 [1]:568434046 [2]:0 [3]:8
[0]:569495246 [1]:569495246 [2]:0 [3]:53
[0]:570529374 [1]:570529375 [2]:0 [3]:11
[0]:571568668 [1]:571568670 [2]:0 [3]:14
[0]:572647337 [1]:572647337 [2]:0 [3]:12
[0]:573752148 [1]:573752165 [2]:0 [3]:13
[0]:574795564 [1]:574795571 [2]:0 [3]:12
[0]:575827083 [1]:575827092 [2]:0 [3]:10
[0]:576859233 [1]:576859241 [2]:0 [3]:52
[0]:577891641 [1]:577891638 [2]:0 [3]:14
[0]:579118420 [1]:579118431 [2]:0 [3]:16
[0]:580490814 [1]:580490825 [2]:0 [3]:12
[0]:581757265 [1]:581757265 [2]:0 [3]:47
[0]:582890418 [1]:582890418 [2]:0 [3]:52
[0]:583942944 [1]:583942944 [2]:0 [3]:12
[0]:584970572 [1]:584970584 [2]:0 [3]:13
[0]:586115750 [1]:586115765 [2]:0 [3]:13
[0]:587200911 [1]:587200914 [2]:0 [3]:9
[0]:588264047 [1]:588264052 [2]:0 [3]:13
[0]:589314341 [1]:589314341 [2]:0 [3]:54
[0]:590336877 [1]:590336907 [2]:0 [3]:9
[0]:591376940 [1]:591376953 [2]:0 [3]:16
[0]:592394068 [1]:592394075 [2]:0 [3]:10
[0]:593446076 [1]:593446091 [2]:0 [3]:12
[0]:594488795 [1]:594488797 [2]:0 [3]:16
[0]:595527114 [1]:595527117 [2]:0 [3]:8
[0]:596531843 [1]:596531846 [2]:0 [3]:51
[0]:597559804 [1]:597559812 [2]:0 [3]:10
[0]:598852025 [1]:598852036 [2]:0 [3]:9
[0]:600103008 [1]:600103014 [2]:0 [3]:51
[0]:601390967 [1]:601390971 [2]:0 [3]:58
[0]:602601119 [1]:602601129 [2]:0 [3]:9
[0]:603742298 [1]:603742298 [2]:0 [3]:13
[0]:604852926 [1]:604852926 [2]:0 [3]:56
[0]:605977558 [1]:605977561 [2]:0 [3]:10
[0]:607116324 [1]:607116329 [2]:0 [3]:13
[0]:608314772 [1]:608314769 [2]:0 [3]:40
[0]:609490155 [1]:609490154 [2]:0 [3]:49
[0]:610626510 [1]:610626509 [2]:0 [3]:12
[0]:611863245 [1]:611863250 [2]:0 [3]:11
[0]:613041996 [1]:613041996 [2]:0 [3]:10
[0]:614215990 [1]:614215990 [2]:0 [3]:60
[0]:615375199 [1]:615375204 [2]:0 [3]:8
[0]:616555673 [1]:616555678 [2]:0 [3]:17
[0]:617690559 [1]:617690560 [2]:0 [3]:48
[0]:618817254 [1]:618817260 [2]:0 [3]:16
[0]:619967183 [1]:619967186 [2]:0 [3]:14
[0]:621137190 [1]:621137199 [2]:0 [3]:12
[0]:622230584 [1]:622230590 [2]:0 [3]:12
[0]:623599027 [1]:623599030 [2]:0 [3]:12
[0]:624653958 [1]:624653961 [2]:0 [3]:13
[0]:625709089 [1]:625709087 [2]:0 [3]:46
[0]:626737827 [1]:626737831 [2]:0 [3]:10
[0]:628043357 [1]:628043359 [2]:0 [3]:12
[0]:629084071 [1]:629084083 [2]:0 [3]:14
[0]:630126762 [1]:630126761 [2]:0 [3]:12
[0]:631135237 [1]:631135286 [2]:0 [3]:7
[0]:632170494 [1]:632170494 [2]:0 [3]:16
[0]:633197454 [1]:633197454 [2]:0 [3]:49
[0]:634209997 [1]:634210000 [2]:0 [3]:48
[0]:635258794 [1]:635258796 [2]:0 [3]:53
[0]:636327585 [1]:636327588 [2]:0 [3]:16
[0]:637387444 [1]:637387446 [2]:0 [3]:12
[0]:638620450 [1]:638620454 [2]:0 [3]:17
[0]:640013402 [1]:640013402 [2]:0 [3]:11
[0]:641140840 [1]:641140841 [2]:0 [3]:49
[0]:642175288 [1]:642175290 [2]:0 [3]:49
[0]:643583740 [1]:643583776 [2]:0 [3]:14
[0]:644611414 [1]:644611414 [2]:0 [3]:50
[0]:645643641 [1]:645643645 [2]:0 [3]:50
[0]:646664235 [1]:646664250 [2]:0 [3]:16
[0]:647717856 [1]:647717854 [2]:0 [3]:52
[0]:649051730 [1]:649051730 [2]:0 [3]:54
[0]:650089217 [1]:650089216 [2]:0 [3]:9
[0]:651325472 [1]:651325477 [2]:0 [3]:53
[0]:652367817 [1]:652367828 [2]:0 [3]:49
[0]:653412702 [1]:653412703 [2]:0 [3]:50
[0]:654618516 [1]:654618516 [2]:0 [3]:47
[0]:655633439 [1]:655633447 [2]:0 [3]:14
[0]:656831618 [1]:656831618 [2]:0 [3]:52
[0]:658147676 [1]:658147678 [2]:0 [3]:52
[0]:659645385 [1]:659645387 [2]:0 [3]:14
[0]:660834693 [1]:660834697 [2]:0 [3]:10
[0]:662002286 [1]:662002286 [2]:0 [3]:14
[0]:663233037 [1]:663233036 [2]:0 [3]:56
[0]:664638595 [1]:664638605 [2]:0 [3]:9
[0]:665783751 [1]:665783756 [2]:0 [3]:20
[0]:666965810 [1]:666965820 [2]:0 [3]:11
[0]:668085198 [1]:668085198 [2]:0 [3]:51
[0]:669260239 [1]:669260239 [2]:0 [3]:50
[0]:670478484 [1]:670478484 [2]:0 [3]:8
[0]:671635525 [1]:671635541 [2]:0 [3]:46
[0]:672818820 [1]:672818820 [2]:0 [3]:13
[0]:674016617 [1]:674016618 [2]:0 [3]:13
[0]:675201915 [1]:675201919 [2]:0 [3]:11
[0]:676366390 [1]:676366390 [2]:0 [3]:48
[0]:677559270 [1]:677559271 [2]:0 [3]:16
[0]:678704687 [1]:678704703 [2]:0 [3]:10
[0]:679819103 [1]:679819126 [2]:0 [3]:56
[0]:680829637 [1]:680829681 [2]:0 [3]:11
[0]:682164447 [1]:682164470 [2]:0 [3]:14
[0]:683167923 [1]:683167921 [2]:0 [3]:12
[0]:684191423 [1]:684191441 [2]:0 [3]:13
[0]:685236593 [1]:685236595 [2]:0 [3]:45
[0]:686273807 [1]:686273805 [2]:0 [3]:13
[0]:687275735 [1]:687275736 [2]:0 [3]:14
[0]:688303506 [1]:688303510 [2]:0 [3]:10
[0]:689365732 [1]:689365732 [2]:0 [3]:15
[0]:690427013 [1]:690427016 [2]:0 [3]:7
[0]:691453326 [1]:691453326 [2]:0 [3]:49
[0]:692688209 [1]:692688215 [2]:0 [3]:15
[0]:693716489 [1]:693716491 [2]:0 [3]:14
[0]:694720988 [1]:694720996 [2]:0 [3]:15
[0]:695753654 [1]:695753662 [2]:0 [3]:51
[0]:697039839 [1]:697039860 [2]:0 [3]:50
[0]:698365705 [1]:698365726 [2]:0 [3]:16
[0]:699402095 [1]:699402098 [2]:0 [3]:11
[0]:700452693 [1]:700452698 [2]:0 [3]:14
[0]:701708331 [1]:701708337 [2]:0 [3]:17
[0]:702739429 [1]:702739433 [2]:0 [3]:8
[0]:703992926 [1]:703992926 [2]:0 [3]:43
[0]:705043008 [1]:705043009 [2]:0 [3]:15
[0]:706257517 [1]:706257522 [2]:0 [3]:47
[0]:707292853 [1]:707292853 [2]:0 [3]:50
[0]:708295516 [1]:708295519 [2]:0 [3]:9
[0]:709470106 [1]:709470109 [2]:0 [3]:12
[0]:710530559 [1]:710530560 [2]:0 [3]:49
[0]:711585510 [1]:711585518 [2]:0 [3]:9
[0]:712640109 [1]:712640114 [2]:0 [3]:13
[0]:713822341 [1]:713822347 [2]:0 [3]:12
[0]:715096769 [1]:715096771 [2]:0 [3]:13
[0]:716355759 [1]:716355759 [2]:0 [3]:49
[0]:717622766 [1]:717622768 [2]:0 [3]:45
[0]:718854627 [1]:718854648 [2]:0 [3]:13
[0]:719909244 [1]:719909248 [2]:0 [3]:51
[0]:721020390 [1]:721020390 [2]:0 [3]:54
[0]:722306342 [1]:722306342 [2]:0 [3]:48
[0]:723504614 [1]:723504615 [2]:0 [3]:51
[0]:724669008 [1]:724669023 [2]:0 [3]:15
[0]:725806943 [1]:725806943 [2]:0 [3]:12
[0]:727032780 [1]:727032792 [2]:0 [3]:12
[0]:728218746 [1]:728218747 [2]:0 [3]:55
[0]:729402599 [1]:729402620 [2]:0 [3]:12
[0]:730590425 [1]:730590426 [2]:0 [3]:14
[0]:731730168 [1]:731730168 [2]:0 [3]:14
[0]:732878117 [1]:732878118 [2]:0 [3]:45
