[0]:3423048650 [1]:1 [2]:2 [3]:8
[0]:4247067320 [1]:1 [2]:2 [3]:9
[0]:4055690147 [1]:1 [2]:2 [3]:6
[0]:3875184045 [1]:1 [2]:2 [3]:19
[0]:3687370706 [1]:1 [2]:2 [3]:6
[0]:3502384515 [1]:1 [2]:2 [3]:19
[0]:3309058536 [1]:1 [2]:2 [3]:12
[0]:4095021376 [1]:1 [2]:2 [3]:3
[0]:3881091701 [1]:1 [2]:2 [3]:21
[0]:3647875515 [1]:1 [2]:2 [3]:18
[0]:3334401221 [1]:1 [2]:2 [3]:18
[0]:4095678875 [1]:1 [2]:2 [3]:6
[0]:3866995130 [1]:1 [2]:2 [3]:15
[0]:3647193718 [1]:1 [2]:2 [3]:7
[0]:3433361372 [1]:1 [2]:2 [3]:7
[0]:4223034578 [1]:1 [2]:2 [3]:7
[0]:4019020687 [1]:1 [2]:2 [3]:2
[0]:3803433497 [1]:1 [2]:2 [3]:6
[0]:3567028623 [1]:1 [2]:2 [3]:8
[0]:3365164815 [1]:1 [2]:2 [3]:8
[0]:4151081987 [1]:1 [2]:2 [3]:6
[0]:3943059246 [1]:1 [2]:2 [3]:18
[0]:3723074553 [1]:1 [2]:2 [3]:2
[0]:3515059476 [1]:1 [2]:2 [3]:8
[0]:3307204298 [1]:1 [2]:2 [3]:17
[0]:4074185363 [1]:1 [2]:2 [3]:8
[0]:3889996257 [1]:1 [2]:2 [3]:7
[0]:3692347522 [1]:1 [2]:2 [3]:15
[0]:3503290096 [1]:1 [2]:2 [3]:16
[0]:3311053950 [1]:1 [2]:2 [3]:19
[0]:4119146190 [1]:1 [2]:2 [3]:7
[0]:3920270165 [1]:1 [2]:2 [3]:7
[0]:3723153700 [1]:1 [2]:2 [3]:6
[0]:3463131523 [1]:1 [2]:2 [3]:6
[0]:4275115190 [1]:1 [2]:2 [3]:9
[0]:4088065680 [1]:1 [2]:2 [3]:7
[0]:3895051931 [1]:1 [2]:2 [3]:3
[0]:3683191937 [1]:1 [2]:2 [3]:17
[0]:3491308235 [1]:1 [2]:2 [3]:3
[0]:3302147802 [1]:1 [2]:2 [3]:5
[0]:4081038208 [1]:1 [2]:2 [3]:21
[0]:3832955520 [1]:1 [2]:2 [3]:20
[0]:3616762071 [1]:1 [2]:2 [3]:7
[0]:3403839045 [1]:1 [2]:2 [3]:6
[0]:4196089210 [1]:1 [2]:2 [3]:16
[0]:3999142617 [1]:1 [2]:2 [3]:6
[0]:3812103156 [1]:1 [2]:2 [3]:16
[0]:3627149891 [1]:1 [2]:2 [3]:19
[0]:3427316780 [1]:1 [2]:2 [3]:9
[0]:4235185200 [1]:1 [2]:2 [3]:9
[0]:4047132235 [1]:1 [2]:2 [3]:16
[0]:3855601881 [1]:1 [2]:2 [3]:7
[0]:3639066676 [1]:1 [2]:2 [3]:18
[0]:3444244348 [1]:1 [2]:2 [3]:8
[0]:4262524642 [1]:1 [2]:2 [3]:8
[0]:4075264492 [1]:1 [2]:2 [3]:8
[0]:3889407676 [1]:1 [2]:2 [3]:9
[0]:3699054826 [1]:1 [2]:2 [3]:9
[0]:3475039546 [1]:1 [2]:2 [3]:3
[0]:4253268000 [1]:1 [2]:2 [3]:19
[0]:4043282713 [1]:1 [2]:2 [3]:21
[0]:3830133933 [1]:1 [2]:2 [3]:6
[0]:3623148622 [1]:1 [2]:2 [3]:8
[0]:3392649985 [1]:1 [2]:2 [3]:10
[0]:4179078197 [1]:1 [2]:2 [3]:8
[0]:3967274896 [1]:1 [2]:2 [3]:6
[0]:3762347113 [1]:1 [2]:2 [3]:19
[0]:3480476312 [1]:1 [2]:2 [3]:3
[0]:4270396346 [1]:1 [2]:2 [3]:7
[0]:4066638913 [1]:1 [2]:2 [3]:18
[0]:3851335556 [1]:1 [2]:2 [3]:5
[0]:3637023367 [1]:1 [2]:2 [3]:19
[0]:3426988538 [1]:1 [2]:2 [3]:3
[0]:4203090368 [1]:1 [2]:2 [3]:6
[0]:3991265033 [1]:1 [2]:2 [3]:9
[0]:3803380593 [1]:1 [2]:2 [3]:6
[0]:3622943657 [1]:1 [2]:2 [3]:7
