[0]:3496132195 [1]:1 [2]:2 [3]:17
[0]:4284672808 [1]:1 [2]:2 [3]:7
[0]:4073700182 [1]:1 [2]:2 [3]:8
[0]:3860786927 [1]:1 [2]:2 [3]:19
[0]:3649875458 [1]:1 [2]:2 [3]:6
[0]:3441615946 [1]:1 [2]:2 [3]:7
[0]:4201712397 [1]:1 [2]:2 [3]:8
[0]:4012313956 [1]:1 [2]:2 [3]:7
[0]:3827324678 [1]:1 [2]:2 [3]:19
[0]:3649719466 [1]:1 [2]:2 [3]:18
[0]:3471298963 [1]:1 [2]:2 [3]:17
[0]:4285634692 [1]:1 [2]:2 [3]:7
[0]:4092420040 [1]:1 [2]:2 [3]:7
[0]:3900511532 [1]:1 [2]:2 [3]:7
[0]:3709815745 [1]:1 [2]:2 [3]:19
[0]:3525536201 [1]:1 [2]:2 [3]:6
[0]:3332622846 [1]:1 [2]:2 [3]:17
[0]:4141752260 [1]:1 [2]:2 [3]:3
[0]:3916329566 [1]:1 [2]:2 [3]:9
[0]:3724333535 [1]:1 [2]:2 [3]:6
[0]:3532769812 [1]:1 [2]:2 [3]:20
[0]:3328246392 [1]:1 [2]:2 [3]:6
[0]:4104799387 [1]:1 [2]:2 [3]:8
[0]:3872485643 [1]:1 [2]:2 [3]:7
[0]:3641163198 [1]:1 [2]:2 [3]:2
[0]:3437659537 [1]:1 [2]:2 [3]:8
[0]:4244295052 [1]:1 [2]:2 [3]:2
[0]:4054849616 [1]:1 [2]:2 [3]:6
[0]:3863927948 [1]:1 [2]:2 [3]:7
[0]:3676259855 [1]:1 [2]:2 [3]:3
[0]:3481378486 [1]:1 [2]:2 [3]:3
[0]:4286228110 [1]:1 [2]:2 [3]:16
[0]:4092205258 [1]:1 [2]:2 [3]:16
[0]:3905959160 [1]:1 [2]:2 [3]:3
[0]:3712784956 [1]:1 [2]:2 [3]:19
[0]:3523039760 [1]:1 [2]:2 [3]:18
[0]:3328593157 [1]:1 [2]:2 [3]:17
[0]:4140307421 [1]:1 [2]:2 [3]:8
[0]:3945787022 [1]:1 [2]:2 [3]:8
[0]:3752281451 [1]:1 [2]:2 [3]:7
[0]:3532913847 [1]:1 [2]:2 [3]:3
[0]:4284400946 [1]:1 [2]:2 [3]:17
[0]:4052550901 [1]:1 [2]:2 [3]:17
[0]:3748981606 [1]:1 [2]:2 [3]:10
[0]:3536270880 [1]:1 [2]:2 [3]:19
[0]:3324293901 [1]:1 [2]:2 [3]:8
[0]:4108108478 [1]:1 [2]:2 [3]:7
[0]:3885570268 [1]:1 [2]:2 [3]:8
[0]:3668015186 [1]:1 [2]:2 [3]:3
[0]:3457733420 [1]:1 [2]:2 [3]:3
[0]:4212097215 [1]:1 [2]:2 [3]:21
[0]:4004335796 [1]:1 [2]:2 [3]:2
[0]:3796134205 [1]:1 [2]:2 [3]:7
[0]:3592492011 [1]:1 [2]:2 [3]:7
[0]:3388847527 [1]:1 [2]:2 [3]:17
[0]:4176280961 [1]:1 [2]:2 [3]:16
[0]:3964491455 [1]:1 [2]:2 [3]:9
[0]:3768655156 [1]:1 [2]:2 [3]:9
[0]:3572545246 [1]:1 [2]:2 [3]:8
[0]:3372362245 [1]:1 [2]:2 [3]:16
[0]:4176870181 [1]:1 [2]:2 [3]:8
[0]:3986213232 [1]:1 [2]:2 [3]:7
[0]:3800380610 [1]:1 [2]:2 [3]:9
[0]:3612378175 [1]:1 [2]:2 [3]:9
[0]:3420429968 [1]:1 [2]:2 [3]:3
[0]:4228293606 [1]:1 [2]:2 [3]:19
[0]:4016159297 [1]:1 [2]:2 [3]:3
[0]:3820279658 [1]:1 [2]:2 [3]:5
[0]:3624345947 [1]:1 [2]:2 [3]:6
[0]:3432626522 [1]:1 [2]:2 [3]:8
[0]:4241974303 [1]:1 [2]:2 [3]:4
[0]:4042678111 [1]:1 [2]:2 [3]:7
[0]:3829712386 [1]:1 [2]:2 [3]:11
[0]:3610276581 [1]:1 [2]:2 [3]:16
[0]:3375651945 [1]:1 [2]:2 [3]:8
[0]:4152470960 [1]:1 [2]:2 [3]:18
[0]:3941775653 [1]:1 [2]:2 [3]:8
[0]:3749718615 [1]:1 [2]:2 [3]:10
