[0]:664486348 [1]:391047057 [2]:7 [3]:10
[0]:665806924 [1]:391981379 [2]:0 [3]:17
[0]:667098470 [1]:393035483 [2]:7 [3]:17
[0]:668400786 [1]:394092751 [2]:7 [3]:20
[0]:669781537 [1]:395217140 [2]:7 [3]:12
[0]:671021797 [1]:396228924 [2]:7 [3]:15
[0]:672189719 [1]:397171614 [2]:7 [3]:16
[0]:673677783 [1]:398373227 [2]:7 [3]:15
[0]:674829819 [1]:399313236 [2]:7 [3]:53
[0]:675969793 [1]:400242047 [2]:7 [3]:12
[0]:677109385 [1]:401157407 [2]:7 [3]:15
[0]:678297821 [1]:402124244 [2]:7 [3]:59
[0]:679437712 [1]:403048685 [2]:7 [3]:17
[0]:680553535 [1]:403960422 [2]:7 [3]:18
[0]:681820378 [1]:404982887 [2]:7 [3]:16
[0]:682958087 [1]:405911343 [2]:7 [3]:14
[0]:684111040 [1]:406852588 [2]:0 [3]:18
[0]:685244958 [1]:407774372 [2]:7 [3]:15
[0]:686398668 [1]:408714139 [2]:7 [3]:10
[0]:687725975 [1]:409791439 [2]:7 [3]:19
[0]:689121815 [1]:410924145 [2]:7 [3]:12
[0]:690534730 [1]:412072415 [2]:7 [3]:17
[0]:691766660 [1]:413075075 [2]:7 [3]:16
[0]:692892497 [1]:413984948 [2]:7 [3]:11
[0]:694283999 [1]:415119168 [2]:7 [3]:58
[0]:695674284 [1]:416250176 [2]:7 [3]:19
[0]:696799104 [1]:417165790 [2]:7 [3]:59
[0]:697909635 [1]:418065890 [2]:7 [3]:51
[0]:699300265 [1]:419192765 [2]:7 [3]:18
[0]:700527513 [1]:420185248 [2]:0 [3]:15
[0]:701644911 [1]:421090952 [2]:7 [3]:17
[0]:702801431 [1]:422027277 [2]:7 [3]:10
[0]:703929236 [1]:422946021 [2]:7 [3]:19
[0]:705075783 [1]:423882195 [2]:7 [3]:18
[0]:706354284 [1]:424919881 [2]:7 [3]:18
[0]:707779080 [1]:426071984 [2]:7 [3]:19
[0]:709251253 [1]:427273001 [2]:7 [3]:16
[0]:710569032 [1]:428339256 [2]:7 [3]:54
[0]:711836210 [1]:429366952 [2]:7 [3]:15
[0]:713100507 [1]:430390670 [2]:7 [3]:11
[0]:714393280 [1]:431442925 [2]:7 [3]:17
[0]:715907791 [1]:432673126 [2]:7 [3]:16
[0]:717346207 [1]:433848681 [2]:7 [3]:15
[0]:718567565 [1]:434837571 [2]:7 [3]:20
[0]:719921318 [1]:435937152 [2]:7 [3]:25
[0]:721165970 [1]:436946147 [2]:7 [3]:22
[0]:722438743 [1]:437974643 [2]:7 [3]:21
[0]:723754963 [1]:439050547 [2]:7 [3]:19
[0]:725194182 [1]:440215465 [2]:7 [3]:51
[0]:726661660 [1]:441415086 [2]:7 [3]:16
[0]:727925463 [1]:442442453 [2]:7 [3]:19
[0]:729216469 [1]:443492088 [2]:7 [3]:59
[0]:730458928 [1]:444501116 [2]:7 [3]:57
[0]:731809128 [1]:445599805 [2]:7 [3]:15
[0]:733262568 [1]:446784889 [2]:7 [3]:15
[0]:734458629 [1]:447756214 [2]:7 [3]:20
[0]:735646308 [1]:448721890 [2]:7 [3]:18
[0]:736795711 [1]:449660946 [2]:7 [3]:17
[0]:737955171 [1]:450601480 [2]:7 [3]:62
[0]:739240148 [1]:451642533 [2]:7 [3]:17
[0]:740334765 [1]:452532165 [2]:7 [3]:19
[0]:741504445 [1]:453480559 [2]:0 [3]:23
[0]:742622682 [1]:454391964 [2]:7 [3]:16
[0]:743808647 [1]:455351985 [2]:7 [3]:17
[0]:744955816 [1]:456283147 [2]:7 [3]:13
[0]:746120733 [1]:457234288 [2]:7 [3]:19
[0]:747249416 [1]:458153682 [2]:7 [3]:19
[0]:748433427 [1]:459120056 [2]:7 [3]:13
[0]:749674652 [1]:460124037 [2]:7 [3]:17
[0]:750911943 [1]:461127889 [2]:7 [3]:18
[0]:752244955 [1]:462212168 [2]:7 [3]:54
[0]:753577486 [1]:463294313 [2]:7 [3]:17
[0]:754735842 [1]:464238569 [2]:7 [3]:11
[0]:755858681 [1]:465152358 [2]:7 [3]:17
[0]:757194895 [1]:466235696 [2]:7 [3]:53
[0]:758361747 [1]:467183218 [2]:7 [3]:55
[0]:759541313 [1]:468144576 [2]:7 [3]:12
[0]:760695009 [1]:469079989 [2]:7 [3]:20
[0]:761811602 [1]:469989123 [2]:7 [3]:14
