[0]:38982281 [1]:4282693 [2]:75 [3]:85
[0]:39193430 [1]:4314164 [2]:75 [3]:366
[0]:39399981 [1]:4344743 [2]:75 [3]:76
[0]:39613444 [1]:4376339 [2]:75 [3]:361
[0]:39817736 [1]:4406521 [2]:92 [3]:366
[0]:40057938 [1]:4442033 [2]:92 [3]:71
[0]:40275044 [1]:4474259 [2]:92 [3]:365
[0]:40483931 [1]:4505180 [2]:92 [3]:365
[0]:40719491 [1]:4540185 [2]:92 [3]:83
[0]:40927259 [1]:4570967 [2]:92 [3]:370
[0]:41130324 [1]:4601046 [2]:92 [3]:74
[0]:41334839 [1]:4631416 [2]:92 [3]:367
[0]:41540094 [1]:4661829 [2]:92 [3]:364
[0]:41737210 [1]:4691061 [2]:92 [3]:354
[0]:41942048 [1]:4721366 [2]:92 [3]:379
[0]:42146934 [1]:4751840 [2]:92 [3]:371
[0]:42367697 [1]:4784542 [2]:92 [3]:359
[0]:42572834 [1]:4814949 [2]:92 [3]:362
[0]:42776977 [1]:4845101 [2]:92 [3]:356
[0]:42979520 [1]:4875258 [2]:92 [3]:370
[0]:43187450 [1]:4906181 [2]:92 [3]:370
[0]:43399350 [1]:4937571 [2]:145 [3]:367
[0]:43617272 [1]:4969887 [2]:145 [3]:373
[0]:43839235 [1]:5002725 [2]:145 [3]:366
[0]:44049825 [1]:5033984 [2]:145 [3]:366
[0]:44250317 [1]:5063678 [2]:145 [3]:74
[0]:44452655 [1]:5093702 [2]:145 [3]:363
[0]:44668883 [1]:5125770 [2]:145 [3]:368
[0]:44901670 [1]:5160349 [2]:145 [3]:363
[0]:45114620 [1]:5191964 [2]:145 [3]:366
[0]:45323881 [1]:5222973 [2]:145 [3]:364
[0]:45528453 [1]:5253254 [2]:145 [3]:364
[0]:45759881 [1]:5287631 [2]:145 [3]:356
[0]:45969845 [1]:5318692 [2]:145 [3]:355
[0]:46198344 [1]:5352516 [2]:145 [3]:69
[0]:46411319 [1]:5384236 [2]:145 [3]:82
[0]:46615040 [1]:5414633 [2]:145 [3]:369
[0]:46821014 [1]:5445084 [2]:145 [3]:77
[0]:47030466 [1]:5476265 [2]:150 [3]:372
[0]:47258329 [1]:5510106 [2]:150 [3]:364
[0]:47462921 [1]:5540469 [2]:150 [3]:370
[0]:47680138 [1]:5572585 [2]:150 [3]:360
[0]:47883577 [1]:5602728 [2]:150 [3]:369
[0]:48109689 [1]:5636220 [2]:150 [3]:371
[0]:48314661 [1]:5666674 [2]:150 [3]:360
[0]:48517120 [1]:5696689 [2]:150 [3]:77
[0]:48757004 [1]:5732175 [2]:150 [3]:361
[0]:48968397 [1]:5763615 [2]:150 [3]:365
[0]:49208373 [1]:5799142 [2]:150 [3]:369
[0]:49424709 [1]:5831174 [2]:150 [3]:90
[0]:49634994 [1]:5862420 [2]:150 [3]:359
[0]:49867408 [1]:5896847 [2]:150 [3]:359
[0]:50072332 [1]:5927238 [2]:150 [3]:363
[0]:50289158 [1]:5959386 [2]:150 [3]:370
[0]:50498001 [1]:5990497 [2]:150 [3]:82
[0]:50706904 [1]:6021449 [2]:151 [3]:359
[0]:50913985 [1]:6052450 [2]:151 [3]:82
[0]:51128211 [1]:6084335 [2]:151 [3]:367
[0]:51344952 [1]:6116408 [2]:151 [3]:369
[0]:51553810 [1]:6147453 [2]:151 [3]:372
[0]:51758545 [1]:6177822 [2]:151 [3]:372
[0]:51958240 [1]:6207622 [2]:151 [3]:74
[0]:52208047 [1]:6244610 [2]:151 [3]:364
[0]:52420688 [1]:6276304 [2]:151 [3]:83
[0]:52637529 [1]:6308405 [2]:151 [3]:363
[0]:52903614 [1]:6347925 [2]:151 [3]:363
[0]:53126030 [1]:6381077 [2]:151 [3]:369
[0]:53334902 [1]:6412061 [2]:151 [3]:365
[0]:53540556 [1]:6442693 [2]:151 [3]:362
[0]:53760423 [1]:6475282 [2]:151 [3]:368
[0]:53961165 [1]:6505082 [2]:151 [3]:72
[0]:54166263 [1]:6535521 [2]:151 [3]:371
[0]:54383110 [1]:6567595 [2]:151 [3]:80
[0]:54591438 [1]:6598639 [2]:151 [3]:357
[0]:54792633 [1]:6628398 [2]:151 [3]:76
[0]:54996902 [1]:6658724 [2]:151 [3]:366
[0]:55218621 [1]:6691521 [2]:151 [3]:370
[0]:55427410 [1]:6722554 [2]:151 [3]:364
[0]:55628127 [1]:6752295 [2]:151 [3]:357
[0]:55856989 [1]:6786279 [2]:151 [3]:362
[0]:56115436 [1]:6824687 [2]:151 [3]:363
[0]:56321318 [1]:6855293 [2]:151 [3]:365
[0]:56530854 [1]:6886436 [2]:151 [3]:369
[0]:56734001 [1]:6916480 [2]:151 [3]:80
[0]:56940609 [1]:6947120 [2]:151 [3]:369
[0]:57145359 [1]:6977543 [2]:151 [3]:367
[0]:57358376 [1]:7009082 [2]:151 [3]:355
[0]:57563004 [1]:7039442 [2]:151 [3]:366
[0]:57755234 [1]:7067999 [2]:151 [3]:363
[0]:57977137 [1]:7100839 [2]:151 [3]:352
[0]:58188430 [1]:7132131 [2]:151 [3]:361
[0]:58402796 [1]:7163894 [2]:151 [3]:366
[0]:58611942 [1]:7194867 [2]:151 [3]:369
[0]:58815489 [1]:7225090 [2]:151 [3]:370
[0]:59041343 [1]:7258694 [2]:151 [3]:359
[0]:59254211 [1]:7290213 [2]:151 [3]:364
[0]:59466819 [1]:7321757 [2]:151 [3]:365
[0]:59674949 [1]:7352628 [2]:151 [3]:359
[0]:59888561 [1]:7384403 [2]:151 [3]:374
[0]:60101324 [1]:7415986 [2]:151 [3]:362
[0]:60310197 [1]:7446955 [2]:151 [3]:364
[0]:60514087 [1]:7477358 [2]:151 [3]:80
[0]:60731944 [1]:7509617 [2]:151 [3]:367
[0]:60948487 [1]:7541767 [2]:151 [3]:360
[0]:61154181 [1]:7572224 [2]:151 [3]:356
[0]:61362037 [1]:7602998 [2]:151 [3]:74
[0]:61571007 [1]:7633898 [2]:151 [3]:356
[0]:61780205 [1]:7664899 [2]:151 [3]:363
[0]:61985117 [1]:7695287 [2]:151 [3]:369
[0]:62190094 [1]:7725795 [2]:151 [3]:368
[0]:62402720 [1]:7757377 [2]:151 [3]:362
[0]:62613211 [1]:7788588 [2]:151 [3]:366
[0]:62826925 [1]:7820535 [2]:151 [3]:82
[0]:63040350 [1]:7852219 [2]:151 [3]:365
[0]:63246063 [1]:7882744 [2]:151 [3]:360
[0]:63450969 [1]:7913074 [2]:151 [3]:365
[0]:63659900 [1]:7944024 [2]:151 [3]:367
[0]:63868577 [1]:7974967 [2]:151 [3]:367
[0]:64093197 [1]:8008439 [2]:151 [3]:358
[0]:64379573 [1]:8051236 [2]:151 [3]:363
[0]:64593474 [1]:8083000 [2]:151 [3]:79
[0]:64801891 [1]:8113977 [2]:151 [3]:362
[0]:65011198 [1]:8144980 [2]:151 [3]:84
[0]:65212212 [1]:8174762 [2]:151 [3]:363
[0]:65421061 [1]:8205721 [2]:151 [3]:73
[0]:65626075 [1]:8236086 [2]:151 [3]:367
[0]:65850737 [1]:8269451 [2]:151 [3]:356
[0]:66059434 [1]:8300487 [2]:151 [3]:363
[0]:66272141 [1]:8332135 [2]:151 [3]:363
[0]:66481375 [1]:8363056 [2]:151 [3]:370
[0]:66693971 [1]:8394710 [2]:151 [3]:358
[0]:66906850 [1]:8426396 [2]:151 [3]:73
[0]:67104370 [1]:8455638 [2]:151 [3]:364
[0]:67312344 [1]:8486485 [2]:151 [3]:362
[0]:67525239 [1]:8518153 [2]:151 [3]:364
[0]:67737883 [1]:8549691 [2]:151 [3]:81
[0]:67947091 [1]:8580721 [2]:151 [3]:368
[0]:68159864 [1]:8612271 [2]:151 [3]:360
[0]:68364703 [1]:8642617 [2]:151 [3]:78
[0]:68620947 [1]:8680639 [2]:151 [3]:363
[0]:68846273 [1]:8714047 [2]:151 [3]:359
[0]:69047948 [1]:8743922 [2]:151 [3]:360
[0]:69255501 [1]:8774773 [2]:151 [3]:71
[0]:69495803 [1]:8810423 [2]:151 [3]:359
[0]:69708763 [1]:8842119 [2]:151 [3]:367
[0]:69913879 [1]:8872563 [2]:151 [3]:366
[0]:70122409 [1]:8903584 [2]:151 [3]:358
[0]:70331111 [1]:8934627 [2]:151 [3]:80
[0]:70544040 [1]:8966211 [2]:151 [3]:82
[0]:70747316 [1]:8996262 [2]:151 [3]:359
[0]:70946129 [1]:9025733 [2]:151 [3]:368
[0]:71150555 [1]:9056002 [2]:151 [3]:367
[0]:71359829 [1]:9087058 [2]:151 [3]:357
[0]:71571976 [1]:9118632 [2]:151 [3]:357
[0]:71777436 [1]:9149079 [2]:151 [3]:359
[0]:71978284 [1]:9178864 [2]:151 [3]:364
[0]:72181267 [1]:9208936 [2]:151 [3]:367
[0]:72392352 [1]:9240230 [2]:151 [3]:82
[0]:72605088 [1]:9271854 [2]:151 [3]:361
[0]:72817907 [1]:9303478 [2]:151 [3]:353
[0]:73022756 [1]:9333848 [2]:151 [3]:362
[0]:73246618 [1]:9367084 [2]:151 [3]:355
[0]:73459181 [1]:9398654 [2]:151 [3]:360
[0]:73664594 [1]:9429127 [2]:151 [3]:364
[0]:73873447 [1]:9460187 [2]:151 [3]:365
[0]:74070997 [1]:9489601 [2]:151 [3]:77
[0]:74279955 [1]:9520554 [2]:151 [3]:371
[0]:74480393 [1]:9550301 [2]:151 [3]:368
[0]:74683759 [1]:9580445 [2]:151 [3]:78
[0]:74921860 [1]:9615903 [2]:151 [3]:72
[0]:75130965 [1]:9646880 [2]:151 [3]:359
[0]:75335490 [1]:9677169 [2]:151 [3]:352
[0]:75558929 [1]:9710382 [2]:151 [3]:367
[0]:75762185 [1]:9740512 [2]:151 [3]:83
[0]:75973935 [1]:9771869 [2]:151 [3]:364
[0]:76178895 [1]:9802194 [2]:151 [3]:358
[0]:76415854 [1]:9837376 [2]:151 [3]:358
[0]:76624415 [1]:9868384 [2]:151 [3]:364
[0]:76901518 [1]:9909512 [2]:151 [3]:89
[0]:77117031 [1]:9941530 [2]:151 [3]:363
[0]:77377186 [1]:9980264 [2]:151 [3]:363
[0]:77578244 [1]:10010125 [2]:151 [3]:367
[0]:77786903 [1]:10041043 [2]:151 [3]:363
[0]:77995921 [1]:10072162 [2]:151 [3]:371
[0]:78221192 [1]:10105592 [2]:151 [3]:364
[0]:78427397 [1]:10136233 [2]:151 [3]:88
[0]:78634246 [1]:10166920 [2]:151 [3]:363
[0]:78848209 [1]:10198857 [2]:151 [3]:370
[0]:79059260 [1]:10230489 [2]:151 [3]:369
[0]:79264486 [1]:10260824 [2]:151 [3]:369
[0]:79473473 [1]:10291829 [2]:151 [3]:89
[0]:79682322 [1]:10322821 [2]:151 [3]:368
[0]:79887184 [1]:10353187 [2]:151 [3]:360
[0]:80087725 [1]:10388029 [2]:151 [3]:358
