[0]:80299032 [1]:10436744 [2]:151 [3]:57
[0]:80503038 [1]:10483842 [2]:151 [3]:356
[0]:80693392 [1]:10527774 [2]:151 [3]:366
[0]:80894959 [1]:10574345 [2]:151 [3]:356
[0]:81107728 [1]:10623482 [2]:151 [3]:362
[0]:81305740 [1]:10669160 [2]:151 [3]:362
[0]:81503489 [1]:10714840 [2]:151 [3]:362
[0]:81693783 [1]:10758760 [2]:151 [3]:363
[0]:81891471 [1]:10804466 [2]:151 [3]:365
[0]:82096677 [1]:10851862 [2]:151 [3]:56
[0]:82279834 [1]:10894131 [2]:162 [3]:366
[0]:82469895 [1]:10938066 [2]:162 [3]:364
[0]:82671227 [1]:10984571 [2]:162 [3]:369
[0]:82903004 [1]:11038090 [2]:162 [3]:57
[0]:83093075 [1]:11081940 [2]:162 [3]:361
[0]:83290872 [1]:11127707 [2]:162 [3]:363
[0]:83533917 [1]:11183869 [2]:162 [3]:359
[0]:83724061 [1]:11227762 [2]:162 [3]:364
[0]:83925697 [1]:11274248 [2]:162 [3]:367
[0]:84123551 [1]:11319976 [2]:162 [3]:362
[0]:84321397 [1]:11365661 [2]:162 [3]:363
[0]:84531500 [1]:11414215 [2]:162 [3]:59
[0]:84729649 [1]:11460069 [2]:162 [3]:362
[0]:84926020 [1]:11505348 [2]:162 [3]:359
[0]:85120082 [1]:11550183 [2]:167 [3]:356
[0]:85311584 [1]:11594436 [2]:167 [3]:363
[0]:85500884 [1]:11638213 [2]:167 [3]:364
[0]:85694871 [1]:11683012 [2]:167 [3]:361
[0]:85889025 [1]:11727794 [2]:167 [3]:357
[0]:86086819 [1]:11773490 [2]:167 [3]:364
[0]:86283308 [1]:11818950 [2]:167 [3]:360
[0]:86488123 [1]:11866212 [2]:167 [3]:59
[0]:86680134 [1]:11910593 [2]:167 [3]:358
[0]:86885281 [1]:11957920 [2]:167 [3]:360
[0]:87089081 [1]:12005057 [2]:167 [3]:56
[0]:87283778 [1]:12050017 [2]:167 [3]:356
[0]:87501476 [1]:12100350 [2]:167 [3]:57
[0]:87695509 [1]:12145124 [2]:167 [3]:363
[0]:87889662 [1]:12189992 [2]:167 [3]:362
[0]:88124639 [1]:12244292 [2]:167 [3]:54
[0]:88353558 [1]:12297156 [2]:167 [3]:356
[0]:88567428 [1]:12346513 [2]:167 [3]:358
[0]:88763180 [1]:12391692 [2]:167 [3]:360
[0]:88960818 [1]:12437362 [2]:167 [3]:359
[0]:89145866 [1]:12480129 [2]:167 [3]:363
[0]:89336148 [1]:12524038 [2]:167 [3]:357
[0]:89543129 [1]:12571790 [2]:167 [3]:356
[0]:89774257 [1]:12625148 [2]:167 [3]:354
[0]:89998611 [1]:12676920 [2]:167 [3]:368
[0]:90196177 [1]:12722547 [2]:167 [3]:357
[0]:90399281 [1]:12769493 [2]:167 [3]:367
[0]:90590038 [1]:12813518 [2]:167 [3]:356
[0]:90778553 [1]:12857112 [2]:167 [3]:357
[0]:91001623 [1]:12908672 [2]:167 [3]:360
[0]:91205211 [1]:12955779 [2]:167 [3]:358
[0]:91403230 [1]:13001434 [2]:167 [3]:66
[0]:91600433 [1]:13047014 [2]:167 [3]:360
[0]:91793656 [1]:13091685 [2]:167 [3]:370
[0]:91980068 [1]:13134742 [2]:167 [3]:363
[0]:92170168 [1]:13178640 [2]:167 [3]:361
[0]:92371358 [1]:13225143 [2]:167 [3]:359
[0]:92569661 [1]:13270979 [2]:167 [3]:356
[0]:92770264 [1]:13317361 [2]:167 [3]:362
[0]:92968899 [1]:13363292 [2]:167 [3]:65
[0]:93167270 [1]:13409150 [2]:167 [3]:359
[0]:93361390 [1]:13453898 [2]:167 [3]:362
[0]:93553996 [1]:13498392 [2]:167 [3]:365
[0]:93808199 [1]:13557188 [2]:167 [3]:58
[0]:94003278 [1]:13602263 [2]:167 [3]:363
[0]:94194590 [1]:13646395 [2]:167 [3]:366
[0]:94384020 [1]:13690219 [2]:167 [3]:361
[0]:94582928 [1]:13736172 [2]:167 [3]:366
[0]:94852164 [1]:13798384 [2]:167 [3]:363
[0]:95074185 [1]:13849706 [2]:167 [3]:362
[0]:95283680 [1]:13898057 [2]:167 [3]:364
[0]:95503154 [1]:13948830 [2]:167 [3]:355
[0]:95717269 [1]:13998316 [2]:167 [3]:359
[0]:95914281 [1]:14043842 [2]:167 [3]:356
[0]:96112156 [1]:14089490 [2]:167 [3]:360
[0]:96310028 [1]:14135225 [2]:167 [3]:361
[0]:96503966 [1]:14180033 [2]:167 [3]:364
[0]:96724358 [1]:14230978 [2]:167 [3]:361
[0]:96918059 [1]:14275728 [2]:167 [3]:356
[0]:97112443 [1]:14320576 [2]:167 [3]:355
[0]:97310388 [1]:14366316 [2]:167 [3]:356
[0]:97503719 [1]:14411048 [2]:167 [3]:360
[0]:97704556 [1]:14457526 [2]:167 [3]:360
[0]:97898564 [1]:14502407 [2]:167 [3]:362
[0]:98093973 [1]:14547536 [2]:167 [3]:61
[0]:98350037 [1]:14606646 [2]:167 [3]:57
[0]:98541584 [1]:14650839 [2]:167 [3]:64
[0]:98739556 [1]:14696562 [2]:167 [3]:54
[0]:98938594 [1]:14742504 [2]:167 [3]:355
[0]:99131277 [1]:14787035 [2]:167 [3]:55
[0]:99329580 [1]:14832904 [2]:167 [3]:358
[0]:99528101 [1]:14878761 [2]:167 [3]:359
[0]:99747621 [1]:14929483 [2]:167 [3]:359
[0]:99945324 [1]:14975088 [2]:167 [3]:358
[0]:100143113 [1]:15020792 [2]:167 [3]:365
[0]:100340752 [1]:15066429 [2]:167 [3]:55
[0]:100538804 [1]:15112193 [2]:167 [3]:363
[0]:100729021 [1]:15156158 [2]:167 [3]:362
[0]:100926918 [1]:15201892 [2]:167 [3]:362
[0]:101128490 [1]:15248506 [2]:167 [3]:361
[0]:101326285 [1]:15294222 [2]:167 [3]:367
[0]:101520142 [1]:15339070 [2]:167 [3]:364
[0]:101714507 [1]:15383891 [2]:167 [3]:361
[0]:101913889 [1]:15429962 [2]:167 [3]:61
[0]:102124977 [1]:15478800 [2]:167 [3]:363
[0]:102326538 [1]:15525401 [2]:167 [3]:359
[0]:102520576 [1]:15570333 [2]:167 [3]:360
[0]:102732510 [1]:15619173 [2]:167 [3]:365
[0]:102934908 [1]:15665983 [2]:167 [3]:364
[0]:103138759 [1]:15713094 [2]:167 [3]:364
[0]:103334239 [1]:15758263 [2]:167 [3]:355
[0]:103528290 [1]:15803049 [2]:167 [3]:359
[0]:103719068 [1]:15847175 [2]:167 [3]:364
[0]:103918163 [1]:15893205 [2]:167 [3]:351
[0]:104111939 [1]:15938019 [2]:167 [3]:357
[0]:104312135 [1]:15984269 [2]:167 [3]:357
[0]:104510071 [1]:16029924 [2]:167 [3]:359
[0]:104711450 [1]:16076506 [2]:167 [3]:361
[0]:104901759 [1]:16120477 [2]:167 [3]:360
[0]:105106803 [1]:16167889 [2]:167 [3]:357
[0]:105304986 [1]:16213626 [2]:167 [3]:369
[0]:105530403 [1]:16265630 [2]:167 [3]:62
[0]:105730476 [1]:16311815 [2]:167 [3]:58
[0]:105928271 [1]:16357499 [2]:167 [3]:363
[0]:106129019 [1]:16403893 [2]:167 [3]:358
[0]:106324796 [1]:16449111 [2]:167 [3]:361
[0]:106529235 [1]:16496388 [2]:167 [3]:365
[0]:106734497 [1]:16543802 [2]:167 [3]:366
[0]:106928704 [1]:16588699 [2]:167 [3]:358
[0]:107120728 [1]:16633068 [2]:167 [3]:357
[0]:107324328 [1]:16680086 [2]:167 [3]:365
[0]:107526103 [1]:16726739 [2]:167 [3]:360
[0]:107727207 [1]:16773189 [2]:167 [3]:62
[0]:107936129 [1]:16821416 [2]:167 [3]:362
[0]:108156329 [1]:16872316 [2]:167 [3]:360
[0]:108350706 [1]:16917173 [2]:167 [3]:363
[0]:108547551 [1]:16962681 [2]:167 [3]:359
[0]:108742549 [1]:17007727 [2]:167 [3]:368
[0]:108940260 [1]:17053406 [2]:167 [3]:361
[0]:109134461 [1]:17098204 [2]:167 [3]:361
[0]:109339955 [1]:17145714 [2]:167 [3]:350
[0]:109533766 [1]:17190544 [2]:167 [3]:363
[0]:109727870 [1]:17235384 [2]:167 [3]:359
[0]:109926142 [1]:17281170 [2]:167 [3]:355
[0]:110112934 [1]:17324272 [2]:167 [3]:365
[0]:110306349 [1]:17368992 [2]:167 [3]:360
[0]:110496741 [1]:17412991 [2]:167 [3]:362
[0]:110753644 [1]:17472347 [2]:167 [3]:369
[0]:110985880 [1]:17525919 [2]:167 [3]:363
[0]:111198154 [1]:17574921 [2]:167 [3]:368
[0]:111407464 [1]:17623240 [2]:167 [3]:363
[0]:111599892 [1]:17667698 [2]:167 [3]:53
[0]:111791982 [1]:17712103 [2]:167 [3]:361
[0]:111987688 [1]:17757216 [2]:167 [3]:366
[0]:112179999 [1]:17801717 [2]:167 [3]:358
[0]:112372424 [1]:17846226 [2]:167 [3]:364
[0]:112557057 [1]:17888868 [2]:167 [3]:362
[0]:112754241 [1]:17934459 [2]:167 [3]:357
[0]:112964054 [1]:17982849 [2]:167 [3]:363
[0]:113155239 [1]:18027002 [2]:167 [3]:366
[0]:113345994 [1]:18071066 [2]:167 [3]:59
[0]:113542499 [1]:18116461 [2]:167 [3]:357
[0]:113732907 [1]:18160476 [2]:167 [3]:363
[0]:113938138 [1]:18207822 [2]:167 [3]:366
[0]:114132164 [1]:18252644 [2]:167 [3]:364
[0]:114332142 [1]:18298869 [2]:167 [3]:361
[0]:114565033 [1]:18352677 [2]:167 [3]:360
[0]:114811282 [1]:18409474 [2]:167 [3]:359
[0]:115001922 [1]:18453536 [2]:167 [3]:58
[0]:115194364 [1]:18498016 [2]:167 [3]:361
[0]:115386814 [1]:18542470 [2]:167 [3]:362
[0]:115586615 [1]:18588595 [2]:167 [3]:355
[0]:115779020 [1]:18632987 [2]:167 [3]:358
[0]:115983387 [1]:18680287 [2]:167 [3]:63
[0]:116195266 [1]:18729229 [2]:167 [3]:359
[0]:116397695 [1]:18776005 [2]:167 [3]:367
[0]:116591848 [1]:18820790 [2]:167 [3]:360
[0]:116783534 [1]:18865072 [2]:167 [3]:356
[0]:116983703 [1]:18911241 [2]:167 [3]:361
[0]:117191385 [1]:18959272 [2]:167 [3]:357
[0]:117424549 [1]:19013156 [2]:167 [3]:59
[0]:117625608 [1]:19059522 [2]:167 [3]:59
[0]:117823357 [1]:19105242 [2]:167 [3]:362
[0]:118017537 [1]:19150105 [2]:167 [3]:365
[0]:118218497 [1]:19196574 [2]:167 [3]:364
[0]:118458101 [1]:19251832 [2]:167 [3]:365
[0]:118649331 [1]:19296027 [2]:167 [3]:361
[0]:118842436 [1]:19340640 [2]:167 [3]:362
[0]:119036462 [1]:19385491 [2]:167 [3]:355
[0]:119230649 [1]:19430338 [2]:167 [3]:364
