[0]:183832770 [1]:32426092 [2]:149 [3]:54
[0]:184038073 [1]:32473528 [2]:149 [3]:358
[0]:184235895 [1]:32519267 [2]:149 [3]:357
[0]:184429568 [1]:32563910 [2]:149 [3]:353
[0]:184627997 [1]:32609746 [2]:149 [3]:364
[0]:184818156 [1]:32653670 [2]:149 [3]:361
[0]:185012250 [1]:32698514 [2]:149 [3]:352
[0]:185221037 [1]:32746734 [2]:149 [3]:365
[0]:185415363 [1]:32791533 [2]:149 [3]:58
[0]:185619966 [1]:32838820 [2]:149 [3]:364
[0]:185820730 [1]:32885266 [2]:149 [3]:367
[0]:186012503 [1]:32929588 [2]:149 [3]:362
[0]:186202585 [1]:32973489 [2]:149 [3]:364
[0]:186400740 [1]:33019267 [2]:149 [3]:366
[0]:186643418 [1]:33075369 [2]:149 [3]:355
[0]:186833622 [1]:33119355 [2]:149 [3]:357
[0]:187029703 [1]:33164681 [2]:149 [3]:360
[0]:187225599 [1]:33209867 [2]:149 [3]:66
[0]:187421115 [1]:33255070 [2]:149 [3]:365
[0]:187609818 [1]:33298687 [2]:149 [3]:365
[0]:187825187 [1]:33348401 [2]:150 [3]:358
[0]:188013138 [1]:33391799 [2]:150 [3]:61
[0]:188236842 [1]:33443447 [2]:150 [3]:62
[0]:188431169 [1]:33488322 [2]:150 [3]:363
[0]:188632648 [1]:33534919 [2]:150 [3]:357
[0]:188853108 [1]:33585865 [2]:150 [3]:358
[0]:189054434 [1]:33632320 [2]:150 [3]:364
[0]:189248437 [1]:33677102 [2]:150 [3]:356
[0]:189476416 [1]:33729800 [2]:150 [3]:361
[0]:189677724 [1]:33776331 [2]:150 [3]:55
[0]:189871844 [1]:33821136 [2]:150 [3]:364
[0]:190069823 [1]:33866797 [2]:150 [3]:360
[0]:190263729 [1]:33911623 [2]:150 [3]:356
[0]:190475036 [1]:33960447 [2]:150 [3]:362
[0]:190662827 [1]:34003842 [2]:150 [3]:366
[0]:190857228 [1]:34048727 [2]:150 [3]:360
[0]:191055084 [1]:34094509 [2]:150 [3]:361
[0]:191259823 [1]:34141858 [2]:150 [3]:367
[0]:191454360 [1]:34186793 [2]:150 [3]:369
[0]:191648427 [1]:34231640 [2]:150 [3]:356
[0]:191846188 [1]:34277344 [2]:150 [3]:360
[0]:192075221 [1]:34330323 [2]:150 [3]:362
[0]:192267326 [1]:34374741 [2]:150 [3]:358
[0]:192458381 [1]:34418948 [2]:150 [3]:367
[0]:192647935 [1]:34462749 [2]:150 [3]:361
[0]:192842725 [1]:34507699 [2]:150 [3]:361
[0]:193043257 [1]:34554094 [2]:150 [3]:358
[0]:193266872 [1]:34605727 [2]:150 [3]:359
[0]:193465916 [1]:34651753 [2]:150 [3]:360
[0]:193663850 [1]:34697439 [2]:150 [3]:359
[0]:193863489 [1]:34743776 [2]:150 [3]:357
[0]:194085468 [1]:34795075 [2]:150 [3]:64
[0]:194283264 [1]:34840816 [2]:150 [3]:366
[0]:194473528 [1]:34884798 [2]:150 [3]:357
[0]:194680320 [1]:34932515 [2]:150 [3]:354
[0]:194886936 [1]:34980277 [2]:150 [3]:356
[0]:195089747 [1]:35027133 [2]:150 [3]:356
[0]:195301044 [1]:35076008 [2]:150 [3]:356
[0]:195496214 [1]:35121137 [2]:150 [3]:357
[0]:195701627 [1]:35168496 [2]:150 [3]:365
[0]:195895472 [1]:35213267 [2]:150 [3]:354
[0]:196089578 [1]:35258132 [2]:150 [3]:366
[0]:196283758 [1]:35303016 [2]:150 [3]:60
[0]:196489227 [1]:35350491 [2]:150 [3]:363
[0]:196686594 [1]:35396152 [2]:150 [3]:54
[0]:196910879 [1]:35448026 [2]:150 [3]:356
[0]:197103053 [1]:35492404 [2]:150 [3]:362
[0]:197321400 [1]:35542845 [2]:150 [3]:361
[0]:197541797 [1]:35593709 [2]:150 [3]:356
[0]:197741360 [1]:35639857 [2]:150 [3]:361
[0]:197937400 [1]:35685156 [2]:150 [3]:362
[0]:198127635 [1]:35729141 [2]:150 [3]:360
[0]:198329044 [1]:35775587 [2]:150 [3]:359
[0]:198556873 [1]:35828217 [2]:150 [3]:364
[0]:198762252 [1]:35875637 [2]:150 [3]:365
[0]:198963750 [1]:35922176 [2]:150 [3]:364
[0]:199164859 [1]:35968654 [2]:150 [3]:363
[0]:199355546 [1]:36012664 [2]:150 [3]:355
[0]:199549427 [1]:36057493 [2]:150 [3]:358
[0]:199777476 [1]:36110179 [2]:150 [3]:363
[0]:199965266 [1]:36153583 [2]:150 [3]:360
[0]:200161224 [1]:36198864 [2]:150 [3]:357
[0]:200355951 [1]:36243824 [2]:150 [3]:367
[0]:200549976 [1]:36288611 [2]:150 [3]:49
[0]:200759018 [1]:36336946 [2]:150 [3]:59
[0]:200952034 [1]:36381514 [2]:150 [3]:360
[0]:201009259 [1]:36394719 [2]:150 [3]:367
[0]:201009259 [1]:36394719 [2]:150 [3]:367
