[0]:715675011 [1]:452983044 [2]:7 [3]:16
[0]:716827930 [1]:454005304 [2]:7 [3]:9
[0]:718573373 [1]:455548684 [2]:7 [3]:12
[0]:719941715 [1]:456756563 [2]:7 [3]:13
[0]:721331950 [1]:457988666 [2]:7 [3]:19
[0]:722748550 [1]:459240577 [2]:7 [3]:19
[0]:724171218 [1]:460500421 [2]:7 [3]:17
[0]:725426022 [1]:461611710 [2]:7 [3]:47
[0]:726677968 [1]:462716829 [2]:7 [3]:16
[0]:727790904 [1]:463697212 [2]:7 [3]:15
[0]:729069636 [1]:464830278 [2]:7 [3]:52
[0]:730185357 [1]:465822306 [2]:7 [3]:61
[0]:731321657 [1]:466827218 [2]:7 [3]:55
[0]:732459739 [1]:467831438 [2]:7 [3]:18
[0]:733523780 [1]:468776757 [2]:7 [3]:14
[0]:734659436 [1]:469782656 [2]:7 [3]:59
[0]:735772316 [1]:470767670 [2]:7 [3]:16
[0]:736941741 [1]:471805348 [2]:7 [3]:14
[0]:738057869 [1]:472790076 [2]:7 [3]:18
[0]:739219863 [1]:473817408 [2]:7 [3]:17
[0]:740368565 [1]:474837019 [2]:7 [3]:16
[0]:741691233 [1]:476011605 [2]:7 [3]:18
[0]:743068345 [1]:477226926 [2]:7 [3]:9
[0]:744422912 [1]:478427780 [2]:7 [3]:17
[0]:745653110 [1]:479517625 [2]:7 [3]:13
[0]:746874582 [1]:480595872 [2]:7 [3]:18
[0]:748071706 [1]:481651957 [2]:7 [3]:15
[0]:749222244 [1]:482671421 [2]:7 [3]:14
[0]:750359204 [1]:483676728 [2]:7 [3]:57
[0]:751502475 [1]:484691894 [2]:7 [3]:13
[0]:752633181 [1]:485698506 [2]:7 [3]:60
[0]:753746182 [1]:486680812 [2]:7 [3]:16
[0]:754862923 [1]:487667125 [2]:7 [3]:15
[0]:755994854 [1]:488663603 [2]:7 [3]:18
[0]:757148609 [1]:489686349 [2]:7 [3]:56
[0]:758270634 [1]:490682530 [2]:7 [3]:55
[0]:759408155 [1]:491687528 [2]:7 [3]:13
[0]:760773619 [1]:492897293 [2]:7 [3]:53
[0]:762138759 [1]:494100007 [2]:7 [3]:15
[0]:763439523 [1]:495250164 [2]:7 [3]:16
[0]:764632084 [1]:496307832 [2]:7 [3]:17
[0]:765787890 [1]:497335358 [2]:7 [3]:15
[0]:766929099 [1]:498338383 [2]:7 [3]:57
[0]:768051571 [1]:499333840 [2]:7 [3]:20
[0]:769155768 [1]:500309221 [2]:7 [3]:15
[0]:770291475 [1]:501314672 [2]:7 [3]:16
[0]:771475630 [1]:502364366 [2]:7 [3]:55
[0]:772639061 [1]:503392212 [2]:7 [3]:20
[0]:773802941 [1]:504422540 [2]:7 [3]:15
[0]:774949746 [1]:505436459 [2]:7 [3]:63
[0]:776097360 [1]:506452766 [2]:7 [3]:17
[0]:777210442 [1]:507443752 [2]:7 [3]:15
[0]:778322935 [1]:508425471 [2]:7 [3]:23
[0]:779499312 [1]:509467514 [2]:7 [3]:21
[0]:780819662 [1]:510637489 [2]:7 [3]:48
[0]:782235920 [1]:511890252 [2]:7 [3]:15
[0]:783691535 [1]:513178005 [2]:7 [3]:20
[0]:785023362 [1]:514358849 [2]:7 [3]:58
[0]:786297071 [1]:515478719 [2]:7 [3]:13
[0]:787457873 [1]:516507149 [2]:7 [3]:20
[0]:788577253 [1]:517493279 [2]:7 [3]:14
[0]:789690002 [1]:518481092 [2]:7 [3]:20
[0]:790802972 [1]:519463338 [2]:7 [3]:23
[0]:791916053 [1]:520446111 [2]:7 [3]:14
[0]:793029379 [1]:521426380 [2]:7 [3]:18
[0]:794165545 [1]:522431311 [2]:7 [3]:20
[0]:795302519 [1]:523445425 [2]:7 [3]:52
[0]:796453385 [1]:524457765 [2]:7 [3]:15
[0]:797674647 [1]:525540404 [2]:7 [3]:15
[0]:798764698 [1]:526504150 [2]:7 [3]:17
[0]:799876068 [1]:527488512 [2]:7 [3]:14
[0]:801076978 [1]:528544580 [2]:7 [3]:16
[0]:802173226 [1]:529520081 [2]:7 [3]:18
[0]:803395330 [1]:530605744 [2]:7 [3]:17
[0]:804770040 [1]:531818260 [2]:7 [3]:11
[0]:806047568 [1]:532950102 [2]:7 [3]:52
[0]:807273916 [1]:534028602 [2]:7 [3]:20
[0]:808709759 [1]:535299210 [2]:7 [3]:20
[0]:809794091 [1]:536262807 [2]:7 [3]:47
[0]:810952659 [1]:537285976 [2]:7 [3]:17
[0]:812153432 [1]:538353871 [2]:7 [3]:15
[0]:813321169 [1]:539391523 [2]:7 [3]:19
[0]:814485768 [1]:540415781 [2]:7 [3]:19
[0]:815637742 [1]:541440396 [2]:7 [3]:15
[0]:816768365 [1]:542441752 [2]:7 [3]:21
[0]:817920260 [1]:543458955 [2]:7 [3]:52
[0]:819032644 [1]:544442396 [2]:7 [3]:20
[0]:820193071 [1]:545465491 [2]:7 [3]:21
[0]:821298684 [1]:546447644 [2]:7 [3]:53
[0]:822530310 [1]:547534772 [2]:7 [3]:16
[0]:824004848 [1]:548840833 [2]:7 [3]:17
[0]:825315016 [1]:549999703 [2]:7 [3]:58
[0]:826489890 [1]:551040533 [2]:7 [3]:18
[0]:827646748 [1]:552061781 [2]:7 [3]:54
[0]:828766116 [1]:553050004 [2]:7 [3]:52
[0]:829918019 [1]:554068801 [2]:7 [3]:17
[0]:831033937 [1]:555050888 [2]:7 [3]:16
[0]:832125220 [1]:556016869 [2]:7 [3]:17
[0]:833210188 [1]:556975484 [2]:7 [3]:18
[0]:834369576 [1]:557999148 [2]:7 [3]:56
[0]:835481917 [1]:558982943 [2]:7 [3]:19
[0]:836594934 [1]:559973673 [2]:7 [3]:12
[0]:837682231 [1]:560933520 [2]:7 [3]:17
[0]:838892478 [1]:562005401 [2]:7 [3]:17
[0]:840053575 [1]:563030380 [2]:7 [3]:52
[0]:841163108 [1]:564009323 [2]:7 [3]:56
[0]:842422762 [1]:565123362 [2]:7 [3]:17
[0]:843736496 [1]:566284850 [2]:7 [3]:15
[0]:845087075 [1]:567477709 [2]:7 [3]:16
[0]:846369586 [1]:568610484 [2]:7 [3]:17
[0]:847629133 [1]:569719328 [2]:7 [3]:56
[0]:848813769 [1]:570771908 [2]:7 [3]:57
[0]:850070139 [1]:571889776 [2]:7 [3]:13
[0]:851206378 [1]:572887199 [2]:7 [3]:18
[0]:852319849 [1]:573871028 [2]:7 [3]:20
[0]:853384864 [1]:574814361 [2]:7 [3]:21
[0]:854514698 [1]:575809766 [2]:7 [3]:20
[0]:855661358 [1]:576824053 [2]:7 [3]:15
[0]:856799268 [1]:577829483 [2]:7 [3]:19
[0]:857900438 [1]:578805682 [2]:7 [3]:17
[0]:859071744 [1]:579840029 [2]:7 [3]:14
[0]:860257589 [1]:580891329 [2]:7 [3]:15
[0]:861394979 [1]:581899523 [2]:7 [3]:16
[0]:862507055 [1]:582886672 [2]:7 [3]:17
[0]:863665992 [1]:583911845 [2]:7 [3]:13
[0]:864825418 [1]:584938665 [2]:7 [3]:51
[0]:866180224 [1]:586134948 [2]:7 [3]:19
[0]:867601940 [1]:587392106 [2]:7 [3]:15
[0]:868951801 [1]:588585498 [2]:7 [3]:55
[0]:870222143 [1]:589708156 [2]:7 [3]:20
[0]:871522189 [1]:590856683 [2]:7 [3]:11
[0]:872715365 [1]:591912376 [2]:7 [3]:19
[0]:873804607 [1]:592878699 [2]:7 [3]:17
[0]:874917757 [1]:593864612 [2]:7 [3]:16
[0]:876030695 [1]:594850101 [2]:7 [3]:54
[0]:877143981 [1]:595833965 [2]:7 [3]:13
[0]:878219946 [1]:596789856 [2]:7 [3]:54
[0]:879345974 [1]:597784086 [2]:7 [3]:20
[0]:880494512 [1]:598802407 [2]:7 [3]:18
[0]:881623543 [1]:599798447 [2]:7 [3]:52
[0]:882817805 [1]:600855345 [2]:7 [3]:17
[0]:883907172 [1]:601822115 [2]:7 [3]:55
[0]:885029037 [1]:602813208 [2]:7 [3]:16
[0]:886114639 [1]:603773803 [2]:7 [3]:57
[0]:887236248 [1]:604771129 [2]:7 [3]:50
[0]:888534299 [1]:605920783 [2]:7 [3]:15
[0]:889866097 [1]:607100369 [2]:7 [3]:18
[0]:891210736 [1]:608286429 [2]:7 [3]:15
[0]:892617982 [1]:609532481 [2]:7 [3]:17
[0]:894027579 [1]:610778006 [2]:7 [3]:12
[0]:895306744 [1]:611908449 [2]:7 [3]:18
[0]:896617745 [1]:613067824 [2]:7 [3]:12
[0]:898085931 [1]:614365148 [2]:7 [3]:16
[0]:899325568 [1]:615459324 [2]:7 [3]:14
[0]:900579998 [1]:616575463 [2]:7 [3]:18
[0]:901804696 [1]:617655623 [2]:7 [3]:19
[0]:903050891 [1]:618758336 [2]:7 [3]:18
[0]:904239315 [1]:619808045 [2]:7 [3]:15
[0]:905557586 [1]:620973569 [2]:7 [3]:18
[0]:906778891 [1]:622056266 [2]:7 [3]:17
[0]:908058356 [1]:623184186 [2]:7 [3]:21
[0]:909318218 [1]:624296200 [2]:7 [3]:15
[0]:910537927 [1]:625375053 [2]:7 [3]:13
[0]:911683794 [1]:626395280 [2]:7 [3]:16
[0]:912798510 [1]:627382850 [2]:7 [3]:58
[0]:913934241 [1]:628386122 [2]:7 [3]:14
[0]:915047209 [1]:629374958 [2]:7 [3]:17
[0]:916134101 [1]:630338391 [2]:7 [3]:13
[0]:917226629 [1]:631308719 [2]:7 [3]:23
[0]:918733102 [1]:632640229 [2]:7 [3]:58
[0]:919857438 [1]:633643119 [2]:7 [3]:17
[0]:920993077 [1]:634648266 [2]:7 [3]:20
[0]:922107138 [1]:635631642 [2]:7 [3]:15
[0]:923243745 [1]:636633617 [2]:7 [3]:21
[0]:924356509 [1]:637620258 [2]:7 [3]:17
[0]:925492854 [1]:638622825 [2]:7 [3]:10
[0]:926565910 [1]:639571493 [2]:7 [3]:15
[0]:928080975 [1]:640917814 [2]:7 [3]:18
[0]:929543611 [1]:642215113 [2]:7 [3]:48
[0]:930789368 [1]:643312007 [2]:7 [3]:19
[0]:932195075 [1]:644560499 [2]:7 [3]:18
[0]:933329873 [1]:645560590 [2]:7 [3]:15
[0]:934446170 [1]:646550524 [2]:7 [3]:19
[0]:935510490 [1]:647496524 [2]:7 [3]:16
[0]:936623954 [1]:648480054 [2]:7 [3]:16
[0]:938123367 [1]:649807316 [2]:7 [3]:17
[0]:939217410 [1]:650772690 [2]:7 [3]:61
[0]:940300673 [1]:651733392 [2]:7 [3]:14
[0]:941406680 [1]:652708094 [2]:7 [3]:15
[0]:942549526 [1]:653720507 [2]:7 [3]:25
[0]:943663322 [1]:654702462 [2]:7 [3]:13
[0]:944772554 [1]:655686702 [2]:7 [3]:16
[0]:946117150 [1]:656875989 [2]:7 [3]:12
[0]:947453325 [1]:658056142 [2]:7 [3]:16
[0]:948808610 [1]:659260063 [2]:7 [3]:22
[0]:950116423 [1]:660415309 [2]:7 [3]:18
[0]:951326634 [1]:661483461 [2]:7 [3]:14
[0]:952511758 [1]:662534162 [2]:7 [3]:16
[0]:953647984 [1]:663542034 [2]:7 [3]:20
[0]:954761565 [1]:664533992 [2]:7 [3]:17
[0]:955874665 [1]:665514562 [2]:7 [3]:57
[0]:957057457 [1]:666558806 [2]:7 [3]:16
[0]:958195070 [1]:667567199 [2]:7 [3]:50
[0]:959320799 [1]:668563926 [2]:7 [3]:20
[0]:960439961 [1]:669559395 [2]:7 [3]:16
[0]:961555964 [1]:670543961 [2]:7 [3]:19
[0]:962691172 [1]:671549129 [2]:7 [3]:25
[0]:963781857 [1]:672513611 [2]:7 [3]:53
[0]:964894274 [1]:673497864 [2]:7 [3]:59
[0]:966344407 [1]:674780138 [2]:7 [3]:20
[0]:967722530 [1]:676000636 [2]:7 [3]:16
[0]:968966101 [1]:676979091 [2]:7 [3]:11
