[0]:15082226 [1]:1223600 [2]:114 [3]:375
[0]:15288035 [1]:1238471 [2]:114 [3]:369
[0]:15513136 [1]:1254914 [2]:114 [3]:83
[0]:15718517 [1]:1269856 [2]:114 [3]:356
[0]:15951379 [1]:1286849 [2]:114 [3]:77
[0]:16168714 [1]:1302507 [2]:114 [3]:91
[0]:16389926 [1]:1318602 [2]:114 [3]:353
[0]:16598779 [1]:1334381 [2]:109 [3]:359
[0]:16811471 [1]:1349855 [2]:109 [3]:108
[0]:17010753 [1]:1364341 [2]:109 [3]:90
[0]:17237041 [1]:1380956 [2]:109 [3]:96
[0]:17443757 [1]:1395983 [2]:109 [3]:103
[0]:17656976 [1]:1411706 [2]:109 [3]:84
[0]:17874937 [1]:1427352 [2]:109 [3]:82
[0]:18099812 [1]:1443594 [2]:109 [3]:359
[0]:18312970 [1]:1459168 [2]:109 [3]:100
[0]:18518267 [1]:1474236 [2]:109 [3]:358
[0]:18777056 [1]:1493006 [2]:109 [3]:81
[0]:19016100 [1]:1510505 [2]:109 [3]:88
[0]:19225379 [1]:1525637 [2]:109 [3]:100
[0]:19445523 [1]:1541583 [2]:109 [3]:352
[0]:19655855 [1]:1556967 [2]:109 [3]:83
[0]:19894500 [1]:1574389 [2]:109 [3]:359
[0]:20097487 [1]:1588904 [2]:109 [3]:365
[0]:20323192 [1]:1605242 [2]:109 [3]:91
[0]:20559833 [1]:1622694 [2]:109 [3]:89
[0]:20769775 [1]:1638175 [2]:109 [3]:98
[0]:20979036 [1]:1653363 [2]:109 [3]:102
[0]:21184638 [1]:1668307 [2]:109 [3]:385
[0]:21407886 [1]:1684513 [2]:109 [3]:71
[0]:21615288 [1]:1699578 [2]:109 [3]:89
[0]:21820910 [1]:1714418 [2]:109 [3]:375
[0]:22030261 [1]:1729565 [2]:109 [3]:378
[0]:22243480 [1]:1745303 [2]:109 [3]:85
[0]:22453033 [1]:1760391 [2]:109 [3]:93
[0]:22660827 [1]:1775490 [2]:109 [3]:372
[0]:22875658 [1]:1791219 [2]:109 [3]:346
[0]:23088752 [1]:1806865 [2]:105 [3]:81
[0]:23294242 [1]:1821862 [2]:105 [3]:364
[0]:23499013 [1]:1837062 [2]:105 [3]:101
[0]:23724145 [1]:1853491 [2]:105 [3]:79
[0]:23929526 [1]:1868388 [2]:105 [3]:78
[0]:24206182 [1]:1888508 [2]:105 [3]:91
[0]:24419072 [1]:1903880 [2]:105 [3]:371
[0]:24628754 [1]:1919293 [2]:105 [3]:389
[0]:24838439 [1]:1934574 [2]:105 [3]:369
[0]:25038599 [1]:1949149 [2]:105 [3]:93
[0]:25259997 [1]:1965144 [2]:105 [3]:90
[0]:25474179 [1]:1980727 [2]:105 [3]:89
[0]:25687674 [1]:1996116 [2]:105 [3]:71
[0]:25905296 [1]:2011692 [2]:105 [3]:364
[0]:26109355 [1]:2026471 [2]:105 [3]:371
[0]:26312204 [1]:2041202 [2]:105 [3]:98
[0]:26536726 [1]:2057467 [2]:105 [3]:361
[0]:26746184 [1]:2073005 [2]:105 [3]:355
[0]:26951727 [1]:2088017 [2]:105 [3]:103
[0]:27169039 [1]:2103867 [2]:105 [3]:95
[0]:27370707 [1]:2118309 [2]:105 [3]:98
[0]:27603924 [1]:2135172 [2]:105 [3]:74
[0]:27830082 [1]:2151542 [2]:105 [3]:97
[0]:28030677 [1]:2166012 [2]:105 [3]:74
[0]:28244171 [1]:2181448 [2]:105 [3]:79
[0]:28453291 [1]:2196779 [2]:105 [3]:93
[0]:28658713 [1]:2211772 [2]:105 [3]:87
[0]:28900855 [1]:2229166 [2]:105 [3]:351
[0]:29117050 [1]:2244795 [2]:105 [3]:94
[0]:29338721 [1]:2260821 [2]:105 [3]:89
[0]:29560163 [1]:2276761 [2]:101 [3]:358
[0]:29771754 [1]:2291993 [2]:101 [3]:82
[0]:29994359 [1]:2308022 [2]:101 [3]:360
[0]:30194411 [1]:2323219 [2]:101 [3]:361
[0]:30420877 [1]:2339661 [2]:101 [3]:93
[0]:30625039 [1]:2354572 [2]:101 [3]:372
