[0]:0 [1]:0 [2]:0 [3]:0
[0]:2647 [1]:0 [2]:0 [3]:316
[0]:239610 [1]:0 [2]:0 [3]:331
[0]:476591 [1]:0 [2]:0 [3]:316
[0]:695990 [1]:0 [2]:0 [3]:323
[0]:926892 [1]:0 [2]:0 [3]:96
[0]:1144812 [1]:10818 [2]:121 [3]:360
[0]:1340509 [1]:33008 [2]:121 [3]:63
[0]:1542720 [1]:55705 [2]:121 [3]:367
[0]:1748263 [1]:78761 [2]:121 [3]:55
[0]:1965481 [1]:103388 [2]:121 [3]:370
[0]:2164042 [1]:125657 [2]:121 [3]:63
[0]:2377887 [1]:149885 [2]:121 [3]:63
[0]:2572568 [1]:171855 [2]:121 [3]:56
[0]:2774928 [1]:194585 [2]:98 [3]:359
[0]:2976879 [1]:217278 [2]:98 [3]:373
[0]:3179131 [1]:240009 [2]:98 [3]:75
[0]:3374889 [1]:262075 [2]:98 [3]:362
[0]:3568416 [1]:284002 [2]:98 [3]:364
[0]:3797137 [1]:309885 [2]:98 [3]:355
[0]:3995738 [1]:332197 [2]:98 [3]:61
[0]:4212964 [1]:356666 [2]:87 [3]:359
[0]:4415206 [1]:379326 [2]:87 [3]:69
[0]:4609956 [1]:401267 [2]:87 [3]:363
[0]:4804635 [1]:423251 [2]:87 [3]:371
[0]:5007067 [1]:446002 [2]:87 [3]:54
[0]:5209357 [1]:468735 [2]:87 [3]:60
[0]:5418936 [1]:492337 [2]:87 [3]:61
[0]:5613798 [1]:514263 [2]:87 [3]:61
[0]:5816144 [1]:536956 [2]:81 [3]:58
[0]:6018241 [1]:559500 [2]:81 [3]:59
[0]:6218109 [1]:582115 [2]:81 [3]:61
[0]:6411651 [1]:603938 [2]:81 [3]:67
[0]:6673296 [1]:633475 [2]:81 [3]:57
[0]:6864939 [1]:654983 [2]:81 [3]:70
[0]:7067041 [1]:677717 [2]:81 [3]:72
[0]:7265784 [1]:700099 [2]:78 [3]:55
[0]:7464131 [1]:722524 [2]:78 [3]:366
[0]:7676721 [1]:746405 [2]:78 [3]:73
[0]:7868769 [1]:767979 [2]:78 [3]:66
[0]:8070516 [1]:790783 [2]:78 [3]:367
[0]:8272747 [1]:813589 [2]:78 [3]:359
[0]:8474854 [1]:836446 [2]:78 [3]:356
[0]:8665853 [1]:858075 [2]:78 [3]:52
[0]:8868224 [1]:880935 [2]:77 [3]:368
[0]:9065867 [1]:903218 [2]:77 [3]:372
[0]:9261163 [1]:925178 [2]:77 [3]:58
[0]:9520243 [1]:954297 [2]:77 [3]:66
[0]:9714746 [1]:976279 [2]:77 [3]:368
[0]:9971574 [1]:1005243 [2]:77 [3]:64
[0]:10173497 [1]:1028114 [2]:77 [3]:72
[0]:10369095 [1]:1050252 [2]:76 [3]:54
[0]:10565273 [1]:1072342 [2]:76 [3]:360
[0]:10762744 [1]:1094616 [2]:76 [3]:60
[0]:10961503 [1]:1116957 [2]:76 [3]:64
[0]:11169172 [1]:1140244 [2]:76 [3]:365
[0]:11376924 [1]:1163620 [2]:76 [3]:62
[0]:11573747 [1]:1185740 [2]:76 [3]:57
[0]:11774290 [1]:1208289 [2]:76 [3]:361
[0]:11980518 [1]:1231535 [2]:76 [3]:63
[0]:12176891 [1]:1253654 [2]:76 [3]:71
[0]:12369957 [1]:1275445 [2]:76 [3]:69
[0]:12646330 [1]:1306581 [2]:76 [3]:61
[0]:12853174 [1]:1329819 [2]:76 [3]:363
[0]:13054926 [1]:1352553 [2]:76 [3]:65
[0]:13257585 [1]:1375408 [2]:76 [3]:73
[0]:13462449 [1]:1398468 [2]:76 [3]:53
[0]:13660546 [1]:1420634 [2]:76 [3]:359
[0]:13860447 [1]:1443245 [2]:76 [3]:353
[0]:14060836 [1]:1465881 [2]:76 [3]:371
[0]:14257388 [1]:1488016 [2]:76 [3]:375
[0]:14456238 [1]:1510406 [2]:76 [3]:70
[0]:14707231 [1]:1538558 [2]:76 [3]:61
[0]:14899919 [1]:1560358 [2]:76 [3]:366
[0]:15099725 [1]:1582971 [2]:76 [3]:50
[0]:15298673 [1]:1605409 [2]:76 [3]:359
[0]:15507861 [1]:1628976 [2]:76 [3]:72
[0]:15712585 [1]:1651944 [2]:76 [3]:63
[0]:15924150 [1]:1675802 [2]:76 [3]:373
[0]:16118561 [1]:1697744 [2]:76 [3]:67
[0]:16315225 [1]:1719912 [2]:76 [3]:356
[0]:16548410 [1]:1746032 [2]:76 [3]:366
[0]:16756576 [1]:1769432 [2]:76 [3]:62
[0]:16955584 [1]:1791919 [2]:76 [3]:355
[0]:17197690 [1]:1819222 [2]:76 [3]:63
[0]:17414097 [1]:1843582 [2]:76 [3]:368
[0]:17615935 [1]:1866320 [2]:76 [3]:354
[0]:17881362 [1]:1896209 [2]:76 [3]:64
[0]:18092801 [1]:1920084 [2]:76 [3]:67
[0]:18287499 [1]:1942126 [2]:76 [3]:360
[0]:18478523 [1]:1963758 [2]:76 [3]:69
[0]:18696354 [1]:1988339 [2]:76 [3]:67
[0]:18908701 [1]:2012355 [2]:76 [3]:80
[0]:19106989 [1]:2034859 [2]:76 [3]:54
[0]:19309107 [1]:2057782 [2]:76 [3]:351
[0]:19511367 [1]:2080575 [2]:76 [3]:76
[0]:19698698 [1]:2101668 [2]:76 [3]:55
[0]:19904419 [1]:2124901 [2]:76 [3]:75
[0]:20102847 [1]:2147294 [2]:76 [3]:54
[0]:20308537 [1]:2170507 [2]:76 [3]:363
[0]:20504463 [1]:2192798 [2]:76 [3]:58
[0]:20697822 [1]:2214661 [2]:76 [3]:368
[0]:20896025 [1]:2237237 [2]:76 [3]:69
[0]:21098385 [1]:2260072 [2]:76 [3]:65
[0]:21285547 [1]:2281089 [2]:76 [3]:57
[0]:21483942 [1]:2303449 [2]:76 [3]:66
[0]:21731715 [1]:2331326 [2]:76 [3]:66
[0]:21930069 [1]:2353658 [2]:76 [3]:362
[0]:22133445 [1]:2376626 [2]:76 [3]:53
[0]:22326753 [1]:2398446 [2]:76 [3]:359
[0]:22521515 [1]:2420498 [2]:76 [3]:60
[0]:22721560 [1]:2442920 [2]:76 [3]:362
[0]:22911000 [1]:2464298 [2]:76 [3]:372
[0]:23116935 [1]:2487513 [2]:76 [3]:52
[0]:23309749 [1]:2509257 [2]:76 [3]:74
[0]:23502890 [1]:2530995 [2]:76 [3]:359
[0]:23722833 [1]:2556034 [2]:76 [3]:71
[0]:23921775 [1]:2578495 [2]:76 [3]:66
[0]:24123625 [1]:2601357 [2]:76 [3]:356
[0]:24322028 [1]:2623787 [2]:76 [3]:369
[0]:24516377 [1]:2645626 [2]:76 [3]:58
[0]:24723619 [1]:2669140 [2]:76 [3]:61
[0]:24936084 [1]:2693072 [2]:76 [3]:70
[0]:25130213 [1]:2714897 [2]:76 [3]:352
[0]:25325547 [1]:2736944 [2]:76 [3]:60
[0]:25520553 [1]:2758905 [2]:76 [3]:54
[0]:25726575 [1]:2782162 [2]:76 [3]:55
[0]:25926540 [1]:2804734 [2]:76 [3]:66
[0]:26124828 [1]:2827062 [2]:76 [3]:356
[0]:26325592 [1]:2849701 [2]:76 [3]:67
[0]:26533672 [1]:2873175 [2]:76 [3]:64
[0]:26734896 [1]:2895673 [2]:76 [3]:361
[0]:26931395 [1]:2917818 [2]:76 [3]:352
[0]:27139876 [1]:2941273 [2]:76 [3]:81
[0]:27333432 [1]:2963186 [2]:76 [3]:60
[0]:27527464 [1]:2985001 [2]:76 [3]:60
[0]:27730886 [1]:3007814 [2]:76 [3]:367
[0]:27935992 [1]:3030829 [2]:76 [3]:366
[0]:28130971 [1]:3052879 [2]:76 [3]:357
[0]:28332930 [1]:3075615 [2]:76 [3]:360
[0]:28534941 [1]:3098364 [2]:76 [3]:356
[0]:28726573 [1]:3119967 [2]:76 [3]:68
[0]:28923592 [1]:3142345 [2]:76 [3]:359
[0]:29115529 [1]:3164064 [2]:76 [3]:365
[0]:29347542 [1]:3190289 [2]:76 [3]:50
[0]:29538594 [1]:3211782 [2]:76 [3]:189
[0]:29741718 [1]:3234773 [2]:76 [3]:366
[0]:29965264 [1]:3260065 [2]:76 [3]:372
[0]:30185263 [1]:3285089 [2]:76 [3]:63
[0]:30443840 [1]:3314452 [2]:76 [3]:70
[0]:30660043 [1]:3338845 [2]:76 [3]:61
[0]:30852135 [1]:3360584 [2]:76 [3]:64
[0]:31057730 [1]:3383802 [2]:76 [3]:62
[0]:31252825 [1]:3405754 [2]:76 [3]:67
[0]:31456755 [1]:3428659 [2]:76 [3]:53
[0]:31643299 [1]:3449688 [2]:76 [3]:54
[0]:31904585 [1]:3479145 [2]:76 [3]:356
[0]:32095191 [1]:3500809 [2]:76 [3]:69
[0]:32296086 [1]:3523461 [2]:76 [3]:61
[0]:32484416 [1]:3544740 [2]:76 [3]:79
[0]:32686656 [1]:3567808 [2]:76 [3]:66
[0]:32880949 [1]:3589745 [2]:76 [3]:60
[0]:33099246 [1]:3614314 [2]:76 [3]:61
[0]:33289486 [1]:3635679 [2]:76 [3]:365
[0]:33487404 [1]:3658123 [2]:76 [3]:375
[0]:33673949 [1]:3679296 [2]:76 [3]:59
[0]:33869236 [1]:3701407 [2]:76 [3]:360
[0]:34071677 [1]:3724316 [2]:76 [3]:58
[0]:34263054 [1]:3745874 [2]:76 [3]:62
[0]:34460991 [1]:3768364 [2]:76 [3]:356
[0]:34659477 [1]:3790640 [2]:76 [3]:76
[0]:34858143 [1]:3812910 [2]:76 [3]:55
[0]:35056538 [1]:3835255 [2]:76 [3]:55
[0]:35266465 [1]:3858879 [2]:76 [3]:361
[0]:35461030 [1]:3880854 [2]:76 [3]:70
[0]:35651926 [1]:3902535 [2]:76 [3]:90
[0]:35851271 [1]:3925242 [2]:76 [3]:351
[0]:36048318 [1]:3947701 [2]:76 [3]:360
[0]:36243687 [1]:3978940 [2]:77 [3]:356
[0]:36436855 [1]:4012196 [2]:77 [3]:363
[0]:36634646 [1]:4046324 [2]:77 [3]:360
[0]:36840239 [1]:4081603 [2]:77 [3]:66
[0]:37034503 [1]:4114903 [2]:77 [3]:358
[0]:37227986 [1]:4148114 [2]:77 [3]:361
[0]:37426861 [1]:4182369 [2]:77 [3]:365
[0]:37636135 [1]:4218451 [2]:77 [3]:366
[0]:37841545 [1]:4253726 [2]:77 [3]:55
[0]:38036123 [1]:4287176 [2]:77 [3]:359
[0]:38290725 [1]:4330960 [2]:92 [3]:368
[0]:38506378 [1]:4368070 [2]:92 [3]:367
[0]:38698102 [1]:4400975 [2]:92 [3]:356
[0]:38904596 [1]:4429571 [2]:92 [3]:363
[0]:39113548 [1]:4452899 [2]:92 [3]:367
[0]:39319512 [1]:4475582 [2]:92 [3]:85
[0]:39529688 [1]:4498974 [2]:92 [3]:362
[0]:39736277 [1]:4521771 [2]:92 [3]:89
[0]:39960485 [1]:4546512 [2]:92 [3]:80
[0]:40166240 [1]:4569127 [2]:92 [3]:367
[0]:40378374 [1]:4592678 [2]:98 [3]:374
[0]:40589957 [1]:4616031 [2]:98 [3]:356
[0]:40804615 [1]:4639915 [2]:98 [3]:368
[0]:41021611 [1]:4663745 [2]:98 [3]:361
[0]:41223643 [1]:4686374 [2]:98 [3]:367
[0]:41421689 [1]:4708202 [2]:98 [3]:76
[0]:41628691 [1]:4731096 [2]:98 [3]:368
[0]:41827127 [1]:4753176 [2]:98 [3]:364
[0]:42056605 [1]:4778473 [2]:98 [3]:84
[0]:42267393 [1]:4801597 [2]:98 [3]:360
[0]:42467656 [1]:4823850 [2]:98 [3]:85
[0]:42680945 [1]:4847363 [2]:100 [3]:90
[0]:42885043 [1]:4870002 [2]:100 [3]:367
[0]:43129697 [1]:4896843 [2]:100 [3]:364
[0]:43327314 [1]:4919027 [2]:100 [3]:98
[0]:43533789 [1]:4941935 [2]:100 [3]:359
[0]:43787613 [1]:4970033 [2]:100 [3]:81
[0]:44047721 [1]:4998939 [2]:100 [3]:85
[0]:44252368 [1]:5021919 [2]:100 [3]:360
[0]:44457699 [1]:5044743 [2]:100 [3]:371
[0]:44659575 [1]:5066965 [2]:100 [3]:359
[0]:44867391 [1]:5089814 [2]:101 [3]:81
[0]:45070170 [1]:5112144 [2]:101 [3]:356
[0]:45278648 [1]:5135327 [2]:101 [3]:92
[0]:45489092 [1]:5158541 [2]:101 [3]:363
[0]:45704415 [1]:5182419 [2]:101 [3]:374
[0]:45913416 [1]:5205618 [2]:101 [3]:362
[0]:46120400 [1]:5228513 [2]:101 [3]:361
[0]:46324823 [1]:5251060 [2]:101 [3]:372
[0]:46539585 [1]:5274772 [2]:101 [3]:96
[0]:46744923 [1]:5297507 [2]:101 [3]:375
[0]:46950009 [1]:5320080 [2]:101 [3]:368
[0]:47151269 [1]:5342401 [2]:101 [3]:365
[0]:47354002 [1]:5364869 [2]:101 [3]:360
[0]:47560764 [1]:5387979 [2]:101 [3]:87
[0]:47768228 [1]:5410822 [2]:101 [3]:366
[0]:47971201 [1]:5433292 [2]:101 [3]:86
[0]:48176235 [1]:5455833 [2]:101 [3]:366
[0]:48380466 [1]:5478610 [2]:101 [3]:366
[0]:48586210 [1]:5501261 [2]:101 [3]:354
[0]:48798293 [1]:5525108 [2]:101 [3]:359
[0]:49035240 [1]:5551432 [2]:101 [3]:72
[0]:49240196 [1]:5574122 [2]:101 [3]:84
[0]:49452639 [1]:5597608 [2]:101 [3]:359
[0]:49662086 [1]:5620689 [2]:101 [3]:360
[0]:49894752 [1]:5646369 [2]:101 [3]:83
[0]:50119471 [1]:5671115 [2]:101 [3]:103
[0]:50320373 [1]:5693432 [2]:101 [3]:98
[0]:50525684 [1]:5716131 [2]:101 [3]:355
[0]:50738428 [1]:5739646 [2]:101 [3]:82
[0]:50955151 [1]:5763777 [2]:101 [3]:104
[0]:51159379 [1]:5786380 [2]:101 [3]:367
[0]:51360575 [1]:5808500 [2]:101 [3]:86
[0]:51577995 [1]:5832850 [2]:101 [3]:85
[0]:51790715 [1]:5856131 [2]:101 [3]:77
[0]:52008086 [1]:5880125 [2]:101 [3]:96
[0]:52224598 [1]:5904076 [2]:101 [3]:371
[0]:52433513 [1]:5927243 [2]:101 [3]:96
[0]:52642465 [1]:5950625 [2]:101 [3]:375
[0]:52851202 [1]:5973675 [2]:101 [3]:361
[0]:53067730 [1]:5998070 [2]:101 [3]:86
[0]:53288388 [1]:6022612 [2]:101 [3]:355
[0]:53497001 [1]:6045590 [2]:101 [3]:367
[0]:53705998 [1]:6068912 [2]:101 [3]:85
[0]:53962164 [1]:6097293 [2]:101 [3]:90
[0]:54169345 [1]:6119939 [2]:101 [3]:359
[0]:54423496 [1]:6148342 [2]:101 [3]:362
[0]:54632854 [1]:6171391 [2]:101 [3]:359
[0]:54837500 [1]:6193720 [2]:101 [3]:376
[0]:55049888 [1]:6217206 [2]:101 [3]:356
[0]:55259962 [1]:6240395 [2]:101 [3]:367
[0]:55472074 [1]:6263969 [2]:101 [3]:362
[0]:55693335 [1]:6288350 [2]:101 [3]:95
[0]:55896489 [1]:6310919 [2]:101 [3]:367
[0]:56122898 [1]:6335947 [2]:101 [3]:363
[0]:56328130 [1]:6358442 [2]:101 [3]:368
[0]:56533240 [1]:6380966 [2]:101 [3]:79
[0]:56755896 [1]:6405556 [2]:101 [3]:357
[0]:56967023 [1]:6428777 [2]:101 [3]:365
[0]:57178091 [1]:6452035 [2]:101 [3]:95
[0]:57400648 [1]:6476805 [2]:101 [3]:87
[0]:57625640 [1]:6501345 [2]:101 [3]:376
[0]:57834647 [1]:6524498 [2]:101 [3]:79
[0]:58039287 [1]:6547332 [2]:101 [3]:111
[0]:58244480 [1]:6569928 [2]:101 [3]:357
[0]:58449232 [1]:6592546 [2]:101 [3]:369
[0]:58659409 [1]:6615750 [2]:101 [3]:370
[0]:58869388 [1]:6639002 [2]:101 [3]:373
[0]:59076056 [1]:6661861 [2]:101 [3]:87
[0]:59296950 [1]:6686386 [2]:101 [3]:355
[0]:59509769 [1]:6709952 [2]:101 [3]:374
[0]:59718585 [1]:6733000 [2]:101 [3]:365
[0]:59927711 [1]:6756175 [2]:101 [3]:83
[0]:60132819 [1]:6778696 [2]:101 [3]:368
[0]:60345050 [1]:6802156 [2]:101 [3]:359
[0]:60550856 [1]:6824787 [2]:101 [3]:78
[0]:60765003 [1]:6848424 [2]:101 [3]:360
[0]:60979164 [1]:6872072 [2]:101 [3]:87
[0]:61198391 [1]:6896320 [2]:101 [3]:368
[0]:61405151 [1]:6919192 [2]:101 [3]:87
[0]:61615544 [1]:6942427 [2]:101 [3]:367
[0]:61824105 [1]:6965809 [2]:101 [3]:372
[0]:62029092 [1]:6988512 [2]:101 [3]:79
[0]:62257666 [1]:7013658 [2]:101 [3]:370
[0]:62463536 [1]:7036107 [2]:101 [3]:357
[0]:62670371 [1]:7058854 [2]:100 [3]:366
[0]:62890641 [1]:7083346 [2]:100 [3]:367
[0]:63097442 [1]:7106723 [2]:100 [3]:381
[0]:63301957 [1]:7129272 [2]:100 [3]:361
[0]:63503317 [1]:7151510 [2]:100 [3]:359
[0]:63747894 [1]:7178479 [2]:100 [3]:370
[0]:63959251 [1]:7201668 [2]:100 [3]:362
[0]:64166203 [1]:7224209 [2]:100 [3]:362
[0]:64373200 [1]:7246955 [2]:100 [3]:363
[0]:64592261 [1]:7271055 [2]:100 [3]:80
[0]:64805064 [1]:7294755 [2]:100 [3]:101
[0]:65018552 [1]:7318512 [2]:100 [3]:375
[0]:65222657 [1]:7341105 [2]:100 [3]:369
[0]:65427455 [1]:7363669 [2]:100 [3]:376
[0]:65633965 [1]:7386475 [2]:100 [3]:362
[0]:65837498 [1]:7408997 [2]:100 [3]:72
[0]:66042167 [1]:7431860 [2]:100 [3]:365
[0]:66249837 [1]:7454920 [2]:100 [3]:74
[0]:66452689 [1]:7477218 [2]:100 [3]:366
[0]:66675038 [1]:7501611 [2]:100 [3]:366
[0]:66894276 [1]:7525736 [2]:100 [3]:371
[0]:67100542 [1]:7548450 [2]:100 [3]:365
[0]:67308305 [1]:7571489 [2]:100 [3]:370
[0]:67521633 [1]:7594931 [2]:100 [3]:364
[0]:67730342 [1]:7618039 [2]:100 [3]:365
[0]:67946459 [1]:7642115 [2]:100 [3]:366
[0]:68156135 [1]:7665328 [2]:100 [3]:87
[0]:68354836 [1]:7687247 [2]:100 [3]:366
[0]:68577872 [1]:7711982 [2]:100 [3]:372
[0]:68779234 [1]:7734389 [2]:100 [3]:359
[0]:68987640 [1]:7757354 [2]:100 [3]:368
[0]:69202185 [1]:7781049 [2]:100 [3]:364
[0]:69409301 [1]:7803964 [2]:101 [3]:368
[0]:69606935 [1]:7825713 [2]:101 [3]:373
[0]:69811448 [1]:7848342 [2]:101 [3]:361
[0]:70012733 [1]:7870870 [2]:101 [3]:100
[0]:70260566 [1]:7898321 [2]:101 [3]:356
[0]:70461884 [1]:7920526 [2]:101 [3]:356
[0]:70666125 [1]:7943207 [2]:101 [3]:76
[0]:70871823 [1]:7966137 [2]:101 [3]:367
[0]:71080868 [1]:7989054 [2]:101 [3]:98
[0]:71289798 [1]:8012194 [2]:101 [3]:97
[0]:71486808 [1]:8034098 [2]:101 [3]:77
[0]:71684868 [1]:8055894 [2]:101 [3]:83
[0]:71892710 [1]:8079084 [2]:101 [3]:370
[0]:72097775 [1]:8101723 [2]:101 [3]:72
[0]:72310742 [1]:8125271 [2]:101 [3]:356
[0]:72515740 [1]:8147911 [2]:101 [3]:83
[0]:72724698 [1]:8170964 [2]:101 [3]:364
[0]:72933234 [1]:8193973 [2]:101 [3]:370
[0]:73149432 [1]:8217907 [2]:101 [3]:359
[0]:73354023 [1]:8240505 [2]:101 [3]:76
[0]:73560492 [1]:8263404 [2]:101 [3]:366
[0]:73793213 [1]:8289141 [2]:101 [3]:359
[0]:74025727 [1]:8314830 [2]:100 [3]:358
[0]:74226655 [1]:8337134 [2]:100 [3]:371
[0]:74423942 [1]:8358744 [2]:100 [3]:360
[0]:74646936 [1]:8383468 [2]:100 [3]:370
[0]:74861571 [1]:8407289 [2]:100 [3]:102
[0]:75090199 [1]:8432572 [2]:100 [3]:358
[0]:75319852 [1]:8457744 [2]:100 [3]:367
[0]:75537091 [1]:8481776 [2]:100 [3]:366
[0]:75744509 [1]:8504777 [2]:100 [3]:370
[0]:75953509 [1]:8527888 [2]:100 [3]:93
[0]:76161113 [1]:8550775 [2]:101 [3]:81
[0]:76395070 [1]:8576863 [2]:101 [3]:84
[0]:76608170 [1]:8600404 [2]:101 [3]:364
[0]:76811702 [1]:8622961 [2]:101 [3]:362
[0]:77029519 [1]:8647117 [2]:101 [3]:358
[0]:77266322 [1]:8673307 [2]:101 [3]:371
[0]:77475380 [1]:8696344 [2]:101 [3]:91
[0]:77733846 [1]:8725117 [2]:101 [3]:85
[0]:77936220 [1]:8747415 [2]:101 [3]:367
[0]:78147252 [1]:8770543 [2]:101 [3]:80
[0]:78375055 [1]:8795561 [2]:101 [3]:85
[0]:78576862 [1]:8817969 [2]:101 [3]:364
[0]:78790209 [1]:8841434 [2]:101 [3]:367
[0]:79067956 [1]:8872180 [2]:101 [3]:89
[0]:79272864 [1]:8894958 [2]:101 [3]:88
[0]:79488609 [1]:8918798 [2]:101 [3]:82
[0]:79701728 [1]:8942236 [2]:101 [3]:80
[0]:79907943 [1]:8965082 [2]:101 [3]:82
[0]:80139298 [1]:8991886 [2]:101 [3]:357
[0]:80351309 [1]:9028263 [2]:101 [3]:74
[0]:80550541 [1]:9062421 [2]:101 [3]:368
[0]:80744782 [1]:9095707 [2]:101 [3]:349
[0]:80931665 [1]:9127839 [2]:101 [3]:358
[0]:81137011 [1]:9163094 [2]:101 [3]:357
[0]:81335032 [1]:9196927 [2]:101 [3]:61
[0]:81533049 [1]:9230978 [2]:101 [3]:364
[0]:81735172 [1]:9265651 [2]:101 [3]:60
[0]:81933069 [1]:9299710 [2]:101 [3]:72
[0]:82134937 [1]:9334358 [2]:101 [3]:358
[0]:82381361 [1]:9376748 [2]:101 [3]:70
[0]:82575780 [1]:9410214 [2]:104 [3]:66
[0]:82781150 [1]:9445496 [2]:104 [3]:361
[0]:82990343 [1]:9481380 [2]:104 [3]:360
[0]:83187016 [1]:9515067 [2]:104 [3]:68
[0]:83380205 [1]:9548284 [2]:104 [3]:363
[0]:83584191 [1]:9583428 [2]:104 [3]:360
[0]:83778750 [1]:9616951 [2]:104 [3]:355
[0]:83973079 [1]:9650315 [2]:104 [3]:365
[0]:84189857 [1]:9687626 [2]:104 [3]:356
[0]:84395160 [1]:9722872 [2]:104 [3]:364
[0]:84615511 [1]:9760861 [2]:106 [3]:364
[0]:84805710 [1]:9793496 [2]:106 [3]:361
[0]:85007927 [1]:9828239 [2]:106 [3]:363
[0]:85207435 [1]:9862582 [2]:106 [3]:372
[0]:85402149 [1]:9896172 [2]:106 [3]:59
[0]:85605558 [1]:9931037 [2]:106 [3]:72
[0]:85845071 [1]:9972353 [2]:106 [3]:361
[0]:86039015 [1]:10005608 [2]:106 [3]:66
[0]:86252163 [1]:10042183 [2]:106 [3]:358
[0]:86446226 [1]:10075449 [2]:107 [3]:372
[0]:86645223 [1]:10109801 [2]:107 [3]:352
[0]:86833601 [1]:10142312 [2]:107 [3]:64
[0]:87046984 [1]:10178911 [2]:107 [3]:366
[0]:87241920 [1]:10212369 [2]:107 [3]:71
[0]:87439789 [1]:10246411 [2]:107 [3]:362
[0]:87634066 [1]:10279873 [2]:107 [3]:362
[0]:87835769 [1]:10314356 [2]:107 [3]:360
[0]:88033931 [1]:10348508 [2]:107 [3]:61
[0]:88227977 [1]:10382148 [2]:107 [3]:367
[0]:88425968 [1]:10416138 [2]:107 [3]:56
[0]:88616562 [1]:10448783 [2]:107 [3]:53
[0]:88813467 [1]:10482600 [2]:107 [3]:359
[0]:89005152 [1]:10515509 [2]:107 [3]:363
[0]:89199410 [1]:10548898 [2]:107 [3]:364
[0]:89394584 [1]:10582402 [2]:107 [3]:82
[0]:89586534 [1]:10615307 [2]:107 [3]:364
[0]:89776206 [1]:10647831 [2]:107 [3]:60
[0]:89958199 [1]:10679043 [2]:107 [3]:67
[0]:90144888 [1]:10711153 [2]:107 [3]:366
[0]:90324329 [1]:10741910 [2]:107 [3]:362
[0]:90527922 [1]:10777082 [2]:107 [3]:355
[0]:90693805 [1]:10805409 [2]:107 [3]:69
[0]:90894496 [1]:10839928 [2]:107 [3]:356
[0]:91079023 [1]:10871542 [2]:107 [3]:361
[0]:91277234 [1]:10905543 [2]:107 [3]:353
[0]:91474101 [1]:10939488 [2]:107 [3]:364
[0]:91661967 [1]:10971605 [2]:107 [3]:364
[0]:91850328 [1]:11003937 [2]:107 [3]:362
[0]:92066702 [1]:11041164 [2]:107 [3]:370
[0]:92264905 [1]:11075258 [2]:107 [3]:57
[0]:92454074 [1]:11107667 [2]:107 [3]:60
[0]:92722853 [1]:11154093 [2]:107 [3]:359
[0]:92913394 [1]:11186874 [2]:107 [3]:350
[0]:93115210 [1]:11221525 [2]:107 [3]:361
[0]:93304927 [1]:11254067 [2]:107 [3]:55
[0]:93490250 [1]:11285925 [2]:107 [3]:66
[0]:93683176 [1]:11319011 [2]:107 [3]:360
[0]:93888753 [1]:11354214 [2]:107 [3]:364
[0]:94085258 [1]:11388062 [2]:107 [3]:357
[0]:94295998 [1]:11424188 [2]:107 [3]:371
[0]:94501261 [1]:11459405 [2]:107 [3]:351
[0]:94683186 [1]:11490596 [2]:107 [3]:367
[0]:94864284 [1]:11521612 [2]:107 [3]:369
[0]:95047707 [1]:11553224 [2]:107 [3]:67
[0]:95240783 [1]:11586337 [2]:107 [3]:362
[0]:95424425 [1]:11617965 [2]:107 [3]:70
[0]:95605643 [1]:11649080 [2]:107 [3]:56
[0]:95786253 [1]:11680091 [2]:107 [3]:366
[0]:95977406 [1]:11712987 [2]:107 [3]:364
[0]:96164182 [1]:11745121 [2]:107 [3]:67
[0]:96350199 [1]:11777182 [2]:107 [3]:358
[0]:96536414 [1]:11809236 [2]:107 [3]:90
[0]:96772840 [1]:11849827 [2]:107 [3]:64
[0]:96963683 [1]:11882776 [2]:107 [3]:361
[0]:97169210 [1]:11917934 [2]:107 [3]:86
[0]:97361777 [1]:11951072 [2]:107 [3]:362
[0]:97551576 [1]:11983864 [2]:107 [3]:366
[0]:97729424 [1]:12014422 [2]:107 [3]:368
[0]:97903985 [1]:12044436 [2]:107 [3]:64
[0]:98072755 [1]:12073389 [2]:107 [3]:365
[0]:98248508 [1]:12103562 [2]:107 [3]:87
[0]:98430754 [1]:12135011 [2]:107 [3]:362
[0]:98602508 [1]:12164512 [2]:107 [3]:359
[0]:98778890 [1]:12194904 [2]:107 [3]:369
[0]:98954704 [1]:12225166 [2]:107 [3]:360
[0]:99129220 [1]:12255096 [2]:107 [3]:54
[0]:99315912 [1]:12287183 [2]:107 [3]:369
[0]:99511525 [1]:12320836 [2]:107 [3]:62
[0]:99704007 [1]:12353806 [2]:107 [3]:56
[0]:99893610 [1]:12386472 [2]:107 [3]:62
[0]:100075787 [1]:12417826 [2]:107 [3]:370
[0]:100258474 [1]:12449529 [2]:107 [3]:362
[0]:100437738 [1]:12480275 [2]:107 [3]:55
[0]:100617115 [1]:12511112 [2]:107 [3]:364
[0]:100811329 [1]:12544494 [2]:107 [3]:55
[0]:100990783 [1]:12575278 [2]:107 [3]:357
[0]:101169648 [1]:12606032 [2]:107 [3]:60
[0]:101345744 [1]:12636305 [2]:107 [3]:358
[0]:101539823 [1]:12669739 [2]:107 [3]:66
[0]:101714304 [1]:12699696 [2]:107 [3]:361
[0]:101941173 [1]:12738607 [2]:107 [3]:363
[0]:102125951 [1]:12770473 [2]:107 [3]:360
[0]:102302021 [1]:12800815 [2]:107 [3]:361
[0]:102483223 [1]:12831977 [2]:107 [3]:364
[0]:102657260 [1]:12861923 [2]:107 [3]:368
[0]:102836208 [1]:12892659 [2]:107 [3]:64
[0]:103015565 [1]:12923399 [2]:107 [3]:358
[0]:103198187 [1]:12954817 [2]:107 [3]:367
[0]:103378045 [1]:12985717 [2]:107 [3]:363
[0]:103555317 [1]:13016225 [2]:107 [3]:60
[0]:103737594 [1]:13047468 [2]:107 [3]:356
[0]:103920265 [1]:13078829 [2]:107 [3]:360
[0]:104095207 [1]:13109028 [2]:107 [3]:77
[0]:104274148 [1]:13140026 [2]:107 [3]:70
[0]:104456489 [1]:13171426 [2]:107 [3]:367
[0]:104638694 [1]:13202748 [2]:107 [3]:353
[0]:104823626 [1]:13234526 [2]:107 [3]:356
[0]:105011871 [1]:13266818 [2]:107 [3]:366
[0]:105212168 [1]:13301244 [2]:107 [3]:367
[0]:105368851 [1]:13328115 [2]:107 [3]:82
[0]:105565439 [1]:13361933 [2]:107 [3]:355
[0]:105742670 [1]:13392548 [2]:107 [3]:357
[0]:105925696 [1]:13423986 [2]:107 [3]:355
[0]:106105008 [1]:13454836 [2]:107 [3]:58
[0]:106288884 [1]:13486421 [2]:107 [3]:368
[0]:106467203 [1]:13517004 [2]:107 [3]:57
[0]:106680143 [1]:13553547 [2]:107 [3]:363
[0]:106853372 [1]:13583379 [2]:107 [3]:361
[0]:107033051 [1]:13614263 [2]:107 [3]:351
[0]:107210718 [1]:13644813 [2]:107 [3]:365
[0]:107431317 [1]:13682738 [2]:107 [3]:361
[0]:107607017 [1]:13712984 [2]:107 [3]:65
[0]:107786211 [1]:13743693 [2]:107 [3]:351
[0]:107958819 [1]:13773434 [2]:107 [3]:66
[0]:108134717 [1]:13803662 [2]:107 [3]:362
[0]:108317619 [1]:13834989 [2]:107 [3]:58
[0]:108511245 [1]:13868244 [2]:107 [3]:353
[0]:108709226 [1]:13902253 [2]:107 [3]:57
[0]:108903353 [1]:13935677 [2]:107 [3]:357
[0]:109101060 [1]:13969770 [2]:107 [3]:358
[0]:109297186 [1]:14003467 [2]:107 [3]:358
[0]:109497007 [1]:14037879 [2]:107 [3]:363
[0]:109693596 [1]:14071654 [2]:107 [3]:52
[0]:109890236 [1]:14105533 [2]:107 [3]:357
[0]:110085960 [1]:14139161 [2]:107 [3]:357
[0]:110300728 [1]:14175819 [2]:107 [3]:74
[0]:110496464 [1]:14209331 [2]:107 [3]:361
[0]:110693150 [1]:14243137 [2]:107 [3]:362
[0]:110903803 [1]:14279364 [2]:107 [3]:365
[0]:111106070 [1]:14314031 [2]:107 [3]:74
[0]:111319124 [1]:14350528 [2]:107 [3]:361
[0]:111511547 [1]:14383564 [2]:107 [3]:61
[0]:111711485 [1]:14418173 [2]:107 [3]:363
[0]:111910750 [1]:14452564 [2]:107 [3]:72
[0]:112097856 [1]:14484683 [2]:107 [3]:60
[0]:112299527 [1]:14519358 [2]:107 [3]:366
[0]:112486369 [1]:14551395 [2]:107 [3]:367
[0]:112684297 [1]:14585555 [2]:107 [3]:374
[0]:112893356 [1]:14621684 [2]:107 [3]:361
[0]:113093258 [1]:14655991 [2]:107 [3]:68
[0]:113289512 [1]:14689688 [2]:107 [3]:361
[0]:113506017 [1]:14726868 [2]:107 [3]:58
[0]:113737726 [1]:14766816 [2]:107 [3]:74
[0]:113937922 [1]:14801319 [2]:107 [3]:352
[0]:114130837 [1]:14834312 [2]:107 [3]:61
[0]:114327691 [1]:14868205 [2]:107 [3]:77
[0]:114521642 [1]:14901587 [2]:107 [3]:60
[0]:114723748 [1]:14936369 [2]:107 [3]:365
[0]:114941553 [1]:14973759 [2]:107 [3]:362
[0]:115161241 [1]:15011575 [2]:107 [3]:374
[0]:115359541 [1]:15045588 [2]:107 [3]:364
[0]:115557102 [1]:15079554 [2]:107 [3]:353
[0]:115754799 [1]:15113582 [2]:107 [3]:362
[0]:115949495 [1]:15146932 [2]:107 [3]:355
[0]:116135120 [1]:15178847 [2]:107 [3]:59
[0]:116326909 [1]:15211819 [2]:107 [3]:61
[0]:116528562 [1]:15246424 [2]:107 [3]:71
[0]:116718225 [1]:15278812 [2]:107 [3]:368
[0]:116906100 [1]:15311017 [2]:107 [3]:362
[0]:117099497 [1]:15344077 [2]:107 [3]:365
[0]:117298751 [1]:15378215 [2]:107 [3]:355
[0]:117489234 [1]:15410874 [2]:107 [3]:365
[0]:117721105 [1]:15450548 [2]:107 [3]:56
[0]:117922704 [1]:15485191 [2]:107 [3]:60
[0]:118128052 [1]:15520418 [2]:107 [3]:362
[0]:118341595 [1]:15557118 [2]:107 [3]:365
[0]:118561722 [1]:15594933 [2]:107 [3]:358
[0]:118772810 [1]:15631205 [2]:107 [3]:69
[0]:118983511 [1]:15667515 [2]:107 [3]:352
[0]:119244398 [1]:15712333 [2]:107 [3]:60
[0]:119651735 [1]:15774189 [2]:107 [3]:376
[0]:119856936 [1]:15796841 [2]:107 [3]:361
[0]:120064963 [1]:15819799 [2]:107 [3]:360
[0]:120279166 [1]:15843468 [2]:106 [3]:354
[0]:120478057 [1]:15865599 [2]:106 [3]:96
[0]:120684810 [1]:15888783 [2]:106 [3]:368
[0]:120917479 [1]:15914394 [2]:106 [3]:90
[0]:121118086 [1]:15936682 [2]:106 [3]:370
[0]:121331273 [1]:15960380 [2]:106 [3]:377
[0]:121533985 [1]:15982756 [2]:106 [3]:359
[0]:121755946 [1]:16007251 [2]:106 [3]:358
[0]:121964409 [1]:16030224 [2]:106 [3]:371
[0]:122167214 [1]:16052585 [2]:106 [3]:84
[0]:122375881 [1]:16076077 [2]:104 [3]:365
[0]:122580564 [1]:16098670 [2]:104 [3]:98
[0]:122781883 [1]:16121096 [2]:104 [3]:357
[0]:122986917 [1]:16143627 [2]:104 [3]:362
[0]:123195884 [1]:16166879 [2]:104 [3]:88
[0]:123406140 [1]:16190081 [2]:104 [3]:362
[0]:123625569 [1]:16214315 [2]:104 [3]:369
[0]:123826824 [1]:16236588 [2]:104 [3]:360
[0]:124035760 [1]:16259648 [2]:104 [3]:362
[0]:124240659 [1]:16282304 [2]:104 [3]:78
[0]:124457828 [1]:16306214 [2]:104 [3]:366
[0]:124717818 [1]:16334891 [2]:103 [3]:84
[0]:124915051 [1]:16356834 [2]:103 [3]:85
[0]:125139236 [1]:16381983 [2]:103 [3]:83
[0]:125356125 [1]:16405881 [2]:103 [3]:364
[0]:125569178 [1]:16429639 [2]:103 [3]:353
[0]:125774145 [1]:16452275 [2]:103 [3]:372
[0]:125971990 [1]:16474111 [2]:103 [3]:370
[0]:126191999 [1]:16498547 [2]:103 [3]:376
[0]:126407431 [1]:16522289 [2]:103 [3]:360
[0]:126625622 [1]:16546544 [2]:103 [3]:370
[0]:126849060 [1]:16571226 [2]:102 [3]:369
[0]:127067214 [1]:16595330 [2]:102 [3]:80
[0]:127275774 [1]:16618400 [2]:102 [3]:365
[0]:127508443 [1]:16643851 [2]:102 [3]:368
[0]:127730119 [1]:16668240 [2]:102 [3]:368
[0]:127942860 [1]:16691702 [2]:102 [3]:371
[0]:128147880 [1]:16714243 [2]:102 [3]:354
[0]:128355601 [1]:16737167 [2]:102 [3]:98
[0]:128570152 [1]:16760789 [2]:102 [3]:360
[0]:128810455 [1]:16787369 [2]:102 [3]:373
[0]:129014107 [1]:16809884 [2]:102 [3]:357
[0]:129224400 [1]:16833146 [2]:101 [3]:374
[0]:129437382 [1]:16856737 [2]:101 [3]:375
[0]:129638226 [1]:16878963 [2]:101 [3]:82
[0]:129843616 [1]:16901555 [2]:101 [3]:364
[0]:130064497 [1]:16925824 [2]:101 [3]:364
[0]:130289285 [1]:16950668 [2]:101 [3]:354
[0]:130505637 [1]:16974514 [2]:101 [3]:364
[0]:130714336 [1]:16997597 [2]:101 [3]:364
[0]:130990751 [1]:17028426 [2]:101 [3]:80
[0]:131203734 [1]:17051911 [2]:101 [3]:361
[0]:131436314 [1]:17077630 [2]:100 [3]:84
[0]:131643652 [1]:17100630 [2]:100 [3]:76
[0]:131865978 [1]:17125370 [2]:100 [3]:362
[0]:132082751 [1]:17149398 [2]:100 [3]:360
[0]:132283041 [1]:17171359 [2]:100 [3]:356
[0]:132500955 [1]:17195344 [2]:100 [3]:358
[0]:132717703 [1]:17219327 [2]:100 [3]:367
[0]:132938674 [1]:17243590 [2]:100 [3]:370
[0]:133147369 [1]:17266753 [2]:100 [3]:92
[0]:133352495 [1]:17289524 [2]:100 [3]:371
[0]:133569143 [1]:17313458 [2]:100 [3]:381
[0]:133776740 [1]:17336424 [2]:100 [3]:73
[0]:134014866 [1]:17362743 [2]:100 [3]:359
[0]:134223745 [1]:17385845 [2]:100 [3]:365
[0]:134424930 [1]:17407958 [2]:100 [3]:368
[0]:134763979 [1]:17445277 [2]:100 [3]:361
[0]:134979487 [1]:17469016 [2]:100 [3]:369
[0]:135186344 [1]:17491991 [2]:100 [3]:346
[0]:135383227 [1]:17513846 [2]:100 [3]:374
[0]:135591836 [1]:17536770 [2]:100 [3]:92
[0]:135801104 [1]:17559978 [2]:101 [3]:369
[0]:136004463 [1]:17582662 [2]:101 [3]:85
[0]:136218483 [1]:17606313 [2]:101 [3]:367
[0]:136427846 [1]:17629344 [2]:101 [3]:364
[0]:136636930 [1]:17652409 [2]:101 [3]:366
[0]:136863408 [1]:17677309 [2]:101 [3]:373
[0]:137074609 [1]:17700753 [2]:101 [3]:360
[0]:137290707 [1]:17724783 [2]:101 [3]:363
[0]:137514923 [1]:17749634 [2]:101 [3]:353
[0]:137721081 [1]:17772307 [2]:101 [3]:78
[0]:137922396 [1]:17794413 [2]:101 [3]:369
[0]:138124613 [1]:17816890 [2]:100 [3]:363
[0]:138328255 [1]:17839416 [2]:100 [3]:75
[0]:138549231 [1]:17863778 [2]:100 [3]:367
[0]:138781577 [1]:17889585 [2]:100 [3]:378
[0]:138982058 [1]:17911972 [2]:100 [3]:77
[0]:139252400 [1]:17941696 [2]:100 [3]:362
[0]:139456349 [1]:17964120 [2]:100 [3]:359
[0]:139667370 [1]:17987557 [2]:100 [3]:75
[0]:139873297 [1]:18010586 [2]:100 [3]:361
[0]:140098484 [1]:18035355 [2]:100 [3]:367
[0]:140311309 [1]:18058843 [2]:101 [3]:106
[0]:140520165 [1]:18081797 [2]:101 [3]:357
[0]:140724924 [1]:18104406 [2]:101 [3]:361
[0]:140933622 [1]:18127367 [2]:101 [3]:369
[0]:141143033 [1]:18150671 [2]:101 [3]:359
[0]:141360177 [1]:18174599 [2]:101 [3]:372
[0]:141561321 [1]:18196815 [2]:101 [3]:93
[0]:141766076 [1]:18219455 [2]:101 [3]:361
[0]:141971259 [1]:18242156 [2]:101 [3]:364
[0]:142194386 [1]:18266770 [2]:101 [3]:360
[0]:142410547 [1]:18290723 [2]:101 [3]:360
[0]:142676615 [1]:18320081 [2]:100 [3]:370
[0]:142890051 [1]:18343621 [2]:100 [3]:365
[0]:143098961 [1]:18366752 [2]:100 [3]:90
[0]:143302631 [1]:18389104 [2]:100 [3]:80
[0]:143516990 [1]:18412829 [2]:100 [3]:367
[0]:143729803 [1]:18436462 [2]:100 [3]:358
[0]:143939585 [1]:18459507 [2]:100 [3]:80
[0]:144155572 [1]:18483804 [2]:100 [3]:365
[0]:144368363 [1]:18507269 [2]:100 [3]:362
[0]:144581342 [1]:18530731 [2]:100 [3]:361
[0]:144796407 [1]:18554561 [2]:100 [3]:376
[0]:144995314 [1]:18576531 [2]:100 [3]:88
[0]:145204100 [1]:18599735 [2]:100 [3]:363
[0]:145420774 [1]:18623624 [2]:100 [3]:85
[0]:145637705 [1]:18647910 [2]:100 [3]:82
[0]:145850550 [1]:18671291 [2]:100 [3]:367
[0]:146087447 [1]:18697393 [2]:100 [3]:81
[0]:146289886 [1]:18720039 [2]:100 [3]:83
[0]:146495770 [1]:18742842 [2]:100 [3]:363
[0]:146706853 [1]:18765986 [2]:100 [3]:370
[0]:146921561 [1]:18789551 [2]:101 [3]:363
[0]:147128209 [1]:18812491 [2]:101 [3]:86
[0]:147337171 [1]:18835530 [2]:101 [3]:364
[0]:147577737 [1]:18862273 [2]:101 [3]:86
[0]:147782558 [1]:18885192 [2]:101 [3]:362
[0]:147991179 [1]:18908546 [2]:101 [3]:368
[0]:148196206 [1]:18931069 [2]:101 [3]:362
[0]:148409288 [1]:18954448 [2]:101 [3]:357
[0]:148622399 [1]:18977787 [2]:101 [3]:375
[0]:148831198 [1]:19000844 [2]:101 [3]:358
[0]:149048027 [1]:19024990 [2]:101 [3]:363
[0]:149249092 [1]:19047030 [2]:101 [3]:358
[0]:149466121 [1]:19071167 [2]:101 [3]:360
[0]:149676378 [1]:19094288 [2]:101 [3]:361
[0]:149884018 [1]:19117146 [2]:101 [3]:372
[0]:150089238 [1]:19139818 [2]:101 [3]:356
[0]:150294206 [1]:19162510 [2]:101 [3]:90
[0]:150503231 [1]:19185614 [2]:101 [3]:360
[0]:150698920 [1]:19207279 [2]:101 [3]:364
[0]:150916918 [1]:19231574 [2]:101 [3]:98
[0]:151113229 [1]:19253390 [2]:101 [3]:89
[0]:151326934 [1]:19277050 [2]:101 [3]:366
[0]:151539828 [1]:19300597 [2]:100 [3]:366
[0]:151748699 [1]:19324091 [2]:100 [3]:90
[0]:151957039 [1]:19347204 [2]:100 [3]:79
[0]:152162244 [1]:19370005 [2]:100 [3]:371
[0]:152375493 [1]:19393429 [2]:100 [3]:86
[0]:152579591 [1]:19415798 [2]:100 [3]:371
[0]:152785228 [1]:19438725 [2]:100 [3]:356
[0]:152998335 [1]:19462224 [2]:100 [3]:363
[0]:153202585 [1]:19484826 [2]:100 [3]:102
[0]:153420133 [1]:19508942 [2]:100 [3]:364
[0]:153643634 [1]:19533733 [2]:101 [3]:84
[0]:153853664 [1]:19556887 [2]:101 [3]:93
[0]:154059670 [1]:19579602 [2]:101 [3]:355
[0]:154268822 [1]:19602966 [2]:101 [3]:374
[0]:154495692 [1]:19628559 [2]:101 [3]:373
[0]:154716299 [1]:19653217 [2]:101 [3]:378
[0]:154964777 [1]:19680712 [2]:101 [3]:365
[0]:155169846 [1]:19703246 [2]:101 [3]:79
[0]:155386791 [1]:19727239 [2]:101 [3]:357
[0]:155595370 [1]:19750452 [2]:101 [3]:76
[0]:155800596 [1]:19773007 [2]:101 [3]:365
[0]:156002148 [1]:19795315 [2]:101 [3]:372
[0]:156222365 [1]:19819726 [2]:101 [3]:95
[0]:156429692 [1]:19842733 [2]:101 [3]:378
[0]:156629148 [1]:19864938 [2]:101 [3]:88
[0]:156839361 [1]:19888093 [2]:101 [3]:87
[0]:157043742 [1]:19910721 [2]:101 [3]:92
[0]:157255202 [1]:19934040 [2]:101 [3]:372
[0]:157471763 [1]:19958046 [2]:101 [3]:349
[0]:157677040 [1]:19980773 [2]:101 [3]:373
[0]:157901817 [1]:20005614 [2]:101 [3]:87
[0]:158134258 [1]:20031093 [2]:101 [3]:95
[0]:158339431 [1]:20053843 [2]:101 [3]:69
[0]:158552454 [1]:20077415 [2]:101 [3]:81
[0]:158756615 [1]:20100044 [2]:101 [3]:83
[0]:158970290 [1]:20123658 [2]:101 [3]:97
[0]:159174944 [1]:20146576 [2]:101 [3]:360
[0]:159391801 [1]:20170684 [2]:101 [3]:364
[0]:159605055 [1]:20194141 [2]:101 [3]:358
[0]:159813476 [1]:20217235 [2]:101 [3]:80
[0]:160019545 [1]:20240064 [2]:101 [3]:376
[0]:160219576 [1]:20262051 [2]:101 [3]:365
[0]:160422099 [1]:20284538 [2]:101 [3]:80
[0]:160701205 [1]:20315349 [2]:101 [3]:83
[0]:160915458 [1]:20343208 [2]:101 [3]:362
[0]:161158430 [1]:20385037 [2]:101 [3]:58
[0]:161354806 [1]:20418853 [2]:101 [3]:361
[0]:161559685 [1]:20454097 [2]:101 [3]:366
[0]:161757794 [1]:20488070 [2]:101 [3]:360
[0]:161967521 [1]:20524129 [2]:101 [3]:361
[0]:162161316 [1]:20557653 [2]:101 [3]:67
[0]:162366195 [1]:20592845 [2]:103 [3]:86
[0]:162557287 [1]:20625880 [2]:103 [3]:366
[0]:162783519 [1]:20664702 [2]:103 [3]:56
[0]:163024292 [1]:20706242 [2]:103 [3]:361
[0]:163244681 [1]:20744279 [2]:103 [3]:369
[0]:163446458 [1]:20778928 [2]:103 [3]:363
[0]:163681166 [1]:20819309 [2]:103 [3]:357
[0]:163886872 [1]:20854711 [2]:103 [3]:67
[0]:164077719 [1]:20887475 [2]:103 [3]:70
[0]:164264279 [1]:20919543 [2]:103 [3]:370
[0]:164507207 [1]:20961460 [2]:105 [3]:374
[0]:164705201 [1]:20995326 [2]:105 [3]:365
[0]:164901937 [1]:21028979 [2]:105 [3]:364
[0]:165100629 [1]:21063076 [2]:105 [3]:356
[0]:165303413 [1]:21097914 [2]:105 [3]:75
[0]:165493909 [1]:21130742 [2]:105 [3]:363
[0]:165702856 [1]:21166589 [2]:105 [3]:61
[0]:165901140 [1]:21200702 [2]:105 [3]:360
[0]:166095050 [1]:21234037 [2]:105 [3]:353
[0]:166282609 [1]:21266342 [2]:105 [3]:353
[0]:166477472 [1]:21299960 [2]:106 [3]:357
[0]:166672286 [1]:21333468 [2]:106 [3]:361
[0]:166882973 [1]:21369497 [2]:106 [3]:353
[0]:167115193 [1]:21409456 [2]:106 [3]:368
[0]:167320638 [1]:21444708 [2]:106 [3]:54
[0]:167529936 [1]:21480757 [2]:106 [3]:54
[0]:167727969 [1]:21514884 [2]:106 [3]:74
[0]:167933298 [1]:21550112 [2]:106 [3]:359
[0]:168142653 [1]:21586111 [2]:106 [3]:366
[0]:168343013 [1]:21620476 [2]:107 [3]:361
[0]:168546047 [1]:21655308 [2]:107 [3]:70
[0]:168740711 [1]:21688710 [2]:107 [3]:364
[0]:168937802 [1]:21722557 [2]:107 [3]:361
[0]:169136592 [1]:21756795 [2]:107 [3]:361
[0]:169330965 [1]:21790100 [2]:107 [3]:356
[0]:169521250 [1]:21822849 [2]:107 [3]:364
[0]:169771699 [1]:21865814 [2]:107 [3]:356
[0]:169964306 [1]:21898889 [2]:107 [3]:352
[0]:170175220 [1]:21935208 [2]:107 [3]:358
[0]:170371980 [1]:21969003 [2]:107 [3]:362
[0]:170638614 [1]:22014924 [2]:107 [3]:360
[0]:170828787 [1]:22047564 [2]:107 [3]:70
[0]:171023345 [1]:22081023 [2]:107 [3]:364
[0]:171281251 [1]:22125249 [2]:107 [3]:89
[0]:171486560 [1]:22160454 [2]:107 [3]:362
[0]:171688623 [1]:22195167 [2]:107 [3]:366
[0]:171890373 [1]:22229860 [2]:107 [3]:361
[0]:172081885 [1]:22262917 [2]:107 [3]:72
[0]:172286267 [1]:22297897 [2]:107 [3]:76
[0]:172476994 [1]:22330688 [2]:107 [3]:65
[0]:172670963 [1]:22363983 [2]:107 [3]:71
[0]:172869108 [1]:22398087 [2]:107 [3]:362
[0]:173068623 [1]:22432622 [2]:107 [3]:366
[0]:173261225 [1]:22465699 [2]:107 [3]:65
[0]:173455318 [1]:22499013 [2]:107 [3]:57
[0]:173664796 [1]:22535020 [2]:107 [3]:347
[0]:173866703 [1]:22569582 [2]:107 [3]:67
[0]:174057268 [1]:22602157 [2]:107 [3]:64
[0]:174261730 [1]:22637279 [2]:107 [3]:357
[0]:174466396 [1]:22672760 [2]:107 [3]:359
[0]:174699545 [1]:22712906 [2]:107 [3]:362
[0]:174894040 [1]:22746351 [2]:107 [3]:366
[0]:175091930 [1]:22780354 [2]:107 [3]:357
[0]:175338528 [1]:22822724 [2]:107 [3]:360
[0]:175540319 [1]:22857386 [2]:107 [3]:60
[0]:175734196 [1]:22890794 [2]:107 [3]:364
[0]:175925075 [1]:22923561 [2]:107 [3]:354
[0]:176122857 [1]:22957533 [2]:107 [3]:67
[0]:176321027 [1]:22991612 [2]:107 [3]:362
[0]:176520056 [1]:23025860 [2]:107 [3]:61
[0]:176724346 [1]:23061075 [2]:107 [3]:57
[0]:176922554 [1]:23095242 [2]:107 [3]:361
[0]:177127801 [1]:23130585 [2]:107 [3]:52
[0]:177340901 [1]:23167214 [2]:107 [3]:354
[0]:177535149 [1]:23200525 [2]:107 [3]:66
[0]:177740841 [1]:23235772 [2]:107 [3]:68
[0]:177946211 [1]:23271096 [2]:107 [3]:359
[0]:178165231 [1]:23308765 [2]:107 [3]:367
[0]:178364722 [1]:23342900 [2]:107 [3]:57
[0]:178561911 [1]:23376769 [2]:107 [3]:363
[0]:178762740 [1]:23411408 [2]:107 [3]:60
[0]:178966317 [1]:23446552 [2]:107 [3]:372
[0]:179173627 [1]:23482284 [2]:107 [3]:367
[0]:179376783 [1]:23517260 [2]:107 [3]:370
[0]:179578546 [1]:23551982 [2]:107 [3]:359
[0]:179776286 [1]:23585927 [2]:107 [3]:366
[0]:179974662 [1]:23620066 [2]:107 [3]:365
[0]:180183313 [1]:23655858 [2]:107 [3]:359
[0]:180389417 [1]:23691332 [2]:107 [3]:365
[0]:180582148 [1]:23724423 [2]:107 [3]:62
[0]:180792510 [1]:23760725 [2]:107 [3]:369
[0]:180998175 [1]:23795999 [2]:107 [3]:65
[0]:181229225 [1]:23835638 [2]:107 [3]:371
[0]:181437898 [1]:23871579 [2]:107 [3]:61
[0]:181636900 [1]:23905800 [2]:107 [3]:370
[0]:181849985 [1]:23942566 [2]:107 [3]:357
[0]:182080813 [1]:23982281 [2]:107 [3]:58
[0]:182312869 [1]:24022297 [2]:107 [3]:365
[0]:182514974 [1]:24056953 [2]:107 [3]:54
[0]:182705467 [1]:24089721 [2]:107 [3]:356
[0]:182910400 [1]:24124815 [2]:107 [3]:367
[0]:183123576 [1]:24161654 [2]:107 [3]:75
[0]:183317720 [1]:24195055 [2]:107 [3]:366
[0]:183519739 [1]:24229689 [2]:107 [3]:62
[0]:183741036 [1]:24267732 [2]:107 [3]:355
[0]:183938303 [1]:24301649 [2]:107 [3]:360
[0]:184136475 [1]:24335804 [2]:107 [3]:360
[0]:184337984 [1]:24370504 [2]:107 [3]:362
[0]:184598701 [1]:24415135 [2]:107 [3]:368
[0]:184783339 [1]:24447084 [2]:107 [3]:360
[0]:185010400 [1]:24486057 [2]:107 [3]:55
[0]:185208557 [1]:24520010 [2]:107 [3]:363
[0]:185398720 [1]:24552648 [2]:107 [3]:359
[0]:185600912 [1]:24587366 [2]:107 [3]:364
[0]:185798021 [1]:24621315 [2]:107 [3]:341
[0]:185996580 [1]:24655440 [2]:107 [3]:67
[0]:186208510 [1]:24691709 [2]:107 [3]:59
[0]:186402959 [1]:24725164 [2]:107 [3]:364
[0]:186600403 [1]:24759080 [2]:107 [3]:59
[0]:186793228 [1]:24792254 [2]:107 [3]:68
[0]:187011783 [1]:24829778 [2]:107 [3]:357
[0]:187207466 [1]:24863331 [2]:107 [3]:67
[0]:187408977 [1]:24897957 [2]:107 [3]:370
[0]:187603472 [1]:24931389 [2]:107 [3]:360
[0]:187816277 [1]:24968127 [2]:107 [3]:362
[0]:188020021 [1]:25003046 [2]:107 [3]:79
[0]:188223782 [1]:25037970 [2]:107 [3]:360
[0]:188418022 [1]:25071344 [2]:107 [3]:363
[0]:188615969 [1]:25105377 [2]:107 [3]:353
[0]:188813903 [1]:25139603 [2]:107 [3]:361
[0]:189011322 [1]:25173584 [2]:107 [3]:359
[0]:189206132 [1]:25207031 [2]:107 [3]:362
[0]:189400359 [1]:25240418 [2]:107 [3]:362
[0]:189646986 [1]:25282795 [2]:107 [3]:84
[0]:189848880 [1]:25317348 [2]:107 [3]:351
[0]:190066805 [1]:25354756 [2]:107 [3]:367
[0]:190274717 [1]:25390673 [2]:107 [3]:364
[0]:190468610 [1]:25424055 [2]:107 [3]:350
[0]:190674090 [1]:25459527 [2]:107 [3]:350
[0]:190868594 [1]:25493081 [2]:107 [3]:59
[0]:191055241 [1]:25525217 [2]:107 [3]:361
[0]:191256980 [1]:25559923 [2]:107 [3]:358
[0]:191461470 [1]:25595071 [2]:107 [3]:60
[0]:191682861 [1]:25633239 [2]:107 [3]:359
[0]:191903267 [1]:25671057 [2]:107 [3]:351
[0]:192102099 [1]:25705212 [2]:107 [3]:363
[0]:192314185 [1]:25741757 [2]:107 [3]:76
[0]:192511754 [1]:25775751 [2]:107 [3]:60
[0]:192771844 [1]:25820374 [2]:107 [3]:353
[0]:192966773 [1]:25854020 [2]:107 [3]:55
[0]:193165762 [1]:25888306 [2]:107 [3]:362
[0]:193358733 [1]:25921519 [2]:107 [3]:56
[0]:193546815 [1]:25953880 [2]:107 [3]:58
[0]:193752275 [1]:25989100 [2]:107 [3]:61
[0]:193954310 [1]:26023768 [2]:107 [3]:54
[0]:194144422 [1]:26056395 [2]:107 [3]:56
[0]:194335246 [1]:26089222 [2]:107 [3]:366
[0]:194532987 [1]:26123208 [2]:107 [3]:55
[0]:194726360 [1]:26156422 [2]:107 [3]:59
[0]:194926981 [1]:26190909 [2]:107 [3]:70
[0]:195175607 [1]:26233591 [2]:107 [3]:348
[0]:195392715 [1]:26270986 [2]:107 [3]:61
[0]:195601779 [1]:26306888 [2]:107 [3]:59
[0]:195799863 [1]:26340886 [2]:107 [3]:66
[0]:196001534 [1]:26375716 [2]:107 [3]:54
[0]:196195825 [1]:26409041 [2]:107 [3]:362
[0]:196389753 [1]:26442360 [2]:107 [3]:365
[0]:196591861 [1]:26476998 [2]:107 [3]:361
[0]:196789550 [1]:26511058 [2]:107 [3]:366
[0]:196984115 [1]:26544488 [2]:107 [3]:362
[0]:197185827 [1]:26579202 [2]:107 [3]:84
[0]:197387662 [1]:26613738 [2]:107 [3]:365
[0]:197582141 [1]:26647110 [2]:107 [3]:357
[0]:197783893 [1]:26681781 [2]:107 [3]:71
[0]:197973919 [1]:26714395 [2]:107 [3]:67
[0]:198169581 [1]:26747951 [2]:107 [3]:365
[0]:198363016 [1]:26781184 [2]:107 [3]:72
[0]:198564736 [1]:26815879 [2]:107 [3]:57
[0]:198781892 [1]:26853229 [2]:107 [3]:363
[0]:198975393 [1]:26886521 [2]:107 [3]:65
[0]:199198135 [1]:26924747 [2]:107 [3]:84
[0]:199405655 [1]:26960392 [2]:107 [3]:59
[0]:199599790 [1]:26993710 [2]:107 [3]:364
[0]:199790177 [1]:27026340 [2]:107 [3]:68
[0]:199992047 [1]:27061098 [2]:107 [3]:76
[0]:200209343 [1]:27098416 [2]:107 [3]:63
[0]:200441383 [1]:27138418 [2]:107 [3]:60
[0]:200554825 [1]:27157895 [2]:107 [3]:365
[0]:200554825 [1]:27157895 [2]:107 [3]:365
[0]:200554825 [1]:27157895 [2]:107 [3]:365
[0]:200554825 [1]:27157895 [2]:107 [3]:365
[0]:200554825 [1]:27157895 [2]:107 [3]:365
[0]:200554825 [1]:27157895 [2]:107 [3]:365
[0]:200554825 [1]:27157895 [2]:107 [3]:365
[0]:200554825 [1]:27157895 [2]:107 [3]:365
[0]:200554825 [1]:27157895 [2]:107 [3]:365
[0]:200554825 [1]:27157895 [2]:107 [3]:365
[0]:200554825 [1]:27157895 [2]:107 [3]:365
[0]:200554825 [1]:27157895 [2]:107 [3]:365
                                                                                                                                     [0]:200554825 [1]:27157895 [2]:107 [3]:365
[0]:200554825 [1]:27157895 [2]:107 [3]:365
[0]:200554825 [1]:27157895 [2]:107 [3]:365
[0]:200554825 [1]:27157895 [2]:107 [3]:365
[0]:200554825 [1]:27157895 [2]:107 [3]:365
[0]:200554825 [1]:27157895 [2]:107 [3]:365
