[0]:27807723 [1]:3022454 [2]:74 [3]:363
[0]:28031776 [1]:3055624 [2]:74 [3]:79
[0]:28257020 [1]:3089126 [2]:74 [3]:90
[0]:28461390 [1]:3119489 [2]:74 [3]:360
[0]:28670646 [1]:3150632 [2]:74 [3]:370
[0]:28895811 [1]:3183981 [2]:74 [3]:358
[0]:29123917 [1]:3217830 [2]:74 [3]:359
[0]:29328756 [1]:3248200 [2]:74 [3]:369
[0]:29538961 [1]:3279385 [2]:74 [3]:363
[0]:29747452 [1]:3310355 [2]:77 [3]:82
[0]:29971236 [1]:3343461 [2]:77 [3]:93
[0]:30166774 [1]:3372486 [2]:77 [3]:85
[0]:30372971 [1]:3403294 [2]:77 [3]:365
[0]:30572683 [1]:3433010 [2]:77 [3]:360
[0]:30829885 [1]:3471296 [2]:77 [3]:367
[0]:31028699 [1]:3500693 [2]:77 [3]:365
[0]:31233504 [1]:3531084 [2]:77 [3]:372
[0]:31478167 [1]:3567323 [2]:77 [3]:83
[0]:31681376 [1]:3597450 [2]:77 [3]:363
[0]:31890264 [1]:3628430 [2]:77 [3]:356
[0]:32095201 [1]:3658737 [2]:77 [3]:362
[0]:32316041 [1]:3691469 [2]:77 [3]:362
[0]:32536788 [1]:3724193 [2]:77 [3]:79
[0]:32738977 [1]:3754113 [2]:77 [3]:364
[0]:32952250 [1]:3785764 [2]:77 [3]:371
[0]:33156572 [1]:3816078 [2]:84 [3]:361
[0]:33356232 [1]:3845616 [2]:84 [3]:86
[0]:33557395 [1]:3875574 [2]:84 [3]:360
[0]:33766246 [1]:3906556 [2]:84 [3]:354
[0]:33971148 [1]:3936877 [2]:84 [3]:371
[0]:34180272 [1]:3968017 [2]:84 [3]:91
[0]:34408462 [1]:4001893 [2]:84 [3]:358
[0]:34613079 [1]:4032329 [2]:84 [3]:359
[0]:34822313 [1]:4063361 [2]:84 [3]:376
[0]:35023332 [1]:4093123 [2]:84 [3]:86
[0]:35216248 [1]:4121809 [2]:84 [3]:372
[0]:35452877 [1]:4156898 [2]:84 [3]:367
[0]:35650118 [1]:4186186 [2]:84 [3]:361
[0]:35925529 [1]:4226949 [2]:84 [3]:366
[0]:36146576 [1]:4259767 [2]:84 [3]:372
[0]:36355260 [1]:4290796 [2]:84 [3]:365
[0]:36556103 [1]:4320562 [2]:84 [3]:363
[0]:36760271 [1]:4351007 [2]:90 [3]:361
[0]:36962087 [1]:4380942 [2]:90 [3]:73
[0]:37170959 [1]:4411970 [2]:90 [3]:81
[0]:37402029 [1]:4446299 [2]:90 [3]:360
[0]:37604077 [1]:4476298 [2]:90 [3]:364
[0]:37813354 [1]:4507300 [2]:90 [3]:80
[0]:38053655 [1]:4543010 [2]:90 [3]:81
[0]:38286043 [1]:4577468 [2]:90 [3]:367
[0]:38486959 [1]:4607291 [2]:90 [3]:70
[0]:38703412 [1]:4639401 [2]:90 [3]:91
[0]:38912716 [1]:4670492 [2]:90 [3]:360
[0]:39160819 [1]:4707273 [2]:90 [3]:367
[0]:39361885 [1]:4737136 [2]:90 [3]:372
[0]:39566924 [1]:4767486 [2]:90 [3]:372
[0]:39786332 [1]:4800017 [2]:90 [3]:370
[0]:39986714 [1]:4829688 [2]:90 [3]:372
[0]:40185606 [1]:4859208 [2]:90 [3]:365
[0]:40393712 [1]:4890118 [2]:95 [3]:368
[0]:40602211 [1]:4921093 [2]:95 [3]:364
[0]:40804337 [1]:4950968 [2]:95 [3]:357
[0]:41009315 [1]:4981389 [2]:95 [3]:370
[0]:41218068 [1]:5012320 [2]:95 [3]:368
[0]:41426444 [1]:5043242 [2]:95 [3]:366
[0]:41641026 [1]:5075151 [2]:95 [3]:371
[0]:41848748 [1]:5105868 [2]:95 [3]:363
[0]:42069328 [1]:5138709 [2]:95 [3]:367
[0]:42263632 [1]:5167524 [2]:95 [3]:365
[0]:42497590 [1]:5202345 [2]:95 [3]:361
[0]:42699929 [1]:5232382 [2]:95 [3]:370
[0]:42904827 [1]:5262722 [2]:95 [3]:369
[0]:43121508 [1]:5294746 [2]:95 [3]:369
[0]:43358086 [1]:5329752 [2]:95 [3]:371
[0]:43555381 [1]:5359035 [2]:95 [3]:363
[0]:43760198 [1]:5389457 [2]:95 [3]:79
[0]:43965072 [1]:5419847 [2]:100 [3]:363
[0]:44201454 [1]:5454954 [2]:100 [3]:362
[0]:44406325 [1]:5485334 [2]:100 [3]:86
[0]:44621411 [1]:5517380 [2]:100 [3]:87
[0]:44828333 [1]:5548133 [2]:100 [3]:362
[0]:45026278 [1]:5577457 [2]:100 [3]:366
[0]:45239270 [1]:5609065 [2]:100 [3]:364
[0]:45446090 [1]:5639702 [2]:100 [3]:359
[0]:45649306 [1]:5669748 [2]:100 [3]:367
[0]:45891660 [1]:5705595 [2]:100 [3]:367
[0]:46089727 [1]:5735010 [2]:100 [3]:356
[0]:46290044 [1]:5764762 [2]:100 [3]:369
[0]:46494598 [1]:5795194 [2]:100 [3]:370
[0]:46691192 [1]:5824367 [2]:100 [3]:86
[0]:46896867 [1]:5854991 [2]:100 [3]:84
[0]:47101768 [1]:5885322 [2]:100 [3]:365
[0]:47302730 [1]:5915048 [2]:100 [3]:368
[0]:47533324 [1]:5949275 [2]:100 [3]:363
[0]:47747408 [1]:5981000 [2]:104 [3]:362
[0]:47957005 [1]:6012154 [2]:104 [3]:80
[0]:48161952 [1]:6042599 [2]:104 [3]:365
[0]:48368318 [1]:6073345 [2]:104 [3]:363
[0]:48595368 [1]:6107083 [2]:104 [3]:364
[0]:48797762 [1]:6136996 [2]:104 [3]:362
[0]:49029819 [1]:6171434 [2]:104 [3]:358
[0]:49300697 [1]:6211659 [2]:104 [3]:361
[0]:49509611 [1]:6242528 [2]:104 [3]:368
[0]:49718561 [1]:6273422 [2]:104 [3]:371
[0]:49919852 [1]:6303232 [2]:104 [3]:360
[0]:50137813 [1]:6335679 [2]:104 [3]:356
[0]:50356956 [1]:6368242 [2]:104 [3]:358
[0]:50576747 [1]:6400914 [2]:104 [3]:371
[0]:50786333 [1]:6431957 [2]:104 [3]:364
[0]:50995385 [1]:6462957 [2]:104 [3]:356
[0]:51200425 [1]:6493423 [2]:108 [3]:367
[0]:51408993 [1]:6524355 [2]:108 [3]:371
[0]:51614122 [1]:6554765 [2]:108 [3]:368
[0]:51819093 [1]:6585207 [2]:108 [3]:370
[0]:52023870 [1]:6615654 [2]:108 [3]:366
[0]:52220934 [1]:6644960 [2]:108 [3]:365
[0]:52425896 [1]:6675342 [2]:108 [3]:374
[0]:52638634 [1]:6706987 [2]:108 [3]:75
[0]:52839633 [1]:6736870 [2]:108 [3]:81
[0]:53077855 [1]:6772293 [2]:108 [3]:369
[0]:53330887 [1]:6809885 [2]:108 [3]:373
[0]:53525718 [1]:6838893 [2]:108 [3]:360
[0]:53734006 [1]:6869800 [2]:108 [3]:361
[0]:53934990 [1]:6899604 [2]:108 [3]:359
[0]:54135262 [1]:6929270 [2]:108 [3]:361
[0]:54340056 [1]:6959549 [2]:108 [3]:361
[0]:54541976 [1]:6989444 [2]:108 [3]:85
[0]:54746900 [1]:7019906 [2]:112 [3]:363
[0]:54952952 [1]:7050594 [2]:112 [3]:362
[0]:55160485 [1]:7081471 [2]:112 [3]:359
[0]:55365474 [1]:7111817 [2]:112 [3]:370
[0]:55566381 [1]:7141545 [2]:112 [3]:368
[0]:55771676 [1]:7171972 [2]:112 [3]:368
[0]:55972546 [1]:7201707 [2]:112 [3]:368
[0]:56184047 [1]:7233184 [2]:112 [3]:363
[0]:56390082 [1]:7263857 [2]:112 [3]:366
[0]:56602785 [1]:7295415 [2]:112 [3]:81
[0]:56803728 [1]:7325220 [2]:112 [3]:74
[0]:57027455 [1]:7358502 [2]:112 [3]:366
[0]:57236405 [1]:7389705 [2]:112 [3]:360
