[0]:14709916 [1]:1418558 [2]:101 [3]:93
[0]:14927435 [1]:1434361 [2]:101 [3]:354
[0]:15154981 [1]:1451046 [2]:101 [3]:104
[0]:15361907 [1]:1465942 [2]:101 [3]:353
[0]:15565936 [1]:1480697 [2]:101 [3]:86
[0]:15784974 [1]:1496581 [2]:101 [3]:369
[0]:16010058 [1]:1513014 [2]:101 [3]:81
[0]:16236249 [1]:1529649 [2]:101 [3]:377
[0]:16460394 [1]:1545855 [2]:101 [3]:372
[0]:16673684 [1]:1561322 [2]:101 [3]:366
[0]:16909297 [1]:1578521 [2]:101 [3]:83
[0]:17131633 [1]:1594902 [2]:101 [3]:94
[0]:17342593 [1]:1610965 [2]:101 [3]:354
[0]:17556379 [1]:1627244 [2]:98 [3]:377
[0]:17769412 [1]:1642900 [2]:98 [3]:88
[0]:17987119 [1]:1658564 [2]:98 [3]:85
[0]:18199004 [1]:1673851 [2]:98 [3]:362
[0]:18429568 [1]:1690673 [2]:98 [3]:368
[0]:18641644 [1]:1706010 [2]:98 [3]:357
[0]:18852483 [1]:1721308 [2]:98 [3]:85
[0]:19056496 [1]:1736121 [2]:98 [3]:88
[0]:19267060 [1]:1751638 [2]:98 [3]:366
[0]:19480027 [1]:1767402 [2]:98 [3]:95
[0]:19685042 [1]:1782634 [2]:98 [3]:101
[0]:19904387 [1]:1798905 [2]:98 [3]:99
[0]:20115215 [1]:1814180 [2]:98 [3]:65
[0]:20332023 [1]:1829840 [2]:98 [3]:372
[0]:20550236 [1]:1845590 [2]:98 [3]:79
[0]:20763475 [1]:1861267 [2]:98 [3]:84
[0]:20968863 [1]:1876198 [2]:96 [3]:92
[0]:21174148 [1]:1891245 [2]:96 [3]:84
[0]:21395192 [1]:1907241 [2]:96 [3]:102
[0]:21616634 [1]:1923405 [2]:96 [3]:357
[0]:21828795 [1]:1939018 [2]:96 [3]:366
[0]:22037681 [1]:1954181 [2]:96 [3]:84
[0]:22240069 [1]:1969453 [2]:96 [3]:370
[0]:22474033 [1]:1986755 [2]:96 [3]:368
[0]:22678585 [1]:2001736 [2]:96 [3]:87
[0]:22954522 [1]:2021801 [2]:96 [3]:377
[0]:23164189 [1]:2036899 [2]:96 [3]:355
[0]:23368599 [1]:2051724 [2]:96 [3]:360
[0]:23649624 [1]:2072505 [2]:96 [3]:99
[0]:23859102 [1]:2087805 [2]:96 [3]:83
[0]:24062898 [1]:2102712 [2]:94 [3]:363
[0]:24277464 [1]:2118360 [2]:94 [3]:99
[0]:24492526 [1]:2133943 [2]:94 [3]:80
[0]:24700474 [1]:2149176 [2]:94 [3]:364
[0]:24907017 [1]:2164344 [2]:94 [3]:365
[0]:25115143 [1]:2179549 [2]:94 [3]:74
[0]:25324619 [1]:2194674 [2]:94 [3]:89
[0]:25530111 [1]:2209503 [2]:94 [3]:76
[0]:25746939 [1]:2225332 [2]:94 [3]:79
[0]:25968677 [1]:2241350 [2]:94 [3]:370
[0]:26182172 [1]:2256796 [2]:94 [3]:86
[0]:26390009 [1]:2271938 [2]:94 [3]:77
[0]:26632539 [1]:2289509 [2]:94 [3]:373
[0]:26847240 [1]:2305113 [2]:94 [3]:79
[0]:27061561 [1]:2320602 [2]:94 [3]:85
[0]:27260881 [1]:2335140 [2]:91 [3]:361
[0]:27473271 [1]:2350462 [2]:91 [3]:358
[0]:27688044 [1]:2365954 [2]:91 [3]:74
[0]:27898500 [1]:2381222 [2]:91 [3]:362
[0]:28111063 [1]:2396842 [2]:91 [3]:89
[0]:28342346 [1]:2413722 [2]:91 [3]:358
[0]:28583147 [1]:2430987 [2]:91 [3]:361
[0]:28824242 [1]:2448359 [2]:91 [3]:380
[0]:29031760 [1]:2463297 [2]:91 [3]:363
[0]:29248903 [1]:2479216 [2]:91 [3]:89
[0]:29454231 [1]:2494213 [2]:91 [3]:97
[0]:29667912 [1]:2509563 [2]:91 [3]:76
[0]:29895450 [1]:2525996 [2]:91 [3]:359
[0]:30124163 [1]:2542912 [2]:91 [3]:93
[0]:30349017 [1]:2567005 [2]:91 [3]:372
