[0]:106963551 [1]:16503923 [2]:126 [3]:367
[0]:107180709 [1]:16536070 [2]:126 [3]:363
[0]:107382261 [1]:16565999 [2]:126 [3]:368
[0]:107593082 [1]:16597259 [2]:126 [3]:374
[0]:107797116 [1]:16627440 [2]:126 [3]:374
[0]:108037231 [1]:16663221 [2]:126 [3]:362
[0]:108242492 [1]:16693704 [2]:126 [3]:361
[0]:108486115 [1]:16729856 [2]:126 [3]:363
[0]:108691676 [1]:16760463 [2]:126 [3]:362
[0]:108897207 [1]:16791079 [2]:126 [3]:380
[0]:109113074 [1]:16823119 [2]:126 [3]:80
[0]:109325132 [1]:16854481 [2]:126 [3]:84
[0]:109539751 [1]:16886304 [2]:126 [3]:372
[0]:109736639 [1]:16915479 [2]:126 [3]:370
[0]:109941583 [1]:16945977 [2]:126 [3]:353
[0]:110144938 [1]:16976194 [2]:126 [3]:356
[0]:110355183 [1]:17007430 [2]:126 [3]:78
[0]:110581101 [1]:17040992 [2]:126 [3]:360
[0]:110804604 [1]:17074182 [2]:126 [3]:355
[0]:111013619 [1]:17105200 [2]:126 [3]:360
[0]:111226275 [1]:17136872 [2]:126 [3]:371
[0]:111443107 [1]:17169031 [2]:126 [3]:79
[0]:111683178 [1]:17204583 [2]:126 [3]:362
[0]:111945854 [1]:17243569 [2]:126 [3]:371
[0]:112168340 [1]:17276593 [2]:126 [3]:365
[0]:112381933 [1]:17308260 [2]:126 [3]:368
[0]:112601677 [1]:17340790 [2]:126 [3]:365
[0]:112814382 [1]:17372350 [2]:126 [3]:364
[0]:113020216 [1]:17402924 [2]:126 [3]:365
[0]:113226828 [1]:17433566 [2]:126 [3]:367
[0]:113437122 [1]:17464736 [2]:126 [3]:362
[0]:113646156 [1]:17495660 [2]:126 [3]:364
[0]:113854921 [1]:17526556 [2]:126 [3]:370
[0]:114097841 [1]:17562644 [2]:128 [3]:359
[0]:114314304 [1]:17594730 [2]:128 [3]:364
[0]:114544597 [1]:17628922 [2]:128 [3]:366
[0]:114749583 [1]:17659345 [2]:128 [3]:84
[0]:114963355 [1]:17691064 [2]:128 [3]:361
[0]:115167223 [1]:17721204 [2]:128 [3]:359
[0]:115423551 [1]:17759106 [2]:128 [3]:362
[0]:115632351 [1]:17790092 [2]:128 [3]:367
[0]:115856637 [1]:17823402 [2]:128 [3]:364
[0]:116068984 [1]:17854869 [2]:128 [3]:76
[0]:116282437 [1]:17886622 [2]:128 [3]:377
[0]:116503978 [1]:17919424 [2]:128 [3]:370
[0]:116715982 [1]:17950913 [2]:128 [3]:374
[0]:116924815 [1]:17981986 [2]:128 [3]:72
[0]:117129833 [1]:18012359 [2]:128 [3]:358
[0]:117370358 [1]:18047984 [2]:128 [3]:360
[0]:117583192 [1]:18079416 [2]:128 [3]:359
[0]:117792285 [1]:18110363 [2]:128 [3]:366
[0]:118035239 [1]:18146403 [2]:128 [3]:355
[0]:118242622 [1]:18177204 [2]:128 [3]:361
[0]:118465875 [1]:18210311 [2]:128 [3]:366
[0]:118682126 [1]:18242303 [2]:128 [3]:363
[0]:118891628 [1]:18273344 [2]:128 [3]:368
[0]:119104481 [1]:18304964 [2]:128 [3]:360
[0]:119317180 [1]:18336589 [2]:128 [3]:374
[0]:119525940 [1]:18367506 [2]:128 [3]:369
[0]:119742721 [1]:18399704 [2]:128 [3]:360
[0]:119963169 [1]:18432421 [2]:128 [3]:362
[0]:120180660 [1]:18464891 [2]:128 [3]:363
[0]:120392879 [1]:18496340 [2]:128 [3]:362
[0]:120601802 [1]:18527395 [2]:128 [3]:365
[0]:120820953 [1]:18559866 [2]:128 [3]:368
[0]:121027265 [1]:18590597 [2]:128 [3]:371
[0]:121228279 [1]:18620473 [2]:130 [3]:368
[0]:121437316 [1]:18651382 [2]:130 [3]:75
[0]:121653997 [1]:18683489 [2]:130 [3]:370
[0]:121866408 [1]:18715023 [2]:130 [3]:358
[0]:122075588 [1]:18746043 [2]:130 [3]:362
[0]:122283678 [1]:18776886 [2]:130 [3]:367
[0]:122493434 [1]:18807964 [2]:130 [3]:359
