[0]:784469218 [1]:477299777 [2]:7 [3]:20
[0]:785762004 [1]:477963870 [2]:7 [3]:19
[0]:786987555 [1]:478593423 [2]:7 [3]:13
[0]:788147251 [1]:479186393 [2]:7 [3]:12
[0]:789321846 [1]:479781481 [2]:7 [3]:51
[0]:790443683 [1]:480356174 [2]:7 [3]:12
[0]:791530938 [1]:480912172 [2]:7 [3]:6
[0]:792741889 [1]:481533395 [2]:7 [3]:21
[0]:793852974 [1]:482099936 [2]:7 [3]:9
[0]:795068312 [1]:482726056 [2]:7 [3]:47
[0]:796216633 [1]:483313723 [2]:7 [3]:49
[0]:797387598 [1]:483915487 [2]:7 [3]:52
[0]:798395264 [1]:484428725 [2]:7 [3]:12
[0]:799420341 [1]:484954730 [2]:7 [3]:17
[0]:800413635 [1]:485465609 [2]:7 [3]:14
[0]:801486551 [1]:486019447 [2]:7 [3]:13
[0]:802510834 [1]:486545488 [2]:7 [3]:54
[0]:803577923 [1]:487091646 [2]:7 [3]:53
[0]:804595480 [1]:487612618 [2]:7 [3]:11
[0]:805641929 [1]:488148284 [2]:7 [3]:11
[0]:806661415 [1]:488668259 [2]:7 [3]:12
[0]:807660433 [1]:489183339 [2]:7 [3]:55
[0]:808670220 [1]:489706486 [2]:7 [3]:52
[0]:809629176 [1]:490200560 [2]:7 [3]:52
[0]:810578241 [1]:490686984 [2]:7 [3]:12
[0]:811676963 [1]:491249411 [2]:7 [3]:13
[0]:812922463 [1]:491887088 [2]:7 [3]:11
[0]:814221583 [1]:492554849 [2]:7 [3]:14
[0]:815405154 [1]:493162984 [2]:7 [3]:18
[0]:816585947 [1]:493773867 [2]:7 [3]:54
[0]:817666378 [1]:494329217 [2]:7 [3]:15
[0]:818813073 [1]:494916577 [2]:7 [3]:54
[0]:819984199 [1]:495517690 [2]:7 [3]:12
[0]:821105818 [1]:496090557 [2]:7 [3]:51
[0]:822268875 [1]:496688405 [2]:7 [3]:13
[0]:823422126 [1]:497281404 [2]:7 [3]:49
[0]:824520601 [1]:497843429 [2]:7 [3]:6
[0]:825594342 [1]:498393112 [2]:7 [3]:41
[0]:826693797 [1]:498956098 [2]:7 [3]:53
[0]:827813002 [1]:499526062 [2]:7 [3]:16
[0]:828960419 [1]:500113858 [2]:7 [3]:14
[0]:830221518 [1]:500765067 [2]:7 [3]:57
[0]:831421520 [1]:501375339 [2]:7 [3]:54
[0]:832554779 [1]:501955492 [2]:7 [3]:53
[0]:833692870 [1]:502538440 [2]:7 [3]:25
[0]:834841717 [1]:503136253 [2]:7 [3]:50
[0]:836023311 [1]:503745280 [2]:7 [3]:49
[0]:837123536 [1]:504308260 [2]:7 [3]:12
[0]:838780368 [1]:505158481 [2]:7 [3]:13
[0]:839940585 [1]:505751787 [2]:7 [3]:14
[0]:841046135 [1]:506318462 [2]:7 [3]:52
[0]:842351024 [1]:506986310 [2]:7 [3]:57
[0]:843467816 [1]:507561809 [2]:7 [3]:10
[0]:844571854 [1]:508131657 [2]:7 [3]:13
[0]:845689667 [1]:508705327 [2]:7 [3]:47
[0]:846805973 [1]:509280175 [2]:7 [3]:47
[0]:847901549 [1]:509850026 [2]:7 [3]:53
[0]:849194041 [1]:510508648 [2]:7 [3]:11
[0]:850266140 [1]:511056555 [2]:7 [3]:14
[0]:851439776 [1]:511658744 [2]:7 [3]:10
[0]:852670941 [1]:512293044 [2]:7 [3]:47
[0]:853769279 [1]:512856843 [2]:7 [3]:19
[0]:854790739 [1]:513382523 [2]:7 [3]:10
[0]:855819490 [1]:513908549 [2]:7 [3]:10
[0]:856880311 [1]:514448232 [2]:7 [3]:16
[0]:857889855 [1]:514963047 [2]:7 [3]:13
[0]:858857506 [1]:515459188 [2]:7 [3]:49
[0]:859841781 [1]:515963751 [2]:7 [3]:12
[0]:861034156 [1]:516581481 [2]:7 [3]:9
[0]:862093759 [1]:517128373 [2]:7 [3]:11
[0]:863060958 [1]:517625937 [2]:7 [3]:15
[0]:864053959 [1]:518132908 [2]:7 [3]:52
[0]:865307303 [1]:518782068 [2]:7 [3]:16
[0]:866286737 [1]:519282749 [2]:7 [3]:48
[0]:867308991 [1]:519808515 [2]:7 [3]:14
[0]:868762249 [1]:520551316 [2]:7 [3]:16
[0]:869974802 [1]:521172931 [2]:7 [3]:13
[0]:871190130 [1]:521794075 [2]:7 [3]:23
