[0]:106600870 [1]:18885937 [2]:167 [3]:79
[0]:106811992 [1]:18917458 [2]:167 [3]:360
[0]:107013705 [1]:18947383 [2]:165 [3]:366
[0]:107217978 [1]:18977628 [2]:165 [3]:77
[0]:107428290 [1]:19008691 [2]:165 [3]:359
[0]:107628515 [1]:19038495 [2]:165 [3]:375
[0]:107830009 [1]:19068373 [2]:165 [3]:369
[0]:108038116 [1]:19099228 [2]:165 [3]:370
[0]:108239284 [1]:19129067 [2]:165 [3]:370
[0]:108450008 [1]:19160320 [2]:165 [3]:363
[0]:108665137 [1]:19192193 [2]:165 [3]:372
[0]:108878554 [1]:19223902 [2]:165 [3]:361
[0]:109079479 [1]:19253656 [2]:165 [3]:365
[0]:109338415 [1]:19292124 [2]:165 [3]:359
[0]:109545628 [1]:19322966 [2]:165 [3]:373
[0]:109795060 [1]:19359975 [2]:165 [3]:358
[0]:110001557 [1]:19390613 [2]:165 [3]:365
[0]:110210443 [1]:19421688 [2]:165 [3]:368
[0]:110448771 [1]:19456980 [2]:165 [3]:369
[0]:110655799 [1]:19487639 [2]:152 [3]:362
[0]:110876334 [1]:19520350 [2]:152 [3]:361
[0]:111116675 [1]:19555956 [2]:152 [3]:82
[0]:111319906 [1]:19586124 [2]:152 [3]:360
[0]:111530669 [1]:19617334 [2]:152 [3]:363
[0]:111751179 [1]:19650007 [2]:152 [3]:355
[0]:111972193 [1]:19682784 [2]:152 [3]:364
[0]:112192795 [1]:19715606 [2]:152 [3]:368
[0]:112401579 [1]:19746503 [2]:152 [3]:369
[0]:112614405 [1]:19778141 [2]:152 [3]:360
[0]:112815408 [1]:19807999 [2]:152 [3]:363
[0]:113031972 [1]:19840046 [2]:152 [3]:369
[0]:113233190 [1]:19869889 [2]:152 [3]:355
[0]:113440570 [1]:19900666 [2]:152 [3]:79
[0]:113658804 [1]:19933058 [2]:152 [3]:360
[0]:113878248 [1]:19965603 [2]:152 [3]:84
[0]:114088337 [1]:19996816 [2]:151 [3]:84
[0]:114291287 [1]:20026903 [2]:151 [3]:364
[0]:114501012 [1]:20057863 [2]:151 [3]:347
[0]:114703239 [1]:20087878 [2]:151 [3]:368
[0]:114970244 [1]:20127513 [2]:151 [3]:363
[0]:115176039 [1]:20158079 [2]:151 [3]:363
[0]:115382414 [1]:20188629 [2]:151 [3]:359
[0]:115585902 [1]:20218792 [2]:151 [3]:364
[0]:115817189 [1]:20253091 [2]:151 [3]:363
[0]:116027388 [1]:20284195 [2]:151 [3]:367
[0]:116227634 [1]:20313941 [2]:151 [3]:366
[0]:116448666 [1]:20346820 [2]:151 [3]:368
[0]:116663878 [1]:20378739 [2]:151 [3]:368
[0]:116902137 [1]:20414149 [2]:151 [3]:369
[0]:117106838 [1]:20444418 [2]:151 [3]:363
[0]:117337465 [1]:20478693 [2]:151 [3]:72
[0]:117568379 [1]:20512913 [2]:151 [3]:362
[0]:117769189 [1]:20542658 [2]:151 [3]:374
[0]:117974131 [1]:20573024 [2]:151 [3]:361
[0]:118198560 [1]:20606362 [2]:151 [3]:363
[0]:118411429 [1]:20638095 [2]:151 [3]:371
[0]:118620325 [1]:20669221 [2]:151 [3]:365
[0]:118820516 [1]:20698976 [2]:151 [3]:366
[0]:119055885 [1]:20733961 [2]:151 [3]:78
[0]:119253191 [1]:20763206 [2]:151 [3]:370
[0]:119463700 [1]:20794377 [2]:151 [3]:370
[0]:119668621 [1]:20824773 [2]:151 [3]:367
[0]:119880372 [1]:20856187 [2]:151 [3]:369
[0]:120094007 [1]:20888159 [2]:151 [3]:358
[0]:120302677 [1]:20919278 [2]:151 [3]:367
[0]:120513775 [1]:20950694 [2]:151 [3]:363
[0]:120720399 [1]:20981375 [2]:151 [3]:362
[0]:120928340 [1]:21012350 [2]:151 [3]:77
[0]:121142055 [1]:21044075 [2]:151 [3]:83
[0]:121346917 [1]:21074416 [2]:151 [3]:73
[0]:121556772 [1]:21105546 [2]:151 [3]:361
[0]:121764636 [1]:21136314 [2]:151 [3]:85
[0]:121973363 [1]:21167240 [2]:151 [3]:363
[0]:122184897 [1]:21200792 [2]:151 [3]:366
