[0]:133758901 [1]:16311897 [2]:97 [3]:53
[0]:133956990 [1]:16342431 [2]:98 [3]:372
[0]:134166751 [1]:16374668 [2]:98 [3]:56
[0]:134408268 [1]:16411902 [2]:98 [3]:364
[0]:134602654 [1]:16441748 [2]:98 [3]:362
[0]:134800444 [1]:16472175 [2]:98 [3]:363
[0]:135020701 [1]:16506113 [2]:98 [3]:63
[0]:135225879 [1]:16537721 [2]:98 [3]:83
[0]:135423718 [1]:16568141 [2]:98 [3]:66
[0]:135617168 [1]:16597900 [2]:98 [3]:367
[0]:135816280 [1]:16628521 [2]:98 [3]:363
[0]:136013337 [1]:16658874 [2]:101 [3]:368
[0]:136218502 [1]:16690579 [2]:101 [3]:63
[0]:136405060 [1]:16719339 [2]:101 [3]:354
[0]:136614170 [1]:16751520 [2]:101 [3]:56
[0]:136810083 [1]:16781709 [2]:101 [3]:357
[0]:137004657 [1]:16811634 [2]:101 [3]:363
[0]:137206589 [1]:16842734 [2]:101 [3]:371
[0]:137436957 [1]:16878247 [2]:101 [3]:55
[0]:137641448 [1]:16909762 [2]:101 [3]:63
[0]:137845603 [1]:16941128 [2]:101 [3]:66
[0]:138039681 [1]:16971058 [2]:102 [3]:373
[0]:138281860 [1]:17008428 [2]:102 [3]:362
[0]:138489698 [1]:17040507 [2]:102 [3]:370
[0]:138688797 [1]:17071137 [2]:102 [3]:367
[0]:138914157 [1]:17105947 [2]:102 [3]:362
[0]:139106759 [1]:17135678 [2]:102 [3]:367
[0]:139296932 [1]:17164988 [2]:102 [3]:362
[0]:139525403 [1]:17200080 [2]:102 [3]:57
[0]:139726222 [1]:17230923 [2]:102 [3]:74
[0]:139916618 [1]:17260246 [2]:102 [3]:362
[0]:140121876 [1]:17291749 [2]:103 [3]:355
[0]:140319761 [1]:17322172 [2]:103 [3]:59
[0]:140520680 [1]:17353082 [2]:103 [3]:365
[0]:140719976 [1]:17383774 [2]:103 [3]:359
[0]:140913118 [1]:17413628 [2]:103 [3]:60
[0]:141100635 [1]:17442484 [2]:103 [3]:362
[0]:141313304 [1]:17475312 [2]:103 [3]:72
[0]:141509886 [1]:17505653 [2]:103 [3]:372
[0]:141707780 [1]:17536148 [2]:103 [3]:364
[0]:141905517 [1]:17566625 [2]:103 [3]:363
[0]:142099278 [1]:17596460 [2]:103 [3]:69
[0]:142286146 [1]:17625298 [2]:102 [3]:71
[0]:142479189 [1]:17655069 [2]:102 [3]:69
[0]:142696120 [1]:17688593 [2]:102 [3]:64
[0]:142922492 [1]:17723440 [2]:102 [3]:64
[0]:143110809 [1]:17752386 [2]:102 [3]:364
[0]:143329923 [1]:17786093 [2]:102 [3]:61
[0]:143517662 [1]:17814952 [2]:102 [3]:354
[0]:143714866 [1]:17845366 [2]:102 [3]:368
[0]:143943189 [1]:17880477 [2]:102 [3]:365
[0]:144137132 [1]:17910391 [2]:102 [3]:57
[0]:144334858 [1]:17940882 [2]:102 [3]:368
[0]:144528890 [1]:17970853 [2]:102 [3]:58
[0]:144721806 [1]:18000496 [2]:102 [3]:354
[0]:144913427 [1]:18029923 [2]:102 [3]:55
[0]:145103577 [1]:18059209 [2]:102 [3]:79
[0]:145296792 [1]:18088931 [2]:102 [3]:61
[0]:145488102 [1]:18118349 [2]:102 [3]:58
[0]:145681886 [1]:18148071 [2]:102 [3]:63
[0]:145895515 [1]:18181047 [2]:102 [3]:360
[0]:146103293 [1]:18213056 [2]:102 [3]:360
[0]:146297968 [1]:18243044 [2]:102 [3]:364
[0]:146484336 [1]:18271718 [2]:102 [3]:62
[0]:146675048 [1]:18301198 [2]:102 [3]:67
[0]:146901404 [1]:18336112 [2]:102 [3]:62
[0]:147094599 [1]:18365864 [2]:102 [3]:55
[0]:147297978 [1]:18397209 [2]:102 [3]:357
[0]:147487509 [1]:18426433 [2]:102 [3]:365
[0]:147699320 [1]:18459049 [2]:102 [3]:72
[0]:147897269 [1]:18489500 [2]:102 [3]:360
[0]:148089032 [1]:18518970 [2]:102 [3]:351
[0]:148286932 [1]:18549354 [2]:102 [3]:355
[0]:148481048 [1]:18579262 [2]:102 [3]:59
[0]:148670761 [1]:18608522 [2]:102 [3]:360
[0]:148861372 [1]:18637841 [2]:102 [3]:72
[0]:149055645 [1]:18667739 [2]:102 [3]:360
[0]:149256905 [1]:18698759 [2]:102 [3]:68
[0]:149458732 [1]:18729760 [2]:102 [3]:367
[0]:149660148 [1]:18760839 [2]:102 [3]:370
[0]:149858595 [1]:18791336 [2]:102 [3]:370
[0]:150052096 [1]:18821191 [2]:102 [3]:363
[0]:150238907 [1]:18850001 [2]:102 [3]:356
[0]:150431326 [1]:18879523 [2]:102 [3]:360
[0]:150623161 [1]:18908989 [2]:102 [3]:355
[0]:150817298 [1]:18938871 [2]:102 [3]:60
[0]:151009876 [1]:18968475 [2]:102 [3]:54
[0]:151201593 [1]:18998110 [2]:102 [3]:359
[0]:151400086 [1]:19028563 [2]:102 [3]:62
[0]:151597356 [1]:19058975 [2]:102 [3]:59
[0]:151791257 [1]:19088856 [2]:102 [3]:358
[0]:151986091 [1]:19118887 [2]:102 [3]:60
[0]:152183104 [1]:19149274 [2]:102 [3]:357
[0]:152382282 [1]:19179912 [2]:102 [3]:56
[0]:152568366 [1]:19208689 [2]:102 [3]:66
[0]:152767544 [1]:19239476 [2]:102 [3]:358
[0]:152958620 [1]:19269016 [2]:102 [3]:356
[0]:153153136 [1]:19298927 [2]:102 [3]:64
[0]:153343302 [1]:19328282 [2]:102 [3]:65
[0]:153541070 [1]:19358692 [2]:102 [3]:74
[0]:153749771 [1]:19390802 [2]:102 [3]:359
[0]:153958096 [1]:19422859 [2]:102 [3]:364
[0]:154156974 [1]:19453413 [2]:102 [3]:362
[0]:154358483 [1]:19484482 [2]:102 [3]:78
[0]:154562307 [1]:19515875 [2]:102 [3]:366
[0]:154762707 [1]:19546762 [2]:102 [3]:344
[0]:154951776 [1]:19575880 [2]:102 [3]:64
[0]:155149486 [1]:19606320 [2]:102 [3]:368
[0]:155362336 [1]:19639045 [2]:102 [3]:365
[0]:155560208 [1]:19669526 [2]:102 [3]:55
[0]:155795284 [1]:19705670 [2]:102 [3]:359
[0]:156003775 [1]:19737794 [2]:102 [3]:369
[0]:156204459 [1]:19768682 [2]:102 [3]:64
[0]:156399903 [1]:19798685 [2]:102 [3]:359
[0]:156594029 [1]:19828557 [2]:103 [3]:361
[0]:156798759 [1]:19860178 [2]:103 [3]:64
[0]:156985816 [1]:19888923 [2]:103 [3]:367
[0]:157243328 [1]:19928651 [2]:103 [3]:369
[0]:157441182 [1]:19959077 [2]:103 [3]:365
[0]:157630671 [1]:19988181 [2]:103 [3]:352
[0]:157836434 [1]:20019856 [2]:103 [3]:54
[0]:158029261 [1]:20049563 [2]:103 [3]:369
[0]:158224695 [1]:20079679 [2]:103 [3]:364
[0]:158441269 [1]:20113072 [2]:103 [3]:58
[0]:158657587 [1]:20146406 [2]:102 [3]:60
[0]:158848046 [1]:20175744 [2]:102 [3]:357
[0]:159053247 [1]:20207295 [2]:102 [3]:363
[0]:159303167 [1]:20245843 [2]:102 [3]:366
[0]:159504772 [1]:20276910 [2]:102 [3]:65
[0]:159710022 [1]:20308511 [2]:102 [3]:368
[0]:159903919 [1]:20338405 [2]:102 [3]:60
[0]:160150234 [1]:20376309 [2]:102 [3]:364
[0]:160347991 [1]:20406824 [2]:102 [3]:359
[0]:160545864 [1]:20437309 [2]:102 [3]:76
[0]:160784665 [1]:20474061 [2]:102 [3]:65
[0]:160975069 [1]:20503414 [2]:102 [3]:369
[0]:161195050 [1]:20537361 [2]:102 [3]:365
[0]:161418620 [1]:20571756 [2]:102 [3]:62
[0]:161609308 [1]:20601023 [2]:102 [3]:367
[0]:161807251 [1]:20631512 [2]:102 [3]:358
[0]:161998944 [1]:20661073 [2]:102 [3]:358
[0]:162210374 [1]:20693546 [2]:102 [3]:360
[0]:162426405 [1]:20726799 [2]:102 [3]:362
[0]:162621880 [1]:20756919 [2]:102 [3]:353
[0]:162822328 [1]:20787774 [2]:102 [3]:66
[0]:163042513 [1]:20821558 [2]:102 [3]:63
[0]:163253479 [1]:20854100 [2]:102 [3]:364
[0]:163471836 [1]:20887632 [2]:102 [3]:362
[0]:163661957 [1]:20916846 [2]:102 [3]:359
[0]:163848850 [1]:20945586 [2]:102 [3]:364
[0]:164046595 [1]:20975999 [2]:102 [3]:60
[0]:164240512 [1]:21005878 [2]:102 [3]:64
[0]:164438790 [1]:21036325 [2]:102 [3]:84
[0]:164636155 [1]:21066818 [2]:103 [3]:360
[0]:164830235 [1]:21096674 [2]:103 [3]:60
[0]:165028010 [1]:21127164 [2]:103 [3]:361
[0]:165233378 [1]:21158735 [2]:103 [3]:62
[0]:165423295 [1]:21188029 [2]:103 [3]:365
[0]:165634067 [1]:21220467 [2]:103 [3]:61
[0]:165826598 [1]:21250087 [2]:103 [3]:64
[0]:166027940 [1]:21281106 [2]:103 [3]:363
[0]:166229784 [1]:21312059 [2]:103 [3]:357
[0]:166423406 [1]:21341885 [2]:103 [3]:357
[0]:166614190 [1]:21371268 [2]:103 [3]:63
[0]:166804483 [1]:21400551 [2]:102 [3]:73
[0]:167009929 [1]:21432196 [2]:102 [3]:365
[0]:167203978 [1]:21462014 [2]:102 [3]:57
[0]:167394132 [1]:21491333 [2]:102 [3]:366
[0]:167587907 [1]:21521195 [2]:102 [3]:52
[0]:167788327 [1]:21552128 [2]:102 [3]:62
[0]:167983711 [1]:21582205 [2]:102 [3]:56
[0]:168174139 [1]:21611479 [2]:102 [3]:59
[0]:168364566 [1]:21640763 [2]:102 [3]:65
[0]:168557125 [1]:21670483 [2]:102 [3]:65
[0]:168756317 [1]:21701111 [2]:102 [3]:359
[0]:168972594 [1]:21734365 [2]:102 [3]:359
[0]:169172905 [1]:21765280 [2]:102 [3]:367
[0]:169364423 [1]:21794906 [2]:102 [3]:367
[0]:169562184 [1]:21825330 [2]:102 [3]:356
[0]:169760136 [1]:21855739 [2]:102 [3]:367
[0]:169945928 [1]:21884285 [2]:102 [3]:364
[0]:170152036 [1]:21915977 [2]:102 [3]:57
[0]:170420749 [1]:21957265 [2]:102 [3]:370
[0]:170655782 [1]:21993585 [2]:102 [3]:56
[0]:170846192 [1]:22022893 [2]:102 [3]:62
[0]:171107250 [1]:22063112 [2]:102 [3]:69
[0]:171297523 [1]:22092373 [2]:102 [3]:360
[0]:171491765 [1]:22122254 [2]:102 [3]:369
[0]:171676116 [1]:22150759 [2]:102 [3]:80
[0]:171876103 [1]:22181506 [2]:102 [3]:364
[0]:172072763 [1]:22211783 [2]:102 [3]:367
[0]:172267918 [1]:22241916 [2]:102 [3]:59
[0]:172465422 [1]:22272418 [2]:102 [3]:68
[0]:172655777 [1]:22301790 [2]:102 [3]:65
[0]:172849923 [1]:22331555 [2]:102 [3]:63
[0]:173054595 [1]:22363120 [2]:102 [3]:359
[0]:173287054 [1]:22398921 [2]:102 [3]:57
[0]:173486203 [1]:22429543 [2]:102 [3]:360
[0]:173678319 [1]:22459060 [2]:102 [3]:58
[0]:173876267 [1]:22489529 [2]:102 [3]:362
[0]:174077650 [1]:22520486 [2]:102 [3]:61
[0]:174278477 [1]:22551395 [2]:102 [3]:371
[0]:174473419 [1]:22581470 [2]:102 [3]:53
[0]:174664818 [1]:22610874 [2]:102 [3]:362
[0]:174853835 [1]:22640025 [2]:102 [3]:59
[0]:175062770 [1]:22672360 [2]:102 [3]:64
[0]:175264451 [1]:22703446 [2]:102 [3]:70
[0]:175462085 [1]:22733943 [2]:102 [3]:356
[0]:175660002 [1]:22764355 [2]:102 [3]:56
[0]:175891218 [1]:22799919 [2]:102 [3]:363
[0]:176085228 [1]:22829879 [2]:102 [3]:59
[0]:176321127 [1]:22866250 [2]:102 [3]:366
[0]:176512953 [1]:22895757 [2]:102 [3]:61
[0]:176704652 [1]:22925350 [2]:102 [3]:366
[0]:176906201 [1]:22956472 [2]:102 [3]:365
[0]:177107644 [1]:22987516 [2]:102 [3]:66
[0]:177297823 [1]:23016800 [2]:102 [3]:355
[0]:177499605 [1]:23047797 [2]:102 [3]:369
[0]:177701036 [1]:23078748 [2]:102 [3]:52
[0]:177898547 [1]:23109201 [2]:102 [3]:59
[0]:178110805 [1]:23141897 [2]:102 [3]:56
[0]:178301505 [1]:23171288 [2]:102 [3]:365
[0]:178495022 [1]:23201187 [2]:102 [3]:60
[0]:178693687 [1]:23231736 [2]:102 [3]:66
[0]:178891336 [1]:23262184 [2]:102 [3]:61
[0]:179092601 [1]:23293226 [2]:102 [3]:367
[0]:179287009 [1]:23323021 [2]:102 [3]:59
[0]:179484986 [1]:23353408 [2]:102 [3]:358
[0]:179682826 [1]:23383789 [2]:102 [3]:359
[0]:179873017 [1]:23413071 [2]:102 [3]:67
[0]:180071036 [1]:23443540 [2]:102 [3]:50
[0]:180268736 [1]:23473966 [2]:102 [3]:367
[0]:180477713 [1]:23506121 [2]:102 [3]:70
[0]:180682864 [1]:23537677 [2]:102 [3]:357
[0]:180917805 [1]:23573938 [2]:102 [3]:354
[0]:181113643 [1]:23604116 [2]:103 [3]:73
[0]:181339659 [1]:23638830 [2]:103 [3]:363
[0]:181537571 [1]:23669327 [2]:103 [3]:368
[0]:181740827 [1]:23700575 [2]:103 [3]:65
[0]:181940758 [1]:23731350 [2]:103 [3]:363
[0]:182134665 [1]:23761212 [2]:103 [3]:63
[0]:182332462 [1]:23791593 [2]:103 [3]:357
[0]:182537787 [1]:23823186 [2]:103 [3]:61
[0]:182728098 [1]:23852531 [2]:103 [3]:368
[0]:182933410 [1]:23884073 [2]:103 [3]:239
[0]:183130345 [1]:23914343 [2]:102 [3]:365
[0]:183321602 [1]:23943756 [2]:102 [3]:363
[0]:183526849 [1]:23975367 [2]:102 [3]:357
[0]:183724731 [1]:24005784 [2]:102 [3]:369
[0]:183916467 [1]:24035354 [2]:102 [3]:363
[0]:184104905 [1]:24064397 [2]:102 [3]:357
[0]:184301467 [1]:24094669 [2]:102 [3]:361
[0]:184503346 [1]:24125765 [2]:102 [3]:72
[0]:184702334 [1]:24156408 [2]:102 [3]:354
[0]:184903825 [1]:24187444 [2]:102 [3]:365
[0]:185101776 [1]:24217831 [2]:102 [3]:74
[0]:185350055 [1]:24256063 [2]:102 [3]:364
[0]:185556888 [1]:24288055 [2]:102 [3]:364
[0]:185750970 [1]:24317887 [2]:102 [3]:365
[0]:185945055 [1]:24347757 [2]:102 [3]:67
[0]:186142913 [1]:24378236 [2]:102 [3]:364
[0]:186340634 [1]:24408634 [2]:102 [3]:364
[0]:186545857 [1]:24440211 [2]:102 [3]:355
[0]:186743870 [1]:24470653 [2]:102 [3]:363
[0]:186975192 [1]:24506165 [2]:102 [3]:60
[0]:187166215 [1]:24535614 [2]:102 [3]:55
[0]:187363228 [1]:24566067 [2]:102 [3]:75
[0]:187551531 [1]:24595079 [2]:102 [3]:54
[0]:187769882 [1]:24628561 [2]:102 [3]:367
[0]:187983102 [1]:24661322 [2]:102 [3]:64
[0]:188183627 [1]:24692308 [2]:102 [3]:59
[0]:188388930 [1]:24723864 [2]:102 [3]:361
[0]:188587564 [1]:24754387 [2]:102 [3]:64
[0]:188782080 [1]:24784316 [2]:102 [3]:360
[0]:188983076 [1]:24815287 [2]:102 [3]:59
[0]:189195847 [1]:24848033 [2]:102 [3]:70
[0]:189393377 [1]:24878414 [2]:102 [3]:55
[0]:189598541 [1]:24910036 [2]:102 [3]:368
[0]:189796639 [1]:24940589 [2]:102 [3]:58
[0]:189994414 [1]:24970957 [2]:102 [3]:76
[0]:190186116 [1]:25000441 [2]:102 [3]:67
[0]:190387085 [1]:25031383 [2]:102 [3]:354
[0]:190587002 [1]:25062146 [2]:102 [3]:361
[0]:190800486 [1]:25095164 [2]:102 [3]:369
[0]:191009557 [1]:25127375 [2]:102 [3]:370
[0]:191206822 [1]:25157790 [2]:102 [3]:75
[0]:191405038 [1]:25188175 [2]:102 [3]:368
[0]:191606367 [1]:25219480 [2]:102 [3]:383
[0]:191801649 [1]:25249579 [2]:102 [3]:64
[0]:191994324 [1]:25279286 [2]:102 [3]:70
[0]:192191139 [1]:25309656 [2]:102 [3]:362
[0]:192387687 [1]:25339879 [2]:102 [3]:358
[0]:192584166 [1]:25370111 [2]:102 [3]:72
[0]:192781780 [1]:25400569 [2]:102 [3]:76
[0]:192977021 [1]:25430641 [2]:102 [3]:360
[0]:193181131 [1]:25462066 [2]:102 [3]:59
[0]:193377912 [1]:25492411 [2]:103 [3]:68
[0]:193575379 [1]:25522827 [2]:103 [3]:365
[0]:193789355 [1]:25555832 [2]:103 [3]:372
[0]:193990778 [1]:25586870 [2]:103 [3]:369
[0]:194198455 [1]:25618718 [2]:103 [3]:353
[0]:194393925 [1]:25648857 [2]:103 [3]:355
[0]:194593842 [1]:25679602 [2]:103 [3]:363
[0]:194789543 [1]:25709744 [2]:103 [3]:359
[0]:194986537 [1]:25740054 [2]:103 [3]:64
[0]:195185256 [1]:25770628 [2]:103 [3]:354
[0]:195379871 [1]:25800633 [2]:102 [3]:362
[0]:195569456 [1]:25829886 [2]:102 [3]:67
[0]:195770991 [1]:25860988 [2]:102 [3]:358
[0]:195968836 [1]:25891395 [2]:102 [3]:359
[0]:196185300 [1]:25924697 [2]:102 [3]:358
[0]:196386791 [1]:25955702 [2]:102 [3]:364
[0]:196580515 [1]:25985494 [2]:102 [3]:369
[0]:196804852 [1]:26020116 [2]:102 [3]:364
[0]:196990729 [1]:26048689 [2]:102 [3]:359
[0]:197196501 [1]:26080435 [2]:102 [3]:371
[0]:197386010 [1]:26109684 [2]:102 [3]:367
[0]:197640680 [1]:26148902 [2]:102 [3]:363
[0]:197845875 [1]:26180489 [2]:102 [3]:62
[0]:198043697 [1]:26210926 [2]:102 [3]:358
[0]:198239954 [1]:26241148 [2]:102 [3]:350
[0]:198431560 [1]:26270729 [2]:102 [3]:362
[0]:198623235 [1]:26300365 [2]:102 [3]:65
[0]:198819103 [1]:26330498 [2]:102 [3]:371
[0]:199017661 [1]:26361068 [2]:102 [3]:363
[0]:199213152 [1]:26391193 [2]:102 [3]:65
[0]:199419148 [1]:26422968 [2]:103 [3]:359
[0]:199535419 [1]:26440899 [2]:103 [3]:365
[0]:199535419 [1]:26440899 [2]:103 [3]:365
[0]:199535419 [1]:26440899 [2]:103 [3]:365
[0]:199535419 [1]:26440899 [2]:103 [3]:365
[0]:199535419 [1]:26440899 [2]:103 [3]:365
[0]:199535419 [1]:26440899 [2]:103 [3]:365
[0]:199535419 [1]:26440899 [2]:103 [3]:365
[0]:199535419 [1]:26440899 [2]:103 [3]:365
[0]:199535419 [1]:26440899 [2]:103 [3]:365
[0]:199535419 [1]:26440899 [2]:103 [3]:365
[0]:199535419 [1]:26440899 [2]:103 [3]:365
[0]:199535419 [1]:26440899 [2]:103 [3]:365
