[0]:353571517 [1]:231196026 [2]:7 [3]:15
[0]:354906590 [1]:231877605 [2]:7 [3]:13
[0]:355948157 [1]:232408040 [2]:7 [3]:16
[0]:357023943 [1]:232958368 [2]:7 [3]:16
[0]:358072461 [1]:233495466 [2]:7 [3]:54
[0]:359415043 [1]:234182815 [2]:7 [3]:15
[0]:360412768 [1]:234693584 [2]:7 [3]:9
[0]:361411580 [1]:235207224 [2]:7 [3]:56
[0]:362416210 [1]:235723027 [2]:7 [3]:16
[0]:363737804 [1]:236398328 [2]:7 [3]:48
[0]:364718214 [1]:236898332 [2]:7 [3]:15
[0]:365737371 [1]:237418486 [2]:7 [3]:10
[0]:366764107 [1]:237945565 [2]:7 [3]:16
[0]:367756077 [1]:238458326 [2]:7 [3]:12
[0]:369018699 [1]:239104309 [2]:7 [3]:9
[0]:370260132 [1]:239739919 [2]:7 [3]:8
[0]:371347444 [1]:240294626 [2]:7 [3]:49
[0]:372351660 [1]:240807947 [2]:7 [3]:49
[0]:373383017 [1]:241337107 [2]:7 [3]:50
[0]:374409188 [1]:241861216 [2]:7 [3]:15
[0]:375399065 [1]:242364943 [2]:7 [3]:9
[0]:376436068 [1]:242892382 [2]:7 [3]:58
[0]:377489716 [1]:243428521 [2]:7 [3]:16
[0]:378490145 [1]:243942429 [2]:7 [3]:11
[0]:379549740 [1]:244477133 [2]:7 [3]:49
[0]:380648356 [1]:245038780 [2]:7 [3]:56
[0]:381651163 [1]:245553128 [2]:7 [3]:14
[0]:382667310 [1]:246072713 [2]:7 [3]:8
[0]:383630164 [1]:246567200 [2]:7 [3]:51
[0]:384663379 [1]:247096797 [2]:7 [3]:12
[0]:385863195 [1]:247711073 [2]:7 [3]:9
[0]:387141677 [1]:248360761 [2]:7 [3]:18
[0]:388357943 [1]:248980217 [2]:7 [3]:13
[0]:389624628 [1]:249619435 [2]:7 [3]:51
[0]:390941806 [1]:250295313 [2]:7 [3]:12
[0]:392108516 [1]:250887296 [2]:7 [3]:56
[0]:393245277 [1]:251466938 [2]:7 [3]:10
[0]:394378603 [1]:252048488 [2]:7 [3]:45
[0]:395547853 [1]:252647130 [2]:7 [3]:11
[0]:396690135 [1]:253229928 [2]:7 [3]:14
[0]:397857519 [1]:253825856 [2]:7 [3]:13
[0]:399192969 [1]:254509276 [2]:7 [3]:15
[0]:400292695 [1]:255068938 [2]:7 [3]:12
[0]:401522421 [1]:255701358 [2]:7 [3]:13
[0]:402727255 [1]:256318362 [2]:7 [3]:47
[0]:403911015 [1]:256919557 [2]:7 [3]:13
[0]:405241308 [1]:257598728 [2]:7 [3]:11
[0]:406396631 [1]:258194394 [2]:7 [3]:14
[0]:407518913 [1]:258766661 [2]:7 [3]:10
[0]:408666401 [1]:259359482 [2]:7 [3]:45
[0]:409904347 [1]:259993048 [2]:7 [3]:54
[0]:410947105 [1]:260527286 [2]:7 [3]:9
[0]:411967641 [1]:261048931 [2]:7 [3]:13
[0]:412972747 [1]:261558889 [2]:7 [3]:12
[0]:413923460 [1]:262040298 [2]:7 [3]:50
[0]:414947758 [1]:262565615 [2]:7 [3]:48
[0]:416002985 [1]:263105403 [2]:7 [3]:12
[0]:417019387 [1]:263624957 [2]:7 [3]:11
[0]:418297857 [1]:264282952 [2]:7 [3]:55
[0]:419354707 [1]:264826607 [2]:7 [3]:52
[0]:420392355 [1]:265361722 [2]:7 [3]:18
[0]:421406599 [1]:265881360 [2]:7 [3]:13
[0]:422637949 [1]:266510416 [2]:7 [3]:53
[0]:423614060 [1]:267011166 [2]:7 [3]:15
[0]:424685774 [1]:267559996 [2]:7 [3]:17
[0]:425887961 [1]:268174268 [2]:7 [3]:12
[0]:427176212 [1]:268837912 [2]:7 [3]:15
[0]:428343940 [1]:269436298 [2]:7 [3]:48
[0]:429335255 [1]:269940113 [2]:7 [3]:10
[0]:430398585 [1]:270482337 [2]:7 [3]:12
[0]:431474529 [1]:271032171 [2]:7 [3]:13
[0]:432595337 [1]:271607325 [2]:7 [3]:17
[0]:433577425 [1]:272108431 [2]:7 [3]:15
[0]:434556253 [1]:272606961 [2]:7 [3]:10
[0]:435562198 [1]:273125023 [2]:7 [3]:14
[0]:436573344 [1]:273636744 [2]:7 [3]:11
[0]:437582599 [1]:274154082 [2]:7 [3]:50
[0]:438829289 [1]:274789332 [2]:7 [3]:10
[0]:439786085 [1]:275281319 [2]:7 [3]:50
[0]:441044052 [1]:275925523 [2]:7 [3]:15
[0]:442261220 [1]:276547087 [2]:7 [3]:56
[0]:443585086 [1]:277227288 [2]:7 [3]:14
[0]:444785341 [1]:277842433 [2]:7 [3]:14
[0]:445961176 [1]:278443617 [2]:7 [3]:20
[0]:447261539 [1]:279108808 [2]:7 [3]:15
[0]:448418531 [1]:279699482 [2]:7 [3]:11
[0]:449563817 [1]:280280187 [2]:7 [3]:17
[0]:450702947 [1]:280865400 [2]:7 [3]:10
[0]:451837463 [1]:281444843 [2]:7 [3]:16
[0]:453206708 [1]:282143289 [2]:7 [3]:55
[0]:454512527 [1]:282811318 [2]:7 [3]:52
[0]:455634901 [1]:283386648 [2]:7 [3]:51
[0]:456917996 [1]:284044661 [2]:7 [3]:55
[0]:458030336 [1]:284614913 [2]:7 [3]:14
[0]:459259904 [1]:285243394 [2]:7 [3]:12
[0]:460399617 [1]:285823191 [2]:7 [3]:51
[0]:461554783 [1]:286411300 [2]:7 [3]:13
[0]:462654994 [1]:286974550 [2]:7 [3]:48
[0]:463824260 [1]:287571810 [2]:7 [3]:16
[0]:465031611 [1]:288191740 [2]:7 [3]:14
[0]:466212105 [1]:288791936 [2]:7 [3]:12
[0]:467318109 [1]:289356195 [2]:7 [3]:10
[0]:468506700 [1]:289961877 [2]:7 [3]:52
[0]:469549722 [1]:290496465 [2]:7 [3]:58
[0]:470559052 [1]:291014059 [2]:7 [3]:51
[0]:471511246 [1]:291501716 [2]:7 [3]:11
[0]:472551221 [1]:292030997 [2]:7 [3]:12
[0]:473525672 [1]:292527488 [2]:7 [3]:15
[0]:474765217 [1]:293162784 [2]:7 [3]:15
[0]:476121858 [1]:293854425 [2]:7 [3]:17
[0]:477103068 [1]:294358529 [2]:7 [3]:47
[0]:478107901 [1]:294876644 [2]:7 [3]:13
[0]:479089530 [1]:295376860 [2]:7 [3]:12
[0]:480105700 [1]:295898435 [2]:7 [3]:57
[0]:481107632 [1]:296413452 [2]:7 [3]:10
[0]:482313142 [1]:297028173 [2]:7 [3]:16
[0]:483499289 [1]:297635686 [2]:7 [3]:11
[0]:484742235 [1]:298269195 [2]:7 [3]:14
[0]:485821925 [1]:298822902 [2]:7 [3]:14
[0]:486844870 [1]:299349704 [2]:7 [3]:10
[0]:487818342 [1]:299843460 [2]:7 [3]:10
[0]:488816701 [1]:300356577 [2]:7 [3]:12
[0]:489798253 [1]:300862025 [2]:7 [3]:9
[0]:490806119 [1]:301376834 [2]:7 [3]:51
[0]:491824337 [1]:301893318 [2]:7 [3]:14
[0]:492826946 [1]:302406473 [2]:7 [3]:11
[0]:493855002 [1]:302931528 [2]:7 [3]:11
[0]:494887267 [1]:303465544 [2]:7 [3]:15
[0]:496049655 [1]:304068130 [2]:7 [3]:13
[0]:497100842 [1]:304601334 [2]:7 [3]:8
[0]:498312046 [1]:305220601 [2]:7 [3]:18
[0]:499641915 [1]:305905981 [2]:7 [3]:50
[0]:500878484 [1]:306544528 [2]:7 [3]:14
[0]:502006219 [1]:307125767 [2]:7 [3]:15
[0]:503283682 [1]:307785848 [2]:7 [3]:49
[0]:504377988 [1]:308348631 [2]:7 [3]:11
[0]:505480473 [1]:308917310 [2]:7 [3]:10
[0]:506687620 [1]:309537568 [2]:7 [3]:54
[0]:507850085 [1]:310132651 [2]:7 [3]:10
[0]:508996100 [1]:310721093 [2]:7 [3]:59
[0]:510179393 [1]:311327496 [2]:7 [3]:17
[0]:511314653 [1]:311914093 [2]:7 [3]:13
[0]:512676286 [1]:312610788 [2]:7 [3]:11
[0]:513759544 [1]:313165341 [2]:7 [3]:53
[0]:514850356 [1]:313723617 [2]:7 [3]:11
[0]:516044996 [1]:314337329 [2]:7 [3]:53
[0]:517178853 [1]:314915816 [2]:7 [3]:10
