[0]:183876686 [1]:32846699 [2]:152 [3]:58
[0]:184081514 [1]:32893953 [2]:152 [3]:361
[0]:184279014 [1]:32939531 [2]:152 [3]:363
[0]:184470630 [1]:32983783 [2]:152 [3]:356
[0]:184672364 [1]:33030370 [2]:152 [3]:356
[0]:184861845 [1]:33074127 [2]:152 [3]:362
[0]:185079259 [1]:33124366 [2]:152 [3]:354
[0]:185280819 [1]:33170926 [2]:152 [3]:364
[0]:185476495 [1]:33216123 [2]:152 [3]:366
[0]:185672877 [1]:33261484 [2]:152 [3]:360
[0]:185877990 [1]:33308752 [2]:152 [3]:358
[0]:186072116 [1]:33353647 [2]:152 [3]:356
[0]:186272248 [1]:33399893 [2]:152 [3]:355
[0]:186503988 [1]:33453467 [2]:152 [3]:366
[0]:186729049 [1]:33505538 [2]:152 [3]:361
[0]:186960375 [1]:33558945 [2]:152 [3]:369
[0]:187161801 [1]:33605480 [2]:156 [3]:360
[0]:187358842 [1]:33651025 [2]:156 [3]:356
[0]:187560500 [1]:33697626 [2]:156 [3]:360
[0]:187755642 [1]:33742696 [2]:156 [3]:359
[0]:187955013 [1]:33788905 [2]:156 [3]:361
[0]:188148919 [1]:33833711 [2]:156 [3]:361
[0]:188356200 [1]:33881606 [2]:156 [3]:365
[0]:188550362 [1]:33926459 [2]:156 [3]:361
[0]:188747216 [1]:33971889 [2]:156 [3]:358
[0]:188942270 [1]:34016969 [2]:156 [3]:359
[0]:189136307 [1]:34061823 [2]:156 [3]:56
[0]:189326771 [1]:34105826 [2]:156 [3]:357
[0]:189524180 [1]:34151444 [2]:156 [3]:358
[0]:189722327 [1]:34197193 [2]:156 [3]:62
[0]:189909022 [1]:34240367 [2]:156 [3]:56
[0]:190103008 [1]:34285180 [2]:159 [3]:359
[0]:190332486 [1]:34338207 [2]:159 [3]:366
[0]:190520746 [1]:34381594 [2]:159 [3]:363
[0]:190715235 [1]:34426553 [2]:159 [3]:352
[0]:190912963 [1]:34472235 [2]:159 [3]:357
[0]:191110726 [1]:34517925 [2]:159 [3]:62
[0]:191297380 [1]:34561084 [2]:159 [3]:358
[0]:191488467 [1]:34605153 [2]:159 [3]:356
[0]:191689443 [1]:34651576 [2]:159 [3]:363
[0]:191878936 [1]:34695373 [2]:159 [3]:357
[0]:192081237 [1]:34742163 [2]:159 [3]:55
[0]:192287769 [1]:34789962 [2]:159 [3]:59
[0]:192487974 [1]:34836222 [2]:159 [3]:57
[0]:192678060 [1]:34880136 [2]:159 [3]:360
[0]:192880372 [1]:34926892 [2]:161 [3]:353
[0]:193081313 [1]:34973321 [2]:161 [3]:357
[0]:193279356 [1]:35019069 [2]:161 [3]:363
[0]:193475542 [1]:35064293 [2]:161 [3]:361
[0]:193663737 [1]:35107770 [2]:161 [3]:362
[0]:193869050 [1]:35155261 [2]:161 [3]:60
[0]:194063152 [1]:35200086 [2]:161 [3]:360
[0]:194285622 [1]:35251474 [2]:161 [3]:359
[0]:194473601 [1]:35294923 [2]:161 [3]:362
[0]:194671412 [1]:35340626 [2]:161 [3]:355
[0]:194869245 [1]:35386270 [2]:161 [3]:360
[0]:195063334 [1]:35431110 [2]:161 [3]:359
[0]:195270887 [1]:35478937 [2]:161 [3]:361
[0]:195479892 [1]:35527212 [2]:161 [3]:357
[0]:195684343 [1]:35574443 [2]:162 [3]:363
[0]:195951697 [1]:35636244 [2]:162 [3]:59
[0]:196149181 [1]:35681777 [2]:162 [3]:358
[0]:196354778 [1]:35729271 [2]:162 [3]:356
[0]:196548068 [1]:35773935 [2]:162 [3]:363
[0]:196739344 [1]:35818145 [2]:162 [3]:364
[0]:196933938 [1]:35863145 [2]:162 [3]:56
[0]:197123535 [1]:35906864 [2]:162 [3]:357
[0]:197321573 [1]:35952614 [2]:162 [3]:359
[0]:197522999 [1]:35999170 [2]:162 [3]:358
[0]:197765240 [1]:36055156 [2]:162 [3]:361
[0]:197952923 [1]:36098527 [2]:162 [3]:365
[0]:198146559 [1]:36143228 [2]:162 [3]:363
[0]:198339426 [1]:36187811 [2]:162 [3]:355
[0]:198534299 [1]:36232810 [2]:163 [3]:365
[0]:198750878 [1]:36282855 [2]:163 [3]:359
[0]:198944706 [1]:36327613 [2]:163 [3]:359
[0]:199165377 [1]:36378552 [2]:163 [3]:367
[0]:199355715 [1]:36422589 [2]:163 [3]:366
[0]:199548756 [1]:36467164 [2]:163 [3]:360
[0]:199749224 [1]:36513443 [2]:163 [3]:369
[0]:199941832 [1]:36557916 [2]:163 [3]:359
[0]:200139593 [1]:36603601 [2]:163 [3]:366
[0]:200341028 [1]:36650146 [2]:163 [3]:364
[0]:200576326 [1]:36704428 [2]:163 [3]:365
[0]:200762849 [1]:36747501 [2]:163 [3]:59
[0]:200956297 [1]:36792224 [2]:163 [3]:354
[0]:200996977 [1]:36801620 [2]:163 [3]:361
[0]:200996977 [1]:36801620 [2]:163 [3]:361
