[0]:30265739 [1]:3860813 [2]:131 [3]:355
[0]:30471297 [1]:3908390 [2]:131 [3]:355
[0]:30671707 [1]:3954663 [2]:131 [3]:364
[0]:30866979 [1]:3999783 [2]:131 [3]:358
[0]:31099863 [1]:4053569 [2]:131 [3]:65
[0]:31305060 [1]:4100960 [2]:131 [3]:60
[0]:31509102 [1]:4148087 [2]:131 [3]:357
[0]:31739937 [1]:4201431 [2]:131 [3]:356
[0]:31934371 [1]:4246336 [2]:131 [3]:364
[0]:32161257 [1]:4298791 [2]:131 [3]:361
[0]:32356284 [1]:4343786 [2]:131 [3]:365
[0]:32561569 [1]:4391215 [2]:140 [3]:364
[0]:32778600 [1]:4441342 [2]:140 [3]:362
[0]:32971700 [1]:4485958 [2]:140 [3]:365
[0]:33177316 [1]:4533474 [2]:140 [3]:359
[0]:33379035 [1]:4579951 [2]:140 [3]:358
[0]:33567252 [1]:4623448 [2]:140 [3]:359
[0]:33774621 [1]:4671364 [2]:140 [3]:366
[0]:33987091 [1]:4720475 [2]:140 [3]:366
[0]:34185332 [1]:4766288 [2]:140 [3]:360
[0]:34379241 [1]:4811026 [2]:140 [3]:358
[0]:34570900 [1]:4855392 [2]:140 [3]:357
[0]:34759838 [1]:4899152 [2]:140 [3]:366
[0]:34953847 [1]:4944015 [2]:140 [3]:360
[0]:35144899 [1]:4988223 [2]:140 [3]:355
[0]:35344658 [1]:5034305 [2]:147 [3]:355
[0]:35539830 [1]:5079497 [2]:147 [3]:356
[0]:35733924 [1]:5124394 [2]:147 [3]:362
[0]:35922423 [1]:5167967 [2]:147 [3]:356
[0]:36110653 [1]:5211417 [2]:147 [3]:367
[0]:36305063 [1]:5256360 [2]:147 [3]:361
[0]:36536433 [1]:5309819 [2]:147 [3]:360
[0]:36735079 [1]:5355729 [2]:147 [3]:59
[0]:36932091 [1]:5401244 [2]:147 [3]:358
[0]:37137401 [1]:5448660 [2]:147 [3]:357
[0]:37332762 [1]:5493828 [2]:147 [3]:365
[0]:37521782 [1]:5537495 [2]:147 [3]:360
[0]:37720551 [1]:5583421 [2]:147 [3]:360
[0]:37912988 [1]:5627919 [2]:147 [3]:356
[0]:38154431 [1]:5683637 [2]:152 [3]:358
[0]:38357361 [1]:5730530 [2]:152 [3]:66
[0]:38555574 [1]:5776315 [2]:152 [3]:357
[0]:38757006 [1]:5822823 [2]:152 [3]:366
[0]:38954458 [1]:5868457 [2]:152 [3]:366
[0]:39160015 [1]:5915993 [2]:152 [3]:62
[0]:39358019 [1]:5961740 [2]:152 [3]:355
[0]:39559409 [1]:6008273 [2]:152 [3]:356
[0]:39757383 [1]:6054001 [2]:152 [3]:361
[0]:39985042 [1]:6106549 [2]:152 [3]:361
[0]:40179106 [1]:6151387 [2]:152 [3]:363
[0]:40376935 [1]:6197017 [2]:152 [3]:364
[0]:40588865 [1]:6246019 [2]:152 [3]:356
[0]:40806285 [1]:6296254 [2]:152 [3]:366
[0]:41063662 [1]:6355691 [2]:156 [3]:363
[0]:41261101 [1]:6401278 [2]:156 [3]:59
[0]:41452225 [1]:6445448 [2]:156 [3]:362
[0]:41647539 [1]:6490578 [2]:156 [3]:363
[0]:41888664 [1]:6546295 [2]:156 [3]:359
[0]:42094615 [1]:6593863 [2]:156 [3]:361
[0]:42339704 [1]:6650532 [2]:156 [3]:360
[0]:42537383 [1]:6696228 [2]:156 [3]:367
[0]:42735910 [1]:6742050 [2]:156 [3]:362
[0]:42937153 [1]:6788575 [2]:156 [3]:364
[0]:43138937 [1]:6835243 [2]:156 [3]:60
[0]:43333040 [1]:6880105 [2]:156 [3]:363
[0]:43605505 [1]:6943037 [2]:156 [3]:58
[0]:43828853 [1]:6994642 [2]:159 [3]:360
[0]:44031067 [1]:7041358 [2]:159 [3]:365
[0]:44228740 [1]:7087108 [2]:159 [3]:357
[0]:44446887 [1]:7137548 [2]:159 [3]:359
[0]:44646582 [1]:7183605 [2]:159 [3]:368
[0]:44889398 [1]:7239749 [2]:159 [3]:359
