[0]:91658204 [1]:15442885 [2]:152 [3]:371
[0]:91865930 [1]:15490916 [2]:152 [3]:358
[0]:92052667 [1]:15534062 [2]:152 [3]:359
[0]:92246708 [1]:15578959 [2]:152 [3]:67
[0]:92444602 [1]:15624720 [2]:152 [3]:354
[0]:92646064 [1]:15671264 [2]:153 [3]:359
[0]:92847644 [1]:15717785 [2]:153 [3]:359
[0]:93026781 [1]:15759165 [2]:153 [3]:360
[0]:93216730 [1]:15803118 [2]:153 [3]:372
[0]:93411171 [1]:15848075 [2]:153 [3]:361
[0]:93608980 [1]:15893823 [2]:153 [3]:363
[0]:93810246 [1]:15940340 [2]:153 [3]:350
[0]:94000787 [1]:15984374 [2]:153 [3]:364
[0]:94202399 [1]:16030972 [2]:153 [3]:363
[0]:94399566 [1]:16076547 [2]:153 [3]:360
[0]:94604266 [1]:16123828 [2]:153 [3]:366
[0]:94807046 [1]:16170614 [2]:153 [3]:364
[0]:95000038 [1]:16215181 [2]:153 [3]:359
[0]:95196063 [1]:16260476 [2]:153 [3]:365
[0]:95404376 [1]:16308684 [2]:153 [3]:359
[0]:95602096 [1]:16354317 [2]:157 [3]:368
[0]:95811594 [1]:16402606 [2]:157 [3]:57
[0]:96005216 [1]:16447365 [2]:157 [3]:363
[0]:96203005 [1]:16493030 [2]:157 [3]:64
[0]:96403370 [1]:16539329 [2]:157 [3]:359
[0]:96606145 [1]:16586119 [2]:157 [3]:360
[0]:96859977 [1]:16644792 [2]:157 [3]:361
[0]:97048905 [1]:16688404 [2]:157 [3]:366
[0]:97247299 [1]:16734250 [2]:157 [3]:363
[0]:97438498 [1]:16778411 [2]:157 [3]:358
[0]:97636328 [1]:16824058 [2]:157 [3]:364
[0]:97837667 [1]:16870591 [2]:157 [3]:360
[0]:98031998 [1]:16915469 [2]:157 [3]:373
[0]:98228697 [1]:16960906 [2]:157 [3]:356
[0]:98415674 [1]:17004050 [2]:159 [3]:363
[0]:98599398 [1]:17046402 [2]:159 [3]:358
[0]:98792940 [1]:17091131 [2]:159 [3]:364
[0]:98979613 [1]:17134231 [2]:159 [3]:360
[0]:99166630 [1]:17177476 [2]:159 [3]:357
[0]:99360924 [1]:17222308 [2]:159 [3]:362
[0]:99569808 [1]:17270552 [2]:159 [3]:361
[0]:99760126 [1]:17314604 [2]:159 [3]:371
[0]:99955296 [1]:17359678 [2]:159 [3]:365
[0]:100149494 [1]:17404557 [2]:159 [3]:60
[0]:100362123 [1]:17453640 [2]:159 [3]:59
[0]:100558671 [1]:17499096 [2]:159 [3]:63
[0]:100751161 [1]:17543646 [2]:159 [3]:359
[0]:100939363 [1]:17587123 [2]:159 [3]:359
[0]:101163507 [1]:17638849 [2]:161 [3]:360
[0]:101357481 [1]:17683629 [2]:161 [3]:366
[0]:101553049 [1]:17728811 [2]:161 [3]:362
[0]:101741641 [1]:17772387 [2]:161 [3]:62
[0]:101957076 [1]:17822159 [2]:161 [3]:362
[0]:102145056 [1]:17865576 [2]:161 [3]:364
[0]:102346568 [1]:17912056 [2]:161 [3]:59
[0]:102537118 [1]:17956091 [2]:161 [3]:364
[0]:102738662 [1]:18002700 [2]:161 [3]:364
[0]:102929286 [1]:18046796 [2]:161 [3]:360
[0]:103130642 [1]:18093270 [2]:161 [3]:52
[0]:103324664 [1]:18138111 [2]:161 [3]:58
[0]:103518690 [1]:18182970 [2]:161 [3]:365
[0]:103716285 [1]:18228617 [2]:161 [3]:364
[0]:103914351 [1]:18274394 [2]:162 [3]:359
[0]:104115482 [1]:18320778 [2]:162 [3]:362
[0]:104313831 [1]:18366609 [2]:162 [3]:364
[0]:104512851 [1]:18412622 [2]:162 [3]:371
[0]:104701904 [1]:18456284 [2]:162 [3]:57
[0]:104896014 [1]:18501134 [2]:162 [3]:365
[0]:105112194 [1]:18551007 [2]:162 [3]:367
[0]:105310213 [1]:18596788 [2]:162 [3]:357
[0]:105507843 [1]:18642462 [2]:162 [3]:62
[0]:105728230 [1]:18693416 [2]:162 [3]:360
[0]:105918742 [1]:18737361 [2]:162 [3]:366
[0]:106108806 [1]:18781250 [2]:162 [3]:360
[0]:106314555 [1]:18828803 [2]:162 [3]:365
