[0]:191924865 [1]:117155151 [2]:7 [3]:15
[0]:192992743 [1]:117722700 [2]:7 [3]:16
[0]:194016840 [1]:118245038 [2]:7 [3]:11
[0]:195060597 [1]:118783055 [2]:7 [3]:56
[0]:196094073 [1]:119308583 [2]:7 [3]:56
[0]:197129560 [1]:119841474 [2]:7 [3]:16
[0]:198172404 [1]:120375750 [2]:7 [3]:13
[0]:199359794 [1]:120982329 [2]:7 [3]:8
[0]:200765867 [1]:121706614 [2]:7 [3]:53
[0]:201926940 [1]:122301273 [2]:7 [3]:10
[0]:203100827 [1]:122900249 [2]:7 [3]:10
[0]:204213961 [1]:123468443 [2]:7 [3]:58
[0]:205385260 [1]:124069387 [2]:7 [3]:16
[0]:206588608 [1]:124685289 [2]:7 [3]:50
[0]:207872918 [1]:125344604 [2]:7 [3]:48
[0]:209081785 [1]:125962220 [2]:7 [3]:14
[0]:210285600 [1]:126574930 [2]:7 [3]:8
[0]:211386369 [1]:127135887 [2]:7 [3]:53
[0]:212560692 [1]:127739717 [2]:7 [3]:11
[0]:213653460 [1]:128300147 [2]:7 [3]:9
[0]:214776102 [1]:128873106 [2]:7 [3]:14
[0]:215902144 [1]:129451725 [2]:7 [3]:53
[0]:217137897 [1]:130080284 [2]:7 [3]:49
[0]:218335958 [1]:130695859 [2]:7 [3]:14
[0]:219437907 [1]:131260073 [2]:7 [3]:15
[0]:220534005 [1]:131823920 [2]:7 [3]:13
[0]:221685080 [1]:132419232 [2]:7 [3]:54
[0]:223018245 [1]:133097919 [2]:7 [3]:49
[0]:224115016 [1]:133660278 [2]:7 [3]:51
[0]:225191841 [1]:134212907 [2]:7 [3]:46
[0]:226364860 [1]:134813060 [2]:7 [3]:10
[0]:227519569 [1]:135404627 [2]:7 [3]:49
[0]:228668783 [1]:135998025 [2]:7 [3]:53
[0]:229873995 [1]:136616552 [2]:7 [3]:11
[0]:231341586 [1]:137375061 [2]:7 [3]:19
[0]:232465438 [1]:137950974 [2]:7 [3]:13
[0]:233555148 [1]:138509122 [2]:7 [3]:16
[0]:234647090 [1]:139063561 [2]:7 [3]:58
[0]:235835553 [1]:139667810 [2]:7 [3]:49
[0]:237053312 [1]:140293938 [2]:7 [3]:50
[0]:238187645 [1]:140873574 [2]:7 [3]:14
[0]:239316133 [1]:141446021 [2]:7 [3]:52
[0]:240437395 [1]:142022988 [2]:7 [3]:13
[0]:241484326 [1]:142557560 [2]:7 [3]:16
[0]:242605989 [1]:143132806 [2]:7 [3]:13
[0]:243634013 [1]:143661768 [2]:7 [3]:17
[0]:244645444 [1]:144181357 [2]:7 [3]:11
[0]:245705817 [1]:144726455 [2]:7 [3]:14
[0]:246748340 [1]:145261235 [2]:7 [3]:14
[0]:248088905 [1]:145946153 [2]:7 [3]:10
[0]:249123066 [1]:146477724 [2]:7 [3]:18
[0]:250162873 [1]:147009717 [2]:7 [3]:13
[0]:251200990 [1]:147537918 [2]:7 [3]:14
[0]:252254239 [1]:148081446 [2]:7 [3]:15
[0]:253323359 [1]:148625857 [2]:7 [3]:14
[0]:254476267 [1]:149213334 [2]:7 [3]:11
[0]:255891918 [1]:149936815 [2]:7 [3]:17
[0]:257213115 [1]:150615598 [2]:7 [3]:15
[0]:258634939 [1]:151346253 [2]:7 [3]:11
[0]:259735448 [1]:151909823 [2]:7 [3]:18
[0]:260860648 [1]:152488779 [2]:7 [3]:13
[0]:261882111 [1]:153006731 [2]:7 [3]:49
[0]:262865505 [1]:153509769 [2]:7 [3]:54
[0]:263919892 [1]:154046633 [2]:7 [3]:14
[0]:265154398 [1]:154680009 [2]:7 [3]:54
[0]:266222485 [1]:155225762 [2]:7 [3]:13
[0]:267235425 [1]:155744153 [2]:7 [3]:46
[0]:268486151 [1]:156383143 [2]:7 [3]:12
[0]:269474079 [1]:156887972 [2]:7 [3]:10
[0]:270486029 [1]:157407613 [2]:7 [3]:41
[0]:271620548 [1]:157989998 [2]:7 [3]:16
[0]:272860305 [1]:158625407 [2]:7 [3]:13
[0]:274046845 [1]:159231875 [2]:7 [3]:9
[0]:275332241 [1]:159887716 [2]:7 [3]:12
[0]:276465231 [1]:160468893 [2]:7 [3]:6
[0]:277555442 [1]:161028693 [2]:7 [3]:32
[0]:278766990 [1]:161648698 [2]:7 [3]:12
