[0]:560897014 [1]:377941156 [2]:7 [3]:17
[0]:562061795 [1]:378792144 [2]:7 [3]:15
[0]:563081231 [1]:379320316 [2]:7 [3]:51
[0]:564142946 [1]:379862094 [2]:7 [3]:51
[0]:565123473 [1]:380363497 [2]:7 [3]:54
[0]:566177670 [1]:380905286 [2]:7 [3]:13
[0]:567233471 [1]:381446574 [2]:7 [3]:51
[0]:568260833 [1]:381971430 [2]:7 [3]:50
[0]:569276864 [1]:382489157 [2]:7 [3]:10
[0]:570332148 [1]:383029357 [2]:7 [3]:53
[0]:571607264 [1]:383681068 [2]:7 [3]:53
[0]:572867738 [1]:384327003 [2]:7 [3]:12
[0]:574218448 [1]:385021715 [2]:7 [3]:20
[0]:575496154 [1]:385681012 [2]:7 [3]:4
[0]:576584585 [1]:386238635 [2]:7 [3]:54
[0]:577805679 [1]:386870287 [2]:7 [3]:11
[0]:578968726 [1]:387465793 [2]:7 [3]:12
[0]:580071756 [1]:388030313 [2]:7 [3]:9
[0]:581212777 [1]:388611979 [2]:7 [3]:11
[0]:582354418 [1]:389198828 [2]:7 [3]:50
[0]:583588131 [1]:389833305 [2]:7 [3]:53
[0]:585050433 [1]:390581683 [2]:7 [3]:54
[0]:586194487 [1]:391171436 [2]:7 [3]:8
[0]:587335313 [1]:391756790 [2]:7 [3]:59
[0]:588503849 [1]:392358029 [2]:7 [3]:55
[0]:589658141 [1]:392947300 [2]:7 [3]:15
[0]:590783739 [1]:393525567 [2]:7 [3]:12
[0]:591884098 [1]:394090440 [2]:7 [3]:13
[0]:593133411 [1]:394734925 [2]:7 [3]:11
[0]:594257116 [1]:395317161 [2]:7 [3]:50
[0]:595352127 [1]:395881350 [2]:7 [3]:13
[0]:596345948 [1]:396392279 [2]:7 [3]:10
[0]:597390105 [1]:396926522 [2]:7 [3]:15
[0]:598688880 [1]:397597969 [2]:7 [3]:14
[0]:599708913 [1]:398121574 [2]:7 [3]:16
[0]:600724273 [1]:398642020 [2]:7 [3]:50
[0]:602031533 [1]:399312871 [2]:7 [3]:54
[0]:603070337 [1]:399843440 [2]:7 [3]:56
[0]:604396055 [1]:400520918 [2]:7 [3]:54
[0]:605396074 [1]:401037056 [2]:7 [3]:53
[0]:606436097 [1]:401567910 [2]:7 [3]:8
[0]:607440746 [1]:402082547 [2]:7 [3]:50
[0]:608513785 [1]:402631007 [2]:7 [3]:11
[0]:609522167 [1]:403145804 [2]:7 [3]:24
[0]:610794515 [1]:403801537 [2]:7 [3]:12
[0]:612091217 [1]:404470200 [2]:7 [3]:50
[0]:613166714 [1]:405026970 [2]:7 [3]:59
[0]:614225065 [1]:405569727 [2]:7 [3]:50
[0]:615277561 [1]:406110589 [2]:7 [3]:9
[0]:616236345 [1]:406599466 [2]:7 [3]:47
[0]:617244441 [1]:407117771 [2]:7 [3]:50
[0]:618298651 [1]:407657405 [2]:7 [3]:46
[0]:619274079 [1]:408157079 [2]:7 [3]:12
[0]:620493137 [1]:408777276 [2]:7 [3]:61
[0]:621505787 [1]:409292892 [2]:7 [3]:50
[0]:622499610 [1]:409799074 [2]:7 [3]:13
[0]:623830488 [1]:410476376 [2]:7 [3]:10
[0]:624936911 [1]:411043429 [2]:7 [3]:11
[0]:625950179 [1]:411562150 [2]:7 [3]:14
[0]:627093491 [1]:412145099 [2]:7 [3]:55
[0]:628644108 [1]:412945857 [2]:7 [3]:14
[0]:629992393 [1]:413639817 [2]:7 [3]:11
[0]:631167793 [1]:414240868 [2]:7 [3]:16
[0]:632347006 [1]:414847343 [2]:7 [3]:10
[0]:633504400 [1]:415441346 [2]:7 [3]:9
[0]:634634502 [1]:416018526 [2]:7 [3]:17
[0]:635748594 [1]:416590086 [2]:7 [3]:12
[0]:636899904 [1]:417185750 [2]:7 [3]:14
[0]:638064153 [1]:417787491 [2]:7 [3]:57
[0]:639206417 [1]:418373663 [2]:7 [3]:53
[0]:640351636 [1]:418968078 [2]:7 [3]:11
[0]:641552014 [1]:419579992 [2]:7 [3]:13
[0]:642696590 [1]:420170104 [2]:7 [3]:51
[0]:643814632 [1]:420747176 [2]:7 [3]:13
[0]:644933132 [1]:421320670 [2]:7 [3]:15
[0]:646107077 [1]:421919600 [2]:7 [3]:54
[0]:647313410 [1]:422536302 [2]:7 [3]:49
[0]:648488996 [1]:423283352 [2]:7 [3]:17
