[0]:76048748 [1]:13130213 [2]:167 [3]:363
[0]:76253424 [1]:13160659 [2]:167 [3]:375
[0]:76450701 [1]:13189922 [2]:167 [3]:374
[0]:76659524 [1]:13220920 [2]:167 [3]:76
[0]:76860471 [1]:13250725 [2]:167 [3]:360
[0]:77057618 [1]:13280007 [2]:167 [3]:352
[0]:77262459 [1]:13310599 [2]:167 [3]:360
[0]:77465580 [1]:13340668 [2]:167 [3]:73
[0]:77687132 [1]:13373361 [2]:167 [3]:362
[0]:77926921 [1]:13408854 [2]:167 [3]:364
[0]:78137434 [1]:13440154 [2]:167 [3]:362
[0]:78339574 [1]:13470151 [2]:167 [3]:366
[0]:78542830 [1]:13500228 [2]:167 [3]:355
[0]:78752187 [1]:13531287 [2]:156 [3]:370
[0]:78976032 [1]:13564570 [2]:156 [3]:365
[0]:79193699 [1]:13596863 [2]:156 [3]:364
[0]:79410340 [1]:13628895 [2]:156 [3]:86
[0]:79623190 [1]:13660386 [2]:156 [3]:363
[0]:79831113 [1]:13691257 [2]:156 [3]:361
[0]:80041753 [1]:13722480 [2]:156 [3]:82
[0]:80250838 [1]:13753488 [2]:156 [3]:369
[0]:80459658 [1]:13784372 [2]:156 [3]:74
[0]:80659776 [1]:13814119 [2]:156 [3]:355
[0]:80860526 [1]:13843966 [2]:156 [3]:368
[0]:81073309 [1]:13875691 [2]:156 [3]:374
[0]:81275154 [1]:13905628 [2]:156 [3]:371
[0]:81500209 [1]:13939000 [2]:156 [3]:365
[0]:81723436 [1]:13972254 [2]:156 [3]:78
[0]:81920551 [1]:14001445 [2]:156 [3]:362
[0]:82133418 [1]:14032944 [2]:156 [3]:358
[0]:82346254 [1]:14064456 [2]:151 [3]:367
[0]:82555164 [1]:14095663 [2]:151 [3]:355
[0]:82758331 [1]:14125781 [2]:151 [3]:74
[0]:82960335 [1]:14155773 [2]:151 [3]:361
[0]:83173750 [1]:14187449 [2]:151 [3]:379
[0]:83386523 [1]:14218945 [2]:151 [3]:359
[0]:83595487 [1]:14249837 [2]:151 [3]:361
[0]:83800406 [1]:14280188 [2]:151 [3]:369
[0]:84004505 [1]:14310513 [2]:151 [3]:361
[0]:84214215 [1]:14341688 [2]:151 [3]:356
[0]:84426914 [1]:14373357 [2]:151 [3]:359
[0]:84627795 [1]:14403161 [2]:151 [3]:364
[0]:84836851 [1]:14434233 [2]:151 [3]:356
[0]:85053417 [1]:14466377 [2]:151 [3]:365
[0]:85262340 [1]:14497389 [2]:151 [3]:362
[0]:85471203 [1]:14528333 [2]:151 [3]:370
[0]:85683727 [1]:14559886 [2]:151 [3]:367
[0]:85888239 [1]:14590200 [2]:151 [3]:70
[0]:86103980 [1]:14622215 [2]:151 [3]:79
[0]:86302768 [1]:14651752 [2]:151 [3]:368
[0]:86501132 [1]:14681296 [2]:151 [3]:81
[0]:86716433 [1]:14713305 [2]:151 [3]:366
[0]:86956887 [1]:14748964 [2]:151 [3]:368
[0]:87181480 [1]:14782294 [2]:151 [3]:371
[0]:87378786 [1]:14811511 [2]:151 [3]:93
[0]:87586392 [1]:14842335 [2]:151 [3]:365
[0]:87791765 [1]:14872971 [2]:151 [3]:378
[0]:88003386 [1]:14904562 [2]:151 [3]:360
[0]:88207682 [1]:14935109 [2]:151 [3]:374
[0]:88406737 [1]:14964579 [2]:151 [3]:365
[0]:88619210 [1]:14996229 [2]:151 [3]:367
[0]:88834817 [1]:15028219 [2]:151 [3]:364
[0]:89037272 [1]:15058300 [2]:151 [3]:85
[0]:89244587 [1]:15089055 [2]:151 [3]:363
[0]:89450897 [1]:15119688 [2]:151 [3]:369
[0]:89663341 [1]:15151240 [2]:151 [3]:362
[0]:89872520 [1]:15182285 [2]:151 [3]:363
[0]:90086166 [1]:15213960 [2]:151 [3]:369
[0]:90294206 [1]:15244908 [2]:151 [3]:372
[0]:90503128 [1]:15275802 [2]:151 [3]:366
[0]:90710697 [1]:15306510 [2]:151 [3]:359
[0]:90921079 [1]:15337608 [2]:151 [3]:365
[0]:91122752 [1]:15367549 [2]:151 [3]:364
[0]:91330970 [1]:15398326 [2]:151 [3]:361
[0]:91543643 [1]:15429948 [2]:151 [3]:361
