[0]:924228366 [1]:645474740 [2]:7 [3]:10
[0]:925425393 [1]:646092408 [2]:7 [3]:11
[0]:926581928 [1]:646688299 [2]:7 [3]:10
[0]:927705785 [1]:647265055 [2]:7 [3]:14
[0]:928851374 [1]:647852309 [2]:7 [3]:51
[0]:930016160 [1]:648448767 [2]:7 [3]:9
[0]:931176347 [1]:649045243 [2]:7 [3]:10
[0]:932287045 [1]:649618319 [2]:7 [3]:12
[0]:933619610 [1]:650303829 [2]:7 [3]:15
[0]:934825615 [1]:650919956 [2]:7 [3]:15
[0]:935902910 [1]:651467268 [2]:7 [3]:15
[0]:937083373 [1]:652074264 [2]:7 [3]:8
[0]:938260291 [1]:652678674 [2]:7 [3]:19
[0]:939489351 [1]:653310486 [2]:7 [3]:10
[0]:940739659 [1]:653952842 [2]:7 [3]:51
[0]:941738475 [1]:654465214 [2]:7 [3]:8
[0]:942775395 [1]:654996368 [2]:7 [3]:12
[0]:943802093 [1]:655523860 [2]:7 [3]:53
[0]:944812395 [1]:656042539 [2]:7 [3]:11
[0]:945811663 [1]:656555645 [2]:7 [3]:12
[0]:946841298 [1]:657079297 [2]:7 [3]:9
[0]:947917047 [1]:657629196 [2]:7 [3]:15
[0]:948965007 [1]:658168325 [2]:7 [3]:53
[0]:949978157 [1]:658694464 [2]:7 [3]:15
[0]:950964898 [1]:659203129 [2]:7 [3]:51
[0]:951974111 [1]:659720730 [2]:7 [3]:50
[0]:953011804 [1]:660253862 [2]:7 [3]:14
[0]:954061720 [1]:660797790 [2]:7 [3]:8
[0]:955142379 [1]:661353287 [2]:7 [3]:11
[0]:956438093 [1]:662015748 [2]:7 [3]:57
[0]:957680199 [1]:662654088 [2]:7 [3]:51
[0]:958796045 [1]:663230105 [2]:7 [3]:14
[0]:959892683 [1]:663790884 [2]:7 [3]:14
[0]:960917143 [1]:664318510 [2]:7 [3]:11
[0]:961946969 [1]:664847788 [2]:7 [3]:42
[0]:962953175 [1]:665362925 [2]:7 [3]:51
[0]:963960231 [1]:665885526 [2]:7 [3]:57
[0]:964962862 [1]:666403956 [2]:7 [3]:6
[0]:965981308 [1]:666926133 [2]:7 [3]:16
[0]:967013191 [1]:667450181 [2]:7 [3]:58
[0]:968050818 [1]:667978851 [2]:7 [3]:16
[0]:969076482 [1]:668504824 [2]:7 [3]:11
[0]:970109562 [1]:669036665 [2]:7 [3]:55
[0]:971118668 [1]:669554460 [2]:7 [3]:16
[0]:972303433 [1]:670164277 [2]:7 [3]:7
[0]:973560908 [1]:670806961 [2]:7 [3]:11
[0]:974801164 [1]:671440851 [2]:7 [3]:12
[0]:975964566 [1]:672037773 [2]:7 [3]:50
[0]:977190546 [1]:672666645 [2]:7 [3]:15
[0]:978455916 [1]:673326103 [2]:7 [3]:10
[0]:979583992 [1]:673905030 [2]:7 [3]:52
[0]:980733438 [1]:674495078 [2]:7 [3]:13
[0]:981878706 [1]:675091955 [2]:7 [3]:10
[0]:983085390 [1]:675711472 [2]:7 [3]:15
[0]:984242875 [1]:676308690 [2]:7 [3]:55
[0]:985394602 [1]:676899086 [2]:7 [3]:10
[0]:986911112 [1]:677681256 [2]:7 [3]:15
[0]:988046784 [1]:678264758 [2]:7 [3]:13
[0]:989181257 [1]:678848591 [2]:7 [3]:14
[0]:990543529 [1]:679549196 [2]:7 [3]:14
[0]:991663553 [1]:680123831 [2]:7 [3]:10
[0]:992820625 [1]:680719775 [2]:7 [3]:17
[0]:993971449 [1]:681312083 [2]:7 [3]:12
[0]:995101415 [1]:681896149 [2]:7 [3]:52
[0]:996183750 [1]:682456138 [2]:7 [3]:13
[0]:997292259 [1]:683024029 [2]:7 [3]:48
[0]:998309063 [1]:683546661 [2]:7 [3]:13
[0]:999311179 [1]:684062332 [2]:7 [3]:11
[0]:1000353607 [1]:684598175 [2]:7 [3]:13
[0]:1001391490 [1]:685133288 [2]:7 [3]:13
[0]:1002400431 [1]:685653993 [2]:7 [3]:49
[0]:1003410238 [1]:686176189 [2]:7 [3]:14
[0]:1004426960 [1]:686701361 [2]:7 [3]:18
[0]:1005431567 [1]:687213036 [2]:7 [3]:51
[0]:1006435684 [1]:687733594 [2]:7 [3]:16
[0]:1007503872 [1]:688283110 [2]:7 [3]:10
[0]:1008484517 [1]:688789150 [2]:7 [3]:52
[0]:1009499378 [1]:689314533 [2]:7 [3]:16
[0]:1010497334 [1]:689830954 [2]:7 [3]:16
