[0]:1107684451 [1]:775729454 [2]:7 [3]:13
[0]:1108924897 [1]:776363961 [2]:7 [3]:11
[0]:1110029144 [1]:776930780 [2]:7 [3]:50
[0]:1111145779 [1]:777506420 [2]:7 [3]:55
[0]:1112280361 [1]:778095267 [2]:7 [3]:7
[0]:1113412818 [1]:778683385 [2]:7 [3]:14
[0]:1114523411 [1]:779258142 [2]:7 [3]:52
[0]:1115660243 [1]:779843859 [2]:7 [3]:15
[0]:1116807130 [1]:780432409 [2]:7 [3]:46
[0]:1117991981 [1]:781044697 [2]:7 [3]:53
[0]:1119021208 [1]:781575071 [2]:7 [3]:55
[0]:1120028241 [1]:782095110 [2]:7 [3]:11
[0]:1121039654 [1]:782613889 [2]:7 [3]:50
[0]:1122030611 [1]:783124920 [2]:7 [3]:54
[0]:1122995302 [1]:783622241 [2]:7 [3]:14
[0]:1124045982 [1]:784164369 [2]:7 [3]:11
[0]:1125355076 [1]:784839525 [2]:7 [3]:49
[0]:1126407972 [1]:785385185 [2]:7 [3]:13
[0]:1127408294 [1]:785900049 [2]:7 [3]:50
[0]:1128424730 [1]:786424690 [2]:7 [3]:10
[0]:1129430491 [1]:786940745 [2]:7 [3]:53
[0]:1130466079 [1]:787476592 [2]:7 [3]:14
[0]:1131491429 [1]:788006154 [2]:7 [3]:49
[0]:1132579096 [1]:788564971 [2]:7 [3]:13
[0]:1133898313 [1]:789254345 [2]:7 [3]:54
[0]:1135015035 [1]:789824822 [2]:7 [3]:8
[0]:1136081448 [1]:790372137 [2]:7 [3]:8
[0]:1137131312 [1]:790912445 [2]:7 [3]:9
[0]:1138124887 [1]:791426067 [2]:7 [3]:14
[0]:1139152499 [1]:791957557 [2]:7 [3]:17
[0]:1140159216 [1]:792478900 [2]:7 [3]:13
[0]:1141163611 [1]:792998516 [2]:7 [3]:12
[0]:1142187875 [1]:793526827 [2]:7 [3]:13
[0]:1143178014 [1]:794038088 [2]:7 [3]:17
[0]:1144171149 [1]:794551774 [2]:7 [3]:54
[0]:1145194167 [1]:795078641 [2]:7 [3]:10
[0]:1146244294 [1]:795623234 [2]:7 [3]:8
[0]:1147281724 [1]:796158073 [2]:7 [3]:11
[0]:1148335326 [1]:796706762 [2]:7 [3]:14
[0]:1149554030 [1]:797340277 [2]:7 [3]:17
[0]:1150805085 [1]:797984270 [2]:7 [3]:13
[0]:1152107349 [1]:798654380 [2]:7 [3]:51
[0]:1153343098 [1]:799286516 [2]:7 [3]:10
[0]:1154457509 [1]:799861750 [2]:7 [3]:12
[0]:1155574235 [1]:800436109 [2]:7 [3]:57
[0]:1156690561 [1]:801013206 [2]:7 [3]:9
[0]:1157885588 [1]:801627107 [2]:7 [3]:18
[0]:1159063852 [1]:802237357 [2]:7 [3]:58
[0]:1160199829 [1]:802824075 [2]:7 [3]:51
[0]:1161321424 [1]:803402563 [2]:7 [3]:21
[0]:1162462999 [1]:803994369 [2]:7 [3]:14
[0]:1163637838 [1]:804599111 [2]:7 [3]:14
[0]:1164769403 [1]:805181537 [2]:7 [3]:55
[0]:1165920261 [1]:805775518 [2]:7 [3]:56
[0]:1167031586 [1]:806346701 [2]:7 [3]:50
[0]:1168230934 [1]:806955929 [2]:7 [3]:20
[0]:1169354208 [1]:807536102 [2]:7 [3]:12
[0]:1170480552 [1]:808114471 [2]:7 [3]:12
[0]:1171633257 [1]:808704557 [2]:7 [3]:13
[0]:1172810285 [1]:809308719 [2]:7 [3]:11
[0]:1173907765 [1]:809875865 [2]:7 [3]:14
[0]:1174986276 [1]:810428795 [2]:7 [3]:51
[0]:1176011743 [1]:810958685 [2]:7 [3]:50
[0]:1177050902 [1]:811498628 [2]:7 [3]:10
[0]:1178066456 [1]:812023422 [2]:7 [3]:15
[0]:1179103269 [1]:812558605 [2]:7 [3]:50
[0]:1180181971 [1]:813108714 [2]:7 [3]:36
[0]:1181165879 [1]:813614524 [2]:7 [3]:16
[0]:1182158721 [1]:814126933 [2]:7 [3]:58
[0]:1183183426 [1]:814659471 [2]:7 [3]:50
[0]:1184193359 [1]:815179987 [2]:7 [3]:15
[0]:1185185024 [1]:815688308 [2]:7 [3]:8
[0]:1186192971 [1]:816207542 [2]:7 [3]:48
[0]:1187178267 [1]:816713763 [2]:7 [3]:52
[0]:1188164939 [1]:817220636 [2]:7 [3]:10
[0]:1189391128 [1]:817844803 [2]:7 [3]:51
[0]:1190672875 [1]:818513090 [2]:7 [3]:50
[0]:1192278780 [1]:819343533 [2]:7 [3]:49
[0]:1193300073 [1]:819870832 [2]:7 [3]:16
[0]:1194326492 [1]:820395478 [2]:7 [3]:15
[0]:1195337354 [1]:820918104 [2]:7 [3]:17
[0]:1196703651 [1]:821624930 [2]:7 [3]:57
[0]:1197932995 [1]:822263444 [2]:7 [3]:61
[0]:1198992513 [1]:822805474 [2]:7 [3]:10
[0]:1200260083 [1]:823456242 [2]:7 [3]:57
[0]:1201222070 [1]:823948790 [2]:7 [3]:15
[0]:1202263221 [1]:824483085 [2]:7 [3]:14
[0]:1203288357 [1]:825012955 [2]:7 [3]:14
[0]:1204278851 [1]:825525865 [2]:7 [3]:8
[0]:1205332544 [1]:826067238 [2]:7 [3]:14
[0]:1206615649 [1]:826734067 [2]:7 [3]:11
[0]:1207912966 [1]:827398711 [2]:7 [3]:9
[0]:1209185410 [1]:828060349 [2]:7 [3]:9
[0]:1210360068 [1]:828661528 [2]:7 [3]:16
[0]:1211490794 [1]:829241001 [2]:7 [3]:54
