[0]:80265632 [1]:10414482 [2]:131 [3]:361
[0]:80502716 [1]:10469282 [2]:131 [3]:363
[0]:80700604 [1]:10515032 [2]:131 [3]:356
[0]:80898319 [1]:10560640 [2]:131 [3]:352
[0]:81099911 [1]:10607242 [2]:131 [3]:362
[0]:81293729 [1]:10651978 [2]:131 [3]:359
[0]:81528689 [1]:10706317 [2]:131 [3]:362
[0]:81767300 [1]:10761277 [2]:131 [3]:363
[0]:81954860 [1]:10804668 [2]:131 [3]:362
[0]:82148848 [1]:10849513 [2]:131 [3]:368
[0]:82346537 [1]:10895275 [2]:131 [3]:58
[0]:82548109 [1]:10941877 [2]:131 [3]:60
[0]:82734538 [1]:10984879 [2]:131 [3]:364
[0]:82965007 [1]:11038088 [2]:131 [3]:55
[0]:83163190 [1]:11083861 [2]:131 [3]:359
[0]:83413467 [1]:11141715 [2]:131 [3]:359
[0]:83607751 [1]:11186494 [2]:131 [3]:371
[0]:83802390 [1]:11231436 [2]:131 [3]:364
[0]:84008594 [1]:11279113 [2]:131 [3]:365
[0]:84212844 [1]:11326288 [2]:131 [3]:353
[0]:84415700 [1]:11373134 [2]:131 [3]:364
[0]:84627076 [1]:11421900 [2]:131 [3]:361
[0]:84828035 [1]:11468352 [2]:131 [3]:359
[0]:85029247 [1]:11514828 [2]:131 [3]:359
[0]:85248218 [1]:11565467 [2]:131 [3]:360
[0]:85444463 [1]:11610750 [2]:131 [3]:363
[0]:85638309 [1]:11655501 [2]:131 [3]:362
[0]:85866020 [1]:11708161 [2]:131 [3]:58
[0]:86064009 [1]:11753898 [2]:131 [3]:355
[0]:86273007 [1]:11802189 [2]:131 [3]:355
[0]:86466857 [1]:11846946 [2]:131 [3]:361
[0]:86724677 [1]:11906577 [2]:131 [3]:360
[0]:86925926 [1]:11953072 [2]:131 [3]:355
[0]:87120228 [1]:11997999 [2]:131 [3]:358
[0]:87313142 [1]:12042502 [2]:131 [3]:354
[0]:87530956 [1]:12092881 [2]:131 [3]:360
[0]:87725989 [1]:12137992 [2]:131 [3]:358
[0]:87933643 [1]:12185984 [2]:131 [3]:360
[0]:88127948 [1]:12230883 [2]:131 [3]:365
[0]:88325818 [1]:12276553 [2]:131 [3]:359
[0]:88530555 [1]:12323876 [2]:131 [3]:361
[0]:88728967 [1]:12369733 [2]:131 [3]:358
[0]:88926356 [1]:12415374 [2]:131 [3]:359
[0]:89124280 [1]:12461089 [2]:131 [3]:361
[0]:89348548 [1]:12512866 [2]:131 [3]:365
[0]:89542608 [1]:12557688 [2]:131 [3]:365
[0]:89736672 [1]:12602537 [2]:131 [3]:356
[0]:89930771 [1]:12647339 [2]:131 [3]:364
[0]:90139818 [1]:12695576 [2]:131 [3]:364
[0]:90333671 [1]:12740364 [2]:131 [3]:55
[0]:90529198 [1]:12785557 [2]:131 [3]:357
[0]:90722605 [1]:12830215 [2]:131 [3]:359
[0]:90916165 [1]:12874984 [2]:131 [3]:365
[0]:91120050 [1]:12922019 [2]:131 [3]:365
[0]:91326758 [1]:12969774 [2]:131 [3]:355
[0]:91557152 [1]:13023093 [2]:131 [3]:369
[0]:91782216 [1]:13075152 [2]:131 [3]:361
[0]:91981595 [1]:13121175 [2]:131 [3]:360
[0]:92173460 [1]:13165528 [2]:131 [3]:363
[0]:92379256 [1]:13213052 [2]:131 [3]:60
[0]:92596409 [1]:13263232 [2]:131 [3]:363
[0]:92804715 [1]:13311340 [2]:131 [3]:358
[0]:92998803 [1]:13356101 [2]:131 [3]:57
[0]:93192905 [1]:13400984 [2]:131 [3]:359
[0]:93390722 [1]:13446690 [2]:131 [3]:359
[0]:93588504 [1]:13492434 [2]:131 [3]:358
[0]:93795523 [1]:13540320 [2]:131 [3]:359
[0]:93998920 [1]:13587308 [2]:131 [3]:357
[0]:94207853 [1]:13635581 [2]:131 [3]:360
[0]:94402768 [1]:13680704 [2]:131 [3]:355
[0]:94625699 [1]:13732186 [2]:131 [3]:64
[0]:94821912 [1]:13777474 [2]:131 [3]:361
[0]:95021401 [1]:13823609 [2]:131 [3]:362
[0]:95223244 [1]:13870258 [2]:131 [3]:365
[0]:95417025 [1]:13914981 [2]:131 [3]:362
[0]:95622860 [1]:13962568 [2]:131 [3]:358
[0]:95834737 [1]:14011467 [2]:131 [3]:66
[0]:96044546 [1]:14059921 [2]:131 [3]:368
[0]:96245710 [1]:14106501 [2]:131 [3]:362
[0]:96451169 [1]:14154031 [2]:131 [3]:358
[0]:96689394 [1]:14208978 [2]:131 [3]:359
[0]:96895686 [1]:14256654 [2]:131 [3]:357
[0]:97090444 [1]:14301680 [2]:131 [3]:368
[0]:97347021 [1]:14360923 [2]:131 [3]:362
[0]:97537246 [1]:14404939 [2]:131 [3]:360
[0]:97734979 [1]:14450530 [2]:131 [3]:361
[0]:97951409 [1]:14500532 [2]:131 [3]:356
[0]:98141964 [1]:14544587 [2]:131 [3]:356
[0]:98332303 [1]:14588604 [2]:131 [3]:366
[0]:98529906 [1]:14634160 [2]:131 [3]:363
[0]:98719311 [1]:14677927 [2]:131 [3]:355
[0]:98921261 [1]:14724560 [2]:131 [3]:367
[0]:99185420 [1]:14785667 [2]:131 [3]:365
[0]:99452394 [1]:14847204 [2]:131 [3]:357
[0]:99683565 [1]:14900668 [2]:131 [3]:59
[0]:99895969 [1]:14949739 [2]:131 [3]:371
[0]:100104141 [1]:14997849 [2]:131 [3]:360
[0]:100301852 [1]:15043525 [2]:131 [3]:362
[0]:100534729 [1]:15097252 [2]:131 [3]:56
[0]:100735651 [1]:15143731 [2]:131 [3]:362
[0]:100933507 [1]:15189471 [2]:131 [3]:366
[0]:101217551 [1]:15255091 [2]:131 [3]:367
[0]:101404162 [1]:15298170 [2]:131 [3]:367
[0]:101598747 [1]:15343138 [2]:131 [3]:61
[0]:101818176 [1]:15393804 [2]:131 [3]:352
[0]:102027293 [1]:15442117 [2]:131 [3]:358
[0]:102255185 [1]:15494777 [2]:131 [3]:359
[0]:102500895 [1]:15551555 [2]:131 [3]:365
[0]:102753493 [1]:15609947 [2]:131 [3]:60
[0]:103017159 [1]:15670895 [2]:131 [3]:361
[0]:103202696 [1]:15713675 [2]:131 [3]:60
[0]:103408313 [1]:15761170 [2]:131 [3]:356
[0]:103609774 [1]:15807748 [2]:131 [3]:368
[0]:103811148 [1]:15854289 [2]:131 [3]:59
[0]:104091045 [1]:15918907 [2]:131 [3]:368
[0]:104322933 [1]:15972529 [2]:131 [3]:361
[0]:104569112 [1]:16029391 [2]:131 [3]:363
[0]:104767111 [1]:16075142 [2]:131 [3]:363
[0]:104999506 [1]:16128877 [2]:131 [3]:60
[0]:105188895 [1]:16172554 [2]:131 [3]:365
[0]:105393741 [1]:16219854 [2]:131 [3]:358
[0]:105587663 [1]:16264635 [2]:131 [3]:366
[0]:105785519 [1]:16310391 [2]:131 [3]:59
[0]:105995099 [1]:16358754 [2]:131 [3]:356
[0]:106245006 [1]:16416514 [2]:131 [3]:361
[0]:106473378 [1]:16469311 [2]:131 [3]:361
[0]:106669914 [1]:16514849 [2]:131 [3]:361
[0]:106860850 [1]:16558959 [2]:131 [3]:357
[0]:107050537 [1]:16602910 [2]:131 [3]:360
[0]:107260218 [1]:16651346 [2]:131 [3]:361
[0]:107476595 [1]:16701334 [2]:131 [3]:360
[0]:107663009 [1]:16744388 [2]:131 [3]:361
[0]:107855845 [1]:16788863 [2]:131 [3]:363
[0]:108072603 [1]:16838997 [2]:131 [3]:360
[0]:108335086 [1]:16899616 [2]:131 [3]:364
[0]:108556665 [1]:16950845 [2]:131 [3]:360
[0]:108750323 [1]:16995598 [2]:131 [3]:365
[0]:108965798 [1]:17045313 [2]:131 [3]:361
[0]:109157760 [1]:17089657 [2]:131 [3]:358
[0]:109346533 [1]:17133246 [2]:131 [3]:365
[0]:109559383 [1]:17182455 [2]:131 [3]:359
[0]:109764226 [1]:17229722 [2]:131 [3]:61
[0]:109977381 [1]:17278928 [2]:131 [3]:363
[0]:110179072 [1]:17325524 [2]:131 [3]:366
[0]:110375922 [1]:17371033 [2]:131 [3]:360
[0]:110576080 [1]:17417300 [2]:131 [3]:63
[0]:110772298 [1]:17462600 [2]:131 [3]:60
[0]:110974056 [1]:17509146 [2]:131 [3]:59
[0]:111168039 [1]:17554034 [2]:131 [3]:355
[0]:111387881 [1]:17604858 [2]:131 [3]:356
[0]:111579726 [1]:17649075 [2]:131 [3]:356
[0]:111779372 [1]:17695233 [2]:131 [3]:363
[0]:111985429 [1]:17742831 [2]:131 [3]:353
[0]:112179266 [1]:17787602 [2]:131 [3]:356
[0]:112384835 [1]:17835158 [2]:131 [3]:362
[0]:112585847 [1]:17881496 [2]:131 [3]:56
[0]:112787190 [1]:17928015 [2]:131 [3]:365
[0]:112989500 [1]:17974775 [2]:131 [3]:364
[0]:113191115 [1]:18021342 [2]:131 [3]:52
[0]:113396259 [1]:18068759 [2]:131 [3]:361
[0]:113582669 [1]:18111775 [2]:131 [3]:359
[0]:113776939 [1]:18156636 [2]:131 [3]:351
[0]:113978302 [1]:18203177 [2]:131 [3]:59
[0]:114169041 [1]:18247286 [2]:131 [3]:359
[0]:114374267 [1]:18294716 [2]:131 [3]:367
[0]:114602028 [1]:18347377 [2]:131 [3]:364
[0]:114799594 [1]:18393023 [2]:131 [3]:366
[0]:115028615 [1]:18445934 [2]:131 [3]:372
[0]:115239746 [1]:18494794 [2]:131 [3]:359
[0]:115437687 [1]:18540487 [2]:131 [3]:354
[0]:115630485 [1]:18585019 [2]:131 [3]:354
[0]:115822172 [1]:18629263 [2]:131 [3]:364
[0]:116031256 [1]:18677591 [2]:131 [3]:358
[0]:116229132 [1]:18723252 [2]:131 [3]:364
[0]:116441889 [1]:18772455 [2]:131 [3]:366
[0]:116654505 [1]:18821594 [2]:131 [3]:60
[0]:116878125 [1]:18873260 [2]:131 [3]:56
[0]:117089085 [1]:18921973 [2]:131 [3]:365
[0]:117326393 [1]:18976754 [2]:131 [3]:361
[0]:117526989 [1]:19023141 [2]:131 [3]:360
[0]:117732843 [1]:19070747 [2]:131 [3]:61
[0]:117927253 [1]:19115651 [2]:131 [3]:365
[0]:118121167 [1]:19160411 [2]:131 [3]:357
[0]:118364248 [1]:19216576 [2]:131 [3]:359
[0]:118573092 [1]:19264797 [2]:131 [3]:358
[0]:118806493 [1]:19318727 [2]:131 [3]:362
[0]:119024805 [1]:19369011 [2]:131 [3]:364
[0]:119222517 [1]:19414725 [2]:131 [3]:362
