[0]:813619051 [1]:557154216 [2]:7 [3]:14
[0]:814851549 [1]:557784617 [2]:7 [3]:12
[0]:816001666 [1]:558373938 [2]:7 [3]:13
[0]:817141518 [1]:558962877 [2]:7 [3]:12
[0]:818293319 [1]:559550355 [2]:7 [3]:13
[0]:819421749 [1]:560129328 [2]:7 [3]:11
[0]:820528108 [1]:560692177 [2]:7 [3]:14
[0]:821780454 [1]:561331943 [2]:7 [3]:16
[0]:822946025 [1]:561928742 [2]:7 [3]:13
[0]:824085267 [1]:562509132 [2]:7 [3]:9
[0]:825220338 [1]:563090991 [2]:7 [3]:52
[0]:826338457 [1]:563664891 [2]:7 [3]:56
[0]:827419752 [1]:564218046 [2]:7 [3]:12
[0]:828482179 [1]:564763016 [2]:7 [3]:11
[0]:829599079 [1]:565339227 [2]:7 [3]:13
[0]:830740578 [1]:565921661 [2]:7 [3]:54
[0]:831840414 [1]:566485248 [2]:7 [3]:52
[0]:832984906 [1]:567071757 [2]:7 [3]:57
[0]:834469762 [1]:567835881 [2]:7 [3]:53
[0]:835635581 [1]:568436888 [2]:7 [3]:14
[0]:836642553 [1]:568953847 [2]:7 [3]:50
[0]:837641346 [1]:569465757 [2]:7 [3]:56
[0]:838670212 [1]:569994136 [2]:7 [3]:55
[0]:839642229 [1]:570492682 [2]:7 [3]:9
[0]:840693378 [1]:571035618 [2]:7 [3]:50
[0]:841679319 [1]:571541701 [2]:7 [3]:54
[0]:842644798 [1]:572038320 [2]:7 [3]:11
[0]:843670142 [1]:572567704 [2]:7 [3]:9
[0]:844853401 [1]:573177105 [2]:7 [3]:15
[0]:845873484 [1]:573700137 [2]:7 [3]:13
[0]:846901502 [1]:574228388 [2]:7 [3]:49
[0]:847901023 [1]:574741836 [2]:7 [3]:11
[0]:848888356 [1]:575252378 [2]:7 [3]:11
[0]:849900902 [1]:575775489 [2]:7 [3]:8
[0]:851134832 [1]:576409130 [2]:7 [3]:12
[0]:852379906 [1]:577052459 [2]:7 [3]:52
[0]:853580006 [1]:577675116 [2]:7 [3]:15
[0]:854748202 [1]:578274407 [2]:7 [3]:55
[0]:855831191 [1]:578829925 [2]:7 [3]:8
[0]:856858119 [1]:579355396 [2]:7 [3]:12
[0]:857863311 [1]:579870108 [2]:7 [3]:15
[0]:858864844 [1]:580382709 [2]:7 [3]:11
[0]:859884942 [1]:580909095 [2]:7 [3]:11
[0]:860909065 [1]:581432756 [2]:7 [3]:15
[0]:861909499 [1]:581945192 [2]:7 [3]:9
[0]:862888960 [1]:582446351 [2]:7 [3]:15
[0]:863898730 [1]:582969750 [2]:7 [3]:50
[0]:864910261 [1]:583484940 [2]:7 [3]:15
[0]:865921993 [1]:584001915 [2]:7 [3]:34
[0]:866996226 [1]:584550423 [2]:7 [3]:59
[0]:868025170 [1]:585080894 [2]:7 [3]:51
[0]:869203611 [1]:585683719 [2]:7 [3]:16
[0]:870483061 [1]:586341725 [2]:7 [3]:11
[0]:871707347 [1]:586978036 [2]:7 [3]:15
[0]:873048776 [1]:587663971 [2]:7 [3]:9
[0]:874345193 [1]:588331564 [2]:7 [3]:44
[0]:875515697 [1]:588930768 [2]:7 [3]:14
[0]:876583043 [1]:589485827 [2]:7 [3]:11
[0]:878015238 [1]:590221416 [2]:7 [3]:11
[0]:879161876 [1]:590809550 [2]:7 [3]:14
[0]:880346553 [1]:591420114 [2]:7 [3]:10
[0]:881437410 [1]:591979972 [2]:7 [3]:12
[0]:882602981 [1]:592579194 [2]:7 [3]:56
[0]:883761893 [1]:593173535 [2]:7 [3]:17
[0]:884995098 [1]:593806387 [2]:7 [3]:13
[0]:886069503 [1]:594356447 [2]:7 [3]:10
[0]:887155192 [1]:594918199 [2]:7 [3]:10
[0]:888270336 [1]:595493853 [2]:7 [3]:15
[0]:889380423 [1]:596067673 [2]:7 [3]:12
[0]:890475275 [1]:596634023 [2]:7 [3]:9
[0]:891593224 [1]:597208113 [2]:7 [3]:13
[0]:892668928 [1]:597759423 [2]:7 [3]:14
[0]:893657012 [1]:598259515 [2]:7 [3]:59
[0]:894713944 [1]:598802722 [2]:7 [3]:11
[0]:895741017 [1]:599328627 [2]:7 [3]:13
[0]:896705183 [1]:599823284 [2]:7 [3]:49
[0]:897713061 [1]:600346252 [2]:7 [3]:11
[0]:898717533 [1]:600861291 [2]:7 [3]:12
[0]:899738248 [1]:601387171 [2]:7 [3]:18
[0]:900763563 [1]:601915186 [2]:7 [3]:10
[0]:901773098 [1]:602432260 [2]:7 [3]:46
[0]:902757275 [1]:602941374 [2]:7 [3]:16
[0]:903751163 [1]:603452353 [2]:7 [3]:56
[0]:904739180 [1]:603958100 [2]:7 [3]:11
[0]:905743315 [1]:604477102 [2]:7 [3]:8
[0]:906782872 [1]:605008502 [2]:7 [3]:12
[0]:907950870 [1]:605607133 [2]:7 [3]:15
[0]:909161282 [1]:606225113 [2]:7 [3]:6
[0]:910209714 [1]:606761321 [2]:7 [3]:57
[0]:911244789 [1]:607292513 [2]:7 [3]:16
[0]:912257428 [1]:607811466 [2]:7 [3]:53
[0]:913323313 [1]:608363264 [2]:7 [3]:12
[0]:914350642 [1]:608888302 [2]:7 [3]:13
[0]:915402988 [1]:609426453 [2]:7 [3]:13
[0]:916418442 [1]:609947619 [2]:7 [3]:53
[0]:917407092 [1]:610463309 [2]:7 [3]:52
[0]:918399408 [1]:610971915 [2]:7 [3]:10
[0]:919400806 [1]:611490747 [2]:7 [3]:12
[0]:920448360 [1]:612029503 [2]:7 [3]:10
[0]:921440722 [1]:612538020 [2]:7 [3]:17
[0]:922423594 [1]:613044171 [2]:7 [3]:54
[0]:923523202 [1]:613607503 [2]:7 [3]:58
[0]:924534906 [1]:614127152 [2]:7 [3]:16
[0]:925723984 [1]:614734832 [2]:7 [3]:14
[0]:926969290 [1]:615378568 [2]:7 [3]:12
[0]:928143215 [1]:615984006 [2]:7 [3]:14
[0]:929268019 [1]:616559194 [2]:7 [3]:10
[0]:930403416 [1]:617148164 [2]:7 [3]:15
[0]:931512687 [1]:617720617 [2]:7 [3]:15
[0]:932901588 [1]:618433752 [2]:7 [3]:48
[0]:934001514 [1]:619002424 [2]:7 [3]:12
[0]:935127870 [1]:619583796 [2]:7 [3]:13
[0]:936263959 [1]:620168990 [2]:7 [3]:16
[0]:937397600 [1]:620750265 [2]:7 [3]:11
[0]:938614186 [1]:621374925 [2]:7 [3]:19
[0]:939711403 [1]:621938547 [2]:7 [3]:17
[0]:940806412 [1]:622503191 [2]:7 [3]:54
[0]:941964179 [1]:623105092 [2]:7 [3]:12
[0]:943124643 [1]:623700061 [2]:7 [3]:48
[0]:944309548 [1]:624306592 [2]:7 [3]:12
[0]:945412678 [1]:624877059 [2]:7 [3]:54
[0]:946546882 [1]:625455700 [2]:7 [3]:58
[0]:947753850 [1]:626075896 [2]:7 [3]:52
[0]:948744671 [1]:626584162 [2]:7 [3]:8
[0]:950047820 [1]:627259316 [2]:7 [3]:12
[0]:951081367 [1]:627788582 [2]:7 [3]:18
[0]:952036941 [1]:628281544 [2]:7 [3]:12
[0]:953033122 [1]:628790268 [2]:7 [3]:13
[0]:953982595 [1]:629280561 [2]:7 [3]:9
[0]:954988786 [1]:629793354 [2]:7 [3]:59
[0]:955997760 [1]:630310002 [2]:7 [3]:56
[0]:956982145 [1]:630817544 [2]:7 [3]:13
[0]:958009407 [1]:631343883 [2]:7 [3]:15
[0]:959019385 [1]:631865393 [2]:7 [3]:52
[0]:960037825 [1]:632391590 [2]:7 [3]:19
[0]:961080730 [1]:632926257 [2]:7 [3]:17
[0]:962102805 [1]:633444861 [2]:7 [3]:11
[0]:963294182 [1]:634060614 [2]:7 [3]:11
[0]:964443298 [1]:634643943 [2]:7 [3]:60
[0]:965629997 [1]:635253662 [2]:7 [3]:10
[0]:966724928 [1]:635813388 [2]:7 [3]:13
[0]:967860472 [1]:636394269 [2]:7 [3]:15
[0]:968849535 [1]:636904767 [2]:7 [3]:16
[0]:969892488 [1]:637447232 [2]:7 [3]:8
[0]:970911305 [1]:637973440 [2]:7 [3]:16
[0]:971913180 [1]:638489159 [2]:7 [3]:14
[0]:972922050 [1]:639006122 [2]:7 [3]:54
[0]:973910975 [1]:639520333 [2]:7 [3]:15
[0]:974889933 [1]:640024350 [2]:7 [3]:18
[0]:975877753 [1]:640533144 [2]:7 [3]:17
[0]:976875573 [1]:641044105 [2]:7 [3]:10
[0]:977831526 [1]:641541591 [2]:7 [3]:11
[0]:978812451 [1]:642046209 [2]:7 [3]:53
[0]:980114026 [1]:642725385 [2]:7 [3]:15
[0]:981350583 [1]:643362045 [2]:7 [3]:13
[0]:982680208 [1]:644051198 [2]:7 [3]:52
[0]:983910310 [1]:644685416 [2]:7 [3]:56
[0]:985008688 [1]:645252861 [2]:7 [3]:58
[0]:986132036 [1]:645834876 [2]:7 [3]:16
[0]:987225058 [1]:646399375 [2]:7 [3]:48
[0]:988364190 [1]:646988832 [2]:7 [3]:12
[0]:989443317 [1]:647546685 [2]:7 [3]:11
[0]:990587995 [1]:648134813 [2]:7 [3]:12
[0]:991676053 [1]:648693904 [2]:7 [3]:13
[0]:992795000 [1]:649271226 [2]:7 [3]:8
[0]:994155023 [1]:649972215 [2]:7 [3]:51
[0]:995289537 [1]:650559257 [2]:7 [3]:49
[0]:996453506 [1]:651157125 [2]:7 [3]:57
[0]:997546255 [1]:651724257 [2]:7 [3]:11
[0]:998689314 [1]:652309197 [2]:7 [3]:51
[0]:999807020 [1]:652884495 [2]:7 [3]:57
[0]:1000950286 [1]:653473267 [2]:7 [3]:14
[0]:1002086119 [1]:654056117 [2]:7 [3]:17
[0]:1003251175 [1]:654654205 [2]:7 [3]:16
[0]:1004355765 [1]:655222805 [2]:7 [3]:10
[0]:1005358163 [1]:655741793 [2]:7 [3]:16
[0]:1006390919 [1]:656272374 [2]:7 [3]:14
[0]:1007371942 [1]:656778284 [2]:7 [3]:16
[0]:1008400326 [1]:657310814 [2]:7 [3]:16
[0]:1009375932 [1]:657814572 [2]:7 [3]:53
[0]:1010341498 [1]:658310918 [2]:7 [3]:56
[0]:1011327534 [1]:658819673 [2]:7 [3]:13
[0]:1012341829 [1]:659341228 [2]:7 [3]:50
[0]:1013377384 [1]:659872352 [2]:7 [3]:11
[0]:1014377448 [1]:660389956 [2]:7 [3]:16
[0]:1015659438 [1]:661049264 [2]:7 [3]:13
[0]:1016655875 [1]:661562956 [2]:7 [3]:14
[0]:1017689656 [1]:662097644 [2]:7 [3]:10
[0]:1018671898 [1]:662605763 [2]:7 [3]:56
[0]:1019898502 [1]:663236932 [2]:7 [3]:8
[0]:1021142662 [1]:663879284 [2]:7 [3]:13
[0]:1022246523 [1]:664449778 [2]:7 [3]:9
[0]:1023342630 [1]:665016579 [2]:7 [3]:58
[0]:1024395572 [1]:665559185 [2]:7 [3]:14
[0]:1025409641 [1]:666083255 [2]:7 [3]:10
[0]:1026413900 [1]:666601519 [2]:7 [3]:49
[0]:1027384252 [1]:667097559 [2]:7 [3]:53
[0]:1028363043 [1]:667602560 [2]:7 [3]:16
[0]:1029354394 [1]:668111174 [2]:7 [3]:10
[0]:1030335444 [1]:668613919 [2]:7 [3]:9
[0]:1031345122 [1]:669131260 [2]:7 [3]:50
[0]:1032378862 [1]:669665649 [2]:7 [3]:10
[0]:1033711330 [1]:670353159 [2]:7 [3]:60
[0]:1034780832 [1]:670909468 [2]:7 [3]:50
[0]:1035798077 [1]:671432263 [2]:7 [3]:49
[0]:1036849079 [1]:671975666 [2]:7 [3]:20
[0]:1038031303 [1]:672579934 [2]:7 [3]:16
[0]:1039247704 [1]:673217249 [2]:7 [3]:13
[0]:1040388251 [1]:673809136 [2]:7 [3]:18
[0]:1041523668 [1]:674392589 [2]:7 [3]:10
[0]:1042632736 [1]:674966491 [2]:7 [3]:13
[0]:1043759030 [1]:675549292 [2]:7 [3]:15
[0]:1044892480 [1]:676136636 [2]:7 [3]:9
[0]:1046102262 [1]:676760766 [2]:7 [3]:8
[0]:1047217122 [1]:677332772 [2]:7 [3]:50
[0]:1048332789 [1]:677904659 [2]:7 [3]:10
[0]:1049474065 [1]:678496399 [2]:7 [3]:9
[0]:1050574520 [1]:679063697 [2]:7 [3]:16
[0]:1051676884 [1]:679633382 [2]:7 [3]:11
[0]:1052772282 [1]:680196169 [2]:7 [3]:14
[0]:1053877726 [1]:680759449 [2]:7 [3]:14
[0]:1054960819 [1]:681315333 [2]:7 [3]:9
[0]:1056298576 [1]:682000196 [2]:7 [3]:15
[0]:1057388034 [1]:682560220 [2]:7 [3]:54
[0]:1058538389 [1]:683152363 [2]:7 [3]:12
[0]:1059671956 [1]:683736796 [2]:7 [3]:15
[0]:1060717636 [1]:684277710 [2]:7 [3]:13
[0]:1061714082 [1]:684791039 [2]:7 [3]:55
[0]:1062751249 [1]:685324473 [2]:7 [3]:11
[0]:1063749213 [1]:685839808 [2]:7 [3]:17
[0]:1064756186 [1]:686361736 [2]:7 [3]:11
[0]:1065745091 [1]:686867815 [2]:7 [3]:12
[0]:1066726019 [1]:687375900 [2]:7 [3]:10
[0]:1067700600 [1]:687878990 [2]:7 [3]:51
[0]:1068693159 [1]:688385695 [2]:7 [3]:20
[0]:1069898086 [1]:689005635 [2]:7 [3]:16
[0]:1070892401 [1]:689516946 [2]:7 [3]:16
[0]:1071905255 [1]:690039111 [2]:7 [3]:13
[0]:1072917374 [1]:690562841 [2]:7 [3]:14
[0]:1073891342 [1]:691064904 [2]:7 [3]:9
[0]:1074868309 [1]:691568105 [2]:7 [3]:10
[0]:1076015066 [1]:692159811 [2]:7 [3]:14
[0]:1077254140 [1]:692800802 [2]:7 [3]:12
[0]:1078383300 [1]:693382664 [2]:7 [3]:51
[0]:1079431961 [1]:693929914 [2]:7 [3]:18
[0]:1080480268 [1]:694465303 [2]:7 [3]:14
[0]:1081506170 [1]:694989279 [2]:7 [3]:8
[0]:1082469130 [1]:695481617 [2]:7 [3]:51
[0]:1083472158 [1]:695999385 [2]:7 [3]:8
[0]:1084481933 [1]:696519674 [2]:7 [3]:51
[0]:1085541410 [1]:697060925 [2]:7 [3]:51
[0]:1086556670 [1]:697585699 [2]:7 [3]:12
[0]:1087794583 [1]:698224260 [2]:7 [3]:14
[0]:1088803554 [1]:698745587 [2]:7 [3]:49
[0]:1089815096 [1]:699262188 [2]:7 [3]:13
[0]:1090824629 [1]:699781407 [2]:7 [3]:15
[0]:1091813260 [1]:700286221 [2]:7 [3]:52
[0]:1092858827 [1]:700824773 [2]:7 [3]:14
[0]:1094154806 [1]:701489856 [2]:7 [3]:52
[0]:1095391140 [1]:702136616 [2]:7 [3]:54
[0]:1096633169 [1]:702776261 [2]:7 [3]:53
[0]:1097859012 [1]:703405262 [2]:7 [3]:55
[0]:1099041027 [1]:704016590 [2]:7 [3]:52
[0]:1100317817 [1]:704672203 [2]:7 [3]:12
[0]:1101454578 [1]:705256153 [2]:7 [3]:11
[0]:1102641257 [1]:705864576 [2]:7 [3]:57
[0]:1103850805 [1]:706487502 [2]:7 [3]:15
[0]:1104985320 [1]:707076994 [2]:7 [3]:9
[0]:1106165459 [1]:707684101 [2]:7 [3]:59
[0]:1107333506 [1]:708284281 [2]:7 [3]:52
[0]:1108525930 [1]:708902878 [2]:7 [3]:9
[0]:1109700746 [1]:709505660 [2]:7 [3]:58
[0]:1110821000 [1]:710079108 [2]:7 [3]:18
[0]:1111949589 [1]:710657171 [2]:7 [3]:11
[0]:1113103879 [1]:711255519 [2]:7 [3]:13
[0]:1114237625 [1]:711838669 [2]:7 [3]:11
[0]:1115357001 [1]:712412796 [2]:7 [3]:14
[0]:1116436660 [1]:712968076 [2]:7 [3]:13
[0]:1117414351 [1]:713470537 [2]:7 [3]:13
[0]:1118423082 [1]:713989925 [2]:7 [3]:58
[0]:1119411530 [1]:714494998 [2]:7 [3]:52
[0]:1120413289 [1]:715006433 [2]:7 [3]:48
[0]:1121459134 [1]:715546108 [2]:7 [3]:12
[0]:1122440706 [1]:716049521 [2]:7 [3]:56
[0]:1123672479 [1]:716683729 [2]:7 [3]:13
[0]:1124658347 [1]:717185901 [2]:7 [3]:12
[0]:1125640589 [1]:717689078 [2]:7 [3]:14
[0]:1126653269 [1]:718207595 [2]:7 [3]:13
[0]:1127645860 [1]:718717829 [2]:7 [3]:17
[0]:1128645829 [1]:719236927 [2]:7 [3]:14
[0]:1129678017 [1]:719764559 [2]:7 [3]:15
[0]:1130641979 [1]:720259843 [2]:7 [3]:9
[0]:1131741345 [1]:720826179 [2]:7 [3]:7
[0]:1132997480 [1]:721470172 [2]:7 [3]:11
[0]:1134236850 [1]:722105113 [2]:7 [3]:11
[0]:1135237510 [1]:722622086 [2]:7 [3]:11
[0]:1136265743 [1]:723150991 [2]:7 [3]:14
[0]:1137328538 [1]:723697288 [2]:7 [3]:14
[0]:1138315526 [1]:724212441 [2]:7 [3]:9
[0]:1139308840 [1]:724724793 [2]:7 [3]:7
[0]:1140420347 [1]:725292906 [2]:7 [3]:13
[0]:1141437560 [1]:725812932 [2]:7 [3]:6
[0]:1142404034 [1]:726311887 [2]:7 [3]:13
[0]:1143390034 [1]:726821159 [2]:7 [3]:49
[0]:1144396925 [1]:727340059 [2]:7 [3]:12
[0]:1145369101 [1]:727839330 [2]:7 [3]:12
[0]:1146373555 [1]:728357387 [2]:7 [3]:50
[0]:1147400194 [1]:728881578 [2]:7 [3]:52
[0]:1148391330 [1]:729389812 [2]:7 [3]:56
[0]:1149489765 [1]:729956646 [2]:7 [3]:54
[0]:1150720429 [1]:730588736 [2]:7 [3]:10
[0]:1151941090 [1]:731217635 [2]:7 [3]:17
[0]:1153145660 [1]:731841402 [2]:7 [3]:11
[0]:1154311842 [1]:732447837 [2]:7 [3]:56
[0]:1155697333 [1]:733159791 [2]:7 [3]:11
[0]:1156822120 [1]:733736009 [2]:7 [3]:50
[0]:1157920897 [1]:734302356 [2]:7 [3]:11
[0]:1159051573 [1]:734886416 [2]:7 [3]:9
[0]:1160150781 [1]:735452905 [2]:7 [3]:47
[0]:1161416829 [1]:736104269 [2]:7 [3]:16
[0]:1162561982 [1]:736694301 [2]:7 [3]:55
[0]:1163697954 [1]:737282104 [2]:7 [3]:12
[0]:1164849537 [1]:737877185 [2]:7 [3]:12
[0]:1165957975 [1]:738451416 [2]:7 [3]:53
[0]:1167094908 [1]:739041932 [2]:7 [3]:10
[0]:1168261322 [1]:739644948 [2]:7 [3]:47
[0]:1169370278 [1]:740223065 [2]:7 [3]:11
[0]:1170540360 [1]:740827689 [2]:7 [3]:10
[0]:1171638716 [1]:741394193 [2]:7 [3]:11
[0]:1172705802 [1]:741943845 [2]:7 [3]:51
[0]:1173735651 [1]:742479359 [2]:7 [3]:51
[0]:1174737487 [1]:742994922 [2]:7 [3]:13
[0]:1175728794 [1]:743506122 [2]:7 [3]:50
[0]:1176740398 [1]:744029518 [2]:7 [3]:51
[0]:1177791593 [1]:744570836 [2]:7 [3]:17
[0]:1178820269 [1]:745104543 [2]:7 [3]:17
[0]:1179921328 [1]:745671138 [2]:7 [3]:20
[0]:1180921806 [1]:746189010 [2]:7 [3]:10
[0]:1182173903 [1]:746832575 [2]:7 [3]:7
[0]:1183160461 [1]:747341533 [2]:7 [3]:50
[0]:1184143769 [1]:747847949 [2]:7 [3]:59
[0]:1185501494 [1]:748547556 [2]:7 [3]:49
[0]:1186541115 [1]:749079246 [2]:7 [3]:13
[0]:1187852385 [1]:749753631 [2]:7 [3]:12
[0]:1189105283 [1]:750399952 [2]:7 [3]:37
[0]:1190326169 [1]:751029477 [2]:7 [3]:15
[0]:1191359874 [1]:751566003 [2]:7 [3]:52
[0]:1192428044 [1]:752113892 [2]:7 [3]:15
[0]:1193421255 [1]:752622856 [2]:7 [3]:17
[0]:1194440813 [1]:753153495 [2]:7 [3]:45
[0]:1195456834 [1]:753670933 [2]:7 [3]:52
[0]:1196465055 [1]:754192253 [2]:7 [3]:50
[0]:1197457520 [1]:754710483 [2]:7 [3]:9
[0]:1198464572 [1]:755230813 [2]:7 [3]:58
[0]:1199471058 [1]:755748171 [2]:7 [3]:54
[0]:1200590053 [1]:756332233 [2]:7 [3]:12
[0]:1201559233 [1]:756827283 [2]:7 [3]:16
[0]:1202655487 [1]:757390941 [2]:7 [3]:52
[0]:1202655487 [1]:757390941 [2]:7 [3]:52
[0]:1202655487 [1]:757390941 [2]:7 [3]:52
[0]:1202655487 [1]:757390941 [2]:7 [3]:52
[0]:1202655487 [1]:757390941 [2]:7 [3]:52
[0]:1202655487 [1]:757390941 [2]:7 [3]:52
[0]:1202655487 [1]:757390941 [2]:7 [3]:52
[0]:1202655487 [1]:757390941 [2]:7 [3]:52
[0]:1202655487 [1]:757390941 [2]:7 [3]:52
[0]:1202655487 [1]:757390941 [2]:7 [3]:52
