[0]:134070897 [1]:16180356 [2]:113 [3]:361
[0]:134266126 [1]:16220874 [2]:113 [3]:362
[0]:134512528 [1]:16271968 [2]:113 [3]:360
[0]:134735604 [1]:16318179 [2]:113 [3]:57
[0]:134933689 [1]:16359248 [2]:113 [3]:362
[0]:135120795 [1]:16398051 [2]:113 [3]:368
[0]:135310321 [1]:16437375 [2]:113 [3]:59
[0]:135503523 [1]:16477464 [2]:113 [3]:366
[0]:135701327 [1]:16518451 [2]:113 [3]:363
[0]:135899171 [1]:16559411 [2]:113 [3]:370
[0]:136119110 [1]:16605065 [2]:113 [3]:59
[0]:136305238 [1]:16643699 [2]:113 [3]:365
[0]:136493560 [1]:16682734 [2]:113 [3]:364
[0]:136691342 [1]:16723700 [2]:113 [3]:361
[0]:136957536 [1]:16778888 [2]:113 [3]:361
[0]:137147455 [1]:16818359 [2]:113 [3]:366
[0]:137342591 [1]:16858885 [2]:113 [3]:363
[0]:137535126 [1]:16898745 [2]:113 [3]:360
[0]:137736518 [1]:16940498 [2]:113 [3]:367
[0]:137938045 [1]:16982281 [2]:113 [3]:361
[0]:138131570 [1]:17022450 [2]:116 [3]:360
[0]:138409002 [1]:17079955 [2]:116 [3]:54
[0]:138604924 [1]:17120604 [2]:116 [3]:361
[0]:138807608 [1]:17162628 [2]:116 [3]:360
[0]:138999874 [1]:17202469 [2]:116 [3]:362
[0]:139197459 [1]:17243460 [2]:116 [3]:353
[0]:139434965 [1]:17292703 [2]:116 [3]:356
[0]:139626103 [1]:17332314 [2]:116 [3]:363
[0]:139874319 [1]:17383793 [2]:116 [3]:68
[0]:140069464 [1]:17424264 [2]:116 [3]:358
[0]:140289487 [1]:17469919 [2]:116 [3]:358
[0]:140554056 [1]:17524789 [2]:116 [3]:363
[0]:140751537 [1]:17565710 [2]:116 [3]:361
[0]:140959961 [1]:17608991 [2]:116 [3]:361
[0]:141151223 [1]:17648675 [2]:116 [3]:355
[0]:141351559 [1]:17690153 [2]:116 [3]:356
[0]:141552867 [1]:17731944 [2]:116 [3]:66
[0]:141744456 [1]:17771710 [2]:116 [3]:360
[0]:141940418 [1]:17812463 [2]:116 [3]:355
[0]:142136991 [1]:17853234 [2]:116 [3]:363
[0]:142339109 [1]:17895139 [2]:116 [3]:366
[0]:142532795 [1]:17935341 [2]:116 [3]:364
[0]:142730527 [1]:17976321 [2]:116 [3]:362
[0]:142918942 [1]:18015390 [2]:116 [3]:362
[0]:143140433 [1]:18061279 [2]:116 [3]:365
[0]:143349185 [1]:18104637 [2]:116 [3]:354
[0]:143550423 [1]:18146356 [2]:116 [3]:365
[0]:143747822 [1]:18187333 [2]:116 [3]:356
[0]:143956451 [1]:18230591 [2]:116 [3]:361
[0]:144152120 [1]:18271168 [2]:120 [3]:367
[0]:144348410 [1]:18311874 [2]:120 [3]:363
[0]:144611397 [1]:18366434 [2]:120 [3]:360
[0]:144802517 [1]:18406025 [2]:120 [3]:366
[0]:145007442 [1]:18448529 [2]:120 [3]:366
[0]:145206528 [1]:18489813 [2]:120 [3]:365
[0]:145397510 [1]:18529440 [2]:120 [3]:69
[0]:145592561 [1]:18569910 [2]:120 [3]:354
[0]:145795260 [1]:18611979 [2]:120 [3]:56
[0]:145991271 [1]:18652569 [2]:120 [3]:368
[0]:146263493 [1]:18709036 [2]:120 [3]:58
[0]:146457359 [1]:18749229 [2]:120 [3]:369
[0]:146660127 [1]:18791337 [2]:120 [3]:360
[0]:146852251 [1]:18831058 [2]:120 [3]:360
[0]:147046043 [1]:18871266 [2]:120 [3]:365
[0]:147247543 [1]:18913083 [2]:120 [3]:365
[0]:147441186 [1]:18953299 [2]:120 [3]:359
[0]:147648961 [1]:18996413 [2]:120 [3]:357
[0]:147851021 [1]:19038328 [2]:120 [3]:356
[0]:148063498 [1]:19082390 [2]:120 [3]:364
[0]:148290923 [1]:19129553 [2]:120 [3]:355
[0]:148480892 [1]:19169010 [2]:120 [3]:363
[0]:148685852 [1]:19211495 [2]:120 [3]:59
[0]:148887104 [1]:19253254 [2]:120 [3]:53
[0]:149110956 [1]:19299644 [2]:120 [3]:61
[0]:149311956 [1]:19341382 [2]:120 [3]:61
[0]:149524227 [1]:19385411 [2]:120 [3]:357
[0]:149725514 [1]:19427117 [2]:120 [3]:356
[0]:149927476 [1]:19469018 [2]:120 [3]:63
[0]:150121976 [1]:19509424 [2]:123 [3]:370
[0]:150321379 [1]:19550834 [2]:123 [3]:365
[0]:150543060 [1]:19596728 [2]:123 [3]:365
[0]:150762005 [1]:19642145 [2]:123 [3]:61
[0]:150959363 [1]:19683089 [2]:123 [3]:355
[0]:151150100 [1]:19722622 [2]:123 [3]:59
[0]:151372960 [1]:19768839 [2]:123 [3]:61
[0]:151565701 [1]:19808750 [2]:123 [3]:360
[0]:151763633 [1]:19849775 [2]:123 [3]:367
[0]:151957852 [1]:19890037 [2]:123 [3]:65
[0]:152163125 [1]:19932588 [2]:123 [3]:367
[0]:152378009 [1]:19977113 [2]:123 [3]:356
[0]:152576660 [1]:20018360 [2]:123 [3]:67
[0]:152800320 [1]:20064749 [2]:123 [3]:362
[0]:153012652 [1]:20108865 [2]:123 [3]:359
[0]:153214001 [1]:20150671 [2]:123 [3]:360
[0]:153411468 [1]:20191552 [2]:123 [3]:361
[0]:153618776 [1]:20234575 [2]:123 [3]:357
[0]:153813817 [1]:20275061 [2]:123 [3]:360
[0]:154007816 [1]:20315277 [2]:123 [3]:61
[0]:154208959 [1]:20357021 [2]:123 [3]:363
[0]:154413875 [1]:20399478 [2]:123 [3]:358
[0]:154616943 [1]:20441600 [2]:123 [3]:360
[0]:154805316 [1]:20480717 [2]:123 [3]:362
[0]:154995394 [1]:20520126 [2]:123 [3]:60
[0]:155182097 [1]:20558792 [2]:123 [3]:363
[0]:155375286 [1]:20598858 [2]:123 [3]:364
[0]:155595416 [1]:20644563 [2]:123 [3]:364
[0]:155786716 [1]:20684253 [2]:123 [3]:361
[0]:155997824 [1]:20728053 [2]:123 [3]:57
[0]:156194528 [1]:20768866 [2]:126 [3]:361
[0]:156395692 [1]:20810597 [2]:126 [3]:60
[0]:156605358 [1]:20854051 [2]:126 [3]:348
[0]:156813988 [1]:20897331 [2]:126 [3]:363
[0]:157007627 [1]:20937527 [2]:126 [3]:62
[0]:157220234 [1]:20981561 [2]:126 [3]:358
[0]:157421555 [1]:21023313 [2]:126 [3]:365
[0]:157618955 [1]:21064248 [2]:126 [3]:361
[0]:157820216 [1]:21106040 [2]:126 [3]:363
[0]:158040385 [1]:21151686 [2]:126 [3]:362
[0]:158230217 [1]:21191068 [2]:126 [3]:362
[0]:158426947 [1]:21231875 [2]:126 [3]:365
[0]:158720517 [1]:21292771 [2]:126 [3]:359
[0]:158905038 [1]:21331058 [2]:126 [3]:60
[0]:159102328 [1]:21372056 [2]:126 [3]:363
[0]:159298276 [1]:21412710 [2]:126 [3]:359
[0]:159497245 [1]:21454063 [2]:126 [3]:357
[0]:159698406 [1]:21495741 [2]:126 [3]:367
[0]:159896097 [1]:21536731 [2]:126 [3]:364
[0]:160115916 [1]:21582318 [2]:126 [3]:55
[0]:160317288 [1]:21624073 [2]:126 [3]:360
[0]:160510828 [1]:21664189 [2]:126 [3]:359
[0]:160704752 [1]:21704472 [2]:126 [3]:358
[0]:160898612 [1]:21744641 [2]:126 [3]:361
[0]:161104601 [1]:21787420 [2]:126 [3]:54
[0]:161307148 [1]:21829410 [2]:126 [3]:361
[0]:161517181 [1]:21873025 [2]:126 [3]:64
[0]:161725870 [1]:21916236 [2]:126 [3]:361
[0]:161923236 [1]:21957274 [2]:126 [3]:363
[0]:162126213 [1]:21999329 [2]:129 [3]:59
[0]:162318270 [1]:22039187 [2]:129 [3]:366
[0]:162519731 [1]:22080980 [2]:129 [3]:358
[0]:162723732 [1]:22123268 [2]:129 [3]:363
[0]:163003856 [1]:22181395 [2]:129 [3]:356
[0]:163198067 [1]:22221696 [2]:129 [3]:367
[0]:163402505 [1]:22264123 [2]:129 [3]:359
[0]:163600128 [1]:22305073 [2]:129 [3]:59
[0]:163803171 [1]:22347254 [2]:129 [3]:51
[0]:163995404 [1]:22387122 [2]:129 [3]:61
[0]:164186698 [1]:22426808 [2]:129 [3]:359
[0]:164445458 [1]:22480504 [2]:129 [3]:361
[0]:164636488 [1]:22520129 [2]:129 [3]:366
[0]:164830308 [1]:22560318 [2]:129 [3]:354
[0]:165051922 [1]:22606332 [2]:129 [3]:59
[0]:165243625 [1]:22646063 [2]:129 [3]:360
[0]:165437227 [1]:22686152 [2]:129 [3]:361
[0]:165635289 [1]:22727267 [2]:129 [3]:368
[0]:165825372 [1]:22766696 [2]:129 [3]:361
[0]:166026696 [1]:22808508 [2]:129 [3]:359
[0]:166224169 [1]:22849483 [2]:129 [3]:366
[0]:166458872 [1]:22898085 [2]:129 [3]:367
[0]:166659397 [1]:22939690 [2]:129 [3]:371
[0]:166858950 [1]:22981096 [2]:129 [3]:362
[0]:167114769 [1]:23034199 [2]:129 [3]:368
[0]:167304925 [1]:23073559 [2]:129 [3]:55
[0]:167509960 [1]:23116136 [2]:129 [3]:362
[0]:167713981 [1]:23158501 [2]:129 [3]:59
[0]:167908724 [1]:23198918 [2]:129 [3]:56
[0]:168112915 [1]:23241253 [2]:132 [3]:365
[0]:168318259 [1]:23283736 [2]:132 [3]:366
[0]:168516156 [1]:23324775 [2]:132 [3]:366
[0]:168743488 [1]:23371993 [2]:132 [3]:60
[0]:168967094 [1]:23418467 [2]:132 [3]:362
[0]:169168335 [1]:23460111 [2]:132 [3]:354
[0]:169380692 [1]:23504197 [2]:132 [3]:360
[0]:169597066 [1]:23549127 [2]:132 [3]:369
[0]:169791247 [1]:23589420 [2]:132 [3]:363
[0]:169988159 [1]:23630311 [2]:132 [3]:367
[0]:170185738 [1]:23671263 [2]:132 [3]:361
[0]:170379456 [1]:23711402 [2]:132 [3]:358
[0]:170576451 [1]:23752241 [2]:132 [3]:355
[0]:170778260 [1]:23794122 [2]:132 [3]:362
[0]:170979588 [1]:23835858 [2]:132 [3]:363
[0]:171173413 [1]:23875994 [2]:132 [3]:368
[0]:171366058 [1]:23916002 [2]:132 [3]:362
[0]:171593202 [1]:23963213 [2]:132 [3]:365
[0]:171791898 [1]:24004465 [2]:132 [3]:60
[0]:171996761 [1]:24046933 [2]:132 [3]:360
[0]:172196145 [1]:24088314 [2]:132 [3]:359
[0]:172443832 [1]:24139715 [2]:132 [3]:367
[0]:172645211 [1]:24181461 [2]:132 [3]:362
[0]:172839107 [1]:24221688 [2]:132 [3]:351
[0]:173029672 [1]:24261137 [2]:132 [3]:356
[0]:173248005 [1]:24306471 [2]:132 [3]:57
[0]:173446613 [1]:24347589 [2]:132 [3]:365
[0]:173651615 [1]:24390112 [2]:132 [3]:363
[0]:173893834 [1]:24440288 [2]:132 [3]:362
[0]:174102637 [1]:24483648 [2]:134 [3]:351
[0]:174299495 [1]:24524532 [2]:134 [3]:355
[0]:174501258 [1]:24566528 [2]:134 [3]:360
[0]:174691657 [1]:24606039 [2]:134 [3]:360
[0]:174894019 [1]:24647957 [2]:134 [3]:360
[0]:175093825 [1]:24689426 [2]:134 [3]:361
[0]:175298613 [1]:24731954 [2]:134 [3]:59
[0]:175499952 [1]:24773732 [2]:134 [3]:363
[0]:175731287 [1]:24821697 [2]:134 [3]:366
[0]:175931818 [1]:24863366 [2]:134 [3]:367
[0]:176128054 [1]:24904096 [2]:134 [3]:59
[0]:176327270 [1]:24945397 [2]:134 [3]:358
[0]:176521066 [1]:24985587 [2]:134 [3]:358
[0]:176718851 [1]:25026520 [2]:134 [3]:58
[0]:176919934 [1]:25068213 [2]:134 [3]:360
[0]:177147300 [1]:25115383 [2]:134 [3]:354
[0]:177348877 [1]:25157228 [2]:134 [3]:355
[0]:177556944 [1]:25200340 [2]:134 [3]:58
[0]:177747215 [1]:25239834 [2]:134 [3]:62
[0]:177959638 [1]:25283870 [2]:134 [3]:359
[0]:178155756 [1]:25324533 [2]:134 [3]:362
[0]:178351038 [1]:25365057 [2]:134 [3]:363
[0]:178544793 [1]:25405230 [2]:134 [3]:365
[0]:178746007 [1]:25446985 [2]:134 [3]:359
[0]:178939780 [1]:25487212 [2]:134 [3]:356
[0]:179140505 [1]:25528865 [2]:134 [3]:357
[0]:179334839 [1]:25569148 [2]:134 [3]:363
[0]:179524862 [1]:25608541 [2]:134 [3]:364
[0]:179748494 [1]:25654922 [2]:134 [3]:367
[0]:179942224 [1]:25695133 [2]:134 [3]:356
[0]:180134410 [1]:25735052 [2]:136 [3]:359
[0]:180335129 [1]:25776644 [2]:136 [3]:363
[0]:180527402 [1]:25816557 [2]:136 [3]:360
[0]:180724837 [1]:25857541 [2]:136 [3]:364
[0]:180915182 [1]:25897026 [2]:136 [3]:353
[0]:181112474 [1]:25937974 [2]:136 [3]:361
[0]:181309935 [1]:25978907 [2]:136 [3]:368
[0]:181511276 [1]:26020687 [2]:136 [3]:365
[0]:181697448 [1]:26059274 [2]:136 [3]:353
[0]:181891206 [1]:26099424 [2]:136 [3]:364
[0]:182078407 [1]:26138247 [2]:136 [3]:370
[0]:182271498 [1]:26178244 [2]:136 [3]:365
[0]:182472265 [1]:26219856 [2]:136 [3]:361
[0]:182670297 [1]:26260937 [2]:136 [3]:356
[0]:182868866 [1]:26302143 [2]:136 [3]:355
[0]:183126742 [1]:26355539 [2]:136 [3]:359
[0]:183334674 [1]:26398639 [2]:136 [3]:351
[0]:183536254 [1]:26440419 [2]:136 [3]:365
[0]:183747576 [1]:26484274 [2]:136 [3]:62
[0]:183978817 [1]:26532188 [2]:136 [3]:359
[0]:184179793 [1]:26573830 [2]:136 [3]:355
[0]:184373575 [1]:26614061 [2]:136 [3]:361
[0]:184574770 [1]:26655809 [2]:136 [3]:359
[0]:184794691 [1]:26701438 [2]:136 [3]:358
[0]:184992219 [1]:26742322 [2]:136 [3]:365
[0]:185178452 [1]:26780947 [2]:136 [3]:365
[0]:185373439 [1]:26821437 [2]:136 [3]:366
[0]:185564075 [1]:26861038 [2]:136 [3]:362
[0]:185763468 [1]:26902327 [2]:136 [3]:366
[0]:185961119 [1]:26943298 [2]:138 [3]:356
[0]:186223904 [1]:26997848 [2]:138 [3]:64
[0]:186440361 [1]:27042787 [2]:138 [3]:368
[0]:186631967 [1]:27082538 [2]:138 [3]:358
[0]:186825875 [1]:27122733 [2]:138 [3]:61
[0]:187027172 [1]:27164419 [2]:138 [3]:362
[0]:187230444 [1]:27206583 [2]:138 [3]:360
[0]:187434543 [1]:27248939 [2]:138 [3]:362
[0]:187641943 [1]:27291898 [2]:138 [3]:365
[0]:187833090 [1]:27331415 [2]:138 [3]:363
[0]:188036763 [1]:27373656 [2]:138 [3]:364
[0]:188234547 [1]:27414664 [2]:138 [3]:355
[0]:188432023 [1]:27455647 [2]:138 [3]:367
[0]:188629577 [1]:27496660 [2]:138 [3]:358
[0]:188830623 [1]:27538295 [2]:138 [3]:367
[0]:189028895 [1]:27579376 [2]:138 [3]:359
[0]:189214876 [1]:27617976 [2]:138 [3]:357
[0]:189419721 [1]:27660457 [2]:138 [3]:56
[0]:189620907 [1]:27702177 [2]:138 [3]:360
[0]:189816046 [1]:27742644 [2]:138 [3]:355
[0]:190015895 [1]:27784179 [2]:138 [3]:362
[0]:190235802 [1]:27829788 [2]:138 [3]:359
[0]:190430948 [1]:27870263 [2]:138 [3]:357
[0]:190645802 [1]:27914789 [2]:138 [3]:55
[0]:190841179 [1]:27955345 [2]:138 [3]:362
[0]:191048281 [1]:27998285 [2]:138 [3]:362
[0]:191251227 [1]:28040342 [2]:138 [3]:363
[0]:191470942 [1]:28085910 [2]:138 [3]:364
[0]:191728377 [1]:28139326 [2]:138 [3]:365
[0]:191924010 [1]:28179892 [2]:138 [3]:358
[0]:192134197 [1]:28223487 [2]:140 [3]:360
[0]:192325434 [1]:28263160 [2]:140 [3]:356
[0]:192521388 [1]:28303741 [2]:140 [3]:365
[0]:192729074 [1]:28346819 [2]:140 [3]:359
[0]:192930405 [1]:28388610 [2]:140 [3]:361
[0]:193131601 [1]:28430340 [2]:140 [3]:366
[0]:193332103 [1]:28471941 [2]:140 [3]:363
[0]:193522793 [1]:28511450 [2]:140 [3]:363
[0]:193724000 [1]:28553253 [2]:140 [3]:364
[0]:193915995 [1]:28593152 [2]:140 [3]:357
[0]:194115319 [1]:28634520 [2]:140 [3]:359
[0]:194315840 [1]:28676070 [2]:140 [3]:355
[0]:194514156 [1]:28717185 [2]:140 [3]:354
[0]:194711651 [1]:28758162 [2]:140 [3]:359
[0]:194962148 [1]:28810159 [2]:140 [3]:353
[0]:195185102 [1]:28856471 [2]:140 [3]:365
[0]:195385263 [1]:28897969 [2]:140 [3]:357
[0]:195591225 [1]:28940712 [2]:140 [3]:62
[0]:195787947 [1]:28981543 [2]:140 [3]:360
[0]:195978503 [1]:29021104 [2]:140 [3]:55
[0]:196172439 [1]:29061284 [2]:140 [3]:368
[0]:196391892 [1]:29106792 [2]:140 [3]:358
[0]:196586019 [1]:29147168 [2]:140 [3]:355
[0]:196779968 [1]:29187392 [2]:140 [3]:357
[0]:196985126 [1]:29229940 [2]:140 [3]:360
[0]:197182902 [1]:29270896 [2]:140 [3]:360
[0]:197391194 [1]:29314103 [2]:140 [3]:363
[0]:197599185 [1]:29357202 [2]:140 [3]:354
[0]:197793518 [1]:29397522 [2]:140 [3]:363
[0]:197991448 [1]:29438546 [2]:141 [3]:362
[0]:198184744 [1]:29478568 [2]:141 [3]:358
[0]:198376182 [1]:29518278 [2]:141 [3]:359
[0]:198563866 [1]:29557219 [2]:141 [3]:364
[0]:198816944 [1]:29609712 [2]:141 [3]:364
[0]:199016156 [1]:29650999 [2]:141 [3]:63
[0]:199215692 [1]:29692394 [2]:141 [3]:61
[0]:199463351 [1]:29743745 [2]:141 [3]:366
[0]:199596829 [1]:29771443 [2]:141 [3]:362
[0]:199596829 [1]:29771443 [2]:141 [3]:362
[0]:199596829 [1]:29771443 [2]:141 [3]:362
[0]:199596829 [1]:29771443 [2]:141 [3]:362
[0]:199596829 [1]:29771443 [2]:141 [3]:362
[0]:199596829 [1]:29771443 [2]:141 [3]:362
[0]:199596829 [1]:29771443 [2]:141 [3]:362
[0]:199596829 [1]:29771443 [2]:141 [3]:362
[0]:199596829 [1]:29771443 [2]:141 [3]:362
[0]:199596829 [1]:29771443 [2]:141 [3]:362
[0]:199596829 [1]:29771443 [2]:141 [3]:362
[0]:199596829 [1]:29771443 [2]:141 [3]:362
