[0]:0 [1]:0 [2]:0 [3]:0
[0]:33426 [1]:0 [2]:0 [3]:318
[0]:260212 [1]:0 [2]:0 [3]:52
[0]:482588 [1]:0 [2]:0 [3]:318
[0]:713543 [1]:0 [2]:0 [3]:65
[0]:953044 [1]:0 [2]:0 [3]:64
[0]:1185867 [1]:0 [2]:0 [3]:70
[0]:1415218 [1]:0 [2]:0 [3]:61
[0]:1638123 [1]:0 [2]:0 [3]:317
[0]:1855398 [1]:0 [2]:0 [3]:80
[0]:2078207 [1]:0 [2]:0 [3]:322
[0]:2278715 [1]:18309 [2]:120 [3]:58
[0]:2473058 [1]:38069 [2]:120 [3]:368
[0]:2671043 [1]:58111 [2]:120 [3]:51
[0]:2873001 [1]:78561 [2]:120 [3]:353
[0]:3071299 [1]:98582 [2]:120 [3]:67
[0]:3330787 [1]:124825 [2]:120 [3]:63
[0]:3523624 [1]:144331 [2]:120 [3]:78
[0]:3717677 [1]:164034 [2]:120 [3]:65
[0]:3922203 [1]:184686 [2]:120 [3]:362
[0]:4133036 [1]:205941 [2]:120 [3]:57
[0]:4327587 [1]:225567 [2]:120 [3]:70
[0]:4529485 [1]:245984 [2]:120 [3]:360
[0]:4759069 [1]:269336 [2]:120 [3]:360
[0]:4962788 [1]:290066 [2]:120 [3]:60
[0]:5156725 [1]:309735 [2]:120 [3]:377
[0]:5361479 [1]:330506 [2]:114 [3]:55
[0]:5567077 [1]:351218 [2]:114 [3]:49
[0]:5766507 [1]:371304 [2]:114 [3]:79
[0]:5964819 [1]:391378 [2]:114 [3]:362
[0]:6170278 [1]:412303 [2]:114 [3]:52
[0]:6360968 [1]:431642 [2]:114 [3]:69
[0]:6555057 [1]:451390 [2]:114 [3]:76
[0]:6753293 [1]:471500 [2]:114 [3]:64
[0]:6944666 [1]:490954 [2]:114 [3]:362
[0]:7227704 [1]:519615 [2]:114 [3]:345
[0]:7444636 [1]:541641 [2]:114 [3]:360
[0]:7646630 [1]:562030 [2]:114 [3]:58
[0]:7847998 [1]:582665 [2]:114 [3]:54
[0]:8039965 [1]:602416 [2]:114 [3]:70
[0]:8228306 [1]:621579 [2]:114 [3]:376
[0]:8475797 [1]:646555 [2]:109 [3]:63
[0]:8675815 [1]:666788 [2]:109 [3]:373
[0]:8865017 [1]:685926 [2]:109 [3]:379
[0]:9084983 [1]:708187 [2]:109 [3]:71
[0]:9280827 [1]:727970 [2]:109 [3]:61
[0]:9470202 [1]:747069 [2]:109 [3]:64
[0]:9668393 [1]:767026 [2]:109 [3]:358
[0]:9866814 [1]:786989 [2]:109 [3]:56
[0]:10064195 [1]:806882 [2]:109 [3]:64
[0]:10277784 [1]:828606 [2]:109 [3]:60
[0]:10475305 [1]:848594 [2]:109 [3]:359
[0]:10674219 [1]:868842 [2]:109 [3]:362
[0]:10864927 [1]:888051 [2]:109 [3]:55
[0]:11059255 [1]:907697 [2]:109 [3]:379
[0]:11254843 [1]:927582 [2]:109 [3]:363
[0]:11459237 [1]:948243 [2]:105 [3]:60
[0]:11658790 [1]:968500 [2]:105 [3]:372
[0]:11851470 [1]:988061 [2]:105 [3]:53
[0]:12053335 [1]:1008509 [2]:105 [3]:363
[0]:12254368 [1]:1028755 [2]:105 [3]:360
[0]:12473444 [1]:1051054 [2]:105 [3]:356
[0]:12666530 [1]:1070571 [2]:105 [3]:82
[0]:12871884 [1]:1091539 [2]:105 [3]:368
[0]:13069983 [1]:1111448 [2]:105 [3]:58
[0]:13291001 [1]:1133715 [2]:105 [3]:369
[0]:13515220 [1]:1156428 [2]:105 [3]:353
[0]:13710729 [1]:1176232 [2]:105 [3]:361
[0]:13904068 [1]:1195790 [2]:105 [3]:364
[0]:14100517 [1]:1215632 [2]:105 [3]:68
[0]:14292837 [1]:1235191 [2]:105 [3]:65
[0]:14506074 [1]:1256716 [2]:105 [3]:356
[0]:14699541 [1]:1276226 [2]:101 [3]:363
[0]:14901169 [1]:1296679 [2]:101 [3]:75
[0]:15100525 [1]:1316818 [2]:101 [3]:64
[0]:15294735 [1]:1336633 [2]:101 [3]:65
[0]:15500364 [1]:1357418 [2]:101 [3]:363
[0]:15698481 [1]:1377535 [2]:101 [3]:62
[0]:15896480 [1]:1397628 [2]:101 [3]:62
[0]:16094641 [1]:1417669 [2]:101 [3]:355
[0]:16331788 [1]:1441708 [2]:101 [3]:358
[0]:16530797 [1]:1461750 [2]:101 [3]:366
[0]:16726499 [1]:1481549 [2]:101 [3]:368
[0]:16928418 [1]:1502058 [2]:101 [3]:76
[0]:17126184 [1]:1522263 [2]:101 [3]:52
[0]:17335046 [1]:1543410 [2]:101 [3]:368
[0]:17551724 [1]:1565221 [2]:101 [3]:364
[0]:17754248 [1]:1585875 [2]:97 [3]:64
[0]:17948822 [1]:1605484 [2]:97 [3]:65
[0]:18154391 [1]:1626235 [2]:97 [3]:67
[0]:18412264 [1]:1652368 [2]:97 [3]:75
[0]:18610642 [1]:1672520 [2]:97 [3]:362
[0]:18799747 [1]:1691506 [2]:97 [3]:362
[0]:18999146 [1]:1711773 [2]:97 [3]:369
[0]:19197382 [1]:1731793 [2]:97 [3]:55
[0]:19419682 [1]:1754298 [2]:97 [3]:365
[0]:19638597 [1]:1776408 [2]:97 [3]:354
[0]:19847801 [1]:1797653 [2]:97 [3]:74
[0]:20045717 [1]:1817707 [2]:97 [3]:70
[0]:20240224 [1]:1837454 [2]:97 [3]:61
[0]:20431064 [1]:1856699 [2]:97 [3]:371
[0]:20624952 [1]:1876329 [2]:97 [3]:70
[0]:20832053 [1]:1897215 [2]:94 [3]:67
[0]:21034182 [1]:1917617 [2]:94 [3]:65
[0]:21248627 [1]:1939504 [2]:94 [3]:371
[0]:21455199 [1]:1960369 [2]:94 [3]:63
[0]:21652696 [1]:1980322 [2]:94 [3]:359
[0]:21869856 [1]:2002266 [2]:94 [3]:63
[0]:22068393 [1]:2022365 [2]:94 [3]:61
[0]:22266656 [1]:2042321 [2]:94 [3]:353
[0]:22460897 [1]:2062060 [2]:94 [3]:62
[0]:22662926 [1]:2082512 [2]:94 [3]:57
[0]:22860799 [1]:2102519 [2]:94 [3]:72
[0]:23051482 [1]:2121772 [2]:94 [3]:374
[0]:23253596 [1]:2142271 [2]:94 [3]:68
[0]:23495327 [1]:2166802 [2]:94 [3]:68
[0]:23698300 [1]:2187390 [2]:94 [3]:354
[0]:23908397 [1]:2208530 [2]:91 [3]:350
[0]:24110930 [1]:2229122 [2]:91 [3]:65
[0]:24311354 [1]:2249558 [2]:91 [3]:60
[0]:24503796 [1]:2269105 [2]:91 [3]:60
[0]:24703487 [1]:2289358 [2]:91 [3]:66
[0]:24913004 [1]:2310534 [2]:91 [3]:373
[0]:25111134 [1]:2330674 [2]:91 [3]:67
[0]:25305502 [1]:2350350 [2]:91 [3]:366
[0]:25502904 [1]:2370361 [2]:91 [3]:61
[0]:25691906 [1]:2389519 [2]:91 [3]:367
[0]:25884704 [1]:2408974 [2]:91 [3]:74
[0]:26082762 [1]:2429023 [2]:91 [3]:343
[0]:26284966 [1]:2449445 [2]:91 [3]:361
[0]:26486639 [1]:2469793 [2]:91 [3]:369
[0]:26679623 [1]:2489319 [2]:91 [3]:67
[0]:26875568 [1]:2509308 [2]:91 [3]:65
[0]:27069971 [1]:2529161 [2]:88 [3]:59
[0]:27267491 [1]:2549246 [2]:88 [3]:352
[0]:27466791 [1]:2569458 [2]:88 [3]:361
[0]:27667753 [1]:2589654 [2]:88 [3]:64
[0]:27865420 [1]:2609658 [2]:88 [3]:360
[0]:28071726 [1]:2630548 [2]:88 [3]:361
[0]:28262437 [1]:2649795 [2]:88 [3]:64
[0]:28463288 [1]:2669988 [2]:88 [3]:360
[0]:28658781 [1]:2689782 [2]:88 [3]:48
[0]:28864466 [1]:2710587 [2]:88 [3]:369
[0]:29066207 [1]:2731006 [2]:88 [3]:362
[0]:29316603 [1]:2756382 [2]:88 [3]:79
[0]:29522357 [1]:2777385 [2]:88 [3]:370
[0]:29732488 [1]:2798782 [2]:88 [3]:365
[0]:29924792 [1]:2818276 [2]:88 [3]:57
[0]:30127861 [1]:2838785 [2]:86 [3]:364
[0]:30329850 [1]:2859049 [2]:86 [3]:356
[0]:30531594 [1]:2879538 [2]:86 [3]:368
[0]:30752783 [1]:2901903 [2]:86 [3]:61
[0]:30950187 [1]:2921907 [2]:86 [3]:364
[0]:31166799 [1]:2944010 [2]:86 [3]:59
[0]:31364884 [1]:2964094 [2]:86 [3]:57
[0]:31581768 [1]:2986402 [2]:86 [3]:71
[0]:31786770 [1]:3007086 [2]:86 [3]:359
[0]:31982552 [1]:3026898 [2]:86 [3]:68
[0]:32175587 [1]:3046456 [2]:86 [3]:68
[0]:32377684 [1]:3066766 [2]:86 [3]:50
[0]:32584443 [1]:3087622 [2]:86 [3]:53
[0]:32781592 [1]:3107605 [2]:86 [3]:69
[0]:32976097 [1]:3127266 [2]:86 [3]:362
[0]:33182007 [1]:3147964 [2]:84 [3]:76
[0]:33387061 [1]:3168759 [2]:84 [3]:66
[0]:33578101 [1]:3188066 [2]:84 [3]:70
[0]:33843547 [1]:3214942 [2]:84 [3]:367
[0]:34042963 [1]:3235096 [2]:84 [3]:364
[0]:34235115 [1]:3254424 [2]:84 [3]:61
[0]:34434382 [1]:3274577 [2]:84 [3]:359
[0]:34625146 [1]:3293862 [2]:84 [3]:64
[0]:34819205 [1]:3313519 [2]:84 [3]:352
[0]:35014041 [1]:3333061 [2]:84 [3]:59
[0]:35204773 [1]:3352391 [2]:84 [3]:355
[0]:35427924 [1]:3375043 [2]:84 [3]:359
[0]:35627199 [1]:3395128 [2]:84 [3]:78
[0]:35823778 [1]:3414935 [2]:84 [3]:363
[0]:36049802 [1]:3437776 [2]:84 [3]:71
[0]:36244201 [1]:3457441 [2]:84 [3]:63
[0]:36453429 [1]:3478669 [2]:82 [3]:59
[0]:36655073 [1]:3499146 [2]:82 [3]:372
[0]:36845529 [1]:3518504 [2]:82 [3]:60
[0]:37040187 [1]:3538204 [2]:82 [3]:363
[0]:37242102 [1]:3558594 [2]:82 [3]:53
[0]:37440362 [1]:3578601 [2]:82 [3]:68
[0]:37632374 [1]:3598068 [2]:82 [3]:360
[0]:37829194 [1]:3617896 [2]:82 [3]:376
[0]:38064221 [1]:3641859 [2]:82 [3]:356
[0]:38258821 [1]:3661559 [2]:82 [3]:54
[0]:38449633 [1]:3680801 [2]:82 [3]:359
[0]:38649127 [1]:3700954 [2]:82 [3]:343
[0]:38846125 [1]:3720885 [2]:82 [3]:72
[0]:39047746 [1]:3741206 [2]:82 [3]:55
[0]:39283425 [1]:3764912 [2]:82 [3]:63
[0]:39478092 [1]:3784616 [2]:80 [3]:358
[0]:39686958 [1]:3805724 [2]:80 [3]:84
[0]:39881766 [1]:3825587 [2]:80 [3]:360
[0]:40079185 [1]:3845587 [2]:80 [3]:74
[0]:40270670 [1]:3864754 [2]:80 [3]:365
[0]:40476410 [1]:3885497 [2]:80 [3]:67
[0]:40678473 [1]:3905857 [2]:80 [3]:372
[0]:40876509 [1]:3925923 [2]:80 [3]:376
[0]:41070916 [1]:3945595 [2]:80 [3]:353
[0]:41261413 [1]:3965013 [2]:80 [3]:357
[0]:41458301 [1]:3984965 [2]:80 [3]:363
[0]:41657705 [1]:4005152 [2]:80 [3]:71
[0]:41859538 [1]:4025550 [2]:80 [3]:364
[0]:42055685 [1]:4045393 [2]:80 [3]:374
[0]:42256193 [1]:4065585 [2]:80 [3]:65
[0]:42460863 [1]:4086500 [2]:80 [3]:364
[0]:42679826 [1]:4108695 [2]:78 [3]:68
[0]:42883878 [1]:4129300 [2]:78 [3]:69
[0]:43087845 [1]:4150026 [2]:78 [3]:59
[0]:43283900 [1]:4169800 [2]:78 [3]:59
[0]:43483824 [1]:4189981 [2]:78 [3]:67
[0]:43681695 [1]:4210042 [2]:78 [3]:60
[0]:43873137 [1]:4229402 [2]:78 [3]:54
[0]:44102515 [1]:4252717 [2]:78 [3]:357
[0]:44304338 [1]:4273170 [2]:78 [3]:362
[0]:44502607 [1]:4293254 [2]:78 [3]:358
[0]:44704328 [1]:4313731 [2]:78 [3]:368
[0]:44902449 [1]:4333826 [2]:78 [3]:371
[0]:45104246 [1]:4354259 [2]:78 [3]:355
[0]:45311455 [1]:4375222 [2]:78 [3]:366
[0]:45515611 [1]:4395796 [2]:78 [3]:364
[0]:45721182 [1]:4416618 [2]:77 [3]:369
[0]:45959548 [1]:4440567 [2]:77 [3]:64
[0]:46155554 [1]:4460455 [2]:77 [3]:59
[0]:46360748 [1]:4481150 [2]:77 [3]:367
[0]:46570034 [1]:4502346 [2]:77 [3]:61
[0]:46787453 [1]:4524309 [2]:77 [3]:373
[0]:46984954 [1]:4544419 [2]:77 [3]:65
[0]:47227809 [1]:4569024 [2]:77 [3]:52
[0]:47425937 [1]:4589130 [2]:77 [3]:369
[0]:47674926 [1]:4614454 [2]:77 [3]:369
[0]:47896605 [1]:4636949 [2]:77 [3]:60
[0]:48090728 [1]:4656693 [2]:77 [3]:376
[0]:48292822 [1]:4677110 [2]:77 [3]:61
[0]:48532521 [1]:4701327 [2]:77 [3]:354
[0]:48718886 [1]:4720100 [2]:76 [3]:363
[0]:48913649 [1]:4739839 [2]:76 [3]:75
[0]:49119184 [1]:4760710 [2]:76 [3]:369
[0]:49316629 [1]:4780686 [2]:76 [3]:354
[0]:49545712 [1]:4803773 [2]:76 [3]:367
[0]:49747335 [1]:4824215 [2]:76 [3]:64
[0]:49949500 [1]:4844602 [2]:76 [3]:367
[0]:50147198 [1]:4864758 [2]:76 [3]:54
[0]:50344917 [1]:4885019 [2]:76 [3]:68
[0]:50565807 [1]:4911599 [2]:76 [3]:369
[0]:50779906 [1]:4944651 [2]:76 [3]:362
[0]:50977570 [1]:4975369 [2]:76 [3]:65
[0]:51194684 [1]:5008780 [2]:76 [3]:56
[0]:51404060 [1]:5041063 [2]:76 [3]:62
[0]:51615374 [1]:5073736 [2]:76 [3]:362
[0]:51818289 [1]:5105066 [2]:76 [3]:361
[0]:52012479 [1]:5135022 [2]:76 [3]:361
[0]:52217519 [1]:5166653 [2]:76 [3]:63
[0]:52413219 [1]:5196872 [2]:76 [3]:357
[0]:52612610 [1]:5227739 [2]:76 [3]:355
[0]:52820905 [1]:5259772 [2]:76 [3]:63
[0]:53022457 [1]:5291010 [2]:76 [3]:58
[0]:53235795 [1]:5324005 [2]:76 [3]:359
[0]:53432901 [1]:5354571 [2]:76 [3]:363
[0]:53634720 [1]:5385720 [2]:76 [3]:368
[0]:53834768 [1]:5416625 [2]:76 [3]:370
[0]:54060234 [1]:5451280 [2]:76 [3]:367
[0]:54253880 [1]:5481088 [2]:76 [3]:364
[0]:54448218 [1]:5511007 [2]:76 [3]:360
[0]:54645834 [1]:5541474 [2]:76 [3]:66
[0]:54846430 [1]:5572581 [2]:76 [3]:365
[0]:55056166 [1]:5604912 [2]:76 [3]:55
[0]:55266612 [1]:5637382 [2]:76 [3]:67
[0]:55466635 [1]:5668190 [2]:76 [3]:361
[0]:55668083 [1]:5699207 [2]:76 [3]:364
[0]:55865083 [1]:5729520 [2]:76 [3]:363
[0]:56060988 [1]:5759645 [2]:76 [3]:362
[0]:56250117 [1]:5788791 [2]:76 [3]:353
[0]:56441141 [1]:5818323 [2]:78 [3]:77
[0]:56641805 [1]:5849265 [2]:78 [3]:53
[0]:56854470 [1]:5881963 [2]:78 [3]:60
[0]:57058882 [1]:5913445 [2]:78 [3]:70
[0]:57257567 [1]:5944053 [2]:78 [3]:364
[0]:57503630 [1]:5982048 [2]:78 [3]:369
[0]:57701585 [1]:6012510 [2]:78 [3]:363
[0]:57895515 [1]:6042336 [2]:78 [3]:353
[0]:58093203 [1]:6072804 [2]:78 [3]:371
[0]:58284800 [1]:6102553 [2]:78 [3]:359
[0]:58478499 [1]:6132453 [2]:78 [3]:68
[0]:58671312 [1]:6162412 [2]:78 [3]:356
[0]:58861218 [1]:6191804 [2]:78 [3]:358
[0]:59066630 [1]:6223581 [2]:78 [3]:74
[0]:59260346 [1]:6253522 [2]:78 [3]:360
[0]:59458160 [1]:6284037 [2]:78 [3]:363
[0]:59658661 [1]:6314944 [2]:78 [3]:362
[0]:59868438 [1]:6347431 [2]:78 [3]:62
[0]:60062803 [1]:6377346 [2]:78 [3]:63
[0]:60260083 [1]:6407666 [2]:78 [3]:65
[0]:60458060 [1]:6438231 [2]:80 [3]:58
[0]:60651269 [1]:6468084 [2]:80 [3]:64
[0]:60842134 [1]:6497591 [2]:80 [3]:374
[0]:61043711 [1]:6528637 [2]:80 [3]:358
[0]:61241391 [1]:6559070 [2]:80 [3]:369
[0]:61461632 [1]:6593035 [2]:80 [3]:356
[0]:61659165 [1]:6623494 [2]:80 [3]:367
[0]:61854866 [1]:6653655 [2]:80 [3]:59
[0]:62050430 [1]:6683760 [2]:80 [3]:358
[0]:62248709 [1]:6714191 [2]:80 [3]:361
[0]:62446438 [1]:6744829 [2]:80 [3]:69
[0]:62646777 [1]:6775705 [2]:80 [3]:365
[0]:62832213 [1]:6804424 [2]:80 [3]:358
[0]:63032112 [1]:6835161 [2]:80 [3]:59
[0]:63235705 [1]:6866549 [2]:80 [3]:366
[0]:63435005 [1]:6897301 [2]:80 [3]:64
[0]:63636314 [1]:6928312 [2]:80 [3]:368
[0]:63833524 [1]:6958713 [2]:80 [3]:58
[0]:64071941 [1]:6995526 [2]:80 [3]:70
[0]:64270202 [1]:7026192 [2]:80 [3]:56
[0]:64464609 [1]:7056110 [2]:81 [3]:57
[0]:64691965 [1]:7091408 [2]:81 [3]:363
[0]:64893521 [1]:7122406 [2]:81 [3]:365
[0]:65095652 [1]:7151262 [2]:81 [3]:359
[0]:65309601 [1]:7172511 [2]:81 [3]:80
[0]:65517811 [1]:7193227 [2]:81 [3]:78
[0]:65740595 [1]:7215383 [2]:81 [3]:108
[0]:65942749 [1]:7235308 [2]:81 [3]:372
[0]:66155493 [1]:7256151 [2]:81 [3]:368
[0]:66398737 [1]:7280017 [2]:81 [3]:357
[0]:66607843 [1]:7300799 [2]:81 [3]:86
[0]:66841673 [1]:7329300 [2]:81 [3]:370
[0]:67052295 [1]:7356967 [2]:81 [3]:361
[0]:67260918 [1]:7384285 [2]:81 [3]:366
[0]:67497132 [1]:7415346 [2]:81 [3]:79
[0]:67709349 [1]:7443321 [2]:81 [3]:370
[0]:67930899 [1]:7472440 [2]:81 [3]:372
[0]:68141966 [1]:7500136 [2]:81 [3]:371
[0]:68359237 [1]:7528703 [2]:81 [3]:362
[0]:68561977 [1]:7555265 [2]:81 [3]:363
[0]:68767956 [1]:7582247 [2]:81 [3]:363
[0]:68980830 [1]:7610092 [2]:81 [3]:360
[0]:69185226 [1]:7637007 [2]:81 [3]:363
[0]:69397707 [1]:7664954 [2]:81 [3]:69
[0]:69598442 [1]:7691242 [2]:81 [3]:364
[0]:69810392 [1]:7719091 [2]:81 [3]:367
[0]:70027301 [1]:7747695 [2]:81 [3]:362
[0]:70235845 [1]:7775083 [2]:81 [3]:364
[0]:70435875 [1]:7801414 [2]:81 [3]:375
[0]:70644969 [1]:7828904 [2]:84 [3]:371
[0]:70870831 [1]:7858594 [2]:84 [3]:361
[0]:71082070 [1]:7886262 [2]:84 [3]:363
[0]:71290436 [1]:7913613 [2]:84 [3]:362
[0]:71495360 [1]:7940421 [2]:84 [3]:81
[0]:71703834 [1]:7967719 [2]:84 [3]:359
[0]:71920343 [1]:7996006 [2]:84 [3]:359
[0]:72135686 [1]:8024383 [2]:84 [3]:89
[0]:72360720 [1]:8053921 [2]:84 [3]:367
[0]:72588947 [1]:8084009 [2]:84 [3]:85
[0]:72819444 [1]:8114307 [2]:84 [3]:368
[0]:73025571 [1]:8141539 [2]:84 [3]:79
[0]:73234236 [1]:8168976 [2]:84 [3]:365
[0]:73458798 [1]:8198452 [2]:84 [3]:370
[0]:73673826 [1]:8226573 [2]:84 [3]:361
[0]:73883926 [1]:8254124 [2]:84 [3]:362
[0]:74116132 [1]:8284551 [2]:84 [3]:368
[0]:74321095 [1]:8311424 [2]:84 [3]:368
[0]:74528303 [1]:8338584 [2]:84 [3]:370
[0]:74733313 [1]:8365609 [2]:84 [3]:367
[0]:74938494 [1]:8392567 [2]:84 [3]:369
[0]:75144303 [1]:8419553 [2]:84 [3]:81
[0]:75358711 [1]:8447696 [2]:84 [3]:360
[0]:75567967 [1]:8475298 [2]:84 [3]:361
[0]:75778469 [1]:8502862 [2]:84 [3]:361
[0]:75997145 [1]:8531573 [2]:84 [3]:370
[0]:76213005 [1]:8560059 [2]:84 [3]:365
[0]:76410156 [1]:8586141 [2]:84 [3]:364
[0]:76614621 [1]:8612933 [2]:84 [3]:364
[0]:76818103 [1]:8639639 [2]:84 [3]:365
[0]:77031903 [1]:8667745 [2]:84 [3]:86
[0]:77236564 [1]:8694567 [2]:84 [3]:359
[0]:77453076 [1]:8722943 [2]:84 [3]:361
[0]:77668425 [1]:8751423 [2]:84 [3]:358
[0]:77889657 [1]:8780610 [2]:84 [3]:360
[0]:78117368 [1]:8810475 [2]:84 [3]:87
[0]:78326584 [1]:8837908 [2]:89 [3]:365
[0]:78538947 [1]:8865791 [2]:89 [3]:368
[0]:78747503 [1]:8893146 [2]:89 [3]:76
[0]:78956301 [1]:8920495 [2]:89 [3]:360
[0]:79164788 [1]:8947884 [2]:89 [3]:362
[0]:79377370 [1]:8975825 [2]:89 [3]:363
[0]:79589794 [1]:9003728 [2]:89 [3]:366
[0]:79802543 [1]:9031550 [2]:89 [3]:362
[0]:80013020 [1]:9059231 [2]:89 [3]:80
[0]:80290490 [1]:9095650 [2]:89 [3]:366
[0]:80502946 [1]:9123463 [2]:89 [3]:73
[0]:80736207 [1]:9154168 [2]:89 [3]:369
[0]:80939760 [1]:9180902 [2]:89 [3]:363
[0]:81183578 [1]:9212988 [2]:89 [3]:360
[0]:81419726 [1]:9244057 [2]:89 [3]:360
[0]:81632181 [1]:9272001 [2]:89 [3]:371
[0]:81848610 [1]:9300428 [2]:89 [3]:361
[0]:82053041 [1]:9327311 [2]:89 [3]:366
[0]:82264166 [1]:9355041 [2]:89 [3]:357
[0]:82478238 [1]:9383134 [2]:89 [3]:373
[0]:82678881 [1]:9409551 [2]:89 [3]:371
[0]:82887202 [1]:9437092 [2]:89 [3]:359
[0]:83101539 [1]:9465299 [2]:89 [3]:366
[0]:83308502 [1]:9492369 [2]:89 [3]:359
[0]:83541071 [1]:9522974 [2]:89 [3]:368
[0]:83746808 [1]:9550029 [2]:89 [3]:79
[0]:83985335 [1]:9581305 [2]:89 [3]:81
[0]:84197723 [1]:9609160 [2]:89 [3]:370
[0]:84410233 [1]:9637078 [2]:89 [3]:363
[0]:84614903 [1]:9663982 [2]:89 [3]:362
[0]:84823267 [1]:9691574 [2]:89 [3]:361
[0]:85041881 [1]:9720286 [2]:89 [3]:363
[0]:85256224 [1]:9748381 [2]:89 [3]:365
[0]:85483408 [1]:9778226 [2]:89 [3]:364
[0]:85696908 [1]:9806313 [2]:89 [3]:361
[0]:85925091 [1]:9836263 [2]:94 [3]:368
[0]:86133595 [1]:9863714 [2]:94 [3]:373
[0]:86361556 [1]:9893704 [2]:94 [3]:358
[0]:86578025 [1]:9922105 [2]:94 [3]:87
[0]:86796713 [1]:9950932 [2]:94 [3]:359
[0]:87011243 [1]:9979064 [2]:94 [3]:74
[0]:87227567 [1]:10007401 [2]:94 [3]:363
[0]:87449331 [1]:10036456 [2]:94 [3]:364
[0]:87711691 [1]:10070935 [2]:94 [3]:359
[0]:87920322 [1]:10098320 [2]:94 [3]:366
[0]:88148487 [1]:10128344 [2]:94 [3]:363
[0]:88346924 [1]:10154361 [2]:94 [3]:364
[0]:88561811 [1]:10182535 [2]:94 [3]:363
[0]:88770118 [1]:10210021 [2]:94 [3]:362
[0]:89010279 [1]:10241609 [2]:94 [3]:371
[0]:89223259 [1]:10269590 [2]:94 [3]:361
[0]:89439191 [1]:10297954 [2]:94 [3]:84
[0]:89659609 [1]:10326797 [2]:94 [3]:363
[0]:89903607 [1]:10358864 [2]:94 [3]:368
[0]:90112160 [1]:10386252 [2]:94 [3]:366
[0]:90332580 [1]:10415342 [2]:94 [3]:349
[0]:90544925 [1]:10443250 [2]:94 [3]:370
[0]:90749466 [1]:10470160 [2]:94 [3]:365
[0]:90958100 [1]:10497506 [2]:94 [3]:368
[0]:91182484 [1]:10527075 [2]:94 [3]:360
[0]:91390997 [1]:10554517 [2]:94 [3]:359
[0]:91599511 [1]:10581849 [2]:94 [3]:362
[0]:91812207 [1]:10609836 [2]:94 [3]:363
[0]:92024455 [1]:10637681 [2]:94 [3]:364
[0]:92223474 [1]:10663712 [2]:94 [3]:358
[0]:92429958 [1]:10690795 [2]:94 [3]:367
[0]:92645832 [1]:10719153 [2]:94 [3]:357
[0]:92851082 [1]:10746008 [2]:94 [3]:353
[0]:93057790 [1]:10773233 [2]:94 [3]:78
[0]:93263303 [1]:10800290 [2]:94 [3]:373
[0]:93498501 [1]:10831112 [2]:98 [3]:370
[0]:93737392 [1]:10862491 [2]:98 [3]:353
[0]:93980447 [1]:10894328 [2]:98 [3]:369
[0]:94189094 [1]:10921702 [2]:98 [3]:367
[0]:94397615 [1]:10949053 [2]:98 [3]:363
[0]:94606360 [1]:10976376 [2]:98 [3]:356
[0]:94849507 [1]:11008453 [2]:98 [3]:86
[0]:95054679 [1]:11035574 [2]:98 [3]:360
[0]:95272572 [1]:11064149 [2]:98 [3]:373
[0]:95479870 [1]:11091239 [2]:98 [3]:361
[0]:95708083 [1]:11121162 [2]:98 [3]:359
[0]:95920632 [1]:11149029 [2]:98 [3]:75
[0]:96129173 [1]:11176422 [2]:98 [3]:367
[0]:96337670 [1]:11203785 [2]:98 [3]:362
[0]:96557404 [1]:11232496 [2]:98 [3]:365
[0]:96767115 [1]:11259953 [2]:98 [3]:363
[0]:97008245 [1]:11291573 [2]:98 [3]:367
[0]:97223306 [1]:11319819 [2]:98 [3]:367
[0]:97427972 [1]:11346782 [2]:98 [3]:359
[0]:97649820 [1]:11375928 [2]:98 [3]:356
[0]:97856988 [1]:11403141 [2]:98 [3]:84
[0]:98064270 [1]:11430413 [2]:98 [3]:362
[0]:98273679 [1]:11457903 [2]:98 [3]:361
[0]:98505826 [1]:11488418 [2]:98 [3]:363
[0]:98722536 [1]:11517040 [2]:98 [3]:370
[0]:98938816 [1]:11545386 [2]:98 [3]:366
[0]:99155564 [1]:11573776 [2]:98 [3]:364
[0]:99391488 [1]:11604632 [2]:98 [3]:360
[0]:99604233 [1]:11632483 [2]:98 [3]:369
[0]:99808987 [1]:11659381 [2]:98 [3]:373
[0]:100018293 [1]:11686950 [2]:98 [3]:86
[0]:100225943 [1]:11714282 [2]:98 [3]:81
[0]:100440408 [1]:11742375 [2]:98 [3]:361
[0]:100721975 [1]:11779620 [2]:98 [3]:362
[0]:100930137 [1]:11807048 [2]:98 [3]:86
[0]:101216449 [1]:11844619 [2]:102 [3]:372
[0]:101449568 [1]:11875246 [2]:102 [3]:369
[0]:101653892 [1]:11902069 [2]:102 [3]:368
[0]:101858805 [1]:11929078 [2]:102 [3]:363
[0]:102075077 [1]:11957673 [2]:102 [3]:368
[0]:102315167 [1]:11989184 [2]:102 [3]:361
[0]:102565136 [1]:12021920 [2]:102 [3]:366
[0]:102769703 [1]:12048812 [2]:102 [3]:367
[0]:102985780 [1]:12077232 [2]:102 [3]:360
[0]:103206472 [1]:12106219 [2]:102 [3]:357
[0]:103417238 [1]:12133845 [2]:102 [3]:361
[0]:103625699 [1]:12161156 [2]:102 [3]:368
[0]:103837683 [1]:12189002 [2]:102 [3]:365
[0]:104050173 [1]:12216917 [2]:102 [3]:371
[0]:104261828 [1]:12244779 [2]:102 [3]:363
[0]:104482865 [1]:12273850 [2]:102 [3]:356
[0]:104684294 [1]:12300323 [2]:102 [3]:76
[0]:104900692 [1]:12328659 [2]:102 [3]:360
[0]:105101404 [1]:12355032 [2]:102 [3]:70
[0]:105314012 [1]:12382869 [2]:102 [3]:361
[0]:105536864 [1]:12412070 [2]:102 [3]:370
[0]:105752857 [1]:12440459 [2]:102 [3]:369
[0]:105971546 [1]:12469048 [2]:102 [3]:360
[0]:106175939 [1]:12495863 [2]:102 [3]:362
[0]:106379529 [1]:12522471 [2]:102 [3]:80
[0]:106597161 [1]:12551035 [2]:102 [3]:362
[0]:106812753 [1]:12579328 [2]:102 [3]:365
[0]:107024914 [1]:12607145 [2]:102 [3]:368
[0]:107230835 [1]:12634115 [2]:102 [3]:371
[0]:107435255 [1]:12661001 [2]:102 [3]:363
[0]:107656372 [1]:12690075 [2]:102 [3]:79
[0]:107864219 [1]:12717351 [2]:102 [3]:368
[0]:108088543 [1]:12746904 [2]:102 [3]:83
[0]:108296283 [1]:12774207 [2]:102 [3]:359
[0]:108516680 [1]:12803143 [2]:102 [3]:365
[0]:108733602 [1]:12831645 [2]:105 [3]:364
[0]:108967230 [1]:12862241 [2]:105 [3]:366
[0]:109174530 [1]:12889353 [2]:105 [3]:366
[0]:109374531 [1]:12915659 [2]:105 [3]:79
[0]:109589668 [1]:12943824 [2]:105 [3]:367
[0]:109800527 [1]:12971534 [2]:105 [3]:366
[0]:110005209 [1]:12998313 [2]:105 [3]:368
[0]:110216122 [1]:13025955 [2]:105 [3]:362
[0]:110433582 [1]:13054513 [2]:105 [3]:371
[0]:110640235 [1]:13081643 [2]:105 [3]:370
[0]:110874879 [1]:13112558 [2]:105 [3]:373
[0]:111091290 [1]:13140967 [2]:105 [3]:362
[0]:111303857 [1]:13168878 [2]:105 [3]:366
[0]:111512300 [1]:13196279 [2]:105 [3]:70
[0]:111721044 [1]:13223600 [2]:105 [3]:360
[0]:111933302 [1]:13251492 [2]:105 [3]:370
[0]:112149991 [1]:13279936 [2]:105 [3]:365
[0]:112361260 [1]:13307668 [2]:105 [3]:366
[0]:112622219 [1]:13341886 [2]:105 [3]:368
[0]:112841270 [1]:13370742 [2]:105 [3]:367
[0]:113051125 [1]:13398293 [2]:105 [3]:359
[0]:113251198 [1]:13424710 [2]:105 [3]:359
[0]:113468160 [1]:13453222 [2]:105 [3]:364
[0]:113683003 [1]:13481450 [2]:105 [3]:367
[0]:113889117 [1]:13508518 [2]:105 [3]:366
[0]:114109513 [1]:13537429 [2]:105 [3]:358
[0]:114315987 [1]:13564656 [2]:105 [3]:368
[0]:114534087 [1]:13593297 [2]:105 [3]:363
[0]:114741582 [1]:13620571 [2]:105 [3]:365
[0]:114955652 [1]:13648626 [2]:105 [3]:362
[0]:115172142 [1]:13677068 [2]:105 [3]:367
[0]:115408209 [1]:13708026 [2]:105 [3]:362
[0]:115619457 [1]:13735758 [2]:105 [3]:372
[0]:115828469 [1]:13763318 [2]:105 [3]:369
[0]:116039271 [1]:13791000 [2]:105 [3]:359
[0]:116242058 [1]:13817846 [2]:105 [3]:369
[0]:116478463 [1]:13848942 [2]:108 [3]:359
[0]:116686877 [1]:13876273 [2]:108 [3]:73
[0]:116885333 [1]:13902363 [2]:108 [3]:360
[0]:117096198 [1]:13929966 [2]:108 [3]:372
[0]:117301520 [1]:13956888 [2]:108 [3]:360
[0]:117504462 [1]:13983593 [2]:108 [3]:80
[0]:117719453 [1]:14011796 [2]:108 [3]:370
[0]:117957973 [1]:14043267 [2]:108 [3]:370
[0]:118174390 [1]:14071687 [2]:108 [3]:372
[0]:118429423 [1]:14105117 [2]:108 [3]:357
[0]:118638869 [1]:14132571 [2]:108 [3]:363
[0]:118851559 [1]:14160485 [2]:108 [3]:364
[0]:119068111 [1]:14189071 [2]:108 [3]:362
[0]:119268369 [1]:14215367 [2]:108 [3]:80
[0]:119480449 [1]:14243254 [2]:108 [3]:367
[0]:119692011 [1]:14271062 [2]:108 [3]:377
[0]:119898049 [1]:14298049 [2]:108 [3]:366
[0]:120118944 [1]:14326914 [2]:108 [3]:83
[0]:120328655 [1]:14354494 [2]:108 [3]:370
[0]:120534188 [1]:14381600 [2]:108 [3]:365
[0]:120756148 [1]:14410784 [2]:108 [3]:362
[0]:120964342 [1]:14438192 [2]:108 [3]:82
[0]:121172399 [1]:14465492 [2]:108 [3]:76
[0]:121385428 [1]:14493446 [2]:108 [3]:359
[0]:121598018 [1]:14521364 [2]:108 [3]:85
[0]:121807180 [1]:14548891 [2]:108 [3]:369
[0]:122015171 [1]:14576125 [2]:108 [3]:363
[0]:122247495 [1]:14606546 [2]:108 [3]:86
[0]:122466308 [1]:14635317 [2]:108 [3]:362
[0]:122672358 [1]:14662427 [2]:108 [3]:71
[0]:122880825 [1]:14689807 [2]:108 [3]:78
[0]:123093522 [1]:14717717 [2]:108 [3]:75
[0]:123313803 [1]:14746770 [2]:108 [3]:364
[0]:123572314 [1]:14780813 [2]:108 [3]:358
[0]:123843835 [1]:14816472 [2]:108 [3]:368
[0]:124039119 [1]:14842127 [2]:111 [3]:371
[0]:124250223 [1]:14870040 [2]:111 [3]:359
[0]:124458609 [1]:14897416 [2]:111 [3]:72
[0]:124675132 [1]:14925792 [2]:111 [3]:374
[0]:124883926 [1]:14953116 [2]:111 [3]:362
[0]:125084666 [1]:14979515 [2]:111 [3]:87
[0]:125285250 [1]:15005858 [2]:111 [3]:358
[0]:125493009 [1]:15033205 [2]:111 [3]:371
[0]:125726048 [1]:15063775 [2]:111 [3]:369
[0]:125938457 [1]:15091594 [2]:111 [3]:358
[0]:126150876 [1]:15119575 [2]:111 [3]:362
[0]:126359544 [1]:15147012 [2]:111 [3]:357
[0]:126564060 [1]:15173927 [2]:111 [3]:367
[0]:126762698 [1]:15200034 [2]:111 [3]:365
[0]:127001116 [1]:15231338 [2]:111 [3]:364
[0]:127217293 [1]:15259822 [2]:111 [3]:361
[0]:127433591 [1]:15288208 [2]:111 [3]:81
[0]:127645623 [1]:15315998 [2]:111 [3]:355
[0]:127855014 [1]:15343395 [2]:111 [3]:360
[0]:128067449 [1]:15371283 [2]:111 [3]:371
[0]:128295802 [1]:15401305 [2]:111 [3]:359
[0]:128504159 [1]:15428703 [2]:111 [3]:363
[0]:128728626 [1]:15458063 [2]:111 [3]:371
[0]:128956965 [1]:15487936 [2]:111 [3]:81
[0]:129164487 [1]:15515243 [2]:111 [3]:371
[0]:129377890 [1]:15543267 [2]:111 [3]:360
[0]:129586424 [1]:15570717 [2]:111 [3]:353
[0]:129787202 [1]:15597052 [2]:111 [3]:368
[0]:130015538 [1]:15626916 [2]:111 [3]:358
[0]:130224090 [1]:15654269 [2]:111 [3]:370
[0]:130464105 [1]:15685892 [2]:111 [3]:364
[0]:130698439 [1]:15716718 [2]:111 [3]:370
[0]:130910253 [1]:15744429 [2]:111 [3]:372
[0]:131113202 [1]:15771075 [2]:111 [3]:78
[0]:131321971 [1]:15798485 [2]:111 [3]:367
[0]:131522634 [1]:15824886 [2]:111 [3]:372
[0]:131757285 [1]:15855647 [2]:113 [3]:362
[0]:131963459 [1]:15882719 [2]:113 [3]:372
[0]:132168094 [1]:15909577 [2]:113 [3]:367
[0]:132375734 [1]:15937071 [2]:113 [3]:364
[0]:132581095 [1]:15964071 [2]:113 [3]:86
[0]:132784509 [1]:15990856 [2]:113 [3]:363
[0]:132993565 [1]:16018342 [2]:113 [3]:359
[0]:133242241 [1]:16050929 [2]:113 [3]:359
[0]:133450841 [1]:16078236 [2]:113 [3]:370
[0]:133659406 [1]:16105619 [2]:113 [3]:358
[0]:133864418 [1]:16137522 [2]:113 [3]:356
[0]:134070897 [1]:16180356 [2]:113 [3]:361
[0]:134266126 [1]:16220874 [2]:113 [3]:362
[0]:134512528 [1]:16271968 [2]:113 [3]:360
[0]:134735604 [1]:16318179 [2]:113 [3]:57
[0]:134933689 [1]:16359248 [2]:113 [3]:362
[0]:135120795 [1]:16398051 [2]:113 [3]:368
[0]:135310321 [1]:16437375 [2]:113 [3]:59
[0]:135503523 [1]:16477464 [2]:113 [3]:366
[0]:135701327 [1]:16518451 [2]:113 [3]:363
[0]:135899171 [1]:16559411 [2]:113 [3]:370
[0]:136119110 [1]:16605065 [2]:113 [3]:59
[0]:136305238 [1]:16643699 [2]:113 [3]:365
[0]:136493560 [1]:16682734 [2]:113 [3]:364
[0]:136691342 [1]:16723700 [2]:113 [3]:361
[0]:136957536 [1]:16778888 [2]:113 [3]:361
[0]:137147455 [1]:16818359 [2]:113 [3]:366
[0]:137342591 [1]:16858885 [2]:113 [3]:363
[0]:137535126 [1]:16898745 [2]:113 [3]:360
[0]:137736518 [1]:16940498 [2]:113 [3]:367
[0]:137938045 [1]:16982281 [2]:113 [3]:361
[0]:138131570 [1]:17022450 [2]:116 [3]:360
[0]:138409002 [1]:17079955 [2]:116 [3]:54
[0]:138604924 [1]:17120604 [2]:116 [3]:361
[0]:138807608 [1]:17162628 [2]:116 [3]:360
[0]:138999874 [1]:17202469 [2]:116 [3]:362
[0]:139197459 [1]:17243460 [2]:116 [3]:353
[0]:139434965 [1]:17292703 [2]:116 [3]:356
[0]:139626103 [1]:17332314 [2]:116 [3]:363
[0]:139874319 [1]:17383793 [2]:116 [3]:68
[0]:140069464 [1]:17424264 [2]:116 [3]:358
[0]:140289487 [1]:17469919 [2]:116 [3]:358
[0]:140554056 [1]:17524789 [2]:116 [3]:363
[0]:140751537 [1]:17565710 [2]:116 [3]:361
[0]:140959961 [1]:17608991 [2]:116 [3]:361
[0]:141151223 [1]:17648675 [2]:116 [3]:355
[0]:141351559 [1]:17690153 [2]:116 [3]:356
[0]:141552867 [1]:17731944 [2]:116 [3]:66
[0]:141744456 [1]:17771710 [2]:116 [3]:360
[0]:141940418 [1]:17812463 [2]:116 [3]:355
[0]:142136991 [1]:17853234 [2]:116 [3]:363
[0]:142339109 [1]:17895139 [2]:116 [3]:366
[0]:142532795 [1]:17935341 [2]:116 [3]:364
[0]:142730527 [1]:17976321 [2]:116 [3]:362
[0]:142918942 [1]:18015390 [2]:116 [3]:362
[0]:143140433 [1]:18061279 [2]:116 [3]:365
[0]:143349185 [1]:18104637 [2]:116 [3]:354
[0]:143550423 [1]:18146356 [2]:116 [3]:365
[0]:143747822 [1]:18187333 [2]:116 [3]:356
[0]:143956451 [1]:18230591 [2]:116 [3]:361
[0]:144152120 [1]:18271168 [2]:120 [3]:367
[0]:144348410 [1]:18311874 [2]:120 [3]:363
[0]:144611397 [1]:18366434 [2]:120 [3]:360
[0]:144802517 [1]:18406025 [2]:120 [3]:366
[0]:145007442 [1]:18448529 [2]:120 [3]:366
[0]:145206528 [1]:18489813 [2]:120 [3]:365
[0]:145397510 [1]:18529440 [2]:120 [3]:69
[0]:145592561 [1]:18569910 [2]:120 [3]:354
[0]:145795260 [1]:18611979 [2]:120 [3]:56
[0]:145991271 [1]:18652569 [2]:120 [3]:368
[0]:146263493 [1]:18709036 [2]:120 [3]:58
[0]:146457359 [1]:18749229 [2]:120 [3]:369
[0]:146660127 [1]:18791337 [2]:120 [3]:360
[0]:146852251 [1]:18831058 [2]:120 [3]:360
[0]:147046043 [1]:18871266 [2]:120 [3]:365
[0]:147247543 [1]:18913083 [2]:120 [3]:365
[0]:147441186 [1]:18953299 [2]:120 [3]:359
[0]:147648961 [1]:18996413 [2]:120 [3]:357
[0]:147851021 [1]:19038328 [2]:120 [3]:356
[0]:148063498 [1]:19082390 [2]:120 [3]:364
[0]:148290923 [1]:19129553 [2]:120 [3]:355
[0]:148480892 [1]:19169010 [2]:120 [3]:363
[0]:148685852 [1]:19211495 [2]:120 [3]:59
[0]:148887104 [1]:19253254 [2]:120 [3]:53
[0]:149110956 [1]:19299644 [2]:120 [3]:61
[0]:149311956 [1]:19341382 [2]:120 [3]:61
[0]:149524227 [1]:19385411 [2]:120 [3]:357
[0]:149725514 [1]:19427117 [2]:120 [3]:356
[0]:149927476 [1]:19469018 [2]:120 [3]:63
[0]:150121976 [1]:19509424 [2]:123 [3]:370
[0]:150321379 [1]:19550834 [2]:123 [3]:365
[0]:150543060 [1]:19596728 [2]:123 [3]:365
[0]:150762005 [1]:19642145 [2]:123 [3]:61
[0]:150959363 [1]:19683089 [2]:123 [3]:355
[0]:151150100 [1]:19722622 [2]:123 [3]:59
[0]:151372960 [1]:19768839 [2]:123 [3]:61
[0]:151565701 [1]:19808750 [2]:123 [3]:360
[0]:151763633 [1]:19849775 [2]:123 [3]:367
[0]:151957852 [1]:19890037 [2]:123 [3]:65
[0]:152163125 [1]:19932588 [2]:123 [3]:367
[0]:152378009 [1]:19977113 [2]:123 [3]:356
[0]:152576660 [1]:20018360 [2]:123 [3]:67
[0]:152800320 [1]:20064749 [2]:123 [3]:362
[0]:153012652 [1]:20108865 [2]:123 [3]:359
[0]:153214001 [1]:20150671 [2]:123 [3]:360
[0]:153411468 [1]:20191552 [2]:123 [3]:361
[0]:153618776 [1]:20234575 [2]:123 [3]:357
[0]:153813817 [1]:20275061 [2]:123 [3]:360
[0]:154007816 [1]:20315277 [2]:123 [3]:61
[0]:154208959 [1]:20357021 [2]:123 [3]:363
[0]:154413875 [1]:20399478 [2]:123 [3]:358
[0]:154616943 [1]:20441600 [2]:123 [3]:360
[0]:154805316 [1]:20480717 [2]:123 [3]:362
[0]:154995394 [1]:20520126 [2]:123 [3]:60
[0]:155182097 [1]:20558792 [2]:123 [3]:363
[0]:155375286 [1]:20598858 [2]:123 [3]:364
[0]:155595416 [1]:20644563 [2]:123 [3]:364
[0]:155786716 [1]:20684253 [2]:123 [3]:361
[0]:155997824 [1]:20728053 [2]:123 [3]:57
[0]:156194528 [1]:20768866 [2]:126 [3]:361
[0]:156395692 [1]:20810597 [2]:126 [3]:60
[0]:156605358 [1]:20854051 [2]:126 [3]:348
[0]:156813988 [1]:20897331 [2]:126 [3]:363
[0]:157007627 [1]:20937527 [2]:126 [3]:62
[0]:157220234 [1]:20981561 [2]:126 [3]:358
[0]:157421555 [1]:21023313 [2]:126 [3]:365
[0]:157618955 [1]:21064248 [2]:126 [3]:361
[0]:157820216 [1]:21106040 [2]:126 [3]:363
[0]:158040385 [1]:21151686 [2]:126 [3]:362
[0]:158230217 [1]:21191068 [2]:126 [3]:362
[0]:158426947 [1]:21231875 [2]:126 [3]:365
[0]:158720517 [1]:21292771 [2]:126 [3]:359
[0]:158905038 [1]:21331058 [2]:126 [3]:60
[0]:159102328 [1]:21372056 [2]:126 [3]:363
[0]:159298276 [1]:21412710 [2]:126 [3]:359
[0]:159497245 [1]:21454063 [2]:126 [3]:357
[0]:159698406 [1]:21495741 [2]:126 [3]:367
[0]:159896097 [1]:21536731 [2]:126 [3]:364
[0]:160115916 [1]:21582318 [2]:126 [3]:55
[0]:160317288 [1]:21624073 [2]:126 [3]:360
[0]:160510828 [1]:21664189 [2]:126 [3]:359
[0]:160704752 [1]:21704472 [2]:126 [3]:358
[0]:160898612 [1]:21744641 [2]:126 [3]:361
[0]:161104601 [1]:21787420 [2]:126 [3]:54
[0]:161307148 [1]:21829410 [2]:126 [3]:361
[0]:161517181 [1]:21873025 [2]:126 [3]:64
[0]:161725870 [1]:21916236 [2]:126 [3]:361
[0]:161923236 [1]:21957274 [2]:126 [3]:363
[0]:162126213 [1]:21999329 [2]:129 [3]:59
[0]:162318270 [1]:22039187 [2]:129 [3]:366
[0]:162519731 [1]:22080980 [2]:129 [3]:358
[0]:162723732 [1]:22123268 [2]:129 [3]:363
[0]:163003856 [1]:22181395 [2]:129 [3]:356
[0]:163198067 [1]:22221696 [2]:129 [3]:367
[0]:163402505 [1]:22264123 [2]:129 [3]:359
[0]:163600128 [1]:22305073 [2]:129 [3]:59
[0]:163803171 [1]:22347254 [2]:129 [3]:51
[0]:163995404 [1]:22387122 [2]:129 [3]:61
[0]:164186698 [1]:22426808 [2]:129 [3]:359
[0]:164445458 [1]:22480504 [2]:129 [3]:361
[0]:164636488 [1]:22520129 [2]:129 [3]:366
[0]:164830308 [1]:22560318 [2]:129 [3]:354
[0]:165051922 [1]:22606332 [2]:129 [3]:59
[0]:165243625 [1]:22646063 [2]:129 [3]:360
[0]:165437227 [1]:22686152 [2]:129 [3]:361
[0]:165635289 [1]:22727267 [2]:129 [3]:368
[0]:165825372 [1]:22766696 [2]:129 [3]:361
[0]:166026696 [1]:22808508 [2]:129 [3]:359
[0]:166224169 [1]:22849483 [2]:129 [3]:366
[0]:166458872 [1]:22898085 [2]:129 [3]:367
[0]:166659397 [1]:22939690 [2]:129 [3]:371
[0]:166858950 [1]:22981096 [2]:129 [3]:362
[0]:167114769 [1]:23034199 [2]:129 [3]:368
[0]:167304925 [1]:23073559 [2]:129 [3]:55
[0]:167509960 [1]:23116136 [2]:129 [3]:362
[0]:167713981 [1]:23158501 [2]:129 [3]:59
[0]:167908724 [1]:23198918 [2]:129 [3]:56
[0]:168112915 [1]:23241253 [2]:132 [3]:365
[0]:168318259 [1]:23283736 [2]:132 [3]:366
[0]:168516156 [1]:23324775 [2]:132 [3]:366
[0]:168743488 [1]:23371993 [2]:132 [3]:60
[0]:168967094 [1]:23418467 [2]:132 [3]:362
[0]:169168335 [1]:23460111 [2]:132 [3]:354
[0]:169380692 [1]:23504197 [2]:132 [3]:360
[0]:169597066 [1]:23549127 [2]:132 [3]:369
[0]:169791247 [1]:23589420 [2]:132 [3]:363
[0]:169988159 [1]:23630311 [2]:132 [3]:367
[0]:170185738 [1]:23671263 [2]:132 [3]:361
[0]:170379456 [1]:23711402 [2]:132 [3]:358
[0]:170576451 [1]:23752241 [2]:132 [3]:355
[0]:170778260 [1]:23794122 [2]:132 [3]:362
[0]:170979588 [1]:23835858 [2]:132 [3]:363
[0]:171173413 [1]:23875994 [2]:132 [3]:368
[0]:171366058 [1]:23916002 [2]:132 [3]:362
[0]:171593202 [1]:23963213 [2]:132 [3]:365
[0]:171791898 [1]:24004465 [2]:132 [3]:60
[0]:171996761 [1]:24046933 [2]:132 [3]:360
[0]:172196145 [1]:24088314 [2]:132 [3]:359
[0]:172443832 [1]:24139715 [2]:132 [3]:367
[0]:172645211 [1]:24181461 [2]:132 [3]:362
[0]:172839107 [1]:24221688 [2]:132 [3]:351
[0]:173029672 [1]:24261137 [2]:132 [3]:356
[0]:173248005 [1]:24306471 [2]:132 [3]:57
[0]:173446613 [1]:24347589 [2]:132 [3]:365
[0]:173651615 [1]:24390112 [2]:132 [3]:363
[0]:173893834 [1]:24440288 [2]:132 [3]:362
[0]:174102637 [1]:24483648 [2]:134 [3]:351
[0]:174299495 [1]:24524532 [2]:134 [3]:355
[0]:174501258 [1]:24566528 [2]:134 [3]:360
[0]:174691657 [1]:24606039 [2]:134 [3]:360
[0]:174894019 [1]:24647957 [2]:134 [3]:360
[0]:175093825 [1]:24689426 [2]:134 [3]:361
[0]:175298613 [1]:24731954 [2]:134 [3]:59
[0]:175499952 [1]:24773732 [2]:134 [3]:363
[0]:175731287 [1]:24821697 [2]:134 [3]:366
[0]:175931818 [1]:24863366 [2]:134 [3]:367
[0]:176128054 [1]:24904096 [2]:134 [3]:59
[0]:176327270 [1]:24945397 [2]:134 [3]:358
[0]:176521066 [1]:24985587 [2]:134 [3]:358
[0]:176718851 [1]:25026520 [2]:134 [3]:58
[0]:176919934 [1]:25068213 [2]:134 [3]:360
[0]:177147300 [1]:25115383 [2]:134 [3]:354
[0]:177348877 [1]:25157228 [2]:134 [3]:355
[0]:177556944 [1]:25200340 [2]:134 [3]:58
[0]:177747215 [1]:25239834 [2]:134 [3]:62
[0]:177959638 [1]:25283870 [2]:134 [3]:359
[0]:178155756 [1]:25324533 [2]:134 [3]:362
[0]:178351038 [1]:25365057 [2]:134 [3]:363
[0]:178544793 [1]:25405230 [2]:134 [3]:365
[0]:178746007 [1]:25446985 [2]:134 [3]:359
[0]:178939780 [1]:25487212 [2]:134 [3]:356
[0]:179140505 [1]:25528865 [2]:134 [3]:357
[0]:179334839 [1]:25569148 [2]:134 [3]:363
[0]:179524862 [1]:25608541 [2]:134 [3]:364
[0]:179748494 [1]:25654922 [2]:134 [3]:367
[0]:179942224 [1]:25695133 [2]:134 [3]:356
[0]:180134410 [1]:25735052 [2]:136 [3]:359
[0]:180335129 [1]:25776644 [2]:136 [3]:363
[0]:180527402 [1]:25816557 [2]:136 [3]:360
[0]:180724837 [1]:25857541 [2]:136 [3]:364
[0]:180915182 [1]:25897026 [2]:136 [3]:353
[0]:181112474 [1]:25937974 [2]:136 [3]:361
[0]:181309935 [1]:25978907 [2]:136 [3]:368
[0]:181511276 [1]:26020687 [2]:136 [3]:365
[0]:181697448 [1]:26059274 [2]:136 [3]:353
[0]:181891206 [1]:26099424 [2]:136 [3]:364
[0]:182078407 [1]:26138247 [2]:136 [3]:370
[0]:182271498 [1]:26178244 [2]:136 [3]:365
[0]:182472265 [1]:26219856 [2]:136 [3]:361
[0]:182670297 [1]:26260937 [2]:136 [3]:356
[0]:182868866 [1]:26302143 [2]:136 [3]:355
[0]:183126742 [1]:26355539 [2]:136 [3]:359
[0]:183334674 [1]:26398639 [2]:136 [3]:351
[0]:183536254 [1]:26440419 [2]:136 [3]:365
[0]:183747576 [1]:26484274 [2]:136 [3]:62
[0]:183978817 [1]:26532188 [2]:136 [3]:359
[0]:184179793 [1]:26573830 [2]:136 [3]:355
[0]:184373575 [1]:26614061 [2]:136 [3]:361
[0]:184574770 [1]:26655809 [2]:136 [3]:359
[0]:184794691 [1]:26701438 [2]:136 [3]:358
[0]:184992219 [1]:26742322 [2]:136 [3]:365
[0]:185178452 [1]:26780947 [2]:136 [3]:365
[0]:185373439 [1]:26821437 [2]:136 [3]:366
[0]:185564075 [1]:26861038 [2]:136 [3]:362
[0]:185763468 [1]:26902327 [2]:136 [3]:366
[0]:185961119 [1]:26943298 [2]:138 [3]:356
[0]:186223904 [1]:26997848 [2]:138 [3]:64
[0]:186440361 [1]:27042787 [2]:138 [3]:368
[0]:186631967 [1]:27082538 [2]:138 [3]:358
[0]:186825875 [1]:27122733 [2]:138 [3]:61
[0]:187027172 [1]:27164419 [2]:138 [3]:362
[0]:187230444 [1]:27206583 [2]:138 [3]:360
[0]:187434543 [1]:27248939 [2]:138 [3]:362
[0]:187641943 [1]:27291898 [2]:138 [3]:365
[0]:187833090 [1]:27331415 [2]:138 [3]:363
[0]:188036763 [1]:27373656 [2]:138 [3]:364
[0]:188234547 [1]:27414664 [2]:138 [3]:355
[0]:188432023 [1]:27455647 [2]:138 [3]:367
[0]:188629577 [1]:27496660 [2]:138 [3]:358
[0]:188830623 [1]:27538295 [2]:138 [3]:367
[0]:189028895 [1]:27579376 [2]:138 [3]:359
[0]:189214876 [1]:27617976 [2]:138 [3]:357
[0]:189419721 [1]:27660457 [2]:138 [3]:56
[0]:189620907 [1]:27702177 [2]:138 [3]:360
[0]:189816046 [1]:27742644 [2]:138 [3]:355
[0]:190015895 [1]:27784179 [2]:138 [3]:362
[0]:190235802 [1]:27829788 [2]:138 [3]:359
[0]:190430948 [1]:27870263 [2]:138 [3]:357
[0]:190645802 [1]:27914789 [2]:138 [3]:55
[0]:190841179 [1]:27955345 [2]:138 [3]:362
[0]:191048281 [1]:27998285 [2]:138 [3]:362
[0]:191251227 [1]:28040342 [2]:138 [3]:363
[0]:191470942 [1]:28085910 [2]:138 [3]:364
[0]:191728377 [1]:28139326 [2]:138 [3]:365
[0]:191924010 [1]:28179892 [2]:138 [3]:358
[0]:192134197 [1]:28223487 [2]:140 [3]:360
[0]:192325434 [1]:28263160 [2]:140 [3]:356
[0]:192521388 [1]:28303741 [2]:140 [3]:365
[0]:192729074 [1]:28346819 [2]:140 [3]:359
[0]:192930405 [1]:28388610 [2]:140 [3]:361
[0]:193131601 [1]:28430340 [2]:140 [3]:366
[0]:193332103 [1]:28471941 [2]:140 [3]:363
[0]:193522793 [1]:28511450 [2]:140 [3]:363
[0]:193724000 [1]:28553253 [2]:140 [3]:364
[0]:193915995 [1]:28593152 [2]:140 [3]:357
[0]:194115319 [1]:28634520 [2]:140 [3]:359
[0]:194315840 [1]:28676070 [2]:140 [3]:355
[0]:194514156 [1]:28717185 [2]:140 [3]:354
[0]:194711651 [1]:28758162 [2]:140 [3]:359
[0]:194962148 [1]:28810159 [2]:140 [3]:353
[0]:195185102 [1]:28856471 [2]:140 [3]:365
[0]:195385263 [1]:28897969 [2]:140 [3]:357
[0]:195591225 [1]:28940712 [2]:140 [3]:62
[0]:195787947 [1]:28981543 [2]:140 [3]:360
[0]:195978503 [1]:29021104 [2]:140 [3]:55
[0]:196172439 [1]:29061284 [2]:140 [3]:368
[0]:196391892 [1]:29106792 [2]:140 [3]:358
[0]:196586019 [1]:29147168 [2]:140 [3]:355
[0]:196779968 [1]:29187392 [2]:140 [3]:357
[0]:196985126 [1]:29229940 [2]:140 [3]:360
[0]:197182902 [1]:29270896 [2]:140 [3]:360
[0]:197391194 [1]:29314103 [2]:140 [3]:363
[0]:197599185 [1]:29357202 [2]:140 [3]:354
[0]:197793518 [1]:29397522 [2]:140 [3]:363
[0]:197991448 [1]:29438546 [2]:141 [3]:362
[0]:198184744 [1]:29478568 [2]:141 [3]:358
[0]:198376182 [1]:29518278 [2]:141 [3]:359
[0]:198563866 [1]:29557219 [2]:141 [3]:364
[0]:198816944 [1]:29609712 [2]:141 [3]:364
[0]:199016156 [1]:29650999 [2]:141 [3]:63
[0]:199215692 [1]:29692394 [2]:141 [3]:61
[0]:199463351 [1]:29743745 [2]:141 [3]:366
[0]:199596829 [1]:29771443 [2]:141 [3]:362
[0]:199596829 [1]:29771443 [2]:141 [3]:362
[0]:199596829 [1]:29771443 [2]:141 [3]:362
[0]:199596829 [1]:29771443 [2]:141 [3]:362
[0]:199596829 [1]:29771443 [2]:141 [3]:362
[0]:199596829 [1]:29771443 [2]:141 [3]:362
[0]:199596829 [1]:29771443 [2]:141 [3]:362
[0]:199596829 [1]:29771443 [2]:141 [3]:362
[0]:199596829 [1]:29771443 [2]:141 [3]:362
[0]:199596829 [1]:29771443 [2]:141 [3]:362
[0]:199596829 [1]:29771443 [2]:141 [3]:362
[0]:199596829 [1]:29771443 [2]:141 [3]:362
                                                                                      [0]:199596829 [1]:29771443 [2]:141 [3]:362
[0]:199596829 [1]:29771443 [2]:141 [3]:362
[0]:199596829 [1]:29771443 [2]:141 [3]:362
[0]:199596829 [1]:29771443 [2]:141 [3]:362
[0]:199596829 [1]:29771443 [2]:141 [3]:362
[0]:199596829 [1]:29771443 [2]:141 [3]:362
[0]:199596829 [1]:29771443 [2]:141 [3]:362
