[0]:4010820164 [1]:1 [2]:2 [3]:57
[0]:3788342219 [1]:1 [2]:2 [3]:191
[0]:3577868008 [1]:1 [2]:2 [3]:189
[0]:3364193432 [1]:1 [2]:2 [3]:112
[0]:4148140967 [1]:1 [2]:2 [3]:44
[0]:3929104418 [1]:1 [2]:2 [3]:40
[0]:3709702697 [1]:1 [2]:2 [3]:40
[0]:3487419178 [1]:1 [2]:2 [3]:191
[0]:4278874247 [1]:1 [2]:2 [3]:197
[0]:4064534263 [1]:1 [2]:2 [3]:120
[0]:3856510709 [1]:1 [2]:2 [3]:118
[0]:3638331896 [1]:1 [2]:2 [3]:189
[0]:3432199113 [1]:1 [2]:2 [3]:188
[0]:4224486197 [1]:1 [2]:2 [3]:177
[0]:4010118644 [1]:1 [2]:2 [3]:197
[0]:3788448581 [1]:1 [2]:2 [3]:120
[0]:3577831773 [1]:1 [2]:2 [3]:68
[0]:3372195154 [1]:1 [2]:2 [3]:109
[0]:4165944018 [1]:1 [2]:2 [3]:163
[0]:3952574137 [1]:1 [2]:2 [3]:60
[0]:3740388921 [1]:1 [2]:2 [3]:53
[0]:3528718517 [1]:1 [2]:2 [3]:142
[0]:3308315651 [1]:1 [2]:2 [3]:167
[0]:4092386761 [1]:1 [2]:2 [3]:99
[0]:3879774554 [1]:1 [2]:2 [3]:77
[0]:3668231232 [1]:1 [2]:2 [3]:101
[0]:3464301006 [1]:1 [2]:2 [3]:154
[0]:4248424304 [1]:1 [2]:2 [3]:46
[0]:4040543718 [1]:1 [2]:2 [3]:145
[0]:3824462329 [1]:1 [2]:2 [3]:133
[0]:3599430182 [1]:1 [2]:2 [3]:59
[0]:3360165373 [1]:1 [2]:2 [3]:123
[0]:4138815329 [1]:1 [2]:2 [3]:205
[0]:3932478798 [1]:1 [2]:2 [3]:68
[0]:3636430304 [1]:1 [2]:2 [3]:74
[0]:3382075051 [1]:1 [2]:2 [3]:186
[0]:4177105976 [1]:1 [2]:2 [3]:191
[0]:3972601334 [1]:1 [2]:2 [3]:84
[0]:3732329997 [1]:1 [2]:2 [3]:194
[0]:3523448896 [1]:1 [2]:2 [3]:190
[0]:3314185462 [1]:1 [2]:2 [3]:181
[0]:4096780194 [1]:1 [2]:2 [3]:188
[0]:3878819869 [1]:1 [2]:2 [3]:57
[0]:3664510431 [1]:1 [2]:2 [3]:205
[0]:3354142259 [1]:1 [2]:2 [3]:195
[0]:4140470294 [1]:1 [2]:2 [3]:33
[0]:3908711088 [1]:1 [2]:2 [3]:194
[0]:3696552884 [1]:1 [2]:2 [3]:164
[0]:3476279931 [1]:1 [2]:2 [3]:201
[0]:4269884057 [1]:1 [2]:2 [3]:43
[0]:4051587461 [1]:1 [2]:2 [3]:167
[0]:3836301201 [1]:1 [2]:2 [3]:53
[0]:3624272333 [1]:1 [2]:2 [3]:193
[0]:3415298187 [1]:1 [2]:2 [3]:122
[0]:4207698673 [1]:1 [2]:2 [3]:167
[0]:3992819482 [1]:1 [2]:2 [3]:188
[0]:3784518668 [1]:1 [2]:2 [3]:82
[0]:3574417882 [1]:1 [2]:2 [3]:96
[0]:3368542391 [1]:1 [2]:2 [3]:194
[0]:4152409133 [1]:1 [2]:2 [3]:118
[0]:3936136819 [1]:1 [2]:2 [3]:99
[0]:3725751147 [1]:1 [2]:2 [3]:42
[0]:3524500131 [1]:1 [2]:2 [3]:139
[0]:3316636079 [1]:1 [2]:2 [3]:91
[0]:4109180368 [1]:1 [2]:2 [3]:45
[0]:3888575092 [1]:1 [2]:2 [3]:90
[0]:3676600007 [1]:1 [2]:2 [3]:141
[0]:3404469896 [1]:1 [2]:2 [3]:28
[0]:4196394904 [1]:1 [2]:2 [3]:128
[0]:3997525988 [1]:1 [2]:2 [3]:82
[0]:3760506967 [1]:1 [2]:2 [3]:171
[0]:3544855407 [1]:1 [2]:2 [3]:110
[0]:3331096474 [1]:1 [2]:2 [3]:189
