[0]:184102455 [1]:24982889 [2]:99 [3]:365
[0]:184317594 [1]:25019946 [2]:99 [3]:62
[0]:184502756 [1]:25051679 [2]:99 [3]:350
[0]:184700546 [1]:25085605 [2]:99 [3]:56
[0]:184928759 [1]:25124836 [2]:100 [3]:66
[0]:185123045 [1]:25158137 [2]:100 [3]:366
[0]:185316398 [1]:25191309 [2]:100 [3]:361
[0]:185504402 [1]:25223597 [2]:100 [3]:359
[0]:185699711 [1]:25256962 [2]:100 [3]:65
[0]:185900585 [1]:25291443 [2]:100 [3]:354
[0]:186098665 [1]:25325516 [2]:100 [3]:64
[0]:186296607 [1]:25359465 [2]:100 [3]:79
[0]:186487933 [1]:25392294 [2]:100 [3]:361
[0]:186694618 [1]:25427646 [2]:100 [3]:59
[0]:186883300 [1]:25460062 [2]:102 [3]:55
[0]:187074093 [1]:25492870 [2]:102 [3]:363
[0]:187269704 [1]:25526433 [2]:102 [3]:63
[0]:187466490 [1]:25560192 [2]:102 [3]:59
[0]:187660467 [1]:25593470 [2]:102 [3]:370
[0]:187856565 [1]:25627059 [2]:102 [3]:354
[0]:188057227 [1]:25661489 [2]:102 [3]:356
[0]:188255066 [1]:25695420 [2]:102 [3]:367
[0]:188455946 [1]:25729863 [2]:102 [3]:369
[0]:188651433 [1]:25763441 [2]:102 [3]:361
[0]:188845693 [1]:25796815 [2]:104 [3]:359
[0]:189037146 [1]:25829635 [2]:104 [3]:68
[0]:189234368 [1]:25863430 [2]:104 [3]:61
[0]:189435460 [1]:25897906 [2]:104 [3]:363
[0]:189629968 [1]:25931296 [2]:104 [3]:59
[0]:189825019 [1]:25964750 [2]:104 [3]:358
[0]:190010986 [1]:25996663 [2]:104 [3]:357
[0]:190213634 [1]:26031472 [2]:104 [3]:68
[0]:190423408 [1]:26067327 [2]:104 [3]:363
[0]:190617466 [1]:26100683 [2]:104 [3]:65
[0]:190826563 [1]:26136624 [2]:105 [3]:59
[0]:191018901 [1]:26169675 [2]:105 [3]:357
[0]:191211641 [1]:26202744 [2]:105 [3]:55
[0]:191409426 [1]:26236644 [2]:105 [3]:362
[0]:191606797 [1]:26270452 [2]:105 [3]:360
[0]:191805924 [1]:26304588 [2]:105 [3]:363
[0]:192000258 [1]:26337921 [2]:105 [3]:61
[0]:192190909 [1]:26370505 [2]:105 [3]:360
[0]:192385351 [1]:26403895 [2]:105 [3]:54
[0]:192575545 [1]:26436557 [2]:105 [3]:370
[0]:192770142 [1]:26469927 [2]:105 [3]:356
[0]:192968425 [1]:26503898 [2]:105 [3]:63
[0]:193161324 [1]:26536825 [2]:105 [3]:359
[0]:193360137 [1]:26570992 [2]:105 [3]:371
[0]:193555234 [1]:26604464 [2]:105 [3]:355
[0]:193747720 [1]:26637486 [2]:105 [3]:359
[0]:193940131 [1]:26670559 [2]:105 [3]:60
[0]:194134547 [1]:26703798 [2]:105 [3]:360
[0]:194332554 [1]:26737770 [2]:105 [3]:364
[0]:194534396 [1]:26772472 [2]:105 [3]:364
[0]:194724984 [1]:26805231 [2]:105 [3]:356
[0]:194923002 [1]:26839229 [2]:105 [3]:364
[0]:195129195 [1]:26874606 [2]:105 [3]:361
[0]:195326846 [1]:26908492 [2]:105 [3]:63
[0]:195524878 [1]:26942410 [2]:105 [3]:377
[0]:195719177 [1]:26975773 [2]:105 [3]:375
[0]:195958768 [1]:27016879 [2]:105 [3]:63
[0]:196156507 [1]:27050758 [2]:105 [3]:362
[0]:196370261 [1]:27087518 [2]:105 [3]:55
[0]:196574946 [1]:27122745 [2]:105 [3]:357
[0]:196772716 [1]:27156808 [2]:105 [3]:353
[0]:196967128 [1]:27190201 [2]:105 [3]:61
[0]:197150481 [1]:27221583 [2]:105 [3]:365
[0]:197333780 [1]:27253066 [2]:105 [3]:53
[0]:197531673 [1]:27287050 [2]:105 [3]:366
[0]:197729567 [1]:27321079 [2]:105 [3]:365
[0]:197931638 [1]:27355681 [2]:105 [3]:59
[0]:198140809 [1]:27391577 [2]:105 [3]:364
[0]:198335172 [1]:27425030 [2]:105 [3]:363
[0]:198525787 [1]:27457744 [2]:105 [3]:364
[0]:198720074 [1]:27491045 [2]:105 [3]:65
[0]:198914453 [1]:27524451 [2]:105 [3]:360
[0]:199159227 [1]:27566461 [2]:105 [3]:360
[0]:199352937 [1]:27599679 [2]:105 [3]:369
[0]:199545971 [1]:27632807 [2]:105 [3]:362
[0]:199747894 [1]:27667448 [2]:105 [3]:357
[0]:199939145 [1]:27700417 [2]:105 [3]:360
[0]:200129056 [1]:27732986 [2]:105 [3]:360
[0]:200323316 [1]:27766272 [2]:105 [3]:57
[0]:200524974 [1]:27800864 [2]:105 [3]:357
[0]:200715809 [1]:27833512 [2]:105 [3]:62
[0]:200913977 [1]:27867502 [2]:105 [3]:62
[0]:201108241 [1]:27900906 [2]:105 [3]:354
[0]:201197583 [1]:27916298 [2]:105 [3]:358
[0]:201197583 [1]:27916298 [2]:105 [3]:358
[0]:201197583 [1]:27916298 [2]:105 [3]:358
