[0]:91865785 [1]:12056981 [2]:99 [3]:367
[0]:92074019 [1]:12092680 [2]:99 [3]:359
[0]:92268313 [1]:12126037 [2]:99 [3]:363
[0]:92487979 [1]:12163762 [2]:100 [3]:67
[0]:92681661 [1]:12197057 [2]:100 [3]:359
[0]:92881319 [1]:12231249 [2]:100 [3]:359
[0]:93075581 [1]:12264599 [2]:100 [3]:57
[0]:93273056 [1]:12298463 [2]:100 [3]:361
[0]:93486817 [1]:12335137 [2]:100 [3]:369
[0]:93686877 [1]:12369630 [2]:100 [3]:59
[0]:93886845 [1]:12403949 [2]:100 [3]:56
[0]:94088504 [1]:12438594 [2]:100 [3]:359
[0]:94308634 [1]:12476448 [2]:100 [3]:356
[0]:94503240 [1]:12509747 [2]:102 [3]:358
[0]:94737387 [1]:12550013 [2]:102 [3]:62
[0]:94961689 [1]:12588505 [2]:102 [3]:68
[0]:95157092 [1]:12622004 [2]:102 [3]:63
[0]:95356457 [1]:12656222 [2]:102 [3]:357
[0]:95564514 [1]:12691936 [2]:102 [3]:360
[0]:95773858 [1]:12727880 [2]:102 [3]:353
[0]:95971482 [1]:12761876 [2]:102 [3]:361
[0]:96166172 [1]:12795312 [2]:102 [3]:60
[0]:96364182 [1]:12829373 [2]:104 [3]:368
[0]:96562182 [1]:12863378 [2]:104 [3]:363
[0]:96760461 [1]:12897381 [2]:104 [3]:359
[0]:97006942 [1]:12939753 [2]:104 [3]:75
[0]:97197426 [1]:12972618 [2]:104 [3]:60
[0]:97421374 [1]:13011007 [2]:104 [3]:62
[0]:97623554 [1]:13045640 [2]:104 [3]:64
[0]:97840482 [1]:13082850 [2]:104 [3]:65
[0]:98033234 [1]:13115997 [2]:104 [3]:71
[0]:98232306 [1]:13150130 [2]:104 [3]:366
[0]:98448773 [1]:13187209 [2]:105 [3]:61
[0]:98637083 [1]:13219544 [2]:105 [3]:363
[0]:98860393 [1]:13257919 [2]:105 [3]:63
[0]:99055055 [1]:13291287 [2]:105 [3]:66
[0]:99301360 [1]:13333490 [2]:105 [3]:357
[0]:99495859 [1]:13366983 [2]:105 [3]:71
[0]:99701327 [1]:13402215 [2]:105 [3]:69
[0]:99906086 [1]:13437394 [2]:105 [3]:361
[0]:100101164 [1]:13470879 [2]:105 [3]:66
[0]:100291828 [1]:13503628 [2]:105 [3]:367
[0]:100485947 [1]:13537042 [2]:105 [3]:367
[0]:100687552 [1]:13571683 [2]:105 [3]:63
[0]:100883353 [1]:13605200 [2]:105 [3]:53
[0]:101076797 [1]:13638500 [2]:105 [3]:65
[0]:101269748 [1]:13671605 [2]:105 [3]:64
[0]:101464246 [1]:13704875 [2]:105 [3]:63
[0]:101663428 [1]:13739106 [2]:105 [3]:370
[0]:101853452 [1]:13771762 [2]:105 [3]:366
[0]:102055855 [1]:13806489 [2]:105 [3]:55
[0]:102261519 [1]:13841822 [2]:105 [3]:358
[0]:102473338 [1]:13878174 [2]:105 [3]:55
[0]:102661194 [1]:13910415 [2]:105 [3]:65
[0]:102870658 [1]:13946233 [2]:105 [3]:54
[0]:103064976 [1]:13979674 [2]:105 [3]:54
[0]:103277880 [1]:14016320 [2]:105 [3]:369
[0]:103479738 [1]:14050960 [2]:105 [3]:352
[0]:103705524 [1]:14089608 [2]:105 [3]:84
[0]:103898502 [1]:14122630 [2]:105 [3]:355
[0]:104092971 [1]:14155923 [2]:105 [3]:364
[0]:104285573 [1]:14188943 [2]:105 [3]:363
[0]:104495533 [1]:14224937 [2]:105 [3]:364
[0]:104713402 [1]:14262250 [2]:105 [3]:61
[0]:104946525 [1]:14302209 [2]:105 [3]:362
[0]:105143934 [1]:14336178 [2]:105 [3]:364
[0]:105344875 [1]:14370617 [2]:105 [3]:366
[0]:105563017 [1]:14407993 [2]:105 [3]:367
[0]:105793350 [1]:14447601 [2]:105 [3]:366
[0]:105989273 [1]:14481257 [2]:105 [3]:59
[0]:106182144 [1]:14514364 [2]:105 [3]:68
[0]:106398730 [1]:14551662 [2]:105 [3]:60
[0]:106593191 [1]:14584995 [2]:105 [3]:368
