[0]:80347612 [1]:10421022 [2]:151 [3]:361
[0]:80560298 [1]:10470233 [2]:151 [3]:361
[0]:80791940 [1]:10523636 [2]:151 [3]:365
[0]:80985428 [1]:10568384 [2]:151 [3]:64
[0]:81177578 [1]:10612807 [2]:151 [3]:362
[0]:81374181 [1]:10658245 [2]:151 [3]:363
[0]:81568195 [1]:10703071 [2]:151 [3]:62
[0]:81761070 [1]:10747568 [2]:151 [3]:363
[0]:81959887 [1]:10793520 [2]:151 [3]:364
[0]:82188413 [1]:10846351 [2]:158 [3]:360
[0]:82377786 [1]:10890078 [2]:158 [3]:360
[0]:82576051 [1]:10935909 [2]:158 [3]:362
[0]:82776953 [1]:10982265 [2]:158 [3]:363
[0]:82967873 [1]:11026378 [2]:158 [3]:63
[0]:83217560 [1]:11084055 [2]:158 [3]:356
[0]:83402555 [1]:11126865 [2]:158 [3]:362
[0]:83590997 [1]:11170378 [2]:158 [3]:361
[0]:83792681 [1]:11216954 [2]:158 [3]:362
[0]:83998357 [1]:11264516 [2]:158 [3]:360
[0]:84191709 [1]:11309167 [2]:158 [3]:355
[0]:84404716 [1]:11358344 [2]:158 [3]:363
[0]:84610103 [1]:11405755 [2]:158 [3]:359
[0]:84808002 [1]:11451428 [2]:164 [3]:355
[0]:84998857 [1]:11495465 [2]:164 [3]:356
[0]:85195859 [1]:11540997 [2]:164 [3]:365
[0]:85408798 [1]:11590158 [2]:164 [3]:369
[0]:85619083 [1]:11638643 [2]:164 [3]:359
[0]:85815592 [1]:11684060 [2]:164 [3]:369
[0]:86009779 [1]:11728899 [2]:164 [3]:363
[0]:86215970 [1]:11776588 [2]:164 [3]:363
[0]:86412929 [1]:11821978 [2]:164 [3]:356
[0]:86618235 [1]:11869398 [2]:164 [3]:359
[0]:86816081 [1]:11915127 [2]:164 [3]:353
[0]:87010272 [1]:11960008 [2]:164 [3]:361
[0]:87204187 [1]:12004796 [2]:164 [3]:56
[0]:87435711 [1]:12058203 [2]:164 [3]:358
[0]:87633469 [1]:12103873 [2]:166 [3]:361
[0]:87827474 [1]:12148701 [2]:166 [3]:356
[0]:88021777 [1]:12193565 [2]:166 [3]:360
[0]:88264094 [1]:12249575 [2]:166 [3]:363
[0]:88458527 [1]:12294480 [2]:166 [3]:364
[0]:88646709 [1]:12337991 [2]:166 [3]:359
[0]:88839008 [1]:12382492 [2]:166 [3]:360
[0]:89033598 [1]:12427393 [2]:166 [3]:364
[0]:89226188 [1]:12471884 [2]:166 [3]:363
[0]:89421360 [1]:12516991 [2]:166 [3]:57
[0]:89613431 [1]:12561346 [2]:166 [3]:54
[0]:89817124 [1]:12608437 [2]:166 [3]:359
[0]:90010861 [1]:12653225 [2]:166 [3]:354
[0]:90204783 [1]:12698013 [2]:166 [3]:371
[0]:90398979 [1]:12742876 [2]:166 [3]:358
[0]:90593864 [1]:12787880 [2]:166 [3]:353
[0]:90787540 [1]:12832609 [2]:166 [3]:363
[0]:90977771 [1]:12876495 [2]:166 [3]:58
[0]:91171604 [1]:12921261 [2]:166 [3]:361
[0]:91403416 [1]:12974880 [2]:166 [3]:371
[0]:91593330 [1]:13018752 [2]:166 [3]:361
[0]:91787721 [1]:13063680 [2]:166 [3]:363
[0]:91982417 [1]:13108587 [2]:166 [3]:350
[0]:92183395 [1]:13155009 [2]:166 [3]:363
[0]:92373507 [1]:13198931 [2]:166 [3]:359
[0]:92575048 [1]:13245518 [2]:166 [3]:59
[0]:92765260 [1]:13289489 [2]:166 [3]:356
[0]:92978439 [1]:13338724 [2]:166 [3]:362
[0]:93164886 [1]:13381832 [2]:166 [3]:63
[0]:93433683 [1]:13443853 [2]:166 [3]:355
[0]:93631555 [1]:13489518 [2]:166 [3]:353
[0]:93829469 [1]:13535118 [2]:166 [3]:361
[0]:94013108 [1]:13577634 [2]:166 [3]:355
[0]:94210185 [1]:13623165 [2]:166 [3]:368
[0]:94404237 [1]:13667984 [2]:166 [3]:52
[0]:94602604 [1]:13713766 [2]:166 [3]:360
[0]:94798915 [1]:13759095 [2]:166 [3]:365
[0]:95005198 [1]:13806794 [2]:166 [3]:358
[0]:95207086 [1]:13853469 [2]:166 [3]:358
[0]:95412442 [1]:13900899 [2]:166 [3]:59
[0]:95624915 [1]:13949977 [2]:166 [3]:360
[0]:95822641 [1]:13995596 [2]:166 [3]:359
[0]:96013021 [1]:14039574 [2]:166 [3]:364
[0]:96210742 [1]:14085262 [2]:166 [3]:364
[0]:96404489 [1]:14130022 [2]:166 [3]:360
[0]:96599318 [1]:14174983 [2]:166 [3]:364
[0]:96806467 [1]:14222763 [2]:166 [3]:366
[0]:97002135 [1]:14267980 [2]:166 [3]:357
[0]:97218563 [1]:14317980 [2]:166 [3]:59
[0]:97412685 [1]:14362822 [2]:166 [3]:365
[0]:97601494 [1]:14406387 [2]:166 [3]:359
[0]:97789719 [1]:14449857 [2]:166 [3]:365
[0]:98000838 [1]:14498672 [2]:166 [3]:353
[0]:98190708 [1]:14542537 [2]:166 [3]:369
[0]:98414075 [1]:14594159 [2]:166 [3]:365
[0]:98610805 [1]:14639593 [2]:166 [3]:361
[0]:98812245 [1]:14686134 [2]:166 [3]:370
[0]:99009916 [1]:14731814 [2]:166 [3]:358
[0]:99206767 [1]:14777261 [2]:166 [3]:364
[0]:99401425 [1]:14822261 [2]:166 [3]:356
[0]:99594503 [1]:14866760 [2]:166 [3]:359
[0]:99790248 [1]:14912004 [2]:166 [3]:366
[0]:99995096 [1]:14959382 [2]:166 [3]:359
[0]:100192428 [1]:15004946 [2]:166 [3]:361
[0]:100394489 [1]:15051615 [2]:166 [3]:358
[0]:100618831 [1]:15103382 [2]:166 [3]:363
[0]:100828016 [1]:15151685 [2]:166 [3]:368
[0]:101017156 [1]:15195391 [2]:166 [3]:361
[0]:101208271 [1]:15239584 [2]:166 [3]:365
[0]:101417931 [1]:15287928 [2]:166 [3]:365
[0]:101605021 [1]:15331194 [2]:166 [3]:363
[0]:101795919 [1]:15375393 [2]:166 [3]:361
[0]:101999849 [1]:15422477 [2]:166 [3]:365
[0]:102186491 [1]:15465609 [2]:166 [3]:360
[0]:102386419 [1]:15511748 [2]:166 [3]:363
[0]:102581899 [1]:15556890 [2]:166 [3]:366
[0]:102777993 [1]:15602187 [2]:166 [3]:57
[0]:102969366 [1]:15646478 [2]:166 [3]:356
[0]:103170053 [1]:15692775 [2]:166 [3]:365
[0]:103365539 [1]:15737904 [2]:166 [3]:359
[0]:103568882 [1]:15784916 [2]:166 [3]:355
[0]:103762761 [1]:15829737 [2]:166 [3]:360
[0]:103974437 [1]:15878617 [2]:166 [3]:367
[0]:104168525 [1]:15923430 [2]:166 [3]:364
[0]:104370971 [1]:15970291 [2]:166 [3]:365
[0]:104574615 [1]:16017395 [2]:166 [3]:365
[0]:104784398 [1]:16065856 [2]:166 [3]:366
[0]:104988991 [1]:16113087 [2]:166 [3]:366
[0]:105190679 [1]:16159577 [2]:166 [3]:360
[0]:105392025 [1]:16206022 [2]:166 [3]:70
[0]:105594350 [1]:16252784 [2]:166 [3]:358
[0]:105792112 [1]:16298537 [2]:166 [3]:363
[0]:105988118 [1]:16343699 [2]:166 [3]:358
[0]:106191074 [1]:16390585 [2]:166 [3]:361
[0]:106387610 [1]:16436068 [2]:166 [3]:365
[0]:106586496 [1]:16482077 [2]:166 [3]:359
[0]:106782014 [1]:16527255 [2]:166 [3]:370
[0]:106975150 [1]:16571843 [2]:166 [3]:355
[0]:107204932 [1]:16624952 [2]:166 [3]:362
[0]:107432118 [1]:16677480 [2]:166 [3]:362
[0]:107632125 [1]:16723685 [2]:166 [3]:359
[0]:107893200 [1]:16783925 [2]:166 [3]:366
[0]:108087552 [1]:16828835 [2]:166 [3]:357
[0]:108352563 [1]:16890017 [2]:166 [3]:360
[0]:108580419 [1]:16942764 [2]:166 [3]:365
[0]:108774080 [1]:16987406 [2]:166 [3]:362
[0]:108975775 [1]:17033997 [2]:166 [3]:359
[0]:109177392 [1]:17080638 [2]:166 [3]:359
[0]:109376790 [1]:17126674 [2]:166 [3]:357
[0]:109580528 [1]:17173798 [2]:166 [3]:361
[0]:109777963 [1]:17219332 [2]:166 [3]:362
[0]:110011775 [1]:17273355 [2]:166 [3]:359
[0]:110207426 [1]:17318567 [2]:166 [3]:362
[0]:110463191 [1]:17377611 [2]:166 [3]:370
[0]:110659267 [1]:17422820 [2]:166 [3]:355
[0]:110879693 [1]:17473669 [2]:166 [3]:362
[0]:111075245 [1]:17518800 [2]:166 [3]:57
[0]:111276124 [1]:17565226 [2]:166 [3]:357
[0]:111472149 [1]:17610512 [2]:166 [3]:354
[0]:111666023 [1]:17655226 [2]:166 [3]:361
[0]:111864556 [1]:17701083 [2]:166 [3]:362
[0]:112058686 [1]:17745967 [2]:166 [3]:365
[0]:112267348 [1]:17794193 [2]:166 [3]:356
[0]:112462099 [1]:17839108 [2]:166 [3]:56
[0]:112655784 [1]:17883885 [2]:166 [3]:361
[0]:112861631 [1]:17931471 [2]:166 [3]:357
[0]:113074111 [1]:17980624 [2]:166 [3]:70
[0]:113271972 [1]:18026345 [2]:166 [3]:360
[0]:113465892 [1]:18071059 [2]:166 [3]:361
[0]:113660229 [1]:18116074 [2]:166 [3]:365
[0]:113865442 [1]:18163445 [2]:166 [3]:361
[0]:114063188 [1]:18209170 [2]:166 [3]:356
[0]:114264796 [1]:18255806 [2]:166 [3]:363
[0]:114458868 [1]:18300614 [2]:166 [3]:359
[0]:114675337 [1]:18350599 [2]:166 [3]:364
[0]:114865683 [1]:18394600 [2]:166 [3]:356
[0]:115066987 [1]:18441128 [2]:166 [3]:358
[0]:115261386 [1]:18486022 [2]:166 [3]:358
[0]:115470377 [1]:18534252 [2]:166 [3]:360
[0]:115664469 [1]:18579165 [2]:166 [3]:360
[0]:115855699 [1]:18623354 [2]:166 [3]:362
[0]:116050686 [1]:18668370 [2]:166 [3]:362
[0]:116277504 [1]:18720722 [2]:166 [3]:365
[0]:116474592 [1]:18766243 [2]:166 [3]:61
[0]:116677948 [1]:18813234 [2]:166 [3]:359
[0]:116866089 [1]:18856790 [2]:166 [3]:360
[0]:117081771 [1]:18906590 [2]:166 [3]:367
[0]:117288037 [1]:18954232 [2]:166 [3]:358
[0]:117492972 [1]:19001574 [2]:166 [3]:359
[0]:117703565 [1]:19050262 [2]:166 [3]:60
[0]:117903833 [1]:19096563 [2]:166 [3]:366
[0]:118115819 [1]:19145486 [2]:166 [3]:360
[0]:118318167 [1]:19192307 [2]:166 [3]:365
[0]:118508608 [1]:19236342 [2]:166 [3]:360
[0]:118728588 [1]:19287240 [2]:166 [3]:366
[0]:118926242 [1]:19332947 [2]:166 [3]:367
[0]:119180026 [1]:19391503 [2]:166 [3]:363
[0]:119374305 [1]:19436395 [2]:166 [3]:358
