[0]:119593441 [1]:19471405 [2]:166 [3]:362
[0]:119809848 [1]:19503505 [2]:166 [3]:364
[0]:120010831 [1]:19533343 [2]:166 [3]:361
[0]:120227595 [1]:19565582 [2]:166 [3]:364
[0]:120454589 [1]:19599310 [2]:166 [3]:358
[0]:120660701 [1]:19629882 [2]:166 [3]:369
[0]:120870027 [1]:19661035 [2]:166 [3]:357
[0]:121074669 [1]:19691492 [2]:166 [3]:75
[0]:121279501 [1]:19721908 [2]:166 [3]:360
[0]:121488841 [1]:19752956 [2]:166 [3]:367
[0]:121713339 [1]:19786263 [2]:166 [3]:360
[0]:121922475 [1]:19817401 [2]:159 [3]:361
[0]:122126869 [1]:19847745 [2]:159 [3]:365
[0]:122331473 [1]:19878188 [2]:159 [3]:358
[0]:122536734 [1]:19908602 [2]:159 [3]:77
[0]:122745465 [1]:19939667 [2]:159 [3]:353
[0]:122965485 [1]:19972523 [2]:159 [3]:83
[0]:123175287 [1]:20003769 [2]:159 [3]:363
[0]:123387710 [1]:20035298 [2]:159 [3]:364
[0]:123596723 [1]:20066451 [2]:159 [3]:363
[0]:123801775 [1]:20096912 [2]:159 [3]:73
[0]:124006659 [1]:20127292 [2]:159 [3]:69
[0]:124223291 [1]:20159688 [2]:159 [3]:359
[0]:124426141 [1]:20189866 [2]:159 [3]:74
[0]:124622956 [1]:20219101 [2]:159 [3]:362
[0]:124822263 [1]:20248816 [2]:159 [3]:371
[0]:125023108 [1]:20278631 [2]:159 [3]:365
[0]:125292857 [1]:20318649 [2]:159 [3]:369
[0]:125489089 [1]:20347772 [2]:153 [3]:365
[0]:125711070 [1]:20380872 [2]:153 [3]:368
[0]:125906396 [1]:20409912 [2]:153 [3]:361
[0]:126110723 [1]:20440253 [2]:153 [3]:369
[0]:126315621 [1]:20470746 [2]:153 [3]:359
[0]:126555987 [1]:20506554 [2]:153 [3]:360
[0]:126766793 [1]:20537949 [2]:153 [3]:361
[0]:126981566 [1]:20569707 [2]:153 [3]:369
[0]:127182135 [1]:20599473 [2]:153 [3]:367
[0]:127381413 [1]:20629070 [2]:153 [3]:361
[0]:127584903 [1]:20659344 [2]:153 [3]:356
[0]:127857746 [1]:20700013 [2]:153 [3]:362
[0]:128061263 [1]:20730188 [2]:153 [3]:369
[0]:128267645 [1]:20760939 [2]:153 [3]:358
[0]:128467504 [1]:20790677 [2]:153 [3]:365
[0]:128676703 [1]:20821836 [2]:153 [3]:361
[0]:128880797 [1]:20852142 [2]:153 [3]:372
[0]:129105942 [1]:20885650 [2]:151 [3]:77
[0]:129322170 [1]:20917775 [2]:151 [3]:358
[0]:129519173 [1]:20946988 [2]:151 [3]:368
[0]:129727936 [1]:20978088 [2]:151 [3]:372
[0]:129932895 [1]:21008440 [2]:151 [3]:366
[0]:130186093 [1]:21045953 [2]:151 [3]:360
[0]:130394029 [1]:21076800 [2]:151 [3]:364
[0]:130598673 [1]:21107154 [2]:151 [3]:369
[0]:130799903 [1]:21137182 [2]:151 [3]:364
[0]:131000813 [1]:21167006 [2]:151 [3]:82
[0]:131221670 [1]:21199800 [2]:151 [3]:86
[0]:131485192 [1]:21238960 [2]:151 [3]:364
[0]:131697054 [1]:21270462 [2]:151 [3]:82
[0]:131903347 [1]:21301059 [2]:151 [3]:359
[0]:132104178 [1]:21330923 [2]:151 [3]:364
[0]:132305346 [1]:21360853 [2]:151 [3]:362
[0]:132547427 [1]:21396919 [2]:151 [3]:88
[0]:132750932 [1]:21427168 [2]:151 [3]:367
[0]:132949066 [1]:21456513 [2]:151 [3]:77
[0]:133152324 [1]:21486791 [2]:151 [3]:70
[0]:133357236 [1]:21517258 [2]:151 [3]:360
[0]:133577857 [1]:21550112 [2]:151 [3]:364
[0]:133780161 [1]:21580070 [2]:151 [3]:360
[0]:133987406 [1]:21611028 [2]:151 [3]:370
[0]:134188996 [1]:21640983 [2]:151 [3]:354
[0]:134393089 [1]:21671404 [2]:151 [3]:367
[0]:134606281 [1]:21703049 [2]:151 [3]:375
[0]:134819136 [1]:21734652 [2]:151 [3]:77
[0]:135028488 [1]:21765718 [2]:151 [3]:370
[0]:135236959 [1]:21796627 [2]:151 [3]:83
[0]:135443573 [1]:21827405 [2]:151 [3]:365
[0]:135681752 [1]:21862718 [2]:151 [3]:365
[0]:135883170 [1]:21892585 [2]:151 [3]:364
[0]:136087807 [1]:21923108 [2]:151 [3]:362
[0]:136300659 [1]:21954759 [2]:151 [3]:359
[0]:136521346 [1]:21987551 [2]:151 [3]:363
[0]:136731481 [1]:22018893 [2]:151 [3]:355
[0]:136989206 [1]:22057069 [2]:151 [3]:365
[0]:137192796 [1]:22087277 [2]:151 [3]:359
[0]:137435132 [1]:22123230 [2]:151 [3]:355
[0]:137644422 [1]:22154341 [2]:151 [3]:373
[0]:137841302 [1]:22183555 [2]:151 [3]:365
[0]:138042525 [1]:22213513 [2]:151 [3]:357
[0]:138243927 [1]:22243398 [2]:151 [3]:368
[0]:138449223 [1]:22273888 [2]:151 [3]:361
[0]:138654953 [1]:22304473 [2]:151 [3]:360
[0]:138857129 [1]:22334421 [2]:151 [3]:367
[0]:139102328 [1]:22370749 [2]:151 [3]:90
[0]:139312558 [1]:22402026 [2]:151 [3]:364
[0]:139516328 [1]:22432403 [2]:151 [3]:360
[0]:139737438 [1]:22465300 [2]:151 [3]:367
[0]:139944362 [1]:22496042 [2]:151 [3]:369
[0]:140150675 [1]:22526630 [2]:151 [3]:365
[0]:140382839 [1]:22561143 [2]:151 [3]:77
[0]:140583844 [1]:22590963 [2]:151 [3]:370
[0]:140793218 [1]:22622026 [2]:151 [3]:365
[0]:141037392 [1]:22658351 [2]:151 [3]:361
[0]:141242270 [1]:22688794 [2]:151 [3]:360
[0]:141447247 [1]:22719279 [2]:151 [3]:363
[0]:141652027 [1]:22749833 [2]:151 [3]:359
[0]:141884630 [1]:22784363 [2]:151 [3]:363
[0]:142093351 [1]:22815511 [2]:151 [3]:366
[0]:142298230 [1]:22845900 [2]:151 [3]:358
[0]:142509644 [1]:22877280 [2]:151 [3]:370
[0]:142711084 [1]:22907146 [2]:151 [3]:363
[0]:142924723 [1]:22938917 [2]:151 [3]:79
[0]:143125692 [1]:22968784 [2]:151 [3]:367
[0]:143330601 [1]:22999160 [2]:151 [3]:359
[0]:143594485 [1]:23038505 [2]:151 [3]:373
[0]:143792869 [1]:23068020 [2]:151 [3]:363
[0]:144001052 [1]:23099049 [2]:151 [3]:369
[0]:144205050 [1]:23129295 [2]:151 [3]:71
[0]:144413113 [1]:23160166 [2]:151 [3]:360
[0]:144612306 [1]:23189736 [2]:151 [3]:362
[0]:144818606 [1]:23220328 [2]:151 [3]:353
[0]:145024905 [1]:23251320 [2]:151 [3]:361
[0]:145230844 [1]:23281937 [2]:151 [3]:359
[0]:145426680 [1]:23311225 [2]:151 [3]:369
[0]:145639509 [1]:23342850 [2]:151 [3]:370
[0]:145844336 [1]:23373293 [2]:151 [3]:368
[0]:146052977 [1]:23404183 [2]:151 [3]:79
[0]:146270073 [1]:23436508 [2]:151 [3]:371
[0]:146469867 [1]:23466180 [2]:151 [3]:358
[0]:146710199 [1]:23501834 [2]:151 [3]:366
[0]:146910791 [1]:23531620 [2]:151 [3]:361
[0]:147117350 [1]:23562250 [2]:151 [3]:87
[0]:147318332 [1]:23592095 [2]:151 [3]:368
[0]:147511255 [1]:23620911 [2]:151 [3]:364
[0]:147728026 [1]:23653112 [2]:151 [3]:361
[0]:147940787 [1]:23684696 [2]:151 [3]:364
[0]:148145541 [1]:23715071 [2]:151 [3]:365
[0]:148373643 [1]:23748997 [2]:151 [3]:80
[0]:148581400 [1]:23779846 [2]:151 [3]:367
[0]:148795772 [1]:23811747 [2]:151 [3]:371
[0]:148996805 [1]:23841714 [2]:151 [3]:368
[0]:149209255 [1]:23873267 [2]:151 [3]:362
[0]:149433416 [1]:23906553 [2]:151 [3]:79
[0]:149642548 [1]:23937500 [2]:151 [3]:364
[0]:149851972 [1]:23968497 [2]:151 [3]:369
[0]:150064275 [1]:24000071 [2]:151 [3]:366
[0]:150269402 [1]:24030522 [2]:151 [3]:357
[0]:150470353 [1]:24060344 [2]:151 [3]:359
[0]:150679600 [1]:24091486 [2]:151 [3]:361
[0]:150898601 [1]:24123964 [2]:151 [3]:359
[0]:151097520 [1]:24153410 [2]:151 [3]:365
[0]:151306781 [1]:24184518 [2]:151 [3]:364
[0]:151511161 [1]:24214803 [2]:151 [3]:89
[0]:151731709 [1]:24247538 [2]:151 [3]:367
[0]:151938014 [1]:24278164 [2]:151 [3]:363
[0]:152139580 [1]:24308159 [2]:151 [3]:370
[0]:152364657 [1]:24341566 [2]:151 [3]:365
[0]:152571205 [1]:24372138 [2]:151 [3]:359
[0]:152773817 [1]:24402224 [2]:151 [3]:364
[0]:152981046 [1]:24432945 [2]:151 [3]:355
[0]:153193984 [1]:24464594 [2]:151 [3]:361
[0]:153394685 [1]:24494648 [2]:151 [3]:364
[0]:153591634 [1]:24523792 [2]:151 [3]:73
[0]:153803861 [1]:24555347 [2]:151 [3]:358
[0]:154017128 [1]:24586945 [2]:151 [3]:365
[0]:154230157 [1]:24618624 [2]:151 [3]:80
[0]:154462771 [1]:24653157 [2]:151 [3]:366
[0]:154677218 [1]:24685005 [2]:151 [3]:362
[0]:154888359 [1]:24716396 [2]:151 [3]:371
[0]:155096848 [1]:24747387 [2]:151 [3]:358
[0]:155320641 [1]:24780752 [2]:151 [3]:362
[0]:155530493 [1]:24811887 [2]:151 [3]:371
[0]:155735190 [1]:24842327 [2]:151 [3]:363
[0]:155951851 [1]:24874547 [2]:151 [3]:370
[0]:156156600 [1]:24904958 [2]:151 [3]:369
[0]:156354016 [1]:24934358 [2]:151 [3]:84
[0]:156556216 [1]:24964343 [2]:151 [3]:365
[0]:156763809 [1]:24995162 [2]:151 [3]:360
[0]:156971867 [1]:25026034 [2]:151 [3]:364
[0]:157189489 [1]:25058432 [2]:151 [3]:360
[0]:157394465 [1]:25088826 [2]:151 [3]:357
[0]:157599607 [1]:25119191 [2]:151 [3]:360
[0]:157813065 [1]:25150863 [2]:151 [3]:360
[0]:158072145 [1]:25189417 [2]:151 [3]:364
[0]:158277248 [1]:25219865 [2]:151 [3]:366
[0]:158513344 [1]:25254956 [2]:151 [3]:360
[0]:158722393 [1]:25286129 [2]:151 [3]:363
[0]:158958649 [1]:25321198 [2]:151 [3]:369
[0]:159159955 [1]:25351061 [2]:151 [3]:367
[0]:159404618 [1]:25387359 [2]:151 [3]:367
[0]:159611682 [1]:25418198 [2]:151 [3]:360
[0]:159817982 [1]:25448813 [2]:151 [3]:363
[0]:160025574 [1]:25479675 [2]:151 [3]:366
[0]:160227637 [1]:25509748 [2]:151 [3]:71
[0]:160430028 [1]:25539789 [2]:151 [3]:363
[0]:160641473 [1]:25571239 [2]:151 [3]:358
