[0]:39337354 [1]:3955474 [2]:97 [3]:346
[0]:39545469 [1]:3970454 [2]:97 [3]:365
[0]:39745862 [1]:3984774 [2]:97 [3]:77
[0]:39955214 [1]:4000008 [2]:97 [3]:97
[0]:40160895 [1]:4014852 [2]:97 [3]:83
[0]:40366029 [1]:4029738 [2]:97 [3]:374
[0]:40595024 [1]:4046756 [2]:97 [3]:370
[0]:40799769 [1]:4061781 [2]:97 [3]:88
[0]:41017294 [1]:4077521 [2]:94 [3]:75
[0]:41226298 [1]:4093195 [2]:94 [3]:85
[0]:41435788 [1]:4108353 [2]:94 [3]:88
[0]:41639104 [1]:4123330 [2]:94 [3]:82
[0]:41842127 [1]:4138134 [2]:94 [3]:358
[0]:42059574 [1]:4153949 [2]:94 [3]:367
[0]:42264831 [1]:4169028 [2]:94 [3]:76
[0]:42469972 [1]:4184200 [2]:94 [3]:91
[0]:42675297 [1]:4199149 [2]:94 [3]:85
[0]:42879462 [1]:4213971 [2]:94 [3]:97
[0]:43082353 [1]:4228609 [2]:94 [3]:88
[0]:43287714 [1]:4243651 [2]:94 [3]:92
[0]:43493112 [1]:4258574 [2]:94 [3]:362
[0]:43698530 [1]:4273655 [2]:94 [3]:356
[0]:43897742 [1]:4287990 [2]:94 [3]:75
[0]:44103697 [1]:4302956 [2]:94 [3]:82
[0]:44317682 [1]:4318871 [2]:94 [3]:74
[0]:44515283 [1]:4333699 [2]:94 [3]:354
[0]:44731269 [1]:4353457 [2]:94 [3]:96
[0]:44941101 [1]:4376709 [2]:94 [3]:370
[0]:45140030 [1]:4399013 [2]:94 [3]:369
[0]:45338535 [1]:4421238 [2]:94 [3]:82
[0]:45539740 [1]:4443590 [2]:94 [3]:357
[0]:45744659 [1]:4466301 [2]:94 [3]:83
[0]:45949258 [1]:4488901 [2]:94 [3]:81
[0]:46162559 [1]:4512471 [2]:94 [3]:95
[0]:46367697 [1]:4535236 [2]:94 [3]:87
[0]:46583931 [1]:4559264 [2]:94 [3]:366
[0]:46779605 [1]:4581061 [2]:94 [3]:75
[0]:46978838 [1]:4603044 [2]:94 [3]:354
[0]:47188011 [1]:4626072 [2]:94 [3]:75
[0]:47400968 [1]:4649596 [2]:94 [3]:74
[0]:47609585 [1]:4672693 [2]:94 [3]:365
[0]:47826319 [1]:4696573 [2]:94 [3]:90
[0]:48047321 [1]:4721009 [2]:94 [3]:362
[0]:48253037 [1]:4743701 [2]:94 [3]:75
[0]:48461854 [1]:4766738 [2]:94 [3]:363
[0]:48693057 [1]:4792289 [2]:92 [3]:368
[0]:48899628 [1]:4815074 [2]:92 [3]:365
[0]:49102701 [1]:4837606 [2]:92 [3]:372
[0]:49303775 [1]:4860018 [2]:92 [3]:363
[0]:49506838 [1]:4882466 [2]:92 [3]:360
[0]:49711463 [1]:4905107 [2]:92 [3]:372
[0]:49920378 [1]:4928440 [2]:92 [3]:363
[0]:50125854 [1]:4951068 [2]:92 [3]:79
[0]:50331266 [1]:4973882 [2]:92 [3]:370
[0]:50535855 [1]:4996614 [2]:92 [3]:85
[0]:50748504 [1]:5020040 [2]:92 [3]:86
[0]:50957637 [1]:5043314 [2]:92 [3]:82
[0]:51166957 [1]:5066298 [2]:92 [3]:378
[0]:51406203 [1]:5092854 [2]:92 [3]:71
[0]:51604514 [1]:5114660 [2]:92 [3]:374
[0]:51820455 [1]:5138543 [2]:92 [3]:360
[0]:52018381 [1]:5160369 [2]:92 [3]:85
[0]:52222758 [1]:5183169 [2]:92 [3]:360
[0]:52424415 [1]:5205484 [2]:92 [3]:366
[0]:52644930 [1]:5230177 [2]:92 [3]:357
[0]:52861999 [1]:5254202 [2]:92 [3]:360
[0]:53078390 [1]:5278119 [2]:92 [3]:115
[0]:53284266 [1]:5301120 [2]:92 [3]:368
[0]:53493046 [1]:5324142 [2]:92 [3]:356
[0]:53697699 [1]:5346849 [2]:92 [3]:89
[0]:53910656 [1]:5370328 [2]:92 [3]:366
[0]:54116090 [1]:5392893 [2]:92 [3]:358
[0]:54328986 [1]:5416505 [2]:92 [3]:360
[0]:54538252 [1]:5439588 [2]:92 [3]:352
[0]:54769031 [1]:5465780 [2]:92 [3]:368
[0]:54978992 [1]:5489193 [2]:92 [3]:73
[0]:55185992 [1]:5512092 [2]:92 [3]:353
[0]:55388760 [1]:5534596 [2]:92 [3]:371
[0]:55607691 [1]:5558792 [2]:92 [3]:72
[0]:55811829 [1]:5581631 [2]:92 [3]:69
[0]:56011655 [1]:5603935 [2]:92 [3]:76
[0]:56220802 [1]:5626957 [2]:92 [3]:366
[0]:56476117 [1]:5655189 [2]:92 [3]:85
[0]:56689674 [1]:5678847 [2]:92 [3]:358
[0]:56894510 [1]:5701822 [2]:92 [3]:363
[0]:57099981 [1]:5724518 [2]:92 [3]:86
[0]:57308745 [1]:5747690 [2]:92 [3]:375
[0]:57521609 [1]:5771344 [2]:92 [3]:365
[0]:57726794 [1]:5793918 [2]:92 [3]:369
[0]:57931929 [1]:5816517 [2]:92 [3]:367
[0]:58137065 [1]:5839133 [2]:92 [3]:75
[0]:58420258 [1]:5870376 [2]:92 [3]:364
[0]:58625949 [1]:5892977 [2]:92 [3]:84
[0]:58843124 [1]:5916964 [2]:92 [3]:358
[0]:59055744 [1]:5940477 [2]:92 [3]:356
[0]:59262436 [1]:5963375 [2]:92 [3]:363
[0]:59465946 [1]:5985918 [2]:92 [3]:83
[0]:59667172 [1]:6008324 [2]:92 [3]:374
[0]:59873496 [1]:6031259 [2]:92 [3]:364
[0]:60081554 [1]:6054286 [2]:92 [3]:371
[0]:60305258 [1]:6079400 [2]:92 [3]:83
[0]:60506456 [1]:6101889 [2]:92 [3]:356
[0]:60732696 [1]:6126865 [2]:92 [3]:84
[0]:60936470 [1]:6149322 [2]:92 [3]:95
[0]:61140191 [1]:6171774 [2]:92 [3]:370
[0]:61353908 [1]:6195684 [2]:92 [3]:364
[0]:61563409 [1]:6218879 [2]:92 [3]:92
[0]:61770318 [1]:6241689 [2]:92 [3]:360
[0]:61977703 [1]:6264533 [2]:92 [3]:363
[0]:62186531 [1]:6287495 [2]:92 [3]:368
[0]:62383806 [1]:6309262 [2]:92 [3]:363
[0]:62592771 [1]:6332402 [2]:92 [3]:83
[0]:62796920 [1]:6355290 [2]:92 [3]:373
[0]:63006550 [1]:6378592 [2]:92 [3]:373
[0]:63207554 [1]:6400888 [2]:92 [3]:366
[0]:63407990 [1]:6423197 [2]:92 [3]:362
[0]:63613427 [1]:6445873 [2]:92 [3]:91
[0]:63822502 [1]:6468916 [2]:92 [3]:102
[0]:64027121 [1]:6491552 [2]:92 [3]:85
[0]:64236809 [1]:6514719 [2]:92 [3]:88
[0]:64441561 [1]:6537594 [2]:92 [3]:81
[0]:64674267 [1]:6563344 [2]:92 [3]:375
[0]:64879506 [1]:6585802 [2]:92 [3]:375
[0]:65084928 [1]:6608591 [2]:92 [3]:366
[0]:65310802 [1]:6633521 [2]:92 [3]:76
[0]:65512165 [1]:6655758 [2]:92 [3]:86
[0]:65715238 [1]:6678607 [2]:92 [3]:97
[0]:65912511 [1]:6700247 [2]:92 [3]:76
[0]:66125556 [1]:6723763 [2]:92 [3]:89
[0]:66344827 [1]:6747867 [2]:92 [3]:87
[0]:66549067 [1]:6770449 [2]:92 [3]:368
[0]:66778725 [1]:6795915 [2]:92 [3]:361
[0]:66982075 [1]:6818618 [2]:92 [3]:98
[0]:67205033 [1]:6843350 [2]:92 [3]:372
[0]:67413286 [1]:6866373 [2]:92 [3]:77
[0]:67615998 [1]:6888832 [2]:92 [3]:76
[0]:67824866 [1]:6911708 [2]:92 [3]:79
[0]:68026254 [1]:6934020 [2]:92 [3]:379
[0]:68227159 [1]:6956170 [2]:92 [3]:367
[0]:68428189 [1]:6978501 [2]:92 [3]:78
[0]:68633583 [1]:7001202 [2]:92 [3]:378
[0]:68842147 [1]:7024675 [2]:92 [3]:90
[0]:69050926 [1]:7048013 [2]:92 [3]:375
[0]:69255772 [1]:7070655 [2]:92 [3]:360
[0]:69464932 [1]:7093883 [2]:92 [3]:360
[0]:69669384 [1]:7116914 [2]:92 [3]:80
[0]:69873559 [1]:7139475 [2]:92 [3]:367
[0]:70082732 [1]:7162533 [2]:92 [3]:368
[0]:70284696 [1]:7184873 [2]:92 [3]:373
[0]:70487814 [1]:7207487 [2]:92 [3]:357
[0]:70690837 [1]:7230040 [2]:92 [3]:104
[0]:70903526 [1]:7253553 [2]:92 [3]:84
[0]:71109109 [1]:7276310 [2]:92 [3]:371
[0]:71317869 [1]:7299623 [2]:92 [3]:368
[0]:71518853 [1]:7321815 [2]:92 [3]:90
[0]:71755481 [1]:7347985 [2]:92 [3]:367
[0]:71969153 [1]:7371563 [2]:92 [3]:363
[0]:72165529 [1]:7393313 [2]:92 [3]:366
[0]:72374588 [1]:7416423 [2]:92 [3]:86
[0]:72630847 [1]:7444826 [2]:92 [3]:363
[0]:72839741 [1]:7467943 [2]:92 [3]:370
[0]:73044900 [1]:7490659 [2]:92 [3]:94
[0]:73267942 [1]:7515427 [2]:92 [3]:355
[0]:73531693 [1]:7545368 [2]:92 [3]:94
[0]:73737914 [1]:7568338 [2]:92 [3]:362
[0]:73946947 [1]:7591480 [2]:92 [3]:78
[0]:74160127 [1]:7614913 [2]:92 [3]:86
[0]:74376961 [1]:7638891 [2]:92 [3]:373
[0]:74594698 [1]:7662971 [2]:92 [3]:362
[0]:74822130 [1]:7688367 [2]:92 [3]:98
[0]:75039208 [1]:7712290 [2]:92 [3]:76
[0]:75259092 [1]:7736948 [2]:92 [3]:86
[0]:75499936 [1]:7763743 [2]:92 [3]:361
[0]:75729828 [1]:7789253 [2]:92 [3]:361
[0]:75938824 [1]:7812300 [2]:92 [3]:74
[0]:76142390 [1]:7835061 [2]:92 [3]:87
[0]:76365465 [1]:7859602 [2]:92 [3]:361
[0]:76588698 [1]:7884143 [2]:92 [3]:362
[0]:76816409 [1]:7909489 [2]:92 [3]:80
[0]:77022227 [1]:7932354 [2]:92 [3]:87
[0]:77231151 [1]:7955440 [2]:92 [3]:86
[0]:77444068 [1]:7979181 [2]:92 [3]:84
[0]:77665381 [1]:8003464 [2]:92 [3]:80
[0]:77877771 [1]:8026853 [2]:92 [3]:356
[0]:78081104 [1]:8049273 [2]:92 [3]:365
[0]:78287875 [1]:8072175 [2]:92 [3]:360
[0]:78493166 [1]:8094797 [2]:92 [3]:373
[0]:78706078 [1]:8118351 [2]:92 [3]:376
[0]:78934792 [1]:8143854 [2]:92 [3]:365
[0]:79149511 [1]:8167684 [2]:92 [3]:359
[0]:79340449 [1]:8189060 [2]:92 [3]:105
[0]:79544109 [1]:8211748 [2]:92 [3]:364
[0]:79746779 [1]:8234152 [2]:92 [3]:78
[0]:79951595 [1]:8256967 [2]:92 [3]:76
[0]:80156749 [1]:8279441 [2]:92 [3]:365
[0]:80381649 [1]:8304256 [2]:92 [3]:366
