[0]:61063801 [1]:9430616 [2]:132 [3]:358
[0]:61284919 [1]:9481721 [2]:132 [3]:362
[0]:61473577 [1]:9525234 [2]:132 [3]:356
[0]:61699202 [1]:9577383 [2]:132 [3]:359
[0]:61900093 [1]:9623787 [2]:132 [3]:363
[0]:62098535 [1]:9669645 [2]:132 [3]:56
[0]:62292617 [1]:9714448 [2]:132 [3]:362
[0]:62491632 [1]:9760393 [2]:132 [3]:358
[0]:62688888 [1]:9805985 [2]:132 [3]:362
[0]:62874927 [1]:9848978 [2]:132 [3]:356
[0]:63068178 [1]:9893608 [2]:132 [3]:361
[0]:63307929 [1]:9948909 [2]:132 [3]:363
[0]:63513004 [1]:9996272 [2]:132 [3]:363
[0]:63714267 [1]:10042794 [2]:132 [3]:362
[0]:63927464 [1]:10092084 [2]:134 [3]:364
[0]:64132369 [1]:10139330 [2]:134 [3]:62
[0]:64330494 [1]:10185158 [2]:134 [3]:370
[0]:64537689 [1]:10233099 [2]:134 [3]:359
[0]:64730908 [1]:10277755 [2]:134 [3]:358
[0]:64976576 [1]:10334490 [2]:134 [3]:359
[0]:65180943 [1]:10381694 [2]:134 [3]:59
[0]:65371908 [1]:10425811 [2]:134 [3]:368
[0]:65594722 [1]:10477296 [2]:134 [3]:59
[0]:65798275 [1]:10524307 [2]:134 [3]:360
[0]:65995234 [1]:10569759 [2]:134 [3]:364
[0]:66183377 [1]:10613228 [2]:134 [3]:365
[0]:66379723 [1]:10658613 [2]:134 [3]:367
[0]:66577482 [1]:10704250 [2]:136 [3]:367
[0]:66791078 [1]:10753635 [2]:136 [3]:363
[0]:66980658 [1]:10797349 [2]:136 [3]:364
[0]:67182143 [1]:10843887 [2]:136 [3]:364
[0]:67392319 [1]:10892412 [2]:136 [3]:65
[0]:67581551 [1]:10936120 [2]:136 [3]:59
[0]:67779144 [1]:10981858 [2]:136 [3]:361
[0]:67999623 [1]:11032686 [2]:136 [3]:362
[0]:68191615 [1]:11077008 [2]:136 [3]:368
[0]:68387811 [1]:11122311 [2]:136 [3]:358
[0]:68582001 [1]:11167179 [2]:136 [3]:357
[0]:68776450 [1]:11212081 [2]:136 [3]:356
[0]:68973753 [1]:11257637 [2]:136 [3]:359
[0]:69186496 [1]:11306857 [2]:136 [3]:362
[0]:69388209 [1]:11353472 [2]:138 [3]:364
[0]:69597071 [1]:11401744 [2]:138 [3]:363
[0]:69798595 [1]:11448291 [2]:138 [3]:358
[0]:70002980 [1]:11495482 [2]:138 [3]:357
[0]:70205460 [1]:11542301 [2]:138 [3]:67
[0]:70403288 [1]:11588017 [2]:138 [3]:358
[0]:70598162 [1]:11633038 [2]:138 [3]:362
[0]:70806395 [1]:11681091 [2]:138 [3]:359
[0]:71004163 [1]:11726802 [2]:138 [3]:363
[0]:71213192 [1]:11775148 [2]:138 [3]:362
[0]:71405246 [1]:11819553 [2]:138 [3]:364
[0]:71604308 [1]:11865466 [2]:138 [3]:362
[0]:71792196 [1]:11908889 [2]:138 [3]:362
[0]:71991515 [1]:11955003 [2]:138 [3]:359
[0]:72217100 [1]:12007118 [2]:140 [3]:365
[0]:72418696 [1]:12053710 [2]:140 [3]:354
[0]:72605240 [1]:12096710 [2]:140 [3]:363
[0]:72801140 [1]:12141969 [2]:140 [3]:356
[0]:72997257 [1]:12187289 [2]:140 [3]:354
[0]:73222624 [1]:12239492 [2]:140 [3]:362
[0]:73452659 [1]:12292624 [2]:140 [3]:363
[0]:73642832 [1]:12336630 [2]:140 [3]:363
[0]:73840778 [1]:12382372 [2]:140 [3]:357
[0]:74038576 [1]:12428074 [2]:140 [3]:360
[0]:74240062 [1]:12474628 [2]:140 [3]:354
[0]:74453865 [1]:12523944 [2]:140 [3]:366
[0]:74679085 [1]:12575975 [2]:140 [3]:350
[0]:74881336 [1]:12622699 [2]:140 [3]:365
[0]:75097581 [1]:12672663 [2]:141 [3]:356
[0]:75336454 [1]:12727776 [2]:141 [3]:365
[0]:75531564 [1]:12772858 [2]:141 [3]:60
[0]:75725657 [1]:12817771 [2]:141 [3]:362
[0]:75912115 [1]:12860893 [2]:141 [3]:364
