[0]:3335852631 [1]:1 [2]:2 [3]:99
[0]:4109345759 [1]:1 [2]:2 [3]:106
[0]:3885655126 [1]:1 [2]:2 [3]:69
[0]:3669349638 [1]:1 [2]:2 [3]:42
[0]:3453113138 [1]:1 [2]:2 [3]:111
[0]:4245443594 [1]:1 [2]:2 [3]:38
[0]:4017536168 [1]:1 [2]:2 [3]:129
[0]:3805822396 [1]:1 [2]:2 [3]:203
[0]:3582408176 [1]:1 [2]:2 [3]:143
[0]:3364850832 [1]:1 [2]:2 [3]:80
[0]:4098619972 [1]:1 [2]:2 [3]:37
[0]:3879165916 [1]:1 [2]:2 [3]:179
[0]:3669442028 [1]:1 [2]:2 [3]:137
[0]:3454135109 [1]:1 [2]:2 [3]:135
[0]:4241188613 [1]:1 [2]:2 [3]:143
[0]:4029466411 [1]:1 [2]:2 [3]:202
[0]:3783262424 [1]:1 [2]:2 [3]:148
[0]:3563827287 [1]:1 [2]:2 [3]:95
[0]:3349347686 [1]:1 [2]:2 [3]:177
[0]:4133390273 [1]:1 [2]:2 [3]:80
[0]:3913400803 [1]:1 [2]:2 [3]:50
[0]:3667320021 [1]:1 [2]:2 [3]:188
[0]:3456376506 [1]:1 [2]:2 [3]:212
[0]:4245463822 [1]:1 [2]:2 [3]:118
[0]:4045271322 [1]:1 [2]:2 [3]:127
[0]:3837305816 [1]:1 [2]:2 [3]:43
[0]:3597440676 [1]:1 [2]:2 [3]:209
[0]:3318268899 [1]:1 [2]:2 [3]:163
[0]:4091292604 [1]:1 [2]:2 [3]:51
[0]:3880546432 [1]:1 [2]:2 [3]:105
[0]:3669456002 [1]:1 [2]:2 [3]:196
[0]:3439685719 [1]:1 [2]:2 [3]:172
[0]:4214841244 [1]:1 [2]:2 [3]:148
[0]:4009606904 [1]:1 [2]:2 [3]:111
[0]:3779657561 [1]:1 [2]:2 [3]:157
[0]:3571736938 [1]:1 [2]:2 [3]:92
[0]:3357547528 [1]:1 [2]:2 [3]:42
[0]:4081857261 [1]:1 [2]:2 [3]:207
[0]:3873651513 [1]:1 [2]:2 [3]:130
[0]:3665544921 [1]:1 [2]:2 [3]:36
[0]:3442977388 [1]:1 [2]:2 [3]:93
[0]:4222626969 [1]:1 [2]:2 [3]:81
[0]:4001825699 [1]:1 [2]:2 [3]:89
[0]:3785433133 [1]:1 [2]:2 [3]:136
[0]:3577658684 [1]:1 [2]:2 [3]:207
[0]:3365155137 [1]:1 [2]:2 [3]:214
[0]:4153651914 [1]:1 [2]:2 [3]:191
[0]:3942388613 [1]:1 [2]:2 [3]:217
[0]:3717203546 [1]:1 [2]:2 [3]:135
[0]:3497500643 [1]:1 [2]:2 [3]:85
[0]:4281595104 [1]:1 [2]:2 [3]:104
[0]:4068920866 [1]:1 [2]:2 [3]:80
[0]:3852670096 [1]:1 [2]:2 [3]:40
[0]:3638411881 [1]:1 [2]:2 [3]:72
[0]:3429083366 [1]:1 [2]:2 [3]:196
[0]:4200011941 [1]:1 [2]:2 [3]:209
[0]:3989586217 [1]:1 [2]:2 [3]:193
[0]:3773593274 [1]:1 [2]:2 [3]:91
[0]:3556280088 [1]:1 [2]:2 [3]:73
[0]:3333290052 [1]:1 [2]:2 [3]:213
[0]:4087538651 [1]:1 [2]:2 [3]:115
[0]:3866112129 [1]:1 [2]:2 [3]:121
[0]:3645676964 [1]:1 [2]:2 [3]:208
[0]:3429734572 [1]:1 [2]:2 [3]:75
[0]:4196757222 [1]:1 [2]:2 [3]:180
[0]:3977478224 [1]:1 [2]:2 [3]:161
[0]:3768944889 [1]:1 [2]:2 [3]:174
[0]:3557199357 [1]:1 [2]:2 [3]:80
[0]:3302654771 [1]:1 [2]:2 [3]:139
[0]:4077697004 [1]:1 [2]:2 [3]:88
[0]:3878941286 [1]:1 [2]:2 [3]:102
[0]:3665641058 [1]:1 [2]:2 [3]:180
[0]:3461624034 [1]:1 [2]:2 [3]:39
