[0]:91876602 [1]:15494632 [2]:152 [3]:360
[0]:92073224 [1]:15540075 [2]:152 [3]:60
[0]:92282701 [1]:15588412 [2]:152 [3]:362
[0]:92485309 [1]:15635195 [2]:152 [3]:364
[0]:92686304 [1]:15681657 [2]:152 [3]:360
[0]:92891811 [1]:15729126 [2]:153 [3]:363
[0]:93090877 [1]:15775130 [2]:153 [3]:356
[0]:93276351 [1]:15817953 [2]:153 [3]:61
[0]:93466522 [1]:15861910 [2]:153 [3]:358
[0]:93660807 [1]:15906719 [2]:153 [3]:360
[0]:93851053 [1]:15950671 [2]:153 [3]:357
[0]:94049085 [1]:15996374 [2]:153 [3]:353
[0]:94242819 [1]:16041066 [2]:153 [3]:365
[0]:94437324 [1]:16085968 [2]:153 [3]:363
[0]:94642426 [1]:16133415 [2]:153 [3]:359
[0]:94847760 [1]:16180848 [2]:153 [3]:62
[0]:95049344 [1]:16227355 [2]:153 [3]:366
[0]:95278209 [1]:16280313 [2]:153 [3]:364
[0]:95474628 [1]:16325731 [2]:153 [3]:363
[0]:95668807 [1]:16370629 [2]:157 [3]:365
[0]:95863033 [1]:16415474 [2]:157 [3]:364
[0]:96068188 [1]:16462825 [2]:157 [3]:358
[0]:96310715 [1]:16518892 [2]:157 [3]:364
[0]:96550911 [1]:16574349 [2]:157 [3]:359
[0]:96740049 [1]:16618039 [2]:157 [3]:362
[0]:96982379 [1]:16674054 [2]:157 [3]:361
[0]:97174927 [1]:16718547 [2]:157 [3]:362
[0]:97369068 [1]:16763406 [2]:157 [3]:356
[0]:97591102 [1]:16814705 [2]:157 [3]:360
[0]:97785078 [1]:16859510 [2]:157 [3]:358
[0]:97990328 [1]:16906852 [2]:157 [3]:363
[0]:98195771 [1]:16954325 [2]:157 [3]:369
[0]:98401644 [1]:17001930 [2]:159 [3]:358
[0]:98636193 [1]:17056158 [2]:159 [3]:358
[0]:98826450 [1]:17100032 [2]:159 [3]:366
[0]:99031669 [1]:17147426 [2]:159 [3]:363
[0]:99226614 [1]:17192536 [2]:159 [3]:356
[0]:99422739 [1]:17237872 [2]:159 [3]:359
[0]:99617591 [1]:17282938 [2]:159 [3]:361
[0]:99819320 [1]:17329464 [2]:159 [3]:361
[0]:100024043 [1]:17376771 [2]:159 [3]:366
[0]:100211134 [1]:17420021 [2]:159 [3]:359
[0]:100421646 [1]:17468765 [2]:159 [3]:364
[0]:100614127 [1]:17513299 [2]:159 [3]:362
[0]:100849444 [1]:17567623 [2]:159 [3]:361
[0]:101054783 [1]:17615029 [2]:159 [3]:365
[0]:101243998 [1]:17658725 [2]:161 [3]:364
[0]:101442780 [1]:17704700 [2]:161 [3]:362
[0]:101652015 [1]:17752993 [2]:161 [3]:356
[0]:101852854 [1]:17799393 [2]:161 [3]:362
[0]:102066091 [1]:17848680 [2]:161 [3]:363
[0]:102263648 [1]:17894339 [2]:161 [3]:360
[0]:102454197 [1]:17938392 [2]:161 [3]:367
[0]:102655843 [1]:17984910 [2]:161 [3]:57
[0]:102845425 [1]:18028804 [2]:161 [3]:61
[0]:103036583 [1]:18072925 [2]:161 [3]:363
[0]:103237968 [1]:18119452 [2]:161 [3]:362
[0]:103467959 [1]:18172509 [2]:161 [3]:365
[0]:103656119 [1]:18215992 [2]:161 [3]:364
[0]:103859520 [1]:18262975 [2]:161 [3]:59
[0]:104045046 [1]:18305798 [2]:162 [3]:359
[0]:104247454 [1]:18352580 [2]:162 [3]:358
[0]:104446805 [1]:18398630 [2]:162 [3]:360
[0]:104667720 [1]:18449709 [2]:162 [3]:359
[0]:104865521 [1]:18495409 [2]:162 [3]:358
[0]:105063128 [1]:18541094 [2]:162 [3]:361
[0]:105257548 [1]:18585978 [2]:162 [3]:364
[0]:105457916 [1]:18632224 [2]:162 [3]:354
[0]:105652986 [1]:18677298 [2]:162 [3]:360
[0]:105854656 [1]:18723885 [2]:162 [3]:360
[0]:106048703 [1]:18768691 [2]:162 [3]:367
[0]:106334515 [1]:18834805 [2]:162 [3]:360
[0]:106535793 [1]:18881314 [2]:162 [3]:63
