[0]:14619067 [1]:1533421 [2]:75 [3]:372
[0]:14831905 [1]:1564915 [2]:75 [3]:76
[0]:15040799 [1]:1595867 [2]:75 [3]:367
[0]:15253731 [1]:1627403 [2]:87 [3]:360
[0]:15472756 [1]:1659884 [2]:87 [3]:366
[0]:15687399 [1]:1691739 [2]:87 [3]:357
[0]:15910817 [1]:1724859 [2]:87 [3]:70
[0]:16122199 [1]:1756200 [2]:87 [3]:368
[0]:16412928 [1]:1799292 [2]:87 [3]:363
[0]:16629185 [1]:1831279 [2]:87 [3]:373
[0]:16830018 [1]:1861043 [2]:87 [3]:363
[0]:17043621 [1]:1892641 [2]:87 [3]:80
[0]:17259779 [1]:1924638 [2]:87 [3]:371
[0]:17479467 [1]:1957237 [2]:87 [3]:79
[0]:17746982 [1]:1996875 [2]:87 [3]:71
[0]:17956501 [1]:2027836 [2]:87 [3]:372
[0]:18162915 [1]:2058461 [2]:87 [3]:76
[0]:18378717 [1]:2090386 [2]:87 [3]:362
[0]:18670163 [1]:2133575 [2]:87 [3]:367
[0]:18887573 [1]:2165797 [2]:144 [3]:72
[0]:19090767 [1]:2195847 [2]:144 [3]:368
[0]:19297379 [1]:2226530 [2]:144 [3]:73
[0]:19502218 [1]:2256962 [2]:144 [3]:362
[0]:19746387 [1]:2293092 [2]:144 [3]:362
[0]:19950976 [1]:2323442 [2]:144 [3]:360
[0]:20164355 [1]:2355221 [2]:144 [3]:365
[0]:20381202 [1]:2387549 [2]:144 [3]:364
[0]:20626056 [1]:2423808 [2]:144 [3]:365
[0]:20865908 [1]:2459270 [2]:144 [3]:363
[0]:21077681 [1]:2490688 [2]:144 [3]:364
[0]:21287517 [1]:2521788 [2]:144 [3]:358
[0]:21496423 [1]:2552746 [2]:144 [3]:367
[0]:21729087 [1]:2587266 [2]:144 [3]:357
[0]:21933917 [1]:2617737 [2]:144 [3]:360
[0]:22146465 [1]:2649232 [2]:144 [3]:369
[0]:22361078 [1]:2681102 [2]:150 [3]:354
[0]:22603874 [1]:2717022 [2]:150 [3]:372
[0]:22832333 [1]:2750875 [2]:150 [3]:366
[0]:23048360 [1]:2782958 [2]:150 [3]:353
[0]:23251074 [1]:2812971 [2]:150 [3]:361
[0]:23455138 [1]:2843124 [2]:150 [3]:355
[0]:23663120 [1]:2873868 [2]:150 [3]:363
[0]:23864998 [1]:2903802 [2]:150 [3]:367
[0]:24075905 [1]:2935030 [2]:150 [3]:365
[0]:24289826 [1]:2966709 [2]:150 [3]:370
[0]:24499635 [1]:2997740 [2]:150 [3]:364
[0]:24712524 [1]:3029337 [2]:150 [3]:372
[0]:24918433 [1]:3059959 [2]:150 [3]:72
[0]:25128384 [1]:3091311 [2]:150 [3]:356
[0]:25354654 [1]:3124829 [2]:150 [3]:359
[0]:25561477 [1]:3155473 [2]:150 [3]:366
[0]:25776307 [1]:3187434 [2]:150 [3]:360
[0]:25997024 [1]:3220176 [2]:151 [3]:89
[0]:26265009 [1]:3259914 [2]:151 [3]:362
[0]:26473636 [1]:3290798 [2]:151 [3]:78
[0]:26682626 [1]:3321819 [2]:151 [3]:367
[0]:26891530 [1]:3352834 [2]:151 [3]:364
[0]:27103921 [1]:3384425 [2]:151 [3]:365
[0]:27391981 [1]:3427173 [2]:151 [3]:358
[0]:27593485 [1]:3457133 [2]:151 [3]:368
[0]:27834087 [1]:3492909 [2]:151 [3]:365
[0]:28078939 [1]:3529202 [2]:151 [3]:358
[0]:28286085 [1]:3559933 [2]:151 [3]:372
[0]:28495196 [1]:3591081 [2]:151 [3]:84
[0]:28699657 [1]:3621426 [2]:151 [3]:357
[0]:28905127 [1]:3651924 [2]:151 [3]:370
[0]:29110044 [1]:3682403 [2]:151 [3]:362
[0]:29322791 [1]:3714096 [2]:151 [3]:359
[0]:29539961 [1]:3746363 [2]:151 [3]:75
[0]:29799048 [1]:3784864 [2]:151 [3]:368
[0]:30020146 [1]:3817665 [2]:151 [3]:363
