[0]:733903117 [1]:733903126 [2]:0 [3]:10
[0]:735247664 [1]:735247664 [2]:0 [3]:55
[0]:736524594 [1]:736524596 [2]:0 [3]:10
[0]:737809710 [1]:737809728 [2]:0 [3]:15
[0]:739087764 [1]:739087769 [2]:0 [3]:9
[0]:740326106 [1]:740326107 [2]:0 [3]:10
[0]:741567648 [1]:741567653 [2]:0 [3]:15
[0]:742826267 [1]:742826272 [2]:0 [3]:13
[0]:744080351 [1]:744080356 [2]:0 [3]:11
[0]:745230046 [1]:745230046 [2]:0 [3]:59
[0]:746360591 [1]:746360600 [2]:0 [3]:17
[0]:747492034 [1]:747492035 [2]:0 [3]:55
[0]:748671532 [1]:748671539 [2]:0 [3]:52
[0]:749872423 [1]:749872423 [2]:0 [3]:12
[0]:750984733 [1]:750984738 [2]:0 [3]:18
[0]:752104757 [1]:752104759 [2]:0 [3]:51
[0]:753236105 [1]:753236110 [2]:0 [3]:14
[0]:754363681 [1]:754363685 [2]:0 [3]:9
[0]:755660165 [1]:755660165 [2]:0 [3]:17
[0]:756796922 [1]:756796942 [2]:0 [3]:23
[0]:757951662 [1]:757951665 [2]:0 [3]:52
[0]:759181520 [1]:759181533 [2]:0 [3]:12
[0]:760379448 [1]:760379451 [2]:0 [3]:17
[0]:761655399 [1]:761655401 [2]:0 [3]:51
[0]:763246725 [1]:763246777 [2]:0 [3]:51
[0]:764598311 [1]:764598330 [2]:0 [3]:18
[0]:765929256 [1]:765929264 [2]:0 [3]:16
[0]:767134023 [1]:767134044 [2]:0 [3]:17
[0]:768304186 [1]:768304186 [2]:0 [3]:16
[0]:769404743 [1]:769404749 [2]:0 [3]:15
[0]:770547082 [1]:770547082 [2]:0 [3]:48
[0]:771987100 [1]:771987106 [2]:0 [3]:57
[0]:773152435 [1]:773152437 [2]:0 [3]:18
[0]:774282173 [1]:774282181 [2]:0 [3]:17
[0]:775460827 [1]:775460829 [2]:0 [3]:48
[0]:776687986 [1]:776687986 [2]:0 [3]:52
[0]:777849130 [1]:777849129 [2]:0 [3]:53
[0]:779028527 [1]:779028551 [2]:0 [3]:52
[0]:780181652 [1]:780181657 [2]:0 [3]:16
[0]:781336757 [1]:781336764 [2]:0 [3]:19
[0]:783016599 [1]:783016604 [2]:0 [3]:52
[0]:784417174 [1]:784417176 [2]:0 [3]:17
[0]:785800644 [1]:785800646 [2]:0 [3]:22
[0]:787131650 [1]:787131744 [2]:0 [3]:54
[0]:788475628 [1]:788475626 [2]:0 [3]:21
[0]:789837457 [1]:789837469 [2]:0 [3]:8
[0]:791361025 [1]:791361027 [2]:0 [3]:11
[0]:792625140 [1]:792625141 [2]:0 [3]:10
[0]:793872938 [1]:793872957 [2]:0 [3]:18
[0]:795185024 [1]:795185032 [2]:0 [3]:12
[0]:796462401 [1]:796462401 [2]:0 [3]:18
[0]:798352610 [1]:798352664 [2]:0 [3]:56
[0]:800003761 [1]:800003773 [2]:0 [3]:52
[0]:801332789 [1]:801332789 [2]:0 [3]:11
[0]:802637202 [1]:802637202 [2]:0 [3]:19
[0]:803865605 [1]:803865635 [2]:0 [3]:15
[0]:805190948 [1]:805190949 [2]:0 [3]:18
[0]:806502803 [1]:806502804 [2]:0 [3]:62
[0]:807799358 [1]:807799360 [2]:0 [3]:22
[0]:808974328 [1]:808974328 [2]:0 [3]:16
[0]:810128050 [1]:810128052 [2]:0 [3]:18
[0]:811312266 [1]:811312273 [2]:0 [3]:45
[0]:812429785 [1]:812429788 [2]:0 [3]:15
[0]:813648807 [1]:813648826 [2]:0 [3]:19
[0]:814745653 [1]:814745659 [2]:0 [3]:50
[0]:815911820 [1]:815911820 [2]:0 [3]:56
[0]:817065423 [1]:817065425 [2]:0 [3]:17
[0]:818220383 [1]:818220388 [2]:0 [3]:18
[0]:819400000 [1]:819400000 [2]:0 [3]:14
[0]:820556791 [1]:820556799 [2]:0 [3]:11
[0]:821715230 [1]:821715233 [2]:0 [3]:16
[0]:822917835 [1]:822917842 [2]:0 [3]:16
[0]:824064390 [1]:824064415 [2]:0 [3]:16
[0]:825168713 [1]:825168716 [2]:0 [3]:50
[0]:826568048 [1]:826568057 [2]:0 [3]:49
[0]:827977549 [1]:827977549 [2]:0 [3]:61
[0]:829223485 [1]:829223489 [2]:0 [3]:17
[0]:830430283 [1]:830430297 [2]:0 [3]:20
[0]:831663064 [1]:831663073 [2]:0 [3]:15
[0]:833029201 [1]:833029198 [2]:0 [3]:18
[0]:834160703 [1]:834160704 [2]:0 [3]:51
[0]:835264733 [1]:835264739 [2]:0 [3]:19
[0]:836378234 [1]:836378238 [2]:0 [3]:21
[0]:837547833 [1]:837547833 [2]:0 [3]:7
[0]:838851622 [1]:838851630 [2]:0 [3]:23
[0]:840182528 [1]:840182540 [2]:0 [3]:23
[0]:841351546 [1]:841351558 [2]:0 [3]:19
[0]:842489742 [1]:842489757 [2]:0 [3]:18
[0]:843618876 [1]:843618880 [2]:0 [3]:17
[0]:844772766 [1]:844772766 [2]:0 [3]:60
[0]:845927647 [1]:845927654 [2]:0 [3]:16
[0]:847513322 [1]:847513328 [2]:0 [3]:20
[0]:848901834 [1]:848901834 [2]:0 [3]:17
[0]:850318203 [1]:850318203 [2]:0 [3]:55
[0]:851555555 [1]:851555606 [2]:0 [3]:10
[0]:852801227 [1]:852801228 [2]:0 [3]:54
[0]:854090959 [1]:854090959 [2]:0 [3]:24
[0]:855410129 [1]:855410127 [2]:0 [3]:61
[0]:856715789 [1]:856715828 [2]:0 [3]:18
[0]:858141992 [1]:858142004 [2]:0 [3]:53
[0]:859424900 [1]:859424902 [2]:0 [3]:51
[0]:860729423 [1]:860729429 [2]:0 [3]:16
[0]:862060830 [1]:862060840 [2]:0 [3]:15
[0]:863341811 [1]:863341824 [2]:0 [3]:8
[0]:864623968 [1]:864623971 [2]:0 [3]:17
[0]:865897172 [1]:865897172 [2]:0 [3]:48
[0]:867207044 [1]:867207076 [2]:0 [3]:59
[0]:868538472 [1]:868538473 [2]:0 [3]:17
[0]:869780454 [1]:869780465 [2]:0 [3]:55
[0]:871046041 [1]:871046069 [2]:0 [3]:18
[0]:872328910 [1]:872328913 [2]:0 [3]:21
[0]:873481208 [1]:873481217 [2]:0 [3]:12
[0]:874659333 [1]:874659351 [2]:0 [3]:15
[0]:875773825 [1]:875773826 [2]:0 [3]:19
[0]:877187322 [1]:877187344 [2]:0 [3]:17
[0]:878374778 [1]:878374778 [2]:0 [3]:56
[0]:879504387 [1]:879504387 [2]:0 [3]:14
[0]:880658284 [1]:880658317 [2]:0 [3]:11
[0]:881807890 [1]:881807888 [2]:0 [3]:16
[0]:882967090 [1]:882967099 [2]:0 [3]:50
[0]:884105267 [1]:884105312 [2]:0 [3]:14
[0]:885298703 [1]:885298704 [2]:0 [3]:14
[0]:886507305 [1]:886507310 [2]:0 [3]:15
[0]:887690002 [1]:887690002 [2]:0 [3]:51
[0]:888824629 [1]:888824635 [2]:0 [3]:18
[0]:890113848 [1]:890113865 [2]:0 [3]:47
[0]:891551546 [1]:891551556 [2]:0 [3]:17
[0]:892830528 [1]:892830538 [2]:0 [3]:50
[0]:894237854 [1]:894237854 [2]:0 [3]:20
[0]:895443745 [1]:895443745 [2]:0 [3]:12
[0]:896597050 [1]:896597052 [2]:0 [3]:18
[0]:897806489 [1]:897806492 [2]:0 [3]:56
[0]:898930820 [1]:898930836 [2]:0 [3]:18
[0]:900060243 [1]:900060246 [2]:0 [3]:15
[0]:901283459 [1]:901283461 [2]:0 [3]:16
[0]:902659470 [1]:902659482 [2]:0 [3]:17
[0]:903788008 [1]:903788009 [2]:0 [3]:7
[0]:904928396 [1]:904928408 [2]:0 [3]:22
[0]:906080497 [1]:906080497 [2]:0 [3]:17
[0]:907211263 [1]:907211265 [2]:0 [3]:20
[0]:908390523 [1]:908390523 [2]:0 [3]:49
[0]:909618424 [1]:909618424 [2]:0 [3]:20
[0]:910926733 [1]:910926733 [2]:0 [3]:12
[0]:912509741 [1]:912509743 [2]:0 [3]:18
[0]:914068473 [1]:914068476 [2]:0 [3]:17
[0]:915432282 [1]:915432283 [2]:0 [3]:55
[0]:916848156 [1]:916848163 [2]:0 [3]:12
[0]:918175554 [1]:918175559 [2]:0 [3]:62
[0]:919458313 [1]:919458319 [2]:0 [3]:52
[0]:920813874 [1]:920813881 [2]:0 [3]:49
[0]:922067876 [1]:922067882 [2]:0 [3]:50
[0]:923308283 [1]:923308283 [2]:0 [3]:18
[0]:924553708 [1]:924553708 [2]:0 [3]:14
[0]:926024059 [1]:926024081 [2]:0 [3]:16
[0]:927289132 [1]:927289129 [2]:0 [3]:14
[0]:928570158 [1]:928570163 [2]:0 [3]:54
[0]:929799310 [1]:929799313 [2]:0 [3]:18
[0]:931102721 [1]:931102729 [2]:0 [3]:13
[0]:932399069 [1]:932399070 [2]:0 [3]:17
[0]:933755640 [1]:933755656 [2]:0 [3]:60
[0]:935071519 [1]:935071520 [2]:0 [3]:17
[0]:936327748 [1]:936327751 [2]:0 [3]:15
[0]:937778703 [1]:937778713 [2]:0 [3]:16
[0]:938892669 [1]:938892699 [2]:0 [3]:18
[0]:940190648 [1]:940190652 [2]:0 [3]:48
[0]:941370091 [1]:941370097 [2]:0 [3]:14
[0]:942522455 [1]:942522455 [2]:0 [3]:21
[0]:943703865 [1]:943703865 [2]:0 [3]:60
[0]:944856507 [1]:944856596 [2]:0 [3]:12
[0]:946011949 [1]:946011970 [2]:0 [3]:19
[0]:947191654 [1]:947191656 [2]:0 [3]:58
[0]:948316324 [1]:948316324 [2]:0 [3]:54
[0]:949491328 [1]:949491329 [2]:0 [3]:8
[0]:950681549 [1]:950681552 [2]:0 [3]:52
[0]:951814640 [1]:951814640 [2]:0 [3]:14
[0]:952921873 [1]:952921868 [2]:0 [3]:19
[0]:954225751 [1]:954225776 [2]:0 [3]:54
[0]:955674232 [1]:955674234 [2]:0 [3]:16
[0]:957147622 [1]:957147622 [2]:0 [3]:21
[0]:958363363 [1]:958363364 [2]:0 [3]:15
[0]:959467040 [1]:959467039 [2]:0 [3]:14
[0]:960796121 [1]:960796123 [2]:0 [3]:18
[0]:961941878 [1]:961941879 [2]:0 [3]:22
[0]:963052171 [1]:963052173 [2]:0 [3]:22
[0]:964176526 [1]:964176526 [2]:0 [3]:15
[0]:965356879 [1]:965356883 [2]:0 [3]:11
[0]:966610311 [1]:966610316 [2]:0 [3]:19
[0]:967772452 [1]:967772462 [2]:0 [3]:11
[0]:968953298 [1]:968953301 [2]:0 [3]:58
[0]:970077235 [1]:970077231 [2]:0 [3]:18
[0]:971229024 [1]:971229032 [2]:0 [3]:9
[0]:972460527 [1]:972460540 [2]:0 [3]:15
[0]:973610833 [1]:973610836 [2]:0 [3]:56
[0]:974795834 [1]:974795836 [2]:0 [3]:18
[0]:976229091 [1]:976229119 [2]:0 [3]:48
[0]:977631969 [1]:977631971 [2]:0 [3]:10
[0]:979322975 [1]:979322983 [2]:0 [3]:59
[0]:980553716 [1]:980553716 [2]:0 [3]:16
[0]:981844751 [1]:981844754 [2]:0 [3]:11
[0]:983118482 [1]:983118482 [2]:0 [3]:56
[0]:984412094 [1]:984412095 [2]:0 [3]:17
[0]:985662020 [1]:985662021 [2]:0 [3]:10
[0]:986893797 [1]:986893811 [2]:0 [3]:19
[0]:988222751 [1]:988222770 [2]:0 [3]:15
[0]:989501786 [1]:989501793 [2]:0 [3]:14
[0]:990806242 [1]:990806252 [2]:0 [3]:60
[0]:992387596 [1]:992387638 [2]:0 [3]:16
[0]:993657935 [1]:993657941 [2]:0 [3]:17
[0]:994921161 [1]:994921181 [2]:0 [3]:50
[0]:996158964 [1]:996158968 [2]:0 [3]:15
