[0]:997373963 [1]:997373966 [2]:0 [3]:53
[0]:998644418 [1]:998644418 [2]:0 [3]:11
[0]:999799539 [1]:999799574 [2]:0 [3]:12
[0]:1000911516 [1]:1000911527 [2]:0 [3]:50
[0]:1001991735 [1]:1001991740 [2]:0 [3]:12
[0]:1003062535 [1]:1003062545 [2]:0 [3]:57
[0]:1004111001 [1]:1004110995 [2]:0 [3]:11
[0]:1005199516 [1]:1005199515 [2]:0 [3]:15
[0]:1006226523 [1]:1006226526 [2]:0 [3]:11
[0]:1007301624 [1]:1007301643 [2]:0 [3]:10
[0]:1008409262 [1]:1008409275 [2]:0 [3]:49
[0]:1009461390 [1]:1009461392 [2]:0 [3]:15
[0]:1010486160 [1]:1010486170 [2]:0 [3]:12
[0]:1011472089 [1]:1011472089 [2]:0 [3]:5
[0]:1012518474 [1]:1012518520 [2]:0 [3]:15
[0]:1013570415 [1]:1013570415 [2]:0 [3]:14
[0]:1014590537 [1]:1014590538 [2]:0 [3]:49
[0]:1015628033 [1]:1015628033 [2]:0 [3]:57
[0]:1016832912 [1]:1016832914 [2]:0 [3]:13
[0]:1018141190 [1]:1018141196 [2]:0 [3]:13
[0]:1019374957 [1]:1019374964 [2]:0 [3]:54
[0]:1020434350 [1]:1020434351 [2]:0 [3]:15
[0]:1021461870 [1]:1021461870 [2]:0 [3]:52
[0]:1022497503 [1]:1022497511 [2]:0 [3]:47
[0]:1023559873 [1]:1023559873 [2]:0 [3]:48
[0]:1024641238 [1]:1024641303 [2]:0 [3]:9
[0]:1025693296 [1]:1025693292 [2]:0 [3]:9
[0]:1026713920 [1]:1026713929 [2]:0 [3]:9
[0]:1027772174 [1]:1027772183 [2]:0 [3]:54
[0]:1028970625 [1]:1028970624 [2]:0 [3]:13
[0]:1029970682 [1]:1029970685 [2]:0 [3]:14
[0]:1031000716 [1]:1031000733 [2]:0 [3]:52
[0]:1032022145 [1]:1032022146 [2]:0 [3]:10
[0]:1033047116 [1]:1033047116 [2]:0 [3]:50
[0]:1034085025 [1]:1034085025 [2]:0 [3]:57
[0]:1035418953 [1]:1035418953 [2]:0 [3]:53
[0]:1036666749 [1]:1036666749 [2]:0 [3]:12
[0]:1038023468 [1]:1038023463 [2]:0 [3]:15
[0]:1039342963 [1]:1039342981 [2]:0 [3]:48
[0]:1040610729 [1]:1040610729 [2]:0 [3]:55
[0]:1041884996 [1]:1041884996 [2]:0 [3]:12
[0]:1043184513 [1]:1043184526 [2]:0 [3]:55
[0]:1044384433 [1]:1044384439 [2]:0 [3]:15
[0]:1045519906 [1]:1045519908 [2]:0 [3]:50
[0]:1046721574 [1]:1046721579 [2]:0 [3]:15
[0]:1047906805 [1]:1047906808 [2]:0 [3]:47
[0]:1049107005 [1]:1049107008 [2]:0 [3]:11
[0]:1050281462 [1]:1050281462 [2]:0 [3]:10
[0]:1051505809 [1]:1051505816 [2]:0 [3]:13
[0]:1052681057 [1]:1052681058 [2]:0 [3]:49
[0]:1053812308 [1]:1053812308 [2]:0 [3]:14
[0]:1055034761 [1]:1055034761 [2]:0 [3]:49
[0]:1056227171 [1]:1056227177 [2]:0 [3]:13
[0]:1057373470 [1]:1057373474 [2]:0 [3]:13
[0]:1058681113 [1]:1058681113 [2]:0 [3]:55
[0]:1059737064 [1]:1059737062 [2]:0 [3]:10
[0]:1060825077 [1]:1060825082 [2]:0 [3]:9
[0]:1061819460 [1]:1061819474 [2]:0 [3]:51
[0]:1062880378 [1]:1062880381 [2]:0 [3]:9
[0]:1063928511 [1]:1063928511 [2]:0 [3]:10
[0]:1065003178 [1]:1065003180 [2]:0 [3]:13
[0]:1066050434 [1]:1066050441 [2]:0 [3]:6
[0]:1067106804 [1]:1067106810 [2]:0 [3]:10
[0]:1068189030 [1]:1068189031 [2]:0 [3]:16
[0]:1069208024 [1]:1069208080 [2]:0 [3]:14
[0]:1070259183 [1]:1070259185 [2]:0 [3]:13
[0]:1071293647 [1]:1071293652 [2]:0 [3]:58
[0]:1072405316 [1]:1072405325 [2]:0 [3]:13
[0]:1073433530 [1]:1073433543 [2]:0 [3]:15
[0]:1074522129 [1]:1074522135 [2]:0 [3]:12
[0]:1075795032 [1]:1075795041 [2]:0 [3]:17
[0]:1077130619 [1]:1077130635 [2]:0 [3]:8
[0]:1078373809 [1]:1078373809 [2]:0 [3]:15
[0]:1079475429 [1]:1079475430 [2]:0 [3]:11
[0]:1080589907 [1]:1080589908 [2]:0 [3]:46
[0]:1081637748 [1]:1081637748 [2]:0 [3]:12
[0]:1082639562 [1]:1082639614 [2]:0 [3]:6
[0]:1083608167 [1]:1083608172 [2]:0 [3]:15
[0]:1084791786 [1]:1084791798 [2]:0 [3]:14
[0]:1085834363 [1]:1085834363 [2]:0 [3]:55
[0]:1086889231 [1]:1086889231 [2]:0 [3]:47
[0]:1087980449 [1]:1087980450 [2]:0 [3]:24
[0]:1089377683 [1]:1089377703 [2]:0 [3]:10
[0]:1090404065 [1]:1090404065 [2]:0 [3]:51
[0]:1091429629 [1]:1091429679 [2]:0 [3]:53
[0]:1092592291 [1]:1092592297 [2]:0 [3]:49
[0]:1093745336 [1]:1093745345 [2]:0 [3]:9
[0]:1095186370 [1]:1095186405 [2]:0 [3]:15
[0]:1096414914 [1]:1096414915 [2]:0 [3]:10
[0]:1097674634 [1]:1097674648 [2]:0 [3]:49
[0]:1098867352 [1]:1098867359 [2]:0 [3]:14
[0]:1100125204 [1]:1100125206 [2]:0 [3]:13
[0]:1101249346 [1]:1101249368 [2]:0 [3]:11
[0]:1102413470 [1]:1102413470 [2]:0 [3]:47
[0]:1103533939 [1]:1103533939 [2]:0 [3]:9
[0]:1104698047 [1]:1104698047 [2]:0 [3]:50
[0]:1105887369 [1]:1105887379 [2]:0 [3]:50
[0]:1107056704 [1]:1107056710 [2]:0 [3]:12
[0]:1108198474 [1]:1108198492 [2]:0 [3]:13
[0]:1109394052 [1]:1109394065 [2]:0 [3]:13
[0]:1110542466 [1]:1110542469 [2]:0 [3]:37
[0]:1111703823 [1]:1111703830 [2]:0 [3]:11
[0]:1112927874 [1]:1112927874 [2]:0 [3]:11
[0]:1114092254 [1]:1114092285 [2]:0 [3]:14
[0]:1115291856 [1]:1115291856 [2]:0 [3]:18
[0]:1116516432 [1]:1116516437 [2]:0 [3]:13
[0]:1117580491 [1]:1117580492 [2]:0 [3]:9
[0]:1118729011 [1]:1118729013 [2]:0 [3]:15
[0]:1119769194 [1]:1119769196 [2]:0 [3]:27
[0]:1120985523 [1]:1120985527 [2]:0 [3]:10
[0]:1122157231 [1]:1122157233 [2]:0 [3]:11
[0]:1123294041 [1]:1123294044 [2]:0 [3]:15
[0]:1124295688 [1]:1124295691 [2]:0 [3]:51
[0]:1125304005 [1]:1125304005 [2]:0 [3]:15
[0]:1126369574 [1]:1126369585 [2]:0 [3]:9
[0]:1127533578 [1]:1127533582 [2]:0 [3]:10
[0]:1128570352 [1]:1128570353 [2]:0 [3]:12
[0]:1129633938 [1]:1129633957 [2]:0 [3]:33
[0]:1130672671 [1]:1130672672 [2]:0 [3]:14
[0]:1131748467 [1]:1131748472 [2]:0 [3]:14
[0]:1132958239 [1]:1132958246 [2]:0 [3]:12
[0]:1134272239 [1]:1134272239 [2]:0 [3]:45
[0]:1135523647 [1]:1135523650 [2]:0 [3]:7
[0]:1136694832 [1]:1136694833 [2]:0 [3]:48
[0]:1137813341 [1]:1137813342 [2]:0 [3]:13
[0]:1138898217 [1]:1138898211 [2]:0 [3]:12
[0]:1139909932 [1]:1139909927 [2]:0 [3]:8
[0]:1140944492 [1]:1140944492 [2]:0 [3]:20
[0]:1141995264 [1]:1141995277 [2]:0 [3]:15
[0]:1143054421 [1]:1143054422 [2]:0 [3]:13
[0]:1144081157 [1]:1144081157 [2]:0 [3]:52
[0]:1145116137 [1]:1145116137 [2]:0 [3]:53
[0]:1146194380 [1]:1146194391 [2]:0 [3]:12
[0]:1147426945 [1]:1147426945 [2]:0 [3]:48
[0]:1148448123 [1]:1148448120 [2]:0 [3]:45
[0]:1149435393 [1]:1149435394 [2]:0 [3]:15
[0]:1150543081 [1]:1150543090 [2]:0 [3]:53
[0]:1151713377 [1]:1151713377 [2]:0 [3]:58
[0]:1153066810 [1]:1153066814 [2]:0 [3]:11
[0]:1154347291 [1]:1154347293 [2]:0 [3]:15
[0]:1155532775 [1]:1155532777 [2]:0 [3]:11
[0]:1156711569 [1]:1156711596 [2]:0 [3]:15
[0]:1157908265 [1]:1157908265 [2]:0 [3]:17
[0]:1159022180 [1]:1159022180 [2]:0 [3]:8
[0]:1160167041 [1]:1160167041 [2]:0 [3]:49
[0]:1161342450 [1]:1161342458 [2]:0 [3]:12
[0]:1162524996 [1]:1162525090 [2]:0 [3]:6
[0]:1163763598 [1]:1163763598 [2]:0 [3]:49
[0]:1164880559 [1]:1164880561 [2]:0 [3]:13
[0]:1165993717 [1]:1165993717 [2]:0 [3]:48
[0]:1167117190 [1]:1167117195 [2]:0 [3]:45
[0]:1168223900 [1]:1168223903 [2]:0 [3]:10
[0]:1169405704 [1]:1169405710 [2]:0 [3]:10
[0]:1170568684 [1]:1170568693 [2]:0 [3]:15
[0]:1171750552 [1]:1171750558 [2]:0 [3]:14
[0]:1172949353 [1]:1172949353 [2]:0 [3]:44
[0]:1174116626 [1]:1174116627 [2]:0 [3]:49
[0]:1175234200 [1]:1175234201 [2]:0 [3]:50
[0]:1176256509 [1]:1176256519 [2]:0 [3]:12
[0]:1177292325 [1]:1177292331 [2]:0 [3]:11
[0]:1178657192 [1]:1178657195 [2]:0 [3]:20
[0]:1179664241 [1]:1179664313 [2]:0 [3]:32
[0]:1180730684 [1]:1180730725 [2]:0 [3]:7
[0]:1181776479 [1]:1181776484 [2]:0 [3]:13
[0]:1182811745 [1]:1182811745 [2]:0 [3]:51
[0]:1184028901 [1]:1184028908 [2]:0 [3]:7
[0]:1185087547 [1]:1185087560 [2]:0 [3]:13
[0]:1186101450 [1]:1186101459 [2]:0 [3]:54
[0]:1187127740 [1]:1187127737 [2]:0 [3]:47
[0]:1188166913 [1]:1188166913 [2]:0 [3]:13
[0]:1189404798 [1]:1189404818 [2]:0 [3]:12
[0]:1190452533 [1]:1190452552 [2]:0 [3]:49
[0]:1191704667 [1]:1191704673 [2]:0 [3]:7
[0]:1192980912 [1]:1192980922 [2]:0 [3]:11
[0]:1194131030 [1]:1194131030 [2]:0 [3]:49
[0]:1195214703 [1]:1195214761 [2]:0 [3]:6
[0]:1196288316 [1]:1196288316 [2]:0 [3]:47
[0]:1197280713 [1]:1197280713 [2]:0 [3]:10
[0]:1198309563 [1]:1198309575 [2]:0 [3]:9
[0]:1199343486 [1]:1199343489 [2]:0 [3]:47
[0]:1200363211 [1]:1200363216 [2]:0 [3]:14
[0]:1201560966 [1]:1201560997 [2]:0 [3]:7
[0]:1202612882 [1]:1202612875 [2]:0 [3]:16
[0]:1203698644 [1]:1203698649 [2]:0 [3]:11
[0]:1204968183 [1]:1204968183 [2]:0 [3]:16
[0]:1206002763 [1]:1206002762 [2]:0 [3]:27
[0]:1207033202 [1]:1207033206 [2]:0 [3]:49
[0]:1208068446 [1]:1208068453 [2]:0 [3]:10
[0]:1209095813 [1]:1209095817 [2]:0 [3]:46
[0]:1210387466 [1]:1210387471 [2]:0 [3]:9
[0]:1211864525 [1]:1211864544 [2]:0 [3]:10
[0]:1213089740 [1]:1213089750 [2]:0 [3]:9
[0]:1214261678 [1]:1214261683 [2]:0 [3]:13
[0]:1215457780 [1]:1215457782 [2]:0 [3]:15
[0]:1216633524 [1]:1216633532 [2]:0 [3]:50
[0]:1217873368 [1]:1217873363 [2]:0 [3]:11
[0]:1219057710 [1]:1219057711 [2]:0 [3]:13
[0]:1220194406 [1]:1220194436 [2]:0 [3]:33
[0]:1221333291 [1]:1221333292 [2]:0 [3]:13
[0]:1222486577 [1]:1222486577 [2]:0 [3]:11
[0]:1223625281 [1]:1223625282 [2]:0 [3]:13
[0]:1224808046 [1]:1224808061 [2]:0 [3]:9
[0]:1225956516 [1]:1225956520 [2]:0 [3]:13
[0]:1227156351 [1]:1227156362 [2]:0 [3]:37
[0]:1228503051 [1]:1228503061 [2]:0 [3]:47
[0]:1229710018 [1]:1229710018 [2]:0 [3]:13
[0]:1230865193 [1]:1230865214 [2]:0 [3]:11
[0]:1231992146 [1]:1231992157 [2]:0 [3]:9
[0]:1233125955 [1]:1233125956 [2]:0 [3]:7
[0]:1234163253 [1]:1234163254 [2]:0 [3]:15
[0]:1235214269 [1]:1235214273 [2]:0 [3]:11
[0]:1236276079 [1]:1236276091 [2]:0 [3]:16
[0]:1237299405 [1]:1237299402 [2]:0 [3]:47
[0]:1238365961 [1]:1238365964 [2]:0 [3]:12
[0]:1239428635 [1]:1239428638 [2]:0 [3]:33
[0]:1240238407 [1]:1240238407 [2]:0 [3]:54
[0]:1240238407 [1]:1240238407 [2]:0 [3]:54
[0]:1240238407 [1]:1240238407 [2]:0 [3]:54
[0]:1240238407 [1]:1240238407 [2]:0 [3]:54
[0]:1240238407 [1]:1240238407 [2]:0 [3]:54
[0]:1240238407 [1]:1240238407 [2]:0 [3]:54
[0]:1240238407 [1]:1240238407 [2]:0 [3]:54
[0]:1240238407 [1]:1240238407 [2]:0 [3]:54
[0]:1240238407 [1]:1240238407 [2]:0 [3]:54
[0]:1240238407 [1]:1240238407 [2]:0 [3]:54
