[0]:38664283 [1]:9446137 [2]:0 [3]:363
[0]:38867938 [1]:9481412 [2]:0 [3]:356
[0]:39076265 [1]:9514725 [2]:0 [3]:368
[0]:39278129 [1]:9547008 [2]:0 [3]:372
[0]:39479188 [1]:9579038 [2]:0 [3]:372
[0]:39727032 [1]:9618547 [2]:0 [3]:367
[0]:39934753 [1]:9651712 [2]:0 [3]:362
[0]:40138252 [1]:9684180 [2]:0 [3]:373
[0]:40345037 [1]:9717180 [2]:0 [3]:362
[0]:40552623 [1]:9750356 [2]:0 [3]:368
[0]:40756762 [1]:9782896 [2]:0 [3]:369
[0]:40966721 [1]:9816494 [2]:0 [3]:355
[0]:41171879 [1]:9849210 [2]:0 [3]:358
[0]:41381048 [1]:9882685 [2]:0 [3]:369
[0]:41593905 [1]:9916600 [2]:0 [3]:369
[0]:41807264 [1]:9950558 [2]:0 [3]:70
[0]:42012297 [1]:9983190 [2]:0 [3]:72
[0]:42244427 [1]:10020159 [2]:0 [3]:367
[0]:42458125 [1]:10054357 [2]:0 [3]:366
[0]:42661214 [1]:10086765 [2]:0 [3]:353
[0]:42876403 [1]:10121034 [2]:0 [3]:82
[0]:43089454 [1]:10155012 [2]:0 [3]:363
[0]:43296768 [1]:10188084 [2]:0 [3]:361
[0]:43523477 [1]:10224241 [2]:0 [3]:82
[0]:43732592 [1]:10257562 [2]:0 [3]:360
[0]:43941170 [1]:10290778 [2]:0 [3]:365
[0]:44139063 [1]:10322351 [2]:0 [3]:370
[0]:44343962 [1]:10355045 [2]:0 [3]:363
[0]:44616411 [1]:10398610 [2]:0 [3]:369
[0]:44813444 [1]:10430090 [2]:0 [3]:357
[0]:45022438 [1]:10463477 [2]:0 [3]:364
[0]:45227569 [1]:10496308 [2]:0 [3]:361
[0]:45456036 [1]:10532775 [2]:0 [3]:360
[0]:45655932 [1]:10564655 [2]:0 [3]:371
[0]:45863096 [1]:10597711 [2]:0 [3]:366
[0]:46074604 [1]:10631490 [2]:0 [3]:372
[0]:46296907 [1]:10667001 [2]:0 [3]:367
[0]:46509860 [1]:10701066 [2]:0 [3]:365
[0]:46714883 [1]:10733874 [2]:0 [3]:362
[0]:46920316 [1]:10766618 [2]:0 [3]:362
[0]:47125504 [1]:10799361 [2]:0 [3]:361
[0]:47337957 [1]:10833255 [2]:0 [3]:364
[0]:47547037 [1]:10866578 [2]:0 [3]:361
[0]:47748719 [1]:10898835 [2]:0 [3]:376
[0]:47953115 [1]:10931460 [2]:0 [3]:368
[0]:48206140 [1]:10971900 [2]:0 [3]:358
[0]:48415473 [1]:11005336 [2]:0 [3]:72
[0]:48616023 [1]:11037367 [2]:0 [3]:365
[0]:48839563 [1]:11072928 [2]:0 [3]:357
[0]:49046784 [1]:11105966 [2]:0 [3]:364
[0]:49249841 [1]:11138359 [2]:0 [3]:361
[0]:49452707 [1]:11170715 [2]:0 [3]:364
[0]:49658315 [1]:11203545 [2]:0 [3]:368
[0]:49870371 [1]:11237403 [2]:0 [3]:356
[0]:50068488 [1]:11269003 [2]:0 [3]:356
[0]:50281292 [1]:11302998 [2]:0 [3]:363
[0]:50482722 [1]:11335194 [2]:0 [3]:78
[0]:50685538 [1]:11367477 [2]:0 [3]:362
[0]:50905029 [1]:11402504 [2]:0 [3]:80
[0]:51117926 [1]:11436464 [2]:0 [3]:360
[0]:51373911 [1]:11477273 [2]:0 [3]:370
[0]:51575848 [1]:11509378 [2]:0 [3]:361
[0]:51790154 [1]:11543585 [2]:0 [3]:356
[0]:51994022 [1]:11576107 [2]:0 [3]:363
[0]:52235117 [1]:11614621 [2]:0 [3]:369
[0]:52471425 [1]:11652404 [2]:0 [3]:88
[0]:52706064 [1]:11689885 [2]:0 [3]:371
[0]:52917159 [1]:11723653 [2]:0 [3]:365
[0]:53119664 [1]:11756132 [2]:0 [3]:368
[0]:53325155 [1]:11789002 [2]:0 [3]:365
[0]:53541585 [1]:11823545 [2]:0 [3]:369
[0]:53756066 [1]:11857693 [2]:0 [3]:361
[0]:53974727 [1]:11892617 [2]:0 [3]:374
[0]:54183493 [1]:11925995 [2]:0 [3]:369
[0]:54400527 [1]:11960585 [2]:0 [3]:358
[0]:54605429 [1]:11993388 [2]:0 [3]:366
[0]:54805911 [1]:12025331 [2]:0 [3]:363
[0]:55014878 [1]:12058618 [2]:0 [3]:372
[0]:55229483 [1]:12092882 [2]:0 [3]:365
[0]:55465963 [1]:12130601 [2]:0 [3]:374
[0]:55671071 [1]:12163253 [2]:0 [3]:364
[0]:55869496 [1]:12194999 [2]:0 [3]:355
[0]:56071859 [1]:12227186 [2]:0 [3]:359
[0]:56274512 [1]:12259508 [2]:0 [3]:360
[0]:56501294 [1]:12295672 [2]:0 [3]:363
[0]:56712321 [1]:12329270 [2]:0 [3]:370
[0]:56925885 [1]:12363281 [2]:0 [3]:365
[0]:57130523 [1]:12395909 [2]:0 [3]:365
[0]:57347240 [1]:12430447 [2]:0 [3]:363
[0]:57561629 [1]:12464647 [2]:0 [3]:360
[0]:57770042 [1]:12497897 [2]:0 [3]:369
[0]:57983125 [1]:12531916 [2]:0 [3]:70
[0]:58184090 [1]:12563965 [2]:0 [3]:368
[0]:58393314 [1]:12597318 [2]:0 [3]:367
[0]:58590460 [1]:12628731 [2]:0 [3]:359
[0]:58799765 [1]:12662145 [2]:0 [3]:360
[0]:59016838 [1]:12696745 [2]:0 [3]:368
[0]:59250464 [1]:12734089 [2]:0 [3]:354
[0]:59466515 [1]:12768621 [2]:0 [3]:365
[0]:59658213 [1]:12799144 [2]:0 [3]:365
[0]:59860271 [1]:12831416 [2]:0 [3]:365
[0]:60069360 [1]:12864737 [2]:0 [3]:354
[0]:60290965 [1]:12900147 [2]:0 [3]:371
[0]:60499735 [1]:12933508 [2]:0 [3]:368
[0]:60705535 [1]:12966219 [2]:0 [3]:367
[0]:60912981 [1]:12999301 [2]:0 [3]:362
[0]:61127562 [1]:13033542 [2]:0 [3]:372
[0]:61327426 [1]:13065471 [2]:0 [3]:364
[0]:61534050 [1]:13098358 [2]:0 [3]:366
[0]:61735208 [1]:13130420 [2]:0 [3]:358
[0]:61952279 [1]:13165083 [2]:0 [3]:362
[0]:62163993 [1]:13198858 [2]:0 [3]:360
[0]:62366498 [1]:13231166 [2]:0 [3]:365
[0]:62567837 [1]:13263228 [2]:0 [3]:371
[0]:62775198 [1]:13296298 [2]:0 [3]:75
[0]:62969948 [1]:13327270 [2]:0 [3]:356
[0]:63179426 [1]:13360687 [2]:0 [3]:365
[0]:63404245 [1]:13396640 [2]:0 [3]:368
[0]:63609469 [1]:13429291 [2]:0 [3]:362
[0]:63814590 [1]:13462066 [2]:0 [3]:367
[0]:64017750 [1]:13494466 [2]:0 [3]:370
[0]:64226413 [1]:13527831 [2]:0 [3]:363
[0]:64459244 [1]:13565084 [2]:0 [3]:361
[0]:64666916 [1]:13598143 [2]:0 [3]:354
[0]:64877712 [1]:13631715 [2]:0 [3]:369
[0]:65092986 [1]:13666117 [2]:0 [3]:365
[0]:65295370 [1]:13698345 [2]:0 [3]:366
[0]:65495388 [1]:13730178 [2]:0 [3]:364
[0]:65708052 [1]:13764091 [2]:0 [3]:361
[0]:65913566 [1]:13796928 [2]:0 [3]:78
[0]:66114805 [1]:13829012 [2]:0 [3]:356
[0]:66335780 [1]:13864227 [2]:0 [3]:363
[0]:66531688 [1]:13895351 [2]:0 [3]:355
[0]:66730636 [1]:13927045 [2]:0 [3]:367
[0]:66943649 [1]:13961001 [2]:0 [3]:361
[0]:67144785 [1]:13993156 [2]:0 [3]:369
[0]:67377559 [1]:14030304 [2]:0 [3]:365
[0]:67586234 [1]:14063629 [2]:0 [3]:368
[0]:67795390 [1]:14097117 [2]:0 [3]:352
[0]:68008655 [1]:14131201 [2]:0 [3]:365
[0]:68221111 [1]:14165020 [2]:0 [3]:357
[0]:68429380 [1]:14198181 [2]:0 [3]:87
[0]:68626324 [1]:14229637 [2]:0 [3]:364
[0]:68836821 [1]:14263316 [2]:0 [3]:358
[0]:69042294 [1]:14296048 [2]:0 [3]:364
[0]:69254034 [1]:14329914 [2]:0 [3]:77
[0]:69460412 [1]:14362731 [2]:0 [3]:97
[0]:69673756 [1]:14396700 [2]:0 [3]:368
[0]:69907251 [1]:14433966 [2]:0 [3]:358
[0]:70105242 [1]:14465557 [2]:0 [3]:370
[0]:70320367 [1]:14500074 [2]:0 [3]:78
[0]:70529897 [1]:14533531 [2]:0 [3]:364
[0]:70778032 [1]:14573291 [2]:0 [3]:366
[0]:70991123 [1]:14607255 [2]:0 [3]:364
[0]:71223757 [1]:14644425 [2]:0 [3]:375
[0]:71425223 [1]:14676472 [2]:0 [3]:374
[0]:71634339 [1]:14709801 [2]:0 [3]:362
[0]:71858578 [1]:14745566 [2]:0 [3]:368
[0]:72064135 [1]:14778373 [2]:0 [3]:360
[0]:72328132 [1]:14820541 [2]:0 [3]:355
[0]:72547420 [1]:14855511 [2]:0 [3]:360
[0]:72777176 [1]:14892195 [2]:0 [3]:71
[0]:72983585 [1]:14925162 [2]:0 [3]:363
[0]:73192605 [1]:14958567 [2]:0 [3]:84
[0]:73411579 [1]:14993493 [2]:0 [3]:363
[0]:73613554 [1]:15025831 [2]:0 [3]:365
[0]:73855103 [1]:15064312 [2]:0 [3]:80
[0]:74103725 [1]:15103927 [2]:0 [3]:368
[0]:74312629 [1]:15137199 [2]:0 [3]:371
[0]:74519457 [1]:15170087 [2]:0 [3]:368
[0]:74727514 [1]:15203253 [2]:0 [3]:362
[0]:74972231 [1]:15242357 [2]:0 [3]:360
[0]:75184700 [1]:15276247 [2]:0 [3]:363
[0]:75405952 [1]:15311510 [2]:0 [3]:363
[0]:75619129 [1]:15345517 [2]:0 [3]:362
[0]:75832296 [1]:15379516 [2]:0 [3]:364
[0]:76029429 [1]:15410981 [2]:0 [3]:365
[0]:76268573 [1]:15449162 [2]:0 [3]:362
[0]:76471371 [1]:15481457 [2]:0 [3]:371
[0]:76676317 [1]:15514228 [2]:0 [3]:376
[0]:76904893 [1]:15550723 [2]:0 [3]:369
[0]:77113100 [1]:15583927 [2]:0 [3]:359
[0]:77343323 [1]:15620652 [2]:0 [3]:361
[0]:77560175 [1]:15655386 [2]:0 [3]:366
[0]:77769009 [1]:15688752 [2]:0 [3]:77
[0]:77983851 [1]:15723083 [2]:0 [3]:356
[0]:78216637 [1]:15760166 [2]:0 [3]:356
[0]:78430324 [1]:15794127 [2]:0 [3]:361
[0]:78629360 [1]:15825828 [2]:0 [3]:86
[0]:78837964 [1]:15859040 [2]:0 [3]:366
[0]:79047681 [1]:15892388 [2]:0 [3]:372
[0]:79251824 [1]:15924910 [2]:0 [3]:356
[0]:79462042 [1]:15958399 [2]:0 [3]:361
[0]:79691118 [1]:15994929 [2]:0 [3]:369
[0]:79895193 [1]:16027512 [2]:0 [3]:88
