[0]:142799915 [1]:24544969 [2]:141 [3]:356
[0]:143008715 [1]:24575978 [2]:141 [3]:367
[0]:143215162 [1]:24606534 [2]:141 [3]:360
[0]:143438151 [1]:24639647 [2]:141 [3]:366
[0]:143654822 [1]:24671866 [2]:141 [3]:357
[0]:143868430 [1]:24703600 [2]:141 [3]:365
[0]:144072548 [1]:24733868 [2]:141 [3]:360
[0]:144325000 [1]:24771230 [2]:141 [3]:372
[0]:144518127 [1]:24799810 [2]:141 [3]:361
[0]:144731089 [1]:24831457 [2]:141 [3]:368
[0]:144951523 [1]:24864251 [2]:142 [3]:364
[0]:145170775 [1]:24896763 [2]:142 [3]:363
[0]:145379271 [1]:24927705 [2]:142 [3]:80
[0]:145582127 [1]:24957819 [2]:142 [3]:367
[0]:145791012 [1]:24988841 [2]:142 [3]:360
[0]:146003822 [1]:25020383 [2]:142 [3]:368
[0]:146224512 [1]:25053166 [2]:142 [3]:365
[0]:146435150 [1]:25084368 [2]:142 [3]:74
[0]:146651265 [1]:25116466 [2]:142 [3]:372
[0]:146855189 [1]:25146739 [2]:142 [3]:360
[0]:147151182 [1]:25190623 [2]:142 [3]:372
[0]:147353955 [1]:25220707 [2]:142 [3]:364
[0]:147556657 [1]:25250748 [2]:142 [3]:364
[0]:147805526 [1]:25287620 [2]:142 [3]:364
[0]:148014797 [1]:25318953 [2]:142 [3]:366
[0]:148234406 [1]:25351539 [2]:142 [3]:357
[0]:148436849 [1]:25381513 [2]:142 [3]:364
[0]:148665560 [1]:25415511 [2]:142 [3]:357
[0]:148868881 [1]:25445752 [2]:142 [3]:359
[0]:149069857 [1]:25475498 [2]:142 [3]:375
[0]:149274763 [1]:25505882 [2]:142 [3]:365
[0]:149487565 [1]:25537391 [2]:142 [3]:367
[0]:149753269 [1]:25576799 [2]:142 [3]:368
[0]:149964368 [1]:25608108 [2]:142 [3]:78
[0]:150166143 [1]:25638018 [2]:142 [3]:360
[0]:150370421 [1]:25668313 [2]:142 [3]:368
[0]:150620445 [1]:25705484 [2]:142 [3]:355
[0]:150823753 [1]:25735667 [2]:142 [3]:368
[0]:151036356 [1]:25767241 [2]:142 [3]:363
[0]:151291757 [1]:25805247 [2]:142 [3]:359
[0]:151493532 [1]:25835302 [2]:142 [3]:363
[0]:151757274 [1]:25874472 [2]:142 [3]:369
[0]:151962338 [1]:25905024 [2]:142 [3]:364
[0]:152166528 [1]:25935302 [2]:142 [3]:79
[0]:152368968 [1]:25965283 [2]:142 [3]:364
[0]:152572374 [1]:25995475 [2]:142 [3]:362
[0]:152829220 [1]:26033641 [2]:142 [3]:362
[0]:153030354 [1]:26063504 [2]:142 [3]:370
[0]:153235593 [1]:26094019 [2]:142 [3]:84
[0]:153458561 [1]:26127246 [2]:142 [3]:368
[0]:153672469 [1]:26159101 [2]:142 [3]:367
[0]:153877103 [1]:26189457 [2]:142 [3]:367
[0]:154082247 [1]:26219966 [2]:142 [3]:86
[0]:154306667 [1]:26253262 [2]:142 [3]:361
[0]:154515685 [1]:26284373 [2]:142 [3]:370
[0]:154724583 [1]:26315338 [2]:142 [3]:359
[0]:154933718 [1]:26346379 [2]:142 [3]:364
[0]:155142315 [1]:26377428 [2]:142 [3]:364
[0]:155341671 [1]:26407001 [2]:142 [3]:361
[0]:155571903 [1]:26441183 [2]:142 [3]:362
[0]:155772705 [1]:26470973 [2]:142 [3]:352
[0]:155977563 [1]:26501478 [2]:142 [3]:363
[0]:156179740 [1]:26531491 [2]:142 [3]:72
[0]:156395556 [1]:26563547 [2]:142 [3]:365
[0]:156596313 [1]:26593337 [2]:142 [3]:371
[0]:156809280 [1]:26625009 [2]:142 [3]:364
[0]:157010160 [1]:26654867 [2]:142 [3]:359
[0]:157210971 [1]:26684643 [2]:142 [3]:367
[0]:157409792 [1]:26714276 [2]:142 [3]:362
[0]:157628697 [1]:26746914 [2]:142 [3]:83
[0]:157835243 [1]:26777512 [2]:142 [3]:358
[0]:158034378 [1]:26807184 [2]:142 [3]:351
[0]:158251272 [1]:26839552 [2]:142 [3]:370
[0]:158448258 [1]:26868836 [2]:142 [3]:370
[0]:158648206 [1]:26898508 [2]:142 [3]:360
[0]:158846492 [1]:26927940 [2]:142 [3]:363
[0]:159047161 [1]:26957787 [2]:142 [3]:372
[0]:159297276 [1]:26994860 [2]:142 [3]:82
[0]:159500412 [1]:27024993 [2]:142 [3]:360
[0]:159713533 [1]:27056695 [2]:142 [3]:363
[0]:159918543 [1]:27087123 [2]:142 [3]:360
[0]:160133839 [1]:27118971 [2]:142 [3]:357
[0]:160330744 [1]:27148176 [2]:142 [3]:366
[0]:160532774 [1]:27178156 [2]:142 [3]:372
[0]:160741785 [1]:27209309 [2]:142 [3]:367
[0]:160946804 [1]:27239820 [2]:142 [3]:77
[0]:161147578 [1]:27269665 [2]:142 [3]:361
[0]:161348541 [1]:27299560 [2]:142 [3]:363
[0]:161553765 [1]:27330016 [2]:142 [3]:79
[0]:161759321 [1]:27360548 [2]:142 [3]:365
[0]:161962597 [1]:27390695 [2]:142 [3]:370
[0]:162187844 [1]:27424134 [2]:142 [3]:362
[0]:162396646 [1]:27455120 [2]:142 [3]:362
[0]:162597726 [1]:27484962 [2]:142 [3]:365
[0]:162798814 [1]:27514735 [2]:142 [3]:365
[0]:163043139 [1]:27551002 [2]:142 [3]:361
[0]:163287083 [1]:27587243 [2]:142 [3]:363
[0]:163488322 [1]:27617203 [2]:142 [3]:86
[0]:163693337 [1]:27647656 [2]:142 [3]:374
[0]:163904125 [1]:27678950 [2]:142 [3]:354
[0]:164114930 [1]:27710258 [2]:142 [3]:361
[0]:164327812 [1]:27741847 [2]:142 [3]:367
[0]:164536669 [1]:27772910 [2]:142 [3]:360
[0]:164737554 [1]:27802800 [2]:142 [3]:368
[0]:164954000 [1]:27834899 [2]:142 [3]:368
[0]:165162799 [1]:27865862 [2]:142 [3]:363
[0]:165367976 [1]:27896405 [2]:142 [3]:359
[0]:165574871 [1]:27927158 [2]:142 [3]:89
[0]:165772089 [1]:27956502 [2]:142 [3]:364
[0]:166009429 [1]:27991765 [2]:142 [3]:370
[0]:166211291 [1]:28021639 [2]:142 [3]:366
[0]:166412130 [1]:28051638 [2]:142 [3]:360
[0]:166620184 [1]:28082516 [2]:142 [3]:359
[0]:166833369 [1]:28114057 [2]:142 [3]:363
[0]:167066462 [1]:28148574 [2]:142 [3]:71
[0]:167274491 [1]:28179474 [2]:142 [3]:360
[0]:167477769 [1]:28209819 [2]:142 [3]:354
[0]:167688880 [1]:28241246 [2]:142 [3]:370
[0]:167896443 [1]:28272057 [2]:142 [3]:356
[0]:168098673 [1]:28302188 [2]:142 [3]:365
[0]:168308768 [1]:28333338 [2]:142 [3]:364
[0]:168504370 [1]:28362356 [2]:142 [3]:364
[0]:168709486 [1]:28392740 [2]:142 [3]:359
[0]:168963582 [1]:28430500 [2]:142 [3]:371
[0]:169186378 [1]:28463535 [2]:142 [3]:372
[0]:169380038 [1]:28492253 [2]:142 [3]:369
[0]:169584511 [1]:28522671 [2]:142 [3]:359
[0]:169785264 [1]:28552508 [2]:142 [3]:75
[0]:169990153 [1]:28583010 [2]:142 [3]:365
[0]:170237238 [1]:28619639 [2]:142 [3]:369
[0]:170443165 [1]:28650213 [2]:142 [3]:71
[0]:170668107 [1]:28683546 [2]:142 [3]:370
[0]:170876270 [1]:28714421 [2]:142 [3]:74
[0]:171093886 [1]:28746667 [2]:142 [3]:371
[0]:171304773 [1]:28778061 [2]:142 [3]:366
[0]:171503440 [1]:28807546 [2]:142 [3]:366
[0]:171724104 [1]:28840282 [2]:142 [3]:359
[0]:171940589 [1]:28872334 [2]:142 [3]:372
[0]:172145986 [1]:28902894 [2]:142 [3]:372
