[0]:80243801 [1]:9788074 [2]:100 [3]:63
[0]:80457070 [1]:9824659 [2]:100 [3]:359
[0]:80655155 [1]:9858630 [2]:102 [3]:361
[0]:80841954 [1]:9890683 [2]:102 [3]:371
[0]:81038644 [1]:9924369 [2]:102 [3]:59
[0]:81238126 [1]:9958644 [2]:102 [3]:62
[0]:81443791 [1]:9993951 [2]:102 [3]:354
[0]:81638083 [1]:10027327 [2]:102 [3]:67
[0]:81828523 [1]:10059929 [2]:102 [3]:55
[0]:82029326 [1]:10094394 [2]:102 [3]:363
[0]:82225028 [1]:10128028 [2]:102 [3]:64
[0]:82430438 [1]:10163283 [2]:102 [3]:359
[0]:82632192 [1]:10198015 [2]:105 [3]:370
[0]:82856504 [1]:10236609 [2]:105 [3]:57
[0]:83050841 [1]:10270024 [2]:105 [3]:357
[0]:83252502 [1]:10304592 [2]:105 [3]:61
[0]:83455311 [1]:10339390 [2]:105 [3]:353
[0]:83648757 [1]:10372558 [2]:105 [3]:59
[0]:83873126 [1]:10411039 [2]:105 [3]:62
[0]:84074650 [1]:10445542 [2]:105 [3]:361
[0]:84269132 [1]:10478955 [2]:105 [3]:355
[0]:84467099 [1]:10513049 [2]:105 [3]:365
[0]:84663848 [1]:10546774 [2]:106 [3]:62
[0]:84873276 [1]:10582715 [2]:106 [3]:358
[0]:85072633 [1]:10616925 [2]:106 [3]:368
[0]:85274385 [1]:10651529 [2]:106 [3]:367
[0]:85465961 [1]:10684453 [2]:106 [3]:364
[0]:85672103 [1]:10719700 [2]:106 [3]:360
[0]:85909531 [1]:10760401 [2]:106 [3]:362
[0]:86100296 [1]:10793151 [2]:106 [3]:353
[0]:86299479 [1]:10827300 [2]:106 [3]:372
[0]:86498698 [1]:10861595 [2]:106 [3]:65
[0]:86690955 [1]:10894604 [2]:106 [3]:59
[0]:86881433 [1]:10927315 [2]:106 [3]:61
[0]:87079242 [1]:10961220 [2]:106 [3]:357
[0]:87277555 [1]:10995169 [2]:106 [3]:351
[0]:87479611 [1]:11029796 [2]:106 [3]:359
[0]:87683124 [1]:11064695 [2]:106 [3]:62
[0]:87883137 [1]:11099102 [2]:106 [3]:353
[0]:88081253 [1]:11133144 [2]:106 [3]:366
[0]:88282174 [1]:11167640 [2]:106 [3]:363
[0]:88484605 [1]:11202347 [2]:106 [3]:62
[0]:88734504 [1]:11245210 [2]:106 [3]:57
[0]:88933390 [1]:11279290 [2]:106 [3]:366
[0]:89153211 [1]:11317038 [2]:106 [3]:57
[0]:89367591 [1]:11353780 [2]:106 [3]:353
[0]:89587415 [1]:11391553 [2]:106 [3]:368
[0]:89840647 [1]:11435133 [2]:106 [3]:68
[0]:90028928 [1]:11467551 [2]:106 [3]:357
[0]:90230142 [1]:11502047 [2]:106 [3]:65
[0]:90435434 [1]:11537290 [2]:106 [3]:357
[0]:90630074 [1]:11570725 [2]:106 [3]:61
[0]:90824316 [1]:11604170 [2]:106 [3]:356
[0]:91037917 [1]:11640748 [2]:106 [3]:58
[0]:91228015 [1]:11673306 [2]:106 [3]:365
[0]:91433108 [1]:11708583 [2]:106 [3]:355
[0]:91636611 [1]:11743575 [2]:106 [3]:360
[0]:91836523 [1]:11777919 [2]:106 [3]:356
[0]:92029622 [1]:11810951 [2]:106 [3]:65
[0]:92229553 [1]:11845348 [2]:106 [3]:56
[0]:92427579 [1]:11879440 [2]:106 [3]:355
[0]:92625644 [1]:11913409 [2]:106 [3]:359
[0]:92834670 [1]:11949276 [2]:106 [3]:65
[0]:93059173 [1]:11987785 [2]:106 [3]:64
[0]:93268560 [1]:12023671 [2]:106 [3]:56
[0]:93511634 [1]:12065330 [2]:106 [3]:64
[0]:93709488 [1]:12099333 [2]:106 [3]:359
[0]:93918567 [1]:12135167 [2]:106 [3]:361
[0]:94116591 [1]:12169150 [2]:106 [3]:351
[0]:94337323 [1]:12207138 [2]:106 [3]:357
[0]:94535401 [1]:12241192 [2]:106 [3]:69
[0]:94735756 [1]:12275594 [2]:106 [3]:58
[0]:94957849 [1]:12313613 [2]:106 [3]:75
[0]:95166225 [1]:12349477 [2]:106 [3]:71
[0]:95376301 [1]:12385639 [2]:106 [3]:359
[0]:95580615 [1]:12420723 [2]:106 [3]:351
[0]:95780030 [1]:12454900 [2]:106 [3]:367
[0]:95996692 [1]:12492102 [2]:106 [3]:374
[0]:96198414 [1]:12526811 [2]:106 [3]:361
[0]:96396197 [1]:12560744 [2]:106 [3]:368
[0]:96594233 [1]:12594771 [2]:106 [3]:67
[0]:96788568 [1]:12628060 [2]:106 [3]:61
[0]:96983213 [1]:12661418 [2]:106 [3]:58
[0]:97203824 [1]:12699278 [2]:106 [3]:354
[0]:97405280 [1]:12733935 [2]:106 [3]:364
[0]:97614422 [1]:12769831 [2]:106 [3]:66
[0]:97816298 [1]:12804446 [2]:106 [3]:62
[0]:98022126 [1]:12839853 [2]:106 [3]:365
[0]:98231293 [1]:12875787 [2]:106 [3]:61
[0]:98451838 [1]:12913643 [2]:106 [3]:364
[0]:98650048 [1]:12947518 [2]:106 [3]:64
[0]:98848156 [1]:12981543 [2]:106 [3]:63
[0]:99044406 [1]:13015224 [2]:106 [3]:360
[0]:99247138 [1]:13049974 [2]:106 [3]:63
[0]:99438601 [1]:13082918 [2]:106 [3]:364
[0]:99638381 [1]:13117120 [2]:106 [3]:62
[0]:99831290 [1]:13150214 [2]:106 [3]:60
[0]:100032616 [1]:13184742 [2]:106 [3]:62
[0]:100234669 [1]:13219454 [2]:106 [3]:362
[0]:100443690 [1]:13255337 [2]:106 [3]:365
[0]:100649643 [1]:13290663 [2]:106 [3]:363
[0]:100851342 [1]:13325293 [2]:106 [3]:369
[0]:101053268 [1]:13359938 [2]:106 [3]:61
[0]:101262490 [1]:13395881 [2]:106 [3]:359
[0]:101464345 [1]:13430401 [2]:106 [3]:66
[0]:101662237 [1]:13464388 [2]:106 [3]:359
[0]:101857886 [1]:13497925 [2]:106 [3]:366
[0]:102045680 [1]:13530162 [2]:106 [3]:53
[0]:102237756 [1]:13563104 [2]:106 [3]:64
[0]:102432491 [1]:13596554 [2]:106 [3]:351
[0]:102630533 [1]:13630588 [2]:106 [3]:79
[0]:102829072 [1]:13664670 [2]:106 [3]:363
[0]:103026310 [1]:13698557 [2]:106 [3]:365
[0]:103239495 [1]:13735175 [2]:106 [3]:65
[0]:103437675 [1]:13769127 [2]:106 [3]:62
[0]:103632981 [1]:13802644 [2]:106 [3]:64
[0]:103894581 [1]:13847587 [2]:106 [3]:367
[0]:104099134 [1]:13882734 [2]:106 [3]:60
[0]:104302815 [1]:13917743 [2]:106 [3]:74
[0]:104499355 [1]:13951509 [2]:106 [3]:60
[0]:104700757 [1]:13986048 [2]:106 [3]:61
[0]:104899116 [1]:14020129 [2]:106 [3]:73
[0]:105100598 [1]:14054757 [2]:106 [3]:356
[0]:105323408 [1]:14092996 [2]:106 [3]:354
[0]:105526326 [1]:14127808 [2]:106 [3]:364
[0]:105732114 [1]:14163085 [2]:106 [3]:360
[0]:105930301 [1]:14197150 [2]:106 [3]:365
[0]:106123923 [1]:14230232 [2]:106 [3]:360
[0]:106317969 [1]:14263536 [2]:106 [3]:352
[0]:106520811 [1]:14298422 [2]:106 [3]:358
[0]:106707346 [1]:14330421 [2]:106 [3]:358
[0]:106897588 [1]:14363152 [2]:106 [3]:367
[0]:107118859 [1]:14400997 [2]:106 [3]:362
[0]:107328052 [1]:14436876 [2]:106 [3]:367
[0]:107540838 [1]:14473431 [2]:106 [3]:360
[0]:107750225 [1]:14509385 [2]:106 [3]:354
[0]:107963509 [1]:14545889 [2]:106 [3]:353
[0]:108168759 [1]:14581115 [2]:106 [3]:357
[0]:108374684 [1]:14616479 [2]:106 [3]:354
[0]:108578446 [1]:14651506 [2]:106 [3]:59
[0]:108781023 [1]:14686294 [2]:106 [3]:64
[0]:108976289 [1]:14719703 [2]:106 [3]:359
[0]:109193157 [1]:14756918 [2]:106 [3]:62
[0]:109401050 [1]:14792599 [2]:106 [3]:67
[0]:109596800 [1]:14826187 [2]:106 [3]:358
[0]:109795612 [1]:14860346 [2]:106 [3]:64
[0]:109992718 [1]:14894313 [2]:106 [3]:362
[0]:110231458 [1]:14935394 [2]:107 [3]:361
[0]:110425800 [1]:14968700 [2]:107 [3]:56
[0]:110631464 [1]:15003997 [2]:107 [3]:366
[0]:110833550 [1]:15038624 [2]:107 [3]:357
[0]:111042862 [1]:15074580 [2]:107 [3]:368
[0]:111240871 [1]:15108516 [2]:107 [3]:361
[0]:111438668 [1]:15142620 [2]:107 [3]:59
[0]:111643268 [1]:15177642 [2]:107 [3]:368
[0]:111850282 [1]:15213254 [2]:107 [3]:70
[0]:112055061 [1]:15248391 [2]:107 [3]:62
[0]:112257097 [1]:15283146 [2]:107 [3]:63
[0]:112461176 [1]:15318157 [2]:107 [3]:359
[0]:112662012 [1]:15352573 [2]:107 [3]:369
[0]:112859536 [1]:15386537 [2]:107 [3]:357
[0]:113056106 [1]:15420243 [2]:107 [3]:361
[0]:113250852 [1]:15453592 [2]:107 [3]:365
[0]:113452129 [1]:15488128 [2]:107 [3]:356
[0]:113644558 [1]:15521048 [2]:107 [3]:358
[0]:113846830 [1]:15555719 [2]:107 [3]:358
[0]:114051237 [1]:15590805 [2]:107 [3]:366
[0]:114260792 [1]:15626845 [2]:107 [3]:65
[0]:114458668 [1]:15660749 [2]:107 [3]:61
[0]:114656636 [1]:15694663 [2]:107 [3]:360
[0]:114851361 [1]:15728042 [2]:107 [3]:60
[0]:115044621 [1]:15761190 [2]:107 [3]:64
[0]:115247505 [1]:15796002 [2]:107 [3]:357
[0]:115438322 [1]:15828624 [2]:107 [3]:70
[0]:115628820 [1]:15861343 [2]:107 [3]:362
[0]:115834184 [1]:15896612 [2]:107 [3]:371
[0]:116028705 [1]:15929959 [2]:107 [3]:67
[0]:116236555 [1]:15965498 [2]:107 [3]:59
[0]:116452272 [1]:16002518 [2]:107 [3]:363
[0]:116649134 [1]:16036379 [2]:107 [3]:362
[0]:116847191 [1]:16070312 [2]:107 [3]:361
[0]:117031258 [1]:16101896 [2]:107 [3]:365
[0]:117248777 [1]:16139170 [2]:107 [3]:64
[0]:117467973 [1]:16176870 [2]:107 [3]:362
[0]:117673195 [1]:16212047 [2]:107 [3]:365
[0]:117889771 [1]:16249153 [2]:107 [3]:61
[0]:118121219 [1]:16288885 [2]:107 [3]:64
[0]:118327088 [1]:16324217 [2]:107 [3]:356
[0]:118532420 [1]:16359410 [2]:107 [3]:83
[0]:118734402 [1]:16394103 [2]:107 [3]:363
[0]:118932787 [1]:16428063 [2]:107 [3]:61
[0]:119163299 [1]:16467635 [2]:107 [3]:69
