[0]:0 [1]:0 [2]:0 [3]:0
[0]:59119 [1]:0 [2]:0 [3]:52
[0]:289106 [1]:0 [2]:0 [3]:66
[0]:523694 [1]:0 [2]:0 [3]:74
[0]:759640 [1]:0 [2]:0 [3]:317
[0]:991375 [1]:0 [2]:0 [3]:314
[0]:1224442 [1]:19804 [2]:120 [3]:57
[0]:1423079 [1]:42370 [2]:120 [3]:64
[0]:1613843 [1]:63961 [2]:120 [3]:59
[0]:1806247 [1]:85731 [2]:120 [3]:354
[0]:2003420 [1]:108041 [2]:120 [3]:62
[0]:2205394 [1]:130868 [2]:120 [3]:361
[0]:2407984 [1]:153560 [2]:120 [3]:69
[0]:2604172 [1]:175699 [2]:101 [3]:362
[0]:2804687 [1]:198488 [2]:101 [3]:359
[0]:3003134 [1]:220949 [2]:101 [3]:58
[0]:3197712 [1]:242938 [2]:101 [3]:357
[0]:3395945 [1]:265542 [2]:101 [3]:357
[0]:3598195 [1]:288280 [2]:101 [3]:357
[0]:3800314 [1]:311210 [2]:101 [3]:366
[0]:3990880 [1]:332639 [2]:101 [3]:67
[0]:4193370 [1]:355367 [2]:90 [3]:73
[0]:4385304 [1]:377125 [2]:90 [3]:359
[0]:4582641 [1]:399320 [2]:90 [3]:365
[0]:4785128 [1]:422139 [2]:90 [3]:61
[0]:4979979 [1]:444142 [2]:90 [3]:55
[0]:5212217 [1]:470254 [2]:90 [3]:365
[0]:5422984 [1]:494018 [2]:90 [3]:65
[0]:5624166 [1]:516730 [2]:90 [3]:60
[0]:5826314 [1]:539647 [2]:83 [3]:358
[0]:6024782 [1]:562053 [2]:83 [3]:378
[0]:6221360 [1]:584201 [2]:83 [3]:58
[0]:6421486 [1]:606724 [2]:83 [3]:69
[0]:6617551 [1]:628932 [2]:83 [3]:360
[0]:6818636 [1]:651607 [2]:83 [3]:360
[0]:7018772 [1]:674239 [2]:83 [3]:362
[0]:7219135 [1]:696829 [2]:79 [3]:360
[0]:7424850 [1]:720001 [2]:79 [3]:70
[0]:7625866 [1]:742773 [2]:79 [3]:65
[0]:7819771 [1]:764618 [2]:79 [3]:60
[0]:8019916 [1]:787127 [2]:79 [3]:64
[0]:8225415 [1]:810397 [2]:79 [3]:60
[0]:8443562 [1]:835003 [2]:79 [3]:71
[0]:8649293 [1]:858375 [2]:79 [3]:64
[0]:8854592 [1]:881664 [2]:77 [3]:70
[0]:9050058 [1]:903639 [2]:77 [3]:67
[0]:9289846 [1]:930563 [2]:77 [3]:370
[0]:9488501 [1]:952882 [2]:77 [3]:365
[0]:9678502 [1]:974324 [2]:77 [3]:72
[0]:9877680 [1]:996696 [2]:77 [3]:362
[0]:10083863 [1]:1020012 [2]:77 [3]:61
[0]:10289833 [1]:1043230 [2]:76 [3]:60
[0]:10488224 [1]:1065691 [2]:76 [3]:55
[0]:10686741 [1]:1088081 [2]:76 [3]:57
[0]:10886880 [1]:1110611 [2]:76 [3]:69
[0]:11083716 [1]:1132833 [2]:76 [3]:61
[0]:11281107 [1]:1155016 [2]:76 [3]:57
[0]:11481352 [1]:1177714 [2]:76 [3]:367
[0]:11682799 [1]:1200328 [2]:76 [3]:73
[0]:11881365 [1]:1222600 [2]:75 [3]:362
[0]:12079808 [1]:1245087 [2]:75 [3]:362
[0]:12291490 [1]:1268982 [2]:75 [3]:72
[0]:12484116 [1]:1290603 [2]:75 [3]:361
[0]:12694012 [1]:1314289 [2]:75 [3]:371
[0]:12896128 [1]:1337226 [2]:75 [3]:63
[0]:13129795 [1]:1363530 [2]:75 [3]:359
[0]:13326631 [1]:1385741 [2]:74 [3]:359
[0]:13529140 [1]:1408512 [2]:74 [3]:372
[0]:13727719 [1]:1430831 [2]:74 [3]:59
[0]:13941371 [1]:1454826 [2]:74 [3]:363
[0]:14138413 [1]:1477071 [2]:74 [3]:50
[0]:14338326 [1]:1499546 [2]:74 [3]:355
[0]:14532982 [1]:1521499 [2]:74 [3]:63
[0]:14739104 [1]:1544644 [2]:74 [3]:62
[0]:14931524 [1]:1566383 [2]:74 [3]:58
[0]:15131780 [1]:1588983 [2]:74 [3]:61
[0]:15323521 [1]:1610544 [2]:74 [3]:362
[0]:15518148 [1]:1632368 [2]:74 [3]:70
[0]:15708998 [1]:1653942 [2]:74 [3]:366
[0]:15903955 [1]:1676159 [2]:74 [3]:69
[0]:16101731 [1]:1698405 [2]:74 [3]:61
[0]:16304923 [1]:1721247 [2]:74 [3]:360
[0]:16508833 [1]:1744239 [2]:74 [3]:55
[0]:16697789 [1]:1765546 [2]:74 [3]:366
[0]:16891769 [1]:1787362 [2]:74 [3]:361
[0]:17089764 [1]:1809792 [2]:74 [3]:68
[0]:17281738 [1]:1831374 [2]:74 [3]:64
[0]:17487751 [1]:1854700 [2]:74 [3]:365
[0]:17689624 [1]:1877601 [2]:74 [3]:64
[0]:17887854 [1]:1900168 [2]:74 [3]:362
[0]:18108624 [1]:1925179 [2]:74 [3]:362
[0]:18334582 [1]:1950576 [2]:74 [3]:69
[0]:18542822 [1]:1974073 [2]:74 [3]:60
[0]:18734070 [1]:1995609 [2]:74 [3]:64
[0]:18939796 [1]:2018984 [2]:74 [3]:80
[0]:19136099 [1]:2041211 [2]:74 [3]:352
[0]:19332590 [1]:2063382 [2]:74 [3]:366
[0]:19538824 [1]:2086652 [2]:74 [3]:356
[0]:19744644 [1]:2109910 [2]:74 [3]:62
[0]:19949376 [1]:2132988 [2]:74 [3]:69
[0]:20156835 [1]:2156427 [2]:74 [3]:357
[0]:20358820 [1]:2179215 [2]:74 [3]:64
[0]:20560936 [1]:2202040 [2]:74 [3]:66
[0]:20766626 [1]:2225230 [2]:74 [3]:363
[0]:20961405 [1]:2247150 [2]:74 [3]:364
[0]:21162733 [1]:2270121 [2]:74 [3]:50
[0]:21369629 [1]:2293401 [2]:74 [3]:362
[0]:21568046 [1]:2315915 [2]:74 [3]:367
[0]:21765833 [1]:2338362 [2]:74 [3]:60
[0]:21976224 [1]:2361865 [2]:74 [3]:360
[0]:22212018 [1]:2388283 [2]:74 [3]:70
[0]:22407137 [1]:2410239 [2]:74 [3]:366
[0]:22605636 [1]:2432569 [2]:74 [3]:55
[0]:22803960 [1]:2454883 [2]:74 [3]:56
[0]:23002808 [1]:2477230 [2]:74 [3]:77
[0]:23205016 [1]:2500064 [2]:74 [3]:367
[0]:23399982 [1]:2522025 [2]:74 [3]:366
[0]:23664995 [1]:2551956 [2]:74 [3]:371
[0]:23871689 [1]:2575330 [2]:74 [3]:358
[0]:24066255 [1]:2597182 [2]:74 [3]:61
[0]:24271977 [1]:2620524 [2]:74 [3]:367
[0]:24462936 [1]:2642116 [2]:74 [3]:61
[0]:24660938 [1]:2664633 [2]:74 [3]:60
[0]:24859329 [1]:2687061 [2]:74 [3]:357
[0]:25050758 [1]:2708560 [2]:74 [3]:56
[0]:25252653 [1]:2731332 [2]:74 [3]:59
[0]:25454772 [1]:2754138 [2]:74 [3]:362
[0]:25694659 [1]:2781082 [2]:74 [3]:347
[0]:25889465 [1]:2802995 [2]:74 [3]:371
[0]:26084513 [1]:2824890 [2]:74 [3]:59
[0]:26283181 [1]:2847219 [2]:74 [3]:68
[0]:26475038 [1]:2868971 [2]:74 [3]:73
[0]:26676283 [1]:2891646 [2]:74 [3]:364
[0]:26893149 [1]:2916221 [2]:74 [3]:69
[0]:27095604 [1]:2938990 [2]:74 [3]:359
[0]:27300037 [1]:2962000 [2]:74 [3]:65
[0]:27495911 [1]:2984349 [2]:74 [3]:72
[0]:27701235 [1]:3007977 [2]:74 [3]:52
[0]:27897672 [1]:3030230 [2]:74 [3]:362
[0]:28105403 [1]:3053645 [2]:74 [3]:63
[0]:28334125 [1]:3079511 [2]:74 [3]:66
[0]:28539834 [1]:3102685 [2]:74 [3]:52
[0]:28783295 [1]:3130073 [2]:74 [3]:365
[0]:28978467 [1]:3151943 [2]:74 [3]:61
[0]:29184378 [1]:3175141 [2]:74 [3]:359
[0]:29347619 [1]:3193573 [2]:74 [3]:67
[0]:29591534 [1]:3221102 [2]:74 [3]:59
[0]:29809676 [1]:3245647 [2]:74 [3]:76
[0]:30015271 [1]:3268961 [2]:74 [3]:63
[0]:30237157 [1]:3293919 [2]:74 [3]:361
[0]:30464808 [1]:3319671 [2]:74 [3]:369
[0]:30685144 [1]:3344501 [2]:74 [3]:57
[0]:30884232 [1]:3367076 [2]:74 [3]:68
[0]:31084689 [1]:3389694 [2]:74 [3]:69
[0]:31292811 [1]:3413096 [2]:74 [3]:71
[0]:31493359 [1]:3435728 [2]:74 [3]:66
[0]:31700604 [1]:3459067 [2]:74 [3]:49
[0]:31902947 [1]:3481820 [2]:74 [3]:365
[0]:32131300 [1]:3507599 [2]:74 [3]:50
[0]:32325557 [1]:3529453 [2]:74 [3]:59
[0]:32520877 [1]:3551427 [2]:74 [3]:60
[0]:32714207 [1]:3573174 [2]:74 [3]:67
[0]:32914245 [1]:3595701 [2]:74 [3]:371
[0]:33123845 [1]:3619443 [2]:74 [3]:371
[0]:33327264 [1]:3642573 [2]:74 [3]:57
[0]:33537423 [1]:3666378 [2]:74 [3]:66
[0]:33733852 [1]:3688526 [2]:74 [3]:364
[0]:33969204 [1]:3715095 [2]:74 [3]:371
[0]:34168121 [1]:3737457 [2]:74 [3]:367
[0]:34362922 [1]:3759511 [2]:74 [3]:365
[0]:34557529 [1]:3781507 [2]:74 [3]:64
[0]:34767486 [1]:3805017 [2]:74 [3]:373
[0]:34994984 [1]:3830704 [2]:74 [3]:59
[0]:35205866 [1]:3854462 [2]:74 [3]:54
[0]:35405826 [1]:3876928 [2]:74 [3]:362
[0]:35642299 [1]:3903724 [2]:74 [3]:362
[0]:35837156 [1]:3925675 [2]:74 [3]:365
[0]:36040379 [1]:3948499 [2]:74 [3]:63
[0]:36246828 [1]:3971809 [2]:74 [3]:60
[0]:36452818 [1]:3995095 [2]:74 [3]:357
[0]:36677160 [1]:4020558 [2]:74 [3]:368
[0]:36864308 [1]:4041849 [2]:74 [3]:359
[0]:37058136 [1]:4063677 [2]:74 [3]:350
[0]:37294905 [1]:4090431 [2]:74 [3]:61
[0]:37500877 [1]:4113639 [2]:74 [3]:56
[0]:37705930 [1]:4136710 [2]:74 [3]:54
[0]:37905178 [1]:4159222 [2]:74 [3]:355
[0]:38118835 [1]:4183273 [2]:74 [3]:59
[0]:38314866 [1]:4205375 [2]:74 [3]:372
[0]:38507890 [1]:4227169 [2]:74 [3]:354
[0]:38701769 [1]:4249086 [2]:74 [3]:67
