[0]:14524330 [1]:1521823 [2]:76 [3]:78
[0]:14733124 [1]:1552840 [2]:76 [3]:370
[0]:14938069 [1]:1583283 [2]:76 [3]:371
[0]:15143315 [1]:1613653 [2]:76 [3]:368
[0]:15347930 [1]:1643995 [2]:83 [3]:362
[0]:15564648 [1]:1676211 [2]:83 [3]:368
[0]:15773465 [1]:1707175 [2]:83 [3]:356
[0]:15978234 [1]:1737438 [2]:83 [3]:365
[0]:16179873 [1]:1767202 [2]:83 [3]:366
[0]:16396000 [1]:1799167 [2]:83 [3]:372
[0]:16592315 [1]:1828269 [2]:83 [3]:367
[0]:16797069 [1]:1858653 [2]:83 [3]:366
[0]:17018755 [1]:1891453 [2]:83 [3]:371
[0]:17217915 [1]:1920893 [2]:83 [3]:366
[0]:17436400 [1]:1953224 [2]:83 [3]:364
[0]:17651809 [1]:1985069 [2]:83 [3]:378
[0]:17889483 [1]:2020355 [2]:83 [3]:363
[0]:18094507 [1]:2050643 [2]:83 [3]:361
[0]:18306522 [1]:2082136 [2]:83 [3]:363
[0]:18507345 [1]:2111850 [2]:83 [3]:81
[0]:18713397 [1]:2142313 [2]:83 [3]:79
[0]:18920412 [1]:2172944 [2]:117 [3]:363
[0]:19138081 [1]:2205155 [2]:117 [3]:363
[0]:19339784 [1]:2235043 [2]:117 [3]:367
[0]:19544813 [1]:2265368 [2]:117 [3]:366
[0]:19757546 [1]:2296856 [2]:117 [3]:368
[0]:19966451 [1]:2327714 [2]:117 [3]:367
[0]:20209368 [1]:2363672 [2]:117 [3]:359
[0]:20408104 [1]:2393038 [2]:117 [3]:362
[0]:20608823 [1]:2422742 [2]:117 [3]:369
[0]:20818239 [1]:2453739 [2]:117 [3]:357
[0]:21031920 [1]:2485478 [2]:117 [3]:362
[0]:21231343 [1]:2514996 [2]:117 [3]:357
[0]:21435546 [1]:2545204 [2]:117 [3]:71
[0]:21641118 [1]:2575707 [2]:117 [3]:372
[0]:21845402 [1]:2606018 [2]:117 [3]:358
[0]:22054378 [1]:2637090 [2]:117 [3]:367
[0]:22253600 [1]:2666537 [2]:117 [3]:368
[0]:22461965 [1]:2697360 [2]:134 [3]:78
[0]:22665756 [1]:2727490 [2]:134 [3]:81
[0]:22872901 [1]:2758028 [2]:134 [3]:84
[0]:23075007 [1]:2787876 [2]:134 [3]:376
[0]:23284635 [1]:2818921 [2]:134 [3]:361
[0]:23499201 [1]:2850610 [2]:134 [3]:365
[0]:23704998 [1]:2881075 [2]:134 [3]:363
[0]:23953040 [1]:2917739 [2]:134 [3]:78
[0]:24151441 [1]:2947120 [2]:134 [3]:356
[0]:24364399 [1]:2978675 [2]:134 [3]:369
[0]:24568131 [1]:3008838 [2]:134 [3]:370
[0]:24767749 [1]:3038284 [2]:134 [3]:365
[0]:25010730 [1]:3074281 [2]:134 [3]:70
[0]:25211702 [1]:3103949 [2]:134 [3]:368
[0]:25420594 [1]:3134893 [2]:134 [3]:366
[0]:25625801 [1]:3165247 [2]:134 [3]:364
[0]:25870130 [1]:3201312 [2]:134 [3]:359
[0]:26078871 [1]:3232157 [2]:143 [3]:360
[0]:26274121 [1]:3260998 [2]:143 [3]:363
[0]:26492761 [1]:3293312 [2]:143 [3]:366
[0]:26773879 [1]:3334930 [2]:143 [3]:366
[0]:26976561 [1]:3364977 [2]:143 [3]:365
[0]:27181687 [1]:3395286 [2]:143 [3]:367
[0]:27383384 [1]:3425162 [2]:143 [3]:366
[0]:27587757 [1]:3455329 [2]:143 [3]:364
[0]:27793241 [1]:3485632 [2]:143 [3]:360
[0]:28001568 [1]:3516513 [2]:143 [3]:366
[0]:28210382 [1]:3547350 [2]:143 [3]:360
[0]:28414384 [1]:3577599 [2]:143 [3]:357
[0]:28617502 [1]:3607677 [2]:143 [3]:357
[0]:28828901 [1]:3639033 [2]:143 [3]:370
[0]:29112646 [1]:3681075 [2]:143 [3]:364
[0]:29318782 [1]:3711703 [2]:143 [3]:362
[0]:29522997 [1]:3742027 [2]:143 [3]:361
[0]:29720079 [1]:3771181 [2]:147 [3]:94
[0]:29920844 [1]:3801067 [2]:147 [3]:356
