[0]:114792546 [1]:18272104 [2]:141 [3]:56
[0]:114989786 [1]:18317664 [2]:141 [3]:363
[0]:115184511 [1]:18362580 [2]:141 [3]:369
[0]:115439839 [1]:18421688 [2]:141 [3]:362
[0]:115624941 [1]:18464461 [2]:141 [3]:355
[0]:115815101 [1]:18508363 [2]:141 [3]:364
[0]:116009234 [1]:18553231 [2]:141 [3]:361
[0]:116237062 [1]:18605781 [2]:141 [3]:354
[0]:116434700 [1]:18651542 [2]:141 [3]:363
[0]:116641663 [1]:18699348 [2]:141 [3]:365
[0]:116837855 [1]:18744658 [2]:141 [3]:370
[0]:117035861 [1]:18790390 [2]:141 [3]:362
[0]:117229908 [1]:18835291 [2]:141 [3]:353
[0]:117424030 [1]:18880197 [2]:141 [3]:361
[0]:117620480 [1]:18925565 [2]:141 [3]:362
[0]:117815733 [1]:18970656 [2]:141 [3]:367
[0]:118009044 [1]:19015270 [2]:142 [3]:62
[0]:118226344 [1]:19065435 [2]:142 [3]:362
[0]:118450299 [1]:19117160 [2]:142 [3]:360
[0]:118651856 [1]:19163737 [2]:142 [3]:360
[0]:118849692 [1]:19209397 [2]:142 [3]:356
[0]:119043955 [1]:19254194 [2]:142 [3]:359
[0]:119234093 [1]:19298124 [2]:142 [3]:58
[0]:119424605 [1]:19342163 [2]:142 [3]:362
[0]:119622305 [1]:19387846 [2]:142 [3]:366
[0]:119824041 [1]:19434381 [2]:142 [3]:364
[0]:120018049 [1]:19479181 [2]:142 [3]:363
[0]:120215826 [1]:19524846 [2]:142 [3]:360
[0]:120443487 [1]:19577438 [2]:142 [3]:361
[0]:120671865 [1]:19630201 [2]:142 [3]:361
[0]:120872733 [1]:19676596 [2]:143 [3]:369
[0]:121065356 [1]:19721129 [2]:143 [3]:358
[0]:121260811 [1]:19766327 [2]:143 [3]:62
[0]:121454847 [1]:19811244 [2]:143 [3]:365
[0]:121647330 [1]:19855677 [2]:143 [3]:361
[0]:121841230 [1]:19900411 [2]:143 [3]:365
[0]:122033393 [1]:19944764 [2]:143 [3]:366
[0]:122256078 [1]:19996226 [2]:143 [3]:353
[0]:122457035 [1]:20042694 [2]:143 [3]:363
[0]:122675463 [1]:20093082 [2]:143 [3]:363
[0]:122869542 [1]:20137936 [2]:143 [3]:359
[0]:123063566 [1]:20182778 [2]:143 [3]:360
[0]:123295092 [1]:20236279 [2]:143 [3]:358
[0]:123500224 [1]:20283686 [2]:143 [3]:358
[0]:123701839 [1]:20330177 [2]:144 [3]:58
[0]:123909339 [1]:20378145 [2]:144 [3]:363
[0]:124106640 [1]:20423704 [2]:144 [3]:365
[0]:124300343 [1]:20468477 [2]:144 [3]:357
[0]:124493746 [1]:20513146 [2]:144 [3]:368
[0]:124694527 [1]:20559539 [2]:144 [3]:52
[0]:124881296 [1]:20602703 [2]:144 [3]:364
[0]:125079178 [1]:20648406 [2]:144 [3]:357
[0]:125269045 [1]:20692352 [2]:144 [3]:361
[0]:125463534 [1]:20737254 [2]:144 [3]:360
[0]:125661341 [1]:20782933 [2]:144 [3]:355
[0]:125855130 [1]:20827691 [2]:144 [3]:366
[0]:126045807 [1]:20871745 [2]:144 [3]:367
[0]:126243595 [1]:20917431 [2]:144 [3]:357
[0]:126438724 [1]:20962507 [2]:145 [3]:359
[0]:126635190 [1]:21007934 [2]:145 [3]:370
[0]:126866693 [1]:21061464 [2]:145 [3]:362
[0]:127060464 [1]:21106285 [2]:145 [3]:364
[0]:127258678 [1]:21152107 [2]:145 [3]:362
[0]:127489623 [1]:21205403 [2]:145 [3]:355
[0]:127680724 [1]:21249544 [2]:145 [3]:354
[0]:127876744 [1]:21294885 [2]:145 [3]:363
[0]:128067398 [1]:21338898 [2]:145 [3]:364
[0]:128331982 [1]:21399983 [2]:145 [3]:367
[0]:128523783 [1]:21444337 [2]:145 [3]:350
[0]:128718102 [1]:21489213 [2]:145 [3]:365
[0]:128934598 [1]:21539184 [2]:145 [3]:367
[0]:129132404 [1]:21584878 [2]:145 [3]:361
[0]:129367044 [1]:21639110 [2]:146 [3]:61
[0]:129563063 [1]:21684410 [2]:146 [3]:356
[0]:129763210 [1]:21730732 [2]:146 [3]:359
[0]:129952308 [1]:21774438 [2]:146 [3]:359
[0]:130155265 [1]:21821227 [2]:146 [3]:61
[0]:130349220 [1]:21866027 [2]:146 [3]:60
[0]:130546780 [1]:21911615 [2]:146 [3]:361
[0]:130752339 [1]:21959070 [2]:146 [3]:358
[0]:130946390 [1]:22003902 [2]:146 [3]:355
[0]:131150945 [1]:22051073 [2]:146 [3]:360
[0]:131345713 [1]:22096091 [2]:146 [3]:360
[0]:131543799 [1]:22141843 [2]:146 [3]:357
[0]:131741488 [1]:22187526 [2]:146 [3]:359
[0]:131937738 [1]:22232842 [2]:146 [3]:64
[0]:132132220 [1]:22277778 [2]:147 [3]:354
[0]:132319826 [1]:22321143 [2]:147 [3]:59
[0]:132527073 [1]:22368986 [2]:147 [3]:365
[0]:132730615 [1]:22415991 [2]:147 [3]:362
[0]:132921074 [1]:22459917 [2]:147 [3]:363
[0]:133125068 [1]:22507041 [2]:147 [3]:360
[0]:133319247 [1]:22551896 [2]:147 [3]:360
[0]:133519699 [1]:22598189 [2]:147 [3]:359
[0]:133749853 [1]:22651379 [2]:147 [3]:359
[0]:133951184 [1]:22697835 [2]:147 [3]:58
[0]:134145196 [1]:22742640 [2]:147 [3]:361
[0]:134339305 [1]:22787502 [2]:147 [3]:363
[0]:134537202 [1]:22833280 [2]:147 [3]:366
[0]:134729904 [1]:22877741 [2]:147 [3]:364
[0]:134932820 [1]:22924593 [2]:148 [3]:51
[0]:135152742 [1]:22975428 [2]:148 [3]:357
[0]:135346019 [1]:23020109 [2]:148 [3]:360
[0]:135541123 [1]:23065180 [2]:148 [3]:357
[0]:135735395 [1]:23110000 [2]:148 [3]:60
[0]:135923773 [1]:23153539 [2]:148 [3]:357
[0]:136119711 [1]:23198889 [2]:148 [3]:364
[0]:136313846 [1]:23243679 [2]:148 [3]:63
[0]:136511504 [1]:23289319 [2]:148 [3]:358
[0]:136701043 [1]:23333051 [2]:148 [3]:361
[0]:136885680 [1]:23375723 [2]:148 [3]:357
[0]:137085195 [1]:23421799 [2]:148 [3]:60
[0]:137291965 [1]:23469553 [2]:148 [3]:361
[0]:137487839 [1]:23514807 [2]:148 [3]:58
[0]:137711709 [1]:23566510 [2]:149 [3]:61
[0]:137904428 [1]:23611044 [2]:149 [3]:362
[0]:138097384 [1]:23655648 [2]:149 [3]:362
[0]:138306966 [1]:23704064 [2]:149 [3]:360
[0]:138500882 [1]:23748800 [2]:149 [3]:366
[0]:138692684 [1]:23793092 [2]:149 [3]:363
[0]:138896754 [1]:23840227 [2]:149 [3]:56
[0]:139090736 [1]:23885070 [2]:149 [3]:362
[0]:139288737 [1]:23930826 [2]:149 [3]:59
[0]:139486122 [1]:23976365 [2]:149 [3]:361
[0]:139685720 [1]:24022560 [2]:149 [3]:364
[0]:139882144 [1]:24067895 [2]:149 [3]:364
[0]:140079993 [1]:24113612 [2]:149 [3]:362
[0]:140273885 [1]:24158431 [2]:149 [3]:62
[0]:140471676 [1]:24204060 [2]:150 [3]:361
[0]:140688330 [1]:24254117 [2]:150 [3]:362
[0]:140884381 [1]:24299371 [2]:150 [3]:350
[0]:141086103 [1]:24345988 [2]:150 [3]:363
[0]:141285556 [1]:24392058 [2]:150 [3]:59
[0]:141486934 [1]:24438622 [2]:150 [3]:360
[0]:141685679 [1]:24484591 [2]:150 [3]:357
[0]:141882604 [1]:24530097 [2]:150 [3]:358
[0]:142099168 [1]:24580086 [2]:150 [3]:363
[0]:142308306 [1]:24628306 [2]:150 [3]:366
[0]:142539628 [1]:24681788 [2]:150 [3]:356
