[0]:3320729176 [1]:1 [2]:2 [3]:2
[0]:4053072968 [1]:1 [2]:2 [3]:3
[0]:3848358056 [1]:1 [2]:2 [3]:2
[0]:3640301836 [1]:1 [2]:2 [3]:3
[0]:3428056867 [1]:1 [2]:2 [3]:2
[0]:4176529382 [1]:1 [2]:2 [3]:3
[0]:3988453435 [1]:1 [2]:2 [3]:3
[0]:3792424360 [1]:1 [2]:2 [3]:3
[0]:3582043931 [1]:1 [2]:2 [3]:3
[0]:3392408078 [1]:1 [2]:2 [3]:2
[0]:4197411658 [1]:1 [2]:2 [3]:3
[0]:4005112512 [1]:1 [2]:2 [3]:3
[0]:3818579626 [1]:1 [2]:2 [3]:3
[0]:3629103431 [1]:1 [2]:2 [3]:3
[0]:3436425038 [1]:1 [2]:2 [3]:3
[0]:4217097866 [1]:1 [2]:2 [3]:3
[0]:4009630035 [1]:1 [2]:2 [3]:4
[0]:3814006697 [1]:1 [2]:2 [3]:3
[0]:3625103068 [1]:1 [2]:2 [3]:3
[0]:3420341630 [1]:1 [2]:2 [3]:3
[0]:4232422185 [1]:1 [2]:2 [3]:2
[0]:4017108945 [1]:1 [2]:2 [3]:3
[0]:3765676106 [1]:1 [2]:2 [3]:3
[0]:3540624937 [1]:1 [2]:2 [3]:3
[0]:3357932311 [1]:1 [2]:2 [3]:3
[0]:4173116091 [1]:1 [2]:2 [3]:3
[0]:3903900452 [1]:1 [2]:2 [3]:3
[0]:3720909063 [1]:1 [2]:2 [3]:2
[0]:3528774652 [1]:1 [2]:2 [3]:3
[0]:3336555460 [1]:1 [2]:2 [3]:3
[0]:4145125768 [1]:1 [2]:2 [3]:3
[0]:3952558838 [1]:1 [2]:2 [3]:3
[0]:3736625912 [1]:1 [2]:2 [3]:3
[0]:3549129676 [1]:1 [2]:2 [3]:3
[0]:3325271370 [1]:1 [2]:2 [3]:2
[0]:4136374376 [1]:1 [2]:2 [3]:3
[0]:3949152952 [1]:1 [2]:2 [3]:3
[0]:3756602883 [1]:1 [2]:2 [3]:3
[0]:3528838597 [1]:1 [2]:2 [3]:3
[0]:3301140448 [1]:1 [2]:2 [3]:3
[0]:4061726283 [1]:1 [2]:2 [3]:3
[0]:3840634842 [1]:1 [2]:2 [3]:3
[0]:3621154102 [1]:1 [2]:2 [3]:5
[0]:3408355828 [1]:1 [2]:2 [3]:3
[0]:4192516356 [1]:1 [2]:2 [3]:3
[0]:3978071247 [1]:1 [2]:2 [3]:2
[0]:3764522456 [1]:1 [2]:2 [3]:2
[0]:3548567268 [1]:1 [2]:2 [3]:3
[0]:3325674800 [1]:1 [2]:2 [3]:2
[0]:4101086857 [1]:1 [2]:2 [3]:2
[0]:3897192606 [1]:1 [2]:2 [3]:3
[0]:3677563501 [1]:1 [2]:2 [3]:3
[0]:3464528153 [1]:1 [2]:2 [3]:3
[0]:4252689431 [1]:1 [2]:2 [3]:3
[0]:4040484376 [1]:1 [2]:2 [3]:2
[0]:3846580400 [1]:1 [2]:2 [3]:3
[0]:3620541298 [1]:1 [2]:2 [3]:3
[0]:3428646986 [1]:1 [2]:2 [3]:3
[0]:4244577250 [1]:1 [2]:2 [3]:4
[0]:4040541967 [1]:1 [2]:2 [3]:2
[0]:3852583083 [1]:1 [2]:2 [3]:3
[0]:3660692126 [1]:1 [2]:2 [3]:3
[0]:3472550636 [1]:1 [2]:2 [3]:3
[0]:4283493508 [1]:1 [2]:2 [3]:3
[0]:4082643393 [1]:1 [2]:2 [3]:4
[0]:3888532427 [1]:1 [2]:2 [3]:3
[0]:3700601330 [1]:1 [2]:2 [3]:2
[0]:3509732712 [1]:1 [2]:2 [3]:3
[0]:3327113788 [1]:1 [2]:2 [3]:3
[0]:4098559193 [1]:1 [2]:2 [3]:3
[0]:3845638177 [1]:1 [2]:2 [3]:3
[0]:3589116315 [1]:1 [2]:2 [3]:3
[0]:3368629050 [1]:1 [2]:2 [3]:2
[0]:4153330696 [1]:1 [2]:2 [3]:3
[0]:3958972433 [1]:1 [2]:2 [3]:3
[0]:3728143905 [1]:1 [2]:2 [3]:2
[0]:3536609395 [1]:1 [2]:2 [3]:2
