[0]:3305309640 [1]:1 [2]:2 [3]:16
[0]:4113995096 [1]:1 [2]:2 [3]:9
[0]:3926595196 [1]:1 [2]:2 [3]:5
[0]:3738184285 [1]:1 [2]:2 [3]:15
[0]:3556442735 [1]:1 [2]:2 [3]:8
[0]:3357433567 [1]:1 [2]:2 [3]:20
[0]:4174958530 [1]:1 [2]:2 [3]:4
[0]:3988663961 [1]:1 [2]:2 [3]:9
[0]:3800778922 [1]:1 [2]:2 [3]:3
[0]:3604668766 [1]:1 [2]:2 [3]:8
[0]:3415996166 [1]:1 [2]:2 [3]:11
[0]:4137698741 [1]:1 [2]:2 [3]:7
[0]:3908243867 [1]:1 [2]:2 [3]:5
[0]:3688575843 [1]:1 [2]:2 [3]:13
[0]:3484536515 [1]:1 [2]:2 [3]:3
[0]:4268415886 [1]:1 [2]:2 [3]:16
[0]:4056599450 [1]:1 [2]:2 [3]:6
[0]:3848592268 [1]:1 [2]:2 [3]:6
[0]:3628501998 [1]:1 [2]:2 [3]:7
[0]:3420558892 [1]:1 [2]:2 [3]:21
[0]:4212620817 [1]:1 [2]:2 [3]:6
[0]:4003886907 [1]:1 [2]:2 [3]:20
[0]:3792546126 [1]:1 [2]:2 [3]:9
[0]:3584754847 [1]:1 [2]:2 [3]:17
[0]:3377362810 [1]:1 [2]:2 [3]:17
[0]:4095233930 [1]:1 [2]:2 [3]:9
[0]:3889998272 [1]:1 [2]:2 [3]:6
[0]:3679910982 [1]:1 [2]:2 [3]:3
[0]:3492666456 [1]:1 [2]:2 [3]:7
[0]:3296580178 [1]:1 [2]:2 [3]:7
[0]:4105592152 [1]:1 [2]:2 [3]:7
[0]:3920546317 [1]:1 [2]:2 [3]:6
[0]:3732687337 [1]:1 [2]:2 [3]:9
[0]:3492849832 [1]:1 [2]:2 [3]:3
[0]:3304103183 [1]:1 [2]:2 [3]:7
[0]:4075083705 [1]:1 [2]:2 [3]:16
[0]:3884876038 [1]:1 [2]:2 [3]:15
[0]:3700520790 [1]:1 [2]:2 [3]:3
[0]:3511774155 [1]:1 [2]:2 [3]:8
[0]:3323186622 [1]:1 [2]:2 [3]:20
[0]:4132692433 [1]:1 [2]:2 [3]:18
[0]:3940972605 [1]:1 [2]:2 [3]:8
[0]:3750610355 [1]:1 [2]:2 [3]:8
[0]:3530921313 [1]:1 [2]:2 [3]:7
[0]:3305945708 [1]:1 [2]:2 [3]:17
[0]:4094396581 [1]:1 [2]:2 [3]:4
[0]:3879007642 [1]:1 [2]:2 [3]:19
[0]:3660972518 [1]:1 [2]:2 [3]:6
[0]:3430130996 [1]:1 [2]:2 [3]:9
[0]:4240842365 [1]:1 [2]:2 [3]:16
[0]:4048528531 [1]:1 [2]:2 [3]:7
[0]:3852833761 [1]:1 [2]:2 [3]:3
[0]:3660557783 [1]:1 [2]:2 [3]:8
[0]:3468779792 [1]:1 [2]:2 [3]:19
[0]:4280652875 [1]:1 [2]:2 [3]:3
[0]:4095988895 [1]:1 [2]:2 [3]:18
[0]:3896889876 [1]:1 [2]:2 [3]:18
[0]:3701137563 [1]:1 [2]:2 [3]:5
[0]:3512949695 [1]:1 [2]:2 [3]:16
[0]:3320726483 [1]:1 [2]:2 [3]:6
[0]:4096918968 [1]:1 [2]:2 [3]:3
[0]:3859710488 [1]:1 [2]:2 [3]:8
[0]:3623757587 [1]:1 [2]:2 [3]:7
[0]:3382207781 [1]:1 [2]:2 [3]:7
[0]:4142355317 [1]:1 [2]:2 [3]:16
[0]:3912541446 [1]:1 [2]:2 [3]:6
[0]:3701277886 [1]:1 [2]:2 [3]:9
[0]:3486917353 [1]:1 [2]:2 [3]:20
[0]:4272389802 [1]:1 [2]:2 [3]:6
[0]:4008682375 [1]:1 [2]:2 [3]:3
[0]:3802580792 [1]:1 [2]:2 [3]:6
[0]:3602645031 [1]:1 [2]:2 [3]:7
[0]:3381483143 [1]:1 [2]:2 [3]:19
[0]:4176674070 [1]:1 [2]:2 [3]:8
[0]:3967658780 [1]:1 [2]:2 [3]:18
[0]:3756841122 [1]:1 [2]:2 [3]:7
[0]:3533552720 [1]:1 [2]:2 [3]:4
