[0]:0 [1]:0 [2]:0 [3]:0
[0]:0 [1]:0 [2]:0 [3]:0
[0]:0 [1]:0 [2]:0 [3]:0
[0]:0 [1]:0 [2]:0 [3]:0
[0]:566861 [1]:0 [2]:0 [3]:10
[0]:2426197 [1]:0 [2]:0 [3]:32
[0]:4149256 [1]:0 [2]:0 [3]:28
[0]:5918329 [1]:0 [2]:0 [3]:30
[0]:7660234 [1]:0 [2]:0 [3]:11
[0]:9428035 [1]:0 [2]:0 [3]:9
[0]:11159505 [1]:0 [2]:0 [3]:10
[0]:13510524 [1]:0 [2]:0 [3]:9
[0]:15218467 [1]:0 [2]:0 [3]:31
[0]:16913048 [1]:0 [2]:0 [3]:9
[0]:18855868 [1]:0 [2]:0 [3]:8
[0]:20974817 [1]:0 [2]:0 [3]:12
[0]:22936753 [1]:0 [2]:0 [3]:7
[0]:25303481 [1]:0 [2]:0 [3]:8
[0]:27044333 [1]:0 [2]:0 [3]:33
[0]:28842999 [1]:0 [2]:0 [3]:31
[0]:30552619 [1]:0 [2]:0 [3]:11
[0]:32250168 [1]:0 [2]:0 [3]:30
[0]:33955264 [1]:0 [2]:0 [3]:31
[0]:35804338 [1]:0 [2]:0 [3]:8
[0]:37540444 [1]:0 [2]:0 [3]:7
[0]:39271440 [1]:0 [2]:0 [3]:10
[0]:40983402 [1]:0 [2]:0 [3]:12
[0]:42683893 [1]:0 [2]:0 [3]:11
[0]:44445775 [1]:0 [2]:0 [3]:7
[0]:46532130 [1]:0 [2]:0 [3]:30
[0]:48768638 [1]:0 [2]:0 [3]:8
[0]:51133696 [1]:0 [2]:0 [3]:9
[0]:53901741 [1]:0 [2]:0 [3]:30
[0]:55772695 [1]:0 [2]:0 [3]:12
[0]:57741914 [1]:0 [2]:0 [3]:28
[0]:59933637 [1]:0 [2]:0 [3]:11
[0]:62129326 [1]:0 [2]:0 [3]:14
[0]:64013492 [1]:0 [2]:0 [3]:7
[0]:66029360 [1]:0 [2]:0 [3]:30
[0]:67559947 [1]:218492 [2]:7 [3]:17
[0]:68748440 [1]:822532 [2]:7 [3]:54
[0]:69877322 [1]:1405867 [2]:7 [3]:16
[0]:71191860 [1]:2072591 [2]:7 [3]:14
[0]:72306226 [1]:2642722 [2]:7 [3]:53
[0]:73420107 [1]:3217490 [2]:7 [3]:49
[0]:74585644 [1]:3810690 [2]:7 [3]:14
[0]:75703840 [1]:4386609 [2]:7 [3]:55
[0]:76847216 [1]:4973136 [2]:7 [3]:53
[0]:77932704 [1]:5529216 [2]:7 [3]:50
[0]:79058616 [1]:6102782 [2]:7 [3]:14
[0]:80081058 [1]:6625454 [2]:7 [3]:14
[0]:81068446 [1]:7128144 [2]:7 [3]:14
[0]:82122180 [1]:7667174 [2]:7 [3]:50
[0]:83125238 [1]:8179726 [2]:7 [3]:15
[0]:84154465 [1]:8706882 [2]:7 [3]:51
[0]:85183520 [1]:9233420 [2]:7 [3]:57
[0]:86237553 [1]:9776616 [2]:7 [3]:50
[0]:87250670 [1]:10295944 [2]:7 [3]:11
[0]:88276353 [1]:10823257 [2]:7 [3]:53
[0]:89305587 [1]:11349662 [2]:7 [3]:15
[0]:90317364 [1]:11870576 [2]:7 [3]:11
[0]:91679192 [1]:12569995 [2]:7 [3]:11
[0]:92750790 [1]:13121377 [2]:7 [3]:15
[0]:94209542 [1]:13868740 [2]:7 [3]:11
[0]:95391481 [1]:14468211 [2]:7 [3]:10
[0]:96525124 [1]:15046926 [2]:7 [3]:14
[0]:97951480 [1]:15781281 [2]:7 [3]:57
[0]:99114364 [1]:16375049 [2]:7 [3]:17
[0]:100261651 [1]:16960233 [2]:7 [3]:12
[0]:101413324 [1]:17547252 [2]:7 [3]:16
[0]:102604696 [1]:18162903 [2]:7 [3]:53
[0]:103792399 [1]:18771087 [2]:7 [3]:13
[0]:104920952 [1]:19351320 [2]:7 [3]:12
[0]:106088245 [1]:19952862 [2]:7 [3]:11
[0]:107367504 [1]:20605037 [2]:7 [3]:55
[0]:108558288 [1]:21211758 [2]:7 [3]:15
[0]:109665152 [1]:21775199 [2]:7 [3]:11
[0]:110861295 [1]:22384354 [2]:7 [3]:17
[0]:112081056 [1]:23007212 [2]:7 [3]:14
[0]:113326141 [1]:23639525 [2]:7 [3]:13
[0]:114480495 [1]:24225439 [2]:7 [3]:59
[0]:115642261 [1]:24816927 [2]:7 [3]:11
[0]:116760776 [1]:25390559 [2]:7 [3]:19
[0]:117859463 [1]:25951458 [2]:7 [3]:9
[0]:119197768 [1]:26636379 [2]:7 [3]:17
[0]:120356404 [1]:27228527 [2]:7 [3]:54
[0]:121461579 [1]:27796485 [2]:7 [3]:52
[0]:122561749 [1]:28358666 [2]:7 [3]:50
[0]:123739847 [1]:28960054 [2]:7 [3]:19
[0]:124926896 [1]:29563107 [2]:7 [3]:47
[0]:126060662 [1]:30144076 [2]:7 [3]:9
[0]:127173954 [1]:30709509 [2]:7 [3]:52
[0]:128303656 [1]:31291194 [2]:7 [3]:53
[0]:129448171 [1]:31874578 [2]:7 [3]:10
[0]:130592525 [1]:32461069 [2]:7 [3]:10
[0]:131748408 [1]:33052419 [2]:7 [3]:10
[0]:132887032 [1]:33636304 [2]:7 [3]:54
[0]:134064848 [1]:34238159 [2]:7 [3]:10
[0]:135132828 [1]:34783047 [2]:7 [3]:53
[0]:136223210 [1]:35342416 [2]:7 [3]:49
[0]:137272122 [1]:35882194 [2]:7 [3]:50
[0]:138482679 [1]:36498155 [2]:7 [3]:14
[0]:139758363 [1]:37147309 [2]:7 [3]:12
[0]:140781560 [1]:37670358 [2]:7 [3]:49
[0]:141893594 [1]:38241712 [2]:7 [3]:49
[0]:142928273 [1]:38773009 [2]:7 [3]:9
[0]:143934743 [1]:39284177 [2]:7 [3]:54
[0]:145073094 [1]:39865974 [2]:7 [3]:54
[0]:146159697 [1]:40423720 [2]:7 [3]:14
[0]:147175745 [1]:40942255 [2]:7 [3]:50
[0]:148174301 [1]:41455816 [2]:7 [3]:16
[0]:149227358 [1]:41992563 [2]:7 [3]:46
[0]:150459715 [1]:42623359 [2]:7 [3]:10
[0]:151726904 [1]:43273056 [2]:7 [3]:49
[0]:152839872 [1]:43845581 [2]:7 [3]:16
[0]:153917501 [1]:44392343 [2]:7 [3]:17
[0]:155018162 [1]:44948822 [2]:7 [3]:12
[0]:156053459 [1]:45474674 [2]:7 [3]:11
[0]:157059168 [1]:45991160 [2]:7 [3]:14
[0]:158111812 [1]:46529482 [2]:7 [3]:53
[0]:159125280 [1]:47049458 [2]:7 [3]:11
[0]:160169986 [1]:47584844 [2]:7 [3]:10
[0]:161204174 [1]:48111602 [2]:7 [3]:13
[0]:162214808 [1]:48631720 [2]:7 [3]:12
[0]:163232802 [1]:49152560 [2]:7 [3]:21
[0]:164305141 [1]:49703085 [2]:7 [3]:13
[0]:165367012 [1]:50241965 [2]:7 [3]:9
[0]:166538824 [1]:50838680 [2]:7 [3]:16
[0]:167818784 [1]:51494920 [2]:7 [3]:48
[0]:169041641 [1]:52120138 [2]:7 [3]:53
[0]:170275970 [1]:52751157 [2]:7 [3]:52
[0]:171457464 [1]:53352217 [2]:7 [3]:54
[0]:172755179 [1]:54011585 [2]:7 [3]:52
[0]:173913658 [1]:54609196 [2]:7 [3]:18
[0]:175105016 [1]:55215832 [2]:7 [3]:55
[0]:176242189 [1]:55797798 [2]:7 [3]:16
[0]:177388163 [1]:56387447 [2]:7 [3]:53
[0]:178771453 [1]:57090007 [2]:7 [3]:11
[0]:179902782 [1]:57665556 [2]:7 [3]:11
[0]:181072711 [1]:58258259 [2]:7 [3]:12
[0]:182263120 [1]:58864847 [2]:7 [3]:12
[0]:183476957 [1]:59486626 [2]:7 [3]:11
