[0]:0 [1]:0 [2]:0 [3]:0
[0]:0 [1]:0 [2]:0 [3]:0
[0]:0 [1]:0 [2]:0 [3]:0
[0]:0 [1]:0 [2]:0 [3]:0
[0]:566861 [1]:0 [2]:0 [3]:10
[0]:2426197 [1]:0 [2]:0 [3]:32
[0]:4149256 [1]:0 [2]:0 [3]:28
[0]:5918329 [1]:0 [2]:0 [3]:30
[0]:7660234 [1]:0 [2]:0 [3]:11
[0]:9428035 [1]:0 [2]:0 [3]:9
[0]:11159505 [1]:0 [2]:0 [3]:10
[0]:13510524 [1]:0 [2]:0 [3]:9
[0]:15218467 [1]:0 [2]:0 [3]:31
[0]:16913048 [1]:0 [2]:0 [3]:9
[0]:18855868 [1]:0 [2]:0 [3]:8
[0]:20974817 [1]:0 [2]:0 [3]:12
[0]:22936753 [1]:0 [2]:0 [3]:7
[0]:25303481 [1]:0 [2]:0 [3]:8
[0]:27044333 [1]:0 [2]:0 [3]:33
[0]:28842999 [1]:0 [2]:0 [3]:31
[0]:30552619 [1]:0 [2]:0 [3]:11
[0]:32250168 [1]:0 [2]:0 [3]:30
[0]:33955264 [1]:0 [2]:0 [3]:31
[0]:35804338 [1]:0 [2]:0 [3]:8
[0]:37540444 [1]:0 [2]:0 [3]:7
[0]:39271440 [1]:0 [2]:0 [3]:10
[0]:40983402 [1]:0 [2]:0 [3]:12
[0]:42683893 [1]:0 [2]:0 [3]:11
[0]:44445775 [1]:0 [2]:0 [3]:7
[0]:46532130 [1]:0 [2]:0 [3]:30
[0]:48768638 [1]:0 [2]:0 [3]:8
[0]:51133696 [1]:0 [2]:0 [3]:9
[0]:53901741 [1]:0 [2]:0 [3]:30
[0]:55772695 [1]:0 [2]:0 [3]:12
[0]:57741914 [1]:0 [2]:0 [3]:28
[0]:59933637 [1]:0 [2]:0 [3]:11
[0]:62129326 [1]:0 [2]:0 [3]:14
[0]:64013492 [1]:0 [2]:0 [3]:7
[0]:66029360 [1]:0 [2]:0 [3]:30
[0]:67559947 [1]:218492 [2]:7 [3]:17
[0]:68748440 [1]:822532 [2]:7 [3]:54
[0]:69877322 [1]:1405867 [2]:7 [3]:16
[0]:71191860 [1]:2072591 [2]:7 [3]:14
[0]:72306226 [1]:2642722 [2]:7 [3]:53
[0]:73420107 [1]:3217490 [2]:7 [3]:49
[0]:74585644 [1]:3810690 [2]:7 [3]:14
[0]:75703840 [1]:4386609 [2]:7 [3]:55
[0]:76847216 [1]:4973136 [2]:7 [3]:53
[0]:77932704 [1]:5529216 [2]:7 [3]:50
[0]:79058616 [1]:6102782 [2]:7 [3]:14
[0]:80081058 [1]:6625454 [2]:7 [3]:14
[0]:81068446 [1]:7128144 [2]:7 [3]:14
[0]:82122180 [1]:7667174 [2]:7 [3]:50
[0]:83125238 [1]:8179726 [2]:7 [3]:15
[0]:84154465 [1]:8706882 [2]:7 [3]:51
[0]:85183520 [1]:9233420 [2]:7 [3]:57
[0]:86237553 [1]:9776616 [2]:7 [3]:50
[0]:87250670 [1]:10295944 [2]:7 [3]:11
[0]:88276353 [1]:10823257 [2]:7 [3]:53
[0]:89305587 [1]:11349662 [2]:7 [3]:15
[0]:90317364 [1]:11870576 [2]:7 [3]:11
[0]:91679192 [1]:12569995 [2]:7 [3]:11
[0]:92750790 [1]:13121377 [2]:7 [3]:15
[0]:94209542 [1]:13868740 [2]:7 [3]:11
[0]:95391481 [1]:14468211 [2]:7 [3]:10
[0]:96525124 [1]:15046926 [2]:7 [3]:14
[0]:97951480 [1]:15781281 [2]:7 [3]:57
[0]:99114364 [1]:16375049 [2]:7 [3]:17
[0]:100261651 [1]:16960233 [2]:7 [3]:12
[0]:101413324 [1]:17547252 [2]:7 [3]:16
[0]:102604696 [1]:18162903 [2]:7 [3]:53
[0]:103792399 [1]:18771087 [2]:7 [3]:13
[0]:104920952 [1]:19351320 [2]:7 [3]:12
[0]:106088245 [1]:19952862 [2]:7 [3]:11
[0]:107367504 [1]:20605037 [2]:7 [3]:55
[0]:108558288 [1]:21211758 [2]:7 [3]:15
[0]:109665152 [1]:21775199 [2]:7 [3]:11
[0]:110861295 [1]:22384354 [2]:7 [3]:17
[0]:112081056 [1]:23007212 [2]:7 [3]:14
[0]:113326141 [1]:23639525 [2]:7 [3]:13
[0]:114480495 [1]:24225439 [2]:7 [3]:59
[0]:115642261 [1]:24816927 [2]:7 [3]:11
[0]:116760776 [1]:25390559 [2]:7 [3]:19
[0]:117859463 [1]:25951458 [2]:7 [3]:9
[0]:119197768 [1]:26636379 [2]:7 [3]:17
[0]:120356404 [1]:27228527 [2]:7 [3]:54
[0]:121461579 [1]:27796485 [2]:7 [3]:52
[0]:122561749 [1]:28358666 [2]:7 [3]:50
[0]:123739847 [1]:28960054 [2]:7 [3]:19
[0]:124926896 [1]:29563107 [2]:7 [3]:47
[0]:126060662 [1]:30144076 [2]:7 [3]:9
[0]:127173954 [1]:30709509 [2]:7 [3]:52
[0]:128303656 [1]:31291194 [2]:7 [3]:53
[0]:129448171 [1]:31874578 [2]:7 [3]:10
[0]:130592525 [1]:32461069 [2]:7 [3]:10
[0]:131748408 [1]:33052419 [2]:7 [3]:10
[0]:132887032 [1]:33636304 [2]:7 [3]:54
[0]:134064848 [1]:34238159 [2]:7 [3]:10
[0]:135132828 [1]:34783047 [2]:7 [3]:53
[0]:136223210 [1]:35342416 [2]:7 [3]:49
[0]:137272122 [1]:35882194 [2]:7 [3]:50
[0]:138482679 [1]:36498155 [2]:7 [3]:14
[0]:139758363 [1]:37147309 [2]:7 [3]:12
[0]:140781560 [1]:37670358 [2]:7 [3]:49
[0]:141893594 [1]:38241712 [2]:7 [3]:49
[0]:142928273 [1]:38773009 [2]:7 [3]:9
[0]:143934743 [1]:39284177 [2]:7 [3]:54
[0]:145073094 [1]:39865974 [2]:7 [3]:54
[0]:146159697 [1]:40423720 [2]:7 [3]:14
[0]:147175745 [1]:40942255 [2]:7 [3]:50
[0]:148174301 [1]:41455816 [2]:7 [3]:16
[0]:149227358 [1]:41992563 [2]:7 [3]:46
[0]:150459715 [1]:42623359 [2]:7 [3]:10
[0]:151726904 [1]:43273056 [2]:7 [3]:49
[0]:152839872 [1]:43845581 [2]:7 [3]:16
[0]:153917501 [1]:44392343 [2]:7 [3]:17
[0]:155018162 [1]:44948822 [2]:7 [3]:12
[0]:156053459 [1]:45474674 [2]:7 [3]:11
[0]:157059168 [1]:45991160 [2]:7 [3]:14
[0]:158111812 [1]:46529482 [2]:7 [3]:53
[0]:159125280 [1]:47049458 [2]:7 [3]:11
[0]:160169986 [1]:47584844 [2]:7 [3]:10
[0]:161204174 [1]:48111602 [2]:7 [3]:13
[0]:162214808 [1]:48631720 [2]:7 [3]:12
[0]:163232802 [1]:49152560 [2]:7 [3]:21
[0]:164305141 [1]:49703085 [2]:7 [3]:13
[0]:165367012 [1]:50241965 [2]:7 [3]:9
[0]:166538824 [1]:50838680 [2]:7 [3]:16
[0]:167818784 [1]:51494920 [2]:7 [3]:48
[0]:169041641 [1]:52120138 [2]:7 [3]:53
[0]:170275970 [1]:52751157 [2]:7 [3]:52
[0]:171457464 [1]:53352217 [2]:7 [3]:54
[0]:172755179 [1]:54011585 [2]:7 [3]:52
[0]:173913658 [1]:54609196 [2]:7 [3]:18
[0]:175105016 [1]:55215832 [2]:7 [3]:55
[0]:176242189 [1]:55797798 [2]:7 [3]:16
[0]:177388163 [1]:56387447 [2]:7 [3]:53
[0]:178771453 [1]:57090007 [2]:7 [3]:11
[0]:179902782 [1]:57665556 [2]:7 [3]:11
[0]:181072711 [1]:58258259 [2]:7 [3]:12
[0]:182263120 [1]:58864847 [2]:7 [3]:12
[0]:183476957 [1]:59486626 [2]:7 [3]:11
[0]:184713199 [1]:60213706 [2]:7 [3]:60
[0]:186262479 [1]:61587202 [2]:7 [3]:16
[0]:187565041 [1]:62747637 [2]:7 [3]:59
[0]:188918205 [1]:63946818 [2]:7 [3]:13
[0]:190305181 [1]:65179477 [2]:7 [3]:19
[0]:191482683 [1]:66229386 [2]:7 [3]:61
[0]:192963282 [1]:67543300 [2]:7 [3]:59
[0]:194300337 [1]:68727712 [2]:7 [3]:18
[0]:195389291 [1]:69696823 [2]:7 [3]:21
[0]:196497347 [1]:70675629 [2]:7 [3]:12
[0]:197614146 [1]:71665431 [2]:7 [3]:58
[0]:198735800 [1]:72657003 [2]:7 [3]:14
[0]:199912562 [1]:73697985 [2]:7 [3]:17
[0]:201243988 [1]:74879549 [2]:7 [3]:20
[0]:202371868 [1]:75875801 [2]:7 [3]:49
[0]:203517195 [1]:76892686 [2]:7 [3]:21
[0]:204581252 [1]:77833107 [2]:7 [3]:63
[0]:205691155 [1]:78814163 [2]:7 [3]:18
[0]:207165060 [1]:80116712 [2]:7 [3]:17
[0]:208644592 [1]:81427615 [2]:7 [3]:15
[0]:209998785 [1]:82625029 [2]:7 [3]:52
[0]:211182805 [1]:83674660 [2]:7 [3]:18
[0]:212296014 [1]:84665313 [2]:7 [3]:19
[0]:213452746 [1]:85690640 [2]:7 [3]:18
[0]:214642002 [1]:86746460 [2]:7 [3]:18
[0]:215764958 [1]:87745397 [2]:7 [3]:12
[0]:216892739 [1]:88739295 [2]:7 [3]:17
[0]:217990725 [1]:89711723 [2]:7 [3]:20
[0]:219198975 [1]:90782318 [2]:7 [3]:19
[0]:220274073 [1]:91736707 [2]:7 [3]:18
[0]:221385670 [1]:92727144 [2]:7 [3]:51
[0]:222675975 [1]:93867262 [2]:7 [3]:15
[0]:223807180 [1]:94866986 [2]:7 [3]:12
[0]:225097543 [1]:96008306 [2]:7 [3]:16
[0]:226432597 [1]:97190522 [2]:7 [3]:24
[0]:228042861 [1]:98613431 [2]:7 [3]:57
[0]:229311153 [1]:99734873 [2]:7 [3]:19
[0]:230557696 [1]:100836449 [2]:7 [3]:23
[0]:231943100 [1]:102060413 [2]:7 [3]:18
[0]:233131810 [1]:103112373 [2]:7 [3]:20
[0]:234339794 [1]:104178569 [2]:7 [3]:13
[0]:235564974 [1]:105266202 [2]:7 [3]:18
[0]:236846153 [1]:106396935 [2]:7 [3]:18
[0]:238056174 [1]:107468621 [2]:7 [3]:47
[0]:239312014 [1]:108585797 [2]:7 [3]:14
[0]:240547209 [1]:109672580 [2]:7 [3]:54
[0]:241828308 [1]:110811174 [2]:7 [3]:11
[0]:243010392 [1]:111850816 [2]:7 [3]:21
[0]:244225465 [1]:112929232 [2]:7 [3]:56
[0]:245411004 [1]:113976298 [2]:7 [3]:12
[0]:246669355 [1]:115086917 [2]:7 [3]:16
[0]:247901507 [1]:116178582 [2]:7 [3]:18
[0]:249158493 [1]:117299289 [2]:7 [3]:17
[0]:250373882 [1]:118371751 [2]:7 [3]:13
[0]:251650671 [1]:119501269 [2]:7 [3]:19
[0]:252808729 [1]:120526014 [2]:7 [3]:16
[0]:253994593 [1]:121578678 [2]:7 [3]:21
[0]:255285570 [1]:122723349 [2]:7 [3]:17
[0]:256329456 [1]:123641491 [2]:7 [3]:14
[0]:257428405 [1]:124617600 [2]:7 [3]:14
[0]:258564794 [1]:125624449 [2]:7 [3]:57
[0]:259678256 [1]:126607228 [2]:7 [3]:14
[0]:260804181 [1]:127612071 [2]:7 [3]:13
[0]:261892288 [1]:128576434 [2]:7 [3]:15
[0]:263014233 [1]:129575381 [2]:7 [3]:18
[0]:264168765 [1]:130593806 [2]:7 [3]:15
[0]:265287941 [1]:131593581 [2]:7 [3]:58
[0]:266424080 [1]:132600358 [2]:7 [3]:51
[0]:267455522 [1]:133511826 [2]:7 [3]:13
[0]:268571194 [1]:134504402 [2]:7 [3]:22
[0]:269873906 [1]:135652820 [2]:7 [3]:19
[0]:271315883 [1]:136937587 [2]:7 [3]:12
[0]:272531491 [1]:138019291 [2]:7 [3]:14
[0]:273606988 [1]:138972784 [2]:7 [3]:17
[0]:274697237 [1]:139943607 [2]:6 [3]:16
[0]:275800545 [1]:140929377 [2]:7 [3]:20
[0]:276915180 [1]:141915330 [2]:7 [3]:17
[0]:278010857 [1]:142893077 [2]:7 [3]:14
[0]:279061883 [1]:143827950 [2]:7 [3]:18
[0]:280169978 [1]:144815961 [2]:7 [3]:20
[0]:281297419 [1]:145817983 [2]:7 [3]:16
[0]:282399254 [1]:146805356 [2]:7 [3]:58
[0]:283494719 [1]:147774307 [2]:7 [3]:16
[0]:284637694 [1]:148796728 [2]:7 [3]:11
[0]:285870690 [1]:149895583 [2]:7 [3]:15
[0]:286971936 [1]:150871668 [2]:7 [3]:13
[0]:288421798 [1]:152158996 [2]:7 [3]:11
[0]:289916658 [1]:153491538 [2]:7 [3]:14
[0]:291164003 [1]:154600082 [2]:7 [3]:12
[0]:292402862 [1]:155700817 [2]:7 [3]:14
[0]:293805539 [1]:156945008 [2]:7 [3]:17
[0]:295108222 [1]:158104422 [2]:7 [3]:16
[0]:296356964 [1]:159214843 [2]:7 [3]:12
[0]:297601712 [1]:160324789 [2]:7 [3]:17
[0]:298845521 [1]:161434288 [2]:6 [3]:18
[0]:300044708 [1]:162497898 [2]:7 [3]:16
[0]:301283985 [1]:163605904 [2]:7 [3]:12
[0]:302536315 [1]:164720331 [2]:7 [3]:21
[0]:303853969 [1]:165891471 [2]:7 [3]:49
[0]:305112658 [1]:167011292 [2]:7 [3]:19
[0]:306362862 [1]:168129446 [2]:7 [3]:17
[0]:307718892 [1]:169333059 [2]:7 [3]:57
[0]:308984652 [1]:170454363 [2]:7 [3]:57
[0]:310226634 [1]:171565340 [2]:7 [3]:21
[0]:311491960 [1]:172687885 [2]:7 [3]:17
[0]:312774733 [1]:173824517 [2]:7 [3]:17
[0]:314080551 [1]:174989332 [2]:7 [3]:18
[0]:315288472 [1]:176068948 [2]:7 [3]:16
[0]:316709950 [1]:177333042 [2]:7 [3]:58
[0]:317779734 [1]:178284448 [2]:7 [3]:15
[0]:319038932 [1]:179399814 [2]:7 [3]:15
[0]:320120287 [1]:180363861 [2]:7 [3]:16
[0]:321189887 [1]:181319656 [2]:7 [3]:19
[0]:322241678 [1]:182256573 [2]:7 [3]:11
[0]:323342041 [1]:183235760 [2]:7 [3]:19
[0]:324430267 [1]:184205271 [2]:7 [3]:18
[0]:325541381 [1]:185194918 [2]:7 [3]:16
[0]:326777099 [1]:186293277 [2]:7 [3]:17
[0]:327865594 [1]:187260792 [2]:7 [3]:60
[0]:328929890 [1]:188208550 [2]:7 [3]:21
[0]:330042275 [1]:189202026 [2]:7 [3]:14
[0]:331204613 [1]:190234277 [2]:7 [3]:12
[0]:332582960 [1]:191464872 [2]:7 [3]:13
[0]:333947156 [1]:192674881 [2]:7 [3]:12
[0]:335364156 [1]:193929540 [2]:7 [3]:15
[0]:336670273 [1]:195101171 [2]:7 [3]:15
[0]:337946396 [1]:196228443 [2]:7 [3]:17
[0]:339187372 [1]:197330485 [2]:7 [3]:18
[0]:340443292 [1]:198446946 [2]:7 [3]:17
[0]:341728271 [1]:199588743 [2]:7 [3]:14
[0]:342960805 [1]:200685512 [2]:7 [3]:18
[0]:344229908 [1]:201817576 [2]:7 [3]:12
[0]:345460557 [1]:202912383 [2]:7 [3]:16
[0]:346734102 [1]:204042638 [2]:7 [3]:14
[0]:347952341 [1]:205125961 [2]:7 [3]:59
[0]:349224525 [1]:206263228 [2]:7 [3]:17
[0]:350507585 [1]:207401474 [2]:7 [3]:14
[0]:351668231 [1]:208434098 [2]:7 [3]:16
[0]:353167913 [1]:209771317 [2]:7 [3]:16
[0]:354444955 [1]:210907634 [2]:7 [3]:14
[0]:355658353 [1]:211988989 [2]:7 [3]:15
[0]:356883873 [1]:213075213 [2]:7 [3]:50
[0]:358062934 [1]:214123431 [2]:7 [3]:12
[0]:359272322 [1]:215196923 [2]:7 [3]:16
[0]:360533896 [1]:216313320 [2]:7 [3]:19
[0]:361804134 [1]:217443518 [2]:7 [3]:51
[0]:363084526 [1]:218584042 [2]:6 [3]:20
[0]:364311600 [1]:219675591 [2]:7 [3]:15
[0]:365823592 [1]:220907128 [2]:7 [3]:13
[0]:367151772 [1]:221590591 [2]:7 [3]:9
[0]:368307985 [1]:222191996 [2]:7 [3]:11
[0]:369428242 [1]:222772239 [2]:7 [3]:9
[0]:370528905 [1]:223347417 [2]:7 [3]:54
[0]:371617207 [1]:223921249 [2]:6 [3]:54
[0]:372740058 [1]:224506701 [2]:7 [3]:50
[0]:373840997 [1]:225086566 [2]:7 [3]:9
[0]:374955916 [1]:225666403 [2]:7 [3]:13
[0]:376265220 [1]:226345686 [2]:7 [3]:55
[0]:377275671 [1]:226872780 [2]:6 [3]:11
[0]:378437624 [1]:227473095 [2]:7 [3]:12
[0]:379651790 [1]:228106114 [2]:7 [3]:10
[0]:380678594 [1]:228643657 [2]:7 [3]:52
[0]:381725783 [1]:229192971 [2]:7 [3]:50
[0]:382745245 [1]:229720907 [2]:7 [3]:14
[0]:383787823 [1]:230264063 [2]:7 [3]:52
[0]:384796959 [1]:230790936 [2]:7 [3]:13
[0]:385966446 [1]:231402233 [2]:7 [3]:51
[0]:386951630 [1]:231914966 [2]:7 [3]:15
[0]:387972501 [1]:232444462 [2]:7 [3]:50
[0]:389021529 [1]:232987555 [2]:7 [3]:49
[0]:390301140 [1]:233654691 [2]:6 [3]:13
[0]:391525456 [1]:234293753 [2]:7 [3]:13
[0]:392937149 [1]:235027130 [2]:7 [3]:54
[0]:394143034 [1]:235652889 [2]:7 [3]:53
[0]:395260401 [1]:236236744 [2]:7 [3]:51
[0]:396246108 [1]:236752830 [2]:7 [3]:55
[0]:397606892 [1]:237461751 [2]:6 [3]:11
[0]:398582665 [1]:237973327 [2]:7 [3]:14
[0]:399602581 [1]:238503087 [2]:7 [3]:59
[0]:400603818 [1]:239025425 [2]:7 [3]:8
[0]:401660891 [1]:239573413 [2]:7 [3]:9
[0]:402663753 [1]:240093586 [2]:6 [3]:14
[0]:403681768 [1]:240625795 [2]:7 [3]:15
[0]:404682820 [1]:241150035 [2]:7 [3]:14
[0]:405698738 [1]:241678827 [2]:7 [3]:52
[0]:406692296 [1]:242197129 [2]:7 [3]:11
[0]:407908821 [1]:242830237 [2]:7 [3]:9
[0]:409155019 [1]:243478932 [2]:6 [3]:11
[0]:410540159 [1]:244201889 [2]:7 [3]:12
[0]:411735558 [1]:244822909 [2]:7 [3]:52
[0]:412818906 [1]:245392933 [2]:7 [3]:13
[0]:413993162 [1]:246008358 [2]:7 [3]:51
[0]:415108436 [1]:246586101 [2]:7 [3]:14
[0]:416265290 [1]:247191738 [2]:7 [3]:50
[0]:417445938 [1]:247811298 [2]:6 [3]:11
[0]:418608574 [1]:248418845 [2]:7 [3]:53
[0]:419938466 [1]:249109263 [2]:7 [3]:50
[0]:421296393 [1]:249817464 [2]:7 [3]:12
[0]:422430309 [1]:250408128 [2]:7 [3]:56
[0]:423659845 [1]:251046946 [2]:7 [3]:54
[0]:424742686 [1]:251609078 [2]:7 [3]:54
[0]:425868010 [1]:252191511 [2]:7 [3]:54
[0]:427145736 [1]:252853500 [2]:7 [3]:56
[0]:428268114 [1]:253434964 [2]:7 [3]:50
[0]:429411883 [1]:254027542 [2]:7 [3]:56
[0]:430544110 [1]:254627326 [2]:7 [3]:8
[0]:431667669 [1]:255213024 [2]:7 [3]:10
[0]:432849560 [1]:255828864 [2]:7 [3]:10
[0]:433893005 [1]:256372906 [2]:7 [3]:58
[0]:434912042 [1]:256901512 [2]:7 [3]:12
[0]:435933933 [1]:257431536 [2]:7 [3]:49
[0]:436959202 [1]:257967970 [2]:7 [3]:12
[0]:437950716 [1]:258481277 [2]:7 [3]:56
[0]:438922781 [1]:258990954 [2]:7 [3]:17
[0]:439959222 [1]:259532385 [2]:7 [3]:8
[0]:440990617 [1]:260067878 [2]:7 [3]:16
[0]:442353821 [1]:260776285 [2]:7 [3]:55
[0]:443359449 [1]:261299748 [2]:7 [3]:12
[0]:444637956 [1]:261968490 [2]:7 [3]:16
[0]:445642572 [1]:262497275 [2]:7 [3]:14
[0]:446769907 [1]:263083865 [2]:6 [3]:12
[0]:448186246 [1]:263817577 [2]:6 [3]:49
[0]:449331803 [1]:264415771 [2]:7 [3]:10
[0]:450449096 [1]:264994567 [2]:7 [3]:9
[0]:451493653 [1]:265537660 [2]:7 [3]:53
[0]:452537525 [1]:266078866 [2]:7 [3]:17
[0]:453516696 [1]:266589361 [2]:7 [3]:60
[0]:454536779 [1]:267116940 [2]:7 [3]:15
[0]:455528721 [1]:267635772 [2]:7 [3]:13
[0]:456526273 [1]:268157521 [2]:7 [3]:12
[0]:457546142 [1]:268688043 [2]:7 [3]:53
[0]:458574545 [1]:269222887 [2]:7 [3]:44
[0]:459597184 [1]:269761679 [2]:7 [3]:42
[0]:460750138 [1]:270368003 [2]:7 [3]:49
[0]:461802899 [1]:270913498 [2]:7 [3]:52
[0]:462890052 [1]:271480400 [2]:7 [3]:14
[0]:464038213 [1]:272078310 [2]:7 [3]:52
[0]:465472611 [1]:272827452 [2]:7 [3]:13
[0]:466630147 [1]:273431090 [2]:7 [3]:11
[0]:467967407 [1]:274129730 [2]:7 [3]:15
[0]:469117757 [1]:274730219 [2]:6 [3]:51
[0]:470249313 [1]:275323877 [2]:7 [3]:11
[0]:471506510 [1]:275978022 [2]:7 [3]:13
[0]:472610016 [1]:276555883 [2]:7 [3]:47
[0]:473749716 [1]:277147142 [2]:7 [3]:13
[0]:474877584 [1]:277735223 [2]:7 [3]:55
[0]:475993637 [1]:278318087 [2]:7 [3]:50
[0]:477135301 [1]:278913100 [2]:7 [3]:18
[0]:478285500 [1]:279510113 [2]:6 [3]:51
[0]:479467637 [1]:280126345 [2]:7 [3]:14
[0]:480645488 [1]:280740303 [2]:7 [3]:13
[0]:481770524 [1]:281322918 [2]:7 [3]:14
[0]:482870107 [1]:281894882 [2]:7 [3]:9
[0]:484097863 [1]:282535615 [2]:7 [3]:55
[0]:485248115 [1]:283138454 [2]:6 [3]:16
[0]:486560261 [1]:283819479 [2]:7 [3]:56
[0]:487683370 [1]:284400804 [2]:7 [3]:8
[0]:488806381 [1]:284985640 [2]:7 [3]:55
[0]:489809580 [1]:285508630 [2]:7 [3]:10
[0]:490833291 [1]:286043344 [2]:7 [3]:14
[0]:491863275 [1]:286581276 [2]:7 [3]:13
[0]:492885766 [1]:287115052 [2]:7 [3]:13
[0]:494065959 [1]:287738971 [2]:6 [3]:13
[0]:495091759 [1]:288273222 [2]:7 [3]:18
[0]:496196980 [1]:288855267 [2]:7 [3]:9
[0]:497218667 [1]:289391501 [2]:6 [3]:14
[0]:498266311 [1]:289937851 [2]:7 [3]:50
[0]:499341457 [1]:290500188 [2]:7 [3]:17
[0]:500355527 [1]:291034478 [2]:7 [3]:15
[0]:501382625 [1]:291570925 [2]:7 [3]:53
[0]:502374815 [1]:292090981 [2]:7 [3]:14
[0]:503468227 [1]:292659230 [2]:7 [3]:12
[0]:505301647 [1]:293613590 [2]:7 [3]:47
[0]:506384418 [1]:294178310 [2]:7 [3]:57
[0]:507416072 [1]:294718348 [2]:7 [3]:13
[0]:508465598 [1]:295269942 [2]:7 [3]:47
[0]:509485681 [1]:295808301 [2]:7 [3]:49
[0]:510511698 [1]:296344380 [2]:6 [3]:31
[0]:511563529 [1]:296896082 [2]:7 [3]:13
[0]:512538395 [1]:297401702 [2]:7 [3]:13
[0]:513536496 [1]:297926908 [2]:7 [3]:50
[0]:514566672 [1]:298465989 [2]:7 [3]:55
[0]:515647937 [1]:299034914 [2]:7 [3]:13
[0]:516681479 [1]:299574563 [2]:7 [3]:11
[0]:517737797 [1]:300120747 [2]:7 [3]:58
[0]:518835201 [1]:300696714 [2]:7 [3]:51
[0]:519918338 [1]:301260260 [2]:7 [3]:53
[0]:521354073 [1]:302009488 [2]:7 [3]:10
[0]:522550496 [1]:302636736 [2]:7 [3]:17
[0]:523622824 [1]:303198926 [2]:7 [3]:8
[0]:524758795 [1]:303792042 [2]:7 [3]:17
[0]:525904069 [1]:304388665 [2]:7 [3]:50
[0]:527134929 [1]:305029461 [2]:7 [3]:34
[0]:528332295 [1]:305656160 [2]:7 [3]:12
[0]:529428988 [1]:306229411 [2]:7 [3]:10
[0]:530622985 [1]:306856269 [2]:7 [3]:12
[0]:531893299 [1]:307732689 [2]:7 [3]:17
[0]:533175694 [1]:308878256 [2]:7 [3]:18
[0]:534635702 [1]:310172220 [2]:7 [3]:20
[0]:535882260 [1]:311285753 [2]:7 [3]:20
[0]:537165501 [1]:312422079 [2]:7 [3]:15
[0]:538660530 [1]:313748773 [2]:7 [3]:20
[0]:539972101 [1]:314913687 [2]:7 [3]:17
[0]:541328171 [1]:316118176 [2]:7 [3]:17
[0]:542543220 [1]:317198643 [2]:7 [3]:21
[0]:543849382 [1]:318362478 [2]:7 [3]:14
[0]:545122396 [1]:319492513 [2]:7 [3]:51
[0]:546310812 [1]:320547190 [2]:7 [3]:18
[0]:547645119 [1]:321742403 [2]:7 [3]:17
[0]:548763493 [1]:322739195 [2]:7 [3]:21
[0]:549863235 [1]:323715978 [2]:7 [3]:56
[0]:551049167 [1]:324769027 [2]:7 [3]:17
[0]:552160595 [1]:325763822 [2]:7 [3]:14
[0]:553275617 [1]:326749689 [2]:7 [3]:17
[0]:554363723 [1]:327719855 [2]:7 [3]:17
[0]:555451242 [1]:328690605 [2]:7 [3]:59
[0]:556589192 [1]:329697506 [2]:7 [3]:18
[0]:557724442 [1]:330714821 [2]:7 [3]:16
[0]:558827760 [1]:331691775 [2]:7 [3]:14
[0]:560119282 [1]:332841723 [2]:7 [3]:18
[0]:561228603 [1]:333825928 [2]:6 [3]:18
[0]:562526518 [1]:334988694 [2]:7 [3]:16
[0]:563851386 [1]:336163773 [2]:7 [3]:22
[0]:565243439 [1]:337409009 [2]:7 [3]:17
[0]:566412228 [1]:338442028 [2]:7 [3]:18
[0]:567567876 [1]:339475421 [2]:7 [3]:16
[0]:568665261 [1]:340449309 [2]:7 [3]:15
[0]:569880212 [1]:341532193 [2]:7 [3]:18
[0]:571002696 [1]:342527334 [2]:7 [3]:23
[0]:572136048 [1]:343540259 [2]:7 [3]:20
[0]:573338136 [1]:344609287 [2]:6 [3]:19
[0]:574470950 [1]:345615394 [2]:7 [3]:16
[0]:575573280 [1]:346601689 [2]:7 [3]:54
[0]:576743684 [1]:347646386 [2]:7 [3]:54
[0]:577871347 [1]:348644135 [2]:7 [3]:55
[0]:579464960 [1]:350058830 [2]:7 [3]:13
[0]:580746430 [1]:351203542 [2]:7 [3]:21
[0]:582216233 [1]:352510564 [2]:7 [3]:17
[0]:583714948 [1]:353848229 [2]:7 [3]:19
[0]:585261200 [1]:355223720 [2]:7 [3]:49
[0]:586551716 [1]:356373835 [2]:7 [3]:26
[0]:587786404 [1]:357469647 [2]:7 [3]:18
[0]:589059836 [1]:358601601 [2]:7 [3]:19
[0]:590604007 [1]:359977220 [2]:7 [3]:16
[0]:591797810 [1]:361045093 [2]:7 [3]:12
[0]:593067709 [1]:362170809 [2]:7 [3]:53
[0]:594320563 [1]:363287370 [2]:7 [3]:55
[0]:595562373 [1]:364386284 [2]:7 [3]:51
[0]:596804039 [1]:365491833 [2]:7 [3]:21
[0]:598050074 [1]:366602584 [2]:7 [3]:13
[0]:599280485 [1]:367700296 [2]:7 [3]:18
[0]:600520379 [1]:368796178 [2]:7 [3]:12
[0]:602052974 [1]:370159917 [2]:7 [3]:15
[0]:603407276 [1]:371362899 [2]:7 [3]:57
[0]:604811241 [1]:372613784 [2]:7 [3]:13
[0]:606209318 [1]:373854673 [2]:7 [3]:16
[0]:607423090 [1]:374934514 [2]:7 [3]:19
[0]:608778219 [1]:376139678 [2]:7 [3]:18
[0]:609925001 [1]:377158659 [2]:7 [3]:15
[0]:610998566 [1]:378113130 [2]:7 [3]:18
[0]:612092205 [1]:379086532 [2]:7 [3]:53
[0]:613191751 [1]:380066603 [2]:7 [3]:16
[0]:614413032 [1]:381155462 [2]:7 [3]:61
[0]:615548944 [1]:382165731 [2]:6 [3]:13
[0]:616638149 [1]:383131721 [2]:7 [3]:17
[0]:617725894 [1]:384100967 [2]:7 [3]:16
[0]:618816009 [1]:385064621 [2]:7 [3]:62
[0]:619933135 [1]:386059676 [2]:7 [3]:60
[0]:621303723 [1]:387278863 [2]:7 [3]:55
[0]:622418786 [1]:388266620 [2]:7 [3]:50
[0]:623508100 [1]:389233794 [2]:7 [3]:14
[0]:624764309 [1]:390354452 [2]:7 [3]:21
[0]:626142080 [1]:391587306 [2]:7 [3]:16
[0]:627990569 [1]:393226543 [2]:7 [3]:16
[0]:629164213 [1]:394271208 [2]:7 [3]:21
[0]:630345368 [1]:395321975 [2]:7 [3]:14
[0]:631513258 [1]:396367780 [2]:7 [3]:57
[0]:632794944 [1]:397505504 [2]:7 [3]:60
[0]:634156866 [1]:398715862 [2]:7 [3]:16
[0]:635285183 [1]:399717352 [2]:7 [3]:24
[0]:636518109 [1]:400816370 [2]:7 [3]:57
[0]:637604016 [1]:401786092 [2]:7 [3]:13
[0]:638694586 [1]:402758384 [2]:7 [3]:16
[0]:639758725 [1]:403708704 [2]:7 [3]:14
[0]:641083253 [1]:404888059 [2]:7 [3]:24
[0]:642457354 [1]:406108591 [2]:7 [3]:15
[0]:643785704 [1]:407288568 [2]:7 [3]:18
[0]:645091585 [1]:408451407 [2]:7 [3]:19
[0]:646433133 [1]:409647695 [2]:7 [3]:55
[0]:647654489 [1]:410734380 [2]:6 [3]:16
[0]:648901971 [1]:411838604 [2]:7 [3]:20
[0]:650169084 [1]:412971777 [2]:7 [3]:55
[0]:651419301 [1]:414086311 [2]:7 [3]:22
[0]:652647607 [1]:415178044 [2]:7 [3]:21
[0]:653886549 [1]:416272047 [2]:7 [3]:12
[0]:655120116 [1]:417370473 [2]:7 [3]:22
[0]:656453609 [1]:418555843 [2]:7 [3]:16
[0]:657733906 [1]:419695215 [2]:7 [3]:15
[0]:659017681 [1]:420834344 [2]:7 [3]:21
[0]:660250868 [1]:421930729 [2]:7 [3]:21
[0]:661499465 [1]:423034898 [2]:7 [3]:52
[0]:662717535 [1]:424122698 [2]:7 [3]:15
[0]:663999651 [1]:425266985 [2]:7 [3]:58
[0]:665232658 [1]:426360554 [2]:7 [3]:24
[0]:666876190 [1]:427819923 [2]:7 [3]:16
[0]:668208999 [1]:429006395 [2]:7 [3]:22
[0]:669466256 [1]:430122955 [2]:7 [3]:18
[0]:670746360 [1]:431262447 [2]:7 [3]:22
[0]:671821295 [1]:432216571 [2]:6 [3]:59
[0]:672947710 [1]:433222223 [2]:7 [3]:11
[0]:674004648 [1]:434162791 [2]:7 [3]:56
[0]:675239199 [1]:435263120 [2]:7 [3]:14
[0]:676661831 [1]:436526372 [2]:7 [3]:20
[0]:677809612 [1]:437542521 [2]:7 [3]:52
[0]:678897243 [1]:438512084 [2]:7 [3]:13
[0]:680032199 [1]:439525299 [2]:7 [3]:17
[0]:681133900 [1]:440500378 [2]:7 [3]:18
[0]:682204288 [1]:441453654 [2]:7 [3]:17
[0]:683277435 [1]:442408989 [2]:7 [3]:18
[0]:684666237 [1]:443633916 [2]:7 [3]:15
[0]:685817567 [1]:444664358 [2]:6 [3]:21
[0]:687125605 [1]:445825025 [2]:7 [3]:50
[0]:688421992 [1]:446972220 [2]:7 [3]:64
[0]:689901119 [1]:448281538 [2]:7 [3]:13
[0]:691162803 [1]:449406917 [2]:7 [3]:16
[0]:692576911 [1]:450662462 [2]:7 [3]:18
[0]:693717494 [1]:451674678 [2]:6 [3]:61
[0]:694983105 [1]:452796636 [2]:7 [3]:53
[0]:696095131 [1]:453786014 [2]:7 [3]:17
[0]:697208305 [1]:454774875 [2]:7 [3]:58
[0]:698320963 [1]:455767328 [2]:7 [3]:58
[0]:699409188 [1]:456738261 [2]:7 [3]:52
[0]:700520303 [1]:457721088 [2]:7 [3]:20
[0]:701610451 [1]:458693430 [2]:7 [3]:59
[0]:702699144 [1]:459653386 [2]:7 [3]:55
[0]:703813125 [1]:460647234 [2]:7 [3]:21
[0]:705099938 [1]:461794220 [2]:7 [3]:21
[0]:706987258 [1]:463477718 [2]:7 [3]:17
[0]:708287114 [1]:464632480 [2]:7 [3]:17
[0]:709593616 [1]:465790654 [2]:7 [3]:15
[0]:711110231 [1]:467139404 [2]:7 [3]:16
[0]:712376737 [1]:468258280 [2]:7 [3]:16
[0]:713524336 [1]:468861413 [2]:7 [3]:16
[0]:714672956 [1]:469458192 [2]:6 [3]:56
[0]:715831804 [1]:470060365 [2]:7 [3]:16
[0]:717092845 [1]:470718610 [2]:6 [3]:7
[0]:718262642 [1]:471329295 [2]:7 [3]:53
[0]:719385071 [1]:471909748 [2]:7 [3]:14
[0]:720633305 [1]:472563162 [2]:7 [3]:12
[0]:721712529 [1]:473123609 [2]:7 [3]:59
[0]:722816394 [1]:473700641 [2]:6 [3]:16
[0]:723951449 [1]:474293519 [2]:7 [3]:17
[0]:725175281 [1]:474934773 [2]:7 [3]:49
[0]:726347720 [1]:475544255 [2]:6 [3]:58
[0]:727523822 [1]:476159583 [2]:7 [3]:52
[0]:729065407 [1]:476968416 [2]:7 [3]:13
[0]:730353366 [1]:477647424 [2]:7 [3]:16
[0]:731390202 [1]:478187894 [2]:7 [3]:15
[0]:732572582 [1]:478809614 [2]:7 [3]:11
[0]:733596239 [1]:479345774 [2]:7 [3]:13
[0]:734590166 [1]:479866775 [2]:7 [3]:14
[0]:735639702 [1]:480417382 [2]:6 [3]:14
[0]:736671064 [1]:480953142 [2]:7 [3]:48
[0]:737908123 [1]:481598774 [2]:7 [3]:11
[0]:738900105 [1]:482120483 [2]:7 [3]:60
[0]:739874963 [1]:482638051 [2]:7 [3]:52
[0]:740842206 [1]:483146684 [2]:6 [3]:14
[0]:741884042 [1]:483692747 [2]:7 [3]:10
[0]:742990517 [1]:484275608 [2]:7 [3]:12
[0]:744004621 [1]:484806577 [2]:7 [3]:15
[0]:745101418 [1]:485379545 [2]:7 [3]:8
[0]:746348604 [1]:486033009 [2]:7 [3]:14
[0]:747540675 [1]:486655112 [2]:7 [3]:49
[0]:748802557 [1]:487318713 [2]:7 [3]:14
[0]:750064658 [1]:487975171 [2]:7 [3]:15
[0]:751366431 [1]:488656170 [2]:7 [3]:9
[0]:752503799 [1]:489249411 [2]:7 [3]:56
[0]:753655322 [1]:489853152 [2]:7 [3]:17
[0]:754785401 [1]:490447565 [2]:7 [3]:58
[0]:755891933 [1]:491028830 [2]:7 [3]:14
[0]:757065565 [1]:491637912 [2]:7 [3]:10
[0]:758246479 [1]:492249608 [2]:7 [3]:15
[0]:759395388 [1]:492849303 [2]:7 [3]:18
[0]:760550896 [1]:493453708 [2]:7 [3]:54
[0]:761780766 [1]:494092539 [2]:7 [3]:13
[0]:762994979 [1]:494728033 [2]:7 [3]:17
[0]:764111916 [1]:495311918 [2]:7 [3]:49
[0]:765319313 [1]:495944317 [2]:7 [3]:9
[0]:766467234 [1]:496548723 [2]:7 [3]:13
[0]:767766941 [1]:497229356 [2]:7 [3]:13
[0]:768904186 [1]:497824505 [2]:7 [3]:15
[0]:770026244 [1]:498411014 [2]:7 [3]:8
[0]:771191644 [1]:499020981 [2]:7 [3]:47
[0]:772292871 [1]:499598537 [2]:7 [3]:45
[0]:773418398 [1]:500188477 [2]:7 [3]:50
[0]:774646611 [1]:500831095 [2]:7 [3]:54
[0]:775808756 [1]:501439234 [2]:7 [3]:49
[0]:776956372 [1]:502039985 [2]:7 [3]:51
[0]:778134929 [1]:502657907 [2]:7 [3]:14
[0]:779316746 [1]:503270964 [2]:7 [3]:18
[0]:780571879 [1]:503935266 [2]:7 [3]:51
[0]:781812667 [1]:504585680 [2]:7 [3]:48
[0]:782996841 [1]:505207080 [2]:7 [3]:50
[0]:784213402 [1]:505845948 [2]:7 [3]:12
[0]:785547744 [1]:506541105 [2]:7 [3]:46
[0]:786750048 [1]:507168129 [2]:7 [3]:10
[0]:787787264 [1]:507710213 [2]:7 [3]:12
[0]:789093936 [1]:508389925 [2]:7 [3]:53
[0]:790464265 [1]:509107134 [2]:6 [3]:15
[0]:791504336 [1]:509648881 [2]:7 [3]:55
[0]:792794929 [1]:510327800 [2]:7 [3]:9
[0]:793830126 [1]:510864772 [2]:7 [3]:12
[0]:794832370 [1]:511390184 [2]:7 [3]:49
[0]:796183350 [1]:512094067 [2]:7 [3]:12
[0]:797191709 [1]:512621422 [2]:7 [3]:16
[0]:798167143 [1]:513131170 [2]:7 [3]:12
[0]:799354386 [1]:513757805 [2]:7 [3]:17
[0]:800371121 [1]:514284925 [2]:7 [3]:49
[0]:801493714 [1]:514875728 [2]:7 [3]:16
[0]:802736826 [1]:515521778 [2]:7 [3]:16
[0]:803887067 [1]:516124895 [2]:7 [3]:13
[0]:805189665 [1]:516804968 [2]:7 [3]:52
[0]:806297979 [1]:517385543 [2]:7 [3]:18
[0]:807336663 [1]:517928533 [2]:7 [3]:15
[0]:808514958 [1]:518552908 [2]:7 [3]:45
[0]:809505964 [1]:519069604 [2]:7 [3]:11
[0]:810613822 [1]:519649322 [2]:7 [3]:10
[0]:811630581 [1]:520180041 [2]:7 [3]:10
[0]:812652074 [1]:520710677 [2]:7 [3]:11
[0]:813709050 [1]:521257532 [2]:7 [3]:20
[0]:815151582 [1]:522003880 [2]:7 [3]:52
[0]:816165881 [1]:522530507 [2]:7 [3]:16
[0]:817174874 [1]:523055145 [2]:7 [3]:15
[0]:818283481 [1]:523639009 [2]:6 [3]:12
[0]:819500532 [1]:524276680 [2]:7 [3]:11
[0]:820774633 [1]:524945321 [2]:7 [3]:57
[0]:821997044 [1]:525585269 [2]:7 [3]:10
[0]:823436349 [1]:526331004 [2]:7 [3]:14
[0]:824583121 [1]:526925831 [2]:7 [3]:54
[0]:825796020 [1]:527567505 [2]:7 [3]:9
[0]:826965974 [1]:528180830 [2]:7 [3]:14
[0]:828124285 [1]:528782625 [2]:7 [3]:12
[0]:829368824 [1]:529428151 [2]:7 [3]:16
[0]:830597553 [1]:530070157 [2]:7 [3]:51
[0]:831881709 [1]:530744747 [2]:7 [3]:13
[0]:833136788 [1]:531398780 [2]:7 [3]:61
[0]:834523793 [1]:532121129 [2]:7 [3]:15
[0]:835923676 [1]:532853985 [2]:7 [3]:13
[0]:837051195 [1]:533439374 [2]:7 [3]:54
[0]:838181924 [1]:534036234 [2]:7 [3]:13
[0]:839378497 [1]:534662806 [2]:7 [3]:3
[0]:840560817 [1]:535281685 [2]:7 [3]:11
[0]:841700650 [1]:535876871 [2]:7 [3]:11
[0]:842859962 [1]:536481217 [2]:7 [3]:9
[0]:843917124 [1]:537032389 [2]:7 [3]:13
[0]:844890953 [1]:537543038 [2]:7 [3]:55
[0]:846042063 [1]:538146712 [2]:7 [3]:16
[0]:847273217 [1]:538790369 [2]:7 [3]:52
[0]:848248235 [1]:539304020 [2]:7 [3]:17
[0]:849291864 [1]:539846790 [2]:6 [3]:53
[0]:850281973 [1]:540366835 [2]:7 [3]:8
[0]:851299782 [1]:540901111 [2]:7 [3]:11
[0]:852663052 [1]:541611927 [2]:7 [3]:47
[0]:853711833 [1]:542160337 [2]:7 [3]:14
[0]:854701864 [1]:542677946 [2]:7 [3]:12
[0]:855701463 [1]:543204687 [2]:7 [3]:48
[0]:856741045 [1]:543748312 [2]:7 [3]:10
[0]:858117960 [1]:544466293 [2]:6 [3]:14
[0]:859345193 [1]:545111094 [2]:7 [3]:53
[0]:860803401 [1]:545875007 [2]:6 [3]:51
[0]:861844233 [1]:546412806 [2]:7 [3]:49
[0]:862932024 [1]:546979830 [2]:7 [3]:12
[0]:864173242 [1]:547629089 [2]:7 [3]:49
[0]:865166594 [1]:548144299 [2]:6 [3]:19
[0]:866183500 [1]:548679519 [2]:7 [3]:44
[0]:867452660 [1]:549343251 [2]:7 [3]:56
[0]:868464185 [1]:549870381 [2]:7 [3]:13
[0]:869462231 [1]:550393562 [2]:7 [3]:10
[0]:870648142 [1]:551019077 [2]:7 [3]:12
[0]:871686776 [1]:551557558 [2]:7 [3]:10
[0]:872654546 [1]:552062529 [2]:7 [3]:51
[0]:873686430 [1]:552596865 [2]:7 [3]:14
[0]:875066864 [1]:553321499 [2]:7 [3]:55
[0]:876403232 [1]:554361157 [2]:7 [3]:55
[0]:877834121 [1]:555632064 [2]:7 [3]:58
[0]:879092264 [1]:556753033 [2]:7 [3]:63
[0]:880390425 [1]:557902004 [2]:7 [3]:49
[0]:881630592 [1]:559006943 [2]:6 [3]:58
[0]:882862856 [1]:560103738 [2]:7 [3]:59
[0]:884126055 [1]:561224208 [2]:7 [3]:23
[0]:885451781 [1]:562407325 [2]:7 [3]:20
[0]:886783751 [1]:563596403 [2]:7 [3]:23
[0]:888040312 [1]:564709549 [2]:7 [3]:18
[0]:889394812 [1]:565913164 [2]:7 [3]:13
[0]:890613264 [1]:566997973 [2]:7 [3]:18
[0]:892006007 [1]:568239701 [2]:7 [3]:20
[0]:893505579 [1]:569570220 [2]:7 [3]:20
[0]:894787996 [1]:570707445 [2]:7 [3]:15
[0]:896119706 [1]:571891306 [2]:6 [3]:16
[0]:897403136 [1]:573036599 [2]:7 [3]:57
[0]:898626027 [1]:574117119 [2]:7 [3]:49
[0]:899818316 [1]:575176724 [2]:7 [3]:21
[0]:901200135 [1]:576411674 [2]:7 [3]:19
[0]:902409197 [1]:577484171 [2]:7 [3]:23
[0]:903569926 [1]:578513815 [2]:7 [3]:54
[0]:904685156 [1]:579513278 [2]:7 [3]:54
[0]:905812508 [1]:580512638 [2]:7 [3]:12
[0]:906923506 [1]:581500499 [2]:7 [3]:18
[0]:908067236 [1]:582512557 [2]:7 [3]:21
[0]:909204916 [1]:583525083 [2]:7 [3]:19
[0]:910456417 [1]:584642364 [2]:7 [3]:19
[0]:911574365 [1]:585640012 [2]:7 [3]:15
[0]:912655588 [1]:586596661 [2]:7 [3]:18
[0]:913748549 [1]:587568496 [2]:7 [3]:15
[0]:914866375 [1]:588564440 [2]:7 [3]:15
[0]:915988566 [1]:589560343 [2]:6 [3]:20
[0]:917251635 [1]:590684941 [2]:7 [3]:17
[0]:918597041 [1]:591877059 [2]:7 [3]:18
[0]:919933162 [1]:593065833 [2]:7 [3]:21
[0]:921129365 [1]:594130020 [2]:7 [3]:21
[0]:922242091 [1]:595124459 [2]:7 [3]:18
[0]:923321844 [1]:596085581 [2]:7 [3]:15
[0]:924491386 [1]:597127669 [2]:7 [3]:16
[0]:925601400 [1]:598115426 [2]:7 [3]:18
[0]:926800276 [1]:599182718 [2]:7 [3]:10
[0]:927975129 [1]:600229546 [2]:7 [3]:54
[0]:929087903 [1]:601215728 [2]:7 [3]:15
[0]:930200376 [1]:602208373 [2]:7 [3]:19
[0]:931298136 [1]:603180676 [2]:7 [3]:18
[0]:932568308 [1]:604312789 [2]:7 [3]:21
[0]:933682168 [1]:605302658 [2]:6 [3]:16
[0]:934772644 [1]:606274640 [2]:7 [3]:17
[0]:936074573 [1]:607435549 [2]:7 [3]:15
[0]:937455225 [1]:608659631 [2]:7 [3]:59
[0]:938940186 [1]:609974855 [2]:7 [3]:18
[0]:940480543 [1]:611341634 [2]:7 [3]:20
[0]:941759851 [1]:612472088 [2]:7 [3]:21
[0]:942973212 [1]:613552390 [2]:7 [3]:53
[0]:944250850 [1]:614689564 [2]:7 [3]:16
[0]:945463328 [1]:615768877 [2]:7 [3]:15
[0]:946746161 [1]:616907769 [2]:7 [3]:57
[0]:948004546 [1]:618025603 [2]:7 [3]:18
[0]:949232267 [1]:619114888 [2]:7 [3]:16
[0]:950489100 [1]:620235289 [2]:7 [3]:56
[0]:951715219 [1]:621329591 [2]:7 [3]:16
[0]:952984987 [1]:622457783 [2]:7 [3]:55
[0]:954244303 [1]:623582379 [2]:7 [3]:22
[0]:955572133 [1]:624763988 [2]:7 [3]:17
[0]:956834272 [1]:625883576 [2]:6 [3]:17
[0]:958067614 [1]:626980634 [2]:7 [3]:61
[0]:959301455 [1]:628078969 [2]:7 [3]:14
[0]:960630266 [1]:629259860 [2]:7 [3]:59
[0]:962203116 [1]:630655674 [2]:7 [3]:18
[0]:963509584 [1]:631819919 [2]:7 [3]:20
[0]:964608353 [1]:632795447 [2]:6 [3]:17
[0]:965758247 [1]:633819410 [2]:6 [3]:14
[0]:966950087 [1]:634883569 [2]:7 [3]:18
[0]:968069090 [1]:635872210 [2]:7 [3]:17
[0]:969193070 [1]:636870033 [2]:7 [3]:19
[0]:970367614 [1]:637918350 [2]:7 [3]:11
[0]:971440310 [1]:638872731 [2]:7 [3]:16
[0]:972482191 [1]:639801837 [2]:7 [3]:57
[0]:973588021 [1]:640791567 [2]:7 [3]:20
[0]:974660308 [1]:641748846 [2]:7 [3]:16
[0]:975942784 [1]:642890558 [2]:7 [3]:21
[0]:977046878 [1]:643874987 [2]:7 [3]:56
[0]:978191017 [1]:644888985 [2]:7 [3]:18
[0]:979465153 [1]:646024032 [2]:7 [3]:16
[0]:980863737 [1]:647267561 [2]:6 [3]:20
[0]:982206411 [1]:648467370 [2]:7 [3]:17
[0]:983295530 [1]:649428115 [2]:7 [3]:16
[0]:984440051 [1]:650449955 [2]:7 [3]:20
[0]:985592083 [1]:651474447 [2]:7 [3]:15
[0]:986695522 [1]:652455060 [2]:7 [3]:20
[0]:987783655 [1]:653418963 [2]:7 [3]:14
[0]:988907243 [1]:654422175 [2]:7 [3]:13
[0]:990140512 [1]:655525005 [2]:7 [3]:51
[0]:991658917 [1]:656878322 [2]:7 [3]:55
[0]:992841182 [1]:657929146 [2]:7 [3]:14
[0]:993985937 [1]:658949087 [2]:7 [3]:20
[0]:995098095 [1]:659939856 [2]:7 [3]:16
[0]:996231168 [1]:660942205 [2]:7 [3]:61
[0]:997333240 [1]:661923114 [2]:6 [3]:15
[0]:998844366 [1]:663266254 [2]:7 [3]:18
[0]:1000204532 [1]:664478384 [2]:7 [3]:14
[0]:1001744057 [1]:665849602 [2]:7 [3]:17
[0]:1003140723 [1]:667096072 [2]:7 [3]:15
[0]:1004476286 [1]:668282552 [2]:7 [3]:60
[0]:1005874669 [1]:669531721 [2]:7 [3]:52
[0]:1007140756 [1]:670660211 [2]:7 [3]:19
[0]:1008385914 [1]:671761484 [2]:7 [3]:19
[0]:1009675554 [1]:672904813 [2]:7 [3]:17
[0]:1010985302 [1]:674062778 [2]:7 [3]:17
[0]:1012167571 [1]:675117843 [2]:7 [3]:53
[0]:1013450168 [1]:676264041 [2]:7 [3]:15
[0]:1014703391 [1]:677374805 [2]:7 [3]:16
[0]:1016029425 [1]:678553534 [2]:7 [3]:52
[0]:1017268253 [1]:679656264 [2]:7 [3]:52
[0]:1018478623 [1]:680733229 [2]:7 [3]:16
[0]:1019710873 [1]:681829136 [2]:7 [3]:18
[0]:1020943749 [1]:682928131 [2]:7 [3]:16
[0]:1022151959 [1]:684005326 [2]:7 [3]:56
[0]:1023362773 [1]:685082357 [2]:7 [3]:17
[0]:1024566717 [1]:686155854 [2]:6 [3]:18
[0]:1025902468 [1]:687342513 [2]:7 [3]:52
[0]:1026989628 [1]:688304429 [2]:7 [3]:16
[0]:1028120818 [1]:689309838 [2]:7 [3]:17
[0]:1029242034 [1]:690309251 [2]:7 [3]:18
[0]:1030347295 [1]:691287574 [2]:7 [3]:57
[0]:1031441567 [1]:692259879 [2]:7 [3]:58
[0]:1032612593 [1]:693302049 [2]:7 [3]:21
[0]:1034043680 [1]:694574415 [2]:7 [3]:54
[0]:1035166488 [1]:695578530 [2]:7 [3]:17
[0]:1036270128 [1]:696563241 [2]:7 [3]:13
[0]:1037362461 [1]:697531260 [2]:7 [3]:56
[0]:1038494424 [1]:698543384 [2]:7 [3]:20
[0]:1039589399 [1]:699521367 [2]:7 [3]:16
[0]:1040915725 [1]:700699872 [2]:7 [3]:18
[0]:1042278474 [1]:701918727 [2]:6 [3]:11
[0]:1043597984 [1]:703089151 [2]:7 [3]:15
[0]:1044852330 [1]:704206462 [2]:7 [3]:16
[0]:1046189763 [1]:705398217 [2]:7 [3]:15
[0]:1047299910 [1]:706389331 [2]:6 [3]:15
[0]:1048413559 [1]:707377451 [2]:6 [3]:21
[0]:1049525773 [1]:708374032 [2]:7 [3]:59
[0]:1050638603 [1]:709359516 [2]:7 [3]:20
[0]:1051733509 [1]:710335099 [2]:7 [3]:12
[0]:1053054796 [1]:711515705 [2]:7 [3]:18
[0]:1054166075 [1]:712506431 [2]:7 [3]:18
[0]:1055277785 [1]:713496001 [2]:7 [3]:16
[0]:1056363861 [1]:714465271 [2]:7 [3]:12
[0]:1057380860 [1]:715061172 [2]:7 [3]:11
[0]:1058423021 [1]:715611253 [2]:7 [3]:55
[0]:1059521016 [1]:716188224 [2]:7 [3]:54
[0]:1060740634 [1]:716823961 [2]:7 [3]:52
[0]:1062057444 [1]:717510880 [2]:7 [3]:53
[0]:1063200522 [1]:718112311 [2]:7 [3]:17
[0]:1064292199 [1]:718686774 [2]:7 [3]:12
[0]:1065442824 [1]:719287203 [2]:7 [3]:12
[0]:1066585022 [1]:719883195 [2]:7 [3]:14
[0]:1067701608 [1]:720468685 [2]:7 [3]:10
[0]:1068806422 [1]:721053642 [2]:7 [3]:53
[0]:1069913224 [1]:721633378 [2]:7 [3]:15
[0]:1071057511 [1]:722229342 [2]:7 [3]:10
[0]:1072180049 [1]:722820988 [2]:7 [3]:16
[0]:1073334824 [1]:723425940 [2]:7 [3]:47
[0]:1074456218 [1]:724006010 [2]:7 [3]:7
[0]:1075552981 [1]:724582008 [2]:7 [3]:14
[0]:1076736568 [1]:725201351 [2]:7 [3]:18
[0]:1077939520 [1]:725829827 [2]:7 [3]:13
[0]:1079170592 [1]:726473098 [2]:7 [3]:18
[0]:1080260414 [1]:727037207 [2]:7 [3]:14
[0]:1081364195 [1]:727612160 [2]:7 [3]:14
[0]:1082491290 [1]:728202218 [2]:7 [3]:14
[0]:1083588070 [1]:728777628 [2]:7 [3]:12
[0]:1084699200 [1]:729361221 [2]:7 [3]:12
[0]:1085787490 [1]:729933438 [2]:7 [3]:13
[0]:1087008682 [1]:730568622 [2]:7 [3]:11
[0]:1087990221 [1]:731082965 [2]:7 [3]:19
[0]:1088982563 [1]:731604115 [2]:7 [3]:51
[0]:1090068319 [1]:732176004 [2]:7 [3]:12
[0]:1091171855 [1]:732758691 [2]:7 [3]:13
[0]:1092238541 [1]:733315476 [2]:6 [3]:11
[0]:1093304726 [1]:733872826 [2]:7 [3]:49
[0]:1094327897 [1]:734403748 [2]:7 [3]:15
[0]:1095405526 [1]:734964929 [2]:7 [3]:12
[0]:1096383684 [1]:735475861 [2]:7 [3]:13
[0]:1097376977 [1]:735992894 [2]:7 [3]:9
[0]:1098392595 [1]:736525223 [2]:7 [3]:16
[0]:1099525531 [1]:737125320 [2]:7 [3]:12
[0]:1100800335 [1]:737791216 [2]:7 [3]:13
[0]:1101990594 [1]:738413284 [2]:7 [3]:51
[0]:1103041489 [1]:738969058 [2]:7 [3]:12
[0]:1104063935 [1]:739505007 [2]:7 [3]:49
[0]:1105222728 [1]:740112403 [2]:7 [3]:11
[0]:1106241002 [1]:740648058 [2]:7 [3]:16
[0]:1107360922 [1]:741234816 [2]:7 [3]:13
[0]:1108370338 [1]:741761159 [2]:7 [3]:16
[0]:1109361321 [1]:742280348 [2]:7 [3]:7
[0]:1110311951 [1]:742783265 [2]:7 [3]:13
[0]:1111507400 [1]:743415280 [2]:7 [3]:12
[0]:1112557024 [1]:743967857 [2]:7 [3]:16
[0]:1113523511 [1]:744470769 [2]:7 [3]:14
[0]:1114538405 [1]:745002682 [2]:7 [3]:53
[0]:1115566940 [1]:745538812 [2]:6 [3]:14
[0]:1116838626 [1]:746208066 [2]:7 [3]:53
[0]:1118118695 [1]:746879549 [2]:7 [3]:16
[0]:1119362341 [1]:747530436 [2]:7 [3]:10
[0]:1120567249 [1]:748158905 [2]:7 [3]:12
[0]:1121700622 [1]:748750929 [2]:7 [3]:56
[0]:1122819981 [1]:749335742 [2]:7 [3]:49
[0]:1124038117 [1]:749971763 [2]:7 [3]:12
[0]:1125204151 [1]:750579988 [2]:7 [3]:19
[0]:1126295107 [1]:751149144 [2]:7 [3]:53
[0]:1127343371 [1]:751699361 [2]:7 [3]:11
[0]:1128400639 [1]:752255239 [2]:7 [3]:14
[0]:1129533122 [1]:752847388 [2]:7 [3]:11
[0]:1130678609 [1]:753445385 [2]:7 [3]:9
[0]:1131824975 [1]:754044041 [2]:7 [3]:9
[0]:1132967987 [1]:754644779 [2]:7 [3]:10
[0]:1134043748 [1]:755207100 [2]:7 [3]:50
[0]:1135205388 [1]:755818721 [2]:7 [3]:49
[0]:1136361510 [1]:756421753 [2]:7 [3]:12
[0]:1137530876 [1]:757030945 [2]:7 [3]:51
[0]:1138803257 [1]:757694517 [2]:7 [3]:50
[0]:1139919371 [1]:758278569 [2]:7 [3]:33
[0]:1141072158 [1]:758878985 [2]:7 [3]:12
[0]:1142218397 [1]:759480662 [2]:7 [3]:51
[0]:1143293357 [1]:760042154 [2]:7 [3]:12
[0]:1144272311 [1]:760555157 [2]:7 [3]:10
[0]:1145314923 [1]:761098729 [2]:7 [3]:52
[0]:1146536988 [1]:761736507 [2]:7 [3]:7
[0]:1147517117 [1]:762252532 [2]:7 [3]:8
[0]:1148530725 [1]:762782447 [2]:7 [3]:12
[0]:1149549919 [1]:763314738 [2]:7 [3]:17
[0]:1150503448 [1]:763817121 [2]:7 [3]:14
[0]:1151519144 [1]:764352412 [2]:7 [3]:52
[0]:1152542355 [1]:764885266 [2]:7 [3]:12
[0]:1153539696 [1]:765407833 [2]:7 [3]:13
[0]:1154623320 [1]:765971809 [2]:7 [3]:7
[0]:1155810286 [1]:766597116 [2]:7 [3]:10
[0]:1157217861 [1]:767332181 [2]:6 [3]:11
[0]:1158383343 [1]:767939346 [2]:7 [3]:12
[0]:1159395623 [1]:768473803 [2]:7 [3]:51
[0]:1160467771 [1]:769033243 [2]:7 [3]:14
[0]:1161493090 [1]:769575225 [2]:7 [3]:11
[0]:1162496843 [1]:770101136 [2]:6 [3]:11
[0]:1163624580 [1]:770693829 [2]:7 [3]:19
[0]:1164649091 [1]:771235192 [2]:7 [3]:56
[0]:1165693890 [1]:771785823 [2]:7 [3]:13
[0]:1166714535 [1]:772322122 [2]:7 [3]:10
[0]:1167740109 [1]:772862214 [2]:7 [3]:13
[0]:1169002943 [1]:773527810 [2]:7 [3]:54
[0]:1169988336 [1]:774044528 [2]:7 [3]:17
[0]:1170985271 [1]:774564606 [2]:7 [3]:46
[0]:1172031532 [1]:775112857 [2]:7 [3]:17
[0]:1173348867 [1]:775803149 [2]:7 [3]:13
[0]:1174514947 [1]:776418277 [2]:7 [3]:14
[0]:1175717813 [1]:777048142 [2]:7 [3]:8
[0]:1176810838 [1]:777625465 [2]:7 [3]:9
[0]:1177998808 [1]:778253205 [2]:7 [3]:20
[0]:1179092034 [1]:778828623 [2]:7 [3]:13
[0]:1180246693 [1]:779434746 [2]:7 [3]:16
[0]:1181388980 [1]:780032155 [2]:7 [3]:14
[0]:1182543444 [1]:780638078 [2]:7 [3]:15
[0]:1183688750 [1]:781244463 [2]:7 [3]:16
[0]:1184825350 [1]:781838893 [2]:7 [3]:10
[0]:1186103919 [1]:782503725 [2]:7 [3]:13
[0]:1187232373 [1]:783095026 [2]:6 [3]:13
[0]:1188405107 [1]:783710430 [2]:7 [3]:12
[0]:1189561698 [1]:784314955 [2]:7 [3]:49
[0]:1190706801 [1]:784918377 [2]:7 [3]:15
[0]:1191761728 [1]:785472958 [2]:7 [3]:10
[0]:1192839127 [1]:786037584 [2]:7 [3]:50
[0]:1194013416 [1]:786653457 [2]:7 [3]:10
[0]:1195291720 [1]:787320859 [2]:7 [3]:13
[0]:1196414184 [1]:787906097 [2]:7 [3]:6
[0]:1197478123 [1]:788460461 [2]:7 [3]:11
[0]:1198459716 [1]:788973608 [2]:7 [3]:36
[0]:1199634561 [1]:789590769 [2]:7 [3]:8
[0]:1200649430 [1]:790123570 [2]:7 [3]:16
[0]:1201655925 [1]:790650740 [2]:7 [3]:9
[0]:1202663450 [1]:791178759 [2]:7 [3]:52
[0]:1203770665 [1]:791760742 [2]:7 [3]:19
[0]:1204810293 [1]:792308397 [2]:7 [3]:11
[0]:1205834727 [1]:792848976 [2]:6 [3]:53
[0]:1206856400 [1]:793387405 [2]:7 [3]:8
[0]:1207834020 [1]:793899067 [2]:7 [3]:49
[0]:1208869195 [1]:794440835 [2]:7 [3]:51
[0]:1209874061 [1]:794965347 [2]:7 [3]:16
[0]:1211301225 [1]:795714440 [2]:7 [3]:11
[0]:1212745700 [1]:796470420 [2]:7 [3]:12
[0]:1213911879 [1]:797074630 [2]:7 [3]:13
[0]:1215097812 [1]:797697948 [2]:7 [3]:11
[0]:1216138876 [1]:798243026 [2]:7 [3]:55
[0]:1217161685 [1]:798782133 [2]:7 [3]:14
[0]:1218192752 [1]:799322433 [2]:7 [3]:17
[0]:1219202117 [1]:799847420 [2]:7 [3]:9
[0]:1220217435 [1]:800382880 [2]:7 [3]:9
[0]:1221240940 [1]:800918033 [2]:7 [3]:15
[0]:1222217383 [1]:801430677 [2]:7 [3]:12
[0]:1223458237 [1]:802082195 [2]:7 [3]:49
[0]:1224763557 [1]:802766924 [2]:7 [3]:12
[0]:1225794896 [1]:803304951 [2]:7 [3]:15
[0]:1226819466 [1]:803845138 [2]:7 [3]:18
[0]:1227221534 [1]:804060474 [2]:7 [3]:53
[0]:1227221534 [1]:804060474 [2]:7 [3]:53
[0]:1227221534 [1]:804060474 [2]:7 [3]:53
[0]:1227221534 [1]:804060474 [2]:7 [3]:53
[0]:1227221534 [1]:804060474 [2]:7 [3]:53
[0]:1227221534 [1]:804060474 [2]:7 [3]:53
[0]:1227221534 [1]:804060474 [2]:7 [3]:53
[0]:1227221534 [1]:804060474 [2]:7 [3]:53
[0]:1227221534 [1]:804060474 [2]:7 [3]:53
                                                                                    [0]:1227221534 [1]:804060474 [2]:7 [3]:53
[0]:1227221534 [1]:804060474 [2]:7 [3]:53
[0]:1227221534 [1]:804060474 [2]:7 [3]:53
[0]:1227221534 [1]:804060474 [2]:7 [3]:53
[0]:1227221534 [1]:804060474 [2]:7 [3]:53
[0]:1227221534 [1]:804060474 [2]:7 [3]:53
