[0]:0 [1]:0 [2]:0 [3]:0
[0]:0 [1]:0 [2]:0 [3]:0
[0]:189506 [1]:0 [2]:0 [3]:314
[0]:418521 [1]:0 [2]:0 [3]:308
[0]:654519 [1]:0 [2]:0 [3]:325
[0]:888386 [1]:0 [2]:0 [3]:308
[0]:1166440 [1]:0 [2]:0 [3]:316
[0]:1387892 [1]:0 [2]:0 [3]:69
[0]:1613703 [1]:0 [2]:0 [3]:317
[0]:1865887 [1]:0 [2]:0 [3]:322
[0]:2100340 [1]:0 [2]:0 [3]:64
[0]:2329031 [1]:0 [2]:0 [3]:321
[0]:2558077 [1]:0 [2]:0 [3]:314
[0]:2784778 [1]:0 [2]:0 [3]:83
[0]:3001219 [1]:0 [2]:0 [3]:324
[0]:3255639 [1]:0 [2]:0 [3]:321
[0]:3486314 [1]:0 [2]:0 [3]:323
[0]:3763074 [1]:0 [2]:0 [3]:77
[0]:3990933 [1]:0 [2]:0 [3]:320
[0]:4218673 [1]:2336 [2]:119 [3]:366
[0]:4420500 [1]:22811 [2]:119 [3]:60
[0]:4622282 [1]:43138 [2]:119 [3]:68
[0]:4850593 [1]:66193 [2]:119 [3]:359
[0]:5054959 [1]:86926 [2]:119 [3]:67
[0]:5265418 [1]:108295 [2]:119 [3]:365
[0]:5474866 [1]:129370 [2]:119 [3]:75
[0]:5680352 [1]:150248 [2]:119 [3]:66
[0]:5893840 [1]:171801 [2]:119 [3]:59
[0]:6099214 [1]:192583 [2]:119 [3]:61
[0]:6300985 [1]:212942 [2]:119 [3]:366
[0]:6501757 [1]:233294 [2]:119 [3]:71
[0]:6707474 [1]:254510 [2]:119 [3]:67
[0]:6902336 [1]:274342 [2]:119 [3]:54
[0]:7103925 [1]:294898 [2]:119 [3]:363
[0]:7324128 [1]:317502 [2]:119 [3]:366
[0]:7555966 [1]:340948 [2]:119 [3]:371
[0]:7761454 [1]:361770 [2]:119 [3]:67
[0]:7962920 [1]:382098 [2]:119 [3]:73
[0]:8165417 [1]:402557 [2]:119 [3]:360
[0]:8367213 [1]:423015 [2]:119 [3]:65
[0]:8576738 [1]:444178 [2]:119 [3]:61
[0]:8784233 [1]:465146 [2]:119 [3]:62
[0]:8980404 [1]:484993 [2]:119 [3]:67
[0]:9179824 [1]:505073 [2]:119 [3]:56
[0]:9379357 [1]:525382 [2]:119 [3]:366
[0]:9574530 [1]:545248 [2]:119 [3]:363
[0]:9785781 [1]:566661 [2]:119 [3]:68
[0]:10018757 [1]:590309 [2]:119 [3]:88
[0]:10218970 [1]:610770 [2]:119 [3]:370
[0]:10429811 [1]:632169 [2]:114 [3]:360
[0]:10628222 [1]:652337 [2]:114 [3]:361
[0]:10830668 [1]:672696 [2]:114 [3]:373
[0]:11051039 [1]:694899 [2]:114 [3]:358
[0]:11249176 [1]:714908 [2]:114 [3]:371
[0]:11447340 [1]:734955 [2]:114 [3]:68
[0]:11649248 [1]:755360 [2]:114 [3]:58
[0]:11843773 [1]:774977 [2]:114 [3]:359
[0]:12045872 [1]:795332 [2]:114 [3]:73
[0]:12240213 [1]:815025 [2]:114 [3]:364
[0]:12445689 [1]:835820 [2]:114 [3]:364
[0]:12645624 [1]:856043 [2]:114 [3]:68
[0]:12849732 [1]:876591 [2]:114 [3]:61
[0]:13103425 [1]:902152 [2]:114 [3]:52
[0]:13301289 [1]:922157 [2]:114 [3]:71
[0]:13496492 [1]:941968 [2]:114 [3]:363
[0]:13687197 [1]:961225 [2]:114 [3]:56
[0]:13885682 [1]:981220 [2]:114 [3]:52
[0]:14102292 [1]:1003170 [2]:114 [3]:56
[0]:14352922 [1]:1028587 [2]:114 [3]:51
[0]:14546533 [1]:1048166 [2]:114 [3]:64
[0]:14751741 [1]:1068737 [2]:114 [3]:56
[0]:14951082 [1]:1089000 [2]:114 [3]:68
[0]:15143280 [1]:1108360 [2]:114 [3]:67
[0]:15340334 [1]:1128183 [2]:114 [3]:361
[0]:15561246 [1]:1150563 [2]:114 [3]:61
[0]:15770137 [1]:1171658 [2]:114 [3]:70
[0]:15964297 [1]:1191507 [2]:114 [3]:365
[0]:16165917 [1]:1211905 [2]:114 [3]:364
[0]:16367105 [1]:1232230 [2]:114 [3]:73
[0]:16562601 [1]:1251928 [2]:114 [3]:57
[0]:16788525 [1]:1274633 [2]:109 [3]:61
[0]:16981406 [1]:1294306 [2]:109 [3]:351
[0]:17182464 [1]:1314712 [2]:109 [3]:360
[0]:17377112 [1]:1334425 [2]:109 [3]:373
[0]:17572089 [1]:1354050 [2]:109 [3]:383
[0]:17771344 [1]:1374404 [2]:109 [3]:348
[0]:17967850 [1]:1394423 [2]:109 [3]:67
[0]:18176751 [1]:1415544 [2]:109 [3]:362
[0]:18375181 [1]:1435802 [2]:109 [3]:82
[0]:18569678 [1]:1455404 [2]:109 [3]:64
[0]:18768006 [1]:1475603 [2]:109 [3]:373
[0]:18971376 [1]:1496132 [2]:109 [3]:60
[0]:19167366 [1]:1516035 [2]:109 [3]:362
[0]:19369670 [1]:1536482 [2]:109 [3]:82
[0]:19592665 [1]:1558988 [2]:109 [3]:351
[0]:19795970 [1]:1579521 [2]:109 [3]:62
[0]:19997469 [1]:1599849 [2]:109 [3]:64
[0]:20210602 [1]:1621432 [2]:109 [3]:66
[0]:20401728 [1]:1640650 [2]:109 [3]:68
[0]:20609352 [1]:1661667 [2]:109 [3]:371
[0]:20816808 [1]:1682680 [2]:109 [3]:72
[0]:21013032 [1]:1702547 [2]:109 [3]:64
[0]:21253247 [1]:1726827 [2]:109 [3]:367
[0]:21456150 [1]:1747253 [2]:109 [3]:361
[0]:21653968 [1]:1767572 [2]:109 [3]:61
[0]:21852100 [1]:1787662 [2]:109 [3]:59
[0]:22069050 [1]:1809518 [2]:109 [3]:372
[0]:22274957 [1]:1830270 [2]:109 [3]:370
[0]:22476831 [1]:1850566 [2]:109 [3]:78
[0]:22674469 [1]:1870539 [2]:109 [3]:70
[0]:22877023 [1]:1890967 [2]:105 [3]:61
[0]:23077203 [1]:1911388 [2]:105 [3]:60
[0]:23273300 [1]:1931160 [2]:105 [3]:74
[0]:23463260 [1]:1950377 [2]:105 [3]:55
[0]:23677034 [1]:1972061 [2]:105 [3]:61
[0]:23878227 [1]:1992348 [2]:105 [3]:368
[0]:24099496 [1]:2014852 [2]:105 [3]:365
[0]:24308596 [1]:2036126 [2]:105 [3]:57
[0]:24506708 [1]:2056207 [2]:105 [3]:362
[0]:24696583 [1]:2075399 [2]:105 [3]:60
[0]:24893498 [1]:2095072 [2]:105 [3]:64
[0]:25094651 [1]:2115268 [2]:105 [3]:354
[0]:25314850 [1]:2137507 [2]:105 [3]:66
[0]:25510396 [1]:2157362 [2]:105 [3]:67
[0]:25711114 [1]:2177674 [2]:105 [3]:58
[0]:25930994 [1]:2199934 [2]:105 [3]:374
[0]:26152270 [1]:2222357 [2]:105 [3]:381
[0]:26346594 [1]:2242012 [2]:105 [3]:59
[0]:26546958 [1]:2262394 [2]:105 [3]:351
[0]:26795342 [1]:2287410 [2]:105 [3]:59
[0]:26988821 [1]:2307176 [2]:105 [3]:52
[0]:27206328 [1]:2329117 [2]:105 [3]:352
[0]:27415870 [1]:2350335 [2]:105 [3]:372
[0]:27620513 [1]:2371132 [2]:105 [3]:357
[0]:27883140 [1]:2397697 [2]:105 [3]:355
[0]:28084660 [1]:2418056 [2]:105 [3]:60
[0]:28294110 [1]:2439317 [2]:105 [3]:357
[0]:28503231 [1]:2460583 [2]:105 [3]:375
[0]:28716614 [1]:2482095 [2]:105 [3]:67
[0]:28921895 [1]:2502818 [2]:105 [3]:365
[0]:29142940 [1]:2525105 [2]:101 [3]:55
[0]:29337310 [1]:2544754 [2]:101 [3]:375
[0]:29574727 [1]:2568794 [2]:101 [3]:364
[0]:29785507 [1]:2590069 [2]:101 [3]:359
[0]:30021235 [1]:2613827 [2]:101 [3]:367
[0]:30230818 [1]:2635029 [2]:101 [3]:358
[0]:30440361 [1]:2656197 [2]:101 [3]:59
[0]:30657027 [1]:2677984 [2]:101 [3]:62
[0]:30851462 [1]:2697768 [2]:101 [3]:54
[0]:31060856 [1]:2719015 [2]:101 [3]:74
[0]:31270359 [1]:2740211 [2]:101 [3]:371
[0]:31464640 [1]:2759951 [2]:101 [3]:66
[0]:31688983 [1]:2782603 [2]:101 [3]:366
[0]:31890540 [1]:2802988 [2]:101 [3]:385
[0]:32088787 [1]:2823238 [2]:101 [3]:74
[0]:32287112 [1]:2843237 [2]:101 [3]:59
[0]:32498048 [1]:2864461 [2]:101 [3]:358
[0]:32690848 [1]:2884032 [2]:101 [3]:57
[0]:32886737 [1]:2903928 [2]:101 [3]:70
[0]:33086857 [1]:2924199 [2]:101 [3]:368
[0]:33284371 [1]:2944321 [2]:101 [3]:62
[0]:33561643 [1]:2972397 [2]:101 [3]:61
[0]:33772690 [1]:2993844 [2]:101 [3]:366
[0]:33972750 [1]:3014065 [2]:101 [3]:60
[0]:34170817 [1]:3034200 [2]:101 [3]:366
[0]:34368826 [1]:3054248 [2]:101 [3]:58
[0]:34571999 [1]:3074643 [2]:101 [3]:362
[0]:34769122 [1]:3094573 [2]:101 [3]:69
[0]:34974792 [1]:3115429 [2]:101 [3]:356
[0]:35170517 [1]:3135445 [2]:101 [3]:63
[0]:35368457 [1]:3155317 [2]:97 [3]:60
[0]:35565230 [1]:3175245 [2]:97 [3]:60
[0]:35759698 [1]:3194777 [2]:97 [3]:61
[0]:35946832 [1]:3213650 [2]:97 [3]:352
[0]:36233803 [1]:3242705 [2]:97 [3]:79
[0]:36428885 [1]:3262583 [2]:97 [3]:62
[0]:36656580 [1]:3285745 [2]:97 [3]:74
[0]:36862055 [1]:3306610 [2]:97 [3]:57
[0]:37068191 [1]:3327367 [2]:97 [3]:363
[0]:37325896 [1]:3353404 [2]:97 [3]:363
[0]:37522714 [1]:3373489 [2]:97 [3]:367
[0]:37722295 [1]:3393639 [2]:97 [3]:57
[0]:37923832 [1]:3413948 [2]:97 [3]:70
[0]:38122210 [1]:3434118 [2]:97 [3]:69
[0]:38320222 [1]:3454196 [2]:97 [3]:65
[0]:38548309 [1]:3477364 [2]:97 [3]:366
[0]:38758945 [1]:3498548 [2]:97 [3]:359
[0]:38948504 [1]:3517609 [2]:97 [3]:53
[0]:39172962 [1]:3540308 [2]:97 [3]:66
[0]:39371129 [1]:3560327 [2]:97 [3]:66
[0]:39576841 [1]:3581130 [2]:97 [3]:366
[0]:39776918 [1]:3601481 [2]:97 [3]:60
[0]:39984008 [1]:3622297 [2]:97 [3]:362
[0]:40185927 [1]:3642856 [2]:97 [3]:83
[0]:40383827 [1]:3663058 [2]:97 [3]:364
[0]:40585781 [1]:3683479 [2]:97 [3]:50
[0]:40786645 [1]:3703902 [2]:97 [3]:56
[0]:41000475 [1]:3725522 [2]:97 [3]:375
[0]:41194540 [1]:3745196 [2]:97 [3]:69
[0]:41389172 [1]:3765072 [2]:97 [3]:368
[0]:41587145 [1]:3785160 [2]:94 [3]:365
[0]:41807920 [1]:3807401 [2]:94 [3]:61
[0]:42005846 [1]:3827527 [2]:94 [3]:361
[0]:42207152 [1]:3847848 [2]:94 [3]:357
[0]:42407616 [1]:3868283 [2]:94 [3]:63
[0]:42606619 [1]:3888253 [2]:94 [3]:58
[0]:42809774 [1]:3908768 [2]:94 [3]:71
[0]:43007632 [1]:3928768 [2]:94 [3]:61
[0]:43217078 [1]:3950115 [2]:94 [3]:361
[0]:43418345 [1]:3970724 [2]:94 [3]:57
[0]:43615013 [1]:3990939 [2]:94 [3]:68
[0]:43810688 [1]:4010605 [2]:94 [3]:368
[0]:44009168 [1]:4030643 [2]:94 [3]:369
[0]:44203550 [1]:4050345 [2]:94 [3]:365
[0]:44397949 [1]:4070037 [2]:94 [3]:72
[0]:44595927 [1]:4090157 [2]:94 [3]:364
[0]:44792581 [1]:4109926 [2]:94 [3]:359
[0]:44987665 [1]:4129644 [2]:94 [3]:356
[0]:45186380 [1]:4149759 [2]:94 [3]:358
[0]:45376917 [1]:4169120 [2]:94 [3]:54
[0]:45599891 [1]:4191660 [2]:94 [3]:371
[0]:45790121 [1]:4211012 [2]:94 [3]:60
[0]:45986592 [1]:4230866 [2]:94 [3]:75
[0]:46183964 [1]:4250833 [2]:94 [3]:375
[0]:46397944 [1]:4272606 [2]:94 [3]:58
[0]:46590349 [1]:4292091 [2]:94 [3]:68
[0]:46783320 [1]:4311589 [2]:94 [3]:64
[0]:46977125 [1]:4331207 [2]:94 [3]:362
[0]:47171754 [1]:4350834 [2]:94 [3]:368
[0]:47388661 [1]:4372743 [2]:94 [3]:57
[0]:47587675 [1]:4392762 [2]:94 [3]:364
[0]:47785070 [1]:4412730 [2]:91 [3]:76
[0]:47979462 [1]:4432390 [2]:91 [3]:350
[0]:48196318 [1]:4454329 [2]:91 [3]:63
[0]:48398348 [1]:4474655 [2]:91 [3]:365
[0]:48599737 [1]:4495040 [2]:91 [3]:360
[0]:48805113 [1]:4515770 [2]:91 [3]:366
[0]:48998719 [1]:4535413 [2]:91 [3]:63
[0]:49194614 [1]:4555185 [2]:91 [3]:50
[0]:49400167 [1]:4576046 [2]:91 [3]:65
[0]:49613396 [1]:4597561 [2]:91 [3]:63
[0]:49811436 [1]:4617657 [2]:91 [3]:355
[0]:50020892 [1]:4638784 [2]:91 [3]:378
[0]:50218844 [1]:4658994 [2]:91 [3]:196
[0]:50413145 [1]:4678610 [2]:91 [3]:52
[0]:50611326 [1]:4698656 [2]:91 [3]:367
[0]:50809710 [1]:4718774 [2]:91 [3]:365
[0]:51004110 [1]:4738316 [2]:91 [3]:363
[0]:51228551 [1]:4760903 [2]:91 [3]:358
[0]:51441964 [1]:4782387 [2]:91 [3]:69
[0]:51634933 [1]:4801955 [2]:91 [3]:363
[0]:51834494 [1]:4822036 [2]:91 [3]:358
[0]:52073942 [1]:4846186 [2]:91 [3]:363
[0]:52268382 [1]:4865768 [2]:91 [3]:69
[0]:52466497 [1]:4885822 [2]:91 [3]:58
[0]:52668585 [1]:4906168 [2]:91 [3]:365
[0]:52862637 [1]:4925783 [2]:91 [3]:65
[0]:53061200 [1]:4945782 [2]:91 [3]:80
[0]:53268995 [1]:4966911 [2]:91 [3]:83
[0]:53478735 [1]:4988103 [2]:91 [3]:73
[0]:53683676 [1]:5008813 [2]:91 [3]:365
[0]:53879859 [1]:5028703 [2]:91 [3]:68
[0]:54073274 [1]:5048182 [2]:88 [3]:62
[0]:54261388 [1]:5067091 [2]:88 [3]:364
[0]:54489887 [1]:5090201 [2]:88 [3]:65
[0]:54725062 [1]:5114044 [2]:88 [3]:67
[0]:54915598 [1]:5133392 [2]:88 [3]:74
[0]:55113634 [1]:5153534 [2]:88 [3]:59
[0]:55307980 [1]:5173211 [2]:88 [3]:65
[0]:55532242 [1]:5195828 [2]:88 [3]:370
[0]:55738921 [1]:5216662 [2]:88 [3]:361
[0]:55939968 [1]:5236889 [2]:88 [3]:362
[0]:56152101 [1]:5258454 [2]:88 [3]:368
[0]:56354830 [1]:5279055 [2]:88 [3]:373
[0]:56551155 [1]:5298839 [2]:88 [3]:68
[0]:56743583 [1]:5318366 [2]:88 [3]:59
[0]:56944513 [1]:5338918 [2]:88 [3]:353
[0]:57139597 [1]:5358663 [2]:88 [3]:58
[0]:57360209 [1]:5380866 [2]:88 [3]:75
[0]:57563512 [1]:5401381 [2]:88 [3]:55
[0]:57756624 [1]:5420892 [2]:88 [3]:367
[0]:57962364 [1]:5441725 [2]:88 [3]:67
[0]:58175282 [1]:5463288 [2]:88 [3]:52
[0]:58369518 [1]:5483236 [2]:88 [3]:73
[0]:58621813 [1]:5508824 [2]:88 [3]:57
[0]:58814419 [1]:5528213 [2]:88 [3]:47
[0]:59062064 [1]:5553433 [2]:88 [3]:55
[0]:59262619 [1]:5573842 [2]:88 [3]:70
[0]:59480138 [1]:5595756 [2]:88 [3]:65
[0]:59684787 [1]:5616538 [2]:88 [3]:372
[0]:59894626 [1]:5637759 [2]:88 [3]:57
[0]:60122806 [1]:5660768 [2]:86 [3]:75
[0]:60320919 [1]:5680748 [2]:86 [3]:60
[0]:60568344 [1]:5705821 [2]:86 [3]:373
[0]:60769588 [1]:5726173 [2]:86 [3]:76
[0]:60967004 [1]:5746175 [2]:86 [3]:53
[0]:61183504 [1]:5768096 [2]:86 [3]:88
[0]:61401278 [1]:5790135 [2]:86 [3]:370
[0]:61594433 [1]:5809767 [2]:86 [3]:83
[0]:61795912 [1]:5830260 [2]:86 [3]:68
[0]:61987603 [1]:5849827 [2]:86 [3]:358
[0]:62189256 [1]:5870366 [2]:86 [3]:58
[0]:62383584 [1]:5889979 [2]:86 [3]:370
[0]:62584343 [1]:5910355 [2]:86 [3]:357
[0]:62791329 [1]:5931376 [2]:86 [3]:369
[0]:63000481 [1]:5952384 [2]:86 [3]:63
[0]:63213773 [1]:5974062 [2]:86 [3]:76
[0]:63434100 [1]:5996523 [2]:86 [3]:355
[0]:63639966 [1]:6017304 [2]:86 [3]:360
[0]:63836156 [1]:6037076 [2]:86 [3]:64
[0]:64036258 [1]:6057342 [2]:86 [3]:366
[0]:64253005 [1]:6079320 [2]:86 [3]:363
[0]:64462517 [1]:6100369 [2]:86 [3]:61
[0]:64724116 [1]:6126848 [2]:86 [3]:368
[0]:64944931 [1]:6149163 [2]:86 [3]:67
[0]:65139255 [1]:6168693 [2]:86 [3]:361
