[0]:0 [1]:0 [2]:0 [3]:0
[0]:0 [1]:0 [2]:0 [3]:0
[0]:0 [1]:0 [2]:0 [3]:0
[0]:645461 [1]:0 [2]:0 [3]:29
[0]:2961299 [1]:0 [2]:0 [3]:29
[0]:4876612 [1]:0 [2]:0 [3]:9
[0]:6497394 [1]:0 [2]:0 [3]:11
[0]:8236304 [1]:0 [2]:0 [3]:10
[0]:10273768 [1]:0 [2]:0 [3]:11
[0]:11965176 [1]:0 [2]:0 [3]:28
[0]:13990039 [1]:0 [2]:0 [3]:30
[0]:15827488 [1]:0 [2]:0 [3]:9
[0]:17563281 [1]:0 [2]:0 [3]:31
[0]:19251337 [1]:0 [2]:0 [3]:11
[0]:21443176 [1]:0 [2]:0 [3]:28
[0]:23176307 [1]:0 [2]:0 [3]:7
[0]:24909648 [1]:0 [2]:0 [3]:9
[0]:26607232 [1]:0 [2]:0 [3]:29
[0]:28941010 [1]:0 [2]:0 [3]:10
[0]:31003839 [1]:0 [2]:0 [3]:10
[0]:33083169 [1]:0 [2]:0 [3]:8
[0]:34351419 [1]:397950 [2]:7 [3]:10
[0]:35379903 [1]:921812 [2]:7 [3]:14
[0]:36448098 [1]:1467725 [2]:7 [3]:58
[0]:37480341 [1]:1997911 [2]:7 [3]:11
[0]:38656333 [1]:2598935 [2]:7 [3]:53
[0]:39723296 [1]:3143575 [2]:7 [3]:50
[0]:40775360 [1]:3684517 [2]:7 [3]:50
[0]:41848868 [1]:4234163 [2]:7 [3]:54
[0]:42863136 [1]:4755681 [2]:7 [3]:48
[0]:43926834 [1]:5301295 [2]:7 [3]:11
[0]:45300353 [1]:6000012 [2]:7 [3]:15
[0]:46392952 [1]:6561722 [2]:7 [3]:51
[0]:47444216 [1]:7099892 [2]:7 [3]:57
[0]:48566545 [1]:7676866 [2]:7 [3]:11
[0]:50009796 [1]:8416780 [2]:7 [3]:13
[0]:51325763 [1]:9087135 [2]:7 [3]:18
[0]:52595703 [1]:9742230 [2]:7 [3]:13
[0]:53876504 [1]:10403176 [2]:7 [3]:47
[0]:54944930 [1]:10952910 [2]:7 [3]:13
[0]:56237080 [1]:11612651 [2]:7 [3]:9
[0]:57247919 [1]:12131264 [2]:7 [3]:14
[0]:58280248 [1]:12652865 [2]:7 [3]:51
[0]:59319873 [1]:13186689 [2]:7 [3]:11
[0]:60365365 [1]:13722597 [2]:7 [3]:15
[0]:61371969 [1]:14235661 [2]:7 [3]:50
[0]:62377464 [1]:14747494 [2]:7 [3]:55
[0]:63417503 [1]:15280737 [2]:7 [3]:48
[0]:64401696 [1]:15782338 [2]:7 [3]:11
[0]:65427259 [1]:16306376 [2]:7 [3]:19
[0]:66492401 [1]:16849327 [2]:7 [3]:14
[0]:67510060 [1]:17372542 [2]:7 [3]:53
[0]:68657267 [1]:17965895 [2]:7 [3]:10
[0]:69863092 [1]:18578619 [2]:7 [3]:53
[0]:71089023 [1]:19207524 [2]:7 [3]:52
[0]:72131971 [1]:19740343 [2]:7 [3]:53
[0]:73176195 [1]:20274876 [2]:7 [3]:10
[0]:74177734 [1]:20788463 [2]:7 [3]:6
[0]:75202323 [1]:21315902 [2]:7 [3]:13
[0]:76222366 [1]:21837604 [2]:7 [3]:15
[0]:77293826 [1]:22387741 [2]:7 [3]:13
[0]:78297646 [1]:22899783 [2]:7 [3]:53
[0]:79324651 [1]:23427372 [2]:7 [3]:52
[0]:80448167 [1]:24005201 [2]:7 [3]:19
[0]:81492896 [1]:24540128 [2]:7 [3]:12
[0]:82565026 [1]:25084752 [2]:7 [3]:16
[0]:83609032 [1]:25618504 [2]:7 [3]:9
[0]:84650695 [1]:26150261 [2]:7 [3]:54
[0]:85632552 [1]:26654085 [2]:7 [3]:10
[0]:86759537 [1]:27227148 [2]:7 [3]:12
[0]:88030978 [1]:27879564 [2]:7 [3]:15
[0]:89256681 [1]:28508511 [2]:7 [3]:13
[0]:90301141 [1]:29040493 [2]:7 [3]:15
[0]:91360447 [1]:29580009 [2]:7 [3]:14
[0]:92351777 [1]:30094901 [2]:7 [3]:9
[0]:93350926 [1]:30607432 [2]:7 [3]:12
[0]:94422022 [1]:31159774 [2]:7 [3]:15
[0]:95453136 [1]:31685253 [2]:7 [3]:13
[0]:96659568 [1]:32302861 [2]:7 [3]:53
[0]:97703175 [1]:32832275 [2]:7 [3]:52
[0]:98726630 [1]:33358046 [2]:7 [3]:12
[0]:99723868 [1]:33866559 [2]:7 [3]:12
[0]:100805656 [1]:34417298 [2]:7 [3]:10
[0]:101834671 [1]:34945091 [2]:7 [3]:13
[0]:102903872 [1]:35493149 [2]:7 [3]:13
[0]:104453675 [1]:36289289 [2]:7 [3]:9
[0]:105712596 [1]:36934590 [2]:7 [3]:13
[0]:106955469 [1]:37572077 [2]:7 [3]:16
[0]:108217547 [1]:38215700 [2]:7 [3]:7
[0]:109593582 [1]:38925563 [2]:7 [3]:17
[0]:110828675 [1]:39558407 [2]:7 [3]:59
[0]:111891017 [1]:40105422 [2]:7 [3]:10
[0]:112903984 [1]:40627289 [2]:7 [3]:10
[0]:113913392 [1]:41145779 [2]:7 [3]:8
[0]:114959709 [1]:41680239 [2]:7 [3]:49
[0]:116015512 [1]:42220655 [2]:7 [3]:52
[0]:117033176 [1]:42744148 [2]:7 [3]:18
[0]:118079593 [1]:43277934 [2]:7 [3]:9
[0]:119154288 [1]:43834386 [2]:7 [3]:50
[0]:120158802 [1]:44353445 [2]:7 [3]:52
[0]:121177132 [1]:44873752 [2]:7 [3]:16
[0]:122195522 [1]:45393080 [2]:7 [3]:18
[0]:123179778 [1]:45897394 [2]:7 [3]:11
[0]:124187026 [1]:46412950 [2]:7 [3]:14
[0]:125343349 [1]:47010143 [2]:7 [3]:48
[0]:126523365 [1]:47615486 [2]:7 [3]:14
[0]:127749682 [1]:48243764 [2]:7 [3]:51
[0]:128882154 [1]:48821779 [2]:7 [3]:13
[0]:129909516 [1]:49351250 [2]:7 [3]:52
[0]:130950166 [1]:49884668 [2]:7 [3]:14
[0]:131948686 [1]:50395483 [2]:7 [3]:15
[0]:132987576 [1]:50930244 [2]:7 [3]:14
[0]:134006450 [1]:51457796 [2]:7 [3]:14
[0]:135012103 [1]:51973314 [2]:7 [3]:51
[0]:136087672 [1]:52526918 [2]:7 [3]:49
[0]:137183659 [1]:53094969 [2]:7 [3]:15
[0]:138316663 [1]:53676916 [2]:7 [3]:11
[0]:139341284 [1]:54200126 [2]:7 [3]:12
[0]:140380545 [1]:54731125 [2]:7 [3]:10
[0]:141415810 [1]:55257043 [2]:7 [3]:22
[0]:142433627 [1]:55777558 [2]:7 [3]:55
[0]:143983744 [1]:56569133 [2]:7 [3]:52
[0]:145239872 [1]:57216128 [2]:7 [3]:14
[0]:146375360 [1]:57797996 [2]:7 [3]:56
[0]:147404537 [1]:58324578 [2]:7 [3]:15
[0]:148458742 [1]:58860119 [2]:7 [3]:14
[0]:149498394 [1]:59393565 [2]:7 [3]:14
[0]:150452453 [1]:59882514 [2]:7 [3]:51
[0]:151470004 [1]:60407303 [2]:7 [3]:12
[0]:152496591 [1]:60936391 [2]:7 [3]:15
[0]:153500333 [1]:61449596 [2]:7 [3]:13
[0]:154529504 [1]:61978363 [2]:7 [3]:54
[0]:155605535 [1]:62533799 [2]:7 [3]:47
[0]:156638073 [1]:63061943 [2]:7 [3]:51
[0]:157640883 [1]:63576512 [2]:7 [3]:50
[0]:158676664 [1]:64102569 [2]:7 [3]:49
[0]:159684423 [1]:64618668 [2]:7 [3]:54
[0]:160798399 [1]:65190402 [2]:7 [3]:13
[0]:162040973 [1]:65828647 [2]:7 [3]:11
[0]:163315475 [1]:66483338 [2]:7 [3]:11
[0]:164578661 [1]:67129088 [2]:7 [3]:10
[0]:165864664 [1]:67786440 [2]:7 [3]:56
[0]:167092709 [1]:68415962 [2]:7 [3]:18
[0]:168344480 [1]:69055725 [2]:7 [3]:55
[0]:169480257 [1]:69640746 [2]:7 [3]:12
[0]:170529744 [1]:70176988 [2]:7 [3]:11
[0]:171564026 [1]:70705557 [2]:7 [3]:13
[0]:172851857 [1]:71365109 [2]:7 [3]:16
[0]:174034271 [1]:71970633 [2]:7 [3]:47
[0]:175036308 [1]:72483861 [2]:7 [3]:55
[0]:176065424 [1]:73012069 [2]:7 [3]:53
[0]:177118664 [1]:73552336 [2]:7 [3]:52
[0]:178157793 [1]:74085122 [2]:7 [3]:12
[0]:179204757 [1]:74621230 [2]:7 [3]:15
[0]:180231794 [1]:75145234 [2]:7 [3]:50
[0]:181236866 [1]:75656025 [2]:7 [3]:14
[0]:182477901 [1]:76282854 [2]:7 [3]:10
[0]:183731757 [1]:76921419 [2]:7 [3]:10
[0]:184852009 [1]:77494304 [2]:7 [3]:10
[0]:185910909 [1]:78040284 [2]:7 [3]:53
[0]:186954980 [1]:78571019 [2]:7 [3]:10
[0]:188005682 [1]:79108267 [2]:7 [3]:10
[0]:189208246 [1]:79725672 [2]:7 [3]:13
[0]:190199977 [1]:80230348 [2]:7 [3]:11
[0]:191194254 [1]:80741028 [2]:7 [3]:11
[0]:192231448 [1]:81270964 [2]:7 [3]:52
[0]:193459205 [1]:81895207 [2]:7 [3]:57
[0]:194486039 [1]:82424581 [2]:7 [3]:48
[0]:195704110 [1]:83045743 [2]:7 [3]:10
[0]:196846655 [1]:83627023 [2]:7 [3]:18
[0]:197987831 [1]:84212802 [2]:7 [3]:50
[0]:199046460 [1]:84752656 [2]:7 [3]:49
[0]:200286355 [1]:85382798 [2]:7 [3]:13
[0]:201507465 [1]:86003862 [2]:7 [3]:52
[0]:202645614 [1]:86582379 [2]:7 [3]:58
[0]:203680627 [1]:87111334 [2]:7 [3]:14
[0]:204658266 [1]:87611863 [2]:7 [3]:18
[0]:205738799 [1]:88160692 [2]:7 [3]:13
[0]:206763926 [1]:88682061 [2]:7 [3]:9
[0]:207814008 [1]:89217480 [2]:7 [3]:14
[0]:208834659 [1]:89738752 [2]:7 [3]:50
[0]:209863011 [1]:90266760 [2]:7 [3]:53
[0]:210863142 [1]:90781434 [2]:7 [3]:12
[0]:211866824 [1]:91292534 [2]:7 [3]:13
[0]:213084512 [1]:91913636 [2]:7 [3]:54
[0]:214109073 [1]:92438006 [2]:7 [3]:49
[0]:215093242 [1]:92940476 [2]:7 [3]:11
[0]:216121774 [1]:93467600 [2]:7 [3]:11
[0]:217316236 [1]:94076395 [2]:7 [3]:16
[0]:218987984 [1]:94923935 [2]:7 [3]:15
[0]:220248649 [1]:95572499 [2]:7 [3]:16
[0]:221383685 [1]:96149363 [2]:7 [3]:11
[0]:222483548 [1]:96717181 [2]:7 [3]:9
[0]:223535280 [1]:97249715 [2]:7 [3]:49
[0]:224569497 [1]:97774484 [2]:7 [3]:49
[0]:225605530 [1]:98303073 [2]:7 [3]:13
[0]:226655766 [1]:98836999 [2]:7 [3]:12
[0]:227659448 [1]:99351057 [2]:7 [3]:14
[0]:228649088 [1]:99854375 [2]:7 [3]:10
[0]:229777538 [1]:100428305 [2]:7 [3]:9
[0]:230843618 [1]:100972891 [2]:7 [3]:13
[0]:231894069 [1]:101511125 [2]:7 [3]:16
[0]:232915880 [1]:102035003 [2]:7 [3]:19
[0]:233941925 [1]:102558232 [2]:7 [3]:53
[0]:234984997 [1]:103088759 [2]:7 [3]:57
[0]:236024633 [1]:103621690 [2]:7 [3]:11
[0]:237190740 [1]:104212329 [2]:7 [3]:52
