[0]:14451925 [1]:3512142 [2]:0 [3]:356
[0]:14677089 [1]:3548032 [2]:0 [3]:372
[0]:14882125 [1]:3580764 [2]:0 [3]:372
[0]:15090643 [1]:3613936 [2]:0 [3]:373
[0]:15304161 [1]:3647962 [2]:0 [3]:360
[0]:15513557 [1]:3681297 [2]:0 [3]:361
[0]:15748545 [1]:3718924 [2]:0 [3]:363
[0]:15968266 [1]:3754130 [2]:0 [3]:356
[0]:16172694 [1]:3786737 [2]:0 [3]:364
[0]:16377754 [1]:3819423 [2]:0 [3]:364
[0]:16586497 [1]:3852681 [2]:0 [3]:78
[0]:16822988 [1]:3890438 [2]:0 [3]:363
[0]:17026687 [1]:3922995 [2]:0 [3]:363
[0]:17249057 [1]:3958466 [2]:0 [3]:360
[0]:17481644 [1]:3995532 [2]:0 [3]:77
[0]:17685490 [1]:4028081 [2]:0 [3]:364
[0]:17892220 [1]:4061170 [2]:0 [3]:358
[0]:18099733 [1]:4094417 [2]:0 [3]:362
[0]:18302105 [1]:4126734 [2]:0 [3]:365
[0]:18503710 [1]:4158777 [2]:0 [3]:359
[0]:18722312 [1]:4193910 [2]:0 [3]:84
[0]:18945430 [1]:4229594 [2]:0 [3]:74
[0]:19163794 [1]:4264377 [2]:0 [3]:86
[0]:19389826 [1]:4300456 [2]:0 [3]:371
[0]:19601379 [1]:4334187 [2]:0 [3]:360
[0]:19821220 [1]:4369220 [2]:0 [3]:370
[0]:20034611 [1]:4403271 [2]:0 [3]:75
[0]:20239664 [1]:4435982 [2]:0 [3]:78
[0]:20454081 [1]:4470146 [2]:0 [3]:357
[0]:20657574 [1]:4502674 [2]:0 [3]:357
[0]:20857546 [1]:4534562 [2]:0 [3]:365
[0]:21060581 [1]:4566938 [2]:0 [3]:81
[0]:21304865 [1]:4605873 [2]:0 [3]:363
[0]:21505100 [1]:4637827 [2]:0 [3]:361
[0]:21717999 [1]:4671812 [2]:0 [3]:76
[0]:21916675 [1]:4703547 [2]:0 [3]:369
[0]:22125391 [1]:4737054 [2]:0 [3]:353
[0]:22394572 [1]:4779988 [2]:0 [3]:370
[0]:22622554 [1]:4816380 [2]:0 [3]:371
[0]:22862535 [1]:4854832 [2]:0 [3]:361
[0]:23070753 [1]:4888013 [2]:0 [3]:358
[0]:23290861 [1]:4923327 [2]:0 [3]:367
[0]:23557610 [1]:4965768 [2]:0 [3]:358
[0]:23757148 [1]:4997651 [2]:0 [3]:75
[0]:23971903 [1]:5031874 [2]:0 [3]:367
[0]:24179244 [1]:5065009 [2]:0 [3]:371
[0]:24390043 [1]:5098568 [2]:0 [3]:362
[0]:24603035 [1]:5132531 [2]:0 [3]:359
[0]:24812843 [1]:5166001 [2]:0 [3]:366
[0]:25024954 [1]:5199840 [2]:0 [3]:83
[0]:25250004 [1]:5235819 [2]:0 [3]:72
[0]:25460855 [1]:5269504 [2]:0 [3]:366
[0]:25675907 [1]:5303845 [2]:0 [3]:364
[0]:25889166 [1]:5337993 [2]:0 [3]:360
[0]:26092801 [1]:5370543 [2]:0 [3]:368
[0]:26299304 [1]:5403649 [2]:0 [3]:361
[0]:26516329 [1]:5438178 [2]:0 [3]:374
[0]:26780432 [1]:5480270 [2]:0 [3]:362
[0]:26997604 [1]:5514950 [2]:0 [3]:364
[0]:27210575 [1]:5548984 [2]:0 [3]:88
[0]:27426118 [1]:5583369 [2]:0 [3]:361
[0]:27640701 [1]:5617574 [2]:0 [3]:360
[0]:27868356 [1]:5653854 [2]:0 [3]:77
[0]:28090783 [1]:5689460 [2]:0 [3]:367
[0]:28305986 [1]:5723661 [2]:0 [3]:362
[0]:28535210 [1]:5760161 [2]:0 [3]:80
[0]:28747875 [1]:5794160 [2]:0 [3]:365
[0]:28964879 [1]:5828815 [2]:0 [3]:369
[0]:29165446 [1]:5860828 [2]:0 [3]:366
[0]:29391970 [1]:5896961 [2]:0 [3]:355
[0]:29602933 [1]:5930683 [2]:0 [3]:365
[0]:29809936 [1]:5963783 [2]:0 [3]:367
