[0]:60861765 [1]:12199629 [2]:0 [3]:359
[0]:61072612 [1]:12251045 [2]:0 [3]:365
[0]:61277439 [1]:12301080 [2]:0 [3]:347
[0]:61472343 [1]:12348725 [2]:0 [3]:359
[0]:61666813 [1]:12396210 [2]:0 [3]:364
[0]:61867021 [1]:12445131 [2]:0 [3]:358
[0]:62069889 [1]:12494655 [2]:0 [3]:358
[0]:62260824 [1]:12541295 [2]:0 [3]:355
[0]:62462508 [1]:12590632 [2]:0 [3]:358
[0]:62656718 [1]:12638113 [2]:0 [3]:364
[0]:62877046 [1]:12691861 [2]:0 [3]:65
[0]:63079046 [1]:12741249 [2]:0 [3]:361
[0]:63273555 [1]:12788826 [2]:0 [3]:362
[0]:63469493 [1]:12836674 [2]:0 [3]:355
[0]:63672959 [1]:12886375 [2]:0 [3]:58
[0]:63901218 [1]:12942042 [2]:0 [3]:362
[0]:64097602 [1]:12990017 [2]:0 [3]:359
[0]:64331051 [1]:13047055 [2]:0 [3]:357
[0]:64528991 [1]:13095426 [2]:0 [3]:358
[0]:64730505 [1]:13144574 [2]:0 [3]:353
[0]:64939757 [1]:13195702 [2]:0 [3]:362
[0]:65143404 [1]:13245386 [2]:0 [3]:364
[0]:65346113 [1]:13294923 [2]:0 [3]:362
[0]:65552755 [1]:13345392 [2]:0 [3]:53
[0]:65747114 [1]:13392792 [2]:0 [3]:366
[0]:65945427 [1]:13441209 [2]:0 [3]:363
[0]:66139573 [1]:13488707 [2]:0 [3]:361
[0]:66333895 [1]:13536145 [2]:0 [3]:364
[0]:66565494 [1]:13592742 [2]:0 [3]:60
[0]:66763626 [1]:13641102 [2]:0 [3]:358
[0]:67001788 [1]:13699273 [2]:0 [3]:361
[0]:67207923 [1]:13749643 [2]:0 [3]:354
[0]:67417016 [1]:13800757 [2]:0 [3]:362
[0]:67629826 [1]:13852710 [2]:0 [3]:357
[0]:67828541 [1]:13901347 [2]:0 [3]:59
[0]:68026497 [1]:13949759 [2]:0 [3]:355
[0]:68220834 [1]:13997263 [2]:0 [3]:361
[0]:68422620 [1]:14046538 [2]:0 [3]:363
[0]:68616903 [1]:14093926 [2]:0 [3]:361
[0]:68817038 [1]:14142803 [2]:0 [3]:363
[0]:69017887 [1]:14191874 [2]:0 [3]:367
[0]:69218509 [1]:14240916 [2]:0 [3]:53
[0]:69418450 [1]:14289716 [2]:0 [3]:353
[0]:69625756 [1]:14340373 [2]:0 [3]:364
[0]:69835090 [1]:14391516 [2]:0 [3]:366
[0]:70033057 [1]:14439907 [2]:0 [3]:360
[0]:70235409 [1]:14489388 [2]:0 [3]:359
[0]:70459120 [1]:14543946 [2]:0 [3]:356
[0]:70656639 [1]:14592236 [2]:0 [3]:360
[0]:70858842 [1]:14641643 [2]:0 [3]:361
[0]:71068042 [1]:14692745 [2]:0 [3]:357
[0]:71273622 [1]:14742910 [2]:0 [3]:363
[0]:71482797 [1]:14794055 [2]:0 [3]:368
[0]:71687491 [1]:14844090 [2]:0 [3]:361
[0]:71878981 [1]:14890961 [2]:0 [3]:367
[0]:72117951 [1]:14949357 [2]:0 [3]:65
[0]:72311150 [1]:14996501 [2]:0 [3]:367
[0]:72514103 [1]:15046073 [2]:0 [3]:362
[0]:72711824 [1]:15094379 [2]:0 [3]:364
[0]:72924781 [1]:15146446 [2]:0 [3]:367
[0]:73123327 [1]:15194954 [2]:0 [3]:362
[0]:73313495 [1]:15241417 [2]:0 [3]:357
[0]:73540483 [1]:15296861 [2]:0 [3]:358
[0]:73732302 [1]:15343740 [2]:0 [3]:364
[0]:74004773 [1]:15410591 [2]:0 [3]:364
[0]:74244079 [1]:15468992 [2]:0 [3]:364
[0]:74481626 [1]:15526963 [2]:0 [3]:364
[0]:74681389 [1]:15575815 [2]:0 [3]:363
[0]:74879554 [1]:15624236 [2]:0 [3]:360
[0]:75073734 [1]:15671593 [2]:0 [3]:366
[0]:75280531 [1]:15722098 [2]:0 [3]:56
[0]:75503626 [1]:15776620 [2]:0 [3]:363
[0]:75730223 [1]:15831988 [2]:0 [3]:363
