[0]:27784535 [1]:2898343 [2]:88 [3]:351
[0]:28002448 [1]:2914008 [2]:88 [3]:80
[0]:28203871 [1]:2928667 [2]:88 [3]:87
[0]:28477984 [1]:2948897 [2]:88 [3]:104
[0]:28679041 [1]:2963939 [2]:88 [3]:358
[0]:28883395 [1]:2978914 [2]:88 [3]:372
[0]:29087394 [1]:2993793 [2]:88 [3]:356
[0]:29296671 [1]:3009216 [2]:88 [3]:80
[0]:29503249 [1]:3024201 [2]:88 [3]:377
[0]:29718896 [1]:3040030 [2]:86 [3]:371
[0]:29932396 [1]:3060762 [2]:86 [3]:366
[0]:30168195 [1]:3087108 [2]:86 [3]:369
[0]:30384402 [1]:3111074 [2]:86 [3]:374
[0]:30601623 [1]:3135130 [2]:86 [3]:81
[0]:30799261 [1]:3156823 [2]:86 [3]:91
[0]:31013494 [1]:3180327 [2]:86 [3]:361
[0]:31217292 [1]:3202984 [2]:86 [3]:367
[0]:31442580 [1]:3227904 [2]:86 [3]:355
[0]:31706331 [1]:3257025 [2]:86 [3]:365
[0]:31915360 [1]:3280104 [2]:86 [3]:83
[0]:32124305 [1]:3303302 [2]:86 [3]:355
[0]:32337309 [1]:3326829 [2]:86 [3]:78
[0]:32563474 [1]:3351723 [2]:86 [3]:364
[0]:32774983 [1]:3375306 [2]:86 [3]:353
[0]:32987604 [1]:3398872 [2]:86 [3]:359
[0]:33198856 [1]:3422172 [2]:86 [3]:78
[0]:33414031 [1]:3445807 [2]:86 [3]:363
[0]:33627059 [1]:3469447 [2]:86 [3]:81
[0]:33835744 [1]:3492656 [2]:86 [3]:90
[0]:34044862 [1]:3515796 [2]:86 [3]:369
[0]:34241870 [1]:3537680 [2]:86 [3]:87
[0]:34453850 [1]:3561179 [2]:86 [3]:371
[0]:34691590 [1]:3587319 [2]:86 [3]:369
[0]:34892670 [1]:3609513 [2]:86 [3]:369
[0]:35097888 [1]:3632338 [2]:86 [3]:368
[0]:35298526 [1]:3654844 [2]:86 [3]:87
[0]:35504669 [1]:3677827 [2]:86 [3]:363
[0]:35712762 [1]:3700846 [2]:86 [3]:364
[0]:35945047 [1]:3726647 [2]:86 [3]:81
[0]:36157839 [1]:3750256 [2]:86 [3]:84
[0]:36370525 [1]:3773809 [2]:86 [3]:350
[0]:36587147 [1]:3798026 [2]:86 [3]:99
[0]:36792588 [1]:3820711 [2]:86 [3]:74
[0]:37001836 [1]:3843702 [2]:86 [3]:83
[0]:37214496 [1]:3867346 [2]:86 [3]:98
[0]:37424774 [1]:3890576 [2]:86 [3]:77
[0]:37647289 [1]:3915052 [2]:86 [3]:357
[0]:37872498 [1]:3939992 [2]:86 [3]:371
[0]:38074323 [1]:3962458 [2]:86 [3]:71
[0]:38295176 [1]:3986842 [2]:86 [3]:87
[0]:38528022 [1]:4012554 [2]:86 [3]:65
[0]:38745730 [1]:4036989 [2]:86 [3]:92
[0]:38953082 [1]:4059982 [2]:86 [3]:367
[0]:39150604 [1]:4081814 [2]:86 [3]:90
[0]:39351789 [1]:4104047 [2]:86 [3]:373
[0]:39614722 [1]:4133095 [2]:86 [3]:347
[0]:39828972 [1]:4156807 [2]:86 [3]:364
[0]:40028076 [1]:4178789 [2]:86 [3]:373
[0]:40235178 [1]:4201771 [2]:86 [3]:367
[0]:40502195 [1]:4231189 [2]:86 [3]:89
[0]:40732196 [1]:4256655 [2]:86 [3]:76
[0]:40953001 [1]:4281084 [2]:86 [3]:361
[0]:41161894 [1]:4304254 [2]:86 [3]:87
[0]:41365850 [1]:4326789 [2]:86 [3]:367
[0]:41575127 [1]:4349882 [2]:86 [3]:360
[0]:41810925 [1]:4375937 [2]:86 [3]:88
[0]:42049179 [1]:4402463 [2]:86 [3]:366
[0]:42252861 [1]:4425189 [2]:86 [3]:355
[0]:42466818 [1]:4448977 [2]:86 [3]:358
[0]:42676064 [1]:4472071 [2]:86 [3]:370
[0]:42898896 [1]:4496705 [2]:86 [3]:88
[0]:43116195 [1]:4520658 [2]:86 [3]:369
[0]:43324370 [1]:4543659 [2]:86 [3]:365
[0]:43534703 [1]:4567200 [2]:86 [3]:368
[0]:43744243 [1]:4590389 [2]:86 [3]:359
[0]:43957645 [1]:4613967 [2]:86 [3]:362
[0]:44162417 [1]:4636520 [2]:86 [3]:356
[0]:44391982 [1]:4661960 [2]:86 [3]:364
[0]:44604197 [1]:4685640 [2]:86 [3]:75
[0]:44825101 [1]:4709871 [2]:86 [3]:87
[0]:45038036 [1]:4733653 [2]:86 [3]:367
[0]:45269910 [1]:4759391 [2]:86 [3]:370
[0]:45487348 [1]:4783585 [2]:86 [3]:87
[0]:45700719 [1]:4807024 [2]:86 [3]:370
[0]:45917235 [1]:4831154 [2]:86 [3]:362
[0]:46141957 [1]:4855973 [2]:86 [3]:363
[0]:46341857 [1]:4878087 [2]:86 [3]:359
[0]:46556264 [1]:4901671 [2]:86 [3]:83
[0]:46765172 [1]:4924920 [2]:86 [3]:74
[0]:46996284 [1]:4950528 [2]:86 [3]:81
[0]:47202668 [1]:4973382 [2]:86 [3]:70
[0]:47411716 [1]:4996566 [2]:86 [3]:80
[0]:47628539 [1]:5020815 [2]:86 [3]:361
[0]:47841165 [1]:5044550 [2]:86 [3]:361
[0]:48050306 [1]:5067655 [2]:86 [3]:363
[0]:48257143 [1]:5090919 [2]:86 [3]:371
[0]:48459949 [1]:5113500 [2]:86 [3]:78
[0]:48671496 [1]:5137244 [2]:86 [3]:362
[0]:48885681 [1]:5160949 [2]:86 [3]:78
[0]:49094360 [1]:5184025 [2]:86 [3]:79
[0]:49299284 [1]:5206750 [2]:86 [3]:363
[0]:49500695 [1]:5229144 [2]:86 [3]:360
[0]:49707815 [1]:5252217 [2]:86 [3]:75
[0]:49914527 [1]:5275165 [2]:86 [3]:364
[0]:50111688 [1]:5297037 [2]:86 [3]:80
[0]:50324988 [1]:5320849 [2]:86 [3]:359
[0]:50546803 [1]:5345410 [2]:86 [3]:360
[0]:50744847 [1]:5367230 [2]:86 [3]:372
[0]:50967280 [1]:5391873 [2]:86 [3]:365
[0]:51176147 [1]:5415004 [2]:86 [3]:366
[0]:51385320 [1]:5437984 [2]:86 [3]:363
[0]:51594559 [1]:5460947 [2]:86 [3]:88
[0]:51846523 [1]:5488754 [2]:86 [3]:364
[0]:52059518 [1]:5512328 [2]:86 [3]:378
[0]:52261109 [1]:5534456 [2]:86 [3]:115
[0]:52474386 [1]:5557872 [2]:86 [3]:359
[0]:52687346 [1]:5581420 [2]:86 [3]:367
[0]:52887472 [1]:5603469 [2]:86 [3]:85
[0]:53121145 [1]:5629456 [2]:86 [3]:360
[0]:53329850 [1]:5656600 [2]:86 [3]:361
[0]:53558119 [1]:5690657 [2]:86 [3]:368
[0]:53770941 [1]:5722253 [2]:86 [3]:360
[0]:53975969 [1]:5752637 [2]:86 [3]:368
[0]:54185510 [1]:5783751 [2]:86 [3]:72
[0]:54381841 [1]:5812852 [2]:86 [3]:369
[0]:54590674 [1]:5843815 [2]:86 [3]:366
[0]:54795737 [1]:5874276 [2]:86 [3]:363
[0]:55015361 [1]:5907037 [2]:86 [3]:370
[0]:55224301 [1]:5938079 [2]:86 [3]:79
[0]:55429953 [1]:5968559 [2]:86 [3]:370
[0]:55678309 [1]:6005418 [2]:86 [3]:363
[0]:55883183 [1]:6035801 [2]:86 [3]:368
[0]:56096213 [1]:6067371 [2]:86 [3]:360
[0]:56308983 [1]:6098884 [2]:86 [3]:367
[0]:56517890 [1]:6129853 [2]:86 [3]:364
[0]:56730689 [1]:6161418 [2]:86 [3]:359
[0]:56943440 [1]:6192907 [2]:86 [3]:75
[0]:57160181 [1]:6225110 [2]:86 [3]:367
