[0]:376620691 [1]:247484064 [2]:7 [3]:18
[0]:377861573 [1]:248430020 [2]:7 [3]:15
[0]:379151422 [1]:249089011 [2]:7 [3]:14
[0]:380421279 [1]:249739657 [2]:7 [3]:17
[0]:381604556 [1]:250337628 [2]:7 [3]:11
[0]:382776587 [1]:250941493 [2]:7 [3]:48
[0]:383924666 [1]:251528896 [2]:7 [3]:11
[0]:385082062 [1]:252124198 [2]:7 [3]:10
[0]:386281029 [1]:252738285 [2]:7 [3]:15
[0]:387389253 [1]:253306397 [2]:7 [3]:54
[0]:388555070 [1]:253902533 [2]:7 [3]:11
[0]:389693501 [1]:254479968 [2]:7 [3]:56
[0]:391097937 [1]:255198483 [2]:7 [3]:16
[0]:392245856 [1]:255789000 [2]:7 [3]:7
[0]:393433089 [1]:256395202 [2]:7 [3]:14
[0]:394613787 [1]:256994880 [2]:7 [3]:13
[0]:395821166 [1]:257609694 [2]:7 [3]:14
[0]:396956746 [1]:258190684 [2]:7 [3]:51
[0]:398032435 [1]:258737772 [2]:7 [3]:18
[0]:399156055 [1]:259310514 [2]:7 [3]:54
[0]:400278956 [1]:259888388 [2]:7 [3]:13
[0]:401539536 [1]:260532784 [2]:7 [3]:13
[0]:402638911 [1]:261096848 [2]:7 [3]:20
[0]:403846489 [1]:261714778 [2]:7 [3]:54
[0]:405094980 [1]:262353206 [2]:7 [3]:11
[0]:406087761 [1]:262861749 [2]:7 [3]:15
[0]:407118893 [1]:263388841 [2]:7 [3]:52
[0]:408104508 [1]:263897296 [2]:7 [3]:50
[0]:409298442 [1]:264503850 [2]:7 [3]:11
[0]:410304826 [1]:265018164 [2]:7 [3]:16
[0]:411333861 [1]:265544209 [2]:7 [3]:53
[0]:412610367 [1]:266196739 [2]:7 [3]:19
[0]:413599027 [1]:266702695 [2]:7 [3]:13
[0]:414591612 [1]:267212893 [2]:7 [3]:16
[0]:415581214 [1]:267722237 [2]:7 [3]:15
[0]:416635034 [1]:268263316 [2]:7 [3]:9
[0]:417760266 [1]:268841056 [2]:7 [3]:52
[0]:418996008 [1]:269473331 [2]:7 [3]:16
[0]:420206694 [1]:270096998 [2]:7 [3]:18
[0]:421269507 [1]:270641820 [2]:7 [3]:12
[0]:422334570 [1]:271185224 [2]:7 [3]:10
[0]:423344150 [1]:271702993 [2]:7 [3]:9
[0]:424362253 [1]:272224945 [2]:7 [3]:15
[0]:425419434 [1]:272765068 [2]:7 [3]:18
[0]:426471984 [1]:273302855 [2]:7 [3]:11
[0]:427510877 [1]:273833838 [2]:7 [3]:50
[0]:428500964 [1]:274336804 [2]:7 [3]:11
[0]:429480985 [1]:274837723 [2]:7 [3]:14
[0]:430469831 [1]:275340754 [2]:7 [3]:52
[0]:431511488 [1]:275871553 [2]:7 [3]:15
[0]:432562469 [1]:276413311 [2]:7 [3]:12
[0]:433634788 [1]:276959040 [2]:7 [3]:14
[0]:434911200 [1]:277612355 [2]:7 [3]:10
[0]:436135498 [1]:278236924 [2]:7 [3]:11
[0]:437378083 [1]:278867026 [2]:7 [3]:12
[0]:438952752 [1]:279673461 [2]:7 [3]:51
[0]:440176880 [1]:280303746 [2]:7 [3]:17
[0]:441360851 [1]:280905353 [2]:7 [3]:13
[0]:442468945 [1]:281470733 [2]:7 [3]:13
[0]:443606370 [1]:282050925 [2]:7 [3]:9
[0]:444739918 [1]:282627926 [2]:7 [3]:9
[0]:445841054 [1]:283184426 [2]:7 [3]:13
[0]:447095929 [1]:283824786 [2]:7 [3]:52
[0]:448218316 [1]:284398856 [2]:7 [3]:50
[0]:449612060 [1]:285115966 [2]:7 [3]:47
[0]:451045415 [1]:285846520 [2]:7 [3]:14
[0]:452299502 [1]:286496537 [2]:7 [3]:53
[0]:453480411 [1]:287104219 [2]:7 [3]:10
[0]:454627995 [1]:287688569 [2]:7 [3]:17
[0]:455861538 [1]:288319124 [2]:7 [3]:12
[0]:457017173 [1]:288910825 [2]:7 [3]:56
[0]:458337366 [1]:289585563 [2]:7 [3]:16
[0]:459432471 [1]:290147421 [2]:7 [3]:17
[0]:460500530 [1]:290701057 [2]:7 [3]:51
[0]:461534895 [1]:291230050 [2]:7 [3]:14
[0]:462551386 [1]:291750886 [2]:7 [3]:8
[0]:463697060 [1]:292333585 [2]:7 [3]:13
