[0]:758060498 [1]:498184277 [2]:7 [3]:53
[0]:759307882 [1]:498829140 [2]:7 [3]:22
[0]:760580238 [1]:499485994 [2]:7 [3]:15
[0]:761743191 [1]:500085219 [2]:7 [3]:16
[0]:762908738 [1]:500688762 [2]:7 [3]:11
[0]:764046676 [1]:501276130 [2]:7 [3]:52
[0]:765252303 [1]:501895251 [2]:7 [3]:12
[0]:766407231 [1]:502487737 [2]:7 [3]:12
[0]:767552136 [1]:503073274 [2]:7 [3]:16
[0]:768864906 [1]:503746239 [2]:7 [3]:14
[0]:770038519 [1]:504349392 [2]:7 [3]:10
[0]:771176292 [1]:504933121 [2]:7 [3]:51
[0]:772316640 [1]:505521236 [2]:7 [3]:52
[0]:773498560 [1]:506124796 [2]:7 [3]:8
[0]:774687332 [1]:506730099 [2]:7 [3]:52
[0]:776082730 [1]:507457252 [2]:7 [3]:15
[0]:777296014 [1]:508079548 [2]:7 [3]:12
[0]:778478368 [1]:508687328 [2]:7 [3]:12
[0]:779674600 [1]:509296505 [2]:7 [3]:11
[0]:780835001 [1]:509889167 [2]:7 [3]:13
[0]:781842972 [1]:510404999 [2]:7 [3]:59
[0]:782837573 [1]:510913366 [2]:7 [3]:16
[0]:783866704 [1]:511437589 [2]:7 [3]:14
[0]:784868867 [1]:511952439 [2]:7 [3]:10
[0]:785867603 [1]:512465946 [2]:7 [3]:11
[0]:787110205 [1]:513105603 [2]:7 [3]:9
[0]:788146682 [1]:513636911 [2]:7 [3]:9
[0]:789223633 [1]:514187643 [2]:7 [3]:12
[0]:790247846 [1]:514714654 [2]:7 [3]:51
[0]:791280636 [1]:515243090 [2]:7 [3]:53
[0]:792281663 [1]:515758846 [2]:7 [3]:17
[0]:793304288 [1]:516284786 [2]:7 [3]:10
[0]:794335575 [1]:516812160 [2]:7 [3]:17
[0]:795489002 [1]:517403395 [2]:7 [3]:11
[0]:796887826 [1]:518125533 [2]:7 [3]:16
[0]:798133306 [1]:518758290 [2]:7 [3]:35
[0]:799264839 [1]:519341701 [2]:7 [3]:15
[0]:800282332 [1]:519864462 [2]:7 [3]:9
[0]:801287424 [1]:520386488 [2]:7 [3]:19
[0]:802302143 [1]:520909006 [2]:7 [3]:9
[0]:803325131 [1]:521431502 [2]:7 [3]:12
[0]:804369199 [1]:521972015 [2]:7 [3]:8
[0]:805416689 [1]:522512760 [2]:7 [3]:12
[0]:806459322 [1]:523048831 [2]:7 [3]:13
[0]:807454788 [1]:523560637 [2]:7 [3]:56
[0]:808464395 [1]:524082689 [2]:7 [3]:14
[0]:809522292 [1]:524624656 [2]:7 [3]:36
[0]:810603227 [1]:525178196 [2]:7 [3]:57
[0]:811695780 [1]:525741294 [2]:7 [3]:52
[0]:812894151 [1]:526359085 [2]:7 [3]:51
[0]:814145032 [1]:527003122 [2]:7 [3]:15
[0]:815345066 [1]:527617077 [2]:7 [3]:14
[0]:816757366 [1]:528341894 [2]:7 [3]:8
[0]:818024537 [1]:528990205 [2]:7 [3]:12
[0]:819172548 [1]:529583234 [2]:7 [3]:15
[0]:820361837 [1]:530192601 [2]:7 [3]:10
[0]:821499928 [1]:530779625 [2]:7 [3]:12
[0]:822623635 [1]:531357776 [2]:7 [3]:11
[0]:823743012 [1]:531927552 [2]:7 [3]:57
[0]:824918891 [1]:532532136 [2]:7 [3]:52
[0]:826093804 [1]:533139636 [2]:7 [3]:56
[0]:827242735 [1]:533730885 [2]:7 [3]:51
[0]:828517118 [1]:534386120 [2]:7 [3]:14
[0]:829825052 [1]:535057172 [2]:7 [3]:57
[0]:830966201 [1]:535641370 [2]:7 [3]:13
[0]:832145774 [1]:536252420 [2]:7 [3]:19
[0]:833336028 [1]:536863034 [2]:7 [3]:54
[0]:834501879 [1]:537463908 [2]:7 [3]:53
[0]:835699024 [1]:538080501 [2]:7 [3]:12
[0]:836873965 [1]:538686059 [2]:7 [3]:13
[0]:837956023 [1]:539242602 [2]:7 [3]:14
[0]:839018234 [1]:539792511 [2]:7 [3]:9
[0]:839989061 [1]:540289902 [2]:7 [3]:16
[0]:840971395 [1]:540794647 [2]:7 [3]:53
[0]:842010222 [1]:541327922 [2]:7 [3]:14
[0]:843066365 [1]:541866944 [2]:7 [3]:14
[0]:844069013 [1]:542379963 [2]:7 [3]:9
[0]:845103581 [1]:542911888 [2]:7 [3]:14
