[0]:95203688 [1]:95203690 [2]:0 [3]:145
[0]:95397744 [1]:95397744 [2]:0 [3]:239
[0]:95541162 [1]:95541164 [2]:0 [3]:571
[0]:95681242 [1]:95681242 [2]:0 [3]:538
[0]:95816557 [1]:95816556 [2]:0 [3]:546
[0]:95964071 [1]:95964071 [2]:0 [3]:168
[0]:96105817 [1]:96105818 [2]:0 [3]:548
[0]:96282141 [1]:96282142 [2]:0 [3]:357
[0]:96421644 [1]:96421644 [2]:0 [3]:316
[0]:96562382 [1]:96562382 [2]:0 [3]:124
[0]:96702982 [1]:96702982 [2]:0 [3]:283
[0]:96843642 [1]:96843641 [2]:0 [3]:116
[0]:96978925 [1]:96978925 [2]:0 [3]:562
[0]:97180346 [1]:97180347 [2]:0 [3]:212
[0]:97323941 [1]:97323943 [2]:0 [3]:133
[0]:97470056 [1]:97470056 [2]:0 [3]:234
[0]:97615867 [1]:97615868 [2]:0 [3]:121
[0]:97753910 [1]:97753911 [2]:0 [3]:123
[0]:97925721 [1]:97925721 [2]:0 [3]:537
[0]:98069326 [1]:98069326 [2]:0 [3]:531
[0]:98243475 [1]:98243475 [2]:0 [3]:102
[0]:98377439 [1]:98377439 [2]:0 [3]:518
[0]:98515523 [1]:98515523 [2]:0 [3]:214
[0]:98656165 [1]:98656165 [2]:0 [3]:151
[0]:98867991 [1]:98867992 [2]:0 [3]:209
[0]:99014300 [1]:99014300 [2]:0 [3]:547
[0]:99194970 [1]:99194972 [2]:0 [3]:130
[0]:99340732 [1]:99340732 [2]:0 [3]:543
[0]:99494501 [1]:99494503 [2]:0 [3]:188
[0]:99637923 [1]:99637923 [2]:0 [3]:172
[0]:99825846 [1]:99825846 [2]:0 [3]:563
[0]:99969596 [1]:99969596 [2]:0 [3]:240
[0]:100110167 [1]:100110167 [2]:0 [3]:114
[0]:100256806 [1]:100256806 [2]:0 [3]:526
[0]:100404854 [1]:100404854 [2]:0 [3]:553
[0]:100549780 [1]:100549777 [2]:0 [3]:535
[0]:100691540 [1]:100691540 [2]:0 [3]:148
[0]:100834251 [1]:100834251 [2]:0 [3]:165
[0]:100975456 [1]:100975457 [2]:0 [3]:545
[0]:101116746 [1]:101116748 [2]:0 [3]:132
[0]:101253523 [1]:101253521 [2]:0 [3]:555
[0]:101429841 [1]:101429841 [2]:0 [3]:185
[0]:101582166 [1]:101582167 [2]:0 [3]:158
[0]:101719369 [1]:101719369 [2]:0 [3]:529
[0]:101912268 [1]:101912268 [2]:0 [3]:556
[0]:102052985 [1]:102052985 [2]:0 [3]:175
[0]:102196401 [1]:102196403 [2]:0 [3]:113
[0]:102339700 [1]:102339700 [2]:0 [3]:532
[0]:102482907 [1]:102482907 [2]:0 [3]:152
[0]:102650794 [1]:102650794 [2]:0 [3]:539
[0]:102793339 [1]:102793340 [2]:0 [3]:243
[0]:102939412 [1]:102939412 [2]:0 [3]:229
[0]:103069568 [1]:103069569 [2]:0 [3]:263
[0]:103220013 [1]:103220014 [2]:0 [3]:543
[0]:103402916 [1]:103402917 [2]:0 [3]:565
[0]:103539181 [1]:103539183 [2]:0 [3]:549
[0]:103677124 [1]:103677124 [2]:0 [3]:542
[0]:103811995 [1]:103811995 [2]:0 [3]:149
[0]:103974371 [1]:103974371 [2]:0 [3]:151
[0]:104110758 [1]:104110759 [2]:0 [3]:146
[0]:104247606 [1]:104247606 [2]:0 [3]:123
[0]:104392537 [1]:104392537 [2]:0 [3]:135
[0]:104537597 [1]:104537597 [2]:0 [3]:522
[0]:104689246 [1]:104689247 [2]:0 [3]:557
[0]:104833955 [1]:104833956 [2]:0 [3]:545
[0]:104973318 [1]:104973318 [2]:0 [3]:227
[0]:105112043 [1]:105112043 [2]:0 [3]:191
[0]:105253286 [1]:105253287 [2]:0 [3]:554
[0]:105393921 [1]:105393921 [2]:0 [3]:530
[0]:105539514 [1]:105539516 [2]:0 [3]:121
[0]:105688221 [1]:105688221 [2]:0 [3]:140
