[0]:0 [1]:0 [2]:0 [3]:0
[0]:19041 [1]:0 [2]:0 [3]:314
[0]:247130 [1]:0 [2]:0 [3]:316
[0]:472633 [1]:0 [2]:0 [3]:63
[0]:699239 [1]:0 [2]:0 [3]:57
[0]:957508 [1]:0 [2]:0 [3]:79
[0]:1177862 [1]:14501 [2]:120 [3]:63
[0]:1387555 [1]:38246 [2]:120 [3]:378
[0]:1583199 [1]:60327 [2]:120 [3]:360
[0]:1788758 [1]:83464 [2]:120 [3]:75
[0]:1995451 [1]:106686 [2]:120 [3]:61
[0]:2253888 [1]:135801 [2]:120 [3]:61
[0]:2444866 [1]:157335 [2]:120 [3]:65
[0]:2643205 [1]:179803 [2]:111 [3]:55
[0]:2848413 [1]:202974 [2]:111 [3]:374
[0]:3047591 [1]:225421 [2]:111 [3]:360
[0]:3234824 [1]:246497 [2]:111 [3]:61
[0]:3432941 [1]:268842 [2]:111 [3]:57
[0]:3673058 [1]:295987 [2]:111 [3]:68
[0]:3886047 [1]:320132 [2]:111 [3]:62
[0]:4080618 [1]:342234 [2]:111 [3]:361
[0]:4334948 [1]:370904 [2]:103 [3]:61
[0]:4533906 [1]:393297 [2]:103 [3]:367
[0]:4731923 [1]:415844 [2]:103 [3]:64
[0]:4994383 [1]:445567 [2]:103 [3]:64
[0]:5200287 [1]:468735 [2]:103 [3]:360
[0]:5397239 [1]:490916 [2]:103 [3]:57
[0]:5593396 [1]:512991 [2]:103 [3]:77
[0]:5788191 [1]:534975 [2]:97 [3]:58
[0]:5996005 [1]:558525 [2]:97 [3]:65
[0]:6195881 [1]:581098 [2]:97 [3]:349
[0]:6402168 [1]:604221 [2]:97 [3]:83
[0]:6614465 [1]:628187 [2]:97 [3]:57
[0]:6832804 [1]:652748 [2]:97 [3]:62
[0]:7028022 [1]:674776 [2]:97 [3]:64
[0]:7218295 [1]:696144 [2]:92 [3]:70
[0]:7420791 [1]:718916 [2]:92 [3]:356
[0]:7611559 [1]:740458 [2]:92 [3]:360
[0]:7808180 [1]:762706 [2]:92 [3]:369
[0]:8004602 [1]:784981 [2]:92 [3]:82
[0]:8207183 [1]:807771 [2]:92 [3]:76
[0]:8445997 [1]:834806 [2]:92 [3]:60
[0]:8636107 [1]:856209 [2]:92 [3]:62
[0]:8873030 [1]:882936 [2]:88 [3]:81
[0]:9072207 [1]:905360 [2]:88 [3]:66
[0]:9274637 [1]:928079 [2]:88 [3]:64
[0]:9465671 [1]:949560 [2]:88 [3]:58
[0]:9663175 [1]:971776 [2]:88 [3]:61
[0]:9855076 [1]:993413 [2]:88 [3]:359
[0]:10049564 [1]:1015206 [2]:88 [3]:69
[0]:10304373 [1]:1043996 [2]:85 [3]:56
[0]:10506435 [1]:1066688 [2]:85 [3]:68
[0]:10701572 [1]:1088672 [2]:85 [3]:73
[0]:10959923 [1]:1117692 [2]:85 [3]:58
[0]:11158939 [1]:1140040 [2]:85 [3]:369
[0]:11427442 [1]:1170371 [2]:85 [3]:78
[0]:11641779 [1]:1194565 [2]:85 [3]:58
[0]:11833546 [1]:1216182 [2]:83 [3]:68
[0]:12035196 [1]:1238777 [2]:83 [3]:359
[0]:12233997 [1]:1261176 [2]:83 [3]:62
[0]:12432347 [1]:1283551 [2]:83 [3]:359
[0]:12690645 [1]:1312587 [2]:83 [3]:351
[0]:12892463 [1]:1335252 [2]:83 [3]:360
[0]:13100333 [1]:1358619 [2]:83 [3]:59
[0]:13308423 [1]:1382117 [2]:81 [3]:365
[0]:13509153 [1]:1404834 [2]:81 [3]:51
[0]:13709190 [1]:1427462 [2]:81 [3]:368
[0]:13914818 [1]:1450548 [2]:81 [3]:362
[0]:14164497 [1]:1478846 [2]:81 [3]:71
[0]:14364332 [1]:1501598 [2]:81 [3]:356
[0]:14562637 [1]:1523983 [2]:81 [3]:63
[0]:14761134 [1]:1546404 [2]:81 [3]:362
[0]:14952253 [1]:1567920 [2]:79 [3]:53
[0]:15146731 [1]:1589806 [2]:79 [3]:367
[0]:15341649 [1]:1611871 [2]:79 [3]:369
[0]:15543810 [1]:1634628 [2]:79 [3]:362
[0]:15742363 [1]:1657038 [2]:79 [3]:74
[0]:15970582 [1]:1682904 [2]:79 [3]:367
[0]:16176545 [1]:1706229 [2]:79 [3]:367
[0]:16378786 [1]:1728972 [2]:78 [3]:369
[0]:16573555 [1]:1750895 [2]:78 [3]:364
[0]:16786631 [1]:1774948 [2]:78 [3]:63
[0]:17003607 [1]:1799529 [2]:78 [3]:70
[0]:17194998 [1]:1821181 [2]:78 [3]:65
[0]:17391188 [1]:1843275 [2]:78 [3]:67
[0]:17580794 [1]:1864565 [2]:78 [3]:361
[0]:17775700 [1]:1886604 [2]:78 [3]:373
[0]:17977029 [1]:1909464 [2]:77 [3]:365
[0]:18169820 [1]:1931223 [2]:77 [3]:360
[0]:18374408 [1]:1954372 [2]:77 [3]:63
[0]:18587941 [1]:1978406 [2]:77 [3]:372
[0]:18782436 [1]:2000430 [2]:77 [3]:73
[0]:18977124 [1]:2022496 [2]:77 [3]:56
[0]:19197852 [1]:2047459 [2]:77 [3]:374
[0]:19396072 [1]:2069788 [2]:76 [3]:355
[0]:19628365 [1]:2095955 [2]:76 [3]:358
[0]:19817698 [1]:2117367 [2]:76 [3]:79
[0]:20015516 [1]:2139784 [2]:76 [3]:71
[0]:20238293 [1]:2164911 [2]:76 [3]:360
[0]:20441326 [1]:2187625 [2]:76 [3]:356
[0]:20638274 [1]:2209743 [2]:76 [3]:60
[0]:20829580 [1]:2231391 [2]:76 [3]:368
[0]:21028843 [1]:2254001 [2]:75 [3]:371
[0]:21227612 [1]:2276494 [2]:75 [3]:65
[0]:21425979 [1]:2298824 [2]:75 [3]:367
[0]:21620602 [1]:2320718 [2]:75 [3]:359
[0]:21826772 [1]:2343958 [2]:75 [3]:362
[0]:22032615 [1]:2367275 [2]:75 [3]:50
[0]:22222835 [1]:2388722 [2]:75 [3]:363
[0]:22427400 [1]:2411742 [2]:75 [3]:68
[0]:22625478 [1]:2434124 [2]:75 [3]:62
[0]:22830255 [1]:2457168 [2]:75 [3]:357
[0]:23027531 [1]:2479354 [2]:75 [3]:363
[0]:23231306 [1]:2502249 [2]:75 [3]:66
[0]:23433402 [1]:2524990 [2]:75 [3]:367
[0]:23647003 [1]:2549050 [2]:75 [3]:70
[0]:23846850 [1]:2571616 [2]:75 [3]:63
[0]:24060405 [1]:2595660 [2]:75 [3]:356
[0]:24258564 [1]:2617982 [2]:75 [3]:58
[0]:24455146 [1]:2640219 [2]:75 [3]:370
[0]:24657932 [1]:2663219 [2]:75 [3]:361
[0]:24856212 [1]:2685559 [2]:75 [3]:56
[0]:25080505 [1]:2710776 [2]:75 [3]:59
[0]:25279498 [1]:2733216 [2]:75 [3]:57
[0]:25503997 [1]:2758486 [2]:75 [3]:60
[0]:25695114 [1]:2779937 [2]:75 [3]:363
[0]:25889329 [1]:2801986 [2]:75 [3]:73
[0]:26084763 [1]:2824152 [2]:75 [3]:362
[0]:26280614 [1]:2846306 [2]:75 [3]:80
[0]:26491975 [1]:2870159 [2]:75 [3]:67
[0]:26720051 [1]:2896110 [2]:75 [3]:364
[0]:26941566 [1]:2920980 [2]:75 [3]:69
[0]:27140009 [1]:2943433 [2]:75 [3]:62
[0]:27342022 [1]:2966436 [2]:75 [3]:85
[0]:27543800 [1]:2989215 [2]:75 [3]:78
[0]:27749661 [1]:3012436 [2]:75 [3]:356
[0]:27952495 [1]:3035203 [2]:75 [3]:67
[0]:28152282 [1]:3057729 [2]:75 [3]:67
[0]:28345486 [1]:3079593 [2]:75 [3]:360
[0]:28540060 [1]:3101537 [2]:75 [3]:58
[0]:28749800 [1]:3125257 [2]:75 [3]:359
[0]:28944171 [1]:3147237 [2]:75 [3]:57
[0]:29195232 [1]:3175601 [2]:75 [3]:362
[0]:29389330 [1]:3197604 [2]:75 [3]:74
[0]:29574646 [1]:3218542 [2]:75 [3]:60
[0]:29786798 [1]:3242391 [2]:75 [3]:75
[0]:29992726 [1]:3265653 [2]:75 [3]:71
[0]:30209579 [1]:3290183 [2]:75 [3]:63
[0]:30411973 [1]:3312992 [2]:75 [3]:65
[0]:30610651 [1]:3335281 [2]:75 [3]:70
[0]:30864637 [1]:3363878 [2]:75 [3]:70
[0]:31083138 [1]:3388430 [2]:75 [3]:355
[0]:31277371 [1]:3410361 [2]:75 [3]:71
[0]:31471168 [1]:3432317 [2]:75 [3]:358
[0]:31685321 [1]:3456639 [2]:75 [3]:364
[0]:31878972 [1]:3478475 [2]:75 [3]:61
[0]:32074499 [1]:3500474 [2]:75 [3]:371
[0]:32265571 [1]:3521999 [2]:75 [3]:354
[0]:32460525 [1]:3544003 [2]:75 [3]:347
[0]:32658849 [1]:3566446 [2]:75 [3]:357
[0]:32875944 [1]:3590952 [2]:75 [3]:67
[0]:33067111 [1]:3612455 [2]:75 [3]:62
[0]:33254448 [1]:3633504 [2]:75 [3]:360
[0]:33437013 [1]:3654014 [2]:75 [3]:72
[0]:33634697 [1]:3676249 [2]:75 [3]:377
[0]:33823218 [1]:3697614 [2]:75 [3]:70
[0]:34018290 [1]:3719673 [2]:75 [3]:60
[0]:34220681 [1]:3742492 [2]:75 [3]:63
[0]:34417846 [1]:3764815 [2]:75 [3]:371
[0]:34620021 [1]:3787713 [2]:75 [3]:73
[0]:34809705 [1]:3809121 [2]:75 [3]:67
[0]:35003198 [1]:3830841 [2]:75 [3]:367
[0]:35209593 [1]:3854246 [2]:75 [3]:60
[0]:35405527 [1]:3876310 [2]:75 [3]:374
[0]:35596788 [1]:3897908 [2]:75 [3]:355
[0]:35811874 [1]:3922179 [2]:75 [3]:55
[0]:36014120 [1]:3944962 [2]:75 [3]:55
[0]:36207375 [1]:3966774 [2]:75 [3]:363
[0]:36399795 [1]:3988429 [2]:75 [3]:59
[0]:36590942 [1]:4009934 [2]:75 [3]:67
[0]:36789329 [1]:4032284 [2]:75 [3]:367
[0]:36985832 [1]:4054473 [2]:75 [3]:74
[0]:37182167 [1]:4076692 [2]:75 [3]:59
[0]:37392030 [1]:4100470 [2]:75 [3]:360
[0]:37582907 [1]:4121939 [2]:75 [3]:353
[0]:37788991 [1]:4145153 [2]:75 [3]:54
[0]:37979199 [1]:4166598 [2]:75 [3]:360
[0]:38170999 [1]:4188127 [2]:75 [3]:71
[0]:38359559 [1]:4209431 [2]:75 [3]:63
[0]:38579260 [1]:4234202 [2]:75 [3]:362
[0]:38766446 [1]:4255342 [2]:75 [3]:372
