[0]:38968106 [1]:4276980 [2]:75 [3]:76
[0]:39169482 [1]:4304171 [2]:75 [3]:361
[0]:39378080 [1]:4335048 [2]:75 [3]:75
[0]:39641977 [1]:4374160 [2]:77 [3]:360
[0]:39846882 [1]:4404611 [2]:77 [3]:364
[0]:40048275 [1]:4434511 [2]:77 [3]:357
[0]:40259821 [1]:4465905 [2]:77 [3]:363
[0]:40465928 [1]:4496573 [2]:77 [3]:365
[0]:40667719 [1]:4526496 [2]:77 [3]:363
[0]:40879429 [1]:4558008 [2]:77 [3]:368
[0]:41088475 [1]:4589120 [2]:77 [3]:372
[0]:41285176 [1]:4618375 [2]:77 [3]:363
[0]:41518169 [1]:4652970 [2]:77 [3]:356
[0]:41729713 [1]:4684322 [2]:77 [3]:366
[0]:41935809 [1]:4714975 [2]:77 [3]:361
[0]:42140781 [1]:4745273 [2]:77 [3]:70
[0]:42349644 [1]:4776210 [2]:77 [3]:363
[0]:42562289 [1]:4807832 [2]:77 [3]:365
[0]:42767362 [1]:4838177 [2]:77 [3]:369
[0]:42984119 [1]:4870489 [2]:77 [3]:316
[0]:43223762 [1]:4906233 [2]:91 [3]:362
[0]:43425034 [1]:4936062 [2]:91 [3]:363
[0]:43653853 [1]:4970003 [2]:91 [3]:366
[0]:43858779 [1]:5000477 [2]:91 [3]:360
[0]:44063651 [1]:5030782 [2]:91 [3]:360
[0]:44270754 [1]:5061585 [2]:91 [3]:374
[0]:44481278 [1]:5092841 [2]:91 [3]:373
[0]:44680966 [1]:5122568 [2]:91 [3]:355
[0]:44886997 [1]:5153129 [2]:91 [3]:363
[0]:45089890 [1]:5183385 [2]:91 [3]:365
[0]:45327181 [1]:5218640 [2]:91 [3]:361
[0]:45535026 [1]:5249491 [2]:91 [3]:357
[0]:45738451 [1]:5279643 [2]:91 [3]:82
[0]:45950921 [1]:5311269 [2]:91 [3]:371
[0]:46234826 [1]:5353465 [2]:91 [3]:358
[0]:46439689 [1]:5383828 [2]:91 [3]:367
[0]:46650197 [1]:5415018 [2]:91 [3]:86
[0]:46854498 [1]:5445250 [2]:102 [3]:357
[0]:47062270 [1]:5476044 [2]:102 [3]:85
[0]:47269938 [1]:5506817 [2]:102 [3]:371
[0]:47479604 [1]:5538020 [2]:102 [3]:368
[0]:47691922 [1]:5569466 [2]:102 [3]:365
[0]:47894020 [1]:5599378 [2]:102 [3]:372
[0]:48106988 [1]:5630938 [2]:102 [3]:76
[0]:48311431 [1]:5661326 [2]:102 [3]:370
[0]:48559849 [1]:5698233 [2]:102 [3]:358
[0]:48757227 [1]:5727553 [2]:102 [3]:367
[0]:48971723 [1]:5759270 [2]:102 [3]:365
[0]:49190769 [1]:5791814 [2]:102 [3]:365
[0]:49395413 [1]:5822187 [2]:102 [3]:365
[0]:49600543 [1]:5852531 [2]:102 [3]:371
[0]:49856564 [1]:5890447 [2]:102 [3]:356
[0]:50055321 [1]:5919932 [2]:102 [3]:362
[0]:50262397 [1]:5950724 [2]:102 [3]:366
[0]:50510680 [1]:5987588 [2]:111 [3]:364
[0]:50721585 [1]:6018834 [2]:111 [3]:364
[0]:50916619 [1]:6047770 [2]:111 [3]:365
[0]:51141466 [1]:6081130 [2]:111 [3]:358
[0]:51338580 [1]:6110313 [2]:111 [3]:363
[0]:51536976 [1]:6139801 [2]:111 [3]:80
[0]:51736616 [1]:6169455 [2]:111 [3]:366
[0]:51945648 [1]:6200361 [2]:111 [3]:362
[0]:52160739 [1]:6232404 [2]:111 [3]:354
[0]:52370994 [1]:6263552 [2]:111 [3]:361
[0]:52587714 [1]:6295770 [2]:111 [3]:366
[0]:52788262 [1]:6325612 [2]:111 [3]:367
[0]:52989547 [1]:6355360 [2]:111 [3]:371
[0]:53202607 [1]:6386988 [2]:111 [3]:367
[0]:53392718 [1]:6415038 [2]:111 [3]:362
[0]:53600722 [1]:6445906 [2]:111 [3]:361
[0]:53816471 [1]:6477973 [2]:111 [3]:369
[0]:54025724 [1]:6508897 [2]:118 [3]:368
[0]:54224796 [1]:6538308 [2]:118 [3]:79
[0]:54447066 [1]:6571331 [2]:118 [3]:368
[0]:54656832 [1]:6602421 [2]:118 [3]:365
[0]:54857837 [1]:6632348 [2]:118 [3]:364
[0]:55074287 [1]:6664467 [2]:118 [3]:361
[0]:55290036 [1]:6696697 [2]:118 [3]:90
[0]:55494645 [1]:6727016 [2]:118 [3]:364
[0]:55701321 [1]:6757610 [2]:118 [3]:86
[0]:55909458 [1]:6788478 [2]:118 [3]:358
[0]:56126650 [1]:6820866 [2]:118 [3]:357
[0]:56330958 [1]:6851133 [2]:118 [3]:373
[0]:56539754 [1]:6882125 [2]:118 [3]:78
[0]:56746009 [1]:6912711 [2]:118 [3]:360
[0]:56941526 [1]:6941681 [2]:118 [3]:369
[0]:57218317 [1]:6982628 [2]:118 [3]:73
[0]:57411456 [1]:7011203 [2]:118 [3]:364
[0]:57628450 [1]:7043375 [2]:124 [3]:367
[0]:57837201 [1]:7074293 [2]:124 [3]:370
[0]:58046018 [1]:7105365 [2]:124 [3]:370
[0]:58244071 [1]:7134780 [2]:124 [3]:78
[0]:58446349 [1]:7164824 [2]:124 [3]:361
[0]:58662326 [1]:7196971 [2]:124 [3]:360
[0]:58863134 [1]:7226750 [2]:124 [3]:370
[0]:59067899 [1]:7257255 [2]:124 [3]:361
[0]:59271172 [1]:7287393 [2]:124 [3]:361
[0]:59502366 [1]:7321818 [2]:124 [3]:368
[0]:59708911 [1]:7352580 [2]:124 [3]:361
[0]:59910763 [1]:7382411 [2]:124 [3]:357
[0]:60114744 [1]:7412660 [2]:124 [3]:363
[0]:60318666 [1]:7442860 [2]:124 [3]:83
[0]:60527287 [1]:7473899 [2]:124 [3]:366
[0]:60740581 [1]:7505566 [2]:124 [3]:368
[0]:60950127 [1]:7536783 [2]:124 [3]:363
[0]:61166459 [1]:7569033 [2]:129 [3]:369
[0]:61367868 [1]:7598869 [2]:129 [3]:365
[0]:61565987 [1]:7628222 [2]:129 [3]:361
[0]:61769955 [1]:7658524 [2]:129 [3]:360
[0]:61968669 [1]:7688003 [2]:129 [3]:372
[0]:62190770 [1]:7720979 [2]:129 [3]:372
[0]:62396168 [1]:7751474 [2]:129 [3]:361
[0]:62605421 [1]:7782512 [2]:129 [3]:356
[0]:62818017 [1]:7814026 [2]:129 [3]:360
[0]:63034864 [1]:7846219 [2]:129 [3]:361
[0]:63246086 [1]:7877493 [2]:129 [3]:360
[0]:63474350 [1]:7911388 [2]:129 [3]:371
[0]:63680860 [1]:7942022 [2]:129 [3]:361
[0]:63885874 [1]:7972434 [2]:129 [3]:360
[0]:64098959 [1]:8004007 [2]:129 [3]:370
[0]:64310893 [1]:8035496 [2]:129 [3]:362
[0]:64516701 [1]:8066013 [2]:129 [3]:359
[0]:64722665 [1]:8096416 [2]:133 [3]:368
[0]:64926622 [1]:8126710 [2]:133 [3]:371
[0]:65124095 [1]:8156051 [2]:133 [3]:370
[0]:65328004 [1]:8186387 [2]:133 [3]:363
[0]:65533505 [1]:8216857 [2]:133 [3]:366
[0]:65777900 [1]:8253114 [2]:133 [3]:361
[0]:65974705 [1]:8282415 [2]:133 [3]:359
[0]:66195437 [1]:8315151 [2]:133 [3]:360
[0]:66393539 [1]:8344526 [2]:133 [3]:74
[0]:66609203 [1]:8376671 [2]:133 [3]:359
[0]:66810896 [1]:8406521 [2]:133 [3]:92
[0]:67022808 [1]:8437884 [2]:133 [3]:74
[0]:67251075 [1]:8471764 [2]:133 [3]:79
[0]:67460581 [1]:8502926 [2]:133 [3]:370
[0]:67677233 [1]:8535176 [2]:133 [3]:75
[0]:67886751 [1]:8566523 [2]:133 [3]:369
[0]:68083052 [1]:8595598 [2]:133 [3]:355
[0]:68295731 [1]:8627151 [2]:133 [3]:367
[0]:68516137 [1]:8659882 [2]:136 [3]:359
[0]:68772645 [1]:8697876 [2]:136 [3]:361
[0]:68971967 [1]:8727452 [2]:136 [3]:360
[0]:69172727 [1]:8757537 [2]:136 [3]:84
[0]:69374995 [1]:8787564 [2]:136 [3]:363
[0]:69587708 [1]:8819030 [2]:136 [3]:373
[0]:69792373 [1]:8849438 [2]:136 [3]:370
[0]:70001976 [1]:8880552 [2]:136 [3]:367
[0]:70218780 [1]:8912732 [2]:136 [3]:371
[0]:70423646 [1]:8943083 [2]:136 [3]:370
[0]:70629463 [1]:8973611 [2]:136 [3]:372
[0]:70833565 [1]:9003866 [2]:136 [3]:365
[0]:71049373 [1]:9035961 [2]:136 [3]:362
[0]:71260181 [1]:9067417 [2]:136 [3]:359
[0]:71462025 [1]:9097423 [2]:136 [3]:374
[0]:71672735 [1]:9128885 [2]:136 [3]:371
[0]:71897254 [1]:9162311 [2]:136 [3]:75
[0]:72114606 [1]:9194758 [2]:138 [3]:355
[0]:72310893 [1]:9223870 [2]:138 [3]:363
[0]:72527593 [1]:9256073 [2]:138 [3]:364
[0]:72748316 [1]:9288785 [2]:138 [3]:368
[0]:72949303 [1]:9318607 [2]:138 [3]:86
[0]:73150176 [1]:9348383 [2]:138 [3]:81
[0]:73351179 [1]:9378267 [2]:138 [3]:78
[0]:73548233 [1]:9407448 [2]:138 [3]:368
[0]:73748968 [1]:9437230 [2]:138 [3]:367
[0]:73949984 [1]:9466968 [2]:138 [3]:362
[0]:74158710 [1]:9497958 [2]:138 [3]:361
[0]:74367982 [1]:9529019 [2]:138 [3]:74
[0]:74599748 [1]:9563395 [2]:138 [3]:368
[0]:74817030 [1]:9595597 [2]:138 [3]:371
[0]:75026264 [1]:9626667 [2]:138 [3]:369
[0]:75238562 [1]:9658522 [2]:138 [3]:368
[0]:75451657 [1]:9690211 [2]:138 [3]:372
[0]:75660454 [1]:9721172 [2]:140 [3]:372
[0]:75873228 [1]:9752736 [2]:140 [3]:361
[0]:76085836 [1]:9784299 [2]:140 [3]:355
[0]:76295057 [1]:9815301 [2]:140 [3]:358
[0]:76511806 [1]:9847477 [2]:140 [3]:365
[0]:76723862 [1]:9878859 [2]:140 [3]:82
[0]:76926040 [1]:9908807 [2]:140 [3]:363
[0]:77130231 [1]:9939056 [2]:140 [3]:364
[0]:77335369 [1]:9969651 [2]:140 [3]:85
[0]:77562685 [1]:10003457 [2]:140 [3]:363
[0]:77772282 [1]:10034645 [2]:140 [3]:77
[0]:77973204 [1]:10064469 [2]:140 [3]:362
[0]:78178244 [1]:10094806 [2]:140 [3]:82
[0]:78383093 [1]:10125187 [2]:140 [3]:80
[0]:78582555 [1]:10154763 [2]:140 [3]:360
[0]:78793299 [1]:10185936 [2]:140 [3]:370
[0]:78995239 [1]:10215853 [2]:140 [3]:371
[0]:79213261 [1]:10248164 [2]:142 [3]:361
[0]:79439665 [1]:10281710 [2]:142 [3]:75
[0]:79643747 [1]:10312046 [2]:142 [3]:373
[0]:79856846 [1]:10343559 [2]:142 [3]:368
[0]:80066626 [1]:10374648 [2]:142 [3]:71
