[0]:0 [1]:0 [2]:0 [3]:0
[0]:0 [1]:0 [2]:0 [3]:0
[0]:0 [1]:0 [2]:0 [3]:0
[0]:0 [1]:0 [2]:0 [3]:0
[0]:903247 [1]:0 [2]:0 [3]:10
[0]:2550439 [1]:0 [2]:0 [3]:9
[0]:4489604 [1]:0 [2]:0 [3]:9
[0]:6560134 [1]:0 [2]:0 [3]:32
[0]:8508046 [1]:0 [2]:0 [3]:34
[0]:10424792 [1]:0 [2]:0 [3]:29
[0]:12237755 [1]:0 [2]:0 [3]:28
[0]:14007681 [1]:0 [2]:0 [3]:12
[0]:15702051 [1]:0 [2]:0 [3]:10
[0]:17423546 [1]:0 [2]:0 [3]:15
[0]:19194455 [1]:0 [2]:0 [3]:9
[0]:20874818 [1]:0 [2]:0 [3]:7
[0]:22717776 [1]:0 [2]:0 [3]:19
[0]:24592600 [1]:0 [2]:0 [3]:31
[0]:26288946 [1]:0 [2]:0 [3]:33
[0]:28418875 [1]:0 [2]:0 [3]:11
[0]:30116140 [1]:0 [2]:0 [3]:20
[0]:32012349 [1]:0 [2]:0 [3]:10
[0]:33603564 [1]:29539 [2]:7 [3]:14
[0]:34648014 [1]:550034 [2]:7 [3]:51
[0]:35654734 [1]:1063046 [2]:7 [3]:15
[0]:36988596 [1]:1749502 [2]:7 [3]:10
[0]:38302629 [1]:2426582 [2]:7 [3]:8
[0]:39427372 [1]:2999965 [2]:7 [3]:11
[0]:40534505 [1]:3562773 [2]:7 [3]:15
[0]:41569735 [1]:4093698 [2]:7 [3]:10
[0]:42561568 [1]:4599366 [2]:7 [3]:54
[0]:43598510 [1]:5129714 [2]:7 [3]:11
[0]:44630643 [1]:5663235 [2]:7 [3]:14
[0]:45658938 [1]:6189734 [2]:7 [3]:18
[0]:46732563 [1]:6739715 [2]:7 [3]:55
[0]:47776407 [1]:7266912 [2]:7 [3]:21
[0]:48846059 [1]:7813413 [2]:7 [3]:13
[0]:49905073 [1]:8355451 [2]:7 [3]:31
[0]:50939418 [1]:8882421 [2]:7 [3]:9
[0]:52151358 [1]:9499242 [2]:7 [3]:9
[0]:53241577 [1]:10057990 [2]:7 [3]:14
[0]:54552211 [1]:10728275 [2]:7 [3]:18
[0]:56055335 [1]:11491380 [2]:7 [3]:14
[0]:57219610 [1]:12087842 [2]:7 [3]:18
[0]:58285331 [1]:12637416 [2]:7 [3]:51
[0]:59267527 [1]:13141202 [2]:7 [3]:12
[0]:60298722 [1]:13669855 [2]:7 [3]:9
[0]:61471029 [1]:14274082 [2]:7 [3]:56
[0]:62527630 [1]:14816517 [2]:7 [3]:10
[0]:63567253 [1]:15353428 [2]:7 [3]:9
[0]:64582093 [1]:15874984 [2]:7 [3]:9
[0]:65623443 [1]:16408845 [2]:7 [3]:12
[0]:66670681 [1]:16942980 [2]:7 [3]:13
[0]:67693314 [1]:17470947 [2]:7 [3]:52
[0]:68722613 [1]:18002181 [2]:7 [3]:18
[0]:69719048 [1]:18510511 [2]:7 [3]:12
[0]:70743128 [1]:19031575 [2]:7 [3]:48
[0]:71948248 [1]:19643963 [2]:7 [3]:58
[0]:73188393 [1]:20278706 [2]:7 [3]:56
[0]:74417935 [1]:20906760 [2]:7 [3]:50
[0]:75681598 [1]:21555151 [2]:7 [3]:12
[0]:76866936 [1]:22162554 [2]:7 [3]:11
[0]:77999360 [1]:22747076 [2]:7 [3]:62
[0]:79043946 [1]:23284038 [2]:7 [3]:12
[0]:80062936 [1]:23800364 [2]:7 [3]:10
[0]:81112042 [1]:24337064 [2]:7 [3]:16
[0]:82140869 [1]:24861320 [2]:7 [3]:43
[0]:83162471 [1]:25383225 [2]:7 [3]:15
[0]:84316682 [1]:25975132 [2]:7 [3]:13
[0]:85347772 [1]:26501866 [2]:7 [3]:51
[0]:86329463 [1]:27007256 [2]:7 [3]:15
[0]:87368494 [1]:27538558 [2]:7 [3]:50
[0]:88372833 [1]:28052205 [2]:7 [3]:11
[0]:89385112 [1]:28574319 [2]:7 [3]:51
[0]:90389177 [1]:29088183 [2]:7 [3]:11
[0]:91406749 [1]:29608483 [2]:7 [3]:10
[0]:92700496 [1]:30268596 [2]:7 [3]:52
[0]:94138324 [1]:31008830 [2]:7 [3]:15
[0]:95231546 [1]:31568978 [2]:7 [3]:12
[0]:96420439 [1]:32177916 [2]:7 [3]:55
[0]:97734734 [1]:32847644 [2]:7 [3]:54
[0]:98759769 [1]:33370523 [2]:7 [3]:18
[0]:99773900 [1]:33889038 [2]:7 [3]:47
[0]:100858315 [1]:34443041 [2]:7 [3]:13
[0]:101884510 [1]:34965282 [2]:7 [3]:51
[0]:102967421 [1]:35518336 [2]:7 [3]:22
[0]:103987719 [1]:36042628 [2]:7 [3]:15
[0]:105178299 [1]:36651782 [2]:7 [3]:21
[0]:106187104 [1]:37166422 [2]:7 [3]:10
[0]:107439311 [1]:37808651 [2]:7 [3]:14
[0]:108473843 [1]:38334942 [2]:7 [3]:15
[0]:109538392 [1]:38879186 [2]:7 [3]:17
[0]:110809507 [1]:39530614 [2]:7 [3]:14
[0]:112100444 [1]:40191358 [2]:7 [3]:13
[0]:113336169 [1]:40817405 [2]:7 [3]:11
[0]:114395974 [1]:41359893 [2]:7 [3]:53
[0]:115421227 [1]:41882335 [2]:7 [3]:11
[0]:116763946 [1]:42565374 [2]:7 [3]:13
[0]:117811606 [1]:43099883 [2]:7 [3]:52
[0]:118839119 [1]:43629016 [2]:7 [3]:19
[0]:119839130 [1]:44139327 [2]:7 [3]:6
[0]:120883433 [1]:44672150 [2]:7 [3]:12
[0]:121922229 [1]:45202295 [2]:7 [3]:15
[0]:122985267 [1]:45742393 [2]:7 [3]:58
[0]:124208652 [1]:46364124 [2]:7 [3]:15
[0]:125202412 [1]:46873077 [2]:7 [3]:10
[0]:126420490 [1]:47498002 [2]:7 [3]:9
[0]:127566139 [1]:48091648 [2]:7 [3]:8
[0]:128883246 [1]:48763636 [2]:7 [3]:15
[0]:130131015 [1]:49399148 [2]:7 [3]:14
[0]:131420122 [1]:50057767 [2]:7 [3]:13
[0]:132709512 [1]:50717918 [2]:7 [3]:17
[0]:133815453 [1]:51288879 [2]:7 [3]:13
[0]:134850583 [1]:51816834 [2]:7 [3]:12
[0]:135913125 [1]:52363742 [2]:7 [3]:57
[0]:136971647 [1]:52903381 [2]:7 [3]:52
[0]:137982632 [1]:53423066 [2]:7 [3]:9
[0]:139009400 [1]:53951460 [2]:7 [3]:13
[0]:140120610 [1]:54515234 [2]:7 [3]:38
[0]:141157691 [1]:55047779 [2]:7 [3]:56
[0]:142209100 [1]:55588877 [2]:7 [3]:16
[0]:143224766 [1]:56107380 [2]:7 [3]:13
[0]:144262118 [1]:56638093 [2]:7 [3]:43
[0]:145339874 [1]:57187424 [2]:7 [3]:52
[0]:146369008 [1]:57714297 [2]:7 [3]:10
[0]:147385761 [1]:58233407 [2]:7 [3]:11
[0]:148566692 [1]:58832465 [2]:7 [3]:47
[0]:149812944 [1]:59468566 [2]:7 [3]:12
[0]:151013992 [1]:60082577 [2]:7 [3]:13
[0]:152067660 [1]:60623223 [2]:7 [3]:8
[0]:153118162 [1]:61158649 [2]:7 [3]:9
[0]:154130616 [1]:61681586 [2]:7 [3]:14
[0]:155134855 [1]:62197007 [2]:7 [3]:11
[0]:156102560 [1]:62694114 [2]:7 [3]:12
[0]:157129145 [1]:63217338 [2]:7 [3]:12
[0]:158172744 [1]:63748464 [2]:7 [3]:13
[0]:159182479 [1]:64263117 [2]:7 [3]:14
[0]:160232385 [1]:64798608 [2]:7 [3]:54
[0]:161257978 [1]:65320467 [2]:7 [3]:9
[0]:162301841 [1]:65848672 [2]:7 [3]:13
[0]:163328384 [1]:66377200 [2]:7 [3]:13
[0]:164380244 [1]:66915373 [2]:7 [3]:15
[0]:165430340 [1]:67454478 [2]:7 [3]:15
[0]:166821651 [1]:68166486 [2]:7 [3]:11
[0]:168160704 [1]:68850686 [2]:7 [3]:51
[0]:169305228 [1]:69436529 [2]:7 [3]:12
[0]:170433723 [1]:70011238 [2]:7 [3]:11
[0]:171485803 [1]:70551225 [2]:7 [3]:13
[0]:172555847 [1]:71093670 [2]:7 [3]:14
[0]:173537906 [1]:71597996 [2]:7 [3]:12
[0]:174761052 [1]:72222509 [2]:7 [3]:52
[0]:175751611 [1]:72730061 [2]:7 [3]:11
[0]:176791968 [1]:73261265 [2]:7 [3]:52
[0]:177827923 [1]:73795560 [2]:7 [3]:12
[0]:178806437 [1]:74298587 [2]:7 [3]:13
[0]:179854402 [1]:74837152 [2]:7 [3]:61
[0]:180887792 [1]:75366835 [2]:7 [3]:59
[0]:182177977 [1]:76029489 [2]:7 [3]:14
[0]:183424667 [1]:76668986 [2]:7 [3]:50
[0]:184807552 [1]:77376305 [2]:7 [3]:55
[0]:186145992 [1]:78060411 [2]:7 [3]:9
[0]:187473495 [1]:78742522 [2]:7 [3]:10
[0]:188710396 [1]:79377384 [2]:7 [3]:13
[0]:189835497 [1]:79954714 [2]:7 [3]:15
[0]:191010674 [1]:80558290 [2]:7 [3]:52
[0]:192009898 [1]:81073482 [2]:7 [3]:13
[0]:193000631 [1]:81583932 [2]:7 [3]:8
[0]:194189752 [1]:82189842 [2]:7 [3]:53
[0]:195200331 [1]:82707336 [2]:7 [3]:13
[0]:196204092 [1]:83218693 [2]:7 [3]:12
[0]:197211785 [1]:83736646 [2]:7 [3]:10
[0]:198270336 [1]:84280404 [2]:7 [3]:9
[0]:199340440 [1]:84827203 [2]:7 [3]:56
[0]:200455968 [1]:85398867 [2]:7 [3]:15
[0]:201809032 [1]:86098729 [2]:7 [3]:13
[0]:202816850 [1]:86616057 [2]:7 [3]:19
[0]:203858949 [1]:87146237 [2]:7 [3]:12
[0]:205449990 [1]:87951460 [2]:7 [3]:14
[0]:206678674 [1]:88580468 [2]:7 [3]:13
[0]:207818019 [1]:89161128 [2]:7 [3]:57
[0]:208855894 [1]:89696103 [2]:7 [3]:14
[0]:209989448 [1]:90278430 [2]:7 [3]:51
[0]:211352329 [1]:90978885 [2]:7 [3]:51
[0]:212345140 [1]:91484907 [2]:7 [3]:11
[0]:213364866 [1]:92005687 [2]:7 [3]:14
[0]:214458602 [1]:92565330 [2]:7 [3]:55
[0]:215472104 [1]:93083917 [2]:7 [3]:16
[0]:216517599 [1]:93613196 [2]:7 [3]:12
[0]:217543485 [1]:94140610 [2]:7 [3]:8
[0]:218574007 [1]:94667339 [2]:7 [3]:53
[0]:219596160 [1]:95192533 [2]:7 [3]:18
[0]:220610049 [1]:95708867 [2]:7 [3]:13
[0]:221689175 [1]:96260481 [2]:7 [3]:15
[0]:223028772 [1]:96941850 [2]:7 [3]:14
[0]:224528390 [1]:97713501 [2]:7 [3]:12
[0]:225640072 [1]:98281612 [2]:7 [3]:54
[0]:226665570 [1]:98802651 [2]:7 [3]:11
[0]:227731480 [1]:99346672 [2]:7 [3]:51
[0]:228719350 [1]:99851261 [2]:7 [3]:12
[0]:229737887 [1]:100369288 [2]:7 [3]:14
[0]:230799145 [1]:100913407 [2]:7 [3]:18
[0]:231848962 [1]:101453098 [2]:7 [3]:10
[0]:232904381 [1]:101994885 [2]:7 [3]:13
[0]:234071325 [1]:102595393 [2]:7 [3]:17
[0]:235046086 [1]:103089784 [2]:7 [3]:11
[0]:236107910 [1]:103640496 [2]:7 [3]:10
