[0]:106625797 [1]:22024985 [2]:0 [3]:360
[0]:106919087 [1]:22071803 [2]:0 [3]:361
[0]:107198646 [1]:22116500 [2]:0 [3]:75
[0]:107412021 [1]:22150583 [2]:0 [3]:363
[0]:107625245 [1]:22184569 [2]:0 [3]:367
[0]:107830291 [1]:22217260 [2]:0 [3]:82
[0]:108059452 [1]:22253739 [2]:0 [3]:368
[0]:108264312 [1]:22286436 [2]:0 [3]:371
[0]:108469771 [1]:22319171 [2]:0 [3]:373
[0]:108678705 [1]:22352471 [2]:0 [3]:358
[0]:108887966 [1]:22385894 [2]:0 [3]:358
[0]:109085087 [1]:22417393 [2]:0 [3]:373
[0]:109294178 [1]:22450727 [2]:0 [3]:363
[0]:109499356 [1]:22483323 [2]:0 [3]:365
[0]:109705547 [1]:22516208 [2]:0 [3]:361
[0]:109917690 [1]:22550064 [2]:0 [3]:79
[0]:110126723 [1]:22583471 [2]:0 [3]:363
[0]:110335887 [1]:22616870 [2]:0 [3]:360
[0]:110538485 [1]:22649119 [2]:0 [3]:353
[0]:110746215 [1]:22682197 [2]:0 [3]:75
[0]:110959112 [1]:22716164 [2]:0 [3]:69
[0]:111160878 [1]:22748379 [2]:0 [3]:351
[0]:111364223 [1]:22780858 [2]:0 [3]:368
[0]:111572657 [1]:22814008 [2]:0 [3]:359
[0]:111783928 [1]:22847769 [2]:0 [3]:365
[0]:111993007 [1]:22881208 [2]:0 [3]:357
[0]:112209788 [1]:22915885 [2]:0 [3]:364
[0]:112413579 [1]:22948428 [2]:0 [3]:370
[0]:112650307 [1]:22986247 [2]:0 [3]:367
[0]:112860864 [1]:23019880 [2]:0 [3]:369
[0]:113073689 [1]:23053834 [2]:0 [3]:357
[0]:113295617 [1]:23089230 [2]:0 [3]:367
[0]:113502416 [1]:23122134 [2]:0 [3]:362
[0]:113710803 [1]:23155551 [2]:0 [3]:363
[0]:113937818 [1]:23191747 [2]:0 [3]:367
[0]:114143109 [1]:23224493 [2]:0 [3]:362
[0]:114356063 [1]:23258388 [2]:0 [3]:376
[0]:114570461 [1]:23292567 [2]:0 [3]:362
[0]:114790139 [1]:23327724 [2]:0 [3]:357
[0]:115015127 [1]:23363625 [2]:0 [3]:370
[0]:115260602 [1]:23402822 [2]:0 [3]:84
[0]:115476600 [1]:23437198 [2]:0 [3]:78
[0]:115685940 [1]:23470617 [2]:0 [3]:361
[0]:115885514 [1]:23502537 [2]:0 [3]:371
[0]:116100033 [1]:23536738 [2]:0 [3]:368
[0]:116309057 [1]:23570126 [2]:0 [3]:357
[0]:116520566 [1]:23603991 [2]:0 [3]:360
[0]:116727227 [1]:23637013 [2]:0 [3]:362
[0]:116932476 [1]:23669757 [2]:0 [3]:372
[0]:117137753 [1]:23702474 [2]:0 [3]:359
[0]:117350622 [1]:23736311 [2]:0 [3]:364
[0]:117560802 [1]:23769807 [2]:0 [3]:363
[0]:117776746 [1]:23804354 [2]:0 [3]:370
[0]:117973751 [1]:23835785 [2]:0 [3]:355
[0]:118206542 [1]:23872887 [2]:0 [3]:361
[0]:118419901 [1]:23906821 [2]:0 [3]:361
[0]:118632928 [1]:23940758 [2]:0 [3]:357
[0]:118834085 [1]:23972888 [2]:0 [3]:358
[0]:119046911 [1]:24006794 [2]:0 [3]:83
[0]:119264305 [1]:24041413 [2]:0 [3]:74
[0]:119473409 [1]:24074734 [2]:0 [3]:366
[0]:119675939 [1]:24107099 [2]:0 [3]:370
[0]:119891730 [1]:24141493 [2]:0 [3]:373
[0]:120104746 [1]:24175548 [2]:0 [3]:358
[0]:120309667 [1]:24208196 [2]:0 [3]:86
[0]:120530871 [1]:24243433 [2]:0 [3]:370
[0]:120739934 [1]:24276797 [2]:0 [3]:359
[0]:120950938 [1]:24310488 [2]:0 [3]:362
[0]:121161056 [1]:24343987 [2]:0 [3]:366
[0]:121364386 [1]:24376365 [2]:0 [3]:362
[0]:121641760 [1]:24420602 [2]:0 [3]:367
[0]:121840753 [1]:24452346 [2]:0 [3]:77
[0]:122045674 [1]:24485162 [2]:0 [3]:364
[0]:122252435 [1]:24520567 [2]:0 [3]:362
