[0]:0 [1]:0 [2]:0 [3]:0
[0]:3091 [1]:0 [2]:0 [3]:288
[0]:239586 [1]:0 [2]:0 [3]:326
[0]:467675 [1]:0 [2]:0 [3]:60
[0]:695796 [1]:0 [2]:0 [3]:320
[0]:915114 [1]:0 [2]:0 [3]:325
[0]:1123405 [1]:8398 [2]:120 [3]:365
[0]:1321993 [1]:30671 [2]:120 [3]:70
[0]:1516770 [1]:52595 [2]:120 [3]:370
[0]:1709588 [1]:74374 [2]:120 [3]:65
[0]:1955699 [1]:102344 [2]:120 [3]:65
[0]:2158147 [1]:125144 [2]:120 [3]:367
[0]:2358980 [1]:147885 [2]:120 [3]:67
[0]:2576175 [1]:172406 [2]:98 [3]:68
[0]:2774196 [1]:194823 [2]:98 [3]:60
[0]:2976534 [1]:217547 [2]:98 [3]:52
[0]:3172667 [1]:239654 [2]:98 [3]:61
[0]:3362177 [1]:261060 [2]:98 [3]:370
[0]:3561011 [1]:283462 [2]:98 [3]:365
[0]:3774178 [1]:307466 [2]:98 [3]:358
[0]:3969258 [1]:329369 [2]:98 [3]:62
[0]:4167667 [1]:351740 [2]:87 [3]:72
[0]:4365926 [1]:373936 [2]:87 [3]:66
[0]:4568311 [1]:396815 [2]:87 [3]:75
[0]:4763271 [1]:418621 [2]:87 [3]:365
[0]:5003881 [1]:445666 [2]:87 [3]:372
[0]:5227916 [1]:470898 [2]:87 [3]:363
[0]:5426240 [1]:493323 [2]:87 [3]:80
[0]:5628598 [1]:515988 [2]:87 [3]:59
[0]:5837989 [1]:539575 [2]:81 [3]:73
[0]:6029281 [1]:561043 [2]:81 [3]:360
[0]:6225790 [1]:583343 [2]:81 [3]:61
[0]:6414559 [1]:604784 [2]:81 [3]:55
[0]:6608333 [1]:626606 [2]:81 [3]:72
[0]:6838856 [1]:652522 [2]:81 [3]:69
[0]:7040202 [1]:675320 [2]:81 [3]:362
[0]:7230988 [1]:696937 [2]:78 [3]:56
[0]:7422869 [1]:718539 [2]:78 [3]:68
[0]:7613056 [1]:739990 [2]:78 [3]:67
[0]:7800369 [1]:761021 [2]:78 [3]:363
[0]:8010313 [1]:784649 [2]:78 [3]:50
[0]:8208307 [1]:806994 [2]:78 [3]:76
[0]:8403015 [1]:828977 [2]:78 [3]:58
[0]:8598074 [1]:850865 [2]:78 [3]:58
[0]:8789144 [1]:872341 [2]:77 [3]:56
[0]:8987669 [1]:894697 [2]:77 [3]:64
[0]:9196540 [1]:918285 [2]:77 [3]:366
[0]:9392319 [1]:940249 [2]:77 [3]:66
[0]:9582994 [1]:961875 [2]:77 [3]:357
[0]:9774125 [1]:983372 [2]:77 [3]:65
[0]:9964787 [1]:1004819 [2]:77 [3]:356
[0]:10155780 [1]:1026370 [2]:77 [3]:56
[0]:10354266 [1]:1048761 [2]:76 [3]:375
[0]:10540226 [1]:1069718 [2]:76 [3]:78
[0]:10740291 [1]:1092200 [2]:76 [3]:68
[0]:10966999 [1]:1117730 [2]:76 [3]:365
[0]:11162830 [1]:1139836 [2]:76 [3]:60
[0]:11361886 [1]:1162377 [2]:76 [3]:355
[0]:11564298 [1]:1185115 [2]:76 [3]:368
[0]:11759532 [1]:1207174 [2]:76 [3]:54
[0]:11975784 [1]:1231493 [2]:76 [3]:380
[0]:12181344 [1]:1254791 [2]:76 [3]:71
[0]:12384213 [1]:1277562 [2]:76 [3]:371
[0]:12585504 [1]:1300318 [2]:76 [3]:369
[0]:12829545 [1]:1327981 [2]:76 [3]:56
[0]:13024447 [1]:1349972 [2]:76 [3]:366
[0]:13230442 [1]:1373192 [2]:76 [3]:58
[0]:13424772 [1]:1395249 [2]:76 [3]:362
[0]:13668263 [1]:1422663 [2]:76 [3]:54
[0]:13866765 [1]:1444945 [2]:76 [3]:75
[0]:14057157 [1]:1466350 [2]:76 [3]:364
[0]:14244949 [1]:1487643 [2]:76 [3]:359
[0]:14443579 [1]:1510133 [2]:76 [3]:359
[0]:14639153 [1]:1532144 [2]:76 [3]:364
[0]:14829214 [1]:1553612 [2]:76 [3]:369
[0]:15050211 [1]:1578512 [2]:76 [3]:62
[0]:15237342 [1]:1599522 [2]:76 [3]:363
[0]:15430771 [1]:1621241 [2]:76 [3]:59
[0]:15645573 [1]:1645504 [2]:76 [3]:53
[0]:15833197 [1]:1666586 [2]:76 [3]:353
[0]:16091540 [1]:1695707 [2]:76 [3]:69
[0]:16282851 [1]:1717170 [2]:76 [3]:70
[0]:16484764 [1]:1740023 [2]:76 [3]:72
[0]:16672556 [1]:1761234 [2]:76 [3]:350
[0]:16869027 [1]:1783381 [2]:76 [3]:367
[0]:17065314 [1]:1805425 [2]:76 [3]:359
[0]:17255000 [1]:1826823 [2]:76 [3]:58
[0]:17443074 [1]:1848179 [2]:76 [3]:371
[0]:17641460 [1]:1870586 [2]:76 [3]:67
[0]:17832450 [1]:1892088 [2]:76 [3]:368
[0]:18027643 [1]:1914028 [2]:76 [3]:62
[0]:18218435 [1]:1935547 [2]:76 [3]:62
[0]:18420799 [1]:1958358 [2]:76 [3]:361
[0]:18626384 [1]:1981479 [2]:76 [3]:360
[0]:18821018 [1]:2003366 [2]:76 [3]:55
[0]:19012358 [1]:2025111 [2]:76 [3]:69
[0]:19202280 [1]:2046533 [2]:76 [3]:373
[0]:19390402 [1]:2067936 [2]:76 [3]:61
[0]:19584381 [1]:2089792 [2]:76 [3]:365
[0]:19776106 [1]:2111399 [2]:76 [3]:361
[0]:19992334 [1]:2135774 [2]:76 [3]:373
[0]:20183049 [1]:2157271 [2]:76 [3]:364
[0]:20375324 [1]:2178930 [2]:76 [3]:55
[0]:20566440 [1]:2200434 [2]:76 [3]:72
[0]:20754914 [1]:2221740 [2]:76 [3]:359
[0]:21004070 [1]:2250042 [2]:76 [3]:362
[0]:21191464 [1]:2271152 [2]:76 [3]:365
[0]:21389473 [1]:2293501 [2]:76 [3]:361
[0]:21583706 [1]:2315643 [2]:76 [3]:68
[0]:21778722 [1]:2337597 [2]:76 [3]:56
[0]:21986979 [1]:2361173 [2]:76 [3]:79
[0]:22199045 [1]:2385152 [2]:76 [3]:63
[0]:22422110 [1]:2410468 [2]:76 [3]:356
[0]:22617538 [1]:2432435 [2]:76 [3]:364
[0]:22815968 [1]:2454877 [2]:76 [3]:365
[0]:23008508 [1]:2476781 [2]:76 [3]:361
[0]:23205205 [1]:2498869 [2]:76 [3]:367
[0]:23394111 [1]:2520134 [2]:76 [3]:357
[0]:23587833 [1]:2541852 [2]:76 [3]:66
[0]:23789601 [1]:2564510 [2]:76 [3]:62
[0]:23992086 [1]:2587271 [2]:76 [3]:63
[0]:24190351 [1]:2609695 [2]:76 [3]:78
[0]:24382517 [1]:2631313 [2]:76 [3]:59
[0]:24644811 [1]:2660774 [2]:76 [3]:67
[0]:24834798 [1]:2682076 [2]:76 [3]:63
[0]:25033109 [1]:2704347 [2]:76 [3]:54
[0]:25239320 [1]:2727645 [2]:76 [3]:363
[0]:25444078 [1]:2750621 [2]:76 [3]:74
[0]:25647677 [1]:2773463 [2]:76 [3]:366
[0]:25846162 [1]:2795890 [2]:76 [3]:351
[0]:26041081 [1]:2817938 [2]:76 [3]:66
[0]:26231452 [1]:2839434 [2]:76 [3]:69
[0]:26494471 [1]:2869053 [2]:76 [3]:366
[0]:26722507 [1]:2894714 [2]:76 [3]:67
[0]:26913299 [1]:2916233 [2]:76 [3]:86
[0]:27129670 [1]:2940679 [2]:76 [3]:61
[0]:27329033 [1]:2963127 [2]:76 [3]:358
[0]:27538256 [1]:2986779 [2]:76 [3]:66
