[0]:184271962 [1]:27836798 [2]:123 [3]:61
[0]:184477542 [1]:27884279 [2]:125 [3]:67
[0]:184682921 [1]:27931890 [2]:125 [3]:55
[0]:184884451 [1]:27978370 [2]:125 [3]:363
[0]:185086063 [1]:28024908 [2]:125 [3]:59
[0]:185306359 [1]:28075788 [2]:125 [3]:360
[0]:185489092 [1]:28118000 [2]:125 [3]:362
[0]:185688084 [1]:28163980 [2]:125 [3]:361
[0]:185889404 [1]:28210488 [2]:125 [3]:363
[0]:186082628 [1]:28255153 [2]:125 [3]:364
[0]:186286915 [1]:28302344 [2]:125 [3]:364
[0]:186481950 [1]:28347423 [2]:125 [3]:363
[0]:186676070 [1]:28392227 [2]:125 [3]:365
[0]:186873648 [1]:28437932 [2]:125 [3]:357
[0]:187075384 [1]:28484580 [2]:125 [3]:360
[0]:187273227 [1]:28530237 [2]:125 [3]:360
[0]:187465070 [1]:28574581 [2]:125 [3]:363
[0]:187650128 [1]:28617290 [2]:125 [3]:57
[0]:187862913 [1]:28666531 [2]:125 [3]:367
[0]:188056950 [1]:28711386 [2]:125 [3]:357
[0]:188254739 [1]:28757090 [2]:125 [3]:365
[0]:188460011 [1]:28804513 [2]:125 [3]:360
[0]:188657859 [1]:28850158 [2]:125 [3]:354
[0]:188855811 [1]:28895903 [2]:125 [3]:367
[0]:189059084 [1]:28942839 [2]:125 [3]:361
[0]:189252787 [1]:28987546 [2]:125 [3]:365
[0]:189442593 [1]:29031375 [2]:125 [3]:358
[0]:189654437 [1]:29080341 [2]:125 [3]:366
[0]:189859667 [1]:29127775 [2]:125 [3]:357
[0]:190083330 [1]:29179472 [2]:125 [3]:357
[0]:190287613 [1]:29226751 [2]:125 [3]:357
[0]:190485721 [1]:29272462 [2]:125 [3]:355
[0]:190676862 [1]:29316690 [2]:125 [3]:356
[0]:190867927 [1]:29360869 [2]:125 [3]:54
[0]:191058687 [1]:29404954 [2]:125 [3]:363
[0]:191259250 [1]:29451286 [2]:125 [3]:363
[0]:191454551 [1]:29496369 [2]:125 [3]:56
[0]:191662124 [1]:29544288 [2]:125 [3]:360
[0]:191858195 [1]:29589606 [2]:125 [3]:366
[0]:192077129 [1]:29640212 [2]:125 [3]:367
[0]:192275996 [1]:29686114 [2]:125 [3]:361
[0]:192474876 [1]:29732126 [2]:125 [3]:365
[0]:192692657 [1]:29782444 [2]:125 [3]:360
[0]:192891903 [1]:29828552 [2]:125 [3]:358
[0]:193084375 [1]:29873066 [2]:125 [3]:363
[0]:193282141 [1]:29918688 [2]:125 [3]:361
[0]:193475633 [1]:29963421 [2]:125 [3]:363
[0]:193671861 [1]:30008755 [2]:125 [3]:358
[0]:193868239 [1]:30054111 [2]:125 [3]:361
[0]:194073015 [1]:30101428 [2]:125 [3]:59
[0]:194263824 [1]:30145447 [2]:125 [3]:364
[0]:194461640 [1]:30191181 [2]:125 [3]:62
[0]:194655767 [1]:30236018 [2]:125 [3]:359
[0]:194879656 [1]:30287773 [2]:125 [3]:61
[0]:195077547 [1]:30333437 [2]:125 [3]:356
[0]:195273255 [1]:30378706 [2]:125 [3]:362
[0]:195506817 [1]:30432657 [2]:125 [3]:360
[0]:195700920 [1]:30477477 [2]:128 [3]:359
[0]:195894820 [1]:30522309 [2]:128 [3]:59
[0]:196090290 [1]:30567364 [2]:128 [3]:363
[0]:196282948 [1]:30611942 [2]:128 [3]:360
[0]:196490320 [1]:30659848 [2]:128 [3]:356
[0]:196682929 [1]:30704407 [2]:128 [3]:354
[0]:196908656 [1]:30756528 [2]:128 [3]:367
[0]:197104164 [1]:30801791 [2]:128 [3]:358
[0]:197343052 [1]:30856965 [2]:128 [3]:59
[0]:197529767 [1]:30900130 [2]:128 [3]:361
[0]:197723749 [1]:30944970 [2]:128 [3]:360
[0]:197921484 [1]:30990547 [2]:128 [3]:56
[0]:198117020 [1]:31035747 [2]:128 [3]:362
[0]:198300922 [1]:31078231 [2]:128 [3]:371
[0]:198555639 [1]:31137070 [2]:128 [3]:63
[0]:198753229 [1]:31182695 [2]:128 [3]:360
[0]:198948016 [1]:31227643 [2]:128 [3]:359
[0]:199142036 [1]:31272504 [2]:128 [3]:363
[0]:199347941 [1]:31320075 [2]:128 [3]:360
[0]:199537755 [1]:31363886 [2]:128 [3]:364
[0]:199772147 [1]:31418008 [2]:128 [3]:60
[0]:199979212 [1]:31465875 [2]:128 [3]:360
[0]:200197940 [1]:31516409 [2]:128 [3]:360
[0]:200407303 [1]:31564817 [2]:128 [3]:358
[0]:200603623 [1]:31610354 [2]:128 [3]:363
[0]:200806505 [1]:31657173 [2]:128 [3]:363
[0]:201004533 [1]:31702936 [2]:128 [3]:63
[0]:201222130 [1]:31753193 [2]:128 [3]:371
[0]:201418743 [1]:31798644 [2]:128 [3]:362
[0]:201508727 [1]:31819479 [2]:128 [3]:364
[0]:201508727 [1]:31819479 [2]:128 [3]:364
