[0]:76464585 [1]:8231263 [2]:92 [3]:354
[0]:76681812 [1]:8255133 [2]:92 [3]:72
[0]:76879038 [1]:8276888 [2]:92 [3]:357
[0]:77090469 [1]:8300093 [2]:92 [3]:76
[0]:77305315 [1]:8323729 [2]:92 [3]:89
[0]:77507131 [1]:8346108 [2]:92 [3]:369
[0]:77721554 [1]:8369781 [2]:92 [3]:368
[0]:77924322 [1]:8392113 [2]:92 [3]:364
[0]:78129344 [1]:8415074 [2]:92 [3]:365
[0]:78342253 [1]:8438553 [2]:92 [3]:363
[0]:78561869 [1]:8462811 [2]:92 [3]:371
[0]:78775349 [1]:8486503 [2]:92 [3]:84
[0]:78993683 [1]:8510663 [2]:92 [3]:369
[0]:79199500 [1]:8533507 [2]:92 [3]:357
[0]:79406867 [1]:8556404 [2]:92 [3]:362
[0]:79619430 [1]:8585730 [2]:92 [3]:359
[0]:79905678 [1]:8628312 [2]:92 [3]:361
[0]:80120026 [1]:8660020 [2]:92 [3]:372
[0]:80324766 [1]:8690478 [2]:92 [3]:361
[0]:80644620 [1]:8738083 [2]:92 [3]:366
[0]:80836898 [1]:8766649 [2]:92 [3]:364
[0]:81037913 [1]:8796404 [2]:92 [3]:355
[0]:81242843 [1]:8826811 [2]:92 [3]:370
[0]:81443823 [1]:8856683 [2]:92 [3]:370
[0]:81660539 [1]:8888882 [2]:92 [3]:80
[0]:81873076 [1]:8920534 [2]:92 [3]:94
[0]:82081374 [1]:8951388 [2]:92 [3]:363
[0]:82279149 [1]:8980708 [2]:93 [3]:365
[0]:82486173 [1]:9011416 [2]:93 [3]:358
[0]:82694608 [1]:9042394 [2]:93 [3]:357
[0]:82918668 [1]:9075610 [2]:93 [3]:369
[0]:83130494 [1]:9107091 [2]:93 [3]:373
[0]:83331335 [1]:9136975 [2]:93 [3]:369
[0]:83563879 [1]:9171548 [2]:93 [3]:366
[0]:83820015 [1]:9209484 [2]:93 [3]:373
[0]:84025134 [1]:9239908 [2]:93 [3]:360
[0]:84229768 [1]:9270394 [2]:93 [3]:368
[0]:84445028 [1]:9302318 [2]:93 [3]:359
[0]:84655388 [1]:9333593 [2]:93 [3]:371
[0]:84859941 [1]:9363933 [2]:93 [3]:359
[0]:85096940 [1]:9399044 [2]:93 [3]:363
[0]:85299715 [1]:9429053 [2]:93 [3]:367
[0]:85510796 [1]:9460272 [2]:93 [3]:72
[0]:85739358 [1]:9494201 [2]:93 [3]:361
[0]:85951813 [1]:9525680 [2]:93 [3]:369
[0]:86165124 [1]:9557259 [2]:93 [3]:362
[0]:86369838 [1]:9587617 [2]:93 [3]:367
[0]:86567134 [1]:9616982 [2]:93 [3]:81
[0]:86777296 [1]:9648328 [2]:93 [3]:370
[0]:86999591 [1]:9681314 [2]:93 [3]:79
[0]:87201605 [1]:9711230 [2]:93 [3]:364
[0]:87424350 [1]:9744257 [2]:93 [3]:80
[0]:87640130 [1]:9776400 [2]:93 [3]:371
[0]:87850006 [1]:9807501 [2]:93 [3]:367
[0]:88064497 [1]:9839296 [2]:93 [3]:357
[0]:88273213 [1]:9870245 [2]:93 [3]:76
[0]:88554363 [1]:9911914 [2]:93 [3]:358
[0]:88754224 [1]:9941704 [2]:93 [3]:85
[0]:88959086 [1]:9972014 [2]:93 [3]:375
[0]:89167936 [1]:10002940 [2]:93 [3]:359
[0]:89376819 [1]:10033921 [2]:93 [3]:354
[0]:89581798 [1]:10064276 [2]:93 [3]:366
[0]:89794723 [1]:10095784 [2]:93 [3]:366
[0]:90020283 [1]:10129168 [2]:93 [3]:92
[0]:90235488 [1]:10161055 [2]:93 [3]:364
[0]:90453226 [1]:10193335 [2]:93 [3]:361
[0]:90669673 [1]:10225401 [2]:93 [3]:359
[0]:90878531 [1]:10256380 [2]:93 [3]:366
[0]:91094556 [1]:10288392 [2]:93 [3]:368
[0]:91304000 [1]:10319592 [2]:93 [3]:76
[0]:91532666 [1]:10353531 [2]:93 [3]:77
[0]:91733582 [1]:10383327 [2]:93 [3]:367
[0]:91950488 [1]:10415378 [2]:93 [3]:370
