[0]:0 [1]:0 [2]:0 [3]:0
[0]:92142 [1]:0 [2]:0 [3]:74
[0]:340491 [1]:0 [2]:0 [3]:311
[0]:573838 [1]:0 [2]:0 [3]:314
[0]:806538 [1]:0 [2]:0 [3]:320
[0]:1041151 [1]:0 [2]:0 [3]:317
[0]:1287241 [1]:26896 [2]:120 [3]:58
[0]:1489628 [1]:49715 [2]:120 [3]:351
[0]:1686938 [1]:72013 [2]:120 [3]:362
[0]:1876715 [1]:93430 [2]:120 [3]:65
[0]:2070470 [1]:115279 [2]:120 [3]:80
[0]:2268700 [1]:137595 [2]:120 [3]:362
[0]:2470617 [1]:160329 [2]:120 [3]:361
[0]:2673106 [1]:183050 [2]:89 [3]:53
[0]:2869991 [1]:205219 [2]:89 [3]:54
[0]:3078967 [1]:228838 [2]:89 [3]:361
[0]:3276117 [1]:251052 [2]:89 [3]:371
[0]:3500628 [1]:276329 [2]:89 [3]:370
[0]:3698031 [1]:298598 [2]:89 [3]:87
[0]:3894947 [1]:320813 [2]:89 [3]:66
[0]:4088903 [1]:342741 [2]:89 [3]:361
[0]:4283195 [1]:364707 [2]:79 [3]:57
[0]:4485435 [1]:387582 [2]:79 [3]:61
[0]:4683716 [1]:409952 [2]:79 [3]:59
[0]:4889908 [1]:433087 [2]:79 [3]:63
[0]:5085289 [1]:455115 [2]:79 [3]:71
[0]:5281065 [1]:477192 [2]:79 [3]:372
[0]:5489370 [1]:500687 [2]:79 [3]:363
[0]:5687491 [1]:523009 [2]:76 [3]:359
[0]:5889826 [1]:545783 [2]:76 [3]:71
[0]:6085900 [1]:567846 [2]:76 [3]:71
[0]:6309377 [1]:593041 [2]:76 [3]:369
[0]:6511496 [1]:615887 [2]:76 [3]:63
[0]:6704619 [1]:637725 [2]:76 [3]:66
[0]:6907821 [1]:660681 [2]:76 [3]:75
[0]:7159524 [1]:689004 [2]:75 [3]:78
[0]:7353818 [1]:711069 [2]:75 [3]:364
[0]:7555826 [1]:733944 [2]:75 [3]:62
[0]:7750659 [1]:755936 [2]:75 [3]:352
[0]:7946079 [1]:778092 [2]:75 [3]:363
[0]:8147325 [1]:800768 [2]:75 [3]:66
[0]:8345203 [1]:823066 [2]:75 [3]:364
[0]:8546749 [1]:845808 [2]:75 [3]:358
[0]:8756062 [1]:869428 [2]:75 [3]:56
[0]:8959954 [1]:892431 [2]:75 [3]:56
[0]:9160783 [1]:915064 [2]:75 [3]:362
[0]:9355739 [1]:937011 [2]:75 [3]:352
[0]:9551521 [1]:959179 [2]:75 [3]:361
[0]:9742630 [1]:980715 [2]:75 [3]:62
[0]:9940968 [1]:1003109 [2]:75 [3]:64
[0]:10134264 [1]:1024969 [2]:75 [3]:360
[0]:10344449 [1]:1048602 [2]:75 [3]:364
[0]:10551268 [1]:1071796 [2]:75 [3]:53
[0]:10738712 [1]:1092995 [2]:75 [3]:363
[0]:10933684 [1]:1114875 [2]:75 [3]:70
[0]:11151140 [1]:1139317 [2]:75 [3]:359
[0]:11342007 [1]:1160859 [2]:75 [3]:361
[0]:11532800 [1]:1182389 [2]:75 [3]:352
[0]:11762856 [1]:1208327 [2]:75 [3]:70
[0]:11949088 [1]:1229259 [2]:75 [3]:358
[0]:12173623 [1]:1254502 [2]:75 [3]:62
[0]:12381826 [1]:1277971 [2]:75 [3]:55
[0]:12589480 [1]:1301476 [2]:75 [3]:72
[0]:12826732 [1]:1328251 [2]:75 [3]:352
[0]:13030712 [1]:1351460 [2]:75 [3]:68
[0]:13277840 [1]:1379360 [2]:75 [3]:58
[0]:13504722 [1]:1405099 [2]:75 [3]:59
[0]:13708523 [1]:1428043 [2]:75 [3]:90
[0]:13935333 [1]:1453615 [2]:75 [3]:374
[0]:14136444 [1]:1476335 [2]:75 [3]:71
[0]:14342682 [1]:1499544 [2]:75 [3]:67
[0]:14551227 [1]:1523010 [2]:75 [3]:75
[0]:14773135 [1]:1548054 [2]:75 [3]:52
[0]:14977289 [1]:1571147 [2]:75 [3]:67
[0]:15172031 [1]:1593171 [2]:75 [3]:59
[0]:15370658 [1]:1615636 [2]:75 [3]:64
[0]:15577148 [1]:1638806 [2]:75 [3]:62
[0]:15783139 [1]:1661922 [2]:75 [3]:370
[0]:15984323 [1]:1684609 [2]:75 [3]:59
[0]:16178500 [1]:1706360 [2]:75 [3]:63
[0]:16378003 [1]:1728793 [2]:75 [3]:363
[0]:16567931 [1]:1750340 [2]:75 [3]:63
[0]:16764252 [1]:1772492 [2]:75 [3]:365
[0]:16962098 [1]:1794793 [2]:75 [3]:75
[0]:17195967 [1]:1821140 [2]:75 [3]:363
[0]:17400703 [1]:1844419 [2]:75 [3]:63
[0]:17603023 [1]:1867128 [2]:75 [3]:69
[0]:17823910 [1]:1892040 [2]:75 [3]:71
[0]:18022199 [1]:1914583 [2]:75 [3]:356
[0]:18212581 [1]:1936170 [2]:75 [3]:56
[0]:18415077 [1]:1958973 [2]:75 [3]:368
[0]:18615854 [1]:1981689 [2]:75 [3]:59
[0]:18823385 [1]:2005217 [2]:75 [3]:67
[0]:19026518 [1]:2028281 [2]:75 [3]:369
[0]:19227370 [1]:2051010 [2]:75 [3]:62
[0]:19419256 [1]:2072541 [2]:75 [3]:70
[0]:19619891 [1]:2095198 [2]:75 [3]:369
[0]:19815519 [1]:2117333 [2]:75 [3]:62
[0]:20057280 [1]:2144639 [2]:75 [3]:368
[0]:20270516 [1]:2168593 [2]:75 [3]:359
[0]:20474758 [1]:2191555 [2]:75 [3]:78
[0]:20718151 [1]:2218960 [2]:75 [3]:72
[0]:20935495 [1]:2243391 [2]:75 [3]:67
[0]:21130365 [1]:2265406 [2]:75 [3]:47
[0]:21330894 [1]:2287913 [2]:75 [3]:54
[0]:21537017 [1]:2311101 [2]:75 [3]:370
[0]:21736882 [1]:2333557 [2]:75 [3]:62
[0]:21935502 [1]:2355922 [2]:75 [3]:364
[0]:22133868 [1]:2378352 [2]:75 [3]:356
[0]:22342073 [1]:2401913 [2]:75 [3]:60
[0]:22542220 [1]:2424462 [2]:75 [3]:358
[0]:22740359 [1]:2446853 [2]:75 [3]:64
[0]:22944474 [1]:2469975 [2]:75 [3]:361
[0]:23185244 [1]:2497256 [2]:75 [3]:62
[0]:23380706 [1]:2519263 [2]:75 [3]:63
[0]:23583845 [1]:2542140 [2]:75 [3]:356
[0]:23785374 [1]:2564850 [2]:75 [3]:365
[0]:23987309 [1]:2587669 [2]:75 [3]:62
[0]:24182052 [1]:2609613 [2]:75 [3]:357
[0]:24392049 [1]:2633388 [2]:75 [3]:380
[0]:24595625 [1]:2656466 [2]:75 [3]:356
[0]:24833371 [1]:2683225 [2]:75 [3]:62
[0]:25042177 [1]:2706762 [2]:75 [3]:74
[0]:25259796 [1]:2731363 [2]:75 [3]:63
[0]:25458483 [1]:2753684 [2]:75 [3]:64
[0]:25653673 [1]:2775581 [2]:75 [3]:363
[0]:25848354 [1]:2797629 [2]:75 [3]:89
[0]:26045094 [1]:2819961 [2]:75 [3]:364
[0]:26252589 [1]:2843438 [2]:75 [3]:67
[0]:26454706 [1]:2866230 [2]:75 [3]:366
[0]:26652113 [1]:2888563 [2]:75 [3]:358
[0]:26842978 [1]:2910056 [2]:75 [3]:68
[0]:27031432 [1]:2931348 [2]:75 [3]:69
[0]:27234000 [1]:2954425 [2]:75 [3]:371
[0]:27452250 [1]:2979301 [2]:75 [3]:91
