[0]:85204396 [1]:13835341 [2]:166 [3]:374
[0]:85420670 [1]:13867429 [2]:166 [3]:361
[0]:85632743 [1]:13898971 [2]:166 [3]:369
[0]:85846723 [1]:13930821 [2]:166 [3]:359
[0]:86071613 [1]:13964219 [2]:166 [3]:355
[0]:86284261 [1]:13995736 [2]:163 [3]:370
[0]:86527966 [1]:14031888 [2]:163 [3]:68
[0]:86737470 [1]:14063089 [2]:163 [3]:367
[0]:86954205 [1]:14095290 [2]:163 [3]:79
[0]:87163208 [1]:14126349 [2]:163 [3]:360
[0]:87367081 [1]:14156493 [2]:163 [3]:366
[0]:87598158 [1]:14190736 [2]:163 [3]:372
[0]:87801940 [1]:14220925 [2]:163 [3]:367
[0]:88010564 [1]:14251775 [2]:163 [3]:359
[0]:88227350 [1]:14283884 [2]:163 [3]:371
[0]:88435687 [1]:14314663 [2]:163 [3]:364
[0]:88645140 [1]:14345818 [2]:163 [3]:371
[0]:88850924 [1]:14376327 [2]:163 [3]:371
[0]:89058842 [1]:14407272 [2]:163 [3]:352
[0]:89267632 [1]:14438321 [2]:163 [3]:359
[0]:89476543 [1]:14469404 [2]:163 [3]:363
[0]:89689770 [1]:14501054 [2]:163 [3]:76
[0]:89899301 [1]:14532119 [2]:154 [3]:365
[0]:90106668 [1]:14562863 [2]:154 [3]:366
[0]:90308082 [1]:14592805 [2]:154 [3]:75
[0]:90520879 [1]:14624559 [2]:154 [3]:366
[0]:90733209 [1]:14656032 [2]:154 [3]:364
[0]:90946354 [1]:14687756 [2]:154 [3]:367
[0]:91155129 [1]:14718769 [2]:154 [3]:361
[0]:91366182 [1]:14750036 [2]:154 [3]:367
[0]:91580732 [1]:14781923 [2]:154 [3]:367
[0]:91803549 [1]:14814893 [2]:154 [3]:76
[0]:92014220 [1]:14846184 [2]:154 [3]:354
[0]:92223162 [1]:14877392 [2]:154 [3]:370
[0]:92447036 [1]:14910633 [2]:154 [3]:79
[0]:92652364 [1]:14941123 [2]:154 [3]:361
[0]:92861271 [1]:14972130 [2]:154 [3]:371
[0]:93074099 [1]:15003822 [2]:154 [3]:78
[0]:93291053 [1]:15035856 [2]:154 [3]:367
[0]:93503852 [1]:15067594 [2]:152 [3]:379
[0]:93704818 [1]:15097431 [2]:152 [3]:365
[0]:93930574 [1]:15130938 [2]:152 [3]:369
[0]:94145964 [1]:15162890 [2]:152 [3]:72
[0]:94354971 [1]:15193956 [2]:152 [3]:366
[0]:94563792 [1]:15224964 [2]:152 [3]:369
[0]:94768460 [1]:15255491 [2]:152 [3]:357
[0]:94977531 [1]:15286494 [2]:152 [3]:367
[0]:95197886 [1]:15319275 [2]:152 [3]:365
[0]:95402990 [1]:15349665 [2]:152 [3]:358
[0]:95612022 [1]:15380659 [2]:152 [3]:371
[0]:95820504 [1]:15411589 [2]:152 [3]:363
[0]:96065575 [1]:15447921 [2]:152 [3]:368
[0]:96278089 [1]:15479399 [2]:152 [3]:361
[0]:96478069 [1]:15509163 [2]:152 [3]:356
[0]:96723400 [1]:15545492 [2]:152 [3]:369
[0]:96936357 [1]:15577067 [2]:151 [3]:72
[0]:97140473 [1]:15607514 [2]:151 [3]:362
[0]:97393296 [1]:15645033 [2]:151 [3]:359
[0]:97597683 [1]:15675348 [2]:151 [3]:365
[0]:97799162 [1]:15705222 [2]:151 [3]:363
[0]:98005427 [1]:15735743 [2]:151 [3]:371
[0]:98221002 [1]:15767636 [2]:151 [3]:363
[0]:98433373 [1]:15799177 [2]:151 [3]:360
[0]:98644569 [1]:15830435 [2]:151 [3]:365
[0]:98850039 [1]:15860896 [2]:151 [3]:366
[0]:99056568 [1]:15891614 [2]:151 [3]:365
[0]:99269193 [1]:15923231 [2]:151 [3]:362
[0]:99488937 [1]:15955963 [2]:151 [3]:357
[0]:99717119 [1]:15989890 [2]:151 [3]:361
[0]:99922032 [1]:16020303 [2]:151 [3]:361
[0]:100122180 [1]:16049956 [2]:151 [3]:363
[0]:100325402 [1]:16080164 [2]:151 [3]:362
[0]:100540905 [1]:16112142 [2]:151 [3]:356
[0]:100747148 [1]:16142738 [2]:151 [3]:361
[0]:100955809 [1]:16173666 [2]:151 [3]:78
[0]:101160824 [1]:16204001 [2]:151 [3]:359
[0]:101369627 [1]:16235013 [2]:151 [3]:361
[0]:101640167 [1]:16275296 [2]:151 [3]:365
[0]:101858262 [1]:16307736 [2]:151 [3]:354
[0]:102066500 [1]:16338924 [2]:151 [3]:367
[0]:102275358 [1]:16369789 [2]:151 [3]:363
[0]:102480677 [1]:16400340 [2]:151 [3]:361
[0]:102693349 [1]:16431892 [2]:151 [3]:362
[0]:102910282 [1]:16464107 [2]:151 [3]:363
[0]:103119113 [1]:16495080 [2]:151 [3]:361
[0]:103332301 [1]:16526775 [2]:151 [3]:360
[0]:103539660 [1]:16557654 [2]:151 [3]:370
[0]:103748837 [1]:16588667 [2]:151 [3]:368
[0]:103989892 [1]:16624603 [2]:151 [3]:363
[0]:104202191 [1]:16656103 [2]:151 [3]:73
[0]:104408575 [1]:16686841 [2]:151 [3]:363
[0]:104619313 [1]:16718075 [2]:151 [3]:363
[0]:104829184 [1]:16749262 [2]:151 [3]:361
[0]:105040818 [1]:16780608 [2]:151 [3]:362
[0]:105257889 [1]:16812739 [2]:151 [3]:366
[0]:105467520 [1]:16843835 [2]:151 [3]:360
[0]:105741871 [1]:16884545 [2]:151 [3]:369
[0]:105944329 [1]:16914643 [2]:151 [3]:366
[0]:106151253 [1]:16945389 [2]:151 [3]:82
[0]:106373924 [1]:16978562 [2]:151 [3]:369
[0]:106610585 [1]:17013701 [2]:151 [3]:356
[0]:106822917 [1]:17045179 [2]:151 [3]:372
[0]:107026834 [1]:17075320 [2]:151 [3]:362
[0]:107232927 [1]:17105992 [2]:151 [3]:87
[0]:107437957 [1]:17136468 [2]:151 [3]:369
[0]:107678126 [1]:17172143 [2]:151 [3]:358
[0]:107906774 [1]:17206103 [2]:151 [3]:366
[0]:108113555 [1]:17236857 [2]:151 [3]:358
[0]:108324205 [1]:17268150 [2]:151 [3]:369
[0]:108560487 [1]:17303263 [2]:151 [3]:364
[0]:108805387 [1]:17339667 [2]:151 [3]:370
[0]:109013963 [1]:17370499 [2]:151 [3]:366
[0]:109226763 [1]:17402089 [2]:151 [3]:370
[0]:109459570 [1]:17436697 [2]:151 [3]:365
[0]:109664393 [1]:17467115 [2]:151 [3]:366
[0]:109875326 [1]:17498517 [2]:151 [3]:364
[0]:110090153 [1]:17530371 [2]:151 [3]:360
[0]:110298548 [1]:17561294 [2]:151 [3]:74
[0]:110502480 [1]:17591529 [2]:151 [3]:367
[0]:110708378 [1]:17622009 [2]:151 [3]:368
[0]:110921363 [1]:17653617 [2]:151 [3]:373
[0]:111130622 [1]:17684590 [2]:151 [3]:367
[0]:111335493 [1]:17714963 [2]:151 [3]:70
[0]:111536283 [1]:17744782 [2]:151 [3]:357
[0]:111737445 [1]:17774655 [2]:151 [3]:364
[0]:111946088 [1]:17805686 [2]:151 [3]:360
[0]:112154138 [1]:17836466 [2]:151 [3]:356
[0]:112361306 [1]:17867218 [2]:151 [3]:363
[0]:112576819 [1]:17899209 [2]:151 [3]:363
[0]:112808789 [1]:17933584 [2]:151 [3]:361
[0]:113022112 [1]:17965127 [2]:151 [3]:358
[0]:113290180 [1]:18004909 [2]:151 [3]:363
[0]:113541611 [1]:18042262 [2]:151 [3]:359
[0]:113743169 [1]:18072246 [2]:151 [3]:360
[0]:113972120 [1]:18106216 [2]:151 [3]:363
[0]:114180947 [1]:18137143 [2]:151 [3]:356
[0]:114385787 [1]:18167566 [2]:151 [3]:360
[0]:114610181 [1]:18200916 [2]:151 [3]:367
