[0]:3494265557 [1]:1 [2]:2 [3]:194
[0]:4283145826 [1]:1 [2]:2 [3]:33
[0]:4074898637 [1]:1 [2]:2 [3]:29
[0]:3862861429 [1]:1 [2]:2 [3]:163
[0]:3652165944 [1]:1 [2]:2 [3]:96
[0]:3431160872 [1]:1 [2]:2 [3]:94
[0]:4214970811 [1]:1 [2]:2 [3]:201
[0]:3995089501 [1]:1 [2]:2 [3]:198
[0]:3787151418 [1]:1 [2]:2 [3]:195
[0]:3579240094 [1]:1 [2]:2 [3]:155
[0]:3370265511 [1]:1 [2]:2 [3]:180
[0]:4155310482 [1]:1 [2]:2 [3]:27
[0]:3943072499 [1]:1 [2]:2 [3]:112
[0]:3731124732 [1]:1 [2]:2 [3]:171
[0]:3518890598 [1]:1 [2]:2 [3]:204
[0]:4279158354 [1]:1 [2]:2 [3]:86
[0]:4070822268 [1]:1 [2]:2 [3]:103
[0]:3858913392 [1]:1 [2]:2 [3]:190
[0]:3651188903 [1]:1 [2]:2 [3]:37
[0]:3439018413 [1]:1 [2]:2 [3]:196
[0]:4236694847 [1]:1 [2]:2 [3]:44
[0]:4023087293 [1]:1 [2]:2 [3]:190
[0]:3815129529 [1]:1 [2]:2 [3]:178
[0]:3608166303 [1]:1 [2]:2 [3]:163
[0]:3398779031 [1]:1 [2]:2 [3]:172
[0]:4183172473 [1]:1 [2]:2 [3]:174
[0]:3971286576 [1]:1 [2]:2 [3]:99
[0]:3758143019 [1]:1 [2]:2 [3]:141
[0]:3547048919 [1]:1 [2]:2 [3]:105
[0]:3335260803 [1]:1 [2]:2 [3]:191
[0]:4065408606 [1]:1 [2]:2 [3]:77
[0]:3854820853 [1]:1 [2]:2 [3]:166
[0]:3647926706 [1]:1 [2]:2 [3]:85
[0]:3444560644 [1]:1 [2]:2 [3]:35
[0]:4235032972 [1]:1 [2]:2 [3]:141
[0]:4023108806 [1]:1 [2]:2 [3]:189
[0]:3819074441 [1]:1 [2]:2 [3]:32
[0]:3557731409 [1]:1 [2]:2 [3]:31
[0]:3344674546 [1]:1 [2]:2 [3]:38
[0]:4139199362 [1]:1 [2]:2 [3]:178
[0]:3922727527 [1]:1 [2]:2 [3]:72
[0]:3707093569 [1]:1 [2]:2 [3]:176
[0]:3502858968 [1]:1 [2]:2 [3]:53
[0]:4291111344 [1]:1 [2]:2 [3]:190
[0]:4093760664 [1]:1 [2]:2 [3]:141
[0]:3874999156 [1]:1 [2]:2 [3]:115
[0]:3667017218 [1]:1 [2]:2 [3]:73
[0]:3454931741 [1]:1 [2]:2 [3]:130
[0]:4240333597 [1]:1 [2]:2 [3]:36
[0]:4042884683 [1]:1 [2]:2 [3]:164
[0]:3835121346 [1]:1 [2]:2 [3]:119
[0]:3625153537 [1]:1 [2]:2 [3]:198
[0]:3412863657 [1]:1 [2]:2 [3]:35
[0]:4195766029 [1]:1 [2]:2 [3]:196
[0]:3966994407 [1]:1 [2]:2 [3]:190
[0]:3758836067 [1]:1 [2]:2 [3]:88
[0]:3550197474 [1]:1 [2]:2 [3]:135
[0]:3339085809 [1]:1 [2]:2 [3]:123
[0]:4137364566 [1]:1 [2]:2 [3]:169
[0]:3919251058 [1]:1 [2]:2 [3]:196
[0]:3711210281 [1]:1 [2]:2 [3]:151
[0]:3496171292 [1]:1 [2]:2 [3]:112
[0]:4278805834 [1]:1 [2]:2 [3]:200
[0]:4071072047 [1]:1 [2]:2 [3]:46
[0]:3855179736 [1]:1 [2]:2 [3]:48
[0]:3639247678 [1]:1 [2]:2 [3]:55
[0]:3383202552 [1]:1 [2]:2 [3]:54
[0]:4171036224 [1]:1 [2]:2 [3]:166
[0]:3969732009 [1]:1 [2]:2 [3]:94
[0]:3759169823 [1]:1 [2]:2 [3]:127
[0]:3543116788 [1]:1 [2]:2 [3]:189
[0]:3334425171 [1]:1 [2]:2 [3]:78
[0]:4119193791 [1]:1 [2]:2 [3]:102
[0]:3903215762 [1]:1 [2]:2 [3]:196
[0]:3687242548 [1]:1 [2]:2 [3]:30
