[0]:3514327578 [1]:1 [2]:2 [3]:129
[0]:3310217997 [1]:1 [2]:2 [3]:31
[0]:4102108456 [1]:1 [2]:2 [3]:197
[0]:3882299677 [1]:1 [2]:2 [3]:198
[0]:3638747697 [1]:1 [2]:2 [3]:103
[0]:3426320896 [1]:1 [2]:2 [3]:61
[0]:4214252194 [1]:1 [2]:2 [3]:112
[0]:3998321851 [1]:1 [2]:2 [3]:71
[0]:3787453776 [1]:1 [2]:2 [3]:184
[0]:3578308288 [1]:1 [2]:2 [3]:62
[0]:3350290871 [1]:1 [2]:2 [3]:74
[0]:4142220941 [1]:1 [2]:2 [3]:36
[0]:3930362324 [1]:1 [2]:2 [3]:153
[0]:3723520881 [1]:1 [2]:2 [3]:163
[0]:3502660861 [1]:1 [2]:2 [3]:37
[0]:4282265821 [1]:1 [2]:2 [3]:181
[0]:4054024561 [1]:1 [2]:2 [3]:76
[0]:3807136931 [1]:1 [2]:2 [3]:119
[0]:3579169489 [1]:1 [2]:2 [3]:139
[0]:3370085366 [1]:1 [2]:2 [3]:190
[0]:4153918519 [1]:1 [2]:2 [3]:47
[0]:3942463023 [1]:1 [2]:2 [3]:70
[0]:3740521428 [1]:1 [2]:2 [3]:195
[0]:3529594754 [1]:1 [2]:2 [3]:26
[0]:3318377128 [1]:1 [2]:2 [3]:130
[0]:4104692421 [1]:1 [2]:2 [3]:45
[0]:3892491741 [1]:1 [2]:2 [3]:193
[0]:3684603086 [1]:1 [2]:2 [3]:36
[0]:3442361334 [1]:1 [2]:2 [3]:196
[0]:4234348641 [1]:1 [2]:2 [3]:33
[0]:4026134494 [1]:1 [2]:2 [3]:103
[0]:3823417212 [1]:1 [2]:2 [3]:58
[0]:3618434632 [1]:1 [2]:2 [3]:193
[0]:3348364926 [1]:1 [2]:2 [3]:27
[0]:4148505372 [1]:1 [2]:2 [3]:31
[0]:3930105831 [1]:1 [2]:2 [3]:116
[0]:3722290153 [1]:1 [2]:2 [3]:68
[0]:3506082187 [1]:1 [2]:2 [3]:191
[0]:4294219493 [1]:1 [2]:2 [3]:187
[0]:4078251918 [1]:1 [2]:2 [3]:90
[0]:3858125062 [1]:1 [2]:2 [3]:129
[0]:3648629269 [1]:1 [2]:2 [3]:192
[0]:3439890617 [1]:1 [2]:2 [3]:142
[0]:4229731221 [1]:1 [2]:2 [3]:39
[0]:4014866234 [1]:1 [2]:2 [3]:178
[0]:3806956853 [1]:1 [2]:2 [3]:150
[0]:3588746577 [1]:1 [2]:2 [3]:200
[0]:3377992592 [1]:1 [2]:2 [3]:127
[0]:4170371611 [1]:1 [2]:2 [3]:155
[0]:3954103278 [1]:1 [2]:2 [3]:30
[0]:3746145848 [1]:1 [2]:2 [3]:195
[0]:3534285107 [1]:1 [2]:2 [3]:150
[0]:3322231591 [1]:1 [2]:2 [3]:67
[0]:4110317066 [1]:1 [2]:2 [3]:114
[0]:3894485464 [1]:1 [2]:2 [3]:201
[0]:3686424707 [1]:1 [2]:2 [3]:198
[0]:3478700928 [1]:1 [2]:2 [3]:194
[0]:4250398094 [1]:1 [2]:2 [3]:125
[0]:4037997964 [1]:1 [2]:2 [3]:196
[0]:3822289909 [1]:1 [2]:2 [3]:157
[0]:3602434447 [1]:1 [2]:2 [3]:78
[0]:3390443621 [1]:1 [2]:2 [3]:162
[0]:4166302252 [1]:1 [2]:2 [3]:193
[0]:3954464834 [1]:1 [2]:2 [3]:188
[0]:3746144117 [1]:1 [2]:2 [3]:162
[0]:3522476814 [1]:1 [2]:2 [3]:55
[0]:3306170609 [1]:1 [2]:2 [3]:123
[0]:4098357462 [1]:1 [2]:2 [3]:91
[0]:3889448467 [1]:1 [2]:2 [3]:187
[0]:3678168552 [1]:1 [2]:2 [3]:194
[0]:3474275417 [1]:1 [2]:2 [3]:133
[0]:4256945358 [1]:1 [2]:2 [3]:101
[0]:4038721147 [1]:1 [2]:2 [3]:70
[0]:3830252737 [1]:1 [2]:2 [3]:35
