[0]:3638670873 [1]:1 [2]:2 [3]:133
[0]:3414412484 [1]:1 [2]:2 [3]:68
[0]:4198388387 [1]:1 [2]:2 [3]:91
[0]:3994589414 [1]:1 [2]:2 [3]:27
[0]:3786731472 [1]:1 [2]:2 [3]:70
[0]:3574795056 [1]:1 [2]:2 [3]:198
[0]:3350417388 [1]:1 [2]:2 [3]:169
[0]:4153540107 [1]:1 [2]:2 [3]:43
[0]:3940553528 [1]:1 [2]:2 [3]:123
[0]:3730543208 [1]:1 [2]:2 [3]:119
[0]:3518369567 [1]:1 [2]:2 [3]:76
[0]:3302679577 [1]:1 [2]:2 [3]:177
[0]:4095398371 [1]:1 [2]:2 [3]:202
[0]:3878621216 [1]:1 [2]:2 [3]:148
[0]:3622607197 [1]:1 [2]:2 [3]:106
[0]:3398340601 [1]:1 [2]:2 [3]:58
[0]:4186560547 [1]:1 [2]:2 [3]:138
[0]:3974592332 [1]:1 [2]:2 [3]:71
[0]:3762565762 [1]:1 [2]:2 [3]:197
[0]:3554448338 [1]:1 [2]:2 [3]:40
[0]:3342348512 [1]:1 [2]:2 [3]:166
[0]:4107159431 [1]:1 [2]:2 [3]:143
[0]:3910288698 [1]:1 [2]:2 [3]:51
[0]:3679147603 [1]:1 [2]:2 [3]:192
[0]:3450701854 [1]:1 [2]:2 [3]:104
[0]:4242428276 [1]:1 [2]:2 [3]:32
[0]:4000960749 [1]:1 [2]:2 [3]:163
[0]:3798686212 [1]:1 [2]:2 [3]:191
[0]:3586535524 [1]:1 [2]:2 [3]:153
[0]:3379665921 [1]:1 [2]:2 [3]:70
[0]:4166611007 [1]:1 [2]:2 [3]:166
[0]:3950855417 [1]:1 [2]:2 [3]:204
[0]:3743159528 [1]:1 [2]:2 [3]:166
[0]:3534358352 [1]:1 [2]:2 [3]:34
[0]:3318661341 [1]:1 [2]:2 [3]:46
[0]:4103271479 [1]:1 [2]:2 [3]:137
[0]:3866505894 [1]:1 [2]:2 [3]:83
[0]:3655177449 [1]:1 [2]:2 [3]:184
[0]:3442735002 [1]:1 [2]:2 [3]:30
[0]:4224616798 [1]:1 [2]:2 [3]:135
[0]:4014423709 [1]:1 [2]:2 [3]:71
[0]:3794526746 [1]:1 [2]:2 [3]:125
[0]:3583347018 [1]:1 [2]:2 [3]:41
[0]:3370753991 [1]:1 [2]:2 [3]:58
[0]:4154661224 [1]:1 [2]:2 [3]:45
[0]:3934807098 [1]:1 [2]:2 [3]:195
[0]:3722665418 [1]:1 [2]:2 [3]:112
[0]:3514301358 [1]:1 [2]:2 [3]:85
[0]:3303578764 [1]:1 [2]:2 [3]:75
[0]:4084717971 [1]:1 [2]:2 [3]:195
[0]:3873308108 [1]:1 [2]:2 [3]:141
[0]:3646628607 [1]:1 [2]:2 [3]:55
[0]:3430762912 [1]:1 [2]:2 [3]:170
[0]:4214695776 [1]:1 [2]:2 [3]:81
[0]:4010534368 [1]:1 [2]:2 [3]:138
[0]:3802810806 [1]:1 [2]:2 [3]:195
[0]:3527158952 [1]:1 [2]:2 [3]:181
[0]:3315498332 [1]:1 [2]:2 [3]:124
[0]:4099215044 [1]:1 [2]:2 [3]:86
[0]:3852509791 [1]:1 [2]:2 [3]:96
[0]:3627303121 [1]:1 [2]:2 [3]:110
[0]:3414677527 [1]:1 [2]:2 [3]:158
[0]:4194591066 [1]:1 [2]:2 [3]:30
[0]:3983837172 [1]:1 [2]:2 [3]:128
[0]:3771007894 [1]:1 [2]:2 [3]:172
[0]:3558595129 [1]:1 [2]:2 [3]:59
[0]:3335421209 [1]:1 [2]:2 [3]:173
[0]:4114687709 [1]:1 [2]:2 [3]:101
[0]:3898645686 [1]:1 [2]:2 [3]:150
[0]:3682517561 [1]:1 [2]:2 [3]:182
[0]:3466766939 [1]:1 [2]:2 [3]:198
[0]:4255303629 [1]:1 [2]:2 [3]:166
[0]:4038497346 [1]:1 [2]:2 [3]:172
[0]:3818802902 [1]:1 [2]:2 [3]:112
