[0]:142917538 [1]:20209734 [2]:107 [3]:371
[0]:143134267 [1]:20233538 [2]:107 [3]:353
[0]:143337644 [1]:20255990 [2]:107 [3]:365
[0]:143540142 [1]:20278337 [2]:107 [3]:359
[0]:143745753 [1]:20300979 [2]:107 [3]:362
[0]:143957295 [1]:20324215 [2]:105 [3]:361
[0]:144179774 [1]:20348712 [2]:105 [3]:371
[0]:144388830 [1]:20371808 [2]:105 [3]:90
[0]:144589624 [1]:20394087 [2]:105 [3]:80
[0]:144794935 [1]:20416642 [2]:105 [3]:360
[0]:145007349 [1]:20440043 [2]:105 [3]:362
[0]:145220789 [1]:20463744 [2]:105 [3]:88
[0]:145429899 [1]:20486684 [2]:105 [3]:81
[0]:145649314 [1]:20510784 [2]:105 [3]:357
[0]:145887225 [1]:20536991 [2]:105 [3]:111
[0]:146104081 [1]:20560914 [2]:105 [3]:79
[0]:146302171 [1]:20582708 [2]:100 [3]:367
[0]:146506804 [1]:20605257 [2]:100 [3]:373
[0]:146707782 [1]:20627427 [2]:100 [3]:112
[0]:146912572 [1]:20650104 [2]:100 [3]:85
[0]:147113858 [1]:20672427 [2]:100 [3]:367
[0]:147318827 [1]:20695149 [2]:100 [3]:96
[0]:147536960 [1]:20719185 [2]:100 [3]:371
[0]:147811986 [1]:20749331 [2]:100 [3]:369
[0]:148015327 [1]:20771613 [2]:100 [3]:364
[0]:148222067 [1]:20794684 [2]:100 [3]:80
[0]:148431065 [1]:20817782 [2]:100 [3]:374
[0]:148639987 [1]:20840878 [2]:100 [3]:93
[0]:148845057 [1]:20863548 [2]:100 [3]:361
[0]:149050213 [1]:20886017 [2]:100 [3]:353
[0]:149259158 [1]:20909131 [2]:100 [3]:360
[0]:149464762 [1]:20931725 [2]:100 [3]:357
[0]:149670590 [1]:20954505 [2]:100 [3]:90
[0]:149874509 [1]:20976954 [2]:100 [3]:361
[0]:150077568 [1]:20999468 [2]:100 [3]:367
[0]:150280180 [1]:21021714 [2]:100 [3]:77
[0]:150476492 [1]:21043563 [2]:100 [3]:360
[0]:150682937 [1]:21066247 [2]:99 [3]:94
[0]:150899844 [1]:21090000 [2]:99 [3]:363
[0]:151104063 [1]:21112438 [2]:99 [3]:79
[0]:151310311 [1]:21135028 [2]:99 [3]:363
[0]:151515266 [1]:21157734 [2]:99 [3]:365
[0]:151721397 [1]:21180392 [2]:99 [3]:76
[0]:151921475 [1]:21202559 [2]:99 [3]:93
[0]:152130308 [1]:21225745 [2]:99 [3]:81
[0]:152327546 [1]:21247412 [2]:99 [3]:85
[0]:152526065 [1]:21269190 [2]:99 [3]:360
[0]:152733328 [1]:21291966 [2]:99 [3]:364
[0]:152938961 [1]:21314688 [2]:99 [3]:362
[0]:153140056 [1]:21336712 [2]:99 [3]:87
[0]:153346256 [1]:21359321 [2]:99 [3]:367
[0]:153570437 [1]:21383899 [2]:99 [3]:369
[0]:153763721 [1]:21405100 [2]:99 [3]:95
[0]:153976877 [1]:21428430 [2]:99 [3]:373
[0]:154189942 [1]:21451803 [2]:99 [3]:79
[0]:154394809 [1]:21474347 [2]:99 [3]:371
[0]:154603981 [1]:21497491 [2]:99 [3]:86
[0]:154808932 [1]:21520207 [2]:99 [3]:366
[0]:155021780 [1]:21543896 [2]:99 [3]:361
[0]:155226734 [1]:21566577 [2]:99 [3]:100
[0]:155443496 [1]:21590452 [2]:99 [3]:369
[0]:155652702 [1]:21613568 [2]:99 [3]:373
[0]:155861443 [1]:21636641 [2]:99 [3]:362
[0]:156062866 [1]:21658969 [2]:99 [3]:91
[0]:156263691 [1]:21681077 [2]:99 [3]:98
[0]:156485076 [1]:21705448 [2]:99 [3]:372
[0]:156693561 [1]:21728398 [2]:99 [3]:89
[0]:156902633 [1]:21751462 [2]:99 [3]:80
[0]:157111874 [1]:21774379 [2]:99 [3]:382
[0]:157320687 [1]:21797321 [2]:99 [3]:362
[0]:157549845 [1]:21822586 [2]:99 [3]:356
[0]:157775521 [1]:21847434 [2]:99 [3]:86
[0]:157975825 [1]:21869440 [2]:99 [3]:365
[0]:158184971 [1]:21892356 [2]:99 [3]:359
[0]:158386089 [1]:21914459 [2]:99 [3]:98
[0]:158607035 [1]:21938821 [2]:99 [3]:363
[0]:158825136 [1]:21962687 [2]:99 [3]:365
[0]:159033164 [1]:21985558 [2]:99 [3]:358
[0]:159249390 [1]:22009581 [2]:99 [3]:368
[0]:159478786 [1]:22034863 [2]:99 [3]:360
[0]:159707138 [1]:22060225 [2]:100 [3]:356
[0]:159939885 [1]:22085945 [2]:100 [3]:92
[0]:160134467 [1]:22107468 [2]:100 [3]:351
[0]:160345904 [1]:22130915 [2]:100 [3]:102
[0]:160539077 [1]:22152324 [2]:100 [3]:366
[0]:160792954 [1]:22180108 [2]:100 [3]:360
[0]:161006229 [1]:22203602 [2]:100 [3]:73
[0]:161233613 [1]:22228636 [2]:100 [3]:360
[0]:161438309 [1]:22251099 [2]:100 [3]:370
[0]:161647224 [1]:22274241 [2]:100 [3]:365
[0]:161852709 [1]:22296642 [2]:100 [3]:102
[0]:162077675 [1]:22321472 [2]:100 [3]:360
[0]:162272118 [1]:22342852 [2]:100 [3]:84
[0]:162484794 [1]:22366224 [2]:100 [3]:369
[0]:162698484 [1]:22389799 [2]:100 [3]:367
[0]:162902039 [1]:22412340 [2]:100 [3]:357
[0]:163107004 [1]:22435044 [2]:100 [3]:95
[0]:163321925 [1]:22458683 [2]:100 [3]:83
[0]:163532922 [1]:22482059 [2]:100 [3]:359
[0]:163737335 [1]:22504830 [2]:100 [3]:100
[0]:163946314 [1]:22527794 [2]:100 [3]:360
[0]:164151204 [1]:22550363 [2]:100 [3]:71
[0]:164359665 [1]:22573435 [2]:100 [3]:371
[0]:164569844 [1]:22596617 [2]:100 [3]:361
[0]:164803985 [1]:22622401 [2]:100 [3]:84
[0]:165007845 [1]:22644831 [2]:100 [3]:80
[0]:165212996 [1]:22667246 [2]:100 [3]:359
[0]:165422169 [1]:22690206 [2]:100 [3]:87
[0]:165635247 [1]:22713561 [2]:100 [3]:80
[0]:165846048 [1]:22736962 [2]:100 [3]:368
[0]:166048910 [1]:22759565 [2]:100 [3]:356
[0]:166250195 [1]:22781713 [2]:99 [3]:352
[0]:166510113 [1]:22810184 [2]:99 [3]:369
[0]:166711659 [1]:22832311 [2]:99 [3]:370
[0]:166916936 [1]:22854997 [2]:99 [3]:366
[0]:167119535 [1]:22877216 [2]:99 [3]:363
[0]:167318537 [1]:22899101 [2]:99 [3]:80
[0]:167564208 [1]:22926245 [2]:99 [3]:370
[0]:167772674 [1]:22949419 [2]:99 [3]:369
[0]:167985767 [1]:22972755 [2]:99 [3]:371
[0]:168190970 [1]:22995494 [2]:99 [3]:79
[0]:168399722 [1]:23018711 [2]:99 [3]:374
[0]:168600838 [1]:23040955 [2]:99 [3]:360
[0]:168809346 [1]:23063760 [2]:99 [3]:78
[0]:169015041 [1]:23086491 [2]:99 [3]:77
[0]:169219942 [1]:23109049 [2]:99 [3]:73
[0]:169421175 [1]:23131259 [2]:99 [3]:362
[0]:169626675 [1]:23153824 [2]:99 [3]:82
[0]:169838176 [1]:23177067 [2]:99 [3]:71
[0]:170110256 [1]:23206909 [2]:99 [3]:377
[0]:170332405 [1]:23231295 [2]:99 [3]:361
[0]:170541517 [1]:23254493 [2]:99 [3]:368
[0]:170738706 [1]:23276330 [2]:99 [3]:105
[0]:170943801 [1]:23298726 [2]:99 [3]:374
[0]:171152799 [1]:23321726 [2]:99 [3]:75
[0]:171366752 [1]:23345366 [2]:99 [3]:366
[0]:171571914 [1]:23367902 [2]:99 [3]:371
[0]:171783882 [1]:23391223 [2]:99 [3]:369
[0]:171995767 [1]:23414624 [2]:99 [3]:74
[0]:172198240 [1]:23436899 [2]:99 [3]:373
