[0]:85210976 [1]:13842554 [2]:167 [3]:361
[0]:85421855 [1]:13873748 [2]:167 [3]:371
[0]:85622928 [1]:13903499 [2]:167 [3]:364
[0]:85855803 [1]:13937999 [2]:167 [3]:360
[0]:86127961 [1]:13978377 [2]:167 [3]:80
[0]:86347636 [1]:14010927 [2]:167 [3]:362
[0]:86548541 [1]:14040687 [2]:167 [3]:79
[0]:86756621 [1]:14071467 [2]:163 [3]:369
[0]:86966378 [1]:14102506 [2]:163 [3]:363
[0]:87163027 [1]:14131739 [2]:163 [3]:349
[0]:87372432 [1]:14162742 [2]:163 [3]:364
[0]:87575983 [1]:14192828 [2]:163 [3]:373
[0]:87782129 [1]:14223401 [2]:163 [3]:366
[0]:87994678 [1]:14255000 [2]:163 [3]:363
[0]:88239387 [1]:14291202 [2]:163 [3]:363
[0]:88443961 [1]:14321545 [2]:163 [3]:361
[0]:88653260 [1]:14352516 [2]:163 [3]:371
[0]:88858008 [1]:14382869 [2]:163 [3]:366
[0]:89074419 [1]:14414982 [2]:163 [3]:77
[0]:89278540 [1]:14445269 [2]:163 [3]:365
[0]:89488260 [1]:14476436 [2]:163 [3]:364
[0]:89685360 [1]:14505775 [2]:163 [3]:78
[0]:89886255 [1]:14535487 [2]:163 [3]:362
[0]:90117898 [1]:14569840 [2]:163 [3]:371
[0]:90329902 [1]:14601270 [2]:157 [3]:373
[0]:90536178 [1]:14631841 [2]:157 [3]:363
[0]:90815598 [1]:14673189 [2]:157 [3]:367
[0]:91025008 [1]:14704254 [2]:157 [3]:378
[0]:91232053 [1]:14735005 [2]:157 [3]:366
[0]:91447736 [1]:14767041 [2]:157 [3]:69
[0]:91639622 [1]:14795575 [2]:157 [3]:368
[0]:91900357 [1]:14834263 [2]:157 [3]:367
[0]:92100739 [1]:14863929 [2]:157 [3]:370
[0]:92308486 [1]:14894761 [2]:157 [3]:363
[0]:92512523 [1]:14924953 [2]:157 [3]:360
[0]:92711320 [1]:14954435 [2]:157 [3]:360
[0]:92908607 [1]:14983704 [2]:157 [3]:360
[0]:93123935 [1]:15015556 [2]:157 [3]:359
[0]:93347209 [1]:15048623 [2]:157 [3]:365
[0]:93554735 [1]:15079392 [2]:157 [3]:370
[0]:93783150 [1]:15113192 [2]:157 [3]:73
[0]:94003821 [1]:15145837 [2]:154 [3]:369
[0]:94211424 [1]:15176534 [2]:154 [3]:367
[0]:94495708 [1]:15218687 [2]:154 [3]:364
[0]:94697511 [1]:15248674 [2]:154 [3]:75
[0]:94910460 [1]:15280147 [2]:154 [3]:367
[0]:95111052 [1]:15309879 [2]:154 [3]:360
[0]:95314947 [1]:15340026 [2]:154 [3]:367
[0]:95521104 [1]:15370620 [2]:154 [3]:358
[0]:95723031 [1]:15400577 [2]:154 [3]:370
[0]:95918748 [1]:15429543 [2]:154 [3]:369
[0]:96122498 [1]:15459832 [2]:154 [3]:89
[0]:96328797 [1]:15490538 [2]:154 [3]:361
[0]:96541699 [1]:15522069 [2]:154 [3]:371
[0]:96747871 [1]:15552698 [2]:154 [3]:362
[0]:96988142 [1]:15588398 [2]:154 [3]:356
[0]:97214290 [1]:15621970 [2]:154 [3]:362
[0]:97427857 [1]:15653614 [2]:154 [3]:365
[0]:97659157 [1]:15687879 [2]:153 [3]:361
[0]:97861695 [1]:15717825 [2]:153 [3]:359
[0]:98070573 [1]:15748775 [2]:153 [3]:362
[0]:98275013 [1]:15779074 [2]:153 [3]:364
[0]:98476361 [1]:15808893 [2]:153 [3]:362
[0]:98685286 [1]:15839839 [2]:153 [3]:368
[0]:98889942 [1]:15870038 [2]:153 [3]:358
[0]:99090992 [1]:15900005 [2]:153 [3]:79
[0]:99315572 [1]:15933375 [2]:153 [3]:371
[0]:99527777 [1]:15964868 [2]:153 [3]:79
[0]:99729066 [1]:15994718 [2]:153 [3]:366
[0]:99942115 [1]:16026231 [2]:153 [3]:81
[0]:100149189 [1]:16056918 [2]:153 [3]:369
[0]:100375755 [1]:16090453 [2]:153 [3]:73
[0]:100577031 [1]:16120322 [2]:153 [3]:366
[0]:100784850 [1]:16151087 [2]:153 [3]:361
[0]:100986309 [1]:16180921 [2]:153 [3]:364
[0]:101195127 [1]:16211962 [2]:152 [3]:369
[0]:101403928 [1]:16242817 [2]:152 [3]:370
[0]:101605675 [1]:16272642 [2]:152 [3]:360
[0]:101813728 [1]:16303370 [2]:152 [3]:364
[0]:102041045 [1]:16337003 [2]:152 [3]:371
[0]:102258186 [1]:16369158 [2]:152 [3]:362
[0]:102464107 [1]:16399608 [2]:152 [3]:372
[0]:102716510 [1]:16436994 [2]:152 [3]:368
[0]:102972337 [1]:16474849 [2]:152 [3]:82
[0]:103181487 [1]:16505863 [2]:152 [3]:357
[0]:103385840 [1]:16536091 [2]:152 [3]:368
[0]:103591430 [1]:16566467 [2]:152 [3]:359
[0]:103884477 [1]:16609811 [2]:152 [3]:363
[0]:104130114 [1]:16646220 [2]:152 [3]:360
[0]:104332218 [1]:16676167 [2]:152 [3]:365
[0]:104545034 [1]:16707876 [2]:152 [3]:368
[0]:104753787 [1]:16738908 [2]:152 [3]:365
[0]:104954531 [1]:16768581 [2]:152 [3]:367
[0]:105159752 [1]:16798960 [2]:152 [3]:364
[0]:105396153 [1]:16833948 [2]:152 [3]:369
[0]:105616782 [1]:16866725 [2]:152 [3]:77
[0]:105849463 [1]:16901074 [2]:152 [3]:361
[0]:106071902 [1]:16934202 [2]:152 [3]:363
[0]:106337773 [1]:16973565 [2]:152 [3]:87
[0]:106537879 [1]:17003230 [2]:152 [3]:369
[0]:106745924 [1]:17034016 [2]:152 [3]:358
[0]:106952676 [1]:17064702 [2]:152 [3]:358
[0]:107161477 [1]:17095601 [2]:152 [3]:356
[0]:107368623 [1]:17126254 [2]:152 [3]:73
[0]:107573843 [1]:17156691 [2]:152 [3]:372
[0]:107780287 [1]:17187243 [2]:152 [3]:367
[0]:107981135 [1]:17217076 [2]:152 [3]:371
[0]:108193857 [1]:17248559 [2]:152 [3]:374
[0]:108393598 [1]:17278176 [2]:152 [3]:84
[0]:108603090 [1]:17309155 [2]:152 [3]:362
[0]:108811703 [1]:17339916 [2]:152 [3]:372
[0]:109017656 [1]:17370391 [2]:152 [3]:360
[0]:109215138 [1]:17399614 [2]:152 [3]:360
[0]:109419608 [1]:17429917 [2]:152 [3]:367
[0]:109633394 [1]:17461487 [2]:152 [3]:364
[0]:109842514 [1]:17492440 [2]:152 [3]:361
[0]:110056122 [1]:17523959 [2]:152 [3]:360
[0]:110318203 [1]:17562764 [2]:152 [3]:86
[0]:110528361 [1]:17594022 [2]:152 [3]:373
[0]:110802799 [1]:17634716 [2]:152 [3]:367
[0]:111015531 [1]:17666302 [2]:152 [3]:360
[0]:111228373 [1]:17697831 [2]:152 [3]:70
[0]:111440675 [1]:17729369 [2]:152 [3]:370
[0]:111657063 [1]:17761413 [2]:152 [3]:367
[0]:111865743 [1]:17792301 [2]:152 [3]:370
[0]:112083657 [1]:17824568 [2]:152 [3]:364
[0]:112294607 [1]:17855775 [2]:152 [3]:365
[0]:112493830 [1]:17885274 [2]:152 [3]:362
[0]:112692088 [1]:17914640 [2]:152 [3]:367
[0]:112907149 [1]:17946547 [2]:152 [3]:356
[0]:113112810 [1]:17976994 [2]:152 [3]:365
[0]:113317012 [1]:18007290 [2]:152 [3]:371
[0]:113521953 [1]:18037608 [2]:152 [3]:365
[0]:113722187 [1]:18067139 [2]:152 [3]:368
[0]:113922783 [1]:18096942 [2]:152 [3]:364
[0]:114132713 [1]:18128028 [2]:152 [3]:74
[0]:114341679 [1]:18158883 [2]:152 [3]:359
[0]:114546408 [1]:18189190 [2]:152 [3]:359
