[0]:1057571224 [1]:709996388 [2]:7 [3]:12
[0]:1058627553 [1]:710539059 [2]:7 [3]:50
[0]:1059643220 [1]:711060346 [2]:7 [3]:50
[0]:1060668711 [1]:711589416 [2]:7 [3]:12
[0]:1061660129 [1]:712100847 [2]:7 [3]:12
[0]:1062653452 [1]:712612611 [2]:7 [3]:57
[0]:1063637491 [1]:713121282 [2]:7 [3]:8
[0]:1064676033 [1]:713654642 [2]:7 [3]:52
[0]:1065718034 [1]:714191001 [2]:7 [3]:14
[0]:1066829848 [1]:714761416 [2]:7 [3]:9
[0]:1068099416 [1]:715410294 [2]:7 [3]:13
[0]:1069319180 [1]:716040489 [2]:7 [3]:51
[0]:1070699307 [1]:716752561 [2]:7 [3]:14
[0]:1071972262 [1]:717405771 [2]:7 [3]:15
[0]:1073145264 [1]:718010197 [2]:7 [3]:14
[0]:1074305212 [1]:718605788 [2]:7 [3]:56
[0]:1075442823 [1]:719189917 [2]:7 [3]:16
[0]:1076573995 [1]:719771638 [2]:7 [3]:53
[0]:1077680492 [1]:720336857 [2]:7 [3]:16
[0]:1078800881 [1]:720907372 [2]:7 [3]:16
[0]:1080150932 [1]:721603599 [2]:7 [3]:10
[0]:1081508949 [1]:722307255 [2]:7 [3]:50
[0]:1082641801 [1]:722892653 [2]:7 [3]:16
[0]:1083814864 [1]:723496741 [2]:7 [3]:16
[0]:1084974642 [1]:724095943 [2]:7 [3]:15
[0]:1086068436 [1]:724658430 [2]:7 [3]:13
[0]:1087239188 [1]:725262301 [2]:7 [3]:51
[0]:1088442458 [1]:725883338 [2]:7 [3]:16
[0]:1089793977 [1]:726585169 [2]:7 [3]:18
[0]:1090977749 [1]:727195552 [2]:7 [3]:13
[0]:1092060768 [1]:727749879 [2]:7 [3]:9
[0]:1093126155 [1]:728302066 [2]:7 [3]:17
[0]:1094243874 [1]:728879359 [2]:7 [3]:16
[0]:1095295335 [1]:729421212 [2]:7 [3]:14
[0]:1096421142 [1]:730001499 [2]:7 [3]:49
[0]:1097412247 [1]:730506962 [2]:7 [3]:13
[0]:1098413602 [1]:731021459 [2]:7 [3]:51
[0]:1099462320 [1]:731560022 [2]:7 [3]:53
[0]:1100474935 [1]:732083742 [2]:7 [3]:10
[0]:1101526323 [1]:732629679 [2]:7 [3]:19
[0]:1102558765 [1]:733158488 [2]:7 [3]:17
[0]:1103787811 [1]:733790365 [2]:7 [3]:10
[0]:1104793602 [1]:734305124 [2]:7 [3]:15
[0]:1105862352 [1]:734853602 [2]:7 [3]:14
[0]:1107404215 [1]:735647124 [2]:7 [3]:15
[0]:1108587885 [1]:736256899 [2]:7 [3]:9
[0]:1109663694 [1]:736805470 [2]:7 [3]:16
[0]:1110716683 [1]:737351559 [2]:7 [3]:12
[0]:1111807194 [1]:737913493 [2]:7 [3]:54
[0]:1112831849 [1]:738439959 [2]:7 [3]:16
[0]:1113856245 [1]:738969035 [2]:7 [3]:14
[0]:1114892139 [1]:739501910 [2]:7 [3]:9
[0]:1115881414 [1]:740007167 [2]:7 [3]:54
[0]:1116881469 [1]:740523010 [2]:7 [3]:16
[0]:1117896319 [1]:741045445 [2]:7 [3]:50
[0]:1118912718 [1]:741568490 [2]:7 [3]:36
[0]:1119961865 [1]:742104646 [2]:7 [3]:9
[0]:1121141928 [1]:742711406 [2]:7 [3]:51
[0]:1122728724 [1]:743527979 [2]:7 [3]:23
[0]:1123985503 [1]:744177785 [2]:7 [3]:50
[0]:1125510380 [1]:744959699 [2]:7 [3]:48
[0]:1126716750 [1]:745583907 [2]:7 [3]:17
[0]:1127886148 [1]:746187641 [2]:7 [3]:11
[0]:1129308231 [1]:746916552 [2]:7 [3]:16
[0]:1130405262 [1]:747488521 [2]:7 [3]:9
[0]:1131500925 [1]:748052786 [2]:7 [3]:13
[0]:1132578092 [1]:748608204 [2]:7 [3]:57
[0]:1133711272 [1]:749189062 [2]:7 [3]:53
[0]:1134792422 [1]:749747217 [2]:7 [3]:49
[0]:1135874592 [1]:750304504 [2]:7 [3]:50
[0]:1137056274 [1]:750905796 [2]:7 [3]:14
[0]:1138219017 [1]:751506479 [2]:7 [3]:9
[0]:1139348905 [1]:752089266 [2]:7 [3]:9
[0]:1140520502 [1]:752694706 [2]:7 [3]:11
[0]:1141652810 [1]:753280205 [2]:7 [3]:56
[0]:1142794093 [1]:753865931 [2]:7 [3]:15
[0]:1143906215 [1]:754441553 [2]:7 [3]:51
[0]:1145072642 [1]:755041484 [2]:7 [3]:15
[0]:1146226013 [1]:755634522 [2]:7 [3]:15
[0]:1147391083 [1]:756230287 [2]:7 [3]:14
[0]:1148452791 [1]:756773818 [2]:7 [3]:9
[0]:1149446113 [1]:757287482 [2]:7 [3]:56
[0]:1150427990 [1]:757794483 [2]:7 [3]:48
[0]:1151413652 [1]:758299678 [2]:7 [3]:52
[0]:1152435480 [1]:758825252 [2]:7 [3]:6
[0]:1153427990 [1]:759337199 [2]:7 [3]:10
[0]:1154475393 [1]:759873564 [2]:7 [3]:13
[0]:1155490099 [1]:760392966 [2]:7 [3]:16
[0]:1156528633 [1]:760930741 [2]:7 [3]:11
[0]:1157517762 [1]:761442839 [2]:7 [3]:9
[0]:1158622419 [1]:762010955 [2]:7 [3]:11
[0]:1159630747 [1]:762528469 [2]:7 [3]:12
[0]:1160654540 [1]:763054803 [2]:7 [3]:47
[0]:1161649420 [1]:763569301 [2]:7 [3]:49
[0]:1162794901 [1]:764163508 [2]:7 [3]:15
[0]:1164032447 [1]:764798604 [2]:7 [3]:49
[0]:1165172292 [1]:765384145 [2]:7 [3]:54
[0]:1166181812 [1]:765900853 [2]:7 [3]:18
[0]:1167184469 [1]:766413916 [2]:7 [3]:51
[0]:1168346081 [1]:767011390 [2]:7 [3]:53
[0]:1169407690 [1]:767558339 [2]:7 [3]:12
[0]:1170399445 [1]:768069771 [2]:7 [3]:12
[0]:1171414067 [1]:768590721 [2]:7 [3]:13
[0]:1172440334 [1]:769120556 [2]:7 [3]:14
[0]:1173487083 [1]:769660609 [2]:7 [3]:8
[0]:1174619666 [1]:770243349 [2]:7 [3]:8
[0]:1175643746 [1]:770772094 [2]:7 [3]:11
[0]:1176667799 [1]:771301881 [2]:7 [3]:10
[0]:1177658929 [1]:771809554 [2]:7 [3]:13
[0]:1178730390 [1]:772358772 [2]:7 [3]:56
[0]:1180005554 [1]:773014021 [2]:7 [3]:10
[0]:1181309216 [1]:773685423 [2]:7 [3]:14
[0]:1182545223 [1]:774319187 [2]:7 [3]:12
[0]:1183735823 [1]:774930909 [2]:7 [3]:12
[0]:1185000326 [1]:775577350 [2]:7 [3]:13
[0]:1186170563 [1]:776178356 [2]:7 [3]:51
[0]:1187484401 [1]:776853413 [2]:7 [3]:17
[0]:1188578701 [1]:777424541 [2]:7 [3]:18
[0]:1189726396 [1]:778016570 [2]:7 [3]:54
[0]:1190876724 [1]:778609228 [2]:7 [3]:13
[0]:1191972085 [1]:779171849 [2]:7 [3]:54
[0]:1193124453 [1]:779760476 [2]:7 [3]:54
[0]:1194278388 [1]:780353193 [2]:7 [3]:53
[0]:1195386286 [1]:780925466 [2]:7 [3]:13
[0]:1196520412 [1]:781506708 [2]:7 [3]:9
[0]:1197654541 [1]:782086764 [2]:7 [3]:10
[0]:1198791450 [1]:782669356 [2]:7 [3]:51
[0]:1199920955 [1]:783253293 [2]:7 [3]:17
[0]:1201076760 [1]:783848678 [2]:7 [3]:52
[0]:1202222722 [1]:784438911 [2]:7 [3]:13
[0]:1203345043 [1]:785015949 [2]:7 [3]:57
[0]:1204432752 [1]:785573784 [2]:7 [3]:54
[0]:1205446077 [1]:786098222 [2]:7 [3]:54
[0]:1206604711 [1]:786693380 [2]:7 [3]:11
[0]:1207856825 [1]:787339302 [2]:7 [3]:9
[0]:1208891459 [1]:787871650 [2]:7 [3]:10
[0]:1209909018 [1]:788398545 [2]:7 [3]:56
[0]:1210898763 [1]:788906680 [2]:7 [3]:11
[0]:1211919859 [1]:789432204 [2]:7 [3]:18
[0]:1212920129 [1]:789943810 [2]:7 [3]:59
[0]:1213935909 [1]:790460294 [2]:7 [3]:12
[0]:1214953804 [1]:790987157 [2]:7 [3]:53
[0]:1216002457 [1]:791526523 [2]:7 [3]:16
[0]:1217050825 [1]:792063698 [2]:7 [3]:10
[0]:1218097727 [1]:792603164 [2]:7 [3]:14
[0]:1219315676 [1]:793230175 [2]:7 [3]:15
[0]:1220610813 [1]:793892557 [2]:7 [3]:52
[0]:1221873352 [1]:794540409 [2]:7 [3]:16
[0]:1223153660 [1]:795200755 [2]:7 [3]:49
[0]:1224303844 [1]:795789884 [2]:7 [3]:13
[0]:1225498992 [1]:796407153 [2]:7 [3]:11
[0]:1226642325 [1]:796996874 [2]:7 [3]:14
[0]:1227145795 [1]:797255618 [2]:7 [3]:12
[0]:1227145795 [1]:797255618 [2]:7 [3]:12
[0]:1227145795 [1]:797255618 [2]:7 [3]:12
[0]:1227145795 [1]:797255618 [2]:7 [3]:12
[0]:1227145795 [1]:797255618 [2]:7 [3]:12
[0]:1227145795 [1]:797255618 [2]:7 [3]:12
[0]:1227145795 [1]:797255618 [2]:7 [3]:12
[0]:1227145795 [1]:797255618 [2]:7 [3]:12
[0]:1227145795 [1]:797255618 [2]:7 [3]:12
[0]:1227145795 [1]:797255618 [2]:7 [3]:12
