[0]:1038959150 [1]:739884954 [2]:7 [3]:10
[0]:1040099730 [1]:740494631 [2]:7 [3]:48
[0]:1041198453 [1]:741083973 [2]:7 [3]:8
[0]:1042385251 [1]:741714083 [2]:7 [3]:9
[0]:1043522518 [1]:742318675 [2]:7 [3]:14
[0]:1044649762 [1]:742924733 [2]:7 [3]:58
[0]:1045751068 [1]:743512503 [2]:7 [3]:47
[0]:1046874709 [1]:744116757 [2]:7 [3]:53
[0]:1047981584 [1]:744705926 [2]:7 [3]:56
[0]:1049193670 [1]:745357103 [2]:7 [3]:15
[0]:1050483483 [1]:746046747 [2]:7 [3]:51
[0]:1051632461 [1]:746655195 [2]:7 [3]:18
[0]:1052713854 [1]:747231430 [2]:6 [3]:50
[0]:1053839755 [1]:747828564 [2]:7 [3]:23
[0]:1055118682 [1]:748510628 [2]:7 [3]:15
[0]:1056256085 [1]:749118991 [2]:6 [3]:51
[0]:1057396893 [1]:749723738 [2]:7 [3]:13
[0]:1058523051 [1]:750324289 [2]:7 [3]:8
[0]:1059621021 [1]:750912668 [2]:7 [3]:11
[0]:1060742472 [1]:751511059 [2]:7 [3]:11
[0]:1061872289 [1]:752106067 [2]:7 [3]:48
[0]:1063129897 [1]:752775142 [2]:7 [3]:14
[0]:1064218807 [1]:753358936 [2]:7 [3]:11
[0]:1065317932 [1]:753949304 [2]:7 [3]:9
[0]:1066341042 [1]:754494438 [2]:7 [3]:10
[0]:1067361420 [1]:755041868 [2]:7 [3]:12
[0]:1068639619 [1]:755721007 [2]:7 [3]:16
[0]:1069665818 [1]:756272186 [2]:7 [3]:15
[0]:1070657879 [1]:756804366 [2]:7 [3]:9
[0]:1071757162 [1]:757387289 [2]:7 [3]:14
[0]:1072775659 [1]:757930456 [2]:7 [3]:13
[0]:1073761447 [1]:758459208 [2]:7 [3]:7
[0]:1074873051 [1]:759052233 [2]:7 [3]:50
[0]:1076016551 [1]:759665670 [2]:7 [3]:13
[0]:1077113461 [1]:760249868 [2]:7 [3]:11
[0]:1078117033 [1]:760789122 [2]:7 [3]:11
[0]:1079315058 [1]:761431195 [2]:7 [3]:9
[0]:1080578055 [1]:762108753 [2]:7 [3]:52
[0]:1081878009 [1]:762800718 [2]:7 [3]:12
[0]:1082901781 [1]:763348034 [2]:6 [3]:13
[0]:1083917027 [1]:763889935 [2]:6 [3]:15
[0]:1085238169 [1]:764596835 [2]:7 [3]:53
[0]:1086238204 [1]:765130175 [2]:7 [3]:13
[0]:1087239882 [1]:765670263 [2]:7 [3]:52
[0]:1088214941 [1]:766187469 [2]:7 [3]:52
[0]:1089238756 [1]:766734424 [2]:7 [3]:15
[0]:1090257697 [1]:767272479 [2]:7 [3]:50
[0]:1091285194 [1]:767819167 [2]:7 [3]:17
[0]:1092262519 [1]:768337808 [2]:7 [3]:21
[0]:1093298603 [1]:768892031 [2]:7 [3]:56
[0]:1094342536 [1]:769452112 [2]:7 [3]:9
[0]:1095406794 [1]:770022922 [2]:7 [3]:52
[0]:1096574826 [1]:770642739 [2]:7 [3]:13
[0]:1097787514 [1]:771286452 [2]:6 [3]:15
[0]:1099067990 [1]:771965486 [2]:7 [3]:14
[0]:1100237551 [1]:772589110 [2]:7 [3]:14
[0]:1101362503 [1]:773187099 [2]:7 [3]:12
[0]:1102520861 [1]:773807292 [2]:7 [3]:53
[0]:1103639741 [1]:774410313 [2]:7 [3]:12
[0]:1104768381 [1]:775013579 [2]:6 [3]:14
[0]:1105937504 [1]:775636924 [2]:7 [3]:9
[0]:1107043401 [1]:776224763 [2]:7 [3]:3
[0]:1108167582 [1]:776826115 [2]:6 [3]:16
[0]:1109267087 [1]:777416164 [2]:7 [3]:7
[0]:1110334668 [1]:777987537 [2]:7 [3]:12
[0]:1111465248 [1]:778591484 [2]:7 [3]:13
[0]:1112564892 [1]:779175711 [2]:7 [3]:13
[0]:1113614379 [1]:779737914 [2]:7 [3]:9
[0]:1114764171 [1]:780353098 [2]:7 [3]:11
[0]:1115872395 [1]:780941798 [2]:7 [3]:23
[0]:1117007208 [1]:781549218 [2]:7 [3]:11
[0]:1118097808 [1]:782129843 [2]:7 [3]:14
[0]:1119350401 [1]:782798197 [2]:7 [3]:13
[0]:1120450871 [1]:783385816 [2]:7 [3]:15
[0]:1121608408 [1]:784003147 [2]:7 [3]:11
[0]:1122586769 [1]:784526317 [2]:7 [3]:10
[0]:1123591502 [1]:785066310 [2]:7 [3]:10
[0]:1124764273 [1]:785690825 [2]:7 [3]:12
[0]:1125736211 [1]:786215495 [2]:7 [3]:58
[0]:1126739969 [1]:786747798 [2]:6 [3]:49
[0]:1127718923 [1]:787271957 [2]:6 [3]:10
[0]:1128793603 [1]:787843811 [2]:6 [3]:11
[0]:1129802591 [1]:788379013 [2]:6 [3]:11
[0]:1130793085 [1]:788909711 [2]:7 [3]:9
[0]:1131783913 [1]:789439688 [2]:7 [3]:11
[0]:1132782978 [1]:789970778 [2]:7 [3]:14
[0]:1133799065 [1]:790512148 [2]:7 [3]:16
[0]:1134792319 [1]:791047234 [2]:7 [3]:58
[0]:1136001182 [1]:791697305 [2]:7 [3]:50
[0]:1137299578 [1]:792390978 [2]:7 [3]:13
[0]:1138337274 [1]:792944718 [2]:7 [3]:12
[0]:1139383745 [1]:793498131 [2]:6 [3]:55
[0]:1140402037 [1]:794043345 [2]:7 [3]:14
[0]:1141445534 [1]:794601806 [2]:7 [3]:12
[0]:1142455699 [1]:795139074 [2]:7 [3]:14
[0]:1143489259 [1]:795689352 [2]:7 [3]:10
[0]:1144646378 [1]:796303134 [2]:7 [3]:12
[0]:1145640057 [1]:796836196 [2]:7 [3]:51
[0]:1146726627 [1]:797420986 [2]:7 [3]:8
[0]:1147704777 [1]:797947423 [2]:7 [3]:49
[0]:1148704022 [1]:798480458 [2]:7 [3]:14
[0]:1149684255 [1]:799003440 [2]:7 [3]:12
[0]:1150712075 [1]:799556552 [2]:7 [3]:9
[0]:1151770471 [1]:800119901 [2]:7 [3]:11
[0]:1152977531 [1]:800764955 [2]:7 [3]:10
[0]:1154162683 [1]:801395360 [2]:7 [3]:10
[0]:1155380823 [1]:802041297 [2]:7 [3]:11
[0]:1156596358 [1]:802687464 [2]:7 [3]:29
[0]:1157669577 [1]:803259154 [2]:7 [3]:56
[0]:1158841124 [1]:803881988 [2]:7 [3]:50
[0]:1159981298 [1]:804494028 [2]:7 [3]:13
[0]:1161093865 [1]:805091136 [2]:7 [3]:18
[0]:1162223578 [1]:805692521 [2]:7 [3]:11
[0]:1163346435 [1]:806289683 [2]:7 [3]:12
[0]:1164500905 [1]:806912262 [2]:7 [3]:15
[0]:1165622778 [1]:807505618 [2]:7 [3]:12
[0]:1166778257 [1]:808119605 [2]:7 [3]:54
[0]:1167929120 [1]:808742195 [2]:7 [3]:7
[0]:1169072592 [1]:809352935 [2]:7 [3]:19
[0]:1170201226 [1]:809954178 [2]:7 [3]:14
[0]:1171353774 [1]:810566246 [2]:7 [3]:22
[0]:1172502689 [1]:811178408 [2]:7 [3]:56
[0]:1173652049 [1]:811791360 [2]:6 [3]:16
[0]:1174748807 [1]:812379135 [2]:7 [3]:9
[0]:1175939774 [1]:813014499 [2]:7 [3]:14
[0]:1177045610 [1]:813606590 [2]:7 [3]:29
[0]:1178095884 [1]:814167690 [2]:7 [3]:12
[0]:1179087819 [1]:814704754 [2]:6 [3]:12
[0]:1180093354 [1]:815245773 [2]:7 [3]:16
[0]:1181282100 [1]:815878296 [2]:6 [3]:58
[0]:1182306221 [1]:816425760 [2]:7 [3]:11
[0]:1183653735 [1]:817143589 [2]:7 [3]:59
[0]:1184711685 [1]:817712728 [2]:7 [3]:12
[0]:1185959949 [1]:818377926 [2]:7 [3]:14
[0]:1187014241 [1]:818941262 [2]:6 [3]:53
[0]:1188090509 [1]:819512603 [2]:7 [3]:17
[0]:1189084177 [1]:820047268 [2]:7 [3]:12
[0]:1190122087 [1]:820597139 [2]:7 [3]:11
[0]:1191123641 [1]:821131575 [2]:7 [3]:52
[0]:1192295731 [1]:821757480 [2]:6 [3]:57
[0]:1193525503 [1]:822409220 [2]:7 [3]:10
[0]:1194912102 [1]:823157020 [2]:7 [3]:54
[0]:1195962533 [1]:823716525 [2]:7 [3]:53
[0]:1197192925 [1]:824372037 [2]:7 [3]:12
[0]:1198170698 [1]:824898776 [2]:7 [3]:54
[0]:1199526581 [1]:825626576 [2]:7 [3]:54
[0]:1200528814 [1]:826160859 [2]:6 [3]:8
[0]:1201549081 [1]:826706924 [2]:6 [3]:57
[0]:1202541273 [1]:827233988 [2]:6 [3]:14
[0]:1203558224 [1]:827773501 [2]:7 [3]:13
[0]:1204600215 [1]:828327234 [2]:7 [3]:14
[0]:1205661277 [1]:828896759 [2]:7 [3]:13
[0]:1206674981 [1]:829440476 [2]:7 [3]:54
[0]:1207671004 [1]:829970758 [2]:7 [3]:52
[0]:1208608163 [1]:830470706 [2]:7 [3]:54
[0]:1208608163 [1]:830470706 [2]:7 [3]:54
[0]:1208608163 [1]:830470706 [2]:7 [3]:54
[0]:1208608163 [1]:830470706 [2]:7 [3]:54
[0]:1208608163 [1]:830470706 [2]:7 [3]:54
[0]:1208608163 [1]:830470706 [2]:7 [3]:54
[0]:1208608163 [1]:830470706 [2]:7 [3]:54
[0]:1208608163 [1]:830470706 [2]:7 [3]:54
[0]:1208608163 [1]:830470706 [2]:7 [3]:54
