[0]:872174951 [1]:522426672 [2]:7 [3]:19
[0]:873415076 [1]:523529313 [2]:7 [3]:58
[0]:874691062 [1]:524658510 [2]:7 [3]:61
[0]:875918255 [1]:525744619 [2]:7 [3]:57
[0]:877158949 [1]:526839165 [2]:7 [3]:9
[0]:878495183 [1]:528028192 [2]:7 [3]:55
[0]:879672127 [1]:529070227 [2]:7 [3]:20
[0]:880817681 [1]:530079123 [2]:7 [3]:57
[0]:881899330 [1]:531044165 [2]:7 [3]:17
[0]:882977473 [1]:532000361 [2]:7 [3]:17
[0]:884084518 [1]:532977786 [2]:7 [3]:17
[0]:885178676 [1]:533952273 [2]:7 [3]:20
[0]:886275389 [1]:534924188 [2]:7 [3]:17
[0]:887672812 [1]:536162240 [2]:7 [3]:52
[0]:888741711 [1]:537107682 [2]:7 [3]:14
[0]:889852214 [1]:538093968 [2]:7 [3]:13
[0]:890942935 [1]:539060721 [2]:7 [3]:18
[0]:892039427 [1]:540028911 [2]:7 [3]:17
[0]:893425576 [1]:541255818 [2]:7 [3]:16
[0]:894471224 [1]:542186159 [2]:7 [3]:11
[0]:895767535 [1]:543333279 [2]:7 [3]:61
[0]:897132423 [1]:544545295 [2]:7 [3]:19
[0]:898418076 [1]:545683329 [2]:7 [3]:54
[0]:899529361 [1]:546669811 [2]:7 [3]:13
[0]:900634234 [1]:547638994 [2]:7 [3]:53
[0]:901731611 [1]:548615872 [2]:7 [3]:23
[0]:902844214 [1]:549604233 [2]:7 [3]:13
[0]:903933240 [1]:550569705 [2]:7 [3]:21
[0]:905082482 [1]:551590868 [2]:7 [3]:21
[0]:906208332 [1]:552585400 [2]:7 [3]:19
[0]:907273865 [1]:553533019 [2]:7 [3]:57
[0]:908386371 [1]:554517773 [2]:7 [3]:53
[0]:909696792 [1]:555682605 [2]:7 [3]:17
[0]:910799255 [1]:556650031 [2]:7 [3]:14
[0]:911944647 [1]:557663217 [2]:7 [3]:61
[0]:913058401 [1]:558645692 [2]:7 [3]:15
[0]:914775879 [1]:560176226 [2]:7 [3]:15
[0]:916084885 [1]:561333333 [2]:7 [3]:14
[0]:917477438 [1]:562577313 [2]:7 [3]:20
[0]:918884632 [1]:563821580 [2]:7 [3]:19
[0]:920190145 [1]:564976206 [2]:7 [3]:54
[0]:921628556 [1]:566257299 [2]:7 [3]:23
[0]:922851018 [1]:567332725 [2]:7 [3]:18
[0]:924061169 [1]:568404280 [2]:7 [3]:15
[0]:925342757 [1]:569539892 [2]:7 [3]:15
[0]:926576340 [1]:570635638 [2]:7 [3]:16
[0]:927843250 [1]:571751127 [2]:7 [3]:15
[0]:929052372 [1]:572827033 [2]:7 [3]:15
[0]:930251535 [1]:573890426 [2]:7 [3]:17
[0]:931462465 [1]:574963799 [2]:7 [3]:19
[0]:932694435 [1]:576060075 [2]:7 [3]:17
[0]:933867280 [1]:577096747 [2]:7 [3]:17
[0]:935187225 [1]:578268091 [2]:7 [3]:15
[0]:936435588 [1]:579368910 [2]:7 [3]:20
[0]:937653575 [1]:580455696 [2]:7 [3]:14
[0]:938930388 [1]:581589354 [2]:7 [3]:18
[0]:940188383 [1]:582701983 [2]:7 [3]:14
[0]:941451502 [1]:583821321 [2]:7 [3]:19
[0]:942531332 [1]:584782854 [2]:7 [3]:19
[0]:943653040 [1]:585774432 [2]:7 [3]:12
[0]:944719047 [1]:586716982 [2]:7 [3]:57
[0]:945892893 [1]:587759853 [2]:7 [3]:22
[0]:947063271 [1]:588802001 [2]:7 [3]:16
[0]:948296213 [1]:589896275 [2]:7 [3]:19
[0]:949756810 [1]:591188911 [2]:7 [3]:15
[0]:951100786 [1]:592378659 [2]:7 [3]:15
[0]:952381984 [1]:593508159 [2]:7 [3]:13
[0]:953461328 [1]:594463864 [2]:7 [3]:56
[0]:954475198 [1]:595357584 [2]:7 [3]:13
[0]:955691382 [1]:596438481 [2]:7 [3]:18
[0]:956920796 [1]:597528105 [2]:7 [3]:19
[0]:958370004 [1]:598805179 [2]:7 [3]:15
[0]:959822328 [1]:600088799 [2]:7 [3]:22
[0]:961181619 [1]:601293828 [2]:7 [3]:17
[0]:962336595 [1]:602319171 [2]:7 [3]:20
[0]:963479358 [1]:603336316 [2]:7 [3]:54
[0]:964617171 [1]:604344072 [2]:7 [3]:53
[0]:965803583 [1]:605395893 [2]:7 [3]:14
[0]:966994701 [1]:606450941 [2]:7 [3]:19
