[0]:106606746 [1]:18786220 [2]:147 [3]:366
[0]:106859724 [1]:18823801 [2]:147 [3]:370
[0]:107074667 [1]:18855796 [2]:147 [3]:364
[0]:107281517 [1]:18886430 [2]:147 [3]:366
[0]:107517833 [1]:18921530 [2]:147 [3]:82
[0]:107733223 [1]:18953472 [2]:147 [3]:360
[0]:107939577 [1]:18984045 [2]:147 [3]:368
[0]:108161085 [1]:19016904 [2]:147 [3]:369
[0]:108374987 [1]:19048501 [2]:147 [3]:367
[0]:108586446 [1]:19079850 [2]:148 [3]:368
[0]:108798773 [1]:19111285 [2]:148 [3]:83
[0]:109035318 [1]:19146318 [2]:148 [3]:367
[0]:109236389 [1]:19176067 [2]:148 [3]:368
[0]:109441223 [1]:19206429 [2]:148 [3]:368
[0]:109645275 [1]:19236693 [2]:148 [3]:358
[0]:109852770 [1]:19267475 [2]:148 [3]:370
[0]:110056012 [1]:19297655 [2]:148 [3]:368
[0]:110264029 [1]:19328533 [2]:148 [3]:71
[0]:110497492 [1]:19363210 [2]:148 [3]:366
[0]:110713637 [1]:19395353 [2]:148 [3]:370
[0]:110922749 [1]:19426576 [2]:148 [3]:368
[0]:111131923 [1]:19457538 [2]:148 [3]:371
[0]:111340830 [1]:19488458 [2]:148 [3]:371
[0]:111544855 [1]:19518709 [2]:148 [3]:364
[0]:111751787 [1]:19549393 [2]:148 [3]:369
[0]:111959450 [1]:19580276 [2]:148 [3]:362
[0]:112188142 [1]:19614103 [2]:148 [3]:367
[0]:112412758 [1]:19647511 [2]:148 [3]:361
[0]:112610401 [1]:19676918 [2]:148 [3]:85
[0]:112821146 [1]:19708222 [2]:148 [3]:361
[0]:113062680 [1]:19744091 [2]:148 [3]:365
[0]:113291455 [1]:19777972 [2]:148 [3]:360
[0]:113504340 [1]:19809612 [2]:148 [3]:354
[0]:113724700 [1]:19842311 [2]:148 [3]:369
[0]:113938357 [1]:19874030 [2]:148 [3]:360
[0]:114141036 [1]:19904061 [2]:148 [3]:368
[0]:114371101 [1]:19938266 [2]:148 [3]:371
[0]:114594345 [1]:19971498 [2]:148 [3]:81
[0]:114810299 [1]:20003613 [2]:148 [3]:368
[0]:115017800 [1]:20034556 [2]:148 [3]:93
[0]:115226108 [1]:20065529 [2]:148 [3]:366
[0]:115438831 [1]:20097115 [2]:148 [3]:360
[0]:115651573 [1]:20128778 [2]:148 [3]:371
[0]:115857911 [1]:20159429 [2]:148 [3]:364
[0]:116056292 [1]:20188855 [2]:148 [3]:360
[0]:116270307 [1]:20220602 [2]:148 [3]:367
[0]:116479249 [1]:20251567 [2]:148 [3]:360
[0]:116684934 [1]:20282170 [2]:148 [3]:358
[0]:116881965 [1]:20311405 [2]:148 [3]:369
[0]:117101939 [1]:20344068 [2]:148 [3]:355
[0]:117334437 [1]:20378505 [2]:148 [3]:79
[0]:117540031 [1]:20409007 [2]:148 [3]:355
[0]:117799288 [1]:20447452 [2]:148 [3]:364
[0]:118047326 [1]:20484284 [2]:148 [3]:364
[0]:118321421 [1]:20524950 [2]:148 [3]:356
[0]:118530645 [1]:20555967 [2]:148 [3]:366
[0]:118744998 [1]:20587848 [2]:148 [3]:367
[0]:118961751 [1]:20620013 [2]:148 [3]:360
[0]:119166860 [1]:20650381 [2]:148 [3]:367
[0]:119375728 [1]:20681417 [2]:148 [3]:366
[0]:119588559 [1]:20712904 [2]:148 [3]:362
[0]:119797462 [1]:20743910 [2]:148 [3]:79
[0]:119998417 [1]:20773716 [2]:148 [3]:358
[0]:120209901 [1]:20805127 [2]:148 [3]:356
[0]:120416149 [1]:20835673 [2]:148 [3]:371
[0]:120628922 [1]:20867366 [2]:148 [3]:364
[0]:120887844 [1]:20905814 [2]:148 [3]:72
[0]:121086202 [1]:20935248 [2]:148 [3]:80
[0]:121294857 [1]:20966378 [2]:148 [3]:364
[0]:121495714 [1]:20996167 [2]:148 [3]:367
[0]:121702833 [1]:21026916 [2]:148 [3]:363
[0]:121909566 [1]:21057650 [2]:148 [3]:365
[0]:122108509 [1]:21087242 [2]:148 [3]:364
[0]:122314792 [1]:21117831 [2]:148 [3]:81
