[0]:0 [1]:0 [2]:0 [3]:0
[0]:0 [1]:0 [2]:0 [3]:0
[0]:175171 [1]:0 [2]:0 [3]:64
[0]:401749 [1]:0 [2]:0 [3]:76
[0]:631347 [1]:0 [2]:0 [3]:313
[0]:940981 [1]:0 [2]:0 [3]:308
[0]:1182202 [1]:0 [2]:0 [3]:308
[0]:1400192 [1]:0 [2]:0 [3]:311
[0]:1634180 [1]:0 [2]:0 [3]:65
[0]:1866524 [1]:0 [2]:0 [3]:75
[0]:2095593 [1]:0 [2]:0 [3]:55
[0]:2314002 [1]:0 [2]:0 [3]:93
[0]:2546390 [1]:0 [2]:0 [3]:59
[0]:2773628 [1]:0 [2]:0 [3]:316
[0]:2998266 [1]:0 [2]:0 [3]:51
[0]:3230756 [1]:0 [2]:0 [3]:309
[0]:3453481 [1]:0 [2]:0 [3]:64
[0]:3687388 [1]:0 [2]:0 [3]:72
[0]:3910464 [1]:0 [2]:0 [3]:46
[0]:4151546 [1]:0 [2]:0 [3]:74
[0]:4351896 [1]:17623 [2]:119 [3]:75
[0]:4550583 [1]:40035 [2]:119 [3]:365
[0]:4745342 [1]:61998 [2]:119 [3]:54
[0]:4939763 [1]:84037 [2]:119 [3]:68
[0]:5145587 [1]:107409 [2]:119 [3]:66
[0]:5343919 [1]:129804 [2]:119 [3]:70
[0]:5599001 [1]:158554 [2]:119 [3]:61
[0]:5793484 [1]:180496 [2]:119 [3]:355
[0]:5984453 [1]:202035 [2]:119 [3]:65
[0]:6192964 [1]:225509 [2]:119 [3]:60
[0]:6387988 [1]:247540 [2]:119 [3]:358
[0]:6583846 [1]:269492 [2]:119 [3]:53
[0]:6782276 [1]:291858 [2]:119 [3]:358
[0]:6981535 [1]:314377 [2]:119 [3]:64
[0]:7173491 [1]:335948 [2]:119 [3]:68
[0]:7370240 [1]:358212 [2]:119 [3]:356
[0]:7574404 [1]:381273 [2]:119 [3]:67
[0]:7766952 [1]:403004 [2]:119 [3]:359
[0]:7960923 [1]:424852 [2]:119 [3]:368
[0]:8161866 [1]:447476 [2]:119 [3]:367
[0]:8354137 [1]:469233 [2]:119 [3]:63
[0]:8592049 [1]:496146 [2]:119 [3]:359
[0]:8794762 [1]:519013 [2]:119 [3]:59
[0]:9022975 [1]:544648 [2]:119 [3]:365
[0]:9219815 [1]:566805 [2]:119 [3]:79
[0]:9418622 [1]:589274 [2]:119 [3]:79
[0]:9608052 [1]:610831 [2]:119 [3]:373
[0]:9796982 [1]:632329 [2]:119 [3]:66
[0]:9986142 [1]:653732 [2]:119 [3]:63
[0]:10188736 [1]:676825 [2]:119 [3]:362
[0]:10390987 [1]:699731 [2]:114 [3]:65
[0]:10593228 [1]:722588 [2]:114 [3]:65
[0]:10799112 [1]:745893 [2]:114 [3]:57
[0]:10997757 [1]:768232 [2]:114 [3]:367
[0]:11207458 [1]:791882 [2]:114 [3]:363
[0]:11405741 [1]:814340 [2]:114 [3]:78
[0]:11592889 [1]:835548 [2]:114 [3]:372
[0]:11789765 [1]:857899 [2]:114 [3]:82
[0]:11981805 [1]:879904 [2]:114 [3]:73
[0]:12176530 [1]:901811 [2]:114 [3]:58
[0]:12372416 [1]:923879 [2]:114 [3]:62
[0]:12577285 [1]:946947 [2]:114 [3]:361
[0]:12763938 [1]:967987 [2]:114 [3]:70
[0]:12962844 [1]:990611 [2]:114 [3]:362
[0]:13157562 [1]:1012463 [2]:114 [3]:362
[0]:13356026 [1]:1034896 [2]:114 [3]:65
[0]:13621119 [1]:1064735 [2]:114 [3]:186
[0]:13821417 [1]:1087393 [2]:114 [3]:56
[0]:14018986 [1]:1109671 [2]:114 [3]:360
[0]:14221180 [1]:1132452 [2]:114 [3]:68
[0]:14418273 [1]:1154610 [2]:114 [3]:64
[0]:14618195 [1]:1177173 [2]:114 [3]:374
[0]:14816009 [1]:1199434 [2]:114 [3]:63
[0]:15011521 [1]:1221417 [2]:114 [3]:64
[0]:15213809 [1]:1244298 [2]:114 [3]:58
[0]:15415826 [1]:1267206 [2]:114 [3]:366
[0]:15618765 [1]:1289999 [2]:114 [3]:369
[0]:15856643 [1]:1316977 [2]:114 [3]:359
[0]:16059850 [1]:1340064 [2]:114 [3]:89
[0]:16269061 [1]:1363971 [2]:114 [3]:363
[0]:16457331 [1]:1385226 [2]:109 [3]:57
[0]:16679699 [1]:1410298 [2]:109 [3]:74
[0]:16895790 [1]:1434640 [2]:109 [3]:65
[0]:17092544 [1]:1456997 [2]:109 [3]:69
[0]:17287021 [1]:1478916 [2]:109 [3]:68
[0]:17485751 [1]:1501328 [2]:109 [3]:74
[0]:17676693 [1]:1522994 [2]:109 [3]:359
[0]:17867598 [1]:1544566 [2]:109 [3]:59
[0]:18066178 [1]:1566959 [2]:109 [3]:55
[0]:18260944 [1]:1588820 [2]:109 [3]:77
[0]:18469833 [1]:1612368 [2]:109 [3]:72
[0]:18675945 [1]:1635550 [2]:109 [3]:356
[0]:18867910 [1]:1657177 [2]:109 [3]:361
[0]:19069241 [1]:1680013 [2]:109 [3]:363
[0]:19264566 [1]:1701875 [2]:109 [3]:79
[0]:19454693 [1]:1723365 [2]:109 [3]:70
[0]:19653837 [1]:1746069 [2]:109 [3]:363
[0]:19843334 [1]:1767323 [2]:109 [3]:80
[0]:20035639 [1]:1788948 [2]:109 [3]:359
[0]:20227817 [1]:1810651 [2]:109 [3]:364
[0]:20429095 [1]:1833372 [2]:109 [3]:67
[0]:20626635 [1]:1855736 [2]:109 [3]:57
[0]:20823810 [1]:1878005 [2]:109 [3]:370
[0]:21049776 [1]:1903525 [2]:109 [3]:362
[0]:21236913 [1]:1924471 [2]:109 [3]:374
[0]:21422255 [1]:1945458 [2]:109 [3]:80
[0]:21616084 [1]:1967255 [2]:109 [3]:61
[0]:21814634 [1]:1989579 [2]:109 [3]:359
[0]:22031665 [1]:2013966 [2]:109 [3]:372
[0]:22222971 [1]:2035434 [2]:109 [3]:368
[0]:22417487 [1]:2057529 [2]:109 [3]:68
[0]:22630340 [1]:2081539 [2]:105 [3]:62
[0]:22825856 [1]:2103494 [2]:105 [3]:359
[0]:23023905 [1]:2126137 [2]:105 [3]:352
[0]:23220525 [1]:2148285 [2]:105 [3]:70
[0]:23426176 [1]:2171638 [2]:105 [3]:73
[0]:23612303 [1]:2192576 [2]:105 [3]:374
[0]:23813878 [1]:2215566 [2]:105 [3]:74
[0]:24008495 [1]:2237592 [2]:105 [3]:370
[0]:24203218 [1]:2259485 [2]:105 [3]:65
[0]:24401448 [1]:2281832 [2]:105 [3]:361
[0]:24593339 [1]:2303385 [2]:105 [3]:67
[0]:24783889 [1]:2324806 [2]:105 [3]:56
[0]:25001051 [1]:2349264 [2]:105 [3]:361
[0]:25197526 [1]:2371474 [2]:105 [3]:59
[0]:25394224 [1]:2393600 [2]:105 [3]:360
[0]:25588960 [1]:2415534 [2]:105 [3]:356
[0]:25780147 [1]:2437035 [2]:105 [3]:63
[0]:25978604 [1]:2459339 [2]:105 [3]:369
[0]:26173349 [1]:2481263 [2]:105 [3]:57
[0]:26371650 [1]:2503635 [2]:105 [3]:356
[0]:26571760 [1]:2526082 [2]:105 [3]:359
[0]:26765255 [1]:2547929 [2]:105 [3]:64
[0]:26958723 [1]:2569704 [2]:105 [3]:362
[0]:27161849 [1]:2592597 [2]:105 [3]:367
[0]:27357299 [1]:2614659 [2]:105 [3]:60
[0]:27550777 [1]:2636381 [2]:105 [3]:55
[0]:27746611 [1]:2658487 [2]:105 [3]:360
