[0]:115286939 [1]:13728091 [2]:97 [3]:359
[0]:115481295 [1]:13761564 [2]:97 [3]:66
[0]:115675561 [1]:13794911 [2]:97 [3]:365
[0]:115877250 [1]:13829547 [2]:97 [3]:67
[0]:116075237 [1]:13863601 [2]:97 [3]:64
[0]:116287640 [1]:13900086 [2]:97 [3]:67
[0]:116488162 [1]:13934415 [2]:97 [3]:59
[0]:116684259 [1]:13968190 [2]:97 [3]:78
[0]:116886532 [1]:14002959 [2]:97 [3]:365
[0]:117087876 [1]:14037597 [2]:97 [3]:366
[0]:117282215 [1]:14071014 [2]:97 [3]:362
[0]:117480195 [1]:14105139 [2]:97 [3]:359
[0]:117677712 [1]:14139032 [2]:97 [3]:61
[0]:117872530 [1]:14172460 [2]:97 [3]:53
[0]:118073320 [1]:14207068 [2]:97 [3]:364
[0]:118279113 [1]:14242581 [2]:97 [3]:359
[0]:118477472 [1]:14276741 [2]:97 [3]:364
[0]:118768766 [1]:14326820 [2]:97 [3]:59
[0]:118996680 [1]:14366068 [2]:97 [3]:60
[0]:119202222 [1]:14401480 [2]:97 [3]:356
[0]:119400209 [1]:14435519 [2]:97 [3]:369
[0]:119590822 [1]:14468257 [2]:97 [3]:358
[0]:119874148 [1]:14517194 [2]:97 [3]:61
[0]:120068956 [1]:14550635 [2]:97 [3]:364
[0]:120304459 [1]:14590988 [2]:97 [3]:66
[0]:120498748 [1]:14624392 [2]:97 [3]:61
[0]:120696577 [1]:14658460 [2]:97 [3]:70
[0]:120898312 [1]:14693230 [2]:97 [3]:55
[0]:121100081 [1]:14727962 [2]:97 [3]:360
[0]:121296069 [1]:14761776 [2]:97 [3]:370
[0]:121495698 [1]:14795973 [2]:97 [3]:349
[0]:121688073 [1]:14829047 [2]:97 [3]:363
[0]:121880821 [1]:14862429 [2]:97 [3]:58
[0]:122075496 [1]:14895922 [2]:97 [3]:356
[0]:122269323 [1]:14929254 [2]:97 [3]:60
[0]:122454342 [1]:14960957 [2]:97 [3]:359
[0]:122639246 [1]:14992766 [2]:97 [3]:367
[0]:122833504 [1]:15026213 [2]:97 [3]:362
[0]:123034656 [1]:15060730 [2]:97 [3]:356
[0]:123278085 [1]:15102662 [2]:97 [3]:357
[0]:123494778 [1]:15140098 [2]:97 [3]:359
[0]:123693232 [1]:15174259 [2]:97 [3]:362
[0]:123884128 [1]:15207099 [2]:97 [3]:366
[0]:124080255 [1]:15240697 [2]:97 [3]:357
[0]:124271886 [1]:15273575 [2]:97 [3]:351
[0]:124477532 [1]:15308803 [2]:97 [3]:357
[0]:124671580 [1]:15342373 [2]:97 [3]:360
[0]:124865325 [1]:15375790 [2]:97 [3]:365
[0]:125067281 [1]:15410619 [2]:97 [3]:58
[0]:125257734 [1]:15443384 [2]:97 [3]:377
[0]:125455795 [1]:15477561 [2]:97 [3]:59
[0]:125656261 [1]:15512093 [2]:97 [3]:50
[0]:125859456 [1]:15546992 [2]:97 [3]:368
[0]:126048141 [1]:15579361 [2]:97 [3]:365
[0]:126236763 [1]:15611713 [2]:97 [3]:64
[0]:126434899 [1]:15645810 [2]:97 [3]:357
[0]:126634152 [1]:15680093 [2]:97 [3]:360
[0]:126830788 [1]:15713932 [2]:97 [3]:368
[0]:127032531 [1]:15748638 [2]:97 [3]:74
[0]:127232473 [1]:15782936 [2]:97 [3]:361
[0]:127424939 [1]:15816025 [2]:97 [3]:62
[0]:127666478 [1]:15857580 [2]:97 [3]:365
[0]:127858399 [1]:15890535 [2]:97 [3]:357
[0]:128052835 [1]:15923969 [2]:97 [3]:65
[0]:128265635 [1]:15960477 [2]:97 [3]:363
[0]:128466839 [1]:15995020 [2]:97 [3]:71
[0]:128676677 [1]:16031134 [2]:97 [3]:66
[0]:128874834 [1]:16065070 [2]:97 [3]:60
[0]:129067124 [1]:16098095 [2]:97 [3]:60
[0]:129270821 [1]:16133068 [2]:97 [3]:372
[0]:129464054 [1]:16166354 [2]:97 [3]:360
[0]:129680503 [1]:16203563 [2]:97 [3]:360
[0]:129874657 [1]:16236959 [2]:97 [3]:365
[0]:130062684 [1]:16269360 [2]:97 [3]:67
[0]:130257209 [1]:16302783 [2]:97 [3]:365
[0]:130458915 [1]:16337508 [2]:97 [3]:367
[0]:130654968 [1]:16371297 [2]:97 [3]:367
[0]:130857229 [1]:16406025 [2]:97 [3]:359
[0]:131060537 [1]:16440923 [2]:97 [3]:369
[0]:131264730 [1]:16476223 [2]:97 [3]:373
[0]:131459872 [1]:16509891 [2]:97 [3]:371
[0]:131661715 [1]:16544601 [2]:97 [3]:67
[0]:131859581 [1]:16578707 [2]:97 [3]:372
[0]:132050152 [1]:16611530 [2]:97 [3]:362
[0]:132240603 [1]:16644268 [2]:97 [3]:56
[0]:132429736 [1]:16676786 [2]:97 [3]:375
[0]:132621937 [1]:16709788 [2]:97 [3]:79
[0]:132819942 [1]:16743859 [2]:97 [3]:74
[0]:133036608 [1]:16781071 [2]:97 [3]:350
[0]:133234499 [1]:16815109 [2]:97 [3]:373
[0]:133443676 [1]:16851031 [2]:97 [3]:364
[0]:133634496 [1]:16883690 [2]:97 [3]:64
[0]:133833026 [1]:16917849 [2]:97 [3]:366
[0]:134034140 [1]:16952427 [2]:97 [3]:74
[0]:134250902 [1]:16989613 [2]:97 [3]:361
[0]:134456641 [1]:17024934 [2]:97 [3]:357
[0]:134650581 [1]:17058301 [2]:97 [3]:361
[0]:134848923 [1]:17092374 [2]:97 [3]:67
[0]:135047435 [1]:17126440 [2]:97 [3]:69
[0]:135237232 [1]:17159000 [2]:97 [3]:60
[0]:135456522 [1]:17196533 [2]:97 [3]:63
[0]:135663560 [1]:17232277 [2]:97 [3]:60
[0]:135861227 [1]:17266576 [2]:97 [3]:372
[0]:136085218 [1]:17305220 [2]:97 [3]:359
[0]:136279475 [1]:17338689 [2]:97 [3]:363
[0]:136473782 [1]:17371929 [2]:97 [3]:365
[0]:136671890 [1]:17406096 [2]:97 [3]:349
[0]:136899753 [1]:17445146 [2]:97 [3]:62
[0]:137097942 [1]:17479158 [2]:97 [3]:68
[0]:137292229 [1]:17512507 [2]:97 [3]:74
[0]:137501263 [1]:17548482 [2]:97 [3]:73
[0]:137691857 [1]:17581353 [2]:97 [3]:356
[0]:137889523 [1]:17615385 [2]:97 [3]:369
[0]:138121600 [1]:17655332 [2]:97 [3]:71
[0]:138319470 [1]:17689473 [2]:97 [3]:365
[0]:138545095 [1]:17728375 [2]:97 [3]:70
[0]:138741448 [1]:17762229 [2]:97 [3]:65
[0]:138935789 [1]:17795802 [2]:97 [3]:359
[0]:139156329 [1]:17833578 [2]:97 [3]:363
[0]:139346752 [1]:17866285 [2]:97 [3]:366
[0]:139546565 [1]:17900528 [2]:97 [3]:63
[0]:139755930 [1]:17936528 [2]:97 [3]:371
[0]:139956200 [1]:17970979 [2]:97 [3]:54
[0]:140146343 [1]:18003807 [2]:97 [3]:361
[0]:140356643 [1]:18039965 [2]:97 [3]:61
[0]:140553541 [1]:18073798 [2]:97 [3]:368
[0]:140747866 [1]:18107025 [2]:97 [3]:51
[0]:140944090 [1]:18140719 [2]:97 [3]:360
[0]:141136609 [1]:18173792 [2]:97 [3]:362
[0]:141327008 [1]:18206571 [2]:97 [3]:353
[0]:141521203 [1]:18240038 [2]:97 [3]:362
[0]:141719351 [1]:18274239 [2]:97 [3]:53
[0]:141920603 [1]:18308885 [2]:97 [3]:358
[0]:142116876 [1]:18342429 [2]:97 [3]:368
[0]:142317129 [1]:18376865 [2]:97 [3]:359
[0]:142507746 [1]:18409565 [2]:97 [3]:370
[0]:142728287 [1]:18447363 [2]:97 [3]:360
[0]:142922559 [1]:18480780 [2]:97 [3]:361
[0]:143117723 [1]:18514344 [2]:97 [3]:363
