[0]:0 [1]:0 [2]:0 [3]:0
[0]:90531 [1]:0 [2]:0 [3]:64
[0]:320673 [1]:0 [2]:0 [3]:320
[0]:552500 [1]:0 [2]:0 [3]:324
[0]:780633 [1]:0 [2]:0 [3]:57
[0]:1048250 [1]:0 [2]:0 [3]:69
[0]:1262724 [1]:21814 [2]:121 [3]:65
[0]:1488090 [1]:45029 [2]:121 [3]:390
[0]:1683255 [1]:64864 [2]:121 [3]:360
[0]:1882489 [1]:85117 [2]:121 [3]:371
[0]:2084455 [1]:105653 [2]:121 [3]:369
[0]:2299225 [1]:127405 [2]:121 [3]:66
[0]:2506600 [1]:148296 [2]:121 [3]:71
[0]:2715325 [1]:169570 [2]:78 [3]:367
[0]:2921191 [1]:201270 [2]:78 [3]:58
[0]:3122841 [1]:232417 [2]:78 [3]:72
[0]:3318491 [1]:262603 [2]:78 [3]:80
[0]:3525604 [1]:294498 [2]:78 [3]:359
[0]:3722514 [1]:324942 [2]:78 [3]:55
[0]:3923789 [1]:355949 [2]:78 [3]:359
[0]:4132094 [1]:388052 [2]:78 [3]:369
[0]:4335902 [1]:419500 [2]:78 [3]:367
[0]:4531266 [1]:449604 [2]:78 [3]:363
[0]:4737702 [1]:481544 [2]:97 [3]:363
[0]:4935515 [1]:512134 [2]:97 [3]:365
[0]:5160819 [1]:547083 [2]:97 [3]:66
[0]:5434751 [1]:589280 [2]:97 [3]:355
[0]:5636732 [1]:620362 [2]:97 [3]:63
[0]:5829575 [1]:650127 [2]:97 [3]:367
[0]:6039525 [1]:682595 [2]:97 [3]:363
[0]:6248299 [1]:714889 [2]:97 [3]:349
[0]:6449765 [1]:745981 [2]:97 [3]:363
[0]:6657154 [1]:777930 [2]:102 [3]:62
[0]:6861596 [1]:809484 [2]:102 [3]:372
[0]:7061580 [1]:840307 [2]:102 [3]:66
[0]:7270559 [1]:872537 [2]:102 [3]:67
[0]:7468097 [1]:903179 [2]:102 [3]:60
[0]:7676524 [1]:935397 [2]:102 [3]:66
[0]:7874966 [1]:965976 [2]:102 [3]:62
[0]:8075998 [1]:997074 [2]:102 [3]:350
[0]:8289013 [1]:1029820 [2]:102 [3]:377
[0]:8497736 [1]:1062000 [2]:102 [3]:369
[0]:8687902 [1]:1091213 [2]:102 [3]:72
[0]:8894556 [1]:1122915 [2]:103 [3]:367
[0]:9089283 [1]:1153145 [2]:103 [3]:372
[0]:9299368 [1]:1185589 [2]:103 [3]:356
[0]:9501208 [1]:1216893 [2]:103 [3]:70
[0]:9702355 [1]:1248056 [2]:103 [3]:367
[0]:9939832 [1]:1284717 [2]:103 [3]:58
[0]:10139886 [1]:1315518 [2]:103 [3]:68
[0]:10340927 [1]:1346357 [2]:103 [3]:369
[0]:10534246 [1]:1376134 [2]:103 [3]:359
[0]:10743710 [1]:1408397 [2]:103 [3]:361
[0]:10948731 [1]:1439964 [2]:103 [3]:57
[0]:11142853 [1]:1469917 [2]:103 [3]:365
[0]:11351557 [1]:1502177 [2]:103 [3]:358
[0]:11552469 [1]:1533253 [2]:103 [3]:357
[0]:11758092 [1]:1565058 [2]:103 [3]:360
[0]:11960253 [1]:1596295 [2]:103 [3]:366
[0]:12148552 [1]:1625249 [2]:103 [3]:372
[0]:12347706 [1]:1655952 [2]:103 [3]:65
[0]:12545307 [1]:1686344 [2]:103 [3]:62
[0]:12747964 [1]:1717617 [2]:103 [3]:356
[0]:12945961 [1]:1748241 [2]:103 [3]:363
[0]:13145918 [1]:1779078 [2]:103 [3]:356
[0]:13347263 [1]:1810277 [2]:103 [3]:360
[0]:13548751 [1]:1841331 [2]:103 [3]:362
[0]:13742097 [1]:1871236 [2]:103 [3]:362
[0]:13936514 [1]:1901221 [2]:103 [3]:355
[0]:14126791 [1]:1930625 [2]:103 [3]:362
[0]:14320879 [1]:1960513 [2]:103 [3]:356
[0]:14520148 [1]:1991623 [2]:103 [3]:79
[0]:14721511 [1]:2022911 [2]:103 [3]:371
[0]:14912519 [1]:2052416 [2]:103 [3]:58
[0]:15106672 [1]:2082323 [2]:103 [3]:357
[0]:15297461 [1]:2111750 [2]:103 [3]:88
[0]:15525605 [1]:2147055 [2]:103 [3]:77
[0]:15738775 [1]:2179731 [2]:103 [3]:352
[0]:15939568 [1]:2210726 [2]:103 [3]:76
[0]:16144691 [1]:2242365 [2]:103 [3]:353
[0]:16346025 [1]:2273358 [2]:103 [3]:60
[0]:16586630 [1]:2310603 [2]:103 [3]:69
[0]:16781016 [1]:2340717 [2]:103 [3]:63
[0]:16983798 [1]:2372060 [2]:103 [3]:358
[0]:17175564 [1]:2401650 [2]:103 [3]:59
[0]:17385589 [1]:2434083 [2]:103 [3]:359
[0]:17587037 [1]:2465212 [2]:103 [3]:370
[0]:17791617 [1]:2496733 [2]:103 [3]:60
[0]:17993277 [1]:2527902 [2]:103 [3]:67
[0]:18194878 [1]:2558939 [2]:103 [3]:69
[0]:18453346 [1]:2599019 [2]:103 [3]:356
[0]:18658610 [1]:2630769 [2]:103 [3]:362
[0]:18859374 [1]:2661788 [2]:103 [3]:357
[0]:19061385 [1]:2692913 [2]:103 [3]:363
[0]:19262697 [1]:2724230 [2]:103 [3]:65
[0]:19467720 [1]:2755957 [2]:103 [3]:59
[0]:19676401 [1]:2788181 [2]:103 [3]:360
[0]:19877912 [1]:2819400 [2]:103 [3]:64
[0]:20075800 [1]:2849839 [2]:103 [3]:66
[0]:20264833 [1]:2878947 [2]:103 [3]:60
[0]:20471015 [1]:2910784 [2]:103 [3]:366
[0]:20665852 [1]:2940835 [2]:103 [3]:363
[0]:20865259 [1]:2971675 [2]:103 [3]:354
[0]:21133241 [1]:3012968 [2]:103 [3]:368
[0]:21331551 [1]:3043492 [2]:103 [3]:363
[0]:21527115 [1]:3073659 [2]:103 [3]:358
[0]:21765913 [1]:3110401 [2]:103 [3]:358
[0]:21963545 [1]:3140954 [2]:103 [3]:361
[0]:22163726 [1]:3171764 [2]:103 [3]:357
[0]:22362750 [1]:3202459 [2]:103 [3]:354
[0]:22574106 [1]:3235130 [2]:103 [3]:68
[0]:22789502 [1]:3268340 [2]:103 [3]:361
[0]:22981992 [1]:3298054 [2]:103 [3]:73
[0]:23194625 [1]:3331042 [2]:103 [3]:365
[0]:23405420 [1]:3363603 [2]:103 [3]:360
[0]:23608480 [1]:3394933 [2]:103 [3]:361
[0]:23800745 [1]:3424552 [2]:103 [3]:63
[0]:23998968 [1]:3455248 [2]:103 [3]:360
[0]:24201827 [1]:3486514 [2]:103 [3]:371
[0]:24406769 [1]:3518158 [2]:103 [3]:63
[0]:24619542 [1]:3550965 [2]:103 [3]:370
[0]:24811831 [1]:3580769 [2]:103 [3]:72
[0]:25012815 [1]:3611765 [2]:103 [3]:367
[0]:25208803 [1]:3642050 [2]:103 [3]:62
[0]:25410230 [1]:3673090 [2]:103 [3]:60
[0]:25618130 [1]:3705050 [2]:103 [3]:368
[0]:25817010 [1]:3735806 [2]:103 [3]:367
[0]:26018553 [1]:3766929 [2]:103 [3]:362
[0]:26222842 [1]:3798530 [2]:103 [3]:359
[0]:26428491 [1]:3830268 [2]:103 [3]:59
[0]:26623750 [1]:3860427 [2]:103 [3]:68
[0]:26827648 [1]:3891893 [2]:103 [3]:358
[0]:27061467 [1]:3927850 [2]:103 [3]:362
[0]:27271361 [1]:3960165 [2]:103 [3]:366
[0]:27510921 [1]:3997099 [2]:103 [3]:365
[0]:27703579 [1]:4026935 [2]:103 [3]:360
[0]:27920880 [1]:4060383 [2]:103 [3]:358
[0]:28153079 [1]:4096202 [2]:103 [3]:358
[0]:28367140 [1]:4129188 [2]:103 [3]:359
[0]:28564247 [1]:4159626 [2]:103 [3]:62
[0]:28810971 [1]:4197779 [2]:103 [3]:63
[0]:29004500 [1]:4227605 [2]:103 [3]:357
[0]:29210083 [1]:4259341 [2]:103 [3]:53
[0]:29422609 [1]:4292185 [2]:103 [3]:357
[0]:29627061 [1]:4323938 [2]:103 [3]:78
[0]:29818984 [1]:4353545 [2]:103 [3]:76
[0]:30019488 [1]:4384458 [2]:103 [3]:362
[0]:30217100 [1]:4414943 [2]:103 [3]:69
[0]:30410962 [1]:4445036 [2]:103 [3]:360
[0]:30631025 [1]:4479069 [2]:103 [3]:364
[0]:30828577 [1]:4509748 [2]:103 [3]:66
[0]:31029891 [1]:4540872 [2]:103 [3]:370
[0]:31231496 [1]:4571963 [2]:104 [3]:368
[0]:31432842 [1]:4603023 [2]:104 [3]:363
[0]:31634083 [1]:4634031 [2]:104 [3]:71
[0]:31830053 [1]:4664298 [2]:104 [3]:68
[0]:32037126 [1]:4696339 [2]:104 [3]:366
[0]:32234700 [1]:4726950 [2]:104 [3]:64
[0]:32432470 [1]:4757439 [2]:104 [3]:364
[0]:32626394 [1]:4787351 [2]:104 [3]:363
[0]:32831576 [1]:4819110 [2]:104 [3]:355
[0]:33032998 [1]:4850160 [2]:104 [3]:64
[0]:33231018 [1]:4880699 [2]:103 [3]:365
[0]:33447421 [1]:4914061 [2]:103 [3]:371
[0]:33649793 [1]:4945326 [2]:103 [3]:361
[0]:33840782 [1]:4974707 [2]:103 [3]:360
[0]:34036463 [1]:5004906 [2]:103 [3]:60
[0]:34226874 [1]:5034279 [2]:103 [3]:354
[0]:34436228 [1]:5066648 [2]:103 [3]:56
[0]:34633093 [1]:5097314 [2]:103 [3]:368
[0]:34826899 [1]:5127517 [2]:103 [3]:359
[0]:35020791 [1]:5157455 [2]:103 [3]:364
[0]:35214839 [1]:5187337 [2]:103 [3]:356
[0]:35412523 [1]:5217902 [2]:103 [3]:64
[0]:35628174 [1]:5251065 [2]:103 [3]:361
[0]:35828793 [1]:5281954 [2]:103 [3]:58
[0]:36016957 [1]:5310994 [2]:103 [3]:57
[0]:36210856 [1]:5340943 [2]:103 [3]:364
[0]:36412098 [1]:5372031 [2]:103 [3]:360
[0]:36606910 [1]:5402020 [2]:103 [3]:67
[0]:36807745 [1]:5433071 [2]:103 [3]:63
[0]:37009325 [1]:5464036 [2]:103 [3]:56
[0]:37205137 [1]:5494513 [2]:103 [3]:66
[0]:37408150 [1]:5525893 [2]:103 [3]:365
[0]:37610773 [1]:5557313 [2]:103 [3]:368
[0]:37799666 [1]:5586510 [2]:103 [3]:67
[0]:37999582 [1]:5617313 [2]:103 [3]:362
[0]:38215671 [1]:5650638 [2]:103 [3]:62
[0]:38412819 [1]:5681141 [2]:103 [3]:362
[0]:38609072 [1]:5711557 [2]:103 [3]:54
[0]:38821680 [1]:5744419 [2]:103 [3]:362
[0]:39019340 [1]:5775032 [2]:103 [3]:361
[0]:39246749 [1]:5810219 [2]:103 [3]:352
[0]:39438372 [1]:5839770 [2]:103 [3]:356
[0]:39641212 [1]:5871162 [2]:103 [3]:87
[0]:39895709 [1]:5910473 [2]:103 [3]:363
[0]:40089847 [1]:5940366 [2]:103 [3]:365
[0]:40284654 [1]:5970386 [2]:103 [3]:363
[0]:40519484 [1]:6006604 [2]:103 [3]:353
[0]:40749957 [1]:6042170 [2]:103 [3]:359
[0]:40940339 [1]:6071586 [2]:103 [3]:359
[0]:41134182 [1]:6101688 [2]:103 [3]:76
[0]:41365677 [1]:6137418 [2]:103 [3]:362
[0]:41561952 [1]:6167725 [2]:103 [3]:73
[0]:41760675 [1]:6198560 [2]:103 [3]:72
[0]:41961965 [1]:6229784 [2]:103 [3]:60
[0]:42167217 [1]:6261439 [2]:103 [3]:64
[0]:42368541 [1]:6292493 [2]:103 [3]:363
[0]:42579667 [1]:6325044 [2]:103 [3]:370
[0]:42768313 [1]:6354138 [2]:103 [3]:360
[0]:42969384 [1]:6385071 [2]:103 [3]:358
[0]:43192092 [1]:6419507 [2]:103 [3]:367
[0]:43390697 [1]:6450169 [2]:103 [3]:356
[0]:43588076 [1]:6480681 [2]:103 [3]:56
[0]:43785966 [1]:6511385 [2]:103 [3]:371
[0]:43980013 [1]:6541302 [2]:103 [3]:68
[0]:44179101 [1]:6572140 [2]:103 [3]:62
[0]:44382730 [1]:6603570 [2]:103 [3]:56
[0]:44584154 [1]:6634576 [2]:103 [3]:55
[0]:44785864 [1]:6665682 [2]:103 [3]:361
[0]:44978014 [1]:6695450 [2]:103 [3]:67
[0]:45169950 [1]:6724984 [2]:103 [3]:63
[0]:45371194 [1]:6755905 [2]:103 [3]:63
[0]:45565508 [1]:6785803 [2]:103 [3]:363
[0]:45755790 [1]:6815162 [2]:103 [3]:358
[0]:45957335 [1]:6846325 [2]:103 [3]:61
[0]:46166032 [1]:6878564 [2]:103 [3]:71
[0]:46359928 [1]:6908434 [2]:103 [3]:350
[0]:46554042 [1]:6938430 [2]:103 [3]:365
[0]:46755220 [1]:6969617 [2]:103 [3]:365
[0]:46960352 [1]:7001238 [2]:103 [3]:363
[0]:47153663 [1]:7031149 [2]:103 [3]:363
[0]:47348331 [1]:7061326 [2]:103 [3]:359
[0]:47545950 [1]:7091845 [2]:103 [3]:358
[0]:47736178 [1]:7121188 [2]:103 [3]:62
[0]:47955753 [1]:7155111 [2]:103 [3]:359
[0]:48157700 [1]:7186393 [2]:103 [3]:364
[0]:48355425 [1]:7216872 [2]:103 [3]:363
[0]:48556569 [1]:7247998 [2]:103 [3]:366
[0]:48765523 [1]:7280379 [2]:103 [3]:85
[0]:49014274 [1]:7318751 [2]:103 [3]:360
[0]:49228377 [1]:7351731 [2]:103 [3]:355
[0]:49448361 [1]:7385614 [2]:103 [3]:58
[0]:49657214 [1]:7417904 [2]:103 [3]:369
[0]:49851263 [1]:7447836 [2]:103 [3]:359
[0]:50048858 [1]:7478350 [2]:103 [3]:354
[0]:50246507 [1]:7508982 [2]:103 [3]:70
[0]:50511320 [1]:7549769 [2]:103 [3]:370
[0]:50727811 [1]:7583082 [2]:103 [3]:65
[0]:50943652 [1]:7616322 [2]:103 [3]:73
[0]:51145290 [1]:7647600 [2]:103 [3]:55
[0]:51342127 [1]:7678033 [2]:103 [3]:359
[0]:51540207 [1]:7708544 [2]:103 [3]:366
[0]:51730684 [1]:7737809 [2]:103 [3]:348
[0]:51936350 [1]:7769591 [2]:103 [3]:364
[0]:52137487 [1]:7800589 [2]:103 [3]:376
[0]:52343167 [1]:7832353 [2]:103 [3]:363
[0]:52536927 [1]:7862348 [2]:103 [3]:58
[0]:52741524 [1]:7893765 [2]:103 [3]:359
[0]:52943599 [1]:7924933 [2]:103 [3]:364
[0]:53141378 [1]:7955450 [2]:103 [3]:58
[0]:53338961 [1]:7986058 [2]:103 [3]:68
[0]:53566479 [1]:8021201 [2]:103 [3]:62
[0]:53763720 [1]:8051669 [2]:103 [3]:359
[0]:53969291 [1]:8083338 [2]:103 [3]:72
[0]:54163339 [1]:8113304 [2]:103 [3]:357
[0]:54349935 [1]:8142085 [2]:103 [3]:359
[0]:54558966 [1]:8174269 [2]:103 [3]:360
[0]:54756673 [1]:8204729 [2]:103 [3]:355
[0]:54965539 [1]:8236959 [2]:103 [3]:67
[0]:55162331 [1]:8267334 [2]:103 [3]:359
[0]:55372207 [1]:8299643 [2]:103 [3]:61
[0]:55562149 [1]:8329140 [2]:103 [3]:61
[0]:55771159 [1]:8361355 [2]:103 [3]:364
[0]:55964379 [1]:8391154 [2]:103 [3]:66
[0]:56166692 [1]:8422290 [2]:103 [3]:356
[0]:56379415 [1]:8455130 [2]:103 [3]:64
[0]:56577525 [1]:8485667 [2]:103 [3]:356
[0]:56770723 [1]:8515500 [2]:103 [3]:59
[0]:56972336 [1]:8546717 [2]:103 [3]:353
[0]:57169012 [1]:8577056 [2]:103 [3]:66
[0]:57412007 [1]:8614510 [2]:103 [3]:64
[0]:57610156 [1]:8645251 [2]:103 [3]:355
[0]:57811644 [1]:8676303 [2]:103 [3]:365
[0]:58019163 [1]:8708353 [2]:103 [3]:367
[0]:58205767 [1]:8737121 [2]:103 [3]:358
[0]:58400850 [1]:8767389 [2]:103 [3]:60
[0]:58601020 [1]:8798312 [2]:103 [3]:363
[0]:58803608 [1]:8829569 [2]:103 [3]:64
[0]:59008633 [1]:8861370 [2]:103 [3]:356
[0]:59206336 [1]:8891936 [2]:103 [3]:66
[0]:59404115 [1]:8922393 [2]:103 [3]:369
[0]:59598124 [1]:8952288 [2]:103 [3]:67
[0]:59796033 [1]:8982739 [2]:103 [3]:62
[0]:59989993 [1]:9012627 [2]:103 [3]:57
[0]:60187798 [1]:9043066 [2]:103 [3]:361
[0]:60440850 [1]:9082145 [2]:103 [3]:73
[0]:60644992 [1]:9113683 [2]:103 [3]:364
[0]:60875433 [1]:9149211 [2]:103 [3]:369
[0]:61075686 [1]:9180102 [2]:103 [3]:370
[0]:61269014 [1]:9210029 [2]:103 [3]:359
[0]:61474493 [1]:9241794 [2]:103 [3]:362
[0]:61665537 [1]:9271342 [2]:103 [3]:368
[0]:61857601 [1]:9300899 [2]:103 [3]:58
[0]:62064490 [1]:9332806 [2]:103 [3]:366
[0]:62264047 [1]:9363620 [2]:103 [3]:356
[0]:62459343 [1]:9393789 [2]:103 [3]:79
[0]:62674633 [1]:9427039 [2]:103 [3]:65
[0]:62873426 [1]:9457699 [2]:103 [3]:60
[0]:63070634 [1]:9488052 [2]:103 [3]:63
[0]:63261096 [1]:9517448 [2]:103 [3]:366
[0]:63455197 [1]:9547519 [2]:103 [3]:59
[0]:63652729 [1]:9578088 [2]:103 [3]:359
[0]:63852298 [1]:9608735 [2]:103 [3]:379
[0]:64055809 [1]:9640035 [2]:103 [3]:56
[0]:64260162 [1]:9671581 [2]:103 [3]:363
[0]:64479988 [1]:9705592 [2]:103 [3]:59
[0]:64678791 [1]:9736324 [2]:103 [3]:361
