[0]:249813327 [1]:93625426 [2]:7 [3]:13
[0]:251100359 [1]:94766808 [2]:7 [3]:18
[0]:252195800 [1]:95730267 [2]:7 [3]:19
[0]:253287694 [1]:96699917 [2]:7 [3]:17
[0]:254392057 [1]:97675667 [2]:7 [3]:17
[0]:255435150 [1]:98596717 [2]:7 [3]:18
[0]:256514928 [1]:99554379 [2]:7 [3]:16
[0]:257688603 [1]:100593290 [2]:7 [3]:19
[0]:258797100 [1]:101574072 [2]:7 [3]:14
[0]:259889315 [1]:102541448 [2]:7 [3]:17
[0]:261067965 [1]:103584715 [2]:7 [3]:21
[0]:262495510 [1]:104846454 [2]:7 [3]:19
[0]:263845005 [1]:106043291 [2]:7 [3]:16
[0]:265234212 [1]:107277077 [2]:7 [3]:17
[0]:266447617 [1]:108349735 [2]:7 [3]:57
[0]:267656292 [1]:109423878 [2]:7 [3]:58
[0]:268928871 [1]:110548959 [2]:7 [3]:17
[0]:270146740 [1]:111628066 [2]:7 [3]:53
[0]:271453657 [1]:112787709 [2]:7 [3]:19
[0]:272661252 [1]:113853768 [2]:7 [3]:16
[0]:273918527 [1]:114971684 [2]:7 [3]:13
[0]:275211398 [1]:116113759 [2]:7 [3]:12
[0]:276487104 [1]:117243222 [2]:7 [3]:17
[0]:277696123 [1]:118307587 [2]:7 [3]:13
[0]:278953761 [1]:119423122 [2]:7 [3]:19
[0]:280179320 [1]:120505579 [2]:7 [3]:19
[0]:281396853 [1]:121586236 [2]:7 [3]:17
[0]:282607861 [1]:122654177 [2]:7 [3]:13
[0]:283840252 [1]:123749950 [2]:7 [3]:23
[0]:285314675 [1]:125057795 [2]:7 [3]:18
[0]:286522702 [1]:126129704 [2]:7 [3]:16
[0]:287839188 [1]:127296300 [2]:7 [3]:51
[0]:288922091 [1]:128259858 [2]:7 [3]:15
[0]:290065941 [1]:129274017 [2]:7 [3]:64
[0]:291141420 [1]:130232127 [2]:7 [3]:14
[0]:292231812 [1]:131193869 [2]:7 [3]:16
[0]:293296290 [1]:132139016 [2]:7 [3]:15
[0]:294409417 [1]:133121837 [2]:7 [3]:12
[0]:295859426 [1]:134412249 [2]:7 [3]:19
[0]:297045649 [1]:135454187 [2]:7 [3]:17
[0]:298494292 [1]:136739547 [2]:7 [3]:17
[0]:299605114 [1]:137729818 [2]:7 [3]:15
[0]:300710367 [1]:138705518 [2]:7 [3]:55
[0]:301918301 [1]:139781282 [2]:7 [3]:14
[0]:303105727 [1]:140833590 [2]:7 [3]:18
[0]:304349309 [1]:141930853 [2]:7 [3]:18
[0]:305781181 [1]:143197585 [2]:7 [3]:56
[0]:307023629 [1]:144302835 [2]:7 [3]:18
[0]:308122005 [1]:145269917 [2]:7 [3]:14
[0]:309256394 [1]:146272293 [2]:7 [3]:57
[0]:310352321 [1]:147245867 [2]:7 [3]:14
[0]:311514328 [1]:148274749 [2]:7 [3]:60
[0]:312669750 [1]:149297682 [2]:7 [3]:18
[0]:313827117 [1]:150324427 [2]:7 [3]:57
[0]:315015778 [1]:151378383 [2]:7 [3]:57
[0]:316163291 [1]:152392870 [2]:7 [3]:17
[0]:317228847 [1]:153336322 [2]:7 [3]:14
[0]:318414819 [1]:154388392 [2]:7 [3]:56
[0]:319532306 [1]:155387668 [2]:7 [3]:58
[0]:320614457 [1]:156343055 [2]:7 [3]:21
[0]:321715348 [1]:157320187 [2]:7 [3]:56
[0]:323085849 [1]:158526494 [2]:7 [3]:18
[0]:324515088 [1]:159794032 [2]:7 [3]:15
[0]:326046341 [1]:161154243 [2]:7 [3]:19
[0]:327377111 [1]:162333011 [2]:7 [3]:17
[0]:328886949 [1]:163667262 [2]:7 [3]:17
[0]:330181811 [1]:164812738 [2]:7 [3]:9
[0]:331425897 [1]:165916146 [2]:7 [3]:12
[0]:332698659 [1]:167040675 [2]:7 [3]:21
[0]:333908653 [1]:168112073 [2]:7 [3]:20
[0]:335142600 [1]:169201529 [2]:7 [3]:22
[0]:336353152 [1]:170274354 [2]:7 [3]:14
[0]:337586458 [1]:171360361 [2]:7 [3]:16
[0]:338892049 [1]:172512384 [2]:7 [3]:57
[0]:340151168 [1]:173634165 [2]:7 [3]:16
[0]:341395769 [1]:174736507 [2]:7 [3]:51
[0]:342641858 [1]:175840740 [2]:7 [3]:15
[0]:343899439 [1]:176952634 [2]:7 [3]:19
[0]:345128995 [1]:178041452 [2]:7 [3]:18
[0]:346336132 [1]:179111482 [2]:7 [3]:22
[0]:347650183 [1]:180273917 [2]:7 [3]:15
[0]:348881325 [1]:181362291 [2]:7 [3]:56
[0]:350142163 [1]:182475197 [2]:7 [3]:20
[0]:351255498 [1]:183464557 [2]:7 [3]:22
[0]:352405076 [1]:184481910 [2]:7 [3]:20
[0]:353523303 [1]:185468644 [2]:7 [3]:17
[0]:354617681 [1]:186442979 [2]:7 [3]:16
[0]:355679038 [1]:187377873 [2]:7 [3]:16
[0]:356748075 [1]:188324399 [2]:7 [3]:17
[0]:357915727 [1]:189356780 [2]:7 [3]:20
[0]:358996084 [1]:190315676 [2]:7 [3]:14
[0]:360126754 [1]:191314186 [2]:7 [3]:13
[0]:361293847 [1]:192344848 [2]:7 [3]:19
[0]:362396724 [1]:193322637 [2]:7 [3]:16
[0]:363495090 [1]:194296009 [2]:7 [3]:15
[0]:364586677 [1]:195268079 [2]:7 [3]:57
[0]:365798650 [1]:196344738 [2]:7 [3]:14
[0]:367160215 [1]:197549972 [2]:7 [3]:15
[0]:368534903 [1]:198769144 [2]:7 [3]:13
[0]:369670614 [1]:199774193 [2]:7 [3]:16
[0]:370835529 [1]:200801583 [2]:7 [3]:15
[0]:371958584 [1]:201802031 [2]:7 [3]:60
[0]:373089778 [1]:202804857 [2]:7 [3]:64
[0]:374162039 [1]:203756503 [2]:7 [3]:16
[0]:375226565 [1]:204695194 [2]:7 [3]:17
[0]:376338015 [1]:205677072 [2]:7 [3]:20
[0]:377425945 [1]:206642340 [2]:7 [3]:15
[0]:378542489 [1]:207630714 [2]:7 [3]:16
[0]:379611999 [1]:208583887 [2]:7 [3]:18
[0]:380720412 [1]:209563709 [2]:7 [3]:18
[0]:382113538 [1]:210801235 [2]:7 [3]:16
[0]:383231949 [1]:211793386 [2]:7 [3]:57
[0]:384320108 [1]:212761800 [2]:7 [3]:23
[0]:385556542 [1]:213854314 [2]:7 [3]:56
[0]:387089974 [1]:215212801 [2]:7 [3]:15
[0]:388529305 [1]:216492538 [2]:7 [3]:17
[0]:389811012 [1]:217626248 [2]:7 [3]:13
[0]:391068584 [1]:218738875 [2]:7 [3]:56
[0]:392309318 [1]:219838334 [2]:7 [3]:17
[0]:393586033 [1]:220976485 [2]:7 [3]:17
[0]:394871826 [1]:222106276 [2]:7 [3]:22
[0]:396115909 [1]:223204561 [2]:7 [3]:19
[0]:397281896 [1]:224237785 [2]:7 [3]:16
[0]:398573793 [1]:225382953 [2]:7 [3]:57
[0]:399746532 [1]:226425209 [2]:7 [3]:19
[0]:401114710 [1]:227634051 [2]:7 [3]:20
[0]:402299309 [1]:228689446 [2]:7 [3]:14
[0]:403539116 [1]:229787221 [2]:7 [3]:56
[0]:404784419 [1]:230885094 [2]:7 [3]:9
[0]:406115077 [1]:232062607 [2]:7 [3]:19
[0]:407397967 [1]:233199029 [2]:7 [3]:12
[0]:408856379 [1]:234494541 [2]:7 [3]:22
[0]:410069101 [1]:235564609 [2]:7 [3]:59
[0]:411275412 [1]:236635724 [2]:7 [3]:58
[0]:412443191 [1]:237666670 [2]:7 [3]:21
[0]:413596018 [1]:238692067 [2]:7 [3]:58
[0]:414677604 [1]:239654252 [2]:7 [3]:63
[0]:415776013 [1]:240622035 [2]:7 [3]:12
[0]:416864168 [1]:241590571 [2]:7 [3]:52
[0]:417966838 [1]:242564732 [2]:7 [3]:58
[0]:419116873 [1]:243584359 [2]:7 [3]:21
[0]:420275900 [1]:244610960 [2]:7 [3]:56
[0]:421387075 [1]:245600839 [2]:7 [3]:19
[0]:422462893 [1]:246553705 [2]:7 [3]:21
[0]:423575683 [1]:247535913 [2]:7 [3]:59
[0]:424676254 [1]:248511341 [2]:7 [3]:61
[0]:425786204 [1]:249494427 [2]:7 [3]:12
[0]:426895152 [1]:250482009 [2]:7 [3]:17
[0]:428168579 [1]:251603852 [2]:7 [3]:16
[0]:429582033 [1]:252853911 [2]:7 [3]:58
[0]:430863031 [1]:253985256 [2]:7 [3]:54
[0]:432123566 [1]:255104482 [2]:7 [3]:17
[0]:433282365 [1]:256131441 [2]:7 [3]:55
[0]:434429921 [1]:257147929 [2]:7 [3]:51
[0]:435557261 [1]:258145201 [2]:7 [3]:54
[0]:436691509 [1]:259146521 [2]:7 [3]:19
[0]:437945179 [1]:260257791 [2]:7 [3]:57
[0]:439124535 [1]:261302001 [2]:7 [3]:18
[0]:440251298 [1]:262301676 [2]:7 [3]:19
[0]:441321761 [1]:263249697 [2]:7 [3]:12
[0]:442476768 [1]:264275191 [2]:7 [3]:22
[0]:443572606 [1]:265248637 [2]:7 [3]:12
[0]:444701135 [1]:266247416 [2]:7 [3]:54
[0]:445750514 [1]:267172665 [2]:7 [3]:12
[0]:446998276 [1]:268269077 [2]:7 [3]:16
[0]:448767307 [1]:269837795 [2]:7 [3]:18
[0]:450162781 [1]:271075148 [2]:7 [3]:19
[0]:451598270 [1]:272343464 [2]:7 [3]:18
[0]:452826713 [1]:273435020 [2]:7 [3]:16
[0]:454067174 [1]:274530878 [2]:7 [3]:16
[0]:455317915 [1]:275639423 [2]:7 [3]:13
[0]:456563665 [1]:276751762 [2]:7 [3]:19
[0]:457828393 [1]:277871157 [2]:7 [3]:17
[0]:459150797 [1]:279039570 [2]:7 [3]:14
[0]:460401085 [1]:280141114 [2]:7 [3]:57
[0]:461646720 [1]:281247669 [2]:7 [3]:20
[0]:462850414 [1]:282307029 [2]:7 [3]:23
[0]:464115146 [1]:283433685 [2]:7 [3]:19
[0]:465462171 [1]:284618200 [2]:7 [3]:15
[0]:466939631 [1]:285927091 [2]:7 [3]:15
[0]:468247009 [1]:287082434 [2]:7 [3]:17
[0]:469526559 [1]:288216577 [2]:7 [3]:17
[0]:470760807 [1]:289312281 [2]:7 [3]:22
[0]:472085532 [1]:290485223 [2]:7 [3]:21
[0]:473348260 [1]:291599027 [2]:7 [3]:17
[0]:474518755 [1]:292637378 [2]:7 [3]:17
[0]:475597301 [1]:293592933 [2]:7 [3]:16
[0]:476668559 [1]:294535567 [2]:7 [3]:52
[0]:477775478 [1]:295514330 [2]:7 [3]:14
[0]:478884900 [1]:296494594 [2]:7 [3]:18
[0]:479983214 [1]:297462823 [2]:7 [3]:16
[0]:481111124 [1]:298462356 [2]:7 [3]:21
[0]:482223790 [1]:299451342 [2]:7 [3]:56
[0]:483457284 [1]:300542021 [2]:7 [3]:62
[0]:484545396 [1]:301512333 [2]:7 [3]:15
[0]:485632553 [1]:302474053 [2]:7 [3]:17
[0]:486697808 [1]:303418655 [2]:7 [3]:16
[0]:487881571 [1]:304464829 [2]:7 [3]:16
[0]:489020406 [1]:305472857 [2]:7 [3]:19
[0]:490163442 [1]:306484267 [2]:7 [3]:55
[0]:491746390 [1]:307887585 [2]:7 [3]:19
[0]:493336352 [1]:309291858 [2]:7 [3]:52
[0]:494511204 [1]:310331580 [2]:7 [3]:14
[0]:495693313 [1]:311382244 [2]:7 [3]:16
[0]:496810550 [1]:312370667 [2]:7 [3]:17
[0]:497905547 [1]:313343745 [2]:7 [3]:22
[0]:499034144 [1]:314343517 [2]:7 [3]:55
[0]:500160661 [1]:315338125 [2]:7 [3]:18
[0]:501344451 [1]:316386049 [2]:7 [3]:20
[0]:502469914 [1]:317378844 [2]:7 [3]:18
