[0]:733943186 [1]:436301010 [2]:7 [3]:24
[0]:735409261 [1]:437601307 [2]:7 [3]:16
[0]:736669411 [1]:438713558 [2]:7 [3]:17
[0]:737952863 [1]:439849464 [2]:7 [3]:20
[0]:739404308 [1]:441134669 [2]:7 [3]:14
[0]:740636293 [1]:442218119 [2]:7 [3]:62
[0]:741872177 [1]:443316558 [2]:7 [3]:17
[0]:743153066 [1]:444449227 [2]:7 [3]:22
[0]:744530480 [1]:445671283 [2]:7 [3]:21
[0]:745739827 [1]:446738452 [2]:7 [3]:17
[0]:746954564 [1]:447815640 [2]:7 [3]:15
[0]:748161763 [1]:448878814 [2]:7 [3]:15
[0]:749428668 [1]:450003128 [2]:7 [3]:13
[0]:750784305 [1]:451200414 [2]:7 [3]:26
[0]:752033631 [1]:452305685 [2]:7 [3]:18
[0]:753317294 [1]:453440185 [2]:7 [3]:58
[0]:754470957 [1]:454460186 [2]:7 [3]:58
[0]:755710886 [1]:455551504 [2]:7 [3]:51
[0]:756943639 [1]:456650133 [2]:7 [3]:61
[0]:758192809 [1]:457750990 [2]:7 [3]:18
[0]:759747220 [1]:459131132 [2]:7 [3]:21
[0]:760883910 [1]:460139646 [2]:7 [3]:17
[0]:761977125 [1]:461110856 [2]:7 [3]:20
[0]:763087085 [1]:462092330 [2]:7 [3]:17
[0]:764393333 [1]:463247577 [2]:7 [3]:53
[0]:765479263 [1]:464205416 [2]:7 [3]:17
[0]:766900063 [1]:465467677 [2]:7 [3]:19
[0]:767995715 [1]:466433285 [2]:7 [3]:19
[0]:769086157 [1]:467401997 [2]:7 [3]:16
[0]:770273454 [1]:468450701 [2]:7 [3]:15
[0]:771362130 [1]:469413251 [2]:7 [3]:11
[0]:772449717 [1]:470378443 [2]:7 [3]:17
[0]:773556850 [1]:471359718 [2]:7 [3]:15
[0]:774699837 [1]:472371000 [2]:7 [3]:17
[0]:775843173 [1]:473385764 [2]:7 [3]:21
[0]:777234271 [1]:474620111 [2]:7 [3]:12
[0]:778755030 [1]:475962032 [2]:7 [3]:18
[0]:779931881 [1]:477000833 [2]:7 [3]:19
[0]:781061505 [1]:477999119 [2]:7 [3]:17
[0]:782489302 [1]:479261742 [2]:7 [3]:56
[0]:783868520 [1]:480483591 [2]:7 [3]:19
[0]:784996297 [1]:481479533 [2]:7 [3]:16
[0]:786116336 [1]:482469017 [2]:7 [3]:15
[0]:787283013 [1]:483500075 [2]:7 [3]:12
[0]:788391984 [1]:484485377 [2]:7 [3]:22
[0]:789504092 [1]:485468949 [2]:7 [3]:18
[0]:790664188 [1]:486496936 [2]:7 [3]:14
[0]:791753058 [1]:487458032 [2]:7 [3]:53
[0]:792874825 [1]:488457148 [2]:7 [3]:15
[0]:794001314 [1]:489453080 [2]:7 [3]:18
[0]:795211728 [1]:490524769 [2]:7 [3]:11
[0]:796583270 [1]:491740781 [2]:7 [3]:14
[0]:797942089 [1]:492947574 [2]:7 [3]:18
[0]:799175742 [1]:494037924 [2]:7 [3]:12
[0]:800409713 [1]:495132094 [2]:7 [3]:22
[0]:801631853 [1]:496210539 [2]:7 [3]:53
[0]:802828136 [1]:497268591 [2]:7 [3]:19
[0]:804105444 [1]:498399429 [2]:7 [3]:17
[0]:805331343 [1]:499482188 [2]:7 [3]:11
[0]:806554056 [1]:500564724 [2]:7 [3]:16
[0]:807799907 [1]:501669306 [2]:7 [3]:12
[0]:809021988 [1]:502749356 [2]:7 [3]:14
[0]:810232615 [1]:503824414 [2]:7 [3]:51
[0]:811480642 [1]:504925428 [2]:7 [3]:16
[0]:812717247 [1]:506017814 [2]:7 [3]:53
[0]:814006876 [1]:507162440 [2]:7 [3]:18
[0]:815234251 [1]:508245059 [2]:7 [3]:56
[0]:816452551 [1]:509323267 [2]:7 [3]:20
[0]:817637890 [1]:510372936 [2]:7 [3]:17
[0]:818866453 [1]:511457431 [2]:7 [3]:14
[0]:820130851 [1]:512574610 [2]:7 [3]:14
[0]:821360536 [1]:513666514 [2]:7 [3]:19
[0]:822500469 [1]:514672975 [2]:7 [3]:19
[0]:823782259 [1]:515806418 [2]:7 [3]:53
[0]:824893310 [1]:516793850 [2]:7 [3]:12
[0]:826009004 [1]:517779547 [2]:7 [3]:19
[0]:827120468 [1]:518758828 [2]:7 [3]:58
[0]:828412002 [1]:519904918 [2]:7 [3]:18
[0]:829514927 [1]:520881780 [2]:7 [3]:54
[0]:830660002 [1]:521892568 [2]:7 [3]:17
[0]:831813348 [1]:522912683 [2]:7 [3]:18
[0]:832895352 [1]:523868167 [2]:7 [3]:11
[0]:834086791 [1]:524919528 [2]:7 [3]:12
[0]:835223681 [1]:525927790 [2]:7 [3]:60
[0]:836387160 [1]:526953918 [2]:7 [3]:15
[0]:837625776 [1]:528054944 [2]:7 [3]:18
[0]:839015671 [1]:529279011 [2]:7 [3]:20
[0]:840397149 [1]:530508928 [2]:7 [3]:22
[0]:841633831 [1]:531601038 [2]:7 [3]:13
[0]:842927194 [1]:532746801 [2]:7 [3]:10
[0]:844075009 [1]:533767302 [2]:7 [3]:24
[0]:845285039 [1]:534837297 [2]:7 [3]:16
[0]:846397982 [1]:535824071 [2]:7 [3]:14
[0]:847528656 [1]:536825976 [2]:7 [3]:20
[0]:848627245 [1]:537796256 [2]:7 [3]:19
[0]:849808737 [1]:538842484 [2]:7 [3]:52
[0]:850946732 [1]:539846610 [2]:7 [3]:16
[0]:852374015 [1]:541115342 [2]:7 [3]:17
[0]:853489234 [1]:542106118 [2]:7 [3]:17
[0]:854700357 [1]:543170737 [2]:7 [3]:13
[0]:855820922 [1]:544171970 [2]:7 [3]:18
[0]:856922566 [1]:545141707 [2]:7 [3]:47
[0]:858235586 [1]:546302004 [2]:7 [3]:17
[0]:859557984 [1]:547470016 [2]:7 [3]:20
[0]:860890992 [1]:548648179 [2]:7 [3]:59
[0]:862201151 [1]:549810061 [2]:7 [3]:26
[0]:863482473 [1]:550941815 [2]:7 [3]:54
[0]:864782799 [1]:552092403 [2]:7 [3]:60
[0]:866024463 [1]:553185564 [2]:7 [3]:18
[0]:867311507 [1]:554330245 [2]:7 [3]:17
[0]:868588368 [1]:555457900 [2]:7 [3]:17
[0]:869863175 [1]:556584132 [2]:7 [3]:13
[0]:871174632 [1]:557742496 [2]:7 [3]:49
[0]:872434354 [1]:558854255 [2]:7 [3]:52
[0]:873691599 [1]:559969675 [2]:7 [3]:18
[0]:874972604 [1]:561102451 [2]:7 [3]:14
[0]:876320520 [1]:562293472 [2]:7 [3]:13
[0]:877674722 [1]:563491403 [2]:7 [3]:21
[0]:879012754 [1]:564675547 [2]:7 [3]:14
[0]:880352965 [1]:565861271 [2]:7 [3]:21
[0]:881553155 [1]:566925333 [2]:7 [3]:13
[0]:882783802 [1]:568019141 [2]:7 [3]:56
[0]:883996310 [1]:569093279 [2]:7 [3]:15
[0]:885133785 [1]:570095292 [2]:7 [3]:17
[0]:886354510 [1]:571173416 [2]:7 [3]:10
[0]:887455645 [1]:572147612 [2]:7 [3]:17
[0]:888592384 [1]:573151618 [2]:7 [3]:52
[0]:889705454 [1]:574135929 [2]:7 [3]:16
[0]:890938757 [1]:575231451 [2]:7 [3]:16
[0]:892100209 [1]:576261150 [2]:7 [3]:13
[0]:893189564 [1]:577223774 [2]:7 [3]:14
[0]:894385260 [1]:578281035 [2]:7 [3]:14
[0]:895546557 [1]:579304500 [2]:7 [3]:19
[0]:896649509 [1]:580283233 [2]:7 [3]:15
[0]:897803510 [1]:581303472 [2]:7 [3]:17
[0]:898927407 [1]:582300101 [2]:7 [3]:52
[0]:900145468 [1]:583385894 [2]:7 [3]:23
[0]:901498314 [1]:584585530 [2]:7 [3]:18
[0]:902825859 [1]:585758367 [2]:7 [3]:19
[0]:904028303 [1]:586819320 [2]:7 [3]:19
[0]:905495257 [1]:588119321 [2]:7 [3]:17
[0]:906610897 [1]:589105906 [2]:7 [3]:57
[0]:907723258 [1]:590093007 [2]:7 [3]:16
[0]:908896987 [1]:591127368 [2]:7 [3]:8
[0]:910019722 [1]:592125299 [2]:7 [3]:14
[0]:911276309 [1]:593237235 [2]:7 [3]:21
[0]:912404753 [1]:594238492 [2]:7 [3]:63
[0]:913520322 [1]:595226293 [2]:7 [3]:59
[0]:914637446 [1]:596217533 [2]:7 [3]:15
[0]:915725471 [1]:597179153 [2]:7 [3]:21
[0]:916841487 [1]:598168253 [2]:7 [3]:63
[0]:917979459 [1]:599177276 [2]:7 [3]:52
[0]:919116324 [1]:600184077 [2]:7 [3]:16
[0]:920423254 [1]:601342279 [2]:7 [3]:51
[0]:921751850 [1]:602522496 [2]:7 [3]:13
[0]:922985564 [1]:603610983 [2]:7 [3]:19
[0]:924192343 [1]:604680707 [2]:7 [3]:17
[0]:925428651 [1]:605772334 [2]:7 [3]:14
[0]:926663085 [1]:606869315 [2]:7 [3]:51
[0]:927994256 [1]:608045693 [2]:7 [3]:14
[0]:929227626 [1]:609134516 [2]:7 [3]:19
[0]:930477530 [1]:610239787 [2]:7 [3]:9
[0]:931720230 [1]:611338966 [2]:7 [3]:18
[0]:932977954 [1]:612450864 [2]:7 [3]:22
[0]:934213939 [1]:613546926 [2]:7 [3]:15
[0]:935627143 [1]:614797707 [2]:7 [3]:17
[0]:936923563 [1]:615940775 [2]:7 [3]:12
[0]:938156918 [1]:617035637 [2]:7 [3]:17
[0]:939390549 [1]:618125401 [2]:7 [3]:15
[0]:940624735 [1]:619219285 [2]:7 [3]:19
[0]:941921024 [1]:620365839 [2]:7 [3]:18
[0]:943143533 [1]:621442073 [2]:7 [3]:13
[0]:944343642 [1]:622507038 [2]:7 [3]:16
[0]:945583395 [1]:623601489 [2]:7 [3]:15
[0]:946695026 [1]:624587348 [2]:7 [3]:13
[0]:947807999 [1]:625573109 [2]:7 [3]:53
[0]:949163140 [1]:626770554 [2]:7 [3]:51
[0]:950288024 [1]:627773550 [2]:7 [3]:14
[0]:951401130 [1]:628759370 [2]:7 [3]:16
[0]:952502283 [1]:629731916 [2]:7 [3]:20
[0]:953627399 [1]:630731591 [2]:7 [3]:16
[0]:954776659 [1]:631752168 [2]:7 [3]:17
[0]:955894383 [1]:632737417 [2]:7 [3]:13
[0]:957000376 [1]:633715466 [2]:7 [3]:12
[0]:958158857 [1]:634742830 [2]:7 [3]:13
[0]:959414866 [1]:635853571 [2]:7 [3]:51
[0]:960507223 [1]:636825600 [2]:7 [3]:21
[0]:961646102 [1]:637832770 [2]:7 [3]:15
[0]:962982489 [1]:639016875 [2]:7 [3]:12
[0]:964321771 [1]:640207685 [2]:7 [3]:53
[0]:965468153 [1]:641223123 [2]:7 [3]:16
[0]:966586475 [1]:642212464 [2]:7 [3]:17
[0]:967717097 [1]:643208426 [2]:7 [3]:15
[0]:968829679 [1]:644192289 [2]:7 [3]:64
[0]:969929984 [1]:645170254 [2]:7 [3]:13
[0]:971017033 [1]:646136708 [2]:7 [3]:15
[0]:972142788 [1]:647137364 [2]:7 [3]:17
[0]:973253967 [1]:648125363 [2]:7 [3]:19
[0]:974412070 [1]:649154823 [2]:7 [3]:53
[0]:975549196 [1]:650154884 [2]:7 [3]:19
[0]:976861063 [1]:651319584 [2]:7 [3]:18
[0]:977952700 [1]:652288103 [2]:7 [3]:17
[0]:979078255 [1]:653282235 [2]:7 [3]:56
[0]:980191626 [1]:654264619 [2]:7 [3]:13
[0]:981451135 [1]:655381562 [2]:7 [3]:54
[0]:982814385 [1]:656585008 [2]:7 [3]:17
[0]:984189794 [1]:657811354 [2]:7 [3]:16
[0]:985679547 [1]:659125502 [2]:7 [3]:19
[0]:987285139 [1]:660540770 [2]:7 [3]:51
