[0]:95275968 [1]:95275968 [2]:0 [3]:533
[0]:95411296 [1]:95411296 [2]:0 [3]:585
[0]:95551600 [1]:95551600 [2]:0 [3]:132
[0]:95689866 [1]:95689866 [2]:0 [3]:133
[0]:95835075 [1]:95835076 [2]:0 [3]:538
[0]:95988689 [1]:95988689 [2]:0 [3]:554
[0]:96125151 [1]:96125151 [2]:0 [3]:142
[0]:96263150 [1]:96263150 [2]:0 [3]:170
[0]:96401128 [1]:96401129 [2]:0 [3]:135
[0]:96547079 [1]:96547079 [2]:0 [3]:544
[0]:96706292 [1]:96706292 [2]:0 [3]:169
[0]:96848864 [1]:96848864 [2]:0 [3]:151
[0]:96989869 [1]:96989869 [2]:0 [3]:212
[0]:97128274 [1]:97128274 [2]:0 [3]:154
[0]:97271592 [1]:97271592 [2]:0 [3]:179
[0]:97415533 [1]:97415533 [2]:0 [3]:554
[0]:97565119 [1]:97565119 [2]:0 [3]:526
[0]:97706764 [1]:97706764 [2]:0 [3]:531
[0]:97844769 [1]:97844769 [2]:0 [3]:153
[0]:97983611 [1]:97983612 [2]:0 [3]:139
[0]:98123404 [1]:98123404 [2]:0 [3]:558
[0]:98264022 [1]:98264022 [2]:0 [3]:252
[0]:98431192 [1]:98431192 [2]:0 [3]:530
[0]:98571817 [1]:98571819 [2]:0 [3]:149
[0]:98726864 [1]:98726864 [2]:0 [3]:146
[0]:98868948 [1]:98868948 [2]:0 [3]:153
[0]:99012296 [1]:99012296 [2]:0 [3]:133
[0]:99176865 [1]:99176865 [2]:0 [3]:146
[0]:99314756 [1]:99314756 [2]:0 [3]:113
[0]:99455487 [1]:99455488 [2]:0 [3]:557
[0]:99609357 [1]:99609358 [2]:0 [3]:556
[0]:99755001 [1]:99755002 [2]:0 [3]:526
[0]:99922315 [1]:99922315 [2]:0 [3]:115
[0]:100053101 [1]:100053101 [2]:0 [3]:169
[0]:100192992 [1]:100192992 [2]:0 [3]:544
[0]:100350743 [1]:100350746 [2]:0 [3]:548
[0]:100490320 [1]:100490321 [2]:0 [3]:239
[0]:100630654 [1]:100630654 [2]:0 [3]:190
[0]:100776957 [1]:100776957 [2]:0 [3]:546
[0]:100909567 [1]:100909569 [2]:0 [3]:178
[0]:101055858 [1]:101055860 [2]:0 [3]:552
[0]:101201621 [1]:101201621 [2]:0 [3]:114
[0]:101341736 [1]:101341736 [2]:0 [3]:556
[0]:101483892 [1]:101483892 [2]:0 [3]:124
[0]:101623464 [1]:101623465 [2]:0 [3]:100
[0]:101777300 [1]:101777300 [2]:0 [3]:169
[0]:101912708 [1]:101912708 [2]:0 [3]:124
[0]:102047163 [1]:102047165 [2]:0 [3]:546
[0]:102192436 [1]:102192438 [2]:0 [3]:213
[0]:102355039 [1]:102355039 [2]:0 [3]:549
[0]:102493816 [1]:102493817 [2]:0 [3]:518
[0]:102629134 [1]:102629136 [2]:0 [3]:161
[0]:102768411 [1]:102768411 [2]:0 [3]:170
[0]:102905134 [1]:102905137 [2]:0 [3]:152
[0]:103045682 [1]:103045682 [2]:0 [3]:205
[0]:103191625 [1]:103191625 [2]:0 [3]:101
[0]:103337604 [1]:103337604 [2]:0 [3]:175
[0]:103474457 [1]:103474457 [2]:0 [3]:550
[0]:103610028 [1]:103610029 [2]:0 [3]:534
[0]:103745868 [1]:103745868 [2]:0 [3]:543
[0]:103886931 [1]:103886931 [2]:0 [3]:139
[0]:104027077 [1]:104027077 [2]:0 [3]:551
[0]:104168169 [1]:104168169 [2]:0 [3]:112
[0]:104316779 [1]:104316779 [2]:0 [3]:131
[0]:104460050 [1]:104460051 [2]:0 [3]:551
[0]:104616557 [1]:104616557 [2]:0 [3]:232
[0]:104754776 [1]:104754776 [2]:0 [3]:536
[0]:104892749 [1]:104892747 [2]:0 [3]:267
[0]:105027988 [1]:105027988 [2]:0 [3]:270
[0]:105171171 [1]:105171172 [2]:0 [3]:549
[0]:105308172 [1]:105308173 [2]:0 [3]:561
[0]:105460136 [1]:105460136 [2]:0 [3]:564
[0]:105598781 [1]:105598781 [2]:0 [3]:136
[0]:105739099 [1]:105739101 [2]:0 [3]:122
