[0]:172392412 [1]:29096403 [2]:152 [3]:361
[0]:172593973 [1]:29142995 [2]:152 [3]:361
[0]:172789209 [1]:29188080 [2]:152 [3]:362
[0]:172985890 [1]:29233431 [2]:152 [3]:353
[0]:173179884 [1]:29278223 [2]:152 [3]:359
[0]:173392684 [1]:29327373 [2]:152 [3]:366
[0]:173594489 [1]:29373964 [2]:152 [3]:362
[0]:173805706 [1]:29422734 [2]:152 [3]:361
[0]:173997590 [1]:29466967 [2]:152 [3]:360
[0]:174232420 [1]:29521201 [2]:152 [3]:59
[0]:174422861 [1]:29565166 [2]:152 [3]:364
[0]:174659746 [1]:29619799 [2]:152 [3]:368
[0]:174855514 [1]:29664993 [2]:152 [3]:364
[0]:175052649 [1]:29710513 [2]:152 [3]:366
[0]:175245835 [1]:29755112 [2]:160 [3]:360
[0]:175439634 [1]:29799832 [2]:160 [3]:361
[0]:175635074 [1]:29845005 [2]:160 [3]:357
[0]:175833757 [1]:29890875 [2]:160 [3]:365
[0]:176052265 [1]:29941332 [2]:160 [3]:365
[0]:176251131 [1]:29987261 [2]:160 [3]:56
[0]:176442064 [1]:30031361 [2]:160 [3]:359
[0]:176635739 [1]:30076052 [2]:160 [3]:361
[0]:176833913 [1]:30121758 [2]:160 [3]:354
[0]:177034068 [1]:30168042 [2]:160 [3]:59
[0]:177225967 [1]:30212375 [2]:160 [3]:363
[0]:177418221 [1]:30256695 [2]:160 [3]:370
[0]:177638526 [1]:30307492 [2]:160 [3]:357
[0]:177837806 [1]:30353495 [2]:160 [3]:358
[0]:178039665 [1]:30400050 [2]:164 [3]:364
[0]:178258016 [1]:30450542 [2]:164 [3]:363
[0]:178472396 [1]:30500075 [2]:164 [3]:369
[0]:178681616 [1]:30548294 [2]:164 [3]:65
[0]:178876349 [1]:30593288 [2]:164 [3]:357
[0]:179105150 [1]:30646215 [2]:164 [3]:364
[0]:179300914 [1]:30691422 [2]:164 [3]:362
[0]:179489873 [1]:30734972 [2]:164 [3]:362
[0]:179681942 [1]:30779298 [2]:164 [3]:60
[0]:179883200 [1]:30825726 [2]:164 [3]:360
[0]:180096289 [1]:30874931 [2]:164 [3]:360
[0]:180289029 [1]:30919379 [2]:164 [3]:353
[0]:180480751 [1]:30963635 [2]:164 [3]:360
[0]:180673177 [1]:31008041 [2]:164 [3]:361
[0]:180879609 [1]:31055808 [2]:166 [3]:57
[0]:181073952 [1]:31100674 [2]:166 [3]:365
[0]:181273589 [1]:31146724 [2]:166 [3]:364
[0]:181468120 [1]:31191582 [2]:166 [3]:359
[0]:181667707 [1]:31237732 [2]:166 [3]:358
[0]:181861661 [1]:31282611 [2]:166 [3]:359
[0]:182068306 [1]:31330305 [2]:166 [3]:355
[0]:182260855 [1]:31374780 [2]:166 [3]:365
[0]:182461957 [1]:31421134 [2]:166 [3]:362
[0]:182659331 [1]:31466728 [2]:166 [3]:368
[0]:182882319 [1]:31518216 [2]:166 [3]:359
[0]:183078483 [1]:31563503 [2]:166 [3]:359
[0]:183285978 [1]:31611330 [2]:166 [3]:360
[0]:183485328 [1]:31657340 [2]:166 [3]:368
[0]:183679409 [1]:31702213 [2]:167 [3]:368
[0]:183897568 [1]:31752639 [2]:167 [3]:356
[0]:184089964 [1]:31797093 [2]:167 [3]:360
[0]:184377087 [1]:31863284 [2]:167 [3]:354
[0]:184567695 [1]:31907261 [2]:167 [3]:72
[0]:184769318 [1]:31953781 [2]:167 [3]:365
[0]:184981060 [1]:32002660 [2]:167 [3]:60
[0]:185227634 [1]:32059568 [2]:167 [3]:357
[0]:185425616 [1]:32105298 [2]:167 [3]:368
[0]:185627269 [1]:32151839 [2]:167 [3]:355
[0]:185821741 [1]:32196766 [2]:167 [3]:360
[0]:186034575 [1]:32245850 [2]:167 [3]:364
[0]:186228606 [1]:32290677 [2]:167 [3]:360
[0]:186422601 [1]:32335526 [2]:167 [3]:61
[0]:186616895 [1]:32380474 [2]:167 [3]:356
[0]:186840760 [1]:32432157 [2]:167 [3]:357
[0]:187034673 [1]:32476860 [2]:167 [3]:365
[0]:187228948 [1]:32521727 [2]:167 [3]:54
[0]:187423128 [1]:32566613 [2]:167 [3]:369
[0]:187626557 [1]:32613575 [2]:167 [3]:60
[0]:187841660 [1]:32663239 [2]:167 [3]:60
[0]:188072444 [1]:32716478 [2]:167 [3]:364
[0]:188273406 [1]:32762912 [2]:167 [3]:359
[0]:188475653 [1]:32809639 [2]:167 [3]:370
[0]:188680846 [1]:32857090 [2]:167 [3]:359
[0]:188881870 [1]:32903483 [2]:167 [3]:369
[0]:189085165 [1]:32950405 [2]:167 [3]:357
[0]:189277511 [1]:32994862 [2]:167 [3]:361
[0]:189475860 [1]:33040678 [2]:167 [3]:359
[0]:189673571 [1]:33086358 [2]:167 [3]:50
[0]:189871702 [1]:33132011 [2]:167 [3]:358
[0]:190069298 [1]:33177623 [2]:167 [3]:359
[0]:190261449 [1]:33221945 [2]:167 [3]:365
[0]:190452657 [1]:33266172 [2]:167 [3]:63
[0]:190643898 [1]:33310372 [2]:167 [3]:362
[0]:190838115 [1]:33355220 [2]:167 [3]:360
[0]:191035695 [1]:33400889 [2]:167 [3]:57
[0]:191232488 [1]:33446339 [2]:167 [3]:357
[0]:191429913 [1]:33491952 [2]:167 [3]:362
[0]:191624310 [1]:33536763 [2]:167 [3]:357
[0]:191812158 [1]:33580174 [2]:167 [3]:359
[0]:192009905 [1]:33625835 [2]:167 [3]:357
[0]:192203466 [1]:33670556 [2]:167 [3]:361
[0]:192412457 [1]:33718759 [2]:167 [3]:364
[0]:192625950 [1]:33767983 [2]:167 [3]:359
[0]:192823913 [1]:33813676 [2]:167 [3]:363
[0]:193025385 [1]:33860207 [2]:167 [3]:368
[0]:193230698 [1]:33907610 [2]:167 [3]:56
[0]:193455914 [1]:33959662 [2]:167 [3]:359
[0]:193652340 [1]:34005004 [2]:167 [3]:357
[0]:193846520 [1]:34049851 [2]:167 [3]:369
[0]:194055417 [1]:34098082 [2]:167 [3]:354
[0]:194256796 [1]:34144607 [2]:167 [3]:360
[0]:194454882 [1]:34190304 [2]:167 [3]:358
[0]:194656201 [1]:34236839 [2]:167 [3]:60
[0]:194853954 [1]:34282499 [2]:167 [3]:360
[0]:195059239 [1]:34329911 [2]:167 [3]:361
[0]:195257210 [1]:34375664 [2]:167 [3]:360
[0]:195495289 [1]:34430567 [2]:167 [3]:368
[0]:195682775 [1]:34473813 [2]:167 [3]:356
[0]:195880488 [1]:34519487 [2]:167 [3]:358
[0]:196078229 [1]:34565120 [2]:167 [3]:60
[0]:196298445 [1]:34615974 [2]:167 [3]:61
[0]:196498825 [1]:34662224 [2]:167 [3]:366
[0]:196692946 [1]:34707052 [2]:167 [3]:359
[0]:196910810 [1]:34757342 [2]:167 [3]:356
[0]:197104831 [1]:34802184 [2]:167 [3]:362
[0]:197298743 [1]:34846938 [2]:167 [3]:359
[0]:197488809 [1]:34890861 [2]:167 [3]:60
[0]:197686845 [1]:34936589 [2]:167 [3]:60
[0]:197881091 [1]:34981458 [2]:167 [3]:366
[0]:198078712 [1]:35027074 [2]:167 [3]:359
[0]:198269825 [1]:35071158 [2]:167 [3]:364
[0]:198455509 [1]:35114105 [2]:167 [3]:355
[0]:198657015 [1]:35160595 [2]:167 [3]:58
[0]:198873212 [1]:35210523 [2]:167 [3]:63
[0]:199065502 [1]:35254943 [2]:167 [3]:362
[0]:199269771 [1]:35301980 [2]:167 [3]:67
[0]:199493422 [1]:35353624 [2]:167 [3]:359
[0]:199687447 [1]:35398450 [2]:167 [3]:357
[0]:199891246 [1]:35445521 [2]:167 [3]:65
[0]:200105889 [1]:35495036 [2]:167 [3]:361
[0]:200306392 [1]:35541366 [2]:167 [3]:64
[0]:200500283 [1]:35586126 [2]:167 [3]:365
[0]:200695840 [1]:35631304 [2]:167 [3]:366
[0]:200724726 [1]:35637982 [2]:167 [3]:362
[0]:200724726 [1]:35637982 [2]:167 [3]:362
[0]:200724726 [1]:35637982 [2]:167 [3]:362
[0]:200724726 [1]:35637982 [2]:167 [3]:362
[0]:200724726 [1]:35637982 [2]:167 [3]:362
[0]:200724726 [1]:35637982 [2]:167 [3]:362
[0]:200724726 [1]:35637982 [2]:167 [3]:362
[0]:200724726 [1]:35637982 [2]:167 [3]:362
[0]:200724726 [1]:35637982 [2]:167 [3]:362
[0]:200724726 [1]:35637982 [2]:167 [3]:362
[0]:200724726 [1]:35637982 [2]:167 [3]:362
