[0]:0 [1]:0 [2]:0 [3]:0
[0]:28371 [1]:0 [2]:0 [3]:229
[0]:273110 [1]:0 [2]:0 [3]:67
[0]:509932 [1]:0 [2]:0 [3]:81
[0]:735495 [1]:0 [2]:0 [3]:90
[0]:977997 [1]:0 [2]:0 [3]:56
[0]:1192940 [1]:16338 [2]:121 [3]:77
[0]:1400685 [1]:40335 [2]:121 [3]:75
[0]:1594022 [1]:62341 [2]:121 [3]:359
[0]:1812292 [1]:86972 [2]:121 [3]:352
[0]:2017124 [1]:110051 [2]:121 [3]:362
[0]:2215690 [1]:132397 [2]:121 [3]:56
[0]:2425090 [1]:156041 [2]:121 [3]:65
[0]:2617487 [1]:177753 [2]:102 [3]:361
[0]:2845852 [1]:203446 [2]:102 [3]:74
[0]:3071779 [1]:228847 [2]:102 [3]:371
[0]:3261693 [1]:250281 [2]:102 [3]:79
[0]:3460269 [1]:272647 [2]:102 [3]:65
[0]:3675999 [1]:297003 [2]:102 [3]:365
[0]:3893728 [1]:321810 [2]:102 [3]:67
[0]:4162818 [1]:352120 [2]:91 [3]:66
[0]:4350929 [1]:373504 [2]:91 [3]:55
[0]:4553368 [1]:396326 [2]:91 [3]:359
[0]:4762859 [1]:420089 [2]:91 [3]:58
[0]:4963469 [1]:442712 [2]:91 [3]:65
[0]:5173672 [1]:466374 [2]:91 [3]:389
[0]:5376626 [1]:489495 [2]:91 [3]:53
[0]:5575190 [1]:511828 [2]:91 [3]:367
[0]:5762311 [1]:533007 [2]:84 [3]:60
[0]:5960583 [1]:555347 [2]:84 [3]:62
[0]:6163098 [1]:578182 [2]:84 [3]:366
[0]:6373101 [1]:601891 [2]:84 [3]:75
[0]:6572095 [1]:624478 [2]:84 [3]:64
[0]:6835249 [1]:654136 [2]:84 [3]:71
[0]:7028337 [1]:675755 [2]:84 [3]:84
[0]:7276812 [1]:703644 [2]:80 [3]:76
[0]:7483817 [1]:726982 [2]:80 [3]:359
[0]:7707209 [1]:752393 [2]:80 [3]:58
[0]:7915661 [1]:775877 [2]:80 [3]:72
[0]:8122685 [1]:799304 [2]:80 [3]:362
[0]:8318698 [1]:821473 [2]:80 [3]:62
[0]:8562859 [1]:849280 [2]:80 [3]:63
[0]:8757652 [1]:871149 [2]:77 [3]:69
[0]:8948448 [1]:892802 [2]:77 [3]:71
[0]:9143503 [1]:914779 [2]:77 [3]:67
[0]:9339140 [1]:937048 [2]:77 [3]:71
[0]:9536453 [1]:959283 [2]:77 [3]:69
[0]:9734797 [1]:981665 [2]:77 [3]:70
[0]:9936707 [1]:1004537 [2]:77 [3]:360
[0]:10146663 [1]:1028210 [2]:77 [3]:350
[0]:10345003 [1]:1050579 [2]:76 [3]:50
[0]:10587280 [1]:1077666 [2]:76 [3]:58
[0]:10785987 [1]:1100100 [2]:76 [3]:52
[0]:10989157 [1]:1123178 [2]:76 [3]:64
[0]:11183863 [1]:1145128 [2]:76 [3]:356
[0]:11395521 [1]:1169000 [2]:76 [3]:354
[0]:11592258 [1]:1191092 [2]:76 [3]:363
[0]:11807970 [1]:1215344 [2]:75 [3]:366
[0]:12001795 [1]:1237253 [2]:75 [3]:361
[0]:12198838 [1]:1259630 [2]:75 [3]:74
[0]:12394661 [1]:1281849 [2]:75 [3]:367
[0]:12590961 [1]:1303980 [2]:75 [3]:70
[0]:12797682 [1]:1327339 [2]:75 [3]:73
[0]:12996121 [1]:1349620 [2]:75 [3]:67
[0]:13187125 [1]:1371234 [2]:75 [3]:81
[0]:13385530 [1]:1393551 [2]:74 [3]:60
[0]:13580458 [1]:1415386 [2]:74 [3]:370
[0]:13786277 [1]:1438680 [2]:74 [3]:366
[0]:13989803 [1]:1461615 [2]:74 [3]:71
[0]:14198492 [1]:1485117 [2]:74 [3]:354
