[0]:153189015 [1]:27056773 [2]:151 [3]:361
[0]:153388708 [1]:27102928 [2]:151 [3]:360
[0]:153583119 [1]:27147888 [2]:151 [3]:368
[0]:153780839 [1]:27193548 [2]:151 [3]:359
[0]:153974861 [1]:27238437 [2]:151 [3]:362
[0]:154165298 [1]:27282417 [2]:151 [3]:57
[0]:154360723 [1]:27327540 [2]:151 [3]:59
[0]:154583332 [1]:27378941 [2]:151 [3]:364
[0]:154834379 [1]:27436876 [2]:151 [3]:358
[0]:155031328 [1]:27482371 [2]:151 [3]:368
[0]:155217898 [1]:27525478 [2]:151 [3]:53
[0]:155412031 [1]:27570337 [2]:151 [3]:364
[0]:155602525 [1]:27614333 [2]:151 [3]:356
[0]:155792611 [1]:27658209 [2]:156 [3]:360
[0]:156068915 [1]:27722087 [2]:156 [3]:359
[0]:156277819 [1]:27770286 [2]:156 [3]:59
[0]:156511228 [1]:27824154 [2]:156 [3]:356
[0]:156708727 [1]:27869775 [2]:156 [3]:354
[0]:156904987 [1]:27915103 [2]:156 [3]:63
[0]:157113984 [1]:27963449 [2]:156 [3]:361
[0]:157333614 [1]:28014214 [2]:156 [3]:353
[0]:157528274 [1]:28059115 [2]:156 [3]:359
[0]:157714957 [1]:28102255 [2]:156 [3]:363
[0]:157908946 [1]:28147052 [2]:156 [3]:68
[0]:158103190 [1]:28191895 [2]:156 [3]:367
[0]:158319070 [1]:28241817 [2]:156 [3]:364
[0]:158528628 [1]:28290197 [2]:160 [3]:357
[0]:158802093 [1]:28353401 [2]:160 [3]:363
[0]:159006302 [1]:28400587 [2]:160 [3]:362
[0]:159200516 [1]:28445474 [2]:160 [3]:367
[0]:159397994 [1]:28491069 [2]:160 [3]:361
[0]:159636741 [1]:28546313 [2]:160 [3]:364
[0]:159827419 [1]:28590341 [2]:160 [3]:66
[0]:160025213 [1]:28636085 [2]:160 [3]:361
[0]:160234006 [1]:28684217 [2]:160 [3]:362
[0]:160446163 [1]:28733231 [2]:160 [3]:361
[0]:160628492 [1]:28775374 [2]:160 [3]:362
[0]:160842610 [1]:28824854 [2]:160 [3]:361
[0]:161043087 [1]:28871168 [2]:160 [3]:367
[0]:161240698 [1]:28916772 [2]:160 [3]:60
[0]:161439762 [1]:28962793 [2]:162 [3]:361
[0]:161641379 [1]:29009416 [2]:162 [3]:359
[0]:161861697 [1]:29060318 [2]:162 [3]:363
[0]:162063068 [1]:29106873 [2]:162 [3]:359
[0]:162273893 [1]:29155488 [2]:162 [3]:357
[0]:162469955 [1]:29200748 [2]:162 [3]:362
[0]:162668389 [1]:29246672 [2]:162 [3]:365
[0]:162863702 [1]:29291886 [2]:162 [3]:64
[0]:163059142 [1]:29336983 [2]:162 [3]:57
[0]:163272352 [1]:29386252 [2]:162 [3]:59
[0]:163470185 [1]:29431967 [2]:162 [3]:366
[0]:163661203 [1]:29476147 [2]:162 [3]:363
[0]:163899333 [1]:29531170 [2]:162 [3]:363
[0]:164121983 [1]:29582568 [2]:164 [3]:352
[0]:164320497 [1]:29628549 [2]:164 [3]:365
[0]:164518963 [1]:29674407 [2]:164 [3]:364
[0]:164727829 [1]:29722665 [2]:164 [3]:52
[0]:164921982 [1]:29767448 [2]:164 [3]:366
[0]:165119888 [1]:29813195 [2]:164 [3]:358
[0]:165313792 [1]:29857998 [2]:164 [3]:63
[0]:165508001 [1]:29902922 [2]:164 [3]:64
[0]:165713247 [1]:29950337 [2]:164 [3]:365
[0]:165907493 [1]:29995139 [2]:164 [3]:59
[0]:166152512 [1]:30051766 [2]:164 [3]:358
[0]:166351497 [1]:30097708 [2]:164 [3]:361
[0]:166539791 [1]:30141206 [2]:164 [3]:358
[0]:166750688 [1]:30189896 [2]:164 [3]:361
[0]:166945053 [1]:30234886 [2]:165 [3]:364
[0]:167146510 [1]:30281433 [2]:165 [3]:55
[0]:167341453 [1]:30326511 [2]:165 [3]:355
[0]:167530817 [1]:30370289 [2]:165 [3]:356
[0]:167728841 [1]:30415995 [2]:165 [3]:366
[0]:167945252 [1]:30465957 [2]:165 [3]:355
