[0]:30260771 [1]:3857167 [2]:140 [3]:366
[0]:30475770 [1]:3904433 [2]:140 [3]:362
[0]:30680564 [1]:3951747 [2]:140 [3]:366
[0]:30908519 [1]:4004427 [2]:140 [3]:364
[0]:31106115 [1]:4050016 [2]:140 [3]:365
[0]:31295415 [1]:4093791 [2]:140 [3]:58
[0]:31497933 [1]:4140580 [2]:140 [3]:66
[0]:31699094 [1]:4187062 [2]:140 [3]:366
[0]:31894683 [1]:4232210 [2]:140 [3]:357
[0]:32088462 [1]:4276990 [2]:140 [3]:363
[0]:32289242 [1]:4323378 [2]:140 [3]:362
[0]:32479418 [1]:4367302 [2]:148 [3]:65
[0]:32672534 [1]:4411902 [2]:148 [3]:66
[0]:32867831 [1]:4456979 [2]:148 [3]:352
[0]:33136105 [1]:4518930 [2]:148 [3]:365
[0]:33338081 [1]:4565611 [2]:148 [3]:359
[0]:33539610 [1]:4612170 [2]:148 [3]:368
[0]:33754213 [1]:4661688 [2]:148 [3]:357
[0]:33945968 [1]:4706005 [2]:148 [3]:366
[0]:34144956 [1]:4751997 [2]:148 [3]:362
[0]:34334778 [1]:4795873 [2]:148 [3]:365
[0]:34524251 [1]:4839680 [2]:148 [3]:364
[0]:34719050 [1]:4884691 [2]:148 [3]:360
[0]:34920456 [1]:4931216 [2]:148 [3]:355
[0]:35118561 [1]:4976989 [2]:148 [3]:362
[0]:35312498 [1]:5021786 [2]:155 [3]:367
[0]:35501641 [1]:5065440 [2]:155 [3]:367
[0]:35696638 [1]:5110437 [2]:155 [3]:364
[0]:35894726 [1]:5156224 [2]:155 [3]:355
[0]:36096284 [1]:5202804 [2]:155 [3]:365
[0]:36297884 [1]:5249423 [2]:155 [3]:362
[0]:36480737 [1]:5291641 [2]:155 [3]:355
[0]:36681604 [1]:5338046 [2]:155 [3]:363
[0]:36883808 [1]:5384806 [2]:155 [3]:356
[0]:37084996 [1]:5431338 [2]:155 [3]:368
[0]:37275595 [1]:5475375 [2]:155 [3]:62
[0]:37477306 [1]:5521920 [2]:155 [3]:362
[0]:37675065 [1]:5567641 [2]:155 [3]:359
[0]:37862878 [1]:5611060 [2]:155 [3]:359
[0]:38052988 [1]:5655033 [2]:155 [3]:362
[0]:38264824 [1]:5704044 [2]:159 [3]:365
[0]:38462652 [1]:5749689 [2]:159 [3]:358
[0]:38660521 [1]:5795383 [2]:159 [3]:57
[0]:38858228 [1]:5841038 [2]:159 [3]:366
[0]:39059832 [1]:5887634 [2]:159 [3]:356
[0]:39261340 [1]:5934177 [2]:159 [3]:359
[0]:39462923 [1]:5980638 [2]:159 [3]:363
[0]:39672326 [1]:6029065 [2]:159 [3]:358
[0]:39876993 [1]:6076361 [2]:159 [3]:361
[0]:40123443 [1]:6133308 [2]:159 [3]:362
[0]:40317655 [1]:6178071 [2]:159 [3]:360
[0]:40515486 [1]:6223764 [2]:159 [3]:364
[0]:40712410 [1]:6269237 [2]:159 [3]:55
[0]:40940970 [1]:6322126 [2]:162 [3]:58
[0]:41138399 [1]:6367728 [2]:162 [3]:354
[0]:41322842 [1]:6410296 [2]:162 [3]:365
[0]:41522339 [1]:6456399 [2]:162 [3]:358
[0]:41724338 [1]:6503086 [2]:162 [3]:362
[0]:41926355 [1]:6549760 [2]:162 [3]:60
[0]:42118272 [1]:6594020 [2]:162 [3]:61
[0]:42382626 [1]:6655136 [2]:162 [3]:362
[0]:42575622 [1]:6699732 [2]:162 [3]:359
[0]:42768205 [1]:6744213 [2]:162 [3]:360
[0]:42963827 [1]:6789491 [2]:162 [3]:361
[0]:43165454 [1]:6835967 [2]:162 [3]:56
[0]:43355740 [1]:6879921 [2]:162 [3]:354
[0]:43553628 [1]:6925635 [2]:162 [3]:364
[0]:43770877 [1]:6975915 [2]:164 [3]:362
[0]:43974291 [1]:7022781 [2]:164 [3]:48
[0]:44182305 [1]:7070964 [2]:164 [3]:363
[0]:44382302 [1]:7117118 [2]:164 [3]:58
[0]:44575161 [1]:7161815 [2]:164 [3]:371
[0]:44781604 [1]:7209503 [2]:164 [3]:355
[0]:44979296 [1]:7255068 [2]:164 [3]:360
