[0]:75883818 [1]:13068926 [2]:167 [3]:363
[0]:76108963 [1]:13102193 [2]:167 [3]:364
[0]:76319680 [1]:13133383 [2]:167 [3]:76
[0]:76556355 [1]:13168534 [2]:167 [3]:364
[0]:76759097 [1]:13198573 [2]:167 [3]:369
[0]:76973328 [1]:13230319 [2]:167 [3]:374
[0]:77176899 [1]:13260392 [2]:167 [3]:363
[0]:77385755 [1]:13291310 [2]:167 [3]:363
[0]:77598040 [1]:13322665 [2]:167 [3]:360
[0]:77803406 [1]:13353169 [2]:167 [3]:373
[0]:78007197 [1]:13383362 [2]:167 [3]:86
[0]:78201298 [1]:13412117 [2]:167 [3]:371
[0]:78425995 [1]:13445438 [2]:167 [3]:371
[0]:78630684 [1]:13475723 [2]:161 [3]:67
[0]:78863422 [1]:13510223 [2]:161 [3]:364
[0]:79066205 [1]:13540265 [2]:161 [3]:365
[0]:79272783 [1]:13570790 [2]:161 [3]:363
[0]:79478304 [1]:13601164 [2]:161 [3]:369
[0]:79692186 [1]:13632959 [2]:161 [3]:368
[0]:79896980 [1]:13663261 [2]:161 [3]:363
[0]:80108812 [1]:13694611 [2]:161 [3]:372
[0]:80323482 [1]:13726356 [2]:161 [3]:359
[0]:80530528 [1]:13757014 [2]:161 [3]:360
[0]:80748100 [1]:13789263 [2]:161 [3]:367
[0]:80942572 [1]:13818160 [2]:161 [3]:353
[0]:81145346 [1]:13848153 [2]:161 [3]:360
[0]:81364740 [1]:13880685 [2]:161 [3]:365
[0]:81572288 [1]:13911418 [2]:161 [3]:365
[0]:81775614 [1]:13941619 [2]:161 [3]:361
[0]:81991836 [1]:13973634 [2]:161 [3]:359
[0]:82201078 [1]:14004805 [2]:156 [3]:75
[0]:82441607 [1]:14040343 [2]:156 [3]:355
[0]:82658313 [1]:14072399 [2]:156 [3]:75
[0]:82871110 [1]:14103955 [2]:156 [3]:80
[0]:83083772 [1]:14135347 [2]:156 [3]:84
[0]:83296684 [1]:14166915 [2]:156 [3]:372
[0]:83513327 [1]:14199000 [2]:156 [3]:359
[0]:83725601 [1]:14230405 [2]:156 [3]:79
[0]:83946986 [1]:14263146 [2]:156 [3]:360
[0]:84177539 [1]:14297328 [2]:156 [3]:375
[0]:84380429 [1]:14327322 [2]:156 [3]:363
[0]:84601133 [1]:14360140 [2]:156 [3]:360
[0]:84813417 [1]:14391602 [2]:156 [3]:368
[0]:85116586 [1]:14436506 [2]:156 [3]:358
[0]:85326300 [1]:14467599 [2]:156 [3]:80
[0]:85553712 [1]:14501278 [2]:156 [3]:353
[0]:85769883 [1]:14533373 [2]:154 [3]:368
[0]:86064484 [1]:14577088 [2]:154 [3]:370
[0]:86279834 [1]:14608951 [2]:154 [3]:363
[0]:86488324 [1]:14639776 [2]:154 [3]:76
[0]:86701473 [1]:14671301 [2]:154 [3]:368
[0]:86921477 [1]:14703790 [2]:154 [3]:366
[0]:87139014 [1]:14735973 [2]:154 [3]:364
[0]:87355688 [1]:14768172 [2]:154 [3]:370
[0]:87572421 [1]:14800319 [2]:154 [3]:358
[0]:87772311 [1]:14829885 [2]:154 [3]:356
[0]:87974352 [1]:14859678 [2]:154 [3]:364
[0]:88187230 [1]:14891109 [2]:154 [3]:365
[0]:88392114 [1]:14921486 [2]:154 [3]:372
[0]:88636406 [1]:14957913 [2]:154 [3]:78
[0]:88832024 [1]:14986849 [2]:154 [3]:366
[0]:89037359 [1]:15017212 [2]:154 [3]:362
[0]:89251223 [1]:15048852 [2]:154 [3]:360
[0]:89459971 [1]:15079775 [2]:153 [3]:81
[0]:89684604 [1]:15113029 [2]:153 [3]:359
[0]:89879098 [1]:15141835 [2]:153 [3]:356
[0]:90086656 [1]:15172519 [2]:153 [3]:363
[0]:90291492 [1]:15202778 [2]:153 [3]:369
[0]:90547558 [1]:15240700 [2]:153 [3]:84
[0]:90752246 [1]:15271007 [2]:153 [3]:83
[0]:90969497 [1]:15303030 [2]:153 [3]:82
[0]:91213880 [1]:15339167 [2]:153 [3]:87
[0]:91414786 [1]:15368874 [2]:153 [3]:362
