[0]:0 [1]:0 [2]:0 [3]:0
[0]:2229 [1]:0 [2]:0 [3]:313
[0]:230019 [1]:0 [2]:0 [3]:70
[0]:465013 [1]:0 [2]:0 [3]:62
[0]:702748 [1]:0 [2]:0 [3]:71
[0]:972983 [1]:0 [2]:0 [3]:74
[0]:1213101 [1]:0 [2]:0 [3]:106
[0]:1433975 [1]:0 [2]:0 [3]:322
[0]:1655019 [1]:0 [2]:0 [3]:316
[0]:1890576 [1]:0 [2]:0 [3]:325
[0]:2123930 [1]:0 [2]:0 [3]:317
[0]:2365006 [1]:0 [2]:0 [3]:48
[0]:2609257 [1]:0 [2]:0 [3]:98
[0]:2852569 [1]:0 [2]:0 [3]:307
[0]:3074886 [1]:0 [2]:0 [3]:58
[0]:3293468 [1]:0 [2]:0 [3]:315
[0]:3524287 [1]:0 [2]:0 [3]:312
[0]:3746427 [1]:0 [2]:0 [3]:312
[0]:3969999 [1]:0 [2]:0 [3]:46
[0]:4193991 [1]:0 [2]:0 [3]:309
[0]:4391233 [1]:22230 [2]:120 [3]:63
[0]:4589647 [1]:44703 [2]:120 [3]:361
[0]:4789148 [1]:67214 [2]:120 [3]:70
[0]:5016607 [1]:92829 [2]:120 [3]:69
[0]:5214399 [1]:115261 [2]:120 [3]:358
[0]:5405233 [1]:136856 [2]:120 [3]:349
[0]:5609255 [1]:159721 [2]:120 [3]:54
[0]:5811427 [1]:182590 [2]:120 [3]:66
[0]:6046488 [1]:209020 [2]:120 [3]:364
[0]:6249639 [1]:231996 [2]:120 [3]:365
[0]:6447819 [1]:254506 [2]:120 [3]:364
[0]:6672702 [1]:279752 [2]:120 [3]:357
[0]:6867304 [1]:301643 [2]:120 [3]:361
[0]:7063858 [1]:323821 [2]:120 [3]:355
[0]:7255715 [1]:345419 [2]:120 [3]:64
[0]:7463268 [1]:368873 [2]:120 [3]:67
[0]:7667198 [1]:391888 [2]:120 [3]:368
[0]:7861327 [1]:413681 [2]:120 [3]:69
[0]:8054817 [1]:435453 [2]:120 [3]:66
[0]:8256883 [1]:458229 [2]:120 [3]:360
[0]:8458736 [1]:481018 [2]:120 [3]:60
[0]:8702839 [1]:508388 [2]:120 [3]:60
[0]:8893650 [1]:530005 [2]:120 [3]:374
[0]:9113487 [1]:554809 [2]:120 [3]:351
[0]:9320512 [1]:578206 [2]:120 [3]:60
[0]:9515211 [1]:600131 [2]:120 [3]:65
[0]:9710121 [1]:622057 [2]:120 [3]:365
[0]:9901303 [1]:643553 [2]:120 [3]:59
[0]:10092113 [1]:664999 [2]:120 [3]:66
[0]:10289523 [1]:687244 [2]:120 [3]:69
[0]:10493220 [1]:710131 [2]:114 [3]:70
[0]:10694948 [1]:732775 [2]:114 [3]:61
[0]:10910864 [1]:757058 [2]:114 [3]:63
[0]:11112904 [1]:779932 [2]:114 [3]:64
[0]:11328218 [1]:804259 [2]:114 [3]:367
[0]:11526534 [1]:826581 [2]:114 [3]:69
[0]:11734914 [1]:850042 [2]:114 [3]:67
[0]:11934893 [1]:872651 [2]:114 [3]:61
[0]:12140885 [1]:895802 [2]:114 [3]:365
[0]:12339398 [1]:918168 [2]:114 [3]:64
[0]:12537075 [1]:940444 [2]:114 [3]:363
[0]:12737616 [1]:963152 [2]:114 [3]:52
[0]:12927322 [1]:984600 [2]:114 [3]:365
[0]:13165377 [1]:1011590 [2]:114 [3]:67
[0]:13366468 [1]:1034150 [2]:114 [3]:361
[0]:13559022 [1]:1055806 [2]:114 [3]:66
[0]:13762323 [1]:1078692 [2]:114 [3]:371
[0]:13972210 [1]:1102312 [2]:114 [3]:353
[0]:14170598 [1]:1124593 [2]:114 [3]:52
[0]:14372793 [1]:1147372 [2]:114 [3]:360
[0]:14575050 [1]:1170305 [2]:114 [3]:379
[0]:14775070 [1]:1193017 [2]:114 [3]:370
