[0]:184428504 [1]:27622832 [2]:123 [3]:78
[0]:184678105 [1]:27676602 [2]:123 [3]:357
[0]:184873819 [1]:27721795 [2]:123 [3]:357
[0]:185077362 [1]:27768796 [2]:123 [3]:356
[0]:185267348 [1]:27812707 [2]:123 [3]:363
[0]:185469914 [1]:27859468 [2]:123 [3]:64
[0]:185665063 [1]:27904568 [2]:123 [3]:360
[0]:185851460 [1]:27947701 [2]:123 [3]:56
[0]:186041763 [1]:27991652 [2]:123 [3]:357
[0]:186243350 [1]:28038254 [2]:123 [3]:352
[0]:186446173 [1]:28085093 [2]:123 [3]:360
[0]:186633189 [1]:28128278 [2]:123 [3]:360
[0]:186818799 [1]:28171155 [2]:123 [3]:359
[0]:187030507 [1]:28220068 [2]:123 [3]:59
[0]:187222398 [1]:28264411 [2]:123 [3]:367
[0]:187423060 [1]:28310732 [2]:123 [3]:64
[0]:187616976 [1]:28355513 [2]:123 [3]:359
[0]:187841109 [1]:28407289 [2]:123 [3]:359
[0]:188044075 [1]:28454170 [2]:123 [3]:56
[0]:188245532 [1]:28500635 [2]:123 [3]:361
[0]:188488615 [1]:28556792 [2]:123 [3]:358
[0]:188680840 [1]:28601251 [2]:123 [3]:357
[0]:188878143 [1]:28646817 [2]:123 [3]:361
[0]:189147394 [1]:28708931 [2]:123 [3]:366
[0]:189341348 [1]:28753773 [2]:123 [3]:355
[0]:189547012 [1]:28801354 [2]:123 [3]:358
[0]:189740889 [1]:28846185 [2]:123 [3]:365
[0]:189962270 [1]:28897380 [2]:123 [3]:364
[0]:190162109 [1]:28943461 [2]:123 [3]:362
[0]:190364113 [1]:28990105 [2]:123 [3]:356
[0]:190554590 [1]:29034136 [2]:123 [3]:359
[0]:190752273 [1]:29079815 [2]:123 [3]:356
[0]:190945078 [1]:29124432 [2]:123 [3]:363
[0]:191144325 [1]:29170353 [2]:123 [3]:359
[0]:191345760 [1]:29216903 [2]:123 [3]:357
[0]:191539776 [1]:29261761 [2]:123 [3]:360
[0]:191733915 [1]:29306683 [2]:123 [3]:358
[0]:191935548 [1]:29353217 [2]:123 [3]:54
[0]:192129499 [1]:29398131 [2]:123 [3]:357
[0]:192319915 [1]:29442113 [2]:123 [3]:362
[0]:192507058 [1]:29485338 [2]:123 [3]:357
[0]:192715561 [1]:29533551 [2]:126 [3]:366
[0]:192943373 [1]:29586127 [2]:126 [3]:363
[0]:193138004 [1]:29631123 [2]:126 [3]:366
[0]:193372470 [1]:29685302 [2]:126 [3]:370
[0]:193566634 [1]:29730208 [2]:126 [3]:360
[0]:193765849 [1]:29776235 [2]:126 [3]:360
[0]:193965953 [1]:29822487 [2]:126 [3]:368
[0]:194174744 [1]:29870771 [2]:126 [3]:362
[0]:194372720 [1]:29916514 [2]:126 [3]:55
[0]:194585240 [1]:29965634 [2]:126 [3]:362
[0]:194813043 [1]:30018209 [2]:126 [3]:364
[0]:195014541 [1]:30064759 [2]:126 [3]:56
[0]:195216209 [1]:30111410 [2]:126 [3]:365
[0]:195417656 [1]:30157980 [2]:126 [3]:63
[0]:195638108 [1]:30208867 [2]:126 [3]:364
[0]:195835756 [1]:30254524 [2]:126 [3]:57
[0]:196036788 [1]:30300971 [2]:126 [3]:362
[0]:196238803 [1]:30347609 [2]:126 [3]:63
[0]:196436653 [1]:30393397 [2]:126 [3]:365
[0]:196663349 [1]:30445816 [2]:126 [3]:61
[0]:196858301 [1]:30490838 [2]:126 [3]:361
[0]:197102658 [1]:30547302 [2]:126 [3]:363
[0]:197298865 [1]:30592623 [2]:126 [3]:354
[0]:197492317 [1]:30637345 [2]:126 [3]:360
[0]:197694374 [1]:30683983 [2]:126 [3]:61
[0]:197892184 [1]:30729700 [2]:126 [3]:360
[0]:198093113 [1]:30776123 [2]:126 [3]:367
[0]:198302653 [1]:30824527 [2]:126 [3]:364
[0]:198500690 [1]:30870213 [2]:126 [3]:364
[0]:198698608 [1]:30915966 [2]:126 [3]:354
[0]:198888482 [1]:30959796 [2]:126 [3]:355
[0]:199079208 [1]:31003865 [2]:126 [3]:366
[0]:199280671 [1]:31050378 [2]:126 [3]:360
[0]:199486118 [1]:31097746 [2]:126 [3]:354
[0]:199692914 [1]:31145511 [2]:126 [3]:365
[0]:199895935 [1]:31192408 [2]:126 [3]:365
[0]:200092520 [1]:31237814 [2]:126 [3]:63
[0]:200276604 [1]:31280362 [2]:126 [3]:356
[0]:200470588 [1]:31325132 [2]:126 [3]:360
[0]:200665612 [1]:31370170 [2]:126 [3]:359
[0]:200859650 [1]:31415010 [2]:126 [3]:357
[0]:201052242 [1]:31459595 [2]:126 [3]:358
[0]:201240424 [1]:31503013 [2]:126 [3]:358
[0]:201434509 [1]:31547885 [2]:126 [3]:359
[0]:201521009 [1]:31567874 [2]:126 [3]:363
[0]:201521009 [1]:31567874 [2]:126 [3]:363
[0]:201521009 [1]:31567874 [2]:126 [3]:363
