[0]:123061298 [1]:16043121 [2]:104 [3]:70
[0]:123263664 [1]:16089894 [2]:104 [3]:365
[0]:123469326 [1]:16137441 [2]:104 [3]:360
[0]:123665881 [1]:16182834 [2]:104 [3]:366
[0]:123870949 [1]:16230241 [2]:104 [3]:370
[0]:124076350 [1]:16277630 [2]:104 [3]:59
[0]:124274178 [1]:16323353 [2]:104 [3]:363
[0]:124485543 [1]:16372187 [2]:104 [3]:361
[0]:124688426 [1]:16419117 [2]:104 [3]:58
[0]:124911965 [1]:16470761 [2]:104 [3]:366
[0]:125140065 [1]:16523410 [2]:104 [3]:365
[0]:125334121 [1]:16568218 [2]:104 [3]:364
[0]:125528165 [1]:16613093 [2]:104 [3]:369
[0]:125755272 [1]:16665715 [2]:104 [3]:358
[0]:125968258 [1]:16714841 [2]:104 [3]:362
[0]:126166415 [1]:16760627 [2]:104 [3]:54
[0]:126393290 [1]:16813085 [2]:104 [3]:363
[0]:126584478 [1]:16857269 [2]:104 [3]:61
[0]:126823815 [1]:16912588 [2]:104 [3]:356
[0]:127021049 [1]:16958169 [2]:104 [3]:60
[0]:127282960 [1]:17018700 [2]:104 [3]:364
[0]:127480269 [1]:17064252 [2]:104 [3]:360
[0]:127666311 [1]:17107343 [2]:104 [3]:359
[0]:127860847 [1]:17152247 [2]:104 [3]:365
[0]:128054883 [1]:17197067 [2]:104 [3]:63
[0]:128256432 [1]:17243677 [2]:104 [3]:367
[0]:128567644 [1]:17315571 [2]:104 [3]:366
[0]:128760430 [1]:17360026 [2]:104 [3]:364
[0]:128973977 [1]:17409357 [2]:104 [3]:62
[0]:129171000 [1]:17454855 [2]:104 [3]:367
[0]:129386645 [1]:17504657 [2]:104 [3]:361
[0]:129632561 [1]:17561395 [2]:109 [3]:365
[0]:129835367 [1]:17608300 [2]:109 [3]:359
[0]:130044172 [1]:17656593 [2]:109 [3]:360
[0]:130238484 [1]:17701571 [2]:109 [3]:63
[0]:130436942 [1]:17747463 [2]:109 [3]:356
[0]:130626974 [1]:17791276 [2]:109 [3]:357
[0]:130835382 [1]:17839434 [2]:109 [3]:357
[0]:131033395 [1]:17885207 [2]:109 [3]:364
[0]:131239009 [1]:17932680 [2]:109 [3]:364
[0]:131443872 [1]:17979974 [2]:109 [3]:361
[0]:131641902 [1]:18025643 [2]:109 [3]:65
[0]:131832201 [1]:18069614 [2]:109 [3]:358
[0]:132022393 [1]:18113587 [2]:109 [3]:357
[0]:132212839 [1]:18157553 [2]:109 [3]:362
[0]:132410730 [1]:18203193 [2]:109 [3]:360
[0]:132616177 [1]:18250639 [2]:109 [3]:360
[0]:132806324 [1]:18294666 [2]:109 [3]:361
[0]:132994873 [1]:18338246 [2]:109 [3]:361
[0]:133187028 [1]:18382613 [2]:109 [3]:363
[0]:133385782 [1]:18428462 [2]:109 [3]:361
[0]:133577369 [1]:18472821 [2]:109 [3]:359
[0]:133770474 [1]:18517426 [2]:109 [3]:362
[0]:133973233 [1]:18564271 [2]:109 [3]:361
[0]:134172351 [1]:18610319 [2]:109 [3]:361
[0]:134370065 [1]:18655890 [2]:109 [3]:361
[0]:134568111 [1]:18701590 [2]:109 [3]:366
[0]:134762125 [1]:18746421 [2]:109 [3]:363
[0]:134963718 [1]:18792973 [2]:109 [3]:365
[0]:135165273 [1]:18839566 [2]:109 [3]:355
[0]:135355646 [1]:18883492 [2]:109 [3]:359
[0]:135553584 [1]:18929232 [2]:109 [3]:356
[0]:135747414 [1]:18974083 [2]:109 [3]:355
[0]:135956535 [1]:19022377 [2]:109 [3]:362
[0]:136184274 [1]:19074916 [2]:109 [3]:358
[0]:136381161 [1]:19120401 [2]:109 [3]:56
[0]:136602223 [1]:19171507 [2]:109 [3]:55
[0]:136794779 [1]:19216033 [2]:109 [3]:357
[0]:136990466 [1]:19261221 [2]:109 [3]:55
[0]:137190348 [1]:19307402 [2]:109 [3]:363
[0]:137381635 [1]:19351587 [2]:109 [3]:361
[0]:137587696 [1]:19399205 [2]:109 [3]:366
[0]:137792850 [1]:19446592 [2]:109 [3]:63
