[0]:133845554 [1]:15733777 [2]:96 [3]:71
[0]:134046870 [1]:15764818 [2]:96 [3]:357
[0]:134295518 [1]:15803143 [2]:96 [3]:367
[0]:134521003 [1]:15837833 [2]:97 [3]:55
[0]:134729914 [1]:15870063 [2]:97 [3]:63
[0]:134933719 [1]:15901510 [2]:97 [3]:359
[0]:135132557 [1]:15932236 [2]:97 [3]:74
[0]:135330744 [1]:15962740 [2]:97 [3]:362
[0]:135547210 [1]:15996010 [2]:97 [3]:372
[0]:135741299 [1]:16025882 [2]:97 [3]:58
[0]:135938468 [1]:16056290 [2]:97 [3]:364
[0]:136136822 [1]:16086845 [2]:97 [3]:363
[0]:136331122 [1]:16116773 [2]:97 [3]:61
[0]:136528446 [1]:16147145 [2]:101 [3]:65
[0]:136726380 [1]:16177648 [2]:101 [3]:63
[0]:136924389 [1]:16208174 [2]:101 [3]:361
[0]:137124715 [1]:16238930 [2]:101 [3]:67
[0]:137319630 [1]:16269095 [2]:101 [3]:364
[0]:137509935 [1]:16298426 [2]:101 [3]:359
[0]:137723658 [1]:16331442 [2]:101 [3]:73
[0]:137917416 [1]:16361317 [2]:101 [3]:368
[0]:138113929 [1]:16391590 [2]:101 [3]:368
[0]:138312178 [1]:16422119 [2]:101 [3]:364
[0]:138510123 [1]:16452623 [2]:101 [3]:356
[0]:138722773 [1]:16485302 [2]:102 [3]:354
[0]:138911636 [1]:16514393 [2]:102 [3]:356
[0]:139113037 [1]:16545291 [2]:102 [3]:356
[0]:139315069 [1]:16576464 [2]:102 [3]:368
[0]:139521385 [1]:16608194 [2]:102 [3]:63
[0]:139745410 [1]:16642649 [2]:102 [3]:361
[0]:139944449 [1]:16673292 [2]:102 [3]:364
[0]:140141377 [1]:16703725 [2]:102 [3]:66
[0]:140330308 [1]:16732816 [2]:102 [3]:63
[0]:140528483 [1]:16763235 [2]:102 [3]:363
[0]:140719288 [1]:16792740 [2]:102 [3]:358
[0]:140916252 [1]:16823002 [2]:102 [3]:356
[0]:141140901 [1]:16857611 [2]:102 [3]:368
[0]:141335024 [1]:16887534 [2]:102 [3]:363
[0]:141531402 [1]:16917798 [2]:102 [3]:359
[0]:141733590 [1]:16948876 [2]:102 [3]:361
[0]:141932246 [1]:16979442 [2]:102 [3]:66
[0]:142133790 [1]:17010539 [2]:102 [3]:66
[0]:142331582 [1]:17040951 [2]:102 [3]:55
[0]:142524901 [1]:17070944 [2]:102 [3]:360
[0]:142723302 [1]:17101446 [2]:102 [3]:55
[0]:142916827 [1]:17131255 [2]:102 [3]:358
[0]:143111349 [1]:17161274 [2]:102 [3]:70
[0]:143305368 [1]:17191223 [2]:102 [3]:358
[0]:143508728 [1]:17222477 [2]:102 [3]:364
[0]:143696938 [1]:17251390 [2]:102 [3]:362
[0]:143888228 [1]:17280919 [2]:102 [3]:61
[0]:144087382 [1]:17311606 [2]:102 [3]:363
[0]:144324067 [1]:17348109 [2]:102 [3]:365
[0]:144513623 [1]:17377291 [2]:102 [3]:365
[0]:144708687 [1]:17407205 [2]:102 [3]:69
[0]:144920687 [1]:17439851 [2]:102 [3]:61
[0]:145113187 [1]:17469519 [2]:102 [3]:56
[0]:145316905 [1]:17500898 [2]:102 [3]:370
[0]:145507314 [1]:17530187 [2]:102 [3]:83
[0]:145731250 [1]:17564704 [2]:102 [3]:357
[0]:145932635 [1]:17595840 [2]:102 [3]:64
[0]:146145366 [1]:17628595 [2]:102 [3]:357
[0]:146339259 [1]:17658470 [2]:102 [3]:359
[0]:146536553 [1]:17688895 [2]:102 [3]:366
[0]:146746103 [1]:17721188 [2]:102 [3]:63
[0]:146950998 [1]:17752773 [2]:102 [3]:66
[0]:147144655 [1]:17782603 [2]:102 [3]:363
[0]:147346877 [1]:17813730 [2]:102 [3]:53
[0]:147548501 [1]:17844746 [2]:102 [3]:369
[0]:147746270 [1]:17875160 [2]:102 [3]:356
[0]:147955198 [1]:17907375 [2]:102 [3]:61
[0]:148156642 [1]:17938461 [2]:102 [3]:59
[0]:148357548 [1]:17969328 [2]:102 [3]:63
[0]:148560281 [1]:18000562 [2]:102 [3]:354
[0]:148757485 [1]:18030972 [2]:102 [3]:64
[0]:148962797 [1]:18062567 [2]:102 [3]:62
[0]:149170443 [1]:18094474 [2]:102 [3]:357
[0]:149368920 [1]:18125052 [2]:102 [3]:359
[0]:149620278 [1]:18163771 [2]:102 [3]:80
[0]:149820207 [1]:18194641 [2]:102 [3]:353
[0]:150044697 [1]:18229377 [2]:102 [3]:77
[0]:150227860 [1]:18257559 [2]:102 [3]:355
[0]:150425964 [1]:18287979 [2]:102 [3]:359
[0]:150619502 [1]:18317905 [2]:102 [3]:370
[0]:150809707 [1]:18347169 [2]:102 [3]:354
[0]:151007741 [1]:18377627 [2]:102 [3]:365
[0]:151214791 [1]:18409521 [2]:102 [3]:377
[0]:151416349 [1]:18440591 [2]:102 [3]:64
[0]:151615872 [1]:18471353 [2]:102 [3]:56
[0]:151817352 [1]:18502454 [2]:102 [3]:57
[0]:152007662 [1]:18531786 [2]:102 [3]:76
[0]:152198193 [1]:18561054 [2]:102 [3]:357
[0]:152444063 [1]:18598870 [2]:102 [3]:65
[0]:152654414 [1]:18631227 [2]:102 [3]:71
[0]:152850328 [1]:18661295 [2]:102 [3]:66
[0]:153045454 [1]:18691259 [2]:102 [3]:362
[0]:153245934 [1]:18722138 [2]:102 [3]:365
[0]:153444740 [1]:18752812 [2]:102 [3]:364
[0]:153640025 [1]:18782860 [2]:102 [3]:359
[0]:153836469 [1]:18813140 [2]:102 [3]:74
[0]:154038560 [1]:18844157 [2]:102 [3]:362
[0]:154258292 [1]:18877904 [2]:102 [3]:59
[0]:154454136 [1]:18908069 [2]:102 [3]:367
[0]:154661386 [1]:18940034 [2]:102 [3]:74
[0]:154859155 [1]:18970440 [2]:102 [3]:65
[0]:155060178 [1]:19001406 [2]:102 [3]:357
[0]:155265863 [1]:19033110 [2]:102 [3]:367
[0]:155502377 [1]:19069576 [2]:102 [3]:60
[0]:155710104 [1]:19101574 [2]:102 [3]:361
[0]:155911727 [1]:19132499 [2]:102 [3]:366
[0]:156105713 [1]:19162323 [2]:102 [3]:363
[0]:156303495 [1]:19192786 [2]:102 [3]:361
[0]:156501374 [1]:19223249 [2]:102 [3]:353
[0]:156706625 [1]:19254725 [2]:102 [3]:60
[0]:156900751 [1]:19284787 [2]:102 [3]:67
[0]:157101970 [1]:19315770 [2]:102 [3]:59
[0]:157311108 [1]:19348035 [2]:102 [3]:362
[0]:157527395 [1]:19381435 [2]:102 [3]:355
[0]:157743019 [1]:19414623 [2]:102 [3]:359
[0]:157948994 [1]:19446393 [2]:102 [3]:372
[0]:158147061 [1]:19476907 [2]:102 [3]:61
[0]:158340114 [1]:19506617 [2]:102 [3]:366
[0]:158546008 [1]:19538373 [2]:102 [3]:364
[0]:158784616 [1]:19575054 [2]:102 [3]:55
[0]:158979095 [1]:19604937 [2]:102 [3]:363
[0]:159172960 [1]:19634912 [2]:102 [3]:54
[0]:159367163 [1]:19664786 [2]:102 [3]:358
[0]:159565041 [1]:19695242 [2]:102 [3]:58
[0]:159766458 [1]:19726241 [2]:102 [3]:69
[0]:159955795 [1]:19755362 [2]:102 [3]:358
[0]:160148982 [1]:19785076 [2]:102 [3]:59
[0]:160339980 [1]:19814472 [2]:102 [3]:363
[0]:160553976 [1]:19847368 [2]:102 [3]:68
[0]:160746168 [1]:19877095 [2]:102 [3]:362
[0]:160971868 [1]:19911809 [2]:102 [3]:370
[0]:161170827 [1]:19942425 [2]:102 [3]:356
[0]:161389960 [1]:19976148 [2]:102 [3]:351
[0]:161594968 [1]:20007765 [2]:102 [3]:358
[0]:161796157 [1]:20038733 [2]:102 [3]:361
[0]:161987462 [1]:20068166 [2]:102 [3]:74
[0]:162187646 [1]:20098960 [2]:102 [3]:367
[0]:162389963 [1]:20130068 [2]:102 [3]:51
[0]:162595193 [1]:20161690 [2]:102 [3]:366
[0]:162810936 [1]:20194904 [2]:102 [3]:368
[0]:163009468 [1]:20225547 [2]:102 [3]:66
[0]:163214936 [1]:20257144 [2]:102 [3]:367
[0]:163414559 [1]:20287754 [2]:102 [3]:366
[0]:163610335 [1]:20317903 [2]:102 [3]:351
[0]:163826931 [1]:20351274 [2]:102 [3]:356
[0]:164024587 [1]:20381697 [2]:102 [3]:75
[0]:164213985 [1]:20410833 [2]:102 [3]:64
[0]:164408840 [1]:20440944 [2]:102 [3]:354
[0]:164602961 [1]:20470906 [2]:102 [3]:358
[0]:164796584 [1]:20500721 [2]:102 [3]:64
[0]:165016814 [1]:20534643 [2]:102 [3]:63
[0]:165237698 [1]:20568503 [2]:102 [3]:370
[0]:165424602 [1]:20597250 [2]:102 [3]:361
[0]:165613747 [1]:20626477 [2]:102 [3]:70
[0]:165812114 [1]:20657056 [2]:102 [3]:63
[0]:166008425 [1]:20687174 [2]:102 [3]:58
[0]:166202488 [1]:20716968 [2]:102 [3]:67
[0]:166397001 [1]:20746942 [2]:102 [3]:69
[0]:166599542 [1]:20778173 [2]:102 [3]:355
[0]:166793470 [1]:20808000 [2]:102 [3]:363
[0]:167019797 [1]:20842736 [2]:102 [3]:358
[0]:167210839 [1]:20872230 [2]:102 [3]:58
[0]:167409232 [1]:20902730 [2]:102 [3]:364
[0]:167607257 [1]:20933191 [2]:102 [3]:358
[0]:167806263 [1]:20964062 [2]:102 [3]:63
[0]:168007905 [1]:20995150 [2]:102 [3]:60
[0]:168248005 [1]:21032116 [2]:102 [3]:354
[0]:168438811 [1]:21061488 [2]:102 [3]:357
[0]:168633513 [1]:21091479 [2]:102 [3]:74
[0]:168836198 [1]:21122862 [2]:102 [3]:78
[0]:169036196 [1]:21153601 [2]:102 [3]:365
[0]:169237599 [1]:21184670 [2]:102 [3]:365
[0]:169455033 [1]:21218158 [2]:102 [3]:365
[0]:169669736 [1]:21251210 [2]:102 [3]:365
[0]:169864497 [1]:21281114 [2]:102 [3]:365
[0]:170073684 [1]:21313340 [2]:102 [3]:366
[0]:170277756 [1]:21344956 [2]:102 [3]:358
[0]:170469044 [1]:21374519 [2]:102 [3]:62
[0]:170665431 [1]:21404854 [2]:102 [3]:368
[0]:170860786 [1]:21434899 [2]:102 [3]:66
[0]:171092405 [1]:21470623 [2]:102 [3]:361
[0]:171286188 [1]:21500455 [2]:102 [3]:65
[0]:171487824 [1]:21531428 [2]:102 [3]:63
[0]:171714244 [1]:21566337 [2]:102 [3]:67
[0]:171916939 [1]:21597543 [2]:102 [3]:359
[0]:172167706 [1]:21636176 [2]:102 [3]:67
[0]:172372289 [1]:21667675 [2]:102 [3]:74
[0]:172569371 [1]:21698127 [2]:102 [3]:60
[0]:172782708 [1]:21731004 [2]:102 [3]:68
[0]:172975619 [1]:21760765 [2]:102 [3]:356
[0]:173166843 [1]:21790308 [2]:102 [3]:59
[0]:173358283 [1]:21819734 [2]:102 [3]:360
[0]:173562538 [1]:21851092 [2]:102 [3]:53
[0]:173756056 [1]:21880884 [2]:102 [3]:364
[0]:173958211 [1]:21911978 [2]:102 [3]:367
[0]:174170032 [1]:21944698 [2]:102 [3]:370
[0]:174364848 [1]:21974789 [2]:102 [3]:52
[0]:174558896 [1]:22004621 [2]:102 [3]:360
[0]:174749100 [1]:22033948 [2]:102 [3]:361
[0]:174954351 [1]:22065590 [2]:102 [3]:364
[0]:175159624 [1]:22097160 [2]:102 [3]:350
[0]:175349432 [1]:22126395 [2]:102 [3]:362
[0]:175550380 [1]:22157303 [2]:102 [3]:360
[0]:175749265 [1]:22188001 [2]:102 [3]:58
[0]:175943398 [1]:22217855 [2]:102 [3]:369
[0]:176148728 [1]:22249469 [2]:102 [3]:351
[0]:176350238 [1]:22280419 [2]:102 [3]:360
[0]:176551832 [1]:22311462 [2]:102 [3]:367
[0]:176735546 [1]:22339721 [2]:102 [3]:363
[0]:176966041 [1]:22375318 [2]:102 [3]:365
[0]:177160052 [1]:22405166 [2]:102 [3]:60
[0]:177360751 [1]:22436115 [2]:102 [3]:72
[0]:177563007 [1]:22467325 [2]:102 [3]:364
[0]:177760827 [1]:22497860 [2]:102 [3]:363
[0]:177958619 [1]:22528227 [2]:102 [3]:360
[0]:178156136 [1]:22558816 [2]:102 [3]:352
[0]:178357741 [1]:22589829 [2]:102 [3]:362
[0]:178555537 [1]:22620253 [2]:102 [3]:366
[0]:178757163 [1]:22651368 [2]:102 [3]:352
[0]:179029792 [1]:22693363 [2]:102 [3]:357
[0]:179227276 [1]:22723839 [2]:102 [3]:66
[0]:179421745 [1]:22753852 [2]:102 [3]:354
[0]:179615089 [1]:22783657 [2]:102 [3]:373
[0]:179816637 [1]:22814705 [2]:102 [3]:60
[0]:180047954 [1]:22850359 [2]:102 [3]:357
[0]:180268040 [1]:22884396 [2]:102 [3]:366
[0]:180473588 [1]:22916068 [2]:102 [3]:71
[0]:180669885 [1]:22946269 [2]:102 [3]:354
[0]:180874491 [1]:22977791 [2]:102 [3]:360
[0]:181068279 [1]:23007593 [2]:102 [3]:359
[0]:181262403 [1]:23037494 [2]:102 [3]:359
[0]:181477269 [1]:23070718 [2]:102 [3]:360
[0]:181669102 [1]:23100381 [2]:102 [3]:70
[0]:181857762 [1]:23129385 [2]:102 [3]:362
[0]:182055624 [1]:23159755 [2]:102 [3]:369
[0]:182245992 [1]:23189042 [2]:102 [3]:359
[0]:182438269 [1]:23218633 [2]:102 [3]:362
[0]:182643151 [1]:23250174 [2]:102 [3]:358
[0]:182839495 [1]:23280317 [2]:102 [3]:363
[0]:183044562 [1]:23311949 [2]:102 [3]:59
[0]:183234792 [1]:23341247 [2]:102 [3]:359
[0]:183442599 [1]:23373184 [2]:102 [3]:367
[0]:183638116 [1]:23403366 [2]:102 [3]:361
[0]:183830753 [1]:23433048 [2]:102 [3]:361
[0]:184027454 [1]:23463327 [2]:102 [3]:57
[0]:184223143 [1]:23493460 [2]:102 [3]:75
[0]:184421795 [1]:23523977 [2]:102 [3]:355
[0]:184612274 [1]:23553305 [2]:102 [3]:62
[0]:184809817 [1]:23583661 [2]:102 [3]:356
[0]:185006469 [1]:23613984 [2]:102 [3]:64
[0]:185209254 [1]:23645205 [2]:102 [3]:361
[0]:185401003 [1]:23674720 [2]:102 [3]:62
[0]:185586641 [1]:23703398 [2]:102 [3]:362
[0]:185787616 [1]:23734276 [2]:102 [3]:364
[0]:185978019 [1]:23763660 [2]:102 [3]:70
[0]:186177020 [1]:23794351 [2]:102 [3]:67
[0]:186384704 [1]:23826284 [2]:102 [3]:354
[0]:186578724 [1]:23856120 [2]:102 [3]:365
[0]:186775100 [1]:23886410 [2]:102 [3]:366
[0]:186965599 [1]:23915785 [2]:102 [3]:53
[0]:187153655 [1]:23944785 [2]:102 [3]:60
[0]:187347381 [1]:23974599 [2]:102 [3]:356
[0]:187548927 [1]:24005617 [2]:102 [3]:75
[0]:187745418 [1]:24035882 [2]:102 [3]:71
[0]:187938660 [1]:24065606 [2]:102 [3]:360
[0]:188134916 [1]:24095838 [2]:102 [3]:358
[0]:188332306 [1]:24126287 [2]:102 [3]:364
[0]:188524785 [1]:24155864 [2]:102 [3]:364
[0]:188720744 [1]:24186113 [2]:102 [3]:358
[0]:188918715 [1]:24216659 [2]:102 [3]:363
[0]:189108682 [1]:24245935 [2]:102 [3]:366
[0]:189305815 [1]:24276456 [2]:102 [3]:361
[0]:189500653 [1]:24306410 [2]:102 [3]:369
[0]:189694741 [1]:24336224 [2]:102 [3]:365
[0]:189944656 [1]:24374692 [2]:102 [3]:61
[0]:190146276 [1]:24405860 [2]:102 [3]:67
[0]:190348043 [1]:24436991 [2]:102 [3]:55
[0]:190541955 [1]:24466823 [2]:102 [3]:362
[0]:190735752 [1]:24496736 [2]:102 [3]:367
[0]:190928543 [1]:24526446 [2]:102 [3]:364
[0]:191116405 [1]:24555334 [2]:102 [3]:367
[0]:191325054 [1]:24587353 [2]:102 [3]:64
[0]:191519480 [1]:24617293 [2]:102 [3]:366
[0]:191713453 [1]:24647182 [2]:102 [3]:363
[0]:191909951 [1]:24677409 [2]:102 [3]:74
[0]:192101740 [1]:24706963 [2]:102 [3]:369
[0]:192306899 [1]:24738541 [2]:102 [3]:65
[0]:192504477 [1]:24768995 [2]:102 [3]:53
[0]:192709895 [1]:24800591 [2]:102 [3]:360
[0]:192926479 [1]:24833908 [2]:102 [3]:360
[0]:193139312 [1]:24866580 [2]:102 [3]:58
[0]:193344494 [1]:24898261 [2]:102 [3]:356
[0]:193545944 [1]:24929357 [2]:102 [3]:361
[0]:193747256 [1]:24960474 [2]:102 [3]:374
[0]:193955553 [1]:24992654 [2]:102 [3]:56
[0]:194168486 [1]:25025331 [2]:102 [3]:369
[0]:194371557 [1]:25056609 [2]:102 [3]:358
[0]:194567474 [1]:25087033 [2]:102 [3]:55
[0]:194765909 [1]:25117532 [2]:102 [3]:367
[0]:194982487 [1]:25150934 [2]:102 [3]:64
[0]:195172754 [1]:25180211 [2]:102 [3]:56
[0]:195369704 [1]:25210596 [2]:102 [3]:56
[0]:195564610 [1]:25240516 [2]:102 [3]:362
[0]:195759257 [1]:25270582 [2]:102 [3]:65
[0]:195960092 [1]:25301536 [2]:102 [3]:359
[0]:196168954 [1]:25333767 [2]:102 [3]:371
[0]:196411514 [1]:25371023 [2]:102 [3]:57
[0]:196631666 [1]:25404968 [2]:102 [3]:78
[0]:196825532 [1]:25434788 [2]:102 [3]:362
[0]:197034584 [1]:25467013 [2]:102 [3]:367
[0]:197232587 [1]:25497513 [2]:102 [3]:57
[0]:197419066 [1]:25526285 [2]:102 [3]:366
[0]:197619623 [1]:25557221 [2]:102 [3]:60
[0]:197844376 [1]:25591783 [2]:102 [3]:366
[0]:198042280 [1]:25622295 [2]:102 [3]:364
[0]:198265958 [1]:25656700 [2]:102 [3]:370
[0]:198464559 [1]:25687278 [2]:102 [3]:362
[0]:198665095 [1]:25718245 [2]:102 [3]:70
[0]:198869010 [1]:25749567 [2]:102 [3]:359
[0]:199068558 [1]:25780318 [2]:102 [3]:65
[0]:199258864 [1]:25809579 [2]:102 [3]:356
[0]:199460582 [1]:25840678 [2]:102 [3]:370
[0]:199551795 [1]:25854777 [2]:102 [3]:365
[0]:199551795 [1]:25854777 [2]:102 [3]:365
[0]:199551795 [1]:25854777 [2]:102 [3]:365
[0]:199551795 [1]:25854777 [2]:102 [3]:365
[0]:199551795 [1]:25854777 [2]:102 [3]:365
[0]:199551795 [1]:25854777 [2]:102 [3]:365
[0]:199551795 [1]:25854777 [2]:102 [3]:365
[0]:199551795 [1]:25854777 [2]:102 [3]:365
[0]:199551795 [1]:25854777 [2]:102 [3]:365
[0]:199551795 [1]:25854777 [2]:102 [3]:365
[0]:199551795 [1]:25854777 [2]:102 [3]:365
