[0]:1069216095 [1]:1069216111 [2]:0 [3]:47
[0]:1070253808 [1]:1070253819 [2]:0 [3]:45
[0]:1071289691 [1]:1071289694 [2]:0 [3]:11
[0]:1072329134 [1]:1072329149 [2]:0 [3]:49
[0]:1073502067 [1]:1073502068 [2]:0 [3]:16
[0]:1074652592 [1]:1074652592 [2]:0 [3]:16
[0]:1075677791 [1]:1075677791 [2]:0 [3]:47
[0]:1076740046 [1]:1076740048 [2]:0 [3]:52
[0]:1077748913 [1]:1077748919 [2]:0 [3]:15
[0]:1078774829 [1]:1078774834 [2]:0 [3]:7
[0]:1079809369 [1]:1079809369 [2]:0 [3]:14
[0]:1081041848 [1]:1081041853 [2]:0 [3]:13
[0]:1082307002 [1]:1082307003 [2]:0 [3]:14
[0]:1083494872 [1]:1083494872 [2]:0 [3]:13
[0]:1084667701 [1]:1084667710 [2]:0 [3]:11
[0]:1085839376 [1]:1085839368 [2]:0 [3]:10
[0]:1087005437 [1]:1087005451 [2]:0 [3]:57
[0]:1088142880 [1]:1088142880 [2]:0 [3]:49
[0]:1089290654 [1]:1089290665 [2]:0 [3]:17
[0]:1090453864 [1]:1090453864 [2]:0 [3]:53
[0]:1091653761 [1]:1091653762 [2]:0 [3]:13
[0]:1092823348 [1]:1092823351 [2]:0 [3]:46
[0]:1093987074 [1]:1093987075 [2]:0 [3]:51
[0]:1095134989 [1]:1095134996 [2]:0 [3]:10
[0]:1096346152 [1]:1096346152 [2]:0 [3]:47
[0]:1097485409 [1]:1097485413 [2]:0 [3]:49
[0]:1098639929 [1]:1098639929 [2]:0 [3]:16
[0]:1099825846 [1]:1099825851 [2]:0 [3]:13
[0]:1101001956 [1]:1101001997 [2]:0 [3]:7
[0]:1102174182 [1]:1102174186 [2]:0 [3]:12
[0]:1103326559 [1]:1103326562 [2]:0 [3]:14
[0]:1104692375 [1]:1104692377 [2]:0 [3]:16
[0]:1105704830 [1]:1105704836 [2]:0 [3]:11
[0]:1106732319 [1]:1106732350 [2]:0 [3]:8
[0]:1107819755 [1]:1107819755 [2]:0 [3]:6
[0]:1108840597 [1]:1108840599 [2]:0 [3]:52
[0]:1109908885 [1]:1109908885 [2]:0 [3]:47
[0]:1110970712 [1]:1110970715 [2]:0 [3]:11
[0]:1111976205 [1]:1111976216 [2]:0 [3]:16
[0]:1113009169 [1]:1113009169 [2]:0 [3]:50
[0]:1114045383 [1]:1114045402 [2]:0 [3]:9
[0]:1115126842 [1]:1115126842 [2]:0 [3]:50
[0]:1116149895 [1]:1116149898 [2]:0 [3]:50
[0]:1117194991 [1]:1117194997 [2]:0 [3]:52
[0]:1118230049 [1]:1118230048 [2]:0 [3]:14
[0]:1119566259 [1]:1119566259 [2]:0 [3]:15
[0]:1120846110 [1]:1120846135 [2]:0 [3]:9
[0]:1122102127 [1]:1122102127 [2]:0 [3]:7
[0]:1123174788 [1]:1123174806 [2]:0 [3]:14
[0]:1124198859 [1]:1124198859 [2]:0 [3]:6
[0]:1125323387 [1]:1125323392 [2]:0 [3]:12
[0]:1126369909 [1]:1126369908 [2]:0 [3]:11
[0]:1127520791 [1]:1127520791 [2]:0 [3]:9
[0]:1128576851 [1]:1128576851 [2]:0 [3]:48
[0]:1129612262 [1]:1129612319 [2]:0 [3]:48
[0]:1130714592 [1]:1130714592 [2]:0 [3]:49
[0]:1131939304 [1]:1131939304 [2]:0 [3]:52
[0]:1132984500 [1]:1132984524 [2]:0 [3]:17
[0]:1134277402 [1]:1134277409 [2]:0 [3]:9
[0]:1135364854 [1]:1135364859 [2]:0 [3]:39
[0]:1136401576 [1]:1136401612 [2]:0 [3]:9
[0]:1137444017 [1]:1137444017 [2]:0 [3]:12
[0]:1138812729 [1]:1138812740 [2]:0 [3]:13
[0]:1140170312 [1]:1140170312 [2]:0 [3]:48
[0]:1141427844 [1]:1141427854 [2]:0 [3]:17
[0]:1142605896 [1]:1142605902 [2]:0 [3]:7
[0]:1143790997 [1]:1143791002 [2]:0 [3]:48
[0]:1144940785 [1]:1144940796 [2]:0 [3]:10
[0]:1146136796 [1]:1146136799 [2]:0 [3]:17
[0]:1147275479 [1]:1147275483 [2]:0 [3]:50
[0]:1148414479 [1]:1148414479 [2]:0 [3]:12
[0]:1149512076 [1]:1149512076 [2]:0 [3]:50
[0]:1150727061 [1]:1150727142 [2]:0 [3]:8
[0]:1151891264 [1]:1151891266 [2]:0 [3]:15
[0]:1153115734 [1]:1153115746 [2]:0 [3]:12
[0]:1154283715 [1]:1154283719 [2]:0 [3]:47
[0]:1155419360 [1]:1155419360 [2]:0 [3]:53
[0]:1156565918 [1]:1156565929 [2]:0 [3]:45
[0]:1157763391 [1]:1157763391 [2]:0 [3]:51
[0]:1158929244 [1]:1158929246 [2]:0 [3]:15
[0]:1160073589 [1]:1160073590 [2]:0 [3]:14
[0]:1161236086 [1]:1161236087 [2]:0 [3]:12
[0]:1162260547 [1]:1162260564 [2]:0 [3]:56
[0]:1163297879 [1]:1163297879 [2]:0 [3]:11
[0]:1164304888 [1]:1164304885 [2]:0 [3]:12
[0]:1165332263 [1]:1165332267 [2]:0 [3]:11
[0]:1166357284 [1]:1166357285 [2]:0 [3]:50
[0]:1167394438 [1]:1167394444 [2]:0 [3]:52
[0]:1168418808 [1]:1168418808 [2]:0 [3]:53
[0]:1169482050 [1]:1169482056 [2]:0 [3]:11
[0]:1170672044 [1]:1170672058 [2]:0 [3]:15
[0]:1171678742 [1]:1171678744 [2]:0 [3]:55
[0]:1172720010 [1]:1172720015 [2]:0 [3]:17
[0]:1173806813 [1]:1173806819 [2]:0 [3]:12
[0]:1174833504 [1]:1174833504 [2]:0 [3]:48
[0]:1175944074 [1]:1175944078 [2]:0 [3]:12
[0]:1177005172 [1]:1177005187 [2]:0 [3]:11
[0]:1178261135 [1]:1178261153 [2]:0 [3]:17
[0]:1179535057 [1]:1179535058 [2]:0 [3]:54
[0]:1180638401 [1]:1180638421 [2]:0 [3]:15
[0]:1181726080 [1]:1181726080 [2]:0 [3]:50
[0]:1182753625 [1]:1182753628 [2]:0 [3]:10
[0]:1183794254 [1]:1183794256 [2]:0 [3]:48
[0]:1184820288 [1]:1184820291 [2]:0 [3]:14
[0]:1185849104 [1]:1185849104 [2]:0 [3]:52
[0]:1186926485 [1]:1186926492 [2]:0 [3]:12
[0]:1188239673 [1]:1188239673 [2]:0 [3]:45
[0]:1189257889 [1]:1189257927 [2]:0 [3]:8
[0]:1190370744 [1]:1190370745 [2]:0 [3]:13
[0]:1191420168 [1]:1191420167 [2]:0 [3]:54
[0]:1192504396 [1]:1192504397 [2]:0 [3]:12
[0]:1193511721 [1]:1193511721 [2]:0 [3]:51
[0]:1194522430 [1]:1194522438 [2]:0 [3]:19
[0]:1195554684 [1]:1195554685 [2]:0 [3]:11
[0]:1197021168 [1]:1197021168 [2]:0 [3]:52
[0]:1198358332 [1]:1198358361 [2]:0 [3]:50
[0]:1199590527 [1]:1199590543 [2]:0 [3]:10
[0]:1200773149 [1]:1200773153 [2]:0 [3]:8
[0]:1202048504 [1]:1202048510 [2]:0 [3]:14
[0]:1203189997 [1]:1203190002 [2]:0 [3]:16
[0]:1204345646 [1]:1204345646 [2]:0 [3]:10
[0]:1205536061 [1]:1205536060 [2]:0 [3]:47
[0]:1206708391 [1]:1206708392 [2]:0 [3]:19
[0]:1208034112 [1]:1208034112 [2]:0 [3]:55
[0]:1209182240 [1]:1209182242 [2]:0 [3]:14
[0]:1210329720 [1]:1210329717 [2]:0 [3]:14
[0]:1211501982 [1]:1211501994 [2]:0 [3]:9
[0]:1212693280 [1]:1212693280 [2]:0 [3]:51
[0]:1213837269 [1]:1213837269 [2]:0 [3]:46
[0]:1215038826 [1]:1215038829 [2]:0 [3]:6
[0]:1216225009 [1]:1216225009 [2]:0 [3]:53
[0]:1217385000 [1]:1217385033 [2]:0 [3]:50
[0]:1218574481 [1]:1218574482 [2]:0 [3]:50
[0]:1219666261 [1]:1219666265 [2]:0 [3]:13
[0]:1220990930 [1]:1220990931 [2]:0 [3]:48
[0]:1222022962 [1]:1222022962 [2]:0 [3]:13
[0]:1223069986 [1]:1223069996 [2]:0 [3]:47
[0]:1224127811 [1]:1224127814 [2]:0 [3]:15
[0]:1225161288 [1]:1225161288 [2]:0 [3]:48
[0]:1226225590 [1]:1226225590 [2]:0 [3]:13
[0]:1227273645 [1]:1227273643 [2]:0 [3]:49
[0]:1228332375 [1]:1228332375 [2]:0 [3]:12
[0]:1229380723 [1]:1229380725 [2]:0 [3]:18
[0]:1230434784 [1]:1230434783 [2]:0 [3]:49
[0]:1231598165 [1]:1231598166 [2]:0 [3]:15
[0]:1232641050 [1]:1232641052 [2]:0 [3]:12
[0]:1233692488 [1]:1233692488 [2]:0 [3]:50
[0]:1234764118 [1]:1234764128 [2]:0 [3]:14
[0]:1235941754 [1]:1235941754 [2]:0 [3]:57
[0]:1237253224 [1]:1237253224 [2]:0 [3]:55
[0]:1238611989 [1]:1238612006 [2]:0 [3]:13
[0]:1239896920 [1]:1239896928 [2]:0 [3]:48
[0]:1240961366 [1]:1240961371 [2]:0 [3]:50
[0]:1242008929 [1]:1242008942 [2]:0 [3]:18
[0]:1243076832 [1]:1243076832 [2]:0 [3]:44
[0]:1243726495 [1]:1243726495 [2]:0 [3]:47
[0]:1243726495 [1]:1243726495 [2]:0 [3]:47
[0]:1243726495 [1]:1243726495 [2]:0 [3]:47
[0]:1243726495 [1]:1243726495 [2]:0 [3]:47
[0]:1243726495 [1]:1243726495 [2]:0 [3]:47
[0]:1243726495 [1]:1243726495 [2]:0 [3]:47
[0]:1243726495 [1]:1243726495 [2]:0 [3]:47
[0]:1243726495 [1]:1243726495 [2]:0 [3]:47
[0]:1243726495 [1]:1243726495 [2]:0 [3]:47
