[0]:30392944 [1]:3896632 [2]:150 [3]:363
[0]:30587333 [1]:3941584 [2]:150 [3]:363
[0]:30792304 [1]:3988968 [2]:150 [3]:359
[0]:30993859 [1]:4035518 [2]:150 [3]:354
[0]:31195431 [1]:4082065 [2]:150 [3]:362
[0]:31471730 [1]:4145824 [2]:150 [3]:59
[0]:31668257 [1]:4191245 [2]:150 [3]:362
[0]:31859978 [1]:4235565 [2]:150 [3]:359
[0]:32061285 [1]:4282096 [2]:150 [3]:366
[0]:32269521 [1]:4330185 [2]:150 [3]:57
[0]:32460655 [1]:4374355 [2]:150 [3]:357
[0]:32658485 [1]:4420091 [2]:160 [3]:365
[0]:32860033 [1]:4466650 [2]:160 [3]:363
[0]:33069596 [1]:4515110 [2]:160 [3]:62
[0]:33283607 [1]:4564500 [2]:160 [3]:56
[0]:33486731 [1]:4611393 [2]:160 [3]:363
[0]:33703595 [1]:4661474 [2]:160 [3]:362
[0]:33901371 [1]:4707166 [2]:160 [3]:358
[0]:34113234 [1]:4756027 [2]:160 [3]:364
[0]:34314876 [1]:4802654 [2]:160 [3]:364
[0]:34517297 [1]:4849405 [2]:160 [3]:362
[0]:34745019 [1]:4901934 [2]:160 [3]:355
[0]:34950411 [1]:4949421 [2]:160 [3]:60
[0]:35140603 [1]:4993297 [2]:160 [3]:359
[0]:35345941 [1]:5040779 [2]:165 [3]:363
[0]:35551237 [1]:5088201 [2]:165 [3]:360
[0]:35763976 [1]:5137293 [2]:165 [3]:53
[0]:35976065 [1]:5186272 [2]:165 [3]:357
[0]:36178295 [1]:5232982 [2]:165 [3]:361
[0]:36368924 [1]:5277017 [2]:165 [3]:361
[0]:36566447 [1]:5322697 [2]:165 [3]:355
[0]:36760590 [1]:5367532 [2]:165 [3]:355
[0]:36965937 [1]:5414941 [2]:165 [3]:365
[0]:37227172 [1]:5475300 [2]:165 [3]:357
[0]:37428429 [1]:5521780 [2]:165 [3]:365
[0]:37632633 [1]:5569010 [2]:165 [3]:363
[0]:37853924 [1]:5620077 [2]:165 [3]:355
[0]:38063341 [1]:5668478 [2]:165 [3]:361
[0]:38283196 [1]:5719294 [2]:166 [3]:360
[0]:38511015 [1]:5771977 [2]:166 [3]:359
[0]:38723462 [1]:5821096 [2]:166 [3]:362
[0]:38932885 [1]:5869370 [2]:166 [3]:359
[0]:39134403 [1]:5915898 [2]:166 [3]:355
[0]:39343395 [1]:5964196 [2]:166 [3]:365
[0]:39538484 [1]:6009310 [2]:166 [3]:360
[0]:39731570 [1]:6053868 [2]:166 [3]:58
[0]:39930820 [1]:6099930 [2]:166 [3]:359
[0]:40123602 [1]:6144448 [2]:166 [3]:360
[0]:40398419 [1]:6207879 [2]:166 [3]:358
[0]:40587739 [1]:6251663 [2]:166 [3]:353
[0]:40788686 [1]:6298050 [2]:166 [3]:367
[0]:40989445 [1]:6344445 [2]:166 [3]:362
[0]:41187203 [1]:6390149 [2]:166 [3]:64
[0]:41392499 [1]:6437612 [2]:166 [3]:358
[0]:41668644 [1]:6501416 [2]:166 [3]:357
[0]:41881472 [1]:6550574 [2]:166 [3]:54
[0]:42078519 [1]:6596101 [2]:166 [3]:359
[0]:42291583 [1]:6645343 [2]:166 [3]:364
[0]:42489759 [1]:6691114 [2]:166 [3]:56
[0]:42687611 [1]:6736863 [2]:166 [3]:363
[0]:42881701 [1]:6781711 [2]:166 [3]:358
[0]:43076337 [1]:6826758 [2]:166 [3]:364
[0]:43281061 [1]:6874059 [2]:166 [3]:362
[0]:43478937 [1]:6919695 [2]:166 [3]:361
[0]:43674371 [1]:6964838 [2]:166 [3]:363
[0]:43878147 [1]:7012001 [2]:166 [3]:358
[0]:44075987 [1]:7057726 [2]:166 [3]:360
[0]:44266546 [1]:7101772 [2]:166 [3]:357
[0]:44471756 [1]:7149054 [2]:166 [3]:357
[0]:44690442 [1]:7199554 [2]:166 [3]:363
[0]:44885946 [1]:7244814 [2]:166 [3]:354
[0]:45080039 [1]:7289665 [2]:166 [3]:366
