[0]:0 [1]:0 [2]:0 [3]:0
[0]:0 [1]:0 [2]:0 [3]:0
[0]:208577 [1]:0 [2]:0 [3]:70
[0]:422639 [1]:0 [2]:0 [3]:53
[0]:645993 [1]:0 [2]:0 [3]:68
[0]:886834 [1]:0 [2]:0 [3]:319
[0]:1102215 [1]:6045 [2]:120 [3]:357
[0]:1293105 [1]:27567 [2]:120 [3]:361
[0]:1481588 [1]:48888 [2]:120 [3]:361
[0]:1676604 [1]:70801 [2]:120 [3]:367
[0]:1874774 [1]:93167 [2]:120 [3]:69
[0]:2069605 [1]:115136 [2]:120 [3]:66
[0]:2257855 [1]:136296 [2]:120 [3]:367
[0]:2458014 [1]:159227 [2]:120 [3]:358
[0]:2660774 [1]:182249 [2]:98 [3]:63
[0]:2859219 [1]:204665 [2]:98 [3]:53
[0]:3053199 [1]:226614 [2]:98 [3]:359
[0]:3262086 [1]:250188 [2]:98 [3]:373
[0]:3457058 [1]:272122 [2]:98 [3]:66
[0]:3671683 [1]:296289 [2]:98 [3]:369
[0]:3864278 [1]:318127 [2]:98 [3]:58
[0]:4055854 [1]:339698 [2]:98 [3]:363
[0]:4260440 [1]:362754 [2]:87 [3]:48
[0]:4451266 [1]:384372 [2]:87 [3]:366
[0]:4648858 [1]:406587 [2]:87 [3]:72
[0]:4839908 [1]:428097 [2]:87 [3]:75
[0]:5088869 [1]:456098 [2]:87 [3]:361
[0]:5300670 [1]:480050 [2]:87 [3]:386
[0]:5491352 [1]:501550 [2]:87 [3]:362
[0]:5693673 [1]:524522 [2]:81 [3]:74
[0]:5893566 [1]:547017 [2]:81 [3]:58
[0]:6105324 [1]:570926 [2]:81 [3]:68
[0]:6328617 [1]:596062 [2]:81 [3]:65
[0]:6523958 [1]:618299 [2]:81 [3]:80
[0]:6738127 [1]:642393 [2]:81 [3]:63
[0]:6931340 [1]:664080 [2]:81 [3]:70
[0]:7138280 [1]:687388 [2]:81 [3]:62
[0]:7358398 [1]:712194 [2]:78 [3]:64
[0]:7554606 [1]:734379 [2]:78 [3]:56
[0]:7756916 [1]:757035 [2]:78 [3]:66
[0]:7944414 [1]:778226 [2]:78 [3]:62
[0]:8139759 [1]:800297 [2]:78 [3]:64
[0]:8334118 [1]:822207 [2]:78 [3]:359
[0]:8535648 [1]:844886 [2]:78 [3]:61
[0]:8738085 [1]:867764 [2]:77 [3]:371
[0]:8933911 [1]:889807 [2]:77 [3]:370
[0]:9138653 [1]:912817 [2]:77 [3]:364
[0]:9337309 [1]:935242 [2]:77 [3]:356
[0]:9531123 [1]:957328 [2]:77 [3]:72
[0]:9725378 [1]:979112 [2]:77 [3]:365
[0]:9921039 [1]:1001274 [2]:77 [3]:376
[0]:10118076 [1]:1023474 [2]:77 [3]:353
[0]:10325485 [1]:1046801 [2]:76 [3]:361
[0]:10520525 [1]:1068697 [2]:76 [3]:62
[0]:10722783 [1]:1091512 [2]:76 [3]:55
[0]:10928699 [1]:1114676 [2]:76 [3]:60
[0]:11119729 [1]:1136238 [2]:76 [3]:58
[0]:11325199 [1]:1159431 [2]:76 [3]:73
[0]:11527699 [1]:1182335 [2]:76 [3]:65
[0]:11716186 [1]:1203725 [2]:76 [3]:361
[0]:11930930 [1]:1227848 [2]:76 [3]:61
[0]:12122534 [1]:1249608 [2]:76 [3]:70
[0]:12321251 [1]:1272049 [2]:76 [3]:361
[0]:12519768 [1]:1294336 [2]:76 [3]:363
[0]:12720471 [1]:1317007 [2]:76 [3]:71
[0]:12922457 [1]:1339834 [2]:76 [3]:62
[0]:13122662 [1]:1362215 [2]:76 [3]:367
[0]:13321091 [1]:1384786 [2]:76 [3]:367
[0]:13508984 [1]:1406005 [2]:76 [3]:66
[0]:13699458 [1]:1427468 [2]:76 [3]:60
[0]:13893425 [1]:1449396 [2]:76 [3]:62
[0]:14083525 [1]:1470774 [2]:76 [3]:57
[0]:14290982 [1]:1494211 [2]:76 [3]:62
[0]:14489660 [1]:1516606 [2]:76 [3]:76
[0]:14682713 [1]:1538349 [2]:76 [3]:75
[0]:14871564 [1]:1559592 [2]:76 [3]:76
[0]:15066125 [1]:1581486 [2]:76 [3]:361
[0]:15259599 [1]:1603354 [2]:76 [3]:67
[0]:15474677 [1]:1627568 [2]:76 [3]:49
[0]:15680178 [1]:1650822 [2]:76 [3]:57
[0]:15882437 [1]:1673536 [2]:76 [3]:361
[0]:16079585 [1]:1695761 [2]:76 [3]:56
[0]:16281577 [1]:1718571 [2]:76 [3]:65
[0]:16474077 [1]:1740270 [2]:76 [3]:63
[0]:16670954 [1]:1762574 [2]:76 [3]:72
[0]:16875653 [1]:1785639 [2]:76 [3]:364
[0]:17065600 [1]:1807091 [2]:76 [3]:367
[0]:17262210 [1]:1829317 [2]:76 [3]:362
[0]:17462364 [1]:1852089 [2]:76 [3]:358
[0]:17662986 [1]:1874726 [2]:76 [3]:50
[0]:17878895 [1]:1898940 [2]:76 [3]:372
[0]:18075122 [1]:1921000 [2]:76 [3]:365
[0]:18274846 [1]:1943617 [2]:76 [3]:71
[0]:18470278 [1]:1965711 [2]:76 [3]:69
[0]:18671156 [1]:1988477 [2]:76 [3]:65
[0]:18873751 [1]:2011324 [2]:76 [3]:367
[0]:19076466 [1]:2034035 [2]:76 [3]:66
[0]:19274425 [1]:2056405 [2]:76 [3]:72
[0]:19471629 [1]:2078585 [2]:76 [3]:371
[0]:19675336 [1]:2101742 [2]:76 [3]:361
[0]:19869884 [1]:2123666 [2]:76 [3]:66
[0]:20075161 [1]:2146744 [2]:76 [3]:362
[0]:20296870 [1]:2171773 [2]:76 [3]:360
[0]:20495247 [1]:2194218 [2]:76 [3]:376
[0]:20700963 [1]:2217539 [2]:76 [3]:358
[0]:20976845 [1]:2248605 [2]:76 [3]:60
[0]:21180478 [1]:2271698 [2]:76 [3]:69
[0]:21386191 [1]:2294862 [2]:76 [3]:66
[0]:21584581 [1]:2317379 [2]:76 [3]:353
[0]:21790398 [1]:2340466 [2]:76 [3]:369
[0]:21991295 [1]:2363213 [2]:76 [3]:360
[0]:22186076 [1]:2385124 [2]:76 [3]:65
[0]:22376205 [1]:2406640 [2]:76 [3]:57
[0]:22576660 [1]:2429202 [2]:76 [3]:64
[0]:22775521 [1]:2451557 [2]:76 [3]:61
[0]:22972837 [1]:2473840 [2]:76 [3]:71
[0]:23163394 [1]:2495331 [2]:76 [3]:362
[0]:23350480 [1]:2516508 [2]:76 [3]:361
[0]:23554142 [1]:2539535 [2]:76 [3]:66
[0]:23745125 [1]:2561029 [2]:76 [3]:370
[0]:23935048 [1]:2582610 [2]:76 [3]:70
[0]:24134187 [1]:2605055 [2]:76 [3]:363
[0]:24340686 [1]:2628390 [2]:76 [3]:364
[0]:24552264 [1]:2652321 [2]:76 [3]:368
[0]:24759751 [1]:2675643 [2]:76 [3]:73
[0]:24965673 [1]:2698900 [2]:76 [3]:65
[0]:25160370 [1]:2720787 [2]:76 [3]:70
[0]:25353449 [1]:2742789 [2]:76 [3]:65
[0]:25551881 [1]:2765146 [2]:76 [3]:356
[0]:25744563 [1]:2786862 [2]:76 [3]:50
[0]:25938107 [1]:2808792 [2]:76 [3]:59
[0]:26130166 [1]:2830413 [2]:76 [3]:64
[0]:26380469 [1]:2858552 [2]:76 [3]:71
[0]:26579540 [1]:2880952 [2]:76 [3]:64
[0]:26768039 [1]:2902574 [2]:76 [3]:63
[0]:26959624 [1]:2924105 [2]:76 [3]:76
[0]:27163336 [1]:2947095 [2]:76 [3]:53
[0]:27358000 [1]:2968992 [2]:76 [3]:68
