[0]:85263233 [1]:13833329 [2]:167 [3]:363
[0]:85467944 [1]:13863633 [2]:167 [3]:364
[0]:85680813 [1]:13895204 [2]:167 [3]:90
[0]:85885140 [1]:13925739 [2]:167 [3]:78
[0]:86090520 [1]:13956173 [2]:167 [3]:366
[0]:86322685 [1]:13990535 [2]:164 [3]:366
[0]:86521506 [1]:14020075 [2]:164 [3]:357
[0]:86730794 [1]:14051133 [2]:164 [3]:86
[0]:86933851 [1]:14081093 [2]:164 [3]:79
[0]:87209651 [1]:14121964 [2]:164 [3]:361
[0]:87427722 [1]:14154227 [2]:164 [3]:373
[0]:87682408 [1]:14191850 [2]:164 [3]:89
[0]:87886646 [1]:14222129 [2]:164 [3]:364
[0]:88097783 [1]:14253359 [2]:164 [3]:373
[0]:88292132 [1]:14282120 [2]:164 [3]:354
[0]:88498068 [1]:14312605 [2]:164 [3]:363
[0]:88726573 [1]:14346456 [2]:164 [3]:375
[0]:88950158 [1]:14379553 [2]:164 [3]:362
[0]:89151489 [1]:14409455 [2]:164 [3]:359
[0]:89358695 [1]:14440135 [2]:164 [3]:365
[0]:89592012 [1]:14474792 [2]:164 [3]:83
[0]:89805535 [1]:14506320 [2]:158 [3]:363
[0]:90039173 [1]:14540933 [2]:158 [3]:364
[0]:90252022 [1]:14572388 [2]:158 [3]:362
[0]:90450008 [1]:14601595 [2]:158 [3]:75
[0]:90669601 [1]:14634043 [2]:158 [3]:368
[0]:90882570 [1]:14665662 [2]:158 [3]:365
[0]:91083458 [1]:14695405 [2]:158 [3]:80
[0]:91292258 [1]:14726313 [2]:158 [3]:364
[0]:91497141 [1]:14756744 [2]:158 [3]:87
[0]:91702028 [1]:14787084 [2]:158 [3]:370
[0]:91904092 [1]:14817159 [2]:158 [3]:359
[0]:92119396 [1]:14849039 [2]:158 [3]:362
[0]:92334649 [1]:14880925 [2]:158 [3]:71
[0]:92543340 [1]:14911806 [2]:158 [3]:365
[0]:92742444 [1]:14941268 [2]:158 [3]:369
[0]:92947141 [1]:14971620 [2]:158 [3]:361
[0]:93181238 [1]:15006423 [2]:158 [3]:359
[0]:93404520 [1]:15039376 [2]:155 [3]:75
[0]:93617006 [1]:15070765 [2]:155 [3]:368
[0]:93817993 [1]:15100544 [2]:155 [3]:363
[0]:94021593 [1]:15130695 [2]:155 [3]:359
[0]:94228117 [1]:15161240 [2]:155 [3]:79
[0]:94433094 [1]:15191525 [2]:155 [3]:361
[0]:94633861 [1]:15221155 [2]:155 [3]:360
[0]:94835118 [1]:15250835 [2]:155 [3]:354
[0]:95031744 [1]:15280062 [2]:155 [3]:356
[0]:95233153 [1]:15309767 [2]:155 [3]:362
[0]:95442058 [1]:15340653 [2]:155 [3]:365
[0]:95650804 [1]:15371653 [2]:155 [3]:360
[0]:95859500 [1]:15402586 [2]:155 [3]:361
[0]:96083783 [1]:15435756 [2]:155 [3]:362
[0]:96291766 [1]:15466549 [2]:155 [3]:362
[0]:96494120 [1]:15496582 [2]:155 [3]:356
[0]:96698225 [1]:15526828 [2]:155 [3]:363
[0]:96908071 [1]:15557808 [2]:155 [3]:362
[0]:97112840 [1]:15588081 [2]:153 [3]:368
[0]:97317782 [1]:15618472 [2]:153 [3]:363
[0]:97529527 [1]:15649861 [2]:153 [3]:365
[0]:97735522 [1]:15680449 [2]:153 [3]:367
[0]:97941702 [1]:15710934 [2]:153 [3]:367
[0]:98145738 [1]:15741082 [2]:153 [3]:364
[0]:98419157 [1]:15781665 [2]:153 [3]:363
[0]:98618092 [1]:15811212 [2]:153 [3]:366
[0]:98827001 [1]:15842087 [2]:153 [3]:366
[0]:99039619 [1]:15873571 [2]:153 [3]:361
[0]:99240694 [1]:15903371 [2]:153 [3]:357
[0]:99448990 [1]:15934225 [2]:153 [3]:84
[0]:99650470 [1]:15963987 [2]:153 [3]:362
[0]:99883293 [1]:15998399 [2]:153 [3]:368
[0]:100076119 [1]:16026880 [2]:153 [3]:361
[0]:100280050 [1]:16057137 [2]:153 [3]:369
[0]:100490412 [1]:16088289 [2]:153 [3]:357
[0]:100686963 [1]:16117494 [2]:152 [3]:367
[0]:100887910 [1]:16147289 [2]:152 [3]:368
[0]:101098347 [1]:16178520 [2]:152 [3]:364
[0]:101329263 [1]:16212622 [2]:152 [3]:368
[0]:101538274 [1]:16243572 [2]:152 [3]:369
[0]:101741699 [1]:16273597 [2]:152 [3]:78
[0]:101948080 [1]:16304073 [2]:152 [3]:364
[0]:102216042 [1]:16343810 [2]:152 [3]:361
[0]:102417008 [1]:16373664 [2]:152 [3]:368
[0]:102613982 [1]:16402772 [2]:152 [3]:361
[0]:102818834 [1]:16433121 [2]:152 [3]:373
[0]:103023638 [1]:16463472 [2]:152 [3]:362
[0]:103232816 [1]:16494361 [2]:152 [3]:363
[0]:103444518 [1]:16525699 [2]:152 [3]:361
[0]:103668031 [1]:16558677 [2]:152 [3]:367
[0]:103867335 [1]:16588204 [2]:152 [3]:367
[0]:104083632 [1]:16620234 [2]:152 [3]:354
[0]:104281746 [1]:16649747 [2]:152 [3]:79
[0]:104509221 [1]:16683604 [2]:152 [3]:355
[0]:104707174 [1]:16712920 [2]:152 [3]:367
[0]:104905471 [1]:16742269 [2]:152 [3]:77
[0]:105108390 [1]:16772321 [2]:152 [3]:368
[0]:105328728 [1]:16804980 [2]:152 [3]:357
[0]:105577200 [1]:16841709 [2]:152 [3]:369
[0]:105786112 [1]:16872587 [2]:152 [3]:375
[0]:105994897 [1]:16903608 [2]:152 [3]:361
[0]:106203981 [1]:16934542 [2]:152 [3]:365
[0]:106408739 [1]:16964854 [2]:152 [3]:369
[0]:106611728 [1]:16994916 [2]:152 [3]:367
[0]:106810399 [1]:17024241 [2]:152 [3]:362
[0]:107011945 [1]:17054133 [2]:152 [3]:360
[0]:107205475 [1]:17082819 [2]:152 [3]:361
[0]:107409898 [1]:17113105 [2]:152 [3]:359
[0]:107614659 [1]:17143321 [2]:152 [3]:369
[0]:107811737 [1]:17172456 [2]:152 [3]:363
[0]:108033834 [1]:17205621 [2]:152 [3]:368
[0]:108245227 [1]:17236946 [2]:152 [3]:374
[0]:108449908 [1]:17267305 [2]:152 [3]:361
[0]:108658906 [1]:17298314 [2]:152 [3]:360
[0]:108860024 [1]:17328053 [2]:152 [3]:370
[0]:109072549 [1]:17359492 [2]:152 [3]:370
[0]:109284632 [1]:17390925 [2]:152 [3]:356
[0]:109486398 [1]:17420913 [2]:152 [3]:365
[0]:109695363 [1]:17451780 [2]:152 [3]:363
[0]:109896184 [1]:17481594 [2]:152 [3]:363
[0]:110097046 [1]:17511291 [2]:152 [3]:358
[0]:110301903 [1]:17541632 [2]:152 [3]:85
[0]:110530835 [1]:17575456 [2]:152 [3]:370
[0]:110731741 [1]:17605189 [2]:152 [3]:373
[0]:110944383 [1]:17636743 [2]:152 [3]:80
[0]:111166717 [1]:17669651 [2]:152 [3]:76
[0]:111374131 [1]:17700335 [2]:152 [3]:367
[0]:111582717 [1]:17731172 [2]:152 [3]:367
[0]:111791926 [1]:17762165 [2]:152 [3]:362
[0]:111992536 [1]:17791870 [2]:152 [3]:362
[0]:112201359 [1]:17822903 [2]:152 [3]:79
[0]:112420170 [1]:17855326 [2]:152 [3]:362
[0]:112643231 [1]:17888274 [2]:152 [3]:360
[0]:112850835 [1]:17919010 [2]:152 [3]:369
[0]:113060665 [1]:17950002 [2]:152 [3]:370
[0]:113284620 [1]:17983087 [2]:152 [3]:81
[0]:113486327 [1]:18013140 [2]:152 [3]:361
[0]:113689666 [1]:18043253 [2]:152 [3]:367
[0]:113888870 [1]:18072748 [2]:152 [3]:365
[0]:114096843 [1]:18103607 [2]:152 [3]:81
[0]:114298086 [1]:18133444 [2]:152 [3]:365
[0]:114505117 [1]:18164063 [2]:152 [3]:372
