[0]:3311112597 [1]:1 [2]:2 [3]:140
[0]:4099212406 [1]:1 [2]:2 [3]:69
[0]:3848125373 [1]:1 [2]:2 [3]:120
[0]:3639295312 [1]:1 [2]:2 [3]:171
[0]:3419061444 [1]:1 [2]:2 [3]:206
[0]:4202962414 [1]:1 [2]:2 [3]:182
[0]:3994964953 [1]:1 [2]:2 [3]:37
[0]:3775758936 [1]:1 [2]:2 [3]:48
[0]:3551517543 [1]:1 [2]:2 [3]:189
[0]:3301624817 [1]:1 [2]:2 [3]:87
[0]:4098130804 [1]:1 [2]:2 [3]:96
[0]:3879288044 [1]:1 [2]:2 [3]:46
[0]:3666600602 [1]:1 [2]:2 [3]:203
[0]:3444179118 [1]:1 [2]:2 [3]:144
[0]:4235202386 [1]:1 [2]:2 [3]:176
[0]:4011114003 [1]:1 [2]:2 [3]:168
[0]:3796520173 [1]:1 [2]:2 [3]:202
[0]:3579662552 [1]:1 [2]:2 [3]:77
[0]:3371241366 [1]:1 [2]:2 [3]:73
[0]:4153133796 [1]:1 [2]:2 [3]:177
[0]:3931132654 [1]:1 [2]:2 [3]:213
[0]:3722924988 [1]:1 [2]:2 [3]:49
[0]:3523444073 [1]:1 [2]:2 [3]:193
[0]:3315120463 [1]:1 [2]:2 [3]:138
[0]:4111425117 [1]:1 [2]:2 [3]:77
[0]:3863198529 [1]:1 [2]:2 [3]:162
[0]:3651106617 [1]:1 [2]:2 [3]:106
[0]:3427401629 [1]:1 [2]:2 [3]:92
[0]:4214139196 [1]:1 [2]:2 [3]:116
[0]:4007520648 [1]:1 [2]:2 [3]:44
[0]:3791646423 [1]:1 [2]:2 [3]:153
[0]:3574856323 [1]:1 [2]:2 [3]:67
[0]:3351576284 [1]:1 [2]:2 [3]:83
[0]:4128624277 [1]:1 [2]:2 [3]:141
[0]:3915038278 [1]:1 [2]:2 [3]:112
[0]:3703438003 [1]:1 [2]:2 [3]:126
[0]:3463193373 [1]:1 [2]:2 [3]:208
[0]:4184324788 [1]:1 [2]:2 [3]:41
[0]:3979294701 [1]:1 [2]:2 [3]:41
[0]:3775287566 [1]:1 [2]:2 [3]:183
[0]:3571307853 [1]:1 [2]:2 [3]:65
[0]:3359133861 [1]:1 [2]:2 [3]:176
[0]:4148463866 [1]:1 [2]:2 [3]:42
[0]:3932620062 [1]:1 [2]:2 [3]:207
[0]:3731126777 [1]:1 [2]:2 [3]:150
[0]:3514916573 [1]:1 [2]:2 [3]:177
[0]:4279996567 [1]:1 [2]:2 [3]:170
[0]:4067091596 [1]:1 [2]:2 [3]:161
[0]:3848829629 [1]:1 [2]:2 [3]:185
[0]:3627002664 [1]:1 [2]:2 [3]:116
[0]:3421272689 [1]:1 [2]:2 [3]:205
[0]:4207229841 [1]:1 [2]:2 [3]:117
[0]:3969665393 [1]:1 [2]:2 [3]:212
[0]:3765069341 [1]:1 [2]:2 [3]:199
[0]:3550979937 [1]:1 [2]:2 [3]:133
[0]:3339115528 [1]:1 [2]:2 [3]:176
[0]:4123099671 [1]:1 [2]:2 [3]:99
[0]:3911594348 [1]:1 [2]:2 [3]:110
[0]:3667348562 [1]:1 [2]:2 [3]:143
[0]:3456043778 [1]:1 [2]:2 [3]:162
[0]:4241010518 [1]:1 [2]:2 [3]:178
[0]:4011117612 [1]:1 [2]:2 [3]:141
[0]:3744231777 [1]:1 [2]:2 [3]:80
[0]:3531456246 [1]:1 [2]:2 [3]:73
[0]:3315172884 [1]:1 [2]:2 [3]:215
[0]:4109058344 [1]:1 [2]:2 [3]:206
[0]:3891100116 [1]:1 [2]:2 [3]:79
[0]:3663375134 [1]:1 [2]:2 [3]:127
[0]:3455167393 [1]:1 [2]:2 [3]:104
[0]:4235193337 [1]:1 [2]:2 [3]:96
[0]:3960699683 [1]:1 [2]:2 [3]:171
[0]:3755412749 [1]:1 [2]:2 [3]:181
[0]:3547651576 [1]:1 [2]:2 [3]:197
[0]:3331588808 [1]:1 [2]:2 [3]:78
[0]:4062985379 [1]:1 [2]:2 [3]:163
[0]:3855401319 [1]:1 [2]:2 [3]:101
[0]:3643400344 [1]:1 [2]:2 [3]:121
[0]:3415480008 [1]:1 [2]:2 [3]:199
[0]:4203167397 [1]:1 [2]:2 [3]:109
[0]:3995294178 [1]:1 [2]:2 [3]:184
[0]:3787094777 [1]:1 [2]:2 [3]:168
[0]:3568539882 [1]:1 [2]:2 [3]:80
[0]:3347914847 [1]:1 [2]:2 [3]:120
[0]:4130099644 [1]:1 [2]:2 [3]:163
[0]:3911228879 [1]:1 [2]:2 [3]:72
[0]:3699716571 [1]:1 [2]:2 [3]:47
[0]:3494582256 [1]:1 [2]:2 [3]:47
[0]:4292738851 [1]:1 [2]:2 [3]:210
[0]:4063288398 [1]:1 [2]:2 [3]:150
[0]:3847352619 [1]:1 [2]:2 [3]:127
[0]:3640029709 [1]:1 [2]:2 [3]:82
[0]:3423317734 [1]:1 [2]:2 [3]:104
[0]:4215643726 [1]:1 [2]:2 [3]:198
[0]:3999138342 [1]:1 [2]:2 [3]:130
[0]:3782020379 [1]:1 [2]:2 [3]:201
[0]:3571144834 [1]:1 [2]:2 [3]:74
[0]:3359254991 [1]:1 [2]:2 [3]:59
[0]:4147602699 [1]:1 [2]:2 [3]:38
[0]:3923151202 [1]:1 [2]:2 [3]:168
[0]:3704618828 [1]:1 [2]:2 [3]:165
[0]:3487142597 [1]:1 [2]:2 [3]:70
[0]:4252682711 [1]:1 [2]:2 [3]:128
[0]:4037818798 [1]:1 [2]:2 [3]:98
[0]:3819136286 [1]:1 [2]:2 [3]:217
[0]:3604073002 [1]:1 [2]:2 [3]:65
[0]:3395456082 [1]:1 [2]:2 [3]:211
[0]:4175113676 [1]:1 [2]:2 [3]:43
[0]:3940523802 [1]:1 [2]:2 [3]:79
[0]:3731251198 [1]:1 [2]:2 [3]:162
[0]:3511357093 [1]:1 [2]:2 [3]:186
[0]:3310156199 [1]:1 [2]:2 [3]:193
[0]:4036849126 [1]:1 [2]:2 [3]:108
[0]:3823417891 [1]:1 [2]:2 [3]:79
[0]:3608331134 [1]:1 [2]:2 [3]:146
[0]:3394449729 [1]:1 [2]:2 [3]:121
[0]:4175580183 [1]:1 [2]:2 [3]:175
[0]:3973332668 [1]:1 [2]:2 [3]:181
[0]:3769979733 [1]:1 [2]:2 [3]:101
[0]:3555645508 [1]:1 [2]:2 [3]:86
[0]:3343307293 [1]:1 [2]:2 [3]:127
[0]:4141935973 [1]:1 [2]:2 [3]:191
[0]:3927491432 [1]:1 [2]:2 [3]:187
[0]:3712956724 [1]:1 [2]:2 [3]:180
[0]:3443275501 [1]:1 [2]:2 [3]:208
[0]:4223020977 [1]:1 [2]:2 [3]:42
[0]:4013812621 [1]:1 [2]:2 [3]:198
[0]:3799148524 [1]:1 [2]:2 [3]:104
[0]:3583211666 [1]:1 [2]:2 [3]:196
[0]:3323110597 [1]:1 [2]:2 [3]:129
[0]:4111782271 [1]:1 [2]:2 [3]:94
[0]:3899207078 [1]:1 [2]:2 [3]:194
[0]:3687313054 [1]:1 [2]:2 [3]:113
[0]:3479105368 [1]:1 [2]:2 [3]:140
[0]:4262953852 [1]:1 [2]:2 [3]:94
[0]:4047064134 [1]:1 [2]:2 [3]:101
[0]:3835257347 [1]:1 [2]:2 [3]:166
[0]:3631407387 [1]:1 [2]:2 [3]:165
[0]:3375467541 [1]:1 [2]:2 [3]:210
[0]:4157543062 [1]:1 [2]:2 [3]:157
[0]:3947290403 [1]:1 [2]:2 [3]:120
[0]:3724009907 [1]:1 [2]:2 [3]:39
[0]:3511482364 [1]:1 [2]:2 [3]:205
[0]:4291354336 [1]:1 [2]:2 [3]:180
[0]:4043433732 [1]:1 [2]:2 [3]:185
[0]:3835676448 [1]:1 [2]:2 [3]:208
[0]:3627418944 [1]:1 [2]:2 [3]:201
[0]:3413973867 [1]:1 [2]:2 [3]:74
[0]:4203442409 [1]:1 [2]:2 [3]:207
[0]:4000329886 [1]:1 [2]:2 [3]:118
[0]:3795386692 [1]:1 [2]:2 [3]:175
[0]:3585825486 [1]:1 [2]:2 [3]:160
[0]:3379346346 [1]:1 [2]:2 [3]:206
[0]:4168843607 [1]:1 [2]:2 [3]:216
[0]:3963484237 [1]:1 [2]:2 [3]:60
[0]:3749477996 [1]:1 [2]:2 [3]:197
[0]:3539293381 [1]:1 [2]:2 [3]:119
[0]:3323292408 [1]:1 [2]:2 [3]:129
[0]:4111660869 [1]:1 [2]:2 [3]:36
[0]:3907565143 [1]:1 [2]:2 [3]:166
[0]:3679202281 [1]:1 [2]:2 [3]:41
[0]:3475527588 [1]:1 [2]:2 [3]:62
[0]:4255480329 [1]:1 [2]:2 [3]:155
[0]:4035257206 [1]:1 [2]:2 [3]:58
[0]:3826368637 [1]:1 [2]:2 [3]:196
[0]:3615480778 [1]:1 [2]:2 [3]:67
[0]:3407907537 [1]:1 [2]:2 [3]:88
[0]:4197350264 [1]:1 [2]:2 [3]:152
[0]:3975842457 [1]:1 [2]:2 [3]:133
[0]:3676766096 [1]:1 [2]:2 [3]:209
[0]:3463078069 [1]:1 [2]:2 [3]:175
[0]:4252284331 [1]:1 [2]:2 [3]:91
[0]:3983370378 [1]:1 [2]:2 [3]:85
[0]:3778362543 [1]:1 [2]:2 [3]:41
[0]:3560111811 [1]:1 [2]:2 [3]:43
[0]:3351300223 [1]:1 [2]:2 [3]:207
[0]:4139360187 [1]:1 [2]:2 [3]:60
[0]:3923521434 [1]:1 [2]:2 [3]:134
[0]:3719070227 [1]:1 [2]:2 [3]:173
[0]:3511449237 [1]:1 [2]:2 [3]:102
[0]:3299456574 [1]:1 [2]:2 [3]:141
[0]:4079536421 [1]:1 [2]:2 [3]:200
[0]:3867630281 [1]:1 [2]:2 [3]:90
[0]:3655523397 [1]:1 [2]:2 [3]:188
[0]:3436879667 [1]:1 [2]:2 [3]:92
[0]:4227278804 [1]:1 [2]:2 [3]:211
[0]:3987451639 [1]:1 [2]:2 [3]:178
[0]:3782052819 [1]:1 [2]:2 [3]:155
[0]:3557428709 [1]:1 [2]:2 [3]:193
[0]:3333671206 [1]:1 [2]:2 [3]:203
[0]:4127498572 [1]:1 [2]:2 [3]:166
[0]:3911370199 [1]:1 [2]:2 [3]:204
[0]:3699570304 [1]:1 [2]:2 [3]:210
[0]:3503507716 [1]:1 [2]:2 [3]:132
