[0]:168198176 [1]:30505119 [2]:165 [3]:360
[0]:168410801 [1]:30536841 [2]:165 [3]:366
[0]:168616039 [1]:30567138 [2]:165 [3]:366
[0]:168824577 [1]:30598197 [2]:165 [3]:367
[0]:169028427 [1]:30628620 [2]:165 [3]:374
[0]:169258071 [1]:30662722 [2]:165 [3]:359
[0]:169468992 [1]:30694032 [2]:165 [3]:362
[0]:169675368 [1]:30724747 [2]:165 [3]:73
[0]:169880547 [1]:30755163 [2]:165 [3]:371
[0]:170085450 [1]:30785610 [2]:161 [3]:76
[0]:170290340 [1]:30815962 [2]:161 [3]:81
[0]:170507147 [1]:30848093 [2]:161 [3]:364
[0]:170709927 [1]:30878202 [2]:161 [3]:370
[0]:170920127 [1]:30909457 [2]:161 [3]:368
[0]:171130580 [1]:30940817 [2]:161 [3]:361
[0]:171388490 [1]:30979059 [2]:161 [3]:358
[0]:171582703 [1]:31007791 [2]:161 [3]:361
[0]:171791778 [1]:31038856 [2]:161 [3]:358
[0]:172061767 [1]:31078970 [2]:161 [3]:362
[0]:172261456 [1]:31108732 [2]:161 [3]:366
[0]:172461757 [1]:31138367 [2]:161 [3]:363
[0]:172666598 [1]:31168795 [2]:161 [3]:362
[0]:172870868 [1]:31199211 [2]:161 [3]:355
[0]:173071527 [1]:31229099 [2]:161 [3]:369
[0]:173271519 [1]:31258870 [2]:161 [3]:355
[0]:173486126 [1]:31290646 [2]:161 [3]:352
[0]:173697540 [1]:31322006 [2]:156 [3]:366
[0]:173899988 [1]:31352049 [2]:156 [3]:365
[0]:174148218 [1]:31388887 [2]:156 [3]:368
[0]:174353141 [1]:31419222 [2]:156 [3]:369
[0]:174560086 [1]:31449867 [2]:156 [3]:360
[0]:174764366 [1]:31480135 [2]:156 [3]:369
[0]:174971936 [1]:31510960 [2]:156 [3]:365
[0]:175175889 [1]:31541135 [2]:156 [3]:78
[0]:175385149 [1]:31572175 [2]:156 [3]:363
[0]:175597310 [1]:31603643 [2]:156 [3]:365
[0]:175795379 [1]:31633074 [2]:156 [3]:360
[0]:176001982 [1]:31663789 [2]:156 [3]:359
[0]:176209630 [1]:31694514 [2]:156 [3]:362
[0]:176410540 [1]:31724275 [2]:156 [3]:369
[0]:176619058 [1]:31755171 [2]:156 [3]:80
[0]:176835806 [1]:31787298 [2]:156 [3]:359
[0]:177045192 [1]:31818286 [2]:156 [3]:366
[0]:177257971 [1]:31849846 [2]:153 [3]:360
[0]:177458834 [1]:31879665 [2]:153 [3]:363
[0]:177663823 [1]:31910232 [2]:153 [3]:80
[0]:177876336 [1]:31941748 [2]:153 [3]:370
[0]:178133727 [1]:31979940 [2]:153 [3]:362
[0]:178341718 [1]:32010726 [2]:153 [3]:84
[0]:178534246 [1]:32039261 [2]:153 [3]:366
[0]:178743517 [1]:32070343 [2]:153 [3]:362
[0]:178940452 [1]:32099544 [2]:153 [3]:369
[0]:179212543 [1]:32139994 [2]:153 [3]:367
[0]:179425773 [1]:32171586 [2]:153 [3]:369
[0]:179626274 [1]:32201333 [2]:153 [3]:366
[0]:179835141 [1]:32232305 [2]:153 [3]:364
[0]:180033811 [1]:32261843 [2]:153 [3]:371
[0]:180237072 [1]:32292006 [2]:153 [3]:360
[0]:180438103 [1]:32321756 [2]:153 [3]:365
[0]:180674665 [1]:32356761 [2]:153 [3]:362
[0]:180875573 [1]:32386596 [2]:151 [3]:369
[0]:181071129 [1]:32415649 [2]:151 [3]:359
[0]:181313105 [1]:32451448 [2]:151 [3]:366
[0]:181517811 [1]:32481835 [2]:151 [3]:359
[0]:181718885 [1]:32511675 [2]:151 [3]:364
[0]:181920017 [1]:32541473 [2]:151 [3]:78
[0]:182131033 [1]:32572782 [2]:151 [3]:365
[0]:182326008 [1]:32601640 [2]:151 [3]:360
[0]:182523614 [1]:32630874 [2]:151 [3]:74
[0]:182733285 [1]:32662079 [2]:151 [3]:364
[0]:182940684 [1]:32692906 [2]:151 [3]:359
[0]:183149483 [1]:32723838 [2]:151 [3]:355
[0]:183354486 [1]:32754139 [2]:151 [3]:363
[0]:183567343 [1]:32785651 [2]:151 [3]:360
[0]:183775534 [1]:32816535 [2]:151 [3]:363
