[0]:346752485 [1]:236680581 [2]:7 [3]:11
[0]:347730054 [1]:237181903 [2]:7 [3]:6
[0]:348730897 [1]:237693173 [2]:7 [3]:14
[0]:349942220 [1]:238315837 [2]:7 [3]:9
[0]:350937619 [1]:238823590 [2]:7 [3]:8
[0]:351990487 [1]:239360660 [2]:7 [3]:49
[0]:352967002 [1]:239863544 [2]:7 [3]:12
[0]:354025310 [1]:240405284 [2]:7 [3]:14
[0]:355315573 [1]:241069159 [2]:7 [3]:10
[0]:356621153 [1]:241737398 [2]:7 [3]:14
[0]:357697153 [1]:242285572 [2]:7 [3]:12
[0]:358705249 [1]:242801693 [2]:7 [3]:58
[0]:359692608 [1]:243313661 [2]:7 [3]:12
[0]:360666087 [1]:243813826 [2]:7 [3]:12
[0]:361961514 [1]:244476852 [2]:7 [3]:11
[0]:363255241 [1]:245137680 [2]:7 [3]:9
[0]:364278865 [1]:245661272 [2]:7 [3]:50
[0]:365255878 [1]:246165851 [2]:7 [3]:13
[0]:366473905 [1]:246786888 [2]:7 [3]:53
[0]:367466497 [1]:247297441 [2]:7 [3]:9
[0]:368578650 [1]:247867171 [2]:7 [3]:12
[0]:369562303 [1]:248368259 [2]:7 [3]:51
[0]:370659565 [1]:248928883 [2]:7 [3]:10
[0]:371881224 [1]:249552754 [2]:7 [3]:14
[0]:373293956 [1]:250276499 [2]:7 [3]:12
[0]:374493861 [1]:250894774 [2]:7 [3]:23
[0]:375643229 [1]:251484464 [2]:7 [3]:10
[0]:376799572 [1]:252074474 [2]:7 [3]:8
[0]:377957665 [1]:252665541 [2]:7 [3]:52
[0]:379132077 [1]:253267139 [2]:7 [3]:13
[0]:380282443 [1]:253854702 [2]:7 [3]:14
[0]:381397070 [1]:254424716 [2]:7 [3]:14
[0]:382537795 [1]:255003421 [2]:7 [3]:15
[0]:383742571 [1]:255618857 [2]:7 [3]:50
[0]:385188963 [1]:256356577 [2]:7 [3]:53
[0]:386345664 [1]:256952564 [2]:7 [3]:15
[0]:387519158 [1]:257550362 [2]:7 [3]:13
[0]:388670031 [1]:258140258 [2]:7 [3]:57
[0]:389842913 [1]:258744558 [2]:7 [3]:17
[0]:390943316 [1]:259304885 [2]:7 [3]:12
[0]:392049604 [1]:259872375 [2]:7 [3]:13
[0]:393149792 [1]:260432631 [2]:7 [3]:12
[0]:394317462 [1]:261029020 [2]:7 [3]:11
[0]:395406639 [1]:261588647 [2]:7 [3]:57
[0]:396464667 [1]:262131881 [2]:7 [3]:52
[0]:397458169 [1]:262639743 [2]:7 [3]:10
[0]:398482587 [1]:263163574 [2]:7 [3]:52
[0]:399703804 [1]:263788213 [2]:7 [3]:55
[0]:400728739 [1]:264315977 [2]:7 [3]:11
[0]:401727446 [1]:264827272 [2]:7 [3]:12
[0]:402767797 [1]:265359233 [2]:7 [3]:17
[0]:403794388 [1]:265883363 [2]:7 [3]:22
[0]:404835585 [1]:266416019 [2]:7 [3]:14
[0]:405853352 [1]:266940091 [2]:7 [3]:13
[0]:406857697 [1]:267454053 [2]:7 [3]:9
[0]:407874785 [1]:267975152 [2]:7 [3]:53
[0]:408918754 [1]:268513509 [2]:7 [3]:48
[0]:410024920 [1]:269076929 [2]:7 [3]:27
[0]:411126412 [1]:269649805 [2]:7 [3]:8
[0]:412443703 [1]:270321518 [2]:7 [3]:52
[0]:413575332 [1]:270898956 [2]:7 [3]:14
[0]:414639213 [1]:271442979 [2]:7 [3]:16
[0]:415647675 [1]:271959374 [2]:7 [3]:16
[0]:416669673 [1]:272480264 [2]:7 [3]:17
[0]:417731943 [1]:273031738 [2]:7 [3]:56
[0]:418788056 [1]:273569353 [2]:7 [3]:13
[0]:419910507 [1]:274144468 [2]:7 [3]:52
[0]:420916484 [1]:274657604 [2]:7 [3]:13
[0]:421909124 [1]:275163414 [2]:7 [3]:11
[0]:422903337 [1]:275675000 [2]:7 [3]:52
[0]:423904946 [1]:276187906 [2]:7 [3]:9
[0]:424929040 [1]:276712125 [2]:7 [3]:13
[0]:425961363 [1]:277239935 [2]:7 [3]:9
[0]:426984612 [1]:277759791 [2]:7 [3]:10
[0]:428440961 [1]:278503024 [2]:7 [3]:52
[0]:429599470 [1]:279087744 [2]:7 [3]:53
[0]:430819671 [1]:279711346 [2]:7 [3]:57
[0]:432100832 [1]:280368835 [2]:7 [3]:12
[0]:433254810 [1]:280961680 [2]:7 [3]:14
[0]:434329859 [1]:281513228 [2]:7 [3]:11
[0]:435501186 [1]:282115561 [2]:7 [3]:51
[0]:436623739 [1]:282686766 [2]:7 [3]:10
[0]:437723301 [1]:283254934 [2]:7 [3]:10
[0]:438851856 [1]:283828656 [2]:7 [3]:15
[0]:440049181 [1]:284439162 [2]:7 [3]:18
[0]:441178849 [1]:285018862 [2]:7 [3]:55
[0]:442277603 [1]:285580489 [2]:7 [3]:14
[0]:443629836 [1]:286276248 [2]:7 [3]:19
[0]:444705566 [1]:286829380 [2]:7 [3]:10
[0]:445891437 [1]:287442688 [2]:7 [3]:9
[0]:447091615 [1]:288061919 [2]:7 [3]:12
[0]:448214026 [1]:288633796 [2]:7 [3]:15
[0]:449313514 [1]:289198113 [2]:7 [3]:15
[0]:450472467 [1]:289792229 [2]:7 [3]:17
[0]:451750283 [1]:290441773 [2]:7 [3]:10
[0]:452851423 [1]:291008916 [2]:7 [3]:10
[0]:453979767 [1]:291586331 [2]:7 [3]:30
[0]:455045273 [1]:292129302 [2]:7 [3]:15
[0]:456044813 [1]:292640895 [2]:7 [3]:55
[0]:457056648 [1]:293155248 [2]:7 [3]:14
[0]:458089561 [1]:293681597 [2]:7 [3]:17
[0]:459162320 [1]:294231101 [2]:7 [3]:13
[0]:460132669 [1]:294725757 [2]:7 [3]:19
[0]:461112094 [1]:295225333 [2]:7 [3]:12
[0]:462151910 [1]:295756850 [2]:7 [3]:16
[0]:463144466 [1]:296260838 [2]:7 [3]:12
[0]:464165859 [1]:296789781 [2]:7 [3]:57
[0]:465234325 [1]:297335652 [2]:7 [3]:13
[0]:466313153 [1]:297885816 [2]:7 [3]:59
[0]:467436121 [1]:298465991 [2]:7 [3]:8
[0]:468738663 [1]:299133691 [2]:7 [3]:53
[0]:469897099 [1]:299728386 [2]:7 [3]:57
[0]:470970513 [1]:300280102 [2]:7 [3]:12
[0]:472000754 [1]:300807778 [2]:7 [3]:10
[0]:473114097 [1]:301379102 [2]:7 [3]:16
[0]:474090137 [1]:301883140 [2]:7 [3]:50
[0]:475104979 [1]:302401711 [2]:7 [3]:54
[0]:476131487 [1]:302927176 [2]:7 [3]:15
[0]:477161164 [1]:303456463 [2]:7 [3]:16
[0]:478167952 [1]:303974074 [2]:7 [3]:10
[0]:479182749 [1]:304492121 [2]:7 [3]:12
[0]:480196914 [1]:305008619 [2]:7 [3]:12
[0]:481223783 [1]:305539546 [2]:7 [3]:9
[0]:482234972 [1]:306056818 [2]:7 [3]:25
[0]:483246521 [1]:306576998 [2]:7 [3]:9
[0]:484350291 [1]:307135774 [2]:7 [3]:12
[0]:485679886 [1]:307818283 [2]:7 [3]:12
[0]:486883719 [1]:308432280 [2]:7 [3]:13
[0]:488101769 [1]:309060015 [2]:7 [3]:10
[0]:489258585 [1]:309653873 [2]:7 [3]:49
[0]:490383054 [1]:310228656 [2]:7 [3]:50
[0]:491530157 [1]:310816800 [2]:7 [3]:9
[0]:492636736 [1]:311380301 [2]:7 [3]:35
[0]:493757422 [1]:311954755 [2]:7 [3]:15
[0]:494892797 [1]:312535980 [2]:7 [3]:10
[0]:496044451 [1]:313126291 [2]:7 [3]:13
[0]:497208299 [1]:313720593 [2]:7 [3]:11
[0]:498386054 [1]:314327340 [2]:7 [3]:15
[0]:499534436 [1]:314917783 [2]:7 [3]:15
[0]:500775311 [1]:315553977 [2]:7 [3]:14
[0]:501888145 [1]:316127591 [2]:7 [3]:11
[0]:503016541 [1]:316701555 [2]:7 [3]:10
[0]:504129410 [1]:317276398 [2]:7 [3]:18
[0]:505232466 [1]:317837062 [2]:7 [3]:17
[0]:506576445 [1]:318529085 [2]:7 [3]:12
[0]:507661872 [1]:319085594 [2]:7 [3]:51
[0]:508715929 [1]:319625143 [2]:7 [3]:11
[0]:509758858 [1]:320162821 [2]:7 [3]:18
