[0]:114743179 [1]:18252678 [2]:141 [3]:357
[0]:114953278 [1]:18301251 [2]:141 [3]:359
[0]:115205220 [1]:18359439 [2]:141 [3]:60
[0]:115403244 [1]:18405228 [2]:141 [3]:358
[0]:115597436 [1]:18450041 [2]:141 [3]:362
[0]:115796400 [1]:18496004 [2]:141 [3]:361
[0]:116004225 [1]:18544092 [2]:141 [3]:355
[0]:116202194 [1]:18589869 [2]:141 [3]:362
[0]:116390557 [1]:18633392 [2]:141 [3]:58
[0]:116594272 [1]:18680424 [2]:141 [3]:355
[0]:116784277 [1]:18724378 [2]:141 [3]:361
[0]:116986982 [1]:18771189 [2]:141 [3]:368
[0]:117180041 [1]:18815810 [2]:141 [3]:368
[0]:117370471 [1]:18859806 [2]:141 [3]:359
[0]:117560545 [1]:18903629 [2]:141 [3]:360
[0]:117784564 [1]:18955386 [2]:141 [3]:365
[0]:118042220 [1]:19014911 [2]:142 [3]:362
[0]:118244102 [1]:19061613 [2]:142 [3]:359
[0]:118460053 [1]:19111423 [2]:142 [3]:350
[0]:118676689 [1]:19161452 [2]:142 [3]:57
[0]:118873928 [1]:19207055 [2]:142 [3]:363
[0]:119071312 [1]:19252647 [2]:142 [3]:61
[0]:119269150 [1]:19298288 [2]:142 [3]:363
[0]:119527394 [1]:19358000 [2]:142 [3]:58
[0]:119729353 [1]:19404657 [2]:142 [3]:355
[0]:119929254 [1]:19450849 [2]:142 [3]:352
[0]:120121177 [1]:19495157 [2]:142 [3]:358
[0]:120311474 [1]:19539057 [2]:142 [3]:368
[0]:120504445 [1]:19583629 [2]:142 [3]:360
[0]:120722747 [1]:19634084 [2]:142 [3]:65
[0]:120923725 [1]:19680572 [2]:143 [3]:362
[0]:121124361 [1]:19726869 [2]:143 [3]:370
[0]:121315528 [1]:19771058 [2]:143 [3]:363
[0]:121509511 [1]:19815863 [2]:143 [3]:358
[0]:121845684 [1]:19893573 [2]:143 [3]:356
[0]:122046010 [1]:19939782 [2]:143 [3]:351
[0]:122233853 [1]:19983156 [2]:143 [3]:356
[0]:122434369 [1]:20029458 [2]:143 [3]:365
[0]:122625327 [1]:20073558 [2]:143 [3]:363
[0]:122822525 [1]:20119098 [2]:143 [3]:53
[0]:123013962 [1]:20163313 [2]:143 [3]:366
[0]:123203591 [1]:20207150 [2]:143 [3]:363
[0]:123454447 [1]:20265107 [2]:143 [3]:360
[0]:123648555 [1]:20309980 [2]:144 [3]:370
[0]:123844886 [1]:20355350 [2]:144 [3]:359
[0]:124040402 [1]:20400451 [2]:144 [3]:359
[0]:124241963 [1]:20447018 [2]:144 [3]:363
[0]:124473260 [1]:20500476 [2]:144 [3]:359
[0]:124663604 [1]:20544556 [2]:144 [3]:57
[0]:124861441 [1]:20590160 [2]:144 [3]:366
[0]:125051750 [1]:20634182 [2]:144 [3]:363
[0]:125285988 [1]:20688319 [2]:144 [3]:365
[0]:125488540 [1]:20735092 [2]:144 [3]:355
[0]:125697586 [1]:20783403 [2]:144 [3]:361
[0]:125891394 [1]:20828172 [2]:144 [3]:364
[0]:126093200 [1]:20874828 [2]:144 [3]:355
[0]:126324633 [1]:20928280 [2]:144 [3]:357
[0]:126521803 [1]:20973805 [2]:145 [3]:355
[0]:126738209 [1]:21023668 [2]:145 [3]:363
[0]:126923551 [1]:21066498 [2]:145 [3]:365
[0]:127114971 [1]:21110712 [2]:145 [3]:363
[0]:127309812 [1]:21155714 [2]:145 [3]:366
[0]:127507813 [1]:21201491 [2]:145 [3]:357
[0]:127701792 [1]:21246228 [2]:145 [3]:358
[0]:127924376 [1]:21297621 [2]:145 [3]:59
[0]:128119941 [1]:21342860 [2]:145 [3]:361
[0]:128320077 [1]:21389059 [2]:145 [3]:355
[0]:128541880 [1]:21440358 [2]:145 [3]:63
[0]:128742080 [1]:21486495 [2]:145 [3]:363
[0]:129004571 [1]:21547136 [2]:145 [3]:361
[0]:129195034 [1]:21591107 [2]:146 [3]:362
[0]:129387084 [1]:21635466 [2]:146 [3]:356
[0]:129586685 [1]:21681580 [2]:146 [3]:368
[0]:129778455 [1]:21725904 [2]:146 [3]:360
[0]:129993656 [1]:21775668 [2]:146 [3]:362
[0]:130187427 [1]:21820474 [2]:146 [3]:365
[0]:130387687 [1]:21866738 [2]:146 [3]:365
[0]:130591985 [1]:21913860 [2]:146 [3]:363
[0]:130847298 [1]:21972911 [2]:146 [3]:362
[0]:131038720 [1]:22017217 [2]:146 [3]:360
[0]:131235258 [1]:22062568 [2]:146 [3]:359
[0]:131423222 [1]:22105932 [2]:146 [3]:59
[0]:131621127 [1]:22151684 [2]:146 [3]:363
[0]:131811328 [1]:22195628 [2]:146 [3]:362
[0]:132008001 [1]:22241055 [2]:147 [3]:365
[0]:132202729 [1]:22286032 [2]:147 [3]:365
[0]:132401156 [1]:22331873 [2]:147 [3]:359
[0]:132601181 [1]:22378137 [2]:147 [3]:364
[0]:132803885 [1]:22424966 [2]:147 [3]:357
[0]:132994446 [1]:22469016 [2]:147 [3]:364
[0]:133192277 [1]:22514745 [2]:147 [3]:356
[0]:133389400 [1]:22560230 [2]:147 [3]:365
[0]:133587478 [1]:22606049 [2]:147 [3]:361
[0]:133785629 [1]:22651837 [2]:147 [3]:352
[0]:133979923 [1]:22696733 [2]:147 [3]:354
[0]:134173920 [1]:22741524 [2]:147 [3]:57
[0]:134365984 [1]:22785831 [2]:147 [3]:356
[0]:134558508 [1]:22830348 [2]:147 [3]:57
[0]:134759022 [1]:22876669 [2]:148 [3]:353
[0]:134949502 [1]:22920681 [2]:148 [3]:357
[0]:135174344 [1]:22972558 [2]:148 [3]:61
[0]:135370811 [1]:23017947 [2]:148 [3]:361
[0]:135569995 [1]:23063967 [2]:148 [3]:365
[0]:135767148 [1]:23109506 [2]:148 [3]:360
[0]:135983409 [1]:23159441 [2]:148 [3]:360
[0]:136189578 [1]:23206980 [2]:148 [3]:62
[0]:136409832 [1]:23257930 [2]:148 [3]:362
[0]:136603736 [1]:23302717 [2]:148 [3]:357
[0]:136801616 [1]:23348432 [2]:148 [3]:360
[0]:137032916 [1]:23401779 [2]:148 [3]:359
[0]:137227188 [1]:23446727 [2]:148 [3]:362
[0]:137418241 [1]:23490874 [2]:148 [3]:363
[0]:137615297 [1]:23536439 [2]:149 [3]:358
[0]:137816664 [1]:23582988 [2]:149 [3]:362
[0]:138007101 [1]:23626856 [2]:149 [3]:357
[0]:138202525 [1]:23672066 [2]:149 [3]:359
[0]:138394698 [1]:23716444 [2]:149 [3]:351
[0]:138592311 [1]:23762107 [2]:149 [3]:362
[0]:138820988 [1]:23814937 [2]:149 [3]:359
[0]:139017983 [1]:23860362 [2]:149 [3]:363
[0]:139208925 [1]:23904469 [2]:149 [3]:357
[0]:139399329 [1]:23948454 [2]:149 [3]:360
[0]:139593318 [1]:23993305 [2]:149 [3]:364
[0]:139791379 [1]:24038929 [2]:149 [3]:361
[0]:140019276 [1]:24091628 [2]:149 [3]:368
[0]:140212973 [1]:24136393 [2]:149 [3]:365
[0]:140414628 [1]:24182984 [2]:150 [3]:353
[0]:140612455 [1]:24228755 [2]:150 [3]:365
[0]:140810300 [1]:24274433 [2]:150 [3]:358
[0]:141012895 [1]:24321219 [2]:150 [3]:359
[0]:141210076 [1]:24366756 [2]:150 [3]:59
[0]:141411005 [1]:24413180 [2]:150 [3]:358
[0]:141609021 [1]:24458930 [2]:150 [3]:362
[0]:141806659 [1]:24504508 [2]:150 [3]:360
[0]:142045732 [1]:24559794 [2]:150 [3]:63
[0]:142239413 [1]:24604530 [2]:150 [3]:366
[0]:142436516 [1]:24650123 [2]:150 [3]:368
[0]:142643007 [1]:24697772 [2]:150 [3]:364
