[0]:0 [1]:0 [2]:0 [3]:0
[0]:0 [1]:0 [2]:0 [3]:0
[0]:0 [1]:0 [2]:0 [3]:0
[0]:0 [1]:0 [2]:0 [3]:0
[0]:3813180931 [1]:1 [2]:2 [3]:2
[0]:3619954015 [1]:1 [2]:2 [3]:2
[0]:3427134732 [1]:1 [2]:2 [3]:3
[0]:4238977098 [1]:1 [2]:2 [3]:3
[0]:4008424048 [1]:1 [2]:2 [3]:3
[0]:3813032007 [1]:1 [2]:2 [3]:3
[0]:3619704978 [1]:1 [2]:2 [3]:3
[0]:3434563155 [1]:1 [2]:2 [3]:3
[0]:4205308461 [1]:1 [2]:2 [3]:2
[0]:4001027166 [1]:1 [2]:2 [3]:2
[0]:3807885075 [1]:1 [2]:2 [3]:3
[0]:3605273751 [1]:1 [2]:2 [3]:3
[0]:3408973966 [1]:1 [2]:2 [3]:3
[0]:4202149356 [1]:1 [2]:2 [3]:3
[0]:3978687220 [1]:1 [2]:2 [3]:3
[0]:3743476581 [1]:1 [2]:2 [3]:3
[0]:3531890446 [1]:1 [2]:2 [3]:3
[0]:3331150223 [1]:1 [2]:2 [3]:3
[0]:4147175656 [1]:1 [2]:2 [3]:3
[0]:3958149472 [1]:1 [2]:2 [3]:2
[0]:3771210748 [1]:1 [2]:2 [3]:3
[0]:3567156525 [1]:1 [2]:2 [3]:3
[0]:3378033973 [1]:1 [2]:2 [3]:4
[0]:4193192747 [1]:1 [2]:2 [3]:3
[0]:4002085035 [1]:1 [2]:2 [3]:3
[0]:3817805295 [1]:1 [2]:2 [3]:3
[0]:3619591147 [1]:1 [2]:2 [3]:3
[0]:3429054311 [1]:1 [2]:2 [3]:3
[0]:4245422595 [1]:1 [2]:2 [3]:3
[0]:4053240647 [1]:1 [2]:2 [3]:3
[0]:3865115940 [1]:1 [2]:2 [3]:3
[0]:3671173378 [1]:1 [2]:2 [3]:3
[0]:3434177195 [1]:1 [2]:2 [3]:4
[0]:4198901465 [1]:1 [2]:2 [3]:2
[0]:3960990501 [1]:1 [2]:2 [3]:3
[0]:3742557211 [1]:1 [2]:2 [3]:3
[0]:3526887413 [1]:1 [2]:2 [3]:2
[0]:3324661727 [1]:1 [2]:2 [3]:2
[0]:4123186297 [1]:1 [2]:2 [3]:3
[0]:3909027740 [1]:1 [2]:2 [3]:3
[0]:3702836721 [1]:1 [2]:2 [3]:3
[0]:3496990435 [1]:1 [2]:2 [3]:3
[0]:4287192952 [1]:1 [2]:2 [3]:3
[0]:4081900353 [1]:1 [2]:2 [3]:5
[0]:3857128877 [1]:1 [2]:2 [3]:2
[0]:3641098253 [1]:1 [2]:2 [3]:3
[0]:3429070837 [1]:1 [2]:2 [3]:3
[0]:4221154210 [1]:1 [2]:2 [3]:3
[0]:4016944698 [1]:1 [2]:2 [3]:3
[0]:3817156506 [1]:1 [2]:2 [3]:3
[0]:3633112623 [1]:1 [2]:2 [3]:3
[0]:3453355252 [1]:1 [2]:2 [3]:3
[0]:4263213458 [1]:1 [2]:2 [3]:3
[0]:4080483130 [1]:1 [2]:2 [3]:3
[0]:3889234993 [1]:1 [2]:2 [3]:3
[0]:3697873791 [1]:1 [2]:2 [3]:3
[0]:3501287363 [1]:1 [2]:2 [3]:3
[0]:3319218801 [1]:1 [2]:2 [3]:3
[0]:4136213957 [1]:1 [2]:2 [3]:3
[0]:3950577556 [1]:1 [2]:2 [3]:3
[0]:3760023666 [1]:1 [2]:2 [3]:3
[0]:3577481830 [1]:1 [2]:2 [3]:3
[0]:3381235043 [1]:1 [2]:2 [3]:2
[0]:4172232335 [1]:1 [2]:2 [3]:3
[0]:3985170403 [1]:1 [2]:2 [3]:3
[0]:3681067132 [1]:1 [2]:2 [3]:3
[0]:3444648430 [1]:1 [2]:2 [3]:3
[0]:4223386705 [1]:1 [2]:2 [3]:3
[0]:4035237965 [1]:1 [2]:2 [3]:3
[0]:3845706058 [1]:1 [2]:2 [3]:3
[0]:3658638978 [1]:1 [2]:2 [3]:3
[0]:3449111838 [1]:1 [2]:2 [3]:3
[0]:4264119212 [1]:1 [2]:2 [3]:3
