[0]:997474626 [1]:997474631 [2]:0 [3]:18
[0]:998497882 [1]:998497883 [2]:0 [3]:11
[0]:999532836 [1]:999532835 [2]:0 [3]:51
[0]:1000564050 [1]:1000564058 [2]:0 [3]:9
[0]:1002127722 [1]:1002127730 [2]:0 [3]:9
[0]:1003425329 [1]:1003425355 [2]:0 [3]:15
[0]:1004678243 [1]:1004678243 [2]:0 [3]:52
[0]:1005989034 [1]:1005989034 [2]:0 [3]:47
[0]:1007698293 [1]:1007698295 [2]:0 [3]:14
[0]:1008874185 [1]:1008874185 [2]:0 [3]:55
[0]:1010075129 [1]:1010075161 [2]:0 [3]:8
[0]:1011235189 [1]:1011235192 [2]:0 [3]:13
[0]:1012429771 [1]:1012429776 [2]:0 [3]:8
[0]:1013573556 [1]:1013573556 [2]:0 [3]:14
[0]:1014771216 [1]:1014771220 [2]:0 [3]:14
[0]:1015961444 [1]:1015961448 [2]:0 [3]:13
[0]:1017192578 [1]:1017192578 [2]:0 [3]:50
[0]:1018343043 [1]:1018343046 [2]:0 [3]:49
[0]:1019493665 [1]:1019493669 [2]:0 [3]:13
[0]:1020679154 [1]:1020679161 [2]:0 [3]:14
[0]:1021848928 [1]:1021848929 [2]:0 [3]:8
[0]:1023028830 [1]:1023028832 [2]:0 [3]:5
[0]:1024293881 [1]:1024293886 [2]:0 [3]:45
[0]:1025316256 [1]:1025316256 [2]:0 [3]:10
[0]:1026403243 [1]:1026403250 [2]:0 [3]:50
[0]:1027461188 [1]:1027461191 [2]:0 [3]:9
[0]:1028470116 [1]:1028470116 [2]:0 [3]:41
[0]:1029520803 [1]:1029520814 [2]:0 [3]:14
[0]:1030766331 [1]:1030766331 [2]:0 [3]:14
[0]:1031830476 [1]:1031830476 [2]:0 [3]:8
[0]:1032870455 [1]:1032870471 [2]:0 [3]:10
[0]:1034182259 [1]:1034182276 [2]:0 [3]:7
[0]:1035192625 [1]:1035192636 [2]:0 [3]:10
[0]:1036242321 [1]:1036242321 [2]:0 [3]:54
[0]:1037291930 [1]:1037291930 [2]:0 [3]:51
[0]:1038348627 [1]:1038348668 [2]:0 [3]:9
[0]:1039373216 [1]:1039373224 [2]:0 [3]:11
[0]:1040490475 [1]:1040490490 [2]:0 [3]:46
[0]:1041782722 [1]:1041782722 [2]:0 [3]:53
[0]:1043071993 [1]:1043072003 [2]:0 [3]:16
[0]:1044192188 [1]:1044192195 [2]:0 [3]:15
[0]:1045472313 [1]:1045472331 [2]:0 [3]:13
[0]:1046802496 [1]:1046802512 [2]:0 [3]:50
[0]:1047926053 [1]:1047926053 [2]:0 [3]:14
[0]:1048957384 [1]:1048957386 [2]:0 [3]:11
[0]:1049970608 [1]:1049970607 [2]:0 [3]:15
[0]:1051008170 [1]:1051008170 [2]:0 [3]:47
[0]:1052060462 [1]:1052060462 [2]:0 [3]:10
[0]:1053087304 [1]:1053087306 [2]:0 [3]:16
[0]:1054136581 [1]:1054136594 [2]:0 [3]:8
[0]:1055318787 [1]:1055318787 [2]:0 [3]:50
[0]:1056318211 [1]:1056318216 [2]:0 [3]:15
[0]:1057332815 [1]:1057332859 [2]:0 [3]:8
[0]:1058367743 [1]:1058367779 [2]:0 [3]:47
[0]:1059564241 [1]:1059564243 [2]:0 [3]:49
[0]:1060986118 [1]:1060986118 [2]:0 [3]:15
[0]:1062226514 [1]:1062226582 [2]:0 [3]:14
[0]:1063520638 [1]:1063520649 [2]:0 [3]:13
[0]:1064644592 [1]:1064644606 [2]:0 [3]:11
[0]:1065796472 [1]:1065796478 [2]:0 [3]:12
[0]:1067047053 [1]:1067047060 [2]:0 [3]:51
[0]:1068207970 [1]:1068207974 [2]:0 [3]:51
[0]:1069389606 [1]:1069389630 [2]:0 [3]:7
[0]:1070593427 [1]:1070593441 [2]:0 [3]:10
[0]:1071756679 [1]:1071756684 [2]:0 [3]:47
[0]:1072932828 [1]:1072932836 [2]:0 [3]:48
[0]:1074094864 [1]:1074094865 [2]:0 [3]:13
[0]:1075242163 [1]:1075242166 [2]:0 [3]:16
[0]:1076505808 [1]:1076505821 [2]:0 [3]:12
[0]:1077695936 [1]:1077695936 [2]:0 [3]:46
[0]:1078856335 [1]:1078856373 [2]:0 [3]:12
[0]:1080063739 [1]:1080063743 [2]:0 [3]:9
[0]:1081207298 [1]:1081207298 [2]:0 [3]:52
[0]:1082363681 [1]:1082363689 [2]:0 [3]:13
[0]:1083383378 [1]:1083383378 [2]:0 [3]:48
[0]:1084437492 [1]:1084437502 [2]:0 [3]:11
[0]:1085474338 [1]:1085474360 [2]:0 [3]:46
[0]:1086585164 [1]:1086585166 [2]:0 [3]:16
[0]:1087639113 [1]:1087639113 [2]:0 [3]:49
[0]:1088664937 [1]:1088664937 [2]:0 [3]:17
[0]:1089684358 [1]:1089684365 [2]:0 [3]:17
[0]:1090697602 [1]:1090697602 [2]:0 [3]:49
[0]:1091784514 [1]:1091784514 [2]:0 [3]:52
[0]:1092905619 [1]:1092905620 [2]:0 [3]:15
[0]:1093960386 [1]:1093960386 [2]:0 [3]:56
[0]:1094968641 [1]:1094968644 [2]:0 [3]:10
[0]:1096009637 [1]:1096009642 [2]:0 [3]:13
[0]:1097098579 [1]:1097098593 [2]:0 [3]:10
[0]:1098187950 [1]:1098187983 [2]:0 [3]:46
[0]:1099486120 [1]:1099486121 [2]:0 [3]:49
[0]:1100717681 [1]:1100717681 [2]:0 [3]:52
[0]:1101878688 [1]:1101878704 [2]:0 [3]:15
[0]:1102986142 [1]:1102986149 [2]:0 [3]:15
[0]:1104030688 [1]:1104030695 [2]:0 [3]:7
[0]:1105090861 [1]:1105090875 [2]:0 [3]:17
[0]:1106193604 [1]:1106193603 [2]:0 [3]:47
[0]:1107343900 [1]:1107343894 [2]:0 [3]:48
[0]:1108403096 [1]:1108403116 [2]:0 [3]:9
[0]:1109481737 [1]:1109481739 [2]:0 [3]:14
[0]:1110555543 [1]:1110555543 [2]:0 [3]:17
[0]:1111607226 [1]:1111607251 [2]:0 [3]:11
[0]:1112669396 [1]:1112669395 [2]:0 [3]:12
[0]:1113742956 [1]:1113742952 [2]:0 [3]:8
[0]:1114815216 [1]:1114815216 [2]:0 [3]:20
[0]:1115855317 [1]:1115855315 [2]:0 [3]:50
[0]:1116929403 [1]:1116929401 [2]:0 [3]:15
[0]:1118472443 [1]:1118472443 [2]:0 [3]:9
[0]:1119720362 [1]:1119720362 [2]:0 [3]:55
[0]:1121012906 [1]:1121012910 [2]:0 [3]:7
[0]:1122193250 [1]:1122193250 [2]:0 [3]:49
[0]:1123381748 [1]:1123381749 [2]:0 [3]:11
[0]:1124604947 [1]:1124604958 [2]:0 [3]:7
[0]:1125794682 [1]:1125794717 [2]:0 [3]:14
[0]:1126946810 [1]:1126946810 [2]:0 [3]:12
[0]:1128082744 [1]:1128082745 [2]:0 [3]:49
[0]:1129267693 [1]:1129267698 [2]:0 [3]:11
[0]:1130453446 [1]:1130453445 [2]:0 [3]:11
[0]:1131638379 [1]:1131638381 [2]:0 [3]:14
[0]:1132800677 [1]:1132800685 [2]:0 [3]:14
[0]:1133946144 [1]:1133946146 [2]:0 [3]:15
[0]:1135110567 [1]:1135110568 [2]:0 [3]:8
[0]:1136281819 [1]:1136281821 [2]:0 [3]:47
[0]:1137445463 [1]:1137445466 [2]:0 [3]:12
[0]:1138745438 [1]:1138745441 [2]:0 [3]:12
[0]:1140007459 [1]:1140007459 [2]:0 [3]:10
[0]:1141135796 [1]:1141135798 [2]:0 [3]:52
[0]:1142404466 [1]:1142404466 [2]:0 [3]:53
[0]:1143649257 [1]:1143649258 [2]:0 [3]:9
[0]:1144758188 [1]:1144758194 [2]:0 [3]:60
[0]:1145834044 [1]:1145834049 [2]:0 [3]:15
[0]:1146906931 [1]:1146906932 [2]:0 [3]:17
[0]:1147912430 [1]:1147912433 [2]:0 [3]:20
[0]:1148947324 [1]:1148947329 [2]:0 [3]:47
[0]:1149984069 [1]:1149984075 [2]:0 [3]:14
[0]:1151038050 [1]:1151038055 [2]:0 [3]:9
[0]:1152103730 [1]:1152103730 [2]:0 [3]:9
[0]:1153193446 [1]:1153193514 [2]:0 [3]:8
[0]:1154231305 [1]:1154231308 [2]:0 [3]:50
[0]:1155269613 [1]:1155269619 [2]:0 [3]:47
[0]:1156335530 [1]:1156335530 [2]:0 [3]:49
[0]:1157575050 [1]:1157575048 [2]:0 [3]:48
[0]:1158894721 [1]:1158894721 [2]:0 [3]:45
[0]:1160217666 [1]:1160217678 [2]:0 [3]:11
[0]:1161276774 [1]:1161276776 [2]:0 [3]:12
[0]:1162419360 [1]:1162419361 [2]:0 [3]:44
[0]:1163467855 [1]:1163467874 [2]:0 [3]:12
[0]:1164552279 [1]:1164552285 [2]:0 [3]:17
[0]:1165699092 [1]:1165699095 [2]:0 [3]:48
[0]:1166799113 [1]:1166799113 [2]:0 [3]:48
[0]:1167853580 [1]:1167853589 [2]:0 [3]:51
[0]:1168916857 [1]:1168916859 [2]:0 [3]:16
[0]:1170029263 [1]:1170029268 [2]:0 [3]:13
[0]:1171078692 [1]:1171078705 [2]:0 [3]:13
[0]:1172180738 [1]:1172180738 [2]:0 [3]:49
[0]:1173257633 [1]:1173257633 [2]:0 [3]:53
[0]:1174521185 [1]:1174521185 [2]:0 [3]:53
[0]:1175677450 [1]:1175677450 [2]:0 [3]:12
[0]:1177168855 [1]:1177168854 [2]:0 [3]:14
[0]:1178457634 [1]:1178457636 [2]:0 [3]:11
[0]:1179719779 [1]:1179719782 [2]:0 [3]:17
[0]:1180869485 [1]:1180869491 [2]:0 [3]:12
[0]:1182143326 [1]:1182143329 [2]:0 [3]:57
[0]:1183268017 [1]:1183268012 [2]:0 [3]:20
[0]:1184431041 [1]:1184431045 [2]:0 [3]:17
[0]:1185578850 [1]:1185578850 [2]:0 [3]:52
[0]:1186824909 [1]:1186824909 [2]:0 [3]:7
[0]:1187965017 [1]:1187965025 [2]:0 [3]:14
[0]:1189150874 [1]:1189150879 [2]:0 [3]:11
[0]:1190348652 [1]:1190348660 [2]:0 [3]:7
[0]:1191523489 [1]:1191523489 [2]:0 [3]:52
[0]:1192736190 [1]:1192736190 [2]:0 [3]:8
[0]:1193908887 [1]:1193908887 [2]:0 [3]:9
[0]:1195219366 [1]:1195219366 [2]:0 [3]:10
[0]:1196334567 [1]:1196334568 [2]:0 [3]:15
[0]:1197484290 [1]:1197484290 [2]:0 [3]:57
[0]:1198715227 [1]:1198715227 [2]:0 [3]:14
[0]:1199798439 [1]:1199798446 [2]:0 [3]:13
[0]:1200854265 [1]:1200854263 [2]:0 [3]:52
[0]:1201961787 [1]:1201961811 [2]:0 [3]:6
[0]:1202985101 [1]:1202985099 [2]:0 [3]:15
[0]:1204002073 [1]:1204002073 [2]:0 [3]:13
[0]:1205063269 [1]:1205063271 [2]:0 [3]:15
[0]:1206106288 [1]:1206106291 [2]:0 [3]:15
[0]:1207154873 [1]:1207154899 [2]:0 [3]:10
[0]:1208304082 [1]:1208304082 [2]:0 [3]:50
[0]:1209349406 [1]:1209349409 [2]:0 [3]:15
[0]:1210445735 [1]:1210445735 [2]:0 [3]:48
[0]:1211531328 [1]:1211531328 [2]:0 [3]:15
[0]:1212738720 [1]:1212738719 [2]:0 [3]:8
[0]:1213818559 [1]:1213818570 [2]:0 [3]:17
[0]:1214960206 [1]:1214960208 [2]:0 [3]:12
[0]:1216257232 [1]:1216257241 [2]:0 [3]:18
[0]:1217492567 [1]:1217492583 [2]:0 [3]:8
[0]:1218652605 [1]:1218652606 [2]:0 [3]:16
[0]:1219861474 [1]:1219861474 [2]:0 [3]:50
[0]:1220962200 [1]:1220962203 [2]:0 [3]:12
[0]:1222045130 [1]:1222045133 [2]:0 [3]:15
[0]:1223136079 [1]:1223136084 [2]:0 [3]:45
[0]:1224198057 [1]:1224198052 [2]:0 [3]:13
[0]:1225261209 [1]:1225261234 [2]:0 [3]:12
[0]:1226325730 [1]:1226325730 [2]:0 [3]:52
[0]:1227372965 [1]:1227372971 [2]:0 [3]:10
[0]:1228434919 [1]:1228434919 [2]:0 [3]:49
[0]:1229479041 [1]:1229479044 [2]:0 [3]:11
[0]:1230593115 [1]:1230593124 [2]:0 [3]:54
[0]:1231681569 [1]:1231681569 [2]:0 [3]:22
[0]:1232744220 [1]:1232744221 [2]:0 [3]:17
[0]:1234138660 [1]:1234138663 [2]:0 [3]:13
[0]:1235752810 [1]:1235752833 [2]:0 [3]:13
[0]:1236963682 [1]:1236963685 [2]:0 [3]:57
[0]:1238180811 [1]:1238180821 [2]:0 [3]:47
[0]:1239349750 [1]:1239349755 [2]:0 [3]:52
[0]:1240424684 [1]:1240424684 [2]:0 [3]:47
[0]:1240424684 [1]:1240424684 [2]:0 [3]:47
[0]:1240424684 [1]:1240424684 [2]:0 [3]:47
[0]:1240424684 [1]:1240424684 [2]:0 [3]:47
[0]:1240424684 [1]:1240424684 [2]:0 [3]:47
[0]:1240424684 [1]:1240424684 [2]:0 [3]:47
[0]:1240424684 [1]:1240424684 [2]:0 [3]:47
[0]:1240424684 [1]:1240424684 [2]:0 [3]:47
[0]:1240424684 [1]:1240424684 [2]:0 [3]:47
