[0]:0 [1]:0 [2]:0 [3]:0
[0]:0 [1]:0 [2]:0 [3]:0
[0]:0 [1]:0 [2]:0 [3]:0
[0]:0 [1]:0 [2]:0 [3]:0
[0]:0 [1]:0 [2]:0 [3]:0
[0]:860761 [1]:860764 [2]:0 [3]:49
[0]:2042448 [1]:2042448 [2]:0 [3]:49
[0]:3325569 [1]:3325569 [2]:0 [3]:15
[0]:4646239 [1]:4646255 [2]:0 [3]:18
[0]:5694126 [1]:5694135 [2]:0 [3]:12
[0]:6797805 [1]:6797805 [2]:0 [3]:17
[0]:7860132 [1]:7860137 [2]:0 [3]:50
[0]:8928160 [1]:8928160 [2]:0 [3]:13
[0]:10288827 [1]:10288823 [2]:0 [3]:12
[0]:11341907 [1]:11341912 [2]:0 [3]:8
[0]:12352720 [1]:12352761 [2]:0 [3]:10
[0]:13419398 [1]:13419405 [2]:0 [3]:44
[0]:14703056 [1]:14703056 [2]:0 [3]:15
[0]:15754748 [1]:15754765 [2]:0 [3]:14
[0]:16795499 [1]:16795501 [2]:0 [3]:14
[0]:17822917 [1]:17822956 [2]:0 [3]:8
[0]:18861301 [1]:18861306 [2]:0 [3]:51
[0]:19906058 [1]:19906088 [2]:0 [3]:14
[0]:21112913 [1]:21112915 [2]:0 [3]:49
[0]:22741836 [1]:22741843 [2]:0 [3]:6
[0]:24037930 [1]:24037942 [2]:0 [3]:17
[0]:25309025 [1]:25309046 [2]:0 [3]:13
[0]:26507000 [1]:26507010 [2]:0 [3]:12
[0]:27673382 [1]:27673384 [2]:0 [3]:12
[0]:28841078 [1]:28841078 [2]:0 [3]:13
[0]:30011480 [1]:30011480 [2]:0 [3]:50
[0]:31180105 [1]:31180110 [2]:0 [3]:9
[0]:32374368 [1]:32374370 [2]:0 [3]:49
[0]:33565186 [1]:33565198 [2]:0 [3]:53
[0]:34756074 [1]:34756074 [2]:0 [3]:12
[0]:35930384 [1]:35930384 [2]:0 [3]:50
[0]:37102756 [1]:37102758 [2]:0 [3]:11
[0]:38271538 [1]:38271540 [2]:0 [3]:12
[0]:39413007 [1]:39413007 [2]:0 [3]:9
[0]:40585185 [1]:40585186 [2]:0 [3]:53
[0]:41777503 [1]:41777506 [2]:0 [3]:14
[0]:42901401 [1]:42901403 [2]:0 [3]:52
[0]:44023520 [1]:44023520 [2]:0 [3]:47
[0]:45085532 [1]:45085539 [2]:0 [3]:17
[0]:46096744 [1]:46096748 [2]:0 [3]:16
[0]:47147808 [1]:47147808 [2]:0 [3]:13
[0]:48127114 [1]:48127114 [2]:0 [3]:14
[0]:49487303 [1]:49487303 [2]:0 [3]:55
[0]:50521694 [1]:50521700 [2]:0 [3]:12
[0]:51526168 [1]:51526168 [2]:0 [3]:50
[0]:52640800 [1]:52640804 [2]:0 [3]:49
[0]:53680346 [1]:53680354 [2]:0 [3]:53
[0]:54740074 [1]:54740076 [2]:0 [3]:15
[0]:55804534 [1]:55804531 [2]:0 [3]:16
[0]:57383008 [1]:57383011 [2]:0 [3]:16
[0]:58413443 [1]:58413443 [2]:0 [3]:51
[0]:59452658 [1]:59452689 [2]:0 [3]:47
[0]:60690847 [1]:60690866 [2]:0 [3]:12
[0]:62135852 [1]:62135853 [2]:0 [3]:12
[0]:63261245 [1]:63261263 [2]:0 [3]:8
[0]:64276186 [1]:64276199 [2]:0 [3]:15
[0]:65284685 [1]:65284696 [2]:0 [3]:17
[0]:66304563 [1]:66304561 [2]:0 [3]:47
[0]:67352831 [1]:67352837 [2]:0 [3]:51
[0]:68371926 [1]:68371933 [2]:0 [3]:12
[0]:69435375 [1]:69435377 [2]:0 [3]:13
[0]:70471401 [1]:70471405 [2]:0 [3]:47
[0]:71488555 [1]:71488557 [2]:0 [3]:13
[0]:72515594 [1]:72515594 [2]:0 [3]:50
[0]:73566737 [1]:73566745 [2]:0 [3]:12
[0]:74612109 [1]:74612116 [2]:0 [3]:11
[0]:75711516 [1]:75711517 [2]:0 [3]:11
[0]:76778323 [1]:76778328 [2]:0 [3]:53
[0]:77821229 [1]:77821238 [2]:0 [3]:11
[0]:78941895 [1]:78941896 [2]:0 [3]:13
[0]:80201600 [1]:80201600 [2]:0 [3]:48
[0]:81595873 [1]:81595877 [2]:0 [3]:12
[0]:82906559 [1]:82906580 [2]:0 [3]:13
[0]:84393506 [1]:84393528 [2]:0 [3]:9
[0]:85558202 [1]:85558204 [2]:0 [3]:10
[0]:86735491 [1]:86735493 [2]:0 [3]:28
[0]:87930250 [1]:87930255 [2]:0 [3]:13
[0]:89077068 [1]:89077070 [2]:0 [3]:50
[0]:90187892 [1]:90187900 [2]:0 [3]:15
[0]:91351938 [1]:91351950 [2]:0 [3]:51
[0]:92522838 [1]:92522838 [2]:0 [3]:53
[0]:93706300 [1]:93706299 [2]:0 [3]:13
[0]:94831987 [1]:94831984 [2]:0 [3]:54
[0]:96003945 [1]:96003950 [2]:0 [3]:50
[0]:97139203 [1]:97139207 [2]:0 [3]:13
[0]:98308010 [1]:98308006 [2]:0 [3]:48
[0]:99470597 [1]:99470602 [2]:0 [3]:13
[0]:100693141 [1]:100693141 [2]:0 [3]:49
[0]:101893059 [1]:101893096 [2]:0 [3]:52
[0]:102960284 [1]:102960292 [2]:0 [3]:16
[0]:104035302 [1]:104035307 [2]:0 [3]:46
[0]:105091042 [1]:105091044 [2]:0 [3]:10
[0]:106154267 [1]:106154271 [2]:0 [3]:17
[0]:107190052 [1]:107190055 [2]:0 [3]:54
[0]:108261897 [1]:108261895 [2]:0 [3]:51
[0]:109332196 [1]:109332200 [2]:0 [3]:47
[0]:110460471 [1]:110460475 [2]:0 [3]:11
[0]:111496880 [1]:111496880 [2]:0 [3]:47
[0]:112565136 [1]:112565136 [2]:0 [3]:49
[0]:113664068 [1]:113664065 [2]:0 [3]:50
[0]:114729429 [1]:114729431 [2]:0 [3]:49
[0]:115780117 [1]:115780133 [2]:0 [3]:13
[0]:116867225 [1]:116867228 [2]:0 [3]:16
[0]:118087929 [1]:118087944 [2]:0 [3]:15
[0]:119357034 [1]:119357034 [2]:0 [3]:50
[0]:120585963 [1]:120585964 [2]:0 [3]:16
[0]:121657470 [1]:121657465 [2]:0 [3]:51
[0]:122724571 [1]:122724571 [2]:0 [3]:9
[0]:123786105 [1]:123786106 [2]:0 [3]:51
[0]:124856580 [1]:124856584 [2]:0 [3]:12
[0]:125895247 [1]:125895250 [2]:0 [3]:48
[0]:126970124 [1]:126970125 [2]:0 [3]:49
[0]:128062639 [1]:128062641 [2]:0 [3]:55
[0]:129115168 [1]:129115171 [2]:0 [3]:52
[0]:130142929 [1]:130142929 [2]:0 [3]:56
[0]:131256256 [1]:131256306 [2]:0 [3]:51
[0]:132287098 [1]:132287107 [2]:0 [3]:12
[0]:133683453 [1]:133683453 [2]:0 [3]:14
[0]:134700496 [1]:134700496 [2]:0 [3]:50
[0]:135765246 [1]:135765253 [2]:0 [3]:10
[0]:136988548 [1]:136988559 [2]:0 [3]:15
[0]:138212097 [1]:138212101 [2]:0 [3]:15
[0]:139555268 [1]:139555280 [2]:0 [3]:9
[0]:140814231 [1]:140814232 [2]:0 [3]:11
[0]:142089491 [1]:142089505 [2]:0 [3]:53
[0]:143314901 [1]:143314901 [2]:0 [3]:12
[0]:144521329 [1]:144521337 [2]:0 [3]:17
[0]:145700501 [1]:145700501 [2]:0 [3]:13
[0]:146883273 [1]:146883283 [2]:0 [3]:50
[0]:148035294 [1]:148035297 [2]:0 [3]:53
[0]:149235674 [1]:149235680 [2]:0 [3]:49
[0]:150450254 [1]:150450259 [2]:0 [3]:48
[0]:151647274 [1]:151647281 [2]:0 [3]:6
[0]:152811729 [1]:152811733 [2]:0 [3]:48
[0]:153991698 [1]:153991698 [2]:0 [3]:16
[0]:155097573 [1]:155097575 [2]:0 [3]:15
[0]:156236819 [1]:156236822 [2]:0 [3]:9
[0]:157410316 [1]:157410321 [2]:0 [3]:16
[0]:158601365 [1]:158601378 [2]:0 [3]:10
[0]:159891590 [1]:159891590 [2]:0 [3]:10
[0]:160919241 [1]:160919233 [2]:0 [3]:11
[0]:162000726 [1]:162000730 [2]:0 [3]:49
[0]:163038947 [1]:163038947 [2]:0 [3]:8
[0]:164065366 [1]:164065378 [2]:0 [3]:11
[0]:165101543 [1]:165101570 [2]:0 [3]:8
[0]:166155328 [1]:166155331 [2]:0 [3]:10
[0]:167199323 [1]:167199323 [2]:0 [3]:16
[0]:168263877 [1]:168263878 [2]:0 [3]:49
[0]:169342283 [1]:169342300 [2]:0 [3]:17
[0]:170414067 [1]:170414069 [2]:0 [3]:50
[0]:171495725 [1]:171495725 [2]:0 [3]:13
[0]:172516127 [1]:172516127 [2]:0 [3]:11
[0]:173562237 [1]:173562251 [2]:0 [3]:17
[0]:174727800 [1]:174727810 [2]:0 [3]:48
[0]:175889206 [1]:175889213 [2]:0 [3]:19
[0]:177137215 [1]:177137223 [2]:0 [3]:59
[0]:178422598 [1]:178422598 [2]:0 [3]:16
[0]:179563027 [1]:179563042 [2]:0 [3]:11
[0]:180612463 [1]:180612466 [2]:0 [3]:11
[0]:181800474 [1]:181800474 [2]:0 [3]:11
[0]:182859583 [1]:182859583 [2]:0 [3]:48
[0]:183890781 [1]:183890786 [2]:0 [3]:9
[0]:184921813 [1]:184921817 [2]:0 [3]:13
[0]:185969512 [1]:185969516 [2]:0 [3]:8
[0]:187015346 [1]:187015362 [2]:0 [3]:13
[0]:188071580 [1]:188071591 [2]:0 [3]:5
[0]:189116423 [1]:189116425 [2]:0 [3]:13
[0]:190181294 [1]:190181303 [2]:0 [3]:47
[0]:191246008 [1]:191246008 [2]:0 [3]:51
[0]:192259973 [1]:192259978 [2]:0 [3]:9
[0]:193311842 [1]:193311851 [2]:0 [3]:17
[0]:194359329 [1]:194359373 [2]:0 [3]:9
[0]:195609959 [1]:195609967 [2]:0 [3]:11
[0]:196947656 [1]:196947664 [2]:0 [3]:47
[0]:198189059 [1]:198189069 [2]:0 [3]:13
[0]:199392415 [1]:199392415 [2]:0 [3]:49
[0]:200616043 [1]:200616047 [2]:0 [3]:14
[0]:201764590 [1]:201764597 [2]:0 [3]:12
[0]:202881872 [1]:202881872 [2]:0 [3]:51
[0]:204354264 [1]:204354264 [2]:0 [3]:53
[0]:205516129 [1]:205516135 [2]:0 [3]:11
[0]:206653977 [1]:206653977 [2]:0 [3]:15
[0]:207790913 [1]:207790918 [2]:0 [3]:16
[0]:208944705 [1]:208944705 [2]:0 [3]:13
[0]:210116288 [1]:210116288 [2]:0 [3]:53
[0]:211203152 [1]:211203152 [2]:0 [3]:53
[0]:212392588 [1]:212392602 [2]:0 [3]:49
[0]:213525960 [1]:213525959 [2]:0 [3]:18
[0]:214651920 [1]:214651920 [2]:0 [3]:47
[0]:215805833 [1]:215805864 [2]:0 [3]:48
[0]:216942415 [1]:216942418 [2]:0 [3]:45
[0]:218062542 [1]:218062543 [2]:0 [3]:17
[0]:219149393 [1]:219149391 [2]:0 [3]:54
[0]:220271016 [1]:220271025 [2]:0 [3]:10
[0]:221324082 [1]:221324085 [2]:0 [3]:12
[0]:222430165 [1]:222430167 [2]:0 [3]:12
[0]:223508760 [1]:223508762 [2]:0 [3]:10
[0]:224548207 [1]:224548209 [2]:0 [3]:10
[0]:225586916 [1]:225586924 [2]:0 [3]:11
[0]:226611713 [1]:226611731 [2]:0 [3]:49
[0]:227685536 [1]:227685536 [2]:0 [3]:51
[0]:228725820 [1]:228725835 [2]:0 [3]:9
[0]:229773374 [1]:229773376 [2]:0 [3]:14
[0]:230861087 [1]:230861090 [2]:0 [3]:52
[0]:231971366 [1]:231971373 [2]:0 [3]:21
[0]:233131369 [1]:233131369 [2]:0 [3]:18
[0]:234281070 [1]:234281069 [2]:0 [3]:20
[0]:235661743 [1]:235661748 [2]:0 [3]:22
[0]:237053419 [1]:237053423 [2]:0 [3]:52
[0]:238346038 [1]:238346038 [2]:0 [3]:14
[0]:239502279 [1]:239502279 [2]:0 [3]:19
[0]:240662263 [1]:240662266 [2]:0 [3]:50
[0]:241862390 [1]:241862395 [2]:0 [3]:13
[0]:243002817 [1]:243002839 [2]:0 [3]:17
[0]:244119325 [1]:244119353 [2]:0 [3]:20
[0]:245275574 [1]:245275577 [2]:0 [3]:61
[0]:246429489 [1]:246429489 [2]:0 [3]:17
[0]:247534906 [1]:247534909 [2]:0 [3]:12
[0]:248661247 [1]:248661247 [2]:0 [3]:13
[0]:249787917 [1]:249787921 [2]:0 [3]:14
[0]:250928511 [1]:250928516 [2]:0 [3]:15
[0]:252090691 [1]:252090691 [2]:0 [3]:12
[0]:253253756 [1]:253253756 [2]:0 [3]:22
[0]:254398373 [1]:254398375 [2]:0 [3]:20
[0]:255682176 [1]:255682176 [2]:0 [3]:13
[0]:257143934 [1]:257143938 [2]:0 [3]:11
[0]:258534750 [1]:258534751 [2]:0 [3]:13
[0]:259843913 [1]:259843937 [2]:0 [3]:55
[0]:261085273 [1]:261085287 [2]:0 [3]:21
[0]:262415592 [1]:262415592 [2]:0 [3]:15
[0]:263695851 [1]:263695852 [2]:0 [3]:16
[0]:264999234 [1]:264999234 [2]:0 [3]:16
[0]:266237880 [1]:266237880 [2]:0 [3]:55
[0]:267559457 [1]:267559460 [2]:0 [3]:22
[0]:268789157 [1]:268789157 [2]:0 [3]:59
[0]:270042670 [1]:270042689 [2]:0 [3]:13
[0]:271356987 [1]:271356987 [2]:0 [3]:11
[0]:272591836 [1]:272591836 [2]:0 [3]:16
[0]:273832165 [1]:273832174 [2]:0 [3]:13
[0]:275087576 [1]:275087578 [2]:0 [3]:19
[0]:276369124 [1]:276369128 [2]:0 [3]:49
[0]:277679625 [1]:277679640 [2]:0 [3]:16
[0]:278958472 [1]:278958488 [2]:0 [3]:12
[0]:280231860 [1]:280231860 [2]:0 [3]:11
[0]:281454102 [1]:281454107 [2]:0 [3]:13
[0]:282591304 [1]:282591325 [2]:0 [3]:11
[0]:283718677 [1]:283718677 [2]:0 [3]:23
[0]:284841351 [1]:284841375 [2]:0 [3]:18
[0]:285968645 [1]:285968650 [2]:0 [3]:17
[0]:287103410 [1]:287103418 [2]:0 [3]:18
[0]:288230883 [1]:288230889 [2]:0 [3]:47
[0]:289367507 [1]:289367511 [2]:0 [3]:56
[0]:290496705 [1]:290496704 [2]:0 [3]:10
[0]:291675897 [1]:291675898 [2]:0 [3]:15
[0]:292831242 [1]:292831243 [2]:0 [3]:14
[0]:294015313 [1]:294015347 [2]:0 [3]:50
[0]:295239127 [1]:295239127 [2]:0 [3]:18
[0]:296419145 [1]:296419148 [2]:0 [3]:17
[0]:297567759 [1]:297567786 [2]:0 [3]:13
[0]:298808861 [1]:298808861 [2]:0 [3]:18
[0]:300183047 [1]:300183047 [2]:0 [3]:61
[0]:301584412 [1]:301584412 [2]:0 [3]:16
[0]:302859581 [1]:302859585 [2]:0 [3]:50
[0]:304097324 [1]:304097335 [2]:0 [3]:13
[0]:305277788 [1]:305277794 [2]:0 [3]:17
[0]:306440205 [1]:306440208 [2]:0 [3]:17
[0]:307735781 [1]:307735777 [2]:0 [3]:18
[0]:308909730 [1]:308909757 [2]:0 [3]:15
[0]:310055003 [1]:310055011 [2]:0 [3]:17
[0]:311197022 [1]:311197038 [2]:0 [3]:10
[0]:312353697 [1]:312353735 [2]:0 [3]:15
[0]:313498381 [1]:313498389 [2]:0 [3]:16
[0]:314658221 [1]:314658222 [2]:0 [3]:18
[0]:315813397 [1]:315813397 [2]:0 [3]:11
[0]:316968002 [1]:316968005 [2]:0 [3]:16
[0]:318119289 [1]:318119289 [2]:0 [3]:17
[0]:319373857 [1]:319373859 [2]:0 [3]:56
[0]:320821450 [1]:320821462 [2]:0 [3]:11
[0]:322204209 [1]:322204216 [2]:0 [3]:16
[0]:323587166 [1]:323587211 [2]:0 [3]:7
[0]:324887778 [1]:324887778 [2]:0 [3]:15
[0]:326177728 [1]:326177731 [2]:0 [3]:8
[0]:327482410 [1]:327482478 [2]:0 [3]:10
[0]:328789229 [1]:328789235 [2]:0 [3]:10
[0]:330044610 [1]:330044627 [2]:0 [3]:57
[0]:331343071 [1]:331343071 [2]:0 [3]:18
[0]:332677598 [1]:332677612 [2]:0 [3]:15
[0]:333980463 [1]:333980469 [2]:0 [3]:51
[0]:335378719 [1]:335378766 [2]:0 [3]:12
[0]:336705823 [1]:336705842 [2]:0 [3]:13
[0]:338020380 [1]:338020380 [2]:0 [3]:12
[0]:339288463 [1]:339288481 [2]:0 [3]:50
[0]:340579572 [1]:340579584 [2]:0 [3]:15
[0]:341834240 [1]:341834240 [2]:0 [3]:50
[0]:343258816 [1]:343258818 [2]:0 [3]:15
[0]:344489396 [1]:344489398 [2]:0 [3]:16
[0]:345710122 [1]:345710122 [2]:0 [3]:53
[0]:346851696 [1]:346851702 [2]:0 [3]:49
[0]:347992584 [1]:347992586 [2]:0 [3]:15
[0]:349160745 [1]:349160758 [2]:0 [3]:16
[0]:350338656 [1]:350338681 [2]:0 [3]:13
[0]:351494260 [1]:351494281 [2]:0 [3]:13
[0]:352680038 [1]:352680060 [2]:0 [3]:15
[0]:353854803 [1]:353854803 [2]:0 [3]:50
[0]:355035609 [1]:355035638 [2]:0 [3]:53
[0]:356214874 [1]:356214874 [2]:0 [3]:49
[0]:357647071 [1]:357647075 [2]:0 [3]:16
[0]:358984937 [1]:358984937 [2]:0 [3]:58
[0]:360107075 [1]:360107081 [2]:0 [3]:17
[0]:361338364 [1]:361338363 [2]:0 [3]:55
[0]:362443469 [1]:362443479 [2]:0 [3]:56
[0]:363845446 [1]:363845450 [2]:0 [3]:19
[0]:365365694 [1]:365365694 [2]:0 [3]:25
[0]:366607665 [1]:366607669 [2]:0 [3]:14
[0]:368265882 [1]:368265882 [2]:0 [3]:57
[0]:369446347 [1]:369446394 [2]:0 [3]:19
[0]:370549965 [1]:370549969 [2]:0 [3]:12
[0]:371755729 [1]:371755735 [2]:0 [3]:49
[0]:372923817 [1]:372923818 [2]:0 [3]:53
[0]:374047385 [1]:374047387 [2]:0 [3]:14
[0]:375758123 [1]:375758190 [2]:0 [3]:18
[0]:376899669 [1]:376899663 [2]:0 [3]:12
[0]:378027944 [1]:378027945 [2]:0 [3]:10
[0]:379157273 [1]:379157275 [2]:0 [3]:17
[0]:380338398 [1]:380338398 [2]:0 [3]:48
[0]:381483361 [1]:381483372 [2]:0 [3]:51
[0]:382570539 [1]:382570541 [2]:0 [3]:51
[0]:384082438 [1]:384082440 [2]:0 [3]:61
[0]:385725254 [1]:385725254 [2]:0 [3]:59
[0]:387110880 [1]:387110880 [2]:0 [3]:50
[0]:388414431 [1]:388414442 [2]:0 [3]:54
[0]:389696771 [1]:389696770 [2]:0 [3]:17
[0]:391002260 [1]:391002263 [2]:0 [3]:55
[0]:392306510 [1]:392306509 [2]:0 [3]:13
[0]:393585848 [1]:393585849 [2]:0 [3]:10
[0]:395117376 [1]:395117381 [2]:0 [3]:13
[0]:396446245 [1]:396446267 [2]:0 [3]:48
[0]:397676762 [1]:397676766 [2]:0 [3]:13
[0]:398931573 [1]:398931589 [2]:0 [3]:21
[0]:400233976 [1]:400233988 [2]:0 [3]:21
[0]:401540848 [1]:401540846 [2]:0 [3]:15
[0]:402845341 [1]:402845345 [2]:0 [3]:53
[0]:404124426 [1]:404124424 [2]:0 [3]:56
[0]:405416223 [1]:405416233 [2]:0 [3]:19
[0]:406685435 [1]:406685437 [2]:0 [3]:17
[0]:407966921 [1]:407966922 [2]:0 [3]:17
[0]:409297438 [1]:409297438 [2]:0 [3]:53
[0]:410534500 [1]:410534500 [2]:0 [3]:18
[0]:411704537 [1]:411704537 [2]:0 [3]:18
[0]:412905535 [1]:412905535 [2]:0 [3]:13
[0]:414054801 [1]:414054818 [2]:0 [3]:19
[0]:415194291 [1]:415194297 [2]:0 [3]:17
[0]:416396760 [1]:416396760 [2]:0 [3]:16
[0]:417577559 [1]:417577564 [2]:0 [3]:19
[0]:418807344 [1]:418807356 [2]:0 [3]:52
[0]:419936806 [1]:419936808 [2]:0 [3]:15
[0]:421140423 [1]:421140529 [2]:0 [3]:52
[0]:422340073 [1]:422340075 [2]:0 [3]:20
[0]:423541044 [1]:423541044 [2]:0 [3]:17
[0]:424678682 [1]:424678704 [2]:0 [3]:57
[0]:425802237 [1]:425802245 [2]:0 [3]:21
[0]:427172657 [1]:427172661 [2]:0 [3]:53
[0]:428577735 [1]:428577737 [2]:0 [3]:17
[0]:429995307 [1]:429995308 [2]:0 [3]:16
[0]:431227124 [1]:431227146 [2]:0 [3]:10
[0]:432380439 [1]:432380440 [2]:0 [3]:15
[0]:433560019 [1]:433560017 [2]:0 [3]:54
[0]:434723234 [1]:434723241 [2]:0 [3]:20
[0]:435909054 [1]:435909054 [2]:0 [3]:54
[0]:437066789 [1]:437066789 [2]:0 [3]:17
[0]:438248362 [1]:438248368 [2]:0 [3]:14
[0]:439453925 [1]:439453930 [2]:0 [3]:14
[0]:440659808 [1]:440659810 [2]:0 [3]:16
[0]:441828909 [1]:441828921 [2]:0 [3]:14
[0]:442989480 [1]:442989483 [2]:0 [3]:12
[0]:444123476 [1]:444123494 [2]:0 [3]:10
[0]:445321847 [1]:445321863 [2]:0 [3]:20
[0]:446442722 [1]:446442722 [2]:0 [3]:54
[0]:447610475 [1]:447610477 [2]:0 [3]:16
[0]:448892391 [1]:448892394 [2]:0 [3]:18
[0]:450247903 [1]:450247915 [2]:0 [3]:60
[0]:451695775 [1]:451695779 [2]:0 [3]:59
[0]:453074822 [1]:453074828 [2]:0 [3]:58
[0]:454437640 [1]:454437657 [2]:0 [3]:17
[0]:455749781 [1]:455749786 [2]:0 [3]:56
[0]:457111361 [1]:457111376 [2]:0 [3]:14
[0]:458680495 [1]:458680510 [2]:0 [3]:20
[0]:459989975 [1]:459989975 [2]:0 [3]:20
[0]:461212475 [1]:461212475 [2]:0 [3]:54
[0]:462485731 [1]:462485732 [2]:0 [3]:54
[0]:463770428 [1]:463770433 [2]:0 [3]:14
[0]:465024675 [1]:465024675 [2]:0 [3]:58
[0]:466280094 [1]:466280096 [2]:0 [3]:15
[0]:467649058 [1]:467649059 [2]:0 [3]:12
[0]:469036347 [1]:469036347 [2]:0 [3]:53
[0]:470372172 [1]:470372205 [2]:0 [3]:15
[0]:471652853 [1]:471652856 [2]:0 [3]:19
[0]:472902080 [1]:472902080 [2]:0 [3]:50
[0]:474212602 [1]:474212613 [2]:0 [3]:58
[0]:475368543 [1]:475368551 [2]:0 [3]:14
[0]:476511617 [1]:476511620 [2]:0 [3]:17
[0]:477638503 [1]:477638503 [2]:0 [3]:15
[0]:478831202 [1]:478831189 [2]:0 [3]:14
[0]:479996679 [1]:479996700 [2]:0 [3]:51
[0]:481163252 [1]:481163267 [2]:0 [3]:16
[0]:482310302 [1]:482310312 [2]:0 [3]:48
[0]:483413780 [1]:483413781 [2]:0 [3]:56
[0]:484567379 [1]:484567389 [2]:0 [3]:53
[0]:485742645 [1]:485742647 [2]:0 [3]:14
[0]:486882375 [1]:486882390 [2]:0 [3]:51
[0]:488165379 [1]:488165380 [2]:0 [3]:49
[0]:489309763 [1]:489309763 [2]:0 [3]:17
[0]:490494114 [1]:490494127 [2]:0 [3]:15
[0]:491719014 [1]:491719014 [2]:0 [3]:17
[0]:493129092 [1]:493129099 [2]:0 [3]:55
[0]:494584254 [1]:494584255 [2]:0 [3]:17
[0]:495771389 [1]:495771455 [2]:0 [3]:49
[0]:496845560 [1]:496845559 [2]:0 [3]:10
[0]:497882885 [1]:497882888 [2]:0 [3]:11
[0]:498917175 [1]:498917175 [2]:0 [3]:13
[0]:499939583 [1]:499939583 [2]:0 [3]:47
[0]:501012084 [1]:501012084 [2]:0 [3]:54
[0]:502059191 [1]:502059191 [2]:0 [3]:13
[0]:503040255 [1]:503040257 [2]:0 [3]:55
[0]:504052159 [1]:504052159 [2]:0 [3]:44
[0]:505065031 [1]:505065057 [2]:0 [3]:45
[0]:506092812 [1]:506092811 [2]:0 [3]:52
[0]:507116337 [1]:507116337 [2]:0 [3]:12
[0]:508154863 [1]:508154867 [2]:0 [3]:12
[0]:509197068 [1]:509197068 [2]:0 [3]:48
[0]:510268398 [1]:510268401 [2]:0 [3]:46
[0]:511455829 [1]:511455830 [2]:0 [3]:17
[0]:512934790 [1]:512934795 [2]:0 [3]:12
[0]:514192017 [1]:514192013 [2]:0 [3]:15
[0]:515421620 [1]:515421620 [2]:0 [3]:48
[0]:516646196 [1]:516646196 [2]:0 [3]:47
[0]:517831953 [1]:517831956 [2]:0 [3]:13
[0]:519004210 [1]:519004216 [2]:0 [3]:14
[0]:520181209 [1]:520181210 [2]:0 [3]:16
[0]:521290476 [1]:521290476 [2]:0 [3]:51
[0]:522473188 [1]:522473191 [2]:0 [3]:18
[0]:523658460 [1]:523658471 [2]:0 [3]:8
[0]:524995835 [1]:524995834 [2]:0 [3]:11
[0]:526144033 [1]:526144039 [2]:0 [3]:8
[0]:527320236 [1]:527320236 [2]:0 [3]:55
[0]:528519024 [1]:528519024 [2]:0 [3]:50
[0]:529657552 [1]:529657552 [2]:0 [3]:11
[0]:530819216 [1]:530819220 [2]:0 [3]:57
[0]:531968211 [1]:531968211 [2]:0 [3]:51
[0]:533153447 [1]:533153452 [2]:0 [3]:11
[0]:534311804 [1]:534311804 [2]:0 [3]:46
[0]:535341728 [1]:535341730 [2]:0 [3]:11
[0]:536397946 [1]:536397983 [2]:0 [3]:12
[0]:537460594 [1]:537460638 [2]:0 [3]:15
[0]:538525115 [1]:538525117 [2]:0 [3]:15
[0]:539611092 [1]:539611092 [2]:0 [3]:50
[0]:540634156 [1]:540634165 [2]:0 [3]:15
[0]:541694420 [1]:541694437 [2]:0 [3]:12
[0]:542725592 [1]:542725593 [2]:0 [3]:9
[0]:543791962 [1]:543791968 [2]:0 [3]:17
[0]:544851214 [1]:544851262 [2]:0 [3]:48
[0]:545866508 [1]:545866508 [2]:0 [3]:47
[0]:546919373 [1]:546919376 [2]:0 [3]:47
[0]:547957319 [1]:547957336 [2]:0 [3]:9
[0]:549040078 [1]:549040076 [2]:0 [3]:9
[0]:550084565 [1]:550084569 [2]:0 [3]:12
[0]:551452087 [1]:551452087 [2]:0 [3]:52
[0]:552714908 [1]:552714908 [2]:0 [3]:50
[0]:553905689 [1]:553905690 [2]:0 [3]:14
[0]:554977731 [1]:554977731 [2]:0 [3]:53
[0]:556027973 [1]:556027973 [2]:0 [3]:16
[0]:557095744 [1]:557095745 [2]:0 [3]:53
[0]:558177420 [1]:558177420 [2]:0 [3]:49
[0]:559236944 [1]:559236947 [2]:0 [3]:49
[0]:560334781 [1]:560334784 [2]:0 [3]:13
[0]:561409602 [1]:561409607 [2]:0 [3]:9
[0]:562496320 [1]:562496324 [2]:0 [3]:13
[0]:563532711 [1]:563532711 [2]:0 [3]:15
[0]:564623874 [1]:564623912 [2]:0 [3]:13
[0]:565661300 [1]:565661300 [2]:0 [3]:54
[0]:566734945 [1]:566734945 [2]:0 [3]:49
[0]:567752292 [1]:567752292 [2]:0 [3]:48
[0]:568907402 [1]:568907414 [2]:0 [3]:12
[0]:570205173 [1]:570205173 [2]:0 [3]:49
[0]:571448249 [1]:571448257 [2]:0 [3]:47
[0]:572635674 [1]:572635684 [2]:0 [3]:13
[0]:573769766 [1]:573769768 [2]:0 [3]:13
[0]:574908473 [1]:574908478 [2]:0 [3]:14
[0]:576075566 [1]:576075566 [2]:0 [3]:12
[0]:577234976 [1]:577234983 [2]:0 [3]:48
[0]:578383475 [1]:578383475 [2]:0 [3]:48
[0]:579555612 [1]:579555612 [2]:0 [3]:12
[0]:580678425 [1]:580678426 [2]:0 [3]:12
[0]:581825396 [1]:581825421 [2]:0 [3]:45
[0]:583040496 [1]:583040501 [2]:0 [3]:11
[0]:584181725 [1]:584181725 [2]:0 [3]:13
[0]:585341139 [1]:585341143 [2]:0 [3]:11
[0]:586489318 [1]:586489313 [2]:0 [3]:45
[0]:587637972 [1]:587637972 [2]:0 [3]:59
[0]:588876397 [1]:588876406 [2]:0 [3]:14
[0]:590050379 [1]:590050380 [2]:0 [3]:13
[0]:591163305 [1]:591163309 [2]:0 [3]:49
[0]:592303489 [1]:592303504 [2]:0 [3]:54
[0]:593341850 [1]:593341855 [2]:0 [3]:12
[0]:594446524 [1]:594446542 [2]:0 [3]:51
[0]:595535467 [1]:595535467 [2]:0 [3]:10
[0]:596634732 [1]:596634732 [2]:0 [3]:47
[0]:597747616 [1]:597747614 [2]:0 [3]:55
[0]:598801515 [1]:598801531 [2]:0 [3]:46
[0]:599832722 [1]:599832723 [2]:0 [3]:10
[0]:600889653 [1]:600889654 [2]:0 [3]:13
[0]:601940178 [1]:601940187 [2]:0 [3]:49
[0]:603004244 [1]:603004244 [2]:0 [3]:50
[0]:604021115 [1]:604021132 [2]:0 [3]:8
[0]:605067628 [1]:605067628 [2]:0 [3]:58
[0]:606068031 [1]:606068033 [2]:0 [3]:47
[0]:607118812 [1]:607118816 [2]:0 [3]:46
[0]:608193261 [1]:608193264 [2]:0 [3]:16
[0]:609385630 [1]:609385634 [2]:0 [3]:10
[0]:610605753 [1]:610605754 [2]:0 [3]:11
[0]:611709442 [1]:611709444 [2]:0 [3]:57
[0]:612785808 [1]:612785812 [2]:0 [3]:15
[0]:613773931 [1]:613773931 [2]:0 [3]:53
[0]:614825440 [1]:614825471 [2]:0 [3]:51
[0]:615852403 [1]:615852420 [2]:0 [3]:53
[0]:616904684 [1]:616904684 [2]:0 [3]:50
[0]:618008535 [1]:618008543 [2]:0 [3]:11
[0]:619100090 [1]:619100100 [2]:0 [3]:9
[0]:620142948 [1]:620142952 [2]:0 [3]:16
[0]:621201057 [1]:621201060 [2]:0 [3]:49
[0]:622225453 [1]:622225459 [2]:0 [3]:10
[0]:623262612 [1]:623262612 [2]:0 [3]:54
[0]:624314775 [1]:624314775 [2]:0 [3]:13
[0]:625362228 [1]:625362228 [2]:0 [3]:14
[0]:626398716 [1]:626398715 [2]:0 [3]:14
[0]:627606982 [1]:627606985 [2]:0 [3]:48
[0]:628799469 [1]:628799509 [2]:0 [3]:15
[0]:630082139 [1]:630082143 [2]:0 [3]:11
[0]:631291134 [1]:631291134 [2]:0 [3]:17
[0]:632569777 [1]:632569797 [2]:0 [3]:18
[0]:633716401 [1]:633716401 [2]:0 [3]:54
[0]:634874152 [1]:634874157 [2]:0 [3]:13
[0]:636055308 [1]:636055318 [2]:0 [3]:13
[0]:637209570 [1]:637209571 [2]:0 [3]:13
[0]:638354390 [1]:638354390 [2]:0 [3]:14
[0]:639578660 [1]:639578661 [2]:0 [3]:52
[0]:640691805 [1]:640691809 [2]:0 [3]:4
[0]:641828714 [1]:641828723 [2]:0 [3]:14
[0]:643042884 [1]:643042881 [2]:0 [3]:12
[0]:644242047 [1]:644242056 [2]:0 [3]:29
[0]:645418473 [1]:645418480 [2]:0 [3]:8
[0]:646583080 [1]:646583082 [2]:0 [3]:14
[0]:647746600 [1]:647746601 [2]:0 [3]:14
[0]:648899356 [1]:648899358 [2]:0 [3]:10
[0]:650073635 [1]:650073633 [2]:0 [3]:9
[0]:651101552 [1]:651101569 [2]:0 [3]:49
[0]:652150667 [1]:652150667 [2]:0 [3]:47
[0]:653189090 [1]:653189097 [2]:0 [3]:9
[0]:654215916 [1]:654215916 [2]:0 [3]:56
[0]:655260566 [1]:655260572 [2]:0 [3]:51
[0]:656325105 [1]:656325105 [2]:0 [3]:16
[0]:657372054 [1]:657372056 [2]:0 [3]:48
[0]:658441329 [1]:658441330 [2]:0 [3]:23
[0]:659544612 [1]:659544612 [2]:0 [3]:49
[0]:660632364 [1]:660632364 [2]:0 [3]:50
[0]:661709769 [1]:661709778 [2]:0 [3]:9
[0]:662747711 [1]:662747728 [2]:0 [3]:12
[0]:663785228 [1]:663785228 [2]:0 [3]:50
[0]:664838560 [1]:664838553 [2]:0 [3]:49
[0]:665876208 [1]:665876212 [2]:0 [3]:15
[0]:667097868 [1]:667097868 [2]:0 [3]:16
[0]:668435275 [1]:668435275 [2]:0 [3]:51
[0]:669547434 [1]:669547435 [2]:0 [3]:12
[0]:670593790 [1]:670593795 [2]:0 [3]:48
[0]:671613908 [1]:671613908 [2]:0 [3]:47
[0]:672666545 [1]:672666566 [2]:0 [3]:9
[0]:673729016 [1]:673729016 [2]:0 [3]:11
[0]:674864839 [1]:674864848 [2]:0 [3]:9
[0]:676073480 [1]:676073485 [2]:0 [3]:47
[0]:677308499 [1]:677308529 [2]:0 [3]:8
[0]:678327828 [1]:678327828 [2]:0 [3]:48
[0]:679377506 [1]:679377508 [2]:0 [3]:17
[0]:680419970 [1]:680419962 [2]:0 [3]:10
[0]:681468038 [1]:681468040 [2]:0 [3]:20
[0]:682511131 [1]:682511134 [2]:0 [3]:54
[0]:683568449 [1]:683568449 [2]:0 [3]:48
[0]:684733601 [1]:684733607 [2]:0 [3]:13
[0]:685956120 [1]:685956133 [2]:0 [3]:6
[0]:687300835 [1]:687300847 [2]:0 [3]:12
[0]:688396899 [1]:688396905 [2]:0 [3]:54
[0]:689550636 [1]:689550637 [2]:0 [3]:9
[0]:690690227 [1]:690690230 [2]:0 [3]:51
[0]:691847107 [1]:691847107 [2]:0 [3]:51
[0]:693011871 [1]:693011891 [2]:0 [3]:10
[0]:694186439 [1]:694186452 [2]:0 [3]:10
[0]:695325894 [1]:695325900 [2]:0 [3]:12
[0]:696519367 [1]:696519367 [2]:0 [3]:14
[0]:697688555 [1]:697688555 [2]:0 [3]:15
[0]:698897578 [1]:698897578 [2]:0 [3]:51
[0]:700102910 [1]:700102916 [2]:0 [3]:11
[0]:701263851 [1]:701263854 [2]:0 [3]:48
[0]:702415136 [1]:702415145 [2]:0 [3]:31
[0]:703581142 [1]:703581144 [2]:0 [3]:52
[0]:704716952 [1]:704716955 [2]:0 [3]:9
[0]:705864183 [1]:705864183 [2]:0 [3]:53
[0]:707018343 [1]:707018353 [2]:0 [3]:12
[0]:708214205 [1]:708214205 [2]:0 [3]:12
[0]:709415561 [1]:709415571 [2]:0 [3]:11
[0]:710535614 [1]:710535645 [2]:0 [3]:18
[0]:711592455 [1]:711592458 [2]:0 [3]:52
[0]:712653748 [1]:712653749 [2]:0 [3]:54
[0]:713692413 [1]:713692407 [2]:0 [3]:12
[0]:714768870 [1]:714768887 [2]:0 [3]:10
[0]:715901276 [1]:715901277 [2]:0 [3]:10
[0]:717127449 [1]:717127457 [2]:0 [3]:14
[0]:718167150 [1]:718167152 [2]:0 [3]:44
[0]:719308694 [1]:719308698 [2]:0 [3]:13
[0]:720419561 [1]:720419565 [2]:0 [3]:47
[0]:721593580 [1]:721593592 [2]:0 [3]:54
[0]:722785160 [1]:722785162 [2]:0 [3]:16
[0]:723848089 [1]:723848121 [2]:0 [3]:13
[0]:725031529 [1]:725031531 [2]:0 [3]:12
[0]:726306861 [1]:726306865 [2]:0 [3]:11
[0]:727544357 [1]:727544361 [2]:0 [3]:10
[0]:728670450 [1]:728670467 [2]:0 [3]:6
[0]:729720848 [1]:729720860 [2]:0 [3]:14
[0]:730806369 [1]:730806369 [2]:0 [3]:51
[0]:731845452 [1]:731845452 [2]:0 [3]:49
[0]:732898935 [1]:732898937 [2]:0 [3]:51
[0]:734071880 [1]:734071883 [2]:0 [3]:52
[0]:735544629 [1]:735544638 [2]:0 [3]:17
[0]:736734574 [1]:736734574 [2]:0 [3]:58
[0]:737913423 [1]:737913429 [2]:0 [3]:24
[0]:739086654 [1]:739086656 [2]:0 [3]:13
[0]:740295498 [1]:740295516 [2]:0 [3]:48
[0]:741424400 [1]:741424409 [2]:0 [3]:53
[0]:742597490 [1]:742597499 [2]:0 [3]:51
[0]:743782529 [1]:743782529 [2]:0 [3]:14
[0]:745304262 [1]:745304262 [2]:0 [3]:21
[0]:746669845 [1]:746669845 [2]:0 [3]:53
[0]:748021567 [1]:748021569 [2]:0 [3]:15
[0]:749352639 [1]:749352641 [2]:0 [3]:60
[0]:750649399 [1]:750649412 [2]:0 [3]:14
[0]:751990805 [1]:751990806 [2]:0 [3]:10
[0]:753294943 [1]:753294944 [2]:0 [3]:53
[0]:754576049 [1]:754576056 [2]:0 [3]:15
[0]:755759996 [1]:755759996 [2]:0 [3]:54
[0]:757082030 [1]:757082032 [2]:0 [3]:46
[0]:758465820 [1]:758465820 [2]:0 [3]:18
[0]:759745584 [1]:759745590 [2]:0 [3]:58
[0]:761036489 [1]:761036505 [2]:0 [3]:11
[0]:762326191 [1]:762326229 [2]:0 [3]:9
[0]:763590793 [1]:763590797 [2]:0 [3]:13
[0]:764878878 [1]:764878887 [2]:0 [3]:16
[0]:766144363 [1]:766144378 [2]:0 [3]:15
[0]:767430756 [1]:767430759 [2]:0 [3]:10
[0]:768680195 [1]:768680215 [2]:0 [3]:49
[0]:769959729 [1]:769959729 [2]:0 [3]:17
[0]:771113964 [1]:771113967 [2]:0 [3]:51
[0]:772277651 [1]:772277654 [2]:0 [3]:50
[0]:773448970 [1]:773448978 [2]:0 [3]:10
[0]:774585844 [1]:774585848 [2]:0 [3]:17
[0]:775779094 [1]:775779099 [2]:0 [3]:20
[0]:776926179 [1]:776926185 [2]:0 [3]:16
[0]:778091639 [1]:778091650 [2]:0 [3]:16
[0]:779421164 [1]:779421164 [2]:0 [3]:57
[0]:780700258 [1]:780700417 [2]:0 [3]:8
[0]:781851740 [1]:781851742 [2]:0 [3]:49
[0]:783019925 [1]:783019931 [2]:0 [3]:13
[0]:784195473 [1]:784195474 [2]:0 [3]:13
[0]:785367033 [1]:785367045 [2]:0 [3]:17
[0]:786534161 [1]:786534164 [2]:0 [3]:54
[0]:787766083 [1]:787766085 [2]:0 [3]:14
[0]:789280325 [1]:789280329 [2]:0 [3]:52
[0]:790636814 [1]:790636831 [2]:0 [3]:16
[0]:791865352 [1]:791865358 [2]:0 [3]:53
[0]:793019937 [1]:793019941 [2]:0 [3]:21
[0]:794297860 [1]:794297868 [2]:0 [3]:49
[0]:795452761 [1]:795452816 [2]:0 [3]:16
[0]:796632831 [1]:796632834 [2]:0 [3]:20
[0]:797911599 [1]:797911602 [2]:0 [3]:16
[0]:799086878 [1]:799086881 [2]:0 [3]:10
[0]:800221707 [1]:800221716 [2]:0 [3]:21
[0]:801371700 [1]:801371703 [2]:0 [3]:16
[0]:802556136 [1]:802556139 [2]:0 [3]:52
[0]:803686121 [1]:803686122 [2]:0 [3]:59
[0]:804836587 [1]:804836594 [2]:0 [3]:11
[0]:805994526 [1]:805994527 [2]:0 [3]:15
[0]:807147082 [1]:807147087 [2]:0 [3]:10
[0]:808323467 [1]:808323465 [2]:0 [3]:15
[0]:809692385 [1]:809692403 [2]:0 [3]:19
[0]:811464018 [1]:811464023 [2]:0 [3]:14
[0]:812779745 [1]:812779753 [2]:0 [3]:16
[0]:814194027 [1]:814194029 [2]:0 [3]:14
[0]:815454083 [1]:815454085 [2]:0 [3]:52
[0]:816785425 [1]:816785421 [2]:0 [3]:19
[0]:818065199 [1]:818065201 [2]:0 [3]:14
[0]:819332604 [1]:819332612 [2]:0 [3]:54
[0]:820599719 [1]:820599717 [2]:0 [3]:50
[0]:821856382 [1]:821856384 [2]:0 [3]:9
[0]:823213134 [1]:823213141 [2]:0 [3]:17
[0]:824493303 [1]:824493302 [2]:0 [3]:54
[0]:825772561 [1]:825772570 [2]:0 [3]:15
[0]:827048009 [1]:827048018 [2]:0 [3]:13
[0]:828357965 [1]:828357965 [2]:0 [3]:14
[0]:829602808 [1]:829602811 [2]:0 [3]:14
[0]:831093947 [1]:831093946 [2]:0 [3]:49
[0]:832449703 [1]:832449710 [2]:0 [3]:13
[0]:833706553 [1]:833706555 [2]:0 [3]:17
[0]:834961272 [1]:834961277 [2]:0 [3]:18
[0]:836093638 [1]:836093653 [2]:0 [3]:16
[0]:837245593 [1]:837245592 [2]:0 [3]:12
[0]:838424698 [1]:838424699 [2]:0 [3]:22
[0]:839886811 [1]:839886811 [2]:0 [3]:14
[0]:841032394 [1]:841032402 [2]:0 [3]:14
[0]:842189233 [1]:842189233 [2]:0 [3]:20
[0]:843338542 [1]:843338542 [2]:0 [3]:15
[0]:844479627 [1]:844479630 [2]:0 [3]:17
[0]:845608800 [1]:845608814 [2]:0 [3]:24
[0]:846783814 [1]:846783818 [2]:0 [3]:15
[0]:847941198 [1]:847941199 [2]:0 [3]:52
[0]:849091736 [1]:849091742 [2]:0 [3]:20
[0]:850494490 [1]:850494493 [2]:0 [3]:17
[0]:851668525 [1]:851668528 [2]:0 [3]:13
[0]:852944314 [1]:852944325 [2]:0 [3]:19
[0]:854362977 [1]:854363008 [2]:0 [3]:18
[0]:855840082 [1]:855840084 [2]:0 [3]:20
[0]:857096375 [1]:857096381 [2]:0 [3]:18
[0]:858522458 [1]:858522468 [2]:0 [3]:17
[0]:859658161 [1]:859658159 [2]:0 [3]:52
[0]:860792680 [1]:860792680 [2]:0 [3]:12
[0]:861965308 [1]:861965312 [2]:0 [3]:21
[0]:863094228 [1]:863094243 [2]:0 [3]:17
[0]:864524220 [1]:864524228 [2]:0 [3]:19
[0]:865679250 [1]:865679262 [2]:0 [3]:19
[0]:866806841 [1]:866806843 [2]:0 [3]:13
[0]:867962024 [1]:867962024 [2]:0 [3]:19
[0]:869140664 [1]:869140658 [2]:0 [3]:21
[0]:870239218 [1]:870239250 [2]:0 [3]:19
[0]:871549349 [1]:871549351 [2]:0 [3]:11
[0]:872780457 [1]:872780458 [2]:0 [3]:14
[0]:874307758 [1]:874307763 [2]:0 [3]:14
[0]:875612744 [1]:875612749 [2]:0 [3]:55
[0]:876925471 [1]:876925474 [2]:0 [3]:59
[0]:878230769 [1]:878230774 [2]:0 [3]:53
[0]:879510424 [1]:879510436 [2]:0 [3]:14
[0]:880970101 [1]:880970101 [2]:0 [3]:21
[0]:882232246 [1]:882232252 [2]:0 [3]:10
[0]:883499749 [1]:883499764 [2]:0 [3]:18
[0]:884829867 [1]:884829868 [2]:0 [3]:12
[0]:886184186 [1]:886184186 [2]:0 [3]:20
[0]:887514536 [1]:887514536 [2]:0 [3]:57
[0]:888843136 [1]:888843150 [2]:0 [3]:17
[0]:890123396 [1]:890123430 [2]:0 [3]:53
[0]:891430126 [1]:891430132 [2]:0 [3]:15
[0]:892758132 [1]:892758137 [2]:0 [3]:15
[0]:894062424 [1]:894062428 [2]:0 [3]:16
[0]:895542574 [1]:895542582 [2]:0 [3]:18
[0]:896880685 [1]:896880700 [2]:0 [3]:51
[0]:898203983 [1]:898203983 [2]:0 [3]:14
[0]:899409112 [1]:899409127 [2]:0 [3]:18
[0]:900964940 [1]:900964950 [2]:0 [3]:17
[0]:902119250 [1]:902119251 [2]:0 [3]:15
[0]:903348024 [1]:903348031 [2]:0 [3]:54
[0]:904492399 [1]:904492411 [2]:0 [3]:12
[0]:905657065 [1]:905657070 [2]:0 [3]:15
[0]:906810533 [1]:906810541 [2]:0 [3]:57
[0]:907893147 [1]:907893146 [2]:0 [3]:18
[0]:909172543 [1]:909172565 [2]:0 [3]:17
[0]:910324502 [1]:910324506 [2]:0 [3]:16
[0]:911503877 [1]:911503881 [2]:0 [3]:20
[0]:912872648 [1]:912872656 [2]:0 [3]:13
[0]:914011395 [1]:914011399 [2]:0 [3]:48
[0]:915170454 [1]:915170463 [2]:0 [3]:19
[0]:916368233 [1]:916368232 [2]:0 [3]:51
[0]:917805852 [1]:917805853 [2]:0 [3]:13
[0]:919246321 [1]:919246322 [2]:0 [3]:13
[0]:920796790 [1]:920796792 [2]:0 [3]:56
[0]:921937173 [1]:921937173 [2]:0 [3]:53
[0]:923095014 [1]:923095045 [2]:0 [3]:8
[0]:924239282 [1]:924239279 [2]:0 [3]:13
[0]:925388371 [1]:925388375 [2]:0 [3]:16
[0]:926554511 [1]:926554517 [2]:0 [3]:45
[0]:927895952 [1]:927895957 [2]:0 [3]:48
[0]:929068588 [1]:929068599 [2]:0 [3]:58
[0]:930175305 [1]:930175305 [2]:0 [3]:10
[0]:931303837 [1]:931303873 [2]:0 [3]:14
[0]:932407714 [1]:932407716 [2]:0 [3]:52
[0]:933664026 [1]:933664025 [2]:0 [3]:17
[0]:934790168 [1]:934790174 [2]:0 [3]:25
[0]:935923778 [1]:935923778 [2]:0 [3]:52
[0]:937194360 [1]:937194378 [2]:0 [3]:52
[0]:938746712 [1]:938746712 [2]:0 [3]:16
[0]:940212231 [1]:940212239 [2]:0 [3]:54
[0]:941713947 [1]:941713954 [2]:0 [3]:52
[0]:943085262 [1]:943085269 [2]:0 [3]:14
[0]:944550600 [1]:944550596 [2]:0 [3]:12
[0]:945880064 [1]:945880076 [2]:0 [3]:17
[0]:947196373 [1]:947196387 [2]:0 [3]:19
[0]:948490223 [1]:948490234 [2]:0 [3]:17
[0]:949769953 [1]:949769955 [2]:0 [3]:16
[0]:951007293 [1]:951007304 [2]:0 [3]:20
[0]:952329609 [1]:952329621 [2]:0 [3]:16
[0]:953709503 [1]:953709531 [2]:0 [3]:10
[0]:955024236 [1]:955024238 [2]:0 [3]:13
[0]:956294653 [1]:956294661 [2]:0 [3]:14
[0]:957522132 [1]:957522135 [2]:0 [3]:10
[0]:958792542 [1]:958792542 [2]:0 [3]:52
[0]:960110527 [1]:960110531 [2]:0 [3]:14
[0]:961464521 [1]:961464533 [2]:0 [3]:52
[0]:962760241 [1]:962760241 [2]:0 [3]:18
[0]:963922216 [1]:963922225 [2]:0 [3]:14
[0]:965050665 [1]:965050680 [2]:0 [3]:13
[0]:966352813 [1]:966352814 [2]:0 [3]:50
[0]:967508334 [1]:967508337 [2]:0 [3]:15
[0]:968817273 [1]:968817272 [2]:0 [3]:20
[0]:969968432 [1]:969968437 [2]:0 [3]:12
[0]:971117217 [1]:971117217 [2]:0 [3]:24
[0]:972245428 [1]:972245426 [2]:0 [3]:10
[0]:973682577 [1]:973682581 [2]:0 [3]:16
[0]:974807042 [1]:974807051 [2]:0 [3]:51
[0]:975918019 [1]:975918019 [2]:0 [3]:8
[0]:977217086 [1]:977217087 [2]:0 [3]:17
[0]:978351955 [1]:978351966 [2]:0 [3]:10
[0]:979581189 [1]:979581191 [2]:0 [3]:57
[0]:980753906 [1]:980753906 [2]:0 [3]:53
[0]:982127474 [1]:982127474 [2]:0 [3]:24
[0]:983507330 [1]:983507334 [2]:0 [3]:16
[0]:984793823 [1]:984793829 [2]:0 [3]:51
[0]:985987710 [1]:985987710 [2]:0 [3]:17
[0]:987155145 [1]:987155146 [2]:0 [3]:13
[0]:988304537 [1]:988304559 [2]:0 [3]:12
[0]:989411196 [1]:989411207 [2]:0 [3]:61
[0]:990588178 [1]:990588178 [2]:0 [3]:13
[0]:991769163 [1]:991769164 [2]:0 [3]:19
[0]:992922189 [1]:992922199 [2]:0 [3]:16
[0]:994105800 [1]:994105801 [2]:0 [3]:51
[0]:995264104 [1]:995264106 [2]:0 [3]:21
[0]:996395673 [1]:996395673 [2]:0 [3]:45
[0]:997474626 [1]:997474631 [2]:0 [3]:18
[0]:998497882 [1]:998497883 [2]:0 [3]:11
[0]:999532836 [1]:999532835 [2]:0 [3]:51
[0]:1000564050 [1]:1000564058 [2]:0 [3]:9
[0]:1002127722 [1]:1002127730 [2]:0 [3]:9
[0]:1003425329 [1]:1003425355 [2]:0 [3]:15
[0]:1004678243 [1]:1004678243 [2]:0 [3]:52
[0]:1005989034 [1]:1005989034 [2]:0 [3]:47
[0]:1007698293 [1]:1007698295 [2]:0 [3]:14
[0]:1008874185 [1]:1008874185 [2]:0 [3]:55
[0]:1010075129 [1]:1010075161 [2]:0 [3]:8
[0]:1011235189 [1]:1011235192 [2]:0 [3]:13
[0]:1012429771 [1]:1012429776 [2]:0 [3]:8
[0]:1013573556 [1]:1013573556 [2]:0 [3]:14
[0]:1014771216 [1]:1014771220 [2]:0 [3]:14
[0]:1015961444 [1]:1015961448 [2]:0 [3]:13
[0]:1017192578 [1]:1017192578 [2]:0 [3]:50
[0]:1018343043 [1]:1018343046 [2]:0 [3]:49
[0]:1019493665 [1]:1019493669 [2]:0 [3]:13
[0]:1020679154 [1]:1020679161 [2]:0 [3]:14
[0]:1021848928 [1]:1021848929 [2]:0 [3]:8
[0]:1023028830 [1]:1023028832 [2]:0 [3]:5
[0]:1024293881 [1]:1024293886 [2]:0 [3]:45
[0]:1025316256 [1]:1025316256 [2]:0 [3]:10
[0]:1026403243 [1]:1026403250 [2]:0 [3]:50
[0]:1027461188 [1]:1027461191 [2]:0 [3]:9
[0]:1028470116 [1]:1028470116 [2]:0 [3]:41
[0]:1029520803 [1]:1029520814 [2]:0 [3]:14
[0]:1030766331 [1]:1030766331 [2]:0 [3]:14
[0]:1031830476 [1]:1031830476 [2]:0 [3]:8
[0]:1032870455 [1]:1032870471 [2]:0 [3]:10
[0]:1034182259 [1]:1034182276 [2]:0 [3]:7
[0]:1035192625 [1]:1035192636 [2]:0 [3]:10
[0]:1036242321 [1]:1036242321 [2]:0 [3]:54
[0]:1037291930 [1]:1037291930 [2]:0 [3]:51
[0]:1038348627 [1]:1038348668 [2]:0 [3]:9
[0]:1039373216 [1]:1039373224 [2]:0 [3]:11
[0]:1040490475 [1]:1040490490 [2]:0 [3]:46
[0]:1041782722 [1]:1041782722 [2]:0 [3]:53
[0]:1043071993 [1]:1043072003 [2]:0 [3]:16
[0]:1044192188 [1]:1044192195 [2]:0 [3]:15
[0]:1045472313 [1]:1045472331 [2]:0 [3]:13
[0]:1046802496 [1]:1046802512 [2]:0 [3]:50
[0]:1047926053 [1]:1047926053 [2]:0 [3]:14
[0]:1048957384 [1]:1048957386 [2]:0 [3]:11
[0]:1049970608 [1]:1049970607 [2]:0 [3]:15
[0]:1051008170 [1]:1051008170 [2]:0 [3]:47
[0]:1052060462 [1]:1052060462 [2]:0 [3]:10
[0]:1053087304 [1]:1053087306 [2]:0 [3]:16
[0]:1054136581 [1]:1054136594 [2]:0 [3]:8
[0]:1055318787 [1]:1055318787 [2]:0 [3]:50
[0]:1056318211 [1]:1056318216 [2]:0 [3]:15
[0]:1057332815 [1]:1057332859 [2]:0 [3]:8
[0]:1058367743 [1]:1058367779 [2]:0 [3]:47
[0]:1059564241 [1]:1059564243 [2]:0 [3]:49
[0]:1060986118 [1]:1060986118 [2]:0 [3]:15
[0]:1062226514 [1]:1062226582 [2]:0 [3]:14
[0]:1063520638 [1]:1063520649 [2]:0 [3]:13
[0]:1064644592 [1]:1064644606 [2]:0 [3]:11
[0]:1065796472 [1]:1065796478 [2]:0 [3]:12
[0]:1067047053 [1]:1067047060 [2]:0 [3]:51
[0]:1068207970 [1]:1068207974 [2]:0 [3]:51
[0]:1069389606 [1]:1069389630 [2]:0 [3]:7
[0]:1070593427 [1]:1070593441 [2]:0 [3]:10
[0]:1071756679 [1]:1071756684 [2]:0 [3]:47
[0]:1072932828 [1]:1072932836 [2]:0 [3]:48
[0]:1074094864 [1]:1074094865 [2]:0 [3]:13
[0]:1075242163 [1]:1075242166 [2]:0 [3]:16
[0]:1076505808 [1]:1076505821 [2]:0 [3]:12
[0]:1077695936 [1]:1077695936 [2]:0 [3]:46
[0]:1078856335 [1]:1078856373 [2]:0 [3]:12
[0]:1080063739 [1]:1080063743 [2]:0 [3]:9
[0]:1081207298 [1]:1081207298 [2]:0 [3]:52
[0]:1082363681 [1]:1082363689 [2]:0 [3]:13
[0]:1083383378 [1]:1083383378 [2]:0 [3]:48
[0]:1084437492 [1]:1084437502 [2]:0 [3]:11
[0]:1085474338 [1]:1085474360 [2]:0 [3]:46
[0]:1086585164 [1]:1086585166 [2]:0 [3]:16
[0]:1087639113 [1]:1087639113 [2]:0 [3]:49
[0]:1088664937 [1]:1088664937 [2]:0 [3]:17
[0]:1089684358 [1]:1089684365 [2]:0 [3]:17
[0]:1090697602 [1]:1090697602 [2]:0 [3]:49
[0]:1091784514 [1]:1091784514 [2]:0 [3]:52
[0]:1092905619 [1]:1092905620 [2]:0 [3]:15
[0]:1093960386 [1]:1093960386 [2]:0 [3]:56
[0]:1094968641 [1]:1094968644 [2]:0 [3]:10
[0]:1096009637 [1]:1096009642 [2]:0 [3]:13
[0]:1097098579 [1]:1097098593 [2]:0 [3]:10
[0]:1098187950 [1]:1098187983 [2]:0 [3]:46
[0]:1099486120 [1]:1099486121 [2]:0 [3]:49
[0]:1100717681 [1]:1100717681 [2]:0 [3]:52
[0]:1101878688 [1]:1101878704 [2]:0 [3]:15
[0]:1102986142 [1]:1102986149 [2]:0 [3]:15
[0]:1104030688 [1]:1104030695 [2]:0 [3]:7
[0]:1105090861 [1]:1105090875 [2]:0 [3]:17
[0]:1106193604 [1]:1106193603 [2]:0 [3]:47
[0]:1107343900 [1]:1107343894 [2]:0 [3]:48
[0]:1108403096 [1]:1108403116 [2]:0 [3]:9
[0]:1109481737 [1]:1109481739 [2]:0 [3]:14
[0]:1110555543 [1]:1110555543 [2]:0 [3]:17
[0]:1111607226 [1]:1111607251 [2]:0 [3]:11
[0]:1112669396 [1]:1112669395 [2]:0 [3]:12
[0]:1113742956 [1]:1113742952 [2]:0 [3]:8
[0]:1114815216 [1]:1114815216 [2]:0 [3]:20
[0]:1115855317 [1]:1115855315 [2]:0 [3]:50
[0]:1116929403 [1]:1116929401 [2]:0 [3]:15
[0]:1118472443 [1]:1118472443 [2]:0 [3]:9
[0]:1119720362 [1]:1119720362 [2]:0 [3]:55
[0]:1121012906 [1]:1121012910 [2]:0 [3]:7
[0]:1122193250 [1]:1122193250 [2]:0 [3]:49
[0]:1123381748 [1]:1123381749 [2]:0 [3]:11
[0]:1124604947 [1]:1124604958 [2]:0 [3]:7
[0]:1125794682 [1]:1125794717 [2]:0 [3]:14
[0]:1126946810 [1]:1126946810 [2]:0 [3]:12
[0]:1128082744 [1]:1128082745 [2]:0 [3]:49
[0]:1129267693 [1]:1129267698 [2]:0 [3]:11
[0]:1130453446 [1]:1130453445 [2]:0 [3]:11
[0]:1131638379 [1]:1131638381 [2]:0 [3]:14
[0]:1132800677 [1]:1132800685 [2]:0 [3]:14
[0]:1133946144 [1]:1133946146 [2]:0 [3]:15
[0]:1135110567 [1]:1135110568 [2]:0 [3]:8
[0]:1136281819 [1]:1136281821 [2]:0 [3]:47
[0]:1137445463 [1]:1137445466 [2]:0 [3]:12
[0]:1138745438 [1]:1138745441 [2]:0 [3]:12
[0]:1140007459 [1]:1140007459 [2]:0 [3]:10
[0]:1141135796 [1]:1141135798 [2]:0 [3]:52
[0]:1142404466 [1]:1142404466 [2]:0 [3]:53
[0]:1143649257 [1]:1143649258 [2]:0 [3]:9
[0]:1144758188 [1]:1144758194 [2]:0 [3]:60
[0]:1145834044 [1]:1145834049 [2]:0 [3]:15
[0]:1146906931 [1]:1146906932 [2]:0 [3]:17
[0]:1147912430 [1]:1147912433 [2]:0 [3]:20
[0]:1148947324 [1]:1148947329 [2]:0 [3]:47
[0]:1149984069 [1]:1149984075 [2]:0 [3]:14
[0]:1151038050 [1]:1151038055 [2]:0 [3]:9
[0]:1152103730 [1]:1152103730 [2]:0 [3]:9
[0]:1153193446 [1]:1153193514 [2]:0 [3]:8
[0]:1154231305 [1]:1154231308 [2]:0 [3]:50
[0]:1155269613 [1]:1155269619 [2]:0 [3]:47
[0]:1156335530 [1]:1156335530 [2]:0 [3]:49
[0]:1157575050 [1]:1157575048 [2]:0 [3]:48
[0]:1158894721 [1]:1158894721 [2]:0 [3]:45
[0]:1160217666 [1]:1160217678 [2]:0 [3]:11
[0]:1161276774 [1]:1161276776 [2]:0 [3]:12
[0]:1162419360 [1]:1162419361 [2]:0 [3]:44
[0]:1163467855 [1]:1163467874 [2]:0 [3]:12
[0]:1164552279 [1]:1164552285 [2]:0 [3]:17
[0]:1165699092 [1]:1165699095 [2]:0 [3]:48
[0]:1166799113 [1]:1166799113 [2]:0 [3]:48
[0]:1167853580 [1]:1167853589 [2]:0 [3]:51
[0]:1168916857 [1]:1168916859 [2]:0 [3]:16
[0]:1170029263 [1]:1170029268 [2]:0 [3]:13
[0]:1171078692 [1]:1171078705 [2]:0 [3]:13
[0]:1172180738 [1]:1172180738 [2]:0 [3]:49
[0]:1173257633 [1]:1173257633 [2]:0 [3]:53
[0]:1174521185 [1]:1174521185 [2]:0 [3]:53
[0]:1175677450 [1]:1175677450 [2]:0 [3]:12
[0]:1177168855 [1]:1177168854 [2]:0 [3]:14
[0]:1178457634 [1]:1178457636 [2]:0 [3]:11
[0]:1179719779 [1]:1179719782 [2]:0 [3]:17
[0]:1180869485 [1]:1180869491 [2]:0 [3]:12
[0]:1182143326 [1]:1182143329 [2]:0 [3]:57
[0]:1183268017 [1]:1183268012 [2]:0 [3]:20
[0]:1184431041 [1]:1184431045 [2]:0 [3]:17
[0]:1185578850 [1]:1185578850 [2]:0 [3]:52
[0]:1186824909 [1]:1186824909 [2]:0 [3]:7
[0]:1187965017 [1]:1187965025 [2]:0 [3]:14
[0]:1189150874 [1]:1189150879 [2]:0 [3]:11
[0]:1190348652 [1]:1190348660 [2]:0 [3]:7
[0]:1191523489 [1]:1191523489 [2]:0 [3]:52
[0]:1192736190 [1]:1192736190 [2]:0 [3]:8
[0]:1193908887 [1]:1193908887 [2]:0 [3]:9
[0]:1195219366 [1]:1195219366 [2]:0 [3]:10
[0]:1196334567 [1]:1196334568 [2]:0 [3]:15
[0]:1197484290 [1]:1197484290 [2]:0 [3]:57
[0]:1198715227 [1]:1198715227 [2]:0 [3]:14
[0]:1199798439 [1]:1199798446 [2]:0 [3]:13
[0]:1200854265 [1]:1200854263 [2]:0 [3]:52
[0]:1201961787 [1]:1201961811 [2]:0 [3]:6
[0]:1202985101 [1]:1202985099 [2]:0 [3]:15
[0]:1204002073 [1]:1204002073 [2]:0 [3]:13
[0]:1205063269 [1]:1205063271 [2]:0 [3]:15
[0]:1206106288 [1]:1206106291 [2]:0 [3]:15
[0]:1207154873 [1]:1207154899 [2]:0 [3]:10
[0]:1208304082 [1]:1208304082 [2]:0 [3]:50
[0]:1209349406 [1]:1209349409 [2]:0 [3]:15
[0]:1210445735 [1]:1210445735 [2]:0 [3]:48
[0]:1211531328 [1]:1211531328 [2]:0 [3]:15
[0]:1212738720 [1]:1212738719 [2]:0 [3]:8
[0]:1213818559 [1]:1213818570 [2]:0 [3]:17
[0]:1214960206 [1]:1214960208 [2]:0 [3]:12
[0]:1216257232 [1]:1216257241 [2]:0 [3]:18
[0]:1217492567 [1]:1217492583 [2]:0 [3]:8
[0]:1218652605 [1]:1218652606 [2]:0 [3]:16
[0]:1219861474 [1]:1219861474 [2]:0 [3]:50
[0]:1220962200 [1]:1220962203 [2]:0 [3]:12
[0]:1222045130 [1]:1222045133 [2]:0 [3]:15
[0]:1223136079 [1]:1223136084 [2]:0 [3]:45
[0]:1224198057 [1]:1224198052 [2]:0 [3]:13
[0]:1225261209 [1]:1225261234 [2]:0 [3]:12
[0]:1226325730 [1]:1226325730 [2]:0 [3]:52
[0]:1227372965 [1]:1227372971 [2]:0 [3]:10
[0]:1228434919 [1]:1228434919 [2]:0 [3]:49
[0]:1229479041 [1]:1229479044 [2]:0 [3]:11
[0]:1230593115 [1]:1230593124 [2]:0 [3]:54
[0]:1231681569 [1]:1231681569 [2]:0 [3]:22
[0]:1232744220 [1]:1232744221 [2]:0 [3]:17
[0]:1234138660 [1]:1234138663 [2]:0 [3]:13
[0]:1235752810 [1]:1235752833 [2]:0 [3]:13
[0]:1236963682 [1]:1236963685 [2]:0 [3]:57
[0]:1238180811 [1]:1238180821 [2]:0 [3]:47
[0]:1239349750 [1]:1239349755 [2]:0 [3]:52
[0]:1240424684 [1]:1240424684 [2]:0 [3]:47
[0]:1240424684 [1]:1240424684 [2]:0 [3]:47
[0]:1240424684 [1]:1240424684 [2]:0 [3]:47
[0]:1240424684 [1]:1240424684 [2]:0 [3]:47
[0]:1240424684 [1]:1240424684 [2]:0 [3]:47
[0]:1240424684 [1]:1240424684 [2]:0 [3]:47
[0]:1240424684 [1]:1240424684 [2]:0 [3]:47
[0]:1240424684 [1]:1240424684 [2]:0 [3]:47
[0]:1240424684 [1]:1240424684 [2]:0 [3]:47
                                                                                                                                 [0]:1240424684 [1]:1240424684 [2]:0 [3]:47
[0]:1240424684 [1]:1240424684 [2]:0 [3]:47
[0]:1240424684 [1]:1240424684 [2]:0 [3]:47
[0]:1240424684 [1]:1240424684 [2]:0 [3]:47
[0]:1240424684 [1]:1240424684 [2]:0 [3]:47
[0]:1240424684 [1]:1240424684 [2]:0 [3]:47
