[0]:402711885 [1]:171776222 [2]:7 [3]:12
[0]:403915280 [1]:172750430 [2]:7 [3]:17
[0]:404989928 [1]:173694953 [2]:7 [3]:53
[0]:406095262 [1]:174676734 [2]:7 [3]:19
[0]:407193329 [1]:175649219 [2]:7 [3]:18
[0]:408317645 [1]:176643577 [2]:7 [3]:56
[0]:409400275 [1]:177603701 [2]:7 [3]:19
[0]:410597975 [1]:178663190 [2]:7 [3]:52
[0]:411708844 [1]:179648795 [2]:7 [3]:12
[0]:412938172 [1]:180738835 [2]:7 [3]:22
[0]:414148778 [1]:181809488 [2]:7 [3]:16
[0]:415243184 [1]:182776636 [2]:7 [3]:18
[0]:416468218 [1]:183863010 [2]:7 [3]:21
[0]:417676527 [1]:184928759 [2]:7 [3]:18
[0]:418790980 [1]:185921549 [2]:7 [3]:62
[0]:419999441 [1]:186988037 [2]:7 [3]:53
[0]:421321632 [1]:188157005 [2]:7 [3]:16
[0]:422737802 [1]:189414739 [2]:7 [3]:11
[0]:424001023 [1]:190537473 [2]:7 [3]:11
[0]:425216127 [1]:191612826 [2]:7 [3]:21
[0]:426311942 [1]:192587953 [2]:7 [3]:22
[0]:427593524 [1]:193722533 [2]:7 [3]:18
[0]:428752731 [1]:194751214 [2]:7 [3]:20
[0]:429866762 [1]:195739199 [2]:7 [3]:15
[0]:430979357 [1]:196728255 [2]:7 [3]:16
[0]:432093370 [1]:197711763 [2]:7 [3]:10
[0]:433206644 [1]:198691251 [2]:7 [3]:16
[0]:434287197 [1]:199651528 [2]:7 [3]:56
[0]:435383154 [1]:200623125 [2]:7 [3]:56
[0]:436485819 [1]:201602481 [2]:7 [3]:20
[0]:437578754 [1]:202568672 [2]:7 [3]:16
[0]:438575221 [1]:203448396 [2]:7 [3]:19
[0]:439718755 [1]:204461900 [2]:7 [3]:51
[0]:440995431 [1]:205593667 [2]:7 [3]:7
[0]:442328851 [1]:206773791 [2]:7 [3]:16
[0]:443725733 [1]:208013118 [2]:7 [3]:16
[0]:444972010 [1]:209112537 [2]:7 [3]:23
[0]:446123400 [1]:210131553 [2]:7 [3]:17
[0]:447579051 [1]:211424988 [2]:7 [3]:10
[0]:448906171 [1]:212600441 [2]:7 [3]:58
[0]:450285266 [1]:213824157 [2]:7 [3]:17
[0]:451591124 [1]:214981941 [2]:7 [3]:15
[0]:452778999 [1]:216030918 [2]:7 [3]:14
[0]:453985623 [1]:217097778 [2]:7 [3]:20
[0]:455194391 [1]:218173173 [2]:7 [3]:17
[0]:456428432 [1]:219261158 [2]:7 [3]:63
[0]:457633787 [1]:220332668 [2]:7 [3]:11
[0]:459224701 [1]:221740137 [2]:7 [3]:16
[0]:460435336 [1]:222816861 [2]:7 [3]:17
[0]:461667190 [1]:223905645 [2]:7 [3]:17
[0]:462888197 [1]:224989670 [2]:7 [3]:19
[0]:464117308 [1]:226073860 [2]:7 [3]:53
[0]:465514220 [1]:227314389 [2]:7 [3]:16
[0]:466684515 [1]:228352031 [2]:7 [3]:16
[0]:467837604 [1]:229375949 [2]:7 [3]:20
[0]:468956295 [1]:230364714 [2]:7 [3]:17
[0]:470066875 [1]:231348180 [2]:7 [3]:17
[0]:471190168 [1]:232347214 [2]:7 [3]:14
[0]:472317420 [1]:233343658 [2]:7 [3]:17
[0]:473526330 [1]:234417381 [2]:7 [3]:22
[0]:474686572 [1]:235444867 [2]:7 [3]:13
[0]:476039601 [1]:236643575 [2]:7 [3]:13
[0]:477167432 [1]:237646374 [2]:7 [3]:18
[0]:478290536 [1]:238643948 [2]:7 [3]:16
[0]:479397912 [1]:239623970 [2]:7 [3]:18
[0]:480538982 [1]:240631362 [2]:7 [3]:15
[0]:481651531 [1]:241620373 [2]:7 [3]:17
[0]:482965005 [1]:242785496 [2]:7 [3]:18
[0]:484336151 [1]:243996403 [2]:7 [3]:52
[0]:485645594 [1]:245157056 [2]:7 [3]:56
[0]:486858013 [1]:246233812 [2]:7 [3]:13
[0]:488336918 [1]:247543602 [2]:7 [3]:53
[0]:489465947 [1]:248541968 [2]:7 [3]:21
[0]:490561254 [1]:249509517 [2]:7 [3]:16
[0]:491670304 [1]:250488226 [2]:7 [3]:47
[0]:492811766 [1]:251500175 [2]:7 [3]:17
[0]:494034101 [1]:252579278 [2]:7 [3]:17
[0]:495296315 [1]:253691001 [2]:7 [3]:52
[0]:496403761 [1]:254674558 [2]:7 [3]:21
[0]:497546347 [1]:255689357 [2]:7 [3]:16
[0]:498978797 [1]:256959740 [2]:7 [3]:57
[0]:500107079 [1]:257954200 [2]:7 [3]:15
[0]:501344182 [1]:259049001 [2]:7 [3]:21
[0]:502635395 [1]:260188754 [2]:7 [3]:19
[0]:504210601 [1]:261577737 [2]:7 [3]:13
[0]:505649968 [1]:262850180 [2]:7 [3]:14
[0]:506973811 [1]:264017853 [2]:7 [3]:19
[0]:508241593 [1]:265137715 [2]:7 [3]:19
[0]:509487594 [1]:266246821 [2]:7 [3]:17
[0]:510701655 [1]:267313813 [2]:7 [3]:55
[0]:511966180 [1]:268431639 [2]:7 [3]:16
[0]:513174407 [1]:269507658 [2]:7 [3]:17
[0]:514364106 [1]:270559588 [2]:7 [3]:58
[0]:515569088 [1]:271623386 [2]:7 [3]:58
[0]:516804346 [1]:272718494 [2]:7 [3]:58
[0]:518041319 [1]:273806738 [2]:7 [3]:16
[0]:519247426 [1]:274879648 [2]:7 [3]:59
[0]:520401002 [1]:275901198 [2]:7 [3]:59
[0]:521592296 [1]:276957236 [2]:7 [3]:21
[0]:522850069 [1]:278067255 [2]:7 [3]:52
[0]:524052870 [1]:279133199 [2]:7 [3]:17
[0]:525228973 [1]:280169137 [2]:7 [3]:58
[0]:526399425 [1]:281202051 [2]:7 [3]:15
[0]:527637307 [1]:282302603 [2]:7 [3]:23
[0]:528801875 [1]:283332125 [2]:7 [3]:10
[0]:529925560 [1]:284328893 [2]:7 [3]:57
[0]:531003247 [1]:285283012 [2]:7 [3]:11
[0]:532090606 [1]:286245893 [2]:7 [3]:21
[0]:533193608 [1]:287226734 [2]:7 [3]:19
[0]:534300734 [1]:288199996 [2]:7 [3]:52
[0]:535405727 [1]:289174961 [2]:7 [3]:12
[0]:536542693 [1]:290173824 [2]:7 [3]:12
[0]:537650261 [1]:291154790 [2]:7 [3]:18
[0]:538784891 [1]:292159872 [2]:7 [3]:12
[0]:539906253 [1]:293150064 [2]:7 [3]:53
[0]:540994282 [1]:294116986 [2]:7 [3]:23
[0]:542131075 [1]:295119667 [2]:7 [3]:59
[0]:543331724 [1]:296187423 [2]:7 [3]:15
[0]:544534898 [1]:297254242 [2]:7 [3]:17
[0]:545949231 [1]:298503406 [2]:7 [3]:19
[0]:547272414 [1]:299674470 [2]:7 [3]:52
[0]:548508206 [1]:300769364 [2]:7 [3]:13
[0]:549765790 [1]:301877646 [2]:7 [3]:21
[0]:550952931 [1]:302931572 [2]:7 [3]:23
[0]:552119178 [1]:303965374 [2]:7 [3]:21
[0]:553270743 [1]:304983880 [2]:7 [3]:14
[0]:554396530 [1]:305983116 [2]:7 [3]:54
[0]:555478716 [1]:306940631 [2]:7 [3]:55
[0]:556636613 [1]:307966525 [2]:7 [3]:18
[0]:557756507 [1]:308957855 [2]:7 [3]:10
[0]:558885014 [1]:309963017 [2]:7 [3]:18
[0]:560006829 [1]:310956587 [2]:7 [3]:17
[0]:561136468 [1]:311958016 [2]:7 [3]:15
[0]:562248331 [1]:312943352 [2]:7 [3]:46
[0]:563380596 [1]:313946385 [2]:7 [3]:11
[0]:564680060 [1]:315095186 [2]:7 [3]:59
[0]:566486342 [1]:316689266 [2]:7 [3]:18
[0]:567848622 [1]:317893775 [2]:7 [3]:18
[0]:569578772 [1]:319420781 [2]:7 [3]:55
[0]:570787863 [1]:320495465 [2]:7 [3]:17
[0]:571996972 [1]:321566100 [2]:7 [3]:11
[0]:573249679 [1]:322674414 [2]:7 [3]:21
[0]:574488982 [1]:323769101 [2]:7 [3]:56
[0]:575722959 [1]:324868250 [2]:7 [3]:62
[0]:576931147 [1]:325933945 [2]:7 [3]:52
[0]:578166236 [1]:327030777 [2]:7 [3]:17
[0]:579424006 [1]:328139036 [2]:7 [3]:14
[0]:580706890 [1]:329272687 [2]:7 [3]:58
[0]:581964487 [1]:330388611 [2]:7 [3]:18
[0]:583198260 [1]:331479820 [2]:7 [3]:16
[0]:584403017 [1]:332543950 [2]:7 [3]:9
[0]:585592560 [1]:333592613 [2]:7 [3]:55
[0]:586920177 [1]:334766805 [2]:7 [3]:23
[0]:588206030 [1]:335912664 [2]:7 [3]:12
[0]:589459707 [1]:337016796 [2]:7 [3]:57
[0]:590761446 [1]:338170925 [2]:7 [3]:58
[0]:591904883 [1]:339186199 [2]:7 [3]:54
[0]:593138567 [1]:340281613 [2]:7 [3]:22
[0]:594285802 [1]:341300949 [2]:7 [3]:55
[0]:595412851 [1]:342295741 [2]:7 [3]:16
[0]:596501016 [1]:343257600 [2]:7 [3]:19
[0]:597613972 [1]:344241888 [2]:7 [3]:15
[0]:598761836 [1]:345254471 [2]:7 [3]:57
[0]:599852436 [1]:346225659 [2]:7 [3]:59
[0]:600942487 [1]:347183611 [2]:7 [3]:58
[0]:602180850 [1]:348281665 [2]:7 [3]:59
[0]:603309927 [1]:349278537 [2]:7 [3]:19
[0]:604468865 [1]:350303089 [2]:7 [3]:58
[0]:605588479 [1]:351298258 [2]:7 [3]:20
[0]:606878266 [1]:352433362 [2]:7 [3]:10
[0]:608201630 [1]:353603407 [2]:7 [3]:14
[0]:609709877 [1]:354938052 [2]:7 [3]:59
[0]:611064032 [1]:356138429 [2]:7 [3]:46
[0]:612276250 [1]:357211716 [2]:7 [3]:10
[0]:613409700 [1]:358216231 [2]:7 [3]:58
[0]:614498077 [1]:359180646 [2]:7 [3]:16
[0]:615623242 [1]:360173536 [2]:7 [3]:57
[0]:616731213 [1]:361160439 [2]:7 [3]:15
[0]:617866807 [1]:362164167 [2]:7 [3]:17
[0]:619024490 [1]:363186442 [2]:7 [3]:19
[0]:620155488 [1]:364187480 [2]:7 [3]:17
[0]:621291699 [1]:365192599 [2]:7 [3]:16
[0]:622402058 [1]:366173045 [2]:7 [3]:14
[0]:623477927 [1]:367124865 [2]:7 [3]:62
[0]:624613753 [1]:368129071 [2]:7 [3]:20
[0]:625862186 [1]:369234548 [2]:7 [3]:19
[0]:627138527 [1]:370367028 [2]:7 [3]:19
[0]:628474683 [1]:371548806 [2]:7 [3]:9
[0]:629806790 [1]:372720773 [2]:7 [3]:15
[0]:631138685 [1]:373898748 [2]:7 [3]:14
[0]:632395234 [1]:375010916 [2]:7 [3]:17
[0]:633902621 [1]:376344957 [2]:7 [3]:19
[0]:635160446 [1]:377451664 [2]:7 [3]:49
[0]:636458198 [1]:378601494 [2]:7 [3]:15
[0]:637673025 [1]:379673467 [2]:7 [3]:59
[0]:638954663 [1]:380807279 [2]:7 [3]:56
[0]:640237109 [1]:381941834 [2]:7 [3]:62
[0]:641517528 [1]:383077589 [2]:7 [3]:15
[0]:642704724 [1]:384127995 [2]:7 [3]:10
[0]:643952545 [1]:385230844 [2]:7 [3]:16
[0]:645344718 [1]:386461693 [2]:7 [3]:17
[0]:646618904 [1]:387587976 [2]:7 [3]:9
[0]:647822705 [1]:388655811 [2]:7 [3]:52
[0]:649052882 [1]:389746507 [2]:7 [3]:15
[0]:650314889 [1]:390860745 [2]:7 [3]:59
[0]:651556952 [1]:391963299 [2]:7 [3]:8
[0]:652648363 [1]:392926444 [2]:7 [3]:56
[0]:653741389 [1]:393894310 [2]:7 [3]:15
[0]:654867470 [1]:394897791 [2]:7 [3]:13
[0]:656108575 [1]:395992766 [2]:7 [3]:11
[0]:657242320 [1]:396993948 [2]:7 [3]:15
[0]:658384447 [1]:398009087 [2]:7 [3]:14
[0]:659473467 [1]:398971833 [2]:7 [3]:11
[0]:660585176 [1]:399952593 [2]:7 [3]:19
[0]:661931414 [1]:401144965 [2]:7 [3]:19
[0]:663436264 [1]:402481612 [2]:7 [3]:17
[0]:664546988 [1]:403456700 [2]:7 [3]:20
[0]:665665248 [1]:404452159 [2]:7 [3]:56
[0]:666736495 [1]:405397884 [2]:7 [3]:14
[0]:667891340 [1]:406422709 [2]:7 [3]:16
[0]:669289703 [1]:407664720 [2]:7 [3]:15
[0]:670680649 [1]:408893504 [2]:7 [3]:19
[0]:671953063 [1]:410015840 [2]:7 [3]:11
[0]:673162467 [1]:411091607 [2]:7 [3]:20
[0]:674297932 [1]:412096972 [2]:7 [3]:60
[0]:675433933 [1]:413105123 [2]:7 [3]:20
[0]:676521967 [1]:414072278 [2]:7 [3]:16
[0]:677634921 [1]:415056288 [2]:7 [3]:55
[0]:678741159 [1]:416038915 [2]:7 [3]:52
[0]:679856679 [1]:417024745 [2]:7 [3]:21
[0]:680991191 [1]:418029226 [2]:7 [3]:16
[0]:682118890 [1]:419028656 [2]:7 [3]:16
[0]:683199221 [1]:419982559 [2]:7 [3]:48
[0]:684281286 [1]:420938572 [2]:7 [3]:56
[0]:685369191 [1]:421906227 [2]:7 [3]:16
[0]:686478890 [1]:422888753 [2]:7 [3]:16
[0]:687630185 [1]:423911453 [2]:7 [3]:20
[0]:688928203 [1]:425058137 [2]:7 [3]:22
[0]:690315418 [1]:426284325 [2]:7 [3]:20
[0]:691950857 [1]:427732707 [2]:7 [3]:19
[0]:693326138 [1]:428952143 [2]:7 [3]:18
[0]:694564910 [1]:430043431 [2]:7 [3]:20
[0]:695937522 [1]:431256372 [2]:7 [3]:14
[0]:697156659 [1]:432328573 [2]:7 [3]:59
[0]:698383445 [1]:433414902 [2]:7 [3]:23
[0]:699613593 [1]:434495720 [2]:7 [3]:17
[0]:700850168 [1]:435591063 [2]:7 [3]:61
[0]:702024511 [1]:436632056 [2]:7 [3]:52
[0]:703238561 [1]:437702503 [2]:7 [3]:13
[0]:704648753 [1]:438948253 [2]:7 [3]:12
[0]:705881876 [1]:440042855 [2]:7 [3]:17
[0]:707091661 [1]:441116342 [2]:7 [3]:20
[0]:708639206 [1]:442479538 [2]:7 [3]:15
[0]:709897433 [1]:443595460 [2]:7 [3]:13
[0]:711151306 [1]:444704998 [2]:7 [3]:20
[0]:712410808 [1]:445824557 [2]:7 [3]:15
[0]:713665075 [1]:446934116 [2]:7 [3]:42
[0]:714759465 [1]:447897143 [2]:7 [3]:17
[0]:715872544 [1]:448882912 [2]:7 [3]:16
[0]:716974137 [1]:449862713 [2]:7 [3]:58
[0]:718201909 [1]:450951194 [2]:7 [3]:16
[0]:719298839 [1]:451926363 [2]:7 [3]:16
[0]:720355061 [1]:452855201 [2]:7 [3]:18
[0]:721434859 [1]:453811335 [2]:7 [3]:53
[0]:722500636 [1]:454752236 [2]:7 [3]:12
[0]:723599660 [1]:455720571 [2]:7 [3]:57
[0]:724702170 [1]:456688061 [2]:7 [3]:16
[0]:725813725 [1]:457673589 [2]:7 [3]:59
[0]:727072565 [1]:458786653 [2]:7 [3]:17
[0]:728233303 [1]:459813428 [2]:7 [3]:17
[0]:729344827 [1]:460792743 [2]:7 [3]:17
[0]:730534518 [1]:461847173 [2]:7 [3]:16
[0]:731879025 [1]:463036457 [2]:7 [3]:24
[0]:733181842 [1]:464187405 [2]:7 [3]:15
[0]:734369234 [1]:465242174 [2]:7 [3]:11
[0]:735497410 [1]:466235982 [2]:7 [3]:17
[0]:736650739 [1]:467256530 [2]:7 [3]:14
[0]:737720381 [1]:468201661 [2]:7 [3]:49
[0]:738934640 [1]:469275899 [2]:7 [3]:19
[0]:740031881 [1]:470250725 [2]:7 [3]:19
[0]:741103272 [1]:471192906 [2]:7 [3]:18
[0]:742699470 [1]:472609240 [2]:7 [3]:11
[0]:743788502 [1]:473572030 [2]:7 [3]:57
[0]:744918700 [1]:474572920 [2]:7 [3]:18
[0]:745995959 [1]:475530296 [2]:7 [3]:15
[0]:747126445 [1]:476532127 [2]:7 [3]:56
[0]:748259648 [1]:477531668 [2]:7 [3]:56
[0]:749335303 [1]:478488443 [2]:7 [3]:13
[0]:750606036 [1]:479610551 [2]:7 [3]:15
[0]:751937225 [1]:480793309 [2]:7 [3]:12
[0]:753294053 [1]:481991981 [2]:7 [3]:21
[0]:754552959 [1]:483109058 [2]:7 [3]:18
[0]:755810888 [1]:484220275 [2]:7 [3]:59
[0]:757139963 [1]:485396166 [2]:7 [3]:18
[0]:758374481 [1]:486488012 [2]:7 [3]:54
[0]:759634764 [1]:487601380 [2]:7 [3]:23
[0]:760867654 [1]:488692361 [2]:7 [3]:19
[0]:762076346 [1]:489767524 [2]:7 [3]:20
[0]:763310128 [1]:490860130 [2]:7 [3]:12
[0]:764545379 [1]:491953081 [2]:7 [3]:22
[0]:765778435 [1]:493045417 [2]:7 [3]:13
[0]:766987061 [1]:494112229 [2]:7 [3]:17
[0]:768242018 [1]:495225105 [2]:7 [3]:58
[0]:769455154 [1]:496295768 [2]:7 [3]:14
[0]:770664894 [1]:497370159 [2]:7 [3]:20
[0]:771921967 [1]:498484210 [2]:7 [3]:13
[0]:773180326 [1]:499595028 [2]:7 [3]:15
[0]:774464319 [1]:500733204 [2]:7 [3]:17
[0]:775745527 [1]:501868200 [2]:7 [3]:17
[0]:776880108 [1]:502868661 [2]:7 [3]:13
[0]:777997876 [1]:503857091 [2]:7 [3]:19
[0]:779092486 [1]:504820817 [2]:7 [3]:16
[0]:780392295 [1]:505977542 [2]:7 [3]:15
[0]:781492268 [1]:506945895 [2]:7 [3]:57
[0]:782568513 [1]:507901565 [2]:7 [3]:20
[0]:783623697 [1]:508833803 [2]:7 [3]:13
[0]:784723496 [1]:509803954 [2]:7 [3]:16
[0]:785859597 [1]:510806424 [2]:7 [3]:54
[0]:786948323 [1]:511765537 [2]:7 [3]:17
[0]:788349698 [1]:513009943 [2]:7 [3]:53
[0]:789439178 [1]:513974808 [2]:7 [3]:12
[0]:790527206 [1]:514934698 [2]:7 [3]:16
[0]:791639890 [1]:515919418 [2]:7 [3]:15
[0]:793035175 [1]:517154489 [2]:7 [3]:64
[0]:794415943 [1]:518377919 [2]:7 [3]:17
[0]:795646741 [1]:519466991 [2]:7 [3]:59
[0]:796863388 [1]:520541625 [2]:7 [3]:55
[0]:798025392 [1]:521567138 [2]:7 [3]:8
[0]:799367534 [1]:522754655 [2]:7 [3]:16
[0]:800483591 [1]:523745876 [2]:7 [3]:59
[0]:801581703 [1]:524714838 [2]:7 [3]:21
[0]:802686861 [1]:525690603 [2]:7 [3]:17
[0]:803774727 [1]:526657957 [2]:7 [3]:53
[0]:804919061 [1]:527666939 [2]:7 [3]:15
[0]:806065765 [1]:528682693 [2]:7 [3]:17
[0]:807124241 [1]:529622264 [2]:7 [3]:28
[0]:808207053 [1]:530579360 [2]:7 [3]:14
[0]:809325535 [1]:531566543 [2]:7 [3]:11
[0]:810407187 [1]:532517618 [2]:7 [3]:14
[0]:811582986 [1]:533558373 [2]:7 [3]:18
[0]:812992627 [1]:534805470 [2]:7 [3]:61
[0]:814317598 [1]:535977402 [2]:7 [3]:15
[0]:815685582 [1]:537190120 [2]:7 [3]:54
[0]:817005147 [1]:538360622 [2]:7 [3]:16
[0]:818384076 [1]:539577426 [2]:7 [3]:14
[0]:819649442 [1]:540702160 [2]:7 [3]:13
[0]:820847046 [1]:541756900 [2]:7 [3]:19
[0]:822123217 [1]:542886288 [2]:7 [3]:14
[0]:823402598 [1]:544020940 [2]:7 [3]:15
[0]:824659085 [1]:545128151 [2]:7 [3]:59
