[0]:142920252 [1]:21479503 [2]:122 [3]:361
[0]:143143230 [1]:21512549 [2]:125 [3]:83
[0]:143359599 [1]:21544513 [2]:125 [3]:356
[0]:143570259 [1]:21575782 [2]:125 [3]:364
[0]:143789341 [1]:21608241 [2]:125 [3]:366
[0]:144001844 [1]:21639709 [2]:125 [3]:362
[0]:144211301 [1]:21670781 [2]:125 [3]:368
[0]:144416038 [1]:21701283 [2]:125 [3]:366
[0]:144628636 [1]:21732777 [2]:125 [3]:84
[0]:144837468 [1]:21763718 [2]:125 [3]:364
[0]:145046900 [1]:21794767 [2]:125 [3]:351
[0]:145259570 [1]:21826302 [2]:125 [3]:372
[0]:145460561 [1]:21856027 [2]:125 [3]:363
[0]:145665605 [1]:21886444 [2]:125 [3]:365
[0]:145870403 [1]:21916852 [2]:125 [3]:360
[0]:146075339 [1]:21947252 [2]:125 [3]:369
[0]:146295968 [1]:21979912 [2]:125 [3]:364
[0]:146499039 [1]:22010065 [2]:125 [3]:366
[0]:146709838 [1]:22041319 [2]:125 [3]:355
[0]:146920148 [1]:22072588 [2]:125 [3]:366
[0]:147127688 [1]:22103364 [2]:125 [3]:362
[0]:147340348 [1]:22134807 [2]:125 [3]:370
[0]:147541544 [1]:22164574 [2]:125 [3]:354
[0]:147751357 [1]:22195648 [2]:125 [3]:369
[0]:147951340 [1]:22225359 [2]:125 [3]:83
[0]:148160106 [1]:22256314 [2]:125 [3]:363
[0]:148373166 [1]:22287890 [2]:125 [3]:362
[0]:148581980 [1]:22319041 [2]:125 [3]:368
[0]:148790712 [1]:22350065 [2]:125 [3]:367
[0]:149027526 [1]:22385217 [2]:125 [3]:359
[0]:149239889 [1]:22416736 [2]:125 [3]:369
[0]:149448750 [1]:22447795 [2]:125 [3]:363
[0]:149649244 [1]:22477817 [2]:125 [3]:367
[0]:149866231 [1]:22510054 [2]:125 [3]:368
[0]:150079156 [1]:22541679 [2]:125 [3]:366
[0]:150288006 [1]:22572503 [2]:127 [3]:357
[0]:150491000 [1]:22602603 [2]:127 [3]:374
[0]:150710314 [1]:22635195 [2]:127 [3]:84
[0]:150914629 [1]:22665495 [2]:127 [3]:361
[0]:151131599 [1]:22697735 [2]:127 [3]:359
[0]:151326868 [1]:22726733 [2]:127 [3]:363
[0]:151526911 [1]:22756377 [2]:127 [3]:370
[0]:151730260 [1]:22786719 [2]:127 [3]:369
[0]:151940858 [1]:22818000 [2]:127 [3]:362
[0]:152151958 [1]:22849230 [2]:127 [3]:368
[0]:152372629 [1]:22882011 [2]:127 [3]:362
[0]:152576910 [1]:22912370 [2]:127 [3]:362
[0]:152774572 [1]:22941627 [2]:127 [3]:362
[0]:152987428 [1]:22973145 [2]:127 [3]:357
[0]:153226981 [1]:23008591 [2]:127 [3]:358
[0]:153507711 [1]:23050396 [2]:127 [3]:370
[0]:153712231 [1]:23080851 [2]:127 [3]:363
[0]:153918897 [1]:23111496 [2]:127 [3]:359
[0]:154126400 [1]:23142209 [2]:127 [3]:362
[0]:154339119 [1]:23173819 [2]:127 [3]:372
[0]:154542892 [1]:23204101 [2]:127 [3]:365
[0]:154748048 [1]:23234572 [2]:127 [3]:369
[0]:154953192 [1]:23264994 [2]:127 [3]:363
[0]:155162517 [1]:23295894 [2]:127 [3]:360
[0]:155367716 [1]:23326370 [2]:127 [3]:80
[0]:155572622 [1]:23356766 [2]:127 [3]:368
[0]:155781333 [1]:23387655 [2]:127 [3]:358
[0]:155990404 [1]:23418638 [2]:127 [3]:365
[0]:156201152 [1]:23449843 [2]:127 [3]:362
[0]:156416044 [1]:23481734 [2]:127 [3]:355
[0]:156620992 [1]:23512100 [2]:127 [3]:363
[0]:156833862 [1]:23543680 [2]:127 [3]:371
[0]:157046499 [1]:23575253 [2]:127 [3]:371
[0]:157254789 [1]:23606127 [2]:127 [3]:360
[0]:157478410 [1]:23639376 [2]:129 [3]:75
[0]:157692061 [1]:23671100 [2]:129 [3]:360
[0]:157889849 [1]:23700429 [2]:129 [3]:358
[0]:158094711 [1]:23730693 [2]:129 [3]:362
[0]:158324343 [1]:23764839 [2]:129 [3]:360
[0]:158529731 [1]:23795421 [2]:129 [3]:371
[0]:158772359 [1]:23831464 [2]:129 [3]:85
[0]:158973371 [1]:23861266 [2]:129 [3]:367
[0]:159178476 [1]:23891703 [2]:129 [3]:368
[0]:159382886 [1]:23922062 [2]:129 [3]:360
[0]:159596135 [1]:23953634 [2]:129 [3]:371
[0]:159808914 [1]:23985243 [2]:129 [3]:77
[0]:160009923 [1]:24015001 [2]:129 [3]:354
[0]:160228549 [1]:24047447 [2]:129 [3]:365
[0]:160442866 [1]:24079257 [2]:129 [3]:364
[0]:160651880 [1]:24110348 [2]:129 [3]:357
[0]:160868931 [1]:24142654 [2]:129 [3]:362
[0]:161070340 [1]:24172656 [2]:129 [3]:356
[0]:161282696 [1]:24204160 [2]:129 [3]:79
[0]:161479659 [1]:24233369 [2]:129 [3]:359
[0]:161694529 [1]:24265218 [2]:129 [3]:361
[0]:161905104 [1]:24296523 [2]:129 [3]:79
[0]:162106422 [1]:24326342 [2]:129 [3]:84
[0]:162310941 [1]:24356698 [2]:129 [3]:366
[0]:162520042 [1]:24387729 [2]:129 [3]:361
[0]:162748124 [1]:24421628 [2]:129 [3]:373
[0]:162961212 [1]:24453251 [2]:129 [3]:365
[0]:163195983 [1]:24488122 [2]:129 [3]:369
[0]:163398639 [1]:24518157 [2]:129 [3]:370
[0]:163603720 [1]:24548571 [2]:129 [3]:77
[0]:163813975 [1]:24579792 [2]:129 [3]:372
[0]:164012386 [1]:24609110 [2]:129 [3]:77
[0]:164214475 [1]:24639110 [2]:129 [3]:363
[0]:164488186 [1]:24679726 [2]:129 [3]:369
[0]:164689924 [1]:24709620 [2]:131 [3]:363
[0]:164892563 [1]:24739588 [2]:131 [3]:364
[0]:165093050 [1]:24769371 [2]:131 [3]:361
[0]:165296591 [1]:24799534 [2]:131 [3]:366
[0]:165528003 [1]:24833766 [2]:131 [3]:363
[0]:165734857 [1]:24864396 [2]:131 [3]:356
[0]:165984111 [1]:24901310 [2]:131 [3]:364
[0]:166192941 [1]:24932432 [2]:131 [3]:362
[0]:166425342 [1]:24967166 [2]:131 [3]:91
[0]:166630274 [1]:24997536 [2]:131 [3]:79
[0]:166850533 [1]:25030164 [2]:131 [3]:367
[0]:167079593 [1]:25064197 [2]:131 [3]:74
[0]:167292341 [1]:25095695 [2]:131 [3]:370
[0]:167501191 [1]:25126679 [2]:131 [3]:369
[0]:167698876 [1]:25155936 [2]:131 [3]:363
[0]:167966319 [1]:25195541 [2]:131 [3]:365
[0]:168171333 [1]:25226020 [2]:131 [3]:361
[0]:168396848 [1]:25259480 [2]:131 [3]:367
[0]:168608229 [1]:25290890 [2]:131 [3]:358
[0]:168805717 [1]:25320215 [2]:131 [3]:357
[0]:169014483 [1]:25351193 [2]:131 [3]:374
[0]:169215347 [1]:25381056 [2]:131 [3]:367
[0]:169420340 [1]:25411524 [2]:131 [3]:368
[0]:169686578 [1]:25450988 [2]:131 [3]:364
[0]:169885224 [1]:25480491 [2]:131 [3]:370
[0]:170082389 [1]:25509749 [2]:131 [3]:362
[0]:170295234 [1]:25541293 [2]:131 [3]:368
[0]:170496096 [1]:25571173 [2]:131 [3]:74
[0]:170701177 [1]:25601597 [2]:131 [3]:356
[0]:170905946 [1]:25632003 [2]:131 [3]:84
[0]:171110746 [1]:25662428 [2]:131 [3]:370
[0]:171316446 [1]:25692960 [2]:131 [3]:362
[0]:171522216 [1]:25723406 [2]:131 [3]:355
[0]:171725797 [1]:25753590 [2]:131 [3]:372
[0]:171966187 [1]:25789301 [2]:132 [3]:361
[0]:172178807 [1]:25820923 [2]:132 [3]:369
[0]:172391433 [1]:25852410 [2]:132 [3]:369
