[0]:137616736 [1]:21618516 [2]:134 [3]:365
[0]:137854184 [1]:21653728 [2]:134 [3]:361
[0]:138054475 [1]:21683353 [2]:134 [3]:373
[0]:138252372 [1]:21712705 [2]:134 [3]:362
[0]:138464850 [1]:21744178 [2]:134 [3]:368
[0]:138678104 [1]:21775784 [2]:134 [3]:360
[0]:138882612 [1]:21806166 [2]:134 [3]:367
[0]:139083938 [1]:21836063 [2]:134 [3]:367
[0]:139312453 [1]:21870116 [2]:134 [3]:85
[0]:139536943 [1]:21903422 [2]:134 [3]:366
[0]:139749844 [1]:21935026 [2]:134 [3]:358
[0]:139955728 [1]:21965590 [2]:134 [3]:361
[0]:140163659 [1]:21996417 [2]:134 [3]:363
[0]:140395063 [1]:22030833 [2]:134 [3]:362
[0]:140597035 [1]:22060826 [2]:134 [3]:361
[0]:140805834 [1]:22091923 [2]:134 [3]:79
[0]:141010478 [1]:22122354 [2]:134 [3]:371
[0]:141223552 [1]:22153934 [2]:136 [3]:364
[0]:141428786 [1]:22184471 [2]:136 [3]:76
[0]:141645274 [1]:22216539 [2]:136 [3]:362
[0]:141850025 [1]:22246942 [2]:136 [3]:369
[0]:142048078 [1]:22276242 [2]:136 [3]:84
[0]:142276534 [1]:22310070 [2]:136 [3]:352
[0]:142488629 [1]:22341512 [2]:136 [3]:373
[0]:142693568 [1]:22371945 [2]:136 [3]:362
[0]:142902414 [1]:22402862 [2]:136 [3]:363
[0]:143115164 [1]:22434461 [2]:136 [3]:371
[0]:143320216 [1]:22464917 [2]:136 [3]:370
[0]:143529024 [1]:22495849 [2]:136 [3]:364
[0]:143738113 [1]:22526798 [2]:136 [3]:364
[0]:143938888 [1]:22556552 [2]:136 [3]:362
[0]:144155631 [1]:22588751 [2]:136 [3]:359
[0]:144363069 [1]:22619495 [2]:136 [3]:370
[0]:144575846 [1]:22651099 [2]:136 [3]:75
[0]:144773346 [1]:22680355 [2]:136 [3]:363
[0]:144983210 [1]:22711349 [2]:136 [3]:360
[0]:145180470 [1]:22740599 [2]:136 [3]:373
[0]:145384945 [1]:22770909 [2]:136 [3]:362
[0]:145629839 [1]:22807171 [2]:136 [3]:366
[0]:145858474 [1]:22841132 [2]:136 [3]:364
[0]:146065309 [1]:22871751 [2]:136 [3]:365
[0]:146272154 [1]:22902493 [2]:136 [3]:365
[0]:146473132 [1]:22932269 [2]:136 [3]:77
[0]:146697799 [1]:22965637 [2]:136 [3]:367
[0]:146906615 [1]:22996546 [2]:136 [3]:372
[0]:147120050 [1]:23028196 [2]:136 [3]:356
[0]:147327822 [1]:23059065 [2]:136 [3]:375
[0]:147541102 [1]:23090669 [2]:136 [3]:362
[0]:147747002 [1]:23121207 [2]:136 [3]:358
[0]:147951013 [1]:23151382 [2]:136 [3]:357
[0]:148159631 [1]:23182311 [2]:136 [3]:364
[0]:148364997 [1]:23212750 [2]:137 [3]:356
[0]:148573765 [1]:23243659 [2]:137 [3]:367
[0]:148782663 [1]:23274630 [2]:137 [3]:73
[0]:148995425 [1]:23306287 [2]:137 [3]:362
[0]:149221374 [1]:23339878 [2]:137 [3]:76
[0]:149426430 [1]:23370329 [2]:137 [3]:366
[0]:149629687 [1]:23400591 [2]:137 [3]:373
[0]:149842682 [1]:23432076 [2]:137 [3]:372
[0]:150043633 [1]:23461913 [2]:137 [3]:368
[0]:150256375 [1]:23493583 [2]:137 [3]:363
[0]:150465960 [1]:23524729 [2]:137 [3]:362
[0]:150672718 [1]:23555453 [2]:137 [3]:362
[0]:150874789 [1]:23585378 [2]:137 [3]:364
[0]:151091762 [1]:23617634 [2]:137 [3]:360
[0]:151300763 [1]:23648856 [2]:137 [3]:360
[0]:151509115 [1]:23679781 [2]:137 [3]:80
[0]:151713436 [1]:23710148 [2]:137 [3]:368
[0]:151915195 [1]:23740058 [2]:137 [3]:83
[0]:152123798 [1]:23770936 [2]:137 [3]:368
[0]:152329238 [1]:23801375 [2]:137 [3]:361
[0]:152541973 [1]:23832850 [2]:137 [3]:370
[0]:152758468 [1]:23865062 [2]:137 [3]:367
[0]:152975352 [1]:23897364 [2]:137 [3]:371
[0]:153180237 [1]:23927819 [2]:137 [3]:72
