[0]:3491444765 [1]:1 [2]:2 [3]:3
[0]:4292689515 [1]:1 [2]:2 [3]:3
[0]:4082945486 [1]:1 [2]:2 [3]:3
[0]:3896511272 [1]:1 [2]:2 [3]:3
[0]:3680305373 [1]:1 [2]:2 [3]:3
[0]:3497084047 [1]:1 [2]:2 [3]:3
[0]:3299584575 [1]:1 [2]:2 [3]:2
[0]:4112173987 [1]:1 [2]:2 [3]:3
[0]:3928440521 [1]:1 [2]:2 [3]:2
[0]:3740652518 [1]:1 [2]:2 [3]:3
[0]:3546251513 [1]:1 [2]:2 [3]:3
[0]:3357740291 [1]:1 [2]:2 [3]:3
[0]:4109922460 [1]:1 [2]:2 [3]:3
[0]:3867371856 [1]:1 [2]:2 [3]:3
[0]:3596975538 [1]:1 [2]:2 [3]:3
[0]:3372244447 [1]:1 [2]:2 [3]:3
[0]:4156361972 [1]:1 [2]:2 [3]:3
[0]:3908388452 [1]:1 [2]:2 [3]:3
[0]:3697106760 [1]:1 [2]:2 [3]:3
[0]:3480855922 [1]:1 [2]:2 [3]:3
[0]:4272755917 [1]:1 [2]:2 [3]:3
[0]:4060403008 [1]:1 [2]:2 [3]:3
[0]:3848567463 [1]:1 [2]:2 [3]:3
[0]:3628408452 [1]:1 [2]:2 [3]:3
[0]:3416346710 [1]:1 [2]:2 [3]:3
[0]:4206758978 [1]:1 [2]:2 [3]:3
[0]:4000304967 [1]:1 [2]:2 [3]:2
[0]:3790110861 [1]:1 [2]:2 [3]:3
[0]:3580041920 [1]:1 [2]:2 [3]:3
[0]:3388427578 [1]:1 [2]:2 [3]:3
[0]:4201127518 [1]:1 [2]:2 [3]:3
[0]:4008338841 [1]:1 [2]:2 [3]:3
[0]:3821141282 [1]:1 [2]:2 [3]:2
[0]:3637132246 [1]:1 [2]:2 [3]:3
[0]:3446240616 [1]:1 [2]:2 [3]:3
[0]:4258640733 [1]:1 [2]:2 [3]:3
[0]:4045011661 [1]:1 [2]:2 [3]:3
[0]:3849084590 [1]:1 [2]:2 [3]:2
[0]:3664557896 [1]:1 [2]:2 [3]:3
[0]:3476443786 [1]:1 [2]:2 [3]:3
[0]:4282465528 [1]:1 [2]:2 [3]:3
[0]:4096602202 [1]:1 [2]:2 [3]:3
[0]:3908626040 [1]:1 [2]:2 [3]:3
[0]:3720588831 [1]:1 [2]:2 [3]:3
[0]:3527007090 [1]:1 [2]:2 [3]:3
[0]:3304766297 [1]:1 [2]:2 [3]:2
[0]:4052786338 [1]:1 [2]:2 [3]:3
[0]:3837529093 [1]:1 [2]:2 [3]:3
[0]:3636440658 [1]:1 [2]:2 [3]:3
[0]:3450126483 [1]:1 [2]:2 [3]:3
[0]:4215002513 [1]:1 [2]:2 [3]:3
[0]:4025962538 [1]:1 [2]:2 [3]:3
[0]:3829137341 [1]:1 [2]:2 [3]:3
[0]:3632828397 [1]:1 [2]:2 [3]:3
[0]:3445183480 [1]:1 [2]:2 [3]:3
[0]:4256717128 [1]:1 [2]:2 [3]:2
[0]:4064716265 [1]:1 [2]:2 [3]:3
[0]:3878994640 [1]:1 [2]:2 [3]:3
[0]:3684455940 [1]:1 [2]:2 [3]:3
[0]:3492625406 [1]:1 [2]:2 [3]:3
[0]:3296496382 [1]:1 [2]:2 [3]:3
[0]:4111959135 [1]:1 [2]:2 [3]:3
[0]:3906424855 [1]:1 [2]:2 [3]:2
[0]:3672623438 [1]:1 [2]:2 [3]:3
[0]:3439347895 [1]:1 [2]:2 [3]:3
[0]:4209219053 [1]:1 [2]:2 [3]:3
[0]:3992436887 [1]:1 [2]:2 [3]:3
[0]:3781226036 [1]:1 [2]:2 [3]:3
[0]:3568506131 [1]:1 [2]:2 [3]:3
[0]:3356284563 [1]:1 [2]:2 [3]:3
[0]:4152431110 [1]:1 [2]:2 [3]:2
[0]:3941233905 [1]:1 [2]:2 [3]:5
[0]:3695349038 [1]:1 [2]:2 [3]:3
[0]:3481706831 [1]:1 [2]:2 [3]:4
[0]:4272293321 [1]:1 [2]:2 [3]:3
[0]:4058990015 [1]:1 [2]:2 [3]:3
[0]:3836465606 [1]:1 [2]:2 [3]:2
[0]:3604464480 [1]:1 [2]:2 [3]:3
[0]:3400552920 [1]:1 [2]:2 [3]:3
[0]:4188585356 [1]:1 [2]:2 [3]:2
[0]:3968477250 [1]:1 [2]:2 [3]:3
[0]:3780664380 [1]:1 [2]:2 [3]:3
[0]:3569721921 [1]:1 [2]:2 [3]:2
[0]:3336019086 [1]:1 [2]:2 [3]:2
[0]:4145269521 [1]:1 [2]:2 [3]:3
[0]:3956534241 [1]:1 [2]:2 [3]:3
[0]:3745274422 [1]:1 [2]:2 [3]:3
[0]:3545277525 [1]:1 [2]:2 [3]:3
[0]:3356083466 [1]:1 [2]:2 [3]:3
[0]:4164596280 [1]:1 [2]:2 [3]:3
[0]:3977320396 [1]:1 [2]:2 [3]:3
[0]:3780540346 [1]:1 [2]:2 [3]:2
[0]:3588678028 [1]:1 [2]:2 [3]:3
[0]:3400507508 [1]:1 [2]:2 [3]:3
[0]:4208640538 [1]:1 [2]:2 [3]:3
[0]:3975042856 [1]:1 [2]:2 [3]:3
[0]:3737301921 [1]:1 [2]:2 [3]:3
[0]:3512882057 [1]:1 [2]:2 [3]:2
[0]:3317307232 [1]:1 [2]:2 [3]:3
[0]:4124732593 [1]:1 [2]:2 [3]:3
[0]:3893314776 [1]:1 [2]:2 [3]:3
[0]:3700548645 [1]:1 [2]:2 [3]:3
[0]:3504517378 [1]:1 [2]:2 [3]:2
[0]:3312957886 [1]:1 [2]:2 [3]:3
[0]:4116827638 [1]:1 [2]:2 [3]:3
[0]:3922641121 [1]:1 [2]:2 [3]:3
[0]:3740503668 [1]:1 [2]:2 [3]:2
[0]:3553332027 [1]:1 [2]:2 [3]:3
[0]:3368342917 [1]:1 [2]:2 [3]:3
[0]:4181336445 [1]:1 [2]:2 [3]:3
[0]:3956940410 [1]:1 [2]:2 [3]:3
[0]:3771595951 [1]:1 [2]:2 [3]:3
[0]:3547219581 [1]:1 [2]:2 [3]:3
[0]:3317779620 [1]:1 [2]:2 [3]:3
[0]:4077398805 [1]:1 [2]:2 [3]:2
[0]:3842452267 [1]:1 [2]:2 [3]:3
[0]:3612694328 [1]:1 [2]:2 [3]:3
[0]:3401256783 [1]:1 [2]:2 [3]:3
[0]:4184711153 [1]:1 [2]:2 [3]:3
[0]:3873775092 [1]:1 [2]:2 [3]:3
[0]:3663994233 [1]:1 [2]:2 [3]:3
[0]:3460535680 [1]:1 [2]:2 [3]:3
[0]:4202657126 [1]:1 [2]:2 [3]:2
[0]:3995074497 [1]:1 [2]:2 [3]:2
[0]:3788447490 [1]:1 [2]:2 [3]:2
[0]:3577397718 [1]:1 [2]:2 [3]:3
[0]:3368578586 [1]:1 [2]:2 [3]:2
[0]:4140664651 [1]:1 [2]:2 [3]:2
[0]:3937407816 [1]:1 [2]:2 [3]:5
[0]:3747576271 [1]:1 [2]:2 [3]:3
[0]:3549402468 [1]:1 [2]:2 [3]:6
[0]:3360599516 [1]:1 [2]:2 [3]:3
[0]:4172624455 [1]:1 [2]:2 [3]:2
[0]:3957407442 [1]:1 [2]:2 [3]:3
[0]:3744578810 [1]:1 [2]:2 [3]:2
[0]:3547324347 [1]:1 [2]:2 [3]:3
[0]:3349474447 [1]:1 [2]:2 [3]:3
[0]:4105417627 [1]:1 [2]:2 [3]:3
[0]:3916605566 [1]:1 [2]:2 [3]:3
[0]:3707663483 [1]:1 [2]:2 [3]:3
[0]:3512550830 [1]:1 [2]:2 [3]:3
[0]:3328533920 [1]:1 [2]:2 [3]:3
[0]:4101745796 [1]:1 [2]:2 [3]:3
[0]:3896424577 [1]:1 [2]:2 [3]:3
[0]:3674009385 [1]:1 [2]:2 [3]:3
[0]:3445418497 [1]:1 [2]:2 [3]:3
[0]:4224768860 [1]:1 [2]:2 [3]:2
[0]:4039567728 [1]:1 [2]:2 [3]:3
[0]:3852602403 [1]:1 [2]:2 [3]:3
[0]:3746475995 [1]:1 [2]:2 [3]:3
[0]:3746475995 [1]:1 [2]:2 [3]:3
[0]:3746475995 [1]:1 [2]:2 [3]:3
[0]:3746475995 [1]:1 [2]:2 [3]:3
[0]:3746475995 [1]:1 [2]:2 [3]:3
[0]:3746475995 [1]:1 [2]:2 [3]:3
[0]:3746475995 [1]:1 [2]:2 [3]:3
[0]:3746475995 [1]:1 [2]:2 [3]:3
[0]:3746475995 [1]:1 [2]:2 [3]:3
[0]:3746475995 [1]:1 [2]:2 [3]:3
[0]:3746475995 [1]:1 [2]:2 [3]:3
