[0]:0 [1]:0 [2]:0 [3]:0
[0]:0 [1]:0 [2]:0 [3]:0
[0]:96598 [1]:0 [2]:0 [3]:41
[0]:320593 [1]:0 [2]:0 [3]:316
[0]:548060 [1]:0 [2]:0 [3]:52
[0]:873756 [1]:0 [2]:0 [3]:71
[0]:1103679 [1]:0 [2]:0 [3]:310
[0]:1331542 [1]:0 [2]:0 [3]:60
[0]:1619741 [1]:0 [2]:0 [3]:66
[0]:1838932 [1]:0 [2]:0 [3]:81
[0]:2059096 [1]:0 [2]:0 [3]:49
[0]:2282842 [1]:0 [2]:0 [3]:66
[0]:2515254 [1]:0 [2]:0 [3]:49
[0]:2744155 [1]:0 [2]:0 [3]:313
[0]:2975627 [1]:0 [2]:0 [3]:59
[0]:3203453 [1]:0 [2]:0 [3]:309
[0]:3428476 [1]:0 [2]:0 [3]:57
[0]:3672543 [1]:0 [2]:0 [3]:50
[0]:3921231 [1]:0 [2]:0 [3]:323
[0]:4146096 [1]:0 [2]:0 [3]:309
[0]:4354639 [1]:18007 [2]:119 [3]:74
[0]:4559948 [1]:41111 [2]:119 [3]:56
[0]:4762835 [1]:63942 [2]:119 [3]:63
[0]:4957743 [1]:85796 [2]:119 [3]:358
[0]:5169886 [1]:109859 [2]:119 [3]:54
[0]:5424973 [1]:138638 [2]:119 [3]:368
[0]:5622004 [1]:160934 [2]:119 [3]:58
[0]:5806603 [1]:181721 [2]:119 [3]:70
[0]:6002248 [1]:203740 [2]:119 [3]:60
[0]:6201208 [1]:226156 [2]:119 [3]:359
[0]:6413677 [1]:250307 [2]:119 [3]:67
[0]:6613450 [1]:273116 [2]:119 [3]:79
[0]:6840073 [1]:299016 [2]:119 [3]:61
[0]:7042047 [1]:321558 [2]:119 [3]:359
[0]:7244927 [1]:344422 [2]:119 [3]:357
[0]:7439394 [1]:366484 [2]:119 [3]:57
[0]:7671515 [1]:392870 [2]:119 [3]:80
[0]:7950638 [1]:424184 [2]:119 [3]:73
[0]:8165912 [1]:448418 [2]:119 [3]:73
[0]:8360719 [1]:470487 [2]:119 [3]:70
[0]:8558785 [1]:492891 [2]:119 [3]:64
[0]:8753671 [1]:514854 [2]:119 [3]:70
[0]:8951999 [1]:537357 [2]:119 [3]:375
[0]:9154302 [1]:560182 [2]:119 [3]:68
[0]:9367601 [1]:584327 [2]:119 [3]:59
[0]:9558578 [1]:605885 [2]:119 [3]:57
[0]:9756950 [1]:628312 [2]:119 [3]:94
[0]:9958708 [1]:651285 [2]:119 [3]:361
[0]:10153599 [1]:673224 [2]:119 [3]:360
[0]:10354741 [1]:696098 [2]:114 [3]:69
[0]:10554055 [1]:718533 [2]:114 [3]:61
[0]:10748653 [1]:740529 [2]:114 [3]:68
[0]:10999678 [1]:768806 [2]:114 [3]:377
[0]:11198190 [1]:791191 [2]:114 [3]:67
[0]:11400314 [1]:813972 [2]:114 [3]:54
[0]:11595174 [1]:836056 [2]:114 [3]:69
[0]:11793462 [1]:858281 [2]:114 [3]:60
[0]:11991144 [1]:880637 [2]:114 [3]:56
[0]:12242836 [1]:908957 [2]:114 [3]:73
[0]:12437200 [1]:930900 [2]:114 [3]:80
[0]:12641644 [1]:954066 [2]:114 [3]:73
[0]:12845892 [1]:977082 [2]:114 [3]:68
[0]:13048133 [1]:999797 [2]:114 [3]:71
[0]:13246541 [1]:1022197 [2]:114 [3]:77
[0]:13443161 [1]:1044300 [2]:114 [3]:366
[0]:13654234 [1]:1068188 [2]:114 [3]:71
[0]:13913173 [1]:1097520 [2]:114 [3]:63
[0]:14130283 [1]:1121967 [2]:114 [3]:57
[0]:14339428 [1]:1145508 [2]:114 [3]:59
[0]:14547555 [1]:1168895 [2]:114 [3]:70
[0]:14755687 [1]:1192489 [2]:114 [3]:51
[0]:14957492 [1]:1215305 [2]:114 [3]:70
[0]:15148670 [1]:1236961 [2]:114 [3]:68
[0]:15354962 [1]:1260270 [2]:114 [3]:365
[0]:15556247 [1]:1283074 [2]:114 [3]:65
[0]:15758677 [1]:1306106 [2]:114 [3]:85
[0]:15951531 [1]:1327982 [2]:114 [3]:362
[0]:16147909 [1]:1350203 [2]:114 [3]:60
[0]:16349717 [1]:1372955 [2]:114 [3]:69
[0]:16548592 [1]:1395374 [2]:109 [3]:64
[0]:16741023 [1]:1417092 [2]:109 [3]:55
[0]:16941681 [1]:1439574 [2]:109 [3]:70
[0]:17144064 [1]:1462306 [2]:109 [3]:60
[0]:17402500 [1]:1491412 [2]:109 [3]:62
[0]:17605148 [1]:1514105 [2]:109 [3]:67
[0]:17796175 [1]:1535559 [2]:109 [3]:59
[0]:17995003 [1]:1558013 [2]:109 [3]:61
[0]:18197380 [1]:1580885 [2]:109 [3]:75
[0]:18399084 [1]:1603674 [2]:109 [3]:56
[0]:18592151 [1]:1625534 [2]:109 [3]:63
[0]:18795822 [1]:1648514 [2]:109 [3]:56
[0]:18994480 [1]:1671126 [2]:109 [3]:75
[0]:19196116 [1]:1693934 [2]:109 [3]:74
[0]:19454589 [1]:1722996 [2]:109 [3]:62
[0]:19667992 [1]:1747093 [2]:109 [3]:71
[0]:19873987 [1]:1770318 [2]:109 [3]:63
[0]:20075228 [1]:1793090 [2]:109 [3]:361
[0]:20278142 [1]:1815966 [2]:109 [3]:55
[0]:20476134 [1]:1838314 [2]:109 [3]:369
[0]:20679163 [1]:1861141 [2]:109 [3]:74
[0]:20885338 [1]:1884340 [2]:109 [3]:369
[0]:21075644 [1]:1905853 [2]:109 [3]:64
[0]:21271068 [1]:1927816 [2]:109 [3]:382
[0]:21469519 [1]:1950266 [2]:109 [3]:374
[0]:21655819 [1]:1971228 [2]:109 [3]:72
[0]:21851319 [1]:1993222 [2]:109 [3]:363
[0]:22050269 [1]:2015455 [2]:109 [3]:370
[0]:22237214 [1]:2036507 [2]:109 [3]:370
[0]:22428174 [1]:2058151 [2]:109 [3]:65
[0]:22634379 [1]:2081412 [2]:105 [3]:364
[0]:22836734 [1]:2104149 [2]:105 [3]:366
[0]:23031406 [1]:2126226 [2]:105 [3]:367
[0]:23222326 [1]:2147664 [2]:105 [3]:359
[0]:23407235 [1]:2168534 [2]:105 [3]:54
[0]:23601853 [1]:2190500 [2]:105 [3]:367
[0]:23795146 [1]:2212344 [2]:105 [3]:54
[0]:24008569 [1]:2236490 [2]:105 [3]:57
[0]:24199236 [1]:2257987 [2]:105 [3]:66
[0]:24397901 [1]:2280298 [2]:105 [3]:60
[0]:24590880 [1]:2301992 [2]:105 [3]:368
[0]:24787504 [1]:2324191 [2]:105 [3]:64
[0]:24992659 [1]:2347400 [2]:105 [3]:69
[0]:25191910 [1]:2369892 [2]:105 [3]:72
[0]:25378677 [1]:2391039 [2]:105 [3]:68
[0]:25567071 [1]:2412417 [2]:105 [3]:73
[0]:25752582 [1]:2433237 [2]:105 [3]:67
[0]:25948307 [1]:2455374 [2]:105 [3]:83
[0]:26150329 [1]:2478399 [2]:105 [3]:362
[0]:26343962 [1]:2500311 [2]:105 [3]:58
[0]:26543375 [1]:2522777 [2]:105 [3]:365
[0]:26769611 [1]:2548350 [2]:105 [3]:57
[0]:26980398 [1]:2572075 [2]:105 [3]:67
[0]:27202212 [1]:2597156 [2]:105 [3]:71
[0]:27400869 [1]:2619564 [2]:105 [3]:60
[0]:27610096 [1]:2643260 [2]:105 [3]:61
[0]:27806326 [1]:2665318 [2]:105 [3]:66
[0]:28000464 [1]:2687171 [2]:105 [3]:355
[0]:28196517 [1]:2709364 [2]:105 [3]:364
[0]:28389146 [1]:2731172 [2]:105 [3]:61
[0]:28587608 [1]:2753621 [2]:105 [3]:365
[0]:28790250 [1]:2776476 [2]:101 [3]:365
[0]:28987525 [1]:2798697 [2]:101 [3]:59
[0]:29183133 [1]:2820744 [2]:101 [3]:89
[0]:29381469 [1]:2843016 [2]:101 [3]:365
[0]:29579948 [1]:2865317 [2]:101 [3]:360
[0]:29767336 [1]:2886263 [2]:101 [3]:66
[0]:29980528 [1]:2910442 [2]:101 [3]:370
[0]:30178771 [1]:2932775 [2]:101 [3]:67
[0]:30391931 [1]:2956889 [2]:101 [3]:59
[0]:30624883 [1]:2983098 [2]:101 [3]:62
[0]:30844057 [1]:3008055 [2]:101 [3]:362
[0]:31038913 [1]:3030043 [2]:101 [3]:58
[0]:31246146 [1]:3053280 [2]:101 [3]:60
[0]:31436856 [1]:3074791 [2]:101 [3]:71
[0]:31669647 [1]:3100923 [2]:101 [3]:67
[0]:31875660 [1]:3124166 [2]:101 [3]:353
[0]:32066753 [1]:3145649 [2]:101 [3]:59
[0]:32260579 [1]:3167520 [2]:101 [3]:361
[0]:32452044 [1]:3189439 [2]:101 [3]:364
[0]:32650623 [1]:3211757 [2]:101 [3]:72
[0]:32855860 [1]:3235246 [2]:101 [3]:62
[0]:33053579 [1]:3257603 [2]:101 [3]:58
[0]:33275356 [1]:3282599 [2]:101 [3]:73
[0]:33492112 [1]:3307026 [2]:101 [3]:358
[0]:33750925 [1]:3336110 [2]:101 [3]:70
[0]:33956939 [1]:3359438 [2]:101 [3]:63
[0]:34147771 [1]:3381018 [2]:101 [3]:371
[0]:34357372 [1]:3404555 [2]:101 [3]:362
[0]:34563522 [1]:3427684 [2]:101 [3]:360
[0]:34762280 [1]:3450086 [2]:97 [3]:56
[0]:34960295 [1]:3472593 [2]:97 [3]:66
[0]:35155290 [1]:3494595 [2]:97 [3]:54
[0]:35349857 [1]:3516603 [2]:97 [3]:72
[0]:35551192 [1]:3539245 [2]:97 [3]:361
[0]:35746353 [1]:3561694 [2]:97 [3]:364
[0]:35978445 [1]:3587903 [2]:97 [3]:350
[0]:36169569 [1]:3609390 [2]:97 [3]:61
[0]:36368198 [1]:3631772 [2]:97 [3]:369
[0]:36558984 [1]:3653371 [2]:97 [3]:365
[0]:36752705 [1]:3675227 [2]:97 [3]:352
[0]:36945772 [1]:3697000 [2]:97 [3]:59
[0]:37139224 [1]:3718885 [2]:97 [3]:47
[0]:37345057 [1]:3742148 [2]:97 [3]:363
[0]:37539892 [1]:3764053 [2]:97 [3]:53
[0]:37753312 [1]:3788154 [2]:97 [3]:57
[0]:37959296 [1]:3811414 [2]:97 [3]:362
[0]:38146972 [1]:3832519 [2]:97 [3]:92
[0]:38338463 [1]:3854013 [2]:97 [3]:364
[0]:38565882 [1]:3879713 [2]:97 [3]:357
[0]:38753276 [1]:3900852 [2]:97 [3]:61
[0]:38951731 [1]:3923254 [2]:97 [3]:65
