[0]:119843985 [1]:14846368 [2]:91 [3]:360
[0]:120063798 [1]:14870734 [2]:91 [3]:365
[0]:120266870 [1]:14893284 [2]:91 [3]:368
[0]:120479047 [1]:14916733 [2]:91 [3]:357
[0]:120680064 [1]:14939148 [2]:91 [3]:372
[0]:120894073 [1]:14962839 [2]:91 [3]:92
[0]:121109957 [1]:14986752 [2]:91 [3]:361
[0]:121319023 [1]:15009747 [2]:91 [3]:369
[0]:121531748 [1]:15033146 [2]:91 [3]:99
[0]:121735277 [1]:15055569 [2]:91 [3]:373
[0]:121948645 [1]:15079312 [2]:91 [3]:356
[0]:122154705 [1]:15102408 [2]:91 [3]:84
[0]:122383362 [1]:15127837 [2]:91 [3]:365
[0]:122592363 [1]:15151018 [2]:91 [3]:363
[0]:122797479 [1]:15173535 [2]:91 [3]:369
[0]:122994276 [1]:15195561 [2]:91 [3]:355
[0]:123203579 [1]:15218560 [2]:91 [3]:364
[0]:123412145 [1]:15241581 [2]:91 [3]:366
[0]:123621654 [1]:15264703 [2]:91 [3]:108
[0]:123826835 [1]:15287520 [2]:91 [3]:368
[0]:124029580 [1]:15310014 [2]:91 [3]:68
[0]:124237525 [1]:15333265 [2]:91 [3]:70
[0]:124441118 [1]:15355987 [2]:91 [3]:369
[0]:124655899 [1]:15379858 [2]:91 [3]:374
[0]:124878358 [1]:15404813 [2]:91 [3]:372
[0]:125083509 [1]:15427844 [2]:91 [3]:72
[0]:125292145 [1]:15450919 [2]:91 [3]:116
[0]:125498543 [1]:15473788 [2]:91 [3]:364
[0]:125704045 [1]:15496685 [2]:91 [3]:370
[0]:125914136 [1]:15519893 [2]:91 [3]:358
[0]:126126551 [1]:15543600 [2]:91 [3]:87
[0]:126378686 [1]:15571534 [2]:91 [3]:372
[0]:126609051 [1]:15597013 [2]:91 [3]:368
[0]:126814342 [1]:15619689 [2]:91 [3]:84
[0]:127037993 [1]:15644525 [2]:91 [3]:91
[0]:127255613 [1]:15668518 [2]:91 [3]:357
[0]:127464785 [1]:15691780 [2]:91 [3]:94
[0]:127681009 [1]:15715642 [2]:91 [3]:362
[0]:127886858 [1]:15738440 [2]:91 [3]:366
[0]:128091792 [1]:15761259 [2]:91 [3]:72
[0]:128300575 [1]:15784230 [2]:91 [3]:69
[0]:128521823 [1]:15808607 [2]:91 [3]:368
[0]:128731081 [1]:15831640 [2]:91 [3]:369
[0]:128977475 [1]:15858737 [2]:91 [3]:358
[0]:129182140 [1]:15881297 [2]:91 [3]:367
[0]:129401635 [1]:15905601 [2]:91 [3]:369
[0]:129602634 [1]:15927956 [2]:91 [3]:362
[0]:129805514 [1]:15950321 [2]:91 [3]:366
[0]:130008834 [1]:15972821 [2]:91 [3]:357
[0]:130217762 [1]:15996029 [2]:91 [3]:355
[0]:130420559 [1]:16018349 [2]:91 [3]:373
[0]:130615819 [1]:16039818 [2]:91 [3]:70
[0]:130824582 [1]:16062884 [2]:91 [3]:82
[0]:131037779 [1]:16086538 [2]:91 [3]:371
[0]:131244383 [1]:16109403 [2]:91 [3]:97
[0]:131453275 [1]:16132603 [2]:91 [3]:96
[0]:131664694 [1]:16155955 [2]:91 [3]:77
[0]:131878226 [1]:16179451 [2]:91 [3]:366
[0]:132084723 [1]:16202336 [2]:91 [3]:69
[0]:132295989 [1]:16225850 [2]:91 [3]:370
[0]:132508896 [1]:16249410 [2]:91 [3]:91
[0]:132729702 [1]:16273895 [2]:91 [3]:79
[0]:132937915 [1]:16297075 [2]:91 [3]:359
[0]:133151761 [1]:16320821 [2]:91 [3]:373
[0]:133376274 [1]:16345785 [2]:91 [3]:375
[0]:133596636 [1]:16370483 [2]:91 [3]:362
[0]:133805878 [1]:16393483 [2]:91 [3]:84
[0]:134006723 [1]:16415850 [2]:91 [3]:87
[0]:134216187 [1]:16439282 [2]:91 [3]:346
[0]:134437861 [1]:16463919 [2]:91 [3]:360
[0]:134637252 [1]:16486161 [2]:91 [3]:366
[0]:134913143 [1]:16516885 [2]:91 [3]:360
[0]:135125960 [1]:16540396 [2]:91 [3]:360
[0]:135332948 [1]:16563207 [2]:91 [3]:80
[0]:135540004 [1]:16586151 [2]:91 [3]:85
[0]:135755832 [1]:16610375 [2]:91 [3]:375
[0]:135967917 [1]:16633759 [2]:91 [3]:365
[0]:136174329 [1]:16656751 [2]:91 [3]:364
[0]:136379805 [1]:16679409 [2]:91 [3]:83
[0]:136633930 [1]:16707666 [2]:91 [3]:80
[0]:136890807 [1]:16736318 [2]:91 [3]:74
[0]:137112743 [1]:16761101 [2]:91 [3]:366
[0]:137316788 [1]:16783681 [2]:91 [3]:365
[0]:137525643 [1]:16806966 [2]:91 [3]:372
[0]:137774952 [1]:16834766 [2]:91 [3]:358
[0]:137976057 [1]:16857032 [2]:91 [3]:92
[0]:138188759 [1]:16880601 [2]:91 [3]:369
[0]:138396124 [1]:16903573 [2]:91 [3]:81
[0]:138601113 [1]:16926219 [2]:91 [3]:103
[0]:138807132 [1]:16949728 [2]:91 [3]:73
[0]:139018517 [1]:16973076 [2]:91 [3]:81
[0]:139224284 [1]:16995888 [2]:91 [3]:93
[0]:139450020 [1]:17020959 [2]:91 [3]:362
[0]:139655170 [1]:17043665 [2]:91 [3]:377
[0]:139856093 [1]:17066098 [2]:91 [3]:71
[0]:140060693 [1]:17088925 [2]:91 [3]:360
[0]:140266133 [1]:17111511 [2]:91 [3]:370
[0]:140467030 [1]:17134033 [2]:91 [3]:102
[0]:140683610 [1]:17158303 [2]:91 [3]:80
[0]:140894447 [1]:17181562 [2]:91 [3]:365
[0]:141100597 [1]:17204554 [2]:91 [3]:362
[0]:141310539 [1]:17227785 [2]:91 [3]:92
[0]:141515424 [1]:17250620 [2]:91 [3]:369
[0]:141720544 [1]:17273313 [2]:91 [3]:361
[0]:141946015 [1]:17298447 [2]:91 [3]:363
[0]:142165847 [1]:17322871 [2]:91 [3]:364
[0]:142372593 [1]:17345809 [2]:91 [3]:374
[0]:142580015 [1]:17368638 [2]:91 [3]:367
[0]:142787323 [1]:17391655 [2]:91 [3]:87
[0]:143000178 [1]:17415423 [2]:91 [3]:374
[0]:143210394 [1]:17438749 [2]:91 [3]:76
[0]:143414222 [1]:17461221 [2]:91 [3]:367
[0]:143612680 [1]:17483304 [2]:91 [3]:370
[0]:143814081 [1]:17505449 [2]:91 [3]:354
[0]:144050733 [1]:17531593 [2]:91 [3]:364
[0]:144267707 [1]:17555489 [2]:91 [3]:84
[0]:144476612 [1]:17578594 [2]:91 [3]:90
[0]:144681797 [1]:17601329 [2]:91 [3]:370
[0]:144891144 [1]:17624474 [2]:91 [3]:370
[0]:145103552 [1]:17648118 [2]:91 [3]:86
[0]:145335803 [1]:17681189 [2]:91 [3]:363
[0]:145540910 [1]:17711665 [2]:91 [3]:72
[0]:145753259 [1]:17743259 [2]:91 [3]:363
[0]:145958380 [1]:17773802 [2]:91 [3]:363
[0]:146153314 [1]:17802719 [2]:91 [3]:362
[0]:146364281 [1]:17833898 [2]:91 [3]:367
[0]:146560771 [1]:17863073 [2]:91 [3]:366
[0]:146777700 [1]:17895198 [2]:91 [3]:366
[0]:146985864 [1]:17926235 [2]:91 [3]:372
[0]:147192077 [1]:17956764 [2]:91 [3]:363
[0]:147396935 [1]:17987100 [2]:91 [3]:360
[0]:147609546 [1]:18018659 [2]:91 [3]:359
[0]:147818249 [1]:18049617 [2]:91 [3]:350
[0]:148047234 [1]:18083664 [2]:91 [3]:362
[0]:148306379 [1]:18122047 [2]:91 [3]:367
[0]:148508972 [1]:18152064 [2]:91 [3]:365
[0]:148721144 [1]:18183511 [2]:91 [3]:84
[0]:148937687 [1]:18215577 [2]:91 [3]:352
[0]:149174488 [1]:18250717 [2]:91 [3]:77
[0]:149385167 [1]:18282013 [2]:91 [3]:80
[0]:149602534 [1]:18314235 [2]:91 [3]:74
[0]:149812781 [1]:18345442 [2]:91 [3]:368
[0]:150021170 [1]:18376480 [2]:92 [3]:73
[0]:150233875 [1]:18408125 [2]:92 [3]:78
[0]:150478511 [1]:18444624 [2]:92 [3]:370
[0]:150703016 [1]:18478023 [2]:92 [3]:71
[0]:150917221 [1]:18509836 [2]:92 [3]:357
[0]:151116676 [1]:18539590 [2]:92 [3]:359
[0]:151341445 [1]:18572889 [2]:92 [3]:357
[0]:151546330 [1]:18603245 [2]:92 [3]:364
[0]:151752712 [1]:18633893 [2]:92 [3]:358
[0]:151955869 [1]:18663955 [2]:92 [3]:358
[0]:152161178 [1]:18694352 [2]:92 [3]:370
[0]:152365525 [1]:18724650 [2]:92 [3]:372
[0]:152571094 [1]:18755138 [2]:92 [3]:363
[0]:152831105 [1]:18793735 [2]:92 [3]:362
[0]:153075373 [1]:18830060 [2]:92 [3]:81
[0]:153284088 [1]:18860988 [2]:92 [3]:363
[0]:153493264 [1]:18892081 [2]:92 [3]:372
[0]:153717761 [1]:18925346 [2]:92 [3]:361
[0]:153946363 [1]:18959390 [2]:92 [3]:358
[0]:154149314 [1]:18989481 [2]:92 [3]:359
[0]:154366269 [1]:19021634 [2]:92 [3]:359
[0]:154576535 [1]:19052857 [2]:92 [3]:363
[0]:154805090 [1]:19086774 [2]:92 [3]:363
[0]:155037971 [1]:19121250 [2]:92 [3]:361
[0]:155241723 [1]:19151409 [2]:92 [3]:366
[0]:155447783 [1]:19182073 [2]:92 [3]:85
[0]:155668677 [1]:19214935 [2]:92 [3]:367
[0]:155877162 [1]:19245941 [2]:92 [3]:73
[0]:156095550 [1]:19278333 [2]:92 [3]:75
[0]:156306860 [1]:19309706 [2]:92 [3]:86
[0]:156507388 [1]:19339515 [2]:92 [3]:357
[0]:156713266 [1]:19370463 [2]:92 [3]:357
[0]:156929212 [1]:19402565 [2]:92 [3]:355
[0]:157138151 [1]:19433490 [2]:92 [3]:364
[0]:157350697 [1]:19465020 [2]:92 [3]:76
[0]:157560742 [1]:19496095 [2]:92 [3]:85
[0]:157768713 [1]:19526932 [2]:92 [3]:361
[0]:157965763 [1]:19556084 [2]:92 [3]:370
[0]:158178653 [1]:19587665 [2]:92 [3]:357
[0]:158393977 [1]:19619690 [2]:92 [3]:363
[0]:158603344 [1]:19650734 [2]:92 [3]:361
[0]:158828167 [1]:19684307 [2]:92 [3]:368
[0]:159045508 [1]:19716434 [2]:92 [3]:357
[0]:159250474 [1]:19746945 [2]:92 [3]:366
[0]:159456807 [1]:19777642 [2]:92 [3]:356
[0]:159664261 [1]:19808339 [2]:92 [3]:368
[0]:159868439 [1]:19838610 [2]:92 [3]:81
[0]:160077805 [1]:19869725 [2]:92 [3]:367
[0]:160318448 [1]:19905351 [2]:92 [3]:367
[0]:160525414 [1]:19936059 [2]:92 [3]:84
[0]:160728114 [1]:19966083 [2]:92 [3]:77
[0]:160954813 [1]:19999781 [2]:92 [3]:370
