[0]:167927215 [1]:30477018 [2]:140 [3]:365
[0]:168143036 [1]:30511921 [2]:140 [3]:363
[0]:168345620 [1]:30542045 [2]:140 [3]:362
[0]:168557771 [1]:30573509 [2]:140 [3]:366
[0]:168763432 [1]:30603964 [2]:140 [3]:360
[0]:168960435 [1]:30633082 [2]:140 [3]:360
[0]:169165503 [1]:30663418 [2]:140 [3]:360
[0]:169370121 [1]:30693693 [2]:140 [3]:360
[0]:169575433 [1]:30724051 [2]:140 [3]:366
[0]:169784387 [1]:30754988 [2]:140 [3]:358
[0]:170003938 [1]:30787393 [2]:140 [3]:360
[0]:170210076 [1]:30818005 [2]:140 [3]:374
[0]:170437047 [1]:30851649 [2]:140 [3]:363
[0]:170635773 [1]:30881109 [2]:140 [3]:362
[0]:170844234 [1]:30911891 [2]:140 [3]:365
[0]:171123315 [1]:30953335 [2]:140 [3]:76
[0]:171321523 [1]:30982739 [2]:140 [3]:362
[0]:171520572 [1]:31012223 [2]:140 [3]:369
[0]:171723521 [1]:31042320 [2]:140 [3]:360
[0]:171936401 [1]:31073875 [2]:140 [3]:361
[0]:172146672 [1]:31105095 [2]:140 [3]:351
[0]:172348828 [1]:31135094 [2]:140 [3]:363
[0]:172558676 [1]:31166438 [2]:140 [3]:362
[0]:172769944 [1]:31197852 [2]:140 [3]:364
[0]:172966318 [1]:31226909 [2]:140 [3]:368
[0]:173158430 [1]:31255396 [2]:140 [3]:368
[0]:173413977 [1]:31293292 [2]:140 [3]:80
[0]:173614786 [1]:31323209 [2]:140 [3]:82
[0]:173849136 [1]:31358068 [2]:140 [3]:372
[0]:174052344 [1]:31388184 [2]:140 [3]:366
[0]:174295590 [1]:31424323 [2]:140 [3]:358
[0]:174501529 [1]:31455020 [2]:140 [3]:354
[0]:174729884 [1]:31489015 [2]:140 [3]:358
[0]:174938841 [1]:31519960 [2]:140 [3]:359
[0]:175143703 [1]:31550362 [2]:140 [3]:363
[0]:175355820 [1]:31581827 [2]:140 [3]:371
[0]:175593475 [1]:31617006 [2]:140 [3]:371
[0]:175801802 [1]:31647911 [2]:140 [3]:363
[0]:176010766 [1]:31678896 [2]:140 [3]:360
[0]:176215567 [1]:31709202 [2]:140 [3]:365
[0]:176463652 [1]:31745982 [2]:140 [3]:362
[0]:176684702 [1]:31778745 [2]:140 [3]:358
[0]:176897250 [1]:31810360 [2]:140 [3]:356
[0]:177102067 [1]:31840767 [2]:140 [3]:357
[0]:177307272 [1]:31871143 [2]:140 [3]:374
[0]:177508400 [1]:31900908 [2]:140 [3]:358
[0]:177713387 [1]:31931304 [2]:140 [3]:373
[0]:177924870 [1]:31962675 [2]:140 [3]:374
[0]:178143572 [1]:31995097 [2]:140 [3]:362
[0]:178342578 [1]:32024558 [2]:140 [3]:361
[0]:178543877 [1]:32054477 [2]:140 [3]:366
[0]:178737908 [1]:32083233 [2]:140 [3]:366
[0]:178936269 [1]:32112615 [2]:140 [3]:366
[0]:179152059 [1]:32144671 [2]:140 [3]:364
[0]:179359647 [1]:32175399 [2]:140 [3]:364
[0]:179574998 [1]:32207321 [2]:140 [3]:355
[0]:179821730 [1]:32244032 [2]:140 [3]:378
[0]:180117304 [1]:32287900 [2]:140 [3]:369
[0]:180321208 [1]:32318128 [2]:140 [3]:364
[0]:180531271 [1]:32349271 [2]:140 [3]:371
[0]:180734065 [1]:32379282 [2]:140 [3]:354
[0]:180955568 [1]:32412170 [2]:140 [3]:363
[0]:181157723 [1]:32442257 [2]:140 [3]:370
[0]:181364664 [1]:32472915 [2]:140 [3]:365
[0]:181567729 [1]:32502923 [2]:140 [3]:360
[0]:181770797 [1]:32532978 [2]:140 [3]:370
[0]:181968117 [1]:32562338 [2]:140 [3]:360
[0]:182174447 [1]:32592901 [2]:140 [3]:77
[0]:182399149 [1]:32626236 [2]:140 [3]:354
[0]:182608010 [1]:32657215 [2]:140 [3]:361
[0]:182806937 [1]:32686689 [2]:140 [3]:367
[0]:183010203 [1]:32716757 [2]:140 [3]:364
[0]:183213110 [1]:32746874 [2]:140 [3]:367
[0]:183418807 [1]:32777372 [2]:140 [3]:363
[0]:183644796 [1]:32810878 [2]:140 [3]:357
