[0]:30725692 [1]:2366992 [2]:102 [3]:366
[0]:30942468 [1]:2391625 [2]:102 [3]:360
[0]:31179683 [1]:2418266 [2]:102 [3]:59
[0]:31380790 [1]:2440980 [2]:102 [3]:66
[0]:31575263 [1]:2463125 [2]:102 [3]:56
[0]:31780239 [1]:2486382 [2]:102 [3]:58
[0]:31973934 [1]:2508109 [2]:102 [3]:359
[0]:32166993 [1]:2529837 [2]:102 [3]:50
[0]:32365467 [1]:2552206 [2]:102 [3]:62
[0]:32567132 [1]:2574993 [2]:102 [3]:53
[0]:32762575 [1]:2596938 [2]:102 [3]:364
[0]:32960963 [1]:2619361 [2]:102 [3]:48
[0]:33189198 [1]:2645170 [2]:102 [3]:76
[0]:33405762 [1]:2669516 [2]:102 [3]:57
[0]:33610435 [1]:2692494 [2]:102 [3]:71
[0]:33885974 [1]:2723582 [2]:102 [3]:366
[0]:34080606 [1]:2745678 [2]:102 [3]:61
[0]:34286819 [1]:2769142 [2]:102 [3]:369
[0]:34485847 [1]:2791606 [2]:102 [3]:61
[0]:34710709 [1]:2816907 [2]:102 [3]:364
[0]:34903688 [1]:2838656 [2]:102 [3]:57
[0]:35095053 [1]:2860442 [2]:102 [3]:77
[0]:35285950 [1]:2881979 [2]:102 [3]:374
[0]:35500222 [1]:2906229 [2]:102 [3]:84
[0]:35690343 [1]:2927706 [2]:98 [3]:355
[0]:35895461 [1]:2950944 [2]:98 [3]:367
[0]:36094708 [1]:2973352 [2]:98 [3]:355
[0]:36285799 [1]:2994880 [2]:98 [3]:62
[0]:36501664 [1]:3019146 [2]:98 [3]:66
[0]:36709084 [1]:3042485 [2]:98 [3]:56
[0]:36915107 [1]:3065755 [2]:98 [3]:363
[0]:37117096 [1]:3088624 [2]:98 [3]:66
[0]:37315208 [1]:3110930 [2]:98 [3]:53
[0]:37627657 [1]:3146045 [2]:98 [3]:358
[0]:37832641 [1]:3169029 [2]:98 [3]:58
[0]:38023592 [1]:3190628 [2]:98 [3]:66
[0]:38222256 [1]:3212915 [2]:98 [3]:349
[0]:38416279 [1]:3234747 [2]:98 [3]:65
[0]:38619156 [1]:3257626 [2]:98 [3]:66
[0]:38821552 [1]:3280435 [2]:98 [3]:369
[0]:39015130 [1]:3302190 [2]:98 [3]:72
[0]:39218667 [1]:3325154 [2]:98 [3]:365
[0]:39413097 [1]:3347144 [2]:98 [3]:58
[0]:39660628 [1]:3374898 [2]:98 [3]:361
[0]:39859059 [1]:3397307 [2]:98 [3]:74
[0]:40059422 [1]:3419806 [2]:98 [3]:60
[0]:40279134 [1]:3444749 [2]:98 [3]:78
[0]:40476817 [1]:3467081 [2]:98 [3]:58
[0]:40671449 [1]:3489140 [2]:98 [3]:74
[0]:40866030 [1]:3511156 [2]:98 [3]:63
[0]:41072129 [1]:3534322 [2]:98 [3]:64
[0]:41267774 [1]:3556867 [2]:98 [3]:67
[0]:41468471 [1]:3579606 [2]:98 [3]:359
[0]:41664225 [1]:3601740 [2]:98 [3]:70
[0]:41917551 [1]:3630299 [2]:95 [3]:340
[0]:42148823 [1]:3656411 [2]:95 [3]:54
[0]:42351958 [1]:3679416 [2]:95 [3]:57
[0]:42561694 [1]:3703088 [2]:95 [3]:361
[0]:42757938 [1]:3725273 [2]:95 [3]:366
[0]:42954736 [1]:3747431 [2]:95 [3]:357
[0]:43158885 [1]:3770472 [2]:95 [3]:355
[0]:43359339 [1]:3793086 [2]:95 [3]:365
[0]:43591385 [1]:3819380 [2]:95 [3]:365
[0]:43793755 [1]:3841987 [2]:95 [3]:61
[0]:43989812 [1]:3864031 [2]:95 [3]:54
[0]:44190932 [1]:3886718 [2]:95 [3]:364
[0]:44385714 [1]:3908567 [2]:95 [3]:66
[0]:44577964 [1]:3930201 [2]:95 [3]:365
[0]:44778927 [1]:3952823 [2]:95 [3]:355
[0]:45003531 [1]:3978179 [2]:95 [3]:63
[0]:45195988 [1]:3999952 [2]:95 [3]:66
[0]:45393025 [1]:4022189 [2]:95 [3]:346
[0]:45583809 [1]:4043754 [2]:95 [3]:376
