[0]:92419465 [1]:11829827 [2]:105 [3]:364
[0]:92610336 [1]:11873887 [2]:105 [3]:366
[0]:92805088 [1]:11918791 [2]:105 [3]:355
[0]:92996348 [1]:11963013 [2]:105 [3]:361
[0]:93208844 [1]:12012165 [2]:105 [3]:353
[0]:93401957 [1]:12056727 [2]:105 [3]:58
[0]:93589116 [1]:12099932 [2]:105 [3]:356
[0]:93791077 [1]:12146549 [2]:105 [3]:66
[0]:93990068 [1]:12192546 [2]:105 [3]:370
[0]:94187742 [1]:12238323 [2]:105 [3]:366
[0]:94388826 [1]:12284758 [2]:105 [3]:359
[0]:94583451 [1]:12329666 [2]:105 [3]:65
[0]:94773676 [1]:12373716 [2]:105 [3]:367
[0]:94967841 [1]:12418534 [2]:105 [3]:357
[0]:95176780 [1]:12466819 [2]:105 [3]:359
[0]:95378071 [1]:12513394 [2]:105 [3]:365
[0]:95598650 [1]:12564275 [2]:105 [3]:359
[0]:95814485 [1]:12614193 [2]:105 [3]:365
[0]:96024203 [1]:12662640 [2]:105 [3]:363
[0]:96210665 [1]:12705754 [2]:109 [3]:363
[0]:96394094 [1]:12748054 [2]:109 [3]:333
[0]:96590620 [1]:12793513 [2]:109 [3]:60
[0]:96782732 [1]:12837930 [2]:109 [3]:362
[0]:97035096 [1]:12896211 [2]:109 [3]:366
[0]:97226037 [1]:12940303 [2]:109 [3]:363
[0]:97427577 [1]:12986780 [2]:109 [3]:359
[0]:97696285 [1]:13048863 [2]:109 [3]:363
[0]:97888082 [1]:13093150 [2]:109 [3]:360
[0]:98114308 [1]:13145404 [2]:109 [3]:64
[0]:98306757 [1]:13189779 [2]:109 [3]:361
[0]:98509533 [1]:13236655 [2]:109 [3]:55
[0]:98711488 [1]:13283349 [2]:109 [3]:370
[0]:98972661 [1]:13343689 [2]:109 [3]:353
[0]:99166854 [1]:13388553 [2]:109 [3]:58
[0]:99354637 [1]:13431862 [2]:109 [3]:360
[0]:99548585 [1]:13476646 [2]:109 [3]:360
[0]:99747222 [1]:13522553 [2]:109 [3]:364
[0]:99946916 [1]:13568663 [2]:109 [3]:364
[0]:100141038 [1]:13613461 [2]:109 [3]:63
[0]:100331340 [1]:13657465 [2]:109 [3]:358
[0]:100532315 [1]:13703891 [2]:109 [3]:68
[0]:100726963 [1]:13748874 [2]:109 [3]:360
[0]:100924442 [1]:13794509 [2]:109 [3]:363
[0]:101111459 [1]:13837691 [2]:109 [3]:357
[0]:101309273 [1]:13883407 [2]:109 [3]:355
[0]:101536000 [1]:13935774 [2]:109 [3]:58
[0]:101757303 [1]:13986922 [2]:109 [3]:358
[0]:101958751 [1]:14033460 [2]:109 [3]:361
[0]:102164051 [1]:14080813 [2]:109 [3]:361
[0]:102354335 [1]:14124789 [2]:109 [3]:352
[0]:102589765 [1]:14179183 [2]:109 [3]:355
[0]:102791019 [1]:14225791 [2]:109 [3]:370
[0]:103013379 [1]:14277094 [2]:109 [3]:363
[0]:103276483 [1]:14337872 [2]:109 [3]:56
[0]:103477795 [1]:14384377 [2]:109 [3]:357
[0]:103720664 [1]:14440490 [2]:109 [3]:361
[0]:103925741 [1]:14487857 [2]:109 [3]:367
[0]:104108742 [1]:14530146 [2]:109 [3]:354
[0]:104306409 [1]:14575807 [2]:109 [3]:364
[0]:104504254 [1]:14621497 [2]:109 [3]:364
[0]:104705048 [1]:14667986 [2]:109 [3]:358
[0]:104911018 [1]:14715543 [2]:109 [3]:363
[0]:105122436 [1]:14764402 [2]:109 [3]:367
[0]:105313846 [1]:14808683 [2]:109 [3]:364
[0]:105517312 [1]:14855758 [2]:109 [3]:361
[0]:105724665 [1]:14903577 [2]:109 [3]:314
[0]:105970970 [1]:14960534 [2]:109 [3]:359
[0]:106172581 [1]:15007140 [2]:109 [3]:361
[0]:106363251 [1]:15051197 [2]:109 [3]:353
[0]:106556113 [1]:15095744 [2]:109 [3]:359
[0]:106750919 [1]:15140693 [2]:109 [3]:361
[0]:106953438 [1]:15187520 [2]:109 [3]:361
