[0]:172655030 [1]:28494745 [2]:140 [3]:358
[0]:172845550 [1]:28538762 [2]:140 [3]:364
[0]:173039711 [1]:28583556 [2]:140 [3]:361
[0]:173244844 [1]:28631025 [2]:140 [3]:369
[0]:173438842 [1]:28675851 [2]:140 [3]:364
[0]:173636616 [1]:28721576 [2]:140 [3]:365
[0]:173885124 [1]:28778905 [2]:140 [3]:52
[0]:174077146 [1]:28823258 [2]:140 [3]:369
[0]:174297433 [1]:28874161 [2]:140 [3]:365
[0]:174487325 [1]:28918055 [2]:140 [3]:359
[0]:174685266 [1]:28963810 [2]:140 [3]:363
[0]:174883252 [1]:29009523 [2]:140 [3]:364
[0]:175081102 [1]:29055295 [2]:140 [3]:57
[0]:175282692 [1]:29101889 [2]:140 [3]:63
[0]:175502877 [1]:29152763 [2]:140 [3]:352
[0]:175695518 [1]:29197247 [2]:140 [3]:355
[0]:175949657 [1]:29255958 [2]:140 [3]:59
[0]:176144833 [1]:29301098 [2]:140 [3]:366
[0]:176341708 [1]:29346601 [2]:140 [3]:59
[0]:176526463 [1]:29389321 [2]:140 [3]:363
[0]:176730726 [1]:29436448 [2]:140 [3]:364
[0]:176928753 [1]:29482272 [2]:140 [3]:363
[0]:177118975 [1]:29526267 [2]:140 [3]:361
[0]:177316724 [1]:29571972 [2]:140 [3]:356
[0]:177507176 [1]:29615898 [2]:140 [3]:354
[0]:177712317 [1]:29663346 [2]:140 [3]:363
[0]:177904545 [1]:29707747 [2]:140 [3]:364
[0]:178104272 [1]:29753948 [2]:141 [3]:361
[0]:178361750 [1]:29813511 [2]:141 [3]:357
[0]:178544537 [1]:29855688 [2]:141 [3]:364
[0]:178735115 [1]:29899742 [2]:141 [3]:363
[0]:178932991 [1]:29945464 [2]:141 [3]:362
[0]:179142177 [1]:29993802 [2]:141 [3]:355
[0]:179360622 [1]:30044271 [2]:141 [3]:364
[0]:179563437 [1]:30091145 [2]:141 [3]:362
[0]:179791249 [1]:30143832 [2]:141 [3]:361
[0]:180004024 [1]:30193006 [2]:141 [3]:59
[0]:180201843 [1]:30238768 [2]:141 [3]:361
[0]:180392160 [1]:30282756 [2]:141 [3]:359
[0]:180598366 [1]:30330426 [2]:141 [3]:365
[0]:180798737 [1]:30376687 [2]:141 [3]:356
[0]:180996602 [1]:30422424 [2]:141 [3]:356
[0]:181190897 [1]:30467310 [2]:141 [3]:360
[0]:181384951 [1]:30512064 [2]:141 [3]:360
[0]:181579913 [1]:30557129 [2]:141 [3]:362
[0]:181776929 [1]:30602646 [2]:141 [3]:61
[0]:182027928 [1]:30660662 [2]:141 [3]:359
[0]:182224829 [1]:30706054 [2]:141 [3]:364
[0]:182462540 [1]:30760993 [2]:141 [3]:361
[0]:182653947 [1]:30805238 [2]:141 [3]:361
[0]:182858294 [1]:30852496 [2]:141 [3]:362
[0]:183049633 [1]:30896679 [2]:141 [3]:53
[0]:183251125 [1]:30943199 [2]:141 [3]:60
[0]:183448412 [1]:30988821 [2]:141 [3]:357
[0]:183646985 [1]:31034697 [2]:142 [3]:357
[0]:183840910 [1]:31079505 [2]:142 [3]:362
[0]:184031265 [1]:31123475 [2]:142 [3]:60
[0]:184223158 [1]:31167761 [2]:142 [3]:58
[0]:184423211 [1]:31214012 [2]:142 [3]:355
[0]:184617496 [1]:31258939 [2]:142 [3]:364
[0]:184815154 [1]:31304557 [2]:142 [3]:358
[0]:185012889 [1]:31350162 [2]:142 [3]:360
[0]:185218157 [1]:31397604 [2]:142 [3]:358
[0]:185423502 [1]:31445109 [2]:142 [3]:365
[0]:185624554 [1]:31491539 [2]:142 [3]:355
[0]:185891084 [1]:31553125 [2]:142 [3]:60
[0]:186085784 [1]:31598092 [2]:142 [3]:355
[0]:186278164 [1]:31642540 [2]:142 [3]:58
[0]:186467551 [1]:31686283 [2]:142 [3]:363
[0]:186662055 [1]:31731265 [2]:142 [3]:360
[0]:186882915 [1]:31782159 [2]:142 [3]:364
[0]:187077121 [1]:31827012 [2]:142 [3]:364
[0]:187267371 [1]:31871017 [2]:142 [3]:367
[0]:187465130 [1]:31916750 [2]:142 [3]:359
[0]:187667601 [1]:31963553 [2]:142 [3]:356
[0]:187864578 [1]:32009045 [2]:142 [3]:357
[0]:188058820 [1]:32053901 [2]:142 [3]:367
[0]:188252703 [1]:32098695 [2]:142 [3]:367
[0]:188454363 [1]:32145269 [2]:142 [3]:356
[0]:188648349 [1]:32190049 [2]:142 [3]:371
[0]:188838783 [1]:32233972 [2]:142 [3]:352
[0]:189036684 [1]:32279671 [2]:142 [3]:363
[0]:189234470 [1]:32325390 [2]:143 [3]:355
[0]:189431896 [1]:32371033 [2]:143 [3]:61
[0]:189624936 [1]:32415682 [2]:143 [3]:366
[0]:189827264 [1]:32462359 [2]:143 [3]:358
[0]:190029362 [1]:32509085 [2]:143 [3]:360
[0]:190234778 [1]:32556507 [2]:143 [3]:364
[0]:190447391 [1]:32605589 [2]:143 [3]:54
[0]:190641587 [1]:32650362 [2]:143 [3]:361
[0]:190839463 [1]:32696135 [2]:143 [3]:369
[0]:191063298 [1]:32747847 [2]:143 [3]:364
[0]:191254647 [1]:32792051 [2]:143 [3]:364
[0]:191460387 [1]:32839590 [2]:143 [3]:358
[0]:191656957 [1]:32884999 [2]:143 [3]:356
[0]:191847142 [1]:32928967 [2]:143 [3]:356
[0]:192078559 [1]:32982446 [2]:143 [3]:365
[0]:192302571 [1]:33034199 [2]:143 [3]:357
[0]:192515093 [1]:33083210 [2]:143 [3]:352
[0]:192716615 [1]:33129749 [2]:143 [3]:57
[0]:192921781 [1]:33177135 [2]:143 [3]:62
[0]:193134435 [1]:33226283 [2]:143 [3]:359
[0]:193346090 [1]:33275190 [2]:143 [3]:359
[0]:193568009 [1]:33326364 [2]:143 [3]:362
[0]:193769342 [1]:33372859 [2]:143 [3]:360
[0]:193959883 [1]:33416881 [2]:143 [3]:363
[0]:194153221 [1]:33461642 [2]:143 [3]:354
[0]:194353393 [1]:33507799 [2]:143 [3]:359
[0]:194545804 [1]:33552273 [2]:143 [3]:361
[0]:194742847 [1]:33597828 [2]:143 [3]:364
[0]:194941360 [1]:33643709 [2]:144 [3]:359
[0]:195135627 [1]:33688599 [2]:144 [3]:359
[0]:195333379 [1]:33734224 [2]:144 [3]:361
[0]:195526794 [1]:33778875 [2]:144 [3]:362
[0]:195721494 [1]:33823827 [2]:144 [3]:360
[0]:195927365 [1]:33871369 [2]:144 [3]:364
[0]:196115540 [1]:33914841 [2]:144 [3]:356
[0]:196303777 [1]:33958263 [2]:144 [3]:363
[0]:196501524 [1]:34003966 [2]:144 [3]:359
[0]:196706278 [1]:34051279 [2]:144 [3]:56
[0]:196896743 [1]:34095324 [2]:144 [3]:361
[0]:197091113 [1]:34140288 [2]:144 [3]:359
[0]:197280329 [1]:34183900 [2]:144 [3]:357
[0]:197487049 [1]:34231650 [2]:144 [3]:353
[0]:197688491 [1]:34278212 [2]:144 [3]:357
[0]:197890080 [1]:34324837 [2]:144 [3]:364
[0]:198089123 [1]:34370789 [2]:144 [3]:364
[0]:198293082 [1]:34417873 [2]:144 [3]:56
[0]:198491215 [1]:34463725 [2]:144 [3]:361
[0]:198684873 [1]:34508448 [2]:144 [3]:368
[0]:198870448 [1]:34551309 [2]:144 [3]:367
[0]:199069274 [1]:34597227 [2]:144 [3]:367
[0]:199274563 [1]:34644600 [2]:144 [3]:360
[0]:199465354 [1]:34688636 [2]:144 [3]:67
[0]:199663063 [1]:34734308 [2]:144 [3]:362
[0]:199860700 [1]:34779989 [2]:144 [3]:364
[0]:200059619 [1]:34825871 [2]:144 [3]:362
[0]:200297587 [1]:34880854 [2]:144 [3]:365
[0]:200490300 [1]:34925420 [2]:145 [3]:363
[0]:200681711 [1]:34969656 [2]:145 [3]:357
[0]:200874157 [1]:35014070 [2]:145 [3]:361
[0]:200874157 [1]:35014070 [2]:145 [3]:361
[0]:200874157 [1]:35014070 [2]:145 [3]:361
[0]:200874157 [1]:35014070 [2]:145 [3]:361
[0]:200874157 [1]:35014070 [2]:145 [3]:361
[0]:200874157 [1]:35014070 [2]:145 [3]:361
[0]:200874157 [1]:35014070 [2]:145 [3]:361
[0]:200874157 [1]:35014070 [2]:145 [3]:361
[0]:200874157 [1]:35014070 [2]:145 [3]:361
[0]:200874157 [1]:35014070 [2]:145 [3]:361
[0]:200874157 [1]:35014070 [2]:145 [3]:361
[0]:200874157 [1]:35014070 [2]:145 [3]:361
