[0]:852911752 [1]:525619920 [2]:7 [3]:54
[0]:853874700 [1]:526123350 [2]:7 [3]:15
[0]:855029722 [1]:526717144 [2]:7 [3]:16
[0]:856009814 [1]:527216843 [2]:7 [3]:15
[0]:857137346 [1]:527798888 [2]:7 [3]:14
[0]:858635326 [1]:528564314 [2]:7 [3]:50
[0]:859860773 [1]:529195718 [2]:7 [3]:45
[0]:861011243 [1]:529786777 [2]:7 [3]:14
[0]:862058752 [1]:530329561 [2]:7 [3]:50
[0]:863226983 [1]:530925096 [2]:7 [3]:53
[0]:864319157 [1]:531484763 [2]:7 [3]:13
[0]:865402423 [1]:532047084 [2]:7 [3]:50
[0]:866524088 [1]:532620854 [2]:7 [3]:50
[0]:867611498 [1]:533183159 [2]:7 [3]:12
[0]:868813141 [1]:533799867 [2]:7 [3]:12
[0]:869976408 [1]:534402291 [2]:7 [3]:12
[0]:871089537 [1]:534977326 [2]:7 [3]:11
[0]:872178311 [1]:535535380 [2]:7 [3]:19
[0]:873280661 [1]:536101939 [2]:7 [3]:51
[0]:874416287 [1]:536686024 [2]:7 [3]:15
[0]:875526012 [1]:537258066 [2]:7 [3]:12
[0]:876664704 [1]:537843721 [2]:7 [3]:9
[0]:877784849 [1]:538424287 [2]:7 [3]:16
[0]:878911019 [1]:539002420 [2]:7 [3]:14
[0]:879987979 [1]:539559335 [2]:7 [3]:9
[0]:880979544 [1]:540070666 [2]:7 [3]:48
[0]:882008024 [1]:540600208 [2]:7 [3]:11
[0]:883035830 [1]:541129242 [2]:7 [3]:18
[0]:884039763 [1]:541646972 [2]:7 [3]:11
[0]:885054856 [1]:542161527 [2]:7 [3]:55
[0]:886063072 [1]:542677365 [2]:7 [3]:57
[0]:887062962 [1]:543193504 [2]:7 [3]:53
[0]:888051947 [1]:543703374 [2]:7 [3]:13
[0]:889034361 [1]:544211339 [2]:7 [3]:10
[0]:890029817 [1]:544724098 [2]:7 [3]:10
[0]:890973560 [1]:545207330 [2]:7 [3]:57
[0]:891954916 [1]:545710788 [2]:7 [3]:12
[0]:892944057 [1]:546215173 [2]:7 [3]:17
[0]:893929565 [1]:546722782 [2]:7 [3]:54
[0]:895357780 [1]:547456008 [2]:7 [3]:16
[0]:896607372 [1]:548097145 [2]:7 [3]:47
[0]:897814107 [1]:548717178 [2]:7 [3]:48
[0]:898867158 [1]:549256614 [2]:7 [3]:11
[0]:899855490 [1]:549764869 [2]:7 [3]:12
[0]:900836198 [1]:550273442 [2]:7 [3]:54
[0]:901889608 [1]:550816222 [2]:7 [3]:14
[0]:902851866 [1]:551311396 [2]:7 [3]:11
[0]:903872057 [1]:551833164 [2]:7 [3]:14
[0]:904885320 [1]:552354578 [2]:7 [3]:16
[0]:905878040 [1]:552863093 [2]:7 [3]:51
[0]:906879444 [1]:553379303 [2]:7 [3]:17
[0]:907910106 [1]:553912481 [2]:7 [3]:14
[0]:908922515 [1]:554435776 [2]:7 [3]:11
[0]:909974957 [1]:554977584 [2]:7 [3]:16
[0]:910982393 [1]:555498911 [2]:7 [3]:12
[0]:911982844 [1]:556015549 [2]:7 [3]:11
[0]:913081703 [1]:556582116 [2]:7 [3]:14
[0]:914375487 [1]:557249934 [2]:7 [3]:50
[0]:915557088 [1]:557858650 [2]:7 [3]:15
[0]:916794392 [1]:558489512 [2]:7 [3]:52
[0]:917953686 [1]:559083414 [2]:7 [3]:14
[0]:919090917 [1]:559665874 [2]:7 [3]:53
[0]:920215712 [1]:560246548 [2]:7 [3]:56
[0]:921352845 [1]:560832272 [2]:7 [3]:55
[0]:922486504 [1]:561413116 [2]:7 [3]:8
[0]:923587723 [1]:561977232 [2]:7 [3]:19
[0]:924741830 [1]:562569279 [2]:7 [3]:12
[0]:925826949 [1]:563128695 [2]:7 [3]:12
[0]:926901826 [1]:563680155 [2]:7 [3]:19
[0]:927967616 [1]:564220680 [2]:7 [3]:55
[0]:929050372 [1]:564777008 [2]:7 [3]:16
[0]:930329509 [1]:565435575 [2]:7 [3]:52
[0]:931396734 [1]:565984494 [2]:7 [3]:12
[0]:932450098 [1]:566524161 [2]:7 [3]:57
[0]:933548794 [1]:567090237 [2]:7 [3]:13
[0]:934635477 [1]:567650814 [2]:7 [3]:11
[0]:935779477 [1]:568241641 [2]:7 [3]:14
[0]:936792350 [1]:568759302 [2]:7 [3]:13
[0]:938093360 [1]:569427613 [2]:7 [3]:58
[0]:939036627 [1]:569911039 [2]:7 [3]:14
[0]:940042689 [1]:570425843 [2]:7 [3]:13
[0]:941085720 [1]:570959263 [2]:7 [3]:12
[0]:942062096 [1]:571460970 [2]:7 [3]:57
[0]:943089252 [1]:571989757 [2]:7 [3]:12
[0]:944093867 [1]:572504888 [2]:7 [3]:10
[0]:945085416 [1]:573010808 [2]:7 [3]:7
[0]:946053411 [1]:573509740 [2]:7 [3]:51
[0]:947050076 [1]:574021804 [2]:7 [3]:9
[0]:947999052 [1]:574511957 [2]:7 [3]:35
[0]:948978902 [1]:575013699 [2]:7 [3]:48
[0]:949969043 [1]:575521739 [2]:7 [3]:12
[0]:950990294 [1]:576048308 [2]:7 [3]:14
[0]:952211826 [1]:576671280 [2]:7 [3]:15
[0]:953435751 [1]:577301226 [2]:7 [3]:52
[0]:954534123 [1]:577863080 [2]:7 [3]:12
[0]:955569332 [1]:578396007 [2]:7 [3]:11
[0]:956613568 [1]:578930804 [2]:7 [3]:56
[0]:957607301 [1]:579445322 [2]:7 [3]:11
[0]:958574222 [1]:579938641 [2]:7 [3]:12
[0]:959550371 [1]:580440322 [2]:7 [3]:13
[0]:960528093 [1]:580937594 [2]:7 [3]:13
[0]:961541386 [1]:581459749 [2]:7 [3]:8
[0]:962535480 [1]:581972306 [2]:7 [3]:51
[0]:963611510 [1]:582524357 [2]:7 [3]:53
[0]:964599837 [1]:583028572 [2]:7 [3]:36
[0]:965566873 [1]:583522208 [2]:7 [3]:57
[0]:966573698 [1]:584039806 [2]:7 [3]:52
[0]:967554708 [1]:584547178 [2]:7 [3]:14
[0]:968630620 [1]:585099011 [2]:7 [3]:9
[0]:969778675 [1]:585686159 [2]:7 [3]:13
[0]:970979641 [1]:586306567 [2]:7 [3]:8
[0]:972124429 [1]:586895315 [2]:7 [3]:13
[0]:973296101 [1]:587494012 [2]:7 [3]:18
[0]:974461610 [1]:588093852 [2]:7 [3]:16
[0]:975583753 [1]:588671565 [2]:7 [3]:15
[0]:976679777 [1]:589233299 [2]:7 [3]:11
[0]:977829255 [1]:589830119 [2]:7 [3]:11
[0]:978959132 [1]:590406156 [2]:7 [3]:14
[0]:980137688 [1]:591011243 [2]:7 [3]:13
[0]:981335809 [1]:591632170 [2]:7 [3]:16
[0]:982477239 [1]:592222317 [2]:7 [3]:54
[0]:983578418 [1]:592788842 [2]:7 [3]:12
[0]:984679808 [1]:593352191 [2]:7 [3]:62
[0]:985757899 [1]:593904742 [2]:7 [3]:50
[0]:986915171 [1]:594501478 [2]:7 [3]:12
[0]:988349431 [1]:595244715 [2]:7 [3]:12
[0]:989434420 [1]:595801209 [2]:7 [3]:57
[0]:990557880 [1]:596378249 [2]:7 [3]:56
[0]:991655424 [1]:596940236 [2]:7 [3]:52
[0]:992741374 [1]:597499976 [2]:7 [3]:16
[0]:993781976 [1]:598033387 [2]:7 [3]:12
[0]:994820910 [1]:598569369 [2]:7 [3]:14
[0]:995836879 [1]:599089212 [2]:7 [3]:17
[0]:996820617 [1]:599595764 [2]:7 [3]:54
[0]:997860704 [1]:600129999 [2]:7 [3]:57
[0]:998860595 [1]:600644990 [2]:7 [3]:14
[0]:999842120 [1]:601146302 [2]:7 [3]:13
[0]:1000889728 [1]:601683435 [2]:7 [3]:19
[0]:1001873142 [1]:602190120 [2]:7 [3]:11
[0]:1002887159 [1]:602711854 [2]:7 [3]:10
[0]:1003891209 [1]:603226751 [2]:7 [3]:12
[0]:1004821379 [1]:603698937 [2]:7 [3]:16
[0]:1005855607 [1]:604231158 [2]:7 [3]:12
[0]:1006809769 [1]:604725065 [2]:7 [3]:49
[0]:1007868248 [1]:605263733 [2]:7 [3]:55
[0]:1009455293 [1]:606073953 [2]:7 [3]:17
[0]:1010546187 [1]:606634765 [2]:7 [3]:18
[0]:1011606687 [1]:607182190 [2]:7 [3]:13
[0]:1012612061 [1]:607697749 [2]:7 [3]:11
[0]:1013598695 [1]:608202776 [2]:7 [3]:11
[0]:1014639500 [1]:608736867 [2]:7 [3]:37
[0]:1015706861 [1]:609292077 [2]:7 [3]:14
[0]:1016711402 [1]:609809709 [2]:7 [3]:12
[0]:1017728174 [1]:610337000 [2]:7 [3]:12
[0]:1018753704 [1]:610871833 [2]:7 [3]:56
[0]:1019755614 [1]:611390507 [2]:7 [3]:55
[0]:1020746056 [1]:611899745 [2]:7 [3]:53
[0]:1021748670 [1]:612420421 [2]:7 [3]:50
[0]:1022776086 [1]:612952647 [2]:7 [3]:12
[0]:1023722344 [1]:613439943 [2]:7 [3]:58
[0]:1024720461 [1]:613956651 [2]:7 [3]:50
[0]:1025837530 [1]:614536805 [2]:7 [3]:16
[0]:1027062380 [1]:615169094 [2]:7 [3]:21
[0]:1028283084 [1]:615800389 [2]:7 [3]:15
[0]:1029523568 [1]:616439684 [2]:7 [3]:9
[0]:1030703527 [1]:617047775 [2]:7 [3]:11
[0]:1031780019 [1]:617602684 [2]:7 [3]:14
[0]:1032904120 [1]:618178237 [2]:7 [3]:49
[0]:1034013830 [1]:618749129 [2]:7 [3]:11
[0]:1035138017 [1]:619328830 [2]:7 [3]:11
[0]:1036287009 [1]:619920891 [2]:7 [3]:13
[0]:1037418664 [1]:620505921 [2]:7 [3]:47
[0]:1038490722 [1]:621061557 [2]:7 [3]:9
[0]:1039582953 [1]:621619281 [2]:7 [3]:11
[0]:1040654019 [1]:622171168 [2]:7 [3]:14
[0]:1041803288 [1]:622760578 [2]:7 [3]:53
[0]:1042914215 [1]:623329311 [2]:7 [3]:13
[0]:1044049884 [1]:623913008 [2]:7 [3]:17
[0]:1045193293 [1]:624502172 [2]:7 [3]:52
[0]:1046283946 [1]:625063699 [2]:7 [3]:9
[0]:1047447524 [1]:625661111 [2]:7 [3]:53
[0]:1048573169 [1]:626239604 [2]:7 [3]:12
[0]:1049550075 [1]:626742931 [2]:7 [3]:13
[0]:1050573539 [1]:627263115 [2]:7 [3]:17
[0]:1051593463 [1]:627789676 [2]:7 [3]:10
[0]:1052610376 [1]:628313397 [2]:7 [3]:51
[0]:1053620010 [1]:628834404 [2]:7 [3]:12
[0]:1054614692 [1]:629346130 [2]:7 [3]:13
[0]:1055630663 [1]:629867953 [2]:7 [3]:11
[0]:1056647944 [1]:630392318 [2]:7 [3]:13
[0]:1057634108 [1]:630899774 [2]:7 [3]:13
[0]:1058611815 [1]:631403423 [2]:7 [3]:12
[0]:1059589619 [1]:631905699 [2]:7 [3]:15
[0]:1060663273 [1]:632455322 [2]:7 [3]:51
[0]:1061658424 [1]:632972786 [2]:7 [3]:54
[0]:1062688421 [1]:633504627 [2]:7 [3]:12
[0]:1063758859 [1]:634061184 [2]:7 [3]:14
[0]:1065009000 [1]:634704798 [2]:7 [3]:14
[0]:1066547648 [1]:635498109 [2]:7 [3]:47
[0]:1067570712 [1]:636025014 [2]:7 [3]:14
[0]:1068590252 [1]:636553552 [2]:7 [3]:12
[0]:1069598849 [1]:637073064 [2]:7 [3]:12
[0]:1070649178 [1]:637614766 [2]:7 [3]:13
[0]:1071651642 [1]:638132632 [2]:7 [3]:36
[0]:1072699645 [1]:638670753 [2]:7 [3]:53
[0]:1073736959 [1]:639202244 [2]:7 [3]:9
[0]:1074749190 [1]:639722481 [2]:7 [3]:54
[0]:1075757319 [1]:640245417 [2]:7 [3]:10
[0]:1076756488 [1]:640759087 [2]:7 [3]:49
[0]:1077754620 [1]:641272694 [2]:7 [3]:53
[0]:1078792356 [1]:641808614 [2]:7 [3]:11
[0]:1079839000 [1]:642347230 [2]:7 [3]:11
[0]:1080860468 [1]:642871352 [2]:7 [3]:57
[0]:1082319160 [1]:643623901 [2]:7 [3]:51
[0]:1083538057 [1]:644254075 [2]:7 [3]:14
[0]:1084826786 [1]:644916349 [2]:7 [3]:15
[0]:1086131411 [1]:645578692 [2]:7 [3]:5
[0]:1087340858 [1]:646200492 [2]:7 [3]:11
[0]:1088659579 [1]:646878900 [2]:7 [3]:13
[0]:1089810967 [1]:647474429 [2]:7 [3]:50
[0]:1091006622 [1]:648089313 [2]:7 [3]:12
[0]:1092092213 [1]:648647759 [2]:7 [3]:12
[0]:1093177156 [1]:649208844 [2]:7 [3]:18
[0]:1094353304 [1]:649814864 [2]:7 [3]:12
[0]:1095464928 [1]:650388380 [2]:7 [3]:9
[0]:1096623432 [1]:650982895 [2]:7 [3]:52
[0]:1097761236 [1]:651567235 [2]:7 [3]:12
[0]:1098870807 [1]:652134339 [2]:7 [3]:10
[0]:1100009219 [1]:652717682 [2]:7 [3]:12
[0]:1101142579 [1]:653301006 [2]:7 [3]:13
[0]:1102318192 [1]:653903862 [2]:7 [3]:18
[0]:1103415589 [1]:654469780 [2]:7 [3]:11
[0]:1104579556 [1]:655067502 [2]:7 [3]:13
[0]:1105593015 [1]:655590057 [2]:7 [3]:13
[0]:1106577710 [1]:656097182 [2]:7 [3]:13
[0]:1107648911 [1]:656651023 [2]:7 [3]:11
[0]:1108667198 [1]:657173434 [2]:7 [3]:48
[0]:1109718729 [1]:657713472 [2]:7 [3]:13
[0]:1110698708 [1]:658219915 [2]:7 [3]:15
[0]:1111664646 [1]:658723509 [2]:7 [3]:11
[0]:1112660761 [1]:659237010 [2]:7 [3]:51
[0]:1113687613 [1]:659764659 [2]:7 [3]:9
[0]:1114783665 [1]:660332200 [2]:7 [3]:11
[0]:1115814591 [1]:660862211 [2]:7 [3]:51
[0]:1116817631 [1]:661379210 [2]:7 [3]:49
[0]:1117834112 [1]:661902942 [2]:7 [3]:51
[0]:1118786870 [1]:662397322 [2]:7 [3]:9
[0]:1119811491 [1]:662921192 [2]:7 [3]:10
[0]:1121058329 [1]:663567995 [2]:7 [3]:52
[0]:1122247444 [1]:664184235 [2]:7 [3]:48
[0]:1123264288 [1]:664707352 [2]:7 [3]:52
[0]:1124314921 [1]:665252309 [2]:7 [3]:15
[0]:1125284307 [1]:665751165 [2]:7 [3]:38
[0]:1126281607 [1]:666268334 [2]:7 [3]:51
[0]:1127277200 [1]:666781604 [2]:7 [3]:14
[0]:1128268813 [1]:667293636 [2]:7 [3]:17
[0]:1129246264 [1]:667793555 [2]:7 [3]:51
[0]:1130406265 [1]:668394482 [2]:7 [3]:13
[0]:1131426225 [1]:668916649 [2]:7 [3]:13
[0]:1132422904 [1]:669427915 [2]:7 [3]:58
[0]:1133401310 [1]:669933761 [2]:7 [3]:57
[0]:1134371882 [1]:670432735 [2]:7 [3]:10
[0]:1135348191 [1]:670933902 [2]:7 [3]:11
[0]:1136360480 [1]:671456873 [2]:7 [3]:17
[0]:1137417073 [1]:672002948 [2]:7 [3]:50
[0]:1138701662 [1]:672663535 [2]:7 [3]:15
[0]:1139975190 [1]:673321870 [2]:7 [3]:16
[0]:1141146032 [1]:673924012 [2]:7 [3]:50
[0]:1142281928 [1]:674510569 [2]:7 [3]:11
[0]:1143441157 [1]:675110656 [2]:7 [3]:12
[0]:1144623133 [1]:675719639 [2]:7 [3]:10
[0]:1145725095 [1]:676288359 [2]:7 [3]:16
[0]:1146847640 [1]:676870048 [2]:7 [3]:60
[0]:1147984360 [1]:677460081 [2]:7 [3]:18
[0]:1149170047 [1]:678072832 [2]:7 [3]:49
[0]:1150303216 [1]:678658866 [2]:7 [3]:9
[0]:1151430099 [1]:679236127 [2]:7 [3]:50
[0]:1152528857 [1]:679804494 [2]:7 [3]:14
[0]:1153625656 [1]:680371502 [2]:7 [3]:60
[0]:1154706706 [1]:680931736 [2]:7 [3]:13
[0]:1155835212 [1]:681515843 [2]:7 [3]:52
[0]:1156996936 [1]:682113019 [2]:7 [3]:46
[0]:1158126761 [1]:682698318 [2]:7 [3]:8
[0]:1159235131 [1]:683274797 [2]:7 [3]:52
[0]:1160391547 [1]:683869047 [2]:7 [3]:13
[0]:1161412438 [1]:684396338 [2]:7 [3]:48
[0]:1162436632 [1]:684930277 [2]:7 [3]:57
[0]:1163597175 [1]:685534258 [2]:7 [3]:10
[0]:1164539520 [1]:686020729 [2]:7 [3]:14
[0]:1165543124 [1]:686537171 [2]:7 [3]:16
[0]:1166557299 [1]:687065649 [2]:7 [3]:54
[0]:1167531796 [1]:687572774 [2]:7 [3]:46
[0]:1168552696 [1]:688098924 [2]:7 [3]:52
[0]:1169579597 [1]:688625797 [2]:7 [3]:17
[0]:1170630449 [1]:689167168 [2]:7 [3]:12
[0]:1171627357 [1]:689680086 [2]:7 [3]:51
[0]:1172608262 [1]:690187258 [2]:7 [3]:13
[0]:1173781928 [1]:690794538 [2]:7 [3]:58
[0]:1174773128 [1]:691304631 [2]:7 [3]:56
[0]:1175883373 [1]:691877604 [2]:7 [3]:49
[0]:1177042409 [1]:692473288 [2]:7 [3]:49
[0]:1178298343 [1]:693118644 [2]:7 [3]:51
[0]:1179432427 [1]:693709212 [2]:7 [3]:15
[0]:1180456357 [1]:694239864 [2]:7 [3]:9
[0]:1181628534 [1]:694841579 [2]:7 [3]:15
[0]:1182678246 [1]:695382222 [2]:7 [3]:12
[0]:1183708227 [1]:695911521 [2]:7 [3]:51
[0]:1184918301 [1]:696536937 [2]:7 [3]:27
[0]:1185887335 [1]:697041387 [2]:7 [3]:11
[0]:1187026412 [1]:697634224 [2]:7 [3]:14
[0]:1188027749 [1]:698146694 [2]:7 [3]:12
[0]:1189074948 [1]:698691341 [2]:7 [3]:54
[0]:1190070559 [1]:699206515 [2]:7 [3]:11
[0]:1191093728 [1]:699739823 [2]:7 [3]:55
[0]:1192098791 [1]:700258059 [2]:7 [3]:11
[0]:1193053338 [1]:700751444 [2]:7 [3]:10
[0]:1194196430 [1]:701337621 [2]:7 [3]:14
[0]:1195501880 [1]:702007070 [2]:7 [3]:14
[0]:1196831397 [1]:702694803 [2]:7 [3]:50
[0]:1197956759 [1]:703273182 [2]:7 [3]:53
[0]:1199078023 [1]:703850814 [2]:7 [3]:12
[0]:1200208928 [1]:704427322 [2]:7 [3]:50
[0]:1201308666 [1]:704991593 [2]:7 [3]:13
[0]:1202362952 [1]:705535228 [2]:7 [3]:11
[0]:1203446837 [1]:706097055 [2]:7 [3]:17
[0]:1204579131 [1]:706688372 [2]:7 [3]:10
[0]:1205721194 [1]:707279839 [2]:7 [3]:51
[0]:1206856133 [1]:707867511 [2]:7 [3]:12
[0]:1207935609 [1]:708422862 [2]:7 [3]:15
[0]:1209056705 [1]:709000674 [2]:7 [3]:52
[0]:1210216062 [1]:709596700 [2]:7 [3]:17
[0]:1211374956 [1]:710194926 [2]:7 [3]:56
[0]:1212429101 [1]:710743611 [2]:7 [3]:13
[0]:1213587718 [1]:711336336 [2]:7 [3]:16
[0]:1214705620 [1]:711911170 [2]:7 [3]:10
[0]:1215823169 [1]:712487846 [2]:7 [3]:50
[0]:1216943135 [1]:713065305 [2]:7 [3]:13
[0]:1217972737 [1]:713596767 [2]:7 [3]:12
[0]:1219000530 [1]:714132118 [2]:7 [3]:13
[0]:1220017400 [1]:714658968 [2]:7 [3]:53
[0]:1221021428 [1]:715173798 [2]:7 [3]:9
[0]:1222045861 [1]:715703322 [2]:7 [3]:13
[0]:1223059276 [1]:716237070 [2]:7 [3]:11
[0]:1224015832 [1]:716731255 [2]:7 [3]:49
[0]:1225032037 [1]:717252892 [2]:7 [3]:10
[0]:1226012232 [1]:717760919 [2]:7 [3]:54
[0]:1227092051 [1]:718317797 [2]:7 [3]:56
[0]:1228109460 [1]:718843489 [2]:7 [3]:16
[0]:1229165669 [1]:719386585 [2]:7 [3]:16
[0]:1230201592 [1]:719925976 [2]:7 [3]:43
[0]:1231203163 [1]:720443644 [2]:7 [3]:51
[0]:1232299995 [1]:721010522 [2]:7 [3]:8
[0]:1233539370 [1]:721652519 [2]:7 [3]:12
[0]:1234919386 [1]:722367307 [2]:7 [3]:51
[0]:1236245760 [1]:723050013 [2]:7 [3]:46
[0]:1237227758 [1]:723561002 [2]:7 [3]:53
[0]:1238228036 [1]:724077117 [2]:7 [3]:9
[0]:1239448990 [1]:724704200 [2]:7 [3]:14
[0]:1240457777 [1]:725218717 [2]:7 [3]:35
[0]:1240729687 [1]:725360214 [2]:7 [3]:47
[0]:1240729687 [1]:725360214 [2]:7 [3]:47
[0]:1240729687 [1]:725360214 [2]:7 [3]:47
[0]:1240729687 [1]:725360214 [2]:7 [3]:47
[0]:1240729687 [1]:725360214 [2]:7 [3]:47
[0]:1240729687 [1]:725360214 [2]:7 [3]:47
[0]:1240729687 [1]:725360214 [2]:7 [3]:47
[0]:1240729687 [1]:725360214 [2]:7 [3]:47
[0]:1240729687 [1]:725360214 [2]:7 [3]:47
[0]:1240729687 [1]:725360214 [2]:7 [3]:47
