[0]:122580815 [1]:21232738 [2]:148 [3]:367
[0]:122775099 [1]:21277616 [2]:148 [3]:360
[0]:122968394 [1]:21322245 [2]:148 [3]:367
[0]:123160548 [1]:21366610 [2]:148 [3]:362
[0]:123363812 [1]:21413528 [2]:148 [3]:353
[0]:123577640 [1]:21463003 [2]:148 [3]:59
[0]:123811831 [1]:21517135 [2]:148 [3]:369
[0]:124010634 [1]:21563043 [2]:148 [3]:358
[0]:124208431 [1]:21608834 [2]:148 [3]:56
[0]:124424919 [1]:21658862 [2]:148 [3]:363
[0]:124626355 [1]:21705481 [2]:148 [3]:362
[0]:124835626 [1]:21753769 [2]:148 [3]:67
[0]:125033328 [1]:21799473 [2]:148 [3]:59
[0]:125223122 [1]:21843308 [2]:148 [3]:367
[0]:125432545 [1]:21891703 [2]:148 [3]:360
[0]:125645024 [1]:21940813 [2]:148 [3]:352
[0]:125840576 [1]:21985958 [2]:148 [3]:360
[0]:126044641 [1]:22033143 [2]:148 [3]:368
[0]:126238740 [1]:22077996 [2]:148 [3]:362
[0]:126442445 [1]:22125078 [2]:149 [3]:366
[0]:126645891 [1]:22172018 [2]:149 [3]:363
[0]:126837937 [1]:22216407 [2]:149 [3]:358
[0]:127033837 [1]:22261699 [2]:149 [3]:363
[0]:127227509 [1]:22306423 [2]:149 [3]:357
[0]:127429350 [1]:22353022 [2]:149 [3]:357
[0]:127622787 [1]:22397666 [2]:149 [3]:366
[0]:127816764 [1]:22442550 [2]:149 [3]:362
[0]:128021247 [1]:22489819 [2]:149 [3]:356
[0]:128232974 [1]:22538731 [2]:149 [3]:359
[0]:128459556 [1]:22591093 [2]:149 [3]:355
[0]:128657227 [1]:22636663 [2]:149 [3]:63
[0]:128851171 [1]:22681477 [2]:149 [3]:362
[0]:129060491 [1]:22729812 [2]:149 [3]:361
[0]:129273293 [1]:22778966 [2]:150 [3]:361
[0]:129471328 [1]:22824679 [2]:150 [3]:362
[0]:129672603 [1]:22871202 [2]:150 [3]:60
[0]:129870440 [1]:22916957 [2]:150 [3]:366
[0]:130073976 [1]:22963960 [2]:150 [3]:61
[0]:130269851 [1]:23009180 [2]:150 [3]:365
[0]:130519849 [1]:23066920 [2]:150 [3]:365
[0]:130740112 [1]:23117821 [2]:150 [3]:353
[0]:130974372 [1]:23171942 [2]:150 [3]:359
[0]:131169227 [1]:23216965 [2]:150 [3]:356
[0]:131367074 [1]:23262619 [2]:150 [3]:360
[0]:131564362 [1]:23308198 [2]:150 [3]:362
[0]:131762736 [1]:23354038 [2]:150 [3]:355
[0]:132038951 [1]:23417794 [2]:150 [3]:362
[0]:132236676 [1]:23463417 [2]:150 [3]:359
[0]:132438094 [1]:23509999 [2]:150 [3]:358
[0]:132639840 [1]:23556629 [2]:150 [3]:364
[0]:132841218 [1]:23603163 [2]:150 [3]:361
[0]:133039078 [1]:23648822 [2]:150 [3]:361
[0]:133236921 [1]:23694417 [2]:150 [3]:61
[0]:133431303 [1]:23739386 [2]:150 [3]:362
[0]:133626124 [1]:23784423 [2]:150 [3]:359
[0]:133826970 [1]:23830828 [2]:150 [3]:361
[0]:134028335 [1]:23877364 [2]:150 [3]:356
[0]:134233567 [1]:23924772 [2]:150 [3]:361
[0]:134442656 [1]:23973025 [2]:150 [3]:358
[0]:134636782 [1]:24017989 [2]:150 [3]:360
[0]:134856976 [1]:24068875 [2]:150 [3]:57
[0]:135062252 [1]:24116215 [2]:150 [3]:59
[0]:135282358 [1]:24167052 [2]:150 [3]:360
[0]:135528736 [1]:24223953 [2]:150 [3]:362
[0]:135721304 [1]:24268495 [2]:150 [3]:357
[0]:135910830 [1]:24312289 [2]:150 [3]:366
[0]:136107389 [1]:24357599 [2]:150 [3]:358
[0]:136301379 [1]:24402460 [2]:150 [3]:352
[0]:136524774 [1]:24454018 [2]:150 [3]:366
[0]:136752827 [1]:24506712 [2]:150 [3]:361
[0]:136962740 [1]:24555117 [2]:150 [3]:362
[0]:137182353 [1]:24605850 [2]:150 [3]:364
[0]:137373582 [1]:24650042 [2]:150 [3]:364
