[0]:0 [1]:0 [2]:0 [3]:0
[0]:0 [1]:0 [2]:0 [3]:0
[0]:0 [1]:0 [2]:0 [3]:0
[0]:572371 [1]:0 [2]:0 [3]:10
[0]:2610357 [1]:0 [2]:0 [3]:10
[0]:4545778 [1]:0 [2]:0 [3]:12
[0]:6439944 [1]:0 [2]:0 [3]:29
[0]:8273961 [1]:0 [2]:0 [3]:10
[0]:10446614 [1]:0 [2]:0 [3]:12
[0]:12330138 [1]:0 [2]:0 [3]:30
[0]:14258648 [1]:0 [2]:0 [3]:29
[0]:16108817 [1]:0 [2]:0 [3]:10
[0]:18059198 [1]:0 [2]:0 [3]:13
[0]:19962111 [1]:0 [2]:0 [3]:9
[0]:21911424 [1]:0 [2]:0 [3]:7
[0]:23911848 [1]:0 [2]:0 [3]:31
[0]:25788491 [1]:0 [2]:0 [3]:8
[0]:27898284 [1]:0 [2]:0 [3]:13
[0]:29668711 [1]:0 [2]:0 [3]:11
[0]:31286653 [1]:0 [2]:0 [3]:32
[0]:32927128 [1]:0 [2]:0 [3]:30
[0]:34181359 [1]:316563 [2]:7 [3]:8
[0]:35199400 [1]:838074 [2]:7 [3]:54
[0]:36219792 [1]:1358788 [2]:7 [3]:49
[0]:37319523 [1]:1923584 [2]:7 [3]:53
[0]:38393123 [1]:2468216 [2]:7 [3]:9
[0]:39380960 [1]:2974526 [2]:7 [3]:49
[0]:40376061 [1]:3483865 [2]:7 [3]:15
[0]:41344476 [1]:3977191 [2]:7 [3]:12
[0]:42433139 [1]:4532746 [2]:7 [3]:55
[0]:43641016 [1]:5146422 [2]:7 [3]:51
[0]:44847064 [1]:5767859 [2]:7 [3]:54
[0]:45956598 [1]:6334816 [2]:7 [3]:8
[0]:46995041 [1]:6866085 [2]:7 [3]:48
[0]:48013982 [1]:7390649 [2]:7 [3]:19
[0]:49018708 [1]:7904791 [2]:7 [3]:50
[0]:50032117 [1]:8425362 [2]:7 [3]:8
[0]:51028316 [1]:8934725 [2]:7 [3]:13
[0]:52031414 [1]:9450543 [2]:7 [3]:18
[0]:53059830 [1]:9977847 [2]:7 [3]:56
[0]:54085208 [1]:10506678 [2]:7 [3]:52
[0]:55375884 [1]:11166071 [2]:7 [3]:56
[0]:56415800 [1]:11689825 [2]:7 [3]:54
[0]:57479813 [1]:12236984 [2]:7 [3]:12
[0]:58492687 [1]:12759300 [2]:7 [3]:10
[0]:59571610 [1]:13310053 [2]:7 [3]:12
[0]:60856352 [1]:13967167 [2]:7 [3]:50
[0]:62152648 [1]:14629599 [2]:7 [3]:13
[0]:63413240 [1]:15278434 [2]:7 [3]:7
[0]:64665323 [1]:15918980 [2]:7 [3]:16
[0]:65862519 [1]:16533405 [2]:7 [3]:15
[0]:66986783 [1]:17105395 [2]:7 [3]:47
[0]:68102293 [1]:17670968 [2]:7 [3]:51
[0]:69253954 [1]:18264938 [2]:7 [3]:12
[0]:70441725 [1]:18873412 [2]:7 [3]:9
[0]:71629073 [1]:19478929 [2]:7 [3]:10
[0]:72752504 [1]:20056190 [2]:7 [3]:52
[0]:73906417 [1]:20645895 [2]:7 [3]:14
[0]:75035046 [1]:21228129 [2]:7 [3]:13
[0]:76208775 [1]:21829129 [2]:7 [3]:14
[0]:77317178 [1]:22401589 [2]:7 [3]:15
[0]:78496172 [1]:23004349 [2]:7 [3]:12
[0]:79669435 [1]:23600396 [2]:7 [3]:12
[0]:80817554 [1]:24191986 [2]:7 [3]:49
[0]:81941645 [1]:24764665 [2]:7 [3]:49
[0]:83092730 [1]:25357365 [2]:7 [3]:51
[0]:84229809 [1]:25942971 [2]:7 [3]:10
[0]:85303194 [1]:26492483 [2]:7 [3]:12
[0]:86336058 [1]:27022928 [2]:7 [3]:16
[0]:87347453 [1]:27543899 [2]:7 [3]:57
[0]:88362272 [1]:28062974 [2]:7 [3]:58
[0]:89387076 [1]:28590803 [2]:7 [3]:12
[0]:90444797 [1]:29130645 [2]:7 [3]:10
[0]:91480992 [1]:29656020 [2]:7 [3]:51
[0]:92488104 [1]:30168525 [2]:7 [3]:49
[0]:93491080 [1]:30685498 [2]:7 [3]:10
[0]:94516081 [1]:31212842 [2]:7 [3]:18
[0]:95543559 [1]:31743272 [2]:7 [3]:10
[0]:96578399 [1]:32276906 [2]:7 [3]:12
[0]:97609709 [1]:32809112 [2]:7 [3]:12
[0]:98689095 [1]:33361114 [2]:7 [3]:15
[0]:99962735 [1]:34018092 [2]:7 [3]:10
[0]:101249088 [1]:34669442 [2]:7 [3]:55
[0]:102344853 [1]:35232213 [2]:7 [3]:12
[0]:103490154 [1]:35815290 [2]:7 [3]:56
[0]:104524344 [1]:36341349 [2]:7 [3]:9
[0]:105516363 [1]:36850811 [2]:7 [3]:55
[0]:106528719 [1]:37364523 [2]:7 [3]:10
[0]:107543625 [1]:37886894 [2]:7 [3]:49
[0]:108585331 [1]:38416860 [2]:7 [3]:21
[0]:109674590 [1]:38973965 [2]:7 [3]:17
[0]:110757996 [1]:39526306 [2]:7 [3]:13
[0]:111772133 [1]:40047081 [2]:7 [3]:49
[0]:112819390 [1]:40580239 [2]:7 [3]:10
[0]:113889277 [1]:41125158 [2]:7 [3]:56
[0]:114906367 [1]:41650586 [2]:7 [3]:37
[0]:116088621 [1]:42258286 [2]:7 [3]:15
[0]:117287242 [1]:42869874 [2]:7 [3]:20
[0]:118480067 [1]:43485308 [2]:7 [3]:11
[0]:119665955 [1]:44094092 [2]:7 [3]:8
[0]:120776549 [1]:44667975 [2]:7 [3]:56
[0]:121924112 [1]:45252462 [2]:7 [3]:54
[0]:123034558 [1]:45822463 [2]:7 [3]:13
[0]:124303181 [1]:46474145 [2]:7 [3]:11
[0]:125437520 [1]:47057894 [2]:7 [3]:51
[0]:126565265 [1]:47630982 [2]:7 [3]:14
[0]:127756102 [1]:48233478 [2]:7 [3]:57
[0]:128867144 [1]:48802833 [2]:7 [3]:52
[0]:130047237 [1]:49407432 [2]:7 [3]:9
[0]:131149572 [1]:49969023 [2]:7 [3]:12
[0]:132379165 [1]:50603538 [2]:7 [3]:12
[0]:133479710 [1]:51162804 [2]:7 [3]:12
[0]:134662415 [1]:51768749 [2]:7 [3]:17
[0]:135775969 [1]:52344583 [2]:7 [3]:59
[0]:136891182 [1]:52909961 [2]:7 [3]:13
[0]:138012449 [1]:53485131 [2]:7 [3]:11
[0]:139182160 [1]:54083197 [2]:7 [3]:13
[0]:140235648 [1]:54622001 [2]:7 [3]:18
[0]:141431916 [1]:55231122 [2]:7 [3]:16
[0]:142450339 [1]:55751679 [2]:7 [3]:10
[0]:143439139 [1]:56253766 [2]:7 [3]:37
[0]:144485491 [1]:56787575 [2]:7 [3]:15
[0]:145516243 [1]:57313756 [2]:7 [3]:14
[0]:146584414 [1]:57864728 [2]:7 [3]:13
[0]:147606440 [1]:58390543 [2]:7 [3]:54
[0]:148607816 [1]:58903285 [2]:7 [3]:13
[0]:149661107 [1]:59443389 [2]:7 [3]:16
[0]:150807813 [1]:60029427 [2]:7 [3]:21
[0]:151859352 [1]:60566058 [2]:7 [3]:15
[0]:152878082 [1]:61084068 [2]:7 [3]:13
[0]:153942427 [1]:61630860 [2]:7 [3]:14
[0]:154978310 [1]:62158469 [2]:7 [3]:11
[0]:156164227 [1]:62769110 [2]:7 [3]:24
[0]:157443264 [1]:63421283 [2]:7 [3]:12
[0]:158558473 [1]:63994130 [2]:7 [3]:52
[0]:159581451 [1]:64519530 [2]:7 [3]:13
[0]:160602942 [1]:65041277 [2]:7 [3]:50
[0]:161657999 [1]:65584771 [2]:7 [3]:15
[0]:162710540 [1]:66121146 [2]:7 [3]:16
[0]:163711094 [1]:66629347 [2]:7 [3]:13
[0]:164776912 [1]:67171717 [2]:7 [3]:54
[0]:165787744 [1]:67691152 [2]:7 [3]:52
[0]:166901843 [1]:68263871 [2]:7 [3]:12
[0]:167919852 [1]:68785482 [2]:7 [3]:11
[0]:168939697 [1]:69306078 [2]:7 [3]:15
[0]:169955855 [1]:69820700 [2]:7 [3]:14
[0]:170953051 [1]:70329935 [2]:7 [3]:12
