[0]:353541473 [1]:231740674 [2]:7 [3]:52
[0]:354611543 [1]:232303722 [2]:7 [3]:12
[0]:355629029 [1]:232832896 [2]:7 [3]:12
[0]:356621527 [1]:233353445 [2]:7 [3]:13
[0]:357740025 [1]:233936316 [2]:7 [3]:54
[0]:359029471 [1]:234604734 [2]:7 [3]:7
[0]:360291554 [1]:235258750 [2]:7 [3]:11
[0]:361489608 [1]:235884458 [2]:7 [3]:15
[0]:362674536 [1]:236504434 [2]:7 [3]:29
[0]:363781164 [1]:237084364 [2]:7 [3]:17
[0]:364895915 [1]:237668132 [2]:7 [3]:50
[0]:366067192 [1]:238281498 [2]:7 [3]:11
[0]:367198401 [1]:238874776 [2]:7 [3]:13
[0]:368322102 [1]:239466101 [2]:7 [3]:14
[0]:369467106 [1]:240064227 [2]:7 [3]:55
[0]:370597675 [1]:240654066 [2]:7 [3]:15
[0]:371770922 [1]:241265634 [2]:7 [3]:56
[0]:372898020 [1]:241855494 [2]:7 [3]:18
[0]:374027717 [1]:242444525 [2]:6 [3]:17
[0]:375207259 [1]:243057076 [2]:7 [3]:50
[0]:376312437 [1]:243638135 [2]:7 [3]:15
[0]:377466659 [1]:244239939 [2]:7 [3]:56
[0]:378566703 [1]:244819856 [2]:7 [3]:49
[0]:379746188 [1]:245433532 [2]:6 [3]:10
[0]:380850743 [1]:246007017 [2]:7 [3]:31
[0]:381949030 [1]:246582127 [2]:7 [3]:10
[0]:383205723 [1]:247235960 [2]:7 [3]:11
[0]:384207888 [1]:247758807 [2]:7 [3]:39
[0]:385249755 [1]:248303005 [2]:6 [3]:46
[0]:386228434 [1]:248811966 [2]:7 [3]:25
[0]:387268020 [1]:249356587 [2]:6 [3]:50
[0]:388249707 [1]:249866259 [2]:7 [3]:11
[0]:389286183 [1]:250404864 [2]:7 [3]:12
[0]:390302754 [1]:250932052 [2]:7 [3]:16
[0]:391303516 [1]:251454570 [2]:7 [3]:14
[0]:392323491 [1]:251984576 [2]:7 [3]:17
[0]:393312244 [1]:252502509 [2]:7 [3]:14
[0]:394384572 [1]:253058299 [2]:7 [3]:12
[0]:395396708 [1]:253585978 [2]:7 [3]:13
[0]:396430681 [1]:254120800 [2]:7 [3]:9
[0]:397650545 [1]:254757840 [2]:7 [3]:51
[0]:399311704 [1]:255624468 [2]:7 [3]:55
[0]:400380196 [1]:256181198 [2]:7 [3]:12
[0]:401396151 [1]:256713319 [2]:7 [3]:51
[0]:402443277 [1]:257252422 [2]:7 [3]:18
[0]:403440923 [1]:257772797 [2]:7 [3]:53
[0]:404514774 [1]:258333764 [2]:7 [3]:56
[0]:405535944 [1]:258868459 [2]:7 [3]:12
[0]:406565941 [1]:259405664 [2]:7 [3]:49
[0]:407577423 [1]:259928053 [2]:7 [3]:12
[0]:408597923 [1]:260461640 [2]:7 [3]:48
[0]:409620765 [1]:260993796 [2]:7 [3]:14
[0]:410620568 [1]:261512914 [2]:7 [3]:36
[0]:411659990 [1]:262053821 [2]:7 [3]:13
[0]:412664942 [1]:262577950 [2]:7 [3]:11
[0]:413776969 [1]:263154891 [2]:7 [3]:52
[0]:415040997 [1]:263811568 [2]:7 [3]:14
[0]:416278378 [1]:264461147 [2]:7 [3]:55
[0]:417498725 [1]:265093981 [2]:7 [3]:54
[0]:418643146 [1]:265688592 [2]:7 [3]:12
[0]:419771491 [1]:266273567 [2]:7 [3]:54
[0]:420925067 [1]:266877242 [2]:7 [3]:12
[0]:422031699 [1]:267452504 [2]:7 [3]:48
[0]:423207086 [1]:268062338 [2]:7 [3]:15
[0]:424370836 [1]:268674046 [2]:7 [3]:10
[0]:425534013 [1]:269282556 [2]:7 [3]:14
[0]:426665575 [1]:269870990 [2]:7 [3]:57
[0]:427836626 [1]:270481425 [2]:7 [3]:51
[0]:428943875 [1]:271053590 [2]:7 [3]:40
[0]:430058039 [1]:271635795 [2]:7 [3]:11
[0]:431213454 [1]:272234911 [2]:7 [3]:8
[0]:432347666 [1]:272828814 [2]:6 [3]:13
[0]:433495684 [1]:273419976 [2]:7 [3]:16
[0]:434644379 [1]:274020736 [2]:7 [3]:54
[0]:435746764 [1]:274594880 [2]:7 [3]:15
[0]:436806453 [1]:275147983 [2]:7 [3]:54
[0]:437943481 [1]:275736465 [2]:7 [3]:55
[0]:439415426 [1]:276504909 [2]:7 [3]:12
[0]:440385927 [1]:277010541 [2]:7 [3]:13
[0]:441394576 [1]:277535298 [2]:7 [3]:12
[0]:442440323 [1]:278075355 [2]:7 [3]:11
[0]:443701733 [1]:278734198 [2]:7 [3]:13
[0]:444726497 [1]:279270977 [2]:7 [3]:11
[0]:445743690 [1]:279802929 [2]:7 [3]:10
[0]:446789402 [1]:280349837 [2]:6 [3]:55
[0]:447841311 [1]:280900237 [2]:7 [3]:39
[0]:448869291 [1]:281437532 [2]:7 [3]:11
[0]:449907586 [1]:281982894 [2]:7 [3]:12
[0]:451038017 [1]:282574986 [2]:7 [3]:51
[0]:452314427 [1]:283243672 [2]:7 [3]:58
[0]:453490243 [1]:283858264 [2]:7 [3]:17
[0]:454797661 [1]:284537836 [2]:7 [3]:53
[0]:456029528 [1]:285182478 [2]:7 [3]:17
[0]:457082177 [1]:285733608 [2]:7 [3]:13
[0]:458075425 [1]:286251378 [2]:7 [3]:13
[0]:459054413 [1]:286760996 [2]:7 [3]:12
[0]:460258228 [1]:287384559 [2]:7 [3]:12
[0]:461292931 [1]:287920248 [2]:7 [3]:59
[0]:462631835 [1]:288617543 [2]:7 [3]:51
[0]:463707809 [1]:289178442 [2]:7 [3]:37
[0]:464723761 [1]:289713352 [2]:7 [3]:15
[0]:465726122 [1]:290233640 [2]:7 [3]:37
[0]:466740002 [1]:290765238 [2]:7 [3]:14
[0]:467749544 [1]:291292909 [2]:7 [3]:17
[0]:468808113 [1]:291847866 [2]:7 [3]:44
[0]:469847618 [1]:292391198 [2]:7 [3]:48
[0]:471310658 [1]:293146692 [2]:7 [3]:8
[0]:472566719 [1]:293798035 [2]:7 [3]:10
[0]:473676485 [1]:294374810 [2]:6 [3]:54
[0]:474846886 [1]:294985313 [2]:7 [3]:9
[0]:475991646 [1]:295585624 [2]:7 [3]:9
[0]:477102399 [1]:296170664 [2]:7 [3]:12
[0]:478227348 [1]:296763448 [2]:7 [3]:10
[0]:479433756 [1]:297396638 [2]:7 [3]:22
[0]:480615057 [1]:298014280 [2]:7 [3]:17
[0]:481762259 [1]:298615202 [2]:6 [3]:9
[0]:482911456 [1]:299216266 [2]:7 [3]:16
[0]:484018677 [1]:299796112 [2]:6 [3]:49
[0]:485140507 [1]:300386384 [2]:7 [3]:14
[0]:486313113 [1]:300999756 [2]:7 [3]:11
[0]:487443808 [1]:301593197 [2]:7 [3]:49
[0]:488566022 [1]:302179972 [2]:7 [3]:14
[0]:489731961 [1]:302789126 [2]:7 [3]:13
[0]:490872319 [1]:303389589 [2]:7 [3]:10
[0]:492007983 [1]:303981280 [2]:7 [3]:23
[0]:493164640 [1]:304585490 [2]:7 [3]:8
[0]:494257682 [1]:305154285 [2]:7 [3]:16
[0]:495436439 [1]:305772864 [2]:7 [3]:13
[0]:496479425 [1]:306323275 [2]:7 [3]:9
[0]:497854717 [1]:307043156 [2]:7 [3]:55
[0]:498840385 [1]:307555995 [2]:7 [3]:13
[0]:499843846 [1]:308081342 [2]:7 [3]:16
[0]:500897855 [1]:308631713 [2]:7 [3]:36
[0]:501915496 [1]:309160997 [2]:7 [3]:13
[0]:502985409 [1]:309722541 [2]:7 [3]:14
[0]:503988571 [1]:310246372 [2]:7 [3]:52
[0]:504979207 [1]:310767269 [2]:7 [3]:18
[0]:505941546 [1]:311270642 [2]:7 [3]:55
[0]:506975411 [1]:311810144 [2]:7 [3]:49
[0]:507966343 [1]:312333202 [2]:7 [3]:54
[0]:508978524 [1]:312855896 [2]:7 [3]:50
[0]:510167143 [1]:313483926 [2]:7 [3]:11
[0]:511836306 [1]:314353572 [2]:7 [3]:58
[0]:512946715 [1]:314936399 [2]:7 [3]:54
[0]:513987204 [1]:315476519 [2]:7 [3]:53
[0]:515019890 [1]:316019433 [2]:7 [3]:15
[0]:516033570 [1]:316550338 [2]:7 [3]:11
[0]:517070052 [1]:317088954 [2]:7 [3]:8
