[0]:1046216680 [1]:726539899 [2]:7 [3]:16
[0]:1047282964 [1]:727102210 [2]:7 [3]:55
[0]:1048279730 [1]:727624719 [2]:7 [3]:13
[0]:1049472876 [1]:728245749 [2]:7 [3]:54
[0]:1050700878 [1]:728887986 [2]:7 [3]:10
[0]:1051941465 [1]:729535001 [2]:7 [3]:57
[0]:1053018367 [1]:730099494 [2]:7 [3]:15
[0]:1054056210 [1]:730648181 [2]:6 [3]:54
[0]:1055070565 [1]:731179443 [2]:7 [3]:8
[0]:1056067469 [1]:731702968 [2]:7 [3]:50
[0]:1057069825 [1]:732232539 [2]:7 [3]:49
[0]:1058102053 [1]:732770404 [2]:7 [3]:12
[0]:1059128261 [1]:733307828 [2]:7 [3]:11
[0]:1060141896 [1]:733838741 [2]:7 [3]:51
[0]:1061150345 [1]:734366264 [2]:7 [3]:10
[0]:1062155868 [1]:734893802 [2]:7 [3]:57
[0]:1063193943 [1]:735434194 [2]:7 [3]:42
[0]:1064209656 [1]:735969165 [2]:7 [3]:10
[0]:1065223853 [1]:736500927 [2]:6 [3]:12
[0]:1066373801 [1]:737104333 [2]:7 [3]:13
[0]:1067620755 [1]:737759695 [2]:7 [3]:14
[0]:1068876166 [1]:738421595 [2]:7 [3]:14
[0]:1070080779 [1]:739051021 [2]:7 [3]:45
[0]:1071187921 [1]:739633612 [2]:7 [3]:17
[0]:1072346919 [1]:740244523 [2]:7 [3]:53
[0]:1073519291 [1]:740859994 [2]:7 [3]:14
[0]:1074909059 [1]:741587052 [2]:7 [3]:11
[0]:1076037206 [1]:742183115 [2]:7 [3]:11
[0]:1077191860 [1]:742790959 [2]:7 [3]:18
[0]:1078422141 [1]:743435911 [2]:7 [3]:14
[0]:1079615457 [1]:744062438 [2]:7 [3]:17
[0]:1080718233 [1]:744638628 [2]:6 [3]:56
[0]:1081841926 [1]:745229106 [2]:7 [3]:45
[0]:1082987328 [1]:745831280 [2]:7 [3]:54
[0]:1084113261 [1]:746422916 [2]:6 [3]:18
[0]:1085268125 [1]:747033904 [2]:7 [3]:11
[0]:1086441795 [1]:747648636 [2]:7 [3]:9
[0]:1087573826 [1]:748244923 [2]:7 [3]:15
[0]:1088704967 [1]:748839251 [2]:6 [3]:10
[0]:1089810834 [1]:749416500 [2]:7 [3]:11
[0]:1091056945 [1]:750068853 [2]:6 [3]:37
[0]:1092086831 [1]:750606654 [2]:7 [3]:55
[0]:1093128632 [1]:751149483 [2]:7 [3]:58
[0]:1094129132 [1]:751673247 [2]:7 [3]:11
[0]:1095145535 [1]:752209189 [2]:7 [3]:55
[0]:1096112975 [1]:752719105 [2]:7 [3]:18
[0]:1097138153 [1]:753256430 [2]:7 [3]:14
[0]:1098139148 [1]:753783694 [2]:7 [3]:29
[0]:1099155692 [1]:754321686 [2]:7 [3]:9
[0]:1100096134 [1]:754815285 [2]:7 [3]:14
[0]:1101089453 [1]:755338003 [2]:7 [3]:16
[0]:1102088941 [1]:755867332 [2]:7 [3]:15
[0]:1103133804 [1]:756412367 [2]:6 [3]:52
[0]:1104158566 [1]:756952687 [2]:7 [3]:13
[0]:1105241444 [1]:757522989 [2]:7 [3]:51
[0]:1106516801 [1]:758194934 [2]:7 [3]:53
[0]:1107690467 [1]:758808668 [2]:7 [3]:52
[0]:1108703079 [1]:759342357 [2]:7 [3]:15
[0]:1109759437 [1]:759902058 [2]:7 [3]:12
[0]:1110756661 [1]:760423867 [2]:6 [3]:30
[0]:1111778299 [1]:760962500 [2]:7 [3]:18
[0]:1112818097 [1]:761506576 [2]:7 [3]:50
[0]:1113854667 [1]:762049250 [2]:7 [3]:14
[0]:1114885021 [1]:762590308 [2]:7 [3]:10
[0]:1115919389 [1]:763129296 [2]:7 [3]:58
[0]:1116929123 [1]:763661148 [2]:7 [3]:50
[0]:1117978315 [1]:764211302 [2]:7 [3]:39
[0]:1119055734 [1]:764777165 [2]:7 [3]:10
[0]:1120029735 [1]:765287316 [2]:7 [3]:10
[0]:1121031902 [1]:765815005 [2]:7 [3]:16
[0]:1122070535 [1]:766358866 [2]:7 [3]:17
[0]:1123332727 [1]:767023262 [2]:7 [3]:10
[0]:1124576497 [1]:767672277 [2]:7 [3]:15
[0]:1125789658 [1]:768307423 [2]:7 [3]:17
[0]:1126996233 [1]:768944829 [2]:7 [3]:12
[0]:1128169803 [1]:769561946 [2]:7 [3]:54
[0]:1129349703 [1]:770185183 [2]:7 [3]:16
[0]:1130561495 [1]:770826386 [2]:7 [3]:53
[0]:1131724206 [1]:771433401 [2]:7 [3]:48
[0]:1132988565 [1]:772099745 [2]:7 [3]:11
[0]:1134109353 [1]:772686281 [2]:7 [3]:48
[0]:1135245514 [1]:773282951 [2]:7 [3]:11
[0]:1136366097 [1]:773868662 [2]:7 [3]:35
[0]:1137516102 [1]:774471659 [2]:7 [3]:15
[0]:1138659818 [1]:775065379 [2]:7 [3]:10
[0]:1139839148 [1]:775687803 [2]:7 [3]:14
[0]:1141013365 [1]:776306775 [2]:7 [3]:12
[0]:1142156270 [1]:776917698 [2]:7 [3]:12
[0]:1143269766 [1]:777502108 [2]:7 [3]:64
[0]:1144475284 [1]:778139653 [2]:7 [3]:13
[0]:1145908431 [1]:778893178 [2]:7 [3]:51
[0]:1147012989 [1]:779475156 [2]:7 [3]:11
[0]:1148061125 [1]:780020377 [2]:6 [3]:10
[0]:1149077717 [1]:780556201 [2]:7 [3]:12
[0]:1150090639 [1]:781084673 [2]:7 [3]:13
[0]:1151014301 [1]:781575074 [2]:7 [3]:11
[0]:1152035489 [1]:782109560 [2]:7 [3]:50
[0]:1153051565 [1]:782640762 [2]:7 [3]:59
[0]:1154066049 [1]:783172805 [2]:7 [3]:12
[0]:1155070613 [1]:783699255 [2]:7 [3]:11
[0]:1156072410 [1]:784226412 [2]:7 [3]:19
[0]:1157095362 [1]:784765105 [2]:7 [3]:9
[0]:1158117480 [1]:785306623 [2]:7 [3]:11
[0]:1159195823 [1]:785875649 [2]:6 [3]:13
[0]:1160216897 [1]:786410197 [2]:7 [3]:55
[0]:1161282617 [1]:786969795 [2]:7 [3]:55
[0]:1162457512 [1]:787587528 [2]:7 [3]:37
[0]:1163711772 [1]:788246558 [2]:7 [3]:20
[0]:1164855016 [1]:788845803 [2]:7 [3]:9
[0]:1165925325 [1]:789405578 [2]:7 [3]:10
[0]:1167027250 [1]:789981908 [2]:7 [3]:48
[0]:1168052753 [1]:790519344 [2]:7 [3]:10
[0]:1169057241 [1]:791046395 [2]:7 [3]:14
[0]:1170120762 [1]:791609344 [2]:6 [3]:52
[0]:1171169274 [1]:792159781 [2]:7 [3]:51
[0]:1172194577 [1]:792695813 [2]:7 [3]:58
[0]:1173205194 [1]:793220693 [2]:7 [3]:14
[0]:1174180683 [1]:793737853 [2]:7 [3]:52
[0]:1175231509 [1]:794293118 [2]:7 [3]:46
[0]:1176259286 [1]:794832058 [2]:7 [3]:16
[0]:1177266334 [1]:795360588 [2]:7 [3]:52
[0]:1178368214 [1]:795937988 [2]:7 [3]:9
[0]:1179573913 [1]:796576832 [2]:7 [3]:51
[0]:1180839279 [1]:797237944 [2]:7 [3]:13
[0]:1182032914 [1]:797866149 [2]:7 [3]:11
[0]:1183153647 [1]:798454362 [2]:7 [3]:12
[0]:1184307793 [1]:799066409 [2]:7 [3]:13
[0]:1185453374 [1]:799665523 [2]:7 [3]:15
[0]:1186596934 [1]:800265137 [2]:6 [3]:13
[0]:1187694254 [1]:800841844 [2]:7 [3]:12
[0]:1188822601 [1]:801430674 [2]:6 [3]:56
[0]:1189975482 [1]:802034624 [2]:7 [3]:49
[0]:1191154674 [1]:802655725 [2]:7 [3]:49
[0]:1192312240 [1]:803260790 [2]:7 [3]:17
[0]:1193432798 [1]:803846843 [2]:7 [3]:12
[0]:1194578764 [1]:804450002 [2]:7 [3]:12
[0]:1195731911 [1]:805051702 [2]:7 [3]:28
[0]:1197131734 [1]:805788066 [2]:6 [3]:53
[0]:1198236958 [1]:806370119 [2]:7 [3]:10
[0]:1199383538 [1]:806975560 [2]:6 [3]:14
[0]:1200536537 [1]:807579992 [2]:6 [3]:54
[0]:1201866414 [1]:808276658 [2]:7 [3]:12
[0]:1203081018 [1]:808918427 [2]:7 [3]:11
[0]:1204097265 [1]:809454942 [2]:7 [3]:50
[0]:1205098313 [1]:809982529 [2]:7 [3]:9
[0]:1206289663 [1]:810608364 [2]:7 [3]:9
[0]:1207428425 [1]:811203305 [2]:7 [3]:49
[0]:1208507958 [1]:811770375 [2]:7 [3]:11
[0]:1209534022 [1]:812307518 [2]:7 [3]:15
[0]:1210587972 [1]:812853801 [2]:7 [3]:8
[0]:1211705324 [1]:813442799 [2]:7 [3]:20
[0]:1212699032 [1]:813964477 [2]:7 [3]:13
[0]:1213716477 [1]:814494874 [2]:7 [3]:15
[0]:1214556745 [1]:814938548 [2]:7 [3]:49
[0]:1214556745 [1]:814938548 [2]:7 [3]:49
[0]:1214556745 [1]:814938548 [2]:7 [3]:49
[0]:1214556745 [1]:814938548 [2]:7 [3]:49
[0]:1214556745 [1]:814938548 [2]:7 [3]:49
[0]:1214556745 [1]:814938548 [2]:7 [3]:49
[0]:1214556745 [1]:814938548 [2]:7 [3]:49
[0]:1214556745 [1]:814938548 [2]:7 [3]:49
[0]:1214556745 [1]:814938548 [2]:7 [3]:49
[0]:1214556745 [1]:814938548 [2]:7 [3]:49
[0]:1214556745 [1]:814938548 [2]:7 [3]:49
