[0]:160916867 [1]:20601360 [2]:100 [3]:356
[0]:161120366 [1]:20636245 [2]:100 [3]:56
[0]:161321092 [1]:20670649 [2]:100 [3]:364
[0]:161544104 [1]:20708856 [2]:100 [3]:351
[0]:161735749 [1]:20741780 [2]:100 [3]:62
[0]:161986289 [1]:20784743 [2]:103 [3]:52
[0]:162180460 [1]:20818169 [2]:103 [3]:363
[0]:162382734 [1]:20852904 [2]:103 [3]:364
[0]:162591769 [1]:20888709 [2]:103 [3]:68
[0]:162793155 [1]:20923269 [2]:103 [3]:74
[0]:163006574 [1]:20959984 [2]:103 [3]:68
[0]:163264644 [1]:21004310 [2]:103 [3]:360
[0]:163458853 [1]:21037559 [2]:103 [3]:354
[0]:163652600 [1]:21070802 [2]:103 [3]:364
[0]:163843626 [1]:21103679 [2]:103 [3]:77
[0]:164048253 [1]:21138815 [2]:106 [3]:369
[0]:164246739 [1]:21172845 [2]:106 [3]:368
[0]:164441675 [1]:21206238 [2]:106 [3]:357
[0]:164639821 [1]:21240190 [2]:106 [3]:67
[0]:164830883 [1]:21272932 [2]:106 [3]:357
[0]:165040545 [1]:21308960 [2]:106 [3]:360
[0]:165235585 [1]:21342422 [2]:106 [3]:60
[0]:165431900 [1]:21376055 [2]:106 [3]:64
[0]:165630220 [1]:21410071 [2]:106 [3]:56
[0]:165835764 [1]:21445356 [2]:106 [3]:69
[0]:166030063 [1]:21478714 [2]:107 [3]:65
[0]:166231307 [1]:21513170 [2]:107 [3]:68
[0]:166430278 [1]:21547260 [2]:107 [3]:356
[0]:166627458 [1]:21581083 [2]:107 [3]:350
[0]:166833754 [1]:21616509 [2]:107 [3]:354
[0]:167031828 [1]:21650475 [2]:107 [3]:364
[0]:167301123 [1]:21696590 [2]:107 [3]:56
[0]:167495360 [1]:21729926 [2]:107 [3]:68
[0]:167695487 [1]:21764322 [2]:107 [3]:72
[0]:167919261 [1]:21802729 [2]:107 [3]:357
[0]:168121002 [1]:21837365 [2]:107 [3]:366
[0]:168324986 [1]:21872403 [2]:107 [3]:362
[0]:168524497 [1]:21906583 [2]:107 [3]:360
[0]:168724781 [1]:21941055 [2]:107 [3]:58
[0]:168922746 [1]:21975146 [2]:107 [3]:61
[0]:169128420 [1]:22010385 [2]:107 [3]:362
[0]:169329355 [1]:22044851 [2]:107 [3]:360
[0]:169524555 [1]:22078365 [2]:107 [3]:361
[0]:169729564 [1]:22113469 [2]:107 [3]:356
[0]:169932008 [1]:22148249 [2]:107 [3]:363
[0]:170133874 [1]:22182867 [2]:107 [3]:364
[0]:170331177 [1]:22216706 [2]:107 [3]:363
[0]:170592416 [1]:22261571 [2]:107 [3]:359
[0]:170799032 [1]:22296924 [2]:107 [3]:62
[0]:170989491 [1]:22329564 [2]:107 [3]:369
[0]:171195340 [1]:22364908 [2]:107 [3]:356
[0]:171404256 [1]:22400760 [2]:107 [3]:359
[0]:171602518 [1]:22434832 [2]:107 [3]:366
[0]:171788510 [1]:22466672 [2]:107 [3]:357
[0]:172017611 [1]:22505989 [2]:107 [3]:359
[0]:172295137 [1]:22553621 [2]:107 [3]:63
[0]:172495782 [1]:22588093 [2]:107 [3]:350
[0]:172704906 [1]:22623957 [2]:107 [3]:367
[0]:172918131 [1]:22660440 [2]:107 [3]:362
[0]:173116344 [1]:22694486 [2]:107 [3]:360
[0]:173314438 [1]:22728494 [2]:107 [3]:368
[0]:173507727 [1]:22761694 [2]:107 [3]:358
[0]:173706957 [1]:22795776 [2]:107 [3]:360
[0]:173908522 [1]:22830325 [2]:107 [3]:63
[0]:174099614 [1]:22863124 [2]:107 [3]:62
[0]:174290030 [1]:22895803 [2]:107 [3]:353
[0]:174480500 [1]:22928532 [2]:107 [3]:360
[0]:174678611 [1]:22962538 [2]:107 [3]:64
[0]:174879975 [1]:22997134 [2]:107 [3]:58
[0]:175080339 [1]:23031461 [2]:107 [3]:358
[0]:175280346 [1]:23065820 [2]:107 [3]:360
[0]:175485182 [1]:23101079 [2]:107 [3]:366
[0]:175683875 [1]:23135183 [2]:107 [3]:67
[0]:175877390 [1]:23168309 [2]:107 [3]:364
[0]:176083744 [1]:23203802 [2]:107 [3]:368
[0]:176281768 [1]:23237799 [2]:107 [3]:66
[0]:176476813 [1]:23271352 [2]:107 [3]:66
[0]:176674254 [1]:23305212 [2]:107 [3]:358
[0]:176883596 [1]:23341117 [2]:107 [3]:62
[0]:177092756 [1]:23376987 [2]:107 [3]:362
[0]:177309584 [1]:23414272 [2]:107 [3]:69
[0]:177507530 [1]:23448229 [2]:107 [3]:70
[0]:177713126 [1]:23483588 [2]:107 [3]:359
[0]:177939214 [1]:23522458 [2]:107 [3]:364
[0]:178146551 [1]:23558026 [2]:107 [3]:63
[0]:178349956 [1]:23592813 [2]:107 [3]:368
[0]:178572673 [1]:23630986 [2]:107 [3]:355
[0]:178793413 [1]:23668867 [2]:107 [3]:357
[0]:179012777 [1]:23706525 [2]:107 [3]:360
[0]:179220132 [1]:23742221 [2]:107 [3]:363
[0]:179421086 [1]:23776558 [2]:107 [3]:69
[0]:179623004 [1]:23811251 [2]:107 [3]:364
[0]:179843465 [1]:23849030 [2]:107 [3]:47
[0]:180057499 [1]:23885869 [2]:107 [3]:78
[0]:180254741 [1]:23919602 [2]:107 [3]:76
[0]:180493856 [1]:23960630 [2]:107 [3]:68
[0]:180691859 [1]:23994689 [2]:107 [3]:67
[0]:180893735 [1]:24029286 [2]:107 [3]:363
[0]:181099335 [1]:24064501 [2]:107 [3]:369
[0]:181312445 [1]:24100873 [2]:107 [3]:367
[0]:181510448 [1]:24134875 [2]:107 [3]:367
[0]:181704855 [1]:24168274 [2]:107 [3]:362
[0]:181906365 [1]:24202848 [2]:107 [3]:368
[0]:182123486 [1]:24240031 [2]:107 [3]:359
[0]:182336354 [1]:24276506 [2]:107 [3]:365
[0]:182534667 [1]:24310532 [2]:107 [3]:63
[0]:182736542 [1]:24345084 [2]:107 [3]:367
[0]:182942029 [1]:24380332 [2]:107 [3]:60
[0]:183132778 [1]:24413022 [2]:107 [3]:54
[0]:183332541 [1]:24447312 [2]:107 [3]:363
[0]:183536429 [1]:24482250 [2]:107 [3]:62
[0]:183755999 [1]:24519987 [2]:107 [3]:61
[0]:183952017 [1]:24553688 [2]:107 [3]:360
[0]:184149403 [1]:24587456 [2]:107 [3]:54
[0]:184366124 [1]:24624610 [2]:107 [3]:66
[0]:184571692 [1]:24659994 [2]:107 [3]:60
[0]:184769779 [1]:24694031 [2]:107 [3]:361
[0]:184962741 [1]:24727043 [2]:107 [3]:367
[0]:185202908 [1]:24768198 [2]:107 [3]:359
[0]:185434888 [1]:24808006 [2]:107 [3]:361
[0]:185636056 [1]:24842437 [2]:107 [3]:366
[0]:185827971 [1]:24875342 [2]:107 [3]:366
[0]:186024930 [1]:24909219 [2]:107 [3]:368
[0]:186238516 [1]:24945808 [2]:107 [3]:365
[0]:186440518 [1]:24980500 [2]:107 [3]:72
[0]:186634848 [1]:25013846 [2]:107 [3]:361
[0]:186891650 [1]:25057900 [2]:107 [3]:359
[0]:187092620 [1]:25092416 [2]:107 [3]:62
[0]:187292270 [1]:25126752 [2]:107 [3]:66
[0]:187532559 [1]:25167865 [2]:107 [3]:62
[0]:187737226 [1]:25202930 [2]:107 [3]:363
[0]:187961158 [1]:25241256 [2]:107 [3]:358
[0]:188156632 [1]:25274763 [2]:107 [3]:64
[0]:188350050 [1]:25307989 [2]:107 [3]:370
[0]:188552238 [1]:25342746 [2]:107 [3]:58
[0]:188769054 [1]:25379947 [2]:107 [3]:359
[0]:188982110 [1]:25416448 [2]:107 [3]:71
[0]:189183978 [1]:25451141 [2]:107 [3]:355
[0]:189389464 [1]:25486353 [2]:107 [3]:363
[0]:189579990 [1]:25519024 [2]:107 [3]:62
[0]:189783925 [1]:25554104 [2]:107 [3]:368
[0]:190013477 [1]:25593499 [2]:107 [3]:357
[0]:190225466 [1]:25629847 [2]:107 [3]:363
[0]:190423701 [1]:25664030 [2]:107 [3]:359
[0]:190615795 [1]:25697002 [2]:107 [3]:359
[0]:190809427 [1]:25730246 [2]:107 [3]:358
[0]:191026592 [1]:25767533 [2]:107 [3]:365
[0]:191219701 [1]:25800708 [2]:107 [3]:66
[0]:191422255 [1]:25835533 [2]:107 [3]:52
[0]:191622300 [1]:25869725 [2]:107 [3]:369
[0]:191814765 [1]:25902806 [2]:107 [3]:361
[0]:192023973 [1]:25938696 [2]:107 [3]:365
[0]:192218368 [1]:25972024 [2]:107 [3]:59
[0]:192416570 [1]:26005996 [2]:107 [3]:61
[0]:192614733 [1]:26040011 [2]:107 [3]:363
[0]:192808901 [1]:26073328 [2]:107 [3]:361
[0]:193010919 [1]:26108055 [2]:107 [3]:63
[0]:193219966 [1]:26143980 [2]:107 [3]:57
[0]:193422753 [1]:26178746 [2]:107 [3]:366
[0]:193619725 [1]:26212515 [2]:107 [3]:61
[0]:193821362 [1]:26247039 [2]:107 [3]:357
[0]:194022282 [1]:26281530 [2]:107 [3]:66
[0]:194251649 [1]:26320852 [2]:107 [3]:362
[0]:194444527 [1]:26353909 [2]:107 [3]:363
[0]:194644125 [1]:26388246 [2]:107 [3]:356
[0]:194845766 [1]:26422842 [2]:107 [3]:367
[0]:195044272 [1]:26456871 [2]:107 [3]:57
[0]:195249407 [1]:26492045 [2]:107 [3]:368
[0]:195450196 [1]:26526683 [2]:107 [3]:65
[0]:195667904 [1]:26564150 [2]:107 [3]:364
[0]:195869712 [1]:26598760 [2]:107 [3]:63
[0]:196064144 [1]:26632157 [2]:107 [3]:361
[0]:196257357 [1]:26665355 [2]:107 [3]:362
[0]:196459986 [1]:26700135 [2]:107 [3]:58
[0]:196657514 [1]:26734043 [2]:107 [3]:353
[0]:196856300 [1]:26768216 [2]:107 [3]:51
[0]:197054397 [1]:26802170 [2]:107 [3]:356
[0]:197249054 [1]:26835488 [2]:107 [3]:349
[0]:197488910 [1]:26876765 [2]:107 [3]:63
[0]:197693409 [1]:26911856 [2]:107 [3]:361
[0]:197895327 [1]:26946493 [2]:107 [3]:356
[0]:198090205 [1]:26979895 [2]:107 [3]:72
[0]:198298975 [1]:27015646 [2]:107 [3]:360
[0]:198502237 [1]:27050545 [2]:107 [3]:363
[0]:198695292 [1]:27083619 [2]:107 [3]:358
[0]:198889440 [1]:27116945 [2]:107 [3]:360
[0]:199091479 [1]:27151636 [2]:107 [3]:365
[0]:199285579 [1]:27185019 [2]:107 [3]:80
[0]:199483009 [1]:27218851 [2]:107 [3]:366
[0]:199685592 [1]:27253671 [2]:107 [3]:362
[0]:199891050 [1]:27288919 [2]:107 [3]:64
[0]:200098751 [1]:27324482 [2]:107 [3]:361
[0]:200296393 [1]:27358376 [2]:107 [3]:361
[0]:200489247 [1]:27391440 [2]:107 [3]:361
[0]:200610094 [1]:27412181 [2]:107 [3]:361
[0]:200610094 [1]:27412181 [2]:107 [3]:361
[0]:200610094 [1]:27412181 [2]:107 [3]:361
[0]:200610094 [1]:27412181 [2]:107 [3]:361
[0]:200610094 [1]:27412181 [2]:107 [3]:361
[0]:200610094 [1]:27412181 [2]:107 [3]:361
[0]:200610094 [1]:27412181 [2]:107 [3]:361
[0]:200610094 [1]:27412181 [2]:107 [3]:361
[0]:200610094 [1]:27412181 [2]:107 [3]:361
[0]:200610094 [1]:27412181 [2]:107 [3]:361
[0]:200610094 [1]:27412181 [2]:107 [3]:361
[0]:200610094 [1]:27412181 [2]:107 [3]:361
