[0]:0 [1]:0 [2]:0 [3]:0
[0]:0 [1]:0 [2]:0 [3]:0
[0]:203002 [1]:0 [2]:0 [3]:60
[0]:432732 [1]:0 [2]:0 [3]:57
[0]:660749 [1]:0 [2]:0 [3]:320
[0]:904407 [1]:0 [2]:0 [3]:67
[0]:1121637 [1]:7381 [2]:121 [3]:65
[0]:1337549 [1]:29295 [2]:121 [3]:364
[0]:1535700 [1]:49310 [2]:121 [3]:358
[0]:1734021 [1]:69257 [2]:121 [3]:62
[0]:1939784 [1]:90007 [2]:121 [3]:359
[0]:2152471 [1]:111633 [2]:121 [3]:62
[0]:2350991 [1]:131695 [2]:121 [3]:73
[0]:2594060 [1]:156325 [2]:121 [3]:360
[0]:2821353 [1]:179357 [2]:77 [3]:362
[0]:3020215 [1]:199484 [2]:77 [3]:49
[0]:3221112 [1]:219748 [2]:77 [3]:75
[0]:3413889 [1]:239238 [2]:77 [3]:359
[0]:3603494 [1]:258437 [2]:77 [3]:66
[0]:3800468 [1]:278266 [2]:77 [3]:354
[0]:4022247 [1]:300707 [2]:77 [3]:354
[0]:4278137 [1]:326670 [2]:73 [3]:60
[0]:4478350 [1]:346907 [2]:73 [3]:60
[0]:4691651 [1]:368549 [2]:73 [3]:361
[0]:4894827 [1]:389146 [2]:73 [3]:372
[0]:5094177 [1]:409368 [2]:73 [3]:56
[0]:5308379 [1]:431020 [2]:73 [3]:67
[0]:5507184 [1]:451118 [2]:73 [3]:357
[0]:5704484 [1]:471083 [2]:73 [3]:57
[0]:5914167 [1]:492197 [2]:72 [3]:70
[0]:6121463 [1]:513173 [2]:72 [3]:352
[0]:6313291 [1]:532505 [2]:72 [3]:62
[0]:6508252 [1]:552525 [2]:72 [3]:73
[0]:6713871 [1]:573393 [2]:72 [3]:57
[0]:6915422 [1]:593958 [2]:72 [3]:360
[0]:7109687 [1]:613673 [2]:72 [3]:358
[0]:7321843 [1]:635285 [2]:73 [3]:367
[0]:7520489 [1]:655313 [2]:73 [3]:58
[0]:7719121 [1]:675320 [2]:73 [3]:364
[0]:7917212 [1]:695376 [2]:73 [3]:65
[0]:8121827 [1]:716158 [2]:73 [3]:62
[0]:8343289 [1]:738641 [2]:73 [3]:81
[0]:8536527 [1]:758354 [2]:73 [3]:369
[0]:8737711 [1]:778824 [2]:73 [3]:366
[0]:8928273 [1]:798038 [2]:73 [3]:67
[0]:9120595 [1]:817527 [2]:73 [3]:58
[0]:9333718 [1]:839164 [2]:73 [3]:60
[0]:9545301 [1]:860486 [2]:73 [3]:46
[0]:9751589 [1]:881278 [2]:73 [3]:369
[0]:9944746 [1]:900770 [2]:73 [3]:64
[0]:10145083 [1]:921038 [2]:73 [3]:352
[0]:10348360 [1]:941569 [2]:73 [3]:366
[0]:10541381 [1]:961129 [2]:72 [3]:69
[0]:10738933 [1]:981174 [2]:72 [3]:63
[0]:10941230 [1]:1001609 [2]:72 [3]:60
[0]:11132152 [1]:1020857 [2]:72 [3]:62
[0]:11352499 [1]:1043171 [2]:72 [3]:361
[0]:11549749 [1]:1063296 [2]:72 [3]:356
[0]:11764524 [1]:1085013 [2]:72 [3]:364
[0]:11977251 [1]:1106339 [2]:73 [3]:57
[0]:12195397 [1]:1128426 [2]:73 [3]:374
[0]:12393070 [1]:1148543 [2]:73 [3]:60
[0]:12586260 [1]:1168099 [2]:73 [3]:80
[0]:12851270 [1]:1194820 [2]:73 [3]:65
[0]:13049963 [1]:1215046 [2]:73 [3]:56
[0]:13261631 [1]:1236731 [2]:73 [3]:84
[0]:13460574 [1]:1257040 [2]:73 [3]:74
[0]:13650562 [1]:1284946 [2]:73 [3]:75
[0]:13844490 [1]:1314982 [2]:73 [3]:360
[0]:14038398 [1]:1344880 [2]:73 [3]:366
[0]:14232374 [1]:1374846 [2]:73 [3]:358
[0]:14432365 [1]:1405666 [2]:73 [3]:364
[0]:14623970 [1]:1435300 [2]:73 [3]:365
[0]:14821848 [1]:1465753 [2]:73 [3]:57
[0]:15018454 [1]:1496086 [2]:73 [3]:354
[0]:15217411 [1]:1526837 [2]:73 [3]:54
[0]:15421151 [1]:1558327 [2]:73 [3]:371
[0]:15629953 [1]:1590603 [2]:100 [3]:360
[0]:15843653 [1]:1623699 [2]:100 [3]:65
[0]:16041313 [1]:1654190 [2]:100 [3]:60
[0]:16242837 [1]:1685336 [2]:100 [3]:355
[0]:16436796 [1]:1715320 [2]:100 [3]:57
[0]:16638205 [1]:1746318 [2]:100 [3]:359
[0]:16843425 [1]:1777976 [2]:100 [3]:58
[0]:17037451 [1]:1807961 [2]:100 [3]:363
[0]:17233975 [1]:1838296 [2]:100 [3]:357
[0]:17441271 [1]:1870174 [2]:100 [3]:70
[0]:17638059 [1]:1900536 [2]:103 [3]:346
[0]:17830997 [1]:1930320 [2]:103 [3]:364
[0]:18033409 [1]:1961584 [2]:103 [3]:359
[0]:18231757 [1]:1992245 [2]:103 [3]:58
[0]:18435423 [1]:2023680 [2]:103 [3]:361
[0]:18636755 [1]:2054627 [2]:103 [3]:369
[0]:18854247 [1]:2088128 [2]:103 [3]:363
[0]:19066946 [1]:2120852 [2]:103 [3]:360
[0]:19264639 [1]:2151318 [2]:103 [3]:365
[0]:19461351 [1]:2181818 [2]:103 [3]:366
[0]:19659731 [1]:2212479 [2]:103 [3]:360
[0]:19865006 [1]:2244132 [2]:103 [3]:355
[0]:20054418 [1]:2273310 [2]:103 [3]:66
[0]:20270245 [1]:2306679 [2]:103 [3]:364
[0]:20471438 [1]:2337762 [2]:103 [3]:356
[0]:20667110 [1]:2368036 [2]:103 [3]:51
[0]:20901590 [1]:2404238 [2]:103 [3]:357
[0]:21098823 [1]:2434553 [2]:103 [3]:68
[0]:21296931 [1]:2465178 [2]:103 [3]:360
[0]:21489584 [1]:2494939 [2]:103 [3]:70
[0]:21709840 [1]:2528918 [2]:103 [3]:65
[0]:21897584 [1]:2557999 [2]:103 [3]:68
[0]:22099173 [1]:2589285 [2]:103 [3]:68
[0]:22336795 [1]:2625984 [2]:103 [3]:67
[0]:22531920 [1]:2656197 [2]:103 [3]:364
[0]:22733229 [1]:2687305 [2]:103 [3]:364
[0]:22955569 [1]:2721572 [2]:103 [3]:363
[0]:23171380 [1]:2755007 [2]:103 [3]:76
[0]:23382167 [1]:2787571 [2]:103 [3]:358
[0]:23590952 [1]:2819760 [2]:103 [3]:362
[0]:23784603 [1]:2849703 [2]:103 [3]:65
[0]:23982724 [1]:2880295 [2]:103 [3]:367
[0]:24187699 [1]:2911878 [2]:103 [3]:360
[0]:24411439 [1]:2946663 [2]:103 [3]:353
[0]:24609294 [1]:2977161 [2]:103 [3]:69
[0]:24802248 [1]:3006972 [2]:103 [3]:74
[0]:25012068 [1]:3039341 [2]:103 [3]:62
[0]:25223775 [1]:3071981 [2]:103 [3]:357
[0]:25418693 [1]:3101978 [2]:103 [3]:67
[0]:25634141 [1]:3135274 [2]:103 [3]:60
[0]:25833060 [1]:3166032 [2]:103 [3]:364
[0]:26031987 [1]:3196736 [2]:103 [3]:365
[0]:26235777 [1]:3228103 [2]:103 [3]:363
[0]:26435983 [1]:3259129 [2]:103 [3]:360
[0]:26638052 [1]:3290258 [2]:103 [3]:64
[0]:26860036 [1]:3324450 [2]:103 [3]:352
[0]:27056439 [1]:3354923 [2]:103 [3]:86
[0]:27253718 [1]:3385430 [2]:103 [3]:61
[0]:27451313 [1]:3416081 [2]:103 [3]:360
[0]:27648057 [1]:3446392 [2]:103 [3]:68
[0]:27854273 [1]:3478128 [2]:103 [3]:366
[0]:28048342 [1]:3508099 [2]:103 [3]:83
[0]:28242672 [1]:3538143 [2]:103 [3]:54
[0]:28447455 [1]:3569782 [2]:103 [3]:363
[0]:28648559 [1]:3600851 [2]:103 [3]:366
[0]:28870351 [1]:3635039 [2]:103 [3]:76
[0]:29079433 [1]:3667328 [2]:103 [3]:65
[0]:29290805 [1]:3699817 [2]:103 [3]:364
[0]:29506663 [1]:3733090 [2]:103 [3]:58
[0]:29711031 [1]:3764518 [2]:103 [3]:61
[0]:29924230 [1]:3797329 [2]:103 [3]:363
[0]:30117631 [1]:3827206 [2]:103 [3]:361
[0]:30326722 [1]:3859457 [2]:103 [3]:366
[0]:30524285 [1]:3889990 [2]:103 [3]:366
[0]:30722004 [1]:3920475 [2]:103 [3]:357
[0]:31002822 [1]:3963732 [2]:103 [3]:82
[0]:31202690 [1]:3994614 [2]:103 [3]:355
[0]:31408417 [1]:4026355 [2]:103 [3]:366
[0]:31618064 [1]:4058518 [2]:103 [3]:363
[0]:31811590 [1]:4088423 [2]:103 [3]:363
[0]:32090728 [1]:4131528 [2]:103 [3]:366
[0]:32285088 [1]:4161542 [2]:103 [3]:365
[0]:32493261 [1]:4193648 [2]:103 [3]:362
[0]:32695413 [1]:4224947 [2]:103 [3]:351
[0]:32892700 [1]:4255416 [2]:103 [3]:357
[0]:33094501 [1]:4286559 [2]:103 [3]:66
[0]:33307625 [1]:4319407 [2]:103 [3]:62
[0]:33537795 [1]:4354838 [2]:103 [3]:360
[0]:33746213 [1]:4387130 [2]:103 [3]:360
[0]:33959894 [1]:4420079 [2]:103 [3]:366
[0]:34161351 [1]:4451243 [2]:103 [3]:355
[0]:34362671 [1]:4482372 [2]:103 [3]:363
[0]:34552197 [1]:4511684 [2]:103 [3]:59
[0]:34750577 [1]:4542304 [2]:103 [3]:362
[0]:34948334 [1]:4572754 [2]:103 [3]:362
[0]:35145449 [1]:4603090 [2]:103 [3]:368
[0]:35351318 [1]:4634892 [2]:103 [3]:365
[0]:35548269 [1]:4665255 [2]:103 [3]:361
[0]:35735382 [1]:4694213 [2]:103 [3]:351
[0]:35925478 [1]:4723651 [2]:103 [3]:359
[0]:36119508 [1]:4753622 [2]:103 [3]:363
[0]:36343432 [1]:4788150 [2]:103 [3]:365
[0]:36545885 [1]:4819354 [2]:103 [3]:67
[0]:36764400 [1]:4852982 [2]:103 [3]:52
[0]:36957742 [1]:4882735 [2]:103 [3]:362
[0]:37156822 [1]:4913444 [2]:103 [3]:67
[0]:37350761 [1]:4943385 [2]:103 [3]:370
[0]:37569334 [1]:4977232 [2]:103 [3]:363
[0]:37778629 [1]:5009579 [2]:103 [3]:356
[0]:37984201 [1]:5041212 [2]:103 [3]:365
[0]:38186274 [1]:5072352 [2]:103 [3]:60
[0]:38395296 [1]:5104552 [2]:103 [3]:369
[0]:38596576 [1]:5135748 [2]:103 [3]:366
[0]:38863409 [1]:5176919 [2]:103 [3]:353
[0]:39051694 [1]:5205890 [2]:103 [3]:363
[0]:39259264 [1]:5237819 [2]:103 [3]:351
[0]:39465967 [1]:5269682 [2]:103 [3]:62
[0]:39666742 [1]:5300808 [2]:103 [3]:64
[0]:39868704 [1]:5331997 [2]:103 [3]:61
[0]:40066368 [1]:5362637 [2]:104 [3]:364
[0]:40256612 [1]:5391899 [2]:104 [3]:60
[0]:40456781 [1]:5422665 [2]:104 [3]:62
[0]:40672847 [1]:5456002 [2]:104 [3]:63
[0]:40868319 [1]:5486012 [2]:104 [3]:69
[0]:41062409 [1]:5515963 [2]:104 [3]:63
[0]:41260232 [1]:5546539 [2]:104 [3]:357
[0]:41457831 [1]:5577192 [2]:104 [3]:365
[0]:41667418 [1]:5609516 [2]:104 [3]:357
[0]:41882943 [1]:5642811 [2]:104 [3]:75
[0]:42069542 [1]:5671734 [2]:104 [3]:53
[0]:42258903 [1]:5701035 [2]:103 [3]:363
[0]:42462687 [1]:5732527 [2]:103 [3]:73
[0]:42688678 [1]:5767255 [2]:103 [3]:363
[0]:42881323 [1]:5797050 [2]:103 [3]:366
[0]:43076646 [1]:5827119 [2]:103 [3]:84
[0]:43278031 [1]:5858187 [2]:103 [3]:366
[0]:43487244 [1]:5890462 [2]:103 [3]:70
[0]:43677307 [1]:5919757 [2]:103 [3]:66
[0]:43878686 [1]:5950928 [2]:103 [3]:353
[0]:44072721 [1]:5980824 [2]:103 [3]:364
[0]:44270427 [1]:6011260 [2]:103 [3]:54
[0]:44472931 [1]:6042540 [2]:103 [3]:69
[0]:44719387 [1]:6080551 [2]:103 [3]:373
[0]:44930422 [1]:6113072 [2]:103 [3]:68
[0]:45124716 [1]:6143095 [2]:103 [3]:360
[0]:45325973 [1]:6174232 [2]:103 [3]:362
[0]:45519950 [1]:6204102 [2]:103 [3]:67
[0]:45710411 [1]:6233426 [2]:103 [3]:360
[0]:45911709 [1]:6264374 [2]:103 [3]:62
[0]:46131904 [1]:6298256 [2]:103 [3]:59
[0]:46322167 [1]:6327651 [2]:102 [3]:366
[0]:46531243 [1]:6359810 [2]:102 [3]:64
[0]:46728696 [1]:6390278 [2]:102 [3]:57
[0]:46928844 [1]:6421182 [2]:102 [3]:368
[0]:47126806 [1]:6451711 [2]:102 [3]:367
[0]:47321834 [1]:6481863 [2]:102 [3]:61
[0]:47533735 [1]:6514476 [2]:102 [3]:81
[0]:47736035 [1]:6545596 [2]:102 [3]:360
[0]:47933897 [1]:6576115 [2]:102 [3]:63
[0]:48135248 [1]:6607193 [2]:102 [3]:63
[0]:48336610 [1]:6638258 [2]:103 [3]:354
[0]:48539432 [1]:6669559 [2]:103 [3]:365
[0]:48750967 [1]:6702133 [2]:103 [3]:365
[0]:48948463 [1]:6732647 [2]:103 [3]:78
[0]:49149972 [1]:6763734 [2]:103 [3]:369
[0]:49343898 [1]:6793783 [2]:103 [3]:67
[0]:49569556 [1]:6828779 [2]:103 [3]:59
[0]:49765104 [1]:6859024 [2]:103 [3]:60
[0]:49968160 [1]:6890531 [2]:103 [3]:53
[0]:50164265 [1]:6920763 [2]:103 [3]:73
[0]:50387548 [1]:6955400 [2]:104 [3]:64
[0]:50611762 [1]:6990016 [2]:104 [3]:365
[0]:50805660 [1]:7019933 [2]:104 [3]:357
[0]:51005638 [1]:7050878 [2]:104 [3]:366
[0]:51193335 [1]:7079875 [2]:104 [3]:355
[0]:51443448 [1]:7118593 [2]:104 [3]:63
[0]:51647800 [1]:7150286 [2]:104 [3]:366
[0]:51845804 [1]:7180785 [2]:104 [3]:367
[0]:52041783 [1]:7211075 [2]:104 [3]:362
[0]:52230813 [1]:7240138 [2]:104 [3]:361
[0]:52423594 [1]:7270017 [2]:103 [3]:367
[0]:52625027 [1]:7300997 [2]:103 [3]:357
[0]:52853304 [1]:7336281 [2]:103 [3]:362
[0]:53046698 [1]:7366028 [2]:103 [3]:63
[0]:53271155 [1]:7400885 [2]:103 [3]:370
[0]:53468942 [1]:7431286 [2]:103 [3]:63
[0]:53666452 [1]:7461809 [2]:103 [3]:57
[0]:53864050 [1]:7492439 [2]:103 [3]:369
[0]:54061676 [1]:7523046 [2]:103 [3]:85
[0]:54265797 [1]:7554545 [2]:103 [3]:359
[0]:54457087 [1]:7584084 [2]:103 [3]:359
[0]:54658458 [1]:7615240 [2]:103 [3]:71
[0]:54855997 [1]:7645774 [2]:103 [3]:359
[0]:55050048 [1]:7675735 [2]:103 [3]:368
[0]:55241249 [1]:7705341 [2]:103 [3]:374
[0]:55434115 [1]:7735204 [2]:103 [3]:373
[0]:55631682 [1]:7765853 [2]:103 [3]:77
[0]:55836849 [1]:7797586 [2]:103 [3]:59
[0]:56027128 [1]:7826920 [2]:103 [3]:369
[0]:56224870 [1]:7857414 [2]:103 [3]:59
[0]:56418860 [1]:7887258 [2]:103 [3]:364
[0]:56612920 [1]:7917134 [2]:103 [3]:56
[0]:56811469 [1]:7947859 [2]:103 [3]:75
[0]:57007144 [1]:7977997 [2]:103 [3]:55
[0]:57213697 [1]:8009776 [2]:103 [3]:356
[0]:57407364 [1]:8039721 [2]:103 [3]:65
[0]:57623731 [1]:8073244 [2]:103 [3]:364
[0]:57810468 [1]:8102031 [2]:103 [3]:65
[0]:58011141 [1]:8133125 [2]:103 [3]:63
[0]:58216588 [1]:8164747 [2]:103 [3]:372
[0]:58406809 [1]:8194171 [2]:103 [3]:373
[0]:58615507 [1]:8226321 [2]:103 [3]:356
[0]:58809859 [1]:8256281 [2]:103 [3]:64
[0]:59004020 [1]:8286194 [2]:103 [3]:73
[0]:59202678 [1]:8316804 [2]:103 [3]:362
[0]:59401260 [1]:8347414 [2]:103 [3]:362
[0]:59591921 [1]:8376749 [2]:103 [3]:62
[0]:59802500 [1]:8409409 [2]:103 [3]:69
[0]:60006478 [1]:8440896 [2]:103 [3]:56
[0]:60201468 [1]:8470961 [2]:103 [3]:354
[0]:60412088 [1]:8503416 [2]:103 [3]:361
[0]:60615656 [1]:8534837 [2]:103 [3]:363
[0]:60820708 [1]:8566582 [2]:103 [3]:57
[0]:61023696 [1]:8597798 [2]:103 [3]:56
[0]:61227189 [1]:8629156 [2]:103 [3]:359
[0]:61421407 [1]:8659064 [2]:103 [3]:361
[0]:61619235 [1]:8689499 [2]:103 [3]:63
[0]:61808581 [1]:8718709 [2]:103 [3]:365
[0]:62003279 [1]:8748717 [2]:103 [3]:366
[0]:62204793 [1]:8779719 [2]:103 [3]:62
[0]:62428558 [1]:8814207 [2]:103 [3]:61
[0]:62622893 [1]:8844101 [2]:103 [3]:59
[0]:62827996 [1]:8875854 [2]:103 [3]:60
[0]:63025690 [1]:8906412 [2]:103 [3]:367
[0]:63226323 [1]:8937305 [2]:103 [3]:373
[0]:63424747 [1]:8967973 [2]:103 [3]:367
[0]:63629868 [1]:8999736 [2]:103 [3]:358
[0]:63823823 [1]:9029692 [2]:103 [3]:356
[0]:64025440 [1]:9060754 [2]:103 [3]:368
[0]:64220232 [1]:9090881 [2]:103 [3]:61
[0]:64416879 [1]:9121367 [2]:103 [3]:355
[0]:64610610 [1]:9151383 [2]:103 [3]:356
