[0]:391702767 [1]:391702768 [2]:0 [3]:16
[0]:392852398 [1]:392852397 [2]:0 [3]:11
[0]:394056925 [1]:394056925 [2]:0 [3]:20
[0]:395244765 [1]:395244766 [2]:0 [3]:17
[0]:396558777 [1]:396558780 [2]:0 [3]:12
[0]:398060239 [1]:398060244 [2]:0 [3]:11
[0]:399361678 [1]:399361678 [2]:0 [3]:16
[0]:400566322 [1]:400566376 [2]:0 [3]:15
[0]:401694608 [1]:401694609 [2]:0 [3]:54
[0]:402872830 [1]:402872835 [2]:0 [3]:13
[0]:404079153 [1]:404079153 [2]:0 [3]:16
[0]:405324145 [1]:405324154 [2]:0 [3]:16
[0]:406488223 [1]:406488244 [2]:0 [3]:17
[0]:407641135 [1]:407641153 [2]:0 [3]:56
[0]:408817118 [1]:408817124 [2]:0 [3]:18
[0]:409935015 [1]:409935019 [2]:0 [3]:52
[0]:411087679 [1]:411087680 [2]:0 [3]:10
[0]:412229294 [1]:412229294 [2]:0 [3]:16
[0]:413338777 [1]:413338781 [2]:0 [3]:14
[0]:414492186 [1]:414492188 [2]:0 [3]:15
[0]:415609858 [1]:415609860 [2]:0 [3]:12
[0]:416877828 [1]:416877828 [2]:0 [3]:14
[0]:418244327 [1]:418244327 [2]:0 [3]:16
[0]:419688062 [1]:419688060 [2]:0 [3]:12
[0]:421113692 [1]:421113699 [2]:0 [3]:17
[0]:422535388 [1]:422535389 [2]:0 [3]:50
[0]:424082046 [1]:424082047 [2]:0 [3]:10
[0]:425410624 [1]:425410630 [2]:0 [3]:16
[0]:426730086 [1]:426730103 [2]:0 [3]:56
[0]:428045029 [1]:428045029 [2]:0 [3]:26
[0]:429353280 [1]:429353283 [2]:0 [3]:18
[0]:430658843 [1]:430658840 [2]:0 [3]:61
[0]:431892738 [1]:431892744 [2]:0 [3]:47
[0]:433142729 [1]:433142734 [2]:0 [3]:16
[0]:434391126 [1]:434391131 [2]:0 [3]:61
[0]:435604605 [1]:435604605 [2]:0 [3]:12
[0]:436885475 [1]:436885475 [2]:0 [3]:14
[0]:438188011 [1]:438188030 [2]:0 [3]:15
[0]:439400499 [1]:439400512 [2]:0 [3]:51
[0]:440751668 [1]:440751670 [2]:0 [3]:16
[0]:442081015 [1]:442081092 [2]:0 [3]:8
[0]:443326398 [1]:443326428 [2]:0 [3]:11
[0]:444489758 [1]:444489763 [2]:0 [3]:19
[0]:445602350 [1]:445602358 [2]:0 [3]:16
[0]:446750570 [1]:446750580 [2]:0 [3]:14
[0]:447905391 [1]:447905395 [2]:0 [3]:58
[0]:449252456 [1]:449252461 [2]:0 [3]:20
[0]:450454655 [1]:450454660 [2]:0 [3]:13
[0]:451590193 [1]:451590193 [2]:0 [3]:17
[0]:452712914 [1]:452712918 [2]:0 [3]:19
[0]:453877436 [1]:453877448 [2]:0 [3]:21
[0]:455070660 [1]:455070667 [2]:0 [3]:19
[0]:456210853 [1]:456210859 [2]:0 [3]:21
[0]:457465493 [1]:457465525 [2]:0 [3]:55
[0]:458555120 [1]:458555128 [2]:0 [3]:16
[0]:459699416 [1]:459699431 [2]:0 [3]:20
[0]:460956139 [1]:460956140 [2]:0 [3]:14
[0]:462378919 [1]:462378949 [2]:0 [3]:51
[0]:463645398 [1]:463645402 [2]:0 [3]:11
[0]:464833445 [1]:464833447 [2]:0 [3]:17
[0]:465965951 [1]:465965957 [2]:0 [3]:22
[0]:467103320 [1]:467103326 [2]:0 [3]:12
[0]:468232989 [1]:468232991 [2]:0 [3]:16
[0]:469400771 [1]:469400776 [2]:0 [3]:18
[0]:470534073 [1]:470534073 [2]:0 [3]:18
[0]:471696985 [1]:471696996 [2]:0 [3]:51
[0]:472817682 [1]:472817686 [2]:0 [3]:23
[0]:473902574 [1]:473902576 [2]:0 [3]:12
[0]:475060262 [1]:475060290 [2]:0 [3]:16
[0]:476205394 [1]:476205394 [2]:0 [3]:22
[0]:477318687 [1]:477318712 [2]:0 [3]:12
[0]:478624229 [1]:478624236 [2]:0 [3]:13
[0]:479880093 [1]:479880095 [2]:0 [3]:20
[0]:481471105 [1]:481471110 [2]:0 [3]:15
[0]:482891585 [1]:482891586 [2]:0 [3]:11
[0]:484303716 [1]:484303716 [2]:0 [3]:15
[0]:485598239 [1]:485598260 [2]:0 [3]:14
[0]:486930538 [1]:486930540 [2]:0 [3]:19
[0]:488186806 [1]:488186807 [2]:0 [3]:19
[0]:489464587 [1]:489464589 [2]:0 [3]:17
[0]:490767985 [1]:490767995 [2]:0 [3]:19
[0]:492199808 [1]:492199811 [2]:0 [3]:18
[0]:493455873 [1]:493455881 [2]:0 [3]:18
[0]:494654893 [1]:494654905 [2]:0 [3]:60
[0]:495941441 [1]:495941441 [2]:0 [3]:15
[0]:497247145 [1]:497247142 [2]:0 [3]:55
[0]:498554519 [1]:498554521 [2]:0 [3]:11
[0]:499781827 [1]:499781829 [2]:0 [3]:16
[0]:501013900 [1]:501013902 [2]:0 [3]:15
[0]:502318165 [1]:502318169 [2]:0 [3]:55
[0]:503668475 [1]:503668494 [2]:0 [3]:16
[0]:504951735 [1]:504951744 [2]:0 [3]:23
[0]:506206209 [1]:506206215 [2]:0 [3]:18
[0]:507385834 [1]:507385852 [2]:0 [3]:19
[0]:508911795 [1]:508911798 [2]:0 [3]:55
[0]:510021110 [1]:510021108 [2]:0 [3]:16
[0]:511376791 [1]:511376808 [2]:0 [3]:56
[0]:512532838 [1]:512532842 [2]:0 [3]:46
[0]:513662327 [1]:513662327 [2]:0 [3]:51
[0]:514824639 [1]:514824645 [2]:0 [3]:58
[0]:515944426 [1]:515944427 [2]:0 [3]:21
[0]:517220974 [1]:517220978 [2]:0 [3]:18
[0]:518364382 [1]:518364390 [2]:0 [3]:11
[0]:519536954 [1]:519536957 [2]:0 [3]:19
[0]:520654599 [1]:520654597 [2]:0 [3]:55
[0]:521793838 [1]:521793841 [2]:0 [3]:54
[0]:522900015 [1]:522900038 [2]:0 [3]:10
[0]:524003264 [1]:524003272 [2]:0 [3]:16
[0]:525362947 [1]:525362948 [2]:0 [3]:58
[0]:526760880 [1]:526760889 [2]:0 [3]:55
[0]:528044312 [1]:528044314 [2]:0 [3]:15
[0]:529171756 [1]:529171789 [2]:0 [3]:10
[0]:530367176 [1]:530367177 [2]:0 [3]:16
[0]:531653803 [1]:531653803 [2]:0 [3]:52
[0]:532832289 [1]:532832290 [2]:0 [3]:16
[0]:533983913 [1]:533983911 [2]:0 [3]:18
[0]:535116661 [1]:535116662 [2]:0 [3]:54
[0]:536273867 [1]:536273872 [2]:0 [3]:15
[0]:537606432 [1]:537606479 [2]:0 [3]:8
[0]:538732838 [1]:538732843 [2]:0 [3]:16
[0]:539912027 [1]:539912025 [2]:0 [3]:52
[0]:541040883 [1]:541040886 [2]:0 [3]:23
[0]:542394660 [1]:542394670 [2]:0 [3]:11
[0]:543505794 [1]:543505796 [2]:0 [3]:52
[0]:544651947 [1]:544651947 [2]:0 [3]:13
[0]:545992640 [1]:545992647 [2]:0 [3]:55
[0]:547409743 [1]:547409750 [2]:0 [3]:16
[0]:548807405 [1]:548807413 [2]:0 [3]:56
[0]:550070552 [1]:550070578 [2]:0 [3]:19
[0]:551338141 [1]:551338146 [2]:0 [3]:8
[0]:552586664 [1]:552586666 [2]:0 [3]:18
[0]:553862234 [1]:553862238 [2]:0 [3]:13
[0]:555190904 [1]:555190908 [2]:0 [3]:19
[0]:556446460 [1]:556446467 [2]:0 [3]:15
[0]:557750373 [1]:557750376 [2]:0 [3]:12
[0]:559053349 [1]:559053347 [2]:0 [3]:16
[0]:560358291 [1]:560358292 [2]:0 [3]:18
[0]:561638837 [1]:561638842 [2]:0 [3]:16
[0]:562869093 [1]:562869111 [2]:0 [3]:16
[0]:564166555 [1]:564166563 [2]:0 [3]:12
[0]:565437418 [1]:565437427 [2]:0 [3]:51
[0]:566708264 [1]:566708265 [2]:0 [3]:19
[0]:567936294 [1]:567936387 [2]:0 [3]:53
[0]:569186611 [1]:569186638 [2]:0 [3]:13
[0]:570369949 [1]:570369949 [2]:0 [3]:53
[0]:571832278 [1]:571832291 [2]:0 [3]:15
[0]:573055466 [1]:573055466 [2]:0 [3]:11
[0]:574234217 [1]:574234221 [2]:0 [3]:55
[0]:575359705 [1]:575359709 [2]:0 [3]:50
[0]:576491205 [1]:576491205 [2]:0 [3]:19
[0]:577672755 [1]:577672756 [2]:0 [3]:52
[0]:578853018 [1]:578853021 [2]:0 [3]:18
[0]:580033049 [1]:580033048 [2]:0 [3]:16
[0]:581261715 [1]:581261717 [2]:0 [3]:16
[0]:582386436 [1]:582386443 [2]:0 [3]:19
[0]:583529174 [1]:583529175 [2]:0 [3]:53
[0]:584671877 [1]:584671881 [2]:0 [3]:18
[0]:585845754 [1]:585845784 [2]:0 [3]:19
[0]:587005513 [1]:587005513 [2]:0 [3]:16
[0]:588408150 [1]:588408152 [2]:0 [3]:17
[0]:589790310 [1]:589790314 [2]:0 [3]:50
[0]:591160943 [1]:591160944 [2]:0 [3]:48
[0]:592440754 [1]:592440765 [2]:0 [3]:9
[0]:593689290 [1]:593689302 [2]:0 [3]:15
[0]:594860413 [1]:594860420 [2]:0 [3]:9
[0]:596292698 [1]:596292694 [2]:0 [3]:20
[0]:597446856 [1]:597446867 [2]:0 [3]:22
[0]:598885487 [1]:598885487 [2]:0 [3]:17
[0]:599984025 [1]:599984031 [2]:0 [3]:19
[0]:601300834 [1]:601300835 [2]:0 [3]:53
[0]:602693078 [1]:602693077 [2]:0 [3]:11
[0]:604021673 [1]:604021743 [2]:0 [3]:13
[0]:605087802 [1]:605087816 [2]:0 [3]:19
[0]:606291155 [1]:606291156 [2]:0 [3]:15
[0]:607408886 [1]:607408886 [2]:0 [3]:23
[0]:608539753 [1]:608539755 [2]:0 [3]:14
[0]:609844586 [1]:609844586 [2]:0 [3]:21
[0]:611160263 [1]:611160264 [2]:0 [3]:11
[0]:612637984 [1]:612638007 [2]:0 [3]:13
[0]:614056209 [1]:614056220 [2]:0 [3]:18
[0]:615356869 [1]:615356894 [2]:0 [3]:17
[0]:616594002 [1]:616594008 [2]:0 [3]:12
[0]:617823067 [1]:617823068 [2]:0 [3]:14
[0]:619101103 [1]:619101110 [2]:0 [3]:56
[0]:620380139 [1]:620380146 [2]:0 [3]:50
[0]:622039034 [1]:622039034 [2]:0 [3]:13
[0]:623343815 [1]:623343855 [2]:0 [3]:8
[0]:624599410 [1]:624599415 [2]:0 [3]:16
[0]:625826266 [1]:625826267 [2]:0 [3]:18
[0]:627058481 [1]:627058517 [2]:0 [3]:14
[0]:628288065 [1]:628288075 [2]:0 [3]:16
[0]:629744809 [1]:629744824 [2]:0 [3]:19
[0]:631099404 [1]:631099405 [2]:0 [3]:14
[0]:632380065 [1]:632380065 [2]:0 [3]:17
[0]:633634530 [1]:633634536 [2]:0 [3]:12
[0]:634863963 [1]:634863973 [2]:0 [3]:16
[0]:636243278 [1]:636243280 [2]:0 [3]:25
[0]:637350248 [1]:637350252 [2]:0 [3]:50
[0]:638856948 [1]:638856949 [2]:0 [3]:17
[0]:639987804 [1]:639987805 [2]:0 [3]:55
[0]:641261658 [1]:641261658 [2]:0 [3]:56
[0]:642392838 [1]:642392839 [2]:0 [3]:20
[0]:643526610 [1]:643526610 [2]:0 [3]:51
[0]:644706147 [1]:644706150 [2]:0 [3]:61
[0]:645809773 [1]:645809777 [2]:0 [3]:19
[0]:646988767 [1]:646988767 [2]:0 [3]:17
[0]:648281276 [1]:648281278 [2]:0 [3]:18
[0]:649430351 [1]:649430353 [2]:0 [3]:50
[0]:650754794 [1]:650754795 [2]:0 [3]:15
[0]:651856834 [1]:651856834 [2]:0 [3]:55
[0]:653085239 [1]:653085239 [2]:0 [3]:18
[0]:654527693 [1]:654527693 [2]:0 [3]:12
[0]:655936047 [1]:655936047 [2]:0 [3]:15
[0]:657330791 [1]:657330793 [2]:0 [3]:18
[0]:658511433 [1]:658511432 [2]:0 [3]:58
[0]:659664876 [1]:659664876 [2]:0 [3]:24
[0]:660838424 [1]:660838433 [2]:0 [3]:11
[0]:662287591 [1]:662287591 [2]:0 [3]:15
[0]:663446449 [1]:663446453 [2]:0 [3]:17
[0]:664569041 [1]:664569044 [2]:0 [3]:56
[0]:665705507 [1]:665705507 [2]:0 [3]:19
[0]:666825100 [1]:666825110 [2]:0 [3]:15
[0]:667965056 [1]:667965059 [2]:0 [3]:9
[0]:669069155 [1]:669069155 [2]:0 [3]:18
[0]:670230052 [1]:670230055 [2]:0 [3]:11
[0]:671368726 [1]:671368730 [2]:0 [3]:20
[0]:672508687 [1]:672508689 [2]:0 [3]:19
[0]:673743511 [1]:673743511 [2]:0 [3]:19
[0]:675184769 [1]:675184783 [2]:0 [3]:16
[0]:676650319 [1]:676650322 [2]:0 [3]:48
[0]:678394837 [1]:678394877 [2]:0 [3]:51
[0]:679655955 [1]:679655964 [2]:0 [3]:20
[0]:680937993 [1]:680937997 [2]:0 [3]:17
[0]:682218906 [1]:682218917 [2]:0 [3]:18
[0]:683564860 [1]:683564871 [2]:0 [3]:16
[0]:684855134 [1]:684855136 [2]:0 [3]:51
[0]:686081483 [1]:686081486 [2]:0 [3]:15
[0]:687646475 [1]:687646487 [2]:0 [3]:16
[0]:688983400 [1]:688983400 [2]:0 [3]:52
[0]:690247171 [1]:690247176 [2]:0 [3]:19
[0]:691530329 [1]:691530331 [2]:0 [3]:60
[0]:692786141 [1]:692786141 [2]:0 [3]:19
[0]:694115669 [1]:694115677 [2]:0 [3]:19
[0]:695340125 [1]:695340125 [2]:0 [3]:13
[0]:696663755 [1]:696663774 [2]:0 [3]:51
[0]:698035059 [1]:698035194 [2]:0 [3]:60
[0]:699660084 [1]:699660084 [2]:0 [3]:59
[0]:700813704 [1]:700813723 [2]:0 [3]:18
[0]:701902178 [1]:701902179 [2]:0 [3]:15
[0]:703059710 [1]:703059714 [2]:0 [3]:10
[0]:704183851 [1]:704183911 [2]:0 [3]:14
[0]:705334817 [1]:705334818 [2]:0 [3]:15
[0]:706462815 [1]:706462830 [2]:0 [3]:21
[0]:707602796 [1]:707602820 [2]:0 [3]:13
[0]:708773628 [1]:708773632 [2]:0 [3]:15
[0]:709953193 [1]:709953205 [2]:0 [3]:16
[0]:711111319 [1]:711111324 [2]:0 [3]:48
[0]:712274994 [1]:712274994 [2]:0 [3]:53
[0]:713469856 [1]:713469884 [2]:0 [3]:50
[0]:714578902 [1]:714578901 [2]:0 [3]:52
[0]:715736977 [1]:715736977 [2]:0 [3]:14
[0]:716875750 [1]:716875787 [2]:0 [3]:16
[0]:718229901 [1]:718229903 [2]:0 [3]:18
[0]:719597724 [1]:719597725 [2]:0 [3]:19
[0]:720862262 [1]:720862286 [2]:0 [3]:20
[0]:722183826 [1]:722183828 [2]:0 [3]:41
[0]:723320461 [1]:723320481 [2]:0 [3]:53
[0]:724584369 [1]:724584369 [2]:0 [3]:60
[0]:725788481 [1]:725788484 [2]:0 [3]:15
[0]:726920834 [1]:726920871 [2]:0 [3]:14
[0]:728044708 [1]:728044714 [2]:0 [3]:16
[0]:729128074 [1]:729128089 [2]:0 [3]:19
[0]:730350214 [1]:730350221 [2]:0 [3]:16
[0]:731539144 [1]:731539154 [2]:0 [3]:16
[0]:732740251 [1]:732740252 [2]:0 [3]:11
[0]:733858252 [1]:733858243 [2]:0 [3]:21
[0]:735260574 [1]:735260584 [2]:0 [3]:13
[0]:736599091 [1]:736599119 [2]:0 [3]:17
[0]:737838890 [1]:737838891 [2]:0 [3]:52
[0]:739365794 [1]:739365803 [2]:0 [3]:11
[0]:740871547 [1]:740871545 [2]:0 [3]:13
[0]:742278478 [1]:742278471 [2]:0 [3]:20
[0]:743585889 [1]:743585893 [2]:0 [3]:18
[0]:744864709 [1]:744864712 [2]:0 [3]:13
[0]:746165594 [1]:746165595 [2]:0 [3]:13
[0]:747495100 [1]:747495119 [2]:0 [3]:18
[0]:748816967 [1]:748816968 [2]:0 [3]:18
[0]:750057550 [1]:750057551 [2]:0 [3]:19
[0]:751454528 [1]:751454534 [2]:0 [3]:15
[0]:752698113 [1]:752698113 [2]:0 [3]:56
[0]:753972896 [1]:753972886 [2]:0 [3]:50
[0]:755251373 [1]:755251377 [2]:0 [3]:14
[0]:756508804 [1]:756508805 [2]:0 [3]:14
[0]:757795443 [1]:757795444 [2]:0 [3]:17
[0]:759113492 [1]:759113494 [2]:0 [3]:54
[0]:760421423 [1]:760421427 [2]:0 [3]:13
[0]:761802053 [1]:761802053 [2]:0 [3]:58
[0]:763059290 [1]:763059290 [2]:0 [3]:15
[0]:764620982 [1]:764620986 [2]:0 [3]:17
[0]:765769697 [1]:765769723 [2]:0 [3]:10
[0]:767001873 [1]:767001875 [2]:0 [3]:13
[0]:768172489 [1]:768172493 [2]:0 [3]:18
[0]:769360065 [1]:769360069 [2]:0 [3]:19
[0]:770522890 [1]:770522888 [2]:0 [3]:20
[0]:771693809 [1]:771693815 [2]:0 [3]:14
[0]:772900351 [1]:772900352 [2]:0 [3]:52
[0]:774002941 [1]:774002942 [2]:0 [3]:17
[0]:775144645 [1]:775144649 [2]:0 [3]:13
[0]:776312599 [1]:776312599 [2]:0 [3]:16
[0]:777440988 [1]:777440989 [2]:0 [3]:20
[0]:778541046 [1]:778541058 [2]:0 [3]:19
[0]:779688358 [1]:779688369 [2]:0 [3]:18
[0]:780845620 [1]:780845622 [2]:0 [3]:15
[0]:782203535 [1]:782203536 [2]:0 [3]:14
[0]:783638204 [1]:783638205 [2]:0 [3]:14
[0]:784972321 [1]:784972328 [2]:0 [3]:11
[0]:786225040 [1]:786225044 [2]:0 [3]:54
[0]:787401965 [1]:787401967 [2]:0 [3]:52
[0]:788534456 [1]:788534459 [2]:0 [3]:15
[0]:789662723 [1]:789662742 [2]:0 [3]:16
[0]:790811813 [1]:790811815 [2]:0 [3]:16
[0]:791914388 [1]:791914396 [2]:0 [3]:10
[0]:793053023 [1]:793053038 [2]:0 [3]:51
[0]:794206160 [1]:794206161 [2]:0 [3]:15
[0]:795331670 [1]:795331668 [2]:0 [3]:56
[0]:796463309 [1]:796463311 [2]:0 [3]:13
[0]:797616759 [1]:797616826 [2]:0 [3]:54
[0]:798796136 [1]:798796144 [2]:0 [3]:14
[0]:799974995 [1]:799975016 [2]:0 [3]:12
[0]:801124767 [1]:801124771 [2]:0 [3]:15
[0]:802358985 [1]:802358985 [2]:0 [3]:19
[0]:803731915 [1]:803731916 [2]:0 [3]:16
[0]:805195552 [1]:805195552 [2]:0 [3]:17
[0]:806577601 [1]:806577609 [2]:0 [3]:52
[0]:807926188 [1]:807926190 [2]:0 [3]:57
[0]:809227212 [1]:809227223 [2]:0 [3]:15
[0]:810770372 [1]:810770391 [2]:0 [3]:18
[0]:812098997 [1]:812098999 [2]:0 [3]:12
[0]:813414660 [1]:813414664 [2]:0 [3]:18
[0]:814709185 [1]:814709185 [2]:0 [3]:56
[0]:815959038 [1]:815959062 [2]:0 [3]:52
[0]:817218435 [1]:817218438 [2]:0 [3]:18
[0]:818409032 [1]:818409034 [2]:0 [3]:15
[0]:819652500 [1]:819652504 [2]:0 [3]:10
[0]:820906635 [1]:820906636 [2]:0 [3]:15
[0]:822213979 [1]:822213983 [2]:0 [3]:50
[0]:823506232 [1]:823506238 [2]:0 [3]:10
[0]:824754099 [1]:824754103 [2]:0 [3]:15
[0]:826110709 [1]:826110709 [2]:0 [3]:16
[0]:827319515 [1]:827319518 [2]:0 [3]:53
[0]:828551691 [1]:828551693 [2]:0 [3]:13
[0]:829746921 [1]:829746921 [2]:0 [3]:14
