[0]:0 [1]:0 [2]:0 [3]:0
[0]:11220 [1]:0 [2]:0 [3]:315
[0]:269773 [1]:0 [2]:0 [3]:64
[0]:489008 [1]:0 [2]:0 [3]:323
[0]:721428 [1]:0 [2]:0 [3]:326
[0]:947365 [1]:0 [2]:0 [3]:88
[0]:1193531 [1]:16391 [2]:121 [3]:365
[0]:1384662 [1]:37905 [2]:121 [3]:71
[0]:1580338 [1]:59947 [2]:121 [3]:362
[0]:1785239 [1]:83095 [2]:121 [3]:72
[0]:1992277 [1]:106523 [2]:121 [3]:64
[0]:2233880 [1]:133832 [2]:121 [3]:68
[0]:2438292 [1]:156955 [2]:121 [3]:65
[0]:2642415 [1]:179902 [2]:89 [3]:366
[0]:2834799 [1]:201476 [2]:89 [3]:354
[0]:3033236 [1]:223791 [2]:89 [3]:359
[0]:3235658 [1]:246590 [2]:89 [3]:93
[0]:3433056 [1]:268885 [2]:89 [3]:96
[0]:3621406 [1]:290266 [2]:89 [3]:369
[0]:3823068 [1]:313014 [2]:89 [3]:58
[0]:4020922 [1]:335262 [2]:89 [3]:56
[0]:4206913 [1]:356344 [2]:79 [3]:362
[0]:4399877 [1]:378125 [2]:79 [3]:56
[0]:4601252 [1]:400768 [2]:79 [3]:72
[0]:4810907 [1]:424428 [2]:79 [3]:61
[0]:5006619 [1]:446550 [2]:79 [3]:67
[0]:5201278 [1]:468508 [2]:79 [3]:57
[0]:5398561 [1]:490863 [2]:79 [3]:352
[0]:5596237 [1]:513295 [2]:79 [3]:359
[0]:5791473 [1]:535541 [2]:76 [3]:57
[0]:5993421 [1]:558396 [2]:76 [3]:367
[0]:6188973 [1]:580642 [2]:76 [3]:47
[0]:6386685 [1]:603169 [2]:76 [3]:56
[0]:6587025 [1]:625773 [2]:76 [3]:55
[0]:6787872 [1]:648303 [2]:76 [3]:73
[0]:6983066 [1]:670258 [2]:76 [3]:72
[0]:7182148 [1]:692623 [2]:75 [3]:57
[0]:7383915 [1]:715254 [2]:75 [3]:54
[0]:7577528 [1]:737115 [2]:75 [3]:70
[0]:7786583 [1]:760667 [2]:75 [3]:71
[0]:8012921 [1]:786293 [2]:75 [3]:361
[0]:8215390 [1]:809048 [2]:75 [3]:365
[0]:8462423 [1]:836905 [2]:75 [3]:60
[0]:8660592 [1]:859273 [2]:75 [3]:59
[0]:8859376 [1]:881614 [2]:75 [3]:356
[0]:9056826 [1]:903901 [2]:75 [3]:70
[0]:9267764 [1]:927623 [2]:75 [3]:61
[0]:9473477 [1]:950901 [2]:75 [3]:359
[0]:9671308 [1]:973255 [2]:75 [3]:67
[0]:9872642 [1]:996062 [2]:75 [3]:347
[0]:10070656 [1]:1018313 [2]:75 [3]:361
[0]:10270738 [1]:1040893 [2]:75 [3]:49
[0]:10470074 [1]:1063462 [2]:75 [3]:372
[0]:10667878 [1]:1085767 [2]:75 [3]:65
[0]:10869519 [1]:1108666 [2]:75 [3]:71
[0]:11063225 [1]:1130593 [2]:75 [3]:71
[0]:11266353 [1]:1153761 [2]:75 [3]:79
[0]:11461109 [1]:1175801 [2]:75 [3]:58
[0]:11658067 [1]:1198026 [2]:75 [3]:67
[0]:11865433 [1]:1221440 [2]:75 [3]:367
[0]:12063410 [1]:1243683 [2]:75 [3]:63
[0]:12262548 [1]:1266205 [2]:75 [3]:351
[0]:12477735 [1]:1290401 [2]:75 [3]:348
[0]:12670615 [1]:1312310 [2]:75 [3]:57
[0]:12865272 [1]:1334306 [2]:75 [3]:367
[0]:13071220 [1]:1357603 [2]:75 [3]:348
[0]:13269164 [1]:1379994 [2]:75 [3]:61
[0]:13481162 [1]:1403962 [2]:75 [3]:367
[0]:13685173 [1]:1426929 [2]:75 [3]:357
[0]:13910862 [1]:1452508 [2]:75 [3]:354
[0]:14114999 [1]:1475532 [2]:75 [3]:362
[0]:14314249 [1]:1497964 [2]:75 [3]:348
[0]:14520311 [1]:1521108 [2]:75 [3]:66
[0]:14714879 [1]:1543117 [2]:75 [3]:376
[0]:14909610 [1]:1565106 [2]:75 [3]:367
[0]:15104351 [1]:1587008 [2]:75 [3]:369
[0]:15313900 [1]:1610681 [2]:75 [3]:71
[0]:15570963 [1]:1639934 [2]:75 [3]:364
[0]:15778141 [1]:1663186 [2]:75 [3]:66
[0]:15971910 [1]:1685054 [2]:75 [3]:67
[0]:16163519 [1]:1706678 [2]:75 [3]:362
[0]:16362071 [1]:1729211 [2]:75 [3]:53
[0]:16582603 [1]:1753931 [2]:75 [3]:367
[0]:16776880 [1]:1775907 [2]:75 [3]:362
[0]:16972716 [1]:1797912 [2]:75 [3]:363
[0]:17167366 [1]:1819858 [2]:75 [3]:59
[0]:17357405 [1]:1841395 [2]:75 [3]:49
[0]:17550863 [1]:1863161 [2]:75 [3]:373
[0]:17744282 [1]:1884964 [2]:75 [3]:59
[0]:17950235 [1]:1908153 [2]:75 [3]:370
[0]:18155726 [1]:1931346 [2]:75 [3]:366
[0]:18347095 [1]:1952943 [2]:75 [3]:362
[0]:18549289 [1]:1975784 [2]:75 [3]:66
[0]:18769320 [1]:2000716 [2]:75 [3]:59
[0]:18968413 [1]:2023157 [2]:75 [3]:53
[0]:19178104 [1]:2046856 [2]:75 [3]:56
[0]:19376733 [1]:2069230 [2]:75 [3]:64
[0]:19574990 [1]:2091621 [2]:75 [3]:66
[0]:19778585 [1]:2114517 [2]:75 [3]:69
[0]:19973796 [1]:2136533 [2]:75 [3]:70
[0]:20169653 [1]:2158532 [2]:75 [3]:62
[0]:20393935 [1]:2183851 [2]:75 [3]:62
[0]:20592818 [1]:2206242 [2]:75 [3]:72
[0]:20788335 [1]:2228251 [2]:75 [3]:67
[0]:20986042 [1]:2255726 [2]:75 [3]:62
[0]:21191318 [1]:2291001 [2]:75 [3]:352
[0]:21398042 [1]:2326410 [2]:75 [3]:361
[0]:21602315 [1]:2361506 [2]:75 [3]:63
[0]:21794911 [1]:2394514 [2]:75 [3]:356
[0]:21992178 [1]:2428421 [2]:75 [3]:59
[0]:22244707 [1]:2471630 [2]:75 [3]:368
[0]:22444217 [1]:2505795 [2]:75 [3]:67
[0]:22650076 [1]:2541160 [2]:75 [3]:367
[0]:22851570 [1]:2575805 [2]:75 [3]:64
[0]:23051953 [1]:2610190 [2]:97 [3]:366
[0]:23248176 [1]:2643803 [2]:97 [3]:366
[0]:23449916 [1]:2678344 [2]:97 [3]:359
[0]:23643355 [1]:2711524 [2]:97 [3]:360
[0]:23845802 [1]:2746277 [2]:97 [3]:71
[0]:24047947 [1]:2780911 [2]:97 [3]:73
[0]:24242561 [1]:2814294 [2]:97 [3]:360
[0]:24447904 [1]:2849502 [2]:97 [3]:87
[0]:24641570 [1]:2882702 [2]:97 [3]:362
[0]:24836590 [1]:2916206 [2]:97 [3]:53
[0]:25037365 [1]:2950632 [2]:104 [3]:67
[0]:25242917 [1]:2985774 [2]:104 [3]:69
[0]:25433655 [1]:3018528 [2]:104 [3]:362
[0]:25688689 [1]:3062447 [2]:104 [3]:53
[0]:25886750 [1]:3096456 [2]:104 [3]:64
[0]:26080165 [1]:3129572 [2]:104 [3]:370
[0]:26281956 [1]:3164220 [2]:104 [3]:356
[0]:26471189 [1]:3196785 [2]:104 [3]:68
[0]:26663360 [1]:3229703 [2]:104 [3]:63
[0]:26858461 [1]:3263132 [2]:106 [3]:362
[0]:27046903 [1]:3295389 [2]:106 [3]:365
[0]:27246613 [1]:3329626 [2]:106 [3]:355
[0]:27460235 [1]:3366293 [2]:106 [3]:66
