[0]:27735023 [1]:3011004 [2]:74 [3]:81
[0]:27942549 [1]:3034766 [2]:74 [3]:74
[0]:28146976 [1]:3065342 [2]:74 [3]:81
[0]:28362118 [1]:3097294 [2]:74 [3]:77
[0]:28578608 [1]:3129468 [2]:74 [3]:370
[0]:28778144 [1]:3159004 [2]:74 [3]:81
[0]:28976550 [1]:3188433 [2]:74 [3]:354
[0]:29175251 [1]:3217956 [2]:74 [3]:364
[0]:29380767 [1]:3248497 [2]:74 [3]:360
[0]:29621398 [1]:3284184 [2]:89 [3]:362
[0]:29845914 [1]:3317364 [2]:89 [3]:74
[0]:30074584 [1]:3351306 [2]:89 [3]:76
[0]:30283474 [1]:3382242 [2]:89 [3]:358
[0]:30476421 [1]:3410850 [2]:89 [3]:85
[0]:30674845 [1]:3440309 [2]:89 [3]:361
[0]:30912489 [1]:3475578 [2]:89 [3]:360
[0]:31110948 [1]:3504987 [2]:89 [3]:359
[0]:31317169 [1]:3535560 [2]:89 [3]:372
[0]:31556427 [1]:3571154 [2]:89 [3]:371
[0]:31782491 [1]:3604662 [2]:89 [3]:363
[0]:31998951 [1]:3636649 [2]:89 [3]:361
[0]:32197197 [1]:3666007 [2]:89 [3]:373
[0]:32419133 [1]:3698942 [2]:89 [3]:75
[0]:32628470 [1]:3729888 [2]:89 [3]:368
[0]:32832927 [1]:3760119 [2]:89 [3]:73
[0]:33034183 [1]:3790079 [2]:89 [3]:368
[0]:33239127 [1]:3820498 [2]:113 [3]:357
[0]:33507071 [1]:3860225 [2]:113 [3]:366
[0]:33715604 [1]:3891172 [2]:113 [3]:360
[0]:33924887 [1]:3922143 [2]:113 [3]:366
[0]:34124350 [1]:3951695 [2]:113 [3]:370
[0]:34322866 [1]:3981158 [2]:113 [3]:356
[0]:34529370 [1]:4011793 [2]:113 [3]:362
[0]:34733220 [1]:4042064 [2]:113 [3]:364
[0]:34957591 [1]:4075376 [2]:113 [3]:367
[0]:35186334 [1]:4109240 [2]:113 [3]:356
[0]:35422697 [1]:4144217 [2]:113 [3]:372
[0]:35643063 [1]:4176826 [2]:113 [3]:370
[0]:35840248 [1]:4206062 [2]:113 [3]:78
[0]:36073110 [1]:4240565 [2]:113 [3]:362
[0]:36289814 [1]:4272757 [2]:113 [3]:80
[0]:36505271 [1]:4304839 [2]:113 [3]:368
[0]:36710294 [1]:4335491 [2]:113 [3]:357
[0]:36920120 [1]:4366539 [2]:127 [3]:359
[0]:37125058 [1]:4396903 [2]:127 [3]:364
[0]:37328871 [1]:4427094 [2]:127 [3]:79
[0]:37531025 [1]:4457049 [2]:127 [3]:363
[0]:37739971 [1]:4487994 [2]:127 [3]:78
[0]:37940689 [1]:4517746 [2]:127 [3]:357
[0]:38145815 [1]:4548173 [2]:127 [3]:360
[0]:38353910 [1]:4579168 [2]:127 [3]:74
[0]:38563541 [1]:4610340 [2]:127 [3]:365
[0]:38776282 [1]:4641988 [2]:127 [3]:362
[0]:38979450 [1]:4672169 [2]:127 [3]:361
[0]:39203398 [1]:4705429 [2]:127 [3]:366
[0]:39408568 [1]:4735820 [2]:127 [3]:363
[0]:39626081 [1]:4768132 [2]:127 [3]:361
[0]:39833479 [1]:4798905 [2]:127 [3]:79
[0]:40037063 [1]:4829234 [2]:127 [3]:359
[0]:40253909 [1]:4861547 [2]:127 [3]:354
[0]:40465075 [1]:4893013 [2]:136 [3]:352
[0]:40671407 [1]:4923549 [2]:136 [3]:364
[0]:40876419 [1]:4954009 [2]:136 [3]:94
[0]:41079844 [1]:4984178 [2]:136 [3]:362
[0]:41290273 [1]:5015456 [2]:136 [3]:359
[0]:41490994 [1]:5045279 [2]:136 [3]:77
[0]:41696180 [1]:5075691 [2]:136 [3]:364
[0]:41898871 [1]:5105653 [2]:136 [3]:368
[0]:42108395 [1]:5136725 [2]:136 [3]:360
[0]:42306528 [1]:5166090 [2]:136 [3]:360
[0]:42515064 [1]:5197076 [2]:136 [3]:366
[0]:42720770 [1]:5227506 [2]:136 [3]:72
[0]:42929537 [1]:5258536 [2]:136 [3]:68
[0]:43156243 [1]:5292205 [2]:136 [3]:362
[0]:43351420 [1]:5321129 [2]:136 [3]:82
[0]:43560362 [1]:5352067 [2]:136 [3]:366
[0]:43763297 [1]:5382147 [2]:136 [3]:360
[0]:43967953 [1]:5412528 [2]:141 [3]:364
[0]:44174977 [1]:5443287 [2]:141 [3]:365
[0]:44383994 [1]:5474292 [2]:141 [3]:361
[0]:44588995 [1]:5504733 [2]:141 [3]:361
[0]:44801651 [1]:5536273 [2]:141 [3]:358
[0]:45002696 [1]:5566083 [2]:141 [3]:364
[0]:45207072 [1]:5596408 [2]:141 [3]:363
[0]:45489511 [1]:5638352 [2]:141 [3]:360
[0]:45680373 [1]:5666725 [2]:141 [3]:366
[0]:45873468 [1]:5695413 [2]:141 [3]:366
[0]:46086355 [1]:5727003 [2]:141 [3]:359
[0]:46297805 [1]:5758339 [2]:141 [3]:368
[0]:46508113 [1]:5789495 [2]:141 [3]:370
[0]:46717008 [1]:5820416 [2]:141 [3]:354
[0]:46925681 [1]:5851416 [2]:141 [3]:365
[0]:47128158 [1]:5881414 [2]:141 [3]:80
[0]:47366738 [1]:5916757 [2]:141 [3]:364
[0]:47578975 [1]:5948226 [2]:144 [3]:358
[0]:47781138 [1]:5978197 [2]:144 [3]:88
[0]:47986020 [1]:6008583 [2]:144 [3]:78
[0]:48187098 [1]:6038351 [2]:144 [3]:363
[0]:48395775 [1]:6069240 [2]:144 [3]:369
[0]:48592402 [1]:6098428 [2]:144 [3]:367
[0]:48801886 [1]:6129483 [2]:144 [3]:364
[0]:49008712 [1]:6160156 [2]:144 [3]:370
[0]:49207740 [1]:6189786 [2]:144 [3]:369
[0]:49411341 [1]:6220030 [2]:144 [3]:373
[0]:49617221 [1]:6250553 [2]:144 [3]:355
[0]:49834382 [1]:6282707 [2]:144 [3]:368
[0]:50045003 [1]:6313917 [2]:144 [3]:364
[0]:50268024 [1]:6346933 [2]:144 [3]:364
[0]:50484136 [1]:6378974 [2]:144 [3]:362
[0]:50691983 [1]:6409782 [2]:144 [3]:360
[0]:50933896 [1]:6445678 [2]:144 [3]:363
[0]:51145976 [1]:6477114 [2]:146 [3]:74
[0]:51363513 [1]:6509438 [2]:146 [3]:362
[0]:51635391 [1]:6549660 [2]:146 [3]:357
[0]:51859390 [1]:6582838 [2]:146 [3]:372
[0]:52069083 [1]:6613902 [2]:146 [3]:362
[0]:52317429 [1]:6650767 [2]:146 [3]:79
[0]:52526310 [1]:6681753 [2]:146 [3]:362
[0]:52733825 [1]:6712576 [2]:146 [3]:365
[0]:52939927 [1]:6743143 [2]:146 [3]:368
[0]:53140973 [1]:6773003 [2]:146 [3]:88
[0]:53355676 [1]:6804957 [2]:146 [3]:362
[0]:53574358 [1]:6837442 [2]:146 [3]:357
[0]:53783357 [1]:6868463 [2]:146 [3]:365
[0]:53991330 [1]:6899350 [2]:146 [3]:364
[0]:54200980 [1]:6930458 [2]:146 [3]:362
[0]:54411452 [1]:6961646 [2]:146 [3]:358
[0]:54605832 [1]:6990468 [2]:146 [3]:368
[0]:54867059 [1]:7029307 [2]:147 [3]:359
[0]:55080564 [1]:7061113 [2]:147 [3]:352
[0]:55284407 [1]:7091388 [2]:147 [3]:362
[0]:55490600 [1]:7121885 [2]:147 [3]:359
[0]:55694643 [1]:7152122 [2]:147 [3]:367
[0]:55903523 [1]:7183213 [2]:147 [3]:367
[0]:56100276 [1]:7212418 [2]:147 [3]:353
[0]:56306886 [1]:7242993 [2]:147 [3]:362
[0]:56510117 [1]:7273079 [2]:147 [3]:361
[0]:56717979 [1]:7303841 [2]:147 [3]:84
[0]:56919309 [1]:7333716 [2]:147 [3]:365
