[0]:107820989 [1]:20835066 [2]:7 [3]:49
[0]:109147489 [1]:21986566 [2]:7 [3]:26
[0]:110431149 [1]:23129997 [2]:7 [3]:16
[0]:111662659 [1]:24220420 [2]:7 [3]:52
[0]:112804212 [1]:25227454 [2]:7 [3]:55
[0]:113876226 [1]:26180820 [2]:7 [3]:20
[0]:115011780 [1]:27187816 [2]:7 [3]:16
[0]:116244804 [1]:28281887 [2]:7 [3]:11
[0]:117412070 [1]:29316709 [2]:7 [3]:56
[0]:118628943 [1]:30397631 [2]:7 [3]:18
[0]:119806758 [1]:31441277 [2]:7 [3]:18
[0]:120979830 [1]:32479016 [2]:7 [3]:57
[0]:122117825 [1]:33490925 [2]:7 [3]:14
[0]:123228898 [1]:34468173 [2]:7 [3]:13
[0]:124393688 [1]:35505102 [2]:7 [3]:22
[0]:125554084 [1]:36533008 [2]:7 [3]:13
[0]:126628218 [1]:37489834 [2]:7 [3]:58
[0]:127967768 [1]:38675689 [2]:7 [3]:9
[0]:129367050 [1]:39912073 [2]:7 [3]:13
[0]:130972638 [1]:41334377 [2]:7 [3]:21
[0]:132189055 [1]:42410711 [2]:7 [3]:52
[0]:133342133 [1]:43431282 [2]:7 [3]:16
[0]:134475735 [1]:44438715 [2]:7 [3]:59
[0]:135615663 [1]:45450206 [2]:7 [3]:17
[0]:136766278 [1]:46472247 [2]:7 [3]:18
[0]:137933355 [1]:47503184 [2]:7 [3]:56
[0]:139026377 [1]:48472625 [2]:7 [3]:16
[0]:140164174 [1]:49476611 [2]:7 [3]:15
[0]:141300014 [1]:50475664 [2]:7 [3]:52
[0]:142425248 [1]:51475605 [2]:7 [3]:55
[0]:143573150 [1]:52491968 [2]:7 [3]:17
[0]:144794340 [1]:53576590 [2]:7 [3]:16
[0]:146063978 [1]:54702118 [2]:7 [3]:17
[0]:147445543 [1]:55927105 [2]:7 [3]:19
[0]:148823723 [1]:57147045 [2]:7 [3]:14
[0]:150130426 [1]:58306242 [2]:7 [3]:14
[0]:151396863 [1]:59431353 [2]:7 [3]:57
[0]:152652571 [1]:60536946 [2]:7 [3]:16
[0]:153917707 [1]:61662974 [2]:7 [3]:15
[0]:155199765 [1]:62796279 [2]:7 [3]:19
[0]:156538954 [1]:63979611 [2]:7 [3]:14
[0]:157810845 [1]:65105189 [2]:7 [3]:18
[0]:159078701 [1]:66230588 [2]:7 [3]:52
[0]:160359995 [1]:67363595 [2]:7 [3]:14
[0]:161617872 [1]:68474522 [2]:7 [3]:10
[0]:162877080 [1]:69590953 [2]:7 [3]:11
[0]:164123963 [1]:70693259 [2]:7 [3]:61
[0]:165368046 [1]:71797439 [2]:7 [3]:19
[0]:166671143 [1]:72949256 [2]:7 [3]:19
[0]:168511828 [1]:74581621 [2]:7 [3]:60
[0]:169865593 [1]:75787813 [2]:7 [3]:15
[0]:171123612 [1]:76897274 [2]:7 [3]:20
[0]:172481782 [1]:78101273 [2]:7 [3]:62
[0]:173746691 [1]:79225119 [2]:7 [3]:17
[0]:174870281 [1]:80215418 [2]:7 [3]:15
[0]:176012447 [1]:81228777 [2]:7 [3]:21
[0]:177142250 [1]:82228529 [2]:7 [3]:55
[0]:178250114 [1]:83212614 [2]:7 [3]:16
[0]:179396770 [1]:84227803 [2]:7 [3]:21
[0]:180535838 [1]:85231965 [2]:7 [3]:17
[0]:181649205 [1]:86215168 [2]:7 [3]:19
[0]:182787150 [1]:87217524 [2]:7 [3]:22
[0]:183901227 [1]:88206856 [2]:7 [3]:52
[0]:185035100 [1]:89210492 [2]:7 [3]:55
[0]:186200021 [1]:90238319 [2]:7 [3]:19
[0]:187289593 [1]:91203519 [2]:7 [3]:13
[0]:188453434 [1]:92229628 [2]:7 [3]:13
[0]:189739765 [1]:93370616 [2]:7 [3]:19
[0]:191090492 [1]:94569975 [2]:7 [3]:23
[0]:192297233 [1]:95633288 [2]:7 [3]:13
[0]:193413203 [1]:96625353 [2]:7 [3]:16
[0]:194689167 [1]:97754574 [2]:7 [3]:18
[0]:195836545 [1]:98765784 [2]:7 [3]:19
[0]:196983043 [1]:99784497 [2]:7 [3]:10
[0]:198203218 [1]:100861490 [2]:7 [3]:57
[0]:199335984 [1]:101869732 [2]:7 [3]:20
[0]:200475925 [1]:102880003 [2]:7 [3]:17
[0]:201937846 [1]:104173400 [2]:7 [3]:21
[0]:203077139 [1]:105183178 [2]:7 [3]:51
