[0]:0 [1]:0 [2]:0 [3]:0
[0]:28093 [1]:0 [2]:0 [3]:227
[0]:355378 [1]:0 [2]:0 [3]:308
[0]:586175 [1]:0 [2]:0 [3]:318
[0]:819520 [1]:0 [2]:0 [3]:310
[0]:1052098 [1]:391 [2]:120 [3]:360
[0]:1265173 [1]:24401 [2]:120 [3]:361
[0]:1517785 [1]:52826 [2]:120 [3]:362
[0]:1707468 [1]:74124 [2]:120 [3]:53
[0]:1913248 [1]:97367 [2]:120 [3]:370
[0]:2115629 [1]:120343 [2]:120 [3]:358
[0]:2313428 [1]:142745 [2]:120 [3]:368
[0]:2508219 [1]:164722 [2]:120 [3]:73
[0]:2707033 [1]:187174 [2]:89 [3]:358
[0]:2904734 [1]:209400 [2]:89 [3]:65
[0]:3096411 [1]:231029 [2]:89 [3]:356
[0]:3287463 [1]:252582 [2]:89 [3]:367
[0]:3496986 [1]:276233 [2]:89 [3]:72
[0]:3695214 [1]:298593 [2]:89 [3]:75
[0]:3889221 [1]:320482 [2]:89 [3]:71
[0]:4096392 [1]:343876 [2]:89 [3]:63
[0]:4307891 [1]:367833 [2]:79 [3]:360
[0]:4500631 [1]:389503 [2]:79 [3]:68
[0]:4689995 [1]:410803 [2]:79 [3]:359
[0]:4890311 [1]:433255 [2]:79 [3]:68
[0]:5088450 [1]:455884 [2]:79 [3]:373
[0]:5286700 [1]:478392 [2]:79 [3]:74
[0]:5481400 [1]:500309 [2]:79 [3]:53
[0]:5673089 [1]:521985 [2]:76 [3]:61
[0]:5873856 [1]:544659 [2]:76 [3]:356
[0]:6072403 [1]:567250 [2]:76 [3]:56
[0]:6276256 [1]:590225 [2]:76 [3]:358
[0]:6466133 [1]:611644 [2]:76 [3]:75
[0]:6667616 [1]:634202 [2]:76 [3]:58
[0]:6899459 [1]:660347 [2]:76 [3]:360
[0]:7090830 [1]:681840 [2]:76 [3]:365
[0]:7287837 [1]:704081 [2]:75 [3]:54
[0]:7488457 [1]:726679 [2]:75 [3]:356
[0]:7681831 [1]:748535 [2]:75 [3]:64
[0]:7878045 [1]:770641 [2]:75 [3]:363
[0]:8072598 [1]:792705 [2]:75 [3]:371
[0]:8270946 [1]:815037 [2]:75 [3]:71
[0]:8461831 [1]:836506 [2]:75 [3]:53
[0]:8668302 [1]:859860 [2]:75 [3]:54
[0]:8859408 [1]:881294 [2]:75 [3]:57
[0]:9083811 [1]:906733 [2]:75 [3]:372
[0]:9282107 [1]:929098 [2]:75 [3]:68
[0]:9483169 [1]:951646 [2]:75 [3]:58
[0]:9682985 [1]:974358 [2]:75 [3]:57
[0]:9881091 [1]:996751 [2]:75 [3]:65
[0]:10102511 [1]:1021640 [2]:75 [3]:59
[0]:10304272 [1]:1044456 [2]:75 [3]:77
[0]:10498881 [1]:1066428 [2]:75 [3]:361
[0]:10705240 [1]:1089641 [2]:75 [3]:361
[0]:10898253 [1]:1111415 [2]:75 [3]:66
[0]:11088963 [1]:1132870 [2]:75 [3]:366
[0]:11287115 [1]:1155349 [2]:75 [3]:355
[0]:11487809 [1]:1178062 [2]:75 [3]:352
[0]:11682180 [1]:1200005 [2]:75 [3]:378
[0]:11933461 [1]:1228531 [2]:75 [3]:56
[0]:12124304 [1]:1249983 [2]:75 [3]:71
[0]:12360356 [1]:1276636 [2]:75 [3]:366
[0]:12569907 [1]:1300235 [2]:75 [3]:369
[0]:12768236 [1]:1322823 [2]:75 [3]:47
[0]:12970342 [1]:1345662 [2]:75 [3]:79
[0]:13164794 [1]:1367789 [2]:75 [3]:356
[0]:13359639 [1]:1389657 [2]:75 [3]:64
[0]:13561457 [1]:1412578 [2]:75 [3]:63
[0]:13755408 [1]:1434469 [2]:75 [3]:68
[0]:13954735 [1]:1457129 [2]:75 [3]:367
[0]:14159830 [1]:1480355 [2]:75 [3]:67
[0]:14359006 [1]:1502794 [2]:75 [3]:364
[0]:14564998 [1]:1525948 [2]:75 [3]:62
[0]:14763606 [1]:1548301 [2]:75 [3]:364
[0]:14949170 [1]:1569186 [2]:75 [3]:375
[0]:15145683 [1]:1591316 [2]:75 [3]:63
[0]:15358746 [1]:1615399 [2]:75 [3]:356
[0]:15546078 [1]:1636495 [2]:75 [3]:64
[0]:15734745 [1]:1657728 [2]:75 [3]:371
[0]:15927854 [1]:1679490 [2]:75 [3]:368
[0]:16123091 [1]:1701495 [2]:75 [3]:355
[0]:16317220 [1]:1723639 [2]:75 [3]:61
[0]:16514949 [1]:1746067 [2]:75 [3]:355
[0]:16710474 [1]:1768196 [2]:75 [3]:58
[0]:16906505 [1]:1790385 [2]:75 [3]:60
[0]:17099696 [1]:1812231 [2]:75 [3]:369
[0]:17292569 [1]:1834085 [2]:75 [3]:361
[0]:17481043 [1]:1855520 [2]:75 [3]:365
[0]:17669927 [1]:1876953 [2]:75 [3]:64
[0]:17889044 [1]:1901653 [2]:75 [3]:64
[0]:18102873 [1]:1925765 [2]:75 [3]:72
[0]:18300996 [1]:1948136 [2]:75 [3]:363
[0]:18555494 [1]:1976861 [2]:75 [3]:366
[0]:18788085 [1]:2003015 [2]:75 [3]:370
[0]:18976677 [1]:2024210 [2]:75 [3]:67
[0]:19174149 [1]:2046459 [2]:75 [3]:76
[0]:19398646 [1]:2071815 [2]:75 [3]:364
[0]:19589762 [1]:2093348 [2]:75 [3]:77
[0]:19784061 [1]:2115209 [2]:75 [3]:366
[0]:20020352 [1]:2141852 [2]:75 [3]:59
[0]:20214765 [1]:2163880 [2]:75 [3]:368
[0]:20413237 [1]:2186362 [2]:75 [3]:61
[0]:20619519 [1]:2209478 [2]:75 [3]:62
[0]:20810608 [1]:2231014 [2]:75 [3]:62
[0]:20997656 [1]:2252082 [2]:75 [3]:77
[0]:21203773 [1]:2275359 [2]:75 [3]:368
[0]:21396589 [1]:2297073 [2]:75 [3]:377
[0]:21589507 [1]:2318843 [2]:75 [3]:60
[0]:21787707 [1]:2341192 [2]:75 [3]:363
[0]:21982987 [1]:2363271 [2]:75 [3]:71
[0]:22185684 [1]:2386211 [2]:75 [3]:372
[0]:22375569 [1]:2407583 [2]:75 [3]:359
[0]:22566317 [1]:2429211 [2]:75 [3]:65
[0]:22759333 [1]:2450986 [2]:75 [3]:77
[0]:22967345 [1]:2474451 [2]:75 [3]:66
[0]:23161842 [1]:2496381 [2]:75 [3]:80
[0]:23362205 [1]:2519285 [2]:75 [3]:365
[0]:23554980 [1]:2540971 [2]:75 [3]:69
[0]:23753209 [1]:2563507 [2]:75 [3]:358
[0]:23955491 [1]:2586388 [2]:75 [3]:65
[0]:24157476 [1]:2609163 [2]:75 [3]:360
[0]:24359825 [1]:2631934 [2]:75 [3]:72
[0]:24550873 [1]:2653459 [2]:75 [3]:360
[0]:24743599 [1]:2675114 [2]:75 [3]:66
[0]:24944264 [1]:2697594 [2]:75 [3]:54
[0]:25139086 [1]:2719552 [2]:75 [3]:360
[0]:25340233 [1]:2742260 [2]:75 [3]:359
[0]:25532232 [1]:2763940 [2]:75 [3]:361
[0]:25719452 [1]:2784966 [2]:75 [3]:66
[0]:25921291 [1]:2807750 [2]:75 [3]:359
[0]:26141601 [1]:2832601 [2]:75 [3]:58
[0]:26341357 [1]:2855074 [2]:75 [3]:62
[0]:26542712 [1]:2877768 [2]:75 [3]:59
[0]:26749343 [1]:2901010 [2]:75 [3]:361
[0]:26951706 [1]:2923826 [2]:75 [3]:361
[0]:27146579 [1]:2945693 [2]:75 [3]:368
[0]:27341327 [1]:2967612 [2]:75 [3]:61
[0]:27532224 [1]:2989245 [2]:75 [3]:63
[0]:27726969 [1]:3011240 [2]:75 [3]:361
[0]:27932793 [1]:3034340 [2]:75 [3]:72
[0]:28188906 [1]:3063109 [2]:75 [3]:60
[0]:28400774 [1]:3087041 [2]:75 [3]:71
[0]:28602998 [1]:3110012 [2]:75 [3]:77
[0]:28805514 [1]:3132750 [2]:75 [3]:366
[0]:29015170 [1]:3156355 [2]:75 [3]:347
[0]:29232603 [1]:3180863 [2]:75 [3]:63
[0]:29442209 [1]:3204481 [2]:75 [3]:74
[0]:29651046 [1]:3227961 [2]:75 [3]:364
[0]:29880399 [1]:3253750 [2]:75 [3]:69
[0]:30082573 [1]:3276561 [2]:75 [3]:66
[0]:30280577 [1]:3298821 [2]:75 [3]:77
[0]:30538344 [1]:3327865 [2]:75 [3]:68
[0]:30775406 [1]:3354576 [2]:75 [3]:362
[0]:30981565 [1]:3377668 [2]:75 [3]:368
[0]:31184047 [1]:3400599 [2]:75 [3]:62
[0]:31379586 [1]:3422588 [2]:75 [3]:85
[0]:31584453 [1]:3445699 [2]:75 [3]:67
[0]:31797845 [1]:3469954 [2]:75 [3]:69
[0]:31996309 [1]:3492229 [2]:75 [3]:372
[0]:32193586 [1]:3514514 [2]:75 [3]:70
[0]:32385436 [1]:3546322 [2]:75 [3]:365
[0]:32576077 [1]:3579059 [2]:75 [3]:370
[0]:32777182 [1]:3613669 [2]:75 [3]:355
[0]:32977776 [1]:3648440 [2]:75 [3]:66
[0]:33177688 [1]:3682763 [2]:75 [3]:363
[0]:33389961 [1]:3719171 [2]:88 [3]:365
[0]:33585061 [1]:3752772 [2]:88 [3]:60
[0]:33778781 [1]:3786211 [2]:88 [3]:72
[0]:33997122 [1]:3823809 [2]:88 [3]:88
[0]:34196543 [1]:3858220 [2]:88 [3]:70
[0]:34402644 [1]:3893592 [2]:88 [3]:360
[0]:34605028 [1]:3928462 [2]:88 [3]:363
[0]:34790877 [1]:3960471 [2]:88 [3]:73
[0]:34988765 [1]:3994567 [2]:88 [3]:366
[0]:35190581 [1]:4029270 [2]:88 [3]:60
[0]:35392545 [1]:4064004 [2]:102 [3]:363
[0]:35583102 [1]:4096759 [2]:102 [3]:362
[0]:35795674 [1]:4133350 [2]:102 [3]:58
[0]:35993680 [1]:4167413 [2]:102 [3]:64
[0]:36195642 [1]:4202230 [2]:102 [3]:70
[0]:36393570 [1]:4236301 [2]:102 [3]:361
[0]:36588018 [1]:4269685 [2]:102 [3]:368
[0]:36782014 [1]:4303144 [2]:102 [3]:60
[0]:36984420 [1]:4338119 [2]:102 [3]:362
[0]:37189232 [1]:4373339 [2]:102 [3]:363
[0]:37394723 [1]:4408652 [2]:106 [3]:58
[0]:37588957 [1]:4442025 [2]:106 [3]:362
[0]:37779362 [1]:4474835 [2]:106 [3]:64
[0]:37980882 [1]:4509604 [2]:106 [3]:360
[0]:38182949 [1]:4544335 [2]:106 [3]:353
[0]:38397616 [1]:4581311 [2]:106 [3]:63
[0]:38593808 [1]:4615093 [2]:106 [3]:61
