[0]:30464518 [1]:3603889 [2]:100 [3]:355
[0]:30671228 [1]:3639349 [2]:100 [3]:367
[0]:30870314 [1]:3673450 [2]:100 [3]:63
[0]:31068275 [1]:3707519 [2]:100 [3]:366
[0]:31262572 [1]:3740897 [2]:100 [3]:354
[0]:31501544 [1]:3782211 [2]:100 [3]:356
[0]:31720482 [1]:3820013 [2]:100 [3]:59
[0]:31916233 [1]:3853621 [2]:100 [3]:369
[0]:32114178 [1]:3887666 [2]:105 [3]:347
[0]:32327056 [1]:3924493 [2]:105 [3]:57
[0]:32528933 [1]:3959221 [2]:105 [3]:81
[0]:32726731 [1]:3993367 [2]:105 [3]:357
[0]:32922791 [1]:4026992 [2]:105 [3]:355
[0]:33151422 [1]:4066454 [2]:105 [3]:364
[0]:33354356 [1]:4101302 [2]:105 [3]:370
[0]:33559640 [1]:4136687 [2]:105 [3]:69
[0]:33796331 [1]:4177270 [2]:105 [3]:365
[0]:34056496 [1]:4221904 [2]:107 [3]:365
[0]:34254780 [1]:4256005 [2]:107 [3]:360
[0]:34452594 [1]:4290175 [2]:107 [3]:76
[0]:34654568 [1]:4324741 [2]:107 [3]:364
[0]:34855493 [1]:4359176 [2]:107 [3]:64
[0]:35050376 [1]:4392582 [2]:107 [3]:360
[0]:35241202 [1]:4425525 [2]:107 [3]:362
[0]:35470540 [1]:4464895 [2]:107 [3]:369
[0]:35692348 [1]:4503010 [2]:107 [3]:364
[0]:35906165 [1]:4539826 [2]:107 [3]:66
[0]:36104192 [1]:4573845 [2]:107 [3]:366
[0]:36302284 [1]:4607816 [2]:107 [3]:64
[0]:36500402 [1]:4641662 [2]:107 [3]:370
[0]:36698446 [1]:4675704 [2]:107 [3]:369
[0]:36914176 [1]:4712722 [2]:107 [3]:73
[0]:37124394 [1]:4748946 [2]:107 [3]:363
[0]:37322471 [1]:4783031 [2]:107 [3]:58
[0]:37520472 [1]:4817078 [2]:107 [3]:369
[0]:37720820 [1]:4851599 [2]:107 [3]:58
[0]:37916176 [1]:4885469 [2]:107 [3]:370
[0]:38136561 [1]:4923501 [2]:108 [3]:61
[0]:38347580 [1]:4959758 [2]:108 [3]:54
[0]:38546820 [1]:4994003 [2]:108 [3]:70
[0]:38748908 [1]:5029100 [2]:108 [3]:367
[0]:38957604 [1]:5065077 [2]:108 [3]:361
[0]:39163573 [1]:5100610 [2]:108 [3]:62
[0]:39361546 [1]:5134676 [2]:108 [3]:78
[0]:39552137 [1]:5167355 [2]:108 [3]:363
[0]:39746386 [1]:5200763 [2]:108 [3]:357
[0]:39955314 [1]:5236684 [2]:108 [3]:65
[0]:40149771 [1]:5270264 [2]:108 [3]:67
[0]:40344735 [1]:5303835 [2]:108 [3]:368
[0]:40538392 [1]:5337088 [2]:108 [3]:359
[0]:40732450 [1]:5370562 [2]:108 [3]:64
[0]:40926670 [1]:5404016 [2]:108 [3]:64
[0]:41117192 [1]:5436759 [2]:108 [3]:363
[0]:41341023 [1]:5475178 [2]:108 [3]:366
[0]:41535609 [1]:5508617 [2]:108 [3]:365
[0]:41725006 [1]:5541392 [2]:108 [3]:361
[0]:41946877 [1]:5579497 [2]:108 [3]:67
[0]:42141065 [1]:5612761 [2]:108 [3]:57
[0]:42334907 [1]:5646066 [2]:108 [3]:61
[0]:42540624 [1]:5681505 [2]:108 [3]:363
[0]:42732954 [1]:5714519 [2]:108 [3]:56
[0]:42929614 [1]:5748303 [2]:108 [3]:362
[0]:43122942 [1]:5781391 [2]:108 [3]:368
[0]:43321842 [1]:5815690 [2]:108 [3]:355
[0]:43516121 [1]:5849095 [2]:108 [3]:365
[0]:43716804 [1]:5883665 [2]:108 [3]:76
[0]:43975276 [1]:5928054 [2]:108 [3]:363
[0]:44174880 [1]:5962411 [2]:108 [3]:364
[0]:44371428 [1]:5996405 [2]:108 [3]:368
[0]:44569607 [1]:6030416 [2]:108 [3]:58
[0]:44771253 [1]:6065275 [2]:108 [3]:58
[0]:44961027 [1]:6097740 [2]:108 [3]:369
[0]:45182476 [1]:6135945 [2]:108 [3]:356
