[0]:137820965 [1]:15366902 [2]:92 [3]:363
[0]:138040855 [1]:15399476 [2]:92 [3]:370
[0]:138253704 [1]:15431026 [2]:92 [3]:372
[0]:138494275 [1]:15466645 [2]:92 [3]:363
[0]:138762252 [1]:15506426 [2]:92 [3]:357
[0]:138970839 [1]:15537473 [2]:92 [3]:367
[0]:139183423 [1]:15569037 [2]:92 [3]:369
[0]:139392170 [1]:15600069 [2]:92 [3]:79
[0]:139597456 [1]:15630452 [2]:92 [3]:356
[0]:139818127 [1]:15663280 [2]:92 [3]:348
[0]:140054569 [1]:15698258 [2]:92 [3]:363
[0]:140275436 [1]:15731026 [2]:92 [3]:363
[0]:140479995 [1]:15761355 [2]:92 [3]:369
[0]:140689129 [1]:15792366 [2]:92 [3]:369
[0]:140897030 [1]:15823206 [2]:92 [3]:363
[0]:141106877 [1]:15854270 [2]:92 [3]:371
[0]:141315420 [1]:15885250 [2]:92 [3]:85
[0]:141528454 [1]:15916933 [2]:92 [3]:364
[0]:141766672 [1]:15952354 [2]:92 [3]:360
[0]:141969797 [1]:15982511 [2]:92 [3]:353
[0]:142175150 [1]:16012924 [2]:92 [3]:358
[0]:142391507 [1]:16044978 [2]:92 [3]:371
[0]:142600318 [1]:16076191 [2]:92 [3]:362
[0]:142813106 [1]:16107778 [2]:92 [3]:364
[0]:143027301 [1]:16139431 [2]:92 [3]:359
[0]:143230899 [1]:16169623 [2]:92 [3]:374
[0]:143455460 [1]:16202966 [2]:92 [3]:361
[0]:143667580 [1]:16234406 [2]:92 [3]:361
[0]:143881129 [1]:16266161 [2]:92 [3]:365
[0]:144093806 [1]:16297669 [2]:92 [3]:367
[0]:144314536 [1]:16330459 [2]:92 [3]:365
[0]:144531187 [1]:16362612 [2]:92 [3]:361
[0]:144760995 [1]:16396776 [2]:92 [3]:355
[0]:144972607 [1]:16428217 [2]:92 [3]:73
[0]:145177193 [1]:16458503 [2]:92 [3]:356
[0]:145382412 [1]:16489033 [2]:92 [3]:358
[0]:145595149 [1]:16520582 [2]:92 [3]:71
[0]:145799356 [1]:16550879 [2]:92 [3]:361
[0]:146005201 [1]:16581420 [2]:92 [3]:367
[0]:146213976 [1]:16612383 [2]:92 [3]:365
[0]:146418869 [1]:16642867 [2]:92 [3]:370
[0]:146625609 [1]:16673500 [2]:92 [3]:364
[0]:146832665 [1]:16704191 [2]:92 [3]:368
[0]:147049620 [1]:16736281 [2]:92 [3]:365
[0]:147277929 [1]:16770127 [2]:92 [3]:80
[0]:147482187 [1]:16800455 [2]:92 [3]:373
[0]:147682505 [1]:16830212 [2]:92 [3]:358
[0]:147888924 [1]:16860805 [2]:92 [3]:364
[0]:148097558 [1]:16891841 [2]:92 [3]:361
[0]:148365342 [1]:16931659 [2]:92 [3]:359
[0]:148566665 [1]:16961508 [2]:92 [3]:372
[0]:148795146 [1]:16995441 [2]:92 [3]:363
[0]:149003563 [1]:17026414 [2]:92 [3]:362
[0]:149212977 [1]:17057511 [2]:92 [3]:364
[0]:149425511 [1]:17089160 [2]:92 [3]:73
[0]:149637069 [1]:17120507 [2]:92 [3]:365
[0]:149872986 [1]:17155529 [2]:92 [3]:367
[0]:150075480 [1]:17185619 [2]:92 [3]:370
[0]:150280803 [1]:17216067 [2]:92 [3]:83
[0]:150493595 [1]:17247682 [2]:92 [3]:364
[0]:150694502 [1]:17277484 [2]:92 [3]:361
[0]:150899418 [1]:17307998 [2]:92 [3]:371
[0]:151112347 [1]:17339583 [2]:92 [3]:363
[0]:151328665 [1]:17371658 [2]:92 [3]:363
[0]:151535163 [1]:17402233 [2]:92 [3]:363
[0]:151734673 [1]:17431791 [2]:92 [3]:372
[0]:151941797 [1]:17462635 [2]:92 [3]:366
[0]:152151664 [1]:17493912 [2]:92 [3]:371
[0]:152361296 [1]:17525121 [2]:92 [3]:364
[0]:152571514 [1]:17556325 [2]:92 [3]:361
[0]:152764004 [1]:17584940 [2]:92 [3]:370
[0]:152964391 [1]:17614561 [2]:92 [3]:358
[0]:153170028 [1]:17645018 [2]:92 [3]:364
[0]:153423894 [1]:17682753 [2]:92 [3]:367
