[0]:3641977553 [1]:1 [2]:2 [3]:71
[0]:3430138327 [1]:1 [2]:2 [3]:211
[0]:4222239328 [1]:1 [2]:2 [3]:190
[0]:4010001272 [1]:1 [2]:2 [3]:87
[0]:3794187396 [1]:1 [2]:2 [3]:159
[0]:3582150427 [1]:1 [2]:2 [3]:206
[0]:3370308297 [1]:1 [2]:2 [3]:104
[0]:4157954276 [1]:1 [2]:2 [3]:61
[0]:3894362658 [1]:1 [2]:2 [3]:182
[0]:3681955627 [1]:1 [2]:2 [3]:213
[0]:3478154074 [1]:1 [2]:2 [3]:185
[0]:4263783012 [1]:1 [2]:2 [3]:112
[0]:4058881189 [1]:1 [2]:2 [3]:114
[0]:3834247846 [1]:1 [2]:2 [3]:172
[0]:3618229918 [1]:1 [2]:2 [3]:85
[0]:3416526671 [1]:1 [2]:2 [3]:125
[0]:4202296553 [1]:1 [2]:2 [3]:155
[0]:3982049884 [1]:1 [2]:2 [3]:157
[0]:3773971602 [1]:1 [2]:2 [3]:64
[0]:3566282626 [1]:1 [2]:2 [3]:151
[0]:3354341646 [1]:1 [2]:2 [3]:123
[0]:4142939994 [1]:1 [2]:2 [3]:213
[0]:3914956556 [1]:1 [2]:2 [3]:160
[0]:3698301713 [1]:1 [2]:2 [3]:196
[0]:3483123662 [1]:1 [2]:2 [3]:192
[0]:4262280668 [1]:1 [2]:2 [3]:100
[0]:4060604494 [1]:1 [2]:2 [3]:39
[0]:3844061261 [1]:1 [2]:2 [3]:139
[0]:3628765103 [1]:1 [2]:2 [3]:125
[0]:3420217773 [1]:1 [2]:2 [3]:35
[0]:4210235682 [1]:1 [2]:2 [3]:202
[0]:4002379308 [1]:1 [2]:2 [3]:97
[0]:3797955531 [1]:1 [2]:2 [3]:122
[0]:3590095023 [1]:1 [2]:2 [3]:195
[0]:3381998336 [1]:1 [2]:2 [3]:212
[0]:4170129282 [1]:1 [2]:2 [3]:209
[0]:3966322561 [1]:1 [2]:2 [3]:131
[0]:3754348278 [1]:1 [2]:2 [3]:210
[0]:3546277601 [1]:1 [2]:2 [3]:38
[0]:3331397644 [1]:1 [2]:2 [3]:145
[0]:4130091274 [1]:1 [2]:2 [3]:106
[0]:3898304366 [1]:1 [2]:2 [3]:198
[0]:3666954437 [1]:1 [2]:2 [3]:108
[0]:3450154278 [1]:1 [2]:2 [3]:36
[0]:4250499478 [1]:1 [2]:2 [3]:106
[0]:4036024429 [1]:1 [2]:2 [3]:207
[0]:3818390706 [1]:1 [2]:2 [3]:50
[0]:3598012831 [1]:1 [2]:2 [3]:87
[0]:3382622546 [1]:1 [2]:2 [3]:92
[0]:4168421869 [1]:1 [2]:2 [3]:70
[0]:3959434261 [1]:1 [2]:2 [3]:167
[0]:3749305291 [1]:1 [2]:2 [3]:208
[0]:3534584858 [1]:1 [2]:2 [3]:48
[0]:3326194234 [1]:1 [2]:2 [3]:102
[0]:4090735399 [1]:1 [2]:2 [3]:70
[0]:3882083934 [1]:1 [2]:2 [3]:185
[0]:3685838649 [1]:1 [2]:2 [3]:81
[0]:3475381809 [1]:1 [2]:2 [3]:208
[0]:4202217853 [1]:1 [2]:2 [3]:74
[0]:3994137552 [1]:1 [2]:2 [3]:176
[0]:3774299351 [1]:1 [2]:2 [3]:103
[0]:3563228077 [1]:1 [2]:2 [3]:184
[0]:3359170803 [1]:1 [2]:2 [3]:206
[0]:4158521483 [1]:1 [2]:2 [3]:196
[0]:3946219417 [1]:1 [2]:2 [3]:75
[0]:3736669504 [1]:1 [2]:2 [3]:49
[0]:3517153044 [1]:1 [2]:2 [3]:206
[0]:4294705053 [1]:1 [2]:2 [3]:167
[0]:4074348031 [1]:1 [2]:2 [3]:204
[0]:3830567788 [1]:1 [2]:2 [3]:109
[0]:3623041812 [1]:1 [2]:2 [3]:98
[0]:3406378253 [1]:1 [2]:2 [3]:50
[0]:4194829237 [1]:1 [2]:2 [3]:179
[0]:3982564973 [1]:1 [2]:2 [3]:109
