[0]:0 [1]:0 [2]:0 [3]:0
[0]:10055 [1]:0 [2]:0 [3]:281
[0]:238248 [1]:0 [2]:0 [3]:83
[0]:461772 [1]:0 [2]:0 [3]:321
[0]:689313 [1]:0 [2]:0 [3]:58
[0]:953925 [1]:0 [2]:0 [3]:47
[0]:1154974 [1]:12140 [2]:120 [3]:375
[0]:1355092 [1]:34804 [2]:120 [3]:63
[0]:1623468 [1]:65136 [2]:120 [3]:360
[0]:1814607 [1]:86715 [2]:120 [3]:53
[0]:2050539 [1]:113294 [2]:120 [3]:67
[0]:2251619 [1]:135980 [2]:120 [3]:65
[0]:2451327 [1]:158519 [2]:120 [3]:361
[0]:2649268 [1]:180990 [2]:105 [3]:54
[0]:2847764 [1]:203323 [2]:105 [3]:61
[0]:3046734 [1]:225667 [2]:105 [3]:80
[0]:3241416 [1]:247607 [2]:105 [3]:74
[0]:3440045 [1]:270019 [2]:105 [3]:74
[0]:3638121 [1]:292321 [2]:105 [3]:56
[0]:3836035 [1]:314774 [2]:105 [3]:360
[0]:4031446 [1]:336905 [2]:105 [3]:363
[0]:4224826 [1]:358778 [2]:95 [3]:352
[0]:4427000 [1]:381581 [2]:95 [3]:67
[0]:4631042 [1]:404563 [2]:95 [3]:62
[0]:4829024 [1]:426752 [2]:95 [3]:363
[0]:5028898 [1]:449264 [2]:95 [3]:67
[0]:5222170 [1]:470984 [2]:95 [3]:65
[0]:5413387 [1]:492565 [2]:95 [3]:74
[0]:5617303 [1]:515537 [2]:95 [3]:61
[0]:5819285 [1]:538263 [2]:88 [3]:59
[0]:6019025 [1]:560785 [2]:88 [3]:68
[0]:6226141 [1]:584138 [2]:88 [3]:68
[0]:6532339 [1]:618601 [2]:88 [3]:74
[0]:6734097 [1]:641356 [2]:88 [3]:359
[0]:6937730 [1]:664290 [2]:88 [3]:367
[0]:7146352 [1]:687799 [2]:88 [3]:373
[0]:7363610 [1]:712179 [2]:83 [3]:364
[0]:7564091 [1]:734561 [2]:83 [3]:61
[0]:7765662 [1]:757283 [2]:83 [3]:54
[0]:8018013 [1]:785728 [2]:83 [3]:66
[0]:8215012 [1]:807891 [2]:83 [3]:362
[0]:8420052 [1]:831019 [2]:83 [3]:77
[0]:8619572 [1]:853454 [2]:83 [3]:64
[0]:8821760 [1]:876235 [2]:80 [3]:355
[0]:9024310 [1]:899105 [2]:80 [3]:62
[0]:9308955 [1]:931206 [2]:80 [3]:365
[0]:9507375 [1]:953578 [2]:80 [3]:360
[0]:9707942 [1]:976445 [2]:80 [3]:63
[0]:9903786 [1]:998585 [2]:80 [3]:71
[0]:10098155 [1]:1020850 [2]:80 [3]:364
[0]:10298147 [1]:1043554 [2]:78 [3]:95
[0]:10500540 [1]:1066483 [2]:78 [3]:75
[0]:10708109 [1]:1089978 [2]:78 [3]:58
[0]:10917890 [1]:1113606 [2]:78 [3]:371
[0]:11111223 [1]:1135304 [2]:78 [3]:67
[0]:11304779 [1]:1157198 [2]:78 [3]:86
[0]:11536464 [1]:1183690 [2]:78 [3]:364
[0]:11737537 [1]:1206495 [2]:77 [3]:362
[0]:11946030 [1]:1229914 [2]:77 [3]:62
[0]:12149769 [1]:1252765 [2]:77 [3]:70
[0]:12350364 [1]:1275429 [2]:77 [3]:366
[0]:12550417 [1]:1297900 [2]:77 [3]:366
[0]:12748666 [1]:1320282 [2]:77 [3]:347
[0]:12947602 [1]:1342648 [2]:77 [3]:72
[0]:13199443 [1]:1370956 [2]:77 [3]:65
[0]:13392894 [1]:1392765 [2]:75 [3]:70
[0]:13596888 [1]:1415824 [2]:75 [3]:63
[0]:13801162 [1]:1438928 [2]:75 [3]:66
[0]:14000563 [1]:1461487 [2]:75 [3]:350
[0]:14230076 [1]:1487356 [2]:75 [3]:355
[0]:14437121 [1]:1510846 [2]:75 [3]:357
[0]:14639590 [1]:1533844 [2]:75 [3]:67
[0]:14841895 [1]:1556702 [2]:74 [3]:64
[0]:15047970 [1]:1579876 [2]:74 [3]:365
[0]:15242496 [1]:1601862 [2]:74 [3]:358
[0]:15449036 [1]:1625087 [2]:74 [3]:65
[0]:15673159 [1]:1650428 [2]:74 [3]:361
[0]:15867053 [1]:1672392 [2]:74 [3]:370
[0]:16068323 [1]:1695075 [2]:74 [3]:60
[0]:16272326 [1]:1717991 [2]:74 [3]:56
[0]:16470640 [1]:1740427 [2]:73 [3]:359
[0]:16664399 [1]:1762185 [2]:73 [3]:72
[0]:16887765 [1]:1787295 [2]:73 [3]:358
[0]:17081435 [1]:1809163 [2]:73 [3]:358
[0]:17276322 [1]:1831079 [2]:73 [3]:69
[0]:17478394 [1]:1853880 [2]:73 [3]:56
[0]:17697477 [1]:1878577 [2]:73 [3]:66
[0]:17901362 [1]:1901503 [2]:73 [3]:367
[0]:18133833 [1]:1927699 [2]:73 [3]:359
[0]:18328665 [1]:1949582 [2]:73 [3]:69
[0]:18544631 [1]:1973927 [2]:73 [3]:56
[0]:18743176 [1]:1996293 [2]:73 [3]:65
[0]:18961665 [1]:2021015 [2]:73 [3]:64
[0]:19153458 [1]:2042699 [2]:73 [3]:67
[0]:19350931 [1]:2064887 [2]:73 [3]:366
[0]:19543757 [1]:2086643 [2]:73 [3]:57
[0]:19751803 [1]:2110045 [2]:73 [3]:66
[0]:19945277 [1]:2131935 [2]:73 [3]:65
[0]:20141065 [1]:2154016 [2]:73 [3]:73
[0]:20343260 [1]:2176901 [2]:73 [3]:63
[0]:20540662 [1]:2199151 [2]:73 [3]:61
[0]:20742249 [1]:2221956 [2]:73 [3]:356
[0]:20942414 [1]:2244494 [2]:73 [3]:59
[0]:21155621 [1]:2268617 [2]:73 [3]:62
[0]:21375484 [1]:2293351 [2]:73 [3]:74
[0]:21574438 [1]:2315955 [2]:73 [3]:52
[0]:21773588 [1]:2338342 [2]:73 [3]:68
[0]:21974153 [1]:2361076 [2]:73 [3]:364
[0]:22182389 [1]:2384588 [2]:73 [3]:351
[0]:22376107 [1]:2406570 [2]:73 [3]:69
[0]:22588924 [1]:2430706 [2]:73 [3]:71
[0]:22786804 [1]:2453007 [2]:73 [3]:64
[0]:22986332 [1]:2475519 [2]:73 [3]:360
[0]:23211102 [1]:2500947 [2]:73 [3]:63
[0]:23405821 [1]:2522821 [2]:73 [3]:62
[0]:23596937 [1]:2544320 [2]:73 [3]:359
[0]:23795597 [1]:2566673 [2]:73 [3]:359
[0]:23997598 [1]:2589442 [2]:73 [3]:67
[0]:24224568 [1]:2614950 [2]:73 [3]:68
[0]:24417464 [1]:2636672 [2]:73 [3]:366
[0]:24623156 [1]:2659829 [2]:73 [3]:63
[0]:24812303 [1]:2681083 [2]:73 [3]:73
[0]:25028635 [1]:2705431 [2]:73 [3]:58
[0]:25222479 [1]:2727338 [2]:73 [3]:67
[0]:25416089 [1]:2749150 [2]:73 [3]:357
[0]:25619761 [1]:2772121 [2]:73 [3]:365
[0]:25811917 [1]:2793808 [2]:73 [3]:364
[0]:26008618 [1]:2816057 [2]:73 [3]:364
[0]:26215028 [1]:2839332 [2]:73 [3]:57
[0]:26420858 [1]:2862577 [2]:73 [3]:69
[0]:26619275 [1]:2884945 [2]:73 [3]:63
[0]:26817658 [1]:2907276 [2]:73 [3]:58
[0]:27020029 [1]:2930182 [2]:73 [3]:369
[0]:27224300 [1]:2962334 [2]:73 [3]:74
[0]:27427166 [1]:2997132 [2]:73 [3]:61
