[0]:92476202 [1]:92476203 [2]:0 [3]:507
[0]:92639319 [1]:92639319 [2]:0 [3]:105
[0]:92787802 [1]:92787803 [2]:0 [3]:507
[0]:92933151 [1]:92933152 [2]:0 [3]:525
[0]:93071220 [1]:93071220 [2]:0 [3]:138
[0]:93221590 [1]:93221590 [2]:0 [3]:101
[0]:93368243 [1]:93368243 [2]:0 [3]:116
[0]:93509006 [1]:93509006 [2]:0 [3]:111
[0]:93700026 [1]:93700026 [2]:0 [3]:121
[0]:93838039 [1]:93838041 [2]:0 [3]:531
[0]:93977247 [1]:93977248 [2]:0 [3]:515
[0]:94121003 [1]:94121004 [2]:0 [3]:125
[0]:94280432 [1]:94280432 [2]:0 [3]:128
[0]:94432272 [1]:94432272 [2]:0 [3]:149
[0]:94568963 [1]:94568964 [2]:0 [3]:497
[0]:94710808 [1]:94710808 [2]:0 [3]:113
[0]:94847189 [1]:94847191 [2]:0 [3]:538
[0]:94988363 [1]:94988362 [2]:0 [3]:113
[0]:95127539 [1]:95127539 [2]:0 [3]:116
[0]:95268317 [1]:95268319 [2]:0 [3]:498
[0]:95416606 [1]:95416607 [2]:0 [3]:123
[0]:95554635 [1]:95554634 [2]:0 [3]:99
[0]:95697899 [1]:95697899 [2]:0 [3]:79
[0]:95835868 [1]:95835868 [2]:0 [3]:88
[0]:95984478 [1]:95984478 [2]:0 [3]:523
[0]:96132965 [1]:96132964 [2]:0 [3]:526
[0]:96286585 [1]:96286585 [2]:0 [3]:529
[0]:96427516 [1]:96427516 [2]:0 [3]:150
[0]:96570884 [1]:96570886 [2]:0 [3]:127
[0]:96778464 [1]:96778464 [2]:0 [3]:85
[0]:96923761 [1]:96923761 [2]:0 [3]:503
[0]:97064348 [1]:97064348 [2]:0 [3]:78
[0]:97260420 [1]:97260420 [2]:0 [3]:506
[0]:97401206 [1]:97401205 [2]:0 [3]:145
[0]:97574511 [1]:97574511 [2]:0 [3]:87
[0]:97712284 [1]:97712284 [2]:0 [3]:140
[0]:97852216 [1]:97852217 [2]:0 [3]:87
[0]:97993997 [1]:97993999 [2]:0 [3]:511
[0]:98138767 [1]:98138767 [2]:0 [3]:508
[0]:98275389 [1]:98275389 [2]:0 [3]:98
[0]:98446459 [1]:98446459 [2]:0 [3]:122
[0]:98640957 [1]:98640960 [2]:0 [3]:104
[0]:98787023 [1]:98787023 [2]:0 [3]:137
[0]:98982578 [1]:98982578 [2]:0 [3]:502
[0]:99118044 [1]:99118044 [2]:0 [3]:500
[0]:99258580 [1]:99258580 [2]:0 [3]:109
[0]:99401713 [1]:99401713 [2]:0 [3]:106
[0]:99542003 [1]:99542003 [2]:0 [3]:536
[0]:99677674 [1]:99677674 [2]:0 [3]:523
[0]:99820951 [1]:99820952 [2]:0 [3]:512
[0]:99963135 [1]:99963136 [2]:0 [3]:85
[0]:100104835 [1]:100104835 [2]:0 [3]:507
[0]:100242763 [1]:100242764 [2]:0 [3]:93
[0]:100388824 [1]:100388826 [2]:0 [3]:509
[0]:100526476 [1]:100526480 [2]:0 [3]:115
[0]:100667103 [1]:100667103 [2]:0 [3]:114
[0]:100808004 [1]:100808004 [2]:0 [3]:293
[0]:100945170 [1]:100945170 [2]:0 [3]:527
[0]:101115812 [1]:101115814 [2]:0 [3]:263
[0]:101256380 [1]:101256380 [2]:0 [3]:85
[0]:101396959 [1]:101396959 [2]:0 [3]:515
[0]:101556119 [1]:101556121 [2]:0 [3]:521
[0]:101706051 [1]:101706053 [2]:0 [3]:119
[0]:101850699 [1]:101850699 [2]:0 [3]:503
[0]:102054961 [1]:102054962 [2]:0 [3]:86
[0]:102193066 [1]:102193066 [2]:0 [3]:526
[0]:102352131 [1]:102352131 [2]:0 [3]:511
[0]:102492716 [1]:102492717 [2]:0 [3]:94
[0]:102630602 [1]:102630602 [2]:0 [3]:105
[0]:102784635 [1]:102784635 [2]:0 [3]:111
[0]:102955791 [1]:102955792 [2]:0 [3]:90
[0]:103116272 [1]:103116272 [2]:0 [3]:84
[0]:103277904 [1]:103277904 [2]:0 [3]:96
[0]:103429313 [1]:103429312 [2]:0 [3]:517
[0]:103570006 [1]:103570007 [2]:0 [3]:104
[0]:103711219 [1]:103711219 [2]:0 [3]:130
[0]:103852922 [1]:103852922 [2]:0 [3]:512
[0]:103991789 [1]:103991789 [2]:0 [3]:127
[0]:104137659 [1]:104137659 [2]:0 [3]:508
[0]:104278345 [1]:104278345 [2]:0 [3]:100
[0]:104424199 [1]:104424201 [2]:0 [3]:99
[0]:104570112 [1]:104570112 [2]:0 [3]:517
[0]:104727622 [1]:104727626 [2]:0 [3]:508
[0]:104872617 [1]:104872617 [2]:0 [3]:107
[0]:105007747 [1]:105007748 [2]:0 [3]:515
[0]:105147530 [1]:105147530 [2]:0 [3]:515
[0]:105284848 [1]:105284847 [2]:0 [3]:534
[0]:105479494 [1]:105479495 [2]:0 [3]:494
[0]:105612911 [1]:105612911 [2]:0 [3]:525
[0]:105756092 [1]:105756092 [2]:0 [3]:98
[0]:105899596 [1]:105899596 [2]:0 [3]:515
[0]:106039655 [1]:106039655 [2]:0 [3]:507
[0]:106180729 [1]:106180730 [2]:0 [3]:534
[0]:106324015 [1]:106324015 [2]:0 [3]:513
[0]:106515161 [1]:106515161 [2]:0 [3]:77
[0]:106655798 [1]:106655798 [2]:0 [3]:513
[0]:106846700 [1]:106846700 [2]:0 [3]:514
[0]:106983453 [1]:106983457 [2]:0 [3]:517
[0]:107122785 [1]:107122785 [2]:0 [3]:105
[0]:107262191 [1]:107262191 [2]:0 [3]:106
[0]:107409329 [1]:107409329 [2]:0 [3]:149
[0]:107552610 [1]:107552612 [2]:0 [3]:165
[0]:107711685 [1]:107711685 [2]:0 [3]:523
[0]:107852475 [1]:107852475 [2]:0 [3]:519
[0]:107993080 [1]:107993080 [2]:0 [3]:160
[0]:108130586 [1]:108130587 [2]:0 [3]:502
[0]:108276943 [1]:108276943 [2]:0 [3]:112
[0]:108486524 [1]:108486524 [2]:0 [3]:95
[0]:108634068 [1]:108634068 [2]:0 [3]:70
[0]:108777985 [1]:108777985 [2]:0 [3]:517
[0]:108944397 [1]:108944397 [2]:0 [3]:511
[0]:109082518 [1]:109082518 [2]:0 [3]:509
[0]:109224064 [1]:109224064 [2]:0 [3]:534
[0]:109375675 [1]:109375675 [2]:0 [3]:67
[0]:109529336 [1]:109529337 [2]:0 [3]:118
[0]:109667286 [1]:109667286 [2]:0 [3]:520
[0]:109811258 [1]:109811258 [2]:0 [3]:86
[0]:109956574 [1]:109956574 [2]:0 [3]:522
[0]:110096417 [1]:110096417 [2]:0 [3]:505
[0]:110235197 [1]:110235197 [2]:0 [3]:234
[0]:110378173 [1]:110378173 [2]:0 [3]:519
[0]:110601416 [1]:110601416 [2]:0 [3]:112
[0]:110752445 [1]:110752445 [2]:0 [3]:504
[0]:110904234 [1]:110904235 [2]:0 [3]:109
[0]:111055027 [1]:111055027 [2]:0 [3]:504
[0]:111195497 [1]:111195497 [2]:0 [3]:92
[0]:111343612 [1]:111343612 [2]:0 [3]:101
[0]:111495371 [1]:111495372 [2]:0 [3]:125
[0]:111638687 [1]:111638687 [2]:0 [3]:498
[0]:111795120 [1]:111795121 [2]:0 [3]:520
[0]:111947736 [1]:111947736 [2]:0 [3]:503
[0]:112153538 [1]:112153538 [2]:0 [3]:97
[0]:112301487 [1]:112301487 [2]:0 [3]:514
[0]:112466479 [1]:112466479 [2]:0 [3]:112
[0]:112651721 [1]:112651721 [2]:0 [3]:136
[0]:112805766 [1]:112805766 [2]:0 [3]:87
[0]:112952165 [1]:112952166 [2]:0 [3]:75
[0]:113097980 [1]:113097981 [2]:0 [3]:79
[0]:113241268 [1]:113241268 [2]:0 [3]:93
[0]:113395048 [1]:113395049 [2]:0 [3]:97
[0]:113538464 [1]:113538464 [2]:0 [3]:72
[0]:113683329 [1]:113683329 [2]:0 [3]:520
[0]:113886832 [1]:113886834 [2]:0 [3]:107
[0]:114031975 [1]:114031975 [2]:0 [3]:505
[0]:114175208 [1]:114175208 [2]:0 [3]:157
[0]:114319396 [1]:114319396 [2]:0 [3]:111
[0]:114469138 [1]:114469138 [2]:0 [3]:513
[0]:114615877 [1]:114615877 [2]:0 [3]:88
[0]:114766654 [1]:114766654 [2]:0 [3]:515
[0]:114915596 [1]:114915596 [2]:0 [3]:110
[0]:115058753 [1]:115058753 [2]:0 [3]:116
[0]:115203481 [1]:115203481 [2]:0 [3]:87
[0]:115342711 [1]:115342711 [2]:0 [3]:87
[0]:115485896 [1]:115485897 [2]:0 [3]:100
[0]:115688668 [1]:115688668 [2]:0 [3]:107
[0]:115836128 [1]:115836128 [2]:0 [3]:150
[0]:115972454 [1]:115972454 [2]:0 [3]:84
[0]:116114635 [1]:116114636 [2]:0 [3]:97
[0]:116270640 [1]:116270640 [2]:0 [3]:509
[0]:116411778 [1]:116411779 [2]:0 [3]:96
[0]:116550187 [1]:116550188 [2]:0 [3]:502
[0]:116690453 [1]:116690453 [2]:0 [3]:124
[0]:116838947 [1]:116838948 [2]:0 [3]:100
[0]:116976574 [1]:116976574 [2]:0 [3]:530
[0]:117136174 [1]:117136174 [2]:0 [3]:115
[0]:117286242 [1]:117286242 [2]:0 [3]:109
[0]:117422837 [1]:117422837 [2]:0 [3]:75
[0]:117573294 [1]:117573294 [2]:0 [3]:516
[0]:117709304 [1]:117709305 [2]:0 [3]:504
[0]:117873773 [1]:117873773 [2]:0 [3]:127
[0]:118009164 [1]:118009164 [2]:0 [3]:125
[0]:118149660 [1]:118149660 [2]:0 [3]:99
[0]:118288548 [1]:118288548 [2]:0 [3]:97
[0]:118429150 [1]:118429151 [2]:0 [3]:133
[0]:118592967 [1]:118592967 [2]:0 [3]:517
[0]:118744463 [1]:118744464 [2]:0 [3]:115
[0]:118882620 [1]:118882620 [2]:0 [3]:108
[0]:119032458 [1]:119032458 [2]:0 [3]:502
[0]:119176569 [1]:119176569 [2]:0 [3]:106
[0]:119317223 [1]:119317223 [2]:0 [3]:100
[0]:119463192 [1]:119463192 [2]:0 [3]:186
[0]:119630258 [1]:119630258 [2]:0 [3]:112
[0]:119761786 [1]:119761785 [2]:0 [3]:513
[0]:119920361 [1]:119920362 [2]:0 [3]:530
[0]:120065501 [1]:120065501 [2]:0 [3]:128
[0]:120205954 [1]:120205955 [2]:0 [3]:514
[0]:120344048 [1]:120344049 [2]:0 [3]:79
[0]:120501151 [1]:120501151 [2]:0 [3]:288
[0]:120641040 [1]:120641040 [2]:0 [3]:497
[0]:120789389 [1]:120789391 [2]:0 [3]:93
[0]:120974474 [1]:120974474 [2]:0 [3]:529
[0]:121113425 [1]:121113425 [2]:0 [3]:544
[0]:121254041 [1]:121254043 [2]:0 [3]:120
[0]:121397415 [1]:121397415 [2]:0 [3]:104
[0]:121534143 [1]:121534143 [2]:0 [3]:512
[0]:121674440 [1]:121674440 [2]:0 [3]:522
[0]:121819272 [1]:121819274 [2]:0 [3]:78
[0]:121962573 [1]:121962573 [2]:0 [3]:533
[0]:122114053 [1]:122114053 [2]:0 [3]:98
[0]:122256909 [1]:122256910 [2]:0 [3]:113
[0]:122437047 [1]:122437047 [2]:0 [3]:514
[0]:122578066 [1]:122578066 [2]:0 [3]:510
[0]:122718676 [1]:122718678 [2]:0 [3]:88
[0]:122856699 [1]:122856699 [2]:0 [3]:141
[0]:122994598 [1]:122994599 [2]:0 [3]:520
[0]:123134198 [1]:123134198 [2]:0 [3]:122
[0]:123291097 [1]:123291097 [2]:0 [3]:502
[0]:123461596 [1]:123461596 [2]:0 [3]:512
[0]:123601332 [1]:123601333 [2]:0 [3]:497
[0]:123737539 [1]:123737540 [2]:0 [3]:111
[0]:123886151 [1]:123886151 [2]:0 [3]:115
[0]:124023997 [1]:124023998 [2]:0 [3]:505
[0]:124164081 [1]:124164081 [2]:0 [3]:94
[0]:124300513 [1]:124300513 [2]:0 [3]:105
[0]:124438049 [1]:124438049 [2]:0 [3]:508
[0]:124578616 [1]:124578618 [2]:0 [3]:79
[0]:124712485 [1]:124712485 [2]:0 [3]:99
[0]:124851086 [1]:124851087 [2]:0 [3]:84
[0]:124989169 [1]:124989169 [2]:0 [3]:521
[0]:125138266 [1]:125138266 [2]:0 [3]:84
[0]:125281754 [1]:125281754 [2]:0 [3]:516
[0]:125422354 [1]:125422354 [2]:0 [3]:120
[0]:125568273 [1]:125568273 [2]:0 [3]:516
[0]:125703642 [1]:125703642 [2]:0 [3]:508
[0]:125846841 [1]:125846841 [2]:0 [3]:503
[0]:125995485 [1]:125995486 [2]:0 [3]:117
[0]:126133392 [1]:126133392 [2]:0 [3]:512
[0]:126305268 [1]:126305268 [2]:0 [3]:506
[0]:126451754 [1]:126451754 [2]:0 [3]:523
[0]:126592264 [1]:126592264 [2]:0 [3]:117
[0]:126730360 [1]:126730360 [2]:0 [3]:506
[0]:126929018 [1]:126929018 [2]:0 [3]:98
[0]:127073454 [1]:127073455 [2]:0 [3]:80
[0]:127218125 [1]:127218126 [2]:0 [3]:123
[0]:127359207 [1]:127359207 [2]:0 [3]:108
[0]:127491257 [1]:127491258 [2]:0 [3]:522
[0]:127637667 [1]:127637667 [2]:0 [3]:508
[0]:127787219 [1]:127787219 [2]:0 [3]:84
[0]:127981851 [1]:127981851 [2]:0 [3]:161
[0]:128123182 [1]:128123182 [2]:0 [3]:131
[0]:128317346 [1]:128317346 [2]:0 [3]:119
[0]:128457501 [1]:128457501 [2]:0 [3]:503
[0]:128592662 [1]:128592662 [2]:0 [3]:503
[0]:128768665 [1]:128768668 [2]:0 [3]:520
[0]:128911109 [1]:128911109 [2]:0 [3]:521
[0]:129050880 [1]:129050880 [2]:0 [3]:533
[0]:129189742 [1]:129189742 [2]:0 [3]:514
[0]:129331902 [1]:129331902 [2]:0 [3]:510
[0]:129489596 [1]:129489601 [2]:0 [3]:95
[0]:129645639 [1]:129645639 [2]:0 [3]:204
[0]:129786882 [1]:129786882 [2]:0 [3]:128
[0]:129922000 [1]:129922000 [2]:0 [3]:79
[0]:130059364 [1]:130059364 [2]:0 [3]:129
[0]:130200270 [1]:130200270 [2]:0 [3]:98
[0]:130343726 [1]:130343726 [2]:0 [3]:502
[0]:130481755 [1]:130481755 [2]:0 [3]:96
[0]:130621838 [1]:130621838 [2]:0 [3]:114
[0]:130762970 [1]:130762970 [2]:0 [3]:128
[0]:130903591 [1]:130903591 [2]:0 [3]:83
[0]:131081244 [1]:131081245 [2]:0 [3]:105
[0]:131222516 [1]:131222516 [2]:0 [3]:71
[0]:131354655 [1]:131354657 [2]:0 [3]:126
[0]:131492602 [1]:131492604 [2]:0 [3]:102
[0]:131636793 [1]:131636795 [2]:0 [3]:107
[0]:131774541 [1]:131774543 [2]:0 [3]:103
[0]:131933184 [1]:131933184 [2]:0 [3]:529
[0]:132073102 [1]:132073104 [2]:0 [3]:111
[0]:132211549 [1]:132211549 [2]:0 [3]:114
[0]:132389302 [1]:132389302 [2]:0 [3]:99
[0]:132527169 [1]:132527168 [2]:0 [3]:98
[0]:132670431 [1]:132670431 [2]:0 [3]:510
[0]:132819088 [1]:132819089 [2]:0 [3]:103
[0]:132959593 [1]:132959593 [2]:0 [3]:83
[0]:133102993 [1]:133102993 [2]:0 [3]:495
[0]:133241108 [1]:133241108 [2]:0 [3]:519
[0]:133387723 [1]:133387723 [2]:0 [3]:83
[0]:133546028 [1]:133546029 [2]:0 [3]:129
[0]:133691253 [1]:133691253 [2]:0 [3]:86
[0]:133835307 [1]:133835307 [2]:0 [3]:491
[0]:133975299 [1]:133975299 [2]:0 [3]:92
[0]:134116614 [1]:134116614 [2]:0 [3]:98
[0]:134254499 [1]:134254499 [2]:0 [3]:504
[0]:134406632 [1]:134406630 [2]:0 [3]:122
[0]:134551605 [1]:134551606 [2]:0 [3]:507
[0]:134689607 [1]:134689607 [2]:0 [3]:91
[0]:134835860 [1]:134835860 [2]:0 [3]:100
[0]:134984098 [1]:134984099 [2]:0 [3]:518
[0]:135129223 [1]:135129223 [2]:0 [3]:96
[0]:135302701 [1]:135302703 [2]:0 [3]:498
[0]:135453568 [1]:135453569 [2]:0 [3]:515
[0]:135597204 [1]:135597206 [2]:0 [3]:516
[0]:135788031 [1]:135788031 [2]:0 [3]:511
[0]:135941871 [1]:135941871 [2]:0 [3]:74
[0]:136090429 [1]:136090429 [2]:0 [3]:95
[0]:136228269 [1]:136228269 [2]:0 [3]:518
[0]:136371517 [1]:136371517 [2]:0 [3]:501
[0]:136512543 [1]:136512543 [2]:0 [3]:527
[0]:136661927 [1]:136661927 [2]:0 [3]:79
[0]:136808190 [1]:136808191 [2]:0 [3]:135
[0]:136952754 [1]:136952754 [2]:0 [3]:136
[0]:137089148 [1]:137089148 [2]:0 [3]:510
[0]:137229420 [1]:137229420 [2]:0 [3]:168
[0]:137366583 [1]:137366583 [2]:0 [3]:82
[0]:137510851 [1]:137510851 [2]:0 [3]:510
[0]:137647850 [1]:137647850 [2]:0 [3]:512
[0]:137849626 [1]:137849626 [2]:0 [3]:118
[0]:138019120 [1]:138019121 [2]:0 [3]:521
[0]:138170535 [1]:138170535 [2]:0 [3]:512
[0]:138311224 [1]:138311225 [2]:0 [3]:129
[0]:138452364 [1]:138452365 [2]:0 [3]:105
[0]:138595029 [1]:138595030 [2]:0 [3]:534
[0]:138754983 [1]:138754983 [2]:0 [3]:107
[0]:138892348 [1]:138892348 [2]:0 [3]:498
[0]:139030263 [1]:139030264 [2]:0 [3]:85
[0]:139170832 [1]:139170832 [2]:0 [3]:521
[0]:139210329 [1]:139210329 [2]:0 [3]:521
[0]:139210329 [1]:139210329 [2]:0 [3]:521
[0]:139210329 [1]:139210329 [2]:0 [3]:521
[0]:139210329 [1]:139210329 [2]:0 [3]:521
[0]:139210329 [1]:139210329 [2]:0 [3]:521
[0]:139210329 [1]:139210329 [2]:0 [3]:521
[0]:139210329 [1]:139210329 [2]:0 [3]:521
[0]:139210329 [1]:139210329 [2]:0 [3]:521
[0]:139210329 [1]:139210329 [2]:0 [3]:521
[0]:139210329 [1]:139210329 [2]:0 [3]:521
[0]:139210329 [1]:139210329 [2]:0 [3]:521
[0]:139210329 [1]:139210329 [2]:0 [3]:521
