[0]:133726147 [1]:16294535 [2]:97 [3]:52
[0]:133926830 [1]:16325509 [2]:97 [3]:364
[0]:134128774 [1]:16356651 [2]:97 [3]:361
[0]:134317507 [1]:16385878 [2]:97 [3]:369
[0]:134505818 [1]:16414866 [2]:97 [3]:361
[0]:134713688 [1]:16446864 [2]:97 [3]:365
[0]:134907277 [1]:16476844 [2]:97 [3]:370
[0]:135105454 [1]:16507527 [2]:97 [3]:69
[0]:135317223 [1]:16540170 [2]:101 [3]:359
[0]:135509151 [1]:16569777 [2]:101 [3]:111
[0]:135699348 [1]:16599120 [2]:101 [3]:364
[0]:135900190 [1]:16630214 [2]:101 [3]:357
[0]:136098505 [1]:16660811 [2]:101 [3]:61
[0]:136292445 [1]:16690759 [2]:101 [3]:365
[0]:136491423 [1]:16721470 [2]:101 [3]:69
[0]:136689760 [1]:16752004 [2]:101 [3]:67
[0]:136885731 [1]:16782175 [2]:101 [3]:358
[0]:137083272 [1]:16812821 [2]:101 [3]:363
[0]:137279584 [1]:16843200 [2]:101 [3]:352
[0]:137476060 [1]:16873501 [2]:102 [3]:55
[0]:137668890 [1]:16903312 [2]:102 [3]:63
[0]:137890774 [1]:16937541 [2]:102 [3]:361
[0]:138086659 [1]:16967749 [2]:102 [3]:369
[0]:138303104 [1]:17001240 [2]:102 [3]:368
[0]:138556559 [1]:17040368 [2]:102 [3]:58
[0]:138755773 [1]:17071066 [2]:102 [3]:349
[0]:138956777 [1]:17102115 [2]:102 [3]:71
[0]:139189516 [1]:17138144 [2]:102 [3]:370
[0]:139392162 [1]:17169384 [2]:102 [3]:363
[0]:139593723 [1]:17200497 [2]:102 [3]:360
[0]:139788797 [1]:17230624 [2]:102 [3]:365
[0]:139985386 [1]:17260994 [2]:102 [3]:363
[0]:140182970 [1]:17291485 [2]:102 [3]:60
[0]:140409148 [1]:17326340 [2]:102 [3]:363
[0]:140626885 [1]:17359990 [2]:102 [3]:354
[0]:140839589 [1]:17392824 [2]:102 [3]:53
[0]:141033504 [1]:17422778 [2]:102 [3]:364
[0]:141231126 [1]:17453327 [2]:102 [3]:55
[0]:141432522 [1]:17484446 [2]:102 [3]:367
[0]:141622397 [1]:17513699 [2]:102 [3]:55
[0]:141820449 [1]:17544136 [2]:102 [3]:67
[0]:142046782 [1]:17579124 [2]:102 [3]:58
[0]:142245567 [1]:17609947 [2]:102 [3]:359
[0]:142443139 [1]:17640557 [2]:102 [3]:368
[0]:142641067 [1]:17671134 [2]:102 [3]:363
[0]:142838185 [1]:17701589 [2]:102 [3]:61
[0]:143035280 [1]:17731925 [2]:102 [3]:75
[0]:143233713 [1]:17762635 [2]:102 [3]:369
[0]:143427073 [1]:17792406 [2]:102 [3]:372
[0]:143625779 [1]:17823075 [2]:102 [3]:58
[0]:143823504 [1]:17853648 [2]:102 [3]:359
[0]:144039884 [1]:17886989 [2]:102 [3]:366
[0]:144231531 [1]:17916607 [2]:102 [3]:366
[0]:144446236 [1]:17949791 [2]:102 [3]:364
[0]:144644192 [1]:17980263 [2]:102 [3]:362
[0]:144841858 [1]:18010680 [2]:102 [3]:67
[0]:145036076 [1]:18040973 [2]:102 [3]:58
[0]:145235613 [1]:18071719 [2]:102 [3]:58
[0]:145427353 [1]:18101257 [2]:102 [3]:374
[0]:145619423 [1]:18130985 [2]:102 [3]:362
[0]:145818919 [1]:18161818 [2]:102 [3]:64
[0]:146016129 [1]:18192210 [2]:102 [3]:363
[0]:146211050 [1]:18222317 [2]:102 [3]:67
[0]:146408665 [1]:18252781 [2]:102 [3]:363
[0]:146613592 [1]:18284415 [2]:102 [3]:362
[0]:146818699 [1]:18316088 [2]:102 [3]:365
[0]:147023821 [1]:18347839 [2]:102 [3]:354
[0]:147214013 [1]:18377207 [2]:102 [3]:359
[0]:147430564 [1]:18410533 [2]:102 [3]:66
[0]:147635621 [1]:18442135 [2]:102 [3]:365
[0]:147840728 [1]:18473832 [2]:102 [3]:64
[0]:148048761 [1]:18506024 [2]:102 [3]:67
[0]:148243641 [1]:18536063 [2]:102 [3]:69
[0]:148441304 [1]:18566511 [2]:102 [3]:364
[0]:148630773 [1]:18595740 [2]:102 [3]:361
[0]:148831571 [1]:18626764 [2]:102 [3]:366
[0]:149034119 [1]:18658111 [2]:102 [3]:364
[0]:149232192 [1]:18688591 [2]:102 [3]:69
[0]:149426197 [1]:18718662 [2]:102 [3]:78
[0]:149627392 [1]:18749708 [2]:102 [3]:61
[0]:149851291 [1]:18784348 [2]:102 [3]:68
[0]:150111683 [1]:18824479 [2]:102 [3]:366
[0]:150306404 [1]:18854491 [2]:102 [3]:365
[0]:150567677 [1]:18894761 [2]:102 [3]:354
[0]:150762604 [1]:18924889 [2]:102 [3]:374
[0]:150959418 [1]:18955256 [2]:102 [3]:363
[0]:151156566 [1]:18985817 [2]:102 [3]:65
[0]:151375133 [1]:19019625 [2]:102 [3]:364
[0]:151570912 [1]:19049823 [2]:102 [3]:367
[0]:151787161 [1]:19083284 [2]:102 [3]:358
[0]:151992504 [1]:19114899 [2]:102 [3]:63
[0]:152183749 [1]:19144395 [2]:102 [3]:58
[0]:152386602 [1]:19175691 [2]:102 [3]:358
[0]:152604047 [1]:19209341 [2]:102 [3]:361
[0]:152802744 [1]:19239997 [2]:102 [3]:62
[0]:152995880 [1]:19269675 [2]:102 [3]:358
[0]:153190580 [1]:19299939 [2]:102 [3]:358
[0]:153405944 [1]:19333266 [2]:102 [3]:66
[0]:153603599 [1]:19363692 [2]:102 [3]:355
[0]:153808869 [1]:19395306 [2]:102 [3]:72
[0]:154002518 [1]:19425134 [2]:102 [3]:356
[0]:154200759 [1]:19455653 [2]:102 [3]:55
[0]:154398370 [1]:19486171 [2]:102 [3]:363
[0]:154605739 [1]:19518178 [2]:102 [3]:367
[0]:154815755 [1]:19550558 [2]:102 [3]:356
[0]:155031859 [1]:19583898 [2]:102 [3]:373
[0]:155235489 [1]:19615400 [2]:102 [3]:361
[0]:155429037 [1]:19645203 [2]:102 [3]:361
[0]:155685447 [1]:19684771 [2]:102 [3]:358
[0]:155879365 [1]:19714783 [2]:102 [3]:71
[0]:156075153 [1]:19745017 [2]:102 [3]:65
[0]:156271040 [1]:19775252 [2]:102 [3]:61
[0]:156470105 [1]:19806136 [2]:102 [3]:361
[0]:156687915 [1]:19839787 [2]:102 [3]:353
[0]:156875049 [1]:19868640 [2]:102 [3]:356
[0]:157076527 [1]:19899754 [2]:102 [3]:363
[0]:157274140 [1]:19930340 [2]:102 [3]:362
[0]:157471896 [1]:19960877 [2]:102 [3]:361
[0]:157668632 [1]:19991139 [2]:102 [3]:365
[0]:157879627 [1]:20023768 [2]:102 [3]:60
[0]:158121108 [1]:20060967 [2]:102 [3]:365
[0]:158322213 [1]:20092170 [2]:102 [3]:354
[0]:158519815 [1]:20122702 [2]:102 [3]:69
[0]:158725116 [1]:20154544 [2]:102 [3]:352
[0]:158916184 [1]:20184048 [2]:102 [3]:354
[0]:159116681 [1]:20215033 [2]:102 [3]:364
[0]:159313927 [1]:20245305 [2]:102 [3]:64
[0]:159512234 [1]:20275763 [2]:102 [3]:361
[0]:159707754 [1]:20306076 [2]:102 [3]:359
[0]:159914292 [1]:20338035 [2]:102 [3]:59
[0]:160118083 [1]:20369526 [2]:102 [3]:60
[0]:160312339 [1]:20399530 [2]:102 [3]:250
[0]:160522896 [1]:20432053 [2]:102 [3]:63
[0]:160735433 [1]:20465021 [2]:102 [3]:62
[0]:160929335 [1]:20495070 [2]:102 [3]:364
[0]:161126485 [1]:20525661 [2]:102 [3]:360
[0]:161350648 [1]:20560275 [2]:102 [3]:359
[0]:161548451 [1]:20590824 [2]:102 [3]:365
[0]:161742273 [1]:20620817 [2]:102 [3]:64
[0]:161939991 [1]:20651321 [2]:102 [3]:64
[0]:162155185 [1]:20684622 [2]:102 [3]:367
[0]:162350276 [1]:20714791 [2]:102 [3]:57
[0]:162555183 [1]:20746425 [2]:102 [3]:72
[0]:162752447 [1]:20776805 [2]:102 [3]:88
[0]:162948410 [1]:20807030 [2]:102 [3]:371
[0]:163171081 [1]:20841433 [2]:102 [3]:59
[0]:163372221 [1]:20872577 [2]:102 [3]:353
[0]:163577534 [1]:20904186 [2]:102 [3]:58
[0]:163771511 [1]:20934150 [2]:102 [3]:356
[0]:163976692 [1]:20965702 [2]:102 [3]:64
[0]:164174009 [1]:20996059 [2]:102 [3]:369
[0]:164370746 [1]:21026540 [2]:102 [3]:63
[0]:164562265 [1]:21056174 [2]:102 [3]:363
[0]:164757921 [1]:21086297 [2]:102 [3]:369
[0]:164948575 [1]:21115736 [2]:102 [3]:49
[0]:165140543 [1]:21145335 [2]:102 [3]:59
[0]:165331269 [1]:21174745 [2]:102 [3]:71
[0]:165529317 [1]:21205358 [2]:102 [3]:358
[0]:165729935 [1]:21236253 [2]:102 [3]:54
[0]:165931392 [1]:21267399 [2]:102 [3]:364
[0]:166132868 [1]:21298517 [2]:102 [3]:367
[0]:166324986 [1]:21328137 [2]:102 [3]:77
[0]:166517023 [1]:21357888 [2]:102 [3]:374
[0]:166714700 [1]:21388393 [2]:102 [3]:361
[0]:166910663 [1]:21418607 [2]:102 [3]:358
[0]:167098973 [1]:21447876 [2]:102 [3]:70
[0]:167298947 [1]:21478834 [2]:102 [3]:71
[0]:167489935 [1]:21508270 [2]:102 [3]:368
[0]:167681212 [1]:21537808 [2]:102 [3]:62
[0]:167874536 [1]:21567792 [2]:102 [3]:67
[0]:168075834 [1]:21598839 [2]:102 [3]:62
[0]:168291749 [1]:21632130 [2]:102 [3]:54
[0]:168489617 [1]:21662560 [2]:102 [3]:364
[0]:168702657 [1]:21695473 [2]:102 [3]:76
[0]:168898616 [1]:21725811 [2]:102 [3]:61
[0]:169086746 [1]:21754955 [2]:102 [3]:56
[0]:169279975 [1]:21784745 [2]:102 [3]:357
[0]:169468282 [1]:21813878 [2]:102 [3]:57
[0]:169657976 [1]:21843223 [2]:102 [3]:365
[0]:169847676 [1]:21872420 [2]:102 [3]:74
[0]:170043828 [1]:21902817 [2]:102 [3]:365
[0]:170261636 [1]:21936517 [2]:102 [3]:61
[0]:170462953 [1]:21967512 [2]:102 [3]:67
[0]:170656811 [1]:21997423 [2]:102 [3]:359
[0]:170862109 [1]:22029276 [2]:102 [3]:362
[0]:171056413 [1]:22059343 [2]:102 [3]:359
[0]:171242295 [1]:22088194 [2]:102 [3]:367
[0]:171456179 [1]:22121225 [2]:102 [3]:356
[0]:171660140 [1]:22152721 [2]:102 [3]:58
[0]:171933099 [1]:22194830 [2]:102 [3]:361
[0]:172118633 [1]:22223590 [2]:102 [3]:364
[0]:172310801 [1]:22253151 [2]:102 [3]:65
[0]:172506883 [1]:22283348 [2]:102 [3]:375
[0]:172700864 [1]:22313325 [2]:102 [3]:367
[0]:172894728 [1]:22343364 [2]:102 [3]:354
[0]:173084926 [1]:22372777 [2]:102 [3]:352
[0]:173286450 [1]:22403920 [2]:102 [3]:368
[0]:173525137 [1]:22440633 [2]:102 [3]:354
[0]:173722895 [1]:22471189 [2]:102 [3]:60
[0]:173922139 [1]:22501928 [2]:102 [3]:362
[0]:174114109 [1]:22531515 [2]:102 [3]:61
[0]:174311225 [1]:22561875 [2]:102 [3]:363
[0]:174506350 [1]:22591939 [2]:102 [3]:372
[0]:174699430 [1]:22621787 [2]:102 [3]:369
[0]:174894304 [1]:22651868 [2]:102 [3]:356
[0]:175093756 [1]:22682740 [2]:102 [3]:57
[0]:175279230 [1]:22711218 [2]:102 [3]:64
[0]:175470902 [1]:22740865 [2]:102 [3]:369
[0]:175666279 [1]:22771015 [2]:102 [3]:66
[0]:175871097 [1]:22802544 [2]:102 [3]:359
[0]:176069209 [1]:22833166 [2]:102 [3]:367
[0]:176272474 [1]:22864585 [2]:102 [3]:63
[0]:176469568 [1]:22895051 [2]:102 [3]:59
[0]:176677189 [1]:22927268 [2]:102 [3]:372
[0]:176882196 [1]:22958980 [2]:102 [3]:367
[0]:177083644 [1]:22990140 [2]:102 [3]:64
[0]:177272778 [1]:23019428 [2]:102 [3]:362
[0]:177467792 [1]:23049677 [2]:102 [3]:359
[0]:177661681 [1]:23079593 [2]:102 [3]:361
[0]:177862429 [1]:23110435 [2]:102 [3]:366
[0]:178087072 [1]:23144988 [2]:102 [3]:360
[0]:178303053 [1]:23178445 [2]:103 [3]:363
[0]:178500647 [1]:23208834 [2]:103 [3]:366
[0]:178696270 [1]:23239029 [2]:103 [3]:362
[0]:178903687 [1]:23271105 [2]:103 [3]:363
[0]:179092793 [1]:23300210 [2]:103 [3]:365
[0]:179297665 [1]:23331882 [2]:103 [3]:77
[0]:179507667 [1]:23364416 [2]:103 [3]:356
[0]:179708205 [1]:23395340 [2]:103 [3]:360
[0]:179905598 [1]:23425784 [2]:103 [3]:364
[0]:180097616 [1]:23455467 [2]:103 [3]:362
[0]:180291625 [1]:23485474 [2]:102 [3]:53
[0]:180492964 [1]:23516630 [2]:102 [3]:365
[0]:180712752 [1]:23550639 [2]:102 [3]:363
[0]:180902268 [1]:23579832 [2]:102 [3]:358
[0]:181128959 [1]:23614790 [2]:102 [3]:63
[0]:181324646 [1]:23645048 [2]:102 [3]:365
[0]:181515063 [1]:23674482 [2]:102 [3]:361
[0]:181708893 [1]:23704431 [2]:102 [3]:67
[0]:181907529 [1]:23734990 [2]:102 [3]:363
[0]:182104249 [1]:23765375 [2]:102 [3]:360
[0]:182338989 [1]:23801723 [2]:102 [3]:361
[0]:182530539 [1]:23831322 [2]:102 [3]:59
[0]:182730051 [1]:23862140 [2]:102 [3]:360
[0]:182915159 [1]:23890709 [2]:102 [3]:369
[0]:183110848 [1]:23920933 [2]:102 [3]:373
[0]:183308889 [1]:23951730 [2]:102 [3]:362
[0]:183508605 [1]:23982633 [2]:102 [3]:60
[0]:183715490 [1]:24014566 [2]:102 [3]:362
[0]:183964250 [1]:24053148 [2]:102 [3]:63
[0]:184157348 [1]:24082962 [2]:102 [3]:356
[0]:184368061 [1]:24115555 [2]:102 [3]:363
[0]:184571603 [1]:24146968 [2]:102 [3]:60
[0]:184773961 [1]:24178235 [2]:102 [3]:59
[0]:184972392 [1]:24208843 [2]:102 [3]:365
[0]:185211085 [1]:24245593 [2]:102 [3]:359
[0]:185419705 [1]:24277800 [2]:102 [3]:69
[0]:185614933 [1]:24307859 [2]:102 [3]:363
[0]:185811815 [1]:24338254 [2]:102 [3]:358
[0]:185998156 [1]:24367024 [2]:102 [3]:366
[0]:186203368 [1]:24398724 [2]:102 [3]:363
[0]:186400896 [1]:24429170 [2]:102 [3]:62
[0]:186621351 [1]:24463049 [2]:102 [3]:362
[0]:186814290 [1]:24492813 [2]:102 [3]:367
[0]:187024817 [1]:24525325 [2]:102 [3]:376
[0]:187221623 [1]:24555882 [2]:102 [3]:368
[0]:187415648 [1]:24585864 [2]:102 [3]:61
[0]:187620862 [1]:24617543 [2]:102 [3]:361
[0]:187823624 [1]:24648771 [2]:102 [3]:364
[0]:188016147 [1]:24678638 [2]:102 [3]:58
[0]:188215911 [1]:24709516 [2]:102 [3]:62
[0]:188409608 [1]:24739448 [2]:102 [3]:71
[0]:188609184 [1]:24770360 [2]:102 [3]:68
[0]:188810602 [1]:24801393 [2]:102 [3]:60
[0]:189015595 [1]:24833027 [2]:102 [3]:361
[0]:189213342 [1]:24863685 [2]:102 [3]:359
[0]:189413762 [1]:24894502 [2]:102 [3]:67
[0]:189608892 [1]:24924689 [2]:102 [3]:62
[0]:189828787 [1]:24958652 [2]:102 [3]:55
[0]:190022760 [1]:24988658 [2]:102 [3]:65
[0]:190216854 [1]:25018571 [2]:102 [3]:355
[0]:190406985 [1]:25047976 [2]:102 [3]:61
[0]:190600923 [1]:25077878 [2]:102 [3]:54
[0]:190831940 [1]:25113599 [2]:102 [3]:361
[0]:191018557 [1]:25142403 [2]:102 [3]:358
[0]:191230840 [1]:25175051 [2]:102 [3]:60
[0]:191426674 [1]:25205227 [2]:102 [3]:61
[0]:191621921 [1]:25235356 [2]:102 [3]:62
[0]:191816480 [1]:25265395 [2]:102 [3]:65
[0]:192014910 [1]:25296108 [2]:102 [3]:55
[0]:192212352 [1]:25326739 [2]:102 [3]:349
[0]:192401109 [1]:25355953 [2]:102 [3]:63
[0]:192603110 [1]:25387106 [2]:102 [3]:365
[0]:192798033 [1]:25417176 [2]:102 [3]:362
[0]:193002530 [1]:25448730 [2]:102 [3]:63
[0]:193195611 [1]:25478619 [2]:102 [3]:361
[0]:193397696 [1]:25509805 [2]:102 [3]:70
[0]:193614184 [1]:25543106 [2]:102 [3]:363
[0]:193830351 [1]:25576457 [2]:102 [3]:359
[0]:194040260 [1]:25608839 [2]:102 [3]:364
[0]:194241600 [1]:25639923 [2]:102 [3]:57
[0]:194450472 [1]:25672114 [2]:102 [3]:353
[0]:194691620 [1]:25709576 [2]:102 [3]:369
[0]:194886916 [1]:25739604 [2]:102 [3]:52
[0]:195084626 [1]:25770068 [2]:102 [3]:68
[0]:195293459 [1]:25802288 [2]:102 [3]:80
[0]:195491235 [1]:25832859 [2]:102 [3]:366
[0]:195692656 [1]:25863963 [2]:102 [3]:361
[0]:195897665 [1]:25895593 [2]:102 [3]:361
[0]:196121610 [1]:25930130 [2]:102 [3]:371
[0]:196408681 [1]:25974531 [2]:102 [3]:57
[0]:196597156 [1]:26003763 [2]:102 [3]:357
[0]:196787448 [1]:26033127 [2]:102 [3]:360
[0]:196986805 [1]:26063977 [2]:102 [3]:365
[0]:197180752 [1]:26093910 [2]:102 [3]:363
[0]:197441868 [1]:26134195 [2]:102 [3]:358
[0]:197632114 [1]:26163543 [2]:102 [3]:357
[0]:197863390 [1]:26199254 [2]:102 [3]:70
[0]:198057302 [1]:26229345 [2]:102 [3]:359
[0]:198252351 [1]:26259483 [2]:102 [3]:367
[0]:198448642 [1]:26289740 [2]:102 [3]:359
[0]:198650356 [1]:26320868 [2]:102 [3]:54
[0]:198843123 [1]:26350820 [2]:102 [3]:373
[0]:199034357 [1]:26380334 [2]:102 [3]:54
[0]:199253972 [1]:26414252 [2]:102 [3]:71
[0]:199439210 [1]:26442793 [2]:102 [3]:357
[0]:199439210 [1]:26442793 [2]:102 [3]:357
[0]:199439210 [1]:26442793 [2]:102 [3]:357
[0]:199439210 [1]:26442793 [2]:102 [3]:357
[0]:199439210 [1]:26442793 [2]:102 [3]:357
[0]:199439210 [1]:26442793 [2]:102 [3]:357
[0]:199439210 [1]:26442793 [2]:102 [3]:357
[0]:199439210 [1]:26442793 [2]:102 [3]:357
[0]:199439210 [1]:26442793 [2]:102 [3]:357
[0]:199439210 [1]:26442793 [2]:102 [3]:357
[0]:199439210 [1]:26442793 [2]:102 [3]:357
[0]:199439210 [1]:26442793 [2]:102 [3]:357
