[0]:0 [1]:0 [2]:0 [3]:0
[0]:0 [1]:0 [2]:0 [3]:0
[0]:0 [1]:0 [2]:0 [3]:0
[0]:0 [1]:0 [2]:0 [3]:0
[0]:1241119 [1]:0 [2]:0 [3]:10
[0]:3008453 [1]:0 [2]:0 [3]:12
[0]:4730721 [1]:0 [2]:0 [3]:10
[0]:6430855 [1]:0 [2]:0 [3]:8
[0]:8146363 [1]:0 [2]:0 [3]:14
[0]:9859177 [1]:0 [2]:0 [3]:26
[0]:11958808 [1]:0 [2]:0 [3]:31
[0]:13580801 [1]:0 [2]:0 [3]:14
[0]:15232977 [1]:0 [2]:0 [3]:10
[0]:17104605 [1]:0 [2]:0 [3]:22
[0]:19137439 [1]:0 [2]:0 [3]:13
[0]:21018407 [1]:0 [2]:0 [3]:30
[0]:22725868 [1]:0 [2]:0 [3]:8
[0]:24427497 [1]:0 [2]:0 [3]:11
[0]:26292160 [1]:0 [2]:0 [3]:11
[0]:27973368 [1]:0 [2]:0 [3]:8
[0]:29645335 [1]:0 [2]:0 [3]:8
[0]:31316204 [1]:0 [2]:0 [3]:10
[0]:32973632 [1]:0 [2]:0 [3]:31
[0]:34786992 [1]:0 [2]:0 [3]:28
[0]:36448997 [1]:0 [2]:0 [3]:9
[0]:38117697 [1]:0 [2]:0 [3]:10
[0]:39795628 [1]:0 [2]:0 [3]:30
[0]:41504972 [1]:0 [2]:0 [3]:30
[0]:43245675 [1]:0 [2]:0 [3]:11
[0]:44906223 [1]:0 [2]:0 [3]:28
[0]:46974713 [1]:0 [2]:0 [3]:32
[0]:48976120 [1]:0 [2]:0 [3]:31
[0]:50880378 [1]:0 [2]:0 [3]:11
[0]:52668696 [1]:0 [2]:0 [3]:7
[0]:54625124 [1]:0 [2]:0 [3]:10
[0]:56735893 [1]:0 [2]:0 [3]:29
[0]:58621169 [1]:0 [2]:0 [3]:17
[0]:60535245 [1]:0 [2]:0 [3]:11
[0]:62332544 [1]:0 [2]:0 [3]:10
[0]:64278406 [1]:0 [2]:0 [3]:11
[0]:66160590 [1]:0 [2]:0 [3]:10
[0]:67712512 [1]:290184 [2]:7 [3]:11
[0]:68844474 [1]:872273 [2]:7 [3]:11
[0]:69957096 [1]:1441163 [2]:7 [3]:9
[0]:71049165 [1]:1996815 [2]:7 [3]:11
[0]:72164091 [1]:2562480 [2]:7 [3]:14
[0]:73371905 [1]:3179611 [2]:7 [3]:9
[0]:74510319 [1]:3762043 [2]:7 [3]:30
[0]:75639294 [1]:4339334 [2]:7 [3]:7
[0]:76688391 [1]:4876522 [2]:7 [3]:15
[0]:77691147 [1]:5388423 [2]:7 [3]:38
[0]:78682092 [1]:5899149 [2]:7 [3]:10
[0]:79701693 [1]:6417830 [2]:7 [3]:19
[0]:80761359 [1]:6962541 [2]:7 [3]:8
[0]:81809792 [1]:7499012 [2]:7 [3]:51
[0]:82835224 [1]:8023354 [2]:7 [3]:57
[0]:84270599 [1]:8756176 [2]:7 [3]:12
[0]:85276263 [1]:9272477 [2]:7 [3]:48
[0]:86374714 [1]:9829281 [2]:7 [3]:13
[0]:87394696 [1]:10352940 [2]:7 [3]:17
[0]:88403342 [1]:10867343 [2]:7 [3]:17
[0]:89397885 [1]:11374329 [2]:7 [3]:12
[0]:90424124 [1]:11898501 [2]:7 [3]:13
[0]:91475859 [1]:12434499 [2]:7 [3]:9
[0]:92681114 [1]:13049544 [2]:7 [3]:13
[0]:93965944 [1]:13704586 [2]:7 [3]:50
[0]:95424689 [1]:14450370 [2]:7 [3]:15
[0]:96479349 [1]:14993253 [2]:7 [3]:16
[0]:97527304 [1]:15524993 [2]:7 [3]:51
[0]:98582596 [1]:16059756 [2]:7 [3]:17
[0]:99927872 [1]:16753454 [2]:7 [3]:56
[0]:100978072 [1]:17286795 [2]:7 [3]:53
[0]:102018455 [1]:17821176 [2]:7 [3]:13
[0]:103016376 [1]:18334138 [2]:7 [3]:52
[0]:104112313 [1]:18895961 [2]:7 [3]:11
[0]:105374776 [1]:19542378 [2]:7 [3]:15
[0]:106346056 [1]:20036728 [2]:7 [3]:11
[0]:107450514 [1]:20604791 [2]:7 [3]:15
[0]:108442633 [1]:21113253 [2]:7 [3]:56
[0]:109472441 [1]:21644003 [2]:7 [3]:11
[0]:110664296 [1]:22253364 [2]:7 [3]:53
[0]:111912568 [1]:22894915 [2]:7 [3]:12
[0]:113220746 [1]:23565755 [2]:7 [3]:12
[0]:114365691 [1]:24152926 [2]:7 [3]:15
[0]:115543067 [1]:24749234 [2]:7 [3]:55
[0]:116723084 [1]:25361690 [2]:7 [3]:9
[0]:117858298 [1]:25939463 [2]:7 [3]:10
[0]:118973612 [1]:26505434 [2]:7 [3]:16
[0]:120111237 [1]:27089605 [2]:7 [3]:8
[0]:121435394 [1]:27762773 [2]:7 [3]:13
[0]:122518143 [1]:28313951 [2]:7 [3]:53
[0]:123674642 [1]:28905489 [2]:7 [3]:15
[0]:124789951 [1]:29474458 [2]:7 [3]:15
[0]:125960759 [1]:30074720 [2]:7 [3]:9
[0]:127178189 [1]:30691760 [2]:7 [3]:10
[0]:128314795 [1]:31268921 [2]:7 [3]:15
[0]:129449268 [1]:31853169 [2]:7 [3]:12
[0]:130546185 [1]:32414580 [2]:7 [3]:13
[0]:131727351 [1]:33019476 [2]:7 [3]:9
[0]:132913579 [1]:33625223 [2]:7 [3]:15
[0]:134073604 [1]:34221378 [2]:7 [3]:12
[0]:135051370 [1]:34721311 [2]:7 [3]:53
[0]:136039027 [1]:35223305 [2]:7 [3]:14
[0]:137019873 [1]:35727831 [2]:7 [3]:10
[0]:138018209 [1]:36239219 [2]:7 [3]:12
[0]:138996688 [1]:36744916 [2]:7 [3]:14
[0]:140038160 [1]:37275932 [2]:7 [3]:23
[0]:141048007 [1]:37796344 [2]:7 [3]:12
[0]:142043524 [1]:38308560 [2]:7 [3]:18
[0]:143363115 [1]:38983492 [2]:7 [3]:55
[0]:144374735 [1]:39501721 [2]:7 [3]:12
[0]:145632781 [1]:40149550 [2]:7 [3]:56
[0]:146598849 [1]:40638594 [2]:7 [3]:53
[0]:147646280 [1]:41175030 [2]:7 [3]:45
[0]:148861784 [1]:41798211 [2]:7 [3]:19
[0]:150159916 [1]:42458006 [2]:7 [3]:10
[0]:151246601 [1]:43015160 [2]:7 [3]:16
[0]:152303873 [1]:43557002 [2]:7 [3]:50
[0]:153312676 [1]:44070296 [2]:7 [3]:13
[0]:154289229 [1]:44570914 [2]:7 [3]:10
[0]:155351350 [1]:45109359 [2]:7 [3]:11
[0]:156397631 [1]:45646684 [2]:7 [3]:11
[0]:157401424 [1]:46160442 [2]:7 [3]:13
[0]:158400946 [1]:46671034 [2]:7 [3]:8
[0]:159587624 [1]:47279274 [2]:7 [3]:16
[0]:160623461 [1]:47812130 [2]:7 [3]:15
[0]:161648348 [1]:48338212 [2]:7 [3]:49
[0]:162640755 [1]:48843358 [2]:7 [3]:56
[0]:163650524 [1]:49363311 [2]:7 [3]:16
[0]:164655030 [1]:49880640 [2]:7 [3]:15
[0]:165760822 [1]:50449904 [2]:7 [3]:11
[0]:167082347 [1]:51136285 [2]:7 [3]:17
[0]:168318720 [1]:51770659 [2]:7 [3]:7
[0]:169439148 [1]:52345355 [2]:7 [3]:18
[0]:170548074 [1]:52916722 [2]:7 [3]:17
[0]:171685198 [1]:53496633 [2]:7 [3]:10
[0]:172802691 [1]:54069797 [2]:7 [3]:10
[0]:173896925 [1]:54634427 [2]:7 [3]:38
[0]:175031478 [1]:55221439 [2]:7 [3]:10
[0]:176134943 [1]:55781037 [2]:7 [3]:17
[0]:177220501 [1]:56334158 [2]:7 [3]:9
[0]:178326268 [1]:56902926 [2]:7 [3]:14
[0]:179467281 [1]:57486138 [2]:7 [3]:9
[0]:180563407 [1]:58048430 [2]:7 [3]:22
[0]:181702151 [1]:58631287 [2]:7 [3]:55
[0]:182803910 [1]:59197843 [2]:7 [3]:7
[0]:183892460 [1]:59755281 [2]:7 [3]:15
[0]:184996778 [1]:60318345 [2]:7 [3]:16
[0]:186096020 [1]:60883160 [2]:7 [3]:12
[0]:187155928 [1]:61420942 [2]:7 [3]:31
[0]:188279156 [1]:61995775 [2]:7 [3]:9
[0]:189361400 [1]:62551317 [2]:7 [3]:52
[0]:190329950 [1]:63049285 [2]:7 [3]:15
[0]:191335128 [1]:63562753 [2]:7 [3]:14
[0]:192343609 [1]:64083659 [2]:7 [3]:11
[0]:193373950 [1]:64614980 [2]:7 [3]:14
[0]:194382992 [1]:65137663 [2]:7 [3]:55
[0]:195450180 [1]:65684992 [2]:7 [3]:12
[0]:196395704 [1]:66170516 [2]:7 [3]:13
[0]:197404760 [1]:66685840 [2]:7 [3]:11
[0]:198439115 [1]:67218078 [2]:7 [3]:17
[0]:199736536 [1]:67886028 [2]:7 [3]:12
[0]:200740496 [1]:68398940 [2]:7 [3]:49
[0]:201704252 [1]:68890927 [2]:7 [3]:50
[0]:202734944 [1]:69418629 [2]:7 [3]:11
[0]:203875040 [1]:70006130 [2]:7 [3]:54
[0]:205237664 [1]:70704986 [2]:7 [3]:58
[0]:206442774 [1]:71324511 [2]:7 [3]:13
[0]:207473685 [1]:71853954 [2]:7 [3]:47
[0]:208461756 [1]:72363931 [2]:7 [3]:12
[0]:209486613 [1]:72886165 [2]:7 [3]:12
[0]:210516256 [1]:73413426 [2]:7 [3]:15
[0]:211552595 [1]:73941928 [2]:7 [3]:32
[0]:212543755 [1]:74452600 [2]:7 [3]:9
[0]:213559479 [1]:74973009 [2]:7 [3]:10
[0]:214572184 [1]:75485942 [2]:7 [3]:53
[0]:215558352 [1]:75991220 [2]:7 [3]:9
[0]:216550530 [1]:76499476 [2]:7 [3]:10
[0]:217566818 [1]:77016446 [2]:7 [3]:11
[0]:218584472 [1]:77535590 [2]:7 [3]:54
[0]:219613511 [1]:78063723 [2]:7 [3]:9
[0]:220588072 [1]:78564370 [2]:7 [3]:52
[0]:221674168 [1]:79120810 [2]:7 [3]:49
[0]:223009568 [1]:79804055 [2]:7 [3]:54
[0]:224261161 [1]:80446392 [2]:7 [3]:13
[0]:225523871 [1]:81096031 [2]:7 [3]:8
[0]:226682675 [1]:81690481 [2]:7 [3]:15
[0]:227839918 [1]:82283101 [2]:7 [3]:17
[0]:229012195 [1]:82881698 [2]:7 [3]:14
[0]:230146040 [1]:83463104 [2]:7 [3]:50
[0]:231287093 [1]:84049233 [2]:7 [3]:11
[0]:232546390 [1]:84691954 [2]:7 [3]:55
[0]:233637968 [1]:85251797 [2]:7 [3]:13
[0]:234771251 [1]:85830336 [2]:7 [3]:10
[0]:235850420 [1]:86387196 [2]:7 [3]:9
[0]:236949732 [1]:86948193 [2]:7 [3]:14
[0]:238095968 [1]:87531343 [2]:7 [3]:55
[0]:239181752 [1]:88095982 [2]:7 [3]:8
[0]:240347149 [1]:88698307 [2]:7 [3]:59
[0]:241459757 [1]:89265518 [2]:7 [3]:15
[0]:242574038 [1]:89832452 [2]:7 [3]:12
[0]:243682340 [1]:90403138 [2]:7 [3]:53
[0]:244821200 [1]:90986705 [2]:7 [3]:54
[0]:245831546 [1]:91503159 [2]:7 [3]:14
[0]:246825275 [1]:92018945 [2]:7 [3]:11
[0]:247825986 [1]:92535170 [2]:7 [3]:9
[0]:248812160 [1]:93039983 [2]:7 [3]:57
[0]:249789363 [1]:93539002 [2]:7 [3]:50
[0]:250784864 [1]:94050438 [2]:7 [3]:51
[0]:252008308 [1]:94676312 [2]:7 [3]:10
[0]:253017259 [1]:95196119 [2]:7 [3]:12
[0]:254008377 [1]:95708172 [2]:7 [3]:46
[0]:254992015 [1]:96212628 [2]:7 [3]:17
[0]:256003255 [1]:96729427 [2]:7 [3]:17
[0]:257076088 [1]:97277689 [2]:7 [3]:53
[0]:258067288 [1]:97786367 [2]:7 [3]:48
[0]:259076646 [1]:98305268 [2]:7 [3]:15
[0]:260080537 [1]:98820376 [2]:7 [3]:11
[0]:261639896 [1]:99618166 [2]:7 [3]:52
[0]:262822120 [1]:100223411 [2]:7 [3]:52
[0]:264122544 [1]:100890663 [2]:7 [3]:10
[0]:265209688 [1]:101449474 [2]:7 [3]:55
[0]:266214230 [1]:101963244 [2]:7 [3]:52
[0]:267232765 [1]:102486362 [2]:7 [3]:12
[0]:268262567 [1]:103013418 [2]:7 [3]:12
[0]:269479567 [1]:103637112 [2]:7 [3]:13
[0]:270499833 [1]:104161187 [2]:7 [3]:12
[0]:271524209 [1]:104685387 [2]:7 [3]:11
[0]:272520810 [1]:105197179 [2]:7 [3]:11
[0]:273522818 [1]:105709102 [2]:7 [3]:50
[0]:274503634 [1]:106208028 [2]:7 [3]:10
[0]:275538679 [1]:106739113 [2]:7 [3]:60
[0]:276564659 [1]:107263107 [2]:7 [3]:13
[0]:277535824 [1]:107758034 [2]:7 [3]:53
[0]:278687258 [1]:108348171 [2]:7 [3]:54
[0]:279882775 [1]:108956437 [2]:7 [3]:56
[0]:281158066 [1]:109603750 [2]:7 [3]:8
[0]:282386252 [1]:110233534 [2]:7 [3]:13
[0]:283485804 [1]:110797406 [2]:7 [3]:56
[0]:284759314 [1]:111449705 [2]:7 [3]:34
[0]:285899824 [1]:112035051 [2]:7 [3]:52
[0]:287015864 [1]:112611718 [2]:7 [3]:52
[0]:288185186 [1]:113211617 [2]:7 [3]:55
[0]:289419788 [1]:113845120 [2]:7 [3]:49
[0]:290550138 [1]:114423676 [2]:7 [3]:10
[0]:291615576 [1]:114967604 [2]:7 [3]:51
[0]:292733939 [1]:115536768 [2]:7 [3]:15
[0]:293889197 [1]:116131090 [2]:7 [3]:10
[0]:295040923 [1]:116718194 [2]:7 [3]:15
[0]:296119267 [1]:117273004 [2]:7 [3]:12
[0]:297287842 [1]:117867002 [2]:7 [3]:11
[0]:298405784 [1]:118437778 [2]:7 [3]:48
[0]:299526022 [1]:119014301 [2]:7 [3]:11
[0]:300641808 [1]:119586821 [2]:7 [3]:53
[0]:301740617 [1]:120147551 [2]:7 [3]:12
[0]:302765552 [1]:120669556 [2]:7 [3]:52
[0]:303862192 [1]:121228149 [2]:7 [3]:50
[0]:304850214 [1]:121735967 [2]:7 [3]:13
[0]:305851492 [1]:122246074 [2]:7 [3]:51
[0]:306861232 [1]:122758779 [2]:7 [3]:50
[0]:307912888 [1]:123295517 [2]:7 [3]:49
[0]:308992827 [1]:123850819 [2]:7 [3]:18
[0]:310039191 [1]:124388772 [2]:7 [3]:21
[0]:311067536 [1]:124909522 [2]:7 [3]:14
[0]:312081603 [1]:125428131 [2]:7 [3]:13
[0]:313081067 [1]:125943037 [2]:7 [3]:13
[0]:314094392 [1]:126459306 [2]:7 [3]:51
[0]:315104942 [1]:126980399 [2]:7 [3]:11
[0]:316109197 [1]:127490589 [2]:7 [3]:52
[0]:317262912 [1]:128081370 [2]:7 [3]:47
[0]:318496973 [1]:128708203 [2]:7 [3]:16
[0]:319660075 [1]:129298336 [2]:7 [3]:10
[0]:320689748 [1]:129824235 [2]:7 [3]:13
[0]:321698375 [1]:130341712 [2]:7 [3]:15
[0]:322988954 [1]:131000492 [2]:7 [3]:14
[0]:324007370 [1]:131521206 [2]:7 [3]:7
[0]:325011333 [1]:132037739 [2]:7 [3]:55
[0]:326019426 [1]:132554351 [2]:7 [3]:11
[0]:327040439 [1]:133082077 [2]:7 [3]:51
[0]:328052606 [1]:133602095 [2]:7 [3]:9
[0]:329013055 [1]:134093618 [2]:7 [3]:16
[0]:330026041 [1]:134613626 [2]:7 [3]:15
[0]:331042809 [1]:135131804 [2]:7 [3]:55
[0]:332046812 [1]:135641848 [2]:7 [3]:15
[0]:333095117 [1]:136181949 [2]:7 [3]:24
[0]:334222542 [1]:136760539 [2]:7 [3]:60
[0]:335452517 [1]:137392736 [2]:7 [3]:16
[0]:336697354 [1]:138031995 [2]:7 [3]:12
[0]:337852995 [1]:138628496 [2]:7 [3]:56
[0]:338952219 [1]:139186722 [2]:7 [3]:14
[0]:340125800 [1]:139791013 [2]:7 [3]:56
[0]:341390165 [1]:140440302 [2]:7 [3]:15
[0]:342518706 [1]:141017531 [2]:7 [3]:17
[0]:343614904 [1]:141579196 [2]:7 [3]:55
[0]:344762532 [1]:142173973 [2]:7 [3]:52
[0]:345896600 [1]:142752079 [2]:7 [3]:60
[0]:347071281 [1]:143351795 [2]:7 [3]:12
[0]:348252769 [1]:143955122 [2]:7 [3]:9
[0]:349359993 [1]:144522501 [2]:7 [3]:16
[0]:350473720 [1]:145088447 [2]:7 [3]:50
[0]:351552748 [1]:145641629 [2]:7 [3]:12
[0]:352668829 [1]:146212036 [2]:7 [3]:16
[0]:353797613 [1]:146793927 [2]:7 [3]:10
[0]:354950183 [1]:147383470 [2]:7 [3]:55
[0]:356083180 [1]:147966820 [2]:7 [3]:48
[0]:357213397 [1]:148548728 [2]:7 [3]:11
[0]:358241218 [1]:149069827 [2]:7 [3]:11
[0]:359228817 [1]:149574664 [2]:7 [3]:11
[0]:360217792 [1]:150081624 [2]:7 [3]:49
[0]:361203500 [1]:150587617 [2]:7 [3]:12
[0]:362237880 [1]:151112565 [2]:7 [3]:54
[0]:363238508 [1]:151624989 [2]:7 [3]:10
[0]:364234086 [1]:152133743 [2]:7 [3]:16
[0]:365219517 [1]:152634171 [2]:7 [3]:11
[0]:366218197 [1]:153145514 [2]:7 [3]:14
[0]:367230517 [1]:153665791 [2]:7 [3]:54
[0]:368282219 [1]:154201331 [2]:7 [3]:49
[0]:369291872 [1]:154711564 [2]:7 [3]:53
[0]:370260376 [1]:155206704 [2]:7 [3]:59
[0]:371271941 [1]:155719752 [2]:7 [3]:13
[0]:372560857 [1]:156385065 [2]:7 [3]:14
[0]:373862315 [1]:157053180 [2]:7 [3]:32
[0]:375091384 [1]:157679882 [2]:7 [3]:51
[0]:376163015 [1]:158230905 [2]:7 [3]:16
[0]:377176997 [1]:158750399 [2]:7 [3]:14
[0]:378203863 [1]:159273529 [2]:7 [3]:17
[0]:379203010 [1]:159789422 [2]:7 [3]:16
[0]:380223133 [1]:160317172 [2]:7 [3]:46
[0]:381249490 [1]:160843576 [2]:7 [3]:57
[0]:382235992 [1]:161350437 [2]:7 [3]:51
[0]:383247645 [1]:161865003 [2]:7 [3]:13
[0]:384278474 [1]:162391692 [2]:7 [3]:26
[0]:385327520 [1]:162926650 [2]:7 [3]:51
[0]:386399005 [1]:163473258 [2]:7 [3]:12
[0]:387399894 [1]:163985982 [2]:7 [3]:15
[0]:388444786 [1]:164518064 [2]:7 [3]:12
[0]:389486565 [1]:165052705 [2]:7 [3]:13
[0]:390695416 [1]:165672605 [2]:7 [3]:54
[0]:391937122 [1]:166311719 [2]:7 [3]:13
[0]:393155831 [1]:166932718 [2]:7 [3]:15
[0]:394310171 [1]:167524874 [2]:7 [3]:14
[0]:395458947 [1]:168108957 [2]:7 [3]:19
[0]:396566869 [1]:168679136 [2]:7 [3]:59
[0]:397954939 [1]:169389042 [2]:7 [3]:15
[0]:399043049 [1]:169945621 [2]:7 [3]:16
[0]:400180182 [1]:170529370 [2]:7 [3]:14
[0]:401354144 [1]:171134802 [2]:7 [3]:55
[0]:402473515 [1]:171714011 [2]:7 [3]:58
[0]:403604780 [1]:172292017 [2]:7 [3]:10
[0]:404894817 [1]:173396823 [2]:7 [3]:16
[0]:406122025 [1]:174479645 [2]:7 [3]:58
[0]:407319316 [1]:175535860 [2]:7 [3]:11
[0]:408489422 [1]:176569551 [2]:7 [3]:53
[0]:409726090 [1]:177666613 [2]:7 [3]:17
[0]:410887159 [1]:178691551 [2]:7 [3]:22
[0]:412169842 [1]:179827027 [2]:7 [3]:13
[0]:413402453 [1]:180915434 [2]:7 [3]:20
[0]:414631753 [1]:182007656 [2]:7 [3]:19
[0]:415789898 [1]:183030742 [2]:7 [3]:56
[0]:416935198 [1]:184048127 [2]:7 [3]:18
[0]:418030462 [1]:185021265 [2]:7 [3]:60
[0]:419158159 [1]:186017653 [2]:7 [3]:54
[0]:420245914 [1]:186982254 [2]:7 [3]:17
[0]:421383244 [1]:187986516 [2]:7 [3]:64
[0]:422469784 [1]:188946391 [2]:7 [3]:16
[0]:423568172 [1]:189919486 [2]:7 [3]:17
[0]:424709451 [1]:190932012 [2]:7 [3]:14
[0]:425824832 [1]:191925487 [2]:7 [3]:14
[0]:426940652 [1]:192914049 [2]:7 [3]:21
[0]:428054764 [1]:193900923 [2]:7 [3]:15
[0]:429167207 [1]:194887130 [2]:7 [3]:19
[0]:430255492 [1]:195856220 [2]:7 [3]:12
[0]:431486118 [1]:196950524 [2]:7 [3]:16
[0]:432831067 [1]:198143032 [2]:7 [3]:58
[0]:434121161 [1]:199285051 [2]:7 [3]:15
[0]:435287522 [1]:200319555 [2]:7 [3]:55
[0]:436449597 [1]:201347917 [2]:7 [3]:12
[0]:437546449 [1]:202324843 [2]:7 [3]:53
[0]:438721775 [1]:203364383 [2]:7 [3]:14
[0]:439872506 [1]:204384870 [2]:7 [3]:19
[0]:440969513 [1]:205350961 [2]:7 [3]:18
[0]:442062506 [1]:206316881 [2]:7 [3]:22
[0]:443194075 [1]:207313013 [2]:7 [3]:17
[0]:444281957 [1]:208278344 [2]:7 [3]:13
[0]:445367834 [1]:209234913 [2]:7 [3]:15
[0]:446488042 [1]:210227846 [2]:7 [3]:50
[0]:447604065 [1]:211215525 [2]:7 [3]:55
[0]:448798513 [1]:212269785 [2]:7 [3]:17
[0]:449860514 [1]:213212367 [2]:7 [3]:17
[0]:451640061 [1]:214789593 [2]:7 [3]:63
[0]:452927265 [1]:215928614 [2]:7 [3]:17
[0]:454302027 [1]:217148487 [2]:7 [3]:14
[0]:455660686 [1]:218353713 [2]:7 [3]:11
[0]:456958999 [1]:219505941 [2]:7 [3]:15
[0]:458342161 [1]:220728330 [2]:7 [3]:12
[0]:459526823 [1]:221779429 [2]:7 [3]:59
[0]:460721352 [1]:222835293 [2]:7 [3]:19
[0]:461945831 [1]:223917792 [2]:7 [3]:58
[0]:463142924 [1]:224981058 [2]:7 [3]:53
[0]:464339945 [1]:226043876 [2]:7 [3]:18
[0]:465570904 [1]:227133110 [2]:7 [3]:18
[0]:466799638 [1]:228219896 [2]:7 [3]:54
[0]:468056060 [1]:229324693 [2]:7 [3]:16
[0]:469270062 [1]:230401684 [2]:7 [3]:20
[0]:470580490 [1]:231561422 [2]:7 [3]:53
[0]:471778585 [1]:232613041 [2]:7 [3]:17
[0]:472997650 [1]:233697721 [2]:7 [3]:19
[0]:474280254 [1]:234830886 [2]:7 [3]:13
[0]:475477984 [1]:235893252 [2]:7 [3]:54
[0]:476697309 [1]:236973174 [2]:7 [3]:53
[0]:477811857 [1]:237955738 [2]:7 [3]:19
[0]:479018121 [1]:239027623 [2]:7 [3]:13
[0]:480132168 [1]:240008097 [2]:7 [3]:15
[0]:481245318 [1]:240990225 [2]:7 [3]:13
[0]:482430115 [1]:242039164 [2]:7 [3]:18
[0]:483548558 [1]:243026519 [2]:7 [3]:15
[0]:484609261 [1]:243964834 [2]:7 [3]:13
[0]:485741987 [1]:244964724 [2]:7 [3]:17
[0]:486800707 [1]:245900852 [2]:7 [3]:14
[0]:487892780 [1]:246873287 [2]:7 [3]:57
[0]:489022131 [1]:247868998 [2]:7 [3]:14
[0]:490409219 [1]:249098912 [2]:7 [3]:16
[0]:491798132 [1]:250324092 [2]:7 [3]:15
[0]:492893302 [1]:251290424 [2]:7 [3]:18
[0]:494158063 [1]:252415187 [2]:7 [3]:12
[0]:495514098 [1]:253612068 [2]:7 [3]:62
[0]:496867963 [1]:254813655 [2]:7 [3]:56
[0]:498007549 [1]:255822101 [2]:7 [3]:13
[0]:499111518 [1]:256800131 [2]:7 [3]:21
[0]:500210536 [1]:257774914 [2]:7 [3]:13
[0]:501273313 [1]:258715564 [2]:7 [3]:17
[0]:502363139 [1]:259680899 [2]:7 [3]:18
[0]:503476386 [1]:260666669 [2]:7 [3]:17
[0]:504588087 [1]:261649410 [2]:7 [3]:16
[0]:505704192 [1]:262641953 [2]:7 [3]:16
[0]:506825296 [1]:263628065 [2]:7 [3]:20
[0]:508069335 [1]:264731257 [2]:7 [3]:8
[0]:509133475 [1]:265673282 [2]:7 [3]:13
[0]:510343062 [1]:266741781 [2]:7 [3]:19
[0]:511500719 [1]:267763248 [2]:7 [3]:22
[0]:512592153 [1]:268728398 [2]:7 [3]:53
[0]:513849069 [1]:269846748 [2]:7 [3]:56
[0]:515244527 [1]:271076493 [2]:7 [3]:15
[0]:516608054 [1]:272284801 [2]:7 [3]:23
[0]:517937594 [1]:273457556 [2]:7 [3]:12
[0]:519195416 [1]:274568095 [2]:7 [3]:18
[0]:520426214 [1]:275653734 [2]:7 [3]:18
[0]:521686528 [1]:276773623 [2]:7 [3]:12
[0]:522922278 [1]:277863077 [2]:7 [3]:19
[0]:524128424 [1]:278932958 [2]:7 [3]:60
[0]:525411363 [1]:280066995 [2]:7 [3]:14
[0]:526663626 [1]:281167766 [2]:7 [3]:20
[0]:527876949 [1]:282242022 [2]:7 [3]:16
[0]:529159895 [1]:283377801 [2]:7 [3]:18
[0]:530417568 [1]:284496506 [2]:7 [3]:14
[0]:531701177 [1]:285630931 [2]:7 [3]:17
[0]:532981304 [1]:286758874 [2]:7 [3]:19
[0]:534215845 [1]:287849585 [2]:7 [3]:17
[0]:535514674 [1]:288996536 [2]:7 [3]:13
[0]:536836551 [1]:290164730 [2]:7 [3]:14
[0]:538063716 [1]:291246853 [2]:7 [3]:13
[0]:539151622 [1]:292208628 [2]:7 [3]:16
[0]:540215375 [1]:293149367 [2]:7 [3]:58
[0]:541370686 [1]:294170947 [2]:7 [3]:13
[0]:542464910 [1]:295136715 [2]:7 [3]:21
[0]:543569707 [1]:296108583 [2]:7 [3]:52
[0]:544648916 [1]:297063677 [2]:7 [3]:16
[0]:545928067 [1]:298193544 [2]:7 [3]:20
[0]:547279310 [1]:299387327 [2]:7 [3]:13
[0]:548419204 [1]:300395363 [2]:7 [3]:17
[0]:549497730 [1]:301351846 [2]:7 [3]:16
[0]:550603462 [1]:302324660 [2]:7 [3]:20
[0]:551684378 [1]:303285452 [2]:7 [3]:16
[0]:552736316 [1]:304210577 [2]:7 [3]:19
[0]:553772410 [1]:305129797 [2]:7 [3]:13
[0]:554853619 [1]:306091778 [2]:7 [3]:57
[0]:556178670 [1]:307264019 [2]:7 [3]:15
[0]:557557233 [1]:308482964 [2]:7 [3]:18
[0]:558762800 [1]:309550748 [2]:7 [3]:63
[0]:559888316 [1]:310541753 [2]:7 [3]:17
[0]:561018854 [1]:311544033 [2]:7 [3]:52
[0]:562125924 [1]:312524620 [2]:7 [3]:19
[0]:563244404 [1]:313510001 [2]:7 [3]:63
[0]:564451714 [1]:314581601 [2]:7 [3]:18
[0]:565564768 [1]:315568327 [2]:7 [3]:11
[0]:566870201 [1]:316721087 [2]:7 [3]:52
[0]:567982758 [1]:317702316 [2]:7 [3]:15
[0]:569245469 [1]:318819300 [2]:7 [3]:10
[0]:570350795 [1]:319797658 [2]:7 [3]:54
[0]:571583771 [1]:320890928 [2]:7 [3]:21
[0]:572672429 [1]:321860523 [2]:7 [3]:19
[0]:573806057 [1]:322861592 [2]:7 [3]:56
[0]:575077463 [1]:323986826 [2]:7 [3]:16
[0]:576461624 [1]:325217260 [2]:7 [3]:19
[0]:577826414 [1]:326426471 [2]:7 [3]:23
[0]:579132060 [1]:327577843 [2]:7 [3]:59
[0]:580414960 [1]:328714158 [2]:7 [3]:56
[0]:581661668 [1]:329812467 [2]:7 [3]:18
[0]:582840808 [1]:330852176 [2]:7 [3]:16
[0]:584051503 [1]:331925650 [2]:7 [3]:23
[0]:585279766 [1]:333011327 [2]:7 [3]:22
[0]:586503041 [1]:334088824 [2]:7 [3]:58
[0]:587749332 [1]:335194176 [2]:7 [3]:19
[0]:588982064 [1]:336281807 [2]:7 [3]:14
[0]:590167124 [1]:337332225 [2]:7 [3]:55
[0]:591398175 [1]:338416903 [2]:7 [3]:10
[0]:592632414 [1]:339502953 [2]:7 [3]:17
[0]:593870566 [1]:340599545 [2]:7 [3]:11
[0]:595099960 [1]:341682630 [2]:7 [3]:13
[0]:596385914 [1]:342818892 [2]:7 [3]:19
[0]:597643629 [1]:343931375 [2]:7 [3]:13
[0]:598902414 [1]:345047124 [2]:7 [3]:16
[0]:600135810 [1]:346131133 [2]:7 [3]:16
[0]:601222337 [1]:347092610 [2]:7 [3]:14
[0]:602295152 [1]:348046538 [2]:7 [3]:17
[0]:603337700 [1]:348961249 [2]:7 [3]:21
[0]:604438976 [1]:349938670 [2]:7 [3]:15
[0]:605552130 [1]:350919445 [2]:7 [3]:18
[0]:606641034 [1]:351884453 [2]:7 [3]:14
[0]:607745546 [1]:352860575 [2]:7 [3]:62
[0]:608792521 [1]:353785801 [2]:7 [3]:18
[0]:609856173 [1]:354731893 [2]:7 [3]:56
[0]:610937698 [1]:355688992 [2]:7 [3]:52
[0]:612024673 [1]:356655560 [2]:7 [3]:17
[0]:613116849 [1]:357629318 [2]:7 [3]:8
[0]:614181789 [1]:358571020 [2]:7 [3]:17
[0]:615244239 [1]:359516600 [2]:7 [3]:12
[0]:616338440 [1]:360484572 [2]:7 [3]:52
[0]:617680148 [1]:361673352 [2]:7 [3]:55
[0]:619070067 [1]:362903645 [2]:7 [3]:9
[0]:620762469 [1]:364402506 [2]:7 [3]:18
[0]:621854550 [1]:365364072 [2]:7 [3]:13
[0]:622964613 [1]:366342352 [2]:7 [3]:18
[0]:624044601 [1]:367304275 [2]:7 [3]:55
[0]:625265120 [1]:368387111 [2]:7 [3]:18
[0]:626327933 [1]:369325220 [2]:7 [3]:18
[0]:627408441 [1]:370289016 [2]:7 [3]:12
[0]:628627759 [1]:371365126 [2]:7 [3]:14
[0]:629716195 [1]:372327233 [2]:7 [3]:17
[0]:630826939 [1]:373308872 [2]:7 [3]:12
[0]:632038206 [1]:374385095 [2]:7 [3]:56
[0]:633129464 [1]:375349231 [2]:7 [3]:9
[0]:634240495 [1]:376335461 [2]:7 [3]:15
[0]:635337213 [1]:377300774 [2]:7 [3]:15
[0]:636453336 [1]:378292973 [2]:7 [3]:15
[0]:637758671 [1]:379452829 [2]:7 [3]:17
[0]:639149090 [1]:380685883 [2]:7 [3]:18
[0]:640813060 [1]:382159235 [2]:7 [3]:15
[0]:642031334 [1]:383229062 [2]:7 [3]:65
[0]:643275323 [1]:384333146 [2]:7 [3]:17
[0]:644571003 [1]:385479647 [2]:7 [3]:55
[0]:645803752 [1]:386571540 [2]:7 [3]:10
[0]:647063053 [1]:387686977 [2]:7 [3]:15
[0]:648346599 [1]:388819529 [2]:7 [3]:18
[0]:649537291 [1]:389869315 [2]:7 [3]:22
[0]:650760235 [1]:390956434 [2]:7 [3]:20
[0]:651952042 [1]:392015259 [2]:7 [3]:56
[0]:653182227 [1]:393101728 [2]:7 [3]:16
[0]:654429576 [1]:394207750 [2]:7 [3]:53
[0]:655632617 [1]:395272033 [2]:7 [3]:56
[0]:656886470 [1]:396375612 [2]:7 [3]:14
[0]:658097257 [1]:397448006 [2]:7 [3]:57
[0]:659362273 [1]:398565554 [2]:7 [3]:54
[0]:660535457 [1]:399604292 [2]:7 [3]:17
[0]:661748777 [1]:400677562 [2]:7 [3]:17
[0]:662923802 [1]:401719702 [2]:7 [3]:23
[0]:664043750 [1]:402708635 [2]:7 [3]:16
[0]:665148840 [1]:403689741 [2]:7 [3]:17
[0]:666246297 [1]:404656163 [2]:7 [3]:13
[0]:667357844 [1]:405643440 [2]:7 [3]:14
[0]:668447209 [1]:406601898 [2]:7 [3]:57
[0]:669532712 [1]:407569832 [2]:7 [3]:50
[0]:670659558 [1]:408564997 [2]:7 [3]:61
[0]:671783211 [1]:409551179 [2]:7 [3]:62
[0]:672901190 [1]:410540077 [2]:7 [3]:57
[0]:674062144 [1]:411569547 [2]:7 [3]:22
[0]:675147440 [1]:412532529 [2]:7 [3]:15
[0]:676278677 [1]:413535443 [2]:7 [3]:55
[0]:677382435 [1]:414507096 [2]:7 [3]:20
[0]:678512102 [1]:415508847 [2]:7 [3]:51
[0]:679754352 [1]:416607201 [2]:7 [3]:21
[0]:681149650 [1]:417840725 [2]:7 [3]:19
[0]:682436107 [1]:418981484 [2]:7 [3]:58
[0]:683639011 [1]:420047052 [2]:7 [3]:54
[0]:684765061 [1]:421041380 [2]:7 [3]:19
[0]:685873899 [1]:422021409 [2]:7 [3]:19
[0]:687026225 [1]:423043530 [2]:7 [3]:19
[0]:688122791 [1]:424015346 [2]:7 [3]:15
[0]:689318991 [1]:425066726 [2]:7 [3]:53
[0]:690393360 [1]:426018257 [2]:7 [3]:14
[0]:691523093 [1]:427021518 [2]:7 [3]:13
[0]:692631290 [1]:428003987 [2]:7 [3]:17
[0]:693767277 [1]:429005576 [2]:7 [3]:20
[0]:694887591 [1]:429996101 [2]:7 [3]:57
[0]:696026757 [1]:431001645 [2]:7 [3]:18
[0]:697127172 [1]:431978740 [2]:7 [3]:16
[0]:698217565 [1]:432941611 [2]:7 [3]:54
[0]:699461412 [1]:434042801 [2]:7 [3]:16
[0]:700809599 [1]:435233913 [2]:7 [3]:18
[0]:702268426 [1]:436525696 [2]:7 [3]:45
[0]:703604547 [1]:437706206 [2]:7 [3]:55
[0]:704806220 [1]:438773946 [2]:7 [3]:15
[0]:705996177 [1]:439825089 [2]:7 [3]:16
[0]:707272371 [1]:440955543 [2]:7 [3]:57
[0]:708699589 [1]:442215519 [2]:7 [3]:60
[0]:709955386 [1]:443325457 [2]:7 [3]:16
[0]:711165245 [1]:444398402 [2]:7 [3]:17
[0]:712419628 [1]:445505110 [2]:7 [3]:15
[0]:713686051 [1]:446623115 [2]:7 [3]:14
[0]:714914236 [1]:447705928 [2]:7 [3]:19
[0]:716292398 [1]:448925130 [2]:7 [3]:20
[0]:717454831 [1]:449952115 [2]:7 [3]:14
[0]:718663983 [1]:451024190 [2]:7 [3]:53
[0]:719921889 [1]:452134336 [2]:7 [3]:19
[0]:721131694 [1]:453208751 [2]:7 [3]:17
[0]:722413685 [1]:454336384 [2]:7 [3]:19
[0]:723624045 [1]:455411840 [2]:7 [3]:12
[0]:724762017 [1]:456414091 [2]:7 [3]:19
[0]:725889525 [1]:457410282 [2]:7 [3]:15
[0]:727004671 [1]:458400878 [2]:7 [3]:19
[0]:728197979 [1]:459457363 [2]:7 [3]:13
[0]:729325731 [1]:460459921 [2]:7 [3]:19
[0]:730539907 [1]:461540091 [2]:7 [3]:15
[0]:731671738 [1]:462544902 [2]:7 [3]:57
[0]:732768032 [1]:463508735 [2]:7 [3]:13
[0]:733880669 [1]:464500374 [2]:7 [3]:51
[0]:735013287 [1]:465503081 [2]:7 [3]:21
[0]:736095731 [1]:466460417 [2]:7 [3]:49
[0]:737241376 [1]:467476018 [2]:7 [3]:14
[0]:738305691 [1]:468415287 [2]:7 [3]:17
[0]:739402806 [1]:469384996 [2]:7 [3]:19
[0]:740479060 [1]:470341159 [2]:7 [3]:11
[0]:741701991 [1]:471418970 [2]:7 [3]:19
[0]:743032334 [1]:472599589 [2]:7 [3]:19
[0]:744369010 [1]:473782841 [2]:7 [3]:12
[0]:745458876 [1]:474751504 [2]:7 [3]:22
[0]:746575790 [1]:475739260 [2]:7 [3]:20
[0]:747785347 [1]:476808075 [2]:7 [3]:14
[0]:748982857 [1]:477871229 [2]:7 [3]:18
[0]:750078885 [1]:478842162 [2]:7 [3]:17
[0]:751171036 [1]:479801847 [2]:7 [3]:51
[0]:752283072 [1]:480789688 [2]:7 [3]:7
[0]:753295024 [1]:481690029 [2]:7 [3]:15
[0]:754495749 [1]:482750665 [2]:7 [3]:54
[0]:755647335 [1]:483768058 [2]:7 [3]:20
[0]:756734427 [1]:484730696 [2]:7 [3]:16
[0]:757889411 [1]:485752568 [2]:7 [3]:17
[0]:758982776 [1]:486714681 [2]:7 [3]:16
[0]:760095687 [1]:487704908 [2]:7 [3]:20
[0]:761357676 [1]:488821922 [2]:7 [3]:20
[0]:762761505 [1]:490067405 [2]:7 [3]:19
[0]:764207812 [1]:491343917 [2]:7 [3]:19
[0]:765610390 [1]:492585391 [2]:7 [3]:18
[0]:766868897 [1]:493700987 [2]:7 [3]:19
[0]:768103292 [1]:494794833 [2]:7 [3]:20
[0]:769358040 [1]:495898635 [2]:7 [3]:16
[0]:770588856 [1]:496995281 [2]:7 [3]:20
[0]:771818121 [1]:498078542 [2]:7 [3]:52
[0]:773012623 [1]:499139055 [2]:7 [3]:16
[0]:774272359 [1]:500252944 [2]:7 [3]:18
[0]:775528908 [1]:501366261 [2]:7 [3]:13
[0]:776765575 [1]:502456761 [2]:7 [3]:17
[0]:777981743 [1]:503533458 [2]:7 [3]:18
[0]:779208709 [1]:504616442 [2]:7 [3]:17
[0]:780423403 [1]:505692442 [2]:7 [3]:15
[0]:781627845 [1]:506756764 [2]:7 [3]:11
[0]:782880567 [1]:507868803 [2]:7 [3]:59
[0]:784142359 [1]:508981856 [2]:7 [3]:18
[0]:785325021 [1]:510027496 [2]:7 [3]:20
[0]:786583650 [1]:511141851 [2]:7 [3]:12
[0]:787737407 [1]:512163446 [2]:7 [3]:19
[0]:788827740 [1]:513123580 [2]:7 [3]:54
[0]:789956907 [1]:514119624 [2]:7 [3]:51
[0]:791064704 [1]:515103364 [2]:7 [3]:17
[0]:792194867 [1]:516101979 [2]:7 [3]:18
[0]:793356995 [1]:517130450 [2]:7 [3]:15
[0]:794439617 [1]:518091675 [2]:7 [3]:16
[0]:795504207 [1]:519031204 [2]:7 [3]:54
[0]:796620370 [1]:520024786 [2]:7 [3]:18
[0]:797728179 [1]:521004147 [2]:7 [3]:17
[0]:798866430 [1]:522005981 [2]:7 [3]:57
[0]:800017184 [1]:523022811 [2]:7 [3]:13
[0]:801118638 [1]:524002623 [2]:7 [3]:54
[0]:802230639 [1]:524987276 [2]:7 [3]:14
[0]:803415643 [1]:526035745 [2]:7 [3]:14
[0]:804791265 [1]:527257088 [2]:7 [3]:18
[0]:806122869 [1]:528438369 [2]:7 [3]:17
[0]:807320126 [1]:529497254 [2]:7 [3]:52
[0]:808420890 [1]:530471717 [2]:7 [3]:17
[0]:809531812 [1]:531455490 [2]:7 [3]:16
[0]:810604282 [1]:532403946 [2]:7 [3]:19
[0]:811660095 [1]:533340685 [2]:7 [3]:15
[0]:812740886 [1]:534297957 [2]:7 [3]:54
[0]:813831487 [1]:535257249 [2]:7 [3]:17
[0]:814947039 [1]:536244773 [2]:7 [3]:17
[0]:816036079 [1]:537205686 [2]:7 [3]:15
[0]:817150071 [1]:538187412 [2]:7 [3]:17
[0]:818274018 [1]:539179377 [2]:7 [3]:22
[0]:819376154 [1]:540150497 [2]:7 [3]:13
[0]:820467666 [1]:541118727 [2]:7 [3]:18
[0]:821626196 [1]:542140679 [2]:7 [3]:11
[0]:822817728 [1]:543193198 [2]:7 [3]:58
[0]:824232835 [1]:544449023 [2]:7 [3]:13
[0]:825609025 [1]:545668110 [2]:7 [3]:17
[0]:826973686 [1]:546605457 [2]:7 [3]:19
[0]:828079051 [1]:547172772 [2]:7 [3]:53
[0]:829195190 [1]:547745861 [2]:7 [3]:50
[0]:830247749 [1]:548288260 [2]:7 [3]:14
[0]:831396931 [1]:548876602 [2]:7 [3]:16
[0]:832558535 [1]:549471417 [2]:7 [3]:49
[0]:833663361 [1]:550040282 [2]:7 [3]:16
[0]:834778951 [1]:550614590 [2]:7 [3]:13
[0]:835923454 [1]:551202148 [2]:7 [3]:55
[0]:837089308 [1]:551798584 [2]:7 [3]:14
[0]:838180974 [1]:552364740 [2]:7 [3]:47
[0]:839285332 [1]:552934761 [2]:7 [3]:11
[0]:840426625 [1]:553524761 [2]:7 [3]:16
[0]:841583772 [1]:554115157 [2]:7 [3]:14
[0]:842691291 [1]:554682904 [2]:7 [3]:17
[0]:843891822 [1]:555296588 [2]:7 [3]:14
[0]:845067479 [1]:555901271 [2]:7 [3]:16
[0]:846201947 [1]:556483527 [2]:7 [3]:14
[0]:847245228 [1]:557016458 [2]:7 [3]:13
[0]:848285552 [1]:557551742 [2]:7 [3]:8
[0]:849620727 [1]:558239344 [2]:7 [3]:48
[0]:850709458 [1]:558799533 [2]:7 [3]:11
[0]:851638614 [1]:559277423 [2]:7 [3]:15
[0]:852631687 [1]:559787460 [2]:7 [3]:10
[0]:853665190 [1]:560318754 [2]:7 [3]:60
[0]:854671338 [1]:560836772 [2]:7 [3]:13
[0]:855710960 [1]:561366474 [2]:7 [3]:14
[0]:856698917 [1]:561878141 [2]:7 [3]:51
[0]:857749473 [1]:562420766 [2]:7 [3]:59
[0]:858759270 [1]:562940281 [2]:7 [3]:54
[0]:859778755 [1]:563462936 [2]:7 [3]:12
[0]:860816580 [1]:563995810 [2]:7 [3]:12
[0]:861957702 [1]:564586050 [2]:7 [3]:52
[0]:863162079 [1]:565206956 [2]:7 [3]:50
[0]:864372397 [1]:565824416 [2]:7 [3]:21
[0]:865484340 [1]:566391851 [2]:7 [3]:12
[0]:866498628 [1]:566908459 [2]:7 [3]:57
[0]:867799512 [1]:567576678 [2]:7 [3]:54
[0]:868838038 [1]:568107952 [2]:7 [3]:49
[0]:869843814 [1]:568628892 [2]:7 [3]:14
[0]:871059751 [1]:569255227 [2]:7 [3]:11
[0]:872073365 [1]:569775514 [2]:7 [3]:11
[0]:873063288 [1]:570282237 [2]:7 [3]:12
[0]:874079013 [1]:570806209 [2]:7 [3]:14
[0]:875107368 [1]:571331502 [2]:7 [3]:52
[0]:876111536 [1]:571846283 [2]:7 [3]:11
[0]:877366697 [1]:572494926 [2]:7 [3]:14
[0]:878369350 [1]:573009383 [2]:7 [3]:10
[0]:879504060 [1]:573594860 [2]:7 [3]:9
[0]:880713576 [1]:574215857 [2]:7 [3]:14
[0]:881971612 [1]:574863093 [2]:7 [3]:10
[0]:883205208 [1]:575494943 [2]:7 [3]:11
[0]:884419800 [1]:576123084 [2]:7 [3]:14
[0]:885523151 [1]:576697243 [2]:7 [3]:10
[0]:886666557 [1]:577287302 [2]:7 [3]:15
[0]:887770939 [1]:577851244 [2]:7 [3]:15
[0]:888884076 [1]:578424548 [2]:7 [3]:12
[0]:890263035 [1]:579131230 [2]:7 [3]:8
[0]:891349028 [1]:579689675 [2]:7 [3]:10
[0]:892621552 [1]:580345877 [2]:7 [3]:55
[0]:893688315 [1]:580891344 [2]:7 [3]:15
[0]:894807766 [1]:581465422 [2]:7 [3]:13
[0]:896030033 [1]:582090944 [2]:7 [3]:13
[0]:897204811 [1]:582695824 [2]:7 [3]:11
[0]:898316236 [1]:583264160 [2]:7 [3]:13
[0]:899463435 [1]:583850425 [2]:7 [3]:10
[0]:900576905 [1]:584420671 [2]:7 [3]:12
[0]:901689188 [1]:584992891 [2]:7 [3]:53
[0]:902803884 [1]:585565511 [2]:7 [3]:10
[0]:903778929 [1]:586069144 [2]:7 [3]:22
[0]:904821684 [1]:586608263 [2]:7 [3]:17
[0]:905861707 [1]:587138163 [2]:7 [3]:12
[0]:906841105 [1]:587641241 [2]:7 [3]:15
[0]:907893043 [1]:588179243 [2]:7 [3]:12
[0]:908906123 [1]:588693623 [2]:7 [3]:53
[0]:910003398 [1]:589255072 [2]:7 [3]:55
[0]:911034109 [1]:589786807 [2]:7 [3]:49
[0]:911999486 [1]:590285042 [2]:7 [3]:56
[0]:913009822 [1]:590801827 [2]:7 [3]:18
[0]:914127078 [1]:591376950 [2]:7 [3]:49
[0]:915093532 [1]:591875251 [2]:7 [3]:10
[0]:916101686 [1]:592389011 [2]:7 [3]:50
[0]:917087675 [1]:592894814 [2]:7 [3]:13
[0]:918579934 [1]:593664483 [2]:7 [3]:13
[0]:919842292 [1]:594314470 [2]:7 [3]:11
[0]:920948511 [1]:594882447 [2]:7 [3]:9
[0]:922031066 [1]:595441050 [2]:7 [3]:55
[0]:923059405 [1]:595969019 [2]:7 [3]:10
[0]:924093433 [1]:596499866 [2]:7 [3]:10
[0]:925149624 [1]:597040231 [2]:7 [3]:14
[0]:926176633 [1]:597562355 [2]:7 [3]:50
[0]:927157385 [1]:598069369 [2]:7 [3]:14
[0]:928200171 [1]:598608960 [2]:7 [3]:50
[0]:929227539 [1]:599139387 [2]:7 [3]:10
[0]:930281308 [1]:599680422 [2]:7 [3]:12
[0]:931356693 [1]:600235497 [2]:7 [3]:49
[0]:932368677 [1]:600755400 [2]:7 [3]:12
[0]:933569123 [1]:601369748 [2]:7 [3]:18
[0]:934553604 [1]:601874697 [2]:7 [3]:54
[0]:935552634 [1]:602390856 [2]:7 [3]:15
[0]:936797596 [1]:603029539 [2]:7 [3]:15
[0]:937987024 [1]:603638138 [2]:7 [3]:16
[0]:939212794 [1]:604274209 [2]:7 [3]:12
[0]:940375342 [1]:604873493 [2]:7 [3]:51
[0]:941466027 [1]:605435262 [2]:7 [3]:17
[0]:942592033 [1]:606018734 [2]:7 [3]:14
[0]:943716001 [1]:606597399 [2]:7 [3]:9
[0]:944815995 [1]:607165973 [2]:7 [3]:11
[0]:945988037 [1]:607769409 [2]:7 [3]:15
[0]:947123553 [1]:608349972 [2]:7 [3]:14
[0]:948259561 [1]:608930232 [2]:7 [3]:53
[0]:949385822 [1]:609507365 [2]:7 [3]:55
[0]:950504528 [1]:610077437 [2]:7 [3]:27
[0]:951595467 [1]:610638575 [2]:7 [3]:12
[0]:952759542 [1]:611239365 [2]:7 [3]:50
[0]:953924487 [1]:611838873 [2]:7 [3]:7
[0]:955321865 [1]:612560576 [2]:7 [3]:15
[0]:956638871 [1]:613232619 [2]:7 [3]:13
[0]:957842519 [1]:613852081 [2]:7 [3]:13
[0]:958909086 [1]:614395859 [2]:7 [3]:48
[0]:959833435 [1]:614871925 [2]:7 [3]:16
[0]:960835201 [1]:615383692 [2]:7 [3]:50
[0]:962134464 [1]:616054716 [2]:7 [3]:49
[0]:963158346 [1]:616575923 [2]:7 [3]:11
[0]:964141910 [1]:617085180 [2]:7 [3]:49
[0]:965124055 [1]:617591115 [2]:7 [3]:13
[0]:966202542 [1]:618142850 [2]:7 [3]:53
[0]:967206302 [1]:618660758 [2]:7 [3]:11
[0]:968237438 [1]:619189705 [2]:7 [3]:53
[0]:969383396 [1]:619778722 [2]:7 [3]:13
[0]:970383959 [1]:620291913 [2]:7 [3]:52
[0]:971527382 [1]:620875039 [2]:7 [3]:54
[0]:972537253 [1]:621391285 [2]:7 [3]:14
[0]:973687511 [1]:621983711 [2]:7 [3]:12
[0]:975024358 [1]:622669366 [2]:7 [3]:54
[0]:976229054 [1]:623291511 [2]:7 [3]:11
[0]:977376675 [1]:623884726 [2]:7 [3]:10
[0]:978431263 [1]:624427021 [2]:7 [3]:12
[0]:979434458 [1]:624946750 [2]:7 [3]:52
[0]:980459058 [1]:625469672 [2]:7 [3]:14
[0]:981711856 [1]:626116982 [2]:7 [3]:52
[0]:982821179 [1]:626688014 [2]:7 [3]:53
[0]:983887854 [1]:627234479 [2]:7 [3]:57
[0]:985090030 [1]:627849610 [2]:7 [3]:15
[0]:986135507 [1]:628389356 [2]:7 [3]:13
[0]:987130334 [1]:628904792 [2]:7 [3]:52
[0]:988149122 [1]:629428514 [2]:7 [3]:7
[0]:989140752 [1]:629936804 [2]:7 [3]:57
[0]:990180896 [1]:630479074 [2]:7 [3]:7
[0]:991245872 [1]:631023486 [2]:7 [3]:19
[0]:992480275 [1]:631658041 [2]:7 [3]:16
[0]:993733706 [1]:632309439 [2]:7 [3]:11
[0]:994957915 [1]:632939326 [2]:7 [3]:11
[0]:996168637 [1]:633561622 [2]:7 [3]:51
[0]:997333519 [1]:634160008 [2]:7 [3]:10
[0]:998433654 [1]:634724054 [2]:7 [3]:12
[0]:999565246 [1]:635311767 [2]:7 [3]:13
[0]:1000691036 [1]:635894261 [2]:7 [3]:16
[0]:1001814742 [1]:636477216 [2]:7 [3]:12
[0]:1002946957 [1]:637065617 [2]:7 [3]:53
[0]:1004254822 [1]:637742463 [2]:7 [3]:54
[0]:1005538187 [1]:638404390 [2]:7 [3]:54
[0]:1006739175 [1]:639017453 [2]:7 [3]:10
[0]:1007921962 [1]:639622830 [2]:7 [3]:54
[0]:1009145077 [1]:640250944 [2]:7 [3]:51
[0]:1010235440 [1]:640814177 [2]:7 [3]:52
[0]:1011431277 [1]:641424158 [2]:7 [3]:53
[0]:1012547101 [1]:641999432 [2]:7 [3]:20
[0]:1013663986 [1]:642575677 [2]:7 [3]:8
[0]:1014835825 [1]:643182840 [2]:7 [3]:10
[0]:1015844766 [1]:643701207 [2]:7 [3]:49
[0]:1016840901 [1]:644210475 [2]:7 [3]:11
[0]:1017883274 [1]:644753087 [2]:7 [3]:52
[0]:1018908034 [1]:645282777 [2]:7 [3]:13
[0]:1019902814 [1]:645799531 [2]:7 [3]:50
[0]:1021031317 [1]:646379384 [2]:7 [3]:19
[0]:1022162443 [1]:646956141 [2]:7 [3]:48
[0]:1023231537 [1]:647510815 [2]:7 [3]:43
[0]:1024563669 [1]:648199002 [2]:7 [3]:49
[0]:1025551494 [1]:648707397 [2]:7 [3]:61
[0]:1026566215 [1]:649233552 [2]:7 [3]:52
[0]:1027553218 [1]:649741085 [2]:7 [3]:53
[0]:1028556621 [1]:650256236 [2]:7 [3]:14
[0]:1029558885 [1]:650771808 [2]:7 [3]:12
[0]:1030828502 [1]:651422913 [2]:7 [3]:53
[0]:1032035046 [1]:652045621 [2]:7 [3]:52
[0]:1033127028 [1]:652606689 [2]:7 [3]:51
[0]:1034136182 [1]:653129808 [2]:7 [3]:58
[0]:1035301769 [1]:653735112 [2]:7 [3]:18
[0]:1036280463 [1]:654242956 [2]:7 [3]:49
[0]:1037314142 [1]:654771152 [2]:7 [3]:50
[0]:1038326069 [1]:655295731 [2]:7 [3]:52
[0]:1039310444 [1]:655805642 [2]:7 [3]:28
[0]:1040358822 [1]:656346248 [2]:7 [3]:56
[0]:1041344344 [1]:656855268 [2]:7 [3]:11
[0]:1042389440 [1]:657393692 [2]:7 [3]:14
[0]:1043447185 [1]:657938253 [2]:7 [3]:11
[0]:1044478022 [1]:658465322 [2]:7 [3]:50
[0]:1045635278 [1]:659058852 [2]:7 [3]:55
[0]:1046631693 [1]:659574151 [2]:7 [3]:9
[0]:1047754815 [1]:660150898 [2]:7 [3]:20
[0]:1049030249 [1]:660812939 [2]:7 [3]:57
[0]:1050218644 [1]:661424080 [2]:7 [3]:57
[0]:1051563542 [1]:662118475 [2]:7 [3]:52
[0]:1052729148 [1]:662719382 [2]:7 [3]:14
[0]:1053792798 [1]:663264976 [2]:7 [3]:50
[0]:1054976078 [1]:663872312 [2]:7 [3]:49
[0]:1056160134 [1]:664487296 [2]:7 [3]:60
[0]:1057324029 [1]:665083493 [2]:7 [3]:15
[0]:1058530412 [1]:665700463 [2]:7 [3]:14
[0]:1059688975 [1]:666302552 [2]:7 [3]:9
[0]:1060821117 [1]:666883623 [2]:7 [3]:13
[0]:1061992579 [1]:667484668 [2]:7 [3]:12
[0]:1063112264 [1]:668061554 [2]:7 [3]:10
[0]:1064278283 [1]:668662792 [2]:7 [3]:13
[0]:1065422466 [1]:669250134 [2]:7 [3]:11
[0]:1066586588 [1]:669847630 [2]:7 [3]:13
[0]:1067723569 [1]:670434874 [2]:7 [3]:15
[0]:1068879090 [1]:671033458 [2]:7 [3]:12
[0]:1070014987 [1]:671618820 [2]:7 [3]:12
[0]:1071095358 [1]:672175715 [2]:7 [3]:54
[0]:1072129308 [1]:672708131 [2]:7 [3]:17
[0]:1073154541 [1]:673236516 [2]:7 [3]:8
[0]:1074156867 [1]:673753196 [2]:7 [3]:11
[0]:1075194377 [1]:674286071 [2]:7 [3]:54
[0]:1076240533 [1]:674820833 [2]:7 [3]:12
[0]:1077275732 [1]:675355387 [2]:7 [3]:21
[0]:1078302055 [1]:675886324 [2]:7 [3]:8
[0]:1079333861 [1]:676417785 [2]:7 [3]:11
[0]:1080347870 [1]:676938197 [2]:7 [3]:51
[0]:1081437414 [1]:677497947 [2]:7 [3]:53
[0]:1082418916 [1]:678004196 [2]:7 [3]:18
[0]:1083410750 [1]:678515172 [2]:7 [3]:50
[0]:1084399190 [1]:679023665 [2]:7 [3]:11
[0]:1085415416 [1]:679544274 [2]:7 [3]:12
[0]:1086522699 [1]:680118929 [2]:7 [3]:12
[0]:1087889596 [1]:680826496 [2]:7 [3]:51
[0]:1089063429 [1]:681428818 [2]:7 [3]:11
[0]:1090084475 [1]:681963729 [2]:7 [3]:17
[0]:1091095915 [1]:682482942 [2]:7 [3]:51
[0]:1092106062 [1]:683004664 [2]:7 [3]:51
[0]:1093140550 [1]:683537023 [2]:7 [3]:52
[0]:1094144440 [1]:684055477 [2]:7 [3]:13
[0]:1095147933 [1]:684570049 [2]:7 [3]:11
[0]:1096168757 [1]:685094312 [2]:7 [3]:11
[0]:1097183045 [1]:685616373 [2]:7 [3]:11
[0]:1098203396 [1]:686136086 [2]:7 [3]:10
[0]:1099271182 [1]:686683827 [2]:7 [3]:52
[0]:1100281166 [1]:687205614 [2]:7 [3]:47
[0]:1101320265 [1]:687744177 [2]:7 [3]:5
[0]:1102323671 [1]:688256038 [2]:7 [3]:16
[0]:1103501222 [1]:688863295 [2]:7 [3]:13
[0]:1104715400 [1]:689490133 [2]:7 [3]:14
[0]:1105978105 [1]:690146218 [2]:7 [3]:14
[0]:1107234505 [1]:690787832 [2]:7 [3]:12
[0]:1108537213 [1]:691461777 [2]:7 [3]:11
[0]:1109736186 [1]:692075115 [2]:7 [3]:50
[0]:1110899142 [1]:692678439 [2]:7 [3]:54
[0]:1112066945 [1]:693279222 [2]:7 [3]:13
[0]:1113225099 [1]:693875696 [2]:7 [3]:55
[0]:1114380095 [1]:694468496 [2]:7 [3]:9
[0]:1115611298 [1]:695105001 [2]:7 [3]:52
[0]:1116768527 [1]:695702620 [2]:7 [3]:57
[0]:1117932646 [1]:696296528 [2]:7 [3]:50
[0]:1119052200 [1]:696881304 [2]:7 [3]:45
[0]:1120167528 [1]:697455571 [2]:7 [3]:51
[0]:1121357550 [1]:698071918 [2]:7 [3]:16
[0]:1122490958 [1]:698654477 [2]:7 [3]:50
[0]:1123621726 [1]:699235949 [2]:7 [3]:10
[0]:1124694671 [1]:699787514 [2]:7 [3]:20
[0]:1125909596 [1]:700413885 [2]:7 [3]:12
[0]:1127100813 [1]:701027541 [2]:7 [3]:8
[0]:1128107448 [1]:701543173 [2]:7 [3]:51
[0]:1129091870 [1]:702048044 [2]:7 [3]:56
[0]:1130077988 [1]:702555439 [2]:7 [3]:10
[0]:1131082829 [1]:703070666 [2]:7 [3]:51
[0]:1132117886 [1]:703604298 [2]:7 [3]:49
[0]:1133102734 [1]:704113778 [2]:7 [3]:51
[0]:1134132224 [1]:704644688 [2]:7 [3]:11
[0]:1135158855 [1]:705175317 [2]:7 [3]:12
[0]:1136141796 [1]:705681565 [2]:7 [3]:52
[0]:1137178959 [1]:706216281 [2]:7 [3]:10
[0]:1138244132 [1]:706765220 [2]:7 [3]:13
[0]:1139352298 [1]:707339076 [2]:7 [3]:12
[0]:1140356677 [1]:707855989 [2]:7 [3]:13
[0]:1141346042 [1]:708369081 [2]:7 [3]:9
[0]:1142340663 [1]:708882361 [2]:7 [3]:46
[0]:1143796098 [1]:709634604 [2]:7 [3]:12
[0]:1145066756 [1]:710288332 [2]:7 [3]:10
[0]:1146274404 [1]:710910286 [2]:7 [3]:11
[0]:1147333102 [1]:711456131 [2]:7 [3]:10
[0]:1148380336 [1]:711996565 [2]:7 [3]:50
[0]:1149379171 [1]:712507233 [2]:7 [3]:57
[0]:1150401825 [1]:713029910 [2]:7 [3]:11
[0]:1151423929 [1]:713556554 [2]:7 [3]:9
[0]:1152767536 [1]:714250031 [2]:7 [3]:11
[0]:1153751046 [1]:714754871 [2]:7 [3]:54
[0]:1154715813 [1]:715252990 [2]:7 [3]:16
[0]:1155768175 [1]:715795213 [2]:7 [3]:56
[0]:1156891824 [1]:716368810 [2]:7 [3]:50
[0]:1157945137 [1]:716913749 [2]:7 [3]:15
[0]:1158956940 [1]:717434346 [2]:7 [3]:48
[0]:1159977695 [1]:717960517 [2]:7 [3]:11
[0]:1161421022 [1]:718706685 [2]:7 [3]:52
[0]:1162624926 [1]:719323132 [2]:7 [3]:54
[0]:1163831742 [1]:719951117 [2]:7 [3]:56
[0]:1165080895 [1]:720596244 [2]:7 [3]:11
[0]:1166204105 [1]:721171233 [2]:7 [3]:9
[0]:1167310750 [1]:721747049 [2]:7 [3]:10
[0]:1168453598 [1]:722339186 [2]:7 [3]:53
[0]:1169559189 [1]:722906007 [2]:7 [3]:14
[0]:1170709886 [1]:723495803 [2]:7 [3]:50
[0]:1171851420 [1]:724080842 [2]:7 [3]:54
[0]:1173059849 [1]:724704278 [2]:7 [3]:17
[0]:1174296022 [1]:725344935 [2]:7 [3]:16
[0]:1175474879 [1]:725954497 [2]:7 [3]:12
[0]:1176629885 [1]:726547765 [2]:7 [3]:51
[0]:1177756465 [1]:727128529 [2]:7 [3]:16
[0]:1178920766 [1]:727729797 [2]:7 [3]:56
[0]:1180026837 [1]:728301310 [2]:7 [3]:14
[0]:1181218606 [1]:728910976 [2]:7 [3]:14
[0]:1182313268 [1]:729470510 [2]:7 [3]:12
[0]:1183431174 [1]:730043646 [2]:7 [3]:59
[0]:1184457573 [1]:730573254 [2]:7 [3]:13
[0]:1185432332 [1]:731073781 [2]:7 [3]:10
[0]:1186409240 [1]:731573122 [2]:7 [3]:11
[0]:1187405441 [1]:732084916 [2]:7 [3]:14
[0]:1188429495 [1]:732617306 [2]:7 [3]:8
[0]:1189441158 [1]:733134854 [2]:7 [3]:48
[0]:1190426499 [1]:733647494 [2]:7 [3]:10
[0]:1191672990 [1]:734291152 [2]:7 [3]:52
[0]:1192657393 [1]:734796110 [2]:7 [3]:18
[0]:1193723592 [1]:735343833 [2]:7 [3]:14
[0]:1194748347 [1]:735874707 [2]:7 [3]:9
[0]:1195766164 [1]:736395723 [2]:7 [3]:12
[0]:1196750786 [1]:736899234 [2]:7 [3]:13
[0]:1197773561 [1]:737428065 [2]:7 [3]:15
[0]:1198867281 [1]:737996303 [2]:7 [3]:17
[0]:1200133946 [1]:738651125 [2]:7 [3]:43
[0]:1201339205 [1]:739277020 [2]:7 [3]:13
[0]:1202343747 [1]:739795816 [2]:7 [3]:10
[0]:1203372841 [1]:740325430 [2]:7 [3]:11
[0]:1204397717 [1]:740849549 [2]:7 [3]:65
[0]:1205427733 [1]:741378510 [2]:7 [3]:12
[0]:1206433718 [1]:741898234 [2]:7 [3]:51
[0]:1207699398 [1]:742543532 [2]:7 [3]:10
[0]:1208714228 [1]:743062651 [2]:7 [3]:52
[0]:1209821898 [1]:743631071 [2]:7 [3]:8
[0]:1210845637 [1]:744163716 [2]:7 [3]:7
[0]:1212095734 [1]:744808732 [2]:7 [3]:56
[0]:1213126409 [1]:745343683 [2]:7 [3]:15
[0]:1214133733 [1]:745861967 [2]:7 [3]:52
[0]:1214998896 [1]:746307356 [2]:7 [3]:52
[0]:1214998896 [1]:746307356 [2]:7 [3]:52
[0]:1214998896 [1]:746307356 [2]:7 [3]:52
[0]:1214998896 [1]:746307356 [2]:7 [3]:52
[0]:1214998896 [1]:746307356 [2]:7 [3]:52
[0]:1214998896 [1]:746307356 [2]:7 [3]:52
[0]:1214998896 [1]:746307356 [2]:7 [3]:52
[0]:1214998896 [1]:746307356 [2]:7 [3]:52
[0]:1214998896 [1]:746307356 [2]:7 [3]:52
[0]:1214998896 [1]:746307356 [2]:7 [3]:52
                                                                                    [0]:1214998896 [1]:746307356 [2]:7 [3]:52
[0]:1214998896 [1]:746307356 [2]:7 [3]:52
[0]:1214998896 [1]:746307356 [2]:7 [3]:52
[0]:1214998896 [1]:746307356 [2]:7 [3]:52
[0]:1214998896 [1]:746307356 [2]:7 [3]:52
[0]:1214998896 [1]:746307356 [2]:7 [3]:52
