[0]:14340553 [1]:3501507 [2]:0 [3]:361
[0]:14560577 [1]:3536627 [2]:0 [3]:360
[0]:14796792 [1]:3574240 [2]:0 [3]:359
[0]:14999841 [1]:3606629 [2]:0 [3]:367
[0]:15235967 [1]:3644380 [2]:0 [3]:364
[0]:15437063 [1]:3676393 [2]:0 [3]:362
[0]:15642429 [1]:3709157 [2]:0 [3]:359
[0]:15850070 [1]:3742208 [2]:0 [3]:367
[0]:16057271 [1]:3775249 [2]:0 [3]:84
[0]:16260999 [1]:3807780 [2]:0 [3]:73
[0]:16475659 [1]:3841929 [2]:0 [3]:362
[0]:16683954 [1]:3875138 [2]:0 [3]:371
[0]:16892891 [1]:3908676 [2]:0 [3]:367
[0]:17110313 [1]:3943465 [2]:0 [3]:360
[0]:17308324 [1]:3975071 [2]:0 [3]:324
[0]:17516637 [1]:4008317 [2]:0 [3]:364
[0]:17749868 [1]:4045540 [2]:0 [3]:366
[0]:17955681 [1]:4078395 [2]:0 [3]:364
[0]:18167925 [1]:4112326 [2]:0 [3]:367
[0]:18377135 [1]:4145596 [2]:0 [3]:362
[0]:18600446 [1]:4181275 [2]:0 [3]:77
[0]:18809485 [1]:4214705 [2]:0 [3]:358
[0]:19044453 [1]:4252172 [2]:0 [3]:72
[0]:19256770 [1]:4286021 [2]:0 [3]:86
[0]:19470157 [1]:4320012 [2]:0 [3]:79
[0]:19679161 [1]:4353390 [2]:0 [3]:368
[0]:19880380 [1]:4385500 [2]:0 [3]:370
[0]:20083186 [1]:4417831 [2]:0 [3]:364
[0]:20290826 [1]:4450907 [2]:0 [3]:359
[0]:20543019 [1]:4491159 [2]:0 [3]:368
[0]:20747844 [1]:4523903 [2]:0 [3]:77
[0]:20949599 [1]:4556067 [2]:0 [3]:368
[0]:21160655 [1]:4589725 [2]:0 [3]:358
[0]:21367805 [1]:4622669 [2]:0 [3]:361
[0]:21615707 [1]:4662222 [2]:0 [3]:366
[0]:21824854 [1]:4695702 [2]:0 [3]:358
[0]:22039902 [1]:4730046 [2]:0 [3]:367
[0]:22242276 [1]:4762217 [2]:0 [3]:371
[0]:22445005 [1]:4794564 [2]:0 [3]:353
[0]:22671502 [1]:4830651 [2]:0 [3]:364
[0]:22908788 [1]:4868535 [2]:0 [3]:367
[0]:23120347 [1]:4902233 [2]:0 [3]:354
[0]:23324542 [1]:4934843 [2]:0 [3]:369
[0]:23533752 [1]:4968298 [2]:0 [3]:366
[0]:23743015 [1]:5001774 [2]:0 [3]:356
[0]:23965840 [1]:5037410 [2]:0 [3]:83
[0]:24180816 [1]:5071732 [2]:0 [3]:75
[0]:24415149 [1]:5109146 [2]:0 [3]:371
[0]:24629013 [1]:5143325 [2]:0 [3]:364
[0]:24837493 [1]:5176765 [2]:0 [3]:362
[0]:25056741 [1]:5211710 [2]:0 [3]:365
[0]:25277496 [1]:5246819 [2]:0 [3]:367
[0]:25482976 [1]:5279570 [2]:0 [3]:375
[0]:25695756 [1]:5313590 [2]:0 [3]:363
[0]:25931819 [1]:5351242 [2]:0 [3]:364
[0]:26141506 [1]:5384702 [2]:0 [3]:353
[0]:26362767 [1]:5419922 [2]:0 [3]:365
[0]:26562407 [1]:5451746 [2]:0 [3]:368
[0]:26768833 [1]:5484771 [2]:0 [3]:359
[0]:27044559 [1]:5528716 [2]:0 [3]:362
[0]:27258200 [1]:5562806 [2]:0 [3]:370
[0]:27473035 [1]:5597052 [2]:0 [3]:363
[0]:27678467 [1]:5629824 [2]:0 [3]:362
[0]:27893181 [1]:5664177 [2]:0 [3]:368
[0]:28106274 [1]:5698281 [2]:0 [3]:358
[0]:28311639 [1]:5731071 [2]:0 [3]:364
[0]:28520052 [1]:5764376 [2]:0 [3]:364
[0]:28729748 [1]:5797993 [2]:0 [3]:364
[0]:28946624 [1]:5832579 [2]:0 [3]:353
[0]:29163715 [1]:5867171 [2]:0 [3]:369
[0]:29375131 [1]:5900931 [2]:0 [3]:363
[0]:29593678 [1]:5935818 [2]:0 [3]:86
[0]:29802447 [1]:5969147 [2]:0 [3]:357
[0]:30020654 [1]:6003931 [2]:0 [3]:358
