[0]:76003944 [1]:15886904 [2]:0 [3]:362
[0]:76209365 [1]:15919721 [2]:0 [3]:369
[0]:76422480 [1]:15953721 [2]:0 [3]:363
[0]:76694771 [1]:15997126 [2]:0 [3]:356
[0]:76899844 [1]:16029852 [2]:0 [3]:371
[0]:77105013 [1]:16062650 [2]:0 [3]:79
[0]:77315813 [1]:16096300 [2]:0 [3]:89
[0]:77554892 [1]:16134552 [2]:0 [3]:371
[0]:77767451 [1]:16168394 [2]:0 [3]:371
[0]:77974696 [1]:16201411 [2]:0 [3]:355
[0]:78201573 [1]:16237638 [2]:0 [3]:369
[0]:78407001 [1]:16270352 [2]:0 [3]:77
[0]:78627280 [1]:16305458 [2]:0 [3]:359
[0]:78849218 [1]:16340811 [2]:0 [3]:73
[0]:79058092 [1]:16374175 [2]:0 [3]:82
[0]:79259383 [1]:16406338 [2]:0 [3]:359
[0]:79460378 [1]:16438378 [2]:0 [3]:368
[0]:79684933 [1]:16474308 [2]:0 [3]:359
[0]:79898384 [1]:16508465 [2]:0 [3]:367
[0]:80106828 [1]:16541714 [2]:0 [3]:371
[0]:80312658 [1]:16574447 [2]:0 [3]:78
[0]:80520032 [1]:16607509 [2]:0 [3]:371
[0]:80730892 [1]:16641179 [2]:0 [3]:84
[0]:81021531 [1]:16687546 [2]:0 [3]:369
[0]:81228011 [1]:16720520 [2]:0 [3]:360
[0]:81515940 [1]:16766607 [2]:0 [3]:368
[0]:81725066 [1]:16799905 [2]:0 [3]:370
[0]:81933575 [1]:16833223 [2]:0 [3]:371
[0]:82137246 [1]:16865712 [2]:0 [3]:366
[0]:82340609 [1]:16898191 [2]:0 [3]:370
[0]:82557482 [1]:16932833 [2]:0 [3]:362
[0]:82778329 [1]:16968113 [2]:0 [3]:363
[0]:82995429 [1]:17002695 [2]:0 [3]:366
[0]:83204330 [1]:17035984 [2]:0 [3]:360
[0]:83406222 [1]:17068213 [2]:0 [3]:362
[0]:83612393 [1]:17101244 [2]:0 [3]:366
[0]:83819895 [1]:17134358 [2]:0 [3]:359
[0]:84131709 [1]:17184272 [2]:0 [3]:372
[0]:84363745 [1]:17221281 [2]:0 [3]:358
[0]:84610829 [1]:17260743 [2]:0 [3]:360
[0]:84812707 [1]:17293002 [2]:0 [3]:367
[0]:85017293 [1]:17325677 [2]:0 [3]:357
[0]:85232186 [1]:17360098 [2]:0 [3]:361
[0]:85434730 [1]:17392358 [2]:0 [3]:368
[0]:85638601 [1]:17424912 [2]:0 [3]:357
[0]:85847878 [1]:17458237 [2]:0 [3]:366
[0]:86151735 [1]:17506736 [2]:0 [3]:368
[0]:86368712 [1]:17541332 [2]:0 [3]:367
[0]:86585601 [1]:17575912 [2]:0 [3]:80
[0]:86806559 [1]:17611081 [2]:0 [3]:365
[0]:87007739 [1]:17643200 [2]:0 [3]:364
[0]:87220754 [1]:17677226 [2]:0 [3]:78
[0]:87437726 [1]:17711843 [2]:0 [3]:371
[0]:87662705 [1]:17747641 [2]:0 [3]:365
[0]:87905497 [1]:17786554 [2]:0 [3]:83
[0]:88137974 [1]:17823621 [2]:0 [3]:364
[0]:88356958 [1]:17858663 [2]:0 [3]:357
[0]:88570095 [1]:17892659 [2]:0 [3]:371
[0]:88787166 [1]:17927232 [2]:0 [3]:359
[0]:88995844 [1]:17960536 [2]:0 [3]:374
[0]:89207478 [1]:17994441 [2]:0 [3]:361
[0]:89410366 [1]:18026863 [2]:0 [3]:361
[0]:89615615 [1]:18059547 [2]:0 [3]:356
[0]:89824642 [1]:18092911 [2]:0 [3]:360
[0]:90041622 [1]:18127616 [2]:0 [3]:368
[0]:90267115 [1]:18163512 [2]:0 [3]:362
[0]:90477851 [1]:18197046 [2]:0 [3]:372
[0]:90684765 [1]:18229988 [2]:0 [3]:371
[0]:90893044 [1]:18263369 [2]:0 [3]:370
[0]:91134486 [1]:18301879 [2]:0 [3]:81
[0]:91339681 [1]:18334568 [2]:0 [3]:358
[0]:91568529 [1]:18371062 [2]:0 [3]:360
