[0]:502401456 [1]:260459125 [2]:7 [3]:18
[0]:503765401 [1]:261667135 [2]:7 [3]:9
[0]:505126970 [1]:262874425 [2]:7 [3]:53
[0]:506557572 [1]:264137099 [2]:7 [3]:21
[0]:508003866 [1]:265419907 [2]:7 [3]:13
[0]:509285612 [1]:266553579 [2]:7 [3]:19
[0]:510565834 [1]:267693001 [2]:7 [3]:17
[0]:511859215 [1]:268829649 [2]:7 [3]:59
[0]:513034975 [1]:269872215 [2]:7 [3]:14
[0]:514365987 [1]:271049896 [2]:7 [3]:15
[0]:515611006 [1]:272156752 [2]:7 [3]:18
[0]:516857559 [1]:273259937 [2]:7 [3]:14
[0]:518111142 [1]:274371617 [2]:7 [3]:19
[0]:519710818 [1]:275781883 [2]:7 [3]:18
[0]:520971631 [1]:276897096 [2]:7 [3]:55
[0]:522239809 [1]:278019768 [2]:7 [3]:16
[0]:523485898 [1]:279119157 [2]:7 [3]:19
[0]:524815973 [1]:280292830 [2]:7 [3]:13
[0]:526220044 [1]:281535934 [2]:7 [3]:13
[0]:527527115 [1]:282696294 [2]:7 [3]:13
[0]:528858446 [1]:283876265 [2]:7 [3]:16
[0]:530068976 [1]:284948518 [2]:7 [3]:18
[0]:531254537 [1]:285997635 [2]:7 [3]:20
[0]:532706345 [1]:287282216 [2]:7 [3]:17
[0]:533798264 [1]:288245786 [2]:7 [3]:17
[0]:534903530 [1]:289219481 [2]:7 [3]:13
[0]:536020798 [1]:290210064 [2]:7 [3]:16
[0]:537130528 [1]:291188661 [2]:7 [3]:60
[0]:538236889 [1]:292171615 [2]:7 [3]:20
[0]:539327440 [1]:293139501 [2]:7 [3]:10
[0]:540474211 [1]:294150496 [2]:7 [3]:17
[0]:541874586 [1]:295388831 [2]:7 [3]:21
[0]:542961412 [1]:296353194 [2]:7 [3]:16
[0]:544219990 [1]:297473263 [2]:7 [3]:21
[0]:545353154 [1]:298478074 [2]:7 [3]:16
[0]:546618047 [1]:299592832 [2]:7 [3]:15
[0]:548047857 [1]:300857965 [2]:7 [3]:15
[0]:549325749 [1]:301983363 [2]:7 [3]:19
[0]:550469786 [1]:302994452 [2]:7 [3]:14
[0]:551575852 [1]:303976968 [2]:7 [3]:14
[0]:552659844 [1]:304935544 [2]:7 [3]:54
[0]:553764757 [1]:305909195 [2]:7 [3]:53
[0]:554865257 [1]:306885113 [2]:7 [3]:17
[0]:555967295 [1]:307853302 [2]:7 [3]:12
[0]:557375470 [1]:309098661 [2]:7 [3]:20
[0]:558542563 [1]:310133175 [2]:7 [3]:17
[0]:559677371 [1]:311142171 [2]:7 [3]:15
[0]:560790502 [1]:312122868 [2]:7 [3]:15
[0]:561950923 [1]:313147840 [2]:7 [3]:14
[0]:563063574 [1]:314135187 [2]:7 [3]:53
[0]:564322749 [1]:315245294 [2]:7 [3]:18
[0]:565633230 [1]:316410616 [2]:7 [3]:21
[0]:567015592 [1]:317627093 [2]:7 [3]:17
[0]:568370909 [1]:318833257 [2]:7 [3]:18
[0]:569593296 [1]:319918460 [2]:7 [3]:20
[0]:571056936 [1]:321210586 [2]:7 [3]:21
[0]:572423847 [1]:322416745 [2]:7 [3]:18
[0]:573730574 [1]:323579015 [2]:7 [3]:60
[0]:575037155 [1]:324734519 [2]:7 [3]:16
[0]:576270531 [1]:325828137 [2]:7 [3]:14
[0]:577509234 [1]:326921332 [2]:7 [3]:14
[0]:578736410 [1]:328007941 [2]:7 [3]:18
[0]:579921965 [1]:329056004 [2]:7 [3]:16
[0]:581227875 [1]:330212692 [2]:7 [3]:19
[0]:582653608 [1]:331476621 [2]:7 [3]:15
[0]:583936339 [1]:332608872 [2]:7 [3]:19
[0]:585217653 [1]:333746098 [2]:7 [3]:21
[0]:586399601 [1]:334794203 [2]:7 [3]:17
[0]:587807894 [1]:336038912 [2]:7 [3]:61
[0]:589017083 [1]:337110202 [2]:7 [3]:17
[0]:590298536 [1]:338241936 [2]:7 [3]:8
[0]:591572588 [1]:339368026 [2]:7 [3]:16
[0]:592808963 [1]:340464345 [2]:7 [3]:11
[0]:593975076 [1]:341500490 [2]:7 [3]:15
[0]:595064891 [1]:342459995 [2]:7 [3]:16
[0]:596130768 [1]:343403011 [2]:7 [3]:19
[0]:597340543 [1]:344474168 [2]:7 [3]:59
