[0]:57238899 [1]:7388717 [2]:134 [3]:361
[0]:57433796 [1]:7433689 [2]:134 [3]:370
[0]:57642810 [1]:7481989 [2]:134 [3]:355
[0]:57840555 [1]:7527677 [2]:134 [3]:363
[0]:58034652 [1]:7572553 [2]:138 [3]:364
[0]:58243499 [1]:7620761 [2]:138 [3]:357
[0]:58441644 [1]:7666553 [2]:138 [3]:372
[0]:58635718 [1]:7711409 [2]:138 [3]:366
[0]:58836973 [1]:7757935 [2]:138 [3]:53
[0]:59046346 [1]:7806310 [2]:138 [3]:367
[0]:59240313 [1]:7851102 [2]:138 [3]:362
[0]:59441879 [1]:7897725 [2]:138 [3]:366
[0]:59642833 [1]:7944110 [2]:138 [3]:365
[0]:59849506 [1]:7991832 [2]:138 [3]:361
[0]:60038878 [1]:8035551 [2]:138 [3]:363
[0]:60264902 [1]:8087744 [2]:138 [3]:360
[0]:60460847 [1]:8133035 [2]:138 [3]:61
[0]:60647346 [1]:8176159 [2]:138 [3]:363
[0]:60841860 [1]:8221153 [2]:143 [3]:360
[0]:61035589 [1]:8265762 [2]:143 [3]:360
[0]:61227243 [1]:8310041 [2]:143 [3]:357
[0]:61423826 [1]:8355476 [2]:143 [3]:361
[0]:61625465 [1]:8402052 [2]:143 [3]:361
[0]:61811653 [1]:8445108 [2]:143 [3]:352
[0]:62013303 [1]:8491653 [2]:143 [3]:363
[0]:62207679 [1]:8536576 [2]:143 [3]:360
[0]:62437212 [1]:8589585 [2]:143 [3]:363
[0]:62632635 [1]:8634730 [2]:143 [3]:356
[0]:62834760 [1]:8681396 [2]:143 [3]:361
[0]:63039382 [1]:8728649 [2]:143 [3]:360
[0]:63241488 [1]:8775349 [2]:143 [3]:354
[0]:63448568 [1]:8823217 [2]:143 [3]:360
[0]:63662686 [1]:8872673 [2]:147 [3]:60
[0]:63857568 [1]:8917681 [2]:147 [3]:359
[0]:64049289 [1]:8962013 [2]:147 [3]:364
[0]:64237593 [1]:9005503 [2]:147 [3]:363
[0]:64453816 [1]:9055445 [2]:147 [3]:361
[0]:64648601 [1]:9100489 [2]:147 [3]:352
[0]:64842704 [1]:9145287 [2]:147 [3]:360
[0]:65040149 [1]:9190866 [2]:147 [3]:356
[0]:65233316 [1]:9235481 [2]:147 [3]:363
[0]:65423500 [1]:9279434 [2]:147 [3]:365
[0]:65617931 [1]:9324337 [2]:147 [3]:358
[0]:65820734 [1]:9371123 [2]:147 [3]:349
[0]:66024913 [1]:9418319 [2]:147 [3]:359
[0]:66227514 [1]:9465111 [2]:147 [3]:367
[0]:66432616 [1]:9512461 [2]:150 [3]:360
[0]:66626575 [1]:9557172 [2]:150 [3]:363
[0]:66824809 [1]:9602971 [2]:150 [3]:53
[0]:67014976 [1]:9647087 [2]:150 [3]:365
[0]:67216567 [1]:9693671 [2]:150 [3]:363
[0]:67414532 [1]:9739401 [2]:150 [3]:352
[0]:67608392 [1]:9784142 [2]:150 [3]:363
[0]:67806090 [1]:9829834 [2]:150 [3]:354
[0]:68011518 [1]:9877421 [2]:150 [3]:361
[0]:68198082 [1]:9920525 [2]:150 [3]:359
[0]:68388220 [1]:9964469 [2]:150 [3]:363
[0]:68578656 [1]:10008386 [2]:150 [3]:64
[0]:68804145 [1]:10060552 [2]:150 [3]:358
[0]:68996872 [1]:10105050 [2]:150 [3]:52
[0]:69199721 [1]:10151967 [2]:153 [3]:364
[0]:69392148 [1]:10196446 [2]:153 [3]:351
[0]:69593800 [1]:10243012 [2]:153 [3]:371
[0]:69806493 [1]:10292108 [2]:153 [3]:358
[0]:70008256 [1]:10338711 [2]:153 [3]:353
[0]:70198509 [1]:10382672 [2]:153 [3]:359
[0]:70406472 [1]:10430632 [2]:153 [3]:359
[0]:70605256 [1]:10476551 [2]:153 [3]:363
[0]:70795885 [1]:10520608 [2]:153 [3]:364
[0]:70996362 [1]:10566896 [2]:153 [3]:364
[0]:71199118 [1]:10613736 [2]:153 [3]:364
[0]:71404132 [1]:10661054 [2]:153 [3]:366
[0]:71598359 [1]:10705997 [2]:153 [3]:362
[0]:71792331 [1]:10750837 [2]:153 [3]:357
[0]:71986323 [1]:10795630 [2]:155 [3]:359
[0]:72184470 [1]:10841409 [2]:155 [3]:368
[0]:72382730 [1]:10887134 [2]:155 [3]:357
[0]:72582792 [1]:10933393 [2]:155 [3]:358
[0]:72777882 [1]:10978432 [2]:155 [3]:364
[0]:72979276 [1]:11025028 [2]:155 [3]:361
[0]:73188208 [1]:11073254 [2]:155 [3]:61
[0]:73399989 [1]:11122147 [2]:155 [3]:363
[0]:73636171 [1]:11176770 [2]:155 [3]:359
[0]:73900260 [1]:11237950 [2]:155 [3]:363
[0]:74116747 [1]:11287919 [2]:155 [3]:361
[0]:74364872 [1]:11345328 [2]:155 [3]:361
[0]:74576787 [1]:11394270 [2]:155 [3]:359
[0]:74793231 [1]:11444287 [2]:157 [3]:357
[0]:74991012 [1]:11490035 [2]:157 [3]:358
[0]:75192520 [1]:11536502 [2]:157 [3]:365
[0]:75432870 [1]:11592043 [2]:157 [3]:360
[0]:75651768 [1]:11642617 [2]:157 [3]:360
[0]:75849449 [1]:11688276 [2]:157 [3]:363
[0]:76047256 [1]:11733934 [2]:157 [3]:368
[0]:76247501 [1]:11780224 [2]:157 [3]:363
[0]:76446749 [1]:11826262 [2]:157 [3]:359
[0]:76638721 [1]:11870619 [2]:157 [3]:362
[0]:76832569 [1]:11915395 [2]:157 [3]:359
[0]:77029019 [1]:11960740 [2]:157 [3]:370
[0]:77226599 [1]:12006364 [2]:157 [3]:357
[0]:77419387 [1]:12050913 [2]:157 [3]:364
[0]:77652365 [1]:12104710 [2]:158 [3]:363
[0]:77846438 [1]:12149534 [2]:158 [3]:357
[0]:78047464 [1]:12196019 [2]:158 [3]:358
[0]:78253167 [1]:12243591 [2]:158 [3]:363
[0]:78440455 [1]:12286880 [2]:158 [3]:61
[0]:78637444 [1]:12332369 [2]:158 [3]:354
[0]:78831706 [1]:12377241 [2]:158 [3]:365
[0]:79029326 [1]:12422939 [2]:158 [3]:364
[0]:79260948 [1]:12476447 [2]:158 [3]:364
[0]:79458684 [1]:12522204 [2]:158 [3]:360
[0]:79667685 [1]:12570497 [2]:158 [3]:367
[0]:79868911 [1]:12616957 [2]:158 [3]:363
[0]:80070609 [1]:12663575 [2]:158 [3]:356
[0]:80264951 [1]:12708505 [2]:158 [3]:366
[0]:80466243 [1]:12755044 [2]:159 [3]:62
[0]:80678867 [1]:12804237 [2]:159 [3]:362
[0]:80876784 [1]:12849941 [2]:159 [3]:363
[0]:81065915 [1]:12893609 [2]:159 [3]:366
[0]:81261108 [1]:12938775 [2]:159 [3]:363
[0]:81455502 [1]:12983655 [2]:159 [3]:351
[0]:81660792 [1]:13031001 [2]:159 [3]:355
[0]:81858703 [1]:13076683 [2]:159 [3]:366
[0]:82056467 [1]:13122386 [2]:159 [3]:358
[0]:82250399 [1]:13167145 [2]:159 [3]:364
[0]:82444672 [1]:13212063 [2]:159 [3]:363
[0]:82646238 [1]:13258574 [2]:159 [3]:360
[0]:82918551 [1]:13321522 [2]:159 [3]:57
[0]:83112851 [1]:13366403 [2]:159 [3]:362
[0]:83305817 [1]:13410974 [2]:160 [3]:356
[0]:83503906 [1]:13456681 [2]:160 [3]:359
[0]:83698659 [1]:13501750 [2]:160 [3]:357
[0]:83892544 [1]:13546564 [2]:160 [3]:363
[0]:84090597 [1]:13592287 [2]:160 [3]:358
[0]:84288399 [1]:13637971 [2]:160 [3]:370
[0]:84482587 [1]:13682775 [2]:160 [3]:360
[0]:84680049 [1]:13728425 [2]:160 [3]:358
[0]:84895061 [1]:13778137 [2]:160 [3]:368
