[0]:0 [1]:0 [2]:0 [3]:0
[0]:50383 [1]:0 [2]:0 [3]:78
[0]:275107 [1]:0 [2]:0 [3]:69
[0]:489922 [1]:0 [2]:0 [3]:311
[0]:716917 [1]:0 [2]:0 [3]:54
[0]:940107 [1]:0 [2]:0 [3]:310
[0]:1166838 [1]:11956 [2]:121 [3]:55
[0]:1368875 [1]:32372 [2]:121 [3]:362
[0]:1565789 [1]:52247 [2]:121 [3]:70
[0]:1768483 [1]:72623 [2]:121 [3]:369
[0]:1971051 [1]:93091 [2]:121 [3]:65
[0]:2169342 [1]:113078 [2]:121 [3]:72
[0]:2359931 [1]:132279 [2]:121 [3]:44
[0]:2603082 [1]:156963 [2]:101 [3]:370
[0]:2786094 [1]:175427 [2]:101 [3]:59
[0]:2984108 [1]:195589 [2]:101 [3]:350
[0]:3173960 [1]:214959 [2]:101 [3]:57
[0]:3372603 [1]:235186 [2]:101 [3]:363
[0]:3568025 [1]:255024 [2]:101 [3]:50
[0]:3765163 [1]:274889 [2]:101 [3]:379
[0]:3963214 [1]:295014 [2]:101 [3]:55
[0]:4153816 [1]:314337 [2]:101 [3]:74
[0]:4362323 [1]:335547 [2]:89 [3]:354
[0]:4557427 [1]:355324 [2]:89 [3]:62
[0]:4763111 [1]:376034 [2]:89 [3]:82
[0]:4968683 [1]:396909 [2]:89 [3]:67
[0]:5159332 [1]:416150 [2]:89 [3]:360
[0]:5354156 [1]:435873 [2]:89 [3]:362
[0]:5548402 [1]:455542 [2]:89 [3]:67
[0]:5739259 [1]:474725 [2]:82 [3]:63
[0]:5959773 [1]:496931 [2]:82 [3]:54
[0]:6150211 [1]:516338 [2]:82 [3]:363
[0]:6348639 [1]:536261 [2]:82 [3]:68
[0]:6543070 [1]:556124 [2]:82 [3]:74
[0]:6733966 [1]:575336 [2]:82 [3]:68
[0]:6936850 [1]:595798 [2]:82 [3]:371
[0]:7129773 [1]:615429 [2]:82 [3]:375
[0]:7323890 [1]:635279 [2]:78 [3]:85
[0]:7522131 [1]:655336 [2]:78 [3]:60
[0]:7720152 [1]:675506 [2]:78 [3]:53
[0]:7912229 [1]:694900 [2]:78 [3]:365
[0]:8094028 [1]:713268 [2]:78 [3]:365
[0]:8282330 [1]:732198 [2]:78 [3]:361
[0]:8479310 [1]:752074 [2]:78 [3]:66
[0]:8682373 [1]:772540 [2]:78 [3]:55
[0]:8875845 [1]:791991 [2]:75 [3]:72
[0]:9096448 [1]:814343 [2]:75 [3]:69
[0]:9308521 [1]:835863 [2]:75 [3]:67
[0]:9505842 [1]:856038 [2]:75 [3]:369
[0]:9701847 [1]:875749 [2]:75 [3]:63
[0]:9932593 [1]:899111 [2]:75 [3]:357
[0]:10124251 [1]:918587 [2]:75 [3]:63
[0]:10318753 [1]:938216 [2]:75 [3]:69
[0]:10509216 [1]:957508 [2]:73 [3]:359
[0]:10703447 [1]:977212 [2]:73 [3]:370
[0]:10905187 [1]:997627 [2]:73 [3]:57
[0]:11099335 [1]:1017306 [2]:73 [3]:364
[0]:11289252 [1]:1036484 [2]:73 [3]:353
[0]:11499879 [1]:1057842 [2]:73 [3]:63
[0]:11701691 [1]:1078403 [2]:73 [3]:72
[0]:11899593 [1]:1098547 [2]:73 [3]:58
[0]:12090367 [1]:1117764 [2]:72 [3]:59
[0]:12292382 [1]:1138165 [2]:72 [3]:49
[0]:12488344 [1]:1157903 [2]:72 [3]:371
[0]:12684773 [1]:1177901 [2]:72 [3]:61
[0]:12894198 [1]:1198997 [2]:72 [3]:369
[0]:13107186 [1]:1220672 [2]:72 [3]:50
[0]:13304603 [1]:1242936 [2]:72 [3]:358
[0]:13511655 [1]:1274991 [2]:72 [3]:361
[0]:13704167 [1]:1304672 [2]:74 [3]:52
[0]:13915904 [1]:1337368 [2]:74 [3]:362
[0]:14105061 [1]:1366571 [2]:74 [3]:366
[0]:14295376 [1]:1395969 [2]:74 [3]:57
[0]:14493445 [1]:1426449 [2]:74 [3]:59
[0]:14692825 [1]:1457091 [2]:74 [3]:370
[0]:14879188 [1]:1485764 [2]:74 [3]:75
[0]:15076971 [1]:1516389 [2]:74 [3]:357
[0]:15263386 [1]:1545070 [2]:74 [3]:68
[0]:15461449 [1]:1575558 [2]:74 [3]:64
[0]:15655481 [1]:1605427 [2]:85 [3]:61
[0]:15853091 [1]:1635981 [2]:85 [3]:55
[0]:16043035 [1]:1665343 [2]:85 [3]:362
[0]:16248348 [1]:1697024 [2]:85 [3]:364
[0]:16445180 [1]:1727323 [2]:85 [3]:364
[0]:16644124 [1]:1757928 [2]:85 [3]:355
[0]:16929314 [1]:1801913 [2]:85 [3]:361
[0]:17128984 [1]:1832740 [2]:85 [3]:353
[0]:17319339 [1]:1862001 [2]:85 [3]:376
[0]:17512506 [1]:1891896 [2]:85 [3]:363
[0]:17706878 [1]:1921943 [2]:91 [3]:361
[0]:17906210 [1]:1952651 [2]:91 [3]:364
[0]:18095116 [1]:1981794 [2]:91 [3]:358
[0]:18292994 [1]:2012261 [2]:91 [3]:364
[0]:18500898 [1]:2044388 [2]:91 [3]:69
[0]:18695739 [1]:2074452 [2]:91 [3]:58
[0]:18885151 [1]:2103701 [2]:91 [3]:360
[0]:19076142 [1]:2133274 [2]:91 [3]:51
[0]:19270085 [1]:2163324 [2]:91 [3]:367
[0]:19460472 [1]:2192616 [2]:91 [3]:368
[0]:19654111 [1]:2222484 [2]:91 [3]:358
[0]:19849996 [1]:2252703 [2]:95 [3]:363
[0]:20053506 [1]:2284014 [2]:95 [3]:356
[0]:20247610 [1]:2313918 [2]:95 [3]:371
[0]:20445057 [1]:2344334 [2]:95 [3]:67
[0]:20646779 [1]:2375404 [2]:95 [3]:359
[0]:20840782 [1]:2405443 [2]:95 [3]:62
[0]:21030685 [1]:2434751 [2]:95 [3]:362
[0]:21235131 [1]:2466336 [2]:95 [3]:360
[0]:21418282 [1]:2494572 [2]:95 [3]:370
[0]:21612944 [1]:2524530 [2]:95 [3]:60
[0]:21806864 [1]:2554438 [2]:97 [3]:370
[0]:22004368 [1]:2585171 [2]:97 [3]:61
[0]:22202357 [1]:2615577 [2]:97 [3]:357
[0]:22403703 [1]:2646623 [2]:97 [3]:364
[0]:22636666 [1]:2682618 [2]:97 [3]:363
[0]:22829582 [1]:2712680 [2]:97 [3]:368
[0]:23029985 [1]:2743596 [2]:97 [3]:72
[0]:23224156 [1]:2773552 [2]:97 [3]:365
[0]:23421782 [1]:2804066 [2]:97 [3]:367
[0]:23615767 [1]:2833992 [2]:97 [3]:68
[0]:23841617 [1]:2868821 [2]:99 [3]:363
[0]:24036431 [1]:2898937 [2]:99 [3]:357
[0]:24246157 [1]:2931227 [2]:99 [3]:62
[0]:24435799 [1]:2960472 [2]:99 [3]:71
[0]:24630303 [1]:2990620 [2]:99 [3]:366
[0]:24828077 [1]:3021153 [2]:99 [3]:365
[0]:25036961 [1]:3053311 [2]:99 [3]:60
[0]:25238191 [1]:3084391 [2]:99 [3]:54
[0]:25455712 [1]:3118036 [2]:99 [3]:359
[0]:25669387 [1]:3151128 [2]:99 [3]:75
[0]:25891040 [1]:3185355 [2]:100 [3]:71
[0]:26099345 [1]:3217578 [2]:100 [3]:364
[0]:26293763 [1]:3247596 [2]:100 [3]:363
[0]:26549693 [1]:3287149 [2]:100 [3]:79
[0]:26752298 [1]:3318693 [2]:100 [3]:357
[0]:26939032 [1]:3347507 [2]:100 [3]:367
[0]:27151369 [1]:3380348 [2]:100 [3]:62
[0]:27351878 [1]:3411368 [2]:100 [3]:372
[0]:27548958 [1]:3441826 [2]:100 [3]:355
[0]:27770219 [1]:3476229 [2]:100 [3]:350
[0]:27960508 [1]:3505528 [2]:101 [3]:359
[0]:28160913 [1]:3536596 [2]:101 [3]:52
[0]:28355746 [1]:3566843 [2]:101 [3]:368
[0]:28561258 [1]:3598593 [2]:101 [3]:61
[0]:28842871 [1]:3641910 [2]:101 [3]:362
[0]:29127183 [1]:3685998 [2]:101 [3]:365
[0]:29336418 [1]:3718435 [2]:101 [3]:357
[0]:29534115 [1]:3748939 [2]:101 [3]:360
[0]:29731992 [1]:3779275 [2]:101 [3]:61
[0]:29928740 [1]:3809792 [2]:102 [3]:359
[0]:30127409 [1]:3840534 [2]:102 [3]:364
[0]:30338333 [1]:3873163 [2]:102 [3]:60
[0]:30541153 [1]:3904450 [2]:102 [3]:54
[0]:30731224 [1]:3933666 [2]:102 [3]:362
[0]:30955112 [1]:3968279 [2]:102 [3]:360
[0]:31156704 [1]:3999412 [2]:102 [3]:359
[0]:31347035 [1]:4028764 [2]:102 [3]:354
[0]:31540874 [1]:4058636 [2]:102 [3]:62
[0]:31748968 [1]:4090877 [2]:102 [3]:65
[0]:31940083 [1]:4120323 [2]:102 [3]:354
[0]:32137833 [1]:4150771 [2]:102 [3]:62
[0]:32335556 [1]:4181275 [2]:102 [3]:63
[0]:32529309 [1]:4211041 [2]:102 [3]:61
[0]:32735058 [1]:4242647 [2]:102 [3]:60
[0]:32928938 [1]:4272498 [2]:102 [3]:65
[0]:33178637 [1]:4311069 [2]:102 [3]:363
[0]:33361563 [1]:4339413 [2]:102 [3]:63
[0]:33559190 [1]:4369973 [2]:102 [3]:59
[0]:33775505 [1]:4403402 [2]:102 [3]:368
[0]:33971495 [1]:4433632 [2]:102 [3]:76
[0]:34157796 [1]:4462351 [2]:102 [3]:59
[0]:34353092 [1]:4492353 [2]:102 [3]:366
[0]:34549774 [1]:4522602 [2]:102 [3]:374
[0]:34758616 [1]:4554899 [2]:102 [3]:71
[0]:34954306 [1]:4585213 [2]:102 [3]:357
[0]:35169959 [1]:4618610 [2]:102 [3]:364
[0]:35364660 [1]:4648696 [2]:102 [3]:368
[0]:35573373 [1]:4680868 [2]:102 [3]:361
[0]:35768878 [1]:4711114 [2]:102 [3]:358
[0]:35968790 [1]:4741980 [2]:102 [3]:358
[0]:36166563 [1]:4772437 [2]:102 [3]:63
[0]:36362633 [1]:4802655 [2]:102 [3]:346
[0]:36552019 [1]:4831874 [2]:102 [3]:365
[0]:36747063 [1]:4861928 [2]:102 [3]:60
[0]:36938701 [1]:4891518 [2]:102 [3]:64
[0]:37143376 [1]:4923127 [2]:102 [3]:360
[0]:37341533 [1]:4953670 [2]:102 [3]:67
[0]:37531926 [1]:4983157 [2]:102 [3]:360
[0]:37730590 [1]:5013861 [2]:102 [3]:363
[0]:37923362 [1]:5043613 [2]:102 [3]:360
[0]:38117537 [1]:5073483 [2]:102 [3]:355
[0]:38314508 [1]:5104022 [2]:102 [3]:67
[0]:38516283 [1]:5135372 [2]:102 [3]:70
[0]:38707588 [1]:5164931 [2]:102 [3]:61
[0]:38915430 [1]:5196987 [2]:102 [3]:357
[0]:39116924 [1]:5228042 [2]:102 [3]:55
[0]:39333470 [1]:5261345 [2]:102 [3]:357
[0]:39532748 [1]:5292024 [2]:102 [3]:358
[0]:39728853 [1]:5322230 [2]:102 [3]:57
[0]:39929023 [1]:5352972 [2]:102 [3]:70
[0]:40116718 [1]:5382031 [2]:102 [3]:59
[0]:40306962 [1]:5411623 [2]:102 [3]:358
[0]:40504318 [1]:5442163 [2]:102 [3]:356
[0]:40705546 [1]:5473348 [2]:102 [3]:75
[0]:40896879 [1]:5502909 [2]:102 [3]:61
[0]:41105007 [1]:5535220 [2]:102 [3]:64
[0]:41294768 [1]:5564537 [2]:102 [3]:355
[0]:41496019 [1]:5595677 [2]:102 [3]:364
[0]:41677922 [1]:5623719 [2]:102 [3]:57
[0]:41862125 [1]:5652039 [2]:102 [3]:352
[0]:42055082 [1]:5681744 [2]:102 [3]:60
[0]:42253368 [1]:5712356 [2]:102 [3]:358
[0]:42458979 [1]:5744119 [2]:102 [3]:357
[0]:42656753 [1]:5774519 [2]:102 [3]:356
[0]:42864941 [1]:5806613 [2]:102 [3]:373
[0]:43067325 [1]:5837862 [2]:102 [3]:74
[0]:43264870 [1]:5868356 [2]:102 [3]:367
[0]:43477573 [1]:5901214 [2]:102 [3]:75
[0]:43668076 [1]:5930439 [2]:102 [3]:357
[0]:43883590 [1]:5963877 [2]:102 [3]:361
[0]:44081693 [1]:5994404 [2]:102 [3]:358
[0]:44275816 [1]:6024380 [2]:102 [3]:359
[0]:44485509 [1]:6056808 [2]:102 [3]:358
[0]:44675095 [1]:6086043 [2]:102 [3]:367
[0]:44865067 [1]:6115319 [2]:102 [3]:353
[0]:45081460 [1]:6148825 [2]:102 [3]:57
[0]:45301031 [1]:6182635 [2]:102 [3]:61
[0]:45505025 [1]:6214050 [2]:102 [3]:370
[0]:45689475 [1]:6242642 [2]:102 [3]:368
[0]:45901067 [1]:6275257 [2]:102 [3]:61
[0]:46103664 [1]:6306440 [2]:102 [3]:68
[0]:46361127 [1]:6346183 [2]:102 [3]:360
[0]:46550518 [1]:6375393 [2]:102 [3]:356
[0]:46811876 [1]:6416041 [2]:102 [3]:351
[0]:47002510 [1]:6445387 [2]:102 [3]:363
[0]:47196398 [1]:6475354 [2]:102 [3]:363
[0]:47420384 [1]:6509815 [2]:102 [3]:63
[0]:47632160 [1]:6542518 [2]:102 [3]:355
[0]:47823203 [1]:6572083 [2]:102 [3]:355
[0]:48035331 [1]:6604891 [2]:102 [3]:50
[0]:48237141 [1]:6636062 [2]:102 [3]:358
[0]:48438493 [1]:6667195 [2]:102 [3]:50
[0]:48624922 [1]:6695933 [2]:102 [3]:368
[0]:48826634 [1]:6726935 [2]:102 [3]:61
[0]:49020504 [1]:6756913 [2]:102 [3]:361
[0]:49217143 [1]:6787194 [2]:102 [3]:359
[0]:49408645 [1]:6816783 [2]:102 [3]:358
[0]:49609887 [1]:6847884 [2]:102 [3]:60
[0]:49816903 [1]:6879764 [2]:102 [3]:61
[0]:50016444 [1]:6910588 [2]:102 [3]:70
[0]:50216455 [1]:6941464 [2]:102 [3]:359
[0]:50411956 [1]:6971700 [2]:102 [3]:363
[0]:50598191 [1]:7000434 [2]:102 [3]:63
[0]:50784776 [1]:7029203 [2]:102 [3]:371
[0]:50975186 [1]:7058485 [2]:102 [3]:373
[0]:51182035 [1]:7090370 [2]:102 [3]:66
[0]:51415741 [1]:7126426 [2]:102 [3]:366
[0]:51614828 [1]:7157152 [2]:102 [3]:363
[0]:51807346 [1]:7186805 [2]:102 [3]:74
[0]:52004985 [1]:7217288 [2]:102 [3]:357
[0]:52193900 [1]:7246375 [2]:102 [3]:63
[0]:52392851 [1]:7277188 [2]:102 [3]:71
[0]:52651472 [1]:7316887 [2]:102 [3]:359
[0]:52857764 [1]:7348689 [2]:102 [3]:61
[0]:53050745 [1]:7378496 [2]:102 [3]:69
[0]:53243620 [1]:7408214 [2]:102 [3]:62
[0]:53452535 [1]:7440433 [2]:102 [3]:88
[0]:53645808 [1]:7470362 [2]:102 [3]:364
[0]:53836669 [1]:7499810 [2]:102 [3]:364
[0]:54056583 [1]:7533733 [2]:102 [3]:62
[0]:54269397 [1]:7566469 [2]:102 [3]:61
[0]:54462520 [1]:7596319 [2]:102 [3]:53
[0]:54659920 [1]:7626765 [2]:102 [3]:77
[0]:54854416 [1]:7656760 [2]:102 [3]:64
[0]:55052436 [1]:7687317 [2]:102 [3]:364
[0]:55258030 [1]:7719076 [2]:102 [3]:360
[0]:55451982 [1]:7749031 [2]:102 [3]:354
[0]:55653373 [1]:7780194 [2]:102 [3]:354
[0]:55877263 [1]:7814742 [2]:102 [3]:359
[0]:56075219 [1]:7845196 [2]:102 [3]:61
[0]:56268492 [1]:7874967 [2]:102 [3]:364
[0]:56470358 [1]:7906077 [2]:102 [3]:362
[0]:56668154 [1]:7936616 [2]:102 [3]:365
[0]:56881011 [1]:7969376 [2]:102 [3]:368
[0]:57082054 [1]:8000588 [2]:102 [3]:359
[0]:57317089 [1]:8036944 [2]:102 [3]:368
[0]:57511149 [1]:8066838 [2]:102 [3]:91
[0]:57715659 [1]:8098570 [2]:102 [3]:365
[0]:57910120 [1]:8128475 [2]:102 [3]:54
[0]:58122992 [1]:8161179 [2]:102 [3]:55
[0]:58340687 [1]:8194799 [2]:102 [3]:62
[0]:58544396 [1]:8226270 [2]:102 [3]:371
[0]:58745873 [1]:8257372 [2]:102 [3]:60
[0]:58947419 [1]:8288485 [2]:102 [3]:368
[0]:59152369 [1]:8320103 [2]:102 [3]:62
[0]:59357577 [1]:8351709 [2]:102 [3]:359
[0]:59559047 [1]:8382794 [2]:102 [3]:364
[0]:59749501 [1]:8412063 [2]:102 [3]:362
[0]:59964479 [1]:8445296 [2]:102 [3]:368
[0]:60174721 [1]:8477747 [2]:102 [3]:362
[0]:60368627 [1]:8507693 [2]:102 [3]:65
[0]:60572554 [1]:8539154 [2]:102 [3]:363
[0]:60779027 [1]:8571062 [2]:102 [3]:363
[0]:61013667 [1]:8607296 [2]:102 [3]:359
[0]:61208799 [1]:8637422 [2]:102 [3]:362
[0]:61402039 [1]:8667122 [2]:102 [3]:362
[0]:61594496 [1]:8696764 [2]:102 [3]:359
[0]:61782441 [1]:8725713 [2]:102 [3]:362
[0]:61991270 [1]:8758017 [2]:102 [3]:358
[0]:62177883 [1]:8786774 [2]:102 [3]:361
[0]:62376749 [1]:8817499 [2]:102 [3]:369
[0]:62584406 [1]:8849617 [2]:102 [3]:61
[0]:62779762 [1]:8879664 [2]:102 [3]:59
[0]:62984014 [1]:8911163 [2]:102 [3]:363
[0]:63196440 [1]:8943801 [2]:102 [3]:60
[0]:63391153 [1]:8973767 [2]:102 [3]:58
[0]:63588012 [1]:9004235 [2]:102 [3]:62
[0]:63785751 [1]:9034691 [2]:102 [3]:363
[0]:64009756 [1]:9069315 [2]:102 [3]:368
[0]:64237138 [1]:9104454 [2]:102 [3]:363
[0]:64434753 [1]:9134963 [2]:102 [3]:363
[0]:64639669 [1]:9166669 [2]:102 [3]:90
[0]:64863086 [1]:9201167 [2]:102 [3]:84
[0]:65087334 [1]:9224006 [2]:102 [3]:84
[0]:65350901 [1]:9250041 [2]:102 [3]:361
[0]:65563404 [1]:9271004 [2]:102 [3]:367
[0]:65775857 [1]:9291964 [2]:102 [3]:82
[0]:65984732 [1]:9312257 [2]:102 [3]:361
[0]:66193372 [1]:9332561 [2]:102 [3]:88
[0]:66402318 [1]:9353062 [2]:102 [3]:367
[0]:66619372 [1]:9374272 [2]:102 [3]:85
[0]:66819678 [1]:9393861 [2]:102 [3]:363
[0]:67024316 [1]:9413799 [2]:100 [3]:78
[0]:67230732 [1]:9434169 [2]:100 [3]:359
[0]:67437148 [1]:9454349 [2]:100 [3]:375
[0]:67634696 [1]:9473669 [2]:100 [3]:364
[0]:67846906 [1]:9494334 [2]:100 [3]:369
[0]:68045943 [1]:9513837 [2]:100 [3]:378
[0]:68264119 [1]:9535478 [2]:100 [3]:372
[0]:68480157 [1]:9556770 [2]:100 [3]:359
[0]:68684434 [1]:9576680 [2]:100 [3]:372
[0]:68882748 [1]:9596185 [2]:100 [3]:361
[0]:69129615 [1]:9620310 [2]:100 [3]:374
[0]:69330964 [1]:9640154 [2]:98 [3]:370
[0]:69567771 [1]:9663569 [2]:98 [3]:77
[0]:69779917 [1]:9684676 [2]:98 [3]:363
[0]:69974836 [1]:9703797 [2]:98 [3]:355
[0]:70181615 [1]:9724014 [2]:98 [3]:356
[0]:70388685 [1]:9744346 [2]:98 [3]:363
[0]:70594591 [1]:9764803 [2]:98 [3]:369
[0]:70799407 [1]:9784873 [2]:98 [3]:80
[0]:70996208 [1]:9804221 [2]:98 [3]:92
[0]:71243486 [1]:9828551 [2]:98 [3]:361
[0]:71448711 [1]:9848889 [2]:98 [3]:90
[0]:71649597 [1]:9868592 [2]:97 [3]:108
[0]:71854117 [1]:9888670 [2]:97 [3]:367
[0]:72058746 [1]:9908829 [2]:97 [3]:368
[0]:72283260 [1]:9930738 [2]:97 [3]:365
[0]:72507114 [1]:9953242 [2]:97 [3]:357
[0]:72731684 [1]:9975208 [2]:97 [3]:358
[0]:72940494 [1]:9995756 [2]:97 [3]:76
[0]:73148992 [1]:10016281 [2]:97 [3]:360
[0]:73385235 [1]:10039490 [2]:97 [3]:365
[0]:73585635 [1]:10059392 [2]:97 [3]:73
[0]:73813518 [1]:10081942 [2]:97 [3]:93
[0]:74014473 [1]:10101513 [2]:97 [3]:75
[0]:74215801 [1]:10121131 [2]:97 [3]:359
[0]:74420500 [1]:10141091 [2]:97 [3]:361
[0]:74633116 [1]:10162059 [2]:97 [3]:370
[0]:74837972 [1]:10181977 [2]:97 [3]:359
[0]:75046885 [1]:10202198 [2]:97 [3]:84
[0]:75247486 [1]:10221984 [2]:97 [3]:376
[0]:75448223 [1]:10241931 [2]:97 [3]:81
[0]:75676457 [1]:10264456 [2]:97 [3]:377
[0]:75886131 [1]:10285320 [2]:97 [3]:369
[0]:76093438 [1]:10305586 [2]:97 [3]:364
[0]:76296052 [1]:10325497 [2]:97 [3]:99
[0]:76503306 [1]:10345698 [2]:97 [3]:364
[0]:76707498 [1]:10365861 [2]:97 [3]:372
[0]:76924033 [1]:10387100 [2]:97 [3]:364
[0]:77124812 [1]:10406863 [2]:97 [3]:83
[0]:77340724 [1]:10428292 [2]:97 [3]:360
[0]:77550725 [1]:10449189 [2]:97 [3]:98
[0]:77764006 [1]:10470056 [2]:97 [3]:360
[0]:77974141 [1]:10491265 [2]:97 [3]:360
[0]:78183417 [1]:10511818 [2]:97 [3]:364
[0]:78392038 [1]:10532416 [2]:97 [3]:92
[0]:78596243 [1]:10552334 [2]:97 [3]:79
[0]:78804769 [1]:10572998 [2]:97 [3]:77
[0]:79021327 [1]:10594171 [2]:97 [3]:366
[0]:79229864 [1]:10614654 [2]:97 [3]:361
[0]:79430631 [1]:10634348 [2]:97 [3]:376
[0]:79643164 [1]:10655315 [2]:97 [3]:376
[0]:79903942 [1]:10681180 [2]:97 [3]:86
[0]:80103493 [1]:10700911 [2]:97 [3]:80
[0]:80306055 [1]:10720797 [2]:97 [3]:387
[0]:80512828 [1]:10741073 [2]:97 [3]:363
[0]:80717298 [1]:10761045 [2]:97 [3]:90
[0]:80917901 [1]:10780843 [2]:97 [3]:360
[0]:81126728 [1]:10801534 [2]:97 [3]:366
[0]:81337090 [1]:10822101 [2]:97 [3]:377
[0]:81543628 [1]:10842900 [2]:97 [3]:91
[0]:81751576 [1]:10863527 [2]:97 [3]:362
[0]:81956852 [1]:10883641 [2]:97 [3]:84
[0]:82168541 [1]:10904434 [2]:97 [3]:370
[0]:82377930 [1]:10925092 [2]:97 [3]:360
[0]:82582520 [1]:10945389 [2]:97 [3]:382
[0]:82798612 [1]:10966995 [2]:97 [3]:366
[0]:83053658 [1]:10992186 [2]:97 [3]:92
[0]:83265242 [1]:11013037 [2]:97 [3]:364
[0]:83462898 [1]:11032385 [2]:97 [3]:90
[0]:83672077 [1]:11052971 [2]:97 [3]:362
[0]:83876118 [1]:11073059 [2]:97 [3]:365
[0]:84077619 [1]:11093061 [2]:97 [3]:88
[0]:84268855 [1]:11112083 [2]:97 [3]:359
[0]:84467282 [1]:11131595 [2]:97 [3]:106
[0]:84670918 [1]:11151482 [2]:97 [3]:362
[0]:84879151 [1]:11171889 [2]:97 [3]:78
[0]:85088705 [1]:11192713 [2]:97 [3]:366
[0]:85303612 [1]:11213805 [2]:97 [3]:90
[0]:85510383 [1]:11233982 [2]:97 [3]:100
[0]:85707966 [1]:11253310 [2]:97 [3]:88
[0]:85908115 [1]:11272871 [2]:97 [3]:90
[0]:86116887 [1]:11293511 [2]:97 [3]:376
[0]:86329105 [1]:11314485 [2]:97 [3]:83
[0]:86525816 [1]:11333915 [2]:97 [3]:101
[0]:86734109 [1]:11354439 [2]:97 [3]:74
[0]:86969870 [1]:11377844 [2]:97 [3]:362
[0]:87178495 [1]:11398427 [2]:97 [3]:364
[0]:87407321 [1]:11420859 [2]:97 [3]:84
[0]:87623843 [1]:11442202 [2]:97 [3]:95
[0]:87835916 [1]:11463084 [2]:97 [3]:358
[0]:88037074 [1]:11482797 [2]:97 [3]:364
[0]:88252919 [1]:11503988 [2]:97 [3]:368
[0]:88469964 [1]:11525473 [2]:97 [3]:81
[0]:88682564 [1]:11546405 [2]:97 [3]:359
[0]:88895063 [1]:11567325 [2]:97 [3]:368
[0]:89095721 [1]:11587089 [2]:97 [3]:362
[0]:89330750 [1]:11610165 [2]:97 [3]:82
[0]:89548291 [1]:11631478 [2]:97 [3]:90
[0]:89757292 [1]:11651929 [2]:97 [3]:368
[0]:89962028 [1]:11671929 [2]:97 [3]:378
[0]:90162728 [1]:11691849 [2]:97 [3]:367
[0]:90374999 [1]:11712700 [2]:97 [3]:82
[0]:90576087 [1]:11732356 [2]:97 [3]:94
[0]:90784803 [1]:11752797 [2]:97 [3]:359
[0]:90997036 [1]:11773737 [2]:97 [3]:359
[0]:91200493 [1]:11794056 [2]:97 [3]:363
[0]:91410443 [1]:11815161 [2]:97 [3]:367
[0]:91614555 [1]:11835235 [2]:97 [3]:95
[0]:91818971 [1]:11855436 [2]:97 [3]:93
[0]:92053854 [1]:11878817 [2]:97 [3]:363
[0]:92270242 [1]:11900198 [2]:97 [3]:360
[0]:92473808 [1]:11920656 [2]:97 [3]:380
[0]:92727405 [1]:11945624 [2]:97 [3]:86
[0]:92963735 [1]:11968788 [2]:97 [3]:84
[0]:93168435 [1]:11988754 [2]:97 [3]:77
[0]:93369435 [1]:12008468 [2]:97 [3]:369
[0]:93585419 [1]:12029686 [2]:97 [3]:96
[0]:93841761 [1]:12054819 [2]:97 [3]:377
[0]:94045092 [1]:12075008 [2]:97 [3]:87
[0]:94242281 [1]:12094362 [2]:97 [3]:360
[0]:94455845 [1]:12115193 [2]:97 [3]:362
[0]:94657364 [1]:12134813 [2]:97 [3]:88
[0]:94883770 [1]:12157266 [2]:97 [3]:363
[0]:95092078 [1]:12177726 [2]:97 [3]:369
[0]:95298314 [1]:12197990 [2]:97 [3]:365
[0]:95515528 [1]:12219340 [2]:97 [3]:351
[0]:95743166 [1]:12241631 [2]:97 [3]:83
[0]:95947989 [1]:12261668 [2]:97 [3]:367
[0]:96167945 [1]:12283194 [2]:97 [3]:365
[0]:96373603 [1]:12303605 [2]:97 [3]:367
[0]:96581468 [1]:12324042 [2]:97 [3]:367
[0]:96793992 [1]:12345065 [2]:97 [3]:359
[0]:97014168 [1]:12366944 [2]:97 [3]:357
[0]:97226892 [1]:12387685 [2]:97 [3]:376
[0]:97427593 [1]:12407350 [2]:97 [3]:366
[0]:97630219 [1]:12427082 [2]:97 [3]:73
[0]:97835187 [1]:12447196 [2]:97 [3]:352
[0]:98048585 [1]:12468287 [2]:97 [3]:361
[0]:98260820 [1]:12489091 [2]:97 [3]:376
[0]:98459191 [1]:12508630 [2]:97 [3]:366
[0]:98654800 [1]:12527847 [2]:97 [3]:85
[0]:98860917 [1]:12547965 [2]:97 [3]:87
[0]:99124624 [1]:12573747 [2]:97 [3]:359
[0]:99329278 [1]:12593976 [2]:97 [3]:84
[0]:99530068 [1]:12613575 [2]:97 [3]:81
[0]:99738631 [1]:12634249 [2]:97 [3]:75
[0]:99947292 [1]:12654729 [2]:97 [3]:82
[0]:100156632 [1]:12675347 [2]:97 [3]:364
[0]:100352868 [1]:12694557 [2]:97 [3]:369
[0]:100569174 [1]:12715643 [2]:97 [3]:366
[0]:100776190 [1]:12736113 [2]:97 [3]:370
[0]:100985281 [1]:12756703 [2]:97 [3]:369
[0]:101195005 [1]:12777335 [2]:97 [3]:89
[0]:101403575 [1]:12798129 [2]:97 [3]:93
[0]:101600195 [1]:12817370 [2]:97 [3]:94
[0]:101816912 [1]:12838638 [2]:97 [3]:85
[0]:102029535 [1]:12859545 [2]:97 [3]:362
[0]:102242258 [1]:12880174 [2]:97 [3]:362
[0]:102456831 [1]:12901121 [2]:97 [3]:89
[0]:102659009 [1]:12921243 [2]:97 [3]:374
[0]:102899843 [1]:12944652 [2]:97 [3]:367
[0]:103107721 [1]:12965104 [2]:97 [3]:373
[0]:103317159 [1]:12985550 [2]:97 [3]:96
[0]:103569033 [1]:13010370 [2]:97 [3]:370
[0]:103809085 [1]:13034023 [2]:97 [3]:375
[0]:104009994 [1]:13053634 [2]:97 [3]:73
[0]:104228115 [1]:13075099 [2]:97 [3]:364
[0]:104442330 [1]:13096148 [2]:97 [3]:375
[0]:104663165 [1]:13117841 [2]:97 [3]:88
[0]:104911398 [1]:13142156 [2]:97 [3]:73
[0]:105128212 [1]:13163281 [2]:97 [3]:365
[0]:105336599 [1]:13184004 [2]:97 [3]:363
[0]:105541334 [1]:13204133 [2]:97 [3]:364
[0]:105797170 [1]:13229221 [2]:97 [3]:365
[0]:106017487 [1]:13250936 [2]:97 [3]:96
[0]:106241551 [1]:13273189 [2]:97 [3]:351
[0]:106450295 [1]:13293786 [2]:97 [3]:371
[0]:106655104 [1]:13313705 [2]:97 [3]:78
[0]:106855944 [1]:13333384 [2]:97 [3]:104
[0]:107064500 [1]:13353892 [2]:97 [3]:368
[0]:107268066 [1]:13373920 [2]:97 [3]:366
[0]:107481364 [1]:13394846 [2]:97 [3]:358
[0]:107702351 [1]:13416467 [2]:97 [3]:364
[0]:107903149 [1]:13436175 [2]:97 [3]:366
[0]:108115367 [1]:13457278 [2]:97 [3]:92
[0]:108319918 [1]:13477629 [2]:97 [3]:368
[0]:108532431 [1]:13498524 [2]:97 [3]:363
[0]:108741050 [1]:13519199 [2]:97 [3]:88
[0]:109015014 [1]:13546308 [2]:97 [3]:357
[0]:109213166 [1]:13565944 [2]:97 [3]:86
[0]:109413146 [1]:13585593 [2]:97 [3]:372
[0]:109637974 [1]:13607787 [2]:97 [3]:75
[0]:109838812 [1]:13627614 [2]:97 [3]:75
[0]:110043547 [1]:13647574 [2]:97 [3]:96
[0]:110251705 [1]:13667849 [2]:97 [3]:362
[0]:110460843 [1]:13688485 [2]:97 [3]:357
[0]:110735614 [1]:13715770 [2]:97 [3]:80
[0]:110932463 [1]:13735103 [2]:97 [3]:372
[0]:111132349 [1]:13754853 [2]:97 [3]:358
[0]:111345945 [1]:13775819 [2]:97 [3]:360
[0]:111558305 [1]:13796633 [2]:97 [3]:359
[0]:111759657 [1]:13816382 [2]:97 [3]:364
[0]:111968382 [1]:13836727 [2]:97 [3]:373
[0]:112172830 [1]:13856967 [2]:97 [3]:371
[0]:112377557 [1]:13877065 [2]:97 [3]:362
[0]:112582156 [1]:13897336 [2]:97 [3]:366
[0]:112783099 [1]:13916967 [2]:97 [3]:363
[0]:112991801 [1]:13937327 [2]:97 [3]:357
[0]:113200508 [1]:13957878 [2]:97 [3]:91
[0]:113408645 [1]:13978395 [2]:97 [3]:362
[0]:113639297 [1]:14001135 [2]:97 [3]:368
[0]:113841107 [1]:14020883 [2]:97 [3]:89
[0]:114052245 [1]:14041376 [2]:97 [3]:362
[0]:114263130 [1]:14062099 [2]:97 [3]:367
[0]:114539051 [1]:14089073 [2]:97 [3]:356
[0]:114746267 [1]:14109506 [2]:97 [3]:82
[0]:114971985 [1]:14131694 [2]:97 [3]:367
[0]:115180647 [1]:14152174 [2]:97 [3]:360
[0]:115389351 [1]:14172700 [2]:97 [3]:86
[0]:115592690 [1]:14192730 [2]:97 [3]:365
[0]:115799689 [1]:14213136 [2]:97 [3]:363
[0]:116011293 [1]:14233900 [2]:97 [3]:365
[0]:116217724 [1]:14254176 [2]:97 [3]:83
[0]:116483491 [1]:14280468 [2]:97 [3]:360
[0]:116683755 [1]:14300074 [2]:97 [3]:381
[0]:116895425 [1]:14320840 [2]:97 [3]:93
[0]:117163732 [1]:14347420 [2]:97 [3]:101
[0]:117368899 [1]:14367661 [2]:97 [3]:88
[0]:117573147 [1]:14387702 [2]:97 [3]:363
[0]:117852883 [1]:14415293 [2]:97 [3]:365
[0]:118077515 [1]:14437270 [2]:97 [3]:363
[0]:118282291 [1]:14457198 [2]:97 [3]:370
[0]:118487095 [1]:14477247 [2]:97 [3]:371
[0]:118699651 [1]:14498171 [2]:97 [3]:368
[0]:118904370 [1]:14518104 [2]:97 [3]:362
[0]:119112529 [1]:14538367 [2]:97 [3]:364
[0]:119318030 [1]:14558480 [2]:97 [3]:363
[0]:119528629 [1]:14579120 [2]:97 [3]:80
[0]:119732176 [1]:14599244 [2]:96 [3]:90
[0]:119936159 [1]:14619234 [2]:96 [3]:106
[0]:120148467 [1]:14640183 [2]:96 [3]:86
[0]:120353239 [1]:14660261 [2]:96 [3]:90
[0]:120557097 [1]:14680614 [2]:96 [3]:364
[0]:120778831 [1]:14702484 [2]:96 [3]:96
[0]:120982502 [1]:14722473 [2]:96 [3]:94
[0]:121181435 [1]:14741844 [2]:96 [3]:374
[0]:121392202 [1]:14762657 [2]:96 [3]:367
[0]:121600627 [1]:14783231 [2]:96 [3]:67
[0]:121805669 [1]:14803215 [2]:96 [3]:362
[0]:122014308 [1]:14823516 [2]:96 [3]:363
[0]:122209751 [1]:14843196 [2]:96 [3]:75
[0]:122414260 [1]:14863245 [2]:96 [3]:74
[0]:122614169 [1]:14882757 [2]:96 [3]:359
[0]:122836251 [1]:14904832 [2]:96 [3]:85
[0]:123044893 [1]:14925239 [2]:96 [3]:86
[0]:123250150 [1]:14945429 [2]:96 [3]:365
[0]:123454694 [1]:14965624 [2]:96 [3]:70
[0]:123654627 [1]:14985130 [2]:96 [3]:363
[0]:123856427 [1]:15004971 [2]:96 [3]:83
[0]:124060029 [1]:15024922 [2]:96 [3]:361
[0]:124269279 [1]:15045348 [2]:96 [3]:90
[0]:124474212 [1]:15065566 [2]:96 [3]:78
[0]:124678701 [1]:15085939 [2]:96 [3]:111
[0]:124887223 [1]:15106589 [2]:96 [3]:372
[0]:125087304 [1]:15126243 [2]:96 [3]:363
[0]:125299823 [1]:15147370 [2]:96 [3]:362
[0]:125500173 [1]:15166944 [2]:96 [3]:77
[0]:125735979 [1]:15190135 [2]:96 [3]:357
[0]:125933926 [1]:15209657 [2]:96 [3]:366
[0]:126140464 [1]:15229895 [2]:96 [3]:87
[0]:126350223 [1]:15250822 [2]:96 [3]:359
[0]:126555785 [1]:15270936 [2]:96 [3]:366
[0]:126764301 [1]:15291666 [2]:96 [3]:361
[0]:127012080 [1]:15316164 [2]:96 [3]:369
[0]:127227990 [1]:15337323 [2]:96 [3]:108
[0]:127430651 [1]:15357082 [2]:96 [3]:80
[0]:127634286 [1]:15377052 [2]:96 [3]:80
[0]:127846626 [1]:15398064 [2]:96 [3]:366
[0]:128054018 [1]:15418596 [2]:96 [3]:357
[0]:128250194 [1]:15437699 [2]:96 [3]:362
[0]:128456297 [1]:15458307 [2]:96 [3]:362
[0]:128661291 [1]:15478324 [2]:96 [3]:370
[0]:128865915 [1]:15498403 [2]:96 [3]:362
[0]:129074855 [1]:15518787 [2]:96 [3]:371
[0]:129287503 [1]:15539399 [2]:96 [3]:86
[0]:129488156 [1]:15559170 [2]:96 [3]:104
[0]:129696876 [1]:15579621 [2]:96 [3]:83
[0]:129909388 [1]:15600514 [2]:96 [3]:73
[0]:130110139 [1]:15620368 [2]:96 [3]:92
[0]:130312327 [1]:15640559 [2]:96 [3]:76
[0]:130515050 [1]:15660470 [2]:96 [3]:373
[0]:130717175 [1]:15680421 [2]:96 [3]:362
[0]:130928504 [1]:15701045 [2]:96 [3]:360
[0]:131168712 [1]:15724606 [2]:96 [3]:92
[0]:131379127 [1]:15745211 [2]:96 [3]:358
[0]:131582235 [1]:15765014 [2]:96 [3]:101
[0]:131794414 [1]:15786285 [2]:96 [3]:361
[0]:132015204 [1]:15807709 [2]:96 [3]:356
[0]:132252216 [1]:15831036 [2]:96 [3]:95
[0]:132467687 [1]:15852221 [2]:96 [3]:365
[0]:132676322 [1]:15872859 [2]:96 [3]:368
[0]:132876634 [1]:15892502 [2]:96 [3]:93
[0]:133081822 [1]:15912701 [2]:96 [3]:355
[0]:133298272 [1]:15933880 [2]:96 [3]:87
[0]:133498215 [1]:15953630 [2]:96 [3]:81
[0]:133697219 [1]:15976602 [2]:96 [3]:366
[0]:133901207 [1]:16008290 [2]:96 [3]:74
[0]:134088066 [1]:16037005 [2]:96 [3]:362
[0]:134278224 [1]:16066318 [2]:96 [3]:56
[0]:134479300 [1]:16097337 [2]:96 [3]:76
[0]:134673674 [1]:16127357 [2]:96 [3]:366
[0]:134863852 [1]:16156811 [2]:96 [3]:70
[0]:135061576 [1]:16187340 [2]:96 [3]:75
[0]:135262042 [1]:16218250 [2]:96 [3]:358
[0]:135463543 [1]:16249539 [2]:96 [3]:72
[0]:135662051 [1]:16280138 [2]:98 [3]:369
[0]:135858039 [1]:16310528 [2]:98 [3]:365
[0]:136079670 [1]:16344829 [2]:98 [3]:63
[0]:136273596 [1]:16374732 [2]:98 [3]:60
[0]:136486293 [1]:16407531 [2]:98 [3]:72
[0]:136695272 [1]:16439718 [2]:98 [3]:356
[0]:136888718 [1]:16469415 [2]:98 [3]:359
[0]:137094121 [1]:16501176 [2]:98 [3]:359
[0]:137288518 [1]:16531097 [2]:98 [3]:367
[0]:137497366 [1]:16563318 [2]:98 [3]:365
[0]:137691382 [1]:16593250 [2]:99 [3]:72
[0]:137881550 [1]:16622673 [2]:99 [3]:358
[0]:138098388 [1]:16656054 [2]:99 [3]:56
[0]:138288827 [1]:16685478 [2]:99 [3]:356
[0]:138485996 [1]:16715951 [2]:99 [3]:367
[0]:138672722 [1]:16744805 [2]:99 [3]:64
[0]:138866449 [1]:16774676 [2]:99 [3]:359
[0]:139086512 [1]:16808547 [2]:99 [3]:362
[0]:139306725 [1]:16842578 [2]:99 [3]:367
[0]:139494112 [1]:16871656 [2]:99 [3]:67
[0]:139684706 [1]:16901090 [2]:100 [3]:73
[0]:139884413 [1]:16932040 [2]:100 [3]:63
[0]:140078487 [1]:16962171 [2]:100 [3]:359
[0]:140305987 [1]:16997359 [2]:100 [3]:63
[0]:140495994 [1]:17026572 [2]:100 [3]:365
[0]:140686406 [1]:17055949 [2]:100 [3]:61
[0]:140910285 [1]:17090604 [2]:100 [3]:360
[0]:141100366 [1]:17120091 [2]:100 [3]:368
[0]:141294139 [1]:17150041 [2]:100 [3]:362
[0]:141492483 [1]:17180664 [2]:100 [3]:362
[0]:141689614 [1]:17211186 [2]:100 [3]:365
[0]:141901843 [1]:17244022 [2]:100 [3]:356
[0]:142101808 [1]:17274883 [2]:100 [3]:356
[0]:142292216 [1]:17304352 [2]:100 [3]:68
[0]:142487783 [1]:17334547 [2]:100 [3]:77
[0]:142689099 [1]:17365498 [2]:100 [3]:364
[0]:142882863 [1]:17395478 [2]:100 [3]:363
[0]:143084096 [1]:17426581 [2]:100 [3]:356
[0]:143286054 [1]:17457761 [2]:100 [3]:47
[0]:143479984 [1]:17487670 [2]:100 [3]:353
[0]:143673937 [1]:17517607 [2]:100 [3]:57
[0]:143873901 [1]:17548430 [2]:100 [3]:50
[0]:144136575 [1]:17589063 [2]:100 [3]:356
[0]:144319364 [1]:17617219 [2]:100 [3]:57
[0]:144535611 [1]:17650567 [2]:100 [3]:371
[0]:144721739 [1]:17679268 [2]:100 [3]:354
[0]:144919787 [1]:17710074 [2]:100 [3]:358
[0]:145117420 [1]:17740618 [2]:100 [3]:59
[0]:145311325 [1]:17770605 [2]:100 [3]:362
[0]:145512839 [1]:17801700 [2]:100 [3]:60
[0]:145709752 [1]:17832000 [2]:100 [3]:359
[0]:145911903 [1]:17863429 [2]:100 [3]:70
[0]:146135624 [1]:17898012 [2]:100 [3]:369
[0]:146329581 [1]:17927891 [2]:100 [3]:366
[0]:146572118 [1]:17965398 [2]:100 [3]:372
[0]:146773397 [1]:17996591 [2]:100 [3]:55
[0]:146971090 [1]:18027147 [2]:100 [3]:363
[0]:147196200 [1]:18061882 [2]:100 [3]:368
[0]:147388859 [1]:18091604 [2]:100 [3]:68
[0]:147582619 [1]:18121642 [2]:100 [3]:360
[0]:147776816 [1]:18151654 [2]:100 [3]:55
[0]:147974379 [1]:18182085 [2]:100 [3]:370
[0]:148165045 [1]:18211626 [2]:100 [3]:62
[0]:148352828 [1]:18240623 [2]:100 [3]:357
[0]:148545096 [1]:18270362 [2]:100 [3]:57
[0]:148739074 [1]:18300171 [2]:100 [3]:355
[0]:148929968 [1]:18329745 [2]:100 [3]:345
[0]:149167938 [1]:18366556 [2]:100 [3]:55
[0]:149358313 [1]:18395925 [2]:100 [3]:65
[0]:149548500 [1]:18425282 [2]:100 [3]:359
[0]:149769207 [1]:18459320 [2]:100 [3]:61
[0]:149969952 [1]:18490232 [2]:100 [3]:358
[0]:150167777 [1]:18520671 [2]:100 [3]:359
[0]:150391461 [1]:18555264 [2]:100 [3]:363
[0]:150622205 [1]:18590995 [2]:100 [3]:61
[0]:150814194 [1]:18620573 [2]:100 [3]:62
[0]:151025476 [1]:18653306 [2]:100 [3]:364
[0]:151225637 [1]:18684253 [2]:100 [3]:79
[0]:151428268 [1]:18715551 [2]:100 [3]:57
[0]:151626004 [1]:18746037 [2]:100 [3]:363
[0]:151827464 [1]:18777036 [2]:100 [3]:364
[0]:152021528 [1]:18806943 [2]:100 [3]:54
[0]:152209484 [1]:18835895 [2]:100 [3]:65
[0]:152416875 [1]:18867920 [2]:100 [3]:362
[0]:152613711 [1]:18898302 [2]:100 [3]:359
[0]:152816082 [1]:18929559 [2]:100 [3]:359
[0]:153020835 [1]:18961202 [2]:100 [3]:358
[0]:153214829 [1]:18991102 [2]:100 [3]:360
[0]:153413009 [1]:19021737 [2]:100 [3]:353
[0]:153607066 [1]:19051620 [2]:100 [3]:358
[0]:153826598 [1]:19085676 [2]:100 [3]:376
[0]:154032114 [1]:19117321 [2]:100 [3]:60
[0]:154229797 [1]:19147931 [2]:100 [3]:361
[0]:154431281 [1]:19179120 [2]:100 [3]:83
[0]:154649080 [1]:19212827 [2]:100 [3]:371
[0]:154854975 [1]:19244593 [2]:100 [3]:81
[0]:155054010 [1]:19275386 [2]:100 [3]:76
[0]:155254318 [1]:19306298 [2]:100 [3]:54
[0]:155445421 [1]:19335686 [2]:100 [3]:363
[0]:155635853 [1]:19365128 [2]:100 [3]:362
[0]:155833655 [1]:19395698 [2]:100 [3]:58
[0]:156030528 [1]:19426087 [2]:100 [3]:356
[0]:156223287 [1]:19455778 [2]:100 [3]:358
[0]:156419433 [1]:19486000 [2]:100 [3]:357
[0]:156617100 [1]:19516513 [2]:100 [3]:59
[0]:156818665 [1]:19547620 [2]:100 [3]:360
[0]:157061002 [1]:19585136 [2]:100 [3]:54
[0]:157268920 [1]:19617224 [2]:100 [3]:369
[0]:157462434 [1]:19647088 [2]:100 [3]:365
[0]:157672875 [1]:19679466 [2]:100 [3]:367
[0]:157863061 [1]:19708921 [2]:100 [3]:371
[0]:158063773 [1]:19739965 [2]:100 [3]:77
[0]:158265981 [1]:19771076 [2]:100 [3]:367
[0]:158461690 [1]:19801225 [2]:100 [3]:359
[0]:158664904 [1]:19832540 [2]:100 [3]:61
[0]:158870337 [1]:19864248 [2]:100 [3]:368
[0]:159064311 [1]:19894175 [2]:100 [3]:54
[0]:159262029 [1]:19924698 [2]:100 [3]:362
[0]:159472654 [1]:19957287 [2]:100 [3]:364
[0]:159664927 [1]:19986866 [2]:100 [3]:368
[0]:159866484 [1]:20017887 [2]:100 [3]:360
[0]:160067951 [1]:20048934 [2]:100 [3]:371
[0]:160279093 [1]:20081460 [2]:100 [3]:364
[0]:160504284 [1]:20116178 [2]:100 [3]:78
[0]:160716091 [1]:20149026 [2]:100 [3]:371
[0]:160899244 [1]:20177428 [2]:100 [3]:354
[0]:161108585 [1]:20209666 [2]:100 [3]:58
[0]:161304874 [1]:20239886 [2]:100 [3]:351
[0]:161511324 [1]:20271767 [2]:100 [3]:68
[0]:161711839 [1]:20302781 [2]:100 [3]:64
[0]:161910454 [1]:20333439 [2]:100 [3]:370
[0]:162104131 [1]:20363427 [2]:100 [3]:69
[0]:162308556 [1]:20395054 [2]:100 [3]:359
[0]:162507195 [1]:20425684 [2]:100 [3]:359
[0]:162702152 [1]:20455859 [2]:100 [3]:65
[0]:162902355 [1]:20486777 [2]:100 [3]:356
[0]:163100901 [1]:20517504 [2]:100 [3]:364
[0]:163305428 [1]:20549069 [2]:100 [3]:60
[0]:163506756 [1]:20580109 [2]:100 [3]:61
[0]:163704535 [1]:20610538 [2]:100 [3]:361
[0]:163898627 [1]:20640449 [2]:100 [3]:55
[0]:164092625 [1]:20670305 [2]:100 [3]:77
[0]:164294091 [1]:20701388 [2]:100 [3]:363
[0]:164491689 [1]:20731933 [2]:100 [3]:371
[0]:164681768 [1]:20761336 [2]:100 [3]:364
[0]:164872168 [1]:20790598 [2]:100 [3]:63
[0]:165066305 [1]:20820646 [2]:100 [3]:354
[0]:165274187 [1]:20852749 [2]:100 [3]:60
[0]:165491302 [1]:20886332 [2]:100 [3]:58
[0]:165692906 [1]:20917391 [2]:100 [3]:59
[0]:165890537 [1]:20947843 [2]:100 [3]:360
[0]:166102758 [1]:20980666 [2]:100 [3]:78
[0]:166312009 [1]:21012965 [2]:100 [3]:363
[0]:166505617 [1]:21042960 [2]:100 [3]:63
[0]:166699972 [1]:21072959 [2]:100 [3]:62
[0]:166901285 [1]:21104133 [2]:100 [3]:362
[0]:167098897 [1]:21134622 [2]:100 [3]:362
[0]:167304213 [1]:21166213 [2]:100 [3]:358
[0]:167497514 [1]:21196004 [2]:100 [3]:64
[0]:167702387 [1]:21227481 [2]:100 [3]:72
[0]:167901209 [1]:21258160 [2]:100 [3]:366
[0]:168102641 [1]:21289258 [2]:100 [3]:358
[0]:168370043 [1]:21330579 [2]:100 [3]:346
[0]:168565179 [1]:21360624 [2]:100 [3]:60
[0]:168773818 [1]:21392913 [2]:100 [3]:357
[0]:168964375 [1]:21422372 [2]:100 [3]:354
[0]:169196305 [1]:21458232 [2]:100 [3]:58
[0]:169395450 [1]:21488980 [2]:100 [3]:359
[0]:169598355 [1]:21520263 [2]:100 [3]:72
[0]:169796219 [1]:21550738 [2]:100 [3]:50
[0]:169992392 [1]:21580994 [2]:100 [3]:64
[0]:170190721 [1]:21611665 [2]:100 [3]:58
[0]:170381770 [1]:21641157 [2]:100 [3]:70
[0]:170615531 [1]:21677481 [2]:100 [3]:365
[0]:170814231 [1]:21708091 [2]:100 [3]:350
[0]:171008406 [1]:21738084 [2]:100 [3]:376
[0]:171202144 [1]:21768010 [2]:100 [3]:364
[0]:171399202 [1]:21798412 [2]:100 [3]:370
[0]:171616098 [1]:21832059 [2]:100 [3]:54
[0]:171823356 [1]:21864162 [2]:100 [3]:67
[0]:172035482 [1]:21896924 [2]:100 [3]:357
[0]:172235295 [1]:21927751 [2]:100 [3]:70
[0]:172425576 [1]:21957127 [2]:100 [3]:61
[0]:172673777 [1]:21995523 [2]:100 [3]:65
[0]:172866485 [1]:22025393 [2]:100 [3]:56
[0]:173066937 [1]:22056359 [2]:100 [3]:362
[0]:173264613 [1]:22087020 [2]:100 [3]:359
[0]:173518056 [1]:22126228 [2]:100 [3]:64
[0]:173704712 [1]:22154978 [2]:100 [3]:365
[0]:173894841 [1]:22184446 [2]:100 [3]:357
[0]:174092565 [1]:22214869 [2]:100 [3]:358
[0]:174286320 [1]:22244771 [2]:100 [3]:58
[0]:174495447 [1]:22277107 [2]:100 [3]:367
[0]:174698546 [1]:22308329 [2]:100 [3]:366
[0]:174887259 [1]:22337505 [2]:100 [3]:361
[0]:175088786 [1]:22368482 [2]:100 [3]:353
[0]:175279051 [1]:22397806 [2]:100 [3]:363
[0]:175471764 [1]:22427486 [2]:100 [3]:55
[0]:175666982 [1]:22457568 [2]:100 [3]:80
[0]:175879682 [1]:22490367 [2]:100 [3]:360
[0]:176072908 [1]:22520182 [2]:100 [3]:353
[0]:176267684 [1]:22550133 [2]:100 [3]:362
[0]:176469223 [1]:22581203 [2]:100 [3]:363
[0]:176692985 [1]:22615748 [2]:100 [3]:367
[0]:176900066 [1]:22647740 [2]:100 [3]:70
[0]:177099459 [1]:22678641 [2]:100 [3]:64
[0]:177322909 [1]:22713191 [2]:100 [3]:368
[0]:177530113 [1]:22745110 [2]:100 [3]:371
[0]:177717356 [1]:22774106 [2]:100 [3]:58
[0]:177922827 [1]:22805865 [2]:100 [3]:355
[0]:178132486 [1]:22838288 [2]:100 [3]:360
[0]:178333865 [1]:22869469 [2]:100 [3]:374
[0]:178539070 [1]:22901111 [2]:100 [3]:71
[0]:178736594 [1]:22931549 [2]:100 [3]:363
[0]:178934554 [1]:22962134 [2]:100 [3]:65
[0]:179139899 [1]:22993821 [2]:100 [3]:363
[0]:179344699 [1]:23025546 [2]:100 [3]:364
[0]:179543353 [1]:23056225 [2]:100 [3]:361
[0]:179740004 [1]:23086669 [2]:100 [3]:353
[0]:179951881 [1]:23119465 [2]:100 [3]:359
[0]:180150290 [1]:23150106 [2]:100 [3]:357
[0]:180339061 [1]:23179117 [2]:100 [3]:53
[0]:180526272 [1]:23208079 [2]:100 [3]:361
[0]:180717393 [1]:23237542 [2]:100 [3]:362
[0]:180907522 [1]:23266923 [2]:100 [3]:362
[0]:181105284 [1]:23297483 [2]:100 [3]:61
[0]:181306404 [1]:23328565 [2]:100 [3]:65
[0]:181496839 [1]:23358036 [2]:100 [3]:367
[0]:181690731 [1]:23388014 [2]:100 [3]:91
[0]:181904378 [1]:23421124 [2]:100 [3]:366
[0]:182100834 [1]:23451420 [2]:100 [3]:61
[0]:182285004 [1]:23479808 [2]:100 [3]:63
[0]:182481308 [1]:23510164 [2]:100 [3]:362
[0]:182685864 [1]:23541632 [2]:100 [3]:360
[0]:182869597 [1]:23569944 [2]:100 [3]:364
[0]:183074721 [1]:23601485 [2]:100 [3]:357
[0]:183283697 [1]:23633703 [2]:100 [3]:367
[0]:183477715 [1]:23663602 [2]:100 [3]:368
[0]:183679222 [1]:23694724 [2]:100 [3]:364
[0]:183875513 [1]:23725116 [2]:100 [3]:72
[0]:184081058 [1]:23756969 [2]:100 [3]:365
[0]:184286000 [1]:23788572 [2]:100 [3]:78
[0]:184477094 [1]:23818105 [2]:100 [3]:54
[0]:184678378 [1]:23849161 [2]:100 [3]:358
[0]:184872649 [1]:23879098 [2]:100 [3]:361
[0]:185080219 [1]:23911130 [2]:100 [3]:80
[0]:185290222 [1]:23943535 [2]:100 [3]:369
[0]:185495510 [1]:23975271 [2]:100 [3]:67
[0]:185707568 [1]:24007990 [2]:100 [3]:359
[0]:185905615 [1]:24038628 [2]:100 [3]:355
[0]:186114711 [1]:24070874 [2]:100 [3]:362
[0]:186312545 [1]:24101355 [2]:100 [3]:63
[0]:186506585 [1]:24131297 [2]:100 [3]:364
[0]:186700527 [1]:24161262 [2]:100 [3]:364
[0]:186898285 [1]:24191785 [2]:100 [3]:371
[0]:187091929 [1]:24221804 [2]:100 [3]:361
[0]:187284923 [1]:24251542 [2]:100 [3]:359
[0]:187483590 [1]:24282130 [2]:100 [3]:371
[0]:187677945 [1]:24312051 [2]:100 [3]:364
[0]:187882451 [1]:24343615 [2]:100 [3]:54
[0]:188099802 [1]:24377217 [2]:100 [3]:59
[0]:188299920 [1]:24408132 [2]:100 [3]:362
[0]:188505995 [1]:24439892 [2]:100 [3]:361
[0]:188703617 [1]:24470374 [2]:100 [3]:357
[0]:188916254 [1]:24503278 [2]:100 [3]:57
[0]:189117487 [1]:24534449 [2]:100 [3]:69
[0]:189315194 [1]:24565002 [2]:100 [3]:61
[0]:189516367 [1]:24596014 [2]:100 [3]:359
[0]:189719875 [1]:24627346 [2]:100 [3]:68
[0]:189915290 [1]:24657662 [2]:100 [3]:53
[0]:190105618 [1]:24687078 [2]:100 [3]:61
[0]:190349871 [1]:24724722 [2]:100 [3]:366
[0]:190542405 [1]:24754504 [2]:100 [3]:68
[0]:190762819 [1]:24788393 [2]:100 [3]:366
[0]:190966781 [1]:24819943 [2]:100 [3]:366
[0]:191161751 [1]:24849956 [2]:100 [3]:76
[0]:191357656 [1]:24880146 [2]:100 [3]:57
[0]:191557099 [1]:24911050 [2]:100 [3]:366
[0]:191780220 [1]:24945549 [2]:100 [3]:359
[0]:191981543 [1]:24976692 [2]:100 [3]:64
[0]:192183513 [1]:25007958 [2]:100 [3]:361
[0]:192378667 [1]:25038112 [2]:100 [3]:58
[0]:192575163 [1]:25068566 [2]:100 [3]:65
[0]:192762315 [1]:25097527 [2]:100 [3]:55
[0]:192974829 [1]:25130430 [2]:100 [3]:64
[0]:193182898 [1]:25162565 [2]:100 [3]:77
[0]:193377071 [1]:25192584 [2]:100 [3]:359
[0]:193578349 [1]:25223658 [2]:100 [3]:57
[0]:193783459 [1]:25255481 [2]:100 [3]:82
[0]:193969816 [1]:25284136 [2]:100 [3]:66
[0]:194184698 [1]:25317291 [2]:100 [3]:360
[0]:194380369 [1]:25347416 [2]:100 [3]:359
[0]:194574107 [1]:25377248 [2]:100 [3]:362
[0]:194772064 [1]:25407811 [2]:100 [3]:64
[0]:194987419 [1]:25441055 [2]:100 [3]:366
[0]:195182419 [1]:25471140 [2]:100 [3]:360
[0]:195373681 [1]:25500700 [2]:100 [3]:361
[0]:195570165 [1]:25530931 [2]:100 [3]:63
[0]:195766397 [1]:25561310 [2]:100 [3]:364
[0]:195962840 [1]:25591624 [2]:100 [3]:63
[0]:196173912 [1]:25624070 [2]:100 [3]:371
[0]:196383670 [1]:25656395 [2]:100 [3]:73
[0]:196584958 [1]:25687478 [2]:100 [3]:77
[0]:196786451 [1]:25718628 [2]:100 [3]:365
[0]:196981790 [1]:25748712 [2]:100 [3]:359
[0]:197176689 [1]:25778808 [2]:100 [3]:358
[0]:197379567 [1]:25810269 [2]:100 [3]:369
[0]:197565742 [1]:25839121 [2]:100 [3]:363
[0]:197756971 [1]:25868665 [2]:100 [3]:364
[0]:197949624 [1]:25898594 [2]:100 [3]:57
[0]:198143941 [1]:25928612 [2]:100 [3]:364
[0]:198338049 [1]:25958519 [2]:100 [3]:362
[0]:198561612 [1]:25993052 [2]:100 [3]:353
[0]:198755755 [1]:26022971 [2]:100 [3]:60
[0]:198999705 [1]:26060639 [2]:100 [3]:347
[0]:199185984 [1]:26089367 [2]:100 [3]:363
[0]:199378066 [1]:26118971 [2]:100 [3]:65
[0]:199459680 [1]:26131690 [2]:100 [3]:353
[0]:199459680 [1]:26131690 [2]:100 [3]:353
[0]:199459680 [1]:26131690 [2]:100 [3]:353
[0]:199459680 [1]:26131690 [2]:100 [3]:353
[0]:199459680 [1]:26131690 [2]:100 [3]:353
[0]:199459680 [1]:26131690 [2]:100 [3]:353
[0]:199459680 [1]:26131690 [2]:100 [3]:353
[0]:199459680 [1]:26131690 [2]:100 [3]:353
[0]:199459680 [1]:26131690 [2]:100 [3]:353
[0]:199459680 [1]:26131690 [2]:100 [3]:353
[0]:199459680 [1]:26131690 [2]:100 [3]:353
[0]:199459680 [1]:26131690 [2]:100 [3]:353
                                                                                      [0]:199459680 [1]:26131690 [2]:100 [3]:353
[0]:199459680 [1]:26131690 [2]:100 [3]:353
[0]:199459680 [1]:26131690 [2]:100 [3]:353
[0]:199459680 [1]:26131690 [2]:100 [3]:353
[0]:199459680 [1]:26131690 [2]:100 [3]:353
[0]:199459680 [1]:26131690 [2]:100 [3]:353
[0]:199459680 [1]:26131690 [2]:100 [3]:353
