[0]:0 [1]:0 [2]:0 [3]:0
[0]:0 [1]:0 [2]:0 [3]:0
[0]:214951 [1]:0 [2]:0 [3]:56
[0]:442980 [1]:0 [2]:0 [3]:309
[0]:675392 [1]:0 [2]:0 [3]:46
[0]:902774 [1]:0 [2]:0 [3]:39
[0]:1123426 [1]:8496 [2]:121 [3]:67
[0]:1329639 [1]:31779 [2]:121 [3]:65
[0]:1524988 [1]:53824 [2]:121 [3]:357
[0]:1731034 [1]:77042 [2]:121 [3]:358
[0]:1939704 [1]:100637 [2]:121 [3]:70
[0]:2154036 [1]:124935 [2]:121 [3]:370
[0]:2356367 [1]:147601 [2]:121 [3]:66
[0]:2554941 [1]:169978 [2]:121 [3]:63
[0]:2771977 [1]:194473 [2]:80 [3]:65
[0]:2983813 [1]:218375 [2]:80 [3]:65
[0]:3198709 [1]:242693 [2]:80 [3]:354
[0]:3397366 [1]:265085 [2]:80 [3]:89
[0]:3587849 [1]:286477 [2]:80 [3]:70
[0]:3784515 [1]:308494 [2]:80 [3]:62
[0]:3988708 [1]:331464 [2]:80 [3]:62
[0]:4191630 [1]:354405 [2]:76 [3]:64
[0]:4389771 [1]:376666 [2]:76 [3]:66
[0]:4592565 [1]:399422 [2]:76 [3]:371
[0]:4798395 [1]:422719 [2]:76 [3]:369
[0]:5007238 [1]:446368 [2]:76 [3]:67
[0]:5277205 [1]:476735 [2]:76 [3]:374
[0]:5475991 [1]:499141 [2]:76 [3]:85
[0]:5681100 [1]:522397 [2]:75 [3]:370
[0]:5891709 [1]:546153 [2]:75 [3]:69
[0]:6093478 [1]:569181 [2]:75 [3]:61
[0]:6291843 [1]:591612 [2]:75 [3]:59
[0]:6497469 [1]:614722 [2]:75 [3]:79
[0]:6698441 [1]:637467 [2]:75 [3]:372
[0]:6898458 [1]:660136 [2]:75 [3]:366
[0]:7096688 [1]:682459 [2]:75 [3]:358
[0]:7298579 [1]:705206 [2]:76 [3]:53
[0]:7493747 [1]:727133 [2]:76 [3]:58
[0]:7751701 [1]:756148 [2]:76 [3]:65
[0]:7943276 [1]:777900 [2]:76 [3]:69
[0]:8168264 [1]:803250 [2]:76 [3]:60
[0]:8360395 [1]:824878 [2]:76 [3]:369
[0]:8555496 [1]:846802 [2]:76 [3]:373
[0]:8751174 [1]:868815 [2]:75 [3]:365
[0]:8965647 [1]:892993 [2]:75 [3]:56
[0]:9168142 [1]:915811 [2]:75 [3]:68
[0]:9355746 [1]:936899 [2]:75 [3]:75
[0]:9550335 [1]:958828 [2]:75 [3]:70
[0]:9756030 [1]:982026 [2]:75 [3]:53
[0]:9954754 [1]:1004377 [2]:75 [3]:62
[0]:10163724 [1]:1028021 [2]:75 [3]:70
[0]:10370367 [1]:1051352 [2]:75 [3]:365
[0]:10569863 [1]:1074017 [2]:75 [3]:354
[0]:10782055 [1]:1098006 [2]:75 [3]:52
[0]:10991751 [1]:1121646 [2]:75 [3]:360
[0]:11201325 [1]:1145360 [2]:75 [3]:56
[0]:11401700 [1]:1168061 [2]:75 [3]:52
[0]:11612843 [1]:1191925 [2]:75 [3]:68
[0]:11811831 [1]:1214309 [2]:75 [3]:365
[0]:12005167 [1]:1236044 [2]:75 [3]:361
[0]:12196791 [1]:1258061 [2]:75 [3]:365
[0]:12392235 [1]:1280329 [2]:75 [3]:73
[0]:12594324 [1]:1303145 [2]:75 [3]:64
[0]:12788358 [1]:1325023 [2]:75 [3]:372
[0]:12990522 [1]:1347784 [2]:75 [3]:58
[0]:13189997 [1]:1370306 [2]:75 [3]:64
[0]:13375302 [1]:1391273 [2]:76 [3]:66
[0]:13581890 [1]:1414536 [2]:76 [3]:71
[0]:13791901 [1]:1438262 [2]:76 [3]:58
[0]:13994486 [1]:1461020 [2]:76 [3]:359
[0]:14189305 [1]:1483106 [2]:76 [3]:72
[0]:14391067 [1]:1505804 [2]:76 [3]:367
[0]:14589548 [1]:1528212 [2]:76 [3]:353
[0]:14783894 [1]:1550268 [2]:76 [3]:60
[0]:14982656 [1]:1572638 [2]:75 [3]:78
[0]:15182282 [1]:1595169 [2]:75 [3]:353
[0]:15379463 [1]:1617389 [2]:75 [3]:61
[0]:15585701 [1]:1640538 [2]:75 [3]:364
[0]:15791527 [1]:1663694 [2]:75 [3]:68
[0]:15986249 [1]:1685648 [2]:75 [3]:68
[0]:16207302 [1]:1710533 [2]:75 [3]:375
[0]:16409595 [1]:1733343 [2]:75 [3]:361
[0]:16615550 [1]:1756499 [2]:75 [3]:65
[0]:16831824 [1]:1780918 [2]:75 [3]:60
[0]:17034696 [1]:1804062 [2]:75 [3]:68
[0]:17236556 [1]:1827003 [2]:75 [3]:47
[0]:17435191 [1]:1849379 [2]:75 [3]:79
[0]:17695799 [1]:1878890 [2]:75 [3]:60
[0]:17902521 [1]:1902304 [2]:76 [3]:75
[0]:18095436 [1]:1923864 [2]:76 [3]:369
[0]:18296368 [1]:1946532 [2]:76 [3]:366
[0]:18502439 [1]:1969728 [2]:76 [3]:60
[0]:18704628 [1]:1992579 [2]:76 [3]:368
[0]:18909301 [1]:2015596 [2]:76 [3]:57
[0]:19126338 [1]:2040183 [2]:76 [3]:364
[0]:19356143 [1]:2066088 [2]:76 [3]:355
[0]:19558387 [1]:2088902 [2]:75 [3]:49
[0]:19760723 [1]:2111747 [2]:75 [3]:69
[0]:19958511 [1]:2134179 [2]:75 [3]:66
[0]:20168813 [1]:2157731 [2]:75 [3]:76
[0]:20384051 [1]:2182034 [2]:75 [3]:61
[0]:20588010 [1]:2205076 [2]:75 [3]:360
[0]:20790216 [1]:2228011 [2]:75 [3]:60
[0]:21003639 [1]:2251993 [2]:75 [3]:365
[0]:21203991 [1]:2274628 [2]:75 [3]:63
[0]:21426828 [1]:2299787 [2]:75 [3]:69
[0]:21628964 [1]:2322582 [2]:75 [3]:72
[0]:21835118 [1]:2345785 [2]:75 [3]:361
[0]:22044720 [1]:2369536 [2]:75 [3]:65
[0]:22246862 [1]:2392279 [2]:75 [3]:73
[0]:22449286 [1]:2415060 [2]:75 [3]:71
[0]:22700060 [1]:2443347 [2]:75 [3]:67
[0]:22909825 [1]:2466959 [2]:75 [3]:369
[0]:23111320 [1]:2489844 [2]:75 [3]:72
[0]:23317845 [1]:2513075 [2]:75 [3]:79
[0]:23512716 [1]:2534990 [2]:75 [3]:52
[0]:23733652 [1]:2559911 [2]:75 [3]:351
[0]:23947271 [1]:2584000 [2]:75 [3]:355
[0]:24145651 [1]:2606383 [2]:75 [3]:63
[0]:24340219 [1]:2628419 [2]:75 [3]:359
[0]:24553712 [1]:2652511 [2]:75 [3]:55
[0]:24754315 [1]:2675281 [2]:75 [3]:66
[0]:24954202 [1]:2697806 [2]:75 [3]:360
[0]:25152601 [1]:2720247 [2]:75 [3]:64
[0]:25341516 [1]:2741567 [2]:75 [3]:60
[0]:25534259 [1]:2763298 [2]:75 [3]:357
[0]:25751673 [1]:2787786 [2]:75 [3]:68
[0]:25961651 [1]:2811418 [2]:75 [3]:353
[0]:26163680 [1]:2834257 [2]:75 [3]:361
[0]:26371419 [1]:2857734 [2]:75 [3]:360
[0]:26571850 [1]:2880292 [2]:75 [3]:369
[0]:26777904 [1]:2903481 [2]:75 [3]:358
[0]:27005961 [1]:2929385 [2]:75 [3]:63
[0]:27200616 [1]:2951382 [2]:75 [3]:70
[0]:27399364 [1]:2973701 [2]:75 [3]:65
[0]:27606757 [1]:2997042 [2]:75 [3]:68
[0]:27807375 [1]:3019674 [2]:75 [3]:361
[0]:28036059 [1]:3045433 [2]:75 [3]:66
[0]:28245950 [1]:3069073 [2]:75 [3]:66
[0]:28440648 [1]:3090954 [2]:75 [3]:364
[0]:28657827 [1]:3115546 [2]:75 [3]:60
[0]:28867609 [1]:3139123 [2]:75 [3]:73
[0]:29080795 [1]:3163274 [2]:75 [3]:363
[0]:29279123 [1]:3185721 [2]:75 [3]:65
[0]:29470120 [1]:3207229 [2]:75 [3]:63
[0]:29664754 [1]:3229205 [2]:75 [3]:67
[0]:29863410 [1]:3251572 [2]:75 [3]:373
[0]:30061868 [1]:3273972 [2]:75 [3]:65
[0]:30259973 [1]:3296615 [2]:75 [3]:59
[0]:30491925 [1]:3322873 [2]:75 [3]:69
[0]:30692345 [1]:3345405 [2]:75 [3]:352
[0]:30891644 [1]:3367996 [2]:75 [3]:363
[0]:31079751 [1]:3389200 [2]:75 [3]:73
[0]:31278525 [1]:3411528 [2]:75 [3]:65
[0]:31499587 [1]:3436378 [2]:75 [3]:363
[0]:31701810 [1]:3458967 [2]:75 [3]:59
[0]:31896695 [1]:3481018 [2]:75 [3]:74
[0]:32143819 [1]:3508857 [2]:75 [3]:360
[0]:32338239 [1]:3530933 [2]:75 [3]:65
[0]:32584208 [1]:3558712 [2]:75 [3]:359
[0]:32776396 [1]:3580388 [2]:75 [3]:362
[0]:32971123 [1]:3602346 [2]:75 [3]:63
[0]:33180632 [1]:3626062 [2]:75 [3]:63
[0]:33386662 [1]:3649358 [2]:75 [3]:362
[0]:33584901 [1]:3671807 [2]:75 [3]:70
[0]:33782913 [1]:3694138 [2]:75 [3]:354
[0]:33979077 [1]:3716405 [2]:75 [3]:360
[0]:34187586 [1]:3740028 [2]:75 [3]:358
[0]:34383977 [1]:3762134 [2]:75 [3]:60
[0]:34581407 [1]:3784467 [2]:75 [3]:56
[0]:34775513 [1]:3806363 [2]:75 [3]:67
[0]:34996117 [1]:3831275 [2]:75 [3]:65
[0]:35202456 [1]:3854505 [2]:75 [3]:58
[0]:35408076 [1]:3877812 [2]:75 [3]:356
[0]:35603016 [1]:3899872 [2]:75 [3]:69
[0]:35848492 [1]:3927896 [2]:75 [3]:62
[0]:36050833 [1]:3950655 [2]:75 [3]:69
[0]:36253813 [1]:3973559 [2]:75 [3]:57
[0]:36448802 [1]:3995627 [2]:75 [3]:356
[0]:36664989 [1]:4020036 [2]:75 [3]:94
[0]:36871752 [1]:4043380 [2]:75 [3]:360
[0]:37077070 [1]:4066469 [2]:75 [3]:51
[0]:37276507 [1]:4088862 [2]:75 [3]:362
[0]:37478836 [1]:4111632 [2]:75 [3]:355
[0]:37681232 [1]:4134460 [2]:75 [3]:57
[0]:37878759 [1]:4156679 [2]:75 [3]:55
[0]:38081870 [1]:4179515 [2]:75 [3]:360
[0]:38280491 [1]:4201837 [2]:75 [3]:364
[0]:38471165 [1]:4223536 [2]:75 [3]:59
[0]:38669553 [1]:4246005 [2]:75 [3]:57
