[0]:119606828 [1]:19504663 [2]:167 [3]:365
[0]:119820860 [1]:19536418 [2]:167 [3]:359
[0]:120033858 [1]:19568087 [2]:167 [3]:363
[0]:120246537 [1]:19599839 [2]:167 [3]:356
[0]:120449217 [1]:19629842 [2]:167 [3]:374
[0]:120671496 [1]:19662696 [2]:167 [3]:369
[0]:120877853 [1]:19693259 [2]:167 [3]:85
[0]:121096178 [1]:19725655 [2]:167 [3]:363
[0]:121306599 [1]:19756991 [2]:167 [3]:369
[0]:121515395 [1]:19788031 [2]:167 [3]:358
[0]:121728323 [1]:19819622 [2]:167 [3]:360
[0]:121933214 [1]:19849993 [2]:167 [3]:370
[0]:122146121 [1]:19881531 [2]:156 [3]:366
[0]:122347069 [1]:19911291 [2]:156 [3]:366
[0]:122563193 [1]:19943408 [2]:156 [3]:364
[0]:122776663 [1]:19975007 [2]:156 [3]:362
[0]:122988420 [1]:20006477 [2]:156 [3]:369
[0]:123211979 [1]:20039593 [2]:156 [3]:365
[0]:123414862 [1]:20069835 [2]:156 [3]:371
[0]:123623715 [1]:20100766 [2]:156 [3]:79
[0]:123836698 [1]:20132342 [2]:156 [3]:366
[0]:124045422 [1]:20163367 [2]:156 [3]:360
[0]:124266140 [1]:20196176 [2]:156 [3]:71
[0]:124467174 [1]:20226002 [2]:156 [3]:363
[0]:124679879 [1]:20257606 [2]:156 [3]:370
[0]:124887480 [1]:20288451 [2]:156 [3]:361
[0]:125097647 [1]:20319606 [2]:156 [3]:70
[0]:125317315 [1]:20352183 [2]:156 [3]:358
[0]:125549106 [1]:20386613 [2]:156 [3]:366
[0]:125751714 [1]:20416669 [2]:151 [3]:365
[0]:125972497 [1]:20449449 [2]:151 [3]:362
[0]:126211944 [1]:20484975 [2]:151 [3]:78
[0]:126425785 [1]:20516655 [2]:151 [3]:355
[0]:126634585 [1]:20547618 [2]:151 [3]:353
[0]:126842240 [1]:20578382 [2]:151 [3]:370
[0]:127048466 [1]:20608915 [2]:151 [3]:359
[0]:127253420 [1]:20639291 [2]:151 [3]:365
[0]:127454439 [1]:20669064 [2]:151 [3]:363
[0]:127661804 [1]:20699847 [2]:151 [3]:366
[0]:127873869 [1]:20731289 [2]:151 [3]:359
[0]:128088898 [1]:20763248 [2]:151 [3]:70
[0]:128297060 [1]:20794125 [2]:151 [3]:370
[0]:128501761 [1]:20824495 [2]:151 [3]:351
[0]:128707213 [1]:20854932 [2]:151 [3]:85
[0]:128916567 [1]:20886065 [2]:151 [3]:363
[0]:129125208 [1]:20917088 [2]:151 [3]:362
[0]:129338195 [1]:20948638 [2]:151 [3]:362
[0]:129543027 [1]:20979066 [2]:151 [3]:364
[0]:129774740 [1]:21013498 [2]:151 [3]:79
[0]:129994551 [1]:21046139 [2]:151 [3]:363
[0]:130215367 [1]:21078948 [2]:151 [3]:359
[0]:130417880 [1]:21108940 [2]:151 [3]:369
[0]:130630833 [1]:21140472 [2]:151 [3]:364
[0]:130839681 [1]:21171496 [2]:151 [3]:362
[0]:131052519 [1]:21203052 [2]:151 [3]:363
[0]:131284336 [1]:21237490 [2]:151 [3]:365
[0]:131505598 [1]:21270261 [2]:151 [3]:362
[0]:131729716 [1]:21303548 [2]:151 [3]:370
[0]:131943075 [1]:21335195 [2]:151 [3]:89
[0]:132155686 [1]:21366784 [2]:151 [3]:356
[0]:132372520 [1]:21398924 [2]:151 [3]:368
[0]:132582723 [1]:21430045 [2]:151 [3]:369
[0]:132798159 [1]:21462080 [2]:151 [3]:365
[0]:133019759 [1]:21495038 [2]:151 [3]:361
[0]:133216621 [1]:21524330 [2]:151 [3]:360
[0]:133423830 [1]:21555082 [2]:151 [3]:372
[0]:133641399 [1]:21587369 [2]:151 [3]:365
[0]:133874352 [1]:21622117 [2]:151 [3]:370
[0]:134078706 [1]:21652400 [2]:151 [3]:368
[0]:134295201 [1]:21684566 [2]:151 [3]:372
[0]:134500580 [1]:21715017 [2]:151 [3]:363
[0]:134721004 [1]:21747739 [2]:151 [3]:375
[0]:134927881 [1]:21778522 [2]:151 [3]:362
[0]:135162507 [1]:21813308 [2]:151 [3]:361
[0]:135377153 [1]:21845149 [2]:151 [3]:365
[0]:135575461 [1]:21874495 [2]:151 [3]:371
[0]:135780977 [1]:21905083 [2]:151 [3]:357
[0]:135989384 [1]:21935937 [2]:151 [3]:360
[0]:136222528 [1]:21970459 [2]:151 [3]:357
[0]:136455148 [1]:22004893 [2]:151 [3]:363
[0]:136656068 [1]:22034739 [2]:151 [3]:359
[0]:136881568 [1]:22068227 [2]:151 [3]:357
[0]:137105495 [1]:22101428 [2]:151 [3]:359
[0]:137345925 [1]:22137101 [2]:151 [3]:361
[0]:137554533 [1]:22168060 [2]:151 [3]:363
[0]:137779285 [1]:22201345 [2]:151 [3]:369
[0]:137988834 [1]:22232432 [2]:151 [3]:357
[0]:138200915 [1]:22263900 [2]:151 [3]:369
[0]:138424566 [1]:22297147 [2]:151 [3]:371
[0]:138624878 [1]:22326870 [2]:151 [3]:89
[0]:138835470 [1]:22358086 [2]:151 [3]:85
[0]:139048271 [1]:22389671 [2]:151 [3]:359
[0]:139258046 [1]:22420938 [2]:151 [3]:362
[0]:139468503 [1]:22452098 [2]:151 [3]:361
[0]:139717791 [1]:22489140 [2]:151 [3]:371
[0]:139938642 [1]:22521942 [2]:151 [3]:364
[0]:140151179 [1]:22560697 [2]:15 [3]:83
[0]:140364504 [1]:22622774 [2]:15 [3]:367
[0]:140569054 [1]:22682428 [2]:15 [3]:361
[0]:140781320 [1]:22744229 [2]:15 [3]:84
[0]:141010711 [1]:22811021 [2]:15 [3]:358
[0]:141215496 [1]:22870768 [2]:15 [3]:100
[0]:141424171 [1]:22931536 [2]:15 [3]:374
[0]:141636875 [1]:22993516 [2]:15 [3]:360
[0]:141846203 [1]:23054550 [2]:15 [3]:363
[0]:142050073 [1]:23114038 [2]:15 [3]:369
[0]:142263879 [1]:23176424 [2]:15 [3]:361
[0]:142513127 [1]:23248973 [2]:15 [3]:366
[0]:142745825 [1]:23316844 [2]:15 [3]:91
[0]:142955412 [1]:23377923 [2]:15 [3]:78
[0]:143157472 [1]:23436899 [2]:15 [3]:360
[0]:143367572 [1]:23498189 [2]:15 [3]:377
[0]:143587730 [1]:23562364 [2]:15 [3]:106
[0]:143867371 [1]:23619709 [2]:142 [3]:365
[0]:144064785 [1]:23649048 [2]:142 [3]:84
[0]:144277347 [1]:23680559 [2]:142 [3]:365
[0]:144478440 [1]:23710408 [2]:142 [3]:372
[0]:144717460 [1]:23745838 [2]:142 [3]:363
[0]:144939109 [1]:23778685 [2]:142 [3]:371
[0]:145151440 [1]:23810171 [2]:142 [3]:365
[0]:145368477 [1]:23842306 [2]:142 [3]:372
[0]:145573949 [1]:23872980 [2]:142 [3]:373
[0]:145778942 [1]:23903429 [2]:142 [3]:81
[0]:145999432 [1]:23936123 [2]:142 [3]:80
[0]:146204482 [1]:23966547 [2]:142 [3]:370
[0]:146417340 [1]:23998052 [2]:142 [3]:359
[0]:146614381 [1]:24027348 [2]:142 [3]:77
[0]:146815207 [1]:24057259 [2]:142 [3]:368
[0]:147020093 [1]:24087765 [2]:142 [3]:359
[0]:147264408 [1]:24124019 [2]:142 [3]:372
[0]:147472288 [1]:24154942 [2]:150 [3]:375
[0]:147678118 [1]:24185465 [2]:150 [3]:78
[0]:147886921 [1]:24216559 [2]:150 [3]:90
[0]:148091608 [1]:24246902 [2]:150 [3]:361
[0]:148331938 [1]:24282564 [2]:150 [3]:370
[0]:148544979 [1]:24314175 [2]:150 [3]:366
[0]:148753284 [1]:24345149 [2]:150 [3]:366
[0]:148958719 [1]:24375757 [2]:150 [3]:74
[0]:149165100 [1]:24406389 [2]:150 [3]:360
[0]:149377923 [1]:24437840 [2]:150 [3]:369
[0]:149581426 [1]:24467965 [2]:150 [3]:369
[0]:149790270 [1]:24498984 [2]:150 [3]:369
[0]:149998135 [1]:24529921 [2]:150 [3]:366
[0]:150243492 [1]:24566267 [2]:150 [3]:358
[0]:150456194 [1]:24597920 [2]:150 [3]:79
[0]:150665044 [1]:24628966 [2]:150 [3]:368
[0]:150877846 [1]:24660604 [2]:150 [3]:370
[0]:151082818 [1]:24691211 [2]:151 [3]:362
[0]:151307232 [1]:24724648 [2]:151 [3]:369
[0]:151512138 [1]:24755256 [2]:151 [3]:364
[0]:151724886 [1]:24786815 [2]:151 [3]:368
[0]:151933709 [1]:24817816 [2]:151 [3]:361
[0]:152138756 [1]:24848290 [2]:151 [3]:359
[0]:152351401 [1]:24879687 [2]:151 [3]:83
[0]:152572795 [1]:24912577 [2]:151 [3]:373
[0]:152781044 [1]:24943468 [2]:151 [3]:82
[0]:152995076 [1]:24975276 [2]:151 [3]:364
[0]:153205984 [1]:25006693 [2]:151 [3]:365
[0]:153422721 [1]:25038978 [2]:151 [3]:73
[0]:153628700 [1]:25069644 [2]:151 [3]:365
[0]:153832365 [1]:25100059 [2]:151 [3]:374
[0]:154041614 [1]:25131245 [2]:151 [3]:360
[0]:154250546 [1]:25162188 [2]:151 [3]:361
[0]:154458045 [1]:25192987 [2]:151 [3]:362
[0]:154664387 [1]:25223566 [2]:151 [3]:364
[0]:154877259 [1]:25255218 [2]:151 [3]:87
[0]:155074134 [1]:25284462 [2]:151 [3]:365
[0]:155290860 [1]:25316635 [2]:151 [3]:364
[0]:155499084 [1]:25347633 [2]:151 [3]:366
[0]:155708597 [1]:25378681 [2]:151 [3]:362
[0]:155921492 [1]:25410139 [2]:151 [3]:361
[0]:156128152 [1]:25440771 [2]:151 [3]:368
[0]:156339232 [1]:25472105 [2]:151 [3]:77
[0]:156548175 [1]:25503107 [2]:151 [3]:360
[0]:156752549 [1]:25533587 [2]:151 [3]:359
[0]:157028331 [1]:25574567 [2]:151 [3]:82
[0]:157229660 [1]:25604394 [2]:151 [3]:361
[0]:157438588 [1]:25635348 [2]:151 [3]:369
[0]:157644366 [1]:25665953 [2]:151 [3]:367
[0]:157844394 [1]:25695663 [2]:151 [3]:364
[0]:158057632 [1]:25727325 [2]:151 [3]:363
[0]:158270087 [1]:25758820 [2]:151 [3]:359
[0]:158490665 [1]:25791584 [2]:151 [3]:369
[0]:158711500 [1]:25824282 [2]:151 [3]:369
[0]:158932140 [1]:25856969 [2]:151 [3]:364
[0]:159144950 [1]:25888407 [2]:151 [3]:366
[0]:159346046 [1]:25918276 [2]:151 [3]:358
[0]:159547025 [1]:25948017 [2]:151 [3]:367
[0]:159755611 [1]:25979122 [2]:151 [3]:371
[0]:159960619 [1]:26009651 [2]:151 [3]:369
[0]:160197269 [1]:26044749 [2]:151 [3]:83
[0]:160405934 [1]:26075763 [2]:151 [3]:360
[0]:160614768 [1]:26106818 [2]:151 [3]:361
