[0]:160826005 [1]:26142649 [2]:151 [3]:367
[0]:161037430 [1]:26191457 [2]:151 [3]:360
[0]:161238966 [1]:26238049 [2]:151 [3]:361
[0]:161429153 [1]:26282017 [2]:151 [3]:364
[0]:161630801 [1]:26328652 [2]:155 [3]:362
[0]:161835043 [1]:26375810 [2]:155 [3]:359
[0]:162033873 [1]:26421688 [2]:155 [3]:362
[0]:162293446 [1]:26481618 [2]:155 [3]:63
[0]:162478094 [1]:26524277 [2]:155 [3]:358
[0]:162672176 [1]:26569103 [2]:155 [3]:360
[0]:162873582 [1]:26615592 [2]:155 [3]:363
[0]:163067849 [1]:26660382 [2]:155 [3]:354
[0]:163271653 [1]:26707464 [2]:155 [3]:359
[0]:163470641 [1]:26753448 [2]:155 [3]:365
[0]:163668554 [1]:26799174 [2]:155 [3]:358
[0]:163866533 [1]:26844899 [2]:155 [3]:359
[0]:164083006 [1]:26894945 [2]:155 [3]:356
[0]:164284628 [1]:26941475 [2]:166 [3]:362
[0]:164482340 [1]:26987125 [2]:166 [3]:359
[0]:164683922 [1]:27033677 [2]:166 [3]:361
[0]:164900312 [1]:27083650 [2]:166 [3]:354
[0]:165094522 [1]:27128526 [2]:166 [3]:362
[0]:165296000 [1]:27175138 [2]:166 [3]:57
[0]:165505039 [1]:27223441 [2]:166 [3]:363
[0]:165699105 [1]:27268250 [2]:166 [3]:358
[0]:165904346 [1]:27315739 [2]:166 [3]:372
[0]:166102421 [1]:27361531 [2]:166 [3]:363
[0]:166300125 [1]:27407199 [2]:166 [3]:358
[0]:166527666 [1]:27459762 [2]:166 [3]:361
[0]:166722537 [1]:27504693 [2]:166 [3]:356
[0]:166949419 [1]:27557099 [2]:166 [3]:365
[0]:167147274 [1]:27602825 [2]:167 [3]:365
[0]:167341274 [1]:27647708 [2]:167 [3]:353
[0]:167535367 [1]:27692530 [2]:167 [3]:356
[0]:167725909 [1]:27736461 [2]:167 [3]:360
[0]:167920039 [1]:27781366 [2]:167 [3]:58
[0]:168118195 [1]:27827183 [2]:167 [3]:359
[0]:168311907 [1]:27871977 [2]:167 [3]:359
[0]:168513311 [1]:27918491 [2]:167 [3]:360
[0]:168737257 [1]:27970253 [2]:167 [3]:61
[0]:168942598 [1]:28017699 [2]:167 [3]:361
[0]:169140366 [1]:28063426 [2]:167 [3]:362
[0]:169375634 [1]:28117757 [2]:167 [3]:360
[0]:169569704 [1]:28162547 [2]:167 [3]:359
[0]:169774864 [1]:28209947 [2]:167 [3]:365
[0]:169967444 [1]:28254445 [2]:167 [3]:360
[0]:170159239 [1]:28298763 [2]:167 [3]:362
[0]:170356997 [1]:28344392 [2]:167 [3]:352
[0]:170562107 [1]:28391825 [2]:167 [3]:63
[0]:170755223 [1]:28436423 [2]:167 [3]:350
[0]:170949431 [1]:28481294 [2]:167 [3]:362
[0]:171159678 [1]:28529893 [2]:167 [3]:361
[0]:171357466 [1]:28575538 [2]:167 [3]:355
[0]:171566316 [1]:28623799 [2]:167 [3]:366
[0]:171764208 [1]:28669539 [2]:167 [3]:359
[0]:171969536 [1]:28717075 [2]:167 [3]:368
[0]:172171219 [1]:28763662 [2]:167 [3]:364
[0]:172371231 [1]:28809796 [2]:167 [3]:56
[0]:172566555 [1]:28854920 [2]:167 [3]:360
[0]:172768217 [1]:28901606 [2]:167 [3]:51
[0]:172966029 [1]:28947323 [2]:167 [3]:363
[0]:173171277 [1]:28994759 [2]:167 [3]:65
[0]:173384057 [1]:29043967 [2]:167 [3]:365
[0]:173596777 [1]:29093160 [2]:167 [3]:358
[0]:173799673 [1]:29140035 [2]:167 [3]:364
[0]:174055175 [1]:29199059 [2]:167 [3]:362
[0]:174274608 [1]:29249705 [2]:167 [3]:361
[0]:174467203 [1]:29294219 [2]:167 [3]:367
[0]:174667943 [1]:29340675 [2]:167 [3]:359
[0]:174873218 [1]:29388126 [2]:167 [3]:363
[0]:175071007 [1]:29433770 [2]:167 [3]:359
[0]:175305902 [1]:29488063 [2]:167 [3]:364
[0]:175507796 [1]:29534698 [2]:167 [3]:356
[0]:175709223 [1]:29581231 [2]:167 [3]:362
[0]:175903185 [1]:29626088 [2]:167 [3]:367
[0]:176097429 [1]:29670870 [2]:167 [3]:360
[0]:176337329 [1]:29726289 [2]:167 [3]:65
[0]:176530357 [1]:29771031 [2]:167 [3]:361
[0]:176728181 [1]:29816726 [2]:167 [3]:361
[0]:176922368 [1]:29861505 [2]:167 [3]:357
[0]:177114344 [1]:29905923 [2]:167 [3]:363
[0]:177306482 [1]:29950371 [2]:167 [3]:362
[0]:177500722 [1]:29995315 [2]:167 [3]:360
[0]:177747134 [1]:30052258 [2]:167 [3]:357
[0]:177948783 [1]:30098785 [2]:167 [3]:356
[0]:178157808 [1]:30147103 [2]:167 [3]:364
[0]:178366876 [1]:30195375 [2]:167 [3]:367
[0]:178601726 [1]:30249652 [2]:167 [3]:353
[0]:178795784 [1]:30294385 [2]:167 [3]:360
[0]:178997511 [1]:30341036 [2]:167 [3]:358
[0]:179206481 [1]:30389289 [2]:167 [3]:358
[0]:179399218 [1]:30433805 [2]:167 [3]:363
[0]:179615872 [1]:30483800 [2]:167 [3]:365
[0]:179812057 [1]:30529083 [2]:167 [3]:359
[0]:180013306 [1]:30575533 [2]:167 [3]:358
[0]:180204608 [1]:30619716 [2]:167 [3]:358
[0]:180412175 [1]:30667688 [2]:167 [3]:362
[0]:180606302 [1]:30712419 [2]:167 [3]:356
[0]:180804145 [1]:30758199 [2]:167 [3]:360
[0]:181001925 [1]:30803908 [2]:167 [3]:366
[0]:181197313 [1]:30849084 [2]:167 [3]:362
[0]:181384589 [1]:30892347 [2]:167 [3]:354
[0]:181584156 [1]:30938384 [2]:167 [3]:362
[0]:181788640 [1]:30985651 [2]:167 [3]:61
[0]:181983518 [1]:31030722 [2]:167 [3]:362
[0]:182233482 [1]:31088503 [2]:167 [3]:54
[0]:182427652 [1]:31133337 [2]:167 [3]:61
[0]:182628744 [1]:31179733 [2]:167 [3]:361
[0]:182827019 [1]:31225581 [2]:167 [3]:366
[0]:183032285 [1]:31273024 [2]:167 [3]:365
[0]:183232354 [1]:31319246 [2]:167 [3]:360
[0]:183424447 [1]:31363566 [2]:167 [3]:359
[0]:183622025 [1]:31409253 [2]:167 [3]:366
[0]:183819841 [1]:31454974 [2]:167 [3]:362
[0]:184015859 [1]:31500292 [2]:167 [3]:356
[0]:184271448 [1]:31559310 [2]:167 [3]:365
[0]:184469314 [1]:31604989 [2]:167 [3]:370
[0]:184685437 [1]:31654970 [2]:167 [3]:359
[0]:184896838 [1]:31703798 [2]:167 [3]:352
[0]:185089146 [1]:31748273 [2]:167 [3]:360
[0]:185279270 [1]:31792113 [2]:167 [3]:354
[0]:185490973 [1]:31841033 [2]:167 [3]:356
[0]:185688629 [1]:31886752 [2]:167 [3]:365
[0]:185906924 [1]:31937215 [2]:167 [3]:365
[0]:186104020 [1]:31982777 [2]:167 [3]:363
[0]:186313119 [1]:32031052 [2]:167 [3]:353
[0]:186522377 [1]:32079430 [2]:167 [3]:48
[0]:186720059 [1]:32125146 [2]:167 [3]:362
[0]:186917723 [1]:32170868 [2]:167 [3]:358
[0]:187123996 [1]:32218519 [2]:167 [3]:357
[0]:187324613 [1]:32264811 [2]:167 [3]:362
[0]:187526170 [1]:32311342 [2]:167 [3]:363
[0]:187720180 [1]:32356177 [2]:167 [3]:58
[0]:187910612 [1]:32400182 [2]:167 [3]:358
[0]:188104797 [1]:32444967 [2]:167 [3]:364
[0]:188299934 [1]:32490045 [2]:167 [3]:359
[0]:188497680 [1]:32535843 [2]:167 [3]:356
[0]:188694296 [1]:32581342 [2]:167 [3]:363
[0]:188888340 [1]:32626201 [2]:167 [3]:363
[0]:189082643 [1]:32671037 [2]:167 [3]:365
[0]:189280456 [1]:32716763 [2]:167 [3]:359
[0]:189500281 [1]:32767679 [2]:167 [3]:359
[0]:189693110 [1]:32812292 [2]:167 [3]:371
[0]:189891445 [1]:32858122 [2]:167 [3]:368
[0]:190082744 [1]:32902221 [2]:167 [3]:360
[0]:190283769 [1]:32948677 [2]:167 [3]:359
[0]:190493365 [1]:32997086 [2]:167 [3]:355
[0]:190684264 [1]:33041206 [2]:167 [3]:57
[0]:190885081 [1]:33087529 [2]:167 [3]:363
[0]:191084140 [1]:33133508 [2]:167 [3]:360
[0]:191280909 [1]:33178987 [2]:167 [3]:366
[0]:191478995 [1]:33224787 [2]:167 [3]:360
[0]:191680257 [1]:33271334 [2]:167 [3]:62
[0]:191889364 [1]:33319534 [2]:167 [3]:364
[0]:192083412 [1]:33364340 [2]:167 [3]:365
[0]:192282825 [1]:33410384 [2]:167 [3]:358
[0]:192482395 [1]:33456474 [2]:167 [3]:358
[0]:192680634 [1]:33502274 [2]:167 [3]:356
[0]:192886000 [1]:33549658 [2]:167 [3]:361
[0]:193087402 [1]:33596229 [2]:167 [3]:363
[0]:193289377 [1]:33642885 [2]:167 [3]:355
[0]:193490642 [1]:33689394 [2]:167 [3]:57
[0]:193684694 [1]:33734159 [2]:167 [3]:63
[0]:193879584 [1]:33779187 [2]:167 [3]:364
[0]:194072865 [1]:33823847 [2]:167 [3]:361
[0]:194266860 [1]:33868786 [2]:167 [3]:358
[0]:194474590 [1]:33916748 [2]:167 [3]:356
[0]:194688873 [1]:33966133 [2]:167 [3]:365
[0]:194882994 [1]:34011017 [2]:167 [3]:359
[0]:195076895 [1]:34055873 [2]:167 [3]:359
[0]:195290200 [1]:34105148 [2]:167 [3]:363
[0]:195487372 [1]:34150705 [2]:167 [3]:352
[0]:195703646 [1]:34200583 [2]:167 [3]:361
[0]:195898062 [1]:34245558 [2]:167 [3]:62
[0]:196103259 [1]:34293014 [2]:167 [3]:60
[0]:196312305 [1]:34341304 [2]:167 [3]:356
[0]:196527104 [1]:34390898 [2]:167 [3]:357
[0]:196733763 [1]:34438677 [2]:167 [3]:62
[0]:196928093 [1]:34483592 [2]:167 [3]:356
[0]:197125929 [1]:34529304 [2]:167 [3]:361
[0]:197356597 [1]:34582612 [2]:167 [3]:361
[0]:197555171 [1]:34628507 [2]:167 [3]:358
[0]:197753155 [1]:34674175 [2]:167 [3]:360
[0]:197954537 [1]:34720693 [2]:167 [3]:365
[0]:198149982 [1]:34765846 [2]:167 [3]:365
[0]:198342795 [1]:34810319 [2]:167 [3]:359
[0]:198540741 [1]:34856099 [2]:167 [3]:370
[0]:198738340 [1]:34901803 [2]:167 [3]:365
[0]:198943557 [1]:34949232 [2]:167 [3]:364
[0]:199141439 [1]:34994961 [2]:167 [3]:355
[0]:199343204 [1]:35041528 [2]:167 [3]:365
[0]:199540870 [1]:35087186 [2]:167 [3]:358
[0]:199738872 [1]:35132932 [2]:167 [3]:54
[0]:199943908 [1]:35180294 [2]:167 [3]:361
[0]:200141463 [1]:35225970 [2]:167 [3]:361
[0]:200343852 [1]:35272690 [2]:167 [3]:60
[0]:200448381 [1]:35296850 [2]:167 [3]:359
[0]:200448381 [1]:35296850 [2]:167 [3]:359
[0]:200448381 [1]:35296850 [2]:167 [3]:359
[0]:200448381 [1]:35296850 [2]:167 [3]:359
[0]:200448381 [1]:35296850 [2]:167 [3]:359
[0]:200448381 [1]:35296850 [2]:167 [3]:359
[0]:200448381 [1]:35296850 [2]:167 [3]:359
[0]:200448381 [1]:35296850 [2]:167 [3]:359
[0]:200448381 [1]:35296850 [2]:167 [3]:359
[0]:200448381 [1]:35296850 [2]:167 [3]:359
[0]:200448381 [1]:35296850 [2]:167 [3]:359
