[0]:168156015 [1]:30495580 [2]:167 [3]:363
[0]:168371236 [1]:30527534 [2]:167 [3]:370
[0]:168588033 [1]:30559625 [2]:167 [3]:364
[0]:168796804 [1]:30590676 [2]:167 [3]:81
[0]:169071044 [1]:30631484 [2]:167 [3]:370
[0]:169309092 [1]:30666756 [2]:167 [3]:368
[0]:169541578 [1]:30701288 [2]:167 [3]:78
[0]:169749204 [1]:30732066 [2]:167 [3]:81
[0]:169943093 [1]:30760800 [2]:167 [3]:367
[0]:170148543 [1]:30791230 [2]:160 [3]:363
[0]:170348891 [1]:30820970 [2]:160 [3]:367
[0]:170551274 [1]:30850957 [2]:160 [3]:78
[0]:170801423 [1]:30887942 [2]:160 [3]:365
[0]:171007797 [1]:30918529 [2]:160 [3]:372
[0]:171216595 [1]:30949419 [2]:160 [3]:365
[0]:171413607 [1]:30978703 [2]:160 [3]:369
[0]:171623197 [1]:31009902 [2]:160 [3]:363
[0]:171823055 [1]:31039580 [2]:160 [3]:364
[0]:172032557 [1]:31070598 [2]:160 [3]:367
[0]:172232432 [1]:31100289 [2]:160 [3]:77
[0]:172438344 [1]:31130783 [2]:160 [3]:354
[0]:172678709 [1]:31166319 [2]:160 [3]:362
[0]:172904527 [1]:31199874 [2]:160 [3]:360
[0]:173121915 [1]:31232069 [2]:160 [3]:363
[0]:173324923 [1]:31262352 [2]:160 [3]:359
[0]:173529957 [1]:31292655 [2]:160 [3]:365
[0]:173736951 [1]:31323268 [2]:152 [3]:357
[0]:173939562 [1]:31353341 [2]:152 [3]:364
[0]:174179851 [1]:31388991 [2]:152 [3]:364
[0]:174401069 [1]:31421848 [2]:152 [3]:362
[0]:174613706 [1]:31453402 [2]:152 [3]:367
[0]:174826591 [1]:31484925 [2]:152 [3]:365
[0]:175025296 [1]:31514465 [2]:152 [3]:366
[0]:175256024 [1]:31548777 [2]:152 [3]:364
[0]:175457072 [1]:31578547 [2]:152 [3]:373
[0]:175665918 [1]:31609530 [2]:152 [3]:84
[0]:175867580 [1]:31639528 [2]:152 [3]:360
[0]:176079408 [1]:31670874 [2]:152 [3]:373
[0]:176282433 [1]:31700965 [2]:152 [3]:359
[0]:176520659 [1]:31736252 [2]:152 [3]:358
[0]:176757729 [1]:31771261 [2]:152 [3]:368
[0]:176962235 [1]:31801671 [2]:152 [3]:369
[0]:177167396 [1]:31832099 [2]:152 [3]:364
[0]:177376217 [1]:31863154 [2]:151 [3]:363
[0]:177584812 [1]:31894124 [2]:151 [3]:374
[0]:177793925 [1]:31925166 [2]:151 [3]:360
[0]:178018603 [1]:31958610 [2]:151 [3]:369
[0]:178231188 [1]:31990104 [2]:151 [3]:364
[0]:178444086 [1]:32021843 [2]:151 [3]:368
[0]:178656990 [1]:32053344 [2]:151 [3]:367
[0]:178853863 [1]:32082527 [2]:151 [3]:358
[0]:179058987 [1]:32112865 [2]:151 [3]:368
[0]:179291417 [1]:32147387 [2]:151 [3]:357
[0]:179508172 [1]:32179531 [2]:151 [3]:371
[0]:179713000 [1]:32210010 [2]:151 [3]:360
[0]:179917865 [1]:32240466 [2]:151 [3]:78
[0]:180122640 [1]:32270770 [2]:151 [3]:362
[0]:180330908 [1]:32301602 [2]:151 [3]:360
[0]:180536762 [1]:32332110 [2]:151 [3]:366
[0]:180745504 [1]:32363238 [2]:151 [3]:362
[0]:180951839 [1]:32393862 [2]:151 [3]:374
[0]:181162089 [1]:32425135 [2]:151 [3]:369
[0]:181367920 [1]:32455570 [2]:151 [3]:365
[0]:181566102 [1]:32484924 [2]:151 [3]:369
[0]:181789765 [1]:32518230 [2]:151 [3]:369
[0]:181994841 [1]:32548684 [2]:151 [3]:366
[0]:182197785 [1]:32578734 [2]:151 [3]:72
[0]:182400729 [1]:32608732 [2]:151 [3]:361
[0]:182629361 [1]:32642615 [2]:151 [3]:369
[0]:182842102 [1]:32674230 [2]:151 [3]:368
[0]:183050901 [1]:32705142 [2]:151 [3]:353
[0]:183255864 [1]:32735528 [2]:151 [3]:373
[0]:183456826 [1]:32765387 [2]:151 [3]:364
[0]:183674660 [1]:32797619 [2]:151 [3]:84
[0]:183871118 [1]:32832003 [2]:151 [3]:365
