[0]:61217794 [1]:9696279 [2]:152 [3]:357
[0]:61415647 [1]:9741971 [2]:152 [3]:368
[0]:61609683 [1]:9786766 [2]:152 [3]:59
[0]:61801958 [1]:9831147 [2]:152 [3]:354
[0]:62005138 [1]:9878053 [2]:152 [3]:360
[0]:62214361 [1]:9926421 [2]:152 [3]:55
[0]:62446633 [1]:9980124 [2]:152 [3]:57
[0]:62634314 [1]:10023388 [2]:152 [3]:62
[0]:62830176 [1]:10068637 [2]:152 [3]:360
[0]:63046725 [1]:10118740 [2]:152 [3]:359
[0]:63244641 [1]:10164473 [2]:152 [3]:362
[0]:63427844 [1]:10206745 [2]:152 [3]:362
[0]:63625237 [1]:10252224 [2]:152 [3]:60
[0]:63826870 [1]:10298831 [2]:152 [3]:59
[0]:64033109 [1]:10346579 [2]:164 [3]:363
[0]:64258428 [1]:10398637 [2]:164 [3]:359
[0]:64453831 [1]:10443752 [2]:164 [3]:360
[0]:64649162 [1]:10488914 [2]:164 [3]:359
[0]:64849260 [1]:10535111 [2]:164 [3]:366
[0]:65036060 [1]:10578294 [2]:164 [3]:363
[0]:65237608 [1]:10624906 [2]:164 [3]:359
[0]:65431772 [1]:10669689 [2]:164 [3]:367
[0]:65643366 [1]:10718564 [2]:164 [3]:55
[0]:65853487 [1]:10767081 [2]:164 [3]:361
[0]:66049033 [1]:10812267 [2]:164 [3]:364
[0]:66245318 [1]:10857599 [2]:164 [3]:57
[0]:66461828 [1]:10907617 [2]:164 [3]:363
[0]:66658833 [1]:10953128 [2]:164 [3]:360
[0]:66863117 [1]:11000259 [2]:166 [3]:360
[0]:67066537 [1]:11047289 [2]:166 [3]:356
[0]:67264375 [1]:11092950 [2]:166 [3]:360
[0]:67501822 [1]:11147785 [2]:166 [3]:363
[0]:67704770 [1]:11194703 [2]:166 [3]:366
[0]:67898924 [1]:11239581 [2]:166 [3]:54
[0]:68104236 [1]:11287040 [2]:166 [3]:356
[0]:68294592 [1]:11330948 [2]:166 [3]:353
[0]:68488675 [1]:11375767 [2]:166 [3]:365
[0]:68685821 [1]:11421312 [2]:166 [3]:367
[0]:68879352 [1]:11466046 [2]:166 [3]:360
[0]:69090617 [1]:11514886 [2]:166 [3]:356
[0]:69285962 [1]:11560063 [2]:166 [3]:362
[0]:69507654 [1]:11611384 [2]:166 [3]:359
[0]:69697260 [1]:11655248 [2]:167 [3]:359
[0]:69891612 [1]:11700130 [2]:167 [3]:363
[0]:70105402 [1]:11749499 [2]:167 [3]:363
[0]:70292284 [1]:11792679 [2]:167 [3]:358
[0]:70492828 [1]:11839047 [2]:167 [3]:362
[0]:70686621 [1]:11883860 [2]:167 [3]:72
[0]:70884872 [1]:11929686 [2]:167 [3]:358
[0]:71090061 [1]:11977024 [2]:167 [3]:362
[0]:71290242 [1]:12023235 [2]:167 [3]:60
[0]:71483444 [1]:12067865 [2]:167 [3]:359
[0]:71713368 [1]:12121005 [2]:167 [3]:358
[0]:71906062 [1]:12165436 [2]:167 [3]:69
[0]:72112143 [1]:12213041 [2]:167 [3]:354
[0]:72351721 [1]:12268410 [2]:167 [3]:62
[0]:72545683 [1]:12313218 [2]:167 [3]:65
[0]:72739796 [1]:12358086 [2]:167 [3]:358
[0]:72933768 [1]:12402832 [2]:167 [3]:368
[0]:73127923 [1]:12447728 [2]:167 [3]:73
[0]:73321929 [1]:12492532 [2]:167 [3]:360
[0]:73538571 [1]:12542577 [2]:167 [3]:358
[0]:73736295 [1]:12588277 [2]:167 [3]:367
[0]:73938924 [1]:12635015 [2]:167 [3]:360
[0]:74133565 [1]:12680103 [2]:167 [3]:56
[0]:74345459 [1]:12729043 [2]:167 [3]:361
[0]:74561263 [1]:12778918 [2]:167 [3]:360
[0]:74762878 [1]:12825437 [2]:167 [3]:359
[0]:74971818 [1]:12873682 [2]:167 [3]:362
[0]:75203164 [1]:12927181 [2]:167 [3]:363
[0]:75397199 [1]:12971999 [2]:167 [3]:365
[0]:75585615 [1]:13015599 [2]:167 [3]:358
[0]:75781778 [1]:13060877 [2]:167 [3]:356
