[0]:0 [1]:0 [2]:0 [3]:0
[0]:0 [1]:0 [2]:0 [3]:0
[0]:0 [1]:0 [2]:0 [3]:0
[0]:0 [1]:0 [2]:0 [3]:0
[0]:1047421 [1]:0 [2]:0 [3]:8
[0]:2760207 [1]:0 [2]:0 [3]:9
[0]:4482208 [1]:0 [2]:0 [3]:33
[0]:6199391 [1]:0 [2]:0 [3]:30
[0]:8032203 [1]:0 [2]:0 [3]:11
[0]:10156119 [1]:0 [2]:0 [3]:28
[0]:12170368 [1]:0 [2]:0 [3]:30
[0]:14276424 [1]:0 [2]:0 [3]:33
[0]:16263200 [1]:0 [2]:0 [3]:33
[0]:18266664 [1]:0 [2]:0 [3]:10
[0]:20204010 [1]:0 [2]:0 [3]:9
[0]:22157537 [1]:0 [2]:0 [3]:9
[0]:24016509 [1]:0 [2]:0 [3]:29
[0]:25915616 [1]:0 [2]:0 [3]:30
[0]:27906649 [1]:0 [2]:0 [3]:13
[0]:29871958 [1]:0 [2]:0 [3]:7
[0]:31741924 [1]:0 [2]:0 [3]:8
[0]:33667483 [1]:0 [2]:0 [3]:30
[0]:35745168 [1]:0 [2]:0 [3]:33
[0]:37741684 [1]:0 [2]:0 [3]:8
[0]:39681073 [1]:0 [2]:0 [3]:11
[0]:42190355 [1]:0 [2]:0 [3]:11
[0]:44117349 [1]:0 [2]:0 [3]:11
[0]:45980726 [1]:0 [2]:0 [3]:13
[0]:47880158 [1]:0 [2]:0 [3]:9
[0]:49645300 [1]:0 [2]:0 [3]:29
[0]:51387917 [1]:0 [2]:0 [3]:8
[0]:53133330 [1]:0 [2]:0 [3]:11
[0]:54793826 [1]:0 [2]:0 [3]:13
[0]:56529735 [1]:0 [2]:0 [3]:11
[0]:58195312 [1]:0 [2]:0 [3]:10
[0]:59912689 [1]:0 [2]:0 [3]:8
[0]:61675742 [1]:0 [2]:0 [3]:9
[0]:63453017 [1]:0 [2]:0 [3]:27
[0]:65223372 [1]:0 [2]:0 [3]:12
[0]:67035036 [1]:0 [2]:0 [3]:10
[0]:68812489 [1]:0 [2]:0 [3]:28
[0]:70585048 [1]:0 [2]:0 [3]:31
[0]:72937149 [1]:0 [2]:0 [3]:10
[0]:74963145 [1]:0 [2]:0 [3]:7
[0]:76858395 [1]:0 [2]:0 [3]:12
[0]:78561767 [1]:0 [2]:0 [3]:9
[0]:80245838 [1]:0 [2]:0 [3]:12
[0]:82134522 [1]:0 [2]:0 [3]:10
[0]:83827840 [1]:0 [2]:0 [3]:27
[0]:85490810 [1]:0 [2]:0 [3]:8
[0]:87205270 [1]:0 [2]:0 [3]:10
[0]:89010729 [1]:0 [2]:0 [3]:13
[0]:90720356 [1]:0 [2]:0 [3]:8
[0]:92500714 [1]:0 [2]:0 [3]:28
[0]:94302293 [1]:0 [2]:0 [3]:34
[0]:96447815 [1]:0 [2]:0 [3]:11
[0]:98492940 [1]:0 [2]:0 [3]:10
[0]:100963312 [1]:0 [2]:0 [3]:29
[0]:103127104 [1]:0 [2]:0 [3]:29
[0]:105266010 [1]:0 [2]:0 [3]:25
[0]:107200440 [1]:0 [2]:0 [3]:29
[0]:109067948 [1]:0 [2]:0 [3]:31
[0]:110929779 [1]:0 [2]:0 [3]:10
[0]:112800886 [1]:0 [2]:0 [3]:9
[0]:114744889 [1]:0 [2]:0 [3]:8
[0]:116688729 [1]:0 [2]:0 [3]:32
[0]:118674518 [1]:0 [2]:0 [3]:29
[0]:120599221 [1]:0 [2]:0 [3]:12
[0]:122568765 [1]:0 [2]:0 [3]:12
[0]:124490515 [1]:0 [2]:0 [3]:12
[0]:126385885 [1]:0 [2]:0 [3]:12
[0]:128197843 [1]:0 [2]:0 [3]:8
[0]:130167384 [1]:0 [2]:0 [3]:9
[0]:132079686 [1]:0 [2]:0 [3]:8
[0]:134022393 [1]:0 [2]:0 [3]:8
[0]:135246759 [1]:492349 [2]:7 [3]:13
[0]:136404205 [1]:1082477 [2]:7 [3]:15
[0]:137493791 [1]:1640852 [2]:7 [3]:10
[0]:138492786 [1]:2151337 [2]:7 [3]:9
[0]:139889220 [1]:2867452 [2]:7 [3]:50
[0]:140958467 [1]:3415379 [2]:7 [3]:52
[0]:142123673 [1]:4012792 [2]:7 [3]:12
[0]:143181745 [1]:4554271 [2]:7 [3]:7
[0]:144190554 [1]:5070245 [2]:7 [3]:45
[0]:145190758 [1]:5576246 [2]:7 [3]:13
[0]:146204978 [1]:6093484 [2]:7 [3]:14
[0]:147278033 [1]:6640006 [2]:7 [3]:20
[0]:148354856 [1]:7189924 [2]:7 [3]:15
[0]:149381304 [1]:7710285 [2]:7 [3]:13
[0]:150394004 [1]:8227998 [2]:7 [3]:50
[0]:151516096 [1]:8801392 [2]:7 [3]:13
[0]:152950942 [1]:9533270 [2]:7 [3]:14
[0]:154221506 [1]:10182451 [2]:7 [3]:16
[0]:155449658 [1]:10812476 [2]:7 [3]:12
[0]:156515911 [1]:11362039 [2]:7 [3]:11
[0]:157548920 [1]:11892975 [2]:7 [3]:15
[0]:158585031 [1]:12424320 [2]:7 [3]:16
[0]:159631484 [1]:12960552 [2]:7 [3]:9
[0]:160674243 [1]:13498880 [2]:7 [3]:11
[0]:161700337 [1]:14027403 [2]:7 [3]:13
[0]:163042168 [1]:14709486 [2]:7 [3]:51
[0]:164073793 [1]:15238252 [2]:7 [3]:15
[0]:165130071 [1]:15773531 [2]:7 [3]:51
[0]:166169350 [1]:16301031 [2]:7 [3]:53
[0]:167208567 [1]:16833990 [2]:7 [3]:51
[0]:168292045 [1]:17383662 [2]:7 [3]:52
[0]:169553748 [1]:18029566 [2]:7 [3]:11
[0]:170809169 [1]:18674039 [2]:7 [3]:51
[0]:171998413 [1]:19284243 [2]:7 [3]:13
[0]:173388304 [1]:19992885 [2]:7 [3]:8
[0]:174616448 [1]:20620896 [2]:7 [3]:49
[0]:175768136 [1]:21210029 [2]:7 [3]:55
[0]:176942104 [1]:21811629 [2]:7 [3]:58
[0]:178374474 [1]:22551605 [2]:7 [3]:52
[0]:179555563 [1]:23156008 [2]:7 [3]:49
[0]:180679954 [1]:23734854 [2]:7 [3]:13
[0]:181772279 [1]:24294705 [2]:7 [3]:11
[0]:183089854 [1]:24968204 [2]:7 [3]:9
[0]:184216451 [1]:25539028 [2]:7 [3]:15
[0]:185322496 [1]:26103446 [2]:7 [3]:15
[0]:186473490 [1]:26691540 [2]:7 [3]:10
[0]:187677011 [1]:27309008 [2]:7 [3]:12
[0]:188979320 [1]:27969804 [2]:7 [3]:56
[0]:190122476 [1]:28555815 [2]:7 [3]:10
[0]:191293347 [1]:29153437 [2]:7 [3]:18
[0]:192452721 [1]:29749557 [2]:7 [3]:51
[0]:193610220 [1]:30338902 [2]:7 [3]:16
[0]:194621260 [1]:30850369 [2]:7 [3]:11
[0]:195610713 [1]:31356712 [2]:7 [3]:15
[0]:196628634 [1]:31873100 [2]:7 [3]:30
[0]:197710217 [1]:32428059 [2]:7 [3]:51
[0]:198711081 [1]:32939623 [2]:7 [3]:11
[0]:199755053 [1]:33478059 [2]:7 [3]:10
[0]:200806513 [1]:34016008 [2]:7 [3]:9
[0]:201797198 [1]:34524654 [2]:7 [3]:8
[0]:202849577 [1]:35062656 [2]:7 [3]:11
[0]:203854086 [1]:35577397 [2]:7 [3]:51
[0]:204905816 [1]:36111498 [2]:7 [3]:46
[0]:205923670 [1]:36633277 [2]:7 [3]:12
[0]:206965549 [1]:37166191 [2]:7 [3]:19
[0]:208030626 [1]:37711994 [2]:7 [3]:9
[0]:209472380 [1]:38446142 [2]:7 [3]:13
