[0]:738078580 [1]:444568466 [2]:7 [3]:13
[0]:739111735 [1]:445096550 [2]:7 [3]:53
[0]:740198437 [1]:445650330 [2]:7 [3]:14
[0]:741216802 [1]:446179784 [2]:7 [3]:17
[0]:742217957 [1]:446694411 [2]:7 [3]:14
[0]:743199170 [1]:447201919 [2]:7 [3]:57
[0]:744176064 [1]:447704044 [2]:7 [3]:11
[0]:745169191 [1]:448213271 [2]:7 [3]:10
[0]:746368884 [1]:448834836 [2]:7 [3]:11
[0]:747396782 [1]:449364840 [2]:7 [3]:12
[0]:748618867 [1]:449989845 [2]:7 [3]:13
[0]:749905953 [1]:450651588 [2]:7 [3]:50
[0]:751043958 [1]:451232647 [2]:7 [3]:54
[0]:752101953 [1]:451775703 [2]:7 [3]:52
[0]:753151238 [1]:452312589 [2]:7 [3]:11
[0]:754416020 [1]:452959766 [2]:7 [3]:51
[0]:755369221 [1]:453445400 [2]:7 [3]:54
[0]:756362059 [1]:453959995 [2]:7 [3]:10
[0]:757565995 [1]:454576959 [2]:7 [3]:9
[0]:758593510 [1]:455099651 [2]:7 [3]:11
[0]:759614834 [1]:455628454 [2]:7 [3]:17
[0]:760734053 [1]:456200363 [2]:7 [3]:13
[0]:761786721 [1]:456738109 [2]:7 [3]:50
[0]:762990351 [1]:457352714 [2]:7 [3]:10
[0]:764026980 [1]:457883589 [2]:7 [3]:10
[0]:765597208 [1]:458692198 [2]:7 [3]:12
[0]:766969665 [1]:459394465 [2]:7 [3]:12
[0]:768245047 [1]:460050119 [2]:7 [3]:54
[0]:769428134 [1]:460656845 [2]:7 [3]:14
[0]:770599291 [1]:461259421 [2]:7 [3]:52
[0]:771674607 [1]:461815728 [2]:7 [3]:55
[0]:772809075 [1]:462400037 [2]:7 [3]:11
[0]:773990072 [1]:463001943 [2]:7 [3]:15
[0]:775208272 [1]:463624486 [2]:7 [3]:12
[0]:776353904 [1]:464216399 [2]:7 [3]:13
[0]:777503464 [1]:464807735 [2]:7 [3]:52
[0]:778602267 [1]:465371661 [2]:7 [3]:16
[0]:779769657 [1]:465974475 [2]:7 [3]:12
[0]:780953926 [1]:466581909 [2]:7 [3]:54
[0]:782126679 [1]:467184698 [2]:7 [3]:55
[0]:783287420 [1]:467787367 [2]:7 [3]:53
[0]:784458091 [1]:468383902 [2]:7 [3]:8
[0]:785641916 [1]:468993418 [2]:7 [3]:54
[0]:786798119 [1]:469585851 [2]:7 [3]:13
[0]:787980049 [1]:470198151 [2]:7 [3]:12
[0]:789154403 [1]:470798939 [2]:7 [3]:12
[0]:790271010 [1]:471372172 [2]:7 [3]:52
[0]:791273944 [1]:471888573 [2]:7 [3]:15
[0]:792315333 [1]:472425213 [2]:7 [3]:52
[0]:793283027 [1]:472922541 [2]:7 [3]:13
[0]:794298014 [1]:473445897 [2]:7 [3]:53
[0]:795279255 [1]:473944616 [2]:7 [3]:52
[0]:796279975 [1]:474459072 [2]:7 [3]:16
[0]:797322783 [1]:474991679 [2]:7 [3]:19
[0]:798373111 [1]:475525462 [2]:7 [3]:60
[0]:799581778 [1]:476148166 [2]:7 [3]:6
[0]:800584387 [1]:476662437 [2]:7 [3]:15
[0]:801579818 [1]:477174421 [2]:7 [3]:14
[0]:802591963 [1]:477696786 [2]:7 [3]:11
[0]:803643103 [1]:478232180 [2]:7 [3]:48
[0]:804978923 [1]:478925832 [2]:7 [3]:52
[0]:806260800 [1]:479586182 [2]:7 [3]:16
[0]:807550087 [1]:480245183 [2]:7 [3]:50
[0]:808582212 [1]:480775816 [2]:7 [3]:60
[0]:809602214 [1]:481305357 [2]:7 [3]:12
[0]:810670935 [1]:481853174 [2]:7 [3]:55
[0]:811912337 [1]:482491698 [2]:7 [3]:12
[0]:812920484 [1]:483009227 [2]:7 [3]:11
[0]:813895491 [1]:483510463 [2]:7 [3]:14
[0]:814877079 [1]:484015936 [2]:7 [3]:13
[0]:816163151 [1]:484677991 [2]:7 [3]:13
[0]:817148767 [1]:485184187 [2]:7 [3]:60
[0]:818146390 [1]:485698060 [2]:7 [3]:52
[0]:819451257 [1]:486367502 [2]:7 [3]:8
[0]:820494218 [1]:486898857 [2]:7 [3]:9
[0]:821768994 [1]:487549496 [2]:7 [3]:55
[0]:822997396 [1]:488185102 [2]:7 [3]:15
[0]:824286921 [1]:488844540 [2]:7 [3]:50
[0]:825458644 [1]:489448163 [2]:7 [3]:55
[0]:826602888 [1]:490039678 [2]:7 [3]:17
[0]:827737056 [1]:490623568 [2]:7 [3]:12
[0]:828858348 [1]:491203256 [2]:7 [3]:10
[0]:830170900 [1]:491873500 [2]:7 [3]:56
[0]:831297280 [1]:492453572 [2]:7 [3]:11
[0]:832491769 [1]:493067568 [2]:7 [3]:49
[0]:833599499 [1]:493632149 [2]:7 [3]:12
[0]:834776063 [1]:494236235 [2]:7 [3]:56
[0]:835956062 [1]:494844892 [2]:7 [3]:12
[0]:837137667 [1]:495450471 [2]:7 [3]:10
[0]:838290484 [1]:496042344 [2]:7 [3]:15
[0]:839418085 [1]:496624114 [2]:7 [3]:51
[0]:840547416 [1]:497201865 [2]:7 [3]:13
[0]:841689121 [1]:497791377 [2]:7 [3]:48
[0]:842852062 [1]:498389942 [2]:7 [3]:16
[0]:844074924 [1]:499017158 [2]:7 [3]:15
[0]:845252945 [1]:499624537 [2]:7 [3]:14
[0]:846327820 [1]:500176508 [2]:7 [3]:9
[0]:847450560 [1]:500755833 [2]:7 [3]:14
[0]:848449535 [1]:501268436 [2]:7 [3]:55
[0]:849441900 [1]:501781782 [2]:7 [3]:8
[0]:850511174 [1]:502330966 [2]:7 [3]:12
[0]:851534533 [1]:502861505 [2]:7 [3]:42
[0]:852694323 [1]:503458281 [2]:7 [3]:9
[0]:853694640 [1]:503967294 [2]:7 [3]:12
[0]:854817654 [1]:504542100 [2]:7 [3]:13
[0]:855891346 [1]:505094284 [2]:7 [3]:53
[0]:857096362 [1]:505714675 [2]:7 [3]:11
[0]:858341482 [1]:506351025 [2]:7 [3]:55
[0]:859367349 [1]:506874656 [2]:7 [3]:11
[0]:860649447 [1]:507528535 [2]:7 [3]:15
[0]:861930864 [1]:508190085 [2]:7 [3]:45
[0]:863365822 [1]:508930006 [2]:7 [3]:54
[0]:864393231 [1]:509461098 [2]:7 [3]:52
[0]:865397119 [1]:509976250 [2]:7 [3]:15
[0]:866550397 [1]:510569390 [2]:7 [3]:14
[0]:867565996 [1]:511087961 [2]:7 [3]:12
[0]:868597306 [1]:511618885 [2]:7 [3]:52
[0]:869660581 [1]:512163569 [2]:7 [3]:9
[0]:870674180 [1]:512682971 [2]:7 [3]:47
[0]:871697059 [1]:513211197 [2]:7 [3]:15
[0]:872675768 [1]:513714596 [2]:7 [3]:53
[0]:873655383 [1]:514220880 [2]:7 [3]:50
[0]:874713713 [1]:514766091 [2]:7 [3]:15
[0]:875782218 [1]:515319198 [2]:7 [3]:49
[0]:876817247 [1]:515848460 [2]:7 [3]:51
[0]:878076772 [1]:516496414 [2]:7 [3]:14
[0]:879327173 [1]:517137668 [2]:7 [3]:12
[0]:880562654 [1]:517774270 [2]:7 [3]:53
[0]:881711319 [1]:518371002 [2]:7 [3]:52
[0]:882852714 [1]:518955034 [2]:7 [3]:55
[0]:884012271 [1]:519551380 [2]:7 [3]:10
[0]:885173972 [1]:520148406 [2]:7 [3]:12
[0]:886448237 [1]:520809592 [2]:7 [3]:15
[0]:887595903 [1]:521393742 [2]:7 [3]:53
[0]:888751832 [1]:521988702 [2]:7 [3]:49
[0]:889900385 [1]:522573689 [2]:7 [3]:13
[0]:891056013 [1]:523167121 [2]:7 [3]:16
[0]:892229524 [1]:523765697 [2]:7 [3]:14
[0]:893373791 [1]:524350592 [2]:7 [3]:56
[0]:894529020 [1]:524948357 [2]:7 [3]:13
[0]:895949347 [1]:525675844 [2]:7 [3]:15
[0]:897110598 [1]:526273838 [2]:7 [3]:50
[0]:898270271 [1]:526870958 [2]:7 [3]:50
[0]:899403634 [1]:527449738 [2]:7 [3]:16
[0]:900552052 [1]:528044758 [2]:7 [3]:49
[0]:901943058 [1]:528761502 [2]:7 [3]:56
