[0]:142824228 [1]:20282373 [2]:105 [3]:360
[0]:143042716 [1]:20306731 [2]:105 [3]:107
[0]:143245549 [1]:20329398 [2]:105 [3]:364
[0]:143486056 [1]:20355899 [2]:105 [3]:79
[0]:143713257 [1]:20380880 [2]:105 [3]:373
[0]:143914157 [1]:20403055 [2]:105 [3]:361
[0]:144121848 [1]:20426111 [2]:104 [3]:374
[0]:144332105 [1]:20449395 [2]:104 [3]:375
[0]:144537063 [1]:20472155 [2]:104 [3]:374
[0]:144748372 [1]:20495644 [2]:104 [3]:360
[0]:144978541 [1]:20521198 [2]:104 [3]:84
[0]:145176121 [1]:20543085 [2]:104 [3]:85
[0]:145380878 [1]:20565853 [2]:104 [3]:92
[0]:145589630 [1]:20589026 [2]:104 [3]:79
[0]:145794899 [1]:20611734 [2]:104 [3]:360
[0]:145996023 [1]:20633998 [2]:104 [3]:365
[0]:146212876 [1]:20658095 [2]:102 [3]:379
[0]:146433466 [1]:20682551 [2]:102 [3]:75
[0]:146638612 [1]:20705198 [2]:102 [3]:362
[0]:146836393 [1]:20727124 [2]:102 [3]:359
[0]:147044735 [1]:20750099 [2]:102 [3]:109
[0]:147251830 [1]:20772902 [2]:102 [3]:368
[0]:147458342 [1]:20795959 [2]:102 [3]:80
[0]:147671457 [1]:20819760 [2]:102 [3]:361
[0]:147876642 [1]:20842503 [2]:102 [3]:78
[0]:148077655 [1]:20864794 [2]:102 [3]:367
[0]:148291443 [1]:20888445 [2]:102 [3]:362
[0]:148499671 [1]:20911572 [2]:101 [3]:361
[0]:148704724 [1]:20934260 [2]:101 [3]:351
[0]:148917415 [1]:20957784 [2]:101 [3]:368
[0]:149138044 [1]:20982124 [2]:101 [3]:375
[0]:149345171 [1]:21005456 [2]:101 [3]:362
[0]:149540431 [1]:21027121 [2]:101 [3]:94
[0]:149744183 [1]:21049756 [2]:101 [3]:358
[0]:149946572 [1]:21072176 [2]:101 [3]:361
[0]:150167325 [1]:21096629 [2]:101 [3]:365
[0]:150368334 [1]:21118848 [2]:101 [3]:365
[0]:150573147 [1]:21141576 [2]:101 [3]:83
[0]:150786057 [1]:21165200 [2]:100 [3]:72
[0]:150995225 [1]:21188244 [2]:100 [3]:92
[0]:151196474 [1]:21210757 [2]:100 [3]:85
[0]:151413447 [1]:21234774 [2]:100 [3]:79
[0]:151614016 [1]:21257076 [2]:100 [3]:90
[0]:151821968 [1]:21280029 [2]:100 [3]:359
[0]:152024487 [1]:21302406 [2]:100 [3]:93
[0]:152255317 [1]:21327796 [2]:100 [3]:366
[0]:152462410 [1]:21350652 [2]:100 [3]:86
[0]:152667539 [1]:21373187 [2]:100 [3]:369
[0]:152888281 [1]:21397562 [2]:99 [3]:362
[0]:153085721 [1]:21419306 [2]:99 [3]:79
[0]:153294642 [1]:21442549 [2]:99 [3]:363
[0]:153503002 [1]:21465447 [2]:99 [3]:88
[0]:153774469 [1]:21495631 [2]:99 [3]:88
[0]:153980719 [1]:21518376 [2]:99 [3]:369
[0]:154189929 [1]:21541455 [2]:99 [3]:362
[0]:154442794 [1]:21569246 [2]:99 [3]:82
[0]:154639330 [1]:21590793 [2]:99 [3]:360
[0]:154839149 [1]:21612857 [2]:99 [3]:369
[0]:155038724 [1]:21635098 [2]:99 [3]:373
[0]:155250519 [1]:21658859 [2]:99 [3]:95
[0]:155459529 [1]:21682106 [2]:99 [3]:113
[0]:155675955 [1]:21706577 [2]:99 [3]:76
[0]:155889019 [1]:21730127 [2]:99 [3]:83
[0]:156094048 [1]:21752681 [2]:99 [3]:360
[0]:156306953 [1]:21776247 [2]:99 [3]:368
[0]:156512241 [1]:21798912 [2]:99 [3]:358
[0]:156737080 [1]:21823669 [2]:99 [3]:353
[0]:156946011 [1]:21846636 [2]:99 [3]:107
[0]:157147349 [1]:21868811 [2]:99 [3]:365
[0]:157393880 [1]:21896200 [2]:99 [3]:363
[0]:157600849 [1]:21919046 [2]:99 [3]:369
[0]:157809749 [1]:21942264 [2]:99 [3]:370
[0]:158018167 [1]:21965401 [2]:99 [3]:366
[0]:158235507 [1]:21989598 [2]:99 [3]:370
[0]:158448601 [1]:22013124 [2]:99 [3]:90
[0]:158648599 [1]:22035376 [2]:99 [3]:372
[0]:158858837 [1]:22058609 [2]:99 [3]:111
[0]:159082772 [1]:22083862 [2]:99 [3]:97
[0]:159315265 [1]:22109744 [2]:99 [3]:103
[0]:159524468 [1]:22132898 [2]:99 [3]:372
[0]:159733018 [1]:22155845 [2]:99 [3]:79
[0]:159938661 [1]:22178461 [2]:99 [3]:360
[0]:160151646 [1]:22202081 [2]:99 [3]:360
[0]:160359105 [1]:22225215 [2]:99 [3]:366
[0]:160569411 [1]:22248499 [2]:99 [3]:96
[0]:160778255 [1]:22271765 [2]:99 [3]:76
[0]:160994512 [1]:22295997 [2]:99 [3]:363
[0]:161199926 [1]:22318792 [2]:99 [3]:91
[0]:161405077 [1]:22341405 [2]:99 [3]:82
[0]:161641497 [1]:22367557 [2]:99 [3]:92
[0]:161854609 [1]:22390961 [2]:99 [3]:365
[0]:162071614 [1]:22415002 [2]:99 [3]:365
[0]:162283976 [1]:22438511 [2]:99 [3]:83
[0]:162489199 [1]:22461126 [2]:99 [3]:368
[0]:162718099 [1]:22486436 [2]:99 [3]:366
[0]:162927240 [1]:22509588 [2]:99 [3]:373
[0]:163140051 [1]:22533366 [2]:99 [3]:70
[0]:163360589 [1]:22557986 [2]:99 [3]:365
[0]:163577228 [1]:22581938 [2]:99 [3]:368
[0]:163798589 [1]:22606394 [2]:99 [3]:85
[0]:164007104 [1]:22629760 [2]:99 [3]:376
[0]:164212385 [1]:22652403 [2]:99 [3]:85
[0]:164428949 [1]:22676468 [2]:99 [3]:81
[0]:164638194 [1]:22699549 [2]:99 [3]:74
[0]:164854959 [1]:22723565 [2]:99 [3]:85
[0]:165050350 [1]:22745173 [2]:99 [3]:67
[0]:165338092 [1]:22776845 [2]:99 [3]:370
[0]:165537329 [1]:22798805 [2]:99 [3]:84
[0]:165745861 [1]:22821837 [2]:99 [3]:358
[0]:165954848 [1]:22845018 [2]:99 [3]:364
[0]:166168156 [1]:22868939 [2]:99 [3]:72
[0]:166372894 [1]:22891960 [2]:99 [3]:367
[0]:166613505 [1]:22918433 [2]:99 [3]:369
[0]:166812392 [1]:22940282 [2]:99 [3]:366
[0]:167019812 [1]:22963239 [2]:99 [3]:80
[0]:167225417 [1]:22986161 [2]:99 [3]:73
[0]:167424877 [1]:23008391 [2]:99 [3]:352
[0]:167650404 [1]:23033384 [2]:99 [3]:376
[0]:167859323 [1]:23056545 [2]:99 [3]:89
[0]:168075874 [1]:23080795 [2]:99 [3]:81
[0]:168284994 [1]:23103999 [2]:99 [3]:89
[0]:168551401 [1]:23133639 [2]:99 [3]:80
[0]:168753369 [1]:23155948 [2]:99 [3]:362
[0]:168970836 [1]:23180113 [2]:99 [3]:84
[0]:169179956 [1]:23203255 [2]:99 [3]:92
[0]:169385159 [1]:23225886 [2]:99 [3]:75
[0]:169594022 [1]:23248918 [2]:99 [3]:354
[0]:169799083 [1]:23271606 [2]:99 [3]:93
[0]:170004411 [1]:23294282 [2]:99 [3]:369
[0]:170211696 [1]:23317371 [2]:99 [3]:368
[0]:170438413 [1]:23342432 [2]:99 [3]:367
[0]:170639261 [1]:23364648 [2]:99 [3]:376
[0]:170848268 [1]:23387665 [2]:99 [3]:365
[0]:171056369 [1]:23410993 [2]:99 [3]:367
[0]:171273395 [1]:23435077 [2]:99 [3]:98
[0]:171486674 [1]:23458544 [2]:99 [3]:82
[0]:171692103 [1]:23481156 [2]:99 [3]:370
[0]:171948237 [1]:23509625 [2]:99 [3]:352
[0]:172156989 [1]:23532787 [2]:99 [3]:352
